<?xml version="1.0" encoding="UTF-8"?>
<robot generator="Robot 7.0 (Python 3.12.2 on linux)" generated="2024-03-24T19:12:21.512367" rpa="false" schemaversion="5">
<suite id="s1" name="Tests" source="/home/runner/work/DesafioQAItauRogerioJordao/DesafioQAItauRogerioJordao/RamdonUser/tests">
<suite id="s1-s1" name="Random-User-Test" source="/home/runner/work/DesafioQAItauRogerioJordao/DesafioQAItauRogerioJordao/RamdonUser/tests/random-user-test.robot">
<test id="s1-s1-t1" name="Conectar" line="13">
<kw name="Conectar API" owner="random-user-service">
<kw name="Create Session" owner="RequestsLibrary">
<msg time="2024-03-24T19:12:21.922910" level="INFO">Creating Session using : alias=consultarAPI, url=https://randomuser.me/, headers={},                     cookies={}, auth=None, timeout=None, proxies=None, verify=False,                     debug=0 </msg>
<arg>consultarAPI</arg>
<arg>${URL}</arg>
<doc>Create Session: create a HTTP session to a server</doc>
<status status="PASS" start="2024-03-24T19:12:21.922704" elapsed="0.000371"/>
</kw>
<status status="PASS" start="2024-03-24T19:12:21.921763" elapsed="0.001667"/>
</kw>
<status status="PASS" start="2024-03-24T19:12:21.921218" elapsed="0.002418"/>
</test>
<test id="s1-s1-t2" name="Validar retorno 200 e JSON Válido" line="16">
<kw name="Teste de Requisicao Basica" owner="random-user-service">
<kw name="GET On Session" owner="RequestsLibrary">
<msg time="2024-03-24T19:12:22.004294" level="INFO">GET Request : url=https://randomuser.me/api 
 path_url=/api 
 headers={'User-Agent': 'python-requests/2.31.0', 'Accept-Encoding': 'gzip, deflate', 'Accept': '*/*', 'Connection': 'keep-alive'} 
 body=None 
 </msg>
<msg time="2024-03-24T19:12:22.004422" level="INFO">GET Response : url=https://randomuser.me/api 
 status=200, reason=OK 
 headers={'Date': 'Sun, 24 Mar 2024 19:12:22 GMT', 'Content-Type': 'application/json; charset=utf-8', 'Transfer-Encoding': 'chunked', 'Connection': 'keep-alive', 'X-Powered-By': 'Express', 'Access-Control-Allow-Origin': '*', 'Cache-Control': 'no-cache', 'ETag': 'W/"492-sfRAgQr0vQrfVBeMkizwEmByisM"', 'Vary': 'Accept-Encoding', 'Content-Encoding': 'gzip', 'CF-Cache-Status': 'DYNAMIC', 'Report-To': '{"endpoints":[{"url":"https:\\/\\/a.nel.cloudflare.com\\/report\\/v4?s=Q%2B%2FYGTTs8M8g5iMNtOefdD3BkMqYIeQvb0bgZGfg%2FWkiFsdAqkXXl79t%2FyIFjEURH7bt90%2F4NOH%2FQyzUaOfneqsds1Yyooihuf7S4uYy6pmphfyo%2BZzXHcj4Gu2qQIT3"}],"group":"cf-nel","max_age":604800}', 'NEL': '{"success_fraction":0,"report_to":"cf-nel","max_age":604800}', 'Server': 'cloudflare', 'CF-RAY': '8698f8e94b1f2021-IAD', 'alt-svc': 'h3=":443"; ma=86400'} 
 body={"results":[{"gender":"female","name":{"title":"Miss","first":"Clara","last":"Liu"},"location":{"street":{"number":6781,"name":"Pine Rd"},"city":"Vanier","state":"Québec","country":"Canada","postcode":"R9G 3O7","coordinates":{"latitude":"-70.0676","longitude":"63.9589"},"timezone":{"offset":"+5:00","description":"Ekaterinburg, Islamabad, Karachi, Tashkent"}},"email":"clara.liu@example.com","login":{"uuid":"585aabec-86d0-4ddf-8c28-6f40710f163c","username":"orangegorilla961","password":"billbill","salt":"zYcZY0GV","md5":"430e973453f4a3539f29ef9c61cb0329","sha1":"fae8aa22274919fa2cb9c4caca3019441f089d52","sha256":"000ee38297f936ca3205688435c7e1c1344e94a8ac44dc359d64a37589f3aecd"},"dob":{"date":"1959-02-21T15:24:34.445Z","age":65},"registered":{"date":"2002-09-29T14:58:03.936Z","age":21},"phone":"D09 B42-7767","cell":"M33 C50-9669","id":{"name":"SIN","value":"837861376"},"picture":{"large":"https://randomuser.me/api/portraits/women/46.jpg","medium":"https://randomuser.me/api/portraits/med/women/46.jpg","thumbnail":"https://randomuser.me/api/portraits/thumb/women/46.jpg"},"nat":"CA"}],"info":{"seed":"c5ee61ace57776e4","results":1,"page":1,"version":"1.4"}} 
 </msg>
<msg time="2024-03-24T19:12:22.004524" level="INFO">/opt/hostedtoolcache/Python/3.12.2/x64/lib/python3.12/site-packages/urllib3/connectionpool.py:1103: InsecureRequestWarning: Unverified HTTPS request is being made to host 'randomuser.me'. Adding certificate verification is strongly advised. See: https://urllib3.readthedocs.io/en/latest/advanced-usage.html#tls-warnings
  warnings.warn(</msg>
<msg time="2024-03-24T19:12:22.004652" level="INFO">${response} = &lt;Response [200]&gt;</msg>
<var>${response}</var>
<arg>consultarAPI</arg>
<arg>/api</arg>
<doc>Sends a GET request on a previously created HTTP Session.</doc>
<status status="PASS" start="2024-03-24T19:12:21.926248" elapsed="0.078444"/>
</kw>
<kw name="Should Be Equal As Numbers" owner="BuiltIn">
<msg time="2024-03-24T19:12:22.005771" level="INFO">Argument types are:
&lt;class 'int'&gt;
&lt;class 'str'&gt;</msg>
<arg>${response.status_code}</arg>
<arg>200</arg>
<doc>Fails if objects are unequal after converting them to real numbers.</doc>
<status status="PASS" start="2024-03-24T19:12:22.005271" elapsed="0.000567"/>
</kw>
<kw name="Log" owner="BuiltIn">
<msg time="2024-03-24T19:12:22.006550" level="INFO">200</msg>
<arg>${response.status_code}</arg>
<doc>Logs the given message with the given level.</doc>
<status status="PASS" start="2024-03-24T19:12:22.006184" elapsed="0.000410"/>
</kw>
<kw name="Set Variable" owner="BuiltIn">
<msg time="2024-03-24T19:12:22.007379" level="INFO">${json_data} = {'results': [{'gender': 'female', 'name': {'title': 'Miss', 'first': 'Clara', 'last': 'Liu'}, 'location': {'street': {'number': 6781, 'name': 'Pine Rd'}, 'city': 'Vanier', 'state': 'Québec', 'country'...</msg>
<var>${json_data}</var>
<arg>${response.json()}</arg>
<doc>Returns the given values which can then be assigned to a variables.</doc>
<status status="PASS" start="2024-03-24T19:12:22.006928" elapsed="0.000480"/>
</kw>
<kw name="Dictionary Should Contain Key" owner="Collections">
<msg time="2024-03-24T19:12:22.007888" level="INFO">False</msg>
<arg>${json_data}</arg>
<arg>results</arg>
<doc>Fails if ``key`` is not found from ``dictionary``.</doc>
<status status="PASS" start="2024-03-24T19:12:22.007711" elapsed="0.000217"/>
</kw>
<status status="PASS" start="2024-03-24T19:12:21.925997" elapsed="0.082197"/>
</kw>
<doc>Testa se a API responde corretamente e retorna um objeto JSON válido.</doc>
<tag>testeRequisicaoBasica</tag>
<status status="PASS" start="2024-03-24T19:12:21.925517" elapsed="0.082860"/>
</test>
<test id="s1-s1-t3" name="Validar estrutura de resposta" line="22">
<kw name="Teste de Estrutura de Resposta" owner="random-user-service">
<kw name="GET On Session" owner="RequestsLibrary">
<msg time="2024-03-24T19:12:22.112421" level="INFO">GET Request : url=https://randomuser.me/api 
 path_url=/api 
 headers={'User-Agent': 'python-requests/2.31.0', 'Accept-Encoding': 'gzip, deflate', 'Accept': '*/*', 'Connection': 'keep-alive'} 
 body=None 
 </msg>
<msg time="2024-03-24T19:12:22.112491" level="INFO">GET Response : url=https://randomuser.me/api 
 status=200, reason=OK 
 headers={'Date': 'Sun, 24 Mar 2024 19:12:22 GMT', 'Content-Type': 'application/json; charset=utf-8', 'Transfer-Encoding': 'chunked', 'Connection': 'keep-alive', 'X-Powered-By': 'Express', 'Access-Control-Allow-Origin': '*', 'Cache-Control': 'no-cache', 'ETag': 'W/"49e-8644Mo6i6AD+WLJFfqUS9HKgWfE"', 'Vary': 'Accept-Encoding', 'Content-Encoding': 'gzip', 'CF-Cache-Status': 'DYNAMIC', 'Report-To': '{"endpoints":[{"url":"https:\\/\\/a.nel.cloudflare.com\\/report\\/v4?s=5qjYp1dEBkJ5hJFjRnLqIpi94zA1X7Ofcr8FhQCtJu9QKmq4hruNiR6fk%2FL3ib%2FZbfDu37ubyYdd4DWnJAqgxwLNKX1qBKSvHNK7j97qilq%2BIVQ4Fq3%2FkZvA%2B1SuvNcg"}],"group":"cf-nel","max_age":604800}', 'NEL': '{"success_fraction":0,"report_to":"cf-nel","max_age":604800}', 'Server': 'cloudflare', 'CF-RAY': '8698f8e99b652021-IAD', 'alt-svc': 'h3=":443"; ma=86400'} 
 body={"results":[{"gender":"female","name":{"title":"Ms","first":"Minttu","last":"Lassila"},"location":{"street":{"number":2998,"name":"Fredrikinkatu"},"city":"Outokumpu","state":"Central Finland","country":"Finland","postcode":17212,"coordinates":{"latitude":"-23.3419","longitude":"112.9270"},"timezone":{"offset":"-8:00","description":"Pacific Time (US &amp; Canada)"}},"email":"minttu.lassila@example.com","login":{"uuid":"a7e24290-1ade-4577-b087-f3d4453e33e6","username":"heavyzebra276","password":"keystone","salt":"QZ5xEBUb","md5":"9519018d1cf580f5a00bc859a068386b","sha1":"deb00f18b08db195fdef35cffb8e08392be46c4d","sha256":"52f3b601cc06c40c234745f756dc1f21f69d11b217623f37ac4d234489f1cf80"},"dob":{"date":"1992-04-12T12:36:59.982Z","age":31},"registered":{"date":"2008-06-21T03:15:12.884Z","age":15},"phone":"04-192-284","cell":"045-207-54-10","id":{"name":"HETU","value":"NaNNA638undefined"},"picture":{"large":"https://randomuser.me/api/portraits/women/27.jpg","medium":"https://randomuser.me/api/portraits/med/women/27.jpg","thumbnail":"https://randomuser.me/api/portraits/thumb/women/27.jpg"},"nat":"FI"}],"info":{"seed":"cc2e12100a77f285","results":1,"page":1,"version":"1.4"}} 
 </msg>
<msg time="2024-03-24T19:12:22.112588" level="INFO">/opt/hostedtoolcache/Python/3.12.2/x64/lib/python3.12/site-packages/urllib3/connectionpool.py:1103: InsecureRequestWarning: Unverified HTTPS request is being made to host 'randomuser.me'. Adding certificate verification is strongly advised. See: https://urllib3.readthedocs.io/en/latest/advanced-usage.html#tls-warnings
  warnings.warn(</msg>
<msg time="2024-03-24T19:12:22.112689" level="INFO">${response} = &lt;Response [200]&gt;</msg>
<var>${response}</var>
<arg>consultarAPI</arg>
<arg>/api</arg>
<doc>Sends a GET request on a previously created HTTP Session.</doc>
<status status="PASS" start="2024-03-24T19:12:22.011063" elapsed="0.101666"/>
</kw>
<kw name="Set Variable" owner="BuiltIn">
<msg time="2024-03-24T19:12:22.113809" level="INFO">${json_data} = {'results': [{'gender': 'female', 'name': {'title': 'Ms', 'first': 'Minttu', 'last': 'Lassila'}, 'location': {'street': {'number': 2998, 'name': 'Fredrikinkatu'}, 'city': 'Outokumpu', 'state': 'Centra...</msg>
<var>${json_data}</var>
<arg>${response.json()}</arg>
<doc>Returns the given values which can then be assigned to a variables.</doc>
<status status="PASS" start="2024-03-24T19:12:22.113234" elapsed="0.000606"/>
</kw>
<kw name="Log" owner="BuiltIn">
<msg time="2024-03-24T19:12:22.114315" level="INFO">{'results': [{'gender': 'female', 'name': {'title': 'Ms', 'first': 'Minttu', 'last': 'Lassila'}, 'location': {'street': {'number': 2998, 'name': 'Fredrikinkatu'}, 'city': 'Outokumpu', 'state': 'Central Finland', 'country': 'Finland', 'postcode': 17212, 'coordinates': {'latitude': '-23.3419', 'longitude': '112.9270'}, 'timezone': {'offset': '-8:00', 'description': 'Pacific Time (US &amp; Canada)'}}, 'email': 'minttu.lassila@example.com', 'login': {'uuid': 'a7e24290-1ade-4577-b087-f3d4453e33e6', 'username': 'heavyzebra276', 'password': 'keystone', 'salt': 'QZ5xEBUb', 'md5': '9519018d1cf580f5a00bc859a068386b', 'sha1': 'deb00f18b08db195fdef35cffb8e08392be46c4d', 'sha256': '52f3b601cc06c40c234745f756dc1f21f69d11b217623f37ac4d234489f1cf80'}, 'dob': {'date': '1992-04-12T12:36:59.982Z', 'age': 31}, 'registered': {'date': '2008-06-21T03:15:12.884Z', 'age': 15}, 'phone': '04-192-284', 'cell': '045-207-54-10', 'id': {'name': 'HETU', 'value': 'NaNNA638undefined'}, 'picture': {'large': 'https://randomuser.me/api/portraits/women/27.jpg', 'medium': 'https://randomuser.me/api/portraits/med/women/27.jpg', 'thumbnail': 'https://randomuser.me/api/portraits/thumb/women/27.jpg'}, 'nat': 'FI'}], 'info': {'seed': 'cc2e12100a77f285', 'results': 1, 'page': 1, 'version': '1.4'}}</msg>
<arg>${json_data}</arg>
<doc>Logs the given message with the given level.</doc>
<status status="PASS" start="2024-03-24T19:12:22.114154" elapsed="0.000215"/>
</kw>
<kw name="Dictionary Should Contain Key" owner="Collections">
<msg time="2024-03-24T19:12:22.114828" level="INFO">False</msg>
<arg>${json_data}</arg>
<arg>results</arg>
<doc>Fails if ``key`` is not found from ``dictionary``.</doc>
<status status="PASS" start="2024-03-24T19:12:22.114665" elapsed="0.000201"/>
</kw>
<kw name="Should Not Be Empty" owner="BuiltIn">
<msg time="2024-03-24T19:12:22.115304" level="INFO">Length is 2.</msg>
<arg>${json_data}</arg>
<doc>Verifies that the given item is not empty.</doc>
<status status="PASS" start="2024-03-24T19:12:22.115168" elapsed="0.000313"/>
</kw>
<kw name="Create List" owner="BuiltIn">
<msg time="2024-03-24T19:12:22.115927" level="INFO">${expected_keys} = ['gender', 'name', 'location', 'email', 'login']</msg>
<var>${expected_keys}</var>
<arg>gender</arg>
<arg>name</arg>
<arg>location</arg>
<arg>email</arg>
<arg>login</arg>
<doc>Returns a list containing given items.</doc>
<status status="PASS" start="2024-03-24T19:12:22.115776" elapsed="0.000176"/>
</kw>
<for flavor="IN">
<iter>
<kw name="Dictionary Should Contain Key" owner="Collections">
<msg time="2024-03-24T19:12:22.116967" level="INFO">False</msg>
<arg>${json_data['results'][0]}</arg>
<arg>${key}</arg>
<doc>Fails if ``key`` is not found from ``dictionary``.</doc>
<status status="PASS" start="2024-03-24T19:12:22.116527" elapsed="0.000490"/>
</kw>
<kw name="Log" owner="BuiltIn">
<msg time="2024-03-24T19:12:22.117701" level="INFO">{'gender': 'female', 'name': {'title': 'Ms', 'first': 'Minttu', 'last': 'Lassila'}, 'location': {'street': {'number': 2998, 'name': 'Fredrikinkatu'}, 'city': 'Outokumpu', 'state': 'Central Finland', 'country': 'Finland', 'postcode': 17212, 'coordinates': {'latitude': '-23.3419', 'longitude': '112.9270'}, 'timezone': {'offset': '-8:00', 'description': 'Pacific Time (US &amp; Canada)'}}, 'email': 'minttu.lassila@example.com', 'login': {'uuid': 'a7e24290-1ade-4577-b087-f3d4453e33e6', 'username': 'heavyzebra276', 'password': 'keystone', 'salt': 'QZ5xEBUb', 'md5': '9519018d1cf580f5a00bc859a068386b', 'sha1': 'deb00f18b08db195fdef35cffb8e08392be46c4d', 'sha256': '52f3b601cc06c40c234745f756dc1f21f69d11b217623f37ac4d234489f1cf80'}, 'dob': {'date': '1992-04-12T12:36:59.982Z', 'age': 31}, 'registered': {'date': '2008-06-21T03:15:12.884Z', 'age': 15}, 'phone': '04-192-284', 'cell': '045-207-54-10', 'id': {'name': 'HETU', 'value': 'NaNNA638undefined'}, 'picture': {'large': 'https://randomuser.me/api/portraits/women/27.jpg', 'medium': 'https://randomuser.me/api/portraits/med/women/27.jpg', 'thumbnail': 'https://randomuser.me/api/portraits/thumb/women/27.jpg'}, 'nat': 'FI'}</msg>
<arg>${json_data['results'][0]}</arg>
<doc>Logs the given message with the given level.</doc>
<status status="PASS" start="2024-03-24T19:12:22.117333" elapsed="0.000417"/>
</kw>
<kw name="Log" owner="BuiltIn">
<msg time="2024-03-24T19:12:22.118176" level="INFO">gender</msg>
<arg>${key}</arg>
<doc>Logs the given message with the given level.</doc>
<status status="PASS" start="2024-03-24T19:12:22.118047" elapsed="0.000167"/>
</kw>
<var name="${key}">gender</var>
<status status="PASS" start="2024-03-24T19:12:22.116401" elapsed="0.002029"/>
</iter>
<iter>
<kw name="Dictionary Should Contain Key" owner="Collections">
<msg time="2024-03-24T19:12:22.119121" level="INFO">False</msg>
<arg>${json_data['results'][0]}</arg>
<arg>${key}</arg>
<doc>Fails if ``key`` is not found from ``dictionary``.</doc>
<status status="PASS" start="2024-03-24T19:12:22.118735" elapsed="0.000423"/>
</kw>
<kw name="Log" owner="BuiltIn">
<msg time="2024-03-24T19:12:22.119848" level="INFO">{'gender': 'female', 'name': {'title': 'Ms', 'first': 'Minttu', 'last': 'Lassila'}, 'location': {'street': {'number': 2998, 'name': 'Fredrikinkatu'}, 'city': 'Outokumpu', 'state': 'Central Finland', 'country': 'Finland', 'postcode': 17212, 'coordinates': {'latitude': '-23.3419', 'longitude': '112.9270'}, 'timezone': {'offset': '-8:00', 'description': 'Pacific Time (US &amp; Canada)'}}, 'email': 'minttu.lassila@example.com', 'login': {'uuid': 'a7e24290-1ade-4577-b087-f3d4453e33e6', 'username': 'heavyzebra276', 'password': 'keystone', 'salt': 'QZ5xEBUb', 'md5': '9519018d1cf580f5a00bc859a068386b', 'sha1': 'deb00f18b08db195fdef35cffb8e08392be46c4d', 'sha256': '52f3b601cc06c40c234745f756dc1f21f69d11b217623f37ac4d234489f1cf80'}, 'dob': {'date': '1992-04-12T12:36:59.982Z', 'age': 31}, 'registered': {'date': '2008-06-21T03:15:12.884Z', 'age': 15}, 'phone': '04-192-284', 'cell': '045-207-54-10', 'id': {'name': 'HETU', 'value': 'NaNNA638undefined'}, 'picture': {'large': 'https://randomuser.me/api/portraits/women/27.jpg', 'medium': 'https://randomuser.me/api/portraits/med/women/27.jpg', 'thumbnail': 'https://randomuser.me/api/portraits/thumb/women/27.jpg'}, 'nat': 'FI'}</msg>
<arg>${json_data['results'][0]}</arg>
<doc>Logs the given message with the given level.</doc>
<status status="PASS" start="2024-03-24T19:12:22.119478" elapsed="0.000419"/>
</kw>
<kw name="Log" owner="BuiltIn">
<msg time="2024-03-24T19:12:22.120321" level="INFO">name</msg>
<arg>${key}</arg>
<doc>Logs the given message with the given level.</doc>
<status status="PASS" start="2024-03-24T19:12:22.120190" elapsed="0.000170"/>
</kw>
<var name="${key}">name</var>
<status status="PASS" start="2024-03-24T19:12:22.118619" elapsed="0.001958"/>
</iter>
<iter>
<kw name="Dictionary Should Contain Key" owner="Collections">
<msg time="2024-03-24T19:12:22.121291" level="INFO">False</msg>
<arg>${json_data['results'][0]}</arg>
<arg>${key}</arg>
<doc>Fails if ``key`` is not found from ``dictionary``.</doc>
<status status="PASS" start="2024-03-24T19:12:22.120906" elapsed="0.000424"/>
</kw>
<kw name="Log" owner="BuiltIn">
<msg time="2024-03-24T19:12:22.121986" level="INFO">{'gender': 'female', 'name': {'title': 'Ms', 'first': 'Minttu', 'last': 'Lassila'}, 'location': {'street': {'number': 2998, 'name': 'Fredrikinkatu'}, 'city': 'Outokumpu', 'state': 'Central Finland', 'country': 'Finland', 'postcode': 17212, 'coordinates': {'latitude': '-23.3419', 'longitude': '112.9270'}, 'timezone': {'offset': '-8:00', 'description': 'Pacific Time (US &amp; Canada)'}}, 'email': 'minttu.lassila@example.com', 'login': {'uuid': 'a7e24290-1ade-4577-b087-f3d4453e33e6', 'username': 'heavyzebra276', 'password': 'keystone', 'salt': 'QZ5xEBUb', 'md5': '9519018d1cf580f5a00bc859a068386b', 'sha1': 'deb00f18b08db195fdef35cffb8e08392be46c4d', 'sha256': '52f3b601cc06c40c234745f756dc1f21f69d11b217623f37ac4d234489f1cf80'}, 'dob': {'date': '1992-04-12T12:36:59.982Z', 'age': 31}, 'registered': {'date': '2008-06-21T03:15:12.884Z', 'age': 15}, 'phone': '04-192-284', 'cell': '045-207-54-10', 'id': {'name': 'HETU', 'value': 'NaNNA638undefined'}, 'picture': {'large': 'https://randomuser.me/api/portraits/women/27.jpg', 'medium': 'https://randomuser.me/api/portraits/med/women/27.jpg', 'thumbnail': 'https://randomuser.me/api/portraits/thumb/women/27.jpg'}, 'nat': 'FI'}</msg>
<arg>${json_data['results'][0]}</arg>
<doc>Logs the given message with the given level.</doc>
<status status="PASS" start="2024-03-24T19:12:22.121628" elapsed="0.000407"/>
</kw>
<kw name="Log" owner="BuiltIn">
<msg time="2024-03-24T19:12:22.122458" level="INFO">location</msg>
<arg>${key}</arg>
<doc>Logs the given message with the given level.</doc>
<status status="PASS" start="2024-03-24T19:12:22.122331" elapsed="0.000166"/>
</kw>
<var name="${key}">location</var>
<status status="PASS" start="2024-03-24T19:12:22.120758" elapsed="0.001956"/>
</iter>
<iter>
<kw name="Dictionary Should Contain Key" owner="Collections">
<msg time="2024-03-24T19:12:22.123395" level="INFO">False</msg>
<arg>${json_data['results'][0]}</arg>
<arg>${key}</arg>
<doc>Fails if ``key`` is not found from ``dictionary``.</doc>
<status status="PASS" start="2024-03-24T19:12:22.123003" elapsed="0.000435"/>
</kw>
<kw name="Log" owner="BuiltIn">
<msg time="2024-03-24T19:12:22.124115" level="INFO">{'gender': 'female', 'name': {'title': 'Ms', 'first': 'Minttu', 'last': 'Lassila'}, 'location': {'street': {'number': 2998, 'name': 'Fredrikinkatu'}, 'city': 'Outokumpu', 'state': 'Central Finland', 'country': 'Finland', 'postcode': 17212, 'coordinates': {'latitude': '-23.3419', 'longitude': '112.9270'}, 'timezone': {'offset': '-8:00', 'description': 'Pacific Time (US &amp; Canada)'}}, 'email': 'minttu.lassila@example.com', 'login': {'uuid': 'a7e24290-1ade-4577-b087-f3d4453e33e6', 'username': 'heavyzebra276', 'password': 'keystone', 'salt': 'QZ5xEBUb', 'md5': '9519018d1cf580f5a00bc859a068386b', 'sha1': 'deb00f18b08db195fdef35cffb8e08392be46c4d', 'sha256': '52f3b601cc06c40c234745f756dc1f21f69d11b217623f37ac4d234489f1cf80'}, 'dob': {'date': '1992-04-12T12:36:59.982Z', 'age': 31}, 'registered': {'date': '2008-06-21T03:15:12.884Z', 'age': 15}, 'phone': '04-192-284', 'cell': '045-207-54-10', 'id': {'name': 'HETU', 'value': 'NaNNA638undefined'}, 'picture': {'large': 'https://randomuser.me/api/portraits/women/27.jpg', 'medium': 'https://randomuser.me/api/portraits/med/women/27.jpg', 'thumbnail': 'https://randomuser.me/api/portraits/thumb/women/27.jpg'}, 'nat': 'FI'}</msg>
<arg>${json_data['results'][0]}</arg>
<doc>Logs the given message with the given level.</doc>
<status status="PASS" start="2024-03-24T19:12:22.123747" elapsed="0.000418"/>
</kw>
<kw name="Log" owner="BuiltIn">
<msg time="2024-03-24T19:12:22.124592" level="INFO">email</msg>
<arg>${key}</arg>
<doc>Logs the given message with the given level.</doc>
<status status="PASS" start="2024-03-24T19:12:22.124461" elapsed="0.000170"/>
</kw>
<var name="${key}">email</var>
<status status="PASS" start="2024-03-24T19:12:22.122890" elapsed="0.001976"/>
</iter>
<iter>
<kw name="Dictionary Should Contain Key" owner="Collections">
<msg time="2024-03-24T19:12:22.125539" level="INFO">False</msg>
<arg>${json_data['results'][0]}</arg>
<arg>${key}</arg>
<doc>Fails if ``key`` is not found from ``dictionary``.</doc>
<status status="PASS" start="2024-03-24T19:12:22.125163" elapsed="0.000414"/>
</kw>
<kw name="Log" owner="BuiltIn">
<msg time="2024-03-24T19:12:22.126239" level="INFO">{'gender': 'female', 'name': {'title': 'Ms', 'first': 'Minttu', 'last': 'Lassila'}, 'location': {'street': {'number': 2998, 'name': 'Fredrikinkatu'}, 'city': 'Outokumpu', 'state': 'Central Finland', 'country': 'Finland', 'postcode': 17212, 'coordinates': {'latitude': '-23.3419', 'longitude': '112.9270'}, 'timezone': {'offset': '-8:00', 'description': 'Pacific Time (US &amp; Canada)'}}, 'email': 'minttu.lassila@example.com', 'login': {'uuid': 'a7e24290-1ade-4577-b087-f3d4453e33e6', 'username': 'heavyzebra276', 'password': 'keystone', 'salt': 'QZ5xEBUb', 'md5': '9519018d1cf580f5a00bc859a068386b', 'sha1': 'deb00f18b08db195fdef35cffb8e08392be46c4d', 'sha256': '52f3b601cc06c40c234745f756dc1f21f69d11b217623f37ac4d234489f1cf80'}, 'dob': {'date': '1992-04-12T12:36:59.982Z', 'age': 31}, 'registered': {'date': '2008-06-21T03:15:12.884Z', 'age': 15}, 'phone': '04-192-284', 'cell': '045-207-54-10', 'id': {'name': 'HETU', 'value': 'NaNNA638undefined'}, 'picture': {'large': 'https://randomuser.me/api/portraits/women/27.jpg', 'medium': 'https://randomuser.me/api/portraits/med/women/27.jpg', 'thumbnail': 'https://randomuser.me/api/portraits/thumb/women/27.jpg'}, 'nat': 'FI'}</msg>
<arg>${json_data['results'][0]}</arg>
<doc>Logs the given message with the given level.</doc>
<status status="PASS" start="2024-03-24T19:12:22.125878" elapsed="0.000410"/>
</kw>
<kw name="Log" owner="BuiltIn">
<msg time="2024-03-24T19:12:22.126715" level="INFO">login</msg>
<arg>${key}</arg>
<doc>Logs the given message with the given level.</doc>
<status status="PASS" start="2024-03-24T19:12:22.126586" elapsed="0.000197"/>
</kw>
<var name="${key}">login</var>
<status status="PASS" start="2024-03-24T19:12:22.125051" elapsed="0.001960"/>
</iter>
<var>${key}</var>
<value>@{expected_keys}</value>
<status status="PASS" start="2024-03-24T19:12:22.116212" elapsed="0.010922"/>
</for>
<kw name="Create List" owner="BuiltIn">
<msg time="2024-03-24T19:12:22.127476" level="INFO">${expected_keysTwo} = ['username', 'password']</msg>
<var>${expected_keysTwo}</var>
<arg>username</arg>
<arg>password</arg>
<doc>Returns a list containing given items.</doc>
<status status="PASS" start="2024-03-24T19:12:22.127336" elapsed="0.000164"/>
</kw>
<for flavor="IN">
<iter>
<kw name="Dictionary Should Contain Key" owner="Collections">
<msg time="2024-03-24T19:12:22.128386" level="INFO">False</msg>
<arg>${json_data['results'][0]['login']}</arg>
<arg>${keyTwo}</arg>
<doc>Fails if ``key`` is not found from ``dictionary``.</doc>
<status status="PASS" start="2024-03-24T19:12:22.128001" elapsed="0.000422"/>
</kw>
<kw name="Dictionary Should Contain Key" owner="Collections">
<msg time="2024-03-24T19:12:22.129139" level="INFO">False</msg>
<arg>${json_data['results'][0]['login']}</arg>
<arg>${keyTwo}</arg>
<doc>Fails if ``key`` is not found from ``dictionary``.</doc>
<status status="PASS" start="2024-03-24T19:12:22.128724" elapsed="0.000455"/>
</kw>
<kw name="Log" owner="BuiltIn">
<msg time="2024-03-24T19:12:22.129600" level="INFO">username</msg>
<arg>${keyTwo}</arg>
<doc>Logs the given message with the given level.</doc>
<status status="PASS" start="2024-03-24T19:12:22.129473" elapsed="0.000165"/>
</kw>
<var name="${keyTwo}">username</var>
<status status="PASS" start="2024-03-24T19:12:22.127891" elapsed="0.001963"/>
</iter>
<iter>
<kw name="Dictionary Should Contain Key" owner="Collections">
<msg time="2024-03-24T19:12:22.130605" level="INFO">False</msg>
<arg>${json_data['results'][0]['login']}</arg>
<arg>${keyTwo}</arg>
<doc>Fails if ``key`` is not found from ``dictionary``.</doc>
<status status="PASS" start="2024-03-24T19:12:22.130137" elapsed="0.000508"/>
</kw>
<kw name="Dictionary Should Contain Key" owner="Collections">
<msg time="2024-03-24T19:12:22.131320" level="INFO">False</msg>
<arg>${json_data['results'][0]['login']}</arg>
<arg>${keyTwo}</arg>
<doc>Fails if ``key`` is not found from ``dictionary``.</doc>
<status status="PASS" start="2024-03-24T19:12:22.130942" elapsed="0.000416"/>
</kw>
<kw name="Log" owner="BuiltIn">
<msg time="2024-03-24T19:12:22.131780" level="INFO">password</msg>
<arg>${keyTwo}</arg>
<doc>Logs the given message with the given level.</doc>
<status status="PASS" start="2024-03-24T19:12:22.131651" elapsed="0.000167"/>
</kw>
<var name="${keyTwo}">password</var>
<status status="PASS" start="2024-03-24T19:12:22.130027" elapsed="0.002008"/>
</iter>
<var>${keyTwo}</var>
<value>@{expected_keysTwo}</value>
<status status="PASS" start="2024-03-24T19:12:22.127737" elapsed="0.004422"/>
</for>
<status status="PASS" start="2024-03-24T19:12:22.010820" elapsed="0.121482"/>
</kw>
<doc>Testa a estrutura da resposta da API.</doc>
<tag>testeEstruturaResposta</tag>
<status status="PASS" start="2024-03-24T19:12:22.010222" elapsed="0.122236"/>
</test>
<test id="s1-s1-t4" name="Validar tipos de dados" line="28">
<kw name="Teste de Tipos de Dados" owner="random-user-service">
<kw name="GET On Session" owner="RequestsLibrary">
<msg time="2024-03-24T19:12:22.204215" level="INFO">GET Request : url=https://randomuser.me/api 
 path_url=/api 
 headers={'User-Agent': 'python-requests/2.31.0', 'Accept-Encoding': 'gzip, deflate', 'Accept': '*/*', 'Connection': 'keep-alive'} 
 body=None 
 </msg>
<msg time="2024-03-24T19:12:22.204293" level="INFO">GET Response : url=https://randomuser.me/api 
 status=200, reason=OK 
 headers={'Date': 'Sun, 24 Mar 2024 19:12:22 GMT', 'Content-Type': 'application/json; charset=utf-8', 'Transfer-Encoding': 'chunked', 'Connection': 'keep-alive', 'X-Powered-By': 'Express', 'Access-Control-Allow-Origin': '*', 'Cache-Control': 'no-cache', 'ETag': 'W/"46c-6Yjq7PIrQEUDI9lfnowkE8Z2WlE"', 'Vary': 'Accept-Encoding', 'Content-Encoding': 'gzip', 'CF-Cache-Status': 'DYNAMIC', 'Report-To': '{"endpoints":[{"url":"https:\\/\\/a.nel.cloudflare.com\\/report\\/v4?s=wjLEQHZAXBBbbmPztlcALslQ0E1Ps%2FVfJo6rbwzAwwteCOaCrIOkW%2Bq0y8%2BYhqzoegzdp%2FBoQvZYKwge7ICzbipGHtVUQbanP0hno%2BRll7rQ3cTOMoBBTpqCoWVk%2FSqB"}],"group":"cf-nel","max_age":604800}', 'NEL': '{"success_fraction":0,"report_to":"cf-nel","max_age":604800}', 'Server': 'cloudflare', 'CF-RAY': '8698f8ea5c422021-IAD', 'alt-svc': 'h3=":443"; ma=86400'} 
 body={"results":[{"gender":"male","name":{"title":"Mr","first":"Umut","last":"Egeli"},"location":{"street":{"number":9200,"name":"Maçka Cd"},"city":"Kastamonu","state":"Diyarbakır","country":"Turkey","postcode":35582,"coordinates":{"latitude":"70.3222","longitude":"-151.6637"},"timezone":{"offset":"-12:00","description":"Eniwetok, Kwajalein"}},"email":"umut.egeli@example.com","login":{"uuid":"e50eb744-8a9e-478a-b113-7b43167b08de","username":"bigduck526","password":"arrows","salt":"IPK5DGOC","md5":"0a27fe71e403f869273f98aaa282efc0","sha1":"cebb15775bae8ab0aa85bd6a5dae65a5df1c1fe9","sha256":"7e27daa83833fb6ae1be91ecab1386a55eefa90255e3050f98a0532a9a42e6a6"},"dob":{"date":"1986-10-30T15:39:56.829Z","age":37},"registered":{"date":"2007-10-01T22:33:43.710Z","age":16},"phone":"(044)-705-8989","cell":"(335)-876-3619","id":{"name":"","value":null},"picture":{"large":"https://randomuser.me/api/portraits/men/18.jpg","medium":"https://randomuser.me/api/portraits/med/men/18.jpg","thumbnail":"https://randomuser.me/api/portraits/thumb/men/18.jpg"},"nat":"TR"}],"info":{"seed":"27c655c7fb301d8e","results":1,"page":1,"version":"1.4"}} 
 </msg>
<msg time="2024-03-24T19:12:22.204366" level="INFO">/opt/hostedtoolcache/Python/3.12.2/x64/lib/python3.12/site-packages/urllib3/connectionpool.py:1103: InsecureRequestWarning: Unverified HTTPS request is being made to host 'randomuser.me'. Adding certificate verification is strongly advised. See: https://urllib3.readthedocs.io/en/latest/advanced-usage.html#tls-warnings
  warnings.warn(</msg>
<msg time="2024-03-24T19:12:22.204480" level="INFO">${response} = &lt;Response [200]&gt;</msg>
<var>${response}</var>
<arg>consultarAPI</arg>
<arg>/api</arg>
<doc>Sends a GET request on a previously created HTTP Session.</doc>
<status status="PASS" start="2024-03-24T19:12:22.135025" elapsed="0.069506"/>
</kw>
<kw name="Set Variable" owner="BuiltIn">
<msg time="2024-03-24T19:12:22.205667" level="INFO">${json_data} = {'results': [{'gender': 'male', 'name': {'title': 'Mr', 'first': 'Umut', 'last': 'Egeli'}, 'location': {'street': {'number': 9200, 'name': 'Maçka Cd'}, 'city': 'Kastamonu', 'state': 'Diyarbakır', 'cou...</msg>
<var>${json_data}</var>
<arg>${response.json()}</arg>
<doc>Returns the given values which can then be assigned to a variables.</doc>
<status status="PASS" start="2024-03-24T19:12:22.205054" elapsed="0.000645"/>
</kw>
<kw name="Log" owner="BuiltIn">
<msg time="2024-03-24T19:12:22.206173" level="INFO">{'results': [{'gender': 'male', 'name': {'title': 'Mr', 'first': 'Umut', 'last': 'Egeli'}, 'location': {'street': {'number': 9200, 'name': 'Maçka Cd'}, 'city': 'Kastamonu', 'state': 'Diyarbakır', 'country': 'Turkey', 'postcode': 35582, 'coordinates': {'latitude': '70.3222', 'longitude': '-151.6637'}, 'timezone': {'offset': '-12:00', 'description': 'Eniwetok, Kwajalein'}}, 'email': 'umut.egeli@example.com', 'login': {'uuid': 'e50eb744-8a9e-478a-b113-7b43167b08de', 'username': 'bigduck526', 'password': 'arrows', 'salt': 'IPK5DGOC', 'md5': '0a27fe71e403f869273f98aaa282efc0', 'sha1': 'cebb15775bae8ab0aa85bd6a5dae65a5df1c1fe9', 'sha256': '7e27daa83833fb6ae1be91ecab1386a55eefa90255e3050f98a0532a9a42e6a6'}, 'dob': {'date': '1986-10-30T15:39:56.829Z', 'age': 37}, 'registered': {'date': '2007-10-01T22:33:43.710Z', 'age': 16}, 'phone': '(044)-705-8989', 'cell': '(335)-876-3619', 'id': {'name': '', 'value': None}, 'picture': {'large': 'https://randomuser.me/api/portraits/men/18.jpg', 'medium': 'https://randomuser.me/api/portraits/med/men/18.jpg', 'thumbnail': 'https://randomuser.me/api/portraits/thumb/men/18.jpg'}, 'nat': 'TR'}], 'info': {'seed': '27c655c7fb301d8e', 'results': 1, 'page': 1, 'version': '1.4'}}</msg>
<arg>${json_data}</arg>
<doc>Logs the given message with the given level.</doc>
<status status="PASS" start="2024-03-24T19:12:22.206009" elapsed="0.000246"/>
</kw>
<kw name="Should Be String" owner="String">
<arg>${json_data['results'][0]['gender']}</arg>
<doc>Fails if the given ``item`` is not a string.</doc>
<status status="PASS" start="2024-03-24T19:12:22.206555" elapsed="0.000362"/>
</kw>
<kw name="Should Match Regexp" owner="BuiltIn">
<arg>${json_data['results'][0]['email']}</arg>
<arg>^[a-zA-Z0-9._%+-]+@[a-zA-Z0-9.-]+\.[a-zA-Z]{2,}$</arg>
<doc>Fails if ``string`` does not match ``pattern`` as a regular expression.</doc>
<status status="PASS" start="2024-03-24T19:12:22.207110" elapsed="0.000520"/>
</kw>
<kw name="Should Match Regexp" owner="BuiltIn">
<arg>${json_data['results'][0]['dob']['date']}</arg>
<arg>\\d{4}-\\d{2}-\\d{2}T\\d{2}:\\d{2}:\\d{2}\\.\\d{3}Z</arg>
<doc>Fails if ``string`` does not match ``pattern`` as a regular expression.</doc>
<status status="PASS" start="2024-03-24T19:12:22.207828" elapsed="0.000485"/>
</kw>
<kw name="Should Match Regexp" owner="BuiltIn">
<arg>${json_data['results'][0]['registered']['date']}</arg>
<arg>\\d{4}-\\d{2}-\\d{2}T\\d{2}:\\d{2}:\\d{2}\\.\\d{3}Z</arg>
<doc>Fails if ``string`` does not match ``pattern`` as a regular expression.</doc>
<status status="PASS" start="2024-03-24T19:12:22.208508" elapsed="0.000413"/>
</kw>
<kw name="Should Match Regexp" owner="BuiltIn">
<arg>${json_data['results'][0]['picture']['large']}</arg>
<arg>^https?://.*\.(?:png|jpe?g|gif|bmp)$</arg>
<doc>Fails if ``string`` does not match ``pattern`` as a regular expression.</doc>
<status status="PASS" start="2024-03-24T19:12:22.209118" elapsed="0.000469"/>
</kw>
<kw name="Should Match Regexp" owner="BuiltIn">
<arg>${json_data['results'][0]['picture']['medium']}</arg>
<arg>^https?://.*\.(?:png|jpe?g|gif|bmp)$</arg>
<doc>Fails if ``string`` does not match ``pattern`` as a regular expression.</doc>
<status status="PASS" start="2024-03-24T19:12:22.209780" elapsed="0.000362"/>
</kw>
<kw name="Should Match Regexp" owner="BuiltIn">
<arg>${json_data['results'][0]['picture']['thumbnail']}</arg>
<arg>^https?://.*\.(?:png|jpe?g|gif|bmp)$</arg>
<doc>Fails if ``string`` does not match ``pattern`` as a regular expression.</doc>
<status status="PASS" start="2024-03-24T19:12:22.210325" elapsed="0.000346"/>
</kw>
<kw name="Log" owner="BuiltIn">
<msg time="2024-03-24T19:12:22.211188" level="INFO">{'large': 'https://randomuser.me/api/portraits/men/18.jpg', 'medium': 'https://randomuser.me/api/portraits/med/men/18.jpg', 'thumbnail': 'https://randomuser.me/api/portraits/thumb/men/18.jpg'}</msg>
<arg>${json_data['results'][0]['picture']}</arg>
<doc>Logs the given message with the given level.</doc>
<status status="PASS" start="2024-03-24T19:12:22.210853" elapsed="0.000378"/>
</kw>
<status status="PASS" start="2024-03-24T19:12:22.134798" elapsed="0.076685"/>
</kw>
<kw name="Teste de Tipos de Dados - Postcode" owner="random-user-service">
<kw name="GET On Session" owner="RequestsLibrary">
<msg time="2024-03-24T19:12:22.305227" level="INFO">GET Request : url=https://randomuser.me/api 
 path_url=/api 
 headers={'User-Agent': 'python-requests/2.31.0', 'Accept-Encoding': 'gzip, deflate', 'Accept': '*/*', 'Connection': 'keep-alive'} 
 body=None 
 </msg>
<msg time="2024-03-24T19:12:22.305333" level="INFO">GET Response : url=https://randomuser.me/api 
 status=200, reason=OK 
 headers={'Date': 'Sun, 24 Mar 2024 19:12:22 GMT', 'Content-Type': 'application/json; charset=utf-8', 'Transfer-Encoding': 'chunked', 'Connection': 'keep-alive', 'X-Powered-By': 'Express', 'Access-Control-Allow-Origin': '*', 'Cache-Control': 'no-cache', 'ETag': 'W/"48b-KUgzDFqdu3d63rbp18zkQeztE0g"', 'Vary': 'Accept-Encoding', 'Content-Encoding': 'gzip', 'CF-Cache-Status': 'DYNAMIC', 'Report-To': '{"endpoints":[{"url":"https:\\/\\/a.nel.cloudflare.com\\/report\\/v4?s=WDPn6z4fMXm1E7DwRkdp7aynFd3tCcnUn2CMOi5Kl1D%2FOSdcYDWQMMCDJUC59nAnkNu4%2FYbsI44OP1u60pqlrIOmT%2FJcHlzynFLBVtIYvOLp0qKAtj0VmFXyI2XoxXVc"}],"group":"cf-nel","max_age":604800}', 'NEL': '{"success_fraction":0,"report_to":"cf-nel","max_age":604800}', 'Server': 'cloudflare', 'CF-RAY': '8698f8eadcc02021-IAD', 'alt-svc': 'h3=":443"; ma=86400'} 
 body={"results":[{"gender":"female","name":{"title":"Ms","first":"Purificación","last":"Delgado"},"location":{"street":{"number":2043,"name":"Calle de Ferraz"},"city":"Alcobendas","state":"Islas Baleares","country":"Spain","postcode":34372,"coordinates":{"latitude":"-37.9568","longitude":"4.9772"},"timezone":{"offset":"-10:00","description":"Hawaii"}},"email":"purificacion.delgado@example.com","login":{"uuid":"c3f1370a-4742-4f59-a9b7-9bf5501d24c3","username":"lazylion736","password":"porsche9","salt":"Drl0wLkJ","md5":"d16a55ea2f964db1571534e1a98df1db","sha1":"f009d53b063067c32baf56e9e65006a2014ac58f","sha256":"c163f6b05f14ae6ade38ae22bf6005f03b6cf5f992947cac34cd50a79084a97d"},"dob":{"date":"1999-05-08T11:48:16.853Z","age":24},"registered":{"date":"2009-10-12T22:39:46.379Z","age":14},"phone":"900-813-715","cell":"667-740-762","id":{"name":"DNI","value":"34539656-K"},"picture":{"large":"https://randomuser.me/api/portraits/women/33.jpg","medium":"https://randomuser.me/api/portraits/med/women/33.jpg","thumbnail":"https://randomuser.me/api/portraits/thumb/women/33.jpg"},"nat":"ES"}],"info":{"seed":"1ec07624adb9607a","results":1,"page":1,"version":"1.4"}} 
 </msg>
<msg time="2024-03-24T19:12:22.305413" level="INFO">/opt/hostedtoolcache/Python/3.12.2/x64/lib/python3.12/site-packages/urllib3/connectionpool.py:1103: InsecureRequestWarning: Unverified HTTPS request is being made to host 'randomuser.me'. Adding certificate verification is strongly advised. See: https://urllib3.readthedocs.io/en/latest/advanced-usage.html#tls-warnings
  warnings.warn(</msg>
<msg time="2024-03-24T19:12:22.305547" level="INFO">${response} = &lt;Response [200]&gt;</msg>
<var>${response}</var>
<arg>consultarAPI</arg>
<arg>/api</arg>
<doc>Sends a GET request on a previously created HTTP Session.</doc>
<status status="PASS" start="2024-03-24T19:12:22.211934" elapsed="0.093661"/>
</kw>
<kw name="Set Variable" owner="BuiltIn">
<msg time="2024-03-24T19:12:22.306809" level="INFO">${json_data} = {'results': [{'gender': 'female', 'name': {'title': 'Ms', 'first': 'Purificación', 'last': 'Delgado'}, 'location': {'street': {'number': 2043, 'name': 'Calle de Ferraz'}, 'city': 'Alcobendas', 'state'...</msg>
<var>${json_data}</var>
<arg>${response.json()}</arg>
<doc>Returns the given values which can then be assigned to a variables.</doc>
<status status="PASS" start="2024-03-24T19:12:22.306233" elapsed="0.000613"/>
</kw>
<kw name="Log" owner="BuiltIn">
<msg time="2024-03-24T19:12:22.307368" level="INFO">{'results': [{'gender': 'female', 'name': {'title': 'Ms', 'first': 'Purificación', 'last': 'Delgado'}, 'location': {'street': {'number': 2043, 'name': 'Calle de Ferraz'}, 'city': 'Alcobendas', 'state': 'Islas Baleares', 'country': 'Spain', 'postcode': 34372, 'coordinates': {'latitude': '-37.9568', 'longitude': '4.9772'}, 'timezone': {'offset': '-10:00', 'description': 'Hawaii'}}, 'email': 'purificacion.delgado@example.com', 'login': {'uuid': 'c3f1370a-4742-4f59-a9b7-9bf5501d24c3', 'username': 'lazylion736', 'password': 'porsche9', 'salt': 'Drl0wLkJ', 'md5': 'd16a55ea2f964db1571534e1a98df1db', 'sha1': 'f009d53b063067c32baf56e9e65006a2014ac58f', 'sha256': 'c163f6b05f14ae6ade38ae22bf6005f03b6cf5f992947cac34cd50a79084a97d'}, 'dob': {'date': '1999-05-08T11:48:16.853Z', 'age': 24}, 'registered': {'date': '2009-10-12T22:39:46.379Z', 'age': 14}, 'phone': '900-813-715', 'cell': '667-740-762', 'id': {'name': 'DNI', 'value': '34539656-K'}, 'picture': {'large': 'https://randomuser.me/api/portraits/women/33.jpg', 'medium': 'https://randomuser.me/api/portraits/med/women/33.jpg', 'thumbnail': 'https://randomuser.me/api/portraits/thumb/women/33.jpg'}, 'nat': 'ES'}], 'info': {'seed': '1ec07624adb9607a', 'results': 1, 'page': 1, 'version': '1.4'}}</msg>
<arg>${json_data}</arg>
<doc>Logs the given message with the given level.</doc>
<status status="PASS" start="2024-03-24T19:12:22.307186" elapsed="0.000267"/>
</kw>
<kw name="Should Be Equal As Numbers" owner="BuiltIn">
<arg>${json_data['results'][0]['location']['postcode']}</arg>
<arg>${json_data['results'][0]['location']['postcode']}</arg>
<doc>Fails if objects are unequal after converting them to real numbers.</doc>
<status status="PASS" start="2024-03-24T19:12:22.307955" elapsed="0.000645"/>
</kw>
<kw name="Log" owner="BuiltIn">
<msg time="2024-03-24T19:12:22.309185" level="INFO">34372</msg>
<arg>${json_data['results'][0]['location']['postcode']}</arg>
<doc>Logs the given message with the given level.</doc>
<status status="PASS" start="2024-03-24T19:12:22.308799" elapsed="0.000429"/>
</kw>
<status status="PASS" start="2024-03-24T19:12:22.211698" elapsed="0.097791"/>
</kw>
<doc>Testa se os tipos de dados na resposta da API estão corretos.</doc>
<tag>testeTiposDados</tag>
<status status="PASS" start="2024-03-24T19:12:22.134244" elapsed="0.175417"/>
</test>
<test id="s1-s1-t5" name="Validar conteudo" line="35">
<kw name="Teste de Tipos de Conteudo" owner="random-user-service">
<kw name="GET On Session" owner="RequestsLibrary">
<msg time="2024-03-24T19:12:22.405368" level="INFO">GET Request : url=https://randomuser.me/api 
 path_url=/api 
 headers={'User-Agent': 'python-requests/2.31.0', 'Accept-Encoding': 'gzip, deflate', 'Accept': '*/*', 'Connection': 'keep-alive'} 
 body=None 
 </msg>
<msg time="2024-03-24T19:12:22.405470" level="INFO">GET Response : url=https://randomuser.me/api 
 status=200, reason=OK 
 headers={'Date': 'Sun, 24 Mar 2024 19:12:22 GMT', 'Content-Type': 'application/json; charset=utf-8', 'Transfer-Encoding': 'chunked', 'Connection': 'keep-alive', 'X-Powered-By': 'Express', 'Access-Control-Allow-Origin': '*', 'Cache-Control': 'no-cache', 'ETag': 'W/"4a1-ijTjRcJh5tXJr0gQE4b8aeoaonU"', 'Vary': 'Accept-Encoding', 'Content-Encoding': 'gzip', 'CF-Cache-Status': 'DYNAMIC', 'Report-To': '{"endpoints":[{"url":"https:\\/\\/a.nel.cloudflare.com\\/report\\/v4?s=xwyfLArhfFYR2Yj3kYPi501rheKvbwmzravqz%2FHfhhQ1n3d9r5FlBUGuYcEXR%2Bwj9JGpIVsCxJjg2RfDfMEAvNJVBrGTmrKUZCM2YECLdNuys8srZYGpTJhn7oEUcZUn"}],"group":"cf-nel","max_age":604800}', 'NEL': '{"success_fraction":0,"report_to":"cf-nel","max_age":604800}', 'Server': 'cloudflare', 'CF-RAY': '8698f8eb7d722021-IAD', 'alt-svc': 'h3=":443"; ma=86400'} 
 body={"results":[{"gender":"female","name":{"title":"Madame","first":"Giulia","last":"Vidal"},"location":{"street":{"number":3153,"name":"Place du 8 Février 1962"},"city":"Ederswiler","state":"Neuchâtel","country":"Switzerland","postcode":5546,"coordinates":{"latitude":"-63.5327","longitude":"178.0584"},"timezone":{"offset":"-12:00","description":"Eniwetok, Kwajalein"}},"email":"giulia.vidal@example.com","login":{"uuid":"5f205447-0177-4db1-a514-d2bccc8dedbe","username":"crazysnake231","password":"ambrose","salt":"eCBZTeAv","md5":"3ab4b6631a23fa2900c8262e62ed7469","sha1":"887c3a0ad0b40cfa22947c87c1f37699643a0af4","sha256":"6b34e0a18d64982381f2f1579d4cc57bdbfdec86ae85df4a9c4d0308b1b0b737"},"dob":{"date":"1985-02-20T11:17:41.271Z","age":39},"registered":{"date":"2017-09-12T02:59:38.748Z","age":6},"phone":"079 887 85 51","cell":"076 438 67 81","id":{"name":"AVS","value":"756.5920.8901.27"},"picture":{"large":"https://randomuser.me/api/portraits/women/78.jpg","medium":"https://randomuser.me/api/portraits/med/women/78.jpg","thumbnail":"https://randomuser.me/api/portraits/thumb/women/78.jpg"},"nat":"CH"}],"info":{"seed":"4ee2f58646f7918b","results":1,"page":1,"version":"1.4"}} 
 </msg>
<msg time="2024-03-24T19:12:22.405539" level="INFO">/opt/hostedtoolcache/Python/3.12.2/x64/lib/python3.12/site-packages/urllib3/connectionpool.py:1103: InsecureRequestWarning: Unverified HTTPS request is being made to host 'randomuser.me'. Adding certificate verification is strongly advised. See: https://urllib3.readthedocs.io/en/latest/advanced-usage.html#tls-warnings
  warnings.warn(</msg>
<msg time="2024-03-24T19:12:22.405669" level="INFO">${response} = &lt;Response [200]&gt;</msg>
<var>${response}</var>
<arg>consultarAPI</arg>
<arg>/api</arg>
<doc>Sends a GET request on a previously created HTTP Session.</doc>
<status status="PASS" start="2024-03-24T19:12:22.312223" elapsed="0.093486"/>
</kw>
<kw name="Set Variable" owner="BuiltIn">
<msg time="2024-03-24T19:12:22.406876" level="INFO">${json_data} = {'results': [{'gender': 'female', 'name': {'title': 'Madame', 'first': 'Giulia', 'last': 'Vidal'}, 'location': {'street': {'number': 3153, 'name': 'Place du 8 Février 1962'}, 'city': 'Ederswiler', 'st...</msg>
<var>${json_data}</var>
<arg>${response.json()}</arg>
<doc>Returns the given values which can then be assigned to a variables.</doc>
<status status="PASS" start="2024-03-24T19:12:22.406333" elapsed="0.000572"/>
</kw>
<kw name="Set Variable" owner="BuiltIn">
<msg time="2024-03-24T19:12:22.407601" level="INFO">${name_title} = Madame</msg>
<var>${name_title}</var>
<arg>${json_data["results"][0]["name"]["title"]}</arg>
<doc>Returns the given values which can then be assigned to a variables.</doc>
<status status="PASS" start="2024-03-24T19:12:22.407218" elapsed="0.000408"/>
</kw>
<kw name="Create List" owner="BuiltIn">
<msg time="2024-03-24T19:12:22.408074" level="INFO">${allowed_titles} = ['Mr', 'Ms', 'Miss', 'Mrs', 'Madame', 'Monsieur']</msg>
<var>${allowed_titles}</var>
<arg>Mr</arg>
<arg>Ms</arg>
<arg>Miss</arg>
<arg>Mrs</arg>
<arg>Madame</arg>
<arg>Monsieur</arg>
<doc>Returns a list containing given items.</doc>
<status status="PASS" start="2024-03-24T19:12:22.407926" elapsed="0.000173"/>
</kw>
<kw name="List Should Contain Value" owner="Collections">
<msg time="2024-03-24T19:12:22.408574" level="INFO">False</msg>
<arg>${allowed_titles}</arg>
<arg>${name_title}</arg>
<doc>Fails if the ``value`` is not found from ``list``.</doc>
<status status="PASS" start="2024-03-24T19:12:22.408400" elapsed="0.000217"/>
</kw>
<kw name="Set Variable" owner="BuiltIn">
<msg time="2024-03-24T19:12:22.409320" level="INFO">${name_country} = CH</msg>
<var>${name_country}</var>
<arg>${json_data["results"][0]["nat"]}</arg>
<doc>Returns the given values which can then be assigned to a variables.</doc>
<status status="PASS" start="2024-03-24T19:12:22.408942" elapsed="0.000403"/>
</kw>
<kw name="Create List" owner="BuiltIn">
<msg time="2024-03-24T19:12:22.410250" level="INFO">${list_country} = ['AD', 'AE', 'AF', 'AG', 'AI', 'AL', 'AM', 'AO', 'AQ', 'AR', 'AS', 'AT', 'AU', 'AW', 'AX', 'AZ', 'BA', 'BB', 'BD', 'BE', 'BF', 'BG', 'BH', 'BI', 'BJ', 'BL', 'BM', 'BN', 'BO', 'BQ', 'BR', 'BS', 'BT', '...</msg>
<var>${list_country}</var>
<arg>AD</arg>
<arg>AE</arg>
<arg>AF</arg>
<arg>AG</arg>
<arg>AI</arg>
<arg>AL</arg>
<arg>AM</arg>
<arg>AO</arg>
<arg>AQ</arg>
<arg>AR</arg>
<arg>AS</arg>
<arg>AT</arg>
<arg>AU</arg>
<arg>AW</arg>
<arg>AX</arg>
<arg>AZ</arg>
<arg>BA</arg>
<arg>BB</arg>
<arg>BD</arg>
<arg>BE</arg>
<arg>BF</arg>
<arg>BG</arg>
<arg>BH</arg>
<arg>BI</arg>
<arg>BJ</arg>
<arg>BL</arg>
<arg>BM</arg>
<arg>BN</arg>
<arg>BO</arg>
<arg>BQ</arg>
<arg>BR</arg>
<arg>BS</arg>
<arg>BT</arg>
<arg>BV</arg>
<arg>BW</arg>
<arg>BY</arg>
<arg>BZ</arg>
<arg>CA</arg>
<arg>CC</arg>
<arg>CD</arg>
<arg>CF</arg>
<arg>CG</arg>
<arg>CH</arg>
<arg>CI</arg>
<arg>CK</arg>
<arg>CL</arg>
<arg>CM</arg>
<arg>CN</arg>
<arg>CO</arg>
<arg>CR</arg>
<arg>CU</arg>
<arg>CV</arg>
<arg>CW</arg>
<arg>CX</arg>
<arg>CY</arg>
<arg>CZ</arg>
<arg>DE</arg>
<arg>DJ</arg>
<arg>DK</arg>
<arg>DM</arg>
<arg>DO</arg>
<arg>DZ</arg>
<arg>EC</arg>
<arg>EE</arg>
<arg>EG</arg>
<arg>EH</arg>
<arg>ER</arg>
<arg>ES</arg>
<arg>ET</arg>
<arg>FI</arg>
<arg>FJ</arg>
<arg>FK</arg>
<arg>FM</arg>
<arg>FO</arg>
<arg>FR</arg>
<arg>GA</arg>
<arg>GB</arg>
<arg>GD</arg>
<arg>GE</arg>
<arg>GF</arg>
<arg>GG</arg>
<arg>GH</arg>
<arg>GI</arg>
<arg>GL</arg>
<arg>GM</arg>
<arg>GN</arg>
<arg>GP</arg>
<arg>GQ</arg>
<arg>GR</arg>
<arg>GS</arg>
<arg>GT</arg>
<arg>GU</arg>
<arg>GW</arg>
<arg>GY</arg>
<arg>HK</arg>
<arg>HM</arg>
<arg>HN</arg>
<arg>HR</arg>
<arg>HT</arg>
<arg>HU</arg>
<arg>ID</arg>
<arg>IE</arg>
<arg>IL</arg>
<arg>IM</arg>
<arg>IN</arg>
<arg>IO</arg>
<arg>IQ</arg>
<arg>IR</arg>
<arg>IS</arg>
<arg>IT</arg>
<arg>JE</arg>
<arg>JM</arg>
<arg>JO</arg>
<arg>JP</arg>
<arg>KE</arg>
<arg>KG</arg>
<arg>KH</arg>
<arg>KI</arg>
<arg>KM</arg>
<arg>KN</arg>
<arg>KP</arg>
<arg>KR</arg>
<arg>KW</arg>
<arg>KY</arg>
<arg>KZ</arg>
<arg>LA</arg>
<arg>LB</arg>
<arg>LC</arg>
<arg>LI</arg>
<arg>LK</arg>
<arg>LR</arg>
<arg>LS</arg>
<arg>LT</arg>
<arg>LU</arg>
<arg>LV</arg>
<arg>LY</arg>
<arg>MA</arg>
<arg>MC</arg>
<arg>MD</arg>
<arg>ME</arg>
<arg>MF</arg>
<arg>MG</arg>
<arg>MH</arg>
<arg>MK</arg>
<arg>ML</arg>
<arg>MM</arg>
<arg>MN</arg>
<arg>MO</arg>
<arg>MP</arg>
<arg>MQ</arg>
<arg>MR</arg>
<arg>MS</arg>
<arg>MT</arg>
<arg>MU</arg>
<arg>MV</arg>
<arg>MW</arg>
<arg>MX</arg>
<arg>MY</arg>
<arg>MZ</arg>
<arg>NA</arg>
<arg>NC</arg>
<arg>NE</arg>
<arg>NF</arg>
<arg>NG</arg>
<arg>NI</arg>
<arg>NL</arg>
<arg>NO</arg>
<arg>NP</arg>
<arg>NR</arg>
<arg>NU</arg>
<arg>NZ</arg>
<arg>OM</arg>
<arg>PA</arg>
<arg>PE</arg>
<arg>PF</arg>
<arg>PG</arg>
<arg>PH</arg>
<arg>PK</arg>
<arg>PL</arg>
<arg>PM</arg>
<arg>PN</arg>
<arg>PR</arg>
<arg>PS</arg>
<arg>PT</arg>
<arg>PW</arg>
<arg>PY</arg>
<arg>QA</arg>
<arg>RE</arg>
<arg>RO</arg>
<arg>RS</arg>
<arg>RU</arg>
<arg>RW</arg>
<arg>SA</arg>
<arg>SB</arg>
<arg>SC</arg>
<arg>SD</arg>
<arg>SE</arg>
<arg>SG</arg>
<arg>SH</arg>
<arg>SI</arg>
<arg>SJ</arg>
<arg>SK</arg>
<arg>SL</arg>
<arg>SM</arg>
<arg>SN</arg>
<arg>SO</arg>
<arg>SR</arg>
<arg>SS</arg>
<arg>ST</arg>
<arg>SV</arg>
<arg>SX</arg>
<arg>SY</arg>
<arg>SZ</arg>
<arg>TC</arg>
<arg>TD</arg>
<arg>TF</arg>
<arg>TG</arg>
<arg>TH</arg>
<arg>TJ</arg>
<arg>TK</arg>
<arg>TL</arg>
<arg>TM</arg>
<arg>TN</arg>
<arg>TO</arg>
<arg>TR</arg>
<arg>TT</arg>
<arg>TV</arg>
<arg>TW</arg>
<arg>TZ</arg>
<arg>UA</arg>
<arg>UG</arg>
<arg>UM</arg>
<arg>US</arg>
<arg>UY</arg>
<arg>UZ</arg>
<arg>VA</arg>
<arg>VC</arg>
<arg>VE</arg>
<arg>VG</arg>
<arg>VI</arg>
<arg>VN</arg>
<arg>VU</arg>
<arg>WF</arg>
<arg>WS</arg>
<arg>XK</arg>
<arg>YE</arg>
<arg>YT</arg>
<arg>ZA</arg>
<arg>ZM</arg>
<arg>ZW</arg>
<doc>Returns a list containing given items.</doc>
<status status="PASS" start="2024-03-24T19:12:22.409647" elapsed="0.000629"/>
</kw>
<kw name="List Should Contain Value" owner="Collections">
<msg time="2024-03-24T19:12:22.411262" level="INFO">False</msg>
<arg>${list_country}</arg>
<arg>${name_country}</arg>
<doc>Fails if the ``value`` is not found from ``list``.</doc>
<status status="PASS" start="2024-03-24T19:12:22.411063" elapsed="0.000237"/>
</kw>
<kw name="Run Keyword If" owner="BuiltIn">
<kw name="Should Be True" owner="BuiltIn">
<arg>${True}</arg>
<doc>Fails if the given condition is not true.</doc>
<status status="PASS" start="2024-03-24T19:12:22.412369" elapsed="0.000260"/>
</kw>
<arg>${json_data["results"][0]["location"]["coordinates"]["latitude"]} &gt;= -90 and ${json_data["results"][0]["location"]["coordinates"]["latitude"]} &lt;= 90</arg>
<arg>Should Be True</arg>
<arg>${True}</arg>
<doc>Runs the given keyword with the given arguments, if ``condition`` is true.</doc>
<status status="PASS" start="2024-03-24T19:12:22.411616" elapsed="0.001147"/>
</kw>
<kw name="Run Keyword If" owner="BuiltIn">
<kw name="Should Be True" owner="BuiltIn">
<arg>${True}</arg>
<doc>Fails if the given condition is not true.</doc>
<status status="PASS" start="2024-03-24T19:12:22.413685" elapsed="0.000140"/>
</kw>
<arg>${json_data["results"][0]["location"]["coordinates"]["longitude"]} &gt;= -180 and ${json_data["results"][0]["location"]["coordinates"]["longitude"]} &lt;= 180</arg>
<arg>Should Be True</arg>
<arg>${True}</arg>
<doc>Runs the given keyword with the given arguments, if ``condition`` is true.</doc>
<status status="PASS" start="2024-03-24T19:12:22.412984" elapsed="0.000967"/>
</kw>
<status status="PASS" start="2024-03-24T19:12:22.311988" elapsed="0.102096"/>
</kw>
<doc>Testa o conteúdo específico dos campos retornados pela API.</doc>
<tag>testeConteudo</tag>
<status status="PASS" start="2024-03-24T19:12:22.311439" elapsed="0.102800"/>
</test>
<status status="PASS" start="2024-03-24T19:12:21.564901" elapsed="0.851324"/>
</suite>
<status status="PASS" start="2024-03-24T19:12:21.551254" elapsed="0.870346"/>
</suite>
<statistics>
<total>
<stat pass="5" fail="0" skip="0">All Tests</stat>
</total>
<tag>
<stat pass="1" fail="0" skip="0">testeConteudo</stat>
<stat pass="1" fail="0" skip="0">testeEstruturaResposta</stat>
<stat pass="1" fail="0" skip="0">testeRequisicaoBasica</stat>
<stat pass="1" fail="0" skip="0">testeTiposDados</stat>
</tag>
<suite>
<stat pass="5" fail="0" skip="0" id="s1" name="Tests">Tests</stat>
<stat pass="5" fail="0" skip="0" id="s1-s1" name="Random-User-Test">Tests.Random-User-Test</stat>
</suite>
</statistics>
<errors>
</errors>
</robot>
