<?xml version="1.0" encoding="UTF-8"?>
<robot generator="Robot 7.0 (Python 3.12.2 on linux)" generated="2024-04-11T18:16:55.967016" rpa="false" schemaversion="5">
<suite id="s1" name="Tests" source="/home/runner/work/DesafioQAItauRogerioJordao/DesafioQAItauRogerioJordao/RamdonUser/tests">
<suite id="s1-s1" name="Random-User-Test" source="/home/runner/work/DesafioQAItauRogerioJordao/DesafioQAItauRogerioJordao/RamdonUser/tests/random-user-test.robot">
<test id="s1-s1-t1" name="Conectar" line="13">
<kw name="Conectar API" owner="random-user-service">
<kw name="Create Session" owner="RequestsLibrary">
<msg time="2024-04-11T18:16:56.313573" level="INFO">Creating Session using : alias=consultarAPI, url=https://randomuser.me/, headers={},                     cookies={}, auth=None, timeout=None, proxies=None, verify=False,                     debug=0 </msg>
<arg>consultarAPI</arg>
<arg>${URL}</arg>
<doc>Create Session: create a HTTP session to a server</doc>
<status status="PASS" start="2024-04-11T18:16:56.313376" elapsed="0.000356"/>
</kw>
<status status="PASS" start="2024-04-11T18:16:56.312373" elapsed="0.001703"/>
</kw>
<status status="PASS" start="2024-04-11T18:16:56.311832" elapsed="0.002444"/>
</test>
<test id="s1-s1-t2" name="Validar retorno 200 e JSON Válido" line="16">
<kw name="Teste de Requisicao Basica" owner="random-user-service">
<kw name="GET On Session" owner="RequestsLibrary">
<msg time="2024-04-11T18:16:56.427420" level="INFO">GET Request : url=https://randomuser.me/api 
 path_url=/api 
 headers={'User-Agent': 'python-requests/2.31.0', 'Accept-Encoding': 'gzip, deflate', 'Accept': '*/*', 'Connection': 'keep-alive'} 
 body=None 
 </msg>
<msg time="2024-04-11T18:16:56.427567" level="INFO">GET Response : url=https://randomuser.me/api 
 status=200, reason=OK 
 headers={'Date': 'Thu, 11 Apr 2024 18:16:56 GMT', 'Content-Type': 'application/json; charset=utf-8', 'Transfer-Encoding': 'chunked', 'Connection': 'keep-alive', 'X-Powered-By': 'Express', 'Access-Control-Allow-Origin': '*', 'Cache-Control': 'no-cache', 'ETag': 'W/"490-k7Z08uPHBEWTyIqyLcLcQcCweRE"', 'Vary': 'Accept-Encoding', 'Content-Encoding': 'gzip', 'CF-Cache-Status': 'DYNAMIC', 'Report-To': '{"endpoints":[{"url":"https:\\/\\/a.nel.cloudflare.com\\/report\\/v4?s=Ee%2FOMyLDgx%2FAjy9JSfb77WVaAtBec1FRcY%2Bw9jOxhztaj1KLFYYhPlHRL%2F0QnhR1y7fCnJUN1V1YPUclYdgDNvnpRO1O1Fc25q1bKXQCVV3%2FBj8o9LJ10JB3JF%2FsIIaF"}],"group":"cf-nel","max_age":604800}', 'NEL': '{"success_fraction":0,"report_to":"cf-nel","max_age":604800}', 'Server': 'cloudflare', 'CF-RAY': '872cf8785ea98710-ORD', 'alt-svc': 'h3=":443"; ma=86400'} 
 body={"results":[{"gender":"male","name":{"title":"Mr","first":"دانیال","last":"نكو نظر"},"location":{"street":{"number":868,"name":"تقوی"},"city":"کرج","state":"بوشهر","country":"Iran","postcode":86238,"coordinates":{"latitude":"20.5295","longitude":"-149.8874"},"timezone":{"offset":"0:00","description":"Western Europe Time, London, Lisbon, Casablanca"}},"email":"dnyl.nkwnzr@example.com","login":{"uuid":"5b712e3d-d72f-45ff-b8fb-f645f8ca7ff5","username":"yellowpeacock979","password":"list","salt":"2El7v07S","md5":"c642c241caa14826ad235ed235f6eb47","sha1":"0aa90a17faec6e4d3361424a82a0306f9cb6ce1a","sha256":"4673e3d0af53083a62b20e0fb99709a77b8312041be5346129532ebbfbe1d44d"},"dob":{"date":"1968-03-06T01:31:31.783Z","age":56},"registered":{"date":"2007-04-15T13:10:19.812Z","age":16},"phone":"095-76499377","cell":"0991-618-0343","id":{"name":"","value":null},"picture":{"large":"https://randomuser.me/api/portraits/men/35.jpg","medium":"https://randomuser.me/api/portraits/med/men/35.jpg","thumbnail":"https://randomuser.me/api/portraits/thumb/men/35.jpg"},"nat":"IR"}],"info":{"seed":"a8caf18becdccc0c","results":1,"page":1,"version":"1.4"}} 
 </msg>
<msg time="2024-04-11T18:16:56.427663" level="INFO">/opt/hostedtoolcache/Python/3.12.2/x64/lib/python3.12/site-packages/urllib3/connectionpool.py:1103: InsecureRequestWarning: Unverified HTTPS request is being made to host 'randomuser.me'. Adding certificate verification is strongly advised. See: https://urllib3.readthedocs.io/en/latest/advanced-usage.html#tls-warnings
  warnings.warn(</msg>
<msg time="2024-04-11T18:16:56.427831" level="INFO">${response} = &lt;Response [200]&gt;</msg>
<var>${response}</var>
<arg>consultarAPI</arg>
<arg>/api</arg>
<doc>Sends a GET request on a previously created HTTP Session.</doc>
<status status="PASS" start="2024-04-11T18:16:56.316845" elapsed="0.111040"/>
</kw>
<kw name="Should Be Equal As Numbers" owner="BuiltIn">
<msg time="2024-04-11T18:16:56.428750" level="INFO">Argument types are:
&lt;class 'int'&gt;
&lt;class 'str'&gt;</msg>
<arg>${response.status_code}</arg>
<arg>200</arg>
<doc>Fails if objects are unequal after converting them to real numbers.</doc>
<status status="PASS" start="2024-04-11T18:16:56.428327" elapsed="0.000494"/>
</kw>
<kw name="Log" owner="BuiltIn">
<msg time="2024-04-11T18:16:56.429506" level="INFO">200</msg>
<arg>${response.status_code}</arg>
<doc>Logs the given message with the given level.</doc>
<status status="PASS" start="2024-04-11T18:16:56.429143" elapsed="0.000407"/>
</kw>
<kw name="Set Variable" owner="BuiltIn">
<msg time="2024-04-11T18:16:56.430330" level="INFO">${json_data} = {'results': [{'gender': 'male', 'name': {'title': 'Mr', 'first': 'دانیال', 'last': 'نكو نظر'}, 'location': {'street': {'number': 868, 'name': 'تقوی'}, 'city': 'کرج', 'state': 'بوشهر', 'country': 'Iran...</msg>
<var>${json_data}</var>
<arg>${response.json()}</arg>
<doc>Returns the given values which can then be assigned to a variables.</doc>
<status status="PASS" start="2024-04-11T18:16:56.429881" elapsed="0.000480"/>
</kw>
<kw name="Dictionary Should Contain Key" owner="Collections">
<msg time="2024-04-11T18:16:56.430835" level="INFO">False</msg>
<arg>${json_data}</arg>
<arg>results</arg>
<doc>Fails if ``key`` is not found from ``dictionary``.</doc>
<status status="PASS" start="2024-04-11T18:16:56.430669" elapsed="0.000206"/>
</kw>
<status status="PASS" start="2024-04-11T18:16:56.316573" elapsed="0.114554"/>
</kw>
<doc>Testa se a API responde corretamente e retorna um objeto JSON válido.</doc>
<tag>testeRequisicaoBasica</tag>
<status status="PASS" start="2024-04-11T18:16:56.316087" elapsed="0.115213"/>
</test>
<test id="s1-s1-t3" name="Validar estrutura de resposta" line="22">
<kw name="Teste de Estrutura de Resposta" owner="random-user-service">
<kw name="GET On Session" owner="RequestsLibrary">
<msg time="2024-04-11T18:16:56.576743" level="INFO">GET Request : url=https://randomuser.me/api 
 path_url=/api 
 headers={'User-Agent': 'python-requests/2.31.0', 'Accept-Encoding': 'gzip, deflate', 'Accept': '*/*', 'Connection': 'keep-alive'} 
 body=None 
 </msg>
<msg time="2024-04-11T18:16:56.576831" level="INFO">GET Response : url=https://randomuser.me/api 
 status=200, reason=OK 
 headers={'Date': 'Thu, 11 Apr 2024 18:16:56 GMT', 'Content-Type': 'application/json; charset=utf-8', 'Transfer-Encoding': 'chunked', 'Connection': 'keep-alive', 'X-Powered-By': 'Express', 'Access-Control-Allow-Origin': '*', 'Cache-Control': 'no-cache', 'ETag': 'W/"491-iURuj0BBmTtYs1g9hES4yaRLft8"', 'Vary': 'Accept-Encoding', 'Content-Encoding': 'gzip', 'CF-Cache-Status': 'DYNAMIC', 'Report-To': '{"endpoints":[{"url":"https:\\/\\/a.nel.cloudflare.com\\/report\\/v4?s=VB0MotE7WHaNT8Sr7VcNPDTQ%2BnlLmjsvTVSOlTlqFUCLg%2BfUWJ9T%2BrtS9dZJ8xZqgdasjSNtVx0EFb8zgady%2BzcxhgQ7fcwaSH%2FrWL33t6PTreeyHVOlIynMZ80JhxHF"}],"group":"cf-nel","max_age":604800}', 'NEL': '{"success_fraction":0,"report_to":"cf-nel","max_age":604800}', 'Server': 'cloudflare', 'CF-RAY': '872cf878bfb18710-ORD', 'alt-svc': 'h3=":443"; ma=86400'} 
 body={"results":[{"gender":"male","name":{"title":"Mr","first":"Xavier","last":"Ennis"},"location":{"street":{"number":7150,"name":"Vimy St"},"city":"Oakville","state":"British Columbia","country":"Canada","postcode":"M9J 7C5","coordinates":{"latitude":"-66.3912","longitude":"-74.5092"},"timezone":{"offset":"+11:00","description":"Magadan, Solomon Islands, New Caledonia"}},"email":"xavier.ennis@example.com","login":{"uuid":"f4fbf91d-7cfe-427e-95ac-0db499c1456b","username":"redrabbit111","password":"filthy","salt":"DW05iD6f","md5":"1ef43419ac2f8d7176559e81fec325bc","sha1":"c62984d8c0500b07009dc6c794696a3e8126a984","sha256":"6fa74deac60e02e9720d78fcb61773970df6f6377bdbcfcb4781df0036f08aec"},"dob":{"date":"1991-11-25T05:57:34.190Z","age":32},"registered":{"date":"2016-05-28T03:41:42.254Z","age":7},"phone":"P57 C23-4732","cell":"M89 V77-6111","id":{"name":"SIN","value":"870319886"},"picture":{"large":"https://randomuser.me/api/portraits/men/26.jpg","medium":"https://randomuser.me/api/portraits/med/men/26.jpg","thumbnail":"https://randomuser.me/api/portraits/thumb/men/26.jpg"},"nat":"CA"}],"info":{"seed":"7a0fd34d2deee902","results":1,"page":1,"version":"1.4"}} 
 </msg>
<msg time="2024-04-11T18:16:56.576970" level="INFO">/opt/hostedtoolcache/Python/3.12.2/x64/lib/python3.12/site-packages/urllib3/connectionpool.py:1103: InsecureRequestWarning: Unverified HTTPS request is being made to host 'randomuser.me'. Adding certificate verification is strongly advised. See: https://urllib3.readthedocs.io/en/latest/advanced-usage.html#tls-warnings
  warnings.warn(</msg>
<msg time="2024-04-11T18:16:56.577145" level="INFO">${response} = &lt;Response [200]&gt;</msg>
<var>${response}</var>
<arg>consultarAPI</arg>
<arg>/api</arg>
<doc>Sends a GET request on a previously created HTTP Session.</doc>
<status status="PASS" start="2024-04-11T18:16:56.434012" elapsed="0.143186"/>
</kw>
<kw name="Set Variable" owner="BuiltIn">
<msg time="2024-04-11T18:16:56.578033" level="INFO">${json_data} = {'results': [{'gender': 'male', 'name': {'title': 'Mr', 'first': 'Xavier', 'last': 'Ennis'}, 'location': {'street': {'number': 7150, 'name': 'Vimy St'}, 'city': 'Oakville', 'state': 'British Columbia'...</msg>
<var>${json_data}</var>
<arg>${response.json()}</arg>
<doc>Returns the given values which can then be assigned to a variables.</doc>
<status status="PASS" start="2024-04-11T18:16:56.577583" elapsed="0.000478"/>
</kw>
<kw name="Log" owner="BuiltIn">
<msg time="2024-04-11T18:16:56.578530" level="INFO">{'results': [{'gender': 'male', 'name': {'title': 'Mr', 'first': 'Xavier', 'last': 'Ennis'}, 'location': {'street': {'number': 7150, 'name': 'Vimy St'}, 'city': 'Oakville', 'state': 'British Columbia', 'country': 'Canada', 'postcode': 'M9J 7C5', 'coordinates': {'latitude': '-66.3912', 'longitude': '-74.5092'}, 'timezone': {'offset': '+11:00', 'description': 'Magadan, Solomon Islands, New Caledonia'}}, 'email': 'xavier.ennis@example.com', 'login': {'uuid': 'f4fbf91d-7cfe-427e-95ac-0db499c1456b', 'username': 'redrabbit111', 'password': 'filthy', 'salt': 'DW05iD6f', 'md5': '1ef43419ac2f8d7176559e81fec325bc', 'sha1': 'c62984d8c0500b07009dc6c794696a3e8126a984', 'sha256': '6fa74deac60e02e9720d78fcb61773970df6f6377bdbcfcb4781df0036f08aec'}, 'dob': {'date': '1991-11-25T05:57:34.190Z', 'age': 32}, 'registered': {'date': '2016-05-28T03:41:42.254Z', 'age': 7}, 'phone': 'P57 C23-4732', 'cell': 'M89 V77-6111', 'id': {'name': 'SIN', 'value': '870319886'}, 'picture': {'large': 'https://randomuser.me/api/portraits/men/26.jpg', 'medium': 'https://randomuser.me/api/portraits/med/men/26.jpg', 'thumbnail': 'https://randomuser.me/api/portraits/thumb/men/26.jpg'}, 'nat': 'CA'}], 'info': {'seed': '7a0fd34d2deee902', 'results': 1, 'page': 1, 'version': '1.4'}}</msg>
<arg>${json_data}</arg>
<doc>Logs the given message with the given level.</doc>
<status status="PASS" start="2024-04-11T18:16:56.578371" elapsed="0.000208"/>
</kw>
<kw name="Dictionary Should Contain Key" owner="Collections">
<msg time="2024-04-11T18:16:56.579026" level="INFO">False</msg>
<arg>${json_data}</arg>
<arg>results</arg>
<doc>Fails if ``key`` is not found from ``dictionary``.</doc>
<status status="PASS" start="2024-04-11T18:16:56.578875" elapsed="0.000190"/>
</kw>
<kw name="Should Not Be Empty" owner="BuiltIn">
<msg time="2024-04-11T18:16:56.579490" level="INFO">Length is 2.</msg>
<arg>${json_data}</arg>
<doc>Verifies that the given item is not empty.</doc>
<status status="PASS" start="2024-04-11T18:16:56.579358" elapsed="0.000171"/>
</kw>
<kw name="Create List" owner="BuiltIn">
<msg time="2024-04-11T18:16:56.579975" level="INFO">${expected_keys} = ['gender', 'name', 'location', 'email', 'login']</msg>
<var>${expected_keys}</var>
<arg>gender</arg>
<arg>name</arg>
<arg>location</arg>
<arg>email</arg>
<arg>login</arg>
<doc>Returns a list containing given items.</doc>
<status status="PASS" start="2024-04-11T18:16:56.579823" elapsed="0.000176"/>
</kw>
<for flavor="IN">
<iter>
<kw name="Dictionary Should Contain Key" owner="Collections">
<msg time="2024-04-11T18:16:56.580995" level="INFO">False</msg>
<arg>${json_data['results'][0]}</arg>
<arg>${key}</arg>
<doc>Fails if ``key`` is not found from ``dictionary``.</doc>
<status status="PASS" start="2024-04-11T18:16:56.580566" elapsed="0.000468"/>
</kw>
<kw name="Log" owner="BuiltIn">
<msg time="2024-04-11T18:16:56.581719" level="INFO">{'gender': 'male', 'name': {'title': 'Mr', 'first': 'Xavier', 'last': 'Ennis'}, 'location': {'street': {'number': 7150, 'name': 'Vimy St'}, 'city': 'Oakville', 'state': 'British Columbia', 'country': 'Canada', 'postcode': 'M9J 7C5', 'coordinates': {'latitude': '-66.3912', 'longitude': '-74.5092'}, 'timezone': {'offset': '+11:00', 'description': 'Magadan, Solomon Islands, New Caledonia'}}, 'email': 'xavier.ennis@example.com', 'login': {'uuid': 'f4fbf91d-7cfe-427e-95ac-0db499c1456b', 'username': 'redrabbit111', 'password': 'filthy', 'salt': 'DW05iD6f', 'md5': '1ef43419ac2f8d7176559e81fec325bc', 'sha1': 'c62984d8c0500b07009dc6c794696a3e8126a984', 'sha256': '6fa74deac60e02e9720d78fcb61773970df6f6377bdbcfcb4781df0036f08aec'}, 'dob': {'date': '1991-11-25T05:57:34.190Z', 'age': 32}, 'registered': {'date': '2016-05-28T03:41:42.254Z', 'age': 7}, 'phone': 'P57 C23-4732', 'cell': 'M89 V77-6111', 'id': {'name': 'SIN', 'value': '870319886'}, 'picture': {'large': 'https://randomuser.me/api/portraits/men/26.jpg', 'medium': 'https://randomuser.me/api/portraits/med/men/26.jpg', 'thumbnail': 'https://randomuser.me/api/portraits/thumb/men/26.jpg'}, 'nat': 'CA'}</msg>
<arg>${json_data['results'][0]}</arg>
<doc>Logs the given message with the given level.</doc>
<status status="PASS" start="2024-04-11T18:16:56.581344" elapsed="0.000425"/>
</kw>
<kw name="Log" owner="BuiltIn">
<msg time="2024-04-11T18:16:56.582209" level="INFO">gender</msg>
<arg>${key}</arg>
<doc>Logs the given message with the given level.</doc>
<status status="PASS" start="2024-04-11T18:16:56.582077" elapsed="0.000171"/>
</kw>
<var name="${key}">gender</var>
<status status="PASS" start="2024-04-11T18:16:56.580444" elapsed="0.002043"/>
</iter>
<iter>
<kw name="Dictionary Should Contain Key" owner="Collections">
<msg time="2024-04-11T18:16:56.583179" level="INFO">False</msg>
<arg>${json_data['results'][0]}</arg>
<arg>${key}</arg>
<doc>Fails if ``key`` is not found from ``dictionary``.</doc>
<status status="PASS" start="2024-04-11T18:16:56.582791" elapsed="0.000426"/>
</kw>
<kw name="Log" owner="BuiltIn">
<msg time="2024-04-11T18:16:56.583922" level="INFO">{'gender': 'male', 'name': {'title': 'Mr', 'first': 'Xavier', 'last': 'Ennis'}, 'location': {'street': {'number': 7150, 'name': 'Vimy St'}, 'city': 'Oakville', 'state': 'British Columbia', 'country': 'Canada', 'postcode': 'M9J 7C5', 'coordinates': {'latitude': '-66.3912', 'longitude': '-74.5092'}, 'timezone': {'offset': '+11:00', 'description': 'Magadan, Solomon Islands, New Caledonia'}}, 'email': 'xavier.ennis@example.com', 'login': {'uuid': 'f4fbf91d-7cfe-427e-95ac-0db499c1456b', 'username': 'redrabbit111', 'password': 'filthy', 'salt': 'DW05iD6f', 'md5': '1ef43419ac2f8d7176559e81fec325bc', 'sha1': 'c62984d8c0500b07009dc6c794696a3e8126a984', 'sha256': '6fa74deac60e02e9720d78fcb61773970df6f6377bdbcfcb4781df0036f08aec'}, 'dob': {'date': '1991-11-25T05:57:34.190Z', 'age': 32}, 'registered': {'date': '2016-05-28T03:41:42.254Z', 'age': 7}, 'phone': 'P57 C23-4732', 'cell': 'M89 V77-6111', 'id': {'name': 'SIN', 'value': '870319886'}, 'picture': {'large': 'https://randomuser.me/api/portraits/men/26.jpg', 'medium': 'https://randomuser.me/api/portraits/med/men/26.jpg', 'thumbnail': 'https://randomuser.me/api/portraits/thumb/men/26.jpg'}, 'nat': 'CA'}</msg>
<arg>${json_data['results'][0]}</arg>
<doc>Logs the given message with the given level.</doc>
<status status="PASS" start="2024-04-11T18:16:56.583553" elapsed="0.000418"/>
</kw>
<kw name="Log" owner="BuiltIn">
<msg time="2024-04-11T18:16:56.584403" level="INFO">name</msg>
<arg>${key}</arg>
<doc>Logs the given message with the given level.</doc>
<status status="PASS" start="2024-04-11T18:16:56.584273" elapsed="0.000168"/>
</kw>
<var name="${key}">name</var>
<status status="PASS" start="2024-04-11T18:16:56.582676" elapsed="0.002005"/>
</iter>
<iter>
<kw name="Dictionary Should Contain Key" owner="Collections">
<msg time="2024-04-11T18:16:56.585357" level="INFO">False</msg>
<arg>${json_data['results'][0]}</arg>
<arg>${key}</arg>
<doc>Fails if ``key`` is not found from ``dictionary``.</doc>
<status status="PASS" start="2024-04-11T18:16:56.584977" elapsed="0.000418"/>
</kw>
<kw name="Log" owner="BuiltIn">
<msg time="2024-04-11T18:16:56.586064" level="INFO">{'gender': 'male', 'name': {'title': 'Mr', 'first': 'Xavier', 'last': 'Ennis'}, 'location': {'street': {'number': 7150, 'name': 'Vimy St'}, 'city': 'Oakville', 'state': 'British Columbia', 'country': 'Canada', 'postcode': 'M9J 7C5', 'coordinates': {'latitude': '-66.3912', 'longitude': '-74.5092'}, 'timezone': {'offset': '+11:00', 'description': 'Magadan, Solomon Islands, New Caledonia'}}, 'email': 'xavier.ennis@example.com', 'login': {'uuid': 'f4fbf91d-7cfe-427e-95ac-0db499c1456b', 'username': 'redrabbit111', 'password': 'filthy', 'salt': 'DW05iD6f', 'md5': '1ef43419ac2f8d7176559e81fec325bc', 'sha1': 'c62984d8c0500b07009dc6c794696a3e8126a984', 'sha256': '6fa74deac60e02e9720d78fcb61773970df6f6377bdbcfcb4781df0036f08aec'}, 'dob': {'date': '1991-11-25T05:57:34.190Z', 'age': 32}, 'registered': {'date': '2016-05-28T03:41:42.254Z', 'age': 7}, 'phone': 'P57 C23-4732', 'cell': 'M89 V77-6111', 'id': {'name': 'SIN', 'value': '870319886'}, 'picture': {'large': 'https://randomuser.me/api/portraits/men/26.jpg', 'medium': 'https://randomuser.me/api/portraits/med/men/26.jpg', 'thumbnail': 'https://randomuser.me/api/portraits/thumb/men/26.jpg'}, 'nat': 'CA'}</msg>
<arg>${json_data['results'][0]}</arg>
<doc>Logs the given message with the given level.</doc>
<status status="PASS" start="2024-04-11T18:16:56.585698" elapsed="0.000419"/>
</kw>
<kw name="Log" owner="BuiltIn">
<msg time="2024-04-11T18:16:56.586542" level="INFO">location</msg>
<arg>${key}</arg>
<doc>Logs the given message with the given level.</doc>
<status status="PASS" start="2024-04-11T18:16:56.586414" elapsed="0.000165"/>
</kw>
<var name="${key}">location</var>
<status status="PASS" start="2024-04-11T18:16:56.584865" elapsed="0.001929"/>
</iter>
<iter>
<kw name="Dictionary Should Contain Key" owner="Collections">
<msg time="2024-04-11T18:16:56.587454" level="INFO">False</msg>
<arg>${json_data['results'][0]}</arg>
<arg>${key}</arg>
<doc>Fails if ``key`` is not found from ``dictionary``.</doc>
<status status="PASS" start="2024-04-11T18:16:56.587080" elapsed="0.000412"/>
</kw>
<kw name="Log" owner="BuiltIn">
<msg time="2024-04-11T18:16:56.588153" level="INFO">{'gender': 'male', 'name': {'title': 'Mr', 'first': 'Xavier', 'last': 'Ennis'}, 'location': {'street': {'number': 7150, 'name': 'Vimy St'}, 'city': 'Oakville', 'state': 'British Columbia', 'country': 'Canada', 'postcode': 'M9J 7C5', 'coordinates': {'latitude': '-66.3912', 'longitude': '-74.5092'}, 'timezone': {'offset': '+11:00', 'description': 'Magadan, Solomon Islands, New Caledonia'}}, 'email': 'xavier.ennis@example.com', 'login': {'uuid': 'f4fbf91d-7cfe-427e-95ac-0db499c1456b', 'username': 'redrabbit111', 'password': 'filthy', 'salt': 'DW05iD6f', 'md5': '1ef43419ac2f8d7176559e81fec325bc', 'sha1': 'c62984d8c0500b07009dc6c794696a3e8126a984', 'sha256': '6fa74deac60e02e9720d78fcb61773970df6f6377bdbcfcb4781df0036f08aec'}, 'dob': {'date': '1991-11-25T05:57:34.190Z', 'age': 32}, 'registered': {'date': '2016-05-28T03:41:42.254Z', 'age': 7}, 'phone': 'P57 C23-4732', 'cell': 'M89 V77-6111', 'id': {'name': 'SIN', 'value': '870319886'}, 'picture': {'large': 'https://randomuser.me/api/portraits/men/26.jpg', 'medium': 'https://randomuser.me/api/portraits/med/men/26.jpg', 'thumbnail': 'https://randomuser.me/api/portraits/thumb/men/26.jpg'}, 'nat': 'CA'}</msg>
<arg>${json_data['results'][0]}</arg>
<doc>Logs the given message with the given level.</doc>
<status status="PASS" start="2024-04-11T18:16:56.587794" elapsed="0.000407"/>
</kw>
<kw name="Log" owner="BuiltIn">
<msg time="2024-04-11T18:16:56.588628" level="INFO">email</msg>
<arg>${key}</arg>
<doc>Logs the given message with the given level.</doc>
<status status="PASS" start="2024-04-11T18:16:56.588498" elapsed="0.000193"/>
</kw>
<var name="${key}">email</var>
<status status="PASS" start="2024-04-11T18:16:56.586969" elapsed="0.001965"/>
</iter>
<iter>
<kw name="Dictionary Should Contain Key" owner="Collections">
<msg time="2024-04-11T18:16:56.589604" level="INFO">False</msg>
<arg>${json_data['results'][0]}</arg>
<arg>${key}</arg>
<doc>Fails if ``key`` is not found from ``dictionary``.</doc>
<status status="PASS" start="2024-04-11T18:16:56.589223" elapsed="0.000420"/>
</kw>
<kw name="Log" owner="BuiltIn">
<msg time="2024-04-11T18:16:56.590293" level="INFO">{'gender': 'male', 'name': {'title': 'Mr', 'first': 'Xavier', 'last': 'Ennis'}, 'location': {'street': {'number': 7150, 'name': 'Vimy St'}, 'city': 'Oakville', 'state': 'British Columbia', 'country': 'Canada', 'postcode': 'M9J 7C5', 'coordinates': {'latitude': '-66.3912', 'longitude': '-74.5092'}, 'timezone': {'offset': '+11:00', 'description': 'Magadan, Solomon Islands, New Caledonia'}}, 'email': 'xavier.ennis@example.com', 'login': {'uuid': 'f4fbf91d-7cfe-427e-95ac-0db499c1456b', 'username': 'redrabbit111', 'password': 'filthy', 'salt': 'DW05iD6f', 'md5': '1ef43419ac2f8d7176559e81fec325bc', 'sha1': 'c62984d8c0500b07009dc6c794696a3e8126a984', 'sha256': '6fa74deac60e02e9720d78fcb61773970df6f6377bdbcfcb4781df0036f08aec'}, 'dob': {'date': '1991-11-25T05:57:34.190Z', 'age': 32}, 'registered': {'date': '2016-05-28T03:41:42.254Z', 'age': 7}, 'phone': 'P57 C23-4732', 'cell': 'M89 V77-6111', 'id': {'name': 'SIN', 'value': '870319886'}, 'picture': {'large': 'https://randomuser.me/api/portraits/men/26.jpg', 'medium': 'https://randomuser.me/api/portraits/med/men/26.jpg', 'thumbnail': 'https://randomuser.me/api/portraits/thumb/men/26.jpg'}, 'nat': 'CA'}</msg>
<arg>${json_data['results'][0]}</arg>
<doc>Logs the given message with the given level.</doc>
<status status="PASS" start="2024-04-11T18:16:56.589938" elapsed="0.000402"/>
</kw>
<kw name="Log" owner="BuiltIn">
<msg time="2024-04-11T18:16:56.590771" level="INFO">login</msg>
<arg>${key}</arg>
<doc>Logs the given message with the given level.</doc>
<status status="PASS" start="2024-04-11T18:16:56.590642" elapsed="0.000168"/>
</kw>
<var name="${key}">login</var>
<status status="PASS" start="2024-04-11T18:16:56.589111" elapsed="0.001953"/>
</iter>
<var>${key}</var>
<value>@{expected_keys}</value>
<status status="PASS" start="2024-04-11T18:16:56.580263" elapsed="0.010931"/>
</for>
<kw name="Create List" owner="BuiltIn">
<msg time="2024-04-11T18:16:56.591528" level="INFO">${expected_keysTwo} = ['username', 'password']</msg>
<var>${expected_keysTwo}</var>
<arg>username</arg>
<arg>password</arg>
<doc>Returns a list containing given items.</doc>
<status status="PASS" start="2024-04-11T18:16:56.591389" elapsed="0.000164"/>
</kw>
<for flavor="IN">
<iter>
<kw name="Dictionary Should Contain Key" owner="Collections">
<msg time="2024-04-11T18:16:56.592556" level="INFO">False</msg>
<arg>${json_data['results'][0]['login']}</arg>
<arg>${keyTwo}</arg>
<doc>Fails if ``key`` is not found from ``dictionary``.</doc>
<status status="PASS" start="2024-04-11T18:16:56.592164" elapsed="0.000431"/>
</kw>
<kw name="Dictionary Should Contain Key" owner="Collections">
<msg time="2024-04-11T18:16:56.593302" level="INFO">False</msg>
<arg>${json_data['results'][0]['login']}</arg>
<arg>${keyTwo}</arg>
<doc>Fails if ``key`` is not found from ``dictionary``.</doc>
<status status="PASS" start="2024-04-11T18:16:56.592922" elapsed="0.000419"/>
</kw>
<kw name="Log" owner="BuiltIn">
<msg time="2024-04-11T18:16:56.593767" level="INFO">username</msg>
<arg>${keyTwo}</arg>
<doc>Logs the given message with the given level.</doc>
<status status="PASS" start="2024-04-11T18:16:56.593639" elapsed="0.000166"/>
</kw>
<var name="${keyTwo}">username</var>
<status status="PASS" start="2024-04-11T18:16:56.592049" elapsed="0.001974"/>
</iter>
<iter>
<kw name="Dictionary Should Contain Key" owner="Collections">
<msg time="2024-04-11T18:16:56.594687" level="INFO">False</msg>
<arg>${json_data['results'][0]['login']}</arg>
<arg>${keyTwo}</arg>
<doc>Fails if ``key`` is not found from ``dictionary``.</doc>
<status status="PASS" start="2024-04-11T18:16:56.594311" elapsed="0.000414"/>
</kw>
<kw name="Dictionary Should Contain Key" owner="Collections">
<msg time="2024-04-11T18:16:56.595399" level="INFO">False</msg>
<arg>${json_data['results'][0]['login']}</arg>
<arg>${keyTwo}</arg>
<doc>Fails if ``key`` is not found from ``dictionary``.</doc>
<status status="PASS" start="2024-04-11T18:16:56.595016" elapsed="0.000420"/>
</kw>
<kw name="Log" owner="BuiltIn">
<msg time="2024-04-11T18:16:56.595855" level="INFO">password</msg>
<arg>${keyTwo}</arg>
<doc>Logs the given message with the given level.</doc>
<status status="PASS" start="2024-04-11T18:16:56.595729" elapsed="0.000165"/>
</kw>
<var name="${keyTwo}">password</var>
<status status="PASS" start="2024-04-11T18:16:56.594200" elapsed="0.001911"/>
</iter>
<var>${keyTwo}</var>
<value>@{expected_keysTwo}</value>
<status status="PASS" start="2024-04-11T18:16:56.591792" elapsed="0.004442"/>
</for>
<status status="PASS" start="2024-04-11T18:16:56.433781" elapsed="0.162591"/>
</kw>
<doc>Testa a estrutura da resposta da API.</doc>
<tag>testeEstruturaResposta</tag>
<status status="PASS" start="2024-04-11T18:16:56.433177" elapsed="0.163346"/>
</test>
<test id="s1-s1-t4" name="Validar tipos de dados" line="28">
<kw name="Teste de Tipos de Dados" owner="random-user-service">
<kw name="GET On Session" owner="RequestsLibrary">
<msg time="2024-04-11T18:16:56.640014" level="INFO">GET Request : url=https://randomuser.me/api 
 path_url=/api 
 headers={'User-Agent': 'python-requests/2.31.0', 'Accept-Encoding': 'gzip, deflate', 'Accept': '*/*', 'Connection': 'keep-alive'} 
 body=None 
 </msg>
<msg time="2024-04-11T18:16:56.640096" level="INFO">GET Response : url=https://randomuser.me/api 
 status=200, reason=OK 
 headers={'Date': 'Thu, 11 Apr 2024 18:16:56 GMT', 'Content-Type': 'application/json; charset=utf-8', 'Transfer-Encoding': 'chunked', 'Connection': 'keep-alive', 'X-Powered-By': 'Express', 'Access-Control-Allow-Origin': '*', 'Cache-Control': 'no-cache', 'ETag': 'W/"49d-VESs/+4Fp8+BZxrJb1egeHzV43s"', 'Vary': 'Accept-Encoding', 'Content-Encoding': 'gzip', 'CF-Cache-Status': 'DYNAMIC', 'Report-To': '{"endpoints":[{"url":"https:\\/\\/a.nel.cloudflare.com\\/report\\/v4?s=OTS3posx0XzI%2BeLlDUHGlllAHdAIyDKjcD0VFYhvQw2QSRfqSCxHKf9gsquVbXrdNRRsIXbVICptOjuf9XoCfhya0Km8boYWtUjSqWtsGfOvFmNgCkHcy88h0rGShCXj"}],"group":"cf-nel","max_age":604800}', 'NEL': '{"success_fraction":0,"report_to":"cf-nel","max_age":604800}', 'Server': 'cloudflare', 'CF-RAY': '872cf879ca598710-ORD', 'alt-svc': 'h3=":443"; ma=86400'} 
 body={"results":[{"gender":"male","name":{"title":"Mr","first":"Jarno","last":"Bevers"},"location":{"street":{"number":9751,"name":"Donsvlinderstraat"},"city":"Maassluis","state":"Gelderland","country":"Netherlands","postcode":"2180 UC","coordinates":{"latitude":"30.5160","longitude":"-124.2866"},"timezone":{"offset":"+11:00","description":"Magadan, Solomon Islands, New Caledonia"}},"email":"jarno.bevers@example.com","login":{"uuid":"60ff7845-16f8-43a2-b5b5-c92a7c5e1b5b","username":"sadfrog781","password":"fredrick","salt":"ez0GmQiR","md5":"c12474bb11eae713ea93904cc181c607","sha1":"69509161855b4e8723737d9bdc6d8af447aa808e","sha256":"7af4b3b9ec1b6c28ed0edd7044b05872bbb484b339da1cba2ee12b106fa71088"},"dob":{"date":"1979-05-19T08:21:33.456Z","age":44},"registered":{"date":"2004-11-23T11:10:32.868Z","age":19},"phone":"(0568) 563792","cell":"(06) 02567278","id":{"name":"BSN","value":"63695362"},"picture":{"large":"https://randomuser.me/api/portraits/men/63.jpg","medium":"https://randomuser.me/api/portraits/med/men/63.jpg","thumbnail":"https://randomuser.me/api/portraits/thumb/men/63.jpg"},"nat":"NL"}],"info":{"seed":"4e4200c438bd3621","results":1,"page":1,"version":"1.4"}} 
 </msg>
<msg time="2024-04-11T18:16:56.640168" level="INFO">/opt/hostedtoolcache/Python/3.12.2/x64/lib/python3.12/site-packages/urllib3/connectionpool.py:1103: InsecureRequestWarning: Unverified HTTPS request is being made to host 'randomuser.me'. Adding certificate verification is strongly advised. See: https://urllib3.readthedocs.io/en/latest/advanced-usage.html#tls-warnings
  warnings.warn(</msg>
<msg time="2024-04-11T18:16:56.640306" level="INFO">${response} = &lt;Response [200]&gt;</msg>
<var>${response}</var>
<arg>consultarAPI</arg>
<arg>/api</arg>
<doc>Sends a GET request on a previously created HTTP Session.</doc>
<status status="PASS" start="2024-04-11T18:16:56.598948" elapsed="0.041408"/>
</kw>
<kw name="Set Variable" owner="BuiltIn">
<msg time="2024-04-11T18:16:56.641191" level="INFO">${json_data} = {'results': [{'gender': 'male', 'name': {'title': 'Mr', 'first': 'Jarno', 'last': 'Bevers'}, 'location': {'street': {'number': 9751, 'name': 'Donsvlinderstraat'}, 'city': 'Maassluis', 'state': 'Gelder...</msg>
<var>${json_data}</var>
<arg>${response.json()}</arg>
<doc>Returns the given values which can then be assigned to a variables.</doc>
<status status="PASS" start="2024-04-11T18:16:56.640754" elapsed="0.000465"/>
</kw>
<kw name="Log" owner="BuiltIn">
<msg time="2024-04-11T18:16:56.641672" level="INFO">{'results': [{'gender': 'male', 'name': {'title': 'Mr', 'first': 'Jarno', 'last': 'Bevers'}, 'location': {'street': {'number': 9751, 'name': 'Donsvlinderstraat'}, 'city': 'Maassluis', 'state': 'Gelderland', 'country': 'Netherlands', 'postcode': '2180 UC', 'coordinates': {'latitude': '30.5160', 'longitude': '-124.2866'}, 'timezone': {'offset': '+11:00', 'description': 'Magadan, Solomon Islands, New Caledonia'}}, 'email': 'jarno.bevers@example.com', 'login': {'uuid': '60ff7845-16f8-43a2-b5b5-c92a7c5e1b5b', 'username': 'sadfrog781', 'password': 'fredrick', 'salt': 'ez0GmQiR', 'md5': 'c12474bb11eae713ea93904cc181c607', 'sha1': '69509161855b4e8723737d9bdc6d8af447aa808e', 'sha256': '7af4b3b9ec1b6c28ed0edd7044b05872bbb484b339da1cba2ee12b106fa71088'}, 'dob': {'date': '1979-05-19T08:21:33.456Z', 'age': 44}, 'registered': {'date': '2004-11-23T11:10:32.868Z', 'age': 19}, 'phone': '(0568) 563792', 'cell': '(06) 02567278', 'id': {'name': 'BSN', 'value': '63695362'}, 'picture': {'large': 'https://randomuser.me/api/portraits/men/63.jpg', 'medium': 'https://randomuser.me/api/portraits/med/men/63.jpg', 'thumbnail': 'https://randomuser.me/api/portraits/thumb/men/63.jpg'}, 'nat': 'NL'}], 'info': {'seed': '4e4200c438bd3621', 'results': 1, 'page': 1, 'version': '1.4'}}</msg>
<arg>${json_data}</arg>
<doc>Logs the given message with the given level.</doc>
<status status="PASS" start="2024-04-11T18:16:56.641523" elapsed="0.000227"/>
</kw>
<kw name="Should Be String" owner="String">
<arg>${json_data['results'][0]['gender']}</arg>
<doc>Fails if the given ``item`` is not a string.</doc>
<status status="PASS" start="2024-04-11T18:16:56.642047" elapsed="0.000357"/>
</kw>
<kw name="Should Match Regexp" owner="BuiltIn">
<arg>${json_data['results'][0]['email']}</arg>
<arg>^[a-zA-Z0-9._%+-]+@[a-zA-Z0-9.-]+\.[a-zA-Z]{2,}$</arg>
<doc>Fails if ``string`` does not match ``pattern`` as a regular expression.</doc>
<status status="PASS" start="2024-04-11T18:16:56.642595" elapsed="0.000495"/>
</kw>
<kw name="Should Match Regexp" owner="BuiltIn">
<arg>${json_data['results'][0]['dob']['date']}</arg>
<arg>\\d{4}-\\d{2}-\\d{2}T\\d{2}:\\d{2}:\\d{2}\\.\\d{3}Z</arg>
<doc>Fails if ``string`` does not match ``pattern`` as a regular expression.</doc>
<status status="PASS" start="2024-04-11T18:16:56.643286" elapsed="0.000487"/>
</kw>
<kw name="Should Match Regexp" owner="BuiltIn">
<arg>${json_data['results'][0]['registered']['date']}</arg>
<arg>\\d{4}-\\d{2}-\\d{2}T\\d{2}:\\d{2}:\\d{2}\\.\\d{3}Z</arg>
<doc>Fails if ``string`` does not match ``pattern`` as a regular expression.</doc>
<status status="PASS" start="2024-04-11T18:16:56.643965" elapsed="0.000369"/>
</kw>
<kw name="Should Match Regexp" owner="BuiltIn">
<arg>${json_data['results'][0]['picture']['large']}</arg>
<arg>^https?://.*\.(?:png|jpe?g|gif|bmp)$</arg>
<doc>Fails if ``string`` does not match ``pattern`` as a regular expression.</doc>
<status status="PASS" start="2024-04-11T18:16:56.644520" elapsed="0.000485"/>
</kw>
<kw name="Should Match Regexp" owner="BuiltIn">
<arg>${json_data['results'][0]['picture']['medium']}</arg>
<arg>^https?://.*\.(?:png|jpe?g|gif|bmp)$</arg>
<doc>Fails if ``string`` does not match ``pattern`` as a regular expression.</doc>
<status status="PASS" start="2024-04-11T18:16:56.645195" elapsed="0.000356"/>
</kw>
<kw name="Should Match Regexp" owner="BuiltIn">
<arg>${json_data['results'][0]['picture']['thumbnail']}</arg>
<arg>^https?://.*\.(?:png|jpe?g|gif|bmp)$</arg>
<doc>Fails if ``string`` does not match ``pattern`` as a regular expression.</doc>
<status status="PASS" start="2024-04-11T18:16:56.645733" elapsed="0.000348"/>
</kw>
<kw name="Log" owner="BuiltIn">
<msg time="2024-04-11T18:16:56.646582" level="INFO">{'large': 'https://randomuser.me/api/portraits/men/63.jpg', 'medium': 'https://randomuser.me/api/portraits/med/men/63.jpg', 'thumbnail': 'https://randomuser.me/api/portraits/thumb/men/63.jpg'}</msg>
<arg>${json_data['results'][0]['picture']}</arg>
<doc>Logs the given message with the given level.</doc>
<status status="PASS" start="2024-04-11T18:16:56.646258" elapsed="0.000365"/>
</kw>
<status status="PASS" start="2024-04-11T18:16:56.598727" elapsed="0.048146"/>
</kw>
<kw name="Teste de Tipos de Dados - Postcode" owner="random-user-service">
<kw name="GET On Session" owner="RequestsLibrary">
<msg time="2024-04-11T18:16:56.756547" level="INFO">GET Request : url=https://randomuser.me/api 
 path_url=/api 
 headers={'User-Agent': 'python-requests/2.31.0', 'Accept-Encoding': 'gzip, deflate', 'Accept': '*/*', 'Connection': 'keep-alive'} 
 body=None 
 </msg>
<msg time="2024-04-11T18:16:56.756664" level="INFO">GET Response : url=https://randomuser.me/api 
 status=200, reason=OK 
 headers={'Date': 'Thu, 11 Apr 2024 18:16:56 GMT', 'Content-Type': 'application/json; charset=utf-8', 'Transfer-Encoding': 'chunked', 'Connection': 'keep-alive', 'X-Powered-By': 'Express', 'Access-Control-Allow-Origin': '*', 'Cache-Control': 'no-cache', 'ETag': 'W/"495-IHxcKNEUQM8RijssqJXapNZO7e8"', 'Vary': 'Accept-Encoding', 'Content-Encoding': 'gzip', 'CF-Cache-Status': 'DYNAMIC', 'Report-To': '{"endpoints":[{"url":"https:\\/\\/a.nel.cloudflare.com\\/report\\/v4?s=1GklejT9noJ7I7k34yQTu9iepHG5BzFYtu1JmCgcccR4j27XPgCLwu8XLGr65%2FXiMvaYc9ouRZPcELT4FJckkVrCjMM43sHNm4z6xie4wAFO8u31w3JXWka9MIa5FNL7"}],"group":"cf-nel","max_age":604800}', 'NEL': '{"success_fraction":0,"report_to":"cf-nel","max_age":604800}', 'Server': 'cloudflare', 'CF-RAY': '872cf87a0aee8710-ORD', 'alt-svc': 'h3=":443"; ma=86400'} 
 body={"results":[{"gender":"male","name":{"title":"Mr","first":"Predrag","last":"Silić"},"location":{"street":{"number":7121,"name":"Balovačka"},"city":"Veliko Gradište","state":"South Banat","country":"Serbia","postcode":28622,"coordinates":{"latitude":"58.7662","longitude":"-126.5427"},"timezone":{"offset":"+3:00","description":"Baghdad, Riyadh, Moscow, St. Petersburg"}},"email":"predrag.silic@example.com","login":{"uuid":"ab9b0ec3-8a7a-4705-af74-947762404daa","username":"lazyfish625","password":"velvet","salt":"FMBOBdwl","md5":"a8337fded03996ba7c8fa5ca804b3d18","sha1":"bab35145fe4407d41fbc6c5ce8dd677f5a159b3e","sha256":"2a9d8b9d27251823fd2327d486b5bf4d16a9ada6464b1b3dfe5b1b7a65f89e0d"},"dob":{"date":"1959-10-28T15:19:37.146Z","age":64},"registered":{"date":"2011-03-02T18:10:54.716Z","age":13},"phone":"021-2028-665","cell":"068-8373-970","id":{"name":"SID","value":"302378377"},"picture":{"large":"https://randomuser.me/api/portraits/men/45.jpg","medium":"https://randomuser.me/api/portraits/med/men/45.jpg","thumbnail":"https://randomuser.me/api/portraits/thumb/men/45.jpg"},"nat":"RS"}],"info":{"seed":"500692015714ef66","results":1,"page":1,"version":"1.4"}} 
 </msg>
<msg time="2024-04-11T18:16:56.756742" level="INFO">/opt/hostedtoolcache/Python/3.12.2/x64/lib/python3.12/site-packages/urllib3/connectionpool.py:1103: InsecureRequestWarning: Unverified HTTPS request is being made to host 'randomuser.me'. Adding certificate verification is strongly advised. See: https://urllib3.readthedocs.io/en/latest/advanced-usage.html#tls-warnings
  warnings.warn(</msg>
<msg time="2024-04-11T18:16:56.756849" level="INFO">${response} = &lt;Response [200]&gt;</msg>
<var>${response}</var>
<arg>consultarAPI</arg>
<arg>/api</arg>
<doc>Sends a GET request on a previously created HTTP Session.</doc>
<status status="PASS" start="2024-04-11T18:16:56.647303" elapsed="0.109586"/>
</kw>
<kw name="Set Variable" owner="BuiltIn">
<msg time="2024-04-11T18:16:56.757763" level="INFO">${json_data} = {'results': [{'gender': 'male', 'name': {'title': 'Mr', 'first': 'Predrag', 'last': 'Silić'}, 'location': {'street': {'number': 7121, 'name': 'Balovačka'}, 'city': 'Veliko Gradište', 'state': 'South B...</msg>
<var>${json_data}</var>
<arg>${response.json()}</arg>
<doc>Returns the given values which can then be assigned to a variables.</doc>
<status status="PASS" start="2024-04-11T18:16:56.757311" elapsed="0.000481"/>
</kw>
<kw name="Log" owner="BuiltIn">
<msg time="2024-04-11T18:16:56.758256" level="INFO">{'results': [{'gender': 'male', 'name': {'title': 'Mr', 'first': 'Predrag', 'last': 'Silić'}, 'location': {'street': {'number': 7121, 'name': 'Balovačka'}, 'city': 'Veliko Gradište', 'state': 'South Banat', 'country': 'Serbia', 'postcode': 28622, 'coordinates': {'latitude': '58.7662', 'longitude': '-126.5427'}, 'timezone': {'offset': '+3:00', 'description': 'Baghdad, Riyadh, Moscow, St. Petersburg'}}, 'email': 'predrag.silic@example.com', 'login': {'uuid': 'ab9b0ec3-8a7a-4705-af74-947762404daa', 'username': 'lazyfish625', 'password': 'velvet', 'salt': 'FMBOBdwl', 'md5': 'a8337fded03996ba7c8fa5ca804b3d18', 'sha1': 'bab35145fe4407d41fbc6c5ce8dd677f5a159b3e', 'sha256': '2a9d8b9d27251823fd2327d486b5bf4d16a9ada6464b1b3dfe5b1b7a65f89e0d'}, 'dob': {'date': '1959-10-28T15:19:37.146Z', 'age': 64}, 'registered': {'date': '2011-03-02T18:10:54.716Z', 'age': 13}, 'phone': '021-2028-665', 'cell': '068-8373-970', 'id': {'name': 'SID', 'value': '302378377'}, 'picture': {'large': 'https://randomuser.me/api/portraits/men/45.jpg', 'medium': 'https://randomuser.me/api/portraits/med/men/45.jpg', 'thumbnail': 'https://randomuser.me/api/portraits/thumb/men/45.jpg'}, 'nat': 'RS'}], 'info': {'seed': '500692015714ef66', 'results': 1, 'page': 1, 'version': '1.4'}}</msg>
<arg>${json_data}</arg>
<doc>Logs the given message with the given level.</doc>
<status status="PASS" start="2024-04-11T18:16:56.758102" elapsed="0.000235"/>
</kw>
<kw name="Should Be Equal As Numbers" owner="BuiltIn">
<arg>${json_data['results'][0]['location']['postcode']}</arg>
<arg>${json_data['results'][0]['location']['postcode']}</arg>
<doc>Fails if objects are unequal after converting them to real numbers.</doc>
<status status="PASS" start="2024-04-11T18:16:56.758638" elapsed="0.000608"/>
</kw>
<kw name="Log" owner="BuiltIn">
<msg time="2024-04-11T18:16:56.759771" level="INFO">28622</msg>
<arg>${json_data['results'][0]['location']['postcode']}</arg>
<doc>Logs the given message with the given level.</doc>
<status status="PASS" start="2024-04-11T18:16:56.759437" elapsed="0.000374"/>
</kw>
<status status="PASS" start="2024-04-11T18:16:56.647082" elapsed="0.112976"/>
</kw>
<doc>Testa se os tipos de dados na resposta da API estão corretos.</doc>
<tag>testeTiposDados</tag>
<status status="PASS" start="2024-04-11T18:16:56.598307" elapsed="0.161908"/>
</test>
<test id="s1-s1-t5" name="Validar conteudo" line="35">
<kw name="Teste de Tipos de Conteudo" owner="random-user-service">
<kw name="GET On Session" owner="RequestsLibrary">
<msg time="2024-04-11T18:16:56.845403" level="INFO">GET Request : url=https://randomuser.me/api 
 path_url=/api 
 headers={'User-Agent': 'python-requests/2.31.0', 'Accept-Encoding': 'gzip, deflate', 'Accept': '*/*', 'Connection': 'keep-alive'} 
 body=None 
 </msg>
<msg time="2024-04-11T18:16:56.845480" level="INFO">GET Response : url=https://randomuser.me/api 
 status=200, reason=OK 
 headers={'Date': 'Thu, 11 Apr 2024 18:16:56 GMT', 'Content-Type': 'application/json; charset=utf-8', 'Transfer-Encoding': 'chunked', 'Connection': 'keep-alive', 'X-Powered-By': 'Express', 'Access-Control-Allow-Origin': '*', 'Cache-Control': 'no-cache', 'ETag': 'W/"47d-LlhA0a8AGiEtJFjTM7wvaF3zsGA"', 'Vary': 'Accept-Encoding', 'Content-Encoding': 'gzip', 'CF-Cache-Status': 'DYNAMIC', 'Report-To': '{"endpoints":[{"url":"https:\\/\\/a.nel.cloudflare.com\\/report\\/v4?s=YT%2F88jsKIjVws53YHRzqiVpeHTBorcySelRkrm6t0VwO%2F7MMXUZmCfxDeD4DNOL2pKdKcpZYJQCr9ujIh5UmgbCFUJgcz7LYzrIe2g12l4%2B7wh1ittc5RpsbD0RlAhfe"}],"group":"cf-nel","max_age":604800}', 'NEL': '{"success_fraction":0,"report_to":"cf-nel","max_age":604800}', 'Server': 'cloudflare', 'CF-RAY': '872cf87acc178710-ORD', 'alt-svc': 'h3=":443"; ma=86400'} 
 body={"results":[{"gender":"female","name":{"title":"Ms","first":"Ege","last":"Özbey"},"location":{"street":{"number":5573,"name":"Atatürk Sk"},"city":"Tokat","state":"Hakkâri","country":"Turkey","postcode":53796,"coordinates":{"latitude":"71.5581","longitude":"85.3375"},"timezone":{"offset":"+11:00","description":"Magadan, Solomon Islands, New Caledonia"}},"email":"ege.ozbey@example.com","login":{"uuid":"4fcf80b5-778d-42be-b002-fbaf1736cac6","username":"blackzebra757","password":"5656","salt":"EI3kT4nc","md5":"4a97155fabdbcb4a2bc08e649d9a2f85","sha1":"c4b8e6a94c9530ceb79d2dea9e62931359d152c7","sha256":"0d1e65e854ae059f8fa95acf24040d4a3e02c203fbcac82e63c0a57a04d98c37"},"dob":{"date":"1980-04-07T11:37:38.870Z","age":44},"registered":{"date":"2021-04-12T16:29:17.009Z","age":2},"phone":"(414)-767-4696","cell":"(625)-682-0555","id":{"name":"","value":null},"picture":{"large":"https://randomuser.me/api/portraits/women/7.jpg","medium":"https://randomuser.me/api/portraits/med/women/7.jpg","thumbnail":"https://randomuser.me/api/portraits/thumb/women/7.jpg"},"nat":"TR"}],"info":{"seed":"5648fcba49e351f0","results":1,"page":1,"version":"1.4"}} 
 </msg>
<msg time="2024-04-11T18:16:56.845548" level="INFO">/opt/hostedtoolcache/Python/3.12.2/x64/lib/python3.12/site-packages/urllib3/connectionpool.py:1103: InsecureRequestWarning: Unverified HTTPS request is being made to host 'randomuser.me'. Adding certificate verification is strongly advised. See: https://urllib3.readthedocs.io/en/latest/advanced-usage.html#tls-warnings
  warnings.warn(</msg>
<msg time="2024-04-11T18:16:56.845648" level="INFO">${response} = &lt;Response [200]&gt;</msg>
<var>${response}</var>
<arg>consultarAPI</arg>
<arg>/api</arg>
<doc>Sends a GET request on a previously created HTTP Session.</doc>
<status status="PASS" start="2024-04-11T18:16:56.763068" elapsed="0.082626"/>
</kw>
<kw name="Set Variable" owner="BuiltIn">
<msg time="2024-04-11T18:16:56.846610" level="INFO">${json_data} = {'results': [{'gender': 'female', 'name': {'title': 'Ms', 'first': 'Ege', 'last': 'Özbey'}, 'location': {'street': {'number': 5573, 'name': 'Atatürk Sk'}, 'city': 'Tokat', 'state': 'Hakkâri', 'country...</msg>
<var>${json_data}</var>
<arg>${response.json()}</arg>
<doc>Returns the given values which can then be assigned to a variables.</doc>
<status status="PASS" start="2024-04-11T18:16:56.846150" elapsed="0.000489"/>
</kw>
<kw name="Set Variable" owner="BuiltIn">
<msg time="2024-04-11T18:16:56.847324" level="INFO">${name_title} = Ms</msg>
<var>${name_title}</var>
<arg>${json_data["results"][0]["name"]["title"]}</arg>
<doc>Returns the given values which can then be assigned to a variables.</doc>
<status status="PASS" start="2024-04-11T18:16:56.846948" elapsed="0.000401"/>
</kw>
<kw name="Create List" owner="BuiltIn">
<msg time="2024-04-11T18:16:56.847793" level="INFO">${allowed_titles} = ['Mr', 'Ms', 'Miss', 'Mrs', 'Madame', 'Monsieur']</msg>
<var>${allowed_titles}</var>
<arg>Mr</arg>
<arg>Ms</arg>
<arg>Miss</arg>
<arg>Mrs</arg>
<arg>Madame</arg>
<arg>Monsieur</arg>
<doc>Returns a list containing given items.</doc>
<status status="PASS" start="2024-04-11T18:16:56.847645" elapsed="0.000172"/>
</kw>
<kw name="List Should Contain Value" owner="Collections">
<msg time="2024-04-11T18:16:56.848284" level="INFO">False</msg>
<arg>${allowed_titles}</arg>
<arg>${name_title}</arg>
<doc>Fails if the ``value`` is not found from ``list``.</doc>
<status status="PASS" start="2024-04-11T18:16:56.848112" elapsed="0.000210"/>
</kw>
<kw name="Set Variable" owner="BuiltIn">
<msg time="2024-04-11T18:16:56.849023" level="INFO">${name_country} = TR</msg>
<var>${name_country}</var>
<arg>${json_data["results"][0]["nat"]}</arg>
<doc>Returns the given values which can then be assigned to a variables.</doc>
<status status="PASS" start="2024-04-11T18:16:56.848611" elapsed="0.000438"/>
</kw>
<kw name="Create List" owner="BuiltIn">
<msg time="2024-04-11T18:16:56.849948" level="INFO">${list_country} = ['AD', 'AE', 'AF', 'AG', 'AI', 'AL', 'AM', 'AO', 'AQ', 'AR', 'AS', 'AT', 'AU', 'AW', 'AX', 'AZ', 'BA', 'BB', 'BD', 'BE', 'BF', 'BG', 'BH', 'BI', 'BJ', 'BL', 'BM', 'BN', 'BO', 'BQ', 'BR', 'BS', 'BT', '...</msg>
<var>${list_country}</var>
<arg>AD</arg>
<arg>AE</arg>
<arg>AF</arg>
<arg>AG</arg>
<arg>AI</arg>
<arg>AL</arg>
<arg>AM</arg>
<arg>AO</arg>
<arg>AQ</arg>
<arg>AR</arg>
<arg>AS</arg>
<arg>AT</arg>
<arg>AU</arg>
<arg>AW</arg>
<arg>AX</arg>
<arg>AZ</arg>
<arg>BA</arg>
<arg>BB</arg>
<arg>BD</arg>
<arg>BE</arg>
<arg>BF</arg>
<arg>BG</arg>
<arg>BH</arg>
<arg>BI</arg>
<arg>BJ</arg>
<arg>BL</arg>
<arg>BM</arg>
<arg>BN</arg>
<arg>BO</arg>
<arg>BQ</arg>
<arg>BR</arg>
<arg>BS</arg>
<arg>BT</arg>
<arg>BV</arg>
<arg>BW</arg>
<arg>BY</arg>
<arg>BZ</arg>
<arg>CA</arg>
<arg>CC</arg>
<arg>CD</arg>
<arg>CF</arg>
<arg>CG</arg>
<arg>CH</arg>
<arg>CI</arg>
<arg>CK</arg>
<arg>CL</arg>
<arg>CM</arg>
<arg>CN</arg>
<arg>CO</arg>
<arg>CR</arg>
<arg>CU</arg>
<arg>CV</arg>
<arg>CW</arg>
<arg>CX</arg>
<arg>CY</arg>
<arg>CZ</arg>
<arg>DE</arg>
<arg>DJ</arg>
<arg>DK</arg>
<arg>DM</arg>
<arg>DO</arg>
<arg>DZ</arg>
<arg>EC</arg>
<arg>EE</arg>
<arg>EG</arg>
<arg>EH</arg>
<arg>ER</arg>
<arg>ES</arg>
<arg>ET</arg>
<arg>FI</arg>
<arg>FJ</arg>
<arg>FK</arg>
<arg>FM</arg>
<arg>FO</arg>
<arg>FR</arg>
<arg>GA</arg>
<arg>GB</arg>
<arg>GD</arg>
<arg>GE</arg>
<arg>GF</arg>
<arg>GG</arg>
<arg>GH</arg>
<arg>GI</arg>
<arg>GL</arg>
<arg>GM</arg>
<arg>GN</arg>
<arg>GP</arg>
<arg>GQ</arg>
<arg>GR</arg>
<arg>GS</arg>
<arg>GT</arg>
<arg>GU</arg>
<arg>GW</arg>
<arg>GY</arg>
<arg>HK</arg>
<arg>HM</arg>
<arg>HN</arg>
<arg>HR</arg>
<arg>HT</arg>
<arg>HU</arg>
<arg>ID</arg>
<arg>IE</arg>
<arg>IL</arg>
<arg>IM</arg>
<arg>IN</arg>
<arg>IO</arg>
<arg>IQ</arg>
<arg>IR</arg>
<arg>IS</arg>
<arg>IT</arg>
<arg>JE</arg>
<arg>JM</arg>
<arg>JO</arg>
<arg>JP</arg>
<arg>KE</arg>
<arg>KG</arg>
<arg>KH</arg>
<arg>KI</arg>
<arg>KM</arg>
<arg>KN</arg>
<arg>KP</arg>
<arg>KR</arg>
<arg>KW</arg>
<arg>KY</arg>
<arg>KZ</arg>
<arg>LA</arg>
<arg>LB</arg>
<arg>LC</arg>
<arg>LI</arg>
<arg>LK</arg>
<arg>LR</arg>
<arg>LS</arg>
<arg>LT</arg>
<arg>LU</arg>
<arg>LV</arg>
<arg>LY</arg>
<arg>MA</arg>
<arg>MC</arg>
<arg>MD</arg>
<arg>ME</arg>
<arg>MF</arg>
<arg>MG</arg>
<arg>MH</arg>
<arg>MK</arg>
<arg>ML</arg>
<arg>MM</arg>
<arg>MN</arg>
<arg>MO</arg>
<arg>MP</arg>
<arg>MQ</arg>
<arg>MR</arg>
<arg>MS</arg>
<arg>MT</arg>
<arg>MU</arg>
<arg>MV</arg>
<arg>MW</arg>
<arg>MX</arg>
<arg>MY</arg>
<arg>MZ</arg>
<arg>NA</arg>
<arg>NC</arg>
<arg>NE</arg>
<arg>NF</arg>
<arg>NG</arg>
<arg>NI</arg>
<arg>NL</arg>
<arg>NO</arg>
<arg>NP</arg>
<arg>NR</arg>
<arg>NU</arg>
<arg>NZ</arg>
<arg>OM</arg>
<arg>PA</arg>
<arg>PE</arg>
<arg>PF</arg>
<arg>PG</arg>
<arg>PH</arg>
<arg>PK</arg>
<arg>PL</arg>
<arg>PM</arg>
<arg>PN</arg>
<arg>PR</arg>
<arg>PS</arg>
<arg>PT</arg>
<arg>PW</arg>
<arg>PY</arg>
<arg>QA</arg>
<arg>RE</arg>
<arg>RO</arg>
<arg>RS</arg>
<arg>RU</arg>
<arg>RW</arg>
<arg>SA</arg>
<arg>SB</arg>
<arg>SC</arg>
<arg>SD</arg>
<arg>SE</arg>
<arg>SG</arg>
<arg>SH</arg>
<arg>SI</arg>
<arg>SJ</arg>
<arg>SK</arg>
<arg>SL</arg>
<arg>SM</arg>
<arg>SN</arg>
<arg>SO</arg>
<arg>SR</arg>
<arg>SS</arg>
<arg>ST</arg>
<arg>SV</arg>
<arg>SX</arg>
<arg>SY</arg>
<arg>SZ</arg>
<arg>TC</arg>
<arg>TD</arg>
<arg>TF</arg>
<arg>TG</arg>
<arg>TH</arg>
<arg>TJ</arg>
<arg>TK</arg>
<arg>TL</arg>
<arg>TM</arg>
<arg>TN</arg>
<arg>TO</arg>
<arg>TR</arg>
<arg>TT</arg>
<arg>TV</arg>
<arg>TW</arg>
<arg>TZ</arg>
<arg>UA</arg>
<arg>UG</arg>
<arg>UM</arg>
<arg>US</arg>
<arg>UY</arg>
<arg>UZ</arg>
<arg>VA</arg>
<arg>VC</arg>
<arg>VE</arg>
<arg>VG</arg>
<arg>VI</arg>
<arg>VN</arg>
<arg>VU</arg>
<arg>WF</arg>
<arg>WS</arg>
<arg>XK</arg>
<arg>YE</arg>
<arg>YT</arg>
<arg>ZA</arg>
<arg>ZM</arg>
<arg>ZW</arg>
<doc>Returns a list containing given items.</doc>
<status status="PASS" start="2024-04-11T18:16:56.849351" elapsed="0.000623"/>
</kw>
<kw name="List Should Contain Value" owner="Collections">
<msg time="2024-04-11T18:16:56.850960" level="INFO">False</msg>
<arg>${list_country}</arg>
<arg>${name_country}</arg>
<doc>Fails if the ``value`` is not found from ``list``.</doc>
<status status="PASS" start="2024-04-11T18:16:56.850754" elapsed="0.000243"/>
</kw>
<kw name="Run Keyword If" owner="BuiltIn">
<kw name="Should Be True" owner="BuiltIn">
<arg>${True}</arg>
<doc>Fails if the given condition is not true.</doc>
<status status="PASS" start="2024-04-11T18:16:56.852160" elapsed="0.000147"/>
</kw>
<arg>${json_data["results"][0]["location"]["coordinates"]["latitude"]} &gt;= -90 and ${json_data["results"][0]["location"]["coordinates"]["latitude"]} &lt;= 90</arg>
<arg>Should Be True</arg>
<arg>${True}</arg>
<doc>Runs the given keyword with the given arguments, if ``condition`` is true.</doc>
<status status="PASS" start="2024-04-11T18:16:56.851304" elapsed="0.001132"/>
</kw>
<kw name="Run Keyword If" owner="BuiltIn">
<kw name="Should Be True" owner="BuiltIn">
<arg>${True}</arg>
<doc>Fails if the given condition is not true.</doc>
<status status="PASS" start="2024-04-11T18:16:56.853373" elapsed="0.000139"/>
</kw>
<arg>${json_data["results"][0]["location"]["coordinates"]["longitude"]} &gt;= -180 and ${json_data["results"][0]["location"]["coordinates"]["longitude"]} &lt;= 180</arg>
<arg>Should Be True</arg>
<arg>${True}</arg>
<doc>Runs the given keyword with the given arguments, if ``condition`` is true.</doc>
<status status="PASS" start="2024-04-11T18:16:56.852621" elapsed="0.001015"/>
</kw>
<status status="PASS" start="2024-04-11T18:16:56.762703" elapsed="0.091060"/>
</kw>
<doc>Testa o conteúdo específico dos campos retornados pela API.</doc>
<tag>testeConteudo</tag>
<status status="PASS" start="2024-04-11T18:16:56.762041" elapsed="0.091868"/>
</test>
<status status="PASS" start="2024-04-11T18:16:56.018890" elapsed="0.836893"/>
</suite>
<status status="PASS" start="2024-04-11T18:16:56.005443" elapsed="0.855717"/>
</suite>
<statistics>
<total>
<stat pass="5" fail="0" skip="0">All Tests</stat>
</total>
<tag>
<stat pass="1" fail="0" skip="0">testeConteudo</stat>
<stat pass="1" fail="0" skip="0">testeEstruturaResposta</stat>
<stat pass="1" fail="0" skip="0">testeRequisicaoBasica</stat>
<stat pass="1" fail="0" skip="0">testeTiposDados</stat>
</tag>
<suite>
<stat pass="5" fail="0" skip="0" id="s1" name="Tests">Tests</stat>
<stat pass="5" fail="0" skip="0" id="s1-s1" name="Random-User-Test">Tests.Random-User-Test</stat>
</suite>
</statistics>
<errors>
</errors>
</robot>
