<?xml version="1.0" encoding="UTF-8"?>
<robot generator="Robot 7.0.1 (Python 3.12.4 on linux)" generated="2024-07-31T20:15:55.254832" rpa="false" schemaversion="5">
<suite id="s1" name="Tests" source="/home/runner/work/ApiRandomUser/ApiRandomUser/RamdonUser/tests">
<suite id="s1-s1" name="Random-User-Test" source="/home/runner/work/ApiRandomUser/ApiRandomUser/RamdonUser/tests/random-user-test.robot">
<test id="s1-s1-t1" name="Conectar" line="13">
<kw name="Conectar API" owner="random-user-service">
<kw name="Create Session" owner="RequestsLibrary">
<msg time="2024-07-31T20:15:55.676329" level="INFO">Creating Session using : alias=consultarAPI, url=https://randomuser.me/, headers={},                     cookies={}, auth=None, timeout=None, proxies=None, verify=False,                     debug=0 </msg>
<arg>consultarAPI</arg>
<arg>${URL}</arg>
<doc>Create Session: create a HTTP session to a server</doc>
<status status="PASS" start="2024-07-31T20:15:55.676123" elapsed="0.000411"/>
</kw>
<status status="PASS" start="2024-07-31T20:15:55.675014" elapsed="0.001892"/>
</kw>
<status status="PASS" start="2024-07-31T20:15:55.674359" elapsed="0.002742"/>
</test>
<test id="s1-s1-t2" name="Validar retorno 200 e JSON Válido" line="16">
<kw name="Teste de Requisicao Basica" owner="random-user-service">
<kw name="GET On Session" owner="RequestsLibrary">
<msg time="2024-07-31T20:15:55.812020" level="INFO">GET Request : url=https://randomuser.me/api 
 path_url=/api 
 headers={'User-Agent': 'python-requests/2.32.3', 'Accept-Encoding': 'gzip, deflate', 'Accept': '*/*', 'Connection': 'keep-alive'} 
 body=None 
 </msg>
<msg time="2024-07-31T20:15:55.812187" level="INFO">GET Response : url=https://randomuser.me/api 
 status=200, reason=OK 
 headers={'Date': 'Wed, 31 Jul 2024 20:15:55 GMT', 'Content-Type': 'application/json; charset=utf-8', 'Transfer-Encoding': 'chunked', 'Connection': 'keep-alive', 'X-Powered-By': 'Express', 'Access-Control-Allow-Origin': '*', 'Cache-Control': 'no-cache', 'ETag': 'W/"472-I/HbQRfo6Z5zpJHdBUSQg28fvzE"', 'Vary': 'Accept-Encoding', 'Content-Encoding': 'gzip', 'CF-Cache-Status': 'DYNAMIC', 'Report-To': '{"endpoints":[{"url":"https:\\/\\/a.nel.cloudflare.com\\/report\\/v4?s=YieQG%2B7y6%2B7hYNcnzWryjTNwf%2FVEAMK2KvgqBtWSgy2gqWRpUFwOXrbdbvuc95Fzz3QZq3v2vMhpIAc7hujoY1SdVCXgqAG0mp%2FNyHKs41PZ9ThQvE2QE5BkkxPRgGO9"}],"group":"cf-nel","max_age":604800}', 'NEL': '{"success_fraction":0,"report_to":"cf-nel","max_age":604800}', 'Server': 'cloudflare', 'CF-RAY': '8ac043652e856809-SJC', 'alt-svc': 'h3=":443"; ma=86400'} 
 body={"results":[{"gender":"female","name":{"title":"Ms","first":"Saana","last":"Huhta"},"location":{"street":{"number":1375,"name":"Visiokatu"},"city":"Kankaanpää","state":"Uusimaa","country":"Finland","postcode":39515,"coordinates":{"latitude":"-23.4633","longitude":"88.8718"},"timezone":{"offset":"+3:30","description":"Tehran"}},"email":"saana.huhta@example.com","login":{"uuid":"d2a92f3f-591f-4278-80b8-46981f66738a","username":"lazyfish471","password":"ready","salt":"Le8iDHVc","md5":"547fee9688e12d93ee13e7f6895694d1","sha1":"b22a1444b8357fe148c785e6d1f2258b90a59b1b","sha256":"c46a6f0b5d0f3228f4e42c5b4478ecbffbd6bc64c7a756bde8cabc14ff8b4fea"},"dob":{"date":"1978-06-10T12:01:16.197Z","age":46},"registered":{"date":"2012-11-21T02:32:20.901Z","age":11},"phone":"09-344-256","cell":"041-138-22-89","id":{"name":"HETU","value":"NaNNA994undefined"},"picture":{"large":"https://randomuser.me/api/portraits/women/9.jpg","medium":"https://randomuser.me/api/portraits/med/women/9.jpg","thumbnail":"https://randomuser.me/api/portraits/thumb/women/9.jpg"},"nat":"FI"}],"info":{"seed":"7d84ba22406b408c","results":1,"page":1,"version":"1.4"}} 
 </msg>
<msg time="2024-07-31T20:15:55.812284" level="INFO">/opt/hostedtoolcache/Python/3.12.4/x64/lib/python3.12/site-packages/urllib3/connectionpool.py:1099: InsecureRequestWarning: Unverified HTTPS request is being made to host 'randomuser.me'. Adding certificate verification is strongly advised. See: https://urllib3.readthedocs.io/en/latest/advanced-usage.html#tls-warnings
  warnings.warn(</msg>
<msg time="2024-07-31T20:15:55.812447" level="INFO">${response} = &lt;Response [200]&gt;</msg>
<var>${response}</var>
<arg>consultarAPI</arg>
<arg>/api</arg>
<doc>Sends a GET request on a previously created HTTP Session.</doc>
<status status="PASS" start="2024-07-31T20:15:55.679828" elapsed="0.132660"/>
</kw>
<kw name="Should Be Equal As Numbers" owner="BuiltIn">
<msg time="2024-07-31T20:15:55.813567" level="INFO">Argument types are:
&lt;class 'int'&gt;
&lt;class 'str'&gt;</msg>
<arg>${response.status_code}</arg>
<arg>200</arg>
<doc>Fails if objects are unequal after converting them to real numbers.</doc>
<status status="PASS" start="2024-07-31T20:15:55.813080" elapsed="0.000554"/>
</kw>
<kw name="Log" owner="BuiltIn">
<msg time="2024-07-31T20:15:55.814355" level="INFO">200</msg>
<arg>${response.status_code}</arg>
<doc>Logs the given message with the given level.</doc>
<status status="PASS" start="2024-07-31T20:15:55.813985" elapsed="0.000414"/>
</kw>
<kw name="Set Variable" owner="BuiltIn">
<msg time="2024-07-31T20:15:55.815183" level="INFO">${json_data} = {'results': [{'gender': 'female', 'name': {'title': 'Ms', 'first': 'Saana', 'last': 'Huhta'}, 'location': {'street': {'number': 1375, 'name': 'Visiokatu'}, 'city': 'Kankaanpää', 'state': 'Uusimaa', 'c...</msg>
<var>${json_data}</var>
<arg>${response.json()}</arg>
<doc>Returns the given values which can then be assigned to a variables.</doc>
<status status="PASS" start="2024-07-31T20:15:55.814722" elapsed="0.000490"/>
</kw>
<kw name="Dictionary Should Contain Key" owner="Collections">
<arg>${json_data}</arg>
<arg>results</arg>
<doc>Fails if ``key`` is not found from ``dictionary``.</doc>
<status status="PASS" start="2024-07-31T20:15:55.815573" elapsed="0.000346"/>
</kw>
<status status="PASS" start="2024-07-31T20:15:55.679575" elapsed="0.136505"/>
</kw>
<doc>Testa se a API responde corretamente e retorna um objeto JSON válido.</doc>
<tag>testeRequisicaoBasica</tag>
<status status="PASS" start="2024-07-31T20:15:55.678962" elapsed="0.137299"/>
</test>
<test id="s1-s1-t3" name="Validar estrutura de resposta" line="22">
<kw name="Teste de Estrutura de Resposta" owner="random-user-service">
<kw name="GET On Session" owner="RequestsLibrary">
<msg time="2024-07-31T20:15:56.176514" level="INFO">GET Request : url=https://randomuser.me/api 
 path_url=/api 
 headers={'User-Agent': 'python-requests/2.32.3', 'Accept-Encoding': 'gzip, deflate', 'Accept': '*/*', 'Connection': 'keep-alive'} 
 body=None 
 </msg>
<msg time="2024-07-31T20:15:56.176619" level="INFO">GET Response : url=https://randomuser.me/api 
 status=200, reason=OK 
 headers={'Date': 'Wed, 31 Jul 2024 20:15:56 GMT', 'Content-Type': 'application/json; charset=utf-8', 'Transfer-Encoding': 'chunked', 'Connection': 'keep-alive', 'X-Powered-By': 'Express', 'Access-Control-Allow-Origin': '*', 'Cache-Control': 'no-cache', 'ETag': 'W/"4ab-K6F+Akcj3ezPdvY7W8lrdYUtbIM"', 'Vary': 'Accept-Encoding', 'Content-Encoding': 'gzip', 'CF-Cache-Status': 'DYNAMIC', 'Report-To': '{"endpoints":[{"url":"https:\\/\\/a.nel.cloudflare.com\\/report\\/v4?s=MIdwxOzp%2Bm%2FiUBX%2B647acIPU49S4ZSPXRdbld6IKkwsdn0qbsRcOrgD8a%2F65Nrx8xSDK5PCasZt2nQQrSkSoQp9kPRa9wrwfDmuQHuU36XvcbtmT2hZHBaKgVMP5LMzF"}],"group":"cf-nel","max_age":604800}', 'NEL': '{"success_fraction":0,"report_to":"cf-nel","max_age":604800}', 'Server': 'cloudflare', 'CF-RAY': '8ac04365ef106809-SJC', 'alt-svc': 'h3=":443"; ma=86400'} 
 body={"results":[{"gender":"female","name":{"title":"Mrs","first":"Katherine","last":"Peterson"},"location":{"street":{"number":400,"name":"Park Road"},"city":"Edinburgh","state":"North Yorkshire","country":"United Kingdom","postcode":"SD1K 8WH","coordinates":{"latitude":"-4.3702","longitude":"42.4338"},"timezone":{"offset":"-8:00","description":"Pacific Time (US &amp; Canada)"}},"email":"katherine.peterson@example.com","login":{"uuid":"8b62095a-faae-4f1a-8d79-4a51a96c5f85","username":"organicelephant663","password":"india","salt":"QO40eQp2","md5":"06a11edb57bf30ab46a3372d3b369388","sha1":"7847bae9082330605f6a524bb65a18d3a70f0f5c","sha256":"06f1949dd8eba07a54b904582cf54cfdd9b56a487f0c765142e9f1729c521714"},"dob":{"date":"1963-06-23T11:44:56.892Z","age":61},"registered":{"date":"2004-01-12T11:20:05.742Z","age":20},"phone":"015396 52794","cell":"07556 781198","id":{"name":"NINO","value":"BC 58 59 09 K"},"picture":{"large":"https://randomuser.me/api/portraits/women/64.jpg","medium":"https://randomuser.me/api/portraits/med/women/64.jpg","thumbnail":"https://randomuser.me/api/portraits/thumb/women/64.jpg"},"nat":"GB"}],"info":{"seed":"854e3a8f851aa62f","results":1,"page":1,"version":"1.4"}} 
 </msg>
<msg time="2024-07-31T20:15:56.176768" level="INFO">/opt/hostedtoolcache/Python/3.12.4/x64/lib/python3.12/site-packages/urllib3/connectionpool.py:1099: InsecureRequestWarning: Unverified HTTPS request is being made to host 'randomuser.me'. Adding certificate verification is strongly advised. See: https://urllib3.readthedocs.io/en/latest/advanced-usage.html#tls-warnings
  warnings.warn(</msg>
<msg time="2024-07-31T20:15:56.176918" level="INFO">${response} = &lt;Response [200]&gt;</msg>
<var>${response}</var>
<arg>consultarAPI</arg>
<arg>/api</arg>
<doc>Sends a GET request on a previously created HTTP Session.</doc>
<status status="PASS" start="2024-07-31T20:15:55.819045" elapsed="0.357947"/>
</kw>
<kw name="Set Variable" owner="BuiltIn">
<msg time="2024-07-31T20:15:56.178040" level="INFO">${json_data} = {'results': [{'gender': 'female', 'name': {'title': 'Mrs', 'first': 'Katherine', 'last': 'Peterson'}, 'location': {'street': {'number': 400, 'name': 'Park Road'}, 'city': 'Edinburgh', 'state': 'North ...</msg>
<var>${json_data}</var>
<arg>${response.json()}</arg>
<doc>Returns the given values which can then be assigned to a variables.</doc>
<status status="PASS" start="2024-07-31T20:15:56.177514" elapsed="0.000554"/>
</kw>
<kw name="Log" owner="BuiltIn">
<msg time="2024-07-31T20:15:56.178541" level="INFO">{'results': [{'gender': 'female', 'name': {'title': 'Mrs', 'first': 'Katherine', 'last': 'Peterson'}, 'location': {'street': {'number': 400, 'name': 'Park Road'}, 'city': 'Edinburgh', 'state': 'North Yorkshire', 'country': 'United Kingdom', 'postcode': 'SD1K 8WH', 'coordinates': {'latitude': '-4.3702', 'longitude': '42.4338'}, 'timezone': {'offset': '-8:00', 'description': 'Pacific Time (US &amp; Canada)'}}, 'email': 'katherine.peterson@example.com', 'login': {'uuid': '8b62095a-faae-4f1a-8d79-4a51a96c5f85', 'username': 'organicelephant663', 'password': 'india', 'salt': 'QO40eQp2', 'md5': '06a11edb57bf30ab46a3372d3b369388', 'sha1': '7847bae9082330605f6a524bb65a18d3a70f0f5c', 'sha256': '06f1949dd8eba07a54b904582cf54cfdd9b56a487f0c765142e9f1729c521714'}, 'dob': {'date': '1963-06-23T11:44:56.892Z', 'age': 61}, 'registered': {'date': '2004-01-12T11:20:05.742Z', 'age': 20}, 'phone': '015396 52794', 'cell': '07556 781198', 'id': {'name': 'NINO', 'value': 'BC 58 59 09 K'}, 'picture': {'large': 'https://randomuser.me/api/portraits/women/64.jpg', 'medium': 'https://randomuser.me/api/portraits/med/women/64.jpg', 'thumbnail': 'https://randomuser.me/api/portraits/thumb/women/64.jpg'}, 'nat': 'GB'}], 'info': {'seed': '854e3a8f851aa62f', 'results': 1, 'page': 1, 'version': '1.4'}}</msg>
<arg>${json_data}</arg>
<doc>Logs the given message with the given level.</doc>
<status status="PASS" start="2024-07-31T20:15:56.178378" elapsed="0.000211"/>
</kw>
<kw name="Dictionary Should Contain Key" owner="Collections">
<arg>${json_data}</arg>
<arg>results</arg>
<doc>Fails if ``key`` is not found from ``dictionary``.</doc>
<status status="PASS" start="2024-07-31T20:15:56.178877" elapsed="0.000162"/>
</kw>
<kw name="Should Not Be Empty" owner="BuiltIn">
<msg time="2024-07-31T20:15:56.179385" level="INFO">Length is 2.</msg>
<arg>${json_data}</arg>
<doc>Verifies that the given item is not empty.</doc>
<status status="PASS" start="2024-07-31T20:15:56.179219" elapsed="0.000206"/>
</kw>
<kw name="Create List" owner="BuiltIn">
<msg time="2024-07-31T20:15:56.179868" level="INFO">${expected_keys} = ['gender', 'name', 'location', 'email', 'login']</msg>
<var>${expected_keys}</var>
<arg>gender</arg>
<arg>name</arg>
<arg>location</arg>
<arg>email</arg>
<arg>login</arg>
<doc>Returns a list containing given items.</doc>
<status status="PASS" start="2024-07-31T20:15:56.179713" elapsed="0.000178"/>
</kw>
<for flavor="IN">
<iter>
<kw name="Dictionary Should Contain Key" owner="Collections">
<arg>${json_data['results'][0]}</arg>
<arg>${key}</arg>
<doc>Fails if ``key`` is not found from ``dictionary``.</doc>
<status status="PASS" start="2024-07-31T20:15:56.180469" elapsed="0.000406"/>
</kw>
<kw name="Log" owner="BuiltIn">
<msg time="2024-07-31T20:15:56.181401" level="INFO">{'gender': 'female', 'name': {'title': 'Mrs', 'first': 'Katherine', 'last': 'Peterson'}, 'location': {'street': {'number': 400, 'name': 'Park Road'}, 'city': 'Edinburgh', 'state': 'North Yorkshire', 'country': 'United Kingdom', 'postcode': 'SD1K 8WH', 'coordinates': {'latitude': '-4.3702', 'longitude': '42.4338'}, 'timezone': {'offset': '-8:00', 'description': 'Pacific Time (US &amp; Canada)'}}, 'email': 'katherine.peterson@example.com', 'login': {'uuid': '8b62095a-faae-4f1a-8d79-4a51a96c5f85', 'username': 'organicelephant663', 'password': 'india', 'salt': 'QO40eQp2', 'md5': '06a11edb57bf30ab46a3372d3b369388', 'sha1': '7847bae9082330605f6a524bb65a18d3a70f0f5c', 'sha256': '06f1949dd8eba07a54b904582cf54cfdd9b56a487f0c765142e9f1729c521714'}, 'dob': {'date': '1963-06-23T11:44:56.892Z', 'age': 61}, 'registered': {'date': '2004-01-12T11:20:05.742Z', 'age': 20}, 'phone': '015396 52794', 'cell': '07556 781198', 'id': {'name': 'NINO', 'value': 'BC 58 59 09 K'}, 'picture': {'large': 'https://randomuser.me/api/portraits/women/64.jpg', 'medium': 'https://randomuser.me/api/portraits/med/women/64.jpg', 'thumbnail': 'https://randomuser.me/api/portraits/thumb/women/64.jpg'}, 'nat': 'GB'}</msg>
<arg>${json_data['results'][0]}</arg>
<doc>Logs the given message with the given level.</doc>
<status status="PASS" start="2024-07-31T20:15:56.181056" elapsed="0.000394"/>
</kw>
<kw name="Log" owner="BuiltIn">
<msg time="2024-07-31T20:15:56.181871" level="INFO">gender</msg>
<arg>${key}</arg>
<doc>Logs the given message with the given level.</doc>
<status status="PASS" start="2024-07-31T20:15:56.181744" elapsed="0.000164"/>
</kw>
<var name="${key}">gender</var>
<status status="PASS" start="2024-07-31T20:15:56.180345" elapsed="0.001776"/>
</iter>
<iter>
<kw name="Dictionary Should Contain Key" owner="Collections">
<arg>${json_data['results'][0]}</arg>
<arg>${key}</arg>
<doc>Fails if ``key`` is not found from ``dictionary``.</doc>
<status status="PASS" start="2024-07-31T20:15:56.182411" elapsed="0.000383"/>
</kw>
<kw name="Log" owner="BuiltIn">
<msg time="2024-07-31T20:15:56.183392" level="INFO">{'gender': 'female', 'name': {'title': 'Mrs', 'first': 'Katherine', 'last': 'Peterson'}, 'location': {'street': {'number': 400, 'name': 'Park Road'}, 'city': 'Edinburgh', 'state': 'North Yorkshire', 'country': 'United Kingdom', 'postcode': 'SD1K 8WH', 'coordinates': {'latitude': '-4.3702', 'longitude': '42.4338'}, 'timezone': {'offset': '-8:00', 'description': 'Pacific Time (US &amp; Canada)'}}, 'email': 'katherine.peterson@example.com', 'login': {'uuid': '8b62095a-faae-4f1a-8d79-4a51a96c5f85', 'username': 'organicelephant663', 'password': 'india', 'salt': 'QO40eQp2', 'md5': '06a11edb57bf30ab46a3372d3b369388', 'sha1': '7847bae9082330605f6a524bb65a18d3a70f0f5c', 'sha256': '06f1949dd8eba07a54b904582cf54cfdd9b56a487f0c765142e9f1729c521714'}, 'dob': {'date': '1963-06-23T11:44:56.892Z', 'age': 61}, 'registered': {'date': '2004-01-12T11:20:05.742Z', 'age': 20}, 'phone': '015396 52794', 'cell': '07556 781198', 'id': {'name': 'NINO', 'value': 'BC 58 59 09 K'}, 'picture': {'large': 'https://randomuser.me/api/portraits/women/64.jpg', 'medium': 'https://randomuser.me/api/portraits/med/women/64.jpg', 'thumbnail': 'https://randomuser.me/api/portraits/thumb/women/64.jpg'}, 'nat': 'GB'}</msg>
<arg>${json_data['results'][0]}</arg>
<doc>Logs the given message with the given level.</doc>
<status status="PASS" start="2024-07-31T20:15:56.183008" elapsed="0.000434"/>
</kw>
<kw name="Log" owner="BuiltIn">
<msg time="2024-07-31T20:15:56.183870" level="INFO">name</msg>
<arg>${key}</arg>
<doc>Logs the given message with the given level.</doc>
<status status="PASS" start="2024-07-31T20:15:56.183737" elapsed="0.000170"/>
</kw>
<var name="${key}">name</var>
<status status="PASS" start="2024-07-31T20:15:56.182303" elapsed="0.001822"/>
</iter>
<iter>
<kw name="Dictionary Should Contain Key" owner="Collections">
<arg>${json_data['results'][0]}</arg>
<arg>${key}</arg>
<doc>Fails if ``key`` is not found from ``dictionary``.</doc>
<status status="PASS" start="2024-07-31T20:15:56.184410" elapsed="0.000375"/>
</kw>
<kw name="Log" owner="BuiltIn">
<msg time="2024-07-31T20:15:56.185313" level="INFO">{'gender': 'female', 'name': {'title': 'Mrs', 'first': 'Katherine', 'last': 'Peterson'}, 'location': {'street': {'number': 400, 'name': 'Park Road'}, 'city': 'Edinburgh', 'state': 'North Yorkshire', 'country': 'United Kingdom', 'postcode': 'SD1K 8WH', 'coordinates': {'latitude': '-4.3702', 'longitude': '42.4338'}, 'timezone': {'offset': '-8:00', 'description': 'Pacific Time (US &amp; Canada)'}}, 'email': 'katherine.peterson@example.com', 'login': {'uuid': '8b62095a-faae-4f1a-8d79-4a51a96c5f85', 'username': 'organicelephant663', 'password': 'india', 'salt': 'QO40eQp2', 'md5': '06a11edb57bf30ab46a3372d3b369388', 'sha1': '7847bae9082330605f6a524bb65a18d3a70f0f5c', 'sha256': '06f1949dd8eba07a54b904582cf54cfdd9b56a487f0c765142e9f1729c521714'}, 'dob': {'date': '1963-06-23T11:44:56.892Z', 'age': 61}, 'registered': {'date': '2004-01-12T11:20:05.742Z', 'age': 20}, 'phone': '015396 52794', 'cell': '07556 781198', 'id': {'name': 'NINO', 'value': 'BC 58 59 09 K'}, 'picture': {'large': 'https://randomuser.me/api/portraits/women/64.jpg', 'medium': 'https://randomuser.me/api/portraits/med/women/64.jpg', 'thumbnail': 'https://randomuser.me/api/portraits/thumb/women/64.jpg'}, 'nat': 'GB'}</msg>
<arg>${json_data['results'][0]}</arg>
<doc>Logs the given message with the given level.</doc>
<status status="PASS" start="2024-07-31T20:15:56.184969" elapsed="0.000402"/>
</kw>
<kw name="Log" owner="BuiltIn">
<msg time="2024-07-31T20:15:56.185800" level="INFO">location</msg>
<arg>${key}</arg>
<doc>Logs the given message with the given level.</doc>
<status status="PASS" start="2024-07-31T20:15:56.185671" elapsed="0.000167"/>
</kw>
<var name="${key}">location</var>
<status status="PASS" start="2024-07-31T20:15:56.184302" elapsed="0.001751"/>
</iter>
<iter>
<kw name="Dictionary Should Contain Key" owner="Collections">
<arg>${json_data['results'][0]}</arg>
<arg>${key}</arg>
<doc>Fails if ``key`` is not found from ``dictionary``.</doc>
<status status="PASS" start="2024-07-31T20:15:56.186331" elapsed="0.000392"/>
</kw>
<kw name="Log" owner="BuiltIn">
<msg time="2024-07-31T20:15:56.187422" level="INFO">{'gender': 'female', 'name': {'title': 'Mrs', 'first': 'Katherine', 'last': 'Peterson'}, 'location': {'street': {'number': 400, 'name': 'Park Road'}, 'city': 'Edinburgh', 'state': 'North Yorkshire', 'country': 'United Kingdom', 'postcode': 'SD1K 8WH', 'coordinates': {'latitude': '-4.3702', 'longitude': '42.4338'}, 'timezone': {'offset': '-8:00', 'description': 'Pacific Time (US &amp; Canada)'}}, 'email': 'katherine.peterson@example.com', 'login': {'uuid': '8b62095a-faae-4f1a-8d79-4a51a96c5f85', 'username': 'organicelephant663', 'password': 'india', 'salt': 'QO40eQp2', 'md5': '06a11edb57bf30ab46a3372d3b369388', 'sha1': '7847bae9082330605f6a524bb65a18d3a70f0f5c', 'sha256': '06f1949dd8eba07a54b904582cf54cfdd9b56a487f0c765142e9f1729c521714'}, 'dob': {'date': '1963-06-23T11:44:56.892Z', 'age': 61}, 'registered': {'date': '2004-01-12T11:20:05.742Z', 'age': 20}, 'phone': '015396 52794', 'cell': '07556 781198', 'id': {'name': 'NINO', 'value': 'BC 58 59 09 K'}, 'picture': {'large': 'https://randomuser.me/api/portraits/women/64.jpg', 'medium': 'https://randomuser.me/api/portraits/med/women/64.jpg', 'thumbnail': 'https://randomuser.me/api/portraits/thumb/women/64.jpg'}, 'nat': 'GB'}</msg>
<arg>${json_data['results'][0]}</arg>
<doc>Logs the given message with the given level.</doc>
<status status="PASS" start="2024-07-31T20:15:56.187049" elapsed="0.000423"/>
</kw>
<kw name="Log" owner="BuiltIn">
<msg time="2024-07-31T20:15:56.187894" level="INFO">email</msg>
<arg>${key}</arg>
<doc>Logs the given message with the given level.</doc>
<status status="PASS" start="2024-07-31T20:15:56.187766" elapsed="0.000171"/>
</kw>
<var name="${key}">email</var>
<status status="PASS" start="2024-07-31T20:15:56.186225" elapsed="0.001929"/>
</iter>
<iter>
<kw name="Dictionary Should Contain Key" owner="Collections">
<arg>${json_data['results'][0]}</arg>
<arg>${key}</arg>
<doc>Fails if ``key`` is not found from ``dictionary``.</doc>
<status status="PASS" start="2024-07-31T20:15:56.188442" elapsed="0.000432"/>
</kw>
<kw name="Log" owner="BuiltIn">
<msg time="2024-07-31T20:15:56.189411" level="INFO">{'gender': 'female', 'name': {'title': 'Mrs', 'first': 'Katherine', 'last': 'Peterson'}, 'location': {'street': {'number': 400, 'name': 'Park Road'}, 'city': 'Edinburgh', 'state': 'North Yorkshire', 'country': 'United Kingdom', 'postcode': 'SD1K 8WH', 'coordinates': {'latitude': '-4.3702', 'longitude': '42.4338'}, 'timezone': {'offset': '-8:00', 'description': 'Pacific Time (US &amp; Canada)'}}, 'email': 'katherine.peterson@example.com', 'login': {'uuid': '8b62095a-faae-4f1a-8d79-4a51a96c5f85', 'username': 'organicelephant663', 'password': 'india', 'salt': 'QO40eQp2', 'md5': '06a11edb57bf30ab46a3372d3b369388', 'sha1': '7847bae9082330605f6a524bb65a18d3a70f0f5c', 'sha256': '06f1949dd8eba07a54b904582cf54cfdd9b56a487f0c765142e9f1729c521714'}, 'dob': {'date': '1963-06-23T11:44:56.892Z', 'age': 61}, 'registered': {'date': '2004-01-12T11:20:05.742Z', 'age': 20}, 'phone': '015396 52794', 'cell': '07556 781198', 'id': {'name': 'NINO', 'value': 'BC 58 59 09 K'}, 'picture': {'large': 'https://randomuser.me/api/portraits/women/64.jpg', 'medium': 'https://randomuser.me/api/portraits/med/women/64.jpg', 'thumbnail': 'https://randomuser.me/api/portraits/thumb/women/64.jpg'}, 'nat': 'GB'}</msg>
<arg>${json_data['results'][0]}</arg>
<doc>Logs the given message with the given level.</doc>
<status status="PASS" start="2024-07-31T20:15:56.189061" elapsed="0.000398"/>
</kw>
<kw name="Log" owner="BuiltIn">
<msg time="2024-07-31T20:15:56.189887" level="INFO">login</msg>
<arg>${key}</arg>
<doc>Logs the given message with the given level.</doc>
<status status="PASS" start="2024-07-31T20:15:56.189754" elapsed="0.000174"/>
</kw>
<var name="${key}">login</var>
<status status="PASS" start="2024-07-31T20:15:56.188334" elapsed="0.001809"/>
</iter>
<var>${key}</var>
<value>@{expected_keys}</value>
<status status="PASS" start="2024-07-31T20:15:56.180152" elapsed="0.010139"/>
</for>
<kw name="Create List" owner="BuiltIn">
<msg time="2024-07-31T20:15:56.190637" level="INFO">${expected_keysTwo} = ['username', 'password']</msg>
<var>${expected_keysTwo}</var>
<arg>username</arg>
<arg>password</arg>
<doc>Returns a list containing given items.</doc>
<status status="PASS" start="2024-07-31T20:15:56.190500" elapsed="0.000161"/>
</kw>
<for flavor="IN">
<iter>
<kw name="Dictionary Should Contain Key" owner="Collections">
<arg>${json_data['results'][0]['login']}</arg>
<arg>${keyTwo}</arg>
<doc>Fails if ``key`` is not found from ``dictionary``.</doc>
<status status="PASS" start="2024-07-31T20:15:56.191170" elapsed="0.000411"/>
</kw>
<kw name="Dictionary Should Contain Key" owner="Collections">
<arg>${json_data['results'][0]['login']}</arg>
<arg>${keyTwo}</arg>
<doc>Fails if ``key`` is not found from ``dictionary``.</doc>
<status status="PASS" start="2024-07-31T20:15:56.191763" elapsed="0.000374"/>
</kw>
<kw name="Log" owner="BuiltIn">
<msg time="2024-07-31T20:15:56.192440" level="INFO">username</msg>
<arg>${keyTwo}</arg>
<doc>Logs the given message with the given level.</doc>
<status status="PASS" start="2024-07-31T20:15:56.192318" elapsed="0.000160"/>
</kw>
<var name="${keyTwo}">username</var>
<status status="PASS" start="2024-07-31T20:15:56.191063" elapsed="0.001633"/>
</iter>
<iter>
<kw name="Dictionary Should Contain Key" owner="Collections">
<arg>${json_data['results'][0]['login']}</arg>
<arg>${keyTwo}</arg>
<doc>Fails if ``key`` is not found from ``dictionary``.</doc>
<status status="PASS" start="2024-07-31T20:15:56.192974" elapsed="0.000382"/>
</kw>
<kw name="Dictionary Should Contain Key" owner="Collections">
<arg>${json_data['results'][0]['login']}</arg>
<arg>${keyTwo}</arg>
<doc>Fails if ``key`` is not found from ``dictionary``.</doc>
<status status="PASS" start="2024-07-31T20:15:56.193533" elapsed="0.000374"/>
</kw>
<kw name="Log" owner="BuiltIn">
<msg time="2024-07-31T20:15:56.194205" level="INFO">password</msg>
<arg>${keyTwo}</arg>
<doc>Logs the given message with the given level.</doc>
<status status="PASS" start="2024-07-31T20:15:56.194081" elapsed="0.000163"/>
</kw>
<var name="${keyTwo}">password</var>
<status status="PASS" start="2024-07-31T20:15:56.192868" elapsed="0.001599"/>
</iter>
<var>${keyTwo}</var>
<value>@{expected_keysTwo}</value>
<status status="PASS" start="2024-07-31T20:15:56.190904" elapsed="0.003684"/>
</for>
<status status="PASS" start="2024-07-31T20:15:55.818799" elapsed="0.375931"/>
</kw>
<doc>Testa a estrutura da resposta da API.</doc>
<tag>testeEstruturaResposta</tag>
<status status="PASS" start="2024-07-31T20:15:55.818156" elapsed="0.376732"/>
</test>
<test id="s1-s1-t4" name="Validar tipos de dados" line="28">
<kw name="Teste de Tipos de Dados" owner="random-user-service">
<kw name="GET On Session" owner="RequestsLibrary">
<msg time="2024-07-31T20:15:56.614289" level="INFO">GET Request : url=https://randomuser.me/api 
 path_url=/api 
 headers={'User-Agent': 'python-requests/2.32.3', 'Accept-Encoding': 'gzip, deflate', 'Accept': '*/*', 'Connection': 'keep-alive'} 
 body=None 
 </msg>
<msg time="2024-07-31T20:15:56.614389" level="INFO">GET Response : url=https://randomuser.me/api 
 status=200, reason=OK 
 headers={'Date': 'Wed, 31 Jul 2024 20:15:56 GMT', 'Content-Type': 'application/json; charset=utf-8', 'Transfer-Encoding': 'chunked', 'Connection': 'keep-alive', 'X-Powered-By': 'Express', 'Access-Control-Allow-Origin': '*', 'Cache-Control': 'no-cache', 'ETag': 'W/"4ac-l96BWCnPz+PPobxMidi1RcM0S80"', 'Vary': 'Accept-Encoding', 'Content-Encoding': 'gzip', 'CF-Cache-Status': 'DYNAMIC', 'Report-To': '{"endpoints":[{"url":"https:\\/\\/a.nel.cloudflare.com\\/report\\/v4?s=f0w7i6VL7xoYhQR7m7lifhGylLwjCmtHjbynkv5gh1Lxp8aFAlU%2BRo9UfYq1AZU8oOMvL84uNbkOfT8ToF%2B9r8mm4gLY7LWN5EMPVxUUTv6mcQ99ereb4UEIMUvNFAOd"}],"group":"cf-nel","max_age":604800}', 'NEL': '{"success_fraction":0,"report_to":"cf-nel","max_age":604800}', 'Server': 'cloudflare', 'CF-RAY': '8ac0436848ae6809-SJC', 'alt-svc': 'h3=":443"; ma=86400'} 
 body={"results":[{"gender":"female","name":{"title":"Miss","first":"Lotta","last":"Latvala"},"location":{"street":{"number":5829,"name":"Mechelininkatu"},"city":"Pudasjärvi","state":"South Karelia","country":"Finland","postcode":37530,"coordinates":{"latitude":"-27.8540","longitude":"35.3193"},"timezone":{"offset":"-6:00","description":"Central Time (US &amp; Canada), Mexico City"}},"email":"lotta.latvala@example.com","login":{"uuid":"871396ab-4ff4-4fce-b701-8b4755174d0a","username":"beautifullion766","password":"147147","salt":"00q0V5EE","md5":"cfa1c3c4fe06f3de3ad6c863b5dfaac0","sha1":"8a680412e65a4601808925daedfe997849fd6c13","sha256":"d4197b7baefa9f1786a0e6f6757bed89cc06f6c4e8cbef20a2614634a2f4485a"},"dob":{"date":"1960-10-26T12:29:11.825Z","age":63},"registered":{"date":"2011-07-26T04:31:07.441Z","age":13},"phone":"04-042-806","cell":"049-215-46-30","id":{"name":"HETU","value":"NaNNA388undefined"},"picture":{"large":"https://randomuser.me/api/portraits/women/35.jpg","medium":"https://randomuser.me/api/portraits/med/women/35.jpg","thumbnail":"https://randomuser.me/api/portraits/thumb/women/35.jpg"},"nat":"FI"}],"info":{"seed":"6f85801ad2c9e81d","results":1,"page":1,"version":"1.4"}} 
 </msg>
<msg time="2024-07-31T20:15:56.614471" level="INFO">/opt/hostedtoolcache/Python/3.12.4/x64/lib/python3.12/site-packages/urllib3/connectionpool.py:1099: InsecureRequestWarning: Unverified HTTPS request is being made to host 'randomuser.me'. Adding certificate verification is strongly advised. See: https://urllib3.readthedocs.io/en/latest/advanced-usage.html#tls-warnings
  warnings.warn(</msg>
<msg time="2024-07-31T20:15:56.614593" level="INFO">${response} = &lt;Response [200]&gt;</msg>
<var>${response}</var>
<arg>consultarAPI</arg>
<arg>/api</arg>
<doc>Sends a GET request on a previously created HTTP Session.</doc>
<status status="PASS" start="2024-07-31T20:15:56.197416" elapsed="0.417220"/>
</kw>
<kw name="Set Variable" owner="BuiltIn">
<msg time="2024-07-31T20:15:56.615777" level="INFO">${json_data} = {'results': [{'gender': 'female', 'name': {'title': 'Miss', 'first': 'Lotta', 'last': 'Latvala'}, 'location': {'street': {'number': 5829, 'name': 'Mechelininkatu'}, 'city': 'Pudasjärvi', 'state': 'Sou...</msg>
<var>${json_data}</var>
<arg>${response.json()}</arg>
<doc>Returns the given values which can then be assigned to a variables.</doc>
<status status="PASS" start="2024-07-31T20:15:56.615195" elapsed="0.000612"/>
</kw>
<kw name="Log" owner="BuiltIn">
<msg time="2024-07-31T20:15:56.616285" level="INFO">{'results': [{'gender': 'female', 'name': {'title': 'Miss', 'first': 'Lotta', 'last': 'Latvala'}, 'location': {'street': {'number': 5829, 'name': 'Mechelininkatu'}, 'city': 'Pudasjärvi', 'state': 'South Karelia', 'country': 'Finland', 'postcode': 37530, 'coordinates': {'latitude': '-27.8540', 'longitude': '35.3193'}, 'timezone': {'offset': '-6:00', 'description': 'Central Time (US &amp; Canada), Mexico City'}}, 'email': 'lotta.latvala@example.com', 'login': {'uuid': '871396ab-4ff4-4fce-b701-8b4755174d0a', 'username': 'beautifullion766', 'password': '147147', 'salt': '00q0V5EE', 'md5': 'cfa1c3c4fe06f3de3ad6c863b5dfaac0', 'sha1': '8a680412e65a4601808925daedfe997849fd6c13', 'sha256': 'd4197b7baefa9f1786a0e6f6757bed89cc06f6c4e8cbef20a2614634a2f4485a'}, 'dob': {'date': '1960-10-26T12:29:11.825Z', 'age': 63}, 'registered': {'date': '2011-07-26T04:31:07.441Z', 'age': 13}, 'phone': '04-042-806', 'cell': '049-215-46-30', 'id': {'name': 'HETU', 'value': 'NaNNA388undefined'}, 'picture': {'large': 'https://randomuser.me/api/portraits/women/35.jpg', 'medium': 'https://randomuser.me/api/portraits/med/women/35.jpg', 'thumbnail': 'https://randomuser.me/api/portraits/thumb/women/35.jpg'}, 'nat': 'FI'}], 'info': {'seed': '6f85801ad2c9e81d', 'results': 1, 'page': 1, 'version': '1.4'}}</msg>
<arg>${json_data}</arg>
<doc>Logs the given message with the given level.</doc>
<status status="PASS" start="2024-07-31T20:15:56.616120" elapsed="0.000217"/>
</kw>
<kw name="Should Be String" owner="String">
<arg>${json_data['results'][0]['gender']}</arg>
<doc>Fails if the given ``item`` is not a string.</doc>
<status status="PASS" start="2024-07-31T20:15:56.616672" elapsed="0.000365"/>
</kw>
<kw name="Should Match Regexp" owner="BuiltIn">
<arg>${json_data['results'][0]['email']}</arg>
<arg>^[a-zA-Z0-9._%+-]+@[a-zA-Z0-9.-]+\.[a-zA-Z]{2,}$</arg>
<doc>Fails if ``string`` does not match ``pattern`` as a regular expression.</doc>
<status status="PASS" start="2024-07-31T20:15:56.617228" elapsed="0.000521"/>
</kw>
<kw name="Should Match Regexp" owner="BuiltIn">
<arg>${json_data['results'][0]['dob']['date']}</arg>
<arg>\\d{4}-\\d{2}-\\d{2}T\\d{2}:\\d{2}:\\d{2}\\.\\d{3}Z</arg>
<doc>Fails if ``string`` does not match ``pattern`` as a regular expression.</doc>
<status status="PASS" start="2024-07-31T20:15:56.617945" elapsed="0.000635"/>
</kw>
<kw name="Should Match Regexp" owner="BuiltIn">
<arg>${json_data['results'][0]['registered']['date']}</arg>
<arg>\\d{4}-\\d{2}-\\d{2}T\\d{2}:\\d{2}:\\d{2}\\.\\d{3}Z</arg>
<doc>Fails if ``string`` does not match ``pattern`` as a regular expression.</doc>
<status status="PASS" start="2024-07-31T20:15:56.618779" elapsed="0.000368"/>
</kw>
<kw name="Should Match Regexp" owner="BuiltIn">
<arg>${json_data['results'][0]['picture']['large']}</arg>
<arg>^https?://.*\.(?:png|jpe?g|gif|bmp)$</arg>
<doc>Fails if ``string`` does not match ``pattern`` as a regular expression.</doc>
<status status="PASS" start="2024-07-31T20:15:56.619351" elapsed="0.000470"/>
</kw>
<kw name="Should Match Regexp" owner="BuiltIn">
<arg>${json_data['results'][0]['picture']['medium']}</arg>
<arg>^https?://.*\.(?:png|jpe?g|gif|bmp)$</arg>
<doc>Fails if ``string`` does not match ``pattern`` as a regular expression.</doc>
<status status="PASS" start="2024-07-31T20:15:56.620007" elapsed="0.000352"/>
</kw>
<kw name="Should Match Regexp" owner="BuiltIn">
<arg>${json_data['results'][0]['picture']['thumbnail']}</arg>
<arg>^https?://.*\.(?:png|jpe?g|gif|bmp)$</arg>
<doc>Fails if ``string`` does not match ``pattern`` as a regular expression.</doc>
<status status="PASS" start="2024-07-31T20:15:56.620541" elapsed="0.000356"/>
</kw>
<kw name="Log" owner="BuiltIn">
<msg time="2024-07-31T20:15:56.621419" level="INFO">{'large': 'https://randomuser.me/api/portraits/women/35.jpg', 'medium': 'https://randomuser.me/api/portraits/med/women/35.jpg', 'thumbnail': 'https://randomuser.me/api/portraits/thumb/women/35.jpg'}</msg>
<arg>${json_data['results'][0]['picture']}</arg>
<doc>Logs the given message with the given level.</doc>
<status status="PASS" start="2024-07-31T20:15:56.621080" elapsed="0.000383"/>
</kw>
<status status="PASS" start="2024-07-31T20:15:56.197183" elapsed="0.424553"/>
</kw>
<kw name="Teste de Tipos de Dados - Postcode" owner="random-user-service">
<kw name="GET On Session" owner="RequestsLibrary">
<msg time="2024-07-31T20:15:56.749896" level="INFO">GET Request : url=https://randomuser.me/api 
 path_url=/api 
 headers={'User-Agent': 'python-requests/2.32.3', 'Accept-Encoding': 'gzip, deflate', 'Accept': '*/*', 'Connection': 'keep-alive'} 
 body=None 
 </msg>
<msg time="2024-07-31T20:15:56.750005" level="INFO">GET Response : url=https://randomuser.me/api 
 status=200, reason=OK 
 headers={'Date': 'Wed, 31 Jul 2024 20:15:56 GMT', 'Content-Type': 'application/json; charset=utf-8', 'Transfer-Encoding': 'chunked', 'Connection': 'keep-alive', 'X-Powered-By': 'Express', 'Access-Control-Allow-Origin': '*', 'Cache-Control': 'no-cache', 'ETag': 'W/"483-bV7Agm1m30OBKCoKB+RdwESt7MA"', 'Vary': 'Accept-Encoding', 'Content-Encoding': 'gzip', 'CF-Cache-Status': 'DYNAMIC', 'Report-To': '{"endpoints":[{"url":"https:\\/\\/a.nel.cloudflare.com\\/report\\/v4?s=P1TquruFF%2B2auBEH3f%2FKAxVI1xZ4w6lGQGehoeeExqHgw85qU%2FfTWsf0pT1KbXEwNcooDptzvD6%2FfRfyLOl%2BM1fMbRDk7nzHvMI5KNvL1iT%2BvbjIps5ZNZgVCffZGWd5"}],"group":"cf-nel","max_age":604800}', 'NEL': '{"success_fraction":0,"report_to":"cf-nel","max_age":604800}', 'Server': 'cloudflare', 'CF-RAY': '8ac0436aeabe6809-SJC', 'alt-svc': 'h3=":443"; ma=86400'} 
 body={"results":[{"gender":"female","name":{"title":"Mrs","first":"Aubrey","last":"Thomas"},"location":{"street":{"number":1705,"name":"Ranchview Dr"},"city":"San Jose","state":"Tennessee","country":"United States","postcode":42540,"coordinates":{"latitude":"89.6605","longitude":"147.2370"},"timezone":{"offset":"-3:30","description":"Newfoundland"}},"email":"aubrey.thomas@example.com","login":{"uuid":"1e752acd-5596-42d2-9f7e-253800988a97","username":"whitedog392","password":"island","salt":"vKAj1ju9","md5":"7d46c8b67550436b71cb65775d08ca47","sha1":"1407fbea4a08ec03f184cf3a2b9f7cf211f07431","sha256":"66c3fe1a8381ecbfe3283ffdc65099381beebc9ac957d159b9663ea04fd001d7"},"dob":{"date":"1956-10-09T19:27:35.719Z","age":67},"registered":{"date":"2012-07-05T04:42:50.561Z","age":12},"phone":"(255) 666-4753","cell":"(348) 523-1048","id":{"name":"SSN","value":"277-61-4376"},"picture":{"large":"https://randomuser.me/api/portraits/women/1.jpg","medium":"https://randomuser.me/api/portraits/med/women/1.jpg","thumbnail":"https://randomuser.me/api/portraits/thumb/women/1.jpg"},"nat":"US"}],"info":{"seed":"6888d954836da65a","results":1,"page":1,"version":"1.4"}} 
 </msg>
<msg time="2024-07-31T20:15:56.750089" level="INFO">/opt/hostedtoolcache/Python/3.12.4/x64/lib/python3.12/site-packages/urllib3/connectionpool.py:1099: InsecureRequestWarning: Unverified HTTPS request is being made to host 'randomuser.me'. Adding certificate verification is strongly advised. See: https://urllib3.readthedocs.io/en/latest/advanced-usage.html#tls-warnings
  warnings.warn(</msg>
<msg time="2024-07-31T20:15:56.750227" level="INFO">${response} = &lt;Response [200]&gt;</msg>
<var>${response}</var>
<arg>consultarAPI</arg>
<arg>/api</arg>
<doc>Sends a GET request on a previously created HTTP Session.</doc>
<status status="PASS" start="2024-07-31T20:15:56.622207" elapsed="0.128053"/>
</kw>
<kw name="Set Variable" owner="BuiltIn">
<msg time="2024-07-31T20:15:56.751381" level="INFO">${json_data} = {'results': [{'gender': 'female', 'name': {'title': 'Mrs', 'first': 'Aubrey', 'last': 'Thomas'}, 'location': {'street': {'number': 1705, 'name': 'Ranchview Dr'}, 'city': 'San Jose', 'state': 'Tennesse...</msg>
<var>${json_data}</var>
<arg>${response.json()}</arg>
<doc>Returns the given values which can then be assigned to a variables.</doc>
<status status="PASS" start="2024-07-31T20:15:56.750833" elapsed="0.000580"/>
</kw>
<kw name="Log" owner="BuiltIn">
<msg time="2024-07-31T20:15:56.751881" level="INFO">{'results': [{'gender': 'female', 'name': {'title': 'Mrs', 'first': 'Aubrey', 'last': 'Thomas'}, 'location': {'street': {'number': 1705, 'name': 'Ranchview Dr'}, 'city': 'San Jose', 'state': 'Tennessee', 'country': 'United States', 'postcode': 42540, 'coordinates': {'latitude': '89.6605', 'longitude': '147.2370'}, 'timezone': {'offset': '-3:30', 'description': 'Newfoundland'}}, 'email': 'aubrey.thomas@example.com', 'login': {'uuid': '1e752acd-5596-42d2-9f7e-253800988a97', 'username': 'whitedog392', 'password': 'island', 'salt': 'vKAj1ju9', 'md5': '7d46c8b67550436b71cb65775d08ca47', 'sha1': '1407fbea4a08ec03f184cf3a2b9f7cf211f07431', 'sha256': '66c3fe1a8381ecbfe3283ffdc65099381beebc9ac957d159b9663ea04fd001d7'}, 'dob': {'date': '1956-10-09T19:27:35.719Z', 'age': 67}, 'registered': {'date': '2012-07-05T04:42:50.561Z', 'age': 12}, 'phone': '(255) 666-4753', 'cell': '(348) 523-1048', 'id': {'name': 'SSN', 'value': '277-61-4376'}, 'picture': {'large': 'https://randomuser.me/api/portraits/women/1.jpg', 'medium': 'https://randomuser.me/api/portraits/med/women/1.jpg', 'thumbnail': 'https://randomuser.me/api/portraits/thumb/women/1.jpg'}, 'nat': 'US'}], 'info': {'seed': '6888d954836da65a', 'results': 1, 'page': 1, 'version': '1.4'}}</msg>
<arg>${json_data}</arg>
<doc>Logs the given message with the given level.</doc>
<status status="PASS" start="2024-07-31T20:15:56.751718" elapsed="0.000211"/>
</kw>
<kw name="Should Be Equal As Numbers" owner="BuiltIn">
<arg>${json_data['results'][0]['location']['postcode']}</arg>
<arg>${json_data['results'][0]['location']['postcode']}</arg>
<doc>Fails if objects are unequal after converting them to real numbers.</doc>
<status status="PASS" start="2024-07-31T20:15:56.752233" elapsed="0.000622"/>
</kw>
<kw name="Log" owner="BuiltIn">
<msg time="2024-07-31T20:15:56.753417" level="INFO">42540</msg>
<arg>${json_data['results'][0]['location']['postcode']}</arg>
<doc>Logs the given message with the given level.</doc>
<status status="PASS" start="2024-07-31T20:15:56.753078" elapsed="0.000380"/>
</kw>
<status status="PASS" start="2024-07-31T20:15:56.621964" elapsed="0.131750"/>
</kw>
<doc>Testa se os tipos de dados na resposta da API estão corretos.</doc>
<tag>testeTiposDados</tag>
<status status="PASS" start="2024-07-31T20:15:56.196684" elapsed="0.557202"/>
</test>
<test id="s1-s1-t5" name="Validar conteudo" line="35">
<kw name="Teste de Tipos de Conteudo" owner="random-user-service">
<kw name="GET On Session" owner="RequestsLibrary">
<msg time="2024-07-31T20:15:56.862127" level="INFO">GET Request : url=https://randomuser.me/api 
 path_url=/api 
 headers={'User-Agent': 'python-requests/2.32.3', 'Accept-Encoding': 'gzip, deflate', 'Accept': '*/*', 'Connection': 'keep-alive'} 
 body=None 
 </msg>
<msg time="2024-07-31T20:15:56.862237" level="INFO">GET Response : url=https://randomuser.me/api 
 status=200, reason=OK 
 headers={'Date': 'Wed, 31 Jul 2024 20:15:56 GMT', 'Content-Type': 'application/json; charset=utf-8', 'Transfer-Encoding': 'chunked', 'Connection': 'keep-alive', 'X-Powered-By': 'Express', 'Access-Control-Allow-Origin': '*', 'Cache-Control': 'no-cache', 'ETag': 'W/"47a-DZKSJHtd5umY2pHlCiBSzFt5lg4"', 'Vary': 'Accept-Encoding', 'Content-Encoding': 'gzip', 'CF-Cache-Status': 'DYNAMIC', 'Report-To': '{"endpoints":[{"url":"https:\\/\\/a.nel.cloudflare.com\\/report\\/v4?s=ic0Fisk6Dn1yvigt7hgdhv3u1HOywPpZd3EnZtjv4aw9RII18qux9C%2BSU0GF5ltv3e%2Fyy2B6Yf%2B%2FWfCg%2BgIvGldblTv7reTwLQ4NoL81gZZzASH9he5yYZCQKopwrsA9"}],"group":"cf-nel","max_age":604800}', 'NEL': '{"success_fraction":0,"report_to":"cf-nel","max_age":604800}', 'Server': 'cloudflare', 'CF-RAY': '8ac0436bcb7d6809-SJC', 'alt-svc': 'h3=":443"; ma=86400'} 
 body={"results":[{"gender":"male","name":{"title":"Mr","first":"Mehmet","last":"Avan"},"location":{"street":{"number":6153,"name":"Anafartalar Cd"},"city":"Edirne","state":"Tokat","country":"Turkey","postcode":99898,"coordinates":{"latitude":"71.0725","longitude":"-116.3453"},"timezone":{"offset":"-1:00","description":"Azores, Cape Verde Islands"}},"email":"mehmet.avan@example.com","login":{"uuid":"a26914bf-6a9a-45e5-9ddc-0b9a834f554d","username":"ticklishrabbit144","password":"southpark","salt":"zQJMu4wh","md5":"084592e82cc0c36bcd0fd25f0b319312","sha1":"def7f112d3e7e0196202ebfb02c937c2939f96a8","sha256":"9517873e5a4d1501b0eaef338c58515ff852aa8e17fbc776cf60c2878472e9a2"},"dob":{"date":"1985-06-30T21:15:24.985Z","age":39},"registered":{"date":"2013-08-30T09:56:55.692Z","age":10},"phone":"(522)-933-2896","cell":"(149)-963-8336","id":{"name":"","value":null},"picture":{"large":"https://randomuser.me/api/portraits/men/65.jpg","medium":"https://randomuser.me/api/portraits/med/men/65.jpg","thumbnail":"https://randomuser.me/api/portraits/thumb/men/65.jpg"},"nat":"TR"}],"info":{"seed":"363ddcefaf56b927","results":1,"page":1,"version":"1.4"}} 
 </msg>
<msg time="2024-07-31T20:15:56.862319" level="INFO">/opt/hostedtoolcache/Python/3.12.4/x64/lib/python3.12/site-packages/urllib3/connectionpool.py:1099: InsecureRequestWarning: Unverified HTTPS request is being made to host 'randomuser.me'. Adding certificate verification is strongly advised. See: https://urllib3.readthedocs.io/en/latest/advanced-usage.html#tls-warnings
  warnings.warn(</msg>
<msg time="2024-07-31T20:15:56.862452" level="INFO">${response} = &lt;Response [200]&gt;</msg>
<var>${response}</var>
<arg>consultarAPI</arg>
<arg>/api</arg>
<doc>Sends a GET request on a previously created HTTP Session.</doc>
<status status="PASS" start="2024-07-31T20:15:56.756884" elapsed="0.105601"/>
</kw>
<kw name="Set Variable" owner="BuiltIn">
<msg time="2024-07-31T20:15:56.863637" level="INFO">${json_data} = {'results': [{'gender': 'male', 'name': {'title': 'Mr', 'first': 'Mehmet', 'last': 'Avan'}, 'location': {'street': {'number': 6153, 'name': 'Anafartalar Cd'}, 'city': 'Edirne', 'state': 'Tokat', 'coun...</msg>
<var>${json_data}</var>
<arg>${response.json()}</arg>
<doc>Returns the given values which can then be assigned to a variables.</doc>
<status status="PASS" start="2024-07-31T20:15:56.863059" elapsed="0.000607"/>
</kw>
<kw name="Set Variable" owner="BuiltIn">
<msg time="2024-07-31T20:15:56.864360" level="INFO">${name_title} = Mr</msg>
<var>${name_title}</var>
<arg>${json_data["results"][0]["name"]["title"]}</arg>
<doc>Returns the given values which can then be assigned to a variables.</doc>
<status status="PASS" start="2024-07-31T20:15:56.863979" elapsed="0.000406"/>
</kw>
<kw name="Create List" owner="BuiltIn">
<msg time="2024-07-31T20:15:56.864827" level="INFO">${allowed_titles} = ['Mr', 'Ms', 'Miss', 'Mrs', 'Madame', 'Monsieur']</msg>
<var>${allowed_titles}</var>
<arg>Mr</arg>
<arg>Ms</arg>
<arg>Miss</arg>
<arg>Mrs</arg>
<arg>Madame</arg>
<arg>Monsieur</arg>
<doc>Returns a list containing given items.</doc>
<status status="PASS" start="2024-07-31T20:15:56.864679" elapsed="0.000173"/>
</kw>
<kw name="List Should Contain Value" owner="Collections">
<arg>${allowed_titles}</arg>
<arg>${name_title}</arg>
<doc>Fails if the ``value`` is not found from ``list``.</doc>
<status status="PASS" start="2024-07-31T20:15:56.865153" elapsed="0.000182"/>
</kw>
<kw name="Set Variable" owner="BuiltIn">
<msg time="2024-07-31T20:15:56.865879" level="INFO">${name_country} = TR</msg>
<var>${name_country}</var>
<arg>${json_data["results"][0]["nat"]}</arg>
<doc>Returns the given values which can then be assigned to a variables.</doc>
<status status="PASS" start="2024-07-31T20:15:56.865514" elapsed="0.000390"/>
</kw>
<kw name="Create List" owner="BuiltIn">
<msg time="2024-07-31T20:15:56.866787" level="INFO">${list_country} = ['AD', 'AE', 'AF', 'AG', 'AI', 'AL', 'AM', 'AO', 'AQ', 'AR', 'AS', 'AT', 'AU', 'AW', 'AX', 'AZ', 'BA', 'BB', 'BD', 'BE', 'BF', 'BG', 'BH', 'BI', 'BJ', 'BL', 'BM', 'BN', 'BO', 'BQ', 'BR', 'BS', 'BT', '...</msg>
<var>${list_country}</var>
<arg>AD</arg>
<arg>AE</arg>
<arg>AF</arg>
<arg>AG</arg>
<arg>AI</arg>
<arg>AL</arg>
<arg>AM</arg>
<arg>AO</arg>
<arg>AQ</arg>
<arg>AR</arg>
<arg>AS</arg>
<arg>AT</arg>
<arg>AU</arg>
<arg>AW</arg>
<arg>AX</arg>
<arg>AZ</arg>
<arg>BA</arg>
<arg>BB</arg>
<arg>BD</arg>
<arg>BE</arg>
<arg>BF</arg>
<arg>BG</arg>
<arg>BH</arg>
<arg>BI</arg>
<arg>BJ</arg>
<arg>BL</arg>
<arg>BM</arg>
<arg>BN</arg>
<arg>BO</arg>
<arg>BQ</arg>
<arg>BR</arg>
<arg>BS</arg>
<arg>BT</arg>
<arg>BV</arg>
<arg>BW</arg>
<arg>BY</arg>
<arg>BZ</arg>
<arg>CA</arg>
<arg>CC</arg>
<arg>CD</arg>
<arg>CF</arg>
<arg>CG</arg>
<arg>CH</arg>
<arg>CI</arg>
<arg>CK</arg>
<arg>CL</arg>
<arg>CM</arg>
<arg>CN</arg>
<arg>CO</arg>
<arg>CR</arg>
<arg>CU</arg>
<arg>CV</arg>
<arg>CW</arg>
<arg>CX</arg>
<arg>CY</arg>
<arg>CZ</arg>
<arg>DE</arg>
<arg>DJ</arg>
<arg>DK</arg>
<arg>DM</arg>
<arg>DO</arg>
<arg>DZ</arg>
<arg>EC</arg>
<arg>EE</arg>
<arg>EG</arg>
<arg>EH</arg>
<arg>ER</arg>
<arg>ES</arg>
<arg>ET</arg>
<arg>FI</arg>
<arg>FJ</arg>
<arg>FK</arg>
<arg>FM</arg>
<arg>FO</arg>
<arg>FR</arg>
<arg>GA</arg>
<arg>GB</arg>
<arg>GD</arg>
<arg>GE</arg>
<arg>GF</arg>
<arg>GG</arg>
<arg>GH</arg>
<arg>GI</arg>
<arg>GL</arg>
<arg>GM</arg>
<arg>GN</arg>
<arg>GP</arg>
<arg>GQ</arg>
<arg>GR</arg>
<arg>GS</arg>
<arg>GT</arg>
<arg>GU</arg>
<arg>GW</arg>
<arg>GY</arg>
<arg>HK</arg>
<arg>HM</arg>
<arg>HN</arg>
<arg>HR</arg>
<arg>HT</arg>
<arg>HU</arg>
<arg>ID</arg>
<arg>IE</arg>
<arg>IL</arg>
<arg>IM</arg>
<arg>IN</arg>
<arg>IO</arg>
<arg>IQ</arg>
<arg>IR</arg>
<arg>IS</arg>
<arg>IT</arg>
<arg>JE</arg>
<arg>JM</arg>
<arg>JO</arg>
<arg>JP</arg>
<arg>KE</arg>
<arg>KG</arg>
<arg>KH</arg>
<arg>KI</arg>
<arg>KM</arg>
<arg>KN</arg>
<arg>KP</arg>
<arg>KR</arg>
<arg>KW</arg>
<arg>KY</arg>
<arg>KZ</arg>
<arg>LA</arg>
<arg>LB</arg>
<arg>LC</arg>
<arg>LI</arg>
<arg>LK</arg>
<arg>LR</arg>
<arg>LS</arg>
<arg>LT</arg>
<arg>LU</arg>
<arg>LV</arg>
<arg>LY</arg>
<arg>MA</arg>
<arg>MC</arg>
<arg>MD</arg>
<arg>ME</arg>
<arg>MF</arg>
<arg>MG</arg>
<arg>MH</arg>
<arg>MK</arg>
<arg>ML</arg>
<arg>MM</arg>
<arg>MN</arg>
<arg>MO</arg>
<arg>MP</arg>
<arg>MQ</arg>
<arg>MR</arg>
<arg>MS</arg>
<arg>MT</arg>
<arg>MU</arg>
<arg>MV</arg>
<arg>MW</arg>
<arg>MX</arg>
<arg>MY</arg>
<arg>MZ</arg>
<arg>NA</arg>
<arg>NC</arg>
<arg>NE</arg>
<arg>NF</arg>
<arg>NG</arg>
<arg>NI</arg>
<arg>NL</arg>
<arg>NO</arg>
<arg>NP</arg>
<arg>NR</arg>
<arg>NU</arg>
<arg>NZ</arg>
<arg>OM</arg>
<arg>PA</arg>
<arg>PE</arg>
<arg>PF</arg>
<arg>PG</arg>
<arg>PH</arg>
<arg>PK</arg>
<arg>PL</arg>
<arg>PM</arg>
<arg>PN</arg>
<arg>PR</arg>
<arg>PS</arg>
<arg>PT</arg>
<arg>PW</arg>
<arg>PY</arg>
<arg>QA</arg>
<arg>RE</arg>
<arg>RO</arg>
<arg>RS</arg>
<arg>RU</arg>
<arg>RW</arg>
<arg>SA</arg>
<arg>SB</arg>
<arg>SC</arg>
<arg>SD</arg>
<arg>SE</arg>
<arg>SG</arg>
<arg>SH</arg>
<arg>SI</arg>
<arg>SJ</arg>
<arg>SK</arg>
<arg>SL</arg>
<arg>SM</arg>
<arg>SN</arg>
<arg>SO</arg>
<arg>SR</arg>
<arg>SS</arg>
<arg>ST</arg>
<arg>SV</arg>
<arg>SX</arg>
<arg>SY</arg>
<arg>SZ</arg>
<arg>TC</arg>
<arg>TD</arg>
<arg>TF</arg>
<arg>TG</arg>
<arg>TH</arg>
<arg>TJ</arg>
<arg>TK</arg>
<arg>TL</arg>
<arg>TM</arg>
<arg>TN</arg>
<arg>TO</arg>
<arg>TR</arg>
<arg>TT</arg>
<arg>TV</arg>
<arg>TW</arg>
<arg>TZ</arg>
<arg>UA</arg>
<arg>UG</arg>
<arg>UM</arg>
<arg>US</arg>
<arg>UY</arg>
<arg>UZ</arg>
<arg>VA</arg>
<arg>VC</arg>
<arg>VE</arg>
<arg>VG</arg>
<arg>VI</arg>
<arg>VN</arg>
<arg>VU</arg>
<arg>WF</arg>
<arg>WS</arg>
<arg>XK</arg>
<arg>YE</arg>
<arg>YT</arg>
<arg>ZA</arg>
<arg>ZM</arg>
<arg>ZW</arg>
<doc>Returns a list containing given items.</doc>
<status status="PASS" start="2024-07-31T20:15:56.866190" elapsed="0.000622"/>
</kw>
<kw name="List Should Contain Value" owner="Collections">
<arg>${list_country}</arg>
<arg>${name_country}</arg>
<doc>Fails if the ``value`` is not found from ``list``.</doc>
<status status="PASS" start="2024-07-31T20:15:56.867811" elapsed="0.000215"/>
</kw>
<kw name="Run Keyword If" owner="BuiltIn">
<kw name="Should Be True" owner="BuiltIn">
<arg>${True}</arg>
<doc>Fails if the given condition is not true.</doc>
<status status="PASS" start="2024-07-31T20:15:56.868980" elapsed="0.000141"/>
</kw>
<arg>${json_data["results"][0]["location"]["coordinates"]["latitude"]} &gt;= -90 and ${json_data["results"][0]["location"]["coordinates"]["latitude"]} &lt;= 90</arg>
<arg>Should Be True</arg>
<arg>${True}</arg>
<doc>Runs the given keyword with the given arguments, if ``condition`` is true.</doc>
<status status="PASS" start="2024-07-31T20:15:56.868228" elapsed="0.001020"/>
</kw>
<kw name="Run Keyword If" owner="BuiltIn">
<kw name="Should Be True" owner="BuiltIn">
<arg>${True}</arg>
<doc>Fails if the given condition is not true.</doc>
<status status="PASS" start="2024-07-31T20:15:56.870139" elapsed="0.000136"/>
</kw>
<arg>${json_data["results"][0]["location"]["coordinates"]["longitude"]} &gt;= -180 and ${json_data["results"][0]["location"]["coordinates"]["longitude"]} &lt;= 180</arg>
<arg>Should Be True</arg>
<arg>${True}</arg>
<doc>Runs the given keyword with the given arguments, if ``condition`` is true.</doc>
<status status="PASS" start="2024-07-31T20:15:56.869439" elapsed="0.000957"/>
</kw>
<status status="PASS" start="2024-07-31T20:15:56.756513" elapsed="0.114013"/>
</kw>
<doc>Testa o conteúdo específico dos campos retornados pela API.</doc>
<tag>testeConteudo</tag>
<status status="PASS" start="2024-07-31T20:15:56.755805" elapsed="0.114873"/>
</test>
<status status="PASS" start="2024-07-31T20:15:55.318495" elapsed="1.554117"/>
</suite>
<status status="PASS" start="2024-07-31T20:15:55.303176" elapsed="1.574518"/>
</suite>
<statistics>
<total>
<stat pass="5" fail="0" skip="0">All Tests</stat>
</total>
<tag>
<stat pass="1" fail="0" skip="0">testeConteudo</stat>
<stat pass="1" fail="0" skip="0">testeEstruturaResposta</stat>
<stat pass="1" fail="0" skip="0">testeRequisicaoBasica</stat>
<stat pass="1" fail="0" skip="0">testeTiposDados</stat>
</tag>
<suite>
<stat pass="5" fail="0" skip="0" id="s1" name="Tests">Tests</stat>
<stat pass="5" fail="0" skip="0" id="s1-s1" name="Random-User-Test">Tests.Random-User-Test</stat>
</suite>
</statistics>
<errors>
</errors>
</robot>
