<?xml version="1.0" encoding="UTF-8"?>
<robot generator="Robot 7.0.1 (Python 3.12.4 on linux)" generated="2024-06-22T08:18:16.213688" rpa="false" schemaversion="5">
<suite id="s1" name="Tests" source="/home/runner/work/ApiRandomUser/ApiRandomUser/RamdonUser/tests">
<suite id="s1-s1" name="Random-User-Test" source="/home/runner/work/ApiRandomUser/ApiRandomUser/RamdonUser/tests/random-user-test.robot">
<test id="s1-s1-t1" name="Conectar" line="13">
<kw name="Conectar API" owner="random-user-service">
<kw name="Create Session" owner="RequestsLibrary">
<msg time="2024-06-22T08:18:16.609841" level="INFO">Creating Session using : alias=consultarAPI, url=https://randomuser.me/, headers={},                     cookies={}, auth=None, timeout=None, proxies=None, verify=False,                     debug=0 </msg>
<arg>consultarAPI</arg>
<arg>${URL}</arg>
<doc>Create Session: create a HTTP session to a server</doc>
<status status="PASS" start="2024-06-22T08:18:16.609563" elapsed="0.000502"/>
</kw>
<status status="PASS" start="2024-06-22T08:18:16.607897" elapsed="0.002521"/>
</kw>
<status status="PASS" start="2024-06-22T08:18:16.607154" elapsed="0.003456"/>
</test>
<test id="s1-s1-t2" name="Validar retorno 200 e JSON Válido" line="16">
<kw name="Teste de Requisicao Basica" owner="random-user-service">
<kw name="GET On Session" owner="RequestsLibrary">
<msg time="2024-06-22T08:18:16.931488" level="INFO">GET Request : url=https://randomuser.me/api 
 path_url=/api 
 headers={'User-Agent': 'python-requests/2.32.3', 'Accept-Encoding': 'gzip, deflate', 'Accept': '*/*', 'Connection': 'keep-alive'} 
 body=None 
 </msg>
<msg time="2024-06-22T08:18:16.931625" level="INFO">GET Response : url=https://randomuser.me/api 
 status=200, reason=OK 
 headers={'Date': 'Sat, 22 Jun 2024 08:18:16 GMT', 'Content-Type': 'application/json; charset=utf-8', 'Transfer-Encoding': 'chunked', 'Connection': 'keep-alive', 'X-Powered-By': 'Express', 'Access-Control-Allow-Origin': '*', 'Cache-Control': 'no-cache', 'ETag': 'W/"472-2LW/Vevw49u14PQgGqyX6b/deBw"', 'Vary': 'Accept-Encoding', 'Content-Encoding': 'gzip', 'CF-Cache-Status': 'DYNAMIC', 'Report-To': '{"endpoints":[{"url":"https:\\/\\/a.nel.cloudflare.com\\/report\\/v4?s=lVrtropcAHI9c0P5Cp30hM9aRquu4HtYtxkxc29lO9gYk8dgBQ%2BtwaaUWA15nnsQX46u1Po08uzi2vKWk9RnpPwq3eHunj5YGUyxYo64hh5omuXUWTXrUsD4o%2Bo1abEv"}],"group":"cf-nel","max_age":604800}', 'NEL': '{"success_fraction":0,"report_to":"cf-nel","max_age":604800}', 'Server': 'cloudflare', 'CF-RAY': '897ace872ceedb7e-LAX', 'alt-svc': 'h3=":443"; ma=86400'} 
 body={"results":[{"gender":"male","name":{"title":"Mr","first":"Luke","last":"Clarke"},"location":{"street":{"number":9803,"name":"Omahu Road"},"city":"Gisborne","state":"Bay of Plenty","country":"New Zealand","postcode":17637,"coordinates":{"latitude":"49.3123","longitude":"-9.4285"},"timezone":{"offset":"-3:30","description":"Newfoundland"}},"email":"luke.clarke@example.com","login":{"uuid":"b15f9311-02e9-44f3-8f44-3c7275f4c616","username":"goldenelephant286","password":"woody1","salt":"bk5Lq7mW","md5":"1683cdd6af1bcf3e498ff0584de33ef1","sha1":"2e2607434bbafb433e1124e147806bed0b2fa64e","sha256":"9ff9b9e0d721bd10122d959b9ad205d5f5863203531a5fc387f28e8f2e338573"},"dob":{"date":"1988-04-19T01:15:22.999Z","age":36},"registered":{"date":"2011-11-23T03:53:06.418Z","age":12},"phone":"(439)-274-1435","cell":"(364)-169-8522","id":{"name":"","value":null},"picture":{"large":"https://randomuser.me/api/portraits/men/15.jpg","medium":"https://randomuser.me/api/portraits/med/men/15.jpg","thumbnail":"https://randomuser.me/api/portraits/thumb/men/15.jpg"},"nat":"NZ"}],"info":{"seed":"2c0bb0b335d5f644","results":1,"page":1,"version":"1.4"}} 
 </msg>
<msg time="2024-06-22T08:18:16.931710" level="INFO">/opt/hostedtoolcache/Python/3.12.4/x64/lib/python3.12/site-packages/urllib3/connectionpool.py:1099: InsecureRequestWarning: Unverified HTTPS request is being made to host 'randomuser.me'. Adding certificate verification is strongly advised. See: https://urllib3.readthedocs.io/en/latest/advanced-usage.html#tls-warnings
  warnings.warn(</msg>
<msg time="2024-06-22T08:18:16.931855" level="INFO">${response} = &lt;Response [200]&gt;</msg>
<var>${response}</var>
<arg>consultarAPI</arg>
<arg>/api</arg>
<doc>Sends a GET request on a previously created HTTP Session.</doc>
<status status="PASS" start="2024-06-22T08:18:16.613152" elapsed="0.318747"/>
</kw>
<kw name="Should Be Equal As Numbers" owner="BuiltIn">
<msg time="2024-06-22T08:18:16.932677" level="INFO">Argument types are:
&lt;class 'int'&gt;
&lt;class 'str'&gt;</msg>
<arg>${response.status_code}</arg>
<arg>200</arg>
<doc>Fails if objects are unequal after converting them to real numbers.</doc>
<status status="PASS" start="2024-06-22T08:18:16.932275" elapsed="0.000489"/>
</kw>
<kw name="Log" owner="BuiltIn">
<msg time="2024-06-22T08:18:16.933433" level="INFO">200</msg>
<arg>${response.status_code}</arg>
<doc>Logs the given message with the given level.</doc>
<status status="PASS" start="2024-06-22T08:18:16.933090" elapsed="0.000384"/>
</kw>
<kw name="Set Variable" owner="BuiltIn">
<msg time="2024-06-22T08:18:16.934194" level="INFO">${json_data} = {'results': [{'gender': 'male', 'name': {'title': 'Mr', 'first': 'Luke', 'last': 'Clarke'}, 'location': {'street': {'number': 9803, 'name': 'Omahu Road'}, 'city': 'Gisborne', 'state': 'Bay of Plenty',...</msg>
<var>${json_data}</var>
<arg>${response.json()}</arg>
<doc>Returns the given values which can then be assigned to a variables.</doc>
<status status="PASS" start="2024-06-22T08:18:16.933773" elapsed="0.000448"/>
</kw>
<kw name="Dictionary Should Contain Key" owner="Collections">
<arg>${json_data}</arg>
<arg>results</arg>
<doc>Fails if ``key`` is not found from ``dictionary``.</doc>
<status status="PASS" start="2024-06-22T08:18:16.934513" elapsed="0.000163"/>
</kw>
<status status="PASS" start="2024-06-22T08:18:16.612909" elapsed="0.321907"/>
</kw>
<doc>Testa se a API responde corretamente e retorna um objeto JSON válido.</doc>
<tag>testeRequisicaoBasica</tag>
<status status="PASS" start="2024-06-22T08:18:16.612439" elapsed="0.322529"/>
</test>
<test id="s1-s1-t3" name="Validar estrutura de resposta" line="22">
<kw name="Teste de Estrutura de Resposta" owner="random-user-service">
<kw name="GET On Session" owner="RequestsLibrary">
<msg time="2024-06-22T08:18:17.046048" level="INFO">GET Request : url=https://randomuser.me/api 
 path_url=/api 
 headers={'User-Agent': 'python-requests/2.32.3', 'Accept-Encoding': 'gzip, deflate', 'Accept': '*/*', 'Connection': 'keep-alive'} 
 body=None 
 </msg>
<msg time="2024-06-22T08:18:17.046115" level="INFO">GET Response : url=https://randomuser.me/api 
 status=200, reason=OK 
 headers={'Date': 'Sat, 22 Jun 2024 08:18:17 GMT', 'Content-Type': 'application/json; charset=utf-8', 'Transfer-Encoding': 'chunked', 'Connection': 'keep-alive', 'X-Powered-By': 'Express', 'Access-Control-Allow-Origin': '*', 'Cache-Control': 'no-cache', 'ETag': 'W/"48b-XqYOM9qcLKICi7BiWhXtl4JymFU"', 'Vary': 'Accept-Encoding', 'Content-Encoding': 'gzip', 'CF-Cache-Status': 'DYNAMIC', 'Report-To': '{"endpoints":[{"url":"https:\\/\\/a.nel.cloudflare.com\\/report\\/v4?s=Y3G00zJy%2BknZtMDkWhg7yvajL7ZbZMbNl8JAm6Q13GDOgPX2bf8%2BmWwuWLbaZiOzC1SRD0Irk4ED9X79l1VGX4bIaE4c%2B%2FTe0WdFVnKXVzb3nrg6vRXui2C1v1m7vLdw"}],"group":"cf-nel","max_age":604800}', 'NEL': '{"success_fraction":0,"report_to":"cf-nel","max_age":604800}', 'Server': 'cloudflare', 'CF-RAY': '897ace87ddb5db7e-LAX', 'alt-svc': 'h3=":443"; ma=86400'} 
 body={"results":[{"gender":"female","name":{"title":"Ms","first":"Josefina","last":"Mota"},"location":{"street":{"number":4912,"name":"Diagonal Guanajuato"},"city":"Matlapa","state":"Coahuila","country":"Mexico","postcode":88656,"coordinates":{"latitude":"21.8990","longitude":"39.7308"},"timezone":{"offset":"-3:30","description":"Newfoundland"}},"email":"josefina.mota@example.com","login":{"uuid":"89e57873-d33b-4aa5-9228-b0afa5e8cf58","username":"orangepeacock118","password":"bunnies","salt":"omSQNuxj","md5":"b76c42f3774bc5e05dfc3ab656f48611","sha1":"b26c0c1fbf78be7f68f227fe5fbe062714eeb6b7","sha256":"07bcb4996b720f5f3cfcb9830c551e1d701a3258ab325c5766d861b84a25f63a"},"dob":{"date":"1980-09-25T12:41:10.319Z","age":43},"registered":{"date":"2022-03-10T03:30:09.723Z","age":2},"phone":"(639) 579 3524","cell":"(634) 137 9004","id":{"name":"NSS","value":"22 58 75 4425 7"},"picture":{"large":"https://randomuser.me/api/portraits/women/66.jpg","medium":"https://randomuser.me/api/portraits/med/women/66.jpg","thumbnail":"https://randomuser.me/api/portraits/thumb/women/66.jpg"},"nat":"MX"}],"info":{"seed":"ab96ed501ce55a51","results":1,"page":1,"version":"1.4"}} 
 </msg>
<msg time="2024-06-22T08:18:17.046211" level="INFO">/opt/hostedtoolcache/Python/3.12.4/x64/lib/python3.12/site-packages/urllib3/connectionpool.py:1099: InsecureRequestWarning: Unverified HTTPS request is being made to host 'randomuser.me'. Adding certificate verification is strongly advised. See: https://urllib3.readthedocs.io/en/latest/advanced-usage.html#tls-warnings
  warnings.warn(</msg>
<msg time="2024-06-22T08:18:17.046325" level="INFO">${response} = &lt;Response [200]&gt;</msg>
<var>${response}</var>
<arg>consultarAPI</arg>
<arg>/api</arg>
<doc>Sends a GET request on a previously created HTTP Session.</doc>
<status status="PASS" start="2024-06-22T08:18:16.937453" elapsed="0.108915"/>
</kw>
<kw name="Set Variable" owner="BuiltIn">
<msg time="2024-06-22T08:18:17.047255" level="INFO">${json_data} = {'results': [{'gender': 'female', 'name': {'title': 'Ms', 'first': 'Josefina', 'last': 'Mota'}, 'location': {'street': {'number': 4912, 'name': 'Diagonal Guanajuato'}, 'city': 'Matlapa', 'state': 'Coa...</msg>
<var>${json_data}</var>
<arg>${response.json()}</arg>
<doc>Returns the given values which can then be assigned to a variables.</doc>
<status status="PASS" start="2024-06-22T08:18:17.046798" elapsed="0.000487"/>
</kw>
<kw name="Log" owner="BuiltIn">
<msg time="2024-06-22T08:18:17.047748" level="INFO">{'results': [{'gender': 'female', 'name': {'title': 'Ms', 'first': 'Josefina', 'last': 'Mota'}, 'location': {'street': {'number': 4912, 'name': 'Diagonal Guanajuato'}, 'city': 'Matlapa', 'state': 'Coahuila', 'country': 'Mexico', 'postcode': 88656, 'coordinates': {'latitude': '21.8990', 'longitude': '39.7308'}, 'timezone': {'offset': '-3:30', 'description': 'Newfoundland'}}, 'email': 'josefina.mota@example.com', 'login': {'uuid': '89e57873-d33b-4aa5-9228-b0afa5e8cf58', 'username': 'orangepeacock118', 'password': 'bunnies', 'salt': 'omSQNuxj', 'md5': 'b76c42f3774bc5e05dfc3ab656f48611', 'sha1': 'b26c0c1fbf78be7f68f227fe5fbe062714eeb6b7', 'sha256': '07bcb4996b720f5f3cfcb9830c551e1d701a3258ab325c5766d861b84a25f63a'}, 'dob': {'date': '1980-09-25T12:41:10.319Z', 'age': 43}, 'registered': {'date': '2022-03-10T03:30:09.723Z', 'age': 2}, 'phone': '(639) 579 3524', 'cell': '(634) 137 9004', 'id': {'name': 'NSS', 'value': '22 58 75 4425 7'}, 'picture': {'large': 'https://randomuser.me/api/portraits/women/66.jpg', 'medium': 'https://randomuser.me/api/portraits/med/women/66.jpg', 'thumbnail': 'https://randomuser.me/api/portraits/thumb/women/66.jpg'}, 'nat': 'MX'}], 'info': {'seed': 'ab96ed501ce55a51', 'results': 1, 'page': 1, 'version': '1.4'}}</msg>
<arg>${json_data}</arg>
<doc>Logs the given message with the given level.</doc>
<status status="PASS" start="2024-06-22T08:18:17.047593" elapsed="0.000210"/>
</kw>
<kw name="Dictionary Should Contain Key" owner="Collections">
<arg>${json_data}</arg>
<arg>results</arg>
<doc>Fails if ``key`` is not found from ``dictionary``.</doc>
<status status="PASS" start="2024-06-22T08:18:17.048094" elapsed="0.000151"/>
</kw>
<kw name="Should Not Be Empty" owner="BuiltIn">
<msg time="2024-06-22T08:18:17.048548" level="INFO">Length is 2.</msg>
<arg>${json_data}</arg>
<doc>Verifies that the given item is not empty.</doc>
<status status="PASS" start="2024-06-22T08:18:17.048427" elapsed="0.000159"/>
</kw>
<kw name="Create List" owner="BuiltIn">
<msg time="2024-06-22T08:18:17.049223" level="INFO">${expected_keys} = ['gender', 'name', 'location', 'email', 'login']</msg>
<var>${expected_keys}</var>
<arg>gender</arg>
<arg>name</arg>
<arg>location</arg>
<arg>email</arg>
<arg>login</arg>
<doc>Returns a list containing given items.</doc>
<status status="PASS" start="2024-06-22T08:18:17.048940" elapsed="0.000308"/>
</kw>
<for flavor="IN">
<iter>
<kw name="Dictionary Should Contain Key" owner="Collections">
<arg>${json_data['results'][0]}</arg>
<arg>${key}</arg>
<doc>Fails if ``key`` is not found from ``dictionary``.</doc>
<status status="PASS" start="2024-06-22T08:18:17.049820" elapsed="0.000401"/>
</kw>
<kw name="Log" owner="BuiltIn">
<msg time="2024-06-22T08:18:17.050766" level="INFO">{'gender': 'female', 'name': {'title': 'Ms', 'first': 'Josefina', 'last': 'Mota'}, 'location': {'street': {'number': 4912, 'name': 'Diagonal Guanajuato'}, 'city': 'Matlapa', 'state': 'Coahuila', 'country': 'Mexico', 'postcode': 88656, 'coordinates': {'latitude': '21.8990', 'longitude': '39.7308'}, 'timezone': {'offset': '-3:30', 'description': 'Newfoundland'}}, 'email': 'josefina.mota@example.com', 'login': {'uuid': '89e57873-d33b-4aa5-9228-b0afa5e8cf58', 'username': 'orangepeacock118', 'password': 'bunnies', 'salt': 'omSQNuxj', 'md5': 'b76c42f3774bc5e05dfc3ab656f48611', 'sha1': 'b26c0c1fbf78be7f68f227fe5fbe062714eeb6b7', 'sha256': '07bcb4996b720f5f3cfcb9830c551e1d701a3258ab325c5766d861b84a25f63a'}, 'dob': {'date': '1980-09-25T12:41:10.319Z', 'age': 43}, 'registered': {'date': '2022-03-10T03:30:09.723Z', 'age': 2}, 'phone': '(639) 579 3524', 'cell': '(634) 137 9004', 'id': {'name': 'NSS', 'value': '22 58 75 4425 7'}, 'picture': {'large': 'https://randomuser.me/api/portraits/women/66.jpg', 'medium': 'https://randomuser.me/api/portraits/med/women/66.jpg', 'thumbnail': 'https://randomuser.me/api/portraits/thumb/women/66.jpg'}, 'nat': 'MX'}</msg>
<arg>${json_data['results'][0]}</arg>
<doc>Logs the given message with the given level.</doc>
<status status="PASS" start="2024-06-22T08:18:17.050410" elapsed="0.000403"/>
</kw>
<kw name="Log" owner="BuiltIn">
<msg time="2024-06-22T08:18:17.051245" level="INFO">gender</msg>
<arg>${key}</arg>
<doc>Logs the given message with the given level.</doc>
<status status="PASS" start="2024-06-22T08:18:17.051116" elapsed="0.000167"/>
</kw>
<var name="${key}">gender</var>
<status status="PASS" start="2024-06-22T08:18:17.049699" elapsed="0.001800"/>
</iter>
<iter>
<kw name="Dictionary Should Contain Key" owner="Collections">
<arg>${json_data['results'][0]}</arg>
<arg>${key}</arg>
<doc>Fails if ``key`` is not found from ``dictionary``.</doc>
<status status="PASS" start="2024-06-22T08:18:17.051787" elapsed="0.000384"/>
</kw>
<kw name="Log" owner="BuiltIn">
<msg time="2024-06-22T08:18:17.052724" level="INFO">{'gender': 'female', 'name': {'title': 'Ms', 'first': 'Josefina', 'last': 'Mota'}, 'location': {'street': {'number': 4912, 'name': 'Diagonal Guanajuato'}, 'city': 'Matlapa', 'state': 'Coahuila', 'country': 'Mexico', 'postcode': 88656, 'coordinates': {'latitude': '21.8990', 'longitude': '39.7308'}, 'timezone': {'offset': '-3:30', 'description': 'Newfoundland'}}, 'email': 'josefina.mota@example.com', 'login': {'uuid': '89e57873-d33b-4aa5-9228-b0afa5e8cf58', 'username': 'orangepeacock118', 'password': 'bunnies', 'salt': 'omSQNuxj', 'md5': 'b76c42f3774bc5e05dfc3ab656f48611', 'sha1': 'b26c0c1fbf78be7f68f227fe5fbe062714eeb6b7', 'sha256': '07bcb4996b720f5f3cfcb9830c551e1d701a3258ab325c5766d861b84a25f63a'}, 'dob': {'date': '1980-09-25T12:41:10.319Z', 'age': 43}, 'registered': {'date': '2022-03-10T03:30:09.723Z', 'age': 2}, 'phone': '(639) 579 3524', 'cell': '(634) 137 9004', 'id': {'name': 'NSS', 'value': '22 58 75 4425 7'}, 'picture': {'large': 'https://randomuser.me/api/portraits/women/66.jpg', 'medium': 'https://randomuser.me/api/portraits/med/women/66.jpg', 'thumbnail': 'https://randomuser.me/api/portraits/thumb/women/66.jpg'}, 'nat': 'MX'}</msg>
<arg>${json_data['results'][0]}</arg>
<doc>Logs the given message with the given level.</doc>
<status status="PASS" start="2024-06-22T08:18:17.052356" elapsed="0.000474"/>
</kw>
<kw name="Log" owner="BuiltIn">
<msg time="2024-06-22T08:18:17.053265" level="INFO">name</msg>
<arg>${key}</arg>
<doc>Logs the given message with the given level.</doc>
<status status="PASS" start="2024-06-22T08:18:17.053138" elapsed="0.000163"/>
</kw>
<var name="${key}">name</var>
<status status="PASS" start="2024-06-22T08:18:17.051677" elapsed="0.001835"/>
</iter>
<iter>
<kw name="Dictionary Should Contain Key" owner="Collections">
<arg>${json_data['results'][0]}</arg>
<arg>${key}</arg>
<doc>Fails if ``key`` is not found from ``dictionary``.</doc>
<status status="PASS" start="2024-06-22T08:18:17.053791" elapsed="0.000398"/>
</kw>
<kw name="Log" owner="BuiltIn">
<msg time="2024-06-22T08:18:17.055088" level="INFO">{'gender': 'female', 'name': {'title': 'Ms', 'first': 'Josefina', 'last': 'Mota'}, 'location': {'street': {'number': 4912, 'name': 'Diagonal Guanajuato'}, 'city': 'Matlapa', 'state': 'Coahuila', 'country': 'Mexico', 'postcode': 88656, 'coordinates': {'latitude': '21.8990', 'longitude': '39.7308'}, 'timezone': {'offset': '-3:30', 'description': 'Newfoundland'}}, 'email': 'josefina.mota@example.com', 'login': {'uuid': '89e57873-d33b-4aa5-9228-b0afa5e8cf58', 'username': 'orangepeacock118', 'password': 'bunnies', 'salt': 'omSQNuxj', 'md5': 'b76c42f3774bc5e05dfc3ab656f48611', 'sha1': 'b26c0c1fbf78be7f68f227fe5fbe062714eeb6b7', 'sha256': '07bcb4996b720f5f3cfcb9830c551e1d701a3258ab325c5766d861b84a25f63a'}, 'dob': {'date': '1980-09-25T12:41:10.319Z', 'age': 43}, 'registered': {'date': '2022-03-10T03:30:09.723Z', 'age': 2}, 'phone': '(639) 579 3524', 'cell': '(634) 137 9004', 'id': {'name': 'NSS', 'value': '22 58 75 4425 7'}, 'picture': {'large': 'https://randomuser.me/api/portraits/women/66.jpg', 'medium': 'https://randomuser.me/api/portraits/med/women/66.jpg', 'thumbnail': 'https://randomuser.me/api/portraits/thumb/women/66.jpg'}, 'nat': 'MX'}</msg>
<arg>${json_data['results'][0]}</arg>
<doc>Logs the given message with the given level.</doc>
<status status="PASS" start="2024-06-22T08:18:17.054482" elapsed="0.000683"/>
</kw>
<kw name="Log" owner="BuiltIn">
<msg time="2024-06-22T08:18:17.055799" level="INFO">location</msg>
<arg>${key}</arg>
<doc>Logs the given message with the given level.</doc>
<status status="PASS" start="2024-06-22T08:18:17.055605" elapsed="0.000254"/>
</kw>
<var name="${key}">location</var>
<status status="PASS" start="2024-06-22T08:18:17.053685" elapsed="0.002510"/>
</iter>
<iter>
<kw name="Dictionary Should Contain Key" owner="Collections">
<arg>${json_data['results'][0]}</arg>
<arg>${key}</arg>
<doc>Fails if ``key`` is not found from ``dictionary``.</doc>
<status status="PASS" start="2024-06-22T08:18:17.056639" elapsed="0.000687"/>
</kw>
<kw name="Log" owner="BuiltIn">
<msg time="2024-06-22T08:18:17.058247" level="INFO">{'gender': 'female', 'name': {'title': 'Ms', 'first': 'Josefina', 'last': 'Mota'}, 'location': {'street': {'number': 4912, 'name': 'Diagonal Guanajuato'}, 'city': 'Matlapa', 'state': 'Coahuila', 'country': 'Mexico', 'postcode': 88656, 'coordinates': {'latitude': '21.8990', 'longitude': '39.7308'}, 'timezone': {'offset': '-3:30', 'description': 'Newfoundland'}}, 'email': 'josefina.mota@example.com', 'login': {'uuid': '89e57873-d33b-4aa5-9228-b0afa5e8cf58', 'username': 'orangepeacock118', 'password': 'bunnies', 'salt': 'omSQNuxj', 'md5': 'b76c42f3774bc5e05dfc3ab656f48611', 'sha1': 'b26c0c1fbf78be7f68f227fe5fbe062714eeb6b7', 'sha256': '07bcb4996b720f5f3cfcb9830c551e1d701a3258ab325c5766d861b84a25f63a'}, 'dob': {'date': '1980-09-25T12:41:10.319Z', 'age': 43}, 'registered': {'date': '2022-03-10T03:30:09.723Z', 'age': 2}, 'phone': '(639) 579 3524', 'cell': '(634) 137 9004', 'id': {'name': 'NSS', 'value': '22 58 75 4425 7'}, 'picture': {'large': 'https://randomuser.me/api/portraits/women/66.jpg', 'medium': 'https://randomuser.me/api/portraits/med/women/66.jpg', 'thumbnail': 'https://randomuser.me/api/portraits/thumb/women/66.jpg'}, 'nat': 'MX'}</msg>
<arg>${json_data['results'][0]}</arg>
<doc>Logs the given message with the given level.</doc>
<status status="PASS" start="2024-06-22T08:18:17.057659" elapsed="0.000670"/>
</kw>
<kw name="Log" owner="BuiltIn">
<msg time="2024-06-22T08:18:17.058785" level="INFO">email</msg>
<arg>${key}</arg>
<doc>Logs the given message with the given level.</doc>
<status status="PASS" start="2024-06-22T08:18:17.058650" elapsed="0.000174"/>
</kw>
<var name="${key}">email</var>
<status status="PASS" start="2024-06-22T08:18:17.056473" elapsed="0.002570"/>
</iter>
<iter>
<kw name="Dictionary Should Contain Key" owner="Collections">
<arg>${json_data['results'][0]}</arg>
<arg>${key}</arg>
<doc>Fails if ``key`` is not found from ``dictionary``.</doc>
<status status="PASS" start="2024-06-22T08:18:17.059324" elapsed="0.000406"/>
</kw>
<kw name="Log" owner="BuiltIn">
<msg time="2024-06-22T08:18:17.060267" level="INFO">{'gender': 'female', 'name': {'title': 'Ms', 'first': 'Josefina', 'last': 'Mota'}, 'location': {'street': {'number': 4912, 'name': 'Diagonal Guanajuato'}, 'city': 'Matlapa', 'state': 'Coahuila', 'country': 'Mexico', 'postcode': 88656, 'coordinates': {'latitude': '21.8990', 'longitude': '39.7308'}, 'timezone': {'offset': '-3:30', 'description': 'Newfoundland'}}, 'email': 'josefina.mota@example.com', 'login': {'uuid': '89e57873-d33b-4aa5-9228-b0afa5e8cf58', 'username': 'orangepeacock118', 'password': 'bunnies', 'salt': 'omSQNuxj', 'md5': 'b76c42f3774bc5e05dfc3ab656f48611', 'sha1': 'b26c0c1fbf78be7f68f227fe5fbe062714eeb6b7', 'sha256': '07bcb4996b720f5f3cfcb9830c551e1d701a3258ab325c5766d861b84a25f63a'}, 'dob': {'date': '1980-09-25T12:41:10.319Z', 'age': 43}, 'registered': {'date': '2022-03-10T03:30:09.723Z', 'age': 2}, 'phone': '(639) 579 3524', 'cell': '(634) 137 9004', 'id': {'name': 'NSS', 'value': '22 58 75 4425 7'}, 'picture': {'large': 'https://randomuser.me/api/portraits/women/66.jpg', 'medium': 'https://randomuser.me/api/portraits/med/women/66.jpg', 'thumbnail': 'https://randomuser.me/api/portraits/thumb/women/66.jpg'}, 'nat': 'MX'}</msg>
<arg>${json_data['results'][0]}</arg>
<doc>Logs the given message with the given level.</doc>
<status status="PASS" start="2024-06-22T08:18:17.059914" elapsed="0.000400"/>
</kw>
<kw name="Log" owner="BuiltIn">
<msg time="2024-06-22T08:18:17.060769" level="INFO">login</msg>
<arg>${key}</arg>
<doc>Logs the given message with the given level.</doc>
<status status="PASS" start="2024-06-22T08:18:17.060618" elapsed="0.000195"/>
</kw>
<var name="${key}">login</var>
<status status="PASS" start="2024-06-22T08:18:17.059215" elapsed="0.001818"/>
</iter>
<var>${key}</var>
<value>@{expected_keys}</value>
<status status="PASS" start="2024-06-22T08:18:17.049512" elapsed="0.011639"/>
</for>
<kw name="Create List" owner="BuiltIn">
<msg time="2024-06-22T08:18:17.061473" level="INFO">${expected_keysTwo} = ['username', 'password']</msg>
<var>${expected_keysTwo}</var>
<arg>username</arg>
<arg>password</arg>
<doc>Returns a list containing given items.</doc>
<status status="PASS" start="2024-06-22T08:18:17.061338" elapsed="0.000186"/>
</kw>
<for flavor="IN">
<iter>
<kw name="Dictionary Should Contain Key" owner="Collections">
<arg>${json_data['results'][0]['login']}</arg>
<arg>${keyTwo}</arg>
<doc>Fails if ``key`` is not found from ``dictionary``.</doc>
<status status="PASS" start="2024-06-22T08:18:17.062024" elapsed="0.000380"/>
</kw>
<kw name="Dictionary Should Contain Key" owner="Collections">
<arg>${json_data['results'][0]['login']}</arg>
<arg>${keyTwo}</arg>
<doc>Fails if ``key`` is not found from ``dictionary``.</doc>
<status status="PASS" start="2024-06-22T08:18:17.062587" elapsed="0.000378"/>
</kw>
<kw name="Log" owner="BuiltIn">
<msg time="2024-06-22T08:18:17.063259" level="INFO">username</msg>
<arg>${keyTwo}</arg>
<doc>Logs the given message with the given level.</doc>
<status status="PASS" start="2024-06-22T08:18:17.063141" elapsed="0.000154"/>
</kw>
<var name="${keyTwo}">username</var>
<status status="PASS" start="2024-06-22T08:18:17.061917" elapsed="0.001600"/>
</iter>
<iter>
<kw name="Dictionary Should Contain Key" owner="Collections">
<arg>${json_data['results'][0]['login']}</arg>
<arg>${keyTwo}</arg>
<doc>Fails if ``key`` is not found from ``dictionary``.</doc>
<status status="PASS" start="2024-06-22T08:18:17.063807" elapsed="0.000384"/>
</kw>
<kw name="Dictionary Should Contain Key" owner="Collections">
<arg>${json_data['results'][0]['login']}</arg>
<arg>${keyTwo}</arg>
<doc>Fails if ``key`` is not found from ``dictionary``.</doc>
<status status="PASS" start="2024-06-22T08:18:17.064367" elapsed="0.000399"/>
</kw>
<kw name="Log" owner="BuiltIn">
<msg time="2024-06-22T08:18:17.065073" level="INFO">password</msg>
<arg>${keyTwo}</arg>
<doc>Logs the given message with the given level.</doc>
<status status="PASS" start="2024-06-22T08:18:17.064953" elapsed="0.000155"/>
</kw>
<var name="${keyTwo}">password</var>
<status status="PASS" start="2024-06-22T08:18:17.063701" elapsed="0.001717"/>
</iter>
<var>${keyTwo}</var>
<value>@{expected_keysTwo}</value>
<status status="PASS" start="2024-06-22T08:18:17.061766" elapsed="0.003772"/>
</for>
<status status="PASS" start="2024-06-22T08:18:16.937230" elapsed="0.128444"/>
</kw>
<doc>Testa a estrutura da resposta da API.</doc>
<tag>testeEstruturaResposta</tag>
<status status="PASS" start="2024-06-22T08:18:16.936702" elapsed="0.129118"/>
</test>
<test id="s1-s1-t4" name="Validar tipos de dados" line="28">
<kw name="Teste de Tipos de Dados" owner="random-user-service">
<kw name="GET On Session" owner="RequestsLibrary">
<msg time="2024-06-22T08:18:17.164233" level="INFO">GET Request : url=https://randomuser.me/api 
 path_url=/api 
 headers={'User-Agent': 'python-requests/2.32.3', 'Accept-Encoding': 'gzip, deflate', 'Accept': '*/*', 'Connection': 'keep-alive'} 
 body=None 
 </msg>
<msg time="2024-06-22T08:18:17.164294" level="INFO">GET Response : url=https://randomuser.me/api 
 status=200, reason=OK 
 headers={'Date': 'Sat, 22 Jun 2024 08:18:17 GMT', 'Content-Type': 'application/json; charset=utf-8', 'Transfer-Encoding': 'chunked', 'Connection': 'keep-alive', 'X-Powered-By': 'Express', 'Access-Control-Allow-Origin': '*', 'Cache-Control': 'no-cache', 'ETag': 'W/"48d-so37MPgGBNmg2hQxA0nByGEQ+/s"', 'Vary': 'Accept-Encoding', 'Content-Encoding': 'gzip', 'CF-Cache-Status': 'DYNAMIC', 'Report-To': '{"endpoints":[{"url":"https:\\/\\/a.nel.cloudflare.com\\/report\\/v4?s=BfjR0KLniKf3GnwGp69KDrVc65Ro6iwod70VDUA68W3xjho%2B7pboSeEoCJs4Cw1ia6G3hDMJBBpDpuj9vqoAIwr%2FHB9ZPxi46hW75cV89%2Bg1Usl413lWodIidhYMRfc6"}],"group":"cf-nel","max_age":604800}', 'NEL': '{"success_fraction":0,"report_to":"cf-nel","max_age":604800}', 'Server': 'cloudflare', 'CF-RAY': '897ace88beafdb7e-LAX', 'alt-svc': 'h3=":443"; ma=86400'} 
 body={"results":[{"gender":"female","name":{"title":"Ms","first":"Oneide","last":"da Rocha"},"location":{"street":{"number":9800,"name":"Rua João Xxiii"},"city":"Passos","state":"Alagoas","country":"Brazil","postcode":26004,"coordinates":{"latitude":"-76.6310","longitude":"87.2664"},"timezone":{"offset":"+6:00","description":"Almaty, Dhaka, Colombo"}},"email":"oneide.darocha@example.com","login":{"uuid":"c5ccf6a0-2641-45d8-a584-b3f30e5e97de","username":"goldenpanda297","password":"llllll","salt":"zsgx2FOv","md5":"578456b6e5184f6cea604e9bc5874bbd","sha1":"dcc13835ae892b393195d4785be7dc370460ec37","sha256":"6a31d4decf32341b0137bbff9fac59d4906c8dfca787d4ae4c193449fa0244be"},"dob":{"date":"1998-02-08T20:52:50.806Z","age":26},"registered":{"date":"2006-10-25T04:48:25.126Z","age":17},"phone":"(83) 9548-9962","cell":"(72) 9625-9776","id":{"name":"CPF","value":"879.085.180-08"},"picture":{"large":"https://randomuser.me/api/portraits/women/4.jpg","medium":"https://randomuser.me/api/portraits/med/women/4.jpg","thumbnail":"https://randomuser.me/api/portraits/thumb/women/4.jpg"},"nat":"BR"}],"info":{"seed":"1935c7f93a9a7c49","results":1,"page":1,"version":"1.4"}} 
 </msg>
<msg time="2024-06-22T08:18:17.164349" level="INFO">/opt/hostedtoolcache/Python/3.12.4/x64/lib/python3.12/site-packages/urllib3/connectionpool.py:1099: InsecureRequestWarning: Unverified HTTPS request is being made to host 'randomuser.me'. Adding certificate verification is strongly advised. See: https://urllib3.readthedocs.io/en/latest/advanced-usage.html#tls-warnings
  warnings.warn(</msg>
<msg time="2024-06-22T08:18:17.164430" level="INFO">${response} = &lt;Response [200]&gt;</msg>
<var>${response}</var>
<arg>consultarAPI</arg>
<arg>/api</arg>
<doc>Sends a GET request on a previously created HTTP Session.</doc>
<status status="PASS" start="2024-06-22T08:18:17.068142" elapsed="0.096318"/>
</kw>
<kw name="Set Variable" owner="BuiltIn">
<msg time="2024-06-22T08:18:17.165296" level="INFO">${json_data} = {'results': [{'gender': 'female', 'name': {'title': 'Ms', 'first': 'Oneide', 'last': 'da Rocha'}, 'location': {'street': {'number': 9800, 'name': 'Rua João Xxiii'}, 'city': 'Passos', 'state': 'Alagoas...</msg>
<var>${json_data}</var>
<arg>${response.json()}</arg>
<doc>Returns the given values which can then be assigned to a variables.</doc>
<status status="PASS" start="2024-06-22T08:18:17.164860" elapsed="0.000467"/>
</kw>
<kw name="Log" owner="BuiltIn">
<msg time="2024-06-22T08:18:17.165780" level="INFO">{'results': [{'gender': 'female', 'name': {'title': 'Ms', 'first': 'Oneide', 'last': 'da Rocha'}, 'location': {'street': {'number': 9800, 'name': 'Rua João Xxiii'}, 'city': 'Passos', 'state': 'Alagoas', 'country': 'Brazil', 'postcode': 26004, 'coordinates': {'latitude': '-76.6310', 'longitude': '87.2664'}, 'timezone': {'offset': '+6:00', 'description': 'Almaty, Dhaka, Colombo'}}, 'email': 'oneide.darocha@example.com', 'login': {'uuid': 'c5ccf6a0-2641-45d8-a584-b3f30e5e97de', 'username': 'goldenpanda297', 'password': 'llllll', 'salt': 'zsgx2FOv', 'md5': '578456b6e5184f6cea604e9bc5874bbd', 'sha1': 'dcc13835ae892b393195d4785be7dc370460ec37', 'sha256': '6a31d4decf32341b0137bbff9fac59d4906c8dfca787d4ae4c193449fa0244be'}, 'dob': {'date': '1998-02-08T20:52:50.806Z', 'age': 26}, 'registered': {'date': '2006-10-25T04:48:25.126Z', 'age': 17}, 'phone': '(83) 9548-9962', 'cell': '(72) 9625-9776', 'id': {'name': 'CPF', 'value': '879.085.180-08'}, 'picture': {'large': 'https://randomuser.me/api/portraits/women/4.jpg', 'medium': 'https://randomuser.me/api/portraits/med/women/4.jpg', 'thumbnail': 'https://randomuser.me/api/portraits/thumb/women/4.jpg'}, 'nat': 'BR'}], 'info': {'seed': '1935c7f93a9a7c49', 'results': 1, 'page': 1, 'version': '1.4'}}</msg>
<arg>${json_data}</arg>
<doc>Logs the given message with the given level.</doc>
<status status="PASS" start="2024-06-22T08:18:17.165630" elapsed="0.000208"/>
</kw>
<kw name="Should Be String" owner="String">
<arg>${json_data['results'][0]['gender']}</arg>
<doc>Fails if the given ``item`` is not a string.</doc>
<status status="PASS" start="2024-06-22T08:18:17.166124" elapsed="0.000354"/>
</kw>
<kw name="Should Match Regexp" owner="BuiltIn">
<arg>${json_data['results'][0]['email']}</arg>
<arg>^[a-zA-Z0-9._%+-]+@[a-zA-Z0-9.-]+\.[a-zA-Z]{2,}$</arg>
<doc>Fails if ``string`` does not match ``pattern`` as a regular expression.</doc>
<status status="PASS" start="2024-06-22T08:18:17.166666" elapsed="0.000506"/>
</kw>
<kw name="Should Match Regexp" owner="BuiltIn">
<arg>${json_data['results'][0]['dob']['date']}</arg>
<arg>\\d{4}-\\d{2}-\\d{2}T\\d{2}:\\d{2}:\\d{2}\\.\\d{3}Z</arg>
<doc>Fails if ``string`` does not match ``pattern`` as a regular expression.</doc>
<status status="PASS" start="2024-06-22T08:18:17.167395" elapsed="0.000484"/>
</kw>
<kw name="Should Match Regexp" owner="BuiltIn">
<arg>${json_data['results'][0]['registered']['date']}</arg>
<arg>\\d{4}-\\d{2}-\\d{2}T\\d{2}:\\d{2}:\\d{2}\\.\\d{3}Z</arg>
<doc>Fails if ``string`` does not match ``pattern`` as a regular expression.</doc>
<status status="PASS" start="2024-06-22T08:18:17.168066" elapsed="0.000368"/>
</kw>
<kw name="Should Match Regexp" owner="BuiltIn">
<arg>${json_data['results'][0]['picture']['large']}</arg>
<arg>^https?://.*\.(?:png|jpe?g|gif|bmp)$</arg>
<doc>Fails if ``string`` does not match ``pattern`` as a regular expression.</doc>
<status status="PASS" start="2024-06-22T08:18:17.168616" elapsed="0.000489"/>
</kw>
<kw name="Should Match Regexp" owner="BuiltIn">
<arg>${json_data['results'][0]['picture']['medium']}</arg>
<arg>^https?://.*\.(?:png|jpe?g|gif|bmp)$</arg>
<doc>Fails if ``string`` does not match ``pattern`` as a regular expression.</doc>
<status status="PASS" start="2024-06-22T08:18:17.169291" elapsed="0.000355"/>
</kw>
<kw name="Should Match Regexp" owner="BuiltIn">
<arg>${json_data['results'][0]['picture']['thumbnail']}</arg>
<arg>^https?://.*\.(?:png|jpe?g|gif|bmp)$</arg>
<doc>Fails if ``string`` does not match ``pattern`` as a regular expression.</doc>
<status status="PASS" start="2024-06-22T08:18:17.169827" elapsed="0.000417"/>
</kw>
<kw name="Log" owner="BuiltIn">
<msg time="2024-06-22T08:18:17.170748" level="INFO">{'large': 'https://randomuser.me/api/portraits/women/4.jpg', 'medium': 'https://randomuser.me/api/portraits/med/women/4.jpg', 'thumbnail': 'https://randomuser.me/api/portraits/thumb/women/4.jpg'}</msg>
<arg>${json_data['results'][0]['picture']}</arg>
<doc>Logs the given message with the given level.</doc>
<status status="PASS" start="2024-06-22T08:18:17.170425" elapsed="0.000364"/>
</kw>
<status status="PASS" start="2024-06-22T08:18:17.067927" elapsed="0.103112"/>
</kw>
<kw name="Teste de Tipos de Dados - Postcode" owner="random-user-service">
<kw name="GET On Session" owner="RequestsLibrary">
<msg time="2024-06-22T08:18:17.270742" level="INFO">GET Request : url=https://randomuser.me/api 
 path_url=/api 
 headers={'User-Agent': 'python-requests/2.32.3', 'Accept-Encoding': 'gzip, deflate', 'Accept': '*/*', 'Connection': 'keep-alive'} 
 body=None 
 </msg>
<msg time="2024-06-22T08:18:17.270824" level="INFO">GET Response : url=https://randomuser.me/api 
 status=200, reason=OK 
 headers={'Date': 'Sat, 22 Jun 2024 08:18:17 GMT', 'Content-Type': 'application/json; charset=utf-8', 'Transfer-Encoding': 'chunked', 'Connection': 'keep-alive', 'X-Powered-By': 'Express', 'Access-Control-Allow-Origin': '*', 'Cache-Control': 'no-cache', 'ETag': 'W/"49f-ZxToR4/88623LlyDBEawr2NdDCE"', 'Vary': 'Accept-Encoding', 'Content-Encoding': 'gzip', 'CF-Cache-Status': 'DYNAMIC', 'Report-To': '{"endpoints":[{"url":"https:\\/\\/a.nel.cloudflare.com\\/report\\/v4?s=BAbpP%2F%2BpPpnoalZGRFSv78%2FNHWL0bHCQzfpzybBTXc4yA%2BVygLeOmY71dEPgaWSW9MiuFZH2A5kpHz06lbUtn0QPtF71ereU6SGy0rBI2HTrQJpnO%2BOfdt7BY%2By8U8F9"}],"group":"cf-nel","max_age":604800}', 'NEL': '{"success_fraction":0,"report_to":"cf-nel","max_age":604800}', 'Server': 'cloudflare', 'CF-RAY': '897ace895f8adb7e-LAX', 'alt-svc': 'h3=":443"; ma=86400'} 
 body={"results":[{"gender":"male","name":{"title":"Monsieur","first":"Ahmad","last":"Berger"},"location":{"street":{"number":6874,"name":"Place Paul-Duquaire"},"city":"Lavigny","state":"Glarus","country":"Switzerland","postcode":5601,"coordinates":{"latitude":"-61.9312","longitude":"-160.4541"},"timezone":{"offset":"+5:30","description":"Bombay, Calcutta, Madras, New Delhi"}},"email":"ahmad.berger@example.com","login":{"uuid":"00ba4751-4ace-4ce8-9b75-307585fdd47a","username":"heavygoose283","password":"poppop","salt":"qOW5X4IZ","md5":"76eea1f880314883a4a2df1636848a1d","sha1":"689870b325ed6f716fade8f99d24832440d5b184","sha256":"fcc120bf622e0f94f639171ae92aa12987e0bab3dde33b73ef5f7bc673b7cd11"},"dob":{"date":"1944-12-13T03:10:45.840Z","age":79},"registered":{"date":"2011-07-08T03:52:24.270Z","age":12},"phone":"076 988 24 64","cell":"078 515 59 31","id":{"name":"AVS","value":"756.0014.5979.41"},"picture":{"large":"https://randomuser.me/api/portraits/men/32.jpg","medium":"https://randomuser.me/api/portraits/med/men/32.jpg","thumbnail":"https://randomuser.me/api/portraits/thumb/men/32.jpg"},"nat":"CH"}],"info":{"seed":"f99458e664498fa1","results":1,"page":1,"version":"1.4"}} 
 </msg>
<msg time="2024-06-22T08:18:17.270907" level="INFO">/opt/hostedtoolcache/Python/3.12.4/x64/lib/python3.12/site-packages/urllib3/connectionpool.py:1099: InsecureRequestWarning: Unverified HTTPS request is being made to host 'randomuser.me'. Adding certificate verification is strongly advised. See: https://urllib3.readthedocs.io/en/latest/advanced-usage.html#tls-warnings
  warnings.warn(</msg>
<msg time="2024-06-22T08:18:17.271017" level="INFO">${response} = &lt;Response [200]&gt;</msg>
<var>${response}</var>
<arg>consultarAPI</arg>
<arg>/api</arg>
<doc>Sends a GET request on a previously created HTTP Session.</doc>
<status status="PASS" start="2024-06-22T08:18:17.171455" elapsed="0.099603"/>
</kw>
<kw name="Set Variable" owner="BuiltIn">
<msg time="2024-06-22T08:18:17.271959" level="INFO">${json_data} = {'results': [{'gender': 'male', 'name': {'title': 'Monsieur', 'first': 'Ahmad', 'last': 'Berger'}, 'location': {'street': {'number': 6874, 'name': 'Place Paul-Duquaire'}, 'city': 'Lavigny', 'state': '...</msg>
<var>${json_data}</var>
<arg>${response.json()}</arg>
<doc>Returns the given values which can then be assigned to a variables.</doc>
<status status="PASS" start="2024-06-22T08:18:17.271522" elapsed="0.000467"/>
</kw>
<kw name="Log" owner="BuiltIn">
<msg time="2024-06-22T08:18:17.272433" level="INFO">{'results': [{'gender': 'male', 'name': {'title': 'Monsieur', 'first': 'Ahmad', 'last': 'Berger'}, 'location': {'street': {'number': 6874, 'name': 'Place Paul-Duquaire'}, 'city': 'Lavigny', 'state': 'Glarus', 'country': 'Switzerland', 'postcode': 5601, 'coordinates': {'latitude': '-61.9312', 'longitude': '-160.4541'}, 'timezone': {'offset': '+5:30', 'description': 'Bombay, Calcutta, Madras, New Delhi'}}, 'email': 'ahmad.berger@example.com', 'login': {'uuid': '00ba4751-4ace-4ce8-9b75-307585fdd47a', 'username': 'heavygoose283', 'password': 'poppop', 'salt': 'qOW5X4IZ', 'md5': '76eea1f880314883a4a2df1636848a1d', 'sha1': '689870b325ed6f716fade8f99d24832440d5b184', 'sha256': 'fcc120bf622e0f94f639171ae92aa12987e0bab3dde33b73ef5f7bc673b7cd11'}, 'dob': {'date': '1944-12-13T03:10:45.840Z', 'age': 79}, 'registered': {'date': '2011-07-08T03:52:24.270Z', 'age': 12}, 'phone': '076 988 24 64', 'cell': '078 515 59 31', 'id': {'name': 'AVS', 'value': '756.0014.5979.41'}, 'picture': {'large': 'https://randomuser.me/api/portraits/men/32.jpg', 'medium': 'https://randomuser.me/api/portraits/med/men/32.jpg', 'thumbnail': 'https://randomuser.me/api/portraits/thumb/men/32.jpg'}, 'nat': 'CH'}], 'info': {'seed': 'f99458e664498fa1', 'results': 1, 'page': 1, 'version': '1.4'}}</msg>
<arg>${json_data}</arg>
<doc>Logs the given message with the given level.</doc>
<status status="PASS" start="2024-06-22T08:18:17.272283" elapsed="0.000196"/>
</kw>
<kw name="Should Be Equal As Numbers" owner="BuiltIn">
<arg>${json_data['results'][0]['location']['postcode']}</arg>
<arg>${json_data['results'][0]['location']['postcode']}</arg>
<doc>Fails if objects are unequal after converting them to real numbers.</doc>
<status status="PASS" start="2024-06-22T08:18:17.272813" elapsed="0.000622"/>
</kw>
<kw name="Log" owner="BuiltIn">
<msg time="2024-06-22T08:18:17.274074" level="INFO">5601</msg>
<arg>${json_data['results'][0]['location']['postcode']}</arg>
<doc>Logs the given message with the given level.</doc>
<status status="PASS" start="2024-06-22T08:18:17.273621" elapsed="0.000494"/>
</kw>
<status status="PASS" start="2024-06-22T08:18:17.171244" elapsed="0.103151"/>
</kw>
<doc>Testa se os tipos de dados na resposta da API estão corretos.</doc>
<tag>testeTiposDados</tag>
<status status="PASS" start="2024-06-22T08:18:17.067521" elapsed="0.207028"/>
</test>
<test id="s1-s1-t5" name="Validar conteudo" line="35">
<kw name="Teste de Tipos de Conteudo" owner="random-user-service">
<kw name="GET On Session" owner="RequestsLibrary">
<msg time="2024-06-22T08:18:17.376447" level="INFO">GET Request : url=https://randomuser.me/api 
 path_url=/api 
 headers={'User-Agent': 'python-requests/2.32.3', 'Accept-Encoding': 'gzip, deflate', 'Accept': '*/*', 'Connection': 'keep-alive'} 
 body=None 
 </msg>
<msg time="2024-06-22T08:18:17.376542" level="INFO">GET Response : url=https://randomuser.me/api 
 status=200, reason=OK 
 headers={'Date': 'Sat, 22 Jun 2024 08:18:17 GMT', 'Content-Type': 'application/json; charset=utf-8', 'Transfer-Encoding': 'chunked', 'Connection': 'keep-alive', 'X-Powered-By': 'Express', 'Access-Control-Allow-Origin': '*', 'Cache-Control': 'no-cache', 'ETag': 'W/"488-guqjLbM8qUQvp0tiYvlKoyfE1Cs"', 'Vary': 'Accept-Encoding', 'Content-Encoding': 'gzip', 'CF-Cache-Status': 'DYNAMIC', 'Report-To': '{"endpoints":[{"url":"https:\\/\\/a.nel.cloudflare.com\\/report\\/v4?s=LkCUkQ3AojU%2BsagstC9nY3u2CSP886D1DzWDDqR8w2URlvkpv0xxJPjIEes%2FVbhuRhsPj9RJrACf7zL4x8fpe60TxtPfyw16ZRxZkHsn9xszvddkThiPSQGdkUsaACgN"}],"group":"cf-nel","max_age":604800}', 'NEL': '{"success_fraction":0,"report_to":"cf-nel","max_age":604800}', 'Server': 'cloudflare', 'CF-RAY': '897ace8a088bdb7e-LAX', 'alt-svc': 'h3=":443"; ma=86400'} 
 body={"results":[{"gender":"male","name":{"title":"Mr","first":"Sávio","last":"Ramos"},"location":{"street":{"number":6353,"name":"Rua Santa Maria "},"city":"Cariacica","state":"Bahia","country":"Brazil","postcode":43610,"coordinates":{"latitude":"-77.1891","longitude":"-80.2454"},"timezone":{"offset":"-8:00","description":"Pacific Time (US &amp; Canada)"}},"email":"savio.ramos@example.com","login":{"uuid":"ec2aa325-3cdd-4c2e-936f-b4667eccd176","username":"happyzebra728","password":"celica","salt":"mXZYWk4w","md5":"3775168efed5438a2e78b70b0789c8a9","sha1":"965a5ee245698fa2d3652495d98690602a594a8e","sha256":"3b7a9096c02e0de138f7c3cb27ad41c63c7bbbe231cbacf00cd74673fc8ea933"},"dob":{"date":"1961-03-18T09:38:24.528Z","age":63},"registered":{"date":"2009-11-20T12:00:08.116Z","age":14},"phone":"(49) 7780-4418","cell":"(65) 0753-4015","id":{"name":"CPF","value":"222.131.924-29"},"picture":{"large":"https://randomuser.me/api/portraits/men/41.jpg","medium":"https://randomuser.me/api/portraits/med/men/41.jpg","thumbnail":"https://randomuser.me/api/portraits/thumb/men/41.jpg"},"nat":"BR"}],"info":{"seed":"90fc5a71e209f7f8","results":1,"page":1,"version":"1.4"}} 
 </msg>
<msg time="2024-06-22T08:18:17.376619" level="INFO">/opt/hostedtoolcache/Python/3.12.4/x64/lib/python3.12/site-packages/urllib3/connectionpool.py:1099: InsecureRequestWarning: Unverified HTTPS request is being made to host 'randomuser.me'. Adding certificate verification is strongly advised. See: https://urllib3.readthedocs.io/en/latest/advanced-usage.html#tls-warnings
  warnings.warn(</msg>
<msg time="2024-06-22T08:18:17.376711" level="INFO">${response} = &lt;Response [200]&gt;</msg>
<var>${response}</var>
<arg>consultarAPI</arg>
<arg>/api</arg>
<doc>Sends a GET request on a previously created HTTP Session.</doc>
<status status="PASS" start="2024-06-22T08:18:17.277366" elapsed="0.099496"/>
</kw>
<kw name="Set Variable" owner="BuiltIn">
<msg time="2024-06-22T08:18:17.377640" level="INFO">${json_data} = {'results': [{'gender': 'male', 'name': {'title': 'Mr', 'first': 'Sávio', 'last': 'Ramos'}, 'location': {'street': {'number': 6353, 'name': 'Rua Santa Maria '}, 'city': 'Cariacica', 'state': 'Bahia', ...</msg>
<var>${json_data}</var>
<arg>${response.json()}</arg>
<doc>Returns the given values which can then be assigned to a variables.</doc>
<status status="PASS" start="2024-06-22T08:18:17.377207" elapsed="0.000461"/>
</kw>
<kw name="Set Variable" owner="BuiltIn">
<msg time="2024-06-22T08:18:17.378354" level="INFO">${name_title} = Mr</msg>
<var>${name_title}</var>
<arg>${json_data["results"][0]["name"]["title"]}</arg>
<doc>Returns the given values which can then be assigned to a variables.</doc>
<status status="PASS" start="2024-06-22T08:18:17.377969" elapsed="0.000410"/>
</kw>
<kw name="Create List" owner="BuiltIn">
<msg time="2024-06-22T08:18:17.378819" level="INFO">${allowed_titles} = ['Mr', 'Ms', 'Miss', 'Mrs', 'Madame', 'Monsieur']</msg>
<var>${allowed_titles}</var>
<arg>Mr</arg>
<arg>Ms</arg>
<arg>Miss</arg>
<arg>Mrs</arg>
<arg>Madame</arg>
<arg>Monsieur</arg>
<doc>Returns a list containing given items.</doc>
<status status="PASS" start="2024-06-22T08:18:17.378669" elapsed="0.000174"/>
</kw>
<kw name="List Should Contain Value" owner="Collections">
<arg>${allowed_titles}</arg>
<arg>${name_title}</arg>
<doc>Fails if the ``value`` is not found from ``list``.</doc>
<status status="PASS" start="2024-06-22T08:18:17.379168" elapsed="0.000175"/>
</kw>
<kw name="Set Variable" owner="BuiltIn">
<msg time="2024-06-22T08:18:17.379886" level="INFO">${name_country} = BR</msg>
<var>${name_country}</var>
<arg>${json_data["results"][0]["nat"]}</arg>
<doc>Returns the given values which can then be assigned to a variables.</doc>
<status status="PASS" start="2024-06-22T08:18:17.379521" elapsed="0.000390"/>
</kw>
<kw name="Create List" owner="BuiltIn">
<msg time="2024-06-22T08:18:17.380836" level="INFO">${list_country} = ['AD', 'AE', 'AF', 'AG', 'AI', 'AL', 'AM', 'AO', 'AQ', 'AR', 'AS', 'AT', 'AU', 'AW', 'AX', 'AZ', 'BA', 'BB', 'BD', 'BE', 'BF', 'BG', 'BH', 'BI', 'BJ', 'BL', 'BM', 'BN', 'BO', 'BQ', 'BR', 'BS', 'BT', '...</msg>
<var>${list_country}</var>
<arg>AD</arg>
<arg>AE</arg>
<arg>AF</arg>
<arg>AG</arg>
<arg>AI</arg>
<arg>AL</arg>
<arg>AM</arg>
<arg>AO</arg>
<arg>AQ</arg>
<arg>AR</arg>
<arg>AS</arg>
<arg>AT</arg>
<arg>AU</arg>
<arg>AW</arg>
<arg>AX</arg>
<arg>AZ</arg>
<arg>BA</arg>
<arg>BB</arg>
<arg>BD</arg>
<arg>BE</arg>
<arg>BF</arg>
<arg>BG</arg>
<arg>BH</arg>
<arg>BI</arg>
<arg>BJ</arg>
<arg>BL</arg>
<arg>BM</arg>
<arg>BN</arg>
<arg>BO</arg>
<arg>BQ</arg>
<arg>BR</arg>
<arg>BS</arg>
<arg>BT</arg>
<arg>BV</arg>
<arg>BW</arg>
<arg>BY</arg>
<arg>BZ</arg>
<arg>CA</arg>
<arg>CC</arg>
<arg>CD</arg>
<arg>CF</arg>
<arg>CG</arg>
<arg>CH</arg>
<arg>CI</arg>
<arg>CK</arg>
<arg>CL</arg>
<arg>CM</arg>
<arg>CN</arg>
<arg>CO</arg>
<arg>CR</arg>
<arg>CU</arg>
<arg>CV</arg>
<arg>CW</arg>
<arg>CX</arg>
<arg>CY</arg>
<arg>CZ</arg>
<arg>DE</arg>
<arg>DJ</arg>
<arg>DK</arg>
<arg>DM</arg>
<arg>DO</arg>
<arg>DZ</arg>
<arg>EC</arg>
<arg>EE</arg>
<arg>EG</arg>
<arg>EH</arg>
<arg>ER</arg>
<arg>ES</arg>
<arg>ET</arg>
<arg>FI</arg>
<arg>FJ</arg>
<arg>FK</arg>
<arg>FM</arg>
<arg>FO</arg>
<arg>FR</arg>
<arg>GA</arg>
<arg>GB</arg>
<arg>GD</arg>
<arg>GE</arg>
<arg>GF</arg>
<arg>GG</arg>
<arg>GH</arg>
<arg>GI</arg>
<arg>GL</arg>
<arg>GM</arg>
<arg>GN</arg>
<arg>GP</arg>
<arg>GQ</arg>
<arg>GR</arg>
<arg>GS</arg>
<arg>GT</arg>
<arg>GU</arg>
<arg>GW</arg>
<arg>GY</arg>
<arg>HK</arg>
<arg>HM</arg>
<arg>HN</arg>
<arg>HR</arg>
<arg>HT</arg>
<arg>HU</arg>
<arg>ID</arg>
<arg>IE</arg>
<arg>IL</arg>
<arg>IM</arg>
<arg>IN</arg>
<arg>IO</arg>
<arg>IQ</arg>
<arg>IR</arg>
<arg>IS</arg>
<arg>IT</arg>
<arg>JE</arg>
<arg>JM</arg>
<arg>JO</arg>
<arg>JP</arg>
<arg>KE</arg>
<arg>KG</arg>
<arg>KH</arg>
<arg>KI</arg>
<arg>KM</arg>
<arg>KN</arg>
<arg>KP</arg>
<arg>KR</arg>
<arg>KW</arg>
<arg>KY</arg>
<arg>KZ</arg>
<arg>LA</arg>
<arg>LB</arg>
<arg>LC</arg>
<arg>LI</arg>
<arg>LK</arg>
<arg>LR</arg>
<arg>LS</arg>
<arg>LT</arg>
<arg>LU</arg>
<arg>LV</arg>
<arg>LY</arg>
<arg>MA</arg>
<arg>MC</arg>
<arg>MD</arg>
<arg>ME</arg>
<arg>MF</arg>
<arg>MG</arg>
<arg>MH</arg>
<arg>MK</arg>
<arg>ML</arg>
<arg>MM</arg>
<arg>MN</arg>
<arg>MO</arg>
<arg>MP</arg>
<arg>MQ</arg>
<arg>MR</arg>
<arg>MS</arg>
<arg>MT</arg>
<arg>MU</arg>
<arg>MV</arg>
<arg>MW</arg>
<arg>MX</arg>
<arg>MY</arg>
<arg>MZ</arg>
<arg>NA</arg>
<arg>NC</arg>
<arg>NE</arg>
<arg>NF</arg>
<arg>NG</arg>
<arg>NI</arg>
<arg>NL</arg>
<arg>NO</arg>
<arg>NP</arg>
<arg>NR</arg>
<arg>NU</arg>
<arg>NZ</arg>
<arg>OM</arg>
<arg>PA</arg>
<arg>PE</arg>
<arg>PF</arg>
<arg>PG</arg>
<arg>PH</arg>
<arg>PK</arg>
<arg>PL</arg>
<arg>PM</arg>
<arg>PN</arg>
<arg>PR</arg>
<arg>PS</arg>
<arg>PT</arg>
<arg>PW</arg>
<arg>PY</arg>
<arg>QA</arg>
<arg>RE</arg>
<arg>RO</arg>
<arg>RS</arg>
<arg>RU</arg>
<arg>RW</arg>
<arg>SA</arg>
<arg>SB</arg>
<arg>SC</arg>
<arg>SD</arg>
<arg>SE</arg>
<arg>SG</arg>
<arg>SH</arg>
<arg>SI</arg>
<arg>SJ</arg>
<arg>SK</arg>
<arg>SL</arg>
<arg>SM</arg>
<arg>SN</arg>
<arg>SO</arg>
<arg>SR</arg>
<arg>SS</arg>
<arg>ST</arg>
<arg>SV</arg>
<arg>SX</arg>
<arg>SY</arg>
<arg>SZ</arg>
<arg>TC</arg>
<arg>TD</arg>
<arg>TF</arg>
<arg>TG</arg>
<arg>TH</arg>
<arg>TJ</arg>
<arg>TK</arg>
<arg>TL</arg>
<arg>TM</arg>
<arg>TN</arg>
<arg>TO</arg>
<arg>TR</arg>
<arg>TT</arg>
<arg>TV</arg>
<arg>TW</arg>
<arg>TZ</arg>
<arg>UA</arg>
<arg>UG</arg>
<arg>UM</arg>
<arg>US</arg>
<arg>UY</arg>
<arg>UZ</arg>
<arg>VA</arg>
<arg>VC</arg>
<arg>VE</arg>
<arg>VG</arg>
<arg>VI</arg>
<arg>VN</arg>
<arg>VU</arg>
<arg>WF</arg>
<arg>WS</arg>
<arg>XK</arg>
<arg>YE</arg>
<arg>YT</arg>
<arg>ZA</arg>
<arg>ZM</arg>
<arg>ZW</arg>
<doc>Returns a list containing given items.</doc>
<status status="PASS" start="2024-06-22T08:18:17.380199" elapsed="0.000665"/>
</kw>
<kw name="List Should Contain Value" owner="Collections">
<arg>${list_country}</arg>
<arg>${name_country}</arg>
<doc>Fails if the ``value`` is not found from ``list``.</doc>
<status status="PASS" start="2024-06-22T08:18:17.381661" elapsed="0.000199"/>
</kw>
<kw name="Run Keyword If" owner="BuiltIn">
<kw name="Should Be True" owner="BuiltIn">
<arg>${True}</arg>
<doc>Fails if the given condition is not true.</doc>
<status status="PASS" start="2024-06-22T08:18:17.382783" elapsed="0.000138"/>
</kw>
<arg>${json_data["results"][0]["location"]["coordinates"]["latitude"]} &gt;= -90 and ${json_data["results"][0]["location"]["coordinates"]["latitude"]} &lt;= 90</arg>
<arg>Should Be True</arg>
<arg>${True}</arg>
<doc>Runs the given keyword with the given arguments, if ``condition`` is true.</doc>
<status status="PASS" start="2024-06-22T08:18:17.382056" elapsed="0.000989"/>
</kw>
<kw name="Run Keyword If" owner="BuiltIn">
<kw name="Should Be True" owner="BuiltIn">
<arg>${True}</arg>
<doc>Fails if the given condition is not true.</doc>
<status status="PASS" start="2024-06-22T08:18:17.383905" elapsed="0.000225"/>
</kw>
<arg>${json_data["results"][0]["location"]["coordinates"]["longitude"]} &gt;= -180 and ${json_data["results"][0]["location"]["coordinates"]["longitude"]} &lt;= 180</arg>
<arg>Should Be True</arg>
<arg>${True}</arg>
<doc>Runs the given keyword with the given arguments, if ``condition`` is true.</doc>
<status status="PASS" start="2024-06-22T08:18:17.383221" elapsed="0.001035"/>
</kw>
<status status="PASS" start="2024-06-22T08:18:17.277003" elapsed="0.107382"/>
</kw>
<doc>Testa o conteúdo específico dos campos retornados pela API.</doc>
<tag>testeConteudo</tag>
<status status="PASS" start="2024-06-22T08:18:17.276332" elapsed="0.108192"/>
</test>
<status status="PASS" start="2024-06-22T08:18:16.271671" elapsed="1.114736"/>
</suite>
<status status="PASS" start="2024-06-22T08:18:16.257324" elapsed="1.134049"/>
</suite>
<statistics>
<total>
<stat pass="5" fail="0" skip="0">All Tests</stat>
</total>
<tag>
<stat pass="1" fail="0" skip="0">testeConteudo</stat>
<stat pass="1" fail="0" skip="0">testeEstruturaResposta</stat>
<stat pass="1" fail="0" skip="0">testeRequisicaoBasica</stat>
<stat pass="1" fail="0" skip="0">testeTiposDados</stat>
</tag>
<suite>
<stat pass="5" fail="0" skip="0" id="s1" name="Tests">Tests</stat>
<stat pass="5" fail="0" skip="0" id="s1-s1" name="Random-User-Test">Tests.Random-User-Test</stat>
</suite>
</statistics>
<errors>
</errors>
</robot>
