<?xml version="1.0" encoding="UTF-8"?>
<robot generator="Robot 7.0.1 (Python 3.12.4 on linux)" generated="2024-06-20T12:28:04.234046" rpa="false" schemaversion="5">
<suite id="s1" name="Tests" source="/home/runner/work/ApiRandomUser/ApiRandomUser/RamdonUser/tests">
<suite id="s1-s1" name="Random-User-Test" source="/home/runner/work/ApiRandomUser/ApiRandomUser/RamdonUser/tests/random-user-test.robot">
<test id="s1-s1-t1" name="Conectar" line="13">
<kw name="Conectar API" owner="random-user-service">
<kw name="Create Session" owner="RequestsLibrary">
<msg time="2024-06-20T12:28:04.624210" level="INFO">Creating Session using : alias=consultarAPI, url=https://randomuser.me/, headers={},                     cookies={}, auth=None, timeout=None, proxies=None, verify=False,                     debug=0 </msg>
<arg>consultarAPI</arg>
<arg>${URL}</arg>
<doc>Create Session: create a HTTP session to a server</doc>
<status status="PASS" start="2024-06-20T12:28:04.624006" elapsed="0.000372"/>
</kw>
<status status="PASS" start="2024-06-20T12:28:04.623026" elapsed="0.001697"/>
</kw>
<status status="PASS" start="2024-06-20T12:28:04.622504" elapsed="0.002407"/>
</test>
<test id="s1-s1-t2" name="Validar retorno 200 e JSON Válido" line="16">
<kw name="Teste de Requisicao Basica" owner="random-user-service">
<kw name="GET On Session" owner="RequestsLibrary">
<msg time="2024-06-20T12:28:04.970420" level="INFO">GET Request : url=https://randomuser.me/api 
 path_url=/api 
 headers={'User-Agent': 'python-requests/2.32.3', 'Accept-Encoding': 'gzip, deflate', 'Accept': '*/*', 'Connection': 'keep-alive'} 
 body=None 
 </msg>
<msg time="2024-06-20T12:28:04.970571" level="INFO">GET Response : url=https://randomuser.me/api 
 status=200, reason=OK 
 headers={'Date': 'Thu, 20 Jun 2024 12:28:04 GMT', 'Content-Type': 'application/json; charset=utf-8', 'Transfer-Encoding': 'chunked', 'Connection': 'keep-alive', 'X-Powered-By': 'Express', 'Access-Control-Allow-Origin': '*', 'Cache-Control': 'no-cache', 'ETag': 'W/"487-WfOtWL8LgNSwh2tW2c4JmIFcvaE"', 'Vary': 'Accept-Encoding', 'Content-Encoding': 'gzip', 'CF-Cache-Status': 'DYNAMIC', 'Report-To': '{"endpoints":[{"url":"https:\\/\\/a.nel.cloudflare.com\\/report\\/v4?s=E182w7uv8ILs88uxMqXOXHvW4yd%2BhXSE%2B%2FDQIH9lUe8WsU896i0RH8YVwWt%2F1ptNsSfz8b4gw1YjS4bMkDgiqbOfs5wYaR3KsSgf%2FVowwfKOYHM3Q%2FrEl2grWKBxTaf2"}],"group":"cf-nel","max_age":604800}', 'NEL': '{"success_fraction":0,"report_to":"cf-nel","max_age":604800}', 'Server': 'cloudflare', 'CF-RAY': '896bc1b2394c2d10-IAD', 'alt-svc': 'h3=":443"; ma=86400'} 
 body={"results":[{"gender":"male","name":{"title":"Mr","first":"Ricardo","last":"Arias"},"location":{"street":{"number":1542,"name":"Paseo de Extremadura"},"city":"Ferrol","state":"Andalucía","country":"Spain","postcode":34545,"coordinates":{"latitude":"-32.3107","longitude":"-98.0320"},"timezone":{"offset":"-1:00","description":"Azores, Cape Verde Islands"}},"email":"ricardo.arias@example.com","login":{"uuid":"d062e404-fa7f-47b1-8813-2a80b016724a","username":"beautifulduck244","password":"lighter","salt":"9PD9ETfI","md5":"8b1d7410615a97a0685de5e614c02fa3","sha1":"1235a959145362d8e596ea27c4335e35de2c0904","sha256":"88f16606cdfa068dcc05919a25908fbd60a7559a9733b08f00edd0feed3666ae"},"dob":{"date":"1983-03-08T19:05:22.278Z","age":41},"registered":{"date":"2012-10-08T07:47:38.629Z","age":11},"phone":"960-144-126","cell":"697-106-558","id":{"name":"DNI","value":"53610054-Y"},"picture":{"large":"https://randomuser.me/api/portraits/men/4.jpg","medium":"https://randomuser.me/api/portraits/med/men/4.jpg","thumbnail":"https://randomuser.me/api/portraits/thumb/men/4.jpg"},"nat":"ES"}],"info":{"seed":"3ccf9169a5bd9e97","results":1,"page":1,"version":"1.4"}} 
 </msg>
<msg time="2024-06-20T12:28:04.970654" level="INFO">/opt/hostedtoolcache/Python/3.12.4/x64/lib/python3.12/site-packages/urllib3/connectionpool.py:1099: InsecureRequestWarning: Unverified HTTPS request is being made to host 'randomuser.me'. Adding certificate verification is strongly advised. See: https://urllib3.readthedocs.io/en/latest/advanced-usage.html#tls-warnings
  warnings.warn(</msg>
<msg time="2024-06-20T12:28:04.970799" level="INFO">${response} = &lt;Response [200]&gt;</msg>
<var>${response}</var>
<arg>consultarAPI</arg>
<arg>/api</arg>
<doc>Sends a GET request on a previously created HTTP Session.</doc>
<status status="PASS" start="2024-06-20T12:28:04.627452" elapsed="0.343390"/>
</kw>
<kw name="Should Be Equal As Numbers" owner="BuiltIn">
<msg time="2024-06-20T12:28:04.971942" level="INFO">Argument types are:
&lt;class 'int'&gt;
&lt;class 'str'&gt;</msg>
<arg>${response.status_code}</arg>
<arg>200</arg>
<doc>Fails if objects are unequal after converting them to real numbers.</doc>
<status status="PASS" start="2024-06-20T12:28:04.971446" elapsed="0.000565"/>
</kw>
<kw name="Log" owner="BuiltIn">
<msg time="2024-06-20T12:28:04.972672" level="INFO">200</msg>
<arg>${response.status_code}</arg>
<doc>Logs the given message with the given level.</doc>
<status status="PASS" start="2024-06-20T12:28:04.972325" elapsed="0.000389"/>
</kw>
<kw name="Set Variable" owner="BuiltIn">
<msg time="2024-06-20T12:28:04.973445" level="INFO">${json_data} = {'results': [{'gender': 'male', 'name': {'title': 'Mr', 'first': 'Ricardo', 'last': 'Arias'}, 'location': {'street': {'number': 1542, 'name': 'Paseo de Extremadura'}, 'city': 'Ferrol', 'state': 'Andal...</msg>
<var>${json_data}</var>
<arg>${response.json()}</arg>
<doc>Returns the given values which can then be assigned to a variables.</doc>
<status status="PASS" start="2024-06-20T12:28:04.973012" elapsed="0.000463"/>
</kw>
<kw name="Dictionary Should Contain Key" owner="Collections">
<arg>${json_data}</arg>
<arg>results</arg>
<doc>Fails if ``key`` is not found from ``dictionary``.</doc>
<status status="PASS" start="2024-06-20T12:28:04.973769" elapsed="0.000172"/>
</kw>
<status status="PASS" start="2024-06-20T12:28:04.627213" elapsed="0.346875"/>
</kw>
<doc>Testa se a API responde corretamente e retorna um objeto JSON válido.</doc>
<tag>testeRequisicaoBasica</tag>
<status status="PASS" start="2024-06-20T12:28:04.626762" elapsed="0.347498"/>
</test>
<test id="s1-s1-t3" name="Validar estrutura de resposta" line="22">
<kw name="Teste de Estrutura de Resposta" owner="random-user-service">
<kw name="GET On Session" owner="RequestsLibrary">
<msg time="2024-06-20T12:28:05.082860" level="INFO">GET Request : url=https://randomuser.me/api 
 path_url=/api 
 headers={'User-Agent': 'python-requests/2.32.3', 'Accept-Encoding': 'gzip, deflate', 'Accept': '*/*', 'Connection': 'keep-alive'} 
 body=None 
 </msg>
<msg time="2024-06-20T12:28:05.082946" level="INFO">GET Response : url=https://randomuser.me/api 
 status=200, reason=OK 
 headers={'Date': 'Thu, 20 Jun 2024 12:28:05 GMT', 'Content-Type': 'application/json; charset=utf-8', 'Transfer-Encoding': 'chunked', 'Connection': 'keep-alive', 'X-Powered-By': 'Express', 'Access-Control-Allow-Origin': '*', 'Cache-Control': 'no-cache', 'ETag': 'W/"4a9-Ljj72rDaUATHUF3mKVSEcWq3RUs"', 'Vary': 'Accept-Encoding', 'Content-Encoding': 'gzip', 'CF-Cache-Status': 'DYNAMIC', 'Report-To': '{"endpoints":[{"url":"https:\\/\\/a.nel.cloudflare.com\\/report\\/v4?s=Y1bn%2FpHOAhMhaymf8trY4RFJ94zLvCXqrv2sy%2F7mHq2Rh39au1KDrlgz877L6GxS%2BjtSJzRgA5eXYqhZaSgZ7J7Gar0Z8%2Fft7qGLW0FGIN9DV6pBiImngCfTTlJVuJwP"}],"group":"cf-nel","max_age":604800}', 'NEL': '{"success_fraction":0,"report_to":"cf-nel","max_age":604800}', 'Server': 'cloudflare', 'CF-RAY': '896bc1b32a972d10-IAD', 'alt-svc': 'h3=":443"; ma=86400'} 
 body={"results":[{"gender":"male","name":{"title":"Mr","first":"Valtteri","last":"Rantala"},"location":{"street":{"number":3327,"name":"Aleksanterinkatu"},"city":"Laukaa","state":"Central Ostrobothnia","country":"Finland","postcode":22085,"coordinates":{"latitude":"-25.0504","longitude":"-122.0464"},"timezone":{"offset":"+3:00","description":"Baghdad, Riyadh, Moscow, St. Petersburg"}},"email":"valtteri.rantala@example.com","login":{"uuid":"ec850612-6716-43ab-91eb-4bd204a30ecd","username":"tinypanda369","password":"ashley","salt":"ABfAoPSe","md5":"90142caf619d3e618e3513d51e233a3a","sha1":"d9344b499e6bf575b1e31298152aa8cd474a91d9","sha256":"f0548900e94494352acc48e3ec545923127d456c47f38791a332d77550e7864b"},"dob":{"date":"1985-08-17T21:20:19.142Z","age":38},"registered":{"date":"2019-01-23T18:39:17.828Z","age":5},"phone":"02-262-097","cell":"048-245-52-58","id":{"name":"HETU","value":"NaNNA175undefined"},"picture":{"large":"https://randomuser.me/api/portraits/men/14.jpg","medium":"https://randomuser.me/api/portraits/med/men/14.jpg","thumbnail":"https://randomuser.me/api/portraits/thumb/men/14.jpg"},"nat":"FI"}],"info":{"seed":"f2d92dbafd136407","results":1,"page":1,"version":"1.4"}} 
 </msg>
<msg time="2024-06-20T12:28:05.083059" level="INFO">/opt/hostedtoolcache/Python/3.12.4/x64/lib/python3.12/site-packages/urllib3/connectionpool.py:1099: InsecureRequestWarning: Unverified HTTPS request is being made to host 'randomuser.me'. Adding certificate verification is strongly advised. See: https://urllib3.readthedocs.io/en/latest/advanced-usage.html#tls-warnings
  warnings.warn(</msg>
<msg time="2024-06-20T12:28:05.083181" level="INFO">${response} = &lt;Response [200]&gt;</msg>
<var>${response}</var>
<arg>consultarAPI</arg>
<arg>/api</arg>
<doc>Sends a GET request on a previously created HTTP Session.</doc>
<status status="PASS" start="2024-06-20T12:28:04.976827" elapsed="0.106394"/>
</kw>
<kw name="Set Variable" owner="BuiltIn">
<msg time="2024-06-20T12:28:05.084361" level="INFO">${json_data} = {'results': [{'gender': 'male', 'name': {'title': 'Mr', 'first': 'Valtteri', 'last': 'Rantala'}, 'location': {'street': {'number': 3327, 'name': 'Aleksanterinkatu'}, 'city': 'Laukaa', 'state': 'Centra...</msg>
<var>${json_data}</var>
<arg>${response.json()}</arg>
<doc>Returns the given values which can then be assigned to a variables.</doc>
<status status="PASS" start="2024-06-20T12:28:05.083787" elapsed="0.000603"/>
</kw>
<kw name="Log" owner="BuiltIn">
<msg time="2024-06-20T12:28:05.084861" level="INFO">{'results': [{'gender': 'male', 'name': {'title': 'Mr', 'first': 'Valtteri', 'last': 'Rantala'}, 'location': {'street': {'number': 3327, 'name': 'Aleksanterinkatu'}, 'city': 'Laukaa', 'state': 'Central Ostrobothnia', 'country': 'Finland', 'postcode': 22085, 'coordinates': {'latitude': '-25.0504', 'longitude': '-122.0464'}, 'timezone': {'offset': '+3:00', 'description': 'Baghdad, Riyadh, Moscow, St. Petersburg'}}, 'email': 'valtteri.rantala@example.com', 'login': {'uuid': 'ec850612-6716-43ab-91eb-4bd204a30ecd', 'username': 'tinypanda369', 'password': 'ashley', 'salt': 'ABfAoPSe', 'md5': '90142caf619d3e618e3513d51e233a3a', 'sha1': 'd9344b499e6bf575b1e31298152aa8cd474a91d9', 'sha256': 'f0548900e94494352acc48e3ec545923127d456c47f38791a332d77550e7864b'}, 'dob': {'date': '1985-08-17T21:20:19.142Z', 'age': 38}, 'registered': {'date': '2019-01-23T18:39:17.828Z', 'age': 5}, 'phone': '02-262-097', 'cell': '048-245-52-58', 'id': {'name': 'HETU', 'value': 'NaNNA175undefined'}, 'picture': {'large': 'https://randomuser.me/api/portraits/men/14.jpg', 'medium': 'https://randomuser.me/api/portraits/med/men/14.jpg', 'thumbnail': 'https://randomuser.me/api/portraits/thumb/men/14.jpg'}, 'nat': 'FI'}], 'info': {'seed': 'f2d92dbafd136407', 'results': 1, 'page': 1, 'version': '1.4'}}</msg>
<arg>${json_data}</arg>
<doc>Logs the given message with the given level.</doc>
<status status="PASS" start="2024-06-20T12:28:05.084702" elapsed="0.000207"/>
</kw>
<kw name="Dictionary Should Contain Key" owner="Collections">
<arg>${json_data}</arg>
<arg>results</arg>
<doc>Fails if ``key`` is not found from ``dictionary``.</doc>
<status status="PASS" start="2024-06-20T12:28:05.085198" elapsed="0.000164"/>
</kw>
<kw name="Should Not Be Empty" owner="BuiltIn">
<msg time="2024-06-20T12:28:05.085672" level="INFO">Length is 2.</msg>
<arg>${json_data}</arg>
<doc>Verifies that the given item is not empty.</doc>
<status status="PASS" start="2024-06-20T12:28:05.085543" elapsed="0.000167"/>
</kw>
<kw name="Create List" owner="BuiltIn">
<msg time="2024-06-20T12:28:05.086293" level="INFO">${expected_keys} = ['gender', 'name', 'location', 'email', 'login']</msg>
<var>${expected_keys}</var>
<arg>gender</arg>
<arg>name</arg>
<arg>location</arg>
<arg>email</arg>
<arg>login</arg>
<doc>Returns a list containing given items.</doc>
<status status="PASS" start="2024-06-20T12:28:05.085993" elapsed="0.000325"/>
</kw>
<for flavor="IN">
<iter>
<kw name="Dictionary Should Contain Key" owner="Collections">
<arg>${json_data['results'][0]}</arg>
<arg>${key}</arg>
<doc>Fails if ``key`` is not found from ``dictionary``.</doc>
<status status="PASS" start="2024-06-20T12:28:05.086896" elapsed="0.000397"/>
</kw>
<kw name="Log" owner="BuiltIn">
<msg time="2024-06-20T12:28:05.087865" level="INFO">{'gender': 'male', 'name': {'title': 'Mr', 'first': 'Valtteri', 'last': 'Rantala'}, 'location': {'street': {'number': 3327, 'name': 'Aleksanterinkatu'}, 'city': 'Laukaa', 'state': 'Central Ostrobothnia', 'country': 'Finland', 'postcode': 22085, 'coordinates': {'latitude': '-25.0504', 'longitude': '-122.0464'}, 'timezone': {'offset': '+3:00', 'description': 'Baghdad, Riyadh, Moscow, St. Petersburg'}}, 'email': 'valtteri.rantala@example.com', 'login': {'uuid': 'ec850612-6716-43ab-91eb-4bd204a30ecd', 'username': 'tinypanda369', 'password': 'ashley', 'salt': 'ABfAoPSe', 'md5': '90142caf619d3e618e3513d51e233a3a', 'sha1': 'd9344b499e6bf575b1e31298152aa8cd474a91d9', 'sha256': 'f0548900e94494352acc48e3ec545923127d456c47f38791a332d77550e7864b'}, 'dob': {'date': '1985-08-17T21:20:19.142Z', 'age': 38}, 'registered': {'date': '2019-01-23T18:39:17.828Z', 'age': 5}, 'phone': '02-262-097', 'cell': '048-245-52-58', 'id': {'name': 'HETU', 'value': 'NaNNA175undefined'}, 'picture': {'large': 'https://randomuser.me/api/portraits/men/14.jpg', 'medium': 'https://randomuser.me/api/portraits/med/men/14.jpg', 'thumbnail': 'https://randomuser.me/api/portraits/thumb/men/14.jpg'}, 'nat': 'FI'}</msg>
<arg>${json_data['results'][0]}</arg>
<doc>Logs the given message with the given level.</doc>
<status status="PASS" start="2024-06-20T12:28:05.087477" elapsed="0.000437"/>
</kw>
<kw name="Log" owner="BuiltIn">
<msg time="2024-06-20T12:28:05.088347" level="INFO">gender</msg>
<arg>${key}</arg>
<doc>Logs the given message with the given level.</doc>
<status status="PASS" start="2024-06-20T12:28:05.088217" elapsed="0.000168"/>
</kw>
<var name="${key}">gender</var>
<status status="PASS" start="2024-06-20T12:28:05.086772" elapsed="0.001826"/>
</iter>
<iter>
<kw name="Dictionary Should Contain Key" owner="Collections">
<arg>${json_data['results'][0]}</arg>
<arg>${key}</arg>
<doc>Fails if ``key`` is not found from ``dictionary``.</doc>
<status status="PASS" start="2024-06-20T12:28:05.088892" elapsed="0.000374"/>
</kw>
<kw name="Log" owner="BuiltIn">
<msg time="2024-06-20T12:28:05.089829" level="INFO">{'gender': 'male', 'name': {'title': 'Mr', 'first': 'Valtteri', 'last': 'Rantala'}, 'location': {'street': {'number': 3327, 'name': 'Aleksanterinkatu'}, 'city': 'Laukaa', 'state': 'Central Ostrobothnia', 'country': 'Finland', 'postcode': 22085, 'coordinates': {'latitude': '-25.0504', 'longitude': '-122.0464'}, 'timezone': {'offset': '+3:00', 'description': 'Baghdad, Riyadh, Moscow, St. Petersburg'}}, 'email': 'valtteri.rantala@example.com', 'login': {'uuid': 'ec850612-6716-43ab-91eb-4bd204a30ecd', 'username': 'tinypanda369', 'password': 'ashley', 'salt': 'ABfAoPSe', 'md5': '90142caf619d3e618e3513d51e233a3a', 'sha1': 'd9344b499e6bf575b1e31298152aa8cd474a91d9', 'sha256': 'f0548900e94494352acc48e3ec545923127d456c47f38791a332d77550e7864b'}, 'dob': {'date': '1985-08-17T21:20:19.142Z', 'age': 38}, 'registered': {'date': '2019-01-23T18:39:17.828Z', 'age': 5}, 'phone': '02-262-097', 'cell': '048-245-52-58', 'id': {'name': 'HETU', 'value': 'NaNNA175undefined'}, 'picture': {'large': 'https://randomuser.me/api/portraits/men/14.jpg', 'medium': 'https://randomuser.me/api/portraits/med/men/14.jpg', 'thumbnail': 'https://randomuser.me/api/portraits/thumb/men/14.jpg'}, 'nat': 'FI'}</msg>
<arg>${json_data['results'][0]}</arg>
<doc>Logs the given message with the given level.</doc>
<status status="PASS" start="2024-06-20T12:28:05.089478" elapsed="0.000408"/>
</kw>
<kw name="Log" owner="BuiltIn">
<msg time="2024-06-20T12:28:05.090300" level="INFO">name</msg>
<arg>${key}</arg>
<doc>Logs the given message with the given level.</doc>
<status status="PASS" start="2024-06-20T12:28:05.090175" elapsed="0.000162"/>
</kw>
<var name="${key}">name</var>
<status status="PASS" start="2024-06-20T12:28:05.088782" elapsed="0.001769"/>
</iter>
<iter>
<kw name="Dictionary Should Contain Key" owner="Collections">
<arg>${json_data['results'][0]}</arg>
<arg>${key}</arg>
<doc>Fails if ``key`` is not found from ``dictionary``.</doc>
<status status="PASS" start="2024-06-20T12:28:05.090832" elapsed="0.000383"/>
</kw>
<kw name="Log" owner="BuiltIn">
<msg time="2024-06-20T12:28:05.091773" level="INFO">{'gender': 'male', 'name': {'title': 'Mr', 'first': 'Valtteri', 'last': 'Rantala'}, 'location': {'street': {'number': 3327, 'name': 'Aleksanterinkatu'}, 'city': 'Laukaa', 'state': 'Central Ostrobothnia', 'country': 'Finland', 'postcode': 22085, 'coordinates': {'latitude': '-25.0504', 'longitude': '-122.0464'}, 'timezone': {'offset': '+3:00', 'description': 'Baghdad, Riyadh, Moscow, St. Petersburg'}}, 'email': 'valtteri.rantala@example.com', 'login': {'uuid': 'ec850612-6716-43ab-91eb-4bd204a30ecd', 'username': 'tinypanda369', 'password': 'ashley', 'salt': 'ABfAoPSe', 'md5': '90142caf619d3e618e3513d51e233a3a', 'sha1': 'd9344b499e6bf575b1e31298152aa8cd474a91d9', 'sha256': 'f0548900e94494352acc48e3ec545923127d456c47f38791a332d77550e7864b'}, 'dob': {'date': '1985-08-17T21:20:19.142Z', 'age': 38}, 'registered': {'date': '2019-01-23T18:39:17.828Z', 'age': 5}, 'phone': '02-262-097', 'cell': '048-245-52-58', 'id': {'name': 'HETU', 'value': 'NaNNA175undefined'}, 'picture': {'large': 'https://randomuser.me/api/portraits/men/14.jpg', 'medium': 'https://randomuser.me/api/portraits/med/men/14.jpg', 'thumbnail': 'https://randomuser.me/api/portraits/thumb/men/14.jpg'}, 'nat': 'FI'}</msg>
<arg>${json_data['results'][0]}</arg>
<doc>Logs the given message with the given level.</doc>
<status status="PASS" start="2024-06-20T12:28:05.091394" elapsed="0.000431"/>
</kw>
<kw name="Log" owner="BuiltIn">
<msg time="2024-06-20T12:28:05.092243" level="INFO">location</msg>
<arg>${key}</arg>
<doc>Logs the given message with the given level.</doc>
<status status="PASS" start="2024-06-20T12:28:05.092118" elapsed="0.000163"/>
</kw>
<var name="${key}">location</var>
<status status="PASS" start="2024-06-20T12:28:05.090726" elapsed="0.001767"/>
</iter>
<iter>
<kw name="Dictionary Should Contain Key" owner="Collections">
<arg>${json_data['results'][0]}</arg>
<arg>${key}</arg>
<doc>Fails if ``key`` is not found from ``dictionary``.</doc>
<status status="PASS" start="2024-06-20T12:28:05.092764" elapsed="0.000379"/>
</kw>
<kw name="Log" owner="BuiltIn">
<msg time="2024-06-20T12:28:05.093670" level="INFO">{'gender': 'male', 'name': {'title': 'Mr', 'first': 'Valtteri', 'last': 'Rantala'}, 'location': {'street': {'number': 3327, 'name': 'Aleksanterinkatu'}, 'city': 'Laukaa', 'state': 'Central Ostrobothnia', 'country': 'Finland', 'postcode': 22085, 'coordinates': {'latitude': '-25.0504', 'longitude': '-122.0464'}, 'timezone': {'offset': '+3:00', 'description': 'Baghdad, Riyadh, Moscow, St. Petersburg'}}, 'email': 'valtteri.rantala@example.com', 'login': {'uuid': 'ec850612-6716-43ab-91eb-4bd204a30ecd', 'username': 'tinypanda369', 'password': 'ashley', 'salt': 'ABfAoPSe', 'md5': '90142caf619d3e618e3513d51e233a3a', 'sha1': 'd9344b499e6bf575b1e31298152aa8cd474a91d9', 'sha256': 'f0548900e94494352acc48e3ec545923127d456c47f38791a332d77550e7864b'}, 'dob': {'date': '1985-08-17T21:20:19.142Z', 'age': 38}, 'registered': {'date': '2019-01-23T18:39:17.828Z', 'age': 5}, 'phone': '02-262-097', 'cell': '048-245-52-58', 'id': {'name': 'HETU', 'value': 'NaNNA175undefined'}, 'picture': {'large': 'https://randomuser.me/api/portraits/men/14.jpg', 'medium': 'https://randomuser.me/api/portraits/med/men/14.jpg', 'thumbnail': 'https://randomuser.me/api/portraits/thumb/men/14.jpg'}, 'nat': 'FI'}</msg>
<arg>${json_data['results'][0]}</arg>
<doc>Logs the given message with the given level.</doc>
<status status="PASS" start="2024-06-20T12:28:05.093325" elapsed="0.000398"/>
</kw>
<kw name="Log" owner="BuiltIn">
<msg time="2024-06-20T12:28:05.094138" level="INFO">email</msg>
<arg>${key}</arg>
<doc>Logs the given message with the given level.</doc>
<status status="PASS" start="2024-06-20T12:28:05.094013" elapsed="0.000163"/>
</kw>
<var name="${key}">email</var>
<status status="PASS" start="2024-06-20T12:28:05.092659" elapsed="0.001729"/>
</iter>
<iter>
<kw name="Dictionary Should Contain Key" owner="Collections">
<arg>${json_data['results'][0]}</arg>
<arg>${key}</arg>
<doc>Fails if ``key`` is not found from ``dictionary``.</doc>
<status status="PASS" start="2024-06-20T12:28:05.094661" elapsed="0.000386"/>
</kw>
<kw name="Log" owner="BuiltIn">
<msg time="2024-06-20T12:28:05.095571" level="INFO">{'gender': 'male', 'name': {'title': 'Mr', 'first': 'Valtteri', 'last': 'Rantala'}, 'location': {'street': {'number': 3327, 'name': 'Aleksanterinkatu'}, 'city': 'Laukaa', 'state': 'Central Ostrobothnia', 'country': 'Finland', 'postcode': 22085, 'coordinates': {'latitude': '-25.0504', 'longitude': '-122.0464'}, 'timezone': {'offset': '+3:00', 'description': 'Baghdad, Riyadh, Moscow, St. Petersburg'}}, 'email': 'valtteri.rantala@example.com', 'login': {'uuid': 'ec850612-6716-43ab-91eb-4bd204a30ecd', 'username': 'tinypanda369', 'password': 'ashley', 'salt': 'ABfAoPSe', 'md5': '90142caf619d3e618e3513d51e233a3a', 'sha1': 'd9344b499e6bf575b1e31298152aa8cd474a91d9', 'sha256': 'f0548900e94494352acc48e3ec545923127d456c47f38791a332d77550e7864b'}, 'dob': {'date': '1985-08-17T21:20:19.142Z', 'age': 38}, 'registered': {'date': '2019-01-23T18:39:17.828Z', 'age': 5}, 'phone': '02-262-097', 'cell': '048-245-52-58', 'id': {'name': 'HETU', 'value': 'NaNNA175undefined'}, 'picture': {'large': 'https://randomuser.me/api/portraits/men/14.jpg', 'medium': 'https://randomuser.me/api/portraits/med/men/14.jpg', 'thumbnail': 'https://randomuser.me/api/portraits/thumb/men/14.jpg'}, 'nat': 'FI'}</msg>
<arg>${json_data['results'][0]}</arg>
<doc>Logs the given message with the given level.</doc>
<status status="PASS" start="2024-06-20T12:28:05.095225" elapsed="0.000393"/>
</kw>
<kw name="Log" owner="BuiltIn">
<msg time="2024-06-20T12:28:05.096073" level="INFO">login</msg>
<arg>${key}</arg>
<doc>Logs the given message with the given level.</doc>
<status status="PASS" start="2024-06-20T12:28:05.095943" elapsed="0.000168"/>
</kw>
<var name="${key}">login</var>
<status status="PASS" start="2024-06-20T12:28:05.094556" elapsed="0.001774"/>
</iter>
<var>${key}</var>
<value>@{expected_keys}</value>
<status status="PASS" start="2024-06-20T12:28:05.086578" elapsed="0.009897"/>
</for>
<kw name="Create List" owner="BuiltIn">
<msg time="2024-06-20T12:28:05.096809" level="INFO">${expected_keysTwo} = ['username', 'password']</msg>
<var>${expected_keysTwo}</var>
<arg>username</arg>
<arg>password</arg>
<doc>Returns a list containing given items.</doc>
<status status="PASS" start="2024-06-20T12:28:05.096672" elapsed="0.000161"/>
</kw>
<for flavor="IN">
<iter>
<kw name="Dictionary Should Contain Key" owner="Collections">
<arg>${json_data['results'][0]['login']}</arg>
<arg>${keyTwo}</arg>
<doc>Fails if ``key`` is not found from ``dictionary``.</doc>
<status status="PASS" start="2024-06-20T12:28:05.097328" elapsed="0.000388"/>
</kw>
<kw name="Dictionary Should Contain Key" owner="Collections">
<arg>${json_data['results'][0]['login']}</arg>
<arg>${keyTwo}</arg>
<doc>Fails if ``key`` is not found from ``dictionary``.</doc>
<status status="PASS" start="2024-06-20T12:28:05.097897" elapsed="0.000367"/>
</kw>
<kw name="Log" owner="BuiltIn">
<msg time="2024-06-20T12:28:05.098558" level="INFO">username</msg>
<arg>${keyTwo}</arg>
<doc>Logs the given message with the given level.</doc>
<status status="PASS" start="2024-06-20T12:28:05.098438" elapsed="0.000156"/>
</kw>
<var name="${keyTwo}">username</var>
<status status="PASS" start="2024-06-20T12:28:05.097222" elapsed="0.001594"/>
</iter>
<iter>
<kw name="Dictionary Should Contain Key" owner="Collections">
<arg>${json_data['results'][0]['login']}</arg>
<arg>${keyTwo}</arg>
<doc>Fails if ``key`` is not found from ``dictionary``.</doc>
<status status="PASS" start="2024-06-20T12:28:05.099089" elapsed="0.000388"/>
</kw>
<kw name="Dictionary Should Contain Key" owner="Collections">
<arg>${json_data['results'][0]['login']}</arg>
<arg>${keyTwo}</arg>
<doc>Fails if ``key`` is not found from ``dictionary``.</doc>
<status status="PASS" start="2024-06-20T12:28:05.099653" elapsed="0.000419"/>
</kw>
<kw name="Log" owner="BuiltIn">
<msg time="2024-06-20T12:28:05.100372" level="INFO">password</msg>
<arg>${keyTwo}</arg>
<doc>Logs the given message with the given level.</doc>
<status status="PASS" start="2024-06-20T12:28:05.100251" elapsed="0.000158"/>
</kw>
<var name="${keyTwo}">password</var>
<status status="PASS" start="2024-06-20T12:28:05.098985" elapsed="0.001736"/>
</iter>
<var>${keyTwo}</var>
<value>@{expected_keysTwo}</value>
<status status="PASS" start="2024-06-20T12:28:05.097069" elapsed="0.003774"/>
</for>
<status status="PASS" start="2024-06-20T12:28:04.976598" elapsed="0.124386"/>
</kw>
<doc>Testa a estrutura da resposta da API.</doc>
<tag>testeEstruturaResposta</tag>
<status status="PASS" start="2024-06-20T12:28:04.976100" elapsed="0.125041"/>
</test>
<test id="s1-s1-t4" name="Validar tipos de dados" line="28">
<kw name="Teste de Tipos de Dados" owner="random-user-service">
<kw name="GET On Session" owner="RequestsLibrary">
<msg time="2024-06-20T12:28:05.144331" level="INFO">GET Request : url=https://randomuser.me/api 
 path_url=/api 
 headers={'User-Agent': 'python-requests/2.32.3', 'Accept-Encoding': 'gzip, deflate', 'Accept': '*/*', 'Connection': 'keep-alive'} 
 body=None 
 </msg>
<msg time="2024-06-20T12:28:05.144408" level="INFO">GET Response : url=https://randomuser.me/api 
 status=200, reason=OK 
 headers={'Date': 'Thu, 20 Jun 2024 12:28:05 GMT', 'Content-Type': 'application/json; charset=utf-8', 'Transfer-Encoding': 'chunked', 'Connection': 'keep-alive', 'X-Powered-By': 'Express', 'Access-Control-Allow-Origin': '*', 'Cache-Control': 'no-cache', 'ETag': 'W/"4a1-lqcSoRN+6fkbl7jmMEMFLvRC4l0"', 'Vary': 'Accept-Encoding', 'Content-Encoding': 'gzip', 'CF-Cache-Status': 'DYNAMIC', 'Report-To': '{"endpoints":[{"url":"https:\\/\\/a.nel.cloudflare.com\\/report\\/v4?s=A%2FUtK3%2FkUYqo3wU4ysIWYQ9iRc%2Fuvl%2B4mcShzZdoBoUmv8KW1xxfUiWZx3iZneqTEuqTZtpaFu6mCthcRThKSmk1LEFgBH0jM2orRP5r%2FeXukPpYQlX8vKGThYYILn7C"}],"group":"cf-nel","max_age":604800}', 'NEL': '{"success_fraction":0,"report_to":"cf-nel","max_age":604800}', 'Server': 'cloudflare', 'CF-RAY': '896bc1b3fbb42d10-IAD', 'alt-svc': 'h3=":443"; ma=86400'} 
 body={"results":[{"gender":"male","name":{"title":"Mr","first":"Augustin","last":"Joly"},"location":{"street":{"number":3658,"name":"Rue Abel-Hovelacque"},"city":"Saint-Pierre","state":"Gironde","country":"France","postcode":34283,"coordinates":{"latitude":"-19.5274","longitude":"-23.2327"},"timezone":{"offset":"+9:00","description":"Tokyo, Seoul, Osaka, Sapporo, Yakutsk"}},"email":"augustin.joly@example.com","login":{"uuid":"17e55d54-a427-41cd-a2a4-b1423b36a84e","username":"purplefish774","password":"bobby","salt":"OrjDgX2x","md5":"dcbf7f4f386f98e623504a523b25f9a5","sha1":"faf0f56ea8303bab2a5191a785ce1b74ce29f446","sha256":"19ac81e44272388c1275c8f89d2a2add79a666a1156b6b6a030ab25eb51ce322"},"dob":{"date":"1949-06-19T12:40:02.906Z","age":75},"registered":{"date":"2007-06-15T10:33:16.367Z","age":17},"phone":"02-72-36-52-94","cell":"06-13-55-73-55","id":{"name":"INSEE","value":"1490577379132 53"},"picture":{"large":"https://randomuser.me/api/portraits/men/15.jpg","medium":"https://randomuser.me/api/portraits/med/men/15.jpg","thumbnail":"https://randomuser.me/api/portraits/thumb/men/15.jpg"},"nat":"FR"}],"info":{"seed":"ecb67b2a96871410","results":1,"page":1,"version":"1.4"}} 
 </msg>
<msg time="2024-06-20T12:28:05.144477" level="INFO">/opt/hostedtoolcache/Python/3.12.4/x64/lib/python3.12/site-packages/urllib3/connectionpool.py:1099: InsecureRequestWarning: Unverified HTTPS request is being made to host 'randomuser.me'. Adding certificate verification is strongly advised. See: https://urllib3.readthedocs.io/en/latest/advanced-usage.html#tls-warnings
  warnings.warn(</msg>
<msg time="2024-06-20T12:28:05.144594" level="INFO">${response} = &lt;Response [200]&gt;</msg>
<var>${response}</var>
<arg>consultarAPI</arg>
<arg>/api</arg>
<doc>Sends a GET request on a previously created HTTP Session.</doc>
<status status="PASS" start="2024-06-20T12:28:05.103559" elapsed="0.041083"/>
</kw>
<kw name="Set Variable" owner="BuiltIn">
<msg time="2024-06-20T12:28:05.145663" level="INFO">${json_data} = {'results': [{'gender': 'male', 'name': {'title': 'Mr', 'first': 'Augustin', 'last': 'Joly'}, 'location': {'street': {'number': 3658, 'name': 'Rue Abel-Hovelacque'}, 'city': 'Saint-Pierre', 'state': '...</msg>
<var>${json_data}</var>
<arg>${response.json()}</arg>
<doc>Returns the given values which can then be assigned to a variables.</doc>
<status status="PASS" start="2024-06-20T12:28:05.145109" elapsed="0.000582"/>
</kw>
<kw name="Log" owner="BuiltIn">
<msg time="2024-06-20T12:28:05.146147" level="INFO">{'results': [{'gender': 'male', 'name': {'title': 'Mr', 'first': 'Augustin', 'last': 'Joly'}, 'location': {'street': {'number': 3658, 'name': 'Rue Abel-Hovelacque'}, 'city': 'Saint-Pierre', 'state': 'Gironde', 'country': 'France', 'postcode': 34283, 'coordinates': {'latitude': '-19.5274', 'longitude': '-23.2327'}, 'timezone': {'offset': '+9:00', 'description': 'Tokyo, Seoul, Osaka, Sapporo, Yakutsk'}}, 'email': 'augustin.joly@example.com', 'login': {'uuid': '17e55d54-a427-41cd-a2a4-b1423b36a84e', 'username': 'purplefish774', 'password': 'bobby', 'salt': 'OrjDgX2x', 'md5': 'dcbf7f4f386f98e623504a523b25f9a5', 'sha1': 'faf0f56ea8303bab2a5191a785ce1b74ce29f446', 'sha256': '19ac81e44272388c1275c8f89d2a2add79a666a1156b6b6a030ab25eb51ce322'}, 'dob': {'date': '1949-06-19T12:40:02.906Z', 'age': 75}, 'registered': {'date': '2007-06-15T10:33:16.367Z', 'age': 17}, 'phone': '02-72-36-52-94', 'cell': '06-13-55-73-55', 'id': {'name': 'INSEE', 'value': '1490577379132 53'}, 'picture': {'large': 'https://randomuser.me/api/portraits/men/15.jpg', 'medium': 'https://randomuser.me/api/portraits/med/men/15.jpg', 'thumbnail': 'https://randomuser.me/api/portraits/thumb/men/15.jpg'}, 'nat': 'FR'}], 'info': {'seed': 'ecb67b2a96871410', 'results': 1, 'page': 1, 'version': '1.4'}}</msg>
<arg>${json_data}</arg>
<doc>Logs the given message with the given level.</doc>
<status status="PASS" start="2024-06-20T12:28:05.145995" elapsed="0.000199"/>
</kw>
<kw name="Should Be String" owner="String">
<arg>${json_data['results'][0]['gender']}</arg>
<doc>Fails if the given ``item`` is not a string.</doc>
<status status="PASS" start="2024-06-20T12:28:05.146480" elapsed="0.000374"/>
</kw>
<kw name="Should Match Regexp" owner="BuiltIn">
<arg>${json_data['results'][0]['email']}</arg>
<arg>^[a-zA-Z0-9._%+-]+@[a-zA-Z0-9.-]+\.[a-zA-Z]{2,}$</arg>
<doc>Fails if ``string`` does not match ``pattern`` as a regular expression.</doc>
<status status="PASS" start="2024-06-20T12:28:05.147076" elapsed="0.000517"/>
</kw>
<kw name="Should Match Regexp" owner="BuiltIn">
<arg>${json_data['results'][0]['dob']['date']}</arg>
<arg>\\d{4}-\\d{2}-\\d{2}T\\d{2}:\\d{2}:\\d{2}\\.\\d{3}Z</arg>
<doc>Fails if ``string`` does not match ``pattern`` as a regular expression.</doc>
<status status="PASS" start="2024-06-20T12:28:05.147819" elapsed="0.000493"/>
</kw>
<kw name="Should Match Regexp" owner="BuiltIn">
<arg>${json_data['results'][0]['registered']['date']}</arg>
<arg>\\d{4}-\\d{2}-\\d{2}T\\d{2}:\\d{2}:\\d{2}\\.\\d{3}Z</arg>
<doc>Fails if ``string`` does not match ``pattern`` as a regular expression.</doc>
<status status="PASS" start="2024-06-20T12:28:05.148500" elapsed="0.000375"/>
</kw>
<kw name="Should Match Regexp" owner="BuiltIn">
<arg>${json_data['results'][0]['picture']['large']}</arg>
<arg>^https?://.*\.(?:png|jpe?g|gif|bmp)$</arg>
<doc>Fails if ``string`` does not match ``pattern`` as a regular expression.</doc>
<status status="PASS" start="2024-06-20T12:28:05.149059" elapsed="0.000457"/>
</kw>
<kw name="Should Match Regexp" owner="BuiltIn">
<arg>${json_data['results'][0]['picture']['medium']}</arg>
<arg>^https?://.*\.(?:png|jpe?g|gif|bmp)$</arg>
<doc>Fails if ``string`` does not match ``pattern`` as a regular expression.</doc>
<status status="PASS" start="2024-06-20T12:28:05.149701" elapsed="0.000351"/>
</kw>
<kw name="Should Match Regexp" owner="BuiltIn">
<arg>${json_data['results'][0]['picture']['thumbnail']}</arg>
<arg>^https?://.*\.(?:png|jpe?g|gif|bmp)$</arg>
<doc>Fails if ``string`` does not match ``pattern`` as a regular expression.</doc>
<status status="PASS" start="2024-06-20T12:28:05.150233" elapsed="0.000356"/>
</kw>
<kw name="Log" owner="BuiltIn">
<msg time="2024-06-20T12:28:05.151089" level="INFO">{'large': 'https://randomuser.me/api/portraits/men/15.jpg', 'medium': 'https://randomuser.me/api/portraits/med/men/15.jpg', 'thumbnail': 'https://randomuser.me/api/portraits/thumb/men/15.jpg'}</msg>
<arg>${json_data['results'][0]['picture']}</arg>
<doc>Logs the given message with the given level.</doc>
<status status="PASS" start="2024-06-20T12:28:05.150767" elapsed="0.000365"/>
</kw>
<status status="PASS" start="2024-06-20T12:28:05.103339" elapsed="0.048046"/>
</kw>
<kw name="Teste de Tipos de Dados - Postcode" owner="random-user-service">
<kw name="GET On Session" owner="RequestsLibrary">
<msg time="2024-06-20T12:28:05.259889" level="INFO">GET Request : url=https://randomuser.me/api 
 path_url=/api 
 headers={'User-Agent': 'python-requests/2.32.3', 'Accept-Encoding': 'gzip, deflate', 'Accept': '*/*', 'Connection': 'keep-alive'} 
 body=None 
 </msg>
<msg time="2024-06-20T12:28:05.259970" level="INFO">GET Response : url=https://randomuser.me/api 
 status=200, reason=OK 
 headers={'Date': 'Thu, 20 Jun 2024 12:28:05 GMT', 'Content-Type': 'application/json; charset=utf-8', 'Transfer-Encoding': 'chunked', 'Connection': 'keep-alive', 'X-Powered-By': 'Express', 'Access-Control-Allow-Origin': '*', 'Cache-Control': 'no-cache', 'ETag': 'W/"48e-rPOKe7O6VVIEKRpt4rHLIjxneag"', 'Vary': 'Accept-Encoding', 'Content-Encoding': 'gzip', 'CF-Cache-Status': 'DYNAMIC', 'Report-To': '{"endpoints":[{"url":"https:\\/\\/a.nel.cloudflare.com\\/report\\/v4?s=MxtP4eSPhsFzz0w9rMPUWp9rqiN9TequcwYH0jwOS0190pKAdjwfZXzqWXt3%2FWrvXp1ZF0xKbTkZ0d5apXpVHA1MAzdsHRztZ6OAmR1wjhbAVUYcVrj2b%2FCOsOm5RzFv"}],"group":"cf-nel","max_age":604800}', 'NEL': '{"success_fraction":0,"report_to":"cf-nel","max_age":604800}', 'Server': 'cloudflare', 'CF-RAY': '896bc1b43c292d10-IAD', 'alt-svc': 'h3=":443"; ma=86400'} 
 body={"results":[{"gender":"female","name":{"title":"Mrs","first":"Annabelle","last":"White"},"location":{"street":{"number":7723,"name":"Tay Street"},"city":"Auckland","state":"Nelson","country":"New Zealand","postcode":25388,"coordinates":{"latitude":"49.3489","longitude":"14.2713"},"timezone":{"offset":"-4:00","description":"Atlantic Time (Canada), Caracas, La Paz"}},"email":"annabelle.white@example.com","login":{"uuid":"1d64cd07-2491-4365-b252-28740dc067af","username":"bigcat586","password":"fishbone","salt":"pJhozvQl","md5":"b9ccac9fb385892b847e61e46839fd1d","sha1":"7286bd1ec77f7d8a3a00cd93d6e7b6a227a2dda4","sha256":"ed9fd4f155fa1f9abfb9f3ce4a0e85fc6a8a2b003b4497f83d20c52837fc57c0"},"dob":{"date":"1970-08-05T05:02:52.619Z","age":53},"registered":{"date":"2007-04-10T18:40:30.784Z","age":17},"phone":"(870)-346-9530","cell":"(780)-401-1950","id":{"name":"","value":null},"picture":{"large":"https://randomuser.me/api/portraits/women/5.jpg","medium":"https://randomuser.me/api/portraits/med/women/5.jpg","thumbnail":"https://randomuser.me/api/portraits/thumb/women/5.jpg"},"nat":"NZ"}],"info":{"seed":"6dd47a89b35d2f2c","results":1,"page":1,"version":"1.4"}} 
 </msg>
<msg time="2024-06-20T12:28:05.260037" level="INFO">/opt/hostedtoolcache/Python/3.12.4/x64/lib/python3.12/site-packages/urllib3/connectionpool.py:1099: InsecureRequestWarning: Unverified HTTPS request is being made to host 'randomuser.me'. Adding certificate verification is strongly advised. See: https://urllib3.readthedocs.io/en/latest/advanced-usage.html#tls-warnings
  warnings.warn(</msg>
<msg time="2024-06-20T12:28:05.260123" level="INFO">${response} = &lt;Response [200]&gt;</msg>
<var>${response}</var>
<arg>consultarAPI</arg>
<arg>/api</arg>
<doc>Sends a GET request on a previously created HTTP Session.</doc>
<status status="PASS" start="2024-06-20T12:28:05.151845" elapsed="0.108318"/>
</kw>
<kw name="Set Variable" owner="BuiltIn">
<msg time="2024-06-20T12:28:05.261201" level="INFO">${json_data} = {'results': [{'gender': 'female', 'name': {'title': 'Mrs', 'first': 'Annabelle', 'last': 'White'}, 'location': {'street': {'number': 7723, 'name': 'Tay Street'}, 'city': 'Auckland', 'state': 'Nelson',...</msg>
<var>${json_data}</var>
<arg>${response.json()}</arg>
<doc>Returns the given values which can then be assigned to a variables.</doc>
<status status="PASS" start="2024-06-20T12:28:05.260639" elapsed="0.000590"/>
</kw>
<kw name="Log" owner="BuiltIn">
<msg time="2024-06-20T12:28:05.261687" level="INFO">{'results': [{'gender': 'female', 'name': {'title': 'Mrs', 'first': 'Annabelle', 'last': 'White'}, 'location': {'street': {'number': 7723, 'name': 'Tay Street'}, 'city': 'Auckland', 'state': 'Nelson', 'country': 'New Zealand', 'postcode': 25388, 'coordinates': {'latitude': '49.3489', 'longitude': '14.2713'}, 'timezone': {'offset': '-4:00', 'description': 'Atlantic Time (Canada), Caracas, La Paz'}}, 'email': 'annabelle.white@example.com', 'login': {'uuid': '1d64cd07-2491-4365-b252-28740dc067af', 'username': 'bigcat586', 'password': 'fishbone', 'salt': 'pJhozvQl', 'md5': 'b9ccac9fb385892b847e61e46839fd1d', 'sha1': '7286bd1ec77f7d8a3a00cd93d6e7b6a227a2dda4', 'sha256': 'ed9fd4f155fa1f9abfb9f3ce4a0e85fc6a8a2b003b4497f83d20c52837fc57c0'}, 'dob': {'date': '1970-08-05T05:02:52.619Z', 'age': 53}, 'registered': {'date': '2007-04-10T18:40:30.784Z', 'age': 17}, 'phone': '(870)-346-9530', 'cell': '(780)-401-1950', 'id': {'name': '', 'value': None}, 'picture': {'large': 'https://randomuser.me/api/portraits/women/5.jpg', 'medium': 'https://randomuser.me/api/portraits/med/women/5.jpg', 'thumbnail': 'https://randomuser.me/api/portraits/thumb/women/5.jpg'}, 'nat': 'NZ'}], 'info': {'seed': '6dd47a89b35d2f2c', 'results': 1, 'page': 1, 'version': '1.4'}}</msg>
<arg>${json_data}</arg>
<doc>Logs the given message with the given level.</doc>
<status status="PASS" start="2024-06-20T12:28:05.261529" elapsed="0.000207"/>
</kw>
<kw name="Should Be Equal As Numbers" owner="BuiltIn">
<arg>${json_data['results'][0]['location']['postcode']}</arg>
<arg>${json_data['results'][0]['location']['postcode']}</arg>
<doc>Fails if objects are unequal after converting them to real numbers.</doc>
<status status="PASS" start="2024-06-20T12:28:05.262036" elapsed="0.000611"/>
</kw>
<kw name="Log" owner="BuiltIn">
<msg time="2024-06-20T12:28:05.263328" level="INFO">25388</msg>
<arg>${json_data['results'][0]['location']['postcode']}</arg>
<doc>Logs the given message with the given level.</doc>
<status status="PASS" start="2024-06-20T12:28:05.262864" elapsed="0.000505"/>
</kw>
<status status="PASS" start="2024-06-20T12:28:05.151595" elapsed="0.112026"/>
</kw>
<doc>Testa se os tipos de dados na resposta da API estão corretos.</doc>
<tag>testeTiposDados</tag>
<status status="PASS" start="2024-06-20T12:28:05.102902" elapsed="0.160919"/>
</test>
<test id="s1-s1-t5" name="Validar conteudo" line="35">
<kw name="Teste de Tipos de Conteudo" owner="random-user-service">
<kw name="GET On Session" owner="RequestsLibrary">
<msg time="2024-06-20T12:28:05.365342" level="INFO">GET Request : url=https://randomuser.me/api 
 path_url=/api 
 headers={'User-Agent': 'python-requests/2.32.3', 'Accept-Encoding': 'gzip, deflate', 'Accept': '*/*', 'Connection': 'keep-alive'} 
 body=None 
 </msg>
<msg time="2024-06-20T12:28:05.365417" level="INFO">GET Response : url=https://randomuser.me/api 
 status=200, reason=OK 
 headers={'Date': 'Thu, 20 Jun 2024 12:28:05 GMT', 'Content-Type': 'application/json; charset=utf-8', 'Transfer-Encoding': 'chunked', 'Connection': 'keep-alive', 'X-Powered-By': 'Express', 'Access-Control-Allow-Origin': '*', 'Cache-Control': 'no-cache', 'ETag': 'W/"498-Fiyw6YrIsKndqd/LP21eFO7OfU4"', 'Vary': 'Accept-Encoding', 'Content-Encoding': 'gzip', 'CF-Cache-Status': 'DYNAMIC', 'Report-To': '{"endpoints":[{"url":"https:\\/\\/a.nel.cloudflare.com\\/report\\/v4?s=rzpTFpGvkbg3z9l6nykFXYZKPesO%2BA5JYvsMPYkJffvJO%2B3yK6L3dUa%2FkLKyEMy0xm%2BTHE%2F2T2YAwk1vO6GFmNr79%2BIUM984s8phOfVd0mG6n6wK6m5b422JaHNsKyZU"}],"group":"cf-nel","max_age":604800}', 'NEL': '{"success_fraction":0,"report_to":"cf-nel","max_age":604800}', 'Server': 'cloudflare', 'CF-RAY': '896bc1b4fd2d2d10-IAD', 'alt-svc': 'h3=":443"; ma=86400'} 
 body={"results":[{"gender":"male","name":{"title":"Mr","first":"Truls","last":"Dalhaug"},"location":{"street":{"number":6231,"name":"Christian Krohgs gate"},"city":"Vigrestad","state":"Rogaland","country":"Norway","postcode":"6927","coordinates":{"latitude":"41.3750","longitude":"-52.7956"},"timezone":{"offset":"0:00","description":"Western Europe Time, London, Lisbon, Casablanca"}},"email":"truls.dalhaug@example.com","login":{"uuid":"e2792eac-c31d-4eeb-9da1-3724552684df","username":"redbutterfly304","password":"space","salt":"Wpf243T1","md5":"4919b26841ad0239a10e37dfc2946a49","sha1":"13d1838b97ec4f23ee201e63601dce0342c29cb2","sha256":"072c6209afd9c972be9fdc8eb298d6563807a6e77cb0f755b22281ce80bbf6f9"},"dob":{"date":"1971-03-05T02:29:16.682Z","age":53},"registered":{"date":"2005-05-17T19:56:10.305Z","age":19},"phone":"33145289","cell":"44106518","id":{"name":"FN","value":"05037130305"},"picture":{"large":"https://randomuser.me/api/portraits/men/26.jpg","medium":"https://randomuser.me/api/portraits/med/men/26.jpg","thumbnail":"https://randomuser.me/api/portraits/thumb/men/26.jpg"},"nat":"NO"}],"info":{"seed":"1434ab5493e9b061","results":1,"page":1,"version":"1.4"}} 
 </msg>
<msg time="2024-06-20T12:28:05.365478" level="INFO">/opt/hostedtoolcache/Python/3.12.4/x64/lib/python3.12/site-packages/urllib3/connectionpool.py:1099: InsecureRequestWarning: Unverified HTTPS request is being made to host 'randomuser.me'. Adding certificate verification is strongly advised. See: https://urllib3.readthedocs.io/en/latest/advanced-usage.html#tls-warnings
  warnings.warn(</msg>
<msg time="2024-06-20T12:28:05.365582" level="INFO">${response} = &lt;Response [200]&gt;</msg>
<var>${response}</var>
<arg>consultarAPI</arg>
<arg>/api</arg>
<doc>Sends a GET request on a previously created HTTP Session.</doc>
<status status="PASS" start="2024-06-20T12:28:05.266555" elapsed="0.099069"/>
</kw>
<kw name="Set Variable" owner="BuiltIn">
<msg time="2024-06-20T12:28:05.366687" level="INFO">${json_data} = {'results': [{'gender': 'male', 'name': {'title': 'Mr', 'first': 'Truls', 'last': 'Dalhaug'}, 'location': {'street': {'number': 6231, 'name': 'Christian Krohgs gate'}, 'city': 'Vigrestad', 'state': 'R...</msg>
<var>${json_data}</var>
<arg>${response.json()}</arg>
<doc>Returns the given values which can then be assigned to a variables.</doc>
<status status="PASS" start="2024-06-20T12:28:05.366144" elapsed="0.000571"/>
</kw>
<kw name="Set Variable" owner="BuiltIn">
<msg time="2024-06-20T12:28:05.367410" level="INFO">${name_title} = Mr</msg>
<var>${name_title}</var>
<arg>${json_data["results"][0]["name"]["title"]}</arg>
<doc>Returns the given values which can then be assigned to a variables.</doc>
<status status="PASS" start="2024-06-20T12:28:05.367023" elapsed="0.000413"/>
</kw>
<kw name="Create List" owner="BuiltIn">
<msg time="2024-06-20T12:28:05.367924" level="INFO">${allowed_titles} = ['Mr', 'Ms', 'Miss', 'Mrs', 'Madame', 'Monsieur']</msg>
<var>${allowed_titles}</var>
<arg>Mr</arg>
<arg>Ms</arg>
<arg>Miss</arg>
<arg>Mrs</arg>
<arg>Madame</arg>
<arg>Monsieur</arg>
<doc>Returns a list containing given items.</doc>
<status status="PASS" start="2024-06-20T12:28:05.367764" elapsed="0.000184"/>
</kw>
<kw name="List Should Contain Value" owner="Collections">
<arg>${allowed_titles}</arg>
<arg>${name_title}</arg>
<doc>Fails if the ``value`` is not found from ``list``.</doc>
<status status="PASS" start="2024-06-20T12:28:05.368250" elapsed="0.000177"/>
</kw>
<kw name="Set Variable" owner="BuiltIn">
<msg time="2024-06-20T12:28:05.368973" level="INFO">${name_country} = NO</msg>
<var>${name_country}</var>
<arg>${json_data["results"][0]["nat"]}</arg>
<doc>Returns the given values which can then be assigned to a variables.</doc>
<status status="PASS" start="2024-06-20T12:28:05.368603" elapsed="0.000395"/>
</kw>
<kw name="Create List" owner="BuiltIn">
<msg time="2024-06-20T12:28:05.369875" level="INFO">${list_country} = ['AD', 'AE', 'AF', 'AG', 'AI', 'AL', 'AM', 'AO', 'AQ', 'AR', 'AS', 'AT', 'AU', 'AW', 'AX', 'AZ', 'BA', 'BB', 'BD', 'BE', 'BF', 'BG', 'BH', 'BI', 'BJ', 'BL', 'BM', 'BN', 'BO', 'BQ', 'BR', 'BS', 'BT', '...</msg>
<var>${list_country}</var>
<arg>AD</arg>
<arg>AE</arg>
<arg>AF</arg>
<arg>AG</arg>
<arg>AI</arg>
<arg>AL</arg>
<arg>AM</arg>
<arg>AO</arg>
<arg>AQ</arg>
<arg>AR</arg>
<arg>AS</arg>
<arg>AT</arg>
<arg>AU</arg>
<arg>AW</arg>
<arg>AX</arg>
<arg>AZ</arg>
<arg>BA</arg>
<arg>BB</arg>
<arg>BD</arg>
<arg>BE</arg>
<arg>BF</arg>
<arg>BG</arg>
<arg>BH</arg>
<arg>BI</arg>
<arg>BJ</arg>
<arg>BL</arg>
<arg>BM</arg>
<arg>BN</arg>
<arg>BO</arg>
<arg>BQ</arg>
<arg>BR</arg>
<arg>BS</arg>
<arg>BT</arg>
<arg>BV</arg>
<arg>BW</arg>
<arg>BY</arg>
<arg>BZ</arg>
<arg>CA</arg>
<arg>CC</arg>
<arg>CD</arg>
<arg>CF</arg>
<arg>CG</arg>
<arg>CH</arg>
<arg>CI</arg>
<arg>CK</arg>
<arg>CL</arg>
<arg>CM</arg>
<arg>CN</arg>
<arg>CO</arg>
<arg>CR</arg>
<arg>CU</arg>
<arg>CV</arg>
<arg>CW</arg>
<arg>CX</arg>
<arg>CY</arg>
<arg>CZ</arg>
<arg>DE</arg>
<arg>DJ</arg>
<arg>DK</arg>
<arg>DM</arg>
<arg>DO</arg>
<arg>DZ</arg>
<arg>EC</arg>
<arg>EE</arg>
<arg>EG</arg>
<arg>EH</arg>
<arg>ER</arg>
<arg>ES</arg>
<arg>ET</arg>
<arg>FI</arg>
<arg>FJ</arg>
<arg>FK</arg>
<arg>FM</arg>
<arg>FO</arg>
<arg>FR</arg>
<arg>GA</arg>
<arg>GB</arg>
<arg>GD</arg>
<arg>GE</arg>
<arg>GF</arg>
<arg>GG</arg>
<arg>GH</arg>
<arg>GI</arg>
<arg>GL</arg>
<arg>GM</arg>
<arg>GN</arg>
<arg>GP</arg>
<arg>GQ</arg>
<arg>GR</arg>
<arg>GS</arg>
<arg>GT</arg>
<arg>GU</arg>
<arg>GW</arg>
<arg>GY</arg>
<arg>HK</arg>
<arg>HM</arg>
<arg>HN</arg>
<arg>HR</arg>
<arg>HT</arg>
<arg>HU</arg>
<arg>ID</arg>
<arg>IE</arg>
<arg>IL</arg>
<arg>IM</arg>
<arg>IN</arg>
<arg>IO</arg>
<arg>IQ</arg>
<arg>IR</arg>
<arg>IS</arg>
<arg>IT</arg>
<arg>JE</arg>
<arg>JM</arg>
<arg>JO</arg>
<arg>JP</arg>
<arg>KE</arg>
<arg>KG</arg>
<arg>KH</arg>
<arg>KI</arg>
<arg>KM</arg>
<arg>KN</arg>
<arg>KP</arg>
<arg>KR</arg>
<arg>KW</arg>
<arg>KY</arg>
<arg>KZ</arg>
<arg>LA</arg>
<arg>LB</arg>
<arg>LC</arg>
<arg>LI</arg>
<arg>LK</arg>
<arg>LR</arg>
<arg>LS</arg>
<arg>LT</arg>
<arg>LU</arg>
<arg>LV</arg>
<arg>LY</arg>
<arg>MA</arg>
<arg>MC</arg>
<arg>MD</arg>
<arg>ME</arg>
<arg>MF</arg>
<arg>MG</arg>
<arg>MH</arg>
<arg>MK</arg>
<arg>ML</arg>
<arg>MM</arg>
<arg>MN</arg>
<arg>MO</arg>
<arg>MP</arg>
<arg>MQ</arg>
<arg>MR</arg>
<arg>MS</arg>
<arg>MT</arg>
<arg>MU</arg>
<arg>MV</arg>
<arg>MW</arg>
<arg>MX</arg>
<arg>MY</arg>
<arg>MZ</arg>
<arg>NA</arg>
<arg>NC</arg>
<arg>NE</arg>
<arg>NF</arg>
<arg>NG</arg>
<arg>NI</arg>
<arg>NL</arg>
<arg>NO</arg>
<arg>NP</arg>
<arg>NR</arg>
<arg>NU</arg>
<arg>NZ</arg>
<arg>OM</arg>
<arg>PA</arg>
<arg>PE</arg>
<arg>PF</arg>
<arg>PG</arg>
<arg>PH</arg>
<arg>PK</arg>
<arg>PL</arg>
<arg>PM</arg>
<arg>PN</arg>
<arg>PR</arg>
<arg>PS</arg>
<arg>PT</arg>
<arg>PW</arg>
<arg>PY</arg>
<arg>QA</arg>
<arg>RE</arg>
<arg>RO</arg>
<arg>RS</arg>
<arg>RU</arg>
<arg>RW</arg>
<arg>SA</arg>
<arg>SB</arg>
<arg>SC</arg>
<arg>SD</arg>
<arg>SE</arg>
<arg>SG</arg>
<arg>SH</arg>
<arg>SI</arg>
<arg>SJ</arg>
<arg>SK</arg>
<arg>SL</arg>
<arg>SM</arg>
<arg>SN</arg>
<arg>SO</arg>
<arg>SR</arg>
<arg>SS</arg>
<arg>ST</arg>
<arg>SV</arg>
<arg>SX</arg>
<arg>SY</arg>
<arg>SZ</arg>
<arg>TC</arg>
<arg>TD</arg>
<arg>TF</arg>
<arg>TG</arg>
<arg>TH</arg>
<arg>TJ</arg>
<arg>TK</arg>
<arg>TL</arg>
<arg>TM</arg>
<arg>TN</arg>
<arg>TO</arg>
<arg>TR</arg>
<arg>TT</arg>
<arg>TV</arg>
<arg>TW</arg>
<arg>TZ</arg>
<arg>UA</arg>
<arg>UG</arg>
<arg>UM</arg>
<arg>US</arg>
<arg>UY</arg>
<arg>UZ</arg>
<arg>VA</arg>
<arg>VC</arg>
<arg>VE</arg>
<arg>VG</arg>
<arg>VI</arg>
<arg>VN</arg>
<arg>VU</arg>
<arg>WF</arg>
<arg>WS</arg>
<arg>XK</arg>
<arg>YE</arg>
<arg>YT</arg>
<arg>ZA</arg>
<arg>ZM</arg>
<arg>ZW</arg>
<doc>Returns a list containing given items.</doc>
<status status="PASS" start="2024-06-20T12:28:05.369284" elapsed="0.000616"/>
</kw>
<kw name="List Should Contain Value" owner="Collections">
<arg>${list_country}</arg>
<arg>${name_country}</arg>
<doc>Fails if the ``value`` is not found from ``list``.</doc>
<status status="PASS" start="2024-06-20T12:28:05.370690" elapsed="0.000203"/>
</kw>
<kw name="Run Keyword If" owner="BuiltIn">
<kw name="Should Be True" owner="BuiltIn">
<arg>${True}</arg>
<doc>Fails if the given condition is not true.</doc>
<status status="PASS" start="2024-06-20T12:28:05.371851" elapsed="0.000144"/>
</kw>
<arg>${json_data["results"][0]["location"]["coordinates"]["latitude"]} &gt;= -90 and ${json_data["results"][0]["location"]["coordinates"]["latitude"]} &lt;= 90</arg>
<arg>Should Be True</arg>
<arg>${True}</arg>
<doc>Runs the given keyword with the given arguments, if ``condition`` is true.</doc>
<status status="PASS" start="2024-06-20T12:28:05.371090" elapsed="0.001030"/>
</kw>
<kw name="Run Keyword If" owner="BuiltIn">
<kw name="Should Be True" owner="BuiltIn">
<arg>${True}</arg>
<doc>Fails if the given condition is not true.</doc>
<status status="PASS" start="2024-06-20T12:28:05.372985" elapsed="0.000236"/>
</kw>
<arg>${json_data["results"][0]["location"]["coordinates"]["longitude"]} &gt;= -180 and ${json_data["results"][0]["location"]["coordinates"]["longitude"]} &lt;= 180</arg>
<arg>Should Be True</arg>
<arg>${True}</arg>
<doc>Runs the given keyword with the given arguments, if ``condition`` is true.</doc>
<status status="PASS" start="2024-06-20T12:28:05.372300" elapsed="0.001049"/>
</kw>
<status status="PASS" start="2024-06-20T12:28:05.266195" elapsed="0.107286"/>
</kw>
<doc>Testa o conteúdo específico dos campos retornados pela API.</doc>
<tag>testeConteudo</tag>
<status status="PASS" start="2024-06-20T12:28:05.265558" elapsed="0.108068"/>
</test>
<status status="PASS" start="2024-06-20T12:28:04.292573" elapsed="1.083005"/>
</suite>
<status status="PASS" start="2024-06-20T12:28:04.278157" elapsed="1.102641"/>
</suite>
<statistics>
<total>
<stat pass="5" fail="0" skip="0">All Tests</stat>
</total>
<tag>
<stat pass="1" fail="0" skip="0">testeConteudo</stat>
<stat pass="1" fail="0" skip="0">testeEstruturaResposta</stat>
<stat pass="1" fail="0" skip="0">testeRequisicaoBasica</stat>
<stat pass="1" fail="0" skip="0">testeTiposDados</stat>
</tag>
<suite>
<stat pass="5" fail="0" skip="0" id="s1" name="Tests">Tests</stat>
<stat pass="5" fail="0" skip="0" id="s1-s1" name="Random-User-Test">Tests.Random-User-Test</stat>
</suite>
</statistics>
<errors>
</errors>
</robot>
