<?xml version="1.0" encoding="UTF-8"?>
<robot generator="Robot 7.0 (Python 3.12.3 on linux)" generated="2024-04-25T23:14:50.460603" rpa="false" schemaversion="5">
<suite id="s1" name="Tests" source="/home/runner/work/DesafioQAItauRogerioJordao/DesafioQAItauRogerioJordao/RamdonUser/tests">
<suite id="s1-s1" name="Random-User-Test" source="/home/runner/work/DesafioQAItauRogerioJordao/DesafioQAItauRogerioJordao/RamdonUser/tests/random-user-test.robot">
<test id="s1-s1-t1" name="Conectar" line="13">
<kw name="Conectar API" owner="random-user-service">
<kw name="Create Session" owner="RequestsLibrary">
<msg time="2024-04-25T23:14:50.817308" level="INFO">Creating Session using : alias=consultarAPI, url=https://randomuser.me/, headers={},                     cookies={}, auth=None, timeout=None, proxies=None, verify=False,                     debug=0 </msg>
<arg>consultarAPI</arg>
<arg>${URL}</arg>
<doc>Create Session: create a HTTP session to a server</doc>
<status status="PASS" start="2024-04-25T23:14:50.817105" elapsed="0.000393"/>
</kw>
<status status="PASS" start="2024-04-25T23:14:50.816112" elapsed="0.001782"/>
</kw>
<status status="PASS" start="2024-04-25T23:14:50.815550" elapsed="0.002537"/>
</test>
<test id="s1-s1-t2" name="Validar retorno 200 e JSON Válido" line="16">
<kw name="Teste de Requisicao Basica" owner="random-user-service">
<kw name="GET On Session" owner="RequestsLibrary">
<msg time="2024-04-25T23:14:50.891180" level="INFO">GET Request : url=https://randomuser.me/api 
 path_url=/api 
 headers={'User-Agent': 'python-requests/2.31.0', 'Accept-Encoding': 'gzip, deflate', 'Accept': '*/*', 'Connection': 'keep-alive'} 
 body=None 
 </msg>
<msg time="2024-04-25T23:14:50.891340" level="INFO">GET Response : url=https://randomuser.me/api 
 status=200, reason=OK 
 headers={'Date': 'Thu, 25 Apr 2024 23:14:50 GMT', 'Content-Type': 'application/json; charset=utf-8', 'Transfer-Encoding': 'chunked', 'Connection': 'keep-alive', 'X-Powered-By': 'Express', 'Access-Control-Allow-Origin': '*', 'Cache-Control': 'no-cache', 'ETag': 'W/"48f-SXnGbXACM8ReTe3BX1MTFsPZ4qg"', 'Vary': 'Accept-Encoding', 'Content-Encoding': 'gzip', 'CF-Cache-Status': 'DYNAMIC', 'Report-To': '{"endpoints":[{"url":"https:\\/\\/a.nel.cloudflare.com\\/report\\/v4?s=AKXj3kWhAhkD9fqVjacRkncFb%2B580FarROKI%2BH7gGwYCe%2FzbvXESOQ3%2BIIdrqOtn%2BAWID3jQdTUTVLnyjlJzE3R4o1aypOan6Pq8MOVNfGNggmiv1bWz8WHu7PfDrS7P"}],"group":"cf-nel","max_age":604800}', 'NEL': '{"success_fraction":0,"report_to":"cf-nel","max_age":604800}', 'Server': 'cloudflare', 'CF-RAY': '87a2081bda2b2015-IAD', 'alt-svc': 'h3=":443"; ma=86400'} 
 body={"results":[{"gender":"male","name":{"title":"Mr","first":"Peder","last":"Wisniewski"},"location":{"street":{"number":5546,"name":"Hjorteveien"},"city":"Klæbu","state":"Troms - Romsa","country":"Norway","postcode":"0586","coordinates":{"latitude":"42.5654","longitude":"-151.8759"},"timezone":{"offset":"+3:00","description":"Baghdad, Riyadh, Moscow, St. Petersburg"}},"email":"peder.wisniewski@example.com","login":{"uuid":"bf8856d0-9762-463b-b7cb-59d73da6b56b","username":"smallpanda423","password":"javelin","salt":"LDylxmTS","md5":"b76954001887915af7d18636aca81225","sha1":"14214b71c7787b0cb1e2fee35b4c5839cfc4f961","sha256":"6ac617538a14d88a9159d9592bba88239504098fbb0cb6390f5469a38a20e741"},"dob":{"date":"1977-09-06T02:02:30.958Z","age":46},"registered":{"date":"2018-08-20T02:53:52.220Z","age":5},"phone":"38647347","cell":"48694082","id":{"name":"FN","value":"06097705389"},"picture":{"large":"https://randomuser.me/api/portraits/men/44.jpg","medium":"https://randomuser.me/api/portraits/med/men/44.jpg","thumbnail":"https://randomuser.me/api/portraits/thumb/men/44.jpg"},"nat":"NO"}],"info":{"seed":"20c4e3fbb6c490d0","results":1,"page":1,"version":"1.4"}} 
 </msg>
<msg time="2024-04-25T23:14:50.891425" level="INFO">/opt/hostedtoolcache/Python/3.12.3/x64/lib/python3.12/site-packages/urllib3/connectionpool.py:1103: InsecureRequestWarning: Unverified HTTPS request is being made to host 'randomuser.me'. Adding certificate verification is strongly advised. See: https://urllib3.readthedocs.io/en/latest/advanced-usage.html#tls-warnings
  warnings.warn(</msg>
<msg time="2024-04-25T23:14:50.891592" level="INFO">${response} = &lt;Response [200]&gt;</msg>
<var>${response}</var>
<arg>consultarAPI</arg>
<arg>/api</arg>
<doc>Sends a GET request on a previously created HTTP Session.</doc>
<status status="PASS" start="2024-04-25T23:14:50.820785" elapsed="0.070848"/>
</kw>
<kw name="Should Be Equal As Numbers" owner="BuiltIn">
<msg time="2024-04-25T23:14:50.892641" level="INFO">Argument types are:
&lt;class 'int'&gt;
&lt;class 'str'&gt;</msg>
<arg>${response.status_code}</arg>
<arg>200</arg>
<doc>Fails if objects are unequal after converting them to real numbers.</doc>
<status status="PASS" start="2024-04-25T23:14:50.892172" elapsed="0.000536"/>
</kw>
<kw name="Log" owner="BuiltIn">
<msg time="2024-04-25T23:14:50.893427" level="INFO">200</msg>
<arg>${response.status_code}</arg>
<doc>Logs the given message with the given level.</doc>
<status status="PASS" start="2024-04-25T23:14:50.893078" elapsed="0.000392"/>
</kw>
<kw name="Set Variable" owner="BuiltIn">
<msg time="2024-04-25T23:14:50.894273" level="INFO">${json_data} = {'results': [{'gender': 'male', 'name': {'title': 'Mr', 'first': 'Peder', 'last': 'Wisniewski'}, 'location': {'street': {'number': 5546, 'name': 'Hjorteveien'}, 'city': 'Klæbu', 'state': 'Troms - Roms...</msg>
<var>${json_data}</var>
<arg>${response.json()}</arg>
<doc>Returns the given values which can then be assigned to a variables.</doc>
<status status="PASS" start="2024-04-25T23:14:50.893811" elapsed="0.000493"/>
</kw>
<kw name="Dictionary Should Contain Key" owner="Collections">
<msg time="2024-04-25T23:14:50.894790" level="INFO">False</msg>
<arg>${json_data}</arg>
<arg>results</arg>
<doc>Fails if ``key`` is not found from ``dictionary``.</doc>
<status status="PASS" start="2024-04-25T23:14:50.894612" elapsed="0.000219"/>
</kw>
<status status="PASS" start="2024-04-25T23:14:50.820539" elapsed="0.074560"/>
</kw>
<doc>Testa se a API responde corretamente e retorna um objeto JSON válido.</doc>
<tag>testeRequisicaoBasica</tag>
<status status="PASS" start="2024-04-25T23:14:50.819979" elapsed="0.075309"/>
</test>
<test id="s1-s1-t3" name="Validar estrutura de resposta" line="22">
<kw name="Teste de Estrutura de Resposta" owner="random-user-service">
<kw name="GET On Session" owner="RequestsLibrary">
<msg time="2024-04-25T23:14:50.991506" level="INFO">GET Request : url=https://randomuser.me/api 
 path_url=/api 
 headers={'User-Agent': 'python-requests/2.31.0', 'Accept-Encoding': 'gzip, deflate', 'Accept': '*/*', 'Connection': 'keep-alive'} 
 body=None 
 </msg>
<msg time="2024-04-25T23:14:50.991610" level="INFO">GET Response : url=https://randomuser.me/api 
 status=200, reason=OK 
 headers={'Date': 'Thu, 25 Apr 2024 23:14:50 GMT', 'Content-Type': 'application/json; charset=utf-8', 'Transfer-Encoding': 'chunked', 'Connection': 'keep-alive', 'X-Powered-By': 'Express', 'Access-Control-Allow-Origin': '*', 'Cache-Control': 'no-cache', 'ETag': 'W/"4b9-Zr4HnV9+5MMGt/VEF+gZMY1Gs4w"', 'Vary': 'Accept-Encoding', 'Content-Encoding': 'gzip', 'CF-Cache-Status': 'DYNAMIC', 'Report-To': '{"endpoints":[{"url":"https:\\/\\/a.nel.cloudflare.com\\/report\\/v4?s=t7lXpqFCgdVch8Hx68nMmTYCM%2BKALntMivM1jD6ARTwPFp77ctYt3LfnKKtr4rJMdhQXgBtkHt4HQI5sXiYfe40z4t54fPt53WUG3P0%2B5iyw6a1SFmMDi9nfKdqKQPjO"}],"group":"cf-nel","max_age":604800}', 'NEL': '{"success_fraction":0,"report_to":"cf-nel","max_age":604800}', 'Server': 'cloudflare', 'CF-RAY': '87a2081c2a8c2015-IAD', 'alt-svc': 'h3=":443"; ma=86400'} 
 body={"results":[{"gender":"female","name":{"title":"Mrs","first":"Magdalena","last":"Collazo"},"location":{"street":{"number":2154,"name":"Peatonal San Marino"},"city":"San José del Cabo","state":"Zacatecas","country":"Mexico","postcode":43231,"coordinates":{"latitude":"28.5150","longitude":"12.8111"},"timezone":{"offset":"-4:00","description":"Atlantic Time (Canada), Caracas, La Paz"}},"email":"magdalena.collazo@example.com","login":{"uuid":"93643cbf-59cf-4057-8ef0-f8e5605dc476","username":"angrywolf563","password":"waterfal","salt":"KW8bwBq7","md5":"401aea57651478737ab413726c113f44","sha1":"ad0753718d2367e378e86e053c001fdd18af4203","sha256":"df16808e4d2fb0206cb1542b117347ec9325bfee6bb96c17639a15f4099e53bd"},"dob":{"date":"1997-07-07T10:43:04.912Z","age":26},"registered":{"date":"2009-09-26T21:49:25.235Z","age":14},"phone":"(603) 882 4304","cell":"(675) 099 7251","id":{"name":"NSS","value":"61 04 88 4030 0"},"picture":{"large":"https://randomuser.me/api/portraits/women/37.jpg","medium":"https://randomuser.me/api/portraits/med/women/37.jpg","thumbnail":"https://randomuser.me/api/portraits/thumb/women/37.jpg"},"nat":"MX"}],"info":{"seed":"b773b42213e59b09","results":1,"page":1,"version":"1.4"}} 
 </msg>
<msg time="2024-04-25T23:14:50.991742" level="INFO">/opt/hostedtoolcache/Python/3.12.3/x64/lib/python3.12/site-packages/urllib3/connectionpool.py:1103: InsecureRequestWarning: Unverified HTTPS request is being made to host 'randomuser.me'. Adding certificate verification is strongly advised. See: https://urllib3.readthedocs.io/en/latest/advanced-usage.html#tls-warnings
  warnings.warn(</msg>
<msg time="2024-04-25T23:14:50.991893" level="INFO">${response} = &lt;Response [200]&gt;</msg>
<var>${response}</var>
<arg>consultarAPI</arg>
<arg>/api</arg>
<doc>Sends a GET request on a previously created HTTP Session.</doc>
<status status="PASS" start="2024-04-25T23:14:50.897959" elapsed="0.093970"/>
</kw>
<kw name="Set Variable" owner="BuiltIn">
<msg time="2024-04-25T23:14:50.992956" level="INFO">${json_data} = {'results': [{'gender': 'female', 'name': {'title': 'Mrs', 'first': 'Magdalena', 'last': 'Collazo'}, 'location': {'street': {'number': 2154, 'name': 'Peatonal San Marino'}, 'city': 'San José del Cabo'...</msg>
<var>${json_data}</var>
<arg>${response.json()}</arg>
<doc>Returns the given values which can then be assigned to a variables.</doc>
<status status="PASS" start="2024-04-25T23:14:50.992419" elapsed="0.000567"/>
</kw>
<kw name="Log" owner="BuiltIn">
<msg time="2024-04-25T23:14:50.993459" level="INFO">{'results': [{'gender': 'female', 'name': {'title': 'Mrs', 'first': 'Magdalena', 'last': 'Collazo'}, 'location': {'street': {'number': 2154, 'name': 'Peatonal San Marino'}, 'city': 'San José del Cabo', 'state': 'Zacatecas', 'country': 'Mexico', 'postcode': 43231, 'coordinates': {'latitude': '28.5150', 'longitude': '12.8111'}, 'timezone': {'offset': '-4:00', 'description': 'Atlantic Time (Canada), Caracas, La Paz'}}, 'email': 'magdalena.collazo@example.com', 'login': {'uuid': '93643cbf-59cf-4057-8ef0-f8e5605dc476', 'username': 'angrywolf563', 'password': 'waterfal', 'salt': 'KW8bwBq7', 'md5': '401aea57651478737ab413726c113f44', 'sha1': 'ad0753718d2367e378e86e053c001fdd18af4203', 'sha256': 'df16808e4d2fb0206cb1542b117347ec9325bfee6bb96c17639a15f4099e53bd'}, 'dob': {'date': '1997-07-07T10:43:04.912Z', 'age': 26}, 'registered': {'date': '2009-09-26T21:49:25.235Z', 'age': 14}, 'phone': '(603) 882 4304', 'cell': '(675) 099 7251', 'id': {'name': 'NSS', 'value': '61 04 88 4030 0'}, 'picture': {'large': 'https://randomuser.me/api/portraits/women/37.jpg', 'medium': 'https://randomuser.me/api/portraits/med/women/37.jpg', 'thumbnail': 'https://randomuser.me/api/portraits/thumb/women/37.jpg'}, 'nat': 'MX'}], 'info': {'seed': 'b773b42213e59b09', 'results': 1, 'page': 1, 'version': '1.4'}}</msg>
<arg>${json_data}</arg>
<doc>Logs the given message with the given level.</doc>
<status status="PASS" start="2024-04-25T23:14:50.993294" elapsed="0.000215"/>
</kw>
<kw name="Dictionary Should Contain Key" owner="Collections">
<msg time="2024-04-25T23:14:50.994024" level="INFO">False</msg>
<arg>${json_data}</arg>
<arg>results</arg>
<doc>Fails if ``key`` is not found from ``dictionary``.</doc>
<status status="PASS" start="2024-04-25T23:14:50.993856" elapsed="0.000205"/>
</kw>
<kw name="Should Not Be Empty" owner="BuiltIn">
<msg time="2024-04-25T23:14:50.994493" level="INFO">Length is 2.</msg>
<arg>${json_data}</arg>
<doc>Verifies that the given item is not empty.</doc>
<status status="PASS" start="2024-04-25T23:14:50.994359" elapsed="0.000338"/>
</kw>
<kw name="Create List" owner="BuiltIn">
<msg time="2024-04-25T23:14:50.995153" level="INFO">${expected_keys} = ['gender', 'name', 'location', 'email', 'login']</msg>
<var>${expected_keys}</var>
<arg>gender</arg>
<arg>name</arg>
<arg>location</arg>
<arg>email</arg>
<arg>login</arg>
<doc>Returns a list containing given items.</doc>
<status status="PASS" start="2024-04-25T23:14:50.994997" elapsed="0.000180"/>
</kw>
<for flavor="IN">
<iter>
<kw name="Dictionary Should Contain Key" owner="Collections">
<msg time="2024-04-25T23:14:50.996162" level="INFO">False</msg>
<arg>${json_data['results'][0]}</arg>
<arg>${key}</arg>
<doc>Fails if ``key`` is not found from ``dictionary``.</doc>
<status status="PASS" start="2024-04-25T23:14:50.995767" elapsed="0.000433"/>
</kw>
<kw name="Log" owner="BuiltIn">
<msg time="2024-04-25T23:14:50.996871" level="INFO">{'gender': 'female', 'name': {'title': 'Mrs', 'first': 'Magdalena', 'last': 'Collazo'}, 'location': {'street': {'number': 2154, 'name': 'Peatonal San Marino'}, 'city': 'San José del Cabo', 'state': 'Zacatecas', 'country': 'Mexico', 'postcode': 43231, 'coordinates': {'latitude': '28.5150', 'longitude': '12.8111'}, 'timezone': {'offset': '-4:00', 'description': 'Atlantic Time (Canada), Caracas, La Paz'}}, 'email': 'magdalena.collazo@example.com', 'login': {'uuid': '93643cbf-59cf-4057-8ef0-f8e5605dc476', 'username': 'angrywolf563', 'password': 'waterfal', 'salt': 'KW8bwBq7', 'md5': '401aea57651478737ab413726c113f44', 'sha1': 'ad0753718d2367e378e86e053c001fdd18af4203', 'sha256': 'df16808e4d2fb0206cb1542b117347ec9325bfee6bb96c17639a15f4099e53bd'}, 'dob': {'date': '1997-07-07T10:43:04.912Z', 'age': 26}, 'registered': {'date': '2009-09-26T21:49:25.235Z', 'age': 14}, 'phone': '(603) 882 4304', 'cell': '(675) 099 7251', 'id': {'name': 'NSS', 'value': '61 04 88 4030 0'}, 'picture': {'large': 'https://randomuser.me/api/portraits/women/37.jpg', 'medium': 'https://randomuser.me/api/portraits/med/women/37.jpg', 'thumbnail': 'https://randomuser.me/api/portraits/thumb/women/37.jpg'}, 'nat': 'MX'}</msg>
<arg>${json_data['results'][0]}</arg>
<doc>Logs the given message with the given level.</doc>
<status status="PASS" start="2024-04-25T23:14:50.996503" elapsed="0.000418"/>
</kw>
<kw name="Log" owner="BuiltIn">
<msg time="2024-04-25T23:14:50.997343" level="INFO">gender</msg>
<arg>${key}</arg>
<doc>Logs the given message with the given level.</doc>
<status status="PASS" start="2024-04-25T23:14:50.997215" elapsed="0.000166"/>
</kw>
<var name="${key}">gender</var>
<status status="PASS" start="2024-04-25T23:14:50.995633" elapsed="0.001964"/>
</iter>
<iter>
<kw name="Dictionary Should Contain Key" owner="Collections">
<msg time="2024-04-25T23:14:50.998319" level="INFO">False</msg>
<arg>${json_data['results'][0]}</arg>
<arg>${key}</arg>
<doc>Fails if ``key`` is not found from ``dictionary``.</doc>
<status status="PASS" start="2024-04-25T23:14:50.997932" elapsed="0.000456"/>
</kw>
<kw name="Log" owner="BuiltIn">
<msg time="2024-04-25T23:14:50.999056" level="INFO">{'gender': 'female', 'name': {'title': 'Mrs', 'first': 'Magdalena', 'last': 'Collazo'}, 'location': {'street': {'number': 2154, 'name': 'Peatonal San Marino'}, 'city': 'San José del Cabo', 'state': 'Zacatecas', 'country': 'Mexico', 'postcode': 43231, 'coordinates': {'latitude': '28.5150', 'longitude': '12.8111'}, 'timezone': {'offset': '-4:00', 'description': 'Atlantic Time (Canada), Caracas, La Paz'}}, 'email': 'magdalena.collazo@example.com', 'login': {'uuid': '93643cbf-59cf-4057-8ef0-f8e5605dc476', 'username': 'angrywolf563', 'password': 'waterfal', 'salt': 'KW8bwBq7', 'md5': '401aea57651478737ab413726c113f44', 'sha1': 'ad0753718d2367e378e86e053c001fdd18af4203', 'sha256': 'df16808e4d2fb0206cb1542b117347ec9325bfee6bb96c17639a15f4099e53bd'}, 'dob': {'date': '1997-07-07T10:43:04.912Z', 'age': 26}, 'registered': {'date': '2009-09-26T21:49:25.235Z', 'age': 14}, 'phone': '(603) 882 4304', 'cell': '(675) 099 7251', 'id': {'name': 'NSS', 'value': '61 04 88 4030 0'}, 'picture': {'large': 'https://randomuser.me/api/portraits/women/37.jpg', 'medium': 'https://randomuser.me/api/portraits/med/women/37.jpg', 'thumbnail': 'https://randomuser.me/api/portraits/thumb/women/37.jpg'}, 'nat': 'MX'}</msg>
<arg>${json_data['results'][0]}</arg>
<doc>Logs the given message with the given level.</doc>
<status status="PASS" start="2024-04-25T23:14:50.998690" elapsed="0.000416"/>
</kw>
<kw name="Log" owner="BuiltIn">
<msg time="2024-04-25T23:14:50.999533" level="INFO">name</msg>
<arg>${key}</arg>
<doc>Logs the given message with the given level.</doc>
<status status="PASS" start="2024-04-25T23:14:50.999404" elapsed="0.000166"/>
</kw>
<var name="${key}">name</var>
<status status="PASS" start="2024-04-25T23:14:50.997807" elapsed="0.001976"/>
</iter>
<iter>
<kw name="Dictionary Should Contain Key" owner="Collections">
<msg time="2024-04-25T23:14:51.000466" level="INFO">False</msg>
<arg>${json_data['results'][0]}</arg>
<arg>${key}</arg>
<doc>Fails if ``key`` is not found from ``dictionary``.</doc>
<status status="PASS" start="2024-04-25T23:14:51.000073" elapsed="0.000430"/>
</kw>
<kw name="Log" owner="BuiltIn">
<msg time="2024-04-25T23:14:51.001170" level="INFO">{'gender': 'female', 'name': {'title': 'Mrs', 'first': 'Magdalena', 'last': 'Collazo'}, 'location': {'street': {'number': 2154, 'name': 'Peatonal San Marino'}, 'city': 'San José del Cabo', 'state': 'Zacatecas', 'country': 'Mexico', 'postcode': 43231, 'coordinates': {'latitude': '28.5150', 'longitude': '12.8111'}, 'timezone': {'offset': '-4:00', 'description': 'Atlantic Time (Canada), Caracas, La Paz'}}, 'email': 'magdalena.collazo@example.com', 'login': {'uuid': '93643cbf-59cf-4057-8ef0-f8e5605dc476', 'username': 'angrywolf563', 'password': 'waterfal', 'salt': 'KW8bwBq7', 'md5': '401aea57651478737ab413726c113f44', 'sha1': 'ad0753718d2367e378e86e053c001fdd18af4203', 'sha256': 'df16808e4d2fb0206cb1542b117347ec9325bfee6bb96c17639a15f4099e53bd'}, 'dob': {'date': '1997-07-07T10:43:04.912Z', 'age': 26}, 'registered': {'date': '2009-09-26T21:49:25.235Z', 'age': 14}, 'phone': '(603) 882 4304', 'cell': '(675) 099 7251', 'id': {'name': 'NSS', 'value': '61 04 88 4030 0'}, 'picture': {'large': 'https://randomuser.me/api/portraits/women/37.jpg', 'medium': 'https://randomuser.me/api/portraits/med/women/37.jpg', 'thumbnail': 'https://randomuser.me/api/portraits/thumb/women/37.jpg'}, 'nat': 'MX'}</msg>
<arg>${json_data['results'][0]}</arg>
<doc>Logs the given message with the given level.</doc>
<status status="PASS" start="2024-04-25T23:14:51.000807" elapsed="0.000413"/>
</kw>
<kw name="Log" owner="BuiltIn">
<msg time="2024-04-25T23:14:51.001637" level="INFO">location</msg>
<arg>${key}</arg>
<doc>Logs the given message with the given level.</doc>
<status status="PASS" start="2024-04-25T23:14:51.001511" elapsed="0.000201"/>
</kw>
<var name="${key}">location</var>
<status status="PASS" start="2024-04-25T23:14:50.999961" elapsed="0.001976"/>
</iter>
<iter>
<kw name="Dictionary Should Contain Key" owner="Collections">
<msg time="2024-04-25T23:14:51.002607" level="INFO">False</msg>
<arg>${json_data['results'][0]}</arg>
<arg>${key}</arg>
<doc>Fails if ``key`` is not found from ``dictionary``.</doc>
<status status="PASS" start="2024-04-25T23:14:51.002223" elapsed="0.000421"/>
</kw>
<kw name="Log" owner="BuiltIn">
<msg time="2024-04-25T23:14:51.003304" level="INFO">{'gender': 'female', 'name': {'title': 'Mrs', 'first': 'Magdalena', 'last': 'Collazo'}, 'location': {'street': {'number': 2154, 'name': 'Peatonal San Marino'}, 'city': 'San José del Cabo', 'state': 'Zacatecas', 'country': 'Mexico', 'postcode': 43231, 'coordinates': {'latitude': '28.5150', 'longitude': '12.8111'}, 'timezone': {'offset': '-4:00', 'description': 'Atlantic Time (Canada), Caracas, La Paz'}}, 'email': 'magdalena.collazo@example.com', 'login': {'uuid': '93643cbf-59cf-4057-8ef0-f8e5605dc476', 'username': 'angrywolf563', 'password': 'waterfal', 'salt': 'KW8bwBq7', 'md5': '401aea57651478737ab413726c113f44', 'sha1': 'ad0753718d2367e378e86e053c001fdd18af4203', 'sha256': 'df16808e4d2fb0206cb1542b117347ec9325bfee6bb96c17639a15f4099e53bd'}, 'dob': {'date': '1997-07-07T10:43:04.912Z', 'age': 26}, 'registered': {'date': '2009-09-26T21:49:25.235Z', 'age': 14}, 'phone': '(603) 882 4304', 'cell': '(675) 099 7251', 'id': {'name': 'NSS', 'value': '61 04 88 4030 0'}, 'picture': {'large': 'https://randomuser.me/api/portraits/women/37.jpg', 'medium': 'https://randomuser.me/api/portraits/med/women/37.jpg', 'thumbnail': 'https://randomuser.me/api/portraits/thumb/women/37.jpg'}, 'nat': 'MX'}</msg>
<arg>${json_data['results'][0]}</arg>
<doc>Logs the given message with the given level.</doc>
<status status="PASS" start="2024-04-25T23:14:51.002943" elapsed="0.000409"/>
</kw>
<kw name="Log" owner="BuiltIn">
<msg time="2024-04-25T23:14:51.003772" level="INFO">email</msg>
<arg>${key}</arg>
<doc>Logs the given message with the given level.</doc>
<status status="PASS" start="2024-04-25T23:14:51.003647" elapsed="0.000162"/>
</kw>
<var name="${key}">email</var>
<status status="PASS" start="2024-04-25T23:14:51.002112" elapsed="0.001908"/>
</iter>
<iter>
<kw name="Dictionary Should Contain Key" owner="Collections">
<msg time="2024-04-25T23:14:51.004684" level="INFO">False</msg>
<arg>${json_data['results'][0]}</arg>
<arg>${key}</arg>
<doc>Fails if ``key`` is not found from ``dictionary``.</doc>
<status status="PASS" start="2024-04-25T23:14:51.004304" elapsed="0.000417"/>
</kw>
<kw name="Log" owner="BuiltIn">
<msg time="2024-04-25T23:14:51.005381" level="INFO">{'gender': 'female', 'name': {'title': 'Mrs', 'first': 'Magdalena', 'last': 'Collazo'}, 'location': {'street': {'number': 2154, 'name': 'Peatonal San Marino'}, 'city': 'San José del Cabo', 'state': 'Zacatecas', 'country': 'Mexico', 'postcode': 43231, 'coordinates': {'latitude': '28.5150', 'longitude': '12.8111'}, 'timezone': {'offset': '-4:00', 'description': 'Atlantic Time (Canada), Caracas, La Paz'}}, 'email': 'magdalena.collazo@example.com', 'login': {'uuid': '93643cbf-59cf-4057-8ef0-f8e5605dc476', 'username': 'angrywolf563', 'password': 'waterfal', 'salt': 'KW8bwBq7', 'md5': '401aea57651478737ab413726c113f44', 'sha1': 'ad0753718d2367e378e86e053c001fdd18af4203', 'sha256': 'df16808e4d2fb0206cb1542b117347ec9325bfee6bb96c17639a15f4099e53bd'}, 'dob': {'date': '1997-07-07T10:43:04.912Z', 'age': 26}, 'registered': {'date': '2009-09-26T21:49:25.235Z', 'age': 14}, 'phone': '(603) 882 4304', 'cell': '(675) 099 7251', 'id': {'name': 'NSS', 'value': '61 04 88 4030 0'}, 'picture': {'large': 'https://randomuser.me/api/portraits/women/37.jpg', 'medium': 'https://randomuser.me/api/portraits/med/women/37.jpg', 'thumbnail': 'https://randomuser.me/api/portraits/thumb/women/37.jpg'}, 'nat': 'MX'}</msg>
<arg>${json_data['results'][0]}</arg>
<doc>Logs the given message with the given level.</doc>
<status status="PASS" start="2024-04-25T23:14:51.005013" elapsed="0.000416"/>
</kw>
<kw name="Log" owner="BuiltIn">
<msg time="2024-04-25T23:14:51.005911" level="INFO">login</msg>
<arg>${key}</arg>
<doc>Logs the given message with the given level.</doc>
<status status="PASS" start="2024-04-25T23:14:51.005780" elapsed="0.000169"/>
</kw>
<var name="${key}">login</var>
<status status="PASS" start="2024-04-25T23:14:51.004193" elapsed="0.001984"/>
</iter>
<var>${key}</var>
<value>@{expected_keys}</value>
<status status="PASS" start="2024-04-25T23:14:50.995437" elapsed="0.010863"/>
</for>
<kw name="Create List" owner="BuiltIn">
<msg time="2024-04-25T23:14:51.006634" level="INFO">${expected_keysTwo} = ['username', 'password']</msg>
<var>${expected_keysTwo}</var>
<arg>username</arg>
<arg>password</arg>
<doc>Returns a list containing given items.</doc>
<status status="PASS" start="2024-04-25T23:14:51.006492" elapsed="0.000166"/>
</kw>
<for flavor="IN">
<iter>
<kw name="Dictionary Should Contain Key" owner="Collections">
<msg time="2024-04-25T23:14:51.007551" level="INFO">False</msg>
<arg>${json_data['results'][0]['login']}</arg>
<arg>${keyTwo}</arg>
<doc>Fails if ``key`` is not found from ``dictionary``.</doc>
<status status="PASS" start="2024-04-25T23:14:51.007159" elapsed="0.000430"/>
</kw>
<kw name="Dictionary Should Contain Key" owner="Collections">
<msg time="2024-04-25T23:14:51.008276" level="INFO">False</msg>
<arg>${json_data['results'][0]['login']}</arg>
<arg>${keyTwo}</arg>
<doc>Fails if ``key`` is not found from ``dictionary``.</doc>
<status status="PASS" start="2024-04-25T23:14:51.007884" elapsed="0.000428"/>
</kw>
<kw name="Log" owner="BuiltIn">
<msg time="2024-04-25T23:14:51.008729" level="INFO">username</msg>
<arg>${keyTwo}</arg>
<doc>Logs the given message with the given level.</doc>
<status status="PASS" start="2024-04-25T23:14:51.008602" elapsed="0.000170"/>
</kw>
<var name="${keyTwo}">username</var>
<status status="PASS" start="2024-04-25T23:14:51.007049" elapsed="0.001938"/>
</iter>
<iter>
<kw name="Dictionary Should Contain Key" owner="Collections">
<msg time="2024-04-25T23:14:51.009763" level="INFO">False</msg>
<arg>${json_data['results'][0]['login']}</arg>
<arg>${keyTwo}</arg>
<doc>Fails if ``key`` is not found from ``dictionary``.</doc>
<status status="PASS" start="2024-04-25T23:14:51.009266" elapsed="0.000548"/>
</kw>
<kw name="Dictionary Should Contain Key" owner="Collections">
<msg time="2024-04-25T23:14:51.010509" level="INFO">False</msg>
<arg>${json_data['results'][0]['login']}</arg>
<arg>${keyTwo}</arg>
<doc>Fails if ``key`` is not found from ``dictionary``.</doc>
<status status="PASS" start="2024-04-25T23:14:51.010120" elapsed="0.000426"/>
</kw>
<kw name="Log" owner="BuiltIn">
<msg time="2024-04-25T23:14:51.010969" level="INFO">password</msg>
<arg>${keyTwo}</arg>
<doc>Logs the given message with the given level.</doc>
<status status="PASS" start="2024-04-25T23:14:51.010841" elapsed="0.000166"/>
</kw>
<var name="${keyTwo}">password</var>
<status status="PASS" start="2024-04-25T23:14:51.009156" elapsed="0.002067"/>
</iter>
<var>${keyTwo}</var>
<value>@{expected_keysTwo}</value>
<status status="PASS" start="2024-04-25T23:14:51.006889" elapsed="0.004454"/>
</for>
<status status="PASS" start="2024-04-25T23:14:50.897709" elapsed="0.113777"/>
</kw>
<doc>Testa a estrutura da resposta da API.</doc>
<tag>testeEstruturaResposta</tag>
<status status="PASS" start="2024-04-25T23:14:50.897151" elapsed="0.114493"/>
</test>
<test id="s1-s1-t4" name="Validar tipos de dados" line="28">
<kw name="Teste de Tipos de Dados" owner="random-user-service">
<kw name="GET On Session" owner="RequestsLibrary">
<msg time="2024-04-25T23:14:51.099864" level="INFO">GET Request : url=https://randomuser.me/api 
 path_url=/api 
 headers={'User-Agent': 'python-requests/2.31.0', 'Accept-Encoding': 'gzip, deflate', 'Accept': '*/*', 'Connection': 'keep-alive'} 
 body=None 
 </msg>
<msg time="2024-04-25T23:14:51.099961" level="INFO">GET Response : url=https://randomuser.me/api 
 status=200, reason=OK 
 headers={'Date': 'Thu, 25 Apr 2024 23:14:51 GMT', 'Content-Type': 'application/json; charset=utf-8', 'Transfer-Encoding': 'chunked', 'Connection': 'keep-alive', 'X-Powered-By': 'Express', 'Access-Control-Allow-Origin': '*', 'Cache-Control': 'no-cache', 'ETag': 'W/"4b7-RNeHDI7qCRa17aVcZ3lkJAOEvRY"', 'Vary': 'Accept-Encoding', 'Content-Encoding': 'gzip', 'CF-Cache-Status': 'DYNAMIC', 'Report-To': '{"endpoints":[{"url":"https:\\/\\/a.nel.cloudflare.com\\/report\\/v4?s=EjE7egLtniOaB56OstEN8AV7de5Xzv4bDjClLtEGjM%2BmY0VBbOuFcbnhR21q4TfIwony%2BS1pBkXNZyjjiTmJgFPWBWzkWP0XViendwfZ4Es9IZL8DhNHPxP2Oi4JvHss"}],"group":"cf-nel","max_age":604800}', 'NEL': '{"success_fraction":0,"report_to":"cf-nel","max_age":604800}', 'Server': 'cloudflare', 'CF-RAY': '87a2081cdb692015-IAD', 'alt-svc': 'h3=":443"; ma=86400'} 
 body={"results":[{"gender":"female","name":{"title":"Mademoiselle","first":"Mariana","last":"Lemoine"},"location":{"street":{"number":109,"name":"Place Paul-Duquaire"},"city":"Agno","state":"Basel-Landschaft","country":"Switzerland","postcode":7615,"coordinates":{"latitude":"-63.3139","longitude":"113.6127"},"timezone":{"offset":"+1:00","description":"Brussels, Copenhagen, Madrid, Paris"}},"email":"mariana.lemoine@example.com","login":{"uuid":"a8270402-8f5f-4bae-8152-3be423b37413","username":"bigelephant746","password":"fester","salt":"0u7QP6Fh","md5":"4737e64f5cdcb6437ae80c5ce3c3bb38","sha1":"ab0bdbabca6e25a1042be4287feed7c1d894c27d","sha256":"be025add63d77aa5c7f44cc7e9e969d8a1dd2bf7063743242c1118f1f7b7a745"},"dob":{"date":"1994-07-21T11:53:38.871Z","age":29},"registered":{"date":"2007-12-12T01:03:12.405Z","age":16},"phone":"075 421 18 97","cell":"077 481 11 70","id":{"name":"AVS","value":"756.1183.7692.70"},"picture":{"large":"https://randomuser.me/api/portraits/women/17.jpg","medium":"https://randomuser.me/api/portraits/med/women/17.jpg","thumbnail":"https://randomuser.me/api/portraits/thumb/women/17.jpg"},"nat":"CH"}],"info":{"seed":"b031b9f9a845ec23","results":1,"page":1,"version":"1.4"}} 
 </msg>
<msg time="2024-04-25T23:14:51.100028" level="INFO">/opt/hostedtoolcache/Python/3.12.3/x64/lib/python3.12/site-packages/urllib3/connectionpool.py:1103: InsecureRequestWarning: Unverified HTTPS request is being made to host 'randomuser.me'. Adding certificate verification is strongly advised. See: https://urllib3.readthedocs.io/en/latest/advanced-usage.html#tls-warnings
  warnings.warn(</msg>
<msg time="2024-04-25T23:14:51.100171" level="INFO">${response} = &lt;Response [200]&gt;</msg>
<var>${response}</var>
<arg>consultarAPI</arg>
<arg>/api</arg>
<doc>Sends a GET request on a previously created HTTP Session.</doc>
<status status="PASS" start="2024-04-25T23:14:51.014143" elapsed="0.086071"/>
</kw>
<kw name="Set Variable" owner="BuiltIn">
<msg time="2024-04-25T23:14:51.101220" level="INFO">${json_data} = {'results': [{'gender': 'female', 'name': {'title': 'Mademoiselle', 'first': 'Mariana', 'last': 'Lemoine'}, 'location': {'street': {'number': 109, 'name': 'Place Paul-Duquaire'}, 'city': 'Agno', 'stat...</msg>
<var>${json_data}</var>
<arg>${response.json()}</arg>
<doc>Returns the given values which can then be assigned to a variables.</doc>
<status status="PASS" start="2024-04-25T23:14:51.100704" elapsed="0.000544"/>
</kw>
<kw name="Log" owner="BuiltIn">
<msg time="2024-04-25T23:14:51.101740" level="INFO">{'results': [{'gender': 'female', 'name': {'title': 'Mademoiselle', 'first': 'Mariana', 'last': 'Lemoine'}, 'location': {'street': {'number': 109, 'name': 'Place Paul-Duquaire'}, 'city': 'Agno', 'state': 'Basel-Landschaft', 'country': 'Switzerland', 'postcode': 7615, 'coordinates': {'latitude': '-63.3139', 'longitude': '113.6127'}, 'timezone': {'offset': '+1:00', 'description': 'Brussels, Copenhagen, Madrid, Paris'}}, 'email': 'mariana.lemoine@example.com', 'login': {'uuid': 'a8270402-8f5f-4bae-8152-3be423b37413', 'username': 'bigelephant746', 'password': 'fester', 'salt': '0u7QP6Fh', 'md5': '4737e64f5cdcb6437ae80c5ce3c3bb38', 'sha1': 'ab0bdbabca6e25a1042be4287feed7c1d894c27d', 'sha256': 'be025add63d77aa5c7f44cc7e9e969d8a1dd2bf7063743242c1118f1f7b7a745'}, 'dob': {'date': '1994-07-21T11:53:38.871Z', 'age': 29}, 'registered': {'date': '2007-12-12T01:03:12.405Z', 'age': 16}, 'phone': '075 421 18 97', 'cell': '077 481 11 70', 'id': {'name': 'AVS', 'value': '756.1183.7692.70'}, 'picture': {'large': 'https://randomuser.me/api/portraits/women/17.jpg', 'medium': 'https://randomuser.me/api/portraits/med/women/17.jpg', 'thumbnail': 'https://randomuser.me/api/portraits/thumb/women/17.jpg'}, 'nat': 'CH'}], 'info': {'seed': 'b031b9f9a845ec23', 'results': 1, 'page': 1, 'version': '1.4'}}</msg>
<arg>${json_data}</arg>
<doc>Logs the given message with the given level.</doc>
<status status="PASS" start="2024-04-25T23:14:51.101555" elapsed="0.000275"/>
</kw>
<kw name="Should Be String" owner="String">
<arg>${json_data['results'][0]['gender']}</arg>
<doc>Fails if the given ``item`` is not a string.</doc>
<status status="PASS" start="2024-04-25T23:14:51.102128" elapsed="0.000355"/>
</kw>
<kw name="Should Match Regexp" owner="BuiltIn">
<arg>${json_data['results'][0]['email']}</arg>
<arg>^[a-zA-Z0-9._%+-]+@[a-zA-Z0-9.-]+\.[a-zA-Z]{2,}$</arg>
<doc>Fails if ``string`` does not match ``pattern`` as a regular expression.</doc>
<status status="PASS" start="2024-04-25T23:14:51.102674" elapsed="0.000520"/>
</kw>
<kw name="Should Match Regexp" owner="BuiltIn">
<arg>${json_data['results'][0]['dob']['date']}</arg>
<arg>\\d{4}-\\d{2}-\\d{2}T\\d{2}:\\d{2}:\\d{2}\\.\\d{3}Z</arg>
<doc>Fails if ``string`` does not match ``pattern`` as a regular expression.</doc>
<status status="PASS" start="2024-04-25T23:14:51.103390" elapsed="0.000481"/>
</kw>
<kw name="Should Match Regexp" owner="BuiltIn">
<arg>${json_data['results'][0]['registered']['date']}</arg>
<arg>\\d{4}-\\d{2}-\\d{2}T\\d{2}:\\d{2}:\\d{2}\\.\\d{3}Z</arg>
<doc>Fails if ``string`` does not match ``pattern`` as a regular expression.</doc>
<status status="PASS" start="2024-04-25T23:14:51.104067" elapsed="0.000365"/>
</kw>
<kw name="Should Match Regexp" owner="BuiltIn">
<arg>${json_data['results'][0]['picture']['large']}</arg>
<arg>^https?://.*\.(?:png|jpe?g|gif|bmp)$</arg>
<doc>Fails if ``string`` does not match ``pattern`` as a regular expression.</doc>
<status status="PASS" start="2024-04-25T23:14:51.104618" elapsed="0.000461"/>
</kw>
<kw name="Should Match Regexp" owner="BuiltIn">
<arg>${json_data['results'][0]['picture']['medium']}</arg>
<arg>^https?://.*\.(?:png|jpe?g|gif|bmp)$</arg>
<doc>Fails if ``string`` does not match ``pattern`` as a regular expression.</doc>
<status status="PASS" start="2024-04-25T23:14:51.105267" elapsed="0.000358"/>
</kw>
<kw name="Should Match Regexp" owner="BuiltIn">
<arg>${json_data['results'][0]['picture']['thumbnail']}</arg>
<arg>^https?://.*\.(?:png|jpe?g|gif|bmp)$</arg>
<doc>Fails if ``string`` does not match ``pattern`` as a regular expression.</doc>
<status status="PASS" start="2024-04-25T23:14:51.105840" elapsed="0.000350"/>
</kw>
<kw name="Log" owner="BuiltIn">
<msg time="2024-04-25T23:14:51.106690" level="INFO">{'large': 'https://randomuser.me/api/portraits/women/17.jpg', 'medium': 'https://randomuser.me/api/portraits/med/women/17.jpg', 'thumbnail': 'https://randomuser.me/api/portraits/thumb/women/17.jpg'}</msg>
<arg>${json_data['results'][0]['picture']}</arg>
<doc>Logs the given message with the given level.</doc>
<status status="PASS" start="2024-04-25T23:14:51.106369" elapsed="0.000362"/>
</kw>
<status status="PASS" start="2024-04-25T23:14:51.013912" elapsed="0.093075"/>
</kw>
<kw name="Teste de Tipos de Dados - Postcode" owner="random-user-service">
<kw name="GET On Session" owner="RequestsLibrary">
<msg time="2024-04-25T23:14:51.193484" level="INFO">GET Request : url=https://randomuser.me/api 
 path_url=/api 
 headers={'User-Agent': 'python-requests/2.31.0', 'Accept-Encoding': 'gzip, deflate', 'Accept': '*/*', 'Connection': 'keep-alive'} 
 body=None 
 </msg>
<msg time="2024-04-25T23:14:51.193587" level="INFO">GET Response : url=https://randomuser.me/api 
 status=200, reason=OK 
 headers={'Date': 'Thu, 25 Apr 2024 23:14:51 GMT', 'Content-Type': 'application/json; charset=utf-8', 'Transfer-Encoding': 'chunked', 'Connection': 'keep-alive', 'X-Powered-By': 'Express', 'Access-Control-Allow-Origin': '*', 'Cache-Control': 'no-cache', 'ETag': 'W/"498-y8i7X60lyDm8aVhdmsZazqSDu/8"', 'Vary': 'Accept-Encoding', 'Content-Encoding': 'gzip', 'CF-Cache-Status': 'DYNAMIC', 'Report-To': '{"endpoints":[{"url":"https:\\/\\/a.nel.cloudflare.com\\/report\\/v4?s=sAd8U0LwyK0zE7exbysw5BB0pGmeWsILcp%2FDHogggD1Tme0%2BbP9Oqya68yz5Q2UJkGpro7RZFug30%2BfCMa9XEOb24HX7N7MNss3INOooyWAWqU5B9b3shNIjZ0o9Dl3S"}],"group":"cf-nel","max_age":604800}', 'NEL': '{"success_fraction":0,"report_to":"cf-nel","max_age":604800}', 'Server': 'cloudflare', 'CF-RAY': '87a2081d7c1b2015-IAD', 'alt-svc': 'h3=":443"; ma=86400'} 
 body={"results":[{"gender":"female","name":{"title":"Mrs","first":"Angie","last":"Murphy"},"location":{"street":{"number":5944,"name":"Grafton Street"},"city":"Waterford","state":"Waterford","country":"Ireland","postcode":33503,"coordinates":{"latitude":"-1.4008","longitude":"156.3689"},"timezone":{"offset":"+11:00","description":"Magadan, Solomon Islands, New Caledonia"}},"email":"angie.murphy@example.com","login":{"uuid":"1a7f93fe-4d70-496c-be8c-519896ed5776","username":"silvergoose197","password":"liang","salt":"YEbKzXp5","md5":"d8e1cc05e24a41ed28e72d783b6c99fc","sha1":"1ce9ae6b4c4541c873aa0dbd4fee2e9f49f54e40","sha256":"1de6aff560e7e9c621631aed7779eec8ce7fc61e37ec1c09a481d4680e7771f3"},"dob":{"date":"1977-06-07T18:25:53.164Z","age":46},"registered":{"date":"2013-03-14T04:48:13.575Z","age":11},"phone":"031-983-4449","cell":"081-218-9819","id":{"name":"PPS","value":"0989969T"},"picture":{"large":"https://randomuser.me/api/portraits/women/57.jpg","medium":"https://randomuser.me/api/portraits/med/women/57.jpg","thumbnail":"https://randomuser.me/api/portraits/thumb/women/57.jpg"},"nat":"IE"}],"info":{"seed":"e016030320635364","results":1,"page":1,"version":"1.4"}} 
 </msg>
<msg time="2024-04-25T23:14:51.193695" level="INFO">/opt/hostedtoolcache/Python/3.12.3/x64/lib/python3.12/site-packages/urllib3/connectionpool.py:1103: InsecureRequestWarning: Unverified HTTPS request is being made to host 'randomuser.me'. Adding certificate verification is strongly advised. See: https://urllib3.readthedocs.io/en/latest/advanced-usage.html#tls-warnings
  warnings.warn(</msg>
<msg time="2024-04-25T23:14:51.193854" level="INFO">${response} = &lt;Response [200]&gt;</msg>
<var>${response}</var>
<arg>consultarAPI</arg>
<arg>/api</arg>
<doc>Sends a GET request on a previously created HTTP Session.</doc>
<status status="PASS" start="2024-04-25T23:14:51.107457" elapsed="0.086448"/>
</kw>
<kw name="Set Variable" owner="BuiltIn">
<msg time="2024-04-25T23:14:51.194888" level="INFO">${json_data} = {'results': [{'gender': 'female', 'name': {'title': 'Mrs', 'first': 'Angie', 'last': 'Murphy'}, 'location': {'street': {'number': 5944, 'name': 'Grafton Street'}, 'city': 'Waterford', 'state': 'Waterf...</msg>
<var>${json_data}</var>
<arg>${response.json()}</arg>
<doc>Returns the given values which can then be assigned to a variables.</doc>
<status status="PASS" start="2024-04-25T23:14:51.194386" elapsed="0.000531"/>
</kw>
<kw name="Log" owner="BuiltIn">
<msg time="2024-04-25T23:14:51.195394" level="INFO">{'results': [{'gender': 'female', 'name': {'title': 'Mrs', 'first': 'Angie', 'last': 'Murphy'}, 'location': {'street': {'number': 5944, 'name': 'Grafton Street'}, 'city': 'Waterford', 'state': 'Waterford', 'country': 'Ireland', 'postcode': 33503, 'coordinates': {'latitude': '-1.4008', 'longitude': '156.3689'}, 'timezone': {'offset': '+11:00', 'description': 'Magadan, Solomon Islands, New Caledonia'}}, 'email': 'angie.murphy@example.com', 'login': {'uuid': '1a7f93fe-4d70-496c-be8c-519896ed5776', 'username': 'silvergoose197', 'password': 'liang', 'salt': 'YEbKzXp5', 'md5': 'd8e1cc05e24a41ed28e72d783b6c99fc', 'sha1': '1ce9ae6b4c4541c873aa0dbd4fee2e9f49f54e40', 'sha256': '1de6aff560e7e9c621631aed7779eec8ce7fc61e37ec1c09a481d4680e7771f3'}, 'dob': {'date': '1977-06-07T18:25:53.164Z', 'age': 46}, 'registered': {'date': '2013-03-14T04:48:13.575Z', 'age': 11}, 'phone': '031-983-4449', 'cell': '081-218-9819', 'id': {'name': 'PPS', 'value': '0989969T'}, 'picture': {'large': 'https://randomuser.me/api/portraits/women/57.jpg', 'medium': 'https://randomuser.me/api/portraits/med/women/57.jpg', 'thumbnail': 'https://randomuser.me/api/portraits/thumb/women/57.jpg'}, 'nat': 'IE'}], 'info': {'seed': 'e016030320635364', 'results': 1, 'page': 1, 'version': '1.4'}}</msg>
<arg>${json_data}</arg>
<doc>Logs the given message with the given level.</doc>
<status status="PASS" start="2024-04-25T23:14:51.195239" elapsed="0.000236"/>
</kw>
<kw name="Should Be Equal As Numbers" owner="BuiltIn">
<arg>${json_data['results'][0]['location']['postcode']}</arg>
<arg>${json_data['results'][0]['location']['postcode']}</arg>
<doc>Fails if objects are unequal after converting them to real numbers.</doc>
<status status="PASS" start="2024-04-25T23:14:51.195958" elapsed="0.000628"/>
</kw>
<kw name="Log" owner="BuiltIn">
<msg time="2024-04-25T23:14:51.197114" level="INFO">33503</msg>
<arg>${json_data['results'][0]['location']['postcode']}</arg>
<doc>Logs the given message with the given level.</doc>
<status status="PASS" start="2024-04-25T23:14:51.196778" elapsed="0.000376"/>
</kw>
<status status="PASS" start="2024-04-25T23:14:51.107218" elapsed="0.090192"/>
</kw>
<doc>Testa se os tipos de dados na resposta da API estão corretos.</doc>
<tag>testeTiposDados</tag>
<status status="PASS" start="2024-04-25T23:14:51.013433" elapsed="0.184147"/>
</test>
<test id="s1-s1-t5" name="Validar conteudo" line="35">
<kw name="Teste de Tipos de Conteudo" owner="random-user-service">
<kw name="GET On Session" owner="RequestsLibrary">
<msg time="2024-04-25T23:14:51.295573" level="INFO">GET Request : url=https://randomuser.me/api 
 path_url=/api 
 headers={'User-Agent': 'python-requests/2.31.0', 'Accept-Encoding': 'gzip, deflate', 'Accept': '*/*', 'Connection': 'keep-alive'} 
 body=None 
 </msg>
<msg time="2024-04-25T23:14:51.295686" level="INFO">GET Response : url=https://randomuser.me/api 
 status=200, reason=OK 
 headers={'Date': 'Thu, 25 Apr 2024 23:14:51 GMT', 'Content-Type': 'application/json; charset=utf-8', 'Transfer-Encoding': 'chunked', 'Connection': 'keep-alive', 'X-Powered-By': 'Express', 'Access-Control-Allow-Origin': '*', 'Cache-Control': 'no-cache', 'ETag': 'W/"48b-3qrpUvY76A06BrZXlKwxyyXKIGg"', 'Vary': 'Accept-Encoding', 'Content-Encoding': 'gzip', 'CF-Cache-Status': 'DYNAMIC', 'Report-To': '{"endpoints":[{"url":"https:\\/\\/a.nel.cloudflare.com\\/report\\/v4?s=kqBhY7O1K9MajSJP6tIRRNkQ3ticl2DCI0z546oKcZT49waTeckGQniAANcW%2F5HegXGz39XvuIqDzg8IYjm0LjyeolT3%2FEb1btUHqEm%2Bhp3siu1QkXZ3oQeRQdPcWQlO"}],"group":"cf-nel","max_age":604800}', 'NEL': '{"success_fraction":0,"report_to":"cf-nel","max_age":604800}', 'Server': 'cloudflare', 'CF-RAY': '87a2081e0cd92015-IAD', 'alt-svc': 'h3=":443"; ma=86400'} 
 body={"results":[{"gender":"male","name":{"title":"Mr","first":"Radojko","last":"Stevanović"},"location":{"street":{"number":5336,"name":"Letnička"},"city":"Lapovo","state":"Central Banat","country":"Serbia","postcode":87661,"coordinates":{"latitude":"58.4781","longitude":"-102.0526"},"timezone":{"offset":"-8:00","description":"Pacific Time (US &amp; Canada)"}},"email":"radojko.stevanovic@example.com","login":{"uuid":"ac28661d-ba24-4ce3-971f-6e90914f9f66","username":"beautifulzebra484","password":"hothot","salt":"SNisU4nt","md5":"bf6acdbf551ee41cb92f0b95d0af9e53","sha1":"094b33253a76a1a8bab7145c3f4b73c90cf1f6fc","sha256":"2dcb6a42d20a217bdf529c01f4ef0e4bb8465d40943e109c473666add4a3edfe"},"dob":{"date":"1996-10-16T02:02:08.796Z","age":27},"registered":{"date":"2014-09-28T04:03:34.850Z","age":9},"phone":"021-2959-333","cell":"065-1636-791","id":{"name":"SID","value":"526353669"},"picture":{"large":"https://randomuser.me/api/portraits/men/3.jpg","medium":"https://randomuser.me/api/portraits/med/men/3.jpg","thumbnail":"https://randomuser.me/api/portraits/thumb/men/3.jpg"},"nat":"RS"}],"info":{"seed":"38905ae04d9f01cb","results":1,"page":1,"version":"1.4"}} 
 </msg>
<msg time="2024-04-25T23:14:51.295775" level="INFO">/opt/hostedtoolcache/Python/3.12.3/x64/lib/python3.12/site-packages/urllib3/connectionpool.py:1103: InsecureRequestWarning: Unverified HTTPS request is being made to host 'randomuser.me'. Adding certificate verification is strongly advised. See: https://urllib3.readthedocs.io/en/latest/advanced-usage.html#tls-warnings
  warnings.warn(</msg>
<msg time="2024-04-25T23:14:51.295935" level="INFO">${response} = &lt;Response [200]&gt;</msg>
<var>${response}</var>
<arg>consultarAPI</arg>
<arg>/api</arg>
<doc>Sends a GET request on a previously created HTTP Session.</doc>
<status status="PASS" start="2024-04-25T23:14:51.200446" elapsed="0.095542"/>
</kw>
<kw name="Set Variable" owner="BuiltIn">
<msg time="2024-04-25T23:14:51.297049" level="INFO">${json_data} = {'results': [{'gender': 'male', 'name': {'title': 'Mr', 'first': 'Radojko', 'last': 'Stevanović'}, 'location': {'street': {'number': 5336, 'name': 'Letnička'}, 'city': 'Lapovo', 'state': 'Central Bana...</msg>
<var>${json_data}</var>
<arg>${response.json()}</arg>
<doc>Returns the given values which can then be assigned to a variables.</doc>
<status status="PASS" start="2024-04-25T23:14:51.296527" elapsed="0.000553"/>
</kw>
<kw name="Set Variable" owner="BuiltIn">
<msg time="2024-04-25T23:14:51.297825" level="INFO">${name_title} = Mr</msg>
<var>${name_title}</var>
<arg>${json_data["results"][0]["name"]["title"]}</arg>
<doc>Returns the given values which can then be assigned to a variables.</doc>
<status status="PASS" start="2024-04-25T23:14:51.297392" elapsed="0.000458"/>
</kw>
<kw name="Create List" owner="BuiltIn">
<msg time="2024-04-25T23:14:51.298299" level="INFO">${allowed_titles} = ['Mr', 'Ms', 'Miss', 'Mrs', 'Madame', 'Monsieur']</msg>
<var>${allowed_titles}</var>
<arg>Mr</arg>
<arg>Ms</arg>
<arg>Miss</arg>
<arg>Mrs</arg>
<arg>Madame</arg>
<arg>Monsieur</arg>
<doc>Returns a list containing given items.</doc>
<status status="PASS" start="2024-04-25T23:14:51.298151" elapsed="0.000173"/>
</kw>
<kw name="List Should Contain Value" owner="Collections">
<msg time="2024-04-25T23:14:51.298799" level="INFO">False</msg>
<arg>${allowed_titles}</arg>
<arg>${name_title}</arg>
<doc>Fails if the ``value`` is not found from ``list``.</doc>
<status status="PASS" start="2024-04-25T23:14:51.298624" elapsed="0.000212"/>
</kw>
<kw name="Set Variable" owner="BuiltIn">
<msg time="2024-04-25T23:14:51.299516" level="INFO">${name_country} = RS</msg>
<var>${name_country}</var>
<arg>${json_data["results"][0]["nat"]}</arg>
<doc>Returns the given values which can then be assigned to a variables.</doc>
<status status="PASS" start="2024-04-25T23:14:51.299128" elapsed="0.000413"/>
</kw>
<kw name="Create List" owner="BuiltIn">
<msg time="2024-04-25T23:14:51.300430" level="INFO">${list_country} = ['AD', 'AE', 'AF', 'AG', 'AI', 'AL', 'AM', 'AO', 'AQ', 'AR', 'AS', 'AT', 'AU', 'AW', 'AX', 'AZ', 'BA', 'BB', 'BD', 'BE', 'BF', 'BG', 'BH', 'BI', 'BJ', 'BL', 'BM', 'BN', 'BO', 'BQ', 'BR', 'BS', 'BT', '...</msg>
<var>${list_country}</var>
<arg>AD</arg>
<arg>AE</arg>
<arg>AF</arg>
<arg>AG</arg>
<arg>AI</arg>
<arg>AL</arg>
<arg>AM</arg>
<arg>AO</arg>
<arg>AQ</arg>
<arg>AR</arg>
<arg>AS</arg>
<arg>AT</arg>
<arg>AU</arg>
<arg>AW</arg>
<arg>AX</arg>
<arg>AZ</arg>
<arg>BA</arg>
<arg>BB</arg>
<arg>BD</arg>
<arg>BE</arg>
<arg>BF</arg>
<arg>BG</arg>
<arg>BH</arg>
<arg>BI</arg>
<arg>BJ</arg>
<arg>BL</arg>
<arg>BM</arg>
<arg>BN</arg>
<arg>BO</arg>
<arg>BQ</arg>
<arg>BR</arg>
<arg>BS</arg>
<arg>BT</arg>
<arg>BV</arg>
<arg>BW</arg>
<arg>BY</arg>
<arg>BZ</arg>
<arg>CA</arg>
<arg>CC</arg>
<arg>CD</arg>
<arg>CF</arg>
<arg>CG</arg>
<arg>CH</arg>
<arg>CI</arg>
<arg>CK</arg>
<arg>CL</arg>
<arg>CM</arg>
<arg>CN</arg>
<arg>CO</arg>
<arg>CR</arg>
<arg>CU</arg>
<arg>CV</arg>
<arg>CW</arg>
<arg>CX</arg>
<arg>CY</arg>
<arg>CZ</arg>
<arg>DE</arg>
<arg>DJ</arg>
<arg>DK</arg>
<arg>DM</arg>
<arg>DO</arg>
<arg>DZ</arg>
<arg>EC</arg>
<arg>EE</arg>
<arg>EG</arg>
<arg>EH</arg>
<arg>ER</arg>
<arg>ES</arg>
<arg>ET</arg>
<arg>FI</arg>
<arg>FJ</arg>
<arg>FK</arg>
<arg>FM</arg>
<arg>FO</arg>
<arg>FR</arg>
<arg>GA</arg>
<arg>GB</arg>
<arg>GD</arg>
<arg>GE</arg>
<arg>GF</arg>
<arg>GG</arg>
<arg>GH</arg>
<arg>GI</arg>
<arg>GL</arg>
<arg>GM</arg>
<arg>GN</arg>
<arg>GP</arg>
<arg>GQ</arg>
<arg>GR</arg>
<arg>GS</arg>
<arg>GT</arg>
<arg>GU</arg>
<arg>GW</arg>
<arg>GY</arg>
<arg>HK</arg>
<arg>HM</arg>
<arg>HN</arg>
<arg>HR</arg>
<arg>HT</arg>
<arg>HU</arg>
<arg>ID</arg>
<arg>IE</arg>
<arg>IL</arg>
<arg>IM</arg>
<arg>IN</arg>
<arg>IO</arg>
<arg>IQ</arg>
<arg>IR</arg>
<arg>IS</arg>
<arg>IT</arg>
<arg>JE</arg>
<arg>JM</arg>
<arg>JO</arg>
<arg>JP</arg>
<arg>KE</arg>
<arg>KG</arg>
<arg>KH</arg>
<arg>KI</arg>
<arg>KM</arg>
<arg>KN</arg>
<arg>KP</arg>
<arg>KR</arg>
<arg>KW</arg>
<arg>KY</arg>
<arg>KZ</arg>
<arg>LA</arg>
<arg>LB</arg>
<arg>LC</arg>
<arg>LI</arg>
<arg>LK</arg>
<arg>LR</arg>
<arg>LS</arg>
<arg>LT</arg>
<arg>LU</arg>
<arg>LV</arg>
<arg>LY</arg>
<arg>MA</arg>
<arg>MC</arg>
<arg>MD</arg>
<arg>ME</arg>
<arg>MF</arg>
<arg>MG</arg>
<arg>MH</arg>
<arg>MK</arg>
<arg>ML</arg>
<arg>MM</arg>
<arg>MN</arg>
<arg>MO</arg>
<arg>MP</arg>
<arg>MQ</arg>
<arg>MR</arg>
<arg>MS</arg>
<arg>MT</arg>
<arg>MU</arg>
<arg>MV</arg>
<arg>MW</arg>
<arg>MX</arg>
<arg>MY</arg>
<arg>MZ</arg>
<arg>NA</arg>
<arg>NC</arg>
<arg>NE</arg>
<arg>NF</arg>
<arg>NG</arg>
<arg>NI</arg>
<arg>NL</arg>
<arg>NO</arg>
<arg>NP</arg>
<arg>NR</arg>
<arg>NU</arg>
<arg>NZ</arg>
<arg>OM</arg>
<arg>PA</arg>
<arg>PE</arg>
<arg>PF</arg>
<arg>PG</arg>
<arg>PH</arg>
<arg>PK</arg>
<arg>PL</arg>
<arg>PM</arg>
<arg>PN</arg>
<arg>PR</arg>
<arg>PS</arg>
<arg>PT</arg>
<arg>PW</arg>
<arg>PY</arg>
<arg>QA</arg>
<arg>RE</arg>
<arg>RO</arg>
<arg>RS</arg>
<arg>RU</arg>
<arg>RW</arg>
<arg>SA</arg>
<arg>SB</arg>
<arg>SC</arg>
<arg>SD</arg>
<arg>SE</arg>
<arg>SG</arg>
<arg>SH</arg>
<arg>SI</arg>
<arg>SJ</arg>
<arg>SK</arg>
<arg>SL</arg>
<arg>SM</arg>
<arg>SN</arg>
<arg>SO</arg>
<arg>SR</arg>
<arg>SS</arg>
<arg>ST</arg>
<arg>SV</arg>
<arg>SX</arg>
<arg>SY</arg>
<arg>SZ</arg>
<arg>TC</arg>
<arg>TD</arg>
<arg>TF</arg>
<arg>TG</arg>
<arg>TH</arg>
<arg>TJ</arg>
<arg>TK</arg>
<arg>TL</arg>
<arg>TM</arg>
<arg>TN</arg>
<arg>TO</arg>
<arg>TR</arg>
<arg>TT</arg>
<arg>TV</arg>
<arg>TW</arg>
<arg>TZ</arg>
<arg>UA</arg>
<arg>UG</arg>
<arg>UM</arg>
<arg>US</arg>
<arg>UY</arg>
<arg>UZ</arg>
<arg>VA</arg>
<arg>VC</arg>
<arg>VE</arg>
<arg>VG</arg>
<arg>VI</arg>
<arg>VN</arg>
<arg>VU</arg>
<arg>WF</arg>
<arg>WS</arg>
<arg>XK</arg>
<arg>YE</arg>
<arg>YT</arg>
<arg>ZA</arg>
<arg>ZM</arg>
<arg>ZW</arg>
<doc>Returns a list containing given items.</doc>
<status status="PASS" start="2024-04-25T23:14:51.299842" elapsed="0.000614"/>
</kw>
<kw name="List Should Contain Value" owner="Collections">
<msg time="2024-04-25T23:14:51.301450" level="INFO">False</msg>
<arg>${list_country}</arg>
<arg>${name_country}</arg>
<doc>Fails if the ``value`` is not found from ``list``.</doc>
<status status="PASS" start="2024-04-25T23:14:51.301247" elapsed="0.000239"/>
</kw>
<kw name="Run Keyword If" owner="BuiltIn">
<kw name="Should Be True" owner="BuiltIn">
<arg>${True}</arg>
<doc>Fails if the given condition is not true.</doc>
<status status="PASS" start="2024-04-25T23:14:51.302585" elapsed="0.000261"/>
</kw>
<arg>${json_data["results"][0]["location"]["coordinates"]["latitude"]} &gt;= -90 and ${json_data["results"][0]["location"]["coordinates"]["latitude"]} &lt;= 90</arg>
<arg>Should Be True</arg>
<arg>${True}</arg>
<doc>Runs the given keyword with the given arguments, if ``condition`` is true.</doc>
<status status="PASS" start="2024-04-25T23:14:51.301823" elapsed="0.001154"/>
</kw>
<kw name="Run Keyword If" owner="BuiltIn">
<kw name="Should Be True" owner="BuiltIn">
<arg>${True}</arg>
<doc>Fails if the given condition is not true.</doc>
<status status="PASS" start="2024-04-25T23:14:51.303863" elapsed="0.000137"/>
</kw>
<arg>${json_data["results"][0]["location"]["coordinates"]["longitude"]} &gt;= -180 and ${json_data["results"][0]["location"]["coordinates"]["longitude"]} &lt;= 180</arg>
<arg>Should Be True</arg>
<arg>${True}</arg>
<doc>Runs the given keyword with the given arguments, if ``condition`` is true.</doc>
<status status="PASS" start="2024-04-25T23:14:51.303164" elapsed="0.000958"/>
</kw>
<status status="PASS" start="2024-04-25T23:14:51.200060" elapsed="0.104193"/>
</kw>
<doc>Testa o conteúdo específico dos campos retornados pela API.</doc>
<tag>testeConteudo</tag>
<status status="PASS" start="2024-04-25T23:14:51.199391" elapsed="0.105040"/>
</test>
<status status="PASS" start="2024-04-25T23:14:50.518328" elapsed="0.788072"/>
</suite>
<status status="PASS" start="2024-04-25T23:14:50.504827" elapsed="0.806781"/>
</suite>
<statistics>
<total>
<stat pass="5" fail="0" skip="0">All Tests</stat>
</total>
<tag>
<stat pass="1" fail="0" skip="0">testeConteudo</stat>
<stat pass="1" fail="0" skip="0">testeEstruturaResposta</stat>
<stat pass="1" fail="0" skip="0">testeRequisicaoBasica</stat>
<stat pass="1" fail="0" skip="0">testeTiposDados</stat>
</tag>
<suite>
<stat pass="5" fail="0" skip="0" id="s1" name="Tests">Tests</stat>
<stat pass="5" fail="0" skip="0" id="s1-s1" name="Random-User-Test">Tests.Random-User-Test</stat>
</suite>
</statistics>
<errors>
</errors>
</robot>
