<?xml version="1.0" encoding="UTF-8"?>
<robot generator="Robot 7.0 (Python 3.12.3 on linux)" generated="2024-05-25T11:12:59.861491" rpa="false" schemaversion="5">
<suite id="s1" name="Tests" source="/home/runner/work/DesafioQAItauRogerioJordao/DesafioQAItauRogerioJordao/RamdonUser/tests">
<suite id="s1-s1" name="Random-User-Test" source="/home/runner/work/DesafioQAItauRogerioJordao/DesafioQAItauRogerioJordao/RamdonUser/tests/random-user-test.robot">
<test id="s1-s1-t1" name="Conectar" line="13">
<kw name="Conectar API" owner="random-user-service">
<kw name="Create Session" owner="RequestsLibrary">
<msg time="2024-05-25T11:13:00.246625" level="INFO">Creating Session using : alias=consultarAPI, url=https://randomuser.me/, headers={},                     cookies={}, auth=None, timeout=None, proxies=None, verify=False,                     debug=0 </msg>
<arg>consultarAPI</arg>
<arg>${URL}</arg>
<doc>Create Session: create a HTTP session to a server</doc>
<status status="PASS" start="2024-05-25T11:13:00.246430" elapsed="0.000360"/>
</kw>
<status status="PASS" start="2024-05-25T11:13:00.245429" elapsed="0.001732"/>
</kw>
<status status="PASS" start="2024-05-25T11:13:00.244848" elapsed="0.002521"/>
</test>
<test id="s1-s1-t2" name="Validar retorno 200 e JSON Válido" line="16">
<kw name="Teste de Requisicao Basica" owner="random-user-service">
<kw name="GET On Session" owner="RequestsLibrary">
<msg time="2024-05-25T11:13:00.807994" level="INFO">GET Request : url=https://randomuser.me/api 
 path_url=/api 
 headers={'User-Agent': 'python-requests/2.32.2', 'Accept-Encoding': 'gzip, deflate', 'Accept': '*/*', 'Connection': 'keep-alive'} 
 body=None 
 </msg>
<msg time="2024-05-25T11:13:00.808169" level="INFO">GET Response : url=https://randomuser.me/api 
 status=200, reason=OK 
 headers={'Date': 'Sat, 25 May 2024 11:13:00 GMT', 'Content-Type': 'application/json; charset=utf-8', 'Transfer-Encoding': 'chunked', 'Connection': 'keep-alive', 'X-Powered-By': 'Express', 'Access-Control-Allow-Origin': '*', 'Cache-Control': 'no-cache', 'ETag': 'W/"480-X2MaPDHn/38imbvSe43F7FaswgI"', 'Vary': 'Accept-Encoding', 'Content-Encoding': 'gzip', 'CF-Cache-Status': 'DYNAMIC', 'Report-To': '{"endpoints":[{"url":"https:\\/\\/a.nel.cloudflare.com\\/report\\/v4?s=imf25G4QZaQWh%2B9dyE%2FZx%2FiTDfwpNqUhHWnOMQy1fWNVYPrTJLIpPBKJ73jNG7kmk5IlU9T%2BZaqJT7MzgW5JK4FrQOvvCEMS9fVJbPdHZsRg5RVKfTgHie6gv27a%2FlNV"}],"group":"cf-nel","max_age":604800}', 'NEL': '{"success_fraction":0,"report_to":"cf-nel","max_age":604800}', 'Server': 'cloudflare', 'CF-RAY': '889517f8dc8b0909-LAX', 'alt-svc': 'h3=":443"; ma=86400'} 
 body={"results":[{"gender":"male","name":{"title":"Mr","first":"Baruch","last":"Kroezen"},"location":{"street":{"number":5097,"name":"Het Spekt"},"city":"Velsen-Noord","state":"Noord-Holland","country":"Netherlands","postcode":"7757 EV","coordinates":{"latitude":"30.1466","longitude":"-21.3574"},"timezone":{"offset":"+3:30","description":"Tehran"}},"email":"baruch.kroezen@example.com","login":{"uuid":"1698bda6-9170-4faa-8536-b61688bed057","username":"bluegorilla726","password":"elcamino","salt":"KfEc8PMa","md5":"0f1e23901d3d48f2bb7408c43aa9533b","sha1":"7c862270ac77e3bf41f4301eb1a6b03a9895cf89","sha256":"f38dbb2d3347c3cb4997482e30a2ff9ac8d4f0d5df1ec140aadd8ba741d73a81"},"dob":{"date":"1969-04-28T11:59:30.899Z","age":55},"registered":{"date":"2003-11-15T10:46:44.883Z","age":20},"phone":"(0700) 756162","cell":"(06) 05685232","id":{"name":"BSN","value":"72594374"},"picture":{"large":"https://randomuser.me/api/portraits/men/41.jpg","medium":"https://randomuser.me/api/portraits/med/men/41.jpg","thumbnail":"https://randomuser.me/api/portraits/thumb/men/41.jpg"},"nat":"NL"}],"info":{"seed":"9bc77bfd876679b1","results":1,"page":1,"version":"1.4"}} 
 </msg>
<msg time="2024-05-25T11:13:00.808265" level="INFO">/opt/hostedtoolcache/Python/3.12.3/x64/lib/python3.12/site-packages/urllib3/connectionpool.py:1103: InsecureRequestWarning: Unverified HTTPS request is being made to host 'randomuser.me'. Adding certificate verification is strongly advised. See: https://urllib3.readthedocs.io/en/latest/advanced-usage.html#tls-warnings
  warnings.warn(</msg>
<msg time="2024-05-25T11:13:00.808433" level="INFO">${response} = &lt;Response [200]&gt;</msg>
<var>${response}</var>
<arg>consultarAPI</arg>
<arg>/api</arg>
<doc>Sends a GET request on a previously created HTTP Session.</doc>
<status status="PASS" start="2024-05-25T11:13:00.250026" elapsed="0.558450"/>
</kw>
<kw name="Should Be Equal As Numbers" owner="BuiltIn">
<msg time="2024-05-25T11:13:00.809446" level="INFO">Argument types are:
&lt;class 'int'&gt;
&lt;class 'str'&gt;</msg>
<arg>${response.status_code}</arg>
<arg>200</arg>
<doc>Fails if objects are unequal after converting them to real numbers.</doc>
<status status="PASS" start="2024-05-25T11:13:00.808987" elapsed="0.000523"/>
</kw>
<kw name="Log" owner="BuiltIn">
<msg time="2024-05-25T11:13:00.810194" level="INFO">200</msg>
<arg>${response.status_code}</arg>
<doc>Logs the given message with the given level.</doc>
<status status="PASS" start="2024-05-25T11:13:00.809852" elapsed="0.000389"/>
</kw>
<kw name="Set Variable" owner="BuiltIn">
<msg time="2024-05-25T11:13:00.810971" level="INFO">${json_data} = {'results': [{'gender': 'male', 'name': {'title': 'Mr', 'first': 'Baruch', 'last': 'Kroezen'}, 'location': {'street': {'number': 5097, 'name': 'Het Spekt'}, 'city': 'Velsen-Noord', 'state': 'Noord-Hol...</msg>
<var>${json_data}</var>
<arg>${response.json()}</arg>
<doc>Returns the given values which can then be assigned to a variables.</doc>
<status status="PASS" start="2024-05-25T11:13:00.810551" elapsed="0.000449"/>
</kw>
<kw name="Dictionary Should Contain Key" owner="Collections">
<msg time="2024-05-25T11:13:00.811522" level="INFO">False</msg>
<arg>${json_data}</arg>
<arg>results</arg>
<doc>Fails if ``key`` is not found from ``dictionary``.</doc>
<status status="PASS" start="2024-05-25T11:13:00.811344" elapsed="0.000370"/>
</kw>
<status status="PASS" start="2024-05-25T11:13:00.249773" elapsed="0.562207"/>
</kw>
<doc>Testa se a API responde corretamente e retorna um objeto JSON válido.</doc>
<tag>testeRequisicaoBasica</tag>
<status status="PASS" start="2024-05-25T11:13:00.249233" elapsed="0.562926"/>
</test>
<test id="s1-s1-t3" name="Validar estrutura de resposta" line="22">
<kw name="Teste de Estrutura de Resposta" owner="random-user-service">
<kw name="GET On Session" owner="RequestsLibrary">
<msg time="2024-05-25T11:13:01.258096" level="INFO">GET Request : url=https://randomuser.me/api 
 path_url=/api 
 headers={'User-Agent': 'python-requests/2.32.2', 'Accept-Encoding': 'gzip, deflate', 'Accept': '*/*', 'Connection': 'keep-alive'} 
 body=None 
 </msg>
<msg time="2024-05-25T11:13:01.258205" level="INFO">GET Response : url=https://randomuser.me/api 
 status=200, reason=OK 
 headers={'Date': 'Sat, 25 May 2024 11:13:01 GMT', 'Content-Type': 'application/json; charset=utf-8', 'Transfer-Encoding': 'chunked', 'Connection': 'keep-alive', 'X-Powered-By': 'Express', 'Access-Control-Allow-Origin': '*', 'Cache-Control': 'no-cache', 'ETag': 'W/"462-cWV+zTiTDeBVOOcGHgUm7k9OqeM"', 'Vary': 'Accept-Encoding', 'Content-Encoding': 'gzip', 'CF-Cache-Status': 'DYNAMIC', 'Report-To': '{"endpoints":[{"url":"https:\\/\\/a.nel.cloudflare.com\\/report\\/v4?s=xFvtkaWU%2BLBmLGQK3RIezUdugizVTKS0BBonyzj8H29WpcABDpCx1bB5yycI%2Bj8ShyA%2FGpESgoMPo2mYrG4rom%2FVw8C05t4ZX8CtWtLV9iCWsZn8tPtBZ%2Bytujf5eGs2"}],"group":"cf-nel","max_age":604800}', 'NEL': '{"success_fraction":0,"report_to":"cf-nel","max_age":604800}', 'Server': 'cloudflare', 'CF-RAY': '889517fc1f9b0909-LAX', 'alt-svc': 'h3=":443"; ma=86400'} 
 body={"results":[{"gender":"male","name":{"title":"Mr","first":"Igor","last":"Lode"},"location":{"street":{"number":5897,"name":"Tverrbakken"},"city":"Ågotnes","state":"Nordland","country":"Norway","postcode":"2427","coordinates":{"latitude":"47.1062","longitude":"-131.8106"},"timezone":{"offset":"+5:45","description":"Kathmandu"}},"email":"igor.lode@example.com","login":{"uuid":"57c9ef7a-2c4a-4c73-b55d-816213a5d75f","username":"goldenswan566","password":"fountain","salt":"kUsOYCmn","md5":"f03b9b48e0989dbf4ff3e7be4149d6b5","sha1":"3321fb0b093e84901524d7c3e91cef2402c59c10","sha256":"e49efc76e694efc5759c03ce31f5affe0a2b4864b2acd06c194ae3384494be40"},"dob":{"date":"1950-11-23T23:26:21.351Z","age":73},"registered":{"date":"2010-10-02T17:42:43.034Z","age":13},"phone":"22638439","cell":"48982842","id":{"name":"FN","value":"23115009109"},"picture":{"large":"https://randomuser.me/api/portraits/men/17.jpg","medium":"https://randomuser.me/api/portraits/med/men/17.jpg","thumbnail":"https://randomuser.me/api/portraits/thumb/men/17.jpg"},"nat":"NO"}],"info":{"seed":"6a22b3364ca82694","results":1,"page":1,"version":"1.4"}} 
 </msg>
<msg time="2024-05-25T11:13:01.258334" level="INFO">/opt/hostedtoolcache/Python/3.12.3/x64/lib/python3.12/site-packages/urllib3/connectionpool.py:1103: InsecureRequestWarning: Unverified HTTPS request is being made to host 'randomuser.me'. Adding certificate verification is strongly advised. See: https://urllib3.readthedocs.io/en/latest/advanced-usage.html#tls-warnings
  warnings.warn(</msg>
<msg time="2024-05-25T11:13:01.258456" level="INFO">${response} = &lt;Response [200]&gt;</msg>
<var>${response}</var>
<arg>consultarAPI</arg>
<arg>/api</arg>
<doc>Sends a GET request on a previously created HTTP Session.</doc>
<status status="PASS" start="2024-05-25T11:13:00.814691" elapsed="0.443805"/>
</kw>
<kw name="Set Variable" owner="BuiltIn">
<msg time="2024-05-25T11:13:01.259631" level="INFO">${json_data} = {'results': [{'gender': 'male', 'name': {'title': 'Mr', 'first': 'Igor', 'last': 'Lode'}, 'location': {'street': {'number': 5897, 'name': 'Tverrbakken'}, 'city': 'Ågotnes', 'state': 'Nordland', 'count...</msg>
<var>${json_data}</var>
<arg>${response.json()}</arg>
<doc>Returns the given values which can then be assigned to a variables.</doc>
<status status="PASS" start="2024-05-25T11:13:01.259064" elapsed="0.000596"/>
</kw>
<kw name="Log" owner="BuiltIn">
<msg time="2024-05-25T11:13:01.260128" level="INFO">{'results': [{'gender': 'male', 'name': {'title': 'Mr', 'first': 'Igor', 'last': 'Lode'}, 'location': {'street': {'number': 5897, 'name': 'Tverrbakken'}, 'city': 'Ågotnes', 'state': 'Nordland', 'country': 'Norway', 'postcode': '2427', 'coordinates': {'latitude': '47.1062', 'longitude': '-131.8106'}, 'timezone': {'offset': '+5:45', 'description': 'Kathmandu'}}, 'email': 'igor.lode@example.com', 'login': {'uuid': '57c9ef7a-2c4a-4c73-b55d-816213a5d75f', 'username': 'goldenswan566', 'password': 'fountain', 'salt': 'kUsOYCmn', 'md5': 'f03b9b48e0989dbf4ff3e7be4149d6b5', 'sha1': '3321fb0b093e84901524d7c3e91cef2402c59c10', 'sha256': 'e49efc76e694efc5759c03ce31f5affe0a2b4864b2acd06c194ae3384494be40'}, 'dob': {'date': '1950-11-23T23:26:21.351Z', 'age': 73}, 'registered': {'date': '2010-10-02T17:42:43.034Z', 'age': 13}, 'phone': '22638439', 'cell': '48982842', 'id': {'name': 'FN', 'value': '23115009109'}, 'picture': {'large': 'https://randomuser.me/api/portraits/men/17.jpg', 'medium': 'https://randomuser.me/api/portraits/med/men/17.jpg', 'thumbnail': 'https://randomuser.me/api/portraits/thumb/men/17.jpg'}, 'nat': 'NO'}], 'info': {'seed': '6a22b3364ca82694', 'results': 1, 'page': 1, 'version': '1.4'}}</msg>
<arg>${json_data}</arg>
<doc>Logs the given message with the given level.</doc>
<status status="PASS" start="2024-05-25T11:13:01.259967" elapsed="0.000210"/>
</kw>
<kw name="Dictionary Should Contain Key" owner="Collections">
<msg time="2024-05-25T11:13:01.260621" level="INFO">False</msg>
<arg>${json_data}</arg>
<arg>results</arg>
<doc>Fails if ``key`` is not found from ``dictionary``.</doc>
<status status="PASS" start="2024-05-25T11:13:01.260467" elapsed="0.000191"/>
</kw>
<kw name="Should Not Be Empty" owner="BuiltIn">
<msg time="2024-05-25T11:13:01.261092" level="INFO">Length is 2.</msg>
<arg>${json_data}</arg>
<doc>Verifies that the given item is not empty.</doc>
<status status="PASS" start="2024-05-25T11:13:01.260957" elapsed="0.000173"/>
</kw>
<kw name="Create List" owner="BuiltIn">
<msg time="2024-05-25T11:13:01.261572" level="INFO">${expected_keys} = ['gender', 'name', 'location', 'email', 'login']</msg>
<var>${expected_keys}</var>
<arg>gender</arg>
<arg>name</arg>
<arg>location</arg>
<arg>email</arg>
<arg>login</arg>
<doc>Returns a list containing given items.</doc>
<status status="PASS" start="2024-05-25T11:13:01.261423" elapsed="0.000173"/>
</kw>
<for flavor="IN">
<iter>
<kw name="Dictionary Should Contain Key" owner="Collections">
<msg time="2024-05-25T11:13:01.262578" level="INFO">False</msg>
<arg>${json_data['results'][0]}</arg>
<arg>${key}</arg>
<doc>Fails if ``key`` is not found from ``dictionary``.</doc>
<status status="PASS" start="2024-05-25T11:13:01.262174" elapsed="0.000447"/>
</kw>
<kw name="Log" owner="BuiltIn">
<msg time="2024-05-25T11:13:01.263316" level="INFO">{'gender': 'male', 'name': {'title': 'Mr', 'first': 'Igor', 'last': 'Lode'}, 'location': {'street': {'number': 5897, 'name': 'Tverrbakken'}, 'city': 'Ågotnes', 'state': 'Nordland', 'country': 'Norway', 'postcode': '2427', 'coordinates': {'latitude': '47.1062', 'longitude': '-131.8106'}, 'timezone': {'offset': '+5:45', 'description': 'Kathmandu'}}, 'email': 'igor.lode@example.com', 'login': {'uuid': '57c9ef7a-2c4a-4c73-b55d-816213a5d75f', 'username': 'goldenswan566', 'password': 'fountain', 'salt': 'kUsOYCmn', 'md5': 'f03b9b48e0989dbf4ff3e7be4149d6b5', 'sha1': '3321fb0b093e84901524d7c3e91cef2402c59c10', 'sha256': 'e49efc76e694efc5759c03ce31f5affe0a2b4864b2acd06c194ae3384494be40'}, 'dob': {'date': '1950-11-23T23:26:21.351Z', 'age': 73}, 'registered': {'date': '2010-10-02T17:42:43.034Z', 'age': 13}, 'phone': '22638439', 'cell': '48982842', 'id': {'name': 'FN', 'value': '23115009109'}, 'picture': {'large': 'https://randomuser.me/api/portraits/men/17.jpg', 'medium': 'https://randomuser.me/api/portraits/med/men/17.jpg', 'thumbnail': 'https://randomuser.me/api/portraits/thumb/men/17.jpg'}, 'nat': 'NO'}</msg>
<arg>${json_data['results'][0]}</arg>
<doc>Logs the given message with the given level.</doc>
<status status="PASS" start="2024-05-25T11:13:01.262921" elapsed="0.000448"/>
</kw>
<kw name="Log" owner="BuiltIn">
<msg time="2024-05-25T11:13:01.263793" level="INFO">gender</msg>
<arg>${key}</arg>
<doc>Logs the given message with the given level.</doc>
<status status="PASS" start="2024-05-25T11:13:01.263666" elapsed="0.000165"/>
</kw>
<var name="${key}">gender</var>
<status status="PASS" start="2024-05-25T11:13:01.262049" elapsed="0.001998"/>
</iter>
<iter>
<kw name="Dictionary Should Contain Key" owner="Collections">
<msg time="2024-05-25T11:13:01.264732" level="INFO">False</msg>
<arg>${json_data['results'][0]}</arg>
<arg>${key}</arg>
<doc>Fails if ``key`` is not found from ``dictionary``.</doc>
<status status="PASS" start="2024-05-25T11:13:01.264347" elapsed="0.000421"/>
</kw>
<kw name="Log" owner="BuiltIn">
<msg time="2024-05-25T11:13:01.265453" level="INFO">{'gender': 'male', 'name': {'title': 'Mr', 'first': 'Igor', 'last': 'Lode'}, 'location': {'street': {'number': 5897, 'name': 'Tverrbakken'}, 'city': 'Ågotnes', 'state': 'Nordland', 'country': 'Norway', 'postcode': '2427', 'coordinates': {'latitude': '47.1062', 'longitude': '-131.8106'}, 'timezone': {'offset': '+5:45', 'description': 'Kathmandu'}}, 'email': 'igor.lode@example.com', 'login': {'uuid': '57c9ef7a-2c4a-4c73-b55d-816213a5d75f', 'username': 'goldenswan566', 'password': 'fountain', 'salt': 'kUsOYCmn', 'md5': 'f03b9b48e0989dbf4ff3e7be4149d6b5', 'sha1': '3321fb0b093e84901524d7c3e91cef2402c59c10', 'sha256': 'e49efc76e694efc5759c03ce31f5affe0a2b4864b2acd06c194ae3384494be40'}, 'dob': {'date': '1950-11-23T23:26:21.351Z', 'age': 73}, 'registered': {'date': '2010-10-02T17:42:43.034Z', 'age': 13}, 'phone': '22638439', 'cell': '48982842', 'id': {'name': 'FN', 'value': '23115009109'}, 'picture': {'large': 'https://randomuser.me/api/portraits/men/17.jpg', 'medium': 'https://randomuser.me/api/portraits/med/men/17.jpg', 'thumbnail': 'https://randomuser.me/api/portraits/thumb/men/17.jpg'}, 'nat': 'NO'}</msg>
<arg>${json_data['results'][0]}</arg>
<doc>Logs the given message with the given level.</doc>
<status status="PASS" start="2024-05-25T11:13:01.265061" elapsed="0.000450"/>
</kw>
<kw name="Log" owner="BuiltIn">
<msg time="2024-05-25T11:13:01.265935" level="INFO">name</msg>
<arg>${key}</arg>
<doc>Logs the given message with the given level.</doc>
<status status="PASS" start="2024-05-25T11:13:01.265806" elapsed="0.000166"/>
</kw>
<var name="${key}">name</var>
<status status="PASS" start="2024-05-25T11:13:01.264233" elapsed="0.001950"/>
</iter>
<iter>
<kw name="Dictionary Should Contain Key" owner="Collections">
<msg time="2024-05-25T11:13:01.266853" level="INFO">False</msg>
<arg>${json_data['results'][0]}</arg>
<arg>${key}</arg>
<doc>Fails if ``key`` is not found from ``dictionary``.</doc>
<status status="PASS" start="2024-05-25T11:13:01.266469" elapsed="0.000422"/>
</kw>
<kw name="Log" owner="BuiltIn">
<msg time="2024-05-25T11:13:01.267601" level="INFO">{'gender': 'male', 'name': {'title': 'Mr', 'first': 'Igor', 'last': 'Lode'}, 'location': {'street': {'number': 5897, 'name': 'Tverrbakken'}, 'city': 'Ågotnes', 'state': 'Nordland', 'country': 'Norway', 'postcode': '2427', 'coordinates': {'latitude': '47.1062', 'longitude': '-131.8106'}, 'timezone': {'offset': '+5:45', 'description': 'Kathmandu'}}, 'email': 'igor.lode@example.com', 'login': {'uuid': '57c9ef7a-2c4a-4c73-b55d-816213a5d75f', 'username': 'goldenswan566', 'password': 'fountain', 'salt': 'kUsOYCmn', 'md5': 'f03b9b48e0989dbf4ff3e7be4149d6b5', 'sha1': '3321fb0b093e84901524d7c3e91cef2402c59c10', 'sha256': 'e49efc76e694efc5759c03ce31f5affe0a2b4864b2acd06c194ae3384494be40'}, 'dob': {'date': '1950-11-23T23:26:21.351Z', 'age': 73}, 'registered': {'date': '2010-10-02T17:42:43.034Z', 'age': 13}, 'phone': '22638439', 'cell': '48982842', 'id': {'name': 'FN', 'value': '23115009109'}, 'picture': {'large': 'https://randomuser.me/api/portraits/men/17.jpg', 'medium': 'https://randomuser.me/api/portraits/med/men/17.jpg', 'thumbnail': 'https://randomuser.me/api/portraits/thumb/men/17.jpg'}, 'nat': 'NO'}</msg>
<arg>${json_data['results'][0]}</arg>
<doc>Logs the given message with the given level.</doc>
<status status="PASS" start="2024-05-25T11:13:01.267221" elapsed="0.000430"/>
</kw>
<kw name="Log" owner="BuiltIn">
<msg time="2024-05-25T11:13:01.268073" level="INFO">location</msg>
<arg>${key}</arg>
<doc>Logs the given message with the given level.</doc>
<status status="PASS" start="2024-05-25T11:13:01.267948" elapsed="0.000162"/>
</kw>
<var name="${key}">location</var>
<status status="PASS" start="2024-05-25T11:13:01.266358" elapsed="0.001973"/>
</iter>
<iter>
<kw name="Dictionary Should Contain Key" owner="Collections">
<msg time="2024-05-25T11:13:01.269114" level="INFO">False</msg>
<arg>${json_data['results'][0]}</arg>
<arg>${key}</arg>
<doc>Fails if ``key`` is not found from ``dictionary``.</doc>
<status status="PASS" start="2024-05-25T11:13:01.268616" elapsed="0.000536"/>
</kw>
<kw name="Log" owner="BuiltIn">
<msg time="2024-05-25T11:13:01.269809" level="INFO">{'gender': 'male', 'name': {'title': 'Mr', 'first': 'Igor', 'last': 'Lode'}, 'location': {'street': {'number': 5897, 'name': 'Tverrbakken'}, 'city': 'Ågotnes', 'state': 'Nordland', 'country': 'Norway', 'postcode': '2427', 'coordinates': {'latitude': '47.1062', 'longitude': '-131.8106'}, 'timezone': {'offset': '+5:45', 'description': 'Kathmandu'}}, 'email': 'igor.lode@example.com', 'login': {'uuid': '57c9ef7a-2c4a-4c73-b55d-816213a5d75f', 'username': 'goldenswan566', 'password': 'fountain', 'salt': 'kUsOYCmn', 'md5': 'f03b9b48e0989dbf4ff3e7be4149d6b5', 'sha1': '3321fb0b093e84901524d7c3e91cef2402c59c10', 'sha256': 'e49efc76e694efc5759c03ce31f5affe0a2b4864b2acd06c194ae3384494be40'}, 'dob': {'date': '1950-11-23T23:26:21.351Z', 'age': 73}, 'registered': {'date': '2010-10-02T17:42:43.034Z', 'age': 13}, 'phone': '22638439', 'cell': '48982842', 'id': {'name': 'FN', 'value': '23115009109'}, 'picture': {'large': 'https://randomuser.me/api/portraits/men/17.jpg', 'medium': 'https://randomuser.me/api/portraits/med/men/17.jpg', 'thumbnail': 'https://randomuser.me/api/portraits/thumb/men/17.jpg'}, 'nat': 'NO'}</msg>
<arg>${json_data['results'][0]}</arg>
<doc>Logs the given message with the given level.</doc>
<status status="PASS" start="2024-05-25T11:13:01.269448" elapsed="0.000420"/>
</kw>
<kw name="Log" owner="BuiltIn">
<msg time="2024-05-25T11:13:01.270293" level="INFO">email</msg>
<arg>${key}</arg>
<doc>Logs the given message with the given level.</doc>
<status status="PASS" start="2024-05-25T11:13:01.270165" elapsed="0.000165"/>
</kw>
<var name="${key}">email</var>
<status status="PASS" start="2024-05-25T11:13:01.268506" elapsed="0.002035"/>
</iter>
<iter>
<kw name="Dictionary Should Contain Key" owner="Collections">
<msg time="2024-05-25T11:13:01.271224" level="INFO">False</msg>
<arg>${json_data['results'][0]}</arg>
<arg>${key}</arg>
<doc>Fails if ``key`` is not found from ``dictionary``.</doc>
<status status="PASS" start="2024-05-25T11:13:01.270826" elapsed="0.000445"/>
</kw>
<kw name="Log" owner="BuiltIn">
<msg time="2024-05-25T11:13:01.271931" level="INFO">{'gender': 'male', 'name': {'title': 'Mr', 'first': 'Igor', 'last': 'Lode'}, 'location': {'street': {'number': 5897, 'name': 'Tverrbakken'}, 'city': 'Ågotnes', 'state': 'Nordland', 'country': 'Norway', 'postcode': '2427', 'coordinates': {'latitude': '47.1062', 'longitude': '-131.8106'}, 'timezone': {'offset': '+5:45', 'description': 'Kathmandu'}}, 'email': 'igor.lode@example.com', 'login': {'uuid': '57c9ef7a-2c4a-4c73-b55d-816213a5d75f', 'username': 'goldenswan566', 'password': 'fountain', 'salt': 'kUsOYCmn', 'md5': 'f03b9b48e0989dbf4ff3e7be4149d6b5', 'sha1': '3321fb0b093e84901524d7c3e91cef2402c59c10', 'sha256': 'e49efc76e694efc5759c03ce31f5affe0a2b4864b2acd06c194ae3384494be40'}, 'dob': {'date': '1950-11-23T23:26:21.351Z', 'age': 73}, 'registered': {'date': '2010-10-02T17:42:43.034Z', 'age': 13}, 'phone': '22638439', 'cell': '48982842', 'id': {'name': 'FN', 'value': '23115009109'}, 'picture': {'large': 'https://randomuser.me/api/portraits/men/17.jpg', 'medium': 'https://randomuser.me/api/portraits/med/men/17.jpg', 'thumbnail': 'https://randomuser.me/api/portraits/thumb/men/17.jpg'}, 'nat': 'NO'}</msg>
<arg>${json_data['results'][0]}</arg>
<doc>Logs the given message with the given level.</doc>
<status status="PASS" start="2024-05-25T11:13:01.271566" elapsed="0.000413"/>
</kw>
<kw name="Log" owner="BuiltIn">
<msg time="2024-05-25T11:13:01.272401" level="INFO">login</msg>
<arg>${key}</arg>
<doc>Logs the given message with the given level.</doc>
<status status="PASS" start="2024-05-25T11:13:01.272274" elapsed="0.000164"/>
</kw>
<var name="${key}">login</var>
<status status="PASS" start="2024-05-25T11:13:01.270715" elapsed="0.001939"/>
</iter>
<var>${key}</var>
<value>@{expected_keys}</value>
<status status="PASS" start="2024-05-25T11:13:01.261853" elapsed="0.010921"/>
</for>
<kw name="Create List" owner="BuiltIn">
<msg time="2024-05-25T11:13:01.273136" level="INFO">${expected_keysTwo} = ['username', 'password']</msg>
<var>${expected_keysTwo}</var>
<arg>username</arg>
<arg>password</arg>
<doc>Returns a list containing given items.</doc>
<status status="PASS" start="2024-05-25T11:13:01.272965" elapsed="0.000195"/>
</kw>
<for flavor="IN">
<iter>
<kw name="Dictionary Should Contain Key" owner="Collections">
<msg time="2024-05-25T11:13:01.274033" level="INFO">False</msg>
<arg>${json_data['results'][0]['login']}</arg>
<arg>${keyTwo}</arg>
<doc>Fails if ``key`` is not found from ``dictionary``.</doc>
<status status="PASS" start="2024-05-25T11:13:01.273654" elapsed="0.000416"/>
</kw>
<kw name="Dictionary Should Contain Key" owner="Collections">
<msg time="2024-05-25T11:13:01.274739" level="INFO">False</msg>
<arg>${json_data['results'][0]['login']}</arg>
<arg>${keyTwo}</arg>
<doc>Fails if ``key`` is not found from ``dictionary``.</doc>
<status status="PASS" start="2024-05-25T11:13:01.274364" elapsed="0.000412"/>
</kw>
<kw name="Log" owner="BuiltIn">
<msg time="2024-05-25T11:13:01.275225" level="INFO">username</msg>
<arg>${keyTwo}</arg>
<doc>Logs the given message with the given level.</doc>
<status status="PASS" start="2024-05-25T11:13:01.275065" elapsed="0.000210"/>
</kw>
<var name="${keyTwo}">username</var>
<status status="PASS" start="2024-05-25T11:13:01.273546" elapsed="0.001944"/>
</iter>
<iter>
<kw name="Dictionary Should Contain Key" owner="Collections">
<msg time="2024-05-25T11:13:01.276149" level="INFO">False</msg>
<arg>${json_data['results'][0]['login']}</arg>
<arg>${keyTwo}</arg>
<doc>Fails if ``key`` is not found from ``dictionary``.</doc>
<status status="PASS" start="2024-05-25T11:13:01.275769" elapsed="0.000417"/>
</kw>
<kw name="Dictionary Should Contain Key" owner="Collections">
<msg time="2024-05-25T11:13:01.276890" level="INFO">False</msg>
<arg>${json_data['results'][0]['login']}</arg>
<arg>${keyTwo}</arg>
<doc>Fails if ``key`` is not found from ``dictionary``.</doc>
<status status="PASS" start="2024-05-25T11:13:01.276514" elapsed="0.000414"/>
</kw>
<kw name="Log" owner="BuiltIn">
<msg time="2024-05-25T11:13:01.277348" level="INFO">password</msg>
<arg>${keyTwo}</arg>
<doc>Logs the given message with the given level.</doc>
<status status="PASS" start="2024-05-25T11:13:01.277221" elapsed="0.000164"/>
</kw>
<var name="${keyTwo}">password</var>
<status status="PASS" start="2024-05-25T11:13:01.275660" elapsed="0.001939"/>
</iter>
<var>${keyTwo}</var>
<value>@{expected_keysTwo}</value>
<status status="PASS" start="2024-05-25T11:13:01.273397" elapsed="0.004321"/>
</for>
<status status="PASS" start="2024-05-25T11:13:00.814448" elapsed="0.463412"/>
</kw>
<doc>Testa a estrutura da resposta da API.</doc>
<tag>testeEstruturaResposta</tag>
<status status="PASS" start="2024-05-25T11:13:00.813960" elapsed="0.464059"/>
</test>
<test id="s1-s1-t4" name="Validar tipos de dados" line="28">
<kw name="Teste de Tipos de Dados" owner="random-user-service">
<kw name="GET On Session" owner="RequestsLibrary">
<msg time="2024-05-25T11:13:01.438905" level="INFO">GET Request : url=https://randomuser.me/api 
 path_url=/api 
 headers={'User-Agent': 'python-requests/2.32.2', 'Accept-Encoding': 'gzip, deflate', 'Accept': '*/*', 'Connection': 'keep-alive'} 
 body=None 
 </msg>
<msg time="2024-05-25T11:13:01.438994" level="INFO">GET Response : url=https://randomuser.me/api 
 status=200, reason=OK 
 headers={'Date': 'Sat, 25 May 2024 11:13:01 GMT', 'Content-Type': 'application/json; charset=utf-8', 'Transfer-Encoding': 'chunked', 'Connection': 'keep-alive', 'X-Powered-By': 'Express', 'Access-Control-Allow-Origin': '*', 'Cache-Control': 'no-cache', 'ETag': 'W/"498-vkqiKWOAw7FRZ6Ui55SGPlNDP3Q"', 'Vary': 'Accept-Encoding', 'Content-Encoding': 'gzip', 'CF-Cache-Status': 'DYNAMIC', 'Report-To': '{"endpoints":[{"url":"https:\\/\\/a.nel.cloudflare.com\\/report\\/v4?s=Bxzi1l4wTjGy0oHc63fES23f5WBZS6NRgs5VSnIGYtwAWeFDd%2BLH53vlKlg6wPo%2FP2IauOMz%2BKP54xQtRSlxf032oDgODbcqfXsdP%2BYn%2F%2FmS60thpKPjHBfwSa%2Bz3WTV"}],"group":"cf-nel","max_age":604800}', 'NEL': '{"success_fraction":0,"report_to":"cf-nel","max_age":604800}', 'Server': 'cloudflare', 'CF-RAY': '889517ff0a650909-LAX', 'alt-svc': 'h3=":443"; ma=86400'} 
 body={"results":[{"gender":"male","name":{"title":"Mr","first":"Emil","last":"Keranen"},"location":{"street":{"number":2841,"name":"Mannerheimintie"},"city":"Perho","state":"South Karelia","country":"Finland","postcode":92493,"coordinates":{"latitude":"-27.4196","longitude":"-140.9506"},"timezone":{"offset":"-4:00","description":"Atlantic Time (Canada), Caracas, La Paz"}},"email":"emil.keranen@example.com","login":{"uuid":"44446abe-056e-4e17-a1d9-eda554317c55","username":"tinymouse936","password":"alicia","salt":"dwz43gEk","md5":"def02a0065284b9117ccd9cf33d131a5","sha1":"8bf0569d9a4f8238e6ca64387c5758c73d6879c0","sha256":"2440d5c1fc052423f216322472e806a6526b3a6e61f23b63cb0df8b6a4acff19"},"dob":{"date":"1993-07-01T01:03:34.626Z","age":30},"registered":{"date":"2014-12-11T07:23:01.123Z","age":9},"phone":"04-211-483","cell":"043-194-36-34","id":{"name":"HETU","value":"NaNNA437undefined"},"picture":{"large":"https://randomuser.me/api/portraits/men/33.jpg","medium":"https://randomuser.me/api/portraits/med/men/33.jpg","thumbnail":"https://randomuser.me/api/portraits/thumb/men/33.jpg"},"nat":"FI"}],"info":{"seed":"53044c69627dc452","results":1,"page":1,"version":"1.4"}} 
 </msg>
<msg time="2024-05-25T11:13:01.439067" level="INFO">/opt/hostedtoolcache/Python/3.12.3/x64/lib/python3.12/site-packages/urllib3/connectionpool.py:1103: InsecureRequestWarning: Unverified HTTPS request is being made to host 'randomuser.me'. Adding certificate verification is strongly advised. See: https://urllib3.readthedocs.io/en/latest/advanced-usage.html#tls-warnings
  warnings.warn(</msg>
<msg time="2024-05-25T11:13:01.439223" level="INFO">${response} = &lt;Response [200]&gt;</msg>
<var>${response}</var>
<arg>consultarAPI</arg>
<arg>/api</arg>
<doc>Sends a GET request on a previously created HTTP Session.</doc>
<status status="PASS" start="2024-05-25T11:13:01.280596" elapsed="0.158676"/>
</kw>
<kw name="Set Variable" owner="BuiltIn">
<msg time="2024-05-25T11:13:01.440382" level="INFO">${json_data} = {'results': [{'gender': 'male', 'name': {'title': 'Mr', 'first': 'Emil', 'last': 'Keranen'}, 'location': {'street': {'number': 2841, 'name': 'Mannerheimintie'}, 'city': 'Perho', 'state': 'South Kareli...</msg>
<var>${json_data}</var>
<arg>${response.json()}</arg>
<doc>Returns the given values which can then be assigned to a variables.</doc>
<status status="PASS" start="2024-05-25T11:13:01.439836" elapsed="0.000575"/>
</kw>
<kw name="Log" owner="BuiltIn">
<msg time="2024-05-25T11:13:01.440876" level="INFO">{'results': [{'gender': 'male', 'name': {'title': 'Mr', 'first': 'Emil', 'last': 'Keranen'}, 'location': {'street': {'number': 2841, 'name': 'Mannerheimintie'}, 'city': 'Perho', 'state': 'South Karelia', 'country': 'Finland', 'postcode': 92493, 'coordinates': {'latitude': '-27.4196', 'longitude': '-140.9506'}, 'timezone': {'offset': '-4:00', 'description': 'Atlantic Time (Canada), Caracas, La Paz'}}, 'email': 'emil.keranen@example.com', 'login': {'uuid': '44446abe-056e-4e17-a1d9-eda554317c55', 'username': 'tinymouse936', 'password': 'alicia', 'salt': 'dwz43gEk', 'md5': 'def02a0065284b9117ccd9cf33d131a5', 'sha1': '8bf0569d9a4f8238e6ca64387c5758c73d6879c0', 'sha256': '2440d5c1fc052423f216322472e806a6526b3a6e61f23b63cb0df8b6a4acff19'}, 'dob': {'date': '1993-07-01T01:03:34.626Z', 'age': 30}, 'registered': {'date': '2014-12-11T07:23:01.123Z', 'age': 9}, 'phone': '04-211-483', 'cell': '043-194-36-34', 'id': {'name': 'HETU', 'value': 'NaNNA437undefined'}, 'picture': {'large': 'https://randomuser.me/api/portraits/men/33.jpg', 'medium': 'https://randomuser.me/api/portraits/med/men/33.jpg', 'thumbnail': 'https://randomuser.me/api/portraits/thumb/men/33.jpg'}, 'nat': 'FI'}], 'info': {'seed': '53044c69627dc452', 'results': 1, 'page': 1, 'version': '1.4'}}</msg>
<arg>${json_data}</arg>
<doc>Logs the given message with the given level.</doc>
<status status="PASS" start="2024-05-25T11:13:01.440716" elapsed="0.000208"/>
</kw>
<kw name="Should Be String" owner="String">
<arg>${json_data['results'][0]['gender']}</arg>
<doc>Fails if the given ``item`` is not a string.</doc>
<status status="PASS" start="2024-05-25T11:13:01.441249" elapsed="0.000362"/>
</kw>
<kw name="Should Match Regexp" owner="BuiltIn">
<arg>${json_data['results'][0]['email']}</arg>
<arg>^[a-zA-Z0-9._%+-]+@[a-zA-Z0-9.-]+\.[a-zA-Z]{2,}$</arg>
<doc>Fails if ``string`` does not match ``pattern`` as a regular expression.</doc>
<status status="PASS" start="2024-05-25T11:13:01.441808" elapsed="0.000649"/>
</kw>
<kw name="Should Match Regexp" owner="BuiltIn">
<arg>${json_data['results'][0]['dob']['date']}</arg>
<arg>\\d{4}-\\d{2}-\\d{2}T\\d{2}:\\d{2}:\\d{2}\\.\\d{3}Z</arg>
<doc>Fails if ``string`` does not match ``pattern`` as a regular expression.</doc>
<status status="PASS" start="2024-05-25T11:13:01.442658" elapsed="0.000480"/>
</kw>
<kw name="Should Match Regexp" owner="BuiltIn">
<arg>${json_data['results'][0]['registered']['date']}</arg>
<arg>\\d{4}-\\d{2}-\\d{2}T\\d{2}:\\d{2}:\\d{2}\\.\\d{3}Z</arg>
<doc>Fails if ``string`` does not match ``pattern`` as a regular expression.</doc>
<status status="PASS" start="2024-05-25T11:13:01.443382" elapsed="0.000375"/>
</kw>
<kw name="Should Match Regexp" owner="BuiltIn">
<arg>${json_data['results'][0]['picture']['large']}</arg>
<arg>^https?://.*\.(?:png|jpe?g|gif|bmp)$</arg>
<doc>Fails if ``string`` does not match ``pattern`` as a regular expression.</doc>
<status status="PASS" start="2024-05-25T11:13:01.443947" elapsed="0.000460"/>
</kw>
<kw name="Should Match Regexp" owner="BuiltIn">
<arg>${json_data['results'][0]['picture']['medium']}</arg>
<arg>^https?://.*\.(?:png|jpe?g|gif|bmp)$</arg>
<doc>Fails if ``string`` does not match ``pattern`` as a regular expression.</doc>
<status status="PASS" start="2024-05-25T11:13:01.444600" elapsed="0.000352"/>
</kw>
<kw name="Should Match Regexp" owner="BuiltIn">
<arg>${json_data['results'][0]['picture']['thumbnail']}</arg>
<arg>^https?://.*\.(?:png|jpe?g|gif|bmp)$</arg>
<doc>Fails if ``string`` does not match ``pattern`` as a regular expression.</doc>
<status status="PASS" start="2024-05-25T11:13:01.445148" elapsed="0.000360"/>
</kw>
<kw name="Log" owner="BuiltIn">
<msg time="2024-05-25T11:13:01.446014" level="INFO">{'large': 'https://randomuser.me/api/portraits/men/33.jpg', 'medium': 'https://randomuser.me/api/portraits/med/men/33.jpg', 'thumbnail': 'https://randomuser.me/api/portraits/thumb/men/33.jpg'}</msg>
<arg>${json_data['results'][0]['picture']}</arg>
<doc>Logs the given message with the given level.</doc>
<status status="PASS" start="2024-05-25T11:13:01.445693" elapsed="0.000362"/>
</kw>
<status status="PASS" start="2024-05-25T11:13:01.280359" elapsed="0.165952"/>
</kw>
<kw name="Teste de Tipos de Dados - Postcode" owner="random-user-service">
<kw name="GET On Session" owner="RequestsLibrary">
<msg time="2024-05-25T11:13:01.555257" level="INFO">GET Request : url=https://randomuser.me/api 
 path_url=/api 
 headers={'User-Agent': 'python-requests/2.32.2', 'Accept-Encoding': 'gzip, deflate', 'Accept': '*/*', 'Connection': 'keep-alive'} 
 body=None 
 </msg>
<msg time="2024-05-25T11:13:01.555355" level="INFO">GET Response : url=https://randomuser.me/api 
 status=200, reason=OK 
 headers={'Date': 'Sat, 25 May 2024 11:13:01 GMT', 'Content-Type': 'application/json; charset=utf-8', 'Transfer-Encoding': 'chunked', 'Connection': 'keep-alive', 'X-Powered-By': 'Express', 'Access-Control-Allow-Origin': '*', 'Cache-Control': 'no-cache', 'ETag': 'W/"496-JekR0ly9apBsoYTr986vUDaEvNk"', 'Vary': 'Accept-Encoding', 'Content-Encoding': 'gzip', 'CF-Cache-Status': 'DYNAMIC', 'Report-To': '{"endpoints":[{"url":"https:\\/\\/a.nel.cloudflare.com\\/report\\/v4?s=N783uf3Li4IyN8HzKFZ6mE%2B3P12w4vg2d9jDT8v8Jqc3YtNi33PCsxGWtRNj%2B9TwVYIYr45xKmJpBfU7mmyXZOGpCS3l19oADxxXH56evWCy8nZf1uETqvIsNxhH%2Fz61"}],"group":"cf-nel","max_age":604800}', 'NEL': '{"success_fraction":0,"report_to":"cf-nel","max_age":604800}', 'Server': 'cloudflare', 'CF-RAY': '889518001b720909-LAX', 'alt-svc': 'h3=":443"; ma=86400'} 
 body={"results":[{"gender":"male","name":{"title":"Mr","first":"Hector","last":"Wade"},"location":{"street":{"number":3537,"name":"Groveland Terrace"},"city":"Devonport","state":"Australian Capital Territory","country":"Australia","postcode":2362,"coordinates":{"latitude":"-84.3927","longitude":"-19.2656"},"timezone":{"offset":"-12:00","description":"Eniwetok, Kwajalein"}},"email":"hector.wade@example.com","login":{"uuid":"6e05550a-dce0-42d3-9d57-fbd55bffe54e","username":"goldenladybug948","password":"stonecol","salt":"1W6bl2nY","md5":"d870feecc420688157087324355a7af5","sha1":"b4bb88ab362dfbb546c9bd9060fb231ed84dd08f","sha256":"16d8676c1de7ed62aa81e5f1918e156dfcc14bbf71b53a0ccc450c70838b21ba"},"dob":{"date":"1984-05-19T09:01:27.893Z","age":40},"registered":{"date":"2018-12-23T16:45:33.566Z","age":5},"phone":"03-7999-3297","cell":"0424-634-742","id":{"name":"TFN","value":"889988480"},"picture":{"large":"https://randomuser.me/api/portraits/men/32.jpg","medium":"https://randomuser.me/api/portraits/med/men/32.jpg","thumbnail":"https://randomuser.me/api/portraits/thumb/men/32.jpg"},"nat":"AU"}],"info":{"seed":"2491debd5f09803f","results":1,"page":1,"version":"1.4"}} 
 </msg>
<msg time="2024-05-25T11:13:01.555422" level="INFO">/opt/hostedtoolcache/Python/3.12.3/x64/lib/python3.12/site-packages/urllib3/connectionpool.py:1103: InsecureRequestWarning: Unverified HTTPS request is being made to host 'randomuser.me'. Adding certificate verification is strongly advised. See: https://urllib3.readthedocs.io/en/latest/advanced-usage.html#tls-warnings
  warnings.warn(</msg>
<msg time="2024-05-25T11:13:01.555542" level="INFO">${response} = &lt;Response [200]&gt;</msg>
<var>${response}</var>
<arg>consultarAPI</arg>
<arg>/api</arg>
<doc>Sends a GET request on a previously created HTTP Session.</doc>
<status status="PASS" start="2024-05-25T11:13:01.446763" elapsed="0.108818"/>
</kw>
<kw name="Set Variable" owner="BuiltIn">
<msg time="2024-05-25T11:13:01.556736" level="INFO">${json_data} = {'results': [{'gender': 'male', 'name': {'title': 'Mr', 'first': 'Hector', 'last': 'Wade'}, 'location': {'street': {'number': 3537, 'name': 'Groveland Terrace'}, 'city': 'Devonport', 'state': 'Austral...</msg>
<var>${json_data}</var>
<arg>${response.json()}</arg>
<doc>Returns the given values which can then be assigned to a variables.</doc>
<status status="PASS" start="2024-05-25T11:13:01.556197" elapsed="0.000568"/>
</kw>
<kw name="Log" owner="BuiltIn">
<msg time="2024-05-25T11:13:01.557233" level="INFO">{'results': [{'gender': 'male', 'name': {'title': 'Mr', 'first': 'Hector', 'last': 'Wade'}, 'location': {'street': {'number': 3537, 'name': 'Groveland Terrace'}, 'city': 'Devonport', 'state': 'Australian Capital Territory', 'country': 'Australia', 'postcode': 2362, 'coordinates': {'latitude': '-84.3927', 'longitude': '-19.2656'}, 'timezone': {'offset': '-12:00', 'description': 'Eniwetok, Kwajalein'}}, 'email': 'hector.wade@example.com', 'login': {'uuid': '6e05550a-dce0-42d3-9d57-fbd55bffe54e', 'username': 'goldenladybug948', 'password': 'stonecol', 'salt': '1W6bl2nY', 'md5': 'd870feecc420688157087324355a7af5', 'sha1': 'b4bb88ab362dfbb546c9bd9060fb231ed84dd08f', 'sha256': '16d8676c1de7ed62aa81e5f1918e156dfcc14bbf71b53a0ccc450c70838b21ba'}, 'dob': {'date': '1984-05-19T09:01:27.893Z', 'age': 40}, 'registered': {'date': '2018-12-23T16:45:33.566Z', 'age': 5}, 'phone': '03-7999-3297', 'cell': '0424-634-742', 'id': {'name': 'TFN', 'value': '889988480'}, 'picture': {'large': 'https://randomuser.me/api/portraits/men/32.jpg', 'medium': 'https://randomuser.me/api/portraits/med/men/32.jpg', 'thumbnail': 'https://randomuser.me/api/portraits/thumb/men/32.jpg'}, 'nat': 'AU'}], 'info': {'seed': '2491debd5f09803f', 'results': 1, 'page': 1, 'version': '1.4'}}</msg>
<arg>${json_data}</arg>
<doc>Logs the given message with the given level.</doc>
<status status="PASS" start="2024-05-25T11:13:01.557076" elapsed="0.000204"/>
</kw>
<kw name="Should Be Equal As Numbers" owner="BuiltIn">
<arg>${json_data['results'][0]['location']['postcode']}</arg>
<arg>${json_data['results'][0]['location']['postcode']}</arg>
<doc>Fails if objects are unequal after converting them to real numbers.</doc>
<status status="PASS" start="2024-05-25T11:13:01.557582" elapsed="0.000619"/>
</kw>
<kw name="Log" owner="BuiltIn">
<msg time="2024-05-25T11:13:01.558766" level="INFO">2362</msg>
<arg>${json_data['results'][0]['location']['postcode']}</arg>
<doc>Logs the given message with the given level.</doc>
<status status="PASS" start="2024-05-25T11:13:01.558428" elapsed="0.000378"/>
</kw>
<status status="PASS" start="2024-05-25T11:13:01.446533" elapsed="0.112528"/>
</kw>
<doc>Testa se os tipos de dados na resposta da API estão corretos.</doc>
<tag>testeTiposDados</tag>
<status status="PASS" start="2024-05-25T11:13:01.279803" elapsed="0.279488"/>
</test>
<test id="s1-s1-t5" name="Validar conteudo" line="35">
<kw name="Teste de Tipos de Conteudo" owner="random-user-service">
<kw name="GET On Session" owner="RequestsLibrary">
<msg time="2024-05-25T11:13:02.081080" level="INFO">GET Request : url=https://randomuser.me/api 
 path_url=/api 
 headers={'User-Agent': 'python-requests/2.32.2', 'Accept-Encoding': 'gzip, deflate', 'Accept': '*/*', 'Connection': 'keep-alive'} 
 body=None 
 </msg>
<msg time="2024-05-25T11:13:02.081172" level="INFO">GET Response : url=https://randomuser.me/api 
 status=200, reason=OK 
 headers={'Date': 'Sat, 25 May 2024 11:13:02 GMT', 'Content-Type': 'application/json; charset=utf-8', 'Transfer-Encoding': 'chunked', 'Connection': 'keep-alive', 'X-Powered-By': 'Express', 'Access-Control-Allow-Origin': '*', 'Cache-Control': 'no-cache', 'ETag': 'W/"494-g5ucYLp6iGHPT1lvixREjOwhIzU"', 'Vary': 'Accept-Encoding', 'Content-Encoding': 'gzip', 'CF-Cache-Status': 'DYNAMIC', 'Report-To': '{"endpoints":[{"url":"https:\\/\\/a.nel.cloudflare.com\\/report\\/v4?s=Bv8xlfHjEH4kO1fFcN3Qn4mOY3SWUERThrmq22RdlgjNFgZgPiuHVjsPFnnPhX3SOKFut7FPo26PZJfn8SW8kKm3IHDKd%2F5ONNpo1PyeNzJZVOwsf8NuzXYLElSAka3%2B"}],"group":"cf-nel","max_age":604800}', 'NEL': '{"success_fraction":0,"report_to":"cf-nel","max_age":604800}', 'Server': 'cloudflare', 'CF-RAY': '88951800cc140909-LAX', 'alt-svc': 'h3=":443"; ma=86400'} 
 body={"results":[{"gender":"female","name":{"title":"Ms","first":"Maya","last":"Reid"},"location":{"street":{"number":8726,"name":"Victoria Road"},"city":"Salisbury","state":"Surrey","country":"United Kingdom","postcode":"E8L 3NF","coordinates":{"latitude":"-9.0153","longitude":"175.7085"},"timezone":{"offset":"-3:00","description":"Brazil, Buenos Aires, Georgetown"}},"email":"maya.reid@example.com","login":{"uuid":"bbc5debd-704c-4d10-a58e-54409e3d8a4b","username":"tinyfrog351","password":"lauren","salt":"drW2gcxv","md5":"eaf0593c7a8b89875a5e1a6aaf1c42a9","sha1":"1cf23533fa6cbcc390a07aab024d5e2930a47adc","sha256":"9bc1953218a8babf7cf82b069d563b7cf96cd16d2e81d3c15b67b99ed6c18b1b"},"dob":{"date":"1959-11-25T18:23:59.186Z","age":64},"registered":{"date":"2002-06-21T09:52:59.968Z","age":21},"phone":"016977 30269","cell":"07696 162397","id":{"name":"NINO","value":"OB 92 10 72 V"},"picture":{"large":"https://randomuser.me/api/portraits/women/56.jpg","medium":"https://randomuser.me/api/portraits/med/women/56.jpg","thumbnail":"https://randomuser.me/api/portraits/thumb/women/56.jpg"},"nat":"GB"}],"info":{"seed":"8e63f92098eb87c9","results":1,"page":1,"version":"1.4"}} 
 </msg>
<msg time="2024-05-25T11:13:02.081249" level="INFO">/opt/hostedtoolcache/Python/3.12.3/x64/lib/python3.12/site-packages/urllib3/connectionpool.py:1103: InsecureRequestWarning: Unverified HTTPS request is being made to host 'randomuser.me'. Adding certificate verification is strongly advised. See: https://urllib3.readthedocs.io/en/latest/advanced-usage.html#tls-warnings
  warnings.warn(</msg>
<msg time="2024-05-25T11:13:02.081376" level="INFO">${response} = &lt;Response [200]&gt;</msg>
<var>${response}</var>
<arg>consultarAPI</arg>
<arg>/api</arg>
<doc>Sends a GET request on a previously created HTTP Session.</doc>
<status status="PASS" start="2024-05-25T11:13:01.561840" elapsed="0.519584"/>
</kw>
<kw name="Set Variable" owner="BuiltIn">
<msg time="2024-05-25T11:13:02.082375" level="INFO">${json_data} = {'results': [{'gender': 'female', 'name': {'title': 'Ms', 'first': 'Maya', 'last': 'Reid'}, 'location': {'street': {'number': 8726, 'name': 'Victoria Road'}, 'city': 'Salisbury', 'state': 'Surrey', 'c...</msg>
<var>${json_data}</var>
<arg>${response.json()}</arg>
<doc>Returns the given values which can then be assigned to a variables.</doc>
<status status="PASS" start="2024-05-25T11:13:02.081912" elapsed="0.000491"/>
</kw>
<kw name="Set Variable" owner="BuiltIn">
<msg time="2024-05-25T11:13:02.083103" level="INFO">${name_title} = Ms</msg>
<var>${name_title}</var>
<arg>${json_data["results"][0]["name"]["title"]}</arg>
<doc>Returns the given values which can then be assigned to a variables.</doc>
<status status="PASS" start="2024-05-25T11:13:02.082706" elapsed="0.000423"/>
</kw>
<kw name="Create List" owner="BuiltIn">
<msg time="2024-05-25T11:13:02.083619" level="INFO">${allowed_titles} = ['Mr', 'Ms', 'Miss', 'Mrs', 'Madame', 'Monsieur']</msg>
<var>${allowed_titles}</var>
<arg>Mr</arg>
<arg>Ms</arg>
<arg>Miss</arg>
<arg>Mrs</arg>
<arg>Madame</arg>
<arg>Monsieur</arg>
<doc>Returns a list containing given items.</doc>
<status status="PASS" start="2024-05-25T11:13:02.083470" elapsed="0.000173"/>
</kw>
<kw name="List Should Contain Value" owner="Collections">
<msg time="2024-05-25T11:13:02.084121" level="INFO">False</msg>
<arg>${allowed_titles}</arg>
<arg>${name_title}</arg>
<doc>Fails if the ``value`` is not found from ``list``.</doc>
<status status="PASS" start="2024-05-25T11:13:02.083942" elapsed="0.000226"/>
</kw>
<kw name="Set Variable" owner="BuiltIn">
<msg time="2024-05-25T11:13:02.085008" level="INFO">${name_country} = GB</msg>
<var>${name_country}</var>
<arg>${json_data["results"][0]["nat"]}</arg>
<doc>Returns the given values which can then be assigned to a variables.</doc>
<status status="PASS" start="2024-05-25T11:13:02.084469" elapsed="0.000564"/>
</kw>
<kw name="Create List" owner="BuiltIn">
<msg time="2024-05-25T11:13:02.085974" level="INFO">${list_country} = ['AD', 'AE', 'AF', 'AG', 'AI', 'AL', 'AM', 'AO', 'AQ', 'AR', 'AS', 'AT', 'AU', 'AW', 'AX', 'AZ', 'BA', 'BB', 'BD', 'BE', 'BF', 'BG', 'BH', 'BI', 'BJ', 'BL', 'BM', 'BN', 'BO', 'BQ', 'BR', 'BS', 'BT', '...</msg>
<var>${list_country}</var>
<arg>AD</arg>
<arg>AE</arg>
<arg>AF</arg>
<arg>AG</arg>
<arg>AI</arg>
<arg>AL</arg>
<arg>AM</arg>
<arg>AO</arg>
<arg>AQ</arg>
<arg>AR</arg>
<arg>AS</arg>
<arg>AT</arg>
<arg>AU</arg>
<arg>AW</arg>
<arg>AX</arg>
<arg>AZ</arg>
<arg>BA</arg>
<arg>BB</arg>
<arg>BD</arg>
<arg>BE</arg>
<arg>BF</arg>
<arg>BG</arg>
<arg>BH</arg>
<arg>BI</arg>
<arg>BJ</arg>
<arg>BL</arg>
<arg>BM</arg>
<arg>BN</arg>
<arg>BO</arg>
<arg>BQ</arg>
<arg>BR</arg>
<arg>BS</arg>
<arg>BT</arg>
<arg>BV</arg>
<arg>BW</arg>
<arg>BY</arg>
<arg>BZ</arg>
<arg>CA</arg>
<arg>CC</arg>
<arg>CD</arg>
<arg>CF</arg>
<arg>CG</arg>
<arg>CH</arg>
<arg>CI</arg>
<arg>CK</arg>
<arg>CL</arg>
<arg>CM</arg>
<arg>CN</arg>
<arg>CO</arg>
<arg>CR</arg>
<arg>CU</arg>
<arg>CV</arg>
<arg>CW</arg>
<arg>CX</arg>
<arg>CY</arg>
<arg>CZ</arg>
<arg>DE</arg>
<arg>DJ</arg>
<arg>DK</arg>
<arg>DM</arg>
<arg>DO</arg>
<arg>DZ</arg>
<arg>EC</arg>
<arg>EE</arg>
<arg>EG</arg>
<arg>EH</arg>
<arg>ER</arg>
<arg>ES</arg>
<arg>ET</arg>
<arg>FI</arg>
<arg>FJ</arg>
<arg>FK</arg>
<arg>FM</arg>
<arg>FO</arg>
<arg>FR</arg>
<arg>GA</arg>
<arg>GB</arg>
<arg>GD</arg>
<arg>GE</arg>
<arg>GF</arg>
<arg>GG</arg>
<arg>GH</arg>
<arg>GI</arg>
<arg>GL</arg>
<arg>GM</arg>
<arg>GN</arg>
<arg>GP</arg>
<arg>GQ</arg>
<arg>GR</arg>
<arg>GS</arg>
<arg>GT</arg>
<arg>GU</arg>
<arg>GW</arg>
<arg>GY</arg>
<arg>HK</arg>
<arg>HM</arg>
<arg>HN</arg>
<arg>HR</arg>
<arg>HT</arg>
<arg>HU</arg>
<arg>ID</arg>
<arg>IE</arg>
<arg>IL</arg>
<arg>IM</arg>
<arg>IN</arg>
<arg>IO</arg>
<arg>IQ</arg>
<arg>IR</arg>
<arg>IS</arg>
<arg>IT</arg>
<arg>JE</arg>
<arg>JM</arg>
<arg>JO</arg>
<arg>JP</arg>
<arg>KE</arg>
<arg>KG</arg>
<arg>KH</arg>
<arg>KI</arg>
<arg>KM</arg>
<arg>KN</arg>
<arg>KP</arg>
<arg>KR</arg>
<arg>KW</arg>
<arg>KY</arg>
<arg>KZ</arg>
<arg>LA</arg>
<arg>LB</arg>
<arg>LC</arg>
<arg>LI</arg>
<arg>LK</arg>
<arg>LR</arg>
<arg>LS</arg>
<arg>LT</arg>
<arg>LU</arg>
<arg>LV</arg>
<arg>LY</arg>
<arg>MA</arg>
<arg>MC</arg>
<arg>MD</arg>
<arg>ME</arg>
<arg>MF</arg>
<arg>MG</arg>
<arg>MH</arg>
<arg>MK</arg>
<arg>ML</arg>
<arg>MM</arg>
<arg>MN</arg>
<arg>MO</arg>
<arg>MP</arg>
<arg>MQ</arg>
<arg>MR</arg>
<arg>MS</arg>
<arg>MT</arg>
<arg>MU</arg>
<arg>MV</arg>
<arg>MW</arg>
<arg>MX</arg>
<arg>MY</arg>
<arg>MZ</arg>
<arg>NA</arg>
<arg>NC</arg>
<arg>NE</arg>
<arg>NF</arg>
<arg>NG</arg>
<arg>NI</arg>
<arg>NL</arg>
<arg>NO</arg>
<arg>NP</arg>
<arg>NR</arg>
<arg>NU</arg>
<arg>NZ</arg>
<arg>OM</arg>
<arg>PA</arg>
<arg>PE</arg>
<arg>PF</arg>
<arg>PG</arg>
<arg>PH</arg>
<arg>PK</arg>
<arg>PL</arg>
<arg>PM</arg>
<arg>PN</arg>
<arg>PR</arg>
<arg>PS</arg>
<arg>PT</arg>
<arg>PW</arg>
<arg>PY</arg>
<arg>QA</arg>
<arg>RE</arg>
<arg>RO</arg>
<arg>RS</arg>
<arg>RU</arg>
<arg>RW</arg>
<arg>SA</arg>
<arg>SB</arg>
<arg>SC</arg>
<arg>SD</arg>
<arg>SE</arg>
<arg>SG</arg>
<arg>SH</arg>
<arg>SI</arg>
<arg>SJ</arg>
<arg>SK</arg>
<arg>SL</arg>
<arg>SM</arg>
<arg>SN</arg>
<arg>SO</arg>
<arg>SR</arg>
<arg>SS</arg>
<arg>ST</arg>
<arg>SV</arg>
<arg>SX</arg>
<arg>SY</arg>
<arg>SZ</arg>
<arg>TC</arg>
<arg>TD</arg>
<arg>TF</arg>
<arg>TG</arg>
<arg>TH</arg>
<arg>TJ</arg>
<arg>TK</arg>
<arg>TL</arg>
<arg>TM</arg>
<arg>TN</arg>
<arg>TO</arg>
<arg>TR</arg>
<arg>TT</arg>
<arg>TV</arg>
<arg>TW</arg>
<arg>TZ</arg>
<arg>UA</arg>
<arg>UG</arg>
<arg>UM</arg>
<arg>US</arg>
<arg>UY</arg>
<arg>UZ</arg>
<arg>VA</arg>
<arg>VC</arg>
<arg>VE</arg>
<arg>VG</arg>
<arg>VI</arg>
<arg>VN</arg>
<arg>VU</arg>
<arg>WF</arg>
<arg>WS</arg>
<arg>XK</arg>
<arg>YE</arg>
<arg>YT</arg>
<arg>ZA</arg>
<arg>ZM</arg>
<arg>ZW</arg>
<doc>Returns a list containing given items.</doc>
<status status="PASS" start="2024-05-25T11:13:02.085359" elapsed="0.000641"/>
</kw>
<kw name="List Should Contain Value" owner="Collections">
<msg time="2024-05-25T11:13:02.086995" level="INFO">False</msg>
<arg>${list_country}</arg>
<arg>${name_country}</arg>
<doc>Fails if the ``value`` is not found from ``list``.</doc>
<status status="PASS" start="2024-05-25T11:13:02.086785" elapsed="0.000246"/>
</kw>
<kw name="Run Keyword If" owner="BuiltIn">
<kw name="Should Be True" owner="BuiltIn">
<arg>${True}</arg>
<doc>Fails if the given condition is not true.</doc>
<status status="PASS" start="2024-05-25T11:13:02.088123" elapsed="0.000143"/>
</kw>
<arg>${json_data["results"][0]["location"]["coordinates"]["latitude"]} &gt;= -90 and ${json_data["results"][0]["location"]["coordinates"]["latitude"]} &lt;= 90</arg>
<arg>Should Be True</arg>
<arg>${True}</arg>
<doc>Runs the given keyword with the given arguments, if ``condition`` is true.</doc>
<status status="PASS" start="2024-05-25T11:13:02.087369" elapsed="0.001023"/>
</kw>
<kw name="Run Keyword If" owner="BuiltIn">
<kw name="Should Be True" owner="BuiltIn">
<arg>${True}</arg>
<doc>Fails if the given condition is not true.</doc>
<status status="PASS" start="2024-05-25T11:13:02.089403" elapsed="0.000172"/>
</kw>
<arg>${json_data["results"][0]["location"]["coordinates"]["longitude"]} &gt;= -180 and ${json_data["results"][0]["location"]["coordinates"]["longitude"]} &lt;= 180</arg>
<arg>Should Be True</arg>
<arg>${True}</arg>
<doc>Runs the given keyword with the given arguments, if ``condition`` is true.</doc>
<status status="PASS" start="2024-05-25T11:13:02.088577" elapsed="0.001156"/>
</kw>
<status status="PASS" start="2024-05-25T11:13:01.561610" elapsed="0.528278"/>
</kw>
<doc>Testa o conteúdo específico dos campos retornados pela API.</doc>
<tag>testeConteudo</tag>
<status status="PASS" start="2024-05-25T11:13:01.561063" elapsed="0.528973"/>
</test>
<status status="PASS" start="2024-05-25T11:12:59.918854" elapsed="2.173110"/>
</suite>
<status status="PASS" start="2024-05-25T11:12:59.905390" elapsed="2.191663"/>
</suite>
<statistics>
<total>
<stat pass="5" fail="0" skip="0">All Tests</stat>
</total>
<tag>
<stat pass="1" fail="0" skip="0">testeConteudo</stat>
<stat pass="1" fail="0" skip="0">testeEstruturaResposta</stat>
<stat pass="1" fail="0" skip="0">testeRequisicaoBasica</stat>
<stat pass="1" fail="0" skip="0">testeTiposDados</stat>
</tag>
<suite>
<stat pass="5" fail="0" skip="0" id="s1" name="Tests">Tests</stat>
<stat pass="5" fail="0" skip="0" id="s1-s1" name="Random-User-Test">Tests.Random-User-Test</stat>
</suite>
</statistics>
<errors>
</errors>
</robot>
