<?xml version="1.0" encoding="UTF-8"?>
<robot generator="Robot 7.0 (Python 3.12.3 on linux)" generated="2024-05-19T01:07:31.495498" rpa="false" schemaversion="5">
<suite id="s1" name="Tests" source="/home/runner/work/DesafioQAItauRogerioJordao/DesafioQAItauRogerioJordao/RamdonUser/tests">
<suite id="s1-s1" name="Random-User-Test" source="/home/runner/work/DesafioQAItauRogerioJordao/DesafioQAItauRogerioJordao/RamdonUser/tests/random-user-test.robot">
<test id="s1-s1-t1" name="Conectar" line="13">
<kw name="Conectar API" owner="random-user-service">
<kw name="Create Session" owner="RequestsLibrary">
<msg time="2024-05-19T01:07:31.891006" level="INFO">Creating Session using : alias=consultarAPI, url=https://randomuser.me/, headers={},                     cookies={}, auth=None, timeout=None, proxies=None, verify=False,                     debug=0 </msg>
<arg>consultarAPI</arg>
<arg>${URL}</arg>
<doc>Create Session: create a HTTP session to a server</doc>
<status status="PASS" start="2024-05-19T01:07:31.890802" elapsed="0.000383"/>
</kw>
<status status="PASS" start="2024-05-19T01:07:31.889820" elapsed="0.001727"/>
</kw>
<status status="PASS" start="2024-05-19T01:07:31.889187" elapsed="0.002555"/>
</test>
<test id="s1-s1-t2" name="Validar retorno 200 e JSON Válido" line="16">
<kw name="Teste de Requisicao Basica" owner="random-user-service">
<kw name="GET On Session" owner="RequestsLibrary">
<msg time="2024-05-19T01:07:32.182827" level="INFO">GET Request : url=https://randomuser.me/api 
 path_url=/api 
 headers={'User-Agent': 'python-requests/2.31.0', 'Accept-Encoding': 'gzip, deflate', 'Accept': '*/*', 'Connection': 'keep-alive'} 
 body=None 
 </msg>
<msg time="2024-05-19T01:07:32.182982" level="INFO">GET Response : url=https://randomuser.me/api 
 status=200, reason=OK 
 headers={'Date': 'Sun, 19 May 2024 01:07:32 GMT', 'Content-Type': 'application/json; charset=utf-8', 'Transfer-Encoding': 'chunked', 'Connection': 'keep-alive', 'X-Powered-By': 'Express', 'Access-Control-Allow-Origin': '*', 'Cache-Control': 'no-cache', 'ETag': 'W/"461-ipgRsocG039d+ay3nMu2S0IYDto"', 'Vary': 'Accept-Encoding', 'Content-Encoding': 'gzip', 'CF-Cache-Status': 'DYNAMIC', 'Report-To': '{"endpoints":[{"url":"https:\\/\\/a.nel.cloudflare.com\\/report\\/v4?s=a%2B4QOF4UiwGl9eZ1nmeIjhbK7%2FGsWtuhqkHgMmOvIX7qBZVYC9lPWJOzYYRtGd6Fp52EWBvKyvARLHUv%2F5PETtyWflVPgDfzxgkPQKIVGPNHjsj%2Fy%2ByPlJ2oiJbUtXp3"}],"group":"cf-nel","max_age":604800}', 'NEL': '{"success_fraction":0,"report_to":"cf-nel","max_age":604800}', 'Server': 'cloudflare', 'CF-RAY': '886030cd8aab2abd-LAX', 'alt-svc': 'h3=":443"; ma=86400'} 
 body={"results":[{"gender":"male","name":{"title":"Mr","first":"Batur","last":"Öztürk"},"location":{"street":{"number":5678,"name":"Maçka Cd"},"city":"Amasya","state":"Diyarbakır","country":"Turkey","postcode":84976,"coordinates":{"latitude":"67.9367","longitude":"-57.0268"},"timezone":{"offset":"-10:00","description":"Hawaii"}},"email":"batur.ozturk@example.com","login":{"uuid":"1f19b04d-6e56-4db9-a7f2-da190fd9a6e6","username":"yellowdog840","password":"jane","salt":"B5vz1SJO","md5":"bddffd28d8413ff1d3251a6359f6ee37","sha1":"a7b86fc3aa6c0d857181dbe133be1b07eb73fa89","sha256":"6010dc9ba77703821af06fbf057f66fce2b0cd9ac6830cdd1dfed47de4059121"},"dob":{"date":"1983-02-21T16:21:13.932Z","age":41},"registered":{"date":"2003-10-11T05:39:38.313Z","age":20},"phone":"(098)-564-9447","cell":"(170)-238-3019","id":{"name":"","value":null},"picture":{"large":"https://randomuser.me/api/portraits/men/58.jpg","medium":"https://randomuser.me/api/portraits/med/men/58.jpg","thumbnail":"https://randomuser.me/api/portraits/thumb/men/58.jpg"},"nat":"TR"}],"info":{"seed":"f670e52946df672b","results":1,"page":1,"version":"1.4"}} 
 </msg>
<msg time="2024-05-19T01:07:32.183068" level="INFO">/opt/hostedtoolcache/Python/3.12.3/x64/lib/python3.12/site-packages/urllib3/connectionpool.py:1103: InsecureRequestWarning: Unverified HTTPS request is being made to host 'randomuser.me'. Adding certificate verification is strongly advised. See: https://urllib3.readthedocs.io/en/latest/advanced-usage.html#tls-warnings
  warnings.warn(</msg>
<msg time="2024-05-19T01:07:32.183212" level="INFO">${response} = &lt;Response [200]&gt;</msg>
<var>${response}</var>
<arg>consultarAPI</arg>
<arg>/api</arg>
<doc>Sends a GET request on a previously created HTTP Session.</doc>
<status status="PASS" start="2024-05-19T01:07:31.894390" elapsed="0.288866"/>
</kw>
<kw name="Should Be Equal As Numbers" owner="BuiltIn">
<msg time="2024-05-19T01:07:32.184307" level="INFO">Argument types are:
&lt;class 'int'&gt;
&lt;class 'str'&gt;</msg>
<arg>${response.status_code}</arg>
<arg>200</arg>
<doc>Fails if objects are unequal after converting them to real numbers.</doc>
<status status="PASS" start="2024-05-19T01:07:32.183824" elapsed="0.000555"/>
</kw>
<kw name="Log" owner="BuiltIn">
<msg time="2024-05-19T01:07:32.185149" level="INFO">200</msg>
<arg>${response.status_code}</arg>
<doc>Logs the given message with the given level.</doc>
<status status="PASS" start="2024-05-19T01:07:32.184780" elapsed="0.000414"/>
</kw>
<kw name="Set Variable" owner="BuiltIn">
<msg time="2024-05-19T01:07:32.186028" level="INFO">${json_data} = {'results': [{'gender': 'male', 'name': {'title': 'Mr', 'first': 'Batur', 'last': 'Öztürk'}, 'location': {'street': {'number': 5678, 'name': 'Maçka Cd'}, 'city': 'Amasya', 'state': 'Diyarbakır', 'coun...</msg>
<var>${json_data}</var>
<arg>${response.json()}</arg>
<doc>Returns the given values which can then be assigned to a variables.</doc>
<status status="PASS" start="2024-05-19T01:07:32.185560" elapsed="0.000501"/>
</kw>
<kw name="Dictionary Should Contain Key" owner="Collections">
<msg time="2024-05-19T01:07:32.186554" level="INFO">False</msg>
<arg>${json_data}</arg>
<arg>results</arg>
<doc>Fails if ``key`` is not found from ``dictionary``.</doc>
<status status="PASS" start="2024-05-19T01:07:32.186373" elapsed="0.000223"/>
</kw>
<status status="PASS" start="2024-05-19T01:07:31.894134" elapsed="0.292734"/>
</kw>
<doc>Testa se a API responde corretamente e retorna um objeto JSON válido.</doc>
<tag>testeRequisicaoBasica</tag>
<status status="PASS" start="2024-05-19T01:07:31.893625" elapsed="0.293429"/>
</test>
<test id="s1-s1-t3" name="Validar estrutura de resposta" line="22">
<kw name="Teste de Estrutura de Resposta" owner="random-user-service">
<kw name="GET On Session" owner="RequestsLibrary">
<msg time="2024-05-19T01:07:32.291929" level="INFO">GET Request : url=https://randomuser.me/api 
 path_url=/api 
 headers={'User-Agent': 'python-requests/2.31.0', 'Accept-Encoding': 'gzip, deflate', 'Accept': '*/*', 'Connection': 'keep-alive'} 
 body=None 
 </msg>
<msg time="2024-05-19T01:07:32.292030" level="INFO">GET Response : url=https://randomuser.me/api 
 status=200, reason=OK 
 headers={'Date': 'Sun, 19 May 2024 01:07:32 GMT', 'Content-Type': 'application/json; charset=utf-8', 'Transfer-Encoding': 'chunked', 'Connection': 'keep-alive', 'X-Powered-By': 'Express', 'Access-Control-Allow-Origin': '*', 'Cache-Control': 'no-cache', 'ETag': 'W/"471-INdzT2VRn5jGiPnbnLUUMbDi0ms"', 'Vary': 'Accept-Encoding', 'Content-Encoding': 'gzip', 'CF-Cache-Status': 'DYNAMIC', 'Report-To': '{"endpoints":[{"url":"https:\\/\\/a.nel.cloudflare.com\\/report\\/v4?s=HtI1mTX5a55giVWMR2lhbAAr07fYXBrpsGjiWoz7e0AiXIoP6%2BsBO00lLubFWDXx1U%2FwnR%2Fnj3EH5q0kKOteu1FJqUdFQeCA2cnhO%2B9Er9dxUXvaoL3stJh5cxytRUdF"}],"group":"cf-nel","max_age":604800}', 'NEL': '{"success_fraction":0,"report_to":"cf-nel","max_age":604800}', 'Server': 'cloudflare', 'CF-RAY': '886030ce4b8e2abd-LAX', 'alt-svc': 'h3=":443"; ma=86400'} 
 body={"results":[{"gender":"male","name":{"title":"Mr","first":"Kerim","last":"Durmaz"},"location":{"street":{"number":7851,"name":"Necatibey Cd"},"city":"Yalova","state":"Trabzon","country":"Turkey","postcode":23523,"coordinates":{"latitude":"68.6085","longitude":"-140.5023"},"timezone":{"offset":"+6:00","description":"Almaty, Dhaka, Colombo"}},"email":"kerim.durmaz@example.com","login":{"uuid":"94cc8fc2-7ef0-4629-9ece-7f9ea5f5af76","username":"smalltiger507","password":"tyler1","salt":"C58dAkMg","md5":"2311a46abfeb5b31a4139151c2a89514","sha1":"b14875aeb91fc3013ac4bce5da29f632c2998c84","sha256":"c8710b0d7343587a96758640365a220d7cd43998797ede135f9d5cf3204ed40b"},"dob":{"date":"2000-08-21T14:39:03.702Z","age":23},"registered":{"date":"2013-10-20T06:15:25.011Z","age":10},"phone":"(639)-369-4448","cell":"(506)-467-5191","id":{"name":"","value":null},"picture":{"large":"https://randomuser.me/api/portraits/men/88.jpg","medium":"https://randomuser.me/api/portraits/med/men/88.jpg","thumbnail":"https://randomuser.me/api/portraits/thumb/men/88.jpg"},"nat":"TR"}],"info":{"seed":"9f7ddc982e74d17c","results":1,"page":1,"version":"1.4"}} 
 </msg>
<msg time="2024-05-19T01:07:32.292163" level="INFO">/opt/hostedtoolcache/Python/3.12.3/x64/lib/python3.12/site-packages/urllib3/connectionpool.py:1103: InsecureRequestWarning: Unverified HTTPS request is being made to host 'randomuser.me'. Adding certificate verification is strongly advised. See: https://urllib3.readthedocs.io/en/latest/advanced-usage.html#tls-warnings
  warnings.warn(</msg>
<msg time="2024-05-19T01:07:32.292291" level="INFO">${response} = &lt;Response [200]&gt;</msg>
<var>${response}</var>
<arg>consultarAPI</arg>
<arg>/api</arg>
<doc>Sends a GET request on a previously created HTTP Session.</doc>
<status status="PASS" start="2024-05-19T01:07:32.189794" elapsed="0.102530"/>
</kw>
<kw name="Set Variable" owner="BuiltIn">
<msg time="2024-05-19T01:07:32.293481" level="INFO">${json_data} = {'results': [{'gender': 'male', 'name': {'title': 'Mr', 'first': 'Kerim', 'last': 'Durmaz'}, 'location': {'street': {'number': 7851, 'name': 'Necatibey Cd'}, 'city': 'Yalova', 'state': 'Trabzon', 'cou...</msg>
<var>${json_data}</var>
<arg>${response.json()}</arg>
<doc>Returns the given values which can then be assigned to a variables.</doc>
<status status="PASS" start="2024-05-19T01:07:32.292918" elapsed="0.000593"/>
</kw>
<kw name="Log" owner="BuiltIn">
<msg time="2024-05-19T01:07:32.293987" level="INFO">{'results': [{'gender': 'male', 'name': {'title': 'Mr', 'first': 'Kerim', 'last': 'Durmaz'}, 'location': {'street': {'number': 7851, 'name': 'Necatibey Cd'}, 'city': 'Yalova', 'state': 'Trabzon', 'country': 'Turkey', 'postcode': 23523, 'coordinates': {'latitude': '68.6085', 'longitude': '-140.5023'}, 'timezone': {'offset': '+6:00', 'description': 'Almaty, Dhaka, Colombo'}}, 'email': 'kerim.durmaz@example.com', 'login': {'uuid': '94cc8fc2-7ef0-4629-9ece-7f9ea5f5af76', 'username': 'smalltiger507', 'password': 'tyler1', 'salt': 'C58dAkMg', 'md5': '2311a46abfeb5b31a4139151c2a89514', 'sha1': 'b14875aeb91fc3013ac4bce5da29f632c2998c84', 'sha256': 'c8710b0d7343587a96758640365a220d7cd43998797ede135f9d5cf3204ed40b'}, 'dob': {'date': '2000-08-21T14:39:03.702Z', 'age': 23}, 'registered': {'date': '2013-10-20T06:15:25.011Z', 'age': 10}, 'phone': '(639)-369-4448', 'cell': '(506)-467-5191', 'id': {'name': '', 'value': None}, 'picture': {'large': 'https://randomuser.me/api/portraits/men/88.jpg', 'medium': 'https://randomuser.me/api/portraits/med/men/88.jpg', 'thumbnail': 'https://randomuser.me/api/portraits/thumb/men/88.jpg'}, 'nat': 'TR'}], 'info': {'seed': '9f7ddc982e74d17c', 'results': 1, 'page': 1, 'version': '1.4'}}</msg>
<arg>${json_data}</arg>
<doc>Logs the given message with the given level.</doc>
<status status="PASS" start="2024-05-19T01:07:32.293827" elapsed="0.000207"/>
</kw>
<kw name="Dictionary Should Contain Key" owner="Collections">
<msg time="2024-05-19T01:07:32.294482" level="INFO">False</msg>
<arg>${json_data}</arg>
<arg>results</arg>
<doc>Fails if ``key`` is not found from ``dictionary``.</doc>
<status status="PASS" start="2024-05-19T01:07:32.294323" elapsed="0.000196"/>
</kw>
<kw name="Should Not Be Empty" owner="BuiltIn">
<msg time="2024-05-19T01:07:32.294936" level="INFO">Length is 2.</msg>
<arg>${json_data}</arg>
<doc>Verifies that the given item is not empty.</doc>
<status status="PASS" start="2024-05-19T01:07:32.294808" elapsed="0.000330"/>
</kw>
<kw name="Create List" owner="BuiltIn">
<msg time="2024-05-19T01:07:32.295599" level="INFO">${expected_keys} = ['gender', 'name', 'location', 'email', 'login']</msg>
<var>${expected_keys}</var>
<arg>gender</arg>
<arg>name</arg>
<arg>location</arg>
<arg>email</arg>
<arg>login</arg>
<doc>Returns a list containing given items.</doc>
<status status="PASS" start="2024-05-19T01:07:32.295436" elapsed="0.000187"/>
</kw>
<for flavor="IN">
<iter>
<kw name="Dictionary Should Contain Key" owner="Collections">
<msg time="2024-05-19T01:07:32.296609" level="INFO">False</msg>
<arg>${json_data['results'][0]}</arg>
<arg>${key}</arg>
<doc>Fails if ``key`` is not found from ``dictionary``.</doc>
<status status="PASS" start="2024-05-19T01:07:32.296206" elapsed="0.000441"/>
</kw>
<kw name="Log" owner="BuiltIn">
<msg time="2024-05-19T01:07:32.297305" level="INFO">{'gender': 'male', 'name': {'title': 'Mr', 'first': 'Kerim', 'last': 'Durmaz'}, 'location': {'street': {'number': 7851, 'name': 'Necatibey Cd'}, 'city': 'Yalova', 'state': 'Trabzon', 'country': 'Turkey', 'postcode': 23523, 'coordinates': {'latitude': '68.6085', 'longitude': '-140.5023'}, 'timezone': {'offset': '+6:00', 'description': 'Almaty, Dhaka, Colombo'}}, 'email': 'kerim.durmaz@example.com', 'login': {'uuid': '94cc8fc2-7ef0-4629-9ece-7f9ea5f5af76', 'username': 'smalltiger507', 'password': 'tyler1', 'salt': 'C58dAkMg', 'md5': '2311a46abfeb5b31a4139151c2a89514', 'sha1': 'b14875aeb91fc3013ac4bce5da29f632c2998c84', 'sha256': 'c8710b0d7343587a96758640365a220d7cd43998797ede135f9d5cf3204ed40b'}, 'dob': {'date': '2000-08-21T14:39:03.702Z', 'age': 23}, 'registered': {'date': '2013-10-20T06:15:25.011Z', 'age': 10}, 'phone': '(639)-369-4448', 'cell': '(506)-467-5191', 'id': {'name': '', 'value': None}, 'picture': {'large': 'https://randomuser.me/api/portraits/men/88.jpg', 'medium': 'https://randomuser.me/api/portraits/med/men/88.jpg', 'thumbnail': 'https://randomuser.me/api/portraits/thumb/men/88.jpg'}, 'nat': 'TR'}</msg>
<arg>${json_data['results'][0]}</arg>
<doc>Logs the given message with the given level.</doc>
<status status="PASS" start="2024-05-19T01:07:32.296949" elapsed="0.000404"/>
</kw>
<kw name="Log" owner="BuiltIn">
<msg time="2024-05-19T01:07:32.297807" level="INFO">gender</msg>
<arg>${key}</arg>
<doc>Logs the given message with the given level.</doc>
<status status="PASS" start="2024-05-19T01:07:32.297681" elapsed="0.000162"/>
</kw>
<var name="${key}">gender</var>
<status status="PASS" start="2024-05-19T01:07:32.296075" elapsed="0.001979"/>
</iter>
<iter>
<kw name="Dictionary Should Contain Key" owner="Collections">
<msg time="2024-05-19T01:07:32.298725" level="INFO">False</msg>
<arg>${json_data['results'][0]}</arg>
<arg>${key}</arg>
<doc>Fails if ``key`` is not found from ``dictionary``.</doc>
<status status="PASS" start="2024-05-19T01:07:32.298348" elapsed="0.000413"/>
</kw>
<kw name="Log" owner="BuiltIn">
<msg time="2024-05-19T01:07:32.299436" level="INFO">{'gender': 'male', 'name': {'title': 'Mr', 'first': 'Kerim', 'last': 'Durmaz'}, 'location': {'street': {'number': 7851, 'name': 'Necatibey Cd'}, 'city': 'Yalova', 'state': 'Trabzon', 'country': 'Turkey', 'postcode': 23523, 'coordinates': {'latitude': '68.6085', 'longitude': '-140.5023'}, 'timezone': {'offset': '+6:00', 'description': 'Almaty, Dhaka, Colombo'}}, 'email': 'kerim.durmaz@example.com', 'login': {'uuid': '94cc8fc2-7ef0-4629-9ece-7f9ea5f5af76', 'username': 'smalltiger507', 'password': 'tyler1', 'salt': 'C58dAkMg', 'md5': '2311a46abfeb5b31a4139151c2a89514', 'sha1': 'b14875aeb91fc3013ac4bce5da29f632c2998c84', 'sha256': 'c8710b0d7343587a96758640365a220d7cd43998797ede135f9d5cf3204ed40b'}, 'dob': {'date': '2000-08-21T14:39:03.702Z', 'age': 23}, 'registered': {'date': '2013-10-20T06:15:25.011Z', 'age': 10}, 'phone': '(639)-369-4448', 'cell': '(506)-467-5191', 'id': {'name': '', 'value': None}, 'picture': {'large': 'https://randomuser.me/api/portraits/men/88.jpg', 'medium': 'https://randomuser.me/api/portraits/med/men/88.jpg', 'thumbnail': 'https://randomuser.me/api/portraits/thumb/men/88.jpg'}, 'nat': 'TR'}</msg>
<arg>${json_data['results'][0]}</arg>
<doc>Logs the given message with the given level.</doc>
<status status="PASS" start="2024-05-19T01:07:32.299081" elapsed="0.000403"/>
</kw>
<kw name="Log" owner="BuiltIn">
<msg time="2024-05-19T01:07:32.299902" level="INFO">name</msg>
<arg>${key}</arg>
<doc>Logs the given message with the given level.</doc>
<status status="PASS" start="2024-05-19T01:07:32.299776" elapsed="0.000163"/>
</kw>
<var name="${key}">name</var>
<status status="PASS" start="2024-05-19T01:07:32.298235" elapsed="0.001916"/>
</iter>
<iter>
<kw name="Dictionary Should Contain Key" owner="Collections">
<msg time="2024-05-19T01:07:32.300809" level="INFO">False</msg>
<arg>${json_data['results'][0]}</arg>
<arg>${key}</arg>
<doc>Fails if ``key`` is not found from ``dictionary``.</doc>
<status status="PASS" start="2024-05-19T01:07:32.300436" elapsed="0.000410"/>
</kw>
<kw name="Log" owner="BuiltIn">
<msg time="2024-05-19T01:07:32.301513" level="INFO">{'gender': 'male', 'name': {'title': 'Mr', 'first': 'Kerim', 'last': 'Durmaz'}, 'location': {'street': {'number': 7851, 'name': 'Necatibey Cd'}, 'city': 'Yalova', 'state': 'Trabzon', 'country': 'Turkey', 'postcode': 23523, 'coordinates': {'latitude': '68.6085', 'longitude': '-140.5023'}, 'timezone': {'offset': '+6:00', 'description': 'Almaty, Dhaka, Colombo'}}, 'email': 'kerim.durmaz@example.com', 'login': {'uuid': '94cc8fc2-7ef0-4629-9ece-7f9ea5f5af76', 'username': 'smalltiger507', 'password': 'tyler1', 'salt': 'C58dAkMg', 'md5': '2311a46abfeb5b31a4139151c2a89514', 'sha1': 'b14875aeb91fc3013ac4bce5da29f632c2998c84', 'sha256': 'c8710b0d7343587a96758640365a220d7cd43998797ede135f9d5cf3204ed40b'}, 'dob': {'date': '2000-08-21T14:39:03.702Z', 'age': 23}, 'registered': {'date': '2013-10-20T06:15:25.011Z', 'age': 10}, 'phone': '(639)-369-4448', 'cell': '(506)-467-5191', 'id': {'name': '', 'value': None}, 'picture': {'large': 'https://randomuser.me/api/portraits/men/88.jpg', 'medium': 'https://randomuser.me/api/portraits/med/men/88.jpg', 'thumbnail': 'https://randomuser.me/api/portraits/thumb/men/88.jpg'}, 'nat': 'TR'}</msg>
<arg>${json_data['results'][0]}</arg>
<doc>Logs the given message with the given level.</doc>
<status status="PASS" start="2024-05-19T01:07:32.301140" elapsed="0.000439"/>
</kw>
<kw name="Log" owner="BuiltIn">
<msg time="2024-05-19T01:07:32.301998" level="INFO">location</msg>
<arg>${key}</arg>
<doc>Logs the given message with the given level.</doc>
<status status="PASS" start="2024-05-19T01:07:32.301874" elapsed="0.000161"/>
</kw>
<var name="${key}">location</var>
<status status="PASS" start="2024-05-19T01:07:32.300326" elapsed="0.001922"/>
</iter>
<iter>
<kw name="Dictionary Should Contain Key" owner="Collections">
<msg time="2024-05-19T01:07:32.302900" level="INFO">False</msg>
<arg>${json_data['results'][0]}</arg>
<arg>${key}</arg>
<doc>Fails if ``key`` is not found from ``dictionary``.</doc>
<status status="PASS" start="2024-05-19T01:07:32.302526" elapsed="0.000411"/>
</kw>
<kw name="Log" owner="BuiltIn">
<msg time="2024-05-19T01:07:32.303626" level="INFO">{'gender': 'male', 'name': {'title': 'Mr', 'first': 'Kerim', 'last': 'Durmaz'}, 'location': {'street': {'number': 7851, 'name': 'Necatibey Cd'}, 'city': 'Yalova', 'state': 'Trabzon', 'country': 'Turkey', 'postcode': 23523, 'coordinates': {'latitude': '68.6085', 'longitude': '-140.5023'}, 'timezone': {'offset': '+6:00', 'description': 'Almaty, Dhaka, Colombo'}}, 'email': 'kerim.durmaz@example.com', 'login': {'uuid': '94cc8fc2-7ef0-4629-9ece-7f9ea5f5af76', 'username': 'smalltiger507', 'password': 'tyler1', 'salt': 'C58dAkMg', 'md5': '2311a46abfeb5b31a4139151c2a89514', 'sha1': 'b14875aeb91fc3013ac4bce5da29f632c2998c84', 'sha256': 'c8710b0d7343587a96758640365a220d7cd43998797ede135f9d5cf3204ed40b'}, 'dob': {'date': '2000-08-21T14:39:03.702Z', 'age': 23}, 'registered': {'date': '2013-10-20T06:15:25.011Z', 'age': 10}, 'phone': '(639)-369-4448', 'cell': '(506)-467-5191', 'id': {'name': '', 'value': None}, 'picture': {'large': 'https://randomuser.me/api/portraits/men/88.jpg', 'medium': 'https://randomuser.me/api/portraits/med/men/88.jpg', 'thumbnail': 'https://randomuser.me/api/portraits/thumb/men/88.jpg'}, 'nat': 'TR'}</msg>
<arg>${json_data['results'][0]}</arg>
<doc>Logs the given message with the given level.</doc>
<status status="PASS" start="2024-05-19T01:07:32.303230" elapsed="0.000444"/>
</kw>
<kw name="Log" owner="BuiltIn">
<msg time="2024-05-19T01:07:32.304089" level="INFO">email</msg>
<arg>${key}</arg>
<doc>Logs the given message with the given level.</doc>
<status status="PASS" start="2024-05-19T01:07:32.303965" elapsed="0.000161"/>
</kw>
<var name="${key}">email</var>
<status status="PASS" start="2024-05-19T01:07:32.302416" elapsed="0.001922"/>
</iter>
<iter>
<kw name="Dictionary Should Contain Key" owner="Collections">
<msg time="2024-05-19T01:07:32.304999" level="INFO">False</msg>
<arg>${json_data['results'][0]}</arg>
<arg>${key}</arg>
<doc>Fails if ``key`` is not found from ``dictionary``.</doc>
<status status="PASS" start="2024-05-19T01:07:32.304624" elapsed="0.000412"/>
</kw>
<kw name="Log" owner="BuiltIn">
<msg time="2024-05-19T01:07:32.305707" level="INFO">{'gender': 'male', 'name': {'title': 'Mr', 'first': 'Kerim', 'last': 'Durmaz'}, 'location': {'street': {'number': 7851, 'name': 'Necatibey Cd'}, 'city': 'Yalova', 'state': 'Trabzon', 'country': 'Turkey', 'postcode': 23523, 'coordinates': {'latitude': '68.6085', 'longitude': '-140.5023'}, 'timezone': {'offset': '+6:00', 'description': 'Almaty, Dhaka, Colombo'}}, 'email': 'kerim.durmaz@example.com', 'login': {'uuid': '94cc8fc2-7ef0-4629-9ece-7f9ea5f5af76', 'username': 'smalltiger507', 'password': 'tyler1', 'salt': 'C58dAkMg', 'md5': '2311a46abfeb5b31a4139151c2a89514', 'sha1': 'b14875aeb91fc3013ac4bce5da29f632c2998c84', 'sha256': 'c8710b0d7343587a96758640365a220d7cd43998797ede135f9d5cf3204ed40b'}, 'dob': {'date': '2000-08-21T14:39:03.702Z', 'age': 23}, 'registered': {'date': '2013-10-20T06:15:25.011Z', 'age': 10}, 'phone': '(639)-369-4448', 'cell': '(506)-467-5191', 'id': {'name': '', 'value': None}, 'picture': {'large': 'https://randomuser.me/api/portraits/men/88.jpg', 'medium': 'https://randomuser.me/api/portraits/med/men/88.jpg', 'thumbnail': 'https://randomuser.me/api/portraits/thumb/men/88.jpg'}, 'nat': 'TR'}</msg>
<arg>${json_data['results'][0]}</arg>
<doc>Logs the given message with the given level.</doc>
<status status="PASS" start="2024-05-19T01:07:32.305324" elapsed="0.000431"/>
</kw>
<kw name="Log" owner="BuiltIn">
<msg time="2024-05-19T01:07:32.306176" level="INFO">login</msg>
<arg>${key}</arg>
<doc>Logs the given message with the given level.</doc>
<status status="PASS" start="2024-05-19T01:07:32.306051" elapsed="0.000161"/>
</kw>
<var name="${key}">login</var>
<status status="PASS" start="2024-05-19T01:07:32.304515" elapsed="0.001916"/>
</iter>
<var>${key}</var>
<value>@{expected_keys}</value>
<status status="PASS" start="2024-05-19T01:07:32.295884" elapsed="0.010663"/>
</for>
<kw name="Create List" owner="BuiltIn">
<msg time="2024-05-19T01:07:32.306908" level="INFO">${expected_keysTwo} = ['username', 'password']</msg>
<var>${expected_keysTwo}</var>
<arg>username</arg>
<arg>password</arg>
<doc>Returns a list containing given items.</doc>
<status status="PASS" start="2024-05-19T01:07:32.306767" elapsed="0.000164"/>
</kw>
<for flavor="IN">
<iter>
<kw name="Dictionary Should Contain Key" owner="Collections">
<msg time="2024-05-19T01:07:32.307807" level="INFO">False</msg>
<arg>${json_data['results'][0]['login']}</arg>
<arg>${keyTwo}</arg>
<doc>Fails if ``key`` is not found from ``dictionary``.</doc>
<status status="PASS" start="2024-05-19T01:07:32.307422" elapsed="0.000422"/>
</kw>
<kw name="Dictionary Should Contain Key" owner="Collections">
<msg time="2024-05-19T01:07:32.308511" level="INFO">False</msg>
<arg>${json_data['results'][0]['login']}</arg>
<arg>${keyTwo}</arg>
<doc>Fails if ``key`` is not found from ``dictionary``.</doc>
<status status="PASS" start="2024-05-19T01:07:32.308134" elapsed="0.000414"/>
</kw>
<kw name="Log" owner="BuiltIn">
<msg time="2024-05-19T01:07:32.308960" level="INFO">username</msg>
<arg>${keyTwo}</arg>
<doc>Logs the given message with the given level.</doc>
<status status="PASS" start="2024-05-19T01:07:32.308836" elapsed="0.000165"/>
</kw>
<var name="${keyTwo}">username</var>
<status status="PASS" start="2024-05-19T01:07:32.307314" elapsed="0.001899"/>
</iter>
<iter>
<kw name="Dictionary Should Contain Key" owner="Collections">
<msg time="2024-05-19T01:07:32.309986" level="INFO">False</msg>
<arg>${json_data['results'][0]['login']}</arg>
<arg>${keyTwo}</arg>
<doc>Fails if ``key`` is not found from ``dictionary``.</doc>
<status status="PASS" start="2024-05-19T01:07:32.309525" elapsed="0.000500"/>
</kw>
<kw name="Dictionary Should Contain Key" owner="Collections">
<msg time="2024-05-19T01:07:32.310690" level="INFO">False</msg>
<arg>${json_data['results'][0]['login']}</arg>
<arg>${keyTwo}</arg>
<doc>Fails if ``key`` is not found from ``dictionary``.</doc>
<status status="PASS" start="2024-05-19T01:07:32.310321" elapsed="0.000405"/>
</kw>
<kw name="Log" owner="BuiltIn">
<msg time="2024-05-19T01:07:32.311137" level="INFO">password</msg>
<arg>${keyTwo}</arg>
<doc>Logs the given message with the given level.</doc>
<status status="PASS" start="2024-05-19T01:07:32.311014" elapsed="0.000159"/>
</kw>
<var name="${keyTwo}">password</var>
<status status="PASS" start="2024-05-19T01:07:32.309380" elapsed="0.002008"/>
</iter>
<var>${keyTwo}</var>
<value>@{expected_keysTwo}</value>
<status status="PASS" start="2024-05-19T01:07:32.307165" elapsed="0.004342"/>
</for>
<status status="PASS" start="2024-05-19T01:07:32.189549" elapsed="0.122097"/>
</kw>
<doc>Testa a estrutura da resposta da API.</doc>
<tag>testeEstruturaResposta</tag>
<status status="PASS" start="2024-05-19T01:07:32.188876" elapsed="0.122926"/>
</test>
<test id="s1-s1-t4" name="Validar tipos de dados" line="28">
<kw name="Teste de Tipos de Dados" owner="random-user-service">
<kw name="GET On Session" owner="RequestsLibrary">
<msg time="2024-05-19T01:07:32.425308" level="INFO">GET Request : url=https://randomuser.me/api 
 path_url=/api 
 headers={'User-Agent': 'python-requests/2.31.0', 'Accept-Encoding': 'gzip, deflate', 'Accept': '*/*', 'Connection': 'keep-alive'} 
 body=None 
 </msg>
<msg time="2024-05-19T01:07:32.425386" level="INFO">GET Response : url=https://randomuser.me/api 
 status=200, reason=OK 
 headers={'Date': 'Sun, 19 May 2024 01:07:32 GMT', 'Content-Type': 'application/json; charset=utf-8', 'Transfer-Encoding': 'chunked', 'Connection': 'keep-alive', 'X-Powered-By': 'Express', 'Access-Control-Allow-Origin': '*', 'Cache-Control': 'no-cache', 'ETag': 'W/"48c-viwKUAfaa7P2pX6F5vCKWJUbXso"', 'Vary': 'Accept-Encoding', 'Content-Encoding': 'gzip', 'CF-Cache-Status': 'DYNAMIC', 'Report-To': '{"endpoints":[{"url":"https:\\/\\/a.nel.cloudflare.com\\/report\\/v4?s=mY6VYvMso4OeKW8BZT0dp%2FxZcFlEydM0W6uDa%2B98morMrI4lCubbUu%2FoQCBtQuGJRkao2RzQs7BfCYx6BHgzUNnBJ9v4DEqIc058ab%2FLnvddD2gXsw9y1zSUWNNXV2MJ"}],"group":"cf-nel","max_age":604800}', 'NEL': '{"success_fraction":0,"report_to":"cf-nel","max_age":604800}', 'Server': 'cloudflare', 'CF-RAY': '886030cf0c972abd-LAX', 'alt-svc': 'h3=":443"; ma=86400'} 
 body={"results":[{"gender":"female","name":{"title":"Mrs","first":"Nina","last":"Long"},"location":{"street":{"number":9007,"name":"Mockingbird Ln"},"city":"Orange","state":"Victoria","country":"Australia","postcode":4743,"coordinates":{"latitude":"-85.1363","longitude":"122.0694"},"timezone":{"offset":"+1:00","description":"Brussels, Copenhagen, Madrid, Paris"}},"email":"nina.long@example.com","login":{"uuid":"b897e8ad-f1a9-4b04-8725-50c84c5a0531","username":"greenfrog153","password":"bobdole","salt":"hOMRasXC","md5":"3a6f3835914bce698e40ffc181efa390","sha1":"f7cee7ef839b85ad033a3e4441209274395387e5","sha256":"6565681a4b99a85db397156c552a5c831daf6199f7de8b1f3adfcc5f82974d02"},"dob":{"date":"1990-01-04T12:32:27.740Z","age":34},"registered":{"date":"2013-05-29T02:31:50.449Z","age":10},"phone":"07-3603-2166","cell":"0449-020-491","id":{"name":"TFN","value":"293326032"},"picture":{"large":"https://randomuser.me/api/portraits/women/27.jpg","medium":"https://randomuser.me/api/portraits/med/women/27.jpg","thumbnail":"https://randomuser.me/api/portraits/thumb/women/27.jpg"},"nat":"AU"}],"info":{"seed":"0d60b3f46bf34587","results":1,"page":1,"version":"1.4"}} 
 </msg>
<msg time="2024-05-19T01:07:32.425479" level="INFO">/opt/hostedtoolcache/Python/3.12.3/x64/lib/python3.12/site-packages/urllib3/connectionpool.py:1103: InsecureRequestWarning: Unverified HTTPS request is being made to host 'randomuser.me'. Adding certificate verification is strongly advised. See: https://urllib3.readthedocs.io/en/latest/advanced-usage.html#tls-warnings
  warnings.warn(</msg>
<msg time="2024-05-19T01:07:32.425592" level="INFO">${response} = &lt;Response [200]&gt;</msg>
<var>${response}</var>
<arg>consultarAPI</arg>
<arg>/api</arg>
<doc>Sends a GET request on a previously created HTTP Session.</doc>
<status status="PASS" start="2024-05-19T01:07:32.314364" elapsed="0.111267"/>
</kw>
<kw name="Set Variable" owner="BuiltIn">
<msg time="2024-05-19T01:07:32.426784" level="INFO">${json_data} = {'results': [{'gender': 'female', 'name': {'title': 'Mrs', 'first': 'Nina', 'last': 'Long'}, 'location': {'street': {'number': 9007, 'name': 'Mockingbird Ln'}, 'city': 'Orange', 'state': 'Victoria', '...</msg>
<var>${json_data}</var>
<arg>${response.json()}</arg>
<doc>Returns the given values which can then be assigned to a variables.</doc>
<status status="PASS" start="2024-05-19T01:07:32.426209" elapsed="0.000604"/>
</kw>
<kw name="Log" owner="BuiltIn">
<msg time="2024-05-19T01:07:32.427274" level="INFO">{'results': [{'gender': 'female', 'name': {'title': 'Mrs', 'first': 'Nina', 'last': 'Long'}, 'location': {'street': {'number': 9007, 'name': 'Mockingbird Ln'}, 'city': 'Orange', 'state': 'Victoria', 'country': 'Australia', 'postcode': 4743, 'coordinates': {'latitude': '-85.1363', 'longitude': '122.0694'}, 'timezone': {'offset': '+1:00', 'description': 'Brussels, Copenhagen, Madrid, Paris'}}, 'email': 'nina.long@example.com', 'login': {'uuid': 'b897e8ad-f1a9-4b04-8725-50c84c5a0531', 'username': 'greenfrog153', 'password': 'bobdole', 'salt': 'hOMRasXC', 'md5': '3a6f3835914bce698e40ffc181efa390', 'sha1': 'f7cee7ef839b85ad033a3e4441209274395387e5', 'sha256': '6565681a4b99a85db397156c552a5c831daf6199f7de8b1f3adfcc5f82974d02'}, 'dob': {'date': '1990-01-04T12:32:27.740Z', 'age': 34}, 'registered': {'date': '2013-05-29T02:31:50.449Z', 'age': 10}, 'phone': '07-3603-2166', 'cell': '0449-020-491', 'id': {'name': 'TFN', 'value': '293326032'}, 'picture': {'large': 'https://randomuser.me/api/portraits/women/27.jpg', 'medium': 'https://randomuser.me/api/portraits/med/women/27.jpg', 'thumbnail': 'https://randomuser.me/api/portraits/thumb/women/27.jpg'}, 'nat': 'AU'}], 'info': {'seed': '0d60b3f46bf34587', 'results': 1, 'page': 1, 'version': '1.4'}}</msg>
<arg>${json_data}</arg>
<doc>Logs the given message with the given level.</doc>
<status status="PASS" start="2024-05-19T01:07:32.427122" elapsed="0.000198"/>
</kw>
<kw name="Should Be String" owner="String">
<arg>${json_data['results'][0]['gender']}</arg>
<doc>Fails if the given ``item`` is not a string.</doc>
<status status="PASS" start="2024-05-19T01:07:32.427643" elapsed="0.000356"/>
</kw>
<kw name="Should Match Regexp" owner="BuiltIn">
<arg>${json_data['results'][0]['email']}</arg>
<arg>^[a-zA-Z0-9._%+-]+@[a-zA-Z0-9.-]+\.[a-zA-Z]{2,}$</arg>
<doc>Fails if ``string`` does not match ``pattern`` as a regular expression.</doc>
<status status="PASS" start="2024-05-19T01:07:32.428203" elapsed="0.000508"/>
</kw>
<kw name="Should Match Regexp" owner="BuiltIn">
<arg>${json_data['results'][0]['dob']['date']}</arg>
<arg>\\d{4}-\\d{2}-\\d{2}T\\d{2}:\\d{2}:\\d{2}\\.\\d{3}Z</arg>
<doc>Fails if ``string`` does not match ``pattern`` as a regular expression.</doc>
<status status="PASS" start="2024-05-19T01:07:32.428908" elapsed="0.000485"/>
</kw>
<kw name="Should Match Regexp" owner="BuiltIn">
<arg>${json_data['results'][0]['registered']['date']}</arg>
<arg>\\d{4}-\\d{2}-\\d{2}T\\d{2}:\\d{2}:\\d{2}\\.\\d{3}Z</arg>
<doc>Fails if ``string`` does not match ``pattern`` as a regular expression.</doc>
<status status="PASS" start="2024-05-19T01:07:32.429629" elapsed="0.000366"/>
</kw>
<kw name="Should Match Regexp" owner="BuiltIn">
<arg>${json_data['results'][0]['picture']['large']}</arg>
<arg>^https?://.*\.(?:png|jpe?g|gif|bmp)$</arg>
<doc>Fails if ``string`` does not match ``pattern`` as a regular expression.</doc>
<status status="PASS" start="2024-05-19T01:07:32.430188" elapsed="0.000460"/>
</kw>
<kw name="Should Match Regexp" owner="BuiltIn">
<arg>${json_data['results'][0]['picture']['medium']}</arg>
<arg>^https?://.*\.(?:png|jpe?g|gif|bmp)$</arg>
<doc>Fails if ``string`` does not match ``pattern`` as a regular expression.</doc>
<status status="PASS" start="2024-05-19T01:07:32.430837" elapsed="0.000358"/>
</kw>
<kw name="Should Match Regexp" owner="BuiltIn">
<arg>${json_data['results'][0]['picture']['thumbnail']}</arg>
<arg>^https?://.*\.(?:png|jpe?g|gif|bmp)$</arg>
<doc>Fails if ``string`` does not match ``pattern`` as a regular expression.</doc>
<status status="PASS" start="2024-05-19T01:07:32.431384" elapsed="0.000347"/>
</kw>
<kw name="Log" owner="BuiltIn">
<msg time="2024-05-19T01:07:32.432225" level="INFO">{'large': 'https://randomuser.me/api/portraits/women/27.jpg', 'medium': 'https://randomuser.me/api/portraits/med/women/27.jpg', 'thumbnail': 'https://randomuser.me/api/portraits/thumb/women/27.jpg'}</msg>
<arg>${json_data['results'][0]['picture']}</arg>
<doc>Logs the given message with the given level.</doc>
<status status="PASS" start="2024-05-19T01:07:32.431909" elapsed="0.000356"/>
</kw>
<status status="PASS" start="2024-05-19T01:07:32.314137" elapsed="0.118380"/>
</kw>
<kw name="Teste de Tipos de Dados - Postcode" owner="random-user-service">
<kw name="GET On Session" owner="RequestsLibrary">
<msg time="2024-05-19T01:07:32.546188" level="INFO">GET Request : url=https://randomuser.me/api 
 path_url=/api 
 headers={'User-Agent': 'python-requests/2.31.0', 'Accept-Encoding': 'gzip, deflate', 'Accept': '*/*', 'Connection': 'keep-alive'} 
 body=None 
 </msg>
<msg time="2024-05-19T01:07:32.546301" level="INFO">GET Response : url=https://randomuser.me/api 
 status=200, reason=OK 
 headers={'Date': 'Sun, 19 May 2024 01:07:32 GMT', 'Content-Type': 'application/json; charset=utf-8', 'Transfer-Encoding': 'chunked', 'Connection': 'keep-alive', 'X-Powered-By': 'Express', 'Access-Control-Allow-Origin': '*', 'Cache-Control': 'no-cache', 'ETag': 'W/"475-1IMLRSbiZ6AoXpUZvSVFLPEX2ew"', 'Vary': 'Accept-Encoding', 'Content-Encoding': 'gzip', 'CF-Cache-Status': 'DYNAMIC', 'Report-To': '{"endpoints":[{"url":"https:\\/\\/a.nel.cloudflare.com\\/report\\/v4?s=S9%2Fql8AoyWoSH3UxFadWCR%2BxtYYHRjKJmCDUwyOTZCFBsXZSjALtNW%2BesX0FQ6ec0B5DJ9kbCeI8rU3QiFRL3dPJRzb56rAePlYZ5fCtree3qru3peuPk97REQEY%2FcfC"}],"group":"cf-nel","max_age":604800}', 'NEL': '{"success_fraction":0,"report_to":"cf-nel","max_age":604800}', 'Server': 'cloudflare', 'CF-RAY': '886030cfcdc32abd-LAX', 'alt-svc': 'h3=":443"; ma=86400'} 
 body={"results":[{"gender":"male","name":{"title":"Mr","first":"Darsh","last":"Holla"},"location":{"street":{"number":2941,"name":"Marine Drive"},"city":"Kharagpur","state":"Tripura","country":"India","postcode":52178,"coordinates":{"latitude":"7.3099","longitude":"-126.3939"},"timezone":{"offset":"+6:00","description":"Almaty, Dhaka, Colombo"}},"email":"darsh.holla@example.com","login":{"uuid":"45c487e7-eded-4506-bfe2-d601d0228283","username":"tinycat840","password":"warthog","salt":"5Z72wcAo","md5":"a6e54d5272c5790be847e55b7f6d57e5","sha1":"7615520c5510b9389f675599a4f638c38b313512","sha256":"ce1a818f76f7ee59b9e0be0d58c8c3be5c178d4524c09d2e71f90b9248ea004a"},"dob":{"date":"1968-12-09T12:53:21.164Z","age":55},"registered":{"date":"2002-12-29T00:18:11.191Z","age":21},"phone":"9011515232","cell":"8689755418","id":{"name":"UIDAI","value":"286312968903"},"picture":{"large":"https://randomuser.me/api/portraits/men/11.jpg","medium":"https://randomuser.me/api/portraits/med/men/11.jpg","thumbnail":"https://randomuser.me/api/portraits/thumb/men/11.jpg"},"nat":"IN"}],"info":{"seed":"672e67bb9d0f3c91","results":1,"page":1,"version":"1.4"}} 
 </msg>
<msg time="2024-05-19T01:07:32.546405" level="INFO">/opt/hostedtoolcache/Python/3.12.3/x64/lib/python3.12/site-packages/urllib3/connectionpool.py:1103: InsecureRequestWarning: Unverified HTTPS request is being made to host 'randomuser.me'. Adding certificate verification is strongly advised. See: https://urllib3.readthedocs.io/en/latest/advanced-usage.html#tls-warnings
  warnings.warn(</msg>
<msg time="2024-05-19T01:07:32.546562" level="INFO">${response} = &lt;Response [200]&gt;</msg>
<var>${response}</var>
<arg>consultarAPI</arg>
<arg>/api</arg>
<doc>Sends a GET request on a previously created HTTP Session.</doc>
<status status="PASS" start="2024-05-19T01:07:32.432966" elapsed="0.113640"/>
</kw>
<kw name="Set Variable" owner="BuiltIn">
<msg time="2024-05-19T01:07:32.547951" level="INFO">${json_data} = {'results': [{'gender': 'male', 'name': {'title': 'Mr', 'first': 'Darsh', 'last': 'Holla'}, 'location': {'street': {'number': 2941, 'name': 'Marine Drive'}, 'city': 'Kharagpur', 'state': 'Tripura', 'c...</msg>
<var>${json_data}</var>
<arg>${response.json()}</arg>
<doc>Returns the given values which can then be assigned to a variables.</doc>
<status status="PASS" start="2024-05-19T01:07:32.547221" elapsed="0.000779"/>
</kw>
<kw name="Log" owner="BuiltIn">
<msg time="2024-05-19T01:07:32.548718" level="INFO">{'results': [{'gender': 'male', 'name': {'title': 'Mr', 'first': 'Darsh', 'last': 'Holla'}, 'location': {'street': {'number': 2941, 'name': 'Marine Drive'}, 'city': 'Kharagpur', 'state': 'Tripura', 'country': 'India', 'postcode': 52178, 'coordinates': {'latitude': '7.3099', 'longitude': '-126.3939'}, 'timezone': {'offset': '+6:00', 'description': 'Almaty, Dhaka, Colombo'}}, 'email': 'darsh.holla@example.com', 'login': {'uuid': '45c487e7-eded-4506-bfe2-d601d0228283', 'username': 'tinycat840', 'password': 'warthog', 'salt': '5Z72wcAo', 'md5': 'a6e54d5272c5790be847e55b7f6d57e5', 'sha1': '7615520c5510b9389f675599a4f638c38b313512', 'sha256': 'ce1a818f76f7ee59b9e0be0d58c8c3be5c178d4524c09d2e71f90b9248ea004a'}, 'dob': {'date': '1968-12-09T12:53:21.164Z', 'age': 55}, 'registered': {'date': '2002-12-29T00:18:11.191Z', 'age': 21}, 'phone': '9011515232', 'cell': '8689755418', 'id': {'name': 'UIDAI', 'value': '286312968903'}, 'picture': {'large': 'https://randomuser.me/api/portraits/men/11.jpg', 'medium': 'https://randomuser.me/api/portraits/med/men/11.jpg', 'thumbnail': 'https://randomuser.me/api/portraits/thumb/men/11.jpg'}, 'nat': 'IN'}], 'info': {'seed': '672e67bb9d0f3c91', 'results': 1, 'page': 1, 'version': '1.4'}}</msg>
<arg>${json_data}</arg>
<doc>Logs the given message with the given level.</doc>
<status status="PASS" start="2024-05-19T01:07:32.548477" elapsed="0.000320"/>
</kw>
<kw name="Should Be Equal As Numbers" owner="BuiltIn">
<arg>${json_data['results'][0]['location']['postcode']}</arg>
<arg>${json_data['results'][0]['location']['postcode']}</arg>
<doc>Fails if objects are unequal after converting them to real numbers.</doc>
<status status="PASS" start="2024-05-19T01:07:32.549531" elapsed="0.001070"/>
</kw>
<kw name="Log" owner="BuiltIn">
<msg time="2024-05-19T01:07:32.551478" level="INFO">52178</msg>
<arg>${json_data['results'][0]['location']['postcode']}</arg>
<doc>Logs the given message with the given level.</doc>
<status status="PASS" start="2024-05-19T01:07:32.550942" elapsed="0.000606"/>
</kw>
<status status="PASS" start="2024-05-19T01:07:32.432739" elapsed="0.119187"/>
</kw>
<doc>Testa se os tipos de dados na resposta da API estão corretos.</doc>
<tag>testeTiposDados</tag>
<status status="PASS" start="2024-05-19T01:07:32.313590" elapsed="0.238599"/>
</test>
<test id="s1-s1-t5" name="Validar conteudo" line="35">
<kw name="Teste de Tipos de Conteudo" owner="random-user-service">
<kw name="GET On Session" owner="RequestsLibrary">
<msg time="2024-05-19T01:07:32.654748" level="INFO">GET Request : url=https://randomuser.me/api 
 path_url=/api 
 headers={'User-Agent': 'python-requests/2.31.0', 'Accept-Encoding': 'gzip, deflate', 'Accept': '*/*', 'Connection': 'keep-alive'} 
 body=None 
 </msg>
<msg time="2024-05-19T01:07:32.654848" level="INFO">GET Response : url=https://randomuser.me/api 
 status=200, reason=OK 
 headers={'Date': 'Sun, 19 May 2024 01:07:32 GMT', 'Content-Type': 'application/json; charset=utf-8', 'Transfer-Encoding': 'chunked', 'Connection': 'keep-alive', 'X-Powered-By': 'Express', 'Access-Control-Allow-Origin': '*', 'Cache-Control': 'no-cache', 'ETag': 'W/"476-xMVFlMNB+VW2ZMFgiXc7J+5LX3Y"', 'Vary': 'Accept-Encoding', 'Content-Encoding': 'gzip', 'CF-Cache-Status': 'DYNAMIC', 'Report-To': '{"endpoints":[{"url":"https:\\/\\/a.nel.cloudflare.com\\/report\\/v4?s=iaHXZdHy98KYbqPx%2FQeAhOqhFfbLH%2BnE%2FqkIG2b15AgQ19OPJ%2FUi3qTlRJM9ieyrarfqLll%2FrsyhKUkAswLQVYY%2FDWKGC2sT1t7Oq%2BOS9uIww7%2BIWoF6et%2B3JEhHb6Ww"}],"group":"cf-nel","max_age":604800}', 'NEL': '{"success_fraction":0,"report_to":"cf-nel","max_age":604800}', 'Server': 'cloudflare', 'CF-RAY': '886030d08ebb2abd-LAX', 'alt-svc': 'h3=":443"; ma=86400'} 
 body={"results":[{"gender":"male","name":{"title":"Mr","first":"Carl","last":"Madsen"},"location":{"street":{"number":1265,"name":"Gammel Landevej"},"city":"Tisvilde","state":"Sjælland","country":"Denmark","postcode":45885,"coordinates":{"latitude":"-46.4576","longitude":"-141.2157"},"timezone":{"offset":"-12:00","description":"Eniwetok, Kwajalein"}},"email":"carl.madsen@example.com","login":{"uuid":"27023eb6-a812-4887-818c-e3dcc4387ecf","username":"orangerabbit909","password":"angus","salt":"MFgkIIDq","md5":"0012fff0e40990252aaee692f560a575","sha1":"6b5dfec768c9e9420c00f3ca693f74f9780d4fbc","sha256":"3c513481c4bc82db40886868989f8d63e193477d9add01f340970d0a88bcdead"},"dob":{"date":"1955-05-08T08:50:23.403Z","age":69},"registered":{"date":"2018-11-27T00:30:55.964Z","age":5},"phone":"82254879","cell":"51309063","id":{"name":"CPR","value":"080555-2426"},"picture":{"large":"https://randomuser.me/api/portraits/men/78.jpg","medium":"https://randomuser.me/api/portraits/med/men/78.jpg","thumbnail":"https://randomuser.me/api/portraits/thumb/men/78.jpg"},"nat":"DK"}],"info":{"seed":"4a5714e8d9c9573e","results":1,"page":1,"version":"1.4"}} 
 </msg>
<msg time="2024-05-19T01:07:32.654923" level="INFO">/opt/hostedtoolcache/Python/3.12.3/x64/lib/python3.12/site-packages/urllib3/connectionpool.py:1103: InsecureRequestWarning: Unverified HTTPS request is being made to host 'randomuser.me'. Adding certificate verification is strongly advised. See: https://urllib3.readthedocs.io/en/latest/advanced-usage.html#tls-warnings
  warnings.warn(</msg>
<msg time="2024-05-19T01:07:32.655050" level="INFO">${response} = &lt;Response [200]&gt;</msg>
<var>${response}</var>
<arg>consultarAPI</arg>
<arg>/api</arg>
<doc>Sends a GET request on a previously created HTTP Session.</doc>
<status status="PASS" start="2024-05-19T01:07:32.555418" elapsed="0.099674"/>
</kw>
<kw name="Set Variable" owner="BuiltIn">
<msg time="2024-05-19T01:07:32.656165" level="INFO">${json_data} = {'results': [{'gender': 'male', 'name': {'title': 'Mr', 'first': 'Carl', 'last': 'Madsen'}, 'location': {'street': {'number': 1265, 'name': 'Gammel Landevej'}, 'city': 'Tisvilde', 'state': 'Sjælland',...</msg>
<var>${json_data}</var>
<arg>${response.json()}</arg>
<doc>Returns the given values which can then be assigned to a variables.</doc>
<status status="PASS" start="2024-05-19T01:07:32.655656" elapsed="0.000539"/>
</kw>
<kw name="Set Variable" owner="BuiltIn">
<msg time="2024-05-19T01:07:32.656887" level="INFO">${name_title} = Mr</msg>
<var>${name_title}</var>
<arg>${json_data["results"][0]["name"]["title"]}</arg>
<doc>Returns the given values which can then be assigned to a variables.</doc>
<status status="PASS" start="2024-05-19T01:07:32.656505" elapsed="0.000408"/>
</kw>
<kw name="Create List" owner="BuiltIn">
<msg time="2024-05-19T01:07:32.657367" level="INFO">${allowed_titles} = ['Mr', 'Ms', 'Miss', 'Mrs', 'Madame', 'Monsieur']</msg>
<var>${allowed_titles}</var>
<arg>Mr</arg>
<arg>Ms</arg>
<arg>Miss</arg>
<arg>Mrs</arg>
<arg>Madame</arg>
<arg>Monsieur</arg>
<doc>Returns a list containing given items.</doc>
<status status="PASS" start="2024-05-19T01:07:32.657211" elapsed="0.000180"/>
</kw>
<kw name="List Should Contain Value" owner="Collections">
<msg time="2024-05-19T01:07:32.657907" level="INFO">False</msg>
<arg>${allowed_titles}</arg>
<arg>${name_title}</arg>
<doc>Fails if the ``value`` is not found from ``list``.</doc>
<status status="PASS" start="2024-05-19T01:07:32.657722" elapsed="0.000226"/>
</kw>
<kw name="Set Variable" owner="BuiltIn">
<msg time="2024-05-19T01:07:32.658616" level="INFO">${name_country} = DK</msg>
<var>${name_country}</var>
<arg>${json_data["results"][0]["nat"]}</arg>
<doc>Returns the given values which can then be assigned to a variables.</doc>
<status status="PASS" start="2024-05-19T01:07:32.658237" elapsed="0.000405"/>
</kw>
<kw name="Create List" owner="BuiltIn">
<msg time="2024-05-19T01:07:32.659547" level="INFO">${list_country} = ['AD', 'AE', 'AF', 'AG', 'AI', 'AL', 'AM', 'AO', 'AQ', 'AR', 'AS', 'AT', 'AU', 'AW', 'AX', 'AZ', 'BA', 'BB', 'BD', 'BE', 'BF', 'BG', 'BH', 'BI', 'BJ', 'BL', 'BM', 'BN', 'BO', 'BQ', 'BR', 'BS', 'BT', '...</msg>
<var>${list_country}</var>
<arg>AD</arg>
<arg>AE</arg>
<arg>AF</arg>
<arg>AG</arg>
<arg>AI</arg>
<arg>AL</arg>
<arg>AM</arg>
<arg>AO</arg>
<arg>AQ</arg>
<arg>AR</arg>
<arg>AS</arg>
<arg>AT</arg>
<arg>AU</arg>
<arg>AW</arg>
<arg>AX</arg>
<arg>AZ</arg>
<arg>BA</arg>
<arg>BB</arg>
<arg>BD</arg>
<arg>BE</arg>
<arg>BF</arg>
<arg>BG</arg>
<arg>BH</arg>
<arg>BI</arg>
<arg>BJ</arg>
<arg>BL</arg>
<arg>BM</arg>
<arg>BN</arg>
<arg>BO</arg>
<arg>BQ</arg>
<arg>BR</arg>
<arg>BS</arg>
<arg>BT</arg>
<arg>BV</arg>
<arg>BW</arg>
<arg>BY</arg>
<arg>BZ</arg>
<arg>CA</arg>
<arg>CC</arg>
<arg>CD</arg>
<arg>CF</arg>
<arg>CG</arg>
<arg>CH</arg>
<arg>CI</arg>
<arg>CK</arg>
<arg>CL</arg>
<arg>CM</arg>
<arg>CN</arg>
<arg>CO</arg>
<arg>CR</arg>
<arg>CU</arg>
<arg>CV</arg>
<arg>CW</arg>
<arg>CX</arg>
<arg>CY</arg>
<arg>CZ</arg>
<arg>DE</arg>
<arg>DJ</arg>
<arg>DK</arg>
<arg>DM</arg>
<arg>DO</arg>
<arg>DZ</arg>
<arg>EC</arg>
<arg>EE</arg>
<arg>EG</arg>
<arg>EH</arg>
<arg>ER</arg>
<arg>ES</arg>
<arg>ET</arg>
<arg>FI</arg>
<arg>FJ</arg>
<arg>FK</arg>
<arg>FM</arg>
<arg>FO</arg>
<arg>FR</arg>
<arg>GA</arg>
<arg>GB</arg>
<arg>GD</arg>
<arg>GE</arg>
<arg>GF</arg>
<arg>GG</arg>
<arg>GH</arg>
<arg>GI</arg>
<arg>GL</arg>
<arg>GM</arg>
<arg>GN</arg>
<arg>GP</arg>
<arg>GQ</arg>
<arg>GR</arg>
<arg>GS</arg>
<arg>GT</arg>
<arg>GU</arg>
<arg>GW</arg>
<arg>GY</arg>
<arg>HK</arg>
<arg>HM</arg>
<arg>HN</arg>
<arg>HR</arg>
<arg>HT</arg>
<arg>HU</arg>
<arg>ID</arg>
<arg>IE</arg>
<arg>IL</arg>
<arg>IM</arg>
<arg>IN</arg>
<arg>IO</arg>
<arg>IQ</arg>
<arg>IR</arg>
<arg>IS</arg>
<arg>IT</arg>
<arg>JE</arg>
<arg>JM</arg>
<arg>JO</arg>
<arg>JP</arg>
<arg>KE</arg>
<arg>KG</arg>
<arg>KH</arg>
<arg>KI</arg>
<arg>KM</arg>
<arg>KN</arg>
<arg>KP</arg>
<arg>KR</arg>
<arg>KW</arg>
<arg>KY</arg>
<arg>KZ</arg>
<arg>LA</arg>
<arg>LB</arg>
<arg>LC</arg>
<arg>LI</arg>
<arg>LK</arg>
<arg>LR</arg>
<arg>LS</arg>
<arg>LT</arg>
<arg>LU</arg>
<arg>LV</arg>
<arg>LY</arg>
<arg>MA</arg>
<arg>MC</arg>
<arg>MD</arg>
<arg>ME</arg>
<arg>MF</arg>
<arg>MG</arg>
<arg>MH</arg>
<arg>MK</arg>
<arg>ML</arg>
<arg>MM</arg>
<arg>MN</arg>
<arg>MO</arg>
<arg>MP</arg>
<arg>MQ</arg>
<arg>MR</arg>
<arg>MS</arg>
<arg>MT</arg>
<arg>MU</arg>
<arg>MV</arg>
<arg>MW</arg>
<arg>MX</arg>
<arg>MY</arg>
<arg>MZ</arg>
<arg>NA</arg>
<arg>NC</arg>
<arg>NE</arg>
<arg>NF</arg>
<arg>NG</arg>
<arg>NI</arg>
<arg>NL</arg>
<arg>NO</arg>
<arg>NP</arg>
<arg>NR</arg>
<arg>NU</arg>
<arg>NZ</arg>
<arg>OM</arg>
<arg>PA</arg>
<arg>PE</arg>
<arg>PF</arg>
<arg>PG</arg>
<arg>PH</arg>
<arg>PK</arg>
<arg>PL</arg>
<arg>PM</arg>
<arg>PN</arg>
<arg>PR</arg>
<arg>PS</arg>
<arg>PT</arg>
<arg>PW</arg>
<arg>PY</arg>
<arg>QA</arg>
<arg>RE</arg>
<arg>RO</arg>
<arg>RS</arg>
<arg>RU</arg>
<arg>RW</arg>
<arg>SA</arg>
<arg>SB</arg>
<arg>SC</arg>
<arg>SD</arg>
<arg>SE</arg>
<arg>SG</arg>
<arg>SH</arg>
<arg>SI</arg>
<arg>SJ</arg>
<arg>SK</arg>
<arg>SL</arg>
<arg>SM</arg>
<arg>SN</arg>
<arg>SO</arg>
<arg>SR</arg>
<arg>SS</arg>
<arg>ST</arg>
<arg>SV</arg>
<arg>SX</arg>
<arg>SY</arg>
<arg>SZ</arg>
<arg>TC</arg>
<arg>TD</arg>
<arg>TF</arg>
<arg>TG</arg>
<arg>TH</arg>
<arg>TJ</arg>
<arg>TK</arg>
<arg>TL</arg>
<arg>TM</arg>
<arg>TN</arg>
<arg>TO</arg>
<arg>TR</arg>
<arg>TT</arg>
<arg>TV</arg>
<arg>TW</arg>
<arg>TZ</arg>
<arg>UA</arg>
<arg>UG</arg>
<arg>UM</arg>
<arg>US</arg>
<arg>UY</arg>
<arg>UZ</arg>
<arg>VA</arg>
<arg>VC</arg>
<arg>VE</arg>
<arg>VG</arg>
<arg>VI</arg>
<arg>VN</arg>
<arg>VU</arg>
<arg>WF</arg>
<arg>WS</arg>
<arg>XK</arg>
<arg>YE</arg>
<arg>YT</arg>
<arg>ZA</arg>
<arg>ZM</arg>
<arg>ZW</arg>
<doc>Returns a list containing given items.</doc>
<status status="PASS" start="2024-05-19T01:07:32.658946" elapsed="0.000626"/>
</kw>
<kw name="List Should Contain Value" owner="Collections">
<msg time="2024-05-19T01:07:32.660552" level="INFO">False</msg>
<arg>${list_country}</arg>
<arg>${name_country}</arg>
<doc>Fails if the ``value`` is not found from ``list``.</doc>
<status status="PASS" start="2024-05-19T01:07:32.660352" elapsed="0.000235"/>
</kw>
<kw name="Run Keyword If" owner="BuiltIn">
<kw name="Should Be True" owner="BuiltIn">
<arg>${True}</arg>
<doc>Fails if the given condition is not true.</doc>
<status status="PASS" start="2024-05-19T01:07:32.661663" elapsed="0.000255"/>
</kw>
<arg>${json_data["results"][0]["location"]["coordinates"]["latitude"]} &gt;= -90 and ${json_data["results"][0]["location"]["coordinates"]["latitude"]} &lt;= 90</arg>
<arg>Should Be True</arg>
<arg>${True}</arg>
<doc>Runs the given keyword with the given arguments, if ``condition`` is true.</doc>
<status status="PASS" start="2024-05-19T01:07:32.660899" elapsed="0.001151"/>
</kw>
<kw name="Run Keyword If" owner="BuiltIn">
<kw name="Should Be True" owner="BuiltIn">
<arg>${True}</arg>
<doc>Fails if the given condition is not true.</doc>
<status status="PASS" start="2024-05-19T01:07:32.662925" elapsed="0.000136"/>
</kw>
<arg>${json_data["results"][0]["location"]["coordinates"]["longitude"]} &gt;= -180 and ${json_data["results"][0]["location"]["coordinates"]["longitude"]} &lt;= 180</arg>
<arg>Should Be True</arg>
<arg>${True}</arg>
<doc>Runs the given keyword with the given arguments, if ``condition`` is true.</doc>
<status status="PASS" start="2024-05-19T01:07:32.662236" elapsed="0.000947"/>
</kw>
<status status="PASS" start="2024-05-19T01:07:32.555179" elapsed="0.108132"/>
</kw>
<doc>Testa o conteúdo específico dos campos retornados pela API.</doc>
<tag>testeConteudo</tag>
<status status="PASS" start="2024-05-19T01:07:32.554735" elapsed="0.108726"/>
</test>
<status status="PASS" start="2024-05-19T01:07:31.552956" elapsed="1.112481"/>
</suite>
<status status="PASS" start="2024-05-19T01:07:31.539429" elapsed="1.131239"/>
</suite>
<statistics>
<total>
<stat pass="5" fail="0" skip="0">All Tests</stat>
</total>
<tag>
<stat pass="1" fail="0" skip="0">testeConteudo</stat>
<stat pass="1" fail="0" skip="0">testeEstruturaResposta</stat>
<stat pass="1" fail="0" skip="0">testeRequisicaoBasica</stat>
<stat pass="1" fail="0" skip="0">testeTiposDados</stat>
</tag>
<suite>
<stat pass="5" fail="0" skip="0" id="s1" name="Tests">Tests</stat>
<stat pass="5" fail="0" skip="0" id="s1-s1" name="Random-User-Test">Tests.Random-User-Test</stat>
</suite>
</statistics>
<errors>
</errors>
</robot>
