<?xml version="1.0" encoding="UTF-8"?>
<robot generator="Robot 7.0.1 (Python 3.12.4 on linux)" generated="2024-07-02T03:16:34.840043" rpa="false" schemaversion="5">
<suite id="s1" name="Tests" source="/home/runner/work/ApiRandomUser/ApiRandomUser/RamdonUser/tests">
<suite id="s1-s1" name="Random-User-Test" source="/home/runner/work/ApiRandomUser/ApiRandomUser/RamdonUser/tests/random-user-test.robot">
<test id="s1-s1-t1" name="Conectar" line="13">
<kw name="Conectar API" owner="random-user-service">
<kw name="Create Session" owner="RequestsLibrary">
<msg time="2024-07-02T03:16:35.227948" level="INFO">Creating Session using : alias=consultarAPI, url=https://randomuser.me/, headers={},                     cookies={}, auth=None, timeout=None, proxies=None, verify=False,                     debug=0 </msg>
<arg>consultarAPI</arg>
<arg>${URL}</arg>
<doc>Create Session: create a HTTP session to a server</doc>
<status status="PASS" start="2024-07-02T03:16:35.227747" elapsed="0.000382"/>
</kw>
<status status="PASS" start="2024-07-02T03:16:35.226766" elapsed="0.001729"/>
</kw>
<status status="PASS" start="2024-07-02T03:16:35.226190" elapsed="0.002503"/>
</test>
<test id="s1-s1-t2" name="Validar retorno 200 e JSON Válido" line="16">
<kw name="Teste de Requisicao Basica" owner="random-user-service">
<kw name="GET On Session" owner="RequestsLibrary">
<msg time="2024-07-02T03:16:35.451841" level="INFO">GET Request : url=https://randomuser.me/api 
 path_url=/api 
 headers={'User-Agent': 'python-requests/2.32.3', 'Accept-Encoding': 'gzip, deflate', 'Accept': '*/*', 'Connection': 'keep-alive'} 
 body=None 
 </msg>
<msg time="2024-07-02T03:16:35.451995" level="INFO">GET Response : url=https://randomuser.me/api 
 status=200, reason=OK 
 headers={'Date': 'Tue, 02 Jul 2024 03:16:35 GMT', 'Content-Type': 'application/json; charset=utf-8', 'Transfer-Encoding': 'chunked', 'Connection': 'keep-alive', 'X-Powered-By': 'Express', 'Access-Control-Allow-Origin': '*', 'Cache-Control': 'no-cache', 'ETag': 'W/"477-WEoqB2qhkWn6Q0J83kW4c/+qR3E"', 'Vary': 'Accept-Encoding', 'Content-Encoding': 'gzip', 'CF-Cache-Status': 'DYNAMIC', 'Report-To': '{"endpoints":[{"url":"https:\\/\\/a.nel.cloudflare.com\\/report\\/v4?s=duRkWmsKsiM0mDYqSDbC%2BXib7eOjP64DBOXWw8vbsauyGv88y2%2F%2B%2Ber%2Fzt7%2FRvBapEOF8mFoQ12H5EN07iIZaL2aci6nYJ%2B%2FwMCeD168tKOPiduOdS4GGjcM%2BTApXYCs"}],"group":"cf-nel","max_age":604800}', 'NEL': '{"success_fraction":0,"report_to":"cf-nel","max_age":604800}', 'Server': 'cloudflare', 'CF-RAY': '89cb7a586a38396e-IAD', 'alt-svc': 'h3=":443"; ma=86400'} 
 body={"results":[{"gender":"male","name":{"title":"Mr","first":"Dale","last":"Wade"},"location":{"street":{"number":3154,"name":"Dame Street"},"city":"Fermoy","state":"Kilkenny","country":"Ireland","postcode":18252,"coordinates":{"latitude":"0.5053","longitude":"-176.2622"},"timezone":{"offset":"+7:00","description":"Bangkok, Hanoi, Jakarta"}},"email":"dale.wade@example.com","login":{"uuid":"3ec52661-12b1-4bd6-9d41-04e2b504d974","username":"goldenbutterfly148","password":"spaceman","salt":"hiShT1zt","md5":"a38190151be51c7306ba087552509afc","sha1":"4f2eb435ca72777ba918d42074e9ae2b2fb0ae2f","sha256":"fb312e07a49118ebb89e374f96f0e238cf00775315b41f98c7315433071121ad"},"dob":{"date":"1962-04-28T15:18:02.478Z","age":62},"registered":{"date":"2020-01-15T11:22:53.015Z","age":4},"phone":"051-302-8542","cell":"081-405-8523","id":{"name":"PPS","value":"7229846T"},"picture":{"large":"https://randomuser.me/api/portraits/men/15.jpg","medium":"https://randomuser.me/api/portraits/med/men/15.jpg","thumbnail":"https://randomuser.me/api/portraits/thumb/men/15.jpg"},"nat":"IE"}],"info":{"seed":"c5651b089175d5f1","results":1,"page":1,"version":"1.4"}} 
 </msg>
<msg time="2024-07-02T03:16:35.452078" level="INFO">/opt/hostedtoolcache/Python/3.12.4/x64/lib/python3.12/site-packages/urllib3/connectionpool.py:1099: InsecureRequestWarning: Unverified HTTPS request is being made to host 'randomuser.me'. Adding certificate verification is strongly advised. See: https://urllib3.readthedocs.io/en/latest/advanced-usage.html#tls-warnings
  warnings.warn(</msg>
<msg time="2024-07-02T03:16:35.452257" level="INFO">${response} = &lt;Response [200]&gt;</msg>
<var>${response}</var>
<arg>consultarAPI</arg>
<arg>/api</arg>
<doc>Sends a GET request on a previously created HTTP Session.</doc>
<status status="PASS" start="2024-07-02T03:16:35.231289" elapsed="0.221012"/>
</kw>
<kw name="Should Be Equal As Numbers" owner="BuiltIn">
<msg time="2024-07-02T03:16:35.453370" level="INFO">Argument types are:
&lt;class 'int'&gt;
&lt;class 'str'&gt;</msg>
<arg>${response.status_code}</arg>
<arg>200</arg>
<doc>Fails if objects are unequal after converting them to real numbers.</doc>
<status status="PASS" start="2024-07-02T03:16:35.452911" elapsed="0.000534"/>
</kw>
<kw name="Log" owner="BuiltIn">
<msg time="2024-07-02T03:16:35.454097" level="INFO">200</msg>
<arg>${response.status_code}</arg>
<doc>Logs the given message with the given level.</doc>
<status status="PASS" start="2024-07-02T03:16:35.453758" elapsed="0.000380"/>
</kw>
<kw name="Set Variable" owner="BuiltIn">
<msg time="2024-07-02T03:16:35.454898" level="INFO">${json_data} = {'results': [{'gender': 'male', 'name': {'title': 'Mr', 'first': 'Dale', 'last': 'Wade'}, 'location': {'street': {'number': 3154, 'name': 'Dame Street'}, 'city': 'Fermoy', 'state': 'Kilkenny', 'countr...</msg>
<var>${json_data}</var>
<arg>${response.json()}</arg>
<doc>Returns the given values which can then be assigned to a variables.</doc>
<status status="PASS" start="2024-07-02T03:16:35.454455" elapsed="0.000470"/>
</kw>
<kw name="Dictionary Should Contain Key" owner="Collections">
<arg>${json_data}</arg>
<arg>results</arg>
<doc>Fails if ``key`` is not found from ``dictionary``.</doc>
<status status="PASS" start="2024-07-02T03:16:35.455218" elapsed="0.000163"/>
</kw>
<status status="PASS" start="2024-07-02T03:16:35.231045" elapsed="0.224487"/>
</kw>
<doc>Testa se a API responde corretamente e retorna um objeto JSON válido.</doc>
<tag>testeRequisicaoBasica</tag>
<status status="PASS" start="2024-07-02T03:16:35.230588" elapsed="0.225119"/>
</test>
<test id="s1-s1-t3" name="Validar estrutura de resposta" line="22">
<kw name="Teste de Estrutura de Resposta" owner="random-user-service">
<kw name="GET On Session" owner="RequestsLibrary">
<msg time="2024-07-02T03:16:35.509052" level="INFO">GET Request : url=https://randomuser.me/api 
 path_url=/api 
 headers={'User-Agent': 'python-requests/2.32.3', 'Accept-Encoding': 'gzip, deflate', 'Accept': '*/*', 'Connection': 'keep-alive'} 
 body=None 
 </msg>
<msg time="2024-07-02T03:16:35.509169" level="INFO">GET Response : url=https://randomuser.me/api 
 status=200, reason=OK 
 headers={'Date': 'Tue, 02 Jul 2024 03:16:35 GMT', 'Content-Type': 'application/json; charset=utf-8', 'Transfer-Encoding': 'chunked', 'Connection': 'keep-alive', 'X-Powered-By': 'Express', 'Access-Control-Allow-Origin': '*', 'Cache-Control': 'no-cache', 'ETag': 'W/"486-0j/J2EfdrYIGTBDff9I53Jg1Ggc"', 'Vary': 'Accept-Encoding', 'Content-Encoding': 'gzip', 'CF-Cache-Status': 'DYNAMIC', 'Report-To': '{"endpoints":[{"url":"https:\\/\\/a.nel.cloudflare.com\\/report\\/v4?s=ysAdK3SGFncQcO%2Brj4Q5qy%2BnO0SKv2hEsqjlrbS02xmhduU3b3rFMZ5we0xK6gdOlPSwlzaDczM0Be4jDDG%2FEqybY9XlJpkhQ3u5Vfx56a4WGby9zF4dQjHRKUWqD5wJ"}],"group":"cf-nel","max_age":604800}', 'NEL': '{"success_fraction":0,"report_to":"cf-nel","max_age":604800}', 'Server': 'cloudflare', 'CF-RAY': '89cb7a59aba3396e-IAD', 'alt-svc': 'h3=":443"; ma=86400'} 
 body={"results":[{"gender":"male","name":{"title":"Mr","first":"Elias","last":"Rafoss"},"location":{"street":{"number":1568,"name":"Schandorffs gate"},"city":"Balestrand","state":"Aust-Agder","country":"Norway","postcode":"1833","coordinates":{"latitude":"39.0063","longitude":"-79.3060"},"timezone":{"offset":"-8:00","description":"Pacific Time (US &amp; Canada)"}},"email":"elias.rafoss@example.com","login":{"uuid":"3a22b01c-1b3c-4278-9709-dc24822bacc8","username":"beautifulmeercat839","password":"install","salt":"fSoYkBGu","md5":"da8419a8744f164368613981dd493c5b","sha1":"7c920963073dd887c6c8b7afd790a9bce0a319dd","sha256":"f7ba1ab901c92dd37ee9f4e68a13f8b88b34b905c764debafaaba02224cdaef7"},"dob":{"date":"1987-11-29T09:52:36.586Z","age":36},"registered":{"date":"2005-01-06T10:36:12.637Z","age":19},"phone":"61176775","cell":"96173111","id":{"name":"FN","value":"29118732578"},"picture":{"large":"https://randomuser.me/api/portraits/men/25.jpg","medium":"https://randomuser.me/api/portraits/med/men/25.jpg","thumbnail":"https://randomuser.me/api/portraits/thumb/men/25.jpg"},"nat":"NO"}],"info":{"seed":"cc7b22ed04263923","results":1,"page":1,"version":"1.4"}} 
 </msg>
<msg time="2024-07-02T03:16:35.509326" level="INFO">/opt/hostedtoolcache/Python/3.12.4/x64/lib/python3.12/site-packages/urllib3/connectionpool.py:1099: InsecureRequestWarning: Unverified HTTPS request is being made to host 'randomuser.me'. Adding certificate verification is strongly advised. See: https://urllib3.readthedocs.io/en/latest/advanced-usage.html#tls-warnings
  warnings.warn(</msg>
<msg time="2024-07-02T03:16:35.509495" level="INFO">${response} = &lt;Response [200]&gt;</msg>
<var>${response}</var>
<arg>consultarAPI</arg>
<arg>/api</arg>
<doc>Sends a GET request on a previously created HTTP Session.</doc>
<status status="PASS" start="2024-07-02T03:16:35.458421" elapsed="0.051114"/>
</kw>
<kw name="Set Variable" owner="BuiltIn">
<msg time="2024-07-02T03:16:35.510501" level="INFO">${json_data} = {'results': [{'gender': 'male', 'name': {'title': 'Mr', 'first': 'Elias', 'last': 'Rafoss'}, 'location': {'street': {'number': 1568, 'name': 'Schandorffs gate'}, 'city': 'Balestrand', 'state': 'Aust-A...</msg>
<var>${json_data}</var>
<arg>${response.json()}</arg>
<doc>Returns the given values which can then be assigned to a variables.</doc>
<status status="PASS" start="2024-07-02T03:16:35.510000" elapsed="0.000529"/>
</kw>
<kw name="Log" owner="BuiltIn">
<msg time="2024-07-02T03:16:35.510990" level="INFO">{'results': [{'gender': 'male', 'name': {'title': 'Mr', 'first': 'Elias', 'last': 'Rafoss'}, 'location': {'street': {'number': 1568, 'name': 'Schandorffs gate'}, 'city': 'Balestrand', 'state': 'Aust-Agder', 'country': 'Norway', 'postcode': '1833', 'coordinates': {'latitude': '39.0063', 'longitude': '-79.3060'}, 'timezone': {'offset': '-8:00', 'description': 'Pacific Time (US &amp; Canada)'}}, 'email': 'elias.rafoss@example.com', 'login': {'uuid': '3a22b01c-1b3c-4278-9709-dc24822bacc8', 'username': 'beautifulmeercat839', 'password': 'install', 'salt': 'fSoYkBGu', 'md5': 'da8419a8744f164368613981dd493c5b', 'sha1': '7c920963073dd887c6c8b7afd790a9bce0a319dd', 'sha256': 'f7ba1ab901c92dd37ee9f4e68a13f8b88b34b905c764debafaaba02224cdaef7'}, 'dob': {'date': '1987-11-29T09:52:36.586Z', 'age': 36}, 'registered': {'date': '2005-01-06T10:36:12.637Z', 'age': 19}, 'phone': '61176775', 'cell': '96173111', 'id': {'name': 'FN', 'value': '29118732578'}, 'picture': {'large': 'https://randomuser.me/api/portraits/men/25.jpg', 'medium': 'https://randomuser.me/api/portraits/med/men/25.jpg', 'thumbnail': 'https://randomuser.me/api/portraits/thumb/men/25.jpg'}, 'nat': 'NO'}], 'info': {'seed': 'cc7b22ed04263923', 'results': 1, 'page': 1, 'version': '1.4'}}</msg>
<arg>${json_data}</arg>
<doc>Logs the given message with the given level.</doc>
<status status="PASS" start="2024-07-02T03:16:35.510834" elapsed="0.000204"/>
</kw>
<kw name="Dictionary Should Contain Key" owner="Collections">
<arg>${json_data}</arg>
<arg>results</arg>
<doc>Fails if ``key`` is not found from ``dictionary``.</doc>
<status status="PASS" start="2024-07-02T03:16:35.511321" elapsed="0.000161"/>
</kw>
<kw name="Should Not Be Empty" owner="BuiltIn">
<msg time="2024-07-02T03:16:35.511784" level="INFO">Length is 2.</msg>
<arg>${json_data}</arg>
<doc>Verifies that the given item is not empty.</doc>
<status status="PASS" start="2024-07-02T03:16:35.511663" elapsed="0.000159"/>
</kw>
<kw name="Create List" owner="BuiltIn">
<msg time="2024-07-02T03:16:35.512265" level="INFO">${expected_keys} = ['gender', 'name', 'location', 'email', 'login']</msg>
<var>${expected_keys}</var>
<arg>gender</arg>
<arg>name</arg>
<arg>location</arg>
<arg>email</arg>
<arg>login</arg>
<doc>Returns a list containing given items.</doc>
<status status="PASS" start="2024-07-02T03:16:35.512111" elapsed="0.000178"/>
</kw>
<for flavor="IN">
<iter>
<kw name="Dictionary Should Contain Key" owner="Collections">
<arg>${json_data['results'][0]}</arg>
<arg>${key}</arg>
<doc>Fails if ``key`` is not found from ``dictionary``.</doc>
<status status="PASS" start="2024-07-02T03:16:35.513075" elapsed="0.000397"/>
</kw>
<kw name="Log" owner="BuiltIn">
<msg time="2024-07-02T03:16:35.514020" level="INFO">{'gender': 'male', 'name': {'title': 'Mr', 'first': 'Elias', 'last': 'Rafoss'}, 'location': {'street': {'number': 1568, 'name': 'Schandorffs gate'}, 'city': 'Balestrand', 'state': 'Aust-Agder', 'country': 'Norway', 'postcode': '1833', 'coordinates': {'latitude': '39.0063', 'longitude': '-79.3060'}, 'timezone': {'offset': '-8:00', 'description': 'Pacific Time (US &amp; Canada)'}}, 'email': 'elias.rafoss@example.com', 'login': {'uuid': '3a22b01c-1b3c-4278-9709-dc24822bacc8', 'username': 'beautifulmeercat839', 'password': 'install', 'salt': 'fSoYkBGu', 'md5': 'da8419a8744f164368613981dd493c5b', 'sha1': '7c920963073dd887c6c8b7afd790a9bce0a319dd', 'sha256': 'f7ba1ab901c92dd37ee9f4e68a13f8b88b34b905c764debafaaba02224cdaef7'}, 'dob': {'date': '1987-11-29T09:52:36.586Z', 'age': 36}, 'registered': {'date': '2005-01-06T10:36:12.637Z', 'age': 19}, 'phone': '61176775', 'cell': '96173111', 'id': {'name': 'FN', 'value': '29118732578'}, 'picture': {'large': 'https://randomuser.me/api/portraits/men/25.jpg', 'medium': 'https://randomuser.me/api/portraits/med/men/25.jpg', 'thumbnail': 'https://randomuser.me/api/portraits/thumb/men/25.jpg'}, 'nat': 'NO'}</msg>
<arg>${json_data['results'][0]}</arg>
<doc>Logs the given message with the given level.</doc>
<status status="PASS" start="2024-07-02T03:16:35.513661" elapsed="0.000408"/>
</kw>
<kw name="Log" owner="BuiltIn">
<msg time="2024-07-02T03:16:35.514493" level="INFO">gender</msg>
<arg>${key}</arg>
<doc>Logs the given message with the given level.</doc>
<status status="PASS" start="2024-07-02T03:16:35.514366" elapsed="0.000165"/>
</kw>
<var name="${key}">gender</var>
<status status="PASS" start="2024-07-02T03:16:35.512953" elapsed="0.001795"/>
</iter>
<iter>
<kw name="Dictionary Should Contain Key" owner="Collections">
<arg>${json_data['results'][0]}</arg>
<arg>${key}</arg>
<doc>Fails if ``key`` is not found from ``dictionary``.</doc>
<status status="PASS" start="2024-07-02T03:16:35.515039" elapsed="0.000386"/>
</kw>
<kw name="Log" owner="BuiltIn">
<msg time="2024-07-02T03:16:35.515962" level="INFO">{'gender': 'male', 'name': {'title': 'Mr', 'first': 'Elias', 'last': 'Rafoss'}, 'location': {'street': {'number': 1568, 'name': 'Schandorffs gate'}, 'city': 'Balestrand', 'state': 'Aust-Agder', 'country': 'Norway', 'postcode': '1833', 'coordinates': {'latitude': '39.0063', 'longitude': '-79.3060'}, 'timezone': {'offset': '-8:00', 'description': 'Pacific Time (US &amp; Canada)'}}, 'email': 'elias.rafoss@example.com', 'login': {'uuid': '3a22b01c-1b3c-4278-9709-dc24822bacc8', 'username': 'beautifulmeercat839', 'password': 'install', 'salt': 'fSoYkBGu', 'md5': 'da8419a8744f164368613981dd493c5b', 'sha1': '7c920963073dd887c6c8b7afd790a9bce0a319dd', 'sha256': 'f7ba1ab901c92dd37ee9f4e68a13f8b88b34b905c764debafaaba02224cdaef7'}, 'dob': {'date': '1987-11-29T09:52:36.586Z', 'age': 36}, 'registered': {'date': '2005-01-06T10:36:12.637Z', 'age': 19}, 'phone': '61176775', 'cell': '96173111', 'id': {'name': 'FN', 'value': '29118732578'}, 'picture': {'large': 'https://randomuser.me/api/portraits/men/25.jpg', 'medium': 'https://randomuser.me/api/portraits/med/men/25.jpg', 'thumbnail': 'https://randomuser.me/api/portraits/thumb/men/25.jpg'}, 'nat': 'NO'}</msg>
<arg>${json_data['results'][0]}</arg>
<doc>Logs the given message with the given level.</doc>
<status status="PASS" start="2024-07-02T03:16:35.515604" elapsed="0.000437"/>
</kw>
<kw name="Log" owner="BuiltIn">
<msg time="2024-07-02T03:16:35.516462" level="INFO">name</msg>
<arg>${key}</arg>
<doc>Logs the given message with the given level.</doc>
<status status="PASS" start="2024-07-02T03:16:35.516335" elapsed="0.000165"/>
</kw>
<var name="${key}">name</var>
<status status="PASS" start="2024-07-02T03:16:35.514930" elapsed="0.001788"/>
</iter>
<iter>
<kw name="Dictionary Should Contain Key" owner="Collections">
<arg>${json_data['results'][0]}</arg>
<arg>${key}</arg>
<doc>Fails if ``key`` is not found from ``dictionary``.</doc>
<status status="PASS" start="2024-07-02T03:16:35.517041" elapsed="0.000393"/>
</kw>
<kw name="Log" owner="BuiltIn">
<msg time="2024-07-02T03:16:35.517954" level="INFO">{'gender': 'male', 'name': {'title': 'Mr', 'first': 'Elias', 'last': 'Rafoss'}, 'location': {'street': {'number': 1568, 'name': 'Schandorffs gate'}, 'city': 'Balestrand', 'state': 'Aust-Agder', 'country': 'Norway', 'postcode': '1833', 'coordinates': {'latitude': '39.0063', 'longitude': '-79.3060'}, 'timezone': {'offset': '-8:00', 'description': 'Pacific Time (US &amp; Canada)'}}, 'email': 'elias.rafoss@example.com', 'login': {'uuid': '3a22b01c-1b3c-4278-9709-dc24822bacc8', 'username': 'beautifulmeercat839', 'password': 'install', 'salt': 'fSoYkBGu', 'md5': 'da8419a8744f164368613981dd493c5b', 'sha1': '7c920963073dd887c6c8b7afd790a9bce0a319dd', 'sha256': 'f7ba1ab901c92dd37ee9f4e68a13f8b88b34b905c764debafaaba02224cdaef7'}, 'dob': {'date': '1987-11-29T09:52:36.586Z', 'age': 36}, 'registered': {'date': '2005-01-06T10:36:12.637Z', 'age': 19}, 'phone': '61176775', 'cell': '96173111', 'id': {'name': 'FN', 'value': '29118732578'}, 'picture': {'large': 'https://randomuser.me/api/portraits/men/25.jpg', 'medium': 'https://randomuser.me/api/portraits/med/men/25.jpg', 'thumbnail': 'https://randomuser.me/api/portraits/thumb/men/25.jpg'}, 'nat': 'NO'}</msg>
<arg>${json_data['results'][0]}</arg>
<doc>Logs the given message with the given level.</doc>
<status status="PASS" start="2024-07-02T03:16:35.517612" elapsed="0.000389"/>
</kw>
<kw name="Log" owner="BuiltIn">
<msg time="2024-07-02T03:16:35.518425" level="INFO">location</msg>
<arg>${key}</arg>
<doc>Logs the given message with the given level.</doc>
<status status="PASS" start="2024-07-02T03:16:35.518297" elapsed="0.000164"/>
</kw>
<var name="${key}">location</var>
<status status="PASS" start="2024-07-02T03:16:35.516933" elapsed="0.001742"/>
</iter>
<iter>
<kw name="Dictionary Should Contain Key" owner="Collections">
<arg>${json_data['results'][0]}</arg>
<arg>${key}</arg>
<doc>Fails if ``key`` is not found from ``dictionary``.</doc>
<status status="PASS" start="2024-07-02T03:16:35.518949" elapsed="0.000386"/>
</kw>
<kw name="Log" owner="BuiltIn">
<msg time="2024-07-02T03:16:35.519859" level="INFO">{'gender': 'male', 'name': {'title': 'Mr', 'first': 'Elias', 'last': 'Rafoss'}, 'location': {'street': {'number': 1568, 'name': 'Schandorffs gate'}, 'city': 'Balestrand', 'state': 'Aust-Agder', 'country': 'Norway', 'postcode': '1833', 'coordinates': {'latitude': '39.0063', 'longitude': '-79.3060'}, 'timezone': {'offset': '-8:00', 'description': 'Pacific Time (US &amp; Canada)'}}, 'email': 'elias.rafoss@example.com', 'login': {'uuid': '3a22b01c-1b3c-4278-9709-dc24822bacc8', 'username': 'beautifulmeercat839', 'password': 'install', 'salt': 'fSoYkBGu', 'md5': 'da8419a8744f164368613981dd493c5b', 'sha1': '7c920963073dd887c6c8b7afd790a9bce0a319dd', 'sha256': 'f7ba1ab901c92dd37ee9f4e68a13f8b88b34b905c764debafaaba02224cdaef7'}, 'dob': {'date': '1987-11-29T09:52:36.586Z', 'age': 36}, 'registered': {'date': '2005-01-06T10:36:12.637Z', 'age': 19}, 'phone': '61176775', 'cell': '96173111', 'id': {'name': 'FN', 'value': '29118732578'}, 'picture': {'large': 'https://randomuser.me/api/portraits/men/25.jpg', 'medium': 'https://randomuser.me/api/portraits/med/men/25.jpg', 'thumbnail': 'https://randomuser.me/api/portraits/thumb/men/25.jpg'}, 'nat': 'NO'}</msg>
<arg>${json_data['results'][0]}</arg>
<doc>Logs the given message with the given level.</doc>
<status status="PASS" start="2024-07-02T03:16:35.519514" elapsed="0.000392"/>
</kw>
<kw name="Log" owner="BuiltIn">
<msg time="2024-07-02T03:16:35.520317" level="INFO">email</msg>
<arg>${key}</arg>
<doc>Logs the given message with the given level.</doc>
<status status="PASS" start="2024-07-02T03:16:35.520194" elapsed="0.000161"/>
</kw>
<var name="${key}">email</var>
<status status="PASS" start="2024-07-02T03:16:35.518844" elapsed="0.001728"/>
</iter>
<iter>
<kw name="Dictionary Should Contain Key" owner="Collections">
<arg>${json_data['results'][0]}</arg>
<arg>${key}</arg>
<doc>Fails if ``key`` is not found from ``dictionary``.</doc>
<status status="PASS" start="2024-07-02T03:16:35.520889" elapsed="0.000391"/>
</kw>
<kw name="Log" owner="BuiltIn">
<msg time="2024-07-02T03:16:35.521822" level="INFO">{'gender': 'male', 'name': {'title': 'Mr', 'first': 'Elias', 'last': 'Rafoss'}, 'location': {'street': {'number': 1568, 'name': 'Schandorffs gate'}, 'city': 'Balestrand', 'state': 'Aust-Agder', 'country': 'Norway', 'postcode': '1833', 'coordinates': {'latitude': '39.0063', 'longitude': '-79.3060'}, 'timezone': {'offset': '-8:00', 'description': 'Pacific Time (US &amp; Canada)'}}, 'email': 'elias.rafoss@example.com', 'login': {'uuid': '3a22b01c-1b3c-4278-9709-dc24822bacc8', 'username': 'beautifulmeercat839', 'password': 'install', 'salt': 'fSoYkBGu', 'md5': 'da8419a8744f164368613981dd493c5b', 'sha1': '7c920963073dd887c6c8b7afd790a9bce0a319dd', 'sha256': 'f7ba1ab901c92dd37ee9f4e68a13f8b88b34b905c764debafaaba02224cdaef7'}, 'dob': {'date': '1987-11-29T09:52:36.586Z', 'age': 36}, 'registered': {'date': '2005-01-06T10:36:12.637Z', 'age': 19}, 'phone': '61176775', 'cell': '96173111', 'id': {'name': 'FN', 'value': '29118732578'}, 'picture': {'large': 'https://randomuser.me/api/portraits/men/25.jpg', 'medium': 'https://randomuser.me/api/portraits/med/men/25.jpg', 'thumbnail': 'https://randomuser.me/api/portraits/thumb/men/25.jpg'}, 'nat': 'NO'}</msg>
<arg>${json_data['results'][0]}</arg>
<doc>Logs the given message with the given level.</doc>
<status status="PASS" start="2024-07-02T03:16:35.521462" elapsed="0.000408"/>
</kw>
<kw name="Log" owner="BuiltIn">
<msg time="2024-07-02T03:16:35.522285" level="INFO">login</msg>
<arg>${key}</arg>
<doc>Logs the given message with the given level.</doc>
<status status="PASS" start="2024-07-02T03:16:35.522160" elapsed="0.000162"/>
</kw>
<var name="${key}">login</var>
<status status="PASS" start="2024-07-02T03:16:35.520741" elapsed="0.001798"/>
</iter>
<var>${key}</var>
<value>@{expected_keys}</value>
<status status="PASS" start="2024-07-02T03:16:35.512722" elapsed="0.009937"/>
</for>
<kw name="Create List" owner="BuiltIn">
<msg time="2024-07-02T03:16:35.522979" level="INFO">${expected_keysTwo} = ['username', 'password']</msg>
<var>${expected_keysTwo}</var>
<arg>username</arg>
<arg>password</arg>
<doc>Returns a list containing given items.</doc>
<status status="PASS" start="2024-07-02T03:16:35.522845" elapsed="0.000158"/>
</kw>
<for flavor="IN">
<iter>
<kw name="Dictionary Should Contain Key" owner="Collections">
<arg>${json_data['results'][0]['login']}</arg>
<arg>${keyTwo}</arg>
<doc>Fails if ``key`` is not found from ``dictionary``.</doc>
<status status="PASS" start="2024-07-02T03:16:35.523521" elapsed="0.000381"/>
</kw>
<kw name="Dictionary Should Contain Key" owner="Collections">
<arg>${json_data['results'][0]['login']}</arg>
<arg>${keyTwo}</arg>
<doc>Fails if ``key`` is not found from ``dictionary``.</doc>
<status status="PASS" start="2024-07-02T03:16:35.524080" elapsed="0.000368"/>
</kw>
<kw name="Log" owner="BuiltIn">
<msg time="2024-07-02T03:16:35.524751" level="INFO">username</msg>
<arg>${keyTwo}</arg>
<doc>Logs the given message with the given level.</doc>
<status status="PASS" start="2024-07-02T03:16:35.524628" elapsed="0.000187"/>
</kw>
<var name="${keyTwo}">username</var>
<status status="PASS" start="2024-07-02T03:16:35.523415" elapsed="0.001622"/>
</iter>
<iter>
<kw name="Dictionary Should Contain Key" owner="Collections">
<arg>${json_data['results'][0]['login']}</arg>
<arg>${keyTwo}</arg>
<doc>Fails if ``key`` is not found from ``dictionary``.</doc>
<status status="PASS" start="2024-07-02T03:16:35.525311" elapsed="0.000381"/>
</kw>
<kw name="Dictionary Should Contain Key" owner="Collections">
<arg>${json_data['results'][0]['login']}</arg>
<arg>${keyTwo}</arg>
<doc>Fails if ``key`` is not found from ``dictionary``.</doc>
<status status="PASS" start="2024-07-02T03:16:35.525872" elapsed="0.000375"/>
</kw>
<kw name="Log" owner="BuiltIn">
<msg time="2024-07-02T03:16:35.526534" level="INFO">password</msg>
<arg>${keyTwo}</arg>
<doc>Logs the given message with the given level.</doc>
<status status="PASS" start="2024-07-02T03:16:35.526419" elapsed="0.000156"/>
</kw>
<var name="${keyTwo}">password</var>
<status status="PASS" start="2024-07-02T03:16:35.525206" elapsed="0.001588"/>
</iter>
<var>${keyTwo}</var>
<value>@{expected_keysTwo}</value>
<status status="PASS" start="2024-07-02T03:16:35.523262" elapsed="0.003652"/>
</for>
<status status="PASS" start="2024-07-02T03:16:35.458185" elapsed="0.068867"/>
</kw>
<doc>Testa a estrutura da resposta da API.</doc>
<tag>testeEstruturaResposta</tag>
<status status="PASS" start="2024-07-02T03:16:35.457590" elapsed="0.069614"/>
</test>
<test id="s1-s1-t4" name="Validar tipos de dados" line="28">
<kw name="Teste de Tipos de Dados" owner="random-user-service">
<kw name="GET On Session" owner="RequestsLibrary">
<msg time="2024-07-02T03:16:35.591689" level="INFO">GET Request : url=https://randomuser.me/api 
 path_url=/api 
 headers={'User-Agent': 'python-requests/2.32.3', 'Accept-Encoding': 'gzip, deflate', 'Accept': '*/*', 'Connection': 'keep-alive'} 
 body=None 
 </msg>
<msg time="2024-07-02T03:16:35.591752" level="INFO">GET Response : url=https://randomuser.me/api 
 status=200, reason=OK 
 headers={'Date': 'Tue, 02 Jul 2024 03:16:35 GMT', 'Content-Type': 'application/json; charset=utf-8', 'Transfer-Encoding': 'chunked', 'Connection': 'keep-alive', 'X-Powered-By': 'Express', 'Access-Control-Allow-Origin': '*', 'Cache-Control': 'no-cache', 'ETag': 'W/"485-6kZm3OAMgG5BNeeGyhS8xYPqnrk"', 'Vary': 'Accept-Encoding', 'Content-Encoding': 'gzip', 'CF-Cache-Status': 'DYNAMIC', 'Report-To': '{"endpoints":[{"url":"https:\\/\\/a.nel.cloudflare.com\\/report\\/v4?s=PQ112nO92L5%2FyLic3GUeaseRyjGNUpJHR1HvDK%2FuLB5d%2BUoymZ1gkTjHw5Z6nL1087%2B%2FD85tCyo%2FEd%2BhQAPiaPgpcWlhE5cKeoyg%2B8KnI%2BAKbuAV17ntlE6TYVxBpxW3"}],"group":"cf-nel","max_age":604800}', 'NEL': '{"success_fraction":0,"report_to":"cf-nel","max_age":604800}', 'Server': 'cloudflare', 'CF-RAY': '89cb7a5a1c22396e-IAD', 'alt-svc': 'h3=":443"; ma=86400'} 
 body={"results":[{"gender":"male","name":{"title":"Mr","first":"Blake","last":"Martin"},"location":{"street":{"number":6798,"name":"Mt Eden Road"},"city":"Timaru","state":"Wellington","country":"New Zealand","postcode":30971,"coordinates":{"latitude":"49.6659","longitude":"-4.6268"},"timezone":{"offset":"+3:00","description":"Baghdad, Riyadh, Moscow, St. Petersburg"}},"email":"blake.martin@example.com","login":{"uuid":"278a9de3-a7b7-4939-9bb2-3d0697500b71","username":"saddog319","password":"prodigy","salt":"NCTEMnJu","md5":"348eaeb9589506fa122163e94c448209","sha1":"07616ae2ac1a68712e15126f0568fcb109579318","sha256":"ff29a39e67c509c1f051ddd92f5f5d41ace60cc1a14b725ad90691f5dab82198"},"dob":{"date":"1993-04-30T08:14:09.624Z","age":31},"registered":{"date":"2003-01-31T13:07:47.360Z","age":21},"phone":"(543)-006-4010","cell":"(236)-368-9763","id":{"name":"","value":null},"picture":{"large":"https://randomuser.me/api/portraits/men/39.jpg","medium":"https://randomuser.me/api/portraits/med/men/39.jpg","thumbnail":"https://randomuser.me/api/portraits/thumb/men/39.jpg"},"nat":"NZ"}],"info":{"seed":"e7414294d3837584","results":1,"page":1,"version":"1.4"}} 
 </msg>
<msg time="2024-07-02T03:16:35.591806" level="INFO">/opt/hostedtoolcache/Python/3.12.4/x64/lib/python3.12/site-packages/urllib3/connectionpool.py:1099: InsecureRequestWarning: Unverified HTTPS request is being made to host 'randomuser.me'. Adding certificate verification is strongly advised. See: https://urllib3.readthedocs.io/en/latest/advanced-usage.html#tls-warnings
  warnings.warn(</msg>
<msg time="2024-07-02T03:16:35.591911" level="INFO">${response} = &lt;Response [200]&gt;</msg>
<var>${response}</var>
<arg>consultarAPI</arg>
<arg>/api</arg>
<doc>Sends a GET request on a previously created HTTP Session.</doc>
<status status="PASS" start="2024-07-02T03:16:35.529845" elapsed="0.062105"/>
</kw>
<kw name="Set Variable" owner="BuiltIn">
<msg time="2024-07-02T03:16:35.592734" level="INFO">${json_data} = {'results': [{'gender': 'male', 'name': {'title': 'Mr', 'first': 'Blake', 'last': 'Martin'}, 'location': {'street': {'number': 6798, 'name': 'Mt Eden Road'}, 'city': 'Timaru', 'state': 'Wellington', '...</msg>
<var>${json_data}</var>
<arg>${response.json()}</arg>
<doc>Returns the given values which can then be assigned to a variables.</doc>
<status status="PASS" start="2024-07-02T03:16:35.592294" elapsed="0.000496"/>
</kw>
<kw name="Log" owner="BuiltIn">
<msg time="2024-07-02T03:16:35.593269" level="INFO">{'results': [{'gender': 'male', 'name': {'title': 'Mr', 'first': 'Blake', 'last': 'Martin'}, 'location': {'street': {'number': 6798, 'name': 'Mt Eden Road'}, 'city': 'Timaru', 'state': 'Wellington', 'country': 'New Zealand', 'postcode': 30971, 'coordinates': {'latitude': '49.6659', 'longitude': '-4.6268'}, 'timezone': {'offset': '+3:00', 'description': 'Baghdad, Riyadh, Moscow, St. Petersburg'}}, 'email': 'blake.martin@example.com', 'login': {'uuid': '278a9de3-a7b7-4939-9bb2-3d0697500b71', 'username': 'saddog319', 'password': 'prodigy', 'salt': 'NCTEMnJu', 'md5': '348eaeb9589506fa122163e94c448209', 'sha1': '07616ae2ac1a68712e15126f0568fcb109579318', 'sha256': 'ff29a39e67c509c1f051ddd92f5f5d41ace60cc1a14b725ad90691f5dab82198'}, 'dob': {'date': '1993-04-30T08:14:09.624Z', 'age': 31}, 'registered': {'date': '2003-01-31T13:07:47.360Z', 'age': 21}, 'phone': '(543)-006-4010', 'cell': '(236)-368-9763', 'id': {'name': '', 'value': None}, 'picture': {'large': 'https://randomuser.me/api/portraits/men/39.jpg', 'medium': 'https://randomuser.me/api/portraits/med/men/39.jpg', 'thumbnail': 'https://randomuser.me/api/portraits/thumb/men/39.jpg'}, 'nat': 'NZ'}], 'info': {'seed': 'e7414294d3837584', 'results': 1, 'page': 1, 'version': '1.4'}}</msg>
<arg>${json_data}</arg>
<doc>Logs the given message with the given level.</doc>
<status status="PASS" start="2024-07-02T03:16:35.593120" elapsed="0.000195"/>
</kw>
<kw name="Should Be String" owner="String">
<arg>${json_data['results'][0]['gender']}</arg>
<doc>Fails if the given ``item`` is not a string.</doc>
<status status="PASS" start="2024-07-02T03:16:35.593611" elapsed="0.000360"/>
</kw>
<kw name="Should Match Regexp" owner="BuiltIn">
<arg>${json_data['results'][0]['email']}</arg>
<arg>^[a-zA-Z0-9._%+-]+@[a-zA-Z0-9.-]+\.[a-zA-Z]{2,}$</arg>
<doc>Fails if ``string`` does not match ``pattern`` as a regular expression.</doc>
<status status="PASS" start="2024-07-02T03:16:35.594153" elapsed="0.000506"/>
</kw>
<kw name="Should Match Regexp" owner="BuiltIn">
<arg>${json_data['results'][0]['dob']['date']}</arg>
<arg>\\d{4}-\\d{2}-\\d{2}T\\d{2}:\\d{2}:\\d{2}\\.\\d{3}Z</arg>
<doc>Fails if ``string`` does not match ``pattern`` as a regular expression.</doc>
<status status="PASS" start="2024-07-02T03:16:35.594880" elapsed="0.000490"/>
</kw>
<kw name="Should Match Regexp" owner="BuiltIn">
<arg>${json_data['results'][0]['registered']['date']}</arg>
<arg>\\d{4}-\\d{2}-\\d{2}T\\d{2}:\\d{2}:\\d{2}\\.\\d{3}Z</arg>
<doc>Fails if ``string`` does not match ``pattern`` as a regular expression.</doc>
<status status="PASS" start="2024-07-02T03:16:35.595557" elapsed="0.000371"/>
</kw>
<kw name="Should Match Regexp" owner="BuiltIn">
<arg>${json_data['results'][0]['picture']['large']}</arg>
<arg>^https?://.*\.(?:png|jpe?g|gif|bmp)$</arg>
<doc>Fails if ``string`` does not match ``pattern`` as a regular expression.</doc>
<status status="PASS" start="2024-07-02T03:16:35.596109" elapsed="0.000457"/>
</kw>
<kw name="Should Match Regexp" owner="BuiltIn">
<arg>${json_data['results'][0]['picture']['medium']}</arg>
<arg>^https?://.*\.(?:png|jpe?g|gif|bmp)$</arg>
<doc>Fails if ``string`` does not match ``pattern`` as a regular expression.</doc>
<status status="PASS" start="2024-07-02T03:16:35.596749" elapsed="0.000376"/>
</kw>
<kw name="Should Match Regexp" owner="BuiltIn">
<arg>${json_data['results'][0]['picture']['thumbnail']}</arg>
<arg>^https?://.*\.(?:png|jpe?g|gif|bmp)$</arg>
<doc>Fails if ``string`` does not match ``pattern`` as a regular expression.</doc>
<status status="PASS" start="2024-07-02T03:16:35.597303" elapsed="0.000339"/>
</kw>
<kw name="Log" owner="BuiltIn">
<msg time="2024-07-02T03:16:35.598144" level="INFO">{'large': 'https://randomuser.me/api/portraits/men/39.jpg', 'medium': 'https://randomuser.me/api/portraits/med/men/39.jpg', 'thumbnail': 'https://randomuser.me/api/portraits/thumb/men/39.jpg'}</msg>
<arg>${json_data['results'][0]['picture']}</arg>
<doc>Logs the given message with the given level.</doc>
<status status="PASS" start="2024-07-02T03:16:35.597819" elapsed="0.000365"/>
</kw>
<status status="PASS" start="2024-07-02T03:16:35.529621" elapsed="0.068812"/>
</kw>
<kw name="Teste de Tipos de Dados - Postcode" owner="random-user-service">
<kw name="GET On Session" owner="RequestsLibrary">
<msg time="2024-07-02T03:16:35.691994" level="INFO">GET Request : url=https://randomuser.me/api 
 path_url=/api 
 headers={'User-Agent': 'python-requests/2.32.3', 'Accept-Encoding': 'gzip, deflate', 'Accept': '*/*', 'Connection': 'keep-alive'} 
 body=None 
 </msg>
<msg time="2024-07-02T03:16:35.692087" level="INFO">GET Response : url=https://randomuser.me/api 
 status=200, reason=OK 
 headers={'Date': 'Tue, 02 Jul 2024 03:16:35 GMT', 'Content-Type': 'application/json; charset=utf-8', 'Transfer-Encoding': 'chunked', 'Connection': 'keep-alive', 'X-Powered-By': 'Express', 'Access-Control-Allow-Origin': '*', 'Cache-Control': 'no-cache', 'ETag': 'W/"4ab-ZWiGm8wrSZjMQL/M8NoP+hca8q4"', 'Vary': 'Accept-Encoding', 'Content-Encoding': 'gzip', 'CF-Cache-Status': 'DYNAMIC', 'Report-To': '{"endpoints":[{"url":"https:\\/\\/a.nel.cloudflare.com\\/report\\/v4?s=vUQUyduAupy2y46Ym%2BNqGr3mNMHG3ROw0xWZk3ko0tpnyPa1dtI%2BnGBvmJe0kQsqu0ATQNuIAfh1gI1nnUVDYPPqgrBkF50MxfODXBCJK49Ocp2PtkpsDc%2FfSihx57I0"}],"group":"cf-nel","max_age":604800}', 'NEL': '{"success_fraction":0,"report_to":"cf-nel","max_age":604800}', 'Server': 'cloudflare', 'CF-RAY': '89cb7a5a8c96396e-IAD', 'alt-svc': 'h3=":443"; ma=86400'} 
 body={"results":[{"gender":"female","name":{"title":"Miss","first":"Cristina","last":"Benavídez"},"location":{"street":{"number":3647,"name":"Prolongación Sinaloa"},"city":"Las Pintas","state":"Chiapas","country":"Mexico","postcode":94748,"coordinates":{"latitude":"24.5206","longitude":"157.3178"},"timezone":{"offset":"-8:00","description":"Pacific Time (US &amp; Canada)"}},"email":"cristina.benavidez@example.com","login":{"uuid":"41025e72-f0bc-4eaf-b5be-93eebaf00e58","username":"whitemeercat309","password":"resident","salt":"bSY6N0ow","md5":"552beae6f34c9c472861fce4147fef1c","sha1":"3d78513294fb6eb95ecd10111de9dc4052bc57ad","sha256":"a892de80319abc6aff568201bf3c3a26d43322ab88a1738a66489f933f132a62"},"dob":{"date":"1996-04-09T15:58:03.436Z","age":28},"registered":{"date":"2020-09-13T17:37:58.957Z","age":3},"phone":"(669) 009 3586","cell":"(662) 334 2014","id":{"name":"NSS","value":"64 47 61 0717 5"},"picture":{"large":"https://randomuser.me/api/portraits/women/71.jpg","medium":"https://randomuser.me/api/portraits/med/women/71.jpg","thumbnail":"https://randomuser.me/api/portraits/thumb/women/71.jpg"},"nat":"MX"}],"info":{"seed":"5e7e40d8badc8301","results":1,"page":1,"version":"1.4"}} 
 </msg>
<msg time="2024-07-02T03:16:35.692170" level="INFO">/opt/hostedtoolcache/Python/3.12.4/x64/lib/python3.12/site-packages/urllib3/connectionpool.py:1099: InsecureRequestWarning: Unverified HTTPS request is being made to host 'randomuser.me'. Adding certificate verification is strongly advised. See: https://urllib3.readthedocs.io/en/latest/advanced-usage.html#tls-warnings
  warnings.warn(</msg>
<msg time="2024-07-02T03:16:35.692291" level="INFO">${response} = &lt;Response [200]&gt;</msg>
<var>${response}</var>
<arg>consultarAPI</arg>
<arg>/api</arg>
<doc>Sends a GET request on a previously created HTTP Session.</doc>
<status status="PASS" start="2024-07-02T03:16:35.598849" elapsed="0.093482"/>
</kw>
<kw name="Set Variable" owner="BuiltIn">
<msg time="2024-07-02T03:16:35.693203" level="INFO">${json_data} = {'results': [{'gender': 'female', 'name': {'title': 'Miss', 'first': 'Cristina', 'last': 'Benavídez'}, 'location': {'street': {'number': 3647, 'name': 'Prolongación Sinaloa'}, 'city': 'Las Pintas', 's...</msg>
<var>${json_data}</var>
<arg>${response.json()}</arg>
<doc>Returns the given values which can then be assigned to a variables.</doc>
<status status="PASS" start="2024-07-02T03:16:35.692701" elapsed="0.000531"/>
</kw>
<kw name="Log" owner="BuiltIn">
<msg time="2024-07-02T03:16:35.693692" level="INFO">{'results': [{'gender': 'female', 'name': {'title': 'Miss', 'first': 'Cristina', 'last': 'Benavídez'}, 'location': {'street': {'number': 3647, 'name': 'Prolongación Sinaloa'}, 'city': 'Las Pintas', 'state': 'Chiapas', 'country': 'Mexico', 'postcode': 94748, 'coordinates': {'latitude': '24.5206', 'longitude': '157.3178'}, 'timezone': {'offset': '-8:00', 'description': 'Pacific Time (US &amp; Canada)'}}, 'email': 'cristina.benavidez@example.com', 'login': {'uuid': '41025e72-f0bc-4eaf-b5be-93eebaf00e58', 'username': 'whitemeercat309', 'password': 'resident', 'salt': 'bSY6N0ow', 'md5': '552beae6f34c9c472861fce4147fef1c', 'sha1': '3d78513294fb6eb95ecd10111de9dc4052bc57ad', 'sha256': 'a892de80319abc6aff568201bf3c3a26d43322ab88a1738a66489f933f132a62'}, 'dob': {'date': '1996-04-09T15:58:03.436Z', 'age': 28}, 'registered': {'date': '2020-09-13T17:37:58.957Z', 'age': 3}, 'phone': '(669) 009 3586', 'cell': '(662) 334 2014', 'id': {'name': 'NSS', 'value': '64 47 61 0717 5'}, 'picture': {'large': 'https://randomuser.me/api/portraits/women/71.jpg', 'medium': 'https://randomuser.me/api/portraits/med/women/71.jpg', 'thumbnail': 'https://randomuser.me/api/portraits/thumb/women/71.jpg'}, 'nat': 'MX'}], 'info': {'seed': '5e7e40d8badc8301', 'results': 1, 'page': 1, 'version': '1.4'}}</msg>
<arg>${json_data}</arg>
<doc>Logs the given message with the given level.</doc>
<status status="PASS" start="2024-07-02T03:16:35.693536" elapsed="0.000205"/>
</kw>
<kw name="Should Be Equal As Numbers" owner="BuiltIn">
<arg>${json_data['results'][0]['location']['postcode']}</arg>
<arg>${json_data['results'][0]['location']['postcode']}</arg>
<doc>Fails if objects are unequal after converting them to real numbers.</doc>
<status status="PASS" start="2024-07-02T03:16:35.694033" elapsed="0.000623"/>
</kw>
<kw name="Log" owner="BuiltIn">
<msg time="2024-07-02T03:16:35.695172" level="INFO">94748</msg>
<arg>${json_data['results'][0]['location']['postcode']}</arg>
<doc>Logs the given message with the given level.</doc>
<status status="PASS" start="2024-07-02T03:16:35.694841" elapsed="0.000371"/>
</kw>
<status status="PASS" start="2024-07-02T03:16:35.598639" elapsed="0.096845"/>
</kw>
<doc>Testa se os tipos de dados na resposta da API estão corretos.</doc>
<tag>testeTiposDados</tag>
<status status="PASS" start="2024-07-02T03:16:35.528990" elapsed="0.166655"/>
</test>
<test id="s1-s1-t5" name="Validar conteudo" line="35">
<kw name="Teste de Tipos de Conteudo" owner="random-user-service">
<kw name="GET On Session" owner="RequestsLibrary">
<msg time="2024-07-02T03:16:35.792291" level="INFO">GET Request : url=https://randomuser.me/api 
 path_url=/api 
 headers={'User-Agent': 'python-requests/2.32.3', 'Accept-Encoding': 'gzip, deflate', 'Accept': '*/*', 'Connection': 'keep-alive'} 
 body=None 
 </msg>
<msg time="2024-07-02T03:16:35.792391" level="INFO">GET Response : url=https://randomuser.me/api 
 status=200, reason=OK 
 headers={'Date': 'Tue, 02 Jul 2024 03:16:35 GMT', 'Content-Type': 'application/json; charset=utf-8', 'Transfer-Encoding': 'chunked', 'Connection': 'keep-alive', 'X-Powered-By': 'Express', 'Access-Control-Allow-Origin': '*', 'Cache-Control': 'no-cache', 'ETag': 'W/"45d-bEr1iX3EOPNsQ33PvEALJ6HgRpw"', 'Vary': 'Accept-Encoding', 'Content-Encoding': 'gzip', 'CF-Cache-Status': 'DYNAMIC', 'Report-To': '{"endpoints":[{"url":"https:\\/\\/a.nel.cloudflare.com\\/report\\/v4?s=Wt7pcLmgr%2F5w1Fy6it6fz0hCMa93z3FYeY3Dr8n7ddY9OsIQfgN1fs8Fb3iQQjMRnZHBgQhUFKAfME9183ddQqUZu58OkEwjB24j%2Br5HhaXfJMBLFmd4l7MoTIU8iC55"}],"group":"cf-nel","max_age":604800}', 'NEL': '{"success_fraction":0,"report_to":"cf-nel","max_age":604800}', 'Server': 'cloudflare', 'CF-RAY': '89cb7a5b2d30396e-IAD', 'alt-svc': 'h3=":443"; ma=86400'} 
 body={"results":[{"gender":"male","name":{"title":"Mr","first":"Esat","last":"Orbay"},"location":{"street":{"number":7487,"name":"Mevlana Cd"},"city":"Sakarya","state":"Osmaniye","country":"Turkey","postcode":77865,"coordinates":{"latitude":"69.0333","longitude":"-172.5533"},"timezone":{"offset":"+3:30","description":"Tehran"}},"email":"esat.orbay@example.com","login":{"uuid":"6a9beafc-4a38-4a2e-833c-881c6879b2dd","username":"brownrabbit588","password":"canon","salt":"rOoHOk4d","md5":"b9af67520bd19b4cfb0cda132ee43d22","sha1":"c9f3c1cf29d18eac8162d0c35318ffb05b263b57","sha256":"e900ec600df1a4da82fa8e0672485a10c40873d94add67769d38af376dcd50e2"},"dob":{"date":"1974-08-24T22:56:10.270Z","age":49},"registered":{"date":"2003-10-01T15:46:31.458Z","age":20},"phone":"(454)-571-8893","cell":"(945)-308-1377","id":{"name":"","value":null},"picture":{"large":"https://randomuser.me/api/portraits/men/78.jpg","medium":"https://randomuser.me/api/portraits/med/men/78.jpg","thumbnail":"https://randomuser.me/api/portraits/thumb/men/78.jpg"},"nat":"TR"}],"info":{"seed":"19906de8ed4371fb","results":1,"page":1,"version":"1.4"}} 
 </msg>
<msg time="2024-07-02T03:16:35.792488" level="INFO">/opt/hostedtoolcache/Python/3.12.4/x64/lib/python3.12/site-packages/urllib3/connectionpool.py:1099: InsecureRequestWarning: Unverified HTTPS request is being made to host 'randomuser.me'. Adding certificate verification is strongly advised. See: https://urllib3.readthedocs.io/en/latest/advanced-usage.html#tls-warnings
  warnings.warn(</msg>
<msg time="2024-07-02T03:16:35.792621" level="INFO">${response} = &lt;Response [200]&gt;</msg>
<var>${response}</var>
<arg>consultarAPI</arg>
<arg>/api</arg>
<doc>Sends a GET request on a previously created HTTP Session.</doc>
<status status="PASS" start="2024-07-02T03:16:35.698283" elapsed="0.094380"/>
</kw>
<kw name="Set Variable" owner="BuiltIn">
<msg time="2024-07-02T03:16:35.793573" level="INFO">${json_data} = {'results': [{'gender': 'male', 'name': {'title': 'Mr', 'first': 'Esat', 'last': 'Orbay'}, 'location': {'street': {'number': 7487, 'name': 'Mevlana Cd'}, 'city': 'Sakarya', 'state': 'Osmaniye', 'count...</msg>
<var>${json_data}</var>
<arg>${response.json()}</arg>
<doc>Returns the given values which can then be assigned to a variables.</doc>
<status status="PASS" start="2024-07-02T03:16:35.793111" elapsed="0.000490"/>
</kw>
<kw name="Set Variable" owner="BuiltIn">
<msg time="2024-07-02T03:16:35.794290" level="INFO">${name_title} = Mr</msg>
<var>${name_title}</var>
<arg>${json_data["results"][0]["name"]["title"]}</arg>
<doc>Returns the given values which can then be assigned to a variables.</doc>
<status status="PASS" start="2024-07-02T03:16:35.793913" elapsed="0.000402"/>
</kw>
<kw name="Create List" owner="BuiltIn">
<msg time="2024-07-02T03:16:35.794756" level="INFO">${allowed_titles} = ['Mr', 'Ms', 'Miss', 'Mrs', 'Madame', 'Monsieur']</msg>
<var>${allowed_titles}</var>
<arg>Mr</arg>
<arg>Ms</arg>
<arg>Miss</arg>
<arg>Mrs</arg>
<arg>Madame</arg>
<arg>Monsieur</arg>
<doc>Returns a list containing given items.</doc>
<status status="PASS" start="2024-07-02T03:16:35.794607" elapsed="0.000173"/>
</kw>
<kw name="List Should Contain Value" owner="Collections">
<arg>${allowed_titles}</arg>
<arg>${name_title}</arg>
<doc>Fails if the ``value`` is not found from ``list``.</doc>
<status status="PASS" start="2024-07-02T03:16:35.795074" elapsed="0.000173"/>
</kw>
<kw name="Set Variable" owner="BuiltIn">
<msg time="2024-07-02T03:16:35.795783" level="INFO">${name_country} = TR</msg>
<var>${name_country}</var>
<arg>${json_data["results"][0]["nat"]}</arg>
<doc>Returns the given values which can then be assigned to a variables.</doc>
<status status="PASS" start="2024-07-02T03:16:35.795422" elapsed="0.000386"/>
</kw>
<kw name="Create List" owner="BuiltIn">
<msg time="2024-07-02T03:16:35.796701" level="INFO">${list_country} = ['AD', 'AE', 'AF', 'AG', 'AI', 'AL', 'AM', 'AO', 'AQ', 'AR', 'AS', 'AT', 'AU', 'AW', 'AX', 'AZ', 'BA', 'BB', 'BD', 'BE', 'BF', 'BG', 'BH', 'BI', 'BJ', 'BL', 'BM', 'BN', 'BO', 'BQ', 'BR', 'BS', 'BT', '...</msg>
<var>${list_country}</var>
<arg>AD</arg>
<arg>AE</arg>
<arg>AF</arg>
<arg>AG</arg>
<arg>AI</arg>
<arg>AL</arg>
<arg>AM</arg>
<arg>AO</arg>
<arg>AQ</arg>
<arg>AR</arg>
<arg>AS</arg>
<arg>AT</arg>
<arg>AU</arg>
<arg>AW</arg>
<arg>AX</arg>
<arg>AZ</arg>
<arg>BA</arg>
<arg>BB</arg>
<arg>BD</arg>
<arg>BE</arg>
<arg>BF</arg>
<arg>BG</arg>
<arg>BH</arg>
<arg>BI</arg>
<arg>BJ</arg>
<arg>BL</arg>
<arg>BM</arg>
<arg>BN</arg>
<arg>BO</arg>
<arg>BQ</arg>
<arg>BR</arg>
<arg>BS</arg>
<arg>BT</arg>
<arg>BV</arg>
<arg>BW</arg>
<arg>BY</arg>
<arg>BZ</arg>
<arg>CA</arg>
<arg>CC</arg>
<arg>CD</arg>
<arg>CF</arg>
<arg>CG</arg>
<arg>CH</arg>
<arg>CI</arg>
<arg>CK</arg>
<arg>CL</arg>
<arg>CM</arg>
<arg>CN</arg>
<arg>CO</arg>
<arg>CR</arg>
<arg>CU</arg>
<arg>CV</arg>
<arg>CW</arg>
<arg>CX</arg>
<arg>CY</arg>
<arg>CZ</arg>
<arg>DE</arg>
<arg>DJ</arg>
<arg>DK</arg>
<arg>DM</arg>
<arg>DO</arg>
<arg>DZ</arg>
<arg>EC</arg>
<arg>EE</arg>
<arg>EG</arg>
<arg>EH</arg>
<arg>ER</arg>
<arg>ES</arg>
<arg>ET</arg>
<arg>FI</arg>
<arg>FJ</arg>
<arg>FK</arg>
<arg>FM</arg>
<arg>FO</arg>
<arg>FR</arg>
<arg>GA</arg>
<arg>GB</arg>
<arg>GD</arg>
<arg>GE</arg>
<arg>GF</arg>
<arg>GG</arg>
<arg>GH</arg>
<arg>GI</arg>
<arg>GL</arg>
<arg>GM</arg>
<arg>GN</arg>
<arg>GP</arg>
<arg>GQ</arg>
<arg>GR</arg>
<arg>GS</arg>
<arg>GT</arg>
<arg>GU</arg>
<arg>GW</arg>
<arg>GY</arg>
<arg>HK</arg>
<arg>HM</arg>
<arg>HN</arg>
<arg>HR</arg>
<arg>HT</arg>
<arg>HU</arg>
<arg>ID</arg>
<arg>IE</arg>
<arg>IL</arg>
<arg>IM</arg>
<arg>IN</arg>
<arg>IO</arg>
<arg>IQ</arg>
<arg>IR</arg>
<arg>IS</arg>
<arg>IT</arg>
<arg>JE</arg>
<arg>JM</arg>
<arg>JO</arg>
<arg>JP</arg>
<arg>KE</arg>
<arg>KG</arg>
<arg>KH</arg>
<arg>KI</arg>
<arg>KM</arg>
<arg>KN</arg>
<arg>KP</arg>
<arg>KR</arg>
<arg>KW</arg>
<arg>KY</arg>
<arg>KZ</arg>
<arg>LA</arg>
<arg>LB</arg>
<arg>LC</arg>
<arg>LI</arg>
<arg>LK</arg>
<arg>LR</arg>
<arg>LS</arg>
<arg>LT</arg>
<arg>LU</arg>
<arg>LV</arg>
<arg>LY</arg>
<arg>MA</arg>
<arg>MC</arg>
<arg>MD</arg>
<arg>ME</arg>
<arg>MF</arg>
<arg>MG</arg>
<arg>MH</arg>
<arg>MK</arg>
<arg>ML</arg>
<arg>MM</arg>
<arg>MN</arg>
<arg>MO</arg>
<arg>MP</arg>
<arg>MQ</arg>
<arg>MR</arg>
<arg>MS</arg>
<arg>MT</arg>
<arg>MU</arg>
<arg>MV</arg>
<arg>MW</arg>
<arg>MX</arg>
<arg>MY</arg>
<arg>MZ</arg>
<arg>NA</arg>
<arg>NC</arg>
<arg>NE</arg>
<arg>NF</arg>
<arg>NG</arg>
<arg>NI</arg>
<arg>NL</arg>
<arg>NO</arg>
<arg>NP</arg>
<arg>NR</arg>
<arg>NU</arg>
<arg>NZ</arg>
<arg>OM</arg>
<arg>PA</arg>
<arg>PE</arg>
<arg>PF</arg>
<arg>PG</arg>
<arg>PH</arg>
<arg>PK</arg>
<arg>PL</arg>
<arg>PM</arg>
<arg>PN</arg>
<arg>PR</arg>
<arg>PS</arg>
<arg>PT</arg>
<arg>PW</arg>
<arg>PY</arg>
<arg>QA</arg>
<arg>RE</arg>
<arg>RO</arg>
<arg>RS</arg>
<arg>RU</arg>
<arg>RW</arg>
<arg>SA</arg>
<arg>SB</arg>
<arg>SC</arg>
<arg>SD</arg>
<arg>SE</arg>
<arg>SG</arg>
<arg>SH</arg>
<arg>SI</arg>
<arg>SJ</arg>
<arg>SK</arg>
<arg>SL</arg>
<arg>SM</arg>
<arg>SN</arg>
<arg>SO</arg>
<arg>SR</arg>
<arg>SS</arg>
<arg>ST</arg>
<arg>SV</arg>
<arg>SX</arg>
<arg>SY</arg>
<arg>SZ</arg>
<arg>TC</arg>
<arg>TD</arg>
<arg>TF</arg>
<arg>TG</arg>
<arg>TH</arg>
<arg>TJ</arg>
<arg>TK</arg>
<arg>TL</arg>
<arg>TM</arg>
<arg>TN</arg>
<arg>TO</arg>
<arg>TR</arg>
<arg>TT</arg>
<arg>TV</arg>
<arg>TW</arg>
<arg>TZ</arg>
<arg>UA</arg>
<arg>UG</arg>
<arg>UM</arg>
<arg>US</arg>
<arg>UY</arg>
<arg>UZ</arg>
<arg>VA</arg>
<arg>VC</arg>
<arg>VE</arg>
<arg>VG</arg>
<arg>VI</arg>
<arg>VN</arg>
<arg>VU</arg>
<arg>WF</arg>
<arg>WS</arg>
<arg>XK</arg>
<arg>YE</arg>
<arg>YT</arg>
<arg>ZA</arg>
<arg>ZM</arg>
<arg>ZW</arg>
<doc>Returns a list containing given items.</doc>
<status status="PASS" start="2024-07-02T03:16:35.796092" elapsed="0.000634"/>
</kw>
<kw name="List Should Contain Value" owner="Collections">
<arg>${list_country}</arg>
<arg>${name_country}</arg>
<doc>Fails if the ``value`` is not found from ``list``.</doc>
<status status="PASS" start="2024-07-02T03:16:35.797563" elapsed="0.000204"/>
</kw>
<kw name="Run Keyword If" owner="BuiltIn">
<kw name="Should Be True" owner="BuiltIn">
<arg>${True}</arg>
<doc>Fails if the given condition is not true.</doc>
<status status="PASS" start="2024-07-02T03:16:35.798713" elapsed="0.000139"/>
</kw>
<arg>${json_data["results"][0]["location"]["coordinates"]["latitude"]} &gt;= -90 and ${json_data["results"][0]["location"]["coordinates"]["latitude"]} &lt;= 90</arg>
<arg>Should Be True</arg>
<arg>${True}</arg>
<doc>Runs the given keyword with the given arguments, if ``condition`` is true.</doc>
<status status="PASS" start="2024-07-02T03:16:35.797959" elapsed="0.001014"/>
</kw>
<kw name="Run Keyword If" owner="BuiltIn">
<kw name="Should Be True" owner="BuiltIn">
<arg>${True}</arg>
<doc>Fails if the given condition is not true.</doc>
<status status="PASS" start="2024-07-02T03:16:35.799848" elapsed="0.000134"/>
</kw>
<arg>${json_data["results"][0]["location"]["coordinates"]["longitude"]} &gt;= -180 and ${json_data["results"][0]["location"]["coordinates"]["longitude"]} &lt;= 180</arg>
<arg>Should Be True</arg>
<arg>${True}</arg>
<doc>Runs the given keyword with the given arguments, if ``condition`` is true.</doc>
<status status="PASS" start="2024-07-02T03:16:35.799150" elapsed="0.000952"/>
</kw>
<status status="PASS" start="2024-07-02T03:16:35.697928" elapsed="0.102301"/>
</kw>
<doc>Testa o conteúdo específico dos campos retornados pela API.</doc>
<tag>testeConteudo</tag>
<status status="PASS" start="2024-07-02T03:16:35.697431" elapsed="0.102945"/>
</test>
<status status="PASS" start="2024-07-02T03:16:34.898298" elapsed="0.904026"/>
</suite>
<status status="PASS" start="2024-07-02T03:16:34.883912" elapsed="0.923480"/>
</suite>
<statistics>
<total>
<stat pass="5" fail="0" skip="0">All Tests</stat>
</total>
<tag>
<stat pass="1" fail="0" skip="0">testeConteudo</stat>
<stat pass="1" fail="0" skip="0">testeEstruturaResposta</stat>
<stat pass="1" fail="0" skip="0">testeRequisicaoBasica</stat>
<stat pass="1" fail="0" skip="0">testeTiposDados</stat>
</tag>
<suite>
<stat pass="5" fail="0" skip="0" id="s1" name="Tests">Tests</stat>
<stat pass="5" fail="0" skip="0" id="s1-s1" name="Random-User-Test">Tests.Random-User-Test</stat>
</suite>
</statistics>
<errors>
</errors>
</robot>
