<?xml version="1.0" encoding="UTF-8"?>
<robot generator="Robot 7.0.1 (Python 3.12.3 on linux)" generated="2024-06-15T17:13:24.170749" rpa="false" schemaversion="5">
<suite id="s1" name="Tests" source="/home/runner/work/ApiRandomUser/ApiRandomUser/RamdonUser/tests">
<suite id="s1-s1" name="Random-User-Test" source="/home/runner/work/ApiRandomUser/ApiRandomUser/RamdonUser/tests/random-user-test.robot">
<test id="s1-s1-t1" name="Conectar" line="13">
<kw name="Conectar API" owner="random-user-service">
<kw name="Create Session" owner="RequestsLibrary">
<msg time="2024-06-15T17:13:24.553085" level="INFO">Creating Session using : alias=consultarAPI, url=https://randomuser.me/, headers={},                     cookies={}, auth=None, timeout=None, proxies=None, verify=False,                     debug=0 </msg>
<arg>consultarAPI</arg>
<arg>${URL}</arg>
<doc>Create Session: create a HTTP session to a server</doc>
<status status="PASS" start="2024-06-15T17:13:24.552875" elapsed="0.000400"/>
</kw>
<status status="PASS" start="2024-06-15T17:13:24.551783" elapsed="0.001858"/>
</kw>
<status status="PASS" start="2024-06-15T17:13:24.551189" elapsed="0.002738"/>
</test>
<test id="s1-s1-t2" name="Validar retorno 200 e JSON Válido" line="16">
<kw name="Teste de Requisicao Basica" owner="random-user-service">
<kw name="GET On Session" owner="RequestsLibrary">
<msg time="2024-06-15T17:13:24.813964" level="INFO">GET Request : url=https://randomuser.me/api 
 path_url=/api 
 headers={'User-Agent': 'python-requests/2.32.3', 'Accept-Encoding': 'gzip, deflate', 'Accept': '*/*', 'Connection': 'keep-alive'} 
 body=None 
 </msg>
<msg time="2024-06-15T17:13:24.814132" level="INFO">GET Response : url=https://randomuser.me/api 
 status=200, reason=OK 
 headers={'Date': 'Sat, 15 Jun 2024 17:13:24 GMT', 'Content-Type': 'application/json; charset=utf-8', 'Transfer-Encoding': 'chunked', 'Connection': 'keep-alive', 'X-Powered-By': 'Express', 'Access-Control-Allow-Origin': '*', 'Cache-Control': 'no-cache', 'ETag': 'W/"489-6b4TU0b7yx+Sp19oI7RWVlhn49c"', 'Vary': 'Accept-Encoding', 'Content-Encoding': 'gzip', 'CF-Cache-Status': 'DYNAMIC', 'Report-To': '{"endpoints":[{"url":"https:\\/\\/a.nel.cloudflare.com\\/report\\/v4?s=mcnKMxchJwJ3JXKzGlbxGPv6hNj4AsQ9Jwd3RubJlWsrELlBQqc3%2B%2BqFLt6TXzQEimdDsDg82CT8YOOSO5%2Famu2Qhx0fTcTR900Kqm7kb7sYzNhcLgZuhXqoxmkIysxr"}],"group":"cf-nel","max_age":604800}', 'NEL': '{"success_fraction":0,"report_to":"cf-nel","max_age":604800}', 'Server': 'cloudflare', 'CF-RAY': '894430c9bd6802b0-ORD', 'alt-svc': 'h3=":443"; ma=86400'} 
 body={"results":[{"gender":"male","name":{"title":"Mr","first":"Julian","last":"Pedraza"},"location":{"street":{"number":6189,"name":"Cerrada Sur Rico"},"city":"Santa Cruz Atizapán","state":"Tlaxcala","country":"Mexico","postcode":13575,"coordinates":{"latitude":"22.8822","longitude":"-91.8747"},"timezone":{"offset":"-2:00","description":"Mid-Atlantic"}},"email":"julian.pedraza@example.com","login":{"uuid":"9b695ce0-7841-402e-98f2-a672ae39ee22","username":"whitedog717","password":"khan","salt":"CIrhbi5h","md5":"c0c918d0b20313740b4ee69010b04dc8","sha1":"4f3096c6aa1a89b0bd30617e815e9a6b1ea27e17","sha256":"f864cd0d82f1bb2c25df59e80f2c7a2bab41b3b57f60667d5b10919f25029278"},"dob":{"date":"1969-06-04T10:58:46.386Z","age":55},"registered":{"date":"2011-11-25T09:53:45.226Z","age":12},"phone":"(668) 259 8110","cell":"(693) 571 0104","id":{"name":"NSS","value":"32 91 19 7193 2"},"picture":{"large":"https://randomuser.me/api/portraits/men/17.jpg","medium":"https://randomuser.me/api/portraits/med/men/17.jpg","thumbnail":"https://randomuser.me/api/portraits/thumb/men/17.jpg"},"nat":"MX"}],"info":{"seed":"33e402cdad5f2343","results":1,"page":1,"version":"1.4"}} 
 </msg>
<msg time="2024-06-15T17:13:24.814231" level="INFO">/opt/hostedtoolcache/Python/3.12.3/x64/lib/python3.12/site-packages/urllib3/connectionpool.py:1103: InsecureRequestWarning: Unverified HTTPS request is being made to host 'randomuser.me'. Adding certificate verification is strongly advised. See: https://urllib3.readthedocs.io/en/latest/advanced-usage.html#tls-warnings
  warnings.warn(</msg>
<msg time="2024-06-15T17:13:24.814412" level="INFO">${response} = &lt;Response [200]&gt;</msg>
<var>${response}</var>
<arg>consultarAPI</arg>
<arg>/api</arg>
<doc>Sends a GET request on a previously created HTTP Session.</doc>
<status status="PASS" start="2024-06-15T17:13:24.557525" elapsed="0.256930"/>
</kw>
<kw name="Should Be Equal As Numbers" owner="BuiltIn">
<msg time="2024-06-15T17:13:24.815416" level="INFO">Argument types are:
&lt;class 'int'&gt;
&lt;class 'str'&gt;</msg>
<arg>${response.status_code}</arg>
<arg>200</arg>
<doc>Fails if objects are unequal after converting them to real numbers.</doc>
<status status="PASS" start="2024-06-15T17:13:24.814956" elapsed="0.000525"/>
</kw>
<kw name="Log" owner="BuiltIn">
<msg time="2024-06-15T17:13:24.816177" level="INFO">200</msg>
<arg>${response.status_code}</arg>
<doc>Logs the given message with the given level.</doc>
<status status="PASS" start="2024-06-15T17:13:24.815824" elapsed="0.000402"/>
</kw>
<kw name="Set Variable" owner="BuiltIn">
<msg time="2024-06-15T17:13:24.817029" level="INFO">${json_data} = {'results': [{'gender': 'male', 'name': {'title': 'Mr', 'first': 'Julian', 'last': 'Pedraza'}, 'location': {'street': {'number': 6189, 'name': 'Cerrada Sur Rico'}, 'city': 'Santa Cruz Atizapán', 'stat...</msg>
<var>${json_data}</var>
<arg>${response.json()}</arg>
<doc>Returns the given values which can then be assigned to a variables.</doc>
<status status="PASS" start="2024-06-15T17:13:24.816576" elapsed="0.000483"/>
</kw>
<kw name="Dictionary Should Contain Key" owner="Collections">
<arg>${json_data}</arg>
<arg>results</arg>
<doc>Fails if ``key`` is not found from ``dictionary``.</doc>
<status status="PASS" start="2024-06-15T17:13:24.817363" elapsed="0.000171"/>
</kw>
<status status="PASS" start="2024-06-15T17:13:24.557270" elapsed="0.260418"/>
</kw>
<doc>Testa se a API responde corretamente e retorna um objeto JSON válido.</doc>
<tag>testeRequisicaoBasica</tag>
<status status="PASS" start="2024-06-15T17:13:24.556730" elapsed="0.261129"/>
</test>
<test id="s1-s1-t3" name="Validar estrutura de resposta" line="22">
<kw name="Teste de Estrutura de Resposta" owner="random-user-service">
<kw name="GET On Session" owner="RequestsLibrary">
<msg time="2024-06-15T17:13:24.916908" level="INFO">GET Request : url=https://randomuser.me/api 
 path_url=/api 
 headers={'User-Agent': 'python-requests/2.32.3', 'Accept-Encoding': 'gzip, deflate', 'Accept': '*/*', 'Connection': 'keep-alive'} 
 body=None 
 </msg>
<msg time="2024-06-15T17:13:24.916973" level="INFO">GET Response : url=https://randomuser.me/api 
 status=200, reason=OK 
 headers={'Date': 'Sat, 15 Jun 2024 17:13:24 GMT', 'Content-Type': 'application/json; charset=utf-8', 'Transfer-Encoding': 'chunked', 'Connection': 'keep-alive', 'X-Powered-By': 'Express', 'Access-Control-Allow-Origin': '*', 'Cache-Control': 'no-cache', 'ETag': 'W/"48c-NQIzyBwkmgDX0B/Y3Qm83mOD/SU"', 'Vary': 'Accept-Encoding', 'Content-Encoding': 'gzip', 'CF-Cache-Status': 'DYNAMIC', 'Report-To': '{"endpoints":[{"url":"https:\\/\\/a.nel.cloudflare.com\\/report\\/v4?s=H9Mrne6PiI0tGm7LrO4%2BBAF0jPukI7aC7gGonhVVj%2F3IPgaDKHqETOJtWsC5to1AyDwI9A4Ky%2Bia0VUJn4e0rBsvQpxvh%2B2ZxrStkS0F100WILLnH6PmhBARZ5kyhKN1"}],"group":"cf-nel","max_age":604800}', 'NEL': '{"success_fraction":0,"report_to":"cf-nel","max_age":604800}', 'Server': 'cloudflare', 'CF-RAY': '894430ca2de602b0-ORD', 'alt-svc': 'h3=":443"; ma=86400'} 
 body={"results":[{"gender":"male","name":{"title":"Mr","first":"Hemang","last":"Chatterjee"},"location":{"street":{"number":6168,"name":"Jagadamba Centre"},"city":"Bally","state":"Sikkim","country":"India","postcode":36620,"coordinates":{"latitude":"12.5381","longitude":"-146.3685"},"timezone":{"offset":"-3:00","description":"Brazil, Buenos Aires, Georgetown"}},"email":"hemang.chatterjee@example.com","login":{"uuid":"735951d4-1c0e-4620-a63e-fc5bfec66cd8","username":"brownwolf954","password":"helloo","salt":"gVa4zjd5","md5":"2bf0a197c8a6b7f425bdbb6ae88b7845","sha1":"fd864d7605d485f2296988af6d56e28278624846","sha256":"fc3241391635178290153f209b2aac48f76a35ccbe257ad2da2eca9ec9b43841"},"dob":{"date":"1988-03-18T08:31:47.872Z","age":36},"registered":{"date":"2008-11-25T19:12:13.066Z","age":15},"phone":"9874478576","cell":"8484055072","id":{"name":"UIDAI","value":"033625533874"},"picture":{"large":"https://randomuser.me/api/portraits/men/71.jpg","medium":"https://randomuser.me/api/portraits/med/men/71.jpg","thumbnail":"https://randomuser.me/api/portraits/thumb/men/71.jpg"},"nat":"IN"}],"info":{"seed":"e96615d8e046d913","results":1,"page":1,"version":"1.4"}} 
 </msg>
<msg time="2024-06-15T17:13:24.917083" level="INFO">/opt/hostedtoolcache/Python/3.12.3/x64/lib/python3.12/site-packages/urllib3/connectionpool.py:1103: InsecureRequestWarning: Unverified HTTPS request is being made to host 'randomuser.me'. Adding certificate verification is strongly advised. See: https://urllib3.readthedocs.io/en/latest/advanced-usage.html#tls-warnings
  warnings.warn(</msg>
<msg time="2024-06-15T17:13:24.917196" level="INFO">${response} = &lt;Response [200]&gt;</msg>
<var>${response}</var>
<arg>consultarAPI</arg>
<arg>/api</arg>
<doc>Sends a GET request on a previously created HTTP Session.</doc>
<status status="PASS" start="2024-06-15T17:13:24.820629" elapsed="0.096611"/>
</kw>
<kw name="Set Variable" owner="BuiltIn">
<msg time="2024-06-15T17:13:24.918036" level="INFO">${json_data} = {'results': [{'gender': 'male', 'name': {'title': 'Mr', 'first': 'Hemang', 'last': 'Chatterjee'}, 'location': {'street': {'number': 6168, 'name': 'Jagadamba Centre'}, 'city': 'Bally', 'state': 'Sikkim...</msg>
<var>${json_data}</var>
<arg>${response.json()}</arg>
<doc>Returns the given values which can then be assigned to a variables.</doc>
<status status="PASS" start="2024-06-15T17:13:24.917599" elapsed="0.000465"/>
</kw>
<kw name="Log" owner="BuiltIn">
<msg time="2024-06-15T17:13:24.918515" level="INFO">{'results': [{'gender': 'male', 'name': {'title': 'Mr', 'first': 'Hemang', 'last': 'Chatterjee'}, 'location': {'street': {'number': 6168, 'name': 'Jagadamba Centre'}, 'city': 'Bally', 'state': 'Sikkim', 'country': 'India', 'postcode': 36620, 'coordinates': {'latitude': '12.5381', 'longitude': '-146.3685'}, 'timezone': {'offset': '-3:00', 'description': 'Brazil, Buenos Aires, Georgetown'}}, 'email': 'hemang.chatterjee@example.com', 'login': {'uuid': '735951d4-1c0e-4620-a63e-fc5bfec66cd8', 'username': 'brownwolf954', 'password': 'helloo', 'salt': 'gVa4zjd5', 'md5': '2bf0a197c8a6b7f425bdbb6ae88b7845', 'sha1': 'fd864d7605d485f2296988af6d56e28278624846', 'sha256': 'fc3241391635178290153f209b2aac48f76a35ccbe257ad2da2eca9ec9b43841'}, 'dob': {'date': '1988-03-18T08:31:47.872Z', 'age': 36}, 'registered': {'date': '2008-11-25T19:12:13.066Z', 'age': 15}, 'phone': '9874478576', 'cell': '8484055072', 'id': {'name': 'UIDAI', 'value': '033625533874'}, 'picture': {'large': 'https://randomuser.me/api/portraits/men/71.jpg', 'medium': 'https://randomuser.me/api/portraits/med/men/71.jpg', 'thumbnail': 'https://randomuser.me/api/portraits/thumb/men/71.jpg'}, 'nat': 'IN'}], 'info': {'seed': 'e96615d8e046d913', 'results': 1, 'page': 1, 'version': '1.4'}}</msg>
<arg>${json_data}</arg>
<doc>Logs the given message with the given level.</doc>
<status status="PASS" start="2024-06-15T17:13:24.918363" elapsed="0.000197"/>
</kw>
<kw name="Dictionary Should Contain Key" owner="Collections">
<arg>${json_data}</arg>
<arg>results</arg>
<doc>Fails if ``key`` is not found from ``dictionary``.</doc>
<status status="PASS" start="2024-06-15T17:13:24.918844" elapsed="0.000151"/>
</kw>
<kw name="Should Not Be Empty" owner="BuiltIn">
<msg time="2024-06-15T17:13:24.919296" level="INFO">Length is 2.</msg>
<arg>${json_data}</arg>
<doc>Verifies that the given item is not empty.</doc>
<status status="PASS" start="2024-06-15T17:13:24.919175" elapsed="0.000157"/>
</kw>
<kw name="Create List" owner="BuiltIn">
<msg time="2024-06-15T17:13:24.919762" level="INFO">${expected_keys} = ['gender', 'name', 'location', 'email', 'login']</msg>
<var>${expected_keys}</var>
<arg>gender</arg>
<arg>name</arg>
<arg>location</arg>
<arg>email</arg>
<arg>login</arg>
<doc>Returns a list containing given items.</doc>
<status status="PASS" start="2024-06-15T17:13:24.919620" elapsed="0.000165"/>
</kw>
<for flavor="IN">
<iter>
<kw name="Dictionary Should Contain Key" owner="Collections">
<arg>${json_data['results'][0]}</arg>
<arg>${key}</arg>
<doc>Fails if ``key`` is not found from ``dictionary``.</doc>
<status status="PASS" start="2024-06-15T17:13:24.920340" elapsed="0.000443"/>
</kw>
<kw name="Log" owner="BuiltIn">
<msg time="2024-06-15T17:13:24.921329" level="INFO">{'gender': 'male', 'name': {'title': 'Mr', 'first': 'Hemang', 'last': 'Chatterjee'}, 'location': {'street': {'number': 6168, 'name': 'Jagadamba Centre'}, 'city': 'Bally', 'state': 'Sikkim', 'country': 'India', 'postcode': 36620, 'coordinates': {'latitude': '12.5381', 'longitude': '-146.3685'}, 'timezone': {'offset': '-3:00', 'description': 'Brazil, Buenos Aires, Georgetown'}}, 'email': 'hemang.chatterjee@example.com', 'login': {'uuid': '735951d4-1c0e-4620-a63e-fc5bfec66cd8', 'username': 'brownwolf954', 'password': 'helloo', 'salt': 'gVa4zjd5', 'md5': '2bf0a197c8a6b7f425bdbb6ae88b7845', 'sha1': 'fd864d7605d485f2296988af6d56e28278624846', 'sha256': 'fc3241391635178290153f209b2aac48f76a35ccbe257ad2da2eca9ec9b43841'}, 'dob': {'date': '1988-03-18T08:31:47.872Z', 'age': 36}, 'registered': {'date': '2008-11-25T19:12:13.066Z', 'age': 15}, 'phone': '9874478576', 'cell': '8484055072', 'id': {'name': 'UIDAI', 'value': '033625533874'}, 'picture': {'large': 'https://randomuser.me/api/portraits/men/71.jpg', 'medium': 'https://randomuser.me/api/portraits/med/men/71.jpg', 'thumbnail': 'https://randomuser.me/api/portraits/thumb/men/71.jpg'}, 'nat': 'IN'}</msg>
<arg>${json_data['results'][0]}</arg>
<doc>Logs the given message with the given level.</doc>
<status status="PASS" start="2024-06-15T17:13:24.920974" elapsed="0.000404"/>
</kw>
<kw name="Log" owner="BuiltIn">
<msg time="2024-06-15T17:13:24.921797" level="INFO">gender</msg>
<arg>${key}</arg>
<doc>Logs the given message with the given level.</doc>
<status status="PASS" start="2024-06-15T17:13:24.921671" elapsed="0.000164"/>
</kw>
<var name="${key}">gender</var>
<status status="PASS" start="2024-06-15T17:13:24.920219" elapsed="0.001839"/>
</iter>
<iter>
<kw name="Dictionary Should Contain Key" owner="Collections">
<arg>${json_data['results'][0]}</arg>
<arg>${key}</arg>
<doc>Fails if ``key`` is not found from ``dictionary``.</doc>
<status status="PASS" start="2024-06-15T17:13:24.922352" elapsed="0.000391"/>
</kw>
<kw name="Log" owner="BuiltIn">
<msg time="2024-06-15T17:13:24.923260" level="INFO">{'gender': 'male', 'name': {'title': 'Mr', 'first': 'Hemang', 'last': 'Chatterjee'}, 'location': {'street': {'number': 6168, 'name': 'Jagadamba Centre'}, 'city': 'Bally', 'state': 'Sikkim', 'country': 'India', 'postcode': 36620, 'coordinates': {'latitude': '12.5381', 'longitude': '-146.3685'}, 'timezone': {'offset': '-3:00', 'description': 'Brazil, Buenos Aires, Georgetown'}}, 'email': 'hemang.chatterjee@example.com', 'login': {'uuid': '735951d4-1c0e-4620-a63e-fc5bfec66cd8', 'username': 'brownwolf954', 'password': 'helloo', 'salt': 'gVa4zjd5', 'md5': '2bf0a197c8a6b7f425bdbb6ae88b7845', 'sha1': 'fd864d7605d485f2296988af6d56e28278624846', 'sha256': 'fc3241391635178290153f209b2aac48f76a35ccbe257ad2da2eca9ec9b43841'}, 'dob': {'date': '1988-03-18T08:31:47.872Z', 'age': 36}, 'registered': {'date': '2008-11-25T19:12:13.066Z', 'age': 15}, 'phone': '9874478576', 'cell': '8484055072', 'id': {'name': 'UIDAI', 'value': '033625533874'}, 'picture': {'large': 'https://randomuser.me/api/portraits/men/71.jpg', 'medium': 'https://randomuser.me/api/portraits/med/men/71.jpg', 'thumbnail': 'https://randomuser.me/api/portraits/thumb/men/71.jpg'}, 'nat': 'IN'}</msg>
<arg>${json_data['results'][0]}</arg>
<doc>Logs the given message with the given level.</doc>
<status status="PASS" start="2024-06-15T17:13:24.922924" elapsed="0.000424"/>
</kw>
<kw name="Log" owner="BuiltIn">
<msg time="2024-06-15T17:13:24.923774" level="INFO">name</msg>
<arg>${key}</arg>
<doc>Logs the given message with the given level.</doc>
<status status="PASS" start="2024-06-15T17:13:24.923644" elapsed="0.000167"/>
</kw>
<var name="${key}">name</var>
<status status="PASS" start="2024-06-15T17:13:24.922241" elapsed="0.001793"/>
</iter>
<iter>
<kw name="Dictionary Should Contain Key" owner="Collections">
<arg>${json_data['results'][0]}</arg>
<arg>${key}</arg>
<doc>Fails if ``key`` is not found from ``dictionary``.</doc>
<status status="PASS" start="2024-06-15T17:13:24.924316" elapsed="0.000397"/>
</kw>
<kw name="Log" owner="BuiltIn">
<msg time="2024-06-15T17:13:24.925251" level="INFO">{'gender': 'male', 'name': {'title': 'Mr', 'first': 'Hemang', 'last': 'Chatterjee'}, 'location': {'street': {'number': 6168, 'name': 'Jagadamba Centre'}, 'city': 'Bally', 'state': 'Sikkim', 'country': 'India', 'postcode': 36620, 'coordinates': {'latitude': '12.5381', 'longitude': '-146.3685'}, 'timezone': {'offset': '-3:00', 'description': 'Brazil, Buenos Aires, Georgetown'}}, 'email': 'hemang.chatterjee@example.com', 'login': {'uuid': '735951d4-1c0e-4620-a63e-fc5bfec66cd8', 'username': 'brownwolf954', 'password': 'helloo', 'salt': 'gVa4zjd5', 'md5': '2bf0a197c8a6b7f425bdbb6ae88b7845', 'sha1': 'fd864d7605d485f2296988af6d56e28278624846', 'sha256': 'fc3241391635178290153f209b2aac48f76a35ccbe257ad2da2eca9ec9b43841'}, 'dob': {'date': '1988-03-18T08:31:47.872Z', 'age': 36}, 'registered': {'date': '2008-11-25T19:12:13.066Z', 'age': 15}, 'phone': '9874478576', 'cell': '8484055072', 'id': {'name': 'UIDAI', 'value': '033625533874'}, 'picture': {'large': 'https://randomuser.me/api/portraits/men/71.jpg', 'medium': 'https://randomuser.me/api/portraits/med/men/71.jpg', 'thumbnail': 'https://randomuser.me/api/portraits/thumb/men/71.jpg'}, 'nat': 'IN'}</msg>
<arg>${json_data['results'][0]}</arg>
<doc>Logs the given message with the given level.</doc>
<status status="PASS" start="2024-06-15T17:13:24.924911" elapsed="0.000387"/>
</kw>
<kw name="Log" owner="BuiltIn">
<msg time="2024-06-15T17:13:24.925707" level="INFO">location</msg>
<arg>${key}</arg>
<doc>Logs the given message with the given level.</doc>
<status status="PASS" start="2024-06-15T17:13:24.925584" elapsed="0.000159"/>
</kw>
<var name="${key}">location</var>
<status status="PASS" start="2024-06-15T17:13:24.924209" elapsed="0.001752"/>
</iter>
<iter>
<kw name="Dictionary Should Contain Key" owner="Collections">
<arg>${json_data['results'][0]}</arg>
<arg>${key}</arg>
<doc>Fails if ``key`` is not found from ``dictionary``.</doc>
<status status="PASS" start="2024-06-15T17:13:24.926235" elapsed="0.000382"/>
</kw>
<kw name="Log" owner="BuiltIn">
<msg time="2024-06-15T17:13:24.927139" level="INFO">{'gender': 'male', 'name': {'title': 'Mr', 'first': 'Hemang', 'last': 'Chatterjee'}, 'location': {'street': {'number': 6168, 'name': 'Jagadamba Centre'}, 'city': 'Bally', 'state': 'Sikkim', 'country': 'India', 'postcode': 36620, 'coordinates': {'latitude': '12.5381', 'longitude': '-146.3685'}, 'timezone': {'offset': '-3:00', 'description': 'Brazil, Buenos Aires, Georgetown'}}, 'email': 'hemang.chatterjee@example.com', 'login': {'uuid': '735951d4-1c0e-4620-a63e-fc5bfec66cd8', 'username': 'brownwolf954', 'password': 'helloo', 'salt': 'gVa4zjd5', 'md5': '2bf0a197c8a6b7f425bdbb6ae88b7845', 'sha1': 'fd864d7605d485f2296988af6d56e28278624846', 'sha256': 'fc3241391635178290153f209b2aac48f76a35ccbe257ad2da2eca9ec9b43841'}, 'dob': {'date': '1988-03-18T08:31:47.872Z', 'age': 36}, 'registered': {'date': '2008-11-25T19:12:13.066Z', 'age': 15}, 'phone': '9874478576', 'cell': '8484055072', 'id': {'name': 'UIDAI', 'value': '033625533874'}, 'picture': {'large': 'https://randomuser.me/api/portraits/men/71.jpg', 'medium': 'https://randomuser.me/api/portraits/med/men/71.jpg', 'thumbnail': 'https://randomuser.me/api/portraits/thumb/men/71.jpg'}, 'nat': 'IN'}</msg>
<arg>${json_data['results'][0]}</arg>
<doc>Logs the given message with the given level.</doc>
<status status="PASS" start="2024-06-15T17:13:24.926795" elapsed="0.000392"/>
</kw>
<kw name="Log" owner="BuiltIn">
<msg time="2024-06-15T17:13:24.927603" level="INFO">email</msg>
<arg>${key}</arg>
<doc>Logs the given message with the given level.</doc>
<status status="PASS" start="2024-06-15T17:13:24.927478" elapsed="0.000162"/>
</kw>
<var name="${key}">email</var>
<status status="PASS" start="2024-06-15T17:13:24.926128" elapsed="0.001725"/>
</iter>
<iter>
<kw name="Dictionary Should Contain Key" owner="Collections">
<arg>${json_data['results'][0]}</arg>
<arg>${key}</arg>
<doc>Fails if ``key`` is not found from ``dictionary``.</doc>
<status status="PASS" start="2024-06-15T17:13:24.928127" elapsed="0.000400"/>
</kw>
<kw name="Log" owner="BuiltIn">
<msg time="2024-06-15T17:13:24.929068" level="INFO">{'gender': 'male', 'name': {'title': 'Mr', 'first': 'Hemang', 'last': 'Chatterjee'}, 'location': {'street': {'number': 6168, 'name': 'Jagadamba Centre'}, 'city': 'Bally', 'state': 'Sikkim', 'country': 'India', 'postcode': 36620, 'coordinates': {'latitude': '12.5381', 'longitude': '-146.3685'}, 'timezone': {'offset': '-3:00', 'description': 'Brazil, Buenos Aires, Georgetown'}}, 'email': 'hemang.chatterjee@example.com', 'login': {'uuid': '735951d4-1c0e-4620-a63e-fc5bfec66cd8', 'username': 'brownwolf954', 'password': 'helloo', 'salt': 'gVa4zjd5', 'md5': '2bf0a197c8a6b7f425bdbb6ae88b7845', 'sha1': 'fd864d7605d485f2296988af6d56e28278624846', 'sha256': 'fc3241391635178290153f209b2aac48f76a35ccbe257ad2da2eca9ec9b43841'}, 'dob': {'date': '1988-03-18T08:31:47.872Z', 'age': 36}, 'registered': {'date': '2008-11-25T19:12:13.066Z', 'age': 15}, 'phone': '9874478576', 'cell': '8484055072', 'id': {'name': 'UIDAI', 'value': '033625533874'}, 'picture': {'large': 'https://randomuser.me/api/portraits/men/71.jpg', 'medium': 'https://randomuser.me/api/portraits/med/men/71.jpg', 'thumbnail': 'https://randomuser.me/api/portraits/thumb/men/71.jpg'}, 'nat': 'IN'}</msg>
<arg>${json_data['results'][0]}</arg>
<doc>Logs the given message with the given level.</doc>
<status status="PASS" start="2024-06-15T17:13:24.928720" elapsed="0.000394"/>
</kw>
<kw name="Log" owner="BuiltIn">
<msg time="2024-06-15T17:13:24.929627" level="INFO">login</msg>
<arg>${key}</arg>
<doc>Logs the given message with the given level.</doc>
<status status="PASS" start="2024-06-15T17:13:24.929403" elapsed="0.000261"/>
</kw>
<var name="${key}">login</var>
<status status="PASS" start="2024-06-15T17:13:24.928021" elapsed="0.001858"/>
</iter>
<var>${key}</var>
<value>@{expected_keys}</value>
<status status="PASS" start="2024-06-15T17:13:24.920034" elapsed="0.009962"/>
</for>
<kw name="Create List" owner="BuiltIn">
<msg time="2024-06-15T17:13:24.930309" level="INFO">${expected_keysTwo} = ['username', 'password']</msg>
<var>${expected_keysTwo}</var>
<arg>username</arg>
<arg>password</arg>
<doc>Returns a list containing given items.</doc>
<status status="PASS" start="2024-06-15T17:13:24.930179" elapsed="0.000180"/>
</kw>
<for flavor="IN">
<iter>
<kw name="Dictionary Should Contain Key" owner="Collections">
<arg>${json_data['results'][0]['login']}</arg>
<arg>${keyTwo}</arg>
<doc>Fails if ``key`` is not found from ``dictionary``.</doc>
<status status="PASS" start="2024-06-15T17:13:24.930875" elapsed="0.000371"/>
</kw>
<kw name="Dictionary Should Contain Key" owner="Collections">
<arg>${json_data['results'][0]['login']}</arg>
<arg>${keyTwo}</arg>
<doc>Fails if ``key`` is not found from ``dictionary``.</doc>
<status status="PASS" start="2024-06-15T17:13:24.931422" elapsed="0.000370"/>
</kw>
<kw name="Log" owner="BuiltIn">
<msg time="2024-06-15T17:13:24.932082" level="INFO">username</msg>
<arg>${keyTwo}</arg>
<doc>Logs the given message with the given level.</doc>
<status status="PASS" start="2024-06-15T17:13:24.931965" elapsed="0.000152"/>
</kw>
<var name="${keyTwo}">username</var>
<status status="PASS" start="2024-06-15T17:13:24.930771" elapsed="0.001562"/>
</iter>
<iter>
<kw name="Dictionary Should Contain Key" owner="Collections">
<arg>${json_data['results'][0]['login']}</arg>
<arg>${keyTwo}</arg>
<doc>Fails if ``key`` is not found from ``dictionary``.</doc>
<status status="PASS" start="2024-06-15T17:13:24.932641" elapsed="0.000382"/>
</kw>
<kw name="Dictionary Should Contain Key" owner="Collections">
<arg>${json_data['results'][0]['login']}</arg>
<arg>${keyTwo}</arg>
<doc>Fails if ``key`` is not found from ``dictionary``.</doc>
<status status="PASS" start="2024-06-15T17:13:24.933200" elapsed="0.000363"/>
</kw>
<kw name="Log" owner="BuiltIn">
<msg time="2024-06-15T17:13:24.933854" level="INFO">password</msg>
<arg>${keyTwo}</arg>
<doc>Logs the given message with the given level.</doc>
<status status="PASS" start="2024-06-15T17:13:24.933738" elapsed="0.000152"/>
</kw>
<var name="${keyTwo}">password</var>
<status status="PASS" start="2024-06-15T17:13:24.932532" elapsed="0.001575"/>
</iter>
<var>${keyTwo}</var>
<value>@{expected_keysTwo}</value>
<status status="PASS" start="2024-06-15T17:13:24.930623" elapsed="0.003604"/>
</for>
<status status="PASS" start="2024-06-15T17:13:24.820362" elapsed="0.114002"/>
</kw>
<doc>Testa a estrutura da resposta da API.</doc>
<tag>testeEstruturaResposta</tag>
<status status="PASS" start="2024-06-15T17:13:24.819693" elapsed="0.114816"/>
</test>
<test id="s1-s1-t4" name="Validar tipos de dados" line="28">
<kw name="Teste de Tipos de Dados" owner="random-user-service">
<kw name="GET On Session" owner="RequestsLibrary">
<msg time="2024-06-15T17:13:25.012680" level="INFO">GET Request : url=https://randomuser.me/api 
 path_url=/api 
 headers={'User-Agent': 'python-requests/2.32.3', 'Accept-Encoding': 'gzip, deflate', 'Accept': '*/*', 'Connection': 'keep-alive'} 
 body=None 
 </msg>
<msg time="2024-06-15T17:13:25.012788" level="INFO">GET Response : url=https://randomuser.me/api 
 status=200, reason=OK 
 headers={'Date': 'Sat, 15 Jun 2024 17:13:25 GMT', 'Content-Type': 'application/json; charset=utf-8', 'Transfer-Encoding': 'chunked', 'Connection': 'keep-alive', 'X-Powered-By': 'Express', 'Access-Control-Allow-Origin': '*', 'Cache-Control': 'no-cache', 'ETag': 'W/"4a7-REEKLNJ8poiGeoIShBFxz298xRA"', 'Vary': 'Accept-Encoding', 'Content-Encoding': 'gzip', 'CF-Cache-Status': 'DYNAMIC', 'Report-To': '{"endpoints":[{"url":"https:\\/\\/a.nel.cloudflare.com\\/report\\/v4?s=YSvVWgfr%2BvTEOJnRNTEthCKTgkwos0f90xavjE7AzhLzzFTpp8fRbYS38Qjy5d63kRB3usAC2%2BmwujzQblqquSoi3BHX4KkYjFcediz9%2BNmhozd9F4OUyy4FldJwDGNL"}],"group":"cf-nel","max_age":604800}', 'NEL': '{"success_fraction":0,"report_to":"cf-nel","max_age":604800}', 'Server': 'cloudflare', 'CF-RAY': '894430cadecc02b0-ORD', 'alt-svc': 'h3=":443"; ma=86400'} 
 body={"results":[{"gender":"male","name":{"title":"Mr","first":"Mathieu","last":"Roche"},"location":{"street":{"number":3353,"name":"Rue du Bon-Pasteur"},"city":"Nanterre","state":"Seine-et-Marne","country":"France","postcode":61771,"coordinates":{"latitude":"-17.4215","longitude":"-4.5852"},"timezone":{"offset":"+5:00","description":"Ekaterinburg, Islamabad, Karachi, Tashkent"}},"email":"mathieu.roche@example.com","login":{"uuid":"aea5c9d9-b966-4795-9d65-492c25063336","username":"happygoose380","password":"sound","salt":"TKAzDMwe","md5":"2bace078630705f06e1f8a211ca01f58","sha1":"c7aa9e74bc1ac27cbfee9c253b0483bca1a0ace0","sha256":"248e5f93db6549982df569e6c4551081aa1892d4e0074634b02a62afa654490c"},"dob":{"date":"1979-03-08T22:12:56.344Z","age":45},"registered":{"date":"2005-04-16T12:08:37.748Z","age":19},"phone":"01-30-42-22-36","cell":"06-06-38-63-63","id":{"name":"INSEE","value":"1790237643830 18"},"picture":{"large":"https://randomuser.me/api/portraits/men/76.jpg","medium":"https://randomuser.me/api/portraits/med/men/76.jpg","thumbnail":"https://randomuser.me/api/portraits/thumb/men/76.jpg"},"nat":"FR"}],"info":{"seed":"69f2a8cfb28b52c1","results":1,"page":1,"version":"1.4"}} 
 </msg>
<msg time="2024-06-15T17:13:25.012870" level="INFO">/opt/hostedtoolcache/Python/3.12.3/x64/lib/python3.12/site-packages/urllib3/connectionpool.py:1103: InsecureRequestWarning: Unverified HTTPS request is being made to host 'randomuser.me'. Adding certificate verification is strongly advised. See: https://urllib3.readthedocs.io/en/latest/advanced-usage.html#tls-warnings
  warnings.warn(</msg>
<msg time="2024-06-15T17:13:25.013027" level="INFO">${response} = &lt;Response [200]&gt;</msg>
<var>${response}</var>
<arg>consultarAPI</arg>
<arg>/api</arg>
<doc>Sends a GET request on a previously created HTTP Session.</doc>
<status status="PASS" start="2024-06-15T17:13:24.936918" elapsed="0.076158"/>
</kw>
<kw name="Set Variable" owner="BuiltIn">
<msg time="2024-06-15T17:13:25.014135" level="INFO">${json_data} = {'results': [{'gender': 'male', 'name': {'title': 'Mr', 'first': 'Mathieu', 'last': 'Roche'}, 'location': {'street': {'number': 3353, 'name': 'Rue du Bon-Pasteur'}, 'city': 'Nanterre', 'state': 'Seine...</msg>
<var>${json_data}</var>
<arg>${response.json()}</arg>
<doc>Returns the given values which can then be assigned to a variables.</doc>
<status status="PASS" start="2024-06-15T17:13:25.013605" elapsed="0.000560"/>
</kw>
<kw name="Log" owner="BuiltIn">
<msg time="2024-06-15T17:13:25.014706" level="INFO">{'results': [{'gender': 'male', 'name': {'title': 'Mr', 'first': 'Mathieu', 'last': 'Roche'}, 'location': {'street': {'number': 3353, 'name': 'Rue du Bon-Pasteur'}, 'city': 'Nanterre', 'state': 'Seine-et-Marne', 'country': 'France', 'postcode': 61771, 'coordinates': {'latitude': '-17.4215', 'longitude': '-4.5852'}, 'timezone': {'offset': '+5:00', 'description': 'Ekaterinburg, Islamabad, Karachi, Tashkent'}}, 'email': 'mathieu.roche@example.com', 'login': {'uuid': 'aea5c9d9-b966-4795-9d65-492c25063336', 'username': 'happygoose380', 'password': 'sound', 'salt': 'TKAzDMwe', 'md5': '2bace078630705f06e1f8a211ca01f58', 'sha1': 'c7aa9e74bc1ac27cbfee9c253b0483bca1a0ace0', 'sha256': '248e5f93db6549982df569e6c4551081aa1892d4e0074634b02a62afa654490c'}, 'dob': {'date': '1979-03-08T22:12:56.344Z', 'age': 45}, 'registered': {'date': '2005-04-16T12:08:37.748Z', 'age': 19}, 'phone': '01-30-42-22-36', 'cell': '06-06-38-63-63', 'id': {'name': 'INSEE', 'value': '1790237643830 18'}, 'picture': {'large': 'https://randomuser.me/api/portraits/men/76.jpg', 'medium': 'https://randomuser.me/api/portraits/med/men/76.jpg', 'thumbnail': 'https://randomuser.me/api/portraits/thumb/men/76.jpg'}, 'nat': 'FR'}], 'info': {'seed': '69f2a8cfb28b52c1', 'results': 1, 'page': 1, 'version': '1.4'}}</msg>
<arg>${json_data}</arg>
<doc>Logs the given message with the given level.</doc>
<status status="PASS" start="2024-06-15T17:13:25.014535" elapsed="0.000221"/>
</kw>
<kw name="Should Be String" owner="String">
<arg>${json_data['results'][0]['gender']}</arg>
<doc>Fails if the given ``item`` is not a string.</doc>
<status status="PASS" start="2024-06-15T17:13:25.015066" elapsed="0.000376"/>
</kw>
<kw name="Should Match Regexp" owner="BuiltIn">
<arg>${json_data['results'][0]['email']}</arg>
<arg>^[a-zA-Z0-9._%+-]+@[a-zA-Z0-9.-]+\.[a-zA-Z]{2,}$</arg>
<doc>Fails if ``string`` does not match ``pattern`` as a regular expression.</doc>
<status status="PASS" start="2024-06-15T17:13:25.015635" elapsed="0.000523"/>
</kw>
<kw name="Should Match Regexp" owner="BuiltIn">
<arg>${json_data['results'][0]['dob']['date']}</arg>
<arg>\\d{4}-\\d{2}-\\d{2}T\\d{2}:\\d{2}:\\d{2}\\.\\d{3}Z</arg>
<doc>Fails if ``string`` does not match ``pattern`` as a regular expression.</doc>
<status status="PASS" start="2024-06-15T17:13:25.016393" elapsed="0.000556"/>
</kw>
<kw name="Should Match Regexp" owner="BuiltIn">
<arg>${json_data['results'][0]['registered']['date']}</arg>
<arg>\\d{4}-\\d{2}-\\d{2}T\\d{2}:\\d{2}:\\d{2}\\.\\d{3}Z</arg>
<doc>Fails if ``string`` does not match ``pattern`` as a regular expression.</doc>
<status status="PASS" start="2024-06-15T17:13:25.017142" elapsed="0.000401"/>
</kw>
<kw name="Should Match Regexp" owner="BuiltIn">
<arg>${json_data['results'][0]['picture']['large']}</arg>
<arg>^https?://.*\.(?:png|jpe?g|gif|bmp)$</arg>
<doc>Fails if ``string`` does not match ``pattern`` as a regular expression.</doc>
<status status="PASS" start="2024-06-15T17:13:25.017732" elapsed="0.000468"/>
</kw>
<kw name="Should Match Regexp" owner="BuiltIn">
<arg>${json_data['results'][0]['picture']['medium']}</arg>
<arg>^https?://.*\.(?:png|jpe?g|gif|bmp)$</arg>
<doc>Fails if ``string`` does not match ``pattern`` as a regular expression.</doc>
<status status="PASS" start="2024-06-15T17:13:25.018391" elapsed="0.000348"/>
</kw>
<kw name="Should Match Regexp" owner="BuiltIn">
<arg>${json_data['results'][0]['picture']['thumbnail']}</arg>
<arg>^https?://.*\.(?:png|jpe?g|gif|bmp)$</arg>
<doc>Fails if ``string`` does not match ``pattern`` as a regular expression.</doc>
<status status="PASS" start="2024-06-15T17:13:25.018931" elapsed="0.000347"/>
</kw>
<kw name="Log" owner="BuiltIn">
<msg time="2024-06-15T17:13:25.019786" level="INFO">{'large': 'https://randomuser.me/api/portraits/men/76.jpg', 'medium': 'https://randomuser.me/api/portraits/med/men/76.jpg', 'thumbnail': 'https://randomuser.me/api/portraits/thumb/men/76.jpg'}</msg>
<arg>${json_data['results'][0]['picture']}</arg>
<doc>Logs the given message with the given level.</doc>
<status status="PASS" start="2024-06-15T17:13:25.019459" elapsed="0.000370"/>
</kw>
<status status="PASS" start="2024-06-15T17:13:24.936682" elapsed="0.083425"/>
</kw>
<kw name="Teste de Tipos de Dados - Postcode" owner="random-user-service">
<kw name="GET On Session" owner="RequestsLibrary">
<msg time="2024-06-15T17:13:25.113371" level="INFO">GET Request : url=https://randomuser.me/api 
 path_url=/api 
 headers={'User-Agent': 'python-requests/2.32.3', 'Accept-Encoding': 'gzip, deflate', 'Accept': '*/*', 'Connection': 'keep-alive'} 
 body=None 
 </msg>
<msg time="2024-06-15T17:13:25.113473" level="INFO">GET Response : url=https://randomuser.me/api 
 status=200, reason=OK 
 headers={'Date': 'Sat, 15 Jun 2024 17:13:25 GMT', 'Content-Type': 'application/json; charset=utf-8', 'Transfer-Encoding': 'chunked', 'Connection': 'keep-alive', 'X-Powered-By': 'Express', 'Access-Control-Allow-Origin': '*', 'Cache-Control': 'no-cache', 'ETag': 'W/"479-v2UBF9jpdxJoaCKhSGoT0FIlcQ8"', 'Vary': 'Accept-Encoding', 'Content-Encoding': 'gzip', 'CF-Cache-Status': 'DYNAMIC', 'Report-To': '{"endpoints":[{"url":"https:\\/\\/a.nel.cloudflare.com\\/report\\/v4?s=xdZ%2FtkkEVarwZ3xXpgz4Cft%2Bm8UGF04Jd9jetlHyLUjYH6Ea71IP6lzqFylAwBqvnWc7kzebeWpz74bs9CThghlgz0FRINIUkoq4g9qgX0zg1Cu2OAbHznqRaMveKs%2BC"}],"group":"cf-nel","max_age":604800}', 'NEL': '{"success_fraction":0,"report_to":"cf-nel","max_age":604800}', 'Server': 'cloudflare', 'CF-RAY': '894430cb6f7b02b0-ORD', 'alt-svc': 'h3=":443"; ma=86400'} 
 body={"results":[{"gender":"male","name":{"title":"Mr","first":"Attila","last":"Nickel"},"location":{"street":{"number":3955,"name":"Kastanienweg"},"city":"Lünen","state":"Brandenburg","country":"Germany","postcode":98764,"coordinates":{"latitude":"-52.8992","longitude":"-137.5717"},"timezone":{"offset":"+5:45","description":"Kathmandu"}},"email":"attila.nickel@example.com","login":{"uuid":"19c6783f-923b-4491-aa16-5252c7d4fff5","username":"biggorilla387","password":"newbie","salt":"JimRqJeM","md5":"683a9354786b2624a12426cb6fc4c6c0","sha1":"ad544be2114214e1695c5ca2779718ffcfca91c1","sha256":"6e6bb569a6dbe20fc4d099eea2d6c51da0aa77e4514b8b44d15f3117e9961135"},"dob":{"date":"1952-10-16T20:15:49.195Z","age":71},"registered":{"date":"2009-04-25T08:42:41.428Z","age":15},"phone":"0748-2999357","cell":"0175-4661435","id":{"name":"SVNR","value":"24 161052 N 317"},"picture":{"large":"https://randomuser.me/api/portraits/men/16.jpg","medium":"https://randomuser.me/api/portraits/med/men/16.jpg","thumbnail":"https://randomuser.me/api/portraits/thumb/men/16.jpg"},"nat":"DE"}],"info":{"seed":"d015d75c1fc32c95","results":1,"page":1,"version":"1.4"}} 
 </msg>
<msg time="2024-06-15T17:13:25.113566" level="INFO">/opt/hostedtoolcache/Python/3.12.3/x64/lib/python3.12/site-packages/urllib3/connectionpool.py:1103: InsecureRequestWarning: Unverified HTTPS request is being made to host 'randomuser.me'. Adding certificate verification is strongly advised. See: https://urllib3.readthedocs.io/en/latest/advanced-usage.html#tls-warnings
  warnings.warn(</msg>
<msg time="2024-06-15T17:13:25.113705" level="INFO">${response} = &lt;Response [200]&gt;</msg>
<var>${response}</var>
<arg>consultarAPI</arg>
<arg>/api</arg>
<doc>Sends a GET request on a previously created HTTP Session.</doc>
<status status="PASS" start="2024-06-15T17:13:25.020608" elapsed="0.093137"/>
</kw>
<kw name="Set Variable" owner="BuiltIn">
<msg time="2024-06-15T17:13:25.114818" level="INFO">${json_data} = {'results': [{'gender': 'male', 'name': {'title': 'Mr', 'first': 'Attila', 'last': 'Nickel'}, 'location': {'street': {'number': 3955, 'name': 'Kastanienweg'}, 'city': 'Lünen', 'state': 'Brandenburg', ...</msg>
<var>${json_data}</var>
<arg>${response.json()}</arg>
<doc>Returns the given values which can then be assigned to a variables.</doc>
<status status="PASS" start="2024-06-15T17:13:25.114289" elapsed="0.000560"/>
</kw>
<kw name="Log" owner="BuiltIn">
<msg time="2024-06-15T17:13:25.115330" level="INFO">{'results': [{'gender': 'male', 'name': {'title': 'Mr', 'first': 'Attila', 'last': 'Nickel'}, 'location': {'street': {'number': 3955, 'name': 'Kastanienweg'}, 'city': 'Lünen', 'state': 'Brandenburg', 'country': 'Germany', 'postcode': 98764, 'coordinates': {'latitude': '-52.8992', 'longitude': '-137.5717'}, 'timezone': {'offset': '+5:45', 'description': 'Kathmandu'}}, 'email': 'attila.nickel@example.com', 'login': {'uuid': '19c6783f-923b-4491-aa16-5252c7d4fff5', 'username': 'biggorilla387', 'password': 'newbie', 'salt': 'JimRqJeM', 'md5': '683a9354786b2624a12426cb6fc4c6c0', 'sha1': 'ad544be2114214e1695c5ca2779718ffcfca91c1', 'sha256': '6e6bb569a6dbe20fc4d099eea2d6c51da0aa77e4514b8b44d15f3117e9961135'}, 'dob': {'date': '1952-10-16T20:15:49.195Z', 'age': 71}, 'registered': {'date': '2009-04-25T08:42:41.428Z', 'age': 15}, 'phone': '0748-2999357', 'cell': '0175-4661435', 'id': {'name': 'SVNR', 'value': '24 161052 N 317'}, 'picture': {'large': 'https://randomuser.me/api/portraits/men/16.jpg', 'medium': 'https://randomuser.me/api/portraits/med/men/16.jpg', 'thumbnail': 'https://randomuser.me/api/portraits/thumb/men/16.jpg'}, 'nat': 'DE'}], 'info': {'seed': 'd015d75c1fc32c95', 'results': 1, 'page': 1, 'version': '1.4'}}</msg>
<arg>${json_data}</arg>
<doc>Logs the given message with the given level.</doc>
<status status="PASS" start="2024-06-15T17:13:25.115163" elapsed="0.000215"/>
</kw>
<kw name="Should Be Equal As Numbers" owner="BuiltIn">
<arg>${json_data['results'][0]['location']['postcode']}</arg>
<arg>${json_data['results'][0]['location']['postcode']}</arg>
<doc>Fails if objects are unequal after converting them to real numbers.</doc>
<status status="PASS" start="2024-06-15T17:13:25.115676" elapsed="0.000616"/>
</kw>
<kw name="Log" owner="BuiltIn">
<msg time="2024-06-15T17:13:25.116881" level="INFO">98764</msg>
<arg>${json_data['results'][0]['location']['postcode']}</arg>
<doc>Logs the given message with the given level.</doc>
<status status="PASS" start="2024-06-15T17:13:25.116519" elapsed="0.000402"/>
</kw>
<status status="PASS" start="2024-06-15T17:13:25.020338" elapsed="0.096876"/>
</kw>
<doc>Testa se os tipos de dados na resposta da API estão corretos.</doc>
<tag>testeTiposDados</tag>
<status status="PASS" start="2024-06-15T17:13:24.936223" elapsed="0.181163"/>
</test>
<test id="s1-s1-t5" name="Validar conteudo" line="35">
<kw name="Teste de Tipos de Conteudo" owner="random-user-service">
<kw name="GET On Session" owner="RequestsLibrary">
<msg time="2024-06-15T17:13:25.212544" level="INFO">GET Request : url=https://randomuser.me/api 
 path_url=/api 
 headers={'User-Agent': 'python-requests/2.32.3', 'Accept-Encoding': 'gzip, deflate', 'Accept': '*/*', 'Connection': 'keep-alive'} 
 body=None 
 </msg>
<msg time="2024-06-15T17:13:25.212645" level="INFO">GET Response : url=https://randomuser.me/api 
 status=200, reason=OK 
 headers={'Date': 'Sat, 15 Jun 2024 17:13:25 GMT', 'Content-Type': 'application/json; charset=utf-8', 'Transfer-Encoding': 'chunked', 'Connection': 'keep-alive', 'X-Powered-By': 'Express', 'Access-Control-Allow-Origin': '*', 'Cache-Control': 'no-cache', 'ETag': 'W/"47c-bPrK5Plk+1uDiHQmAoNjbeiK21w"', 'Vary': 'Accept-Encoding', 'Content-Encoding': 'gzip', 'CF-Cache-Status': 'DYNAMIC', 'Report-To': '{"endpoints":[{"url":"https:\\/\\/a.nel.cloudflare.com\\/report\\/v4?s=sjRSg3cfiDJZmZZ%2BnAJCWf7NOkc9JTFAjlQ8GUYlbKqj8x02jI7187LjZ%2B06RpV2uinS4nRaL%2F7thsR%2Fm3R8sv%2Bye38SoXsfKQVUnG6lmNCEr2SLolQeyAsg8gYcgL8T"}],"group":"cf-nel","max_age":604800}', 'NEL': '{"success_fraction":0,"report_to":"cf-nel","max_age":604800}', 'Server': 'cloudflare', 'CF-RAY': '894430cc087302b0-ORD', 'alt-svc': 'h3=":443"; ma=86400'} 
 body={"results":[{"gender":"female","name":{"title":"Mrs","first":"Agafiya","last":"Shumlyanskiy"},"location":{"street":{"number":7752,"name":"Fonvizina"},"city":"Rovenki","state":"Zakarpatska","country":"Ukraine","postcode":46565,"coordinates":{"latitude":"78.3516","longitude":"130.9873"},"timezone":{"offset":"+4:30","description":"Kabul"}},"email":"agafiya.shumlyanskiy@example.com","login":{"uuid":"0f7aceb4-6e96-405d-8341-ed3b0e3f4b2e","username":"beautifulswan832","password":"dilligaf","salt":"5KAbu2Ho","md5":"bf40d51eb9040e018f9540ac131e8383","sha1":"84106e74adaa20dc8b81a2822d5e9d624364e6f4","sha256":"3f85c7db447b82da505a49e499f94fb2840b63fd9c0c68a8e1987dca2059a976"},"dob":{"date":"1956-01-06T03:19:35.864Z","age":68},"registered":{"date":"2017-02-19T15:43:40.737Z","age":7},"phone":"(099) F92-7189","cell":"(096) J81-7710","id":{"name":"","value":null},"picture":{"large":"https://randomuser.me/api/portraits/women/4.jpg","medium":"https://randomuser.me/api/portraits/med/women/4.jpg","thumbnail":"https://randomuser.me/api/portraits/thumb/women/4.jpg"},"nat":"UA"}],"info":{"seed":"763dd3a68c7ba645","results":1,"page":1,"version":"1.4"}} 
 </msg>
<msg time="2024-06-15T17:13:25.212713" level="INFO">/opt/hostedtoolcache/Python/3.12.3/x64/lib/python3.12/site-packages/urllib3/connectionpool.py:1103: InsecureRequestWarning: Unverified HTTPS request is being made to host 'randomuser.me'. Adding certificate verification is strongly advised. See: https://urllib3.readthedocs.io/en/latest/advanced-usage.html#tls-warnings
  warnings.warn(</msg>
<msg time="2024-06-15T17:13:25.212849" level="INFO">${response} = &lt;Response [200]&gt;</msg>
<var>${response}</var>
<arg>consultarAPI</arg>
<arg>/api</arg>
<doc>Sends a GET request on a previously created HTTP Session.</doc>
<status status="PASS" start="2024-06-15T17:13:25.120188" elapsed="0.092699"/>
</kw>
<kw name="Set Variable" owner="BuiltIn">
<msg time="2024-06-15T17:13:25.213925" level="INFO">${json_data} = {'results': [{'gender': 'female', 'name': {'title': 'Mrs', 'first': 'Agafiya', 'last': 'Shumlyanskiy'}, 'location': {'street': {'number': 7752, 'name': 'Fonvizina'}, 'city': 'Rovenki', 'state': 'Zakar...</msg>
<var>${json_data}</var>
<arg>${response.json()}</arg>
<doc>Returns the given values which can then be assigned to a variables.</doc>
<status status="PASS" start="2024-06-15T17:13:25.213411" elapsed="0.000544"/>
</kw>
<kw name="Set Variable" owner="BuiltIn">
<msg time="2024-06-15T17:13:25.214633" level="INFO">${name_title} = Mrs</msg>
<var>${name_title}</var>
<arg>${json_data["results"][0]["name"]["title"]}</arg>
<doc>Returns the given values which can then be assigned to a variables.</doc>
<status status="PASS" start="2024-06-15T17:13:25.214255" elapsed="0.000403"/>
</kw>
<kw name="Create List" owner="BuiltIn">
<msg time="2024-06-15T17:13:25.215104" level="INFO">${allowed_titles} = ['Mr', 'Ms', 'Miss', 'Mrs', 'Madame', 'Monsieur']</msg>
<var>${allowed_titles}</var>
<arg>Mr</arg>
<arg>Ms</arg>
<arg>Miss</arg>
<arg>Mrs</arg>
<arg>Madame</arg>
<arg>Monsieur</arg>
<doc>Returns a list containing given items.</doc>
<status status="PASS" start="2024-06-15T17:13:25.214957" elapsed="0.000171"/>
</kw>
<kw name="List Should Contain Value" owner="Collections">
<arg>${allowed_titles}</arg>
<arg>${name_title}</arg>
<doc>Fails if the ``value`` is not found from ``list``.</doc>
<status status="PASS" start="2024-06-15T17:13:25.215422" elapsed="0.000174"/>
</kw>
<kw name="Set Variable" owner="BuiltIn">
<msg time="2024-06-15T17:13:25.216134" level="INFO">${name_country} = UA</msg>
<var>${name_country}</var>
<arg>${json_data["results"][0]["nat"]}</arg>
<doc>Returns the given values which can then be assigned to a variables.</doc>
<status status="PASS" start="2024-06-15T17:13:25.215771" elapsed="0.000388"/>
</kw>
<kw name="Create List" owner="BuiltIn">
<msg time="2024-06-15T17:13:25.217087" level="INFO">${list_country} = ['AD', 'AE', 'AF', 'AG', 'AI', 'AL', 'AM', 'AO', 'AQ', 'AR', 'AS', 'AT', 'AU', 'AW', 'AX', 'AZ', 'BA', 'BB', 'BD', 'BE', 'BF', 'BG', 'BH', 'BI', 'BJ', 'BL', 'BM', 'BN', 'BO', 'BQ', 'BR', 'BS', 'BT', '...</msg>
<var>${list_country}</var>
<arg>AD</arg>
<arg>AE</arg>
<arg>AF</arg>
<arg>AG</arg>
<arg>AI</arg>
<arg>AL</arg>
<arg>AM</arg>
<arg>AO</arg>
<arg>AQ</arg>
<arg>AR</arg>
<arg>AS</arg>
<arg>AT</arg>
<arg>AU</arg>
<arg>AW</arg>
<arg>AX</arg>
<arg>AZ</arg>
<arg>BA</arg>
<arg>BB</arg>
<arg>BD</arg>
<arg>BE</arg>
<arg>BF</arg>
<arg>BG</arg>
<arg>BH</arg>
<arg>BI</arg>
<arg>BJ</arg>
<arg>BL</arg>
<arg>BM</arg>
<arg>BN</arg>
<arg>BO</arg>
<arg>BQ</arg>
<arg>BR</arg>
<arg>BS</arg>
<arg>BT</arg>
<arg>BV</arg>
<arg>BW</arg>
<arg>BY</arg>
<arg>BZ</arg>
<arg>CA</arg>
<arg>CC</arg>
<arg>CD</arg>
<arg>CF</arg>
<arg>CG</arg>
<arg>CH</arg>
<arg>CI</arg>
<arg>CK</arg>
<arg>CL</arg>
<arg>CM</arg>
<arg>CN</arg>
<arg>CO</arg>
<arg>CR</arg>
<arg>CU</arg>
<arg>CV</arg>
<arg>CW</arg>
<arg>CX</arg>
<arg>CY</arg>
<arg>CZ</arg>
<arg>DE</arg>
<arg>DJ</arg>
<arg>DK</arg>
<arg>DM</arg>
<arg>DO</arg>
<arg>DZ</arg>
<arg>EC</arg>
<arg>EE</arg>
<arg>EG</arg>
<arg>EH</arg>
<arg>ER</arg>
<arg>ES</arg>
<arg>ET</arg>
<arg>FI</arg>
<arg>FJ</arg>
<arg>FK</arg>
<arg>FM</arg>
<arg>FO</arg>
<arg>FR</arg>
<arg>GA</arg>
<arg>GB</arg>
<arg>GD</arg>
<arg>GE</arg>
<arg>GF</arg>
<arg>GG</arg>
<arg>GH</arg>
<arg>GI</arg>
<arg>GL</arg>
<arg>GM</arg>
<arg>GN</arg>
<arg>GP</arg>
<arg>GQ</arg>
<arg>GR</arg>
<arg>GS</arg>
<arg>GT</arg>
<arg>GU</arg>
<arg>GW</arg>
<arg>GY</arg>
<arg>HK</arg>
<arg>HM</arg>
<arg>HN</arg>
<arg>HR</arg>
<arg>HT</arg>
<arg>HU</arg>
<arg>ID</arg>
<arg>IE</arg>
<arg>IL</arg>
<arg>IM</arg>
<arg>IN</arg>
<arg>IO</arg>
<arg>IQ</arg>
<arg>IR</arg>
<arg>IS</arg>
<arg>IT</arg>
<arg>JE</arg>
<arg>JM</arg>
<arg>JO</arg>
<arg>JP</arg>
<arg>KE</arg>
<arg>KG</arg>
<arg>KH</arg>
<arg>KI</arg>
<arg>KM</arg>
<arg>KN</arg>
<arg>KP</arg>
<arg>KR</arg>
<arg>KW</arg>
<arg>KY</arg>
<arg>KZ</arg>
<arg>LA</arg>
<arg>LB</arg>
<arg>LC</arg>
<arg>LI</arg>
<arg>LK</arg>
<arg>LR</arg>
<arg>LS</arg>
<arg>LT</arg>
<arg>LU</arg>
<arg>LV</arg>
<arg>LY</arg>
<arg>MA</arg>
<arg>MC</arg>
<arg>MD</arg>
<arg>ME</arg>
<arg>MF</arg>
<arg>MG</arg>
<arg>MH</arg>
<arg>MK</arg>
<arg>ML</arg>
<arg>MM</arg>
<arg>MN</arg>
<arg>MO</arg>
<arg>MP</arg>
<arg>MQ</arg>
<arg>MR</arg>
<arg>MS</arg>
<arg>MT</arg>
<arg>MU</arg>
<arg>MV</arg>
<arg>MW</arg>
<arg>MX</arg>
<arg>MY</arg>
<arg>MZ</arg>
<arg>NA</arg>
<arg>NC</arg>
<arg>NE</arg>
<arg>NF</arg>
<arg>NG</arg>
<arg>NI</arg>
<arg>NL</arg>
<arg>NO</arg>
<arg>NP</arg>
<arg>NR</arg>
<arg>NU</arg>
<arg>NZ</arg>
<arg>OM</arg>
<arg>PA</arg>
<arg>PE</arg>
<arg>PF</arg>
<arg>PG</arg>
<arg>PH</arg>
<arg>PK</arg>
<arg>PL</arg>
<arg>PM</arg>
<arg>PN</arg>
<arg>PR</arg>
<arg>PS</arg>
<arg>PT</arg>
<arg>PW</arg>
<arg>PY</arg>
<arg>QA</arg>
<arg>RE</arg>
<arg>RO</arg>
<arg>RS</arg>
<arg>RU</arg>
<arg>RW</arg>
<arg>SA</arg>
<arg>SB</arg>
<arg>SC</arg>
<arg>SD</arg>
<arg>SE</arg>
<arg>SG</arg>
<arg>SH</arg>
<arg>SI</arg>
<arg>SJ</arg>
<arg>SK</arg>
<arg>SL</arg>
<arg>SM</arg>
<arg>SN</arg>
<arg>SO</arg>
<arg>SR</arg>
<arg>SS</arg>
<arg>ST</arg>
<arg>SV</arg>
<arg>SX</arg>
<arg>SY</arg>
<arg>SZ</arg>
<arg>TC</arg>
<arg>TD</arg>
<arg>TF</arg>
<arg>TG</arg>
<arg>TH</arg>
<arg>TJ</arg>
<arg>TK</arg>
<arg>TL</arg>
<arg>TM</arg>
<arg>TN</arg>
<arg>TO</arg>
<arg>TR</arg>
<arg>TT</arg>
<arg>TV</arg>
<arg>TW</arg>
<arg>TZ</arg>
<arg>UA</arg>
<arg>UG</arg>
<arg>UM</arg>
<arg>US</arg>
<arg>UY</arg>
<arg>UZ</arg>
<arg>VA</arg>
<arg>VC</arg>
<arg>VE</arg>
<arg>VG</arg>
<arg>VI</arg>
<arg>VN</arg>
<arg>VU</arg>
<arg>WF</arg>
<arg>WS</arg>
<arg>XK</arg>
<arg>YE</arg>
<arg>YT</arg>
<arg>ZA</arg>
<arg>ZM</arg>
<arg>ZW</arg>
<doc>Returns a list containing given items.</doc>
<status status="PASS" start="2024-06-15T17:13:25.216447" elapsed="0.000666"/>
</kw>
<kw name="List Should Contain Value" owner="Collections">
<arg>${list_country}</arg>
<arg>${name_country}</arg>
<doc>Fails if the ``value`` is not found from ``list``.</doc>
<status status="PASS" start="2024-06-15T17:13:25.217916" elapsed="0.000202"/>
</kw>
<kw name="Run Keyword If" owner="BuiltIn">
<kw name="Should Be True" owner="BuiltIn">
<arg>${True}</arg>
<doc>Fails if the given condition is not true.</doc>
<status status="PASS" start="2024-06-15T17:13:25.219184" elapsed="0.000141"/>
</kw>
<arg>${json_data["results"][0]["location"]["coordinates"]["latitude"]} &gt;= -90 and ${json_data["results"][0]["location"]["coordinates"]["latitude"]} &lt;= 90</arg>
<arg>Should Be True</arg>
<arg>${True}</arg>
<doc>Runs the given keyword with the given arguments, if ``condition`` is true.</doc>
<status status="PASS" start="2024-06-15T17:13:25.218316" elapsed="0.001132"/>
</kw>
<kw name="Run Keyword If" owner="BuiltIn">
<kw name="Should Be True" owner="BuiltIn">
<arg>${True}</arg>
<doc>Fails if the given condition is not true.</doc>
<status status="PASS" start="2024-06-15T17:13:25.220476" elapsed="0.000192"/>
</kw>
<arg>${json_data["results"][0]["location"]["coordinates"]["longitude"]} &gt;= -180 and ${json_data["results"][0]["location"]["coordinates"]["longitude"]} &lt;= 180</arg>
<arg>Should Be True</arg>
<arg>${True}</arg>
<doc>Runs the given keyword with the given arguments, if ``condition`` is true.</doc>
<status status="PASS" start="2024-06-15T17:13:25.219640" elapsed="0.001182"/>
</kw>
<status status="PASS" start="2024-06-15T17:13:25.119813" elapsed="0.101148"/>
</kw>
<doc>Testa o conteúdo específico dos campos retornados pela API.</doc>
<tag>testeConteudo</tag>
<status status="PASS" start="2024-06-15T17:13:25.119143" elapsed="0.101972"/>
</test>
<status status="PASS" start="2024-06-15T17:13:24.227762" elapsed="0.995320"/>
</suite>
<status status="PASS" start="2024-06-15T17:13:24.214435" elapsed="1.013732"/>
</suite>
<statistics>
<total>
<stat pass="5" fail="0" skip="0">All Tests</stat>
</total>
<tag>
<stat pass="1" fail="0" skip="0">testeConteudo</stat>
<stat pass="1" fail="0" skip="0">testeEstruturaResposta</stat>
<stat pass="1" fail="0" skip="0">testeRequisicaoBasica</stat>
<stat pass="1" fail="0" skip="0">testeTiposDados</stat>
</tag>
<suite>
<stat pass="5" fail="0" skip="0" id="s1" name="Tests">Tests</stat>
<stat pass="5" fail="0" skip="0" id="s1-s1" name="Random-User-Test">Tests.Random-User-Test</stat>
</suite>
</statistics>
<errors>
</errors>
</robot>
