<?xml version="1.0" encoding="UTF-8"?>
<robot generator="Robot 7.0 (Python 3.12.2 on linux)" generated="2024-04-11T17:13:51.973349" rpa="false" schemaversion="5">
<suite id="s1" name="Tests" source="/home/runner/work/DesafioQAItauRogerioJordao/DesafioQAItauRogerioJordao/RamdonUser/tests">
<suite id="s1-s1" name="Random-User-Test" source="/home/runner/work/DesafioQAItauRogerioJordao/DesafioQAItauRogerioJordao/RamdonUser/tests/random-user-test.robot">
<test id="s1-s1-t1" name="Conectar" line="13">
<kw name="Conectar API" owner="random-user-service">
<kw name="Create Session" owner="RequestsLibrary">
<msg time="2024-04-11T17:13:52.335406" level="INFO">Creating Session using : alias=consultarAPI, url=https://randomuser.me/, headers={},                     cookies={}, auth=None, timeout=None, proxies=None, verify=False,                     debug=0 </msg>
<arg>consultarAPI</arg>
<arg>${URL}</arg>
<doc>Create Session: create a HTTP session to a server</doc>
<status status="PASS" start="2024-04-11T17:13:52.335187" elapsed="0.000406"/>
</kw>
<status status="PASS" start="2024-04-11T17:13:52.334092" elapsed="0.001877"/>
</kw>
<status status="PASS" start="2024-04-11T17:13:52.333496" elapsed="0.002687"/>
</test>
<test id="s1-s1-t2" name="Validar retorno 200 e JSON Válido" line="16">
<kw name="Teste de Requisicao Basica" owner="random-user-service">
<kw name="GET On Session" owner="RequestsLibrary">
<msg time="2024-04-11T17:13:52.566686" level="INFO">GET Request : url=https://randomuser.me/api 
 path_url=/api 
 headers={'User-Agent': 'python-requests/2.31.0', 'Accept-Encoding': 'gzip, deflate', 'Accept': '*/*', 'Connection': 'keep-alive'} 
 body=None 
 </msg>
<msg time="2024-04-11T17:13:52.566847" level="INFO">GET Response : url=https://randomuser.me/api 
 status=200, reason=OK 
 headers={'Date': 'Thu, 11 Apr 2024 17:13:52 GMT', 'Content-Type': 'application/json; charset=utf-8', 'Transfer-Encoding': 'chunked', 'Connection': 'keep-alive', 'X-Powered-By': 'Express', 'Access-Control-Allow-Origin': '*', 'Cache-Control': 'no-cache', 'ETag': 'W/"4a4-7U2aVjZGkqBp+J8PQkmlo5ZN1+U"', 'Vary': 'Accept-Encoding', 'Content-Encoding': 'gzip', 'CF-Cache-Status': 'DYNAMIC', 'Report-To': '{"endpoints":[{"url":"https:\\/\\/a.nel.cloudflare.com\\/report\\/v4?s=YAvm59Cmd99paT0kaqSzx1AmqnpQZg41QCHWTFcOYX9UU73mZ7nRxnCNCnNH5R41CCjgFi%2B2s7OUpuFPpt3Cdp%2BAiIuR2GWTx1mixYYRPf2dZJvLtMVIwlbx3NE1DzUy"}],"group":"cf-nel","max_age":604800}', 'NEL': '{"success_fraction":0,"report_to":"cf-nel","max_age":604800}', 'Server': 'cloudflare', 'CF-RAY': '872c9c16f9cefb30-SJC', 'alt-svc': 'h3=":443"; ma=86400'} 
 body={"results":[{"gender":"male","name":{"title":"Mr","first":"Mauro","last":"Samaniego"},"location":{"street":{"number":4591,"name":"Calle Papua Nueva Guinea"},"city":"Panaba","state":"Sonora","country":"Mexico","postcode":29967,"coordinates":{"latitude":"22.0578","longitude":"-146.8593"},"timezone":{"offset":"+5:00","description":"Ekaterinburg, Islamabad, Karachi, Tashkent"}},"email":"mauro.samaniego@example.com","login":{"uuid":"ada739c3-7019-4811-885e-b3674af39faf","username":"greentiger743","password":"lynn","salt":"CcgMHegd","md5":"ce4880eb637505dc2a968603198da6b3","sha1":"9c1742659690eb13c48a48157bbd8abd5cf5bb8c","sha256":"c7934dd9b06aa18e832f956943cc3b0f27a0ba51078472aa0dc5b0aabe7fce6a"},"dob":{"date":"1955-10-27T10:47:55.850Z","age":68},"registered":{"date":"2009-12-26T06:16:45.938Z","age":14},"phone":"(626) 925 9697","cell":"(650) 682 8038","id":{"name":"NSS","value":"88 84 98 9269 9"},"picture":{"large":"https://randomuser.me/api/portraits/men/46.jpg","medium":"https://randomuser.me/api/portraits/med/men/46.jpg","thumbnail":"https://randomuser.me/api/portraits/thumb/men/46.jpg"},"nat":"MX"}],"info":{"seed":"0a4e4ce75a8a27a1","results":1,"page":1,"version":"1.4"}} 
 </msg>
<msg time="2024-04-11T17:13:52.566938" level="INFO">/opt/hostedtoolcache/Python/3.12.2/x64/lib/python3.12/site-packages/urllib3/connectionpool.py:1103: InsecureRequestWarning: Unverified HTTPS request is being made to host 'randomuser.me'. Adding certificate verification is strongly advised. See: https://urllib3.readthedocs.io/en/latest/advanced-usage.html#tls-warnings
  warnings.warn(</msg>
<msg time="2024-04-11T17:13:52.567080" level="INFO">${response} = &lt;Response [200]&gt;</msg>
<var>${response}</var>
<arg>consultarAPI</arg>
<arg>/api</arg>
<doc>Sends a GET request on a previously created HTTP Session.</doc>
<status status="PASS" start="2024-04-11T17:13:52.338865" elapsed="0.228256"/>
</kw>
<kw name="Should Be Equal As Numbers" owner="BuiltIn">
<msg time="2024-04-11T17:13:52.568212" level="INFO">Argument types are:
&lt;class 'int'&gt;
&lt;class 'str'&gt;</msg>
<arg>${response.status_code}</arg>
<arg>200</arg>
<doc>Fails if objects are unequal after converting them to real numbers.</doc>
<status status="PASS" start="2024-04-11T17:13:52.567725" elapsed="0.000564"/>
</kw>
<kw name="Log" owner="BuiltIn">
<msg time="2024-04-11T17:13:52.569047" level="INFO">200</msg>
<arg>${response.status_code}</arg>
<doc>Logs the given message with the given level.</doc>
<status status="PASS" start="2024-04-11T17:13:52.568658" elapsed="0.000435"/>
</kw>
<kw name="Set Variable" owner="BuiltIn">
<msg time="2024-04-11T17:13:52.569965" level="INFO">${json_data} = {'results': [{'gender': 'male', 'name': {'title': 'Mr', 'first': 'Mauro', 'last': 'Samaniego'}, 'location': {'street': {'number': 4591, 'name': 'Calle Papua Nueva Guinea'}, 'city': 'Panaba', 'state': ...</msg>
<var>${json_data}</var>
<arg>${response.json()}</arg>
<doc>Returns the given values which can then be assigned to a variables.</doc>
<status status="PASS" start="2024-04-11T17:13:52.569504" elapsed="0.000490"/>
</kw>
<kw name="Dictionary Should Contain Key" owner="Collections">
<msg time="2024-04-11T17:13:52.570488" level="INFO">False</msg>
<arg>${json_data}</arg>
<arg>results</arg>
<doc>Fails if ``key`` is not found from ``dictionary``.</doc>
<status status="PASS" start="2024-04-11T17:13:52.570311" elapsed="0.000218"/>
</kw>
<status status="PASS" start="2024-04-11T17:13:52.338604" elapsed="0.232187"/>
</kw>
<doc>Testa se a API responde corretamente e retorna um objeto JSON válido.</doc>
<tag>testeRequisicaoBasica</tag>
<status status="PASS" start="2024-04-11T17:13:52.338095" elapsed="0.232895"/>
</test>
<test id="s1-s1-t3" name="Validar estrutura de resposta" line="22">
<kw name="Teste de Estrutura de Resposta" owner="random-user-service">
<kw name="GET On Session" owner="RequestsLibrary">
<msg time="2024-04-11T17:13:52.659309" level="INFO">GET Request : url=https://randomuser.me/api 
 path_url=/api 
 headers={'User-Agent': 'python-requests/2.31.0', 'Accept-Encoding': 'gzip, deflate', 'Accept': '*/*', 'Connection': 'keep-alive'} 
 body=None 
 </msg>
<msg time="2024-04-11T17:13:52.659427" level="INFO">GET Response : url=https://randomuser.me/api 
 status=200, reason=OK 
 headers={'Date': 'Thu, 11 Apr 2024 17:13:52 GMT', 'Content-Type': 'application/json; charset=utf-8', 'Transfer-Encoding': 'chunked', 'Connection': 'keep-alive', 'X-Powered-By': 'Express', 'Access-Control-Allow-Origin': '*', 'Cache-Control': 'no-cache', 'ETag': 'W/"49a-Vvux0929qFLCTAIrOc6sQzPkSM4"', 'Vary': 'Accept-Encoding', 'Content-Encoding': 'gzip', 'CF-Cache-Status': 'DYNAMIC', 'Report-To': '{"endpoints":[{"url":"https:\\/\\/a.nel.cloudflare.com\\/report\\/v4?s=CklqaPgWSoGhzDwavVphF%2BnvHbnaHpxW0%2BvhbsmP6cP7X5Ff%2BHA0hY52NOJ1c6dcRxROUFh90xwAsGH201eKFXMD2Emn%2BpnJX4i8fJw3OpzrEMUn7oAi17txX292WlY0"}],"group":"cf-nel","max_age":604800}', 'NEL': '{"success_fraction":0,"report_to":"cf-nel","max_age":604800}', 'Server': 'cloudflare', 'CF-RAY': '872c9c179a85fb30-SJC', 'alt-svc': 'h3=":443"; ma=86400'} 
 body={"results":[{"gender":"male","name":{"title":"Mr","first":"Clifton","last":"Ellis"},"location":{"street":{"number":7142,"name":"W Campbell Ave"},"city":"Maitland","state":"Western Australia","country":"Australia","postcode":8164,"coordinates":{"latitude":"-88.9728","longitude":"-36.2905"},"timezone":{"offset":"+11:00","description":"Magadan, Solomon Islands, New Caledonia"}},"email":"clifton.ellis@example.com","login":{"uuid":"33fbe8e6-0e1b-4461-b528-820d740a9243","username":"blacklion584","password":"fatman","salt":"a6fRqzf8","md5":"d642d43d727920a29fdbbde7ed4e454b","sha1":"c416d52340ddc71ff2521171cafa9799de51c866","sha256":"a9545618dad30a4c99e2210832b5b57f7def809dd90a4127a0ea48106f512cb9"},"dob":{"date":"1952-05-27T03:07:09.146Z","age":71},"registered":{"date":"2003-03-15T17:18:50.157Z","age":21},"phone":"04-2065-1322","cell":"0440-471-419","id":{"name":"TFN","value":"339740901"},"picture":{"large":"https://randomuser.me/api/portraits/men/81.jpg","medium":"https://randomuser.me/api/portraits/med/men/81.jpg","thumbnail":"https://randomuser.me/api/portraits/thumb/men/81.jpg"},"nat":"AU"}],"info":{"seed":"cf631871fa6183eb","results":1,"page":1,"version":"1.4"}} 
 </msg>
<msg time="2024-04-11T17:13:52.659600" level="INFO">/opt/hostedtoolcache/Python/3.12.2/x64/lib/python3.12/site-packages/urllib3/connectionpool.py:1103: InsecureRequestWarning: Unverified HTTPS request is being made to host 'randomuser.me'. Adding certificate verification is strongly advised. See: https://urllib3.readthedocs.io/en/latest/advanced-usage.html#tls-warnings
  warnings.warn(</msg>
<msg time="2024-04-11T17:13:52.659748" level="INFO">${response} = &lt;Response [200]&gt;</msg>
<var>${response}</var>
<arg>consultarAPI</arg>
<arg>/api</arg>
<doc>Sends a GET request on a previously created HTTP Session.</doc>
<status status="PASS" start="2024-04-11T17:13:52.573857" elapsed="0.085944"/>
</kw>
<kw name="Set Variable" owner="BuiltIn">
<msg time="2024-04-11T17:13:52.660907" level="INFO">${json_data} = {'results': [{'gender': 'male', 'name': {'title': 'Mr', 'first': 'Clifton', 'last': 'Ellis'}, 'location': {'street': {'number': 7142, 'name': 'W Campbell Ave'}, 'city': 'Maitland', 'state': 'Western A...</msg>
<var>${json_data}</var>
<arg>${response.json()}</arg>
<doc>Returns the given values which can then be assigned to a variables.</doc>
<status status="PASS" start="2024-04-11T17:13:52.660353" elapsed="0.000584"/>
</kw>
<kw name="Log" owner="BuiltIn">
<msg time="2024-04-11T17:13:52.661533" level="INFO">{'results': [{'gender': 'male', 'name': {'title': 'Mr', 'first': 'Clifton', 'last': 'Ellis'}, 'location': {'street': {'number': 7142, 'name': 'W Campbell Ave'}, 'city': 'Maitland', 'state': 'Western Australia', 'country': 'Australia', 'postcode': 8164, 'coordinates': {'latitude': '-88.9728', 'longitude': '-36.2905'}, 'timezone': {'offset': '+11:00', 'description': 'Magadan, Solomon Islands, New Caledonia'}}, 'email': 'clifton.ellis@example.com', 'login': {'uuid': '33fbe8e6-0e1b-4461-b528-820d740a9243', 'username': 'blacklion584', 'password': 'fatman', 'salt': 'a6fRqzf8', 'md5': 'd642d43d727920a29fdbbde7ed4e454b', 'sha1': 'c416d52340ddc71ff2521171cafa9799de51c866', 'sha256': 'a9545618dad30a4c99e2210832b5b57f7def809dd90a4127a0ea48106f512cb9'}, 'dob': {'date': '1952-05-27T03:07:09.146Z', 'age': 71}, 'registered': {'date': '2003-03-15T17:18:50.157Z', 'age': 21}, 'phone': '04-2065-1322', 'cell': '0440-471-419', 'id': {'name': 'TFN', 'value': '339740901'}, 'picture': {'large': 'https://randomuser.me/api/portraits/men/81.jpg', 'medium': 'https://randomuser.me/api/portraits/med/men/81.jpg', 'thumbnail': 'https://randomuser.me/api/portraits/thumb/men/81.jpg'}, 'nat': 'AU'}], 'info': {'seed': 'cf631871fa6183eb', 'results': 1, 'page': 1, 'version': '1.4'}}</msg>
<arg>${json_data}</arg>
<doc>Logs the given message with the given level.</doc>
<status status="PASS" start="2024-04-11T17:13:52.661340" elapsed="0.000244"/>
</kw>
<kw name="Dictionary Should Contain Key" owner="Collections">
<msg time="2024-04-11T17:13:52.662078" level="INFO">False</msg>
<arg>${json_data}</arg>
<arg>results</arg>
<doc>Fails if ``key`` is not found from ``dictionary``.</doc>
<status status="PASS" start="2024-04-11T17:13:52.661908" elapsed="0.000209"/>
</kw>
<kw name="Should Not Be Empty" owner="BuiltIn">
<msg time="2024-04-11T17:13:52.662562" level="INFO">Length is 2.</msg>
<arg>${json_data}</arg>
<doc>Verifies that the given item is not empty.</doc>
<status status="PASS" start="2024-04-11T17:13:52.662424" elapsed="0.000178"/>
</kw>
<kw name="Create List" owner="BuiltIn">
<msg time="2024-04-11T17:13:52.663057" level="INFO">${expected_keys} = ['gender', 'name', 'location', 'email', 'login']</msg>
<var>${expected_keys}</var>
<arg>gender</arg>
<arg>name</arg>
<arg>location</arg>
<arg>email</arg>
<arg>login</arg>
<doc>Returns a list containing given items.</doc>
<status status="PASS" start="2024-04-11T17:13:52.662905" elapsed="0.000177"/>
</kw>
<for flavor="IN">
<iter>
<kw name="Dictionary Should Contain Key" owner="Collections">
<msg time="2024-04-11T17:13:52.664103" level="INFO">False</msg>
<arg>${json_data['results'][0]}</arg>
<arg>${key}</arg>
<doc>Fails if ``key`` is not found from ``dictionary``.</doc>
<status status="PASS" start="2024-04-11T17:13:52.663676" elapsed="0.000469"/>
</kw>
<kw name="Log" owner="BuiltIn">
<msg time="2024-04-11T17:13:52.664837" level="INFO">{'gender': 'male', 'name': {'title': 'Mr', 'first': 'Clifton', 'last': 'Ellis'}, 'location': {'street': {'number': 7142, 'name': 'W Campbell Ave'}, 'city': 'Maitland', 'state': 'Western Australia', 'country': 'Australia', 'postcode': 8164, 'coordinates': {'latitude': '-88.9728', 'longitude': '-36.2905'}, 'timezone': {'offset': '+11:00', 'description': 'Magadan, Solomon Islands, New Caledonia'}}, 'email': 'clifton.ellis@example.com', 'login': {'uuid': '33fbe8e6-0e1b-4461-b528-820d740a9243', 'username': 'blacklion584', 'password': 'fatman', 'salt': 'a6fRqzf8', 'md5': 'd642d43d727920a29fdbbde7ed4e454b', 'sha1': 'c416d52340ddc71ff2521171cafa9799de51c866', 'sha256': 'a9545618dad30a4c99e2210832b5b57f7def809dd90a4127a0ea48106f512cb9'}, 'dob': {'date': '1952-05-27T03:07:09.146Z', 'age': 71}, 'registered': {'date': '2003-03-15T17:18:50.157Z', 'age': 21}, 'phone': '04-2065-1322', 'cell': '0440-471-419', 'id': {'name': 'TFN', 'value': '339740901'}, 'picture': {'large': 'https://randomuser.me/api/portraits/men/81.jpg', 'medium': 'https://randomuser.me/api/portraits/med/men/81.jpg', 'thumbnail': 'https://randomuser.me/api/portraits/thumb/men/81.jpg'}, 'nat': 'AU'}</msg>
<arg>${json_data['results'][0]}</arg>
<doc>Logs the given message with the given level.</doc>
<status status="PASS" start="2024-04-11T17:13:52.664460" elapsed="0.000426"/>
</kw>
<kw name="Log" owner="BuiltIn">
<msg time="2024-04-11T17:13:52.665341" level="INFO">gender</msg>
<arg>${key}</arg>
<doc>Logs the given message with the given level.</doc>
<status status="PASS" start="2024-04-11T17:13:52.665190" elapsed="0.000191"/>
</kw>
<var name="${key}">gender</var>
<status status="PASS" start="2024-04-11T17:13:52.663548" elapsed="0.002060"/>
</iter>
<iter>
<kw name="Dictionary Should Contain Key" owner="Collections">
<msg time="2024-04-11T17:13:52.666316" level="INFO">False</msg>
<arg>${json_data['results'][0]}</arg>
<arg>${key}</arg>
<doc>Fails if ``key`` is not found from ``dictionary``.</doc>
<status status="PASS" start="2024-04-11T17:13:52.665922" elapsed="0.000433"/>
</kw>
<kw name="Log" owner="BuiltIn">
<msg time="2024-04-11T17:13:52.667064" level="INFO">{'gender': 'male', 'name': {'title': 'Mr', 'first': 'Clifton', 'last': 'Ellis'}, 'location': {'street': {'number': 7142, 'name': 'W Campbell Ave'}, 'city': 'Maitland', 'state': 'Western Australia', 'country': 'Australia', 'postcode': 8164, 'coordinates': {'latitude': '-88.9728', 'longitude': '-36.2905'}, 'timezone': {'offset': '+11:00', 'description': 'Magadan, Solomon Islands, New Caledonia'}}, 'email': 'clifton.ellis@example.com', 'login': {'uuid': '33fbe8e6-0e1b-4461-b528-820d740a9243', 'username': 'blacklion584', 'password': 'fatman', 'salt': 'a6fRqzf8', 'md5': 'd642d43d727920a29fdbbde7ed4e454b', 'sha1': 'c416d52340ddc71ff2521171cafa9799de51c866', 'sha256': 'a9545618dad30a4c99e2210832b5b57f7def809dd90a4127a0ea48106f512cb9'}, 'dob': {'date': '1952-05-27T03:07:09.146Z', 'age': 71}, 'registered': {'date': '2003-03-15T17:18:50.157Z', 'age': 21}, 'phone': '04-2065-1322', 'cell': '0440-471-419', 'id': {'name': 'TFN', 'value': '339740901'}, 'picture': {'large': 'https://randomuser.me/api/portraits/men/81.jpg', 'medium': 'https://randomuser.me/api/portraits/med/men/81.jpg', 'thumbnail': 'https://randomuser.me/api/portraits/thumb/men/81.jpg'}, 'nat': 'AU'}</msg>
<arg>${json_data['results'][0]}</arg>
<doc>Logs the given message with the given level.</doc>
<status status="PASS" start="2024-04-11T17:13:52.666698" elapsed="0.000415"/>
</kw>
<kw name="Log" owner="BuiltIn">
<msg time="2024-04-11T17:13:52.667539" level="INFO">name</msg>
<arg>${key}</arg>
<doc>Logs the given message with the given level.</doc>
<status status="PASS" start="2024-04-11T17:13:52.667412" elapsed="0.000165"/>
</kw>
<var name="${key}">name</var>
<status status="PASS" start="2024-04-11T17:13:52.665806" elapsed="0.001987"/>
</iter>
<iter>
<kw name="Dictionary Should Contain Key" owner="Collections">
<msg time="2024-04-11T17:13:52.668470" level="INFO">False</msg>
<arg>${json_data['results'][0]}</arg>
<arg>${key}</arg>
<doc>Fails if ``key`` is not found from ``dictionary``.</doc>
<status status="PASS" start="2024-04-11T17:13:52.668089" elapsed="0.000419"/>
</kw>
<kw name="Log" owner="BuiltIn">
<msg time="2024-04-11T17:13:52.669169" level="INFO">{'gender': 'male', 'name': {'title': 'Mr', 'first': 'Clifton', 'last': 'Ellis'}, 'location': {'street': {'number': 7142, 'name': 'W Campbell Ave'}, 'city': 'Maitland', 'state': 'Western Australia', 'country': 'Australia', 'postcode': 8164, 'coordinates': {'latitude': '-88.9728', 'longitude': '-36.2905'}, 'timezone': {'offset': '+11:00', 'description': 'Magadan, Solomon Islands, New Caledonia'}}, 'email': 'clifton.ellis@example.com', 'login': {'uuid': '33fbe8e6-0e1b-4461-b528-820d740a9243', 'username': 'blacklion584', 'password': 'fatman', 'salt': 'a6fRqzf8', 'md5': 'd642d43d727920a29fdbbde7ed4e454b', 'sha1': 'c416d52340ddc71ff2521171cafa9799de51c866', 'sha256': 'a9545618dad30a4c99e2210832b5b57f7def809dd90a4127a0ea48106f512cb9'}, 'dob': {'date': '1952-05-27T03:07:09.146Z', 'age': 71}, 'registered': {'date': '2003-03-15T17:18:50.157Z', 'age': 21}, 'phone': '04-2065-1322', 'cell': '0440-471-419', 'id': {'name': 'TFN', 'value': '339740901'}, 'picture': {'large': 'https://randomuser.me/api/portraits/men/81.jpg', 'medium': 'https://randomuser.me/api/portraits/med/men/81.jpg', 'thumbnail': 'https://randomuser.me/api/portraits/thumb/men/81.jpg'}, 'nat': 'AU'}</msg>
<arg>${json_data['results'][0]}</arg>
<doc>Logs the given message with the given level.</doc>
<status status="PASS" start="2024-04-11T17:13:52.668812" elapsed="0.000414"/>
</kw>
<kw name="Log" owner="BuiltIn">
<msg time="2024-04-11T17:13:52.669678" level="INFO">location</msg>
<arg>${key}</arg>
<doc>Logs the given message with the given level.</doc>
<status status="PASS" start="2024-04-11T17:13:52.669552" elapsed="0.000165"/>
</kw>
<var name="${key}">location</var>
<status status="PASS" start="2024-04-11T17:13:52.667977" elapsed="0.001954"/>
</iter>
<iter>
<kw name="Dictionary Should Contain Key" owner="Collections">
<msg time="2024-04-11T17:13:52.670596" level="INFO">False</msg>
<arg>${json_data['results'][0]}</arg>
<arg>${key}</arg>
<doc>Fails if ``key`` is not found from ``dictionary``.</doc>
<status status="PASS" start="2024-04-11T17:13:52.670216" elapsed="0.000420"/>
</kw>
<kw name="Log" owner="BuiltIn">
<msg time="2024-04-11T17:13:52.671302" level="INFO">{'gender': 'male', 'name': {'title': 'Mr', 'first': 'Clifton', 'last': 'Ellis'}, 'location': {'street': {'number': 7142, 'name': 'W Campbell Ave'}, 'city': 'Maitland', 'state': 'Western Australia', 'country': 'Australia', 'postcode': 8164, 'coordinates': {'latitude': '-88.9728', 'longitude': '-36.2905'}, 'timezone': {'offset': '+11:00', 'description': 'Magadan, Solomon Islands, New Caledonia'}}, 'email': 'clifton.ellis@example.com', 'login': {'uuid': '33fbe8e6-0e1b-4461-b528-820d740a9243', 'username': 'blacklion584', 'password': 'fatman', 'salt': 'a6fRqzf8', 'md5': 'd642d43d727920a29fdbbde7ed4e454b', 'sha1': 'c416d52340ddc71ff2521171cafa9799de51c866', 'sha256': 'a9545618dad30a4c99e2210832b5b57f7def809dd90a4127a0ea48106f512cb9'}, 'dob': {'date': '1952-05-27T03:07:09.146Z', 'age': 71}, 'registered': {'date': '2003-03-15T17:18:50.157Z', 'age': 21}, 'phone': '04-2065-1322', 'cell': '0440-471-419', 'id': {'name': 'TFN', 'value': '339740901'}, 'picture': {'large': 'https://randomuser.me/api/portraits/men/81.jpg', 'medium': 'https://randomuser.me/api/portraits/med/men/81.jpg', 'thumbnail': 'https://randomuser.me/api/portraits/thumb/men/81.jpg'}, 'nat': 'AU'}</msg>
<arg>${json_data['results'][0]}</arg>
<doc>Logs the given message with the given level.</doc>
<status status="PASS" start="2024-04-11T17:13:52.670941" elapsed="0.000409"/>
</kw>
<kw name="Log" owner="BuiltIn">
<msg time="2024-04-11T17:13:52.671784" level="INFO">email</msg>
<arg>${key}</arg>
<doc>Logs the given message with the given level.</doc>
<status status="PASS" start="2024-04-11T17:13:52.671656" elapsed="0.000167"/>
</kw>
<var name="${key}">email</var>
<status status="PASS" start="2024-04-11T17:13:52.670106" elapsed="0.001931"/>
</iter>
<iter>
<kw name="Dictionary Should Contain Key" owner="Collections">
<msg time="2024-04-11T17:13:52.672696" level="INFO">False</msg>
<arg>${json_data['results'][0]}</arg>
<arg>${key}</arg>
<doc>Fails if ``key`` is not found from ``dictionary``.</doc>
<status status="PASS" start="2024-04-11T17:13:52.672326" elapsed="0.000408"/>
</kw>
<kw name="Log" owner="BuiltIn">
<msg time="2024-04-11T17:13:52.673424" level="INFO">{'gender': 'male', 'name': {'title': 'Mr', 'first': 'Clifton', 'last': 'Ellis'}, 'location': {'street': {'number': 7142, 'name': 'W Campbell Ave'}, 'city': 'Maitland', 'state': 'Western Australia', 'country': 'Australia', 'postcode': 8164, 'coordinates': {'latitude': '-88.9728', 'longitude': '-36.2905'}, 'timezone': {'offset': '+11:00', 'description': 'Magadan, Solomon Islands, New Caledonia'}}, 'email': 'clifton.ellis@example.com', 'login': {'uuid': '33fbe8e6-0e1b-4461-b528-820d740a9243', 'username': 'blacklion584', 'password': 'fatman', 'salt': 'a6fRqzf8', 'md5': 'd642d43d727920a29fdbbde7ed4e454b', 'sha1': 'c416d52340ddc71ff2521171cafa9799de51c866', 'sha256': 'a9545618dad30a4c99e2210832b5b57f7def809dd90a4127a0ea48106f512cb9'}, 'dob': {'date': '1952-05-27T03:07:09.146Z', 'age': 71}, 'registered': {'date': '2003-03-15T17:18:50.157Z', 'age': 21}, 'phone': '04-2065-1322', 'cell': '0440-471-419', 'id': {'name': 'TFN', 'value': '339740901'}, 'picture': {'large': 'https://randomuser.me/api/portraits/men/81.jpg', 'medium': 'https://randomuser.me/api/portraits/med/men/81.jpg', 'thumbnail': 'https://randomuser.me/api/portraits/thumb/men/81.jpg'}, 'nat': 'AU'}</msg>
<arg>${json_data['results'][0]}</arg>
<doc>Logs the given message with the given level.</doc>
<status status="PASS" start="2024-04-11T17:13:52.673033" elapsed="0.000439"/>
</kw>
<kw name="Log" owner="BuiltIn">
<msg time="2024-04-11T17:13:52.673898" level="INFO">login</msg>
<arg>${key}</arg>
<doc>Logs the given message with the given level.</doc>
<status status="PASS" start="2024-04-11T17:13:52.673771" elapsed="0.000166"/>
</kw>
<var name="${key}">login</var>
<status status="PASS" start="2024-04-11T17:13:52.672216" elapsed="0.001962"/>
</iter>
<var>${key}</var>
<value>@{expected_keys}</value>
<status status="PASS" start="2024-04-11T17:13:52.663348" elapsed="0.010975"/>
</for>
<kw name="Create List" owner="BuiltIn">
<msg time="2024-04-11T17:13:52.674670" level="INFO">${expected_keysTwo} = ['username', 'password']</msg>
<var>${expected_keysTwo}</var>
<arg>username</arg>
<arg>password</arg>
<doc>Returns a list containing given items.</doc>
<status status="PASS" start="2024-04-11T17:13:52.674530" elapsed="0.000164"/>
</kw>
<for flavor="IN">
<iter>
<kw name="Dictionary Should Contain Key" owner="Collections">
<msg time="2024-04-11T17:13:52.675707" level="INFO">False</msg>
<arg>${json_data['results'][0]['login']}</arg>
<arg>${keyTwo}</arg>
<doc>Fails if ``key`` is not found from ``dictionary``.</doc>
<status status="PASS" start="2024-04-11T17:13:52.675321" elapsed="0.000425"/>
</kw>
<kw name="Dictionary Should Contain Key" owner="Collections">
<msg time="2024-04-11T17:13:52.676433" level="INFO">False</msg>
<arg>${json_data['results'][0]['login']}</arg>
<arg>${keyTwo}</arg>
<doc>Fails if ``key`` is not found from ``dictionary``.</doc>
<status status="PASS" start="2024-04-11T17:13:52.676046" elapsed="0.000425"/>
</kw>
<kw name="Log" owner="BuiltIn">
<msg time="2024-04-11T17:13:52.676895" level="INFO">username</msg>
<arg>${keyTwo}</arg>
<doc>Logs the given message with the given level.</doc>
<status status="PASS" start="2024-04-11T17:13:52.676766" elapsed="0.000166"/>
</kw>
<var name="${keyTwo}">username</var>
<status status="PASS" start="2024-04-11T17:13:52.675205" elapsed="0.001941"/>
</iter>
<iter>
<kw name="Dictionary Should Contain Key" owner="Collections">
<msg time="2024-04-11T17:13:52.677844" level="INFO">False</msg>
<arg>${json_data['results'][0]['login']}</arg>
<arg>${keyTwo}</arg>
<doc>Fails if ``key`` is not found from ``dictionary``.</doc>
<status status="PASS" start="2024-04-11T17:13:52.677465" elapsed="0.000417"/>
</kw>
<kw name="Dictionary Should Contain Key" owner="Collections">
<msg time="2024-04-11T17:13:52.678551" level="INFO">False</msg>
<arg>${json_data['results'][0]['login']}</arg>
<arg>${keyTwo}</arg>
<doc>Fails if ``key`` is not found from ``dictionary``.</doc>
<status status="PASS" start="2024-04-11T17:13:52.678174" elapsed="0.000414"/>
</kw>
<kw name="Log" owner="BuiltIn">
<msg time="2024-04-11T17:13:52.679002" level="INFO">password</msg>
<arg>${keyTwo}</arg>
<doc>Logs the given message with the given level.</doc>
<status status="PASS" start="2024-04-11T17:13:52.678878" elapsed="0.000163"/>
</kw>
<var name="${keyTwo}">password</var>
<status status="PASS" start="2024-04-11T17:13:52.677353" elapsed="0.001903"/>
</iter>
<var>${keyTwo}</var>
<value>@{expected_keysTwo}</value>
<status status="PASS" start="2024-04-11T17:13:52.674938" elapsed="0.004439"/>
</for>
<status status="PASS" start="2024-04-11T17:13:52.573607" elapsed="0.105914"/>
</kw>
<doc>Testa a estrutura da resposta da API.</doc>
<tag>testeEstruturaResposta</tag>
<status status="PASS" start="2024-04-11T17:13:52.572866" elapsed="0.106822"/>
</test>
<test id="s1-s1-t4" name="Validar tipos de dados" line="28">
<kw name="Teste de Tipos de Dados" owner="random-user-service">
<kw name="GET On Session" owner="RequestsLibrary">
<msg time="2024-04-11T17:13:52.767381" level="INFO">GET Request : url=https://randomuser.me/api 
 path_url=/api 
 headers={'User-Agent': 'python-requests/2.31.0', 'Accept-Encoding': 'gzip, deflate', 'Accept': '*/*', 'Connection': 'keep-alive'} 
 body=None 
 </msg>
<msg time="2024-04-11T17:13:52.767490" level="INFO">GET Response : url=https://randomuser.me/api 
 status=200, reason=OK 
 headers={'Date': 'Thu, 11 Apr 2024 17:13:52 GMT', 'Content-Type': 'application/json; charset=utf-8', 'Transfer-Encoding': 'chunked', 'Connection': 'keep-alive', 'X-Powered-By': 'Express', 'Access-Control-Allow-Origin': '*', 'Cache-Control': 'no-cache', 'ETag': 'W/"47c-isSwlkauCVPgL6IIYjQrppPlOfk"', 'Vary': 'Accept-Encoding', 'Content-Encoding': 'gzip', 'CF-Cache-Status': 'DYNAMIC', 'Report-To': '{"endpoints":[{"url":"https:\\/\\/a.nel.cloudflare.com\\/report\\/v4?s=BUyVXpD89wSqjq2ycZHtYKEDKySSnr4yzYTSdNb3bb4FxsvWnRrg1UCihXtM%2B6YUvAatRADcv15nJxgfdt4SY%2FCipDzUgUHUpVZLHQ1xk5G2WgPUVwRyVvEbp%2FjrgRzk"}],"group":"cf-nel","max_age":604800}', 'NEL': '{"success_fraction":0,"report_to":"cf-nel","max_age":604800}', 'Server': 'cloudflare', 'CF-RAY': '872c9c184b1bfb30-SJC', 'alt-svc': 'h3=":443"; ma=86400'} 
 body={"results":[{"gender":"female","name":{"title":"Miss","first":"Ann","last":"Daniels"},"location":{"street":{"number":3929,"name":"Karen Dr"},"city":"Ballarat","state":"Victoria","country":"Australia","postcode":5219,"coordinates":{"latitude":"-87.7041","longitude":"109.4326"},"timezone":{"offset":"-12:00","description":"Eniwetok, Kwajalein"}},"email":"ann.daniels@example.com","login":{"uuid":"0300661d-dbbc-4345-9e4b-505e9d1941b2","username":"redfrog130","password":"deeznuts","salt":"TUWnqvg3","md5":"34e78da7ae1a02fb82f98712b137632e","sha1":"25b5f2a553ee95a25533dbfe3ff804bfb6957f85","sha256":"0128f6e336c80263c027a57b44efc07dae090f50f16b69eedfcc323c24392a64"},"dob":{"date":"1965-10-24T12:34:09.319Z","age":58},"registered":{"date":"2020-11-15T00:32:36.870Z","age":3},"phone":"08-1530-7143","cell":"0404-856-043","id":{"name":"TFN","value":"872190610"},"picture":{"large":"https://randomuser.me/api/portraits/women/58.jpg","medium":"https://randomuser.me/api/portraits/med/women/58.jpg","thumbnail":"https://randomuser.me/api/portraits/thumb/women/58.jpg"},"nat":"AU"}],"info":{"seed":"7ab22e3a4cff2872","results":1,"page":1,"version":"1.4"}} 
 </msg>
<msg time="2024-04-11T17:13:52.767573" level="INFO">/opt/hostedtoolcache/Python/3.12.2/x64/lib/python3.12/site-packages/urllib3/connectionpool.py:1103: InsecureRequestWarning: Unverified HTTPS request is being made to host 'randomuser.me'. Adding certificate verification is strongly advised. See: https://urllib3.readthedocs.io/en/latest/advanced-usage.html#tls-warnings
  warnings.warn(</msg>
<msg time="2024-04-11T17:13:52.767702" level="INFO">${response} = &lt;Response [200]&gt;</msg>
<var>${response}</var>
<arg>consultarAPI</arg>
<arg>/api</arg>
<doc>Sends a GET request on a previously created HTTP Session.</doc>
<status status="PASS" start="2024-04-11T17:13:52.682207" elapsed="0.085534"/>
</kw>
<kw name="Set Variable" owner="BuiltIn">
<msg time="2024-04-11T17:13:52.768851" level="INFO">${json_data} = {'results': [{'gender': 'female', 'name': {'title': 'Miss', 'first': 'Ann', 'last': 'Daniels'}, 'location': {'street': {'number': 3929, 'name': 'Karen Dr'}, 'city': 'Ballarat', 'state': 'Victoria', 'c...</msg>
<var>${json_data}</var>
<arg>${response.json()}</arg>
<doc>Returns the given values which can then be assigned to a variables.</doc>
<status status="PASS" start="2024-04-11T17:13:52.768305" elapsed="0.000575"/>
</kw>
<kw name="Log" owner="BuiltIn">
<msg time="2024-04-11T17:13:52.769443" level="INFO">{'results': [{'gender': 'female', 'name': {'title': 'Miss', 'first': 'Ann', 'last': 'Daniels'}, 'location': {'street': {'number': 3929, 'name': 'Karen Dr'}, 'city': 'Ballarat', 'state': 'Victoria', 'country': 'Australia', 'postcode': 5219, 'coordinates': {'latitude': '-87.7041', 'longitude': '109.4326'}, 'timezone': {'offset': '-12:00', 'description': 'Eniwetok, Kwajalein'}}, 'email': 'ann.daniels@example.com', 'login': {'uuid': '0300661d-dbbc-4345-9e4b-505e9d1941b2', 'username': 'redfrog130', 'password': 'deeznuts', 'salt': 'TUWnqvg3', 'md5': '34e78da7ae1a02fb82f98712b137632e', 'sha1': '25b5f2a553ee95a25533dbfe3ff804bfb6957f85', 'sha256': '0128f6e336c80263c027a57b44efc07dae090f50f16b69eedfcc323c24392a64'}, 'dob': {'date': '1965-10-24T12:34:09.319Z', 'age': 58}, 'registered': {'date': '2020-11-15T00:32:36.870Z', 'age': 3}, 'phone': '08-1530-7143', 'cell': '0404-856-043', 'id': {'name': 'TFN', 'value': '872190610'}, 'picture': {'large': 'https://randomuser.me/api/portraits/women/58.jpg', 'medium': 'https://randomuser.me/api/portraits/med/women/58.jpg', 'thumbnail': 'https://randomuser.me/api/portraits/thumb/women/58.jpg'}, 'nat': 'AU'}], 'info': {'seed': '7ab22e3a4cff2872', 'results': 1, 'page': 1, 'version': '1.4'}}</msg>
<arg>${json_data}</arg>
<doc>Logs the given message with the given level.</doc>
<status status="PASS" start="2024-04-11T17:13:52.769235" elapsed="0.000298"/>
</kw>
<kw name="Should Be String" owner="String">
<arg>${json_data['results'][0]['gender']}</arg>
<doc>Fails if the given ``item`` is not a string.</doc>
<status status="PASS" start="2024-04-11T17:13:52.769852" elapsed="0.000387"/>
</kw>
<kw name="Should Match Regexp" owner="BuiltIn">
<arg>${json_data['results'][0]['email']}</arg>
<arg>^[a-zA-Z0-9._%+-]+@[a-zA-Z0-9.-]+\.[a-zA-Z]{2,}$</arg>
<doc>Fails if ``string`` does not match ``pattern`` as a regular expression.</doc>
<status status="PASS" start="2024-04-11T17:13:52.770436" elapsed="0.000524"/>
</kw>
<kw name="Should Match Regexp" owner="BuiltIn">
<arg>${json_data['results'][0]['dob']['date']}</arg>
<arg>\\d{4}-\\d{2}-\\d{2}T\\d{2}:\\d{2}:\\d{2}\\.\\d{3}Z</arg>
<doc>Fails if ``string`` does not match ``pattern`` as a regular expression.</doc>
<status status="PASS" start="2024-04-11T17:13:52.771159" elapsed="0.000505"/>
</kw>
<kw name="Should Match Regexp" owner="BuiltIn">
<arg>${json_data['results'][0]['registered']['date']}</arg>
<arg>\\d{4}-\\d{2}-\\d{2}T\\d{2}:\\d{2}:\\d{2}\\.\\d{3}Z</arg>
<doc>Fails if ``string`` does not match ``pattern`` as a regular expression.</doc>
<status status="PASS" start="2024-04-11T17:13:52.771870" elapsed="0.000381"/>
</kw>
<kw name="Should Match Regexp" owner="BuiltIn">
<arg>${json_data['results'][0]['picture']['large']}</arg>
<arg>^https?://.*\.(?:png|jpe?g|gif|bmp)$</arg>
<doc>Fails if ``string`` does not match ``pattern`` as a regular expression.</doc>
<status status="PASS" start="2024-04-11T17:13:52.772440" elapsed="0.000462"/>
</kw>
<kw name="Should Match Regexp" owner="BuiltIn">
<arg>${json_data['results'][0]['picture']['medium']}</arg>
<arg>^https?://.*\.(?:png|jpe?g|gif|bmp)$</arg>
<doc>Fails if ``string`` does not match ``pattern`` as a regular expression.</doc>
<status status="PASS" start="2024-04-11T17:13:52.773095" elapsed="0.000399"/>
</kw>
<kw name="Should Match Regexp" owner="BuiltIn">
<arg>${json_data['results'][0]['picture']['thumbnail']}</arg>
<arg>^https?://.*\.(?:png|jpe?g|gif|bmp)$</arg>
<doc>Fails if ``string`` does not match ``pattern`` as a regular expression.</doc>
<status status="PASS" start="2024-04-11T17:13:52.773683" elapsed="0.000358"/>
</kw>
<kw name="Log" owner="BuiltIn">
<msg time="2024-04-11T17:13:52.774554" level="INFO">{'large': 'https://randomuser.me/api/portraits/women/58.jpg', 'medium': 'https://randomuser.me/api/portraits/med/women/58.jpg', 'thumbnail': 'https://randomuser.me/api/portraits/thumb/women/58.jpg'}</msg>
<arg>${json_data['results'][0]['picture']}</arg>
<doc>Logs the given message with the given level.</doc>
<status status="PASS" start="2024-04-11T17:13:52.774224" elapsed="0.000373"/>
</kw>
<status status="PASS" start="2024-04-11T17:13:52.681965" elapsed="0.092894"/>
</kw>
<kw name="Teste de Tipos de Dados - Postcode" owner="random-user-service">
<kw name="GET On Session" owner="RequestsLibrary">
<msg time="2024-04-11T17:13:52.909976" level="INFO">GET Request : url=https://randomuser.me/api 
 path_url=/api 
 headers={'User-Agent': 'python-requests/2.31.0', 'Accept-Encoding': 'gzip, deflate', 'Accept': '*/*', 'Connection': 'keep-alive'} 
 body=None 
 </msg>
<msg time="2024-04-11T17:13:52.910090" level="INFO">GET Response : url=https://randomuser.me/api 
 status=200, reason=OK 
 headers={'Date': 'Thu, 11 Apr 2024 17:13:52 GMT', 'Content-Type': 'application/json; charset=utf-8', 'Transfer-Encoding': 'chunked', 'Connection': 'keep-alive', 'X-Powered-By': 'Express', 'Access-Control-Allow-Origin': '*', 'Cache-Control': 'no-cache', 'ETag': 'W/"484-ScWdBXfnFYkPmyfDNmKrsBosfuc"', 'Vary': 'Accept-Encoding', 'Content-Encoding': 'gzip', 'CF-Cache-Status': 'DYNAMIC', 'Report-To': '{"endpoints":[{"url":"https:\\/\\/a.nel.cloudflare.com\\/report\\/v4?s=9TCfR2rOtLtBP5eqjbUFnUbY3vA17HLs%2BmMVUe2wwe5VclYnSsVvv4ki8DGRHN3SNVEpjmPpAJRdzRIr0XBR%2FYvnd6oMoLWfGZLFPMQfg%2F0ZUL3bwhesV%2BVE27L%2F931y"}],"group":"cf-nel","max_age":604800}', 'NEL': '{"success_fraction":0,"report_to":"cf-nel","max_age":604800}', 'Server': 'cloudflare', 'CF-RAY': '872c9c18eba8fb30-SJC', 'alt-svc': 'h3=":443"; ma=86400'} 
 body={"results":[{"gender":"female","name":{"title":"Mrs","first":"Tammy","last":"Curtis"},"location":{"street":{"number":67,"name":"O'Connell Avenue"},"city":"Sallins","state":"Galway City","country":"Ireland","postcode":56406,"coordinates":{"latitude":"-2.6826","longitude":"4.6548"},"timezone":{"offset":"+6:00","description":"Almaty, Dhaka, Colombo"}},"email":"tammy.curtis@example.com","login":{"uuid":"f38c08d5-82e3-4ece-8b62-e4ec77a0020d","username":"blacktiger354","password":"heka6w2","salt":"i6o4W3cQ","md5":"0e16c0c8246bea9c5715014b67307ad7","sha1":"5b4d0c88bfd6c98328ff469ed7dc14aee2bda592","sha256":"2e0846e9a03c097876528cf0e1bf1e81cd3b15cfa9ad8afd1f18bfd204c34e1c"},"dob":{"date":"1996-03-30T23:06:51.083Z","age":28},"registered":{"date":"2018-02-10T21:24:39.694Z","age":6},"phone":"041-600-1082","cell":"081-191-2762","id":{"name":"PPS","value":"4304192T"},"picture":{"large":"https://randomuser.me/api/portraits/women/43.jpg","medium":"https://randomuser.me/api/portraits/med/women/43.jpg","thumbnail":"https://randomuser.me/api/portraits/thumb/women/43.jpg"},"nat":"IE"}],"info":{"seed":"ab99214d197f8275","results":1,"page":1,"version":"1.4"}} 
 </msg>
<msg time="2024-04-11T17:13:52.910194" level="INFO">/opt/hostedtoolcache/Python/3.12.2/x64/lib/python3.12/site-packages/urllib3/connectionpool.py:1103: InsecureRequestWarning: Unverified HTTPS request is being made to host 'randomuser.me'. Adding certificate verification is strongly advised. See: https://urllib3.readthedocs.io/en/latest/advanced-usage.html#tls-warnings
  warnings.warn(</msg>
<msg time="2024-04-11T17:13:52.910317" level="INFO">${response} = &lt;Response [200]&gt;</msg>
<var>${response}</var>
<arg>consultarAPI</arg>
<arg>/api</arg>
<doc>Sends a GET request on a previously created HTTP Session.</doc>
<status status="PASS" start="2024-04-11T17:13:52.775341" elapsed="0.135005"/>
</kw>
<kw name="Set Variable" owner="BuiltIn">
<msg time="2024-04-11T17:13:52.911390" level="INFO">${json_data} = {'results': [{'gender': 'female', 'name': {'title': 'Mrs', 'first': 'Tammy', 'last': 'Curtis'}, 'location': {'street': {'number': 67, 'name': "O'Connell Avenue"}, 'city': 'Sallins', 'state': 'Galway C...</msg>
<var>${json_data}</var>
<arg>${response.json()}</arg>
<doc>Returns the given values which can then be assigned to a variables.</doc>
<status status="PASS" start="2024-04-11T17:13:52.910880" elapsed="0.000538"/>
</kw>
<kw name="Log" owner="BuiltIn">
<msg time="2024-04-11T17:13:52.911887" level="INFO">{'results': [{'gender': 'female', 'name': {'title': 'Mrs', 'first': 'Tammy', 'last': 'Curtis'}, 'location': {'street': {'number': 67, 'name': "O'Connell Avenue"}, 'city': 'Sallins', 'state': 'Galway City', 'country': 'Ireland', 'postcode': 56406, 'coordinates': {'latitude': '-2.6826', 'longitude': '4.6548'}, 'timezone': {'offset': '+6:00', 'description': 'Almaty, Dhaka, Colombo'}}, 'email': 'tammy.curtis@example.com', 'login': {'uuid': 'f38c08d5-82e3-4ece-8b62-e4ec77a0020d', 'username': 'blacktiger354', 'password': 'heka6w2', 'salt': 'i6o4W3cQ', 'md5': '0e16c0c8246bea9c5715014b67307ad7', 'sha1': '5b4d0c88bfd6c98328ff469ed7dc14aee2bda592', 'sha256': '2e0846e9a03c097876528cf0e1bf1e81cd3b15cfa9ad8afd1f18bfd204c34e1c'}, 'dob': {'date': '1996-03-30T23:06:51.083Z', 'age': 28}, 'registered': {'date': '2018-02-10T21:24:39.694Z', 'age': 6}, 'phone': '041-600-1082', 'cell': '081-191-2762', 'id': {'name': 'PPS', 'value': '4304192T'}, 'picture': {'large': 'https://randomuser.me/api/portraits/women/43.jpg', 'medium': 'https://randomuser.me/api/portraits/med/women/43.jpg', 'thumbnail': 'https://randomuser.me/api/portraits/thumb/women/43.jpg'}, 'nat': 'IE'}], 'info': {'seed': 'ab99214d197f8275', 'results': 1, 'page': 1, 'version': '1.4'}}</msg>
<arg>${json_data}</arg>
<doc>Logs the given message with the given level.</doc>
<status status="PASS" start="2024-04-11T17:13:52.911729" elapsed="0.000240"/>
</kw>
<kw name="Should Be Equal As Numbers" owner="BuiltIn">
<arg>${json_data['results'][0]['location']['postcode']}</arg>
<arg>${json_data['results'][0]['location']['postcode']}</arg>
<doc>Fails if objects are unequal after converting them to real numbers.</doc>
<status status="PASS" start="2024-04-11T17:13:52.912267" elapsed="0.000652"/>
</kw>
<kw name="Log" owner="BuiltIn">
<msg time="2024-04-11T17:13:52.913486" level="INFO">56406</msg>
<arg>${json_data['results'][0]['location']['postcode']}</arg>
<doc>Logs the given message with the given level.</doc>
<status status="PASS" start="2024-04-11T17:13:52.913112" elapsed="0.000415"/>
</kw>
<status status="PASS" start="2024-04-11T17:13:52.775093" elapsed="0.138693"/>
</kw>
<doc>Testa se os tipos de dados na resposta da API estão corretos.</doc>
<tag>testeTiposDados</tag>
<status status="PASS" start="2024-04-11T17:13:52.681483" elapsed="0.232476"/>
</test>
<test id="s1-s1-t5" name="Validar conteudo" line="35">
<kw name="Teste de Tipos de Conteudo" owner="random-user-service">
<kw name="GET On Session" owner="RequestsLibrary">
<msg time="2024-04-11T17:13:53.001930" level="INFO">GET Request : url=https://randomuser.me/api 
 path_url=/api 
 headers={'User-Agent': 'python-requests/2.31.0', 'Accept-Encoding': 'gzip, deflate', 'Accept': '*/*', 'Connection': 'keep-alive'} 
 body=None 
 </msg>
<msg time="2024-04-11T17:13:53.002040" level="INFO">GET Response : url=https://randomuser.me/api 
 status=200, reason=OK 
 headers={'Date': 'Thu, 11 Apr 2024 17:13:53 GMT', 'Content-Type': 'application/json; charset=utf-8', 'Transfer-Encoding': 'chunked', 'Connection': 'keep-alive', 'X-Powered-By': 'Express', 'Access-Control-Allow-Origin': '*', 'Cache-Control': 'no-cache', 'ETag': 'W/"492-3yc0LtovcGDJimAo5mJ7mDVa/as"', 'Vary': 'Accept-Encoding', 'Content-Encoding': 'gzip', 'CF-Cache-Status': 'DYNAMIC', 'Report-To': '{"endpoints":[{"url":"https:\\/\\/a.nel.cloudflare.com\\/report\\/v4?s=Ok432HPauHUGPbMitT8ilFPclkozeR4%2BoVeY5S50NCJ0p64q84yT7EC%2FQzYYkaizArF%2FlHFtOsL%2B%2BwYpbEQEq5iN2Hb0lMnRJhJHAqXeq716BnNx1PJi%2B6yik%2BxDpiGz"}],"group":"cf-nel","max_age":604800}', 'NEL': '{"success_fraction":0,"report_to":"cf-nel","max_age":604800}', 'Server': 'cloudflare', 'CF-RAY': '872c9c19cce8fb30-SJC', 'alt-svc': 'h3=":443"; ma=86400'} 
 body={"results":[{"gender":"female","name":{"title":"Miss","first":"Annabelle","last":"Jean-Baptiste"},"location":{"street":{"number":3723,"name":"Main St"},"city":"Deer Lake","state":"Saskatchewan","country":"Canada","postcode":"U3G 6F1","coordinates":{"latitude":"-70.6859","longitude":"113.2913"},"timezone":{"offset":"-9:00","description":"Alaska"}},"email":"annabelle.jean-baptiste@example.com","login":{"uuid":"2631593d-6340-426e-9347-9329af1a116c","username":"heavymeercat320","password":"deerhunt","salt":"msbky4Km","md5":"f20359a9a8b718e1ca4069d55b8fcd7f","sha1":"467a98a93ba0e4c90bb4b732a327a4661787e084","sha256":"273456ae90c15e2e7e1618a082ab6c710791852583c26a42fc1fb1577520ab03"},"dob":{"date":"1954-05-13T13:02:52.147Z","age":69},"registered":{"date":"2013-12-30T12:12:22.310Z","age":10},"phone":"Y06 C03-7432","cell":"E76 J13-5223","id":{"name":"SIN","value":"481102200"},"picture":{"large":"https://randomuser.me/api/portraits/women/63.jpg","medium":"https://randomuser.me/api/portraits/med/women/63.jpg","thumbnail":"https://randomuser.me/api/portraits/thumb/women/63.jpg"},"nat":"CA"}],"info":{"seed":"c0aad24919b540e8","results":1,"page":1,"version":"1.4"}} 
 </msg>
<msg time="2024-04-11T17:13:53.002123" level="INFO">/opt/hostedtoolcache/Python/3.12.2/x64/lib/python3.12/site-packages/urllib3/connectionpool.py:1103: InsecureRequestWarning: Unverified HTTPS request is being made to host 'randomuser.me'. Adding certificate verification is strongly advised. See: https://urllib3.readthedocs.io/en/latest/advanced-usage.html#tls-warnings
  warnings.warn(</msg>
<msg time="2024-04-11T17:13:53.002257" level="INFO">${response} = &lt;Response [200]&gt;</msg>
<var>${response}</var>
<arg>consultarAPI</arg>
<arg>/api</arg>
<doc>Sends a GET request on a previously created HTTP Session.</doc>
<status status="PASS" start="2024-04-11T17:13:52.916893" elapsed="0.085400"/>
</kw>
<kw name="Set Variable" owner="BuiltIn">
<msg time="2024-04-11T17:13:53.003438" level="INFO">${json_data} = {'results': [{'gender': 'female', 'name': {'title': 'Miss', 'first': 'Annabelle', 'last': 'Jean-Baptiste'}, 'location': {'street': {'number': 3723, 'name': 'Main St'}, 'city': 'Deer Lake', 'state': 'S...</msg>
<var>${json_data}</var>
<arg>${response.json()}</arg>
<doc>Returns the given values which can then be assigned to a variables.</doc>
<status status="PASS" start="2024-04-11T17:13:53.002907" elapsed="0.000559"/>
</kw>
<kw name="Set Variable" owner="BuiltIn">
<msg time="2024-04-11T17:13:53.004152" level="INFO">${name_title} = Miss</msg>
<var>${name_title}</var>
<arg>${json_data["results"][0]["name"]["title"]}</arg>
<doc>Returns the given values which can then be assigned to a variables.</doc>
<status status="PASS" start="2024-04-11T17:13:53.003770" elapsed="0.000407"/>
</kw>
<kw name="Create List" owner="BuiltIn">
<msg time="2024-04-11T17:13:53.004621" level="INFO">${allowed_titles} = ['Mr', 'Ms', 'Miss', 'Mrs', 'Madame', 'Monsieur']</msg>
<var>${allowed_titles}</var>
<arg>Mr</arg>
<arg>Ms</arg>
<arg>Miss</arg>
<arg>Mrs</arg>
<arg>Madame</arg>
<arg>Monsieur</arg>
<doc>Returns a list containing given items.</doc>
<status status="PASS" start="2024-04-11T17:13:53.004474" elapsed="0.000171"/>
</kw>
<kw name="List Should Contain Value" owner="Collections">
<msg time="2024-04-11T17:13:53.005121" level="INFO">False</msg>
<arg>${allowed_titles}</arg>
<arg>${name_title}</arg>
<doc>Fails if the ``value`` is not found from ``list``.</doc>
<status status="PASS" start="2024-04-11T17:13:53.004950" elapsed="0.000209"/>
</kw>
<kw name="Set Variable" owner="BuiltIn">
<msg time="2024-04-11T17:13:53.005857" level="INFO">${name_country} = CA</msg>
<var>${name_country}</var>
<arg>${json_data["results"][0]["nat"]}</arg>
<doc>Returns the given values which can then be assigned to a variables.</doc>
<status status="PASS" start="2024-04-11T17:13:53.005483" elapsed="0.000399"/>
</kw>
<kw name="Create List" owner="BuiltIn">
<msg time="2024-04-11T17:13:53.006780" level="INFO">${list_country} = ['AD', 'AE', 'AF', 'AG', 'AI', 'AL', 'AM', 'AO', 'AQ', 'AR', 'AS', 'AT', 'AU', 'AW', 'AX', 'AZ', 'BA', 'BB', 'BD', 'BE', 'BF', 'BG', 'BH', 'BI', 'BJ', 'BL', 'BM', 'BN', 'BO', 'BQ', 'BR', 'BS', 'BT', '...</msg>
<var>${list_country}</var>
<arg>AD</arg>
<arg>AE</arg>
<arg>AF</arg>
<arg>AG</arg>
<arg>AI</arg>
<arg>AL</arg>
<arg>AM</arg>
<arg>AO</arg>
<arg>AQ</arg>
<arg>AR</arg>
<arg>AS</arg>
<arg>AT</arg>
<arg>AU</arg>
<arg>AW</arg>
<arg>AX</arg>
<arg>AZ</arg>
<arg>BA</arg>
<arg>BB</arg>
<arg>BD</arg>
<arg>BE</arg>
<arg>BF</arg>
<arg>BG</arg>
<arg>BH</arg>
<arg>BI</arg>
<arg>BJ</arg>
<arg>BL</arg>
<arg>BM</arg>
<arg>BN</arg>
<arg>BO</arg>
<arg>BQ</arg>
<arg>BR</arg>
<arg>BS</arg>
<arg>BT</arg>
<arg>BV</arg>
<arg>BW</arg>
<arg>BY</arg>
<arg>BZ</arg>
<arg>CA</arg>
<arg>CC</arg>
<arg>CD</arg>
<arg>CF</arg>
<arg>CG</arg>
<arg>CH</arg>
<arg>CI</arg>
<arg>CK</arg>
<arg>CL</arg>
<arg>CM</arg>
<arg>CN</arg>
<arg>CO</arg>
<arg>CR</arg>
<arg>CU</arg>
<arg>CV</arg>
<arg>CW</arg>
<arg>CX</arg>
<arg>CY</arg>
<arg>CZ</arg>
<arg>DE</arg>
<arg>DJ</arg>
<arg>DK</arg>
<arg>DM</arg>
<arg>DO</arg>
<arg>DZ</arg>
<arg>EC</arg>
<arg>EE</arg>
<arg>EG</arg>
<arg>EH</arg>
<arg>ER</arg>
<arg>ES</arg>
<arg>ET</arg>
<arg>FI</arg>
<arg>FJ</arg>
<arg>FK</arg>
<arg>FM</arg>
<arg>FO</arg>
<arg>FR</arg>
<arg>GA</arg>
<arg>GB</arg>
<arg>GD</arg>
<arg>GE</arg>
<arg>GF</arg>
<arg>GG</arg>
<arg>GH</arg>
<arg>GI</arg>
<arg>GL</arg>
<arg>GM</arg>
<arg>GN</arg>
<arg>GP</arg>
<arg>GQ</arg>
<arg>GR</arg>
<arg>GS</arg>
<arg>GT</arg>
<arg>GU</arg>
<arg>GW</arg>
<arg>GY</arg>
<arg>HK</arg>
<arg>HM</arg>
<arg>HN</arg>
<arg>HR</arg>
<arg>HT</arg>
<arg>HU</arg>
<arg>ID</arg>
<arg>IE</arg>
<arg>IL</arg>
<arg>IM</arg>
<arg>IN</arg>
<arg>IO</arg>
<arg>IQ</arg>
<arg>IR</arg>
<arg>IS</arg>
<arg>IT</arg>
<arg>JE</arg>
<arg>JM</arg>
<arg>JO</arg>
<arg>JP</arg>
<arg>KE</arg>
<arg>KG</arg>
<arg>KH</arg>
<arg>KI</arg>
<arg>KM</arg>
<arg>KN</arg>
<arg>KP</arg>
<arg>KR</arg>
<arg>KW</arg>
<arg>KY</arg>
<arg>KZ</arg>
<arg>LA</arg>
<arg>LB</arg>
<arg>LC</arg>
<arg>LI</arg>
<arg>LK</arg>
<arg>LR</arg>
<arg>LS</arg>
<arg>LT</arg>
<arg>LU</arg>
<arg>LV</arg>
<arg>LY</arg>
<arg>MA</arg>
<arg>MC</arg>
<arg>MD</arg>
<arg>ME</arg>
<arg>MF</arg>
<arg>MG</arg>
<arg>MH</arg>
<arg>MK</arg>
<arg>ML</arg>
<arg>MM</arg>
<arg>MN</arg>
<arg>MO</arg>
<arg>MP</arg>
<arg>MQ</arg>
<arg>MR</arg>
<arg>MS</arg>
<arg>MT</arg>
<arg>MU</arg>
<arg>MV</arg>
<arg>MW</arg>
<arg>MX</arg>
<arg>MY</arg>
<arg>MZ</arg>
<arg>NA</arg>
<arg>NC</arg>
<arg>NE</arg>
<arg>NF</arg>
<arg>NG</arg>
<arg>NI</arg>
<arg>NL</arg>
<arg>NO</arg>
<arg>NP</arg>
<arg>NR</arg>
<arg>NU</arg>
<arg>NZ</arg>
<arg>OM</arg>
<arg>PA</arg>
<arg>PE</arg>
<arg>PF</arg>
<arg>PG</arg>
<arg>PH</arg>
<arg>PK</arg>
<arg>PL</arg>
<arg>PM</arg>
<arg>PN</arg>
<arg>PR</arg>
<arg>PS</arg>
<arg>PT</arg>
<arg>PW</arg>
<arg>PY</arg>
<arg>QA</arg>
<arg>RE</arg>
<arg>RO</arg>
<arg>RS</arg>
<arg>RU</arg>
<arg>RW</arg>
<arg>SA</arg>
<arg>SB</arg>
<arg>SC</arg>
<arg>SD</arg>
<arg>SE</arg>
<arg>SG</arg>
<arg>SH</arg>
<arg>SI</arg>
<arg>SJ</arg>
<arg>SK</arg>
<arg>SL</arg>
<arg>SM</arg>
<arg>SN</arg>
<arg>SO</arg>
<arg>SR</arg>
<arg>SS</arg>
<arg>ST</arg>
<arg>SV</arg>
<arg>SX</arg>
<arg>SY</arg>
<arg>SZ</arg>
<arg>TC</arg>
<arg>TD</arg>
<arg>TF</arg>
<arg>TG</arg>
<arg>TH</arg>
<arg>TJ</arg>
<arg>TK</arg>
<arg>TL</arg>
<arg>TM</arg>
<arg>TN</arg>
<arg>TO</arg>
<arg>TR</arg>
<arg>TT</arg>
<arg>TV</arg>
<arg>TW</arg>
<arg>TZ</arg>
<arg>UA</arg>
<arg>UG</arg>
<arg>UM</arg>
<arg>US</arg>
<arg>UY</arg>
<arg>UZ</arg>
<arg>VA</arg>
<arg>VC</arg>
<arg>VE</arg>
<arg>VG</arg>
<arg>VI</arg>
<arg>VN</arg>
<arg>VU</arg>
<arg>WF</arg>
<arg>WS</arg>
<arg>XK</arg>
<arg>YE</arg>
<arg>YT</arg>
<arg>ZA</arg>
<arg>ZM</arg>
<arg>ZW</arg>
<doc>Returns a list containing given items.</doc>
<status status="PASS" start="2024-04-11T17:13:53.006184" elapsed="0.000621"/>
</kw>
<kw name="List Should Contain Value" owner="Collections">
<msg time="2024-04-11T17:13:53.007794" level="INFO">False</msg>
<arg>${list_country}</arg>
<arg>${name_country}</arg>
<doc>Fails if the ``value`` is not found from ``list``.</doc>
<status status="PASS" start="2024-04-11T17:13:53.007591" elapsed="0.000240"/>
</kw>
<kw name="Run Keyword If" owner="BuiltIn">
<kw name="Should Be True" owner="BuiltIn">
<arg>${True}</arg>
<doc>Fails if the given condition is not true.</doc>
<status status="PASS" start="2024-04-11T17:13:53.009049" elapsed="0.000147"/>
</kw>
<arg>${json_data["results"][0]["location"]["coordinates"]["latitude"]} &gt;= -90 and ${json_data["results"][0]["location"]["coordinates"]["latitude"]} &lt;= 90</arg>
<arg>Should Be True</arg>
<arg>${True}</arg>
<doc>Runs the given keyword with the given arguments, if ``condition`` is true.</doc>
<status status="PASS" start="2024-04-11T17:13:53.008148" elapsed="0.001209"/>
</kw>
<kw name="Run Keyword If" owner="BuiltIn">
<kw name="Should Be True" owner="BuiltIn">
<arg>${True}</arg>
<doc>Fails if the given condition is not true.</doc>
<status status="PASS" start="2024-04-11T17:13:53.010237" elapsed="0.000138"/>
</kw>
<arg>${json_data["results"][0]["location"]["coordinates"]["longitude"]} &gt;= -180 and ${json_data["results"][0]["location"]["coordinates"]["longitude"]} &lt;= 180</arg>
<arg>Should Be True</arg>
<arg>${True}</arg>
<doc>Runs the given keyword with the given arguments, if ``condition`` is true.</doc>
<status status="PASS" start="2024-04-11T17:13:53.009544" elapsed="0.000955"/>
</kw>
<status status="PASS" start="2024-04-11T17:13:52.916493" elapsed="0.094138"/>
</kw>
<doc>Testa o conteúdo específico dos campos retornados pela API.</doc>
<tag>testeConteudo</tag>
<status status="PASS" start="2024-04-11T17:13:52.915783" elapsed="0.095004"/>
</test>
<status status="PASS" start="2024-04-11T17:13:52.026466" elapsed="0.986221"/>
</suite>
<status status="PASS" start="2024-04-11T17:13:52.012781" elapsed="1.005232"/>
</suite>
<statistics>
<total>
<stat pass="5" fail="0" skip="0">All Tests</stat>
</total>
<tag>
<stat pass="1" fail="0" skip="0">testeConteudo</stat>
<stat pass="1" fail="0" skip="0">testeEstruturaResposta</stat>
<stat pass="1" fail="0" skip="0">testeRequisicaoBasica</stat>
<stat pass="1" fail="0" skip="0">testeTiposDados</stat>
</tag>
<suite>
<stat pass="5" fail="0" skip="0" id="s1" name="Tests">Tests</stat>
<stat pass="5" fail="0" skip="0" id="s1-s1" name="Random-User-Test">Tests.Random-User-Test</stat>
</suite>
</statistics>
<errors>
</errors>
</robot>
