<?xml version="1.0" encoding="UTF-8"?>
<robot generator="Robot 7.0.1 (Python 3.12.4 on linux)" generated="2024-06-22T06:19:58.677019" rpa="false" schemaversion="5">
<suite id="s1" name="Tests" source="/home/runner/work/ApiRandomUser/ApiRandomUser/RamdonUser/tests">
<suite id="s1-s1" name="Random-User-Test" source="/home/runner/work/ApiRandomUser/ApiRandomUser/RamdonUser/tests/random-user-test.robot">
<test id="s1-s1-t1" name="Conectar" line="13">
<kw name="Conectar API" owner="random-user-service">
<kw name="Create Session" owner="RequestsLibrary">
<msg time="2024-06-22T06:19:59.073331" level="INFO">Creating Session using : alias=consultarAPI, url=https://randomuser.me/, headers={},                     cookies={}, auth=None, timeout=None, proxies=None, verify=False,                     debug=0 </msg>
<arg>consultarAPI</arg>
<arg>${URL}</arg>
<doc>Create Session: create a HTTP session to a server</doc>
<status status="PASS" start="2024-06-22T06:19:59.073131" elapsed="0.000370"/>
</kw>
<status status="PASS" start="2024-06-22T06:19:59.072170" elapsed="0.001685"/>
</kw>
<status status="PASS" start="2024-06-22T06:19:59.071557" elapsed="0.002491"/>
</test>
<test id="s1-s1-t2" name="Validar retorno 200 e JSON Válido" line="16">
<kw name="Teste de Requisicao Basica" owner="random-user-service">
<kw name="GET On Session" owner="RequestsLibrary">
<msg time="2024-06-22T06:19:59.248560" level="INFO">GET Request : url=https://randomuser.me/api 
 path_url=/api 
 headers={'User-Agent': 'python-requests/2.32.3', 'Accept-Encoding': 'gzip, deflate', 'Accept': '*/*', 'Connection': 'keep-alive'} 
 body=None 
 </msg>
<msg time="2024-06-22T06:19:59.248725" level="INFO">GET Response : url=https://randomuser.me/api 
 status=200, reason=OK 
 headers={'Date': 'Sat, 22 Jun 2024 06:19:59 GMT', 'Content-Type': 'application/json; charset=utf-8', 'Transfer-Encoding': 'chunked', 'Connection': 'keep-alive', 'X-Powered-By': 'Express', 'Access-Control-Allow-Origin': '*', 'Cache-Control': 'no-cache', 'ETag': 'W/"497-cWagP2L8NskHKwrswfUpq5KUScw"', 'Vary': 'Accept-Encoding', 'Content-Encoding': 'gzip', 'CF-Cache-Status': 'DYNAMIC', 'Report-To': '{"endpoints":[{"url":"https:\\/\\/a.nel.cloudflare.com\\/report\\/v4?s=GqlKJBsp9x2Kdmr4C5F7MxU5QROE3rAg4jlGKGAxMmCoAknL1zDWXwtq96BjJgAU52b73lucHE%2Bb7cdKbl91TWbANvZZnYX9SaxdDNckBHvbB4pVN7Y%2BytaFleaR2z9h"}],"group":"cf-nel","max_age":604800}', 'NEL': '{"success_fraction":0,"report_to":"cf-nel","max_age":604800}', 'Server': 'cloudflare', 'CF-RAY': '897a213f0dc38206-IAD', 'alt-svc': 'h3=":443"; ma=86400'} 
 body={"results":[{"gender":"male","name":{"title":"Mr","first":"Onur","last":"Barbarosoğlu"},"location":{"street":{"number":8464,"name":"Bağdat Cd"},"city":"Kahramanmaraş","state":"Hatay","country":"Turkey","postcode":76940,"coordinates":{"latitude":"70.6344","longitude":"-40.4929"},"timezone":{"offset":"0:00","description":"Western Europe Time, London, Lisbon, Casablanca"}},"email":"onur.barbarosoglu@example.com","login":{"uuid":"d37dd96b-ef68-4358-940b-8947ab4cf292","username":"angrypanda570","password":"curtis","salt":"30yIpuFf","md5":"4ddfe6071debe59427d1493c92535389","sha1":"bcd13173d9895ba84f448665171f200bc7bc02e0","sha256":"06a9dc1add9cb0e26949c51411143a3daeb79fd68f827ebe021631b437a0a77f"},"dob":{"date":"1979-12-05T22:34:33.059Z","age":44},"registered":{"date":"2007-10-03T13:15:09.924Z","age":16},"phone":"(672)-791-6155","cell":"(196)-517-1299","id":{"name":"","value":null},"picture":{"large":"https://randomuser.me/api/portraits/men/45.jpg","medium":"https://randomuser.me/api/portraits/med/men/45.jpg","thumbnail":"https://randomuser.me/api/portraits/thumb/men/45.jpg"},"nat":"TR"}],"info":{"seed":"d85cf266c3468f2b","results":1,"page":1,"version":"1.4"}} 
 </msg>
<msg time="2024-06-22T06:19:59.248822" level="INFO">/opt/hostedtoolcache/Python/3.12.4/x64/lib/python3.12/site-packages/urllib3/connectionpool.py:1099: InsecureRequestWarning: Unverified HTTPS request is being made to host 'randomuser.me'. Adding certificate verification is strongly advised. See: https://urllib3.readthedocs.io/en/latest/advanced-usage.html#tls-warnings
  warnings.warn(</msg>
<msg time="2024-06-22T06:19:59.248983" level="INFO">${response} = &lt;Response [200]&gt;</msg>
<var>${response}</var>
<arg>consultarAPI</arg>
<arg>/api</arg>
<doc>Sends a GET request on a previously created HTTP Session.</doc>
<status status="PASS" start="2024-06-22T06:19:59.076745" elapsed="0.172283"/>
</kw>
<kw name="Should Be Equal As Numbers" owner="BuiltIn">
<msg time="2024-06-22T06:19:59.250065" level="INFO">Argument types are:
&lt;class 'int'&gt;
&lt;class 'str'&gt;</msg>
<arg>${response.status_code}</arg>
<arg>200</arg>
<doc>Fails if objects are unequal after converting them to real numbers.</doc>
<status status="PASS" start="2024-06-22T06:19:59.249613" elapsed="0.000557"/>
</kw>
<kw name="Log" owner="BuiltIn">
<msg time="2024-06-22T06:19:59.250825" level="INFO">200</msg>
<arg>${response.status_code}</arg>
<doc>Logs the given message with the given level.</doc>
<status status="PASS" start="2024-06-22T06:19:59.250483" elapsed="0.000386"/>
</kw>
<kw name="Set Variable" owner="BuiltIn">
<msg time="2024-06-22T06:19:59.251620" level="INFO">${json_data} = {'results': [{'gender': 'male', 'name': {'title': 'Mr', 'first': 'Onur', 'last': 'Barbarosoğlu'}, 'location': {'street': {'number': 8464, 'name': 'Bağdat Cd'}, 'city': 'Kahramanmaraş', 'state': 'Hatay...</msg>
<var>${json_data}</var>
<arg>${response.json()}</arg>
<doc>Returns the given values which can then be assigned to a variables.</doc>
<status status="PASS" start="2024-06-22T06:19:59.251170" elapsed="0.000480"/>
</kw>
<kw name="Dictionary Should Contain Key" owner="Collections">
<arg>${json_data}</arg>
<arg>results</arg>
<doc>Fails if ``key`` is not found from ``dictionary``.</doc>
<status status="PASS" start="2024-06-22T06:19:59.251955" elapsed="0.000159"/>
</kw>
<status status="PASS" start="2024-06-22T06:19:59.076486" elapsed="0.175778"/>
</kw>
<doc>Testa se a API responde corretamente e retorna um objeto JSON válido.</doc>
<tag>testeRequisicaoBasica</tag>
<status status="PASS" start="2024-06-22T06:19:59.075947" elapsed="0.176491"/>
</test>
<test id="s1-s1-t3" name="Validar estrutura de resposta" line="22">
<kw name="Teste de Estrutura de Resposta" owner="random-user-service">
<kw name="GET On Session" owner="RequestsLibrary">
<msg time="2024-06-22T06:19:59.347167" level="INFO">GET Request : url=https://randomuser.me/api 
 path_url=/api 
 headers={'User-Agent': 'python-requests/2.32.3', 'Accept-Encoding': 'gzip, deflate', 'Accept': '*/*', 'Connection': 'keep-alive'} 
 body=None 
 </msg>
<msg time="2024-06-22T06:19:59.347240" level="INFO">GET Response : url=https://randomuser.me/api 
 status=200, reason=OK 
 headers={'Date': 'Sat, 22 Jun 2024 06:19:59 GMT', 'Content-Type': 'application/json; charset=utf-8', 'Transfer-Encoding': 'chunked', 'Connection': 'keep-alive', 'X-Powered-By': 'Express', 'Access-Control-Allow-Origin': '*', 'Cache-Control': 'no-cache', 'ETag': 'W/"4a7-ZIgrDNy33wz2l6JKaPxgQ3cjM6w"', 'Vary': 'Accept-Encoding', 'Content-Encoding': 'gzip', 'CF-Cache-Status': 'DYNAMIC', 'Report-To': '{"endpoints":[{"url":"https:\\/\\/a.nel.cloudflare.com\\/report\\/v4?s=9T%2FzgDNcLj9RP02cyUYVk526L%2BUwDmbcDuT%2BAgtLFOZHBYyzdIwn%2BpxPS9CplJnhV1xJHWY2B1S%2BpBZQXPlINjGaUsvpnaYcxfHLt5CjqHDLOn%2BJZszQT%2FpxgavnSY2Q"}],"group":"cf-nel","max_age":604800}', 'NEL': '{"success_fraction":0,"report_to":"cf-nel","max_age":604800}', 'Server': 'cloudflare', 'CF-RAY': '897a213f5dfc8206-IAD', 'alt-svc': 'h3=":443"; ma=86400'} 
 body={"results":[{"gender":"male","name":{"title":"Mr","first":"Esteban","last":"Brattinga"},"location":{"street":{"number":3333,"name":"Gitaarstraat"},"city":"Oost West en Middelbeers","state":"Utrecht","country":"Netherlands","postcode":"8709 YN","coordinates":{"latitude":"34.5915","longitude":"-103.5835"},"timezone":{"offset":"+1:00","description":"Brussels, Copenhagen, Madrid, Paris"}},"email":"esteban.brattinga@example.com","login":{"uuid":"41759ac9-3f6f-455b-a6d2-4d019a1098da","username":"smalldog336","password":"gspot","salt":"o0z9txTQ","md5":"dac7f2f301a9f40065f1b909e7e1cb0f","sha1":"e5170bee34c9718a34c9b1f4e580aa421b3edabb","sha256":"4838da16a70501da226bdd6805b0c360660e3e70f5586cf7b56aba272e483293"},"dob":{"date":"1991-06-05T16:23:40.488Z","age":33},"registered":{"date":"2002-05-08T12:32:17.823Z","age":22},"phone":"(056) 0065867","cell":"(06) 79512324","id":{"name":"BSN","value":"18281329"},"picture":{"large":"https://randomuser.me/api/portraits/men/12.jpg","medium":"https://randomuser.me/api/portraits/med/men/12.jpg","thumbnail":"https://randomuser.me/api/portraits/thumb/men/12.jpg"},"nat":"NL"}],"info":{"seed":"616adb584441394a","results":1,"page":1,"version":"1.4"}} 
 </msg>
<msg time="2024-06-22T06:19:59.347345" level="INFO">/opt/hostedtoolcache/Python/3.12.4/x64/lib/python3.12/site-packages/urllib3/connectionpool.py:1099: InsecureRequestWarning: Unverified HTTPS request is being made to host 'randomuser.me'. Adding certificate verification is strongly advised. See: https://urllib3.readthedocs.io/en/latest/advanced-usage.html#tls-warnings
  warnings.warn(</msg>
<msg time="2024-06-22T06:19:59.347462" level="INFO">${response} = &lt;Response [200]&gt;</msg>
<var>${response}</var>
<arg>consultarAPI</arg>
<arg>/api</arg>
<doc>Sends a GET request on a previously created HTTP Session.</doc>
<status status="PASS" start="2024-06-22T06:19:59.255106" elapsed="0.092399"/>
</kw>
<kw name="Set Variable" owner="BuiltIn">
<msg time="2024-06-22T06:19:59.348352" level="INFO">${json_data} = {'results': [{'gender': 'male', 'name': {'title': 'Mr', 'first': 'Esteban', 'last': 'Brattinga'}, 'location': {'street': {'number': 3333, 'name': 'Gitaarstraat'}, 'city': 'Oost West en Middelbeers', '...</msg>
<var>${json_data}</var>
<arg>${response.json()}</arg>
<doc>Returns the given values which can then be assigned to a variables.</doc>
<status status="PASS" start="2024-06-22T06:19:59.347900" elapsed="0.000480"/>
</kw>
<kw name="Log" owner="BuiltIn">
<msg time="2024-06-22T06:19:59.348847" level="INFO">{'results': [{'gender': 'male', 'name': {'title': 'Mr', 'first': 'Esteban', 'last': 'Brattinga'}, 'location': {'street': {'number': 3333, 'name': 'Gitaarstraat'}, 'city': 'Oost West en Middelbeers', 'state': 'Utrecht', 'country': 'Netherlands', 'postcode': '8709 YN', 'coordinates': {'latitude': '34.5915', 'longitude': '-103.5835'}, 'timezone': {'offset': '+1:00', 'description': 'Brussels, Copenhagen, Madrid, Paris'}}, 'email': 'esteban.brattinga@example.com', 'login': {'uuid': '41759ac9-3f6f-455b-a6d2-4d019a1098da', 'username': 'smalldog336', 'password': 'gspot', 'salt': 'o0z9txTQ', 'md5': 'dac7f2f301a9f40065f1b909e7e1cb0f', 'sha1': 'e5170bee34c9718a34c9b1f4e580aa421b3edabb', 'sha256': '4838da16a70501da226bdd6805b0c360660e3e70f5586cf7b56aba272e483293'}, 'dob': {'date': '1991-06-05T16:23:40.488Z', 'age': 33}, 'registered': {'date': '2002-05-08T12:32:17.823Z', 'age': 22}, 'phone': '(056) 0065867', 'cell': '(06) 79512324', 'id': {'name': 'BSN', 'value': '18281329'}, 'picture': {'large': 'https://randomuser.me/api/portraits/men/12.jpg', 'medium': 'https://randomuser.me/api/portraits/med/men/12.jpg', 'thumbnail': 'https://randomuser.me/api/portraits/thumb/men/12.jpg'}, 'nat': 'NL'}], 'info': {'seed': '616adb584441394a', 'results': 1, 'page': 1, 'version': '1.4'}}</msg>
<arg>${json_data}</arg>
<doc>Logs the given message with the given level.</doc>
<status status="PASS" start="2024-06-22T06:19:59.348693" elapsed="0.000202"/>
</kw>
<kw name="Dictionary Should Contain Key" owner="Collections">
<arg>${json_data}</arg>
<arg>results</arg>
<doc>Fails if ``key`` is not found from ``dictionary``.</doc>
<status status="PASS" start="2024-06-22T06:19:59.349181" elapsed="0.000156"/>
</kw>
<kw name="Should Not Be Empty" owner="BuiltIn">
<msg time="2024-06-22T06:19:59.349638" level="INFO">Length is 2.</msg>
<arg>${json_data}</arg>
<doc>Verifies that the given item is not empty.</doc>
<status status="PASS" start="2024-06-22T06:19:59.349516" elapsed="0.000165"/>
</kw>
<kw name="Create List" owner="BuiltIn">
<msg time="2024-06-22T06:19:59.350163" level="INFO">${expected_keys} = ['gender', 'name', 'location', 'email', 'login']</msg>
<var>${expected_keys}</var>
<arg>gender</arg>
<arg>name</arg>
<arg>location</arg>
<arg>email</arg>
<arg>login</arg>
<doc>Returns a list containing given items.</doc>
<status status="PASS" start="2024-06-22T06:19:59.349970" elapsed="0.000220"/>
</kw>
<for flavor="IN">
<iter>
<kw name="Dictionary Should Contain Key" owner="Collections">
<arg>${json_data['results'][0]}</arg>
<arg>${key}</arg>
<doc>Fails if ``key`` is not found from ``dictionary``.</doc>
<status status="PASS" start="2024-06-22T06:19:59.350917" elapsed="0.000400"/>
</kw>
<kw name="Log" owner="BuiltIn">
<msg time="2024-06-22T06:19:59.351858" level="INFO">{'gender': 'male', 'name': {'title': 'Mr', 'first': 'Esteban', 'last': 'Brattinga'}, 'location': {'street': {'number': 3333, 'name': 'Gitaarstraat'}, 'city': 'Oost West en Middelbeers', 'state': 'Utrecht', 'country': 'Netherlands', 'postcode': '8709 YN', 'coordinates': {'latitude': '34.5915', 'longitude': '-103.5835'}, 'timezone': {'offset': '+1:00', 'description': 'Brussels, Copenhagen, Madrid, Paris'}}, 'email': 'esteban.brattinga@example.com', 'login': {'uuid': '41759ac9-3f6f-455b-a6d2-4d019a1098da', 'username': 'smalldog336', 'password': 'gspot', 'salt': 'o0z9txTQ', 'md5': 'dac7f2f301a9f40065f1b909e7e1cb0f', 'sha1': 'e5170bee34c9718a34c9b1f4e580aa421b3edabb', 'sha256': '4838da16a70501da226bdd6805b0c360660e3e70f5586cf7b56aba272e483293'}, 'dob': {'date': '1991-06-05T16:23:40.488Z', 'age': 33}, 'registered': {'date': '2002-05-08T12:32:17.823Z', 'age': 22}, 'phone': '(056) 0065867', 'cell': '(06) 79512324', 'id': {'name': 'BSN', 'value': '18281329'}, 'picture': {'large': 'https://randomuser.me/api/portraits/men/12.jpg', 'medium': 'https://randomuser.me/api/portraits/med/men/12.jpg', 'thumbnail': 'https://randomuser.me/api/portraits/thumb/men/12.jpg'}, 'nat': 'NL'}</msg>
<arg>${json_data['results'][0]}</arg>
<doc>Logs the given message with the given level.</doc>
<status status="PASS" start="2024-06-22T06:19:59.351506" elapsed="0.000401"/>
</kw>
<kw name="Log" owner="BuiltIn">
<msg time="2024-06-22T06:19:59.352336" level="INFO">gender</msg>
<arg>${key}</arg>
<doc>Logs the given message with the given level.</doc>
<status status="PASS" start="2024-06-22T06:19:59.352211" elapsed="0.000164"/>
</kw>
<var name="${key}">gender</var>
<status status="PASS" start="2024-06-22T06:19:59.350789" elapsed="0.001801"/>
</iter>
<iter>
<kw name="Dictionary Should Contain Key" owner="Collections">
<arg>${json_data['results'][0]}</arg>
<arg>${key}</arg>
<doc>Fails if ``key`` is not found from ``dictionary``.</doc>
<status status="PASS" start="2024-06-22T06:19:59.352885" elapsed="0.000388"/>
</kw>
<kw name="Log" owner="BuiltIn">
<msg time="2024-06-22T06:19:59.353836" level="INFO">{'gender': 'male', 'name': {'title': 'Mr', 'first': 'Esteban', 'last': 'Brattinga'}, 'location': {'street': {'number': 3333, 'name': 'Gitaarstraat'}, 'city': 'Oost West en Middelbeers', 'state': 'Utrecht', 'country': 'Netherlands', 'postcode': '8709 YN', 'coordinates': {'latitude': '34.5915', 'longitude': '-103.5835'}, 'timezone': {'offset': '+1:00', 'description': 'Brussels, Copenhagen, Madrid, Paris'}}, 'email': 'esteban.brattinga@example.com', 'login': {'uuid': '41759ac9-3f6f-455b-a6d2-4d019a1098da', 'username': 'smalldog336', 'password': 'gspot', 'salt': 'o0z9txTQ', 'md5': 'dac7f2f301a9f40065f1b909e7e1cb0f', 'sha1': 'e5170bee34c9718a34c9b1f4e580aa421b3edabb', 'sha256': '4838da16a70501da226bdd6805b0c360660e3e70f5586cf7b56aba272e483293'}, 'dob': {'date': '1991-06-05T16:23:40.488Z', 'age': 33}, 'registered': {'date': '2002-05-08T12:32:17.823Z', 'age': 22}, 'phone': '(056) 0065867', 'cell': '(06) 79512324', 'id': {'name': 'BSN', 'value': '18281329'}, 'picture': {'large': 'https://randomuser.me/api/portraits/men/12.jpg', 'medium': 'https://randomuser.me/api/portraits/med/men/12.jpg', 'thumbnail': 'https://randomuser.me/api/portraits/thumb/men/12.jpg'}, 'nat': 'NL'}</msg>
<arg>${json_data['results'][0]}</arg>
<doc>Logs the given message with the given level.</doc>
<status status="PASS" start="2024-06-22T06:19:59.353486" elapsed="0.000409"/>
</kw>
<kw name="Log" owner="BuiltIn">
<msg time="2024-06-22T06:19:59.354348" level="INFO">name</msg>
<arg>${key}</arg>
<doc>Logs the given message with the given level.</doc>
<status status="PASS" start="2024-06-22T06:19:59.354218" elapsed="0.000168"/>
</kw>
<var name="${key}">name</var>
<status status="PASS" start="2024-06-22T06:19:59.352776" elapsed="0.001824"/>
</iter>
<iter>
<kw name="Dictionary Should Contain Key" owner="Collections">
<arg>${json_data['results'][0]}</arg>
<arg>${key}</arg>
<doc>Fails if ``key`` is not found from ``dictionary``.</doc>
<status status="PASS" start="2024-06-22T06:19:59.354883" elapsed="0.000381"/>
</kw>
<kw name="Log" owner="BuiltIn">
<msg time="2024-06-22T06:19:59.355797" level="INFO">{'gender': 'male', 'name': {'title': 'Mr', 'first': 'Esteban', 'last': 'Brattinga'}, 'location': {'street': {'number': 3333, 'name': 'Gitaarstraat'}, 'city': 'Oost West en Middelbeers', 'state': 'Utrecht', 'country': 'Netherlands', 'postcode': '8709 YN', 'coordinates': {'latitude': '34.5915', 'longitude': '-103.5835'}, 'timezone': {'offset': '+1:00', 'description': 'Brussels, Copenhagen, Madrid, Paris'}}, 'email': 'esteban.brattinga@example.com', 'login': {'uuid': '41759ac9-3f6f-455b-a6d2-4d019a1098da', 'username': 'smalldog336', 'password': 'gspot', 'salt': 'o0z9txTQ', 'md5': 'dac7f2f301a9f40065f1b909e7e1cb0f', 'sha1': 'e5170bee34c9718a34c9b1f4e580aa421b3edabb', 'sha256': '4838da16a70501da226bdd6805b0c360660e3e70f5586cf7b56aba272e483293'}, 'dob': {'date': '1991-06-05T16:23:40.488Z', 'age': 33}, 'registered': {'date': '2002-05-08T12:32:17.823Z', 'age': 22}, 'phone': '(056) 0065867', 'cell': '(06) 79512324', 'id': {'name': 'BSN', 'value': '18281329'}, 'picture': {'large': 'https://randomuser.me/api/portraits/men/12.jpg', 'medium': 'https://randomuser.me/api/portraits/med/men/12.jpg', 'thumbnail': 'https://randomuser.me/api/portraits/thumb/men/12.jpg'}, 'nat': 'NL'}</msg>
<arg>${json_data['results'][0]}</arg>
<doc>Logs the given message with the given level.</doc>
<status status="PASS" start="2024-06-22T06:19:59.355443" elapsed="0.000402"/>
</kw>
<kw name="Log" owner="BuiltIn">
<msg time="2024-06-22T06:19:59.356255" level="INFO">location</msg>
<arg>${key}</arg>
<doc>Logs the given message with the given level.</doc>
<status status="PASS" start="2024-06-22T06:19:59.356131" elapsed="0.000161"/>
</kw>
<var name="${key}">location</var>
<status status="PASS" start="2024-06-22T06:19:59.354776" elapsed="0.001726"/>
</iter>
<iter>
<kw name="Dictionary Should Contain Key" owner="Collections">
<arg>${json_data['results'][0]}</arg>
<arg>${key}</arg>
<doc>Fails if ``key`` is not found from ``dictionary``.</doc>
<status status="PASS" start="2024-06-22T06:19:59.356774" elapsed="0.000373"/>
</kw>
<kw name="Log" owner="BuiltIn">
<msg time="2024-06-22T06:19:59.357692" level="INFO">{'gender': 'male', 'name': {'title': 'Mr', 'first': 'Esteban', 'last': 'Brattinga'}, 'location': {'street': {'number': 3333, 'name': 'Gitaarstraat'}, 'city': 'Oost West en Middelbeers', 'state': 'Utrecht', 'country': 'Netherlands', 'postcode': '8709 YN', 'coordinates': {'latitude': '34.5915', 'longitude': '-103.5835'}, 'timezone': {'offset': '+1:00', 'description': 'Brussels, Copenhagen, Madrid, Paris'}}, 'email': 'esteban.brattinga@example.com', 'login': {'uuid': '41759ac9-3f6f-455b-a6d2-4d019a1098da', 'username': 'smalldog336', 'password': 'gspot', 'salt': 'o0z9txTQ', 'md5': 'dac7f2f301a9f40065f1b909e7e1cb0f', 'sha1': 'e5170bee34c9718a34c9b1f4e580aa421b3edabb', 'sha256': '4838da16a70501da226bdd6805b0c360660e3e70f5586cf7b56aba272e483293'}, 'dob': {'date': '1991-06-05T16:23:40.488Z', 'age': 33}, 'registered': {'date': '2002-05-08T12:32:17.823Z', 'age': 22}, 'phone': '(056) 0065867', 'cell': '(06) 79512324', 'id': {'name': 'BSN', 'value': '18281329'}, 'picture': {'large': 'https://randomuser.me/api/portraits/men/12.jpg', 'medium': 'https://randomuser.me/api/portraits/med/men/12.jpg', 'thumbnail': 'https://randomuser.me/api/portraits/thumb/men/12.jpg'}, 'nat': 'NL'}</msg>
<arg>${json_data['results'][0]}</arg>
<doc>Logs the given message with the given level.</doc>
<status status="PASS" start="2024-06-22T06:19:59.357333" elapsed="0.000407"/>
</kw>
<kw name="Log" owner="BuiltIn">
<msg time="2024-06-22T06:19:59.358190" level="INFO">email</msg>
<arg>${key}</arg>
<doc>Logs the given message with the given level.</doc>
<status status="PASS" start="2024-06-22T06:19:59.358028" elapsed="0.000202"/>
</kw>
<var name="${key}">email</var>
<status status="PASS" start="2024-06-22T06:19:59.356669" elapsed="0.001775"/>
</iter>
<iter>
<kw name="Dictionary Should Contain Key" owner="Collections">
<arg>${json_data['results'][0]}</arg>
<arg>${key}</arg>
<doc>Fails if ``key`` is not found from ``dictionary``.</doc>
<status status="PASS" start="2024-06-22T06:19:59.358728" elapsed="0.000383"/>
</kw>
<kw name="Log" owner="BuiltIn">
<msg time="2024-06-22T06:19:59.359635" level="INFO">{'gender': 'male', 'name': {'title': 'Mr', 'first': 'Esteban', 'last': 'Brattinga'}, 'location': {'street': {'number': 3333, 'name': 'Gitaarstraat'}, 'city': 'Oost West en Middelbeers', 'state': 'Utrecht', 'country': 'Netherlands', 'postcode': '8709 YN', 'coordinates': {'latitude': '34.5915', 'longitude': '-103.5835'}, 'timezone': {'offset': '+1:00', 'description': 'Brussels, Copenhagen, Madrid, Paris'}}, 'email': 'esteban.brattinga@example.com', 'login': {'uuid': '41759ac9-3f6f-455b-a6d2-4d019a1098da', 'username': 'smalldog336', 'password': 'gspot', 'salt': 'o0z9txTQ', 'md5': 'dac7f2f301a9f40065f1b909e7e1cb0f', 'sha1': 'e5170bee34c9718a34c9b1f4e580aa421b3edabb', 'sha256': '4838da16a70501da226bdd6805b0c360660e3e70f5586cf7b56aba272e483293'}, 'dob': {'date': '1991-06-05T16:23:40.488Z', 'age': 33}, 'registered': {'date': '2002-05-08T12:32:17.823Z', 'age': 22}, 'phone': '(056) 0065867', 'cell': '(06) 79512324', 'id': {'name': 'BSN', 'value': '18281329'}, 'picture': {'large': 'https://randomuser.me/api/portraits/men/12.jpg', 'medium': 'https://randomuser.me/api/portraits/med/men/12.jpg', 'thumbnail': 'https://randomuser.me/api/portraits/thumb/men/12.jpg'}, 'nat': 'NL'}</msg>
<arg>${json_data['results'][0]}</arg>
<doc>Logs the given message with the given level.</doc>
<status status="PASS" start="2024-06-22T06:19:59.359291" elapsed="0.000392"/>
</kw>
<kw name="Log" owner="BuiltIn">
<msg time="2024-06-22T06:19:59.360102" level="INFO">login</msg>
<arg>${key}</arg>
<doc>Logs the given message with the given level.</doc>
<status status="PASS" start="2024-06-22T06:19:59.359972" elapsed="0.000168"/>
</kw>
<var name="${key}">login</var>
<status status="PASS" start="2024-06-22T06:19:59.358622" elapsed="0.001730"/>
</iter>
<var>${key}</var>
<value>@{expected_keys}</value>
<status status="PASS" start="2024-06-22T06:19:59.350600" elapsed="0.009871"/>
</for>
<kw name="Create List" owner="BuiltIn">
<msg time="2024-06-22T06:19:59.360822" level="INFO">${expected_keysTwo} = ['username', 'password']</msg>
<var>${expected_keysTwo}</var>
<arg>username</arg>
<arg>password</arg>
<doc>Returns a list containing given items.</doc>
<status status="PASS" start="2024-06-22T06:19:59.360686" elapsed="0.000162"/>
</kw>
<for flavor="IN">
<iter>
<kw name="Dictionary Should Contain Key" owner="Collections">
<arg>${json_data['results'][0]['login']}</arg>
<arg>${keyTwo}</arg>
<doc>Fails if ``key`` is not found from ``dictionary``.</doc>
<status status="PASS" start="2024-06-22T06:19:59.361339" elapsed="0.000383"/>
</kw>
<kw name="Dictionary Should Contain Key" owner="Collections">
<arg>${json_data['results'][0]['login']}</arg>
<arg>${keyTwo}</arg>
<doc>Fails if ``key`` is not found from ``dictionary``.</doc>
<status status="PASS" start="2024-06-22T06:19:59.361898" elapsed="0.000409"/>
</kw>
<kw name="Log" owner="BuiltIn">
<msg time="2024-06-22T06:19:59.362603" level="INFO">username</msg>
<arg>${keyTwo}</arg>
<doc>Logs the given message with the given level.</doc>
<status status="PASS" start="2024-06-22T06:19:59.362483" elapsed="0.000158"/>
</kw>
<var name="${keyTwo}">username</var>
<status status="PASS" start="2024-06-22T06:19:59.361233" elapsed="0.001628"/>
</iter>
<iter>
<kw name="Dictionary Should Contain Key" owner="Collections">
<arg>${json_data['results'][0]['login']}</arg>
<arg>${keyTwo}</arg>
<doc>Fails if ``key`` is not found from ``dictionary``.</doc>
<status status="PASS" start="2024-06-22T06:19:59.363135" elapsed="0.000381"/>
</kw>
<kw name="Dictionary Should Contain Key" owner="Collections">
<arg>${json_data['results'][0]['login']}</arg>
<arg>${keyTwo}</arg>
<doc>Fails if ``key`` is not found from ``dictionary``.</doc>
<status status="PASS" start="2024-06-22T06:19:59.363690" elapsed="0.000375"/>
</kw>
<kw name="Log" owner="BuiltIn">
<msg time="2024-06-22T06:19:59.364357" level="INFO">password</msg>
<arg>${keyTwo}</arg>
<doc>Logs the given message with the given level.</doc>
<status status="PASS" start="2024-06-22T06:19:59.364241" elapsed="0.000154"/>
</kw>
<var name="${keyTwo}">password</var>
<status status="PASS" start="2024-06-22T06:19:59.363030" elapsed="0.001581"/>
</iter>
<var>${keyTwo}</var>
<value>@{expected_keysTwo}</value>
<status status="PASS" start="2024-06-22T06:19:59.361082" elapsed="0.003647"/>
</for>
<status status="PASS" start="2024-06-22T06:19:59.254874" elapsed="0.109992"/>
</kw>
<doc>Testa a estrutura da resposta da API.</doc>
<tag>testeEstruturaResposta</tag>
<status status="PASS" start="2024-06-22T06:19:59.254307" elapsed="0.110707"/>
</test>
<test id="s1-s1-t4" name="Validar tipos de dados" line="28">
<kw name="Teste de Tipos de Dados" owner="random-user-service">
<kw name="GET On Session" owner="RequestsLibrary">
<msg time="2024-06-22T06:19:59.445906" level="INFO">GET Request : url=https://randomuser.me/api 
 path_url=/api 
 headers={'User-Agent': 'python-requests/2.32.3', 'Accept-Encoding': 'gzip, deflate', 'Accept': '*/*', 'Connection': 'keep-alive'} 
 body=None 
 </msg>
<msg time="2024-06-22T06:19:59.445984" level="INFO">GET Response : url=https://randomuser.me/api 
 status=200, reason=OK 
 headers={'Date': 'Sat, 22 Jun 2024 06:19:59 GMT', 'Content-Type': 'application/json; charset=utf-8', 'Transfer-Encoding': 'chunked', 'Connection': 'keep-alive', 'X-Powered-By': 'Express', 'Access-Control-Allow-Origin': '*', 'Cache-Control': 'no-cache', 'ETag': 'W/"49b-UMhJ2qnd+SgL2hEe60Hk8EpAUFE"', 'Vary': 'Accept-Encoding', 'Content-Encoding': 'gzip', 'CF-Cache-Status': 'DYNAMIC', 'Report-To': '{"endpoints":[{"url":"https:\\/\\/a.nel.cloudflare.com\\/report\\/v4?s=kcOI1FpbNrM%2FY6Mt%2FM98fR58wvARrIsCkasclkofs64kh2aoprVekYbVfe50tTdY63I6cXaWSIZ7qL5TwkvfY7f8L9wHlzM9m2JH3CjFLqpEy%2BN3QDLdxaMm2GfbGcBM"}],"group":"cf-nel","max_age":604800}', 'NEL': '{"success_fraction":0,"report_to":"cf-nel","max_age":604800}', 'Server': 'cloudflare', 'CF-RAY': '897a21400e6e8206-IAD', 'alt-svc': 'h3=":443"; ma=86400'} 
 body={"results":[{"gender":"male","name":{"title":"Mr","first":"Juho","last":"Rantanen"},"location":{"street":{"number":2121,"name":"Suvantokatu"},"city":"Rääkkylä","state":"Finland Proper","country":"Finland","postcode":88452,"coordinates":{"latitude":"-24.2016","longitude":"-172.5198"},"timezone":{"offset":"+10:00","description":"Eastern Australia, Guam, Vladivostok"}},"email":"juho.rantanen@example.com","login":{"uuid":"6cf3dc2d-6586-41dc-a254-5fba0e86d7d5","username":"greenfish395","password":"bigdog","salt":"ytIxg2W4","md5":"293cc4098b2052af000368bc9f1c5fea","sha1":"80a9fe65e505490179bc01401078b106f39146a4","sha256":"13273a92942dc2009cafe72444659fddc3a7c3c07e6a7ff3b6d6042b7a9a726c"},"dob":{"date":"1998-10-28T02:28:06.060Z","age":25},"registered":{"date":"2016-03-20T19:30:30.727Z","age":8},"phone":"02-854-848","cell":"043-439-30-24","id":{"name":"HETU","value":"NaNNA311undefined"},"picture":{"large":"https://randomuser.me/api/portraits/men/68.jpg","medium":"https://randomuser.me/api/portraits/med/men/68.jpg","thumbnail":"https://randomuser.me/api/portraits/thumb/men/68.jpg"},"nat":"FI"}],"info":{"seed":"62e9c0b945b45034","results":1,"page":1,"version":"1.4"}} 
 </msg>
<msg time="2024-06-22T06:19:59.446055" level="INFO">/opt/hostedtoolcache/Python/3.12.4/x64/lib/python3.12/site-packages/urllib3/connectionpool.py:1099: InsecureRequestWarning: Unverified HTTPS request is being made to host 'randomuser.me'. Adding certificate verification is strongly advised. See: https://urllib3.readthedocs.io/en/latest/advanced-usage.html#tls-warnings
  warnings.warn(</msg>
<msg time="2024-06-22T06:19:59.446240" level="INFO">${response} = &lt;Response [200]&gt;</msg>
<var>${response}</var>
<arg>consultarAPI</arg>
<arg>/api</arg>
<doc>Sends a GET request on a previously created HTTP Session.</doc>
<status status="PASS" start="2024-06-22T06:19:59.367568" elapsed="0.078716"/>
</kw>
<kw name="Set Variable" owner="BuiltIn">
<msg time="2024-06-22T06:19:59.447085" level="INFO">${json_data} = {'results': [{'gender': 'male', 'name': {'title': 'Mr', 'first': 'Juho', 'last': 'Rantanen'}, 'location': {'street': {'number': 2121, 'name': 'Suvantokatu'}, 'city': 'Rääkkylä', 'state': 'Finland Prop...</msg>
<var>${json_data}</var>
<arg>${response.json()}</arg>
<doc>Returns the given values which can then be assigned to a variables.</doc>
<status status="PASS" start="2024-06-22T06:19:59.446630" elapsed="0.000484"/>
</kw>
<kw name="Log" owner="BuiltIn">
<msg time="2024-06-22T06:19:59.447564" level="INFO">{'results': [{'gender': 'male', 'name': {'title': 'Mr', 'first': 'Juho', 'last': 'Rantanen'}, 'location': {'street': {'number': 2121, 'name': 'Suvantokatu'}, 'city': 'Rääkkylä', 'state': 'Finland Proper', 'country': 'Finland', 'postcode': 88452, 'coordinates': {'latitude': '-24.2016', 'longitude': '-172.5198'}, 'timezone': {'offset': '+10:00', 'description': 'Eastern Australia, Guam, Vladivostok'}}, 'email': 'juho.rantanen@example.com', 'login': {'uuid': '6cf3dc2d-6586-41dc-a254-5fba0e86d7d5', 'username': 'greenfish395', 'password': 'bigdog', 'salt': 'ytIxg2W4', 'md5': '293cc4098b2052af000368bc9f1c5fea', 'sha1': '80a9fe65e505490179bc01401078b106f39146a4', 'sha256': '13273a92942dc2009cafe72444659fddc3a7c3c07e6a7ff3b6d6042b7a9a726c'}, 'dob': {'date': '1998-10-28T02:28:06.060Z', 'age': 25}, 'registered': {'date': '2016-03-20T19:30:30.727Z', 'age': 8}, 'phone': '02-854-848', 'cell': '043-439-30-24', 'id': {'name': 'HETU', 'value': 'NaNNA311undefined'}, 'picture': {'large': 'https://randomuser.me/api/portraits/men/68.jpg', 'medium': 'https://randomuser.me/api/portraits/med/men/68.jpg', 'thumbnail': 'https://randomuser.me/api/portraits/thumb/men/68.jpg'}, 'nat': 'FI'}], 'info': {'seed': '62e9c0b945b45034', 'results': 1, 'page': 1, 'version': '1.4'}}</msg>
<arg>${json_data}</arg>
<doc>Logs the given message with the given level.</doc>
<status status="PASS" start="2024-06-22T06:19:59.447413" elapsed="0.000199"/>
</kw>
<kw name="Should Be String" owner="String">
<arg>${json_data['results'][0]['gender']}</arg>
<doc>Fails if the given ``item`` is not a string.</doc>
<status status="PASS" start="2024-06-22T06:19:59.447897" elapsed="0.000369"/>
</kw>
<kw name="Should Match Regexp" owner="BuiltIn">
<arg>${json_data['results'][0]['email']}</arg>
<arg>^[a-zA-Z0-9._%+-]+@[a-zA-Z0-9.-]+\.[a-zA-Z]{2,}$</arg>
<doc>Fails if ``string`` does not match ``pattern`` as a regular expression.</doc>
<status status="PASS" start="2024-06-22T06:19:59.448486" elapsed="0.000513"/>
</kw>
<kw name="Should Match Regexp" owner="BuiltIn">
<arg>${json_data['results'][0]['dob']['date']}</arg>
<arg>\\d{4}-\\d{2}-\\d{2}T\\d{2}:\\d{2}:\\d{2}\\.\\d{3}Z</arg>
<doc>Fails if ``string`` does not match ``pattern`` as a regular expression.</doc>
<status status="PASS" start="2024-06-22T06:19:59.449191" elapsed="0.000483"/>
</kw>
<kw name="Should Match Regexp" owner="BuiltIn">
<arg>${json_data['results'][0]['registered']['date']}</arg>
<arg>\\d{4}-\\d{2}-\\d{2}T\\d{2}:\\d{2}:\\d{2}\\.\\d{3}Z</arg>
<doc>Fails if ``string`` does not match ``pattern`` as a regular expression.</doc>
<status status="PASS" start="2024-06-22T06:19:59.449862" elapsed="0.000428"/>
</kw>
<kw name="Should Match Regexp" owner="BuiltIn">
<arg>${json_data['results'][0]['picture']['large']}</arg>
<arg>^https?://.*\.(?:png|jpe?g|gif|bmp)$</arg>
<doc>Fails if ``string`` does not match ``pattern`` as a regular expression.</doc>
<status status="PASS" start="2024-06-22T06:19:59.450477" elapsed="0.000456"/>
</kw>
<kw name="Should Match Regexp" owner="BuiltIn">
<arg>${json_data['results'][0]['picture']['medium']}</arg>
<arg>^https?://.*\.(?:png|jpe?g|gif|bmp)$</arg>
<doc>Fails if ``string`` does not match ``pattern`` as a regular expression.</doc>
<status status="PASS" start="2024-06-22T06:19:59.451117" elapsed="0.000359"/>
</kw>
<kw name="Should Match Regexp" owner="BuiltIn">
<arg>${json_data['results'][0]['picture']['thumbnail']}</arg>
<arg>^https?://.*\.(?:png|jpe?g|gif|bmp)$</arg>
<doc>Fails if ``string`` does not match ``pattern`` as a regular expression.</doc>
<status status="PASS" start="2024-06-22T06:19:59.451658" elapsed="0.000349"/>
</kw>
<kw name="Log" owner="BuiltIn">
<msg time="2024-06-22T06:19:59.452504" level="INFO">{'large': 'https://randomuser.me/api/portraits/men/68.jpg', 'medium': 'https://randomuser.me/api/portraits/med/men/68.jpg', 'thumbnail': 'https://randomuser.me/api/portraits/thumb/men/68.jpg'}</msg>
<arg>${json_data['results'][0]['picture']}</arg>
<doc>Logs the given message with the given level.</doc>
<status status="PASS" start="2024-06-22T06:19:59.452184" elapsed="0.000363"/>
</kw>
<status status="PASS" start="2024-06-22T06:19:59.367346" elapsed="0.085452"/>
</kw>
<kw name="Teste de Tipos de Dados - Postcode" owner="random-user-service">
<kw name="GET On Session" owner="RequestsLibrary">
<msg time="2024-06-22T06:19:59.544546" level="INFO">GET Request : url=https://randomuser.me/api 
 path_url=/api 
 headers={'User-Agent': 'python-requests/2.32.3', 'Accept-Encoding': 'gzip, deflate', 'Accept': '*/*', 'Connection': 'keep-alive'} 
 body=None 
 </msg>
<msg time="2024-06-22T06:19:59.544613" level="INFO">GET Response : url=https://randomuser.me/api 
 status=200, reason=OK 
 headers={'Date': 'Sat, 22 Jun 2024 06:19:59 GMT', 'Content-Type': 'application/json; charset=utf-8', 'Transfer-Encoding': 'chunked', 'Connection': 'keep-alive', 'X-Powered-By': 'Express', 'Access-Control-Allow-Origin': '*', 'Cache-Control': 'no-cache', 'ETag': 'W/"490-6+MDqMMT2kDRIpU0PO2xDz7FbYQ"', 'Vary': 'Accept-Encoding', 'Content-Encoding': 'gzip', 'CF-Cache-Status': 'DYNAMIC', 'Report-To': '{"endpoints":[{"url":"https:\\/\\/a.nel.cloudflare.com\\/report\\/v4?s=zPBp%2F0nkdNngSngGukM0wHjZl1sOTi%2FkAzq1QVtMHdsfi1aPOdbgPV7cY2tXhBSuwDMlDdaJE4bnWaHtwuOoP0pg3mPkxsr5NQWxb29YmpZpn93ORsusUvaCRLM5J5qH"}],"group":"cf-nel","max_age":604800}', 'NEL': '{"success_fraction":0,"report_to":"cf-nel","max_age":604800}', 'Server': 'cloudflare', 'CF-RAY': '897a21409ecc8206-IAD', 'alt-svc': 'h3=":443"; ma=86400'} 
 body={"results":[{"gender":"male","name":{"title":"Mr","first":"Batko","last":"Bodyanskiy"},"location":{"street":{"number":6187,"name":"Provulok Musorgskogo"},"city":"Kurahove","state":"Mikolayivska","country":"Ukraine","postcode":96769,"coordinates":{"latitude":"81.1390","longitude":"-47.4410"},"timezone":{"offset":"+4:00","description":"Abu Dhabi, Muscat, Baku, Tbilisi"}},"email":"batko.bodyanskiy@example.com","login":{"uuid":"0199978f-dee0-41ca-b736-c2feb03a4152","username":"brownkoala793","password":"jones","salt":"246bfXOD","md5":"5b4cc4ca101e520d92cf85793e791584","sha1":"48ba136ca90ae0ad53e0fd84cd33e47130a1b300","sha256":"92cb91e21f5a28d8e29846ffb7e1bcaca3d9355c5051cc3a8b034f1d496e5510"},"dob":{"date":"1952-12-13T07:11:01.513Z","age":71},"registered":{"date":"2021-04-17T16:25:59.630Z","age":3},"phone":"(098) A26-2131","cell":"(096) S45-7719","id":{"name":"","value":null},"picture":{"large":"https://randomuser.me/api/portraits/men/90.jpg","medium":"https://randomuser.me/api/portraits/med/men/90.jpg","thumbnail":"https://randomuser.me/api/portraits/thumb/men/90.jpg"},"nat":"UA"}],"info":{"seed":"266e6ddffb1c8f60","results":1,"page":1,"version":"1.4"}} 
 </msg>
<msg time="2024-06-22T06:19:59.544669" level="INFO">/opt/hostedtoolcache/Python/3.12.4/x64/lib/python3.12/site-packages/urllib3/connectionpool.py:1099: InsecureRequestWarning: Unverified HTTPS request is being made to host 'randomuser.me'. Adding certificate verification is strongly advised. See: https://urllib3.readthedocs.io/en/latest/advanced-usage.html#tls-warnings
  warnings.warn(</msg>
<msg time="2024-06-22T06:19:59.544781" level="INFO">${response} = &lt;Response [200]&gt;</msg>
<var>${response}</var>
<arg>consultarAPI</arg>
<arg>/api</arg>
<doc>Sends a GET request on a previously created HTTP Session.</doc>
<status status="PASS" start="2024-06-22T06:19:59.453223" elapsed="0.091600"/>
</kw>
<kw name="Set Variable" owner="BuiltIn">
<msg time="2024-06-22T06:19:59.545699" level="INFO">${json_data} = {'results': [{'gender': 'male', 'name': {'title': 'Mr', 'first': 'Batko', 'last': 'Bodyanskiy'}, 'location': {'street': {'number': 6187, 'name': 'Provulok Musorgskogo'}, 'city': 'Kurahove', 'state': '...</msg>
<var>${json_data}</var>
<arg>${response.json()}</arg>
<doc>Returns the given values which can then be assigned to a variables.</doc>
<status status="PASS" start="2024-06-22T06:19:59.545244" elapsed="0.000482"/>
</kw>
<kw name="Log" owner="BuiltIn">
<msg time="2024-06-22T06:19:59.546219" level="INFO">{'results': [{'gender': 'male', 'name': {'title': 'Mr', 'first': 'Batko', 'last': 'Bodyanskiy'}, 'location': {'street': {'number': 6187, 'name': 'Provulok Musorgskogo'}, 'city': 'Kurahove', 'state': 'Mikolayivska', 'country': 'Ukraine', 'postcode': 96769, 'coordinates': {'latitude': '81.1390', 'longitude': '-47.4410'}, 'timezone': {'offset': '+4:00', 'description': 'Abu Dhabi, Muscat, Baku, Tbilisi'}}, 'email': 'batko.bodyanskiy@example.com', 'login': {'uuid': '0199978f-dee0-41ca-b736-c2feb03a4152', 'username': 'brownkoala793', 'password': 'jones', 'salt': '246bfXOD', 'md5': '5b4cc4ca101e520d92cf85793e791584', 'sha1': '48ba136ca90ae0ad53e0fd84cd33e47130a1b300', 'sha256': '92cb91e21f5a28d8e29846ffb7e1bcaca3d9355c5051cc3a8b034f1d496e5510'}, 'dob': {'date': '1952-12-13T07:11:01.513Z', 'age': 71}, 'registered': {'date': '2021-04-17T16:25:59.630Z', 'age': 3}, 'phone': '(098) A26-2131', 'cell': '(096) S45-7719', 'id': {'name': '', 'value': None}, 'picture': {'large': 'https://randomuser.me/api/portraits/men/90.jpg', 'medium': 'https://randomuser.me/api/portraits/med/men/90.jpg', 'thumbnail': 'https://randomuser.me/api/portraits/thumb/men/90.jpg'}, 'nat': 'UA'}], 'info': {'seed': '266e6ddffb1c8f60', 'results': 1, 'page': 1, 'version': '1.4'}}</msg>
<arg>${json_data}</arg>
<doc>Logs the given message with the given level.</doc>
<status status="PASS" start="2024-06-22T06:19:59.546019" elapsed="0.000248"/>
</kw>
<kw name="Should Be Equal As Numbers" owner="BuiltIn">
<arg>${json_data['results'][0]['location']['postcode']}</arg>
<arg>${json_data['results'][0]['location']['postcode']}</arg>
<doc>Fails if objects are unequal after converting them to real numbers.</doc>
<status status="PASS" start="2024-06-22T06:19:59.546557" elapsed="0.000620"/>
</kw>
<kw name="Log" owner="BuiltIn">
<msg time="2024-06-22T06:19:59.547725" level="INFO">96769</msg>
<arg>${json_data['results'][0]['location']['postcode']}</arg>
<doc>Logs the given message with the given level.</doc>
<status status="PASS" start="2024-06-22T06:19:59.547393" elapsed="0.000373"/>
</kw>
<status status="PASS" start="2024-06-22T06:19:59.453008" elapsed="0.095003"/>
</kw>
<doc>Testa se os tipos de dados na resposta da API estão corretos.</doc>
<tag>testeTiposDados</tag>
<status status="PASS" start="2024-06-22T06:19:59.366807" elapsed="0.181363"/>
</test>
<test id="s1-s1-t5" name="Validar conteudo" line="35">
<kw name="Teste de Tipos de Conteudo" owner="random-user-service">
<kw name="GET On Session" owner="RequestsLibrary">
<msg time="2024-06-22T06:19:59.648238" level="INFO">GET Request : url=https://randomuser.me/api 
 path_url=/api 
 headers={'User-Agent': 'python-requests/2.32.3', 'Accept-Encoding': 'gzip, deflate', 'Accept': '*/*', 'Connection': 'keep-alive'} 
 body=None 
 </msg>
<msg time="2024-06-22T06:19:59.648329" level="INFO">GET Response : url=https://randomuser.me/api 
 status=200, reason=OK 
 headers={'Date': 'Sat, 22 Jun 2024 06:19:59 GMT', 'Content-Type': 'application/json; charset=utf-8', 'Transfer-Encoding': 'chunked', 'Connection': 'keep-alive', 'X-Powered-By': 'Express', 'Access-Control-Allow-Origin': '*', 'Cache-Control': 'no-cache', 'ETag': 'W/"4a4-Lc+j0bcNTsLwRYIboznC7gJ9E2k"', 'Vary': 'Accept-Encoding', 'Content-Encoding': 'gzip', 'CF-Cache-Status': 'DYNAMIC', 'Report-To': '{"endpoints":[{"url":"https:\\/\\/a.nel.cloudflare.com\\/report\\/v4?s=yVGtDRZVM3oFUikS%2FHYq9mwy5gDpqyQL35QlWQPEjSbnAZMklENcU48SDrZwVKLqt1Fc%2BbqSc8AZF0uji7CUkg4ShlGFN8hLc3zZ9o5PDLLnI5Ui4G%2Fc%2FzNSSziVmac7"}],"group":"cf-nel","max_age":604800}', 'NEL': '{"success_fraction":0,"report_to":"cf-nel","max_age":604800}', 'Server': 'cloudflare', 'CF-RAY': '897a21413f3b8206-IAD', 'alt-svc': 'h3=":443"; ma=86400'} 
 body={"results":[{"gender":"male","name":{"title":"Mr","first":"Jairo","last":"Esquivel"},"location":{"street":{"number":3849,"name":"Callejón Sur Vaca"},"city":"San José Viejo","state":"Morelos","country":"Mexico","postcode":76061,"coordinates":{"latitude":"25.3986","longitude":"-121.7173"},"timezone":{"offset":"+11:00","description":"Magadan, Solomon Islands, New Caledonia"}},"email":"jairo.esquivel@example.com","login":{"uuid":"75f64b8b-f772-4809-a88e-5ae6fd9e3962","username":"orangetiger426","password":"mack","salt":"7DCkHaIN","md5":"19e577c7f5072ee8b1b6ca397ac322b9","sha1":"b1fddc2853464dea7b4b35b57d12e2f7fa778d89","sha256":"b862bc096897029310a75e54f4bcbf6dfcce258e0990f17bef6095ff4dbf67e4"},"dob":{"date":"1980-03-10T12:48:55.251Z","age":44},"registered":{"date":"2020-06-21T03:10:57.038Z","age":4},"phone":"(698) 592 6314","cell":"(683) 408 5888","id":{"name":"NSS","value":"65 40 39 2964 9"},"picture":{"large":"https://randomuser.me/api/portraits/men/39.jpg","medium":"https://randomuser.me/api/portraits/med/men/39.jpg","thumbnail":"https://randomuser.me/api/portraits/thumb/men/39.jpg"},"nat":"MX"}],"info":{"seed":"e5d045f9e90f664f","results":1,"page":1,"version":"1.4"}} 
 </msg>
<msg time="2024-06-22T06:19:59.648420" level="INFO">/opt/hostedtoolcache/Python/3.12.4/x64/lib/python3.12/site-packages/urllib3/connectionpool.py:1099: InsecureRequestWarning: Unverified HTTPS request is being made to host 'randomuser.me'. Adding certificate verification is strongly advised. See: https://urllib3.readthedocs.io/en/latest/advanced-usage.html#tls-warnings
  warnings.warn(</msg>
<msg time="2024-06-22T06:19:59.648538" level="INFO">${response} = &lt;Response [200]&gt;</msg>
<var>${response}</var>
<arg>consultarAPI</arg>
<arg>/api</arg>
<doc>Sends a GET request on a previously created HTTP Session.</doc>
<status status="PASS" start="2024-06-22T06:19:59.550710" elapsed="0.097871"/>
</kw>
<kw name="Set Variable" owner="BuiltIn">
<msg time="2024-06-22T06:19:59.649420" level="INFO">${json_data} = {'results': [{'gender': 'male', 'name': {'title': 'Mr', 'first': 'Jairo', 'last': 'Esquivel'}, 'location': {'street': {'number': 3849, 'name': 'Callejón Sur Vaca'}, 'city': 'San José Viejo', 'state': ...</msg>
<var>${json_data}</var>
<arg>${response.json()}</arg>
<doc>Returns the given values which can then be assigned to a variables.</doc>
<status status="PASS" start="2024-06-22T06:19:59.648980" elapsed="0.000467"/>
</kw>
<kw name="Set Variable" owner="BuiltIn">
<msg time="2024-06-22T06:19:59.650159" level="INFO">${name_title} = Mr</msg>
<var>${name_title}</var>
<arg>${json_data["results"][0]["name"]["title"]}</arg>
<doc>Returns the given values which can then be assigned to a variables.</doc>
<status status="PASS" start="2024-06-22T06:19:59.649742" elapsed="0.000444"/>
</kw>
<kw name="Create List" owner="BuiltIn">
<msg time="2024-06-22T06:19:59.650633" level="INFO">${allowed_titles} = ['Mr', 'Ms', 'Miss', 'Mrs', 'Madame', 'Monsieur']</msg>
<var>${allowed_titles}</var>
<arg>Mr</arg>
<arg>Ms</arg>
<arg>Miss</arg>
<arg>Mrs</arg>
<arg>Madame</arg>
<arg>Monsieur</arg>
<doc>Returns a list containing given items.</doc>
<status status="PASS" start="2024-06-22T06:19:59.650486" elapsed="0.000172"/>
</kw>
<kw name="List Should Contain Value" owner="Collections">
<arg>${allowed_titles}</arg>
<arg>${name_title}</arg>
<doc>Fails if the ``value`` is not found from ``list``.</doc>
<status status="PASS" start="2024-06-22T06:19:59.650948" elapsed="0.000185"/>
</kw>
<kw name="Set Variable" owner="BuiltIn">
<msg time="2024-06-22T06:19:59.651726" level="INFO">${name_country} = MX</msg>
<var>${name_country}</var>
<arg>${json_data["results"][0]["nat"]}</arg>
<doc>Returns the given values which can then be assigned to a variables.</doc>
<status status="PASS" start="2024-06-22T06:19:59.651354" elapsed="0.000396"/>
</kw>
<kw name="Create List" owner="BuiltIn">
<msg time="2024-06-22T06:19:59.652625" level="INFO">${list_country} = ['AD', 'AE', 'AF', 'AG', 'AI', 'AL', 'AM', 'AO', 'AQ', 'AR', 'AS', 'AT', 'AU', 'AW', 'AX', 'AZ', 'BA', 'BB', 'BD', 'BE', 'BF', 'BG', 'BH', 'BI', 'BJ', 'BL', 'BM', 'BN', 'BO', 'BQ', 'BR', 'BS', 'BT', '...</msg>
<var>${list_country}</var>
<arg>AD</arg>
<arg>AE</arg>
<arg>AF</arg>
<arg>AG</arg>
<arg>AI</arg>
<arg>AL</arg>
<arg>AM</arg>
<arg>AO</arg>
<arg>AQ</arg>
<arg>AR</arg>
<arg>AS</arg>
<arg>AT</arg>
<arg>AU</arg>
<arg>AW</arg>
<arg>AX</arg>
<arg>AZ</arg>
<arg>BA</arg>
<arg>BB</arg>
<arg>BD</arg>
<arg>BE</arg>
<arg>BF</arg>
<arg>BG</arg>
<arg>BH</arg>
<arg>BI</arg>
<arg>BJ</arg>
<arg>BL</arg>
<arg>BM</arg>
<arg>BN</arg>
<arg>BO</arg>
<arg>BQ</arg>
<arg>BR</arg>
<arg>BS</arg>
<arg>BT</arg>
<arg>BV</arg>
<arg>BW</arg>
<arg>BY</arg>
<arg>BZ</arg>
<arg>CA</arg>
<arg>CC</arg>
<arg>CD</arg>
<arg>CF</arg>
<arg>CG</arg>
<arg>CH</arg>
<arg>CI</arg>
<arg>CK</arg>
<arg>CL</arg>
<arg>CM</arg>
<arg>CN</arg>
<arg>CO</arg>
<arg>CR</arg>
<arg>CU</arg>
<arg>CV</arg>
<arg>CW</arg>
<arg>CX</arg>
<arg>CY</arg>
<arg>CZ</arg>
<arg>DE</arg>
<arg>DJ</arg>
<arg>DK</arg>
<arg>DM</arg>
<arg>DO</arg>
<arg>DZ</arg>
<arg>EC</arg>
<arg>EE</arg>
<arg>EG</arg>
<arg>EH</arg>
<arg>ER</arg>
<arg>ES</arg>
<arg>ET</arg>
<arg>FI</arg>
<arg>FJ</arg>
<arg>FK</arg>
<arg>FM</arg>
<arg>FO</arg>
<arg>FR</arg>
<arg>GA</arg>
<arg>GB</arg>
<arg>GD</arg>
<arg>GE</arg>
<arg>GF</arg>
<arg>GG</arg>
<arg>GH</arg>
<arg>GI</arg>
<arg>GL</arg>
<arg>GM</arg>
<arg>GN</arg>
<arg>GP</arg>
<arg>GQ</arg>
<arg>GR</arg>
<arg>GS</arg>
<arg>GT</arg>
<arg>GU</arg>
<arg>GW</arg>
<arg>GY</arg>
<arg>HK</arg>
<arg>HM</arg>
<arg>HN</arg>
<arg>HR</arg>
<arg>HT</arg>
<arg>HU</arg>
<arg>ID</arg>
<arg>IE</arg>
<arg>IL</arg>
<arg>IM</arg>
<arg>IN</arg>
<arg>IO</arg>
<arg>IQ</arg>
<arg>IR</arg>
<arg>IS</arg>
<arg>IT</arg>
<arg>JE</arg>
<arg>JM</arg>
<arg>JO</arg>
<arg>JP</arg>
<arg>KE</arg>
<arg>KG</arg>
<arg>KH</arg>
<arg>KI</arg>
<arg>KM</arg>
<arg>KN</arg>
<arg>KP</arg>
<arg>KR</arg>
<arg>KW</arg>
<arg>KY</arg>
<arg>KZ</arg>
<arg>LA</arg>
<arg>LB</arg>
<arg>LC</arg>
<arg>LI</arg>
<arg>LK</arg>
<arg>LR</arg>
<arg>LS</arg>
<arg>LT</arg>
<arg>LU</arg>
<arg>LV</arg>
<arg>LY</arg>
<arg>MA</arg>
<arg>MC</arg>
<arg>MD</arg>
<arg>ME</arg>
<arg>MF</arg>
<arg>MG</arg>
<arg>MH</arg>
<arg>MK</arg>
<arg>ML</arg>
<arg>MM</arg>
<arg>MN</arg>
<arg>MO</arg>
<arg>MP</arg>
<arg>MQ</arg>
<arg>MR</arg>
<arg>MS</arg>
<arg>MT</arg>
<arg>MU</arg>
<arg>MV</arg>
<arg>MW</arg>
<arg>MX</arg>
<arg>MY</arg>
<arg>MZ</arg>
<arg>NA</arg>
<arg>NC</arg>
<arg>NE</arg>
<arg>NF</arg>
<arg>NG</arg>
<arg>NI</arg>
<arg>NL</arg>
<arg>NO</arg>
<arg>NP</arg>
<arg>NR</arg>
<arg>NU</arg>
<arg>NZ</arg>
<arg>OM</arg>
<arg>PA</arg>
<arg>PE</arg>
<arg>PF</arg>
<arg>PG</arg>
<arg>PH</arg>
<arg>PK</arg>
<arg>PL</arg>
<arg>PM</arg>
<arg>PN</arg>
<arg>PR</arg>
<arg>PS</arg>
<arg>PT</arg>
<arg>PW</arg>
<arg>PY</arg>
<arg>QA</arg>
<arg>RE</arg>
<arg>RO</arg>
<arg>RS</arg>
<arg>RU</arg>
<arg>RW</arg>
<arg>SA</arg>
<arg>SB</arg>
<arg>SC</arg>
<arg>SD</arg>
<arg>SE</arg>
<arg>SG</arg>
<arg>SH</arg>
<arg>SI</arg>
<arg>SJ</arg>
<arg>SK</arg>
<arg>SL</arg>
<arg>SM</arg>
<arg>SN</arg>
<arg>SO</arg>
<arg>SR</arg>
<arg>SS</arg>
<arg>ST</arg>
<arg>SV</arg>
<arg>SX</arg>
<arg>SY</arg>
<arg>SZ</arg>
<arg>TC</arg>
<arg>TD</arg>
<arg>TF</arg>
<arg>TG</arg>
<arg>TH</arg>
<arg>TJ</arg>
<arg>TK</arg>
<arg>TL</arg>
<arg>TM</arg>
<arg>TN</arg>
<arg>TO</arg>
<arg>TR</arg>
<arg>TT</arg>
<arg>TV</arg>
<arg>TW</arg>
<arg>TZ</arg>
<arg>UA</arg>
<arg>UG</arg>
<arg>UM</arg>
<arg>US</arg>
<arg>UY</arg>
<arg>UZ</arg>
<arg>VA</arg>
<arg>VC</arg>
<arg>VE</arg>
<arg>VG</arg>
<arg>VI</arg>
<arg>VN</arg>
<arg>VU</arg>
<arg>WF</arg>
<arg>WS</arg>
<arg>XK</arg>
<arg>YE</arg>
<arg>YT</arg>
<arg>ZA</arg>
<arg>ZM</arg>
<arg>ZW</arg>
<doc>Returns a list containing given items.</doc>
<status status="PASS" start="2024-06-22T06:19:59.652034" elapsed="0.000616"/>
</kw>
<kw name="List Should Contain Value" owner="Collections">
<arg>${list_country}</arg>
<arg>${name_country}</arg>
<doc>Fails if the ``value`` is not found from ``list``.</doc>
<status status="PASS" start="2024-06-22T06:19:59.653432" elapsed="0.000201"/>
</kw>
<kw name="Run Keyword If" owner="BuiltIn">
<kw name="Should Be True" owner="BuiltIn">
<arg>${True}</arg>
<doc>Fails if the given condition is not true.</doc>
<status status="PASS" start="2024-06-22T06:19:59.654567" elapsed="0.000138"/>
</kw>
<arg>${json_data["results"][0]["location"]["coordinates"]["latitude"]} &gt;= -90 and ${json_data["results"][0]["location"]["coordinates"]["latitude"]} &lt;= 90</arg>
<arg>Should Be True</arg>
<arg>${True}</arg>
<doc>Runs the given keyword with the given arguments, if ``condition`` is true.</doc>
<status status="PASS" start="2024-06-22T06:19:59.653823" elapsed="0.001004"/>
</kw>
<kw name="Run Keyword If" owner="BuiltIn">
<kw name="Should Be True" owner="BuiltIn">
<arg>${True}</arg>
<doc>Fails if the given condition is not true.</doc>
<status status="PASS" start="2024-06-22T06:19:59.655686" elapsed="0.000134"/>
</kw>
<arg>${json_data["results"][0]["location"]["coordinates"]["longitude"]} &gt;= -180 and ${json_data["results"][0]["location"]["coordinates"]["longitude"]} &lt;= 180</arg>
<arg>Should Be True</arg>
<arg>${True}</arg>
<doc>Runs the given keyword with the given arguments, if ``condition`` is true.</doc>
<status status="PASS" start="2024-06-22T06:19:59.655007" elapsed="0.000954"/>
</kw>
<status status="PASS" start="2024-06-22T06:19:59.550355" elapsed="0.105733"/>
</kw>
<doc>Testa o conteúdo específico dos campos retornados pela API.</doc>
<tag>testeConteudo</tag>
<status status="PASS" start="2024-06-22T06:19:59.549872" elapsed="0.106359"/>
</test>
<status status="PASS" start="2024-06-22T06:19:58.735431" elapsed="0.922664"/>
</suite>
<status status="PASS" start="2024-06-22T06:19:58.721156" elapsed="0.942092"/>
</suite>
<statistics>
<total>
<stat pass="5" fail="0" skip="0">All Tests</stat>
</total>
<tag>
<stat pass="1" fail="0" skip="0">testeConteudo</stat>
<stat pass="1" fail="0" skip="0">testeEstruturaResposta</stat>
<stat pass="1" fail="0" skip="0">testeRequisicaoBasica</stat>
<stat pass="1" fail="0" skip="0">testeTiposDados</stat>
</tag>
<suite>
<stat pass="5" fail="0" skip="0" id="s1" name="Tests">Tests</stat>
<stat pass="5" fail="0" skip="0" id="s1-s1" name="Random-User-Test">Tests.Random-User-Test</stat>
</suite>
</statistics>
<errors>
</errors>
</robot>
