<?xml version="1.0" encoding="UTF-8"?>
<robot generator="Robot 7.0.1 (Python 3.12.4 on linux)" generated="2024-07-24T16:18:56.472681" rpa="false" schemaversion="5">
<suite id="s1" name="Tests" source="/home/runner/work/ApiRandomUser/ApiRandomUser/RamdonUser/tests">
<suite id="s1-s1" name="Random-User-Test" source="/home/runner/work/ApiRandomUser/ApiRandomUser/RamdonUser/tests/random-user-test.robot">
<test id="s1-s1-t1" name="Conectar" line="13">
<kw name="Conectar API" owner="random-user-service">
<kw name="Create Session" owner="RequestsLibrary">
<msg time="2024-07-24T16:18:56.888544" level="INFO">Creating Session using : alias=consultarAPI, url=https://randomuser.me/, headers={},                     cookies={}, auth=None, timeout=None, proxies=None, verify=False,                     debug=0 </msg>
<arg>consultarAPI</arg>
<arg>${URL}</arg>
<doc>Create Session: create a HTTP session to a server</doc>
<status status="PASS" start="2024-07-24T16:18:56.888329" elapsed="0.000429"/>
</kw>
<status status="PASS" start="2024-07-24T16:18:56.887176" elapsed="0.001975"/>
</kw>
<status status="PASS" start="2024-07-24T16:18:56.886509" elapsed="0.002838"/>
</test>
<test id="s1-s1-t2" name="Validar retorno 200 e JSON Válido" line="16">
<kw name="Teste de Requisicao Basica" owner="random-user-service">
<kw name="GET On Session" owner="RequestsLibrary">
<msg time="2024-07-24T16:18:57.073816" level="INFO">GET Request : url=https://randomuser.me/api 
 path_url=/api 
 headers={'User-Agent': 'python-requests/2.32.3', 'Accept-Encoding': 'gzip, deflate', 'Accept': '*/*', 'Connection': 'keep-alive'} 
 body=None 
 </msg>
<msg time="2024-07-24T16:18:57.073984" level="INFO">GET Response : url=https://randomuser.me/api 
 status=200, reason=OK 
 headers={'Date': 'Wed, 24 Jul 2024 16:18:57 GMT', 'Content-Type': 'application/json; charset=utf-8', 'Transfer-Encoding': 'chunked', 'Connection': 'keep-alive', 'X-Powered-By': 'Express', 'Access-Control-Allow-Origin': '*', 'Cache-Control': 'no-cache', 'ETag': 'W/"48a-RhtvH1+LGVDMReZkmWeqcL9nXxg"', 'Vary': 'Accept-Encoding', 'Content-Encoding': 'gzip', 'CF-Cache-Status': 'DYNAMIC', 'Report-To': '{"endpoints":[{"url":"https:\\/\\/a.nel.cloudflare.com\\/report\\/v4?s=eWhZqTp323epvY9QcYVelSdz4BHOjNtX5nOc8IapJYNZteGU5Xgt%2FsibghwxLxxvUVhR6pgAEiIqPrrlONc3QdlvW5MUkABdK7J4AjS44y%2BRxfuemKb%2B6Cg3agKXZgH8"}],"group":"cf-nel","max_age":604800}', 'NEL': '{"success_fraction":0,"report_to":"cf-nel","max_age":604800}', 'Server': 'cloudflare', 'CF-RAY': '8a853aa20ac32f7c-LAX', 'alt-svc': 'h3=":443"; ma=86400'} 
 body={"results":[{"gender":"male","name":{"title":"Mr","first":"Franklin","last":"Baker"},"location":{"street":{"number":8781,"name":"Killarney Road"},"city":"Waterford","state":"Donegal","country":"Ireland","postcode":31144,"coordinates":{"latitude":"3.3944","longitude":"-127.2400"},"timezone":{"offset":"+1:00","description":"Brussels, Copenhagen, Madrid, Paris"}},"email":"franklin.baker@example.com","login":{"uuid":"507e5f23-f288-43ad-9cba-f2b6133c731a","username":"sadostrich954","password":"shuai","salt":"0lGGpO1L","md5":"42729a2bd8c862c35530e7703d8f54ec","sha1":"f6bca2d8ea6bdb728f5ba384f90cb6bde752f343","sha256":"7ddc9f0d698a2af498d137c279b745641f4864508b24c8743bb51ab9c28031f4"},"dob":{"date":"1954-04-01T13:15:31.299Z","age":70},"registered":{"date":"2017-02-25T11:14:31.073Z","age":7},"phone":"011-217-4206","cell":"081-429-0446","id":{"name":"PPS","value":"1307731T"},"picture":{"large":"https://randomuser.me/api/portraits/men/38.jpg","medium":"https://randomuser.me/api/portraits/med/men/38.jpg","thumbnail":"https://randomuser.me/api/portraits/thumb/men/38.jpg"},"nat":"IE"}],"info":{"seed":"ab3b1ef1264a0875","results":1,"page":1,"version":"1.4"}} 
 </msg>
<msg time="2024-07-24T16:18:57.074071" level="INFO">/opt/hostedtoolcache/Python/3.12.4/x64/lib/python3.12/site-packages/urllib3/connectionpool.py:1099: InsecureRequestWarning: Unverified HTTPS request is being made to host 'randomuser.me'. Adding certificate verification is strongly advised. See: https://urllib3.readthedocs.io/en/latest/advanced-usage.html#tls-warnings
  warnings.warn(</msg>
<msg time="2024-07-24T16:18:57.074250" level="INFO">${response} = &lt;Response [200]&gt;</msg>
<var>${response}</var>
<arg>consultarAPI</arg>
<arg>/api</arg>
<doc>Sends a GET request on a previously created HTTP Session.</doc>
<status status="PASS" start="2024-07-24T16:18:56.892063" elapsed="0.182236"/>
</kw>
<kw name="Should Be Equal As Numbers" owner="BuiltIn">
<msg time="2024-07-24T16:18:57.075428" level="INFO">Argument types are:
&lt;class 'int'&gt;
&lt;class 'str'&gt;</msg>
<arg>${response.status_code}</arg>
<arg>200</arg>
<doc>Fails if objects are unequal after converting them to real numbers.</doc>
<status status="PASS" start="2024-07-24T16:18:57.074894" elapsed="0.000601"/>
</kw>
<kw name="Log" owner="BuiltIn">
<msg time="2024-07-24T16:18:57.076189" level="INFO">200</msg>
<arg>${response.status_code}</arg>
<doc>Logs the given message with the given level.</doc>
<status status="PASS" start="2024-07-24T16:18:57.075830" elapsed="0.000415"/>
</kw>
<kw name="Set Variable" owner="BuiltIn">
<msg time="2024-07-24T16:18:57.077003" level="INFO">${json_data} = {'results': [{'gender': 'male', 'name': {'title': 'Mr', 'first': 'Franklin', 'last': 'Baker'}, 'location': {'street': {'number': 8781, 'name': 'Killarney Road'}, 'city': 'Waterford', 'state': 'Donegal...</msg>
<var>${json_data}</var>
<arg>${response.json()}</arg>
<doc>Returns the given values which can then be assigned to a variables.</doc>
<status status="PASS" start="2024-07-24T16:18:57.076557" elapsed="0.000475"/>
</kw>
<kw name="Dictionary Should Contain Key" owner="Collections">
<arg>${json_data}</arg>
<arg>results</arg>
<doc>Fails if ``key`` is not found from ``dictionary``.</doc>
<status status="PASS" start="2024-07-24T16:18:57.077336" elapsed="0.000343"/>
</kw>
<status status="PASS" start="2024-07-24T16:18:56.891808" elapsed="0.186029"/>
</kw>
<doc>Testa se a API responde corretamente e retorna um objeto JSON válido.</doc>
<tag>testeRequisicaoBasica</tag>
<status status="PASS" start="2024-07-24T16:18:56.891222" elapsed="0.186795"/>
</test>
<test id="s1-s1-t3" name="Validar estrutura de resposta" line="22">
<kw name="Teste de Estrutura de Resposta" owner="random-user-service">
<kw name="GET On Session" owner="RequestsLibrary">
<msg time="2024-07-24T16:18:57.184993" level="INFO">GET Request : url=https://randomuser.me/api 
 path_url=/api 
 headers={'User-Agent': 'python-requests/2.32.3', 'Accept-Encoding': 'gzip, deflate', 'Accept': '*/*', 'Connection': 'keep-alive'} 
 body=None 
 </msg>
<msg time="2024-07-24T16:18:57.185099" level="INFO">GET Response : url=https://randomuser.me/api 
 status=200, reason=OK 
 headers={'Date': 'Wed, 24 Jul 2024 16:18:57 GMT', 'Content-Type': 'application/json; charset=utf-8', 'Transfer-Encoding': 'chunked', 'Connection': 'keep-alive', 'X-Powered-By': 'Express', 'Access-Control-Allow-Origin': '*', 'Cache-Control': 'no-cache', 'ETag': 'W/"48b-TO17P7EZooMhSgcBxZa7vEXoMBY"', 'Vary': 'Accept-Encoding', 'Content-Encoding': 'gzip', 'CF-Cache-Status': 'DYNAMIC', 'Report-To': '{"endpoints":[{"url":"https:\\/\\/a.nel.cloudflare.com\\/report\\/v4?s=%2Fj2EgtcBZNovqrzhoMHpJ%2Fdv7aAIRNY9hbRPpTh5Pxaa8nslyXv7m5l%2By%2FvqOYDLiWoyUpiRobQsMrTWTDfNOk29tfIwlwKFz0ef7VHIKAORibWSgUjplho4Q1PJzctK"}],"group":"cf-nel","max_age":604800}', 'NEL': '{"success_fraction":0,"report_to":"cf-nel","max_age":604800}', 'Server': 'cloudflare', 'CF-RAY': '8a853aa2cc082f7c-LAX', 'alt-svc': 'h3=":443"; ma=86400'} 
 body={"results":[{"gender":"female","name":{"title":"Mrs","first":"Jasmine","last":"Lewis"},"location":{"street":{"number":1777,"name":"High Street"},"city":"Auckland","state":"Nelson","country":"New Zealand","postcode":52885,"coordinates":{"latitude":"48.3321","longitude":"33.8330"},"timezone":{"offset":"+8:00","description":"Beijing, Perth, Singapore, Hong Kong"}},"email":"jasmine.lewis@example.com","login":{"uuid":"778d2607-742c-4be6-b0e3-68d6a1787f8e","username":"bluekoala563","password":"today","salt":"plVU5xDd","md5":"82e3ac46065187af9fe0bf3b0a309ed9","sha1":"0e132e3d6c63ce44d88291eaf7da7055f5986e55","sha256":"b1478fe9f401e96fcd54d9262b93d7e6f0d80a1ec88f8ed8eab6ca40c1e0edb8"},"dob":{"date":"1991-07-05T09:30:51.984Z","age":33},"registered":{"date":"2010-01-08T16:39:52.809Z","age":14},"phone":"(045)-495-9874","cell":"(675)-514-1602","id":{"name":"","value":null},"picture":{"large":"https://randomuser.me/api/portraits/women/66.jpg","medium":"https://randomuser.me/api/portraits/med/women/66.jpg","thumbnail":"https://randomuser.me/api/portraits/thumb/women/66.jpg"},"nat":"NZ"}],"info":{"seed":"83512ce6f319b19e","results":1,"page":1,"version":"1.4"}} 
 </msg>
<msg time="2024-07-24T16:18:57.185234" level="INFO">/opt/hostedtoolcache/Python/3.12.4/x64/lib/python3.12/site-packages/urllib3/connectionpool.py:1099: InsecureRequestWarning: Unverified HTTPS request is being made to host 'randomuser.me'. Adding certificate verification is strongly advised. See: https://urllib3.readthedocs.io/en/latest/advanced-usage.html#tls-warnings
  warnings.warn(</msg>
<msg time="2024-07-24T16:18:57.185370" level="INFO">${response} = &lt;Response [200]&gt;</msg>
<var>${response}</var>
<arg>consultarAPI</arg>
<arg>/api</arg>
<doc>Sends a GET request on a previously created HTTP Session.</doc>
<status status="PASS" start="2024-07-24T16:18:57.080773" elapsed="0.104640"/>
</kw>
<kw name="Set Variable" owner="BuiltIn">
<msg time="2024-07-24T16:18:57.186449" level="INFO">${json_data} = {'results': [{'gender': 'female', 'name': {'title': 'Mrs', 'first': 'Jasmine', 'last': 'Lewis'}, 'location': {'street': {'number': 1777, 'name': 'High Street'}, 'city': 'Auckland', 'state': 'Nelson', ...</msg>
<var>${json_data}</var>
<arg>${response.json()}</arg>
<doc>Returns the given values which can then be assigned to a variables.</doc>
<status status="PASS" start="2024-07-24T16:18:57.185932" elapsed="0.000546"/>
</kw>
<kw name="Log" owner="BuiltIn">
<msg time="2024-07-24T16:18:57.186956" level="INFO">{'results': [{'gender': 'female', 'name': {'title': 'Mrs', 'first': 'Jasmine', 'last': 'Lewis'}, 'location': {'street': {'number': 1777, 'name': 'High Street'}, 'city': 'Auckland', 'state': 'Nelson', 'country': 'New Zealand', 'postcode': 52885, 'coordinates': {'latitude': '48.3321', 'longitude': '33.8330'}, 'timezone': {'offset': '+8:00', 'description': 'Beijing, Perth, Singapore, Hong Kong'}}, 'email': 'jasmine.lewis@example.com', 'login': {'uuid': '778d2607-742c-4be6-b0e3-68d6a1787f8e', 'username': 'bluekoala563', 'password': 'today', 'salt': 'plVU5xDd', 'md5': '82e3ac46065187af9fe0bf3b0a309ed9', 'sha1': '0e132e3d6c63ce44d88291eaf7da7055f5986e55', 'sha256': 'b1478fe9f401e96fcd54d9262b93d7e6f0d80a1ec88f8ed8eab6ca40c1e0edb8'}, 'dob': {'date': '1991-07-05T09:30:51.984Z', 'age': 33}, 'registered': {'date': '2010-01-08T16:39:52.809Z', 'age': 14}, 'phone': '(045)-495-9874', 'cell': '(675)-514-1602', 'id': {'name': '', 'value': None}, 'picture': {'large': 'https://randomuser.me/api/portraits/women/66.jpg', 'medium': 'https://randomuser.me/api/portraits/med/women/66.jpg', 'thumbnail': 'https://randomuser.me/api/portraits/thumb/women/66.jpg'}, 'nat': 'NZ'}], 'info': {'seed': '83512ce6f319b19e', 'results': 1, 'page': 1, 'version': '1.4'}}</msg>
<arg>${json_data}</arg>
<doc>Logs the given message with the given level.</doc>
<status status="PASS" start="2024-07-24T16:18:57.186789" elapsed="0.000228"/>
</kw>
<kw name="Dictionary Should Contain Key" owner="Collections">
<arg>${json_data}</arg>
<arg>results</arg>
<doc>Fails if ``key`` is not found from ``dictionary``.</doc>
<status status="PASS" start="2024-07-24T16:18:57.187346" elapsed="0.000173"/>
</kw>
<kw name="Should Not Be Empty" owner="BuiltIn">
<msg time="2024-07-24T16:18:57.187840" level="INFO">Length is 2.</msg>
<arg>${json_data}</arg>
<doc>Verifies that the given item is not empty.</doc>
<status status="PASS" start="2024-07-24T16:18:57.187705" elapsed="0.000174"/>
</kw>
<kw name="Create List" owner="BuiltIn">
<msg time="2024-07-24T16:18:57.188326" level="INFO">${expected_keys} = ['gender', 'name', 'location', 'email', 'login']</msg>
<var>${expected_keys}</var>
<arg>gender</arg>
<arg>name</arg>
<arg>location</arg>
<arg>email</arg>
<arg>login</arg>
<doc>Returns a list containing given items.</doc>
<status status="PASS" start="2024-07-24T16:18:57.188171" elapsed="0.000179"/>
</kw>
<for flavor="IN">
<iter>
<kw name="Dictionary Should Contain Key" owner="Collections">
<arg>${json_data['results'][0]}</arg>
<arg>${key}</arg>
<doc>Fails if ``key`` is not found from ``dictionary``.</doc>
<status status="PASS" start="2024-07-24T16:18:57.188951" elapsed="0.000416"/>
</kw>
<kw name="Log" owner="BuiltIn">
<msg time="2024-07-24T16:18:57.189930" level="INFO">{'gender': 'female', 'name': {'title': 'Mrs', 'first': 'Jasmine', 'last': 'Lewis'}, 'location': {'street': {'number': 1777, 'name': 'High Street'}, 'city': 'Auckland', 'state': 'Nelson', 'country': 'New Zealand', 'postcode': 52885, 'coordinates': {'latitude': '48.3321', 'longitude': '33.8330'}, 'timezone': {'offset': '+8:00', 'description': 'Beijing, Perth, Singapore, Hong Kong'}}, 'email': 'jasmine.lewis@example.com', 'login': {'uuid': '778d2607-742c-4be6-b0e3-68d6a1787f8e', 'username': 'bluekoala563', 'password': 'today', 'salt': 'plVU5xDd', 'md5': '82e3ac46065187af9fe0bf3b0a309ed9', 'sha1': '0e132e3d6c63ce44d88291eaf7da7055f5986e55', 'sha256': 'b1478fe9f401e96fcd54d9262b93d7e6f0d80a1ec88f8ed8eab6ca40c1e0edb8'}, 'dob': {'date': '1991-07-05T09:30:51.984Z', 'age': 33}, 'registered': {'date': '2010-01-08T16:39:52.809Z', 'age': 14}, 'phone': '(045)-495-9874', 'cell': '(675)-514-1602', 'id': {'name': '', 'value': None}, 'picture': {'large': 'https://randomuser.me/api/portraits/women/66.jpg', 'medium': 'https://randomuser.me/api/portraits/med/women/66.jpg', 'thumbnail': 'https://randomuser.me/api/portraits/thumb/women/66.jpg'}, 'nat': 'NZ'}</msg>
<arg>${json_data['results'][0]}</arg>
<doc>Logs the given message with the given level.</doc>
<status status="PASS" start="2024-07-24T16:18:57.189560" elapsed="0.000419"/>
</kw>
<kw name="Log" owner="BuiltIn">
<msg time="2024-07-24T16:18:57.190419" level="INFO">gender</msg>
<arg>${key}</arg>
<doc>Logs the given message with the given level.</doc>
<status status="PASS" start="2024-07-24T16:18:57.190290" elapsed="0.000168"/>
</kw>
<var name="${key}">gender</var>
<status status="PASS" start="2024-07-24T16:18:57.188821" elapsed="0.001855"/>
</iter>
<iter>
<kw name="Dictionary Should Contain Key" owner="Collections">
<arg>${json_data['results'][0]}</arg>
<arg>${key}</arg>
<doc>Fails if ``key`` is not found from ``dictionary``.</doc>
<status status="PASS" start="2024-07-24T16:18:57.190980" elapsed="0.000414"/>
</kw>
<kw name="Log" owner="BuiltIn">
<msg time="2024-07-24T16:18:57.191940" level="INFO">{'gender': 'female', 'name': {'title': 'Mrs', 'first': 'Jasmine', 'last': 'Lewis'}, 'location': {'street': {'number': 1777, 'name': 'High Street'}, 'city': 'Auckland', 'state': 'Nelson', 'country': 'New Zealand', 'postcode': 52885, 'coordinates': {'latitude': '48.3321', 'longitude': '33.8330'}, 'timezone': {'offset': '+8:00', 'description': 'Beijing, Perth, Singapore, Hong Kong'}}, 'email': 'jasmine.lewis@example.com', 'login': {'uuid': '778d2607-742c-4be6-b0e3-68d6a1787f8e', 'username': 'bluekoala563', 'password': 'today', 'salt': 'plVU5xDd', 'md5': '82e3ac46065187af9fe0bf3b0a309ed9', 'sha1': '0e132e3d6c63ce44d88291eaf7da7055f5986e55', 'sha256': 'b1478fe9f401e96fcd54d9262b93d7e6f0d80a1ec88f8ed8eab6ca40c1e0edb8'}, 'dob': {'date': '1991-07-05T09:30:51.984Z', 'age': 33}, 'registered': {'date': '2010-01-08T16:39:52.809Z', 'age': 14}, 'phone': '(045)-495-9874', 'cell': '(675)-514-1602', 'id': {'name': '', 'value': None}, 'picture': {'large': 'https://randomuser.me/api/portraits/women/66.jpg', 'medium': 'https://randomuser.me/api/portraits/med/women/66.jpg', 'thumbnail': 'https://randomuser.me/api/portraits/thumb/women/66.jpg'}, 'nat': 'NZ'}</msg>
<arg>${json_data['results'][0]}</arg>
<doc>Logs the given message with the given level.</doc>
<status status="PASS" start="2024-07-24T16:18:57.191579" elapsed="0.000447"/>
</kw>
<kw name="Log" owner="BuiltIn">
<msg time="2024-07-24T16:18:57.192458" level="INFO">name</msg>
<arg>${key}</arg>
<doc>Logs the given message with the given level.</doc>
<status status="PASS" start="2024-07-24T16:18:57.192329" elapsed="0.000166"/>
</kw>
<var name="${key}">name</var>
<status status="PASS" start="2024-07-24T16:18:57.190867" elapsed="0.001844"/>
</iter>
<iter>
<kw name="Dictionary Should Contain Key" owner="Collections">
<arg>${json_data['results'][0]}</arg>
<arg>${key}</arg>
<doc>Fails if ``key`` is not found from ``dictionary``.</doc>
<status status="PASS" start="2024-07-24T16:18:57.192997" elapsed="0.000383"/>
</kw>
<kw name="Log" owner="BuiltIn">
<msg time="2024-07-24T16:18:57.193917" level="INFO">{'gender': 'female', 'name': {'title': 'Mrs', 'first': 'Jasmine', 'last': 'Lewis'}, 'location': {'street': {'number': 1777, 'name': 'High Street'}, 'city': 'Auckland', 'state': 'Nelson', 'country': 'New Zealand', 'postcode': 52885, 'coordinates': {'latitude': '48.3321', 'longitude': '33.8330'}, 'timezone': {'offset': '+8:00', 'description': 'Beijing, Perth, Singapore, Hong Kong'}}, 'email': 'jasmine.lewis@example.com', 'login': {'uuid': '778d2607-742c-4be6-b0e3-68d6a1787f8e', 'username': 'bluekoala563', 'password': 'today', 'salt': 'plVU5xDd', 'md5': '82e3ac46065187af9fe0bf3b0a309ed9', 'sha1': '0e132e3d6c63ce44d88291eaf7da7055f5986e55', 'sha256': 'b1478fe9f401e96fcd54d9262b93d7e6f0d80a1ec88f8ed8eab6ca40c1e0edb8'}, 'dob': {'date': '1991-07-05T09:30:51.984Z', 'age': 33}, 'registered': {'date': '2010-01-08T16:39:52.809Z', 'age': 14}, 'phone': '(045)-495-9874', 'cell': '(675)-514-1602', 'id': {'name': '', 'value': None}, 'picture': {'large': 'https://randomuser.me/api/portraits/women/66.jpg', 'medium': 'https://randomuser.me/api/portraits/med/women/66.jpg', 'thumbnail': 'https://randomuser.me/api/portraits/thumb/women/66.jpg'}, 'nat': 'NZ'}</msg>
<arg>${json_data['results'][0]}</arg>
<doc>Logs the given message with the given level.</doc>
<status status="PASS" start="2024-07-24T16:18:57.193565" elapsed="0.000401"/>
</kw>
<kw name="Log" owner="BuiltIn">
<msg time="2024-07-24T16:18:57.194385" level="INFO">location</msg>
<arg>${key}</arg>
<doc>Logs the given message with the given level.</doc>
<status status="PASS" start="2024-07-24T16:18:57.194260" elapsed="0.000162"/>
</kw>
<var name="${key}">location</var>
<status status="PASS" start="2024-07-24T16:18:57.192889" elapsed="0.001746"/>
</iter>
<iter>
<kw name="Dictionary Should Contain Key" owner="Collections">
<arg>${json_data['results'][0]}</arg>
<arg>${key}</arg>
<doc>Fails if ``key`` is not found from ``dictionary``.</doc>
<status status="PASS" start="2024-07-24T16:18:57.194909" elapsed="0.000385"/>
</kw>
<kw name="Log" owner="BuiltIn">
<msg time="2024-07-24T16:18:57.196005" level="INFO">{'gender': 'female', 'name': {'title': 'Mrs', 'first': 'Jasmine', 'last': 'Lewis'}, 'location': {'street': {'number': 1777, 'name': 'High Street'}, 'city': 'Auckland', 'state': 'Nelson', 'country': 'New Zealand', 'postcode': 52885, 'coordinates': {'latitude': '48.3321', 'longitude': '33.8330'}, 'timezone': {'offset': '+8:00', 'description': 'Beijing, Perth, Singapore, Hong Kong'}}, 'email': 'jasmine.lewis@example.com', 'login': {'uuid': '778d2607-742c-4be6-b0e3-68d6a1787f8e', 'username': 'bluekoala563', 'password': 'today', 'salt': 'plVU5xDd', 'md5': '82e3ac46065187af9fe0bf3b0a309ed9', 'sha1': '0e132e3d6c63ce44d88291eaf7da7055f5986e55', 'sha256': 'b1478fe9f401e96fcd54d9262b93d7e6f0d80a1ec88f8ed8eab6ca40c1e0edb8'}, 'dob': {'date': '1991-07-05T09:30:51.984Z', 'age': 33}, 'registered': {'date': '2010-01-08T16:39:52.809Z', 'age': 14}, 'phone': '(045)-495-9874', 'cell': '(675)-514-1602', 'id': {'name': '', 'value': None}, 'picture': {'large': 'https://randomuser.me/api/portraits/women/66.jpg', 'medium': 'https://randomuser.me/api/portraits/med/women/66.jpg', 'thumbnail': 'https://randomuser.me/api/portraits/thumb/women/66.jpg'}, 'nat': 'NZ'}</msg>
<arg>${json_data['results'][0]}</arg>
<doc>Logs the given message with the given level.</doc>
<status status="PASS" start="2024-07-24T16:18:57.195651" elapsed="0.000412"/>
</kw>
<kw name="Log" owner="BuiltIn">
<msg time="2024-07-24T16:18:57.196492" level="INFO">email</msg>
<arg>${key}</arg>
<doc>Logs the given message with the given level.</doc>
<status status="PASS" start="2024-07-24T16:18:57.196364" elapsed="0.000168"/>
</kw>
<var name="${key}">email</var>
<status status="PASS" start="2024-07-24T16:18:57.194805" elapsed="0.001942"/>
</iter>
<iter>
<kw name="Dictionary Should Contain Key" owner="Collections">
<arg>${json_data['results'][0]}</arg>
<arg>${key}</arg>
<doc>Fails if ``key`` is not found from ``dictionary``.</doc>
<status status="PASS" start="2024-07-24T16:18:57.197029" elapsed="0.000376"/>
</kw>
<kw name="Log" owner="BuiltIn">
<msg time="2024-07-24T16:18:57.197935" level="INFO">{'gender': 'female', 'name': {'title': 'Mrs', 'first': 'Jasmine', 'last': 'Lewis'}, 'location': {'street': {'number': 1777, 'name': 'High Street'}, 'city': 'Auckland', 'state': 'Nelson', 'country': 'New Zealand', 'postcode': 52885, 'coordinates': {'latitude': '48.3321', 'longitude': '33.8330'}, 'timezone': {'offset': '+8:00', 'description': 'Beijing, Perth, Singapore, Hong Kong'}}, 'email': 'jasmine.lewis@example.com', 'login': {'uuid': '778d2607-742c-4be6-b0e3-68d6a1787f8e', 'username': 'bluekoala563', 'password': 'today', 'salt': 'plVU5xDd', 'md5': '82e3ac46065187af9fe0bf3b0a309ed9', 'sha1': '0e132e3d6c63ce44d88291eaf7da7055f5986e55', 'sha256': 'b1478fe9f401e96fcd54d9262b93d7e6f0d80a1ec88f8ed8eab6ca40c1e0edb8'}, 'dob': {'date': '1991-07-05T09:30:51.984Z', 'age': 33}, 'registered': {'date': '2010-01-08T16:39:52.809Z', 'age': 14}, 'phone': '(045)-495-9874', 'cell': '(675)-514-1602', 'id': {'name': '', 'value': None}, 'picture': {'large': 'https://randomuser.me/api/portraits/women/66.jpg', 'medium': 'https://randomuser.me/api/portraits/med/women/66.jpg', 'thumbnail': 'https://randomuser.me/api/portraits/thumb/women/66.jpg'}, 'nat': 'NZ'}</msg>
<arg>${json_data['results'][0]}</arg>
<doc>Logs the given message with the given level.</doc>
<status status="PASS" start="2024-07-24T16:18:57.197588" elapsed="0.000396"/>
</kw>
<kw name="Log" owner="BuiltIn">
<msg time="2024-07-24T16:18:57.198401" level="INFO">login</msg>
<arg>${key}</arg>
<doc>Logs the given message with the given level.</doc>
<status status="PASS" start="2024-07-24T16:18:57.198273" elapsed="0.000166"/>
</kw>
<var name="${key}">login</var>
<status status="PASS" start="2024-07-24T16:18:57.196922" elapsed="0.001732"/>
</iter>
<var>${key}</var>
<value>@{expected_keys}</value>
<status status="PASS" start="2024-07-24T16:18:57.188614" elapsed="0.010164"/>
</for>
<kw name="Create List" owner="BuiltIn">
<msg time="2024-07-24T16:18:57.199120" level="INFO">${expected_keysTwo} = ['username', 'password']</msg>
<var>${expected_keysTwo}</var>
<arg>username</arg>
<arg>password</arg>
<doc>Returns a list containing given items.</doc>
<status status="PASS" start="2024-07-24T16:18:57.198973" elapsed="0.000200"/>
</kw>
<for flavor="IN">
<iter>
<kw name="Dictionary Should Contain Key" owner="Collections">
<arg>${json_data['results'][0]['login']}</arg>
<arg>${keyTwo}</arg>
<doc>Fails if ``key`` is not found from ``dictionary``.</doc>
<status status="PASS" start="2024-07-24T16:18:57.199710" elapsed="0.000407"/>
</kw>
<kw name="Dictionary Should Contain Key" owner="Collections">
<arg>${json_data['results'][0]['login']}</arg>
<arg>${keyTwo}</arg>
<doc>Fails if ``key`` is not found from ``dictionary``.</doc>
<status status="PASS" start="2024-07-24T16:18:57.200304" elapsed="0.000378"/>
</kw>
<kw name="Log" owner="BuiltIn">
<msg time="2024-07-24T16:18:57.200984" level="INFO">username</msg>
<arg>${keyTwo}</arg>
<doc>Logs the given message with the given level.</doc>
<status status="PASS" start="2024-07-24T16:18:57.200862" elapsed="0.000160"/>
</kw>
<var name="${keyTwo}">username</var>
<status status="PASS" start="2024-07-24T16:18:57.199604" elapsed="0.001639"/>
</iter>
<iter>
<kw name="Dictionary Should Contain Key" owner="Collections">
<arg>${json_data['results'][0]['login']}</arg>
<arg>${keyTwo}</arg>
<doc>Fails if ``key`` is not found from ``dictionary``.</doc>
<status status="PASS" start="2024-07-24T16:18:57.201528" elapsed="0.000379"/>
</kw>
<kw name="Dictionary Should Contain Key" owner="Collections">
<arg>${json_data['results'][0]['login']}</arg>
<arg>${keyTwo}</arg>
<doc>Fails if ``key`` is not found from ``dictionary``.</doc>
<status status="PASS" start="2024-07-24T16:18:57.202084" elapsed="0.000372"/>
</kw>
<kw name="Log" owner="BuiltIn">
<msg time="2024-07-24T16:18:57.202757" level="INFO">password</msg>
<arg>${keyTwo}</arg>
<doc>Logs the given message with the given level.</doc>
<status status="PASS" start="2024-07-24T16:18:57.202630" elapsed="0.000166"/>
</kw>
<var name="${keyTwo}">password</var>
<status status="PASS" start="2024-07-24T16:18:57.201416" elapsed="0.001601"/>
</iter>
<var>${keyTwo}</var>
<value>@{expected_keysTwo}</value>
<status status="PASS" start="2024-07-24T16:18:57.199443" elapsed="0.003696"/>
</for>
<status status="PASS" start="2024-07-24T16:18:57.080532" elapsed="0.122751"/>
</kw>
<doc>Testa a estrutura da resposta da API.</doc>
<tag>testeEstruturaResposta</tag>
<status status="PASS" start="2024-07-24T16:18:57.079893" elapsed="0.123593"/>
</test>
<test id="s1-s1-t4" name="Validar tipos de dados" line="28">
<kw name="Teste de Tipos de Dados" owner="random-user-service">
<kw name="GET On Session" owner="RequestsLibrary">
<msg time="2024-07-24T16:18:57.307057" level="INFO">GET Request : url=https://randomuser.me/api 
 path_url=/api 
 headers={'User-Agent': 'python-requests/2.32.3', 'Accept-Encoding': 'gzip, deflate', 'Accept': '*/*', 'Connection': 'keep-alive'} 
 body=None 
 </msg>
<msg time="2024-07-24T16:18:57.307179" level="INFO">GET Response : url=https://randomuser.me/api 
 status=200, reason=OK 
 headers={'Date': 'Wed, 24 Jul 2024 16:18:57 GMT', 'Content-Type': 'application/json; charset=utf-8', 'Transfer-Encoding': 'chunked', 'Connection': 'keep-alive', 'X-Powered-By': 'Express', 'Access-Control-Allow-Origin': '*', 'Cache-Control': 'no-cache', 'ETag': 'W/"49a-HHR9JD3ARNIJl3wTC3jxtO4USfA"', 'Vary': 'Accept-Encoding', 'Content-Encoding': 'gzip', 'CF-Cache-Status': 'DYNAMIC', 'Report-To': '{"endpoints":[{"url":"https:\\/\\/a.nel.cloudflare.com\\/report\\/v4?s=qWURYn9JwThYDQEbezvbM%2FX%2FPgUuzoQxiE17xVtP%2FILf4v4HwWJdUBvYGchFtjQsBAPU%2F4HGrWsk5Z%2FkGuyiHgtRJjp8%2FvO%2BDmNC07RUkf2m4ttN%2FkHzV4VxoyF%2FZylF"}],"group":"cf-nel","max_age":604800}', 'NEL': '{"success_fraction":0,"report_to":"cf-nel","max_age":604800}', 'Server': 'cloudflare', 'CF-RAY': '8a853aa39d382f7c-LAX', 'alt-svc': 'h3=":443"; ma=86400'} 
 body={"results":[{"gender":"female","name":{"title":"Ms","first":"Romy","last":"Picard"},"location":{"street":{"number":1907,"name":"Rue Cyrus-Hugues"},"city":"Orléans","state":"Mayotte","country":"France","postcode":20331,"coordinates":{"latitude":"-14.0586","longitude":"36.5935"},"timezone":{"offset":"-4:00","description":"Atlantic Time (Canada), Caracas, La Paz"}},"email":"romy.picard@example.com","login":{"uuid":"edb437aa-1b34-46d8-b5e3-08521a9abd46","username":"bluebird591","password":"tango","salt":"Ropy2HTv","md5":"968e5248cabfbb385aa049e8395cb53f","sha1":"da0fb1c6beb2044256ca0d432f630072ae1af0d4","sha256":"e43c39bd871c2049349dfcd52b8b700e0058921c6ac73db75cc5626cd6f25d2d"},"dob":{"date":"1964-08-06T22:35:01.133Z","age":59},"registered":{"date":"2005-05-25T04:39:38.770Z","age":19},"phone":"04-56-78-24-49","cell":"06-77-14-40-41","id":{"name":"INSEE","value":"2640732137995 25"},"picture":{"large":"https://randomuser.me/api/portraits/women/9.jpg","medium":"https://randomuser.me/api/portraits/med/women/9.jpg","thumbnail":"https://randomuser.me/api/portraits/thumb/women/9.jpg"},"nat":"FR"}],"info":{"seed":"cdbfb3128cdc30d6","results":1,"page":1,"version":"1.4"}} 
 </msg>
<msg time="2024-07-24T16:18:57.307270" level="INFO">/opt/hostedtoolcache/Python/3.12.4/x64/lib/python3.12/site-packages/urllib3/connectionpool.py:1099: InsecureRequestWarning: Unverified HTTPS request is being made to host 'randomuser.me'. Adding certificate verification is strongly advised. See: https://urllib3.readthedocs.io/en/latest/advanced-usage.html#tls-warnings
  warnings.warn(</msg>
<msg time="2024-07-24T16:18:57.307469" level="INFO">${response} = &lt;Response [200]&gt;</msg>
<var>${response}</var>
<arg>consultarAPI</arg>
<arg>/api</arg>
<doc>Sends a GET request on a previously created HTTP Session.</doc>
<status status="PASS" start="2024-07-24T16:18:57.206036" elapsed="0.101484"/>
</kw>
<kw name="Set Variable" owner="BuiltIn">
<msg time="2024-07-24T16:18:57.308825" level="INFO">${json_data} = {'results': [{'gender': 'female', 'name': {'title': 'Ms', 'first': 'Romy', 'last': 'Picard'}, 'location': {'street': {'number': 1907, 'name': 'Rue Cyrus-Hugues'}, 'city': 'Orléans', 'state': 'Mayotte'...</msg>
<var>${json_data}</var>
<arg>${response.json()}</arg>
<doc>Returns the given values which can then be assigned to a variables.</doc>
<status status="PASS" start="2024-07-24T16:18:57.308221" elapsed="0.000634"/>
</kw>
<kw name="Log" owner="BuiltIn">
<msg time="2024-07-24T16:18:57.309358" level="INFO">{'results': [{'gender': 'female', 'name': {'title': 'Ms', 'first': 'Romy', 'last': 'Picard'}, 'location': {'street': {'number': 1907, 'name': 'Rue Cyrus-Hugues'}, 'city': 'Orléans', 'state': 'Mayotte', 'country': 'France', 'postcode': 20331, 'coordinates': {'latitude': '-14.0586', 'longitude': '36.5935'}, 'timezone': {'offset': '-4:00', 'description': 'Atlantic Time (Canada), Caracas, La Paz'}}, 'email': 'romy.picard@example.com', 'login': {'uuid': 'edb437aa-1b34-46d8-b5e3-08521a9abd46', 'username': 'bluebird591', 'password': 'tango', 'salt': 'Ropy2HTv', 'md5': '968e5248cabfbb385aa049e8395cb53f', 'sha1': 'da0fb1c6beb2044256ca0d432f630072ae1af0d4', 'sha256': 'e43c39bd871c2049349dfcd52b8b700e0058921c6ac73db75cc5626cd6f25d2d'}, 'dob': {'date': '1964-08-06T22:35:01.133Z', 'age': 59}, 'registered': {'date': '2005-05-25T04:39:38.770Z', 'age': 19}, 'phone': '04-56-78-24-49', 'cell': '06-77-14-40-41', 'id': {'name': 'INSEE', 'value': '2640732137995 25'}, 'picture': {'large': 'https://randomuser.me/api/portraits/women/9.jpg', 'medium': 'https://randomuser.me/api/portraits/med/women/9.jpg', 'thumbnail': 'https://randomuser.me/api/portraits/thumb/women/9.jpg'}, 'nat': 'FR'}], 'info': {'seed': 'cdbfb3128cdc30d6', 'results': 1, 'page': 1, 'version': '1.4'}}</msg>
<arg>${json_data}</arg>
<doc>Logs the given message with the given level.</doc>
<status status="PASS" start="2024-07-24T16:18:57.309191" elapsed="0.000218"/>
</kw>
<kw name="Should Be String" owner="String">
<arg>${json_data['results'][0]['gender']}</arg>
<doc>Fails if the given ``item`` is not a string.</doc>
<status status="PASS" start="2024-07-24T16:18:57.309702" elapsed="0.000368"/>
</kw>
<kw name="Should Match Regexp" owner="BuiltIn">
<arg>${json_data['results'][0]['email']}</arg>
<arg>^[a-zA-Z0-9._%+-]+@[a-zA-Z0-9.-]+\.[a-zA-Z]{2,}$</arg>
<doc>Fails if ``string`` does not match ``pattern`` as a regular expression.</doc>
<status status="PASS" start="2024-07-24T16:18:57.310258" elapsed="0.000524"/>
</kw>
<kw name="Should Match Regexp" owner="BuiltIn">
<arg>${json_data['results'][0]['dob']['date']}</arg>
<arg>\\d{4}-\\d{2}-\\d{2}T\\d{2}:\\d{2}:\\d{2}\\.\\d{3}Z</arg>
<doc>Fails if ``string`` does not match ``pattern`` as a regular expression.</doc>
<status status="PASS" start="2024-07-24T16:18:57.311016" elapsed="0.000723"/>
</kw>
<kw name="Should Match Regexp" owner="BuiltIn">
<arg>${json_data['results'][0]['registered']['date']}</arg>
<arg>\\d{4}-\\d{2}-\\d{2}T\\d{2}:\\d{2}:\\d{2}\\.\\d{3}Z</arg>
<doc>Fails if ``string`` does not match ``pattern`` as a regular expression.</doc>
<status status="PASS" start="2024-07-24T16:18:57.311940" elapsed="0.000376"/>
</kw>
<kw name="Should Match Regexp" owner="BuiltIn">
<arg>${json_data['results'][0]['picture']['large']}</arg>
<arg>^https?://.*\.(?:png|jpe?g|gif|bmp)$</arg>
<doc>Fails if ``string`` does not match ``pattern`` as a regular expression.</doc>
<status status="PASS" start="2024-07-24T16:18:57.312519" elapsed="0.000468"/>
</kw>
<kw name="Should Match Regexp" owner="BuiltIn">
<arg>${json_data['results'][0]['picture']['medium']}</arg>
<arg>^https?://.*\.(?:png|jpe?g|gif|bmp)$</arg>
<doc>Fails if ``string`` does not match ``pattern`` as a regular expression.</doc>
<status status="PASS" start="2024-07-24T16:18:57.313172" elapsed="0.000356"/>
</kw>
<kw name="Should Match Regexp" owner="BuiltIn">
<arg>${json_data['results'][0]['picture']['thumbnail']}</arg>
<arg>^https?://.*\.(?:png|jpe?g|gif|bmp)$</arg>
<doc>Fails if ``string`` does not match ``pattern`` as a regular expression.</doc>
<status status="PASS" start="2024-07-24T16:18:57.313712" elapsed="0.000351"/>
</kw>
<kw name="Log" owner="BuiltIn">
<msg time="2024-07-24T16:18:57.314579" level="INFO">{'large': 'https://randomuser.me/api/portraits/women/9.jpg', 'medium': 'https://randomuser.me/api/portraits/med/women/9.jpg', 'thumbnail': 'https://randomuser.me/api/portraits/thumb/women/9.jpg'}</msg>
<arg>${json_data['results'][0]['picture']}</arg>
<doc>Logs the given message with the given level.</doc>
<status status="PASS" start="2024-07-24T16:18:57.314245" elapsed="0.000382"/>
</kw>
<status status="PASS" start="2024-07-24T16:18:57.205766" elapsed="0.109148"/>
</kw>
<kw name="Teste de Tipos de Dados - Postcode" owner="random-user-service">
<kw name="GET On Session" owner="RequestsLibrary">
<msg time="2024-07-24T16:18:57.419356" level="INFO">GET Request : url=https://randomuser.me/api 
 path_url=/api 
 headers={'User-Agent': 'python-requests/2.32.3', 'Accept-Encoding': 'gzip, deflate', 'Accept': '*/*', 'Connection': 'keep-alive'} 
 body=None 
 </msg>
<msg time="2024-07-24T16:18:57.419471" level="INFO">GET Response : url=https://randomuser.me/api 
 status=200, reason=OK 
 headers={'Date': 'Wed, 24 Jul 2024 16:18:57 GMT', 'Content-Type': 'application/json; charset=utf-8', 'Transfer-Encoding': 'chunked', 'Connection': 'keep-alive', 'X-Powered-By': 'Express', 'Access-Control-Allow-Origin': '*', 'Cache-Control': 'no-cache', 'ETag': 'W/"488-HgJGuS5ZEaSm5m1fvrhx/hVWim8"', 'Vary': 'Accept-Encoding', 'Content-Encoding': 'gzip', 'CF-Cache-Status': 'DYNAMIC', 'Report-To': '{"endpoints":[{"url":"https:\\/\\/a.nel.cloudflare.com\\/report\\/v4?s=IsbDjNIIdXCzva4ZjDilAT0B3kMrNTIE2Pd9olvvm0Ud5Om76Q1K%2B8tgNR%2BN5%2F0bhGNojFB5jDbZynCbmuTKa1DSkzQaWgGerUAD%2BhhoGk9qA6E8QJcLStbWKLOgwLhO"}],"group":"cf-nel","max_age":604800}', 'NEL': '{"success_fraction":0,"report_to":"cf-nel","max_age":604800}', 'Server': 'cloudflare', 'CF-RAY': '8a853aa43e262f7c-LAX', 'alt-svc': 'h3=":443"; ma=86400'} 
 body={"results":[{"gender":"female","name":{"title":"Miss","first":"Eliana","last":"da Mata"},"location":{"street":{"number":6613,"name":"Rua São Pedro "},"city":"Diadema","state":"Minas Gerais","country":"Brazil","postcode":12518,"coordinates":{"latitude":"-80.8476","longitude":"126.1469"},"timezone":{"offset":"-9:00","description":"Alaska"}},"email":"eliana.damata@example.com","login":{"uuid":"4422ad47-0142-4daf-8f1f-816aec4402ed","username":"yellowleopard193","password":"alexia","salt":"frk2O7U9","md5":"3b6ba131e96c36b3c677bfee053e8ddb","sha1":"24049371fa9bb9312c61f24c8bbf70681caa3eda","sha256":"78b08e25ff725a6ccfcdb5835b836ef925e9f21db3f6e751d40b6d83c2b8f359"},"dob":{"date":"1967-07-27T20:25:16.413Z","age":56},"registered":{"date":"2015-12-13T07:25:54.340Z","age":8},"phone":"(72) 2019-8742","cell":"(93) 5000-3143","id":{"name":"CPF","value":"595.259.850-32"},"picture":{"large":"https://randomuser.me/api/portraits/women/86.jpg","medium":"https://randomuser.me/api/portraits/med/women/86.jpg","thumbnail":"https://randomuser.me/api/portraits/thumb/women/86.jpg"},"nat":"BR"}],"info":{"seed":"7bbc56b62d23e82d","results":1,"page":1,"version":"1.4"}} 
 </msg>
<msg time="2024-07-24T16:18:57.419545" level="INFO">/opt/hostedtoolcache/Python/3.12.4/x64/lib/python3.12/site-packages/urllib3/connectionpool.py:1099: InsecureRequestWarning: Unverified HTTPS request is being made to host 'randomuser.me'. Adding certificate verification is strongly advised. See: https://urllib3.readthedocs.io/en/latest/advanced-usage.html#tls-warnings
  warnings.warn(</msg>
<msg time="2024-07-24T16:18:57.419660" level="INFO">${response} = &lt;Response [200]&gt;</msg>
<var>${response}</var>
<arg>consultarAPI</arg>
<arg>/api</arg>
<doc>Sends a GET request on a previously created HTTP Session.</doc>
<status status="PASS" start="2024-07-24T16:18:57.315439" elapsed="0.104246"/>
</kw>
<kw name="Set Variable" owner="BuiltIn">
<msg time="2024-07-24T16:18:57.420757" level="INFO">${json_data} = {'results': [{'gender': 'female', 'name': {'title': 'Miss', 'first': 'Eliana', 'last': 'da Mata'}, 'location': {'street': {'number': 6613, 'name': 'Rua São Pedro '}, 'city': 'Diadema', 'state': 'Minas...</msg>
<var>${json_data}</var>
<arg>${response.json()}</arg>
<doc>Returns the given values which can then be assigned to a variables.</doc>
<status status="PASS" start="2024-07-24T16:18:57.420231" elapsed="0.000555"/>
</kw>
<kw name="Log" owner="BuiltIn">
<msg time="2024-07-24T16:18:57.421256" level="INFO">{'results': [{'gender': 'female', 'name': {'title': 'Miss', 'first': 'Eliana', 'last': 'da Mata'}, 'location': {'street': {'number': 6613, 'name': 'Rua São Pedro '}, 'city': 'Diadema', 'state': 'Minas Gerais', 'country': 'Brazil', 'postcode': 12518, 'coordinates': {'latitude': '-80.8476', 'longitude': '126.1469'}, 'timezone': {'offset': '-9:00', 'description': 'Alaska'}}, 'email': 'eliana.damata@example.com', 'login': {'uuid': '4422ad47-0142-4daf-8f1f-816aec4402ed', 'username': 'yellowleopard193', 'password': 'alexia', 'salt': 'frk2O7U9', 'md5': '3b6ba131e96c36b3c677bfee053e8ddb', 'sha1': '24049371fa9bb9312c61f24c8bbf70681caa3eda', 'sha256': '78b08e25ff725a6ccfcdb5835b836ef925e9f21db3f6e751d40b6d83c2b8f359'}, 'dob': {'date': '1967-07-27T20:25:16.413Z', 'age': 56}, 'registered': {'date': '2015-12-13T07:25:54.340Z', 'age': 8}, 'phone': '(72) 2019-8742', 'cell': '(93) 5000-3143', 'id': {'name': 'CPF', 'value': '595.259.850-32'}, 'picture': {'large': 'https://randomuser.me/api/portraits/women/86.jpg', 'medium': 'https://randomuser.me/api/portraits/med/women/86.jpg', 'thumbnail': 'https://randomuser.me/api/portraits/thumb/women/86.jpg'}, 'nat': 'BR'}], 'info': {'seed': '7bbc56b62d23e82d', 'results': 1, 'page': 1, 'version': '1.4'}}</msg>
<arg>${json_data}</arg>
<doc>Logs the given message with the given level.</doc>
<status status="PASS" start="2024-07-24T16:18:57.421096" elapsed="0.000209"/>
</kw>
<kw name="Should Be Equal As Numbers" owner="BuiltIn">
<arg>${json_data['results'][0]['location']['postcode']}</arg>
<arg>${json_data['results'][0]['location']['postcode']}</arg>
<doc>Fails if objects are unequal after converting them to real numbers.</doc>
<status status="PASS" start="2024-07-24T16:18:57.421610" elapsed="0.000613"/>
</kw>
<kw name="Log" owner="BuiltIn">
<msg time="2024-07-24T16:18:57.422747" level="INFO">12518</msg>
<arg>${json_data['results'][0]['location']['postcode']}</arg>
<doc>Logs the given message with the given level.</doc>
<status status="PASS" start="2024-07-24T16:18:57.422417" elapsed="0.000371"/>
</kw>
<status status="PASS" start="2024-07-24T16:18:57.315160" elapsed="0.107944"/>
</kw>
<doc>Testa se os tipos de dados na resposta da API estão corretos.</doc>
<tag>testeTiposDados</tag>
<status status="PASS" start="2024-07-24T16:18:57.205258" elapsed="0.218019"/>
</test>
<test id="s1-s1-t5" name="Validar conteudo" line="35">
<kw name="Teste de Tipos de Conteudo" owner="random-user-service">
<kw name="GET On Session" owner="RequestsLibrary">
<msg time="2024-07-24T16:18:57.528475" level="INFO">GET Request : url=https://randomuser.me/api 
 path_url=/api 
 headers={'User-Agent': 'python-requests/2.32.3', 'Accept-Encoding': 'gzip, deflate', 'Accept': '*/*', 'Connection': 'keep-alive'} 
 body=None 
 </msg>
<msg time="2024-07-24T16:18:57.528585" level="INFO">GET Response : url=https://randomuser.me/api 
 status=200, reason=OK 
 headers={'Date': 'Wed, 24 Jul 2024 16:18:57 GMT', 'Content-Type': 'application/json; charset=utf-8', 'Transfer-Encoding': 'chunked', 'Connection': 'keep-alive', 'X-Powered-By': 'Express', 'Access-Control-Allow-Origin': '*', 'Cache-Control': 'no-cache', 'ETag': 'W/"49c-oxtQUGHm/pIW/ZC3ZaezdKeWRFI"', 'Vary': 'Accept-Encoding', 'Content-Encoding': 'gzip', 'CF-Cache-Status': 'DYNAMIC', 'Report-To': '{"endpoints":[{"url":"https:\\/\\/a.nel.cloudflare.com\\/report\\/v4?s=C%2B7VUvFx0Wq2L4Wu4Jfd%2F0jLxmOWhLi7DQU%2FoPo2tKvKWnqVD7jafKvvS9t8Ap3i7biD3JpyEr1w3vAB2pIP1jdtVDRHr3qUmXXpTJ1vhB7gfrsiqcjA8tnPHhmiePiP"}],"group":"cf-nel","max_age":604800}', 'NEL': '{"success_fraction":0,"report_to":"cf-nel","max_age":604800}', 'Server': 'cloudflare', 'CF-RAY': '8a853aa4ff572f7c-LAX', 'alt-svc': 'h3=":443"; ma=86400'} 
 body={"results":[{"gender":"female","name":{"title":"Mrs","first":"Savitha","last":"Andrade"},"location":{"street":{"number":1315,"name":"Rani No Hajiro"},"city":"Jamshedpur","state":"Himachal Pradesh","country":"India","postcode":28862,"coordinates":{"latitude":"10.3008","longitude":"35.0668"},"timezone":{"offset":"-3:00","description":"Brazil, Buenos Aires, Georgetown"}},"email":"savitha.andrade@example.com","login":{"uuid":"b1752b66-3fc5-4415-8366-a49e52d04641","username":"happymouse379","password":"getoff","salt":"7Yusgusn","md5":"0a94fa8163ba2cfce8844988255f5d77","sha1":"5bf6dcc59d4e6d4f1722739157885aeaf807c4ac","sha256":"a306a2a9594644744806a722855a66c675769d2e109a1c8125f8acd83f496e25"},"dob":{"date":"1976-11-09T03:36:02.105Z","age":47},"registered":{"date":"2020-11-29T22:03:02.752Z","age":3},"phone":"7802421083","cell":"9055652776","id":{"name":"UIDAI","value":"040486061839"},"picture":{"large":"https://randomuser.me/api/portraits/women/30.jpg","medium":"https://randomuser.me/api/portraits/med/women/30.jpg","thumbnail":"https://randomuser.me/api/portraits/thumb/women/30.jpg"},"nat":"IN"}],"info":{"seed":"454153a7c3ad20fc","results":1,"page":1,"version":"1.4"}} 
 </msg>
<msg time="2024-07-24T16:18:57.528669" level="INFO">/opt/hostedtoolcache/Python/3.12.4/x64/lib/python3.12/site-packages/urllib3/connectionpool.py:1099: InsecureRequestWarning: Unverified HTTPS request is being made to host 'randomuser.me'. Adding certificate verification is strongly advised. See: https://urllib3.readthedocs.io/en/latest/advanced-usage.html#tls-warnings
  warnings.warn(</msg>
<msg time="2024-07-24T16:18:57.528795" level="INFO">${response} = &lt;Response [200]&gt;</msg>
<var>${response}</var>
<arg>consultarAPI</arg>
<arg>/api</arg>
<doc>Sends a GET request on a previously created HTTP Session.</doc>
<status status="PASS" start="2024-07-24T16:18:57.425967" elapsed="0.102868"/>
</kw>
<kw name="Set Variable" owner="BuiltIn">
<msg time="2024-07-24T16:18:57.529873" level="INFO">${json_data} = {'results': [{'gender': 'female', 'name': {'title': 'Mrs', 'first': 'Savitha', 'last': 'Andrade'}, 'location': {'street': {'number': 1315, 'name': 'Rani No Hajiro'}, 'city': 'Jamshedpur', 'state': 'Hi...</msg>
<var>${json_data}</var>
<arg>${response.json()}</arg>
<doc>Returns the given values which can then be assigned to a variables.</doc>
<status status="PASS" start="2024-07-24T16:18:57.529367" elapsed="0.000536"/>
</kw>
<kw name="Set Variable" owner="BuiltIn">
<msg time="2024-07-24T16:18:57.530597" level="INFO">${name_title} = Mrs</msg>
<var>${name_title}</var>
<arg>${json_data["results"][0]["name"]["title"]}</arg>
<doc>Returns the given values which can then be assigned to a variables.</doc>
<status status="PASS" start="2024-07-24T16:18:57.530210" elapsed="0.000413"/>
</kw>
<kw name="Create List" owner="BuiltIn">
<msg time="2024-07-24T16:18:57.531065" level="INFO">${allowed_titles} = ['Mr', 'Ms', 'Miss', 'Mrs', 'Madame', 'Monsieur']</msg>
<var>${allowed_titles}</var>
<arg>Mr</arg>
<arg>Ms</arg>
<arg>Miss</arg>
<arg>Mrs</arg>
<arg>Madame</arg>
<arg>Monsieur</arg>
<doc>Returns a list containing given items.</doc>
<status status="PASS" start="2024-07-24T16:18:57.530917" elapsed="0.000172"/>
</kw>
<kw name="List Should Contain Value" owner="Collections">
<arg>${allowed_titles}</arg>
<arg>${name_title}</arg>
<doc>Fails if the ``value`` is not found from ``list``.</doc>
<status status="PASS" start="2024-07-24T16:18:57.531412" elapsed="0.000187"/>
</kw>
<kw name="Set Variable" owner="BuiltIn">
<msg time="2024-07-24T16:18:57.532144" level="INFO">${name_country} = IN</msg>
<var>${name_country}</var>
<arg>${json_data["results"][0]["nat"]}</arg>
<doc>Returns the given values which can then be assigned to a variables.</doc>
<status status="PASS" start="2024-07-24T16:18:57.531778" elapsed="0.000391"/>
</kw>
<kw name="Create List" owner="BuiltIn">
<msg time="2024-07-24T16:18:57.533053" level="INFO">${list_country} = ['AD', 'AE', 'AF', 'AG', 'AI', 'AL', 'AM', 'AO', 'AQ', 'AR', 'AS', 'AT', 'AU', 'AW', 'AX', 'AZ', 'BA', 'BB', 'BD', 'BE', 'BF', 'BG', 'BH', 'BI', 'BJ', 'BL', 'BM', 'BN', 'BO', 'BQ', 'BR', 'BS', 'BT', '...</msg>
<var>${list_country}</var>
<arg>AD</arg>
<arg>AE</arg>
<arg>AF</arg>
<arg>AG</arg>
<arg>AI</arg>
<arg>AL</arg>
<arg>AM</arg>
<arg>AO</arg>
<arg>AQ</arg>
<arg>AR</arg>
<arg>AS</arg>
<arg>AT</arg>
<arg>AU</arg>
<arg>AW</arg>
<arg>AX</arg>
<arg>AZ</arg>
<arg>BA</arg>
<arg>BB</arg>
<arg>BD</arg>
<arg>BE</arg>
<arg>BF</arg>
<arg>BG</arg>
<arg>BH</arg>
<arg>BI</arg>
<arg>BJ</arg>
<arg>BL</arg>
<arg>BM</arg>
<arg>BN</arg>
<arg>BO</arg>
<arg>BQ</arg>
<arg>BR</arg>
<arg>BS</arg>
<arg>BT</arg>
<arg>BV</arg>
<arg>BW</arg>
<arg>BY</arg>
<arg>BZ</arg>
<arg>CA</arg>
<arg>CC</arg>
<arg>CD</arg>
<arg>CF</arg>
<arg>CG</arg>
<arg>CH</arg>
<arg>CI</arg>
<arg>CK</arg>
<arg>CL</arg>
<arg>CM</arg>
<arg>CN</arg>
<arg>CO</arg>
<arg>CR</arg>
<arg>CU</arg>
<arg>CV</arg>
<arg>CW</arg>
<arg>CX</arg>
<arg>CY</arg>
<arg>CZ</arg>
<arg>DE</arg>
<arg>DJ</arg>
<arg>DK</arg>
<arg>DM</arg>
<arg>DO</arg>
<arg>DZ</arg>
<arg>EC</arg>
<arg>EE</arg>
<arg>EG</arg>
<arg>EH</arg>
<arg>ER</arg>
<arg>ES</arg>
<arg>ET</arg>
<arg>FI</arg>
<arg>FJ</arg>
<arg>FK</arg>
<arg>FM</arg>
<arg>FO</arg>
<arg>FR</arg>
<arg>GA</arg>
<arg>GB</arg>
<arg>GD</arg>
<arg>GE</arg>
<arg>GF</arg>
<arg>GG</arg>
<arg>GH</arg>
<arg>GI</arg>
<arg>GL</arg>
<arg>GM</arg>
<arg>GN</arg>
<arg>GP</arg>
<arg>GQ</arg>
<arg>GR</arg>
<arg>GS</arg>
<arg>GT</arg>
<arg>GU</arg>
<arg>GW</arg>
<arg>GY</arg>
<arg>HK</arg>
<arg>HM</arg>
<arg>HN</arg>
<arg>HR</arg>
<arg>HT</arg>
<arg>HU</arg>
<arg>ID</arg>
<arg>IE</arg>
<arg>IL</arg>
<arg>IM</arg>
<arg>IN</arg>
<arg>IO</arg>
<arg>IQ</arg>
<arg>IR</arg>
<arg>IS</arg>
<arg>IT</arg>
<arg>JE</arg>
<arg>JM</arg>
<arg>JO</arg>
<arg>JP</arg>
<arg>KE</arg>
<arg>KG</arg>
<arg>KH</arg>
<arg>KI</arg>
<arg>KM</arg>
<arg>KN</arg>
<arg>KP</arg>
<arg>KR</arg>
<arg>KW</arg>
<arg>KY</arg>
<arg>KZ</arg>
<arg>LA</arg>
<arg>LB</arg>
<arg>LC</arg>
<arg>LI</arg>
<arg>LK</arg>
<arg>LR</arg>
<arg>LS</arg>
<arg>LT</arg>
<arg>LU</arg>
<arg>LV</arg>
<arg>LY</arg>
<arg>MA</arg>
<arg>MC</arg>
<arg>MD</arg>
<arg>ME</arg>
<arg>MF</arg>
<arg>MG</arg>
<arg>MH</arg>
<arg>MK</arg>
<arg>ML</arg>
<arg>MM</arg>
<arg>MN</arg>
<arg>MO</arg>
<arg>MP</arg>
<arg>MQ</arg>
<arg>MR</arg>
<arg>MS</arg>
<arg>MT</arg>
<arg>MU</arg>
<arg>MV</arg>
<arg>MW</arg>
<arg>MX</arg>
<arg>MY</arg>
<arg>MZ</arg>
<arg>NA</arg>
<arg>NC</arg>
<arg>NE</arg>
<arg>NF</arg>
<arg>NG</arg>
<arg>NI</arg>
<arg>NL</arg>
<arg>NO</arg>
<arg>NP</arg>
<arg>NR</arg>
<arg>NU</arg>
<arg>NZ</arg>
<arg>OM</arg>
<arg>PA</arg>
<arg>PE</arg>
<arg>PF</arg>
<arg>PG</arg>
<arg>PH</arg>
<arg>PK</arg>
<arg>PL</arg>
<arg>PM</arg>
<arg>PN</arg>
<arg>PR</arg>
<arg>PS</arg>
<arg>PT</arg>
<arg>PW</arg>
<arg>PY</arg>
<arg>QA</arg>
<arg>RE</arg>
<arg>RO</arg>
<arg>RS</arg>
<arg>RU</arg>
<arg>RW</arg>
<arg>SA</arg>
<arg>SB</arg>
<arg>SC</arg>
<arg>SD</arg>
<arg>SE</arg>
<arg>SG</arg>
<arg>SH</arg>
<arg>SI</arg>
<arg>SJ</arg>
<arg>SK</arg>
<arg>SL</arg>
<arg>SM</arg>
<arg>SN</arg>
<arg>SO</arg>
<arg>SR</arg>
<arg>SS</arg>
<arg>ST</arg>
<arg>SV</arg>
<arg>SX</arg>
<arg>SY</arg>
<arg>SZ</arg>
<arg>TC</arg>
<arg>TD</arg>
<arg>TF</arg>
<arg>TG</arg>
<arg>TH</arg>
<arg>TJ</arg>
<arg>TK</arg>
<arg>TL</arg>
<arg>TM</arg>
<arg>TN</arg>
<arg>TO</arg>
<arg>TR</arg>
<arg>TT</arg>
<arg>TV</arg>
<arg>TW</arg>
<arg>TZ</arg>
<arg>UA</arg>
<arg>UG</arg>
<arg>UM</arg>
<arg>US</arg>
<arg>UY</arg>
<arg>UZ</arg>
<arg>VA</arg>
<arg>VC</arg>
<arg>VE</arg>
<arg>VG</arg>
<arg>VI</arg>
<arg>VN</arg>
<arg>VU</arg>
<arg>WF</arg>
<arg>WS</arg>
<arg>XK</arg>
<arg>YE</arg>
<arg>YT</arg>
<arg>ZA</arg>
<arg>ZM</arg>
<arg>ZW</arg>
<doc>Returns a list containing given items.</doc>
<status status="PASS" start="2024-07-24T16:18:57.532455" elapsed="0.000624"/>
</kw>
<kw name="List Should Contain Value" owner="Collections">
<arg>${list_country}</arg>
<arg>${name_country}</arg>
<doc>Fails if the ``value`` is not found from ``list``.</doc>
<status status="PASS" start="2024-07-24T16:18:57.534087" elapsed="0.000236"/>
</kw>
<kw name="Run Keyword If" owner="BuiltIn">
<kw name="Should Be True" owner="BuiltIn">
<arg>${True}</arg>
<doc>Fails if the given condition is not true.</doc>
<status status="PASS" start="2024-07-24T16:18:57.535290" elapsed="0.000199"/>
</kw>
<arg>${json_data["results"][0]["location"]["coordinates"]["latitude"]} &gt;= -90 and ${json_data["results"][0]["location"]["coordinates"]["latitude"]} &lt;= 90</arg>
<arg>Should Be True</arg>
<arg>${True}</arg>
<doc>Runs the given keyword with the given arguments, if ``condition`` is true.</doc>
<status status="PASS" start="2024-07-24T16:18:57.534525" elapsed="0.001101"/>
</kw>
<kw name="Run Keyword If" owner="BuiltIn">
<kw name="Should Be True" owner="BuiltIn">
<arg>${True}</arg>
<doc>Fails if the given condition is not true.</doc>
<status status="PASS" start="2024-07-24T16:18:57.536547" elapsed="0.000172"/>
</kw>
<arg>${json_data["results"][0]["location"]["coordinates"]["longitude"]} &gt;= -180 and ${json_data["results"][0]["location"]["coordinates"]["longitude"]} &lt;= 180</arg>
<arg>Should Be True</arg>
<arg>${True}</arg>
<doc>Runs the given keyword with the given arguments, if ``condition`` is true.</doc>
<status status="PASS" start="2024-07-24T16:18:57.535822" elapsed="0.001029"/>
</kw>
<status status="PASS" start="2024-07-24T16:18:57.425705" elapsed="0.111287"/>
</kw>
<doc>Testa o conteúdo específico dos campos retornados pela API.</doc>
<tag>testeConteudo</tag>
<status status="PASS" start="2024-07-24T16:18:57.425108" elapsed="0.112047"/>
</test>
<status status="PASS" start="2024-07-24T16:18:56.532748" elapsed="1.006385"/>
</suite>
<status status="PASS" start="2024-07-24T16:18:56.518100" elapsed="1.026229"/>
</suite>
<statistics>
<total>
<stat pass="5" fail="0" skip="0">All Tests</stat>
</total>
<tag>
<stat pass="1" fail="0" skip="0">testeConteudo</stat>
<stat pass="1" fail="0" skip="0">testeEstruturaResposta</stat>
<stat pass="1" fail="0" skip="0">testeRequisicaoBasica</stat>
<stat pass="1" fail="0" skip="0">testeTiposDados</stat>
</tag>
<suite>
<stat pass="5" fail="0" skip="0" id="s1" name="Tests">Tests</stat>
<stat pass="5" fail="0" skip="0" id="s1-s1" name="Random-User-Test">Tests.Random-User-Test</stat>
</suite>
</statistics>
<errors>
</errors>
</robot>
