<?xml version="1.0" encoding="UTF-8"?>
<robot generator="Robot 7.0 (Python 3.12.3 on linux)" generated="2024-05-31T23:14:30.567912" rpa="false" schemaversion="5">
<suite id="s1" name="Tests" source="/home/runner/work/ApiRandomUser/ApiRandomUser/RamdonUser/tests">
<suite id="s1-s1" name="Random-User-Test" source="/home/runner/work/ApiRandomUser/ApiRandomUser/RamdonUser/tests/random-user-test.robot">
<test id="s1-s1-t1" name="Conectar" line="13">
<kw name="Conectar API" owner="random-user-service">
<kw name="Create Session" owner="RequestsLibrary">
<msg time="2024-05-31T23:14:30.948171" level="INFO">Creating Session using : alias=consultarAPI, url=https://randomuser.me/, headers={},                     cookies={}, auth=None, timeout=None, proxies=None, verify=False,                     debug=0 </msg>
<arg>consultarAPI</arg>
<arg>${URL}</arg>
<doc>Create Session: create a HTTP session to a server</doc>
<status status="PASS" start="2024-05-31T23:14:30.947973" elapsed="0.000363"/>
</kw>
<status status="PASS" start="2024-05-31T23:14:30.946966" elapsed="0.001719"/>
</kw>
<status status="PASS" start="2024-05-31T23:14:30.946372" elapsed="0.002506"/>
</test>
<test id="s1-s1-t2" name="Validar retorno 200 e JSON Válido" line="16">
<kw name="Teste de Requisicao Basica" owner="random-user-service">
<kw name="GET On Session" owner="RequestsLibrary">
<msg time="2024-05-31T23:14:31.139593" level="INFO">GET Request : url=https://randomuser.me/api 
 path_url=/api 
 headers={'User-Agent': 'python-requests/2.32.3', 'Accept-Encoding': 'gzip, deflate', 'Accept': '*/*', 'Connection': 'keep-alive'} 
 body=None 
 </msg>
<msg time="2024-05-31T23:14:31.139698" level="INFO">GET Response : url=https://randomuser.me/api 
 status=200, reason=OK 
 headers={'Date': 'Fri, 31 May 2024 23:14:31 GMT', 'Content-Type': 'application/json; charset=utf-8', 'Transfer-Encoding': 'chunked', 'Connection': 'keep-alive', 'X-Powered-By': 'Express', 'Access-Control-Allow-Origin': '*', 'Cache-Control': 'no-cache', 'ETag': 'W/"471-0UsqXitWjwNkc8bDqKNzYMWTy0w"', 'Vary': 'Accept-Encoding', 'Content-Encoding': 'gzip', 'CF-Cache-Status': 'DYNAMIC', 'Report-To': '{"endpoints":[{"url":"https:\\/\\/a.nel.cloudflare.com\\/report\\/v4?s=iDNOHhxriyTENDTHqdVa254%2B5s8ZySleLk798k0ROPpmTGjJMf%2Fptras7xMT6vvYNIfigYOQSqKkPkccwfS4%2BaSwNVRhf4xMUYL%2FEbAV8%2B0VTpCyUg77UlePOVP5r6Jz"}],"group":"cf-nel","max_age":604800}', 'NEL': '{"success_fraction":0,"report_to":"cf-nel","max_age":604800}', 'Server': 'cloudflare', 'CF-RAY': '88caa9204a1881c4-IAD', 'alt-svc': 'h3=":443"; ma=86400'} 
 body={"results":[{"gender":"male","name":{"title":"Mr","first":"Eliano","last":"Jesus"},"location":{"street":{"number":6693,"name":"Rua Santa Luzia "},"city":"Ubá","state":"Goiás","country":"Brazil","postcode":23150,"coordinates":{"latitude":"-80.8019","longitude":"-142.9521"},"timezone":{"offset":"-2:00","description":"Mid-Atlantic"}},"email":"eliano.jesus@example.com","login":{"uuid":"585aaf42-83b5-428d-b6b2-1f8113bce790","username":"saddog192","password":"havana","salt":"HpStiFZ9","md5":"451df1f6a96cc96da47328dd8bc43e37","sha1":"a9941495db09de9af4b31aaf88551e1d98fa77b9","sha256":"80412ad1a76acf3629178a9dc0ad29f37315479f016bf28ff850382e8d30ecfc"},"dob":{"date":"2000-02-17T02:31:35.148Z","age":24},"registered":{"date":"2012-07-07T04:00:23.234Z","age":11},"phone":"(11) 6784-5031","cell":"(35) 9954-3032","id":{"name":"CPF","value":"374.126.290-68"},"picture":{"large":"https://randomuser.me/api/portraits/men/8.jpg","medium":"https://randomuser.me/api/portraits/med/men/8.jpg","thumbnail":"https://randomuser.me/api/portraits/thumb/men/8.jpg"},"nat":"BR"}],"info":{"seed":"7b74ff593631d12c","results":1,"page":1,"version":"1.4"}} 
 </msg>
<msg time="2024-05-31T23:14:31.139768" level="INFO">/opt/hostedtoolcache/Python/3.12.3/x64/lib/python3.12/site-packages/urllib3/connectionpool.py:1103: InsecureRequestWarning: Unverified HTTPS request is being made to host 'randomuser.me'. Adding certificate verification is strongly advised. See: https://urllib3.readthedocs.io/en/latest/advanced-usage.html#tls-warnings
  warnings.warn(</msg>
<msg time="2024-05-31T23:14:31.139893" level="INFO">${response} = &lt;Response [200]&gt;</msg>
<var>${response}</var>
<arg>consultarAPI</arg>
<arg>/api</arg>
<doc>Sends a GET request on a previously created HTTP Session.</doc>
<status status="PASS" start="2024-05-31T23:14:30.951574" elapsed="0.188365"/>
</kw>
<kw name="Should Be Equal As Numbers" owner="BuiltIn">
<msg time="2024-05-31T23:14:31.140739" level="INFO">Argument types are:
&lt;class 'int'&gt;
&lt;class 'str'&gt;</msg>
<arg>${response.status_code}</arg>
<arg>200</arg>
<doc>Fails if objects are unequal after converting them to real numbers.</doc>
<status status="PASS" start="2024-05-31T23:14:31.140342" elapsed="0.000460"/>
</kw>
<kw name="Log" owner="BuiltIn">
<msg time="2024-05-31T23:14:31.141481" level="INFO">200</msg>
<arg>${response.status_code}</arg>
<doc>Logs the given message with the given level.</doc>
<status status="PASS" start="2024-05-31T23:14:31.141133" elapsed="0.000394"/>
</kw>
<kw name="Set Variable" owner="BuiltIn">
<msg time="2024-05-31T23:14:31.142327" level="INFO">${json_data} = {'results': [{'gender': 'male', 'name': {'title': 'Mr', 'first': 'Eliano', 'last': 'Jesus'}, 'location': {'street': {'number': 6693, 'name': 'Rua Santa Luzia '}, 'city': 'Ubá', 'state': 'Goiás', 'coun...</msg>
<var>${json_data}</var>
<arg>${response.json()}</arg>
<doc>Returns the given values which can then be assigned to a variables.</doc>
<status status="PASS" start="2024-05-31T23:14:31.141832" elapsed="0.000525"/>
</kw>
<kw name="Dictionary Should Contain Key" owner="Collections">
<msg time="2024-05-31T23:14:31.142823" level="INFO">False</msg>
<arg>${json_data}</arg>
<arg>results</arg>
<doc>Fails if ``key`` is not found from ``dictionary``.</doc>
<status status="PASS" start="2024-05-31T23:14:31.142661" elapsed="0.000324"/>
</kw>
<status status="PASS" start="2024-05-31T23:14:30.951328" elapsed="0.191920"/>
</kw>
<doc>Testa se a API responde corretamente e retorna um objeto JSON válido.</doc>
<tag>testeRequisicaoBasica</tag>
<status status="PASS" start="2024-05-31T23:14:30.950777" elapsed="0.192638"/>
</test>
<test id="s1-s1-t3" name="Validar estrutura de resposta" line="22">
<kw name="Teste de Estrutura de Resposta" owner="random-user-service">
<kw name="GET On Session" owner="RequestsLibrary">
<msg time="2024-05-31T23:14:31.247638" level="INFO">GET Request : url=https://randomuser.me/api 
 path_url=/api 
 headers={'User-Agent': 'python-requests/2.32.3', 'Accept-Encoding': 'gzip, deflate', 'Accept': '*/*', 'Connection': 'keep-alive'} 
 body=None 
 </msg>
<msg time="2024-05-31T23:14:31.247707" level="INFO">GET Response : url=https://randomuser.me/api 
 status=200, reason=OK 
 headers={'Date': 'Fri, 31 May 2024 23:14:31 GMT', 'Content-Type': 'application/json; charset=utf-8', 'Transfer-Encoding': 'chunked', 'Connection': 'keep-alive', 'X-Powered-By': 'Express', 'Access-Control-Allow-Origin': '*', 'Cache-Control': 'no-cache', 'ETag': 'W/"488-/oViAMT+1gC237vD7VzYjlFIFz4"', 'Vary': 'Accept-Encoding', 'Content-Encoding': 'gzip', 'CF-Cache-Status': 'DYNAMIC', 'Report-To': '{"endpoints":[{"url":"https:\\/\\/a.nel.cloudflare.com\\/report\\/v4?s=%2B6KLO8W1EOHKv13%2Fxmm2F93YA3Vr2b%2B%2BTHKxoNx%2BavL3n0TzRAvOotH96JCpa5UKd8X3V3k3ZrT82tlgxgDhWOURqYXZZosjTPkx2od9A63cgUA9dclEqPiuer4WDrfX"}],"group":"cf-nel","max_age":604800}', 'NEL': '{"success_fraction":0,"report_to":"cf-nel","max_age":604800}', 'Server': 'cloudflare', 'CF-RAY': '88caa920aa7c81c4-IAD', 'alt-svc': 'h3=":443"; ma=86400'} 
 body={"results":[{"gender":"male","name":{"title":"Mr","first":"Igor","last":"Kildal"},"location":{"street":{"number":366,"name":"Skogryggveien"},"city":"Buskogen","state":"Sogn og Fjordane","country":"Norway","postcode":"3610","coordinates":{"latitude":"43.1079","longitude":"-175.1495"},"timezone":{"offset":"+3:00","description":"Baghdad, Riyadh, Moscow, St. Petersburg"}},"email":"igor.kildal@example.com","login":{"uuid":"5680c1a2-4d46-496f-aab0-be776d7545d2","username":"sadbear727","password":"onetwo","salt":"s1pzKx93","md5":"1d02c05148a544072693b3484ea3dfcb","sha1":"44b4d266694ea678b36c70f9f79d9661bc995ceb","sha256":"649a10c602d2a26a2dc772f10ce9cf328bec3fdcf801d5dfc84b7f1286ad2cff"},"dob":{"date":"1997-04-22T08:00:21.732Z","age":27},"registered":{"date":"2011-05-02T06:23:14.294Z","age":13},"phone":"58432381","cell":"47696181","id":{"name":"FN","value":"22049708509"},"picture":{"large":"https://randomuser.me/api/portraits/men/46.jpg","medium":"https://randomuser.me/api/portraits/med/men/46.jpg","thumbnail":"https://randomuser.me/api/portraits/thumb/men/46.jpg"},"nat":"NO"}],"info":{"seed":"223a9a90c9843927","results":1,"page":1,"version":"1.4"}} 
 </msg>
<msg time="2024-05-31T23:14:31.247807" level="INFO">/opt/hostedtoolcache/Python/3.12.3/x64/lib/python3.12/site-packages/urllib3/connectionpool.py:1103: InsecureRequestWarning: Unverified HTTPS request is being made to host 'randomuser.me'. Adding certificate verification is strongly advised. See: https://urllib3.readthedocs.io/en/latest/advanced-usage.html#tls-warnings
  warnings.warn(</msg>
<msg time="2024-05-31T23:14:31.247919" level="INFO">${response} = &lt;Response [200]&gt;</msg>
<var>${response}</var>
<arg>consultarAPI</arg>
<arg>/api</arg>
<doc>Sends a GET request on a previously created HTTP Session.</doc>
<status status="PASS" start="2024-05-31T23:14:31.145918" elapsed="0.102030"/>
</kw>
<kw name="Set Variable" owner="BuiltIn">
<msg time="2024-05-31T23:14:31.248762" level="INFO">${json_data} = {'results': [{'gender': 'male', 'name': {'title': 'Mr', 'first': 'Igor', 'last': 'Kildal'}, 'location': {'street': {'number': 366, 'name': 'Skogryggveien'}, 'city': 'Buskogen', 'state': 'Sogn og Fjord...</msg>
<var>${json_data}</var>
<arg>${response.json()}</arg>
<doc>Returns the given values which can then be assigned to a variables.</doc>
<status status="PASS" start="2024-05-31T23:14:31.248300" elapsed="0.000492"/>
</kw>
<kw name="Log" owner="BuiltIn">
<msg time="2024-05-31T23:14:31.249262" level="INFO">{'results': [{'gender': 'male', 'name': {'title': 'Mr', 'first': 'Igor', 'last': 'Kildal'}, 'location': {'street': {'number': 366, 'name': 'Skogryggveien'}, 'city': 'Buskogen', 'state': 'Sogn og Fjordane', 'country': 'Norway', 'postcode': '3610', 'coordinates': {'latitude': '43.1079', 'longitude': '-175.1495'}, 'timezone': {'offset': '+3:00', 'description': 'Baghdad, Riyadh, Moscow, St. Petersburg'}}, 'email': 'igor.kildal@example.com', 'login': {'uuid': '5680c1a2-4d46-496f-aab0-be776d7545d2', 'username': 'sadbear727', 'password': 'onetwo', 'salt': 's1pzKx93', 'md5': '1d02c05148a544072693b3484ea3dfcb', 'sha1': '44b4d266694ea678b36c70f9f79d9661bc995ceb', 'sha256': '649a10c602d2a26a2dc772f10ce9cf328bec3fdcf801d5dfc84b7f1286ad2cff'}, 'dob': {'date': '1997-04-22T08:00:21.732Z', 'age': 27}, 'registered': {'date': '2011-05-02T06:23:14.294Z', 'age': 13}, 'phone': '58432381', 'cell': '47696181', 'id': {'name': 'FN', 'value': '22049708509'}, 'picture': {'large': 'https://randomuser.me/api/portraits/men/46.jpg', 'medium': 'https://randomuser.me/api/portraits/med/men/46.jpg', 'thumbnail': 'https://randomuser.me/api/portraits/thumb/men/46.jpg'}, 'nat': 'NO'}], 'info': {'seed': '223a9a90c9843927', 'results': 1, 'page': 1, 'version': '1.4'}}</msg>
<arg>${json_data}</arg>
<doc>Logs the given message with the given level.</doc>
<status status="PASS" start="2024-05-31T23:14:31.249105" elapsed="0.000205"/>
</kw>
<kw name="Dictionary Should Contain Key" owner="Collections">
<msg time="2024-05-31T23:14:31.249765" level="INFO">False</msg>
<arg>${json_data}</arg>
<arg>results</arg>
<doc>Fails if ``key`` is not found from ``dictionary``.</doc>
<status status="PASS" start="2024-05-31T23:14:31.249608" elapsed="0.000194"/>
</kw>
<kw name="Should Not Be Empty" owner="BuiltIn">
<msg time="2024-05-31T23:14:31.250274" level="INFO">Length is 2.</msg>
<arg>${json_data}</arg>
<doc>Verifies that the given item is not empty.</doc>
<status status="PASS" start="2024-05-31T23:14:31.250130" elapsed="0.000182"/>
</kw>
<kw name="Create List" owner="BuiltIn">
<msg time="2024-05-31T23:14:31.250768" level="INFO">${expected_keys} = ['gender', 'name', 'location', 'email', 'login']</msg>
<var>${expected_keys}</var>
<arg>gender</arg>
<arg>name</arg>
<arg>location</arg>
<arg>email</arg>
<arg>login</arg>
<doc>Returns a list containing given items.</doc>
<status status="PASS" start="2024-05-31T23:14:31.250622" elapsed="0.000170"/>
</kw>
<for flavor="IN">
<iter>
<kw name="Dictionary Should Contain Key" owner="Collections">
<msg time="2024-05-31T23:14:31.251759" level="INFO">False</msg>
<arg>${json_data['results'][0]}</arg>
<arg>${key}</arg>
<doc>Fails if ``key`` is not found from ``dictionary``.</doc>
<status status="PASS" start="2024-05-31T23:14:31.251365" elapsed="0.000439"/>
</kw>
<kw name="Log" owner="BuiltIn">
<msg time="2024-05-31T23:14:31.252468" level="INFO">{'gender': 'male', 'name': {'title': 'Mr', 'first': 'Igor', 'last': 'Kildal'}, 'location': {'street': {'number': 366, 'name': 'Skogryggveien'}, 'city': 'Buskogen', 'state': 'Sogn og Fjordane', 'country': 'Norway', 'postcode': '3610', 'coordinates': {'latitude': '43.1079', 'longitude': '-175.1495'}, 'timezone': {'offset': '+3:00', 'description': 'Baghdad, Riyadh, Moscow, St. Petersburg'}}, 'email': 'igor.kildal@example.com', 'login': {'uuid': '5680c1a2-4d46-496f-aab0-be776d7545d2', 'username': 'sadbear727', 'password': 'onetwo', 'salt': 's1pzKx93', 'md5': '1d02c05148a544072693b3484ea3dfcb', 'sha1': '44b4d266694ea678b36c70f9f79d9661bc995ceb', 'sha256': '649a10c602d2a26a2dc772f10ce9cf328bec3fdcf801d5dfc84b7f1286ad2cff'}, 'dob': {'date': '1997-04-22T08:00:21.732Z', 'age': 27}, 'registered': {'date': '2011-05-02T06:23:14.294Z', 'age': 13}, 'phone': '58432381', 'cell': '47696181', 'id': {'name': 'FN', 'value': '22049708509'}, 'picture': {'large': 'https://randomuser.me/api/portraits/men/46.jpg', 'medium': 'https://randomuser.me/api/portraits/med/men/46.jpg', 'thumbnail': 'https://randomuser.me/api/portraits/thumb/men/46.jpg'}, 'nat': 'NO'}</msg>
<arg>${json_data['results'][0]}</arg>
<doc>Logs the given message with the given level.</doc>
<status status="PASS" start="2024-05-31T23:14:31.252105" elapsed="0.000412"/>
</kw>
<kw name="Log" owner="BuiltIn">
<msg time="2024-05-31T23:14:31.252945" level="INFO">gender</msg>
<arg>${key}</arg>
<doc>Logs the given message with the given level.</doc>
<status status="PASS" start="2024-05-31T23:14:31.252817" elapsed="0.000165"/>
</kw>
<var name="${key}">gender</var>
<status status="PASS" start="2024-05-31T23:14:31.251234" elapsed="0.001963"/>
</iter>
<iter>
<kw name="Dictionary Should Contain Key" owner="Collections">
<msg time="2024-05-31T23:14:31.253882" level="INFO">False</msg>
<arg>${json_data['results'][0]}</arg>
<arg>${key}</arg>
<doc>Fails if ``key`` is not found from ``dictionary``.</doc>
<status status="PASS" start="2024-05-31T23:14:31.253497" elapsed="0.000423"/>
</kw>
<kw name="Log" owner="BuiltIn">
<msg time="2024-05-31T23:14:31.254648" level="INFO">{'gender': 'male', 'name': {'title': 'Mr', 'first': 'Igor', 'last': 'Kildal'}, 'location': {'street': {'number': 366, 'name': 'Skogryggveien'}, 'city': 'Buskogen', 'state': 'Sogn og Fjordane', 'country': 'Norway', 'postcode': '3610', 'coordinates': {'latitude': '43.1079', 'longitude': '-175.1495'}, 'timezone': {'offset': '+3:00', 'description': 'Baghdad, Riyadh, Moscow, St. Petersburg'}}, 'email': 'igor.kildal@example.com', 'login': {'uuid': '5680c1a2-4d46-496f-aab0-be776d7545d2', 'username': 'sadbear727', 'password': 'onetwo', 'salt': 's1pzKx93', 'md5': '1d02c05148a544072693b3484ea3dfcb', 'sha1': '44b4d266694ea678b36c70f9f79d9661bc995ceb', 'sha256': '649a10c602d2a26a2dc772f10ce9cf328bec3fdcf801d5dfc84b7f1286ad2cff'}, 'dob': {'date': '1997-04-22T08:00:21.732Z', 'age': 27}, 'registered': {'date': '2011-05-02T06:23:14.294Z', 'age': 13}, 'phone': '58432381', 'cell': '47696181', 'id': {'name': 'FN', 'value': '22049708509'}, 'picture': {'large': 'https://randomuser.me/api/portraits/men/46.jpg', 'medium': 'https://randomuser.me/api/portraits/med/men/46.jpg', 'thumbnail': 'https://randomuser.me/api/portraits/thumb/men/46.jpg'}, 'nat': 'NO'}</msg>
<arg>${json_data['results'][0]}</arg>
<doc>Logs the given message with the given level.</doc>
<status status="PASS" start="2024-05-31T23:14:31.254286" elapsed="0.000410"/>
</kw>
<kw name="Log" owner="BuiltIn">
<msg time="2024-05-31T23:14:31.255127" level="INFO">name</msg>
<arg>${key}</arg>
<doc>Logs the given message with the given level.</doc>
<status status="PASS" start="2024-05-31T23:14:31.255001" elapsed="0.000163"/>
</kw>
<var name="${key}">name</var>
<status status="PASS" start="2024-05-31T23:14:31.253383" elapsed="0.002000"/>
</iter>
<iter>
<kw name="Dictionary Should Contain Key" owner="Collections">
<msg time="2024-05-31T23:14:31.256048" level="INFO">False</msg>
<arg>${json_data['results'][0]}</arg>
<arg>${key}</arg>
<doc>Fails if ``key`` is not found from ``dictionary``.</doc>
<status status="PASS" start="2024-05-31T23:14:31.255673" elapsed="0.000412"/>
</kw>
<kw name="Log" owner="BuiltIn">
<msg time="2024-05-31T23:14:31.256751" level="INFO">{'gender': 'male', 'name': {'title': 'Mr', 'first': 'Igor', 'last': 'Kildal'}, 'location': {'street': {'number': 366, 'name': 'Skogryggveien'}, 'city': 'Buskogen', 'state': 'Sogn og Fjordane', 'country': 'Norway', 'postcode': '3610', 'coordinates': {'latitude': '43.1079', 'longitude': '-175.1495'}, 'timezone': {'offset': '+3:00', 'description': 'Baghdad, Riyadh, Moscow, St. Petersburg'}}, 'email': 'igor.kildal@example.com', 'login': {'uuid': '5680c1a2-4d46-496f-aab0-be776d7545d2', 'username': 'sadbear727', 'password': 'onetwo', 'salt': 's1pzKx93', 'md5': '1d02c05148a544072693b3484ea3dfcb', 'sha1': '44b4d266694ea678b36c70f9f79d9661bc995ceb', 'sha256': '649a10c602d2a26a2dc772f10ce9cf328bec3fdcf801d5dfc84b7f1286ad2cff'}, 'dob': {'date': '1997-04-22T08:00:21.732Z', 'age': 27}, 'registered': {'date': '2011-05-02T06:23:14.294Z', 'age': 13}, 'phone': '58432381', 'cell': '47696181', 'id': {'name': 'FN', 'value': '22049708509'}, 'picture': {'large': 'https://randomuser.me/api/portraits/men/46.jpg', 'medium': 'https://randomuser.me/api/portraits/med/men/46.jpg', 'thumbnail': 'https://randomuser.me/api/portraits/thumb/men/46.jpg'}, 'nat': 'NO'}</msg>
<arg>${json_data['results'][0]}</arg>
<doc>Logs the given message with the given level.</doc>
<status status="PASS" start="2024-05-31T23:14:31.256382" elapsed="0.000418"/>
</kw>
<kw name="Log" owner="BuiltIn">
<msg time="2024-05-31T23:14:31.257226" level="INFO">location</msg>
<arg>${key}</arg>
<doc>Logs the given message with the given level.</doc>
<status status="PASS" start="2024-05-31T23:14:31.257101" elapsed="0.000163"/>
</kw>
<var name="${key}">location</var>
<status status="PASS" start="2024-05-31T23:14:31.255560" elapsed="0.001918"/>
</iter>
<iter>
<kw name="Dictionary Should Contain Key" owner="Collections">
<msg time="2024-05-31T23:14:31.258284" level="INFO">False</msg>
<arg>${json_data['results'][0]}</arg>
<arg>${key}</arg>
<doc>Fails if ``key`` is not found from ``dictionary``.</doc>
<status status="PASS" start="2024-05-31T23:14:31.257763" elapsed="0.000559"/>
</kw>
<kw name="Log" owner="BuiltIn">
<msg time="2024-05-31T23:14:31.259000" level="INFO">{'gender': 'male', 'name': {'title': 'Mr', 'first': 'Igor', 'last': 'Kildal'}, 'location': {'street': {'number': 366, 'name': 'Skogryggveien'}, 'city': 'Buskogen', 'state': 'Sogn og Fjordane', 'country': 'Norway', 'postcode': '3610', 'coordinates': {'latitude': '43.1079', 'longitude': '-175.1495'}, 'timezone': {'offset': '+3:00', 'description': 'Baghdad, Riyadh, Moscow, St. Petersburg'}}, 'email': 'igor.kildal@example.com', 'login': {'uuid': '5680c1a2-4d46-496f-aab0-be776d7545d2', 'username': 'sadbear727', 'password': 'onetwo', 'salt': 's1pzKx93', 'md5': '1d02c05148a544072693b3484ea3dfcb', 'sha1': '44b4d266694ea678b36c70f9f79d9661bc995ceb', 'sha256': '649a10c602d2a26a2dc772f10ce9cf328bec3fdcf801d5dfc84b7f1286ad2cff'}, 'dob': {'date': '1997-04-22T08:00:21.732Z', 'age': 27}, 'registered': {'date': '2011-05-02T06:23:14.294Z', 'age': 13}, 'phone': '58432381', 'cell': '47696181', 'id': {'name': 'FN', 'value': '22049708509'}, 'picture': {'large': 'https://randomuser.me/api/portraits/men/46.jpg', 'medium': 'https://randomuser.me/api/portraits/med/men/46.jpg', 'thumbnail': 'https://randomuser.me/api/portraits/thumb/men/46.jpg'}, 'nat': 'NO'}</msg>
<arg>${json_data['results'][0]}</arg>
<doc>Logs the given message with the given level.</doc>
<status status="PASS" start="2024-05-31T23:14:31.258643" elapsed="0.000405"/>
</kw>
<kw name="Log" owner="BuiltIn">
<msg time="2024-05-31T23:14:31.259470" level="INFO">email</msg>
<arg>${key}</arg>
<doc>Logs the given message with the given level.</doc>
<status status="PASS" start="2024-05-31T23:14:31.259343" elapsed="0.000163"/>
</kw>
<var name="${key}">email</var>
<status status="PASS" start="2024-05-31T23:14:31.257652" elapsed="0.002069"/>
</iter>
<iter>
<kw name="Dictionary Should Contain Key" owner="Collections">
<msg time="2024-05-31T23:14:31.260383" level="INFO">False</msg>
<arg>${json_data['results'][0]}</arg>
<arg>${key}</arg>
<doc>Fails if ``key`` is not found from ``dictionary``.</doc>
<status status="PASS" start="2024-05-31T23:14:31.260006" elapsed="0.000413"/>
</kw>
<kw name="Log" owner="BuiltIn">
<msg time="2024-05-31T23:14:31.261063" level="INFO">{'gender': 'male', 'name': {'title': 'Mr', 'first': 'Igor', 'last': 'Kildal'}, 'location': {'street': {'number': 366, 'name': 'Skogryggveien'}, 'city': 'Buskogen', 'state': 'Sogn og Fjordane', 'country': 'Norway', 'postcode': '3610', 'coordinates': {'latitude': '43.1079', 'longitude': '-175.1495'}, 'timezone': {'offset': '+3:00', 'description': 'Baghdad, Riyadh, Moscow, St. Petersburg'}}, 'email': 'igor.kildal@example.com', 'login': {'uuid': '5680c1a2-4d46-496f-aab0-be776d7545d2', 'username': 'sadbear727', 'password': 'onetwo', 'salt': 's1pzKx93', 'md5': '1d02c05148a544072693b3484ea3dfcb', 'sha1': '44b4d266694ea678b36c70f9f79d9661bc995ceb', 'sha256': '649a10c602d2a26a2dc772f10ce9cf328bec3fdcf801d5dfc84b7f1286ad2cff'}, 'dob': {'date': '1997-04-22T08:00:21.732Z', 'age': 27}, 'registered': {'date': '2011-05-02T06:23:14.294Z', 'age': 13}, 'phone': '58432381', 'cell': '47696181', 'id': {'name': 'FN', 'value': '22049708509'}, 'picture': {'large': 'https://randomuser.me/api/portraits/men/46.jpg', 'medium': 'https://randomuser.me/api/portraits/med/men/46.jpg', 'thumbnail': 'https://randomuser.me/api/portraits/thumb/men/46.jpg'}, 'nat': 'NO'}</msg>
<arg>${json_data['results'][0]}</arg>
<doc>Logs the given message with the given level.</doc>
<status status="PASS" start="2024-05-31T23:14:31.260713" elapsed="0.000397"/>
</kw>
<kw name="Log" owner="BuiltIn">
<msg time="2024-05-31T23:14:31.261526" level="INFO">login</msg>
<arg>${key}</arg>
<doc>Logs the given message with the given level.</doc>
<status status="PASS" start="2024-05-31T23:14:31.261401" elapsed="0.000162"/>
</kw>
<var name="${key}">login</var>
<status status="PASS" start="2024-05-31T23:14:31.259894" elapsed="0.001909"/>
</iter>
<var>${key}</var>
<value>@{expected_keys}</value>
<status status="PASS" start="2024-05-31T23:14:31.251053" elapsed="0.010902"/>
</for>
<kw name="Create List" owner="BuiltIn">
<msg time="2024-05-31T23:14:31.262317" level="INFO">${expected_keysTwo} = ['username', 'password']</msg>
<var>${expected_keysTwo}</var>
<arg>username</arg>
<arg>password</arg>
<doc>Returns a list containing given items.</doc>
<status status="PASS" start="2024-05-31T23:14:31.262179" elapsed="0.000162"/>
</kw>
<for flavor="IN">
<iter>
<kw name="Dictionary Should Contain Key" owner="Collections">
<msg time="2024-05-31T23:14:31.263225" level="INFO">False</msg>
<arg>${json_data['results'][0]['login']}</arg>
<arg>${keyTwo}</arg>
<doc>Fails if ``key`` is not found from ``dictionary``.</doc>
<status status="PASS" start="2024-05-31T23:14:31.262840" elapsed="0.000422"/>
</kw>
<kw name="Dictionary Should Contain Key" owner="Collections">
<msg time="2024-05-31T23:14:31.263941" level="INFO">False</msg>
<arg>${json_data['results'][0]['login']}</arg>
<arg>${keyTwo}</arg>
<doc>Fails if ``key`` is not found from ``dictionary``.</doc>
<status status="PASS" start="2024-05-31T23:14:31.263557" elapsed="0.000421"/>
</kw>
<kw name="Log" owner="BuiltIn">
<msg time="2024-05-31T23:14:31.264391" level="INFO">username</msg>
<arg>${keyTwo}</arg>
<doc>Logs the given message with the given level.</doc>
<status status="PASS" start="2024-05-31T23:14:31.264267" elapsed="0.000168"/>
</kw>
<var name="${keyTwo}">username</var>
<status status="PASS" start="2024-05-31T23:14:31.262732" elapsed="0.001917"/>
</iter>
<iter>
<kw name="Dictionary Should Contain Key" owner="Collections">
<msg time="2024-05-31T23:14:31.265325" level="INFO">False</msg>
<arg>${json_data['results'][0]['login']}</arg>
<arg>${keyTwo}</arg>
<doc>Fails if ``key`` is not found from ``dictionary``.</doc>
<status status="PASS" start="2024-05-31T23:14:31.264956" elapsed="0.000406"/>
</kw>
<kw name="Dictionary Should Contain Key" owner="Collections">
<msg time="2024-05-31T23:14:31.266062" level="INFO">False</msg>
<arg>${json_data['results'][0]['login']}</arg>
<arg>${keyTwo}</arg>
<doc>Fails if ``key`` is not found from ``dictionary``.</doc>
<status status="PASS" start="2024-05-31T23:14:31.265649" elapsed="0.000452"/>
</kw>
<kw name="Log" owner="BuiltIn">
<msg time="2024-05-31T23:14:31.266530" level="INFO">password</msg>
<arg>${keyTwo}</arg>
<doc>Logs the given message with the given level.</doc>
<status status="PASS" start="2024-05-31T23:14:31.266398" elapsed="0.000169"/>
</kw>
<var name="${keyTwo}">password</var>
<status status="PASS" start="2024-05-31T23:14:31.264841" elapsed="0.001937"/>
</iter>
<var>${keyTwo}</var>
<value>@{expected_keysTwo}</value>
<status status="PASS" start="2024-05-31T23:14:31.262580" elapsed="0.004317"/>
</for>
<status status="PASS" start="2024-05-31T23:14:31.145685" elapsed="0.121347"/>
</kw>
<doc>Testa a estrutura da resposta da API.</doc>
<tag>testeEstruturaResposta</tag>
<status status="PASS" start="2024-05-31T23:14:31.145186" elapsed="0.121992"/>
</test>
<test id="s1-s1-t4" name="Validar tipos de dados" line="28">
<kw name="Teste de Tipos de Dados" owner="random-user-service">
<kw name="GET On Session" owner="RequestsLibrary">
<msg time="2024-05-31T23:14:31.321757" level="INFO">GET Request : url=https://randomuser.me/api 
 path_url=/api 
 headers={'User-Agent': 'python-requests/2.32.3', 'Accept-Encoding': 'gzip, deflate', 'Accept': '*/*', 'Connection': 'keep-alive'} 
 body=None 
 </msg>
<msg time="2024-05-31T23:14:31.321831" level="INFO">GET Response : url=https://randomuser.me/api 
 status=200, reason=OK 
 headers={'Date': 'Fri, 31 May 2024 23:14:31 GMT', 'Content-Type': 'application/json; charset=utf-8', 'Transfer-Encoding': 'chunked', 'Connection': 'keep-alive', 'X-Powered-By': 'Express', 'Access-Control-Allow-Origin': '*', 'Cache-Control': 'no-cache', 'ETag': 'W/"48f-At8FM769onweH18DJNeRhywxVEs"', 'Vary': 'Accept-Encoding', 'Content-Encoding': 'gzip', 'CF-Cache-Status': 'DYNAMIC', 'Report-To': '{"endpoints":[{"url":"https:\\/\\/a.nel.cloudflare.com\\/report\\/v4?s=cyvdBi%2F6y1WgkXaob%2BLzxX4ZHUyqj5KSdi4ii5dZKmXtYH9K6Qu1osBHEqR%2FANGu1LzTuUxBivhOAGyZdEaKUjmWB%2FCz8hYyJrhPF6Cpa3VkuCX7qVyEplUNDQgzj4HM"}],"group":"cf-nel","max_age":604800}', 'NEL': '{"success_fraction":0,"report_to":"cf-nel","max_age":604800}', 'Server': 'cloudflare', 'CF-RAY': '88caa9216bc681c4-IAD', 'alt-svc': 'h3=":443"; ma=86400'} 
 body={"results":[{"gender":"female","name":{"title":"Miss","first":"Nicole","last":"Warren"},"location":{"street":{"number":7196,"name":"Dublin Road"},"city":"Westport","state":"Kildare","country":"Ireland","postcode":24614,"coordinates":{"latitude":"-3.1260","longitude":"65.2469"},"timezone":{"offset":"+8:00","description":"Beijing, Perth, Singapore, Hong Kong"}},"email":"nicole.warren@example.com","login":{"uuid":"ce2db2f6-22d9-452a-a8a9-0c476bd41863","username":"purplebear816","password":"ocean","salt":"j2LwjNQI","md5":"f198846d08aa2e12263273a72ede1499","sha1":"4a1e004869320f323db0952c57f93c4d159c8daf","sha256":"aa1e45fa3f8e0f37b69c9c8ddca90c6eabeaef6fcd7b9cece785277d04d20d4a"},"dob":{"date":"1961-07-28T09:44:52.165Z","age":62},"registered":{"date":"2012-01-11T09:42:38.544Z","age":12},"phone":"061-821-5411","cell":"081-363-0734","id":{"name":"PPS","value":"2649365T"},"picture":{"large":"https://randomuser.me/api/portraits/women/36.jpg","medium":"https://randomuser.me/api/portraits/med/women/36.jpg","thumbnail":"https://randomuser.me/api/portraits/thumb/women/36.jpg"},"nat":"IE"}],"info":{"seed":"a999c557601de35f","results":1,"page":1,"version":"1.4"}} 
 </msg>
<msg time="2024-05-31T23:14:31.321887" level="INFO">/opt/hostedtoolcache/Python/3.12.3/x64/lib/python3.12/site-packages/urllib3/connectionpool.py:1103: InsecureRequestWarning: Unverified HTTPS request is being made to host 'randomuser.me'. Adding certificate verification is strongly advised. See: https://urllib3.readthedocs.io/en/latest/advanced-usage.html#tls-warnings
  warnings.warn(</msg>
<msg time="2024-05-31T23:14:31.322009" level="INFO">${response} = &lt;Response [200]&gt;</msg>
<var>${response}</var>
<arg>consultarAPI</arg>
<arg>/api</arg>
<doc>Sends a GET request on a previously created HTTP Session.</doc>
<status status="PASS" start="2024-05-31T23:14:31.269577" elapsed="0.052471"/>
</kw>
<kw name="Set Variable" owner="BuiltIn">
<msg time="2024-05-31T23:14:31.322848" level="INFO">${json_data} = {'results': [{'gender': 'female', 'name': {'title': 'Miss', 'first': 'Nicole', 'last': 'Warren'}, 'location': {'street': {'number': 7196, 'name': 'Dublin Road'}, 'city': 'Westport', 'state': 'Kildare'...</msg>
<var>${json_data}</var>
<arg>${response.json()}</arg>
<doc>Returns the given values which can then be assigned to a variables.</doc>
<status status="PASS" start="2024-05-31T23:14:31.322410" elapsed="0.000468"/>
</kw>
<kw name="Log" owner="BuiltIn">
<msg time="2024-05-31T23:14:31.323331" level="INFO">{'results': [{'gender': 'female', 'name': {'title': 'Miss', 'first': 'Nicole', 'last': 'Warren'}, 'location': {'street': {'number': 7196, 'name': 'Dublin Road'}, 'city': 'Westport', 'state': 'Kildare', 'country': 'Ireland', 'postcode': 24614, 'coordinates': {'latitude': '-3.1260', 'longitude': '65.2469'}, 'timezone': {'offset': '+8:00', 'description': 'Beijing, Perth, Singapore, Hong Kong'}}, 'email': 'nicole.warren@example.com', 'login': {'uuid': 'ce2db2f6-22d9-452a-a8a9-0c476bd41863', 'username': 'purplebear816', 'password': 'ocean', 'salt': 'j2LwjNQI', 'md5': 'f198846d08aa2e12263273a72ede1499', 'sha1': '4a1e004869320f323db0952c57f93c4d159c8daf', 'sha256': 'aa1e45fa3f8e0f37b69c9c8ddca90c6eabeaef6fcd7b9cece785277d04d20d4a'}, 'dob': {'date': '1961-07-28T09:44:52.165Z', 'age': 62}, 'registered': {'date': '2012-01-11T09:42:38.544Z', 'age': 12}, 'phone': '061-821-5411', 'cell': '081-363-0734', 'id': {'name': 'PPS', 'value': '2649365T'}, 'picture': {'large': 'https://randomuser.me/api/portraits/women/36.jpg', 'medium': 'https://randomuser.me/api/portraits/med/women/36.jpg', 'thumbnail': 'https://randomuser.me/api/portraits/thumb/women/36.jpg'}, 'nat': 'IE'}], 'info': {'seed': 'a999c557601de35f', 'results': 1, 'page': 1, 'version': '1.4'}}</msg>
<arg>${json_data}</arg>
<doc>Logs the given message with the given level.</doc>
<status status="PASS" start="2024-05-31T23:14:31.323183" elapsed="0.000225"/>
</kw>
<kw name="Should Be String" owner="String">
<arg>${json_data['results'][0]['gender']}</arg>
<doc>Fails if the given ``item`` is not a string.</doc>
<status status="PASS" start="2024-05-31T23:14:31.323704" elapsed="0.000358"/>
</kw>
<kw name="Should Match Regexp" owner="BuiltIn">
<arg>${json_data['results'][0]['email']}</arg>
<arg>^[a-zA-Z0-9._%+-]+@[a-zA-Z0-9.-]+\.[a-zA-Z]{2,}$</arg>
<doc>Fails if ``string`` does not match ``pattern`` as a regular expression.</doc>
<status status="PASS" start="2024-05-31T23:14:31.324256" elapsed="0.000608"/>
</kw>
<kw name="Should Match Regexp" owner="BuiltIn">
<arg>${json_data['results'][0]['dob']['date']}</arg>
<arg>\\d{4}-\\d{2}-\\d{2}T\\d{2}:\\d{2}:\\d{2}\\.\\d{3}Z</arg>
<doc>Fails if ``string`` does not match ``pattern`` as a regular expression.</doc>
<status status="PASS" start="2024-05-31T23:14:31.325060" elapsed="0.000484"/>
</kw>
<kw name="Should Match Regexp" owner="BuiltIn">
<arg>${json_data['results'][0]['registered']['date']}</arg>
<arg>\\d{4}-\\d{2}-\\d{2}T\\d{2}:\\d{2}:\\d{2}\\.\\d{3}Z</arg>
<doc>Fails if ``string`` does not match ``pattern`` as a regular expression.</doc>
<status status="PASS" start="2024-05-31T23:14:31.325735" elapsed="0.000408"/>
</kw>
<kw name="Should Match Regexp" owner="BuiltIn">
<arg>${json_data['results'][0]['picture']['large']}</arg>
<arg>^https?://.*\.(?:png|jpe?g|gif|bmp)$</arg>
<doc>Fails if ``string`` does not match ``pattern`` as a regular expression.</doc>
<status status="PASS" start="2024-05-31T23:14:31.326333" elapsed="0.000459"/>
</kw>
<kw name="Should Match Regexp" owner="BuiltIn">
<arg>${json_data['results'][0]['picture']['medium']}</arg>
<arg>^https?://.*\.(?:png|jpe?g|gif|bmp)$</arg>
<doc>Fails if ``string`` does not match ``pattern`` as a regular expression.</doc>
<status status="PASS" start="2024-05-31T23:14:31.326982" elapsed="0.000349"/>
</kw>
<kw name="Should Match Regexp" owner="BuiltIn">
<arg>${json_data['results'][0]['picture']['thumbnail']}</arg>
<arg>^https?://.*\.(?:png|jpe?g|gif|bmp)$</arg>
<doc>Fails if ``string`` does not match ``pattern`` as a regular expression.</doc>
<status status="PASS" start="2024-05-31T23:14:31.327517" elapsed="0.000348"/>
</kw>
<kw name="Log" owner="BuiltIn">
<msg time="2024-05-31T23:14:31.328384" level="INFO">{'large': 'https://randomuser.me/api/portraits/women/36.jpg', 'medium': 'https://randomuser.me/api/portraits/med/women/36.jpg', 'thumbnail': 'https://randomuser.me/api/portraits/thumb/women/36.jpg'}</msg>
<arg>${json_data['results'][0]['picture']}</arg>
<doc>Logs the given message with the given level.</doc>
<status status="PASS" start="2024-05-31T23:14:31.328054" elapsed="0.000370"/>
</kw>
<status status="PASS" start="2024-05-31T23:14:31.269350" elapsed="0.059326"/>
</kw>
<kw name="Teste de Tipos de Dados - Postcode" owner="random-user-service">
<kw name="GET On Session" owner="RequestsLibrary">
<msg time="2024-05-31T23:14:31.423231" level="INFO">GET Request : url=https://randomuser.me/api 
 path_url=/api 
 headers={'User-Agent': 'python-requests/2.32.3', 'Accept-Encoding': 'gzip, deflate', 'Accept': '*/*', 'Connection': 'keep-alive'} 
 body=None 
 </msg>
<msg time="2024-05-31T23:14:31.423330" level="INFO">GET Response : url=https://randomuser.me/api 
 status=200, reason=OK 
 headers={'Date': 'Fri, 31 May 2024 23:14:31 GMT', 'Content-Type': 'application/json; charset=utf-8', 'Transfer-Encoding': 'chunked', 'Connection': 'keep-alive', 'X-Powered-By': 'Express', 'Access-Control-Allow-Origin': '*', 'Cache-Control': 'no-cache', 'ETag': 'W/"47a-jvg2403W9upxqpnC0YJtDG7a9yU"', 'Vary': 'Accept-Encoding', 'Content-Encoding': 'gzip', 'CF-Cache-Status': 'DYNAMIC', 'Report-To': '{"endpoints":[{"url":"https:\\/\\/a.nel.cloudflare.com\\/report\\/v4?s=4qh2PupgLVhaHy4mF8ZnOZSByUi7pHM7iqqBkdjgUkIYqvWuX3jm7zt4H71UNhw7khcBP9IU%2Fx5l1CdpJUvngEjjCVSPrLQJvnjxabve3e3WQXZPldEkb5RUb62MwZVa"}],"group":"cf-nel","max_age":604800}', 'NEL': '{"success_fraction":0,"report_to":"cf-nel","max_age":604800}', 'Server': 'cloudflare', 'CF-RAY': '88caa921cc2c81c4-IAD', 'alt-svc': 'h3=":443"; ma=86400'} 
 body={"results":[{"gender":"male","name":{"title":"Mr","first":"Berto","last":"Pereira"},"location":{"street":{"number":8905,"name":"Rua Um"},"city":"São Vicente","state":"Rio Grande do Sul","country":"Brazil","postcode":90542,"coordinates":{"latitude":"-76.9540","longitude":"-4.1864"},"timezone":{"offset":"+3:30","description":"Tehran"}},"email":"berto.pereira@example.com","login":{"uuid":"2c9eeebe-3d84-4963-9faf-69c158f995e5","username":"purplezebra455","password":"world","salt":"m2GpLAoK","md5":"6af8956c7c5dc077060c9c2903811794","sha1":"f121d60b912dd0cb5e6093a1dea504ef1752de00","sha256":"b3de7904f150fe9a88a18ddb282237513ca4757632748282afe993e0be6090d2"},"dob":{"date":"1979-10-18T12:56:23.491Z","age":44},"registered":{"date":"2018-07-07T08:37:17.877Z","age":5},"phone":"(35) 9553-9305","cell":"(92) 1078-8935","id":{"name":"CPF","value":"562.791.625-44"},"picture":{"large":"https://randomuser.me/api/portraits/men/10.jpg","medium":"https://randomuser.me/api/portraits/med/men/10.jpg","thumbnail":"https://randomuser.me/api/portraits/thumb/men/10.jpg"},"nat":"BR"}],"info":{"seed":"3eef3580bd77d8e1","results":1,"page":1,"version":"1.4"}} 
 </msg>
<msg time="2024-05-31T23:14:31.423432" level="INFO">/opt/hostedtoolcache/Python/3.12.3/x64/lib/python3.12/site-packages/urllib3/connectionpool.py:1103: InsecureRequestWarning: Unverified HTTPS request is being made to host 'randomuser.me'. Adding certificate verification is strongly advised. See: https://urllib3.readthedocs.io/en/latest/advanced-usage.html#tls-warnings
  warnings.warn(</msg>
<msg time="2024-05-31T23:14:31.423576" level="INFO">${response} = &lt;Response [200]&gt;</msg>
<var>${response}</var>
<arg>consultarAPI</arg>
<arg>/api</arg>
<doc>Sends a GET request on a previously created HTTP Session.</doc>
<status status="PASS" start="2024-05-31T23:14:31.329093" elapsed="0.094530"/>
</kw>
<kw name="Set Variable" owner="BuiltIn">
<msg time="2024-05-31T23:14:31.424930" level="INFO">${json_data} = {'results': [{'gender': 'male', 'name': {'title': 'Mr', 'first': 'Berto', 'last': 'Pereira'}, 'location': {'street': {'number': 8905, 'name': 'Rua Um'}, 'city': 'São Vicente', 'state': 'Rio Grande do ...</msg>
<var>${json_data}</var>
<arg>${response.json()}</arg>
<doc>Returns the given values which can then be assigned to a variables.</doc>
<status status="PASS" start="2024-05-31T23:14:31.424210" elapsed="0.000765"/>
</kw>
<kw name="Log" owner="BuiltIn">
<msg time="2024-05-31T23:14:31.425563" level="INFO">{'results': [{'gender': 'male', 'name': {'title': 'Mr', 'first': 'Berto', 'last': 'Pereira'}, 'location': {'street': {'number': 8905, 'name': 'Rua Um'}, 'city': 'São Vicente', 'state': 'Rio Grande do Sul', 'country': 'Brazil', 'postcode': 90542, 'coordinates': {'latitude': '-76.9540', 'longitude': '-4.1864'}, 'timezone': {'offset': '+3:30', 'description': 'Tehran'}}, 'email': 'berto.pereira@example.com', 'login': {'uuid': '2c9eeebe-3d84-4963-9faf-69c158f995e5', 'username': 'purplezebra455', 'password': 'world', 'salt': 'm2GpLAoK', 'md5': '6af8956c7c5dc077060c9c2903811794', 'sha1': 'f121d60b912dd0cb5e6093a1dea504ef1752de00', 'sha256': 'b3de7904f150fe9a88a18ddb282237513ca4757632748282afe993e0be6090d2'}, 'dob': {'date': '1979-10-18T12:56:23.491Z', 'age': 44}, 'registered': {'date': '2018-07-07T08:37:17.877Z', 'age': 5}, 'phone': '(35) 9553-9305', 'cell': '(92) 1078-8935', 'id': {'name': 'CPF', 'value': '562.791.625-44'}, 'picture': {'large': 'https://randomuser.me/api/portraits/men/10.jpg', 'medium': 'https://randomuser.me/api/portraits/med/men/10.jpg', 'thumbnail': 'https://randomuser.me/api/portraits/thumb/men/10.jpg'}, 'nat': 'BR'}], 'info': {'seed': '3eef3580bd77d8e1', 'results': 1, 'page': 1, 'version': '1.4'}}</msg>
<arg>${json_data}</arg>
<doc>Logs the given message with the given level.</doc>
<status status="PASS" start="2024-05-31T23:14:31.425399" elapsed="0.000248"/>
</kw>
<kw name="Should Be Equal As Numbers" owner="BuiltIn">
<arg>${json_data['results'][0]['location']['postcode']}</arg>
<arg>${json_data['results'][0]['location']['postcode']}</arg>
<doc>Fails if objects are unequal after converting them to real numbers.</doc>
<status status="PASS" start="2024-05-31T23:14:31.425990" elapsed="0.000650"/>
</kw>
<kw name="Log" owner="BuiltIn">
<msg time="2024-05-31T23:14:31.427176" level="INFO">90542</msg>
<arg>${json_data['results'][0]['location']['postcode']}</arg>
<doc>Logs the given message with the given level.</doc>
<status status="PASS" start="2024-05-31T23:14:31.426837" elapsed="0.000379"/>
</kw>
<status status="PASS" start="2024-05-31T23:14:31.328878" elapsed="0.098593"/>
</kw>
<doc>Testa se os tipos de dados na resposta da API estão corretos.</doc>
<tag>testeTiposDados</tag>
<status status="PASS" start="2024-05-31T23:14:31.268912" elapsed="0.158721"/>
</test>
<test id="s1-s1-t5" name="Validar conteudo" line="35">
<kw name="Teste de Tipos de Conteudo" owner="random-user-service">
<kw name="GET On Session" owner="RequestsLibrary">
<msg time="2024-05-31T23:14:31.524318" level="INFO">GET Request : url=https://randomuser.me/api 
 path_url=/api 
 headers={'User-Agent': 'python-requests/2.32.3', 'Accept-Encoding': 'gzip, deflate', 'Accept': '*/*', 'Connection': 'keep-alive'} 
 body=None 
 </msg>
<msg time="2024-05-31T23:14:31.524401" level="INFO">GET Response : url=https://randomuser.me/api 
 status=200, reason=OK 
 headers={'Date': 'Fri, 31 May 2024 23:14:31 GMT', 'Content-Type': 'application/json; charset=utf-8', 'Transfer-Encoding': 'chunked', 'Connection': 'keep-alive', 'X-Powered-By': 'Express', 'Access-Control-Allow-Origin': '*', 'Cache-Control': 'no-cache', 'ETag': 'W/"490-KPsjo+05aH51oIxgz1a/lLYdAco"', 'Vary': 'Accept-Encoding', 'Content-Encoding': 'gzip', 'CF-Cache-Status': 'DYNAMIC', 'Report-To': '{"endpoints":[{"url":"https:\\/\\/a.nel.cloudflare.com\\/report\\/v4?s=X6lIcTSO61vcLNtCmhG6JeF%2BCeSdljooT2sqhItg2%2FPNs7tnKYzPT1mXq4Tl%2BCk%2Fs78v3s7tQntKBY%2BMX7FMzZdFxrIaDCV7DQl0xhWgOFWmG8ePPU1J5mR434g8lUYA"}],"group":"cf-nel","max_age":604800}', 'NEL': '{"success_fraction":0,"report_to":"cf-nel","max_age":604800}', 'Server': 'cloudflare', 'CF-RAY': '88caa9226cc281c4-IAD', 'alt-svc': 'h3=":443"; ma=86400'} 
 body={"results":[{"gender":"male","name":{"title":"Mr","first":"Mirolyub","last":"Podkuyko"},"location":{"street":{"number":6559,"name":"Komkova"},"city":"Svyatogirsk","state":"Zakarpatska","country":"Ukraine","postcode":95912,"coordinates":{"latitude":"80.9485","longitude":"-44.4164"},"timezone":{"offset":"+5:30","description":"Bombay, Calcutta, Madras, New Delhi"}},"email":"mirolyub.podkuyko@example.com","login":{"uuid":"9aba6c4f-6a7c-4d23-a210-b133ebaa9f6b","username":"beautifulbear760","password":"broncos","salt":"zQBY2jnz","md5":"4325fca04b97b0abe609cdc40d56cf6d","sha1":"e0b7c5eecaf2d215edf8a3a421aa07da402b1cd0","sha256":"922b9db6386d8aa3ca61cd7ae691c714570a634d16d96e306a2c27acd27d8087"},"dob":{"date":"1949-11-20T15:10:16.435Z","age":74},"registered":{"date":"2006-11-16T06:54:12.585Z","age":17},"phone":"(099) S66-6946","cell":"(096) S28-1813","id":{"name":"","value":null},"picture":{"large":"https://randomuser.me/api/portraits/men/24.jpg","medium":"https://randomuser.me/api/portraits/med/men/24.jpg","thumbnail":"https://randomuser.me/api/portraits/thumb/men/24.jpg"},"nat":"UA"}],"info":{"seed":"fb7fce50a1bcb217","results":1,"page":1,"version":"1.4"}} 
 </msg>
<msg time="2024-05-31T23:14:31.524478" level="INFO">/opt/hostedtoolcache/Python/3.12.3/x64/lib/python3.12/site-packages/urllib3/connectionpool.py:1103: InsecureRequestWarning: Unverified HTTPS request is being made to host 'randomuser.me'. Adding certificate verification is strongly advised. See: https://urllib3.readthedocs.io/en/latest/advanced-usage.html#tls-warnings
  warnings.warn(</msg>
<msg time="2024-05-31T23:14:31.524616" level="INFO">${response} = &lt;Response [200]&gt;</msg>
<var>${response}</var>
<arg>consultarAPI</arg>
<arg>/api</arg>
<doc>Sends a GET request on a previously created HTTP Session.</doc>
<status status="PASS" start="2024-05-31T23:14:31.430170" elapsed="0.094499"/>
</kw>
<kw name="Set Variable" owner="BuiltIn">
<msg time="2024-05-31T23:14:31.525787" level="INFO">${json_data} = {'results': [{'gender': 'male', 'name': {'title': 'Mr', 'first': 'Mirolyub', 'last': 'Podkuyko'}, 'location': {'street': {'number': 6559, 'name': 'Komkova'}, 'city': 'Svyatogirsk', 'state': 'Zakarpats...</msg>
<var>${json_data}</var>
<arg>${response.json()}</arg>
<doc>Returns the given values which can then be assigned to a variables.</doc>
<status status="PASS" start="2024-05-31T23:14:31.525230" elapsed="0.000585"/>
</kw>
<kw name="Set Variable" owner="BuiltIn">
<msg time="2024-05-31T23:14:31.526536" level="INFO">${name_title} = Mr</msg>
<var>${name_title}</var>
<arg>${json_data["results"][0]["name"]["title"]}</arg>
<doc>Returns the given values which can then be assigned to a variables.</doc>
<status status="PASS" start="2024-05-31T23:14:31.526155" elapsed="0.000407"/>
</kw>
<kw name="Create List" owner="BuiltIn">
<msg time="2024-05-31T23:14:31.527009" level="INFO">${allowed_titles} = ['Mr', 'Ms', 'Miss', 'Mrs', 'Madame', 'Monsieur']</msg>
<var>${allowed_titles}</var>
<arg>Mr</arg>
<arg>Ms</arg>
<arg>Miss</arg>
<arg>Mrs</arg>
<arg>Madame</arg>
<arg>Monsieur</arg>
<doc>Returns a list containing given items.</doc>
<status status="PASS" start="2024-05-31T23:14:31.526861" elapsed="0.000173"/>
</kw>
<kw name="List Should Contain Value" owner="Collections">
<msg time="2024-05-31T23:14:31.527515" level="INFO">False</msg>
<arg>${allowed_titles}</arg>
<arg>${name_title}</arg>
<doc>Fails if the ``value`` is not found from ``list``.</doc>
<status status="PASS" start="2024-05-31T23:14:31.527337" elapsed="0.000215"/>
</kw>
<kw name="Set Variable" owner="BuiltIn">
<msg time="2024-05-31T23:14:31.528359" level="INFO">${name_country} = UA</msg>
<var>${name_country}</var>
<arg>${json_data["results"][0]["nat"]}</arg>
<doc>Returns the given values which can then be assigned to a variables.</doc>
<status status="PASS" start="2024-05-31T23:14:31.527853" elapsed="0.000531"/>
</kw>
<kw name="Create List" owner="BuiltIn">
<msg time="2024-05-31T23:14:31.529283" level="INFO">${list_country} = ['AD', 'AE', 'AF', 'AG', 'AI', 'AL', 'AM', 'AO', 'AQ', 'AR', 'AS', 'AT', 'AU', 'AW', 'AX', 'AZ', 'BA', 'BB', 'BD', 'BE', 'BF', 'BG', 'BH', 'BI', 'BJ', 'BL', 'BM', 'BN', 'BO', 'BQ', 'BR', 'BS', 'BT', '...</msg>
<var>${list_country}</var>
<arg>AD</arg>
<arg>AE</arg>
<arg>AF</arg>
<arg>AG</arg>
<arg>AI</arg>
<arg>AL</arg>
<arg>AM</arg>
<arg>AO</arg>
<arg>AQ</arg>
<arg>AR</arg>
<arg>AS</arg>
<arg>AT</arg>
<arg>AU</arg>
<arg>AW</arg>
<arg>AX</arg>
<arg>AZ</arg>
<arg>BA</arg>
<arg>BB</arg>
<arg>BD</arg>
<arg>BE</arg>
<arg>BF</arg>
<arg>BG</arg>
<arg>BH</arg>
<arg>BI</arg>
<arg>BJ</arg>
<arg>BL</arg>
<arg>BM</arg>
<arg>BN</arg>
<arg>BO</arg>
<arg>BQ</arg>
<arg>BR</arg>
<arg>BS</arg>
<arg>BT</arg>
<arg>BV</arg>
<arg>BW</arg>
<arg>BY</arg>
<arg>BZ</arg>
<arg>CA</arg>
<arg>CC</arg>
<arg>CD</arg>
<arg>CF</arg>
<arg>CG</arg>
<arg>CH</arg>
<arg>CI</arg>
<arg>CK</arg>
<arg>CL</arg>
<arg>CM</arg>
<arg>CN</arg>
<arg>CO</arg>
<arg>CR</arg>
<arg>CU</arg>
<arg>CV</arg>
<arg>CW</arg>
<arg>CX</arg>
<arg>CY</arg>
<arg>CZ</arg>
<arg>DE</arg>
<arg>DJ</arg>
<arg>DK</arg>
<arg>DM</arg>
<arg>DO</arg>
<arg>DZ</arg>
<arg>EC</arg>
<arg>EE</arg>
<arg>EG</arg>
<arg>EH</arg>
<arg>ER</arg>
<arg>ES</arg>
<arg>ET</arg>
<arg>FI</arg>
<arg>FJ</arg>
<arg>FK</arg>
<arg>FM</arg>
<arg>FO</arg>
<arg>FR</arg>
<arg>GA</arg>
<arg>GB</arg>
<arg>GD</arg>
<arg>GE</arg>
<arg>GF</arg>
<arg>GG</arg>
<arg>GH</arg>
<arg>GI</arg>
<arg>GL</arg>
<arg>GM</arg>
<arg>GN</arg>
<arg>GP</arg>
<arg>GQ</arg>
<arg>GR</arg>
<arg>GS</arg>
<arg>GT</arg>
<arg>GU</arg>
<arg>GW</arg>
<arg>GY</arg>
<arg>HK</arg>
<arg>HM</arg>
<arg>HN</arg>
<arg>HR</arg>
<arg>HT</arg>
<arg>HU</arg>
<arg>ID</arg>
<arg>IE</arg>
<arg>IL</arg>
<arg>IM</arg>
<arg>IN</arg>
<arg>IO</arg>
<arg>IQ</arg>
<arg>IR</arg>
<arg>IS</arg>
<arg>IT</arg>
<arg>JE</arg>
<arg>JM</arg>
<arg>JO</arg>
<arg>JP</arg>
<arg>KE</arg>
<arg>KG</arg>
<arg>KH</arg>
<arg>KI</arg>
<arg>KM</arg>
<arg>KN</arg>
<arg>KP</arg>
<arg>KR</arg>
<arg>KW</arg>
<arg>KY</arg>
<arg>KZ</arg>
<arg>LA</arg>
<arg>LB</arg>
<arg>LC</arg>
<arg>LI</arg>
<arg>LK</arg>
<arg>LR</arg>
<arg>LS</arg>
<arg>LT</arg>
<arg>LU</arg>
<arg>LV</arg>
<arg>LY</arg>
<arg>MA</arg>
<arg>MC</arg>
<arg>MD</arg>
<arg>ME</arg>
<arg>MF</arg>
<arg>MG</arg>
<arg>MH</arg>
<arg>MK</arg>
<arg>ML</arg>
<arg>MM</arg>
<arg>MN</arg>
<arg>MO</arg>
<arg>MP</arg>
<arg>MQ</arg>
<arg>MR</arg>
<arg>MS</arg>
<arg>MT</arg>
<arg>MU</arg>
<arg>MV</arg>
<arg>MW</arg>
<arg>MX</arg>
<arg>MY</arg>
<arg>MZ</arg>
<arg>NA</arg>
<arg>NC</arg>
<arg>NE</arg>
<arg>NF</arg>
<arg>NG</arg>
<arg>NI</arg>
<arg>NL</arg>
<arg>NO</arg>
<arg>NP</arg>
<arg>NR</arg>
<arg>NU</arg>
<arg>NZ</arg>
<arg>OM</arg>
<arg>PA</arg>
<arg>PE</arg>
<arg>PF</arg>
<arg>PG</arg>
<arg>PH</arg>
<arg>PK</arg>
<arg>PL</arg>
<arg>PM</arg>
<arg>PN</arg>
<arg>PR</arg>
<arg>PS</arg>
<arg>PT</arg>
<arg>PW</arg>
<arg>PY</arg>
<arg>QA</arg>
<arg>RE</arg>
<arg>RO</arg>
<arg>RS</arg>
<arg>RU</arg>
<arg>RW</arg>
<arg>SA</arg>
<arg>SB</arg>
<arg>SC</arg>
<arg>SD</arg>
<arg>SE</arg>
<arg>SG</arg>
<arg>SH</arg>
<arg>SI</arg>
<arg>SJ</arg>
<arg>SK</arg>
<arg>SL</arg>
<arg>SM</arg>
<arg>SN</arg>
<arg>SO</arg>
<arg>SR</arg>
<arg>SS</arg>
<arg>ST</arg>
<arg>SV</arg>
<arg>SX</arg>
<arg>SY</arg>
<arg>SZ</arg>
<arg>TC</arg>
<arg>TD</arg>
<arg>TF</arg>
<arg>TG</arg>
<arg>TH</arg>
<arg>TJ</arg>
<arg>TK</arg>
<arg>TL</arg>
<arg>TM</arg>
<arg>TN</arg>
<arg>TO</arg>
<arg>TR</arg>
<arg>TT</arg>
<arg>TV</arg>
<arg>TW</arg>
<arg>TZ</arg>
<arg>UA</arg>
<arg>UG</arg>
<arg>UM</arg>
<arg>US</arg>
<arg>UY</arg>
<arg>UZ</arg>
<arg>VA</arg>
<arg>VC</arg>
<arg>VE</arg>
<arg>VG</arg>
<arg>VI</arg>
<arg>VN</arg>
<arg>VU</arg>
<arg>WF</arg>
<arg>WS</arg>
<arg>XK</arg>
<arg>YE</arg>
<arg>YT</arg>
<arg>ZA</arg>
<arg>ZM</arg>
<arg>ZW</arg>
<doc>Returns a list containing given items.</doc>
<status status="PASS" start="2024-05-31T23:14:31.528690" elapsed="0.000618"/>
</kw>
<kw name="List Should Contain Value" owner="Collections">
<msg time="2024-05-31T23:14:31.530325" level="INFO">False</msg>
<arg>${list_country}</arg>
<arg>${name_country}</arg>
<doc>Fails if the ``value`` is not found from ``list``.</doc>
<status status="PASS" start="2024-05-31T23:14:31.530118" elapsed="0.000251"/>
</kw>
<kw name="Run Keyword If" owner="BuiltIn">
<kw name="Should Be True" owner="BuiltIn">
<arg>${True}</arg>
<doc>Fails if the given condition is not true.</doc>
<status status="PASS" start="2024-05-31T23:14:31.531433" elapsed="0.000144"/>
</kw>
<arg>${json_data["results"][0]["location"]["coordinates"]["latitude"]} &gt;= -90 and ${json_data["results"][0]["location"]["coordinates"]["latitude"]} &lt;= 90</arg>
<arg>Should Be True</arg>
<arg>${True}</arg>
<doc>Runs the given keyword with the given arguments, if ``condition`` is true.</doc>
<status status="PASS" start="2024-05-31T23:14:31.530689" elapsed="0.001015"/>
</kw>
<kw name="Run Keyword If" owner="BuiltIn">
<kw name="Should Be True" owner="BuiltIn">
<arg>${True}</arg>
<doc>Fails if the given condition is not true.</doc>
<status status="PASS" start="2024-05-31T23:14:31.532595" elapsed="0.000139"/>
</kw>
<arg>${json_data["results"][0]["location"]["coordinates"]["longitude"]} &gt;= -180 and ${json_data["results"][0]["location"]["coordinates"]["longitude"]} &lt;= 180</arg>
<arg>Should Be True</arg>
<arg>${True}</arg>
<doc>Runs the given keyword with the given arguments, if ``condition`` is true.</doc>
<status status="PASS" start="2024-05-31T23:14:31.531896" elapsed="0.000963"/>
</kw>
<status status="PASS" start="2024-05-31T23:14:31.429909" elapsed="0.103077"/>
</kw>
<doc>Testa o conteúdo específico dos campos retornados pela API.</doc>
<tag>testeConteudo</tag>
<status status="PASS" start="2024-05-31T23:14:31.429400" elapsed="0.103729"/>
</test>
<status status="PASS" start="2024-05-31T23:14:30.624675" elapsed="0.910438"/>
</suite>
<status status="PASS" start="2024-05-31T23:14:30.611339" elapsed="0.928951"/>
</suite>
<statistics>
<total>
<stat pass="5" fail="0" skip="0">All Tests</stat>
</total>
<tag>
<stat pass="1" fail="0" skip="0">testeConteudo</stat>
<stat pass="1" fail="0" skip="0">testeEstruturaResposta</stat>
<stat pass="1" fail="0" skip="0">testeRequisicaoBasica</stat>
<stat pass="1" fail="0" skip="0">testeTiposDados</stat>
</tag>
<suite>
<stat pass="5" fail="0" skip="0" id="s1" name="Tests">Tests</stat>
<stat pass="5" fail="0" skip="0" id="s1-s1" name="Random-User-Test">Tests.Random-User-Test</stat>
</suite>
</statistics>
<errors>
</errors>
</robot>
