<?xml version="1.0" encoding="UTF-8"?>
<robot generator="Robot 7.0.1 (Python 3.12.4 on linux)" generated="2024-07-28T12:26:51.240415" rpa="false" schemaversion="5">
<suite id="s1" name="Tests" source="/home/runner/work/ApiRandomUser/ApiRandomUser/RamdonUser/tests">
<suite id="s1-s1" name="Random-User-Test" source="/home/runner/work/ApiRandomUser/ApiRandomUser/RamdonUser/tests/random-user-test.robot">
<test id="s1-s1-t1" name="Conectar" line="13">
<kw name="Conectar API" owner="random-user-service">
<kw name="Create Session" owner="RequestsLibrary">
<msg time="2024-07-28T12:26:51.632404" level="INFO">Creating Session using : alias=consultarAPI, url=https://randomuser.me/, headers={},                     cookies={}, auth=None, timeout=None, proxies=None, verify=False,                     debug=0 </msg>
<arg>consultarAPI</arg>
<arg>${URL}</arg>
<doc>Create Session: create a HTTP session to a server</doc>
<status status="PASS" start="2024-07-28T12:26:51.632212" elapsed="0.000358"/>
</kw>
<status status="PASS" start="2024-07-28T12:26:51.631197" elapsed="0.001711"/>
</kw>
<status status="PASS" start="2024-07-28T12:26:51.630622" elapsed="0.002474"/>
</test>
<test id="s1-s1-t2" name="Validar retorno 200 e JSON Válido" line="16">
<kw name="Teste de Requisicao Basica" owner="random-user-service">
<kw name="GET On Session" owner="RequestsLibrary">
<msg time="2024-07-28T12:26:51.891165" level="INFO">GET Request : url=https://randomuser.me/api 
 path_url=/api 
 headers={'User-Agent': 'python-requests/2.32.3', 'Accept-Encoding': 'gzip, deflate', 'Accept': '*/*', 'Connection': 'keep-alive'} 
 body=None 
 </msg>
<msg time="2024-07-28T12:26:51.891290" level="INFO">GET Response : url=https://randomuser.me/api 
 status=200, reason=OK 
 headers={'Date': 'Sun, 28 Jul 2024 12:26:51 GMT', 'Content-Type': 'application/json; charset=utf-8', 'Transfer-Encoding': 'chunked', 'Connection': 'keep-alive', 'X-Powered-By': 'Express', 'Access-Control-Allow-Origin': '*', 'Cache-Control': 'no-cache', 'ETag': 'W/"487-F9hhslgxmgOAEWpGWtbP34/4GWw"', 'Vary': 'Accept-Encoding', 'Content-Encoding': 'gzip', 'CF-Cache-Status': 'DYNAMIC', 'Report-To': '{"endpoints":[{"url":"https:\\/\\/a.nel.cloudflare.com\\/report\\/v4?s=kQNKajezNVudCMmiwNQQXqfXMyCl%2Bki9YiV5WeIU1b4JjtFCMoXCTwddRM9R0BNOdX5vOp6yk3bWFKCN%2BnS%2Bz%2BalSBIQIiyzCdSoqCAyt5EbYR8EIDg5zuRvTO2pMgtE"}],"group":"cf-nel","max_age":604800}', 'NEL': '{"success_fraction":0,"report_to":"cf-nel","max_age":604800}', 'Server': 'cloudflare', 'CF-RAY': '8aa4dc29ff9b8269-IAD', 'alt-svc': 'h3=":443"; ma=86400'} 
 body={"results":[{"gender":"male","name":{"title":"Mr","first":"Jasper","last":"Diederich"},"location":{"street":{"number":123,"name":"Burgstraße"},"city":"Oldenburg (Oldenburg)","state":"Hessen","country":"Germany","postcode":83021,"coordinates":{"latitude":"-50.4445","longitude":"-141.0470"},"timezone":{"offset":"+4:30","description":"Kabul"}},"email":"jasper.diederich@example.com","login":{"uuid":"82a03a6c-222f-45fc-b6f9-84fa56cdcb15","username":"yellowmeercat566","password":"goldwing","salt":"lii8w7XS","md5":"94bd95ce2d1cd321410789520ee38478","sha1":"48570bba93c36b81806e0319520d5fb84ff76c15","sha256":"c14971d6918dc80993d6e1119ee6056b6ae9cd17f9a1debe0de138b0de8bdd00"},"dob":{"date":"1960-03-05T08:45:38.414Z","age":64},"registered":{"date":"2021-07-25T15:32:22.144Z","age":3},"phone":"0337-8770312","cell":"0179-9749408","id":{"name":"SVNR","value":"57 050360 D 397"},"picture":{"large":"https://randomuser.me/api/portraits/men/63.jpg","medium":"https://randomuser.me/api/portraits/med/men/63.jpg","thumbnail":"https://randomuser.me/api/portraits/thumb/men/63.jpg"},"nat":"DE"}],"info":{"seed":"6f25e82ae3ae7879","results":1,"page":1,"version":"1.4"}} 
 </msg>
<msg time="2024-07-28T12:26:51.891366" level="INFO">/opt/hostedtoolcache/Python/3.12.4/x64/lib/python3.12/site-packages/urllib3/connectionpool.py:1099: InsecureRequestWarning: Unverified HTTPS request is being made to host 'randomuser.me'. Adding certificate verification is strongly advised. See: https://urllib3.readthedocs.io/en/latest/advanced-usage.html#tls-warnings
  warnings.warn(</msg>
<msg time="2024-07-28T12:26:51.891512" level="INFO">${response} = &lt;Response [200]&gt;</msg>
<var>${response}</var>
<arg>consultarAPI</arg>
<arg>/api</arg>
<doc>Sends a GET request on a previously created HTTP Session.</doc>
<status status="PASS" start="2024-07-28T12:26:51.635728" elapsed="0.255827"/>
</kw>
<kw name="Should Be Equal As Numbers" owner="BuiltIn">
<msg time="2024-07-28T12:26:51.892453" level="INFO">Argument types are:
&lt;class 'int'&gt;
&lt;class 'str'&gt;</msg>
<arg>${response.status_code}</arg>
<arg>200</arg>
<doc>Fails if objects are unequal after converting them to real numbers.</doc>
<status status="PASS" start="2024-07-28T12:26:51.891993" elapsed="0.000522"/>
</kw>
<kw name="Log" owner="BuiltIn">
<msg time="2024-07-28T12:26:51.893191" level="INFO">200</msg>
<arg>${response.status_code}</arg>
<doc>Logs the given message with the given level.</doc>
<status status="PASS" start="2024-07-28T12:26:51.892832" elapsed="0.000402"/>
</kw>
<kw name="Set Variable" owner="BuiltIn">
<msg time="2024-07-28T12:26:51.893977" level="INFO">${json_data} = {'results': [{'gender': 'male', 'name': {'title': 'Mr', 'first': 'Jasper', 'last': 'Diederich'}, 'location': {'street': {'number': 123, 'name': 'Burgstraße'}, 'city': 'Oldenburg (Oldenburg)', 'state':...</msg>
<var>${json_data}</var>
<arg>${response.json()}</arg>
<doc>Returns the given values which can then be assigned to a variables.</doc>
<status status="PASS" start="2024-07-28T12:26:51.893539" elapsed="0.000469"/>
</kw>
<kw name="Dictionary Should Contain Key" owner="Collections">
<arg>${json_data}</arg>
<arg>results</arg>
<doc>Fails if ``key`` is not found from ``dictionary``.</doc>
<status status="PASS" start="2024-07-28T12:26:51.894314" elapsed="0.000302"/>
</kw>
<status status="PASS" start="2024-07-28T12:26:51.635488" elapsed="0.259281"/>
</kw>
<doc>Testa se a API responde corretamente e retorna um objeto JSON válido.</doc>
<tag>testeRequisicaoBasica</tag>
<status status="PASS" start="2024-07-28T12:26:51.634959" elapsed="0.259977"/>
</test>
<test id="s1-s1-t3" name="Validar estrutura de resposta" line="22">
<kw name="Teste de Estrutura de Resposta" owner="random-user-service">
<kw name="GET On Session" owner="RequestsLibrary">
<msg time="2024-07-28T12:26:52.095822" level="INFO">GET Request : url=https://randomuser.me/api 
 path_url=/api 
 headers={'User-Agent': 'python-requests/2.32.3', 'Accept-Encoding': 'gzip, deflate', 'Accept': '*/*', 'Connection': 'keep-alive'} 
 body=None 
 </msg>
<msg time="2024-07-28T12:26:52.095910" level="INFO">GET Response : url=https://randomuser.me/api 
 status=200, reason=OK 
 headers={'Date': 'Sun, 28 Jul 2024 12:26:52 GMT', 'Content-Type': 'application/json; charset=utf-8', 'Transfer-Encoding': 'chunked', 'Connection': 'keep-alive', 'X-Powered-By': 'Express', 'Access-Control-Allow-Origin': '*', 'Cache-Control': 'no-cache', 'ETag': 'W/"48d-Mym/3HeGITR4NWk4Gj2aLGEzO0g"', 'Vary': 'Accept-Encoding', 'Content-Encoding': 'gzip', 'CF-Cache-Status': 'DYNAMIC', 'Report-To': '{"endpoints":[{"url":"https:\\/\\/a.nel.cloudflare.com\\/report\\/v4?s=PRufXb7ni8CpPCdjN%2FDsUWi2pJ352qATJLllwkUa%2FxKqu0rQCr0IaNHWH%2Bfd5wvI2mRbkBdoXXa0y7rAc2MwM%2Feqg92GsiWWvUTOvjqYSV2i%2FXoXg9UTihSWejvcA7Ap"}],"group":"cf-nel","max_age":604800}', 'NEL': '{"success_fraction":0,"report_to":"cf-nel","max_age":604800}', 'Server': 'cloudflare', 'CF-RAY': '8aa4dc2a68018269-IAD', 'alt-svc': 'h3=":443"; ma=86400'} 
 body={"results":[{"gender":"female","name":{"title":"Mrs","first":"Olivia","last":"Hansen"},"location":{"street":{"number":9372,"name":"Tranevænget"},"city":"Gl. Rye","state":"Hovedstaden","country":"Denmark","postcode":64297,"coordinates":{"latitude":"-45.3741","longitude":"141.2901"},"timezone":{"offset":"+8:00","description":"Beijing, Perth, Singapore, Hong Kong"}},"email":"olivia.hansen@example.com","login":{"uuid":"c29dee33-9a53-4565-a34b-840b341b916b","username":"sadlion371","password":"diamond","salt":"Pumvzvim","md5":"6ba9c5af65dcef710169fae7e9086c37","sha1":"30ee8142464472f56c4925c70911ffea68af3300","sha256":"50657838deb443bebeb949e197a5ae022bd39091ecc8ec6283332192601d031d"},"dob":{"date":"1947-11-22T09:03:28.664Z","age":76},"registered":{"date":"2016-02-29T18:18:37.027Z","age":8},"phone":"21760377","cell":"28763934","id":{"name":"CPR","value":"221147-3673"},"picture":{"large":"https://randomuser.me/api/portraits/women/18.jpg","medium":"https://randomuser.me/api/portraits/med/women/18.jpg","thumbnail":"https://randomuser.me/api/portraits/thumb/women/18.jpg"},"nat":"DK"}],"info":{"seed":"b49b837fd86dbe90","results":1,"page":1,"version":"1.4"}} 
 </msg>
<msg time="2024-07-28T12:26:52.096055" level="INFO">/opt/hostedtoolcache/Python/3.12.4/x64/lib/python3.12/site-packages/urllib3/connectionpool.py:1099: InsecureRequestWarning: Unverified HTTPS request is being made to host 'randomuser.me'. Adding certificate verification is strongly advised. See: https://urllib3.readthedocs.io/en/latest/advanced-usage.html#tls-warnings
  warnings.warn(</msg>
<msg time="2024-07-28T12:26:52.096194" level="INFO">${response} = &lt;Response [200]&gt;</msg>
<var>${response}</var>
<arg>consultarAPI</arg>
<arg>/api</arg>
<doc>Sends a GET request on a previously created HTTP Session.</doc>
<status status="PASS" start="2024-07-28T12:26:51.897487" elapsed="0.198746"/>
</kw>
<kw name="Set Variable" owner="BuiltIn">
<msg time="2024-07-28T12:26:52.097173" level="INFO">${json_data} = {'results': [{'gender': 'female', 'name': {'title': 'Mrs', 'first': 'Olivia', 'last': 'Hansen'}, 'location': {'street': {'number': 9372, 'name': 'Tranevænget'}, 'city': 'Gl. Rye', 'state': 'Hovedstade...</msg>
<var>${json_data}</var>
<arg>${response.json()}</arg>
<doc>Returns the given values which can then be assigned to a variables.</doc>
<status status="PASS" start="2024-07-28T12:26:52.096668" elapsed="0.000535"/>
</kw>
<kw name="Log" owner="BuiltIn">
<msg time="2024-07-28T12:26:52.097668" level="INFO">{'results': [{'gender': 'female', 'name': {'title': 'Mrs', 'first': 'Olivia', 'last': 'Hansen'}, 'location': {'street': {'number': 9372, 'name': 'Tranevænget'}, 'city': 'Gl. Rye', 'state': 'Hovedstaden', 'country': 'Denmark', 'postcode': 64297, 'coordinates': {'latitude': '-45.3741', 'longitude': '141.2901'}, 'timezone': {'offset': '+8:00', 'description': 'Beijing, Perth, Singapore, Hong Kong'}}, 'email': 'olivia.hansen@example.com', 'login': {'uuid': 'c29dee33-9a53-4565-a34b-840b341b916b', 'username': 'sadlion371', 'password': 'diamond', 'salt': 'Pumvzvim', 'md5': '6ba9c5af65dcef710169fae7e9086c37', 'sha1': '30ee8142464472f56c4925c70911ffea68af3300', 'sha256': '50657838deb443bebeb949e197a5ae022bd39091ecc8ec6283332192601d031d'}, 'dob': {'date': '1947-11-22T09:03:28.664Z', 'age': 76}, 'registered': {'date': '2016-02-29T18:18:37.027Z', 'age': 8}, 'phone': '21760377', 'cell': '28763934', 'id': {'name': 'CPR', 'value': '221147-3673'}, 'picture': {'large': 'https://randomuser.me/api/portraits/women/18.jpg', 'medium': 'https://randomuser.me/api/portraits/med/women/18.jpg', 'thumbnail': 'https://randomuser.me/api/portraits/thumb/women/18.jpg'}, 'nat': 'DK'}], 'info': {'seed': 'b49b837fd86dbe90', 'results': 1, 'page': 1, 'version': '1.4'}}</msg>
<arg>${json_data}</arg>
<doc>Logs the given message with the given level.</doc>
<status status="PASS" start="2024-07-28T12:26:52.097502" elapsed="0.000216"/>
</kw>
<kw name="Dictionary Should Contain Key" owner="Collections">
<arg>${json_data}</arg>
<arg>results</arg>
<doc>Fails if ``key`` is not found from ``dictionary``.</doc>
<status status="PASS" start="2024-07-28T12:26:52.098008" elapsed="0.000163"/>
</kw>
<kw name="Should Not Be Empty" owner="BuiltIn">
<msg time="2024-07-28T12:26:52.098479" level="INFO">Length is 2.</msg>
<arg>${json_data}</arg>
<doc>Verifies that the given item is not empty.</doc>
<status status="PASS" start="2024-07-28T12:26:52.098355" elapsed="0.000161"/>
</kw>
<kw name="Create List" owner="BuiltIn">
<msg time="2024-07-28T12:26:52.098977" level="INFO">${expected_keys} = ['gender', 'name', 'location', 'email', 'login']</msg>
<var>${expected_keys}</var>
<arg>gender</arg>
<arg>name</arg>
<arg>location</arg>
<arg>email</arg>
<arg>login</arg>
<doc>Returns a list containing given items.</doc>
<status status="PASS" start="2024-07-28T12:26:52.098801" elapsed="0.000200"/>
</kw>
<for flavor="IN">
<iter>
<kw name="Dictionary Should Contain Key" owner="Collections">
<arg>${json_data['results'][0]}</arg>
<arg>${key}</arg>
<doc>Fails if ``key`` is not found from ``dictionary``.</doc>
<status status="PASS" start="2024-07-28T12:26:52.099569" elapsed="0.000396"/>
</kw>
<kw name="Log" owner="BuiltIn">
<msg time="2024-07-28T12:26:52.100542" level="INFO">{'gender': 'female', 'name': {'title': 'Mrs', 'first': 'Olivia', 'last': 'Hansen'}, 'location': {'street': {'number': 9372, 'name': 'Tranevænget'}, 'city': 'Gl. Rye', 'state': 'Hovedstaden', 'country': 'Denmark', 'postcode': 64297, 'coordinates': {'latitude': '-45.3741', 'longitude': '141.2901'}, 'timezone': {'offset': '+8:00', 'description': 'Beijing, Perth, Singapore, Hong Kong'}}, 'email': 'olivia.hansen@example.com', 'login': {'uuid': 'c29dee33-9a53-4565-a34b-840b341b916b', 'username': 'sadlion371', 'password': 'diamond', 'salt': 'Pumvzvim', 'md5': '6ba9c5af65dcef710169fae7e9086c37', 'sha1': '30ee8142464472f56c4925c70911ffea68af3300', 'sha256': '50657838deb443bebeb949e197a5ae022bd39091ecc8ec6283332192601d031d'}, 'dob': {'date': '1947-11-22T09:03:28.664Z', 'age': 76}, 'registered': {'date': '2016-02-29T18:18:37.027Z', 'age': 8}, 'phone': '21760377', 'cell': '28763934', 'id': {'name': 'CPR', 'value': '221147-3673'}, 'picture': {'large': 'https://randomuser.me/api/portraits/women/18.jpg', 'medium': 'https://randomuser.me/api/portraits/med/women/18.jpg', 'thumbnail': 'https://randomuser.me/api/portraits/thumb/women/18.jpg'}, 'nat': 'DK'}</msg>
<arg>${json_data['results'][0]}</arg>
<doc>Logs the given message with the given level.</doc>
<status status="PASS" start="2024-07-28T12:26:52.100187" elapsed="0.000405"/>
</kw>
<kw name="Log" owner="BuiltIn">
<msg time="2024-07-28T12:26:52.101021" level="INFO">gender</msg>
<arg>${key}</arg>
<doc>Logs the given message with the given level.</doc>
<status status="PASS" start="2024-07-28T12:26:52.100893" elapsed="0.000166"/>
</kw>
<var name="${key}">gender</var>
<status status="PASS" start="2024-07-28T12:26:52.099446" elapsed="0.001828"/>
</iter>
<iter>
<kw name="Dictionary Should Contain Key" owner="Collections">
<arg>${json_data['results'][0]}</arg>
<arg>${key}</arg>
<doc>Fails if ``key`` is not found from ``dictionary``.</doc>
<status status="PASS" start="2024-07-28T12:26:52.101566" elapsed="0.000378"/>
</kw>
<kw name="Log" owner="BuiltIn">
<msg time="2024-07-28T12:26:52.102478" level="INFO">{'gender': 'female', 'name': {'title': 'Mrs', 'first': 'Olivia', 'last': 'Hansen'}, 'location': {'street': {'number': 9372, 'name': 'Tranevænget'}, 'city': 'Gl. Rye', 'state': 'Hovedstaden', 'country': 'Denmark', 'postcode': 64297, 'coordinates': {'latitude': '-45.3741', 'longitude': '141.2901'}, 'timezone': {'offset': '+8:00', 'description': 'Beijing, Perth, Singapore, Hong Kong'}}, 'email': 'olivia.hansen@example.com', 'login': {'uuid': 'c29dee33-9a53-4565-a34b-840b341b916b', 'username': 'sadlion371', 'password': 'diamond', 'salt': 'Pumvzvim', 'md5': '6ba9c5af65dcef710169fae7e9086c37', 'sha1': '30ee8142464472f56c4925c70911ffea68af3300', 'sha256': '50657838deb443bebeb949e197a5ae022bd39091ecc8ec6283332192601d031d'}, 'dob': {'date': '1947-11-22T09:03:28.664Z', 'age': 76}, 'registered': {'date': '2016-02-29T18:18:37.027Z', 'age': 8}, 'phone': '21760377', 'cell': '28763934', 'id': {'name': 'CPR', 'value': '221147-3673'}, 'picture': {'large': 'https://randomuser.me/api/portraits/women/18.jpg', 'medium': 'https://randomuser.me/api/portraits/med/women/18.jpg', 'thumbnail': 'https://randomuser.me/api/portraits/thumb/women/18.jpg'}, 'nat': 'DK'}</msg>
<arg>${json_data['results'][0]}</arg>
<doc>Logs the given message with the given level.</doc>
<status status="PASS" start="2024-07-28T12:26:52.102123" elapsed="0.000436"/>
</kw>
<kw name="Log" owner="BuiltIn">
<msg time="2024-07-28T12:26:52.102980" level="INFO">name</msg>
<arg>${key}</arg>
<doc>Logs the given message with the given level.</doc>
<status status="PASS" start="2024-07-28T12:26:52.102855" elapsed="0.000162"/>
</kw>
<var name="${key}">name</var>
<status status="PASS" start="2024-07-28T12:26:52.101457" elapsed="0.001773"/>
</iter>
<iter>
<kw name="Dictionary Should Contain Key" owner="Collections">
<arg>${json_data['results'][0]}</arg>
<arg>${key}</arg>
<doc>Fails if ``key`` is not found from ``dictionary``.</doc>
<status status="PASS" start="2024-07-28T12:26:52.103531" elapsed="0.000413"/>
</kw>
<kw name="Log" owner="BuiltIn">
<msg time="2024-07-28T12:26:52.104532" level="INFO">{'gender': 'female', 'name': {'title': 'Mrs', 'first': 'Olivia', 'last': 'Hansen'}, 'location': {'street': {'number': 9372, 'name': 'Tranevænget'}, 'city': 'Gl. Rye', 'state': 'Hovedstaden', 'country': 'Denmark', 'postcode': 64297, 'coordinates': {'latitude': '-45.3741', 'longitude': '141.2901'}, 'timezone': {'offset': '+8:00', 'description': 'Beijing, Perth, Singapore, Hong Kong'}}, 'email': 'olivia.hansen@example.com', 'login': {'uuid': 'c29dee33-9a53-4565-a34b-840b341b916b', 'username': 'sadlion371', 'password': 'diamond', 'salt': 'Pumvzvim', 'md5': '6ba9c5af65dcef710169fae7e9086c37', 'sha1': '30ee8142464472f56c4925c70911ffea68af3300', 'sha256': '50657838deb443bebeb949e197a5ae022bd39091ecc8ec6283332192601d031d'}, 'dob': {'date': '1947-11-22T09:03:28.664Z', 'age': 76}, 'registered': {'date': '2016-02-29T18:18:37.027Z', 'age': 8}, 'phone': '21760377', 'cell': '28763934', 'id': {'name': 'CPR', 'value': '221147-3673'}, 'picture': {'large': 'https://randomuser.me/api/portraits/women/18.jpg', 'medium': 'https://randomuser.me/api/portraits/med/women/18.jpg', 'thumbnail': 'https://randomuser.me/api/portraits/thumb/women/18.jpg'}, 'nat': 'DK'}</msg>
<arg>${json_data['results'][0]}</arg>
<doc>Logs the given message with the given level.</doc>
<status status="PASS" start="2024-07-28T12:26:52.104160" elapsed="0.000437"/>
</kw>
<kw name="Log" owner="BuiltIn">
<msg time="2024-07-28T12:26:52.105026" level="INFO">location</msg>
<arg>${key}</arg>
<doc>Logs the given message with the given level.</doc>
<status status="PASS" start="2024-07-28T12:26:52.104898" elapsed="0.000166"/>
</kw>
<var name="${key}">location</var>
<status status="PASS" start="2024-07-28T12:26:52.103403" elapsed="0.001875"/>
</iter>
<iter>
<kw name="Dictionary Should Contain Key" owner="Collections">
<arg>${json_data['results'][0]}</arg>
<arg>${key}</arg>
<doc>Fails if ``key`` is not found from ``dictionary``.</doc>
<status status="PASS" start="2024-07-28T12:26:52.105557" elapsed="0.000392"/>
</kw>
<kw name="Log" owner="BuiltIn">
<msg time="2024-07-28T12:26:52.106612" level="INFO">{'gender': 'female', 'name': {'title': 'Mrs', 'first': 'Olivia', 'last': 'Hansen'}, 'location': {'street': {'number': 9372, 'name': 'Tranevænget'}, 'city': 'Gl. Rye', 'state': 'Hovedstaden', 'country': 'Denmark', 'postcode': 64297, 'coordinates': {'latitude': '-45.3741', 'longitude': '141.2901'}, 'timezone': {'offset': '+8:00', 'description': 'Beijing, Perth, Singapore, Hong Kong'}}, 'email': 'olivia.hansen@example.com', 'login': {'uuid': 'c29dee33-9a53-4565-a34b-840b341b916b', 'username': 'sadlion371', 'password': 'diamond', 'salt': 'Pumvzvim', 'md5': '6ba9c5af65dcef710169fae7e9086c37', 'sha1': '30ee8142464472f56c4925c70911ffea68af3300', 'sha256': '50657838deb443bebeb949e197a5ae022bd39091ecc8ec6283332192601d031d'}, 'dob': {'date': '1947-11-22T09:03:28.664Z', 'age': 76}, 'registered': {'date': '2016-02-29T18:18:37.027Z', 'age': 8}, 'phone': '21760377', 'cell': '28763934', 'id': {'name': 'CPR', 'value': '221147-3673'}, 'picture': {'large': 'https://randomuser.me/api/portraits/women/18.jpg', 'medium': 'https://randomuser.me/api/portraits/med/women/18.jpg', 'thumbnail': 'https://randomuser.me/api/portraits/thumb/women/18.jpg'}, 'nat': 'DK'}</msg>
<arg>${json_data['results'][0]}</arg>
<doc>Logs the given message with the given level.</doc>
<status status="PASS" start="2024-07-28T12:26:52.106258" elapsed="0.000403"/>
</kw>
<kw name="Log" owner="BuiltIn">
<msg time="2024-07-28T12:26:52.107083" level="INFO">email</msg>
<arg>${key}</arg>
<doc>Logs the given message with the given level.</doc>
<status status="PASS" start="2024-07-28T12:26:52.106954" elapsed="0.000167"/>
</kw>
<var name="${key}">email</var>
<status status="PASS" start="2024-07-28T12:26:52.105451" elapsed="0.001886"/>
</iter>
<iter>
<kw name="Dictionary Should Contain Key" owner="Collections">
<arg>${json_data['results'][0]}</arg>
<arg>${key}</arg>
<doc>Fails if ``key`` is not found from ``dictionary``.</doc>
<status status="PASS" start="2024-07-28T12:26:52.107618" elapsed="0.000375"/>
</kw>
<kw name="Log" owner="BuiltIn">
<msg time="2024-07-28T12:26:52.108590" level="INFO">{'gender': 'female', 'name': {'title': 'Mrs', 'first': 'Olivia', 'last': 'Hansen'}, 'location': {'street': {'number': 9372, 'name': 'Tranevænget'}, 'city': 'Gl. Rye', 'state': 'Hovedstaden', 'country': 'Denmark', 'postcode': 64297, 'coordinates': {'latitude': '-45.3741', 'longitude': '141.2901'}, 'timezone': {'offset': '+8:00', 'description': 'Beijing, Perth, Singapore, Hong Kong'}}, 'email': 'olivia.hansen@example.com', 'login': {'uuid': 'c29dee33-9a53-4565-a34b-840b341b916b', 'username': 'sadlion371', 'password': 'diamond', 'salt': 'Pumvzvim', 'md5': '6ba9c5af65dcef710169fae7e9086c37', 'sha1': '30ee8142464472f56c4925c70911ffea68af3300', 'sha256': '50657838deb443bebeb949e197a5ae022bd39091ecc8ec6283332192601d031d'}, 'dob': {'date': '1947-11-22T09:03:28.664Z', 'age': 76}, 'registered': {'date': '2016-02-29T18:18:37.027Z', 'age': 8}, 'phone': '21760377', 'cell': '28763934', 'id': {'name': 'CPR', 'value': '221147-3673'}, 'picture': {'large': 'https://randomuser.me/api/portraits/women/18.jpg', 'medium': 'https://randomuser.me/api/portraits/med/women/18.jpg', 'thumbnail': 'https://randomuser.me/api/portraits/thumb/women/18.jpg'}, 'nat': 'DK'}</msg>
<arg>${json_data['results'][0]}</arg>
<doc>Logs the given message with the given level.</doc>
<status status="PASS" start="2024-07-28T12:26:52.108233" elapsed="0.000405"/>
</kw>
<kw name="Log" owner="BuiltIn">
<msg time="2024-07-28T12:26:52.109058" level="INFO">login</msg>
<arg>${key}</arg>
<doc>Logs the given message with the given level.</doc>
<status status="PASS" start="2024-07-28T12:26:52.108932" elapsed="0.000163"/>
</kw>
<var name="${key}">login</var>
<status status="PASS" start="2024-07-28T12:26:52.107512" elapsed="0.001797"/>
</iter>
<var>${key}</var>
<value>@{expected_keys}</value>
<status status="PASS" start="2024-07-28T12:26:52.099259" elapsed="0.010172"/>
</for>
<kw name="Create List" owner="BuiltIn">
<msg time="2024-07-28T12:26:52.109753" level="INFO">${expected_keysTwo} = ['username', 'password']</msg>
<var>${expected_keysTwo}</var>
<arg>username</arg>
<arg>password</arg>
<doc>Returns a list containing given items.</doc>
<status status="PASS" start="2024-07-28T12:26:52.109618" elapsed="0.000186"/>
</kw>
<for flavor="IN">
<iter>
<kw name="Dictionary Should Contain Key" owner="Collections">
<arg>${json_data['results'][0]['login']}</arg>
<arg>${keyTwo}</arg>
<doc>Fails if ``key`` is not found from ``dictionary``.</doc>
<status status="PASS" start="2024-07-28T12:26:52.110304" elapsed="0.000379"/>
</kw>
<kw name="Dictionary Should Contain Key" owner="Collections">
<arg>${json_data['results'][0]['login']}</arg>
<arg>${keyTwo}</arg>
<doc>Fails if ``key`` is not found from ``dictionary``.</doc>
<status status="PASS" start="2024-07-28T12:26:52.110867" elapsed="0.000378"/>
</kw>
<kw name="Log" owner="BuiltIn">
<msg time="2024-07-28T12:26:52.111554" level="INFO">username</msg>
<arg>${keyTwo}</arg>
<doc>Logs the given message with the given level.</doc>
<status status="PASS" start="2024-07-28T12:26:52.111422" elapsed="0.000168"/>
</kw>
<var name="${keyTwo}">username</var>
<status status="PASS" start="2024-07-28T12:26:52.110197" elapsed="0.001611"/>
</iter>
<iter>
<kw name="Dictionary Should Contain Key" owner="Collections">
<arg>${json_data['results'][0]['login']}</arg>
<arg>${keyTwo}</arg>
<doc>Fails if ``key`` is not found from ``dictionary``.</doc>
<status status="PASS" start="2024-07-28T12:26:52.112108" elapsed="0.000386"/>
</kw>
<kw name="Dictionary Should Contain Key" owner="Collections">
<arg>${json_data['results'][0]['login']}</arg>
<arg>${keyTwo}</arg>
<doc>Fails if ``key`` is not found from ``dictionary``.</doc>
<status status="PASS" start="2024-07-28T12:26:52.112672" elapsed="0.000364"/>
</kw>
<kw name="Log" owner="BuiltIn">
<msg time="2024-07-28T12:26:52.113334" level="INFO">password</msg>
<arg>${keyTwo}</arg>
<doc>Logs the given message with the given level.</doc>
<status status="PASS" start="2024-07-28T12:26:52.113210" elapsed="0.000161"/>
</kw>
<var name="${keyTwo}">password</var>
<status status="PASS" start="2024-07-28T12:26:52.111976" elapsed="0.001629"/>
</iter>
<var>${keyTwo}</var>
<value>@{expected_keysTwo}</value>
<status status="PASS" start="2024-07-28T12:26:52.110048" elapsed="0.003678"/>
</for>
<status status="PASS" start="2024-07-28T12:26:51.897258" elapsed="0.216608"/>
</kw>
<doc>Testa a estrutura da resposta da API.</doc>
<tag>testeEstruturaResposta</tag>
<status status="PASS" start="2024-07-28T12:26:51.896767" elapsed="0.217253"/>
</test>
<test id="s1-s1-t4" name="Validar tipos de dados" line="28">
<kw name="Teste de Tipos de Dados" owner="random-user-service">
<kw name="GET On Session" owner="RequestsLibrary">
<msg time="2024-07-28T12:26:52.168478" level="INFO">GET Request : url=https://randomuser.me/api 
 path_url=/api 
 headers={'User-Agent': 'python-requests/2.32.3', 'Accept-Encoding': 'gzip, deflate', 'Accept': '*/*', 'Connection': 'keep-alive'} 
 body=None 
 </msg>
<msg time="2024-07-28T12:26:52.168561" level="INFO">GET Response : url=https://randomuser.me/api 
 status=200, reason=OK 
 headers={'Date': 'Sun, 28 Jul 2024 12:26:52 GMT', 'Content-Type': 'application/json; charset=utf-8', 'Transfer-Encoding': 'chunked', 'Connection': 'keep-alive', 'X-Powered-By': 'Express', 'Access-Control-Allow-Origin': '*', 'Cache-Control': 'no-cache', 'ETag': 'W/"49a-q1+CtrWZv7ThrXHulnP4vcAPoms"', 'Vary': 'Accept-Encoding', 'Content-Encoding': 'gzip', 'CF-Cache-Status': 'DYNAMIC', 'Report-To': '{"endpoints":[{"url":"https:\\/\\/a.nel.cloudflare.com\\/report\\/v4?s=IXc4Adkj8axUfjh10peNJjlU6EngO0VcYHx%2FdL0MF%2FiUjDynwdc%2FeWkU7NKUn52HkYeR1UIMy%2FcMr61Y0UxxKyDuF7AuhtgYsobEHMcB78KB%2B4FLb25cZQ1fE0%2Bc0d3R"}],"group":"cf-nel","max_age":604800}', 'NEL': '{"success_fraction":0,"report_to":"cf-nel","max_age":604800}', 'Server': 'cloudflare', 'CF-RAY': '8aa4dc2bb93f8269-IAD', 'alt-svc': 'h3=":443"; ma=86400'} 
 body={"results":[{"gender":"female","name":{"title":"Miss","first":"Isabella","last":"Jørgensen"},"location":{"street":{"number":560,"name":"Blommehaven"},"city":"Gjerlev","state":"Syddanmark","country":"Denmark","postcode":69504,"coordinates":{"latitude":"-42.3343","longitude":"10.6698"},"timezone":{"offset":"-4:00","description":"Atlantic Time (Canada), Caracas, La Paz"}},"email":"isabella.jorgensen@example.com","login":{"uuid":"6544013f-a0eb-4ab1-9dd1-9dd9a6c1a581","username":"bigmouse850","password":"soprano","salt":"c6QQRg22","md5":"5b22a4089b46510dcfda602960300e9e","sha1":"1db19868c649423befe287359ad036715c18c118","sha256":"6825164569ca3bf178b864546bd9f32b2fc7bb0db6d4f5f6e19ca60e183fe6f5"},"dob":{"date":"1991-01-01T23:28:01.686Z","age":33},"registered":{"date":"2014-02-01T00:54:47.760Z","age":10},"phone":"37063504","cell":"84711388","id":{"name":"CPR","value":"010191-1842"},"picture":{"large":"https://randomuser.me/api/portraits/women/60.jpg","medium":"https://randomuser.me/api/portraits/med/women/60.jpg","thumbnail":"https://randomuser.me/api/portraits/thumb/women/60.jpg"},"nat":"DK"}],"info":{"seed":"ad6101d555f65a7f","results":1,"page":1,"version":"1.4"}} 
 </msg>
<msg time="2024-07-28T12:26:52.168635" level="INFO">/opt/hostedtoolcache/Python/3.12.4/x64/lib/python3.12/site-packages/urllib3/connectionpool.py:1099: InsecureRequestWarning: Unverified HTTPS request is being made to host 'randomuser.me'. Adding certificate verification is strongly advised. See: https://urllib3.readthedocs.io/en/latest/advanced-usage.html#tls-warnings
  warnings.warn(</msg>
<msg time="2024-07-28T12:26:52.168758" level="INFO">${response} = &lt;Response [200]&gt;</msg>
<var>${response}</var>
<arg>consultarAPI</arg>
<arg>/api</arg>
<doc>Sends a GET request on a previously created HTTP Session.</doc>
<status status="PASS" start="2024-07-28T12:26:52.116424" elapsed="0.052387"/>
</kw>
<kw name="Set Variable" owner="BuiltIn">
<msg time="2024-07-28T12:26:52.169618" level="INFO">${json_data} = {'results': [{'gender': 'female', 'name': {'title': 'Miss', 'first': 'Isabella', 'last': 'Jørgensen'}, 'location': {'street': {'number': 560, 'name': 'Blommehaven'}, 'city': 'Gjerlev', 'state': 'Sydda...</msg>
<var>${json_data}</var>
<arg>${response.json()}</arg>
<doc>Returns the given values which can then be assigned to a variables.</doc>
<status status="PASS" start="2024-07-28T12:26:52.169169" elapsed="0.000479"/>
</kw>
<kw name="Log" owner="BuiltIn">
<msg time="2024-07-28T12:26:52.170132" level="INFO">{'results': [{'gender': 'female', 'name': {'title': 'Miss', 'first': 'Isabella', 'last': 'Jørgensen'}, 'location': {'street': {'number': 560, 'name': 'Blommehaven'}, 'city': 'Gjerlev', 'state': 'Syddanmark', 'country': 'Denmark', 'postcode': 69504, 'coordinates': {'latitude': '-42.3343', 'longitude': '10.6698'}, 'timezone': {'offset': '-4:00', 'description': 'Atlantic Time (Canada), Caracas, La Paz'}}, 'email': 'isabella.jorgensen@example.com', 'login': {'uuid': '6544013f-a0eb-4ab1-9dd1-9dd9a6c1a581', 'username': 'bigmouse850', 'password': 'soprano', 'salt': 'c6QQRg22', 'md5': '5b22a4089b46510dcfda602960300e9e', 'sha1': '1db19868c649423befe287359ad036715c18c118', 'sha256': '6825164569ca3bf178b864546bd9f32b2fc7bb0db6d4f5f6e19ca60e183fe6f5'}, 'dob': {'date': '1991-01-01T23:28:01.686Z', 'age': 33}, 'registered': {'date': '2014-02-01T00:54:47.760Z', 'age': 10}, 'phone': '37063504', 'cell': '84711388', 'id': {'name': 'CPR', 'value': '010191-1842'}, 'picture': {'large': 'https://randomuser.me/api/portraits/women/60.jpg', 'medium': 'https://randomuser.me/api/portraits/med/women/60.jpg', 'thumbnail': 'https://randomuser.me/api/portraits/thumb/women/60.jpg'}, 'nat': 'DK'}], 'info': {'seed': 'ad6101d555f65a7f', 'results': 1, 'page': 1, 'version': '1.4'}}</msg>
<arg>${json_data}</arg>
<doc>Logs the given message with the given level.</doc>
<status status="PASS" start="2024-07-28T12:26:52.169978" elapsed="0.000203"/>
</kw>
<kw name="Should Be String" owner="String">
<arg>${json_data['results'][0]['gender']}</arg>
<doc>Fails if the given ``item`` is not a string.</doc>
<status status="PASS" start="2024-07-28T12:26:52.170471" elapsed="0.000364"/>
</kw>
<kw name="Should Match Regexp" owner="BuiltIn">
<arg>${json_data['results'][0]['email']}</arg>
<arg>^[a-zA-Z0-9._%+-]+@[a-zA-Z0-9.-]+\.[a-zA-Z]{2,}$</arg>
<doc>Fails if ``string`` does not match ``pattern`` as a regular expression.</doc>
<status status="PASS" start="2024-07-28T12:26:52.171023" elapsed="0.000553"/>
</kw>
<kw name="Should Match Regexp" owner="BuiltIn">
<arg>${json_data['results'][0]['dob']['date']}</arg>
<arg>\\d{4}-\\d{2}-\\d{2}T\\d{2}:\\d{2}:\\d{2}\\.\\d{3}Z</arg>
<doc>Fails if ``string`` does not match ``pattern`` as a regular expression.</doc>
<status status="PASS" start="2024-07-28T12:26:52.171772" elapsed="0.000621"/>
</kw>
<kw name="Should Match Regexp" owner="BuiltIn">
<arg>${json_data['results'][0]['registered']['date']}</arg>
<arg>\\d{4}-\\d{2}-\\d{2}T\\d{2}:\\d{2}:\\d{2}\\.\\d{3}Z</arg>
<doc>Fails if ``string`` does not match ``pattern`` as a regular expression.</doc>
<status status="PASS" start="2024-07-28T12:26:52.172587" elapsed="0.000379"/>
</kw>
<kw name="Should Match Regexp" owner="BuiltIn">
<arg>${json_data['results'][0]['picture']['large']}</arg>
<arg>^https?://.*\.(?:png|jpe?g|gif|bmp)$</arg>
<doc>Fails if ``string`` does not match ``pattern`` as a regular expression.</doc>
<status status="PASS" start="2024-07-28T12:26:52.173151" elapsed="0.000455"/>
</kw>
<kw name="Should Match Regexp" owner="BuiltIn">
<arg>${json_data['results'][0]['picture']['medium']}</arg>
<arg>^https?://.*\.(?:png|jpe?g|gif|bmp)$</arg>
<doc>Fails if ``string`` does not match ``pattern`` as a regular expression.</doc>
<status status="PASS" start="2024-07-28T12:26:52.173791" elapsed="0.000360"/>
</kw>
<kw name="Should Match Regexp" owner="BuiltIn">
<arg>${json_data['results'][0]['picture']['thumbnail']}</arg>
<arg>^https?://.*\.(?:png|jpe?g|gif|bmp)$</arg>
<doc>Fails if ``string`` does not match ``pattern`` as a regular expression.</doc>
<status status="PASS" start="2024-07-28T12:26:52.174333" elapsed="0.000345"/>
</kw>
<kw name="Log" owner="BuiltIn">
<msg time="2024-07-28T12:26:52.175183" level="INFO">{'large': 'https://randomuser.me/api/portraits/women/60.jpg', 'medium': 'https://randomuser.me/api/portraits/med/women/60.jpg', 'thumbnail': 'https://randomuser.me/api/portraits/thumb/women/60.jpg'}</msg>
<arg>${json_data['results'][0]['picture']}</arg>
<doc>Logs the given message with the given level.</doc>
<status status="PASS" start="2024-07-28T12:26:52.174859" elapsed="0.000366"/>
</kw>
<status status="PASS" start="2024-07-28T12:26:52.116203" elapsed="0.059277"/>
</kw>
<kw name="Teste de Tipos de Dados - Postcode" owner="random-user-service">
<kw name="GET On Session" owner="RequestsLibrary">
<msg time="2024-07-28T12:26:52.261705" level="INFO">GET Request : url=https://randomuser.me/api 
 path_url=/api 
 headers={'User-Agent': 'python-requests/2.32.3', 'Accept-Encoding': 'gzip, deflate', 'Accept': '*/*', 'Connection': 'keep-alive'} 
 body=None 
 </msg>
<msg time="2024-07-28T12:26:52.261789" level="INFO">GET Response : url=https://randomuser.me/api 
 status=200, reason=OK 
 headers={'Date': 'Sun, 28 Jul 2024 12:26:52 GMT', 'Content-Type': 'application/json; charset=utf-8', 'Transfer-Encoding': 'chunked', 'Connection': 'keep-alive', 'X-Powered-By': 'Express', 'Access-Control-Allow-Origin': '*', 'Cache-Control': 'no-cache', 'ETag': 'W/"4a7-ZYETt8dm/DHvbxFS+occ8lncykA"', 'Vary': 'Accept-Encoding', 'Content-Encoding': 'gzip', 'CF-Cache-Status': 'DYNAMIC', 'Report-To': '{"endpoints":[{"url":"https:\\/\\/a.nel.cloudflare.com\\/report\\/v4?s=STHazHzQrssHPGdqoFshLoZpS4nYtYL98HNnXdwe7E8lkxKHspLGT9zJLWT1fg13lDl5cTHguc7Ffv8ePM7TkZF7ToatJ3VVp%2B7hYOEDlrxGVrxy0fhyFf8AGIWARhIg"}],"group":"cf-nel","max_age":604800}', 'NEL': '{"success_fraction":0,"report_to":"cf-nel","max_age":604800}', 'Server': 'cloudflare', 'CF-RAY': '8aa4dc2c199c8269-IAD', 'alt-svc': 'h3=":443"; ma=86400'} 
 body={"results":[{"gender":"female","name":{"title":"Ms","first":"Romane","last":"Lacroix"},"location":{"street":{"number":4268,"name":"Rue Gasparin"},"city":"Limoges","state":"Hautes-Pyrénées","country":"France","postcode":78440,"coordinates":{"latitude":"-19.3403","longitude":"26.3485"},"timezone":{"offset":"+4:00","description":"Abu Dhabi, Muscat, Baku, Tbilisi"}},"email":"romane.lacroix@example.com","login":{"uuid":"e7c96e67-c88b-48b6-aa66-1c5f1a5fb906","username":"greenbutterfly809","password":"gator1","salt":"FGSHUxyN","md5":"eec46b16ee0ab540bc469d6c62ea39f0","sha1":"76eae10ae887c9d4ded264ea1e973e7fc61d01b7","sha256":"6283dcef7ec40bdd28332559afe47116e02cb24bd7e654cfe85c969578a05dc7"},"dob":{"date":"1964-05-15T10:32:35.484Z","age":60},"registered":{"date":"2021-06-18T18:04:11.717Z","age":3},"phone":"04-39-76-04-82","cell":"06-07-75-35-17","id":{"name":"INSEE","value":"2640441727006 95"},"picture":{"large":"https://randomuser.me/api/portraits/women/11.jpg","medium":"https://randomuser.me/api/portraits/med/women/11.jpg","thumbnail":"https://randomuser.me/api/portraits/thumb/women/11.jpg"},"nat":"FR"}],"info":{"seed":"c055a555b7a7516e","results":1,"page":1,"version":"1.4"}} 
 </msg>
<msg time="2024-07-28T12:26:52.261865" level="INFO">/opt/hostedtoolcache/Python/3.12.4/x64/lib/python3.12/site-packages/urllib3/connectionpool.py:1099: InsecureRequestWarning: Unverified HTTPS request is being made to host 'randomuser.me'. Adding certificate verification is strongly advised. See: https://urllib3.readthedocs.io/en/latest/advanced-usage.html#tls-warnings
  warnings.warn(</msg>
<msg time="2024-07-28T12:26:52.261972" level="INFO">${response} = &lt;Response [200]&gt;</msg>
<var>${response}</var>
<arg>consultarAPI</arg>
<arg>/api</arg>
<doc>Sends a GET request on a previously created HTTP Session.</doc>
<status status="PASS" start="2024-07-28T12:26:52.175901" elapsed="0.086113"/>
</kw>
<kw name="Set Variable" owner="BuiltIn">
<msg time="2024-07-28T12:26:52.262853" level="INFO">${json_data} = {'results': [{'gender': 'female', 'name': {'title': 'Ms', 'first': 'Romane', 'last': 'Lacroix'}, 'location': {'street': {'number': 4268, 'name': 'Rue Gasparin'}, 'city': 'Limoges', 'state': 'Hautes-Py...</msg>
<var>${json_data}</var>
<arg>${response.json()}</arg>
<doc>Returns the given values which can then be assigned to a variables.</doc>
<status status="PASS" start="2024-07-28T12:26:52.262400" elapsed="0.000481"/>
</kw>
<kw name="Log" owner="BuiltIn">
<msg time="2024-07-28T12:26:52.263335" level="INFO">{'results': [{'gender': 'female', 'name': {'title': 'Ms', 'first': 'Romane', 'last': 'Lacroix'}, 'location': {'street': {'number': 4268, 'name': 'Rue Gasparin'}, 'city': 'Limoges', 'state': 'Hautes-Pyrénées', 'country': 'France', 'postcode': 78440, 'coordinates': {'latitude': '-19.3403', 'longitude': '26.3485'}, 'timezone': {'offset': '+4:00', 'description': 'Abu Dhabi, Muscat, Baku, Tbilisi'}}, 'email': 'romane.lacroix@example.com', 'login': {'uuid': 'e7c96e67-c88b-48b6-aa66-1c5f1a5fb906', 'username': 'greenbutterfly809', 'password': 'gator1', 'salt': 'FGSHUxyN', 'md5': 'eec46b16ee0ab540bc469d6c62ea39f0', 'sha1': '76eae10ae887c9d4ded264ea1e973e7fc61d01b7', 'sha256': '6283dcef7ec40bdd28332559afe47116e02cb24bd7e654cfe85c969578a05dc7'}, 'dob': {'date': '1964-05-15T10:32:35.484Z', 'age': 60}, 'registered': {'date': '2021-06-18T18:04:11.717Z', 'age': 3}, 'phone': '04-39-76-04-82', 'cell': '06-07-75-35-17', 'id': {'name': 'INSEE', 'value': '2640441727006 95'}, 'picture': {'large': 'https://randomuser.me/api/portraits/women/11.jpg', 'medium': 'https://randomuser.me/api/portraits/med/women/11.jpg', 'thumbnail': 'https://randomuser.me/api/portraits/thumb/women/11.jpg'}, 'nat': 'FR'}], 'info': {'seed': 'c055a555b7a7516e', 'results': 1, 'page': 1, 'version': '1.4'}}</msg>
<arg>${json_data}</arg>
<doc>Logs the given message with the given level.</doc>
<status status="PASS" start="2024-07-28T12:26:52.263181" elapsed="0.000203"/>
</kw>
<kw name="Should Be Equal As Numbers" owner="BuiltIn">
<arg>${json_data['results'][0]['location']['postcode']}</arg>
<arg>${json_data['results'][0]['location']['postcode']}</arg>
<doc>Fails if objects are unequal after converting them to real numbers.</doc>
<status status="PASS" start="2024-07-28T12:26:52.263675" elapsed="0.000674"/>
</kw>
<kw name="Log" owner="BuiltIn">
<msg time="2024-07-28T12:26:52.264916" level="INFO">78440</msg>
<arg>${json_data['results'][0]['location']['postcode']}</arg>
<doc>Logs the given message with the given level.</doc>
<status status="PASS" start="2024-07-28T12:26:52.264546" elapsed="0.000411"/>
</kw>
<status status="PASS" start="2024-07-28T12:26:52.175688" elapsed="0.089519"/>
</kw>
<doc>Testa se os tipos de dados na resposta da API estão corretos.</doc>
<tag>testeTiposDados</tag>
<status status="PASS" start="2024-07-28T12:26:52.115740" elapsed="0.149622"/>
</test>
<test id="s1-s1-t5" name="Validar conteudo" line="35">
<kw name="Teste de Tipos de Conteudo" owner="random-user-service">
<kw name="GET On Session" owner="RequestsLibrary">
<msg time="2024-07-28T12:26:52.450653" level="INFO">GET Request : url=https://randomuser.me/api 
 path_url=/api 
 headers={'User-Agent': 'python-requests/2.32.3', 'Accept-Encoding': 'gzip, deflate', 'Accept': '*/*', 'Connection': 'keep-alive'} 
 body=None 
 </msg>
<msg time="2024-07-28T12:26:52.450732" level="INFO">GET Response : url=https://randomuser.me/api 
 status=200, reason=OK 
 headers={'Date': 'Sun, 28 Jul 2024 12:26:52 GMT', 'Content-Type': 'application/json; charset=utf-8', 'Transfer-Encoding': 'chunked', 'Connection': 'keep-alive', 'X-Powered-By': 'Express', 'Access-Control-Allow-Origin': '*', 'Cache-Control': 'no-cache', 'ETag': 'W/"497-E3eax7beJUjv7m4hmxXHQVX7Ouw"', 'Vary': 'Accept-Encoding', 'Content-Encoding': 'gzip', 'CF-Cache-Status': 'DYNAMIC', 'Report-To': '{"endpoints":[{"url":"https:\\/\\/a.nel.cloudflare.com\\/report\\/v4?s=WKpOoD%2Fin%2FeRlTLd4A7%2B32v0ekfhkew2LrfRSrnYvH0W%2BKoWpGIIUEWyoskInAh7rSSczzX0aiGETyqK7Jtb9HWeuvOonWjagZ%2Fv6uTD85y3JGQaroTGl%2B1XEXR%2F0fJP"}],"group":"cf-nel","max_age":604800}', 'NEL': '{"success_fraction":0,"report_to":"cf-nel","max_age":604800}', 'Server': 'cloudflare', 'CF-RAY': '8aa4dc2cba908269-IAD', 'alt-svc': 'h3=":443"; ma=86400'} 
 body={"results":[{"gender":"female","name":{"title":"Ms","first":"Brandie","last":"Wilson"},"location":{"street":{"number":3837,"name":"Timber Wolf Trail"},"city":"Los Angeles","state":"Hawaii","country":"United States","postcode":75315,"coordinates":{"latitude":"85.9549","longitude":"152.0114"},"timezone":{"offset":"-1:00","description":"Azores, Cape Verde Islands"}},"email":"brandie.wilson@example.com","login":{"uuid":"2fd66d83-b525-4c53-8e8b-006ab26f981f","username":"sadbear137","password":"linda","salt":"ulwXvoI3","md5":"969731e4a35d2baea7f2df0af6b8fa72","sha1":"e73c0305367cf35f356e1b37395c86a62de58eb6","sha256":"cf1105b68a2eb8a5056c83050fb66e9adb56cb60954ebb153b74a6e449e1e918"},"dob":{"date":"1966-03-20T00:59:23.366Z","age":58},"registered":{"date":"2015-02-06T11:30:04.920Z","age":9},"phone":"(349) 650-9254","cell":"(891) 926-7451","id":{"name":"SSN","value":"680-06-1983"},"picture":{"large":"https://randomuser.me/api/portraits/women/72.jpg","medium":"https://randomuser.me/api/portraits/med/women/72.jpg","thumbnail":"https://randomuser.me/api/portraits/thumb/women/72.jpg"},"nat":"US"}],"info":{"seed":"52ee1fc3234338d7","results":1,"page":1,"version":"1.4"}} 
 </msg>
<msg time="2024-07-28T12:26:52.450799" level="INFO">/opt/hostedtoolcache/Python/3.12.4/x64/lib/python3.12/site-packages/urllib3/connectionpool.py:1099: InsecureRequestWarning: Unverified HTTPS request is being made to host 'randomuser.me'. Adding certificate verification is strongly advised. See: https://urllib3.readthedocs.io/en/latest/advanced-usage.html#tls-warnings
  warnings.warn(</msg>
<msg time="2024-07-28T12:26:52.450928" level="INFO">${response} = &lt;Response [200]&gt;</msg>
<var>${response}</var>
<arg>consultarAPI</arg>
<arg>/api</arg>
<doc>Sends a GET request on a previously created HTTP Session.</doc>
<status status="PASS" start="2024-07-28T12:26:52.267692" elapsed="0.183271"/>
</kw>
<kw name="Set Variable" owner="BuiltIn">
<msg time="2024-07-28T12:26:52.451821" level="INFO">${json_data} = {'results': [{'gender': 'female', 'name': {'title': 'Ms', 'first': 'Brandie', 'last': 'Wilson'}, 'location': {'street': {'number': 3837, 'name': 'Timber Wolf Trail'}, 'city': 'Los Angeles', 'state': '...</msg>
<var>${json_data}</var>
<arg>${response.json()}</arg>
<doc>Returns the given values which can then be assigned to a variables.</doc>
<status status="PASS" start="2024-07-28T12:26:52.451375" elapsed="0.000476"/>
</kw>
<kw name="Set Variable" owner="BuiltIn">
<msg time="2024-07-28T12:26:52.452572" level="INFO">${name_title} = Ms</msg>
<var>${name_title}</var>
<arg>${json_data["results"][0]["name"]["title"]}</arg>
<doc>Returns the given values which can then be assigned to a variables.</doc>
<status status="PASS" start="2024-07-28T12:26:52.452187" elapsed="0.000410"/>
</kw>
<kw name="Create List" owner="BuiltIn">
<msg time="2024-07-28T12:26:52.453040" level="INFO">${allowed_titles} = ['Mr', 'Ms', 'Miss', 'Mrs', 'Madame', 'Monsieur']</msg>
<var>${allowed_titles}</var>
<arg>Mr</arg>
<arg>Ms</arg>
<arg>Miss</arg>
<arg>Mrs</arg>
<arg>Madame</arg>
<arg>Monsieur</arg>
<doc>Returns a list containing given items.</doc>
<status status="PASS" start="2024-07-28T12:26:52.452892" elapsed="0.000172"/>
</kw>
<kw name="List Should Contain Value" owner="Collections">
<arg>${allowed_titles}</arg>
<arg>${name_title}</arg>
<doc>Fails if the ``value`` is not found from ``list``.</doc>
<status status="PASS" start="2024-07-28T12:26:52.453360" elapsed="0.000179"/>
</kw>
<kw name="Set Variable" owner="BuiltIn">
<msg time="2024-07-28T12:26:52.454093" level="INFO">${name_country} = US</msg>
<var>${name_country}</var>
<arg>${json_data["results"][0]["nat"]}</arg>
<doc>Returns the given values which can then be assigned to a variables.</doc>
<status status="PASS" start="2024-07-28T12:26:52.453716" elapsed="0.000402"/>
</kw>
<kw name="Create List" owner="BuiltIn">
<msg time="2024-07-28T12:26:52.454998" level="INFO">${list_country} = ['AD', 'AE', 'AF', 'AG', 'AI', 'AL', 'AM', 'AO', 'AQ', 'AR', 'AS', 'AT', 'AU', 'AW', 'AX', 'AZ', 'BA', 'BB', 'BD', 'BE', 'BF', 'BG', 'BH', 'BI', 'BJ', 'BL', 'BM', 'BN', 'BO', 'BQ', 'BR', 'BS', 'BT', '...</msg>
<var>${list_country}</var>
<arg>AD</arg>
<arg>AE</arg>
<arg>AF</arg>
<arg>AG</arg>
<arg>AI</arg>
<arg>AL</arg>
<arg>AM</arg>
<arg>AO</arg>
<arg>AQ</arg>
<arg>AR</arg>
<arg>AS</arg>
<arg>AT</arg>
<arg>AU</arg>
<arg>AW</arg>
<arg>AX</arg>
<arg>AZ</arg>
<arg>BA</arg>
<arg>BB</arg>
<arg>BD</arg>
<arg>BE</arg>
<arg>BF</arg>
<arg>BG</arg>
<arg>BH</arg>
<arg>BI</arg>
<arg>BJ</arg>
<arg>BL</arg>
<arg>BM</arg>
<arg>BN</arg>
<arg>BO</arg>
<arg>BQ</arg>
<arg>BR</arg>
<arg>BS</arg>
<arg>BT</arg>
<arg>BV</arg>
<arg>BW</arg>
<arg>BY</arg>
<arg>BZ</arg>
<arg>CA</arg>
<arg>CC</arg>
<arg>CD</arg>
<arg>CF</arg>
<arg>CG</arg>
<arg>CH</arg>
<arg>CI</arg>
<arg>CK</arg>
<arg>CL</arg>
<arg>CM</arg>
<arg>CN</arg>
<arg>CO</arg>
<arg>CR</arg>
<arg>CU</arg>
<arg>CV</arg>
<arg>CW</arg>
<arg>CX</arg>
<arg>CY</arg>
<arg>CZ</arg>
<arg>DE</arg>
<arg>DJ</arg>
<arg>DK</arg>
<arg>DM</arg>
<arg>DO</arg>
<arg>DZ</arg>
<arg>EC</arg>
<arg>EE</arg>
<arg>EG</arg>
<arg>EH</arg>
<arg>ER</arg>
<arg>ES</arg>
<arg>ET</arg>
<arg>FI</arg>
<arg>FJ</arg>
<arg>FK</arg>
<arg>FM</arg>
<arg>FO</arg>
<arg>FR</arg>
<arg>GA</arg>
<arg>GB</arg>
<arg>GD</arg>
<arg>GE</arg>
<arg>GF</arg>
<arg>GG</arg>
<arg>GH</arg>
<arg>GI</arg>
<arg>GL</arg>
<arg>GM</arg>
<arg>GN</arg>
<arg>GP</arg>
<arg>GQ</arg>
<arg>GR</arg>
<arg>GS</arg>
<arg>GT</arg>
<arg>GU</arg>
<arg>GW</arg>
<arg>GY</arg>
<arg>HK</arg>
<arg>HM</arg>
<arg>HN</arg>
<arg>HR</arg>
<arg>HT</arg>
<arg>HU</arg>
<arg>ID</arg>
<arg>IE</arg>
<arg>IL</arg>
<arg>IM</arg>
<arg>IN</arg>
<arg>IO</arg>
<arg>IQ</arg>
<arg>IR</arg>
<arg>IS</arg>
<arg>IT</arg>
<arg>JE</arg>
<arg>JM</arg>
<arg>JO</arg>
<arg>JP</arg>
<arg>KE</arg>
<arg>KG</arg>
<arg>KH</arg>
<arg>KI</arg>
<arg>KM</arg>
<arg>KN</arg>
<arg>KP</arg>
<arg>KR</arg>
<arg>KW</arg>
<arg>KY</arg>
<arg>KZ</arg>
<arg>LA</arg>
<arg>LB</arg>
<arg>LC</arg>
<arg>LI</arg>
<arg>LK</arg>
<arg>LR</arg>
<arg>LS</arg>
<arg>LT</arg>
<arg>LU</arg>
<arg>LV</arg>
<arg>LY</arg>
<arg>MA</arg>
<arg>MC</arg>
<arg>MD</arg>
<arg>ME</arg>
<arg>MF</arg>
<arg>MG</arg>
<arg>MH</arg>
<arg>MK</arg>
<arg>ML</arg>
<arg>MM</arg>
<arg>MN</arg>
<arg>MO</arg>
<arg>MP</arg>
<arg>MQ</arg>
<arg>MR</arg>
<arg>MS</arg>
<arg>MT</arg>
<arg>MU</arg>
<arg>MV</arg>
<arg>MW</arg>
<arg>MX</arg>
<arg>MY</arg>
<arg>MZ</arg>
<arg>NA</arg>
<arg>NC</arg>
<arg>NE</arg>
<arg>NF</arg>
<arg>NG</arg>
<arg>NI</arg>
<arg>NL</arg>
<arg>NO</arg>
<arg>NP</arg>
<arg>NR</arg>
<arg>NU</arg>
<arg>NZ</arg>
<arg>OM</arg>
<arg>PA</arg>
<arg>PE</arg>
<arg>PF</arg>
<arg>PG</arg>
<arg>PH</arg>
<arg>PK</arg>
<arg>PL</arg>
<arg>PM</arg>
<arg>PN</arg>
<arg>PR</arg>
<arg>PS</arg>
<arg>PT</arg>
<arg>PW</arg>
<arg>PY</arg>
<arg>QA</arg>
<arg>RE</arg>
<arg>RO</arg>
<arg>RS</arg>
<arg>RU</arg>
<arg>RW</arg>
<arg>SA</arg>
<arg>SB</arg>
<arg>SC</arg>
<arg>SD</arg>
<arg>SE</arg>
<arg>SG</arg>
<arg>SH</arg>
<arg>SI</arg>
<arg>SJ</arg>
<arg>SK</arg>
<arg>SL</arg>
<arg>SM</arg>
<arg>SN</arg>
<arg>SO</arg>
<arg>SR</arg>
<arg>SS</arg>
<arg>ST</arg>
<arg>SV</arg>
<arg>SX</arg>
<arg>SY</arg>
<arg>SZ</arg>
<arg>TC</arg>
<arg>TD</arg>
<arg>TF</arg>
<arg>TG</arg>
<arg>TH</arg>
<arg>TJ</arg>
<arg>TK</arg>
<arg>TL</arg>
<arg>TM</arg>
<arg>TN</arg>
<arg>TO</arg>
<arg>TR</arg>
<arg>TT</arg>
<arg>TV</arg>
<arg>TW</arg>
<arg>TZ</arg>
<arg>UA</arg>
<arg>UG</arg>
<arg>UM</arg>
<arg>US</arg>
<arg>UY</arg>
<arg>UZ</arg>
<arg>VA</arg>
<arg>VC</arg>
<arg>VE</arg>
<arg>VG</arg>
<arg>VI</arg>
<arg>VN</arg>
<arg>VU</arg>
<arg>WF</arg>
<arg>WS</arg>
<arg>XK</arg>
<arg>YE</arg>
<arg>YT</arg>
<arg>ZA</arg>
<arg>ZM</arg>
<arg>ZW</arg>
<doc>Returns a list containing given items.</doc>
<status status="PASS" start="2024-07-28T12:26:52.454408" elapsed="0.000616"/>
</kw>
<kw name="List Should Contain Value" owner="Collections">
<arg>${list_country}</arg>
<arg>${name_country}</arg>
<doc>Fails if the ``value`` is not found from ``list``.</doc>
<status status="PASS" start="2024-07-28T12:26:52.455951" elapsed="0.000243"/>
</kw>
<kw name="Run Keyword If" owner="BuiltIn">
<kw name="Should Be True" owner="BuiltIn">
<arg>${True}</arg>
<doc>Fails if the given condition is not true.</doc>
<status status="PASS" start="2024-07-28T12:26:52.457148" elapsed="0.000142"/>
</kw>
<arg>${json_data["results"][0]["location"]["coordinates"]["latitude"]} &gt;= -90 and ${json_data["results"][0]["location"]["coordinates"]["latitude"]} &lt;= 90</arg>
<arg>Should Be True</arg>
<arg>${True}</arg>
<doc>Runs the given keyword with the given arguments, if ``condition`` is true.</doc>
<status status="PASS" start="2024-07-28T12:26:52.456396" elapsed="0.001021"/>
</kw>
<kw name="Run Keyword If" owner="BuiltIn">
<kw name="Should Be True" owner="BuiltIn">
<arg>${True}</arg>
<doc>Fails if the given condition is not true.</doc>
<status status="PASS" start="2024-07-28T12:26:52.458295" elapsed="0.000135"/>
</kw>
<arg>${json_data["results"][0]["location"]["coordinates"]["longitude"]} &gt;= -180 and ${json_data["results"][0]["location"]["coordinates"]["longitude"]} &lt;= 180</arg>
<arg>Should Be True</arg>
<arg>${True}</arg>
<doc>Runs the given keyword with the given arguments, if ``condition`` is true.</doc>
<status status="PASS" start="2024-07-28T12:26:52.457599" elapsed="0.000956"/>
</kw>
<status status="PASS" start="2024-07-28T12:26:52.267480" elapsed="0.191204"/>
</kw>
<doc>Testa o conteúdo específico dos campos retornados pela API.</doc>
<tag>testeConteudo</tag>
<status status="PASS" start="2024-07-28T12:26:52.267048" elapsed="0.191777"/>
</test>
<status status="PASS" start="2024-07-28T12:26:51.302561" elapsed="1.158153"/>
</suite>
<status status="PASS" start="2024-07-28T12:26:51.287736" elapsed="1.177909"/>
</suite>
<statistics>
<total>
<stat pass="5" fail="0" skip="0">All Tests</stat>
</total>
<tag>
<stat pass="1" fail="0" skip="0">testeConteudo</stat>
<stat pass="1" fail="0" skip="0">testeEstruturaResposta</stat>
<stat pass="1" fail="0" skip="0">testeRequisicaoBasica</stat>
<stat pass="1" fail="0" skip="0">testeTiposDados</stat>
</tag>
<suite>
<stat pass="5" fail="0" skip="0" id="s1" name="Tests">Tests</stat>
<stat pass="5" fail="0" skip="0" id="s1-s1" name="Random-User-Test">Tests.Random-User-Test</stat>
</suite>
</statistics>
<errors>
</errors>
</robot>
