<?xml version="1.0" encoding="UTF-8"?>
<robot generator="Robot 7.0.1 (Python 3.12.4 on linux)" generated="2024-06-24T16:18:14.012058" rpa="false" schemaversion="5">
<suite id="s1" name="Tests" source="/home/runner/work/ApiRandomUser/ApiRandomUser/RamdonUser/tests">
<suite id="s1-s1" name="Random-User-Test" source="/home/runner/work/ApiRandomUser/ApiRandomUser/RamdonUser/tests/random-user-test.robot">
<test id="s1-s1-t1" name="Conectar" line="13">
<kw name="Conectar API" owner="random-user-service">
<kw name="Create Session" owner="RequestsLibrary">
<msg time="2024-06-24T16:18:14.406463" level="INFO">Creating Session using : alias=consultarAPI, url=https://randomuser.me/, headers={},                     cookies={}, auth=None, timeout=None, proxies=None, verify=False,                     debug=0 </msg>
<arg>consultarAPI</arg>
<arg>${URL}</arg>
<doc>Create Session: create a HTTP session to a server</doc>
<status status="PASS" start="2024-06-24T16:18:14.406260" elapsed="0.000383"/>
</kw>
<status status="PASS" start="2024-06-24T16:18:14.405275" elapsed="0.001766"/>
</kw>
<status status="PASS" start="2024-06-24T16:18:14.404664" elapsed="0.002571"/>
</test>
<test id="s1-s1-t2" name="Validar retorno 200 e JSON Válido" line="16">
<kw name="Teste de Requisicao Basica" owner="random-user-service">
<kw name="GET On Session" owner="RequestsLibrary">
<msg time="2024-06-24T16:18:14.540730" level="INFO">GET Request : url=https://randomuser.me/api 
 path_url=/api 
 headers={'User-Agent': 'python-requests/2.32.3', 'Accept-Encoding': 'gzip, deflate', 'Accept': '*/*', 'Connection': 'keep-alive'} 
 body=None 
 </msg>
<msg time="2024-06-24T16:18:14.540902" level="INFO">GET Response : url=https://randomuser.me/api 
 status=200, reason=OK 
 headers={'Date': 'Mon, 24 Jun 2024 16:18:14 GMT', 'Content-Type': 'application/json; charset=utf-8', 'Transfer-Encoding': 'chunked', 'Connection': 'keep-alive', 'X-Powered-By': 'Express', 'Access-Control-Allow-Origin': '*', 'Cache-Control': 'no-cache', 'ETag': 'W/"48a-5ruVytOkRlBduWg0LRcVXu2IjMY"', 'Vary': 'Accept-Encoding', 'Content-Encoding': 'gzip', 'CF-Cache-Status': 'DYNAMIC', 'Report-To': '{"endpoints":[{"url":"https:\\/\\/a.nel.cloudflare.com\\/report\\/v4?s=Q9CisVFxYjJyPfxMMPS2aQ9SyrxXanhb9pgWgFi1gsZ0IIOOuyoXZk9orRF7PILbO7k0BTB6hY43az3Q2n3YGhu2iLc25t6ew9FXRO8f%2BowdBhSKn5HgrJWM%2BFekXgff"}],"group":"cf-nel","max_age":604800}', 'NEL': '{"success_fraction":0,"report_to":"cf-nel","max_age":604800}', 'Server': 'cloudflare', 'CF-RAY': '898e08584b451758-SJC', 'alt-svc': 'h3=":443"; ma=86400'} 
 body={"results":[{"gender":"female","name":{"title":"Ms","first":"Shona","last":"Shayana"},"location":{"street":{"number":5965,"name":"Naiduthota"},"city":"Hubli–Dharwad","state":"Tripura","country":"India","postcode":70463,"coordinates":{"latitude":"5.0919","longitude":"57.6296"},"timezone":{"offset":"-7:00","description":"Mountain Time (US &amp; Canada)"}},"email":"shona.shayana@example.com","login":{"uuid":"cdb3996e-a14f-4215-beff-60eef01cfec5","username":"yellowkoala129","password":"violet","salt":"fp0ifw84","md5":"73019af1a0db79a7a759baa9017c5be8","sha1":"75e6b0dcf11feb8efbfb6d53c8aa41dbd830ace8","sha256":"dccf5f93c555d56a331e042894fbc8483c45543e220bb0c8ff9e4065d0961a9f"},"dob":{"date":"1997-07-22T04:16:46.926Z","age":26},"registered":{"date":"2020-02-20T03:22:08.491Z","age":4},"phone":"7079883224","cell":"8978987408","id":{"name":"UIDAI","value":"957208395150"},"picture":{"large":"https://randomuser.me/api/portraits/women/94.jpg","medium":"https://randomuser.me/api/portraits/med/women/94.jpg","thumbnail":"https://randomuser.me/api/portraits/thumb/women/94.jpg"},"nat":"IN"}],"info":{"seed":"ec1aa6c502d84a7a","results":1,"page":1,"version":"1.4"}} 
 </msg>
<msg time="2024-06-24T16:18:14.541005" level="INFO">/opt/hostedtoolcache/Python/3.12.4/x64/lib/python3.12/site-packages/urllib3/connectionpool.py:1099: InsecureRequestWarning: Unverified HTTPS request is being made to host 'randomuser.me'. Adding certificate verification is strongly advised. See: https://urllib3.readthedocs.io/en/latest/advanced-usage.html#tls-warnings
  warnings.warn(</msg>
<msg time="2024-06-24T16:18:14.541162" level="INFO">${response} = &lt;Response [200]&gt;</msg>
<var>${response}</var>
<arg>consultarAPI</arg>
<arg>/api</arg>
<doc>Sends a GET request on a previously created HTTP Session.</doc>
<status status="PASS" start="2024-06-24T16:18:14.409886" elapsed="0.131317"/>
</kw>
<kw name="Should Be Equal As Numbers" owner="BuiltIn">
<msg time="2024-06-24T16:18:14.542194" level="INFO">Argument types are:
&lt;class 'int'&gt;
&lt;class 'str'&gt;</msg>
<arg>${response.status_code}</arg>
<arg>200</arg>
<doc>Fails if objects are unequal after converting them to real numbers.</doc>
<status status="PASS" start="2024-06-24T16:18:14.541725" elapsed="0.000537"/>
</kw>
<kw name="Log" owner="BuiltIn">
<msg time="2024-06-24T16:18:14.542928" level="INFO">200</msg>
<arg>${response.status_code}</arg>
<doc>Logs the given message with the given level.</doc>
<status status="PASS" start="2024-06-24T16:18:14.542586" elapsed="0.000412"/>
</kw>
<kw name="Set Variable" owner="BuiltIn">
<msg time="2024-06-24T16:18:14.543744" level="INFO">${json_data} = {'results': [{'gender': 'female', 'name': {'title': 'Ms', 'first': 'Shona', 'last': 'Shayana'}, 'location': {'street': {'number': 5965, 'name': 'Naiduthota'}, 'city': 'Hubli–Dharwad', 'state': 'Tripur...</msg>
<var>${json_data}</var>
<arg>${response.json()}</arg>
<doc>Returns the given values which can then be assigned to a variables.</doc>
<status status="PASS" start="2024-06-24T16:18:14.543298" elapsed="0.000476"/>
</kw>
<kw name="Dictionary Should Contain Key" owner="Collections">
<arg>${json_data}</arg>
<arg>results</arg>
<doc>Fails if ``key`` is not found from ``dictionary``.</doc>
<status status="PASS" start="2024-06-24T16:18:14.544072" elapsed="0.000159"/>
</kw>
<status status="PASS" start="2024-06-24T16:18:14.409635" elapsed="0.134743"/>
</kw>
<doc>Testa se a API responde corretamente e retorna um objeto JSON válido.</doc>
<tag>testeRequisicaoBasica</tag>
<status status="PASS" start="2024-06-24T16:18:14.409113" elapsed="0.135436"/>
</test>
<test id="s1-s1-t3" name="Validar estrutura de resposta" line="22">
<kw name="Teste de Estrutura de Resposta" owner="random-user-service">
<kw name="GET On Session" owner="RequestsLibrary">
<msg time="2024-06-24T16:18:14.636861" level="INFO">GET Request : url=https://randomuser.me/api 
 path_url=/api 
 headers={'User-Agent': 'python-requests/2.32.3', 'Accept-Encoding': 'gzip, deflate', 'Accept': '*/*', 'Connection': 'keep-alive'} 
 body=None 
 </msg>
<msg time="2024-06-24T16:18:14.636946" level="INFO">GET Response : url=https://randomuser.me/api 
 status=200, reason=OK 
 headers={'Date': 'Mon, 24 Jun 2024 16:18:14 GMT', 'Content-Type': 'application/json; charset=utf-8', 'Transfer-Encoding': 'chunked', 'Connection': 'keep-alive', 'X-Powered-By': 'Express', 'Access-Control-Allow-Origin': '*', 'Cache-Control': 'no-cache', 'ETag': 'W/"4a8-OO3b/6hyzwr94LZVOOOiucWO0BY"', 'Vary': 'Accept-Encoding', 'Content-Encoding': 'gzip', 'CF-Cache-Status': 'DYNAMIC', 'Report-To': '{"endpoints":[{"url":"https:\\/\\/a.nel.cloudflare.com\\/report\\/v4?s=h7HY9CPz3NL1zcTPiTXB0bzu4edPTeRbC0LPOE9hGwf8MBKkLxAOGl0jSf4f1m47BdIzKgQuGR53ZB8LhL466QQ5wDFTISgwH8uhy9Ml7HcO5Ey0XviFtsBVLVaFSmd5"}],"group":"cf-nel","max_age":604800}', 'NEL': '{"success_fraction":0,"report_to":"cf-nel","max_age":604800}', 'Server': 'cloudflare', 'CF-RAY': '898e0858fbf41758-SJC', 'alt-svc': 'h3=":443"; ma=86400'} 
 body={"results":[{"gender":"female","name":{"title":"Ms","first":"Herminia","last":"Horton"},"location":{"street":{"number":8725,"name":"Hickory Creek Dr"},"city":"Edgewood","state":"Arizona","country":"United States","postcode":47776,"coordinates":{"latitude":"85.5563","longitude":"28.0684"},"timezone":{"offset":"+11:00","description":"Magadan, Solomon Islands, New Caledonia"}},"email":"herminia.horton@example.com","login":{"uuid":"66dfd540-6bb1-4d56-8c43-f8a6388c9c23","username":"brownzebra581","password":"curtis","salt":"RSfZvzXY","md5":"16a11f7f70088c60f2a87308c835ce9f","sha1":"26906c1e1cec2cee1110584958feb3d1dcadd5a3","sha256":"7085144e9d04ffe8b548e68260a4a3e80850167532330e53c8094699e63f0bd9"},"dob":{"date":"1980-12-25T21:59:58.227Z","age":43},"registered":{"date":"2010-10-26T01:09:38.361Z","age":13},"phone":"(657) 671-2387","cell":"(454) 519-0580","id":{"name":"SSN","value":"804-97-5881"},"picture":{"large":"https://randomuser.me/api/portraits/women/21.jpg","medium":"https://randomuser.me/api/portraits/med/women/21.jpg","thumbnail":"https://randomuser.me/api/portraits/thumb/women/21.jpg"},"nat":"US"}],"info":{"seed":"76f4a31508689e95","results":1,"page":1,"version":"1.4"}} 
 </msg>
<msg time="2024-06-24T16:18:14.637071" level="INFO">/opt/hostedtoolcache/Python/3.12.4/x64/lib/python3.12/site-packages/urllib3/connectionpool.py:1099: InsecureRequestWarning: Unverified HTTPS request is being made to host 'randomuser.me'. Adding certificate verification is strongly advised. See: https://urllib3.readthedocs.io/en/latest/advanced-usage.html#tls-warnings
  warnings.warn(</msg>
<msg time="2024-06-24T16:18:14.637211" level="INFO">${response} = &lt;Response [200]&gt;</msg>
<var>${response}</var>
<arg>consultarAPI</arg>
<arg>/api</arg>
<doc>Sends a GET request on a previously created HTTP Session.</doc>
<status status="PASS" start="2024-06-24T16:18:14.547088" elapsed="0.090174"/>
</kw>
<kw name="Set Variable" owner="BuiltIn">
<msg time="2024-06-24T16:18:14.638292" level="INFO">${json_data} = {'results': [{'gender': 'female', 'name': {'title': 'Ms', 'first': 'Herminia', 'last': 'Horton'}, 'location': {'street': {'number': 8725, 'name': 'Hickory Creek Dr'}, 'city': 'Edgewood', 'state': 'Ari...</msg>
<var>${json_data}</var>
<arg>${response.json()}</arg>
<doc>Returns the given values which can then be assigned to a variables.</doc>
<status status="PASS" start="2024-06-24T16:18:14.637732" elapsed="0.000589"/>
</kw>
<kw name="Log" owner="BuiltIn">
<msg time="2024-06-24T16:18:14.638798" level="INFO">{'results': [{'gender': 'female', 'name': {'title': 'Ms', 'first': 'Herminia', 'last': 'Horton'}, 'location': {'street': {'number': 8725, 'name': 'Hickory Creek Dr'}, 'city': 'Edgewood', 'state': 'Arizona', 'country': 'United States', 'postcode': 47776, 'coordinates': {'latitude': '85.5563', 'longitude': '28.0684'}, 'timezone': {'offset': '+11:00', 'description': 'Magadan, Solomon Islands, New Caledonia'}}, 'email': 'herminia.horton@example.com', 'login': {'uuid': '66dfd540-6bb1-4d56-8c43-f8a6388c9c23', 'username': 'brownzebra581', 'password': 'curtis', 'salt': 'RSfZvzXY', 'md5': '16a11f7f70088c60f2a87308c835ce9f', 'sha1': '26906c1e1cec2cee1110584958feb3d1dcadd5a3', 'sha256': '7085144e9d04ffe8b548e68260a4a3e80850167532330e53c8094699e63f0bd9'}, 'dob': {'date': '1980-12-25T21:59:58.227Z', 'age': 43}, 'registered': {'date': '2010-10-26T01:09:38.361Z', 'age': 13}, 'phone': '(657) 671-2387', 'cell': '(454) 519-0580', 'id': {'name': 'SSN', 'value': '804-97-5881'}, 'picture': {'large': 'https://randomuser.me/api/portraits/women/21.jpg', 'medium': 'https://randomuser.me/api/portraits/med/women/21.jpg', 'thumbnail': 'https://randomuser.me/api/portraits/thumb/women/21.jpg'}, 'nat': 'US'}], 'info': {'seed': '76f4a31508689e95', 'results': 1, 'page': 1, 'version': '1.4'}}</msg>
<arg>${json_data}</arg>
<doc>Logs the given message with the given level.</doc>
<status status="PASS" start="2024-06-24T16:18:14.638635" elapsed="0.000212"/>
</kw>
<kw name="Dictionary Should Contain Key" owner="Collections">
<arg>${json_data}</arg>
<arg>results</arg>
<doc>Fails if ``key`` is not found from ``dictionary``.</doc>
<status status="PASS" start="2024-06-24T16:18:14.639183" elapsed="0.000158"/>
</kw>
<kw name="Should Not Be Empty" owner="BuiltIn">
<msg time="2024-06-24T16:18:14.639648" level="INFO">Length is 2.</msg>
<arg>${json_data}</arg>
<doc>Verifies that the given item is not empty.</doc>
<status status="PASS" start="2024-06-24T16:18:14.639524" elapsed="0.000162"/>
</kw>
<kw name="Create List" owner="BuiltIn">
<msg time="2024-06-24T16:18:14.640254" level="INFO">${expected_keys} = ['gender', 'name', 'location', 'email', 'login']</msg>
<var>${expected_keys}</var>
<arg>gender</arg>
<arg>name</arg>
<arg>location</arg>
<arg>email</arg>
<arg>login</arg>
<doc>Returns a list containing given items.</doc>
<status status="PASS" start="2024-06-24T16:18:14.639973" elapsed="0.000306"/>
</kw>
<for flavor="IN">
<iter>
<kw name="Dictionary Should Contain Key" owner="Collections">
<arg>${json_data['results'][0]}</arg>
<arg>${key}</arg>
<doc>Fails if ``key`` is not found from ``dictionary``.</doc>
<status status="PASS" start="2024-06-24T16:18:14.640858" elapsed="0.000396"/>
</kw>
<kw name="Log" owner="BuiltIn">
<msg time="2024-06-24T16:18:14.641801" level="INFO">{'gender': 'female', 'name': {'title': 'Ms', 'first': 'Herminia', 'last': 'Horton'}, 'location': {'street': {'number': 8725, 'name': 'Hickory Creek Dr'}, 'city': 'Edgewood', 'state': 'Arizona', 'country': 'United States', 'postcode': 47776, 'coordinates': {'latitude': '85.5563', 'longitude': '28.0684'}, 'timezone': {'offset': '+11:00', 'description': 'Magadan, Solomon Islands, New Caledonia'}}, 'email': 'herminia.horton@example.com', 'login': {'uuid': '66dfd540-6bb1-4d56-8c43-f8a6388c9c23', 'username': 'brownzebra581', 'password': 'curtis', 'salt': 'RSfZvzXY', 'md5': '16a11f7f70088c60f2a87308c835ce9f', 'sha1': '26906c1e1cec2cee1110584958feb3d1dcadd5a3', 'sha256': '7085144e9d04ffe8b548e68260a4a3e80850167532330e53c8094699e63f0bd9'}, 'dob': {'date': '1980-12-25T21:59:58.227Z', 'age': 43}, 'registered': {'date': '2010-10-26T01:09:38.361Z', 'age': 13}, 'phone': '(657) 671-2387', 'cell': '(454) 519-0580', 'id': {'name': 'SSN', 'value': '804-97-5881'}, 'picture': {'large': 'https://randomuser.me/api/portraits/women/21.jpg', 'medium': 'https://randomuser.me/api/portraits/med/women/21.jpg', 'thumbnail': 'https://randomuser.me/api/portraits/thumb/women/21.jpg'}, 'nat': 'US'}</msg>
<arg>${json_data['results'][0]}</arg>
<doc>Logs the given message with the given level.</doc>
<status status="PASS" start="2024-06-24T16:18:14.641445" elapsed="0.000404"/>
</kw>
<kw name="Log" owner="BuiltIn">
<msg time="2024-06-24T16:18:14.642280" level="INFO">gender</msg>
<arg>${key}</arg>
<doc>Logs the given message with the given level.</doc>
<status status="PASS" start="2024-06-24T16:18:14.642152" elapsed="0.000166"/>
</kw>
<var name="${key}">gender</var>
<status status="PASS" start="2024-06-24T16:18:14.640736" elapsed="0.001799"/>
</iter>
<iter>
<kw name="Dictionary Should Contain Key" owner="Collections">
<arg>${json_data['results'][0]}</arg>
<arg>${key}</arg>
<doc>Fails if ``key`` is not found from ``dictionary``.</doc>
<status status="PASS" start="2024-06-24T16:18:14.642830" elapsed="0.000419"/>
</kw>
<kw name="Log" owner="BuiltIn">
<msg time="2024-06-24T16:18:14.643825" level="INFO">{'gender': 'female', 'name': {'title': 'Ms', 'first': 'Herminia', 'last': 'Horton'}, 'location': {'street': {'number': 8725, 'name': 'Hickory Creek Dr'}, 'city': 'Edgewood', 'state': 'Arizona', 'country': 'United States', 'postcode': 47776, 'coordinates': {'latitude': '85.5563', 'longitude': '28.0684'}, 'timezone': {'offset': '+11:00', 'description': 'Magadan, Solomon Islands, New Caledonia'}}, 'email': 'herminia.horton@example.com', 'login': {'uuid': '66dfd540-6bb1-4d56-8c43-f8a6388c9c23', 'username': 'brownzebra581', 'password': 'curtis', 'salt': 'RSfZvzXY', 'md5': '16a11f7f70088c60f2a87308c835ce9f', 'sha1': '26906c1e1cec2cee1110584958feb3d1dcadd5a3', 'sha256': '7085144e9d04ffe8b548e68260a4a3e80850167532330e53c8094699e63f0bd9'}, 'dob': {'date': '1980-12-25T21:59:58.227Z', 'age': 43}, 'registered': {'date': '2010-10-26T01:09:38.361Z', 'age': 13}, 'phone': '(657) 671-2387', 'cell': '(454) 519-0580', 'id': {'name': 'SSN', 'value': '804-97-5881'}, 'picture': {'large': 'https://randomuser.me/api/portraits/women/21.jpg', 'medium': 'https://randomuser.me/api/portraits/med/women/21.jpg', 'thumbnail': 'https://randomuser.me/api/portraits/thumb/women/21.jpg'}, 'nat': 'US'}</msg>
<arg>${json_data['results'][0]}</arg>
<doc>Logs the given message with the given level.</doc>
<status status="PASS" start="2024-06-24T16:18:14.643437" elapsed="0.000436"/>
</kw>
<kw name="Log" owner="BuiltIn">
<msg time="2024-06-24T16:18:14.644293" level="INFO">name</msg>
<arg>${key}</arg>
<doc>Logs the given message with the given level.</doc>
<status status="PASS" start="2024-06-24T16:18:14.644166" elapsed="0.000164"/>
</kw>
<var name="${key}">name</var>
<status status="PASS" start="2024-06-24T16:18:14.642718" elapsed="0.001825"/>
</iter>
<iter>
<kw name="Dictionary Should Contain Key" owner="Collections">
<arg>${json_data['results'][0]}</arg>
<arg>${key}</arg>
<doc>Fails if ``key`` is not found from ``dictionary``.</doc>
<status status="PASS" start="2024-06-24T16:18:14.644826" elapsed="0.000382"/>
</kw>
<kw name="Log" owner="BuiltIn">
<msg time="2024-06-24T16:18:14.645741" level="INFO">{'gender': 'female', 'name': {'title': 'Ms', 'first': 'Herminia', 'last': 'Horton'}, 'location': {'street': {'number': 8725, 'name': 'Hickory Creek Dr'}, 'city': 'Edgewood', 'state': 'Arizona', 'country': 'United States', 'postcode': 47776, 'coordinates': {'latitude': '85.5563', 'longitude': '28.0684'}, 'timezone': {'offset': '+11:00', 'description': 'Magadan, Solomon Islands, New Caledonia'}}, 'email': 'herminia.horton@example.com', 'login': {'uuid': '66dfd540-6bb1-4d56-8c43-f8a6388c9c23', 'username': 'brownzebra581', 'password': 'curtis', 'salt': 'RSfZvzXY', 'md5': '16a11f7f70088c60f2a87308c835ce9f', 'sha1': '26906c1e1cec2cee1110584958feb3d1dcadd5a3', 'sha256': '7085144e9d04ffe8b548e68260a4a3e80850167532330e53c8094699e63f0bd9'}, 'dob': {'date': '1980-12-25T21:59:58.227Z', 'age': 43}, 'registered': {'date': '2010-10-26T01:09:38.361Z', 'age': 13}, 'phone': '(657) 671-2387', 'cell': '(454) 519-0580', 'id': {'name': 'SSN', 'value': '804-97-5881'}, 'picture': {'large': 'https://randomuser.me/api/portraits/women/21.jpg', 'medium': 'https://randomuser.me/api/portraits/med/women/21.jpg', 'thumbnail': 'https://randomuser.me/api/portraits/thumb/women/21.jpg'}, 'nat': 'US'}</msg>
<arg>${json_data['results'][0]}</arg>
<doc>Logs the given message with the given level.</doc>
<status status="PASS" start="2024-06-24T16:18:14.645386" elapsed="0.000404"/>
</kw>
<kw name="Log" owner="BuiltIn">
<msg time="2024-06-24T16:18:14.646204" level="INFO">location</msg>
<arg>${key}</arg>
<doc>Logs the given message with the given level.</doc>
<status status="PASS" start="2024-06-24T16:18:14.646079" elapsed="0.000162"/>
</kw>
<var name="${key}">location</var>
<status status="PASS" start="2024-06-24T16:18:14.644718" elapsed="0.001739"/>
</iter>
<iter>
<kw name="Dictionary Should Contain Key" owner="Collections">
<arg>${json_data['results'][0]}</arg>
<arg>${key}</arg>
<doc>Fails if ``key`` is not found from ``dictionary``.</doc>
<status status="PASS" start="2024-06-24T16:18:14.646731" elapsed="0.000419"/>
</kw>
<kw name="Log" owner="BuiltIn">
<msg time="2024-06-24T16:18:14.647691" level="INFO">{'gender': 'female', 'name': {'title': 'Ms', 'first': 'Herminia', 'last': 'Horton'}, 'location': {'street': {'number': 8725, 'name': 'Hickory Creek Dr'}, 'city': 'Edgewood', 'state': 'Arizona', 'country': 'United States', 'postcode': 47776, 'coordinates': {'latitude': '85.5563', 'longitude': '28.0684'}, 'timezone': {'offset': '+11:00', 'description': 'Magadan, Solomon Islands, New Caledonia'}}, 'email': 'herminia.horton@example.com', 'login': {'uuid': '66dfd540-6bb1-4d56-8c43-f8a6388c9c23', 'username': 'brownzebra581', 'password': 'curtis', 'salt': 'RSfZvzXY', 'md5': '16a11f7f70088c60f2a87308c835ce9f', 'sha1': '26906c1e1cec2cee1110584958feb3d1dcadd5a3', 'sha256': '7085144e9d04ffe8b548e68260a4a3e80850167532330e53c8094699e63f0bd9'}, 'dob': {'date': '1980-12-25T21:59:58.227Z', 'age': 43}, 'registered': {'date': '2010-10-26T01:09:38.361Z', 'age': 13}, 'phone': '(657) 671-2387', 'cell': '(454) 519-0580', 'id': {'name': 'SSN', 'value': '804-97-5881'}, 'picture': {'large': 'https://randomuser.me/api/portraits/women/21.jpg', 'medium': 'https://randomuser.me/api/portraits/med/women/21.jpg', 'thumbnail': 'https://randomuser.me/api/portraits/thumb/women/21.jpg'}, 'nat': 'US'}</msg>
<arg>${json_data['results'][0]}</arg>
<doc>Logs the given message with the given level.</doc>
<status status="PASS" start="2024-06-24T16:18:14.647336" elapsed="0.000407"/>
</kw>
<kw name="Log" owner="BuiltIn">
<msg time="2024-06-24T16:18:14.648158" level="INFO">email</msg>
<arg>${key}</arg>
<doc>Logs the given message with the given level.</doc>
<status status="PASS" start="2024-06-24T16:18:14.648032" elapsed="0.000164"/>
</kw>
<var name="${key}">email</var>
<status status="PASS" start="2024-06-24T16:18:14.646624" elapsed="0.001784"/>
</iter>
<iter>
<kw name="Dictionary Should Contain Key" owner="Collections">
<arg>${json_data['results'][0]}</arg>
<arg>${key}</arg>
<doc>Fails if ``key`` is not found from ``dictionary``.</doc>
<status status="PASS" start="2024-06-24T16:18:14.648684" elapsed="0.000382"/>
</kw>
<kw name="Log" owner="BuiltIn">
<msg time="2024-06-24T16:18:14.649590" level="INFO">{'gender': 'female', 'name': {'title': 'Ms', 'first': 'Herminia', 'last': 'Horton'}, 'location': {'street': {'number': 8725, 'name': 'Hickory Creek Dr'}, 'city': 'Edgewood', 'state': 'Arizona', 'country': 'United States', 'postcode': 47776, 'coordinates': {'latitude': '85.5563', 'longitude': '28.0684'}, 'timezone': {'offset': '+11:00', 'description': 'Magadan, Solomon Islands, New Caledonia'}}, 'email': 'herminia.horton@example.com', 'login': {'uuid': '66dfd540-6bb1-4d56-8c43-f8a6388c9c23', 'username': 'brownzebra581', 'password': 'curtis', 'salt': 'RSfZvzXY', 'md5': '16a11f7f70088c60f2a87308c835ce9f', 'sha1': '26906c1e1cec2cee1110584958feb3d1dcadd5a3', 'sha256': '7085144e9d04ffe8b548e68260a4a3e80850167532330e53c8094699e63f0bd9'}, 'dob': {'date': '1980-12-25T21:59:58.227Z', 'age': 43}, 'registered': {'date': '2010-10-26T01:09:38.361Z', 'age': 13}, 'phone': '(657) 671-2387', 'cell': '(454) 519-0580', 'id': {'name': 'SSN', 'value': '804-97-5881'}, 'picture': {'large': 'https://randomuser.me/api/portraits/women/21.jpg', 'medium': 'https://randomuser.me/api/portraits/med/women/21.jpg', 'thumbnail': 'https://randomuser.me/api/portraits/thumb/women/21.jpg'}, 'nat': 'US'}</msg>
<arg>${json_data['results'][0]}</arg>
<doc>Logs the given message with the given level.</doc>
<status status="PASS" start="2024-06-24T16:18:14.649245" elapsed="0.000402"/>
</kw>
<kw name="Log" owner="BuiltIn">
<msg time="2024-06-24T16:18:14.650069" level="INFO">login</msg>
<arg>${key}</arg>
<doc>Logs the given message with the given level.</doc>
<status status="PASS" start="2024-06-24T16:18:14.649942" elapsed="0.000164"/>
</kw>
<var name="${key}">login</var>
<status status="PASS" start="2024-06-24T16:18:14.648576" elapsed="0.001742"/>
</iter>
<var>${key}</var>
<value>@{expected_keys}</value>
<status status="PASS" start="2024-06-24T16:18:14.640543" elapsed="0.009893"/>
</for>
<kw name="Create List" owner="BuiltIn">
<msg time="2024-06-24T16:18:14.650786" level="INFO">${expected_keysTwo} = ['username', 'password']</msg>
<var>${expected_keysTwo}</var>
<arg>username</arg>
<arg>password</arg>
<doc>Returns a list containing given items.</doc>
<status status="PASS" start="2024-06-24T16:18:14.650650" elapsed="0.000159"/>
</kw>
<for flavor="IN">
<iter>
<kw name="Dictionary Should Contain Key" owner="Collections">
<arg>${json_data['results'][0]['login']}</arg>
<arg>${keyTwo}</arg>
<doc>Fails if ``key`` is not found from ``dictionary``.</doc>
<status status="PASS" start="2024-06-24T16:18:14.651345" elapsed="0.000386"/>
</kw>
<kw name="Dictionary Should Contain Key" owner="Collections">
<arg>${json_data['results'][0]['login']}</arg>
<arg>${keyTwo}</arg>
<doc>Fails if ``key`` is not found from ``dictionary``.</doc>
<status status="PASS" start="2024-06-24T16:18:14.651920" elapsed="0.000382"/>
</kw>
<kw name="Log" owner="BuiltIn">
<msg time="2024-06-24T16:18:14.652596" level="INFO">username</msg>
<arg>${keyTwo}</arg>
<doc>Logs the given message with the given level.</doc>
<status status="PASS" start="2024-06-24T16:18:14.652478" elapsed="0.000154"/>
</kw>
<var name="${keyTwo}">username</var>
<status status="PASS" start="2024-06-24T16:18:14.651237" elapsed="0.001613"/>
</iter>
<iter>
<kw name="Dictionary Should Contain Key" owner="Collections">
<arg>${json_data['results'][0]['login']}</arg>
<arg>${keyTwo}</arg>
<doc>Fails if ``key`` is not found from ``dictionary``.</doc>
<status status="PASS" start="2024-06-24T16:18:14.653125" elapsed="0.000378"/>
</kw>
<kw name="Dictionary Should Contain Key" owner="Collections">
<arg>${json_data['results'][0]['login']}</arg>
<arg>${keyTwo}</arg>
<doc>Fails if ``key`` is not found from ``dictionary``.</doc>
<status status="PASS" start="2024-06-24T16:18:14.653684" elapsed="0.000370"/>
</kw>
<kw name="Log" owner="BuiltIn">
<msg time="2024-06-24T16:18:14.654348" level="INFO">password</msg>
<arg>${keyTwo}</arg>
<doc>Logs the given message with the given level.</doc>
<status status="PASS" start="2024-06-24T16:18:14.654229" elapsed="0.000156"/>
</kw>
<var name="${keyTwo}">password</var>
<status status="PASS" start="2024-06-24T16:18:14.653019" elapsed="0.001676"/>
</iter>
<var>${keyTwo}</var>
<value>@{expected_keysTwo}</value>
<status status="PASS" start="2024-06-24T16:18:14.651083" elapsed="0.003731"/>
</for>
<status status="PASS" start="2024-06-24T16:18:14.546812" elapsed="0.108169"/>
</kw>
<doc>Testa a estrutura da resposta da API.</doc>
<tag>testeEstruturaResposta</tag>
<status status="PASS" start="2024-06-24T16:18:14.546331" elapsed="0.108805"/>
</test>
<test id="s1-s1-t4" name="Validar tipos de dados" line="28">
<kw name="Teste de Tipos de Dados" owner="random-user-service">
<kw name="GET On Session" owner="RequestsLibrary">
<msg time="2024-06-24T16:18:14.748002" level="INFO">GET Request : url=https://randomuser.me/api 
 path_url=/api 
 headers={'User-Agent': 'python-requests/2.32.3', 'Accept-Encoding': 'gzip, deflate', 'Accept': '*/*', 'Connection': 'keep-alive'} 
 body=None 
 </msg>
<msg time="2024-06-24T16:18:14.748093" level="INFO">GET Response : url=https://randomuser.me/api 
 status=200, reason=OK 
 headers={'Date': 'Mon, 24 Jun 2024 16:18:14 GMT', 'Content-Type': 'application/json; charset=utf-8', 'Transfer-Encoding': 'chunked', 'Connection': 'keep-alive', 'X-Powered-By': 'Express', 'Access-Control-Allow-Origin': '*', 'Cache-Control': 'no-cache', 'ETag': 'W/"480-27apQZkD9Mnuhu6LKDWR6sxnGuc"', 'Vary': 'Accept-Encoding', 'Content-Encoding': 'gzip', 'CF-Cache-Status': 'DYNAMIC', 'Report-To': '{"endpoints":[{"url":"https:\\/\\/a.nel.cloudflare.com\\/report\\/v4?s=hktehMMkzSi89R%2BBKN4pUhORfx%2BDncmRbqHxBdQ4I5qrxfobWZmqtL73uYU8KZc%2FwW4o0bpeGy1BrL7QKwJZ75rvGpP7WdNoNYI7IYhlJIkDfcNoDARNDcaM2HGQA843"}],"group":"cf-nel","max_age":604800}', 'NEL': '{"success_fraction":0,"report_to":"cf-nel","max_age":604800}', 'Server': 'cloudflare', 'CF-RAY': '898e0859ac9c1758-SJC', 'alt-svc': 'h3=":443"; ma=86400'} 
 body={"results":[{"gender":"female","name":{"title":"Ms","first":"Kazimira","last":"Antipenko"},"location":{"street":{"number":6260,"name":"Shishkinskiy provulok"},"city":"Dunayivci","state":"Odeska","country":"Ukraine","postcode":94467,"coordinates":{"latitude":"80.7815","longitude":"7.9981"},"timezone":{"offset":"+5:45","description":"Kathmandu"}},"email":"kazimira.antipenko@example.com","login":{"uuid":"50bbaf49-fa5f-4093-97cf-08cc7f0bfc8c","username":"whitebear571","password":"siemens","salt":"Pw7bMmJE","md5":"9c4488a80ba22d7b6a8a9c42cc94afec","sha1":"04e19d68d87b64375c64fdf1f8a66471aed77c59","sha256":"d77f2cfb236ed9c9683486faebb286b245667d35a69905fce7e9452617777340"},"dob":{"date":"1988-02-23T07:28:08.305Z","age":36},"registered":{"date":"2018-03-24T22:52:05.809Z","age":6},"phone":"(099) A79-8570","cell":"(099) H15-2784","id":{"name":"","value":null},"picture":{"large":"https://randomuser.me/api/portraits/women/47.jpg","medium":"https://randomuser.me/api/portraits/med/women/47.jpg","thumbnail":"https://randomuser.me/api/portraits/thumb/women/47.jpg"},"nat":"UA"}],"info":{"seed":"8d88f74450dcac31","results":1,"page":1,"version":"1.4"}} 
 </msg>
<msg time="2024-06-24T16:18:14.748167" level="INFO">/opt/hostedtoolcache/Python/3.12.4/x64/lib/python3.12/site-packages/urllib3/connectionpool.py:1099: InsecureRequestWarning: Unverified HTTPS request is being made to host 'randomuser.me'. Adding certificate verification is strongly advised. See: https://urllib3.readthedocs.io/en/latest/advanced-usage.html#tls-warnings
  warnings.warn(</msg>
<msg time="2024-06-24T16:18:14.748286" level="INFO">${response} = &lt;Response [200]&gt;</msg>
<var>${response}</var>
<arg>consultarAPI</arg>
<arg>/api</arg>
<doc>Sends a GET request on a previously created HTTP Session.</doc>
<status status="PASS" start="2024-06-24T16:18:14.657603" elapsed="0.090739"/>
</kw>
<kw name="Set Variable" owner="BuiltIn">
<msg time="2024-06-24T16:18:14.749386" level="INFO">${json_data} = {'results': [{'gender': 'female', 'name': {'title': 'Ms', 'first': 'Kazimira', 'last': 'Antipenko'}, 'location': {'street': {'number': 6260, 'name': 'Shishkinskiy provulok'}, 'city': 'Dunayivci', 'sta...</msg>
<var>${json_data}</var>
<arg>${response.json()}</arg>
<doc>Returns the given values which can then be assigned to a variables.</doc>
<status status="PASS" start="2024-06-24T16:18:14.748823" elapsed="0.000591"/>
</kw>
<kw name="Log" owner="BuiltIn">
<msg time="2024-06-24T16:18:14.749872" level="INFO">{'results': [{'gender': 'female', 'name': {'title': 'Ms', 'first': 'Kazimira', 'last': 'Antipenko'}, 'location': {'street': {'number': 6260, 'name': 'Shishkinskiy provulok'}, 'city': 'Dunayivci', 'state': 'Odeska', 'country': 'Ukraine', 'postcode': 94467, 'coordinates': {'latitude': '80.7815', 'longitude': '7.9981'}, 'timezone': {'offset': '+5:45', 'description': 'Kathmandu'}}, 'email': 'kazimira.antipenko@example.com', 'login': {'uuid': '50bbaf49-fa5f-4093-97cf-08cc7f0bfc8c', 'username': 'whitebear571', 'password': 'siemens', 'salt': 'Pw7bMmJE', 'md5': '9c4488a80ba22d7b6a8a9c42cc94afec', 'sha1': '04e19d68d87b64375c64fdf1f8a66471aed77c59', 'sha256': 'd77f2cfb236ed9c9683486faebb286b245667d35a69905fce7e9452617777340'}, 'dob': {'date': '1988-02-23T07:28:08.305Z', 'age': 36}, 'registered': {'date': '2018-03-24T22:52:05.809Z', 'age': 6}, 'phone': '(099) A79-8570', 'cell': '(099) H15-2784', 'id': {'name': '', 'value': None}, 'picture': {'large': 'https://randomuser.me/api/portraits/women/47.jpg', 'medium': 'https://randomuser.me/api/portraits/med/women/47.jpg', 'thumbnail': 'https://randomuser.me/api/portraits/thumb/women/47.jpg'}, 'nat': 'UA'}], 'info': {'seed': '8d88f74450dcac31', 'results': 1, 'page': 1, 'version': '1.4'}}</msg>
<arg>${json_data}</arg>
<doc>Logs the given message with the given level.</doc>
<status status="PASS" start="2024-06-24T16:18:14.749719" elapsed="0.000200"/>
</kw>
<kw name="Should Be String" owner="String">
<arg>${json_data['results'][0]['gender']}</arg>
<doc>Fails if the given ``item`` is not a string.</doc>
<status status="PASS" start="2024-06-24T16:18:14.750206" elapsed="0.000370"/>
</kw>
<kw name="Should Match Regexp" owner="BuiltIn">
<arg>${json_data['results'][0]['email']}</arg>
<arg>^[a-zA-Z0-9._%+-]+@[a-zA-Z0-9.-]+\.[a-zA-Z]{2,}$</arg>
<doc>Fails if ``string`` does not match ``pattern`` as a regular expression.</doc>
<status status="PASS" start="2024-06-24T16:18:14.750793" elapsed="0.000567"/>
</kw>
<kw name="Should Match Regexp" owner="BuiltIn">
<arg>${json_data['results'][0]['dob']['date']}</arg>
<arg>\\d{4}-\\d{2}-\\d{2}T\\d{2}:\\d{2}:\\d{2}\\.\\d{3}Z</arg>
<doc>Fails if ``string`` does not match ``pattern`` as a regular expression.</doc>
<status status="PASS" start="2024-06-24T16:18:14.751563" elapsed="0.000484"/>
</kw>
<kw name="Should Match Regexp" owner="BuiltIn">
<arg>${json_data['results'][0]['registered']['date']}</arg>
<arg>\\d{4}-\\d{2}-\\d{2}T\\d{2}:\\d{2}:\\d{2}\\.\\d{3}Z</arg>
<doc>Fails if ``string`` does not match ``pattern`` as a regular expression.</doc>
<status status="PASS" start="2024-06-24T16:18:14.752235" elapsed="0.000369"/>
</kw>
<kw name="Should Match Regexp" owner="BuiltIn">
<arg>${json_data['results'][0]['picture']['large']}</arg>
<arg>^https?://.*\.(?:png|jpe?g|gif|bmp)$</arg>
<doc>Fails if ``string`` does not match ``pattern`` as a regular expression.</doc>
<status status="PASS" start="2024-06-24T16:18:14.752785" elapsed="0.000464"/>
</kw>
<kw name="Should Match Regexp" owner="BuiltIn">
<arg>${json_data['results'][0]['picture']['medium']}</arg>
<arg>^https?://.*\.(?:png|jpe?g|gif|bmp)$</arg>
<doc>Fails if ``string`` does not match ``pattern`` as a regular expression.</doc>
<status status="PASS" start="2024-06-24T16:18:14.753432" elapsed="0.000352"/>
</kw>
<kw name="Should Match Regexp" owner="BuiltIn">
<arg>${json_data['results'][0]['picture']['thumbnail']}</arg>
<arg>^https?://.*\.(?:png|jpe?g|gif|bmp)$</arg>
<doc>Fails if ``string`` does not match ``pattern`` as a regular expression.</doc>
<status status="PASS" start="2024-06-24T16:18:14.753964" elapsed="0.000355"/>
</kw>
<kw name="Log" owner="BuiltIn">
<msg time="2024-06-24T16:18:14.754822" level="INFO">{'large': 'https://randomuser.me/api/portraits/women/47.jpg', 'medium': 'https://randomuser.me/api/portraits/med/women/47.jpg', 'thumbnail': 'https://randomuser.me/api/portraits/thumb/women/47.jpg'}</msg>
<arg>${json_data['results'][0]['picture']}</arg>
<doc>Logs the given message with the given level.</doc>
<status status="PASS" start="2024-06-24T16:18:14.754501" elapsed="0.000366"/>
</kw>
<status status="PASS" start="2024-06-24T16:18:14.657384" elapsed="0.097772"/>
</kw>
<kw name="Teste de Tipos de Dados - Postcode" owner="random-user-service">
<kw name="GET On Session" owner="RequestsLibrary">
<msg time="2024-06-24T16:18:14.852049" level="INFO">GET Request : url=https://randomuser.me/api 
 path_url=/api 
 headers={'User-Agent': 'python-requests/2.32.3', 'Accept-Encoding': 'gzip, deflate', 'Accept': '*/*', 'Connection': 'keep-alive'} 
 body=None 
 </msg>
<msg time="2024-06-24T16:18:14.852136" level="INFO">GET Response : url=https://randomuser.me/api 
 status=200, reason=OK 
 headers={'Date': 'Mon, 24 Jun 2024 16:18:14 GMT', 'Content-Type': 'application/json; charset=utf-8', 'Transfer-Encoding': 'chunked', 'Connection': 'keep-alive', 'X-Powered-By': 'Express', 'Access-Control-Allow-Origin': '*', 'Cache-Control': 'no-cache', 'ETag': 'W/"486-BX9hmqQQRZ0o0Phm3OyDDpT/AB8"', 'Vary': 'Accept-Encoding', 'Content-Encoding': 'gzip', 'CF-Cache-Status': 'DYNAMIC', 'Report-To': '{"endpoints":[{"url":"https:\\/\\/a.nel.cloudflare.com\\/report\\/v4?s=dp8MMiGJck3Qywwohr59oJZ8774JUbviV90wWyWqy1kNaHgbofstj7MaK9ZmU0WFbocTFSsja%2Fu2QPfx7BY71b2I1SWQiQpr0NTPEsIzLYAaBXfEV8relMWEwUJf%2Bwif"}],"group":"cf-nel","max_age":604800}', 'NEL': '{"success_fraction":0,"report_to":"cf-nel","max_age":604800}', 'Server': 'cloudflare', 'CF-RAY': '898e085a3d3e1758-SJC', 'alt-svc': 'h3=":443"; ma=86400'} 
 body={"results":[{"gender":"female","name":{"title":"Mrs","first":"Meral","last":"Korol"},"location":{"street":{"number":4129,"name":"Anafartalar Cd"},"city":"Kilis","state":"Nevşehir","country":"Turkey","postcode":22365,"coordinates":{"latitude":"71.4437","longitude":"88.5425"},"timezone":{"offset":"+3:00","description":"Baghdad, Riyadh, Moscow, St. Petersburg"}},"email":"meral.korol@example.com","login":{"uuid":"986861f9-228b-4705-88db-2f3c6b06ccbd","username":"sadcat997","password":"snapple","salt":"iISCawII","md5":"4756b1234498df7b5cd157cd70122927","sha1":"67534fae07ab56f5aa00640eb4acd79a80d5b578","sha256":"baf5c99d58640a9ba5cc114f33c0be2be0fedd8e969ec9ad1d8aba2d4a759982"},"dob":{"date":"1957-01-25T19:50:48.296Z","age":67},"registered":{"date":"2018-06-28T17:42:20.853Z","age":5},"phone":"(703)-777-8918","cell":"(123)-953-1594","id":{"name":"","value":null},"picture":{"large":"https://randomuser.me/api/portraits/women/38.jpg","medium":"https://randomuser.me/api/portraits/med/women/38.jpg","thumbnail":"https://randomuser.me/api/portraits/thumb/women/38.jpg"},"nat":"TR"}],"info":{"seed":"11648997f76132ef","results":1,"page":1,"version":"1.4"}} 
 </msg>
<msg time="2024-06-24T16:18:14.852213" level="INFO">/opt/hostedtoolcache/Python/3.12.4/x64/lib/python3.12/site-packages/urllib3/connectionpool.py:1099: InsecureRequestWarning: Unverified HTTPS request is being made to host 'randomuser.me'. Adding certificate verification is strongly advised. See: https://urllib3.readthedocs.io/en/latest/advanced-usage.html#tls-warnings
  warnings.warn(</msg>
<msg time="2024-06-24T16:18:14.852332" level="INFO">${response} = &lt;Response [200]&gt;</msg>
<var>${response}</var>
<arg>consultarAPI</arg>
<arg>/api</arg>
<doc>Sends a GET request on a previously created HTTP Session.</doc>
<status status="PASS" start="2024-06-24T16:18:14.755592" elapsed="0.096795"/>
</kw>
<kw name="Set Variable" owner="BuiltIn">
<msg time="2024-06-24T16:18:14.853503" level="INFO">${json_data} = {'results': [{'gender': 'female', 'name': {'title': 'Mrs', 'first': 'Meral', 'last': 'Korol'}, 'location': {'street': {'number': 4129, 'name': 'Anafartalar Cd'}, 'city': 'Kilis', 'state': 'Nevşehir', ...</msg>
<var>${json_data}</var>
<arg>${response.json()}</arg>
<doc>Returns the given values which can then be assigned to a variables.</doc>
<status status="PASS" start="2024-06-24T16:18:14.852934" elapsed="0.000599"/>
</kw>
<kw name="Log" owner="BuiltIn">
<msg time="2024-06-24T16:18:14.854000" level="INFO">{'results': [{'gender': 'female', 'name': {'title': 'Mrs', 'first': 'Meral', 'last': 'Korol'}, 'location': {'street': {'number': 4129, 'name': 'Anafartalar Cd'}, 'city': 'Kilis', 'state': 'Nevşehir', 'country': 'Turkey', 'postcode': 22365, 'coordinates': {'latitude': '71.4437', 'longitude': '88.5425'}, 'timezone': {'offset': '+3:00', 'description': 'Baghdad, Riyadh, Moscow, St. Petersburg'}}, 'email': 'meral.korol@example.com', 'login': {'uuid': '986861f9-228b-4705-88db-2f3c6b06ccbd', 'username': 'sadcat997', 'password': 'snapple', 'salt': 'iISCawII', 'md5': '4756b1234498df7b5cd157cd70122927', 'sha1': '67534fae07ab56f5aa00640eb4acd79a80d5b578', 'sha256': 'baf5c99d58640a9ba5cc114f33c0be2be0fedd8e969ec9ad1d8aba2d4a759982'}, 'dob': {'date': '1957-01-25T19:50:48.296Z', 'age': 67}, 'registered': {'date': '2018-06-28T17:42:20.853Z', 'age': 5}, 'phone': '(703)-777-8918', 'cell': '(123)-953-1594', 'id': {'name': '', 'value': None}, 'picture': {'large': 'https://randomuser.me/api/portraits/women/38.jpg', 'medium': 'https://randomuser.me/api/portraits/med/women/38.jpg', 'thumbnail': 'https://randomuser.me/api/portraits/thumb/women/38.jpg'}, 'nat': 'TR'}], 'info': {'seed': '11648997f76132ef', 'results': 1, 'page': 1, 'version': '1.4'}}</msg>
<arg>${json_data}</arg>
<doc>Logs the given message with the given level.</doc>
<status status="PASS" start="2024-06-24T16:18:14.853831" elapsed="0.000221"/>
</kw>
<kw name="Should Be Equal As Numbers" owner="BuiltIn">
<arg>${json_data['results'][0]['location']['postcode']}</arg>
<arg>${json_data['results'][0]['location']['postcode']}</arg>
<doc>Fails if objects are unequal after converting them to real numbers.</doc>
<status status="PASS" start="2024-06-24T16:18:14.854347" elapsed="0.000645"/>
</kw>
<kw name="Log" owner="BuiltIn">
<msg time="2024-06-24T16:18:14.855682" level="INFO">22365</msg>
<arg>${json_data['results'][0]['location']['postcode']}</arg>
<doc>Logs the given message with the given level.</doc>
<status status="PASS" start="2024-06-24T16:18:14.855188" elapsed="0.000536"/>
</kw>
<status status="PASS" start="2024-06-24T16:18:14.755376" elapsed="0.100600"/>
</kw>
<doc>Testa se os tipos de dados na resposta da API estão corretos.</doc>
<tag>testeTiposDados</tag>
<status status="PASS" start="2024-06-24T16:18:14.656870" elapsed="0.199262"/>
</test>
<test id="s1-s1-t5" name="Validar conteudo" line="35">
<kw name="Teste de Tipos de Conteudo" owner="random-user-service">
<kw name="GET On Session" owner="RequestsLibrary">
<msg time="2024-06-24T16:18:14.958705" level="INFO">GET Request : url=https://randomuser.me/api 
 path_url=/api 
 headers={'User-Agent': 'python-requests/2.32.3', 'Accept-Encoding': 'gzip, deflate', 'Accept': '*/*', 'Connection': 'keep-alive'} 
 body=None 
 </msg>
<msg time="2024-06-24T16:18:14.958796" level="INFO">GET Response : url=https://randomuser.me/api 
 status=200, reason=OK 
 headers={'Date': 'Mon, 24 Jun 2024 16:18:14 GMT', 'Content-Type': 'application/json; charset=utf-8', 'Transfer-Encoding': 'chunked', 'Connection': 'keep-alive', 'X-Powered-By': 'Express', 'Access-Control-Allow-Origin': '*', 'Cache-Control': 'no-cache', 'ETag': 'W/"4a8-VEbC942HTMRuBUb86cmiGh/K9Zo"', 'Vary': 'Accept-Encoding', 'Content-Encoding': 'gzip', 'CF-Cache-Status': 'DYNAMIC', 'Report-To': '{"endpoints":[{"url":"https:\\/\\/a.nel.cloudflare.com\\/report\\/v4?s=YCoWz6Vftwwuf0v65wFY8LnhBj6TzcHOXC8O3UH9icRvk%2F%2Fo5xjoLUsmS3mas3ssump6927QvyzkffdBwwx2qM4BJupowWX23E3yF%2BdgGokioYDdOZeUfAb8rLuINnD9"}],"group":"cf-nel","max_age":604800}', 'NEL': '{"success_fraction":0,"report_to":"cf-nel","max_age":604800}', 'Server': 'cloudflare', 'CF-RAY': '898e085aede01758-SJC', 'alt-svc': 'h3=":443"; ma=86400'} 
 body={"results":[{"gender":"female","name":{"title":"Mrs","first":"Sofia","last":"Kinnunen"},"location":{"street":{"number":1541,"name":"Satakennankatu"},"city":"Enontekiö","state":"Tavastia Proper","country":"Finland","postcode":16647,"coordinates":{"latitude":"-23.7782","longitude":"28.3268"},"timezone":{"offset":"-6:00","description":"Central Time (US &amp; Canada), Mexico City"}},"email":"sofia.kinnunen@example.com","login":{"uuid":"e5632c0d-1f77-447d-ab61-d63d75788efe","username":"bigsnake459","password":"greens","salt":"7BDrD2OR","md5":"fc97010c549624701aec41bda1e7c612","sha1":"6421ddc091a3d99accb3cd1f2830d45535da0bde","sha256":"0334e256325d8c3dfeb6a7fe06c33206135b52d1ffc3f2af76dd83eb87330602"},"dob":{"date":"1955-07-01T19:27:14.622Z","age":68},"registered":{"date":"2018-11-03T03:23:59.597Z","age":5},"phone":"04-455-998","cell":"045-148-45-75","id":{"name":"HETU","value":"NaNNA610undefined"},"picture":{"large":"https://randomuser.me/api/portraits/women/43.jpg","medium":"https://randomuser.me/api/portraits/med/women/43.jpg","thumbnail":"https://randomuser.me/api/portraits/thumb/women/43.jpg"},"nat":"FI"}],"info":{"seed":"f46fe340ecc4ac34","results":1,"page":1,"version":"1.4"}} 
 </msg>
<msg time="2024-06-24T16:18:14.958879" level="INFO">/opt/hostedtoolcache/Python/3.12.4/x64/lib/python3.12/site-packages/urllib3/connectionpool.py:1099: InsecureRequestWarning: Unverified HTTPS request is being made to host 'randomuser.me'. Adding certificate verification is strongly advised. See: https://urllib3.readthedocs.io/en/latest/advanced-usage.html#tls-warnings
  warnings.warn(</msg>
<msg time="2024-06-24T16:18:14.959002" level="INFO">${response} = &lt;Response [200]&gt;</msg>
<var>${response}</var>
<arg>consultarAPI</arg>
<arg>/api</arg>
<doc>Sends a GET request on a previously created HTTP Session.</doc>
<status status="PASS" start="2024-06-24T16:18:14.858877" elapsed="0.100167"/>
</kw>
<kw name="Set Variable" owner="BuiltIn">
<msg time="2024-06-24T16:18:14.959895" level="INFO">${json_data} = {'results': [{'gender': 'female', 'name': {'title': 'Mrs', 'first': 'Sofia', 'last': 'Kinnunen'}, 'location': {'street': {'number': 1541, 'name': 'Satakennankatu'}, 'city': 'Enontekiö', 'state': 'Tava...</msg>
<var>${json_data}</var>
<arg>${response.json()}</arg>
<doc>Returns the given values which can then be assigned to a variables.</doc>
<status status="PASS" start="2024-06-24T16:18:14.959439" elapsed="0.000485"/>
</kw>
<kw name="Set Variable" owner="BuiltIn">
<msg time="2024-06-24T16:18:14.960602" level="INFO">${name_title} = Mrs</msg>
<var>${name_title}</var>
<arg>${json_data["results"][0]["name"]["title"]}</arg>
<doc>Returns the given values which can then be assigned to a variables.</doc>
<status status="PASS" start="2024-06-24T16:18:14.960226" elapsed="0.000402"/>
</kw>
<kw name="Create List" owner="BuiltIn">
<msg time="2024-06-24T16:18:14.961066" level="INFO">${allowed_titles} = ['Mr', 'Ms', 'Miss', 'Mrs', 'Madame', 'Monsieur']</msg>
<var>${allowed_titles}</var>
<arg>Mr</arg>
<arg>Ms</arg>
<arg>Miss</arg>
<arg>Mrs</arg>
<arg>Madame</arg>
<arg>Monsieur</arg>
<doc>Returns a list containing given items.</doc>
<status status="PASS" start="2024-06-24T16:18:14.960918" elapsed="0.000172"/>
</kw>
<kw name="List Should Contain Value" owner="Collections">
<arg>${allowed_titles}</arg>
<arg>${name_title}</arg>
<doc>Fails if the ``value`` is not found from ``list``.</doc>
<status status="PASS" start="2024-06-24T16:18:14.961388" elapsed="0.000171"/>
</kw>
<kw name="Set Variable" owner="BuiltIn">
<msg time="2024-06-24T16:18:14.962094" level="INFO">${name_country} = FI</msg>
<var>${name_country}</var>
<arg>${json_data["results"][0]["nat"]}</arg>
<doc>Returns the given values which can then be assigned to a variables.</doc>
<status status="PASS" start="2024-06-24T16:18:14.961731" elapsed="0.000388"/>
</kw>
<kw name="Create List" owner="BuiltIn">
<msg time="2024-06-24T16:18:14.963047" level="INFO">${list_country} = ['AD', 'AE', 'AF', 'AG', 'AI', 'AL', 'AM', 'AO', 'AQ', 'AR', 'AS', 'AT', 'AU', 'AW', 'AX', 'AZ', 'BA', 'BB', 'BD', 'BE', 'BF', 'BG', 'BH', 'BI', 'BJ', 'BL', 'BM', 'BN', 'BO', 'BQ', 'BR', 'BS', 'BT', '...</msg>
<var>${list_country}</var>
<arg>AD</arg>
<arg>AE</arg>
<arg>AF</arg>
<arg>AG</arg>
<arg>AI</arg>
<arg>AL</arg>
<arg>AM</arg>
<arg>AO</arg>
<arg>AQ</arg>
<arg>AR</arg>
<arg>AS</arg>
<arg>AT</arg>
<arg>AU</arg>
<arg>AW</arg>
<arg>AX</arg>
<arg>AZ</arg>
<arg>BA</arg>
<arg>BB</arg>
<arg>BD</arg>
<arg>BE</arg>
<arg>BF</arg>
<arg>BG</arg>
<arg>BH</arg>
<arg>BI</arg>
<arg>BJ</arg>
<arg>BL</arg>
<arg>BM</arg>
<arg>BN</arg>
<arg>BO</arg>
<arg>BQ</arg>
<arg>BR</arg>
<arg>BS</arg>
<arg>BT</arg>
<arg>BV</arg>
<arg>BW</arg>
<arg>BY</arg>
<arg>BZ</arg>
<arg>CA</arg>
<arg>CC</arg>
<arg>CD</arg>
<arg>CF</arg>
<arg>CG</arg>
<arg>CH</arg>
<arg>CI</arg>
<arg>CK</arg>
<arg>CL</arg>
<arg>CM</arg>
<arg>CN</arg>
<arg>CO</arg>
<arg>CR</arg>
<arg>CU</arg>
<arg>CV</arg>
<arg>CW</arg>
<arg>CX</arg>
<arg>CY</arg>
<arg>CZ</arg>
<arg>DE</arg>
<arg>DJ</arg>
<arg>DK</arg>
<arg>DM</arg>
<arg>DO</arg>
<arg>DZ</arg>
<arg>EC</arg>
<arg>EE</arg>
<arg>EG</arg>
<arg>EH</arg>
<arg>ER</arg>
<arg>ES</arg>
<arg>ET</arg>
<arg>FI</arg>
<arg>FJ</arg>
<arg>FK</arg>
<arg>FM</arg>
<arg>FO</arg>
<arg>FR</arg>
<arg>GA</arg>
<arg>GB</arg>
<arg>GD</arg>
<arg>GE</arg>
<arg>GF</arg>
<arg>GG</arg>
<arg>GH</arg>
<arg>GI</arg>
<arg>GL</arg>
<arg>GM</arg>
<arg>GN</arg>
<arg>GP</arg>
<arg>GQ</arg>
<arg>GR</arg>
<arg>GS</arg>
<arg>GT</arg>
<arg>GU</arg>
<arg>GW</arg>
<arg>GY</arg>
<arg>HK</arg>
<arg>HM</arg>
<arg>HN</arg>
<arg>HR</arg>
<arg>HT</arg>
<arg>HU</arg>
<arg>ID</arg>
<arg>IE</arg>
<arg>IL</arg>
<arg>IM</arg>
<arg>IN</arg>
<arg>IO</arg>
<arg>IQ</arg>
<arg>IR</arg>
<arg>IS</arg>
<arg>IT</arg>
<arg>JE</arg>
<arg>JM</arg>
<arg>JO</arg>
<arg>JP</arg>
<arg>KE</arg>
<arg>KG</arg>
<arg>KH</arg>
<arg>KI</arg>
<arg>KM</arg>
<arg>KN</arg>
<arg>KP</arg>
<arg>KR</arg>
<arg>KW</arg>
<arg>KY</arg>
<arg>KZ</arg>
<arg>LA</arg>
<arg>LB</arg>
<arg>LC</arg>
<arg>LI</arg>
<arg>LK</arg>
<arg>LR</arg>
<arg>LS</arg>
<arg>LT</arg>
<arg>LU</arg>
<arg>LV</arg>
<arg>LY</arg>
<arg>MA</arg>
<arg>MC</arg>
<arg>MD</arg>
<arg>ME</arg>
<arg>MF</arg>
<arg>MG</arg>
<arg>MH</arg>
<arg>MK</arg>
<arg>ML</arg>
<arg>MM</arg>
<arg>MN</arg>
<arg>MO</arg>
<arg>MP</arg>
<arg>MQ</arg>
<arg>MR</arg>
<arg>MS</arg>
<arg>MT</arg>
<arg>MU</arg>
<arg>MV</arg>
<arg>MW</arg>
<arg>MX</arg>
<arg>MY</arg>
<arg>MZ</arg>
<arg>NA</arg>
<arg>NC</arg>
<arg>NE</arg>
<arg>NF</arg>
<arg>NG</arg>
<arg>NI</arg>
<arg>NL</arg>
<arg>NO</arg>
<arg>NP</arg>
<arg>NR</arg>
<arg>NU</arg>
<arg>NZ</arg>
<arg>OM</arg>
<arg>PA</arg>
<arg>PE</arg>
<arg>PF</arg>
<arg>PG</arg>
<arg>PH</arg>
<arg>PK</arg>
<arg>PL</arg>
<arg>PM</arg>
<arg>PN</arg>
<arg>PR</arg>
<arg>PS</arg>
<arg>PT</arg>
<arg>PW</arg>
<arg>PY</arg>
<arg>QA</arg>
<arg>RE</arg>
<arg>RO</arg>
<arg>RS</arg>
<arg>RU</arg>
<arg>RW</arg>
<arg>SA</arg>
<arg>SB</arg>
<arg>SC</arg>
<arg>SD</arg>
<arg>SE</arg>
<arg>SG</arg>
<arg>SH</arg>
<arg>SI</arg>
<arg>SJ</arg>
<arg>SK</arg>
<arg>SL</arg>
<arg>SM</arg>
<arg>SN</arg>
<arg>SO</arg>
<arg>SR</arg>
<arg>SS</arg>
<arg>ST</arg>
<arg>SV</arg>
<arg>SX</arg>
<arg>SY</arg>
<arg>SZ</arg>
<arg>TC</arg>
<arg>TD</arg>
<arg>TF</arg>
<arg>TG</arg>
<arg>TH</arg>
<arg>TJ</arg>
<arg>TK</arg>
<arg>TL</arg>
<arg>TM</arg>
<arg>TN</arg>
<arg>TO</arg>
<arg>TR</arg>
<arg>TT</arg>
<arg>TV</arg>
<arg>TW</arg>
<arg>TZ</arg>
<arg>UA</arg>
<arg>UG</arg>
<arg>UM</arg>
<arg>US</arg>
<arg>UY</arg>
<arg>UZ</arg>
<arg>VA</arg>
<arg>VC</arg>
<arg>VE</arg>
<arg>VG</arg>
<arg>VI</arg>
<arg>VN</arg>
<arg>VU</arg>
<arg>WF</arg>
<arg>WS</arg>
<arg>XK</arg>
<arg>YE</arg>
<arg>YT</arg>
<arg>ZA</arg>
<arg>ZM</arg>
<arg>ZW</arg>
<doc>Returns a list containing given items.</doc>
<status status="PASS" start="2024-06-24T16:18:14.962403" elapsed="0.000671"/>
</kw>
<kw name="List Should Contain Value" owner="Collections">
<arg>${list_country}</arg>
<arg>${name_country}</arg>
<doc>Fails if the ``value`` is not found from ``list``.</doc>
<status status="PASS" start="2024-06-24T16:18:14.963875" elapsed="0.000200"/>
</kw>
<kw name="Run Keyword If" owner="BuiltIn">
<kw name="Should Be True" owner="BuiltIn">
<arg>${True}</arg>
<doc>Fails if the given condition is not true.</doc>
<status status="PASS" start="2024-06-24T16:18:14.964997" elapsed="0.000138"/>
</kw>
<arg>${json_data["results"][0]["location"]["coordinates"]["latitude"]} &gt;= -90 and ${json_data["results"][0]["location"]["coordinates"]["latitude"]} &lt;= 90</arg>
<arg>Should Be True</arg>
<arg>${True}</arg>
<doc>Runs the given keyword with the given arguments, if ``condition`` is true.</doc>
<status status="PASS" start="2024-06-24T16:18:14.964269" elapsed="0.000988"/>
</kw>
<kw name="Run Keyword If" owner="BuiltIn">
<kw name="Should Be True" owner="BuiltIn">
<arg>${True}</arg>
<doc>Fails if the given condition is not true.</doc>
<status status="PASS" start="2024-06-24T16:18:14.966107" elapsed="0.000229"/>
</kw>
<arg>${json_data["results"][0]["location"]["coordinates"]["longitude"]} &gt;= -180 and ${json_data["results"][0]["location"]["coordinates"]["longitude"]} &lt;= 180</arg>
<arg>Should Be True</arg>
<arg>${True}</arg>
<doc>Runs the given keyword with the given arguments, if ``condition`` is true.</doc>
<status status="PASS" start="2024-06-24T16:18:14.965432" elapsed="0.001032"/>
</kw>
<status status="PASS" start="2024-06-24T16:18:14.858513" elapsed="0.108080"/>
</kw>
<doc>Testa o conteúdo específico dos campos retornados pela API.</doc>
<tag>testeConteudo</tag>
<status status="PASS" start="2024-06-24T16:18:14.857851" elapsed="0.108884"/>
</test>
<status status="PASS" start="2024-06-24T16:18:14.070697" elapsed="0.897930"/>
</suite>
<status status="PASS" start="2024-06-24T16:18:14.056151" elapsed="0.917476"/>
</suite>
<statistics>
<total>
<stat pass="5" fail="0" skip="0">All Tests</stat>
</total>
<tag>
<stat pass="1" fail="0" skip="0">testeConteudo</stat>
<stat pass="1" fail="0" skip="0">testeEstruturaResposta</stat>
<stat pass="1" fail="0" skip="0">testeRequisicaoBasica</stat>
<stat pass="1" fail="0" skip="0">testeTiposDados</stat>
</tag>
<suite>
<stat pass="5" fail="0" skip="0" id="s1" name="Tests">Tests</stat>
<stat pass="5" fail="0" skip="0" id="s1-s1" name="Random-User-Test">Tests.Random-User-Test</stat>
</suite>
</statistics>
<errors>
</errors>
</robot>
