<?xml version="1.0" encoding="UTF-8"?>
<robot generator="Robot 7.0.1 (Python 3.12.4 on linux)" generated="2024-08-05T17:14:47.978927" rpa="false" schemaversion="5">
<suite id="s1" name="Tests" source="/home/runner/work/ApiRandomUser/ApiRandomUser/RamdonUser/tests">
<suite id="s1-s1" name="Random-User-Test" source="/home/runner/work/ApiRandomUser/ApiRandomUser/RamdonUser/tests/random-user-test.robot">
<test id="s1-s1-t1" name="Conectar" line="13">
<kw name="Conectar API" owner="random-user-service">
<kw name="Create Session" owner="RequestsLibrary">
<msg time="2024-08-05T17:14:48.392673" level="INFO">Creating Session using : alias=consultarAPI, url=https://randomuser.me/, headers={},                     cookies={}, auth=None, timeout=None, proxies=None, verify=False,                     debug=0 </msg>
<arg>consultarAPI</arg>
<arg>${URL}</arg>
<doc>Create Session: create a HTTP session to a server</doc>
<status status="PASS" start="2024-08-05T17:14:48.392485" elapsed="0.000352"/>
</kw>
<status status="PASS" start="2024-08-05T17:14:48.391517" elapsed="0.001659"/>
</kw>
<status status="PASS" start="2024-08-05T17:14:48.390909" elapsed="0.002460"/>
</test>
<test id="s1-s1-t2" name="Validar retorno 200 e JSON Válido" line="16">
<kw name="Teste de Requisicao Basica" owner="random-user-service">
<kw name="GET On Session" owner="RequestsLibrary">
<msg time="2024-08-05T17:14:52.610401" level="INFO">GET Request : url=https://randomuser.me/api 
 path_url=/api 
 headers={'User-Agent': 'python-requests/2.32.3', 'Accept-Encoding': 'gzip, deflate', 'Accept': '*/*', 'Connection': 'keep-alive'} 
 body=None 
 </msg>
<msg time="2024-08-05T17:14:52.610544" level="INFO">GET Response : url=https://randomuser.me/api 
 status=200, reason=OK 
 headers={'Date': 'Mon, 05 Aug 2024 17:14:52 GMT', 'Content-Type': 'application/json; charset=utf-8', 'Transfer-Encoding': 'chunked', 'Connection': 'keep-alive', 'X-Powered-By': 'Express', 'Access-Control-Allow-Origin': '*', 'Cache-Control': 'no-cache', 'ETag': 'W/"487-+2yc65d3Y/wgpRcsB8JLpzQOclA"', 'Vary': 'Accept-Encoding', 'Content-Encoding': 'gzip', 'CF-Cache-Status': 'DYNAMIC', 'Report-To': '{"endpoints":[{"url":"https:\\/\\/a.nel.cloudflare.com\\/report\\/v4?s=LddLUhIHmTWsWdQ1tDWUMsIV9mTnwWRNwEeMYxGgPnpyXLR2CuWp3bDC80AdqvVh%2F%2FiAn4GKI1sqkadc%2F9u7UfnBsgX0gra1atz%2Fpkf%2BHxVbr7N7OD5Gh0wwGdozt55E"}],"group":"cf-nel","max_age":604800}', 'NEL': '{"success_fraction":0,"report_to":"cf-nel","max_age":604800}', 'Server': 'cloudflare', 'CF-RAY': '8ae86cf4bdf8e247-ORD', 'alt-svc': 'h3=":443"; ma=86400'} 
 body={"results":[{"gender":"female","name":{"title":"Miss","first":"Kylie","last":"Green"},"location":{"street":{"number":9166,"name":"College St"},"city":"Round Rock","state":"Louisiana","country":"United States","postcode":93079,"coordinates":{"latitude":"86.0873","longitude":"110.8826"},"timezone":{"offset":"-12:00","description":"Eniwetok, Kwajalein"}},"email":"kylie.green@example.com","login":{"uuid":"8500e1c5-e165-402e-ba68-df3f1bf562c5","username":"lazysnake947","password":"hello","salt":"fywbi6oN","md5":"106562539d91046657c59bdf62b5c8e6","sha1":"c80a8b2800718928d90ce319826fce17f191e27f","sha256":"fc73fa3c59177493fcc26e500c2f9bd42ffe5b1783dd11692e3820c3d98b9982"},"dob":{"date":"1957-05-28T05:22:00.079Z","age":67},"registered":{"date":"2022-01-07T07:09:42.618Z","age":2},"phone":"(793) 517-3991","cell":"(629) 322-4875","id":{"name":"SSN","value":"830-79-3825"},"picture":{"large":"https://randomuser.me/api/portraits/women/6.jpg","medium":"https://randomuser.me/api/portraits/med/women/6.jpg","thumbnail":"https://randomuser.me/api/portraits/thumb/women/6.jpg"},"nat":"US"}],"info":{"seed":"dc0906477895ccd4","results":1,"page":1,"version":"1.4"}} 
 </msg>
<msg time="2024-08-05T17:14:52.610621" level="INFO">/opt/hostedtoolcache/Python/3.12.4/x64/lib/python3.12/site-packages/urllib3/connectionpool.py:1099: InsecureRequestWarning: Unverified HTTPS request is being made to host 'randomuser.me'. Adding certificate verification is strongly advised. See: https://urllib3.readthedocs.io/en/latest/advanced-usage.html#tls-warnings
  warnings.warn(</msg>
<msg time="2024-08-05T17:14:52.610771" level="INFO">${response} = &lt;Response [200]&gt;</msg>
<var>${response}</var>
<arg>consultarAPI</arg>
<arg>/api</arg>
<doc>Sends a GET request on a previously created HTTP Session.</doc>
<status status="PASS" start="2024-08-05T17:14:48.395984" elapsed="4.214830"/>
</kw>
<kw name="Should Be Equal As Numbers" owner="BuiltIn">
<msg time="2024-08-05T17:14:52.611776" level="INFO">Argument types are:
&lt;class 'int'&gt;
&lt;class 'str'&gt;</msg>
<arg>${response.status_code}</arg>
<arg>200</arg>
<doc>Fails if objects are unequal after converting them to real numbers.</doc>
<status status="PASS" start="2024-08-05T17:14:52.611328" elapsed="0.000510"/>
</kw>
<kw name="Log" owner="BuiltIn">
<msg time="2024-08-05T17:14:52.612483" level="INFO">200</msg>
<arg>${response.status_code}</arg>
<doc>Logs the given message with the given level.</doc>
<status status="PASS" start="2024-08-05T17:14:52.612146" elapsed="0.000378"/>
</kw>
<kw name="Set Variable" owner="BuiltIn">
<msg time="2024-08-05T17:14:52.613247" level="INFO">${json_data} = {'results': [{'gender': 'female', 'name': {'title': 'Miss', 'first': 'Kylie', 'last': 'Green'}, 'location': {'street': {'number': 9166, 'name': 'College St'}, 'city': 'Round Rock', 'state': 'Louisiana...</msg>
<var>${json_data}</var>
<arg>${response.json()}</arg>
<doc>Returns the given values which can then be assigned to a variables.</doc>
<status status="PASS" start="2024-08-05T17:14:52.612822" elapsed="0.000454"/>
</kw>
<kw name="Dictionary Should Contain Key" owner="Collections">
<arg>${json_data}</arg>
<arg>results</arg>
<doc>Fails if ``key`` is not found from ``dictionary``.</doc>
<status status="PASS" start="2024-08-05T17:14:52.613571" elapsed="0.000313"/>
</kw>
<status status="PASS" start="2024-08-05T17:14:48.395742" elapsed="4.218297"/>
</kw>
<doc>Testa se a API responde corretamente e retorna um objeto JSON válido.</doc>
<tag>testeRequisicaoBasica</tag>
<status status="PASS" start="2024-08-05T17:14:48.395241" elapsed="4.218970"/>
</test>
<test id="s1-s1-t3" name="Validar estrutura de resposta" line="22">
<kw name="Teste de Estrutura de Resposta" owner="random-user-service">
<kw name="GET On Session" owner="RequestsLibrary">
<msg time="2024-08-05T17:14:55.793448" level="INFO">GET Request : url=https://randomuser.me/api 
 path_url=/api 
 headers={'User-Agent': 'python-requests/2.32.3', 'Accept-Encoding': 'gzip, deflate', 'Accept': '*/*', 'Connection': 'keep-alive'} 
 body=None 
 </msg>
<msg time="2024-08-05T17:14:55.793542" level="INFO">GET Response : url=https://randomuser.me/api 
 status=200, reason=OK 
 headers={'Date': 'Mon, 05 Aug 2024 17:14:55 GMT', 'Content-Type': 'application/json; charset=utf-8', 'Transfer-Encoding': 'chunked', 'Connection': 'keep-alive', 'X-Powered-By': 'Express', 'Access-Control-Allow-Origin': '*', 'Cache-Control': 'no-cache', 'ETag': 'W/"49d-dzXFr65AznrtVwTrXwcT57HnP4o"', 'Vary': 'Accept-Encoding', 'Content-Encoding': 'gzip', 'CF-Cache-Status': 'DYNAMIC', 'Report-To': '{"endpoints":[{"url":"https:\\/\\/a.nel.cloudflare.com\\/report\\/v4?s=ZQV55MnSVw2LpVvzZRyTHsc0cMyfkYxsOVfZEy%2FEE3EhKkSQzbjNd3Nan%2BLpBfAKt0aMpxyYWGz5%2F0tetyRoZR7vtQCx2NfOR3HdbvnrCRSrvDifBtX%2BJigdkJ%2BgIkPw"}],"group":"cf-nel","max_age":604800}', 'NEL': '{"success_fraction":0,"report_to":"cf-nel","max_age":604800}', 'Server': 'cloudflare', 'CF-RAY': '8ae86d0edea4e247-ORD', 'alt-svc': 'h3=":443"; ma=86400'} 
 body={"results":[{"gender":"male","name":{"title":"Mr","first":"Soham","last":"Fletcher"},"location":{"street":{"number":8126,"name":"Camden Ave"},"city":"Shepparton","state":"Western Australia","country":"Australia","postcode":905,"coordinates":{"latitude":"-81.8069","longitude":"-68.1402"},"timezone":{"offset":"0:00","description":"Western Europe Time, London, Lisbon, Casablanca"}},"email":"soham.fletcher@example.com","login":{"uuid":"e47d1ce1-e67f-4b31-a073-4b8c8f714a4a","username":"heavyduck350","password":"1975","salt":"6AC0SpeA","md5":"d5d9bf1c8744f30d826bc41de008441d","sha1":"c9a399bbbc3c953dedef09fc707ca940b80a1362","sha256":"c2b332647e024a7f67a3e192e913111d2555a1740a93cca47701f908d4f138aa"},"dob":{"date":"1986-11-17T23:57:23.963Z","age":37},"registered":{"date":"2012-09-29T01:17:43.284Z","age":11},"phone":"05-9412-6266","cell":"0443-418-459","id":{"name":"TFN","value":"817776967"},"picture":{"large":"https://randomuser.me/api/portraits/men/77.jpg","medium":"https://randomuser.me/api/portraits/med/men/77.jpg","thumbnail":"https://randomuser.me/api/portraits/thumb/men/77.jpg"},"nat":"AU"}],"info":{"seed":"732fc24a861f6ddb","results":1,"page":1,"version":"1.4"}} 
 </msg>
<msg time="2024-08-05T17:14:55.793673" level="INFO">/opt/hostedtoolcache/Python/3.12.4/x64/lib/python3.12/site-packages/urllib3/connectionpool.py:1099: InsecureRequestWarning: Unverified HTTPS request is being made to host 'randomuser.me'. Adding certificate verification is strongly advised. See: https://urllib3.readthedocs.io/en/latest/advanced-usage.html#tls-warnings
  warnings.warn(</msg>
<msg time="2024-08-05T17:14:55.793802" level="INFO">${response} = &lt;Response [200]&gt;</msg>
<var>${response}</var>
<arg>consultarAPI</arg>
<arg>/api</arg>
<doc>Sends a GET request on a previously created HTTP Session.</doc>
<status status="PASS" start="2024-08-05T17:14:52.616807" elapsed="3.177046"/>
</kw>
<kw name="Set Variable" owner="BuiltIn">
<msg time="2024-08-05T17:14:55.794748" level="INFO">${json_data} = {'results': [{'gender': 'male', 'name': {'title': 'Mr', 'first': 'Soham', 'last': 'Fletcher'}, 'location': {'street': {'number': 8126, 'name': 'Camden Ave'}, 'city': 'Shepparton', 'state': 'Western Au...</msg>
<var>${json_data}</var>
<arg>${response.json()}</arg>
<doc>Returns the given values which can then be assigned to a variables.</doc>
<status status="PASS" start="2024-08-05T17:14:55.794288" elapsed="0.000487"/>
</kw>
<kw name="Log" owner="BuiltIn">
<msg time="2024-08-05T17:14:55.795270" level="INFO">{'results': [{'gender': 'male', 'name': {'title': 'Mr', 'first': 'Soham', 'last': 'Fletcher'}, 'location': {'street': {'number': 8126, 'name': 'Camden Ave'}, 'city': 'Shepparton', 'state': 'Western Australia', 'country': 'Australia', 'postcode': 905, 'coordinates': {'latitude': '-81.8069', 'longitude': '-68.1402'}, 'timezone': {'offset': '0:00', 'description': 'Western Europe Time, London, Lisbon, Casablanca'}}, 'email': 'soham.fletcher@example.com', 'login': {'uuid': 'e47d1ce1-e67f-4b31-a073-4b8c8f714a4a', 'username': 'heavyduck350', 'password': '1975', 'salt': '6AC0SpeA', 'md5': 'd5d9bf1c8744f30d826bc41de008441d', 'sha1': 'c9a399bbbc3c953dedef09fc707ca940b80a1362', 'sha256': 'c2b332647e024a7f67a3e192e913111d2555a1740a93cca47701f908d4f138aa'}, 'dob': {'date': '1986-11-17T23:57:23.963Z', 'age': 37}, 'registered': {'date': '2012-09-29T01:17:43.284Z', 'age': 11}, 'phone': '05-9412-6266', 'cell': '0443-418-459', 'id': {'name': 'TFN', 'value': '817776967'}, 'picture': {'large': 'https://randomuser.me/api/portraits/men/77.jpg', 'medium': 'https://randomuser.me/api/portraits/med/men/77.jpg', 'thumbnail': 'https://randomuser.me/api/portraits/thumb/men/77.jpg'}, 'nat': 'AU'}], 'info': {'seed': '732fc24a861f6ddb', 'results': 1, 'page': 1, 'version': '1.4'}}</msg>
<arg>${json_data}</arg>
<doc>Logs the given message with the given level.</doc>
<status status="PASS" start="2024-08-05T17:14:55.795107" elapsed="0.000208"/>
</kw>
<kw name="Dictionary Should Contain Key" owner="Collections">
<arg>${json_data}</arg>
<arg>results</arg>
<doc>Fails if ``key`` is not found from ``dictionary``.</doc>
<status status="PASS" start="2024-08-05T17:14:55.795605" elapsed="0.000161"/>
</kw>
<kw name="Should Not Be Empty" owner="BuiltIn">
<msg time="2024-08-05T17:14:55.796073" level="INFO">Length is 2.</msg>
<arg>${json_data}</arg>
<doc>Verifies that the given item is not empty.</doc>
<status status="PASS" start="2024-08-05T17:14:55.795948" elapsed="0.000162"/>
</kw>
<kw name="Create List" owner="BuiltIn">
<msg time="2024-08-05T17:14:55.796540" level="INFO">${expected_keys} = ['gender', 'name', 'location', 'email', 'login']</msg>
<var>${expected_keys}</var>
<arg>gender</arg>
<arg>name</arg>
<arg>location</arg>
<arg>email</arg>
<arg>login</arg>
<doc>Returns a list containing given items.</doc>
<status status="PASS" start="2024-08-05T17:14:55.796394" elapsed="0.000169"/>
</kw>
<for flavor="IN">
<iter>
<kw name="Dictionary Should Contain Key" owner="Collections">
<arg>${json_data['results'][0]}</arg>
<arg>${key}</arg>
<doc>Fails if ``key`` is not found from ``dictionary``.</doc>
<status status="PASS" start="2024-08-05T17:14:55.797135" elapsed="0.000398"/>
</kw>
<kw name="Log" owner="BuiltIn">
<msg time="2024-08-05T17:14:55.798074" level="INFO">{'gender': 'male', 'name': {'title': 'Mr', 'first': 'Soham', 'last': 'Fletcher'}, 'location': {'street': {'number': 8126, 'name': 'Camden Ave'}, 'city': 'Shepparton', 'state': 'Western Australia', 'country': 'Australia', 'postcode': 905, 'coordinates': {'latitude': '-81.8069', 'longitude': '-68.1402'}, 'timezone': {'offset': '0:00', 'description': 'Western Europe Time, London, Lisbon, Casablanca'}}, 'email': 'soham.fletcher@example.com', 'login': {'uuid': 'e47d1ce1-e67f-4b31-a073-4b8c8f714a4a', 'username': 'heavyduck350', 'password': '1975', 'salt': '6AC0SpeA', 'md5': 'd5d9bf1c8744f30d826bc41de008441d', 'sha1': 'c9a399bbbc3c953dedef09fc707ca940b80a1362', 'sha256': 'c2b332647e024a7f67a3e192e913111d2555a1740a93cca47701f908d4f138aa'}, 'dob': {'date': '1986-11-17T23:57:23.963Z', 'age': 37}, 'registered': {'date': '2012-09-29T01:17:43.284Z', 'age': 11}, 'phone': '05-9412-6266', 'cell': '0443-418-459', 'id': {'name': 'TFN', 'value': '817776967'}, 'picture': {'large': 'https://randomuser.me/api/portraits/men/77.jpg', 'medium': 'https://randomuser.me/api/portraits/med/men/77.jpg', 'thumbnail': 'https://randomuser.me/api/portraits/thumb/men/77.jpg'}, 'nat': 'AU'}</msg>
<arg>${json_data['results'][0]}</arg>
<doc>Logs the given message with the given level.</doc>
<status status="PASS" start="2024-08-05T17:14:55.797721" elapsed="0.000401"/>
</kw>
<kw name="Log" owner="BuiltIn">
<msg time="2024-08-05T17:14:55.798548" level="INFO">gender</msg>
<arg>${key}</arg>
<doc>Logs the given message with the given level.</doc>
<status status="PASS" start="2024-08-05T17:14:55.798421" elapsed="0.000164"/>
</kw>
<var name="${key}">gender</var>
<status status="PASS" start="2024-08-05T17:14:55.797002" elapsed="0.001800"/>
</iter>
<iter>
<kw name="Dictionary Should Contain Key" owner="Collections">
<arg>${json_data['results'][0]}</arg>
<arg>${key}</arg>
<doc>Fails if ``key`` is not found from ``dictionary``.</doc>
<status status="PASS" start="2024-08-05T17:14:55.799129" elapsed="0.000404"/>
</kw>
<kw name="Log" owner="BuiltIn">
<msg time="2024-08-05T17:14:55.800107" level="INFO">{'gender': 'male', 'name': {'title': 'Mr', 'first': 'Soham', 'last': 'Fletcher'}, 'location': {'street': {'number': 8126, 'name': 'Camden Ave'}, 'city': 'Shepparton', 'state': 'Western Australia', 'country': 'Australia', 'postcode': 905, 'coordinates': {'latitude': '-81.8069', 'longitude': '-68.1402'}, 'timezone': {'offset': '0:00', 'description': 'Western Europe Time, London, Lisbon, Casablanca'}}, 'email': 'soham.fletcher@example.com', 'login': {'uuid': 'e47d1ce1-e67f-4b31-a073-4b8c8f714a4a', 'username': 'heavyduck350', 'password': '1975', 'salt': '6AC0SpeA', 'md5': 'd5d9bf1c8744f30d826bc41de008441d', 'sha1': 'c9a399bbbc3c953dedef09fc707ca940b80a1362', 'sha256': 'c2b332647e024a7f67a3e192e913111d2555a1740a93cca47701f908d4f138aa'}, 'dob': {'date': '1986-11-17T23:57:23.963Z', 'age': 37}, 'registered': {'date': '2012-09-29T01:17:43.284Z', 'age': 11}, 'phone': '05-9412-6266', 'cell': '0443-418-459', 'id': {'name': 'TFN', 'value': '817776967'}, 'picture': {'large': 'https://randomuser.me/api/portraits/men/77.jpg', 'medium': 'https://randomuser.me/api/portraits/med/men/77.jpg', 'thumbnail': 'https://randomuser.me/api/portraits/thumb/men/77.jpg'}, 'nat': 'AU'}</msg>
<arg>${json_data['results'][0]}</arg>
<doc>Logs the given message with the given level.</doc>
<status status="PASS" start="2024-08-05T17:14:55.799716" elapsed="0.000439"/>
</kw>
<kw name="Log" owner="BuiltIn">
<msg time="2024-08-05T17:14:55.800579" level="INFO">name</msg>
<arg>${key}</arg>
<doc>Logs the given message with the given level.</doc>
<status status="PASS" start="2024-08-05T17:14:55.800450" elapsed="0.000166"/>
</kw>
<var name="${key}">name</var>
<status status="PASS" start="2024-08-05T17:14:55.798985" elapsed="0.001846"/>
</iter>
<iter>
<kw name="Dictionary Should Contain Key" owner="Collections">
<arg>${json_data['results'][0]}</arg>
<arg>${key}</arg>
<doc>Fails if ``key`` is not found from ``dictionary``.</doc>
<status status="PASS" start="2024-08-05T17:14:55.801116" elapsed="0.000379"/>
</kw>
<kw name="Log" owner="BuiltIn">
<msg time="2024-08-05T17:14:55.802024" level="INFO">{'gender': 'male', 'name': {'title': 'Mr', 'first': 'Soham', 'last': 'Fletcher'}, 'location': {'street': {'number': 8126, 'name': 'Camden Ave'}, 'city': 'Shepparton', 'state': 'Western Australia', 'country': 'Australia', 'postcode': 905, 'coordinates': {'latitude': '-81.8069', 'longitude': '-68.1402'}, 'timezone': {'offset': '0:00', 'description': 'Western Europe Time, London, Lisbon, Casablanca'}}, 'email': 'soham.fletcher@example.com', 'login': {'uuid': 'e47d1ce1-e67f-4b31-a073-4b8c8f714a4a', 'username': 'heavyduck350', 'password': '1975', 'salt': '6AC0SpeA', 'md5': 'd5d9bf1c8744f30d826bc41de008441d', 'sha1': 'c9a399bbbc3c953dedef09fc707ca940b80a1362', 'sha256': 'c2b332647e024a7f67a3e192e913111d2555a1740a93cca47701f908d4f138aa'}, 'dob': {'date': '1986-11-17T23:57:23.963Z', 'age': 37}, 'registered': {'date': '2012-09-29T01:17:43.284Z', 'age': 11}, 'phone': '05-9412-6266', 'cell': '0443-418-459', 'id': {'name': 'TFN', 'value': '817776967'}, 'picture': {'large': 'https://randomuser.me/api/portraits/men/77.jpg', 'medium': 'https://randomuser.me/api/portraits/med/men/77.jpg', 'thumbnail': 'https://randomuser.me/api/portraits/thumb/men/77.jpg'}, 'nat': 'AU'}</msg>
<arg>${json_data['results'][0]}</arg>
<doc>Logs the given message with the given level.</doc>
<status status="PASS" start="2024-08-05T17:14:55.801679" elapsed="0.000393"/>
</kw>
<kw name="Log" owner="BuiltIn">
<msg time="2024-08-05T17:14:55.802498" level="INFO">location</msg>
<arg>${key}</arg>
<doc>Logs the given message with the given level.</doc>
<status status="PASS" start="2024-08-05T17:14:55.802369" elapsed="0.000166"/>
</kw>
<var name="${key}">location</var>
<status status="PASS" start="2024-08-05T17:14:55.801008" elapsed="0.001750"/>
</iter>
<iter>
<kw name="Dictionary Should Contain Key" owner="Collections">
<arg>${json_data['results'][0]}</arg>
<arg>${key}</arg>
<doc>Fails if ``key`` is not found from ``dictionary``.</doc>
<status status="PASS" start="2024-08-05T17:14:55.803057" elapsed="0.000392"/>
</kw>
<kw name="Log" owner="BuiltIn">
<msg time="2024-08-05T17:14:55.804100" level="INFO">{'gender': 'male', 'name': {'title': 'Mr', 'first': 'Soham', 'last': 'Fletcher'}, 'location': {'street': {'number': 8126, 'name': 'Camden Ave'}, 'city': 'Shepparton', 'state': 'Western Australia', 'country': 'Australia', 'postcode': 905, 'coordinates': {'latitude': '-81.8069', 'longitude': '-68.1402'}, 'timezone': {'offset': '0:00', 'description': 'Western Europe Time, London, Lisbon, Casablanca'}}, 'email': 'soham.fletcher@example.com', 'login': {'uuid': 'e47d1ce1-e67f-4b31-a073-4b8c8f714a4a', 'username': 'heavyduck350', 'password': '1975', 'salt': '6AC0SpeA', 'md5': 'd5d9bf1c8744f30d826bc41de008441d', 'sha1': 'c9a399bbbc3c953dedef09fc707ca940b80a1362', 'sha256': 'c2b332647e024a7f67a3e192e913111d2555a1740a93cca47701f908d4f138aa'}, 'dob': {'date': '1986-11-17T23:57:23.963Z', 'age': 37}, 'registered': {'date': '2012-09-29T01:17:43.284Z', 'age': 11}, 'phone': '05-9412-6266', 'cell': '0443-418-459', 'id': {'name': 'TFN', 'value': '817776967'}, 'picture': {'large': 'https://randomuser.me/api/portraits/men/77.jpg', 'medium': 'https://randomuser.me/api/portraits/med/men/77.jpg', 'thumbnail': 'https://randomuser.me/api/portraits/thumb/men/77.jpg'}, 'nat': 'AU'}</msg>
<arg>${json_data['results'][0]}</arg>
<doc>Logs the given message with the given level.</doc>
<status status="PASS" start="2024-08-05T17:14:55.803738" elapsed="0.000419"/>
</kw>
<kw name="Log" owner="BuiltIn">
<msg time="2024-08-05T17:14:55.804584" level="INFO">email</msg>
<arg>${key}</arg>
<doc>Logs the given message with the given level.</doc>
<status status="PASS" start="2024-08-05T17:14:55.804455" elapsed="0.000167"/>
</kw>
<var name="${key}">email</var>
<status status="PASS" start="2024-08-05T17:14:55.802931" elapsed="0.001907"/>
</iter>
<iter>
<kw name="Dictionary Should Contain Key" owner="Collections">
<arg>${json_data['results'][0]}</arg>
<arg>${key}</arg>
<doc>Fails if ``key`` is not found from ``dictionary``.</doc>
<status status="PASS" start="2024-08-05T17:14:55.805118" elapsed="0.000376"/>
</kw>
<kw name="Log" owner="BuiltIn">
<msg time="2024-08-05T17:14:55.806021" level="INFO">{'gender': 'male', 'name': {'title': 'Mr', 'first': 'Soham', 'last': 'Fletcher'}, 'location': {'street': {'number': 8126, 'name': 'Camden Ave'}, 'city': 'Shepparton', 'state': 'Western Australia', 'country': 'Australia', 'postcode': 905, 'coordinates': {'latitude': '-81.8069', 'longitude': '-68.1402'}, 'timezone': {'offset': '0:00', 'description': 'Western Europe Time, London, Lisbon, Casablanca'}}, 'email': 'soham.fletcher@example.com', 'login': {'uuid': 'e47d1ce1-e67f-4b31-a073-4b8c8f714a4a', 'username': 'heavyduck350', 'password': '1975', 'salt': '6AC0SpeA', 'md5': 'd5d9bf1c8744f30d826bc41de008441d', 'sha1': 'c9a399bbbc3c953dedef09fc707ca940b80a1362', 'sha256': 'c2b332647e024a7f67a3e192e913111d2555a1740a93cca47701f908d4f138aa'}, 'dob': {'date': '1986-11-17T23:57:23.963Z', 'age': 37}, 'registered': {'date': '2012-09-29T01:17:43.284Z', 'age': 11}, 'phone': '05-9412-6266', 'cell': '0443-418-459', 'id': {'name': 'TFN', 'value': '817776967'}, 'picture': {'large': 'https://randomuser.me/api/portraits/men/77.jpg', 'medium': 'https://randomuser.me/api/portraits/med/men/77.jpg', 'thumbnail': 'https://randomuser.me/api/portraits/thumb/men/77.jpg'}, 'nat': 'AU'}</msg>
<arg>${json_data['results'][0]}</arg>
<doc>Logs the given message with the given level.</doc>
<status status="PASS" start="2024-08-05T17:14:55.805675" elapsed="0.000393"/>
</kw>
<kw name="Log" owner="BuiltIn">
<msg time="2024-08-05T17:14:55.806485" level="INFO">login</msg>
<arg>${key}</arg>
<doc>Logs the given message with the given level.</doc>
<status status="PASS" start="2024-08-05T17:14:55.806356" elapsed="0.000166"/>
</kw>
<var name="${key}">login</var>
<status status="PASS" start="2024-08-05T17:14:55.805010" elapsed="0.001726"/>
</iter>
<var>${key}</var>
<value>@{expected_keys}</value>
<status status="PASS" start="2024-08-05T17:14:55.796822" elapsed="0.010033"/>
</for>
<kw name="Create List" owner="BuiltIn">
<msg time="2024-08-05T17:14:55.807240" level="INFO">${expected_keysTwo} = ['username', 'password']</msg>
<var>${expected_keysTwo}</var>
<arg>username</arg>
<arg>password</arg>
<doc>Returns a list containing given items.</doc>
<status status="PASS" start="2024-08-05T17:14:55.807092" elapsed="0.000172"/>
</kw>
<for flavor="IN">
<iter>
<kw name="Dictionary Should Contain Key" owner="Collections">
<arg>${json_data['results'][0]['login']}</arg>
<arg>${keyTwo}</arg>
<doc>Fails if ``key`` is not found from ``dictionary``.</doc>
<status status="PASS" start="2024-08-05T17:14:55.807758" elapsed="0.000386"/>
</kw>
<kw name="Dictionary Should Contain Key" owner="Collections">
<arg>${json_data['results'][0]['login']}</arg>
<arg>${keyTwo}</arg>
<doc>Fails if ``key`` is not found from ``dictionary``.</doc>
<status status="PASS" start="2024-08-05T17:14:55.808324" elapsed="0.000383"/>
</kw>
<kw name="Log" owner="BuiltIn">
<msg time="2024-08-05T17:14:55.809005" level="INFO">username</msg>
<arg>${keyTwo}</arg>
<doc>Logs the given message with the given level.</doc>
<status status="PASS" start="2024-08-05T17:14:55.808885" elapsed="0.000157"/>
</kw>
<var name="${keyTwo}">username</var>
<status status="PASS" start="2024-08-05T17:14:55.807650" elapsed="0.001611"/>
</iter>
<iter>
<kw name="Dictionary Should Contain Key" owner="Collections">
<arg>${json_data['results'][0]['login']}</arg>
<arg>${keyTwo}</arg>
<doc>Fails if ``key`` is not found from ``dictionary``.</doc>
<status status="PASS" start="2024-08-05T17:14:55.809540" elapsed="0.000385"/>
</kw>
<kw name="Dictionary Should Contain Key" owner="Collections">
<arg>${json_data['results'][0]['login']}</arg>
<arg>${keyTwo}</arg>
<doc>Fails if ``key`` is not found from ``dictionary``.</doc>
<status status="PASS" start="2024-08-05T17:14:55.810105" elapsed="0.000368"/>
</kw>
<kw name="Log" owner="BuiltIn">
<msg time="2024-08-05T17:14:55.810764" level="INFO">password</msg>
<arg>${keyTwo}</arg>
<doc>Logs the given message with the given level.</doc>
<status status="PASS" start="2024-08-05T17:14:55.810646" elapsed="0.000154"/>
</kw>
<var name="${keyTwo}">password</var>
<status status="PASS" start="2024-08-05T17:14:55.809434" elapsed="0.001588"/>
</iter>
<var>${keyTwo}</var>
<value>@{expected_keysTwo}</value>
<status status="PASS" start="2024-08-05T17:14:55.807499" elapsed="0.003675"/>
</for>
<status status="PASS" start="2024-08-05T17:14:52.616573" elapsed="3.194740"/>
</kw>
<doc>Testa a estrutura da resposta da API.</doc>
<tag>testeEstruturaResposta</tag>
<status status="PASS" start="2024-08-05T17:14:52.616070" elapsed="3.195393"/>
</test>
<test id="s1-s1-t4" name="Validar tipos de dados" line="28">
<kw name="Teste de Tipos de Dados" owner="random-user-service">
<kw name="GET On Session" owner="RequestsLibrary">
<msg time="2024-08-05T17:14:59.558978" level="INFO">GET Request : url=https://randomuser.me/api 
 path_url=/api 
 headers={'User-Agent': 'python-requests/2.32.3', 'Accept-Encoding': 'gzip, deflate', 'Accept': '*/*', 'Connection': 'keep-alive'} 
 body=None 
 </msg>
<msg time="2024-08-05T17:14:59.559093" level="INFO">GET Response : url=https://randomuser.me/api 
 status=200, reason=OK 
 headers={'Date': 'Mon, 05 Aug 2024 17:14:59 GMT', 'Content-Type': 'application/json; charset=utf-8', 'Transfer-Encoding': 'chunked', 'Connection': 'keep-alive', 'X-Powered-By': 'Express', 'Access-Control-Allow-Origin': '*', 'Cache-Control': 'no-cache', 'ETag': 'W/"48c-4h9TUViS6eVju2sexNSmL8wNNpQ"', 'Vary': 'Accept-Encoding', 'Content-Encoding': 'gzip', 'CF-Cache-Status': 'DYNAMIC', 'Report-To': '{"endpoints":[{"url":"https:\\/\\/a.nel.cloudflare.com\\/report\\/v4?s=lyJAVIEIHxvBLK3mM35mH%2BhKr%2BYlRI2myE%2BS3H%2BlPFP88YhiUN%2BaXyYPbsZAU%2BKjp4XEc3WgyIbuQkQ66NVsj%2FvKH7c1RpETRXiQ%2FKIV%2BpK4p2kz4VZTTnmhhG8yyuy4"}],"group":"cf-nel","max_age":604800}', 'NEL': '{"success_fraction":0,"report_to":"cf-nel","max_age":604800}', 'Server': 'cloudflare', 'CF-RAY': '8ae86d22de16e247-ORD', 'alt-svc': 'h3=":443"; ma=86400'} 
 body={"results":[{"gender":"male","name":{"title":"Mr","first":"Gilberto","last":"Arce"},"location":{"street":{"number":8004,"name":"Corredor Carreón"},"city":"Tihuatlán","state":"Guanajuato","country":"Mexico","postcode":29684,"coordinates":{"latitude":"24.6876","longitude":"-18.0148"},"timezone":{"offset":"-12:00","description":"Eniwetok, Kwajalein"}},"email":"gilberto.arce@example.com","login":{"uuid":"500c8e53-297a-45dc-8280-a17253b0a492","username":"orangebear680","password":"blazer","salt":"iLEOw2WW","md5":"519d0cdd2036d558bf3e7012fa89f473","sha1":"4cc578fa715442c6e4d2e3239f83b80815d3b6f2","sha256":"e10bd0bd0a2997178adcdecf4253bc054f58832f1165f79f73db4a3b3656e642"},"dob":{"date":"1948-10-30T05:59:08.973Z","age":75},"registered":{"date":"2012-03-09T17:31:39.248Z","age":12},"phone":"(632) 606 2512","cell":"(672) 713 1349","id":{"name":"NSS","value":"24 31 03 6747 6"},"picture":{"large":"https://randomuser.me/api/portraits/men/18.jpg","medium":"https://randomuser.me/api/portraits/med/men/18.jpg","thumbnail":"https://randomuser.me/api/portraits/thumb/men/18.jpg"},"nat":"MX"}],"info":{"seed":"f3813a60cfed5736","results":1,"page":1,"version":"1.4"}} 
 </msg>
<msg time="2024-08-05T17:14:59.559163" level="INFO">/opt/hostedtoolcache/Python/3.12.4/x64/lib/python3.12/site-packages/urllib3/connectionpool.py:1099: InsecureRequestWarning: Unverified HTTPS request is being made to host 'randomuser.me'. Adding certificate verification is strongly advised. See: https://urllib3.readthedocs.io/en/latest/advanced-usage.html#tls-warnings
  warnings.warn(</msg>
<msg time="2024-08-05T17:14:59.559266" level="INFO">${response} = &lt;Response [200]&gt;</msg>
<var>${response}</var>
<arg>consultarAPI</arg>
<arg>/api</arg>
<doc>Sends a GET request on a previously created HTTP Session.</doc>
<status status="PASS" start="2024-08-05T17:14:55.813867" elapsed="3.745438"/>
</kw>
<kw name="Set Variable" owner="BuiltIn">
<msg time="2024-08-05T17:14:59.560461" level="INFO">${json_data} = {'results': [{'gender': 'male', 'name': {'title': 'Mr', 'first': 'Gilberto', 'last': 'Arce'}, 'location': {'street': {'number': 8004, 'name': 'Corredor Carreón'}, 'city': 'Tihuatlán', 'state': 'Guanaj...</msg>
<var>${json_data}</var>
<arg>${response.json()}</arg>
<doc>Returns the given values which can then be assigned to a variables.</doc>
<status status="PASS" start="2024-08-05T17:14:59.559836" elapsed="0.000654"/>
</kw>
<kw name="Log" owner="BuiltIn">
<msg time="2024-08-05T17:14:59.560951" level="INFO">{'results': [{'gender': 'male', 'name': {'title': 'Mr', 'first': 'Gilberto', 'last': 'Arce'}, 'location': {'street': {'number': 8004, 'name': 'Corredor Carreón'}, 'city': 'Tihuatlán', 'state': 'Guanajuato', 'country': 'Mexico', 'postcode': 29684, 'coordinates': {'latitude': '24.6876', 'longitude': '-18.0148'}, 'timezone': {'offset': '-12:00', 'description': 'Eniwetok, Kwajalein'}}, 'email': 'gilberto.arce@example.com', 'login': {'uuid': '500c8e53-297a-45dc-8280-a17253b0a492', 'username': 'orangebear680', 'password': 'blazer', 'salt': 'iLEOw2WW', 'md5': '519d0cdd2036d558bf3e7012fa89f473', 'sha1': '4cc578fa715442c6e4d2e3239f83b80815d3b6f2', 'sha256': 'e10bd0bd0a2997178adcdecf4253bc054f58832f1165f79f73db4a3b3656e642'}, 'dob': {'date': '1948-10-30T05:59:08.973Z', 'age': 75}, 'registered': {'date': '2012-03-09T17:31:39.248Z', 'age': 12}, 'phone': '(632) 606 2512', 'cell': '(672) 713 1349', 'id': {'name': 'NSS', 'value': '24 31 03 6747 6'}, 'picture': {'large': 'https://randomuser.me/api/portraits/men/18.jpg', 'medium': 'https://randomuser.me/api/portraits/med/men/18.jpg', 'thumbnail': 'https://randomuser.me/api/portraits/thumb/men/18.jpg'}, 'nat': 'MX'}], 'info': {'seed': 'f3813a60cfed5736', 'results': 1, 'page': 1, 'version': '1.4'}}</msg>
<arg>${json_data}</arg>
<doc>Logs the given message with the given level.</doc>
<status status="PASS" start="2024-08-05T17:14:59.560795" elapsed="0.000205"/>
</kw>
<kw name="Should Be String" owner="String">
<arg>${json_data['results'][0]['gender']}</arg>
<doc>Fails if the given ``item`` is not a string.</doc>
<status status="PASS" start="2024-08-05T17:14:59.561294" elapsed="0.000350"/>
</kw>
<kw name="Should Match Regexp" owner="BuiltIn">
<arg>${json_data['results'][0]['email']}</arg>
<arg>^[a-zA-Z0-9._%+-]+@[a-zA-Z0-9.-]+\.[a-zA-Z]{2,}$</arg>
<doc>Fails if ``string`` does not match ``pattern`` as a regular expression.</doc>
<status status="PASS" start="2024-08-05T17:14:59.561872" elapsed="0.000538"/>
</kw>
<kw name="Should Match Regexp" owner="BuiltIn">
<arg>${json_data['results'][0]['dob']['date']}</arg>
<arg>\\d{4}-\\d{2}-\\d{2}T\\d{2}:\\d{2}:\\d{2}\\.\\d{3}Z</arg>
<doc>Fails if ``string`` does not match ``pattern`` as a regular expression.</doc>
<status status="PASS" start="2024-08-05T17:14:59.562615" elapsed="0.000652"/>
</kw>
<kw name="Should Match Regexp" owner="BuiltIn">
<arg>${json_data['results'][0]['registered']['date']}</arg>
<arg>\\d{4}-\\d{2}-\\d{2}T\\d{2}:\\d{2}:\\d{2}\\.\\d{3}Z</arg>
<doc>Fails if ``string`` does not match ``pattern`` as a regular expression.</doc>
<status status="PASS" start="2024-08-05T17:14:59.563468" elapsed="0.000376"/>
</kw>
<kw name="Should Match Regexp" owner="BuiltIn">
<arg>${json_data['results'][0]['picture']['large']}</arg>
<arg>^https?://.*\.(?:png|jpe?g|gif|bmp)$</arg>
<doc>Fails if ``string`` does not match ``pattern`` as a regular expression.</doc>
<status status="PASS" start="2024-08-05T17:14:59.564031" elapsed="0.000463"/>
</kw>
<kw name="Should Match Regexp" owner="BuiltIn">
<arg>${json_data['results'][0]['picture']['medium']}</arg>
<arg>^https?://.*\.(?:png|jpe?g|gif|bmp)$</arg>
<doc>Fails if ``string`` does not match ``pattern`` as a regular expression.</doc>
<status status="PASS" start="2024-08-05T17:14:59.564683" elapsed="0.000365"/>
</kw>
<kw name="Should Match Regexp" owner="BuiltIn">
<arg>${json_data['results'][0]['picture']['thumbnail']}</arg>
<arg>^https?://.*\.(?:png|jpe?g|gif|bmp)$</arg>
<doc>Fails if ``string`` does not match ``pattern`` as a regular expression.</doc>
<status status="PASS" start="2024-08-05T17:14:59.565232" elapsed="0.000345"/>
</kw>
<kw name="Log" owner="BuiltIn">
<msg time="2024-08-05T17:14:59.566085" level="INFO">{'large': 'https://randomuser.me/api/portraits/men/18.jpg', 'medium': 'https://randomuser.me/api/portraits/med/men/18.jpg', 'thumbnail': 'https://randomuser.me/api/portraits/thumb/men/18.jpg'}</msg>
<arg>${json_data['results'][0]['picture']}</arg>
<doc>Logs the given message with the given level.</doc>
<status status="PASS" start="2024-08-05T17:14:59.565762" elapsed="0.000363"/>
</kw>
<status status="PASS" start="2024-08-05T17:14:55.813642" elapsed="3.752738"/>
</kw>
<kw name="Teste de Tipos de Dados - Postcode" owner="random-user-service">
<kw name="GET On Session" owner="RequestsLibrary">
<msg time="2024-08-05T17:15:06.310920" level="INFO">GET Request : url=https://randomuser.me/api 
 path_url=/api 
 headers={'User-Agent': 'python-requests/2.32.3', 'Accept-Encoding': 'gzip, deflate', 'Accept': '*/*', 'Connection': 'keep-alive'} 
 body=None 
 </msg>
<msg time="2024-08-05T17:15:06.311001" level="INFO">GET Response : url=https://randomuser.me/api 
 status=200, reason=OK 
 headers={'Date': 'Mon, 05 Aug 2024 17:15:06 GMT', 'Content-Type': 'application/json; charset=utf-8', 'Transfer-Encoding': 'chunked', 'Connection': 'keep-alive', 'X-Powered-By': 'Express', 'Access-Control-Allow-Origin': '*', 'Cache-Control': 'no-cache', 'ETag': 'W/"48e-dt5bokAz+G90fuR/ZtM9bymn4Fs"', 'Vary': 'Accept-Encoding', 'Content-Encoding': 'gzip', 'CF-Cache-Status': 'DYNAMIC', 'Report-To': '{"endpoints":[{"url":"https:\\/\\/a.nel.cloudflare.com\\/report\\/v4?s=km790hTxJsTkB7cayLWKD2bu%2FymxHaT%2FzR5lHWQtrOrCR90lx3BviUc%2BAZGxh2rrKxGTtUrjxIVBW9AgeOkTGJnpA79UVxMI%2BZXKl6b3rb0N4qdap19TgQ4txul8m0xz"}],"group":"cf-nel","max_age":604800}', 'NEL': '{"success_fraction":0,"report_to":"cf-nel","max_age":604800}', 'Server': 'cloudflare', 'CF-RAY': '8ae86d3a4aa4e247-ORD', 'alt-svc': 'h3=":443"; ma=86400'} 
 body={"results":[{"gender":"male","name":{"title":"Mr","first":"Ryan","last":"Robert"},"location":{"street":{"number":5655,"name":"Place de L'Europe"},"city":"Villeurbanne","state":"Guadeloupe","country":"France","postcode":61870,"coordinates":{"latitude":"-15.9574","longitude":"-121.1568"},"timezone":{"offset":"-11:00","description":"Midway Island, Samoa"}},"email":"ryan.robert@example.com","login":{"uuid":"dd093f59-e6dc-4337-9d84-4c864ab971ec","username":"lazyfish355","password":"stimpy","salt":"6x2YopCw","md5":"c2fe0be7bc580b61c6dac935aa6ded84","sha1":"186ef85493c16e23bfbadb9a9e8c86e375e7ec73","sha256":"ce40c43f943509017278e205337a80e804a0562664f8c9ae6b244727db80be76"},"dob":{"date":"1987-12-16T07:23:56.771Z","age":36},"registered":{"date":"2013-06-30T00:19:17.026Z","age":11},"phone":"02-67-54-09-70","cell":"06-46-45-16-29","id":{"name":"INSEE","value":"1871126201367 16"},"picture":{"large":"https://randomuser.me/api/portraits/men/40.jpg","medium":"https://randomuser.me/api/portraits/med/men/40.jpg","thumbnail":"https://randomuser.me/api/portraits/thumb/men/40.jpg"},"nat":"FR"}],"info":{"seed":"768cdfbf431ddeb7","results":1,"page":1,"version":"1.4"}} 
 </msg>
<msg time="2024-08-05T17:15:06.311098" level="INFO">/opt/hostedtoolcache/Python/3.12.4/x64/lib/python3.12/site-packages/urllib3/connectionpool.py:1099: InsecureRequestWarning: Unverified HTTPS request is being made to host 'randomuser.me'. Adding certificate verification is strongly advised. See: https://urllib3.readthedocs.io/en/latest/advanced-usage.html#tls-warnings
  warnings.warn(</msg>
<msg time="2024-08-05T17:15:06.311206" level="INFO">${response} = &lt;Response [200]&gt;</msg>
<var>${response}</var>
<arg>consultarAPI</arg>
<arg>/api</arg>
<doc>Sends a GET request on a previously created HTTP Session.</doc>
<status status="PASS" start="2024-08-05T17:14:59.566878" elapsed="6.744365"/>
</kw>
<kw name="Set Variable" owner="BuiltIn">
<msg time="2024-08-05T17:15:06.312165" level="INFO">${json_data} = {'results': [{'gender': 'male', 'name': {'title': 'Mr', 'first': 'Ryan', 'last': 'Robert'}, 'location': {'street': {'number': 5655, 'name': "Place de L'Europe"}, 'city': 'Villeurbanne', 'state': 'Guad...</msg>
<var>${json_data}</var>
<arg>${response.json()}</arg>
<doc>Returns the given values which can then be assigned to a variables.</doc>
<status status="PASS" start="2024-08-05T17:15:06.311681" elapsed="0.000512"/>
</kw>
<kw name="Log" owner="BuiltIn">
<msg time="2024-08-05T17:15:06.312639" level="INFO">{'results': [{'gender': 'male', 'name': {'title': 'Mr', 'first': 'Ryan', 'last': 'Robert'}, 'location': {'street': {'number': 5655, 'name': "Place de L'Europe"}, 'city': 'Villeurbanne', 'state': 'Guadeloupe', 'country': 'France', 'postcode': 61870, 'coordinates': {'latitude': '-15.9574', 'longitude': '-121.1568'}, 'timezone': {'offset': '-11:00', 'description': 'Midway Island, Samoa'}}, 'email': 'ryan.robert@example.com', 'login': {'uuid': 'dd093f59-e6dc-4337-9d84-4c864ab971ec', 'username': 'lazyfish355', 'password': 'stimpy', 'salt': '6x2YopCw', 'md5': 'c2fe0be7bc580b61c6dac935aa6ded84', 'sha1': '186ef85493c16e23bfbadb9a9e8c86e375e7ec73', 'sha256': 'ce40c43f943509017278e205337a80e804a0562664f8c9ae6b244727db80be76'}, 'dob': {'date': '1987-12-16T07:23:56.771Z', 'age': 36}, 'registered': {'date': '2013-06-30T00:19:17.026Z', 'age': 11}, 'phone': '02-67-54-09-70', 'cell': '06-46-45-16-29', 'id': {'name': 'INSEE', 'value': '1871126201367 16'}, 'picture': {'large': 'https://randomuser.me/api/portraits/men/40.jpg', 'medium': 'https://randomuser.me/api/portraits/med/men/40.jpg', 'thumbnail': 'https://randomuser.me/api/portraits/thumb/men/40.jpg'}, 'nat': 'FR'}], 'info': {'seed': '768cdfbf431ddeb7', 'results': 1, 'page': 1, 'version': '1.4'}}</msg>
<arg>${json_data}</arg>
<doc>Logs the given message with the given level.</doc>
<status status="PASS" start="2024-08-05T17:15:06.312488" elapsed="0.000208"/>
</kw>
<kw name="Should Be Equal As Numbers" owner="BuiltIn">
<arg>${json_data['results'][0]['location']['postcode']}</arg>
<arg>${json_data['results'][0]['location']['postcode']}</arg>
<doc>Fails if objects are unequal after converting them to real numbers.</doc>
<status status="PASS" start="2024-08-05T17:15:06.312990" elapsed="0.000604"/>
</kw>
<kw name="Log" owner="BuiltIn">
<msg time="2024-08-05T17:15:06.314167" level="INFO">61870</msg>
<arg>${json_data['results'][0]['location']['postcode']}</arg>
<doc>Logs the given message with the given level.</doc>
<status status="PASS" start="2024-08-05T17:15:06.313819" elapsed="0.000388"/>
</kw>
<status status="PASS" start="2024-08-05T17:14:59.566642" elapsed="6.747821"/>
</kw>
<doc>Testa se os tipos de dados na resposta da API estão corretos.</doc>
<tag>testeTiposDados</tag>
<status status="PASS" start="2024-08-05T17:14:55.813200" elapsed="10.501432"/>
</test>
<test id="s1-s1-t5" name="Validar conteudo" line="35">
<kw name="Teste de Tipos de Conteudo" owner="random-user-service">
<kw name="GET On Session" owner="RequestsLibrary">
<msg time="2024-08-05T17:15:14.120889" level="INFO">GET Request : url=https://randomuser.me/api 
 path_url=/api 
 headers={'User-Agent': 'python-requests/2.32.3', 'Accept-Encoding': 'gzip, deflate', 'Accept': '*/*', 'Connection': 'keep-alive'} 
 body=None 
 </msg>
<msg time="2024-08-05T17:15:14.121002" level="INFO">GET Response : url=https://randomuser.me/api 
 status=200, reason=OK 
 headers={'Date': 'Mon, 05 Aug 2024 17:15:14 GMT', 'Content-Type': 'application/json; charset=utf-8', 'Transfer-Encoding': 'chunked', 'Connection': 'keep-alive', 'X-Powered-By': 'Express', 'Access-Control-Allow-Origin': '*', 'Cache-Control': 'no-cache', 'ETag': 'W/"481-vHp3m1M8og+GsL6v4SjYU5rUYJw"', 'Vary': 'Accept-Encoding', 'Content-Encoding': 'gzip', 'CF-Cache-Status': 'DYNAMIC', 'Report-To': '{"endpoints":[{"url":"https:\\/\\/a.nel.cloudflare.com\\/report\\/v4?s=NHuS3D6yM9%2BNghqAG4wZ0E94%2BJ41MYmcjdqCH%2FyCY2gJLgMlyX67B4i7hHmF%2F88eY9kUaBI4PgixdqM0xSOal8Z%2Fn4kM7F35xKRf%2Bmtxfbk0ORvP0AkJNoZEQMsbKy60"}],"group":"cf-nel","max_age":604800}', 'NEL': '{"success_fraction":0,"report_to":"cf-nel","max_age":604800}', 'Server': 'cloudflare', 'CF-RAY': '8ae86d6479a8e247-ORD', 'alt-svc': 'h3=":443"; ma=86400'} 
 body={"results":[{"gender":"female","name":{"title":"Ms","first":"Fatma","last":"Erginsoy"},"location":{"street":{"number":2662,"name":"Vatan Cd"},"city":"Bilecik","state":"Erzurum","country":"Turkey","postcode":74097,"coordinates":{"latitude":"67.8425","longitude":"93.1982"},"timezone":{"offset":"-1:00","description":"Azores, Cape Verde Islands"}},"email":"fatma.erginsoy@example.com","login":{"uuid":"76e64f24-b90c-40f2-aa49-46a856595558","username":"organicelephant439","password":"dancer","salt":"KdVa9i6Q","md5":"568ea452b051027befcf577c25fb76a8","sha1":"b4cb05576bc9c349657b9cb8287dde8283cd5234","sha256":"b2dc6a39b93ae773db1c6d59e79f1f9e1c85af34f84b62d203dcc5ff6c19fcf3"},"dob":{"date":"1982-09-03T01:58:49.762Z","age":41},"registered":{"date":"2012-11-04T09:05:31.918Z","age":11},"phone":"(436)-333-5475","cell":"(169)-871-4517","id":{"name":"","value":null},"picture":{"large":"https://randomuser.me/api/portraits/women/32.jpg","medium":"https://randomuser.me/api/portraits/med/women/32.jpg","thumbnail":"https://randomuser.me/api/portraits/thumb/women/32.jpg"},"nat":"TR"}],"info":{"seed":"86ce5910a2f5c16c","results":1,"page":1,"version":"1.4"}} 
 </msg>
<msg time="2024-08-05T17:15:14.121087" level="INFO">/opt/hostedtoolcache/Python/3.12.4/x64/lib/python3.12/site-packages/urllib3/connectionpool.py:1099: InsecureRequestWarning: Unverified HTTPS request is being made to host 'randomuser.me'. Adding certificate verification is strongly advised. See: https://urllib3.readthedocs.io/en/latest/advanced-usage.html#tls-warnings
  warnings.warn(</msg>
<msg time="2024-08-05T17:15:14.121235" level="INFO">${response} = &lt;Response [200]&gt;</msg>
<var>${response}</var>
<arg>consultarAPI</arg>
<arg>/api</arg>
<doc>Sends a GET request on a previously created HTTP Session.</doc>
<status status="PASS" start="2024-08-05T17:15:06.317180" elapsed="7.804110"/>
</kw>
<kw name="Set Variable" owner="BuiltIn">
<msg time="2024-08-05T17:15:14.122455" level="INFO">${json_data} = {'results': [{'gender': 'female', 'name': {'title': 'Ms', 'first': 'Fatma', 'last': 'Erginsoy'}, 'location': {'street': {'number': 2662, 'name': 'Vatan Cd'}, 'city': 'Bilecik', 'state': 'Erzurum', 'co...</msg>
<var>${json_data}</var>
<arg>${response.json()}</arg>
<doc>Returns the given values which can then be assigned to a variables.</doc>
<status status="PASS" start="2024-08-05T17:15:14.121894" elapsed="0.000590"/>
</kw>
<kw name="Set Variable" owner="BuiltIn">
<msg time="2024-08-05T17:15:14.123230" level="INFO">${name_title} = Ms</msg>
<var>${name_title}</var>
<arg>${json_data["results"][0]["name"]["title"]}</arg>
<doc>Returns the given values which can then be assigned to a variables.</doc>
<status status="PASS" start="2024-08-05T17:15:14.122791" elapsed="0.000464"/>
</kw>
<kw name="Create List" owner="BuiltIn">
<msg time="2024-08-05T17:15:14.123705" level="INFO">${allowed_titles} = ['Mr', 'Ms', 'Miss', 'Mrs', 'Madame', 'Monsieur']</msg>
<var>${allowed_titles}</var>
<arg>Mr</arg>
<arg>Ms</arg>
<arg>Miss</arg>
<arg>Mrs</arg>
<arg>Madame</arg>
<arg>Monsieur</arg>
<doc>Returns a list containing given items.</doc>
<status status="PASS" start="2024-08-05T17:15:14.123557" elapsed="0.000172"/>
</kw>
<kw name="List Should Contain Value" owner="Collections">
<arg>${allowed_titles}</arg>
<arg>${name_title}</arg>
<doc>Fails if the ``value`` is not found from ``list``.</doc>
<status status="PASS" start="2024-08-05T17:15:14.124028" elapsed="0.000183"/>
</kw>
<kw name="Set Variable" owner="BuiltIn">
<msg time="2024-08-05T17:15:14.124768" level="INFO">${name_country} = TR</msg>
<var>${name_country}</var>
<arg>${json_data["results"][0]["nat"]}</arg>
<doc>Returns the given values which can then be assigned to a variables.</doc>
<status status="PASS" start="2024-08-05T17:15:14.124390" elapsed="0.000403"/>
</kw>
<kw name="Create List" owner="BuiltIn">
<msg time="2024-08-05T17:15:14.125673" level="INFO">${list_country} = ['AD', 'AE', 'AF', 'AG', 'AI', 'AL', 'AM', 'AO', 'AQ', 'AR', 'AS', 'AT', 'AU', 'AW', 'AX', 'AZ', 'BA', 'BB', 'BD', 'BE', 'BF', 'BG', 'BH', 'BI', 'BJ', 'BL', 'BM', 'BN', 'BO', 'BQ', 'BR', 'BS', 'BT', '...</msg>
<var>${list_country}</var>
<arg>AD</arg>
<arg>AE</arg>
<arg>AF</arg>
<arg>AG</arg>
<arg>AI</arg>
<arg>AL</arg>
<arg>AM</arg>
<arg>AO</arg>
<arg>AQ</arg>
<arg>AR</arg>
<arg>AS</arg>
<arg>AT</arg>
<arg>AU</arg>
<arg>AW</arg>
<arg>AX</arg>
<arg>AZ</arg>
<arg>BA</arg>
<arg>BB</arg>
<arg>BD</arg>
<arg>BE</arg>
<arg>BF</arg>
<arg>BG</arg>
<arg>BH</arg>
<arg>BI</arg>
<arg>BJ</arg>
<arg>BL</arg>
<arg>BM</arg>
<arg>BN</arg>
<arg>BO</arg>
<arg>BQ</arg>
<arg>BR</arg>
<arg>BS</arg>
<arg>BT</arg>
<arg>BV</arg>
<arg>BW</arg>
<arg>BY</arg>
<arg>BZ</arg>
<arg>CA</arg>
<arg>CC</arg>
<arg>CD</arg>
<arg>CF</arg>
<arg>CG</arg>
<arg>CH</arg>
<arg>CI</arg>
<arg>CK</arg>
<arg>CL</arg>
<arg>CM</arg>
<arg>CN</arg>
<arg>CO</arg>
<arg>CR</arg>
<arg>CU</arg>
<arg>CV</arg>
<arg>CW</arg>
<arg>CX</arg>
<arg>CY</arg>
<arg>CZ</arg>
<arg>DE</arg>
<arg>DJ</arg>
<arg>DK</arg>
<arg>DM</arg>
<arg>DO</arg>
<arg>DZ</arg>
<arg>EC</arg>
<arg>EE</arg>
<arg>EG</arg>
<arg>EH</arg>
<arg>ER</arg>
<arg>ES</arg>
<arg>ET</arg>
<arg>FI</arg>
<arg>FJ</arg>
<arg>FK</arg>
<arg>FM</arg>
<arg>FO</arg>
<arg>FR</arg>
<arg>GA</arg>
<arg>GB</arg>
<arg>GD</arg>
<arg>GE</arg>
<arg>GF</arg>
<arg>GG</arg>
<arg>GH</arg>
<arg>GI</arg>
<arg>GL</arg>
<arg>GM</arg>
<arg>GN</arg>
<arg>GP</arg>
<arg>GQ</arg>
<arg>GR</arg>
<arg>GS</arg>
<arg>GT</arg>
<arg>GU</arg>
<arg>GW</arg>
<arg>GY</arg>
<arg>HK</arg>
<arg>HM</arg>
<arg>HN</arg>
<arg>HR</arg>
<arg>HT</arg>
<arg>HU</arg>
<arg>ID</arg>
<arg>IE</arg>
<arg>IL</arg>
<arg>IM</arg>
<arg>IN</arg>
<arg>IO</arg>
<arg>IQ</arg>
<arg>IR</arg>
<arg>IS</arg>
<arg>IT</arg>
<arg>JE</arg>
<arg>JM</arg>
<arg>JO</arg>
<arg>JP</arg>
<arg>KE</arg>
<arg>KG</arg>
<arg>KH</arg>
<arg>KI</arg>
<arg>KM</arg>
<arg>KN</arg>
<arg>KP</arg>
<arg>KR</arg>
<arg>KW</arg>
<arg>KY</arg>
<arg>KZ</arg>
<arg>LA</arg>
<arg>LB</arg>
<arg>LC</arg>
<arg>LI</arg>
<arg>LK</arg>
<arg>LR</arg>
<arg>LS</arg>
<arg>LT</arg>
<arg>LU</arg>
<arg>LV</arg>
<arg>LY</arg>
<arg>MA</arg>
<arg>MC</arg>
<arg>MD</arg>
<arg>ME</arg>
<arg>MF</arg>
<arg>MG</arg>
<arg>MH</arg>
<arg>MK</arg>
<arg>ML</arg>
<arg>MM</arg>
<arg>MN</arg>
<arg>MO</arg>
<arg>MP</arg>
<arg>MQ</arg>
<arg>MR</arg>
<arg>MS</arg>
<arg>MT</arg>
<arg>MU</arg>
<arg>MV</arg>
<arg>MW</arg>
<arg>MX</arg>
<arg>MY</arg>
<arg>MZ</arg>
<arg>NA</arg>
<arg>NC</arg>
<arg>NE</arg>
<arg>NF</arg>
<arg>NG</arg>
<arg>NI</arg>
<arg>NL</arg>
<arg>NO</arg>
<arg>NP</arg>
<arg>NR</arg>
<arg>NU</arg>
<arg>NZ</arg>
<arg>OM</arg>
<arg>PA</arg>
<arg>PE</arg>
<arg>PF</arg>
<arg>PG</arg>
<arg>PH</arg>
<arg>PK</arg>
<arg>PL</arg>
<arg>PM</arg>
<arg>PN</arg>
<arg>PR</arg>
<arg>PS</arg>
<arg>PT</arg>
<arg>PW</arg>
<arg>PY</arg>
<arg>QA</arg>
<arg>RE</arg>
<arg>RO</arg>
<arg>RS</arg>
<arg>RU</arg>
<arg>RW</arg>
<arg>SA</arg>
<arg>SB</arg>
<arg>SC</arg>
<arg>SD</arg>
<arg>SE</arg>
<arg>SG</arg>
<arg>SH</arg>
<arg>SI</arg>
<arg>SJ</arg>
<arg>SK</arg>
<arg>SL</arg>
<arg>SM</arg>
<arg>SN</arg>
<arg>SO</arg>
<arg>SR</arg>
<arg>SS</arg>
<arg>ST</arg>
<arg>SV</arg>
<arg>SX</arg>
<arg>SY</arg>
<arg>SZ</arg>
<arg>TC</arg>
<arg>TD</arg>
<arg>TF</arg>
<arg>TG</arg>
<arg>TH</arg>
<arg>TJ</arg>
<arg>TK</arg>
<arg>TL</arg>
<arg>TM</arg>
<arg>TN</arg>
<arg>TO</arg>
<arg>TR</arg>
<arg>TT</arg>
<arg>TV</arg>
<arg>TW</arg>
<arg>TZ</arg>
<arg>UA</arg>
<arg>UG</arg>
<arg>UM</arg>
<arg>US</arg>
<arg>UY</arg>
<arg>UZ</arg>
<arg>VA</arg>
<arg>VC</arg>
<arg>VE</arg>
<arg>VG</arg>
<arg>VI</arg>
<arg>VN</arg>
<arg>VU</arg>
<arg>WF</arg>
<arg>WS</arg>
<arg>XK</arg>
<arg>YE</arg>
<arg>YT</arg>
<arg>ZA</arg>
<arg>ZM</arg>
<arg>ZW</arg>
<doc>Returns a list containing given items.</doc>
<status status="PASS" start="2024-08-05T17:15:14.125083" elapsed="0.000615"/>
</kw>
<kw name="List Should Contain Value" owner="Collections">
<arg>${list_country}</arg>
<arg>${name_country}</arg>
<doc>Fails if the ``value`` is not found from ``list``.</doc>
<status status="PASS" start="2024-08-05T17:15:14.126684" elapsed="0.000208"/>
</kw>
<kw name="Run Keyword If" owner="BuiltIn">
<kw name="Should Be True" owner="BuiltIn">
<arg>${True}</arg>
<doc>Fails if the given condition is not true.</doc>
<status status="PASS" start="2024-08-05T17:15:14.127860" elapsed="0.000140"/>
</kw>
<arg>${json_data["results"][0]["location"]["coordinates"]["latitude"]} &gt;= -90 and ${json_data["results"][0]["location"]["coordinates"]["latitude"]} &lt;= 90</arg>
<arg>Should Be True</arg>
<arg>${True}</arg>
<doc>Runs the given keyword with the given arguments, if ``condition`` is true.</doc>
<status status="PASS" start="2024-08-05T17:15:14.127110" elapsed="0.001014"/>
</kw>
<kw name="Run Keyword If" owner="BuiltIn">
<kw name="Should Be True" owner="BuiltIn">
<arg>${True}</arg>
<doc>Fails if the given condition is not true.</doc>
<status status="PASS" start="2024-08-05T17:15:14.128987" elapsed="0.000135"/>
</kw>
<arg>${json_data["results"][0]["location"]["coordinates"]["longitude"]} &gt;= -180 and ${json_data["results"][0]["location"]["coordinates"]["longitude"]} &lt;= 180</arg>
<arg>Should Be True</arg>
<arg>${True}</arg>
<doc>Runs the given keyword with the given arguments, if ``condition`` is true.</doc>
<status status="PASS" start="2024-08-05T17:15:14.128305" elapsed="0.000939"/>
</kw>
<status status="PASS" start="2024-08-05T17:15:06.316959" elapsed="7.812415"/>
</kw>
<doc>Testa o conteúdo específico dos campos retornados pela API.</doc>
<tag>testeConteudo</tag>
<status status="PASS" start="2024-08-05T17:15:06.316401" elapsed="7.813125"/>
</test>
<status status="PASS" start="2024-08-05T17:14:48.037401" elapsed="26.094126"/>
</suite>
<status status="PASS" start="2024-08-05T17:14:48.023180" elapsed="26.113528"/>
</suite>
<statistics>
<total>
<stat pass="5" fail="0" skip="0">All Tests</stat>
</total>
<tag>
<stat pass="1" fail="0" skip="0">testeConteudo</stat>
<stat pass="1" fail="0" skip="0">testeEstruturaResposta</stat>
<stat pass="1" fail="0" skip="0">testeRequisicaoBasica</stat>
<stat pass="1" fail="0" skip="0">testeTiposDados</stat>
</tag>
<suite>
<stat pass="5" fail="0" skip="0" id="s1" name="Tests">Tests</stat>
<stat pass="5" fail="0" skip="0" id="s1-s1" name="Random-User-Test">Tests.Random-User-Test</stat>
</suite>
</statistics>
<errors>
</errors>
</robot>
