<?xml version="1.0" encoding="UTF-8"?>
<robot generator="Robot 7.0 (Python 3.12.2 on linux)" generated="2024-03-23T01:50:21.467092" rpa="false" schemaversion="5">
<suite id="s1" name="Tests" source="/home/runner/work/DesafioQAItauRogerioJordao/DesafioQAItauRogerioJordao/RamdonUser/tests">
<suite id="s1-s1" name="Random-User-Test" source="/home/runner/work/DesafioQAItauRogerioJordao/DesafioQAItauRogerioJordao/RamdonUser/tests/random-user-test.robot">
<test id="s1-s1-t1" name="Conectar" line="13">
<kw name="Conectar API" owner="random-user-service">
<kw name="Create Session" owner="RequestsLibrary">
<msg time="2024-03-23T01:50:21.818184" level="INFO">Creating Session using : alias=consultarAPI, url=https://randomuser.me/, headers={},                     cookies={}, auth=None, timeout=None, proxies=None, verify=False,                     debug=0 </msg>
<arg>consultarAPI</arg>
<arg>${URL}</arg>
<doc>Create Session: create a HTTP session to a server</doc>
<status status="PASS" start="2024-03-23T01:50:21.817988" elapsed="0.000363"/>
</kw>
<status status="PASS" start="2024-03-23T01:50:21.816923" elapsed="0.001775"/>
</kw>
<status status="PASS" start="2024-03-23T01:50:21.816354" elapsed="0.002584"/>
</test>
<test id="s1-s1-t2" name="Validar retorno 200 e JSON Válido" line="16">
<kw name="Teste de Requisicao Basica" owner="random-user-service">
<kw name="GET On Session" owner="RequestsLibrary">
<msg time="2024-03-23T01:50:21.940907" level="INFO">GET Request : url=https://randomuser.me/api 
 path_url=/api 
 headers={'User-Agent': 'python-requests/2.31.0', 'Accept-Encoding': 'gzip, deflate', 'Accept': '*/*', 'Connection': 'keep-alive'} 
 body=None 
 </msg>
<msg time="2024-03-23T01:50:21.941032" level="INFO">GET Response : url=https://randomuser.me/api 
 status=200, reason=OK 
 headers={'Date': 'Sat, 23 Mar 2024 01:50:21 GMT', 'Content-Type': 'application/json; charset=utf-8', 'Transfer-Encoding': 'chunked', 'Connection': 'keep-alive', 'X-Powered-By': 'Express', 'Access-Control-Allow-Origin': '*', 'Cache-Control': 'no-cache', 'ETag': 'W/"488-w8kiSnxm/zEhwbQ9CSBf/HRTIBs"', 'Vary': 'Accept-Encoding', 'Content-Encoding': 'gzip', 'CF-Cache-Status': 'DYNAMIC', 'Report-To': '{"endpoints":[{"url":"https:\\/\\/a.nel.cloudflare.com\\/report\\/v4?s=l3oWmLfck34QJXrrdz%2FOOb4rU8TLR8npFbv%2FTeMhjAJSgRM1p6867CQGx7bPAcziDD9W5urs4CUOzTXPoRnfUU%2BqQ47iMP1dR0I62%2Ft3nguTyKJ1jjNjVURiSrpb2CCH"}],"group":"cf-nel","max_age":604800}', 'NEL': '{"success_fraction":0,"report_to":"cf-nel","max_age":604800}', 'Server': 'cloudflare', 'CF-RAY': '868ac52a8c51f953-SJC', 'alt-svc': 'h3=":443"; ma=86400'} 
 body={"results":[{"gender":"male","name":{"title":"Mr","first":"Boban","last":"Kalinić"},"location":{"street":{"number":2426,"name":"Kotlinska"},"city":"Svrljig","state":"Moravica","country":"Serbia","postcode":43710,"coordinates":{"latitude":"61.1797","longitude":"-135.0680"},"timezone":{"offset":"+1:00","description":"Brussels, Copenhagen, Madrid, Paris"}},"email":"boban.kalinic@example.com","login":{"uuid":"04736d55-0710-425d-a33c-518959808ad7","username":"bluerabbit394","password":"butterfl","salt":"aCfcjv16","md5":"5892930f941cb84acb924bb5ba901e79","sha1":"98808b56de245053c8873dc8c7a7b758e835a70a","sha256":"c82e569093210453262f75b2ca17a7b6d62b7bf802976f122fce2f712d23e53d"},"dob":{"date":"1951-08-31T23:38:39.340Z","age":72},"registered":{"date":"2013-05-08T12:56:48.422Z","age":10},"phone":"015-5056-840","cell":"066-3807-214","id":{"name":"SID","value":"828879252"},"picture":{"large":"https://randomuser.me/api/portraits/men/61.jpg","medium":"https://randomuser.me/api/portraits/med/men/61.jpg","thumbnail":"https://randomuser.me/api/portraits/thumb/men/61.jpg"},"nat":"RS"}],"info":{"seed":"a03dfcebad8be5f0","results":1,"page":1,"version":"1.4"}} 
 </msg>
<msg time="2024-03-23T01:50:21.941146" level="INFO">/opt/hostedtoolcache/Python/3.12.2/x64/lib/python3.12/site-packages/urllib3/connectionpool.py:1103: InsecureRequestWarning: Unverified HTTPS request is being made to host 'randomuser.me'. Adding certificate verification is strongly advised. See: https://urllib3.readthedocs.io/en/latest/advanced-usage.html#tls-warnings
  warnings.warn(</msg>
<msg time="2024-03-23T01:50:21.941276" level="INFO">${response} = &lt;Response [200]&gt;</msg>
<var>${response}</var>
<arg>consultarAPI</arg>
<arg>/api</arg>
<doc>Sends a GET request on a previously created HTTP Session.</doc>
<status status="PASS" start="2024-03-23T01:50:21.821536" elapsed="0.119791"/>
</kw>
<kw name="Should Be Equal As Numbers" owner="BuiltIn">
<msg time="2024-03-23T01:50:21.942162" level="INFO">Argument types are:
&lt;class 'int'&gt;
&lt;class 'str'&gt;</msg>
<arg>${response.status_code}</arg>
<arg>200</arg>
<doc>Fails if objects are unequal after converting them to real numbers.</doc>
<status status="PASS" start="2024-03-23T01:50:21.941750" elapsed="0.000476"/>
</kw>
<kw name="Log" owner="BuiltIn">
<msg time="2024-03-23T01:50:21.942950" level="INFO">200</msg>
<arg>${response.status_code}</arg>
<doc>Logs the given message with the given level.</doc>
<status status="PASS" start="2024-03-23T01:50:21.942546" elapsed="0.000449"/>
</kw>
<kw name="Set Variable" owner="BuiltIn">
<msg time="2024-03-23T01:50:21.943772" level="INFO">${json_data} = {'results': [{'gender': 'male', 'name': {'title': 'Mr', 'first': 'Boban', 'last': 'Kalinić'}, 'location': {'street': {'number': 2426, 'name': 'Kotlinska'}, 'city': 'Svrljig', 'state': 'Moravica', 'cou...</msg>
<var>${json_data}</var>
<arg>${response.json()}</arg>
<doc>Returns the given values which can then be assigned to a variables.</doc>
<status status="PASS" start="2024-03-23T01:50:21.943328" elapsed="0.000474"/>
</kw>
<kw name="Dictionary Should Contain Key" owner="Collections">
<msg time="2024-03-23T01:50:21.944274" level="INFO">False</msg>
<arg>${json_data}</arg>
<arg>results</arg>
<doc>Fails if ``key`` is not found from ``dictionary``.</doc>
<status status="PASS" start="2024-03-23T01:50:21.944107" elapsed="0.000207"/>
</kw>
<status status="PASS" start="2024-03-23T01:50:21.821285" elapsed="0.123282"/>
</kw>
<doc>Testa se a API responde corretamente e retorna um objeto JSON válido.</doc>
<tag>testeRequisicaoBasica</tag>
<status status="PASS" start="2024-03-23T01:50:21.820780" elapsed="0.123964"/>
</test>
<test id="s1-s1-t3" name="Validar estrutura de resposta" line="22">
<kw name="Teste de Estrutura de Resposta" owner="random-user-service">
<kw name="GET On Session" owner="RequestsLibrary">
<msg time="2024-03-23T01:50:22.046472" level="INFO">GET Request : url=https://randomuser.me/api 
 path_url=/api 
 headers={'User-Agent': 'python-requests/2.31.0', 'Accept-Encoding': 'gzip, deflate', 'Accept': '*/*', 'Connection': 'keep-alive'} 
 body=None 
 </msg>
<msg time="2024-03-23T01:50:22.046561" level="INFO">GET Response : url=https://randomuser.me/api 
 status=200, reason=OK 
 headers={'Date': 'Sat, 23 Mar 2024 01:50:22 GMT', 'Content-Type': 'application/json; charset=utf-8', 'Transfer-Encoding': 'chunked', 'Connection': 'keep-alive', 'X-Powered-By': 'Express', 'Access-Control-Allow-Origin': '*', 'Cache-Control': 'no-cache', 'ETag': 'W/"49a-eKKQwTBf7YCnEZDUjUbg7r9Ux14"', 'Vary': 'Accept-Encoding', 'Content-Encoding': 'gzip', 'CF-Cache-Status': 'DYNAMIC', 'Report-To': '{"endpoints":[{"url":"https:\\/\\/a.nel.cloudflare.com\\/report\\/v4?s=qvx7AKweHh%2F71lLbx0uAb5mT9RrHqUK1iLHuB%2Br46Df98om26x4nVqlml8L%2Bbu5vINSTfxK0%2F77Y40gcqsMbaGDV9j4ZsnnEYSoOOh%2Fe63U83d200NNKBNgxjpKbiQfK"}],"group":"cf-nel","max_age":604800}', 'NEL': '{"success_fraction":0,"report_to":"cf-nel","max_age":604800}', 'Server': 'cloudflare', 'CF-RAY': '868ac52b3ce9f953-SJC', 'alt-svc': 'h3=":443"; ma=86400'} 
 body={"results":[{"gender":"male","name":{"title":"Mr","first":"Slaviša","last":"Glavaš"},"location":{"street":{"number":1377,"name":"Kneza Mihajla Viševića"},"city":"Blace","state":"Toplica","country":"Serbia","postcode":39744,"coordinates":{"latitude":"63.0816","longitude":"-76.4986"},"timezone":{"offset":"-4:00","description":"Atlantic Time (Canada), Caracas, La Paz"}},"email":"slavisa.glavas@example.com","login":{"uuid":"b24252e5-75e4-460e-b77c-0e946cce12a0","username":"heavyrabbit107","password":"imation","salt":"Eu3qxc3D","md5":"ea7b9fde34010fb3293bbd362bdfcd48","sha1":"f1991a6c90a6aa65c771d75f52fa89f1f48e4c4f","sha256":"50b560e1000bb7bdbd6dec83d6c72d49a2dc2802115cca99d9221c8c4279e8d6"},"dob":{"date":"1995-05-31T10:55:30.522Z","age":28},"registered":{"date":"2014-03-20T18:26:46.314Z","age":10},"phone":"027-7911-600","cell":"063-1269-068","id":{"name":"SID","value":"359577712"},"picture":{"large":"https://randomuser.me/api/portraits/men/29.jpg","medium":"https://randomuser.me/api/portraits/med/men/29.jpg","thumbnail":"https://randomuser.me/api/portraits/thumb/men/29.jpg"},"nat":"RS"}],"info":{"seed":"f2416dbcc088060f","results":1,"page":1,"version":"1.4"}} 
 </msg>
<msg time="2024-03-23T01:50:22.046702" level="INFO">/opt/hostedtoolcache/Python/3.12.2/x64/lib/python3.12/site-packages/urllib3/connectionpool.py:1103: InsecureRequestWarning: Unverified HTTPS request is being made to host 'randomuser.me'. Adding certificate verification is strongly advised. See: https://urllib3.readthedocs.io/en/latest/advanced-usage.html#tls-warnings
  warnings.warn(</msg>
<msg time="2024-03-23T01:50:22.046855" level="INFO">${response} = &lt;Response [200]&gt;</msg>
<var>${response}</var>
<arg>consultarAPI</arg>
<arg>/api</arg>
<doc>Sends a GET request on a previously created HTTP Session.</doc>
<status status="PASS" start="2024-03-23T01:50:21.947517" elapsed="0.099379"/>
</kw>
<kw name="Set Variable" owner="BuiltIn">
<msg time="2024-03-23T01:50:22.047918" level="INFO">${json_data} = {'results': [{'gender': 'male', 'name': {'title': 'Mr', 'first': 'Slaviša', 'last': 'Glavaš'}, 'location': {'street': {'number': 1377, 'name': 'Kneza Mihajla Viševića'}, 'city': 'Blace', 'state': 'Top...</msg>
<var>${json_data}</var>
<arg>${response.json()}</arg>
<doc>Returns the given values which can then be assigned to a variables.</doc>
<status status="PASS" start="2024-03-23T01:50:22.047359" elapsed="0.000589"/>
</kw>
<kw name="Log" owner="BuiltIn">
<msg time="2024-03-23T01:50:22.048423" level="INFO">{'results': [{'gender': 'male', 'name': {'title': 'Mr', 'first': 'Slaviša', 'last': 'Glavaš'}, 'location': {'street': {'number': 1377, 'name': 'Kneza Mihajla Viševića'}, 'city': 'Blace', 'state': 'Toplica', 'country': 'Serbia', 'postcode': 39744, 'coordinates': {'latitude': '63.0816', 'longitude': '-76.4986'}, 'timezone': {'offset': '-4:00', 'description': 'Atlantic Time (Canada), Caracas, La Paz'}}, 'email': 'slavisa.glavas@example.com', 'login': {'uuid': 'b24252e5-75e4-460e-b77c-0e946cce12a0', 'username': 'heavyrabbit107', 'password': 'imation', 'salt': 'Eu3qxc3D', 'md5': 'ea7b9fde34010fb3293bbd362bdfcd48', 'sha1': 'f1991a6c90a6aa65c771d75f52fa89f1f48e4c4f', 'sha256': '50b560e1000bb7bdbd6dec83d6c72d49a2dc2802115cca99d9221c8c4279e8d6'}, 'dob': {'date': '1995-05-31T10:55:30.522Z', 'age': 28}, 'registered': {'date': '2014-03-20T18:26:46.314Z', 'age': 10}, 'phone': '027-7911-600', 'cell': '063-1269-068', 'id': {'name': 'SID', 'value': '359577712'}, 'picture': {'large': 'https://randomuser.me/api/portraits/men/29.jpg', 'medium': 'https://randomuser.me/api/portraits/med/men/29.jpg', 'thumbnail': 'https://randomuser.me/api/portraits/thumb/men/29.jpg'}, 'nat': 'RS'}], 'info': {'seed': 'f2416dbcc088060f', 'results': 1, 'page': 1, 'version': '1.4'}}</msg>
<arg>${json_data}</arg>
<doc>Logs the given message with the given level.</doc>
<status status="PASS" start="2024-03-23T01:50:22.048260" elapsed="0.000214"/>
</kw>
<kw name="Dictionary Should Contain Key" owner="Collections">
<msg time="2024-03-23T01:50:22.048928" level="INFO">False</msg>
<arg>${json_data}</arg>
<arg>results</arg>
<doc>Fails if ``key`` is not found from ``dictionary``.</doc>
<status status="PASS" start="2024-03-23T01:50:22.048773" elapsed="0.000192"/>
</kw>
<kw name="Should Not Be Empty" owner="BuiltIn">
<msg time="2024-03-23T01:50:22.049397" level="INFO">Length is 2.</msg>
<arg>${json_data}</arg>
<doc>Verifies that the given item is not empty.</doc>
<status status="PASS" start="2024-03-23T01:50:22.049261" elapsed="0.000175"/>
</kw>
<kw name="Create List" owner="BuiltIn">
<msg time="2024-03-23T01:50:22.049880" level="INFO">${expected_keys} = ['gender', 'name', 'location', 'email', 'login']</msg>
<var>${expected_keys}</var>
<arg>gender</arg>
<arg>name</arg>
<arg>location</arg>
<arg>email</arg>
<arg>login</arg>
<doc>Returns a list containing given items.</doc>
<status status="PASS" start="2024-03-23T01:50:22.049726" elapsed="0.000178"/>
</kw>
<for flavor="IN">
<iter>
<kw name="Dictionary Should Contain Key" owner="Collections">
<msg time="2024-03-23T01:50:22.050919" level="INFO">False</msg>
<arg>${json_data['results'][0]}</arg>
<arg>${key}</arg>
<doc>Fails if ``key`` is not found from ``dictionary``.</doc>
<status status="PASS" start="2024-03-23T01:50:22.050468" elapsed="0.000491"/>
</kw>
<kw name="Log" owner="BuiltIn">
<msg time="2024-03-23T01:50:22.051641" level="INFO">{'gender': 'male', 'name': {'title': 'Mr', 'first': 'Slaviša', 'last': 'Glavaš'}, 'location': {'street': {'number': 1377, 'name': 'Kneza Mihajla Viševića'}, 'city': 'Blace', 'state': 'Toplica', 'country': 'Serbia', 'postcode': 39744, 'coordinates': {'latitude': '63.0816', 'longitude': '-76.4986'}, 'timezone': {'offset': '-4:00', 'description': 'Atlantic Time (Canada), Caracas, La Paz'}}, 'email': 'slavisa.glavas@example.com', 'login': {'uuid': 'b24252e5-75e4-460e-b77c-0e946cce12a0', 'username': 'heavyrabbit107', 'password': 'imation', 'salt': 'Eu3qxc3D', 'md5': 'ea7b9fde34010fb3293bbd362bdfcd48', 'sha1': 'f1991a6c90a6aa65c771d75f52fa89f1f48e4c4f', 'sha256': '50b560e1000bb7bdbd6dec83d6c72d49a2dc2802115cca99d9221c8c4279e8d6'}, 'dob': {'date': '1995-05-31T10:55:30.522Z', 'age': 28}, 'registered': {'date': '2014-03-20T18:26:46.314Z', 'age': 10}, 'phone': '027-7911-600', 'cell': '063-1269-068', 'id': {'name': 'SID', 'value': '359577712'}, 'picture': {'large': 'https://randomuser.me/api/portraits/men/29.jpg', 'medium': 'https://randomuser.me/api/portraits/med/men/29.jpg', 'thumbnail': 'https://randomuser.me/api/portraits/thumb/men/29.jpg'}, 'nat': 'RS'}</msg>
<arg>${json_data['results'][0]}</arg>
<doc>Logs the given message with the given level.</doc>
<status status="PASS" start="2024-03-23T01:50:22.051268" elapsed="0.000430"/>
</kw>
<kw name="Log" owner="BuiltIn">
<msg time="2024-03-23T01:50:22.052132" level="INFO">gender</msg>
<arg>${key}</arg>
<doc>Logs the given message with the given level.</doc>
<status status="PASS" start="2024-03-23T01:50:22.052002" elapsed="0.000168"/>
</kw>
<var name="${key}">gender</var>
<status status="PASS" start="2024-03-23T01:50:22.050338" elapsed="0.002052"/>
</iter>
<iter>
<kw name="Dictionary Should Contain Key" owner="Collections">
<msg time="2024-03-23T01:50:22.053087" level="INFO">False</msg>
<arg>${json_data['results'][0]}</arg>
<arg>${key}</arg>
<doc>Fails if ``key`` is not found from ``dictionary``.</doc>
<status status="PASS" start="2024-03-23T01:50:22.052693" elapsed="0.000432"/>
</kw>
<kw name="Log" owner="BuiltIn">
<msg time="2024-03-23T01:50:22.053814" level="INFO">{'gender': 'male', 'name': {'title': 'Mr', 'first': 'Slaviša', 'last': 'Glavaš'}, 'location': {'street': {'number': 1377, 'name': 'Kneza Mihajla Viševića'}, 'city': 'Blace', 'state': 'Toplica', 'country': 'Serbia', 'postcode': 39744, 'coordinates': {'latitude': '63.0816', 'longitude': '-76.4986'}, 'timezone': {'offset': '-4:00', 'description': 'Atlantic Time (Canada), Caracas, La Paz'}}, 'email': 'slavisa.glavas@example.com', 'login': {'uuid': 'b24252e5-75e4-460e-b77c-0e946cce12a0', 'username': 'heavyrabbit107', 'password': 'imation', 'salt': 'Eu3qxc3D', 'md5': 'ea7b9fde34010fb3293bbd362bdfcd48', 'sha1': 'f1991a6c90a6aa65c771d75f52fa89f1f48e4c4f', 'sha256': '50b560e1000bb7bdbd6dec83d6c72d49a2dc2802115cca99d9221c8c4279e8d6'}, 'dob': {'date': '1995-05-31T10:55:30.522Z', 'age': 28}, 'registered': {'date': '2014-03-20T18:26:46.314Z', 'age': 10}, 'phone': '027-7911-600', 'cell': '063-1269-068', 'id': {'name': 'SID', 'value': '359577712'}, 'picture': {'large': 'https://randomuser.me/api/portraits/men/29.jpg', 'medium': 'https://randomuser.me/api/portraits/med/men/29.jpg', 'thumbnail': 'https://randomuser.me/api/portraits/thumb/men/29.jpg'}, 'nat': 'RS'}</msg>
<arg>${json_data['results'][0]}</arg>
<doc>Logs the given message with the given level.</doc>
<status status="PASS" start="2024-03-23T01:50:22.053450" elapsed="0.000414"/>
</kw>
<kw name="Log" owner="BuiltIn">
<msg time="2024-03-23T01:50:22.054291" level="INFO">name</msg>
<arg>${key}</arg>
<doc>Logs the given message with the given level.</doc>
<status status="PASS" start="2024-03-23T01:50:22.054163" elapsed="0.000165"/>
</kw>
<var name="${key}">name</var>
<status status="PASS" start="2024-03-23T01:50:22.052577" elapsed="0.001966"/>
</iter>
<iter>
<kw name="Dictionary Should Contain Key" owner="Collections">
<msg time="2024-03-23T01:50:22.055231" level="INFO">False</msg>
<arg>${json_data['results'][0]}</arg>
<arg>${key}</arg>
<doc>Fails if ``key`` is not found from ``dictionary``.</doc>
<status status="PASS" start="2024-03-23T01:50:22.054856" elapsed="0.000413"/>
</kw>
<kw name="Log" owner="BuiltIn">
<msg time="2024-03-23T01:50:22.055934" level="INFO">{'gender': 'male', 'name': {'title': 'Mr', 'first': 'Slaviša', 'last': 'Glavaš'}, 'location': {'street': {'number': 1377, 'name': 'Kneza Mihajla Viševića'}, 'city': 'Blace', 'state': 'Toplica', 'country': 'Serbia', 'postcode': 39744, 'coordinates': {'latitude': '63.0816', 'longitude': '-76.4986'}, 'timezone': {'offset': '-4:00', 'description': 'Atlantic Time (Canada), Caracas, La Paz'}}, 'email': 'slavisa.glavas@example.com', 'login': {'uuid': 'b24252e5-75e4-460e-b77c-0e946cce12a0', 'username': 'heavyrabbit107', 'password': 'imation', 'salt': 'Eu3qxc3D', 'md5': 'ea7b9fde34010fb3293bbd362bdfcd48', 'sha1': 'f1991a6c90a6aa65c771d75f52fa89f1f48e4c4f', 'sha256': '50b560e1000bb7bdbd6dec83d6c72d49a2dc2802115cca99d9221c8c4279e8d6'}, 'dob': {'date': '1995-05-31T10:55:30.522Z', 'age': 28}, 'registered': {'date': '2014-03-20T18:26:46.314Z', 'age': 10}, 'phone': '027-7911-600', 'cell': '063-1269-068', 'id': {'name': 'SID', 'value': '359577712'}, 'picture': {'large': 'https://randomuser.me/api/portraits/men/29.jpg', 'medium': 'https://randomuser.me/api/portraits/med/men/29.jpg', 'thumbnail': 'https://randomuser.me/api/portraits/thumb/men/29.jpg'}, 'nat': 'RS'}</msg>
<arg>${json_data['results'][0]}</arg>
<doc>Logs the given message with the given level.</doc>
<status status="PASS" start="2024-03-23T01:50:22.055567" elapsed="0.000422"/>
</kw>
<kw name="Log" owner="BuiltIn">
<msg time="2024-03-23T01:50:22.056416" level="INFO">location</msg>
<arg>${key}</arg>
<doc>Logs the given message with the given level.</doc>
<status status="PASS" start="2024-03-23T01:50:22.056290" elapsed="0.000163"/>
</kw>
<var name="${key}">location</var>
<status status="PASS" start="2024-03-23T01:50:22.054740" elapsed="0.001925"/>
</iter>
<iter>
<kw name="Dictionary Should Contain Key" owner="Collections">
<msg time="2024-03-23T01:50:22.057328" level="INFO">False</msg>
<arg>${json_data['results'][0]}</arg>
<arg>${key}</arg>
<doc>Fails if ``key`` is not found from ``dictionary``.</doc>
<status status="PASS" start="2024-03-23T01:50:22.056947" elapsed="0.000419"/>
</kw>
<kw name="Log" owner="BuiltIn">
<msg time="2024-03-23T01:50:22.058017" level="INFO">{'gender': 'male', 'name': {'title': 'Mr', 'first': 'Slaviša', 'last': 'Glavaš'}, 'location': {'street': {'number': 1377, 'name': 'Kneza Mihajla Viševića'}, 'city': 'Blace', 'state': 'Toplica', 'country': 'Serbia', 'postcode': 39744, 'coordinates': {'latitude': '63.0816', 'longitude': '-76.4986'}, 'timezone': {'offset': '-4:00', 'description': 'Atlantic Time (Canada), Caracas, La Paz'}}, 'email': 'slavisa.glavas@example.com', 'login': {'uuid': 'b24252e5-75e4-460e-b77c-0e946cce12a0', 'username': 'heavyrabbit107', 'password': 'imation', 'salt': 'Eu3qxc3D', 'md5': 'ea7b9fde34010fb3293bbd362bdfcd48', 'sha1': 'f1991a6c90a6aa65c771d75f52fa89f1f48e4c4f', 'sha256': '50b560e1000bb7bdbd6dec83d6c72d49a2dc2802115cca99d9221c8c4279e8d6'}, 'dob': {'date': '1995-05-31T10:55:30.522Z', 'age': 28}, 'registered': {'date': '2014-03-20T18:26:46.314Z', 'age': 10}, 'phone': '027-7911-600', 'cell': '063-1269-068', 'id': {'name': 'SID', 'value': '359577712'}, 'picture': {'large': 'https://randomuser.me/api/portraits/men/29.jpg', 'medium': 'https://randomuser.me/api/portraits/med/men/29.jpg', 'thumbnail': 'https://randomuser.me/api/portraits/thumb/men/29.jpg'}, 'nat': 'RS'}</msg>
<arg>${json_data['results'][0]}</arg>
<doc>Logs the given message with the given level.</doc>
<status status="PASS" start="2024-03-23T01:50:22.057660" elapsed="0.000406"/>
</kw>
<kw name="Log" owner="BuiltIn">
<msg time="2024-03-23T01:50:22.058482" level="INFO">email</msg>
<arg>${key}</arg>
<doc>Logs the given message with the given level.</doc>
<status status="PASS" start="2024-03-23T01:50:22.058356" elapsed="0.000162"/>
</kw>
<var name="${key}">email</var>
<status status="PASS" start="2024-03-23T01:50:22.056837" elapsed="0.001923"/>
</iter>
<iter>
<kw name="Dictionary Should Contain Key" owner="Collections">
<msg time="2024-03-23T01:50:22.059446" level="INFO">False</msg>
<arg>${json_data['results'][0]}</arg>
<arg>${key}</arg>
<doc>Fails if ``key`` is not found from ``dictionary``.</doc>
<status status="PASS" start="2024-03-23T01:50:22.059057" elapsed="0.000425"/>
</kw>
<kw name="Log" owner="BuiltIn">
<msg time="2024-03-23T01:50:22.060137" level="INFO">{'gender': 'male', 'name': {'title': 'Mr', 'first': 'Slaviša', 'last': 'Glavaš'}, 'location': {'street': {'number': 1377, 'name': 'Kneza Mihajla Viševića'}, 'city': 'Blace', 'state': 'Toplica', 'country': 'Serbia', 'postcode': 39744, 'coordinates': {'latitude': '63.0816', 'longitude': '-76.4986'}, 'timezone': {'offset': '-4:00', 'description': 'Atlantic Time (Canada), Caracas, La Paz'}}, 'email': 'slavisa.glavas@example.com', 'login': {'uuid': 'b24252e5-75e4-460e-b77c-0e946cce12a0', 'username': 'heavyrabbit107', 'password': 'imation', 'salt': 'Eu3qxc3D', 'md5': 'ea7b9fde34010fb3293bbd362bdfcd48', 'sha1': 'f1991a6c90a6aa65c771d75f52fa89f1f48e4c4f', 'sha256': '50b560e1000bb7bdbd6dec83d6c72d49a2dc2802115cca99d9221c8c4279e8d6'}, 'dob': {'date': '1995-05-31T10:55:30.522Z', 'age': 28}, 'registered': {'date': '2014-03-20T18:26:46.314Z', 'age': 10}, 'phone': '027-7911-600', 'cell': '063-1269-068', 'id': {'name': 'SID', 'value': '359577712'}, 'picture': {'large': 'https://randomuser.me/api/portraits/men/29.jpg', 'medium': 'https://randomuser.me/api/portraits/med/men/29.jpg', 'thumbnail': 'https://randomuser.me/api/portraits/thumb/men/29.jpg'}, 'nat': 'RS'}</msg>
<arg>${json_data['results'][0]}</arg>
<doc>Logs the given message with the given level.</doc>
<status status="PASS" start="2024-03-23T01:50:22.059775" elapsed="0.000412"/>
</kw>
<kw name="Log" owner="BuiltIn">
<msg time="2024-03-23T01:50:22.060604" level="INFO">login</msg>
<arg>${key}</arg>
<doc>Logs the given message with the given level.</doc>
<status status="PASS" start="2024-03-23T01:50:22.060478" elapsed="0.000264"/>
</kw>
<var name="${key}">login</var>
<status status="PASS" start="2024-03-23T01:50:22.058941" elapsed="0.002050"/>
</iter>
<var>${key}</var>
<value>@{expected_keys}</value>
<status status="PASS" start="2024-03-23T01:50:22.050159" elapsed="0.010960"/>
</for>
<kw name="Create List" owner="BuiltIn">
<msg time="2024-03-23T01:50:22.061450" level="INFO">${expected_keysTwo} = ['username', 'password']</msg>
<var>${expected_keysTwo}</var>
<arg>username</arg>
<arg>password</arg>
<doc>Returns a list containing given items.</doc>
<status status="PASS" start="2024-03-23T01:50:22.061314" elapsed="0.000159"/>
</kw>
<for flavor="IN">
<iter>
<kw name="Dictionary Should Contain Key" owner="Collections">
<msg time="2024-03-23T01:50:22.062352" level="INFO">False</msg>
<arg>${json_data['results'][0]['login']}</arg>
<arg>${keyTwo}</arg>
<doc>Fails if ``key`` is not found from ``dictionary``.</doc>
<status status="PASS" start="2024-03-23T01:50:22.061971" elapsed="0.000418"/>
</kw>
<kw name="Dictionary Should Contain Key" owner="Collections">
<msg time="2024-03-23T01:50:22.063087" level="INFO">False</msg>
<arg>${json_data['results'][0]['login']}</arg>
<arg>${keyTwo}</arg>
<doc>Fails if ``key`` is not found from ``dictionary``.</doc>
<status status="PASS" start="2024-03-23T01:50:22.062685" elapsed="0.000439"/>
</kw>
<kw name="Log" owner="BuiltIn">
<msg time="2024-03-23T01:50:22.063570" level="INFO">username</msg>
<arg>${keyTwo}</arg>
<doc>Logs the given message with the given level.</doc>
<status status="PASS" start="2024-03-23T01:50:22.063441" elapsed="0.000166"/>
</kw>
<var name="${keyTwo}">username</var>
<status status="PASS" start="2024-03-23T01:50:22.061859" elapsed="0.001962"/>
</iter>
<iter>
<kw name="Dictionary Should Contain Key" owner="Collections">
<msg time="2024-03-23T01:50:22.064480" level="INFO">False</msg>
<arg>${json_data['results'][0]['login']}</arg>
<arg>${keyTwo}</arg>
<doc>Fails if ``key`` is not found from ``dictionary``.</doc>
<status status="PASS" start="2024-03-23T01:50:22.064105" elapsed="0.000412"/>
</kw>
<kw name="Dictionary Should Contain Key" owner="Collections">
<msg time="2024-03-23T01:50:22.065193" level="INFO">False</msg>
<arg>${json_data['results'][0]['login']}</arg>
<arg>${keyTwo}</arg>
<doc>Fails if ``key`` is not found from ``dictionary``.</doc>
<status status="PASS" start="2024-03-23T01:50:22.064813" elapsed="0.000416"/>
</kw>
<kw name="Log" owner="BuiltIn">
<msg time="2024-03-23T01:50:22.065644" level="INFO">password</msg>
<arg>${keyTwo}</arg>
<doc>Logs the given message with the given level.</doc>
<status status="PASS" start="2024-03-23T01:50:22.065518" elapsed="0.000163"/>
</kw>
<var name="${keyTwo}">password</var>
<status status="PASS" start="2024-03-23T01:50:22.063994" elapsed="0.001900"/>
</iter>
<var>${keyTwo}</var>
<value>@{expected_keysTwo}</value>
<status status="PASS" start="2024-03-23T01:50:22.061709" elapsed="0.004309"/>
</for>
<status status="PASS" start="2024-03-23T01:50:21.947282" elapsed="0.118880"/>
</kw>
<doc>Testa a estrutura da resposta da API.</doc>
<tag>testeEstruturaResposta</tag>
<status status="PASS" start="2024-03-23T01:50:21.946530" elapsed="0.119789"/>
</test>
<test id="s1-s1-t4" name="Validar tipos de dados" line="28">
<kw name="Teste de Tipos de Dados" owner="random-user-service">
<kw name="GET On Session" owner="RequestsLibrary">
<msg time="2024-03-23T01:50:22.159048" level="INFO">GET Request : url=https://randomuser.me/api 
 path_url=/api 
 headers={'User-Agent': 'python-requests/2.31.0', 'Accept-Encoding': 'gzip, deflate', 'Accept': '*/*', 'Connection': 'keep-alive'} 
 body=None 
 </msg>
<msg time="2024-03-23T01:50:22.159125" level="INFO">GET Response : url=https://randomuser.me/api 
 status=200, reason=OK 
 headers={'Date': 'Sat, 23 Mar 2024 01:50:22 GMT', 'Content-Type': 'application/json; charset=utf-8', 'Transfer-Encoding': 'chunked', 'Connection': 'keep-alive', 'X-Powered-By': 'Express', 'Access-Control-Allow-Origin': '*', 'Cache-Control': 'no-cache', 'ETag': 'W/"47c-W7OLTohQPOPzVqkTI1DUzKSkRh8"', 'Vary': 'Accept-Encoding', 'Content-Encoding': 'gzip', 'CF-Cache-Status': 'DYNAMIC', 'Report-To': '{"endpoints":[{"url":"https:\\/\\/a.nel.cloudflare.com\\/report\\/v4?s=HiL5ar%2FJh%2BBg8DnFGnE2YAMzlSFAVlQcy7c6vLLsQ3oL%2FyqY0mZjc4TFwVljxw0Gtwn2t65v%2FTOm0mzd4VJQEPK%2Fkc5FATHC2yegFAej%2FKK5CLOS5f5pdPOK9sM3lWYQ"}],"group":"cf-nel","max_age":604800}', 'NEL': '{"success_fraction":0,"report_to":"cf-nel","max_age":604800}', 'Server': 'cloudflare', 'CF-RAY': '868ac52bfd99f953-SJC', 'alt-svc': 'h3=":443"; ma=86400'} 
 body={"results":[{"gender":"male","name":{"title":"Mr","first":"Derrick","last":"Grant"},"location":{"street":{"number":9949,"name":"Cork Street"},"city":"Trim","state":"Meath","country":"Ireland","postcode":62466,"coordinates":{"latitude":"2.2826","longitude":"-13.2393"},"timezone":{"offset":"+5:30","description":"Bombay, Calcutta, Madras, New Delhi"}},"email":"derrick.grant@example.com","login":{"uuid":"35bf1ea9-bb35-429a-abb5-df1f60321849","username":"sadfrog862","password":"planes","salt":"SUlwjJPl","md5":"73af5c1df4ff11790103613cf729f08a","sha1":"3fd50f3f6f775c776ac656bed268f00a591007bb","sha256":"c97cae5956117f3118bda02f43e25e6fad7aa3203edb8cb7292bfd64504516ef"},"dob":{"date":"2001-02-22T21:14:01.675Z","age":23},"registered":{"date":"2003-10-15T15:27:39.354Z","age":20},"phone":"041-021-0526","cell":"081-323-9843","id":{"name":"PPS","value":"8031523T"},"picture":{"large":"https://randomuser.me/api/portraits/men/96.jpg","medium":"https://randomuser.me/api/portraits/med/men/96.jpg","thumbnail":"https://randomuser.me/api/portraits/thumb/men/96.jpg"},"nat":"IE"}],"info":{"seed":"9faf6cc20e4cdefb","results":1,"page":1,"version":"1.4"}} 
 </msg>
<msg time="2024-03-23T01:50:22.159191" level="INFO">/opt/hostedtoolcache/Python/3.12.2/x64/lib/python3.12/site-packages/urllib3/connectionpool.py:1103: InsecureRequestWarning: Unverified HTTPS request is being made to host 'randomuser.me'. Adding certificate verification is strongly advised. See: https://urllib3.readthedocs.io/en/latest/advanced-usage.html#tls-warnings
  warnings.warn(</msg>
<msg time="2024-03-23T01:50:22.159299" level="INFO">${response} = &lt;Response [200]&gt;</msg>
<var>${response}</var>
<arg>consultarAPI</arg>
<arg>/api</arg>
<doc>Sends a GET request on a previously created HTTP Session.</doc>
<status status="PASS" start="2024-03-23T01:50:22.068866" elapsed="0.090484"/>
</kw>
<kw name="Set Variable" owner="BuiltIn">
<msg time="2024-03-23T01:50:22.160449" level="INFO">${json_data} = {'results': [{'gender': 'male', 'name': {'title': 'Mr', 'first': 'Derrick', 'last': 'Grant'}, 'location': {'street': {'number': 9949, 'name': 'Cork Street'}, 'city': 'Trim', 'state': 'Meath', 'country...</msg>
<var>${json_data}</var>
<arg>${response.json()}</arg>
<doc>Returns the given values which can then be assigned to a variables.</doc>
<status status="PASS" start="2024-03-23T01:50:22.159903" elapsed="0.000574"/>
</kw>
<kw name="Log" owner="BuiltIn">
<msg time="2024-03-23T01:50:22.160945" level="INFO">{'results': [{'gender': 'male', 'name': {'title': 'Mr', 'first': 'Derrick', 'last': 'Grant'}, 'location': {'street': {'number': 9949, 'name': 'Cork Street'}, 'city': 'Trim', 'state': 'Meath', 'country': 'Ireland', 'postcode': 62466, 'coordinates': {'latitude': '2.2826', 'longitude': '-13.2393'}, 'timezone': {'offset': '+5:30', 'description': 'Bombay, Calcutta, Madras, New Delhi'}}, 'email': 'derrick.grant@example.com', 'login': {'uuid': '35bf1ea9-bb35-429a-abb5-df1f60321849', 'username': 'sadfrog862', 'password': 'planes', 'salt': 'SUlwjJPl', 'md5': '73af5c1df4ff11790103613cf729f08a', 'sha1': '3fd50f3f6f775c776ac656bed268f00a591007bb', 'sha256': 'c97cae5956117f3118bda02f43e25e6fad7aa3203edb8cb7292bfd64504516ef'}, 'dob': {'date': '2001-02-22T21:14:01.675Z', 'age': 23}, 'registered': {'date': '2003-10-15T15:27:39.354Z', 'age': 20}, 'phone': '041-021-0526', 'cell': '081-323-9843', 'id': {'name': 'PPS', 'value': '8031523T'}, 'picture': {'large': 'https://randomuser.me/api/portraits/men/96.jpg', 'medium': 'https://randomuser.me/api/portraits/med/men/96.jpg', 'thumbnail': 'https://randomuser.me/api/portraits/thumb/men/96.jpg'}, 'nat': 'IE'}], 'info': {'seed': '9faf6cc20e4cdefb', 'results': 1, 'page': 1, 'version': '1.4'}}</msg>
<arg>${json_data}</arg>
<doc>Logs the given message with the given level.</doc>
<status status="PASS" start="2024-03-23T01:50:22.160791" elapsed="0.000239"/>
</kw>
<kw name="Should Be String" owner="String">
<arg>${json_data['results'][0]['gender']}</arg>
<doc>Fails if the given ``item`` is not a string.</doc>
<status status="PASS" start="2024-03-23T01:50:22.161335" elapsed="0.000364"/>
</kw>
<kw name="Should Match Regexp" owner="BuiltIn">
<arg>${json_data['results'][0]['email']}</arg>
<arg>^[a-zA-Z0-9._%+-]+@[a-zA-Z0-9.-]+\.[a-zA-Z]{2,}$</arg>
<doc>Fails if ``string`` does not match ``pattern`` as a regular expression.</doc>
<status status="PASS" start="2024-03-23T01:50:22.161895" elapsed="0.000511"/>
</kw>
<kw name="Should Match Regexp" owner="BuiltIn">
<arg>${json_data['results'][0]['dob']['date']}</arg>
<arg>\\d{4}-\\d{2}-\\d{2}T\\d{2}:\\d{2}:\\d{2}\\.\\d{3}Z</arg>
<doc>Fails if ``string`` does not match ``pattern`` as a regular expression.</doc>
<status status="PASS" start="2024-03-23T01:50:22.162606" elapsed="0.000534"/>
</kw>
<kw name="Should Match Regexp" owner="BuiltIn">
<arg>${json_data['results'][0]['registered']['date']}</arg>
<arg>\\d{4}-\\d{2}-\\d{2}T\\d{2}:\\d{2}:\\d{2}\\.\\d{3}Z</arg>
<doc>Fails if ``string`` does not match ``pattern`` as a regular expression.</doc>
<status status="PASS" start="2024-03-23T01:50:22.163339" elapsed="0.000377"/>
</kw>
<kw name="Should Match Regexp" owner="BuiltIn">
<arg>${json_data['results'][0]['picture']['large']}</arg>
<arg>^https?://.*\.(?:png|jpe?g|gif|bmp)$</arg>
<doc>Fails if ``string`` does not match ``pattern`` as a regular expression.</doc>
<status status="PASS" start="2024-03-23T01:50:22.163907" elapsed="0.000668"/>
</kw>
<kw name="Should Match Regexp" owner="BuiltIn">
<arg>${json_data['results'][0]['picture']['medium']}</arg>
<arg>^https?://.*\.(?:png|jpe?g|gif|bmp)$</arg>
<doc>Fails if ``string`` does not match ``pattern`` as a regular expression.</doc>
<status status="PASS" start="2024-03-23T01:50:22.164885" elapsed="0.000603"/>
</kw>
<kw name="Should Match Regexp" owner="BuiltIn">
<arg>${json_data['results'][0]['picture']['thumbnail']}</arg>
<arg>^https?://.*\.(?:png|jpe?g|gif|bmp)$</arg>
<doc>Fails if ``string`` does not match ``pattern`` as a regular expression.</doc>
<status status="PASS" start="2024-03-23T01:50:22.165812" elapsed="0.000570"/>
</kw>
<kw name="Log" owner="BuiltIn">
<msg time="2024-03-23T01:50:22.167285" level="INFO">{'large': 'https://randomuser.me/api/portraits/men/96.jpg', 'medium': 'https://randomuser.me/api/portraits/med/men/96.jpg', 'thumbnail': 'https://randomuser.me/api/portraits/thumb/men/96.jpg'}</msg>
<arg>${json_data['results'][0]['picture']}</arg>
<doc>Logs the given message with the given level.</doc>
<status status="PASS" start="2024-03-23T01:50:22.166673" elapsed="0.000690"/>
</kw>
<status status="PASS" start="2024-03-23T01:50:22.068640" elapsed="0.099117"/>
</kw>
<kw name="Teste de Tipos de Dados - Postcode" owner="random-user-service">
<kw name="GET On Session" owner="RequestsLibrary">
<msg time="2024-03-23T01:50:22.266680" level="INFO">GET Request : url=https://randomuser.me/api 
 path_url=/api 
 headers={'User-Agent': 'python-requests/2.31.0', 'Accept-Encoding': 'gzip, deflate', 'Accept': '*/*', 'Connection': 'keep-alive'} 
 body=None 
 </msg>
<msg time="2024-03-23T01:50:22.266798" level="INFO">GET Response : url=https://randomuser.me/api 
 status=200, reason=OK 
 headers={'Date': 'Sat, 23 Mar 2024 01:50:22 GMT', 'Content-Type': 'application/json; charset=utf-8', 'Transfer-Encoding': 'chunked', 'Connection': 'keep-alive', 'X-Powered-By': 'Express', 'Access-Control-Allow-Origin': '*', 'Cache-Control': 'no-cache', 'ETag': 'W/"48d-uCW2i4XfGNNWRHi+HpjDeSuarwQ"', 'Vary': 'Accept-Encoding', 'Content-Encoding': 'gzip', 'CF-Cache-Status': 'DYNAMIC', 'Report-To': '{"endpoints":[{"url":"https:\\/\\/a.nel.cloudflare.com\\/report\\/v4?s=20uHjju2dF1lYjao74%2Fpheg3TBG6QywgV%2FqFehPlyc1DQLqZAgl4Du7xa7sx4sbhl4ZALOIsrR%2FiEsm3nP2pTwOIEiHqI1KQUk52MnD2YLOOaoG7ftrLTGxSJVGgcM7Y"}],"group":"cf-nel","max_age":604800}', 'NEL': '{"success_fraction":0,"report_to":"cf-nel","max_age":604800}', 'Server': 'cloudflare', 'CF-RAY': '868ac52c9e2ff953-SJC', 'alt-svc': 'h3=":443"; ma=86400'} 
 body={"results":[{"gender":"female","name":{"title":"Mrs","first":"Oona","last":"Heikkinen"},"location":{"street":{"number":1659,"name":"Rautatienkatu"},"city":"Pihtipudas","state":"Tavastia Proper","country":"Finland","postcode":47644,"coordinates":{"latitude":"-23.9159","longitude":"32.3160"},"timezone":{"offset":"-10:00","description":"Hawaii"}},"email":"oona.heikkinen@example.com","login":{"uuid":"b2812aae-682a-411c-a900-4e736c63397b","username":"angryelephant910","password":"456789","salt":"GkPhhUNL","md5":"5cff7f18d110e985ef718f580a7698e5","sha1":"1bd61d14ad5dc7faa9f2a5850795c9258be2e6e7","sha256":"6e0b9221d5d0222f53ce76b89dafb19694f1a0bdafa4c1cb51ccd03278bb3519"},"dob":{"date":"1971-09-03T05:28:38.939Z","age":52},"registered":{"date":"2006-08-07T17:43:24.090Z","age":17},"phone":"08-411-547","cell":"049-229-76-51","id":{"name":"HETU","value":"NaNNA104undefined"},"picture":{"large":"https://randomuser.me/api/portraits/women/38.jpg","medium":"https://randomuser.me/api/portraits/med/women/38.jpg","thumbnail":"https://randomuser.me/api/portraits/thumb/women/38.jpg"},"nat":"FI"}],"info":{"seed":"5d3fe3daecce8da7","results":1,"page":1,"version":"1.4"}} 
 </msg>
<msg time="2024-03-23T01:50:22.266894" level="INFO">/opt/hostedtoolcache/Python/3.12.2/x64/lib/python3.12/site-packages/urllib3/connectionpool.py:1103: InsecureRequestWarning: Unverified HTTPS request is being made to host 'randomuser.me'. Adding certificate verification is strongly advised. See: https://urllib3.readthedocs.io/en/latest/advanced-usage.html#tls-warnings
  warnings.warn(</msg>
<msg time="2024-03-23T01:50:22.267010" level="INFO">${response} = &lt;Response [200]&gt;</msg>
<var>${response}</var>
<arg>consultarAPI</arg>
<arg>/api</arg>
<doc>Sends a GET request on a previously created HTTP Session.</doc>
<status status="PASS" start="2024-03-23T01:50:22.168625" elapsed="0.098429"/>
</kw>
<kw name="Set Variable" owner="BuiltIn">
<msg time="2024-03-23T01:50:22.267885" level="INFO">${json_data} = {'results': [{'gender': 'female', 'name': {'title': 'Mrs', 'first': 'Oona', 'last': 'Heikkinen'}, 'location': {'street': {'number': 1659, 'name': 'Rautatienkatu'}, 'city': 'Pihtipudas', 'state': 'Tava...</msg>
<var>${json_data}</var>
<arg>${response.json()}</arg>
<doc>Returns the given values which can then be assigned to a variables.</doc>
<status status="PASS" start="2024-03-23T01:50:22.267441" elapsed="0.000473"/>
</kw>
<kw name="Log" owner="BuiltIn">
<msg time="2024-03-23T01:50:22.268376" level="INFO">{'results': [{'gender': 'female', 'name': {'title': 'Mrs', 'first': 'Oona', 'last': 'Heikkinen'}, 'location': {'street': {'number': 1659, 'name': 'Rautatienkatu'}, 'city': 'Pihtipudas', 'state': 'Tavastia Proper', 'country': 'Finland', 'postcode': 47644, 'coordinates': {'latitude': '-23.9159', 'longitude': '32.3160'}, 'timezone': {'offset': '-10:00', 'description': 'Hawaii'}}, 'email': 'oona.heikkinen@example.com', 'login': {'uuid': 'b2812aae-682a-411c-a900-4e736c63397b', 'username': 'angryelephant910', 'password': '456789', 'salt': 'GkPhhUNL', 'md5': '5cff7f18d110e985ef718f580a7698e5', 'sha1': '1bd61d14ad5dc7faa9f2a5850795c9258be2e6e7', 'sha256': '6e0b9221d5d0222f53ce76b89dafb19694f1a0bdafa4c1cb51ccd03278bb3519'}, 'dob': {'date': '1971-09-03T05:28:38.939Z', 'age': 52}, 'registered': {'date': '2006-08-07T17:43:24.090Z', 'age': 17}, 'phone': '08-411-547', 'cell': '049-229-76-51', 'id': {'name': 'HETU', 'value': 'NaNNA104undefined'}, 'picture': {'large': 'https://randomuser.me/api/portraits/women/38.jpg', 'medium': 'https://randomuser.me/api/portraits/med/women/38.jpg', 'thumbnail': 'https://randomuser.me/api/portraits/thumb/women/38.jpg'}, 'nat': 'FI'}], 'info': {'seed': '5d3fe3daecce8da7', 'results': 1, 'page': 1, 'version': '1.4'}}</msg>
<arg>${json_data}</arg>
<doc>Logs the given message with the given level.</doc>
<status status="PASS" start="2024-03-23T01:50:22.268222" elapsed="0.000235"/>
</kw>
<kw name="Should Be Equal As Numbers" owner="BuiltIn">
<arg>${json_data['results'][0]['location']['postcode']}</arg>
<arg>${json_data['results'][0]['location']['postcode']}</arg>
<doc>Fails if objects are unequal after converting them to real numbers.</doc>
<status status="PASS" start="2024-03-23T01:50:22.268767" elapsed="0.000637"/>
</kw>
<kw name="Log" owner="BuiltIn">
<msg time="2024-03-23T01:50:22.269946" level="INFO">47644</msg>
<arg>${json_data['results'][0]['location']['postcode']}</arg>
<doc>Logs the given message with the given level.</doc>
<status status="PASS" start="2024-03-23T01:50:22.269600" elapsed="0.000400"/>
</kw>
<status status="PASS" start="2024-03-23T01:50:22.168124" elapsed="0.102134"/>
</kw>
<doc>Testa se os tipos de dados na resposta da API estão corretos.</doc>
<tag>testeTiposDados</tag>
<status status="PASS" start="2024-03-23T01:50:22.068118" elapsed="0.202307"/>
</test>
<test id="s1-s1-t5" name="Validar conteudo" line="35">
<kw name="Teste de Tipos de Conteudo" owner="random-user-service">
<kw name="GET On Session" owner="RequestsLibrary">
<msg time="2024-03-23T01:50:22.365845" level="INFO">GET Request : url=https://randomuser.me/api 
 path_url=/api 
 headers={'User-Agent': 'python-requests/2.31.0', 'Accept-Encoding': 'gzip, deflate', 'Accept': '*/*', 'Connection': 'keep-alive'} 
 body=None 
 </msg>
<msg time="2024-03-23T01:50:22.365953" level="INFO">GET Response : url=https://randomuser.me/api 
 status=200, reason=OK 
 headers={'Date': 'Sat, 23 Mar 2024 01:50:22 GMT', 'Content-Type': 'application/json; charset=utf-8', 'Transfer-Encoding': 'chunked', 'Connection': 'keep-alive', 'X-Powered-By': 'Express', 'Access-Control-Allow-Origin': '*', 'Cache-Control': 'no-cache', 'ETag': 'W/"48d-v38I3Ta+xj8cqFOO8VIuDjDDShU"', 'Vary': 'Accept-Encoding', 'Content-Encoding': 'gzip', 'CF-Cache-Status': 'DYNAMIC', 'Report-To': '{"endpoints":[{"url":"https:\\/\\/a.nel.cloudflare.com\\/report\\/v4?s=tMQKrthfgylu1HgqFL%2BVXjPkARhqySG01zKtrQcdRJ34dIKkEWxElDBvSK0JiOzN1Qu45o%2FFLBLZc9nciwXop%2Fcg1l8Rbq5SKGGxhwoJ%2Bg8coFmR82C8%2Fh4LMYg5zeqn"}],"group":"cf-nel","max_age":604800}', 'NEL': '{"success_fraction":0,"report_to":"cf-nel","max_age":604800}', 'Server': 'cloudflare', 'CF-RAY': '868ac52d4ee6f953-SJC', 'alt-svc': 'h3=":443"; ma=86400'} 
 body={"results":[{"gender":"female","name":{"title":"Miss","first":"Afet","last":"Karaböcek"},"location":{"street":{"number":2531,"name":"Vatan Cd"},"city":"Şanlıurfa","state":"Iğdır","country":"Turkey","postcode":81966,"coordinates":{"latitude":"72.1432","longitude":"175.0059"},"timezone":{"offset":"+9:00","description":"Tokyo, Seoul, Osaka, Sapporo, Yakutsk"}},"email":"afet.karabocek@example.com","login":{"uuid":"074e4fcf-ca19-4422-a74b-5ed6d2d3628a","username":"sadfrog924","password":"cottage","salt":"OgMqik4E","md5":"3fe7d5a3b53428a5bb8cc316c6d4bf57","sha1":"9ae07abb5432ce7d9af9cdd65148298d6bdbb748","sha256":"4d8192c3d001309b7ce92ed3b1bf50804604aea557b420d7408abf97b9663022"},"dob":{"date":"1991-07-07T16:51:27.562Z","age":32},"registered":{"date":"2010-10-06T23:23:13.503Z","age":13},"phone":"(182)-415-6576","cell":"(423)-674-5813","id":{"name":"","value":null},"picture":{"large":"https://randomuser.me/api/portraits/women/79.jpg","medium":"https://randomuser.me/api/portraits/med/women/79.jpg","thumbnail":"https://randomuser.me/api/portraits/thumb/women/79.jpg"},"nat":"TR"}],"info":{"seed":"c6a328969526e4d0","results":1,"page":1,"version":"1.4"}} 
 </msg>
<msg time="2024-03-23T01:50:22.366035" level="INFO">/opt/hostedtoolcache/Python/3.12.2/x64/lib/python3.12/site-packages/urllib3/connectionpool.py:1103: InsecureRequestWarning: Unverified HTTPS request is being made to host 'randomuser.me'. Adding certificate verification is strongly advised. See: https://urllib3.readthedocs.io/en/latest/advanced-usage.html#tls-warnings
  warnings.warn(</msg>
<msg time="2024-03-23T01:50:22.366164" level="INFO">${response} = &lt;Response [200]&gt;</msg>
<var>${response}</var>
<arg>consultarAPI</arg>
<arg>/api</arg>
<doc>Sends a GET request on a previously created HTTP Session.</doc>
<status status="PASS" start="2024-03-23T01:50:22.273366" elapsed="0.092845"/>
</kw>
<kw name="Set Variable" owner="BuiltIn">
<msg time="2024-03-23T01:50:22.367262" level="INFO">${json_data} = {'results': [{'gender': 'female', 'name': {'title': 'Miss', 'first': 'Afet', 'last': 'Karaböcek'}, 'location': {'street': {'number': 2531, 'name': 'Vatan Cd'}, 'city': 'Şanlıurfa', 'state': 'Iğdır', '...</msg>
<var>${json_data}</var>
<arg>${response.json()}</arg>
<doc>Returns the given values which can then be assigned to a variables.</doc>
<status status="PASS" start="2024-03-23T01:50:22.366721" elapsed="0.000572"/>
</kw>
<kw name="Set Variable" owner="BuiltIn">
<msg time="2024-03-23T01:50:22.367982" level="INFO">${name_title} = Miss</msg>
<var>${name_title}</var>
<arg>${json_data["results"][0]["name"]["title"]}</arg>
<doc>Returns the given values which can then be assigned to a variables.</doc>
<status status="PASS" start="2024-03-23T01:50:22.367603" elapsed="0.000404"/>
</kw>
<kw name="Create List" owner="BuiltIn">
<msg time="2024-03-23T01:50:22.368454" level="INFO">${allowed_titles} = ['Mr', 'Ms', 'Miss', 'Mrs', 'Madame', 'Monsieur']</msg>
<var>${allowed_titles}</var>
<arg>Mr</arg>
<arg>Ms</arg>
<arg>Miss</arg>
<arg>Mrs</arg>
<arg>Madame</arg>
<arg>Monsieur</arg>
<doc>Returns a list containing given items.</doc>
<status status="PASS" start="2024-03-23T01:50:22.368306" elapsed="0.000172"/>
</kw>
<kw name="List Should Contain Value" owner="Collections">
<msg time="2024-03-23T01:50:22.368954" level="INFO">False</msg>
<arg>${allowed_titles}</arg>
<arg>${name_title}</arg>
<doc>Fails if the ``value`` is not found from ``list``.</doc>
<status status="PASS" start="2024-03-23T01:50:22.368781" elapsed="0.000215"/>
</kw>
<kw name="Set Variable" owner="BuiltIn">
<msg time="2024-03-23T01:50:22.369656" level="INFO">${name_country} = TR</msg>
<var>${name_country}</var>
<arg>${json_data["results"][0]["nat"]}</arg>
<doc>Returns the given values which can then be assigned to a variables.</doc>
<status status="PASS" start="2024-03-23T01:50:22.369281" elapsed="0.000400"/>
</kw>
<kw name="Create List" owner="BuiltIn">
<msg time="2024-03-23T01:50:22.370588" level="INFO">${list_country} = ['AD', 'AE', 'AF', 'AG', 'AI', 'AL', 'AM', 'AO', 'AQ', 'AR', 'AS', 'AT', 'AU', 'AW', 'AX', 'AZ', 'BA', 'BB', 'BD', 'BE', 'BF', 'BG', 'BH', 'BI', 'BJ', 'BL', 'BM', 'BN', 'BO', 'BQ', 'BR', 'BS', 'BT', '...</msg>
<var>${list_country}</var>
<arg>AD</arg>
<arg>AE</arg>
<arg>AF</arg>
<arg>AG</arg>
<arg>AI</arg>
<arg>AL</arg>
<arg>AM</arg>
<arg>AO</arg>
<arg>AQ</arg>
<arg>AR</arg>
<arg>AS</arg>
<arg>AT</arg>
<arg>AU</arg>
<arg>AW</arg>
<arg>AX</arg>
<arg>AZ</arg>
<arg>BA</arg>
<arg>BB</arg>
<arg>BD</arg>
<arg>BE</arg>
<arg>BF</arg>
<arg>BG</arg>
<arg>BH</arg>
<arg>BI</arg>
<arg>BJ</arg>
<arg>BL</arg>
<arg>BM</arg>
<arg>BN</arg>
<arg>BO</arg>
<arg>BQ</arg>
<arg>BR</arg>
<arg>BS</arg>
<arg>BT</arg>
<arg>BV</arg>
<arg>BW</arg>
<arg>BY</arg>
<arg>BZ</arg>
<arg>CA</arg>
<arg>CC</arg>
<arg>CD</arg>
<arg>CF</arg>
<arg>CG</arg>
<arg>CH</arg>
<arg>CI</arg>
<arg>CK</arg>
<arg>CL</arg>
<arg>CM</arg>
<arg>CN</arg>
<arg>CO</arg>
<arg>CR</arg>
<arg>CU</arg>
<arg>CV</arg>
<arg>CW</arg>
<arg>CX</arg>
<arg>CY</arg>
<arg>CZ</arg>
<arg>DE</arg>
<arg>DJ</arg>
<arg>DK</arg>
<arg>DM</arg>
<arg>DO</arg>
<arg>DZ</arg>
<arg>EC</arg>
<arg>EE</arg>
<arg>EG</arg>
<arg>EH</arg>
<arg>ER</arg>
<arg>ES</arg>
<arg>ET</arg>
<arg>FI</arg>
<arg>FJ</arg>
<arg>FK</arg>
<arg>FM</arg>
<arg>FO</arg>
<arg>FR</arg>
<arg>GA</arg>
<arg>GB</arg>
<arg>GD</arg>
<arg>GE</arg>
<arg>GF</arg>
<arg>GG</arg>
<arg>GH</arg>
<arg>GI</arg>
<arg>GL</arg>
<arg>GM</arg>
<arg>GN</arg>
<arg>GP</arg>
<arg>GQ</arg>
<arg>GR</arg>
<arg>GS</arg>
<arg>GT</arg>
<arg>GU</arg>
<arg>GW</arg>
<arg>GY</arg>
<arg>HK</arg>
<arg>HM</arg>
<arg>HN</arg>
<arg>HR</arg>
<arg>HT</arg>
<arg>HU</arg>
<arg>ID</arg>
<arg>IE</arg>
<arg>IL</arg>
<arg>IM</arg>
<arg>IN</arg>
<arg>IO</arg>
<arg>IQ</arg>
<arg>IR</arg>
<arg>IS</arg>
<arg>IT</arg>
<arg>JE</arg>
<arg>JM</arg>
<arg>JO</arg>
<arg>JP</arg>
<arg>KE</arg>
<arg>KG</arg>
<arg>KH</arg>
<arg>KI</arg>
<arg>KM</arg>
<arg>KN</arg>
<arg>KP</arg>
<arg>KR</arg>
<arg>KW</arg>
<arg>KY</arg>
<arg>KZ</arg>
<arg>LA</arg>
<arg>LB</arg>
<arg>LC</arg>
<arg>LI</arg>
<arg>LK</arg>
<arg>LR</arg>
<arg>LS</arg>
<arg>LT</arg>
<arg>LU</arg>
<arg>LV</arg>
<arg>LY</arg>
<arg>MA</arg>
<arg>MC</arg>
<arg>MD</arg>
<arg>ME</arg>
<arg>MF</arg>
<arg>MG</arg>
<arg>MH</arg>
<arg>MK</arg>
<arg>ML</arg>
<arg>MM</arg>
<arg>MN</arg>
<arg>MO</arg>
<arg>MP</arg>
<arg>MQ</arg>
<arg>MR</arg>
<arg>MS</arg>
<arg>MT</arg>
<arg>MU</arg>
<arg>MV</arg>
<arg>MW</arg>
<arg>MX</arg>
<arg>MY</arg>
<arg>MZ</arg>
<arg>NA</arg>
<arg>NC</arg>
<arg>NE</arg>
<arg>NF</arg>
<arg>NG</arg>
<arg>NI</arg>
<arg>NL</arg>
<arg>NO</arg>
<arg>NP</arg>
<arg>NR</arg>
<arg>NU</arg>
<arg>NZ</arg>
<arg>OM</arg>
<arg>PA</arg>
<arg>PE</arg>
<arg>PF</arg>
<arg>PG</arg>
<arg>PH</arg>
<arg>PK</arg>
<arg>PL</arg>
<arg>PM</arg>
<arg>PN</arg>
<arg>PR</arg>
<arg>PS</arg>
<arg>PT</arg>
<arg>PW</arg>
<arg>PY</arg>
<arg>QA</arg>
<arg>RE</arg>
<arg>RO</arg>
<arg>RS</arg>
<arg>RU</arg>
<arg>RW</arg>
<arg>SA</arg>
<arg>SB</arg>
<arg>SC</arg>
<arg>SD</arg>
<arg>SE</arg>
<arg>SG</arg>
<arg>SH</arg>
<arg>SI</arg>
<arg>SJ</arg>
<arg>SK</arg>
<arg>SL</arg>
<arg>SM</arg>
<arg>SN</arg>
<arg>SO</arg>
<arg>SR</arg>
<arg>SS</arg>
<arg>ST</arg>
<arg>SV</arg>
<arg>SX</arg>
<arg>SY</arg>
<arg>SZ</arg>
<arg>TC</arg>
<arg>TD</arg>
<arg>TF</arg>
<arg>TG</arg>
<arg>TH</arg>
<arg>TJ</arg>
<arg>TK</arg>
<arg>TL</arg>
<arg>TM</arg>
<arg>TN</arg>
<arg>TO</arg>
<arg>TR</arg>
<arg>TT</arg>
<arg>TV</arg>
<arg>TW</arg>
<arg>TZ</arg>
<arg>UA</arg>
<arg>UG</arg>
<arg>UM</arg>
<arg>US</arg>
<arg>UY</arg>
<arg>UZ</arg>
<arg>VA</arg>
<arg>VC</arg>
<arg>VE</arg>
<arg>VG</arg>
<arg>VI</arg>
<arg>VN</arg>
<arg>VU</arg>
<arg>WF</arg>
<arg>WS</arg>
<arg>XK</arg>
<arg>YE</arg>
<arg>YT</arg>
<arg>ZA</arg>
<arg>ZM</arg>
<arg>ZW</arg>
<doc>Returns a list containing given items.</doc>
<status status="PASS" start="2024-03-23T01:50:22.369987" elapsed="0.000626"/>
</kw>
<kw name="List Should Contain Value" owner="Collections">
<msg time="2024-03-23T01:50:22.371768" level="INFO">False</msg>
<arg>${list_country}</arg>
<arg>${name_country}</arg>
<doc>Fails if the ``value`` is not found from ``list``.</doc>
<status status="PASS" start="2024-03-23T01:50:22.371562" elapsed="0.000244"/>
</kw>
<kw name="Run Keyword If" owner="BuiltIn">
<kw name="Should Be True" owner="BuiltIn">
<arg>${True}</arg>
<doc>Fails if the given condition is not true.</doc>
<status status="PASS" start="2024-03-23T01:50:22.372880" elapsed="0.000146"/>
</kw>
<arg>${json_data["results"][0]["location"]["coordinates"]["latitude"]} &gt;= -90 and ${json_data["results"][0]["location"]["coordinates"]["latitude"]} &lt;= 90</arg>
<arg>Should Be True</arg>
<arg>${True}</arg>
<doc>Runs the given keyword with the given arguments, if ``condition`` is true.</doc>
<status status="PASS" start="2024-03-23T01:50:22.372118" elapsed="0.001048"/>
</kw>
<kw name="Run Keyword If" owner="BuiltIn">
<kw name="Should Be True" owner="BuiltIn">
<arg>${True}</arg>
<doc>Fails if the given condition is not true.</doc>
<status status="PASS" start="2024-03-23T01:50:22.374042" elapsed="0.000140"/>
</kw>
<arg>${json_data["results"][0]["location"]["coordinates"]["longitude"]} &gt;= -180 and ${json_data["results"][0]["location"]["coordinates"]["longitude"]} &lt;= 180</arg>
<arg>Should Be True</arg>
<arg>${True}</arg>
<doc>Runs the given keyword with the given arguments, if ``condition`` is true.</doc>
<status status="PASS" start="2024-03-23T01:50:22.373353" elapsed="0.000955"/>
</kw>
<status status="PASS" start="2024-03-23T01:50:22.272997" elapsed="0.101445"/>
</kw>
<doc>Testa o conteúdo específico dos campos retornados pela API.</doc>
<tag>testeConteudo</tag>
<status status="PASS" start="2024-03-23T01:50:22.272317" elapsed="0.102283"/>
</test>
<status status="PASS" start="2024-03-23T01:50:21.518969" elapsed="0.857539"/>
</suite>
<status status="PASS" start="2024-03-23T01:50:21.505207" elapsed="0.876610"/>
</suite>
<statistics>
<total>
<stat pass="5" fail="0" skip="0">All Tests</stat>
</total>
<tag>
<stat pass="1" fail="0" skip="0">testeConteudo</stat>
<stat pass="1" fail="0" skip="0">testeEstruturaResposta</stat>
<stat pass="1" fail="0" skip="0">testeRequisicaoBasica</stat>
<stat pass="1" fail="0" skip="0">testeTiposDados</stat>
</tag>
<suite>
<stat pass="5" fail="0" skip="0" id="s1" name="Tests">Tests</stat>
<stat pass="5" fail="0" skip="0" id="s1-s1" name="Random-User-Test">Tests.Random-User-Test</stat>
</suite>
</statistics>
<errors>
</errors>
</robot>
