<?xml version="1.0" encoding="UTF-8"?>
<robot generator="Robot 7.0 (Python 3.12.2 on linux)" generated="2024-04-07T05:14:47.577577" rpa="false" schemaversion="5">
<suite id="s1" name="Tests" source="/home/runner/work/DesafioQAItauRogerioJordao/DesafioQAItauRogerioJordao/RamdonUser/tests">
<suite id="s1-s1" name="Random-User-Test" source="/home/runner/work/DesafioQAItauRogerioJordao/DesafioQAItauRogerioJordao/RamdonUser/tests/random-user-test.robot">
<test id="s1-s1-t1" name="Conectar" line="13">
<kw name="Conectar API" owner="random-user-service">
<kw name="Create Session" owner="RequestsLibrary">
<msg time="2024-04-07T05:14:48.004561" level="INFO">Creating Session using : alias=consultarAPI, url=https://randomuser.me/, headers={},                     cookies={}, auth=None, timeout=None, proxies=None, verify=False,                     debug=0 </msg>
<arg>consultarAPI</arg>
<arg>${URL}</arg>
<doc>Create Session: create a HTTP session to a server</doc>
<status status="PASS" start="2024-04-07T05:14:48.004353" elapsed="0.000425"/>
</kw>
<status status="PASS" start="2024-04-07T05:14:48.003308" elapsed="0.001852"/>
</kw>
<status status="PASS" start="2024-04-07T05:14:48.002650" elapsed="0.002732"/>
</test>
<test id="s1-s1-t2" name="Validar retorno 200 e JSON Válido" line="16">
<kw name="Teste de Requisicao Basica" owner="random-user-service">
<kw name="GET On Session" owner="RequestsLibrary">
<msg time="2024-04-07T05:14:48.086590" level="INFO">GET Request : url=https://randomuser.me/api 
 path_url=/api 
 headers={'User-Agent': 'python-requests/2.31.0', 'Accept-Encoding': 'gzip, deflate', 'Accept': '*/*', 'Connection': 'keep-alive'} 
 body=None 
 </msg>
<msg time="2024-04-07T05:14:48.086726" level="INFO">GET Response : url=https://randomuser.me/api 
 status=200, reason=OK 
 headers={'Date': 'Sun, 07 Apr 2024 05:14:48 GMT', 'Content-Type': 'application/json; charset=utf-8', 'Transfer-Encoding': 'chunked', 'Connection': 'keep-alive', 'X-Powered-By': 'Express', 'Access-Control-Allow-Origin': '*', 'Cache-Control': 'no-cache', 'ETag': 'W/"492-6TT/Q1VmYYyxLglnuBcbd+CEyR8"', 'Vary': 'Accept-Encoding', 'Content-Encoding': 'gzip', 'CF-Cache-Status': 'DYNAMIC', 'Report-To': '{"endpoints":[{"url":"https:\\/\\/a.nel.cloudflare.com\\/report\\/v4?s=x%2FxxqGUMmaIawOXxFfj28Qag9zw9t7gyo2uCf0WAkgGFpP7TzXD2mbVdiCxNGKaw5f2og7iwZJvRTOkZuTvxSJnNZmsIdS%2FgiyGJR7CLn2pWgtznfUP%2FLwYJupXSVPad"}],"group":"cf-nel","max_age":604800}', 'NEL': '{"success_fraction":0,"report_to":"cf-nel","max_age":604800}', 'Server': 'cloudflare', 'CF-RAY': '870789425852231b-ORD', 'alt-svc': 'h3=":443"; ma=86400'} 
 body={"results":[{"gender":"male","name":{"title":"Mr","first":"Gabriel","last":"Esteban"},"location":{"street":{"number":6061,"name":"Calle Covadonga"},"city":"Albacete","state":"Región de Murcia","country":"Spain","postcode":58528,"coordinates":{"latitude":"-32.0485","longitude":"-19.7683"},"timezone":{"offset":"-7:00","description":"Mountain Time (US &amp; Canada)"}},"email":"gabriel.esteban@example.com","login":{"uuid":"633930f8-4a71-4bc4-a5a3-4ea53c17d96f","username":"purpleelephant329","password":"foster","salt":"pOBfTXpM","md5":"f21d5cd6e64c24cac36e841dce64e7f2","sha1":"0f9c2b4914f1cb67eaba0246342882c4e8bfcbe1","sha256":"9bca5f44a4f6b6c91a48d141288298b7208182172aa63eb8475c4d64236b333f"},"dob":{"date":"1994-10-28T00:38:59.201Z","age":29},"registered":{"date":"2015-06-08T17:37:44.695Z","age":8},"phone":"928-148-549","cell":"648-422-816","id":{"name":"DNI","value":"31962457-K"},"picture":{"large":"https://randomuser.me/api/portraits/men/32.jpg","medium":"https://randomuser.me/api/portraits/med/men/32.jpg","thumbnail":"https://randomuser.me/api/portraits/thumb/men/32.jpg"},"nat":"ES"}],"info":{"seed":"310169bebca01a20","results":1,"page":1,"version":"1.4"}} 
 </msg>
<msg time="2024-04-07T05:14:48.086829" level="INFO">/opt/hostedtoolcache/Python/3.12.2/x64/lib/python3.12/site-packages/urllib3/connectionpool.py:1103: InsecureRequestWarning: Unverified HTTPS request is being made to host 'randomuser.me'. Adding certificate verification is strongly advised. See: https://urllib3.readthedocs.io/en/latest/advanced-usage.html#tls-warnings
  warnings.warn(</msg>
<msg time="2024-04-07T05:14:48.086972" level="INFO">${response} = &lt;Response [200]&gt;</msg>
<var>${response}</var>
<arg>consultarAPI</arg>
<arg>/api</arg>
<doc>Sends a GET request on a previously created HTTP Session.</doc>
<status status="PASS" start="2024-04-07T05:14:48.008208" elapsed="0.078810"/>
</kw>
<kw name="Should Be Equal As Numbers" owner="BuiltIn">
<msg time="2024-04-07T05:14:48.087927" level="INFO">Argument types are:
&lt;class 'int'&gt;
&lt;class 'str'&gt;</msg>
<arg>${response.status_code}</arg>
<arg>200</arg>
<doc>Fails if objects are unequal after converting them to real numbers.</doc>
<status status="PASS" start="2024-04-07T05:14:48.087487" elapsed="0.000510"/>
</kw>
<kw name="Log" owner="BuiltIn">
<msg time="2024-04-07T05:14:48.088738" level="INFO">200</msg>
<arg>${response.status_code}</arg>
<doc>Logs the given message with the given level.</doc>
<status status="PASS" start="2024-04-07T05:14:48.088332" elapsed="0.000460"/>
</kw>
<kw name="Set Variable" owner="BuiltIn">
<msg time="2024-04-07T05:14:48.089619" level="INFO">${json_data} = {'results': [{'gender': 'male', 'name': {'title': 'Mr', 'first': 'Gabriel', 'last': 'Esteban'}, 'location': {'street': {'number': 6061, 'name': 'Calle Covadonga'}, 'city': 'Albacete', 'state': 'Región...</msg>
<var>${json_data}</var>
<arg>${response.json()}</arg>
<doc>Returns the given values which can then be assigned to a variables.</doc>
<status status="PASS" start="2024-04-07T05:14:48.089145" elapsed="0.000505"/>
</kw>
<kw name="Dictionary Should Contain Key" owner="Collections">
<msg time="2024-04-07T05:14:48.090148" level="INFO">False</msg>
<arg>${json_data}</arg>
<arg>results</arg>
<doc>Fails if ``key`` is not found from ``dictionary``.</doc>
<status status="PASS" start="2024-04-07T05:14:48.089972" elapsed="0.000217"/>
</kw>
<status status="PASS" start="2024-04-07T05:14:48.007940" elapsed="0.082520"/>
</kw>
<doc>Testa se a API responde corretamente e retorna um objeto JSON válido.</doc>
<tag>testeRequisicaoBasica</tag>
<status status="PASS" start="2024-04-07T05:14:48.007353" elapsed="0.083307"/>
</test>
<test id="s1-s1-t3" name="Validar estrutura de resposta" line="22">
<kw name="Teste de Estrutura de Resposta" owner="random-user-service">
<kw name="GET On Session" owner="RequestsLibrary">
<msg time="2024-04-07T05:14:48.186449" level="INFO">GET Request : url=https://randomuser.me/api 
 path_url=/api 
 headers={'User-Agent': 'python-requests/2.31.0', 'Accept-Encoding': 'gzip, deflate', 'Accept': '*/*', 'Connection': 'keep-alive'} 
 body=None 
 </msg>
<msg time="2024-04-07T05:14:48.186518" level="INFO">GET Response : url=https://randomuser.me/api 
 status=200, reason=OK 
 headers={'Date': 'Sun, 07 Apr 2024 05:14:48 GMT', 'Content-Type': 'application/json; charset=utf-8', 'Transfer-Encoding': 'chunked', 'Connection': 'keep-alive', 'X-Powered-By': 'Express', 'Access-Control-Allow-Origin': '*', 'Cache-Control': 'no-cache', 'ETag': 'W/"48f-eXGdNDWeBBJrMgCkxZwQ9a2oT0M"', 'Vary': 'Accept-Encoding', 'Content-Encoding': 'gzip', 'CF-Cache-Status': 'DYNAMIC', 'Report-To': '{"endpoints":[{"url":"https:\\/\\/a.nel.cloudflare.com\\/report\\/v4?s=KO74MzAX%2FgYB9DjVu5MyOvYa8lI%2Bie9663tK%2FZ2%2BMX0XGfSCIsUH6AqmnAFkNdALKfxZ%2BqgenjwhsMEpZlT8J8MAeeu6OAUxtmSnv0r9BU4vY1Ls4r4om7Ka%2FW502KDL"}],"group":"cf-nel","max_age":604800}', 'NEL': '{"success_fraction":0,"report_to":"cf-nel","max_age":604800}', 'Server': 'cloudflare', 'CF-RAY': '87078942988e231b-ORD', 'alt-svc': 'h3=":443"; ma=86400'} 
 body={"results":[{"gender":"male","name":{"title":"Monsieur","first":"Bekim","last":"Bonnet"},"location":{"street":{"number":1032,"name":"Place de L'Abbé-Georges-Hénocque"},"city":"Muri bei Bern","state":"Ticino","country":"Switzerland","postcode":3954,"coordinates":{"latitude":"-61.9251","longitude":"-112.2403"},"timezone":{"offset":"-10:00","description":"Hawaii"}},"email":"bekim.bonnet@example.com","login":{"uuid":"111139c1-ae90-430e-81a2-e35053d23173","username":"redcat916","password":"army","salt":"P4Jcoc4r","md5":"c7f7246963a0f9f8472c8ab5cc1ed22a","sha1":"fe917d988c091f5ce83e33cc645726c7c58c7c28","sha256":"3dc943818e75e3a8b1bf75bb47dd8b20da789403cb6d6d2fd3beedd919cb3ad7"},"dob":{"date":"1957-02-19T20:03:35.609Z","age":67},"registered":{"date":"2009-04-07T06:01:18.638Z","age":14},"phone":"076 812 04 27","cell":"077 500 30 16","id":{"name":"AVS","value":"756.2157.8428.14"},"picture":{"large":"https://randomuser.me/api/portraits/men/6.jpg","medium":"https://randomuser.me/api/portraits/med/men/6.jpg","thumbnail":"https://randomuser.me/api/portraits/thumb/men/6.jpg"},"nat":"CH"}],"info":{"seed":"4e5d6f62143d64c4","results":1,"page":1,"version":"1.4"}} 
 </msg>
<msg time="2024-04-07T05:14:48.186629" level="INFO">/opt/hostedtoolcache/Python/3.12.2/x64/lib/python3.12/site-packages/urllib3/connectionpool.py:1103: InsecureRequestWarning: Unverified HTTPS request is being made to host 'randomuser.me'. Adding certificate verification is strongly advised. See: https://urllib3.readthedocs.io/en/latest/advanced-usage.html#tls-warnings
  warnings.warn(</msg>
<msg time="2024-04-07T05:14:48.186747" level="INFO">${response} = &lt;Response [200]&gt;</msg>
<var>${response}</var>
<arg>consultarAPI</arg>
<arg>/api</arg>
<doc>Sends a GET request on a previously created HTTP Session.</doc>
<status status="PASS" start="2024-04-07T05:14:48.093774" elapsed="0.093015"/>
</kw>
<kw name="Set Variable" owner="BuiltIn">
<msg time="2024-04-07T05:14:48.187664" level="INFO">${json_data} = {'results': [{'gender': 'male', 'name': {'title': 'Monsieur', 'first': 'Bekim', 'last': 'Bonnet'}, 'location': {'street': {'number': 1032, 'name': "Place de L'Abbé-Georges-Hénocque"}, 'city': 'Muri be...</msg>
<var>${json_data}</var>
<arg>${response.json()}</arg>
<doc>Returns the given values which can then be assigned to a variables.</doc>
<status status="PASS" start="2024-04-07T05:14:48.187167" elapsed="0.000528"/>
</kw>
<kw name="Log" owner="BuiltIn">
<msg time="2024-04-07T05:14:48.188196" level="INFO">{'results': [{'gender': 'male', 'name': {'title': 'Monsieur', 'first': 'Bekim', 'last': 'Bonnet'}, 'location': {'street': {'number': 1032, 'name': "Place de L'Abbé-Georges-Hénocque"}, 'city': 'Muri bei Bern', 'state': 'Ticino', 'country': 'Switzerland', 'postcode': 3954, 'coordinates': {'latitude': '-61.9251', 'longitude': '-112.2403'}, 'timezone': {'offset': '-10:00', 'description': 'Hawaii'}}, 'email': 'bekim.bonnet@example.com', 'login': {'uuid': '111139c1-ae90-430e-81a2-e35053d23173', 'username': 'redcat916', 'password': 'army', 'salt': 'P4Jcoc4r', 'md5': 'c7f7246963a0f9f8472c8ab5cc1ed22a', 'sha1': 'fe917d988c091f5ce83e33cc645726c7c58c7c28', 'sha256': '3dc943818e75e3a8b1bf75bb47dd8b20da789403cb6d6d2fd3beedd919cb3ad7'}, 'dob': {'date': '1957-02-19T20:03:35.609Z', 'age': 67}, 'registered': {'date': '2009-04-07T06:01:18.638Z', 'age': 14}, 'phone': '076 812 04 27', 'cell': '077 500 30 16', 'id': {'name': 'AVS', 'value': '756.2157.8428.14'}, 'picture': {'large': 'https://randomuser.me/api/portraits/men/6.jpg', 'medium': 'https://randomuser.me/api/portraits/med/men/6.jpg', 'thumbnail': 'https://randomuser.me/api/portraits/thumb/men/6.jpg'}, 'nat': 'CH'}], 'info': {'seed': '4e5d6f62143d64c4', 'results': 1, 'page': 1, 'version': '1.4'}}</msg>
<arg>${json_data}</arg>
<doc>Logs the given message with the given level.</doc>
<status status="PASS" start="2024-04-07T05:14:48.188025" elapsed="0.000223"/>
</kw>
<kw name="Dictionary Should Contain Key" owner="Collections">
<msg time="2024-04-07T05:14:48.188764" level="INFO">False</msg>
<arg>${json_data}</arg>
<arg>results</arg>
<doc>Fails if ``key`` is not found from ``dictionary``.</doc>
<status status="PASS" start="2024-04-07T05:14:48.188565" elapsed="0.000243"/>
</kw>
<kw name="Should Not Be Empty" owner="BuiltIn">
<msg time="2024-04-07T05:14:48.189272" level="INFO">Length is 2.</msg>
<arg>${json_data}</arg>
<doc>Verifies that the given item is not empty.</doc>
<status status="PASS" start="2024-04-07T05:14:48.189129" elapsed="0.000184"/>
</kw>
<kw name="Create List" owner="BuiltIn">
<msg time="2024-04-07T05:14:48.189783" level="INFO">${expected_keys} = ['gender', 'name', 'location', 'email', 'login']</msg>
<var>${expected_keys}</var>
<arg>gender</arg>
<arg>name</arg>
<arg>location</arg>
<arg>email</arg>
<arg>login</arg>
<doc>Returns a list containing given items.</doc>
<status status="PASS" start="2024-04-07T05:14:48.189626" elapsed="0.000184"/>
</kw>
<for flavor="IN">
<iter>
<kw name="Dictionary Should Contain Key" owner="Collections">
<msg time="2024-04-07T05:14:48.190848" level="INFO">False</msg>
<arg>${json_data['results'][0]}</arg>
<arg>${key}</arg>
<doc>Fails if ``key`` is not found from ``dictionary``.</doc>
<status status="PASS" start="2024-04-07T05:14:48.190422" elapsed="0.000469"/>
</kw>
<kw name="Log" owner="BuiltIn">
<msg time="2024-04-07T05:14:48.191628" level="INFO">{'gender': 'male', 'name': {'title': 'Monsieur', 'first': 'Bekim', 'last': 'Bonnet'}, 'location': {'street': {'number': 1032, 'name': "Place de L'Abbé-Georges-Hénocque"}, 'city': 'Muri bei Bern', 'state': 'Ticino', 'country': 'Switzerland', 'postcode': 3954, 'coordinates': {'latitude': '-61.9251', 'longitude': '-112.2403'}, 'timezone': {'offset': '-10:00', 'description': 'Hawaii'}}, 'email': 'bekim.bonnet@example.com', 'login': {'uuid': '111139c1-ae90-430e-81a2-e35053d23173', 'username': 'redcat916', 'password': 'army', 'salt': 'P4Jcoc4r', 'md5': 'c7f7246963a0f9f8472c8ab5cc1ed22a', 'sha1': 'fe917d988c091f5ce83e33cc645726c7c58c7c28', 'sha256': '3dc943818e75e3a8b1bf75bb47dd8b20da789403cb6d6d2fd3beedd919cb3ad7'}, 'dob': {'date': '1957-02-19T20:03:35.609Z', 'age': 67}, 'registered': {'date': '2009-04-07T06:01:18.638Z', 'age': 14}, 'phone': '076 812 04 27', 'cell': '077 500 30 16', 'id': {'name': 'AVS', 'value': '756.2157.8428.14'}, 'picture': {'large': 'https://randomuser.me/api/portraits/men/6.jpg', 'medium': 'https://randomuser.me/api/portraits/med/men/6.jpg', 'thumbnail': 'https://randomuser.me/api/portraits/thumb/men/6.jpg'}, 'nat': 'CH'}</msg>
<arg>${json_data['results'][0]}</arg>
<doc>Logs the given message with the given level.</doc>
<status status="PASS" start="2024-04-07T05:14:48.191219" elapsed="0.000462"/>
</kw>
<kw name="Log" owner="BuiltIn">
<msg time="2024-04-07T05:14:48.192144" level="INFO">gender</msg>
<arg>${key}</arg>
<doc>Logs the given message with the given level.</doc>
<status status="PASS" start="2024-04-07T05:14:48.192004" elapsed="0.000182"/>
</kw>
<var name="${key}">gender</var>
<status status="PASS" start="2024-04-07T05:14:48.190288" elapsed="0.002128"/>
</iter>
<iter>
<kw name="Dictionary Should Contain Key" owner="Collections">
<msg time="2024-04-07T05:14:48.193205" level="INFO">False</msg>
<arg>${json_data['results'][0]}</arg>
<arg>${key}</arg>
<doc>Fails if ``key`` is not found from ``dictionary``.</doc>
<status status="PASS" start="2024-04-07T05:14:48.192775" elapsed="0.000470"/>
</kw>
<kw name="Log" owner="BuiltIn">
<msg time="2024-04-07T05:14:48.193986" level="INFO">{'gender': 'male', 'name': {'title': 'Monsieur', 'first': 'Bekim', 'last': 'Bonnet'}, 'location': {'street': {'number': 1032, 'name': "Place de L'Abbé-Georges-Hénocque"}, 'city': 'Muri bei Bern', 'state': 'Ticino', 'country': 'Switzerland', 'postcode': 3954, 'coordinates': {'latitude': '-61.9251', 'longitude': '-112.2403'}, 'timezone': {'offset': '-10:00', 'description': 'Hawaii'}}, 'email': 'bekim.bonnet@example.com', 'login': {'uuid': '111139c1-ae90-430e-81a2-e35053d23173', 'username': 'redcat916', 'password': 'army', 'salt': 'P4Jcoc4r', 'md5': 'c7f7246963a0f9f8472c8ab5cc1ed22a', 'sha1': 'fe917d988c091f5ce83e33cc645726c7c58c7c28', 'sha256': '3dc943818e75e3a8b1bf75bb47dd8b20da789403cb6d6d2fd3beedd919cb3ad7'}, 'dob': {'date': '1957-02-19T20:03:35.609Z', 'age': 67}, 'registered': {'date': '2009-04-07T06:01:18.638Z', 'age': 14}, 'phone': '076 812 04 27', 'cell': '077 500 30 16', 'id': {'name': 'AVS', 'value': '756.2157.8428.14'}, 'picture': {'large': 'https://randomuser.me/api/portraits/men/6.jpg', 'medium': 'https://randomuser.me/api/portraits/med/men/6.jpg', 'thumbnail': 'https://randomuser.me/api/portraits/thumb/men/6.jpg'}, 'nat': 'CH'}</msg>
<arg>${json_data['results'][0]}</arg>
<doc>Logs the given message with the given level.</doc>
<status status="PASS" start="2024-04-07T05:14:48.193596" elapsed="0.000443"/>
</kw>
<kw name="Log" owner="BuiltIn">
<msg time="2024-04-07T05:14:48.194493" level="INFO">name</msg>
<arg>${key}</arg>
<doc>Logs the given message with the given level.</doc>
<status status="PASS" start="2024-04-07T05:14:48.194358" elapsed="0.000176"/>
</kw>
<var name="${key}">name</var>
<status status="PASS" start="2024-04-07T05:14:48.192621" elapsed="0.002144"/>
</iter>
<iter>
<kw name="Dictionary Should Contain Key" owner="Collections">
<msg time="2024-04-07T05:14:48.195477" level="INFO">False</msg>
<arg>${json_data['results'][0]}</arg>
<arg>${key}</arg>
<doc>Fails if ``key`` is not found from ``dictionary``.</doc>
<status status="PASS" start="2024-04-07T05:14:48.195078" elapsed="0.000439"/>
</kw>
<kw name="Log" owner="BuiltIn">
<msg time="2024-04-07T05:14:48.196218" level="INFO">{'gender': 'male', 'name': {'title': 'Monsieur', 'first': 'Bekim', 'last': 'Bonnet'}, 'location': {'street': {'number': 1032, 'name': "Place de L'Abbé-Georges-Hénocque"}, 'city': 'Muri bei Bern', 'state': 'Ticino', 'country': 'Switzerland', 'postcode': 3954, 'coordinates': {'latitude': '-61.9251', 'longitude': '-112.2403'}, 'timezone': {'offset': '-10:00', 'description': 'Hawaii'}}, 'email': 'bekim.bonnet@example.com', 'login': {'uuid': '111139c1-ae90-430e-81a2-e35053d23173', 'username': 'redcat916', 'password': 'army', 'salt': 'P4Jcoc4r', 'md5': 'c7f7246963a0f9f8472c8ab5cc1ed22a', 'sha1': 'fe917d988c091f5ce83e33cc645726c7c58c7c28', 'sha256': '3dc943818e75e3a8b1bf75bb47dd8b20da789403cb6d6d2fd3beedd919cb3ad7'}, 'dob': {'date': '1957-02-19T20:03:35.609Z', 'age': 67}, 'registered': {'date': '2009-04-07T06:01:18.638Z', 'age': 14}, 'phone': '076 812 04 27', 'cell': '077 500 30 16', 'id': {'name': 'AVS', 'value': '756.2157.8428.14'}, 'picture': {'large': 'https://randomuser.me/api/portraits/men/6.jpg', 'medium': 'https://randomuser.me/api/portraits/med/men/6.jpg', 'thumbnail': 'https://randomuser.me/api/portraits/thumb/men/6.jpg'}, 'nat': 'CH'}</msg>
<arg>${json_data['results'][0]}</arg>
<doc>Logs the given message with the given level.</doc>
<status status="PASS" start="2024-04-07T05:14:48.195837" elapsed="0.000438"/>
</kw>
<kw name="Log" owner="BuiltIn">
<msg time="2024-04-07T05:14:48.196752" level="INFO">location</msg>
<arg>${key}</arg>
<doc>Logs the given message with the given level.</doc>
<status status="PASS" start="2024-04-07T05:14:48.196586" elapsed="0.000211"/>
</kw>
<var name="${key}">location</var>
<status status="PASS" start="2024-04-07T05:14:48.194958" elapsed="0.002101"/>
</iter>
<iter>
<kw name="Dictionary Should Contain Key" owner="Collections">
<msg time="2024-04-07T05:14:48.197907" level="INFO">False</msg>
<arg>${json_data['results'][0]}</arg>
<arg>${key}</arg>
<doc>Fails if ``key`` is not found from ``dictionary``.</doc>
<status status="PASS" start="2024-04-07T05:14:48.197492" elapsed="0.000455"/>
</kw>
<kw name="Log" owner="BuiltIn">
<msg time="2024-04-07T05:14:48.198665" level="INFO">{'gender': 'male', 'name': {'title': 'Monsieur', 'first': 'Bekim', 'last': 'Bonnet'}, 'location': {'street': {'number': 1032, 'name': "Place de L'Abbé-Georges-Hénocque"}, 'city': 'Muri bei Bern', 'state': 'Ticino', 'country': 'Switzerland', 'postcode': 3954, 'coordinates': {'latitude': '-61.9251', 'longitude': '-112.2403'}, 'timezone': {'offset': '-10:00', 'description': 'Hawaii'}}, 'email': 'bekim.bonnet@example.com', 'login': {'uuid': '111139c1-ae90-430e-81a2-e35053d23173', 'username': 'redcat916', 'password': 'army', 'salt': 'P4Jcoc4r', 'md5': 'c7f7246963a0f9f8472c8ab5cc1ed22a', 'sha1': 'fe917d988c091f5ce83e33cc645726c7c58c7c28', 'sha256': '3dc943818e75e3a8b1bf75bb47dd8b20da789403cb6d6d2fd3beedd919cb3ad7'}, 'dob': {'date': '1957-02-19T20:03:35.609Z', 'age': 67}, 'registered': {'date': '2009-04-07T06:01:18.638Z', 'age': 14}, 'phone': '076 812 04 27', 'cell': '077 500 30 16', 'id': {'name': 'AVS', 'value': '756.2157.8428.14'}, 'picture': {'large': 'https://randomuser.me/api/portraits/men/6.jpg', 'medium': 'https://randomuser.me/api/portraits/med/men/6.jpg', 'thumbnail': 'https://randomuser.me/api/portraits/thumb/men/6.jpg'}, 'nat': 'CH'}</msg>
<arg>${json_data['results'][0]}</arg>
<doc>Logs the given message with the given level.</doc>
<status status="PASS" start="2024-04-07T05:14:48.198274" elapsed="0.000444"/>
</kw>
<kw name="Log" owner="BuiltIn">
<msg time="2024-04-07T05:14:48.199169" level="INFO">email</msg>
<arg>${key}</arg>
<doc>Logs the given message with the given level.</doc>
<status status="PASS" start="2024-04-07T05:14:48.199031" elapsed="0.000179"/>
</kw>
<var name="${key}">email</var>
<status status="PASS" start="2024-04-07T05:14:48.197343" elapsed="0.002095"/>
</iter>
<iter>
<kw name="Dictionary Should Contain Key" owner="Collections">
<msg time="2024-04-07T05:14:48.200163" level="INFO">False</msg>
<arg>${json_data['results'][0]}</arg>
<arg>${key}</arg>
<doc>Fails if ``key`` is not found from ``dictionary``.</doc>
<status status="PASS" start="2024-04-07T05:14:48.199763" elapsed="0.000439"/>
</kw>
<kw name="Log" owner="BuiltIn">
<msg time="2024-04-07T05:14:48.200946" level="INFO">{'gender': 'male', 'name': {'title': 'Monsieur', 'first': 'Bekim', 'last': 'Bonnet'}, 'location': {'street': {'number': 1032, 'name': "Place de L'Abbé-Georges-Hénocque"}, 'city': 'Muri bei Bern', 'state': 'Ticino', 'country': 'Switzerland', 'postcode': 3954, 'coordinates': {'latitude': '-61.9251', 'longitude': '-112.2403'}, 'timezone': {'offset': '-10:00', 'description': 'Hawaii'}}, 'email': 'bekim.bonnet@example.com', 'login': {'uuid': '111139c1-ae90-430e-81a2-e35053d23173', 'username': 'redcat916', 'password': 'army', 'salt': 'P4Jcoc4r', 'md5': 'c7f7246963a0f9f8472c8ab5cc1ed22a', 'sha1': 'fe917d988c091f5ce83e33cc645726c7c58c7c28', 'sha256': '3dc943818e75e3a8b1bf75bb47dd8b20da789403cb6d6d2fd3beedd919cb3ad7'}, 'dob': {'date': '1957-02-19T20:03:35.609Z', 'age': 67}, 'registered': {'date': '2009-04-07T06:01:18.638Z', 'age': 14}, 'phone': '076 812 04 27', 'cell': '077 500 30 16', 'id': {'name': 'AVS', 'value': '756.2157.8428.14'}, 'picture': {'large': 'https://randomuser.me/api/portraits/men/6.jpg', 'medium': 'https://randomuser.me/api/portraits/med/men/6.jpg', 'thumbnail': 'https://randomuser.me/api/portraits/thumb/men/6.jpg'}, 'nat': 'CH'}</msg>
<arg>${json_data['results'][0]}</arg>
<doc>Logs the given message with the given level.</doc>
<status status="PASS" start="2024-04-07T05:14:48.200515" elapsed="0.000482"/>
</kw>
<kw name="Log" owner="BuiltIn">
<msg time="2024-04-07T05:14:48.201460" level="INFO">login</msg>
<arg>${key}</arg>
<doc>Logs the given message with the given level.</doc>
<status status="PASS" start="2024-04-07T05:14:48.201322" elapsed="0.000286"/>
</kw>
<var name="${key}">login</var>
<status status="PASS" start="2024-04-07T05:14:48.199626" elapsed="0.002242"/>
</iter>
<var>${key}</var>
<value>@{expected_keys}</value>
<status status="PASS" start="2024-04-07T05:14:48.190086" elapsed="0.011919"/>
</for>
<kw name="Create List" owner="BuiltIn">
<msg time="2024-04-07T05:14:48.202362" level="INFO">${expected_keysTwo} = ['username', 'password']</msg>
<var>${expected_keysTwo}</var>
<arg>username</arg>
<arg>password</arg>
<doc>Returns a list containing given items.</doc>
<status status="PASS" start="2024-04-07T05:14:48.202215" elapsed="0.000173"/>
</kw>
<for flavor="IN">
<iter>
<kw name="Dictionary Should Contain Key" owner="Collections">
<msg time="2024-04-07T05:14:48.203324" level="INFO">False</msg>
<arg>${json_data['results'][0]['login']}</arg>
<arg>${keyTwo}</arg>
<doc>Fails if ``key`` is not found from ``dictionary``.</doc>
<status status="PASS" start="2024-04-07T05:14:48.202922" elapsed="0.000442"/>
</kw>
<kw name="Dictionary Should Contain Key" owner="Collections">
<msg time="2024-04-07T05:14:48.204083" level="INFO">False</msg>
<arg>${json_data['results'][0]['login']}</arg>
<arg>${keyTwo}</arg>
<doc>Fails if ``key`` is not found from ``dictionary``.</doc>
<status status="PASS" start="2024-04-07T05:14:48.203677" elapsed="0.000446"/>
</kw>
<kw name="Log" owner="BuiltIn">
<msg time="2024-04-07T05:14:48.204571" level="INFO">username</msg>
<arg>${keyTwo}</arg>
<doc>Logs the given message with the given level.</doc>
<status status="PASS" start="2024-04-07T05:14:48.204435" elapsed="0.000176"/>
</kw>
<var name="${keyTwo}">username</var>
<status status="PASS" start="2024-04-07T05:14:48.202803" elapsed="0.002074"/>
</iter>
<iter>
<kw name="Dictionary Should Contain Key" owner="Collections">
<msg time="2024-04-07T05:14:48.205585" level="INFO">False</msg>
<arg>${json_data['results'][0]['login']}</arg>
<arg>${keyTwo}</arg>
<doc>Fails if ``key`` is not found from ``dictionary``.</doc>
<status status="PASS" start="2024-04-07T05:14:48.205182" elapsed="0.000442"/>
</kw>
<kw name="Dictionary Should Contain Key" owner="Collections">
<msg time="2024-04-07T05:14:48.206338" level="INFO">False</msg>
<arg>${json_data['results'][0]['login']}</arg>
<arg>${keyTwo}</arg>
<doc>Fails if ``key`` is not found from ``dictionary``.</doc>
<status status="PASS" start="2024-04-07T05:14:48.205935" elapsed="0.000443"/>
</kw>
<kw name="Log" owner="BuiltIn">
<msg time="2024-04-07T05:14:48.206824" level="INFO">password</msg>
<arg>${keyTwo}</arg>
<doc>Logs the given message with the given level.</doc>
<status status="PASS" start="2024-04-07T05:14:48.206688" elapsed="0.000177"/>
</kw>
<var name="${keyTwo}">password</var>
<status status="PASS" start="2024-04-07T05:14:48.205064" elapsed="0.002029"/>
</iter>
<var>${keyTwo}</var>
<value>@{expected_keysTwo}</value>
<status status="PASS" start="2024-04-07T05:14:48.202641" elapsed="0.004583"/>
</for>
<status status="PASS" start="2024-04-07T05:14:48.093517" elapsed="0.113858"/>
</kw>
<doc>Testa a estrutura da resposta da API.</doc>
<tag>testeEstruturaResposta</tag>
<status status="PASS" start="2024-04-07T05:14:48.092666" elapsed="0.114878"/>
</test>
<test id="s1-s1-t4" name="Validar tipos de dados" line="28">
<kw name="Teste de Tipos de Dados" owner="random-user-service">
<kw name="GET On Session" owner="RequestsLibrary">
<msg time="2024-04-07T05:14:48.306007" level="INFO">GET Request : url=https://randomuser.me/api 
 path_url=/api 
 headers={'User-Agent': 'python-requests/2.31.0', 'Accept-Encoding': 'gzip, deflate', 'Accept': '*/*', 'Connection': 'keep-alive'} 
 body=None 
 </msg>
<msg time="2024-04-07T05:14:48.306081" level="INFO">GET Response : url=https://randomuser.me/api 
 status=200, reason=OK 
 headers={'Date': 'Sun, 07 Apr 2024 05:14:48 GMT', 'Content-Type': 'application/json; charset=utf-8', 'Transfer-Encoding': 'chunked', 'Connection': 'keep-alive', 'X-Powered-By': 'Express', 'Access-Control-Allow-Origin': '*', 'Cache-Control': 'no-cache', 'ETag': 'W/"481-SXehrXcDc9VYE5n/EBriPIMOq+k"', 'Vary': 'Accept-Encoding', 'Content-Encoding': 'gzip', 'CF-Cache-Status': 'DYNAMIC', 'Report-To': '{"endpoints":[{"url":"https:\\/\\/a.nel.cloudflare.com\\/report\\/v4?s=Zz9Qx%2FBa9zhhDq%2FOFySixofzScLnRDkDtUpTQQBul5M20LijyVgwQTx%2F8birt0zE7q14wvlqsfJsOGCI3tZ1yj1Xv2ETan6ukVgZ0RkArkL%2BwFTLMfVv%2BhaBjXwCa2Q9"}],"group":"cf-nel","max_age":604800}', 'NEL': '{"success_fraction":0,"report_to":"cf-nel","max_age":604800}', 'Server': 'cloudflare', 'CF-RAY': '870789435952231b-ORD', 'alt-svc': 'h3=":443"; ma=86400'} 
 body={"results":[{"gender":"male","name":{"title":"Mr","first":"Alex","last":"Walker"},"location":{"street":{"number":7157,"name":"Willis Street"},"city":"Timaru","state":"Nelson","country":"New Zealand","postcode":21068,"coordinates":{"latitude":"49.1534","longitude":"-34.2859"},"timezone":{"offset":"+8:00","description":"Beijing, Perth, Singapore, Hong Kong"}},"email":"alex.walker@example.com","login":{"uuid":"0cdbfd71-e275-4cc0-b7d5-d16ebe0cba68","username":"smallgoose860","password":"island","salt":"4lBvUVa8","md5":"a85af77dc147b59573103c99d1410001","sha1":"5553c13cd21ba998a4193f9da4d684aca8fbf56e","sha256":"2d33621f032a69dd13025642af4403ecd05b22c8763e5e8628fea1cd92bfdfa2"},"dob":{"date":"1949-05-31T18:51:19.212Z","age":74},"registered":{"date":"2010-05-06T19:09:14.013Z","age":13},"phone":"(780)-766-3549","cell":"(539)-962-4150","id":{"name":"","value":null},"picture":{"large":"https://randomuser.me/api/portraits/men/91.jpg","medium":"https://randomuser.me/api/portraits/med/men/91.jpg","thumbnail":"https://randomuser.me/api/portraits/thumb/men/91.jpg"},"nat":"NZ"}],"info":{"seed":"c03f016cdabd15d5","results":1,"page":1,"version":"1.4"}} 
 </msg>
<msg time="2024-04-07T05:14:48.306139" level="INFO">/opt/hostedtoolcache/Python/3.12.2/x64/lib/python3.12/site-packages/urllib3/connectionpool.py:1103: InsecureRequestWarning: Unverified HTTPS request is being made to host 'randomuser.me'. Adding certificate verification is strongly advised. See: https://urllib3.readthedocs.io/en/latest/advanced-usage.html#tls-warnings
  warnings.warn(</msg>
<msg time="2024-04-07T05:14:48.306254" level="INFO">${response} = &lt;Response [200]&gt;</msg>
<var>${response}</var>
<arg>consultarAPI</arg>
<arg>/api</arg>
<doc>Sends a GET request on a previously created HTTP Session.</doc>
<status status="PASS" start="2024-04-07T05:14:48.210270" elapsed="0.096025"/>
</kw>
<kw name="Set Variable" owner="BuiltIn">
<msg time="2024-04-07T05:14:48.307179" level="INFO">${json_data} = {'results': [{'gender': 'male', 'name': {'title': 'Mr', 'first': 'Alex', 'last': 'Walker'}, 'location': {'street': {'number': 7157, 'name': 'Willis Street'}, 'city': 'Timaru', 'state': 'Nelson', 'coun...</msg>
<var>${json_data}</var>
<arg>${response.json()}</arg>
<doc>Returns the given values which can then be assigned to a variables.</doc>
<status status="PASS" start="2024-04-07T05:14:48.306704" elapsed="0.000504"/>
</kw>
<kw name="Log" owner="BuiltIn">
<msg time="2024-04-07T05:14:48.307690" level="INFO">{'results': [{'gender': 'male', 'name': {'title': 'Mr', 'first': 'Alex', 'last': 'Walker'}, 'location': {'street': {'number': 7157, 'name': 'Willis Street'}, 'city': 'Timaru', 'state': 'Nelson', 'country': 'New Zealand', 'postcode': 21068, 'coordinates': {'latitude': '49.1534', 'longitude': '-34.2859'}, 'timezone': {'offset': '+8:00', 'description': 'Beijing, Perth, Singapore, Hong Kong'}}, 'email': 'alex.walker@example.com', 'login': {'uuid': '0cdbfd71-e275-4cc0-b7d5-d16ebe0cba68', 'username': 'smallgoose860', 'password': 'island', 'salt': '4lBvUVa8', 'md5': 'a85af77dc147b59573103c99d1410001', 'sha1': '5553c13cd21ba998a4193f9da4d684aca8fbf56e', 'sha256': '2d33621f032a69dd13025642af4403ecd05b22c8763e5e8628fea1cd92bfdfa2'}, 'dob': {'date': '1949-05-31T18:51:19.212Z', 'age': 74}, 'registered': {'date': '2010-05-06T19:09:14.013Z', 'age': 13}, 'phone': '(780)-766-3549', 'cell': '(539)-962-4150', 'id': {'name': '', 'value': None}, 'picture': {'large': 'https://randomuser.me/api/portraits/men/91.jpg', 'medium': 'https://randomuser.me/api/portraits/med/men/91.jpg', 'thumbnail': 'https://randomuser.me/api/portraits/thumb/men/91.jpg'}, 'nat': 'NZ'}], 'info': {'seed': 'c03f016cdabd15d5', 'results': 1, 'page': 1, 'version': '1.4'}}</msg>
<arg>${json_data}</arg>
<doc>Logs the given message with the given level.</doc>
<status status="PASS" start="2024-04-07T05:14:48.307527" elapsed="0.000247"/>
</kw>
<kw name="Should Be String" owner="String">
<arg>${json_data['results'][0]['gender']}</arg>
<doc>Fails if the given ``item`` is not a string.</doc>
<status status="PASS" start="2024-04-07T05:14:48.308088" elapsed="0.000394"/>
</kw>
<kw name="Should Match Regexp" owner="BuiltIn">
<arg>${json_data['results'][0]['email']}</arg>
<arg>^[a-zA-Z0-9._%+-]+@[a-zA-Z0-9.-]+\.[a-zA-Z]{2,}$</arg>
<doc>Fails if ``string`` does not match ``pattern`` as a regular expression.</doc>
<status status="PASS" start="2024-04-07T05:14:48.308729" elapsed="0.000568"/>
</kw>
<kw name="Should Match Regexp" owner="BuiltIn">
<arg>${json_data['results'][0]['dob']['date']}</arg>
<arg>\\d{4}-\\d{2}-\\d{2}T\\d{2}:\\d{2}:\\d{2}\\.\\d{3}Z</arg>
<doc>Fails if ``string`` does not match ``pattern`` as a regular expression.</doc>
<status status="PASS" start="2024-04-07T05:14:48.309511" elapsed="0.000532"/>
</kw>
<kw name="Should Match Regexp" owner="BuiltIn">
<arg>${json_data['results'][0]['registered']['date']}</arg>
<arg>\\d{4}-\\d{2}-\\d{2}T\\d{2}:\\d{2}:\\d{2}\\.\\d{3}Z</arg>
<doc>Fails if ``string`` does not match ``pattern`` as a regular expression.</doc>
<status status="PASS" start="2024-04-07T05:14:48.310251" elapsed="0.000406"/>
</kw>
<kw name="Should Match Regexp" owner="BuiltIn">
<arg>${json_data['results'][0]['picture']['large']}</arg>
<arg>^https?://.*\.(?:png|jpe?g|gif|bmp)$</arg>
<doc>Fails if ``string`` does not match ``pattern`` as a regular expression.</doc>
<status status="PASS" start="2024-04-07T05:14:48.310860" elapsed="0.000491"/>
</kw>
<kw name="Should Match Regexp" owner="BuiltIn">
<arg>${json_data['results'][0]['picture']['medium']}</arg>
<arg>^https?://.*\.(?:png|jpe?g|gif|bmp)$</arg>
<doc>Fails if ``string`` does not match ``pattern`` as a regular expression.</doc>
<status status="PASS" start="2024-04-07T05:14:48.311561" elapsed="0.000375"/>
</kw>
<kw name="Should Match Regexp" owner="BuiltIn">
<arg>${json_data['results'][0]['picture']['thumbnail']}</arg>
<arg>^https?://.*\.(?:png|jpe?g|gif|bmp)$</arg>
<doc>Fails if ``string`` does not match ``pattern`` as a regular expression.</doc>
<status status="PASS" start="2024-04-07T05:14:48.312137" elapsed="0.000374"/>
</kw>
<kw name="Log" owner="BuiltIn">
<msg time="2024-04-07T05:14:48.313076" level="INFO">{'large': 'https://randomuser.me/api/portraits/men/91.jpg', 'medium': 'https://randomuser.me/api/portraits/med/men/91.jpg', 'thumbnail': 'https://randomuser.me/api/portraits/thumb/men/91.jpg'}</msg>
<arg>${json_data['results'][0]['picture']}</arg>
<doc>Logs the given message with the given level.</doc>
<status status="PASS" start="2024-04-07T05:14:48.312724" elapsed="0.000396"/>
</kw>
<status status="PASS" start="2024-04-07T05:14:48.210022" elapsed="0.103367"/>
</kw>
<kw name="Teste de Tipos de Dados - Postcode" owner="random-user-service">
<kw name="GET On Session" owner="RequestsLibrary">
<msg time="2024-04-07T05:14:48.388962" level="INFO">GET Request : url=https://randomuser.me/api 
 path_url=/api 
 headers={'User-Agent': 'python-requests/2.31.0', 'Accept-Encoding': 'gzip, deflate', 'Accept': '*/*', 'Connection': 'keep-alive'} 
 body=None 
 </msg>
<msg time="2024-04-07T05:14:48.389050" level="INFO">GET Response : url=https://randomuser.me/api 
 status=200, reason=OK 
 headers={'Date': 'Sun, 07 Apr 2024 05:14:48 GMT', 'Content-Type': 'application/json; charset=utf-8', 'Transfer-Encoding': 'chunked', 'Connection': 'keep-alive', 'X-Powered-By': 'Express', 'Access-Control-Allow-Origin': '*', 'Cache-Control': 'no-cache', 'ETag': 'W/"4a2-coDAgilxobFzomRTZLYYTn5lZQ0"', 'Vary': 'Accept-Encoding', 'Content-Encoding': 'gzip', 'CF-Cache-Status': 'DYNAMIC', 'Report-To': '{"endpoints":[{"url":"https:\\/\\/a.nel.cloudflare.com\\/report\\/v4?s=53Rur%2FT42S7m9BzPLCRjo7JWvFkvwdzDY5AyyQwwJx6Cc9LpaW4GVuunlmEYIgkiHf8p71MadLnIaZ3rC0bBqCpSnHD3KXRYLyOZ6NJyRO0F8V8BqS1tdHeu0VgQQHZv"}],"group":"cf-nel","max_age":604800}', 'NEL': '{"success_fraction":0,"report_to":"cf-nel","max_age":604800}', 'Server': 'cloudflare', 'CF-RAY': '87078943f9fd231b-ORD', 'alt-svc': 'h3=":443"; ma=86400'} 
 body={"results":[{"gender":"male","name":{"title":"Mr","first":"Sasha","last":"Aubert"},"location":{"street":{"number":8478,"name":"Rue de L'Abbé-De-L'Épée"},"city":"Caen","state":"Isère","country":"France","postcode":22069,"coordinates":{"latitude":"-13.5012","longitude":"-121.0151"},"timezone":{"offset":"+11:00","description":"Magadan, Solomon Islands, New Caledonia"}},"email":"sasha.aubert@example.com","login":{"uuid":"d0fd8382-9fcf-4a8b-82b8-7628c4994051","username":"sadleopard505","password":"bubbas","salt":"K8V9PIRG","md5":"b5ebb9a14f0aeb38868660725d4958eb","sha1":"013b32f808174c11d1b5e13973e0feb299dc7c9a","sha256":"add61701c26b442570464f6357685ef22fff1157df6cdee6ea1137748e16c93b"},"dob":{"date":"1969-02-25T12:51:14.542Z","age":55},"registered":{"date":"2004-11-08T04:35:31.845Z","age":19},"phone":"04-35-52-03-16","cell":"06-57-32-34-75","id":{"name":"INSEE","value":"1690109988230 34"},"picture":{"large":"https://randomuser.me/api/portraits/men/52.jpg","medium":"https://randomuser.me/api/portraits/med/men/52.jpg","thumbnail":"https://randomuser.me/api/portraits/thumb/men/52.jpg"},"nat":"FR"}],"info":{"seed":"2de722a5954d41b1","results":1,"page":1,"version":"1.4"}} 
 </msg>
<msg time="2024-04-07T05:14:48.389143" level="INFO">/opt/hostedtoolcache/Python/3.12.2/x64/lib/python3.12/site-packages/urllib3/connectionpool.py:1103: InsecureRequestWarning: Unverified HTTPS request is being made to host 'randomuser.me'. Adding certificate verification is strongly advised. See: https://urllib3.readthedocs.io/en/latest/advanced-usage.html#tls-warnings
  warnings.warn(</msg>
<msg time="2024-04-07T05:14:48.389259" level="INFO">${response} = &lt;Response [200]&gt;</msg>
<var>${response}</var>
<arg>consultarAPI</arg>
<arg>/api</arg>
<doc>Sends a GET request on a previously created HTTP Session.</doc>
<status status="PASS" start="2024-04-07T05:14:48.314005" elapsed="0.075299"/>
</kw>
<kw name="Set Variable" owner="BuiltIn">
<msg time="2024-04-07T05:14:48.390155" level="INFO">${json_data} = {'results': [{'gender': 'male', 'name': {'title': 'Mr', 'first': 'Sasha', 'last': 'Aubert'}, 'location': {'street': {'number': 8478, 'name': "Rue de L'Abbé-De-L'Épée"}, 'city': 'Caen', 'state': 'Isère...</msg>
<var>${json_data}</var>
<arg>${response.json()}</arg>
<doc>Returns the given values which can then be assigned to a variables.</doc>
<status status="PASS" start="2024-04-07T05:14:48.389686" elapsed="0.000500"/>
</kw>
<kw name="Log" owner="BuiltIn">
<msg time="2024-04-07T05:14:48.390747" level="INFO">{'results': [{'gender': 'male', 'name': {'title': 'Mr', 'first': 'Sasha', 'last': 'Aubert'}, 'location': {'street': {'number': 8478, 'name': "Rue de L'Abbé-De-L'Épée"}, 'city': 'Caen', 'state': 'Isère', 'country': 'France', 'postcode': 22069, 'coordinates': {'latitude': '-13.5012', 'longitude': '-121.0151'}, 'timezone': {'offset': '+11:00', 'description': 'Magadan, Solomon Islands, New Caledonia'}}, 'email': 'sasha.aubert@example.com', 'login': {'uuid': 'd0fd8382-9fcf-4a8b-82b8-7628c4994051', 'username': 'sadleopard505', 'password': 'bubbas', 'salt': 'K8V9PIRG', 'md5': 'b5ebb9a14f0aeb38868660725d4958eb', 'sha1': '013b32f808174c11d1b5e13973e0feb299dc7c9a', 'sha256': 'add61701c26b442570464f6357685ef22fff1157df6cdee6ea1137748e16c93b'}, 'dob': {'date': '1969-02-25T12:51:14.542Z', 'age': 55}, 'registered': {'date': '2004-11-08T04:35:31.845Z', 'age': 19}, 'phone': '04-35-52-03-16', 'cell': '06-57-32-34-75', 'id': {'name': 'INSEE', 'value': '1690109988230 34'}, 'picture': {'large': 'https://randomuser.me/api/portraits/men/52.jpg', 'medium': 'https://randomuser.me/api/portraits/med/men/52.jpg', 'thumbnail': 'https://randomuser.me/api/portraits/thumb/men/52.jpg'}, 'nat': 'FR'}], 'info': {'seed': '2de722a5954d41b1', 'results': 1, 'page': 1, 'version': '1.4'}}</msg>
<arg>${json_data}</arg>
<doc>Logs the given message with the given level.</doc>
<status status="PASS" start="2024-04-07T05:14:48.390574" elapsed="0.000258"/>
</kw>
<kw name="Should Be Equal As Numbers" owner="BuiltIn">
<arg>${json_data['results'][0]['location']['postcode']}</arg>
<arg>${json_data['results'][0]['location']['postcode']}</arg>
<doc>Fails if objects are unequal after converting them to real numbers.</doc>
<status status="PASS" start="2024-04-07T05:14:48.391178" elapsed="0.000669"/>
</kw>
<kw name="Log" owner="BuiltIn">
<msg time="2024-04-07T05:14:48.392418" level="INFO">22069</msg>
<arg>${json_data['results'][0]['location']['postcode']}</arg>
<doc>Logs the given message with the given level.</doc>
<status status="PASS" start="2024-04-07T05:14:48.392054" elapsed="0.000409"/>
</kw>
<status status="PASS" start="2024-04-07T05:14:48.313628" elapsed="0.079130"/>
</kw>
<doc>Testa se os tipos de dados na resposta da API estão corretos.</doc>
<tag>testeTiposDados</tag>
<status status="PASS" start="2024-04-07T05:14:48.209469" elapsed="0.183471"/>
</test>
<test id="s1-s1-t5" name="Validar conteudo" line="35">
<kw name="Teste de Tipos de Conteudo" owner="random-user-service">
<kw name="GET On Session" owner="RequestsLibrary">
<msg time="2024-04-07T05:14:48.506860" level="INFO">GET Request : url=https://randomuser.me/api 
 path_url=/api 
 headers={'User-Agent': 'python-requests/2.31.0', 'Accept-Encoding': 'gzip, deflate', 'Accept': '*/*', 'Connection': 'keep-alive'} 
 body=None 
 </msg>
<msg time="2024-04-07T05:14:48.506948" level="INFO">GET Response : url=https://randomuser.me/api 
 status=200, reason=OK 
 headers={'Date': 'Sun, 07 Apr 2024 05:14:48 GMT', 'Content-Type': 'application/json; charset=utf-8', 'Transfer-Encoding': 'chunked', 'Connection': 'keep-alive', 'X-Powered-By': 'Express', 'Access-Control-Allow-Origin': '*', 'Cache-Control': 'no-cache', 'ETag': 'W/"4a4-/KVeh6T8rCFCnR5dcumWj7Ek92U"', 'Vary': 'Accept-Encoding', 'Content-Encoding': 'gzip', 'CF-Cache-Status': 'DYNAMIC', 'Report-To': '{"endpoints":[{"url":"https:\\/\\/a.nel.cloudflare.com\\/report\\/v4?s=INcZkU9MR2N9CYp98EvF8c1mV7u1KGfVS%2BjFs6MenLtTWN6WvovG%2FpGghRAFfV4vXo7YgcwWdztD6H6RH%2Fk9Y%2By2rXhW01OfumpkFWFW4Vq5PMXjJMpYxazK%2FJCicbY4"}],"group":"cf-nel","max_age":604800}', 'NEL': '{"success_fraction":0,"report_to":"cf-nel","max_age":604800}', 'Server': 'cloudflare', 'CF-RAY': '870789447a6c231b-ORD', 'alt-svc': 'h3=":443"; ma=86400'} 
 body={"results":[{"gender":"female","name":{"title":"Ms","first":"Kristin","last":"Wood"},"location":{"street":{"number":2437,"name":"Fairview Road"},"city":"Lisburn","state":"Cleveland","country":"United Kingdom","postcode":"LI05 0DF","coordinates":{"latitude":"-4.6121","longitude":"14.9838"},"timezone":{"offset":"+3:00","description":"Baghdad, Riyadh, Moscow, St. Petersburg"}},"email":"kristin.wood@example.com","login":{"uuid":"9fc83271-7baa-46ab-94b2-6903e2d112de","username":"biggorilla648","password":"reeves","salt":"SNPAOSeq","md5":"b59fb8ee5bb6ecfcc5d8cc93374eaf30","sha1":"402e81de95788361f46402736d63cd9d4fe2ff32","sha256":"09f7671ae0d7471a7042fa222907837de386222619d602ccd03b130a044cc7b8"},"dob":{"date":"1945-10-16T05:44:43.030Z","age":78},"registered":{"date":"2007-02-23T08:45:51.884Z","age":17},"phone":"016974 42930","cell":"07490 775356","id":{"name":"NINO","value":"CK 44 30 03 C"},"picture":{"large":"https://randomuser.me/api/portraits/women/89.jpg","medium":"https://randomuser.me/api/portraits/med/women/89.jpg","thumbnail":"https://randomuser.me/api/portraits/thumb/women/89.jpg"},"nat":"GB"}],"info":{"seed":"9edccc49b8493614","results":1,"page":1,"version":"1.4"}} 
 </msg>
<msg time="2024-04-07T05:14:48.507023" level="INFO">/opt/hostedtoolcache/Python/3.12.2/x64/lib/python3.12/site-packages/urllib3/connectionpool.py:1103: InsecureRequestWarning: Unverified HTTPS request is being made to host 'randomuser.me'. Adding certificate verification is strongly advised. See: https://urllib3.readthedocs.io/en/latest/advanced-usage.html#tls-warnings
  warnings.warn(</msg>
<msg time="2024-04-07T05:14:48.507175" level="INFO">${response} = &lt;Response [200]&gt;</msg>
<var>${response}</var>
<arg>consultarAPI</arg>
<arg>/api</arg>
<doc>Sends a GET request on a previously created HTTP Session.</doc>
<status status="PASS" start="2024-04-07T05:14:48.395520" elapsed="0.111712"/>
</kw>
<kw name="Set Variable" owner="BuiltIn">
<msg time="2024-04-07T05:14:48.508142" level="INFO">${json_data} = {'results': [{'gender': 'female', 'name': {'title': 'Ms', 'first': 'Kristin', 'last': 'Wood'}, 'location': {'street': {'number': 2437, 'name': 'Fairview Road'}, 'city': 'Lisburn', 'state': 'Cleveland'...</msg>
<var>${json_data}</var>
<arg>${response.json()}</arg>
<doc>Returns the given values which can then be assigned to a variables.</doc>
<status status="PASS" start="2024-04-07T05:14:48.507662" elapsed="0.000510"/>
</kw>
<kw name="Set Variable" owner="BuiltIn">
<msg time="2024-04-07T05:14:48.508960" level="INFO">${name_title} = Ms</msg>
<var>${name_title}</var>
<arg>${json_data["results"][0]["name"]["title"]}</arg>
<doc>Returns the given values which can then be assigned to a variables.</doc>
<status status="PASS" start="2024-04-07T05:14:48.508497" elapsed="0.000491"/>
</kw>
<kw name="Create List" owner="BuiltIn">
<msg time="2024-04-07T05:14:48.509474" level="INFO">${allowed_titles} = ['Mr', 'Ms', 'Miss', 'Mrs', 'Madame', 'Monsieur']</msg>
<var>${allowed_titles}</var>
<arg>Mr</arg>
<arg>Ms</arg>
<arg>Miss</arg>
<arg>Mrs</arg>
<arg>Madame</arg>
<arg>Monsieur</arg>
<doc>Returns a list containing given items.</doc>
<status status="PASS" start="2024-04-07T05:14:48.509310" elapsed="0.000192"/>
</kw>
<kw name="List Should Contain Value" owner="Collections">
<msg time="2024-04-07T05:14:48.510023" level="INFO">False</msg>
<arg>${allowed_titles}</arg>
<arg>${name_title}</arg>
<doc>Fails if the ``value`` is not found from ``list``.</doc>
<status status="PASS" start="2024-04-07T05:14:48.509838" elapsed="0.000225"/>
</kw>
<kw name="Set Variable" owner="BuiltIn">
<msg time="2024-04-07T05:14:48.510790" level="INFO">${name_country} = GB</msg>
<var>${name_country}</var>
<arg>${json_data["results"][0]["nat"]}</arg>
<doc>Returns the given values which can then be assigned to a variables.</doc>
<status status="PASS" start="2024-04-07T05:14:48.510376" elapsed="0.000441"/>
</kw>
<kw name="Create List" owner="BuiltIn">
<msg time="2024-04-07T05:14:48.511772" level="INFO">${list_country} = ['AD', 'AE', 'AF', 'AG', 'AI', 'AL', 'AM', 'AO', 'AQ', 'AR', 'AS', 'AT', 'AU', 'AW', 'AX', 'AZ', 'BA', 'BB', 'BD', 'BE', 'BF', 'BG', 'BH', 'BI', 'BJ', 'BL', 'BM', 'BN', 'BO', 'BQ', 'BR', 'BS', 'BT', '...</msg>
<var>${list_country}</var>
<arg>AD</arg>
<arg>AE</arg>
<arg>AF</arg>
<arg>AG</arg>
<arg>AI</arg>
<arg>AL</arg>
<arg>AM</arg>
<arg>AO</arg>
<arg>AQ</arg>
<arg>AR</arg>
<arg>AS</arg>
<arg>AT</arg>
<arg>AU</arg>
<arg>AW</arg>
<arg>AX</arg>
<arg>AZ</arg>
<arg>BA</arg>
<arg>BB</arg>
<arg>BD</arg>
<arg>BE</arg>
<arg>BF</arg>
<arg>BG</arg>
<arg>BH</arg>
<arg>BI</arg>
<arg>BJ</arg>
<arg>BL</arg>
<arg>BM</arg>
<arg>BN</arg>
<arg>BO</arg>
<arg>BQ</arg>
<arg>BR</arg>
<arg>BS</arg>
<arg>BT</arg>
<arg>BV</arg>
<arg>BW</arg>
<arg>BY</arg>
<arg>BZ</arg>
<arg>CA</arg>
<arg>CC</arg>
<arg>CD</arg>
<arg>CF</arg>
<arg>CG</arg>
<arg>CH</arg>
<arg>CI</arg>
<arg>CK</arg>
<arg>CL</arg>
<arg>CM</arg>
<arg>CN</arg>
<arg>CO</arg>
<arg>CR</arg>
<arg>CU</arg>
<arg>CV</arg>
<arg>CW</arg>
<arg>CX</arg>
<arg>CY</arg>
<arg>CZ</arg>
<arg>DE</arg>
<arg>DJ</arg>
<arg>DK</arg>
<arg>DM</arg>
<arg>DO</arg>
<arg>DZ</arg>
<arg>EC</arg>
<arg>EE</arg>
<arg>EG</arg>
<arg>EH</arg>
<arg>ER</arg>
<arg>ES</arg>
<arg>ET</arg>
<arg>FI</arg>
<arg>FJ</arg>
<arg>FK</arg>
<arg>FM</arg>
<arg>FO</arg>
<arg>FR</arg>
<arg>GA</arg>
<arg>GB</arg>
<arg>GD</arg>
<arg>GE</arg>
<arg>GF</arg>
<arg>GG</arg>
<arg>GH</arg>
<arg>GI</arg>
<arg>GL</arg>
<arg>GM</arg>
<arg>GN</arg>
<arg>GP</arg>
<arg>GQ</arg>
<arg>GR</arg>
<arg>GS</arg>
<arg>GT</arg>
<arg>GU</arg>
<arg>GW</arg>
<arg>GY</arg>
<arg>HK</arg>
<arg>HM</arg>
<arg>HN</arg>
<arg>HR</arg>
<arg>HT</arg>
<arg>HU</arg>
<arg>ID</arg>
<arg>IE</arg>
<arg>IL</arg>
<arg>IM</arg>
<arg>IN</arg>
<arg>IO</arg>
<arg>IQ</arg>
<arg>IR</arg>
<arg>IS</arg>
<arg>IT</arg>
<arg>JE</arg>
<arg>JM</arg>
<arg>JO</arg>
<arg>JP</arg>
<arg>KE</arg>
<arg>KG</arg>
<arg>KH</arg>
<arg>KI</arg>
<arg>KM</arg>
<arg>KN</arg>
<arg>KP</arg>
<arg>KR</arg>
<arg>KW</arg>
<arg>KY</arg>
<arg>KZ</arg>
<arg>LA</arg>
<arg>LB</arg>
<arg>LC</arg>
<arg>LI</arg>
<arg>LK</arg>
<arg>LR</arg>
<arg>LS</arg>
<arg>LT</arg>
<arg>LU</arg>
<arg>LV</arg>
<arg>LY</arg>
<arg>MA</arg>
<arg>MC</arg>
<arg>MD</arg>
<arg>ME</arg>
<arg>MF</arg>
<arg>MG</arg>
<arg>MH</arg>
<arg>MK</arg>
<arg>ML</arg>
<arg>MM</arg>
<arg>MN</arg>
<arg>MO</arg>
<arg>MP</arg>
<arg>MQ</arg>
<arg>MR</arg>
<arg>MS</arg>
<arg>MT</arg>
<arg>MU</arg>
<arg>MV</arg>
<arg>MW</arg>
<arg>MX</arg>
<arg>MY</arg>
<arg>MZ</arg>
<arg>NA</arg>
<arg>NC</arg>
<arg>NE</arg>
<arg>NF</arg>
<arg>NG</arg>
<arg>NI</arg>
<arg>NL</arg>
<arg>NO</arg>
<arg>NP</arg>
<arg>NR</arg>
<arg>NU</arg>
<arg>NZ</arg>
<arg>OM</arg>
<arg>PA</arg>
<arg>PE</arg>
<arg>PF</arg>
<arg>PG</arg>
<arg>PH</arg>
<arg>PK</arg>
<arg>PL</arg>
<arg>PM</arg>
<arg>PN</arg>
<arg>PR</arg>
<arg>PS</arg>
<arg>PT</arg>
<arg>PW</arg>
<arg>PY</arg>
<arg>QA</arg>
<arg>RE</arg>
<arg>RO</arg>
<arg>RS</arg>
<arg>RU</arg>
<arg>RW</arg>
<arg>SA</arg>
<arg>SB</arg>
<arg>SC</arg>
<arg>SD</arg>
<arg>SE</arg>
<arg>SG</arg>
<arg>SH</arg>
<arg>SI</arg>
<arg>SJ</arg>
<arg>SK</arg>
<arg>SL</arg>
<arg>SM</arg>
<arg>SN</arg>
<arg>SO</arg>
<arg>SR</arg>
<arg>SS</arg>
<arg>ST</arg>
<arg>SV</arg>
<arg>SX</arg>
<arg>SY</arg>
<arg>SZ</arg>
<arg>TC</arg>
<arg>TD</arg>
<arg>TF</arg>
<arg>TG</arg>
<arg>TH</arg>
<arg>TJ</arg>
<arg>TK</arg>
<arg>TL</arg>
<arg>TM</arg>
<arg>TN</arg>
<arg>TO</arg>
<arg>TR</arg>
<arg>TT</arg>
<arg>TV</arg>
<arg>TW</arg>
<arg>TZ</arg>
<arg>UA</arg>
<arg>UG</arg>
<arg>UM</arg>
<arg>US</arg>
<arg>UY</arg>
<arg>UZ</arg>
<arg>VA</arg>
<arg>VC</arg>
<arg>VE</arg>
<arg>VG</arg>
<arg>VI</arg>
<arg>VN</arg>
<arg>VU</arg>
<arg>WF</arg>
<arg>WS</arg>
<arg>XK</arg>
<arg>YE</arg>
<arg>YT</arg>
<arg>ZA</arg>
<arg>ZM</arg>
<arg>ZW</arg>
<doc>Returns a list containing given items.</doc>
<status status="PASS" start="2024-04-07T05:14:48.511148" elapsed="0.000651"/>
</kw>
<kw name="List Should Contain Value" owner="Collections">
<msg time="2024-04-07T05:14:48.512964" level="INFO">False</msg>
<arg>${list_country}</arg>
<arg>${name_country}</arg>
<doc>Fails if the ``value`` is not found from ``list``.</doc>
<status status="PASS" start="2024-04-07T05:14:48.512735" elapsed="0.000270"/>
</kw>
<kw name="Run Keyword If" owner="BuiltIn">
<kw name="Should Be True" owner="BuiltIn">
<arg>${True}</arg>
<doc>Fails if the given condition is not true.</doc>
<status status="PASS" start="2024-04-07T05:14:48.514161" elapsed="0.000158"/>
</kw>
<arg>${json_data["results"][0]["location"]["coordinates"]["latitude"]} &gt;= -90 and ${json_data["results"][0]["location"]["coordinates"]["latitude"]} &lt;= 90</arg>
<arg>Should Be True</arg>
<arg>${True}</arg>
<doc>Runs the given keyword with the given arguments, if ``condition`` is true.</doc>
<status status="PASS" start="2024-04-07T05:14:48.513343" elapsed="0.001116"/>
</kw>
<kw name="Run Keyword If" owner="BuiltIn">
<kw name="Should Be True" owner="BuiltIn">
<arg>${True}</arg>
<doc>Fails if the given condition is not true.</doc>
<status status="PASS" start="2024-04-07T05:14:48.515412" elapsed="0.000151"/>
</kw>
<arg>${json_data["results"][0]["location"]["coordinates"]["longitude"]} &gt;= -180 and ${json_data["results"][0]["location"]["coordinates"]["longitude"]} &lt;= 180</arg>
<arg>Should Be True</arg>
<arg>${True}</arg>
<doc>Runs the given keyword with the given arguments, if ``condition`` is true.</doc>
<status status="PASS" start="2024-04-07T05:14:48.514662" elapsed="0.001034"/>
</kw>
<status status="PASS" start="2024-04-07T05:14:48.395283" elapsed="0.120551"/>
</kw>
<doc>Testa o conteúdo específico dos campos retornados pela API.</doc>
<tag>testeConteudo</tag>
<status status="PASS" start="2024-04-07T05:14:48.394846" elapsed="0.121146"/>
</test>
<status status="PASS" start="2024-04-07T05:14:47.631674" elapsed="0.886401"/>
</suite>
<status status="PASS" start="2024-04-07T05:14:47.617416" elapsed="0.906114"/>
</suite>
<statistics>
<total>
<stat pass="5" fail="0" skip="0">All Tests</stat>
</total>
<tag>
<stat pass="1" fail="0" skip="0">testeConteudo</stat>
<stat pass="1" fail="0" skip="0">testeEstruturaResposta</stat>
<stat pass="1" fail="0" skip="0">testeRequisicaoBasica</stat>
<stat pass="1" fail="0" skip="0">testeTiposDados</stat>
</tag>
<suite>
<stat pass="5" fail="0" skip="0" id="s1" name="Tests">Tests</stat>
<stat pass="5" fail="0" skip="0" id="s1-s1" name="Random-User-Test">Tests.Random-User-Test</stat>
</suite>
</statistics>
<errors>
</errors>
</robot>
