<?xml version="1.0" encoding="UTF-8"?>
<robot generator="Robot 7.0.1 (Python 3.12.4 on linux)" generated="2024-06-26T01:05:56.545071" rpa="false" schemaversion="5">
<suite id="s1" name="Tests" source="/home/runner/work/ApiRandomUser/ApiRandomUser/RamdonUser/tests">
<suite id="s1-s1" name="Random-User-Test" source="/home/runner/work/ApiRandomUser/ApiRandomUser/RamdonUser/tests/random-user-test.robot">
<test id="s1-s1-t1" name="Conectar" line="13">
<kw name="Conectar API" owner="random-user-service">
<kw name="Create Session" owner="RequestsLibrary">
<msg time="2024-06-26T01:05:56.962551" level="INFO">Creating Session using : alias=consultarAPI, url=https://randomuser.me/, headers={},                     cookies={}, auth=None, timeout=None, proxies=None, verify=False,                     debug=0 </msg>
<arg>consultarAPI</arg>
<arg>${URL}</arg>
<doc>Create Session: create a HTTP session to a server</doc>
<status status="PASS" start="2024-06-26T01:05:56.962292" elapsed="0.000462"/>
</kw>
<status status="PASS" start="2024-06-26T01:05:56.961263" elapsed="0.001872"/>
</kw>
<status status="PASS" start="2024-06-26T01:05:56.960571" elapsed="0.002767"/>
</test>
<test id="s1-s1-t2" name="Validar retorno 200 e JSON Válido" line="16">
<kw name="Teste de Requisicao Basica" owner="random-user-service">
<kw name="GET On Session" owner="RequestsLibrary">
<msg time="2024-06-26T01:05:57.161412" level="INFO">GET Request : url=https://randomuser.me/api 
 path_url=/api 
 headers={'User-Agent': 'python-requests/2.32.3', 'Accept-Encoding': 'gzip, deflate', 'Accept': '*/*', 'Connection': 'keep-alive'} 
 body=None 
 </msg>
<msg time="2024-06-26T01:05:57.161592" level="INFO">GET Response : url=https://randomuser.me/api 
 status=200, reason=OK 
 headers={'Date': 'Wed, 26 Jun 2024 01:05:57 GMT', 'Content-Type': 'application/json; charset=utf-8', 'Transfer-Encoding': 'chunked', 'Connection': 'keep-alive', 'X-Powered-By': 'Express', 'Access-Control-Allow-Origin': '*', 'Cache-Control': 'no-cache', 'ETag': 'W/"4b4-y+X8gxU3n7cfwbzKcKCLfEbmOBw"', 'Vary': 'Accept-Encoding', 'Content-Encoding': 'gzip', 'CF-Cache-Status': 'DYNAMIC', 'Report-To': '{"endpoints":[{"url":"https:\\/\\/a.nel.cloudflare.com\\/report\\/v4?s=aCV8WEW2iE4y%2BDCBM0KFT1yzXkuyOjvpoN1dZtG4Tob5MmzYZbfRP6mnWrADRNpipjTrV3%2FNznZDvDxMIn70ouOEDv04ohwl2ZeHvBV%2FyZhkpvVhIK%2FCFLjk0LPEOJ3Y"}],"group":"cf-nel","max_age":604800}', 'NEL': '{"success_fraction":0,"report_to":"cf-nel","max_age":604800}', 'Server': 'cloudflare', 'CF-RAY': '89994abbea688114-ORD', 'alt-svc': 'h3=":443"; ma=86400'} 
 body={"results":[{"gender":"female","name":{"title":"Mrs","first":"Rosalyn","last":"Simmons"},"location":{"street":{"number":6050,"name":"St. John’S Road"},"city":"Inverness","state":"County Fermanagh","country":"United Kingdom","postcode":"E3S 8JA","coordinates":{"latitude":"-8.0252","longitude":"176.5217"},"timezone":{"offset":"+1:00","description":"Brussels, Copenhagen, Madrid, Paris"}},"email":"rosalyn.simmons@example.com","login":{"uuid":"cda79c63-48d5-4c59-8d65-d152c18f2b17","username":"greensnake177","password":"grumpy","salt":"IZvXwMW2","md5":"4d5a9b36b97f26c909c6fd18614d270e","sha1":"2f23e528ac6921f2010421df9815d379f54242b7","sha256":"724140afcf352809708deb807f28092cdd1585d0d464b0aaa4d54caf7d0ffdc7"},"dob":{"date":"1965-11-01T20:41:54.712Z","age":58},"registered":{"date":"2004-11-02T12:23:27.888Z","age":19},"phone":"017684 15401","cell":"07866 500039","id":{"name":"NINO","value":"AM 58 24 14 C"},"picture":{"large":"https://randomuser.me/api/portraits/women/73.jpg","medium":"https://randomuser.me/api/portraits/med/women/73.jpg","thumbnail":"https://randomuser.me/api/portraits/thumb/women/73.jpg"},"nat":"GB"}],"info":{"seed":"6fc04711c90936b5","results":1,"page":1,"version":"1.4"}} 
 </msg>
<msg time="2024-06-26T01:05:57.161686" level="INFO">/opt/hostedtoolcache/Python/3.12.4/x64/lib/python3.12/site-packages/urllib3/connectionpool.py:1099: InsecureRequestWarning: Unverified HTTPS request is being made to host 'randomuser.me'. Adding certificate verification is strongly advised. See: https://urllib3.readthedocs.io/en/latest/advanced-usage.html#tls-warnings
  warnings.warn(</msg>
<msg time="2024-06-26T01:05:57.161846" level="INFO">${response} = &lt;Response [200]&gt;</msg>
<var>${response}</var>
<arg>consultarAPI</arg>
<arg>/api</arg>
<doc>Sends a GET request on a previously created HTTP Session.</doc>
<status status="PASS" start="2024-06-26T01:05:56.966095" elapsed="0.195783"/>
</kw>
<kw name="Should Be Equal As Numbers" owner="BuiltIn">
<msg time="2024-06-26T01:05:57.162898" level="INFO">Argument types are:
&lt;class 'int'&gt;
&lt;class 'str'&gt;</msg>
<arg>${response.status_code}</arg>
<arg>200</arg>
<doc>Fails if objects are unequal after converting them to real numbers.</doc>
<status status="PASS" start="2024-06-26T01:05:57.162404" elapsed="0.000559"/>
</kw>
<kw name="Log" owner="BuiltIn">
<msg time="2024-06-26T01:05:57.163626" level="INFO">200</msg>
<arg>${response.status_code}</arg>
<doc>Logs the given message with the given level.</doc>
<status status="PASS" start="2024-06-26T01:05:57.163278" elapsed="0.000389"/>
</kw>
<kw name="Set Variable" owner="BuiltIn">
<msg time="2024-06-26T01:05:57.164405" level="INFO">${json_data} = {'results': [{'gender': 'female', 'name': {'title': 'Mrs', 'first': 'Rosalyn', 'last': 'Simmons'}, 'location': {'street': {'number': 6050, 'name': 'St. John’S Road'}, 'city': 'Inverness', 'state': 'Co...</msg>
<var>${json_data}</var>
<arg>${response.json()}</arg>
<doc>Returns the given values which can then be assigned to a variables.</doc>
<status status="PASS" start="2024-06-26T01:05:57.163962" elapsed="0.000473"/>
</kw>
<kw name="Dictionary Should Contain Key" owner="Collections">
<arg>${json_data}</arg>
<arg>results</arg>
<doc>Fails if ``key`` is not found from ``dictionary``.</doc>
<status status="PASS" start="2024-06-26T01:05:57.164727" elapsed="0.000170"/>
</kw>
<status status="PASS" start="2024-06-26T01:05:56.965827" elapsed="0.199221"/>
</kw>
<doc>Testa se a API responde corretamente e retorna um objeto JSON válido.</doc>
<tag>testeRequisicaoBasica</tag>
<status status="PASS" start="2024-06-26T01:05:56.965241" elapsed="0.199981"/>
</test>
<test id="s1-s1-t3" name="Validar estrutura de resposta" line="22">
<kw name="Teste de Estrutura de Resposta" owner="random-user-service">
<kw name="GET On Session" owner="RequestsLibrary">
<msg time="2024-06-26T01:05:57.251145" level="INFO">GET Request : url=https://randomuser.me/api 
 path_url=/api 
 headers={'User-Agent': 'python-requests/2.32.3', 'Accept-Encoding': 'gzip, deflate', 'Accept': '*/*', 'Connection': 'keep-alive'} 
 body=None 
 </msg>
<msg time="2024-06-26T01:05:57.251265" level="INFO">GET Response : url=https://randomuser.me/api 
 status=200, reason=OK 
 headers={'Date': 'Wed, 26 Jun 2024 01:05:57 GMT', 'Content-Type': 'application/json; charset=utf-8', 'Transfer-Encoding': 'chunked', 'Connection': 'keep-alive', 'X-Powered-By': 'Express', 'Access-Control-Allow-Origin': '*', 'Cache-Control': 'no-cache', 'ETag': 'W/"487-lSsVhzxDc9LO7LhbfUkoDxTcqqU"', 'Vary': 'Accept-Encoding', 'Content-Encoding': 'gzip', 'CF-Cache-Status': 'DYNAMIC', 'Report-To': '{"endpoints":[{"url":"https:\\/\\/a.nel.cloudflare.com\\/report\\/v4?s=ZIrQSyDRz8fyekY6A3ellH%2B0bH1qqG7bncILJ8xK1%2BNY7kNe%2BjGNJjLhSQmXfu1p%2BCDyA6NXaV7eKfmOBA3wQaYDPt%2BfieU4WVc%2FbOJouK%2BWyodREobm2lRG%2BHA31F%2Fv"}],"group":"cf-nel","max_age":604800}', 'NEL': '{"success_fraction":0,"report_to":"cf-nel","max_age":604800}', 'Server': 'cloudflare', 'CF-RAY': '89994abc4acd8114-ORD', 'alt-svc': 'h3=":443"; ma=86400'} 
 body={"results":[{"gender":"male","name":{"title":"Mr","first":"Philip","last":"Fortin"},"location":{"street":{"number":3423,"name":"Oak St"},"city":"Cornwall","state":"Québec","country":"Canada","postcode":"K5Z 3E5","coordinates":{"latitude":"-65.3341","longitude":"-71.9478"},"timezone":{"offset":"+5:30","description":"Bombay, Calcutta, Madras, New Delhi"}},"email":"philip.fortin@example.com","login":{"uuid":"c4b5a3d8-733f-4044-becb-8784a32723eb","username":"smallpanda582","password":"tigers1","salt":"Cmn8aqsS","md5":"696741d91ac04f81cf9b2cc7f36a765e","sha1":"f46967c180924f4b11d8ab4dbf2847939d9af601","sha256":"5c5888e120e1f28baf1f711de9b2084b8f8ff29b6e1ab2e1ea3fdd57969f101a"},"dob":{"date":"1969-07-19T06:17:52.505Z","age":54},"registered":{"date":"2013-02-27T01:29:32.182Z","age":11},"phone":"R21 M12-9623","cell":"Z94 D22-8242","id":{"name":"SIN","value":"315160655"},"picture":{"large":"https://randomuser.me/api/portraits/men/26.jpg","medium":"https://randomuser.me/api/portraits/med/men/26.jpg","thumbnail":"https://randomuser.me/api/portraits/thumb/men/26.jpg"},"nat":"CA"}],"info":{"seed":"a3423b4838a0662e","results":1,"page":1,"version":"1.4"}} 
 </msg>
<msg time="2024-06-26T01:05:57.251420" level="INFO">/opt/hostedtoolcache/Python/3.12.4/x64/lib/python3.12/site-packages/urllib3/connectionpool.py:1099: InsecureRequestWarning: Unverified HTTPS request is being made to host 'randomuser.me'. Adding certificate verification is strongly advised. See: https://urllib3.readthedocs.io/en/latest/advanced-usage.html#tls-warnings
  warnings.warn(</msg>
<msg time="2024-06-26T01:05:57.251568" level="INFO">${response} = &lt;Response [200]&gt;</msg>
<var>${response}</var>
<arg>consultarAPI</arg>
<arg>/api</arg>
<doc>Sends a GET request on a previously created HTTP Session.</doc>
<status status="PASS" start="2024-06-26T01:05:57.167803" elapsed="0.083808"/>
</kw>
<kw name="Set Variable" owner="BuiltIn">
<msg time="2024-06-26T01:05:57.252688" level="INFO">${json_data} = {'results': [{'gender': 'male', 'name': {'title': 'Mr', 'first': 'Philip', 'last': 'Fortin'}, 'location': {'street': {'number': 3423, 'name': 'Oak St'}, 'city': 'Cornwall', 'state': 'Québec', 'country...</msg>
<var>${json_data}</var>
<arg>${response.json()}</arg>
<doc>Returns the given values which can then be assigned to a variables.</doc>
<status status="PASS" start="2024-06-26T01:05:57.252152" elapsed="0.000567"/>
</kw>
<kw name="Log" owner="BuiltIn">
<msg time="2024-06-26T01:05:57.253189" level="INFO">{'results': [{'gender': 'male', 'name': {'title': 'Mr', 'first': 'Philip', 'last': 'Fortin'}, 'location': {'street': {'number': 3423, 'name': 'Oak St'}, 'city': 'Cornwall', 'state': 'Québec', 'country': 'Canada', 'postcode': 'K5Z 3E5', 'coordinates': {'latitude': '-65.3341', 'longitude': '-71.9478'}, 'timezone': {'offset': '+5:30', 'description': 'Bombay, Calcutta, Madras, New Delhi'}}, 'email': 'philip.fortin@example.com', 'login': {'uuid': 'c4b5a3d8-733f-4044-becb-8784a32723eb', 'username': 'smallpanda582', 'password': 'tigers1', 'salt': 'Cmn8aqsS', 'md5': '696741d91ac04f81cf9b2cc7f36a765e', 'sha1': 'f46967c180924f4b11d8ab4dbf2847939d9af601', 'sha256': '5c5888e120e1f28baf1f711de9b2084b8f8ff29b6e1ab2e1ea3fdd57969f101a'}, 'dob': {'date': '1969-07-19T06:17:52.505Z', 'age': 54}, 'registered': {'date': '2013-02-27T01:29:32.182Z', 'age': 11}, 'phone': 'R21 M12-9623', 'cell': 'Z94 D22-8242', 'id': {'name': 'SIN', 'value': '315160655'}, 'picture': {'large': 'https://randomuser.me/api/portraits/men/26.jpg', 'medium': 'https://randomuser.me/api/portraits/med/men/26.jpg', 'thumbnail': 'https://randomuser.me/api/portraits/thumb/men/26.jpg'}, 'nat': 'CA'}], 'info': {'seed': 'a3423b4838a0662e', 'results': 1, 'page': 1, 'version': '1.4'}}</msg>
<arg>${json_data}</arg>
<doc>Logs the given message with the given level.</doc>
<status status="PASS" start="2024-06-26T01:05:57.253026" elapsed="0.000212"/>
</kw>
<kw name="Dictionary Should Contain Key" owner="Collections">
<arg>${json_data}</arg>
<arg>results</arg>
<doc>Fails if ``key`` is not found from ``dictionary``.</doc>
<status status="PASS" start="2024-06-26T01:05:57.253526" elapsed="0.000156"/>
</kw>
<kw name="Should Not Be Empty" owner="BuiltIn">
<msg time="2024-06-26T01:05:57.253994" level="INFO">Length is 2.</msg>
<arg>${json_data}</arg>
<doc>Verifies that the given item is not empty.</doc>
<status status="PASS" start="2024-06-26T01:05:57.253862" elapsed="0.000171"/>
</kw>
<kw name="Create List" owner="BuiltIn">
<msg time="2024-06-26T01:05:57.254526" level="INFO">${expected_keys} = ['gender', 'name', 'location', 'email', 'login']</msg>
<var>${expected_keys}</var>
<arg>gender</arg>
<arg>name</arg>
<arg>location</arg>
<arg>email</arg>
<arg>login</arg>
<doc>Returns a list containing given items.</doc>
<status status="PASS" start="2024-06-26T01:05:57.254327" elapsed="0.000233"/>
</kw>
<for flavor="IN">
<iter>
<kw name="Dictionary Should Contain Key" owner="Collections">
<arg>${json_data['results'][0]}</arg>
<arg>${key}</arg>
<doc>Fails if ``key`` is not found from ``dictionary``.</doc>
<status status="PASS" start="2024-06-26T01:05:57.255328" elapsed="0.000406"/>
</kw>
<kw name="Log" owner="BuiltIn">
<msg time="2024-06-26T01:05:57.256297" level="INFO">{'gender': 'male', 'name': {'title': 'Mr', 'first': 'Philip', 'last': 'Fortin'}, 'location': {'street': {'number': 3423, 'name': 'Oak St'}, 'city': 'Cornwall', 'state': 'Québec', 'country': 'Canada', 'postcode': 'K5Z 3E5', 'coordinates': {'latitude': '-65.3341', 'longitude': '-71.9478'}, 'timezone': {'offset': '+5:30', 'description': 'Bombay, Calcutta, Madras, New Delhi'}}, 'email': 'philip.fortin@example.com', 'login': {'uuid': 'c4b5a3d8-733f-4044-becb-8784a32723eb', 'username': 'smallpanda582', 'password': 'tigers1', 'salt': 'Cmn8aqsS', 'md5': '696741d91ac04f81cf9b2cc7f36a765e', 'sha1': 'f46967c180924f4b11d8ab4dbf2847939d9af601', 'sha256': '5c5888e120e1f28baf1f711de9b2084b8f8ff29b6e1ab2e1ea3fdd57969f101a'}, 'dob': {'date': '1969-07-19T06:17:52.505Z', 'age': 54}, 'registered': {'date': '2013-02-27T01:29:32.182Z', 'age': 11}, 'phone': 'R21 M12-9623', 'cell': 'Z94 D22-8242', 'id': {'name': 'SIN', 'value': '315160655'}, 'picture': {'large': 'https://randomuser.me/api/portraits/men/26.jpg', 'medium': 'https://randomuser.me/api/portraits/med/men/26.jpg', 'thumbnail': 'https://randomuser.me/api/portraits/thumb/men/26.jpg'}, 'nat': 'CA'}</msg>
<arg>${json_data['results'][0]}</arg>
<doc>Logs the given message with the given level.</doc>
<status status="PASS" start="2024-06-26T01:05:57.255925" elapsed="0.000422"/>
</kw>
<kw name="Log" owner="BuiltIn">
<msg time="2024-06-26T01:05:57.256771" level="INFO">gender</msg>
<arg>${key}</arg>
<doc>Logs the given message with the given level.</doc>
<status status="PASS" start="2024-06-26T01:05:57.256642" elapsed="0.000168"/>
</kw>
<var name="${key}">gender</var>
<status status="PASS" start="2024-06-26T01:05:57.255199" elapsed="0.001826"/>
</iter>
<iter>
<kw name="Dictionary Should Contain Key" owner="Collections">
<arg>${json_data['results'][0]}</arg>
<arg>${key}</arg>
<doc>Fails if ``key`` is not found from ``dictionary``.</doc>
<status status="PASS" start="2024-06-26T01:05:57.257318" elapsed="0.000393"/>
</kw>
<kw name="Log" owner="BuiltIn">
<msg time="2024-06-26T01:05:57.258265" level="INFO">{'gender': 'male', 'name': {'title': 'Mr', 'first': 'Philip', 'last': 'Fortin'}, 'location': {'street': {'number': 3423, 'name': 'Oak St'}, 'city': 'Cornwall', 'state': 'Québec', 'country': 'Canada', 'postcode': 'K5Z 3E5', 'coordinates': {'latitude': '-65.3341', 'longitude': '-71.9478'}, 'timezone': {'offset': '+5:30', 'description': 'Bombay, Calcutta, Madras, New Delhi'}}, 'email': 'philip.fortin@example.com', 'login': {'uuid': 'c4b5a3d8-733f-4044-becb-8784a32723eb', 'username': 'smallpanda582', 'password': 'tigers1', 'salt': 'Cmn8aqsS', 'md5': '696741d91ac04f81cf9b2cc7f36a765e', 'sha1': 'f46967c180924f4b11d8ab4dbf2847939d9af601', 'sha256': '5c5888e120e1f28baf1f711de9b2084b8f8ff29b6e1ab2e1ea3fdd57969f101a'}, 'dob': {'date': '1969-07-19T06:17:52.505Z', 'age': 54}, 'registered': {'date': '2013-02-27T01:29:32.182Z', 'age': 11}, 'phone': 'R21 M12-9623', 'cell': 'Z94 D22-8242', 'id': {'name': 'SIN', 'value': '315160655'}, 'picture': {'large': 'https://randomuser.me/api/portraits/men/26.jpg', 'medium': 'https://randomuser.me/api/portraits/med/men/26.jpg', 'thumbnail': 'https://randomuser.me/api/portraits/thumb/men/26.jpg'}, 'nat': 'CA'}</msg>
<arg>${json_data['results'][0]}</arg>
<doc>Logs the given message with the given level.</doc>
<status status="PASS" start="2024-06-26T01:05:57.257892" elapsed="0.000457"/>
</kw>
<kw name="Log" owner="BuiltIn">
<msg time="2024-06-26T01:05:57.258805" level="INFO">name</msg>
<arg>${key}</arg>
<doc>Logs the given message with the given level.</doc>
<status status="PASS" start="2024-06-26T01:05:57.258676" elapsed="0.000167"/>
</kw>
<var name="${key}">name</var>
<status status="PASS" start="2024-06-26T01:05:57.257208" elapsed="0.001847"/>
</iter>
<iter>
<kw name="Dictionary Should Contain Key" owner="Collections">
<arg>${json_data['results'][0]}</arg>
<arg>${key}</arg>
<doc>Fails if ``key`` is not found from ``dictionary``.</doc>
<status status="PASS" start="2024-06-26T01:05:57.259334" elapsed="0.000378"/>
</kw>
<kw name="Log" owner="BuiltIn">
<msg time="2024-06-26T01:05:57.260244" level="INFO">{'gender': 'male', 'name': {'title': 'Mr', 'first': 'Philip', 'last': 'Fortin'}, 'location': {'street': {'number': 3423, 'name': 'Oak St'}, 'city': 'Cornwall', 'state': 'Québec', 'country': 'Canada', 'postcode': 'K5Z 3E5', 'coordinates': {'latitude': '-65.3341', 'longitude': '-71.9478'}, 'timezone': {'offset': '+5:30', 'description': 'Bombay, Calcutta, Madras, New Delhi'}}, 'email': 'philip.fortin@example.com', 'login': {'uuid': 'c4b5a3d8-733f-4044-becb-8784a32723eb', 'username': 'smallpanda582', 'password': 'tigers1', 'salt': 'Cmn8aqsS', 'md5': '696741d91ac04f81cf9b2cc7f36a765e', 'sha1': 'f46967c180924f4b11d8ab4dbf2847939d9af601', 'sha256': '5c5888e120e1f28baf1f711de9b2084b8f8ff29b6e1ab2e1ea3fdd57969f101a'}, 'dob': {'date': '1969-07-19T06:17:52.505Z', 'age': 54}, 'registered': {'date': '2013-02-27T01:29:32.182Z', 'age': 11}, 'phone': 'R21 M12-9623', 'cell': 'Z94 D22-8242', 'id': {'name': 'SIN', 'value': '315160655'}, 'picture': {'large': 'https://randomuser.me/api/portraits/men/26.jpg', 'medium': 'https://randomuser.me/api/portraits/med/men/26.jpg', 'thumbnail': 'https://randomuser.me/api/portraits/thumb/men/26.jpg'}, 'nat': 'CA'}</msg>
<arg>${json_data['results'][0]}</arg>
<doc>Logs the given message with the given level.</doc>
<status status="PASS" start="2024-06-26T01:05:57.259894" elapsed="0.000399"/>
</kw>
<kw name="Log" owner="BuiltIn">
<msg time="2024-06-26T01:05:57.260711" level="INFO">location</msg>
<arg>${key}</arg>
<doc>Logs the given message with the given level.</doc>
<status status="PASS" start="2024-06-26T01:05:57.260584" elapsed="0.000164"/>
</kw>
<var name="${key}">location</var>
<status status="PASS" start="2024-06-26T01:05:57.259228" elapsed="0.001735"/>
</iter>
<iter>
<kw name="Dictionary Should Contain Key" owner="Collections">
<arg>${json_data['results'][0]}</arg>
<arg>${key}</arg>
<doc>Fails if ``key`` is not found from ``dictionary``.</doc>
<status status="PASS" start="2024-06-26T01:05:57.261237" elapsed="0.000380"/>
</kw>
<kw name="Log" owner="BuiltIn">
<msg time="2024-06-26T01:05:57.262153" level="INFO">{'gender': 'male', 'name': {'title': 'Mr', 'first': 'Philip', 'last': 'Fortin'}, 'location': {'street': {'number': 3423, 'name': 'Oak St'}, 'city': 'Cornwall', 'state': 'Québec', 'country': 'Canada', 'postcode': 'K5Z 3E5', 'coordinates': {'latitude': '-65.3341', 'longitude': '-71.9478'}, 'timezone': {'offset': '+5:30', 'description': 'Bombay, Calcutta, Madras, New Delhi'}}, 'email': 'philip.fortin@example.com', 'login': {'uuid': 'c4b5a3d8-733f-4044-becb-8784a32723eb', 'username': 'smallpanda582', 'password': 'tigers1', 'salt': 'Cmn8aqsS', 'md5': '696741d91ac04f81cf9b2cc7f36a765e', 'sha1': 'f46967c180924f4b11d8ab4dbf2847939d9af601', 'sha256': '5c5888e120e1f28baf1f711de9b2084b8f8ff29b6e1ab2e1ea3fdd57969f101a'}, 'dob': {'date': '1969-07-19T06:17:52.505Z', 'age': 54}, 'registered': {'date': '2013-02-27T01:29:32.182Z', 'age': 11}, 'phone': 'R21 M12-9623', 'cell': 'Z94 D22-8242', 'id': {'name': 'SIN', 'value': '315160655'}, 'picture': {'large': 'https://randomuser.me/api/portraits/men/26.jpg', 'medium': 'https://randomuser.me/api/portraits/med/men/26.jpg', 'thumbnail': 'https://randomuser.me/api/portraits/thumb/men/26.jpg'}, 'nat': 'CA'}</msg>
<arg>${json_data['results'][0]}</arg>
<doc>Logs the given message with the given level.</doc>
<status status="PASS" start="2024-06-26T01:05:57.261801" elapsed="0.000402"/>
</kw>
<kw name="Log" owner="BuiltIn">
<msg time="2024-06-26T01:05:57.262679" level="INFO">email</msg>
<arg>${key}</arg>
<doc>Logs the given message with the given level.</doc>
<status status="PASS" start="2024-06-26T01:05:57.262539" elapsed="0.000179"/>
</kw>
<var name="${key}">email</var>
<status status="PASS" start="2024-06-26T01:05:57.261132" elapsed="0.001802"/>
</iter>
<iter>
<kw name="Dictionary Should Contain Key" owner="Collections">
<arg>${json_data['results'][0]}</arg>
<arg>${key}</arg>
<doc>Fails if ``key`` is not found from ``dictionary``.</doc>
<status status="PASS" start="2024-06-26T01:05:57.263210" elapsed="0.000387"/>
</kw>
<kw name="Log" owner="BuiltIn">
<msg time="2024-06-26T01:05:57.264129" level="INFO">{'gender': 'male', 'name': {'title': 'Mr', 'first': 'Philip', 'last': 'Fortin'}, 'location': {'street': {'number': 3423, 'name': 'Oak St'}, 'city': 'Cornwall', 'state': 'Québec', 'country': 'Canada', 'postcode': 'K5Z 3E5', 'coordinates': {'latitude': '-65.3341', 'longitude': '-71.9478'}, 'timezone': {'offset': '+5:30', 'description': 'Bombay, Calcutta, Madras, New Delhi'}}, 'email': 'philip.fortin@example.com', 'login': {'uuid': 'c4b5a3d8-733f-4044-becb-8784a32723eb', 'username': 'smallpanda582', 'password': 'tigers1', 'salt': 'Cmn8aqsS', 'md5': '696741d91ac04f81cf9b2cc7f36a765e', 'sha1': 'f46967c180924f4b11d8ab4dbf2847939d9af601', 'sha256': '5c5888e120e1f28baf1f711de9b2084b8f8ff29b6e1ab2e1ea3fdd57969f101a'}, 'dob': {'date': '1969-07-19T06:17:52.505Z', 'age': 54}, 'registered': {'date': '2013-02-27T01:29:32.182Z', 'age': 11}, 'phone': 'R21 M12-9623', 'cell': 'Z94 D22-8242', 'id': {'name': 'SIN', 'value': '315160655'}, 'picture': {'large': 'https://randomuser.me/api/portraits/men/26.jpg', 'medium': 'https://randomuser.me/api/portraits/med/men/26.jpg', 'thumbnail': 'https://randomuser.me/api/portraits/thumb/men/26.jpg'}, 'nat': 'CA'}</msg>
<arg>${json_data['results'][0]}</arg>
<doc>Logs the given message with the given level.</doc>
<status status="PASS" start="2024-06-26T01:05:57.263780" elapsed="0.000399"/>
</kw>
<kw name="Log" owner="BuiltIn">
<msg time="2024-06-26T01:05:57.264612" level="INFO">login</msg>
<arg>${key}</arg>
<doc>Logs the given message with the given level.</doc>
<status status="PASS" start="2024-06-26T01:05:57.264473" elapsed="0.000177"/>
</kw>
<var name="${key}">login</var>
<status status="PASS" start="2024-06-26T01:05:57.263104" elapsed="0.001763"/>
</iter>
<var>${key}</var>
<value>@{expected_keys}</value>
<status status="PASS" start="2024-06-26T01:05:57.254994" elapsed="0.009994"/>
</for>
<kw name="Create List" owner="BuiltIn">
<msg time="2024-06-26T01:05:57.265323" level="INFO">${expected_keysTwo} = ['username', 'password']</msg>
<var>${expected_keysTwo}</var>
<arg>username</arg>
<arg>password</arg>
<doc>Returns a list containing given items.</doc>
<status status="PASS" start="2024-06-26T01:05:57.265181" elapsed="0.000193"/>
</kw>
<for flavor="IN">
<iter>
<kw name="Dictionary Should Contain Key" owner="Collections">
<arg>${json_data['results'][0]['login']}</arg>
<arg>${keyTwo}</arg>
<doc>Fails if ``key`` is not found from ``dictionary``.</doc>
<status status="PASS" start="2024-06-26T01:05:57.265880" elapsed="0.000394"/>
</kw>
<kw name="Dictionary Should Contain Key" owner="Collections">
<arg>${json_data['results'][0]['login']}</arg>
<arg>${keyTwo}</arg>
<doc>Fails if ``key`` is not found from ``dictionary``.</doc>
<status status="PASS" start="2024-06-26T01:05:57.266476" elapsed="0.000388"/>
</kw>
<kw name="Log" owner="BuiltIn">
<msg time="2024-06-26T01:05:57.267161" level="INFO">username</msg>
<arg>${keyTwo}</arg>
<doc>Logs the given message with the given level.</doc>
<status status="PASS" start="2024-06-26T01:05:57.267042" elapsed="0.000157"/>
</kw>
<var name="${keyTwo}">username</var>
<status status="PASS" start="2024-06-26T01:05:57.265772" elapsed="0.001656"/>
</iter>
<iter>
<kw name="Dictionary Should Contain Key" owner="Collections">
<arg>${json_data['results'][0]['login']}</arg>
<arg>${keyTwo}</arg>
<doc>Fails if ``key`` is not found from ``dictionary``.</doc>
<status status="PASS" start="2024-06-26T01:05:57.267707" elapsed="0.000390"/>
</kw>
<kw name="Dictionary Should Contain Key" owner="Collections">
<arg>${json_data['results'][0]['login']}</arg>
<arg>${keyTwo}</arg>
<doc>Fails if ``key`` is not found from ``dictionary``.</doc>
<status status="PASS" start="2024-06-26T01:05:57.268275" elapsed="0.000370"/>
</kw>
<kw name="Log" owner="BuiltIn">
<msg time="2024-06-26T01:05:57.268941" level="INFO">password</msg>
<arg>${keyTwo}</arg>
<doc>Logs the given message with the given level.</doc>
<status status="PASS" start="2024-06-26T01:05:57.268821" elapsed="0.000161"/>
</kw>
<var name="${keyTwo}">password</var>
<status status="PASS" start="2024-06-26T01:05:57.267598" elapsed="0.001605"/>
</iter>
<var>${keyTwo}</var>
<value>@{expected_keysTwo}</value>
<status status="PASS" start="2024-06-26T01:05:57.265618" elapsed="0.003705"/>
</for>
<status status="PASS" start="2024-06-26T01:05:57.167574" elapsed="0.101891"/>
</kw>
<doc>Testa a estrutura da resposta da API.</doc>
<tag>testeEstruturaResposta</tag>
<status status="PASS" start="2024-06-26T01:05:57.167067" elapsed="0.102556"/>
</test>
<test id="s1-s1-t4" name="Validar tipos de dados" line="28">
<kw name="Teste de Tipos de Dados" owner="random-user-service">
<kw name="GET On Session" owner="RequestsLibrary">
<msg time="2024-06-26T01:05:57.352341" level="INFO">GET Request : url=https://randomuser.me/api 
 path_url=/api 
 headers={'User-Agent': 'python-requests/2.32.3', 'Accept-Encoding': 'gzip, deflate', 'Accept': '*/*', 'Connection': 'keep-alive'} 
 body=None 
 </msg>
<msg time="2024-06-26T01:05:57.352520" level="INFO">GET Response : url=https://randomuser.me/api 
 status=200, reason=OK 
 headers={'Date': 'Wed, 26 Jun 2024 01:05:57 GMT', 'Content-Type': 'application/json; charset=utf-8', 'Transfer-Encoding': 'chunked', 'Connection': 'keep-alive', 'X-Powered-By': 'Express', 'Access-Control-Allow-Origin': '*', 'Cache-Control': 'no-cache', 'ETag': 'W/"487-nTmtOmbt8qDYLvqQFjqEk6C8oGY"', 'Vary': 'Accept-Encoding', 'Content-Encoding': 'gzip', 'CF-Cache-Status': 'DYNAMIC', 'Report-To': '{"endpoints":[{"url":"https:\\/\\/a.nel.cloudflare.com\\/report\\/v4?s=Hx%2BrDWeY9qtBnl4yhj1VbjwC3sIWRuxMW13uwdGXyrFd2%2FCTtIWz5o4ZBG7tVh7rzKQtLay8HWSjA0wGOe5qcFDlnf%2FYNBDA8uD7j1D%2BiYX9G%2F3pUGcd9QljA90NYEvc"}],"group":"cf-nel","max_age":604800}', 'NEL': '{"success_fraction":0,"report_to":"cf-nel","max_age":604800}', 'Server': 'cloudflare', 'CF-RAY': '89994abcfb6d8114-ORD', 'alt-svc': 'h3=":443"; ma=86400'} 
 body={"results":[{"gender":"male","name":{"title":"Mr","first":"Curtis","last":"Shelton"},"location":{"street":{"number":1516,"name":"New Street"},"city":"Trim","state":"Longford","country":"Ireland","postcode":79509,"coordinates":{"latitude":"-1.0962","longitude":"-62.2685"},"timezone":{"offset":"-5:00","description":"Eastern Time (US &amp; Canada), Bogota, Lima"}},"email":"curtis.shelton@example.com","login":{"uuid":"3d427e8c-0331-4ec1-b64c-b6c0286c6a2a","username":"crazypeacock761","password":"gustav","salt":"apmg3Wgm","md5":"c915cf3c648ac682ccfe4a0d536b6ee0","sha1":"8eb5387f33cda49efd1569876e677cb66b415739","sha256":"ed0eab21b58157dd5a600ff5e8d8c23cf93aede7fe66d6436a78de52901a133d"},"dob":{"date":"1969-03-15T06:56:11.645Z","age":55},"registered":{"date":"2018-03-13T18:12:48.725Z","age":6},"phone":"021-538-3616","cell":"081-071-5849","id":{"name":"PPS","value":"2120961T"},"picture":{"large":"https://randomuser.me/api/portraits/men/1.jpg","medium":"https://randomuser.me/api/portraits/med/men/1.jpg","thumbnail":"https://randomuser.me/api/portraits/thumb/men/1.jpg"},"nat":"IE"}],"info":{"seed":"9a8ff511e9e73ec4","results":1,"page":1,"version":"1.4"}} 
 </msg>
<msg time="2024-06-26T01:05:57.352631" level="INFO">/opt/hostedtoolcache/Python/3.12.4/x64/lib/python3.12/site-packages/urllib3/connectionpool.py:1099: InsecureRequestWarning: Unverified HTTPS request is being made to host 'randomuser.me'. Adding certificate verification is strongly advised. See: https://urllib3.readthedocs.io/en/latest/advanced-usage.html#tls-warnings
  warnings.warn(</msg>
<msg time="2024-06-26T01:05:57.352869" level="INFO">${response} = &lt;Response [200]&gt;</msg>
<var>${response}</var>
<arg>consultarAPI</arg>
<arg>/api</arg>
<doc>Sends a GET request on a previously created HTTP Session.</doc>
<status status="PASS" start="2024-06-26T01:05:57.272299" elapsed="0.080634"/>
</kw>
<kw name="Set Variable" owner="BuiltIn">
<msg time="2024-06-26T01:05:57.354111" level="INFO">${json_data} = {'results': [{'gender': 'male', 'name': {'title': 'Mr', 'first': 'Curtis', 'last': 'Shelton'}, 'location': {'street': {'number': 1516, 'name': 'New Street'}, 'city': 'Trim', 'state': 'Longford', 'coun...</msg>
<var>${json_data}</var>
<arg>${response.json()}</arg>
<doc>Returns the given values which can then be assigned to a variables.</doc>
<status status="PASS" start="2024-06-26T01:05:57.353527" elapsed="0.000618"/>
</kw>
<kw name="Log" owner="BuiltIn">
<msg time="2024-06-26T01:05:57.354788" level="INFO">{'results': [{'gender': 'male', 'name': {'title': 'Mr', 'first': 'Curtis', 'last': 'Shelton'}, 'location': {'street': {'number': 1516, 'name': 'New Street'}, 'city': 'Trim', 'state': 'Longford', 'country': 'Ireland', 'postcode': 79509, 'coordinates': {'latitude': '-1.0962', 'longitude': '-62.2685'}, 'timezone': {'offset': '-5:00', 'description': 'Eastern Time (US &amp; Canada), Bogota, Lima'}}, 'email': 'curtis.shelton@example.com', 'login': {'uuid': '3d427e8c-0331-4ec1-b64c-b6c0286c6a2a', 'username': 'crazypeacock761', 'password': 'gustav', 'salt': 'apmg3Wgm', 'md5': 'c915cf3c648ac682ccfe4a0d536b6ee0', 'sha1': '8eb5387f33cda49efd1569876e677cb66b415739', 'sha256': 'ed0eab21b58157dd5a600ff5e8d8c23cf93aede7fe66d6436a78de52901a133d'}, 'dob': {'date': '1969-03-15T06:56:11.645Z', 'age': 55}, 'registered': {'date': '2018-03-13T18:12:48.725Z', 'age': 6}, 'phone': '021-538-3616', 'cell': '081-071-5849', 'id': {'name': 'PPS', 'value': '2120961T'}, 'picture': {'large': 'https://randomuser.me/api/portraits/men/1.jpg', 'medium': 'https://randomuser.me/api/portraits/med/men/1.jpg', 'thumbnail': 'https://randomuser.me/api/portraits/thumb/men/1.jpg'}, 'nat': 'IE'}], 'info': {'seed': '9a8ff511e9e73ec4', 'results': 1, 'page': 1, 'version': '1.4'}}</msg>
<arg>${json_data}</arg>
<doc>Logs the given message with the given level.</doc>
<status status="PASS" start="2024-06-26T01:05:57.354591" elapsed="0.000252"/>
</kw>
<kw name="Should Be String" owner="String">
<arg>${json_data['results'][0]['gender']}</arg>
<doc>Fails if the given ``item`` is not a string.</doc>
<status status="PASS" start="2024-06-26T01:05:57.355192" elapsed="0.000411"/>
</kw>
<kw name="Should Match Regexp" owner="BuiltIn">
<arg>${json_data['results'][0]['email']}</arg>
<arg>^[a-zA-Z0-9._%+-]+@[a-zA-Z0-9.-]+\.[a-zA-Z]{2,}$</arg>
<doc>Fails if ``string`` does not match ``pattern`` as a regular expression.</doc>
<status status="PASS" start="2024-06-26T01:05:57.355809" elapsed="0.000549"/>
</kw>
<kw name="Should Match Regexp" owner="BuiltIn">
<arg>${json_data['results'][0]['dob']['date']}</arg>
<arg>\\d{4}-\\d{2}-\\d{2}T\\d{2}:\\d{2}:\\d{2}\\.\\d{3}Z</arg>
<doc>Fails if ``string`` does not match ``pattern`` as a regular expression.</doc>
<status status="PASS" start="2024-06-26T01:05:57.356603" elapsed="0.000522"/>
</kw>
<kw name="Should Match Regexp" owner="BuiltIn">
<arg>${json_data['results'][0]['registered']['date']}</arg>
<arg>\\d{4}-\\d{2}-\\d{2}T\\d{2}:\\d{2}:\\d{2}\\.\\d{3}Z</arg>
<doc>Fails if ``string`` does not match ``pattern`` as a regular expression.</doc>
<status status="PASS" start="2024-06-26T01:05:57.357321" elapsed="0.000377"/>
</kw>
<kw name="Should Match Regexp" owner="BuiltIn">
<arg>${json_data['results'][0]['picture']['large']}</arg>
<arg>^https?://.*\.(?:png|jpe?g|gif|bmp)$</arg>
<doc>Fails if ``string`` does not match ``pattern`` as a regular expression.</doc>
<status status="PASS" start="2024-06-26T01:05:57.357890" elapsed="0.000469"/>
</kw>
<kw name="Should Match Regexp" owner="BuiltIn">
<arg>${json_data['results'][0]['picture']['medium']}</arg>
<arg>^https?://.*\.(?:png|jpe?g|gif|bmp)$</arg>
<doc>Fails if ``string`` does not match ``pattern`` as a regular expression.</doc>
<status status="PASS" start="2024-06-26T01:05:57.358574" elapsed="0.000358"/>
</kw>
<kw name="Should Match Regexp" owner="BuiltIn">
<arg>${json_data['results'][0]['picture']['thumbnail']}</arg>
<arg>^https?://.*\.(?:png|jpe?g|gif|bmp)$</arg>
<doc>Fails if ``string`` does not match ``pattern`` as a regular expression.</doc>
<status status="PASS" start="2024-06-26T01:05:57.359120" elapsed="0.000350"/>
</kw>
<kw name="Log" owner="BuiltIn">
<msg time="2024-06-26T01:05:57.359986" level="INFO">{'large': 'https://randomuser.me/api/portraits/men/1.jpg', 'medium': 'https://randomuser.me/api/portraits/med/men/1.jpg', 'thumbnail': 'https://randomuser.me/api/portraits/thumb/men/1.jpg'}</msg>
<arg>${json_data['results'][0]['picture']}</arg>
<doc>Logs the given message with the given level.</doc>
<status status="PASS" start="2024-06-26T01:05:57.359653" elapsed="0.000375"/>
</kw>
<status status="PASS" start="2024-06-26T01:05:57.272066" elapsed="0.088243"/>
</kw>
<kw name="Teste de Tipos de Dados - Postcode" owner="random-user-service">
<kw name="GET On Session" owner="RequestsLibrary">
<msg time="2024-06-26T01:05:57.457197" level="INFO">GET Request : url=https://randomuser.me/api 
 path_url=/api 
 headers={'User-Agent': 'python-requests/2.32.3', 'Accept-Encoding': 'gzip, deflate', 'Accept': '*/*', 'Connection': 'keep-alive'} 
 body=None 
 </msg>
<msg time="2024-06-26T01:05:57.457301" level="INFO">GET Response : url=https://randomuser.me/api 
 status=200, reason=OK 
 headers={'Date': 'Wed, 26 Jun 2024 01:05:57 GMT', 'Content-Type': 'application/json; charset=utf-8', 'Transfer-Encoding': 'chunked', 'Connection': 'keep-alive', 'X-Powered-By': 'Express', 'Access-Control-Allow-Origin': '*', 'Cache-Control': 'no-cache', 'ETag': 'W/"48c-9CcpumrJsQInJqxY3orD4NK5PM8"', 'Vary': 'Accept-Encoding', 'Content-Encoding': 'gzip', 'CF-Cache-Status': 'DYNAMIC', 'Report-To': '{"endpoints":[{"url":"https:\\/\\/a.nel.cloudflare.com\\/report\\/v4?s=T6ahZMx89cxDGFpS%2F7qd6N91w1k%2Bv5owhaodo5bHgeVc2ZiJ3cQZhSZAqs7QP1ZZkL%2BiaGoRZZZnUEbfAfzIN5dq8armpXY0gB40FRPVTYnA3RI%2B2lU3n%2FzWP4JXJl4n"}],"group":"cf-nel","max_age":604800}', 'NEL': '{"success_fraction":0,"report_to":"cf-nel","max_age":604800}', 'Server': 'cloudflare', 'CF-RAY': '89994abd8c2e8114-ORD', 'alt-svc': 'h3=":443"; ma=86400'} 
 body={"results":[{"gender":"male","name":{"title":"Mr","first":"Victor","last":"Solevåg"},"location":{"street":{"number":7265,"name":"Soelvolds vei"},"city":"Andselv","state":"Troms - Romsa","country":"Norway","postcode":"5715","coordinates":{"latitude":"40.2249","longitude":"-159.6131"},"timezone":{"offset":"+8:00","description":"Beijing, Perth, Singapore, Hong Kong"}},"email":"victor.solevag@example.com","login":{"uuid":"fcdbc0d6-6718-4712-acb6-a37b19350aa3","username":"sadgorilla663","password":"shadow","salt":"xDhHDhhi","md5":"a593a90ea40d2481ecd46e9a59e332c5","sha1":"ad6986dae4a1984d2825744f18a9fd8cc906f9f9","sha256":"967a4f79c5252798d33f1b122f3bd6e8191bd8979d771cb7048a8a02ad9f9187"},"dob":{"date":"1955-10-04T07:38:11.036Z","age":68},"registered":{"date":"2011-01-25T03:48:48.991Z","age":13},"phone":"25230662","cell":"90784019","id":{"name":"FN","value":"04105549585"},"picture":{"large":"https://randomuser.me/api/portraits/men/71.jpg","medium":"https://randomuser.me/api/portraits/med/men/71.jpg","thumbnail":"https://randomuser.me/api/portraits/thumb/men/71.jpg"},"nat":"NO"}],"info":{"seed":"ca50927893566a4b","results":1,"page":1,"version":"1.4"}} 
 </msg>
<msg time="2024-06-26T01:05:57.457371" level="INFO">/opt/hostedtoolcache/Python/3.12.4/x64/lib/python3.12/site-packages/urllib3/connectionpool.py:1099: InsecureRequestWarning: Unverified HTTPS request is being made to host 'randomuser.me'. Adding certificate verification is strongly advised. See: https://urllib3.readthedocs.io/en/latest/advanced-usage.html#tls-warnings
  warnings.warn(</msg>
<msg time="2024-06-26T01:05:57.457514" level="INFO">${response} = &lt;Response [200]&gt;</msg>
<var>${response}</var>
<arg>consultarAPI</arg>
<arg>/api</arg>
<doc>Sends a GET request on a previously created HTTP Session.</doc>
<status status="PASS" start="2024-06-26T01:05:57.360783" elapsed="0.096773"/>
</kw>
<kw name="Set Variable" owner="BuiltIn">
<msg time="2024-06-26T01:05:57.458642" level="INFO">${json_data} = {'results': [{'gender': 'male', 'name': {'title': 'Mr', 'first': 'Victor', 'last': 'Solevåg'}, 'location': {'street': {'number': 7265, 'name': 'Soelvolds vei'}, 'city': 'Andselv', 'state': 'Troms - Ro...</msg>
<var>${json_data}</var>
<arg>${response.json()}</arg>
<doc>Returns the given values which can then be assigned to a variables.</doc>
<status status="PASS" start="2024-06-26T01:05:57.458062" elapsed="0.000610"/>
</kw>
<kw name="Log" owner="BuiltIn">
<msg time="2024-06-26T01:05:57.459139" level="INFO">{'results': [{'gender': 'male', 'name': {'title': 'Mr', 'first': 'Victor', 'last': 'Solevåg'}, 'location': {'street': {'number': 7265, 'name': 'Soelvolds vei'}, 'city': 'Andselv', 'state': 'Troms - Romsa', 'country': 'Norway', 'postcode': '5715', 'coordinates': {'latitude': '40.2249', 'longitude': '-159.6131'}, 'timezone': {'offset': '+8:00', 'description': 'Beijing, Perth, Singapore, Hong Kong'}}, 'email': 'victor.solevag@example.com', 'login': {'uuid': 'fcdbc0d6-6718-4712-acb6-a37b19350aa3', 'username': 'sadgorilla663', 'password': 'shadow', 'salt': 'xDhHDhhi', 'md5': 'a593a90ea40d2481ecd46e9a59e332c5', 'sha1': 'ad6986dae4a1984d2825744f18a9fd8cc906f9f9', 'sha256': '967a4f79c5252798d33f1b122f3bd6e8191bd8979d771cb7048a8a02ad9f9187'}, 'dob': {'date': '1955-10-04T07:38:11.036Z', 'age': 68}, 'registered': {'date': '2011-01-25T03:48:48.991Z', 'age': 13}, 'phone': '25230662', 'cell': '90784019', 'id': {'name': 'FN', 'value': '04105549585'}, 'picture': {'large': 'https://randomuser.me/api/portraits/men/71.jpg', 'medium': 'https://randomuser.me/api/portraits/med/men/71.jpg', 'thumbnail': 'https://randomuser.me/api/portraits/thumb/men/71.jpg'}, 'nat': 'NO'}], 'info': {'seed': 'ca50927893566a4b', 'results': 1, 'page': 1, 'version': '1.4'}}</msg>
<arg>${json_data}</arg>
<doc>Logs the given message with the given level.</doc>
<status status="PASS" start="2024-06-26T01:05:57.458979" elapsed="0.000209"/>
</kw>
<kw name="Should Be Equal As Numbers" owner="BuiltIn">
<arg>${json_data['results'][0]['location']['postcode']}</arg>
<arg>${json_data['results'][0]['location']['postcode']}</arg>
<doc>Fails if objects are unequal after converting them to real numbers.</doc>
<status status="PASS" start="2024-06-26T01:05:57.459483" elapsed="0.000713"/>
</kw>
<kw name="Log" owner="BuiltIn">
<msg time="2024-06-26T01:05:57.460724" level="INFO">5715</msg>
<arg>${json_data['results'][0]['location']['postcode']}</arg>
<doc>Logs the given message with the given level.</doc>
<status status="PASS" start="2024-06-26T01:05:57.460384" elapsed="0.000380"/>
</kw>
<status status="PASS" start="2024-06-26T01:05:57.360542" elapsed="0.100504"/>
</kw>
<doc>Testa se os tipos de dados na resposta da API estão corretos.</doc>
<tag>testeTiposDados</tag>
<status status="PASS" start="2024-06-26T01:05:57.271487" elapsed="0.189730"/>
</test>
<test id="s1-s1-t5" name="Validar conteudo" line="35">
<kw name="Teste de Tipos de Conteudo" owner="random-user-service">
<kw name="GET On Session" owner="RequestsLibrary">
<msg time="2024-06-26T01:05:57.563135" level="INFO">GET Request : url=https://randomuser.me/api 
 path_url=/api 
 headers={'User-Agent': 'python-requests/2.32.3', 'Accept-Encoding': 'gzip, deflate', 'Accept': '*/*', 'Connection': 'keep-alive'} 
 body=None 
 </msg>
<msg time="2024-06-26T01:05:57.563249" level="INFO">GET Response : url=https://randomuser.me/api 
 status=200, reason=OK 
 headers={'Date': 'Wed, 26 Jun 2024 01:05:57 GMT', 'Content-Type': 'application/json; charset=utf-8', 'Transfer-Encoding': 'chunked', 'Connection': 'keep-alive', 'X-Powered-By': 'Express', 'Access-Control-Allow-Origin': '*', 'Cache-Control': 'no-cache', 'ETag': 'W/"488-D0LDdZiEEiiB68kOtQjHEM2GYB4"', 'Vary': 'Accept-Encoding', 'Content-Encoding': 'gzip', 'CF-Cache-Status': 'DYNAMIC', 'Report-To': '{"endpoints":[{"url":"https:\\/\\/a.nel.cloudflare.com\\/report\\/v4?s=ZQLxj5l948RgISWk0rt%2FcGf6iyPgWd0hEZff29rJcGkPjxjLgeXLFq6IFref1Y%2BsPBd2qNKZzer7zOOnG7wb3KC8rJ6uztnrmGoV7fK%2F8hXFux5yGTmwev4KQ0SQR89Z"}],"group":"cf-nel","max_age":604800}', 'NEL': '{"success_fraction":0,"report_to":"cf-nel","max_age":604800}', 'Server': 'cloudflare', 'CF-RAY': '89994abe2cfd8114-ORD', 'alt-svc': 'h3=":443"; ma=86400'} 
 body={"results":[{"gender":"male","name":{"title":"Mr","first":"Per","last":"Meinen"},"location":{"street":{"number":431,"name":"Ing Arjen Vonkweg"},"city":"Rheezerveen","state":"Flevoland","country":"Netherlands","postcode":"7109 MC","coordinates":{"latitude":"36.7602","longitude":"-51.4511"},"timezone":{"offset":"-8:00","description":"Pacific Time (US &amp; Canada)"}},"email":"per.meinen@example.com","login":{"uuid":"b720cb13-2abe-4b3f-90e8-a148bbe2592c","username":"tinylion684","password":"98765","salt":"jOT3Sp7J","md5":"b6d2d4469c84b418e11f9878a37f9ce5","sha1":"a7442912f6bccfae573dc0fb1746b80a7089e1dd","sha256":"9bd5d185f121e7895634ed930e8b9aec671eed28eb129c57f721460b38033b13"},"dob":{"date":"1950-08-21T10:37:38.432Z","age":73},"registered":{"date":"2007-11-04T16:38:53.527Z","age":16},"phone":"(0656) 700956","cell":"(06) 35183118","id":{"name":"BSN","value":"79608856"},"picture":{"large":"https://randomuser.me/api/portraits/men/52.jpg","medium":"https://randomuser.me/api/portraits/med/men/52.jpg","thumbnail":"https://randomuser.me/api/portraits/thumb/men/52.jpg"},"nat":"NL"}],"info":{"seed":"8058fecb726cc1cf","results":1,"page":1,"version":"1.4"}} 
 </msg>
<msg time="2024-06-26T01:05:57.563355" level="INFO">/opt/hostedtoolcache/Python/3.12.4/x64/lib/python3.12/site-packages/urllib3/connectionpool.py:1099: InsecureRequestWarning: Unverified HTTPS request is being made to host 'randomuser.me'. Adding certificate verification is strongly advised. See: https://urllib3.readthedocs.io/en/latest/advanced-usage.html#tls-warnings
  warnings.warn(</msg>
<msg time="2024-06-26T01:05:57.563502" level="INFO">${response} = &lt;Response [200]&gt;</msg>
<var>${response}</var>
<arg>consultarAPI</arg>
<arg>/api</arg>
<doc>Sends a GET request on a previously created HTTP Session.</doc>
<status status="PASS" start="2024-06-26T01:05:57.463864" elapsed="0.099680"/>
</kw>
<kw name="Set Variable" owner="BuiltIn">
<msg time="2024-06-26T01:05:57.564609" level="INFO">${json_data} = {'results': [{'gender': 'male', 'name': {'title': 'Mr', 'first': 'Per', 'last': 'Meinen'}, 'location': {'street': {'number': 431, 'name': 'Ing Arjen Vonkweg'}, 'city': 'Rheezerveen', 'state': 'Flevola...</msg>
<var>${json_data}</var>
<arg>${response.json()}</arg>
<doc>Returns the given values which can then be assigned to a variables.</doc>
<status status="PASS" start="2024-06-26T01:05:57.564101" elapsed="0.000537"/>
</kw>
<kw name="Set Variable" owner="BuiltIn">
<msg time="2024-06-26T01:05:57.565321" level="INFO">${name_title} = Mr</msg>
<var>${name_title}</var>
<arg>${json_data["results"][0]["name"]["title"]}</arg>
<doc>Returns the given values which can then be assigned to a variables.</doc>
<status status="PASS" start="2024-06-26T01:05:57.564941" elapsed="0.000406"/>
</kw>
<kw name="Create List" owner="BuiltIn">
<msg time="2024-06-26T01:05:57.565795" level="INFO">${allowed_titles} = ['Mr', 'Ms', 'Miss', 'Mrs', 'Madame', 'Monsieur']</msg>
<var>${allowed_titles}</var>
<arg>Mr</arg>
<arg>Ms</arg>
<arg>Miss</arg>
<arg>Mrs</arg>
<arg>Madame</arg>
<arg>Monsieur</arg>
<doc>Returns a list containing given items.</doc>
<status status="PASS" start="2024-06-26T01:05:57.565645" elapsed="0.000174"/>
</kw>
<kw name="List Should Contain Value" owner="Collections">
<arg>${allowed_titles}</arg>
<arg>${name_title}</arg>
<doc>Fails if the ``value`` is not found from ``list``.</doc>
<status status="PASS" start="2024-06-26T01:05:57.566113" elapsed="0.000177"/>
</kw>
<kw name="Set Variable" owner="BuiltIn">
<msg time="2024-06-26T01:05:57.566878" level="INFO">${name_country} = NL</msg>
<var>${name_country}</var>
<arg>${json_data["results"][0]["nat"]}</arg>
<doc>Returns the given values which can then be assigned to a variables.</doc>
<status status="PASS" start="2024-06-26T01:05:57.566498" elapsed="0.000406"/>
</kw>
<kw name="Create List" owner="BuiltIn">
<msg time="2024-06-26T01:05:57.567787" level="INFO">${list_country} = ['AD', 'AE', 'AF', 'AG', 'AI', 'AL', 'AM', 'AO', 'AQ', 'AR', 'AS', 'AT', 'AU', 'AW', 'AX', 'AZ', 'BA', 'BB', 'BD', 'BE', 'BF', 'BG', 'BH', 'BI', 'BJ', 'BL', 'BM', 'BN', 'BO', 'BQ', 'BR', 'BS', 'BT', '...</msg>
<var>${list_country}</var>
<arg>AD</arg>
<arg>AE</arg>
<arg>AF</arg>
<arg>AG</arg>
<arg>AI</arg>
<arg>AL</arg>
<arg>AM</arg>
<arg>AO</arg>
<arg>AQ</arg>
<arg>AR</arg>
<arg>AS</arg>
<arg>AT</arg>
<arg>AU</arg>
<arg>AW</arg>
<arg>AX</arg>
<arg>AZ</arg>
<arg>BA</arg>
<arg>BB</arg>
<arg>BD</arg>
<arg>BE</arg>
<arg>BF</arg>
<arg>BG</arg>
<arg>BH</arg>
<arg>BI</arg>
<arg>BJ</arg>
<arg>BL</arg>
<arg>BM</arg>
<arg>BN</arg>
<arg>BO</arg>
<arg>BQ</arg>
<arg>BR</arg>
<arg>BS</arg>
<arg>BT</arg>
<arg>BV</arg>
<arg>BW</arg>
<arg>BY</arg>
<arg>BZ</arg>
<arg>CA</arg>
<arg>CC</arg>
<arg>CD</arg>
<arg>CF</arg>
<arg>CG</arg>
<arg>CH</arg>
<arg>CI</arg>
<arg>CK</arg>
<arg>CL</arg>
<arg>CM</arg>
<arg>CN</arg>
<arg>CO</arg>
<arg>CR</arg>
<arg>CU</arg>
<arg>CV</arg>
<arg>CW</arg>
<arg>CX</arg>
<arg>CY</arg>
<arg>CZ</arg>
<arg>DE</arg>
<arg>DJ</arg>
<arg>DK</arg>
<arg>DM</arg>
<arg>DO</arg>
<arg>DZ</arg>
<arg>EC</arg>
<arg>EE</arg>
<arg>EG</arg>
<arg>EH</arg>
<arg>ER</arg>
<arg>ES</arg>
<arg>ET</arg>
<arg>FI</arg>
<arg>FJ</arg>
<arg>FK</arg>
<arg>FM</arg>
<arg>FO</arg>
<arg>FR</arg>
<arg>GA</arg>
<arg>GB</arg>
<arg>GD</arg>
<arg>GE</arg>
<arg>GF</arg>
<arg>GG</arg>
<arg>GH</arg>
<arg>GI</arg>
<arg>GL</arg>
<arg>GM</arg>
<arg>GN</arg>
<arg>GP</arg>
<arg>GQ</arg>
<arg>GR</arg>
<arg>GS</arg>
<arg>GT</arg>
<arg>GU</arg>
<arg>GW</arg>
<arg>GY</arg>
<arg>HK</arg>
<arg>HM</arg>
<arg>HN</arg>
<arg>HR</arg>
<arg>HT</arg>
<arg>HU</arg>
<arg>ID</arg>
<arg>IE</arg>
<arg>IL</arg>
<arg>IM</arg>
<arg>IN</arg>
<arg>IO</arg>
<arg>IQ</arg>
<arg>IR</arg>
<arg>IS</arg>
<arg>IT</arg>
<arg>JE</arg>
<arg>JM</arg>
<arg>JO</arg>
<arg>JP</arg>
<arg>KE</arg>
<arg>KG</arg>
<arg>KH</arg>
<arg>KI</arg>
<arg>KM</arg>
<arg>KN</arg>
<arg>KP</arg>
<arg>KR</arg>
<arg>KW</arg>
<arg>KY</arg>
<arg>KZ</arg>
<arg>LA</arg>
<arg>LB</arg>
<arg>LC</arg>
<arg>LI</arg>
<arg>LK</arg>
<arg>LR</arg>
<arg>LS</arg>
<arg>LT</arg>
<arg>LU</arg>
<arg>LV</arg>
<arg>LY</arg>
<arg>MA</arg>
<arg>MC</arg>
<arg>MD</arg>
<arg>ME</arg>
<arg>MF</arg>
<arg>MG</arg>
<arg>MH</arg>
<arg>MK</arg>
<arg>ML</arg>
<arg>MM</arg>
<arg>MN</arg>
<arg>MO</arg>
<arg>MP</arg>
<arg>MQ</arg>
<arg>MR</arg>
<arg>MS</arg>
<arg>MT</arg>
<arg>MU</arg>
<arg>MV</arg>
<arg>MW</arg>
<arg>MX</arg>
<arg>MY</arg>
<arg>MZ</arg>
<arg>NA</arg>
<arg>NC</arg>
<arg>NE</arg>
<arg>NF</arg>
<arg>NG</arg>
<arg>NI</arg>
<arg>NL</arg>
<arg>NO</arg>
<arg>NP</arg>
<arg>NR</arg>
<arg>NU</arg>
<arg>NZ</arg>
<arg>OM</arg>
<arg>PA</arg>
<arg>PE</arg>
<arg>PF</arg>
<arg>PG</arg>
<arg>PH</arg>
<arg>PK</arg>
<arg>PL</arg>
<arg>PM</arg>
<arg>PN</arg>
<arg>PR</arg>
<arg>PS</arg>
<arg>PT</arg>
<arg>PW</arg>
<arg>PY</arg>
<arg>QA</arg>
<arg>RE</arg>
<arg>RO</arg>
<arg>RS</arg>
<arg>RU</arg>
<arg>RW</arg>
<arg>SA</arg>
<arg>SB</arg>
<arg>SC</arg>
<arg>SD</arg>
<arg>SE</arg>
<arg>SG</arg>
<arg>SH</arg>
<arg>SI</arg>
<arg>SJ</arg>
<arg>SK</arg>
<arg>SL</arg>
<arg>SM</arg>
<arg>SN</arg>
<arg>SO</arg>
<arg>SR</arg>
<arg>SS</arg>
<arg>ST</arg>
<arg>SV</arg>
<arg>SX</arg>
<arg>SY</arg>
<arg>SZ</arg>
<arg>TC</arg>
<arg>TD</arg>
<arg>TF</arg>
<arg>TG</arg>
<arg>TH</arg>
<arg>TJ</arg>
<arg>TK</arg>
<arg>TL</arg>
<arg>TM</arg>
<arg>TN</arg>
<arg>TO</arg>
<arg>TR</arg>
<arg>TT</arg>
<arg>TV</arg>
<arg>TW</arg>
<arg>TZ</arg>
<arg>UA</arg>
<arg>UG</arg>
<arg>UM</arg>
<arg>US</arg>
<arg>UY</arg>
<arg>UZ</arg>
<arg>VA</arg>
<arg>VC</arg>
<arg>VE</arg>
<arg>VG</arg>
<arg>VI</arg>
<arg>VN</arg>
<arg>VU</arg>
<arg>WF</arg>
<arg>WS</arg>
<arg>XK</arg>
<arg>YE</arg>
<arg>YT</arg>
<arg>ZA</arg>
<arg>ZM</arg>
<arg>ZW</arg>
<doc>Returns a list containing given items.</doc>
<status status="PASS" start="2024-06-26T01:05:57.567194" elapsed="0.000620"/>
</kw>
<kw name="List Should Contain Value" owner="Collections">
<arg>${list_country}</arg>
<arg>${name_country}</arg>
<doc>Fails if the ``value`` is not found from ``list``.</doc>
<status status="PASS" start="2024-06-26T01:05:57.568626" elapsed="0.000205"/>
</kw>
<kw name="Run Keyword If" owner="BuiltIn">
<kw name="Should Be True" owner="BuiltIn">
<arg>${True}</arg>
<doc>Fails if the given condition is not true.</doc>
<status status="PASS" start="2024-06-26T01:05:57.569778" elapsed="0.000140"/>
</kw>
<arg>${json_data["results"][0]["location"]["coordinates"]["latitude"]} &gt;= -90 and ${json_data["results"][0]["location"]["coordinates"]["latitude"]} &lt;= 90</arg>
<arg>Should Be True</arg>
<arg>${True}</arg>
<doc>Runs the given keyword with the given arguments, if ``condition`` is true.</doc>
<status status="PASS" start="2024-06-26T01:05:57.569026" elapsed="0.001018"/>
</kw>
<kw name="Run Keyword If" owner="BuiltIn">
<kw name="Should Be True" owner="BuiltIn">
<arg>${True}</arg>
<doc>Fails if the given condition is not true.</doc>
<status status="PASS" start="2024-06-26T01:05:57.570948" elapsed="0.000138"/>
</kw>
<arg>${json_data["results"][0]["location"]["coordinates"]["longitude"]} &gt;= -180 and ${json_data["results"][0]["location"]["coordinates"]["longitude"]} &lt;= 180</arg>
<arg>Should Be True</arg>
<arg>${True}</arg>
<doc>Runs the given keyword with the given arguments, if ``condition`` is true.</doc>
<status status="PASS" start="2024-06-26T01:05:57.570226" elapsed="0.000988"/>
</kw>
<status status="PASS" start="2024-06-26T01:05:57.463476" elapsed="0.107871"/>
</kw>
<doc>Testa o conteúdo específico dos campos retornados pela API.</doc>
<tag>testeConteudo</tag>
<status status="PASS" start="2024-06-26T01:05:57.463023" elapsed="0.108480"/>
</test>
<status status="PASS" start="2024-06-26T01:05:56.606119" elapsed="0.967421"/>
</suite>
<status status="PASS" start="2024-06-26T01:05:56.591478" elapsed="0.987466"/>
</suite>
<statistics>
<total>
<stat pass="5" fail="0" skip="0">All Tests</stat>
</total>
<tag>
<stat pass="1" fail="0" skip="0">testeConteudo</stat>
<stat pass="1" fail="0" skip="0">testeEstruturaResposta</stat>
<stat pass="1" fail="0" skip="0">testeRequisicaoBasica</stat>
<stat pass="1" fail="0" skip="0">testeTiposDados</stat>
</tag>
<suite>
<stat pass="5" fail="0" skip="0" id="s1" name="Tests">Tests</stat>
<stat pass="5" fail="0" skip="0" id="s1-s1" name="Random-User-Test">Tests.Random-User-Test</stat>
</suite>
</statistics>
<errors>
</errors>
</robot>
