<?xml version="1.0" encoding="UTF-8"?>
<robot generator="Robot 7.0 (Python 3.12.3 on linux)" generated="2024-05-29T18:18:46.929071" rpa="false" schemaversion="5">
<suite id="s1" name="Tests" source="/home/runner/work/ApiRandomUser/ApiRandomUser/RamdonUser/tests">
<suite id="s1-s1" name="Random-User-Test" source="/home/runner/work/ApiRandomUser/ApiRandomUser/RamdonUser/tests/random-user-test.robot">
<test id="s1-s1-t1" name="Conectar" line="13">
<kw name="Conectar API" owner="random-user-service">
<kw name="Create Session" owner="RequestsLibrary">
<msg time="2024-05-29T18:18:47.312038" level="INFO">Creating Session using : alias=consultarAPI, url=https://randomuser.me/, headers={},                     cookies={}, auth=None, timeout=None, proxies=None, verify=False,                     debug=0 </msg>
<arg>consultarAPI</arg>
<arg>${URL}</arg>
<doc>Create Session: create a HTTP session to a server</doc>
<status status="PASS" start="2024-05-29T18:18:47.311834" elapsed="0.000389"/>
</kw>
<status status="PASS" start="2024-05-29T18:18:47.310735" elapsed="0.001847"/>
</kw>
<status status="PASS" start="2024-05-29T18:18:47.310112" elapsed="0.002664"/>
</test>
<test id="s1-s1-t2" name="Validar retorno 200 e JSON Válido" line="16">
<kw name="Teste de Requisicao Basica" owner="random-user-service">
<kw name="GET On Session" owner="RequestsLibrary">
<msg time="2024-05-29T18:18:47.455572" level="INFO">GET Request : url=https://randomuser.me/api 
 path_url=/api 
 headers={'User-Agent': 'python-requests/2.32.3', 'Accept-Encoding': 'gzip, deflate', 'Accept': '*/*', 'Connection': 'keep-alive'} 
 body=None 
 </msg>
<msg time="2024-05-29T18:18:47.455716" level="INFO">GET Response : url=https://randomuser.me/api 
 status=200, reason=OK 
 headers={'Date': 'Wed, 29 May 2024 18:18:47 GMT', 'Content-Type': 'application/json; charset=utf-8', 'Transfer-Encoding': 'chunked', 'Connection': 'keep-alive', 'X-Powered-By': 'Express', 'Access-Control-Allow-Origin': '*', 'Cache-Control': 'no-cache', 'ETag': 'W/"4b9-zt9ZNRnzp/CP9q0erfMzViNnoE0"', 'Vary': 'Accept-Encoding', 'Content-Encoding': 'gzip', 'CF-Cache-Status': 'DYNAMIC', 'Report-To': '{"endpoints":[{"url":"https:\\/\\/a.nel.cloudflare.com\\/report\\/v4?s=srJF1H0q3hxEijysnsz9mpW9iGnPa9Xie4bNi5d4CZZyd223glBFViJvhhRp3P4FovX6%2Bl8JDUpKkGIpapk7PwQmOIq0sSBN1dHkX%2FU1SROSoxlI14Nl%2FdxMcszwqwq%2B"}],"group":"cf-nel","max_age":604800}', 'NEL': '{"success_fraction":0,"report_to":"cf-nel","max_age":604800}', 'Server': 'cloudflare', 'CF-RAY': '88b87d2ddbf92a99-ORD', 'alt-svc': 'h3=":443"; ma=86400'} 
 body={"results":[{"gender":"female","name":{"title":"Miss","first":"Zosja","last":"Van Zoggel"},"location":{"street":{"number":7873,"name":"Badweg Oosterend"},"city":"Mijnsheerenland","state":"Noord-Holland","country":"Netherlands","postcode":"8141 YJ","coordinates":{"latitude":"32.7051","longitude":"176.8482"},"timezone":{"offset":"+11:00","description":"Magadan, Solomon Islands, New Caledonia"}},"email":"zosja.vanzoggel@example.com","login":{"uuid":"fe3fc189-26d0-4a26-9188-62386e8b070e","username":"orangegorilla220","password":"katie1","salt":"xZcOkxtg","md5":"a982b6f4527e28ff96943dd690400c2f","sha1":"53e72c3f147f5e4156fb4b85326f96566194a1ad","sha256":"720e02cebfa5a553940a136363f42d1532b5b078812c2c827e53399c85d6790f"},"dob":{"date":"1958-03-02T11:48:32.356Z","age":66},"registered":{"date":"2012-05-30T07:48:44.666Z","age":11},"phone":"(095) 7040893","cell":"(06) 55065215","id":{"name":"BSN","value":"28589567"},"picture":{"large":"https://randomuser.me/api/portraits/women/36.jpg","medium":"https://randomuser.me/api/portraits/med/women/36.jpg","thumbnail":"https://randomuser.me/api/portraits/thumb/women/36.jpg"},"nat":"NL"}],"info":{"seed":"47a7a36c331e0116","results":1,"page":1,"version":"1.4"}} 
 </msg>
<msg time="2024-05-29T18:18:47.455793" level="INFO">/opt/hostedtoolcache/Python/3.12.3/x64/lib/python3.12/site-packages/urllib3/connectionpool.py:1103: InsecureRequestWarning: Unverified HTTPS request is being made to host 'randomuser.me'. Adding certificate verification is strongly advised. See: https://urllib3.readthedocs.io/en/latest/advanced-usage.html#tls-warnings
  warnings.warn(</msg>
<msg time="2024-05-29T18:18:47.455946" level="INFO">${response} = &lt;Response [200]&gt;</msg>
<var>${response}</var>
<arg>consultarAPI</arg>
<arg>/api</arg>
<doc>Sends a GET request on a previously created HTTP Session.</doc>
<status status="PASS" start="2024-05-29T18:18:47.315451" elapsed="0.140541"/>
</kw>
<kw name="Should Be Equal As Numbers" owner="BuiltIn">
<msg time="2024-05-29T18:18:47.456922" level="INFO">Argument types are:
&lt;class 'int'&gt;
&lt;class 'str'&gt;</msg>
<arg>${response.status_code}</arg>
<arg>200</arg>
<doc>Fails if objects are unequal after converting them to real numbers.</doc>
<status status="PASS" start="2024-05-29T18:18:47.456462" elapsed="0.000527"/>
</kw>
<kw name="Log" owner="BuiltIn">
<msg time="2024-05-29T18:18:47.457717" level="INFO">200</msg>
<arg>${response.status_code}</arg>
<doc>Logs the given message with the given level.</doc>
<status status="PASS" start="2024-05-29T18:18:47.457354" elapsed="0.000411"/>
</kw>
<kw name="Set Variable" owner="BuiltIn">
<msg time="2024-05-29T18:18:47.458522" level="INFO">${json_data} = {'results': [{'gender': 'female', 'name': {'title': 'Miss', 'first': 'Zosja', 'last': 'Van Zoggel'}, 'location': {'street': {'number': 7873, 'name': 'Badweg Oosterend'}, 'city': 'Mijnsheerenland', 'st...</msg>
<var>${json_data}</var>
<arg>${response.json()}</arg>
<doc>Returns the given values which can then be assigned to a variables.</doc>
<status status="PASS" start="2024-05-29T18:18:47.458081" elapsed="0.000471"/>
</kw>
<kw name="Dictionary Should Contain Key" owner="Collections">
<msg time="2024-05-29T18:18:47.459078" level="INFO">False</msg>
<arg>${json_data}</arg>
<arg>results</arg>
<doc>Fails if ``key`` is not found from ``dictionary``.</doc>
<status status="PASS" start="2024-05-29T18:18:47.458888" elapsed="0.000389"/>
</kw>
<status status="PASS" start="2024-05-29T18:18:47.315205" elapsed="0.144345"/>
</kw>
<doc>Testa se a API responde corretamente e retorna um objeto JSON válido.</doc>
<tag>testeRequisicaoBasica</tag>
<status status="PASS" start="2024-05-29T18:18:47.314638" elapsed="0.145093"/>
</test>
<test id="s1-s1-t3" name="Validar estrutura de resposta" line="22">
<kw name="Teste de Estrutura de Resposta" owner="random-user-service">
<kw name="GET On Session" owner="RequestsLibrary">
<msg time="2024-05-29T18:18:47.567326" level="INFO">GET Request : url=https://randomuser.me/api 
 path_url=/api 
 headers={'User-Agent': 'python-requests/2.32.3', 'Accept-Encoding': 'gzip, deflate', 'Accept': '*/*', 'Connection': 'keep-alive'} 
 body=None 
 </msg>
<msg time="2024-05-29T18:18:47.567409" level="INFO">GET Response : url=https://randomuser.me/api 
 status=200, reason=OK 
 headers={'Date': 'Wed, 29 May 2024 18:18:47 GMT', 'Content-Type': 'application/json; charset=utf-8', 'Transfer-Encoding': 'chunked', 'Connection': 'keep-alive', 'X-Powered-By': 'Express', 'Access-Control-Allow-Origin': '*', 'Cache-Control': 'no-cache', 'ETag': 'W/"4a2-Ikv5dxwAhUQsVIH/YL64VdUJN5M"', 'Vary': 'Accept-Encoding', 'Content-Encoding': 'gzip', 'CF-Cache-Status': 'DYNAMIC', 'Report-To': '{"endpoints":[{"url":"https:\\/\\/a.nel.cloudflare.com\\/report\\/v4?s=%2Bx0BxGEaO0IDNqN6RTInpINVfsp94Z8z9ZxinrMluPgqC%2FX1Ptl4yZB9DTpqHF%2FjdEbAIyg5ZeWl7krW8XU4M6CEVtoUUCxrUn4EBYslo9uAx1m8RekC1QtW8chvz31u"}],"group":"cf-nel","max_age":604800}', 'NEL': '{"success_fraction":0,"report_to":"cf-nel","max_age":604800}', 'Server': 'cloudflare', 'CF-RAY': '88b87d2ead002a99-ORD', 'alt-svc': 'h3=":443"; ma=86400'} 
 body={"results":[{"gender":"male","name":{"title":"Mr","first":"Oliver","last":"Manni"},"location":{"street":{"number":6262,"name":"Verkatehtaankatu"},"city":"Lemland","state":"South Karelia","country":"Finland","postcode":94830,"coordinates":{"latitude":"-29.7380","longitude":"-50.8898"},"timezone":{"offset":"0:00","description":"Western Europe Time, London, Lisbon, Casablanca"}},"email":"oliver.manni@example.com","login":{"uuid":"a97ae7bf-1938-4a08-8a8e-4fe2e8c2ffbd","username":"lazytiger343","password":"oranges","salt":"eLmHMbFp","md5":"dce95be50cc4b658dde7910db2abaac2","sha1":"7486525f364e94b0be07162a58e46ca9f8c86ef6","sha256":"7d8c4d0e74fb2e026b07ec337f54bd5f12f3d7efb0873f2a5c6d2451c9b2f76d"},"dob":{"date":"1998-07-28T05:48:37.695Z","age":25},"registered":{"date":"2020-02-01T21:45:29.610Z","age":4},"phone":"09-571-997","cell":"048-883-50-35","id":{"name":"HETU","value":"NaNNA443undefined"},"picture":{"large":"https://randomuser.me/api/portraits/men/14.jpg","medium":"https://randomuser.me/api/portraits/med/men/14.jpg","thumbnail":"https://randomuser.me/api/portraits/thumb/men/14.jpg"},"nat":"FI"}],"info":{"seed":"b0c85d8da1451287","results":1,"page":1,"version":"1.4"}} 
 </msg>
<msg time="2024-05-29T18:18:47.567530" level="INFO">/opt/hostedtoolcache/Python/3.12.3/x64/lib/python3.12/site-packages/urllib3/connectionpool.py:1103: InsecureRequestWarning: Unverified HTTPS request is being made to host 'randomuser.me'. Adding certificate verification is strongly advised. See: https://urllib3.readthedocs.io/en/latest/advanced-usage.html#tls-warnings
  warnings.warn(</msg>
<msg time="2024-05-29T18:18:47.567671" level="INFO">${response} = &lt;Response [200]&gt;</msg>
<var>${response}</var>
<arg>consultarAPI</arg>
<arg>/api</arg>
<doc>Sends a GET request on a previously created HTTP Session.</doc>
<status status="PASS" start="2024-05-29T18:18:47.462402" elapsed="0.105322"/>
</kw>
<kw name="Set Variable" owner="BuiltIn">
<msg time="2024-05-29T18:18:47.568590" level="INFO">${json_data} = {'results': [{'gender': 'male', 'name': {'title': 'Mr', 'first': 'Oliver', 'last': 'Manni'}, 'location': {'street': {'number': 6262, 'name': 'Verkatehtaankatu'}, 'city': 'Lemland', 'state': 'South Kar...</msg>
<var>${json_data}</var>
<arg>${response.json()}</arg>
<doc>Returns the given values which can then be assigned to a variables.</doc>
<status status="PASS" start="2024-05-29T18:18:47.568120" elapsed="0.000499"/>
</kw>
<kw name="Log" owner="BuiltIn">
<msg time="2024-05-29T18:18:47.569087" level="INFO">{'results': [{'gender': 'male', 'name': {'title': 'Mr', 'first': 'Oliver', 'last': 'Manni'}, 'location': {'street': {'number': 6262, 'name': 'Verkatehtaankatu'}, 'city': 'Lemland', 'state': 'South Karelia', 'country': 'Finland', 'postcode': 94830, 'coordinates': {'latitude': '-29.7380', 'longitude': '-50.8898'}, 'timezone': {'offset': '0:00', 'description': 'Western Europe Time, London, Lisbon, Casablanca'}}, 'email': 'oliver.manni@example.com', 'login': {'uuid': 'a97ae7bf-1938-4a08-8a8e-4fe2e8c2ffbd', 'username': 'lazytiger343', 'password': 'oranges', 'salt': 'eLmHMbFp', 'md5': 'dce95be50cc4b658dde7910db2abaac2', 'sha1': '7486525f364e94b0be07162a58e46ca9f8c86ef6', 'sha256': '7d8c4d0e74fb2e026b07ec337f54bd5f12f3d7efb0873f2a5c6d2451c9b2f76d'}, 'dob': {'date': '1998-07-28T05:48:37.695Z', 'age': 25}, 'registered': {'date': '2020-02-01T21:45:29.610Z', 'age': 4}, 'phone': '09-571-997', 'cell': '048-883-50-35', 'id': {'name': 'HETU', 'value': 'NaNNA443undefined'}, 'picture': {'large': 'https://randomuser.me/api/portraits/men/14.jpg', 'medium': 'https://randomuser.me/api/portraits/med/men/14.jpg', 'thumbnail': 'https://randomuser.me/api/portraits/thumb/men/14.jpg'}, 'nat': 'FI'}], 'info': {'seed': 'b0c85d8da1451287', 'results': 1, 'page': 1, 'version': '1.4'}}</msg>
<arg>${json_data}</arg>
<doc>Logs the given message with the given level.</doc>
<status status="PASS" start="2024-05-29T18:18:47.568931" elapsed="0.000203"/>
</kw>
<kw name="Dictionary Should Contain Key" owner="Collections">
<msg time="2024-05-29T18:18:47.569579" level="INFO">False</msg>
<arg>${json_data}</arg>
<arg>results</arg>
<doc>Fails if ``key`` is not found from ``dictionary``.</doc>
<status status="PASS" start="2024-05-29T18:18:47.569425" elapsed="0.000190"/>
</kw>
<kw name="Should Not Be Empty" owner="BuiltIn">
<msg time="2024-05-29T18:18:47.570039" level="INFO">Length is 2.</msg>
<arg>${json_data}</arg>
<doc>Verifies that the given item is not empty.</doc>
<status status="PASS" start="2024-05-29T18:18:47.569909" elapsed="0.000167"/>
</kw>
<kw name="Create List" owner="BuiltIn">
<msg time="2024-05-29T18:18:47.570577" level="INFO">${expected_keys} = ['gender', 'name', 'location', 'email', 'login']</msg>
<var>${expected_keys}</var>
<arg>gender</arg>
<arg>name</arg>
<arg>location</arg>
<arg>email</arg>
<arg>login</arg>
<doc>Returns a list containing given items.</doc>
<status status="PASS" start="2024-05-29T18:18:47.570415" elapsed="0.000186"/>
</kw>
<for flavor="IN">
<iter>
<kw name="Dictionary Should Contain Key" owner="Collections">
<msg time="2024-05-29T18:18:47.571686" level="INFO">False</msg>
<arg>${json_data['results'][0]}</arg>
<arg>${key}</arg>
<doc>Fails if ``key`` is not found from ``dictionary``.</doc>
<status status="PASS" start="2024-05-29T18:18:47.571252" elapsed="0.000478"/>
</kw>
<kw name="Log" owner="BuiltIn">
<msg time="2024-05-29T18:18:47.572400" level="INFO">{'gender': 'male', 'name': {'title': 'Mr', 'first': 'Oliver', 'last': 'Manni'}, 'location': {'street': {'number': 6262, 'name': 'Verkatehtaankatu'}, 'city': 'Lemland', 'state': 'South Karelia', 'country': 'Finland', 'postcode': 94830, 'coordinates': {'latitude': '-29.7380', 'longitude': '-50.8898'}, 'timezone': {'offset': '0:00', 'description': 'Western Europe Time, London, Lisbon, Casablanca'}}, 'email': 'oliver.manni@example.com', 'login': {'uuid': 'a97ae7bf-1938-4a08-8a8e-4fe2e8c2ffbd', 'username': 'lazytiger343', 'password': 'oranges', 'salt': 'eLmHMbFp', 'md5': 'dce95be50cc4b658dde7910db2abaac2', 'sha1': '7486525f364e94b0be07162a58e46ca9f8c86ef6', 'sha256': '7d8c4d0e74fb2e026b07ec337f54bd5f12f3d7efb0873f2a5c6d2451c9b2f76d'}, 'dob': {'date': '1998-07-28T05:48:37.695Z', 'age': 25}, 'registered': {'date': '2020-02-01T21:45:29.610Z', 'age': 4}, 'phone': '09-571-997', 'cell': '048-883-50-35', 'id': {'name': 'HETU', 'value': 'NaNNA443undefined'}, 'picture': {'large': 'https://randomuser.me/api/portraits/men/14.jpg', 'medium': 'https://randomuser.me/api/portraits/med/men/14.jpg', 'thumbnail': 'https://randomuser.me/api/portraits/thumb/men/14.jpg'}, 'nat': 'FI'}</msg>
<arg>${json_data['results'][0]}</arg>
<doc>Logs the given message with the given level.</doc>
<status status="PASS" start="2024-05-29T18:18:47.572035" elapsed="0.000414"/>
</kw>
<kw name="Log" owner="BuiltIn">
<msg time="2024-05-29T18:18:47.572878" level="INFO">gender</msg>
<arg>${key}</arg>
<doc>Logs the given message with the given level.</doc>
<status status="PASS" start="2024-05-29T18:18:47.572748" elapsed="0.000166"/>
</kw>
<var name="${key}">gender</var>
<status status="PASS" start="2024-05-29T18:18:47.571124" elapsed="0.002005"/>
</iter>
<iter>
<kw name="Dictionary Should Contain Key" owner="Collections">
<msg time="2024-05-29T18:18:47.573831" level="INFO">False</msg>
<arg>${json_data['results'][0]}</arg>
<arg>${key}</arg>
<doc>Fails if ``key`` is not found from ``dictionary``.</doc>
<status status="PASS" start="2024-05-29T18:18:47.573437" elapsed="0.000431"/>
</kw>
<kw name="Log" owner="BuiltIn">
<msg time="2024-05-29T18:18:47.574548" level="INFO">{'gender': 'male', 'name': {'title': 'Mr', 'first': 'Oliver', 'last': 'Manni'}, 'location': {'street': {'number': 6262, 'name': 'Verkatehtaankatu'}, 'city': 'Lemland', 'state': 'South Karelia', 'country': 'Finland', 'postcode': 94830, 'coordinates': {'latitude': '-29.7380', 'longitude': '-50.8898'}, 'timezone': {'offset': '0:00', 'description': 'Western Europe Time, London, Lisbon, Casablanca'}}, 'email': 'oliver.manni@example.com', 'login': {'uuid': 'a97ae7bf-1938-4a08-8a8e-4fe2e8c2ffbd', 'username': 'lazytiger343', 'password': 'oranges', 'salt': 'eLmHMbFp', 'md5': 'dce95be50cc4b658dde7910db2abaac2', 'sha1': '7486525f364e94b0be07162a58e46ca9f8c86ef6', 'sha256': '7d8c4d0e74fb2e026b07ec337f54bd5f12f3d7efb0873f2a5c6d2451c9b2f76d'}, 'dob': {'date': '1998-07-28T05:48:37.695Z', 'age': 25}, 'registered': {'date': '2020-02-01T21:45:29.610Z', 'age': 4}, 'phone': '09-571-997', 'cell': '048-883-50-35', 'id': {'name': 'HETU', 'value': 'NaNNA443undefined'}, 'picture': {'large': 'https://randomuser.me/api/portraits/men/14.jpg', 'medium': 'https://randomuser.me/api/portraits/med/men/14.jpg', 'thumbnail': 'https://randomuser.me/api/portraits/thumb/men/14.jpg'}, 'nat': 'FI'}</msg>
<arg>${json_data['results'][0]}</arg>
<doc>Logs the given message with the given level.</doc>
<status status="PASS" start="2024-05-29T18:18:47.574189" elapsed="0.000407"/>
</kw>
<kw name="Log" owner="BuiltIn">
<msg time="2024-05-29T18:18:47.575049" level="INFO">name</msg>
<arg>${key}</arg>
<doc>Logs the given message with the given level.</doc>
<status status="PASS" start="2024-05-29T18:18:47.574909" elapsed="0.000177"/>
</kw>
<var name="${key}">name</var>
<status status="PASS" start="2024-05-29T18:18:47.573320" elapsed="0.001989"/>
</iter>
<iter>
<kw name="Dictionary Should Contain Key" owner="Collections">
<msg time="2024-05-29T18:18:47.575977" level="INFO">False</msg>
<arg>${json_data['results'][0]}</arg>
<arg>${key}</arg>
<doc>Fails if ``key`` is not found from ``dictionary``.</doc>
<status status="PASS" start="2024-05-29T18:18:47.575601" elapsed="0.000413"/>
</kw>
<kw name="Log" owner="BuiltIn">
<msg time="2024-05-29T18:18:47.576687" level="INFO">{'gender': 'male', 'name': {'title': 'Mr', 'first': 'Oliver', 'last': 'Manni'}, 'location': {'street': {'number': 6262, 'name': 'Verkatehtaankatu'}, 'city': 'Lemland', 'state': 'South Karelia', 'country': 'Finland', 'postcode': 94830, 'coordinates': {'latitude': '-29.7380', 'longitude': '-50.8898'}, 'timezone': {'offset': '0:00', 'description': 'Western Europe Time, London, Lisbon, Casablanca'}}, 'email': 'oliver.manni@example.com', 'login': {'uuid': 'a97ae7bf-1938-4a08-8a8e-4fe2e8c2ffbd', 'username': 'lazytiger343', 'password': 'oranges', 'salt': 'eLmHMbFp', 'md5': 'dce95be50cc4b658dde7910db2abaac2', 'sha1': '7486525f364e94b0be07162a58e46ca9f8c86ef6', 'sha256': '7d8c4d0e74fb2e026b07ec337f54bd5f12f3d7efb0873f2a5c6d2451c9b2f76d'}, 'dob': {'date': '1998-07-28T05:48:37.695Z', 'age': 25}, 'registered': {'date': '2020-02-01T21:45:29.610Z', 'age': 4}, 'phone': '09-571-997', 'cell': '048-883-50-35', 'id': {'name': 'HETU', 'value': 'NaNNA443undefined'}, 'picture': {'large': 'https://randomuser.me/api/portraits/men/14.jpg', 'medium': 'https://randomuser.me/api/portraits/med/men/14.jpg', 'thumbnail': 'https://randomuser.me/api/portraits/thumb/men/14.jpg'}, 'nat': 'FI'}</msg>
<arg>${json_data['results'][0]}</arg>
<doc>Logs the given message with the given level.</doc>
<status status="PASS" start="2024-05-29T18:18:47.576319" elapsed="0.000416"/>
</kw>
<kw name="Log" owner="BuiltIn">
<msg time="2024-05-29T18:18:47.577159" level="INFO">location</msg>
<arg>${key}</arg>
<doc>Logs the given message with the given level.</doc>
<status status="PASS" start="2024-05-29T18:18:47.577032" elapsed="0.000164"/>
</kw>
<var name="${key}">location</var>
<status status="PASS" start="2024-05-29T18:18:47.575488" elapsed="0.001923"/>
</iter>
<iter>
<kw name="Dictionary Should Contain Key" owner="Collections">
<msg time="2024-05-29T18:18:47.578179" level="INFO">False</msg>
<arg>${json_data['results'][0]}</arg>
<arg>${key}</arg>
<doc>Fails if ``key`` is not found from ``dictionary``.</doc>
<status status="PASS" start="2024-05-29T18:18:47.577696" elapsed="0.000521"/>
</kw>
<kw name="Log" owner="BuiltIn">
<msg time="2024-05-29T18:18:47.578915" level="INFO">{'gender': 'male', 'name': {'title': 'Mr', 'first': 'Oliver', 'last': 'Manni'}, 'location': {'street': {'number': 6262, 'name': 'Verkatehtaankatu'}, 'city': 'Lemland', 'state': 'South Karelia', 'country': 'Finland', 'postcode': 94830, 'coordinates': {'latitude': '-29.7380', 'longitude': '-50.8898'}, 'timezone': {'offset': '0:00', 'description': 'Western Europe Time, London, Lisbon, Casablanca'}}, 'email': 'oliver.manni@example.com', 'login': {'uuid': 'a97ae7bf-1938-4a08-8a8e-4fe2e8c2ffbd', 'username': 'lazytiger343', 'password': 'oranges', 'salt': 'eLmHMbFp', 'md5': 'dce95be50cc4b658dde7910db2abaac2', 'sha1': '7486525f364e94b0be07162a58e46ca9f8c86ef6', 'sha256': '7d8c4d0e74fb2e026b07ec337f54bd5f12f3d7efb0873f2a5c6d2451c9b2f76d'}, 'dob': {'date': '1998-07-28T05:48:37.695Z', 'age': 25}, 'registered': {'date': '2020-02-01T21:45:29.610Z', 'age': 4}, 'phone': '09-571-997', 'cell': '048-883-50-35', 'id': {'name': 'HETU', 'value': 'NaNNA443undefined'}, 'picture': {'large': 'https://randomuser.me/api/portraits/men/14.jpg', 'medium': 'https://randomuser.me/api/portraits/med/men/14.jpg', 'thumbnail': 'https://randomuser.me/api/portraits/thumb/men/14.jpg'}, 'nat': 'FI'}</msg>
<arg>${json_data['results'][0]}</arg>
<doc>Logs the given message with the given level.</doc>
<status status="PASS" start="2024-05-29T18:18:47.578521" elapsed="0.000454"/>
</kw>
<kw name="Log" owner="BuiltIn">
<msg time="2024-05-29T18:18:47.579401" level="INFO">email</msg>
<arg>${key}</arg>
<doc>Logs the given message with the given level.</doc>
<status status="PASS" start="2024-05-29T18:18:47.579273" elapsed="0.000165"/>
</kw>
<var name="${key}">email</var>
<status status="PASS" start="2024-05-29T18:18:47.577583" elapsed="0.002069"/>
</iter>
<iter>
<kw name="Dictionary Should Contain Key" owner="Collections">
<msg time="2024-05-29T18:18:47.580322" level="INFO">False</msg>
<arg>${json_data['results'][0]}</arg>
<arg>${key}</arg>
<doc>Fails if ``key`` is not found from ``dictionary``.</doc>
<status status="PASS" start="2024-05-29T18:18:47.579940" elapsed="0.000419"/>
</kw>
<kw name="Log" owner="BuiltIn">
<msg time="2024-05-29T18:18:47.581013" level="INFO">{'gender': 'male', 'name': {'title': 'Mr', 'first': 'Oliver', 'last': 'Manni'}, 'location': {'street': {'number': 6262, 'name': 'Verkatehtaankatu'}, 'city': 'Lemland', 'state': 'South Karelia', 'country': 'Finland', 'postcode': 94830, 'coordinates': {'latitude': '-29.7380', 'longitude': '-50.8898'}, 'timezone': {'offset': '0:00', 'description': 'Western Europe Time, London, Lisbon, Casablanca'}}, 'email': 'oliver.manni@example.com', 'login': {'uuid': 'a97ae7bf-1938-4a08-8a8e-4fe2e8c2ffbd', 'username': 'lazytiger343', 'password': 'oranges', 'salt': 'eLmHMbFp', 'md5': 'dce95be50cc4b658dde7910db2abaac2', 'sha1': '7486525f364e94b0be07162a58e46ca9f8c86ef6', 'sha256': '7d8c4d0e74fb2e026b07ec337f54bd5f12f3d7efb0873f2a5c6d2451c9b2f76d'}, 'dob': {'date': '1998-07-28T05:48:37.695Z', 'age': 25}, 'registered': {'date': '2020-02-01T21:45:29.610Z', 'age': 4}, 'phone': '09-571-997', 'cell': '048-883-50-35', 'id': {'name': 'HETU', 'value': 'NaNNA443undefined'}, 'picture': {'large': 'https://randomuser.me/api/portraits/men/14.jpg', 'medium': 'https://randomuser.me/api/portraits/med/men/14.jpg', 'thumbnail': 'https://randomuser.me/api/portraits/thumb/men/14.jpg'}, 'nat': 'FI'}</msg>
<arg>${json_data['results'][0]}</arg>
<doc>Logs the given message with the given level.</doc>
<status status="PASS" start="2024-05-29T18:18:47.580655" elapsed="0.000415"/>
</kw>
<kw name="Log" owner="BuiltIn">
<msg time="2024-05-29T18:18:47.581520" level="INFO">login</msg>
<arg>${key}</arg>
<doc>Logs the given message with the given level.</doc>
<status status="PASS" start="2024-05-29T18:18:47.581390" elapsed="0.000196"/>
</kw>
<var name="${key}">login</var>
<status status="PASS" start="2024-05-29T18:18:47.579828" elapsed="0.001982"/>
</iter>
<var>${key}</var>
<value>@{expected_keys}</value>
<status status="PASS" start="2024-05-29T18:18:47.570912" elapsed="0.011020"/>
</for>
<kw name="Create List" owner="BuiltIn">
<msg time="2024-05-29T18:18:47.582265" level="INFO">${expected_keysTwo} = ['username', 'password']</msg>
<var>${expected_keysTwo}</var>
<arg>username</arg>
<arg>password</arg>
<doc>Returns a list containing given items.</doc>
<status status="PASS" start="2024-05-29T18:18:47.582128" elapsed="0.000161"/>
</kw>
<for flavor="IN">
<iter>
<kw name="Dictionary Should Contain Key" owner="Collections">
<msg time="2024-05-29T18:18:47.583207" level="INFO">False</msg>
<arg>${json_data['results'][0]['login']}</arg>
<arg>${keyTwo}</arg>
<doc>Fails if ``key`` is not found from ``dictionary``.</doc>
<status status="PASS" start="2024-05-29T18:18:47.582793" elapsed="0.000451"/>
</kw>
<kw name="Dictionary Should Contain Key" owner="Collections">
<msg time="2024-05-29T18:18:47.583915" level="INFO">False</msg>
<arg>${json_data['results'][0]['login']}</arg>
<arg>${keyTwo}</arg>
<doc>Fails if ``key`` is not found from ``dictionary``.</doc>
<status status="PASS" start="2024-05-29T18:18:47.583540" elapsed="0.000411"/>
</kw>
<kw name="Log" owner="BuiltIn">
<msg time="2024-05-29T18:18:47.584368" level="INFO">username</msg>
<arg>${keyTwo}</arg>
<doc>Logs the given message with the given level.</doc>
<status status="PASS" start="2024-05-29T18:18:47.584242" elapsed="0.000162"/>
</kw>
<var name="${keyTwo}">username</var>
<status status="PASS" start="2024-05-29T18:18:47.582683" elapsed="0.001931"/>
</iter>
<iter>
<kw name="Dictionary Should Contain Key" owner="Collections">
<msg time="2024-05-29T18:18:47.585267" level="INFO">False</msg>
<arg>${json_data['results'][0]['login']}</arg>
<arg>${keyTwo}</arg>
<doc>Fails if ``key`` is not found from ``dictionary``.</doc>
<status status="PASS" start="2024-05-29T18:18:47.584891" elapsed="0.000412"/>
</kw>
<kw name="Dictionary Should Contain Key" owner="Collections">
<msg time="2024-05-29T18:18:47.585966" level="INFO">False</msg>
<arg>${json_data['results'][0]['login']}</arg>
<arg>${keyTwo}</arg>
<doc>Fails if ``key`` is not found from ``dictionary``.</doc>
<status status="PASS" start="2024-05-29T18:18:47.585591" elapsed="0.000410"/>
</kw>
<kw name="Log" owner="BuiltIn">
<msg time="2024-05-29T18:18:47.586415" level="INFO">password</msg>
<arg>${keyTwo}</arg>
<doc>Logs the given message with the given level.</doc>
<status status="PASS" start="2024-05-29T18:18:47.586290" elapsed="0.000162"/>
</kw>
<var name="${keyTwo}">password</var>
<status status="PASS" start="2024-05-29T18:18:47.584782" elapsed="0.001882"/>
</iter>
<var>${keyTwo}</var>
<value>@{expected_keysTwo}</value>
<status status="PASS" start="2024-05-29T18:18:47.582530" elapsed="0.004252"/>
</for>
<status status="PASS" start="2024-05-29T18:18:47.462158" elapsed="0.124806"/>
</kw>
<doc>Testa a estrutura da resposta da API.</doc>
<tag>testeEstruturaResposta</tag>
<status status="PASS" start="2024-05-29T18:18:47.461544" elapsed="0.125579"/>
</test>
<test id="s1-s1-t4" name="Validar tipos de dados" line="28">
<kw name="Teste de Tipos de Dados" owner="random-user-service">
<kw name="GET On Session" owner="RequestsLibrary">
<msg time="2024-05-29T18:18:47.656319" level="INFO">GET Request : url=https://randomuser.me/api 
 path_url=/api 
 headers={'User-Agent': 'python-requests/2.32.3', 'Accept-Encoding': 'gzip, deflate', 'Accept': '*/*', 'Connection': 'keep-alive'} 
 body=None 
 </msg>
<msg time="2024-05-29T18:18:47.656398" level="INFO">GET Response : url=https://randomuser.me/api 
 status=200, reason=OK 
 headers={'Date': 'Wed, 29 May 2024 18:18:47 GMT', 'Content-Type': 'application/json; charset=utf-8', 'Transfer-Encoding': 'chunked', 'Connection': 'keep-alive', 'X-Powered-By': 'Express', 'Access-Control-Allow-Origin': '*', 'Cache-Control': 'no-cache', 'ETag': 'W/"465-0cvztvJfL3RK5RBJ46s4qK84yug"', 'Vary': 'Accept-Encoding', 'Content-Encoding': 'gzip', 'CF-Cache-Status': 'DYNAMIC', 'Report-To': '{"endpoints":[{"url":"https:\\/\\/a.nel.cloudflare.com\\/report\\/v4?s=KYj3P3uBWYvvkiO3Ax1SeV5NKjchz1p9%2FOIyfNqEWnjPLWhp74vw6sBRNkC8a%2Bs9egxYJB%2F56W0ho1lLWfw245pDMkAPT8t81BaXhjZZHHTiKt9uXQXXmqQje%2BtIx9LP"}],"group":"cf-nel","max_age":604800}', 'NEL': '{"success_fraction":0,"report_to":"cf-nel","max_age":604800}', 'Server': 'cloudflare', 'CF-RAY': '88b87d2f7e5c2a99-ORD', 'alt-svc': 'h3=":443"; ma=86400'} 
 body={"results":[{"gender":"female","name":{"title":"Ms","first":"Meera","last":"Nand"},"location":{"street":{"number":7281,"name":"Car St"},"city":"Jhansi","state":"Sikkim","country":"India","postcode":30192,"coordinates":{"latitude":"12.8296","longitude":"128.6526"},"timezone":{"offset":"-10:00","description":"Hawaii"}},"email":"meera.nand@example.com","login":{"uuid":"69d1b17d-3f54-4d7a-8955-6b65394564f8","username":"greengorilla749","password":"enjoy","salt":"8us1EPYM","md5":"8cc68440760190ce0a93e09d99d12cc6","sha1":"c4ac55b250fa1efe08b1a0e7b8740498d9b19bec","sha256":"3e32adad7aff90d9e4d5643a95d59809eea58398758edc619fa2583e5a658eb8"},"dob":{"date":"1968-08-28T07:08:51.410Z","age":55},"registered":{"date":"2008-12-11T10:06:57.911Z","age":15},"phone":"8234295607","cell":"8031506407","id":{"name":"UIDAI","value":"894902439322"},"picture":{"large":"https://randomuser.me/api/portraits/women/23.jpg","medium":"https://randomuser.me/api/portraits/med/women/23.jpg","thumbnail":"https://randomuser.me/api/portraits/thumb/women/23.jpg"},"nat":"IN"}],"info":{"seed":"50384362bd9d0a32","results":1,"page":1,"version":"1.4"}} 
 </msg>
<msg time="2024-05-29T18:18:47.656460" level="INFO">/opt/hostedtoolcache/Python/3.12.3/x64/lib/python3.12/site-packages/urllib3/connectionpool.py:1103: InsecureRequestWarning: Unverified HTTPS request is being made to host 'randomuser.me'. Adding certificate verification is strongly advised. See: https://urllib3.readthedocs.io/en/latest/advanced-usage.html#tls-warnings
  warnings.warn(</msg>
<msg time="2024-05-29T18:18:47.656579" level="INFO">${response} = &lt;Response [200]&gt;</msg>
<var>${response}</var>
<arg>consultarAPI</arg>
<arg>/api</arg>
<doc>Sends a GET request on a previously created HTTP Session.</doc>
<status status="PASS" start="2024-05-29T18:18:47.589682" elapsed="0.066953"/>
</kw>
<kw name="Set Variable" owner="BuiltIn">
<msg time="2024-05-29T18:18:47.657543" level="INFO">${json_data} = {'results': [{'gender': 'female', 'name': {'title': 'Ms', 'first': 'Meera', 'last': 'Nand'}, 'location': {'street': {'number': 7281, 'name': 'Car St'}, 'city': 'Jhansi', 'state': 'Sikkim', 'country': ...</msg>
<var>${json_data}</var>
<arg>${response.json()}</arg>
<doc>Returns the given values which can then be assigned to a variables.</doc>
<status status="PASS" start="2024-05-29T18:18:47.657047" elapsed="0.000526"/>
</kw>
<kw name="Log" owner="BuiltIn">
<msg time="2024-05-29T18:18:47.658069" level="INFO">{'results': [{'gender': 'female', 'name': {'title': 'Ms', 'first': 'Meera', 'last': 'Nand'}, 'location': {'street': {'number': 7281, 'name': 'Car St'}, 'city': 'Jhansi', 'state': 'Sikkim', 'country': 'India', 'postcode': 30192, 'coordinates': {'latitude': '12.8296', 'longitude': '128.6526'}, 'timezone': {'offset': '-10:00', 'description': 'Hawaii'}}, 'email': 'meera.nand@example.com', 'login': {'uuid': '69d1b17d-3f54-4d7a-8955-6b65394564f8', 'username': 'greengorilla749', 'password': 'enjoy', 'salt': '8us1EPYM', 'md5': '8cc68440760190ce0a93e09d99d12cc6', 'sha1': 'c4ac55b250fa1efe08b1a0e7b8740498d9b19bec', 'sha256': '3e32adad7aff90d9e4d5643a95d59809eea58398758edc619fa2583e5a658eb8'}, 'dob': {'date': '1968-08-28T07:08:51.410Z', 'age': 55}, 'registered': {'date': '2008-12-11T10:06:57.911Z', 'age': 15}, 'phone': '8234295607', 'cell': '8031506407', 'id': {'name': 'UIDAI', 'value': '894902439322'}, 'picture': {'large': 'https://randomuser.me/api/portraits/women/23.jpg', 'medium': 'https://randomuser.me/api/portraits/med/women/23.jpg', 'thumbnail': 'https://randomuser.me/api/portraits/thumb/women/23.jpg'}, 'nat': 'IN'}], 'info': {'seed': '50384362bd9d0a32', 'results': 1, 'page': 1, 'version': '1.4'}}</msg>
<arg>${json_data}</arg>
<doc>Logs the given message with the given level.</doc>
<status status="PASS" start="2024-05-29T18:18:47.657908" elapsed="0.000244"/>
</kw>
<kw name="Should Be String" owner="String">
<arg>${json_data['results'][0]['gender']}</arg>
<doc>Fails if the given ``item`` is not a string.</doc>
<status status="PASS" start="2024-05-29T18:18:47.658479" elapsed="0.000418"/>
</kw>
<kw name="Should Match Regexp" owner="BuiltIn">
<arg>${json_data['results'][0]['email']}</arg>
<arg>^[a-zA-Z0-9._%+-]+@[a-zA-Z0-9.-]+\.[a-zA-Z]{2,}$</arg>
<doc>Fails if ``string`` does not match ``pattern`` as a regular expression.</doc>
<status status="PASS" start="2024-05-29T18:18:47.659108" elapsed="0.000657"/>
</kw>
<kw name="Should Match Regexp" owner="BuiltIn">
<arg>${json_data['results'][0]['dob']['date']}</arg>
<arg>\\d{4}-\\d{2}-\\d{2}T\\d{2}:\\d{2}:\\d{2}\\.\\d{3}Z</arg>
<doc>Fails if ``string`` does not match ``pattern`` as a regular expression.</doc>
<status status="PASS" start="2024-05-29T18:18:47.659971" elapsed="0.000492"/>
</kw>
<kw name="Should Match Regexp" owner="BuiltIn">
<arg>${json_data['results'][0]['registered']['date']}</arg>
<arg>\\d{4}-\\d{2}-\\d{2}T\\d{2}:\\d{2}:\\d{2}\\.\\d{3}Z</arg>
<doc>Fails if ``string`` does not match ``pattern`` as a regular expression.</doc>
<status status="PASS" start="2024-05-29T18:18:47.660661" elapsed="0.000369"/>
</kw>
<kw name="Should Match Regexp" owner="BuiltIn">
<arg>${json_data['results'][0]['picture']['large']}</arg>
<arg>^https?://.*\.(?:png|jpe?g|gif|bmp)$</arg>
<doc>Fails if ``string`` does not match ``pattern`` as a regular expression.</doc>
<status status="PASS" start="2024-05-29T18:18:47.661252" elapsed="0.000474"/>
</kw>
<kw name="Should Match Regexp" owner="BuiltIn">
<arg>${json_data['results'][0]['picture']['medium']}</arg>
<arg>^https?://.*\.(?:png|jpe?g|gif|bmp)$</arg>
<doc>Fails if ``string`` does not match ``pattern`` as a regular expression.</doc>
<status status="PASS" start="2024-05-29T18:18:47.661919" elapsed="0.000358"/>
</kw>
<kw name="Should Match Regexp" owner="BuiltIn">
<arg>${json_data['results'][0]['picture']['thumbnail']}</arg>
<arg>^https?://.*\.(?:png|jpe?g|gif|bmp)$</arg>
<doc>Fails if ``string`` does not match ``pattern`` as a regular expression.</doc>
<status status="PASS" start="2024-05-29T18:18:47.662467" elapsed="0.000348"/>
</kw>
<kw name="Log" owner="BuiltIn">
<msg time="2024-05-29T18:18:47.663354" level="INFO">{'large': 'https://randomuser.me/api/portraits/women/23.jpg', 'medium': 'https://randomuser.me/api/portraits/med/women/23.jpg', 'thumbnail': 'https://randomuser.me/api/portraits/thumb/women/23.jpg'}</msg>
<arg>${json_data['results'][0]['picture']}</arg>
<doc>Logs the given message with the given level.</doc>
<status status="PASS" start="2024-05-29T18:18:47.663029" elapsed="0.000366"/>
</kw>
<status status="PASS" start="2024-05-29T18:18:47.589450" elapsed="0.074204"/>
</kw>
<kw name="Teste de Tipos de Dados - Postcode" owner="random-user-service">
<kw name="GET On Session" owner="RequestsLibrary">
<msg time="2024-05-29T18:18:47.756524" level="INFO">GET Request : url=https://randomuser.me/api 
 path_url=/api 
 headers={'User-Agent': 'python-requests/2.32.3', 'Accept-Encoding': 'gzip, deflate', 'Accept': '*/*', 'Connection': 'keep-alive'} 
 body=None 
 </msg>
<msg time="2024-05-29T18:18:47.756608" level="INFO">GET Response : url=https://randomuser.me/api 
 status=200, reason=OK 
 headers={'Date': 'Wed, 29 May 2024 18:18:47 GMT', 'Content-Type': 'application/json; charset=utf-8', 'Transfer-Encoding': 'chunked', 'Connection': 'keep-alive', 'X-Powered-By': 'Express', 'Access-Control-Allow-Origin': '*', 'Cache-Control': 'no-cache', 'ETag': 'W/"492-F/xfvWshIQgMwJMj3su/jke19ZU"', 'Vary': 'Accept-Encoding', 'Content-Encoding': 'gzip', 'CF-Cache-Status': 'DYNAMIC', 'Report-To': '{"endpoints":[{"url":"https:\\/\\/a.nel.cloudflare.com\\/report\\/v4?s=4%2BYm28bMrPitmrc0x7rzehne2oKgJJJSBNYcdVATTQ4Q7TjKwlzzK8V17vRMx86FNCg6rutZAR8%2FsHJ%2FlI2zoR2F%2BGeqg%2BlbfcVnTl7teS66xsLP4rzI82ykBE4VNN%2FE"}],"group":"cf-nel","max_age":604800}', 'NEL': '{"success_fraction":0,"report_to":"cf-nel","max_age":604800}', 'Server': 'cloudflare', 'CF-RAY': '88b87d2feedf2a99-ORD', 'alt-svc': 'h3=":443"; ma=86400'} 
 body={"results":[{"gender":"male","name":{"title":"Mr","first":"Brynjar","last":"Østli"},"location":{"street":{"number":9751,"name":"Birger Olivers vei"},"city":"Skogn","state":"Aust-Agder","country":"Norway","postcode":"4550","coordinates":{"latitude":"43.1183","longitude":"-92.4455"},"timezone":{"offset":"-5:00","description":"Eastern Time (US &amp; Canada), Bogota, Lima"}},"email":"brynjar.ostli@example.com","login":{"uuid":"2f4f1b16-82d0-4894-ba87-c075352eeeb1","username":"orangeladybug777","password":"phantom1","salt":"Fi3cGIqC","md5":"1c13645b0b652bb2207a916067fc87d7","sha1":"4400bfbaf0ccda9466aab4e95ad35a658d33790b","sha256":"6d53ca764e76536ceb4ba937bd550b4e82e5514715ce7c594122b54684876003"},"dob":{"date":"1946-04-20T23:47:30.492Z","age":78},"registered":{"date":"2011-03-19T00:40:05.121Z","age":13},"phone":"33188971","cell":"92524188","id":{"name":"FN","value":"20044605512"},"picture":{"large":"https://randomuser.me/api/portraits/men/35.jpg","medium":"https://randomuser.me/api/portraits/med/men/35.jpg","thumbnail":"https://randomuser.me/api/portraits/thumb/men/35.jpg"},"nat":"NO"}],"info":{"seed":"da570ddf88dac0fe","results":1,"page":1,"version":"1.4"}} 
 </msg>
<msg time="2024-05-29T18:18:47.756682" level="INFO">/opt/hostedtoolcache/Python/3.12.3/x64/lib/python3.12/site-packages/urllib3/connectionpool.py:1103: InsecureRequestWarning: Unverified HTTPS request is being made to host 'randomuser.me'. Adding certificate verification is strongly advised. See: https://urllib3.readthedocs.io/en/latest/advanced-usage.html#tls-warnings
  warnings.warn(</msg>
<msg time="2024-05-29T18:18:47.756816" level="INFO">${response} = &lt;Response [200]&gt;</msg>
<var>${response}</var>
<arg>consultarAPI</arg>
<arg>/api</arg>
<doc>Sends a GET request on a previously created HTTP Session.</doc>
<status status="PASS" start="2024-05-29T18:18:47.664109" elapsed="0.092759"/>
</kw>
<kw name="Set Variable" owner="BuiltIn">
<msg time="2024-05-29T18:18:47.757771" level="INFO">${json_data} = {'results': [{'gender': 'male', 'name': {'title': 'Mr', 'first': 'Brynjar', 'last': 'Østli'}, 'location': {'street': {'number': 9751, 'name': 'Birger Olivers vei'}, 'city': 'Skogn', 'state': 'Aust-Agd...</msg>
<var>${json_data}</var>
<arg>${response.json()}</arg>
<doc>Returns the given values which can then be assigned to a variables.</doc>
<status status="PASS" start="2024-05-29T18:18:47.757297" elapsed="0.000506"/>
</kw>
<kw name="Log" owner="BuiltIn">
<msg time="2024-05-29T18:18:47.758282" level="INFO">{'results': [{'gender': 'male', 'name': {'title': 'Mr', 'first': 'Brynjar', 'last': 'Østli'}, 'location': {'street': {'number': 9751, 'name': 'Birger Olivers vei'}, 'city': 'Skogn', 'state': 'Aust-Agder', 'country': 'Norway', 'postcode': '4550', 'coordinates': {'latitude': '43.1183', 'longitude': '-92.4455'}, 'timezone': {'offset': '-5:00', 'description': 'Eastern Time (US &amp; Canada), Bogota, Lima'}}, 'email': 'brynjar.ostli@example.com', 'login': {'uuid': '2f4f1b16-82d0-4894-ba87-c075352eeeb1', 'username': 'orangeladybug777', 'password': 'phantom1', 'salt': 'Fi3cGIqC', 'md5': '1c13645b0b652bb2207a916067fc87d7', 'sha1': '4400bfbaf0ccda9466aab4e95ad35a658d33790b', 'sha256': '6d53ca764e76536ceb4ba937bd550b4e82e5514715ce7c594122b54684876003'}, 'dob': {'date': '1946-04-20T23:47:30.492Z', 'age': 78}, 'registered': {'date': '2011-03-19T00:40:05.121Z', 'age': 13}, 'phone': '33188971', 'cell': '92524188', 'id': {'name': 'FN', 'value': '20044605512'}, 'picture': {'large': 'https://randomuser.me/api/portraits/men/35.jpg', 'medium': 'https://randomuser.me/api/portraits/med/men/35.jpg', 'thumbnail': 'https://randomuser.me/api/portraits/thumb/men/35.jpg'}, 'nat': 'NO'}], 'info': {'seed': 'da570ddf88dac0fe', 'results': 1, 'page': 1, 'version': '1.4'}}</msg>
<arg>${json_data}</arg>
<doc>Logs the given message with the given level.</doc>
<status status="PASS" start="2024-05-29T18:18:47.758122" elapsed="0.000241"/>
</kw>
<kw name="Should Be Equal As Numbers" owner="BuiltIn">
<arg>${json_data['results'][0]['location']['postcode']}</arg>
<arg>${json_data['results'][0]['location']['postcode']}</arg>
<doc>Fails if objects are unequal after converting them to real numbers.</doc>
<status status="PASS" start="2024-05-29T18:18:47.758667" elapsed="0.000680"/>
</kw>
<kw name="Log" owner="BuiltIn">
<msg time="2024-05-29T18:18:47.759889" level="INFO">4550</msg>
<arg>${json_data['results'][0]['location']['postcode']}</arg>
<doc>Logs the given message with the given level.</doc>
<status status="PASS" start="2024-05-29T18:18:47.759544" elapsed="0.000387"/>
</kw>
<status status="PASS" start="2024-05-29T18:18:47.663880" elapsed="0.096306"/>
</kw>
<doc>Testa se os tipos de dados na resposta da API estão corretos.</doc>
<tag>testeTiposDados</tag>
<status status="PASS" start="2024-05-29T18:18:47.588895" elapsed="0.171457"/>
</test>
<test id="s1-s1-t5" name="Validar conteudo" line="35">
<kw name="Teste de Tipos de Conteudo" owner="random-user-service">
<kw name="GET On Session" owner="RequestsLibrary">
<msg time="2024-05-29T18:18:47.850338" level="INFO">GET Request : url=https://randomuser.me/api 
 path_url=/api 
 headers={'User-Agent': 'python-requests/2.32.3', 'Accept-Encoding': 'gzip, deflate', 'Accept': '*/*', 'Connection': 'keep-alive'} 
 body=None 
 </msg>
<msg time="2024-05-29T18:18:47.850412" level="INFO">GET Response : url=https://randomuser.me/api 
 status=200, reason=OK 
 headers={'Date': 'Wed, 29 May 2024 18:18:47 GMT', 'Content-Type': 'application/json; charset=utf-8', 'Transfer-Encoding': 'chunked', 'Connection': 'keep-alive', 'X-Powered-By': 'Express', 'Access-Control-Allow-Origin': '*', 'Cache-Control': 'no-cache', 'ETag': 'W/"48c-6UQZ/6mcSUffyKLdub4NmbRWVTo"', 'Vary': 'Accept-Encoding', 'Content-Encoding': 'gzip', 'CF-Cache-Status': 'DYNAMIC', 'Report-To': '{"endpoints":[{"url":"https:\\/\\/a.nel.cloudflare.com\\/report\\/v4?s=cEgzTFusgRCqjrXAz815ItiE8W4kk%2BRB9Zq4mN6x2nCxhep%2BKYTgU1NHw5UU1vs9lop978lcOI8OIw4hiIzLgWA%2FZCWvUg7wJM1%2BM59MeX1gcz%2BFL3wvT81Ba29hJTJ5"}],"group":"cf-nel","max_age":604800}', 'NEL': '{"success_fraction":0,"report_to":"cf-nel","max_age":604800}', 'Server': 'cloudflare', 'CF-RAY': '88b87d308f962a99-ORD', 'alt-svc': 'h3=":443"; ma=86400'} 
 body={"results":[{"gender":"male","name":{"title":"Mr","first":"Simon","last":"Slawa"},"location":{"street":{"number":3529,"name":"Dufferin St"},"city":"Fountainbleu","state":"Québec","country":"Canada","postcode":"C1B 3I5","coordinates":{"latitude":"-65.4105","longitude":"-118.3010"},"timezone":{"offset":"-4:00","description":"Atlantic Time (Canada), Caracas, La Paz"}},"email":"simon.slawa@example.com","login":{"uuid":"dd4565db-ef4f-4375-b832-8eb308f8336f","username":"bluedog554","password":"legacy","salt":"48p9nEwm","md5":"1306bc46c3ca339415480417db2a5451","sha1":"8809e8af63d879300cee9f8e4d2ae6177ef6d989","sha256":"7f29baf5ec1cb163aa32d7e46610183c76573c83bb8cfcc0ed182ab9b8a71d73"},"dob":{"date":"1996-09-02T01:48:59.302Z","age":27},"registered":{"date":"2016-08-19T03:10:45.834Z","age":7},"phone":"B59 N12-4917","cell":"F58 R86-9875","id":{"name":"SIN","value":"212895387"},"picture":{"large":"https://randomuser.me/api/portraits/men/20.jpg","medium":"https://randomuser.me/api/portraits/med/men/20.jpg","thumbnail":"https://randomuser.me/api/portraits/thumb/men/20.jpg"},"nat":"CA"}],"info":{"seed":"ea4845b9957e5a38","results":1,"page":1,"version":"1.4"}} 
 </msg>
<msg time="2024-05-29T18:18:47.850472" level="INFO">/opt/hostedtoolcache/Python/3.12.3/x64/lib/python3.12/site-packages/urllib3/connectionpool.py:1103: InsecureRequestWarning: Unverified HTTPS request is being made to host 'randomuser.me'. Adding certificate verification is strongly advised. See: https://urllib3.readthedocs.io/en/latest/advanced-usage.html#tls-warnings
  warnings.warn(</msg>
<msg time="2024-05-29T18:18:47.850590" level="INFO">${response} = &lt;Response [200]&gt;</msg>
<var>${response}</var>
<arg>consultarAPI</arg>
<arg>/api</arg>
<doc>Sends a GET request on a previously created HTTP Session.</doc>
<status status="PASS" start="2024-05-29T18:18:47.762891" elapsed="0.087738"/>
</kw>
<kw name="Set Variable" owner="BuiltIn">
<msg time="2024-05-29T18:18:47.851496" level="INFO">${json_data} = {'results': [{'gender': 'male', 'name': {'title': 'Mr', 'first': 'Simon', 'last': 'Slawa'}, 'location': {'street': {'number': 3529, 'name': 'Dufferin St'}, 'city': 'Fountainbleu', 'state': 'Québec', '...</msg>
<var>${json_data}</var>
<arg>${response.json()}</arg>
<doc>Returns the given values which can then be assigned to a variables.</doc>
<status status="PASS" start="2024-05-29T18:18:47.851027" elapsed="0.000498"/>
</kw>
<kw name="Set Variable" owner="BuiltIn">
<msg time="2024-05-29T18:18:47.852220" level="INFO">${name_title} = Mr</msg>
<var>${name_title}</var>
<arg>${json_data["results"][0]["name"]["title"]}</arg>
<doc>Returns the given values which can then be assigned to a variables.</doc>
<status status="PASS" start="2024-05-29T18:18:47.851836" elapsed="0.000409"/>
</kw>
<kw name="Create List" owner="BuiltIn">
<msg time="2024-05-29T18:18:47.852699" level="INFO">${allowed_titles} = ['Mr', 'Ms', 'Miss', 'Mrs', 'Madame', 'Monsieur']</msg>
<var>${allowed_titles}</var>
<arg>Mr</arg>
<arg>Ms</arg>
<arg>Miss</arg>
<arg>Mrs</arg>
<arg>Madame</arg>
<arg>Monsieur</arg>
<doc>Returns a list containing given items.</doc>
<status status="PASS" start="2024-05-29T18:18:47.852549" elapsed="0.000174"/>
</kw>
<kw name="List Should Contain Value" owner="Collections">
<msg time="2024-05-29T18:18:47.853202" level="INFO">False</msg>
<arg>${allowed_titles}</arg>
<arg>${name_title}</arg>
<doc>Fails if the ``value`` is not found from ``list``.</doc>
<status status="PASS" start="2024-05-29T18:18:47.853027" elapsed="0.000212"/>
</kw>
<kw name="Set Variable" owner="BuiltIn">
<msg time="2024-05-29T18:18:47.854050" level="INFO">${name_country} = CA</msg>
<var>${name_country}</var>
<arg>${json_data["results"][0]["nat"]}</arg>
<doc>Returns the given values which can then be assigned to a variables.</doc>
<status status="PASS" start="2024-05-29T18:18:47.853532" elapsed="0.000544"/>
</kw>
<kw name="Create List" owner="BuiltIn">
<msg time="2024-05-29T18:18:47.855015" level="INFO">${list_country} = ['AD', 'AE', 'AF', 'AG', 'AI', 'AL', 'AM', 'AO', 'AQ', 'AR', 'AS', 'AT', 'AU', 'AW', 'AX', 'AZ', 'BA', 'BB', 'BD', 'BE', 'BF', 'BG', 'BH', 'BI', 'BJ', 'BL', 'BM', 'BN', 'BO', 'BQ', 'BR', 'BS', 'BT', '...</msg>
<var>${list_country}</var>
<arg>AD</arg>
<arg>AE</arg>
<arg>AF</arg>
<arg>AG</arg>
<arg>AI</arg>
<arg>AL</arg>
<arg>AM</arg>
<arg>AO</arg>
<arg>AQ</arg>
<arg>AR</arg>
<arg>AS</arg>
<arg>AT</arg>
<arg>AU</arg>
<arg>AW</arg>
<arg>AX</arg>
<arg>AZ</arg>
<arg>BA</arg>
<arg>BB</arg>
<arg>BD</arg>
<arg>BE</arg>
<arg>BF</arg>
<arg>BG</arg>
<arg>BH</arg>
<arg>BI</arg>
<arg>BJ</arg>
<arg>BL</arg>
<arg>BM</arg>
<arg>BN</arg>
<arg>BO</arg>
<arg>BQ</arg>
<arg>BR</arg>
<arg>BS</arg>
<arg>BT</arg>
<arg>BV</arg>
<arg>BW</arg>
<arg>BY</arg>
<arg>BZ</arg>
<arg>CA</arg>
<arg>CC</arg>
<arg>CD</arg>
<arg>CF</arg>
<arg>CG</arg>
<arg>CH</arg>
<arg>CI</arg>
<arg>CK</arg>
<arg>CL</arg>
<arg>CM</arg>
<arg>CN</arg>
<arg>CO</arg>
<arg>CR</arg>
<arg>CU</arg>
<arg>CV</arg>
<arg>CW</arg>
<arg>CX</arg>
<arg>CY</arg>
<arg>CZ</arg>
<arg>DE</arg>
<arg>DJ</arg>
<arg>DK</arg>
<arg>DM</arg>
<arg>DO</arg>
<arg>DZ</arg>
<arg>EC</arg>
<arg>EE</arg>
<arg>EG</arg>
<arg>EH</arg>
<arg>ER</arg>
<arg>ES</arg>
<arg>ET</arg>
<arg>FI</arg>
<arg>FJ</arg>
<arg>FK</arg>
<arg>FM</arg>
<arg>FO</arg>
<arg>FR</arg>
<arg>GA</arg>
<arg>GB</arg>
<arg>GD</arg>
<arg>GE</arg>
<arg>GF</arg>
<arg>GG</arg>
<arg>GH</arg>
<arg>GI</arg>
<arg>GL</arg>
<arg>GM</arg>
<arg>GN</arg>
<arg>GP</arg>
<arg>GQ</arg>
<arg>GR</arg>
<arg>GS</arg>
<arg>GT</arg>
<arg>GU</arg>
<arg>GW</arg>
<arg>GY</arg>
<arg>HK</arg>
<arg>HM</arg>
<arg>HN</arg>
<arg>HR</arg>
<arg>HT</arg>
<arg>HU</arg>
<arg>ID</arg>
<arg>IE</arg>
<arg>IL</arg>
<arg>IM</arg>
<arg>IN</arg>
<arg>IO</arg>
<arg>IQ</arg>
<arg>IR</arg>
<arg>IS</arg>
<arg>IT</arg>
<arg>JE</arg>
<arg>JM</arg>
<arg>JO</arg>
<arg>JP</arg>
<arg>KE</arg>
<arg>KG</arg>
<arg>KH</arg>
<arg>KI</arg>
<arg>KM</arg>
<arg>KN</arg>
<arg>KP</arg>
<arg>KR</arg>
<arg>KW</arg>
<arg>KY</arg>
<arg>KZ</arg>
<arg>LA</arg>
<arg>LB</arg>
<arg>LC</arg>
<arg>LI</arg>
<arg>LK</arg>
<arg>LR</arg>
<arg>LS</arg>
<arg>LT</arg>
<arg>LU</arg>
<arg>LV</arg>
<arg>LY</arg>
<arg>MA</arg>
<arg>MC</arg>
<arg>MD</arg>
<arg>ME</arg>
<arg>MF</arg>
<arg>MG</arg>
<arg>MH</arg>
<arg>MK</arg>
<arg>ML</arg>
<arg>MM</arg>
<arg>MN</arg>
<arg>MO</arg>
<arg>MP</arg>
<arg>MQ</arg>
<arg>MR</arg>
<arg>MS</arg>
<arg>MT</arg>
<arg>MU</arg>
<arg>MV</arg>
<arg>MW</arg>
<arg>MX</arg>
<arg>MY</arg>
<arg>MZ</arg>
<arg>NA</arg>
<arg>NC</arg>
<arg>NE</arg>
<arg>NF</arg>
<arg>NG</arg>
<arg>NI</arg>
<arg>NL</arg>
<arg>NO</arg>
<arg>NP</arg>
<arg>NR</arg>
<arg>NU</arg>
<arg>NZ</arg>
<arg>OM</arg>
<arg>PA</arg>
<arg>PE</arg>
<arg>PF</arg>
<arg>PG</arg>
<arg>PH</arg>
<arg>PK</arg>
<arg>PL</arg>
<arg>PM</arg>
<arg>PN</arg>
<arg>PR</arg>
<arg>PS</arg>
<arg>PT</arg>
<arg>PW</arg>
<arg>PY</arg>
<arg>QA</arg>
<arg>RE</arg>
<arg>RO</arg>
<arg>RS</arg>
<arg>RU</arg>
<arg>RW</arg>
<arg>SA</arg>
<arg>SB</arg>
<arg>SC</arg>
<arg>SD</arg>
<arg>SE</arg>
<arg>SG</arg>
<arg>SH</arg>
<arg>SI</arg>
<arg>SJ</arg>
<arg>SK</arg>
<arg>SL</arg>
<arg>SM</arg>
<arg>SN</arg>
<arg>SO</arg>
<arg>SR</arg>
<arg>SS</arg>
<arg>ST</arg>
<arg>SV</arg>
<arg>SX</arg>
<arg>SY</arg>
<arg>SZ</arg>
<arg>TC</arg>
<arg>TD</arg>
<arg>TF</arg>
<arg>TG</arg>
<arg>TH</arg>
<arg>TJ</arg>
<arg>TK</arg>
<arg>TL</arg>
<arg>TM</arg>
<arg>TN</arg>
<arg>TO</arg>
<arg>TR</arg>
<arg>TT</arg>
<arg>TV</arg>
<arg>TW</arg>
<arg>TZ</arg>
<arg>UA</arg>
<arg>UG</arg>
<arg>UM</arg>
<arg>US</arg>
<arg>UY</arg>
<arg>UZ</arg>
<arg>VA</arg>
<arg>VC</arg>
<arg>VE</arg>
<arg>VG</arg>
<arg>VI</arg>
<arg>VN</arg>
<arg>VU</arg>
<arg>WF</arg>
<arg>WS</arg>
<arg>XK</arg>
<arg>YE</arg>
<arg>YT</arg>
<arg>ZA</arg>
<arg>ZM</arg>
<arg>ZW</arg>
<doc>Returns a list containing given items.</doc>
<status status="PASS" start="2024-05-29T18:18:47.854385" elapsed="0.000657"/>
</kw>
<kw name="List Should Contain Value" owner="Collections">
<msg time="2024-05-29T18:18:47.856034" level="INFO">False</msg>
<arg>${list_country}</arg>
<arg>${name_country}</arg>
<doc>Fails if the ``value`` is not found from ``list``.</doc>
<status status="PASS" start="2024-05-29T18:18:47.855828" elapsed="0.000243"/>
</kw>
<kw name="Run Keyword If" owner="BuiltIn">
<kw name="Should Be True" owner="BuiltIn">
<arg>${True}</arg>
<doc>Fails if the given condition is not true.</doc>
<status status="PASS" start="2024-05-29T18:18:47.857251" elapsed="0.000149"/>
</kw>
<arg>${json_data["results"][0]["location"]["coordinates"]["latitude"]} &gt;= -90 and ${json_data["results"][0]["location"]["coordinates"]["latitude"]} &lt;= 90</arg>
<arg>Should Be True</arg>
<arg>${True}</arg>
<doc>Runs the given keyword with the given arguments, if ``condition`` is true.</doc>
<status status="PASS" start="2024-05-29T18:18:47.856385" elapsed="0.001144"/>
</kw>
<kw name="Run Keyword If" owner="BuiltIn">
<kw name="Should Be True" owner="BuiltIn">
<arg>${True}</arg>
<doc>Fails if the given condition is not true.</doc>
<status status="PASS" start="2024-05-29T18:18:47.858426" elapsed="0.000140"/>
</kw>
<arg>${json_data["results"][0]["location"]["coordinates"]["longitude"]} &gt;= -180 and ${json_data["results"][0]["location"]["coordinates"]["longitude"]} &lt;= 180</arg>
<arg>Should Be True</arg>
<arg>${True}</arg>
<doc>Runs the given keyword with the given arguments, if ``condition`` is true.</doc>
<status status="PASS" start="2024-05-29T18:18:47.857725" elapsed="0.000966"/>
</kw>
<status status="PASS" start="2024-05-29T18:18:47.762636" elapsed="0.096184"/>
</kw>
<doc>Testa o conteúdo específico dos campos retornados pela API.</doc>
<tag>testeConteudo</tag>
<status status="PASS" start="2024-05-29T18:18:47.762097" elapsed="0.096910"/>
</test>
<status status="PASS" start="2024-05-29T18:18:46.986416" elapsed="0.874550"/>
</suite>
<status status="PASS" start="2024-05-29T18:18:46.972910" elapsed="0.893284"/>
</suite>
<statistics>
<total>
<stat pass="5" fail="0" skip="0">All Tests</stat>
</total>
<tag>
<stat pass="1" fail="0" skip="0">testeConteudo</stat>
<stat pass="1" fail="0" skip="0">testeEstruturaResposta</stat>
<stat pass="1" fail="0" skip="0">testeRequisicaoBasica</stat>
<stat pass="1" fail="0" skip="0">testeTiposDados</stat>
</tag>
<suite>
<stat pass="5" fail="0" skip="0" id="s1" name="Tests">Tests</stat>
<stat pass="5" fail="0" skip="0" id="s1-s1" name="Random-User-Test">Tests.Random-User-Test</stat>
</suite>
</statistics>
<errors>
</errors>
</robot>
