<?xml version="1.0" encoding="UTF-8"?>
<robot generator="Robot 7.0.1 (Python 3.12.4 on linux)" generated="2024-07-03T09:16:31.948649" rpa="false" schemaversion="5">
<suite id="s1" name="Tests" source="/home/runner/work/ApiRandomUser/ApiRandomUser/RamdonUser/tests">
<suite id="s1-s1" name="Random-User-Test" source="/home/runner/work/ApiRandomUser/ApiRandomUser/RamdonUser/tests/random-user-test.robot">
<test id="s1-s1-t1" name="Conectar" line="13">
<kw name="Conectar API" owner="random-user-service">
<kw name="Create Session" owner="RequestsLibrary">
<msg time="2024-07-03T09:16:32.365608" level="INFO">Creating Session using : alias=consultarAPI, url=https://randomuser.me/, headers={},                     cookies={}, auth=None, timeout=None, proxies=None, verify=False,                     debug=0 </msg>
<arg>consultarAPI</arg>
<arg>${URL}</arg>
<doc>Create Session: create a HTTP session to a server</doc>
<status status="PASS" start="2024-07-03T09:16:32.365401" elapsed="0.000390"/>
</kw>
<status status="PASS" start="2024-07-03T09:16:32.364424" elapsed="0.001728"/>
</kw>
<status status="PASS" start="2024-07-03T09:16:32.363882" elapsed="0.002487"/>
</test>
<test id="s1-s1-t2" name="Validar retorno 200 e JSON Válido" line="16">
<kw name="Teste de Requisicao Basica" owner="random-user-service">
<kw name="GET On Session" owner="RequestsLibrary">
<msg time="2024-07-03T09:16:32.507770" level="INFO">GET Request : url=https://randomuser.me/api 
 path_url=/api 
 headers={'User-Agent': 'python-requests/2.32.3', 'Accept-Encoding': 'gzip, deflate', 'Accept': '*/*', 'Connection': 'keep-alive'} 
 body=None 
 </msg>
<msg time="2024-07-03T09:16:32.507921" level="INFO">GET Response : url=https://randomuser.me/api 
 status=200, reason=OK 
 headers={'Date': 'Wed, 03 Jul 2024 09:16:32 GMT', 'Content-Type': 'application/json; charset=utf-8', 'Transfer-Encoding': 'chunked', 'Connection': 'keep-alive', 'X-Powered-By': 'Express', 'Access-Control-Allow-Origin': '*', 'Cache-Control': 'no-cache', 'ETag': 'W/"484-eJgpyJCZ+Gis6SJ2Kmti3KH/DJ0"', 'Vary': 'Accept-Encoding', 'Content-Encoding': 'gzip', 'CF-Cache-Status': 'DYNAMIC', 'Report-To': '{"endpoints":[{"url":"https:\\/\\/a.nel.cloudflare.com\\/report\\/v4?s=cHmGCOwVPCMH1WFcZWGW%2FxAAo7zgJn42DaHyGlOSDG4TQJZ768lxFtSJJU7zd0%2BjWgkMZ8OxH1bYBkjYs%2BBjJmvO8qkkFnO16b1%2F1aPe6tq%2BppA%2FnrafNqNBTvqCkqHE"}],"group":"cf-nel","max_age":604800}', 'NEL': '{"success_fraction":0,"report_to":"cf-nel","max_age":604800}', 'Server': 'cloudflare', 'CF-RAY': '89d5c6fedb6e115d-ORD', 'alt-svc': 'h3=":443"; ma=86400'} 
 body={"results":[{"gender":"female","name":{"title":"Miss","first":"Sandra","last":"Bates"},"location":{"street":{"number":7842,"name":"W Pecan St"},"city":"Downey","state":"Alaska","country":"United States","postcode":35024,"coordinates":{"latitude":"82.1613","longitude":"81.0473"},"timezone":{"offset":"+9:30","description":"Adelaide, Darwin"}},"email":"sandra.bates@example.com","login":{"uuid":"d03ece30-436f-4bb5-b761-225b2672ad79","username":"beautifuldog258","password":"hewitt","salt":"lz9TTuDB","md5":"49a472a366d8a1d361179c8fb6e6401a","sha1":"7803ace3d68c61c32b1988c6681675d53b2a43b8","sha256":"189f37496a3fd468214ba8d72046696dd84322992d65e9ec52397c3703da6e26"},"dob":{"date":"1962-06-23T11:29:42.853Z","age":62},"registered":{"date":"2016-07-27T05:01:17.497Z","age":7},"phone":"(541) 784-5767","cell":"(531) 973-3790","id":{"name":"SSN","value":"338-81-0513"},"picture":{"large":"https://randomuser.me/api/portraits/women/15.jpg","medium":"https://randomuser.me/api/portraits/med/women/15.jpg","thumbnail":"https://randomuser.me/api/portraits/thumb/women/15.jpg"},"nat":"US"}],"info":{"seed":"b147e3e42ac16e98","results":1,"page":1,"version":"1.4"}} 
 </msg>
<msg time="2024-07-03T09:16:32.508009" level="INFO">/opt/hostedtoolcache/Python/3.12.4/x64/lib/python3.12/site-packages/urllib3/connectionpool.py:1099: InsecureRequestWarning: Unverified HTTPS request is being made to host 'randomuser.me'. Adding certificate verification is strongly advised. See: https://urllib3.readthedocs.io/en/latest/advanced-usage.html#tls-warnings
  warnings.warn(</msg>
<msg time="2024-07-03T09:16:32.508173" level="INFO">${response} = &lt;Response [200]&gt;</msg>
<var>${response}</var>
<arg>consultarAPI</arg>
<arg>/api</arg>
<doc>Sends a GET request on a previously created HTTP Session.</doc>
<status status="PASS" start="2024-07-03T09:16:32.369954" elapsed="0.138266"/>
</kw>
<kw name="Should Be Equal As Numbers" owner="BuiltIn">
<msg time="2024-07-03T09:16:32.509230" level="INFO">Argument types are:
&lt;class 'int'&gt;
&lt;class 'str'&gt;</msg>
<arg>${response.status_code}</arg>
<arg>200</arg>
<doc>Fails if objects are unequal after converting them to real numbers.</doc>
<status status="PASS" start="2024-07-03T09:16:32.508753" elapsed="0.000545"/>
</kw>
<kw name="Log" owner="BuiltIn">
<msg time="2024-07-03T09:16:32.510047" level="INFO">200</msg>
<arg>${response.status_code}</arg>
<doc>Logs the given message with the given level.</doc>
<status status="PASS" start="2024-07-03T09:16:32.509667" elapsed="0.000424"/>
</kw>
<kw name="Set Variable" owner="BuiltIn">
<msg time="2024-07-03T09:16:32.510904" level="INFO">${json_data} = {'results': [{'gender': 'female', 'name': {'title': 'Miss', 'first': 'Sandra', 'last': 'Bates'}, 'location': {'street': {'number': 7842, 'name': 'W Pecan St'}, 'city': 'Downey', 'state': 'Alaska', 'co...</msg>
<var>${json_data}</var>
<arg>${response.json()}</arg>
<doc>Returns the given values which can then be assigned to a variables.</doc>
<status status="PASS" start="2024-07-03T09:16:32.510452" elapsed="0.000481"/>
</kw>
<kw name="Dictionary Should Contain Key" owner="Collections">
<arg>${json_data}</arg>
<arg>results</arg>
<doc>Fails if ``key`` is not found from ``dictionary``.</doc>
<status status="PASS" start="2024-07-03T09:16:32.511234" elapsed="0.000168"/>
</kw>
<status status="PASS" start="2024-07-03T09:16:32.369694" elapsed="0.141863"/>
</kw>
<doc>Testa se a API responde corretamente e retorna um objeto JSON válido.</doc>
<tag>testeRequisicaoBasica</tag>
<status status="PASS" start="2024-07-03T09:16:32.369159" elapsed="0.142578"/>
</test>
<test id="s1-s1-t3" name="Validar estrutura de resposta" line="22">
<kw name="Teste de Estrutura de Resposta" owner="random-user-service">
<kw name="GET On Session" owner="RequestsLibrary">
<msg time="2024-07-03T09:16:32.610019" level="INFO">GET Request : url=https://randomuser.me/api 
 path_url=/api 
 headers={'User-Agent': 'python-requests/2.32.3', 'Accept-Encoding': 'gzip, deflate', 'Accept': '*/*', 'Connection': 'keep-alive'} 
 body=None 
 </msg>
<msg time="2024-07-03T09:16:32.610124" level="INFO">GET Response : url=https://randomuser.me/api 
 status=200, reason=OK 
 headers={'Date': 'Wed, 03 Jul 2024 09:16:32 GMT', 'Content-Type': 'application/json; charset=utf-8', 'Transfer-Encoding': 'chunked', 'Connection': 'keep-alive', 'X-Powered-By': 'Express', 'Access-Control-Allow-Origin': '*', 'Cache-Control': 'no-cache', 'ETag': 'W/"488-FqQ0n1Mz9jhNqm0ScR1FHI7TOdU"', 'Vary': 'Accept-Encoding', 'Content-Encoding': 'gzip', 'CF-Cache-Status': 'DYNAMIC', 'Report-To': '{"endpoints":[{"url":"https:\\/\\/a.nel.cloudflare.com\\/report\\/v4?s=AK3rMxIbyrm6Jt7DmvNIPICbhSSz5RNXM4WDSeOv9kajVng%2FclGfQRJXwp2R7GWf8IBFWryj72L6f9Dsf6sWvDpn5zLTyZx0llkC5oEqv%2BmeJdZz9sg8sKTK7lHYEgd7"}],"group":"cf-nel","max_age":604800}', 'NEL': '{"success_fraction":0,"report_to":"cf-nel","max_age":604800}', 'Server': 'cloudflare', 'CF-RAY': '89d5c6ff3bc1115d-ORD', 'alt-svc': 'h3=":443"; ma=86400'} 
 body={"results":[{"gender":"male","name":{"title":"Mr","first":"Oscar","last":"Runkel"},"location":{"street":{"number":4724,"name":"Lerchenweg"},"city":"Überlingen","state":"Bayern","country":"Germany","postcode":68727,"coordinates":{"latitude":"-52.2945","longitude":"-18.8438"},"timezone":{"offset":"+2:00","description":"Kaliningrad, South Africa"}},"email":"oscar.runkel@example.com","login":{"uuid":"bb879f1a-e6c4-47e9-9b0e-752a9759d3eb","username":"beautifultiger546","password":"reader","salt":"6yWrC3JJ","md5":"d529743643ca38223f0274cc7b9c5961","sha1":"1561cc74288605b935e14df7c4ae4e46c2fb9927","sha256":"a48295ad1c35c2ebc7d1b5ed1bcaaef067f59047ddbd9d7c781833114fead258"},"dob":{"date":"1965-06-02T14:56:22.747Z","age":59},"registered":{"date":"2005-07-30T07:12:27.512Z","age":18},"phone":"0643-5829790","cell":"0174-4987963","id":{"name":"SVNR","value":"52 020665 R 294"},"picture":{"large":"https://randomuser.me/api/portraits/men/67.jpg","medium":"https://randomuser.me/api/portraits/med/men/67.jpg","thumbnail":"https://randomuser.me/api/portraits/thumb/men/67.jpg"},"nat":"DE"}],"info":{"seed":"49187bacc7db232a","results":1,"page":1,"version":"1.4"}} 
 </msg>
<msg time="2024-07-03T09:16:32.610279" level="INFO">/opt/hostedtoolcache/Python/3.12.4/x64/lib/python3.12/site-packages/urllib3/connectionpool.py:1099: InsecureRequestWarning: Unverified HTTPS request is being made to host 'randomuser.me'. Adding certificate verification is strongly advised. See: https://urllib3.readthedocs.io/en/latest/advanced-usage.html#tls-warnings
  warnings.warn(</msg>
<msg time="2024-07-03T09:16:32.610436" level="INFO">${response} = &lt;Response [200]&gt;</msg>
<var>${response}</var>
<arg>consultarAPI</arg>
<arg>/api</arg>
<doc>Sends a GET request on a previously created HTTP Session.</doc>
<status status="PASS" start="2024-07-03T09:16:32.514462" elapsed="0.096016"/>
</kw>
<kw name="Set Variable" owner="BuiltIn">
<msg time="2024-07-03T09:16:32.611498" level="INFO">${json_data} = {'results': [{'gender': 'male', 'name': {'title': 'Mr', 'first': 'Oscar', 'last': 'Runkel'}, 'location': {'street': {'number': 4724, 'name': 'Lerchenweg'}, 'city': 'Überlingen', 'state': 'Bayern', 'co...</msg>
<var>${json_data}</var>
<arg>${response.json()}</arg>
<doc>Returns the given values which can then be assigned to a variables.</doc>
<status status="PASS" start="2024-07-03T09:16:32.610964" elapsed="0.000563"/>
</kw>
<kw name="Log" owner="BuiltIn">
<msg time="2024-07-03T09:16:32.612054" level="INFO">{'results': [{'gender': 'male', 'name': {'title': 'Mr', 'first': 'Oscar', 'last': 'Runkel'}, 'location': {'street': {'number': 4724, 'name': 'Lerchenweg'}, 'city': 'Überlingen', 'state': 'Bayern', 'country': 'Germany', 'postcode': 68727, 'coordinates': {'latitude': '-52.2945', 'longitude': '-18.8438'}, 'timezone': {'offset': '+2:00', 'description': 'Kaliningrad, South Africa'}}, 'email': 'oscar.runkel@example.com', 'login': {'uuid': 'bb879f1a-e6c4-47e9-9b0e-752a9759d3eb', 'username': 'beautifultiger546', 'password': 'reader', 'salt': '6yWrC3JJ', 'md5': 'd529743643ca38223f0274cc7b9c5961', 'sha1': '1561cc74288605b935e14df7c4ae4e46c2fb9927', 'sha256': 'a48295ad1c35c2ebc7d1b5ed1bcaaef067f59047ddbd9d7c781833114fead258'}, 'dob': {'date': '1965-06-02T14:56:22.747Z', 'age': 59}, 'registered': {'date': '2005-07-30T07:12:27.512Z', 'age': 18}, 'phone': '0643-5829790', 'cell': '0174-4987963', 'id': {'name': 'SVNR', 'value': '52 020665 R 294'}, 'picture': {'large': 'https://randomuser.me/api/portraits/men/67.jpg', 'medium': 'https://randomuser.me/api/portraits/med/men/67.jpg', 'thumbnail': 'https://randomuser.me/api/portraits/thumb/men/67.jpg'}, 'nat': 'DE'}], 'info': {'seed': '49187bacc7db232a', 'results': 1, 'page': 1, 'version': '1.4'}}</msg>
<arg>${json_data}</arg>
<doc>Logs the given message with the given level.</doc>
<status status="PASS" start="2024-07-03T09:16:32.611877" elapsed="0.000228"/>
</kw>
<kw name="Dictionary Should Contain Key" owner="Collections">
<arg>${json_data}</arg>
<arg>results</arg>
<doc>Fails if ``key`` is not found from ``dictionary``.</doc>
<status status="PASS" start="2024-07-03T09:16:32.612407" elapsed="0.000166"/>
</kw>
<kw name="Should Not Be Empty" owner="BuiltIn">
<msg time="2024-07-03T09:16:32.612894" level="INFO">Length is 2.</msg>
<arg>${json_data}</arg>
<doc>Verifies that the given item is not empty.</doc>
<status status="PASS" start="2024-07-03T09:16:32.612758" elapsed="0.000176"/>
</kw>
<kw name="Create List" owner="BuiltIn">
<msg time="2024-07-03T09:16:32.613557" level="INFO">${expected_keys} = ['gender', 'name', 'location', 'email', 'login']</msg>
<var>${expected_keys}</var>
<arg>gender</arg>
<arg>name</arg>
<arg>location</arg>
<arg>email</arg>
<arg>login</arg>
<doc>Returns a list containing given items.</doc>
<status status="PASS" start="2024-07-03T09:16:32.613234" elapsed="0.000349"/>
</kw>
<for flavor="IN">
<iter>
<kw name="Dictionary Should Contain Key" owner="Collections">
<arg>${json_data['results'][0]}</arg>
<arg>${key}</arg>
<doc>Fails if ``key`` is not found from ``dictionary``.</doc>
<status status="PASS" start="2024-07-03T09:16:32.614172" elapsed="0.000445"/>
</kw>
<kw name="Log" owner="BuiltIn">
<msg time="2024-07-03T09:16:32.615183" level="INFO">{'gender': 'male', 'name': {'title': 'Mr', 'first': 'Oscar', 'last': 'Runkel'}, 'location': {'street': {'number': 4724, 'name': 'Lerchenweg'}, 'city': 'Überlingen', 'state': 'Bayern', 'country': 'Germany', 'postcode': 68727, 'coordinates': {'latitude': '-52.2945', 'longitude': '-18.8438'}, 'timezone': {'offset': '+2:00', 'description': 'Kaliningrad, South Africa'}}, 'email': 'oscar.runkel@example.com', 'login': {'uuid': 'bb879f1a-e6c4-47e9-9b0e-752a9759d3eb', 'username': 'beautifultiger546', 'password': 'reader', 'salt': '6yWrC3JJ', 'md5': 'd529743643ca38223f0274cc7b9c5961', 'sha1': '1561cc74288605b935e14df7c4ae4e46c2fb9927', 'sha256': 'a48295ad1c35c2ebc7d1b5ed1bcaaef067f59047ddbd9d7c781833114fead258'}, 'dob': {'date': '1965-06-02T14:56:22.747Z', 'age': 59}, 'registered': {'date': '2005-07-30T07:12:27.512Z', 'age': 18}, 'phone': '0643-5829790', 'cell': '0174-4987963', 'id': {'name': 'SVNR', 'value': '52 020665 R 294'}, 'picture': {'large': 'https://randomuser.me/api/portraits/men/67.jpg', 'medium': 'https://randomuser.me/api/portraits/med/men/67.jpg', 'thumbnail': 'https://randomuser.me/api/portraits/thumb/men/67.jpg'}, 'nat': 'DE'}</msg>
<arg>${json_data['results'][0]}</arg>
<doc>Logs the given message with the given level.</doc>
<status status="PASS" start="2024-07-03T09:16:32.614805" elapsed="0.000429"/>
</kw>
<kw name="Log" owner="BuiltIn">
<msg time="2024-07-03T09:16:32.615669" level="INFO">gender</msg>
<arg>${key}</arg>
<doc>Logs the given message with the given level.</doc>
<status status="PASS" start="2024-07-03T09:16:32.615538" elapsed="0.000170"/>
</kw>
<var name="${key}">gender</var>
<status status="PASS" start="2024-07-03T09:16:32.614047" elapsed="0.001875"/>
</iter>
<iter>
<kw name="Dictionary Should Contain Key" owner="Collections">
<arg>${json_data['results'][0]}</arg>
<arg>${key}</arg>
<doc>Fails if ``key`` is not found from ``dictionary``.</doc>
<status status="PASS" start="2024-07-03T09:16:32.616228" elapsed="0.000392"/>
</kw>
<kw name="Log" owner="BuiltIn">
<msg time="2024-07-03T09:16:32.617152" level="INFO">{'gender': 'male', 'name': {'title': 'Mr', 'first': 'Oscar', 'last': 'Runkel'}, 'location': {'street': {'number': 4724, 'name': 'Lerchenweg'}, 'city': 'Überlingen', 'state': 'Bayern', 'country': 'Germany', 'postcode': 68727, 'coordinates': {'latitude': '-52.2945', 'longitude': '-18.8438'}, 'timezone': {'offset': '+2:00', 'description': 'Kaliningrad, South Africa'}}, 'email': 'oscar.runkel@example.com', 'login': {'uuid': 'bb879f1a-e6c4-47e9-9b0e-752a9759d3eb', 'username': 'beautifultiger546', 'password': 'reader', 'salt': '6yWrC3JJ', 'md5': 'd529743643ca38223f0274cc7b9c5961', 'sha1': '1561cc74288605b935e14df7c4ae4e46c2fb9927', 'sha256': 'a48295ad1c35c2ebc7d1b5ed1bcaaef067f59047ddbd9d7c781833114fead258'}, 'dob': {'date': '1965-06-02T14:56:22.747Z', 'age': 59}, 'registered': {'date': '2005-07-30T07:12:27.512Z', 'age': 18}, 'phone': '0643-5829790', 'cell': '0174-4987963', 'id': {'name': 'SVNR', 'value': '52 020665 R 294'}, 'picture': {'large': 'https://randomuser.me/api/portraits/men/67.jpg', 'medium': 'https://randomuser.me/api/portraits/med/men/67.jpg', 'thumbnail': 'https://randomuser.me/api/portraits/thumb/men/67.jpg'}, 'nat': 'DE'}</msg>
<arg>${json_data['results'][0]}</arg>
<doc>Logs the given message with the given level.</doc>
<status status="PASS" start="2024-07-03T09:16:32.616802" elapsed="0.000431"/>
</kw>
<kw name="Log" owner="BuiltIn">
<msg time="2024-07-03T09:16:32.617660" level="INFO">name</msg>
<arg>${key}</arg>
<doc>Logs the given message with the given level.</doc>
<status status="PASS" start="2024-07-03T09:16:32.617532" elapsed="0.000166"/>
</kw>
<var name="${key}">name</var>
<status status="PASS" start="2024-07-03T09:16:32.616116" elapsed="0.001798"/>
</iter>
<iter>
<kw name="Dictionary Should Contain Key" owner="Collections">
<arg>${json_data['results'][0]}</arg>
<arg>${key}</arg>
<doc>Fails if ``key`` is not found from ``dictionary``.</doc>
<status status="PASS" start="2024-07-03T09:16:32.618200" elapsed="0.000407"/>
</kw>
<kw name="Log" owner="BuiltIn">
<msg time="2024-07-03T09:16:32.619139" level="INFO">{'gender': 'male', 'name': {'title': 'Mr', 'first': 'Oscar', 'last': 'Runkel'}, 'location': {'street': {'number': 4724, 'name': 'Lerchenweg'}, 'city': 'Überlingen', 'state': 'Bayern', 'country': 'Germany', 'postcode': 68727, 'coordinates': {'latitude': '-52.2945', 'longitude': '-18.8438'}, 'timezone': {'offset': '+2:00', 'description': 'Kaliningrad, South Africa'}}, 'email': 'oscar.runkel@example.com', 'login': {'uuid': 'bb879f1a-e6c4-47e9-9b0e-752a9759d3eb', 'username': 'beautifultiger546', 'password': 'reader', 'salt': '6yWrC3JJ', 'md5': 'd529743643ca38223f0274cc7b9c5961', 'sha1': '1561cc74288605b935e14df7c4ae4e46c2fb9927', 'sha256': 'a48295ad1c35c2ebc7d1b5ed1bcaaef067f59047ddbd9d7c781833114fead258'}, 'dob': {'date': '1965-06-02T14:56:22.747Z', 'age': 59}, 'registered': {'date': '2005-07-30T07:12:27.512Z', 'age': 18}, 'phone': '0643-5829790', 'cell': '0174-4987963', 'id': {'name': 'SVNR', 'value': '52 020665 R 294'}, 'picture': {'large': 'https://randomuser.me/api/portraits/men/67.jpg', 'medium': 'https://randomuser.me/api/portraits/med/men/67.jpg', 'thumbnail': 'https://randomuser.me/api/portraits/thumb/men/67.jpg'}, 'nat': 'DE'}</msg>
<arg>${json_data['results'][0]}</arg>
<doc>Logs the given message with the given level.</doc>
<status status="PASS" start="2024-07-03T09:16:32.618787" elapsed="0.000401"/>
</kw>
<kw name="Log" owner="BuiltIn">
<msg time="2024-07-03T09:16:32.619634" level="INFO">location</msg>
<arg>${key}</arg>
<doc>Logs the given message with the given level.</doc>
<status status="PASS" start="2024-07-03T09:16:32.619483" elapsed="0.000191"/>
</kw>
<var name="${key}">location</var>
<status status="PASS" start="2024-07-03T09:16:32.618092" elapsed="0.001798"/>
</iter>
<iter>
<kw name="Dictionary Should Contain Key" owner="Collections">
<arg>${json_data['results'][0]}</arg>
<arg>${key}</arg>
<doc>Fails if ``key`` is not found from ``dictionary``.</doc>
<status status="PASS" start="2024-07-03T09:16:32.620164" elapsed="0.000391"/>
</kw>
<kw name="Log" owner="BuiltIn">
<msg time="2024-07-03T09:16:32.621086" level="INFO">{'gender': 'male', 'name': {'title': 'Mr', 'first': 'Oscar', 'last': 'Runkel'}, 'location': {'street': {'number': 4724, 'name': 'Lerchenweg'}, 'city': 'Überlingen', 'state': 'Bayern', 'country': 'Germany', 'postcode': 68727, 'coordinates': {'latitude': '-52.2945', 'longitude': '-18.8438'}, 'timezone': {'offset': '+2:00', 'description': 'Kaliningrad, South Africa'}}, 'email': 'oscar.runkel@example.com', 'login': {'uuid': 'bb879f1a-e6c4-47e9-9b0e-752a9759d3eb', 'username': 'beautifultiger546', 'password': 'reader', 'salt': '6yWrC3JJ', 'md5': 'd529743643ca38223f0274cc7b9c5961', 'sha1': '1561cc74288605b935e14df7c4ae4e46c2fb9927', 'sha256': 'a48295ad1c35c2ebc7d1b5ed1bcaaef067f59047ddbd9d7c781833114fead258'}, 'dob': {'date': '1965-06-02T14:56:22.747Z', 'age': 59}, 'registered': {'date': '2005-07-30T07:12:27.512Z', 'age': 18}, 'phone': '0643-5829790', 'cell': '0174-4987963', 'id': {'name': 'SVNR', 'value': '52 020665 R 294'}, 'picture': {'large': 'https://randomuser.me/api/portraits/men/67.jpg', 'medium': 'https://randomuser.me/api/portraits/med/men/67.jpg', 'thumbnail': 'https://randomuser.me/api/portraits/thumb/men/67.jpg'}, 'nat': 'DE'}</msg>
<arg>${json_data['results'][0]}</arg>
<doc>Logs the given message with the given level.</doc>
<status status="PASS" start="2024-07-03T09:16:32.620738" elapsed="0.000397"/>
</kw>
<kw name="Log" owner="BuiltIn">
<msg time="2024-07-03T09:16:32.621558" level="INFO">email</msg>
<arg>${key}</arg>
<doc>Logs the given message with the given level.</doc>
<status status="PASS" start="2024-07-03T09:16:32.621431" elapsed="0.000166"/>
</kw>
<var name="${key}">email</var>
<status status="PASS" start="2024-07-03T09:16:32.620059" elapsed="0.001752"/>
</iter>
<iter>
<kw name="Dictionary Should Contain Key" owner="Collections">
<arg>${json_data['results'][0]}</arg>
<arg>${key}</arg>
<doc>Fails if ``key`` is not found from ``dictionary``.</doc>
<status status="PASS" start="2024-07-03T09:16:32.622097" elapsed="0.000417"/>
</kw>
<kw name="Log" owner="BuiltIn">
<msg time="2024-07-03T09:16:32.623049" level="INFO">{'gender': 'male', 'name': {'title': 'Mr', 'first': 'Oscar', 'last': 'Runkel'}, 'location': {'street': {'number': 4724, 'name': 'Lerchenweg'}, 'city': 'Überlingen', 'state': 'Bayern', 'country': 'Germany', 'postcode': 68727, 'coordinates': {'latitude': '-52.2945', 'longitude': '-18.8438'}, 'timezone': {'offset': '+2:00', 'description': 'Kaliningrad, South Africa'}}, 'email': 'oscar.runkel@example.com', 'login': {'uuid': 'bb879f1a-e6c4-47e9-9b0e-752a9759d3eb', 'username': 'beautifultiger546', 'password': 'reader', 'salt': '6yWrC3JJ', 'md5': 'd529743643ca38223f0274cc7b9c5961', 'sha1': '1561cc74288605b935e14df7c4ae4e46c2fb9927', 'sha256': 'a48295ad1c35c2ebc7d1b5ed1bcaaef067f59047ddbd9d7c781833114fead258'}, 'dob': {'date': '1965-06-02T14:56:22.747Z', 'age': 59}, 'registered': {'date': '2005-07-30T07:12:27.512Z', 'age': 18}, 'phone': '0643-5829790', 'cell': '0174-4987963', 'id': {'name': 'SVNR', 'value': '52 020665 R 294'}, 'picture': {'large': 'https://randomuser.me/api/portraits/men/67.jpg', 'medium': 'https://randomuser.me/api/portraits/med/men/67.jpg', 'thumbnail': 'https://randomuser.me/api/portraits/thumb/men/67.jpg'}, 'nat': 'DE'}</msg>
<arg>${json_data['results'][0]}</arg>
<doc>Logs the given message with the given level.</doc>
<status status="PASS" start="2024-07-03T09:16:32.622696" elapsed="0.000402"/>
</kw>
<kw name="Log" owner="BuiltIn">
<msg time="2024-07-03T09:16:32.623520" level="INFO">login</msg>
<arg>${key}</arg>
<doc>Logs the given message with the given level.</doc>
<status status="PASS" start="2024-07-03T09:16:32.623392" elapsed="0.000166"/>
</kw>
<var name="${key}">login</var>
<status status="PASS" start="2024-07-03T09:16:32.621980" elapsed="0.001790"/>
</iter>
<var>${key}</var>
<value>@{expected_keys}</value>
<status status="PASS" start="2024-07-03T09:16:32.613851" elapsed="0.010038"/>
</for>
<kw name="Create List" owner="BuiltIn">
<msg time="2024-07-03T09:16:32.624224" level="INFO">${expected_keysTwo} = ['username', 'password']</msg>
<var>${expected_keysTwo}</var>
<arg>username</arg>
<arg>password</arg>
<doc>Returns a list containing given items.</doc>
<status status="PASS" start="2024-07-03T09:16:32.624082" elapsed="0.000166"/>
</kw>
<for flavor="IN">
<iter>
<kw name="Dictionary Should Contain Key" owner="Collections">
<arg>${json_data['results'][0]['login']}</arg>
<arg>${keyTwo}</arg>
<doc>Fails if ``key`` is not found from ``dictionary``.</doc>
<status status="PASS" start="2024-07-03T09:16:32.624781" elapsed="0.000413"/>
</kw>
<kw name="Dictionary Should Contain Key" owner="Collections">
<arg>${json_data['results'][0]['login']}</arg>
<arg>${keyTwo}</arg>
<doc>Fails if ``key`` is not found from ``dictionary``.</doc>
<status status="PASS" start="2024-07-03T09:16:32.625376" elapsed="0.000382"/>
</kw>
<kw name="Log" owner="BuiltIn">
<msg time="2024-07-03T09:16:32.626063" level="INFO">username</msg>
<arg>${keyTwo}</arg>
<doc>Logs the given message with the given level.</doc>
<status status="PASS" start="2024-07-03T09:16:32.625940" elapsed="0.000160"/>
</kw>
<var name="${keyTwo}">username</var>
<status status="PASS" start="2024-07-03T09:16:32.624674" elapsed="0.001670"/>
</iter>
<iter>
<kw name="Dictionary Should Contain Key" owner="Collections">
<arg>${json_data['results'][0]['login']}</arg>
<arg>${keyTwo}</arg>
<doc>Fails if ``key`` is not found from ``dictionary``.</doc>
<status status="PASS" start="2024-07-03T09:16:32.626634" elapsed="0.000382"/>
</kw>
<kw name="Dictionary Should Contain Key" owner="Collections">
<arg>${json_data['results'][0]['login']}</arg>
<arg>${keyTwo}</arg>
<doc>Fails if ``key`` is not found from ``dictionary``.</doc>
<status status="PASS" start="2024-07-03T09:16:32.627200" elapsed="0.000412"/>
</kw>
<kw name="Log" owner="BuiltIn">
<msg time="2024-07-03T09:16:32.627908" level="INFO">password</msg>
<arg>${keyTwo}</arg>
<doc>Logs the given message with the given level.</doc>
<status status="PASS" start="2024-07-03T09:16:32.627789" elapsed="0.000161"/>
</kw>
<var name="${keyTwo}">password</var>
<status status="PASS" start="2024-07-03T09:16:32.626527" elapsed="0.001735"/>
</iter>
<var>${keyTwo}</var>
<value>@{expected_keysTwo}</value>
<status status="PASS" start="2024-07-03T09:16:32.624515" elapsed="0.003869"/>
</for>
<status status="PASS" start="2024-07-03T09:16:32.514193" elapsed="0.114335"/>
</kw>
<doc>Testa a estrutura da resposta da API.</doc>
<tag>testeEstruturaResposta</tag>
<status status="PASS" start="2024-07-03T09:16:32.513588" elapsed="0.115096"/>
</test>
<test id="s1-s1-t4" name="Validar tipos de dados" line="28">
<kw name="Teste de Tipos de Dados" owner="random-user-service">
<kw name="GET On Session" owner="RequestsLibrary">
<msg time="2024-07-03T09:16:32.707211" level="INFO">GET Request : url=https://randomuser.me/api 
 path_url=/api 
 headers={'User-Agent': 'python-requests/2.32.3', 'Accept-Encoding': 'gzip, deflate', 'Accept': '*/*', 'Connection': 'keep-alive'} 
 body=None 
 </msg>
<msg time="2024-07-03T09:16:32.707310" level="INFO">GET Response : url=https://randomuser.me/api 
 status=200, reason=OK 
 headers={'Date': 'Wed, 03 Jul 2024 09:16:32 GMT', 'Content-Type': 'application/json; charset=utf-8', 'Transfer-Encoding': 'chunked', 'Connection': 'keep-alive', 'X-Powered-By': 'Express', 'Access-Control-Allow-Origin': '*', 'Cache-Control': 'no-cache', 'ETag': 'W/"48e-6Rn15aPRB+MHIqnvlOeJVNKi5rk"', 'Vary': 'Accept-Encoding', 'Content-Encoding': 'gzip', 'CF-Cache-Status': 'DYNAMIC', 'Report-To': '{"endpoints":[{"url":"https:\\/\\/a.nel.cloudflare.com\\/report\\/v4?s=OIUpANZoJnuC%2FPKz5g7mLH5l0fOFRC%2FBVLmdP%2BiyazIfLpnaV4WbWHscKpw3sZEPBDAzSvAcvmWnFGNhInenhYN%2FAK1UO%2BZ5M0lO%2BZyo%2BnBjnQRipcNdnNTsKk1Bd8iP"}],"group":"cf-nel","max_age":604800}', 'NEL': '{"success_fraction":0,"report_to":"cf-nel","max_age":604800}', 'Server': 'cloudflare', 'CF-RAY': '89d5c6fffc3a115d-ORD', 'alt-svc': 'h3=":443"; ma=86400'} 
 body={"results":[{"gender":"female","name":{"title":"Mrs","first":"Aubrey","last":"White"},"location":{"street":{"number":8916,"name":"22nd Ave"},"city":"Carleton","state":"Manitoba","country":"Canada","postcode":"V3Y 2M1","coordinates":{"latitude":"-70.8795","longitude":"110.1810"},"timezone":{"offset":"-3:00","description":"Brazil, Buenos Aires, Georgetown"}},"email":"aubrey.white@example.com","login":{"uuid":"2f75e023-1f9b-4858-942a-ffe377328340","username":"purplezebra986","password":"boston","salt":"9KTFxF2t","md5":"c0e6d47bd923d400263969f40eda9cb2","sha1":"2c4c9814bf773b6520dcbac33e699df67aca72b5","sha256":"42b1954e8441eea519b470149bf16eca2d1bbefa3b892a890b73111ec74097be"},"dob":{"date":"1995-04-27T21:25:02.051Z","age":29},"registered":{"date":"2006-06-29T00:28:22.788Z","age":18},"phone":"L21 O23-0320","cell":"F16 J67-0870","id":{"name":"SIN","value":"200430627"},"picture":{"large":"https://randomuser.me/api/portraits/women/48.jpg","medium":"https://randomuser.me/api/portraits/med/women/48.jpg","thumbnail":"https://randomuser.me/api/portraits/thumb/women/48.jpg"},"nat":"CA"}],"info":{"seed":"aaab2a91630fda6a","results":1,"page":1,"version":"1.4"}} 
 </msg>
<msg time="2024-07-03T09:16:32.707385" level="INFO">/opt/hostedtoolcache/Python/3.12.4/x64/lib/python3.12/site-packages/urllib3/connectionpool.py:1099: InsecureRequestWarning: Unverified HTTPS request is being made to host 'randomuser.me'. Adding certificate verification is strongly advised. See: https://urllib3.readthedocs.io/en/latest/advanced-usage.html#tls-warnings
  warnings.warn(</msg>
<msg time="2024-07-03T09:16:32.707534" level="INFO">${response} = &lt;Response [200]&gt;</msg>
<var>${response}</var>
<arg>consultarAPI</arg>
<arg>/api</arg>
<doc>Sends a GET request on a previously created HTTP Session.</doc>
<status status="PASS" start="2024-07-03T09:16:32.631170" elapsed="0.076411"/>
</kw>
<kw name="Set Variable" owner="BuiltIn">
<msg time="2024-07-03T09:16:32.708619" level="INFO">${json_data} = {'results': [{'gender': 'female', 'name': {'title': 'Mrs', 'first': 'Aubrey', 'last': 'White'}, 'location': {'street': {'number': 8916, 'name': '22nd Ave'}, 'city': 'Carleton', 'state': 'Manitoba', 'c...</msg>
<var>${json_data}</var>
<arg>${response.json()}</arg>
<doc>Returns the given values which can then be assigned to a variables.</doc>
<status status="PASS" start="2024-07-03T09:16:32.708080" elapsed="0.000569"/>
</kw>
<kw name="Log" owner="BuiltIn">
<msg time="2024-07-03T09:16:32.709192" level="INFO">{'results': [{'gender': 'female', 'name': {'title': 'Mrs', 'first': 'Aubrey', 'last': 'White'}, 'location': {'street': {'number': 8916, 'name': '22nd Ave'}, 'city': 'Carleton', 'state': 'Manitoba', 'country': 'Canada', 'postcode': 'V3Y 2M1', 'coordinates': {'latitude': '-70.8795', 'longitude': '110.1810'}, 'timezone': {'offset': '-3:00', 'description': 'Brazil, Buenos Aires, Georgetown'}}, 'email': 'aubrey.white@example.com', 'login': {'uuid': '2f75e023-1f9b-4858-942a-ffe377328340', 'username': 'purplezebra986', 'password': 'boston', 'salt': '9KTFxF2t', 'md5': 'c0e6d47bd923d400263969f40eda9cb2', 'sha1': '2c4c9814bf773b6520dcbac33e699df67aca72b5', 'sha256': '42b1954e8441eea519b470149bf16eca2d1bbefa3b892a890b73111ec74097be'}, 'dob': {'date': '1995-04-27T21:25:02.051Z', 'age': 29}, 'registered': {'date': '2006-06-29T00:28:22.788Z', 'age': 18}, 'phone': 'L21 O23-0320', 'cell': 'F16 J67-0870', 'id': {'name': 'SIN', 'value': '200430627'}, 'picture': {'large': 'https://randomuser.me/api/portraits/women/48.jpg', 'medium': 'https://randomuser.me/api/portraits/med/women/48.jpg', 'thumbnail': 'https://randomuser.me/api/portraits/thumb/women/48.jpg'}, 'nat': 'CA'}], 'info': {'seed': 'aaab2a91630fda6a', 'results': 1, 'page': 1, 'version': '1.4'}}</msg>
<arg>${json_data}</arg>
<doc>Logs the given message with the given level.</doc>
<status status="PASS" start="2024-07-03T09:16:32.709012" elapsed="0.000237"/>
</kw>
<kw name="Should Be String" owner="String">
<arg>${json_data['results'][0]['gender']}</arg>
<doc>Fails if the given ``item`` is not a string.</doc>
<status status="PASS" start="2024-07-03T09:16:32.709564" elapsed="0.000379"/>
</kw>
<kw name="Should Match Regexp" owner="BuiltIn">
<arg>${json_data['results'][0]['email']}</arg>
<arg>^[a-zA-Z0-9._%+-]+@[a-zA-Z0-9.-]+\.[a-zA-Z]{2,}$</arg>
<doc>Fails if ``string`` does not match ``pattern`` as a regular expression.</doc>
<status status="PASS" start="2024-07-03T09:16:32.710138" elapsed="0.000554"/>
</kw>
<kw name="Should Match Regexp" owner="BuiltIn">
<arg>${json_data['results'][0]['dob']['date']}</arg>
<arg>\\d{4}-\\d{2}-\\d{2}T\\d{2}:\\d{2}:\\d{2}\\.\\d{3}Z</arg>
<doc>Fails if ``string`` does not match ``pattern`` as a regular expression.</doc>
<status status="PASS" start="2024-07-03T09:16:32.710931" elapsed="0.000498"/>
</kw>
<kw name="Should Match Regexp" owner="BuiltIn">
<arg>${json_data['results'][0]['registered']['date']}</arg>
<arg>\\d{4}-\\d{2}-\\d{2}T\\d{2}:\\d{2}:\\d{2}\\.\\d{3}Z</arg>
<doc>Fails if ``string`` does not match ``pattern`` as a regular expression.</doc>
<status status="PASS" start="2024-07-03T09:16:32.711621" elapsed="0.000372"/>
</kw>
<kw name="Should Match Regexp" owner="BuiltIn">
<arg>${json_data['results'][0]['picture']['large']}</arg>
<arg>^https?://.*\.(?:png|jpe?g|gif|bmp)$</arg>
<doc>Fails if ``string`` does not match ``pattern`` as a regular expression.</doc>
<status status="PASS" start="2024-07-03T09:16:32.712180" elapsed="0.000461"/>
</kw>
<kw name="Should Match Regexp" owner="BuiltIn">
<arg>${json_data['results'][0]['picture']['medium']}</arg>
<arg>^https?://.*\.(?:png|jpe?g|gif|bmp)$</arg>
<doc>Fails if ``string`` does not match ``pattern`` as a regular expression.</doc>
<status status="PASS" start="2024-07-03T09:16:32.712827" elapsed="0.000354"/>
</kw>
<kw name="Should Match Regexp" owner="BuiltIn">
<arg>${json_data['results'][0]['picture']['thumbnail']}</arg>
<arg>^https?://.*\.(?:png|jpe?g|gif|bmp)$</arg>
<doc>Fails if ``string`` does not match ``pattern`` as a regular expression.</doc>
<status status="PASS" start="2024-07-03T09:16:32.713363" elapsed="0.000356"/>
</kw>
<kw name="Log" owner="BuiltIn">
<msg time="2024-07-03T09:16:32.714261" level="INFO">{'large': 'https://randomuser.me/api/portraits/women/48.jpg', 'medium': 'https://randomuser.me/api/portraits/med/women/48.jpg', 'thumbnail': 'https://randomuser.me/api/portraits/thumb/women/48.jpg'}</msg>
<arg>${json_data['results'][0]['picture']}</arg>
<doc>Logs the given message with the given level.</doc>
<status status="PASS" start="2024-07-03T09:16:32.713901" elapsed="0.000410"/>
</kw>
<status status="PASS" start="2024-07-03T09:16:32.630935" elapsed="0.083640"/>
</kw>
<kw name="Teste de Tipos de Dados - Postcode" owner="random-user-service">
<kw name="GET On Session" owner="RequestsLibrary">
<msg time="2024-07-03T09:16:32.910335" level="INFO">GET Request : url=https://randomuser.me/api 
 path_url=/api 
 headers={'User-Agent': 'python-requests/2.32.3', 'Accept-Encoding': 'gzip, deflate', 'Accept': '*/*', 'Connection': 'keep-alive'} 
 body=None 
 </msg>
<msg time="2024-07-03T09:16:32.910437" level="INFO">GET Response : url=https://randomuser.me/api 
 status=200, reason=OK 
 headers={'Date': 'Wed, 03 Jul 2024 09:16:32 GMT', 'Content-Type': 'application/json; charset=utf-8', 'Transfer-Encoding': 'chunked', 'Connection': 'keep-alive', 'X-Powered-By': 'Express', 'Access-Control-Allow-Origin': '*', 'Cache-Control': 'no-cache', 'ETag': 'W/"47f-ei7wldQj7vP09kH7CTNQ5H+DkzE"', 'Vary': 'Accept-Encoding', 'Content-Encoding': 'gzip', 'CF-Cache-Status': 'DYNAMIC', 'Report-To': '{"endpoints":[{"url":"https:\\/\\/a.nel.cloudflare.com\\/report\\/v4?s=jDe%2FfIeUWfe6BK9fMC69%2B%2FVu2qh%2BShBcdoFi04FOPy66%2B2HYJK1RfkD9z%2FenOTbYkvAvtgOL4lG2utFAfZzc8WiPyA%2Bv5EPJ8Se2CFidP39lkFH8zYvcnxweUaSL3ZCO"}],"group":"cf-nel","max_age":604800}', 'NEL': '{"success_fraction":0,"report_to":"cf-nel","max_age":604800}', 'Server': 'cloudflare', 'CF-RAY': '89d5c7007c93115d-ORD', 'alt-svc': 'h3=":443"; ma=86400'} 
 body={"results":[{"gender":"male","name":{"title":"Mr","first":"Radoje","last":"Gojković"},"location":{"street":{"number":9210,"name":"Klopotnička"},"city":"Žagubica","state":"West Bačka","country":"Serbia","postcode":37586,"coordinates":{"latitude":"61.6007","longitude":"-67.9529"},"timezone":{"offset":"+9:30","description":"Adelaide, Darwin"}},"email":"radoje.gojkovic@example.com","login":{"uuid":"a2ee5fe4-88d9-4035-a468-eafc767a140d","username":"greenleopard899","password":"common","salt":"GIYLdmv5","md5":"f0d39df09b161c12eeea39d538d5a0c6","sha1":"fb3e631fd38ce9eb9973b85d46d2dbede118c671","sha256":"2c97efbd33500ce4f410298bddfe36be2907f07191106a96246968eba4323875"},"dob":{"date":"1982-10-03T09:43:49.243Z","age":41},"registered":{"date":"2021-12-12T05:04:06.904Z","age":2},"phone":"023-4612-088","cell":"063-7765-670","id":{"name":"SID","value":"307214290"},"picture":{"large":"https://randomuser.me/api/portraits/men/76.jpg","medium":"https://randomuser.me/api/portraits/med/men/76.jpg","thumbnail":"https://randomuser.me/api/portraits/thumb/men/76.jpg"},"nat":"RS"}],"info":{"seed":"7d5ae02b6d24b5f5","results":1,"page":1,"version":"1.4"}} 
 </msg>
<msg time="2024-07-03T09:16:32.910515" level="INFO">/opt/hostedtoolcache/Python/3.12.4/x64/lib/python3.12/site-packages/urllib3/connectionpool.py:1099: InsecureRequestWarning: Unverified HTTPS request is being made to host 'randomuser.me'. Adding certificate verification is strongly advised. See: https://urllib3.readthedocs.io/en/latest/advanced-usage.html#tls-warnings
  warnings.warn(</msg>
<msg time="2024-07-03T09:16:32.910648" level="INFO">${response} = &lt;Response [200]&gt;</msg>
<var>${response}</var>
<arg>consultarAPI</arg>
<arg>/api</arg>
<doc>Sends a GET request on a previously created HTTP Session.</doc>
<status status="PASS" start="2024-07-03T09:16:32.715038" elapsed="0.195653"/>
</kw>
<kw name="Set Variable" owner="BuiltIn">
<msg time="2024-07-03T09:16:32.911711" level="INFO">${json_data} = {'results': [{'gender': 'male', 'name': {'title': 'Mr', 'first': 'Radoje', 'last': 'Gojković'}, 'location': {'street': {'number': 9210, 'name': 'Klopotnička'}, 'city': 'Žagubica', 'state': 'West Bačka...</msg>
<var>${json_data}</var>
<arg>${response.json()}</arg>
<doc>Returns the given values which can then be assigned to a variables.</doc>
<status status="PASS" start="2024-07-03T09:16:32.911193" elapsed="0.000547"/>
</kw>
<kw name="Log" owner="BuiltIn">
<msg time="2024-07-03T09:16:32.912215" level="INFO">{'results': [{'gender': 'male', 'name': {'title': 'Mr', 'first': 'Radoje', 'last': 'Gojković'}, 'location': {'street': {'number': 9210, 'name': 'Klopotnička'}, 'city': 'Žagubica', 'state': 'West Bačka', 'country': 'Serbia', 'postcode': 37586, 'coordinates': {'latitude': '61.6007', 'longitude': '-67.9529'}, 'timezone': {'offset': '+9:30', 'description': 'Adelaide, Darwin'}}, 'email': 'radoje.gojkovic@example.com', 'login': {'uuid': 'a2ee5fe4-88d9-4035-a468-eafc767a140d', 'username': 'greenleopard899', 'password': 'common', 'salt': 'GIYLdmv5', 'md5': 'f0d39df09b161c12eeea39d538d5a0c6', 'sha1': 'fb3e631fd38ce9eb9973b85d46d2dbede118c671', 'sha256': '2c97efbd33500ce4f410298bddfe36be2907f07191106a96246968eba4323875'}, 'dob': {'date': '1982-10-03T09:43:49.243Z', 'age': 41}, 'registered': {'date': '2021-12-12T05:04:06.904Z', 'age': 2}, 'phone': '023-4612-088', 'cell': '063-7765-670', 'id': {'name': 'SID', 'value': '307214290'}, 'picture': {'large': 'https://randomuser.me/api/portraits/men/76.jpg', 'medium': 'https://randomuser.me/api/portraits/med/men/76.jpg', 'thumbnail': 'https://randomuser.me/api/portraits/thumb/men/76.jpg'}, 'nat': 'RS'}], 'info': {'seed': '7d5ae02b6d24b5f5', 'results': 1, 'page': 1, 'version': '1.4'}}</msg>
<arg>${json_data}</arg>
<doc>Logs the given message with the given level.</doc>
<status status="PASS" start="2024-07-03T09:16:32.912048" elapsed="0.000216"/>
</kw>
<kw name="Should Be Equal As Numbers" owner="BuiltIn">
<arg>${json_data['results'][0]['location']['postcode']}</arg>
<arg>${json_data['results'][0]['location']['postcode']}</arg>
<doc>Fails if objects are unequal after converting them to real numbers.</doc>
<status status="PASS" start="2024-07-03T09:16:32.912560" elapsed="0.000627"/>
</kw>
<kw name="Log" owner="BuiltIn">
<msg time="2024-07-03T09:16:32.913883" level="INFO">37586</msg>
<arg>${json_data['results'][0]['location']['postcode']}</arg>
<doc>Logs the given message with the given level.</doc>
<status status="PASS" start="2024-07-03T09:16:32.913377" elapsed="0.000547"/>
</kw>
<status status="PASS" start="2024-07-03T09:16:32.714805" elapsed="0.199424"/>
</kw>
<doc>Testa se os tipos de dados na resposta da API estão corretos.</doc>
<tag>testeTiposDados</tag>
<status status="PASS" start="2024-07-03T09:16:32.630482" elapsed="0.283924"/>
</test>
<test id="s1-s1-t5" name="Validar conteudo" line="35">
<kw name="Teste de Tipos de Conteudo" owner="random-user-service">
<kw name="GET On Session" owner="RequestsLibrary">
<msg time="2024-07-03T09:16:33.163524" level="INFO">GET Request : url=https://randomuser.me/api 
 path_url=/api 
 headers={'User-Agent': 'python-requests/2.32.3', 'Accept-Encoding': 'gzip, deflate', 'Accept': '*/*', 'Connection': 'keep-alive'} 
 body=None 
 </msg>
<msg time="2024-07-03T09:16:33.163638" level="INFO">GET Response : url=https://randomuser.me/api 
 status=200, reason=OK 
 headers={'Date': 'Wed, 03 Jul 2024 09:16:33 GMT', 'Content-Type': 'application/json; charset=utf-8', 'Transfer-Encoding': 'chunked', 'Connection': 'keep-alive', 'X-Powered-By': 'Express', 'Access-Control-Allow-Origin': '*', 'Cache-Control': 'no-cache', 'ETag': 'W/"488-/dp6JOFcaKxiiy3VQeZLen3q0tQ"', 'Vary': 'Accept-Encoding', 'Content-Encoding': 'gzip', 'CF-Cache-Status': 'DYNAMIC', 'Report-To': '{"endpoints":[{"url":"https:\\/\\/a.nel.cloudflare.com\\/report\\/v4?s=5Wpe78TJeR38NJALfCJRAauw7VY24cPnrOVahVHmdBJJ0SvG2xhXZSPrfa2Y7W2yqDS2lB0TuxxUu10rBEHcPVF0sgHI1ZGEPynCXUrIi7bkpmOtQ93T3Hhl1tJqtz6Y"}],"group":"cf-nel","max_age":604800}', 'NEL': '{"success_fraction":0,"report_to":"cf-nel","max_age":604800}', 'Server': 'cloudflare', 'CF-RAY': '89d5c701cd61115d-ORD', 'alt-svc': 'h3=":443"; ma=86400'} 
 body={"results":[{"gender":"male","name":{"title":"Mr","first":"Jacob","last":"Brown"},"location":{"street":{"number":7203,"name":"Arctic Way"},"city":"Glenwood","state":"Nova Scotia","country":"Canada","postcode":"N0X 3T7","coordinates":{"latitude":"-69.9401","longitude":"-60.6602"},"timezone":{"offset":"+2:00","description":"Kaliningrad, South Africa"}},"email":"jacob.brown@example.com","login":{"uuid":"728b2576-44a5-48cf-b201-58f44641d5b6","username":"beautifulbutterfly426","password":"bernard","salt":"qqPuFW77","md5":"cd194d19a94a0654ef11719f637cf8d4","sha1":"cc269730fcc4ab95f8e2fb9983805288fcee51b5","sha256":"05c71b735ee8626c48275419b180b37b6b4eb488c82758f2a028a72426c64e76"},"dob":{"date":"1976-03-19T18:04:50.510Z","age":48},"registered":{"date":"2021-04-02T05:31:11.022Z","age":3},"phone":"H32 C83-7422","cell":"U03 O20-4021","id":{"name":"SIN","value":"084002641"},"picture":{"large":"https://randomuser.me/api/portraits/men/28.jpg","medium":"https://randomuser.me/api/portraits/med/men/28.jpg","thumbnail":"https://randomuser.me/api/portraits/thumb/men/28.jpg"},"nat":"CA"}],"info":{"seed":"ab68d380be804903","results":1,"page":1,"version":"1.4"}} 
 </msg>
<msg time="2024-07-03T09:16:33.163722" level="INFO">/opt/hostedtoolcache/Python/3.12.4/x64/lib/python3.12/site-packages/urllib3/connectionpool.py:1099: InsecureRequestWarning: Unverified HTTPS request is being made to host 'randomuser.me'. Adding certificate verification is strongly advised. See: https://urllib3.readthedocs.io/en/latest/advanced-usage.html#tls-warnings
  warnings.warn(</msg>
<msg time="2024-07-03T09:16:33.163883" level="INFO">${response} = &lt;Response [200]&gt;</msg>
<var>${response}</var>
<arg>consultarAPI</arg>
<arg>/api</arg>
<doc>Sends a GET request on a previously created HTTP Session.</doc>
<status status="PASS" start="2024-07-03T09:16:32.916901" elapsed="0.247026"/>
</kw>
<kw name="Set Variable" owner="BuiltIn">
<msg time="2024-07-03T09:16:33.164946" level="INFO">${json_data} = {'results': [{'gender': 'male', 'name': {'title': 'Mr', 'first': 'Jacob', 'last': 'Brown'}, 'location': {'street': {'number': 7203, 'name': 'Arctic Way'}, 'city': 'Glenwood', 'state': 'Nova Scotia', '...</msg>
<var>${json_data}</var>
<arg>${response.json()}</arg>
<doc>Returns the given values which can then be assigned to a variables.</doc>
<status status="PASS" start="2024-07-03T09:16:33.164445" elapsed="0.000528"/>
</kw>
<kw name="Set Variable" owner="BuiltIn">
<msg time="2024-07-03T09:16:33.165652" level="INFO">${name_title} = Mr</msg>
<var>${name_title}</var>
<arg>${json_data["results"][0]["name"]["title"]}</arg>
<doc>Returns the given values which can then be assigned to a variables.</doc>
<status status="PASS" start="2024-07-03T09:16:33.165272" elapsed="0.000405"/>
</kw>
<kw name="Create List" owner="BuiltIn">
<msg time="2024-07-03T09:16:33.166112" level="INFO">${allowed_titles} = ['Mr', 'Ms', 'Miss', 'Mrs', 'Madame', 'Monsieur']</msg>
<var>${allowed_titles}</var>
<arg>Mr</arg>
<arg>Ms</arg>
<arg>Miss</arg>
<arg>Mrs</arg>
<arg>Madame</arg>
<arg>Monsieur</arg>
<doc>Returns a list containing given items.</doc>
<status status="PASS" start="2024-07-03T09:16:33.165966" elapsed="0.000170"/>
</kw>
<kw name="List Should Contain Value" owner="Collections">
<arg>${allowed_titles}</arg>
<arg>${name_title}</arg>
<doc>Fails if the ``value`` is not found from ``list``.</doc>
<status status="PASS" start="2024-07-03T09:16:33.166471" elapsed="0.000176"/>
</kw>
<kw name="Set Variable" owner="BuiltIn">
<msg time="2024-07-03T09:16:33.167186" level="INFO">${name_country} = CA</msg>
<var>${name_country}</var>
<arg>${json_data["results"][0]["nat"]}</arg>
<doc>Returns the given values which can then be assigned to a variables.</doc>
<status status="PASS" start="2024-07-03T09:16:33.166824" elapsed="0.000386"/>
</kw>
<kw name="Create List" owner="BuiltIn">
<msg time="2024-07-03T09:16:33.168096" level="INFO">${list_country} = ['AD', 'AE', 'AF', 'AG', 'AI', 'AL', 'AM', 'AO', 'AQ', 'AR', 'AS', 'AT', 'AU', 'AW', 'AX', 'AZ', 'BA', 'BB', 'BD', 'BE', 'BF', 'BG', 'BH', 'BI', 'BJ', 'BL', 'BM', 'BN', 'BO', 'BQ', 'BR', 'BS', 'BT', '...</msg>
<var>${list_country}</var>
<arg>AD</arg>
<arg>AE</arg>
<arg>AF</arg>
<arg>AG</arg>
<arg>AI</arg>
<arg>AL</arg>
<arg>AM</arg>
<arg>AO</arg>
<arg>AQ</arg>
<arg>AR</arg>
<arg>AS</arg>
<arg>AT</arg>
<arg>AU</arg>
<arg>AW</arg>
<arg>AX</arg>
<arg>AZ</arg>
<arg>BA</arg>
<arg>BB</arg>
<arg>BD</arg>
<arg>BE</arg>
<arg>BF</arg>
<arg>BG</arg>
<arg>BH</arg>
<arg>BI</arg>
<arg>BJ</arg>
<arg>BL</arg>
<arg>BM</arg>
<arg>BN</arg>
<arg>BO</arg>
<arg>BQ</arg>
<arg>BR</arg>
<arg>BS</arg>
<arg>BT</arg>
<arg>BV</arg>
<arg>BW</arg>
<arg>BY</arg>
<arg>BZ</arg>
<arg>CA</arg>
<arg>CC</arg>
<arg>CD</arg>
<arg>CF</arg>
<arg>CG</arg>
<arg>CH</arg>
<arg>CI</arg>
<arg>CK</arg>
<arg>CL</arg>
<arg>CM</arg>
<arg>CN</arg>
<arg>CO</arg>
<arg>CR</arg>
<arg>CU</arg>
<arg>CV</arg>
<arg>CW</arg>
<arg>CX</arg>
<arg>CY</arg>
<arg>CZ</arg>
<arg>DE</arg>
<arg>DJ</arg>
<arg>DK</arg>
<arg>DM</arg>
<arg>DO</arg>
<arg>DZ</arg>
<arg>EC</arg>
<arg>EE</arg>
<arg>EG</arg>
<arg>EH</arg>
<arg>ER</arg>
<arg>ES</arg>
<arg>ET</arg>
<arg>FI</arg>
<arg>FJ</arg>
<arg>FK</arg>
<arg>FM</arg>
<arg>FO</arg>
<arg>FR</arg>
<arg>GA</arg>
<arg>GB</arg>
<arg>GD</arg>
<arg>GE</arg>
<arg>GF</arg>
<arg>GG</arg>
<arg>GH</arg>
<arg>GI</arg>
<arg>GL</arg>
<arg>GM</arg>
<arg>GN</arg>
<arg>GP</arg>
<arg>GQ</arg>
<arg>GR</arg>
<arg>GS</arg>
<arg>GT</arg>
<arg>GU</arg>
<arg>GW</arg>
<arg>GY</arg>
<arg>HK</arg>
<arg>HM</arg>
<arg>HN</arg>
<arg>HR</arg>
<arg>HT</arg>
<arg>HU</arg>
<arg>ID</arg>
<arg>IE</arg>
<arg>IL</arg>
<arg>IM</arg>
<arg>IN</arg>
<arg>IO</arg>
<arg>IQ</arg>
<arg>IR</arg>
<arg>IS</arg>
<arg>IT</arg>
<arg>JE</arg>
<arg>JM</arg>
<arg>JO</arg>
<arg>JP</arg>
<arg>KE</arg>
<arg>KG</arg>
<arg>KH</arg>
<arg>KI</arg>
<arg>KM</arg>
<arg>KN</arg>
<arg>KP</arg>
<arg>KR</arg>
<arg>KW</arg>
<arg>KY</arg>
<arg>KZ</arg>
<arg>LA</arg>
<arg>LB</arg>
<arg>LC</arg>
<arg>LI</arg>
<arg>LK</arg>
<arg>LR</arg>
<arg>LS</arg>
<arg>LT</arg>
<arg>LU</arg>
<arg>LV</arg>
<arg>LY</arg>
<arg>MA</arg>
<arg>MC</arg>
<arg>MD</arg>
<arg>ME</arg>
<arg>MF</arg>
<arg>MG</arg>
<arg>MH</arg>
<arg>MK</arg>
<arg>ML</arg>
<arg>MM</arg>
<arg>MN</arg>
<arg>MO</arg>
<arg>MP</arg>
<arg>MQ</arg>
<arg>MR</arg>
<arg>MS</arg>
<arg>MT</arg>
<arg>MU</arg>
<arg>MV</arg>
<arg>MW</arg>
<arg>MX</arg>
<arg>MY</arg>
<arg>MZ</arg>
<arg>NA</arg>
<arg>NC</arg>
<arg>NE</arg>
<arg>NF</arg>
<arg>NG</arg>
<arg>NI</arg>
<arg>NL</arg>
<arg>NO</arg>
<arg>NP</arg>
<arg>NR</arg>
<arg>NU</arg>
<arg>NZ</arg>
<arg>OM</arg>
<arg>PA</arg>
<arg>PE</arg>
<arg>PF</arg>
<arg>PG</arg>
<arg>PH</arg>
<arg>PK</arg>
<arg>PL</arg>
<arg>PM</arg>
<arg>PN</arg>
<arg>PR</arg>
<arg>PS</arg>
<arg>PT</arg>
<arg>PW</arg>
<arg>PY</arg>
<arg>QA</arg>
<arg>RE</arg>
<arg>RO</arg>
<arg>RS</arg>
<arg>RU</arg>
<arg>RW</arg>
<arg>SA</arg>
<arg>SB</arg>
<arg>SC</arg>
<arg>SD</arg>
<arg>SE</arg>
<arg>SG</arg>
<arg>SH</arg>
<arg>SI</arg>
<arg>SJ</arg>
<arg>SK</arg>
<arg>SL</arg>
<arg>SM</arg>
<arg>SN</arg>
<arg>SO</arg>
<arg>SR</arg>
<arg>SS</arg>
<arg>ST</arg>
<arg>SV</arg>
<arg>SX</arg>
<arg>SY</arg>
<arg>SZ</arg>
<arg>TC</arg>
<arg>TD</arg>
<arg>TF</arg>
<arg>TG</arg>
<arg>TH</arg>
<arg>TJ</arg>
<arg>TK</arg>
<arg>TL</arg>
<arg>TM</arg>
<arg>TN</arg>
<arg>TO</arg>
<arg>TR</arg>
<arg>TT</arg>
<arg>TV</arg>
<arg>TW</arg>
<arg>TZ</arg>
<arg>UA</arg>
<arg>UG</arg>
<arg>UM</arg>
<arg>US</arg>
<arg>UY</arg>
<arg>UZ</arg>
<arg>VA</arg>
<arg>VC</arg>
<arg>VE</arg>
<arg>VG</arg>
<arg>VI</arg>
<arg>VN</arg>
<arg>VU</arg>
<arg>WF</arg>
<arg>WS</arg>
<arg>XK</arg>
<arg>YE</arg>
<arg>YT</arg>
<arg>ZA</arg>
<arg>ZM</arg>
<arg>ZW</arg>
<doc>Returns a list containing given items.</doc>
<status status="PASS" start="2024-07-03T09:16:33.167499" elapsed="0.000621"/>
</kw>
<kw name="List Should Contain Value" owner="Collections">
<arg>${list_country}</arg>
<arg>${name_country}</arg>
<doc>Fails if the ``value`` is not found from ``list``.</doc>
<status status="PASS" start="2024-07-03T09:16:33.168911" elapsed="0.000197"/>
</kw>
<kw name="Run Keyword If" owner="BuiltIn">
<kw name="Should Be True" owner="BuiltIn">
<arg>${True}</arg>
<doc>Fails if the given condition is not true.</doc>
<status status="PASS" start="2024-07-03T09:16:33.170041" elapsed="0.000141"/>
</kw>
<arg>${json_data["results"][0]["location"]["coordinates"]["latitude"]} &gt;= -90 and ${json_data["results"][0]["location"]["coordinates"]["latitude"]} &lt;= 90</arg>
<arg>Should Be True</arg>
<arg>${True}</arg>
<doc>Runs the given keyword with the given arguments, if ``condition`` is true.</doc>
<status status="PASS" start="2024-07-03T09:16:33.169298" elapsed="0.001034"/>
</kw>
<kw name="Run Keyword If" owner="BuiltIn">
<kw name="Should Be True" owner="BuiltIn">
<arg>${True}</arg>
<doc>Fails if the given condition is not true.</doc>
<status status="PASS" start="2024-07-03T09:16:33.171193" elapsed="0.000238"/>
</kw>
<arg>${json_data["results"][0]["location"]["coordinates"]["longitude"]} &gt;= -180 and ${json_data["results"][0]["location"]["coordinates"]["longitude"]} &lt;= 180</arg>
<arg>Should Be True</arg>
<arg>${True}</arg>
<doc>Runs the given keyword with the given arguments, if ``condition`` is true.</doc>
<status status="PASS" start="2024-07-03T09:16:33.170510" elapsed="0.001048"/>
</kw>
<status status="PASS" start="2024-07-03T09:16:32.916679" elapsed="0.255029"/>
</kw>
<doc>Testa o conteúdo específico dos campos retornados pela API.</doc>
<tag>testeConteudo</tag>
<status status="PASS" start="2024-07-03T09:16:32.916155" elapsed="0.255709"/>
</test>
<status status="PASS" start="2024-07-03T09:16:32.016313" elapsed="1.157525"/>
</suite>
<status status="PASS" start="2024-07-03T09:16:32.002035" elapsed="1.176939"/>
</suite>
<statistics>
<total>
<stat pass="5" fail="0" skip="0">All Tests</stat>
</total>
<tag>
<stat pass="1" fail="0" skip="0">testeConteudo</stat>
<stat pass="1" fail="0" skip="0">testeEstruturaResposta</stat>
<stat pass="1" fail="0" skip="0">testeRequisicaoBasica</stat>
<stat pass="1" fail="0" skip="0">testeTiposDados</stat>
</tag>
<suite>
<stat pass="5" fail="0" skip="0" id="s1" name="Tests">Tests</stat>
<stat pass="5" fail="0" skip="0" id="s1-s1" name="Random-User-Test">Tests.Random-User-Test</stat>
</suite>
</statistics>
<errors>
</errors>
</robot>
