<?xml version="1.0" encoding="UTF-8"?>
<robot generator="Robot 7.0.1 (Python 3.12.4 on linux)" generated="2024-07-12T20:15:54.653379" rpa="false" schemaversion="5">
<suite id="s1" name="Tests" source="/home/runner/work/ApiRandomUser/ApiRandomUser/RamdonUser/tests">
<suite id="s1-s1" name="Random-User-Test" source="/home/runner/work/ApiRandomUser/ApiRandomUser/RamdonUser/tests/random-user-test.robot">
<test id="s1-s1-t1" name="Conectar" line="13">
<kw name="Conectar API" owner="random-user-service">
<kw name="Create Session" owner="RequestsLibrary">
<msg time="2024-07-12T20:15:55.054928" level="INFO">Creating Session using : alias=consultarAPI, url=https://randomuser.me/, headers={},                     cookies={}, auth=None, timeout=None, proxies=None, verify=False,                     debug=0 </msg>
<arg>consultarAPI</arg>
<arg>${URL}</arg>
<doc>Create Session: create a HTTP session to a server</doc>
<status status="PASS" start="2024-07-12T20:15:55.054719" elapsed="0.000395"/>
</kw>
<status status="PASS" start="2024-07-12T20:15:55.053690" elapsed="0.001787"/>
</kw>
<status status="PASS" start="2024-07-12T20:15:55.053118" elapsed="0.002557"/>
</test>
<test id="s1-s1-t2" name="Validar retorno 200 e JSON Válido" line="16">
<kw name="Teste de Requisicao Basica" owner="random-user-service">
<kw name="GET On Session" owner="RequestsLibrary">
<msg time="2024-07-12T20:15:55.305604" level="INFO">GET Request : url=https://randomuser.me/api 
 path_url=/api 
 headers={'User-Agent': 'python-requests/2.32.3', 'Accept-Encoding': 'gzip, deflate', 'Accept': '*/*', 'Connection': 'keep-alive'} 
 body=None 
 </msg>
<msg time="2024-07-12T20:15:55.305772" level="INFO">GET Response : url=https://randomuser.me/api 
 status=200, reason=OK 
 headers={'Date': 'Fri, 12 Jul 2024 20:15:55 GMT', 'Content-Type': 'application/json; charset=utf-8', 'Transfer-Encoding': 'chunked', 'Connection': 'keep-alive', 'X-Powered-By': 'Express', 'Access-Control-Allow-Origin': '*', 'Cache-Control': 'no-cache', 'ETag': 'W/"495-f6e1CZNygSSh6isEA1WkIFkBE20"', 'Vary': 'Accept-Encoding', 'Content-Encoding': 'gzip', 'CF-Cache-Status': 'DYNAMIC', 'Report-To': '{"endpoints":[{"url":"https:\\/\\/a.nel.cloudflare.com\\/report\\/v4?s=OoVrSuob4dXPYJbp2PuSPEf37kvw%2FCUymG3WnPmXl6pSl%2FNJvQUz9Nu67kwTj4gXV211DTsySK3jc%2B62xEV%2F3wOArGJZ0SBszGiTcqDjRFgp3Bp7J93Rl7zFBEmBJ9kY"}],"group":"cf-nel","max_age":604800}', 'NEL': '{"success_fraction":0,"report_to":"cf-nel","max_age":604800}', 'Server': 'cloudflare', 'CF-RAY': '8a23b5425f3d064c-IAD', 'alt-svc': 'h3=":443"; ma=86400'} 
 body={"results":[{"gender":"male","name":{"title":"Mr","first":"Ricardo","last":"Ramos"},"location":{"street":{"number":7061,"name":"Manchester Road"},"city":"Newport","state":"Tayside","country":"United Kingdom","postcode":"QV36 1BX","coordinates":{"latitude":"-9.9130","longitude":"-177.9583"},"timezone":{"offset":"+6:00","description":"Almaty, Dhaka, Colombo"}},"email":"ricardo.ramos@example.com","login":{"uuid":"cbcb69ea-d799-430e-9f93-f94743cb7e3e","username":"organicelephant984","password":"xxxxxx1","salt":"3DJJmd53","md5":"68cf58bb9864606d62862dcefac0fc0f","sha1":"1de0d961cdd74f6418261f18f5b2317b12eb7386","sha256":"e35a8d24466010500b15b2d88d1085a474b13cad8559eb17122fe00460932b0c"},"dob":{"date":"1978-06-12T16:16:53.616Z","age":46},"registered":{"date":"2007-08-02T10:39:48.468Z","age":16},"phone":"016977 13248","cell":"07944 822637","id":{"name":"NINO","value":"BS 98 12 53 N"},"picture":{"large":"https://randomuser.me/api/portraits/men/44.jpg","medium":"https://randomuser.me/api/portraits/med/men/44.jpg","thumbnail":"https://randomuser.me/api/portraits/thumb/men/44.jpg"},"nat":"GB"}],"info":{"seed":"e991de958301177d","results":1,"page":1,"version":"1.4"}} 
 </msg>
<msg time="2024-07-12T20:15:55.305865" level="INFO">/opt/hostedtoolcache/Python/3.12.4/x64/lib/python3.12/site-packages/urllib3/connectionpool.py:1099: InsecureRequestWarning: Unverified HTTPS request is being made to host 'randomuser.me'. Adding certificate verification is strongly advised. See: https://urllib3.readthedocs.io/en/latest/advanced-usage.html#tls-warnings
  warnings.warn(</msg>
<msg time="2024-07-12T20:15:55.306174" level="INFO">${response} = &lt;Response [200]&gt;</msg>
<var>${response}</var>
<arg>consultarAPI</arg>
<arg>/api</arg>
<doc>Sends a GET request on a previously created HTTP Session.</doc>
<status status="PASS" start="2024-07-12T20:15:55.058325" elapsed="0.247905"/>
</kw>
<kw name="Should Be Equal As Numbers" owner="BuiltIn">
<msg time="2024-07-12T20:15:55.307548" level="INFO">Argument types are:
&lt;class 'int'&gt;
&lt;class 'str'&gt;</msg>
<arg>${response.status_code}</arg>
<arg>200</arg>
<doc>Fails if objects are unequal after converting them to real numbers.</doc>
<status status="PASS" start="2024-07-12T20:15:55.306984" elapsed="0.000629"/>
</kw>
<kw name="Log" owner="BuiltIn">
<msg time="2024-07-12T20:15:55.308274" level="INFO">200</msg>
<arg>${response.status_code}</arg>
<doc>Logs the given message with the given level.</doc>
<status status="PASS" start="2024-07-12T20:15:55.307928" elapsed="0.000388"/>
</kw>
<kw name="Set Variable" owner="BuiltIn">
<msg time="2024-07-12T20:15:55.309038" level="INFO">${json_data} = {'results': [{'gender': 'male', 'name': {'title': 'Mr', 'first': 'Ricardo', 'last': 'Ramos'}, 'location': {'street': {'number': 7061, 'name': 'Manchester Road'}, 'city': 'Newport', 'state': 'Tayside',...</msg>
<var>${json_data}</var>
<arg>${response.json()}</arg>
<doc>Returns the given values which can then be assigned to a variables.</doc>
<status status="PASS" start="2024-07-12T20:15:55.308616" elapsed="0.000449"/>
</kw>
<kw name="Dictionary Should Contain Key" owner="Collections">
<arg>${json_data}</arg>
<arg>results</arg>
<doc>Fails if ``key`` is not found from ``dictionary``.</doc>
<status status="PASS" start="2024-07-12T20:15:55.309358" elapsed="0.000168"/>
</kw>
<status status="PASS" start="2024-07-12T20:15:55.058073" elapsed="0.251601"/>
</kw>
<doc>Testa se a API responde corretamente e retorna um objeto JSON válido.</doc>
<tag>testeRequisicaoBasica</tag>
<status status="PASS" start="2024-07-12T20:15:55.057586" elapsed="0.252269"/>
</test>
<test id="s1-s1-t3" name="Validar estrutura de resposta" line="22">
<kw name="Teste de Estrutura de Resposta" owner="random-user-service">
<kw name="GET On Session" owner="RequestsLibrary">
<msg time="2024-07-12T20:15:55.427814" level="INFO">GET Request : url=https://randomuser.me/api 
 path_url=/api 
 headers={'User-Agent': 'python-requests/2.32.3', 'Accept-Encoding': 'gzip, deflate', 'Accept': '*/*', 'Connection': 'keep-alive'} 
 body=None 
 </msg>
<msg time="2024-07-12T20:15:55.427927" level="INFO">GET Response : url=https://randomuser.me/api 
 status=200, reason=OK 
 headers={'Date': 'Fri, 12 Jul 2024 20:15:55 GMT', 'Content-Type': 'application/json; charset=utf-8', 'Transfer-Encoding': 'chunked', 'Connection': 'keep-alive', 'X-Powered-By': 'Express', 'Access-Control-Allow-Origin': '*', 'Cache-Control': 'no-cache', 'ETag': 'W/"4af-RzeQ7ADuJr5jSSD2x9rPHGW1XF8"', 'Vary': 'Accept-Encoding', 'Content-Encoding': 'gzip', 'CF-Cache-Status': 'DYNAMIC', 'Report-To': '{"endpoints":[{"url":"https:\\/\\/a.nel.cloudflare.com\\/report\\/v4?s=gqU1uj130wWz%2FrDOAAZ2qsA6K2wU1eANDvuwSTknRxqJhf83GK7APHvwxXlsiULy1lyXNaxFUeax%2FQBQLCjIoNxzBfiPgoxwk8gwUJ%2BdCo9IkaM7ipU5l9FY3IAUcA%2Bp"}],"group":"cf-nel","max_age":604800}', 'NEL': '{"success_fraction":0,"report_to":"cf-nel","max_age":604800}', 'Server': 'cloudflare', 'CF-RAY': '8a23b542bf9c064c-IAD', 'alt-svc': 'h3=":443"; ma=86400'} 
 body={"results":[{"gender":"female","name":{"title":"Mademoiselle","first":"Noemi","last":"Da Silva"},"location":{"street":{"number":4740,"name":"Rue de Gerland"},"city":"Tramelan","state":"Schaffhausen","country":"Switzerland","postcode":2399,"coordinates":{"latitude":"-59.1213","longitude":"177.1274"},"timezone":{"offset":"+8:00","description":"Beijing, Perth, Singapore, Hong Kong"}},"email":"noemi.dasilva@example.com","login":{"uuid":"c2fd78d9-cfac-40f3-bad3-a249972e5548","username":"brownmouse218","password":"stoney","salt":"0OUb0nBP","md5":"a9ee3680e22d0c77be65360da848f506","sha1":"fe7a3aba5c81aa958b77a1eb604ec9554e97b2e8","sha256":"6dfeaf81016ef1701dff453d96561306d03558a41cd1dd59730ea7ba170abb56"},"dob":{"date":"1961-01-13T22:28:17.368Z","age":63},"registered":{"date":"2014-10-16T11:54:59.691Z","age":9},"phone":"079 332 58 37","cell":"078 537 40 72","id":{"name":"AVS","value":"756.2929.6589.90"},"picture":{"large":"https://randomuser.me/api/portraits/women/57.jpg","medium":"https://randomuser.me/api/portraits/med/women/57.jpg","thumbnail":"https://randomuser.me/api/portraits/thumb/women/57.jpg"},"nat":"CH"}],"info":{"seed":"206d362f8ee038e1","results":1,"page":1,"version":"1.4"}} 
 </msg>
<msg time="2024-07-12T20:15:55.428076" level="INFO">/opt/hostedtoolcache/Python/3.12.4/x64/lib/python3.12/site-packages/urllib3/connectionpool.py:1099: InsecureRequestWarning: Unverified HTTPS request is being made to host 'randomuser.me'. Adding certificate verification is strongly advised. See: https://urllib3.readthedocs.io/en/latest/advanced-usage.html#tls-warnings
  warnings.warn(</msg>
<msg time="2024-07-12T20:15:55.428221" level="INFO">${response} = &lt;Response [200]&gt;</msg>
<var>${response}</var>
<arg>consultarAPI</arg>
<arg>/api</arg>
<doc>Sends a GET request on a previously created HTTP Session.</doc>
<status status="PASS" start="2024-07-12T20:15:55.312508" elapsed="0.115757"/>
</kw>
<kw name="Set Variable" owner="BuiltIn">
<msg time="2024-07-12T20:15:55.429700" level="INFO">${json_data} = {'results': [{'gender': 'female', 'name': {'title': 'Mademoiselle', 'first': 'Noemi', 'last': 'Da Silva'}, 'location': {'street': {'number': 4740, 'name': 'Rue de Gerland'}, 'city': 'Tramelan', 'state...</msg>
<var>${json_data}</var>
<arg>${response.json()}</arg>
<doc>Returns the given values which can then be assigned to a variables.</doc>
<status status="PASS" start="2024-07-12T20:15:55.428981" elapsed="0.000748"/>
</kw>
<kw name="Log" owner="BuiltIn">
<msg time="2024-07-12T20:15:55.430242" level="INFO">{'results': [{'gender': 'female', 'name': {'title': 'Mademoiselle', 'first': 'Noemi', 'last': 'Da Silva'}, 'location': {'street': {'number': 4740, 'name': 'Rue de Gerland'}, 'city': 'Tramelan', 'state': 'Schaffhausen', 'country': 'Switzerland', 'postcode': 2399, 'coordinates': {'latitude': '-59.1213', 'longitude': '177.1274'}, 'timezone': {'offset': '+8:00', 'description': 'Beijing, Perth, Singapore, Hong Kong'}}, 'email': 'noemi.dasilva@example.com', 'login': {'uuid': 'c2fd78d9-cfac-40f3-bad3-a249972e5548', 'username': 'brownmouse218', 'password': 'stoney', 'salt': '0OUb0nBP', 'md5': 'a9ee3680e22d0c77be65360da848f506', 'sha1': 'fe7a3aba5c81aa958b77a1eb604ec9554e97b2e8', 'sha256': '6dfeaf81016ef1701dff453d96561306d03558a41cd1dd59730ea7ba170abb56'}, 'dob': {'date': '1961-01-13T22:28:17.368Z', 'age': 63}, 'registered': {'date': '2014-10-16T11:54:59.691Z', 'age': 9}, 'phone': '079 332 58 37', 'cell': '078 537 40 72', 'id': {'name': 'AVS', 'value': '756.2929.6589.90'}, 'picture': {'large': 'https://randomuser.me/api/portraits/women/57.jpg', 'medium': 'https://randomuser.me/api/portraits/med/women/57.jpg', 'thumbnail': 'https://randomuser.me/api/portraits/thumb/women/57.jpg'}, 'nat': 'CH'}], 'info': {'seed': '206d362f8ee038e1', 'results': 1, 'page': 1, 'version': '1.4'}}</msg>
<arg>${json_data}</arg>
<doc>Logs the given message with the given level.</doc>
<status status="PASS" start="2024-07-12T20:15:55.430080" elapsed="0.000211"/>
</kw>
<kw name="Dictionary Should Contain Key" owner="Collections">
<arg>${json_data}</arg>
<arg>results</arg>
<doc>Fails if ``key`` is not found from ``dictionary``.</doc>
<status status="PASS" start="2024-07-12T20:15:55.430580" elapsed="0.000163"/>
</kw>
<kw name="Should Not Be Empty" owner="BuiltIn">
<msg time="2024-07-12T20:15:55.431057" level="INFO">Length is 2.</msg>
<arg>${json_data}</arg>
<doc>Verifies that the given item is not empty.</doc>
<status status="PASS" start="2024-07-12T20:15:55.430928" elapsed="0.000166"/>
</kw>
<kw name="Create List" owner="BuiltIn">
<msg time="2024-07-12T20:15:55.431525" level="INFO">${expected_keys} = ['gender', 'name', 'location', 'email', 'login']</msg>
<var>${expected_keys}</var>
<arg>gender</arg>
<arg>name</arg>
<arg>location</arg>
<arg>email</arg>
<arg>login</arg>
<doc>Returns a list containing given items.</doc>
<status status="PASS" start="2024-07-12T20:15:55.431380" elapsed="0.000169"/>
</kw>
<for flavor="IN">
<iter>
<kw name="Dictionary Should Contain Key" owner="Collections">
<arg>${json_data['results'][0]}</arg>
<arg>${key}</arg>
<doc>Fails if ``key`` is not found from ``dictionary``.</doc>
<status status="PASS" start="2024-07-12T20:15:55.432296" elapsed="0.000404"/>
</kw>
<kw name="Log" owner="BuiltIn">
<msg time="2024-07-12T20:15:55.433245" level="INFO">{'gender': 'female', 'name': {'title': 'Mademoiselle', 'first': 'Noemi', 'last': 'Da Silva'}, 'location': {'street': {'number': 4740, 'name': 'Rue de Gerland'}, 'city': 'Tramelan', 'state': 'Schaffhausen', 'country': 'Switzerland', 'postcode': 2399, 'coordinates': {'latitude': '-59.1213', 'longitude': '177.1274'}, 'timezone': {'offset': '+8:00', 'description': 'Beijing, Perth, Singapore, Hong Kong'}}, 'email': 'noemi.dasilva@example.com', 'login': {'uuid': 'c2fd78d9-cfac-40f3-bad3-a249972e5548', 'username': 'brownmouse218', 'password': 'stoney', 'salt': '0OUb0nBP', 'md5': 'a9ee3680e22d0c77be65360da848f506', 'sha1': 'fe7a3aba5c81aa958b77a1eb604ec9554e97b2e8', 'sha256': '6dfeaf81016ef1701dff453d96561306d03558a41cd1dd59730ea7ba170abb56'}, 'dob': {'date': '1961-01-13T22:28:17.368Z', 'age': 63}, 'registered': {'date': '2014-10-16T11:54:59.691Z', 'age': 9}, 'phone': '079 332 58 37', 'cell': '078 537 40 72', 'id': {'name': 'AVS', 'value': '756.2929.6589.90'}, 'picture': {'large': 'https://randomuser.me/api/portraits/women/57.jpg', 'medium': 'https://randomuser.me/api/portraits/med/women/57.jpg', 'thumbnail': 'https://randomuser.me/api/portraits/thumb/women/57.jpg'}, 'nat': 'CH'}</msg>
<arg>${json_data['results'][0]}</arg>
<doc>Logs the given message with the given level.</doc>
<status status="PASS" start="2024-07-12T20:15:55.432889" elapsed="0.000407"/>
</kw>
<kw name="Log" owner="BuiltIn">
<msg time="2024-07-12T20:15:55.433718" level="INFO">gender</msg>
<arg>${key}</arg>
<doc>Logs the given message with the given level.</doc>
<status status="PASS" start="2024-07-12T20:15:55.433591" elapsed="0.000163"/>
</kw>
<var name="${key}">gender</var>
<status status="PASS" start="2024-07-12T20:15:55.432172" elapsed="0.001822"/>
</iter>
<iter>
<kw name="Dictionary Should Contain Key" owner="Collections">
<arg>${json_data['results'][0]}</arg>
<arg>${key}</arg>
<doc>Fails if ``key`` is not found from ``dictionary``.</doc>
<status status="PASS" start="2024-07-12T20:15:55.434289" elapsed="0.000383"/>
</kw>
<kw name="Log" owner="BuiltIn">
<msg time="2024-07-12T20:15:55.435239" level="INFO">{'gender': 'female', 'name': {'title': 'Mademoiselle', 'first': 'Noemi', 'last': 'Da Silva'}, 'location': {'street': {'number': 4740, 'name': 'Rue de Gerland'}, 'city': 'Tramelan', 'state': 'Schaffhausen', 'country': 'Switzerland', 'postcode': 2399, 'coordinates': {'latitude': '-59.1213', 'longitude': '177.1274'}, 'timezone': {'offset': '+8:00', 'description': 'Beijing, Perth, Singapore, Hong Kong'}}, 'email': 'noemi.dasilva@example.com', 'login': {'uuid': 'c2fd78d9-cfac-40f3-bad3-a249972e5548', 'username': 'brownmouse218', 'password': 'stoney', 'salt': '0OUb0nBP', 'md5': 'a9ee3680e22d0c77be65360da848f506', 'sha1': 'fe7a3aba5c81aa958b77a1eb604ec9554e97b2e8', 'sha256': '6dfeaf81016ef1701dff453d96561306d03558a41cd1dd59730ea7ba170abb56'}, 'dob': {'date': '1961-01-13T22:28:17.368Z', 'age': 63}, 'registered': {'date': '2014-10-16T11:54:59.691Z', 'age': 9}, 'phone': '079 332 58 37', 'cell': '078 537 40 72', 'id': {'name': 'AVS', 'value': '756.2929.6589.90'}, 'picture': {'large': 'https://randomuser.me/api/portraits/women/57.jpg', 'medium': 'https://randomuser.me/api/portraits/med/women/57.jpg', 'thumbnail': 'https://randomuser.me/api/portraits/thumb/women/57.jpg'}, 'nat': 'CH'}</msg>
<arg>${json_data['results'][0]}</arg>
<doc>Logs the given message with the given level.</doc>
<status status="PASS" start="2024-07-12T20:15:55.434885" elapsed="0.000404"/>
</kw>
<kw name="Log" owner="BuiltIn">
<msg time="2024-07-12T20:15:55.435710" level="INFO">name</msg>
<arg>${key}</arg>
<doc>Logs the given message with the given level.</doc>
<status status="PASS" start="2024-07-12T20:15:55.435584" elapsed="0.000163"/>
</kw>
<var name="${key}">name</var>
<status status="PASS" start="2024-07-12T20:15:55.434178" elapsed="0.001781"/>
</iter>
<iter>
<kw name="Dictionary Should Contain Key" owner="Collections">
<arg>${json_data['results'][0]}</arg>
<arg>${key}</arg>
<doc>Fails if ``key`` is not found from ``dictionary``.</doc>
<status status="PASS" start="2024-07-12T20:15:55.436242" elapsed="0.000373"/>
</kw>
<kw name="Log" owner="BuiltIn">
<msg time="2024-07-12T20:15:55.437145" level="INFO">{'gender': 'female', 'name': {'title': 'Mademoiselle', 'first': 'Noemi', 'last': 'Da Silva'}, 'location': {'street': {'number': 4740, 'name': 'Rue de Gerland'}, 'city': 'Tramelan', 'state': 'Schaffhausen', 'country': 'Switzerland', 'postcode': 2399, 'coordinates': {'latitude': '-59.1213', 'longitude': '177.1274'}, 'timezone': {'offset': '+8:00', 'description': 'Beijing, Perth, Singapore, Hong Kong'}}, 'email': 'noemi.dasilva@example.com', 'login': {'uuid': 'c2fd78d9-cfac-40f3-bad3-a249972e5548', 'username': 'brownmouse218', 'password': 'stoney', 'salt': '0OUb0nBP', 'md5': 'a9ee3680e22d0c77be65360da848f506', 'sha1': 'fe7a3aba5c81aa958b77a1eb604ec9554e97b2e8', 'sha256': '6dfeaf81016ef1701dff453d96561306d03558a41cd1dd59730ea7ba170abb56'}, 'dob': {'date': '1961-01-13T22:28:17.368Z', 'age': 63}, 'registered': {'date': '2014-10-16T11:54:59.691Z', 'age': 9}, 'phone': '079 332 58 37', 'cell': '078 537 40 72', 'id': {'name': 'AVS', 'value': '756.2929.6589.90'}, 'picture': {'large': 'https://randomuser.me/api/portraits/women/57.jpg', 'medium': 'https://randomuser.me/api/portraits/med/women/57.jpg', 'thumbnail': 'https://randomuser.me/api/portraits/thumb/women/57.jpg'}, 'nat': 'CH'}</msg>
<arg>${json_data['results'][0]}</arg>
<doc>Logs the given message with the given level.</doc>
<status status="PASS" start="2024-07-12T20:15:55.436801" elapsed="0.000391"/>
</kw>
<kw name="Log" owner="BuiltIn">
<msg time="2024-07-12T20:15:55.437606" level="INFO">location</msg>
<arg>${key}</arg>
<doc>Logs the given message with the given level.</doc>
<status status="PASS" start="2024-07-12T20:15:55.437481" elapsed="0.000161"/>
</kw>
<var name="${key}">location</var>
<status status="PASS" start="2024-07-12T20:15:55.436136" elapsed="0.001721"/>
</iter>
<iter>
<kw name="Dictionary Should Contain Key" owner="Collections">
<arg>${json_data['results'][0]}</arg>
<arg>${key}</arg>
<doc>Fails if ``key`` is not found from ``dictionary``.</doc>
<status status="PASS" start="2024-07-12T20:15:55.438169" elapsed="0.000385"/>
</kw>
<kw name="Log" owner="BuiltIn">
<msg time="2024-07-12T20:15:55.439088" level="INFO">{'gender': 'female', 'name': {'title': 'Mademoiselle', 'first': 'Noemi', 'last': 'Da Silva'}, 'location': {'street': {'number': 4740, 'name': 'Rue de Gerland'}, 'city': 'Tramelan', 'state': 'Schaffhausen', 'country': 'Switzerland', 'postcode': 2399, 'coordinates': {'latitude': '-59.1213', 'longitude': '177.1274'}, 'timezone': {'offset': '+8:00', 'description': 'Beijing, Perth, Singapore, Hong Kong'}}, 'email': 'noemi.dasilva@example.com', 'login': {'uuid': 'c2fd78d9-cfac-40f3-bad3-a249972e5548', 'username': 'brownmouse218', 'password': 'stoney', 'salt': '0OUb0nBP', 'md5': 'a9ee3680e22d0c77be65360da848f506', 'sha1': 'fe7a3aba5c81aa958b77a1eb604ec9554e97b2e8', 'sha256': '6dfeaf81016ef1701dff453d96561306d03558a41cd1dd59730ea7ba170abb56'}, 'dob': {'date': '1961-01-13T22:28:17.368Z', 'age': 63}, 'registered': {'date': '2014-10-16T11:54:59.691Z', 'age': 9}, 'phone': '079 332 58 37', 'cell': '078 537 40 72', 'id': {'name': 'AVS', 'value': '756.2929.6589.90'}, 'picture': {'large': 'https://randomuser.me/api/portraits/women/57.jpg', 'medium': 'https://randomuser.me/api/portraits/med/women/57.jpg', 'thumbnail': 'https://randomuser.me/api/portraits/thumb/women/57.jpg'}, 'nat': 'CH'}</msg>
<arg>${json_data['results'][0]}</arg>
<doc>Logs the given message with the given level.</doc>
<status status="PASS" start="2024-07-12T20:15:55.438739" elapsed="0.000398"/>
</kw>
<kw name="Log" owner="BuiltIn">
<msg time="2024-07-12T20:15:55.439558" level="INFO">email</msg>
<arg>${key}</arg>
<doc>Logs the given message with the given level.</doc>
<status status="PASS" start="2024-07-12T20:15:55.439432" elapsed="0.000163"/>
</kw>
<var name="${key}">email</var>
<status status="PASS" start="2024-07-12T20:15:55.438060" elapsed="0.001749"/>
</iter>
<iter>
<kw name="Dictionary Should Contain Key" owner="Collections">
<arg>${json_data['results'][0]}</arg>
<arg>${key}</arg>
<doc>Fails if ``key`` is not found from ``dictionary``.</doc>
<status status="PASS" start="2024-07-12T20:15:55.440098" elapsed="0.000389"/>
</kw>
<kw name="Log" owner="BuiltIn">
<msg time="2024-07-12T20:15:55.441016" level="INFO">{'gender': 'female', 'name': {'title': 'Mademoiselle', 'first': 'Noemi', 'last': 'Da Silva'}, 'location': {'street': {'number': 4740, 'name': 'Rue de Gerland'}, 'city': 'Tramelan', 'state': 'Schaffhausen', 'country': 'Switzerland', 'postcode': 2399, 'coordinates': {'latitude': '-59.1213', 'longitude': '177.1274'}, 'timezone': {'offset': '+8:00', 'description': 'Beijing, Perth, Singapore, Hong Kong'}}, 'email': 'noemi.dasilva@example.com', 'login': {'uuid': 'c2fd78d9-cfac-40f3-bad3-a249972e5548', 'username': 'brownmouse218', 'password': 'stoney', 'salt': '0OUb0nBP', 'md5': 'a9ee3680e22d0c77be65360da848f506', 'sha1': 'fe7a3aba5c81aa958b77a1eb604ec9554e97b2e8', 'sha256': '6dfeaf81016ef1701dff453d96561306d03558a41cd1dd59730ea7ba170abb56'}, 'dob': {'date': '1961-01-13T22:28:17.368Z', 'age': 63}, 'registered': {'date': '2014-10-16T11:54:59.691Z', 'age': 9}, 'phone': '079 332 58 37', 'cell': '078 537 40 72', 'id': {'name': 'AVS', 'value': '756.2929.6589.90'}, 'picture': {'large': 'https://randomuser.me/api/portraits/women/57.jpg', 'medium': 'https://randomuser.me/api/portraits/med/women/57.jpg', 'thumbnail': 'https://randomuser.me/api/portraits/thumb/women/57.jpg'}, 'nat': 'CH'}</msg>
<arg>${json_data['results'][0]}</arg>
<doc>Logs the given message with the given level.</doc>
<status status="PASS" start="2024-07-12T20:15:55.440670" elapsed="0.000397"/>
</kw>
<kw name="Log" owner="BuiltIn">
<msg time="2024-07-12T20:15:55.441482" level="INFO">login</msg>
<arg>${key}</arg>
<doc>Logs the given message with the given level.</doc>
<status status="PASS" start="2024-07-12T20:15:55.441356" elapsed="0.000164"/>
</kw>
<var name="${key}">login</var>
<status status="PASS" start="2024-07-12T20:15:55.439987" elapsed="0.001754"/>
</iter>
<var>${key}</var>
<value>@{expected_keys}</value>
<status status="PASS" start="2024-07-12T20:15:55.431977" elapsed="0.009912"/>
</for>
<kw name="Create List" owner="BuiltIn">
<msg time="2024-07-12T20:15:55.442263" level="INFO">${expected_keysTwo} = ['username', 'password']</msg>
<var>${expected_keysTwo}</var>
<arg>username</arg>
<arg>password</arg>
<doc>Returns a list containing given items.</doc>
<status status="PASS" start="2024-07-12T20:15:55.442126" elapsed="0.000161"/>
</kw>
<for flavor="IN">
<iter>
<kw name="Dictionary Should Contain Key" owner="Collections">
<arg>${json_data['results'][0]['login']}</arg>
<arg>${keyTwo}</arg>
<doc>Fails if ``key`` is not found from ``dictionary``.</doc>
<status status="PASS" start="2024-07-12T20:15:55.442784" elapsed="0.000385"/>
</kw>
<kw name="Dictionary Should Contain Key" owner="Collections">
<arg>${json_data['results'][0]['login']}</arg>
<arg>${keyTwo}</arg>
<doc>Fails if ``key`` is not found from ``dictionary``.</doc>
<status status="PASS" start="2024-07-12T20:15:55.443348" elapsed="0.000369"/>
</kw>
<kw name="Log" owner="BuiltIn">
<msg time="2024-07-12T20:15:55.444020" level="INFO">username</msg>
<arg>${keyTwo}</arg>
<doc>Logs the given message with the given level.</doc>
<status status="PASS" start="2024-07-12T20:15:55.443900" elapsed="0.000157"/>
</kw>
<var name="${keyTwo}">username</var>
<status status="PASS" start="2024-07-12T20:15:55.442679" elapsed="0.001599"/>
</iter>
<iter>
<kw name="Dictionary Should Contain Key" owner="Collections">
<arg>${json_data['results'][0]['login']}</arg>
<arg>${keyTwo}</arg>
<doc>Fails if ``key`` is not found from ``dictionary``.</doc>
<status status="PASS" start="2024-07-12T20:15:55.444555" elapsed="0.000383"/>
</kw>
<kw name="Dictionary Should Contain Key" owner="Collections">
<arg>${json_data['results'][0]['login']}</arg>
<arg>${keyTwo}</arg>
<doc>Fails if ``key`` is not found from ``dictionary``.</doc>
<status status="PASS" start="2024-07-12T20:15:55.445116" elapsed="0.000379"/>
</kw>
<kw name="Log" owner="BuiltIn">
<msg time="2024-07-12T20:15:55.445789" level="INFO">password</msg>
<arg>${keyTwo}</arg>
<doc>Logs the given message with the given level.</doc>
<status status="PASS" start="2024-07-12T20:15:55.445672" elapsed="0.000158"/>
</kw>
<var name="${keyTwo}">password</var>
<status status="PASS" start="2024-07-12T20:15:55.444450" elapsed="0.001630"/>
</iter>
<var>${keyTwo}</var>
<value>@{expected_keysTwo}</value>
<status status="PASS" start="2024-07-12T20:15:55.442526" elapsed="0.003677"/>
</for>
<status status="PASS" start="2024-07-12T20:15:55.312271" elapsed="0.134075"/>
</kw>
<doc>Testa a estrutura da resposta da API.</doc>
<tag>testeEstruturaResposta</tag>
<status status="PASS" start="2024-07-12T20:15:55.311742" elapsed="0.134764"/>
</test>
<test id="s1-s1-t4" name="Validar tipos de dados" line="28">
<kw name="Teste de Tipos de Dados" owner="random-user-service">
<kw name="GET On Session" owner="RequestsLibrary">
<msg time="2024-07-12T20:15:55.535319" level="INFO">GET Request : url=https://randomuser.me/api 
 path_url=/api 
 headers={'User-Agent': 'python-requests/2.32.3', 'Accept-Encoding': 'gzip, deflate', 'Accept': '*/*', 'Connection': 'keep-alive'} 
 body=None 
 </msg>
<msg time="2024-07-12T20:15:55.535443" level="INFO">GET Response : url=https://randomuser.me/api 
 status=200, reason=OK 
 headers={'Date': 'Fri, 12 Jul 2024 20:15:55 GMT', 'Content-Type': 'application/json; charset=utf-8', 'Transfer-Encoding': 'chunked', 'Connection': 'keep-alive', 'X-Powered-By': 'Express', 'Access-Control-Allow-Origin': '*', 'Cache-Control': 'no-cache', 'ETag': 'W/"49a-g4NreAYScqX4C3hNGi3cOXRkjQQ"', 'Vary': 'Accept-Encoding', 'Content-Encoding': 'gzip', 'CF-Cache-Status': 'DYNAMIC', 'Report-To': '{"endpoints":[{"url":"https:\\/\\/a.nel.cloudflare.com\\/report\\/v4?s=wsxlTdXnjlnVA6pYcTB6l0iienQ9zPOXU8ZB3twT3mHwMzgUFzDstr7CyyJkasOnoVwMBM5aaudNp4AEY9EVjQ1nqrxH1IhwyCDllMbEdVLBTgPcwuKcAm7DHH9uUtsJ"}],"group":"cf-nel","max_age":604800}', 'NEL': '{"success_fraction":0,"report_to":"cf-nel","max_age":604800}', 'Server': 'cloudflare', 'CF-RAY': '8a23b543988f064c-IAD', 'alt-svc': 'h3=":443"; ma=86400'} 
 body={"results":[{"gender":"female","name":{"title":"Mrs","first":"Rosa","last":"Christiansen"},"location":{"street":{"number":2158,"name":"Højbjergvej"},"city":"Kvistgaard","state":"Syddanmark","country":"Denmark","postcode":67113,"coordinates":{"latitude":"-43.5761","longitude":"86.9760"},"timezone":{"offset":"+3:00","description":"Baghdad, Riyadh, Moscow, St. Petersburg"}},"email":"rosa.christiansen@example.com","login":{"uuid":"c2a8356e-a984-4974-ad75-6cd5095f60b3","username":"goldengoose820","password":"honda1","salt":"KIqIEpj2","md5":"ca7e6a28a2130363e766fc4e42e05d60","sha1":"e7b2ae1efcf092063b193eb4a4038c6995ef3672","sha256":"81feae27699ff01a84e54fe39610928ad38e651d260188fd9bdc7f2258b68211"},"dob":{"date":"1992-11-21T03:07:37.811Z","age":31},"registered":{"date":"2009-05-12T09:04:58.007Z","age":15},"phone":"53940725","cell":"14022820","id":{"name":"CPR","value":"201192-3953"},"picture":{"large":"https://randomuser.me/api/portraits/women/3.jpg","medium":"https://randomuser.me/api/portraits/med/women/3.jpg","thumbnail":"https://randomuser.me/api/portraits/thumb/women/3.jpg"},"nat":"DK"}],"info":{"seed":"f8b2891da0726fd1","results":1,"page":1,"version":"1.4"}} 
 </msg>
<msg time="2024-07-12T20:15:55.535545" level="INFO">/opt/hostedtoolcache/Python/3.12.4/x64/lib/python3.12/site-packages/urllib3/connectionpool.py:1099: InsecureRequestWarning: Unverified HTTPS request is being made to host 'randomuser.me'. Adding certificate verification is strongly advised. See: https://urllib3.readthedocs.io/en/latest/advanced-usage.html#tls-warnings
  warnings.warn(</msg>
<msg time="2024-07-12T20:15:55.535694" level="INFO">${response} = &lt;Response [200]&gt;</msg>
<var>${response}</var>
<arg>consultarAPI</arg>
<arg>/api</arg>
<doc>Sends a GET request on a previously created HTTP Session.</doc>
<status status="PASS" start="2024-07-12T20:15:55.449094" elapsed="0.086642"/>
</kw>
<kw name="Set Variable" owner="BuiltIn">
<msg time="2024-07-12T20:15:55.536942" level="INFO">${json_data} = {'results': [{'gender': 'female', 'name': {'title': 'Mrs', 'first': 'Rosa', 'last': 'Christiansen'}, 'location': {'street': {'number': 2158, 'name': 'Højbjergvej'}, 'city': 'Kvistgaard', 'state': 'Syd...</msg>
<var>${json_data}</var>
<arg>${response.json()}</arg>
<doc>Returns the given values which can then be assigned to a variables.</doc>
<status status="PASS" start="2024-07-12T20:15:55.536337" elapsed="0.000635"/>
</kw>
<kw name="Log" owner="BuiltIn">
<msg time="2024-07-12T20:15:55.537461" level="INFO">{'results': [{'gender': 'female', 'name': {'title': 'Mrs', 'first': 'Rosa', 'last': 'Christiansen'}, 'location': {'street': {'number': 2158, 'name': 'Højbjergvej'}, 'city': 'Kvistgaard', 'state': 'Syddanmark', 'country': 'Denmark', 'postcode': 67113, 'coordinates': {'latitude': '-43.5761', 'longitude': '86.9760'}, 'timezone': {'offset': '+3:00', 'description': 'Baghdad, Riyadh, Moscow, St. Petersburg'}}, 'email': 'rosa.christiansen@example.com', 'login': {'uuid': 'c2a8356e-a984-4974-ad75-6cd5095f60b3', 'username': 'goldengoose820', 'password': 'honda1', 'salt': 'KIqIEpj2', 'md5': 'ca7e6a28a2130363e766fc4e42e05d60', 'sha1': 'e7b2ae1efcf092063b193eb4a4038c6995ef3672', 'sha256': '81feae27699ff01a84e54fe39610928ad38e651d260188fd9bdc7f2258b68211'}, 'dob': {'date': '1992-11-21T03:07:37.811Z', 'age': 31}, 'registered': {'date': '2009-05-12T09:04:58.007Z', 'age': 15}, 'phone': '53940725', 'cell': '14022820', 'id': {'name': 'CPR', 'value': '201192-3953'}, 'picture': {'large': 'https://randomuser.me/api/portraits/women/3.jpg', 'medium': 'https://randomuser.me/api/portraits/med/women/3.jpg', 'thumbnail': 'https://randomuser.me/api/portraits/thumb/women/3.jpg'}, 'nat': 'DK'}], 'info': {'seed': 'f8b2891da0726fd1', 'results': 1, 'page': 1, 'version': '1.4'}}</msg>
<arg>${json_data}</arg>
<doc>Logs the given message with the given level.</doc>
<status status="PASS" start="2024-07-12T20:15:55.537296" elapsed="0.000221"/>
</kw>
<kw name="Should Be String" owner="String">
<arg>${json_data['results'][0]['gender']}</arg>
<doc>Fails if the given ``item`` is not a string.</doc>
<status status="PASS" start="2024-07-12T20:15:55.537811" elapsed="0.000462"/>
</kw>
<kw name="Should Match Regexp" owner="BuiltIn">
<arg>${json_data['results'][0]['email']}</arg>
<arg>^[a-zA-Z0-9._%+-]+@[a-zA-Z0-9.-]+\.[a-zA-Z]{2,}$</arg>
<doc>Fails if ``string`` does not match ``pattern`` as a regular expression.</doc>
<status status="PASS" start="2024-07-12T20:15:55.538467" elapsed="0.000523"/>
</kw>
<kw name="Should Match Regexp" owner="BuiltIn">
<arg>${json_data['results'][0]['dob']['date']}</arg>
<arg>\\d{4}-\\d{2}-\\d{2}T\\d{2}:\\d{2}:\\d{2}\\.\\d{3}Z</arg>
<doc>Fails if ``string`` does not match ``pattern`` as a regular expression.</doc>
<status status="PASS" start="2024-07-12T20:15:55.539184" elapsed="0.000488"/>
</kw>
<kw name="Should Match Regexp" owner="BuiltIn">
<arg>${json_data['results'][0]['registered']['date']}</arg>
<arg>\\d{4}-\\d{2}-\\d{2}T\\d{2}:\\d{2}:\\d{2}\\.\\d{3}Z</arg>
<doc>Fails if ``string`` does not match ``pattern`` as a regular expression.</doc>
<status status="PASS" start="2024-07-12T20:15:55.539861" elapsed="0.000371"/>
</kw>
<kw name="Should Match Regexp" owner="BuiltIn">
<arg>${json_data['results'][0]['picture']['large']}</arg>
<arg>^https?://.*\.(?:png|jpe?g|gif|bmp)$</arg>
<doc>Fails if ``string`` does not match ``pattern`` as a regular expression.</doc>
<status status="PASS" start="2024-07-12T20:15:55.540415" elapsed="0.000485"/>
</kw>
<kw name="Should Match Regexp" owner="BuiltIn">
<arg>${json_data['results'][0]['picture']['medium']}</arg>
<arg>^https?://.*\.(?:png|jpe?g|gif|bmp)$</arg>
<doc>Fails if ``string`` does not match ``pattern`` as a regular expression.</doc>
<status status="PASS" start="2024-07-12T20:15:55.541089" elapsed="0.000354"/>
</kw>
<kw name="Should Match Regexp" owner="BuiltIn">
<arg>${json_data['results'][0]['picture']['thumbnail']}</arg>
<arg>^https?://.*\.(?:png|jpe?g|gif|bmp)$</arg>
<doc>Fails if ``string`` does not match ``pattern`` as a regular expression.</doc>
<status status="PASS" start="2024-07-12T20:15:55.541627" elapsed="0.000394"/>
</kw>
<kw name="Log" owner="BuiltIn">
<msg time="2024-07-12T20:15:55.542551" level="INFO">{'large': 'https://randomuser.me/api/portraits/women/3.jpg', 'medium': 'https://randomuser.me/api/portraits/med/women/3.jpg', 'thumbnail': 'https://randomuser.me/api/portraits/thumb/women/3.jpg'}</msg>
<arg>${json_data['results'][0]['picture']}</arg>
<doc>Logs the given message with the given level.</doc>
<status status="PASS" start="2024-07-12T20:15:55.542220" elapsed="0.000375"/>
</kw>
<status status="PASS" start="2024-07-12T20:15:55.448867" elapsed="0.094059"/>
</kw>
<kw name="Teste de Tipos de Dados - Postcode" owner="random-user-service">
<kw name="GET On Session" owner="RequestsLibrary">
<msg time="2024-07-12T20:15:55.608543" level="INFO">GET Request : url=https://randomuser.me/api 
 path_url=/api 
 headers={'User-Agent': 'python-requests/2.32.3', 'Accept-Encoding': 'gzip, deflate', 'Accept': '*/*', 'Connection': 'keep-alive'} 
 body=None 
 </msg>
<msg time="2024-07-12T20:15:55.608654" level="INFO">GET Response : url=https://randomuser.me/api 
 status=200, reason=OK 
 headers={'Date': 'Fri, 12 Jul 2024 20:15:55 GMT', 'Content-Type': 'application/json; charset=utf-8', 'Transfer-Encoding': 'chunked', 'Connection': 'keep-alive', 'X-Powered-By': 'Express', 'Access-Control-Allow-Origin': '*', 'Cache-Control': 'no-cache', 'ETag': 'W/"485-40rTnAavMtsjaqY8jkNmBgSJxZg"', 'Vary': 'Accept-Encoding', 'Content-Encoding': 'gzip', 'CF-Cache-Status': 'DYNAMIC', 'Report-To': '{"endpoints":[{"url":"https:\\/\\/a.nel.cloudflare.com\\/report\\/v4?s=4Xj2MtSNENh4nOiBAiPmD%2FtK0j5lWOxucnWxNi2GOWF79lmDQrJkn6dC%2B4QDOu%2FZayd5TqZ7sE6NXhLx%2FLn7wPQgDDVRxFCuaNhrpyQBOxLTs9btAQmcxxm112Dsnqbl"}],"group":"cf-nel","max_age":604800}', 'NEL': '{"success_fraction":0,"report_to":"cf-nel","max_age":604800}', 'Server': 'cloudflare', 'CF-RAY': '8a23b544294a064c-IAD', 'alt-svc': 'h3=":443"; ma=86400'} 
 body={"results":[{"gender":"male","name":{"title":"Mr","first":"Akash","last":"Mathew"},"location":{"street":{"number":7675,"name":"Vellala St"},"city":"Tumkur","state":"Andaman and Nicobar Islands","country":"India","postcode":96442,"coordinates":{"latitude":"10.5731","longitude":"-129.4126"},"timezone":{"offset":"-12:00","description":"Eniwetok, Kwajalein"}},"email":"akash.mathew@example.com","login":{"uuid":"180cff0f-df0b-4c80-885f-43359fe1157f","username":"greenwolf356","password":"killa","salt":"19bSVFbH","md5":"b947a20d91225527fa06a55dabb21522","sha1":"44b45340c8107317ff5545b731c367ce2d27ddc3","sha256":"0e70b22db82380a214b29c5c2143c55a696c17d0718025b7da5ad0b33f9616d5"},"dob":{"date":"1956-03-30T05:25:06.483Z","age":68},"registered":{"date":"2007-01-15T06:55:12.982Z","age":17},"phone":"8991134989","cell":"7137747031","id":{"name":"UIDAI","value":"756037296997"},"picture":{"large":"https://randomuser.me/api/portraits/men/32.jpg","medium":"https://randomuser.me/api/portraits/med/men/32.jpg","thumbnail":"https://randomuser.me/api/portraits/thumb/men/32.jpg"},"nat":"IN"}],"info":{"seed":"78d0a2b0216d460a","results":1,"page":1,"version":"1.4"}} 
 </msg>
<msg time="2024-07-12T20:15:55.608735" level="INFO">/opt/hostedtoolcache/Python/3.12.4/x64/lib/python3.12/site-packages/urllib3/connectionpool.py:1099: InsecureRequestWarning: Unverified HTTPS request is being made to host 'randomuser.me'. Adding certificate verification is strongly advised. See: https://urllib3.readthedocs.io/en/latest/advanced-usage.html#tls-warnings
  warnings.warn(</msg>
<msg time="2024-07-12T20:15:55.608885" level="INFO">${response} = &lt;Response [200]&gt;</msg>
<var>${response}</var>
<arg>consultarAPI</arg>
<arg>/api</arg>
<doc>Sends a GET request on a previously created HTTP Session.</doc>
<status status="PASS" start="2024-07-12T20:15:55.543387" elapsed="0.065554"/>
</kw>
<kw name="Set Variable" owner="BuiltIn">
<msg time="2024-07-12T20:15:55.610247" level="INFO">${json_data} = {'results': [{'gender': 'male', 'name': {'title': 'Mr', 'first': 'Akash', 'last': 'Mathew'}, 'location': {'street': {'number': 7675, 'name': 'Vellala St'}, 'city': 'Tumkur', 'state': 'Andaman and Nico...</msg>
<var>${json_data}</var>
<arg>${response.json()}</arg>
<doc>Returns the given values which can then be assigned to a variables.</doc>
<status status="PASS" start="2024-07-12T20:15:55.609557" elapsed="0.000719"/>
</kw>
<kw name="Log" owner="BuiltIn">
<msg time="2024-07-12T20:15:55.610751" level="INFO">{'results': [{'gender': 'male', 'name': {'title': 'Mr', 'first': 'Akash', 'last': 'Mathew'}, 'location': {'street': {'number': 7675, 'name': 'Vellala St'}, 'city': 'Tumkur', 'state': 'Andaman and Nicobar Islands', 'country': 'India', 'postcode': 96442, 'coordinates': {'latitude': '10.5731', 'longitude': '-129.4126'}, 'timezone': {'offset': '-12:00', 'description': 'Eniwetok, Kwajalein'}}, 'email': 'akash.mathew@example.com', 'login': {'uuid': '180cff0f-df0b-4c80-885f-43359fe1157f', 'username': 'greenwolf356', 'password': 'killa', 'salt': '19bSVFbH', 'md5': 'b947a20d91225527fa06a55dabb21522', 'sha1': '44b45340c8107317ff5545b731c367ce2d27ddc3', 'sha256': '0e70b22db82380a214b29c5c2143c55a696c17d0718025b7da5ad0b33f9616d5'}, 'dob': {'date': '1956-03-30T05:25:06.483Z', 'age': 68}, 'registered': {'date': '2007-01-15T06:55:12.982Z', 'age': 17}, 'phone': '8991134989', 'cell': '7137747031', 'id': {'name': 'UIDAI', 'value': '756037296997'}, 'picture': {'large': 'https://randomuser.me/api/portraits/men/32.jpg', 'medium': 'https://randomuser.me/api/portraits/med/men/32.jpg', 'thumbnail': 'https://randomuser.me/api/portraits/thumb/men/32.jpg'}, 'nat': 'IN'}], 'info': {'seed': '78d0a2b0216d460a', 'results': 1, 'page': 1, 'version': '1.4'}}</msg>
<arg>${json_data}</arg>
<doc>Logs the given message with the given level.</doc>
<status status="PASS" start="2024-07-12T20:15:55.610593" elapsed="0.000207"/>
</kw>
<kw name="Should Be Equal As Numbers" owner="BuiltIn">
<arg>${json_data['results'][0]['location']['postcode']}</arg>
<arg>${json_data['results'][0]['location']['postcode']}</arg>
<doc>Fails if objects are unequal after converting them to real numbers.</doc>
<status status="PASS" start="2024-07-12T20:15:55.611093" elapsed="0.000622"/>
</kw>
<kw name="Log" owner="BuiltIn">
<msg time="2024-07-12T20:15:55.612285" level="INFO">96442</msg>
<arg>${json_data['results'][0]['location']['postcode']}</arg>
<doc>Logs the given message with the given level.</doc>
<status status="PASS" start="2024-07-12T20:15:55.611945" elapsed="0.000382"/>
</kw>
<status status="PASS" start="2024-07-12T20:15:55.543158" elapsed="0.069426"/>
</kw>
<doc>Testa se os tipos de dados na resposta da API estão corretos.</doc>
<tag>testeTiposDados</tag>
<status status="PASS" start="2024-07-12T20:15:55.448315" elapsed="0.164444"/>
</test>
<test id="s1-s1-t5" name="Validar conteudo" line="35">
<kw name="Teste de Tipos de Conteudo" owner="random-user-service">
<kw name="GET On Session" owner="RequestsLibrary">
<msg time="2024-07-12T20:15:55.707446" level="INFO">GET Request : url=https://randomuser.me/api 
 path_url=/api 
 headers={'User-Agent': 'python-requests/2.32.3', 'Accept-Encoding': 'gzip, deflate', 'Accept': '*/*', 'Connection': 'keep-alive'} 
 body=None 
 </msg>
<msg time="2024-07-12T20:15:55.707547" level="INFO">GET Response : url=https://randomuser.me/api 
 status=200, reason=OK 
 headers={'Date': 'Fri, 12 Jul 2024 20:15:55 GMT', 'Content-Type': 'application/json; charset=utf-8', 'Transfer-Encoding': 'chunked', 'Connection': 'keep-alive', 'X-Powered-By': 'Express', 'Access-Control-Allow-Origin': '*', 'Cache-Control': 'no-cache', 'ETag': 'W/"499-BcLs5r4Npi/Fm+c5yVP+SaRh5fM"', 'Vary': 'Accept-Encoding', 'Content-Encoding': 'gzip', 'CF-Cache-Status': 'DYNAMIC', 'Report-To': '{"endpoints":[{"url":"https:\\/\\/a.nel.cloudflare.com\\/report\\/v4?s=RUPsL5Dzm%2FM4jTZSCXJV4InO%2BiOdcn1b1e64YiDKQTR51fWRehRLM%2FVmRfnfmj9ETFYCCP815mYhry1g5TjE6X0MZgrHc6SqlMMwDwGkgutc5MJSCItQtZnTkb6D8WlA"}],"group":"cf-nel","max_age":604800}', 'NEL': '{"success_fraction":0,"report_to":"cf-nel","max_age":604800}', 'Server': 'cloudflare', 'CF-RAY': '8a23b54499ef064c-IAD', 'alt-svc': 'h3=":443"; ma=86400'} 
 body={"results":[{"gender":"female","name":{"title":"Ms","first":"Malou","last":"Poulsen"},"location":{"street":{"number":1861,"name":"Tove Ditlevsens Vej"},"city":"Hirtsals","state":"Nordjylland","country":"Denmark","postcode":57560,"coordinates":{"latitude":"-42.6127","longitude":"106.6020"},"timezone":{"offset":"+10:00","description":"Eastern Australia, Guam, Vladivostok"}},"email":"malou.poulsen@example.com","login":{"uuid":"9cdf2e48-890c-44f7-ac30-08ab12f7eef2","username":"beautifulbear594","password":"claymore","salt":"LbVs0E3W","md5":"8e84b6344d585bbb4e5caebc8ca78a6b","sha1":"7a1854e91ba4995a5b55441604f0d9a769da74f8","sha256":"39f76b56112d8a36b6a7783d2c2c2114fff8e32bf54660579941f06be55b6906"},"dob":{"date":"1981-07-09T16:07:15.582Z","age":43},"registered":{"date":"2017-02-05T07:59:44.562Z","age":7},"phone":"19499910","cell":"57805352","id":{"name":"CPR","value":"090781-1102"},"picture":{"large":"https://randomuser.me/api/portraits/women/9.jpg","medium":"https://randomuser.me/api/portraits/med/women/9.jpg","thumbnail":"https://randomuser.me/api/portraits/thumb/women/9.jpg"},"nat":"DK"}],"info":{"seed":"117acd394528dfc2","results":1,"page":1,"version":"1.4"}} 
 </msg>
<msg time="2024-07-12T20:15:55.707641" level="INFO">/opt/hostedtoolcache/Python/3.12.4/x64/lib/python3.12/site-packages/urllib3/connectionpool.py:1099: InsecureRequestWarning: Unverified HTTPS request is being made to host 'randomuser.me'. Adding certificate verification is strongly advised. See: https://urllib3.readthedocs.io/en/latest/advanced-usage.html#tls-warnings
  warnings.warn(</msg>
<msg time="2024-07-12T20:15:55.707767" level="INFO">${response} = &lt;Response [200]&gt;</msg>
<var>${response}</var>
<arg>consultarAPI</arg>
<arg>/api</arg>
<doc>Sends a GET request on a previously created HTTP Session.</doc>
<status status="PASS" start="2024-07-12T20:15:55.615444" elapsed="0.092350"/>
</kw>
<kw name="Set Variable" owner="BuiltIn">
<msg time="2024-07-12T20:15:55.708878" level="INFO">${json_data} = {'results': [{'gender': 'female', 'name': {'title': 'Ms', 'first': 'Malou', 'last': 'Poulsen'}, 'location': {'street': {'number': 1861, 'name': 'Tove Ditlevsens Vej'}, 'city': 'Hirtsals', 'state': 'No...</msg>
<var>${json_data}</var>
<arg>${response.json()}</arg>
<doc>Returns the given values which can then be assigned to a variables.</doc>
<status status="PASS" start="2024-07-12T20:15:55.708356" elapsed="0.000551"/>
</kw>
<kw name="Set Variable" owner="BuiltIn">
<msg time="2024-07-12T20:15:55.709586" level="INFO">${name_title} = Ms</msg>
<var>${name_title}</var>
<arg>${json_data["results"][0]["name"]["title"]}</arg>
<doc>Returns the given values which can then be assigned to a variables.</doc>
<status status="PASS" start="2024-07-12T20:15:55.709211" elapsed="0.000400"/>
</kw>
<kw name="Create List" owner="BuiltIn">
<msg time="2024-07-12T20:15:55.710111" level="INFO">${allowed_titles} = ['Mr', 'Ms', 'Miss', 'Mrs', 'Madame', 'Monsieur']</msg>
<var>${allowed_titles}</var>
<arg>Mr</arg>
<arg>Ms</arg>
<arg>Miss</arg>
<arg>Mrs</arg>
<arg>Madame</arg>
<arg>Monsieur</arg>
<doc>Returns a list containing given items.</doc>
<status status="PASS" start="2024-07-12T20:15:55.709907" elapsed="0.000230"/>
</kw>
<kw name="List Should Contain Value" owner="Collections">
<arg>${allowed_titles}</arg>
<arg>${name_title}</arg>
<doc>Fails if the ``value`` is not found from ``list``.</doc>
<status status="PASS" start="2024-07-12T20:15:55.710438" elapsed="0.000179"/>
</kw>
<kw name="Set Variable" owner="BuiltIn">
<msg time="2024-07-12T20:15:55.711215" level="INFO">${name_country} = DK</msg>
<var>${name_country}</var>
<arg>${json_data["results"][0]["nat"]}</arg>
<doc>Returns the given values which can then be assigned to a variables.</doc>
<status status="PASS" start="2024-07-12T20:15:55.710794" elapsed="0.000447"/>
</kw>
<kw name="Create List" owner="BuiltIn">
<msg time="2024-07-12T20:15:55.712135" level="INFO">${list_country} = ['AD', 'AE', 'AF', 'AG', 'AI', 'AL', 'AM', 'AO', 'AQ', 'AR', 'AS', 'AT', 'AU', 'AW', 'AX', 'AZ', 'BA', 'BB', 'BD', 'BE', 'BF', 'BG', 'BH', 'BI', 'BJ', 'BL', 'BM', 'BN', 'BO', 'BQ', 'BR', 'BS', 'BT', '...</msg>
<var>${list_country}</var>
<arg>AD</arg>
<arg>AE</arg>
<arg>AF</arg>
<arg>AG</arg>
<arg>AI</arg>
<arg>AL</arg>
<arg>AM</arg>
<arg>AO</arg>
<arg>AQ</arg>
<arg>AR</arg>
<arg>AS</arg>
<arg>AT</arg>
<arg>AU</arg>
<arg>AW</arg>
<arg>AX</arg>
<arg>AZ</arg>
<arg>BA</arg>
<arg>BB</arg>
<arg>BD</arg>
<arg>BE</arg>
<arg>BF</arg>
<arg>BG</arg>
<arg>BH</arg>
<arg>BI</arg>
<arg>BJ</arg>
<arg>BL</arg>
<arg>BM</arg>
<arg>BN</arg>
<arg>BO</arg>
<arg>BQ</arg>
<arg>BR</arg>
<arg>BS</arg>
<arg>BT</arg>
<arg>BV</arg>
<arg>BW</arg>
<arg>BY</arg>
<arg>BZ</arg>
<arg>CA</arg>
<arg>CC</arg>
<arg>CD</arg>
<arg>CF</arg>
<arg>CG</arg>
<arg>CH</arg>
<arg>CI</arg>
<arg>CK</arg>
<arg>CL</arg>
<arg>CM</arg>
<arg>CN</arg>
<arg>CO</arg>
<arg>CR</arg>
<arg>CU</arg>
<arg>CV</arg>
<arg>CW</arg>
<arg>CX</arg>
<arg>CY</arg>
<arg>CZ</arg>
<arg>DE</arg>
<arg>DJ</arg>
<arg>DK</arg>
<arg>DM</arg>
<arg>DO</arg>
<arg>DZ</arg>
<arg>EC</arg>
<arg>EE</arg>
<arg>EG</arg>
<arg>EH</arg>
<arg>ER</arg>
<arg>ES</arg>
<arg>ET</arg>
<arg>FI</arg>
<arg>FJ</arg>
<arg>FK</arg>
<arg>FM</arg>
<arg>FO</arg>
<arg>FR</arg>
<arg>GA</arg>
<arg>GB</arg>
<arg>GD</arg>
<arg>GE</arg>
<arg>GF</arg>
<arg>GG</arg>
<arg>GH</arg>
<arg>GI</arg>
<arg>GL</arg>
<arg>GM</arg>
<arg>GN</arg>
<arg>GP</arg>
<arg>GQ</arg>
<arg>GR</arg>
<arg>GS</arg>
<arg>GT</arg>
<arg>GU</arg>
<arg>GW</arg>
<arg>GY</arg>
<arg>HK</arg>
<arg>HM</arg>
<arg>HN</arg>
<arg>HR</arg>
<arg>HT</arg>
<arg>HU</arg>
<arg>ID</arg>
<arg>IE</arg>
<arg>IL</arg>
<arg>IM</arg>
<arg>IN</arg>
<arg>IO</arg>
<arg>IQ</arg>
<arg>IR</arg>
<arg>IS</arg>
<arg>IT</arg>
<arg>JE</arg>
<arg>JM</arg>
<arg>JO</arg>
<arg>JP</arg>
<arg>KE</arg>
<arg>KG</arg>
<arg>KH</arg>
<arg>KI</arg>
<arg>KM</arg>
<arg>KN</arg>
<arg>KP</arg>
<arg>KR</arg>
<arg>KW</arg>
<arg>KY</arg>
<arg>KZ</arg>
<arg>LA</arg>
<arg>LB</arg>
<arg>LC</arg>
<arg>LI</arg>
<arg>LK</arg>
<arg>LR</arg>
<arg>LS</arg>
<arg>LT</arg>
<arg>LU</arg>
<arg>LV</arg>
<arg>LY</arg>
<arg>MA</arg>
<arg>MC</arg>
<arg>MD</arg>
<arg>ME</arg>
<arg>MF</arg>
<arg>MG</arg>
<arg>MH</arg>
<arg>MK</arg>
<arg>ML</arg>
<arg>MM</arg>
<arg>MN</arg>
<arg>MO</arg>
<arg>MP</arg>
<arg>MQ</arg>
<arg>MR</arg>
<arg>MS</arg>
<arg>MT</arg>
<arg>MU</arg>
<arg>MV</arg>
<arg>MW</arg>
<arg>MX</arg>
<arg>MY</arg>
<arg>MZ</arg>
<arg>NA</arg>
<arg>NC</arg>
<arg>NE</arg>
<arg>NF</arg>
<arg>NG</arg>
<arg>NI</arg>
<arg>NL</arg>
<arg>NO</arg>
<arg>NP</arg>
<arg>NR</arg>
<arg>NU</arg>
<arg>NZ</arg>
<arg>OM</arg>
<arg>PA</arg>
<arg>PE</arg>
<arg>PF</arg>
<arg>PG</arg>
<arg>PH</arg>
<arg>PK</arg>
<arg>PL</arg>
<arg>PM</arg>
<arg>PN</arg>
<arg>PR</arg>
<arg>PS</arg>
<arg>PT</arg>
<arg>PW</arg>
<arg>PY</arg>
<arg>QA</arg>
<arg>RE</arg>
<arg>RO</arg>
<arg>RS</arg>
<arg>RU</arg>
<arg>RW</arg>
<arg>SA</arg>
<arg>SB</arg>
<arg>SC</arg>
<arg>SD</arg>
<arg>SE</arg>
<arg>SG</arg>
<arg>SH</arg>
<arg>SI</arg>
<arg>SJ</arg>
<arg>SK</arg>
<arg>SL</arg>
<arg>SM</arg>
<arg>SN</arg>
<arg>SO</arg>
<arg>SR</arg>
<arg>SS</arg>
<arg>ST</arg>
<arg>SV</arg>
<arg>SX</arg>
<arg>SY</arg>
<arg>SZ</arg>
<arg>TC</arg>
<arg>TD</arg>
<arg>TF</arg>
<arg>TG</arg>
<arg>TH</arg>
<arg>TJ</arg>
<arg>TK</arg>
<arg>TL</arg>
<arg>TM</arg>
<arg>TN</arg>
<arg>TO</arg>
<arg>TR</arg>
<arg>TT</arg>
<arg>TV</arg>
<arg>TW</arg>
<arg>TZ</arg>
<arg>UA</arg>
<arg>UG</arg>
<arg>UM</arg>
<arg>US</arg>
<arg>UY</arg>
<arg>UZ</arg>
<arg>VA</arg>
<arg>VC</arg>
<arg>VE</arg>
<arg>VG</arg>
<arg>VI</arg>
<arg>VN</arg>
<arg>VU</arg>
<arg>WF</arg>
<arg>WS</arg>
<arg>XK</arg>
<arg>YE</arg>
<arg>YT</arg>
<arg>ZA</arg>
<arg>ZM</arg>
<arg>ZW</arg>
<doc>Returns a list containing given items.</doc>
<status status="PASS" start="2024-07-12T20:15:55.711548" elapsed="0.000614"/>
</kw>
<kw name="List Should Contain Value" owner="Collections">
<arg>${list_country}</arg>
<arg>${name_country}</arg>
<doc>Fails if the ``value`` is not found from ``list``.</doc>
<status status="PASS" start="2024-07-12T20:15:55.712952" elapsed="0.000203"/>
</kw>
<kw name="Run Keyword If" owner="BuiltIn">
<kw name="Should Be True" owner="BuiltIn">
<arg>${True}</arg>
<doc>Fails if the given condition is not true.</doc>
<status status="PASS" start="2024-07-12T20:15:55.714123" elapsed="0.000143"/>
</kw>
<arg>${json_data["results"][0]["location"]["coordinates"]["latitude"]} &gt;= -90 and ${json_data["results"][0]["location"]["coordinates"]["latitude"]} &lt;= 90</arg>
<arg>Should Be True</arg>
<arg>${True}</arg>
<doc>Runs the given keyword with the given arguments, if ``condition`` is true.</doc>
<status status="PASS" start="2024-07-12T20:15:55.713352" elapsed="0.001039"/>
</kw>
<kw name="Run Keyword If" owner="BuiltIn">
<kw name="Should Be True" owner="BuiltIn">
<arg>${True}</arg>
<doc>Fails if the given condition is not true.</doc>
<status status="PASS" start="2024-07-12T20:15:55.715251" elapsed="0.000135"/>
</kw>
<arg>${json_data["results"][0]["location"]["coordinates"]["longitude"]} &gt;= -180 and ${json_data["results"][0]["location"]["coordinates"]["longitude"]} &lt;= 180</arg>
<arg>Should Be True</arg>
<arg>${True}</arg>
<doc>Runs the given keyword with the given arguments, if ``condition`` is true.</doc>
<status status="PASS" start="2024-07-12T20:15:55.714569" elapsed="0.000969"/>
</kw>
<status status="PASS" start="2024-07-12T20:15:55.615048" elapsed="0.100632"/>
</kw>
<doc>Testa o conteúdo específico dos campos retornados pela API.</doc>
<tag>testeConteudo</tag>
<status status="PASS" start="2024-07-12T20:15:55.614598" elapsed="0.101242"/>
</test>
<status status="PASS" start="2024-07-12T20:15:54.713832" elapsed="1.004033"/>
</suite>
<status status="PASS" start="2024-07-12T20:15:54.699138" elapsed="1.023959"/>
</suite>
<statistics>
<total>
<stat pass="5" fail="0" skip="0">All Tests</stat>
</total>
<tag>
<stat pass="1" fail="0" skip="0">testeConteudo</stat>
<stat pass="1" fail="0" skip="0">testeEstruturaResposta</stat>
<stat pass="1" fail="0" skip="0">testeRequisicaoBasica</stat>
<stat pass="1" fail="0" skip="0">testeTiposDados</stat>
</tag>
<suite>
<stat pass="5" fail="0" skip="0" id="s1" name="Tests">Tests</stat>
<stat pass="5" fail="0" skip="0" id="s1-s1" name="Random-User-Test">Tests.Random-User-Test</stat>
</suite>
</statistics>
<errors>
</errors>
</robot>
