<?xml version="1.0" encoding="UTF-8"?>
<robot generator="Robot 7.0 (Python 3.12.2 on linux)" generated="2024-04-06T06:16:52.751063" rpa="false" schemaversion="5">
<suite id="s1" name="Tests" source="/home/runner/work/DesafioQAItauRogerioJordao/DesafioQAItauRogerioJordao/RamdonUser/tests">
<suite id="s1-s1" name="Random-User-Test" source="/home/runner/work/DesafioQAItauRogerioJordao/DesafioQAItauRogerioJordao/RamdonUser/tests/random-user-test.robot">
<test id="s1-s1-t1" name="Conectar" line="13">
<kw name="Conectar API" owner="random-user-service">
<kw name="Create Session" owner="RequestsLibrary">
<msg time="2024-04-06T06:16:53.131159" level="INFO">Creating Session using : alias=consultarAPI, url=https://randomuser.me/, headers={},                     cookies={}, auth=None, timeout=None, proxies=None, verify=False,                     debug=0 </msg>
<arg>consultarAPI</arg>
<arg>${URL}</arg>
<doc>Create Session: create a HTTP session to a server</doc>
<status status="PASS" start="2024-04-06T06:16:53.130956" elapsed="0.000394"/>
</kw>
<status status="PASS" start="2024-04-06T06:16:53.129865" elapsed="0.001851"/>
</kw>
<status status="PASS" start="2024-04-06T06:16:53.129293" elapsed="0.002627"/>
</test>
<test id="s1-s1-t2" name="Validar retorno 200 e JSON Válido" line="16">
<kw name="Teste de Requisicao Basica" owner="random-user-service">
<kw name="GET On Session" owner="RequestsLibrary">
<msg time="2024-04-06T06:16:53.292704" level="INFO">GET Request : url=https://randomuser.me/api 
 path_url=/api 
 headers={'User-Agent': 'python-requests/2.31.0', 'Accept-Encoding': 'gzip, deflate', 'Accept': '*/*', 'Connection': 'keep-alive'} 
 body=None 
 </msg>
<msg time="2024-04-06T06:16:53.292885" level="INFO">GET Response : url=https://randomuser.me/api 
 status=200, reason=OK 
 headers={'Date': 'Sat, 06 Apr 2024 06:16:53 GMT', 'Content-Type': 'application/json; charset=utf-8', 'Transfer-Encoding': 'chunked', 'Connection': 'keep-alive', 'X-Powered-By': 'Express', 'Access-Control-Allow-Origin': '*', 'Cache-Control': 'no-cache', 'ETag': 'W/"480-kA6I40pvDyGcMDgnemXpyTLNH2o"', 'Vary': 'Accept-Encoding', 'Content-Encoding': 'gzip', 'CF-Cache-Status': 'DYNAMIC', 'Report-To': '{"endpoints":[{"url":"https:\\/\\/a.nel.cloudflare.com\\/report\\/v4?s=2LfVXAwADdzvixzk49Bl1LoCZFYC4dTgyr16vF89h3wKOxw6C7z%2Fujvs2JzhdtyDknXi0yYtHB36n7DaoZIO5MsjNdyoJlopdXDSV4LC34CDrKSHW4UkuGfsmCfqWPil"}],"group":"cf-nel","max_age":604800}', 'NEL': '{"success_fraction":0,"report_to":"cf-nel","max_age":604800}', 'Server': 'cloudflare', 'CF-RAY': '86ffa6d46e0e69bb-LAX', 'alt-svc': 'h3=":443"; ma=86400'} 
 body={"results":[{"gender":"male","name":{"title":"Mr","first":"Rick","last":"Price"},"location":{"street":{"number":113,"name":"The Grove"},"city":"Limerick","state":"Waterford","country":"Ireland","postcode":49974,"coordinates":{"latitude":"-3.7370","longitude":"-145.9669"},"timezone":{"offset":"+1:00","description":"Brussels, Copenhagen, Madrid, Paris"}},"email":"rick.price@example.com","login":{"uuid":"cb70e8e7-60a2-48f8-9a5e-a3ef9898266c","username":"goldentiger681","password":"paloma","salt":"xcNiF8HI","md5":"7f50d5477769820c25056e6aad8a7979","sha1":"4204cf8d53e43eb2b542b2a1f472e940c1536918","sha256":"eec0ab1c85bf4f62b243cf32d34a2d2ea95c598dd0905145acc0a7a87197277f"},"dob":{"date":"1958-07-28T20:21:12.740Z","age":65},"registered":{"date":"2020-12-28T16:54:22.827Z","age":3},"phone":"051-555-1347","cell":"081-635-0533","id":{"name":"PPS","value":"3221028T"},"picture":{"large":"https://randomuser.me/api/portraits/men/97.jpg","medium":"https://randomuser.me/api/portraits/med/men/97.jpg","thumbnail":"https://randomuser.me/api/portraits/thumb/men/97.jpg"},"nat":"IE"}],"info":{"seed":"cf909a1a5599c086","results":1,"page":1,"version":"1.4"}} 
 </msg>
<msg time="2024-04-06T06:16:53.292999" level="INFO">/opt/hostedtoolcache/Python/3.12.2/x64/lib/python3.12/site-packages/urllib3/connectionpool.py:1103: InsecureRequestWarning: Unverified HTTPS request is being made to host 'randomuser.me'. Adding certificate verification is strongly advised. See: https://urllib3.readthedocs.io/en/latest/advanced-usage.html#tls-warnings
  warnings.warn(</msg>
<msg time="2024-04-06T06:16:53.293155" level="INFO">${response} = &lt;Response [200]&gt;</msg>
<var>${response}</var>
<arg>consultarAPI</arg>
<arg>/api</arg>
<doc>Sends a GET request on a previously created HTTP Session.</doc>
<status status="PASS" start="2024-04-06T06:16:53.134604" elapsed="0.158593"/>
</kw>
<kw name="Should Be Equal As Numbers" owner="BuiltIn">
<msg time="2024-04-06T06:16:53.294384" level="INFO">Argument types are:
&lt;class 'int'&gt;
&lt;class 'str'&gt;</msg>
<arg>${response.status_code}</arg>
<arg>200</arg>
<doc>Fails if objects are unequal after converting them to real numbers.</doc>
<status status="PASS" start="2024-04-06T06:16:53.293872" elapsed="0.000582"/>
</kw>
<kw name="Log" owner="BuiltIn">
<msg time="2024-04-06T06:16:53.295141" level="INFO">200</msg>
<arg>${response.status_code}</arg>
<doc>Logs the given message with the given level.</doc>
<status status="PASS" start="2024-04-06T06:16:53.294784" elapsed="0.000400"/>
</kw>
<kw name="Set Variable" owner="BuiltIn">
<msg time="2024-04-06T06:16:53.295961" level="INFO">${json_data} = {'results': [{'gender': 'male', 'name': {'title': 'Mr', 'first': 'Rick', 'last': 'Price'}, 'location': {'street': {'number': 113, 'name': 'The Grove'}, 'city': 'Limerick', 'state': 'Waterford', 'count...</msg>
<var>${json_data}</var>
<arg>${response.json()}</arg>
<doc>Returns the given values which can then be assigned to a variables.</doc>
<status status="PASS" start="2024-04-06T06:16:53.295521" elapsed="0.000467"/>
</kw>
<kw name="Dictionary Should Contain Key" owner="Collections">
<msg time="2024-04-06T06:16:53.296459" level="INFO">False</msg>
<arg>${json_data}</arg>
<arg>results</arg>
<doc>Fails if ``key`` is not found from ``dictionary``.</doc>
<status status="PASS" start="2024-04-06T06:16:53.296293" elapsed="0.000206"/>
</kw>
<status status="PASS" start="2024-04-06T06:16:53.134332" elapsed="0.162441"/>
</kw>
<doc>Testa se a API responde corretamente e retorna um objeto JSON válido.</doc>
<tag>testeRequisicaoBasica</tag>
<status status="PASS" start="2024-04-06T06:16:53.133797" elapsed="0.163168"/>
</test>
<test id="s1-s1-t3" name="Validar estrutura de resposta" line="22">
<kw name="Teste de Estrutura de Resposta" owner="random-user-service">
<kw name="GET On Session" owner="RequestsLibrary">
<msg time="2024-04-06T06:16:53.398614" level="INFO">GET Request : url=https://randomuser.me/api 
 path_url=/api 
 headers={'User-Agent': 'python-requests/2.31.0', 'Accept-Encoding': 'gzip, deflate', 'Accept': '*/*', 'Connection': 'keep-alive'} 
 body=None 
 </msg>
<msg time="2024-04-06T06:16:53.398703" level="INFO">GET Response : url=https://randomuser.me/api 
 status=200, reason=OK 
 headers={'Date': 'Sat, 06 Apr 2024 06:16:53 GMT', 'Content-Type': 'application/json; charset=utf-8', 'Transfer-Encoding': 'chunked', 'Connection': 'keep-alive', 'X-Powered-By': 'Express', 'Access-Control-Allow-Origin': '*', 'Cache-Control': 'no-cache', 'ETag': 'W/"47f-C3nK7FQ/f7xdOCTqrrnNgvwu26Y"', 'Vary': 'Accept-Encoding', 'Content-Encoding': 'gzip', 'CF-Cache-Status': 'DYNAMIC', 'Report-To': '{"endpoints":[{"url":"https:\\/\\/a.nel.cloudflare.com\\/report\\/v4?s=lJU116GSXcAEeXlTS%2Fj8zJ5z%2FqNLul8PtPP5Z2M9AzNsf9pMERVz2T0Zq43ckv%2F6pbTeRjZJL1Z%2BUMFf0A7mxxbocT9ZaBN7l0dQFyXtw6PolJsYaj%2BS9BZReDdArTG7"}],"group":"cf-nel","max_age":604800}', 'NEL': '{"success_fraction":0,"report_to":"cf-nel","max_age":604800}', 'Server': 'cloudflare', 'CF-RAY': '86ffa6d52edc69bb-LAX', 'alt-svc': 'h3=":443"; ma=86400'} 
 body={"results":[{"gender":"male","name":{"title":"Mr","first":"Diego","last":"Crespo"},"location":{"street":{"number":2090,"name":"Calle Nebrija"},"city":"Orihuela","state":"Asturias","country":"Spain","postcode":23687,"coordinates":{"latitude":"-32.6069","longitude":"-36.9300"},"timezone":{"offset":"+2:00","description":"Kaliningrad, South Africa"}},"email":"diego.crespo@example.com","login":{"uuid":"4283e912-4ebf-4e05-896b-3dc8b8d8e357","username":"happypeacock320","password":"megadeth","salt":"q6R84buW","md5":"1fb69449b9380d39a2c2d19f802be1d8","sha1":"9a4278f34e5223dd9ae898fb2331f87b96fb1422","sha256":"0dd52d55777e378585a03a9d9b6b3aff736b099525b2cdf4e3a088ffd707c955"},"dob":{"date":"1991-06-02T05:29:59.153Z","age":32},"registered":{"date":"2017-06-17T15:28:46.673Z","age":6},"phone":"975-859-234","cell":"694-745-224","id":{"name":"DNI","value":"04761203-I"},"picture":{"large":"https://randomuser.me/api/portraits/men/52.jpg","medium":"https://randomuser.me/api/portraits/med/men/52.jpg","thumbnail":"https://randomuser.me/api/portraits/thumb/men/52.jpg"},"nat":"ES"}],"info":{"seed":"69eceae2c52d3639","results":1,"page":1,"version":"1.4"}} 
 </msg>
<msg time="2024-04-06T06:16:53.398843" level="INFO">/opt/hostedtoolcache/Python/3.12.2/x64/lib/python3.12/site-packages/urllib3/connectionpool.py:1103: InsecureRequestWarning: Unverified HTTPS request is being made to host 'randomuser.me'. Adding certificate verification is strongly advised. See: https://urllib3.readthedocs.io/en/latest/advanced-usage.html#tls-warnings
  warnings.warn(</msg>
<msg time="2024-04-06T06:16:53.398973" level="INFO">${response} = &lt;Response [200]&gt;</msg>
<var>${response}</var>
<arg>consultarAPI</arg>
<arg>/api</arg>
<doc>Sends a GET request on a previously created HTTP Session.</doc>
<status status="PASS" start="2024-04-06T06:16:53.299893" elapsed="0.099136"/>
</kw>
<kw name="Set Variable" owner="BuiltIn">
<msg time="2024-04-06T06:16:53.400076" level="INFO">${json_data} = {'results': [{'gender': 'male', 'name': {'title': 'Mr', 'first': 'Diego', 'last': 'Crespo'}, 'location': {'street': {'number': 2090, 'name': 'Calle Nebrija'}, 'city': 'Orihuela', 'state': 'Asturias', ...</msg>
<var>${json_data}</var>
<arg>${response.json()}</arg>
<doc>Returns the given values which can then be assigned to a variables.</doc>
<status status="PASS" start="2024-04-06T06:16:53.399518" elapsed="0.000587"/>
</kw>
<kw name="Log" owner="BuiltIn">
<msg time="2024-04-06T06:16:53.400576" level="INFO">{'results': [{'gender': 'male', 'name': {'title': 'Mr', 'first': 'Diego', 'last': 'Crespo'}, 'location': {'street': {'number': 2090, 'name': 'Calle Nebrija'}, 'city': 'Orihuela', 'state': 'Asturias', 'country': 'Spain', 'postcode': 23687, 'coordinates': {'latitude': '-32.6069', 'longitude': '-36.9300'}, 'timezone': {'offset': '+2:00', 'description': 'Kaliningrad, South Africa'}}, 'email': 'diego.crespo@example.com', 'login': {'uuid': '4283e912-4ebf-4e05-896b-3dc8b8d8e357', 'username': 'happypeacock320', 'password': 'megadeth', 'salt': 'q6R84buW', 'md5': '1fb69449b9380d39a2c2d19f802be1d8', 'sha1': '9a4278f34e5223dd9ae898fb2331f87b96fb1422', 'sha256': '0dd52d55777e378585a03a9d9b6b3aff736b099525b2cdf4e3a088ffd707c955'}, 'dob': {'date': '1991-06-02T05:29:59.153Z', 'age': 32}, 'registered': {'date': '2017-06-17T15:28:46.673Z', 'age': 6}, 'phone': '975-859-234', 'cell': '694-745-224', 'id': {'name': 'DNI', 'value': '04761203-I'}, 'picture': {'large': 'https://randomuser.me/api/portraits/men/52.jpg', 'medium': 'https://randomuser.me/api/portraits/med/men/52.jpg', 'thumbnail': 'https://randomuser.me/api/portraits/thumb/men/52.jpg'}, 'nat': 'ES'}], 'info': {'seed': '69eceae2c52d3639', 'results': 1, 'page': 1, 'version': '1.4'}}</msg>
<arg>${json_data}</arg>
<doc>Logs the given message with the given level.</doc>
<status status="PASS" start="2024-04-06T06:16:53.400419" elapsed="0.000204"/>
</kw>
<kw name="Dictionary Should Contain Key" owner="Collections">
<msg time="2024-04-06T06:16:53.401074" level="INFO">False</msg>
<arg>${json_data}</arg>
<arg>results</arg>
<doc>Fails if ``key`` is not found from ``dictionary``.</doc>
<status status="PASS" start="2024-04-06T06:16:53.400920" elapsed="0.000193"/>
</kw>
<kw name="Should Not Be Empty" owner="BuiltIn">
<msg time="2024-04-06T06:16:53.401541" level="INFO">Length is 2.</msg>
<arg>${json_data}</arg>
<doc>Verifies that the given item is not empty.</doc>
<status status="PASS" start="2024-04-06T06:16:53.401409" elapsed="0.000172"/>
</kw>
<kw name="Create List" owner="BuiltIn">
<msg time="2024-04-06T06:16:53.402072" level="INFO">${expected_keys} = ['gender', 'name', 'location', 'email', 'login']</msg>
<var>${expected_keys}</var>
<arg>gender</arg>
<arg>name</arg>
<arg>location</arg>
<arg>email</arg>
<arg>login</arg>
<doc>Returns a list containing given items.</doc>
<status status="PASS" start="2024-04-06T06:16:53.401874" elapsed="0.000224"/>
</kw>
<for flavor="IN">
<iter>
<kw name="Dictionary Should Contain Key" owner="Collections">
<msg time="2024-04-06T06:16:53.403084" level="INFO">False</msg>
<arg>${json_data['results'][0]}</arg>
<arg>${key}</arg>
<doc>Fails if ``key`` is not found from ``dictionary``.</doc>
<status status="PASS" start="2024-04-06T06:16:53.402676" elapsed="0.000448"/>
</kw>
<kw name="Log" owner="BuiltIn">
<msg time="2024-04-06T06:16:53.403814" level="INFO">{'gender': 'male', 'name': {'title': 'Mr', 'first': 'Diego', 'last': 'Crespo'}, 'location': {'street': {'number': 2090, 'name': 'Calle Nebrija'}, 'city': 'Orihuela', 'state': 'Asturias', 'country': 'Spain', 'postcode': 23687, 'coordinates': {'latitude': '-32.6069', 'longitude': '-36.9300'}, 'timezone': {'offset': '+2:00', 'description': 'Kaliningrad, South Africa'}}, 'email': 'diego.crespo@example.com', 'login': {'uuid': '4283e912-4ebf-4e05-896b-3dc8b8d8e357', 'username': 'happypeacock320', 'password': 'megadeth', 'salt': 'q6R84buW', 'md5': '1fb69449b9380d39a2c2d19f802be1d8', 'sha1': '9a4278f34e5223dd9ae898fb2331f87b96fb1422', 'sha256': '0dd52d55777e378585a03a9d9b6b3aff736b099525b2cdf4e3a088ffd707c955'}, 'dob': {'date': '1991-06-02T05:29:59.153Z', 'age': 32}, 'registered': {'date': '2017-06-17T15:28:46.673Z', 'age': 6}, 'phone': '975-859-234', 'cell': '694-745-224', 'id': {'name': 'DNI', 'value': '04761203-I'}, 'picture': {'large': 'https://randomuser.me/api/portraits/men/52.jpg', 'medium': 'https://randomuser.me/api/portraits/med/men/52.jpg', 'thumbnail': 'https://randomuser.me/api/portraits/thumb/men/52.jpg'}, 'nat': 'ES'}</msg>
<arg>${json_data['results'][0]}</arg>
<doc>Logs the given message with the given level.</doc>
<status status="PASS" start="2024-04-06T06:16:53.403436" elapsed="0.000428"/>
</kw>
<kw name="Log" owner="BuiltIn">
<msg time="2024-04-06T06:16:53.404297" level="INFO">gender</msg>
<arg>${key}</arg>
<doc>Logs the given message with the given level.</doc>
<status status="PASS" start="2024-04-06T06:16:53.404166" elapsed="0.000170"/>
</kw>
<var name="${key}">gender</var>
<status status="PASS" start="2024-04-06T06:16:53.402552" elapsed="0.002009"/>
</iter>
<iter>
<kw name="Dictionary Should Contain Key" owner="Collections">
<msg time="2024-04-06T06:16:53.405256" level="INFO">False</msg>
<arg>${json_data['results'][0]}</arg>
<arg>${key}</arg>
<doc>Fails if ``key`` is not found from ``dictionary``.</doc>
<status status="PASS" start="2024-04-06T06:16:53.404868" elapsed="0.000426"/>
</kw>
<kw name="Log" owner="BuiltIn">
<msg time="2024-04-06T06:16:53.406016" level="INFO">{'gender': 'male', 'name': {'title': 'Mr', 'first': 'Diego', 'last': 'Crespo'}, 'location': {'street': {'number': 2090, 'name': 'Calle Nebrija'}, 'city': 'Orihuela', 'state': 'Asturias', 'country': 'Spain', 'postcode': 23687, 'coordinates': {'latitude': '-32.6069', 'longitude': '-36.9300'}, 'timezone': {'offset': '+2:00', 'description': 'Kaliningrad, South Africa'}}, 'email': 'diego.crespo@example.com', 'login': {'uuid': '4283e912-4ebf-4e05-896b-3dc8b8d8e357', 'username': 'happypeacock320', 'password': 'megadeth', 'salt': 'q6R84buW', 'md5': '1fb69449b9380d39a2c2d19f802be1d8', 'sha1': '9a4278f34e5223dd9ae898fb2331f87b96fb1422', 'sha256': '0dd52d55777e378585a03a9d9b6b3aff736b099525b2cdf4e3a088ffd707c955'}, 'dob': {'date': '1991-06-02T05:29:59.153Z', 'age': 32}, 'registered': {'date': '2017-06-17T15:28:46.673Z', 'age': 6}, 'phone': '975-859-234', 'cell': '694-745-224', 'id': {'name': 'DNI', 'value': '04761203-I'}, 'picture': {'large': 'https://randomuser.me/api/portraits/men/52.jpg', 'medium': 'https://randomuser.me/api/portraits/med/men/52.jpg', 'thumbnail': 'https://randomuser.me/api/portraits/thumb/men/52.jpg'}, 'nat': 'ES'}</msg>
<arg>${json_data['results'][0]}</arg>
<doc>Logs the given message with the given level.</doc>
<status status="PASS" start="2024-04-06T06:16:53.405626" elapsed="0.000445"/>
</kw>
<kw name="Log" owner="BuiltIn">
<msg time="2024-04-06T06:16:53.406510" level="INFO">name</msg>
<arg>${key}</arg>
<doc>Logs the given message with the given level.</doc>
<status status="PASS" start="2024-04-06T06:16:53.406380" elapsed="0.000169"/>
</kw>
<var name="${key}">name</var>
<status status="PASS" start="2024-04-06T06:16:53.404751" elapsed="0.002019"/>
</iter>
<iter>
<kw name="Dictionary Should Contain Key" owner="Collections">
<msg time="2024-04-06T06:16:53.407441" level="INFO">False</msg>
<arg>${json_data['results'][0]}</arg>
<arg>${key}</arg>
<doc>Fails if ``key`` is not found from ``dictionary``.</doc>
<status status="PASS" start="2024-04-06T06:16:53.407063" elapsed="0.000416"/>
</kw>
<kw name="Log" owner="BuiltIn">
<msg time="2024-04-06T06:16:53.408134" level="INFO">{'gender': 'male', 'name': {'title': 'Mr', 'first': 'Diego', 'last': 'Crespo'}, 'location': {'street': {'number': 2090, 'name': 'Calle Nebrija'}, 'city': 'Orihuela', 'state': 'Asturias', 'country': 'Spain', 'postcode': 23687, 'coordinates': {'latitude': '-32.6069', 'longitude': '-36.9300'}, 'timezone': {'offset': '+2:00', 'description': 'Kaliningrad, South Africa'}}, 'email': 'diego.crespo@example.com', 'login': {'uuid': '4283e912-4ebf-4e05-896b-3dc8b8d8e357', 'username': 'happypeacock320', 'password': 'megadeth', 'salt': 'q6R84buW', 'md5': '1fb69449b9380d39a2c2d19f802be1d8', 'sha1': '9a4278f34e5223dd9ae898fb2331f87b96fb1422', 'sha256': '0dd52d55777e378585a03a9d9b6b3aff736b099525b2cdf4e3a088ffd707c955'}, 'dob': {'date': '1991-06-02T05:29:59.153Z', 'age': 32}, 'registered': {'date': '2017-06-17T15:28:46.673Z', 'age': 6}, 'phone': '975-859-234', 'cell': '694-745-224', 'id': {'name': 'DNI', 'value': '04761203-I'}, 'picture': {'large': 'https://randomuser.me/api/portraits/men/52.jpg', 'medium': 'https://randomuser.me/api/portraits/med/men/52.jpg', 'thumbnail': 'https://randomuser.me/api/portraits/thumb/men/52.jpg'}, 'nat': 'ES'}</msg>
<arg>${json_data['results'][0]}</arg>
<doc>Logs the given message with the given level.</doc>
<status status="PASS" start="2024-04-06T06:16:53.407780" elapsed="0.000407"/>
</kw>
<kw name="Log" owner="BuiltIn">
<msg time="2024-04-06T06:16:53.408607" level="INFO">location</msg>
<arg>${key}</arg>
<doc>Logs the given message with the given level.</doc>
<status status="PASS" start="2024-04-06T06:16:53.408480" elapsed="0.000166"/>
</kw>
<var name="${key}">location</var>
<status status="PASS" start="2024-04-06T06:16:53.406951" elapsed="0.001912"/>
</iter>
<iter>
<kw name="Dictionary Should Contain Key" owner="Collections">
<msg time="2024-04-06T06:16:53.409527" level="INFO">False</msg>
<arg>${json_data['results'][0]}</arg>
<arg>${key}</arg>
<doc>Fails if ``key`` is not found from ``dictionary``.</doc>
<status status="PASS" start="2024-04-06T06:16:53.409147" elapsed="0.000418"/>
</kw>
<kw name="Log" owner="BuiltIn">
<msg time="2024-04-06T06:16:53.410284" level="INFO">{'gender': 'male', 'name': {'title': 'Mr', 'first': 'Diego', 'last': 'Crespo'}, 'location': {'street': {'number': 2090, 'name': 'Calle Nebrija'}, 'city': 'Orihuela', 'state': 'Asturias', 'country': 'Spain', 'postcode': 23687, 'coordinates': {'latitude': '-32.6069', 'longitude': '-36.9300'}, 'timezone': {'offset': '+2:00', 'description': 'Kaliningrad, South Africa'}}, 'email': 'diego.crespo@example.com', 'login': {'uuid': '4283e912-4ebf-4e05-896b-3dc8b8d8e357', 'username': 'happypeacock320', 'password': 'megadeth', 'salt': 'q6R84buW', 'md5': '1fb69449b9380d39a2c2d19f802be1d8', 'sha1': '9a4278f34e5223dd9ae898fb2331f87b96fb1422', 'sha256': '0dd52d55777e378585a03a9d9b6b3aff736b099525b2cdf4e3a088ffd707c955'}, 'dob': {'date': '1991-06-02T05:29:59.153Z', 'age': 32}, 'registered': {'date': '2017-06-17T15:28:46.673Z', 'age': 6}, 'phone': '975-859-234', 'cell': '694-745-224', 'id': {'name': 'DNI', 'value': '04761203-I'}, 'picture': {'large': 'https://randomuser.me/api/portraits/men/52.jpg', 'medium': 'https://randomuser.me/api/portraits/med/men/52.jpg', 'thumbnail': 'https://randomuser.me/api/portraits/thumb/men/52.jpg'}, 'nat': 'ES'}</msg>
<arg>${json_data['results'][0]}</arg>
<doc>Logs the given message with the given level.</doc>
<status status="PASS" start="2024-04-06T06:16:53.409867" elapsed="0.000465"/>
</kw>
<kw name="Log" owner="BuiltIn">
<msg time="2024-04-06T06:16:53.410758" level="INFO">email</msg>
<arg>${key}</arg>
<doc>Logs the given message with the given level.</doc>
<status status="PASS" start="2024-04-06T06:16:53.410629" elapsed="0.000167"/>
</kw>
<var name="${key}">email</var>
<status status="PASS" start="2024-04-06T06:16:53.409037" elapsed="0.001976"/>
</iter>
<iter>
<kw name="Dictionary Should Contain Key" owner="Collections">
<msg time="2024-04-06T06:16:53.411682" level="INFO">False</msg>
<arg>${json_data['results'][0]}</arg>
<arg>${key}</arg>
<doc>Fails if ``key`` is not found from ``dictionary``.</doc>
<status status="PASS" start="2024-04-06T06:16:53.411304" elapsed="0.000415"/>
</kw>
<kw name="Log" owner="BuiltIn">
<msg time="2024-04-06T06:16:53.412364" level="INFO">{'gender': 'male', 'name': {'title': 'Mr', 'first': 'Diego', 'last': 'Crespo'}, 'location': {'street': {'number': 2090, 'name': 'Calle Nebrija'}, 'city': 'Orihuela', 'state': 'Asturias', 'country': 'Spain', 'postcode': 23687, 'coordinates': {'latitude': '-32.6069', 'longitude': '-36.9300'}, 'timezone': {'offset': '+2:00', 'description': 'Kaliningrad, South Africa'}}, 'email': 'diego.crespo@example.com', 'login': {'uuid': '4283e912-4ebf-4e05-896b-3dc8b8d8e357', 'username': 'happypeacock320', 'password': 'megadeth', 'salt': 'q6R84buW', 'md5': '1fb69449b9380d39a2c2d19f802be1d8', 'sha1': '9a4278f34e5223dd9ae898fb2331f87b96fb1422', 'sha256': '0dd52d55777e378585a03a9d9b6b3aff736b099525b2cdf4e3a088ffd707c955'}, 'dob': {'date': '1991-06-02T05:29:59.153Z', 'age': 32}, 'registered': {'date': '2017-06-17T15:28:46.673Z', 'age': 6}, 'phone': '975-859-234', 'cell': '694-745-224', 'id': {'name': 'DNI', 'value': '04761203-I'}, 'picture': {'large': 'https://randomuser.me/api/portraits/men/52.jpg', 'medium': 'https://randomuser.me/api/portraits/med/men/52.jpg', 'thumbnail': 'https://randomuser.me/api/portraits/thumb/men/52.jpg'}, 'nat': 'ES'}</msg>
<arg>${json_data['results'][0]}</arg>
<doc>Logs the given message with the given level.</doc>
<status status="PASS" start="2024-04-06T06:16:53.412011" elapsed="0.000399"/>
</kw>
<kw name="Log" owner="BuiltIn">
<msg time="2024-04-06T06:16:53.412834" level="INFO">login</msg>
<arg>${key}</arg>
<doc>Logs the given message with the given level.</doc>
<status status="PASS" start="2024-04-06T06:16:53.412708" elapsed="0.000267"/>
</kw>
<var name="${key}">login</var>
<status status="PASS" start="2024-04-06T06:16:53.411189" elapsed="0.002014"/>
</iter>
<var>${key}</var>
<value>@{expected_keys}</value>
<status status="PASS" start="2024-04-06T06:16:53.402363" elapsed="0.010989"/>
</for>
<kw name="Create List" owner="BuiltIn">
<msg time="2024-04-06T06:16:53.413700" level="INFO">${expected_keysTwo} = ['username', 'password']</msg>
<var>${expected_keysTwo}</var>
<arg>username</arg>
<arg>password</arg>
<doc>Returns a list containing given items.</doc>
<status status="PASS" start="2024-04-06T06:16:53.413560" elapsed="0.000165"/>
</kw>
<for flavor="IN">
<iter>
<kw name="Dictionary Should Contain Key" owner="Collections">
<msg time="2024-04-06T06:16:53.414642" level="INFO">False</msg>
<arg>${json_data['results'][0]['login']}</arg>
<arg>${keyTwo}</arg>
<doc>Fails if ``key`` is not found from ``dictionary``.</doc>
<status status="PASS" start="2024-04-06T06:16:53.414264" elapsed="0.000416"/>
</kw>
<kw name="Dictionary Should Contain Key" owner="Collections">
<msg time="2024-04-06T06:16:53.415373" level="INFO">False</msg>
<arg>${json_data['results'][0]['login']}</arg>
<arg>${keyTwo}</arg>
<doc>Fails if ``key`` is not found from ``dictionary``.</doc>
<status status="PASS" start="2024-04-06T06:16:53.414978" elapsed="0.000433"/>
</kw>
<kw name="Log" owner="BuiltIn">
<msg time="2024-04-06T06:16:53.415838" level="INFO">username</msg>
<arg>${keyTwo}</arg>
<doc>Logs the given message with the given level.</doc>
<status status="PASS" start="2024-04-06T06:16:53.415708" elapsed="0.000168"/>
</kw>
<var name="${keyTwo}">username</var>
<status status="PASS" start="2024-04-06T06:16:53.414152" elapsed="0.001947"/>
</iter>
<iter>
<kw name="Dictionary Should Contain Key" owner="Collections">
<msg time="2024-04-06T06:16:53.416761" level="INFO">False</msg>
<arg>${json_data['results'][0]['login']}</arg>
<arg>${keyTwo}</arg>
<doc>Fails if ``key`` is not found from ``dictionary``.</doc>
<status status="PASS" start="2024-04-06T06:16:53.416379" elapsed="0.000421"/>
</kw>
<kw name="Dictionary Should Contain Key" owner="Collections">
<msg time="2024-04-06T06:16:53.417468" level="INFO">False</msg>
<arg>${json_data['results'][0]['login']}</arg>
<arg>${keyTwo}</arg>
<doc>Fails if ``key`` is not found from ``dictionary``.</doc>
<status status="PASS" start="2024-04-06T06:16:53.417094" elapsed="0.000412"/>
</kw>
<kw name="Log" owner="BuiltIn">
<msg time="2024-04-06T06:16:53.417943" level="INFO">password</msg>
<arg>${keyTwo}</arg>
<doc>Logs the given message with the given level.</doc>
<status status="PASS" start="2024-04-06T06:16:53.417797" elapsed="0.000187"/>
</kw>
<var name="${keyTwo}">password</var>
<status status="PASS" start="2024-04-06T06:16:53.416270" elapsed="0.001947"/>
</iter>
<var>${keyTwo}</var>
<value>@{expected_keysTwo}</value>
<status status="PASS" start="2024-04-06T06:16:53.413995" elapsed="0.004346"/>
</for>
<status status="PASS" start="2024-04-06T06:16:53.299655" elapsed="0.118827"/>
</kw>
<doc>Testa a estrutura da resposta da API.</doc>
<tag>testeEstruturaResposta</tag>
<status status="PASS" start="2024-04-06T06:16:53.298891" elapsed="0.119746"/>
</test>
<test id="s1-s1-t4" name="Validar tipos de dados" line="28">
<kw name="Teste de Tipos de Dados" owner="random-user-service">
<kw name="GET On Session" owner="RequestsLibrary">
<msg time="2024-04-06T06:16:53.522797" level="INFO">GET Request : url=https://randomuser.me/api 
 path_url=/api 
 headers={'User-Agent': 'python-requests/2.31.0', 'Accept-Encoding': 'gzip, deflate', 'Accept': '*/*', 'Connection': 'keep-alive'} 
 body=None 
 </msg>
<msg time="2024-04-06T06:16:53.522876" level="INFO">GET Response : url=https://randomuser.me/api 
 status=200, reason=OK 
 headers={'Date': 'Sat, 06 Apr 2024 06:16:53 GMT', 'Content-Type': 'application/json; charset=utf-8', 'Transfer-Encoding': 'chunked', 'Connection': 'keep-alive', 'X-Powered-By': 'Express', 'Access-Control-Allow-Origin': '*', 'Cache-Control': 'no-cache', 'ETag': 'W/"48d-9n3/f8DLwrHFSLNLJGFNg/rE3No"', 'Vary': 'Accept-Encoding', 'Content-Encoding': 'gzip', 'CF-Cache-Status': 'DYNAMIC', 'Report-To': '{"endpoints":[{"url":"https:\\/\\/a.nel.cloudflare.com\\/report\\/v4?s=0A9i2JnB7CYxqzRoI2q08jGeX7AwHWA5FhJXajLYcDZZozT5S77ZbAcatmmd%2Fn%2BMRIYppLlPmJFo2q1G7yEQygAC8CQ28KbzsecdktsynBK%2BV5DXgdUUm%2BRFicE%2BXq7t"}],"group":"cf-nel","max_age":604800}', 'NEL': '{"success_fraction":0,"report_to":"cf-nel","max_age":604800}', 'Server': 'cloudflare', 'CF-RAY': '86ffa6d5ef9869bb-LAX', 'alt-svc': 'h3=":443"; ma=86400'} 
 body={"results":[{"gender":"male","name":{"title":"Mr","first":"Armando","last":"Phillips"},"location":{"street":{"number":3313,"name":"Queens Road"},"city":"Wells","state":"Gwent","country":"United Kingdom","postcode":"QR5 2US","coordinates":{"latitude":"-8.3834","longitude":"-70.2233"},"timezone":{"offset":"-8:00","description":"Pacific Time (US &amp; Canada)"}},"email":"armando.phillips@example.com","login":{"uuid":"0b25ae67-6d58-4d09-a4be-d3dbad3a2ba2","username":"sadtiger847","password":"crawford","salt":"zYxF1bJi","md5":"a07a69ba44a2e2187e3fccf6263c2251","sha1":"deda09b695db9a39e0e6c5dc46d109680f1a2d84","sha256":"a9aaaf9fcafc9600f2440d932cb34d47b2aa54d96b1dbc992d99f2f3ecce2868"},"dob":{"date":"1957-10-21T20:54:20.728Z","age":66},"registered":{"date":"2019-01-21T02:31:37.885Z","age":5},"phone":"016977 0186","cell":"07364 052768","id":{"name":"NINO","value":"WL 97 97 99 W"},"picture":{"large":"https://randomuser.me/api/portraits/men/73.jpg","medium":"https://randomuser.me/api/portraits/med/men/73.jpg","thumbnail":"https://randomuser.me/api/portraits/thumb/men/73.jpg"},"nat":"GB"}],"info":{"seed":"56f9bdb1bad623b4","results":1,"page":1,"version":"1.4"}} 
 </msg>
<msg time="2024-04-06T06:16:53.522946" level="INFO">/opt/hostedtoolcache/Python/3.12.2/x64/lib/python3.12/site-packages/urllib3/connectionpool.py:1103: InsecureRequestWarning: Unverified HTTPS request is being made to host 'randomuser.me'. Adding certificate verification is strongly advised. See: https://urllib3.readthedocs.io/en/latest/advanced-usage.html#tls-warnings
  warnings.warn(</msg>
<msg time="2024-04-06T06:16:53.523057" level="INFO">${response} = &lt;Response [200]&gt;</msg>
<var>${response}</var>
<arg>consultarAPI</arg>
<arg>/api</arg>
<doc>Sends a GET request on a previously created HTTP Session.</doc>
<status status="PASS" start="2024-04-06T06:16:53.421160" elapsed="0.101947"/>
</kw>
<kw name="Set Variable" owner="BuiltIn">
<msg time="2024-04-06T06:16:53.524171" level="INFO">${json_data} = {'results': [{'gender': 'male', 'name': {'title': 'Mr', 'first': 'Armando', 'last': 'Phillips'}, 'location': {'street': {'number': 3313, 'name': 'Queens Road'}, 'city': 'Wells', 'state': 'Gwent', 'cou...</msg>
<var>${json_data}</var>
<arg>${response.json()}</arg>
<doc>Returns the given values which can then be assigned to a variables.</doc>
<status status="PASS" start="2024-04-06T06:16:53.523624" elapsed="0.000576"/>
</kw>
<kw name="Log" owner="BuiltIn">
<msg time="2024-04-06T06:16:53.524675" level="INFO">{'results': [{'gender': 'male', 'name': {'title': 'Mr', 'first': 'Armando', 'last': 'Phillips'}, 'location': {'street': {'number': 3313, 'name': 'Queens Road'}, 'city': 'Wells', 'state': 'Gwent', 'country': 'United Kingdom', 'postcode': 'QR5 2US', 'coordinates': {'latitude': '-8.3834', 'longitude': '-70.2233'}, 'timezone': {'offset': '-8:00', 'description': 'Pacific Time (US &amp; Canada)'}}, 'email': 'armando.phillips@example.com', 'login': {'uuid': '0b25ae67-6d58-4d09-a4be-d3dbad3a2ba2', 'username': 'sadtiger847', 'password': 'crawford', 'salt': 'zYxF1bJi', 'md5': 'a07a69ba44a2e2187e3fccf6263c2251', 'sha1': 'deda09b695db9a39e0e6c5dc46d109680f1a2d84', 'sha256': 'a9aaaf9fcafc9600f2440d932cb34d47b2aa54d96b1dbc992d99f2f3ecce2868'}, 'dob': {'date': '1957-10-21T20:54:20.728Z', 'age': 66}, 'registered': {'date': '2019-01-21T02:31:37.885Z', 'age': 5}, 'phone': '016977 0186', 'cell': '07364 052768', 'id': {'name': 'NINO', 'value': 'WL 97 97 99 W'}, 'picture': {'large': 'https://randomuser.me/api/portraits/men/73.jpg', 'medium': 'https://randomuser.me/api/portraits/med/men/73.jpg', 'thumbnail': 'https://randomuser.me/api/portraits/thumb/men/73.jpg'}, 'nat': 'GB'}], 'info': {'seed': '56f9bdb1bad623b4', 'results': 1, 'page': 1, 'version': '1.4'}}</msg>
<arg>${json_data}</arg>
<doc>Logs the given message with the given level.</doc>
<status status="PASS" start="2024-04-06T06:16:53.524520" elapsed="0.000236"/>
</kw>
<kw name="Should Be String" owner="String">
<arg>${json_data['results'][0]['gender']}</arg>
<doc>Fails if the given ``item`` is not a string.</doc>
<status status="PASS" start="2024-04-06T06:16:53.525059" elapsed="0.000363"/>
</kw>
<kw name="Should Match Regexp" owner="BuiltIn">
<arg>${json_data['results'][0]['email']}</arg>
<arg>^[a-zA-Z0-9._%+-]+@[a-zA-Z0-9.-]+\.[a-zA-Z]{2,}$</arg>
<doc>Fails if ``string`` does not match ``pattern`` as a regular expression.</doc>
<status status="PASS" start="2024-04-06T06:16:53.525624" elapsed="0.000560"/>
</kw>
<kw name="Should Match Regexp" owner="BuiltIn">
<arg>${json_data['results'][0]['dob']['date']}</arg>
<arg>\\d{4}-\\d{2}-\\d{2}T\\d{2}:\\d{2}:\\d{2}\\.\\d{3}Z</arg>
<doc>Fails if ``string`` does not match ``pattern`` as a regular expression.</doc>
<status status="PASS" start="2024-04-06T06:16:53.526385" elapsed="0.000492"/>
</kw>
<kw name="Should Match Regexp" owner="BuiltIn">
<arg>${json_data['results'][0]['registered']['date']}</arg>
<arg>\\d{4}-\\d{2}-\\d{2}T\\d{2}:\\d{2}:\\d{2}\\.\\d{3}Z</arg>
<doc>Fails if ``string`` does not match ``pattern`` as a regular expression.</doc>
<status status="PASS" start="2024-04-06T06:16:53.527071" elapsed="0.000383"/>
</kw>
<kw name="Should Match Regexp" owner="BuiltIn">
<arg>${json_data['results'][0]['picture']['large']}</arg>
<arg>^https?://.*\.(?:png|jpe?g|gif|bmp)$</arg>
<doc>Fails if ``string`` does not match ``pattern`` as a regular expression.</doc>
<status status="PASS" start="2024-04-06T06:16:53.527697" elapsed="0.000471"/>
</kw>
<kw name="Should Match Regexp" owner="BuiltIn">
<arg>${json_data['results'][0]['picture']['medium']}</arg>
<arg>^https?://.*\.(?:png|jpe?g|gif|bmp)$</arg>
<doc>Fails if ``string`` does not match ``pattern`` as a regular expression.</doc>
<status status="PASS" start="2024-04-06T06:16:53.528363" elapsed="0.000355"/>
</kw>
<kw name="Should Match Regexp" owner="BuiltIn">
<arg>${json_data['results'][0]['picture']['thumbnail']}</arg>
<arg>^https?://.*\.(?:png|jpe?g|gif|bmp)$</arg>
<doc>Fails if ``string`` does not match ``pattern`` as a regular expression.</doc>
<status status="PASS" start="2024-04-06T06:16:53.528902" elapsed="0.000349"/>
</kw>
<kw name="Log" owner="BuiltIn">
<msg time="2024-04-06T06:16:53.529758" level="INFO">{'large': 'https://randomuser.me/api/portraits/men/73.jpg', 'medium': 'https://randomuser.me/api/portraits/med/men/73.jpg', 'thumbnail': 'https://randomuser.me/api/portraits/thumb/men/73.jpg'}</msg>
<arg>${json_data['results'][0]['picture']}</arg>
<doc>Logs the given message with the given level.</doc>
<status status="PASS" start="2024-04-06T06:16:53.529431" elapsed="0.000369"/>
</kw>
<status status="PASS" start="2024-04-06T06:16:53.420926" elapsed="0.109155"/>
</kw>
<kw name="Teste de Tipos de Dados - Postcode" owner="random-user-service">
<kw name="GET On Session" owner="RequestsLibrary">
<msg time="2024-04-06T06:16:53.627303" level="INFO">GET Request : url=https://randomuser.me/api 
 path_url=/api 
 headers={'User-Agent': 'python-requests/2.31.0', 'Accept-Encoding': 'gzip, deflate', 'Accept': '*/*', 'Connection': 'keep-alive'} 
 body=None 
 </msg>
<msg time="2024-04-06T06:16:53.627393" level="INFO">GET Response : url=https://randomuser.me/api 
 status=200, reason=OK 
 headers={'Date': 'Sat, 06 Apr 2024 06:16:53 GMT', 'Content-Type': 'application/json; charset=utf-8', 'Transfer-Encoding': 'chunked', 'Connection': 'keep-alive', 'X-Powered-By': 'Express', 'Access-Control-Allow-Origin': '*', 'Cache-Control': 'no-cache', 'ETag': 'W/"48e-uQlGO+h0HPEYyPBe/yRdhaU1UhU"', 'Vary': 'Accept-Encoding', 'Content-Encoding': 'gzip', 'CF-Cache-Status': 'DYNAMIC', 'Report-To': '{"endpoints":[{"url":"https:\\/\\/a.nel.cloudflare.com\\/report\\/v4?s=iKWB%2B3zuFZOlgzuKD7x5spLjEf6wM179BN5RM36l%2FtH6kEVe3BkyRC%2BdLzWYtDequF%2FshHlFZ50ELhTYoIZECf3HbEuhwd1j2X4enzaoH6SNYfgXn2hATI42EsPQEUJa"}],"group":"cf-nel","max_age":604800}', 'NEL': '{"success_fraction":0,"report_to":"cf-nel","max_age":604800}', 'Server': 'cloudflare', 'CF-RAY': '86ffa6d6982669bb-LAX', 'alt-svc': 'h3=":443"; ma=86400'} 
 body={"results":[{"gender":"male","name":{"title":"Mr","first":"Bassarme","last":"das Neves"},"location":{"street":{"number":8010,"name":"Rua Castro Alves "},"city":"Joinville","state":"Acre","country":"Brazil","postcode":12610,"coordinates":{"latitude":"-79.2414","longitude":"-164.1494"},"timezone":{"offset":"-11:00","description":"Midway Island, Samoa"}},"email":"bassarme.dasneves@example.com","login":{"uuid":"250c3700-778b-4233-8051-a5243de5aaa5","username":"goldenbird674","password":"1230","salt":"BDHTkmnV","md5":"5bc8526de20897bf73194954ee6d5085","sha1":"0479ea9eb5f74aa505d700c304938a31698d5d74","sha256":"de11d8842dd8c885a27fb899683a0332dd8c0250074200a7ef6c3b2e3d31bf87"},"dob":{"date":"1963-04-26T04:03:02.824Z","age":60},"registered":{"date":"2005-05-08T02:15:31.935Z","age":18},"phone":"(28) 9366-6310","cell":"(38) 7756-2833","id":{"name":"CPF","value":"122.715.560-15"},"picture":{"large":"https://randomuser.me/api/portraits/men/29.jpg","medium":"https://randomuser.me/api/portraits/med/men/29.jpg","thumbnail":"https://randomuser.me/api/portraits/thumb/men/29.jpg"},"nat":"BR"}],"info":{"seed":"bb29d78c261abe00","results":1,"page":1,"version":"1.4"}} 
 </msg>
<msg time="2024-04-06T06:16:53.627485" level="INFO">/opt/hostedtoolcache/Python/3.12.2/x64/lib/python3.12/site-packages/urllib3/connectionpool.py:1103: InsecureRequestWarning: Unverified HTTPS request is being made to host 'randomuser.me'. Adding certificate verification is strongly advised. See: https://urllib3.readthedocs.io/en/latest/advanced-usage.html#tls-warnings
  warnings.warn(</msg>
<msg time="2024-04-06T06:16:53.627597" level="INFO">${response} = &lt;Response [200]&gt;</msg>
<var>${response}</var>
<arg>consultarAPI</arg>
<arg>/api</arg>
<doc>Sends a GET request on a previously created HTTP Session.</doc>
<status status="PASS" start="2024-04-06T06:16:53.530642" elapsed="0.096997"/>
</kw>
<kw name="Set Variable" owner="BuiltIn">
<msg time="2024-04-06T06:16:53.628732" level="INFO">${json_data} = {'results': [{'gender': 'male', 'name': {'title': 'Mr', 'first': 'Bassarme', 'last': 'das Neves'}, 'location': {'street': {'number': 8010, 'name': 'Rua Castro Alves '}, 'city': 'Joinville', 'state': '...</msg>
<var>${json_data}</var>
<arg>${response.json()}</arg>
<doc>Returns the given values which can then be assigned to a variables.</doc>
<status status="PASS" start="2024-04-06T06:16:53.628147" elapsed="0.000614"/>
</kw>
<kw name="Log" owner="BuiltIn">
<msg time="2024-04-06T06:16:53.629245" level="INFO">{'results': [{'gender': 'male', 'name': {'title': 'Mr', 'first': 'Bassarme', 'last': 'das Neves'}, 'location': {'street': {'number': 8010, 'name': 'Rua Castro Alves '}, 'city': 'Joinville', 'state': 'Acre', 'country': 'Brazil', 'postcode': 12610, 'coordinates': {'latitude': '-79.2414', 'longitude': '-164.1494'}, 'timezone': {'offset': '-11:00', 'description': 'Midway Island, Samoa'}}, 'email': 'bassarme.dasneves@example.com', 'login': {'uuid': '250c3700-778b-4233-8051-a5243de5aaa5', 'username': 'goldenbird674', 'password': '1230', 'salt': 'BDHTkmnV', 'md5': '5bc8526de20897bf73194954ee6d5085', 'sha1': '0479ea9eb5f74aa505d700c304938a31698d5d74', 'sha256': 'de11d8842dd8c885a27fb899683a0332dd8c0250074200a7ef6c3b2e3d31bf87'}, 'dob': {'date': '1963-04-26T04:03:02.824Z', 'age': 60}, 'registered': {'date': '2005-05-08T02:15:31.935Z', 'age': 18}, 'phone': '(28) 9366-6310', 'cell': '(38) 7756-2833', 'id': {'name': 'CPF', 'value': '122.715.560-15'}, 'picture': {'large': 'https://randomuser.me/api/portraits/men/29.jpg', 'medium': 'https://randomuser.me/api/portraits/med/men/29.jpg', 'thumbnail': 'https://randomuser.me/api/portraits/thumb/men/29.jpg'}, 'nat': 'BR'}], 'info': {'seed': 'bb29d78c261abe00', 'results': 1, 'page': 1, 'version': '1.4'}}</msg>
<arg>${json_data}</arg>
<doc>Logs the given message with the given level.</doc>
<status status="PASS" start="2024-04-06T06:16:53.629089" elapsed="0.000236"/>
</kw>
<kw name="Should Be Equal As Numbers" owner="BuiltIn">
<arg>${json_data['results'][0]['location']['postcode']}</arg>
<arg>${json_data['results'][0]['location']['postcode']}</arg>
<doc>Fails if objects are unequal after converting them to real numbers.</doc>
<status status="PASS" start="2024-04-06T06:16:53.629634" elapsed="0.000687"/>
</kw>
<kw name="Log" owner="BuiltIn">
<msg time="2024-04-06T06:16:53.630866" level="INFO">12610</msg>
<arg>${json_data['results'][0]['location']['postcode']}</arg>
<doc>Logs the given message with the given level.</doc>
<status status="PASS" start="2024-04-06T06:16:53.630522" elapsed="0.000385"/>
</kw>
<status status="PASS" start="2024-04-06T06:16:53.530296" elapsed="0.100869"/>
</kw>
<doc>Testa se os tipos de dados na resposta da API estão corretos.</doc>
<tag>testeTiposDados</tag>
<status status="PASS" start="2024-04-06T06:16:53.420373" elapsed="0.210958"/>
</test>
<test id="s1-s1-t5" name="Validar conteudo" line="35">
<kw name="Teste de Tipos de Conteudo" owner="random-user-service">
<kw name="GET On Session" owner="RequestsLibrary">
<msg time="2024-04-06T06:16:53.733478" level="INFO">GET Request : url=https://randomuser.me/api 
 path_url=/api 
 headers={'User-Agent': 'python-requests/2.31.0', 'Accept-Encoding': 'gzip, deflate', 'Accept': '*/*', 'Connection': 'keep-alive'} 
 body=None 
 </msg>
<msg time="2024-04-06T06:16:53.733556" level="INFO">GET Response : url=https://randomuser.me/api 
 status=200, reason=OK 
 headers={'Date': 'Sat, 06 Apr 2024 06:16:53 GMT', 'Content-Type': 'application/json; charset=utf-8', 'Transfer-Encoding': 'chunked', 'Connection': 'keep-alive', 'X-Powered-By': 'Express', 'Access-Control-Allow-Origin': '*', 'Cache-Control': 'no-cache', 'ETag': 'W/"482-j0SAvWM88V2hgbWvv4tQPGle/W0"', 'Vary': 'Accept-Encoding', 'Content-Encoding': 'gzip', 'CF-Cache-Status': 'DYNAMIC', 'Report-To': '{"endpoints":[{"url":"https:\\/\\/a.nel.cloudflare.com\\/report\\/v4?s=yUeedjGSy1N5qqHGSPDXVPH4kz7ro3zeZHJEqnjnouyiK0Dux2O%2BwVSLVpPRdWE3KvsmVHEzSOplCOpwb0XhY9zg1UkVyarBGFiFqrnO%2FPZmTbg3EWFThn05gLyJGSqr"}],"group":"cf-nel","max_age":604800}', 'NEL': '{"success_fraction":0,"report_to":"cf-nel","max_age":604800}', 'Server': 'cloudflare', 'CF-RAY': '86ffa6d738d669bb-LAX', 'alt-svc': 'h3=":443"; ma=86400'} 
 body={"results":[{"gender":"male","name":{"title":"Mr","first":"Elijah","last":"Green"},"location":{"street":{"number":2940,"name":"Depaul Dr"},"city":"Waco","state":"Pennsylvania","country":"United States","postcode":63768,"coordinates":{"latitude":"83.8383","longitude":"-22.2997"},"timezone":{"offset":"-12:00","description":"Eniwetok, Kwajalein"}},"email":"elijah.green@example.com","login":{"uuid":"45042fc9-19d6-4ca3-8e6b-1638473b0e04","username":"heavypanda172","password":"toolman","salt":"eM3zVOmH","md5":"790c8ef1af6ea59b98b44bb231ba9148","sha1":"b7193ef6d0e1f2446bcd877fb0130d92d76bfeb8","sha256":"91b84515284bbeaa03c36954ce88fb47464d9aac57c453de908e8fa3c0cee317"},"dob":{"date":"1968-10-05T05:47:41.607Z","age":55},"registered":{"date":"2006-08-21T20:57:18.105Z","age":17},"phone":"(441) 709-0373","cell":"(789) 592-7152","id":{"name":"SSN","value":"675-45-0131"},"picture":{"large":"https://randomuser.me/api/portraits/men/54.jpg","medium":"https://randomuser.me/api/portraits/med/men/54.jpg","thumbnail":"https://randomuser.me/api/portraits/thumb/men/54.jpg"},"nat":"US"}],"info":{"seed":"32482f4671fd640c","results":1,"page":1,"version":"1.4"}} 
 </msg>
<msg time="2024-04-06T06:16:53.733623" level="INFO">/opt/hostedtoolcache/Python/3.12.2/x64/lib/python3.12/site-packages/urllib3/connectionpool.py:1103: InsecureRequestWarning: Unverified HTTPS request is being made to host 'randomuser.me'. Adding certificate verification is strongly advised. See: https://urllib3.readthedocs.io/en/latest/advanced-usage.html#tls-warnings
  warnings.warn(</msg>
<msg time="2024-04-06T06:16:53.733728" level="INFO">${response} = &lt;Response [200]&gt;</msg>
<var>${response}</var>
<arg>consultarAPI</arg>
<arg>/api</arg>
<doc>Sends a GET request on a previously created HTTP Session.</doc>
<status status="PASS" start="2024-04-06T06:16:53.633913" elapsed="0.099855"/>
</kw>
<kw name="Set Variable" owner="BuiltIn">
<msg time="2024-04-06T06:16:53.734874" level="INFO">${json_data} = {'results': [{'gender': 'male', 'name': {'title': 'Mr', 'first': 'Elijah', 'last': 'Green'}, 'location': {'street': {'number': 2940, 'name': 'Depaul Dr'}, 'city': 'Waco', 'state': 'Pennsylvania', 'cou...</msg>
<var>${json_data}</var>
<arg>${response.json()}</arg>
<doc>Returns the given values which can then be assigned to a variables.</doc>
<status status="PASS" start="2024-04-06T06:16:53.734301" elapsed="0.000602"/>
</kw>
<kw name="Set Variable" owner="BuiltIn">
<msg time="2024-04-06T06:16:53.735592" level="INFO">${name_title} = Mr</msg>
<var>${name_title}</var>
<arg>${json_data["results"][0]["name"]["title"]}</arg>
<doc>Returns the given values which can then be assigned to a variables.</doc>
<status status="PASS" start="2024-04-06T06:16:53.735210" elapsed="0.000407"/>
</kw>
<kw name="Create List" owner="BuiltIn">
<msg time="2024-04-06T06:16:53.736064" level="INFO">${allowed_titles} = ['Mr', 'Ms', 'Miss', 'Mrs', 'Madame', 'Monsieur']</msg>
<var>${allowed_titles}</var>
<arg>Mr</arg>
<arg>Ms</arg>
<arg>Miss</arg>
<arg>Mrs</arg>
<arg>Madame</arg>
<arg>Monsieur</arg>
<doc>Returns a list containing given items.</doc>
<status status="PASS" start="2024-04-06T06:16:53.735915" elapsed="0.000174"/>
</kw>
<kw name="List Should Contain Value" owner="Collections">
<msg time="2024-04-06T06:16:53.736568" level="INFO">False</msg>
<arg>${allowed_titles}</arg>
<arg>${name_title}</arg>
<doc>Fails if the ``value`` is not found from ``list``.</doc>
<status status="PASS" start="2024-04-06T06:16:53.736391" elapsed="0.000214"/>
</kw>
<kw name="Set Variable" owner="BuiltIn">
<msg time="2024-04-06T06:16:53.737276" level="INFO">${name_country} = US</msg>
<var>${name_country}</var>
<arg>${json_data["results"][0]["nat"]}</arg>
<doc>Returns the given values which can then be assigned to a variables.</doc>
<status status="PASS" start="2024-04-06T06:16:53.736899" elapsed="0.000402"/>
</kw>
<kw name="Create List" owner="BuiltIn">
<msg time="2024-04-06T06:16:53.738247" level="INFO">${list_country} = ['AD', 'AE', 'AF', 'AG', 'AI', 'AL', 'AM', 'AO', 'AQ', 'AR', 'AS', 'AT', 'AU', 'AW', 'AX', 'AZ', 'BA', 'BB', 'BD', 'BE', 'BF', 'BG', 'BH', 'BI', 'BJ', 'BL', 'BM', 'BN', 'BO', 'BQ', 'BR', 'BS', 'BT', '...</msg>
<var>${list_country}</var>
<arg>AD</arg>
<arg>AE</arg>
<arg>AF</arg>
<arg>AG</arg>
<arg>AI</arg>
<arg>AL</arg>
<arg>AM</arg>
<arg>AO</arg>
<arg>AQ</arg>
<arg>AR</arg>
<arg>AS</arg>
<arg>AT</arg>
<arg>AU</arg>
<arg>AW</arg>
<arg>AX</arg>
<arg>AZ</arg>
<arg>BA</arg>
<arg>BB</arg>
<arg>BD</arg>
<arg>BE</arg>
<arg>BF</arg>
<arg>BG</arg>
<arg>BH</arg>
<arg>BI</arg>
<arg>BJ</arg>
<arg>BL</arg>
<arg>BM</arg>
<arg>BN</arg>
<arg>BO</arg>
<arg>BQ</arg>
<arg>BR</arg>
<arg>BS</arg>
<arg>BT</arg>
<arg>BV</arg>
<arg>BW</arg>
<arg>BY</arg>
<arg>BZ</arg>
<arg>CA</arg>
<arg>CC</arg>
<arg>CD</arg>
<arg>CF</arg>
<arg>CG</arg>
<arg>CH</arg>
<arg>CI</arg>
<arg>CK</arg>
<arg>CL</arg>
<arg>CM</arg>
<arg>CN</arg>
<arg>CO</arg>
<arg>CR</arg>
<arg>CU</arg>
<arg>CV</arg>
<arg>CW</arg>
<arg>CX</arg>
<arg>CY</arg>
<arg>CZ</arg>
<arg>DE</arg>
<arg>DJ</arg>
<arg>DK</arg>
<arg>DM</arg>
<arg>DO</arg>
<arg>DZ</arg>
<arg>EC</arg>
<arg>EE</arg>
<arg>EG</arg>
<arg>EH</arg>
<arg>ER</arg>
<arg>ES</arg>
<arg>ET</arg>
<arg>FI</arg>
<arg>FJ</arg>
<arg>FK</arg>
<arg>FM</arg>
<arg>FO</arg>
<arg>FR</arg>
<arg>GA</arg>
<arg>GB</arg>
<arg>GD</arg>
<arg>GE</arg>
<arg>GF</arg>
<arg>GG</arg>
<arg>GH</arg>
<arg>GI</arg>
<arg>GL</arg>
<arg>GM</arg>
<arg>GN</arg>
<arg>GP</arg>
<arg>GQ</arg>
<arg>GR</arg>
<arg>GS</arg>
<arg>GT</arg>
<arg>GU</arg>
<arg>GW</arg>
<arg>GY</arg>
<arg>HK</arg>
<arg>HM</arg>
<arg>HN</arg>
<arg>HR</arg>
<arg>HT</arg>
<arg>HU</arg>
<arg>ID</arg>
<arg>IE</arg>
<arg>IL</arg>
<arg>IM</arg>
<arg>IN</arg>
<arg>IO</arg>
<arg>IQ</arg>
<arg>IR</arg>
<arg>IS</arg>
<arg>IT</arg>
<arg>JE</arg>
<arg>JM</arg>
<arg>JO</arg>
<arg>JP</arg>
<arg>KE</arg>
<arg>KG</arg>
<arg>KH</arg>
<arg>KI</arg>
<arg>KM</arg>
<arg>KN</arg>
<arg>KP</arg>
<arg>KR</arg>
<arg>KW</arg>
<arg>KY</arg>
<arg>KZ</arg>
<arg>LA</arg>
<arg>LB</arg>
<arg>LC</arg>
<arg>LI</arg>
<arg>LK</arg>
<arg>LR</arg>
<arg>LS</arg>
<arg>LT</arg>
<arg>LU</arg>
<arg>LV</arg>
<arg>LY</arg>
<arg>MA</arg>
<arg>MC</arg>
<arg>MD</arg>
<arg>ME</arg>
<arg>MF</arg>
<arg>MG</arg>
<arg>MH</arg>
<arg>MK</arg>
<arg>ML</arg>
<arg>MM</arg>
<arg>MN</arg>
<arg>MO</arg>
<arg>MP</arg>
<arg>MQ</arg>
<arg>MR</arg>
<arg>MS</arg>
<arg>MT</arg>
<arg>MU</arg>
<arg>MV</arg>
<arg>MW</arg>
<arg>MX</arg>
<arg>MY</arg>
<arg>MZ</arg>
<arg>NA</arg>
<arg>NC</arg>
<arg>NE</arg>
<arg>NF</arg>
<arg>NG</arg>
<arg>NI</arg>
<arg>NL</arg>
<arg>NO</arg>
<arg>NP</arg>
<arg>NR</arg>
<arg>NU</arg>
<arg>NZ</arg>
<arg>OM</arg>
<arg>PA</arg>
<arg>PE</arg>
<arg>PF</arg>
<arg>PG</arg>
<arg>PH</arg>
<arg>PK</arg>
<arg>PL</arg>
<arg>PM</arg>
<arg>PN</arg>
<arg>PR</arg>
<arg>PS</arg>
<arg>PT</arg>
<arg>PW</arg>
<arg>PY</arg>
<arg>QA</arg>
<arg>RE</arg>
<arg>RO</arg>
<arg>RS</arg>
<arg>RU</arg>
<arg>RW</arg>
<arg>SA</arg>
<arg>SB</arg>
<arg>SC</arg>
<arg>SD</arg>
<arg>SE</arg>
<arg>SG</arg>
<arg>SH</arg>
<arg>SI</arg>
<arg>SJ</arg>
<arg>SK</arg>
<arg>SL</arg>
<arg>SM</arg>
<arg>SN</arg>
<arg>SO</arg>
<arg>SR</arg>
<arg>SS</arg>
<arg>ST</arg>
<arg>SV</arg>
<arg>SX</arg>
<arg>SY</arg>
<arg>SZ</arg>
<arg>TC</arg>
<arg>TD</arg>
<arg>TF</arg>
<arg>TG</arg>
<arg>TH</arg>
<arg>TJ</arg>
<arg>TK</arg>
<arg>TL</arg>
<arg>TM</arg>
<arg>TN</arg>
<arg>TO</arg>
<arg>TR</arg>
<arg>TT</arg>
<arg>TV</arg>
<arg>TW</arg>
<arg>TZ</arg>
<arg>UA</arg>
<arg>UG</arg>
<arg>UM</arg>
<arg>US</arg>
<arg>UY</arg>
<arg>UZ</arg>
<arg>VA</arg>
<arg>VC</arg>
<arg>VE</arg>
<arg>VG</arg>
<arg>VI</arg>
<arg>VN</arg>
<arg>VU</arg>
<arg>WF</arg>
<arg>WS</arg>
<arg>XK</arg>
<arg>YE</arg>
<arg>YT</arg>
<arg>ZA</arg>
<arg>ZM</arg>
<arg>ZW</arg>
<doc>Returns a list containing given items.</doc>
<status status="PASS" start="2024-04-06T06:16:53.737609" elapsed="0.000665"/>
</kw>
<kw name="List Should Contain Value" owner="Collections">
<msg time="2024-04-06T06:16:53.739386" level="INFO">False</msg>
<arg>${list_country}</arg>
<arg>${name_country}</arg>
<doc>Fails if the ``value`` is not found from ``list``.</doc>
<status status="PASS" start="2024-04-06T06:16:53.739177" elapsed="0.000246"/>
</kw>
<kw name="Run Keyword If" owner="BuiltIn">
<kw name="Should Be True" owner="BuiltIn">
<arg>${True}</arg>
<doc>Fails if the given condition is not true.</doc>
<status status="PASS" start="2024-04-06T06:16:53.740712" elapsed="0.000149"/>
</kw>
<arg>${json_data["results"][0]["location"]["coordinates"]["latitude"]} &gt;= -90 and ${json_data["results"][0]["location"]["coordinates"]["latitude"]} &lt;= 90</arg>
<arg>Should Be True</arg>
<arg>${True}</arg>
<doc>Runs the given keyword with the given arguments, if ``condition`` is true.</doc>
<status status="PASS" start="2024-04-06T06:16:53.739741" elapsed="0.001253"/>
</kw>
<kw name="Run Keyword If" owner="BuiltIn">
<kw name="Should Be True" owner="BuiltIn">
<arg>${True}</arg>
<doc>Fails if the given condition is not true.</doc>
<status status="PASS" start="2024-04-06T06:16:53.741892" elapsed="0.000193"/>
</kw>
<arg>${json_data["results"][0]["location"]["coordinates"]["longitude"]} &gt;= -180 and ${json_data["results"][0]["location"]["coordinates"]["longitude"]} &lt;= 180</arg>
<arg>Should Be True</arg>
<arg>${True}</arg>
<doc>Runs the given keyword with the given arguments, if ``condition`` is true.</doc>
<status status="PASS" start="2024-04-06T06:16:53.741183" elapsed="0.001030"/>
</kw>
<status status="PASS" start="2024-04-06T06:16:53.633662" elapsed="0.108679"/>
</kw>
<doc>Testa o conteúdo específico dos campos retornados pela API.</doc>
<tag>testeConteudo</tag>
<status status="PASS" start="2024-04-06T06:16:53.633114" elapsed="0.109376"/>
</test>
<status status="PASS" start="2024-04-06T06:16:52.803769" elapsed="0.940588"/>
</suite>
<status status="PASS" start="2024-04-06T06:16:52.789765" elapsed="0.959916"/>
</suite>
<statistics>
<total>
<stat pass="5" fail="0" skip="0">All Tests</stat>
</total>
<tag>
<stat pass="1" fail="0" skip="0">testeConteudo</stat>
<stat pass="1" fail="0" skip="0">testeEstruturaResposta</stat>
<stat pass="1" fail="0" skip="0">testeRequisicaoBasica</stat>
<stat pass="1" fail="0" skip="0">testeTiposDados</stat>
</tag>
<suite>
<stat pass="5" fail="0" skip="0" id="s1" name="Tests">Tests</stat>
<stat pass="5" fail="0" skip="0" id="s1-s1" name="Random-User-Test">Tests.Random-User-Test</stat>
</suite>
</statistics>
<errors>
</errors>
</robot>
