<?xml version="1.0" encoding="UTF-8"?>
<robot generator="Robot 7.0 (Python 3.12.3 on linux)" generated="2024-04-27T01:56:30.151279" rpa="false" schemaversion="5">
<suite id="s1" name="Tests" source="/home/runner/work/DesafioQAItauRogerioJordao/DesafioQAItauRogerioJordao/RamdonUser/tests">
<suite id="s1-s1" name="Random-User-Test" source="/home/runner/work/DesafioQAItauRogerioJordao/DesafioQAItauRogerioJordao/RamdonUser/tests/random-user-test.robot">
<test id="s1-s1-t1" name="Conectar" line="13">
<kw name="Conectar API" owner="random-user-service">
<kw name="Create Session" owner="RequestsLibrary">
<msg time="2024-04-27T01:56:30.500442" level="INFO">Creating Session using : alias=consultarAPI, url=https://randomuser.me/, headers={},                     cookies={}, auth=None, timeout=None, proxies=None, verify=False,                     debug=0 </msg>
<arg>consultarAPI</arg>
<arg>${URL}</arg>
<doc>Create Session: create a HTTP session to a server</doc>
<status status="PASS" start="2024-04-27T01:56:30.500253" elapsed="0.000355"/>
</kw>
<status status="PASS" start="2024-04-27T01:56:30.499356" elapsed="0.001598"/>
</kw>
<status status="PASS" start="2024-04-27T01:56:30.498862" elapsed="0.002283"/>
</test>
<test id="s1-s1-t2" name="Validar retorno 200 e JSON Válido" line="16">
<kw name="Teste de Requisicao Basica" owner="random-user-service">
<kw name="GET On Session" owner="RequestsLibrary">
<msg time="2024-04-27T01:56:30.591930" level="INFO">GET Request : url=https://randomuser.me/api 
 path_url=/api 
 headers={'User-Agent': 'python-requests/2.31.0', 'Accept-Encoding': 'gzip, deflate', 'Accept': '*/*', 'Connection': 'keep-alive'} 
 body=None 
 </msg>
<msg time="2024-04-27T01:56:30.592037" level="INFO">GET Response : url=https://randomuser.me/api 
 status=200, reason=OK 
 headers={'Date': 'Sat, 27 Apr 2024 01:56:30 GMT', 'Content-Type': 'application/json; charset=utf-8', 'Transfer-Encoding': 'chunked', 'Connection': 'keep-alive', 'X-Powered-By': 'Express', 'Access-Control-Allow-Origin': '*', 'Cache-Control': 'no-cache', 'ETag': 'W/"498-GCReBPidf2qCm3v5oP+kWVVSl2o"', 'Vary': 'Accept-Encoding', 'Content-Encoding': 'gzip', 'CF-Cache-Status': 'DYNAMIC', 'Report-To': '{"endpoints":[{"url":"https:\\/\\/a.nel.cloudflare.com\\/report\\/v4?s=r8XOjMbyJZnYLkSaeIpgtQqhIvkSpSMEj9RAU81gJBxrrQyiCdqi69qFbtxtJPol%2Bb8OMWDR0PMdLWQEcKCxt5c3KzN%2B7IZfxLLhIkHNcY0%2FBTZoPvLRlM4jS%2FB74g9d"}],"group":"cf-nel","max_age":604800}', 'NEL': '{"success_fraction":0,"report_to":"cf-nel","max_age":604800}', 'Server': 'cloudflare', 'CF-RAY': '87ab324aee8d109d-ORD', 'alt-svc': 'h3=":443"; ma=86400'} 
 body={"results":[{"gender":"female","name":{"title":"Mrs","first":"Zoraia","last":"das Neves"},"location":{"street":{"number":6075,"name":"Rua Rui Barbosa "},"city":"Nova Iguaçu","state":"Maranhão","country":"Brazil","postcode":52461,"coordinates":{"latitude":"-73.9082","longitude":"160.5592"},"timezone":{"offset":"-11:00","description":"Midway Island, Samoa"}},"email":"zoraia.dasneves@example.com","login":{"uuid":"f5919995-7520-4676-8b4c-0b21c9ecefe3","username":"smallbird720","password":"deep","salt":"ujcACyVS","md5":"4bacbabd247f7315acb6a2ee42633886","sha1":"063353c9c2631930725e4e7cccae75a2b0a408b7","sha256":"53375155691cb6c226bda47d66978872e9b776a11928c7a06882451c67617943"},"dob":{"date":"1952-03-17T20:55:26.501Z","age":72},"registered":{"date":"2004-04-28T13:24:34.004Z","age":19},"phone":"(59) 7899-1103","cell":"(30) 0490-9452","id":{"name":"CPF","value":"327.214.763-90"},"picture":{"large":"https://randomuser.me/api/portraits/women/76.jpg","medium":"https://randomuser.me/api/portraits/med/women/76.jpg","thumbnail":"https://randomuser.me/api/portraits/thumb/women/76.jpg"},"nat":"BR"}],"info":{"seed":"b06835b88fdc0512","results":1,"page":1,"version":"1.4"}} 
 </msg>
<msg time="2024-04-27T01:56:30.592105" level="INFO">/opt/hostedtoolcache/Python/3.12.3/x64/lib/python3.12/site-packages/urllib3/connectionpool.py:1103: InsecureRequestWarning: Unverified HTTPS request is being made to host 'randomuser.me'. Adding certificate verification is strongly advised. See: https://urllib3.readthedocs.io/en/latest/advanced-usage.html#tls-warnings
  warnings.warn(</msg>
<msg time="2024-04-27T01:56:30.592211" level="INFO">${response} = &lt;Response [200]&gt;</msg>
<var>${response}</var>
<arg>consultarAPI</arg>
<arg>/api</arg>
<doc>Sends a GET request on a previously created HTTP Session.</doc>
<status status="PASS" start="2024-04-27T01:56:30.503758" elapsed="0.088493"/>
</kw>
<kw name="Should Be Equal As Numbers" owner="BuiltIn">
<msg time="2024-04-27T01:56:30.593033" level="INFO">Argument types are:
&lt;class 'int'&gt;
&lt;class 'str'&gt;</msg>
<arg>${response.status_code}</arg>
<arg>200</arg>
<doc>Fails if objects are unequal after converting them to real numbers.</doc>
<status status="PASS" start="2024-04-27T01:56:30.592646" elapsed="0.000448"/>
</kw>
<kw name="Log" owner="BuiltIn">
<msg time="2024-04-27T01:56:30.593765" level="INFO">200</msg>
<arg>${response.status_code}</arg>
<doc>Logs the given message with the given level.</doc>
<status status="PASS" start="2024-04-27T01:56:30.593425" elapsed="0.000408"/>
</kw>
<kw name="Set Variable" owner="BuiltIn">
<msg time="2024-04-27T01:56:30.594563" level="INFO">${json_data} = {'results': [{'gender': 'female', 'name': {'title': 'Mrs', 'first': 'Zoraia', 'last': 'das Neves'}, 'location': {'street': {'number': 6075, 'name': 'Rua Rui Barbosa '}, 'city': 'Nova Iguaçu', 'state':...</msg>
<var>${json_data}</var>
<arg>${response.json()}</arg>
<doc>Returns the given values which can then be assigned to a variables.</doc>
<status status="PASS" start="2024-04-27T01:56:30.594136" elapsed="0.000455"/>
</kw>
<kw name="Dictionary Should Contain Key" owner="Collections">
<msg time="2024-04-27T01:56:30.595050" level="INFO">False</msg>
<arg>${json_data}</arg>
<arg>results</arg>
<doc>Fails if ``key`` is not found from ``dictionary``.</doc>
<status status="PASS" start="2024-04-27T01:56:30.594886" elapsed="0.000204"/>
</kw>
<status status="PASS" start="2024-04-27T01:56:30.503521" elapsed="0.091818"/>
</kw>
<doc>Testa se a API responde corretamente e retorna um objeto JSON válido.</doc>
<tag>testeRequisicaoBasica</tag>
<status status="PASS" start="2024-04-27T01:56:30.503076" elapsed="0.092425"/>
</test>
<test id="s1-s1-t3" name="Validar estrutura de resposta" line="22">
<kw name="Teste de Estrutura de Resposta" owner="random-user-service">
<kw name="GET On Session" owner="RequestsLibrary">
<msg time="2024-04-27T01:56:30.686642" level="INFO">GET Request : url=https://randomuser.me/api 
 path_url=/api 
 headers={'User-Agent': 'python-requests/2.31.0', 'Accept-Encoding': 'gzip, deflate', 'Accept': '*/*', 'Connection': 'keep-alive'} 
 body=None 
 </msg>
<msg time="2024-04-27T01:56:30.686728" level="INFO">GET Response : url=https://randomuser.me/api 
 status=200, reason=OK 
 headers={'Date': 'Sat, 27 Apr 2024 01:56:30 GMT', 'Content-Type': 'application/json; charset=utf-8', 'Transfer-Encoding': 'chunked', 'Connection': 'keep-alive', 'X-Powered-By': 'Express', 'Access-Control-Allow-Origin': '*', 'Cache-Control': 'no-cache', 'ETag': 'W/"4b8-zreqWjn4bzx/jmK6hoYSGrYJn/Q"', 'Vary': 'Accept-Encoding', 'Content-Encoding': 'gzip', 'CF-Cache-Status': 'DYNAMIC', 'Report-To': '{"endpoints":[{"url":"https:\\/\\/a.nel.cloudflare.com\\/report\\/v4?s=qWFqpFr5XypK65l%2B9qOsY%2BY0tl%2BYc3q3l2d4%2BpWcKyrAW3dwOc65nt8Q3AsN9%2F6hyG07fZeI%2FHzSP012ummHpk3h%2F%2B7EBJumcTSNc9ranZfRrJ%2BJlU38%2F6zDJgwOgYSt"}],"group":"cf-nel","max_age":604800}', 'NEL': '{"success_fraction":0,"report_to":"cf-nel","max_age":604800}', 'Server': 'cloudflare', 'CF-RAY': '87ab324b3f2a109d-ORD', 'alt-svc': 'h3=":443"; ma=86400'} 
 body={"results":[{"gender":"female","name":{"title":"Mademoiselle","first":"Simona","last":"Lemaire"},"location":{"street":{"number":5643,"name":"Place de L'Église"},"city":"Schwellbrunn","state":"Luzern","country":"Switzerland","postcode":2226,"coordinates":{"latitude":"-62.6214","longitude":"80.4768"},"timezone":{"offset":"-5:00","description":"Eastern Time (US &amp; Canada), Bogota, Lima"}},"email":"simona.lemaire@example.com","login":{"uuid":"e89393c6-1113-4315-a263-1beef02d5ee2","username":"bluebutterfly721","password":"gothic","salt":"gglnhwii","md5":"ede71b2ef37252387c29d92a94756e0f","sha1":"293be6b1b5481b5bc70e30e19c8a7eb2aac86609","sha256":"42703653a4c2dc74a3b91079a6e513c5da0f53baff09f841268ccf89db93da02"},"dob":{"date":"1996-03-24T11:39:05.349Z","age":28},"registered":{"date":"2020-12-09T01:09:39.858Z","age":3},"phone":"079 388 14 05","cell":"075 742 47 26","id":{"name":"AVS","value":"756.8972.4967.17"},"picture":{"large":"https://randomuser.me/api/portraits/women/94.jpg","medium":"https://randomuser.me/api/portraits/med/women/94.jpg","thumbnail":"https://randomuser.me/api/portraits/thumb/women/94.jpg"},"nat":"CH"}],"info":{"seed":"2c74895cf28d317c","results":1,"page":1,"version":"1.4"}} 
 </msg>
<msg time="2024-04-27T01:56:30.686821" level="INFO">/opt/hostedtoolcache/Python/3.12.3/x64/lib/python3.12/site-packages/urllib3/connectionpool.py:1103: InsecureRequestWarning: Unverified HTTPS request is being made to host 'randomuser.me'. Adding certificate verification is strongly advised. See: https://urllib3.readthedocs.io/en/latest/advanced-usage.html#tls-warnings
  warnings.warn(</msg>
<msg time="2024-04-27T01:56:30.686916" level="INFO">${response} = &lt;Response [200]&gt;</msg>
<var>${response}</var>
<arg>consultarAPI</arg>
<arg>/api</arg>
<doc>Sends a GET request on a previously created HTTP Session.</doc>
<status status="PASS" start="2024-04-27T01:56:30.598001" elapsed="0.088953"/>
</kw>
<kw name="Set Variable" owner="BuiltIn">
<msg time="2024-04-27T01:56:30.687765" level="INFO">${json_data} = {'results': [{'gender': 'female', 'name': {'title': 'Mademoiselle', 'first': 'Simona', 'last': 'Lemaire'}, 'location': {'street': {'number': 5643, 'name': "Place de L'Église"}, 'city': 'Schwellbrunn',...</msg>
<var>${json_data}</var>
<arg>${response.json()}</arg>
<doc>Returns the given values which can then be assigned to a variables.</doc>
<status status="PASS" start="2024-04-27T01:56:30.687313" elapsed="0.000483"/>
</kw>
<kw name="Log" owner="BuiltIn">
<msg time="2024-04-27T01:56:30.688251" level="INFO">{'results': [{'gender': 'female', 'name': {'title': 'Mademoiselle', 'first': 'Simona', 'last': 'Lemaire'}, 'location': {'street': {'number': 5643, 'name': "Place de L'Église"}, 'city': 'Schwellbrunn', 'state': 'Luzern', 'country': 'Switzerland', 'postcode': 2226, 'coordinates': {'latitude': '-62.6214', 'longitude': '80.4768'}, 'timezone': {'offset': '-5:00', 'description': 'Eastern Time (US &amp; Canada), Bogota, Lima'}}, 'email': 'simona.lemaire@example.com', 'login': {'uuid': 'e89393c6-1113-4315-a263-1beef02d5ee2', 'username': 'bluebutterfly721', 'password': 'gothic', 'salt': 'gglnhwii', 'md5': 'ede71b2ef37252387c29d92a94756e0f', 'sha1': '293be6b1b5481b5bc70e30e19c8a7eb2aac86609', 'sha256': '42703653a4c2dc74a3b91079a6e513c5da0f53baff09f841268ccf89db93da02'}, 'dob': {'date': '1996-03-24T11:39:05.349Z', 'age': 28}, 'registered': {'date': '2020-12-09T01:09:39.858Z', 'age': 3}, 'phone': '079 388 14 05', 'cell': '075 742 47 26', 'id': {'name': 'AVS', 'value': '756.8972.4967.17'}, 'picture': {'large': 'https://randomuser.me/api/portraits/women/94.jpg', 'medium': 'https://randomuser.me/api/portraits/med/women/94.jpg', 'thumbnail': 'https://randomuser.me/api/portraits/thumb/women/94.jpg'}, 'nat': 'CH'}], 'info': {'seed': '2c74895cf28d317c', 'results': 1, 'page': 1, 'version': '1.4'}}</msg>
<arg>${json_data}</arg>
<doc>Logs the given message with the given level.</doc>
<status status="PASS" start="2024-04-27T01:56:30.688095" elapsed="0.000205"/>
</kw>
<kw name="Dictionary Should Contain Key" owner="Collections">
<msg time="2024-04-27T01:56:30.688740" level="INFO">False</msg>
<arg>${json_data}</arg>
<arg>results</arg>
<doc>Fails if ``key`` is not found from ``dictionary``.</doc>
<status status="PASS" start="2024-04-27T01:56:30.688589" elapsed="0.000187"/>
</kw>
<kw name="Should Not Be Empty" owner="BuiltIn">
<msg time="2024-04-27T01:56:30.689203" level="INFO">Length is 2.</msg>
<arg>${json_data}</arg>
<doc>Verifies that the given item is not empty.</doc>
<status status="PASS" start="2024-04-27T01:56:30.689069" elapsed="0.000288"/>
</kw>
<kw name="Create List" owner="BuiltIn">
<msg time="2024-04-27T01:56:30.689833" level="INFO">${expected_keys} = ['gender', 'name', 'location', 'email', 'login']</msg>
<var>${expected_keys}</var>
<arg>gender</arg>
<arg>name</arg>
<arg>location</arg>
<arg>email</arg>
<arg>login</arg>
<doc>Returns a list containing given items.</doc>
<status status="PASS" start="2024-04-27T01:56:30.689647" elapsed="0.000216"/>
</kw>
<for flavor="IN">
<iter>
<kw name="Dictionary Should Contain Key" owner="Collections">
<msg time="2024-04-27T01:56:30.690893" level="INFO">False</msg>
<arg>${json_data['results'][0]}</arg>
<arg>${key}</arg>
<doc>Fails if ``key`` is not found from ``dictionary``.</doc>
<status status="PASS" start="2024-04-27T01:56:30.690420" elapsed="0.000536"/>
</kw>
<kw name="Log" owner="BuiltIn">
<msg time="2024-04-27T01:56:30.692044" level="INFO">{'gender': 'female', 'name': {'title': 'Mademoiselle', 'first': 'Simona', 'last': 'Lemaire'}, 'location': {'street': {'number': 5643, 'name': "Place de L'Église"}, 'city': 'Schwellbrunn', 'state': 'Luzern', 'country': 'Switzerland', 'postcode': 2226, 'coordinates': {'latitude': '-62.6214', 'longitude': '80.4768'}, 'timezone': {'offset': '-5:00', 'description': 'Eastern Time (US &amp; Canada), Bogota, Lima'}}, 'email': 'simona.lemaire@example.com', 'login': {'uuid': 'e89393c6-1113-4315-a263-1beef02d5ee2', 'username': 'bluebutterfly721', 'password': 'gothic', 'salt': 'gglnhwii', 'md5': 'ede71b2ef37252387c29d92a94756e0f', 'sha1': '293be6b1b5481b5bc70e30e19c8a7eb2aac86609', 'sha256': '42703653a4c2dc74a3b91079a6e513c5da0f53baff09f841268ccf89db93da02'}, 'dob': {'date': '1996-03-24T11:39:05.349Z', 'age': 28}, 'registered': {'date': '2020-12-09T01:09:39.858Z', 'age': 3}, 'phone': '079 388 14 05', 'cell': '075 742 47 26', 'id': {'name': 'AVS', 'value': '756.8972.4967.17'}, 'picture': {'large': 'https://randomuser.me/api/portraits/women/94.jpg', 'medium': 'https://randomuser.me/api/portraits/med/women/94.jpg', 'thumbnail': 'https://randomuser.me/api/portraits/thumb/women/94.jpg'}, 'nat': 'CH'}</msg>
<arg>${json_data['results'][0]}</arg>
<doc>Logs the given message with the given level.</doc>
<status status="PASS" start="2024-04-27T01:56:30.691427" elapsed="0.000702"/>
</kw>
<kw name="Log" owner="BuiltIn">
<msg time="2024-04-27T01:56:30.692777" level="INFO">gender</msg>
<arg>${key}</arg>
<doc>Logs the given message with the given level.</doc>
<status status="PASS" start="2024-04-27T01:56:30.692587" elapsed="0.000248"/>
</kw>
<var name="${key}">gender</var>
<status status="PASS" start="2024-04-27T01:56:30.690298" elapsed="0.002864"/>
</iter>
<iter>
<kw name="Dictionary Should Contain Key" owner="Collections">
<msg time="2024-04-27T01:56:30.694397" level="INFO">False</msg>
<arg>${json_data['results'][0]}</arg>
<arg>${key}</arg>
<doc>Fails if ``key`` is not found from ``dictionary``.</doc>
<status status="PASS" start="2024-04-27T01:56:30.693673" elapsed="0.000781"/>
</kw>
<kw name="Log" owner="BuiltIn">
<msg time="2024-04-27T01:56:30.695438" level="INFO">{'gender': 'female', 'name': {'title': 'Mademoiselle', 'first': 'Simona', 'last': 'Lemaire'}, 'location': {'street': {'number': 5643, 'name': "Place de L'Église"}, 'city': 'Schwellbrunn', 'state': 'Luzern', 'country': 'Switzerland', 'postcode': 2226, 'coordinates': {'latitude': '-62.6214', 'longitude': '80.4768'}, 'timezone': {'offset': '-5:00', 'description': 'Eastern Time (US &amp; Canada), Bogota, Lima'}}, 'email': 'simona.lemaire@example.com', 'login': {'uuid': 'e89393c6-1113-4315-a263-1beef02d5ee2', 'username': 'bluebutterfly721', 'password': 'gothic', 'salt': 'gglnhwii', 'md5': 'ede71b2ef37252387c29d92a94756e0f', 'sha1': '293be6b1b5481b5bc70e30e19c8a7eb2aac86609', 'sha256': '42703653a4c2dc74a3b91079a6e513c5da0f53baff09f841268ccf89db93da02'}, 'dob': {'date': '1996-03-24T11:39:05.349Z', 'age': 28}, 'registered': {'date': '2020-12-09T01:09:39.858Z', 'age': 3}, 'phone': '079 388 14 05', 'cell': '075 742 47 26', 'id': {'name': 'AVS', 'value': '756.8972.4967.17'}, 'picture': {'large': 'https://randomuser.me/api/portraits/women/94.jpg', 'medium': 'https://randomuser.me/api/portraits/med/women/94.jpg', 'thumbnail': 'https://randomuser.me/api/portraits/thumb/women/94.jpg'}, 'nat': 'CH'}</msg>
<arg>${json_data['results'][0]}</arg>
<doc>Logs the given message with the given level.</doc>
<status status="PASS" start="2024-04-27T01:56:30.694883" elapsed="0.000635"/>
</kw>
<kw name="Log" owner="BuiltIn">
<msg time="2024-04-27T01:56:30.696144" level="INFO">name</msg>
<arg>${key}</arg>
<doc>Logs the given message with the given level.</doc>
<status status="PASS" start="2024-04-27T01:56:30.695951" elapsed="0.000264"/>
</kw>
<var name="${key}">name</var>
<status status="PASS" start="2024-04-27T01:56:30.693474" elapsed="0.003101"/>
</iter>
<iter>
<kw name="Dictionary Should Contain Key" owner="Collections">
<msg time="2024-04-27T01:56:30.697616" level="INFO">False</msg>
<arg>${json_data['results'][0]}</arg>
<arg>${key}</arg>
<doc>Fails if ``key`` is not found from ``dictionary``.</doc>
<status status="PASS" start="2024-04-27T01:56:30.697023" elapsed="0.000659"/>
</kw>
<kw name="Log" owner="BuiltIn">
<msg time="2024-04-27T01:56:30.698721" level="INFO">{'gender': 'female', 'name': {'title': 'Mademoiselle', 'first': 'Simona', 'last': 'Lemaire'}, 'location': {'street': {'number': 5643, 'name': "Place de L'Église"}, 'city': 'Schwellbrunn', 'state': 'Luzern', 'country': 'Switzerland', 'postcode': 2226, 'coordinates': {'latitude': '-62.6214', 'longitude': '80.4768'}, 'timezone': {'offset': '-5:00', 'description': 'Eastern Time (US &amp; Canada), Bogota, Lima'}}, 'email': 'simona.lemaire@example.com', 'login': {'uuid': 'e89393c6-1113-4315-a263-1beef02d5ee2', 'username': 'bluebutterfly721', 'password': 'gothic', 'salt': 'gglnhwii', 'md5': 'ede71b2ef37252387c29d92a94756e0f', 'sha1': '293be6b1b5481b5bc70e30e19c8a7eb2aac86609', 'sha256': '42703653a4c2dc74a3b91079a6e513c5da0f53baff09f841268ccf89db93da02'}, 'dob': {'date': '1996-03-24T11:39:05.349Z', 'age': 28}, 'registered': {'date': '2020-12-09T01:09:39.858Z', 'age': 3}, 'phone': '079 388 14 05', 'cell': '075 742 47 26', 'id': {'name': 'AVS', 'value': '756.8972.4967.17'}, 'picture': {'large': 'https://randomuser.me/api/portraits/women/94.jpg', 'medium': 'https://randomuser.me/api/portraits/med/women/94.jpg', 'thumbnail': 'https://randomuser.me/api/portraits/thumb/women/94.jpg'}, 'nat': 'CH'}</msg>
<arg>${json_data['results'][0]}</arg>
<doc>Logs the given message with the given level.</doc>
<status status="PASS" start="2024-04-27T01:56:30.698182" elapsed="0.000592"/>
</kw>
<kw name="Log" owner="BuiltIn">
<msg time="2024-04-27T01:56:30.699223" level="INFO">location</msg>
<arg>${key}</arg>
<doc>Logs the given message with the given level.</doc>
<status status="PASS" start="2024-04-27T01:56:30.699090" elapsed="0.000173"/>
</kw>
<var name="${key}">location</var>
<status status="PASS" start="2024-04-27T01:56:30.696851" elapsed="0.002633"/>
</iter>
<iter>
<kw name="Dictionary Should Contain Key" owner="Collections">
<msg time="2024-04-27T01:56:30.700163" level="INFO">False</msg>
<arg>${json_data['results'][0]}</arg>
<arg>${key}</arg>
<doc>Fails if ``key`` is not found from ``dictionary``.</doc>
<status status="PASS" start="2024-04-27T01:56:30.699770" elapsed="0.000431"/>
</kw>
<kw name="Log" owner="BuiltIn">
<msg time="2024-04-27T01:56:30.700863" level="INFO">{'gender': 'female', 'name': {'title': 'Mademoiselle', 'first': 'Simona', 'last': 'Lemaire'}, 'location': {'street': {'number': 5643, 'name': "Place de L'Église"}, 'city': 'Schwellbrunn', 'state': 'Luzern', 'country': 'Switzerland', 'postcode': 2226, 'coordinates': {'latitude': '-62.6214', 'longitude': '80.4768'}, 'timezone': {'offset': '-5:00', 'description': 'Eastern Time (US &amp; Canada), Bogota, Lima'}}, 'email': 'simona.lemaire@example.com', 'login': {'uuid': 'e89393c6-1113-4315-a263-1beef02d5ee2', 'username': 'bluebutterfly721', 'password': 'gothic', 'salt': 'gglnhwii', 'md5': 'ede71b2ef37252387c29d92a94756e0f', 'sha1': '293be6b1b5481b5bc70e30e19c8a7eb2aac86609', 'sha256': '42703653a4c2dc74a3b91079a6e513c5da0f53baff09f841268ccf89db93da02'}, 'dob': {'date': '1996-03-24T11:39:05.349Z', 'age': 28}, 'registered': {'date': '2020-12-09T01:09:39.858Z', 'age': 3}, 'phone': '079 388 14 05', 'cell': '075 742 47 26', 'id': {'name': 'AVS', 'value': '756.8972.4967.17'}, 'picture': {'large': 'https://randomuser.me/api/portraits/women/94.jpg', 'medium': 'https://randomuser.me/api/portraits/med/women/94.jpg', 'thumbnail': 'https://randomuser.me/api/portraits/thumb/women/94.jpg'}, 'nat': 'CH'}</msg>
<arg>${json_data['results'][0]}</arg>
<doc>Logs the given message with the given level.</doc>
<status status="PASS" start="2024-04-27T01:56:30.700500" elapsed="0.000413"/>
</kw>
<kw name="Log" owner="BuiltIn">
<msg time="2024-04-27T01:56:30.701336" level="INFO">email</msg>
<arg>${key}</arg>
<doc>Logs the given message with the given level.</doc>
<status status="PASS" start="2024-04-27T01:56:30.701209" elapsed="0.000164"/>
</kw>
<var name="${key}">email</var>
<status status="PASS" start="2024-04-27T01:56:30.699658" elapsed="0.001927"/>
</iter>
<iter>
<kw name="Dictionary Should Contain Key" owner="Collections">
<msg time="2024-04-27T01:56:30.702286" level="INFO">False</msg>
<arg>${json_data['results'][0]}</arg>
<arg>${key}</arg>
<doc>Fails if ``key`` is not found from ``dictionary``.</doc>
<status status="PASS" start="2024-04-27T01:56:30.701895" elapsed="0.000428"/>
</kw>
<kw name="Log" owner="BuiltIn">
<msg time="2024-04-27T01:56:30.702987" level="INFO">{'gender': 'female', 'name': {'title': 'Mademoiselle', 'first': 'Simona', 'last': 'Lemaire'}, 'location': {'street': {'number': 5643, 'name': "Place de L'Église"}, 'city': 'Schwellbrunn', 'state': 'Luzern', 'country': 'Switzerland', 'postcode': 2226, 'coordinates': {'latitude': '-62.6214', 'longitude': '80.4768'}, 'timezone': {'offset': '-5:00', 'description': 'Eastern Time (US &amp; Canada), Bogota, Lima'}}, 'email': 'simona.lemaire@example.com', 'login': {'uuid': 'e89393c6-1113-4315-a263-1beef02d5ee2', 'username': 'bluebutterfly721', 'password': 'gothic', 'salt': 'gglnhwii', 'md5': 'ede71b2ef37252387c29d92a94756e0f', 'sha1': '293be6b1b5481b5bc70e30e19c8a7eb2aac86609', 'sha256': '42703653a4c2dc74a3b91079a6e513c5da0f53baff09f841268ccf89db93da02'}, 'dob': {'date': '1996-03-24T11:39:05.349Z', 'age': 28}, 'registered': {'date': '2020-12-09T01:09:39.858Z', 'age': 3}, 'phone': '079 388 14 05', 'cell': '075 742 47 26', 'id': {'name': 'AVS', 'value': '756.8972.4967.17'}, 'picture': {'large': 'https://randomuser.me/api/portraits/women/94.jpg', 'medium': 'https://randomuser.me/api/portraits/med/women/94.jpg', 'thumbnail': 'https://randomuser.me/api/portraits/thumb/women/94.jpg'}, 'nat': 'CH'}</msg>
<arg>${json_data['results'][0]}</arg>
<doc>Logs the given message with the given level.</doc>
<status status="PASS" start="2024-04-27T01:56:30.702617" elapsed="0.000420"/>
</kw>
<kw name="Log" owner="BuiltIn">
<msg time="2024-04-27T01:56:30.703486" level="INFO">login</msg>
<arg>${key}</arg>
<doc>Logs the given message with the given level.</doc>
<status status="PASS" start="2024-04-27T01:56:30.703361" elapsed="0.000162"/>
</kw>
<var name="${key}">login</var>
<status status="PASS" start="2024-04-27T01:56:30.701754" elapsed="0.001982"/>
</iter>
<var>${key}</var>
<value>@{expected_keys}</value>
<status status="PASS" start="2024-04-27T01:56:30.690119" elapsed="0.013738"/>
</for>
<kw name="Create List" owner="BuiltIn">
<msg time="2024-04-27T01:56:30.704182" level="INFO">${expected_keysTwo} = ['username', 'password']</msg>
<var>${expected_keysTwo}</var>
<arg>username</arg>
<arg>password</arg>
<doc>Returns a list containing given items.</doc>
<status status="PASS" start="2024-04-27T01:56:30.704047" elapsed="0.000158"/>
</kw>
<for flavor="IN">
<iter>
<kw name="Dictionary Should Contain Key" owner="Collections">
<msg time="2024-04-27T01:56:30.705080" level="INFO">False</msg>
<arg>${json_data['results'][0]['login']}</arg>
<arg>${keyTwo}</arg>
<doc>Fails if ``key`` is not found from ``dictionary``.</doc>
<status status="PASS" start="2024-04-27T01:56:30.704695" elapsed="0.000420"/>
</kw>
<kw name="Dictionary Should Contain Key" owner="Collections">
<msg time="2024-04-27T01:56:30.705783" level="INFO">False</msg>
<arg>${json_data['results'][0]['login']}</arg>
<arg>${keyTwo}</arg>
<doc>Fails if ``key`` is not found from ``dictionary``.</doc>
<status status="PASS" start="2024-04-27T01:56:30.705406" elapsed="0.000445"/>
</kw>
<kw name="Log" owner="BuiltIn">
<msg time="2024-04-27T01:56:30.706275" level="INFO">username</msg>
<arg>${keyTwo}</arg>
<doc>Logs the given message with the given level.</doc>
<status status="PASS" start="2024-04-27T01:56:30.706150" elapsed="0.000166"/>
</kw>
<var name="${keyTwo}">username</var>
<status status="PASS" start="2024-04-27T01:56:30.704588" elapsed="0.001944"/>
</iter>
<iter>
<kw name="Dictionary Should Contain Key" owner="Collections">
<msg time="2024-04-27T01:56:30.707260" level="INFO">False</msg>
<arg>${json_data['results'][0]['login']}</arg>
<arg>${keyTwo}</arg>
<doc>Fails if ``key`` is not found from ``dictionary``.</doc>
<status status="PASS" start="2024-04-27T01:56:30.706809" elapsed="0.000490"/>
</kw>
<kw name="Dictionary Should Contain Key" owner="Collections">
<msg time="2024-04-27T01:56:30.707971" level="INFO">False</msg>
<arg>${json_data['results'][0]['login']}</arg>
<arg>${keyTwo}</arg>
<doc>Fails if ``key`` is not found from ``dictionary``.</doc>
<status status="PASS" start="2024-04-27T01:56:30.707594" elapsed="0.000413"/>
</kw>
<kw name="Log" owner="BuiltIn">
<msg time="2024-04-27T01:56:30.708419" level="INFO">password</msg>
<arg>${keyTwo}</arg>
<doc>Logs the given message with the given level.</doc>
<status status="PASS" start="2024-04-27T01:56:30.708296" elapsed="0.000159"/>
</kw>
<var name="${keyTwo}">password</var>
<status status="PASS" start="2024-04-27T01:56:30.706702" elapsed="0.001964"/>
</iter>
<var>${keyTwo}</var>
<value>@{expected_keysTwo}</value>
<status status="PASS" start="2024-04-27T01:56:30.704438" elapsed="0.004347"/>
</for>
<status status="PASS" start="2024-04-27T01:56:30.597762" elapsed="0.111158"/>
</kw>
<doc>Testa a estrutura da resposta da API.</doc>
<tag>testeEstruturaResposta</tag>
<status status="PASS" start="2024-04-27T01:56:30.597303" elapsed="0.111770"/>
</test>
<test id="s1-s1-t4" name="Validar tipos de dados" line="28">
<kw name="Teste de Tipos de Dados" owner="random-user-service">
<kw name="GET On Session" owner="RequestsLibrary">
<msg time="2024-04-27T01:56:30.782009" level="INFO">GET Request : url=https://randomuser.me/api 
 path_url=/api 
 headers={'User-Agent': 'python-requests/2.31.0', 'Accept-Encoding': 'gzip, deflate', 'Accept': '*/*', 'Connection': 'keep-alive'} 
 body=None 
 </msg>
<msg time="2024-04-27T01:56:30.782073" level="INFO">GET Response : url=https://randomuser.me/api 
 status=200, reason=OK 
 headers={'Date': 'Sat, 27 Apr 2024 01:56:30 GMT', 'Content-Type': 'application/json; charset=utf-8', 'Transfer-Encoding': 'chunked', 'Connection': 'keep-alive', 'X-Powered-By': 'Express', 'Access-Control-Allow-Origin': '*', 'Cache-Control': 'no-cache', 'ETag': 'W/"48f-8T/BvGtsDc6q3pRYo2xCKThy+cM"', 'Vary': 'Accept-Encoding', 'Content-Encoding': 'gzip', 'CF-Cache-Status': 'DYNAMIC', 'Report-To': '{"endpoints":[{"url":"https:\\/\\/a.nel.cloudflare.com\\/report\\/v4?s=mDTpa2ud49c6DcsCOLYVIxnv4IhchV7h2A6yg35kQ8h1%2BtRkFgLShSwuR%2BthUykAS6%2BiQI6hzmV4TsYcQ005bjzZMZKtedI%2FcY3V%2B%2BjPRUTGFwuaUboQh6OlGwk%2FEpPi"}],"group":"cf-nel","max_age":604800}', 'NEL': '{"success_fraction":0,"report_to":"cf-nel","max_age":604800}', 'Server': 'cloudflare', 'CF-RAY': '87ab324bf89c109d-ORD', 'alt-svc': 'h3=":443"; ma=86400'} 
 body={"results":[{"gender":"male","name":{"title":"Mr","first":"Gregory","last":"Fox"},"location":{"street":{"number":8219,"name":"Railroad St"},"city":"Santa Ana","state":"Texas","country":"United States","postcode":90510,"coordinates":{"latitude":"89.9246","longitude":"-92.9333"},"timezone":{"offset":"+10:00","description":"Eastern Australia, Guam, Vladivostok"}},"email":"gregory.fox@example.com","login":{"uuid":"64fdacde-6a26-49d5-af37-71b9f6e698b4","username":"blueladybug542","password":"woods","salt":"xOkxJZwh","md5":"aecf198da1451f5bc232801d53f4016f","sha1":"36bfd16f266755545bb1711679b82d74855c5efd","sha256":"da6db534130819c34fb3fcb2dd24cfa57d8ba609608a27124737456bb365c95d"},"dob":{"date":"1950-04-02T05:03:46.142Z","age":74},"registered":{"date":"2017-02-06T20:00:45.713Z","age":7},"phone":"(948) 555-6246","cell":"(692) 561-3309","id":{"name":"SSN","value":"113-16-9930"},"picture":{"large":"https://randomuser.me/api/portraits/men/61.jpg","medium":"https://randomuser.me/api/portraits/med/men/61.jpg","thumbnail":"https://randomuser.me/api/portraits/thumb/men/61.jpg"},"nat":"US"}],"info":{"seed":"cb15c666375e57ca","results":1,"page":1,"version":"1.4"}} 
 </msg>
<msg time="2024-04-27T01:56:30.782128" level="INFO">/opt/hostedtoolcache/Python/3.12.3/x64/lib/python3.12/site-packages/urllib3/connectionpool.py:1103: InsecureRequestWarning: Unverified HTTPS request is being made to host 'randomuser.me'. Adding certificate verification is strongly advised. See: https://urllib3.readthedocs.io/en/latest/advanced-usage.html#tls-warnings
  warnings.warn(</msg>
<msg time="2024-04-27T01:56:30.782226" level="INFO">${response} = &lt;Response [200]&gt;</msg>
<var>${response}</var>
<arg>consultarAPI</arg>
<arg>/api</arg>
<doc>Sends a GET request on a previously created HTTP Session.</doc>
<status status="PASS" start="2024-04-27T01:56:30.711460" elapsed="0.070805"/>
</kw>
<kw name="Set Variable" owner="BuiltIn">
<msg time="2024-04-27T01:56:30.783310" level="INFO">${json_data} = {'results': [{'gender': 'male', 'name': {'title': 'Mr', 'first': 'Gregory', 'last': 'Fox'}, 'location': {'street': {'number': 8219, 'name': 'Railroad St'}, 'city': 'Santa Ana', 'state': 'Texas', 'coun...</msg>
<var>${json_data}</var>
<arg>${response.json()}</arg>
<doc>Returns the given values which can then be assigned to a variables.</doc>
<status status="PASS" start="2024-04-27T01:56:30.782715" elapsed="0.000624"/>
</kw>
<kw name="Log" owner="BuiltIn">
<msg time="2024-04-27T01:56:30.783873" level="INFO">{'results': [{'gender': 'male', 'name': {'title': 'Mr', 'first': 'Gregory', 'last': 'Fox'}, 'location': {'street': {'number': 8219, 'name': 'Railroad St'}, 'city': 'Santa Ana', 'state': 'Texas', 'country': 'United States', 'postcode': 90510, 'coordinates': {'latitude': '89.9246', 'longitude': '-92.9333'}, 'timezone': {'offset': '+10:00', 'description': 'Eastern Australia, Guam, Vladivostok'}}, 'email': 'gregory.fox@example.com', 'login': {'uuid': '64fdacde-6a26-49d5-af37-71b9f6e698b4', 'username': 'blueladybug542', 'password': 'woods', 'salt': 'xOkxJZwh', 'md5': 'aecf198da1451f5bc232801d53f4016f', 'sha1': '36bfd16f266755545bb1711679b82d74855c5efd', 'sha256': 'da6db534130819c34fb3fcb2dd24cfa57d8ba609608a27124737456bb365c95d'}, 'dob': {'date': '1950-04-02T05:03:46.142Z', 'age': 74}, 'registered': {'date': '2017-02-06T20:00:45.713Z', 'age': 7}, 'phone': '(948) 555-6246', 'cell': '(692) 561-3309', 'id': {'name': 'SSN', 'value': '113-16-9930'}, 'picture': {'large': 'https://randomuser.me/api/portraits/men/61.jpg', 'medium': 'https://randomuser.me/api/portraits/med/men/61.jpg', 'thumbnail': 'https://randomuser.me/api/portraits/thumb/men/61.jpg'}, 'nat': 'US'}], 'info': {'seed': 'cb15c666375e57ca', 'results': 1, 'page': 1, 'version': '1.4'}}</msg>
<arg>${json_data}</arg>
<doc>Logs the given message with the given level.</doc>
<status status="PASS" start="2024-04-27T01:56:30.783719" elapsed="0.000233"/>
</kw>
<kw name="Should Be String" owner="String">
<arg>${json_data['results'][0]['gender']}</arg>
<doc>Fails if the given ``item`` is not a string.</doc>
<status status="PASS" start="2024-04-27T01:56:30.784266" elapsed="0.000376"/>
</kw>
<kw name="Should Match Regexp" owner="BuiltIn">
<arg>${json_data['results'][0]['email']}</arg>
<arg>^[a-zA-Z0-9._%+-]+@[a-zA-Z0-9.-]+\.[a-zA-Z]{2,}$</arg>
<doc>Fails if ``string`` does not match ``pattern`` as a regular expression.</doc>
<status status="PASS" start="2024-04-27T01:56:30.784838" elapsed="0.000521"/>
</kw>
<kw name="Should Match Regexp" owner="BuiltIn">
<arg>${json_data['results'][0]['dob']['date']}</arg>
<arg>\\d{4}-\\d{2}-\\d{2}T\\d{2}:\\d{2}:\\d{2}\\.\\d{3}Z</arg>
<doc>Fails if ``string`` does not match ``pattern`` as a regular expression.</doc>
<status status="PASS" start="2024-04-27T01:56:30.785557" elapsed="0.000517"/>
</kw>
<kw name="Should Match Regexp" owner="BuiltIn">
<arg>${json_data['results'][0]['registered']['date']}</arg>
<arg>\\d{4}-\\d{2}-\\d{2}T\\d{2}:\\d{2}:\\d{2}\\.\\d{3}Z</arg>
<doc>Fails if ``string`` does not match ``pattern`` as a regular expression.</doc>
<status status="PASS" start="2024-04-27T01:56:30.786267" elapsed="0.000372"/>
</kw>
<kw name="Should Match Regexp" owner="BuiltIn">
<arg>${json_data['results'][0]['picture']['large']}</arg>
<arg>^https?://.*\.(?:png|jpe?g|gif|bmp)$</arg>
<doc>Fails if ``string`` does not match ``pattern`` as a regular expression.</doc>
<status status="PASS" start="2024-04-27T01:56:30.786824" elapsed="0.000457"/>
</kw>
<kw name="Should Match Regexp" owner="BuiltIn">
<arg>${json_data['results'][0]['picture']['medium']}</arg>
<arg>^https?://.*\.(?:png|jpe?g|gif|bmp)$</arg>
<doc>Fails if ``string`` does not match ``pattern`` as a regular expression.</doc>
<status status="PASS" start="2024-04-27T01:56:30.787468" elapsed="0.000359"/>
</kw>
<kw name="Should Match Regexp" owner="BuiltIn">
<arg>${json_data['results'][0]['picture']['thumbnail']}</arg>
<arg>^https?://.*\.(?:png|jpe?g|gif|bmp)$</arg>
<doc>Fails if ``string`` does not match ``pattern`` as a regular expression.</doc>
<status status="PASS" start="2024-04-27T01:56:30.788016" elapsed="0.000348"/>
</kw>
<kw name="Log" owner="BuiltIn">
<msg time="2024-04-27T01:56:30.788863" level="INFO">{'large': 'https://randomuser.me/api/portraits/men/61.jpg', 'medium': 'https://randomuser.me/api/portraits/med/men/61.jpg', 'thumbnail': 'https://randomuser.me/api/portraits/thumb/men/61.jpg'}</msg>
<arg>${json_data['results'][0]['picture']}</arg>
<doc>Logs the given message with the given level.</doc>
<status status="PASS" start="2024-04-27T01:56:30.788544" elapsed="0.000361"/>
</kw>
<status status="PASS" start="2024-04-27T01:56:30.711240" elapsed="0.077918"/>
</kw>
<kw name="Teste de Tipos de Dados - Postcode" owner="random-user-service">
<kw name="GET On Session" owner="RequestsLibrary">
<msg time="2024-04-27T01:56:30.898943" level="INFO">GET Request : url=https://randomuser.me/api 
 path_url=/api 
 headers={'User-Agent': 'python-requests/2.31.0', 'Accept-Encoding': 'gzip, deflate', 'Accept': '*/*', 'Connection': 'keep-alive'} 
 body=None 
 </msg>
<msg time="2024-04-27T01:56:30.899025" level="INFO">GET Response : url=https://randomuser.me/api 
 status=200, reason=OK 
 headers={'Date': 'Sat, 27 Apr 2024 01:56:30 GMT', 'Content-Type': 'application/json; charset=utf-8', 'Transfer-Encoding': 'chunked', 'Connection': 'keep-alive', 'X-Powered-By': 'Express', 'Access-Control-Allow-Origin': '*', 'Cache-Control': 'no-cache', 'ETag': 'W/"48c-hqWPHshWQGZHeOk8p/2jV/mwX08"', 'Vary': 'Accept-Encoding', 'Content-Encoding': 'gzip', 'CF-Cache-Status': 'DYNAMIC', 'Report-To': '{"endpoints":[{"url":"https:\\/\\/a.nel.cloudflare.com\\/report\\/v4?s=CMD4eDKZY8rRF2Nz63v%2BbHtOGDpqemQfeH8duquN6Pac29qJ6BRHWk5P7IecCSaSfau14vrEnAyEXtSmkmsMy3hfswj00qMX55nmo43SwKaYo0XDb8BqpfvaCPK7Loam"}],"group":"cf-nel","max_age":604800}', 'NEL': '{"success_fraction":0,"report_to":"cf-nel","max_age":604800}', 'Server': 'cloudflare', 'CF-RAY': '87ab324c7985109d-ORD', 'alt-svc': 'h3=":443"; ma=86400'} 
 body={"results":[{"gender":"male","name":{"title":"Mr","first":"Dragan","last":"Omelyanenko"},"location":{"street":{"number":9734,"name":"Nova"},"city":"Marganec","state":"Poltavska","country":"Ukraine","postcode":44091,"coordinates":{"latitude":"73.7260","longitude":"-153.7213"},"timezone":{"offset":"+10:00","description":"Eastern Australia, Guam, Vladivostok"}},"email":"dragan.omelyanenko@example.com","login":{"uuid":"5aff98a6-f0bd-4faf-86e6-6e3d8e1a5f36","username":"whitegorilla492","password":"higgins","salt":"9bU20O0W","md5":"b163741374870470a2a7abb8f8e62d24","sha1":"6a995275210ee56dea24fe1b2db6740bfb072c0a","sha256":"ba386c41a4504866db2a7aee3fc046e6b91cf72b1f8123fb399d3b6edd3cec69"},"dob":{"date":"1996-07-25T05:21:27.950Z","age":27},"registered":{"date":"2006-06-14T08:58:33.730Z","age":17},"phone":"(096) Y16-3914","cell":"(097) H45-7486","id":{"name":"","value":null},"picture":{"large":"https://randomuser.me/api/portraits/men/84.jpg","medium":"https://randomuser.me/api/portraits/med/men/84.jpg","thumbnail":"https://randomuser.me/api/portraits/thumb/men/84.jpg"},"nat":"UA"}],"info":{"seed":"96b6b56932235695","results":1,"page":1,"version":"1.4"}} 
 </msg>
<msg time="2024-04-27T01:56:30.899098" level="INFO">/opt/hostedtoolcache/Python/3.12.3/x64/lib/python3.12/site-packages/urllib3/connectionpool.py:1103: InsecureRequestWarning: Unverified HTTPS request is being made to host 'randomuser.me'. Adding certificate verification is strongly advised. See: https://urllib3.readthedocs.io/en/latest/advanced-usage.html#tls-warnings
  warnings.warn(</msg>
<msg time="2024-04-27T01:56:30.899191" level="INFO">${response} = &lt;Response [200]&gt;</msg>
<var>${response}</var>
<arg>consultarAPI</arg>
<arg>/api</arg>
<doc>Sends a GET request on a previously created HTTP Session.</doc>
<status status="PASS" start="2024-04-27T01:56:30.789593" elapsed="0.109639"/>
</kw>
<kw name="Set Variable" owner="BuiltIn">
<msg time="2024-04-27T01:56:30.900271" level="INFO">${json_data} = {'results': [{'gender': 'male', 'name': {'title': 'Mr', 'first': 'Dragan', 'last': 'Omelyanenko'}, 'location': {'street': {'number': 9734, 'name': 'Nova'}, 'city': 'Marganec', 'state': 'Poltavska', 'c...</msg>
<var>${json_data}</var>
<arg>${response.json()}</arg>
<doc>Returns the given values which can then be assigned to a variables.</doc>
<status status="PASS" start="2024-04-27T01:56:30.899688" elapsed="0.000611"/>
</kw>
<kw name="Log" owner="BuiltIn">
<msg time="2024-04-27T01:56:30.900757" level="INFO">{'results': [{'gender': 'male', 'name': {'title': 'Mr', 'first': 'Dragan', 'last': 'Omelyanenko'}, 'location': {'street': {'number': 9734, 'name': 'Nova'}, 'city': 'Marganec', 'state': 'Poltavska', 'country': 'Ukraine', 'postcode': 44091, 'coordinates': {'latitude': '73.7260', 'longitude': '-153.7213'}, 'timezone': {'offset': '+10:00', 'description': 'Eastern Australia, Guam, Vladivostok'}}, 'email': 'dragan.omelyanenko@example.com', 'login': {'uuid': '5aff98a6-f0bd-4faf-86e6-6e3d8e1a5f36', 'username': 'whitegorilla492', 'password': 'higgins', 'salt': '9bU20O0W', 'md5': 'b163741374870470a2a7abb8f8e62d24', 'sha1': '6a995275210ee56dea24fe1b2db6740bfb072c0a', 'sha256': 'ba386c41a4504866db2a7aee3fc046e6b91cf72b1f8123fb399d3b6edd3cec69'}, 'dob': {'date': '1996-07-25T05:21:27.950Z', 'age': 27}, 'registered': {'date': '2006-06-14T08:58:33.730Z', 'age': 17}, 'phone': '(096) Y16-3914', 'cell': '(097) H45-7486', 'id': {'name': '', 'value': None}, 'picture': {'large': 'https://randomuser.me/api/portraits/men/84.jpg', 'medium': 'https://randomuser.me/api/portraits/med/men/84.jpg', 'thumbnail': 'https://randomuser.me/api/portraits/thumb/men/84.jpg'}, 'nat': 'UA'}], 'info': {'seed': '96b6b56932235695', 'results': 1, 'page': 1, 'version': '1.4'}}</msg>
<arg>${json_data}</arg>
<doc>Logs the given message with the given level.</doc>
<status status="PASS" start="2024-04-27T01:56:30.900606" elapsed="0.000227"/>
</kw>
<kw name="Should Be Equal As Numbers" owner="BuiltIn">
<arg>${json_data['results'][0]['location']['postcode']}</arg>
<arg>${json_data['results'][0]['location']['postcode']}</arg>
<doc>Fails if objects are unequal after converting them to real numbers.</doc>
<status status="PASS" start="2024-04-27T01:56:30.901261" elapsed="0.000661"/>
</kw>
<kw name="Log" owner="BuiltIn">
<msg time="2024-04-27T01:56:30.902455" level="INFO">44091</msg>
<arg>${json_data['results'][0]['location']['postcode']}</arg>
<doc>Logs the given message with the given level.</doc>
<status status="PASS" start="2024-04-27T01:56:30.902119" elapsed="0.000376"/>
</kw>
<status status="PASS" start="2024-04-27T01:56:30.789369" elapsed="0.113378"/>
</kw>
<doc>Testa se os tipos de dados na resposta da API estão corretos.</doc>
<tag>testeTiposDados</tag>
<status status="PASS" start="2024-04-27T01:56:30.710828" elapsed="0.192075"/>
</test>
<test id="s1-s1-t5" name="Validar conteudo" line="35">
<kw name="Teste de Tipos de Conteudo" owner="random-user-service">
<kw name="GET On Session" owner="RequestsLibrary">
<msg time="2024-04-27T01:56:31.003055" level="INFO">GET Request : url=https://randomuser.me/api 
 path_url=/api 
 headers={'User-Agent': 'python-requests/2.31.0', 'Accept-Encoding': 'gzip, deflate', 'Accept': '*/*', 'Connection': 'keep-alive'} 
 body=None 
 </msg>
<msg time="2024-04-27T01:56:31.003139" level="INFO">GET Response : url=https://randomuser.me/api 
 status=200, reason=OK 
 headers={'Date': 'Sat, 27 Apr 2024 01:56:31 GMT', 'Content-Type': 'application/json; charset=utf-8', 'Transfer-Encoding': 'chunked', 'Connection': 'keep-alive', 'X-Powered-By': 'Express', 'Access-Control-Allow-Origin': '*', 'Cache-Control': 'no-cache', 'ETag': 'W/"490-BaIBqFW2yiiSdH0u5dvfFUbSvY4"', 'Vary': 'Accept-Encoding', 'Content-Encoding': 'gzip', 'CF-Cache-Status': 'DYNAMIC', 'Report-To': '{"endpoints":[{"url":"https:\\/\\/a.nel.cloudflare.com\\/report\\/v4?s=NW2znNo%2BqnphGbRmq%2BMYe20WFUjp0y3Rhe16h5pNbawj7qQpGF4RvRzR9VtrypXKA%2BPYxbQrhljpsLxm%2FjAT%2FGPLgLuVMWz5Lj93ZXR7UHKnYKqHx7Ht5q0NOMH%2FFeAw"}],"group":"cf-nel","max_age":604800}', 'NEL': '{"success_fraction":0,"report_to":"cf-nel","max_age":604800}', 'Server': 'cloudflare', 'CF-RAY': '87ab324d2ad4109d-ORD', 'alt-svc': 'h3=":443"; ma=86400'} 
 body={"results":[{"gender":"female","name":{"title":"Mrs","first":"Débora","last":"Rendón"},"location":{"street":{"number":3193,"name":"Peatonal del Río"},"city":"Casas Grandes","state":"Tlaxcala","country":"Mexico","postcode":90610,"coordinates":{"latitude":"25.0133","longitude":"84.6642"},"timezone":{"offset":"-2:00","description":"Mid-Atlantic"}},"email":"debora.rendon@example.com","login":{"uuid":"4b965b1e-ecb2-4ca2-b1bb-433eb333ad77","username":"silverfish304","password":"playball","salt":"WSiXQj7f","md5":"2a2ddd654723a879bf1dd05a81346574","sha1":"8bcf5260a15d922eb34615cf421bd6e8b7335187","sha256":"c9a470827fe479ce529889d91dd2b73bc908471417e3618bfe021884bc27280e"},"dob":{"date":"1957-12-31T18:49:46.378Z","age":66},"registered":{"date":"2020-06-22T16:46:46.778Z","age":3},"phone":"(622) 268 4460","cell":"(641) 106 5673","id":{"name":"NSS","value":"15 93 55 3276 6"},"picture":{"large":"https://randomuser.me/api/portraits/women/69.jpg","medium":"https://randomuser.me/api/portraits/med/women/69.jpg","thumbnail":"https://randomuser.me/api/portraits/thumb/women/69.jpg"},"nat":"MX"}],"info":{"seed":"628e11ab23bcbc6b","results":1,"page":1,"version":"1.4"}} 
 </msg>
<msg time="2024-04-27T01:56:31.003215" level="INFO">/opt/hostedtoolcache/Python/3.12.3/x64/lib/python3.12/site-packages/urllib3/connectionpool.py:1103: InsecureRequestWarning: Unverified HTTPS request is being made to host 'randomuser.me'. Adding certificate verification is strongly advised. See: https://urllib3.readthedocs.io/en/latest/advanced-usage.html#tls-warnings
  warnings.warn(</msg>
<msg time="2024-04-27T01:56:31.003330" level="INFO">${response} = &lt;Response [200]&gt;</msg>
<var>${response}</var>
<arg>consultarAPI</arg>
<arg>/api</arg>
<doc>Sends a GET request on a previously created HTTP Session.</doc>
<status status="PASS" start="2024-04-27T01:56:30.905233" elapsed="0.098133"/>
</kw>
<kw name="Set Variable" owner="BuiltIn">
<msg time="2024-04-27T01:56:31.004156" level="INFO">${json_data} = {'results': [{'gender': 'female', 'name': {'title': 'Mrs', 'first': 'Débora', 'last': 'Rendón'}, 'location': {'street': {'number': 3193, 'name': 'Peatonal del Río'}, 'city': 'Casas Grandes', 'state': ...</msg>
<var>${json_data}</var>
<arg>${response.json()}</arg>
<doc>Returns the given values which can then be assigned to a variables.</doc>
<status status="PASS" start="2024-04-27T01:56:31.003724" elapsed="0.000461"/>
</kw>
<kw name="Set Variable" owner="BuiltIn">
<msg time="2024-04-27T01:56:31.004867" level="INFO">${name_title} = Mrs</msg>
<var>${name_title}</var>
<arg>${json_data["results"][0]["name"]["title"]}</arg>
<doc>Returns the given values which can then be assigned to a variables.</doc>
<status status="PASS" start="2024-04-27T01:56:31.004487" elapsed="0.000405"/>
</kw>
<kw name="Create List" owner="BuiltIn">
<msg time="2024-04-27T01:56:31.005338" level="INFO">${allowed_titles} = ['Mr', 'Ms', 'Miss', 'Mrs', 'Madame', 'Monsieur']</msg>
<var>${allowed_titles}</var>
<arg>Mr</arg>
<arg>Ms</arg>
<arg>Miss</arg>
<arg>Mrs</arg>
<arg>Madame</arg>
<arg>Monsieur</arg>
<doc>Returns a list containing given items.</doc>
<status status="PASS" start="2024-04-27T01:56:31.005189" elapsed="0.000174"/>
</kw>
<kw name="List Should Contain Value" owner="Collections">
<msg time="2024-04-27T01:56:31.005854" level="INFO">False</msg>
<arg>${allowed_titles}</arg>
<arg>${name_title}</arg>
<doc>Fails if the ``value`` is not found from ``list``.</doc>
<status status="PASS" start="2024-04-27T01:56:31.005661" elapsed="0.000232"/>
</kw>
<kw name="Set Variable" owner="BuiltIn">
<msg time="2024-04-27T01:56:31.006558" level="INFO">${name_country} = MX</msg>
<var>${name_country}</var>
<arg>${json_data["results"][0]["nat"]}</arg>
<doc>Returns the given values which can then be assigned to a variables.</doc>
<status status="PASS" start="2024-04-27T01:56:31.006180" elapsed="0.000403"/>
</kw>
<kw name="Create List" owner="BuiltIn">
<msg time="2024-04-27T01:56:31.007465" level="INFO">${list_country} = ['AD', 'AE', 'AF', 'AG', 'AI', 'AL', 'AM', 'AO', 'AQ', 'AR', 'AS', 'AT', 'AU', 'AW', 'AX', 'AZ', 'BA', 'BB', 'BD', 'BE', 'BF', 'BG', 'BH', 'BI', 'BJ', 'BL', 'BM', 'BN', 'BO', 'BQ', 'BR', 'BS', 'BT', '...</msg>
<var>${list_country}</var>
<arg>AD</arg>
<arg>AE</arg>
<arg>AF</arg>
<arg>AG</arg>
<arg>AI</arg>
<arg>AL</arg>
<arg>AM</arg>
<arg>AO</arg>
<arg>AQ</arg>
<arg>AR</arg>
<arg>AS</arg>
<arg>AT</arg>
<arg>AU</arg>
<arg>AW</arg>
<arg>AX</arg>
<arg>AZ</arg>
<arg>BA</arg>
<arg>BB</arg>
<arg>BD</arg>
<arg>BE</arg>
<arg>BF</arg>
<arg>BG</arg>
<arg>BH</arg>
<arg>BI</arg>
<arg>BJ</arg>
<arg>BL</arg>
<arg>BM</arg>
<arg>BN</arg>
<arg>BO</arg>
<arg>BQ</arg>
<arg>BR</arg>
<arg>BS</arg>
<arg>BT</arg>
<arg>BV</arg>
<arg>BW</arg>
<arg>BY</arg>
<arg>BZ</arg>
<arg>CA</arg>
<arg>CC</arg>
<arg>CD</arg>
<arg>CF</arg>
<arg>CG</arg>
<arg>CH</arg>
<arg>CI</arg>
<arg>CK</arg>
<arg>CL</arg>
<arg>CM</arg>
<arg>CN</arg>
<arg>CO</arg>
<arg>CR</arg>
<arg>CU</arg>
<arg>CV</arg>
<arg>CW</arg>
<arg>CX</arg>
<arg>CY</arg>
<arg>CZ</arg>
<arg>DE</arg>
<arg>DJ</arg>
<arg>DK</arg>
<arg>DM</arg>
<arg>DO</arg>
<arg>DZ</arg>
<arg>EC</arg>
<arg>EE</arg>
<arg>EG</arg>
<arg>EH</arg>
<arg>ER</arg>
<arg>ES</arg>
<arg>ET</arg>
<arg>FI</arg>
<arg>FJ</arg>
<arg>FK</arg>
<arg>FM</arg>
<arg>FO</arg>
<arg>FR</arg>
<arg>GA</arg>
<arg>GB</arg>
<arg>GD</arg>
<arg>GE</arg>
<arg>GF</arg>
<arg>GG</arg>
<arg>GH</arg>
<arg>GI</arg>
<arg>GL</arg>
<arg>GM</arg>
<arg>GN</arg>
<arg>GP</arg>
<arg>GQ</arg>
<arg>GR</arg>
<arg>GS</arg>
<arg>GT</arg>
<arg>GU</arg>
<arg>GW</arg>
<arg>GY</arg>
<arg>HK</arg>
<arg>HM</arg>
<arg>HN</arg>
<arg>HR</arg>
<arg>HT</arg>
<arg>HU</arg>
<arg>ID</arg>
<arg>IE</arg>
<arg>IL</arg>
<arg>IM</arg>
<arg>IN</arg>
<arg>IO</arg>
<arg>IQ</arg>
<arg>IR</arg>
<arg>IS</arg>
<arg>IT</arg>
<arg>JE</arg>
<arg>JM</arg>
<arg>JO</arg>
<arg>JP</arg>
<arg>KE</arg>
<arg>KG</arg>
<arg>KH</arg>
<arg>KI</arg>
<arg>KM</arg>
<arg>KN</arg>
<arg>KP</arg>
<arg>KR</arg>
<arg>KW</arg>
<arg>KY</arg>
<arg>KZ</arg>
<arg>LA</arg>
<arg>LB</arg>
<arg>LC</arg>
<arg>LI</arg>
<arg>LK</arg>
<arg>LR</arg>
<arg>LS</arg>
<arg>LT</arg>
<arg>LU</arg>
<arg>LV</arg>
<arg>LY</arg>
<arg>MA</arg>
<arg>MC</arg>
<arg>MD</arg>
<arg>ME</arg>
<arg>MF</arg>
<arg>MG</arg>
<arg>MH</arg>
<arg>MK</arg>
<arg>ML</arg>
<arg>MM</arg>
<arg>MN</arg>
<arg>MO</arg>
<arg>MP</arg>
<arg>MQ</arg>
<arg>MR</arg>
<arg>MS</arg>
<arg>MT</arg>
<arg>MU</arg>
<arg>MV</arg>
<arg>MW</arg>
<arg>MX</arg>
<arg>MY</arg>
<arg>MZ</arg>
<arg>NA</arg>
<arg>NC</arg>
<arg>NE</arg>
<arg>NF</arg>
<arg>NG</arg>
<arg>NI</arg>
<arg>NL</arg>
<arg>NO</arg>
<arg>NP</arg>
<arg>NR</arg>
<arg>NU</arg>
<arg>NZ</arg>
<arg>OM</arg>
<arg>PA</arg>
<arg>PE</arg>
<arg>PF</arg>
<arg>PG</arg>
<arg>PH</arg>
<arg>PK</arg>
<arg>PL</arg>
<arg>PM</arg>
<arg>PN</arg>
<arg>PR</arg>
<arg>PS</arg>
<arg>PT</arg>
<arg>PW</arg>
<arg>PY</arg>
<arg>QA</arg>
<arg>RE</arg>
<arg>RO</arg>
<arg>RS</arg>
<arg>RU</arg>
<arg>RW</arg>
<arg>SA</arg>
<arg>SB</arg>
<arg>SC</arg>
<arg>SD</arg>
<arg>SE</arg>
<arg>SG</arg>
<arg>SH</arg>
<arg>SI</arg>
<arg>SJ</arg>
<arg>SK</arg>
<arg>SL</arg>
<arg>SM</arg>
<arg>SN</arg>
<arg>SO</arg>
<arg>SR</arg>
<arg>SS</arg>
<arg>ST</arg>
<arg>SV</arg>
<arg>SX</arg>
<arg>SY</arg>
<arg>SZ</arg>
<arg>TC</arg>
<arg>TD</arg>
<arg>TF</arg>
<arg>TG</arg>
<arg>TH</arg>
<arg>TJ</arg>
<arg>TK</arg>
<arg>TL</arg>
<arg>TM</arg>
<arg>TN</arg>
<arg>TO</arg>
<arg>TR</arg>
<arg>TT</arg>
<arg>TV</arg>
<arg>TW</arg>
<arg>TZ</arg>
<arg>UA</arg>
<arg>UG</arg>
<arg>UM</arg>
<arg>US</arg>
<arg>UY</arg>
<arg>UZ</arg>
<arg>VA</arg>
<arg>VC</arg>
<arg>VE</arg>
<arg>VG</arg>
<arg>VI</arg>
<arg>VN</arg>
<arg>VU</arg>
<arg>WF</arg>
<arg>WS</arg>
<arg>XK</arg>
<arg>YE</arg>
<arg>YT</arg>
<arg>ZA</arg>
<arg>ZM</arg>
<arg>ZW</arg>
<doc>Returns a list containing given items.</doc>
<status status="PASS" start="2024-04-27T01:56:31.006882" elapsed="0.000608"/>
</kw>
<kw name="List Should Contain Value" owner="Collections">
<msg time="2024-04-27T01:56:31.008479" level="INFO">False</msg>
<arg>${list_country}</arg>
<arg>${name_country}</arg>
<doc>Fails if the ``value`` is not found from ``list``.</doc>
<status status="PASS" start="2024-04-27T01:56:31.008281" elapsed="0.000234"/>
</kw>
<kw name="Run Keyword If" owner="BuiltIn">
<kw name="Should Be True" owner="BuiltIn">
<arg>${True}</arg>
<doc>Fails if the given condition is not true.</doc>
<status status="PASS" start="2024-04-27T01:56:31.009563" elapsed="0.000260"/>
</kw>
<arg>${json_data["results"][0]["location"]["coordinates"]["latitude"]} &gt;= -90 and ${json_data["results"][0]["location"]["coordinates"]["latitude"]} &lt;= 90</arg>
<arg>Should Be True</arg>
<arg>${True}</arg>
<doc>Runs the given keyword with the given arguments, if ``condition`` is true.</doc>
<status status="PASS" start="2024-04-27T01:56:31.008822" elapsed="0.001140"/>
</kw>
<kw name="Run Keyword If" owner="BuiltIn">
<kw name="Should Be True" owner="BuiltIn">
<arg>${True}</arg>
<doc>Fails if the given condition is not true.</doc>
<status status="PASS" start="2024-04-27T01:56:31.010851" elapsed="0.000167"/>
</kw>
<arg>${json_data["results"][0]["location"]["coordinates"]["longitude"]} &gt;= -180 and ${json_data["results"][0]["location"]["coordinates"]["longitude"]} &lt;= 180</arg>
<arg>Should Be True</arg>
<arg>${True}</arg>
<doc>Runs the given keyword with the given arguments, if ``condition`` is true.</doc>
<status status="PASS" start="2024-04-27T01:56:31.010151" elapsed="0.001000"/>
</kw>
<status status="PASS" start="2024-04-27T01:56:30.905017" elapsed="0.106262"/>
</kw>
<doc>Testa o conteúdo específico dos campos retornados pela API.</doc>
<tag>testeConteudo</tag>
<status status="PASS" start="2024-04-27T01:56:30.904611" elapsed="0.106806"/>
</test>
<status status="PASS" start="2024-04-27T01:56:30.208048" elapsed="0.805329"/>
</suite>
<status status="PASS" start="2024-04-27T01:56:30.194800" elapsed="0.823650"/>
</suite>
<statistics>
<total>
<stat pass="5" fail="0" skip="0">All Tests</stat>
</total>
<tag>
<stat pass="1" fail="0" skip="0">testeConteudo</stat>
<stat pass="1" fail="0" skip="0">testeEstruturaResposta</stat>
<stat pass="1" fail="0" skip="0">testeRequisicaoBasica</stat>
<stat pass="1" fail="0" skip="0">testeTiposDados</stat>
</tag>
<suite>
<stat pass="5" fail="0" skip="0" id="s1" name="Tests">Tests</stat>
<stat pass="5" fail="0" skip="0" id="s1-s1" name="Random-User-Test">Tests.Random-User-Test</stat>
</suite>
</statistics>
<errors>
</errors>
</robot>
