<?xml version="1.0" encoding="UTF-8"?>
<robot generator="Robot 7.0 (Python 3.12.3 on linux)" generated="2024-05-26T10:16:03.825743" rpa="false" schemaversion="5">
<suite id="s1" name="Tests" source="/home/runner/work/ApiRandomUser/ApiRandomUser/RamdonUser/tests">
<suite id="s1-s1" name="Random-User-Test" source="/home/runner/work/ApiRandomUser/ApiRandomUser/RamdonUser/tests/random-user-test.robot">
<test id="s1-s1-t1" name="Conectar" line="13">
<kw name="Conectar API" owner="random-user-service">
<kw name="Create Session" owner="RequestsLibrary">
<msg time="2024-05-26T10:16:04.205686" level="INFO">Creating Session using : alias=consultarAPI, url=https://randomuser.me/, headers={},                     cookies={}, auth=None, timeout=None, proxies=None, verify=False,                     debug=0 </msg>
<arg>consultarAPI</arg>
<arg>${URL}</arg>
<doc>Create Session: create a HTTP session to a server</doc>
<status status="PASS" start="2024-05-26T10:16:04.205492" elapsed="0.000359"/>
</kw>
<status status="PASS" start="2024-05-26T10:16:04.204460" elapsed="0.001735"/>
</kw>
<status status="PASS" start="2024-05-26T10:16:04.203879" elapsed="0.002509"/>
</test>
<test id="s1-s1-t2" name="Validar retorno 200 e JSON Válido" line="16">
<kw name="Teste de Requisicao Basica" owner="random-user-service">
<kw name="GET On Session" owner="RequestsLibrary">
<msg time="2024-05-26T10:16:04.811991" level="INFO">GET Request : url=https://randomuser.me/api 
 path_url=/api 
 headers={'User-Agent': 'python-requests/2.32.2', 'Accept-Encoding': 'gzip, deflate', 'Accept': '*/*', 'Connection': 'keep-alive'} 
 body=None 
 </msg>
<msg time="2024-05-26T10:16:04.812145" level="INFO">GET Response : url=https://randomuser.me/api 
 status=200, reason=OK 
 headers={'Date': 'Sun, 26 May 2024 10:16:04 GMT', 'Content-Type': 'application/json; charset=utf-8', 'Transfer-Encoding': 'chunked', 'Connection': 'keep-alive', 'X-Powered-By': 'Express', 'Access-Control-Allow-Origin': '*', 'Cache-Control': 'no-cache', 'ETag': 'W/"482-hkHNMZKJm8ey0H0mOPeRMoAnJdk"', 'Vary': 'Accept-Encoding', 'Content-Encoding': 'gzip', 'CF-Cache-Status': 'DYNAMIC', 'Report-To': '{"endpoints":[{"url":"https:\\/\\/a.nel.cloudflare.com\\/report\\/v4?s=cWaqYIN2pzoU7qTasSa5kt8Iq8NRsF9GD8yHnHFjIPgQNfH5k9Q2ZPjUB5T9Nt3yPAu3i4WLkwoqNToiC8DTWaXE3iDCFLjZxxxPV1qnO87wcEJWJbwpzg60YEyOvpiV"}],"group":"cf-nel","max_age":604800}', 'NEL': '{"success_fraction":0,"report_to":"cf-nel","max_age":604800}', 'Server': 'cloudflare', 'CF-RAY': '889d01f3ad441183-ORD', 'alt-svc': 'h3=":443"; ma=86400'} 
 body={"results":[{"gender":"male","name":{"title":"Mr","first":"Justin","last":"Adam"},"location":{"street":{"number":8529,"name":"Rue Chazière"},"city":"Strasbourg","state":"Yonne","country":"France","postcode":75764,"coordinates":{"latitude":"-19.2895","longitude":"-7.6674"},"timezone":{"offset":"-12:00","description":"Eniwetok, Kwajalein"}},"email":"justin.adam@example.com","login":{"uuid":"600d7dfb-6ea3-49cf-a6ed-4a0c93b8a03e","username":"tinysnake372","password":"hannah1","salt":"z5PlIV86","md5":"d4e7aae3e02a7f694c7c178a241e3445","sha1":"90dc9368e8d6c43be97e38b78b812e39140fcb4e","sha256":"7138b2a3b4993ee18dd9430a44ffc0befa709c97be1e3206a49484a4c821d17b"},"dob":{"date":"1980-06-17T01:10:44.801Z","age":43},"registered":{"date":"2002-11-15T07:27:48.103Z","age":21},"phone":"04-27-56-02-98","cell":"06-16-72-02-11","id":{"name":"INSEE","value":"1800598341745 46"},"picture":{"large":"https://randomuser.me/api/portraits/men/77.jpg","medium":"https://randomuser.me/api/portraits/med/men/77.jpg","thumbnail":"https://randomuser.me/api/portraits/thumb/men/77.jpg"},"nat":"FR"}],"info":{"seed":"545dc0ae6ae39185","results":1,"page":1,"version":"1.4"}} 
 </msg>
<msg time="2024-05-26T10:16:04.812237" level="INFO">/opt/hostedtoolcache/Python/3.12.3/x64/lib/python3.12/site-packages/urllib3/connectionpool.py:1103: InsecureRequestWarning: Unverified HTTPS request is being made to host 'randomuser.me'. Adding certificate verification is strongly advised. See: https://urllib3.readthedocs.io/en/latest/advanced-usage.html#tls-warnings
  warnings.warn(</msg>
<msg time="2024-05-26T10:16:04.812374" level="INFO">${response} = &lt;Response [200]&gt;</msg>
<var>${response}</var>
<arg>consultarAPI</arg>
<arg>/api</arg>
<doc>Sends a GET request on a previously created HTTP Session.</doc>
<status status="PASS" start="2024-05-26T10:16:04.209033" elapsed="0.603385"/>
</kw>
<kw name="Should Be Equal As Numbers" owner="BuiltIn">
<msg time="2024-05-26T10:16:04.813293" level="INFO">Argument types are:
&lt;class 'int'&gt;
&lt;class 'str'&gt;</msg>
<arg>${response.status_code}</arg>
<arg>200</arg>
<doc>Fails if objects are unequal after converting them to real numbers.</doc>
<status status="PASS" start="2024-05-26T10:16:04.812879" elapsed="0.000478"/>
</kw>
<kw name="Log" owner="BuiltIn">
<msg time="2024-05-26T10:16:04.814029" level="INFO">200</msg>
<arg>${response.status_code}</arg>
<doc>Logs the given message with the given level.</doc>
<status status="PASS" start="2024-05-26T10:16:04.813690" elapsed="0.000386"/>
</kw>
<kw name="Set Variable" owner="BuiltIn">
<msg time="2024-05-26T10:16:04.814819" level="INFO">${json_data} = {'results': [{'gender': 'male', 'name': {'title': 'Mr', 'first': 'Justin', 'last': 'Adam'}, 'location': {'street': {'number': 8529, 'name': 'Rue Chazière'}, 'city': 'Strasbourg', 'state': 'Yonne', 'co...</msg>
<var>${json_data}</var>
<arg>${response.json()}</arg>
<doc>Returns the given values which can then be assigned to a variables.</doc>
<status status="PASS" start="2024-05-26T10:16:04.814381" elapsed="0.000470"/>
</kw>
<kw name="Dictionary Should Contain Key" owner="Collections">
<msg time="2024-05-26T10:16:04.815312" level="INFO">False</msg>
<arg>${json_data}</arg>
<arg>results</arg>
<doc>Fails if ``key`` is not found from ``dictionary``.</doc>
<status status="PASS" start="2024-05-26T10:16:04.815149" elapsed="0.000338"/>
</kw>
<status status="PASS" start="2024-05-26T10:16:04.208790" elapsed="0.606967"/>
</kw>
<doc>Testa se a API responde corretamente e retorna um objeto JSON válido.</doc>
<tag>testeRequisicaoBasica</tag>
<status status="PASS" start="2024-05-26T10:16:04.208232" elapsed="0.607697"/>
</test>
<test id="s1-s1-t3" name="Validar estrutura de resposta" line="22">
<kw name="Teste de Estrutura de Resposta" owner="random-user-service">
<kw name="GET On Session" owner="RequestsLibrary">
<msg time="2024-05-26T10:16:04.869857" level="INFO">GET Request : url=https://randomuser.me/api 
 path_url=/api 
 headers={'User-Agent': 'python-requests/2.32.2', 'Accept-Encoding': 'gzip, deflate', 'Accept': '*/*', 'Connection': 'keep-alive'} 
 body=None 
 </msg>
<msg time="2024-05-26T10:16:04.869945" level="INFO">GET Response : url=https://randomuser.me/api 
 status=200, reason=OK 
 headers={'Date': 'Sun, 26 May 2024 10:16:04 GMT', 'Content-Type': 'application/json; charset=utf-8', 'Transfer-Encoding': 'chunked', 'Connection': 'keep-alive', 'X-Powered-By': 'Express', 'Access-Control-Allow-Origin': '*', 'Cache-Control': 'no-cache', 'ETag': 'W/"49c-0wQydUB1AGUSjrJCqKLZWodZSPs"', 'Vary': 'Accept-Encoding', 'Content-Encoding': 'gzip', 'CF-Cache-Status': 'DYNAMIC', 'Report-To': '{"endpoints":[{"url":"https:\\/\\/a.nel.cloudflare.com\\/report\\/v4?s=7Cvfz3EqjsOLGp1rfQg2NNo7X%2BUdZXAhjpvGsC7Kd98L5jtvecpAozzPx28on%2FfmaiH%2BlsIRMs%2B5ylxp2YAcKBnWVB4a7%2FZEq0dxBu2O%2FMmvaBTEn%2F4gNEkG1AAlF9nw"}],"group":"cf-nel","max_age":604800}', 'NEL': '{"success_fraction":0,"report_to":"cf-nel","max_age":604800}', 'Server': 'cloudflare', 'CF-RAY': '889d01f62ec91183-ORD', 'alt-svc': 'h3=":443"; ma=86400'} 
 body={"results":[{"gender":"female","name":{"title":"Mrs","first":"Micha","last":"Rijsdijk"},"location":{"street":{"number":594,"name":"Brinkendael"},"city":"Winschoten","state":"Zeeland","country":"Netherlands","postcode":"1470 JT","coordinates":{"latitude":"33.8667","longitude":"37.5710"},"timezone":{"offset":"+9:00","description":"Tokyo, Seoul, Osaka, Sapporo, Yakutsk"}},"email":"micha.rijsdijk@example.com","login":{"uuid":"a95d03fe-e1ce-489e-a29d-27e9b2815e19","username":"ticklishcat502","password":"mian","salt":"eW3FM46i","md5":"560afc3b825d01d4c91a3a36e81f92be","sha1":"9dd0f63e62776711457fb56bcd82f49c55bf0a9e","sha256":"646d3d01cc2ccd04dea8c2b04152152cbad65c61b651f4a62931a9446513dca7"},"dob":{"date":"1995-03-16T05:08:35.889Z","age":29},"registered":{"date":"2014-02-21T04:45:54.185Z","age":10},"phone":"(0344) 106597","cell":"(06) 80578433","id":{"name":"BSN","value":"77517062"},"picture":{"large":"https://randomuser.me/api/portraits/women/69.jpg","medium":"https://randomuser.me/api/portraits/med/women/69.jpg","thumbnail":"https://randomuser.me/api/portraits/thumb/women/69.jpg"},"nat":"NL"}],"info":{"seed":"d1e421c4456c9f75","results":1,"page":1,"version":"1.4"}} 
 </msg>
<msg time="2024-05-26T10:16:04.870071" level="INFO">/opt/hostedtoolcache/Python/3.12.3/x64/lib/python3.12/site-packages/urllib3/connectionpool.py:1103: InsecureRequestWarning: Unverified HTTPS request is being made to host 'randomuser.me'. Adding certificate verification is strongly advised. See: https://urllib3.readthedocs.io/en/latest/advanced-usage.html#tls-warnings
  warnings.warn(</msg>
<msg time="2024-05-26T10:16:04.870221" level="INFO">${response} = &lt;Response [200]&gt;</msg>
<var>${response}</var>
<arg>consultarAPI</arg>
<arg>/api</arg>
<doc>Sends a GET request on a previously created HTTP Session.</doc>
<status status="PASS" start="2024-05-26T10:16:04.818510" elapsed="0.051771"/>
</kw>
<kw name="Set Variable" owner="BuiltIn">
<msg time="2024-05-26T10:16:04.871117" level="INFO">${json_data} = {'results': [{'gender': 'female', 'name': {'title': 'Mrs', 'first': 'Micha', 'last': 'Rijsdijk'}, 'location': {'street': {'number': 594, 'name': 'Brinkendael'}, 'city': 'Winschoten', 'state': 'Zeeland...</msg>
<var>${json_data}</var>
<arg>${response.json()}</arg>
<doc>Returns the given values which can then be assigned to a variables.</doc>
<status status="PASS" start="2024-05-26T10:16:04.870668" elapsed="0.000478"/>
</kw>
<kw name="Log" owner="BuiltIn">
<msg time="2024-05-26T10:16:04.871602" level="INFO">{'results': [{'gender': 'female', 'name': {'title': 'Mrs', 'first': 'Micha', 'last': 'Rijsdijk'}, 'location': {'street': {'number': 594, 'name': 'Brinkendael'}, 'city': 'Winschoten', 'state': 'Zeeland', 'country': 'Netherlands', 'postcode': '1470 JT', 'coordinates': {'latitude': '33.8667', 'longitude': '37.5710'}, 'timezone': {'offset': '+9:00', 'description': 'Tokyo, Seoul, Osaka, Sapporo, Yakutsk'}}, 'email': 'micha.rijsdijk@example.com', 'login': {'uuid': 'a95d03fe-e1ce-489e-a29d-27e9b2815e19', 'username': 'ticklishcat502', 'password': 'mian', 'salt': 'eW3FM46i', 'md5': '560afc3b825d01d4c91a3a36e81f92be', 'sha1': '9dd0f63e62776711457fb56bcd82f49c55bf0a9e', 'sha256': '646d3d01cc2ccd04dea8c2b04152152cbad65c61b651f4a62931a9446513dca7'}, 'dob': {'date': '1995-03-16T05:08:35.889Z', 'age': 29}, 'registered': {'date': '2014-02-21T04:45:54.185Z', 'age': 10}, 'phone': '(0344) 106597', 'cell': '(06) 80578433', 'id': {'name': 'BSN', 'value': '77517062'}, 'picture': {'large': 'https://randomuser.me/api/portraits/women/69.jpg', 'medium': 'https://randomuser.me/api/portraits/med/women/69.jpg', 'thumbnail': 'https://randomuser.me/api/portraits/thumb/women/69.jpg'}, 'nat': 'NL'}], 'info': {'seed': 'd1e421c4456c9f75', 'results': 1, 'page': 1, 'version': '1.4'}}</msg>
<arg>${json_data}</arg>
<doc>Logs the given message with the given level.</doc>
<status status="PASS" start="2024-05-26T10:16:04.871449" elapsed="0.000200"/>
</kw>
<kw name="Dictionary Should Contain Key" owner="Collections">
<msg time="2024-05-26T10:16:04.872094" level="INFO">False</msg>
<arg>${json_data}</arg>
<arg>results</arg>
<doc>Fails if ``key`` is not found from ``dictionary``.</doc>
<status status="PASS" start="2024-05-26T10:16:04.871942" elapsed="0.000195"/>
</kw>
<kw name="Should Not Be Empty" owner="BuiltIn">
<msg time="2024-05-26T10:16:04.872604" level="INFO">Length is 2.</msg>
<arg>${json_data}</arg>
<doc>Verifies that the given item is not empty.</doc>
<status status="PASS" start="2024-05-26T10:16:04.872428" elapsed="0.000217"/>
</kw>
<kw name="Create List" owner="BuiltIn">
<msg time="2024-05-26T10:16:04.873091" level="INFO">${expected_keys} = ['gender', 'name', 'location', 'email', 'login']</msg>
<var>${expected_keys}</var>
<arg>gender</arg>
<arg>name</arg>
<arg>location</arg>
<arg>email</arg>
<arg>login</arg>
<doc>Returns a list containing given items.</doc>
<status status="PASS" start="2024-05-26T10:16:04.872946" elapsed="0.000169"/>
</kw>
<for flavor="IN">
<iter>
<kw name="Dictionary Should Contain Key" owner="Collections">
<msg time="2024-05-26T10:16:04.874080" level="INFO">False</msg>
<arg>${json_data['results'][0]}</arg>
<arg>${key}</arg>
<doc>Fails if ``key`` is not found from ``dictionary``.</doc>
<status status="PASS" start="2024-05-26T10:16:04.873678" elapsed="0.000441"/>
</kw>
<kw name="Log" owner="BuiltIn">
<msg time="2024-05-26T10:16:04.874778" level="INFO">{'gender': 'female', 'name': {'title': 'Mrs', 'first': 'Micha', 'last': 'Rijsdijk'}, 'location': {'street': {'number': 594, 'name': 'Brinkendael'}, 'city': 'Winschoten', 'state': 'Zeeland', 'country': 'Netherlands', 'postcode': '1470 JT', 'coordinates': {'latitude': '33.8667', 'longitude': '37.5710'}, 'timezone': {'offset': '+9:00', 'description': 'Tokyo, Seoul, Osaka, Sapporo, Yakutsk'}}, 'email': 'micha.rijsdijk@example.com', 'login': {'uuid': 'a95d03fe-e1ce-489e-a29d-27e9b2815e19', 'username': 'ticklishcat502', 'password': 'mian', 'salt': 'eW3FM46i', 'md5': '560afc3b825d01d4c91a3a36e81f92be', 'sha1': '9dd0f63e62776711457fb56bcd82f49c55bf0a9e', 'sha256': '646d3d01cc2ccd04dea8c2b04152152cbad65c61b651f4a62931a9446513dca7'}, 'dob': {'date': '1995-03-16T05:08:35.889Z', 'age': 29}, 'registered': {'date': '2014-02-21T04:45:54.185Z', 'age': 10}, 'phone': '(0344) 106597', 'cell': '(06) 80578433', 'id': {'name': 'BSN', 'value': '77517062'}, 'picture': {'large': 'https://randomuser.me/api/portraits/women/69.jpg', 'medium': 'https://randomuser.me/api/portraits/med/women/69.jpg', 'thumbnail': 'https://randomuser.me/api/portraits/thumb/women/69.jpg'}, 'nat': 'NL'}</msg>
<arg>${json_data['results'][0]}</arg>
<doc>Logs the given message with the given level.</doc>
<status status="PASS" start="2024-05-26T10:16:04.874422" elapsed="0.000405"/>
</kw>
<kw name="Log" owner="BuiltIn">
<msg time="2024-05-26T10:16:04.875257" level="INFO">gender</msg>
<arg>${key}</arg>
<doc>Logs the given message with the given level.</doc>
<status status="PASS" start="2024-05-26T10:16:04.875127" elapsed="0.000168"/>
</kw>
<var name="${key}">gender</var>
<status status="PASS" start="2024-05-26T10:16:04.873555" elapsed="0.001952"/>
</iter>
<iter>
<kw name="Dictionary Should Contain Key" owner="Collections">
<msg time="2024-05-26T10:16:04.876184" level="INFO">False</msg>
<arg>${json_data['results'][0]}</arg>
<arg>${key}</arg>
<doc>Fails if ``key`` is not found from ``dictionary``.</doc>
<status status="PASS" start="2024-05-26T10:16:04.875806" elapsed="0.000415"/>
</kw>
<kw name="Log" owner="BuiltIn">
<msg time="2024-05-26T10:16:04.876930" level="INFO">{'gender': 'female', 'name': {'title': 'Mrs', 'first': 'Micha', 'last': 'Rijsdijk'}, 'location': {'street': {'number': 594, 'name': 'Brinkendael'}, 'city': 'Winschoten', 'state': 'Zeeland', 'country': 'Netherlands', 'postcode': '1470 JT', 'coordinates': {'latitude': '33.8667', 'longitude': '37.5710'}, 'timezone': {'offset': '+9:00', 'description': 'Tokyo, Seoul, Osaka, Sapporo, Yakutsk'}}, 'email': 'micha.rijsdijk@example.com', 'login': {'uuid': 'a95d03fe-e1ce-489e-a29d-27e9b2815e19', 'username': 'ticklishcat502', 'password': 'mian', 'salt': 'eW3FM46i', 'md5': '560afc3b825d01d4c91a3a36e81f92be', 'sha1': '9dd0f63e62776711457fb56bcd82f49c55bf0a9e', 'sha256': '646d3d01cc2ccd04dea8c2b04152152cbad65c61b651f4a62931a9446513dca7'}, 'dob': {'date': '1995-03-16T05:08:35.889Z', 'age': 29}, 'registered': {'date': '2014-02-21T04:45:54.185Z', 'age': 10}, 'phone': '(0344) 106597', 'cell': '(06) 80578433', 'id': {'name': 'BSN', 'value': '77517062'}, 'picture': {'large': 'https://randomuser.me/api/portraits/women/69.jpg', 'medium': 'https://randomuser.me/api/portraits/med/women/69.jpg', 'thumbnail': 'https://randomuser.me/api/portraits/thumb/women/69.jpg'}, 'nat': 'NL'}</msg>
<arg>${json_data['results'][0]}</arg>
<doc>Logs the given message with the given level.</doc>
<status status="PASS" start="2024-05-26T10:16:04.876564" elapsed="0.000413"/>
</kw>
<kw name="Log" owner="BuiltIn">
<msg time="2024-05-26T10:16:04.877397" level="INFO">name</msg>
<arg>${key}</arg>
<doc>Logs the given message with the given level.</doc>
<status status="PASS" start="2024-05-26T10:16:04.877271" elapsed="0.000163"/>
</kw>
<var name="${key}">name</var>
<status status="PASS" start="2024-05-26T10:16:04.875691" elapsed="0.001960"/>
</iter>
<iter>
<kw name="Dictionary Should Contain Key" owner="Collections">
<msg time="2024-05-26T10:16:04.878309" level="INFO">False</msg>
<arg>${json_data['results'][0]}</arg>
<arg>${key}</arg>
<doc>Fails if ``key`` is not found from ``dictionary``.</doc>
<status status="PASS" start="2024-05-26T10:16:04.877942" elapsed="0.000409"/>
</kw>
<kw name="Log" owner="BuiltIn">
<msg time="2024-05-26T10:16:04.879006" level="INFO">{'gender': 'female', 'name': {'title': 'Mrs', 'first': 'Micha', 'last': 'Rijsdijk'}, 'location': {'street': {'number': 594, 'name': 'Brinkendael'}, 'city': 'Winschoten', 'state': 'Zeeland', 'country': 'Netherlands', 'postcode': '1470 JT', 'coordinates': {'latitude': '33.8667', 'longitude': '37.5710'}, 'timezone': {'offset': '+9:00', 'description': 'Tokyo, Seoul, Osaka, Sapporo, Yakutsk'}}, 'email': 'micha.rijsdijk@example.com', 'login': {'uuid': 'a95d03fe-e1ce-489e-a29d-27e9b2815e19', 'username': 'ticklishcat502', 'password': 'mian', 'salt': 'eW3FM46i', 'md5': '560afc3b825d01d4c91a3a36e81f92be', 'sha1': '9dd0f63e62776711457fb56bcd82f49c55bf0a9e', 'sha256': '646d3d01cc2ccd04dea8c2b04152152cbad65c61b651f4a62931a9446513dca7'}, 'dob': {'date': '1995-03-16T05:08:35.889Z', 'age': 29}, 'registered': {'date': '2014-02-21T04:45:54.185Z', 'age': 10}, 'phone': '(0344) 106597', 'cell': '(06) 80578433', 'id': {'name': 'BSN', 'value': '77517062'}, 'picture': {'large': 'https://randomuser.me/api/portraits/women/69.jpg', 'medium': 'https://randomuser.me/api/portraits/med/women/69.jpg', 'thumbnail': 'https://randomuser.me/api/portraits/thumb/women/69.jpg'}, 'nat': 'NL'}</msg>
<arg>${json_data['results'][0]}</arg>
<doc>Logs the given message with the given level.</doc>
<status status="PASS" start="2024-05-26T10:16:04.878648" elapsed="0.000417"/>
</kw>
<kw name="Log" owner="BuiltIn">
<msg time="2024-05-26T10:16:04.879484" level="INFO">location</msg>
<arg>${key}</arg>
<doc>Logs the given message with the given level.</doc>
<status status="PASS" start="2024-05-26T10:16:04.879361" elapsed="0.000161"/>
</kw>
<var name="${key}">location</var>
<status status="PASS" start="2024-05-26T10:16:04.877829" elapsed="0.001908"/>
</iter>
<iter>
<kw name="Dictionary Should Contain Key" owner="Collections">
<msg time="2024-05-26T10:16:04.880515" level="INFO">False</msg>
<arg>${json_data['results'][0]}</arg>
<arg>${key}</arg>
<doc>Fails if ``key`` is not found from ``dictionary``.</doc>
<status status="PASS" start="2024-05-26T10:16:04.880018" elapsed="0.000541"/>
</kw>
<kw name="Log" owner="BuiltIn">
<msg time="2024-05-26T10:16:04.881228" level="INFO">{'gender': 'female', 'name': {'title': 'Mrs', 'first': 'Micha', 'last': 'Rijsdijk'}, 'location': {'street': {'number': 594, 'name': 'Brinkendael'}, 'city': 'Winschoten', 'state': 'Zeeland', 'country': 'Netherlands', 'postcode': '1470 JT', 'coordinates': {'latitude': '33.8667', 'longitude': '37.5710'}, 'timezone': {'offset': '+9:00', 'description': 'Tokyo, Seoul, Osaka, Sapporo, Yakutsk'}}, 'email': 'micha.rijsdijk@example.com', 'login': {'uuid': 'a95d03fe-e1ce-489e-a29d-27e9b2815e19', 'username': 'ticklishcat502', 'password': 'mian', 'salt': 'eW3FM46i', 'md5': '560afc3b825d01d4c91a3a36e81f92be', 'sha1': '9dd0f63e62776711457fb56bcd82f49c55bf0a9e', 'sha256': '646d3d01cc2ccd04dea8c2b04152152cbad65c61b651f4a62931a9446513dca7'}, 'dob': {'date': '1995-03-16T05:08:35.889Z', 'age': 29}, 'registered': {'date': '2014-02-21T04:45:54.185Z', 'age': 10}, 'phone': '(0344) 106597', 'cell': '(06) 80578433', 'id': {'name': 'BSN', 'value': '77517062'}, 'picture': {'large': 'https://randomuser.me/api/portraits/women/69.jpg', 'medium': 'https://randomuser.me/api/portraits/med/women/69.jpg', 'thumbnail': 'https://randomuser.me/api/portraits/thumb/women/69.jpg'}, 'nat': 'NL'}</msg>
<arg>${json_data['results'][0]}</arg>
<doc>Logs the given message with the given level.</doc>
<status status="PASS" start="2024-05-26T10:16:04.880869" elapsed="0.000407"/>
</kw>
<kw name="Log" owner="BuiltIn">
<msg time="2024-05-26T10:16:04.881692" level="INFO">email</msg>
<arg>${key}</arg>
<doc>Logs the given message with the given level.</doc>
<status status="PASS" start="2024-05-26T10:16:04.881566" elapsed="0.000163"/>
</kw>
<var name="${key}">email</var>
<status status="PASS" start="2024-05-26T10:16:04.879907" elapsed="0.002035"/>
</iter>
<iter>
<kw name="Dictionary Should Contain Key" owner="Collections">
<msg time="2024-05-26T10:16:04.882603" level="INFO">False</msg>
<arg>${json_data['results'][0]}</arg>
<arg>${key}</arg>
<doc>Fails if ``key`` is not found from ``dictionary``.</doc>
<status status="PASS" start="2024-05-26T10:16:04.882227" elapsed="0.000414"/>
</kw>
<kw name="Log" owner="BuiltIn">
<msg time="2024-05-26T10:16:04.883280" level="INFO">{'gender': 'female', 'name': {'title': 'Mrs', 'first': 'Micha', 'last': 'Rijsdijk'}, 'location': {'street': {'number': 594, 'name': 'Brinkendael'}, 'city': 'Winschoten', 'state': 'Zeeland', 'country': 'Netherlands', 'postcode': '1470 JT', 'coordinates': {'latitude': '33.8667', 'longitude': '37.5710'}, 'timezone': {'offset': '+9:00', 'description': 'Tokyo, Seoul, Osaka, Sapporo, Yakutsk'}}, 'email': 'micha.rijsdijk@example.com', 'login': {'uuid': 'a95d03fe-e1ce-489e-a29d-27e9b2815e19', 'username': 'ticklishcat502', 'password': 'mian', 'salt': 'eW3FM46i', 'md5': '560afc3b825d01d4c91a3a36e81f92be', 'sha1': '9dd0f63e62776711457fb56bcd82f49c55bf0a9e', 'sha256': '646d3d01cc2ccd04dea8c2b04152152cbad65c61b651f4a62931a9446513dca7'}, 'dob': {'date': '1995-03-16T05:08:35.889Z', 'age': 29}, 'registered': {'date': '2014-02-21T04:45:54.185Z', 'age': 10}, 'phone': '(0344) 106597', 'cell': '(06) 80578433', 'id': {'name': 'BSN', 'value': '77517062'}, 'picture': {'large': 'https://randomuser.me/api/portraits/women/69.jpg', 'medium': 'https://randomuser.me/api/portraits/med/women/69.jpg', 'thumbnail': 'https://randomuser.me/api/portraits/thumb/women/69.jpg'}, 'nat': 'NL'}</msg>
<arg>${json_data['results'][0]}</arg>
<doc>Logs the given message with the given level.</doc>
<status status="PASS" start="2024-05-26T10:16:04.882933" elapsed="0.000394"/>
</kw>
<kw name="Log" owner="BuiltIn">
<msg time="2024-05-26T10:16:04.883740" level="INFO">login</msg>
<arg>${key}</arg>
<doc>Logs the given message with the given level.</doc>
<status status="PASS" start="2024-05-26T10:16:04.883615" elapsed="0.000161"/>
</kw>
<var name="${key}">login</var>
<status status="PASS" start="2024-05-26T10:16:04.882115" elapsed="0.001897"/>
</iter>
<var>${key}</var>
<value>@{expected_keys}</value>
<status status="PASS" start="2024-05-26T10:16:04.873370" elapsed="0.010766"/>
</for>
<kw name="Create List" owner="BuiltIn">
<msg time="2024-05-26T10:16:04.884463" level="INFO">${expected_keysTwo} = ['username', 'password']</msg>
<var>${expected_keysTwo}</var>
<arg>username</arg>
<arg>password</arg>
<doc>Returns a list containing given items.</doc>
<status status="PASS" start="2024-05-26T10:16:04.884328" elapsed="0.000180"/>
</kw>
<for flavor="IN">
<iter>
<kw name="Dictionary Should Contain Key" owner="Collections">
<msg time="2024-05-26T10:16:04.885393" level="INFO">False</msg>
<arg>${json_data['results'][0]['login']}</arg>
<arg>${keyTwo}</arg>
<doc>Fails if ``key`` is not found from ``dictionary``.</doc>
<status status="PASS" start="2024-05-26T10:16:04.885015" elapsed="0.000415"/>
</kw>
<kw name="Dictionary Should Contain Key" owner="Collections">
<msg time="2024-05-26T10:16:04.886097" level="INFO">False</msg>
<arg>${json_data['results'][0]['login']}</arg>
<arg>${keyTwo}</arg>
<doc>Fails if ``key`` is not found from ``dictionary``.</doc>
<status status="PASS" start="2024-05-26T10:16:04.885722" elapsed="0.000411"/>
</kw>
<kw name="Log" owner="BuiltIn">
<msg time="2024-05-26T10:16:04.886551" level="INFO">username</msg>
<arg>${keyTwo}</arg>
<doc>Logs the given message with the given level.</doc>
<status status="PASS" start="2024-05-26T10:16:04.886425" elapsed="0.000163"/>
</kw>
<var name="${keyTwo}">username</var>
<status status="PASS" start="2024-05-26T10:16:04.884905" elapsed="0.001894"/>
</iter>
<iter>
<kw name="Dictionary Should Contain Key" owner="Collections">
<msg time="2024-05-26T10:16:04.887449" level="INFO">False</msg>
<arg>${json_data['results'][0]['login']}</arg>
<arg>${keyTwo}</arg>
<doc>Fails if ``key`` is not found from ``dictionary``.</doc>
<status status="PASS" start="2024-05-26T10:16:04.887077" elapsed="0.000408"/>
</kw>
<kw name="Dictionary Should Contain Key" owner="Collections">
<msg time="2024-05-26T10:16:04.888137" level="INFO">False</msg>
<arg>${json_data['results'][0]['login']}</arg>
<arg>${keyTwo}</arg>
<doc>Fails if ``key`` is not found from ``dictionary``.</doc>
<status status="PASS" start="2024-05-26T10:16:04.887773" elapsed="0.000400"/>
</kw>
<kw name="Log" owner="BuiltIn">
<msg time="2024-05-26T10:16:04.888626" level="INFO">password</msg>
<arg>${keyTwo}</arg>
<doc>Logs the given message with the given level.</doc>
<status status="PASS" start="2024-05-26T10:16:04.888459" elapsed="0.000213"/>
</kw>
<var name="${keyTwo}">password</var>
<status status="PASS" start="2024-05-26T10:16:04.886966" elapsed="0.001940"/>
</iter>
<var>${keyTwo}</var>
<value>@{expected_keysTwo}</value>
<status status="PASS" start="2024-05-26T10:16:04.884756" elapsed="0.004267"/>
</for>
<status status="PASS" start="2024-05-26T10:16:04.818277" elapsed="0.070882"/>
</kw>
<doc>Testa a estrutura da resposta da API.</doc>
<tag>testeEstruturaResposta</tag>
<status status="PASS" start="2024-05-26T10:16:04.817786" elapsed="0.071516"/>
</test>
<test id="s1-s1-t4" name="Validar tipos de dados" line="28">
<kw name="Teste de Tipos de Dados" owner="random-user-service">
<kw name="GET On Session" owner="RequestsLibrary">
<msg time="2024-05-26T10:16:04.965238" level="INFO">GET Request : url=https://randomuser.me/api 
 path_url=/api 
 headers={'User-Agent': 'python-requests/2.32.2', 'Accept-Encoding': 'gzip, deflate', 'Accept': '*/*', 'Connection': 'keep-alive'} 
 body=None 
 </msg>
<msg time="2024-05-26T10:16:04.965320" level="INFO">GET Response : url=https://randomuser.me/api 
 status=200, reason=OK 
 headers={'Date': 'Sun, 26 May 2024 10:16:04 GMT', 'Content-Type': 'application/json; charset=utf-8', 'Transfer-Encoding': 'chunked', 'Connection': 'keep-alive', 'X-Powered-By': 'Express', 'Access-Control-Allow-Origin': '*', 'Cache-Control': 'no-cache', 'ETag': 'W/"48f-G/o90vss6aprs6+aR5O1TQG5HuA"', 'Vary': 'Accept-Encoding', 'Content-Encoding': 'gzip', 'CF-Cache-Status': 'DYNAMIC', 'Report-To': '{"endpoints":[{"url":"https:\\/\\/a.nel.cloudflare.com\\/report\\/v4?s=Ii16VxAcx%2BnQs6Rj9fYm8Qzs5OxSz4pAuGG1iekcnwLuq7dlc6MNEl6fXJGseeBqRzRUoINu5iToSZbhDCQRcZ%2F0SFFUO5tei2r7We4PgJMW6vuOB016sLDmg2acpzCf"}],"group":"cf-nel","max_age":604800}', 'NEL': '{"success_fraction":0,"report_to":"cf-nel","max_age":604800}', 'Server': 'cloudflare', 'CF-RAY': '889d01f69f201183-ORD', 'alt-svc': 'h3=":443"; ma=86400'} 
 body={"results":[{"gender":"female","name":{"title":"Ms","first":"Matilda","last":"Kemppainen"},"location":{"street":{"number":3506,"name":"Hämeenkatu"},"city":"Humppila","state":"Ostrobothnia","country":"Finland","postcode":51042,"coordinates":{"latitude":"-23.2084","longitude":"67.1758"},"timezone":{"offset":"+5:45","description":"Kathmandu"}},"email":"matilda.kemppainen@example.com","login":{"uuid":"84dc5318-73ec-495a-8ff9-87b811dcd2f3","username":"organicleopard541","password":"yosemite","salt":"m6VLwNY0","md5":"15e6f5b5face881b6a6eb4e2e741b61f","sha1":"0ad0d496dcd0d6fdae1acc5abcf2679826abf44f","sha256":"bbfd0bde4aa6925f15ec2c8824cd05d773880df8bce34651983e574fd5435862"},"dob":{"date":"1986-04-18T01:55:48.693Z","age":38},"registered":{"date":"2013-02-07T12:04:13.702Z","age":11},"phone":"02-888-192","cell":"043-465-08-72","id":{"name":"HETU","value":"NaNNA932undefined"},"picture":{"large":"https://randomuser.me/api/portraits/women/9.jpg","medium":"https://randomuser.me/api/portraits/med/women/9.jpg","thumbnail":"https://randomuser.me/api/portraits/thumb/women/9.jpg"},"nat":"FI"}],"info":{"seed":"613d30361c14a4fb","results":1,"page":1,"version":"1.4"}} 
 </msg>
<msg time="2024-05-26T10:16:04.965392" level="INFO">/opt/hostedtoolcache/Python/3.12.3/x64/lib/python3.12/site-packages/urllib3/connectionpool.py:1103: InsecureRequestWarning: Unverified HTTPS request is being made to host 'randomuser.me'. Adding certificate verification is strongly advised. See: https://urllib3.readthedocs.io/en/latest/advanced-usage.html#tls-warnings
  warnings.warn(</msg>
<msg time="2024-05-26T10:16:04.965524" level="INFO">${response} = &lt;Response [200]&gt;</msg>
<var>${response}</var>
<arg>consultarAPI</arg>
<arg>/api</arg>
<doc>Sends a GET request on a previously created HTTP Session.</doc>
<status status="PASS" start="2024-05-26T10:16:04.891651" elapsed="0.073912"/>
</kw>
<kw name="Set Variable" owner="BuiltIn">
<msg time="2024-05-26T10:16:04.966377" level="INFO">${json_data} = {'results': [{'gender': 'female', 'name': {'title': 'Ms', 'first': 'Matilda', 'last': 'Kemppainen'}, 'location': {'street': {'number': 3506, 'name': 'Hämeenkatu'}, 'city': 'Humppila', 'state': 'Ostrob...</msg>
<var>${json_data}</var>
<arg>${response.json()}</arg>
<doc>Returns the given values which can then be assigned to a variables.</doc>
<status status="PASS" start="2024-05-26T10:16:04.965930" elapsed="0.000477"/>
</kw>
<kw name="Log" owner="BuiltIn">
<msg time="2024-05-26T10:16:04.966859" level="INFO">{'results': [{'gender': 'female', 'name': {'title': 'Ms', 'first': 'Matilda', 'last': 'Kemppainen'}, 'location': {'street': {'number': 3506, 'name': 'Hämeenkatu'}, 'city': 'Humppila', 'state': 'Ostrobothnia', 'country': 'Finland', 'postcode': 51042, 'coordinates': {'latitude': '-23.2084', 'longitude': '67.1758'}, 'timezone': {'offset': '+5:45', 'description': 'Kathmandu'}}, 'email': 'matilda.kemppainen@example.com', 'login': {'uuid': '84dc5318-73ec-495a-8ff9-87b811dcd2f3', 'username': 'organicleopard541', 'password': 'yosemite', 'salt': 'm6VLwNY0', 'md5': '15e6f5b5face881b6a6eb4e2e741b61f', 'sha1': '0ad0d496dcd0d6fdae1acc5abcf2679826abf44f', 'sha256': 'bbfd0bde4aa6925f15ec2c8824cd05d773880df8bce34651983e574fd5435862'}, 'dob': {'date': '1986-04-18T01:55:48.693Z', 'age': 38}, 'registered': {'date': '2013-02-07T12:04:13.702Z', 'age': 11}, 'phone': '02-888-192', 'cell': '043-465-08-72', 'id': {'name': 'HETU', 'value': 'NaNNA932undefined'}, 'picture': {'large': 'https://randomuser.me/api/portraits/women/9.jpg', 'medium': 'https://randomuser.me/api/portraits/med/women/9.jpg', 'thumbnail': 'https://randomuser.me/api/portraits/thumb/women/9.jpg'}, 'nat': 'FI'}], 'info': {'seed': '613d30361c14a4fb', 'results': 1, 'page': 1, 'version': '1.4'}}</msg>
<arg>${json_data}</arg>
<doc>Logs the given message with the given level.</doc>
<status status="PASS" start="2024-05-26T10:16:04.966707" elapsed="0.000232"/>
</kw>
<kw name="Should Be String" owner="String">
<arg>${json_data['results'][0]['gender']}</arg>
<doc>Fails if the given ``item`` is not a string.</doc>
<status status="PASS" start="2024-05-26T10:16:04.967236" elapsed="0.000357"/>
</kw>
<kw name="Should Match Regexp" owner="BuiltIn">
<arg>${json_data['results'][0]['email']}</arg>
<arg>^[a-zA-Z0-9._%+-]+@[a-zA-Z0-9.-]+\.[a-zA-Z]{2,}$</arg>
<doc>Fails if ``string`` does not match ``pattern`` as a regular expression.</doc>
<status status="PASS" start="2024-05-26T10:16:04.967779" elapsed="0.000604"/>
</kw>
<kw name="Should Match Regexp" owner="BuiltIn">
<arg>${json_data['results'][0]['dob']['date']}</arg>
<arg>\\d{4}-\\d{2}-\\d{2}T\\d{2}:\\d{2}:\\d{2}\\.\\d{3}Z</arg>
<doc>Fails if ``string`` does not match ``pattern`` as a regular expression.</doc>
<status status="PASS" start="2024-05-26T10:16:04.968629" elapsed="0.000483"/>
</kw>
<kw name="Should Match Regexp" owner="BuiltIn">
<arg>${json_data['results'][0]['registered']['date']}</arg>
<arg>\\d{4}-\\d{2}-\\d{2}T\\d{2}:\\d{2}:\\d{2}\\.\\d{3}Z</arg>
<doc>Fails if ``string`` does not match ``pattern`` as a regular expression.</doc>
<status status="PASS" start="2024-05-26T10:16:04.969305" elapsed="0.000361"/>
</kw>
<kw name="Should Match Regexp" owner="BuiltIn">
<arg>${json_data['results'][0]['picture']['large']}</arg>
<arg>^https?://.*\.(?:png|jpe?g|gif|bmp)$</arg>
<doc>Fails if ``string`` does not match ``pattern`` as a regular expression.</doc>
<status status="PASS" start="2024-05-26T10:16:04.969854" elapsed="0.000452"/>
</kw>
<kw name="Should Match Regexp" owner="BuiltIn">
<arg>${json_data['results'][0]['picture']['medium']}</arg>
<arg>^https?://.*\.(?:png|jpe?g|gif|bmp)$</arg>
<doc>Fails if ``string`` does not match ``pattern`` as a regular expression.</doc>
<status status="PASS" start="2024-05-26T10:16:04.970494" elapsed="0.000343"/>
</kw>
<kw name="Should Match Regexp" owner="BuiltIn">
<arg>${json_data['results'][0]['picture']['thumbnail']}</arg>
<arg>^https?://.*\.(?:png|jpe?g|gif|bmp)$</arg>
<doc>Fails if ``string`` does not match ``pattern`` as a regular expression.</doc>
<status status="PASS" start="2024-05-26T10:16:04.971024" elapsed="0.000340"/>
</kw>
<kw name="Log" owner="BuiltIn">
<msg time="2024-05-26T10:16:04.971862" level="INFO">{'large': 'https://randomuser.me/api/portraits/women/9.jpg', 'medium': 'https://randomuser.me/api/portraits/med/women/9.jpg', 'thumbnail': 'https://randomuser.me/api/portraits/thumb/women/9.jpg'}</msg>
<arg>${json_data['results'][0]['picture']}</arg>
<doc>Logs the given message with the given level.</doc>
<status status="PASS" start="2024-05-26T10:16:04.971545" elapsed="0.000357"/>
</kw>
<status status="PASS" start="2024-05-26T10:16:04.891429" elapsed="0.080726"/>
</kw>
<kw name="Teste de Tipos de Dados - Postcode" owner="random-user-service">
<kw name="GET On Session" owner="RequestsLibrary">
<msg time="2024-05-26T10:16:05.062440" level="INFO">GET Request : url=https://randomuser.me/api 
 path_url=/api 
 headers={'User-Agent': 'python-requests/2.32.2', 'Accept-Encoding': 'gzip, deflate', 'Accept': '*/*', 'Connection': 'keep-alive'} 
 body=None 
 </msg>
<msg time="2024-05-26T10:16:05.062524" level="INFO">GET Response : url=https://randomuser.me/api 
 status=200, reason=OK 
 headers={'Date': 'Sun, 26 May 2024 10:16:05 GMT', 'Content-Type': 'application/json; charset=utf-8', 'Transfer-Encoding': 'chunked', 'Connection': 'keep-alive', 'X-Powered-By': 'Express', 'Access-Control-Allow-Origin': '*', 'Cache-Control': 'no-cache', 'ETag': 'W/"496-WFeGFDvkurhHOsApCGcZ0PIH4Aw"', 'Vary': 'Accept-Encoding', 'Content-Encoding': 'gzip', 'CF-Cache-Status': 'DYNAMIC', 'Report-To': '{"endpoints":[{"url":"https:\\/\\/a.nel.cloudflare.com\\/report\\/v4?s=pxbwrKVGsYif10K3TiF421EtGcRwaOhPQym5%2B5Q94z4eDbh4mvGOtR4TkEaKlqKITq52JABx3WHCt19cTLSMjSSI1nuflXfr6wt2xlb8IOSU%2Bv6hWiTuUVo%2FBdoLPZ96"}],"group":"cf-nel","max_age":604800}', 'NEL': '{"success_fraction":0,"report_to":"cf-nel","max_age":604800}', 'Server': 'cloudflare', 'CF-RAY': '889d01f71f8a1183-ORD', 'alt-svc': 'h3=":443"; ma=86400'} 
 body={"results":[{"gender":"female","name":{"title":"Miss","first":"Sandra","last":"Cabán"},"location":{"street":{"number":770,"name":"Ampliación Sur Rael"},"city":"Atlatlahucán","state":"Puebla","country":"Mexico","postcode":31756,"coordinates":{"latitude":"29.5407","longitude":"24.1977"},"timezone":{"offset":"+6:00","description":"Almaty, Dhaka, Colombo"}},"email":"sandra.caban@example.com","login":{"uuid":"e23c100a-38ce-437a-9158-2ff2534115b7","username":"orangedog982","password":"froggy","salt":"HW3oENwf","md5":"57e9591974e3d3fd9f6a75253f26ff3b","sha1":"1ee0e61c4564b4234376072e72fc81982a9fb92b","sha256":"32fea7b65f6795d342b2ceeb7469cb9bbd127f26d7b2d30560dea51a96be14c3"},"dob":{"date":"1999-06-15T02:06:41.595Z","age":24},"registered":{"date":"2005-06-08T02:29:18.099Z","age":18},"phone":"(622) 003 7408","cell":"(683) 230 7498","id":{"name":"NSS","value":"81 02 77 6881 7"},"picture":{"large":"https://randomuser.me/api/portraits/women/33.jpg","medium":"https://randomuser.me/api/portraits/med/women/33.jpg","thumbnail":"https://randomuser.me/api/portraits/thumb/women/33.jpg"},"nat":"MX"}],"info":{"seed":"4f12500fbdbb1516","results":1,"page":1,"version":"1.4"}} 
 </msg>
<msg time="2024-05-26T10:16:05.062599" level="INFO">/opt/hostedtoolcache/Python/3.12.3/x64/lib/python3.12/site-packages/urllib3/connectionpool.py:1103: InsecureRequestWarning: Unverified HTTPS request is being made to host 'randomuser.me'. Adding certificate verification is strongly advised. See: https://urllib3.readthedocs.io/en/latest/advanced-usage.html#tls-warnings
  warnings.warn(</msg>
<msg time="2024-05-26T10:16:05.062705" level="INFO">${response} = &lt;Response [200]&gt;</msg>
<var>${response}</var>
<arg>consultarAPI</arg>
<arg>/api</arg>
<doc>Sends a GET request on a previously created HTTP Session.</doc>
<status status="PASS" start="2024-05-26T10:16:04.972605" elapsed="0.090127"/>
</kw>
<kw name="Set Variable" owner="BuiltIn">
<msg time="2024-05-26T10:16:05.063553" level="INFO">${json_data} = {'results': [{'gender': 'female', 'name': {'title': 'Miss', 'first': 'Sandra', 'last': 'Cabán'}, 'location': {'street': {'number': 770, 'name': 'Ampliación Sur Rael'}, 'city': 'Atlatlahucán', 'state':...</msg>
<var>${json_data}</var>
<arg>${response.json()}</arg>
<doc>Returns the given values which can then be assigned to a variables.</doc>
<status status="PASS" start="2024-05-26T10:16:05.063104" elapsed="0.000480"/>
</kw>
<kw name="Log" owner="BuiltIn">
<msg time="2024-05-26T10:16:05.064044" level="INFO">{'results': [{'gender': 'female', 'name': {'title': 'Miss', 'first': 'Sandra', 'last': 'Cabán'}, 'location': {'street': {'number': 770, 'name': 'Ampliación Sur Rael'}, 'city': 'Atlatlahucán', 'state': 'Puebla', 'country': 'Mexico', 'postcode': 31756, 'coordinates': {'latitude': '29.5407', 'longitude': '24.1977'}, 'timezone': {'offset': '+6:00', 'description': 'Almaty, Dhaka, Colombo'}}, 'email': 'sandra.caban@example.com', 'login': {'uuid': 'e23c100a-38ce-437a-9158-2ff2534115b7', 'username': 'orangedog982', 'password': 'froggy', 'salt': 'HW3oENwf', 'md5': '57e9591974e3d3fd9f6a75253f26ff3b', 'sha1': '1ee0e61c4564b4234376072e72fc81982a9fb92b', 'sha256': '32fea7b65f6795d342b2ceeb7469cb9bbd127f26d7b2d30560dea51a96be14c3'}, 'dob': {'date': '1999-06-15T02:06:41.595Z', 'age': 24}, 'registered': {'date': '2005-06-08T02:29:18.099Z', 'age': 18}, 'phone': '(622) 003 7408', 'cell': '(683) 230 7498', 'id': {'name': 'NSS', 'value': '81 02 77 6881 7'}, 'picture': {'large': 'https://randomuser.me/api/portraits/women/33.jpg', 'medium': 'https://randomuser.me/api/portraits/med/women/33.jpg', 'thumbnail': 'https://randomuser.me/api/portraits/thumb/women/33.jpg'}, 'nat': 'MX'}], 'info': {'seed': '4f12500fbdbb1516', 'results': 1, 'page': 1, 'version': '1.4'}}</msg>
<arg>${json_data}</arg>
<doc>Logs the given message with the given level.</doc>
<status status="PASS" start="2024-05-26T10:16:05.063888" elapsed="0.000245"/>
</kw>
<kw name="Should Be Equal As Numbers" owner="BuiltIn">
<arg>${json_data['results'][0]['location']['postcode']}</arg>
<arg>${json_data['results'][0]['location']['postcode']}</arg>
<doc>Fails if objects are unequal after converting them to real numbers.</doc>
<status status="PASS" start="2024-05-26T10:16:05.064434" elapsed="0.000665"/>
</kw>
<kw name="Log" owner="BuiltIn">
<msg time="2024-05-26T10:16:05.065622" level="INFO">31756</msg>
<arg>${json_data['results'][0]['location']['postcode']}</arg>
<doc>Logs the given message with the given level.</doc>
<status status="PASS" start="2024-05-26T10:16:05.065291" elapsed="0.000371"/>
</kw>
<status status="PASS" start="2024-05-26T10:16:04.972359" elapsed="0.093553"/>
</kw>
<doc>Testa se os tipos de dados na resposta da API estão corretos.</doc>
<tag>testeTiposDados</tag>
<status status="PASS" start="2024-05-26T10:16:04.890985" elapsed="0.175085"/>
</test>
<test id="s1-s1-t5" name="Validar conteudo" line="35">
<kw name="Teste de Tipos de Conteudo" owner="random-user-service">
<kw name="GET On Session" owner="RequestsLibrary">
<msg time="2024-05-26T10:16:05.159163" level="INFO">GET Request : url=https://randomuser.me/api 
 path_url=/api 
 headers={'User-Agent': 'python-requests/2.32.2', 'Accept-Encoding': 'gzip, deflate', 'Accept': '*/*', 'Connection': 'keep-alive'} 
 body=None 
 </msg>
<msg time="2024-05-26T10:16:05.159246" level="INFO">GET Response : url=https://randomuser.me/api 
 status=200, reason=OK 
 headers={'Date': 'Sun, 26 May 2024 10:16:05 GMT', 'Content-Type': 'application/json; charset=utf-8', 'Transfer-Encoding': 'chunked', 'Connection': 'keep-alive', 'X-Powered-By': 'Express', 'Access-Control-Allow-Origin': '*', 'Cache-Control': 'no-cache', 'ETag': 'W/"490-KF/r3PQnkVPeqhMYpu+3NupcDeI"', 'Vary': 'Accept-Encoding', 'Content-Encoding': 'gzip', 'CF-Cache-Status': 'DYNAMIC', 'Report-To': '{"endpoints":[{"url":"https:\\/\\/a.nel.cloudflare.com\\/report\\/v4?s=6d2FUaJQyEVQWPY4n0jcj%2BIY1Co2Yz%2B8vbeWqppUa3UU8GpJep3YxV4inK4pJ%2BTkEubUHDQzrdVlNWumqxGIhx0VplPcvpGn6OhP0Wk6wzsLi5cZz%2FBtXLXS4ig3I1v%2B"}],"group":"cf-nel","max_age":604800}', 'NEL': '{"success_fraction":0,"report_to":"cf-nel","max_age":604800}', 'Server': 'cloudflare', 'CF-RAY': '889d01f7bff61183-ORD', 'alt-svc': 'h3=":443"; ma=86400'} 
 body={"results":[{"gender":"female","name":{"title":"Miss","first":"Emma","last":"Douglas"},"location":{"street":{"number":4160,"name":"Killarney Road"},"city":"Waterford","state":"Monaghan","country":"Ireland","postcode":41121,"coordinates":{"latitude":"-0.1027","longitude":"61.7285"},"timezone":{"offset":"-3:00","description":"Brazil, Buenos Aires, Georgetown"}},"email":"emma.douglas@example.com","login":{"uuid":"534565fb-5b49-4926-b1b5-672d46e292e8","username":"greengoose522","password":"renegade","salt":"SpLKjxDe","md5":"9ec25ce4492b11d5211c002dc097c5bd","sha1":"b011c068139372746b17e454b636a1fa39904511","sha256":"3d08c6bbec807bf388ac322a5a700d7066df8fd42f3c224b35c335c5903f750a"},"dob":{"date":"1954-11-10T16:28:58.347Z","age":69},"registered":{"date":"2018-08-25T08:04:08.865Z","age":5},"phone":"031-916-1853","cell":"081-347-4779","id":{"name":"PPS","value":"7284648T"},"picture":{"large":"https://randomuser.me/api/portraits/women/29.jpg","medium":"https://randomuser.me/api/portraits/med/women/29.jpg","thumbnail":"https://randomuser.me/api/portraits/thumb/women/29.jpg"},"nat":"IE"}],"info":{"seed":"d0bb58e5251671cc","results":1,"page":1,"version":"1.4"}} 
 </msg>
<msg time="2024-05-26T10:16:05.159321" level="INFO">/opt/hostedtoolcache/Python/3.12.3/x64/lib/python3.12/site-packages/urllib3/connectionpool.py:1103: InsecureRequestWarning: Unverified HTTPS request is being made to host 'randomuser.me'. Adding certificate verification is strongly advised. See: https://urllib3.readthedocs.io/en/latest/advanced-usage.html#tls-warnings
  warnings.warn(</msg>
<msg time="2024-05-26T10:16:05.159431" level="INFO">${response} = &lt;Response [200]&gt;</msg>
<var>${response}</var>
<arg>consultarAPI</arg>
<arg>/api</arg>
<doc>Sends a GET request on a previously created HTTP Session.</doc>
<status status="PASS" start="2024-05-26T10:16:05.068405" elapsed="0.091069"/>
</kw>
<kw name="Set Variable" owner="BuiltIn">
<msg time="2024-05-26T10:16:05.160375" level="INFO">${json_data} = {'results': [{'gender': 'female', 'name': {'title': 'Miss', 'first': 'Emma', 'last': 'Douglas'}, 'location': {'street': {'number': 4160, 'name': 'Killarney Road'}, 'city': 'Waterford', 'state': 'Monag...</msg>
<var>${json_data}</var>
<arg>${response.json()}</arg>
<doc>Returns the given values which can then be assigned to a variables.</doc>
<status status="PASS" start="2024-05-26T10:16:05.159938" elapsed="0.000465"/>
</kw>
<kw name="Set Variable" owner="BuiltIn">
<msg time="2024-05-26T10:16:05.161136" level="INFO">${name_title} = Miss</msg>
<var>${name_title}</var>
<arg>${json_data["results"][0]["name"]["title"]}</arg>
<doc>Returns the given values which can then be assigned to a variables.</doc>
<status status="PASS" start="2024-05-26T10:16:05.160756" elapsed="0.000405"/>
</kw>
<kw name="Create List" owner="BuiltIn">
<msg time="2024-05-26T10:16:05.161609" level="INFO">${allowed_titles} = ['Mr', 'Ms', 'Miss', 'Mrs', 'Madame', 'Monsieur']</msg>
<var>${allowed_titles}</var>
<arg>Mr</arg>
<arg>Ms</arg>
<arg>Miss</arg>
<arg>Mrs</arg>
<arg>Madame</arg>
<arg>Monsieur</arg>
<doc>Returns a list containing given items.</doc>
<status status="PASS" start="2024-05-26T10:16:05.161462" elapsed="0.000172"/>
</kw>
<kw name="List Should Contain Value" owner="Collections">
<msg time="2024-05-26T10:16:05.162117" level="INFO">False</msg>
<arg>${allowed_titles}</arg>
<arg>${name_title}</arg>
<doc>Fails if the ``value`` is not found from ``list``.</doc>
<status status="PASS" start="2024-05-26T10:16:05.161944" elapsed="0.000210"/>
</kw>
<kw name="Set Variable" owner="BuiltIn">
<msg time="2024-05-26T10:16:05.162950" level="INFO">${name_country} = IE</msg>
<var>${name_country}</var>
<arg>${json_data["results"][0]["nat"]}</arg>
<doc>Returns the given values which can then be assigned to a variables.</doc>
<status status="PASS" start="2024-05-26T10:16:05.162450" elapsed="0.000526"/>
</kw>
<kw name="Create List" owner="BuiltIn">
<msg time="2024-05-26T10:16:05.163881" level="INFO">${list_country} = ['AD', 'AE', 'AF', 'AG', 'AI', 'AL', 'AM', 'AO', 'AQ', 'AR', 'AS', 'AT', 'AU', 'AW', 'AX', 'AZ', 'BA', 'BB', 'BD', 'BE', 'BF', 'BG', 'BH', 'BI', 'BJ', 'BL', 'BM', 'BN', 'BO', 'BQ', 'BR', 'BS', 'BT', '...</msg>
<var>${list_country}</var>
<arg>AD</arg>
<arg>AE</arg>
<arg>AF</arg>
<arg>AG</arg>
<arg>AI</arg>
<arg>AL</arg>
<arg>AM</arg>
<arg>AO</arg>
<arg>AQ</arg>
<arg>AR</arg>
<arg>AS</arg>
<arg>AT</arg>
<arg>AU</arg>
<arg>AW</arg>
<arg>AX</arg>
<arg>AZ</arg>
<arg>BA</arg>
<arg>BB</arg>
<arg>BD</arg>
<arg>BE</arg>
<arg>BF</arg>
<arg>BG</arg>
<arg>BH</arg>
<arg>BI</arg>
<arg>BJ</arg>
<arg>BL</arg>
<arg>BM</arg>
<arg>BN</arg>
<arg>BO</arg>
<arg>BQ</arg>
<arg>BR</arg>
<arg>BS</arg>
<arg>BT</arg>
<arg>BV</arg>
<arg>BW</arg>
<arg>BY</arg>
<arg>BZ</arg>
<arg>CA</arg>
<arg>CC</arg>
<arg>CD</arg>
<arg>CF</arg>
<arg>CG</arg>
<arg>CH</arg>
<arg>CI</arg>
<arg>CK</arg>
<arg>CL</arg>
<arg>CM</arg>
<arg>CN</arg>
<arg>CO</arg>
<arg>CR</arg>
<arg>CU</arg>
<arg>CV</arg>
<arg>CW</arg>
<arg>CX</arg>
<arg>CY</arg>
<arg>CZ</arg>
<arg>DE</arg>
<arg>DJ</arg>
<arg>DK</arg>
<arg>DM</arg>
<arg>DO</arg>
<arg>DZ</arg>
<arg>EC</arg>
<arg>EE</arg>
<arg>EG</arg>
<arg>EH</arg>
<arg>ER</arg>
<arg>ES</arg>
<arg>ET</arg>
<arg>FI</arg>
<arg>FJ</arg>
<arg>FK</arg>
<arg>FM</arg>
<arg>FO</arg>
<arg>FR</arg>
<arg>GA</arg>
<arg>GB</arg>
<arg>GD</arg>
<arg>GE</arg>
<arg>GF</arg>
<arg>GG</arg>
<arg>GH</arg>
<arg>GI</arg>
<arg>GL</arg>
<arg>GM</arg>
<arg>GN</arg>
<arg>GP</arg>
<arg>GQ</arg>
<arg>GR</arg>
<arg>GS</arg>
<arg>GT</arg>
<arg>GU</arg>
<arg>GW</arg>
<arg>GY</arg>
<arg>HK</arg>
<arg>HM</arg>
<arg>HN</arg>
<arg>HR</arg>
<arg>HT</arg>
<arg>HU</arg>
<arg>ID</arg>
<arg>IE</arg>
<arg>IL</arg>
<arg>IM</arg>
<arg>IN</arg>
<arg>IO</arg>
<arg>IQ</arg>
<arg>IR</arg>
<arg>IS</arg>
<arg>IT</arg>
<arg>JE</arg>
<arg>JM</arg>
<arg>JO</arg>
<arg>JP</arg>
<arg>KE</arg>
<arg>KG</arg>
<arg>KH</arg>
<arg>KI</arg>
<arg>KM</arg>
<arg>KN</arg>
<arg>KP</arg>
<arg>KR</arg>
<arg>KW</arg>
<arg>KY</arg>
<arg>KZ</arg>
<arg>LA</arg>
<arg>LB</arg>
<arg>LC</arg>
<arg>LI</arg>
<arg>LK</arg>
<arg>LR</arg>
<arg>LS</arg>
<arg>LT</arg>
<arg>LU</arg>
<arg>LV</arg>
<arg>LY</arg>
<arg>MA</arg>
<arg>MC</arg>
<arg>MD</arg>
<arg>ME</arg>
<arg>MF</arg>
<arg>MG</arg>
<arg>MH</arg>
<arg>MK</arg>
<arg>ML</arg>
<arg>MM</arg>
<arg>MN</arg>
<arg>MO</arg>
<arg>MP</arg>
<arg>MQ</arg>
<arg>MR</arg>
<arg>MS</arg>
<arg>MT</arg>
<arg>MU</arg>
<arg>MV</arg>
<arg>MW</arg>
<arg>MX</arg>
<arg>MY</arg>
<arg>MZ</arg>
<arg>NA</arg>
<arg>NC</arg>
<arg>NE</arg>
<arg>NF</arg>
<arg>NG</arg>
<arg>NI</arg>
<arg>NL</arg>
<arg>NO</arg>
<arg>NP</arg>
<arg>NR</arg>
<arg>NU</arg>
<arg>NZ</arg>
<arg>OM</arg>
<arg>PA</arg>
<arg>PE</arg>
<arg>PF</arg>
<arg>PG</arg>
<arg>PH</arg>
<arg>PK</arg>
<arg>PL</arg>
<arg>PM</arg>
<arg>PN</arg>
<arg>PR</arg>
<arg>PS</arg>
<arg>PT</arg>
<arg>PW</arg>
<arg>PY</arg>
<arg>QA</arg>
<arg>RE</arg>
<arg>RO</arg>
<arg>RS</arg>
<arg>RU</arg>
<arg>RW</arg>
<arg>SA</arg>
<arg>SB</arg>
<arg>SC</arg>
<arg>SD</arg>
<arg>SE</arg>
<arg>SG</arg>
<arg>SH</arg>
<arg>SI</arg>
<arg>SJ</arg>
<arg>SK</arg>
<arg>SL</arg>
<arg>SM</arg>
<arg>SN</arg>
<arg>SO</arg>
<arg>SR</arg>
<arg>SS</arg>
<arg>ST</arg>
<arg>SV</arg>
<arg>SX</arg>
<arg>SY</arg>
<arg>SZ</arg>
<arg>TC</arg>
<arg>TD</arg>
<arg>TF</arg>
<arg>TG</arg>
<arg>TH</arg>
<arg>TJ</arg>
<arg>TK</arg>
<arg>TL</arg>
<arg>TM</arg>
<arg>TN</arg>
<arg>TO</arg>
<arg>TR</arg>
<arg>TT</arg>
<arg>TV</arg>
<arg>TW</arg>
<arg>TZ</arg>
<arg>UA</arg>
<arg>UG</arg>
<arg>UM</arg>
<arg>US</arg>
<arg>UY</arg>
<arg>UZ</arg>
<arg>VA</arg>
<arg>VC</arg>
<arg>VE</arg>
<arg>VG</arg>
<arg>VI</arg>
<arg>VN</arg>
<arg>VU</arg>
<arg>WF</arg>
<arg>WS</arg>
<arg>XK</arg>
<arg>YE</arg>
<arg>YT</arg>
<arg>ZA</arg>
<arg>ZM</arg>
<arg>ZW</arg>
<doc>Returns a list containing given items.</doc>
<status status="PASS" start="2024-05-26T10:16:05.163289" elapsed="0.000618"/>
</kw>
<kw name="List Should Contain Value" owner="Collections">
<msg time="2024-05-26T10:16:05.164915" level="INFO">False</msg>
<arg>${list_country}</arg>
<arg>${name_country}</arg>
<doc>Fails if the ``value`` is not found from ``list``.</doc>
<status status="PASS" start="2024-05-26T10:16:05.164711" elapsed="0.000241"/>
</kw>
<kw name="Run Keyword If" owner="BuiltIn">
<kw name="Should Be True" owner="BuiltIn">
<arg>${True}</arg>
<doc>Fails if the given condition is not true.</doc>
<status status="PASS" start="2024-05-26T10:16:05.166018" elapsed="0.000146"/>
</kw>
<arg>${json_data["results"][0]["location"]["coordinates"]["latitude"]} &gt;= -90 and ${json_data["results"][0]["location"]["coordinates"]["latitude"]} &lt;= 90</arg>
<arg>Should Be True</arg>
<arg>${True}</arg>
<doc>Runs the given keyword with the given arguments, if ``condition`` is true.</doc>
<status status="PASS" start="2024-05-26T10:16:05.165267" elapsed="0.001026"/>
</kw>
<kw name="Run Keyword If" owner="BuiltIn">
<kw name="Should Be True" owner="BuiltIn">
<arg>${True}</arg>
<doc>Fails if the given condition is not true.</doc>
<status status="PASS" start="2024-05-26T10:16:05.167168" elapsed="0.000139"/>
</kw>
<arg>${json_data["results"][0]["location"]["coordinates"]["longitude"]} &gt;= -180 and ${json_data["results"][0]["location"]["coordinates"]["longitude"]} &lt;= 180</arg>
<arg>Should Be True</arg>
<arg>${True}</arg>
<doc>Runs the given keyword with the given arguments, if ``condition`` is true.</doc>
<status status="PASS" start="2024-05-26T10:16:05.166479" elapsed="0.000953"/>
</kw>
<status status="PASS" start="2024-05-26T10:16:05.068180" elapsed="0.099378"/>
</kw>
<doc>Testa o conteúdo específico dos campos retornados pela API.</doc>
<tag>testeConteudo</tag>
<status status="PASS" start="2024-05-26T10:16:05.067751" elapsed="0.099948"/>
</test>
<status status="PASS" start="2024-05-26T10:16:03.883937" elapsed="1.285704"/>
</suite>
<status status="PASS" start="2024-05-26T10:16:03.870445" elapsed="1.304248"/>
</suite>
<statistics>
<total>
<stat pass="5" fail="0" skip="0">All Tests</stat>
</total>
<tag>
<stat pass="1" fail="0" skip="0">testeConteudo</stat>
<stat pass="1" fail="0" skip="0">testeEstruturaResposta</stat>
<stat pass="1" fail="0" skip="0">testeRequisicaoBasica</stat>
<stat pass="1" fail="0" skip="0">testeTiposDados</stat>
</tag>
<suite>
<stat pass="5" fail="0" skip="0" id="s1" name="Tests">Tests</stat>
<stat pass="5" fail="0" skip="0" id="s1-s1" name="Random-User-Test">Tests.Random-User-Test</stat>
</suite>
</statistics>
<errors>
</errors>
</robot>
