<?xml version="1.0" encoding="UTF-8"?>
<robot generator="Robot 7.0.1 (Python 3.12.4 on linux)" generated="2024-08-06T20:14:08.765357" rpa="false" schemaversion="5">
<suite id="s1" name="Tests" source="/home/runner/work/ApiRandomUser/ApiRandomUser/RamdonUser/tests">
<suite id="s1-s1" name="Random-User-Test" source="/home/runner/work/ApiRandomUser/ApiRandomUser/RamdonUser/tests/random-user-test.robot">
<test id="s1-s1-t1" name="Conectar" line="13">
<kw name="Conectar API" owner="random-user-service">
<kw name="Create Session" owner="RequestsLibrary">
<msg time="2024-08-06T20:14:09.183056" level="INFO">Creating Session using : alias=consultarAPI, url=https://randomuser.me/, headers={},                     cookies={}, auth=None, timeout=None, proxies=None, verify=False,                     debug=0 </msg>
<arg>consultarAPI</arg>
<arg>${URL}</arg>
<doc>Create Session: create a HTTP session to a server</doc>
<status status="PASS" start="2024-08-06T20:14:09.182855" elapsed="0.000389"/>
</kw>
<status status="PASS" start="2024-08-06T20:14:09.181805" elapsed="0.001811"/>
</kw>
<status status="PASS" start="2024-08-06T20:14:09.181210" elapsed="0.002599"/>
</test>
<test id="s1-s1-t2" name="Validar retorno 200 e JSON Válido" line="16">
<kw name="Teste de Requisicao Basica" owner="random-user-service">
<kw name="GET On Session" owner="RequestsLibrary">
<msg time="2024-08-06T20:14:09.375441" level="INFO">GET Request : url=https://randomuser.me/api 
 path_url=/api 
 headers={'User-Agent': 'python-requests/2.32.3', 'Accept-Encoding': 'gzip, deflate', 'Accept': '*/*', 'Connection': 'keep-alive'} 
 body=None 
 </msg>
<msg time="2024-08-06T20:14:09.375620" level="INFO">GET Response : url=https://randomuser.me/api 
 status=200, reason=OK 
 headers={'Date': 'Tue, 06 Aug 2024 20:14:09 GMT', 'Content-Type': 'application/json; charset=utf-8', 'Transfer-Encoding': 'chunked', 'Connection': 'keep-alive', 'X-Powered-By': 'Express', 'Access-Control-Allow-Origin': '*', 'Cache-Control': 'no-cache', 'ETag': 'W/"487-1zOs/Uens3tQYzY9nm6sX61LqKE"', 'Vary': 'Accept-Encoding', 'Content-Encoding': 'gzip', 'CF-Cache-Status': 'DYNAMIC', 'Report-To': '{"endpoints":[{"url":"https:\\/\\/a.nel.cloudflare.com\\/report\\/v4?s=kk98dBdKbc34Jc9iJtxTc%2BvX4vI7epjTbHlnR3sDcQH9NZtklY8xtgt0xWWJRL1lozA2a3%2B0stD7pOvdaC5SzAPxFwRv1DLvnCbcxUai0FY1vu7cQaKo7kHITHfxDiqd"}],"group":"cf-nel","max_age":604800}', 'NEL': '{"success_fraction":0,"report_to":"cf-nel","max_age":604800}', 'Server': 'cloudflare', 'CF-RAY': '8af1b10bafcffa56-SJC', 'alt-svc': 'h3=":443"; ma=86400'} 
 body={"results":[{"gender":"female","name":{"title":"Ms","first":"Bobbie","last":"Peck"},"location":{"street":{"number":8959,"name":"Preston Rd"},"city":"Abilene","state":"Kentucky","country":"United States","postcode":92110,"coordinates":{"latitude":"86.2780","longitude":"17.2185"},"timezone":{"offset":"-1:00","description":"Azores, Cape Verde Islands"}},"email":"bobbie.peck@example.com","login":{"uuid":"1ae6ea05-edb1-401f-91c1-a7970748ffb0","username":"bigostrich504","password":"shop","salt":"2Teae9gf","md5":"809ff351be2f445dd44ccafd7a9e4010","sha1":"87112eb73b1db40e0cbddd2febf873f3a20dccf1","sha256":"00e97ba69715eecc66883c5efe643fde9bf0e8701ed93283905bc7379559d0e2"},"dob":{"date":"1976-08-01T22:21:02.684Z","age":48},"registered":{"date":"2012-04-02T15:55:14.098Z","age":12},"phone":"(535) 997-0037","cell":"(300) 716-9477","id":{"name":"SSN","value":"286-10-7264"},"picture":{"large":"https://randomuser.me/api/portraits/women/2.jpg","medium":"https://randomuser.me/api/portraits/med/women/2.jpg","thumbnail":"https://randomuser.me/api/portraits/thumb/women/2.jpg"},"nat":"US"}],"info":{"seed":"30cff5382e64fb26","results":1,"page":1,"version":"1.4"}} 
 </msg>
<msg time="2024-08-06T20:14:09.375717" level="INFO">/opt/hostedtoolcache/Python/3.12.4/x64/lib/python3.12/site-packages/urllib3/connectionpool.py:1099: InsecureRequestWarning: Unverified HTTPS request is being made to host 'randomuser.me'. Adding certificate verification is strongly advised. See: https://urllib3.readthedocs.io/en/latest/advanced-usage.html#tls-warnings
  warnings.warn(</msg>
<msg time="2024-08-06T20:14:09.375869" level="INFO">${response} = &lt;Response [200]&gt;</msg>
<var>${response}</var>
<arg>consultarAPI</arg>
<arg>/api</arg>
<doc>Sends a GET request on a previously created HTTP Session.</doc>
<status status="PASS" start="2024-08-06T20:14:09.186419" elapsed="0.189493"/>
</kw>
<kw name="Should Be Equal As Numbers" owner="BuiltIn">
<msg time="2024-08-06T20:14:09.377151" level="INFO">Argument types are:
&lt;class 'int'&gt;
&lt;class 'str'&gt;</msg>
<arg>${response.status_code}</arg>
<arg>200</arg>
<doc>Fails if objects are unequal after converting them to real numbers.</doc>
<status status="PASS" start="2024-08-06T20:14:09.376632" elapsed="0.000584"/>
</kw>
<kw name="Log" owner="BuiltIn">
<msg time="2024-08-06T20:14:09.377884" level="INFO">200</msg>
<arg>${response.status_code}</arg>
<doc>Logs the given message with the given level.</doc>
<status status="PASS" start="2024-08-06T20:14:09.377534" elapsed="0.000393"/>
</kw>
<kw name="Set Variable" owner="BuiltIn">
<msg time="2024-08-06T20:14:09.378674" level="INFO">${json_data} = {'results': [{'gender': 'female', 'name': {'title': 'Ms', 'first': 'Bobbie', 'last': 'Peck'}, 'location': {'street': {'number': 8959, 'name': 'Preston Rd'}, 'city': 'Abilene', 'state': 'Kentucky', 'co...</msg>
<var>${json_data}</var>
<arg>${response.json()}</arg>
<doc>Returns the given values which can then be assigned to a variables.</doc>
<status status="PASS" start="2024-08-06T20:14:09.378230" elapsed="0.000474"/>
</kw>
<kw name="Dictionary Should Contain Key" owner="Collections">
<arg>${json_data}</arg>
<arg>results</arg>
<doc>Fails if ``key`` is not found from ``dictionary``.</doc>
<status status="PASS" start="2024-08-06T20:14:09.379006" elapsed="0.000334"/>
</kw>
<status status="PASS" start="2024-08-06T20:14:09.186174" elapsed="0.193324"/>
</kw>
<doc>Testa se a API responde corretamente e retorna um objeto JSON válido.</doc>
<tag>testeRequisicaoBasica</tag>
<status status="PASS" start="2024-08-06T20:14:09.185705" elapsed="0.193969"/>
</test>
<test id="s1-s1-t3" name="Validar estrutura de resposta" line="22">
<kw name="Teste de Estrutura de Resposta" owner="random-user-service">
<kw name="GET On Session" owner="RequestsLibrary">
<msg time="2024-08-06T20:14:09.642926" level="INFO">GET Request : url=https://randomuser.me/api 
 path_url=/api 
 headers={'User-Agent': 'python-requests/2.32.3', 'Accept-Encoding': 'gzip, deflate', 'Accept': '*/*', 'Connection': 'keep-alive'} 
 body=None 
 </msg>
<msg time="2024-08-06T20:14:09.643041" level="INFO">GET Response : url=https://randomuser.me/api 
 status=200, reason=OK 
 headers={'Date': 'Tue, 06 Aug 2024 20:14:09 GMT', 'Content-Type': 'application/json; charset=utf-8', 'Transfer-Encoding': 'chunked', 'Connection': 'keep-alive', 'X-Powered-By': 'Express', 'Access-Control-Allow-Origin': '*', 'Cache-Control': 'no-cache', 'ETag': 'W/"490-Zijjha3B5MrdAQxORc6Vx1W351E"', 'Vary': 'Accept-Encoding', 'Content-Encoding': 'gzip', 'CF-Cache-Status': 'DYNAMIC', 'Report-To': '{"endpoints":[{"url":"https:\\/\\/a.nel.cloudflare.com\\/report\\/v4?s=c%2B%2BWIQagmiRTtglUFrkvKimEoiCQzkNAMI%2BLqSEcYUSvHhnCWp%2BROq5nuKI0fjJWBP45DZ5zqpn2ctFY9TgnJYhEHqclNQ8SYmmv4bpIP1uPAebWlD4nKf3HMVr%2B9N4y"}],"group":"cf-nel","max_age":604800}', 'NEL': '{"success_fraction":0,"report_to":"cf-nel","max_age":604800}', 'Server': 'cloudflare', 'CF-RAY': '8af1b10ca8d4fa56-SJC', 'alt-svc': 'h3=":443"; ma=86400'} 
 body={"results":[{"gender":"female","name":{"title":"Miss","first":"Avery","last":"Jones"},"location":{"street":{"number":2253,"name":"36th Ave"},"city":"Keswick","state":"Northwest Territories","country":"Canada","postcode":"V6E 2X6","coordinates":{"latitude":"-68.3527","longitude":"35.5121"},"timezone":{"offset":"-8:00","description":"Pacific Time (US &amp; Canada)"}},"email":"avery.jones@example.com","login":{"uuid":"37323177-0a36-4add-b87b-4e46e7bd2b20","username":"sadfish923","password":"johannes","salt":"OlBO1YSI","md5":"300f3ca67f92e6184541ec1543365c96","sha1":"aff239563b004c9749bda0810b6c26aace788554","sha256":"6fa43be8b43cf025d6ed6e8039b27b90da012dcf9477b3b0a8cd9b5c80f4a0e6"},"dob":{"date":"1958-12-12T02:55:27.269Z","age":65},"registered":{"date":"2010-08-02T03:22:02.354Z","age":14},"phone":"M68 E71-0471","cell":"T82 V90-4834","id":{"name":"SIN","value":"400372454"},"picture":{"large":"https://randomuser.me/api/portraits/women/86.jpg","medium":"https://randomuser.me/api/portraits/med/women/86.jpg","thumbnail":"https://randomuser.me/api/portraits/thumb/women/86.jpg"},"nat":"CA"}],"info":{"seed":"03da88a24fff8431","results":1,"page":1,"version":"1.4"}} 
 </msg>
<msg time="2024-08-06T20:14:09.643199" level="INFO">/opt/hostedtoolcache/Python/3.12.4/x64/lib/python3.12/site-packages/urllib3/connectionpool.py:1099: InsecureRequestWarning: Unverified HTTPS request is being made to host 'randomuser.me'. Adding certificate verification is strongly advised. See: https://urllib3.readthedocs.io/en/latest/advanced-usage.html#tls-warnings
  warnings.warn(</msg>
<msg time="2024-08-06T20:14:09.643329" level="INFO">${response} = &lt;Response [200]&gt;</msg>
<var>${response}</var>
<arg>consultarAPI</arg>
<arg>/api</arg>
<doc>Sends a GET request on a previously created HTTP Session.</doc>
<status status="PASS" start="2024-08-06T20:14:09.382317" elapsed="0.261041"/>
</kw>
<kw name="Set Variable" owner="BuiltIn">
<msg time="2024-08-06T20:14:09.644456" level="INFO">${json_data} = {'results': [{'gender': 'female', 'name': {'title': 'Miss', 'first': 'Avery', 'last': 'Jones'}, 'location': {'street': {'number': 2253, 'name': '36th Ave'}, 'city': 'Keswick', 'state': 'Northwest Terr...</msg>
<var>${json_data}</var>
<arg>${response.json()}</arg>
<doc>Returns the given values which can then be assigned to a variables.</doc>
<status status="PASS" start="2024-08-06T20:14:09.643917" elapsed="0.000606"/>
</kw>
<kw name="Log" owner="BuiltIn">
<msg time="2024-08-06T20:14:09.645029" level="INFO">{'results': [{'gender': 'female', 'name': {'title': 'Miss', 'first': 'Avery', 'last': 'Jones'}, 'location': {'street': {'number': 2253, 'name': '36th Ave'}, 'city': 'Keswick', 'state': 'Northwest Territories', 'country': 'Canada', 'postcode': 'V6E 2X6', 'coordinates': {'latitude': '-68.3527', 'longitude': '35.5121'}, 'timezone': {'offset': '-8:00', 'description': 'Pacific Time (US &amp; Canada)'}}, 'email': 'avery.jones@example.com', 'login': {'uuid': '37323177-0a36-4add-b87b-4e46e7bd2b20', 'username': 'sadfish923', 'password': 'johannes', 'salt': 'OlBO1YSI', 'md5': '300f3ca67f92e6184541ec1543365c96', 'sha1': 'aff239563b004c9749bda0810b6c26aace788554', 'sha256': '6fa43be8b43cf025d6ed6e8039b27b90da012dcf9477b3b0a8cd9b5c80f4a0e6'}, 'dob': {'date': '1958-12-12T02:55:27.269Z', 'age': 65}, 'registered': {'date': '2010-08-02T03:22:02.354Z', 'age': 14}, 'phone': 'M68 E71-0471', 'cell': 'T82 V90-4834', 'id': {'name': 'SIN', 'value': '400372454'}, 'picture': {'large': 'https://randomuser.me/api/portraits/women/86.jpg', 'medium': 'https://randomuser.me/api/portraits/med/women/86.jpg', 'thumbnail': 'https://randomuser.me/api/portraits/thumb/women/86.jpg'}, 'nat': 'CA'}], 'info': {'seed': '03da88a24fff8431', 'results': 1, 'page': 1, 'version': '1.4'}}</msg>
<arg>${json_data}</arg>
<doc>Logs the given message with the given level.</doc>
<status status="PASS" start="2024-08-06T20:14:09.644866" elapsed="0.000213"/>
</kw>
<kw name="Dictionary Should Contain Key" owner="Collections">
<arg>${json_data}</arg>
<arg>results</arg>
<doc>Fails if ``key`` is not found from ``dictionary``.</doc>
<status status="PASS" start="2024-08-06T20:14:09.645377" elapsed="0.000170"/>
</kw>
<kw name="Should Not Be Empty" owner="BuiltIn">
<msg time="2024-08-06T20:14:09.645866" level="INFO">Length is 2.</msg>
<arg>${json_data}</arg>
<doc>Verifies that the given item is not empty.</doc>
<status status="PASS" start="2024-08-06T20:14:09.645734" elapsed="0.000171"/>
</kw>
<kw name="Create List" owner="BuiltIn">
<msg time="2024-08-06T20:14:09.646354" level="INFO">${expected_keys} = ['gender', 'name', 'location', 'email', 'login']</msg>
<var>${expected_keys}</var>
<arg>gender</arg>
<arg>name</arg>
<arg>location</arg>
<arg>email</arg>
<arg>login</arg>
<doc>Returns a list containing given items.</doc>
<status status="PASS" start="2024-08-06T20:14:09.646200" elapsed="0.000179"/>
</kw>
<for flavor="IN">
<iter>
<kw name="Dictionary Should Contain Key" owner="Collections">
<arg>${json_data['results'][0]}</arg>
<arg>${key}</arg>
<doc>Fails if ``key`` is not found from ``dictionary``.</doc>
<status status="PASS" start="2024-08-06T20:14:09.646967" elapsed="0.000424"/>
</kw>
<kw name="Log" owner="BuiltIn">
<msg time="2024-08-06T20:14:09.647947" level="INFO">{'gender': 'female', 'name': {'title': 'Miss', 'first': 'Avery', 'last': 'Jones'}, 'location': {'street': {'number': 2253, 'name': '36th Ave'}, 'city': 'Keswick', 'state': 'Northwest Territories', 'country': 'Canada', 'postcode': 'V6E 2X6', 'coordinates': {'latitude': '-68.3527', 'longitude': '35.5121'}, 'timezone': {'offset': '-8:00', 'description': 'Pacific Time (US &amp; Canada)'}}, 'email': 'avery.jones@example.com', 'login': {'uuid': '37323177-0a36-4add-b87b-4e46e7bd2b20', 'username': 'sadfish923', 'password': 'johannes', 'salt': 'OlBO1YSI', 'md5': '300f3ca67f92e6184541ec1543365c96', 'sha1': 'aff239563b004c9749bda0810b6c26aace788554', 'sha256': '6fa43be8b43cf025d6ed6e8039b27b90da012dcf9477b3b0a8cd9b5c80f4a0e6'}, 'dob': {'date': '1958-12-12T02:55:27.269Z', 'age': 65}, 'registered': {'date': '2010-08-02T03:22:02.354Z', 'age': 14}, 'phone': 'M68 E71-0471', 'cell': 'T82 V90-4834', 'id': {'name': 'SIN', 'value': '400372454'}, 'picture': {'large': 'https://randomuser.me/api/portraits/women/86.jpg', 'medium': 'https://randomuser.me/api/portraits/med/women/86.jpg', 'thumbnail': 'https://randomuser.me/api/portraits/thumb/women/86.jpg'}, 'nat': 'CA'}</msg>
<arg>${json_data['results'][0]}</arg>
<doc>Logs the given message with the given level.</doc>
<status status="PASS" start="2024-08-06T20:14:09.647586" elapsed="0.000411"/>
</kw>
<kw name="Log" owner="BuiltIn">
<msg time="2024-08-06T20:14:09.648430" level="INFO">gender</msg>
<arg>${key}</arg>
<doc>Logs the given message with the given level.</doc>
<status status="PASS" start="2024-08-06T20:14:09.648300" elapsed="0.000189"/>
</kw>
<var name="${key}">gender</var>
<status status="PASS" start="2024-08-06T20:14:09.646842" elapsed="0.001872"/>
</iter>
<iter>
<kw name="Dictionary Should Contain Key" owner="Collections">
<arg>${json_data['results'][0]}</arg>
<arg>${key}</arg>
<doc>Fails if ``key`` is not found from ``dictionary``.</doc>
<status status="PASS" start="2024-08-06T20:14:09.649020" elapsed="0.000392"/>
</kw>
<kw name="Log" owner="BuiltIn">
<msg time="2024-08-06T20:14:09.649952" level="INFO">{'gender': 'female', 'name': {'title': 'Miss', 'first': 'Avery', 'last': 'Jones'}, 'location': {'street': {'number': 2253, 'name': '36th Ave'}, 'city': 'Keswick', 'state': 'Northwest Territories', 'country': 'Canada', 'postcode': 'V6E 2X6', 'coordinates': {'latitude': '-68.3527', 'longitude': '35.5121'}, 'timezone': {'offset': '-8:00', 'description': 'Pacific Time (US &amp; Canada)'}}, 'email': 'avery.jones@example.com', 'login': {'uuid': '37323177-0a36-4add-b87b-4e46e7bd2b20', 'username': 'sadfish923', 'password': 'johannes', 'salt': 'OlBO1YSI', 'md5': '300f3ca67f92e6184541ec1543365c96', 'sha1': 'aff239563b004c9749bda0810b6c26aace788554', 'sha256': '6fa43be8b43cf025d6ed6e8039b27b90da012dcf9477b3b0a8cd9b5c80f4a0e6'}, 'dob': {'date': '1958-12-12T02:55:27.269Z', 'age': 65}, 'registered': {'date': '2010-08-02T03:22:02.354Z', 'age': 14}, 'phone': 'M68 E71-0471', 'cell': 'T82 V90-4834', 'id': {'name': 'SIN', 'value': '400372454'}, 'picture': {'large': 'https://randomuser.me/api/portraits/women/86.jpg', 'medium': 'https://randomuser.me/api/portraits/med/women/86.jpg', 'thumbnail': 'https://randomuser.me/api/portraits/thumb/women/86.jpg'}, 'nat': 'CA'}</msg>
<arg>${json_data['results'][0]}</arg>
<doc>Logs the given message with the given level.</doc>
<status status="PASS" start="2024-08-06T20:14:09.649596" elapsed="0.000438"/>
</kw>
<kw name="Log" owner="BuiltIn">
<msg time="2024-08-06T20:14:09.650481" level="INFO">name</msg>
<arg>${key}</arg>
<doc>Logs the given message with the given level.</doc>
<status status="PASS" start="2024-08-06T20:14:09.650350" elapsed="0.000169"/>
</kw>
<var name="${key}">name</var>
<status status="PASS" start="2024-08-06T20:14:09.648903" elapsed="0.001833"/>
</iter>
<iter>
<kw name="Dictionary Should Contain Key" owner="Collections">
<arg>${json_data['results'][0]}</arg>
<arg>${key}</arg>
<doc>Fails if ``key`` is not found from ``dictionary``.</doc>
<status status="PASS" start="2024-08-06T20:14:09.651023" elapsed="0.000382"/>
</kw>
<kw name="Log" owner="BuiltIn">
<msg time="2024-08-06T20:14:09.651929" level="INFO">{'gender': 'female', 'name': {'title': 'Miss', 'first': 'Avery', 'last': 'Jones'}, 'location': {'street': {'number': 2253, 'name': '36th Ave'}, 'city': 'Keswick', 'state': 'Northwest Territories', 'country': 'Canada', 'postcode': 'V6E 2X6', 'coordinates': {'latitude': '-68.3527', 'longitude': '35.5121'}, 'timezone': {'offset': '-8:00', 'description': 'Pacific Time (US &amp; Canada)'}}, 'email': 'avery.jones@example.com', 'login': {'uuid': '37323177-0a36-4add-b87b-4e46e7bd2b20', 'username': 'sadfish923', 'password': 'johannes', 'salt': 'OlBO1YSI', 'md5': '300f3ca67f92e6184541ec1543365c96', 'sha1': 'aff239563b004c9749bda0810b6c26aace788554', 'sha256': '6fa43be8b43cf025d6ed6e8039b27b90da012dcf9477b3b0a8cd9b5c80f4a0e6'}, 'dob': {'date': '1958-12-12T02:55:27.269Z', 'age': 65}, 'registered': {'date': '2010-08-02T03:22:02.354Z', 'age': 14}, 'phone': 'M68 E71-0471', 'cell': 'T82 V90-4834', 'id': {'name': 'SIN', 'value': '400372454'}, 'picture': {'large': 'https://randomuser.me/api/portraits/women/86.jpg', 'medium': 'https://randomuser.me/api/portraits/med/women/86.jpg', 'thumbnail': 'https://randomuser.me/api/portraits/thumb/women/86.jpg'}, 'nat': 'CA'}</msg>
<arg>${json_data['results'][0]}</arg>
<doc>Logs the given message with the given level.</doc>
<status status="PASS" start="2024-08-06T20:14:09.651586" elapsed="0.000402"/>
</kw>
<kw name="Log" owner="BuiltIn">
<msg time="2024-08-06T20:14:09.652413" level="INFO">location</msg>
<arg>${key}</arg>
<doc>Logs the given message with the given level.</doc>
<status status="PASS" start="2024-08-06T20:14:09.652286" elapsed="0.000165"/>
</kw>
<var name="${key}">location</var>
<status status="PASS" start="2024-08-06T20:14:09.650913" elapsed="0.001787"/>
</iter>
<iter>
<kw name="Dictionary Should Contain Key" owner="Collections">
<arg>${json_data['results'][0]}</arg>
<arg>${key}</arg>
<doc>Fails if ``key`` is not found from ``dictionary``.</doc>
<status status="PASS" start="2024-08-06T20:14:09.652982" elapsed="0.000387"/>
</kw>
<kw name="Log" owner="BuiltIn">
<msg time="2024-08-06T20:14:09.654019" level="INFO">{'gender': 'female', 'name': {'title': 'Miss', 'first': 'Avery', 'last': 'Jones'}, 'location': {'street': {'number': 2253, 'name': '36th Ave'}, 'city': 'Keswick', 'state': 'Northwest Territories', 'country': 'Canada', 'postcode': 'V6E 2X6', 'coordinates': {'latitude': '-68.3527', 'longitude': '35.5121'}, 'timezone': {'offset': '-8:00', 'description': 'Pacific Time (US &amp; Canada)'}}, 'email': 'avery.jones@example.com', 'login': {'uuid': '37323177-0a36-4add-b87b-4e46e7bd2b20', 'username': 'sadfish923', 'password': 'johannes', 'salt': 'OlBO1YSI', 'md5': '300f3ca67f92e6184541ec1543365c96', 'sha1': 'aff239563b004c9749bda0810b6c26aace788554', 'sha256': '6fa43be8b43cf025d6ed6e8039b27b90da012dcf9477b3b0a8cd9b5c80f4a0e6'}, 'dob': {'date': '1958-12-12T02:55:27.269Z', 'age': 65}, 'registered': {'date': '2010-08-02T03:22:02.354Z', 'age': 14}, 'phone': 'M68 E71-0471', 'cell': 'T82 V90-4834', 'id': {'name': 'SIN', 'value': '400372454'}, 'picture': {'large': 'https://randomuser.me/api/portraits/women/86.jpg', 'medium': 'https://randomuser.me/api/portraits/med/women/86.jpg', 'thumbnail': 'https://randomuser.me/api/portraits/thumb/women/86.jpg'}, 'nat': 'CA'}</msg>
<arg>${json_data['results'][0]}</arg>
<doc>Logs the given message with the given level.</doc>
<status status="PASS" start="2024-08-06T20:14:09.653671" elapsed="0.000396"/>
</kw>
<kw name="Log" owner="BuiltIn">
<msg time="2024-08-06T20:14:09.654502" level="INFO">email</msg>
<arg>${key}</arg>
<doc>Logs the given message with the given level.</doc>
<status status="PASS" start="2024-08-06T20:14:09.654372" elapsed="0.000168"/>
</kw>
<var name="${key}">email</var>
<status status="PASS" start="2024-08-06T20:14:09.652875" elapsed="0.001883"/>
</iter>
<iter>
<kw name="Dictionary Should Contain Key" owner="Collections">
<arg>${json_data['results'][0]}</arg>
<arg>${key}</arg>
<doc>Fails if ``key`` is not found from ``dictionary``.</doc>
<status status="PASS" start="2024-08-06T20:14:09.655041" elapsed="0.000381"/>
</kw>
<kw name="Log" owner="BuiltIn">
<msg time="2024-08-06T20:14:09.655942" level="INFO">{'gender': 'female', 'name': {'title': 'Miss', 'first': 'Avery', 'last': 'Jones'}, 'location': {'street': {'number': 2253, 'name': '36th Ave'}, 'city': 'Keswick', 'state': 'Northwest Territories', 'country': 'Canada', 'postcode': 'V6E 2X6', 'coordinates': {'latitude': '-68.3527', 'longitude': '35.5121'}, 'timezone': {'offset': '-8:00', 'description': 'Pacific Time (US &amp; Canada)'}}, 'email': 'avery.jones@example.com', 'login': {'uuid': '37323177-0a36-4add-b87b-4e46e7bd2b20', 'username': 'sadfish923', 'password': 'johannes', 'salt': 'OlBO1YSI', 'md5': '300f3ca67f92e6184541ec1543365c96', 'sha1': 'aff239563b004c9749bda0810b6c26aace788554', 'sha256': '6fa43be8b43cf025d6ed6e8039b27b90da012dcf9477b3b0a8cd9b5c80f4a0e6'}, 'dob': {'date': '1958-12-12T02:55:27.269Z', 'age': 65}, 'registered': {'date': '2010-08-02T03:22:02.354Z', 'age': 14}, 'phone': 'M68 E71-0471', 'cell': 'T82 V90-4834', 'id': {'name': 'SIN', 'value': '400372454'}, 'picture': {'large': 'https://randomuser.me/api/portraits/women/86.jpg', 'medium': 'https://randomuser.me/api/portraits/med/women/86.jpg', 'thumbnail': 'https://randomuser.me/api/portraits/thumb/women/86.jpg'}, 'nat': 'CA'}</msg>
<arg>${json_data['results'][0]}</arg>
<doc>Logs the given message with the given level.</doc>
<status status="PASS" start="2024-08-06T20:14:09.655603" elapsed="0.000389"/>
</kw>
<kw name="Log" owner="BuiltIn">
<msg time="2024-08-06T20:14:09.656411" level="INFO">login</msg>
<arg>${key}</arg>
<doc>Logs the given message with the given level.</doc>
<status status="PASS" start="2024-08-06T20:14:09.656282" elapsed="0.000167"/>
</kw>
<var name="${key}">login</var>
<status status="PASS" start="2024-08-06T20:14:09.654933" elapsed="0.001755"/>
</iter>
<var>${key}</var>
<value>@{expected_keys}</value>
<status status="PASS" start="2024-08-06T20:14:09.646647" elapsed="0.010163"/>
</for>
<kw name="Create List" owner="BuiltIn">
<msg time="2024-08-06T20:14:09.657137" level="INFO">${expected_keysTwo} = ['username', 'password']</msg>
<var>${expected_keysTwo}</var>
<arg>username</arg>
<arg>password</arg>
<doc>Returns a list containing given items.</doc>
<status status="PASS" start="2024-08-06T20:14:09.657003" elapsed="0.000185"/>
</kw>
<for flavor="IN">
<iter>
<kw name="Dictionary Should Contain Key" owner="Collections">
<arg>${json_data['results'][0]['login']}</arg>
<arg>${keyTwo}</arg>
<doc>Fails if ``key`` is not found from ``dictionary``.</doc>
<status status="PASS" start="2024-08-06T20:14:09.657696" elapsed="0.000397"/>
</kw>
<kw name="Dictionary Should Contain Key" owner="Collections">
<arg>${json_data['results'][0]['login']}</arg>
<arg>${keyTwo}</arg>
<doc>Fails if ``key`` is not found from ``dictionary``.</doc>
<status status="PASS" start="2024-08-06T20:14:09.658273" elapsed="0.000369"/>
</kw>
<kw name="Log" owner="BuiltIn">
<msg time="2024-08-06T20:14:09.658942" level="INFO">username</msg>
<arg>${keyTwo}</arg>
<doc>Logs the given message with the given level.</doc>
<status status="PASS" start="2024-08-06T20:14:09.658822" elapsed="0.000158"/>
</kw>
<var name="${keyTwo}">username</var>
<status status="PASS" start="2024-08-06T20:14:09.657589" elapsed="0.001609"/>
</iter>
<iter>
<kw name="Dictionary Should Contain Key" owner="Collections">
<arg>${json_data['results'][0]['login']}</arg>
<arg>${keyTwo}</arg>
<doc>Fails if ``key`` is not found from ``dictionary``.</doc>
<status status="PASS" start="2024-08-06T20:14:09.659480" elapsed="0.000386"/>
</kw>
<kw name="Dictionary Should Contain Key" owner="Collections">
<arg>${json_data['results'][0]['login']}</arg>
<arg>${keyTwo}</arg>
<doc>Fails if ``key`` is not found from ``dictionary``.</doc>
<status status="PASS" start="2024-08-06T20:14:09.660044" elapsed="0.000372"/>
</kw>
<kw name="Log" owner="BuiltIn">
<msg time="2024-08-06T20:14:09.660763" level="INFO">password</msg>
<arg>${keyTwo}</arg>
<doc>Logs the given message with the given level.</doc>
<status status="PASS" start="2024-08-06T20:14:09.660642" elapsed="0.000157"/>
</kw>
<var name="${keyTwo}">password</var>
<status status="PASS" start="2024-08-06T20:14:09.659373" elapsed="0.001644"/>
</iter>
<var>${keyTwo}</var>
<value>@{expected_keysTwo}</value>
<status status="PASS" start="2024-08-06T20:14:09.657433" elapsed="0.003707"/>
</for>
<status status="PASS" start="2024-08-06T20:14:09.382077" elapsed="0.279209"/>
</kw>
<doc>Testa a estrutura da resposta da API.</doc>
<tag>testeEstruturaResposta</tag>
<status status="PASS" start="2024-08-06T20:14:09.381575" elapsed="0.279872"/>
</test>
<test id="s1-s1-t4" name="Validar tipos de dados" line="28">
<kw name="Teste de Tipos de Dados" owner="random-user-service">
<kw name="GET On Session" owner="RequestsLibrary">
<msg time="2024-08-06T20:14:09.778445" level="INFO">GET Request : url=https://randomuser.me/api 
 path_url=/api 
 headers={'User-Agent': 'python-requests/2.32.3', 'Accept-Encoding': 'gzip, deflate', 'Accept': '*/*', 'Connection': 'keep-alive'} 
 body=None 
 </msg>
<msg time="2024-08-06T20:14:09.778553" level="INFO">GET Response : url=https://randomuser.me/api 
 status=200, reason=OK 
 headers={'Date': 'Tue, 06 Aug 2024 20:14:09 GMT', 'Content-Type': 'application/json; charset=utf-8', 'Transfer-Encoding': 'chunked', 'Connection': 'keep-alive', 'X-Powered-By': 'Express', 'Access-Control-Allow-Origin': '*', 'Cache-Control': 'no-cache', 'ETag': 'W/"4a2-JzBADpu4wI4FDmBaZVeUdN8AJgw"', 'Vary': 'Accept-Encoding', 'Content-Encoding': 'gzip', 'CF-Cache-Status': 'DYNAMIC', 'Report-To': '{"endpoints":[{"url":"https:\\/\\/a.nel.cloudflare.com\\/report\\/v4?s=kDDISut95i%2FBHkfkLJ5%2F14dCXt%2BeAGeCNHGfDZt%2BgfjsonZMic%2BU3o8QVwGf4GBy1ZwToVTZPbjmkNykSpkLtC%2FET56c8Z2J5c6Ii4hOZRPxA0UuKpzTVZ8qto4rx4N%2F"}],"group":"cf-nel","max_age":604800}', 'NEL': '{"success_fraction":0,"report_to":"cf-nel","max_age":604800}', 'Server': 'cloudflare', 'CF-RAY': '8af1b10e7a3cfa56-SJC', 'alt-svc': 'h3=":443"; ma=86400'} 
 body={"results":[{"gender":"male","name":{"title":"Mr","first":"Luukas","last":"Hanninen"},"location":{"street":{"number":2271,"name":"Aleksanterinkatu"},"city":"Lempäälä","state":"Kymenlaakso","country":"Finland","postcode":76156,"coordinates":{"latitude":"-29.7947","longitude":"-58.7241"},"timezone":{"offset":"+11:00","description":"Magadan, Solomon Islands, New Caledonia"}},"email":"luukas.hanninen@example.com","login":{"uuid":"81f3074b-1cd6-4197-b82f-58a34df2832f","username":"bigzebra402","password":"lalala","salt":"gV1BgMC8","md5":"52736d734824e796323cd5fed573bf75","sha1":"08a24d6c59111aa7447995a7425b20c975e1fffa","sha256":"380719e25ac0320265c56cdf0537e9b3551e97a4c05341c2df53f3abd1e180c5"},"dob":{"date":"1974-02-01T01:55:46.945Z","age":50},"registered":{"date":"2015-07-11T07:39:52.288Z","age":9},"phone":"04-891-521","cell":"049-737-57-80","id":{"name":"HETU","value":"NaNNA663undefined"},"picture":{"large":"https://randomuser.me/api/portraits/men/21.jpg","medium":"https://randomuser.me/api/portraits/med/men/21.jpg","thumbnail":"https://randomuser.me/api/portraits/thumb/men/21.jpg"},"nat":"FI"}],"info":{"seed":"099f68a2647523fa","results":1,"page":1,"version":"1.4"}} 
 </msg>
<msg time="2024-08-06T20:14:09.778629" level="INFO">/opt/hostedtoolcache/Python/3.12.4/x64/lib/python3.12/site-packages/urllib3/connectionpool.py:1099: InsecureRequestWarning: Unverified HTTPS request is being made to host 'randomuser.me'. Adding certificate verification is strongly advised. See: https://urllib3.readthedocs.io/en/latest/advanced-usage.html#tls-warnings
  warnings.warn(</msg>
<msg time="2024-08-06T20:14:09.778746" level="INFO">${response} = &lt;Response [200]&gt;</msg>
<var>${response}</var>
<arg>consultarAPI</arg>
<arg>/api</arg>
<doc>Sends a GET request on a previously created HTTP Session.</doc>
<status status="PASS" start="2024-08-06T20:14:09.664011" elapsed="0.114776"/>
</kw>
<kw name="Set Variable" owner="BuiltIn">
<msg time="2024-08-06T20:14:09.780095" level="INFO">${json_data} = {'results': [{'gender': 'male', 'name': {'title': 'Mr', 'first': 'Luukas', 'last': 'Hanninen'}, 'location': {'street': {'number': 2271, 'name': 'Aleksanterinkatu'}, 'city': 'Lempäälä', 'state': 'Kymen...</msg>
<var>${json_data}</var>
<arg>${response.json()}</arg>
<doc>Returns the given values which can then be assigned to a variables.</doc>
<status status="PASS" start="2024-08-06T20:14:09.779476" elapsed="0.000652"/>
</kw>
<kw name="Log" owner="BuiltIn">
<msg time="2024-08-06T20:14:09.780657" level="INFO">{'results': [{'gender': 'male', 'name': {'title': 'Mr', 'first': 'Luukas', 'last': 'Hanninen'}, 'location': {'street': {'number': 2271, 'name': 'Aleksanterinkatu'}, 'city': 'Lempäälä', 'state': 'Kymenlaakso', 'country': 'Finland', 'postcode': 76156, 'coordinates': {'latitude': '-29.7947', 'longitude': '-58.7241'}, 'timezone': {'offset': '+11:00', 'description': 'Magadan, Solomon Islands, New Caledonia'}}, 'email': 'luukas.hanninen@example.com', 'login': {'uuid': '81f3074b-1cd6-4197-b82f-58a34df2832f', 'username': 'bigzebra402', 'password': 'lalala', 'salt': 'gV1BgMC8', 'md5': '52736d734824e796323cd5fed573bf75', 'sha1': '08a24d6c59111aa7447995a7425b20c975e1fffa', 'sha256': '380719e25ac0320265c56cdf0537e9b3551e97a4c05341c2df53f3abd1e180c5'}, 'dob': {'date': '1974-02-01T01:55:46.945Z', 'age': 50}, 'registered': {'date': '2015-07-11T07:39:52.288Z', 'age': 9}, 'phone': '04-891-521', 'cell': '049-737-57-80', 'id': {'name': 'HETU', 'value': 'NaNNA663undefined'}, 'picture': {'large': 'https://randomuser.me/api/portraits/men/21.jpg', 'medium': 'https://randomuser.me/api/portraits/med/men/21.jpg', 'thumbnail': 'https://randomuser.me/api/portraits/thumb/men/21.jpg'}, 'nat': 'FI'}], 'info': {'seed': '099f68a2647523fa', 'results': 1, 'page': 1, 'version': '1.4'}}</msg>
<arg>${json_data}</arg>
<doc>Logs the given message with the given level.</doc>
<status status="PASS" start="2024-08-06T20:14:09.780452" elapsed="0.000254"/>
</kw>
<kw name="Should Be String" owner="String">
<arg>${json_data['results'][0]['gender']}</arg>
<doc>Fails if the given ``item`` is not a string.</doc>
<status status="PASS" start="2024-08-06T20:14:09.781004" elapsed="0.000369"/>
</kw>
<kw name="Should Match Regexp" owner="BuiltIn">
<arg>${json_data['results'][0]['email']}</arg>
<arg>^[a-zA-Z0-9._%+-]+@[a-zA-Z0-9.-]+\.[a-zA-Z]{2,}$</arg>
<doc>Fails if ``string`` does not match ``pattern`` as a regular expression.</doc>
<status status="PASS" start="2024-08-06T20:14:09.781602" elapsed="0.000527"/>
</kw>
<kw name="Should Match Regexp" owner="BuiltIn">
<arg>${json_data['results'][0]['dob']['date']}</arg>
<arg>\\d{4}-\\d{2}-\\d{2}T\\d{2}:\\d{2}:\\d{2}\\.\\d{3}Z</arg>
<doc>Fails if ``string`` does not match ``pattern`` as a regular expression.</doc>
<status status="PASS" start="2024-08-06T20:14:09.782323" elapsed="0.000648"/>
</kw>
<kw name="Should Match Regexp" owner="BuiltIn">
<arg>${json_data['results'][0]['registered']['date']}</arg>
<arg>\\d{4}-\\d{2}-\\d{2}T\\d{2}:\\d{2}:\\d{2}\\.\\d{3}Z</arg>
<doc>Fails if ``string`` does not match ``pattern`` as a regular expression.</doc>
<status status="PASS" start="2024-08-06T20:14:09.783166" elapsed="0.000370"/>
</kw>
<kw name="Should Match Regexp" owner="BuiltIn">
<arg>${json_data['results'][0]['picture']['large']}</arg>
<arg>^https?://.*\.(?:png|jpe?g|gif|bmp)$</arg>
<doc>Fails if ``string`` does not match ``pattern`` as a regular expression.</doc>
<status status="PASS" start="2024-08-06T20:14:09.783721" elapsed="0.000479"/>
</kw>
<kw name="Should Match Regexp" owner="BuiltIn">
<arg>${json_data['results'][0]['picture']['medium']}</arg>
<arg>^https?://.*\.(?:png|jpe?g|gif|bmp)$</arg>
<doc>Fails if ``string`` does not match ``pattern`` as a regular expression.</doc>
<status status="PASS" start="2024-08-06T20:14:09.784397" elapsed="0.000404"/>
</kw>
<kw name="Should Match Regexp" owner="BuiltIn">
<arg>${json_data['results'][0]['picture']['thumbnail']}</arg>
<arg>^https?://.*\.(?:png|jpe?g|gif|bmp)$</arg>
<doc>Fails if ``string`` does not match ``pattern`` as a regular expression.</doc>
<status status="PASS" start="2024-08-06T20:14:09.784988" elapsed="0.000356"/>
</kw>
<kw name="Log" owner="BuiltIn">
<msg time="2024-08-06T20:14:09.785869" level="INFO">{'large': 'https://randomuser.me/api/portraits/men/21.jpg', 'medium': 'https://randomuser.me/api/portraits/med/men/21.jpg', 'thumbnail': 'https://randomuser.me/api/portraits/thumb/men/21.jpg'}</msg>
<arg>${json_data['results'][0]['picture']}</arg>
<doc>Logs the given message with the given level.</doc>
<status status="PASS" start="2024-08-06T20:14:09.785531" elapsed="0.000380"/>
</kw>
<status status="PASS" start="2024-08-06T20:14:09.663774" elapsed="0.122445"/>
</kw>
<kw name="Teste de Tipos de Dados - Postcode" owner="random-user-service">
<kw name="GET On Session" owner="RequestsLibrary">
<msg time="2024-08-06T20:14:09.904570" level="INFO">GET Request : url=https://randomuser.me/api 
 path_url=/api 
 headers={'User-Agent': 'python-requests/2.32.3', 'Accept-Encoding': 'gzip, deflate', 'Accept': '*/*', 'Connection': 'keep-alive'} 
 body=None 
 </msg>
<msg time="2024-08-06T20:14:09.904679" level="INFO">GET Response : url=https://randomuser.me/api 
 status=200, reason=OK 
 headers={'Date': 'Tue, 06 Aug 2024 20:14:09 GMT', 'Content-Type': 'application/json; charset=utf-8', 'Transfer-Encoding': 'chunked', 'Connection': 'keep-alive', 'X-Powered-By': 'Express', 'Access-Control-Allow-Origin': '*', 'Cache-Control': 'no-cache', 'ETag': 'W/"4a2-qHiTiXbfuQ60tMspEbOHQ4UuTAU"', 'Vary': 'Accept-Encoding', 'Content-Encoding': 'gzip', 'CF-Cache-Status': 'DYNAMIC', 'Report-To': '{"endpoints":[{"url":"https:\\/\\/a.nel.cloudflare.com\\/report\\/v4?s=M3Tvx1cMRDh150GIKsLLURMbodNLtge%2F4gQ5xINaF5oyjW7mwWMxUAPbmDLhwfviFUTh1qgps3NbFjsB4CrxEpYxLjZYVWRZmGx4AB8KhuKkUIOWBIGpM5dB6SNITfxR"}],"group":"cf-nel","max_age":604800}', 'NEL': '{"success_fraction":0,"report_to":"cf-nel","max_age":604800}', 'Server': 'cloudflare', 'CF-RAY': '8af1b10f3aedfa56-SJC', 'alt-svc': 'h3=":443"; ma=86400'} 
 body={"results":[{"gender":"female","name":{"title":"Miss","first":"Misty","last":"Watts"},"location":{"street":{"number":8441,"name":"W Pecan St"},"city":"Louisville","state":"Washington","country":"United States","postcode":36527,"coordinates":{"latitude":"89.3314","longitude":"166.3024"},"timezone":{"offset":"+5:00","description":"Ekaterinburg, Islamabad, Karachi, Tashkent"}},"email":"misty.watts@example.com","login":{"uuid":"bf4ade8e-47b0-49fb-9ffe-ff1124b8f83d","username":"tinywolf979","password":"woody1","salt":"DTaK8Rv9","md5":"ae208f6d211f418b5d83df9bf90413e9","sha1":"2371dfd09e40ea34a14ea8251117e6fbf9435920","sha256":"b319cf849be20c878ac8f18ca2086bab0a580a64b98c1936c4907e9d33175b16"},"dob":{"date":"1948-06-02T04:17:18.821Z","age":76},"registered":{"date":"2004-05-26T07:10:46.704Z","age":20},"phone":"(465) 951-8817","cell":"(701) 710-2349","id":{"name":"SSN","value":"785-33-1096"},"picture":{"large":"https://randomuser.me/api/portraits/women/17.jpg","medium":"https://randomuser.me/api/portraits/med/women/17.jpg","thumbnail":"https://randomuser.me/api/portraits/thumb/women/17.jpg"},"nat":"US"}],"info":{"seed":"601b1e6308d423ce","results":1,"page":1,"version":"1.4"}} 
 </msg>
<msg time="2024-08-06T20:14:09.904757" level="INFO">/opt/hostedtoolcache/Python/3.12.4/x64/lib/python3.12/site-packages/urllib3/connectionpool.py:1099: InsecureRequestWarning: Unverified HTTPS request is being made to host 'randomuser.me'. Adding certificate verification is strongly advised. See: https://urllib3.readthedocs.io/en/latest/advanced-usage.html#tls-warnings
  warnings.warn(</msg>
<msg time="2024-08-06T20:14:09.904877" level="INFO">${response} = &lt;Response [200]&gt;</msg>
<var>${response}</var>
<arg>consultarAPI</arg>
<arg>/api</arg>
<doc>Sends a GET request on a previously created HTTP Session.</doc>
<status status="PASS" start="2024-08-06T20:14:09.786692" elapsed="0.118212"/>
</kw>
<kw name="Set Variable" owner="BuiltIn">
<msg time="2024-08-06T20:14:09.905962" level="INFO">${json_data} = {'results': [{'gender': 'female', 'name': {'title': 'Miss', 'first': 'Misty', 'last': 'Watts'}, 'location': {'street': {'number': 8441, 'name': 'W Pecan St'}, 'city': 'Louisville', 'state': 'Washingto...</msg>
<var>${json_data}</var>
<arg>${response.json()}</arg>
<doc>Returns the given values which can then be assigned to a variables.</doc>
<status status="PASS" start="2024-08-06T20:14:09.905448" elapsed="0.000543"/>
</kw>
<kw name="Log" owner="BuiltIn">
<msg time="2024-08-06T20:14:09.906444" level="INFO">{'results': [{'gender': 'female', 'name': {'title': 'Miss', 'first': 'Misty', 'last': 'Watts'}, 'location': {'street': {'number': 8441, 'name': 'W Pecan St'}, 'city': 'Louisville', 'state': 'Washington', 'country': 'United States', 'postcode': 36527, 'coordinates': {'latitude': '89.3314', 'longitude': '166.3024'}, 'timezone': {'offset': '+5:00', 'description': 'Ekaterinburg, Islamabad, Karachi, Tashkent'}}, 'email': 'misty.watts@example.com', 'login': {'uuid': 'bf4ade8e-47b0-49fb-9ffe-ff1124b8f83d', 'username': 'tinywolf979', 'password': 'woody1', 'salt': 'DTaK8Rv9', 'md5': 'ae208f6d211f418b5d83df9bf90413e9', 'sha1': '2371dfd09e40ea34a14ea8251117e6fbf9435920', 'sha256': 'b319cf849be20c878ac8f18ca2086bab0a580a64b98c1936c4907e9d33175b16'}, 'dob': {'date': '1948-06-02T04:17:18.821Z', 'age': 76}, 'registered': {'date': '2004-05-26T07:10:46.704Z', 'age': 20}, 'phone': '(465) 951-8817', 'cell': '(701) 710-2349', 'id': {'name': 'SSN', 'value': '785-33-1096'}, 'picture': {'large': 'https://randomuser.me/api/portraits/women/17.jpg', 'medium': 'https://randomuser.me/api/portraits/med/women/17.jpg', 'thumbnail': 'https://randomuser.me/api/portraits/thumb/women/17.jpg'}, 'nat': 'US'}], 'info': {'seed': '601b1e6308d423ce', 'results': 1, 'page': 1, 'version': '1.4'}}</msg>
<arg>${json_data}</arg>
<doc>Logs the given message with the given level.</doc>
<status status="PASS" start="2024-08-06T20:14:09.906291" elapsed="0.000202"/>
</kw>
<kw name="Should Be Equal As Numbers" owner="BuiltIn">
<arg>${json_data['results'][0]['location']['postcode']}</arg>
<arg>${json_data['results'][0]['location']['postcode']}</arg>
<doc>Fails if objects are unequal after converting them to real numbers.</doc>
<status status="PASS" start="2024-08-06T20:14:09.906783" elapsed="0.000617"/>
</kw>
<kw name="Log" owner="BuiltIn">
<msg time="2024-08-06T20:14:09.907923" level="INFO">36527</msg>
<arg>${json_data['results'][0]['location']['postcode']}</arg>
<doc>Logs the given message with the given level.</doc>
<status status="PASS" start="2024-08-06T20:14:09.907588" elapsed="0.000410"/>
</kw>
<status status="PASS" start="2024-08-06T20:14:09.786451" elapsed="0.121807"/>
</kw>
<doc>Testa se os tipos de dados na resposta da API estão corretos.</doc>
<tag>testeTiposDados</tag>
<status status="PASS" start="2024-08-06T20:14:09.663194" elapsed="0.245232"/>
</test>
<test id="s1-s1-t5" name="Validar conteudo" line="35">
<kw name="Teste de Tipos de Conteudo" owner="random-user-service">
<kw name="GET On Session" owner="RequestsLibrary">
<msg time="2024-08-06T20:14:10.059952" level="INFO">GET Request : url=https://randomuser.me/api 
 path_url=/api 
 headers={'User-Agent': 'python-requests/2.32.3', 'Accept-Encoding': 'gzip, deflate', 'Accept': '*/*', 'Connection': 'keep-alive'} 
 body=None 
 </msg>
<msg time="2024-08-06T20:14:10.060062" level="INFO">GET Response : url=https://randomuser.me/api 
 status=200, reason=OK 
 headers={'Date': 'Tue, 06 Aug 2024 20:14:10 GMT', 'Content-Type': 'application/json; charset=utf-8', 'Transfer-Encoding': 'chunked', 'Connection': 'keep-alive', 'X-Powered-By': 'Express', 'Access-Control-Allow-Origin': '*', 'Cache-Control': 'no-cache', 'ETag': 'W/"498-y0EEp9fUKEn9Wxo6W93LSpFj0eM"', 'Vary': 'Accept-Encoding', 'Content-Encoding': 'gzip', 'CF-Cache-Status': 'DYNAMIC', 'Report-To': '{"endpoints":[{"url":"https:\\/\\/a.nel.cloudflare.com\\/report\\/v4?s=OxDR9RSHIKamFZ4q2B%2F96jUyl%2BzShy0CB0tqXeA9EOa9Q08%2ByVeYg4v%2Bes7cPVAtT0acVuBFRYBHgf9B6ck64swkVdcQgdMI9NeWMQT5v6QEfokMK%2FX%2BFiFOn05z7XSi"}],"group":"cf-nel","max_age":604800}', 'NEL': '{"success_fraction":0,"report_to":"cf-nel","max_age":604800}', 'Server': 'cloudflare', 'CF-RAY': '8af1b10ffba4fa56-SJC', 'alt-svc': 'h3=":443"; ma=86400'} 
 body={"results":[{"gender":"female","name":{"title":"Ms","first":"Katalina","last":"Radojičić"},"location":{"street":{"number":4990,"name":"Plavljanska"},"city":"Vršac","state":"Peć","country":"Serbia","postcode":37547,"coordinates":{"latitude":"61.6906","longitude":"77.8724"},"timezone":{"offset":"+8:00","description":"Beijing, Perth, Singapore, Hong Kong"}},"email":"katalina.radojicic@example.com","login":{"uuid":"69fd7af7-41aa-44a6-97a6-87002f88e8ab","username":"happyleopard528","password":"naughty","salt":"hPOqMxfE","md5":"28d0c77d53a17330fd20c7dcd2970c18","sha1":"4778601a3220cee2a42d9c57060cd5c0398bc320","sha256":"59d44bac53eedf334da52d92198aa587cef9d93b8da5b1837bc7836dcc906c98"},"dob":{"date":"1945-02-05T22:01:50.532Z","age":79},"registered":{"date":"2003-02-02T22:25:01.509Z","age":21},"phone":"035-5956-621","cell":"064-6422-199","id":{"name":"SID","value":"083982578"},"picture":{"large":"https://randomuser.me/api/portraits/women/12.jpg","medium":"https://randomuser.me/api/portraits/med/women/12.jpg","thumbnail":"https://randomuser.me/api/portraits/thumb/women/12.jpg"},"nat":"RS"}],"info":{"seed":"096f5783b240b1ea","results":1,"page":1,"version":"1.4"}} 
 </msg>
<msg time="2024-08-06T20:14:10.060140" level="INFO">/opt/hostedtoolcache/Python/3.12.4/x64/lib/python3.12/site-packages/urllib3/connectionpool.py:1099: InsecureRequestWarning: Unverified HTTPS request is being made to host 'randomuser.me'. Adding certificate verification is strongly advised. See: https://urllib3.readthedocs.io/en/latest/advanced-usage.html#tls-warnings
  warnings.warn(</msg>
<msg time="2024-08-06T20:14:10.060260" level="INFO">${response} = &lt;Response [200]&gt;</msg>
<var>${response}</var>
<arg>consultarAPI</arg>
<arg>/api</arg>
<doc>Sends a GET request on a previously created HTTP Session.</doc>
<status status="PASS" start="2024-08-06T20:14:09.910982" elapsed="0.149318"/>
</kw>
<kw name="Set Variable" owner="BuiltIn">
<msg time="2024-08-06T20:14:10.061594" level="INFO">${json_data} = {'results': [{'gender': 'female', 'name': {'title': 'Ms', 'first': 'Katalina', 'last': 'Radojičić'}, 'location': {'street': {'number': 4990, 'name': 'Plavljanska'}, 'city': 'Vršac', 'state': 'Peć', 'c...</msg>
<var>${json_data}</var>
<arg>${response.json()}</arg>
<doc>Returns the given values which can then be assigned to a variables.</doc>
<status status="PASS" start="2024-08-06T20:14:10.060990" elapsed="0.000634"/>
</kw>
<kw name="Set Variable" owner="BuiltIn">
<msg time="2024-08-06T20:14:10.062313" level="INFO">${name_title} = Ms</msg>
<var>${name_title}</var>
<arg>${json_data["results"][0]["name"]["title"]}</arg>
<doc>Returns the given values which can then be assigned to a variables.</doc>
<status status="PASS" start="2024-08-06T20:14:10.061934" elapsed="0.000404"/>
</kw>
<kw name="Create List" owner="BuiltIn">
<msg time="2024-08-06T20:14:10.062782" level="INFO">${allowed_titles} = ['Mr', 'Ms', 'Miss', 'Mrs', 'Madame', 'Monsieur']</msg>
<var>${allowed_titles}</var>
<arg>Mr</arg>
<arg>Ms</arg>
<arg>Miss</arg>
<arg>Mrs</arg>
<arg>Madame</arg>
<arg>Monsieur</arg>
<doc>Returns a list containing given items.</doc>
<status status="PASS" start="2024-08-06T20:14:10.062634" elapsed="0.000172"/>
</kw>
<kw name="List Should Contain Value" owner="Collections">
<arg>${allowed_titles}</arg>
<arg>${name_title}</arg>
<doc>Fails if the ``value`` is not found from ``list``.</doc>
<status status="PASS" start="2024-08-06T20:14:10.063107" elapsed="0.000178"/>
</kw>
<kw name="Set Variable" owner="BuiltIn">
<msg time="2024-08-06T20:14:10.063836" level="INFO">${name_country} = RS</msg>
<var>${name_country}</var>
<arg>${json_data["results"][0]["nat"]}</arg>
<doc>Returns the given values which can then be assigned to a variables.</doc>
<status status="PASS" start="2024-08-06T20:14:10.063468" elapsed="0.000393"/>
</kw>
<kw name="Create List" owner="BuiltIn">
<msg time="2024-08-06T20:14:10.064786" level="INFO">${list_country} = ['AD', 'AE', 'AF', 'AG', 'AI', 'AL', 'AM', 'AO', 'AQ', 'AR', 'AS', 'AT', 'AU', 'AW', 'AX', 'AZ', 'BA', 'BB', 'BD', 'BE', 'BF', 'BG', 'BH', 'BI', 'BJ', 'BL', 'BM', 'BN', 'BO', 'BQ', 'BR', 'BS', 'BT', '...</msg>
<var>${list_country}</var>
<arg>AD</arg>
<arg>AE</arg>
<arg>AF</arg>
<arg>AG</arg>
<arg>AI</arg>
<arg>AL</arg>
<arg>AM</arg>
<arg>AO</arg>
<arg>AQ</arg>
<arg>AR</arg>
<arg>AS</arg>
<arg>AT</arg>
<arg>AU</arg>
<arg>AW</arg>
<arg>AX</arg>
<arg>AZ</arg>
<arg>BA</arg>
<arg>BB</arg>
<arg>BD</arg>
<arg>BE</arg>
<arg>BF</arg>
<arg>BG</arg>
<arg>BH</arg>
<arg>BI</arg>
<arg>BJ</arg>
<arg>BL</arg>
<arg>BM</arg>
<arg>BN</arg>
<arg>BO</arg>
<arg>BQ</arg>
<arg>BR</arg>
<arg>BS</arg>
<arg>BT</arg>
<arg>BV</arg>
<arg>BW</arg>
<arg>BY</arg>
<arg>BZ</arg>
<arg>CA</arg>
<arg>CC</arg>
<arg>CD</arg>
<arg>CF</arg>
<arg>CG</arg>
<arg>CH</arg>
<arg>CI</arg>
<arg>CK</arg>
<arg>CL</arg>
<arg>CM</arg>
<arg>CN</arg>
<arg>CO</arg>
<arg>CR</arg>
<arg>CU</arg>
<arg>CV</arg>
<arg>CW</arg>
<arg>CX</arg>
<arg>CY</arg>
<arg>CZ</arg>
<arg>DE</arg>
<arg>DJ</arg>
<arg>DK</arg>
<arg>DM</arg>
<arg>DO</arg>
<arg>DZ</arg>
<arg>EC</arg>
<arg>EE</arg>
<arg>EG</arg>
<arg>EH</arg>
<arg>ER</arg>
<arg>ES</arg>
<arg>ET</arg>
<arg>FI</arg>
<arg>FJ</arg>
<arg>FK</arg>
<arg>FM</arg>
<arg>FO</arg>
<arg>FR</arg>
<arg>GA</arg>
<arg>GB</arg>
<arg>GD</arg>
<arg>GE</arg>
<arg>GF</arg>
<arg>GG</arg>
<arg>GH</arg>
<arg>GI</arg>
<arg>GL</arg>
<arg>GM</arg>
<arg>GN</arg>
<arg>GP</arg>
<arg>GQ</arg>
<arg>GR</arg>
<arg>GS</arg>
<arg>GT</arg>
<arg>GU</arg>
<arg>GW</arg>
<arg>GY</arg>
<arg>HK</arg>
<arg>HM</arg>
<arg>HN</arg>
<arg>HR</arg>
<arg>HT</arg>
<arg>HU</arg>
<arg>ID</arg>
<arg>IE</arg>
<arg>IL</arg>
<arg>IM</arg>
<arg>IN</arg>
<arg>IO</arg>
<arg>IQ</arg>
<arg>IR</arg>
<arg>IS</arg>
<arg>IT</arg>
<arg>JE</arg>
<arg>JM</arg>
<arg>JO</arg>
<arg>JP</arg>
<arg>KE</arg>
<arg>KG</arg>
<arg>KH</arg>
<arg>KI</arg>
<arg>KM</arg>
<arg>KN</arg>
<arg>KP</arg>
<arg>KR</arg>
<arg>KW</arg>
<arg>KY</arg>
<arg>KZ</arg>
<arg>LA</arg>
<arg>LB</arg>
<arg>LC</arg>
<arg>LI</arg>
<arg>LK</arg>
<arg>LR</arg>
<arg>LS</arg>
<arg>LT</arg>
<arg>LU</arg>
<arg>LV</arg>
<arg>LY</arg>
<arg>MA</arg>
<arg>MC</arg>
<arg>MD</arg>
<arg>ME</arg>
<arg>MF</arg>
<arg>MG</arg>
<arg>MH</arg>
<arg>MK</arg>
<arg>ML</arg>
<arg>MM</arg>
<arg>MN</arg>
<arg>MO</arg>
<arg>MP</arg>
<arg>MQ</arg>
<arg>MR</arg>
<arg>MS</arg>
<arg>MT</arg>
<arg>MU</arg>
<arg>MV</arg>
<arg>MW</arg>
<arg>MX</arg>
<arg>MY</arg>
<arg>MZ</arg>
<arg>NA</arg>
<arg>NC</arg>
<arg>NE</arg>
<arg>NF</arg>
<arg>NG</arg>
<arg>NI</arg>
<arg>NL</arg>
<arg>NO</arg>
<arg>NP</arg>
<arg>NR</arg>
<arg>NU</arg>
<arg>NZ</arg>
<arg>OM</arg>
<arg>PA</arg>
<arg>PE</arg>
<arg>PF</arg>
<arg>PG</arg>
<arg>PH</arg>
<arg>PK</arg>
<arg>PL</arg>
<arg>PM</arg>
<arg>PN</arg>
<arg>PR</arg>
<arg>PS</arg>
<arg>PT</arg>
<arg>PW</arg>
<arg>PY</arg>
<arg>QA</arg>
<arg>RE</arg>
<arg>RO</arg>
<arg>RS</arg>
<arg>RU</arg>
<arg>RW</arg>
<arg>SA</arg>
<arg>SB</arg>
<arg>SC</arg>
<arg>SD</arg>
<arg>SE</arg>
<arg>SG</arg>
<arg>SH</arg>
<arg>SI</arg>
<arg>SJ</arg>
<arg>SK</arg>
<arg>SL</arg>
<arg>SM</arg>
<arg>SN</arg>
<arg>SO</arg>
<arg>SR</arg>
<arg>SS</arg>
<arg>ST</arg>
<arg>SV</arg>
<arg>SX</arg>
<arg>SY</arg>
<arg>SZ</arg>
<arg>TC</arg>
<arg>TD</arg>
<arg>TF</arg>
<arg>TG</arg>
<arg>TH</arg>
<arg>TJ</arg>
<arg>TK</arg>
<arg>TL</arg>
<arg>TM</arg>
<arg>TN</arg>
<arg>TO</arg>
<arg>TR</arg>
<arg>TT</arg>
<arg>TV</arg>
<arg>TW</arg>
<arg>TZ</arg>
<arg>UA</arg>
<arg>UG</arg>
<arg>UM</arg>
<arg>US</arg>
<arg>UY</arg>
<arg>UZ</arg>
<arg>VA</arg>
<arg>VC</arg>
<arg>VE</arg>
<arg>VG</arg>
<arg>VI</arg>
<arg>VN</arg>
<arg>VU</arg>
<arg>WF</arg>
<arg>WS</arg>
<arg>XK</arg>
<arg>YE</arg>
<arg>YT</arg>
<arg>ZA</arg>
<arg>ZM</arg>
<arg>ZW</arg>
<doc>Returns a list containing given items.</doc>
<status status="PASS" start="2024-08-06T20:14:10.064149" elapsed="0.000664"/>
</kw>
<kw name="List Should Contain Value" owner="Collections">
<arg>${list_country}</arg>
<arg>${name_country}</arg>
<doc>Fails if the ``value`` is not found from ``list``.</doc>
<status status="PASS" start="2024-08-06T20:14:10.065808" elapsed="0.000210"/>
</kw>
<kw name="Run Keyword If" owner="BuiltIn">
<kw name="Should Be True" owner="BuiltIn">
<arg>${True}</arg>
<doc>Fails if the given condition is not true.</doc>
<status status="PASS" start="2024-08-06T20:14:10.066975" elapsed="0.000142"/>
</kw>
<arg>${json_data["results"][0]["location"]["coordinates"]["latitude"]} &gt;= -90 and ${json_data["results"][0]["location"]["coordinates"]["latitude"]} &lt;= 90</arg>
<arg>Should Be True</arg>
<arg>${True}</arg>
<doc>Runs the given keyword with the given arguments, if ``condition`` is true.</doc>
<status status="PASS" start="2024-08-06T20:14:10.066217" elapsed="0.001028"/>
</kw>
<kw name="Run Keyword If" owner="BuiltIn">
<kw name="Should Be True" owner="BuiltIn">
<arg>${True}</arg>
<doc>Fails if the given condition is not true.</doc>
<status status="PASS" start="2024-08-06T20:14:10.068106" elapsed="0.000136"/>
</kw>
<arg>${json_data["results"][0]["location"]["coordinates"]["longitude"]} &gt;= -180 and ${json_data["results"][0]["location"]["coordinates"]["longitude"]} &lt;= 180</arg>
<arg>Should Be True</arg>
<arg>${True}</arg>
<doc>Runs the given keyword with the given arguments, if ``condition`` is true.</doc>
<status status="PASS" start="2024-08-06T20:14:10.067423" elapsed="0.000941"/>
</kw>
<status status="PASS" start="2024-08-06T20:14:09.910757" elapsed="0.157775"/>
</kw>
<doc>Testa o conteúdo específico dos campos retornados pela API.</doc>
<tag>testeConteudo</tag>
<status status="PASS" start="2024-08-06T20:14:09.910213" elapsed="0.158493"/>
</test>
<status status="PASS" start="2024-08-06T20:14:08.829206" elapsed="1.241468"/>
</suite>
<status status="PASS" start="2024-08-06T20:14:08.813002" elapsed="1.263017"/>
</suite>
<statistics>
<total>
<stat pass="5" fail="0" skip="0">All Tests</stat>
</total>
<tag>
<stat pass="1" fail="0" skip="0">testeConteudo</stat>
<stat pass="1" fail="0" skip="0">testeEstruturaResposta</stat>
<stat pass="1" fail="0" skip="0">testeRequisicaoBasica</stat>
<stat pass="1" fail="0" skip="0">testeTiposDados</stat>
</tag>
<suite>
<stat pass="5" fail="0" skip="0" id="s1" name="Tests">Tests</stat>
<stat pass="5" fail="0" skip="0" id="s1-s1" name="Random-User-Test">Tests.Random-User-Test</stat>
</suite>
</statistics>
<errors>
</errors>
</robot>
