<?xml version="1.0" encoding="UTF-8"?>
<robot generator="Robot 7.0 (Python 3.12.3 on linux)" generated="2024-04-26T01:56:24.624023" rpa="false" schemaversion="5">
<suite id="s1" name="Tests" source="/home/runner/work/DesafioQAItauRogerioJordao/DesafioQAItauRogerioJordao/RamdonUser/tests">
<suite id="s1-s1" name="Random-User-Test" source="/home/runner/work/DesafioQAItauRogerioJordao/DesafioQAItauRogerioJordao/RamdonUser/tests/random-user-test.robot">
<test id="s1-s1-t1" name="Conectar" line="13">
<kw name="Conectar API" owner="random-user-service">
<kw name="Create Session" owner="RequestsLibrary">
<msg time="2024-04-26T01:56:24.982214" level="INFO">Creating Session using : alias=consultarAPI, url=https://randomuser.me/, headers={},                     cookies={}, auth=None, timeout=None, proxies=None, verify=False,                     debug=0 </msg>
<arg>consultarAPI</arg>
<arg>${URL}</arg>
<doc>Create Session: create a HTTP session to a server</doc>
<status status="PASS" start="2024-04-26T01:56:24.982010" elapsed="0.000385"/>
</kw>
<status status="PASS" start="2024-04-26T01:56:24.981001" elapsed="0.001760"/>
</kw>
<status status="PASS" start="2024-04-26T01:56:24.980378" elapsed="0.002578"/>
</test>
<test id="s1-s1-t2" name="Validar retorno 200 e JSON Válido" line="16">
<kw name="Teste de Requisicao Basica" owner="random-user-service">
<kw name="GET On Session" owner="RequestsLibrary">
<msg time="2024-04-26T01:56:25.081537" level="INFO">GET Request : url=https://randomuser.me/api 
 path_url=/api 
 headers={'User-Agent': 'python-requests/2.31.0', 'Accept-Encoding': 'gzip, deflate', 'Accept': '*/*', 'Connection': 'keep-alive'} 
 body=None 
 </msg>
<msg time="2024-04-26T01:56:25.081691" level="INFO">GET Response : url=https://randomuser.me/api 
 status=200, reason=OK 
 headers={'Date': 'Fri, 26 Apr 2024 01:56:25 GMT', 'Content-Type': 'application/json; charset=utf-8', 'Transfer-Encoding': 'chunked', 'Connection': 'keep-alive', 'X-Powered-By': 'Express', 'Access-Control-Allow-Origin': '*', 'Cache-Control': 'no-cache', 'ETag': 'W/"463-T8+myoJDp3btuDBSKVDzlwgrG60"', 'Vary': 'Accept-Encoding', 'Content-Encoding': 'gzip', 'CF-Cache-Status': 'DYNAMIC', 'Report-To': '{"endpoints":[{"url":"https:\\/\\/a.nel.cloudflare.com\\/report\\/v4?s=PahAghEy6Sdw363LQzRUWTnoBXDNo2N9Z5lcOEePEcg6ImyapHx0vcVc7Apsl%2FeqO4Dqah0AlqEsTXGU59HdBomOo2g24YbzSWBA%2FVPLzsejUZJnVGZCiyNFL6j9r886"}],"group":"cf-nel","max_age":604800}', 'NEL': '{"success_fraction":0,"report_to":"cf-nel","max_age":604800}', 'Server': 'cloudflare', 'CF-RAY': '87a2f4c84b6328ba-IAD', 'alt-svc': 'h3=":443"; ma=86400'} 
 body={"results":[{"gender":"male","name":{"title":"Mr","first":"Giray","last":"Ayverdi"},"location":{"street":{"number":7698,"name":"Anafartalar Cd"},"city":"Sakarya","state":"İzmir","country":"Turkey","postcode":98656,"coordinates":{"latitude":"69.7498","longitude":"-73.4171"},"timezone":{"offset":"+5:45","description":"Kathmandu"}},"email":"giray.ayverdi@example.com","login":{"uuid":"72cc1a6f-43e6-4339-a221-da9c1566aab4","username":"blackcat850","password":"brad","salt":"rl5xmnLk","md5":"dcdac8dc1fb814f5997c1c26da6686bd","sha1":"e34d2c510061a35fd9edae8f849bd5ef361c7372","sha256":"619121c4bd4b80e65c80106c6486b1e1385999fa7ddbb88de4b0148108e82575"},"dob":{"date":"1982-05-06T11:34:42.828Z","age":41},"registered":{"date":"2014-01-12T08:56:08.608Z","age":10},"phone":"(034)-366-7281","cell":"(272)-186-0037","id":{"name":"","value":null},"picture":{"large":"https://randomuser.me/api/portraits/men/79.jpg","medium":"https://randomuser.me/api/portraits/med/men/79.jpg","thumbnail":"https://randomuser.me/api/portraits/thumb/men/79.jpg"},"nat":"TR"}],"info":{"seed":"1afebad7d0ef4262","results":1,"page":1,"version":"1.4"}} 
 </msg>
<msg time="2024-04-26T01:56:25.081774" level="INFO">/opt/hostedtoolcache/Python/3.12.3/x64/lib/python3.12/site-packages/urllib3/connectionpool.py:1103: InsecureRequestWarning: Unverified HTTPS request is being made to host 'randomuser.me'. Adding certificate verification is strongly advised. See: https://urllib3.readthedocs.io/en/latest/advanced-usage.html#tls-warnings
  warnings.warn(</msg>
<msg time="2024-04-26T01:56:25.081916" level="INFO">${response} = &lt;Response [200]&gt;</msg>
<var>${response}</var>
<arg>consultarAPI</arg>
<arg>/api</arg>
<doc>Sends a GET request on a previously created HTTP Session.</doc>
<status status="PASS" start="2024-04-26T01:56:24.985713" elapsed="0.096244"/>
</kw>
<kw name="Should Be Equal As Numbers" owner="BuiltIn">
<msg time="2024-04-26T01:56:25.083060" level="INFO">Argument types are:
&lt;class 'int'&gt;
&lt;class 'str'&gt;</msg>
<arg>${response.status_code}</arg>
<arg>200</arg>
<doc>Fails if objects are unequal after converting them to real numbers.</doc>
<status status="PASS" start="2024-04-26T01:56:25.082561" elapsed="0.000563"/>
</kw>
<kw name="Log" owner="BuiltIn">
<msg time="2024-04-26T01:56:25.083827" level="INFO">200</msg>
<arg>${response.status_code}</arg>
<doc>Logs the given message with the given level.</doc>
<status status="PASS" start="2024-04-26T01:56:25.083473" elapsed="0.000397"/>
</kw>
<kw name="Set Variable" owner="BuiltIn">
<msg time="2024-04-26T01:56:25.084613" level="INFO">${json_data} = {'results': [{'gender': 'male', 'name': {'title': 'Mr', 'first': 'Giray', 'last': 'Ayverdi'}, 'location': {'street': {'number': 7698, 'name': 'Anafartalar Cd'}, 'city': 'Sakarya', 'state': 'İzmir', 'c...</msg>
<var>${json_data}</var>
<arg>${response.json()}</arg>
<doc>Returns the given values which can then be assigned to a variables.</doc>
<status status="PASS" start="2024-04-26T01:56:25.084172" elapsed="0.000471"/>
</kw>
<kw name="Dictionary Should Contain Key" owner="Collections">
<msg time="2024-04-26T01:56:25.085112" level="INFO">False</msg>
<arg>${json_data}</arg>
<arg>results</arg>
<doc>Fails if ``key`` is not found from ``dictionary``.</doc>
<status status="PASS" start="2024-04-26T01:56:25.084944" elapsed="0.000208"/>
</kw>
<status status="PASS" start="2024-04-26T01:56:24.985460" elapsed="0.099985"/>
</kw>
<doc>Testa se a API responde corretamente e retorna um objeto JSON válido.</doc>
<tag>testeRequisicaoBasica</tag>
<status status="PASS" start="2024-04-26T01:56:24.984906" elapsed="0.100727"/>
</test>
<test id="s1-s1-t3" name="Validar estrutura de resposta" line="22">
<kw name="Teste de Estrutura de Resposta" owner="random-user-service">
<kw name="GET On Session" owner="RequestsLibrary">
<msg time="2024-04-26T01:56:25.163841" level="INFO">GET Request : url=https://randomuser.me/api 
 path_url=/api 
 headers={'User-Agent': 'python-requests/2.31.0', 'Accept-Encoding': 'gzip, deflate', 'Accept': '*/*', 'Connection': 'keep-alive'} 
 body=None 
 </msg>
<msg time="2024-04-26T01:56:25.163915" level="INFO">GET Response : url=https://randomuser.me/api 
 status=200, reason=OK 
 headers={'Date': 'Fri, 26 Apr 2024 01:56:25 GMT', 'Content-Type': 'application/json; charset=utf-8', 'Transfer-Encoding': 'chunked', 'Connection': 'keep-alive', 'X-Powered-By': 'Express', 'Access-Control-Allow-Origin': '*', 'Cache-Control': 'no-cache', 'ETag': 'W/"48a-6x0Lkx0BoE64a2QN+scRUxliGTg"', 'Vary': 'Accept-Encoding', 'Content-Encoding': 'gzip', 'CF-Cache-Status': 'DYNAMIC', 'Report-To': '{"endpoints":[{"url":"https:\\/\\/a.nel.cloudflare.com\\/report\\/v4?s=jxFmxbCSNgD2TqzDjblew%2FyclmcB7XMzsAjZOuibi0CIRuq7zFPq1VsyY7zVWA9kk6wAvV6mj2C4NsjvCreWtMpv2qoAihfV2bOKmvB2cwvI76Avondl%2BpH05xRAo%2B53"}],"group":"cf-nel","max_age":604800}', 'NEL': '{"success_fraction":0,"report_to":"cf-nel","max_age":604800}', 'Server': 'cloudflare', 'CF-RAY': '87a2f4c8cc4928ba-IAD', 'alt-svc': 'h3=":443"; ma=86400'} 
 body={"results":[{"gender":"male","name":{"title":"Mr","first":"William","last":"Larsen"},"location":{"street":{"number":3915,"name":"Fyrrebakken"},"city":"Rønnede","state":"Midtjylland","country":"Denmark","postcode":72386,"coordinates":{"latitude":"-46.6675","longitude":"-62.0812"},"timezone":{"offset":"-6:00","description":"Central Time (US &amp; Canada), Mexico City"}},"email":"william.larsen@example.com","login":{"uuid":"f6363b5b-8da4-4ad3-a5d1-dd7471e9a442","username":"smallbird849","password":"flint","salt":"F2QsN3oy","md5":"3c5d9ef0bdbe4cf804997ef804f3ff80","sha1":"69079d205c443e50de9a471b2933a335991e7c01","sha256":"e2e756a654428f0e0a3bca0df3e8ede612eacdb832f57c9d8d654edf164b1773"},"dob":{"date":"1993-07-05T11:51:44.763Z","age":30},"registered":{"date":"2011-12-21T22:13:29.282Z","age":12},"phone":"40956221","cell":"13418965","id":{"name":"CPR","value":"050793-0548"},"picture":{"large":"https://randomuser.me/api/portraits/men/28.jpg","medium":"https://randomuser.me/api/portraits/med/men/28.jpg","thumbnail":"https://randomuser.me/api/portraits/thumb/men/28.jpg"},"nat":"DK"}],"info":{"seed":"6998f43a1ce84998","results":1,"page":1,"version":"1.4"}} 
 </msg>
<msg time="2024-04-26T01:56:25.164022" level="INFO">/opt/hostedtoolcache/Python/3.12.3/x64/lib/python3.12/site-packages/urllib3/connectionpool.py:1103: InsecureRequestWarning: Unverified HTTPS request is being made to host 'randomuser.me'. Adding certificate verification is strongly advised. See: https://urllib3.readthedocs.io/en/latest/advanced-usage.html#tls-warnings
  warnings.warn(</msg>
<msg time="2024-04-26T01:56:25.164125" level="INFO">${response} = &lt;Response [200]&gt;</msg>
<var>${response}</var>
<arg>consultarAPI</arg>
<arg>/api</arg>
<doc>Sends a GET request on a previously created HTTP Session.</doc>
<status status="PASS" start="2024-04-26T01:56:25.088372" elapsed="0.075792"/>
</kw>
<kw name="Set Variable" owner="BuiltIn">
<msg time="2024-04-26T01:56:25.165045" level="INFO">${json_data} = {'results': [{'gender': 'male', 'name': {'title': 'Mr', 'first': 'William', 'last': 'Larsen'}, 'location': {'street': {'number': 3915, 'name': 'Fyrrebakken'}, 'city': 'Rønnede', 'state': 'Midtjylland'...</msg>
<var>${json_data}</var>
<arg>${response.json()}</arg>
<doc>Returns the given values which can then be assigned to a variables.</doc>
<status status="PASS" start="2024-04-26T01:56:25.164573" elapsed="0.000502"/>
</kw>
<kw name="Log" owner="BuiltIn">
<msg time="2024-04-26T01:56:25.165583" level="INFO">{'results': [{'gender': 'male', 'name': {'title': 'Mr', 'first': 'William', 'last': 'Larsen'}, 'location': {'street': {'number': 3915, 'name': 'Fyrrebakken'}, 'city': 'Rønnede', 'state': 'Midtjylland', 'country': 'Denmark', 'postcode': 72386, 'coordinates': {'latitude': '-46.6675', 'longitude': '-62.0812'}, 'timezone': {'offset': '-6:00', 'description': 'Central Time (US &amp; Canada), Mexico City'}}, 'email': 'william.larsen@example.com', 'login': {'uuid': 'f6363b5b-8da4-4ad3-a5d1-dd7471e9a442', 'username': 'smallbird849', 'password': 'flint', 'salt': 'F2QsN3oy', 'md5': '3c5d9ef0bdbe4cf804997ef804f3ff80', 'sha1': '69079d205c443e50de9a471b2933a335991e7c01', 'sha256': 'e2e756a654428f0e0a3bca0df3e8ede612eacdb832f57c9d8d654edf164b1773'}, 'dob': {'date': '1993-07-05T11:51:44.763Z', 'age': 30}, 'registered': {'date': '2011-12-21T22:13:29.282Z', 'age': 12}, 'phone': '40956221', 'cell': '13418965', 'id': {'name': 'CPR', 'value': '050793-0548'}, 'picture': {'large': 'https://randomuser.me/api/portraits/men/28.jpg', 'medium': 'https://randomuser.me/api/portraits/med/men/28.jpg', 'thumbnail': 'https://randomuser.me/api/portraits/thumb/men/28.jpg'}, 'nat': 'DK'}], 'info': {'seed': '6998f43a1ce84998', 'results': 1, 'page': 1, 'version': '1.4'}}</msg>
<arg>${json_data}</arg>
<doc>Logs the given message with the given level.</doc>
<status status="PASS" start="2024-04-26T01:56:25.165418" elapsed="0.000217"/>
</kw>
<kw name="Dictionary Should Contain Key" owner="Collections">
<msg time="2024-04-26T01:56:25.166097" level="INFO">False</msg>
<arg>${json_data}</arg>
<arg>results</arg>
<doc>Fails if ``key`` is not found from ``dictionary``.</doc>
<status status="PASS" start="2024-04-26T01:56:25.165940" elapsed="0.000194"/>
</kw>
<kw name="Should Not Be Empty" owner="BuiltIn">
<msg time="2024-04-26T01:56:25.166563" level="INFO">Length is 2.</msg>
<arg>${json_data}</arg>
<doc>Verifies that the given item is not empty.</doc>
<status status="PASS" start="2024-04-26T01:56:25.166427" elapsed="0.000321"/>
</kw>
<kw name="Create List" owner="BuiltIn">
<msg time="2024-04-26T01:56:25.167205" level="INFO">${expected_keys} = ['gender', 'name', 'location', 'email', 'login']</msg>
<var>${expected_keys}</var>
<arg>gender</arg>
<arg>name</arg>
<arg>location</arg>
<arg>email</arg>
<arg>login</arg>
<doc>Returns a list containing given items.</doc>
<status status="PASS" start="2024-04-26T01:56:25.167043" elapsed="0.000187"/>
</kw>
<for flavor="IN">
<iter>
<kw name="Dictionary Should Contain Key" owner="Collections">
<msg time="2024-04-26T01:56:25.168219" level="INFO">False</msg>
<arg>${json_data['results'][0]}</arg>
<arg>${key}</arg>
<doc>Fails if ``key`` is not found from ``dictionary``.</doc>
<status status="PASS" start="2024-04-26T01:56:25.167803" elapsed="0.000455"/>
</kw>
<kw name="Log" owner="BuiltIn">
<msg time="2024-04-26T01:56:25.168929" level="INFO">{'gender': 'male', 'name': {'title': 'Mr', 'first': 'William', 'last': 'Larsen'}, 'location': {'street': {'number': 3915, 'name': 'Fyrrebakken'}, 'city': 'Rønnede', 'state': 'Midtjylland', 'country': 'Denmark', 'postcode': 72386, 'coordinates': {'latitude': '-46.6675', 'longitude': '-62.0812'}, 'timezone': {'offset': '-6:00', 'description': 'Central Time (US &amp; Canada), Mexico City'}}, 'email': 'william.larsen@example.com', 'login': {'uuid': 'f6363b5b-8da4-4ad3-a5d1-dd7471e9a442', 'username': 'smallbird849', 'password': 'flint', 'salt': 'F2QsN3oy', 'md5': '3c5d9ef0bdbe4cf804997ef804f3ff80', 'sha1': '69079d205c443e50de9a471b2933a335991e7c01', 'sha256': 'e2e756a654428f0e0a3bca0df3e8ede612eacdb832f57c9d8d654edf164b1773'}, 'dob': {'date': '1993-07-05T11:51:44.763Z', 'age': 30}, 'registered': {'date': '2011-12-21T22:13:29.282Z', 'age': 12}, 'phone': '40956221', 'cell': '13418965', 'id': {'name': 'CPR', 'value': '050793-0548'}, 'picture': {'large': 'https://randomuser.me/api/portraits/men/28.jpg', 'medium': 'https://randomuser.me/api/portraits/med/men/28.jpg', 'thumbnail': 'https://randomuser.me/api/portraits/thumb/men/28.jpg'}, 'nat': 'DK'}</msg>
<arg>${json_data['results'][0]}</arg>
<doc>Logs the given message with the given level.</doc>
<status status="PASS" start="2024-04-26T01:56:25.168557" elapsed="0.000424"/>
</kw>
<kw name="Log" owner="BuiltIn">
<msg time="2024-04-26T01:56:25.169441" level="INFO">gender</msg>
<arg>${key}</arg>
<doc>Logs the given message with the given level.</doc>
<status status="PASS" start="2024-04-26T01:56:25.169281" elapsed="0.000200"/>
</kw>
<var name="${key}">gender</var>
<status status="PASS" start="2024-04-26T01:56:25.167678" elapsed="0.002021"/>
</iter>
<iter>
<kw name="Dictionary Should Contain Key" owner="Collections">
<msg time="2024-04-26T01:56:25.170387" level="INFO">False</msg>
<arg>${json_data['results'][0]}</arg>
<arg>${key}</arg>
<doc>Fails if ``key`` is not found from ``dictionary``.</doc>
<status status="PASS" start="2024-04-26T01:56:25.170002" elapsed="0.000422"/>
</kw>
<kw name="Log" owner="BuiltIn">
<msg time="2024-04-26T01:56:25.171115" level="INFO">{'gender': 'male', 'name': {'title': 'Mr', 'first': 'William', 'last': 'Larsen'}, 'location': {'street': {'number': 3915, 'name': 'Fyrrebakken'}, 'city': 'Rønnede', 'state': 'Midtjylland', 'country': 'Denmark', 'postcode': 72386, 'coordinates': {'latitude': '-46.6675', 'longitude': '-62.0812'}, 'timezone': {'offset': '-6:00', 'description': 'Central Time (US &amp; Canada), Mexico City'}}, 'email': 'william.larsen@example.com', 'login': {'uuid': 'f6363b5b-8da4-4ad3-a5d1-dd7471e9a442', 'username': 'smallbird849', 'password': 'flint', 'salt': 'F2QsN3oy', 'md5': '3c5d9ef0bdbe4cf804997ef804f3ff80', 'sha1': '69079d205c443e50de9a471b2933a335991e7c01', 'sha256': 'e2e756a654428f0e0a3bca0df3e8ede612eacdb832f57c9d8d654edf164b1773'}, 'dob': {'date': '1993-07-05T11:51:44.763Z', 'age': 30}, 'registered': {'date': '2011-12-21T22:13:29.282Z', 'age': 12}, 'phone': '40956221', 'cell': '13418965', 'id': {'name': 'CPR', 'value': '050793-0548'}, 'picture': {'large': 'https://randomuser.me/api/portraits/men/28.jpg', 'medium': 'https://randomuser.me/api/portraits/med/men/28.jpg', 'thumbnail': 'https://randomuser.me/api/portraits/thumb/men/28.jpg'}, 'nat': 'DK'}</msg>
<arg>${json_data['results'][0]}</arg>
<doc>Logs the given message with the given level.</doc>
<status status="PASS" start="2024-04-26T01:56:25.170753" elapsed="0.000413"/>
</kw>
<kw name="Log" owner="BuiltIn">
<msg time="2024-04-26T01:56:25.171588" level="INFO">name</msg>
<arg>${key}</arg>
<doc>Logs the given message with the given level.</doc>
<status status="PASS" start="2024-04-26T01:56:25.171462" elapsed="0.000163"/>
</kw>
<var name="${key}">name</var>
<status status="PASS" start="2024-04-26T01:56:25.169886" elapsed="0.001954"/>
</iter>
<iter>
<kw name="Dictionary Should Contain Key" owner="Collections">
<msg time="2024-04-26T01:56:25.172512" level="INFO">False</msg>
<arg>${json_data['results'][0]}</arg>
<arg>${key}</arg>
<doc>Fails if ``key`` is not found from ``dictionary``.</doc>
<status status="PASS" start="2024-04-26T01:56:25.172127" elapsed="0.000422"/>
</kw>
<kw name="Log" owner="BuiltIn">
<msg time="2024-04-26T01:56:25.173218" level="INFO">{'gender': 'male', 'name': {'title': 'Mr', 'first': 'William', 'last': 'Larsen'}, 'location': {'street': {'number': 3915, 'name': 'Fyrrebakken'}, 'city': 'Rønnede', 'state': 'Midtjylland', 'country': 'Denmark', 'postcode': 72386, 'coordinates': {'latitude': '-46.6675', 'longitude': '-62.0812'}, 'timezone': {'offset': '-6:00', 'description': 'Central Time (US &amp; Canada), Mexico City'}}, 'email': 'william.larsen@example.com', 'login': {'uuid': 'f6363b5b-8da4-4ad3-a5d1-dd7471e9a442', 'username': 'smallbird849', 'password': 'flint', 'salt': 'F2QsN3oy', 'md5': '3c5d9ef0bdbe4cf804997ef804f3ff80', 'sha1': '69079d205c443e50de9a471b2933a335991e7c01', 'sha256': 'e2e756a654428f0e0a3bca0df3e8ede612eacdb832f57c9d8d654edf164b1773'}, 'dob': {'date': '1993-07-05T11:51:44.763Z', 'age': 30}, 'registered': {'date': '2011-12-21T22:13:29.282Z', 'age': 12}, 'phone': '40956221', 'cell': '13418965', 'id': {'name': 'CPR', 'value': '050793-0548'}, 'picture': {'large': 'https://randomuser.me/api/portraits/men/28.jpg', 'medium': 'https://randomuser.me/api/portraits/med/men/28.jpg', 'thumbnail': 'https://randomuser.me/api/portraits/thumb/men/28.jpg'}, 'nat': 'DK'}</msg>
<arg>${json_data['results'][0]}</arg>
<doc>Logs the given message with the given level.</doc>
<status status="PASS" start="2024-04-26T01:56:25.172852" elapsed="0.000418"/>
</kw>
<kw name="Log" owner="BuiltIn">
<msg time="2024-04-26T01:56:25.173724" level="INFO">location</msg>
<arg>${key}</arg>
<doc>Logs the given message with the given level.</doc>
<status status="PASS" start="2024-04-26T01:56:25.173596" elapsed="0.000166"/>
</kw>
<var name="${key}">location</var>
<status status="PASS" start="2024-04-26T01:56:25.172015" elapsed="0.001963"/>
</iter>
<iter>
<kw name="Dictionary Should Contain Key" owner="Collections">
<msg time="2024-04-26T01:56:25.174646" level="INFO">False</msg>
<arg>${json_data['results'][0]}</arg>
<arg>${key}</arg>
<doc>Fails if ``key`` is not found from ``dictionary``.</doc>
<status status="PASS" start="2024-04-26T01:56:25.174260" elapsed="0.000422"/>
</kw>
<kw name="Log" owner="BuiltIn">
<msg time="2024-04-26T01:56:25.175337" level="INFO">{'gender': 'male', 'name': {'title': 'Mr', 'first': 'William', 'last': 'Larsen'}, 'location': {'street': {'number': 3915, 'name': 'Fyrrebakken'}, 'city': 'Rønnede', 'state': 'Midtjylland', 'country': 'Denmark', 'postcode': 72386, 'coordinates': {'latitude': '-46.6675', 'longitude': '-62.0812'}, 'timezone': {'offset': '-6:00', 'description': 'Central Time (US &amp; Canada), Mexico City'}}, 'email': 'william.larsen@example.com', 'login': {'uuid': 'f6363b5b-8da4-4ad3-a5d1-dd7471e9a442', 'username': 'smallbird849', 'password': 'flint', 'salt': 'F2QsN3oy', 'md5': '3c5d9ef0bdbe4cf804997ef804f3ff80', 'sha1': '69079d205c443e50de9a471b2933a335991e7c01', 'sha256': 'e2e756a654428f0e0a3bca0df3e8ede612eacdb832f57c9d8d654edf164b1773'}, 'dob': {'date': '1993-07-05T11:51:44.763Z', 'age': 30}, 'registered': {'date': '2011-12-21T22:13:29.282Z', 'age': 12}, 'phone': '40956221', 'cell': '13418965', 'id': {'name': 'CPR', 'value': '050793-0548'}, 'picture': {'large': 'https://randomuser.me/api/portraits/men/28.jpg', 'medium': 'https://randomuser.me/api/portraits/med/men/28.jpg', 'thumbnail': 'https://randomuser.me/api/portraits/thumb/men/28.jpg'}, 'nat': 'DK'}</msg>
<arg>${json_data['results'][0]}</arg>
<doc>Logs the given message with the given level.</doc>
<status status="PASS" start="2024-04-26T01:56:25.174978" elapsed="0.000412"/>
</kw>
<kw name="Log" owner="BuiltIn">
<msg time="2024-04-26T01:56:25.175808" level="INFO">email</msg>
<arg>${key}</arg>
<doc>Logs the given message with the given level.</doc>
<status status="PASS" start="2024-04-26T01:56:25.175683" elapsed="0.000164"/>
</kw>
<var name="${key}">email</var>
<status status="PASS" start="2024-04-26T01:56:25.174151" elapsed="0.001915"/>
</iter>
<iter>
<kw name="Dictionary Should Contain Key" owner="Collections">
<msg time="2024-04-26T01:56:25.176732" level="INFO">False</msg>
<arg>${json_data['results'][0]}</arg>
<arg>${key}</arg>
<doc>Fails if ``key`` is not found from ``dictionary``.</doc>
<status status="PASS" start="2024-04-26T01:56:25.176347" elapsed="0.000422"/>
</kw>
<kw name="Log" owner="BuiltIn">
<msg time="2024-04-26T01:56:25.177451" level="INFO">{'gender': 'male', 'name': {'title': 'Mr', 'first': 'William', 'last': 'Larsen'}, 'location': {'street': {'number': 3915, 'name': 'Fyrrebakken'}, 'city': 'Rønnede', 'state': 'Midtjylland', 'country': 'Denmark', 'postcode': 72386, 'coordinates': {'latitude': '-46.6675', 'longitude': '-62.0812'}, 'timezone': {'offset': '-6:00', 'description': 'Central Time (US &amp; Canada), Mexico City'}}, 'email': 'william.larsen@example.com', 'login': {'uuid': 'f6363b5b-8da4-4ad3-a5d1-dd7471e9a442', 'username': 'smallbird849', 'password': 'flint', 'salt': 'F2QsN3oy', 'md5': '3c5d9ef0bdbe4cf804997ef804f3ff80', 'sha1': '69079d205c443e50de9a471b2933a335991e7c01', 'sha256': 'e2e756a654428f0e0a3bca0df3e8ede612eacdb832f57c9d8d654edf164b1773'}, 'dob': {'date': '1993-07-05T11:51:44.763Z', 'age': 30}, 'registered': {'date': '2011-12-21T22:13:29.282Z', 'age': 12}, 'phone': '40956221', 'cell': '13418965', 'id': {'name': 'CPR', 'value': '050793-0548'}, 'picture': {'large': 'https://randomuser.me/api/portraits/men/28.jpg', 'medium': 'https://randomuser.me/api/portraits/med/men/28.jpg', 'thumbnail': 'https://randomuser.me/api/portraits/thumb/men/28.jpg'}, 'nat': 'DK'}</msg>
<arg>${json_data['results'][0]}</arg>
<doc>Logs the given message with the given level.</doc>
<status status="PASS" start="2024-04-26T01:56:25.177060" elapsed="0.000454"/>
</kw>
<kw name="Log" owner="BuiltIn">
<msg time="2024-04-26T01:56:25.177935" level="INFO">login</msg>
<arg>${key}</arg>
<doc>Logs the given message with the given level.</doc>
<status status="PASS" start="2024-04-26T01:56:25.177809" elapsed="0.000163"/>
</kw>
<var name="${key}">login</var>
<status status="PASS" start="2024-04-26T01:56:25.176237" elapsed="0.001979"/>
</iter>
<var>${key}</var>
<value>@{expected_keys}</value>
<status status="PASS" start="2024-04-26T01:56:25.167488" elapsed="0.010852"/>
</for>
<kw name="Create List" owner="BuiltIn">
<msg time="2024-04-26T01:56:25.178671" level="INFO">${expected_keysTwo} = ['username', 'password']</msg>
<var>${expected_keysTwo}</var>
<arg>username</arg>
<arg>password</arg>
<doc>Returns a list containing given items.</doc>
<status status="PASS" start="2024-04-26T01:56:25.178536" elapsed="0.000159"/>
</kw>
<for flavor="IN">
<iter>
<kw name="Dictionary Should Contain Key" owner="Collections">
<msg time="2024-04-26T01:56:25.179583" level="INFO">False</msg>
<arg>${json_data['results'][0]['login']}</arg>
<arg>${keyTwo}</arg>
<doc>Fails if ``key`` is not found from ``dictionary``.</doc>
<status status="PASS" start="2024-04-26T01:56:25.179191" elapsed="0.000430"/>
</kw>
<kw name="Dictionary Should Contain Key" owner="Collections">
<msg time="2024-04-26T01:56:25.180293" level="INFO">False</msg>
<arg>${json_data['results'][0]['login']}</arg>
<arg>${keyTwo}</arg>
<doc>Fails if ``key`` is not found from ``dictionary``.</doc>
<status status="PASS" start="2024-04-26T01:56:25.179913" elapsed="0.000416"/>
</kw>
<kw name="Log" owner="BuiltIn">
<msg time="2024-04-26T01:56:25.180756" level="INFO">username</msg>
<arg>${keyTwo}</arg>
<doc>Logs the given message with the given level.</doc>
<status status="PASS" start="2024-04-26T01:56:25.180619" elapsed="0.000179"/>
</kw>
<var name="${keyTwo}">username</var>
<status status="PASS" start="2024-04-26T01:56:25.179077" elapsed="0.001933"/>
</iter>
<iter>
<kw name="Dictionary Should Contain Key" owner="Collections">
<msg time="2024-04-26T01:56:25.181797" level="INFO">False</msg>
<arg>${json_data['results'][0]['login']}</arg>
<arg>${keyTwo}</arg>
<doc>Fails if ``key`` is not found from ``dictionary``.</doc>
<status status="PASS" start="2024-04-26T01:56:25.181289" elapsed="0.000556"/>
</kw>
<kw name="Dictionary Should Contain Key" owner="Collections">
<msg time="2024-04-26T01:56:25.182527" level="INFO">False</msg>
<arg>${json_data['results'][0]['login']}</arg>
<arg>${keyTwo}</arg>
<doc>Fails if ``key`` is not found from ``dictionary``.</doc>
<status status="PASS" start="2024-04-26T01:56:25.182148" elapsed="0.000415"/>
</kw>
<kw name="Log" owner="BuiltIn">
<msg time="2024-04-26T01:56:25.182979" level="INFO">password</msg>
<arg>${keyTwo}</arg>
<doc>Logs the given message with the given level.</doc>
<status status="PASS" start="2024-04-26T01:56:25.182853" elapsed="0.000164"/>
</kw>
<var name="${keyTwo}">password</var>
<status status="PASS" start="2024-04-26T01:56:25.181180" elapsed="0.002048"/>
</iter>
<var>${keyTwo}</var>
<value>@{expected_keysTwo}</value>
<status status="PASS" start="2024-04-26T01:56:25.178926" elapsed="0.004421"/>
</for>
<status status="PASS" start="2024-04-26T01:56:25.088136" elapsed="0.095348"/>
</kw>
<doc>Testa a estrutura da resposta da API.</doc>
<tag>testeEstruturaResposta</tag>
<status status="PASS" start="2024-04-26T01:56:25.087531" elapsed="0.096104"/>
</test>
<test id="s1-s1-t4" name="Validar tipos de dados" line="28">
<kw name="Teste de Tipos de Dados" owner="random-user-service">
<kw name="GET On Session" owner="RequestsLibrary">
<msg time="2024-04-26T01:56:25.276787" level="INFO">GET Request : url=https://randomuser.me/api 
 path_url=/api 
 headers={'User-Agent': 'python-requests/2.31.0', 'Accept-Encoding': 'gzip, deflate', 'Accept': '*/*', 'Connection': 'keep-alive'} 
 body=None 
 </msg>
<msg time="2024-04-26T01:56:25.276893" level="INFO">GET Response : url=https://randomuser.me/api 
 status=200, reason=OK 
 headers={'Date': 'Fri, 26 Apr 2024 01:56:25 GMT', 'Content-Type': 'application/json; charset=utf-8', 'Transfer-Encoding': 'chunked', 'Connection': 'keep-alive', 'X-Powered-By': 'Express', 'Access-Control-Allow-Origin': '*', 'Cache-Control': 'no-cache', 'ETag': 'W/"4a1-g/UaBfloSQM3N0CnCEwNaPOb9Q8"', 'Vary': 'Accept-Encoding', 'Content-Encoding': 'gzip', 'CF-Cache-Status': 'DYNAMIC', 'Report-To': '{"endpoints":[{"url":"https:\\/\\/a.nel.cloudflare.com\\/report\\/v4?s=K9A7UKmIXGIBryVmHwImtr0X6QyLPJsYmZleXLqr4GdoA35EQMogs5HGshIDb7Vs9swDZnNGK9SaXv2Zq5fIlYn12NneBQTLUwkwi%2Ft4xXbnivZ6A2c%2BXxvh5dzdq04L"}],"group":"cf-nel","max_age":604800}', 'NEL': '{"success_fraction":0,"report_to":"cf-nel","max_age":604800}', 'Server': 'cloudflare', 'CF-RAY': '87a2f4c96d1f28ba-IAD', 'alt-svc': 'h3=":443"; ma=86400'} 
 body={"results":[{"gender":"female","name":{"title":"Mrs","first":"Alexandra","last":"Mercier"},"location":{"street":{"number":2569,"name":"Avenue des Ternes"},"city":"Champigny-sur-Marne","state":"Hautes-Alpes","country":"France","postcode":87502,"coordinates":{"latitude":"-20.1089","longitude":"93.8225"},"timezone":{"offset":"+3:30","description":"Tehran"}},"email":"alexandra.mercier@example.com","login":{"uuid":"0a994037-d629-4632-a1aa-b588ad6ae841","username":"purplepeacock431","password":"officer","salt":"ylKAmkNg","md5":"5118ae03ed00d871c06d427e1259b0c0","sha1":"f12f3aadb243dd97d2253f6ef8e1aeec6f5d607d","sha256":"5b032172ae83a7b3783409877b153ee21915fe27be60acd2cb52d476bddaae13"},"dob":{"date":"1976-04-12T22:08:39.241Z","age":48},"registered":{"date":"2013-05-21T23:17:49.146Z","age":10},"phone":"05-46-95-20-20","cell":"06-20-00-22-62","id":{"name":"INSEE","value":"2760387750059 28"},"picture":{"large":"https://randomuser.me/api/portraits/women/65.jpg","medium":"https://randomuser.me/api/portraits/med/women/65.jpg","thumbnail":"https://randomuser.me/api/portraits/thumb/women/65.jpg"},"nat":"FR"}],"info":{"seed":"004387566054eebe","results":1,"page":1,"version":"1.4"}} 
 </msg>
<msg time="2024-04-26T01:56:25.276973" level="INFO">/opt/hostedtoolcache/Python/3.12.3/x64/lib/python3.12/site-packages/urllib3/connectionpool.py:1103: InsecureRequestWarning: Unverified HTTPS request is being made to host 'randomuser.me'. Adding certificate verification is strongly advised. See: https://urllib3.readthedocs.io/en/latest/advanced-usage.html#tls-warnings
  warnings.warn(</msg>
<msg time="2024-04-26T01:56:25.277095" level="INFO">${response} = &lt;Response [200]&gt;</msg>
<var>${response}</var>
<arg>consultarAPI</arg>
<arg>/api</arg>
<doc>Sends a GET request on a previously created HTTP Session.</doc>
<status status="PASS" start="2024-04-26T01:56:25.186090" elapsed="0.091044"/>
</kw>
<kw name="Set Variable" owner="BuiltIn">
<msg time="2024-04-26T01:56:25.278208" level="INFO">${json_data} = {'results': [{'gender': 'female', 'name': {'title': 'Mrs', 'first': 'Alexandra', 'last': 'Mercier'}, 'location': {'street': {'number': 2569, 'name': 'Avenue des Ternes'}, 'city': 'Champigny-sur-Marne'...</msg>
<var>${json_data}</var>
<arg>${response.json()}</arg>
<doc>Returns the given values which can then be assigned to a variables.</doc>
<status status="PASS" start="2024-04-26T01:56:25.277681" elapsed="0.000556"/>
</kw>
<kw name="Log" owner="BuiltIn">
<msg time="2024-04-26T01:56:25.278705" level="INFO">{'results': [{'gender': 'female', 'name': {'title': 'Mrs', 'first': 'Alexandra', 'last': 'Mercier'}, 'location': {'street': {'number': 2569, 'name': 'Avenue des Ternes'}, 'city': 'Champigny-sur-Marne', 'state': 'Hautes-Alpes', 'country': 'France', 'postcode': 87502, 'coordinates': {'latitude': '-20.1089', 'longitude': '93.8225'}, 'timezone': {'offset': '+3:30', 'description': 'Tehran'}}, 'email': 'alexandra.mercier@example.com', 'login': {'uuid': '0a994037-d629-4632-a1aa-b588ad6ae841', 'username': 'purplepeacock431', 'password': 'officer', 'salt': 'ylKAmkNg', 'md5': '5118ae03ed00d871c06d427e1259b0c0', 'sha1': 'f12f3aadb243dd97d2253f6ef8e1aeec6f5d607d', 'sha256': '5b032172ae83a7b3783409877b153ee21915fe27be60acd2cb52d476bddaae13'}, 'dob': {'date': '1976-04-12T22:08:39.241Z', 'age': 48}, 'registered': {'date': '2013-05-21T23:17:49.146Z', 'age': 10}, 'phone': '05-46-95-20-20', 'cell': '06-20-00-22-62', 'id': {'name': 'INSEE', 'value': '2760387750059 28'}, 'picture': {'large': 'https://randomuser.me/api/portraits/women/65.jpg', 'medium': 'https://randomuser.me/api/portraits/med/women/65.jpg', 'thumbnail': 'https://randomuser.me/api/portraits/thumb/women/65.jpg'}, 'nat': 'FR'}], 'info': {'seed': '004387566054eebe', 'results': 1, 'page': 1, 'version': '1.4'}}</msg>
<arg>${json_data}</arg>
<doc>Logs the given message with the given level.</doc>
<status status="PASS" start="2024-04-26T01:56:25.278551" elapsed="0.000238"/>
</kw>
<kw name="Should Be String" owner="String">
<arg>${json_data['results'][0]['gender']}</arg>
<doc>Fails if the given ``item`` is not a string.</doc>
<status status="PASS" start="2024-04-26T01:56:25.279088" elapsed="0.000366"/>
</kw>
<kw name="Should Match Regexp" owner="BuiltIn">
<arg>${json_data['results'][0]['email']}</arg>
<arg>^[a-zA-Z0-9._%+-]+@[a-zA-Z0-9.-]+\.[a-zA-Z]{2,}$</arg>
<doc>Fails if ``string`` does not match ``pattern`` as a regular expression.</doc>
<status status="PASS" start="2024-04-26T01:56:25.279645" elapsed="0.000513"/>
</kw>
<kw name="Should Match Regexp" owner="BuiltIn">
<arg>${json_data['results'][0]['dob']['date']}</arg>
<arg>\\d{4}-\\d{2}-\\d{2}T\\d{2}:\\d{2}:\\d{2}\\.\\d{3}Z</arg>
<doc>Fails if ``string`` does not match ``pattern`` as a regular expression.</doc>
<status status="PASS" start="2024-04-26T01:56:25.280353" elapsed="0.000479"/>
</kw>
<kw name="Should Match Regexp" owner="BuiltIn">
<arg>${json_data['results'][0]['registered']['date']}</arg>
<arg>\\d{4}-\\d{2}-\\d{2}T\\d{2}:\\d{2}:\\d{2}\\.\\d{3}Z</arg>
<doc>Fails if ``string`` does not match ``pattern`` as a regular expression.</doc>
<status status="PASS" start="2024-04-26T01:56:25.281023" elapsed="0.000412"/>
</kw>
<kw name="Should Match Regexp" owner="BuiltIn">
<arg>${json_data['results'][0]['picture']['large']}</arg>
<arg>^https?://.*\.(?:png|jpe?g|gif|bmp)$</arg>
<doc>Fails if ``string`` does not match ``pattern`` as a regular expression.</doc>
<status status="PASS" start="2024-04-26T01:56:25.281640" elapsed="0.000473"/>
</kw>
<kw name="Should Match Regexp" owner="BuiltIn">
<arg>${json_data['results'][0]['picture']['medium']}</arg>
<arg>^https?://.*\.(?:png|jpe?g|gif|bmp)$</arg>
<doc>Fails if ``string`` does not match ``pattern`` as a regular expression.</doc>
<status status="PASS" start="2024-04-26T01:56:25.282303" elapsed="0.000358"/>
</kw>
<kw name="Should Match Regexp" owner="BuiltIn">
<arg>${json_data['results'][0]['picture']['thumbnail']}</arg>
<arg>^https?://.*\.(?:png|jpe?g|gif|bmp)$</arg>
<doc>Fails if ``string`` does not match ``pattern`` as a regular expression.</doc>
<status status="PASS" start="2024-04-26T01:56:25.282849" elapsed="0.000355"/>
</kw>
<kw name="Log" owner="BuiltIn">
<msg time="2024-04-26T01:56:25.283708" level="INFO">{'large': 'https://randomuser.me/api/portraits/women/65.jpg', 'medium': 'https://randomuser.me/api/portraits/med/women/65.jpg', 'thumbnail': 'https://randomuser.me/api/portraits/thumb/women/65.jpg'}</msg>
<arg>${json_data['results'][0]['picture']}</arg>
<doc>Logs the given message with the given level.</doc>
<status status="PASS" start="2024-04-26T01:56:25.283386" elapsed="0.000363"/>
</kw>
<status status="PASS" start="2024-04-26T01:56:25.185867" elapsed="0.098139"/>
</kw>
<kw name="Teste de Tipos de Dados - Postcode" owner="random-user-service">
<kw name="GET On Session" owner="RequestsLibrary">
<msg time="2024-04-26T01:56:25.368494" level="INFO">GET Request : url=https://randomuser.me/api 
 path_url=/api 
 headers={'User-Agent': 'python-requests/2.31.0', 'Accept-Encoding': 'gzip, deflate', 'Accept': '*/*', 'Connection': 'keep-alive'} 
 body=None 
 </msg>
<msg time="2024-04-26T01:56:25.368591" level="INFO">GET Response : url=https://randomuser.me/api 
 status=200, reason=OK 
 headers={'Date': 'Fri, 26 Apr 2024 01:56:25 GMT', 'Content-Type': 'application/json; charset=utf-8', 'Transfer-Encoding': 'chunked', 'Connection': 'keep-alive', 'X-Powered-By': 'Express', 'Access-Control-Allow-Origin': '*', 'Cache-Control': 'no-cache', 'ETag': 'W/"4a0-htAQk5DOiUxqZGJURURArXs9AUA"', 'Vary': 'Accept-Encoding', 'Content-Encoding': 'gzip', 'CF-Cache-Status': 'DYNAMIC', 'Report-To': '{"endpoints":[{"url":"https:\\/\\/a.nel.cloudflare.com\\/report\\/v4?s=cy4jCd2G6v3Zl4hTSqCIadqT%2BrlPO8KOk9SroaUb6nu7M7U7b2qasKE%2FciOOYODMUvgI%2FrLxgo1t6v%2BJcLsda2Jdo3WBeUjVBlcanCiA7YoYGDypt6dYS3JxmlM%2Fjn%2FR"}],"group":"cf-nel","max_age":604800}', 'NEL': '{"success_fraction":0,"report_to":"cf-nel","max_age":604800}', 'Server': 'cloudflare', 'CF-RAY': '87a2f4ca0e1128ba-IAD', 'alt-svc': 'h3=":443"; ma=86400'} 
 body={"results":[{"gender":"male","name":{"title":"Mr","first":"Héctor","last":"Núñez"},"location":{"street":{"number":3161,"name":"Calle del Pez"},"city":"Alcobendas","state":"Comunidad Valenciana","country":"Spain","postcode":74347,"coordinates":{"latitude":"-31.3669","longitude":"-114.9435"},"timezone":{"offset":"-6:00","description":"Central Time (US &amp; Canada), Mexico City"}},"email":"hector.nunez@example.com","login":{"uuid":"7a35d09b-958a-495b-be3a-ce7e59f11082","username":"brownostrich828","password":"vacation","salt":"JtGPLuTS","md5":"69a00244b1f79e79ed4b3118c629ec79","sha1":"dafed3a4bf3e25e7e307973c474bfc58c3fc813d","sha256":"fd242f762359553568b04d6a7fa9680549580c8192a4e0d5d43adcbec70432cf"},"dob":{"date":"1996-08-13T09:14:58.659Z","age":27},"registered":{"date":"2011-01-24T08:23:58.038Z","age":13},"phone":"936-911-051","cell":"669-890-319","id":{"name":"DNI","value":"17158008-Q"},"picture":{"large":"https://randomuser.me/api/portraits/men/90.jpg","medium":"https://randomuser.me/api/portraits/med/men/90.jpg","thumbnail":"https://randomuser.me/api/portraits/thumb/men/90.jpg"},"nat":"ES"}],"info":{"seed":"59bc968e986eef84","results":1,"page":1,"version":"1.4"}} 
 </msg>
<msg time="2024-04-26T01:56:25.368672" level="INFO">/opt/hostedtoolcache/Python/3.12.3/x64/lib/python3.12/site-packages/urllib3/connectionpool.py:1103: InsecureRequestWarning: Unverified HTTPS request is being made to host 'randomuser.me'. Adding certificate verification is strongly advised. See: https://urllib3.readthedocs.io/en/latest/advanced-usage.html#tls-warnings
  warnings.warn(</msg>
<msg time="2024-04-26T01:56:25.368794" level="INFO">${response} = &lt;Response [200]&gt;</msg>
<var>${response}</var>
<arg>consultarAPI</arg>
<arg>/api</arg>
<doc>Sends a GET request on a previously created HTTP Session.</doc>
<status status="PASS" start="2024-04-26T01:56:25.284476" elapsed="0.084369"/>
</kw>
<kw name="Set Variable" owner="BuiltIn">
<msg time="2024-04-26T01:56:25.369913" level="INFO">${json_data} = {'results': [{'gender': 'male', 'name': {'title': 'Mr', 'first': 'Héctor', 'last': 'Núñez'}, 'location': {'street': {'number': 3161, 'name': 'Calle del Pez'}, 'city': 'Alcobendas', 'state': 'Comunidad...</msg>
<var>${json_data}</var>
<arg>${response.json()}</arg>
<doc>Returns the given values which can then be assigned to a variables.</doc>
<status status="PASS" start="2024-04-26T01:56:25.369386" elapsed="0.000556"/>
</kw>
<kw name="Log" owner="BuiltIn">
<msg time="2024-04-26T01:56:25.370414" level="INFO">{'results': [{'gender': 'male', 'name': {'title': 'Mr', 'first': 'Héctor', 'last': 'Núñez'}, 'location': {'street': {'number': 3161, 'name': 'Calle del Pez'}, 'city': 'Alcobendas', 'state': 'Comunidad Valenciana', 'country': 'Spain', 'postcode': 74347, 'coordinates': {'latitude': '-31.3669', 'longitude': '-114.9435'}, 'timezone': {'offset': '-6:00', 'description': 'Central Time (US &amp; Canada), Mexico City'}}, 'email': 'hector.nunez@example.com', 'login': {'uuid': '7a35d09b-958a-495b-be3a-ce7e59f11082', 'username': 'brownostrich828', 'password': 'vacation', 'salt': 'JtGPLuTS', 'md5': '69a00244b1f79e79ed4b3118c629ec79', 'sha1': 'dafed3a4bf3e25e7e307973c474bfc58c3fc813d', 'sha256': 'fd242f762359553568b04d6a7fa9680549580c8192a4e0d5d43adcbec70432cf'}, 'dob': {'date': '1996-08-13T09:14:58.659Z', 'age': 27}, 'registered': {'date': '2011-01-24T08:23:58.038Z', 'age': 13}, 'phone': '936-911-051', 'cell': '669-890-319', 'id': {'name': 'DNI', 'value': '17158008-Q'}, 'picture': {'large': 'https://randomuser.me/api/portraits/men/90.jpg', 'medium': 'https://randomuser.me/api/portraits/med/men/90.jpg', 'thumbnail': 'https://randomuser.me/api/portraits/thumb/men/90.jpg'}, 'nat': 'ES'}], 'info': {'seed': '59bc968e986eef84', 'results': 1, 'page': 1, 'version': '1.4'}}</msg>
<arg>${json_data}</arg>
<doc>Logs the given message with the given level.</doc>
<status status="PASS" start="2024-04-26T01:56:25.370253" elapsed="0.000245"/>
</kw>
<kw name="Should Be Equal As Numbers" owner="BuiltIn">
<arg>${json_data['results'][0]['location']['postcode']}</arg>
<arg>${json_data['results'][0]['location']['postcode']}</arg>
<doc>Fails if objects are unequal after converting them to real numbers.</doc>
<status status="PASS" start="2024-04-26T01:56:25.370970" elapsed="0.000621"/>
</kw>
<kw name="Log" owner="BuiltIn">
<msg time="2024-04-26T01:56:25.372116" level="INFO">74347</msg>
<arg>${json_data['results'][0]['location']['postcode']}</arg>
<doc>Logs the given message with the given level.</doc>
<status status="PASS" start="2024-04-26T01:56:25.371781" elapsed="0.000375"/>
</kw>
<status status="PASS" start="2024-04-26T01:56:25.284237" elapsed="0.088182"/>
</kw>
<doc>Testa se os tipos de dados na resposta da API estão corretos.</doc>
<tag>testeTiposDados</tag>
<status status="PASS" start="2024-04-26T01:56:25.185402" elapsed="0.187184"/>
</test>
<test id="s1-s1-t5" name="Validar conteudo" line="35">
<kw name="Teste de Tipos de Conteudo" owner="random-user-service">
<kw name="GET On Session" owner="RequestsLibrary">
<msg time="2024-04-26T01:56:25.462224" level="INFO">GET Request : url=https://randomuser.me/api 
 path_url=/api 
 headers={'User-Agent': 'python-requests/2.31.0', 'Accept-Encoding': 'gzip, deflate', 'Accept': '*/*', 'Connection': 'keep-alive'} 
 body=None 
 </msg>
<msg time="2024-04-26T01:56:25.462291" level="INFO">GET Response : url=https://randomuser.me/api 
 status=200, reason=OK 
 headers={'Date': 'Fri, 26 Apr 2024 01:56:25 GMT', 'Content-Type': 'application/json; charset=utf-8', 'Transfer-Encoding': 'chunked', 'Connection': 'keep-alive', 'X-Powered-By': 'Express', 'Access-Control-Allow-Origin': '*', 'Cache-Control': 'no-cache', 'ETag': 'W/"492-hyJEUSOxxHQ718evORwdTiOhOBo"', 'Vary': 'Accept-Encoding', 'Content-Encoding': 'gzip', 'CF-Cache-Status': 'DYNAMIC', 'Report-To': '{"endpoints":[{"url":"https:\\/\\/a.nel.cloudflare.com\\/report\\/v4?s=cAcRWOoyqjtjrK%2FRe9acs85kCm9h2TL3mP4g5RP%2B1rJ37iHC0NnMVhUYbZ3A%2Fq3MBzvlEdefEDiHEKJHf7OELbl2NOAM%2F0FniCBerzvpYKHyuvp2pXjk110f%2FKpQKwvo"}],"group":"cf-nel","max_age":604800}', 'NEL': '{"success_fraction":0,"report_to":"cf-nel","max_age":604800}', 'Server': 'cloudflare', 'CF-RAY': '87a2f4ca9ef528ba-IAD', 'alt-svc': 'h3=":443"; ma=86400'} 
 body={"results":[{"gender":"female","name":{"title":"Mrs","first":"Judith","last":"James"},"location":{"street":{"number":3091,"name":"First Street"},"city":"Busselton","state":"Queensland","country":"Australia","postcode":8838,"coordinates":{"latitude":"-84.1863","longitude":"9.1305"},"timezone":{"offset":"-3:00","description":"Brazil, Buenos Aires, Georgetown"}},"email":"judith.james@example.com","login":{"uuid":"77954436-8f73-47c6-af78-db7fbe6879dc","username":"orangesnake757","password":"jasmine1","salt":"7DoDWzl0","md5":"3767a850e37fe14de7262d3c232c8235","sha1":"7260247a40357d3be6935fc0ae4079251b9ddcf3","sha256":"0adcef8a1e22299b6cd4f1eec07ca3cff5f9aa20a51136bb7e5561ed27087c65"},"dob":{"date":"1970-08-16T07:24:09.303Z","age":53},"registered":{"date":"2022-01-27T11:07:08.964Z","age":2},"phone":"09-4546-8771","cell":"0435-209-214","id":{"name":"TFN","value":"072966132"},"picture":{"large":"https://randomuser.me/api/portraits/women/67.jpg","medium":"https://randomuser.me/api/portraits/med/women/67.jpg","thumbnail":"https://randomuser.me/api/portraits/thumb/women/67.jpg"},"nat":"AU"}],"info":{"seed":"6896e68383c5841d","results":1,"page":1,"version":"1.4"}} 
 </msg>
<msg time="2024-04-26T01:56:25.462348" level="INFO">/opt/hostedtoolcache/Python/3.12.3/x64/lib/python3.12/site-packages/urllib3/connectionpool.py:1103: InsecureRequestWarning: Unverified HTTPS request is being made to host 'randomuser.me'. Adding certificate verification is strongly advised. See: https://urllib3.readthedocs.io/en/latest/advanced-usage.html#tls-warnings
  warnings.warn(</msg>
<msg time="2024-04-26T01:56:25.462437" level="INFO">${response} = &lt;Response [200]&gt;</msg>
<var>${response}</var>
<arg>consultarAPI</arg>
<arg>/api</arg>
<doc>Sends a GET request on a previously created HTTP Session.</doc>
<status status="PASS" start="2024-04-26T01:56:25.375197" elapsed="0.087277"/>
</kw>
<kw name="Set Variable" owner="BuiltIn">
<msg time="2024-04-26T01:56:25.463305" level="INFO">${json_data} = {'results': [{'gender': 'female', 'name': {'title': 'Mrs', 'first': 'Judith', 'last': 'James'}, 'location': {'street': {'number': 3091, 'name': 'First Street'}, 'city': 'Busselton', 'state': 'Queensla...</msg>
<var>${json_data}</var>
<arg>${response.json()}</arg>
<doc>Returns the given values which can then be assigned to a variables.</doc>
<status status="PASS" start="2024-04-26T01:56:25.462850" elapsed="0.000496"/>
</kw>
<kw name="Set Variable" owner="BuiltIn">
<msg time="2024-04-26T01:56:25.464048" level="INFO">${name_title} = Mrs</msg>
<var>${name_title}</var>
<arg>${json_data["results"][0]["name"]["title"]}</arg>
<doc>Returns the given values which can then be assigned to a variables.</doc>
<status status="PASS" start="2024-04-26T01:56:25.463666" elapsed="0.000408"/>
</kw>
<kw name="Create List" owner="BuiltIn">
<msg time="2024-04-26T01:56:25.464522" level="INFO">${allowed_titles} = ['Mr', 'Ms', 'Miss', 'Mrs', 'Madame', 'Monsieur']</msg>
<var>${allowed_titles}</var>
<arg>Mr</arg>
<arg>Ms</arg>
<arg>Miss</arg>
<arg>Mrs</arg>
<arg>Madame</arg>
<arg>Monsieur</arg>
<doc>Returns a list containing given items.</doc>
<status status="PASS" start="2024-04-26T01:56:25.464375" elapsed="0.000172"/>
</kw>
<kw name="List Should Contain Value" owner="Collections">
<msg time="2024-04-26T01:56:25.465018" level="INFO">False</msg>
<arg>${allowed_titles}</arg>
<arg>${name_title}</arg>
<doc>Fails if the ``value`` is not found from ``list``.</doc>
<status status="PASS" start="2024-04-26T01:56:25.464846" elapsed="0.000210"/>
</kw>
<kw name="Set Variable" owner="BuiltIn">
<msg time="2024-04-26T01:56:25.465782" level="INFO">${name_country} = AU</msg>
<var>${name_country}</var>
<arg>${json_data["results"][0]["nat"]}</arg>
<doc>Returns the given values which can then be assigned to a variables.</doc>
<status status="PASS" start="2024-04-26T01:56:25.465342" elapsed="0.000465"/>
</kw>
<kw name="Create List" owner="BuiltIn">
<msg time="2024-04-26T01:56:25.466696" level="INFO">${list_country} = ['AD', 'AE', 'AF', 'AG', 'AI', 'AL', 'AM', 'AO', 'AQ', 'AR', 'AS', 'AT', 'AU', 'AW', 'AX', 'AZ', 'BA', 'BB', 'BD', 'BE', 'BF', 'BG', 'BH', 'BI', 'BJ', 'BL', 'BM', 'BN', 'BO', 'BQ', 'BR', 'BS', 'BT', '...</msg>
<var>${list_country}</var>
<arg>AD</arg>
<arg>AE</arg>
<arg>AF</arg>
<arg>AG</arg>
<arg>AI</arg>
<arg>AL</arg>
<arg>AM</arg>
<arg>AO</arg>
<arg>AQ</arg>
<arg>AR</arg>
<arg>AS</arg>
<arg>AT</arg>
<arg>AU</arg>
<arg>AW</arg>
<arg>AX</arg>
<arg>AZ</arg>
<arg>BA</arg>
<arg>BB</arg>
<arg>BD</arg>
<arg>BE</arg>
<arg>BF</arg>
<arg>BG</arg>
<arg>BH</arg>
<arg>BI</arg>
<arg>BJ</arg>
<arg>BL</arg>
<arg>BM</arg>
<arg>BN</arg>
<arg>BO</arg>
<arg>BQ</arg>
<arg>BR</arg>
<arg>BS</arg>
<arg>BT</arg>
<arg>BV</arg>
<arg>BW</arg>
<arg>BY</arg>
<arg>BZ</arg>
<arg>CA</arg>
<arg>CC</arg>
<arg>CD</arg>
<arg>CF</arg>
<arg>CG</arg>
<arg>CH</arg>
<arg>CI</arg>
<arg>CK</arg>
<arg>CL</arg>
<arg>CM</arg>
<arg>CN</arg>
<arg>CO</arg>
<arg>CR</arg>
<arg>CU</arg>
<arg>CV</arg>
<arg>CW</arg>
<arg>CX</arg>
<arg>CY</arg>
<arg>CZ</arg>
<arg>DE</arg>
<arg>DJ</arg>
<arg>DK</arg>
<arg>DM</arg>
<arg>DO</arg>
<arg>DZ</arg>
<arg>EC</arg>
<arg>EE</arg>
<arg>EG</arg>
<arg>EH</arg>
<arg>ER</arg>
<arg>ES</arg>
<arg>ET</arg>
<arg>FI</arg>
<arg>FJ</arg>
<arg>FK</arg>
<arg>FM</arg>
<arg>FO</arg>
<arg>FR</arg>
<arg>GA</arg>
<arg>GB</arg>
<arg>GD</arg>
<arg>GE</arg>
<arg>GF</arg>
<arg>GG</arg>
<arg>GH</arg>
<arg>GI</arg>
<arg>GL</arg>
<arg>GM</arg>
<arg>GN</arg>
<arg>GP</arg>
<arg>GQ</arg>
<arg>GR</arg>
<arg>GS</arg>
<arg>GT</arg>
<arg>GU</arg>
<arg>GW</arg>
<arg>GY</arg>
<arg>HK</arg>
<arg>HM</arg>
<arg>HN</arg>
<arg>HR</arg>
<arg>HT</arg>
<arg>HU</arg>
<arg>ID</arg>
<arg>IE</arg>
<arg>IL</arg>
<arg>IM</arg>
<arg>IN</arg>
<arg>IO</arg>
<arg>IQ</arg>
<arg>IR</arg>
<arg>IS</arg>
<arg>IT</arg>
<arg>JE</arg>
<arg>JM</arg>
<arg>JO</arg>
<arg>JP</arg>
<arg>KE</arg>
<arg>KG</arg>
<arg>KH</arg>
<arg>KI</arg>
<arg>KM</arg>
<arg>KN</arg>
<arg>KP</arg>
<arg>KR</arg>
<arg>KW</arg>
<arg>KY</arg>
<arg>KZ</arg>
<arg>LA</arg>
<arg>LB</arg>
<arg>LC</arg>
<arg>LI</arg>
<arg>LK</arg>
<arg>LR</arg>
<arg>LS</arg>
<arg>LT</arg>
<arg>LU</arg>
<arg>LV</arg>
<arg>LY</arg>
<arg>MA</arg>
<arg>MC</arg>
<arg>MD</arg>
<arg>ME</arg>
<arg>MF</arg>
<arg>MG</arg>
<arg>MH</arg>
<arg>MK</arg>
<arg>ML</arg>
<arg>MM</arg>
<arg>MN</arg>
<arg>MO</arg>
<arg>MP</arg>
<arg>MQ</arg>
<arg>MR</arg>
<arg>MS</arg>
<arg>MT</arg>
<arg>MU</arg>
<arg>MV</arg>
<arg>MW</arg>
<arg>MX</arg>
<arg>MY</arg>
<arg>MZ</arg>
<arg>NA</arg>
<arg>NC</arg>
<arg>NE</arg>
<arg>NF</arg>
<arg>NG</arg>
<arg>NI</arg>
<arg>NL</arg>
<arg>NO</arg>
<arg>NP</arg>
<arg>NR</arg>
<arg>NU</arg>
<arg>NZ</arg>
<arg>OM</arg>
<arg>PA</arg>
<arg>PE</arg>
<arg>PF</arg>
<arg>PG</arg>
<arg>PH</arg>
<arg>PK</arg>
<arg>PL</arg>
<arg>PM</arg>
<arg>PN</arg>
<arg>PR</arg>
<arg>PS</arg>
<arg>PT</arg>
<arg>PW</arg>
<arg>PY</arg>
<arg>QA</arg>
<arg>RE</arg>
<arg>RO</arg>
<arg>RS</arg>
<arg>RU</arg>
<arg>RW</arg>
<arg>SA</arg>
<arg>SB</arg>
<arg>SC</arg>
<arg>SD</arg>
<arg>SE</arg>
<arg>SG</arg>
<arg>SH</arg>
<arg>SI</arg>
<arg>SJ</arg>
<arg>SK</arg>
<arg>SL</arg>
<arg>SM</arg>
<arg>SN</arg>
<arg>SO</arg>
<arg>SR</arg>
<arg>SS</arg>
<arg>ST</arg>
<arg>SV</arg>
<arg>SX</arg>
<arg>SY</arg>
<arg>SZ</arg>
<arg>TC</arg>
<arg>TD</arg>
<arg>TF</arg>
<arg>TG</arg>
<arg>TH</arg>
<arg>TJ</arg>
<arg>TK</arg>
<arg>TL</arg>
<arg>TM</arg>
<arg>TN</arg>
<arg>TO</arg>
<arg>TR</arg>
<arg>TT</arg>
<arg>TV</arg>
<arg>TW</arg>
<arg>TZ</arg>
<arg>UA</arg>
<arg>UG</arg>
<arg>UM</arg>
<arg>US</arg>
<arg>UY</arg>
<arg>UZ</arg>
<arg>VA</arg>
<arg>VC</arg>
<arg>VE</arg>
<arg>VG</arg>
<arg>VI</arg>
<arg>VN</arg>
<arg>VU</arg>
<arg>WF</arg>
<arg>WS</arg>
<arg>XK</arg>
<arg>YE</arg>
<arg>YT</arg>
<arg>ZA</arg>
<arg>ZM</arg>
<arg>ZW</arg>
<doc>Returns a list containing given items.</doc>
<status status="PASS" start="2024-04-26T01:56:25.466111" elapsed="0.000610"/>
</kw>
<kw name="List Should Contain Value" owner="Collections">
<msg time="2024-04-26T01:56:25.467705" level="INFO">False</msg>
<arg>${list_country}</arg>
<arg>${name_country}</arg>
<doc>Fails if the ``value`` is not found from ``list``.</doc>
<status status="PASS" start="2024-04-26T01:56:25.467507" elapsed="0.000236"/>
</kw>
<kw name="Run Keyword If" owner="BuiltIn">
<kw name="Should Be True" owner="BuiltIn">
<arg>${True}</arg>
<doc>Fails if the given condition is not true.</doc>
<status status="PASS" start="2024-04-26T01:56:25.468820" elapsed="0.000247"/>
</kw>
<arg>${json_data["results"][0]["location"]["coordinates"]["latitude"]} &gt;= -90 and ${json_data["results"][0]["location"]["coordinates"]["latitude"]} &lt;= 90</arg>
<arg>Should Be True</arg>
<arg>${True}</arg>
<doc>Runs the given keyword with the given arguments, if ``condition`` is true.</doc>
<status status="PASS" start="2024-04-26T01:56:25.468057" elapsed="0.001144"/>
</kw>
<kw name="Run Keyword If" owner="BuiltIn">
<kw name="Should Be True" owner="BuiltIn">
<arg>${True}</arg>
<doc>Fails if the given condition is not true.</doc>
<status status="PASS" start="2024-04-26T01:56:25.470160" elapsed="0.000142"/>
</kw>
<arg>${json_data["results"][0]["location"]["coordinates"]["longitude"]} &gt;= -180 and ${json_data["results"][0]["location"]["coordinates"]["longitude"]} &lt;= 180</arg>
<arg>Should Be True</arg>
<arg>${True}</arg>
<doc>Runs the given keyword with the given arguments, if ``condition`` is true.</doc>
<status status="PASS" start="2024-04-26T01:56:25.469412" elapsed="0.001018"/>
</kw>
<status status="PASS" start="2024-04-26T01:56:25.374968" elapsed="0.095592"/>
</kw>
<doc>Testa o conteúdo específico dos campos retornados pela API.</doc>
<tag>testeConteudo</tag>
<status status="PASS" start="2024-04-26T01:56:25.374437" elapsed="0.096270"/>
</test>
<status status="PASS" start="2024-04-26T01:56:24.681064" elapsed="0.791567"/>
</suite>
<status status="PASS" start="2024-04-26T01:56:24.667641" elapsed="0.810102"/>
</suite>
<statistics>
<total>
<stat pass="5" fail="0" skip="0">All Tests</stat>
</total>
<tag>
<stat pass="1" fail="0" skip="0">testeConteudo</stat>
<stat pass="1" fail="0" skip="0">testeEstruturaResposta</stat>
<stat pass="1" fail="0" skip="0">testeRequisicaoBasica</stat>
<stat pass="1" fail="0" skip="0">testeTiposDados</stat>
</tag>
<suite>
<stat pass="5" fail="0" skip="0" id="s1" name="Tests">Tests</stat>
<stat pass="5" fail="0" skip="0" id="s1-s1" name="Random-User-Test">Tests.Random-User-Test</stat>
</suite>
</statistics>
<errors>
</errors>
</robot>
