<?xml version="1.0" encoding="UTF-8"?>
<robot generator="Robot 7.0 (Python 3.12.3 on linux)" generated="2024-05-26T05:13:17.792112" rpa="false" schemaversion="5">
<suite id="s1" name="Tests" source="/home/runner/work/ApiRandomUser/ApiRandomUser/RamdonUser/tests">
<suite id="s1-s1" name="Random-User-Test" source="/home/runner/work/ApiRandomUser/ApiRandomUser/RamdonUser/tests/random-user-test.robot">
<test id="s1-s1-t1" name="Conectar" line="13">
<kw name="Conectar API" owner="random-user-service">
<kw name="Create Session" owner="RequestsLibrary">
<msg time="2024-05-26T05:13:18.228435" level="INFO">Creating Session using : alias=consultarAPI, url=https://randomuser.me/, headers={},                     cookies={}, auth=None, timeout=None, proxies=None, verify=False,                     debug=0 </msg>
<arg>consultarAPI</arg>
<arg>${URL}</arg>
<doc>Create Session: create a HTTP session to a server</doc>
<status status="PASS" start="2024-05-26T05:13:18.228235" elapsed="0.000368"/>
</kw>
<status status="PASS" start="2024-05-26T05:13:18.227186" elapsed="0.001767"/>
</kw>
<status status="PASS" start="2024-05-26T05:13:18.226578" elapsed="0.002566"/>
</test>
<test id="s1-s1-t2" name="Validar retorno 200 e JSON Válido" line="16">
<kw name="Teste de Requisicao Basica" owner="random-user-service">
<kw name="GET On Session" owner="RequestsLibrary">
<msg time="2024-05-26T05:13:18.414667" level="INFO">GET Request : url=https://randomuser.me/api 
 path_url=/api 
 headers={'User-Agent': 'python-requests/2.32.2', 'Accept-Encoding': 'gzip, deflate', 'Accept': '*/*', 'Connection': 'keep-alive'} 
 body=None 
 </msg>
<msg time="2024-05-26T05:13:18.414834" level="INFO">GET Response : url=https://randomuser.me/api 
 status=200, reason=OK 
 headers={'Date': 'Sun, 26 May 2024 05:13:18 GMT', 'Content-Type': 'application/json; charset=utf-8', 'Transfer-Encoding': 'chunked', 'Connection': 'keep-alive', 'X-Powered-By': 'Express', 'Access-Control-Allow-Origin': '*', 'Cache-Control': 'no-cache', 'ETag': 'W/"495-9ZiNSVNnXkMqWQCip7dtAnrUCAk"', 'Vary': 'Accept-Encoding', 'Content-Encoding': 'gzip', 'CF-Cache-Status': 'DYNAMIC', 'Report-To': '{"endpoints":[{"url":"https:\\/\\/a.nel.cloudflare.com\\/report\\/v4?s=Fh3hHxAU3HdDvlwlP8X%2Fvnc1y6oqSeZa9EQwQ0MwlyAwxmX61n6lnqbiVE7qSbIZ9EnVwTylCaQlKrsQg2mBDMDIrRZtnb4%2BdGdNqrAVCm8%2Bcl5WsyIb86px51WJbxQc"}],"group":"cf-nel","max_age":604800}', 'NEL': '{"success_fraction":0,"report_to":"cf-nel","max_age":604800}', 'Server': 'cloudflare', 'CF-RAY': '889b4671d86e29bb-IAD', 'alt-svc': 'h3=":443"; ma=86400'} 
 body={"results":[{"gender":"male","name":{"title":"Mr","first":"Toby","last":"Jones"},"location":{"street":{"number":5791,"name":"Portobello Road"},"city":"Invercargill","state":"West Coast","country":"New Zealand","postcode":40488,"coordinates":{"latitude":"53.1660","longitude":"-172.7823"},"timezone":{"offset":"+5:00","description":"Ekaterinburg, Islamabad, Karachi, Tashkent"}},"email":"toby.jones@example.com","login":{"uuid":"f5b9a5f5-6a74-4c20-b599-c200776754a2","username":"organicmeercat787","password":"evolutio","salt":"AODpUic0","md5":"0d903b18d4a4c98571e9223a75b3bb10","sha1":"2ec28eb02b565764a07972c4e5c31f2caa3353b3","sha256":"84865b3f854b3bb23d99a2d1d8e2f61012ef310a631fdf0e349e4a2628341e7d"},"dob":{"date":"1954-12-17T15:56:16.511Z","age":69},"registered":{"date":"2003-01-14T22:15:21.307Z","age":21},"phone":"(444)-432-6197","cell":"(032)-005-1992","id":{"name":"","value":null},"picture":{"large":"https://randomuser.me/api/portraits/men/4.jpg","medium":"https://randomuser.me/api/portraits/med/men/4.jpg","thumbnail":"https://randomuser.me/api/portraits/thumb/men/4.jpg"},"nat":"NZ"}],"info":{"seed":"cee1bd1d35f3e662","results":1,"page":1,"version":"1.4"}} 
 </msg>
<msg time="2024-05-26T05:13:18.414937" level="INFO">/opt/hostedtoolcache/Python/3.12.3/x64/lib/python3.12/site-packages/urllib3/connectionpool.py:1103: InsecureRequestWarning: Unverified HTTPS request is being made to host 'randomuser.me'. Adding certificate verification is strongly advised. See: https://urllib3.readthedocs.io/en/latest/advanced-usage.html#tls-warnings
  warnings.warn(</msg>
<msg time="2024-05-26T05:13:18.415103" level="INFO">${response} = &lt;Response [200]&gt;</msg>
<var>${response}</var>
<arg>consultarAPI</arg>
<arg>/api</arg>
<doc>Sends a GET request on a previously created HTTP Session.</doc>
<status status="PASS" start="2024-05-26T05:13:18.231817" elapsed="0.183347"/>
</kw>
<kw name="Should Be Equal As Numbers" owner="BuiltIn">
<msg time="2024-05-26T05:13:18.416494" level="INFO">Argument types are:
&lt;class 'int'&gt;
&lt;class 'str'&gt;</msg>
<arg>${response.status_code}</arg>
<arg>200</arg>
<doc>Fails if objects are unequal after converting them to real numbers.</doc>
<status status="PASS" start="2024-05-26T05:13:18.415875" elapsed="0.000684"/>
</kw>
<kw name="Log" owner="BuiltIn">
<msg time="2024-05-26T05:13:18.417248" level="INFO">200</msg>
<arg>${response.status_code}</arg>
<doc>Logs the given message with the given level.</doc>
<status status="PASS" start="2024-05-26T05:13:18.416902" elapsed="0.000394"/>
</kw>
<kw name="Set Variable" owner="BuiltIn">
<msg time="2024-05-26T05:13:18.418029" level="INFO">${json_data} = {'results': [{'gender': 'male', 'name': {'title': 'Mr', 'first': 'Toby', 'last': 'Jones'}, 'location': {'street': {'number': 5791, 'name': 'Portobello Road'}, 'city': 'Invercargill', 'state': 'West Co...</msg>
<var>${json_data}</var>
<arg>${response.json()}</arg>
<doc>Returns the given values which can then be assigned to a variables.</doc>
<status status="PASS" start="2024-05-26T05:13:18.417604" elapsed="0.000454"/>
</kw>
<kw name="Dictionary Should Contain Key" owner="Collections">
<msg time="2024-05-26T05:13:18.418524" level="INFO">False</msg>
<arg>${json_data}</arg>
<arg>results</arg>
<doc>Fails if ``key`` is not found from ``dictionary``.</doc>
<status status="PASS" start="2024-05-26T05:13:18.418360" elapsed="0.000351"/>
</kw>
<status status="PASS" start="2024-05-26T05:13:18.231550" elapsed="0.187423"/>
</kw>
<doc>Testa se a API responde corretamente e retorna um objeto JSON válido.</doc>
<tag>testeRequisicaoBasica</tag>
<status status="PASS" start="2024-05-26T05:13:18.230983" elapsed="0.188166"/>
</test>
<test id="s1-s1-t3" name="Validar estrutura de resposta" line="22">
<kw name="Teste de Estrutura de Resposta" owner="random-user-service">
<kw name="GET On Session" owner="RequestsLibrary">
<msg time="2024-05-26T05:13:18.508513" level="INFO">GET Request : url=https://randomuser.me/api 
 path_url=/api 
 headers={'User-Agent': 'python-requests/2.32.2', 'Accept-Encoding': 'gzip, deflate', 'Accept': '*/*', 'Connection': 'keep-alive'} 
 body=None 
 </msg>
<msg time="2024-05-26T05:13:18.508585" level="INFO">GET Response : url=https://randomuser.me/api 
 status=200, reason=OK 
 headers={'Date': 'Sun, 26 May 2024 05:13:18 GMT', 'Content-Type': 'application/json; charset=utf-8', 'Transfer-Encoding': 'chunked', 'Connection': 'keep-alive', 'X-Powered-By': 'Express', 'Access-Control-Allow-Origin': '*', 'Cache-Control': 'no-cache', 'ETag': 'W/"49e-ImyHAqy6SiFmWGD/JRSBMjZHatA"', 'Vary': 'Accept-Encoding', 'Content-Encoding': 'gzip', 'CF-Cache-Status': 'DYNAMIC', 'Report-To': '{"endpoints":[{"url":"https:\\/\\/a.nel.cloudflare.com\\/report\\/v4?s=gvTJ%2Bkjww8qAxScNwHTHF9IgnZW%2B5G5YAjNNbPdtjF3n3y9AFA0yfj7YU7zn9pmG9XWvSrhtm4pTy40bPem%2Bj8YHhNt3ts87AyRAvAqhol1FZWeLfIUF3N9u4pfll6k2"}],"group":"cf-nel","max_age":604800}', 'NEL': '{"success_fraction":0,"report_to":"cf-nel","max_age":604800}', 'Server': 'cloudflare', 'CF-RAY': '889b467228b829bb-IAD', 'alt-svc': 'h3=":443"; ma=86400'} 
 body={"results":[{"gender":"female","name":{"title":"Ms","first":"Patsy","last":"Schmidt"},"location":{"street":{"number":5481,"name":"Parker Rd"},"city":"Toowoomba","state":"Northern Territory","country":"Australia","postcode":7904,"coordinates":{"latitude":"-88.1135","longitude":"88.8276"},"timezone":{"offset":"+10:00","description":"Eastern Australia, Guam, Vladivostok"}},"email":"patsy.schmidt@example.com","login":{"uuid":"cdcf89d5-ee09-4b20-9bcd-db05a10004f6","username":"ticklishswan729","password":"shells","salt":"5bKRjceS","md5":"3b43ad3da4b76a780e2965895f6f19cd","sha1":"0a44c4e861caa14a9e5718ad05c2057cdf4a0481","sha256":"67d8d0d91cc9cd919c1e45228f1f9bd47574124221060fca142e991a36592ec9"},"dob":{"date":"1946-10-11T20:34:49.074Z","age":77},"registered":{"date":"2008-11-28T11:28:30.047Z","age":15},"phone":"01-0002-9455","cell":"0437-824-426","id":{"name":"TFN","value":"833337394"},"picture":{"large":"https://randomuser.me/api/portraits/women/65.jpg","medium":"https://randomuser.me/api/portraits/med/women/65.jpg","thumbnail":"https://randomuser.me/api/portraits/thumb/women/65.jpg"},"nat":"AU"}],"info":{"seed":"dcc1fffb4cc5fae0","results":1,"page":1,"version":"1.4"}} 
 </msg>
<msg time="2024-05-26T05:13:18.508687" level="INFO">/opt/hostedtoolcache/Python/3.12.3/x64/lib/python3.12/site-packages/urllib3/connectionpool.py:1103: InsecureRequestWarning: Unverified HTTPS request is being made to host 'randomuser.me'. Adding certificate verification is strongly advised. See: https://urllib3.readthedocs.io/en/latest/advanced-usage.html#tls-warnings
  warnings.warn(</msg>
<msg time="2024-05-26T05:13:18.508786" level="INFO">${response} = &lt;Response [200]&gt;</msg>
<var>${response}</var>
<arg>consultarAPI</arg>
<arg>/api</arg>
<doc>Sends a GET request on a previously created HTTP Session.</doc>
<status status="PASS" start="2024-05-26T05:13:18.422244" elapsed="0.086580"/>
</kw>
<kw name="Set Variable" owner="BuiltIn">
<msg time="2024-05-26T05:13:18.509684" level="INFO">${json_data} = {'results': [{'gender': 'female', 'name': {'title': 'Ms', 'first': 'Patsy', 'last': 'Schmidt'}, 'location': {'street': {'number': 5481, 'name': 'Parker Rd'}, 'city': 'Toowoomba', 'state': 'Northern Te...</msg>
<var>${json_data}</var>
<arg>${response.json()}</arg>
<doc>Returns the given values which can then be assigned to a variables.</doc>
<status status="PASS" start="2024-05-26T05:13:18.509213" elapsed="0.000501"/>
</kw>
<kw name="Log" owner="BuiltIn">
<msg time="2024-05-26T05:13:18.510171" level="INFO">{'results': [{'gender': 'female', 'name': {'title': 'Ms', 'first': 'Patsy', 'last': 'Schmidt'}, 'location': {'street': {'number': 5481, 'name': 'Parker Rd'}, 'city': 'Toowoomba', 'state': 'Northern Territory', 'country': 'Australia', 'postcode': 7904, 'coordinates': {'latitude': '-88.1135', 'longitude': '88.8276'}, 'timezone': {'offset': '+10:00', 'description': 'Eastern Australia, Guam, Vladivostok'}}, 'email': 'patsy.schmidt@example.com', 'login': {'uuid': 'cdcf89d5-ee09-4b20-9bcd-db05a10004f6', 'username': 'ticklishswan729', 'password': 'shells', 'salt': '5bKRjceS', 'md5': '3b43ad3da4b76a780e2965895f6f19cd', 'sha1': '0a44c4e861caa14a9e5718ad05c2057cdf4a0481', 'sha256': '67d8d0d91cc9cd919c1e45228f1f9bd47574124221060fca142e991a36592ec9'}, 'dob': {'date': '1946-10-11T20:34:49.074Z', 'age': 77}, 'registered': {'date': '2008-11-28T11:28:30.047Z', 'age': 15}, 'phone': '01-0002-9455', 'cell': '0437-824-426', 'id': {'name': 'TFN', 'value': '833337394'}, 'picture': {'large': 'https://randomuser.me/api/portraits/women/65.jpg', 'medium': 'https://randomuser.me/api/portraits/med/women/65.jpg', 'thumbnail': 'https://randomuser.me/api/portraits/thumb/women/65.jpg'}, 'nat': 'AU'}], 'info': {'seed': 'dcc1fffb4cc5fae0', 'results': 1, 'page': 1, 'version': '1.4'}}</msg>
<arg>${json_data}</arg>
<doc>Logs the given message with the given level.</doc>
<status status="PASS" start="2024-05-26T05:13:18.510017" elapsed="0.000203"/>
</kw>
<kw name="Dictionary Should Contain Key" owner="Collections">
<msg time="2024-05-26T05:13:18.510659" level="INFO">False</msg>
<arg>${json_data}</arg>
<arg>results</arg>
<doc>Fails if ``key`` is not found from ``dictionary``.</doc>
<status status="PASS" start="2024-05-26T05:13:18.510509" elapsed="0.000186"/>
</kw>
<kw name="Should Not Be Empty" owner="BuiltIn">
<msg time="2024-05-26T05:13:18.511126" level="INFO">Length is 2.</msg>
<arg>${json_data}</arg>
<doc>Verifies that the given item is not empty.</doc>
<status status="PASS" start="2024-05-26T05:13:18.510990" elapsed="0.000175"/>
</kw>
<kw name="Create List" owner="BuiltIn">
<msg time="2024-05-26T05:13:18.511661" level="INFO">${expected_keys} = ['gender', 'name', 'location', 'email', 'login']</msg>
<var>${expected_keys}</var>
<arg>gender</arg>
<arg>name</arg>
<arg>location</arg>
<arg>email</arg>
<arg>login</arg>
<doc>Returns a list containing given items.</doc>
<status status="PASS" start="2024-05-26T05:13:18.511458" elapsed="0.000229"/>
</kw>
<for flavor="IN">
<iter>
<kw name="Dictionary Should Contain Key" owner="Collections">
<msg time="2024-05-26T05:13:18.512669" level="INFO">False</msg>
<arg>${json_data['results'][0]}</arg>
<arg>${key}</arg>
<doc>Fails if ``key`` is not found from ``dictionary``.</doc>
<status status="PASS" start="2024-05-26T05:13:18.512272" elapsed="0.000437"/>
</kw>
<kw name="Log" owner="BuiltIn">
<msg time="2024-05-26T05:13:18.513377" level="INFO">{'gender': 'female', 'name': {'title': 'Ms', 'first': 'Patsy', 'last': 'Schmidt'}, 'location': {'street': {'number': 5481, 'name': 'Parker Rd'}, 'city': 'Toowoomba', 'state': 'Northern Territory', 'country': 'Australia', 'postcode': 7904, 'coordinates': {'latitude': '-88.1135', 'longitude': '88.8276'}, 'timezone': {'offset': '+10:00', 'description': 'Eastern Australia, Guam, Vladivostok'}}, 'email': 'patsy.schmidt@example.com', 'login': {'uuid': 'cdcf89d5-ee09-4b20-9bcd-db05a10004f6', 'username': 'ticklishswan729', 'password': 'shells', 'salt': '5bKRjceS', 'md5': '3b43ad3da4b76a780e2965895f6f19cd', 'sha1': '0a44c4e861caa14a9e5718ad05c2057cdf4a0481', 'sha256': '67d8d0d91cc9cd919c1e45228f1f9bd47574124221060fca142e991a36592ec9'}, 'dob': {'date': '1946-10-11T20:34:49.074Z', 'age': 77}, 'registered': {'date': '2008-11-28T11:28:30.047Z', 'age': 15}, 'phone': '01-0002-9455', 'cell': '0437-824-426', 'id': {'name': 'TFN', 'value': '833337394'}, 'picture': {'large': 'https://randomuser.me/api/portraits/women/65.jpg', 'medium': 'https://randomuser.me/api/portraits/med/women/65.jpg', 'thumbnail': 'https://randomuser.me/api/portraits/thumb/women/65.jpg'}, 'nat': 'AU'}</msg>
<arg>${json_data['results'][0]}</arg>
<doc>Logs the given message with the given level.</doc>
<status status="PASS" start="2024-05-26T05:13:18.513008" elapsed="0.000439"/>
</kw>
<kw name="Log" owner="BuiltIn">
<msg time="2024-05-26T05:13:18.513876" level="INFO">gender</msg>
<arg>${key}</arg>
<doc>Logs the given message with the given level.</doc>
<status status="PASS" start="2024-05-26T05:13:18.513748" elapsed="0.000167"/>
</kw>
<var name="${key}">gender</var>
<status status="PASS" start="2024-05-26T05:13:18.512143" elapsed="0.002001"/>
</iter>
<iter>
<kw name="Dictionary Should Contain Key" owner="Collections">
<msg time="2024-05-26T05:13:18.514824" level="INFO">False</msg>
<arg>${json_data['results'][0]}</arg>
<arg>${key}</arg>
<doc>Fails if ``key`` is not found from ``dictionary``.</doc>
<status status="PASS" start="2024-05-26T05:13:18.514442" elapsed="0.000420"/>
</kw>
<kw name="Log" owner="BuiltIn">
<msg time="2024-05-26T05:13:18.515648" level="INFO">{'gender': 'female', 'name': {'title': 'Ms', 'first': 'Patsy', 'last': 'Schmidt'}, 'location': {'street': {'number': 5481, 'name': 'Parker Rd'}, 'city': 'Toowoomba', 'state': 'Northern Territory', 'country': 'Australia', 'postcode': 7904, 'coordinates': {'latitude': '-88.1135', 'longitude': '88.8276'}, 'timezone': {'offset': '+10:00', 'description': 'Eastern Australia, Guam, Vladivostok'}}, 'email': 'patsy.schmidt@example.com', 'login': {'uuid': 'cdcf89d5-ee09-4b20-9bcd-db05a10004f6', 'username': 'ticklishswan729', 'password': 'shells', 'salt': '5bKRjceS', 'md5': '3b43ad3da4b76a780e2965895f6f19cd', 'sha1': '0a44c4e861caa14a9e5718ad05c2057cdf4a0481', 'sha256': '67d8d0d91cc9cd919c1e45228f1f9bd47574124221060fca142e991a36592ec9'}, 'dob': {'date': '1946-10-11T20:34:49.074Z', 'age': 77}, 'registered': {'date': '2008-11-28T11:28:30.047Z', 'age': 15}, 'phone': '01-0002-9455', 'cell': '0437-824-426', 'id': {'name': 'TFN', 'value': '833337394'}, 'picture': {'large': 'https://randomuser.me/api/portraits/women/65.jpg', 'medium': 'https://randomuser.me/api/portraits/med/women/65.jpg', 'thumbnail': 'https://randomuser.me/api/portraits/thumb/women/65.jpg'}, 'nat': 'AU'}</msg>
<arg>${json_data['results'][0]}</arg>
<doc>Logs the given message with the given level.</doc>
<status status="PASS" start="2024-05-26T05:13:18.515236" elapsed="0.000462"/>
</kw>
<kw name="Log" owner="BuiltIn">
<msg time="2024-05-26T05:13:18.516157" level="INFO">name</msg>
<arg>${key}</arg>
<doc>Logs the given message with the given level.</doc>
<status status="PASS" start="2024-05-26T05:13:18.516017" elapsed="0.000178"/>
</kw>
<var name="${key}">name</var>
<status status="PASS" start="2024-05-26T05:13:18.514328" elapsed="0.002086"/>
</iter>
<iter>
<kw name="Dictionary Should Contain Key" owner="Collections">
<msg time="2024-05-26T05:13:18.517082" level="INFO">False</msg>
<arg>${json_data['results'][0]}</arg>
<arg>${key}</arg>
<doc>Fails if ``key`` is not found from ``dictionary``.</doc>
<status status="PASS" start="2024-05-26T05:13:18.516700" elapsed="0.000419"/>
</kw>
<kw name="Log" owner="BuiltIn">
<msg time="2024-05-26T05:13:18.517790" level="INFO">{'gender': 'female', 'name': {'title': 'Ms', 'first': 'Patsy', 'last': 'Schmidt'}, 'location': {'street': {'number': 5481, 'name': 'Parker Rd'}, 'city': 'Toowoomba', 'state': 'Northern Territory', 'country': 'Australia', 'postcode': 7904, 'coordinates': {'latitude': '-88.1135', 'longitude': '88.8276'}, 'timezone': {'offset': '+10:00', 'description': 'Eastern Australia, Guam, Vladivostok'}}, 'email': 'patsy.schmidt@example.com', 'login': {'uuid': 'cdcf89d5-ee09-4b20-9bcd-db05a10004f6', 'username': 'ticklishswan729', 'password': 'shells', 'salt': '5bKRjceS', 'md5': '3b43ad3da4b76a780e2965895f6f19cd', 'sha1': '0a44c4e861caa14a9e5718ad05c2057cdf4a0481', 'sha256': '67d8d0d91cc9cd919c1e45228f1f9bd47574124221060fca142e991a36592ec9'}, 'dob': {'date': '1946-10-11T20:34:49.074Z', 'age': 77}, 'registered': {'date': '2008-11-28T11:28:30.047Z', 'age': 15}, 'phone': '01-0002-9455', 'cell': '0437-824-426', 'id': {'name': 'TFN', 'value': '833337394'}, 'picture': {'large': 'https://randomuser.me/api/portraits/women/65.jpg', 'medium': 'https://randomuser.me/api/portraits/med/women/65.jpg', 'thumbnail': 'https://randomuser.me/api/portraits/thumb/women/65.jpg'}, 'nat': 'AU'}</msg>
<arg>${json_data['results'][0]}</arg>
<doc>Logs the given message with the given level.</doc>
<status status="PASS" start="2024-05-26T05:13:18.517420" elapsed="0.000416"/>
</kw>
<kw name="Log" owner="BuiltIn">
<msg time="2024-05-26T05:13:18.518257" level="INFO">location</msg>
<arg>${key}</arg>
<doc>Logs the given message with the given level.</doc>
<status status="PASS" start="2024-05-26T05:13:18.518132" elapsed="0.000162"/>
</kw>
<var name="${key}">location</var>
<status status="PASS" start="2024-05-26T05:13:18.516590" elapsed="0.001917"/>
</iter>
<iter>
<kw name="Dictionary Should Contain Key" owner="Collections">
<msg time="2024-05-26T05:13:18.519283" level="INFO">False</msg>
<arg>${json_data['results'][0]}</arg>
<arg>${key}</arg>
<doc>Fails if ``key`` is not found from ``dictionary``.</doc>
<status status="PASS" start="2024-05-26T05:13:18.518788" elapsed="0.000533"/>
</kw>
<kw name="Log" owner="BuiltIn">
<msg time="2024-05-26T05:13:18.520031" level="INFO">{'gender': 'female', 'name': {'title': 'Ms', 'first': 'Patsy', 'last': 'Schmidt'}, 'location': {'street': {'number': 5481, 'name': 'Parker Rd'}, 'city': 'Toowoomba', 'state': 'Northern Territory', 'country': 'Australia', 'postcode': 7904, 'coordinates': {'latitude': '-88.1135', 'longitude': '88.8276'}, 'timezone': {'offset': '+10:00', 'description': 'Eastern Australia, Guam, Vladivostok'}}, 'email': 'patsy.schmidt@example.com', 'login': {'uuid': 'cdcf89d5-ee09-4b20-9bcd-db05a10004f6', 'username': 'ticklishswan729', 'password': 'shells', 'salt': '5bKRjceS', 'md5': '3b43ad3da4b76a780e2965895f6f19cd', 'sha1': '0a44c4e861caa14a9e5718ad05c2057cdf4a0481', 'sha256': '67d8d0d91cc9cd919c1e45228f1f9bd47574124221060fca142e991a36592ec9'}, 'dob': {'date': '1946-10-11T20:34:49.074Z', 'age': 77}, 'registered': {'date': '2008-11-28T11:28:30.047Z', 'age': 15}, 'phone': '01-0002-9455', 'cell': '0437-824-426', 'id': {'name': 'TFN', 'value': '833337394'}, 'picture': {'large': 'https://randomuser.me/api/portraits/women/65.jpg', 'medium': 'https://randomuser.me/api/portraits/med/women/65.jpg', 'thumbnail': 'https://randomuser.me/api/portraits/thumb/women/65.jpg'}, 'nat': 'AU'}</msg>
<arg>${json_data['results'][0]}</arg>
<doc>Logs the given message with the given level.</doc>
<status status="PASS" start="2024-05-26T05:13:18.519673" elapsed="0.000406"/>
</kw>
<kw name="Log" owner="BuiltIn">
<msg time="2024-05-26T05:13:18.520511" level="INFO">email</msg>
<arg>${key}</arg>
<doc>Logs the given message with the given level.</doc>
<status status="PASS" start="2024-05-26T05:13:18.520384" elapsed="0.000164"/>
</kw>
<var name="${key}">email</var>
<status status="PASS" start="2024-05-26T05:13:18.518678" elapsed="0.002095"/>
</iter>
<iter>
<kw name="Dictionary Should Contain Key" owner="Collections">
<msg time="2024-05-26T05:13:18.521447" level="INFO">False</msg>
<arg>${json_data['results'][0]}</arg>
<arg>${key}</arg>
<doc>Fails if ``key`` is not found from ``dictionary``.</doc>
<status status="PASS" start="2024-05-26T05:13:18.521077" elapsed="0.000408"/>
</kw>
<kw name="Log" owner="BuiltIn">
<msg time="2024-05-26T05:13:18.522133" level="INFO">{'gender': 'female', 'name': {'title': 'Ms', 'first': 'Patsy', 'last': 'Schmidt'}, 'location': {'street': {'number': 5481, 'name': 'Parker Rd'}, 'city': 'Toowoomba', 'state': 'Northern Territory', 'country': 'Australia', 'postcode': 7904, 'coordinates': {'latitude': '-88.1135', 'longitude': '88.8276'}, 'timezone': {'offset': '+10:00', 'description': 'Eastern Australia, Guam, Vladivostok'}}, 'email': 'patsy.schmidt@example.com', 'login': {'uuid': 'cdcf89d5-ee09-4b20-9bcd-db05a10004f6', 'username': 'ticklishswan729', 'password': 'shells', 'salt': '5bKRjceS', 'md5': '3b43ad3da4b76a780e2965895f6f19cd', 'sha1': '0a44c4e861caa14a9e5718ad05c2057cdf4a0481', 'sha256': '67d8d0d91cc9cd919c1e45228f1f9bd47574124221060fca142e991a36592ec9'}, 'dob': {'date': '1946-10-11T20:34:49.074Z', 'age': 77}, 'registered': {'date': '2008-11-28T11:28:30.047Z', 'age': 15}, 'phone': '01-0002-9455', 'cell': '0437-824-426', 'id': {'name': 'TFN', 'value': '833337394'}, 'picture': {'large': 'https://randomuser.me/api/portraits/women/65.jpg', 'medium': 'https://randomuser.me/api/portraits/med/women/65.jpg', 'thumbnail': 'https://randomuser.me/api/portraits/thumb/women/65.jpg'}, 'nat': 'AU'}</msg>
<arg>${json_data['results'][0]}</arg>
<doc>Logs the given message with the given level.</doc>
<status status="PASS" start="2024-05-26T05:13:18.521774" elapsed="0.000407"/>
</kw>
<kw name="Log" owner="BuiltIn">
<msg time="2024-05-26T05:13:18.522595" level="INFO">login</msg>
<arg>${key}</arg>
<doc>Logs the given message with the given level.</doc>
<status status="PASS" start="2024-05-26T05:13:18.522470" elapsed="0.000162"/>
</kw>
<var name="${key}">login</var>
<status status="PASS" start="2024-05-26T05:13:18.520946" elapsed="0.001925"/>
</iter>
<var>${key}</var>
<value>@{expected_keys}</value>
<status status="PASS" start="2024-05-26T05:13:18.511953" elapsed="0.011041"/>
</for>
<kw name="Create List" owner="BuiltIn">
<msg time="2024-05-26T05:13:18.523322" level="INFO">${expected_keysTwo} = ['username', 'password']</msg>
<var>${expected_keysTwo}</var>
<arg>username</arg>
<arg>password</arg>
<doc>Returns a list containing given items.</doc>
<status status="PASS" start="2024-05-26T05:13:18.523185" elapsed="0.000161"/>
</kw>
<for flavor="IN">
<iter>
<kw name="Dictionary Should Contain Key" owner="Collections">
<msg time="2024-05-26T05:13:18.524267" level="INFO">False</msg>
<arg>${json_data['results'][0]['login']}</arg>
<arg>${keyTwo}</arg>
<doc>Fails if ``key`` is not found from ``dictionary``.</doc>
<status status="PASS" start="2024-05-26T05:13:18.523891" elapsed="0.000413"/>
</kw>
<kw name="Dictionary Should Contain Key" owner="Collections">
<msg time="2024-05-26T05:13:18.524969" level="INFO">False</msg>
<arg>${json_data['results'][0]['login']}</arg>
<arg>${keyTwo}</arg>
<doc>Fails if ``key`` is not found from ``dictionary``.</doc>
<status status="PASS" start="2024-05-26T05:13:18.524598" elapsed="0.000407"/>
</kw>
<kw name="Log" owner="BuiltIn">
<msg time="2024-05-26T05:13:18.525422" level="INFO">username</msg>
<arg>${keyTwo}</arg>
<doc>Logs the given message with the given level.</doc>
<status status="PASS" start="2024-05-26T05:13:18.525296" elapsed="0.000163"/>
</kw>
<var name="${keyTwo}">username</var>
<status status="PASS" start="2024-05-26T05:13:18.523781" elapsed="0.001901"/>
</iter>
<iter>
<kw name="Dictionary Should Contain Key" owner="Collections">
<msg time="2024-05-26T05:13:18.526341" level="INFO">False</msg>
<arg>${json_data['results'][0]['login']}</arg>
<arg>${keyTwo}</arg>
<doc>Fails if ``key`` is not found from ``dictionary``.</doc>
<status status="PASS" start="2024-05-26T05:13:18.525963" elapsed="0.000415"/>
</kw>
<kw name="Dictionary Should Contain Key" owner="Collections">
<msg time="2024-05-26T05:13:18.527034" level="INFO">False</msg>
<arg>${json_data['results'][0]['login']}</arg>
<arg>${keyTwo}</arg>
<doc>Fails if ``key`` is not found from ``dictionary``.</doc>
<status status="PASS" start="2024-05-26T05:13:18.526668" elapsed="0.000402"/>
</kw>
<kw name="Log" owner="BuiltIn">
<msg time="2024-05-26T05:13:18.527494" level="INFO">password</msg>
<arg>${keyTwo}</arg>
<doc>Logs the given message with the given level.</doc>
<status status="PASS" start="2024-05-26T05:13:18.527361" elapsed="0.000216"/>
</kw>
<var name="${keyTwo}">password</var>
<status status="PASS" start="2024-05-26T05:13:18.525854" elapsed="0.001957"/>
</iter>
<var>${keyTwo}</var>
<value>@{expected_keysTwo}</value>
<status status="PASS" start="2024-05-26T05:13:18.523625" elapsed="0.004306"/>
</for>
<status status="PASS" start="2024-05-26T05:13:18.422004" elapsed="0.106064"/>
</kw>
<doc>Testa a estrutura da resposta da API.</doc>
<tag>testeEstruturaResposta</tag>
<status status="PASS" start="2024-05-26T05:13:18.421401" elapsed="0.106817"/>
</test>
<test id="s1-s1-t4" name="Validar tipos de dados" line="28">
<kw name="Teste de Tipos de Dados" owner="random-user-service">
<kw name="GET On Session" owner="RequestsLibrary">
<msg time="2024-05-26T05:13:18.607788" level="INFO">GET Request : url=https://randomuser.me/api 
 path_url=/api 
 headers={'User-Agent': 'python-requests/2.32.2', 'Accept-Encoding': 'gzip, deflate', 'Accept': '*/*', 'Connection': 'keep-alive'} 
 body=None 
 </msg>
<msg time="2024-05-26T05:13:18.607876" level="INFO">GET Response : url=https://randomuser.me/api 
 status=200, reason=OK 
 headers={'Date': 'Sun, 26 May 2024 05:13:18 GMT', 'Content-Type': 'application/json; charset=utf-8', 'Transfer-Encoding': 'chunked', 'Connection': 'keep-alive', 'X-Powered-By': 'Express', 'Access-Control-Allow-Origin': '*', 'Cache-Control': 'no-cache', 'ETag': 'W/"478-oT4MjqjAUmd/E/ftSwA40vWMUvo"', 'Vary': 'Accept-Encoding', 'Content-Encoding': 'gzip', 'CF-Cache-Status': 'DYNAMIC', 'Report-To': '{"endpoints":[{"url":"https:\\/\\/a.nel.cloudflare.com\\/report\\/v4?s=ONtOTxjNiItgBO43DTORA6R1pXEkBfGbATr1byGJM1jwuWThJUCv0J%2FdHBy4lw09BrwXx%2BsuAuAXdlShqRGmfFrWm%2B3duqGbm9%2FA%2Bg%2FYSTBeZq%2Fe1rmMgPyZdrRZACkH"}],"group":"cf-nel","max_age":604800}', 'NEL': '{"success_fraction":0,"report_to":"cf-nel","max_age":604800}', 'Server': 'cloudflare', 'CF-RAY': '889b4672d97629bb-IAD', 'alt-svc': 'h3=":443"; ma=86400'} 
 body={"results":[{"gender":"male","name":{"title":"Mr","first":"Marion","last":"Ortiz"},"location":{"street":{"number":1690,"name":"E Center St"},"city":"Providence","state":"Kentucky","country":"United States","postcode":95160,"coordinates":{"latitude":"84.1059","longitude":"-30.0130"},"timezone":{"offset":"-3:30","description":"Newfoundland"}},"email":"marion.ortiz@example.com","login":{"uuid":"aa522b5f-2fea-4d09-8490-884032a7d7de","username":"purplebird582","password":"cuan","salt":"k95P2cLt","md5":"48599b311dbb8bf2f2d2ac7543df25ca","sha1":"98f817727e94c6c3620f9501f3ef9b9aeef77166","sha256":"6eab8f92511a366496389a0cf09308fd2add7a550113f6ca4e5e80d0f675bf3c"},"dob":{"date":"1973-03-07T18:46:53.524Z","age":51},"registered":{"date":"2007-12-29T18:55:47.560Z","age":16},"phone":"(316) 584-8967","cell":"(573) 554-1993","id":{"name":"SSN","value":"513-02-7905"},"picture":{"large":"https://randomuser.me/api/portraits/men/1.jpg","medium":"https://randomuser.me/api/portraits/med/men/1.jpg","thumbnail":"https://randomuser.me/api/portraits/thumb/men/1.jpg"},"nat":"US"}],"info":{"seed":"e110d935a938a7e6","results":1,"page":1,"version":"1.4"}} 
 </msg>
<msg time="2024-05-26T05:13:18.607948" level="INFO">/opt/hostedtoolcache/Python/3.12.3/x64/lib/python3.12/site-packages/urllib3/connectionpool.py:1103: InsecureRequestWarning: Unverified HTTPS request is being made to host 'randomuser.me'. Adding certificate verification is strongly advised. See: https://urllib3.readthedocs.io/en/latest/advanced-usage.html#tls-warnings
  warnings.warn(</msg>
<msg time="2024-05-26T05:13:18.608060" level="INFO">${response} = &lt;Response [200]&gt;</msg>
<var>${response}</var>
<arg>consultarAPI</arg>
<arg>/api</arg>
<doc>Sends a GET request on a previously created HTTP Session.</doc>
<status status="PASS" start="2024-05-26T05:13:18.530737" elapsed="0.077396"/>
</kw>
<kw name="Set Variable" owner="BuiltIn">
<msg time="2024-05-26T05:13:18.609366" level="INFO">${json_data} = {'results': [{'gender': 'male', 'name': {'title': 'Mr', 'first': 'Marion', 'last': 'Ortiz'}, 'location': {'street': {'number': 1690, 'name': 'E Center St'}, 'city': 'Providence', 'state': 'Kentucky', ...</msg>
<var>${json_data}</var>
<arg>${response.json()}</arg>
<doc>Returns the given values which can then be assigned to a variables.</doc>
<status status="PASS" start="2024-05-26T05:13:18.608691" elapsed="0.000705"/>
</kw>
<kw name="Log" owner="BuiltIn">
<msg time="2024-05-26T05:13:18.609874" level="INFO">{'results': [{'gender': 'male', 'name': {'title': 'Mr', 'first': 'Marion', 'last': 'Ortiz'}, 'location': {'street': {'number': 1690, 'name': 'E Center St'}, 'city': 'Providence', 'state': 'Kentucky', 'country': 'United States', 'postcode': 95160, 'coordinates': {'latitude': '84.1059', 'longitude': '-30.0130'}, 'timezone': {'offset': '-3:30', 'description': 'Newfoundland'}}, 'email': 'marion.ortiz@example.com', 'login': {'uuid': 'aa522b5f-2fea-4d09-8490-884032a7d7de', 'username': 'purplebird582', 'password': 'cuan', 'salt': 'k95P2cLt', 'md5': '48599b311dbb8bf2f2d2ac7543df25ca', 'sha1': '98f817727e94c6c3620f9501f3ef9b9aeef77166', 'sha256': '6eab8f92511a366496389a0cf09308fd2add7a550113f6ca4e5e80d0f675bf3c'}, 'dob': {'date': '1973-03-07T18:46:53.524Z', 'age': 51}, 'registered': {'date': '2007-12-29T18:55:47.560Z', 'age': 16}, 'phone': '(316) 584-8967', 'cell': '(573) 554-1993', 'id': {'name': 'SSN', 'value': '513-02-7905'}, 'picture': {'large': 'https://randomuser.me/api/portraits/men/1.jpg', 'medium': 'https://randomuser.me/api/portraits/med/men/1.jpg', 'thumbnail': 'https://randomuser.me/api/portraits/thumb/men/1.jpg'}, 'nat': 'US'}], 'info': {'seed': 'e110d935a938a7e6', 'results': 1, 'page': 1, 'version': '1.4'}}</msg>
<arg>${json_data}</arg>
<doc>Logs the given message with the given level.</doc>
<status status="PASS" start="2024-05-26T05:13:18.609719" elapsed="0.000244"/>
</kw>
<kw name="Should Be String" owner="String">
<arg>${json_data['results'][0]['gender']}</arg>
<doc>Fails if the given ``item`` is not a string.</doc>
<status status="PASS" start="2024-05-26T05:13:18.610262" elapsed="0.000360"/>
</kw>
<kw name="Should Match Regexp" owner="BuiltIn">
<arg>${json_data['results'][0]['email']}</arg>
<arg>^[a-zA-Z0-9._%+-]+@[a-zA-Z0-9.-]+\.[a-zA-Z]{2,}$</arg>
<doc>Fails if ``string`` does not match ``pattern`` as a regular expression.</doc>
<status status="PASS" start="2024-05-26T05:13:18.610815" elapsed="0.000626"/>
</kw>
<kw name="Should Match Regexp" owner="BuiltIn">
<arg>${json_data['results'][0]['dob']['date']}</arg>
<arg>\\d{4}-\\d{2}-\\d{2}T\\d{2}:\\d{2}:\\d{2}\\.\\d{3}Z</arg>
<doc>Fails if ``string`` does not match ``pattern`` as a regular expression.</doc>
<status status="PASS" start="2024-05-26T05:13:18.611680" elapsed="0.000500"/>
</kw>
<kw name="Should Match Regexp" owner="BuiltIn">
<arg>${json_data['results'][0]['registered']['date']}</arg>
<arg>\\d{4}-\\d{2}-\\d{2}T\\d{2}:\\d{2}:\\d{2}\\.\\d{3}Z</arg>
<doc>Fails if ``string`` does not match ``pattern`` as a regular expression.</doc>
<status status="PASS" start="2024-05-26T05:13:18.612372" elapsed="0.000360"/>
</kw>
<kw name="Should Match Regexp" owner="BuiltIn">
<arg>${json_data['results'][0]['picture']['large']}</arg>
<arg>^https?://.*\.(?:png|jpe?g|gif|bmp)$</arg>
<doc>Fails if ``string`` does not match ``pattern`` as a regular expression.</doc>
<status status="PASS" start="2024-05-26T05:13:18.612919" elapsed="0.000455"/>
</kw>
<kw name="Should Match Regexp" owner="BuiltIn">
<arg>${json_data['results'][0]['picture']['medium']}</arg>
<arg>^https?://.*\.(?:png|jpe?g|gif|bmp)$</arg>
<doc>Fails if ``string`` does not match ``pattern`` as a regular expression.</doc>
<status status="PASS" start="2024-05-26T05:13:18.613563" elapsed="0.000349"/>
</kw>
<kw name="Should Match Regexp" owner="BuiltIn">
<arg>${json_data['results'][0]['picture']['thumbnail']}</arg>
<arg>^https?://.*\.(?:png|jpe?g|gif|bmp)$</arg>
<doc>Fails if ``string`` does not match ``pattern`` as a regular expression.</doc>
<status status="PASS" start="2024-05-26T05:13:18.614101" elapsed="0.000343"/>
</kw>
<kw name="Log" owner="BuiltIn">
<msg time="2024-05-26T05:13:18.614952" level="INFO">{'large': 'https://randomuser.me/api/portraits/men/1.jpg', 'medium': 'https://randomuser.me/api/portraits/med/men/1.jpg', 'thumbnail': 'https://randomuser.me/api/portraits/thumb/men/1.jpg'}</msg>
<arg>${json_data['results'][0]['picture']}</arg>
<doc>Logs the given message with the given level.</doc>
<status status="PASS" start="2024-05-26T05:13:18.614624" elapsed="0.000379"/>
</kw>
<status status="PASS" start="2024-05-26T05:13:18.530499" elapsed="0.084769"/>
</kw>
<kw name="Teste de Tipos de Dados - Postcode" owner="random-user-service">
<kw name="GET On Session" owner="RequestsLibrary">
<msg time="2024-05-26T05:13:18.717117" level="INFO">GET Request : url=https://randomuser.me/api 
 path_url=/api 
 headers={'User-Agent': 'python-requests/2.32.2', 'Accept-Encoding': 'gzip, deflate', 'Accept': '*/*', 'Connection': 'keep-alive'} 
 body=None 
 </msg>
<msg time="2024-05-26T05:13:18.717207" level="INFO">GET Response : url=https://randomuser.me/api 
 status=200, reason=OK 
 headers={'Date': 'Sun, 26 May 2024 05:13:18 GMT', 'Content-Type': 'application/json; charset=utf-8', 'Transfer-Encoding': 'chunked', 'Connection': 'keep-alive', 'X-Powered-By': 'Express', 'Access-Control-Allow-Origin': '*', 'Cache-Control': 'no-cache', 'ETag': 'W/"491-Zh7JGS4/YBlQpY10uvb6xOaOcTQ"', 'Vary': 'Accept-Encoding', 'Content-Encoding': 'gzip', 'CF-Cache-Status': 'DYNAMIC', 'Report-To': '{"endpoints":[{"url":"https:\\/\\/a.nel.cloudflare.com\\/report\\/v4?s=v%2BBQaS1s0EXpz7vxC0VyZLHuiFR1RzVfzVCQljS66%2BbFveVnCaXit1uP75GArycIQ1QdqS%2BmjLOUiNsHJbfsgCJJiuXAn17G%2FFTY7JFiwGI34vEd2by524gtu%2B2IGfDh"}],"group":"cf-nel","max_age":604800}', 'NEL': '{"success_fraction":0,"report_to":"cf-nel","max_age":604800}', 'Server': 'cloudflare', 'CF-RAY': '889b467359f129bb-IAD', 'alt-svc': 'h3=":443"; ma=86400'} 
 body={"results":[{"gender":"female","name":{"title":"Ms","first":"Lilly","last":"Hughes"},"location":{"street":{"number":753,"name":"George Street"},"city":"Lower Hutt","state":"Wellington","country":"New Zealand","postcode":43502,"coordinates":{"latitude":"51.8232","longitude":"1.5613"},"timezone":{"offset":"-6:00","description":"Central Time (US &amp; Canada), Mexico City"}},"email":"lilly.hughes@example.com","login":{"uuid":"94b3146e-52c9-4d9d-b5e8-9e993c346de2","username":"lazymouse902","password":"total","salt":"kVLYL1Cu","md5":"df10913798a815ec565765737bce478c","sha1":"63bbcd5aeec9ff63000e28d88c52ba09dc8e08c1","sha256":"08c0d6a2e8a0ab641d45c20129b23edc22e0ddeafe1826224f0a4ae37e79d10b"},"dob":{"date":"1978-12-24T08:45:49.385Z","age":45},"registered":{"date":"2014-05-23T14:04:36.754Z","age":10},"phone":"(712)-389-1376","cell":"(616)-651-4865","id":{"name":"","value":null},"picture":{"large":"https://randomuser.me/api/portraits/women/22.jpg","medium":"https://randomuser.me/api/portraits/med/women/22.jpg","thumbnail":"https://randomuser.me/api/portraits/thumb/women/22.jpg"},"nat":"NZ"}],"info":{"seed":"0b5f12e67d71a59b","results":1,"page":1,"version":"1.4"}} 
 </msg>
<msg time="2024-05-26T05:13:18.717283" level="INFO">/opt/hostedtoolcache/Python/3.12.3/x64/lib/python3.12/site-packages/urllib3/connectionpool.py:1103: InsecureRequestWarning: Unverified HTTPS request is being made to host 'randomuser.me'. Adding certificate verification is strongly advised. See: https://urllib3.readthedocs.io/en/latest/advanced-usage.html#tls-warnings
  warnings.warn(</msg>
<msg time="2024-05-26T05:13:18.717410" level="INFO">${response} = &lt;Response [200]&gt;</msg>
<var>${response}</var>
<arg>consultarAPI</arg>
<arg>/api</arg>
<doc>Sends a GET request on a previously created HTTP Session.</doc>
<status status="PASS" start="2024-05-26T05:13:18.615751" elapsed="0.101708"/>
</kw>
<kw name="Set Variable" owner="BuiltIn">
<msg time="2024-05-26T05:13:18.718401" level="INFO">${json_data} = {'results': [{'gender': 'female', 'name': {'title': 'Ms', 'first': 'Lilly', 'last': 'Hughes'}, 'location': {'street': {'number': 753, 'name': 'George Street'}, 'city': 'Lower Hutt', 'state': 'Wellingt...</msg>
<var>${json_data}</var>
<arg>${response.json()}</arg>
<doc>Returns the given values which can then be assigned to a variables.</doc>
<status status="PASS" start="2024-05-26T05:13:18.717926" elapsed="0.000503"/>
</kw>
<kw name="Log" owner="BuiltIn">
<msg time="2024-05-26T05:13:18.718909" level="INFO">{'results': [{'gender': 'female', 'name': {'title': 'Ms', 'first': 'Lilly', 'last': 'Hughes'}, 'location': {'street': {'number': 753, 'name': 'George Street'}, 'city': 'Lower Hutt', 'state': 'Wellington', 'country': 'New Zealand', 'postcode': 43502, 'coordinates': {'latitude': '51.8232', 'longitude': '1.5613'}, 'timezone': {'offset': '-6:00', 'description': 'Central Time (US &amp; Canada), Mexico City'}}, 'email': 'lilly.hughes@example.com', 'login': {'uuid': '94b3146e-52c9-4d9d-b5e8-9e993c346de2', 'username': 'lazymouse902', 'password': 'total', 'salt': 'kVLYL1Cu', 'md5': 'df10913798a815ec565765737bce478c', 'sha1': '63bbcd5aeec9ff63000e28d88c52ba09dc8e08c1', 'sha256': '08c0d6a2e8a0ab641d45c20129b23edc22e0ddeafe1826224f0a4ae37e79d10b'}, 'dob': {'date': '1978-12-24T08:45:49.385Z', 'age': 45}, 'registered': {'date': '2014-05-23T14:04:36.754Z', 'age': 10}, 'phone': '(712)-389-1376', 'cell': '(616)-651-4865', 'id': {'name': '', 'value': None}, 'picture': {'large': 'https://randomuser.me/api/portraits/women/22.jpg', 'medium': 'https://randomuser.me/api/portraits/med/women/22.jpg', 'thumbnail': 'https://randomuser.me/api/portraits/thumb/women/22.jpg'}, 'nat': 'NZ'}], 'info': {'seed': '0b5f12e67d71a59b', 'results': 1, 'page': 1, 'version': '1.4'}}</msg>
<arg>${json_data}</arg>
<doc>Logs the given message with the given level.</doc>
<status status="PASS" start="2024-05-26T05:13:18.718750" elapsed="0.000252"/>
</kw>
<kw name="Should Be Equal As Numbers" owner="BuiltIn">
<arg>${json_data['results'][0]['location']['postcode']}</arg>
<arg>${json_data['results'][0]['location']['postcode']}</arg>
<doc>Fails if objects are unequal after converting them to real numbers.</doc>
<status status="PASS" start="2024-05-26T05:13:18.719323" elapsed="0.000660"/>
</kw>
<kw name="Log" owner="BuiltIn">
<msg time="2024-05-26T05:13:18.720518" level="INFO">43502</msg>
<arg>${json_data['results'][0]['location']['postcode']}</arg>
<doc>Logs the given message with the given level.</doc>
<status status="PASS" start="2024-05-26T05:13:18.720184" elapsed="0.000374"/>
</kw>
<status status="PASS" start="2024-05-26T05:13:18.615479" elapsed="0.105335"/>
</kw>
<doc>Testa se os tipos de dados na resposta da API estão corretos.</doc>
<tag>testeTiposDados</tag>
<status status="PASS" start="2024-05-26T05:13:18.529942" elapsed="0.191038"/>
</test>
<test id="s1-s1-t5" name="Validar conteudo" line="35">
<kw name="Teste de Tipos de Conteudo" owner="random-user-service">
<kw name="GET On Session" owner="RequestsLibrary">
<msg time="2024-05-26T05:13:18.809185" level="INFO">GET Request : url=https://randomuser.me/api 
 path_url=/api 
 headers={'User-Agent': 'python-requests/2.32.2', 'Accept-Encoding': 'gzip, deflate', 'Accept': '*/*', 'Connection': 'keep-alive'} 
 body=None 
 </msg>
<msg time="2024-05-26T05:13:18.809255" level="INFO">GET Response : url=https://randomuser.me/api 
 status=200, reason=OK 
 headers={'Date': 'Sun, 26 May 2024 05:13:18 GMT', 'Content-Type': 'application/json; charset=utf-8', 'Transfer-Encoding': 'chunked', 'Connection': 'keep-alive', 'X-Powered-By': 'Express', 'Access-Control-Allow-Origin': '*', 'Cache-Control': 'no-cache', 'ETag': 'W/"474-c+oTb7K9S6bZRPck+JHhWz99Jbo"', 'Vary': 'Accept-Encoding', 'Content-Encoding': 'gzip', 'CF-Cache-Status': 'DYNAMIC', 'Report-To': '{"endpoints":[{"url":"https:\\/\\/a.nel.cloudflare.com\\/report\\/v4?s=5NVVldEaEC%2FbqqLEXAFQra6Q8vdi6O8S4FY3Uxs%2BcGFU%2BVSaqpDuotM%2FdeyvLlfFlvNW0Z65JWs1ySfnGQqqQQuDD6UnQrsi6T02TsO9G1KLo%2F2v%2FF7AJCtWeBwvzYBe"}],"group":"cf-nel","max_age":604800}', 'NEL': '{"success_fraction":0,"report_to":"cf-nel","max_age":604800}', 'Server': 'cloudflare', 'CF-RAY': '889b46740a7829bb-IAD', 'alt-svc': 'h3=":443"; ma=86400'} 
 body={"results":[{"gender":"male","name":{"title":"Mr","first":"Jack","last":"Cooper"},"location":{"street":{"number":3795,"name":"Willis Street"},"city":"Blenheim","state":"Tasman","country":"New Zealand","postcode":25451,"coordinates":{"latitude":"48.5586","longitude":"-37.9210"},"timezone":{"offset":"-11:00","description":"Midway Island, Samoa"}},"email":"jack.cooper@example.com","login":{"uuid":"7106f0c2-18af-4646-9f73-919852ab18c6","username":"heavyduck624","password":"vvvvvvvv","salt":"gGN8zsBg","md5":"9183e7e8378b7faf7c14d0b6ed9cd0b2","sha1":"706cab1248f891d1fed00b51a3c3d6e6a315efe4","sha256":"56b938657d60484faf060e31e352b0407bbf4a5dfeedfa072c66507ed6d68a9b"},"dob":{"date":"1950-01-15T00:23:27.064Z","age":74},"registered":{"date":"2014-07-08T12:38:38.066Z","age":9},"phone":"(316)-715-7477","cell":"(803)-311-9339","id":{"name":"","value":null},"picture":{"large":"https://randomuser.me/api/portraits/men/52.jpg","medium":"https://randomuser.me/api/portraits/med/men/52.jpg","thumbnail":"https://randomuser.me/api/portraits/thumb/men/52.jpg"},"nat":"NZ"}],"info":{"seed":"5feb6785072a8214","results":1,"page":1,"version":"1.4"}} 
 </msg>
<msg time="2024-05-26T05:13:18.809317" level="INFO">/opt/hostedtoolcache/Python/3.12.3/x64/lib/python3.12/site-packages/urllib3/connectionpool.py:1103: InsecureRequestWarning: Unverified HTTPS request is being made to host 'randomuser.me'. Adding certificate verification is strongly advised. See: https://urllib3.readthedocs.io/en/latest/advanced-usage.html#tls-warnings
  warnings.warn(</msg>
<msg time="2024-05-26T05:13:18.809407" level="INFO">${response} = &lt;Response [200]&gt;</msg>
<var>${response}</var>
<arg>consultarAPI</arg>
<arg>/api</arg>
<doc>Sends a GET request on a previously created HTTP Session.</doc>
<status status="PASS" start="2024-05-26T05:13:18.723498" elapsed="0.085952"/>
</kw>
<kw name="Set Variable" owner="BuiltIn">
<msg time="2024-05-26T05:13:18.810269" level="INFO">${json_data} = {'results': [{'gender': 'male', 'name': {'title': 'Mr', 'first': 'Jack', 'last': 'Cooper'}, 'location': {'street': {'number': 3795, 'name': 'Willis Street'}, 'city': 'Blenheim', 'state': 'Tasman', 'co...</msg>
<var>${json_data}</var>
<arg>${response.json()}</arg>
<doc>Returns the given values which can then be assigned to a variables.</doc>
<status status="PASS" start="2024-05-26T05:13:18.809820" elapsed="0.000478"/>
</kw>
<kw name="Set Variable" owner="BuiltIn">
<msg time="2024-05-26T05:13:18.810984" level="INFO">${name_title} = Mr</msg>
<var>${name_title}</var>
<arg>${json_data["results"][0]["name"]["title"]}</arg>
<doc>Returns the given values which can then be assigned to a variables.</doc>
<status status="PASS" start="2024-05-26T05:13:18.810603" elapsed="0.000406"/>
</kw>
<kw name="Create List" owner="BuiltIn">
<msg time="2024-05-26T05:13:18.811449" level="INFO">${allowed_titles} = ['Mr', 'Ms', 'Miss', 'Mrs', 'Madame', 'Monsieur']</msg>
<var>${allowed_titles}</var>
<arg>Mr</arg>
<arg>Ms</arg>
<arg>Miss</arg>
<arg>Mrs</arg>
<arg>Madame</arg>
<arg>Monsieur</arg>
<doc>Returns a list containing given items.</doc>
<status status="PASS" start="2024-05-26T05:13:18.811302" elapsed="0.000170"/>
</kw>
<kw name="List Should Contain Value" owner="Collections">
<msg time="2024-05-26T05:13:18.812007" level="INFO">False</msg>
<arg>${allowed_titles}</arg>
<arg>${name_title}</arg>
<doc>Fails if the ``value`` is not found from ``list``.</doc>
<status status="PASS" start="2024-05-26T05:13:18.811828" elapsed="0.000217"/>
</kw>
<kw name="Set Variable" owner="BuiltIn">
<msg time="2024-05-26T05:13:18.812900" level="INFO">${name_country} = NZ</msg>
<var>${name_country}</var>
<arg>${json_data["results"][0]["nat"]}</arg>
<doc>Returns the given values which can then be assigned to a variables.</doc>
<status status="PASS" start="2024-05-26T05:13:18.812351" elapsed="0.000575"/>
</kw>
<kw name="Create List" owner="BuiltIn">
<msg time="2024-05-26T05:13:18.813823" level="INFO">${list_country} = ['AD', 'AE', 'AF', 'AG', 'AI', 'AL', 'AM', 'AO', 'AQ', 'AR', 'AS', 'AT', 'AU', 'AW', 'AX', 'AZ', 'BA', 'BB', 'BD', 'BE', 'BF', 'BG', 'BH', 'BI', 'BJ', 'BL', 'BM', 'BN', 'BO', 'BQ', 'BR', 'BS', 'BT', '...</msg>
<var>${list_country}</var>
<arg>AD</arg>
<arg>AE</arg>
<arg>AF</arg>
<arg>AG</arg>
<arg>AI</arg>
<arg>AL</arg>
<arg>AM</arg>
<arg>AO</arg>
<arg>AQ</arg>
<arg>AR</arg>
<arg>AS</arg>
<arg>AT</arg>
<arg>AU</arg>
<arg>AW</arg>
<arg>AX</arg>
<arg>AZ</arg>
<arg>BA</arg>
<arg>BB</arg>
<arg>BD</arg>
<arg>BE</arg>
<arg>BF</arg>
<arg>BG</arg>
<arg>BH</arg>
<arg>BI</arg>
<arg>BJ</arg>
<arg>BL</arg>
<arg>BM</arg>
<arg>BN</arg>
<arg>BO</arg>
<arg>BQ</arg>
<arg>BR</arg>
<arg>BS</arg>
<arg>BT</arg>
<arg>BV</arg>
<arg>BW</arg>
<arg>BY</arg>
<arg>BZ</arg>
<arg>CA</arg>
<arg>CC</arg>
<arg>CD</arg>
<arg>CF</arg>
<arg>CG</arg>
<arg>CH</arg>
<arg>CI</arg>
<arg>CK</arg>
<arg>CL</arg>
<arg>CM</arg>
<arg>CN</arg>
<arg>CO</arg>
<arg>CR</arg>
<arg>CU</arg>
<arg>CV</arg>
<arg>CW</arg>
<arg>CX</arg>
<arg>CY</arg>
<arg>CZ</arg>
<arg>DE</arg>
<arg>DJ</arg>
<arg>DK</arg>
<arg>DM</arg>
<arg>DO</arg>
<arg>DZ</arg>
<arg>EC</arg>
<arg>EE</arg>
<arg>EG</arg>
<arg>EH</arg>
<arg>ER</arg>
<arg>ES</arg>
<arg>ET</arg>
<arg>FI</arg>
<arg>FJ</arg>
<arg>FK</arg>
<arg>FM</arg>
<arg>FO</arg>
<arg>FR</arg>
<arg>GA</arg>
<arg>GB</arg>
<arg>GD</arg>
<arg>GE</arg>
<arg>GF</arg>
<arg>GG</arg>
<arg>GH</arg>
<arg>GI</arg>
<arg>GL</arg>
<arg>GM</arg>
<arg>GN</arg>
<arg>GP</arg>
<arg>GQ</arg>
<arg>GR</arg>
<arg>GS</arg>
<arg>GT</arg>
<arg>GU</arg>
<arg>GW</arg>
<arg>GY</arg>
<arg>HK</arg>
<arg>HM</arg>
<arg>HN</arg>
<arg>HR</arg>
<arg>HT</arg>
<arg>HU</arg>
<arg>ID</arg>
<arg>IE</arg>
<arg>IL</arg>
<arg>IM</arg>
<arg>IN</arg>
<arg>IO</arg>
<arg>IQ</arg>
<arg>IR</arg>
<arg>IS</arg>
<arg>IT</arg>
<arg>JE</arg>
<arg>JM</arg>
<arg>JO</arg>
<arg>JP</arg>
<arg>KE</arg>
<arg>KG</arg>
<arg>KH</arg>
<arg>KI</arg>
<arg>KM</arg>
<arg>KN</arg>
<arg>KP</arg>
<arg>KR</arg>
<arg>KW</arg>
<arg>KY</arg>
<arg>KZ</arg>
<arg>LA</arg>
<arg>LB</arg>
<arg>LC</arg>
<arg>LI</arg>
<arg>LK</arg>
<arg>LR</arg>
<arg>LS</arg>
<arg>LT</arg>
<arg>LU</arg>
<arg>LV</arg>
<arg>LY</arg>
<arg>MA</arg>
<arg>MC</arg>
<arg>MD</arg>
<arg>ME</arg>
<arg>MF</arg>
<arg>MG</arg>
<arg>MH</arg>
<arg>MK</arg>
<arg>ML</arg>
<arg>MM</arg>
<arg>MN</arg>
<arg>MO</arg>
<arg>MP</arg>
<arg>MQ</arg>
<arg>MR</arg>
<arg>MS</arg>
<arg>MT</arg>
<arg>MU</arg>
<arg>MV</arg>
<arg>MW</arg>
<arg>MX</arg>
<arg>MY</arg>
<arg>MZ</arg>
<arg>NA</arg>
<arg>NC</arg>
<arg>NE</arg>
<arg>NF</arg>
<arg>NG</arg>
<arg>NI</arg>
<arg>NL</arg>
<arg>NO</arg>
<arg>NP</arg>
<arg>NR</arg>
<arg>NU</arg>
<arg>NZ</arg>
<arg>OM</arg>
<arg>PA</arg>
<arg>PE</arg>
<arg>PF</arg>
<arg>PG</arg>
<arg>PH</arg>
<arg>PK</arg>
<arg>PL</arg>
<arg>PM</arg>
<arg>PN</arg>
<arg>PR</arg>
<arg>PS</arg>
<arg>PT</arg>
<arg>PW</arg>
<arg>PY</arg>
<arg>QA</arg>
<arg>RE</arg>
<arg>RO</arg>
<arg>RS</arg>
<arg>RU</arg>
<arg>RW</arg>
<arg>SA</arg>
<arg>SB</arg>
<arg>SC</arg>
<arg>SD</arg>
<arg>SE</arg>
<arg>SG</arg>
<arg>SH</arg>
<arg>SI</arg>
<arg>SJ</arg>
<arg>SK</arg>
<arg>SL</arg>
<arg>SM</arg>
<arg>SN</arg>
<arg>SO</arg>
<arg>SR</arg>
<arg>SS</arg>
<arg>ST</arg>
<arg>SV</arg>
<arg>SX</arg>
<arg>SY</arg>
<arg>SZ</arg>
<arg>TC</arg>
<arg>TD</arg>
<arg>TF</arg>
<arg>TG</arg>
<arg>TH</arg>
<arg>TJ</arg>
<arg>TK</arg>
<arg>TL</arg>
<arg>TM</arg>
<arg>TN</arg>
<arg>TO</arg>
<arg>TR</arg>
<arg>TT</arg>
<arg>TV</arg>
<arg>TW</arg>
<arg>TZ</arg>
<arg>UA</arg>
<arg>UG</arg>
<arg>UM</arg>
<arg>US</arg>
<arg>UY</arg>
<arg>UZ</arg>
<arg>VA</arg>
<arg>VC</arg>
<arg>VE</arg>
<arg>VG</arg>
<arg>VI</arg>
<arg>VN</arg>
<arg>VU</arg>
<arg>WF</arg>
<arg>WS</arg>
<arg>XK</arg>
<arg>YE</arg>
<arg>YT</arg>
<arg>ZA</arg>
<arg>ZM</arg>
<arg>ZW</arg>
<doc>Returns a list containing given items.</doc>
<status status="PASS" start="2024-05-26T05:13:18.813231" elapsed="0.000617"/>
</kw>
<kw name="List Should Contain Value" owner="Collections">
<msg time="2024-05-26T05:13:18.814825" level="INFO">False</msg>
<arg>${list_country}</arg>
<arg>${name_country}</arg>
<doc>Fails if the ``value`` is not found from ``list``.</doc>
<status status="PASS" start="2024-05-26T05:13:18.814624" elapsed="0.000236"/>
</kw>
<kw name="Run Keyword If" owner="BuiltIn">
<kw name="Should Be True" owner="BuiltIn">
<arg>${True}</arg>
<doc>Fails if the given condition is not true.</doc>
<status status="PASS" start="2024-05-26T05:13:18.815948" elapsed="0.000144"/>
</kw>
<arg>${json_data["results"][0]["location"]["coordinates"]["latitude"]} &gt;= -90 and ${json_data["results"][0]["location"]["coordinates"]["latitude"]} &lt;= 90</arg>
<arg>Should Be True</arg>
<arg>${True}</arg>
<doc>Runs the given keyword with the given arguments, if ``condition`` is true.</doc>
<status status="PASS" start="2024-05-26T05:13:18.815174" elapsed="0.001043"/>
</kw>
<kw name="Run Keyword If" owner="BuiltIn">
<kw name="Should Be True" owner="BuiltIn">
<arg>${True}</arg>
<doc>Fails if the given condition is not true.</doc>
<status status="PASS" start="2024-05-26T05:13:18.817084" elapsed="0.000135"/>
</kw>
<arg>${json_data["results"][0]["location"]["coordinates"]["longitude"]} &gt;= -180 and ${json_data["results"][0]["location"]["coordinates"]["longitude"]} &lt;= 180</arg>
<arg>Should Be True</arg>
<arg>${True}</arg>
<doc>Runs the given keyword with the given arguments, if ``condition`` is true.</doc>
<status status="PASS" start="2024-05-26T05:13:18.816401" elapsed="0.000940"/>
</kw>
<status status="PASS" start="2024-05-26T05:13:18.723270" elapsed="0.094198"/>
</kw>
<doc>Testa o conteúdo específico dos campos retornados pela API.</doc>
<tag>testeConteudo</tag>
<status status="PASS" start="2024-05-26T05:13:18.722740" elapsed="0.094871"/>
</test>
<status status="PASS" start="2024-05-26T05:13:17.849296" elapsed="0.970277"/>
</suite>
<status status="PASS" start="2024-05-26T05:13:17.835894" elapsed="0.988839"/>
</suite>
<statistics>
<total>
<stat pass="5" fail="0" skip="0">All Tests</stat>
</total>
<tag>
<stat pass="1" fail="0" skip="0">testeConteudo</stat>
<stat pass="1" fail="0" skip="0">testeEstruturaResposta</stat>
<stat pass="1" fail="0" skip="0">testeRequisicaoBasica</stat>
<stat pass="1" fail="0" skip="0">testeTiposDados</stat>
</tag>
<suite>
<stat pass="5" fail="0" skip="0" id="s1" name="Tests">Tests</stat>
<stat pass="5" fail="0" skip="0" id="s1-s1" name="Random-User-Test">Tests.Random-User-Test</stat>
</suite>
</statistics>
<errors>
</errors>
</robot>
