<?xml version="1.0" encoding="UTF-8"?>
<robot generator="Robot 7.0 (Python 3.12.2 on linux)" generated="2024-03-29T04:16:55.698997" rpa="false" schemaversion="5">
<suite id="s1" name="Tests" source="/home/runner/work/DesafioQAItauRogerioJordao/DesafioQAItauRogerioJordao/RamdonUser/tests">
<suite id="s1-s1" name="Random-User-Test" source="/home/runner/work/DesafioQAItauRogerioJordao/DesafioQAItauRogerioJordao/RamdonUser/tests/random-user-test.robot">
<test id="s1-s1-t1" name="Conectar" line="13">
<kw name="Conectar API" owner="random-user-service">
<kw name="Create Session" owner="RequestsLibrary">
<msg time="2024-03-29T04:16:56.061954" level="INFO">Creating Session using : alias=consultarAPI, url=https://randomuser.me/, headers={},                     cookies={}, auth=None, timeout=None, proxies=None, verify=False,                     debug=0 </msg>
<arg>consultarAPI</arg>
<arg>${URL}</arg>
<doc>Create Session: create a HTTP session to a server</doc>
<status status="PASS" start="2024-03-29T04:16:56.061734" elapsed="0.000424"/>
</kw>
<status status="PASS" start="2024-03-29T04:16:56.060609" elapsed="0.001945"/>
</kw>
<status status="PASS" start="2024-03-29T04:16:56.059979" elapsed="0.002783"/>
</test>
<test id="s1-s1-t2" name="Validar retorno 200 e JSON Válido" line="16">
<kw name="Teste de Requisicao Basica" owner="random-user-service">
<kw name="GET On Session" owner="RequestsLibrary">
<msg time="2024-03-29T04:16:56.145861" level="INFO">GET Request : url=https://randomuser.me/api 
 path_url=/api 
 headers={'User-Agent': 'python-requests/2.31.0', 'Accept-Encoding': 'gzip, deflate', 'Accept': '*/*', 'Connection': 'keep-alive'} 
 body=None 
 </msg>
<msg time="2024-03-29T04:16:56.146021" level="INFO">GET Response : url=https://randomuser.me/api 
 status=200, reason=OK 
 headers={'Date': 'Fri, 29 Mar 2024 04:16:56 GMT', 'Content-Type': 'application/json; charset=utf-8', 'Transfer-Encoding': 'chunked', 'Connection': 'keep-alive', 'X-Powered-By': 'Express', 'Access-Control-Allow-Origin': '*', 'Cache-Control': 'no-cache', 'ETag': 'W/"484-He+QOo0C/AzWVO+UOtb3oWc4LjQ"', 'Vary': 'Accept-Encoding', 'Content-Encoding': 'gzip', 'CF-Cache-Status': 'DYNAMIC', 'Report-To': '{"endpoints":[{"url":"https:\\/\\/a.nel.cloudflare.com\\/report\\/v4?s=182Id%2BLy2dyZU%2Buv%2FTUoYAFdIRTOhLxEtkS2WkERdY0bceR%2Br%2BkW%2FATZ7npUSCJLQdW2iN2%2FbgcesYAtdpSSsVsviPY217P%2BzLYMQYD1Ry%2Bh7xrmb2x%2FR%2BsHQOnrYBOh"}],"group":"cf-nel","max_age":604800}', 'NEL': '{"success_fraction":0,"report_to":"cf-nel","max_age":604800}', 'Server': 'cloudflare', 'CF-RAY': '86bd0c1e7a2a823c-IAD', 'alt-svc': 'h3=":443"; ma=86400'} 
 body={"results":[{"gender":"female","name":{"title":"Ms","first":"Ronja","last":"Salminen"},"location":{"street":{"number":182,"name":"Rotuaari"},"city":"Vaasa","state":"Central Ostrobothnia","country":"Finland","postcode":36906,"coordinates":{"latitude":"-29.5131","longitude":"25.8175"},"timezone":{"offset":"+5:45","description":"Kathmandu"}},"email":"ronja.salminen@example.com","login":{"uuid":"ddcb0be1-4065-4a88-84ee-833acb805ec9","username":"whitelion279","password":"tigers1","salt":"aytOIIas","md5":"5e3abca3ef8f422653e52deb54faef12","sha1":"f446c723055c8ed856b4c44be3ff300f8dc57a75","sha256":"780ff3ea1fc122aff94cb801beab3ef2f6dfda9caa9712c59c78680f79f0012f"},"dob":{"date":"1955-05-19T19:38:33.372Z","age":68},"registered":{"date":"2015-12-15T10:58:01.085Z","age":8},"phone":"07-503-985","cell":"041-421-75-63","id":{"name":"HETU","value":"NaNNA414undefined"},"picture":{"large":"https://randomuser.me/api/portraits/women/72.jpg","medium":"https://randomuser.me/api/portraits/med/women/72.jpg","thumbnail":"https://randomuser.me/api/portraits/thumb/women/72.jpg"},"nat":"FI"}],"info":{"seed":"4a244f59865cba36","results":1,"page":1,"version":"1.4"}} 
 </msg>
<msg time="2024-03-29T04:16:56.146133" level="INFO">/opt/hostedtoolcache/Python/3.12.2/x64/lib/python3.12/site-packages/urllib3/connectionpool.py:1103: InsecureRequestWarning: Unverified HTTPS request is being made to host 'randomuser.me'. Adding certificate verification is strongly advised. See: https://urllib3.readthedocs.io/en/latest/advanced-usage.html#tls-warnings
  warnings.warn(</msg>
<msg time="2024-03-29T04:16:56.146299" level="INFO">${response} = &lt;Response [200]&gt;</msg>
<var>${response}</var>
<arg>consultarAPI</arg>
<arg>/api</arg>
<doc>Sends a GET request on a previously created HTTP Session.</doc>
<status status="PASS" start="2024-03-29T04:16:56.065428" elapsed="0.080915"/>
</kw>
<kw name="Should Be Equal As Numbers" owner="BuiltIn">
<msg time="2024-03-29T04:16:56.147669" level="INFO">Argument types are:
&lt;class 'int'&gt;
&lt;class 'str'&gt;</msg>
<arg>${response.status_code}</arg>
<arg>200</arg>
<doc>Fails if objects are unequal after converting them to real numbers.</doc>
<status status="PASS" start="2024-03-29T04:16:56.146987" elapsed="0.000783"/>
</kw>
<kw name="Log" owner="BuiltIn">
<msg time="2024-03-29T04:16:56.148529" level="INFO">200</msg>
<arg>${response.status_code}</arg>
<doc>Logs the given message with the given level.</doc>
<status status="PASS" start="2024-03-29T04:16:56.148124" elapsed="0.000448"/>
</kw>
<kw name="Set Variable" owner="BuiltIn">
<msg time="2024-03-29T04:16:56.149328" level="INFO">${json_data} = {'results': [{'gender': 'female', 'name': {'title': 'Ms', 'first': 'Ronja', 'last': 'Salminen'}, 'location': {'street': {'number': 182, 'name': 'Rotuaari'}, 'city': 'Vaasa', 'state': 'Central Ostrobot...</msg>
<var>${json_data}</var>
<arg>${response.json()}</arg>
<doc>Returns the given values which can then be assigned to a variables.</doc>
<status status="PASS" start="2024-03-29T04:16:56.148886" elapsed="0.000470"/>
</kw>
<kw name="Dictionary Should Contain Key" owner="Collections">
<msg time="2024-03-29T04:16:56.149832" level="INFO">False</msg>
<arg>${json_data}</arg>
<arg>results</arg>
<doc>Fails if ``key`` is not found from ``dictionary``.</doc>
<status status="PASS" start="2024-03-29T04:16:56.149659" elapsed="0.000212"/>
</kw>
<status status="PASS" start="2024-03-29T04:16:56.065160" elapsed="0.084971"/>
</kw>
<doc>Testa se a API responde corretamente e retorna um objeto JSON válido.</doc>
<tag>testeRequisicaoBasica</tag>
<status status="PASS" start="2024-03-29T04:16:56.064653" elapsed="0.085671"/>
</test>
<test id="s1-s1-t3" name="Validar estrutura de resposta" line="22">
<kw name="Teste de Estrutura de Resposta" owner="random-user-service">
<kw name="GET On Session" owner="RequestsLibrary">
<msg time="2024-03-29T04:16:56.238392" level="INFO">GET Request : url=https://randomuser.me/api 
 path_url=/api 
 headers={'User-Agent': 'python-requests/2.31.0', 'Accept-Encoding': 'gzip, deflate', 'Accept': '*/*', 'Connection': 'keep-alive'} 
 body=None 
 </msg>
<msg time="2024-03-29T04:16:56.238512" level="INFO">GET Response : url=https://randomuser.me/api 
 status=200, reason=OK 
 headers={'Date': 'Fri, 29 Mar 2024 04:16:56 GMT', 'Content-Type': 'application/json; charset=utf-8', 'Transfer-Encoding': 'chunked', 'Connection': 'keep-alive', 'X-Powered-By': 'Express', 'Access-Control-Allow-Origin': '*', 'Cache-Control': 'no-cache', 'ETag': 'W/"482-o7J/BGRUtjYY9cC6IS26d0LiSWc"', 'Vary': 'Accept-Encoding', 'Content-Encoding': 'gzip', 'CF-Cache-Status': 'DYNAMIC', 'Report-To': '{"endpoints":[{"url":"https:\\/\\/a.nel.cloudflare.com\\/report\\/v4?s=RV4fs7mEkCkE25Mn%2F5psUasMxwu3kt70EecZnxDXUtShdC9%2FiQpdql8LEZsqN2j4MOioDs0jS2i1TP%2Bc74V7H2kJFBNpm3nqx7VofmukM0UvCR9z%2FW6SaSW8TP8eIhcW"}],"group":"cf-nel","max_age":604800}', 'NEL': '{"success_fraction":0,"report_to":"cf-nel","max_age":604800}', 'Server': 'cloudflare', 'CF-RAY': '86bd0c1eea7f823c-IAD', 'alt-svc': 'h3=":443"; ma=86400'} 
 body={"results":[{"gender":"female","name":{"title":"Mrs","first":"Olga","last":"Subašić"},"location":{"street":{"number":2462,"name":"Sofije Jovanović"},"city":"Bački Petrovac","state":"Pčinja","country":"Serbia","postcode":31215,"coordinates":{"latitude":"56.4690","longitude":"90.7769"},"timezone":{"offset":"+5:45","description":"Kathmandu"}},"email":"olga.subasic@example.com","login":{"uuid":"ac9b3c1a-36c6-4ead-9145-83cf91b18074","username":"goldenleopard274","password":"diane","salt":"xUA6OZJh","md5":"b758df647b0a0e55d054129a522650bd","sha1":"bee390bf070b84ac245290caf9161438f364820b","sha256":"5e1ce984e448bbe41c29ecf48169377a938991a445a1799b23db441eef2d9c49"},"dob":{"date":"1990-05-13T10:39:12.455Z","age":33},"registered":{"date":"2021-09-16T18:31:16.377Z","age":2},"phone":"017-0504-290","cell":"060-3831-564","id":{"name":"SID","value":"979575581"},"picture":{"large":"https://randomuser.me/api/portraits/women/55.jpg","medium":"https://randomuser.me/api/portraits/med/women/55.jpg","thumbnail":"https://randomuser.me/api/portraits/thumb/women/55.jpg"},"nat":"RS"}],"info":{"seed":"cc6e904cb2a7042d","results":1,"page":1,"version":"1.4"}} 
 </msg>
<msg time="2024-03-29T04:16:56.238686" level="INFO">/opt/hostedtoolcache/Python/3.12.2/x64/lib/python3.12/site-packages/urllib3/connectionpool.py:1103: InsecureRequestWarning: Unverified HTTPS request is being made to host 'randomuser.me'. Adding certificate verification is strongly advised. See: https://urllib3.readthedocs.io/en/latest/advanced-usage.html#tls-warnings
  warnings.warn(</msg>
<msg time="2024-03-29T04:16:56.238856" level="INFO">${response} = &lt;Response [200]&gt;</msg>
<var>${response}</var>
<arg>consultarAPI</arg>
<arg>/api</arg>
<doc>Sends a GET request on a previously created HTTP Session.</doc>
<status status="PASS" start="2024-03-29T04:16:56.153148" elapsed="0.085749"/>
</kw>
<kw name="Set Variable" owner="BuiltIn">
<msg time="2024-03-29T04:16:56.239956" level="INFO">${json_data} = {'results': [{'gender': 'female', 'name': {'title': 'Mrs', 'first': 'Olga', 'last': 'Subašić'}, 'location': {'street': {'number': 2462, 'name': 'Sofije Jovanović'}, 'city': 'Bački Petrovac', 'state': ...</msg>
<var>${json_data}</var>
<arg>${response.json()}</arg>
<doc>Returns the given values which can then be assigned to a variables.</doc>
<status status="PASS" start="2024-03-29T04:16:56.239416" elapsed="0.000571"/>
</kw>
<kw name="Log" owner="BuiltIn">
<msg time="2024-03-29T04:16:56.240509" level="INFO">{'results': [{'gender': 'female', 'name': {'title': 'Mrs', 'first': 'Olga', 'last': 'Subašić'}, 'location': {'street': {'number': 2462, 'name': 'Sofije Jovanović'}, 'city': 'Bački Petrovac', 'state': 'Pčinja', 'country': 'Serbia', 'postcode': 31215, 'coordinates': {'latitude': '56.4690', 'longitude': '90.7769'}, 'timezone': {'offset': '+5:45', 'description': 'Kathmandu'}}, 'email': 'olga.subasic@example.com', 'login': {'uuid': 'ac9b3c1a-36c6-4ead-9145-83cf91b18074', 'username': 'goldenleopard274', 'password': 'diane', 'salt': 'xUA6OZJh', 'md5': 'b758df647b0a0e55d054129a522650bd', 'sha1': 'bee390bf070b84ac245290caf9161438f364820b', 'sha256': '5e1ce984e448bbe41c29ecf48169377a938991a445a1799b23db441eef2d9c49'}, 'dob': {'date': '1990-05-13T10:39:12.455Z', 'age': 33}, 'registered': {'date': '2021-09-16T18:31:16.377Z', 'age': 2}, 'phone': '017-0504-290', 'cell': '060-3831-564', 'id': {'name': 'SID', 'value': '979575581'}, 'picture': {'large': 'https://randomuser.me/api/portraits/women/55.jpg', 'medium': 'https://randomuser.me/api/portraits/med/women/55.jpg', 'thumbnail': 'https://randomuser.me/api/portraits/thumb/women/55.jpg'}, 'nat': 'RS'}], 'info': {'seed': 'cc6e904cb2a7042d', 'results': 1, 'page': 1, 'version': '1.4'}}</msg>
<arg>${json_data}</arg>
<doc>Logs the given message with the given level.</doc>
<status status="PASS" start="2024-03-29T04:16:56.240298" elapsed="0.000263"/>
</kw>
<kw name="Dictionary Should Contain Key" owner="Collections">
<msg time="2024-03-29T04:16:56.241028" level="INFO">False</msg>
<arg>${json_data}</arg>
<arg>results</arg>
<doc>Fails if ``key`` is not found from ``dictionary``.</doc>
<status status="PASS" start="2024-03-29T04:16:56.240867" elapsed="0.000198"/>
</kw>
<kw name="Should Not Be Empty" owner="BuiltIn">
<msg time="2024-03-29T04:16:56.241494" level="INFO">Length is 2.</msg>
<arg>${json_data}</arg>
<doc>Verifies that the given item is not empty.</doc>
<status status="PASS" start="2024-03-29T04:16:56.241360" elapsed="0.000173"/>
</kw>
<kw name="Create List" owner="BuiltIn">
<msg time="2024-03-29T04:16:56.241976" level="INFO">${expected_keys} = ['gender', 'name', 'location', 'email', 'login']</msg>
<var>${expected_keys}</var>
<arg>gender</arg>
<arg>name</arg>
<arg>location</arg>
<arg>email</arg>
<arg>login</arg>
<doc>Returns a list containing given items.</doc>
<status status="PASS" start="2024-03-29T04:16:56.241828" elapsed="0.000173"/>
</kw>
<for flavor="IN">
<iter>
<kw name="Dictionary Should Contain Key" owner="Collections">
<msg time="2024-03-29T04:16:56.242992" level="INFO">False</msg>
<arg>${json_data['results'][0]}</arg>
<arg>${key}</arg>
<doc>Fails if ``key`` is not found from ``dictionary``.</doc>
<status status="PASS" start="2024-03-29T04:16:56.242582" elapsed="0.000449"/>
</kw>
<kw name="Log" owner="BuiltIn">
<msg time="2024-03-29T04:16:56.243707" level="INFO">{'gender': 'female', 'name': {'title': 'Mrs', 'first': 'Olga', 'last': 'Subašić'}, 'location': {'street': {'number': 2462, 'name': 'Sofije Jovanović'}, 'city': 'Bački Petrovac', 'state': 'Pčinja', 'country': 'Serbia', 'postcode': 31215, 'coordinates': {'latitude': '56.4690', 'longitude': '90.7769'}, 'timezone': {'offset': '+5:45', 'description': 'Kathmandu'}}, 'email': 'olga.subasic@example.com', 'login': {'uuid': 'ac9b3c1a-36c6-4ead-9145-83cf91b18074', 'username': 'goldenleopard274', 'password': 'diane', 'salt': 'xUA6OZJh', 'md5': 'b758df647b0a0e55d054129a522650bd', 'sha1': 'bee390bf070b84ac245290caf9161438f364820b', 'sha256': '5e1ce984e448bbe41c29ecf48169377a938991a445a1799b23db441eef2d9c49'}, 'dob': {'date': '1990-05-13T10:39:12.455Z', 'age': 33}, 'registered': {'date': '2021-09-16T18:31:16.377Z', 'age': 2}, 'phone': '017-0504-290', 'cell': '060-3831-564', 'id': {'name': 'SID', 'value': '979575581'}, 'picture': {'large': 'https://randomuser.me/api/portraits/women/55.jpg', 'medium': 'https://randomuser.me/api/portraits/med/women/55.jpg', 'thumbnail': 'https://randomuser.me/api/portraits/thumb/women/55.jpg'}, 'nat': 'RS'}</msg>
<arg>${json_data['results'][0]}</arg>
<doc>Logs the given message with the given level.</doc>
<status status="PASS" start="2024-03-29T04:16:56.243337" elapsed="0.000427"/>
</kw>
<kw name="Log" owner="BuiltIn">
<msg time="2024-03-29T04:16:56.244203" level="INFO">gender</msg>
<arg>${key}</arg>
<doc>Logs the given message with the given level.</doc>
<status status="PASS" start="2024-03-29T04:16:56.244072" elapsed="0.000169"/>
</kw>
<var name="${key}">gender</var>
<status status="PASS" start="2024-03-29T04:16:56.242456" elapsed="0.002039"/>
</iter>
<iter>
<kw name="Dictionary Should Contain Key" owner="Collections">
<msg time="2024-03-29T04:16:56.245190" level="INFO">False</msg>
<arg>${json_data['results'][0]}</arg>
<arg>${key}</arg>
<doc>Fails if ``key`` is not found from ``dictionary``.</doc>
<status status="PASS" start="2024-03-29T04:16:56.244798" elapsed="0.000430"/>
</kw>
<kw name="Log" owner="BuiltIn">
<msg time="2024-03-29T04:16:56.245930" level="INFO">{'gender': 'female', 'name': {'title': 'Mrs', 'first': 'Olga', 'last': 'Subašić'}, 'location': {'street': {'number': 2462, 'name': 'Sofije Jovanović'}, 'city': 'Bački Petrovac', 'state': 'Pčinja', 'country': 'Serbia', 'postcode': 31215, 'coordinates': {'latitude': '56.4690', 'longitude': '90.7769'}, 'timezone': {'offset': '+5:45', 'description': 'Kathmandu'}}, 'email': 'olga.subasic@example.com', 'login': {'uuid': 'ac9b3c1a-36c6-4ead-9145-83cf91b18074', 'username': 'goldenleopard274', 'password': 'diane', 'salt': 'xUA6OZJh', 'md5': 'b758df647b0a0e55d054129a522650bd', 'sha1': 'bee390bf070b84ac245290caf9161438f364820b', 'sha256': '5e1ce984e448bbe41c29ecf48169377a938991a445a1799b23db441eef2d9c49'}, 'dob': {'date': '1990-05-13T10:39:12.455Z', 'age': 33}, 'registered': {'date': '2021-09-16T18:31:16.377Z', 'age': 2}, 'phone': '017-0504-290', 'cell': '060-3831-564', 'id': {'name': 'SID', 'value': '979575581'}, 'picture': {'large': 'https://randomuser.me/api/portraits/women/55.jpg', 'medium': 'https://randomuser.me/api/portraits/med/women/55.jpg', 'thumbnail': 'https://randomuser.me/api/portraits/thumb/women/55.jpg'}, 'nat': 'RS'}</msg>
<arg>${json_data['results'][0]}</arg>
<doc>Logs the given message with the given level.</doc>
<status status="PASS" start="2024-03-29T04:16:56.245566" elapsed="0.000414"/>
</kw>
<kw name="Log" owner="BuiltIn">
<msg time="2024-03-29T04:16:56.246413" level="INFO">name</msg>
<arg>${key}</arg>
<doc>Logs the given message with the given level.</doc>
<status status="PASS" start="2024-03-29T04:16:56.246284" elapsed="0.000166"/>
</kw>
<var name="${key}">name</var>
<status status="PASS" start="2024-03-29T04:16:56.244682" elapsed="0.001987"/>
</iter>
<iter>
<kw name="Dictionary Should Contain Key" owner="Collections">
<msg time="2024-03-29T04:16:56.247368" level="INFO">False</msg>
<arg>${json_data['results'][0]}</arg>
<arg>${key}</arg>
<doc>Fails if ``key`` is not found from ``dictionary``.</doc>
<status status="PASS" start="2024-03-29T04:16:56.246957" elapsed="0.000456"/>
</kw>
<kw name="Log" owner="BuiltIn">
<msg time="2024-03-29T04:16:56.248083" level="INFO">{'gender': 'female', 'name': {'title': 'Mrs', 'first': 'Olga', 'last': 'Subašić'}, 'location': {'street': {'number': 2462, 'name': 'Sofije Jovanović'}, 'city': 'Bački Petrovac', 'state': 'Pčinja', 'country': 'Serbia', 'postcode': 31215, 'coordinates': {'latitude': '56.4690', 'longitude': '90.7769'}, 'timezone': {'offset': '+5:45', 'description': 'Kathmandu'}}, 'email': 'olga.subasic@example.com', 'login': {'uuid': 'ac9b3c1a-36c6-4ead-9145-83cf91b18074', 'username': 'goldenleopard274', 'password': 'diane', 'salt': 'xUA6OZJh', 'md5': 'b758df647b0a0e55d054129a522650bd', 'sha1': 'bee390bf070b84ac245290caf9161438f364820b', 'sha256': '5e1ce984e448bbe41c29ecf48169377a938991a445a1799b23db441eef2d9c49'}, 'dob': {'date': '1990-05-13T10:39:12.455Z', 'age': 33}, 'registered': {'date': '2021-09-16T18:31:16.377Z', 'age': 2}, 'phone': '017-0504-290', 'cell': '060-3831-564', 'id': {'name': 'SID', 'value': '979575581'}, 'picture': {'large': 'https://randomuser.me/api/portraits/women/55.jpg', 'medium': 'https://randomuser.me/api/portraits/med/women/55.jpg', 'thumbnail': 'https://randomuser.me/api/portraits/thumb/women/55.jpg'}, 'nat': 'RS'}</msg>
<arg>${json_data['results'][0]}</arg>
<doc>Logs the given message with the given level.</doc>
<status status="PASS" start="2024-03-29T04:16:56.247720" elapsed="0.000421"/>
</kw>
<kw name="Log" owner="BuiltIn">
<msg time="2024-03-29T04:16:56.248604" level="INFO">location</msg>
<arg>${key}</arg>
<doc>Logs the given message with the given level.</doc>
<status status="PASS" start="2024-03-29T04:16:56.248470" elapsed="0.000171"/>
</kw>
<var name="${key}">location</var>
<status status="PASS" start="2024-03-29T04:16:56.246846" elapsed="0.002012"/>
</iter>
<iter>
<kw name="Dictionary Should Contain Key" owner="Collections">
<msg time="2024-03-29T04:16:56.249517" level="INFO">False</msg>
<arg>${json_data['results'][0]}</arg>
<arg>${key}</arg>
<doc>Fails if ``key`` is not found from ``dictionary``.</doc>
<status status="PASS" start="2024-03-29T04:16:56.249137" elapsed="0.000416"/>
</kw>
<kw name="Log" owner="BuiltIn">
<msg time="2024-03-29T04:16:56.250213" level="INFO">{'gender': 'female', 'name': {'title': 'Mrs', 'first': 'Olga', 'last': 'Subašić'}, 'location': {'street': {'number': 2462, 'name': 'Sofije Jovanović'}, 'city': 'Bački Petrovac', 'state': 'Pčinja', 'country': 'Serbia', 'postcode': 31215, 'coordinates': {'latitude': '56.4690', 'longitude': '90.7769'}, 'timezone': {'offset': '+5:45', 'description': 'Kathmandu'}}, 'email': 'olga.subasic@example.com', 'login': {'uuid': 'ac9b3c1a-36c6-4ead-9145-83cf91b18074', 'username': 'goldenleopard274', 'password': 'diane', 'salt': 'xUA6OZJh', 'md5': 'b758df647b0a0e55d054129a522650bd', 'sha1': 'bee390bf070b84ac245290caf9161438f364820b', 'sha256': '5e1ce984e448bbe41c29ecf48169377a938991a445a1799b23db441eef2d9c49'}, 'dob': {'date': '1990-05-13T10:39:12.455Z', 'age': 33}, 'registered': {'date': '2021-09-16T18:31:16.377Z', 'age': 2}, 'phone': '017-0504-290', 'cell': '060-3831-564', 'id': {'name': 'SID', 'value': '979575581'}, 'picture': {'large': 'https://randomuser.me/api/portraits/women/55.jpg', 'medium': 'https://randomuser.me/api/portraits/med/women/55.jpg', 'thumbnail': 'https://randomuser.me/api/portraits/thumb/women/55.jpg'}, 'nat': 'RS'}</msg>
<arg>${json_data['results'][0]}</arg>
<doc>Logs the given message with the given level.</doc>
<status status="PASS" start="2024-03-29T04:16:56.249855" elapsed="0.000408"/>
</kw>
<kw name="Log" owner="BuiltIn">
<msg time="2024-03-29T04:16:56.250686" level="INFO">email</msg>
<arg>${key}</arg>
<doc>Logs the given message with the given level.</doc>
<status status="PASS" start="2024-03-29T04:16:56.250559" elapsed="0.000164"/>
</kw>
<var name="${key}">email</var>
<status status="PASS" start="2024-03-29T04:16:56.249029" elapsed="0.001907"/>
</iter>
<iter>
<kw name="Dictionary Should Contain Key" owner="Collections">
<msg time="2024-03-29T04:16:56.251699" level="INFO">False</msg>
<arg>${json_data['results'][0]}</arg>
<arg>${key}</arg>
<doc>Fails if ``key`` is not found from ``dictionary``.</doc>
<status status="PASS" start="2024-03-29T04:16:56.251219" elapsed="0.000538"/>
</kw>
<kw name="Log" owner="BuiltIn">
<msg time="2024-03-29T04:16:56.252826" level="INFO">{'gender': 'female', 'name': {'title': 'Mrs', 'first': 'Olga', 'last': 'Subašić'}, 'location': {'street': {'number': 2462, 'name': 'Sofije Jovanović'}, 'city': 'Bački Petrovac', 'state': 'Pčinja', 'country': 'Serbia', 'postcode': 31215, 'coordinates': {'latitude': '56.4690', 'longitude': '90.7769'}, 'timezone': {'offset': '+5:45', 'description': 'Kathmandu'}}, 'email': 'olga.subasic@example.com', 'login': {'uuid': 'ac9b3c1a-36c6-4ead-9145-83cf91b18074', 'username': 'goldenleopard274', 'password': 'diane', 'salt': 'xUA6OZJh', 'md5': 'b758df647b0a0e55d054129a522650bd', 'sha1': 'bee390bf070b84ac245290caf9161438f364820b', 'sha256': '5e1ce984e448bbe41c29ecf48169377a938991a445a1799b23db441eef2d9c49'}, 'dob': {'date': '1990-05-13T10:39:12.455Z', 'age': 33}, 'registered': {'date': '2021-09-16T18:31:16.377Z', 'age': 2}, 'phone': '017-0504-290', 'cell': '060-3831-564', 'id': {'name': 'SID', 'value': '979575581'}, 'picture': {'large': 'https://randomuser.me/api/portraits/women/55.jpg', 'medium': 'https://randomuser.me/api/portraits/med/women/55.jpg', 'thumbnail': 'https://randomuser.me/api/portraits/thumb/women/55.jpg'}, 'nat': 'RS'}</msg>
<arg>${json_data['results'][0]}</arg>
<doc>Logs the given message with the given level.</doc>
<status status="PASS" start="2024-03-29T04:16:56.252184" elapsed="0.000733"/>
</kw>
<kw name="Log" owner="BuiltIn">
<msg time="2024-03-29T04:16:56.253598" level="INFO">login</msg>
<arg>${key}</arg>
<doc>Logs the given message with the given level.</doc>
<status status="PASS" start="2024-03-29T04:16:56.253386" elapsed="0.000452"/>
</kw>
<var name="${key}">login</var>
<status status="PASS" start="2024-03-29T04:16:56.251105" elapsed="0.003089"/>
</iter>
<var>${key}</var>
<value>@{expected_keys}</value>
<status status="PASS" start="2024-03-29T04:16:56.242260" elapsed="0.012152"/>
</for>
<kw name="Create List" owner="BuiltIn">
<msg time="2024-03-29T04:16:56.254940" level="INFO">${expected_keysTwo} = ['username', 'password']</msg>
<var>${expected_keysTwo}</var>
<arg>username</arg>
<arg>password</arg>
<doc>Returns a list containing given items.</doc>
<status status="PASS" start="2024-03-29T04:16:56.254721" elapsed="0.000258"/>
</kw>
<for flavor="IN">
<iter>
<kw name="Dictionary Should Contain Key" owner="Collections">
<msg time="2024-03-29T04:16:56.256429" level="INFO">False</msg>
<arg>${json_data['results'][0]['login']}</arg>
<arg>${keyTwo}</arg>
<doc>Fails if ``key`` is not found from ``dictionary``.</doc>
<status status="PASS" start="2024-03-29T04:16:56.255769" elapsed="0.000719"/>
</kw>
<kw name="Dictionary Should Contain Key" owner="Collections">
<msg time="2024-03-29T04:16:56.257597" level="INFO">False</msg>
<arg>${json_data['results'][0]['login']}</arg>
<arg>${keyTwo}</arg>
<doc>Fails if ``key`` is not found from ``dictionary``.</doc>
<status status="PASS" start="2024-03-29T04:16:56.256942" elapsed="0.000717"/>
</kw>
<kw name="Log" owner="BuiltIn">
<msg time="2024-03-29T04:16:56.258274" level="INFO">username</msg>
<arg>${keyTwo}</arg>
<doc>Logs the given message with the given level.</doc>
<status status="PASS" start="2024-03-29T04:16:56.258113" elapsed="0.000201"/>
</kw>
<var name="${keyTwo}">username</var>
<status status="PASS" start="2024-03-29T04:16:56.255588" elapsed="0.002958"/>
</iter>
<iter>
<kw name="Dictionary Should Contain Key" owner="Collections">
<msg time="2024-03-29T04:16:56.259245" level="INFO">False</msg>
<arg>${json_data['results'][0]['login']}</arg>
<arg>${keyTwo}</arg>
<doc>Fails if ``key`` is not found from ``dictionary``.</doc>
<status status="PASS" start="2024-03-29T04:16:56.258842" elapsed="0.000443"/>
</kw>
<kw name="Dictionary Should Contain Key" owner="Collections">
<msg time="2024-03-29T04:16:56.259972" level="INFO">False</msg>
<arg>${json_data['results'][0]['login']}</arg>
<arg>${keyTwo}</arg>
<doc>Fails if ``key`` is not found from ``dictionary``.</doc>
<status status="PASS" start="2024-03-29T04:16:56.259588" elapsed="0.000423"/>
</kw>
<kw name="Log" owner="BuiltIn">
<msg time="2024-03-29T04:16:56.260476" level="INFO">password</msg>
<arg>${keyTwo}</arg>
<doc>Logs the given message with the given level.</doc>
<status status="PASS" start="2024-03-29T04:16:56.260310" elapsed="0.000207"/>
</kw>
<var name="${keyTwo}">password</var>
<status status="PASS" start="2024-03-29T04:16:56.258727" elapsed="0.002015"/>
</iter>
<var>${keyTwo}</var>
<value>@{expected_keysTwo}</value>
<status status="PASS" start="2024-03-29T04:16:56.255359" elapsed="0.005509"/>
</for>
<status status="PASS" start="2024-03-29T04:16:56.152903" elapsed="0.108111"/>
</kw>
<doc>Testa a estrutura da resposta da API.</doc>
<tag>testeEstruturaResposta</tag>
<status status="PASS" start="2024-03-29T04:16:56.152181" elapsed="0.109001"/>
</test>
<test id="s1-s1-t4" name="Validar tipos de dados" line="28">
<kw name="Teste de Tipos de Dados" owner="random-user-service">
<kw name="GET On Session" owner="RequestsLibrary">
<msg time="2024-03-29T04:16:56.338333" level="INFO">GET Request : url=https://randomuser.me/api 
 path_url=/api 
 headers={'User-Agent': 'python-requests/2.31.0', 'Accept-Encoding': 'gzip, deflate', 'Accept': '*/*', 'Connection': 'keep-alive'} 
 body=None 
 </msg>
<msg time="2024-03-29T04:16:56.338443" level="INFO">GET Response : url=https://randomuser.me/api 
 status=200, reason=OK 
 headers={'Date': 'Fri, 29 Mar 2024 04:16:56 GMT', 'Content-Type': 'application/json; charset=utf-8', 'Transfer-Encoding': 'chunked', 'Connection': 'keep-alive', 'X-Powered-By': 'Express', 'Access-Control-Allow-Origin': '*', 'Cache-Control': 'no-cache', 'ETag': 'W/"491-rh/dATQwN7pNOd7RlhO2yZE2R+0"', 'Vary': 'Accept-Encoding', 'Content-Encoding': 'gzip', 'CF-Cache-Status': 'DYNAMIC', 'Report-To': '{"endpoints":[{"url":"https:\\/\\/a.nel.cloudflare.com\\/report\\/v4?s=B7nHcrcvKpRdWcDnInYewV6fSF%2Fe7mE8F2UMDBA3jbeeGwcGg7PIhka6X1t9O9Y8aUsmFZiLRfs%2B6d33WZ00yCVs0H9mAE%2BmuOHaqkUREC%2BbwL%2B%2F5wqmYyk2XyDs3QBe"}],"group":"cf-nel","max_age":604800}', 'NEL': '{"success_fraction":0,"report_to":"cf-nel","max_age":604800}', 'Server': 'cloudflare', 'CF-RAY': '86bd0c1f9b1e823c-IAD', 'alt-svc': 'h3=":443"; ma=86400'} 
 body={"results":[{"gender":"female","name":{"title":"Ms","first":"Caroline","last":"Russell"},"location":{"street":{"number":4604,"name":"Green Lane"},"city":"Newcastle West","state":"Offaly","country":"Ireland","postcode":73913,"coordinates":{"latitude":"-4.0542","longitude":"123.6972"},"timezone":{"offset":"+2:00","description":"Kaliningrad, South Africa"}},"email":"caroline.russell@example.com","login":{"uuid":"3cc874bb-bdc2-4f06-a6e2-aba2f82a8e6c","username":"blackostrich765","password":"uuuuuuu","salt":"2Wj7dBPz","md5":"aa5915665bb45307dc3cb3e47191c10e","sha1":"6948ebf2b6a24c07991565d7bbe30e761eb4722e","sha256":"c931ecbff8a7d8bbcd17d19f4e602cf51205fef13425f6653f5b4e7cb66e346f"},"dob":{"date":"1983-06-29T05:54:14.681Z","age":40},"registered":{"date":"2004-12-06T00:40:16.413Z","age":19},"phone":"041-165-9476","cell":"081-074-9929","id":{"name":"PPS","value":"6335446T"},"picture":{"large":"https://randomuser.me/api/portraits/women/92.jpg","medium":"https://randomuser.me/api/portraits/med/women/92.jpg","thumbnail":"https://randomuser.me/api/portraits/thumb/women/92.jpg"},"nat":"IE"}],"info":{"seed":"7aecf7ae541a1954","results":1,"page":1,"version":"1.4"}} 
 </msg>
<msg time="2024-03-29T04:16:56.338523" level="INFO">/opt/hostedtoolcache/Python/3.12.2/x64/lib/python3.12/site-packages/urllib3/connectionpool.py:1103: InsecureRequestWarning: Unverified HTTPS request is being made to host 'randomuser.me'. Adding certificate verification is strongly advised. See: https://urllib3.readthedocs.io/en/latest/advanced-usage.html#tls-warnings
  warnings.warn(</msg>
<msg time="2024-03-29T04:16:56.338729" level="INFO">${response} = &lt;Response [200]&gt;</msg>
<var>${response}</var>
<arg>consultarAPI</arg>
<arg>/api</arg>
<doc>Sends a GET request on a previously created HTTP Session.</doc>
<status status="PASS" start="2024-03-29T04:16:56.264122" elapsed="0.074663"/>
</kw>
<kw name="Set Variable" owner="BuiltIn">
<msg time="2024-03-29T04:16:56.339836" level="INFO">${json_data} = {'results': [{'gender': 'female', 'name': {'title': 'Ms', 'first': 'Caroline', 'last': 'Russell'}, 'location': {'street': {'number': 4604, 'name': 'Green Lane'}, 'city': 'Newcastle West', 'state': 'Of...</msg>
<var>${json_data}</var>
<arg>${response.json()}</arg>
<doc>Returns the given values which can then be assigned to a variables.</doc>
<status status="PASS" start="2024-03-29T04:16:56.339311" elapsed="0.000553"/>
</kw>
<kw name="Log" owner="BuiltIn">
<msg time="2024-03-29T04:16:56.340347" level="INFO">{'results': [{'gender': 'female', 'name': {'title': 'Ms', 'first': 'Caroline', 'last': 'Russell'}, 'location': {'street': {'number': 4604, 'name': 'Green Lane'}, 'city': 'Newcastle West', 'state': 'Offaly', 'country': 'Ireland', 'postcode': 73913, 'coordinates': {'latitude': '-4.0542', 'longitude': '123.6972'}, 'timezone': {'offset': '+2:00', 'description': 'Kaliningrad, South Africa'}}, 'email': 'caroline.russell@example.com', 'login': {'uuid': '3cc874bb-bdc2-4f06-a6e2-aba2f82a8e6c', 'username': 'blackostrich765', 'password': 'uuuuuuu', 'salt': '2Wj7dBPz', 'md5': 'aa5915665bb45307dc3cb3e47191c10e', 'sha1': '6948ebf2b6a24c07991565d7bbe30e761eb4722e', 'sha256': 'c931ecbff8a7d8bbcd17d19f4e602cf51205fef13425f6653f5b4e7cb66e346f'}, 'dob': {'date': '1983-06-29T05:54:14.681Z', 'age': 40}, 'registered': {'date': '2004-12-06T00:40:16.413Z', 'age': 19}, 'phone': '041-165-9476', 'cell': '081-074-9929', 'id': {'name': 'PPS', 'value': '6335446T'}, 'picture': {'large': 'https://randomuser.me/api/portraits/women/92.jpg', 'medium': 'https://randomuser.me/api/portraits/med/women/92.jpg', 'thumbnail': 'https://randomuser.me/api/portraits/thumb/women/92.jpg'}, 'nat': 'IE'}], 'info': {'seed': '7aecf7ae541a1954', 'results': 1, 'page': 1, 'version': '1.4'}}</msg>
<arg>${json_data}</arg>
<doc>Logs the given message with the given level.</doc>
<status status="PASS" start="2024-03-29T04:16:56.340184" elapsed="0.000288"/>
</kw>
<kw name="Should Be String" owner="String">
<arg>${json_data['results'][0]['gender']}</arg>
<doc>Fails if the given ``item`` is not a string.</doc>
<status status="PASS" start="2024-03-29T04:16:56.340786" elapsed="0.000377"/>
</kw>
<kw name="Should Match Regexp" owner="BuiltIn">
<arg>${json_data['results'][0]['email']}</arg>
<arg>^[a-zA-Z0-9._%+-]+@[a-zA-Z0-9.-]+\.[a-zA-Z]{2,}$</arg>
<doc>Fails if ``string`` does not match ``pattern`` as a regular expression.</doc>
<status status="PASS" start="2024-03-29T04:16:56.341363" elapsed="0.000535"/>
</kw>
<kw name="Should Match Regexp" owner="BuiltIn">
<arg>${json_data['results'][0]['dob']['date']}</arg>
<arg>\\d{4}-\\d{2}-\\d{2}T\\d{2}:\\d{2}:\\d{2}\\.\\d{3}Z</arg>
<doc>Fails if ``string`` does not match ``pattern`` as a regular expression.</doc>
<status status="PASS" start="2024-03-29T04:16:56.342100" elapsed="0.000500"/>
</kw>
<kw name="Should Match Regexp" owner="BuiltIn">
<arg>${json_data['results'][0]['registered']['date']}</arg>
<arg>\\d{4}-\\d{2}-\\d{2}T\\d{2}:\\d{2}:\\d{2}\\.\\d{3}Z</arg>
<doc>Fails if ``string`` does not match ``pattern`` as a regular expression.</doc>
<status status="PASS" start="2024-03-29T04:16:56.342797" elapsed="0.000376"/>
</kw>
<kw name="Should Match Regexp" owner="BuiltIn">
<arg>${json_data['results'][0]['picture']['large']}</arg>
<arg>^https?://.*\.(?:png|jpe?g|gif|bmp)$</arg>
<doc>Fails if ``string`` does not match ``pattern`` as a regular expression.</doc>
<status status="PASS" start="2024-03-29T04:16:56.343363" elapsed="0.000462"/>
</kw>
<kw name="Should Match Regexp" owner="BuiltIn">
<arg>${json_data['results'][0]['picture']['medium']}</arg>
<arg>^https?://.*\.(?:png|jpe?g|gif|bmp)$</arg>
<doc>Fails if ``string`` does not match ``pattern`` as a regular expression.</doc>
<status status="PASS" start="2024-03-29T04:16:56.344017" elapsed="0.000389"/>
</kw>
<kw name="Should Match Regexp" owner="BuiltIn">
<arg>${json_data['results'][0]['picture']['thumbnail']}</arg>
<arg>^https?://.*\.(?:png|jpe?g|gif|bmp)$</arg>
<doc>Fails if ``string`` does not match ``pattern`` as a regular expression.</doc>
<status status="PASS" start="2024-03-29T04:16:56.344595" elapsed="0.000356"/>
</kw>
<kw name="Log" owner="BuiltIn">
<msg time="2024-03-29T04:16:56.345462" level="INFO">{'large': 'https://randomuser.me/api/portraits/women/92.jpg', 'medium': 'https://randomuser.me/api/portraits/med/women/92.jpg', 'thumbnail': 'https://randomuser.me/api/portraits/thumb/women/92.jpg'}</msg>
<arg>${json_data['results'][0]['picture']}</arg>
<doc>Logs the given message with the given level.</doc>
<status status="PASS" start="2024-03-29T04:16:56.345132" elapsed="0.000378"/>
</kw>
<status status="PASS" start="2024-03-29T04:16:56.263765" elapsed="0.082005"/>
</kw>
<kw name="Teste de Tipos de Dados - Postcode" owner="random-user-service">
<kw name="GET On Session" owner="RequestsLibrary">
<msg time="2024-03-29T04:16:56.438563" level="INFO">GET Request : url=https://randomuser.me/api 
 path_url=/api 
 headers={'User-Agent': 'python-requests/2.31.0', 'Accept-Encoding': 'gzip, deflate', 'Accept': '*/*', 'Connection': 'keep-alive'} 
 body=None 
 </msg>
<msg time="2024-03-29T04:16:56.438678" level="INFO">GET Response : url=https://randomuser.me/api 
 status=200, reason=OK 
 headers={'Date': 'Fri, 29 Mar 2024 04:16:56 GMT', 'Content-Type': 'application/json; charset=utf-8', 'Transfer-Encoding': 'chunked', 'Connection': 'keep-alive', 'X-Powered-By': 'Express', 'Access-Control-Allow-Origin': '*', 'Cache-Control': 'no-cache', 'ETag': 'W/"483-adc0q1RB888DWk2L0V6s9K2IUD8"', 'Vary': 'Accept-Encoding', 'Content-Encoding': 'gzip', 'CF-Cache-Status': 'DYNAMIC', 'Report-To': '{"endpoints":[{"url":"https:\\/\\/a.nel.cloudflare.com\\/report\\/v4?s=kzokDz9ny8AAAganTZI%2BcZ1PTe%2F6h7htDwxP82j1Qxo0mMhVLfhEpyxGtNkn5M9NLciyMXvFJ3WysCgrjwkQYvtBSFBn4jKeYbEm40RhBbJQUzf3QJ3lhj%2Bd%2BPzDBSCc"}],"group":"cf-nel","max_age":604800}', 'NEL': '{"success_fraction":0,"report_to":"cf-nel","max_age":604800}', 'Server': 'cloudflare', 'CF-RAY': '86bd0c202b8c823c-IAD', 'alt-svc': 'h3=":443"; ma=86400'} 
 body={"results":[{"gender":"male","name":{"title":"Mr","first":"نيما","last":"کوتی"},"location":{"street":{"number":3549,"name":"جلال آل احمد"},"city":"کرج","state":"کرمانشاه","country":"Iran","postcode":66156,"coordinates":{"latitude":"17.4071","longitude":"-143.5587"},"timezone":{"offset":"-1:00","description":"Azores, Cape Verde Islands"}},"email":"nym.khwty@example.com","login":{"uuid":"ee652ed9-c3d9-4761-adfe-a7e320be9b72","username":"whitewolf714","password":"squeak","salt":"Yo1KEzex","md5":"67f2830e7c523e2d3bf180b014e93930","sha1":"06ad22a759aff3c40f5c6f8f4d46994b45fcd093","sha256":"83644dd834b41876f2653767d0b376047fac51c6f1ebdfd9af06eedb0e13874e"},"dob":{"date":"1971-10-15T00:31:05.712Z","age":52},"registered":{"date":"2020-01-10T03:00:20.732Z","age":4},"phone":"010-78574118","cell":"0924-470-0448","id":{"name":"","value":null},"picture":{"large":"https://randomuser.me/api/portraits/men/22.jpg","medium":"https://randomuser.me/api/portraits/med/men/22.jpg","thumbnail":"https://randomuser.me/api/portraits/thumb/men/22.jpg"},"nat":"IR"}],"info":{"seed":"2abc3cc1ad79c291","results":1,"page":1,"version":"1.4"}} 
 </msg>
<msg time="2024-03-29T04:16:56.438795" level="INFO">/opt/hostedtoolcache/Python/3.12.2/x64/lib/python3.12/site-packages/urllib3/connectionpool.py:1103: InsecureRequestWarning: Unverified HTTPS request is being made to host 'randomuser.me'. Adding certificate verification is strongly advised. See: https://urllib3.readthedocs.io/en/latest/advanced-usage.html#tls-warnings
  warnings.warn(</msg>
<msg time="2024-03-29T04:16:56.438966" level="INFO">${response} = &lt;Response [200]&gt;</msg>
<var>${response}</var>
<arg>consultarAPI</arg>
<arg>/api</arg>
<doc>Sends a GET request on a previously created HTTP Session.</doc>
<status status="PASS" start="2024-03-29T04:16:56.346384" elapsed="0.092636"/>
</kw>
<kw name="Set Variable" owner="BuiltIn">
<msg time="2024-03-29T04:16:56.440109" level="INFO">${json_data} = {'results': [{'gender': 'male', 'name': {'title': 'Mr', 'first': 'نيما', 'last': 'کوتی'}, 'location': {'street': {'number': 3549, 'name': 'جلال آل احمد'}, 'city': 'کرج', 'state': 'کرمانشاه', 'country'...</msg>
<var>${json_data}</var>
<arg>${response.json()}</arg>
<doc>Returns the given values which can then be assigned to a variables.</doc>
<status status="PASS" start="2024-03-29T04:16:56.439583" elapsed="0.000557"/>
</kw>
<kw name="Log" owner="BuiltIn">
<msg time="2024-03-29T04:16:56.440663" level="INFO">{'results': [{'gender': 'male', 'name': {'title': 'Mr', 'first': 'نيما', 'last': 'کوتی'}, 'location': {'street': {'number': 3549, 'name': 'جلال آل احمد'}, 'city': 'کرج', 'state': 'کرمانشاه', 'country': 'Iran', 'postcode': 66156, 'coordinates': {'latitude': '17.4071', 'longitude': '-143.5587'}, 'timezone': {'offset': '-1:00', 'description': 'Azores, Cape Verde Islands'}}, 'email': 'nym.khwty@example.com', 'login': {'uuid': 'ee652ed9-c3d9-4761-adfe-a7e320be9b72', 'username': 'whitewolf714', 'password': 'squeak', 'salt': 'Yo1KEzex', 'md5': '67f2830e7c523e2d3bf180b014e93930', 'sha1': '06ad22a759aff3c40f5c6f8f4d46994b45fcd093', 'sha256': '83644dd834b41876f2653767d0b376047fac51c6f1ebdfd9af06eedb0e13874e'}, 'dob': {'date': '1971-10-15T00:31:05.712Z', 'age': 52}, 'registered': {'date': '2020-01-10T03:00:20.732Z', 'age': 4}, 'phone': '010-78574118', 'cell': '0924-470-0448', 'id': {'name': '', 'value': None}, 'picture': {'large': 'https://randomuser.me/api/portraits/men/22.jpg', 'medium': 'https://randomuser.me/api/portraits/med/men/22.jpg', 'thumbnail': 'https://randomuser.me/api/portraits/thumb/men/22.jpg'}, 'nat': 'IR'}], 'info': {'seed': '2abc3cc1ad79c291', 'results': 1, 'page': 1, 'version': '1.4'}}</msg>
<arg>${json_data}</arg>
<doc>Logs the given message with the given level.</doc>
<status status="PASS" start="2024-03-29T04:16:56.440491" elapsed="0.000258"/>
</kw>
<kw name="Should Be Equal As Numbers" owner="BuiltIn">
<arg>${json_data['results'][0]['location']['postcode']}</arg>
<arg>${json_data['results'][0]['location']['postcode']}</arg>
<doc>Fails if objects are unequal after converting them to real numbers.</doc>
<status status="PASS" start="2024-03-29T04:16:56.441054" elapsed="0.000650"/>
</kw>
<kw name="Log" owner="BuiltIn">
<msg time="2024-03-29T04:16:56.442238" level="INFO">66156</msg>
<arg>${json_data['results'][0]['location']['postcode']}</arg>
<doc>Logs the given message with the given level.</doc>
<status status="PASS" start="2024-03-29T04:16:56.441900" elapsed="0.000380"/>
</kw>
<status status="PASS" start="2024-03-29T04:16:56.346005" elapsed="0.096538"/>
</kw>
<doc>Testa se os tipos de dados na resposta da API estão corretos.</doc>
<tag>testeTiposDados</tag>
<status status="PASS" start="2024-03-29T04:16:56.263109" elapsed="0.179612"/>
</test>
<test id="s1-s1-t5" name="Validar conteudo" line="35">
<kw name="Teste de Tipos de Conteudo" owner="random-user-service">
<kw name="GET On Session" owner="RequestsLibrary">
<msg time="2024-03-29T04:16:56.539349" level="INFO">GET Request : url=https://randomuser.me/api 
 path_url=/api 
 headers={'User-Agent': 'python-requests/2.31.0', 'Accept-Encoding': 'gzip, deflate', 'Accept': '*/*', 'Connection': 'keep-alive'} 
 body=None 
 </msg>
<msg time="2024-03-29T04:16:56.539445" level="INFO">GET Response : url=https://randomuser.me/api 
 status=200, reason=OK 
 headers={'Date': 'Fri, 29 Mar 2024 04:16:56 GMT', 'Content-Type': 'application/json; charset=utf-8', 'Transfer-Encoding': 'chunked', 'Connection': 'keep-alive', 'X-Powered-By': 'Express', 'Access-Control-Allow-Origin': '*', 'Cache-Control': 'no-cache', 'ETag': 'W/"474-a8it8dIyBIoMDmKF3pD+qM1ggAE"', 'Vary': 'Accept-Encoding', 'Content-Encoding': 'gzip', 'CF-Cache-Status': 'DYNAMIC', 'Report-To': '{"endpoints":[{"url":"https:\\/\\/a.nel.cloudflare.com\\/report\\/v4?s=dOS7HXs4s%2FBO%2BJ845uz99KWwR8Tl8kB80%2FSQjUJVcDnlKp9pBrow6HbC0EMjMxsytlJK9v44Rnmpga8SaSnH21xRqW0jC%2B9rDuHtddnNhuvIpeHC%2F42R%2BKJqrl7bzku9"}],"group":"cf-nel","max_age":604800}', 'NEL': '{"success_fraction":0,"report_to":"cf-nel","max_age":604800}', 'Server': 'cloudflare', 'CF-RAY': '86bd0c20cc32823c-IAD', 'alt-svc': 'h3=":443"; ma=86400'} 
 body={"results":[{"gender":"female","name":{"title":"Miss","first":"Sofia","last":"Madsen"},"location":{"street":{"number":101,"name":"Storegade"},"city":"Hornbæk","state":"Midtjylland","country":"Denmark","postcode":81487,"coordinates":{"latitude":"-46.0906","longitude":"71.2975"},"timezone":{"offset":"-2:00","description":"Mid-Atlantic"}},"email":"sofia.madsen@example.com","login":{"uuid":"e7360c47-c047-469b-b58d-8c9100418356","username":"ticklishlion829","password":"lakewood","salt":"cqDALS9w","md5":"7b30c0d724c64fd0a9cd4d50d58cb279","sha1":"372e656675d24e71cab2a48c8fa6a6b084177e19","sha256":"205a0f251c100dbedb4a3fb2d25a1900b53ca0c0aa196ab5ae6ee8b7f5cb983f"},"dob":{"date":"1977-03-10T07:12:49.276Z","age":47},"registered":{"date":"2004-01-20T20:42:59.663Z","age":20},"phone":"02152341","cell":"35823557","id":{"name":"CPR","value":"100377-5995"},"picture":{"large":"https://randomuser.me/api/portraits/women/1.jpg","medium":"https://randomuser.me/api/portraits/med/women/1.jpg","thumbnail":"https://randomuser.me/api/portraits/thumb/women/1.jpg"},"nat":"DK"}],"info":{"seed":"43f53bc234f8287a","results":1,"page":1,"version":"1.4"}} 
 </msg>
<msg time="2024-03-29T04:16:56.539516" level="INFO">/opt/hostedtoolcache/Python/3.12.2/x64/lib/python3.12/site-packages/urllib3/connectionpool.py:1103: InsecureRequestWarning: Unverified HTTPS request is being made to host 'randomuser.me'. Adding certificate verification is strongly advised. See: https://urllib3.readthedocs.io/en/latest/advanced-usage.html#tls-warnings
  warnings.warn(</msg>
<msg time="2024-03-29T04:16:56.539637" level="INFO">${response} = &lt;Response [200]&gt;</msg>
<var>${response}</var>
<arg>consultarAPI</arg>
<arg>/api</arg>
<doc>Sends a GET request on a previously created HTTP Session.</doc>
<status status="PASS" start="2024-03-29T04:16:56.445728" elapsed="0.093953"/>
</kw>
<kw name="Set Variable" owner="BuiltIn">
<msg time="2024-03-29T04:16:56.540869" level="INFO">${json_data} = {'results': [{'gender': 'female', 'name': {'title': 'Miss', 'first': 'Sofia', 'last': 'Madsen'}, 'location': {'street': {'number': 101, 'name': 'Storegade'}, 'city': 'Hornbæk', 'state': 'Midtjylland',...</msg>
<var>${json_data}</var>
<arg>${response.json()}</arg>
<doc>Returns the given values which can then be assigned to a variables.</doc>
<status status="PASS" start="2024-03-29T04:16:56.540290" elapsed="0.000609"/>
</kw>
<kw name="Set Variable" owner="BuiltIn">
<msg time="2024-03-29T04:16:56.541608" level="INFO">${name_title} = Miss</msg>
<var>${name_title}</var>
<arg>${json_data["results"][0]["name"]["title"]}</arg>
<doc>Returns the given values which can then be assigned to a variables.</doc>
<status status="PASS" start="2024-03-29T04:16:56.541216" elapsed="0.000418"/>
</kw>
<kw name="Create List" owner="BuiltIn">
<msg time="2024-03-29T04:16:56.542093" level="INFO">${allowed_titles} = ['Mr', 'Ms', 'Miss', 'Mrs', 'Madame', 'Monsieur']</msg>
<var>${allowed_titles}</var>
<arg>Mr</arg>
<arg>Ms</arg>
<arg>Miss</arg>
<arg>Mrs</arg>
<arg>Madame</arg>
<arg>Monsieur</arg>
<doc>Returns a list containing given items.</doc>
<status status="PASS" start="2024-03-29T04:16:56.541941" elapsed="0.000177"/>
</kw>
<kw name="List Should Contain Value" owner="Collections">
<msg time="2024-03-29T04:16:56.542622" level="INFO">False</msg>
<arg>${allowed_titles}</arg>
<arg>${name_title}</arg>
<doc>Fails if the ``value`` is not found from ``list``.</doc>
<status status="PASS" start="2024-03-29T04:16:56.542443" elapsed="0.000217"/>
</kw>
<kw name="Set Variable" owner="BuiltIn">
<msg time="2024-03-29T04:16:56.543354" level="INFO">${name_country} = DK</msg>
<var>${name_country}</var>
<arg>${json_data["results"][0]["nat"]}</arg>
<doc>Returns the given values which can then be assigned to a variables.</doc>
<status status="PASS" start="2024-03-29T04:16:56.542961" elapsed="0.000418"/>
</kw>
<kw name="Create List" owner="BuiltIn">
<msg time="2024-03-29T04:16:56.544292" level="INFO">${list_country} = ['AD', 'AE', 'AF', 'AG', 'AI', 'AL', 'AM', 'AO', 'AQ', 'AR', 'AS', 'AT', 'AU', 'AW', 'AX', 'AZ', 'BA', 'BB', 'BD', 'BE', 'BF', 'BG', 'BH', 'BI', 'BJ', 'BL', 'BM', 'BN', 'BO', 'BQ', 'BR', 'BS', 'BT', '...</msg>
<var>${list_country}</var>
<arg>AD</arg>
<arg>AE</arg>
<arg>AF</arg>
<arg>AG</arg>
<arg>AI</arg>
<arg>AL</arg>
<arg>AM</arg>
<arg>AO</arg>
<arg>AQ</arg>
<arg>AR</arg>
<arg>AS</arg>
<arg>AT</arg>
<arg>AU</arg>
<arg>AW</arg>
<arg>AX</arg>
<arg>AZ</arg>
<arg>BA</arg>
<arg>BB</arg>
<arg>BD</arg>
<arg>BE</arg>
<arg>BF</arg>
<arg>BG</arg>
<arg>BH</arg>
<arg>BI</arg>
<arg>BJ</arg>
<arg>BL</arg>
<arg>BM</arg>
<arg>BN</arg>
<arg>BO</arg>
<arg>BQ</arg>
<arg>BR</arg>
<arg>BS</arg>
<arg>BT</arg>
<arg>BV</arg>
<arg>BW</arg>
<arg>BY</arg>
<arg>BZ</arg>
<arg>CA</arg>
<arg>CC</arg>
<arg>CD</arg>
<arg>CF</arg>
<arg>CG</arg>
<arg>CH</arg>
<arg>CI</arg>
<arg>CK</arg>
<arg>CL</arg>
<arg>CM</arg>
<arg>CN</arg>
<arg>CO</arg>
<arg>CR</arg>
<arg>CU</arg>
<arg>CV</arg>
<arg>CW</arg>
<arg>CX</arg>
<arg>CY</arg>
<arg>CZ</arg>
<arg>DE</arg>
<arg>DJ</arg>
<arg>DK</arg>
<arg>DM</arg>
<arg>DO</arg>
<arg>DZ</arg>
<arg>EC</arg>
<arg>EE</arg>
<arg>EG</arg>
<arg>EH</arg>
<arg>ER</arg>
<arg>ES</arg>
<arg>ET</arg>
<arg>FI</arg>
<arg>FJ</arg>
<arg>FK</arg>
<arg>FM</arg>
<arg>FO</arg>
<arg>FR</arg>
<arg>GA</arg>
<arg>GB</arg>
<arg>GD</arg>
<arg>GE</arg>
<arg>GF</arg>
<arg>GG</arg>
<arg>GH</arg>
<arg>GI</arg>
<arg>GL</arg>
<arg>GM</arg>
<arg>GN</arg>
<arg>GP</arg>
<arg>GQ</arg>
<arg>GR</arg>
<arg>GS</arg>
<arg>GT</arg>
<arg>GU</arg>
<arg>GW</arg>
<arg>GY</arg>
<arg>HK</arg>
<arg>HM</arg>
<arg>HN</arg>
<arg>HR</arg>
<arg>HT</arg>
<arg>HU</arg>
<arg>ID</arg>
<arg>IE</arg>
<arg>IL</arg>
<arg>IM</arg>
<arg>IN</arg>
<arg>IO</arg>
<arg>IQ</arg>
<arg>IR</arg>
<arg>IS</arg>
<arg>IT</arg>
<arg>JE</arg>
<arg>JM</arg>
<arg>JO</arg>
<arg>JP</arg>
<arg>KE</arg>
<arg>KG</arg>
<arg>KH</arg>
<arg>KI</arg>
<arg>KM</arg>
<arg>KN</arg>
<arg>KP</arg>
<arg>KR</arg>
<arg>KW</arg>
<arg>KY</arg>
<arg>KZ</arg>
<arg>LA</arg>
<arg>LB</arg>
<arg>LC</arg>
<arg>LI</arg>
<arg>LK</arg>
<arg>LR</arg>
<arg>LS</arg>
<arg>LT</arg>
<arg>LU</arg>
<arg>LV</arg>
<arg>LY</arg>
<arg>MA</arg>
<arg>MC</arg>
<arg>MD</arg>
<arg>ME</arg>
<arg>MF</arg>
<arg>MG</arg>
<arg>MH</arg>
<arg>MK</arg>
<arg>ML</arg>
<arg>MM</arg>
<arg>MN</arg>
<arg>MO</arg>
<arg>MP</arg>
<arg>MQ</arg>
<arg>MR</arg>
<arg>MS</arg>
<arg>MT</arg>
<arg>MU</arg>
<arg>MV</arg>
<arg>MW</arg>
<arg>MX</arg>
<arg>MY</arg>
<arg>MZ</arg>
<arg>NA</arg>
<arg>NC</arg>
<arg>NE</arg>
<arg>NF</arg>
<arg>NG</arg>
<arg>NI</arg>
<arg>NL</arg>
<arg>NO</arg>
<arg>NP</arg>
<arg>NR</arg>
<arg>NU</arg>
<arg>NZ</arg>
<arg>OM</arg>
<arg>PA</arg>
<arg>PE</arg>
<arg>PF</arg>
<arg>PG</arg>
<arg>PH</arg>
<arg>PK</arg>
<arg>PL</arg>
<arg>PM</arg>
<arg>PN</arg>
<arg>PR</arg>
<arg>PS</arg>
<arg>PT</arg>
<arg>PW</arg>
<arg>PY</arg>
<arg>QA</arg>
<arg>RE</arg>
<arg>RO</arg>
<arg>RS</arg>
<arg>RU</arg>
<arg>RW</arg>
<arg>SA</arg>
<arg>SB</arg>
<arg>SC</arg>
<arg>SD</arg>
<arg>SE</arg>
<arg>SG</arg>
<arg>SH</arg>
<arg>SI</arg>
<arg>SJ</arg>
<arg>SK</arg>
<arg>SL</arg>
<arg>SM</arg>
<arg>SN</arg>
<arg>SO</arg>
<arg>SR</arg>
<arg>SS</arg>
<arg>ST</arg>
<arg>SV</arg>
<arg>SX</arg>
<arg>SY</arg>
<arg>SZ</arg>
<arg>TC</arg>
<arg>TD</arg>
<arg>TF</arg>
<arg>TG</arg>
<arg>TH</arg>
<arg>TJ</arg>
<arg>TK</arg>
<arg>TL</arg>
<arg>TM</arg>
<arg>TN</arg>
<arg>TO</arg>
<arg>TR</arg>
<arg>TT</arg>
<arg>TV</arg>
<arg>TW</arg>
<arg>TZ</arg>
<arg>UA</arg>
<arg>UG</arg>
<arg>UM</arg>
<arg>US</arg>
<arg>UY</arg>
<arg>UZ</arg>
<arg>VA</arg>
<arg>VC</arg>
<arg>VE</arg>
<arg>VG</arg>
<arg>VI</arg>
<arg>VN</arg>
<arg>VU</arg>
<arg>WF</arg>
<arg>WS</arg>
<arg>XK</arg>
<arg>YE</arg>
<arg>YT</arg>
<arg>ZA</arg>
<arg>ZM</arg>
<arg>ZW</arg>
<doc>Returns a list containing given items.</doc>
<status status="PASS" start="2024-03-29T04:16:56.543689" elapsed="0.000628"/>
</kw>
<kw name="List Should Contain Value" owner="Collections">
<msg time="2024-03-29T04:16:56.545510" level="INFO">False</msg>
<arg>${list_country}</arg>
<arg>${name_country}</arg>
<doc>Fails if the ``value`` is not found from ``list``.</doc>
<status status="PASS" start="2024-03-29T04:16:56.545301" elapsed="0.000248"/>
</kw>
<kw name="Run Keyword If" owner="BuiltIn">
<kw name="Should Be True" owner="BuiltIn">
<arg>${True}</arg>
<doc>Fails if the given condition is not true.</doc>
<status status="PASS" start="2024-03-29T04:16:56.546658" elapsed="0.000150"/>
</kw>
<arg>${json_data["results"][0]["location"]["coordinates"]["latitude"]} &gt;= -90 and ${json_data["results"][0]["location"]["coordinates"]["latitude"]} &lt;= 90</arg>
<arg>Should Be True</arg>
<arg>${True}</arg>
<doc>Runs the given keyword with the given arguments, if ``condition`` is true.</doc>
<status status="PASS" start="2024-03-29T04:16:56.545871" elapsed="0.001072"/>
</kw>
<kw name="Run Keyword If" owner="BuiltIn">
<kw name="Should Be True" owner="BuiltIn">
<arg>${True}</arg>
<doc>Fails if the given condition is not true.</doc>
<status status="PASS" start="2024-03-29T04:16:56.547853" elapsed="0.000143"/>
</kw>
<arg>${json_data["results"][0]["location"]["coordinates"]["longitude"]} &gt;= -180 and ${json_data["results"][0]["location"]["coordinates"]["longitude"]} &lt;= 180</arg>
<arg>Should Be True</arg>
<arg>${True}</arg>
<doc>Runs the given keyword with the given arguments, if ``condition`` is true.</doc>
<status status="PASS" start="2024-03-29T04:16:56.547136" elapsed="0.000989"/>
</kw>
<status status="PASS" start="2024-03-29T04:16:56.445342" elapsed="0.102918"/>
</kw>
<doc>Testa o conteúdo específico dos campos retornados pela API.</doc>
<tag>testeConteudo</tag>
<status status="PASS" start="2024-03-29T04:16:56.444626" elapsed="0.103819"/>
</test>
<status status="PASS" start="2024-03-29T04:16:55.752189" elapsed="0.798271"/>
</suite>
<status status="PASS" start="2024-03-29T04:16:55.738425" elapsed="0.817539"/>
</suite>
<statistics>
<total>
<stat pass="5" fail="0" skip="0">All Tests</stat>
</total>
<tag>
<stat pass="1" fail="0" skip="0">testeConteudo</stat>
<stat pass="1" fail="0" skip="0">testeEstruturaResposta</stat>
<stat pass="1" fail="0" skip="0">testeRequisicaoBasica</stat>
<stat pass="1" fail="0" skip="0">testeTiposDados</stat>
</tag>
<suite>
<stat pass="5" fail="0" skip="0" id="s1" name="Tests">Tests</stat>
<stat pass="5" fail="0" skip="0" id="s1-s1" name="Random-User-Test">Tests.Random-User-Test</stat>
</suite>
</statistics>
<errors>
</errors>
</robot>
