<?xml version="1.0" encoding="UTF-8"?>
<robot generator="Robot 7.0 (Python 3.12.3 on linux)" generated="2024-05-21T17:13:21.210919" rpa="false" schemaversion="5">
<suite id="s1" name="Tests" source="/home/runner/work/DesafioQAItauRogerioJordao/DesafioQAItauRogerioJordao/RamdonUser/tests">
<suite id="s1-s1" name="Random-User-Test" source="/home/runner/work/DesafioQAItauRogerioJordao/DesafioQAItauRogerioJordao/RamdonUser/tests/random-user-test.robot">
<test id="s1-s1-t1" name="Conectar" line="13">
<kw name="Conectar API" owner="random-user-service">
<kw name="Create Session" owner="RequestsLibrary">
<msg time="2024-05-21T17:13:21.591419" level="INFO">Creating Session using : alias=consultarAPI, url=https://randomuser.me/, headers={},                     cookies={}, auth=None, timeout=None, proxies=None, verify=False,                     debug=0 </msg>
<arg>consultarAPI</arg>
<arg>${URL}</arg>
<doc>Create Session: create a HTTP session to a server</doc>
<status status="PASS" start="2024-05-21T17:13:21.591223" elapsed="0.000369"/>
</kw>
<status status="PASS" start="2024-05-21T17:13:21.590185" elapsed="0.001762"/>
</kw>
<status status="PASS" start="2024-05-21T17:13:21.589573" elapsed="0.002567"/>
</test>
<test id="s1-s1-t2" name="Validar retorno 200 e JSON Válido" line="16">
<kw name="Teste de Requisicao Basica" owner="random-user-service">
<kw name="GET On Session" owner="RequestsLibrary">
<msg time="2024-05-21T17:13:21.663428" level="INFO">GET Request : url=https://randomuser.me/api 
 path_url=/api 
 headers={'User-Agent': 'python-requests/2.32.1', 'Accept-Encoding': 'gzip, deflate', 'Accept': '*/*', 'Connection': 'keep-alive'} 
 body=None 
 </msg>
<msg time="2024-05-21T17:13:21.663531" level="INFO">GET Response : url=https://randomuser.me/api 
 status=200, reason=OK 
 headers={'Date': 'Tue, 21 May 2024 17:13:21 GMT', 'Content-Type': 'application/json; charset=utf-8', 'Transfer-Encoding': 'chunked', 'Connection': 'keep-alive', 'X-Powered-By': 'Express', 'Access-Control-Allow-Origin': '*', 'Cache-Control': 'no-cache', 'ETag': 'W/"492-/sSj9Pgz9QqZDgwOBKhk7DBG67s"', 'Vary': 'Accept-Encoding', 'Content-Encoding': 'gzip', 'CF-Cache-Status': 'DYNAMIC', 'Report-To': '{"endpoints":[{"url":"https:\\/\\/a.nel.cloudflare.com\\/report\\/v4?s=qwrtcP%2BvhkSZC07KzzPUIyHQxiKAtbt7DRBQYnodX5Xs2VzK%2FYCSdmxSQwdPw59Rhkv5YSK4yt37%2BHtN%2FLkZ3UOQbHwwNI%2BT%2FRop49bZqVQBbMw61Z6i26EOcr7sUqFQ"}],"group":"cf-nel","max_age":604800}', 'NEL': '{"success_fraction":0,"report_to":"cf-nel","max_age":604800}', 'Server': 'cloudflare', 'CF-RAY': '887632563c2a1773-IAD', 'alt-svc': 'h3=":443"; ma=86400'} 
 body={"results":[{"gender":"male","name":{"title":"Mr","first":"Bernhard","last":"Kowalski"},"location":{"street":{"number":5741,"name":"Fredensborgveien"},"city":"Tynset","state":"Akershus","country":"Norway","postcode":"2670","coordinates":{"latitude":"45.7579","longitude":"-60.6571"},"timezone":{"offset":"+11:00","description":"Magadan, Solomon Islands, New Caledonia"}},"email":"bernhard.kowalski@example.com","login":{"uuid":"27f93e00-2efc-4acf-997c-81c3ca5c87a0","username":"lazyrabbit559","password":"monsters","salt":"l48UOW9L","md5":"e11705c188586dd9e0a1c2c40d846420","sha1":"6a7a9fd304a60c509e37678d581ced47bd612a1b","sha256":"48b816300837902a8ac138ead8cf2a1e80f8d8ea91f34fd544b891d6d4f8e7a2"},"dob":{"date":"1950-01-29T02:29:26.470Z","age":74},"registered":{"date":"2018-05-26T16:30:08.181Z","age":5},"phone":"76375460","cell":"97093743","id":{"name":"FN","value":"29015005597"},"picture":{"large":"https://randomuser.me/api/portraits/men/21.jpg","medium":"https://randomuser.me/api/portraits/med/men/21.jpg","thumbnail":"https://randomuser.me/api/portraits/thumb/men/21.jpg"},"nat":"NO"}],"info":{"seed":"eac00adbd4cee463","results":1,"page":1,"version":"1.4"}} 
 </msg>
<msg time="2024-05-21T17:13:21.663601" level="INFO">/opt/hostedtoolcache/Python/3.12.3/x64/lib/python3.12/site-packages/urllib3/connectionpool.py:1103: InsecureRequestWarning: Unverified HTTPS request is being made to host 'randomuser.me'. Adding certificate verification is strongly advised. See: https://urllib3.readthedocs.io/en/latest/advanced-usage.html#tls-warnings
  warnings.warn(</msg>
<msg time="2024-05-21T17:13:21.663720" level="INFO">${response} = &lt;Response [200]&gt;</msg>
<var>${response}</var>
<arg>consultarAPI</arg>
<arg>/api</arg>
<doc>Sends a GET request on a previously created HTTP Session.</doc>
<status status="PASS" start="2024-05-21T17:13:21.594800" elapsed="0.068963"/>
</kw>
<kw name="Should Be Equal As Numbers" owner="BuiltIn">
<msg time="2024-05-21T17:13:21.664744" level="INFO">Argument types are:
&lt;class 'int'&gt;
&lt;class 'str'&gt;</msg>
<arg>${response.status_code}</arg>
<arg>200</arg>
<doc>Fails if objects are unequal after converting them to real numbers.</doc>
<status status="PASS" start="2024-05-21T17:13:21.664254" elapsed="0.000554"/>
</kw>
<kw name="Log" owner="BuiltIn">
<msg time="2024-05-21T17:13:21.665507" level="INFO">200</msg>
<arg>${response.status_code}</arg>
<doc>Logs the given message with the given level.</doc>
<status status="PASS" start="2024-05-21T17:13:21.665156" elapsed="0.000398"/>
</kw>
<kw name="Set Variable" owner="BuiltIn">
<msg time="2024-05-21T17:13:21.666312" level="INFO">${json_data} = {'results': [{'gender': 'male', 'name': {'title': 'Mr', 'first': 'Bernhard', 'last': 'Kowalski'}, 'location': {'street': {'number': 5741, 'name': 'Fredensborgveien'}, 'city': 'Tynset', 'state': 'Akers...</msg>
<var>${json_data}</var>
<arg>${response.json()}</arg>
<doc>Returns the given values which can then be assigned to a variables.</doc>
<status status="PASS" start="2024-05-21T17:13:21.665885" elapsed="0.000456"/>
</kw>
<kw name="Dictionary Should Contain Key" owner="Collections">
<msg time="2024-05-21T17:13:21.666812" level="INFO">False</msg>
<arg>${json_data}</arg>
<arg>results</arg>
<doc>Fails if ``key`` is not found from ``dictionary``.</doc>
<status status="PASS" start="2024-05-21T17:13:21.666642" elapsed="0.000332"/>
</kw>
<status status="PASS" start="2024-05-21T17:13:21.594559" elapsed="0.072675"/>
</kw>
<doc>Testa se a API responde corretamente e retorna um objeto JSON válido.</doc>
<tag>testeRequisicaoBasica</tag>
<status status="PASS" start="2024-05-21T17:13:21.594047" elapsed="0.073355"/>
</test>
<test id="s1-s1-t3" name="Validar estrutura de resposta" line="22">
<kw name="Teste de Estrutura de Resposta" owner="random-user-service">
<kw name="GET On Session" owner="RequestsLibrary">
<msg time="2024-05-21T17:13:21.807267" level="INFO">GET Request : url=https://randomuser.me/api 
 path_url=/api 
 headers={'User-Agent': 'python-requests/2.32.1', 'Accept-Encoding': 'gzip, deflate', 'Accept': '*/*', 'Connection': 'keep-alive'} 
 body=None 
 </msg>
<msg time="2024-05-21T17:13:21.807357" level="INFO">GET Response : url=https://randomuser.me/api 
 status=200, reason=OK 
 headers={'Date': 'Tue, 21 May 2024 17:13:21 GMT', 'Content-Type': 'application/json; charset=utf-8', 'Transfer-Encoding': 'chunked', 'Connection': 'keep-alive', 'X-Powered-By': 'Express', 'Access-Control-Allow-Origin': '*', 'Cache-Control': 'no-cache', 'ETag': 'W/"4af-w1Kj/hepHu8XHT3DJKTTpuvjzDE"', 'Vary': 'Accept-Encoding', 'Content-Encoding': 'gzip', 'CF-Cache-Status': 'DYNAMIC', 'Report-To': '{"endpoints":[{"url":"https:\\/\\/a.nel.cloudflare.com\\/report\\/v4?s=bHtxSWiRiaIbAHmYnOkOSmo%2F%2FRFdkimbHPpxLOld7jTelZa%2BQcYanYymXnIJURAA8F%2BsnUR7Ixd1HorzMv00p1mI4xtm0H%2B4pwQk1LYRecfOQ6ps8aKL%2Bwkfe5puV3e3"}],"group":"cf-nel","max_age":604800}', 'NEL': '{"success_fraction":0,"report_to":"cf-nel","max_age":604800}', 'Server': 'cloudflare', 'CF-RAY': '887632567c701773-IAD', 'alt-svc': 'h3=":443"; ma=86400'} 
 body={"results":[{"gender":"female","name":{"title":"Mrs","first":"Phyllis","last":"Mcdonalid"},"location":{"street":{"number":8839,"name":"Hunters Creek Dr"},"city":"Green Bay","state":"Minnesota","country":"United States","postcode":70021,"coordinates":{"latitude":"85.4730","longitude":"163.3626"},"timezone":{"offset":"+3:00","description":"Baghdad, Riyadh, Moscow, St. Petersburg"}},"email":"phyllis.mcdonalid@example.com","login":{"uuid":"c958e667-af4c-45b1-b11e-b209a991df8f","username":"tinypanda257","password":"aaaaa1","salt":"7pYtTelh","md5":"d71f5600294b035a2f9b4379f7ef25bc","sha1":"0dd81856ffdc6ebdde14ec39a7a669af46242cd3","sha256":"0e8d6bd4d19204422f5cbbc51633a911db2ff8d0bd0d6a344d3c4e4c86c320c6"},"dob":{"date":"1946-04-15T07:02:49.803Z","age":78},"registered":{"date":"2013-12-23T05:49:40.011Z","age":10},"phone":"(651) 895-9157","cell":"(489) 321-4643","id":{"name":"SSN","value":"238-13-4284"},"picture":{"large":"https://randomuser.me/api/portraits/women/64.jpg","medium":"https://randomuser.me/api/portraits/med/women/64.jpg","thumbnail":"https://randomuser.me/api/portraits/thumb/women/64.jpg"},"nat":"US"}],"info":{"seed":"24fb0e61df6189f5","results":1,"page":1,"version":"1.4"}} 
 </msg>
<msg time="2024-05-21T17:13:21.807482" level="INFO">/opt/hostedtoolcache/Python/3.12.3/x64/lib/python3.12/site-packages/urllib3/connectionpool.py:1103: InsecureRequestWarning: Unverified HTTPS request is being made to host 'randomuser.me'. Adding certificate verification is strongly advised. See: https://urllib3.readthedocs.io/en/latest/advanced-usage.html#tls-warnings
  warnings.warn(</msg>
<msg time="2024-05-21T17:13:21.807580" level="INFO">${response} = &lt;Response [200]&gt;</msg>
<var>${response}</var>
<arg>consultarAPI</arg>
<arg>/api</arg>
<doc>Sends a GET request on a previously created HTTP Session.</doc>
<status status="PASS" start="2024-05-21T17:13:21.670036" elapsed="0.137585"/>
</kw>
<kw name="Set Variable" owner="BuiltIn">
<msg time="2024-05-21T17:13:21.808802" level="INFO">${json_data} = {'results': [{'gender': 'female', 'name': {'title': 'Mrs', 'first': 'Phyllis', 'last': 'Mcdonalid'}, 'location': {'street': {'number': 8839, 'name': 'Hunters Creek Dr'}, 'city': 'Green Bay', 'state': ...</msg>
<var>${json_data}</var>
<arg>${response.json()}</arg>
<doc>Returns the given values which can then be assigned to a variables.</doc>
<status status="PASS" start="2024-05-21T17:13:21.808149" elapsed="0.000683"/>
</kw>
<kw name="Log" owner="BuiltIn">
<msg time="2024-05-21T17:13:21.809298" level="INFO">{'results': [{'gender': 'female', 'name': {'title': 'Mrs', 'first': 'Phyllis', 'last': 'Mcdonalid'}, 'location': {'street': {'number': 8839, 'name': 'Hunters Creek Dr'}, 'city': 'Green Bay', 'state': 'Minnesota', 'country': 'United States', 'postcode': 70021, 'coordinates': {'latitude': '85.4730', 'longitude': '163.3626'}, 'timezone': {'offset': '+3:00', 'description': 'Baghdad, Riyadh, Moscow, St. Petersburg'}}, 'email': 'phyllis.mcdonalid@example.com', 'login': {'uuid': 'c958e667-af4c-45b1-b11e-b209a991df8f', 'username': 'tinypanda257', 'password': 'aaaaa1', 'salt': '7pYtTelh', 'md5': 'd71f5600294b035a2f9b4379f7ef25bc', 'sha1': '0dd81856ffdc6ebdde14ec39a7a669af46242cd3', 'sha256': '0e8d6bd4d19204422f5cbbc51633a911db2ff8d0bd0d6a344d3c4e4c86c320c6'}, 'dob': {'date': '1946-04-15T07:02:49.803Z', 'age': 78}, 'registered': {'date': '2013-12-23T05:49:40.011Z', 'age': 10}, 'phone': '(651) 895-9157', 'cell': '(489) 321-4643', 'id': {'name': 'SSN', 'value': '238-13-4284'}, 'picture': {'large': 'https://randomuser.me/api/portraits/women/64.jpg', 'medium': 'https://randomuser.me/api/portraits/med/women/64.jpg', 'thumbnail': 'https://randomuser.me/api/portraits/thumb/women/64.jpg'}, 'nat': 'US'}], 'info': {'seed': '24fb0e61df6189f5', 'results': 1, 'page': 1, 'version': '1.4'}}</msg>
<arg>${json_data}</arg>
<doc>Logs the given message with the given level.</doc>
<status status="PASS" start="2024-05-21T17:13:21.809141" elapsed="0.000206"/>
</kw>
<kw name="Dictionary Should Contain Key" owner="Collections">
<msg time="2024-05-21T17:13:21.809792" level="INFO">False</msg>
<arg>${json_data}</arg>
<arg>results</arg>
<doc>Fails if ``key`` is not found from ``dictionary``.</doc>
<status status="PASS" start="2024-05-21T17:13:21.809639" elapsed="0.000190"/>
</kw>
<kw name="Should Not Be Empty" owner="BuiltIn">
<msg time="2024-05-21T17:13:21.810322" level="INFO">Length is 2.</msg>
<arg>${json_data}</arg>
<doc>Verifies that the given item is not empty.</doc>
<status status="PASS" start="2024-05-21T17:13:21.810184" elapsed="0.000177"/>
</kw>
<kw name="Create List" owner="BuiltIn">
<msg time="2024-05-21T17:13:21.810807" level="INFO">${expected_keys} = ['gender', 'name', 'location', 'email', 'login']</msg>
<var>${expected_keys}</var>
<arg>gender</arg>
<arg>name</arg>
<arg>location</arg>
<arg>email</arg>
<arg>login</arg>
<doc>Returns a list containing given items.</doc>
<status status="PASS" start="2024-05-21T17:13:21.810649" elapsed="0.000183"/>
</kw>
<for flavor="IN">
<iter>
<kw name="Dictionary Should Contain Key" owner="Collections">
<msg time="2024-05-21T17:13:21.811799" level="INFO">False</msg>
<arg>${json_data['results'][0]}</arg>
<arg>${key}</arg>
<doc>Fails if ``key`` is not found from ``dictionary``.</doc>
<status status="PASS" start="2024-05-21T17:13:21.811396" elapsed="0.000447"/>
</kw>
<kw name="Log" owner="BuiltIn">
<msg time="2024-05-21T17:13:21.812505" level="INFO">{'gender': 'female', 'name': {'title': 'Mrs', 'first': 'Phyllis', 'last': 'Mcdonalid'}, 'location': {'street': {'number': 8839, 'name': 'Hunters Creek Dr'}, 'city': 'Green Bay', 'state': 'Minnesota', 'country': 'United States', 'postcode': 70021, 'coordinates': {'latitude': '85.4730', 'longitude': '163.3626'}, 'timezone': {'offset': '+3:00', 'description': 'Baghdad, Riyadh, Moscow, St. Petersburg'}}, 'email': 'phyllis.mcdonalid@example.com', 'login': {'uuid': 'c958e667-af4c-45b1-b11e-b209a991df8f', 'username': 'tinypanda257', 'password': 'aaaaa1', 'salt': '7pYtTelh', 'md5': 'd71f5600294b035a2f9b4379f7ef25bc', 'sha1': '0dd81856ffdc6ebdde14ec39a7a669af46242cd3', 'sha256': '0e8d6bd4d19204422f5cbbc51633a911db2ff8d0bd0d6a344d3c4e4c86c320c6'}, 'dob': {'date': '1946-04-15T07:02:49.803Z', 'age': 78}, 'registered': {'date': '2013-12-23T05:49:40.011Z', 'age': 10}, 'phone': '(651) 895-9157', 'cell': '(489) 321-4643', 'id': {'name': 'SSN', 'value': '238-13-4284'}, 'picture': {'large': 'https://randomuser.me/api/portraits/women/64.jpg', 'medium': 'https://randomuser.me/api/portraits/med/women/64.jpg', 'thumbnail': 'https://randomuser.me/api/portraits/thumb/women/64.jpg'}, 'nat': 'US'}</msg>
<arg>${json_data['results'][0]}</arg>
<doc>Logs the given message with the given level.</doc>
<status status="PASS" start="2024-05-21T17:13:21.812145" elapsed="0.000411"/>
</kw>
<kw name="Log" owner="BuiltIn">
<msg time="2024-05-21T17:13:21.812981" level="INFO">gender</msg>
<arg>${key}</arg>
<doc>Logs the given message with the given level.</doc>
<status status="PASS" start="2024-05-21T17:13:21.812851" elapsed="0.000167"/>
</kw>
<var name="${key}">gender</var>
<status status="PASS" start="2024-05-21T17:13:21.811273" elapsed="0.001961"/>
</iter>
<iter>
<kw name="Dictionary Should Contain Key" owner="Collections">
<msg time="2024-05-21T17:13:21.813975" level="INFO">False</msg>
<arg>${json_data['results'][0]}</arg>
<arg>${key}</arg>
<doc>Fails if ``key`` is not found from ``dictionary``.</doc>
<status status="PASS" start="2024-05-21T17:13:21.813539" elapsed="0.000506"/>
</kw>
<kw name="Log" owner="BuiltIn">
<msg time="2024-05-21T17:13:21.814736" level="INFO">{'gender': 'female', 'name': {'title': 'Mrs', 'first': 'Phyllis', 'last': 'Mcdonalid'}, 'location': {'street': {'number': 8839, 'name': 'Hunters Creek Dr'}, 'city': 'Green Bay', 'state': 'Minnesota', 'country': 'United States', 'postcode': 70021, 'coordinates': {'latitude': '85.4730', 'longitude': '163.3626'}, 'timezone': {'offset': '+3:00', 'description': 'Baghdad, Riyadh, Moscow, St. Petersburg'}}, 'email': 'phyllis.mcdonalid@example.com', 'login': {'uuid': 'c958e667-af4c-45b1-b11e-b209a991df8f', 'username': 'tinypanda257', 'password': 'aaaaa1', 'salt': '7pYtTelh', 'md5': 'd71f5600294b035a2f9b4379f7ef25bc', 'sha1': '0dd81856ffdc6ebdde14ec39a7a669af46242cd3', 'sha256': '0e8d6bd4d19204422f5cbbc51633a911db2ff8d0bd0d6a344d3c4e4c86c320c6'}, 'dob': {'date': '1946-04-15T07:02:49.803Z', 'age': 78}, 'registered': {'date': '2013-12-23T05:49:40.011Z', 'age': 10}, 'phone': '(651) 895-9157', 'cell': '(489) 321-4643', 'id': {'name': 'SSN', 'value': '238-13-4284'}, 'picture': {'large': 'https://randomuser.me/api/portraits/women/64.jpg', 'medium': 'https://randomuser.me/api/portraits/med/women/64.jpg', 'thumbnail': 'https://randomuser.me/api/portraits/thumb/women/64.jpg'}, 'nat': 'US'}</msg>
<arg>${json_data['results'][0]}</arg>
<doc>Logs the given message with the given level.</doc>
<status status="PASS" start="2024-05-21T17:13:21.814351" elapsed="0.000435"/>
</kw>
<kw name="Log" owner="BuiltIn">
<msg time="2024-05-21T17:13:21.815216" level="INFO">name</msg>
<arg>${key}</arg>
<doc>Logs the given message with the given level.</doc>
<status status="PASS" start="2024-05-21T17:13:21.815087" elapsed="0.000167"/>
</kw>
<var name="${key}">name</var>
<status status="PASS" start="2024-05-21T17:13:21.813424" elapsed="0.002044"/>
</iter>
<iter>
<kw name="Dictionary Should Contain Key" owner="Collections">
<msg time="2024-05-21T17:13:21.816147" level="INFO">False</msg>
<arg>${json_data['results'][0]}</arg>
<arg>${key}</arg>
<doc>Fails if ``key`` is not found from ``dictionary``.</doc>
<status status="PASS" start="2024-05-21T17:13:21.815776" elapsed="0.000408"/>
</kw>
<kw name="Log" owner="BuiltIn">
<msg time="2024-05-21T17:13:21.816853" level="INFO">{'gender': 'female', 'name': {'title': 'Mrs', 'first': 'Phyllis', 'last': 'Mcdonalid'}, 'location': {'street': {'number': 8839, 'name': 'Hunters Creek Dr'}, 'city': 'Green Bay', 'state': 'Minnesota', 'country': 'United States', 'postcode': 70021, 'coordinates': {'latitude': '85.4730', 'longitude': '163.3626'}, 'timezone': {'offset': '+3:00', 'description': 'Baghdad, Riyadh, Moscow, St. Petersburg'}}, 'email': 'phyllis.mcdonalid@example.com', 'login': {'uuid': 'c958e667-af4c-45b1-b11e-b209a991df8f', 'username': 'tinypanda257', 'password': 'aaaaa1', 'salt': '7pYtTelh', 'md5': 'd71f5600294b035a2f9b4379f7ef25bc', 'sha1': '0dd81856ffdc6ebdde14ec39a7a669af46242cd3', 'sha256': '0e8d6bd4d19204422f5cbbc51633a911db2ff8d0bd0d6a344d3c4e4c86c320c6'}, 'dob': {'date': '1946-04-15T07:02:49.803Z', 'age': 78}, 'registered': {'date': '2013-12-23T05:49:40.011Z', 'age': 10}, 'phone': '(651) 895-9157', 'cell': '(489) 321-4643', 'id': {'name': 'SSN', 'value': '238-13-4284'}, 'picture': {'large': 'https://randomuser.me/api/portraits/women/64.jpg', 'medium': 'https://randomuser.me/api/portraits/med/women/64.jpg', 'thumbnail': 'https://randomuser.me/api/portraits/thumb/women/64.jpg'}, 'nat': 'US'}</msg>
<arg>${json_data['results'][0]}</arg>
<doc>Logs the given message with the given level.</doc>
<status status="PASS" start="2024-05-21T17:13:21.816486" elapsed="0.000417"/>
</kw>
<kw name="Log" owner="BuiltIn">
<msg time="2024-05-21T17:13:21.817326" level="INFO">location</msg>
<arg>${key}</arg>
<doc>Logs the given message with the given level.</doc>
<status status="PASS" start="2024-05-21T17:13:21.817199" elapsed="0.000166"/>
</kw>
<var name="${key}">location</var>
<status status="PASS" start="2024-05-21T17:13:21.815656" elapsed="0.001927"/>
</iter>
<iter>
<kw name="Dictionary Should Contain Key" owner="Collections">
<msg time="2024-05-21T17:13:21.818441" level="INFO">False</msg>
<arg>${json_data['results'][0]}</arg>
<arg>${key}</arg>
<doc>Fails if ``key`` is not found from ``dictionary``.</doc>
<status status="PASS" start="2024-05-21T17:13:21.817953" elapsed="0.000525"/>
</kw>
<kw name="Log" owner="BuiltIn">
<msg time="2024-05-21T17:13:21.819132" level="INFO">{'gender': 'female', 'name': {'title': 'Mrs', 'first': 'Phyllis', 'last': 'Mcdonalid'}, 'location': {'street': {'number': 8839, 'name': 'Hunters Creek Dr'}, 'city': 'Green Bay', 'state': 'Minnesota', 'country': 'United States', 'postcode': 70021, 'coordinates': {'latitude': '85.4730', 'longitude': '163.3626'}, 'timezone': {'offset': '+3:00', 'description': 'Baghdad, Riyadh, Moscow, St. Petersburg'}}, 'email': 'phyllis.mcdonalid@example.com', 'login': {'uuid': 'c958e667-af4c-45b1-b11e-b209a991df8f', 'username': 'tinypanda257', 'password': 'aaaaa1', 'salt': '7pYtTelh', 'md5': 'd71f5600294b035a2f9b4379f7ef25bc', 'sha1': '0dd81856ffdc6ebdde14ec39a7a669af46242cd3', 'sha256': '0e8d6bd4d19204422f5cbbc51633a911db2ff8d0bd0d6a344d3c4e4c86c320c6'}, 'dob': {'date': '1946-04-15T07:02:49.803Z', 'age': 78}, 'registered': {'date': '2013-12-23T05:49:40.011Z', 'age': 10}, 'phone': '(651) 895-9157', 'cell': '(489) 321-4643', 'id': {'name': 'SSN', 'value': '238-13-4284'}, 'picture': {'large': 'https://randomuser.me/api/portraits/women/64.jpg', 'medium': 'https://randomuser.me/api/portraits/med/women/64.jpg', 'thumbnail': 'https://randomuser.me/api/portraits/thumb/women/64.jpg'}, 'nat': 'US'}</msg>
<arg>${json_data['results'][0]}</arg>
<doc>Logs the given message with the given level.</doc>
<status status="PASS" start="2024-05-21T17:13:21.818779" elapsed="0.000400"/>
</kw>
<kw name="Log" owner="BuiltIn">
<msg time="2024-05-21T17:13:21.819600" level="INFO">email</msg>
<arg>${key}</arg>
<doc>Logs the given message with the given level.</doc>
<status status="PASS" start="2024-05-21T17:13:21.819473" elapsed="0.000165"/>
</kw>
<var name="${key}">email</var>
<status status="PASS" start="2024-05-21T17:13:21.817784" elapsed="0.002067"/>
</iter>
<iter>
<kw name="Dictionary Should Contain Key" owner="Collections">
<msg time="2024-05-21T17:13:21.820520" level="INFO">False</msg>
<arg>${json_data['results'][0]}</arg>
<arg>${key}</arg>
<doc>Fails if ``key`` is not found from ``dictionary``.</doc>
<status status="PASS" start="2024-05-21T17:13:21.820143" elapsed="0.000414"/>
</kw>
<kw name="Log" owner="BuiltIn">
<msg time="2024-05-21T17:13:21.821199" level="INFO">{'gender': 'female', 'name': {'title': 'Mrs', 'first': 'Phyllis', 'last': 'Mcdonalid'}, 'location': {'street': {'number': 8839, 'name': 'Hunters Creek Dr'}, 'city': 'Green Bay', 'state': 'Minnesota', 'country': 'United States', 'postcode': 70021, 'coordinates': {'latitude': '85.4730', 'longitude': '163.3626'}, 'timezone': {'offset': '+3:00', 'description': 'Baghdad, Riyadh, Moscow, St. Petersburg'}}, 'email': 'phyllis.mcdonalid@example.com', 'login': {'uuid': 'c958e667-af4c-45b1-b11e-b209a991df8f', 'username': 'tinypanda257', 'password': 'aaaaa1', 'salt': '7pYtTelh', 'md5': 'd71f5600294b035a2f9b4379f7ef25bc', 'sha1': '0dd81856ffdc6ebdde14ec39a7a669af46242cd3', 'sha256': '0e8d6bd4d19204422f5cbbc51633a911db2ff8d0bd0d6a344d3c4e4c86c320c6'}, 'dob': {'date': '1946-04-15T07:02:49.803Z', 'age': 78}, 'registered': {'date': '2013-12-23T05:49:40.011Z', 'age': 10}, 'phone': '(651) 895-9157', 'cell': '(489) 321-4643', 'id': {'name': 'SSN', 'value': '238-13-4284'}, 'picture': {'large': 'https://randomuser.me/api/portraits/women/64.jpg', 'medium': 'https://randomuser.me/api/portraits/med/women/64.jpg', 'thumbnail': 'https://randomuser.me/api/portraits/thumb/women/64.jpg'}, 'nat': 'US'}</msg>
<arg>${json_data['results'][0]}</arg>
<doc>Logs the given message with the given level.</doc>
<status status="PASS" start="2024-05-21T17:13:21.820849" elapsed="0.000397"/>
</kw>
<kw name="Log" owner="BuiltIn">
<msg time="2024-05-21T17:13:21.821694" level="INFO">login</msg>
<arg>${key}</arg>
<doc>Logs the given message with the given level.</doc>
<status status="PASS" start="2024-05-21T17:13:21.821566" elapsed="0.000166"/>
</kw>
<var name="${key}">login</var>
<status status="PASS" start="2024-05-21T17:13:21.820030" elapsed="0.001961"/>
</iter>
<var>${key}</var>
<value>@{expected_keys}</value>
<status status="PASS" start="2024-05-21T17:13:21.811088" elapsed="0.011028"/>
</for>
<kw name="Create List" owner="BuiltIn">
<msg time="2024-05-21T17:13:21.822449" level="INFO">${expected_keysTwo} = ['username', 'password']</msg>
<var>${expected_keysTwo}</var>
<arg>username</arg>
<arg>password</arg>
<doc>Returns a list containing given items.</doc>
<status status="PASS" start="2024-05-21T17:13:21.822310" elapsed="0.000163"/>
</kw>
<for flavor="IN">
<iter>
<kw name="Dictionary Should Contain Key" owner="Collections">
<msg time="2024-05-21T17:13:21.823356" level="INFO">False</msg>
<arg>${json_data['results'][0]['login']}</arg>
<arg>${keyTwo}</arg>
<doc>Fails if ``key`` is not found from ``dictionary``.</doc>
<status status="PASS" start="2024-05-21T17:13:21.822973" elapsed="0.000421"/>
</kw>
<kw name="Dictionary Should Contain Key" owner="Collections">
<msg time="2024-05-21T17:13:21.824066" level="INFO">False</msg>
<arg>${json_data['results'][0]['login']}</arg>
<arg>${keyTwo}</arg>
<doc>Fails if ``key`` is not found from ``dictionary``.</doc>
<status status="PASS" start="2024-05-21T17:13:21.823687" elapsed="0.000416"/>
</kw>
<kw name="Log" owner="BuiltIn">
<msg time="2024-05-21T17:13:21.824520" level="INFO">username</msg>
<arg>${keyTwo}</arg>
<doc>Logs the given message with the given level.</doc>
<status status="PASS" start="2024-05-21T17:13:21.824393" elapsed="0.000163"/>
</kw>
<var name="${keyTwo}">username</var>
<status status="PASS" start="2024-05-21T17:13:21.822863" elapsed="0.001908"/>
</iter>
<iter>
<kw name="Dictionary Should Contain Key" owner="Collections">
<msg time="2024-05-21T17:13:21.825428" level="INFO">False</msg>
<arg>${json_data['results'][0]['login']}</arg>
<arg>${keyTwo}</arg>
<doc>Fails if ``key`` is not found from ``dictionary``.</doc>
<status status="PASS" start="2024-05-21T17:13:21.825051" elapsed="0.000415"/>
</kw>
<kw name="Dictionary Should Contain Key" owner="Collections">
<msg time="2024-05-21T17:13:21.826169" level="INFO">False</msg>
<arg>${json_data['results'][0]['login']}</arg>
<arg>${keyTwo}</arg>
<doc>Fails if ``key`` is not found from ``dictionary``.</doc>
<status status="PASS" start="2024-05-21T17:13:21.825760" elapsed="0.000446"/>
</kw>
<kw name="Log" owner="BuiltIn">
<msg time="2024-05-21T17:13:21.826627" level="INFO">password</msg>
<arg>${keyTwo}</arg>
<doc>Logs the given message with the given level.</doc>
<status status="PASS" start="2024-05-21T17:13:21.826501" elapsed="0.000162"/>
</kw>
<var name="${keyTwo}">password</var>
<status status="PASS" start="2024-05-21T17:13:21.824943" elapsed="0.001939"/>
</iter>
<var>${keyTwo}</var>
<value>@{expected_keysTwo}</value>
<status status="PASS" start="2024-05-21T17:13:21.822711" elapsed="0.004292"/>
</for>
<status status="PASS" start="2024-05-21T17:13:21.669777" elapsed="0.157364"/>
</kw>
<doc>Testa a estrutura da resposta da API.</doc>
<tag>testeEstruturaResposta</tag>
<status status="PASS" start="2024-05-21T17:13:21.669198" elapsed="0.158089"/>
</test>
<test id="s1-s1-t4" name="Validar tipos de dados" line="28">
<kw name="Teste de Tipos de Dados" owner="random-user-service">
<kw name="GET On Session" owner="RequestsLibrary">
<msg time="2024-05-21T17:13:21.922615" level="INFO">GET Request : url=https://randomuser.me/api 
 path_url=/api 
 headers={'User-Agent': 'python-requests/2.32.1', 'Accept-Encoding': 'gzip, deflate', 'Accept': '*/*', 'Connection': 'keep-alive'} 
 body=None 
 </msg>
<msg time="2024-05-21T17:13:21.922696" level="INFO">GET Response : url=https://randomuser.me/api 
 status=200, reason=OK 
 headers={'Date': 'Tue, 21 May 2024 17:13:21 GMT', 'Content-Type': 'application/json; charset=utf-8', 'Transfer-Encoding': 'chunked', 'Connection': 'keep-alive', 'X-Powered-By': 'Express', 'Access-Control-Allow-Origin': '*', 'Cache-Control': 'no-cache', 'ETag': 'W/"49e-fIB6nRnr806pOZKUxWKrXblHfrI"', 'Vary': 'Accept-Encoding', 'Content-Encoding': 'gzip', 'CF-Cache-Status': 'DYNAMIC', 'Report-To': '{"endpoints":[{"url":"https:\\/\\/a.nel.cloudflare.com\\/report\\/v4?s=Hr3NCfCnVzOKJfjAQItwktQMI6zXUF6Pz4raMa63CfzNUPGZRxE1PprMMKv3OkBy%2BRZWkWy4MLBaX5d39m3%2FRE99OkrsA9WdfF77pEgqBKuDFtrX52gtzd4Stkeg%2FyVN"}],"group":"cf-nel","max_age":604800}', 'NEL': '{"success_fraction":0,"report_to":"cf-nel","max_age":604800}', 'Server': 'cloudflare', 'CF-RAY': '887632577d151773-IAD', 'alt-svc': 'h3=":443"; ma=86400'} 
 body={"results":[{"gender":"female","name":{"title":"Ms","first":"Nevena","last":"Trajković"},"location":{"street":{"number":366,"name":"Draginje Vlašić"},"city":"Svrljig","state":"Zaječar","country":"Serbia","postcode":65449,"coordinates":{"latitude":"56.4762","longitude":"87.5477"},"timezone":{"offset":"+10:00","description":"Eastern Australia, Guam, Vladivostok"}},"email":"nevena.trajkovic@example.com","login":{"uuid":"addf02df-99f8-4f87-a1c7-865f3cce02c6","username":"heavyleopard481","password":"shepherd","salt":"L0I9IEBf","md5":"8c2b0c636355ae826022118a441747e9","sha1":"c38c90e5e75a8ac9e1446c847f0297631a37ba67","sha256":"22c906613b3c8abef91ff398907f3c0ce3914df8f4cb243218a7eb4fa42c4381"},"dob":{"date":"1964-12-31T19:04:24.809Z","age":59},"registered":{"date":"2021-09-05T19:15:11.870Z","age":2},"phone":"037-9017-447","cell":"064-2451-640","id":{"name":"SID","value":"000895142"},"picture":{"large":"https://randomuser.me/api/portraits/women/22.jpg","medium":"https://randomuser.me/api/portraits/med/women/22.jpg","thumbnail":"https://randomuser.me/api/portraits/thumb/women/22.jpg"},"nat":"RS"}],"info":{"seed":"7abe058d0803a5d5","results":1,"page":1,"version":"1.4"}} 
 </msg>
<msg time="2024-05-21T17:13:21.922759" level="INFO">/opt/hostedtoolcache/Python/3.12.3/x64/lib/python3.12/site-packages/urllib3/connectionpool.py:1103: InsecureRequestWarning: Unverified HTTPS request is being made to host 'randomuser.me'. Adding certificate verification is strongly advised. See: https://urllib3.readthedocs.io/en/latest/advanced-usage.html#tls-warnings
  warnings.warn(</msg>
<msg time="2024-05-21T17:13:21.922844" level="INFO">${response} = &lt;Response [200]&gt;</msg>
<var>${response}</var>
<arg>consultarAPI</arg>
<arg>/api</arg>
<doc>Sends a GET request on a previously created HTTP Session.</doc>
<status status="PASS" start="2024-05-21T17:13:21.829668" elapsed="0.093204"/>
</kw>
<kw name="Set Variable" owner="BuiltIn">
<msg time="2024-05-21T17:13:21.923720" level="INFO">${json_data} = {'results': [{'gender': 'female', 'name': {'title': 'Ms', 'first': 'Nevena', 'last': 'Trajković'}, 'location': {'street': {'number': 366, 'name': 'Draginje Vlašić'}, 'city': 'Svrljig', 'state': 'Zaječ...</msg>
<var>${json_data}</var>
<arg>${response.json()}</arg>
<doc>Returns the given values which can then be assigned to a variables.</doc>
<status status="PASS" start="2024-05-21T17:13:21.923263" elapsed="0.000489"/>
</kw>
<kw name="Log" owner="BuiltIn">
<msg time="2024-05-21T17:13:21.924224" level="INFO">{'results': [{'gender': 'female', 'name': {'title': 'Ms', 'first': 'Nevena', 'last': 'Trajković'}, 'location': {'street': {'number': 366, 'name': 'Draginje Vlašić'}, 'city': 'Svrljig', 'state': 'Zaječar', 'country': 'Serbia', 'postcode': 65449, 'coordinates': {'latitude': '56.4762', 'longitude': '87.5477'}, 'timezone': {'offset': '+10:00', 'description': 'Eastern Australia, Guam, Vladivostok'}}, 'email': 'nevena.trajkovic@example.com', 'login': {'uuid': 'addf02df-99f8-4f87-a1c7-865f3cce02c6', 'username': 'heavyleopard481', 'password': 'shepherd', 'salt': 'L0I9IEBf', 'md5': '8c2b0c636355ae826022118a441747e9', 'sha1': 'c38c90e5e75a8ac9e1446c847f0297631a37ba67', 'sha256': '22c906613b3c8abef91ff398907f3c0ce3914df8f4cb243218a7eb4fa42c4381'}, 'dob': {'date': '1964-12-31T19:04:24.809Z', 'age': 59}, 'registered': {'date': '2021-09-05T19:15:11.870Z', 'age': 2}, 'phone': '037-9017-447', 'cell': '064-2451-640', 'id': {'name': 'SID', 'value': '000895142'}, 'picture': {'large': 'https://randomuser.me/api/portraits/women/22.jpg', 'medium': 'https://randomuser.me/api/portraits/med/women/22.jpg', 'thumbnail': 'https://randomuser.me/api/portraits/thumb/women/22.jpg'}, 'nat': 'RS'}], 'info': {'seed': '7abe058d0803a5d5', 'results': 1, 'page': 1, 'version': '1.4'}}</msg>
<arg>${json_data}</arg>
<doc>Logs the given message with the given level.</doc>
<status status="PASS" start="2024-05-21T17:13:21.924067" elapsed="0.000240"/>
</kw>
<kw name="Should Be String" owner="String">
<arg>${json_data['results'][0]['gender']}</arg>
<doc>Fails if the given ``item`` is not a string.</doc>
<status status="PASS" start="2024-05-21T17:13:21.924614" elapsed="0.000355"/>
</kw>
<kw name="Should Match Regexp" owner="BuiltIn">
<arg>${json_data['results'][0]['email']}</arg>
<arg>^[a-zA-Z0-9._%+-]+@[a-zA-Z0-9.-]+\.[a-zA-Z]{2,}$</arg>
<doc>Fails if ``string`` does not match ``pattern`` as a regular expression.</doc>
<status status="PASS" start="2024-05-21T17:13:21.925170" elapsed="0.000628"/>
</kw>
<kw name="Should Match Regexp" owner="BuiltIn">
<arg>${json_data['results'][0]['dob']['date']}</arg>
<arg>\\d{4}-\\d{2}-\\d{2}T\\d{2}:\\d{2}:\\d{2}\\.\\d{3}Z</arg>
<doc>Fails if ``string`` does not match ``pattern`` as a regular expression.</doc>
<status status="PASS" start="2024-05-21T17:13:21.926039" elapsed="0.000496"/>
</kw>
<kw name="Should Match Regexp" owner="BuiltIn">
<arg>${json_data['results'][0]['registered']['date']}</arg>
<arg>\\d{4}-\\d{2}-\\d{2}T\\d{2}:\\d{2}:\\d{2}\\.\\d{3}Z</arg>
<doc>Fails if ``string`` does not match ``pattern`` as a regular expression.</doc>
<status status="PASS" start="2024-05-21T17:13:21.926729" elapsed="0.000364"/>
</kw>
<kw name="Should Match Regexp" owner="BuiltIn">
<arg>${json_data['results'][0]['picture']['large']}</arg>
<arg>^https?://.*\.(?:png|jpe?g|gif|bmp)$</arg>
<doc>Fails if ``string`` does not match ``pattern`` as a regular expression.</doc>
<status status="PASS" start="2024-05-21T17:13:21.927287" elapsed="0.000461"/>
</kw>
<kw name="Should Match Regexp" owner="BuiltIn">
<arg>${json_data['results'][0]['picture']['medium']}</arg>
<arg>^https?://.*\.(?:png|jpe?g|gif|bmp)$</arg>
<doc>Fails if ``string`` does not match ``pattern`` as a regular expression.</doc>
<status status="PASS" start="2024-05-21T17:13:21.927941" elapsed="0.000359"/>
</kw>
<kw name="Should Match Regexp" owner="BuiltIn">
<arg>${json_data['results'][0]['picture']['thumbnail']}</arg>
<arg>^https?://.*\.(?:png|jpe?g|gif|bmp)$</arg>
<doc>Fails if ``string`` does not match ``pattern`` as a regular expression.</doc>
<status status="PASS" start="2024-05-21T17:13:21.928487" elapsed="0.000348"/>
</kw>
<kw name="Log" owner="BuiltIn">
<msg time="2024-05-21T17:13:21.929338" level="INFO">{'large': 'https://randomuser.me/api/portraits/women/22.jpg', 'medium': 'https://randomuser.me/api/portraits/med/women/22.jpg', 'thumbnail': 'https://randomuser.me/api/portraits/thumb/women/22.jpg'}</msg>
<arg>${json_data['results'][0]['picture']}</arg>
<doc>Logs the given message with the given level.</doc>
<status status="PASS" start="2024-05-21T17:13:21.929017" elapsed="0.000363"/>
</kw>
<status status="PASS" start="2024-05-21T17:13:21.829442" elapsed="0.100193"/>
</kw>
<kw name="Teste de Tipos de Dados - Postcode" owner="random-user-service">
<kw name="GET On Session" owner="RequestsLibrary">
<msg time="2024-05-21T17:13:21.983007" level="INFO">GET Request : url=https://randomuser.me/api 
 path_url=/api 
 headers={'User-Agent': 'python-requests/2.32.1', 'Accept-Encoding': 'gzip, deflate', 'Accept': '*/*', 'Connection': 'keep-alive'} 
 body=None 
 </msg>
<msg time="2024-05-21T17:13:21.983087" level="INFO">GET Response : url=https://randomuser.me/api 
 status=200, reason=OK 
 headers={'Date': 'Tue, 21 May 2024 17:13:21 GMT', 'Content-Type': 'application/json; charset=utf-8', 'Transfer-Encoding': 'chunked', 'Connection': 'keep-alive', 'X-Powered-By': 'Express', 'Access-Control-Allow-Origin': '*', 'Cache-Control': 'no-cache', 'ETag': 'W/"476-2asuVo/iXM84dTna+uQRZ7Jf/sI"', 'Vary': 'Accept-Encoding', 'Content-Encoding': 'gzip', 'CF-Cache-Status': 'DYNAMIC', 'Report-To': '{"endpoints":[{"url":"https:\\/\\/a.nel.cloudflare.com\\/report\\/v4?s=YoiYKJ0yeqDcH7TJpVO3hx4P5cooaBBES8GyJXUDtH5lYdoFf10F1OBGXtq1UWRZZoM1YTbACNLebtH3AUZwkmrNQYHho9Ty2P%2BqIIQHAPZ7wj3jNglOsDzrQELQrsW3"}],"group":"cf-nel","max_age":604800}', 'NEL': '{"success_fraction":0,"report_to":"cf-nel","max_age":604800}', 'Server': 'cloudflare', 'CF-RAY': '887632581d871773-IAD', 'alt-svc': 'h3=":443"; ma=86400'} 
 body={"results":[{"gender":"male","name":{"title":"Mr","first":"Anton","last":"Ahonen"},"location":{"street":{"number":9365,"name":"Korkeavuorenkatu"},"city":"Vantaa","state":"Uusimaa","country":"Finland","postcode":67358,"coordinates":{"latitude":"-28.9283","longitude":"-110.7113"},"timezone":{"offset":"-10:00","description":"Hawaii"}},"email":"anton.ahonen@example.com","login":{"uuid":"101e5eea-fbf1-47a2-ba2a-31e26f70520e","username":"blueostrich276","password":"people","salt":"9R0fBQiB","md5":"b1298f65fee47ddc309dbd2aeed68575","sha1":"a6c5f5d2ad5d0323692f586d690e565aa7a86f09","sha256":"18b3387543eabf9e8937f9a42c85cdd4265aa4d7cbb880561c727e253309f013"},"dob":{"date":"1950-03-14T23:43:49.287Z","age":74},"registered":{"date":"2021-01-27T08:00:18.081Z","age":3},"phone":"05-940-310","cell":"049-856-44-00","id":{"name":"HETU","value":"NaNNA689undefined"},"picture":{"large":"https://randomuser.me/api/portraits/men/16.jpg","medium":"https://randomuser.me/api/portraits/med/men/16.jpg","thumbnail":"https://randomuser.me/api/portraits/thumb/men/16.jpg"},"nat":"FI"}],"info":{"seed":"71f18fdab7d8f968","results":1,"page":1,"version":"1.4"}} 
 </msg>
<msg time="2024-05-21T17:13:21.983160" level="INFO">/opt/hostedtoolcache/Python/3.12.3/x64/lib/python3.12/site-packages/urllib3/connectionpool.py:1103: InsecureRequestWarning: Unverified HTTPS request is being made to host 'randomuser.me'. Adding certificate verification is strongly advised. See: https://urllib3.readthedocs.io/en/latest/advanced-usage.html#tls-warnings
  warnings.warn(</msg>
<msg time="2024-05-21T17:13:21.983269" level="INFO">${response} = &lt;Response [200]&gt;</msg>
<var>${response}</var>
<arg>consultarAPI</arg>
<arg>/api</arg>
<doc>Sends a GET request on a previously created HTTP Session.</doc>
<status status="PASS" start="2024-05-21T17:13:21.930097" elapsed="0.053210"/>
</kw>
<kw name="Set Variable" owner="BuiltIn">
<msg time="2024-05-21T17:13:21.984250" level="INFO">${json_data} = {'results': [{'gender': 'male', 'name': {'title': 'Mr', 'first': 'Anton', 'last': 'Ahonen'}, 'location': {'street': {'number': 9365, 'name': 'Korkeavuorenkatu'}, 'city': 'Vantaa', 'state': 'Uusimaa', ...</msg>
<var>${json_data}</var>
<arg>${response.json()}</arg>
<doc>Returns the given values which can then be assigned to a variables.</doc>
<status status="PASS" start="2024-05-21T17:13:21.983795" elapsed="0.000482"/>
</kw>
<kw name="Log" owner="BuiltIn">
<msg time="2024-05-21T17:13:21.984738" level="INFO">{'results': [{'gender': 'male', 'name': {'title': 'Mr', 'first': 'Anton', 'last': 'Ahonen'}, 'location': {'street': {'number': 9365, 'name': 'Korkeavuorenkatu'}, 'city': 'Vantaa', 'state': 'Uusimaa', 'country': 'Finland', 'postcode': 67358, 'coordinates': {'latitude': '-28.9283', 'longitude': '-110.7113'}, 'timezone': {'offset': '-10:00', 'description': 'Hawaii'}}, 'email': 'anton.ahonen@example.com', 'login': {'uuid': '101e5eea-fbf1-47a2-ba2a-31e26f70520e', 'username': 'blueostrich276', 'password': 'people', 'salt': '9R0fBQiB', 'md5': 'b1298f65fee47ddc309dbd2aeed68575', 'sha1': 'a6c5f5d2ad5d0323692f586d690e565aa7a86f09', 'sha256': '18b3387543eabf9e8937f9a42c85cdd4265aa4d7cbb880561c727e253309f013'}, 'dob': {'date': '1950-03-14T23:43:49.287Z', 'age': 74}, 'registered': {'date': '2021-01-27T08:00:18.081Z', 'age': 3}, 'phone': '05-940-310', 'cell': '049-856-44-00', 'id': {'name': 'HETU', 'value': 'NaNNA689undefined'}, 'picture': {'large': 'https://randomuser.me/api/portraits/men/16.jpg', 'medium': 'https://randomuser.me/api/portraits/med/men/16.jpg', 'thumbnail': 'https://randomuser.me/api/portraits/thumb/men/16.jpg'}, 'nat': 'FI'}], 'info': {'seed': '71f18fdab7d8f968', 'results': 1, 'page': 1, 'version': '1.4'}}</msg>
<arg>${json_data}</arg>
<doc>Logs the given message with the given level.</doc>
<status status="PASS" start="2024-05-21T17:13:21.984585" elapsed="0.000232"/>
</kw>
<kw name="Should Be Equal As Numbers" owner="BuiltIn">
<arg>${json_data['results'][0]['location']['postcode']}</arg>
<arg>${json_data['results'][0]['location']['postcode']}</arg>
<doc>Fails if objects are unequal after converting them to real numbers.</doc>
<status status="PASS" start="2024-05-21T17:13:21.985117" elapsed="0.000622"/>
</kw>
<kw name="Log" owner="BuiltIn">
<msg time="2024-05-21T17:13:21.986314" level="INFO">67358</msg>
<arg>${json_data['results'][0]['location']['postcode']}</arg>
<doc>Logs the given message with the given level.</doc>
<status status="PASS" start="2024-05-21T17:13:21.985964" elapsed="0.000390"/>
</kw>
<status status="PASS" start="2024-05-21T17:13:21.929866" elapsed="0.056762"/>
</kw>
<doc>Testa se os tipos de dados na resposta da API estão corretos.</doc>
<tag>testeTiposDados</tag>
<status status="PASS" start="2024-05-21T17:13:21.829006" elapsed="0.157779"/>
</test>
<test id="s1-s1-t5" name="Validar conteudo" line="35">
<kw name="Teste de Tipos de Conteudo" owner="random-user-service">
<kw name="GET On Session" owner="RequestsLibrary">
<msg time="2024-05-21T17:13:22.110986" level="INFO">GET Request : url=https://randomuser.me/api 
 path_url=/api 
 headers={'User-Agent': 'python-requests/2.32.1', 'Accept-Encoding': 'gzip, deflate', 'Accept': '*/*', 'Connection': 'keep-alive'} 
 body=None 
 </msg>
<msg time="2024-05-21T17:13:22.111084" level="INFO">GET Response : url=https://randomuser.me/api 
 status=200, reason=OK 
 headers={'Date': 'Tue, 21 May 2024 17:13:22 GMT', 'Content-Type': 'application/json; charset=utf-8', 'Transfer-Encoding': 'chunked', 'Connection': 'keep-alive', 'X-Powered-By': 'Express', 'Access-Control-Allow-Origin': '*', 'Cache-Control': 'no-cache', 'ETag': 'W/"48e-3WL2bz99PQ0S2EzlLtK3zgwte3c"', 'Vary': 'Accept-Encoding', 'Content-Encoding': 'gzip', 'CF-Cache-Status': 'DYNAMIC', 'Report-To': '{"endpoints":[{"url":"https:\\/\\/a.nel.cloudflare.com\\/report\\/v4?s=aFnHjOSm6deF%2FcFKydTcgPkAo4S8JKfCQFaEFpGzc6Vejm36zH4LsYGJLgLr1TSJPsfqRVd8ornnYftCHTdDKERGoHeQW7Ek7eVyJ4yx4K4PpiYq8RH8CYmXszkcz6xZ"}],"group":"cf-nel","max_age":604800}', 'NEL': '{"success_fraction":0,"report_to":"cf-nel","max_age":604800}', 'Server': 'cloudflare', 'CF-RAY': '887632587dcf1773-IAD', 'alt-svc': 'h3=":443"; ma=86400'} 
 body={"results":[{"gender":"male","name":{"title":"Mr","first":"Jacinto","last":"Vergara"},"location":{"street":{"number":9377,"name":"Continuación Nayarit"},"city":"Zacamulpa","state":"Yucatan","country":"Mexico","postcode":36331,"coordinates":{"latitude":"27.2238","longitude":"-9.5531"},"timezone":{"offset":"-11:00","description":"Midway Island, Samoa"}},"email":"jacinto.vergara@example.com","login":{"uuid":"7f0f7ff4-324b-432c-87b4-14fbda640002","username":"sadfish181","password":"jackjack","salt":"piqUmjWV","md5":"d3f68f14c9ba8b53c3e6c4336963dfde","sha1":"3ff2cfe110e207627f467d34217f1851fe805681","sha256":"7023e1b9e6745d22875f24a9f0f89761fef50fac6eadc57a05716e52a02535bb"},"dob":{"date":"1960-09-11T08:29:49.658Z","age":63},"registered":{"date":"2022-03-09T11:40:14.890Z","age":2},"phone":"(686) 430 0015","cell":"(613) 422 2078","id":{"name":"NSS","value":"28 89 83 8069 7"},"picture":{"large":"https://randomuser.me/api/portraits/men/73.jpg","medium":"https://randomuser.me/api/portraits/med/men/73.jpg","thumbnail":"https://randomuser.me/api/portraits/thumb/men/73.jpg"},"nat":"MX"}],"info":{"seed":"a33b1251fa7f3d7c","results":1,"page":1,"version":"1.4"}} 
 </msg>
<msg time="2024-05-21T17:13:22.111160" level="INFO">/opt/hostedtoolcache/Python/3.12.3/x64/lib/python3.12/site-packages/urllib3/connectionpool.py:1103: InsecureRequestWarning: Unverified HTTPS request is being made to host 'randomuser.me'. Adding certificate verification is strongly advised. See: https://urllib3.readthedocs.io/en/latest/advanced-usage.html#tls-warnings
  warnings.warn(</msg>
<msg time="2024-05-21T17:13:22.111280" level="INFO">${response} = &lt;Response [200]&gt;</msg>
<var>${response}</var>
<arg>consultarAPI</arg>
<arg>/api</arg>
<doc>Sends a GET request on a previously created HTTP Session.</doc>
<status status="PASS" start="2024-05-21T17:13:21.989163" elapsed="0.122153"/>
</kw>
<kw name="Set Variable" owner="BuiltIn">
<msg time="2024-05-21T17:13:22.112387" level="INFO">${json_data} = {'results': [{'gender': 'male', 'name': {'title': 'Mr', 'first': 'Jacinto', 'last': 'Vergara'}, 'location': {'street': {'number': 9377, 'name': 'Continuación Nayarit'}, 'city': 'Zacamulpa', 'state': '...</msg>
<var>${json_data}</var>
<arg>${response.json()}</arg>
<doc>Returns the given values which can then be assigned to a variables.</doc>
<status status="PASS" start="2024-05-21T17:13:22.111863" elapsed="0.000562"/>
</kw>
<kw name="Set Variable" owner="BuiltIn">
<msg time="2024-05-21T17:13:22.113118" level="INFO">${name_title} = Mr</msg>
<var>${name_title}</var>
<arg>${json_data["results"][0]["name"]["title"]}</arg>
<doc>Returns the given values which can then be assigned to a variables.</doc>
<status status="PASS" start="2024-05-21T17:13:22.112731" elapsed="0.000412"/>
</kw>
<kw name="Create List" owner="BuiltIn">
<msg time="2024-05-21T17:13:22.113595" level="INFO">${allowed_titles} = ['Mr', 'Ms', 'Miss', 'Mrs', 'Madame', 'Monsieur']</msg>
<var>${allowed_titles}</var>
<arg>Mr</arg>
<arg>Ms</arg>
<arg>Miss</arg>
<arg>Mrs</arg>
<arg>Madame</arg>
<arg>Monsieur</arg>
<doc>Returns a list containing given items.</doc>
<status status="PASS" start="2024-05-21T17:13:22.113443" elapsed="0.000177"/>
</kw>
<kw name="List Should Contain Value" owner="Collections">
<msg time="2024-05-21T17:13:22.114146" level="INFO">False</msg>
<arg>${allowed_titles}</arg>
<arg>${name_title}</arg>
<doc>Fails if the ``value`` is not found from ``list``.</doc>
<status status="PASS" start="2024-05-21T17:13:22.113968" elapsed="0.000215"/>
</kw>
<kw name="Set Variable" owner="BuiltIn">
<msg time="2024-05-21T17:13:22.115045" level="INFO">${name_country} = MX</msg>
<var>${name_country}</var>
<arg>${json_data["results"][0]["nat"]}</arg>
<doc>Returns the given values which can then be assigned to a variables.</doc>
<status status="PASS" start="2024-05-21T17:13:22.114475" elapsed="0.000596"/>
</kw>
<kw name="Create List" owner="BuiltIn">
<msg time="2024-05-21T17:13:22.115984" level="INFO">${list_country} = ['AD', 'AE', 'AF', 'AG', 'AI', 'AL', 'AM', 'AO', 'AQ', 'AR', 'AS', 'AT', 'AU', 'AW', 'AX', 'AZ', 'BA', 'BB', 'BD', 'BE', 'BF', 'BG', 'BH', 'BI', 'BJ', 'BL', 'BM', 'BN', 'BO', 'BQ', 'BR', 'BS', 'BT', '...</msg>
<var>${list_country}</var>
<arg>AD</arg>
<arg>AE</arg>
<arg>AF</arg>
<arg>AG</arg>
<arg>AI</arg>
<arg>AL</arg>
<arg>AM</arg>
<arg>AO</arg>
<arg>AQ</arg>
<arg>AR</arg>
<arg>AS</arg>
<arg>AT</arg>
<arg>AU</arg>
<arg>AW</arg>
<arg>AX</arg>
<arg>AZ</arg>
<arg>BA</arg>
<arg>BB</arg>
<arg>BD</arg>
<arg>BE</arg>
<arg>BF</arg>
<arg>BG</arg>
<arg>BH</arg>
<arg>BI</arg>
<arg>BJ</arg>
<arg>BL</arg>
<arg>BM</arg>
<arg>BN</arg>
<arg>BO</arg>
<arg>BQ</arg>
<arg>BR</arg>
<arg>BS</arg>
<arg>BT</arg>
<arg>BV</arg>
<arg>BW</arg>
<arg>BY</arg>
<arg>BZ</arg>
<arg>CA</arg>
<arg>CC</arg>
<arg>CD</arg>
<arg>CF</arg>
<arg>CG</arg>
<arg>CH</arg>
<arg>CI</arg>
<arg>CK</arg>
<arg>CL</arg>
<arg>CM</arg>
<arg>CN</arg>
<arg>CO</arg>
<arg>CR</arg>
<arg>CU</arg>
<arg>CV</arg>
<arg>CW</arg>
<arg>CX</arg>
<arg>CY</arg>
<arg>CZ</arg>
<arg>DE</arg>
<arg>DJ</arg>
<arg>DK</arg>
<arg>DM</arg>
<arg>DO</arg>
<arg>DZ</arg>
<arg>EC</arg>
<arg>EE</arg>
<arg>EG</arg>
<arg>EH</arg>
<arg>ER</arg>
<arg>ES</arg>
<arg>ET</arg>
<arg>FI</arg>
<arg>FJ</arg>
<arg>FK</arg>
<arg>FM</arg>
<arg>FO</arg>
<arg>FR</arg>
<arg>GA</arg>
<arg>GB</arg>
<arg>GD</arg>
<arg>GE</arg>
<arg>GF</arg>
<arg>GG</arg>
<arg>GH</arg>
<arg>GI</arg>
<arg>GL</arg>
<arg>GM</arg>
<arg>GN</arg>
<arg>GP</arg>
<arg>GQ</arg>
<arg>GR</arg>
<arg>GS</arg>
<arg>GT</arg>
<arg>GU</arg>
<arg>GW</arg>
<arg>GY</arg>
<arg>HK</arg>
<arg>HM</arg>
<arg>HN</arg>
<arg>HR</arg>
<arg>HT</arg>
<arg>HU</arg>
<arg>ID</arg>
<arg>IE</arg>
<arg>IL</arg>
<arg>IM</arg>
<arg>IN</arg>
<arg>IO</arg>
<arg>IQ</arg>
<arg>IR</arg>
<arg>IS</arg>
<arg>IT</arg>
<arg>JE</arg>
<arg>JM</arg>
<arg>JO</arg>
<arg>JP</arg>
<arg>KE</arg>
<arg>KG</arg>
<arg>KH</arg>
<arg>KI</arg>
<arg>KM</arg>
<arg>KN</arg>
<arg>KP</arg>
<arg>KR</arg>
<arg>KW</arg>
<arg>KY</arg>
<arg>KZ</arg>
<arg>LA</arg>
<arg>LB</arg>
<arg>LC</arg>
<arg>LI</arg>
<arg>LK</arg>
<arg>LR</arg>
<arg>LS</arg>
<arg>LT</arg>
<arg>LU</arg>
<arg>LV</arg>
<arg>LY</arg>
<arg>MA</arg>
<arg>MC</arg>
<arg>MD</arg>
<arg>ME</arg>
<arg>MF</arg>
<arg>MG</arg>
<arg>MH</arg>
<arg>MK</arg>
<arg>ML</arg>
<arg>MM</arg>
<arg>MN</arg>
<arg>MO</arg>
<arg>MP</arg>
<arg>MQ</arg>
<arg>MR</arg>
<arg>MS</arg>
<arg>MT</arg>
<arg>MU</arg>
<arg>MV</arg>
<arg>MW</arg>
<arg>MX</arg>
<arg>MY</arg>
<arg>MZ</arg>
<arg>NA</arg>
<arg>NC</arg>
<arg>NE</arg>
<arg>NF</arg>
<arg>NG</arg>
<arg>NI</arg>
<arg>NL</arg>
<arg>NO</arg>
<arg>NP</arg>
<arg>NR</arg>
<arg>NU</arg>
<arg>NZ</arg>
<arg>OM</arg>
<arg>PA</arg>
<arg>PE</arg>
<arg>PF</arg>
<arg>PG</arg>
<arg>PH</arg>
<arg>PK</arg>
<arg>PL</arg>
<arg>PM</arg>
<arg>PN</arg>
<arg>PR</arg>
<arg>PS</arg>
<arg>PT</arg>
<arg>PW</arg>
<arg>PY</arg>
<arg>QA</arg>
<arg>RE</arg>
<arg>RO</arg>
<arg>RS</arg>
<arg>RU</arg>
<arg>RW</arg>
<arg>SA</arg>
<arg>SB</arg>
<arg>SC</arg>
<arg>SD</arg>
<arg>SE</arg>
<arg>SG</arg>
<arg>SH</arg>
<arg>SI</arg>
<arg>SJ</arg>
<arg>SK</arg>
<arg>SL</arg>
<arg>SM</arg>
<arg>SN</arg>
<arg>SO</arg>
<arg>SR</arg>
<arg>SS</arg>
<arg>ST</arg>
<arg>SV</arg>
<arg>SX</arg>
<arg>SY</arg>
<arg>SZ</arg>
<arg>TC</arg>
<arg>TD</arg>
<arg>TF</arg>
<arg>TG</arg>
<arg>TH</arg>
<arg>TJ</arg>
<arg>TK</arg>
<arg>TL</arg>
<arg>TM</arg>
<arg>TN</arg>
<arg>TO</arg>
<arg>TR</arg>
<arg>TT</arg>
<arg>TV</arg>
<arg>TW</arg>
<arg>TZ</arg>
<arg>UA</arg>
<arg>UG</arg>
<arg>UM</arg>
<arg>US</arg>
<arg>UY</arg>
<arg>UZ</arg>
<arg>VA</arg>
<arg>VC</arg>
<arg>VE</arg>
<arg>VG</arg>
<arg>VI</arg>
<arg>VN</arg>
<arg>VU</arg>
<arg>WF</arg>
<arg>WS</arg>
<arg>XK</arg>
<arg>YE</arg>
<arg>YT</arg>
<arg>ZA</arg>
<arg>ZM</arg>
<arg>ZW</arg>
<doc>Returns a list containing given items.</doc>
<status status="PASS" start="2024-05-21T17:13:22.115381" elapsed="0.000629"/>
</kw>
<kw name="List Should Contain Value" owner="Collections">
<msg time="2024-05-21T17:13:22.117003" level="INFO">False</msg>
<arg>${list_country}</arg>
<arg>${name_country}</arg>
<doc>Fails if the ``value`` is not found from ``list``.</doc>
<status status="PASS" start="2024-05-21T17:13:22.116795" elapsed="0.000244"/>
</kw>
<kw name="Run Keyword If" owner="BuiltIn">
<kw name="Should Be True" owner="BuiltIn">
<arg>${True}</arg>
<doc>Fails if the given condition is not true.</doc>
<status status="PASS" start="2024-05-21T17:13:22.118146" elapsed="0.000148"/>
</kw>
<arg>${json_data["results"][0]["location"]["coordinates"]["latitude"]} &gt;= -90 and ${json_data["results"][0]["location"]["coordinates"]["latitude"]} &lt;= 90</arg>
<arg>Should Be True</arg>
<arg>${True}</arg>
<doc>Runs the given keyword with the given arguments, if ``condition`` is true.</doc>
<status status="PASS" start="2024-05-21T17:13:22.117349" elapsed="0.001075"/>
</kw>
<kw name="Run Keyword If" owner="BuiltIn">
<kw name="Should Be True" owner="BuiltIn">
<arg>${True}</arg>
<doc>Fails if the given condition is not true.</doc>
<status status="PASS" start="2024-05-21T17:13:22.119326" elapsed="0.000142"/>
</kw>
<arg>${json_data["results"][0]["location"]["coordinates"]["longitude"]} &gt;= -180 and ${json_data["results"][0]["location"]["coordinates"]["longitude"]} &lt;= 180</arg>
<arg>Should Be True</arg>
<arg>${True}</arg>
<doc>Runs the given keyword with the given arguments, if ``condition`` is true.</doc>
<status status="PASS" start="2024-05-21T17:13:22.118612" elapsed="0.000981"/>
</kw>
<status status="PASS" start="2024-05-21T17:13:21.988941" elapsed="0.130782"/>
</kw>
<doc>Testa o conteúdo específico dos campos retornados pela API.</doc>
<tag>testeConteudo</tag>
<status status="PASS" start="2024-05-21T17:13:21.988509" elapsed="0.131368"/>
</test>
<status status="PASS" start="2024-05-21T17:13:21.267842" elapsed="0.854028"/>
</suite>
<status status="PASS" start="2024-05-21T17:13:21.254341" elapsed="0.872709"/>
</suite>
<statistics>
<total>
<stat pass="5" fail="0" skip="0">All Tests</stat>
</total>
<tag>
<stat pass="1" fail="0" skip="0">testeConteudo</stat>
<stat pass="1" fail="0" skip="0">testeEstruturaResposta</stat>
<stat pass="1" fail="0" skip="0">testeRequisicaoBasica</stat>
<stat pass="1" fail="0" skip="0">testeTiposDados</stat>
</tag>
<suite>
<stat pass="5" fail="0" skip="0" id="s1" name="Tests">Tests</stat>
<stat pass="5" fail="0" skip="0" id="s1-s1" name="Random-User-Test">Tests.Random-User-Test</stat>
</suite>
</statistics>
<errors>
</errors>
</robot>
