<?xml version="1.0" encoding="UTF-8"?>
<robot generator="Robot 7.0 (Python 3.12.3 on linux)" generated="2024-05-11T19:11:29.320573" rpa="false" schemaversion="5">
<suite id="s1" name="Tests" source="/home/runner/work/DesafioQAItauRogerioJordao/DesafioQAItauRogerioJordao/RamdonUser/tests">
<suite id="s1-s1" name="Random-User-Test" source="/home/runner/work/DesafioQAItauRogerioJordao/DesafioQAItauRogerioJordao/RamdonUser/tests/random-user-test.robot">
<test id="s1-s1-t1" name="Conectar" line="13">
<kw name="Conectar API" owner="random-user-service">
<kw name="Create Session" owner="RequestsLibrary">
<msg time="2024-05-11T19:11:29.681409" level="INFO">Creating Session using : alias=consultarAPI, url=https://randomuser.me/, headers={},                     cookies={}, auth=None, timeout=None, proxies=None, verify=False,                     debug=0 </msg>
<arg>consultarAPI</arg>
<arg>${URL}</arg>
<doc>Create Session: create a HTTP session to a server</doc>
<status status="PASS" start="2024-05-11T19:11:29.681204" elapsed="0.000378"/>
</kw>
<status status="PASS" start="2024-05-11T19:11:29.680234" elapsed="0.001715"/>
</kw>
<status status="PASS" start="2024-05-11T19:11:29.679648" elapsed="0.002500"/>
</test>
<test id="s1-s1-t2" name="Validar retorno 200 e JSON Válido" line="16">
<kw name="Teste de Requisicao Basica" owner="random-user-service">
<kw name="GET On Session" owner="RequestsLibrary">
<msg time="2024-05-11T19:11:29.944181" level="INFO">GET Request : url=https://randomuser.me/api 
 path_url=/api 
 headers={'User-Agent': 'python-requests/2.31.0', 'Accept-Encoding': 'gzip, deflate', 'Accept': '*/*', 'Connection': 'keep-alive'} 
 body=None 
 </msg>
<msg time="2024-05-11T19:11:29.944340" level="INFO">GET Response : url=https://randomuser.me/api 
 status=200, reason=OK 
 headers={'Date': 'Sat, 11 May 2024 19:11:29 GMT', 'Content-Type': 'application/json; charset=utf-8', 'Transfer-Encoding': 'chunked', 'Connection': 'keep-alive', 'X-Powered-By': 'Express', 'Access-Control-Allow-Origin': '*', 'Cache-Control': 'no-cache', 'ETag': 'W/"48d-fURSujI2oHQ7tU03Yt/74JcKhjk"', 'Vary': 'Accept-Encoding', 'Content-Encoding': 'gzip', 'CF-Cache-Status': 'DYNAMIC', 'Report-To': '{"endpoints":[{"url":"https:\\/\\/a.nel.cloudflare.com\\/report\\/v4?s=TWMiGvul8VbDJTdQFhsC2zTLZF4soagvD%2B1UCkKNRQygADHlL9HXMNiE%2F6VtyBYbZtCohJE3WFuKKOpoOG87vlJu3f5Z3yKajI72eW1q7BX9zySFNNvcEqJnq6KWVAFl"}],"group":"cf-nel","max_age":604800}', 'NEL': '{"success_fraction":0,"report_to":"cf-nel","max_age":604800}', 'Server': 'cloudflare', 'CF-RAY': '882479a3cbe4387a-IAD', 'alt-svc': 'h3=":443"; ma=86400'} 
 body={"results":[{"gender":"male","name":{"title":"Mr","first":"Emile","last":"Nguyen"},"location":{"street":{"number":5750,"name":"Rue Gasparin"},"city":"Poitiers","state":"Loire","country":"France","postcode":24075,"coordinates":{"latitude":"-15.7189","longitude":"-176.7004"},"timezone":{"offset":"-7:00","description":"Mountain Time (US &amp; Canada)"}},"email":"emile.nguyen@example.com","login":{"uuid":"4b29eb82-4961-42d7-9e86-798124368dd5","username":"lazygorilla494","password":"transfer","salt":"sLzel1E2","md5":"57dcf61760f1fa5985b1f6c5c56bbcb8","sha1":"7541c459ca814fcf85c137b66be2d598497951ea","sha256":"710cf63ffb142864f77e70f248644a432a5b4786618d1f4e52928a78a6390cb0"},"dob":{"date":"1977-03-04T15:36:29.565Z","age":47},"registered":{"date":"2012-08-29T15:35:26.002Z","age":11},"phone":"01-22-45-88-36","cell":"06-86-25-08-85","id":{"name":"INSEE","value":"1770251217261 89"},"picture":{"large":"https://randomuser.me/api/portraits/men/12.jpg","medium":"https://randomuser.me/api/portraits/med/men/12.jpg","thumbnail":"https://randomuser.me/api/portraits/thumb/men/12.jpg"},"nat":"FR"}],"info":{"seed":"8fa8b9922e36110f","results":1,"page":1,"version":"1.4"}} 
 </msg>
<msg time="2024-05-11T19:11:29.944435" level="INFO">/opt/hostedtoolcache/Python/3.12.3/x64/lib/python3.12/site-packages/urllib3/connectionpool.py:1103: InsecureRequestWarning: Unverified HTTPS request is being made to host 'randomuser.me'. Adding certificate verification is strongly advised. See: https://urllib3.readthedocs.io/en/latest/advanced-usage.html#tls-warnings
  warnings.warn(</msg>
<msg time="2024-05-11T19:11:29.944610" level="INFO">${response} = &lt;Response [200]&gt;</msg>
<var>${response}</var>
<arg>consultarAPI</arg>
<arg>/api</arg>
<doc>Sends a GET request on a previously created HTTP Session.</doc>
<status status="PASS" start="2024-05-11T19:11:29.684856" elapsed="0.259787"/>
</kw>
<kw name="Should Be Equal As Numbers" owner="BuiltIn">
<msg time="2024-05-11T19:11:29.945697" level="INFO">Argument types are:
&lt;class 'int'&gt;
&lt;class 'str'&gt;</msg>
<arg>${response.status_code}</arg>
<arg>200</arg>
<doc>Fails if objects are unequal after converting them to real numbers.</doc>
<status status="PASS" start="2024-05-11T19:11:29.945218" elapsed="0.000547"/>
</kw>
<kw name="Log" owner="BuiltIn">
<msg time="2024-05-11T19:11:29.946502" level="INFO">200</msg>
<arg>${response.status_code}</arg>
<doc>Logs the given message with the given level.</doc>
<status status="PASS" start="2024-05-11T19:11:29.946136" elapsed="0.000408"/>
</kw>
<kw name="Set Variable" owner="BuiltIn">
<msg time="2024-05-11T19:11:29.947306" level="INFO">${json_data} = {'results': [{'gender': 'male', 'name': {'title': 'Mr', 'first': 'Emile', 'last': 'Nguyen'}, 'location': {'street': {'number': 5750, 'name': 'Rue Gasparin'}, 'city': 'Poitiers', 'state': 'Loire', 'cou...</msg>
<var>${json_data}</var>
<arg>${response.json()}</arg>
<doc>Returns the given values which can then be assigned to a variables.</doc>
<status status="PASS" start="2024-05-11T19:11:29.946866" elapsed="0.000468"/>
</kw>
<kw name="Dictionary Should Contain Key" owner="Collections">
<msg time="2024-05-11T19:11:29.947847" level="INFO">False</msg>
<arg>${json_data}</arg>
<arg>results</arg>
<doc>Fails if ``key`` is not found from ``dictionary``.</doc>
<status status="PASS" start="2024-05-11T19:11:29.947670" elapsed="0.000218"/>
</kw>
<status status="PASS" start="2024-05-11T19:11:29.684610" elapsed="0.263539"/>
</kw>
<doc>Testa se a API responde corretamente e retorna um objeto JSON válido.</doc>
<tag>testeRequisicaoBasica</tag>
<status status="PASS" start="2024-05-11T19:11:29.684087" elapsed="0.264245"/>
</test>
<test id="s1-s1-t3" name="Validar estrutura de resposta" line="22">
<kw name="Teste de Estrutura de Resposta" owner="random-user-service">
<kw name="GET On Session" owner="RequestsLibrary">
<msg time="2024-05-11T19:11:30.043649" level="INFO">GET Request : url=https://randomuser.me/api 
 path_url=/api 
 headers={'User-Agent': 'python-requests/2.31.0', 'Accept-Encoding': 'gzip, deflate', 'Accept': '*/*', 'Connection': 'keep-alive'} 
 body=None 
 </msg>
<msg time="2024-05-11T19:11:30.043733" level="INFO">GET Response : url=https://randomuser.me/api 
 status=200, reason=OK 
 headers={'Date': 'Sat, 11 May 2024 19:11:30 GMT', 'Content-Type': 'application/json; charset=utf-8', 'Transfer-Encoding': 'chunked', 'Connection': 'keep-alive', 'X-Powered-By': 'Express', 'Access-Control-Allow-Origin': '*', 'Cache-Control': 'no-cache', 'ETag': 'W/"487-gfqVuZcnK6IVzSJi8DatRtYTQkE"', 'Vary': 'Accept-Encoding', 'Content-Encoding': 'gzip', 'CF-Cache-Status': 'DYNAMIC', 'Report-To': '{"endpoints":[{"url":"https:\\/\\/a.nel.cloudflare.com\\/report\\/v4?s=tNkP1wbAz38xmub55vAkCdDIttmeR%2BWEqPehEEAoUWQfqI174WCI6eGvgoVDXjEkiYnl4Z6aPA%2BbNQK%2BdBQjwjHuId3RUk%2FWTR3pVS7bHZ3mCZNbclxTVJZuyDF6%2BTb5"}],"group":"cf-nel","max_age":604800}', 'NEL': '{"success_fraction":0,"report_to":"cf-nel","max_age":604800}', 'Server': 'cloudflare', 'CF-RAY': '882479a43c55387a-IAD', 'alt-svc': 'h3=":443"; ma=86400'} 
 body={"results":[{"gender":"female","name":{"title":"Miss","first":"Lillian","last":"Jenkins"},"location":{"street":{"number":4188,"name":"South Street"},"city":"Lusk","state":"Kerry","country":"Ireland","postcode":97812,"coordinates":{"latitude":"2.6443","longitude":"138.5686"},"timezone":{"offset":"-12:00","description":"Eniwetok, Kwajalein"}},"email":"lillian.jenkins@example.com","login":{"uuid":"97406b95-f562-442e-b840-43c52c4b675a","username":"beautifulelephant287","password":"compton","salt":"uyjqj40G","md5":"1811cdf3f0554cfc6d1d9d6dbaf7e4b3","sha1":"261658e6187ce793f2e273968fe9126dd8fbfabf","sha256":"1bf0c19d76044156a1a06b87661a574eeb94b808c2872f5842385f9a6a9e9bb7"},"dob":{"date":"1988-09-07T02:13:22.923Z","age":35},"registered":{"date":"2009-03-19T03:10:45.208Z","age":15},"phone":"061-274-4369","cell":"081-654-4382","id":{"name":"PPS","value":"7544443T"},"picture":{"large":"https://randomuser.me/api/portraits/women/17.jpg","medium":"https://randomuser.me/api/portraits/med/women/17.jpg","thumbnail":"https://randomuser.me/api/portraits/thumb/women/17.jpg"},"nat":"IE"}],"info":{"seed":"161d0bb7afc2f4e1","results":1,"page":1,"version":"1.4"}} 
 </msg>
<msg time="2024-05-11T19:11:30.043844" level="INFO">/opt/hostedtoolcache/Python/3.12.3/x64/lib/python3.12/site-packages/urllib3/connectionpool.py:1103: InsecureRequestWarning: Unverified HTTPS request is being made to host 'randomuser.me'. Adding certificate verification is strongly advised. See: https://urllib3.readthedocs.io/en/latest/advanced-usage.html#tls-warnings
  warnings.warn(</msg>
<msg time="2024-05-11T19:11:30.043959" level="INFO">${response} = &lt;Response [200]&gt;</msg>
<var>${response}</var>
<arg>consultarAPI</arg>
<arg>/api</arg>
<doc>Sends a GET request on a previously created HTTP Session.</doc>
<status status="PASS" start="2024-05-11T19:11:29.951061" elapsed="0.092936"/>
</kw>
<kw name="Set Variable" owner="BuiltIn">
<msg time="2024-05-11T19:11:30.044829" level="INFO">${json_data} = {'results': [{'gender': 'female', 'name': {'title': 'Miss', 'first': 'Lillian', 'last': 'Jenkins'}, 'location': {'street': {'number': 4188, 'name': 'South Street'}, 'city': 'Lusk', 'state': 'Kerry', '...</msg>
<var>${json_data}</var>
<arg>${response.json()}</arg>
<doc>Returns the given values which can then be assigned to a variables.</doc>
<status status="PASS" start="2024-05-11T19:11:30.044365" elapsed="0.000493"/>
</kw>
<kw name="Log" owner="BuiltIn">
<msg time="2024-05-11T19:11:30.045315" level="INFO">{'results': [{'gender': 'female', 'name': {'title': 'Miss', 'first': 'Lillian', 'last': 'Jenkins'}, 'location': {'street': {'number': 4188, 'name': 'South Street'}, 'city': 'Lusk', 'state': 'Kerry', 'country': 'Ireland', 'postcode': 97812, 'coordinates': {'latitude': '2.6443', 'longitude': '138.5686'}, 'timezone': {'offset': '-12:00', 'description': 'Eniwetok, Kwajalein'}}, 'email': 'lillian.jenkins@example.com', 'login': {'uuid': '97406b95-f562-442e-b840-43c52c4b675a', 'username': 'beautifulelephant287', 'password': 'compton', 'salt': 'uyjqj40G', 'md5': '1811cdf3f0554cfc6d1d9d6dbaf7e4b3', 'sha1': '261658e6187ce793f2e273968fe9126dd8fbfabf', 'sha256': '1bf0c19d76044156a1a06b87661a574eeb94b808c2872f5842385f9a6a9e9bb7'}, 'dob': {'date': '1988-09-07T02:13:22.923Z', 'age': 35}, 'registered': {'date': '2009-03-19T03:10:45.208Z', 'age': 15}, 'phone': '061-274-4369', 'cell': '081-654-4382', 'id': {'name': 'PPS', 'value': '7544443T'}, 'picture': {'large': 'https://randomuser.me/api/portraits/women/17.jpg', 'medium': 'https://randomuser.me/api/portraits/med/women/17.jpg', 'thumbnail': 'https://randomuser.me/api/portraits/thumb/women/17.jpg'}, 'nat': 'IE'}], 'info': {'seed': '161d0bb7afc2f4e1', 'results': 1, 'page': 1, 'version': '1.4'}}</msg>
<arg>${json_data}</arg>
<doc>Logs the given message with the given level.</doc>
<status status="PASS" start="2024-05-11T19:11:30.045162" elapsed="0.000199"/>
</kw>
<kw name="Dictionary Should Contain Key" owner="Collections">
<msg time="2024-05-11T19:11:30.045799" level="INFO">False</msg>
<arg>${json_data}</arg>
<arg>results</arg>
<doc>Fails if ``key`` is not found from ``dictionary``.</doc>
<status status="PASS" start="2024-05-11T19:11:30.045645" elapsed="0.000188"/>
</kw>
<kw name="Should Not Be Empty" owner="BuiltIn">
<msg time="2024-05-11T19:11:30.046246" level="INFO">Length is 2.</msg>
<arg>${json_data}</arg>
<doc>Verifies that the given item is not empty.</doc>
<status status="PASS" start="2024-05-11T19:11:30.046119" elapsed="0.000296"/>
</kw>
<kw name="Create List" owner="BuiltIn">
<msg time="2024-05-11T19:11:30.046850" level="INFO">${expected_keys} = ['gender', 'name', 'location', 'email', 'login']</msg>
<var>${expected_keys}</var>
<arg>gender</arg>
<arg>name</arg>
<arg>location</arg>
<arg>email</arg>
<arg>login</arg>
<doc>Returns a list containing given items.</doc>
<status status="PASS" start="2024-05-11T19:11:30.046702" elapsed="0.000181"/>
</kw>
<for flavor="IN">
<iter>
<kw name="Dictionary Should Contain Key" owner="Collections">
<msg time="2024-05-11T19:11:30.047882" level="INFO">False</msg>
<arg>${json_data['results'][0]}</arg>
<arg>${key}</arg>
<doc>Fails if ``key`` is not found from ``dictionary``.</doc>
<status status="PASS" start="2024-05-11T19:11:30.047464" elapsed="0.000457"/>
</kw>
<kw name="Log" owner="BuiltIn">
<msg time="2024-05-11T19:11:30.048578" level="INFO">{'gender': 'female', 'name': {'title': 'Miss', 'first': 'Lillian', 'last': 'Jenkins'}, 'location': {'street': {'number': 4188, 'name': 'South Street'}, 'city': 'Lusk', 'state': 'Kerry', 'country': 'Ireland', 'postcode': 97812, 'coordinates': {'latitude': '2.6443', 'longitude': '138.5686'}, 'timezone': {'offset': '-12:00', 'description': 'Eniwetok, Kwajalein'}}, 'email': 'lillian.jenkins@example.com', 'login': {'uuid': '97406b95-f562-442e-b840-43c52c4b675a', 'username': 'beautifulelephant287', 'password': 'compton', 'salt': 'uyjqj40G', 'md5': '1811cdf3f0554cfc6d1d9d6dbaf7e4b3', 'sha1': '261658e6187ce793f2e273968fe9126dd8fbfabf', 'sha256': '1bf0c19d76044156a1a06b87661a574eeb94b808c2872f5842385f9a6a9e9bb7'}, 'dob': {'date': '1988-09-07T02:13:22.923Z', 'age': 35}, 'registered': {'date': '2009-03-19T03:10:45.208Z', 'age': 15}, 'phone': '061-274-4369', 'cell': '081-654-4382', 'id': {'name': 'PPS', 'value': '7544443T'}, 'picture': {'large': 'https://randomuser.me/api/portraits/women/17.jpg', 'medium': 'https://randomuser.me/api/portraits/med/women/17.jpg', 'thumbnail': 'https://randomuser.me/api/portraits/thumb/women/17.jpg'}, 'nat': 'IE'}</msg>
<arg>${json_data['results'][0]}</arg>
<doc>Logs the given message with the given level.</doc>
<status status="PASS" start="2024-05-11T19:11:30.048218" elapsed="0.000407"/>
</kw>
<kw name="Log" owner="BuiltIn">
<msg time="2024-05-11T19:11:30.049045" level="INFO">gender</msg>
<arg>${key}</arg>
<doc>Logs the given message with the given level.</doc>
<status status="PASS" start="2024-05-11T19:11:30.048919" elapsed="0.000161"/>
</kw>
<var name="${key}">gender</var>
<status status="PASS" start="2024-05-11T19:11:30.047338" elapsed="0.001953"/>
</iter>
<iter>
<kw name="Dictionary Should Contain Key" owner="Collections">
<msg time="2024-05-11T19:11:30.049987" level="INFO">False</msg>
<arg>${json_data['results'][0]}</arg>
<arg>${key}</arg>
<doc>Fails if ``key`` is not found from ``dictionary``.</doc>
<status status="PASS" start="2024-05-11T19:11:30.049602" elapsed="0.000429"/>
</kw>
<kw name="Log" owner="BuiltIn">
<msg time="2024-05-11T19:11:30.050703" level="INFO">{'gender': 'female', 'name': {'title': 'Miss', 'first': 'Lillian', 'last': 'Jenkins'}, 'location': {'street': {'number': 4188, 'name': 'South Street'}, 'city': 'Lusk', 'state': 'Kerry', 'country': 'Ireland', 'postcode': 97812, 'coordinates': {'latitude': '2.6443', 'longitude': '138.5686'}, 'timezone': {'offset': '-12:00', 'description': 'Eniwetok, Kwajalein'}}, 'email': 'lillian.jenkins@example.com', 'login': {'uuid': '97406b95-f562-442e-b840-43c52c4b675a', 'username': 'beautifulelephant287', 'password': 'compton', 'salt': 'uyjqj40G', 'md5': '1811cdf3f0554cfc6d1d9d6dbaf7e4b3', 'sha1': '261658e6187ce793f2e273968fe9126dd8fbfabf', 'sha256': '1bf0c19d76044156a1a06b87661a574eeb94b808c2872f5842385f9a6a9e9bb7'}, 'dob': {'date': '1988-09-07T02:13:22.923Z', 'age': 35}, 'registered': {'date': '2009-03-19T03:10:45.208Z', 'age': 15}, 'phone': '061-274-4369', 'cell': '081-654-4382', 'id': {'name': 'PPS', 'value': '7544443T'}, 'picture': {'large': 'https://randomuser.me/api/portraits/women/17.jpg', 'medium': 'https://randomuser.me/api/portraits/med/women/17.jpg', 'thumbnail': 'https://randomuser.me/api/portraits/thumb/women/17.jpg'}, 'nat': 'IE'}</msg>
<arg>${json_data['results'][0]}</arg>
<doc>Logs the given message with the given level.</doc>
<status status="PASS" start="2024-05-11T19:11:30.050347" elapsed="0.000403"/>
</kw>
<kw name="Log" owner="BuiltIn">
<msg time="2024-05-11T19:11:30.051163" level="INFO">name</msg>
<arg>${key}</arg>
<doc>Logs the given message with the given level.</doc>
<status status="PASS" start="2024-05-11T19:11:30.051039" elapsed="0.000161"/>
</kw>
<var name="${key}">name</var>
<status status="PASS" start="2024-05-11T19:11:30.049484" elapsed="0.001925"/>
</iter>
<iter>
<kw name="Dictionary Should Contain Key" owner="Collections">
<msg time="2024-05-11T19:11:30.052099" level="INFO">False</msg>
<arg>${json_data['results'][0]}</arg>
<arg>${key}</arg>
<doc>Fails if ``key`` is not found from ``dictionary``.</doc>
<status status="PASS" start="2024-05-11T19:11:30.051718" elapsed="0.000418"/>
</kw>
<kw name="Log" owner="BuiltIn">
<msg time="2024-05-11T19:11:30.052785" level="INFO">{'gender': 'female', 'name': {'title': 'Miss', 'first': 'Lillian', 'last': 'Jenkins'}, 'location': {'street': {'number': 4188, 'name': 'South Street'}, 'city': 'Lusk', 'state': 'Kerry', 'country': 'Ireland', 'postcode': 97812, 'coordinates': {'latitude': '2.6443', 'longitude': '138.5686'}, 'timezone': {'offset': '-12:00', 'description': 'Eniwetok, Kwajalein'}}, 'email': 'lillian.jenkins@example.com', 'login': {'uuid': '97406b95-f562-442e-b840-43c52c4b675a', 'username': 'beautifulelephant287', 'password': 'compton', 'salt': 'uyjqj40G', 'md5': '1811cdf3f0554cfc6d1d9d6dbaf7e4b3', 'sha1': '261658e6187ce793f2e273968fe9126dd8fbfabf', 'sha256': '1bf0c19d76044156a1a06b87661a574eeb94b808c2872f5842385f9a6a9e9bb7'}, 'dob': {'date': '1988-09-07T02:13:22.923Z', 'age': 35}, 'registered': {'date': '2009-03-19T03:10:45.208Z', 'age': 15}, 'phone': '061-274-4369', 'cell': '081-654-4382', 'id': {'name': 'PPS', 'value': '7544443T'}, 'picture': {'large': 'https://randomuser.me/api/portraits/women/17.jpg', 'medium': 'https://randomuser.me/api/portraits/med/women/17.jpg', 'thumbnail': 'https://randomuser.me/api/portraits/thumb/women/17.jpg'}, 'nat': 'IE'}</msg>
<arg>${json_data['results'][0]}</arg>
<doc>Logs the given message with the given level.</doc>
<status status="PASS" start="2024-05-11T19:11:30.052431" elapsed="0.000399"/>
</kw>
<kw name="Log" owner="BuiltIn">
<msg time="2024-05-11T19:11:30.053240" level="INFO">location</msg>
<arg>${key}</arg>
<doc>Logs the given message with the given level.</doc>
<status status="PASS" start="2024-05-11T19:11:30.053117" elapsed="0.000161"/>
</kw>
<var name="${key}">location</var>
<status status="PASS" start="2024-05-11T19:11:30.051605" elapsed="0.001884"/>
</iter>
<iter>
<kw name="Dictionary Should Contain Key" owner="Collections">
<msg time="2024-05-11T19:11:30.054150" level="INFO">False</msg>
<arg>${json_data['results'][0]}</arg>
<arg>${key}</arg>
<doc>Fails if ``key`` is not found from ``dictionary``.</doc>
<status status="PASS" start="2024-05-11T19:11:30.053769" elapsed="0.000417"/>
</kw>
<kw name="Log" owner="BuiltIn">
<msg time="2024-05-11T19:11:30.054830" level="INFO">{'gender': 'female', 'name': {'title': 'Miss', 'first': 'Lillian', 'last': 'Jenkins'}, 'location': {'street': {'number': 4188, 'name': 'South Street'}, 'city': 'Lusk', 'state': 'Kerry', 'country': 'Ireland', 'postcode': 97812, 'coordinates': {'latitude': '2.6443', 'longitude': '138.5686'}, 'timezone': {'offset': '-12:00', 'description': 'Eniwetok, Kwajalein'}}, 'email': 'lillian.jenkins@example.com', 'login': {'uuid': '97406b95-f562-442e-b840-43c52c4b675a', 'username': 'beautifulelephant287', 'password': 'compton', 'salt': 'uyjqj40G', 'md5': '1811cdf3f0554cfc6d1d9d6dbaf7e4b3', 'sha1': '261658e6187ce793f2e273968fe9126dd8fbfabf', 'sha256': '1bf0c19d76044156a1a06b87661a574eeb94b808c2872f5842385f9a6a9e9bb7'}, 'dob': {'date': '1988-09-07T02:13:22.923Z', 'age': 35}, 'registered': {'date': '2009-03-19T03:10:45.208Z', 'age': 15}, 'phone': '061-274-4369', 'cell': '081-654-4382', 'id': {'name': 'PPS', 'value': '7544443T'}, 'picture': {'large': 'https://randomuser.me/api/portraits/women/17.jpg', 'medium': 'https://randomuser.me/api/portraits/med/women/17.jpg', 'thumbnail': 'https://randomuser.me/api/portraits/thumb/women/17.jpg'}, 'nat': 'IE'}</msg>
<arg>${json_data['results'][0]}</arg>
<doc>Logs the given message with the given level.</doc>
<status status="PASS" start="2024-05-11T19:11:30.054477" elapsed="0.000401"/>
</kw>
<kw name="Log" owner="BuiltIn">
<msg time="2024-05-11T19:11:30.055302" level="INFO">email</msg>
<arg>${key}</arg>
<doc>Logs the given message with the given level.</doc>
<status status="PASS" start="2024-05-11T19:11:30.055179" elapsed="0.000160"/>
</kw>
<var name="${key}">email</var>
<status status="PASS" start="2024-05-11T19:11:30.053660" elapsed="0.001889"/>
</iter>
<iter>
<kw name="Dictionary Should Contain Key" owner="Collections">
<msg time="2024-05-11T19:11:30.056251" level="INFO">False</msg>
<arg>${json_data['results'][0]}</arg>
<arg>${key}</arg>
<doc>Fails if ``key`` is not found from ``dictionary``.</doc>
<status status="PASS" start="2024-05-11T19:11:30.055861" elapsed="0.000427"/>
</kw>
<kw name="Log" owner="BuiltIn">
<msg time="2024-05-11T19:11:30.056938" level="INFO">{'gender': 'female', 'name': {'title': 'Miss', 'first': 'Lillian', 'last': 'Jenkins'}, 'location': {'street': {'number': 4188, 'name': 'South Street'}, 'city': 'Lusk', 'state': 'Kerry', 'country': 'Ireland', 'postcode': 97812, 'coordinates': {'latitude': '2.6443', 'longitude': '138.5686'}, 'timezone': {'offset': '-12:00', 'description': 'Eniwetok, Kwajalein'}}, 'email': 'lillian.jenkins@example.com', 'login': {'uuid': '97406b95-f562-442e-b840-43c52c4b675a', 'username': 'beautifulelephant287', 'password': 'compton', 'salt': 'uyjqj40G', 'md5': '1811cdf3f0554cfc6d1d9d6dbaf7e4b3', 'sha1': '261658e6187ce793f2e273968fe9126dd8fbfabf', 'sha256': '1bf0c19d76044156a1a06b87661a574eeb94b808c2872f5842385f9a6a9e9bb7'}, 'dob': {'date': '1988-09-07T02:13:22.923Z', 'age': 35}, 'registered': {'date': '2009-03-19T03:10:45.208Z', 'age': 15}, 'phone': '061-274-4369', 'cell': '081-654-4382', 'id': {'name': 'PPS', 'value': '7544443T'}, 'picture': {'large': 'https://randomuser.me/api/portraits/women/17.jpg', 'medium': 'https://randomuser.me/api/portraits/med/women/17.jpg', 'thumbnail': 'https://randomuser.me/api/portraits/thumb/women/17.jpg'}, 'nat': 'IE'}</msg>
<arg>${json_data['results'][0]}</arg>
<doc>Logs the given message with the given level.</doc>
<status status="PASS" start="2024-05-11T19:11:30.056583" elapsed="0.000401"/>
</kw>
<kw name="Log" owner="BuiltIn">
<msg time="2024-05-11T19:11:30.057405" level="INFO">login</msg>
<arg>${key}</arg>
<doc>Logs the given message with the given level.</doc>
<status status="PASS" start="2024-05-11T19:11:30.057276" elapsed="0.000167"/>
</kw>
<var name="${key}">login</var>
<status status="PASS" start="2024-05-11T19:11:30.055741" elapsed="0.001940"/>
</iter>
<var>${key}</var>
<value>@{expected_keys}</value>
<status status="PASS" start="2024-05-11T19:11:30.047149" elapsed="0.010658"/>
</for>
<kw name="Create List" owner="BuiltIn">
<msg time="2024-05-11T19:11:30.058133" level="INFO">${expected_keysTwo} = ['username', 'password']</msg>
<var>${expected_keysTwo}</var>
<arg>username</arg>
<arg>password</arg>
<doc>Returns a list containing given items.</doc>
<status status="PASS" start="2024-05-11T19:11:30.057997" elapsed="0.000159"/>
</kw>
<for flavor="IN">
<iter>
<kw name="Dictionary Should Contain Key" owner="Collections">
<msg time="2024-05-11T19:11:30.059042" level="INFO">False</msg>
<arg>${json_data['results'][0]['login']}</arg>
<arg>${keyTwo}</arg>
<doc>Fails if ``key`` is not found from ``dictionary``.</doc>
<status status="PASS" start="2024-05-11T19:11:30.058656" elapsed="0.000424"/>
</kw>
<kw name="Dictionary Should Contain Key" owner="Collections">
<msg time="2024-05-11T19:11:30.059775" level="INFO">False</msg>
<arg>${json_data['results'][0]['login']}</arg>
<arg>${keyTwo}</arg>
<doc>Fails if ``key`` is not found from ``dictionary``.</doc>
<status status="PASS" start="2024-05-11T19:11:30.059373" elapsed="0.000440"/>
</kw>
<kw name="Log" owner="BuiltIn">
<msg time="2024-05-11T19:11:30.060250" level="INFO">username</msg>
<arg>${keyTwo}</arg>
<doc>Logs the given message with the given level.</doc>
<status status="PASS" start="2024-05-11T19:11:30.060125" elapsed="0.000167"/>
</kw>
<var name="${keyTwo}">username</var>
<status status="PASS" start="2024-05-11T19:11:30.058541" elapsed="0.001961"/>
</iter>
<iter>
<kw name="Dictionary Should Contain Key" owner="Collections">
<msg time="2024-05-11T19:11:30.061246" level="INFO">False</msg>
<arg>${json_data['results'][0]['login']}</arg>
<arg>${keyTwo}</arg>
<doc>Fails if ``key`` is not found from ``dictionary``.</doc>
<status status="PASS" start="2024-05-11T19:11:30.060786" elapsed="0.000502"/>
</kw>
<kw name="Dictionary Should Contain Key" owner="Collections">
<msg time="2024-05-11T19:11:30.061962" level="INFO">False</msg>
<arg>${json_data['results'][0]['login']}</arg>
<arg>${keyTwo}</arg>
<doc>Fails if ``key`` is not found from ``dictionary``.</doc>
<status status="PASS" start="2024-05-11T19:11:30.061584" elapsed="0.000415"/>
</kw>
<kw name="Log" owner="BuiltIn">
<msg time="2024-05-11T19:11:30.062419" level="INFO">password</msg>
<arg>${keyTwo}</arg>
<doc>Logs the given message with the given level.</doc>
<status status="PASS" start="2024-05-11T19:11:30.062292" elapsed="0.000164"/>
</kw>
<var name="${keyTwo}">password</var>
<status status="PASS" start="2024-05-11T19:11:30.060676" elapsed="0.001991"/>
</iter>
<var>${keyTwo}</var>
<value>@{expected_keysTwo}</value>
<status status="PASS" start="2024-05-11T19:11:30.058389" elapsed="0.004398"/>
</for>
<status status="PASS" start="2024-05-11T19:11:29.950822" elapsed="0.112103"/>
</kw>
<doc>Testa a estrutura da resposta da API.</doc>
<tag>testeEstruturaResposta</tag>
<status status="PASS" start="2024-05-11T19:11:29.950204" elapsed="0.112869"/>
</test>
<test id="s1-s1-t4" name="Validar tipos de dados" line="28">
<kw name="Teste de Tipos de Dados" owner="random-user-service">
<kw name="GET On Session" owner="RequestsLibrary">
<msg time="2024-05-11T19:11:30.149573" level="INFO">GET Request : url=https://randomuser.me/api 
 path_url=/api 
 headers={'User-Agent': 'python-requests/2.31.0', 'Accept-Encoding': 'gzip, deflate', 'Accept': '*/*', 'Connection': 'keep-alive'} 
 body=None 
 </msg>
<msg time="2024-05-11T19:11:30.149660" level="INFO">GET Response : url=https://randomuser.me/api 
 status=200, reason=OK 
 headers={'Date': 'Sat, 11 May 2024 19:11:30 GMT', 'Content-Type': 'application/json; charset=utf-8', 'Transfer-Encoding': 'chunked', 'Connection': 'keep-alive', 'X-Powered-By': 'Express', 'Access-Control-Allow-Origin': '*', 'Cache-Control': 'no-cache', 'ETag': 'W/"4a7-7jVrzA6Lma/X4jsd9IRqXdq2K4w"', 'Vary': 'Accept-Encoding', 'Content-Encoding': 'gzip', 'CF-Cache-Status': 'DYNAMIC', 'Report-To': '{"endpoints":[{"url":"https:\\/\\/a.nel.cloudflare.com\\/report\\/v4?s=3fSxS4lKtxSKB%2B8HfgJS8opZoSH8fBCNMAh5EtUBp7mazfgc09aPCAmpoIOTwWoCqzOmd5nwvlA4mBnRnQRBfXAnRSznCBbKYD4eAgTJ65%2BHRF7SH21gbuP%2F%2FKr2BF%2Bz"}],"group":"cf-nel","max_age":604800}', 'NEL': '{"success_fraction":0,"report_to":"cf-nel","max_age":604800}', 'Server': 'cloudflare', 'CF-RAY': '882479a4ed24387a-IAD', 'alt-svc': 'h3=":443"; ma=86400'} 
 body={"results":[{"gender":"female","name":{"title":"Mrs","first":"Friedlinde","last":"Friedemann"},"location":{"street":{"number":7481,"name":"Brunnenstraße"},"city":"Vilshofen an der Donau","state":"Hessen","country":"Germany","postcode":18177,"coordinates":{"latitude":"-55.4791","longitude":"164.2832"},"timezone":{"offset":"+9:30","description":"Adelaide, Darwin"}},"email":"friedlinde.friedemann@example.com","login":{"uuid":"539eb2e6-1dc4-4c11-9be0-7daa88cc3fb9","username":"angryladybug850","password":"toronto","salt":"1XsUehMR","md5":"32b5bde24281fba61b1862fa58de99b6","sha1":"0f965c2ab8dc491d2b56f29ce127997ec1e9c9cc","sha256":"f3e0aff7ae28b061a23cd5eef000e50ed4cdc756836afa1faa5dc642475d7ac5"},"dob":{"date":"1981-04-28T20:28:46.148Z","age":43},"registered":{"date":"2015-03-17T06:57:03.242Z","age":9},"phone":"0578-2976501","cell":"0173-7255568","id":{"name":"SVNR","value":"76 280481 F 557"},"picture":{"large":"https://randomuser.me/api/portraits/women/54.jpg","medium":"https://randomuser.me/api/portraits/med/women/54.jpg","thumbnail":"https://randomuser.me/api/portraits/thumb/women/54.jpg"},"nat":"DE"}],"info":{"seed":"cb1c727198d6da48","results":1,"page":1,"version":"1.4"}} 
 </msg>
<msg time="2024-05-11T19:11:30.149739" level="INFO">/opt/hostedtoolcache/Python/3.12.3/x64/lib/python3.12/site-packages/urllib3/connectionpool.py:1103: InsecureRequestWarning: Unverified HTTPS request is being made to host 'randomuser.me'. Adding certificate verification is strongly advised. See: https://urllib3.readthedocs.io/en/latest/advanced-usage.html#tls-warnings
  warnings.warn(</msg>
<msg time="2024-05-11T19:11:30.149882" level="INFO">${response} = &lt;Response [200]&gt;</msg>
<var>${response}</var>
<arg>consultarAPI</arg>
<arg>/api</arg>
<doc>Sends a GET request on a previously created HTTP Session.</doc>
<status status="PASS" start="2024-05-11T19:11:30.065638" elapsed="0.084296"/>
</kw>
<kw name="Set Variable" owner="BuiltIn">
<msg time="2024-05-11T19:11:30.150859" level="INFO">${json_data} = {'results': [{'gender': 'female', 'name': {'title': 'Mrs', 'first': 'Friedlinde', 'last': 'Friedemann'}, 'location': {'street': {'number': 7481, 'name': 'Brunnenstraße'}, 'city': 'Vilshofen an der Don...</msg>
<var>${json_data}</var>
<arg>${response.json()}</arg>
<doc>Returns the given values which can then be assigned to a variables.</doc>
<status status="PASS" start="2024-05-11T19:11:30.150393" elapsed="0.000495"/>
</kw>
<kw name="Log" owner="BuiltIn">
<msg time="2024-05-11T19:11:30.151357" level="INFO">{'results': [{'gender': 'female', 'name': {'title': 'Mrs', 'first': 'Friedlinde', 'last': 'Friedemann'}, 'location': {'street': {'number': 7481, 'name': 'Brunnenstraße'}, 'city': 'Vilshofen an der Donau', 'state': 'Hessen', 'country': 'Germany', 'postcode': 18177, 'coordinates': {'latitude': '-55.4791', 'longitude': '164.2832'}, 'timezone': {'offset': '+9:30', 'description': 'Adelaide, Darwin'}}, 'email': 'friedlinde.friedemann@example.com', 'login': {'uuid': '539eb2e6-1dc4-4c11-9be0-7daa88cc3fb9', 'username': 'angryladybug850', 'password': 'toronto', 'salt': '1XsUehMR', 'md5': '32b5bde24281fba61b1862fa58de99b6', 'sha1': '0f965c2ab8dc491d2b56f29ce127997ec1e9c9cc', 'sha256': 'f3e0aff7ae28b061a23cd5eef000e50ed4cdc756836afa1faa5dc642475d7ac5'}, 'dob': {'date': '1981-04-28T20:28:46.148Z', 'age': 43}, 'registered': {'date': '2015-03-17T06:57:03.242Z', 'age': 9}, 'phone': '0578-2976501', 'cell': '0173-7255568', 'id': {'name': 'SVNR', 'value': '76 280481 F 557'}, 'picture': {'large': 'https://randomuser.me/api/portraits/women/54.jpg', 'medium': 'https://randomuser.me/api/portraits/med/women/54.jpg', 'thumbnail': 'https://randomuser.me/api/portraits/thumb/women/54.jpg'}, 'nat': 'DE'}], 'info': {'seed': 'cb1c727198d6da48', 'results': 1, 'page': 1, 'version': '1.4'}}</msg>
<arg>${json_data}</arg>
<doc>Logs the given message with the given level.</doc>
<status status="PASS" start="2024-05-11T19:11:30.151203" elapsed="0.000233"/>
</kw>
<kw name="Should Be String" owner="String">
<arg>${json_data['results'][0]['gender']}</arg>
<doc>Fails if the given ``item`` is not a string.</doc>
<status status="PASS" start="2024-05-11T19:11:30.151783" elapsed="0.000360"/>
</kw>
<kw name="Should Match Regexp" owner="BuiltIn">
<arg>${json_data['results'][0]['email']}</arg>
<arg>^[a-zA-Z0-9._%+-]+@[a-zA-Z0-9.-]+\.[a-zA-Z]{2,}$</arg>
<doc>Fails if ``string`` does not match ``pattern`` as a regular expression.</doc>
<status status="PASS" start="2024-05-11T19:11:30.152336" elapsed="0.000508"/>
</kw>
<kw name="Should Match Regexp" owner="BuiltIn">
<arg>${json_data['results'][0]['dob']['date']}</arg>
<arg>\\d{4}-\\d{2}-\\d{2}T\\d{2}:\\d{2}:\\d{2}\\.\\d{3}Z</arg>
<doc>Fails if ``string`` does not match ``pattern`` as a regular expression.</doc>
<status status="PASS" start="2024-05-11T19:11:30.153040" elapsed="0.000491"/>
</kw>
<kw name="Should Match Regexp" owner="BuiltIn">
<arg>${json_data['results'][0]['registered']['date']}</arg>
<arg>\\d{4}-\\d{2}-\\d{2}T\\d{2}:\\d{2}:\\d{2}\\.\\d{3}Z</arg>
<doc>Fails if ``string`` does not match ``pattern`` as a regular expression.</doc>
<status status="PASS" start="2024-05-11T19:11:30.153722" elapsed="0.000373"/>
</kw>
<kw name="Should Match Regexp" owner="BuiltIn">
<arg>${json_data['results'][0]['picture']['large']}</arg>
<arg>^https?://.*\.(?:png|jpe?g|gif|bmp)$</arg>
<doc>Fails if ``string`` does not match ``pattern`` as a regular expression.</doc>
<status status="PASS" start="2024-05-11T19:11:30.154288" elapsed="0.000468"/>
</kw>
<kw name="Should Match Regexp" owner="BuiltIn">
<arg>${json_data['results'][0]['picture']['medium']}</arg>
<arg>^https?://.*\.(?:png|jpe?g|gif|bmp)$</arg>
<doc>Fails if ``string`` does not match ``pattern`` as a regular expression.</doc>
<status status="PASS" start="2024-05-11T19:11:30.154947" elapsed="0.000366"/>
</kw>
<kw name="Should Match Regexp" owner="BuiltIn">
<arg>${json_data['results'][0]['picture']['thumbnail']}</arg>
<arg>^https?://.*\.(?:png|jpe?g|gif|bmp)$</arg>
<doc>Fails if ``string`` does not match ``pattern`` as a regular expression.</doc>
<status status="PASS" start="2024-05-11T19:11:30.155500" elapsed="0.000427"/>
</kw>
<kw name="Log" owner="BuiltIn">
<msg time="2024-05-11T19:11:30.156439" level="INFO">{'large': 'https://randomuser.me/api/portraits/women/54.jpg', 'medium': 'https://randomuser.me/api/portraits/med/women/54.jpg', 'thumbnail': 'https://randomuser.me/api/portraits/thumb/women/54.jpg'}</msg>
<arg>${json_data['results'][0]['picture']}</arg>
<doc>Logs the given message with the given level.</doc>
<status status="PASS" start="2024-05-11T19:11:30.156112" elapsed="0.000370"/>
</kw>
<status status="PASS" start="2024-05-11T19:11:30.065412" elapsed="0.091321"/>
</kw>
<kw name="Teste de Tipos de Dados - Postcode" owner="random-user-service">
<kw name="GET On Session" owner="RequestsLibrary">
<msg time="2024-05-11T19:11:30.278922" level="INFO">GET Request : url=https://randomuser.me/api 
 path_url=/api 
 headers={'User-Agent': 'python-requests/2.31.0', 'Accept-Encoding': 'gzip, deflate', 'Accept': '*/*', 'Connection': 'keep-alive'} 
 body=None 
 </msg>
<msg time="2024-05-11T19:11:30.279001" level="INFO">GET Response : url=https://randomuser.me/api 
 status=200, reason=OK 
 headers={'Date': 'Sat, 11 May 2024 19:11:30 GMT', 'Content-Type': 'application/json; charset=utf-8', 'Transfer-Encoding': 'chunked', 'Connection': 'keep-alive', 'X-Powered-By': 'Express', 'Access-Control-Allow-Origin': '*', 'Cache-Control': 'no-cache', 'ETag': 'W/"463-G7DY7/xqE+2+TtxWEqUSaQqyHxI"', 'Vary': 'Accept-Encoding', 'Content-Encoding': 'gzip', 'CF-Cache-Status': 'DYNAMIC', 'Report-To': '{"endpoints":[{"url":"https:\\/\\/a.nel.cloudflare.com\\/report\\/v4?s=aKzoFaUwijBHZ44tDUjZbyatqS1%2Bxu%2F9hrN1%2BszEbJ8qs9Qwwh9yGaKKVkqzphUOezlKu7V3H5UocWghtT7W4opvEPgz9meWL7wflqp094n%2FsJlf20XY%2Fgmp3q0ExxBS"}],"group":"cf-nel","max_age":604800}', 'NEL': '{"success_fraction":0,"report_to":"cf-nel","max_age":604800}', 'Server': 'cloudflare', 'CF-RAY': '882479a58dba387a-IAD', 'alt-svc': 'h3=":443"; ma=86400'} 
 body={"results":[{"gender":"female","name":{"title":"Miss","first":"ثنا","last":"نجاتی"},"location":{"street":{"number":5272,"name":"حجاب"},"city":"رشت","state":"تهران","country":"Iran","postcode":65585,"coordinates":{"latitude":"17.3754","longitude":"10.7899"},"timezone":{"offset":"+3:30","description":"Tehran"}},"email":"thn.njty@example.com","login":{"uuid":"5a398363-9684-48f8-8c2b-ce28f33dded8","username":"sadrabbit917","password":"blonds","salt":"AFtI8IpW","md5":"3f168ab9245d21abd886d94d75256fe4","sha1":"3750decc3138fe1368abe59231fc2c46637786e8","sha256":"1de03d06569025c84e4bd9dcb924d1ee70a8874da7c0e78f087070cf45ebaabc"},"dob":{"date":"1954-04-08T07:20:13.474Z","age":70},"registered":{"date":"2012-12-17T16:45:23.810Z","age":11},"phone":"021-88985838","cell":"0978-662-9011","id":{"name":"","value":null},"picture":{"large":"https://randomuser.me/api/portraits/women/93.jpg","medium":"https://randomuser.me/api/portraits/med/women/93.jpg","thumbnail":"https://randomuser.me/api/portraits/thumb/women/93.jpg"},"nat":"IR"}],"info":{"seed":"07be36cf3ff5b2a6","results":1,"page":1,"version":"1.4"}} 
 </msg>
<msg time="2024-05-11T19:11:30.279072" level="INFO">/opt/hostedtoolcache/Python/3.12.3/x64/lib/python3.12/site-packages/urllib3/connectionpool.py:1103: InsecureRequestWarning: Unverified HTTPS request is being made to host 'randomuser.me'. Adding certificate verification is strongly advised. See: https://urllib3.readthedocs.io/en/latest/advanced-usage.html#tls-warnings
  warnings.warn(</msg>
<msg time="2024-05-11T19:11:30.279173" level="INFO">${response} = &lt;Response [200]&gt;</msg>
<var>${response}</var>
<arg>consultarAPI</arg>
<arg>/api</arg>
<doc>Sends a GET request on a previously created HTTP Session.</doc>
<status status="PASS" start="2024-05-11T19:11:30.157167" elapsed="0.122050"/>
</kw>
<kw name="Set Variable" owner="BuiltIn">
<msg time="2024-05-11T19:11:30.280108" level="INFO">${json_data} = {'results': [{'gender': 'female', 'name': {'title': 'Miss', 'first': 'ثنا', 'last': 'نجاتی'}, 'location': {'street': {'number': 5272, 'name': 'حجاب'}, 'city': 'رشت', 'state': 'تهران', 'country': 'Iran...</msg>
<var>${json_data}</var>
<arg>${response.json()}</arg>
<doc>Returns the given values which can then be assigned to a variables.</doc>
<status status="PASS" start="2024-05-11T19:11:30.279632" elapsed="0.000507"/>
</kw>
<kw name="Log" owner="BuiltIn">
<msg time="2024-05-11T19:11:30.280611" level="INFO">{'results': [{'gender': 'female', 'name': {'title': 'Miss', 'first': 'ثنا', 'last': 'نجاتی'}, 'location': {'street': {'number': 5272, 'name': 'حجاب'}, 'city': 'رشت', 'state': 'تهران', 'country': 'Iran', 'postcode': 65585, 'coordinates': {'latitude': '17.3754', 'longitude': '10.7899'}, 'timezone': {'offset': '+3:30', 'description': 'Tehran'}}, 'email': 'thn.njty@example.com', 'login': {'uuid': '5a398363-9684-48f8-8c2b-ce28f33dded8', 'username': 'sadrabbit917', 'password': 'blonds', 'salt': 'AFtI8IpW', 'md5': '3f168ab9245d21abd886d94d75256fe4', 'sha1': '3750decc3138fe1368abe59231fc2c46637786e8', 'sha256': '1de03d06569025c84e4bd9dcb924d1ee70a8874da7c0e78f087070cf45ebaabc'}, 'dob': {'date': '1954-04-08T07:20:13.474Z', 'age': 70}, 'registered': {'date': '2012-12-17T16:45:23.810Z', 'age': 11}, 'phone': '021-88985838', 'cell': '0978-662-9011', 'id': {'name': '', 'value': None}, 'picture': {'large': 'https://randomuser.me/api/portraits/women/93.jpg', 'medium': 'https://randomuser.me/api/portraits/med/women/93.jpg', 'thumbnail': 'https://randomuser.me/api/portraits/thumb/women/93.jpg'}, 'nat': 'IR'}], 'info': {'seed': '07be36cf3ff5b2a6', 'results': 1, 'page': 1, 'version': '1.4'}}</msg>
<arg>${json_data}</arg>
<doc>Logs the given message with the given level.</doc>
<status status="PASS" start="2024-05-11T19:11:30.280452" elapsed="0.000237"/>
</kw>
<kw name="Should Be Equal As Numbers" owner="BuiltIn">
<arg>${json_data['results'][0]['location']['postcode']}</arg>
<arg>${json_data['results'][0]['location']['postcode']}</arg>
<doc>Fails if objects are unequal after converting them to real numbers.</doc>
<status status="PASS" start="2024-05-11T19:11:30.281109" elapsed="0.000621"/>
</kw>
<kw name="Log" owner="BuiltIn">
<msg time="2024-05-11T19:11:30.282256" level="INFO">65585</msg>
<arg>${json_data['results'][0]['location']['postcode']}</arg>
<doc>Logs the given message with the given level.</doc>
<status status="PASS" start="2024-05-11T19:11:30.281919" elapsed="0.000384"/>
</kw>
<status status="PASS" start="2024-05-11T19:11:30.156947" elapsed="0.125614"/>
</kw>
<doc>Testa se os tipos de dados na resposta da API estão corretos.</doc>
<tag>testeTiposDados</tag>
<status status="PASS" start="2024-05-11T19:11:30.064884" elapsed="0.217834"/>
</test>
<test id="s1-s1-t5" name="Validar conteudo" line="35">
<kw name="Teste de Tipos de Conteudo" owner="random-user-service">
<kw name="GET On Session" owner="RequestsLibrary">
<msg time="2024-05-11T19:11:30.350592" level="INFO">GET Request : url=https://randomuser.me/api 
 path_url=/api 
 headers={'User-Agent': 'python-requests/2.31.0', 'Accept-Encoding': 'gzip, deflate', 'Accept': '*/*', 'Connection': 'keep-alive'} 
 body=None 
 </msg>
<msg time="2024-05-11T19:11:30.350660" level="INFO">GET Response : url=https://randomuser.me/api 
 status=200, reason=OK 
 headers={'Date': 'Sat, 11 May 2024 19:11:30 GMT', 'Content-Type': 'application/json; charset=utf-8', 'Transfer-Encoding': 'chunked', 'Connection': 'keep-alive', 'X-Powered-By': 'Express', 'Access-Control-Allow-Origin': '*', 'Cache-Control': 'no-cache', 'ETag': 'W/"45d-Wd7LK6Qa/FpyD0YRmI9yoNEDnRQ"', 'Vary': 'Accept-Encoding', 'Content-Encoding': 'gzip', 'CF-Cache-Status': 'DYNAMIC', 'Report-To': '{"endpoints":[{"url":"https:\\/\\/a.nel.cloudflare.com\\/report\\/v4?s=B41yTeEsnJLBRp8%2F5QrxARvzIxscEPBUoGV%2FgF%2BT58f3Y8qiY3mqcr27AuFg6jbjnoh%2FVZvvobDOUAO%2BR8b5txd4MBK9moh9MQjorEBi0F74nXbtDmV1ycNS0rsjHahc"}],"group":"cf-nel","max_age":604800}', 'NEL': '{"success_fraction":0,"report_to":"cf-nel","max_age":604800}', 'Server': 'cloudflare', 'CF-RAY': '882479a64e92387a-IAD', 'alt-svc': 'h3=":443"; ma=86400'} 
 body={"results":[{"gender":"male","name":{"title":"Mr","first":"Loke","last":"Myrseth"},"location":{"street":{"number":5173,"name":"Teppaveien"},"city":"Bismo","state":"Nordland","country":"Norway","postcode":"1705","coordinates":{"latitude":"40.5659","longitude":"-71.4463"},"timezone":{"offset":"-10:00","description":"Hawaii"}},"email":"loke.myrseth@example.com","login":{"uuid":"8918d07f-29d8-4aed-b2db-24460b297b11","username":"tinypanda239","password":"betsy","salt":"iK1GN6ZD","md5":"e3e62a94014ee58ddc69290fb8af0f15","sha1":"dd6b972f38711cbf88f309d6820a4f094a9c20c3","sha256":"9b178938b2f08ebf1535559fc7334a37fde9490c6173e2b2ab4a56d84a135f9a"},"dob":{"date":"1958-11-19T13:17:43.760Z","age":65},"registered":{"date":"2008-05-22T01:18:13.353Z","age":15},"phone":"27154711","cell":"41222975","id":{"name":"FN","value":"19115814942"},"picture":{"large":"https://randomuser.me/api/portraits/men/37.jpg","medium":"https://randomuser.me/api/portraits/med/men/37.jpg","thumbnail":"https://randomuser.me/api/portraits/thumb/men/37.jpg"},"nat":"NO"}],"info":{"seed":"2ba8cbfbb0fe53ad","results":1,"page":1,"version":"1.4"}} 
 </msg>
<msg time="2024-05-11T19:11:30.350717" level="INFO">/opt/hostedtoolcache/Python/3.12.3/x64/lib/python3.12/site-packages/urllib3/connectionpool.py:1103: InsecureRequestWarning: Unverified HTTPS request is being made to host 'randomuser.me'. Adding certificate verification is strongly advised. See: https://urllib3.readthedocs.io/en/latest/advanced-usage.html#tls-warnings
  warnings.warn(</msg>
<msg time="2024-05-11T19:11:30.350806" level="INFO">${response} = &lt;Response [200]&gt;</msg>
<var>${response}</var>
<arg>consultarAPI</arg>
<arg>/api</arg>
<doc>Sends a GET request on a previously created HTTP Session.</doc>
<status status="PASS" start="2024-05-11T19:11:30.285222" elapsed="0.065617"/>
</kw>
<kw name="Set Variable" owner="BuiltIn">
<msg time="2024-05-11T19:11:30.351733" level="INFO">${json_data} = {'results': [{'gender': 'male', 'name': {'title': 'Mr', 'first': 'Loke', 'last': 'Myrseth'}, 'location': {'street': {'number': 5173, 'name': 'Teppaveien'}, 'city': 'Bismo', 'state': 'Nordland', 'count...</msg>
<var>${json_data}</var>
<arg>${response.json()}</arg>
<doc>Returns the given values which can then be assigned to a variables.</doc>
<status status="PASS" start="2024-05-11T19:11:30.351231" elapsed="0.000532"/>
</kw>
<kw name="Set Variable" owner="BuiltIn">
<msg time="2024-05-11T19:11:30.352453" level="INFO">${name_title} = Mr</msg>
<var>${name_title}</var>
<arg>${json_data["results"][0]["name"]["title"]}</arg>
<doc>Returns the given values which can then be assigned to a variables.</doc>
<status status="PASS" start="2024-05-11T19:11:30.352071" elapsed="0.000407"/>
</kw>
<kw name="Create List" owner="BuiltIn">
<msg time="2024-05-11T19:11:30.352921" level="INFO">${allowed_titles} = ['Mr', 'Ms', 'Miss', 'Mrs', 'Madame', 'Monsieur']</msg>
<var>${allowed_titles}</var>
<arg>Mr</arg>
<arg>Ms</arg>
<arg>Miss</arg>
<arg>Mrs</arg>
<arg>Madame</arg>
<arg>Monsieur</arg>
<doc>Returns a list containing given items.</doc>
<status status="PASS" start="2024-05-11T19:11:30.352775" elapsed="0.000170"/>
</kw>
<kw name="List Should Contain Value" owner="Collections">
<msg time="2024-05-11T19:11:30.353405" level="INFO">False</msg>
<arg>${allowed_titles}</arg>
<arg>${name_title}</arg>
<doc>Fails if the ``value`` is not found from ``list``.</doc>
<status status="PASS" start="2024-05-11T19:11:30.353236" elapsed="0.000207"/>
</kw>
<kw name="Set Variable" owner="BuiltIn">
<msg time="2024-05-11T19:11:30.354116" level="INFO">${name_country} = NO</msg>
<var>${name_country}</var>
<arg>${json_data["results"][0]["nat"]}</arg>
<doc>Returns the given values which can then be assigned to a variables.</doc>
<status status="PASS" start="2024-05-11T19:11:30.353734" elapsed="0.000408"/>
</kw>
<kw name="Create List" owner="BuiltIn">
<msg time="2024-05-11T19:11:30.355016" level="INFO">${list_country} = ['AD', 'AE', 'AF', 'AG', 'AI', 'AL', 'AM', 'AO', 'AQ', 'AR', 'AS', 'AT', 'AU', 'AW', 'AX', 'AZ', 'BA', 'BB', 'BD', 'BE', 'BF', 'BG', 'BH', 'BI', 'BJ', 'BL', 'BM', 'BN', 'BO', 'BQ', 'BR', 'BS', 'BT', '...</msg>
<var>${list_country}</var>
<arg>AD</arg>
<arg>AE</arg>
<arg>AF</arg>
<arg>AG</arg>
<arg>AI</arg>
<arg>AL</arg>
<arg>AM</arg>
<arg>AO</arg>
<arg>AQ</arg>
<arg>AR</arg>
<arg>AS</arg>
<arg>AT</arg>
<arg>AU</arg>
<arg>AW</arg>
<arg>AX</arg>
<arg>AZ</arg>
<arg>BA</arg>
<arg>BB</arg>
<arg>BD</arg>
<arg>BE</arg>
<arg>BF</arg>
<arg>BG</arg>
<arg>BH</arg>
<arg>BI</arg>
<arg>BJ</arg>
<arg>BL</arg>
<arg>BM</arg>
<arg>BN</arg>
<arg>BO</arg>
<arg>BQ</arg>
<arg>BR</arg>
<arg>BS</arg>
<arg>BT</arg>
<arg>BV</arg>
<arg>BW</arg>
<arg>BY</arg>
<arg>BZ</arg>
<arg>CA</arg>
<arg>CC</arg>
<arg>CD</arg>
<arg>CF</arg>
<arg>CG</arg>
<arg>CH</arg>
<arg>CI</arg>
<arg>CK</arg>
<arg>CL</arg>
<arg>CM</arg>
<arg>CN</arg>
<arg>CO</arg>
<arg>CR</arg>
<arg>CU</arg>
<arg>CV</arg>
<arg>CW</arg>
<arg>CX</arg>
<arg>CY</arg>
<arg>CZ</arg>
<arg>DE</arg>
<arg>DJ</arg>
<arg>DK</arg>
<arg>DM</arg>
<arg>DO</arg>
<arg>DZ</arg>
<arg>EC</arg>
<arg>EE</arg>
<arg>EG</arg>
<arg>EH</arg>
<arg>ER</arg>
<arg>ES</arg>
<arg>ET</arg>
<arg>FI</arg>
<arg>FJ</arg>
<arg>FK</arg>
<arg>FM</arg>
<arg>FO</arg>
<arg>FR</arg>
<arg>GA</arg>
<arg>GB</arg>
<arg>GD</arg>
<arg>GE</arg>
<arg>GF</arg>
<arg>GG</arg>
<arg>GH</arg>
<arg>GI</arg>
<arg>GL</arg>
<arg>GM</arg>
<arg>GN</arg>
<arg>GP</arg>
<arg>GQ</arg>
<arg>GR</arg>
<arg>GS</arg>
<arg>GT</arg>
<arg>GU</arg>
<arg>GW</arg>
<arg>GY</arg>
<arg>HK</arg>
<arg>HM</arg>
<arg>HN</arg>
<arg>HR</arg>
<arg>HT</arg>
<arg>HU</arg>
<arg>ID</arg>
<arg>IE</arg>
<arg>IL</arg>
<arg>IM</arg>
<arg>IN</arg>
<arg>IO</arg>
<arg>IQ</arg>
<arg>IR</arg>
<arg>IS</arg>
<arg>IT</arg>
<arg>JE</arg>
<arg>JM</arg>
<arg>JO</arg>
<arg>JP</arg>
<arg>KE</arg>
<arg>KG</arg>
<arg>KH</arg>
<arg>KI</arg>
<arg>KM</arg>
<arg>KN</arg>
<arg>KP</arg>
<arg>KR</arg>
<arg>KW</arg>
<arg>KY</arg>
<arg>KZ</arg>
<arg>LA</arg>
<arg>LB</arg>
<arg>LC</arg>
<arg>LI</arg>
<arg>LK</arg>
<arg>LR</arg>
<arg>LS</arg>
<arg>LT</arg>
<arg>LU</arg>
<arg>LV</arg>
<arg>LY</arg>
<arg>MA</arg>
<arg>MC</arg>
<arg>MD</arg>
<arg>ME</arg>
<arg>MF</arg>
<arg>MG</arg>
<arg>MH</arg>
<arg>MK</arg>
<arg>ML</arg>
<arg>MM</arg>
<arg>MN</arg>
<arg>MO</arg>
<arg>MP</arg>
<arg>MQ</arg>
<arg>MR</arg>
<arg>MS</arg>
<arg>MT</arg>
<arg>MU</arg>
<arg>MV</arg>
<arg>MW</arg>
<arg>MX</arg>
<arg>MY</arg>
<arg>MZ</arg>
<arg>NA</arg>
<arg>NC</arg>
<arg>NE</arg>
<arg>NF</arg>
<arg>NG</arg>
<arg>NI</arg>
<arg>NL</arg>
<arg>NO</arg>
<arg>NP</arg>
<arg>NR</arg>
<arg>NU</arg>
<arg>NZ</arg>
<arg>OM</arg>
<arg>PA</arg>
<arg>PE</arg>
<arg>PF</arg>
<arg>PG</arg>
<arg>PH</arg>
<arg>PK</arg>
<arg>PL</arg>
<arg>PM</arg>
<arg>PN</arg>
<arg>PR</arg>
<arg>PS</arg>
<arg>PT</arg>
<arg>PW</arg>
<arg>PY</arg>
<arg>QA</arg>
<arg>RE</arg>
<arg>RO</arg>
<arg>RS</arg>
<arg>RU</arg>
<arg>RW</arg>
<arg>SA</arg>
<arg>SB</arg>
<arg>SC</arg>
<arg>SD</arg>
<arg>SE</arg>
<arg>SG</arg>
<arg>SH</arg>
<arg>SI</arg>
<arg>SJ</arg>
<arg>SK</arg>
<arg>SL</arg>
<arg>SM</arg>
<arg>SN</arg>
<arg>SO</arg>
<arg>SR</arg>
<arg>SS</arg>
<arg>ST</arg>
<arg>SV</arg>
<arg>SX</arg>
<arg>SY</arg>
<arg>SZ</arg>
<arg>TC</arg>
<arg>TD</arg>
<arg>TF</arg>
<arg>TG</arg>
<arg>TH</arg>
<arg>TJ</arg>
<arg>TK</arg>
<arg>TL</arg>
<arg>TM</arg>
<arg>TN</arg>
<arg>TO</arg>
<arg>TR</arg>
<arg>TT</arg>
<arg>TV</arg>
<arg>TW</arg>
<arg>TZ</arg>
<arg>UA</arg>
<arg>UG</arg>
<arg>UM</arg>
<arg>US</arg>
<arg>UY</arg>
<arg>UZ</arg>
<arg>VA</arg>
<arg>VC</arg>
<arg>VE</arg>
<arg>VG</arg>
<arg>VI</arg>
<arg>VN</arg>
<arg>VU</arg>
<arg>WF</arg>
<arg>WS</arg>
<arg>XK</arg>
<arg>YE</arg>
<arg>YT</arg>
<arg>ZA</arg>
<arg>ZM</arg>
<arg>ZW</arg>
<doc>Returns a list containing given items.</doc>
<status status="PASS" start="2024-05-11T19:11:30.354438" elapsed="0.000603"/>
</kw>
<kw name="List Should Contain Value" owner="Collections">
<msg time="2024-05-11T19:11:30.356053" level="INFO">False</msg>
<arg>${list_country}</arg>
<arg>${name_country}</arg>
<doc>Fails if the ``value`` is not found from ``list``.</doc>
<status status="PASS" start="2024-05-11T19:11:30.355853" elapsed="0.000236"/>
</kw>
<kw name="Run Keyword If" owner="BuiltIn">
<kw name="Should Be True" owner="BuiltIn">
<arg>${True}</arg>
<doc>Fails if the given condition is not true.</doc>
<status status="PASS" start="2024-05-11T19:11:30.357146" elapsed="0.000243"/>
</kw>
<arg>${json_data["results"][0]["location"]["coordinates"]["latitude"]} &gt;= -90 and ${json_data["results"][0]["location"]["coordinates"]["latitude"]} &lt;= 90</arg>
<arg>Should Be True</arg>
<arg>${True}</arg>
<doc>Runs the given keyword with the given arguments, if ``condition`` is true.</doc>
<status status="PASS" start="2024-05-11T19:11:30.356398" elapsed="0.001132"/>
</kw>
<kw name="Run Keyword If" owner="BuiltIn">
<kw name="Should Be True" owner="BuiltIn">
<arg>${True}</arg>
<doc>Fails if the given condition is not true.</doc>
<status status="PASS" start="2024-05-11T19:11:30.358417" elapsed="0.000139"/>
</kw>
<arg>${json_data["results"][0]["location"]["coordinates"]["longitude"]} &gt;= -180 and ${json_data["results"][0]["location"]["coordinates"]["longitude"]} &lt;= 180</arg>
<arg>Should Be True</arg>
<arg>${True}</arg>
<doc>Runs the given keyword with the given arguments, if ``condition`` is true.</doc>
<status status="PASS" start="2024-05-11T19:11:30.357715" elapsed="0.000966"/>
</kw>
<status status="PASS" start="2024-05-11T19:11:30.284990" elapsed="0.073821"/>
</kw>
<doc>Testa o conteúdo específico dos campos retornados pela API.</doc>
<tag>testeConteudo</tag>
<status status="PASS" start="2024-05-11T19:11:30.284485" elapsed="0.074469"/>
</test>
<status status="PASS" start="2024-05-11T19:11:29.378680" elapsed="0.982256"/>
</suite>
<status status="PASS" start="2024-05-11T19:11:29.365089" elapsed="1.001029"/>
</suite>
<statistics>
<total>
<stat pass="5" fail="0" skip="0">All Tests</stat>
</total>
<tag>
<stat pass="1" fail="0" skip="0">testeConteudo</stat>
<stat pass="1" fail="0" skip="0">testeEstruturaResposta</stat>
<stat pass="1" fail="0" skip="0">testeRequisicaoBasica</stat>
<stat pass="1" fail="0" skip="0">testeTiposDados</stat>
</tag>
<suite>
<stat pass="5" fail="0" skip="0" id="s1" name="Tests">Tests</stat>
<stat pass="5" fail="0" skip="0" id="s1-s1" name="Random-User-Test">Tests.Random-User-Test</stat>
</suite>
</statistics>
<errors>
</errors>
</robot>
