<?xml version="1.0" encoding="UTF-8"?>
<robot generator="Robot 7.0 (Python 3.12.3 on linux)" generated="2024-05-31T02:29:59.573957" rpa="false" schemaversion="5">
<suite id="s1" name="Tests" source="/home/runner/work/ApiRandomUser/ApiRandomUser/RamdonUser/tests">
<suite id="s1-s1" name="Random-User-Test" source="/home/runner/work/ApiRandomUser/ApiRandomUser/RamdonUser/tests/random-user-test.robot">
<test id="s1-s1-t1" name="Conectar" line="13">
<kw name="Conectar API" owner="random-user-service">
<kw name="Create Session" owner="RequestsLibrary">
<msg time="2024-05-31T02:29:59.962545" level="INFO">Creating Session using : alias=consultarAPI, url=https://randomuser.me/, headers={},                     cookies={}, auth=None, timeout=None, proxies=None, verify=False,                     debug=0 </msg>
<arg>consultarAPI</arg>
<arg>${URL}</arg>
<doc>Create Session: create a HTTP session to a server</doc>
<status status="PASS" start="2024-05-31T02:29:59.962340" elapsed="0.000373"/>
</kw>
<status status="PASS" start="2024-05-31T02:29:59.961295" elapsed="0.001777"/>
</kw>
<status status="PASS" start="2024-05-31T02:29:59.960709" elapsed="0.002557"/>
</test>
<test id="s1-s1-t2" name="Validar retorno 200 e JSON Válido" line="16">
<kw name="Teste de Requisicao Basica" owner="random-user-service">
<kw name="GET On Session" owner="RequestsLibrary">
<msg time="2024-05-31T02:30:00.228401" level="INFO">GET Request : url=https://randomuser.me/api 
 path_url=/api 
 headers={'User-Agent': 'python-requests/2.32.3', 'Accept-Encoding': 'gzip, deflate', 'Accept': '*/*', 'Connection': 'keep-alive'} 
 body=None 
 </msg>
<msg time="2024-05-31T02:30:00.228557" level="INFO">GET Response : url=https://randomuser.me/api 
 status=200, reason=OK 
 headers={'Date': 'Fri, 31 May 2024 02:30:00 GMT', 'Content-Type': 'application/json; charset=utf-8', 'Transfer-Encoding': 'chunked', 'Connection': 'keep-alive', 'X-Powered-By': 'Express', 'Access-Control-Allow-Origin': '*', 'Cache-Control': 'no-cache', 'ETag': 'W/"4a9-wpEP+27SDoB2PIvp48FL++hZO2g"', 'Vary': 'Accept-Encoding', 'Content-Encoding': 'gzip', 'CF-Cache-Status': 'DYNAMIC', 'Report-To': '{"endpoints":[{"url":"https:\\/\\/a.nel.cloudflare.com\\/report\\/v4?s=eu1BLS1I0WwE9PQMlRcT2IptTX7Ho3VDw30b%2FnSSCvOtR8xv5JnHjYcHf5sSNCOB9gzxhBKj5g2sKDQY1fML%2FFvY%2Fm64rQAalSAXZpTPGRRp%2FyCu0V5LVpVhfl7%2F9Zbs"}],"group":"cf-nel","max_age":604800}', 'NEL': '{"success_fraction":0,"report_to":"cf-nel","max_age":604800}', 'Server': 'cloudflare', 'CF-RAY': '88c38a1adaa896a5-SJC', 'alt-svc': 'h3=":443"; ma=86400'} 
 body={"results":[{"gender":"female","name":{"title":"Miss","first":"Jovana","last":"Ninković"},"location":{"street":{"number":5257,"name":"Ivana Blagojevića"},"city":"Velika Plana","state":"Podunavlje","country":"Serbia","postcode":20296,"coordinates":{"latitude":"59.1569","longitude":"163.2363"},"timezone":{"offset":"+5:00","description":"Ekaterinburg, Islamabad, Karachi, Tashkent"}},"email":"jovana.ninkovic@example.com","login":{"uuid":"572b84e8-1a83-4755-9547-8046656fcfdf","username":"lazylion148","password":"divorce","salt":"NIpCwwgw","md5":"4e87fa6df83db12d3a86d5bd739eefda","sha1":"19cbfe0cf73e150fa43e6bc3383482eb2eadc463","sha256":"322cc27d5ddd5f6783c06ea54a3f8ec9ff078d76d3c93ca342511a88873bc276"},"dob":{"date":"1960-04-20T00:06:36.504Z","age":64},"registered":{"date":"2010-02-02T06:00:50.911Z","age":14},"phone":"013-9798-964","cell":"064-4047-129","id":{"name":"SID","value":"027285085"},"picture":{"large":"https://randomuser.me/api/portraits/women/36.jpg","medium":"https://randomuser.me/api/portraits/med/women/36.jpg","thumbnail":"https://randomuser.me/api/portraits/thumb/women/36.jpg"},"nat":"RS"}],"info":{"seed":"5da204577062c0f6","results":1,"page":1,"version":"1.4"}} 
 </msg>
<msg time="2024-05-31T02:30:00.228647" level="INFO">/opt/hostedtoolcache/Python/3.12.3/x64/lib/python3.12/site-packages/urllib3/connectionpool.py:1103: InsecureRequestWarning: Unverified HTTPS request is being made to host 'randomuser.me'. Adding certificate verification is strongly advised. See: https://urllib3.readthedocs.io/en/latest/advanced-usage.html#tls-warnings
  warnings.warn(</msg>
<msg time="2024-05-31T02:30:00.228811" level="INFO">${response} = &lt;Response [200]&gt;</msg>
<var>${response}</var>
<arg>consultarAPI</arg>
<arg>/api</arg>
<doc>Sends a GET request on a previously created HTTP Session.</doc>
<status status="PASS" start="2024-05-31T02:29:59.965931" elapsed="0.262922"/>
</kw>
<kw name="Should Be Equal As Numbers" owner="BuiltIn">
<msg time="2024-05-31T02:30:00.229850" level="INFO">Argument types are:
&lt;class 'int'&gt;
&lt;class 'str'&gt;</msg>
<arg>${response.status_code}</arg>
<arg>200</arg>
<doc>Fails if objects are unequal after converting them to real numbers.</doc>
<status status="PASS" start="2024-05-31T02:30:00.229367" elapsed="0.000553"/>
</kw>
<kw name="Log" owner="BuiltIn">
<msg time="2024-05-31T02:30:00.230614" level="INFO">200</msg>
<arg>${response.status_code}</arg>
<doc>Logs the given message with the given level.</doc>
<status status="PASS" start="2024-05-31T02:30:00.230273" elapsed="0.000389"/>
</kw>
<kw name="Set Variable" owner="BuiltIn">
<msg time="2024-05-31T02:30:00.231410" level="INFO">${json_data} = {'results': [{'gender': 'female', 'name': {'title': 'Miss', 'first': 'Jovana', 'last': 'Ninković'}, 'location': {'street': {'number': 5257, 'name': 'Ivana Blagojevića'}, 'city': 'Velika Plana', 'state...</msg>
<var>${json_data}</var>
<arg>${response.json()}</arg>
<doc>Returns the given values which can then be assigned to a variables.</doc>
<status status="PASS" start="2024-05-31T02:30:00.230968" elapsed="0.000474"/>
</kw>
<kw name="Dictionary Should Contain Key" owner="Collections">
<msg time="2024-05-31T02:30:00.231908" level="INFO">False</msg>
<arg>${json_data}</arg>
<arg>results</arg>
<doc>Fails if ``key`` is not found from ``dictionary``.</doc>
<status status="PASS" start="2024-05-31T02:30:00.231743" elapsed="0.000365"/>
</kw>
<status status="PASS" start="2024-05-31T02:29:59.965655" elapsed="0.266729"/>
</kw>
<doc>Testa se a API responde corretamente e retorna um objeto JSON válido.</doc>
<tag>testeRequisicaoBasica</tag>
<status status="PASS" start="2024-05-31T02:29:59.965144" elapsed="0.267425"/>
</test>
<test id="s1-s1-t3" name="Validar estrutura de resposta" line="22">
<kw name="Teste de Estrutura de Resposta" owner="random-user-service">
<kw name="GET On Session" owner="RequestsLibrary">
<msg time="2024-05-31T02:30:00.353991" level="INFO">GET Request : url=https://randomuser.me/api 
 path_url=/api 
 headers={'User-Agent': 'python-requests/2.32.3', 'Accept-Encoding': 'gzip, deflate', 'Accept': '*/*', 'Connection': 'keep-alive'} 
 body=None 
 </msg>
<msg time="2024-05-31T02:30:00.354074" level="INFO">GET Response : url=https://randomuser.me/api 
 status=200, reason=OK 
 headers={'Date': 'Fri, 31 May 2024 02:30:00 GMT', 'Content-Type': 'application/json; charset=utf-8', 'Transfer-Encoding': 'chunked', 'Connection': 'keep-alive', 'X-Powered-By': 'Express', 'Access-Control-Allow-Origin': '*', 'Cache-Control': 'no-cache', 'ETag': 'W/"499-1yvkm9Md25Q6VvLvp9d8q4kc25I"', 'Vary': 'Accept-Encoding', 'Content-Encoding': 'gzip', 'CF-Cache-Status': 'DYNAMIC', 'Report-To': '{"endpoints":[{"url":"https:\\/\\/a.nel.cloudflare.com\\/report\\/v4?s=0goM8lVWUwf9A2ZmB7YH3WXCoVdnoXt2cwnx8xHZRq7M755TmuzcFd6%2BxaCpTHz%2FaFjINGvBg2jwA5BEiPD%2BEegtNazUNNO2xj0aCqSsZ%2FGKIG6byhqUwx2jTFimOFc3"}],"group":"cf-nel","max_age":604800}', 'NEL': '{"success_fraction":0,"report_to":"cf-nel","max_age":604800}', 'Server': 'cloudflare', 'CF-RAY': '88c38a1b7b2496a5-SJC', 'alt-svc': 'h3=":443"; ma=86400'} 
 body={"results":[{"gender":"male","name":{"title":"Mr","first":"Arron","last":"Jensen"},"location":{"street":{"number":288,"name":"St. John’S Road"},"city":"Bath","state":"Devon","country":"United Kingdom","postcode":"L3Q 1WD","coordinates":{"latitude":"-11.8228","longitude":"-169.3483"},"timezone":{"offset":"+8:00","description":"Beijing, Perth, Singapore, Hong Kong"}},"email":"arron.jensen@example.com","login":{"uuid":"17d0c045-21ca-4b89-a92f-cf872c066224","username":"blackzebra813","password":"meatloaf","salt":"jfYORHJO","md5":"3f546103d55e12376bb78d215d506b3f","sha1":"7fb6552bfea7d393385de5e286e7e4d1fabc72fc","sha256":"2bebb5bdda999a6b18effc7d56223d4e047e142406bfb0af9ec77108f2adea75"},"dob":{"date":"2001-01-19T14:06:11.918Z","age":23},"registered":{"date":"2012-07-27T09:32:15.638Z","age":11},"phone":"01153 036867","cell":"07558 258450","id":{"name":"NINO","value":"KP 92 34 04 U"},"picture":{"large":"https://randomuser.me/api/portraits/men/44.jpg","medium":"https://randomuser.me/api/portraits/med/men/44.jpg","thumbnail":"https://randomuser.me/api/portraits/thumb/men/44.jpg"},"nat":"GB"}],"info":{"seed":"084e2717444f5c00","results":1,"page":1,"version":"1.4"}} 
 </msg>
<msg time="2024-05-31T02:30:00.354190" level="INFO">/opt/hostedtoolcache/Python/3.12.3/x64/lib/python3.12/site-packages/urllib3/connectionpool.py:1103: InsecureRequestWarning: Unverified HTTPS request is being made to host 'randomuser.me'. Adding certificate verification is strongly advised. See: https://urllib3.readthedocs.io/en/latest/advanced-usage.html#tls-warnings
  warnings.warn(</msg>
<msg time="2024-05-31T02:30:00.354326" level="INFO">${response} = &lt;Response [200]&gt;</msg>
<var>${response}</var>
<arg>consultarAPI</arg>
<arg>/api</arg>
<doc>Sends a GET request on a previously created HTTP Session.</doc>
<status status="PASS" start="2024-05-31T02:30:00.235268" elapsed="0.119110"/>
</kw>
<kw name="Set Variable" owner="BuiltIn">
<msg time="2024-05-31T02:30:00.355271" level="INFO">${json_data} = {'results': [{'gender': 'male', 'name': {'title': 'Mr', 'first': 'Arron', 'last': 'Jensen'}, 'location': {'street': {'number': 288, 'name': 'St. John’S Road'}, 'city': 'Bath', 'state': 'Devon', 'count...</msg>
<var>${json_data}</var>
<arg>${response.json()}</arg>
<doc>Returns the given values which can then be assigned to a variables.</doc>
<status status="PASS" start="2024-05-31T02:30:00.354817" elapsed="0.000484"/>
</kw>
<kw name="Log" owner="BuiltIn">
<msg time="2024-05-31T02:30:00.355770" level="INFO">{'results': [{'gender': 'male', 'name': {'title': 'Mr', 'first': 'Arron', 'last': 'Jensen'}, 'location': {'street': {'number': 288, 'name': 'St. John’S Road'}, 'city': 'Bath', 'state': 'Devon', 'country': 'United Kingdom', 'postcode': 'L3Q 1WD', 'coordinates': {'latitude': '-11.8228', 'longitude': '-169.3483'}, 'timezone': {'offset': '+8:00', 'description': 'Beijing, Perth, Singapore, Hong Kong'}}, 'email': 'arron.jensen@example.com', 'login': {'uuid': '17d0c045-21ca-4b89-a92f-cf872c066224', 'username': 'blackzebra813', 'password': 'meatloaf', 'salt': 'jfYORHJO', 'md5': '3f546103d55e12376bb78d215d506b3f', 'sha1': '7fb6552bfea7d393385de5e286e7e4d1fabc72fc', 'sha256': '2bebb5bdda999a6b18effc7d56223d4e047e142406bfb0af9ec77108f2adea75'}, 'dob': {'date': '2001-01-19T14:06:11.918Z', 'age': 23}, 'registered': {'date': '2012-07-27T09:32:15.638Z', 'age': 11}, 'phone': '01153 036867', 'cell': '07558 258450', 'id': {'name': 'NINO', 'value': 'KP 92 34 04 U'}, 'picture': {'large': 'https://randomuser.me/api/portraits/men/44.jpg', 'medium': 'https://randomuser.me/api/portraits/med/men/44.jpg', 'thumbnail': 'https://randomuser.me/api/portraits/thumb/men/44.jpg'}, 'nat': 'GB'}], 'info': {'seed': '084e2717444f5c00', 'results': 1, 'page': 1, 'version': '1.4'}}</msg>
<arg>${json_data}</arg>
<doc>Logs the given message with the given level.</doc>
<status status="PASS" start="2024-05-31T02:30:00.355607" elapsed="0.000212"/>
</kw>
<kw name="Dictionary Should Contain Key" owner="Collections">
<msg time="2024-05-31T02:30:00.356258" level="INFO">False</msg>
<arg>${json_data}</arg>
<arg>results</arg>
<doc>Fails if ``key`` is not found from ``dictionary``.</doc>
<status status="PASS" start="2024-05-31T02:30:00.356110" elapsed="0.000189"/>
</kw>
<kw name="Should Not Be Empty" owner="BuiltIn">
<msg time="2024-05-31T02:30:00.356721" level="INFO">Length is 2.</msg>
<arg>${json_data}</arg>
<doc>Verifies that the given item is not empty.</doc>
<status status="PASS" start="2024-05-31T02:30:00.356588" elapsed="0.000169"/>
</kw>
<kw name="Create List" owner="BuiltIn">
<msg time="2024-05-31T02:30:00.357187" level="INFO">${expected_keys} = ['gender', 'name', 'location', 'email', 'login']</msg>
<var>${expected_keys}</var>
<arg>gender</arg>
<arg>name</arg>
<arg>location</arg>
<arg>email</arg>
<arg>login</arg>
<doc>Returns a list containing given items.</doc>
<status status="PASS" start="2024-05-31T02:30:00.357047" elapsed="0.000163"/>
</kw>
<for flavor="IN">
<iter>
<kw name="Dictionary Should Contain Key" owner="Collections">
<msg time="2024-05-31T02:30:00.358200" level="INFO">False</msg>
<arg>${json_data['results'][0]}</arg>
<arg>${key}</arg>
<doc>Fails if ``key`` is not found from ``dictionary``.</doc>
<status status="PASS" start="2024-05-31T02:30:00.357764" elapsed="0.000478"/>
</kw>
<kw name="Log" owner="BuiltIn">
<msg time="2024-05-31T02:30:00.358927" level="INFO">{'gender': 'male', 'name': {'title': 'Mr', 'first': 'Arron', 'last': 'Jensen'}, 'location': {'street': {'number': 288, 'name': 'St. John’S Road'}, 'city': 'Bath', 'state': 'Devon', 'country': 'United Kingdom', 'postcode': 'L3Q 1WD', 'coordinates': {'latitude': '-11.8228', 'longitude': '-169.3483'}, 'timezone': {'offset': '+8:00', 'description': 'Beijing, Perth, Singapore, Hong Kong'}}, 'email': 'arron.jensen@example.com', 'login': {'uuid': '17d0c045-21ca-4b89-a92f-cf872c066224', 'username': 'blackzebra813', 'password': 'meatloaf', 'salt': 'jfYORHJO', 'md5': '3f546103d55e12376bb78d215d506b3f', 'sha1': '7fb6552bfea7d393385de5e286e7e4d1fabc72fc', 'sha256': '2bebb5bdda999a6b18effc7d56223d4e047e142406bfb0af9ec77108f2adea75'}, 'dob': {'date': '2001-01-19T14:06:11.918Z', 'age': 23}, 'registered': {'date': '2012-07-27T09:32:15.638Z', 'age': 11}, 'phone': '01153 036867', 'cell': '07558 258450', 'id': {'name': 'NINO', 'value': 'KP 92 34 04 U'}, 'picture': {'large': 'https://randomuser.me/api/portraits/men/44.jpg', 'medium': 'https://randomuser.me/api/portraits/med/men/44.jpg', 'thumbnail': 'https://randomuser.me/api/portraits/thumb/men/44.jpg'}, 'nat': 'GB'}</msg>
<arg>${json_data['results'][0]}</arg>
<doc>Logs the given message with the given level.</doc>
<status status="PASS" start="2024-05-31T02:30:00.358559" elapsed="0.000429"/>
</kw>
<kw name="Log" owner="BuiltIn">
<msg time="2024-05-31T02:30:00.359421" level="INFO">gender</msg>
<arg>${key}</arg>
<doc>Logs the given message with the given level.</doc>
<status status="PASS" start="2024-05-31T02:30:00.359291" elapsed="0.000167"/>
</kw>
<var name="${key}">gender</var>
<status status="PASS" start="2024-05-31T02:30:00.357641" elapsed="0.002034"/>
</iter>
<iter>
<kw name="Dictionary Should Contain Key" owner="Collections">
<msg time="2024-05-31T02:30:00.360366" level="INFO">False</msg>
<arg>${json_data['results'][0]}</arg>
<arg>${key}</arg>
<doc>Fails if ``key`` is not found from ``dictionary``.</doc>
<status status="PASS" start="2024-05-31T02:30:00.359976" elapsed="0.000427"/>
</kw>
<kw name="Log" owner="BuiltIn">
<msg time="2024-05-31T02:30:00.361080" level="INFO">{'gender': 'male', 'name': {'title': 'Mr', 'first': 'Arron', 'last': 'Jensen'}, 'location': {'street': {'number': 288, 'name': 'St. John’S Road'}, 'city': 'Bath', 'state': 'Devon', 'country': 'United Kingdom', 'postcode': 'L3Q 1WD', 'coordinates': {'latitude': '-11.8228', 'longitude': '-169.3483'}, 'timezone': {'offset': '+8:00', 'description': 'Beijing, Perth, Singapore, Hong Kong'}}, 'email': 'arron.jensen@example.com', 'login': {'uuid': '17d0c045-21ca-4b89-a92f-cf872c066224', 'username': 'blackzebra813', 'password': 'meatloaf', 'salt': 'jfYORHJO', 'md5': '3f546103d55e12376bb78d215d506b3f', 'sha1': '7fb6552bfea7d393385de5e286e7e4d1fabc72fc', 'sha256': '2bebb5bdda999a6b18effc7d56223d4e047e142406bfb0af9ec77108f2adea75'}, 'dob': {'date': '2001-01-19T14:06:11.918Z', 'age': 23}, 'registered': {'date': '2012-07-27T09:32:15.638Z', 'age': 11}, 'phone': '01153 036867', 'cell': '07558 258450', 'id': {'name': 'NINO', 'value': 'KP 92 34 04 U'}, 'picture': {'large': 'https://randomuser.me/api/portraits/men/44.jpg', 'medium': 'https://randomuser.me/api/portraits/med/men/44.jpg', 'thumbnail': 'https://randomuser.me/api/portraits/thumb/men/44.jpg'}, 'nat': 'GB'}</msg>
<arg>${json_data['results'][0]}</arg>
<doc>Logs the given message with the given level.</doc>
<status status="PASS" start="2024-05-31T02:30:00.360723" elapsed="0.000417"/>
</kw>
<kw name="Log" owner="BuiltIn">
<msg time="2024-05-31T02:30:00.361558" level="INFO">name</msg>
<arg>${key}</arg>
<doc>Logs the given message with the given level.</doc>
<status status="PASS" start="2024-05-31T02:30:00.361433" elapsed="0.000162"/>
</kw>
<var name="${key}">name</var>
<status status="PASS" start="2024-05-31T02:30:00.359861" elapsed="0.001980"/>
</iter>
<iter>
<kw name="Dictionary Should Contain Key" owner="Collections">
<msg time="2024-05-31T02:30:00.362520" level="INFO">False</msg>
<arg>${json_data['results'][0]}</arg>
<arg>${key}</arg>
<doc>Fails if ``key`` is not found from ``dictionary``.</doc>
<status status="PASS" start="2024-05-31T02:30:00.362141" elapsed="0.000416"/>
</kw>
<kw name="Log" owner="BuiltIn">
<msg time="2024-05-31T02:30:00.363224" level="INFO">{'gender': 'male', 'name': {'title': 'Mr', 'first': 'Arron', 'last': 'Jensen'}, 'location': {'street': {'number': 288, 'name': 'St. John’S Road'}, 'city': 'Bath', 'state': 'Devon', 'country': 'United Kingdom', 'postcode': 'L3Q 1WD', 'coordinates': {'latitude': '-11.8228', 'longitude': '-169.3483'}, 'timezone': {'offset': '+8:00', 'description': 'Beijing, Perth, Singapore, Hong Kong'}}, 'email': 'arron.jensen@example.com', 'login': {'uuid': '17d0c045-21ca-4b89-a92f-cf872c066224', 'username': 'blackzebra813', 'password': 'meatloaf', 'salt': 'jfYORHJO', 'md5': '3f546103d55e12376bb78d215d506b3f', 'sha1': '7fb6552bfea7d393385de5e286e7e4d1fabc72fc', 'sha256': '2bebb5bdda999a6b18effc7d56223d4e047e142406bfb0af9ec77108f2adea75'}, 'dob': {'date': '2001-01-19T14:06:11.918Z', 'age': 23}, 'registered': {'date': '2012-07-27T09:32:15.638Z', 'age': 11}, 'phone': '01153 036867', 'cell': '07558 258450', 'id': {'name': 'NINO', 'value': 'KP 92 34 04 U'}, 'picture': {'large': 'https://randomuser.me/api/portraits/men/44.jpg', 'medium': 'https://randomuser.me/api/portraits/med/men/44.jpg', 'thumbnail': 'https://randomuser.me/api/portraits/thumb/men/44.jpg'}, 'nat': 'GB'}</msg>
<arg>${json_data['results'][0]}</arg>
<doc>Logs the given message with the given level.</doc>
<status status="PASS" start="2024-05-31T02:30:00.362856" elapsed="0.000419"/>
</kw>
<kw name="Log" owner="BuiltIn">
<msg time="2024-05-31T02:30:00.363692" level="INFO">location</msg>
<arg>${key}</arg>
<doc>Logs the given message with the given level.</doc>
<status status="PASS" start="2024-05-31T02:30:00.363569" elapsed="0.000160"/>
</kw>
<var name="${key}">location</var>
<status status="PASS" start="2024-05-31T02:30:00.362029" elapsed="0.001912"/>
</iter>
<iter>
<kw name="Dictionary Should Contain Key" owner="Collections">
<msg time="2024-05-31T02:30:00.364694" level="INFO">False</msg>
<arg>${json_data['results'][0]}</arg>
<arg>${key}</arg>
<doc>Fails if ``key`` is not found from ``dictionary``.</doc>
<status status="PASS" start="2024-05-31T02:30:00.364218" elapsed="0.000514"/>
</kw>
<kw name="Log" owner="BuiltIn">
<msg time="2024-05-31T02:30:00.365392" level="INFO">{'gender': 'male', 'name': {'title': 'Mr', 'first': 'Arron', 'last': 'Jensen'}, 'location': {'street': {'number': 288, 'name': 'St. John’S Road'}, 'city': 'Bath', 'state': 'Devon', 'country': 'United Kingdom', 'postcode': 'L3Q 1WD', 'coordinates': {'latitude': '-11.8228', 'longitude': '-169.3483'}, 'timezone': {'offset': '+8:00', 'description': 'Beijing, Perth, Singapore, Hong Kong'}}, 'email': 'arron.jensen@example.com', 'login': {'uuid': '17d0c045-21ca-4b89-a92f-cf872c066224', 'username': 'blackzebra813', 'password': 'meatloaf', 'salt': 'jfYORHJO', 'md5': '3f546103d55e12376bb78d215d506b3f', 'sha1': '7fb6552bfea7d393385de5e286e7e4d1fabc72fc', 'sha256': '2bebb5bdda999a6b18effc7d56223d4e047e142406bfb0af9ec77108f2adea75'}, 'dob': {'date': '2001-01-19T14:06:11.918Z', 'age': 23}, 'registered': {'date': '2012-07-27T09:32:15.638Z', 'age': 11}, 'phone': '01153 036867', 'cell': '07558 258450', 'id': {'name': 'NINO', 'value': 'KP 92 34 04 U'}, 'picture': {'large': 'https://randomuser.me/api/portraits/men/44.jpg', 'medium': 'https://randomuser.me/api/portraits/med/men/44.jpg', 'thumbnail': 'https://randomuser.me/api/portraits/thumb/men/44.jpg'}, 'nat': 'GB'}</msg>
<arg>${json_data['results'][0]}</arg>
<doc>Logs the given message with the given level.</doc>
<status status="PASS" start="2024-05-31T02:30:00.365034" elapsed="0.000410"/>
</kw>
<kw name="Log" owner="BuiltIn">
<msg time="2024-05-31T02:30:00.365905" level="INFO">email</msg>
<arg>${key}</arg>
<doc>Logs the given message with the given level.</doc>
<status status="PASS" start="2024-05-31T02:30:00.365735" elapsed="0.000209"/>
</kw>
<var name="${key}">email</var>
<status status="PASS" start="2024-05-31T02:30:00.364110" elapsed="0.002051"/>
</iter>
<iter>
<kw name="Dictionary Should Contain Key" owner="Collections">
<msg time="2024-05-31T02:30:00.366814" level="INFO">False</msg>
<arg>${json_data['results'][0]}</arg>
<arg>${key}</arg>
<doc>Fails if ``key`` is not found from ``dictionary``.</doc>
<status status="PASS" start="2024-05-31T02:30:00.366440" elapsed="0.000415"/>
</kw>
<kw name="Log" owner="BuiltIn">
<msg time="2024-05-31T02:30:00.367538" level="INFO">{'gender': 'male', 'name': {'title': 'Mr', 'first': 'Arron', 'last': 'Jensen'}, 'location': {'street': {'number': 288, 'name': 'St. John’S Road'}, 'city': 'Bath', 'state': 'Devon', 'country': 'United Kingdom', 'postcode': 'L3Q 1WD', 'coordinates': {'latitude': '-11.8228', 'longitude': '-169.3483'}, 'timezone': {'offset': '+8:00', 'description': 'Beijing, Perth, Singapore, Hong Kong'}}, 'email': 'arron.jensen@example.com', 'login': {'uuid': '17d0c045-21ca-4b89-a92f-cf872c066224', 'username': 'blackzebra813', 'password': 'meatloaf', 'salt': 'jfYORHJO', 'md5': '3f546103d55e12376bb78d215d506b3f', 'sha1': '7fb6552bfea7d393385de5e286e7e4d1fabc72fc', 'sha256': '2bebb5bdda999a6b18effc7d56223d4e047e142406bfb0af9ec77108f2adea75'}, 'dob': {'date': '2001-01-19T14:06:11.918Z', 'age': 23}, 'registered': {'date': '2012-07-27T09:32:15.638Z', 'age': 11}, 'phone': '01153 036867', 'cell': '07558 258450', 'id': {'name': 'NINO', 'value': 'KP 92 34 04 U'}, 'picture': {'large': 'https://randomuser.me/api/portraits/men/44.jpg', 'medium': 'https://randomuser.me/api/portraits/med/men/44.jpg', 'thumbnail': 'https://randomuser.me/api/portraits/thumb/men/44.jpg'}, 'nat': 'GB'}</msg>
<arg>${json_data['results'][0]}</arg>
<doc>Logs the given message with the given level.</doc>
<status status="PASS" start="2024-05-31T02:30:00.367174" elapsed="0.000414"/>
</kw>
<kw name="Log" owner="BuiltIn">
<msg time="2024-05-31T02:30:00.368038" level="INFO">login</msg>
<arg>${key}</arg>
<doc>Logs the given message with the given level.</doc>
<status status="PASS" start="2024-05-31T02:30:00.367889" elapsed="0.000199"/>
</kw>
<var name="${key}">login</var>
<status status="PASS" start="2024-05-31T02:30:00.366330" elapsed="0.002001"/>
</iter>
<var>${key}</var>
<value>@{expected_keys}</value>
<status status="PASS" start="2024-05-31T02:30:00.357458" elapsed="0.010997"/>
</for>
<kw name="Create List" owner="BuiltIn">
<msg time="2024-05-31T02:30:00.368780" level="INFO">${expected_keysTwo} = ['username', 'password']</msg>
<var>${expected_keysTwo}</var>
<arg>username</arg>
<arg>password</arg>
<doc>Returns a list containing given items.</doc>
<status status="PASS" start="2024-05-31T02:30:00.368646" elapsed="0.000158"/>
</kw>
<for flavor="IN">
<iter>
<kw name="Dictionary Should Contain Key" owner="Collections">
<msg time="2024-05-31T02:30:00.369677" level="INFO">False</msg>
<arg>${json_data['results'][0]['login']}</arg>
<arg>${keyTwo}</arg>
<doc>Fails if ``key`` is not found from ``dictionary``.</doc>
<status status="PASS" start="2024-05-31T02:30:00.369294" elapsed="0.000420"/>
</kw>
<kw name="Dictionary Should Contain Key" owner="Collections">
<msg time="2024-05-31T02:30:00.370434" level="INFO">False</msg>
<arg>${json_data['results'][0]['login']}</arg>
<arg>${keyTwo}</arg>
<doc>Fails if ``key`` is not found from ``dictionary``.</doc>
<status status="PASS" start="2024-05-31T02:30:00.370056" elapsed="0.000415"/>
</kw>
<kw name="Log" owner="BuiltIn">
<msg time="2024-05-31T02:30:00.370889" level="INFO">username</msg>
<arg>${keyTwo}</arg>
<doc>Logs the given message with the given level.</doc>
<status status="PASS" start="2024-05-31T02:30:00.370764" elapsed="0.000162"/>
</kw>
<var name="${keyTwo}">username</var>
<status status="PASS" start="2024-05-31T02:30:00.369186" elapsed="0.001952"/>
</iter>
<iter>
<kw name="Dictionary Should Contain Key" owner="Collections">
<msg time="2024-05-31T02:30:00.371791" level="INFO">False</msg>
<arg>${json_data['results'][0]['login']}</arg>
<arg>${keyTwo}</arg>
<doc>Fails if ``key`` is not found from ``dictionary``.</doc>
<status status="PASS" start="2024-05-31T02:30:00.371417" elapsed="0.000411"/>
</kw>
<kw name="Dictionary Should Contain Key" owner="Collections">
<msg time="2024-05-31T02:30:00.372493" level="INFO">False</msg>
<arg>${json_data['results'][0]['login']}</arg>
<arg>${keyTwo}</arg>
<doc>Fails if ``key`` is not found from ``dictionary``.</doc>
<status status="PASS" start="2024-05-31T02:30:00.372116" elapsed="0.000413"/>
</kw>
<kw name="Log" owner="BuiltIn">
<msg time="2024-05-31T02:30:00.372943" level="INFO">password</msg>
<arg>${keyTwo}</arg>
<doc>Logs the given message with the given level.</doc>
<status status="PASS" start="2024-05-31T02:30:00.372818" elapsed="0.000161"/>
</kw>
<var name="${keyTwo}">password</var>
<status status="PASS" start="2024-05-31T02:30:00.371308" elapsed="0.001883"/>
</iter>
<var>${keyTwo}</var>
<value>@{expected_keysTwo}</value>
<status status="PASS" start="2024-05-31T02:30:00.369037" elapsed="0.004272"/>
</for>
<status status="PASS" start="2024-05-31T02:30:00.235027" elapsed="0.138420"/>
</kw>
<doc>Testa a estrutura da resposta da API.</doc>
<tag>testeEstruturaResposta</tag>
<status status="PASS" start="2024-05-31T02:30:00.234426" elapsed="0.139169"/>
</test>
<test id="s1-s1-t4" name="Validar tipos de dados" line="28">
<kw name="Teste de Tipos de Dados" owner="random-user-service">
<kw name="GET On Session" owner="RequestsLibrary">
<msg time="2024-05-31T02:30:00.459636" level="INFO">GET Request : url=https://randomuser.me/api 
 path_url=/api 
 headers={'User-Agent': 'python-requests/2.32.3', 'Accept-Encoding': 'gzip, deflate', 'Accept': '*/*', 'Connection': 'keep-alive'} 
 body=None 
 </msg>
<msg time="2024-05-31T02:30:00.459721" level="INFO">GET Response : url=https://randomuser.me/api 
 status=200, reason=OK 
 headers={'Date': 'Fri, 31 May 2024 02:30:00 GMT', 'Content-Type': 'application/json; charset=utf-8', 'Transfer-Encoding': 'chunked', 'Connection': 'keep-alive', 'X-Powered-By': 'Express', 'Access-Control-Allow-Origin': '*', 'Cache-Control': 'no-cache', 'ETag': 'W/"482-E6qBVhs8Z3GchP/AEQKvm+4z6sE"', 'Vary': 'Accept-Encoding', 'Content-Encoding': 'gzip', 'CF-Cache-Status': 'DYNAMIC', 'Report-To': '{"endpoints":[{"url":"https:\\/\\/a.nel.cloudflare.com\\/report\\/v4?s=f1wSReUbx%2Bt51QRdQ2R2cVqcxyKpqH3Z6o45EkxxKmwJXBSwuDQjClgL27FO3l2ougkLG%2Bs3%2FOxJxXWon%2FEs3noSrFbBLiq8Tfbl%2B2Zt8Rer%2BV2sHRdibIirTKS7xKUG"}],"group":"cf-nel","max_age":604800}', 'NEL': '{"success_fraction":0,"report_to":"cf-nel","max_age":604800}', 'Server': 'cloudflare', 'CF-RAY': '88c38a1c5bdc96a5-SJC', 'alt-svc': 'h3=":443"; ma=86400'} 
 body={"results":[{"gender":"female","name":{"title":"Ms","first":"Milica","last":"Radović"},"location":{"street":{"number":7867,"name":"Jumbina"},"city":"Pančevo","state":"North Bačka","country":"Serbia","postcode":44308,"coordinates":{"latitude":"63.3647","longitude":"161.5322"},"timezone":{"offset":"-11:00","description":"Midway Island, Samoa"}},"email":"milica.radovic@example.com","login":{"uuid":"99b0c597-6924-49c9-b608-607ab9514a94","username":"lazygorilla129","password":"4545","salt":"JltJYLDy","md5":"3e91c2ed4314ef1204f0d1d13860fb61","sha1":"96368c74acea80309e53774091f6207eaadc5e3e","sha256":"4687d935d50b71df76326f95860c0bb5f1a83710cf067f8471298b515776d2cd"},"dob":{"date":"1970-10-01T11:19:54.537Z","age":53},"registered":{"date":"2015-05-09T21:49:49.834Z","age":9},"phone":"023-1265-244","cell":"064-2351-709","id":{"name":"SID","value":"023608476"},"picture":{"large":"https://randomuser.me/api/portraits/women/70.jpg","medium":"https://randomuser.me/api/portraits/med/women/70.jpg","thumbnail":"https://randomuser.me/api/portraits/thumb/women/70.jpg"},"nat":"RS"}],"info":{"seed":"26d25445795b629e","results":1,"page":1,"version":"1.4"}} 
 </msg>
<msg time="2024-05-31T02:30:00.459791" level="INFO">/opt/hostedtoolcache/Python/3.12.3/x64/lib/python3.12/site-packages/urllib3/connectionpool.py:1103: InsecureRequestWarning: Unverified HTTPS request is being made to host 'randomuser.me'. Adding certificate verification is strongly advised. See: https://urllib3.readthedocs.io/en/latest/advanced-usage.html#tls-warnings
  warnings.warn(</msg>
<msg time="2024-05-31T02:30:00.459903" level="INFO">${response} = &lt;Response [200]&gt;</msg>
<var>${response}</var>
<arg>consultarAPI</arg>
<arg>/api</arg>
<doc>Sends a GET request on a previously created HTTP Session.</doc>
<status status="PASS" start="2024-05-31T02:30:00.376216" elapsed="0.083727"/>
</kw>
<kw name="Set Variable" owner="BuiltIn">
<msg time="2024-05-31T02:30:00.461135" level="INFO">${json_data} = {'results': [{'gender': 'female', 'name': {'title': 'Ms', 'first': 'Milica', 'last': 'Radović'}, 'location': {'street': {'number': 7867, 'name': 'Jumbina'}, 'city': 'Pančevo', 'state': 'North Bačka', ...</msg>
<var>${json_data}</var>
<arg>${response.json()}</arg>
<doc>Returns the given values which can then be assigned to a variables.</doc>
<status status="PASS" start="2024-05-31T02:30:00.460539" elapsed="0.000626"/>
</kw>
<kw name="Log" owner="BuiltIn">
<msg time="2024-05-31T02:30:00.461636" level="INFO">{'results': [{'gender': 'female', 'name': {'title': 'Ms', 'first': 'Milica', 'last': 'Radović'}, 'location': {'street': {'number': 7867, 'name': 'Jumbina'}, 'city': 'Pančevo', 'state': 'North Bačka', 'country': 'Serbia', 'postcode': 44308, 'coordinates': {'latitude': '63.3647', 'longitude': '161.5322'}, 'timezone': {'offset': '-11:00', 'description': 'Midway Island, Samoa'}}, 'email': 'milica.radovic@example.com', 'login': {'uuid': '99b0c597-6924-49c9-b608-607ab9514a94', 'username': 'lazygorilla129', 'password': '4545', 'salt': 'JltJYLDy', 'md5': '3e91c2ed4314ef1204f0d1d13860fb61', 'sha1': '96368c74acea80309e53774091f6207eaadc5e3e', 'sha256': '4687d935d50b71df76326f95860c0bb5f1a83710cf067f8471298b515776d2cd'}, 'dob': {'date': '1970-10-01T11:19:54.537Z', 'age': 53}, 'registered': {'date': '2015-05-09T21:49:49.834Z', 'age': 9}, 'phone': '023-1265-244', 'cell': '064-2351-709', 'id': {'name': 'SID', 'value': '023608476'}, 'picture': {'large': 'https://randomuser.me/api/portraits/women/70.jpg', 'medium': 'https://randomuser.me/api/portraits/med/women/70.jpg', 'thumbnail': 'https://randomuser.me/api/portraits/thumb/women/70.jpg'}, 'nat': 'RS'}], 'info': {'seed': '26d25445795b629e', 'results': 1, 'page': 1, 'version': '1.4'}}</msg>
<arg>${json_data}</arg>
<doc>Logs the given message with the given level.</doc>
<status status="PASS" start="2024-05-31T02:30:00.461477" elapsed="0.000250"/>
</kw>
<kw name="Should Be String" owner="String">
<arg>${json_data['results'][0]['gender']}</arg>
<doc>Fails if the given ``item`` is not a string.</doc>
<status status="PASS" start="2024-05-31T02:30:00.462082" elapsed="0.000370"/>
</kw>
<kw name="Should Match Regexp" owner="BuiltIn">
<arg>${json_data['results'][0]['email']}</arg>
<arg>^[a-zA-Z0-9._%+-]+@[a-zA-Z0-9.-]+\.[a-zA-Z]{2,}$</arg>
<doc>Fails if ``string`` does not match ``pattern`` as a regular expression.</doc>
<status status="PASS" start="2024-05-31T02:30:00.462648" elapsed="0.000647"/>
</kw>
<kw name="Should Match Regexp" owner="BuiltIn">
<arg>${json_data['results'][0]['dob']['date']}</arg>
<arg>\\d{4}-\\d{2}-\\d{2}T\\d{2}:\\d{2}:\\d{2}\\.\\d{3}Z</arg>
<doc>Fails if ``string`` does not match ``pattern`` as a regular expression.</doc>
<status status="PASS" start="2024-05-31T02:30:00.463492" elapsed="0.000481"/>
</kw>
<kw name="Should Match Regexp" owner="BuiltIn">
<arg>${json_data['results'][0]['registered']['date']}</arg>
<arg>\\d{4}-\\d{2}-\\d{2}T\\d{2}:\\d{2}:\\d{2}\\.\\d{3}Z</arg>
<doc>Fails if ``string`` does not match ``pattern`` as a regular expression.</doc>
<status status="PASS" start="2024-05-31T02:30:00.464166" elapsed="0.000366"/>
</kw>
<kw name="Should Match Regexp" owner="BuiltIn">
<arg>${json_data['results'][0]['picture']['large']}</arg>
<arg>^https?://.*\.(?:png|jpe?g|gif|bmp)$</arg>
<doc>Fails if ``string`` does not match ``pattern`` as a regular expression.</doc>
<status status="PASS" start="2024-05-31T02:30:00.464720" elapsed="0.000459"/>
</kw>
<kw name="Should Match Regexp" owner="BuiltIn">
<arg>${json_data['results'][0]['picture']['medium']}</arg>
<arg>^https?://.*\.(?:png|jpe?g|gif|bmp)$</arg>
<doc>Fails if ``string`` does not match ``pattern`` as a regular expression.</doc>
<status status="PASS" start="2024-05-31T02:30:00.465368" elapsed="0.000352"/>
</kw>
<kw name="Should Match Regexp" owner="BuiltIn">
<arg>${json_data['results'][0]['picture']['thumbnail']}</arg>
<arg>^https?://.*\.(?:png|jpe?g|gif|bmp)$</arg>
<doc>Fails if ``string`` does not match ``pattern`` as a regular expression.</doc>
<status status="PASS" start="2024-05-31T02:30:00.465938" elapsed="0.000399"/>
</kw>
<kw name="Log" owner="BuiltIn">
<msg time="2024-05-31T02:30:00.466865" level="INFO">{'large': 'https://randomuser.me/api/portraits/women/70.jpg', 'medium': 'https://randomuser.me/api/portraits/med/women/70.jpg', 'thumbnail': 'https://randomuser.me/api/portraits/thumb/women/70.jpg'}</msg>
<arg>${json_data['results'][0]['picture']}</arg>
<doc>Logs the given message with the given level.</doc>
<status status="PASS" start="2024-05-31T02:30:00.466536" elapsed="0.000371"/>
</kw>
<status status="PASS" start="2024-05-31T02:30:00.375983" elapsed="0.091182"/>
</kw>
<kw name="Teste de Tipos de Dados - Postcode" owner="random-user-service">
<kw name="GET On Session" owner="RequestsLibrary">
<msg time="2024-05-31T02:30:00.568606" level="INFO">GET Request : url=https://randomuser.me/api 
 path_url=/api 
 headers={'User-Agent': 'python-requests/2.32.3', 'Accept-Encoding': 'gzip, deflate', 'Accept': '*/*', 'Connection': 'keep-alive'} 
 body=None 
 </msg>
<msg time="2024-05-31T02:30:00.568705" level="INFO">GET Response : url=https://randomuser.me/api 
 status=200, reason=OK 
 headers={'Date': 'Fri, 31 May 2024 02:30:00 GMT', 'Content-Type': 'application/json; charset=utf-8', 'Transfer-Encoding': 'chunked', 'Connection': 'keep-alive', 'X-Powered-By': 'Express', 'Access-Control-Allow-Origin': '*', 'Cache-Control': 'no-cache', 'ETag': 'W/"476-1AEYrNaq7a1wY1pOl4+xqk8hxnI"', 'Vary': 'Accept-Encoding', 'Content-Encoding': 'gzip', 'CF-Cache-Status': 'DYNAMIC', 'Report-To': '{"endpoints":[{"url":"https:\\/\\/a.nel.cloudflare.com\\/report\\/v4?s=etR3V3JIZ4LqJJWS8DUKga%2BJG5uoXfYsKC3Bes7go1SIb30jwSdBNxzW9kqd5t6RcSNRq5MoMIUtp2Th4Mxpk4WaTS%2FDwe2ty0LakBc4L8%2FvRV0D0KzdK4BYrJ0%2FaU0C"}],"group":"cf-nel","max_age":604800}', 'NEL': '{"success_fraction":0,"report_to":"cf-nel","max_age":604800}', 'Server': 'cloudflare', 'CF-RAY': '88c38a1cfc3596a5-SJC', 'alt-svc': 'h3=":443"; ma=86400'} 
 body={"results":[{"gender":"male","name":{"title":"Mr","first":"Blagoje","last":"Stojković"},"location":{"street":{"number":26,"name":"Milosava Vlajića"},"city":"Koceljeva","state":"Rasina","country":"Serbia","postcode":18895,"coordinates":{"latitude":"59.9100","longitude":"-8.8835"},"timezone":{"offset":"-10:00","description":"Hawaii"}},"email":"blagoje.stojkovic@example.com","login":{"uuid":"0c1085a1-775e-4d78-b36f-593a638f3f42","username":"happywolf391","password":"christi","salt":"DCt52CGD","md5":"6fcce140f40a2152177ae58d5f5f2f1b","sha1":"ac90aa5149dd5aecd3abc8370e2471fd07668129","sha256":"3005dafc1e22e15472fbad5ee5d7f1c3b9655dab756cede4ae3d9787d73384ac"},"dob":{"date":"1977-02-07T20:30:34.946Z","age":47},"registered":{"date":"2007-04-05T10:34:16.987Z","age":17},"phone":"022-5929-219","cell":"068-8426-755","id":{"name":"SID","value":"200096778"},"picture":{"large":"https://randomuser.me/api/portraits/men/62.jpg","medium":"https://randomuser.me/api/portraits/med/men/62.jpg","thumbnail":"https://randomuser.me/api/portraits/thumb/men/62.jpg"},"nat":"RS"}],"info":{"seed":"1eede9ae029e442f","results":1,"page":1,"version":"1.4"}} 
 </msg>
<msg time="2024-05-31T02:30:00.568777" level="INFO">/opt/hostedtoolcache/Python/3.12.3/x64/lib/python3.12/site-packages/urllib3/connectionpool.py:1103: InsecureRequestWarning: Unverified HTTPS request is being made to host 'randomuser.me'. Adding certificate verification is strongly advised. See: https://urllib3.readthedocs.io/en/latest/advanced-usage.html#tls-warnings
  warnings.warn(</msg>
<msg time="2024-05-31T02:30:00.568902" level="INFO">${response} = &lt;Response [200]&gt;</msg>
<var>${response}</var>
<arg>consultarAPI</arg>
<arg>/api</arg>
<doc>Sends a GET request on a previously created HTTP Session.</doc>
<status status="PASS" start="2024-05-31T02:30:00.467608" elapsed="0.101333"/>
</kw>
<kw name="Set Variable" owner="BuiltIn">
<msg time="2024-05-31T02:30:00.570195" level="INFO">${json_data} = {'results': [{'gender': 'male', 'name': {'title': 'Mr', 'first': 'Blagoje', 'last': 'Stojković'}, 'location': {'street': {'number': 26, 'name': 'Milosava Vlajića'}, 'city': 'Koceljeva', 'state': 'Rasi...</msg>
<var>${json_data}</var>
<arg>${response.json()}</arg>
<doc>Returns the given values which can then be assigned to a variables.</doc>
<status status="PASS" start="2024-05-31T02:30:00.569571" elapsed="0.000655"/>
</kw>
<kw name="Log" owner="BuiltIn">
<msg time="2024-05-31T02:30:00.570702" level="INFO">{'results': [{'gender': 'male', 'name': {'title': 'Mr', 'first': 'Blagoje', 'last': 'Stojković'}, 'location': {'street': {'number': 26, 'name': 'Milosava Vlajića'}, 'city': 'Koceljeva', 'state': 'Rasina', 'country': 'Serbia', 'postcode': 18895, 'coordinates': {'latitude': '59.9100', 'longitude': '-8.8835'}, 'timezone': {'offset': '-10:00', 'description': 'Hawaii'}}, 'email': 'blagoje.stojkovic@example.com', 'login': {'uuid': '0c1085a1-775e-4d78-b36f-593a638f3f42', 'username': 'happywolf391', 'password': 'christi', 'salt': 'DCt52CGD', 'md5': '6fcce140f40a2152177ae58d5f5f2f1b', 'sha1': 'ac90aa5149dd5aecd3abc8370e2471fd07668129', 'sha256': '3005dafc1e22e15472fbad5ee5d7f1c3b9655dab756cede4ae3d9787d73384ac'}, 'dob': {'date': '1977-02-07T20:30:34.946Z', 'age': 47}, 'registered': {'date': '2007-04-05T10:34:16.987Z', 'age': 17}, 'phone': '022-5929-219', 'cell': '068-8426-755', 'id': {'name': 'SID', 'value': '200096778'}, 'picture': {'large': 'https://randomuser.me/api/portraits/men/62.jpg', 'medium': 'https://randomuser.me/api/portraits/med/men/62.jpg', 'thumbnail': 'https://randomuser.me/api/portraits/thumb/men/62.jpg'}, 'nat': 'RS'}], 'info': {'seed': '1eede9ae029e442f', 'results': 1, 'page': 1, 'version': '1.4'}}</msg>
<arg>${json_data}</arg>
<doc>Logs the given message with the given level.</doc>
<status status="PASS" start="2024-05-31T02:30:00.570541" elapsed="0.000249"/>
</kw>
<kw name="Should Be Equal As Numbers" owner="BuiltIn">
<arg>${json_data['results'][0]['location']['postcode']}</arg>
<arg>${json_data['results'][0]['location']['postcode']}</arg>
<doc>Fails if objects are unequal after converting them to real numbers.</doc>
<status status="PASS" start="2024-05-31T02:30:00.571095" elapsed="0.000621"/>
</kw>
<kw name="Log" owner="BuiltIn">
<msg time="2024-05-31T02:30:00.572244" level="INFO">18895</msg>
<arg>${json_data['results'][0]['location']['postcode']}</arg>
<doc>Logs the given message with the given level.</doc>
<status status="PASS" start="2024-05-31T02:30:00.571906" elapsed="0.000378"/>
</kw>
<status status="PASS" start="2024-05-31T02:30:00.467383" elapsed="0.105156"/>
</kw>
<doc>Testa se os tipos de dados na resposta da API estão corretos.</doc>
<tag>testeTiposDados</tag>
<status status="PASS" start="2024-05-31T02:30:00.375397" elapsed="0.197312"/>
</test>
<test id="s1-s1-t5" name="Validar conteudo" line="35">
<kw name="Teste de Tipos de Conteudo" owner="random-user-service">
<kw name="GET On Session" owner="RequestsLibrary">
<msg time="2024-05-31T02:30:00.665111" level="INFO">GET Request : url=https://randomuser.me/api 
 path_url=/api 
 headers={'User-Agent': 'python-requests/2.32.3', 'Accept-Encoding': 'gzip, deflate', 'Accept': '*/*', 'Connection': 'keep-alive'} 
 body=None 
 </msg>
<msg time="2024-05-31T02:30:00.665208" level="INFO">GET Response : url=https://randomuser.me/api 
 status=200, reason=OK 
 headers={'Date': 'Fri, 31 May 2024 02:30:00 GMT', 'Content-Type': 'application/json; charset=utf-8', 'Transfer-Encoding': 'chunked', 'Connection': 'keep-alive', 'X-Powered-By': 'Express', 'Access-Control-Allow-Origin': '*', 'Cache-Control': 'no-cache', 'ETag': 'W/"46b-sOT26zRQHwW4v5NJuw07j40EfG0"', 'Vary': 'Accept-Encoding', 'Content-Encoding': 'gzip', 'CF-Cache-Status': 'DYNAMIC', 'Report-To': '{"endpoints":[{"url":"https:\\/\\/a.nel.cloudflare.com\\/report\\/v4?s=bqhj%2Fug8%2BfxA%2FRTw3JaN3A6EbA5GngH9HFHS%2BWghB7bkVyVEV4nhBhuDbaTukQVaz%2BXoz9v1xkfxo8F%2BU%2FGa5f4btMAig6haxFtYE9TiCwlOp5V4AyEE86XD%2BimlMy2W"}],"group":"cf-nel","max_age":604800}', 'NEL': '{"success_fraction":0,"report_to":"cf-nel","max_age":604800}', 'Server': 'cloudflare', 'CF-RAY': '88c38a1d9cb896a5-SJC', 'alt-svc': 'h3=":443"; ma=86400'} 
 body={"results":[{"gender":"male","name":{"title":"Mr","first":"Nagesh","last":"Holla"},"location":{"street":{"number":6368,"name":"Carter Rd Promenade"},"city":"Loni","state":"Bihar","country":"India","postcode":75582,"coordinates":{"latitude":"7.1720","longitude":"-72.6586"},"timezone":{"offset":"+5:45","description":"Kathmandu"}},"email":"nagesh.holla@example.com","login":{"uuid":"95ba282b-c01c-4e46-b84b-5c3fc4a761e2","username":"brownpanda430","password":"keeper","salt":"VbhW7tAE","md5":"1eac0a0a1355ff3379ee3c21ca9f23ca","sha1":"3c5c3aeebd1e457b89084181172694c7cb635af1","sha256":"d69c3f871d53838a7dc0ad359cde24f07a5abf08e59b276be00bfdd4cc6ebd9f"},"dob":{"date":"1988-11-03T10:21:25.071Z","age":35},"registered":{"date":"2006-05-12T16:14:46.069Z","age":18},"phone":"9264319109","cell":"9257398400","id":{"name":"UIDAI","value":"819520082024"},"picture":{"large":"https://randomuser.me/api/portraits/men/98.jpg","medium":"https://randomuser.me/api/portraits/med/men/98.jpg","thumbnail":"https://randomuser.me/api/portraits/thumb/men/98.jpg"},"nat":"IN"}],"info":{"seed":"542bb8dedc6896da","results":1,"page":1,"version":"1.4"}} 
 </msg>
<msg time="2024-05-31T02:30:00.665277" level="INFO">/opt/hostedtoolcache/Python/3.12.3/x64/lib/python3.12/site-packages/urllib3/connectionpool.py:1103: InsecureRequestWarning: Unverified HTTPS request is being made to host 'randomuser.me'. Adding certificate verification is strongly advised. See: https://urllib3.readthedocs.io/en/latest/advanced-usage.html#tls-warnings
  warnings.warn(</msg>
<msg time="2024-05-31T02:30:00.665404" level="INFO">${response} = &lt;Response [200]&gt;</msg>
<var>${response}</var>
<arg>consultarAPI</arg>
<arg>/api</arg>
<doc>Sends a GET request on a previously created HTTP Session.</doc>
<status status="PASS" start="2024-05-31T02:30:00.575260" elapsed="0.090184"/>
</kw>
<kw name="Set Variable" owner="BuiltIn">
<msg time="2024-05-31T02:30:00.666741" level="INFO">${json_data} = {'results': [{'gender': 'male', 'name': {'title': 'Mr', 'first': 'Nagesh', 'last': 'Holla'}, 'location': {'street': {'number': 6368, 'name': 'Carter Rd Promenade'}, 'city': 'Loni', 'state': 'Bihar', '...</msg>
<var>${json_data}</var>
<arg>${response.json()}</arg>
<doc>Returns the given values which can then be assigned to a variables.</doc>
<status status="PASS" start="2024-05-31T02:30:00.666144" elapsed="0.000626"/>
</kw>
<kw name="Set Variable" owner="BuiltIn">
<msg time="2024-05-31T02:30:00.667458" level="INFO">${name_title} = Mr</msg>
<var>${name_title}</var>
<arg>${json_data["results"][0]["name"]["title"]}</arg>
<doc>Returns the given values which can then be assigned to a variables.</doc>
<status status="PASS" start="2024-05-31T02:30:00.667074" elapsed="0.000409"/>
</kw>
<kw name="Create List" owner="BuiltIn">
<msg time="2024-05-31T02:30:00.667927" level="INFO">${allowed_titles} = ['Mr', 'Ms', 'Miss', 'Mrs', 'Madame', 'Monsieur']</msg>
<var>${allowed_titles}</var>
<arg>Mr</arg>
<arg>Ms</arg>
<arg>Miss</arg>
<arg>Mrs</arg>
<arg>Madame</arg>
<arg>Monsieur</arg>
<doc>Returns a list containing given items.</doc>
<status status="PASS" start="2024-05-31T02:30:00.667779" elapsed="0.000171"/>
</kw>
<kw name="List Should Contain Value" owner="Collections">
<msg time="2024-05-31T02:30:00.668423" level="INFO">False</msg>
<arg>${allowed_titles}</arg>
<arg>${name_title}</arg>
<doc>Fails if the ``value`` is not found from ``list``.</doc>
<status status="PASS" start="2024-05-31T02:30:00.668250" elapsed="0.000208"/>
</kw>
<kw name="Set Variable" owner="BuiltIn">
<msg time="2024-05-31T02:30:00.669304" level="INFO">${name_country} = IN</msg>
<var>${name_country}</var>
<arg>${json_data["results"][0]["nat"]}</arg>
<doc>Returns the given values which can then be assigned to a variables.</doc>
<status status="PASS" start="2024-05-31T02:30:00.668746" elapsed="0.000583"/>
</kw>
<kw name="Create List" owner="BuiltIn">
<msg time="2024-05-31T02:30:00.670272" level="INFO">${list_country} = ['AD', 'AE', 'AF', 'AG', 'AI', 'AL', 'AM', 'AO', 'AQ', 'AR', 'AS', 'AT', 'AU', 'AW', 'AX', 'AZ', 'BA', 'BB', 'BD', 'BE', 'BF', 'BG', 'BH', 'BI', 'BJ', 'BL', 'BM', 'BN', 'BO', 'BQ', 'BR', 'BS', 'BT', '...</msg>
<var>${list_country}</var>
<arg>AD</arg>
<arg>AE</arg>
<arg>AF</arg>
<arg>AG</arg>
<arg>AI</arg>
<arg>AL</arg>
<arg>AM</arg>
<arg>AO</arg>
<arg>AQ</arg>
<arg>AR</arg>
<arg>AS</arg>
<arg>AT</arg>
<arg>AU</arg>
<arg>AW</arg>
<arg>AX</arg>
<arg>AZ</arg>
<arg>BA</arg>
<arg>BB</arg>
<arg>BD</arg>
<arg>BE</arg>
<arg>BF</arg>
<arg>BG</arg>
<arg>BH</arg>
<arg>BI</arg>
<arg>BJ</arg>
<arg>BL</arg>
<arg>BM</arg>
<arg>BN</arg>
<arg>BO</arg>
<arg>BQ</arg>
<arg>BR</arg>
<arg>BS</arg>
<arg>BT</arg>
<arg>BV</arg>
<arg>BW</arg>
<arg>BY</arg>
<arg>BZ</arg>
<arg>CA</arg>
<arg>CC</arg>
<arg>CD</arg>
<arg>CF</arg>
<arg>CG</arg>
<arg>CH</arg>
<arg>CI</arg>
<arg>CK</arg>
<arg>CL</arg>
<arg>CM</arg>
<arg>CN</arg>
<arg>CO</arg>
<arg>CR</arg>
<arg>CU</arg>
<arg>CV</arg>
<arg>CW</arg>
<arg>CX</arg>
<arg>CY</arg>
<arg>CZ</arg>
<arg>DE</arg>
<arg>DJ</arg>
<arg>DK</arg>
<arg>DM</arg>
<arg>DO</arg>
<arg>DZ</arg>
<arg>EC</arg>
<arg>EE</arg>
<arg>EG</arg>
<arg>EH</arg>
<arg>ER</arg>
<arg>ES</arg>
<arg>ET</arg>
<arg>FI</arg>
<arg>FJ</arg>
<arg>FK</arg>
<arg>FM</arg>
<arg>FO</arg>
<arg>FR</arg>
<arg>GA</arg>
<arg>GB</arg>
<arg>GD</arg>
<arg>GE</arg>
<arg>GF</arg>
<arg>GG</arg>
<arg>GH</arg>
<arg>GI</arg>
<arg>GL</arg>
<arg>GM</arg>
<arg>GN</arg>
<arg>GP</arg>
<arg>GQ</arg>
<arg>GR</arg>
<arg>GS</arg>
<arg>GT</arg>
<arg>GU</arg>
<arg>GW</arg>
<arg>GY</arg>
<arg>HK</arg>
<arg>HM</arg>
<arg>HN</arg>
<arg>HR</arg>
<arg>HT</arg>
<arg>HU</arg>
<arg>ID</arg>
<arg>IE</arg>
<arg>IL</arg>
<arg>IM</arg>
<arg>IN</arg>
<arg>IO</arg>
<arg>IQ</arg>
<arg>IR</arg>
<arg>IS</arg>
<arg>IT</arg>
<arg>JE</arg>
<arg>JM</arg>
<arg>JO</arg>
<arg>JP</arg>
<arg>KE</arg>
<arg>KG</arg>
<arg>KH</arg>
<arg>KI</arg>
<arg>KM</arg>
<arg>KN</arg>
<arg>KP</arg>
<arg>KR</arg>
<arg>KW</arg>
<arg>KY</arg>
<arg>KZ</arg>
<arg>LA</arg>
<arg>LB</arg>
<arg>LC</arg>
<arg>LI</arg>
<arg>LK</arg>
<arg>LR</arg>
<arg>LS</arg>
<arg>LT</arg>
<arg>LU</arg>
<arg>LV</arg>
<arg>LY</arg>
<arg>MA</arg>
<arg>MC</arg>
<arg>MD</arg>
<arg>ME</arg>
<arg>MF</arg>
<arg>MG</arg>
<arg>MH</arg>
<arg>MK</arg>
<arg>ML</arg>
<arg>MM</arg>
<arg>MN</arg>
<arg>MO</arg>
<arg>MP</arg>
<arg>MQ</arg>
<arg>MR</arg>
<arg>MS</arg>
<arg>MT</arg>
<arg>MU</arg>
<arg>MV</arg>
<arg>MW</arg>
<arg>MX</arg>
<arg>MY</arg>
<arg>MZ</arg>
<arg>NA</arg>
<arg>NC</arg>
<arg>NE</arg>
<arg>NF</arg>
<arg>NG</arg>
<arg>NI</arg>
<arg>NL</arg>
<arg>NO</arg>
<arg>NP</arg>
<arg>NR</arg>
<arg>NU</arg>
<arg>NZ</arg>
<arg>OM</arg>
<arg>PA</arg>
<arg>PE</arg>
<arg>PF</arg>
<arg>PG</arg>
<arg>PH</arg>
<arg>PK</arg>
<arg>PL</arg>
<arg>PM</arg>
<arg>PN</arg>
<arg>PR</arg>
<arg>PS</arg>
<arg>PT</arg>
<arg>PW</arg>
<arg>PY</arg>
<arg>QA</arg>
<arg>RE</arg>
<arg>RO</arg>
<arg>RS</arg>
<arg>RU</arg>
<arg>RW</arg>
<arg>SA</arg>
<arg>SB</arg>
<arg>SC</arg>
<arg>SD</arg>
<arg>SE</arg>
<arg>SG</arg>
<arg>SH</arg>
<arg>SI</arg>
<arg>SJ</arg>
<arg>SK</arg>
<arg>SL</arg>
<arg>SM</arg>
<arg>SN</arg>
<arg>SO</arg>
<arg>SR</arg>
<arg>SS</arg>
<arg>ST</arg>
<arg>SV</arg>
<arg>SX</arg>
<arg>SY</arg>
<arg>SZ</arg>
<arg>TC</arg>
<arg>TD</arg>
<arg>TF</arg>
<arg>TG</arg>
<arg>TH</arg>
<arg>TJ</arg>
<arg>TK</arg>
<arg>TL</arg>
<arg>TM</arg>
<arg>TN</arg>
<arg>TO</arg>
<arg>TR</arg>
<arg>TT</arg>
<arg>TV</arg>
<arg>TW</arg>
<arg>TZ</arg>
<arg>UA</arg>
<arg>UG</arg>
<arg>UM</arg>
<arg>US</arg>
<arg>UY</arg>
<arg>UZ</arg>
<arg>VA</arg>
<arg>VC</arg>
<arg>VE</arg>
<arg>VG</arg>
<arg>VI</arg>
<arg>VN</arg>
<arg>VU</arg>
<arg>WF</arg>
<arg>WS</arg>
<arg>XK</arg>
<arg>YE</arg>
<arg>YT</arg>
<arg>ZA</arg>
<arg>ZM</arg>
<arg>ZW</arg>
<doc>Returns a list containing given items.</doc>
<status status="PASS" start="2024-05-31T02:30:00.669638" elapsed="0.000661"/>
</kw>
<kw name="List Should Contain Value" owner="Collections">
<msg time="2024-05-31T02:30:00.671285" level="INFO">False</msg>
<arg>${list_country}</arg>
<arg>${name_country}</arg>
<doc>Fails if the ``value`` is not found from ``list``.</doc>
<status status="PASS" start="2024-05-31T02:30:00.671086" elapsed="0.000234"/>
</kw>
<kw name="Run Keyword If" owner="BuiltIn">
<kw name="Should Be True" owner="BuiltIn">
<arg>${True}</arg>
<doc>Fails if the given condition is not true.</doc>
<status status="PASS" start="2024-05-31T02:30:00.672382" elapsed="0.000143"/>
</kw>
<arg>${json_data["results"][0]["location"]["coordinates"]["latitude"]} &gt;= -90 and ${json_data["results"][0]["location"]["coordinates"]["latitude"]} &lt;= 90</arg>
<arg>Should Be True</arg>
<arg>${True}</arg>
<doc>Runs the given keyword with the given arguments, if ``condition`` is true.</doc>
<status status="PASS" start="2024-05-31T02:30:00.671632" elapsed="0.001021"/>
</kw>
<kw name="Run Keyword If" owner="BuiltIn">
<kw name="Should Be True" owner="BuiltIn">
<arg>${True}</arg>
<doc>Fails if the given condition is not true.</doc>
<status status="PASS" start="2024-05-31T02:30:00.673536" elapsed="0.000138"/>
</kw>
<arg>${json_data["results"][0]["location"]["coordinates"]["longitude"]} &gt;= -180 and ${json_data["results"][0]["location"]["coordinates"]["longitude"]} &lt;= 180</arg>
<arg>Should Be True</arg>
<arg>${True}</arg>
<doc>Runs the given keyword with the given arguments, if ``condition`` is true.</doc>
<status status="PASS" start="2024-05-31T02:30:00.672840" elapsed="0.000957"/>
</kw>
<status status="PASS" start="2024-05-31T02:30:00.575029" elapsed="0.098946"/>
</kw>
<doc>Testa o conteúdo específico dos campos retornados pela API.</doc>
<tag>testeConteudo</tag>
<status status="PASS" start="2024-05-31T02:30:00.574489" elapsed="0.099641"/>
</test>
<status status="PASS" start="2024-05-31T02:29:59.631844" elapsed="1.044294"/>
</suite>
<status status="PASS" start="2024-05-31T02:29:59.618419" elapsed="1.062894"/>
</suite>
<statistics>
<total>
<stat pass="5" fail="0" skip="0">All Tests</stat>
</total>
<tag>
<stat pass="1" fail="0" skip="0">testeConteudo</stat>
<stat pass="1" fail="0" skip="0">testeEstruturaResposta</stat>
<stat pass="1" fail="0" skip="0">testeRequisicaoBasica</stat>
<stat pass="1" fail="0" skip="0">testeTiposDados</stat>
</tag>
<suite>
<stat pass="5" fail="0" skip="0" id="s1" name="Tests">Tests</stat>
<stat pass="5" fail="0" skip="0" id="s1-s1" name="Random-User-Test">Tests.Random-User-Test</stat>
</suite>
</statistics>
<errors>
</errors>
</robot>
