<?xml version="1.0" encoding="UTF-8"?>
<robot generator="Robot 7.0.1 (Python 3.12.4 on linux)" generated="2024-07-31T03:16:52.868397" rpa="false" schemaversion="5">
<suite id="s1" name="Tests" source="/home/runner/work/ApiRandomUser/ApiRandomUser/RamdonUser/tests">
<suite id="s1-s1" name="Random-User-Test" source="/home/runner/work/ApiRandomUser/ApiRandomUser/RamdonUser/tests/random-user-test.robot">
<test id="s1-s1-t1" name="Conectar" line="13">
<kw name="Conectar API" owner="random-user-service">
<kw name="Create Session" owner="RequestsLibrary">
<msg time="2024-07-31T03:16:53.317158" level="INFO">Creating Session using : alias=consultarAPI, url=https://randomuser.me/, headers={},                     cookies={}, auth=None, timeout=None, proxies=None, verify=False,                     debug=0 </msg>
<arg>consultarAPI</arg>
<arg>${URL}</arg>
<doc>Create Session: create a HTTP session to a server</doc>
<status status="PASS" start="2024-07-31T03:16:53.316956" elapsed="0.000385"/>
</kw>
<status status="PASS" start="2024-07-31T03:16:53.315894" elapsed="0.001808"/>
</kw>
<status status="PASS" start="2024-07-31T03:16:53.315333" elapsed="0.002562"/>
</test>
<test id="s1-s1-t2" name="Validar retorno 200 e JSON Válido" line="16">
<kw name="Teste de Requisicao Basica" owner="random-user-service">
<kw name="GET On Session" owner="RequestsLibrary">
<msg time="2024-07-31T03:16:53.433579" level="INFO">GET Request : url=https://randomuser.me/api 
 path_url=/api 
 headers={'User-Agent': 'python-requests/2.32.3', 'Accept-Encoding': 'gzip, deflate', 'Accept': '*/*', 'Connection': 'keep-alive'} 
 body=None 
 </msg>
<msg time="2024-07-31T03:16:53.433751" level="INFO">GET Response : url=https://randomuser.me/api 
 status=200, reason=OK 
 headers={'Date': 'Wed, 31 Jul 2024 03:16:53 GMT', 'Content-Type': 'application/json; charset=utf-8', 'Transfer-Encoding': 'chunked', 'Connection': 'keep-alive', 'X-Powered-By': 'Express', 'Access-Control-Allow-Origin': '*', 'Cache-Control': 'no-cache', 'ETag': 'W/"49c-0XJwPuMfvZWDauLl220oBbCHgGA"', 'Vary': 'Accept-Encoding', 'Content-Encoding': 'gzip', 'CF-Cache-Status': 'DYNAMIC', 'Report-To': '{"endpoints":[{"url":"https:\\/\\/a.nel.cloudflare.com\\/report\\/v4?s=Wg2%2B8aM32K3iaEP83gQ42Vv2daU6LFkX%2F5eo6Yifmxj2A2VtVfvlzXEdaLWxLxZu7dHRzEE12Ug7fimtFR7ryTwiv7su0PhYRIFRFuX8G1xCjieVdmNZjQNOAkPQxaqX"}],"group":"cf-nel","max_age":604800}', 'NEL': '{"success_fraction":0,"report_to":"cf-nel","max_age":604800}', 'Server': 'cloudflare', 'CF-RAY': '8aba6ea95f0a28ae-IAD', 'alt-svc': 'h3=":443"; ma=86400'} 
 body={"results":[{"gender":"male","name":{"title":"Mr","first":"Alberto","last":"Kennedy"},"location":{"street":{"number":7604,"name":"Springfield Road"},"city":"Cardiff","state":"County Londonderry","country":"United Kingdom","postcode":"ZY1G 7GA","coordinates":{"latitude":"-5.1668","longitude":"-133.3322"},"timezone":{"offset":"+6:00","description":"Almaty, Dhaka, Colombo"}},"email":"alberto.kennedy@example.com","login":{"uuid":"07ccc239-5455-4c99-81a0-c55056876d47","username":"purplebird775","password":"baddest","salt":"tsuwXMLG","md5":"71e1c715c72e6396f8b9ba606cbff8b4","sha1":"6f1b98c477e814c21ef871dce15f3fdddb250281","sha256":"1d8d66533605d61942b4b0d406aec8c9799aa8bc31f5ddd7a9cdb2d68be08cd4"},"dob":{"date":"1964-05-22T07:39:13.580Z","age":60},"registered":{"date":"2009-07-23T16:01:37.606Z","age":15},"phone":"01335 44834","cell":"07914 438545","id":{"name":"NINO","value":"JJ 87 76 32 U"},"picture":{"large":"https://randomuser.me/api/portraits/men/1.jpg","medium":"https://randomuser.me/api/portraits/med/men/1.jpg","thumbnail":"https://randomuser.me/api/portraits/thumb/men/1.jpg"},"nat":"GB"}],"info":{"seed":"c8ff471e3179827e","results":1,"page":1,"version":"1.4"}} 
 </msg>
<msg time="2024-07-31T03:16:53.433871" level="INFO">/opt/hostedtoolcache/Python/3.12.4/x64/lib/python3.12/site-packages/urllib3/connectionpool.py:1099: InsecureRequestWarning: Unverified HTTPS request is being made to host 'randomuser.me'. Adding certificate verification is strongly advised. See: https://urllib3.readthedocs.io/en/latest/advanced-usage.html#tls-warnings
  warnings.warn(</msg>
<msg time="2024-07-31T03:16:53.434037" level="INFO">${response} = &lt;Response [200]&gt;</msg>
<var>${response}</var>
<arg>consultarAPI</arg>
<arg>/api</arg>
<doc>Sends a GET request on a previously created HTTP Session.</doc>
<status status="PASS" start="2024-07-31T03:16:53.320456" elapsed="0.113628"/>
</kw>
<kw name="Should Be Equal As Numbers" owner="BuiltIn">
<msg time="2024-07-31T03:16:53.435293" level="INFO">Argument types are:
&lt;class 'int'&gt;
&lt;class 'str'&gt;</msg>
<arg>${response.status_code}</arg>
<arg>200</arg>
<doc>Fails if objects are unequal after converting them to real numbers.</doc>
<status status="PASS" start="2024-07-31T03:16:53.434635" elapsed="0.000747"/>
</kw>
<kw name="Log" owner="BuiltIn">
<msg time="2024-07-31T03:16:53.436490" level="INFO">200</msg>
<arg>${response.status_code}</arg>
<doc>Logs the given message with the given level.</doc>
<status status="PASS" start="2024-07-31T03:16:53.435902" elapsed="0.000658"/>
</kw>
<kw name="Set Variable" owner="BuiltIn">
<msg time="2024-07-31T03:16:53.437732" level="INFO">${json_data} = {'results': [{'gender': 'male', 'name': {'title': 'Mr', 'first': 'Alberto', 'last': 'Kennedy'}, 'location': {'street': {'number': 7604, 'name': 'Springfield Road'}, 'city': 'Cardiff', 'state': 'County...</msg>
<var>${json_data}</var>
<arg>${response.json()}</arg>
<doc>Returns the given values which can then be assigned to a variables.</doc>
<status status="PASS" start="2024-07-31T03:16:53.437028" elapsed="0.000748"/>
</kw>
<kw name="Dictionary Should Contain Key" owner="Collections">
<arg>${json_data}</arg>
<arg>results</arg>
<doc>Fails if ``key`` is not found from ``dictionary``.</doc>
<status status="PASS" start="2024-07-31T03:16:53.438212" elapsed="0.000413"/>
</kw>
<status status="PASS" start="2024-07-31T03:16:53.320215" elapsed="0.118652"/>
</kw>
<doc>Testa se a API responde corretamente e retorna um objeto JSON válido.</doc>
<tag>testeRequisicaoBasica</tag>
<status status="PASS" start="2024-07-31T03:16:53.319733" elapsed="0.119418"/>
</test>
<test id="s1-s1-t3" name="Validar estrutura de resposta" line="22">
<kw name="Teste de Estrutura de Resposta" owner="random-user-service">
<kw name="GET On Session" owner="RequestsLibrary">
<msg time="2024-07-31T03:16:53.512321" level="INFO">GET Request : url=https://randomuser.me/api 
 path_url=/api 
 headers={'User-Agent': 'python-requests/2.32.3', 'Accept-Encoding': 'gzip, deflate', 'Accept': '*/*', 'Connection': 'keep-alive'} 
 body=None 
 </msg>
<msg time="2024-07-31T03:16:53.512413" level="INFO">GET Response : url=https://randomuser.me/api 
 status=200, reason=OK 
 headers={'Date': 'Wed, 31 Jul 2024 03:16:53 GMT', 'Content-Type': 'application/json; charset=utf-8', 'Transfer-Encoding': 'chunked', 'Connection': 'keep-alive', 'X-Powered-By': 'Express', 'Access-Control-Allow-Origin': '*', 'Cache-Control': 'no-cache', 'ETag': 'W/"48a-FTY/jPC110W5+l4RrhD0aLk/kak"', 'Vary': 'Accept-Encoding', 'Content-Encoding': 'gzip', 'CF-Cache-Status': 'DYNAMIC', 'Report-To': '{"endpoints":[{"url":"https:\\/\\/a.nel.cloudflare.com\\/report\\/v4?s=bBxuyUZq9E78j0FpaPXwargHVonrAIjI58AAgw7p97QSPvMTiLsKqXMguDrEJ4pOU1O0DBl4VXhUyJwx4utGK4g7Zma0RamYjnZ5DDRL3uBaRzmBjx0NuObRGxdgzXa6"}],"group":"cf-nel","max_age":604800}', 'NEL': '{"success_fraction":0,"report_to":"cf-nel","max_age":604800}', 'Server': 'cloudflare', 'CF-RAY': '8aba6eaa0fa228ae-IAD', 'alt-svc': 'h3=":443"; ma=86400'} 
 body={"results":[{"gender":"male","name":{"title":"Mr","first":"Živan","last":"Stanojević"},"location":{"street":{"number":93,"name":"Granička"},"city":"Kanjiža","state":"Pirot","country":"Serbia","postcode":48808,"coordinates":{"latitude":"58.8645","longitude":"-138.3190"},"timezone":{"offset":"-5:00","description":"Eastern Time (US &amp; Canada), Bogota, Lima"}},"email":"zivan.stanojevic@example.com","login":{"uuid":"fc304486-34f8-40cb-807f-c8a4fb7d2826","username":"lazyzebra788","password":"3232","salt":"pq8HaVTV","md5":"b7a4580075ad57873db417f407d16038","sha1":"19dbc74f8f2aec14f137d91c5bc726f6ecff708c","sha256":"2d1c098c3e6b124d94fcf2d384a458def4184a6eb9e8eef8ec4df00f58ca3426"},"dob":{"date":"1974-09-18T19:43:43.393Z","age":49},"registered":{"date":"2015-07-14T20:50:41.522Z","age":9},"phone":"037-4815-140","cell":"067-1863-946","id":{"name":"SID","value":"449074172"},"picture":{"large":"https://randomuser.me/api/portraits/men/30.jpg","medium":"https://randomuser.me/api/portraits/med/men/30.jpg","thumbnail":"https://randomuser.me/api/portraits/thumb/men/30.jpg"},"nat":"RS"}],"info":{"seed":"f5422b2b1d736589","results":1,"page":1,"version":"1.4"}} 
 </msg>
<msg time="2024-07-31T03:16:53.512550" level="INFO">/opt/hostedtoolcache/Python/3.12.4/x64/lib/python3.12/site-packages/urllib3/connectionpool.py:1099: InsecureRequestWarning: Unverified HTTPS request is being made to host 'randomuser.me'. Adding certificate verification is strongly advised. See: https://urllib3.readthedocs.io/en/latest/advanced-usage.html#tls-warnings
  warnings.warn(</msg>
<msg time="2024-07-31T03:16:53.512678" level="INFO">${response} = &lt;Response [200]&gt;</msg>
<var>${response}</var>
<arg>consultarAPI</arg>
<arg>/api</arg>
<doc>Sends a GET request on a previously created HTTP Session.</doc>
<status status="PASS" start="2024-07-31T03:16:53.443441" elapsed="0.069274"/>
</kw>
<kw name="Set Variable" owner="BuiltIn">
<msg time="2024-07-31T03:16:53.513658" level="INFO">${json_data} = {'results': [{'gender': 'male', 'name': {'title': 'Mr', 'first': 'Živan', 'last': 'Stanojević'}, 'location': {'street': {'number': 93, 'name': 'Granička'}, 'city': 'Kanjiža', 'state': 'Pirot', 'countr...</msg>
<var>${json_data}</var>
<arg>${response.json()}</arg>
<doc>Returns the given values which can then be assigned to a variables.</doc>
<status status="PASS" start="2024-07-31T03:16:53.513121" elapsed="0.000569"/>
</kw>
<kw name="Log" owner="BuiltIn">
<msg time="2024-07-31T03:16:53.514173" level="INFO">{'results': [{'gender': 'male', 'name': {'title': 'Mr', 'first': 'Živan', 'last': 'Stanojević'}, 'location': {'street': {'number': 93, 'name': 'Granička'}, 'city': 'Kanjiža', 'state': 'Pirot', 'country': 'Serbia', 'postcode': 48808, 'coordinates': {'latitude': '58.8645', 'longitude': '-138.3190'}, 'timezone': {'offset': '-5:00', 'description': 'Eastern Time (US &amp; Canada), Bogota, Lima'}}, 'email': 'zivan.stanojevic@example.com', 'login': {'uuid': 'fc304486-34f8-40cb-807f-c8a4fb7d2826', 'username': 'lazyzebra788', 'password': '3232', 'salt': 'pq8HaVTV', 'md5': 'b7a4580075ad57873db417f407d16038', 'sha1': '19dbc74f8f2aec14f137d91c5bc726f6ecff708c', 'sha256': '2d1c098c3e6b124d94fcf2d384a458def4184a6eb9e8eef8ec4df00f58ca3426'}, 'dob': {'date': '1974-09-18T19:43:43.393Z', 'age': 49}, 'registered': {'date': '2015-07-14T20:50:41.522Z', 'age': 9}, 'phone': '037-4815-140', 'cell': '067-1863-946', 'id': {'name': 'SID', 'value': '449074172'}, 'picture': {'large': 'https://randomuser.me/api/portraits/men/30.jpg', 'medium': 'https://randomuser.me/api/portraits/med/men/30.jpg', 'thumbnail': 'https://randomuser.me/api/portraits/thumb/men/30.jpg'}, 'nat': 'RS'}], 'info': {'seed': 'f5422b2b1d736589', 'results': 1, 'page': 1, 'version': '1.4'}}</msg>
<arg>${json_data}</arg>
<doc>Logs the given message with the given level.</doc>
<status status="PASS" start="2024-07-31T03:16:53.514004" elapsed="0.000224"/>
</kw>
<kw name="Dictionary Should Contain Key" owner="Collections">
<arg>${json_data}</arg>
<arg>results</arg>
<doc>Fails if ``key`` is not found from ``dictionary``.</doc>
<status status="PASS" start="2024-07-31T03:16:53.514536" elapsed="0.000199"/>
</kw>
<kw name="Should Not Be Empty" owner="BuiltIn">
<msg time="2024-07-31T03:16:53.515053" level="INFO">Length is 2.</msg>
<arg>${json_data}</arg>
<doc>Verifies that the given item is not empty.</doc>
<status status="PASS" start="2024-07-31T03:16:53.514925" elapsed="0.000166"/>
</kw>
<kw name="Create List" owner="BuiltIn">
<msg time="2024-07-31T03:16:53.515539" level="INFO">${expected_keys} = ['gender', 'name', 'location', 'email', 'login']</msg>
<var>${expected_keys}</var>
<arg>gender</arg>
<arg>name</arg>
<arg>location</arg>
<arg>email</arg>
<arg>login</arg>
<doc>Returns a list containing given items.</doc>
<status status="PASS" start="2024-07-31T03:16:53.515385" elapsed="0.000178"/>
</kw>
<for flavor="IN">
<iter>
<kw name="Dictionary Should Contain Key" owner="Collections">
<arg>${json_data['results'][0]}</arg>
<arg>${key}</arg>
<doc>Fails if ``key`` is not found from ``dictionary``.</doc>
<status status="PASS" start="2024-07-31T03:16:53.516180" elapsed="0.000418"/>
</kw>
<kw name="Log" owner="BuiltIn">
<msg time="2024-07-31T03:16:53.517148" level="INFO">{'gender': 'male', 'name': {'title': 'Mr', 'first': 'Živan', 'last': 'Stanojević'}, 'location': {'street': {'number': 93, 'name': 'Granička'}, 'city': 'Kanjiža', 'state': 'Pirot', 'country': 'Serbia', 'postcode': 48808, 'coordinates': {'latitude': '58.8645', 'longitude': '-138.3190'}, 'timezone': {'offset': '-5:00', 'description': 'Eastern Time (US &amp; Canada), Bogota, Lima'}}, 'email': 'zivan.stanojevic@example.com', 'login': {'uuid': 'fc304486-34f8-40cb-807f-c8a4fb7d2826', 'username': 'lazyzebra788', 'password': '3232', 'salt': 'pq8HaVTV', 'md5': 'b7a4580075ad57873db417f407d16038', 'sha1': '19dbc74f8f2aec14f137d91c5bc726f6ecff708c', 'sha256': '2d1c098c3e6b124d94fcf2d384a458def4184a6eb9e8eef8ec4df00f58ca3426'}, 'dob': {'date': '1974-09-18T19:43:43.393Z', 'age': 49}, 'registered': {'date': '2015-07-14T20:50:41.522Z', 'age': 9}, 'phone': '037-4815-140', 'cell': '067-1863-946', 'id': {'name': 'SID', 'value': '449074172'}, 'picture': {'large': 'https://randomuser.me/api/portraits/men/30.jpg', 'medium': 'https://randomuser.me/api/portraits/med/men/30.jpg', 'thumbnail': 'https://randomuser.me/api/portraits/thumb/men/30.jpg'}, 'nat': 'RS'}</msg>
<arg>${json_data['results'][0]}</arg>
<doc>Logs the given message with the given level.</doc>
<status status="PASS" start="2024-07-31T03:16:53.516789" elapsed="0.000411"/>
</kw>
<kw name="Log" owner="BuiltIn">
<msg time="2024-07-31T03:16:53.517625" level="INFO">gender</msg>
<arg>${key}</arg>
<doc>Logs the given message with the given level.</doc>
<status status="PASS" start="2024-07-31T03:16:53.517497" elapsed="0.000167"/>
</kw>
<var name="${key}">gender</var>
<status status="PASS" start="2024-07-31T03:16:53.516053" elapsed="0.001831"/>
</iter>
<iter>
<kw name="Dictionary Should Contain Key" owner="Collections">
<arg>${json_data['results'][0]}</arg>
<arg>${key}</arg>
<doc>Fails if ``key`` is not found from ``dictionary``.</doc>
<status status="PASS" start="2024-07-31T03:16:53.518180" elapsed="0.000398"/>
</kw>
<kw name="Log" owner="BuiltIn">
<msg time="2024-07-31T03:16:53.519142" level="INFO">{'gender': 'male', 'name': {'title': 'Mr', 'first': 'Živan', 'last': 'Stanojević'}, 'location': {'street': {'number': 93, 'name': 'Granička'}, 'city': 'Kanjiža', 'state': 'Pirot', 'country': 'Serbia', 'postcode': 48808, 'coordinates': {'latitude': '58.8645', 'longitude': '-138.3190'}, 'timezone': {'offset': '-5:00', 'description': 'Eastern Time (US &amp; Canada), Bogota, Lima'}}, 'email': 'zivan.stanojevic@example.com', 'login': {'uuid': 'fc304486-34f8-40cb-807f-c8a4fb7d2826', 'username': 'lazyzebra788', 'password': '3232', 'salt': 'pq8HaVTV', 'md5': 'b7a4580075ad57873db417f407d16038', 'sha1': '19dbc74f8f2aec14f137d91c5bc726f6ecff708c', 'sha256': '2d1c098c3e6b124d94fcf2d384a458def4184a6eb9e8eef8ec4df00f58ca3426'}, 'dob': {'date': '1974-09-18T19:43:43.393Z', 'age': 49}, 'registered': {'date': '2015-07-14T20:50:41.522Z', 'age': 9}, 'phone': '037-4815-140', 'cell': '067-1863-946', 'id': {'name': 'SID', 'value': '449074172'}, 'picture': {'large': 'https://randomuser.me/api/portraits/men/30.jpg', 'medium': 'https://randomuser.me/api/portraits/med/men/30.jpg', 'thumbnail': 'https://randomuser.me/api/portraits/thumb/men/30.jpg'}, 'nat': 'RS'}</msg>
<arg>${json_data['results'][0]}</arg>
<doc>Logs the given message with the given level.</doc>
<status status="PASS" start="2024-07-31T03:16:53.518768" elapsed="0.000459"/>
</kw>
<kw name="Log" owner="BuiltIn">
<msg time="2024-07-31T03:16:53.519653" level="INFO">name</msg>
<arg>${key}</arg>
<doc>Logs the given message with the given level.</doc>
<status status="PASS" start="2024-07-31T03:16:53.519526" elapsed="0.000165"/>
</kw>
<var name="${key}">name</var>
<status status="PASS" start="2024-07-31T03:16:53.518068" elapsed="0.001883"/>
</iter>
<iter>
<kw name="Dictionary Should Contain Key" owner="Collections">
<arg>${json_data['results'][0]}</arg>
<arg>${key}</arg>
<doc>Fails if ``key`` is not found from ``dictionary``.</doc>
<status status="PASS" start="2024-07-31T03:16:53.520235" elapsed="0.000385"/>
</kw>
<kw name="Log" owner="BuiltIn">
<msg time="2024-07-31T03:16:53.521166" level="INFO">{'gender': 'male', 'name': {'title': 'Mr', 'first': 'Živan', 'last': 'Stanojević'}, 'location': {'street': {'number': 93, 'name': 'Granička'}, 'city': 'Kanjiža', 'state': 'Pirot', 'country': 'Serbia', 'postcode': 48808, 'coordinates': {'latitude': '58.8645', 'longitude': '-138.3190'}, 'timezone': {'offset': '-5:00', 'description': 'Eastern Time (US &amp; Canada), Bogota, Lima'}}, 'email': 'zivan.stanojevic@example.com', 'login': {'uuid': 'fc304486-34f8-40cb-807f-c8a4fb7d2826', 'username': 'lazyzebra788', 'password': '3232', 'salt': 'pq8HaVTV', 'md5': 'b7a4580075ad57873db417f407d16038', 'sha1': '19dbc74f8f2aec14f137d91c5bc726f6ecff708c', 'sha256': '2d1c098c3e6b124d94fcf2d384a458def4184a6eb9e8eef8ec4df00f58ca3426'}, 'dob': {'date': '1974-09-18T19:43:43.393Z', 'age': 49}, 'registered': {'date': '2015-07-14T20:50:41.522Z', 'age': 9}, 'phone': '037-4815-140', 'cell': '067-1863-946', 'id': {'name': 'SID', 'value': '449074172'}, 'picture': {'large': 'https://randomuser.me/api/portraits/men/30.jpg', 'medium': 'https://randomuser.me/api/portraits/med/men/30.jpg', 'thumbnail': 'https://randomuser.me/api/portraits/thumb/men/30.jpg'}, 'nat': 'RS'}</msg>
<arg>${json_data['results'][0]}</arg>
<doc>Logs the given message with the given level.</doc>
<status status="PASS" start="2024-07-31T03:16:53.520808" elapsed="0.000410"/>
</kw>
<kw name="Log" owner="BuiltIn">
<msg time="2024-07-31T03:16:53.521646" level="INFO">location</msg>
<arg>${key}</arg>
<doc>Logs the given message with the given level.</doc>
<status status="PASS" start="2024-07-31T03:16:53.521517" elapsed="0.000166"/>
</kw>
<var name="${key}">location</var>
<status status="PASS" start="2024-07-31T03:16:53.520128" elapsed="0.001771"/>
</iter>
<iter>
<kw name="Dictionary Should Contain Key" owner="Collections">
<arg>${json_data['results'][0]}</arg>
<arg>${key}</arg>
<doc>Fails if ``key`` is not found from ``dictionary``.</doc>
<status status="PASS" start="2024-07-31T03:16:53.522179" elapsed="0.000379"/>
</kw>
<kw name="Log" owner="BuiltIn">
<msg time="2024-07-31T03:16:53.523211" level="INFO">{'gender': 'male', 'name': {'title': 'Mr', 'first': 'Živan', 'last': 'Stanojević'}, 'location': {'street': {'number': 93, 'name': 'Granička'}, 'city': 'Kanjiža', 'state': 'Pirot', 'country': 'Serbia', 'postcode': 48808, 'coordinates': {'latitude': '58.8645', 'longitude': '-138.3190'}, 'timezone': {'offset': '-5:00', 'description': 'Eastern Time (US &amp; Canada), Bogota, Lima'}}, 'email': 'zivan.stanojevic@example.com', 'login': {'uuid': 'fc304486-34f8-40cb-807f-c8a4fb7d2826', 'username': 'lazyzebra788', 'password': '3232', 'salt': 'pq8HaVTV', 'md5': 'b7a4580075ad57873db417f407d16038', 'sha1': '19dbc74f8f2aec14f137d91c5bc726f6ecff708c', 'sha256': '2d1c098c3e6b124d94fcf2d384a458def4184a6eb9e8eef8ec4df00f58ca3426'}, 'dob': {'date': '1974-09-18T19:43:43.393Z', 'age': 49}, 'registered': {'date': '2015-07-14T20:50:41.522Z', 'age': 9}, 'phone': '037-4815-140', 'cell': '067-1863-946', 'id': {'name': 'SID', 'value': '449074172'}, 'picture': {'large': 'https://randomuser.me/api/portraits/men/30.jpg', 'medium': 'https://randomuser.me/api/portraits/med/men/30.jpg', 'thumbnail': 'https://randomuser.me/api/portraits/thumb/men/30.jpg'}, 'nat': 'RS'}</msg>
<arg>${json_data['results'][0]}</arg>
<doc>Logs the given message with the given level.</doc>
<status status="PASS" start="2024-07-31T03:16:53.522855" elapsed="0.000408"/>
</kw>
<kw name="Log" owner="BuiltIn">
<msg time="2024-07-31T03:16:53.523701" level="INFO">email</msg>
<arg>${key}</arg>
<doc>Logs the given message with the given level.</doc>
<status status="PASS" start="2024-07-31T03:16:53.523572" elapsed="0.000168"/>
</kw>
<var name="${key}">email</var>
<status status="PASS" start="2024-07-31T03:16:53.522072" elapsed="0.001933"/>
</iter>
<iter>
<kw name="Dictionary Should Contain Key" owner="Collections">
<arg>${json_data['results'][0]}</arg>
<arg>${key}</arg>
<doc>Fails if ``key`` is not found from ``dictionary``.</doc>
<status status="PASS" start="2024-07-31T03:16:53.524296" elapsed="0.000394"/>
</kw>
<kw name="Log" owner="BuiltIn">
<msg time="2024-07-31T03:16:53.525227" level="INFO">{'gender': 'male', 'name': {'title': 'Mr', 'first': 'Živan', 'last': 'Stanojević'}, 'location': {'street': {'number': 93, 'name': 'Granička'}, 'city': 'Kanjiža', 'state': 'Pirot', 'country': 'Serbia', 'postcode': 48808, 'coordinates': {'latitude': '58.8645', 'longitude': '-138.3190'}, 'timezone': {'offset': '-5:00', 'description': 'Eastern Time (US &amp; Canada), Bogota, Lima'}}, 'email': 'zivan.stanojevic@example.com', 'login': {'uuid': 'fc304486-34f8-40cb-807f-c8a4fb7d2826', 'username': 'lazyzebra788', 'password': '3232', 'salt': 'pq8HaVTV', 'md5': 'b7a4580075ad57873db417f407d16038', 'sha1': '19dbc74f8f2aec14f137d91c5bc726f6ecff708c', 'sha256': '2d1c098c3e6b124d94fcf2d384a458def4184a6eb9e8eef8ec4df00f58ca3426'}, 'dob': {'date': '1974-09-18T19:43:43.393Z', 'age': 49}, 'registered': {'date': '2015-07-14T20:50:41.522Z', 'age': 9}, 'phone': '037-4815-140', 'cell': '067-1863-946', 'id': {'name': 'SID', 'value': '449074172'}, 'picture': {'large': 'https://randomuser.me/api/portraits/men/30.jpg', 'medium': 'https://randomuser.me/api/portraits/med/men/30.jpg', 'thumbnail': 'https://randomuser.me/api/portraits/thumb/men/30.jpg'}, 'nat': 'RS'}</msg>
<arg>${json_data['results'][0]}</arg>
<doc>Logs the given message with the given level.</doc>
<status status="PASS" start="2024-07-31T03:16:53.524873" elapsed="0.000406"/>
</kw>
<kw name="Log" owner="BuiltIn">
<msg time="2024-07-31T03:16:53.525700" level="INFO">login</msg>
<arg>${key}</arg>
<doc>Logs the given message with the given level.</doc>
<status status="PASS" start="2024-07-31T03:16:53.525575" elapsed="0.000162"/>
</kw>
<var name="${key}">login</var>
<status status="PASS" start="2024-07-31T03:16:53.524178" elapsed="0.001775"/>
</iter>
<var>${key}</var>
<value>@{expected_keys}</value>
<status status="PASS" start="2024-07-31T03:16:53.515855" elapsed="0.010218"/>
</for>
<kw name="Create List" owner="BuiltIn">
<msg time="2024-07-31T03:16:53.526395" level="INFO">${expected_keysTwo} = ['username', 'password']</msg>
<var>${expected_keysTwo}</var>
<arg>username</arg>
<arg>password</arg>
<doc>Returns a list containing given items.</doc>
<status status="PASS" start="2024-07-31T03:16:53.526262" elapsed="0.000185"/>
</kw>
<for flavor="IN">
<iter>
<kw name="Dictionary Should Contain Key" owner="Collections">
<arg>${json_data['results'][0]['login']}</arg>
<arg>${keyTwo}</arg>
<doc>Fails if ``key`` is not found from ``dictionary``.</doc>
<status status="PASS" start="2024-07-31T03:16:53.526955" elapsed="0.000398"/>
</kw>
<kw name="Dictionary Should Contain Key" owner="Collections">
<arg>${json_data['results'][0]['login']}</arg>
<arg>${keyTwo}</arg>
<doc>Fails if ``key`` is not found from ``dictionary``.</doc>
<status status="PASS" start="2024-07-31T03:16:53.527535" elapsed="0.000418"/>
</kw>
<kw name="Log" owner="BuiltIn">
<msg time="2024-07-31T03:16:53.528254" level="INFO">username</msg>
<arg>${keyTwo}</arg>
<doc>Logs the given message with the given level.</doc>
<status status="PASS" start="2024-07-31T03:16:53.528133" elapsed="0.000159"/>
</kw>
<var name="${keyTwo}">username</var>
<status status="PASS" start="2024-07-31T03:16:53.526850" elapsed="0.001665"/>
</iter>
<iter>
<kw name="Dictionary Should Contain Key" owner="Collections">
<arg>${json_data['results'][0]['login']}</arg>
<arg>${keyTwo}</arg>
<doc>Fails if ``key`` is not found from ``dictionary``.</doc>
<status status="PASS" start="2024-07-31T03:16:53.528801" elapsed="0.000385"/>
</kw>
<kw name="Dictionary Should Contain Key" owner="Collections">
<arg>${json_data['results'][0]['login']}</arg>
<arg>${keyTwo}</arg>
<doc>Fails if ``key`` is not found from ``dictionary``.</doc>
<status status="PASS" start="2024-07-31T03:16:53.529365" elapsed="0.000366"/>
</kw>
<kw name="Log" owner="BuiltIn">
<msg time="2024-07-31T03:16:53.530028" level="INFO">password</msg>
<arg>${keyTwo}</arg>
<doc>Logs the given message with the given level.</doc>
<status status="PASS" start="2024-07-31T03:16:53.529905" elapsed="0.000160"/>
</kw>
<var name="${keyTwo}">password</var>
<status status="PASS" start="2024-07-31T03:16:53.528685" elapsed="0.001598"/>
</iter>
<var>${keyTwo}</var>
<value>@{expected_keysTwo}</value>
<status status="PASS" start="2024-07-31T03:16:53.526693" elapsed="0.003709"/>
</for>
<status status="PASS" start="2024-07-31T03:16:53.443095" elapsed="0.087444"/>
</kw>
<doc>Testa a estrutura da resposta da API.</doc>
<tag>testeEstruturaResposta</tag>
<status status="PASS" start="2024-07-31T03:16:53.442366" elapsed="0.088321"/>
</test>
<test id="s1-s1-t4" name="Validar tipos de dados" line="28">
<kw name="Teste de Tipos de Dados" owner="random-user-service">
<kw name="GET On Session" owner="RequestsLibrary">
<msg time="2024-07-31T03:16:53.572033" level="INFO">GET Request : url=https://randomuser.me/api 
 path_url=/api 
 headers={'User-Agent': 'python-requests/2.32.3', 'Accept-Encoding': 'gzip, deflate', 'Accept': '*/*', 'Connection': 'keep-alive'} 
 body=None 
 </msg>
<msg time="2024-07-31T03:16:53.572113" level="INFO">GET Response : url=https://randomuser.me/api 
 status=200, reason=OK 
 headers={'Date': 'Wed, 31 Jul 2024 03:16:53 GMT', 'Content-Type': 'application/json; charset=utf-8', 'Transfer-Encoding': 'chunked', 'Connection': 'keep-alive', 'X-Powered-By': 'Express', 'Access-Control-Allow-Origin': '*', 'Cache-Control': 'no-cache', 'ETag': 'W/"496-0KKZr4gwyW1G8BTvkNLmcgmSeFg"', 'Vary': 'Accept-Encoding', 'Content-Encoding': 'gzip', 'CF-Cache-Status': 'DYNAMIC', 'Report-To': '{"endpoints":[{"url":"https:\\/\\/a.nel.cloudflare.com\\/report\\/v4?s=0zGz9vTPbpfnL3n2kkHTrioqcQwdvP%2B4XHLfNtttRSRkPZNtWVw%2FGGEeklpjot5sUXz2sn7moKR9bfQm8wkdGJ2MiOYwwsRgQKkHYjwX10qPyDl9PFSbPJ5CZiu5GLSD"}],"group":"cf-nel","max_age":604800}', 'NEL': '{"success_fraction":0,"report_to":"cf-nel","max_age":604800}', 'Server': 'cloudflare', 'CF-RAY': '8aba6eaa983628ae-IAD', 'alt-svc': 'h3=":443"; ma=86400'} 
 body={"results":[{"gender":"female","name":{"title":"Mrs","first":"Latiffa","last":"de Souza"},"location":{"street":{"number":5883,"name":"Rua São Francisco "},"city":"Arapiraca","state":"Distrito Federal","country":"Brazil","postcode":80892,"coordinates":{"latitude":"-75.3983","longitude":"64.8903"},"timezone":{"offset":"-9:00","description":"Alaska"}},"email":"latiffa.desouza@example.com","login":{"uuid":"85919b03-cddd-44af-b47f-3fa36b15e0cd","username":"yellowelephant944","password":"idefix","salt":"221rN9pr","md5":"bc792c21568bd45d60758db590502171","sha1":"4ace47c3a8a50d43142871b1736128ea4eb1f9de","sha256":"b081dfce84ab073012fb6eb91b1e6d711f989e2530b6767e0cea02269c96fdf4"},"dob":{"date":"1982-08-07T00:18:01.889Z","age":41},"registered":{"date":"2006-01-11T03:16:57.352Z","age":18},"phone":"(70) 3808-8862","cell":"(63) 0461-8171","id":{"name":"CPF","value":"107.581.263-61"},"picture":{"large":"https://randomuser.me/api/portraits/women/37.jpg","medium":"https://randomuser.me/api/portraits/med/women/37.jpg","thumbnail":"https://randomuser.me/api/portraits/thumb/women/37.jpg"},"nat":"BR"}],"info":{"seed":"09cfdd88dd3a22cf","results":1,"page":1,"version":"1.4"}} 
 </msg>
<msg time="2024-07-31T03:16:53.572192" level="INFO">/opt/hostedtoolcache/Python/3.12.4/x64/lib/python3.12/site-packages/urllib3/connectionpool.py:1099: InsecureRequestWarning: Unverified HTTPS request is being made to host 'randomuser.me'. Adding certificate verification is strongly advised. See: https://urllib3.readthedocs.io/en/latest/advanced-usage.html#tls-warnings
  warnings.warn(</msg>
<msg time="2024-07-31T03:16:53.572294" level="INFO">${response} = &lt;Response [200]&gt;</msg>
<var>${response}</var>
<arg>consultarAPI</arg>
<arg>/api</arg>
<doc>Sends a GET request on a previously created HTTP Session.</doc>
<status status="PASS" start="2024-07-31T03:16:53.533104" elapsed="0.039225"/>
</kw>
<kw name="Set Variable" owner="BuiltIn">
<msg time="2024-07-31T03:16:53.573668" level="INFO">${json_data} = {'results': [{'gender': 'female', 'name': {'title': 'Mrs', 'first': 'Latiffa', 'last': 'de Souza'}, 'location': {'street': {'number': 5883, 'name': 'Rua São Francisco '}, 'city': 'Arapiraca', 'state':...</msg>
<var>${json_data}</var>
<arg>${response.json()}</arg>
<doc>Returns the given values which can then be assigned to a variables.</doc>
<status status="PASS" start="2024-07-31T03:16:53.572855" elapsed="0.000846"/>
</kw>
<kw name="Log" owner="BuiltIn">
<msg time="2024-07-31T03:16:53.574171" level="INFO">{'results': [{'gender': 'female', 'name': {'title': 'Mrs', 'first': 'Latiffa', 'last': 'de Souza'}, 'location': {'street': {'number': 5883, 'name': 'Rua São Francisco '}, 'city': 'Arapiraca', 'state': 'Distrito Federal', 'country': 'Brazil', 'postcode': 80892, 'coordinates': {'latitude': '-75.3983', 'longitude': '64.8903'}, 'timezone': {'offset': '-9:00', 'description': 'Alaska'}}, 'email': 'latiffa.desouza@example.com', 'login': {'uuid': '85919b03-cddd-44af-b47f-3fa36b15e0cd', 'username': 'yellowelephant944', 'password': 'idefix', 'salt': '221rN9pr', 'md5': 'bc792c21568bd45d60758db590502171', 'sha1': '4ace47c3a8a50d43142871b1736128ea4eb1f9de', 'sha256': 'b081dfce84ab073012fb6eb91b1e6d711f989e2530b6767e0cea02269c96fdf4'}, 'dob': {'date': '1982-08-07T00:18:01.889Z', 'age': 41}, 'registered': {'date': '2006-01-11T03:16:57.352Z', 'age': 18}, 'phone': '(70) 3808-8862', 'cell': '(63) 0461-8171', 'id': {'name': 'CPF', 'value': '107.581.263-61'}, 'picture': {'large': 'https://randomuser.me/api/portraits/women/37.jpg', 'medium': 'https://randomuser.me/api/portraits/med/women/37.jpg', 'thumbnail': 'https://randomuser.me/api/portraits/thumb/women/37.jpg'}, 'nat': 'BR'}], 'info': {'seed': '09cfdd88dd3a22cf', 'results': 1, 'page': 1, 'version': '1.4'}}</msg>
<arg>${json_data}</arg>
<doc>Logs the given message with the given level.</doc>
<status status="PASS" start="2024-07-31T03:16:53.574013" elapsed="0.000208"/>
</kw>
<kw name="Should Be String" owner="String">
<arg>${json_data['results'][0]['gender']}</arg>
<doc>Fails if the given ``item`` is not a string.</doc>
<status status="PASS" start="2024-07-31T03:16:53.574514" elapsed="0.000364"/>
</kw>
<kw name="Should Match Regexp" owner="BuiltIn">
<arg>${json_data['results'][0]['email']}</arg>
<arg>^[a-zA-Z0-9._%+-]+@[a-zA-Z0-9.-]+\.[a-zA-Z]{2,}$</arg>
<doc>Fails if ``string`` does not match ``pattern`` as a regular expression.</doc>
<status status="PASS" start="2024-07-31T03:16:53.575067" elapsed="0.000550"/>
</kw>
<kw name="Should Match Regexp" owner="BuiltIn">
<arg>${json_data['results'][0]['dob']['date']}</arg>
<arg>\\d{4}-\\d{2}-\\d{2}T\\d{2}:\\d{2}:\\d{2}\\.\\d{3}Z</arg>
<doc>Fails if ``string`` does not match ``pattern`` as a regular expression.</doc>
<status status="PASS" start="2024-07-31T03:16:53.575833" elapsed="0.000611"/>
</kw>
<kw name="Should Match Regexp" owner="BuiltIn">
<arg>${json_data['results'][0]['registered']['date']}</arg>
<arg>\\d{4}-\\d{2}-\\d{2}T\\d{2}:\\d{2}:\\d{2}\\.\\d{3}Z</arg>
<doc>Fails if ``string`` does not match ``pattern`` as a regular expression.</doc>
<status status="PASS" start="2024-07-31T03:16:53.576637" elapsed="0.000374"/>
</kw>
<kw name="Should Match Regexp" owner="BuiltIn">
<arg>${json_data['results'][0]['picture']['large']}</arg>
<arg>^https?://.*\.(?:png|jpe?g|gif|bmp)$</arg>
<doc>Fails if ``string`` does not match ``pattern`` as a regular expression.</doc>
<status status="PASS" start="2024-07-31T03:16:53.577199" elapsed="0.000460"/>
</kw>
<kw name="Should Match Regexp" owner="BuiltIn">
<arg>${json_data['results'][0]['picture']['medium']}</arg>
<arg>^https?://.*\.(?:png|jpe?g|gif|bmp)$</arg>
<doc>Fails if ``string`` does not match ``pattern`` as a regular expression.</doc>
<status status="PASS" start="2024-07-31T03:16:53.577848" elapsed="0.000353"/>
</kw>
<kw name="Should Match Regexp" owner="BuiltIn">
<arg>${json_data['results'][0]['picture']['thumbnail']}</arg>
<arg>^https?://.*\.(?:png|jpe?g|gif|bmp)$</arg>
<doc>Fails if ``string`` does not match ``pattern`` as a regular expression.</doc>
<status status="PASS" start="2024-07-31T03:16:53.578384" elapsed="0.000345"/>
</kw>
<kw name="Log" owner="BuiltIn">
<msg time="2024-07-31T03:16:53.579228" level="INFO">{'large': 'https://randomuser.me/api/portraits/women/37.jpg', 'medium': 'https://randomuser.me/api/portraits/med/women/37.jpg', 'thumbnail': 'https://randomuser.me/api/portraits/thumb/women/37.jpg'}</msg>
<arg>${json_data['results'][0]['picture']}</arg>
<doc>Logs the given message with the given level.</doc>
<status status="PASS" start="2024-07-31T03:16:53.578909" elapsed="0.000359"/>
</kw>
<status status="PASS" start="2024-07-31T03:16:53.532887" elapsed="0.046633"/>
</kw>
<kw name="Teste de Tipos de Dados - Postcode" owner="random-user-service">
<kw name="GET On Session" owner="RequestsLibrary">
<msg time="2024-07-31T03:16:53.681000" level="INFO">GET Request : url=https://randomuser.me/api 
 path_url=/api 
 headers={'User-Agent': 'python-requests/2.32.3', 'Accept-Encoding': 'gzip, deflate', 'Accept': '*/*', 'Connection': 'keep-alive'} 
 body=None 
 </msg>
<msg time="2024-07-31T03:16:53.681065" level="INFO">GET Response : url=https://randomuser.me/api 
 status=200, reason=OK 
 headers={'Date': 'Wed, 31 Jul 2024 03:16:53 GMT', 'Content-Type': 'application/json; charset=utf-8', 'Transfer-Encoding': 'chunked', 'Connection': 'keep-alive', 'X-Powered-By': 'Express', 'Access-Control-Allow-Origin': '*', 'Cache-Control': 'no-cache', 'ETag': 'W/"4ab-8LgV8nRh9uS1lg7NH9kpJxZP7mM"', 'Vary': 'Accept-Encoding', 'Content-Encoding': 'gzip', 'CF-Cache-Status': 'DYNAMIC', 'Report-To': '{"endpoints":[{"url":"https:\\/\\/a.nel.cloudflare.com\\/report\\/v4?s=l8LMNp6ugYdlSWsWSet71CTZNXcDG683X%2FYaBwgaE5BtsnW9vPAe2llfGmx4u%2ByKahDQm1NZPIaHHxDZX1ogXXUvl7p5seKVCXcwjbWhd8DO2EC2WsUsC6GPfxUdn%2BeM"}],"group":"cf-nel","max_age":604800}', 'NEL': '{"success_fraction":0,"report_to":"cf-nel","max_age":604800}', 'Server': 'cloudflare', 'CF-RAY': '8aba6eaae87028ae-IAD', 'alt-svc': 'h3=":443"; ma=86400'} 
 body={"results":[{"gender":"female","name":{"title":"Miss","first":"Mélody","last":"David"},"location":{"street":{"number":2263,"name":"Rue de la Barre"},"city":"Mulhouse","state":"Indre-et-Loire","country":"France","postcode":85437,"coordinates":{"latitude":"-21.1334","longitude":"172.0190"},"timezone":{"offset":"-5:00","description":"Eastern Time (US &amp; Canada), Bogota, Lima"}},"email":"melody.david@example.com","login":{"uuid":"d2043a87-de5c-4f3b-96ac-f2340e28d7cc","username":"silverzebra247","password":"nipper","salt":"6vX9pTwz","md5":"35653c4957097105affddbd2650e88d5","sha1":"9cf695088a1770533996af998ed9a0e6ba84879e","sha256":"cca9bca9773a321bf9d4198a07c3130f1ae2644e5cfa0debd441452269f4c863"},"dob":{"date":"1956-03-27T17:47:57.855Z","age":68},"registered":{"date":"2008-01-05T18:57:04.320Z","age":16},"phone":"05-15-84-78-76","cell":"06-24-84-09-24","id":{"name":"INSEE","value":"2560250106177 47"},"picture":{"large":"https://randomuser.me/api/portraits/women/1.jpg","medium":"https://randomuser.me/api/portraits/med/women/1.jpg","thumbnail":"https://randomuser.me/api/portraits/thumb/women/1.jpg"},"nat":"FR"}],"info":{"seed":"28bb0faeefef24b3","results":1,"page":1,"version":"1.4"}} 
 </msg>
<msg time="2024-07-31T03:16:53.681130" level="INFO">/opt/hostedtoolcache/Python/3.12.4/x64/lib/python3.12/site-packages/urllib3/connectionpool.py:1099: InsecureRequestWarning: Unverified HTTPS request is being made to host 'randomuser.me'. Adding certificate verification is strongly advised. See: https://urllib3.readthedocs.io/en/latest/advanced-usage.html#tls-warnings
  warnings.warn(</msg>
<msg time="2024-07-31T03:16:53.681215" level="INFO">${response} = &lt;Response [200]&gt;</msg>
<var>${response}</var>
<arg>consultarAPI</arg>
<arg>/api</arg>
<doc>Sends a GET request on a previously created HTTP Session.</doc>
<status status="PASS" start="2024-07-31T03:16:53.579993" elapsed="0.101248"/>
</kw>
<kw name="Set Variable" owner="BuiltIn">
<msg time="2024-07-31T03:16:53.682110" level="INFO">${json_data} = {'results': [{'gender': 'female', 'name': {'title': 'Miss', 'first': 'Mélody', 'last': 'David'}, 'location': {'street': {'number': 2263, 'name': 'Rue de la Barre'}, 'city': 'Mulhouse', 'state': 'Indre...</msg>
<var>${json_data}</var>
<arg>${response.json()}</arg>
<doc>Returns the given values which can then be assigned to a variables.</doc>
<status status="PASS" start="2024-07-31T03:16:53.681633" elapsed="0.000506"/>
</kw>
<kw name="Log" owner="BuiltIn">
<msg time="2024-07-31T03:16:53.682602" level="INFO">{'results': [{'gender': 'female', 'name': {'title': 'Miss', 'first': 'Mélody', 'last': 'David'}, 'location': {'street': {'number': 2263, 'name': 'Rue de la Barre'}, 'city': 'Mulhouse', 'state': 'Indre-et-Loire', 'country': 'France', 'postcode': 85437, 'coordinates': {'latitude': '-21.1334', 'longitude': '172.0190'}, 'timezone': {'offset': '-5:00', 'description': 'Eastern Time (US &amp; Canada), Bogota, Lima'}}, 'email': 'melody.david@example.com', 'login': {'uuid': 'd2043a87-de5c-4f3b-96ac-f2340e28d7cc', 'username': 'silverzebra247', 'password': 'nipper', 'salt': '6vX9pTwz', 'md5': '35653c4957097105affddbd2650e88d5', 'sha1': '9cf695088a1770533996af998ed9a0e6ba84879e', 'sha256': 'cca9bca9773a321bf9d4198a07c3130f1ae2644e5cfa0debd441452269f4c863'}, 'dob': {'date': '1956-03-27T17:47:57.855Z', 'age': 68}, 'registered': {'date': '2008-01-05T18:57:04.320Z', 'age': 16}, 'phone': '05-15-84-78-76', 'cell': '06-24-84-09-24', 'id': {'name': 'INSEE', 'value': '2560250106177 47'}, 'picture': {'large': 'https://randomuser.me/api/portraits/women/1.jpg', 'medium': 'https://randomuser.me/api/portraits/med/women/1.jpg', 'thumbnail': 'https://randomuser.me/api/portraits/thumb/women/1.jpg'}, 'nat': 'FR'}], 'info': {'seed': '28bb0faeefef24b3', 'results': 1, 'page': 1, 'version': '1.4'}}</msg>
<arg>${json_data}</arg>
<doc>Logs the given message with the given level.</doc>
<status status="PASS" start="2024-07-31T03:16:53.682444" elapsed="0.000208"/>
</kw>
<kw name="Should Be Equal As Numbers" owner="BuiltIn">
<arg>${json_data['results'][0]['location']['postcode']}</arg>
<arg>${json_data['results'][0]['location']['postcode']}</arg>
<doc>Fails if objects are unequal after converting them to real numbers.</doc>
<status status="PASS" start="2024-07-31T03:16:53.682949" elapsed="0.000619"/>
</kw>
<kw name="Log" owner="BuiltIn">
<msg time="2024-07-31T03:16:53.684188" level="INFO">85437</msg>
<arg>${json_data['results'][0]['location']['postcode']}</arg>
<doc>Logs the given message with the given level.</doc>
<status status="PASS" start="2024-07-31T03:16:53.683763" elapsed="0.000467"/>
</kw>
<status status="PASS" start="2024-07-31T03:16:53.579724" elapsed="0.104762"/>
</kw>
<doc>Testa se os tipos de dados na resposta da API estão corretos.</doc>
<tag>testeTiposDados</tag>
<status status="PASS" start="2024-07-31T03:16:53.532447" elapsed="0.152197"/>
</test>
<test id="s1-s1-t5" name="Validar conteudo" line="35">
<kw name="Teste de Tipos de Conteudo" owner="random-user-service">
<kw name="GET On Session" owner="RequestsLibrary">
<msg time="2024-07-31T03:16:54.056277" level="INFO">GET Request : url=https://randomuser.me/api 
 path_url=/api 
 headers={'User-Agent': 'python-requests/2.32.3', 'Accept-Encoding': 'gzip, deflate', 'Accept': '*/*', 'Connection': 'keep-alive'} 
 body=None 
 </msg>
<msg time="2024-07-31T03:16:54.056395" level="INFO">GET Response : url=https://randomuser.me/api 
 status=200, reason=OK 
 headers={'Date': 'Wed, 31 Jul 2024 03:16:54 GMT', 'Content-Type': 'application/json; charset=utf-8', 'Transfer-Encoding': 'chunked', 'Connection': 'keep-alive', 'X-Powered-By': 'Express', 'Access-Control-Allow-Origin': '*', 'Cache-Control': 'no-cache', 'ETag': 'W/"498-hILAfvMbSY39YY66yfsi+qWJIa0"', 'Vary': 'Accept-Encoding', 'Content-Encoding': 'gzip', 'CF-Cache-Status': 'DYNAMIC', 'Report-To': '{"endpoints":[{"url":"https:\\/\\/a.nel.cloudflare.com\\/report\\/v4?s=6phERTOVSHO8dIpE%2Fx2kZ4Rb06BxPhgHo0ScVM0M%2F7FEcZOWFyE0%2B7zDy1pvY2o2DILUnALBAqp5RHvGIkpIM6mYKtfDln89dPFkA503x%2ByewH1PBZmkvZML47xhYJxe"}],"group":"cf-nel","max_age":604800}', 'NEL': '{"success_fraction":0,"report_to":"cf-nel","max_age":604800}', 'Server': 'cloudflare', 'CF-RAY': '8aba6eab891a28ae-IAD', 'alt-svc': 'h3=":443"; ma=86400'} 
 body={"results":[{"gender":"female","name":{"title":"Miss","first":"Martje","last":"Uyar"},"location":{"street":{"number":2907,"name":"Heijplaatstraat"},"city":"Bedum","state":"Zuid-Holland","country":"Netherlands","postcode":"9709 JR","coordinates":{"latitude":"32.1466","longitude":"178.8241"},"timezone":{"offset":"+8:00","description":"Beijing, Perth, Singapore, Hong Kong"}},"email":"martje.uyar@example.com","login":{"uuid":"ab1d4a1f-5755-4097-b741-610fee295795","username":"bigkoala187","password":"doit","salt":"CvvdMD8E","md5":"d780458c48cb42896e4a09cbc7a042d1","sha1":"8d756e99fed7ac563b2347f217ab63e2f76e0e23","sha256":"97cfa4eeca90fe846c8b0c8675dd15f4c15faaf78de1e54f00f08be90d20cbbe"},"dob":{"date":"1947-01-19T02:38:34.309Z","age":77},"registered":{"date":"2022-05-17T12:23:30.251Z","age":2},"phone":"(0639) 133084","cell":"(06) 44636210","id":{"name":"BSN","value":"21877452"},"picture":{"large":"https://randomuser.me/api/portraits/women/88.jpg","medium":"https://randomuser.me/api/portraits/med/women/88.jpg","thumbnail":"https://randomuser.me/api/portraits/thumb/women/88.jpg"},"nat":"NL"}],"info":{"seed":"8ff5bdd6e59c9cf6","results":1,"page":1,"version":"1.4"}} 
 </msg>
<msg time="2024-07-31T03:16:54.056487" level="INFO">/opt/hostedtoolcache/Python/3.12.4/x64/lib/python3.12/site-packages/urllib3/connectionpool.py:1099: InsecureRequestWarning: Unverified HTTPS request is being made to host 'randomuser.me'. Adding certificate verification is strongly advised. See: https://urllib3.readthedocs.io/en/latest/advanced-usage.html#tls-warnings
  warnings.warn(</msg>
<msg time="2024-07-31T03:16:54.056623" level="INFO">${response} = &lt;Response [200]&gt;</msg>
<var>${response}</var>
<arg>consultarAPI</arg>
<arg>/api</arg>
<doc>Sends a GET request on a previously created HTTP Session.</doc>
<status status="PASS" start="2024-07-31T03:16:53.687011" elapsed="0.369641"/>
</kw>
<kw name="Set Variable" owner="BuiltIn">
<msg time="2024-07-31T03:16:54.057753" level="INFO">${json_data} = {'results': [{'gender': 'female', 'name': {'title': 'Miss', 'first': 'Martje', 'last': 'Uyar'}, 'location': {'street': {'number': 2907, 'name': 'Heijplaatstraat'}, 'city': 'Bedum', 'state': 'Zuid-Holl...</msg>
<var>${json_data}</var>
<arg>${response.json()}</arg>
<doc>Returns the given values which can then be assigned to a variables.</doc>
<status status="PASS" start="2024-07-31T03:16:54.057209" elapsed="0.000574"/>
</kw>
<kw name="Set Variable" owner="BuiltIn">
<msg time="2024-07-31T03:16:54.058468" level="INFO">${name_title} = Miss</msg>
<var>${name_title}</var>
<arg>${json_data["results"][0]["name"]["title"]}</arg>
<doc>Returns the given values which can then be assigned to a variables.</doc>
<status status="PASS" start="2024-07-31T03:16:54.058086" elapsed="0.000407"/>
</kw>
<kw name="Create List" owner="BuiltIn">
<msg time="2024-07-31T03:16:54.058936" level="INFO">${allowed_titles} = ['Mr', 'Ms', 'Miss', 'Mrs', 'Madame', 'Monsieur']</msg>
<var>${allowed_titles}</var>
<arg>Mr</arg>
<arg>Ms</arg>
<arg>Miss</arg>
<arg>Mrs</arg>
<arg>Madame</arg>
<arg>Monsieur</arg>
<doc>Returns a list containing given items.</doc>
<status status="PASS" start="2024-07-31T03:16:54.058789" elapsed="0.000171"/>
</kw>
<kw name="List Should Contain Value" owner="Collections">
<arg>${allowed_titles}</arg>
<arg>${name_title}</arg>
<doc>Fails if the ``value`` is not found from ``list``.</doc>
<status status="PASS" start="2024-07-31T03:16:54.059259" elapsed="0.000180"/>
</kw>
<kw name="Set Variable" owner="BuiltIn">
<msg time="2024-07-31T03:16:54.060027" level="INFO">${name_country} = NL</msg>
<var>${name_country}</var>
<arg>${json_data["results"][0]["nat"]}</arg>
<doc>Returns the given values which can then be assigned to a variables.</doc>
<status status="PASS" start="2024-07-31T03:16:54.059619" elapsed="0.000434"/>
</kw>
<kw name="Create List" owner="BuiltIn">
<msg time="2024-07-31T03:16:54.060933" level="INFO">${list_country} = ['AD', 'AE', 'AF', 'AG', 'AI', 'AL', 'AM', 'AO', 'AQ', 'AR', 'AS', 'AT', 'AU', 'AW', 'AX', 'AZ', 'BA', 'BB', 'BD', 'BE', 'BF', 'BG', 'BH', 'BI', 'BJ', 'BL', 'BM', 'BN', 'BO', 'BQ', 'BR', 'BS', 'BT', '...</msg>
<var>${list_country}</var>
<arg>AD</arg>
<arg>AE</arg>
<arg>AF</arg>
<arg>AG</arg>
<arg>AI</arg>
<arg>AL</arg>
<arg>AM</arg>
<arg>AO</arg>
<arg>AQ</arg>
<arg>AR</arg>
<arg>AS</arg>
<arg>AT</arg>
<arg>AU</arg>
<arg>AW</arg>
<arg>AX</arg>
<arg>AZ</arg>
<arg>BA</arg>
<arg>BB</arg>
<arg>BD</arg>
<arg>BE</arg>
<arg>BF</arg>
<arg>BG</arg>
<arg>BH</arg>
<arg>BI</arg>
<arg>BJ</arg>
<arg>BL</arg>
<arg>BM</arg>
<arg>BN</arg>
<arg>BO</arg>
<arg>BQ</arg>
<arg>BR</arg>
<arg>BS</arg>
<arg>BT</arg>
<arg>BV</arg>
<arg>BW</arg>
<arg>BY</arg>
<arg>BZ</arg>
<arg>CA</arg>
<arg>CC</arg>
<arg>CD</arg>
<arg>CF</arg>
<arg>CG</arg>
<arg>CH</arg>
<arg>CI</arg>
<arg>CK</arg>
<arg>CL</arg>
<arg>CM</arg>
<arg>CN</arg>
<arg>CO</arg>
<arg>CR</arg>
<arg>CU</arg>
<arg>CV</arg>
<arg>CW</arg>
<arg>CX</arg>
<arg>CY</arg>
<arg>CZ</arg>
<arg>DE</arg>
<arg>DJ</arg>
<arg>DK</arg>
<arg>DM</arg>
<arg>DO</arg>
<arg>DZ</arg>
<arg>EC</arg>
<arg>EE</arg>
<arg>EG</arg>
<arg>EH</arg>
<arg>ER</arg>
<arg>ES</arg>
<arg>ET</arg>
<arg>FI</arg>
<arg>FJ</arg>
<arg>FK</arg>
<arg>FM</arg>
<arg>FO</arg>
<arg>FR</arg>
<arg>GA</arg>
<arg>GB</arg>
<arg>GD</arg>
<arg>GE</arg>
<arg>GF</arg>
<arg>GG</arg>
<arg>GH</arg>
<arg>GI</arg>
<arg>GL</arg>
<arg>GM</arg>
<arg>GN</arg>
<arg>GP</arg>
<arg>GQ</arg>
<arg>GR</arg>
<arg>GS</arg>
<arg>GT</arg>
<arg>GU</arg>
<arg>GW</arg>
<arg>GY</arg>
<arg>HK</arg>
<arg>HM</arg>
<arg>HN</arg>
<arg>HR</arg>
<arg>HT</arg>
<arg>HU</arg>
<arg>ID</arg>
<arg>IE</arg>
<arg>IL</arg>
<arg>IM</arg>
<arg>IN</arg>
<arg>IO</arg>
<arg>IQ</arg>
<arg>IR</arg>
<arg>IS</arg>
<arg>IT</arg>
<arg>JE</arg>
<arg>JM</arg>
<arg>JO</arg>
<arg>JP</arg>
<arg>KE</arg>
<arg>KG</arg>
<arg>KH</arg>
<arg>KI</arg>
<arg>KM</arg>
<arg>KN</arg>
<arg>KP</arg>
<arg>KR</arg>
<arg>KW</arg>
<arg>KY</arg>
<arg>KZ</arg>
<arg>LA</arg>
<arg>LB</arg>
<arg>LC</arg>
<arg>LI</arg>
<arg>LK</arg>
<arg>LR</arg>
<arg>LS</arg>
<arg>LT</arg>
<arg>LU</arg>
<arg>LV</arg>
<arg>LY</arg>
<arg>MA</arg>
<arg>MC</arg>
<arg>MD</arg>
<arg>ME</arg>
<arg>MF</arg>
<arg>MG</arg>
<arg>MH</arg>
<arg>MK</arg>
<arg>ML</arg>
<arg>MM</arg>
<arg>MN</arg>
<arg>MO</arg>
<arg>MP</arg>
<arg>MQ</arg>
<arg>MR</arg>
<arg>MS</arg>
<arg>MT</arg>
<arg>MU</arg>
<arg>MV</arg>
<arg>MW</arg>
<arg>MX</arg>
<arg>MY</arg>
<arg>MZ</arg>
<arg>NA</arg>
<arg>NC</arg>
<arg>NE</arg>
<arg>NF</arg>
<arg>NG</arg>
<arg>NI</arg>
<arg>NL</arg>
<arg>NO</arg>
<arg>NP</arg>
<arg>NR</arg>
<arg>NU</arg>
<arg>NZ</arg>
<arg>OM</arg>
<arg>PA</arg>
<arg>PE</arg>
<arg>PF</arg>
<arg>PG</arg>
<arg>PH</arg>
<arg>PK</arg>
<arg>PL</arg>
<arg>PM</arg>
<arg>PN</arg>
<arg>PR</arg>
<arg>PS</arg>
<arg>PT</arg>
<arg>PW</arg>
<arg>PY</arg>
<arg>QA</arg>
<arg>RE</arg>
<arg>RO</arg>
<arg>RS</arg>
<arg>RU</arg>
<arg>RW</arg>
<arg>SA</arg>
<arg>SB</arg>
<arg>SC</arg>
<arg>SD</arg>
<arg>SE</arg>
<arg>SG</arg>
<arg>SH</arg>
<arg>SI</arg>
<arg>SJ</arg>
<arg>SK</arg>
<arg>SL</arg>
<arg>SM</arg>
<arg>SN</arg>
<arg>SO</arg>
<arg>SR</arg>
<arg>SS</arg>
<arg>ST</arg>
<arg>SV</arg>
<arg>SX</arg>
<arg>SY</arg>
<arg>SZ</arg>
<arg>TC</arg>
<arg>TD</arg>
<arg>TF</arg>
<arg>TG</arg>
<arg>TH</arg>
<arg>TJ</arg>
<arg>TK</arg>
<arg>TL</arg>
<arg>TM</arg>
<arg>TN</arg>
<arg>TO</arg>
<arg>TR</arg>
<arg>TT</arg>
<arg>TV</arg>
<arg>TW</arg>
<arg>TZ</arg>
<arg>UA</arg>
<arg>UG</arg>
<arg>UM</arg>
<arg>US</arg>
<arg>UY</arg>
<arg>UZ</arg>
<arg>VA</arg>
<arg>VC</arg>
<arg>VE</arg>
<arg>VG</arg>
<arg>VI</arg>
<arg>VN</arg>
<arg>VU</arg>
<arg>WF</arg>
<arg>WS</arg>
<arg>XK</arg>
<arg>YE</arg>
<arg>YT</arg>
<arg>ZA</arg>
<arg>ZM</arg>
<arg>ZW</arg>
<doc>Returns a list containing given items.</doc>
<status status="PASS" start="2024-07-31T03:16:54.060340" elapsed="0.000618"/>
</kw>
<kw name="List Should Contain Value" owner="Collections">
<arg>${list_country}</arg>
<arg>${name_country}</arg>
<doc>Fails if the ``value`` is not found from ``list``.</doc>
<status status="PASS" start="2024-07-31T03:16:54.061939" elapsed="0.000208"/>
</kw>
<kw name="Run Keyword If" owner="BuiltIn">
<kw name="Should Be True" owner="BuiltIn">
<arg>${True}</arg>
<doc>Fails if the given condition is not true.</doc>
<status status="PASS" start="2024-07-31T03:16:54.063101" elapsed="0.000142"/>
</kw>
<arg>${json_data["results"][0]["location"]["coordinates"]["latitude"]} &gt;= -90 and ${json_data["results"][0]["location"]["coordinates"]["latitude"]} &lt;= 90</arg>
<arg>Should Be True</arg>
<arg>${True}</arg>
<doc>Runs the given keyword with the given arguments, if ``condition`` is true.</doc>
<status status="PASS" start="2024-07-31T03:16:54.062356" elapsed="0.001012"/>
</kw>
<kw name="Run Keyword If" owner="BuiltIn">
<kw name="Should Be True" owner="BuiltIn">
<arg>${True}</arg>
<doc>Fails if the given condition is not true.</doc>
<status status="PASS" start="2024-07-31T03:16:54.064269" elapsed="0.000169"/>
</kw>
<arg>${json_data["results"][0]["location"]["coordinates"]["longitude"]} &gt;= -180 and ${json_data["results"][0]["location"]["coordinates"]["longitude"]} &lt;= 180</arg>
<arg>Should Be True</arg>
<arg>${True}</arg>
<doc>Runs the given keyword with the given arguments, if ``condition`` is true.</doc>
<status status="PASS" start="2024-07-31T03:16:54.063548" elapsed="0.001026"/>
</kw>
<status status="PASS" start="2024-07-31T03:16:53.686787" elapsed="0.377918"/>
</kw>
<doc>Testa o conteúdo específico dos campos retornados pela API.</doc>
<tag>testeConteudo</tag>
<status status="PASS" start="2024-07-31T03:16:53.686364" elapsed="0.378492"/>
</test>
<status status="PASS" start="2024-07-31T03:16:52.927211" elapsed="1.139631"/>
</suite>
<status status="PASS" start="2024-07-31T03:16:52.912903" elapsed="1.159114"/>
</suite>
<statistics>
<total>
<stat pass="5" fail="0" skip="0">All Tests</stat>
</total>
<tag>
<stat pass="1" fail="0" skip="0">testeConteudo</stat>
<stat pass="1" fail="0" skip="0">testeEstruturaResposta</stat>
<stat pass="1" fail="0" skip="0">testeRequisicaoBasica</stat>
<stat pass="1" fail="0" skip="0">testeTiposDados</stat>
</tag>
<suite>
<stat pass="5" fail="0" skip="0" id="s1" name="Tests">Tests</stat>
<stat pass="5" fail="0" skip="0" id="s1-s1" name="Random-User-Test">Tests.Random-User-Test</stat>
</suite>
</statistics>
<errors>
</errors>
</robot>
