<?xml version="1.0" encoding="UTF-8"?>
<robot generator="Robot 7.0.1 (Python 3.12.4 on linux)" generated="2024-06-27T08:18:55.856574" rpa="false" schemaversion="5">
<suite id="s1" name="Tests" source="/home/runner/work/ApiRandomUser/ApiRandomUser/RamdonUser/tests">
<suite id="s1-s1" name="Random-User-Test" source="/home/runner/work/ApiRandomUser/ApiRandomUser/RamdonUser/tests/random-user-test.robot">
<test id="s1-s1-t1" name="Conectar" line="13">
<kw name="Conectar API" owner="random-user-service">
<kw name="Create Session" owner="RequestsLibrary">
<msg time="2024-06-27T08:18:56.291649" level="INFO">Creating Session using : alias=consultarAPI, url=https://randomuser.me/, headers={},                     cookies={}, auth=None, timeout=None, proxies=None, verify=False,                     debug=0 </msg>
<arg>consultarAPI</arg>
<arg>${URL}</arg>
<doc>Create Session: create a HTTP session to a server</doc>
<status status="PASS" start="2024-06-27T08:18:56.291443" elapsed="0.000376"/>
</kw>
<status status="PASS" start="2024-06-27T08:18:56.290439" elapsed="0.001728"/>
</kw>
<status status="PASS" start="2024-06-27T08:18:56.289775" elapsed="0.002581"/>
</test>
<test id="s1-s1-t2" name="Validar retorno 200 e JSON Válido" line="16">
<kw name="Teste de Requisicao Basica" owner="random-user-service">
<kw name="GET On Session" owner="RequestsLibrary">
<msg time="2024-06-27T08:18:56.549576" level="INFO">GET Request : url=https://randomuser.me/api 
 path_url=/api 
 headers={'User-Agent': 'python-requests/2.32.3', 'Accept-Encoding': 'gzip, deflate', 'Accept': '*/*', 'Connection': 'keep-alive'} 
 body=None 
 </msg>
<msg time="2024-06-27T08:18:56.549713" level="INFO">GET Response : url=https://randomuser.me/api 
 status=200, reason=OK 
 headers={'Date': 'Thu, 27 Jun 2024 08:18:56 GMT', 'Content-Type': 'application/json; charset=utf-8', 'Transfer-Encoding': 'chunked', 'Connection': 'keep-alive', 'X-Powered-By': 'Express', 'Access-Control-Allow-Origin': '*', 'Cache-Control': 'no-cache', 'ETag': 'W/"498-FjYGFVjf1bzowe2t/4dEl1mURjs"', 'Vary': 'Accept-Encoding', 'Content-Encoding': 'gzip', 'CF-Cache-Status': 'DYNAMIC', 'Report-To': '{"endpoints":[{"url":"https:\\/\\/a.nel.cloudflare.com\\/report\\/v4?s=wgW7MxTodcjT%2FKb6rLJCmUYnSUHdWBAqULkowlSkR5jnIwUCc97uFjOd04RtOFjd0wbkPepNDYsHXLVaAkz73xWB3lLTRzQvK21Tt6JPgaEfZAMeRr6YsQQ3k5WZ%2FcAa"}],"group":"cf-nel","max_age":604800}', 'NEL': '{"success_fraction":0,"report_to":"cf-nel","max_age":604800}', 'Server': 'cloudflare', 'CF-RAY': '89a4025eeb971758-SJC', 'alt-svc': 'h3=":443"; ma=86400'} 
 body={"results":[{"gender":"male","name":{"title":"Mr","first":"René","last":"Geßner"},"location":{"street":{"number":662,"name":"Fliederweg"},"city":"Wolkenstein","state":"Rheinland-Pfalz","country":"Germany","postcode":89382,"coordinates":{"latitude":"-51.0396","longitude":"-140.2056"},"timezone":{"offset":"+1:00","description":"Brussels, Copenhagen, Madrid, Paris"}},"email":"rene.gessner@example.com","login":{"uuid":"c3715fae-0905-4053-b3ef-c0b77db299e0","username":"whitewolf797","password":"charlene","salt":"bJcuawmQ","md5":"3984bd28fc652be0b17381d1370d2160","sha1":"9a3da2d7884237cc29e8d60f0b7b7ac67e294cd3","sha256":"f6860bf6c135bafd7f0fbb308f8d9174a5159efd35edd7fd75c2d1eaec2723ea"},"dob":{"date":"1944-10-24T06:00:54.087Z","age":79},"registered":{"date":"2016-11-11T16:56:17.143Z","age":7},"phone":"0486-1558021","cell":"0170-5209395","id":{"name":"SVNR","value":"10 241044 G 475"},"picture":{"large":"https://randomuser.me/api/portraits/men/44.jpg","medium":"https://randomuser.me/api/portraits/med/men/44.jpg","thumbnail":"https://randomuser.me/api/portraits/thumb/men/44.jpg"},"nat":"DE"}],"info":{"seed":"de217f1e790060b8","results":1,"page":1,"version":"1.4"}} 
 </msg>
<msg time="2024-06-27T08:18:56.549798" level="INFO">/opt/hostedtoolcache/Python/3.12.4/x64/lib/python3.12/site-packages/urllib3/connectionpool.py:1099: InsecureRequestWarning: Unverified HTTPS request is being made to host 'randomuser.me'. Adding certificate verification is strongly advised. See: https://urllib3.readthedocs.io/en/latest/advanced-usage.html#tls-warnings
  warnings.warn(</msg>
<msg time="2024-06-27T08:18:56.549934" level="INFO">${response} = &lt;Response [200]&gt;</msg>
<var>${response}</var>
<arg>consultarAPI</arg>
<arg>/api</arg>
<doc>Sends a GET request on a previously created HTTP Session.</doc>
<status status="PASS" start="2024-06-27T08:18:56.294996" elapsed="0.254980"/>
</kw>
<kw name="Should Be Equal As Numbers" owner="BuiltIn">
<msg time="2024-06-27T08:18:56.551066" level="INFO">Argument types are:
&lt;class 'int'&gt;
&lt;class 'str'&gt;</msg>
<arg>${response.status_code}</arg>
<arg>200</arg>
<doc>Fails if objects are unequal after converting them to real numbers.</doc>
<status status="PASS" start="2024-06-27T08:18:56.550586" elapsed="0.000544"/>
</kw>
<kw name="Log" owner="BuiltIn">
<msg time="2024-06-27T08:18:56.551804" level="INFO">200</msg>
<arg>${response.status_code}</arg>
<doc>Logs the given message with the given level.</doc>
<status status="PASS" start="2024-06-27T08:18:56.551448" elapsed="0.000408"/>
</kw>
<kw name="Set Variable" owner="BuiltIn">
<msg time="2024-06-27T08:18:56.552635" level="INFO">${json_data} = {'results': [{'gender': 'male', 'name': {'title': 'Mr', 'first': 'René', 'last': 'Geßner'}, 'location': {'street': {'number': 662, 'name': 'Fliederweg'}, 'city': 'Wolkenstein', 'state': 'Rheinland-Pfa...</msg>
<var>${json_data}</var>
<arg>${response.json()}</arg>
<doc>Returns the given values which can then be assigned to a variables.</doc>
<status status="PASS" start="2024-06-27T08:18:56.552187" elapsed="0.000479"/>
</kw>
<kw name="Dictionary Should Contain Key" owner="Collections">
<arg>${json_data}</arg>
<arg>results</arg>
<doc>Fails if ``key`` is not found from ``dictionary``.</doc>
<status status="PASS" start="2024-06-27T08:18:56.552987" elapsed="0.000188"/>
</kw>
<status status="PASS" start="2024-06-27T08:18:56.294754" elapsed="0.258574"/>
</kw>
<doc>Testa se a API responde corretamente e retorna um objeto JSON válido.</doc>
<tag>testeRequisicaoBasica</tag>
<status status="PASS" start="2024-06-27T08:18:56.294300" elapsed="0.259199"/>
</test>
<test id="s1-s1-t3" name="Validar estrutura de resposta" line="22">
<kw name="Teste de Estrutura de Resposta" owner="random-user-service">
<kw name="GET On Session" owner="RequestsLibrary">
<msg time="2024-06-27T08:18:56.654295" level="INFO">GET Request : url=https://randomuser.me/api 
 path_url=/api 
 headers={'User-Agent': 'python-requests/2.32.3', 'Accept-Encoding': 'gzip, deflate', 'Accept': '*/*', 'Connection': 'keep-alive'} 
 body=None 
 </msg>
<msg time="2024-06-27T08:18:56.654403" level="INFO">GET Response : url=https://randomuser.me/api 
 status=200, reason=OK 
 headers={'Date': 'Thu, 27 Jun 2024 08:18:56 GMT', 'Content-Type': 'application/json; charset=utf-8', 'Transfer-Encoding': 'chunked', 'Connection': 'keep-alive', 'X-Powered-By': 'Express', 'Access-Control-Allow-Origin': '*', 'Cache-Control': 'no-cache', 'ETag': 'W/"481-OeNu5vhSYxVWdt2z3vaiiwaLzTE"', 'Vary': 'Accept-Encoding', 'Content-Encoding': 'gzip', 'CF-Cache-Status': 'DYNAMIC', 'Report-To': '{"endpoints":[{"url":"https:\\/\\/a.nel.cloudflare.com\\/report\\/v4?s=sU3XfJmu8gRgieZwPBy9uzPTzPnsE6ygBS0Uu%2BlWSjlKPk9UyXwPnezBBlwYC42ys6aUFn4Gausaq8Oh0VaELAfkMBwCxvie%2BacNgKuDSOtcNV4VXqj2iFFd71PVunEG"}],"group":"cf-nel","max_age":604800}', 'NEL': '{"success_fraction":0,"report_to":"cf-nel","max_age":604800}', 'Server': 'cloudflare', 'CF-RAY': '89a4025f7bf41758-SJC', 'alt-svc': 'h3=":443"; ma=86400'} 
 body={"results":[{"gender":"female","name":{"title":"Ms","first":"Saanvi","last":"Almeida"},"location":{"street":{"number":7419,"name":"Ashoka Rd"},"city":"Karimnagar","state":"Gujarat","country":"India","postcode":59202,"coordinates":{"latitude":"11.8308","longitude":"101.0016"},"timezone":{"offset":"-12:00","description":"Eniwetok, Kwajalein"}},"email":"saanvi.almeida@example.com","login":{"uuid":"a0d0b075-8e28-4440-af2e-a9731a7e1840","username":"whitemouse650","password":"benito","salt":"5kIspc30","md5":"4f8d68dacd2bbb5b1ac2d83308dec2f6","sha1":"f889318c2115cb320a55cce37d9bcbb4277aaccf","sha256":"a45ad9a512ff361f363f140cc8b63b04b771808c842448dc266197c91e9904b4"},"dob":{"date":"1971-03-05T11:37:33.322Z","age":53},"registered":{"date":"2006-04-09T18:30:10.302Z","age":18},"phone":"8481520004","cell":"7515965345","id":{"name":"UIDAI","value":"602188634755"},"picture":{"large":"https://randomuser.me/api/portraits/women/10.jpg","medium":"https://randomuser.me/api/portraits/med/women/10.jpg","thumbnail":"https://randomuser.me/api/portraits/thumb/women/10.jpg"},"nat":"IN"}],"info":{"seed":"a00f6f163542a53e","results":1,"page":1,"version":"1.4"}} 
 </msg>
<msg time="2024-06-27T08:18:56.654545" level="INFO">/opt/hostedtoolcache/Python/3.12.4/x64/lib/python3.12/site-packages/urllib3/connectionpool.py:1099: InsecureRequestWarning: Unverified HTTPS request is being made to host 'randomuser.me'. Adding certificate verification is strongly advised. See: https://urllib3.readthedocs.io/en/latest/advanced-usage.html#tls-warnings
  warnings.warn(</msg>
<msg time="2024-06-27T08:18:56.654686" level="INFO">${response} = &lt;Response [200]&gt;</msg>
<var>${response}</var>
<arg>consultarAPI</arg>
<arg>/api</arg>
<doc>Sends a GET request on a previously created HTTP Session.</doc>
<status status="PASS" start="2024-06-27T08:18:56.556068" elapsed="0.098658"/>
</kw>
<kw name="Set Variable" owner="BuiltIn">
<msg time="2024-06-27T08:18:56.655852" level="INFO">${json_data} = {'results': [{'gender': 'female', 'name': {'title': 'Ms', 'first': 'Saanvi', 'last': 'Almeida'}, 'location': {'street': {'number': 7419, 'name': 'Ashoka Rd'}, 'city': 'Karimnagar', 'state': 'Gujarat',...</msg>
<var>${json_data}</var>
<arg>${response.json()}</arg>
<doc>Returns the given values which can then be assigned to a variables.</doc>
<status status="PASS" start="2024-06-27T08:18:56.655281" elapsed="0.000601"/>
</kw>
<kw name="Log" owner="BuiltIn">
<msg time="2024-06-27T08:18:56.656390" level="INFO">{'results': [{'gender': 'female', 'name': {'title': 'Ms', 'first': 'Saanvi', 'last': 'Almeida'}, 'location': {'street': {'number': 7419, 'name': 'Ashoka Rd'}, 'city': 'Karimnagar', 'state': 'Gujarat', 'country': 'India', 'postcode': 59202, 'coordinates': {'latitude': '11.8308', 'longitude': '101.0016'}, 'timezone': {'offset': '-12:00', 'description': 'Eniwetok, Kwajalein'}}, 'email': 'saanvi.almeida@example.com', 'login': {'uuid': 'a0d0b075-8e28-4440-af2e-a9731a7e1840', 'username': 'whitemouse650', 'password': 'benito', 'salt': '5kIspc30', 'md5': '4f8d68dacd2bbb5b1ac2d83308dec2f6', 'sha1': 'f889318c2115cb320a55cce37d9bcbb4277aaccf', 'sha256': 'a45ad9a512ff361f363f140cc8b63b04b771808c842448dc266197c91e9904b4'}, 'dob': {'date': '1971-03-05T11:37:33.322Z', 'age': 53}, 'registered': {'date': '2006-04-09T18:30:10.302Z', 'age': 18}, 'phone': '8481520004', 'cell': '7515965345', 'id': {'name': 'UIDAI', 'value': '602188634755'}, 'picture': {'large': 'https://randomuser.me/api/portraits/women/10.jpg', 'medium': 'https://randomuser.me/api/portraits/med/women/10.jpg', 'thumbnail': 'https://randomuser.me/api/portraits/thumb/women/10.jpg'}, 'nat': 'IN'}], 'info': {'seed': 'a00f6f163542a53e', 'results': 1, 'page': 1, 'version': '1.4'}}</msg>
<arg>${json_data}</arg>
<doc>Logs the given message with the given level.</doc>
<status status="PASS" start="2024-06-27T08:18:56.656219" elapsed="0.000220"/>
</kw>
<kw name="Dictionary Should Contain Key" owner="Collections">
<arg>${json_data}</arg>
<arg>results</arg>
<doc>Fails if ``key`` is not found from ``dictionary``.</doc>
<status status="PASS" start="2024-06-27T08:18:56.656737" elapsed="0.000165"/>
</kw>
<kw name="Should Not Be Empty" owner="BuiltIn">
<msg time="2024-06-27T08:18:56.657284" level="INFO">Length is 2.</msg>
<arg>${json_data}</arg>
<doc>Verifies that the given item is not empty.</doc>
<status status="PASS" start="2024-06-27T08:18:56.657144" elapsed="0.000180"/>
</kw>
<kw name="Create List" owner="BuiltIn">
<msg time="2024-06-27T08:18:56.657934" level="INFO">${expected_keys} = ['gender', 'name', 'location', 'email', 'login']</msg>
<var>${expected_keys}</var>
<arg>gender</arg>
<arg>name</arg>
<arg>location</arg>
<arg>email</arg>
<arg>login</arg>
<doc>Returns a list containing given items.</doc>
<status status="PASS" start="2024-06-27T08:18:56.657623" elapsed="0.000337"/>
</kw>
<for flavor="IN">
<iter>
<kw name="Dictionary Should Contain Key" owner="Collections">
<arg>${json_data['results'][0]}</arg>
<arg>${key}</arg>
<doc>Fails if ``key`` is not found from ``dictionary``.</doc>
<status status="PASS" start="2024-06-27T08:18:56.658545" elapsed="0.000417"/>
</kw>
<kw name="Log" owner="BuiltIn">
<msg time="2024-06-27T08:18:56.659527" level="INFO">{'gender': 'female', 'name': {'title': 'Ms', 'first': 'Saanvi', 'last': 'Almeida'}, 'location': {'street': {'number': 7419, 'name': 'Ashoka Rd'}, 'city': 'Karimnagar', 'state': 'Gujarat', 'country': 'India', 'postcode': 59202, 'coordinates': {'latitude': '11.8308', 'longitude': '101.0016'}, 'timezone': {'offset': '-12:00', 'description': 'Eniwetok, Kwajalein'}}, 'email': 'saanvi.almeida@example.com', 'login': {'uuid': 'a0d0b075-8e28-4440-af2e-a9731a7e1840', 'username': 'whitemouse650', 'password': 'benito', 'salt': '5kIspc30', 'md5': '4f8d68dacd2bbb5b1ac2d83308dec2f6', 'sha1': 'f889318c2115cb320a55cce37d9bcbb4277aaccf', 'sha256': 'a45ad9a512ff361f363f140cc8b63b04b771808c842448dc266197c91e9904b4'}, 'dob': {'date': '1971-03-05T11:37:33.322Z', 'age': 53}, 'registered': {'date': '2006-04-09T18:30:10.302Z', 'age': 18}, 'phone': '8481520004', 'cell': '7515965345', 'id': {'name': 'UIDAI', 'value': '602188634755'}, 'picture': {'large': 'https://randomuser.me/api/portraits/women/10.jpg', 'medium': 'https://randomuser.me/api/portraits/med/women/10.jpg', 'thumbnail': 'https://randomuser.me/api/portraits/thumb/women/10.jpg'}, 'nat': 'IN'}</msg>
<arg>${json_data['results'][0]}</arg>
<doc>Logs the given message with the given level.</doc>
<status status="PASS" start="2024-06-27T08:18:56.659149" elapsed="0.000436"/>
</kw>
<kw name="Log" owner="BuiltIn">
<msg time="2024-06-27T08:18:56.660020" level="INFO">gender</msg>
<arg>${key}</arg>
<doc>Logs the given message with the given level.</doc>
<status status="PASS" start="2024-06-27T08:18:56.659889" elapsed="0.000169"/>
</kw>
<var name="${key}">gender</var>
<status status="PASS" start="2024-06-27T08:18:56.658420" elapsed="0.001855"/>
</iter>
<iter>
<kw name="Dictionary Should Contain Key" owner="Collections">
<arg>${json_data['results'][0]}</arg>
<arg>${key}</arg>
<doc>Fails if ``key`` is not found from ``dictionary``.</doc>
<status status="PASS" start="2024-06-27T08:18:56.660574" elapsed="0.000410"/>
</kw>
<kw name="Log" owner="BuiltIn">
<msg time="2024-06-27T08:18:56.661536" level="INFO">{'gender': 'female', 'name': {'title': 'Ms', 'first': 'Saanvi', 'last': 'Almeida'}, 'location': {'street': {'number': 7419, 'name': 'Ashoka Rd'}, 'city': 'Karimnagar', 'state': 'Gujarat', 'country': 'India', 'postcode': 59202, 'coordinates': {'latitude': '11.8308', 'longitude': '101.0016'}, 'timezone': {'offset': '-12:00', 'description': 'Eniwetok, Kwajalein'}}, 'email': 'saanvi.almeida@example.com', 'login': {'uuid': 'a0d0b075-8e28-4440-af2e-a9731a7e1840', 'username': 'whitemouse650', 'password': 'benito', 'salt': '5kIspc30', 'md5': '4f8d68dacd2bbb5b1ac2d83308dec2f6', 'sha1': 'f889318c2115cb320a55cce37d9bcbb4277aaccf', 'sha256': 'a45ad9a512ff361f363f140cc8b63b04b771808c842448dc266197c91e9904b4'}, 'dob': {'date': '1971-03-05T11:37:33.322Z', 'age': 53}, 'registered': {'date': '2006-04-09T18:30:10.302Z', 'age': 18}, 'phone': '8481520004', 'cell': '7515965345', 'id': {'name': 'UIDAI', 'value': '602188634755'}, 'picture': {'large': 'https://randomuser.me/api/portraits/women/10.jpg', 'medium': 'https://randomuser.me/api/portraits/med/women/10.jpg', 'thumbnail': 'https://randomuser.me/api/portraits/thumb/women/10.jpg'}, 'nat': 'IN'}</msg>
<arg>${json_data['results'][0]}</arg>
<doc>Logs the given message with the given level.</doc>
<status status="PASS" start="2024-06-27T08:18:56.661171" elapsed="0.000443"/>
</kw>
<kw name="Log" owner="BuiltIn">
<msg time="2024-06-27T08:18:56.662038" level="INFO">name</msg>
<arg>${key}</arg>
<doc>Logs the given message with the given level.</doc>
<status status="PASS" start="2024-06-27T08:18:56.661909" elapsed="0.000166"/>
</kw>
<var name="${key}">name</var>
<status status="PASS" start="2024-06-27T08:18:56.660461" elapsed="0.001828"/>
</iter>
<iter>
<kw name="Dictionary Should Contain Key" owner="Collections">
<arg>${json_data['results'][0]}</arg>
<arg>${key}</arg>
<doc>Fails if ``key`` is not found from ``dictionary``.</doc>
<status status="PASS" start="2024-06-27T08:18:56.662571" elapsed="0.000385"/>
</kw>
<kw name="Log" owner="BuiltIn">
<msg time="2024-06-27T08:18:56.663483" level="INFO">{'gender': 'female', 'name': {'title': 'Ms', 'first': 'Saanvi', 'last': 'Almeida'}, 'location': {'street': {'number': 7419, 'name': 'Ashoka Rd'}, 'city': 'Karimnagar', 'state': 'Gujarat', 'country': 'India', 'postcode': 59202, 'coordinates': {'latitude': '11.8308', 'longitude': '101.0016'}, 'timezone': {'offset': '-12:00', 'description': 'Eniwetok, Kwajalein'}}, 'email': 'saanvi.almeida@example.com', 'login': {'uuid': 'a0d0b075-8e28-4440-af2e-a9731a7e1840', 'username': 'whitemouse650', 'password': 'benito', 'salt': '5kIspc30', 'md5': '4f8d68dacd2bbb5b1ac2d83308dec2f6', 'sha1': 'f889318c2115cb320a55cce37d9bcbb4277aaccf', 'sha256': 'a45ad9a512ff361f363f140cc8b63b04b771808c842448dc266197c91e9904b4'}, 'dob': {'date': '1971-03-05T11:37:33.322Z', 'age': 53}, 'registered': {'date': '2006-04-09T18:30:10.302Z', 'age': 18}, 'phone': '8481520004', 'cell': '7515965345', 'id': {'name': 'UIDAI', 'value': '602188634755'}, 'picture': {'large': 'https://randomuser.me/api/portraits/women/10.jpg', 'medium': 'https://randomuser.me/api/portraits/med/women/10.jpg', 'thumbnail': 'https://randomuser.me/api/portraits/thumb/women/10.jpg'}, 'nat': 'IN'}</msg>
<arg>${json_data['results'][0]}</arg>
<doc>Logs the given message with the given level.</doc>
<status status="PASS" start="2024-06-27T08:18:56.663136" elapsed="0.000393"/>
</kw>
<kw name="Log" owner="BuiltIn">
<msg time="2024-06-27T08:18:56.663952" level="INFO">location</msg>
<arg>${key}</arg>
<doc>Logs the given message with the given level.</doc>
<status status="PASS" start="2024-06-27T08:18:56.663825" elapsed="0.000164"/>
</kw>
<var name="${key}">location</var>
<status status="PASS" start="2024-06-27T08:18:56.662464" elapsed="0.001740"/>
</iter>
<iter>
<kw name="Dictionary Should Contain Key" owner="Collections">
<arg>${json_data['results'][0]}</arg>
<arg>${key}</arg>
<doc>Fails if ``key`` is not found from ``dictionary``.</doc>
<status status="PASS" start="2024-06-27T08:18:56.664476" elapsed="0.000405"/>
</kw>
<kw name="Log" owner="BuiltIn">
<msg time="2024-06-27T08:18:56.665520" level="INFO">{'gender': 'female', 'name': {'title': 'Ms', 'first': 'Saanvi', 'last': 'Almeida'}, 'location': {'street': {'number': 7419, 'name': 'Ashoka Rd'}, 'city': 'Karimnagar', 'state': 'Gujarat', 'country': 'India', 'postcode': 59202, 'coordinates': {'latitude': '11.8308', 'longitude': '101.0016'}, 'timezone': {'offset': '-12:00', 'description': 'Eniwetok, Kwajalein'}}, 'email': 'saanvi.almeida@example.com', 'login': {'uuid': 'a0d0b075-8e28-4440-af2e-a9731a7e1840', 'username': 'whitemouse650', 'password': 'benito', 'salt': '5kIspc30', 'md5': '4f8d68dacd2bbb5b1ac2d83308dec2f6', 'sha1': 'f889318c2115cb320a55cce37d9bcbb4277aaccf', 'sha256': 'a45ad9a512ff361f363f140cc8b63b04b771808c842448dc266197c91e9904b4'}, 'dob': {'date': '1971-03-05T11:37:33.322Z', 'age': 53}, 'registered': {'date': '2006-04-09T18:30:10.302Z', 'age': 18}, 'phone': '8481520004', 'cell': '7515965345', 'id': {'name': 'UIDAI', 'value': '602188634755'}, 'picture': {'large': 'https://randomuser.me/api/portraits/women/10.jpg', 'medium': 'https://randomuser.me/api/portraits/med/women/10.jpg', 'thumbnail': 'https://randomuser.me/api/portraits/thumb/women/10.jpg'}, 'nat': 'IN'}</msg>
<arg>${json_data['results'][0]}</arg>
<doc>Logs the given message with the given level.</doc>
<status status="PASS" start="2024-06-27T08:18:56.665158" elapsed="0.000418"/>
</kw>
<kw name="Log" owner="BuiltIn">
<msg time="2024-06-27T08:18:56.665995" level="INFO">email</msg>
<arg>${key}</arg>
<doc>Logs the given message with the given level.</doc>
<status status="PASS" start="2024-06-27T08:18:56.665869" elapsed="0.000164"/>
</kw>
<var name="${key}">email</var>
<status status="PASS" start="2024-06-27T08:18:56.664371" elapsed="0.001884"/>
</iter>
<iter>
<kw name="Dictionary Should Contain Key" owner="Collections">
<arg>${json_data['results'][0]}</arg>
<arg>${key}</arg>
<doc>Fails if ``key`` is not found from ``dictionary``.</doc>
<status status="PASS" start="2024-06-27T08:18:56.666537" elapsed="0.000388"/>
</kw>
<kw name="Log" owner="BuiltIn">
<msg time="2024-06-27T08:18:56.667463" level="INFO">{'gender': 'female', 'name': {'title': 'Ms', 'first': 'Saanvi', 'last': 'Almeida'}, 'location': {'street': {'number': 7419, 'name': 'Ashoka Rd'}, 'city': 'Karimnagar', 'state': 'Gujarat', 'country': 'India', 'postcode': 59202, 'coordinates': {'latitude': '11.8308', 'longitude': '101.0016'}, 'timezone': {'offset': '-12:00', 'description': 'Eniwetok, Kwajalein'}}, 'email': 'saanvi.almeida@example.com', 'login': {'uuid': 'a0d0b075-8e28-4440-af2e-a9731a7e1840', 'username': 'whitemouse650', 'password': 'benito', 'salt': '5kIspc30', 'md5': '4f8d68dacd2bbb5b1ac2d83308dec2f6', 'sha1': 'f889318c2115cb320a55cce37d9bcbb4277aaccf', 'sha256': 'a45ad9a512ff361f363f140cc8b63b04b771808c842448dc266197c91e9904b4'}, 'dob': {'date': '1971-03-05T11:37:33.322Z', 'age': 53}, 'registered': {'date': '2006-04-09T18:30:10.302Z', 'age': 18}, 'phone': '8481520004', 'cell': '7515965345', 'id': {'name': 'UIDAI', 'value': '602188634755'}, 'picture': {'large': 'https://randomuser.me/api/portraits/women/10.jpg', 'medium': 'https://randomuser.me/api/portraits/med/women/10.jpg', 'thumbnail': 'https://randomuser.me/api/portraits/thumb/women/10.jpg'}, 'nat': 'IN'}</msg>
<arg>${json_data['results'][0]}</arg>
<doc>Logs the given message with the given level.</doc>
<status status="PASS" start="2024-06-27T08:18:56.667106" elapsed="0.000404"/>
</kw>
<kw name="Log" owner="BuiltIn">
<msg time="2024-06-27T08:18:56.667929" level="INFO">login</msg>
<arg>${key}</arg>
<doc>Logs the given message with the given level.</doc>
<status status="PASS" start="2024-06-27T08:18:56.667802" elapsed="0.000164"/>
</kw>
<var name="${key}">login</var>
<status status="PASS" start="2024-06-27T08:18:56.666422" elapsed="0.001757"/>
</iter>
<var>${key}</var>
<value>@{expected_keys}</value>
<status status="PASS" start="2024-06-27T08:18:56.658228" elapsed="0.010070"/>
</for>
<kw name="Create List" owner="BuiltIn">
<msg time="2024-06-27T08:18:56.668631" level="INFO">${expected_keysTwo} = ['username', 'password']</msg>
<var>${expected_keysTwo}</var>
<arg>username</arg>
<arg>password</arg>
<doc>Returns a list containing given items.</doc>
<status status="PASS" start="2024-06-27T08:18:56.668491" elapsed="0.000164"/>
</kw>
<for flavor="IN">
<iter>
<kw name="Dictionary Should Contain Key" owner="Collections">
<arg>${json_data['results'][0]['login']}</arg>
<arg>${keyTwo}</arg>
<doc>Fails if ``key`` is not found from ``dictionary``.</doc>
<status status="PASS" start="2024-06-27T08:18:56.669214" elapsed="0.000382"/>
</kw>
<kw name="Dictionary Should Contain Key" owner="Collections">
<arg>${json_data['results'][0]['login']}</arg>
<arg>${keyTwo}</arg>
<doc>Fails if ``key`` is not found from ``dictionary``.</doc>
<status status="PASS" start="2024-06-27T08:18:56.669776" elapsed="0.000380"/>
</kw>
<kw name="Log" owner="BuiltIn">
<msg time="2024-06-27T08:18:56.670455" level="INFO">username</msg>
<arg>${keyTwo}</arg>
<doc>Logs the given message with the given level.</doc>
<status status="PASS" start="2024-06-27T08:18:56.670334" elapsed="0.000157"/>
</kw>
<var name="${keyTwo}">username</var>
<status status="PASS" start="2024-06-27T08:18:56.669106" elapsed="0.001612"/>
</iter>
<iter>
<kw name="Dictionary Should Contain Key" owner="Collections">
<arg>${json_data['results'][0]['login']}</arg>
<arg>${keyTwo}</arg>
<doc>Fails if ``key`` is not found from ``dictionary``.</doc>
<status status="PASS" start="2024-06-27T08:18:56.670992" elapsed="0.000376"/>
</kw>
<kw name="Dictionary Should Contain Key" owner="Collections">
<arg>${json_data['results'][0]['login']}</arg>
<arg>${keyTwo}</arg>
<doc>Fails if ``key`` is not found from ``dictionary``.</doc>
<status status="PASS" start="2024-06-27T08:18:56.671544" elapsed="0.000362"/>
</kw>
<kw name="Log" owner="BuiltIn">
<msg time="2024-06-27T08:18:56.672196" level="INFO">password</msg>
<arg>${keyTwo}</arg>
<doc>Logs the given message with the given level.</doc>
<status status="PASS" start="2024-06-27T08:18:56.672080" elapsed="0.000157"/>
</kw>
<var name="${keyTwo}">password</var>
<status status="PASS" start="2024-06-27T08:18:56.670888" elapsed="0.001680"/>
</iter>
<var>${keyTwo}</var>
<value>@{expected_keysTwo}</value>
<status status="PASS" start="2024-06-27T08:18:56.668920" elapsed="0.003782"/>
</for>
<status status="PASS" start="2024-06-27T08:18:56.555832" elapsed="0.117010"/>
</kw>
<doc>Testa a estrutura da resposta da API.</doc>
<tag>testeEstruturaResposta</tag>
<status status="PASS" start="2024-06-27T08:18:56.555326" elapsed="0.117707"/>
</test>
<test id="s1-s1-t4" name="Validar tipos de dados" line="28">
<kw name="Teste de Tipos de Dados" owner="random-user-service">
<kw name="GET On Session" owner="RequestsLibrary">
<msg time="2024-06-27T08:18:56.766031" level="INFO">GET Request : url=https://randomuser.me/api 
 path_url=/api 
 headers={'User-Agent': 'python-requests/2.32.3', 'Accept-Encoding': 'gzip, deflate', 'Accept': '*/*', 'Connection': 'keep-alive'} 
 body=None 
 </msg>
<msg time="2024-06-27T08:18:56.766146" level="INFO">GET Response : url=https://randomuser.me/api 
 status=200, reason=OK 
 headers={'Date': 'Thu, 27 Jun 2024 08:18:56 GMT', 'Content-Type': 'application/json; charset=utf-8', 'Transfer-Encoding': 'chunked', 'Connection': 'keep-alive', 'X-Powered-By': 'Express', 'Access-Control-Allow-Origin': '*', 'Cache-Control': 'no-cache', 'ETag': 'W/"47a-/T6lmTF4wDbpHgelpibLEq11jTM"', 'Vary': 'Accept-Encoding', 'Content-Encoding': 'gzip', 'CF-Cache-Status': 'DYNAMIC', 'Report-To': '{"endpoints":[{"url":"https:\\/\\/a.nel.cloudflare.com\\/report\\/v4?s=eQj5yC1ACcJ5yr8iI7X%2B4zXfL4bU9a53%2F3Li81k4kN8cCoHO8kRWR1jS%2BttTGsxUi6ptjcbhyr1KnHesSp6A6AmkBl6pwYzGpVeooKOuN4UA4OguN9eTMX6YVEw%2BTBGY"}],"group":"cf-nel","max_age":604800}', 'NEL': '{"success_fraction":0,"report_to":"cf-nel","max_age":604800}', 'Server': 'cloudflare', 'CF-RAY': '89a402603ce81758-SJC', 'alt-svc': 'h3=":443"; ma=86400'} 
 body={"results":[{"gender":"male","name":{"title":"Mr","first":"Joseph","last":"Green"},"location":{"street":{"number":449,"name":"Devon Street"},"city":"Masterton","state":"Otago","country":"New Zealand","postcode":23562,"coordinates":{"latitude":"47.4907","longitude":"-169.3978"},"timezone":{"offset":"-1:00","description":"Azores, Cape Verde Islands"}},"email":"joseph.green@example.com","login":{"uuid":"93603692-24b4-4841-a78d-7d2958b4ebe1","username":"orangesnake498","password":"holly","salt":"lqSsHqhk","md5":"cd2f8e65a5db1135e18b000b9835d79c","sha1":"91118e6820993292809051863ef5332bf6c4b938","sha256":"23630d0d9223ad9da21784785b518dc72b02f490844fdd67c19c32389d990dc1"},"dob":{"date":"1993-04-23T08:39:18.154Z","age":31},"registered":{"date":"2005-02-10T17:34:39.770Z","age":19},"phone":"(357)-297-9169","cell":"(417)-124-8637","id":{"name":"","value":null},"picture":{"large":"https://randomuser.me/api/portraits/men/56.jpg","medium":"https://randomuser.me/api/portraits/med/men/56.jpg","thumbnail":"https://randomuser.me/api/portraits/thumb/men/56.jpg"},"nat":"NZ"}],"info":{"seed":"39be0bddd9a60677","results":1,"page":1,"version":"1.4"}} 
 </msg>
<msg time="2024-06-27T08:18:56.766223" level="INFO">/opt/hostedtoolcache/Python/3.12.4/x64/lib/python3.12/site-packages/urllib3/connectionpool.py:1099: InsecureRequestWarning: Unverified HTTPS request is being made to host 'randomuser.me'. Adding certificate verification is strongly advised. See: https://urllib3.readthedocs.io/en/latest/advanced-usage.html#tls-warnings
  warnings.warn(</msg>
<msg time="2024-06-27T08:18:56.766345" level="INFO">${response} = &lt;Response [200]&gt;</msg>
<var>${response}</var>
<arg>consultarAPI</arg>
<arg>/api</arg>
<doc>Sends a GET request on a previously created HTTP Session.</doc>
<status status="PASS" start="2024-06-27T08:18:56.675532" elapsed="0.090852"/>
</kw>
<kw name="Set Variable" owner="BuiltIn">
<msg time="2024-06-27T08:18:56.767447" level="INFO">${json_data} = {'results': [{'gender': 'male', 'name': {'title': 'Mr', 'first': 'Joseph', 'last': 'Green'}, 'location': {'street': {'number': 449, 'name': 'Devon Street'}, 'city': 'Masterton', 'state': 'Otago', 'cou...</msg>
<var>${json_data}</var>
<arg>${response.json()}</arg>
<doc>Returns the given values which can then be assigned to a variables.</doc>
<status status="PASS" start="2024-06-27T08:18:56.766913" elapsed="0.000563"/>
</kw>
<kw name="Log" owner="BuiltIn">
<msg time="2024-06-27T08:18:56.767967" level="INFO">{'results': [{'gender': 'male', 'name': {'title': 'Mr', 'first': 'Joseph', 'last': 'Green'}, 'location': {'street': {'number': 449, 'name': 'Devon Street'}, 'city': 'Masterton', 'state': 'Otago', 'country': 'New Zealand', 'postcode': 23562, 'coordinates': {'latitude': '47.4907', 'longitude': '-169.3978'}, 'timezone': {'offset': '-1:00', 'description': 'Azores, Cape Verde Islands'}}, 'email': 'joseph.green@example.com', 'login': {'uuid': '93603692-24b4-4841-a78d-7d2958b4ebe1', 'username': 'orangesnake498', 'password': 'holly', 'salt': 'lqSsHqhk', 'md5': 'cd2f8e65a5db1135e18b000b9835d79c', 'sha1': '91118e6820993292809051863ef5332bf6c4b938', 'sha256': '23630d0d9223ad9da21784785b518dc72b02f490844fdd67c19c32389d990dc1'}, 'dob': {'date': '1993-04-23T08:39:18.154Z', 'age': 31}, 'registered': {'date': '2005-02-10T17:34:39.770Z', 'age': 19}, 'phone': '(357)-297-9169', 'cell': '(417)-124-8637', 'id': {'name': '', 'value': None}, 'picture': {'large': 'https://randomuser.me/api/portraits/men/56.jpg', 'medium': 'https://randomuser.me/api/portraits/med/men/56.jpg', 'thumbnail': 'https://randomuser.me/api/portraits/thumb/men/56.jpg'}, 'nat': 'NZ'}], 'info': {'seed': '39be0bddd9a60677', 'results': 1, 'page': 1, 'version': '1.4'}}</msg>
<arg>${json_data}</arg>
<doc>Logs the given message with the given level.</doc>
<status status="PASS" start="2024-06-27T08:18:56.767803" elapsed="0.000211"/>
</kw>
<kw name="Should Be String" owner="String">
<arg>${json_data['results'][0]['gender']}</arg>
<doc>Fails if the given ``item`` is not a string.</doc>
<status status="PASS" start="2024-06-27T08:18:56.768312" elapsed="0.000357"/>
</kw>
<kw name="Should Match Regexp" owner="BuiltIn">
<arg>${json_data['results'][0]['email']}</arg>
<arg>^[a-zA-Z0-9._%+-]+@[a-zA-Z0-9.-]+\.[a-zA-Z]{2,}$</arg>
<doc>Fails if ``string`` does not match ``pattern`` as a regular expression.</doc>
<status status="PASS" start="2024-06-27T08:18:56.768859" elapsed="0.000554"/>
</kw>
<kw name="Should Match Regexp" owner="BuiltIn">
<arg>${json_data['results'][0]['dob']['date']}</arg>
<arg>\\d{4}-\\d{2}-\\d{2}T\\d{2}:\\d{2}:\\d{2}\\.\\d{3}Z</arg>
<doc>Fails if ``string`` does not match ``pattern`` as a regular expression.</doc>
<status status="PASS" start="2024-06-27T08:18:56.769643" elapsed="0.000487"/>
</kw>
<kw name="Should Match Regexp" owner="BuiltIn">
<arg>${json_data['results'][0]['registered']['date']}</arg>
<arg>\\d{4}-\\d{2}-\\d{2}T\\d{2}:\\d{2}:\\d{2}\\.\\d{3}Z</arg>
<doc>Fails if ``string`` does not match ``pattern`` as a regular expression.</doc>
<status status="PASS" start="2024-06-27T08:18:56.770318" elapsed="0.000362"/>
</kw>
<kw name="Should Match Regexp" owner="BuiltIn">
<arg>${json_data['results'][0]['picture']['large']}</arg>
<arg>^https?://.*\.(?:png|jpe?g|gif|bmp)$</arg>
<doc>Fails if ``string`` does not match ``pattern`` as a regular expression.</doc>
<status status="PASS" start="2024-06-27T08:18:56.770863" elapsed="0.000452"/>
</kw>
<kw name="Should Match Regexp" owner="BuiltIn">
<arg>${json_data['results'][0]['picture']['medium']}</arg>
<arg>^https?://.*\.(?:png|jpe?g|gif|bmp)$</arg>
<doc>Fails if ``string`` does not match ``pattern`` as a regular expression.</doc>
<status status="PASS" start="2024-06-27T08:18:56.771499" elapsed="0.000349"/>
</kw>
<kw name="Should Match Regexp" owner="BuiltIn">
<arg>${json_data['results'][0]['picture']['thumbnail']}</arg>
<arg>^https?://.*\.(?:png|jpe?g|gif|bmp)$</arg>
<doc>Fails if ``string`` does not match ``pattern`` as a regular expression.</doc>
<status status="PASS" start="2024-06-27T08:18:56.772029" elapsed="0.000343"/>
</kw>
<kw name="Log" owner="BuiltIn">
<msg time="2024-06-27T08:18:56.772884" level="INFO">{'large': 'https://randomuser.me/api/portraits/men/56.jpg', 'medium': 'https://randomuser.me/api/portraits/med/men/56.jpg', 'thumbnail': 'https://randomuser.me/api/portraits/thumb/men/56.jpg'}</msg>
<arg>${json_data['results'][0]['picture']}</arg>
<doc>Logs the given message with the given level.</doc>
<status status="PASS" start="2024-06-27T08:18:56.772554" elapsed="0.000372"/>
</kw>
<status status="PASS" start="2024-06-27T08:18:56.675310" elapsed="0.097906"/>
</kw>
<kw name="Teste de Tipos de Dados - Postcode" owner="random-user-service">
<kw name="GET On Session" owner="RequestsLibrary">
<msg time="2024-06-27T08:18:57.136132" level="INFO">GET Request : url=https://randomuser.me/api 
 path_url=/api 
 headers={'User-Agent': 'python-requests/2.32.3', 'Accept-Encoding': 'gzip, deflate', 'Accept': '*/*', 'Connection': 'keep-alive'} 
 body=None 
 </msg>
<msg time="2024-06-27T08:18:57.136224" level="INFO">GET Response : url=https://randomuser.me/api 
 status=200, reason=OK 
 headers={'Date': 'Thu, 27 Jun 2024 08:18:57 GMT', 'Content-Type': 'application/json; charset=utf-8', 'Transfer-Encoding': 'chunked', 'Connection': 'keep-alive', 'X-Powered-By': 'Express', 'Access-Control-Allow-Origin': '*', 'Cache-Control': 'no-cache', 'ETag': 'W/"473-IPEzy8KcGnXusX45mKXLqCXKnvM"', 'Vary': 'Accept-Encoding', 'Content-Encoding': 'gzip', 'CF-Cache-Status': 'DYNAMIC', 'Report-To': '{"endpoints":[{"url":"https:\\/\\/a.nel.cloudflare.com\\/report\\/v4?s=oHJ0BXNVJgm7Z5360ad9iPjTLS%2BUc4flaZxRrEIuf2q7EzUdu4t%2BLkVyvyvQ3bWcPFcZw557JYHlOgEkWzLPDKn81cLyMaNp8SvT5JRDIJE470UnXHHuCDUOQtHUF5BB"}],"group":"cf-nel","max_age":604800}', 'NEL': '{"success_fraction":0,"report_to":"cf-nel","max_age":604800}', 'Server': 'cloudflare', 'CF-RAY': '89a40260dd971758-SJC', 'alt-svc': 'h3=":443"; ma=86400'} 
 body={"results":[{"gender":"male","name":{"title":"Mr","first":"Batur","last":"Aydan"},"location":{"street":{"number":7094,"name":"Mevlana Cd"},"city":"Aydın","state":"Mardin","country":"Turkey","postcode":24674,"coordinates":{"latitude":"69.4072","longitude":"-38.9946"},"timezone":{"offset":"-8:00","description":"Pacific Time (US &amp; Canada)"}},"email":"batur.aydan@example.com","login":{"uuid":"122be192-01db-4ed4-bb4a-86c483864a6e","username":"goldenostrich591","password":"q1w2e3r4","salt":"beZT3ZsQ","md5":"a812dbb3854a21c362b2ac753d14e0af","sha1":"cb47c9e65031a478528947038b3986934b95b2f1","sha256":"8e1a0eeae44636e88915ee2b290e9c05dc172e75561435e77da9776a88f6dfb9"},"dob":{"date":"1968-05-01T14:09:28.995Z","age":56},"registered":{"date":"2017-10-23T11:41:56.282Z","age":6},"phone":"(525)-326-4800","cell":"(634)-194-2732","id":{"name":"","value":null},"picture":{"large":"https://randomuser.me/api/portraits/men/29.jpg","medium":"https://randomuser.me/api/portraits/med/men/29.jpg","thumbnail":"https://randomuser.me/api/portraits/thumb/men/29.jpg"},"nat":"TR"}],"info":{"seed":"7298c0dc8c6505b4","results":1,"page":1,"version":"1.4"}} 
 </msg>
<msg time="2024-06-27T08:18:57.136303" level="INFO">/opt/hostedtoolcache/Python/3.12.4/x64/lib/python3.12/site-packages/urllib3/connectionpool.py:1099: InsecureRequestWarning: Unverified HTTPS request is being made to host 'randomuser.me'. Adding certificate verification is strongly advised. See: https://urllib3.readthedocs.io/en/latest/advanced-usage.html#tls-warnings
  warnings.warn(</msg>
<msg time="2024-06-27T08:18:57.136424" level="INFO">${response} = &lt;Response [200]&gt;</msg>
<var>${response}</var>
<arg>consultarAPI</arg>
<arg>/api</arg>
<doc>Sends a GET request on a previously created HTTP Session.</doc>
<status status="PASS" start="2024-06-27T08:18:56.773659" elapsed="0.362816"/>
</kw>
<kw name="Set Variable" owner="BuiltIn">
<msg time="2024-06-27T08:18:57.137578" level="INFO">${json_data} = {'results': [{'gender': 'male', 'name': {'title': 'Mr', 'first': 'Batur', 'last': 'Aydan'}, 'location': {'street': {'number': 7094, 'name': 'Mevlana Cd'}, 'city': 'Aydın', 'state': 'Mardin', 'country'...</msg>
<var>${json_data}</var>
<arg>${response.json()}</arg>
<doc>Returns the given values which can then be assigned to a variables.</doc>
<status status="PASS" start="2024-06-27T08:18:57.137019" elapsed="0.000589"/>
</kw>
<kw name="Log" owner="BuiltIn">
<msg time="2024-06-27T08:18:57.138077" level="INFO">{'results': [{'gender': 'male', 'name': {'title': 'Mr', 'first': 'Batur', 'last': 'Aydan'}, 'location': {'street': {'number': 7094, 'name': 'Mevlana Cd'}, 'city': 'Aydın', 'state': 'Mardin', 'country': 'Turkey', 'postcode': 24674, 'coordinates': {'latitude': '69.4072', 'longitude': '-38.9946'}, 'timezone': {'offset': '-8:00', 'description': 'Pacific Time (US &amp; Canada)'}}, 'email': 'batur.aydan@example.com', 'login': {'uuid': '122be192-01db-4ed4-bb4a-86c483864a6e', 'username': 'goldenostrich591', 'password': 'q1w2e3r4', 'salt': 'beZT3ZsQ', 'md5': 'a812dbb3854a21c362b2ac753d14e0af', 'sha1': 'cb47c9e65031a478528947038b3986934b95b2f1', 'sha256': '8e1a0eeae44636e88915ee2b290e9c05dc172e75561435e77da9776a88f6dfb9'}, 'dob': {'date': '1968-05-01T14:09:28.995Z', 'age': 56}, 'registered': {'date': '2017-10-23T11:41:56.282Z', 'age': 6}, 'phone': '(525)-326-4800', 'cell': '(634)-194-2732', 'id': {'name': '', 'value': None}, 'picture': {'large': 'https://randomuser.me/api/portraits/men/29.jpg', 'medium': 'https://randomuser.me/api/portraits/med/men/29.jpg', 'thumbnail': 'https://randomuser.me/api/portraits/thumb/men/29.jpg'}, 'nat': 'TR'}], 'info': {'seed': '7298c0dc8c6505b4', 'results': 1, 'page': 1, 'version': '1.4'}}</msg>
<arg>${json_data}</arg>
<doc>Logs the given message with the given level.</doc>
<status status="PASS" start="2024-06-27T08:18:57.137916" elapsed="0.000211"/>
</kw>
<kw name="Should Be Equal As Numbers" owner="BuiltIn">
<arg>${json_data['results'][0]['location']['postcode']}</arg>
<arg>${json_data['results'][0]['location']['postcode']}</arg>
<doc>Fails if objects are unequal after converting them to real numbers.</doc>
<status status="PASS" start="2024-06-27T08:18:57.138421" elapsed="0.000621"/>
</kw>
<kw name="Log" owner="BuiltIn">
<msg time="2024-06-27T08:18:57.139713" level="INFO">24674</msg>
<arg>${json_data['results'][0]['location']['postcode']}</arg>
<doc>Logs the given message with the given level.</doc>
<status status="PASS" start="2024-06-27T08:18:57.139232" elapsed="0.000522"/>
</kw>
<status status="PASS" start="2024-06-27T08:18:56.773438" elapsed="0.366593"/>
</kw>
<doc>Testa se os tipos de dados na resposta da API estão corretos.</doc>
<tag>testeTiposDados</tag>
<status status="PASS" start="2024-06-27T08:18:56.674853" elapsed="0.465338"/>
</test>
<test id="s1-s1-t5" name="Validar conteudo" line="35">
<kw name="Teste de Tipos de Conteudo" owner="random-user-service">
<kw name="GET On Session" owner="RequestsLibrary">
<msg time="2024-06-27T08:18:57.230733" level="INFO">GET Request : url=https://randomuser.me/api 
 path_url=/api 
 headers={'User-Agent': 'python-requests/2.32.3', 'Accept-Encoding': 'gzip, deflate', 'Accept': '*/*', 'Connection': 'keep-alive'} 
 body=None 
 </msg>
<msg time="2024-06-27T08:18:57.230795" level="INFO">GET Response : url=https://randomuser.me/api 
 status=200, reason=OK 
 headers={'Date': 'Thu, 27 Jun 2024 08:18:57 GMT', 'Content-Type': 'application/json; charset=utf-8', 'Transfer-Encoding': 'chunked', 'Connection': 'keep-alive', 'X-Powered-By': 'Express', 'Access-Control-Allow-Origin': '*', 'Cache-Control': 'no-cache', 'ETag': 'W/"489-wskr067cuMlidLBQNL3fin6NY+M"', 'Vary': 'Accept-Encoding', 'Content-Encoding': 'gzip', 'CF-Cache-Status': 'DYNAMIC', 'Report-To': '{"endpoints":[{"url":"https:\\/\\/a.nel.cloudflare.com\\/report\\/v4?s=w0zF322ktXpJwUUcvL28Fghw%2FiT9vffMfrsvXf659kesat5ZD%2FU6ImNlvXc51C5gxqyAg7sILi%2Fs8uQSvcEtn%2FziPpKqbD7tzl1wtOJL%2FLDvNWQSVn1xhLMGOjUnqMLQ"}],"group":"cf-nel","max_age":604800}', 'NEL': '{"success_fraction":0,"report_to":"cf-nel","max_age":604800}', 'Server': 'cloudflare', 'CF-RAY': '89a402632f561758-SJC', 'alt-svc': 'h3=":443"; ma=86400'} 
 body={"results":[{"gender":"male","name":{"title":"Mr","first":"Guillaume","last":"Roux"},"location":{"street":{"number":5630,"name":"Rue Principale"},"city":"Montpellier","state":"Haut-Rhin","country":"France","postcode":58293,"coordinates":{"latitude":"-13.1690","longitude":"-160.9483"},"timezone":{"offset":"-12:00","description":"Eniwetok, Kwajalein"}},"email":"guillaume.roux@example.com","login":{"uuid":"5e09f858-8d3d-4744-927e-89e01123e024","username":"heavywolf593","password":"beat","salt":"FZn2Brre","md5":"adabe4cdce817a368f55a1c8e5a4f8d0","sha1":"0964079e6df84a7486bae26290a20f98475eb74c","sha256":"a26ff08203c4a26918884eae3f2d7921b27cb15913a4ee0b5dece9b8d9dbf557"},"dob":{"date":"1978-02-21T12:40:15.617Z","age":46},"registered":{"date":"2020-12-18T18:40:59.834Z","age":3},"phone":"01-11-29-01-20","cell":"06-32-71-84-05","id":{"name":"INSEE","value":"1780136564012 65"},"picture":{"large":"https://randomuser.me/api/portraits/men/4.jpg","medium":"https://randomuser.me/api/portraits/med/men/4.jpg","thumbnail":"https://randomuser.me/api/portraits/thumb/men/4.jpg"},"nat":"FR"}],"info":{"seed":"706082fc4ba7930a","results":1,"page":1,"version":"1.4"}} 
 </msg>
<msg time="2024-06-27T08:18:57.230849" level="INFO">/opt/hostedtoolcache/Python/3.12.4/x64/lib/python3.12/site-packages/urllib3/connectionpool.py:1099: InsecureRequestWarning: Unverified HTTPS request is being made to host 'randomuser.me'. Adding certificate verification is strongly advised. See: https://urllib3.readthedocs.io/en/latest/advanced-usage.html#tls-warnings
  warnings.warn(</msg>
<msg time="2024-06-27T08:18:57.230937" level="INFO">${response} = &lt;Response [200]&gt;</msg>
<var>${response}</var>
<arg>consultarAPI</arg>
<arg>/api</arg>
<doc>Sends a GET request on a previously created HTTP Session.</doc>
<status status="PASS" start="2024-06-27T08:18:57.142754" elapsed="0.088225"/>
</kw>
<kw name="Set Variable" owner="BuiltIn">
<msg time="2024-06-27T08:18:57.231962" level="INFO">${json_data} = {'results': [{'gender': 'male', 'name': {'title': 'Mr', 'first': 'Guillaume', 'last': 'Roux'}, 'location': {'street': {'number': 5630, 'name': 'Rue Principale'}, 'city': 'Montpellier', 'state': 'Haut-...</msg>
<var>${json_data}</var>
<arg>${response.json()}</arg>
<doc>Returns the given values which can then be assigned to a variables.</doc>
<status status="PASS" start="2024-06-27T08:18:57.231412" elapsed="0.000578"/>
</kw>
<kw name="Set Variable" owner="BuiltIn">
<msg time="2024-06-27T08:18:57.232662" level="INFO">${name_title} = Mr</msg>
<var>${name_title}</var>
<arg>${json_data["results"][0]["name"]["title"]}</arg>
<doc>Returns the given values which can then be assigned to a variables.</doc>
<status status="PASS" start="2024-06-27T08:18:57.232291" elapsed="0.000397"/>
</kw>
<kw name="Create List" owner="BuiltIn">
<msg time="2024-06-27T08:18:57.233176" level="INFO">${allowed_titles} = ['Mr', 'Ms', 'Miss', 'Mrs', 'Madame', 'Monsieur']</msg>
<var>${allowed_titles}</var>
<arg>Mr</arg>
<arg>Ms</arg>
<arg>Miss</arg>
<arg>Mrs</arg>
<arg>Madame</arg>
<arg>Monsieur</arg>
<doc>Returns a list containing given items.</doc>
<status status="PASS" start="2024-06-27T08:18:57.233014" elapsed="0.000187"/>
</kw>
<kw name="List Should Contain Value" owner="Collections">
<arg>${allowed_titles}</arg>
<arg>${name_title}</arg>
<doc>Fails if the ``value`` is not found from ``list``.</doc>
<status status="PASS" start="2024-06-27T08:18:57.233505" elapsed="0.000177"/>
</kw>
<kw name="Set Variable" owner="BuiltIn">
<msg time="2024-06-27T08:18:57.234222" level="INFO">${name_country} = FR</msg>
<var>${name_country}</var>
<arg>${json_data["results"][0]["nat"]}</arg>
<doc>Returns the given values which can then be assigned to a variables.</doc>
<status status="PASS" start="2024-06-27T08:18:57.233861" elapsed="0.000385"/>
</kw>
<kw name="Create List" owner="BuiltIn">
<msg time="2024-06-27T08:18:57.235127" level="INFO">${list_country} = ['AD', 'AE', 'AF', 'AG', 'AI', 'AL', 'AM', 'AO', 'AQ', 'AR', 'AS', 'AT', 'AU', 'AW', 'AX', 'AZ', 'BA', 'BB', 'BD', 'BE', 'BF', 'BG', 'BH', 'BI', 'BJ', 'BL', 'BM', 'BN', 'BO', 'BQ', 'BR', 'BS', 'BT', '...</msg>
<var>${list_country}</var>
<arg>AD</arg>
<arg>AE</arg>
<arg>AF</arg>
<arg>AG</arg>
<arg>AI</arg>
<arg>AL</arg>
<arg>AM</arg>
<arg>AO</arg>
<arg>AQ</arg>
<arg>AR</arg>
<arg>AS</arg>
<arg>AT</arg>
<arg>AU</arg>
<arg>AW</arg>
<arg>AX</arg>
<arg>AZ</arg>
<arg>BA</arg>
<arg>BB</arg>
<arg>BD</arg>
<arg>BE</arg>
<arg>BF</arg>
<arg>BG</arg>
<arg>BH</arg>
<arg>BI</arg>
<arg>BJ</arg>
<arg>BL</arg>
<arg>BM</arg>
<arg>BN</arg>
<arg>BO</arg>
<arg>BQ</arg>
<arg>BR</arg>
<arg>BS</arg>
<arg>BT</arg>
<arg>BV</arg>
<arg>BW</arg>
<arg>BY</arg>
<arg>BZ</arg>
<arg>CA</arg>
<arg>CC</arg>
<arg>CD</arg>
<arg>CF</arg>
<arg>CG</arg>
<arg>CH</arg>
<arg>CI</arg>
<arg>CK</arg>
<arg>CL</arg>
<arg>CM</arg>
<arg>CN</arg>
<arg>CO</arg>
<arg>CR</arg>
<arg>CU</arg>
<arg>CV</arg>
<arg>CW</arg>
<arg>CX</arg>
<arg>CY</arg>
<arg>CZ</arg>
<arg>DE</arg>
<arg>DJ</arg>
<arg>DK</arg>
<arg>DM</arg>
<arg>DO</arg>
<arg>DZ</arg>
<arg>EC</arg>
<arg>EE</arg>
<arg>EG</arg>
<arg>EH</arg>
<arg>ER</arg>
<arg>ES</arg>
<arg>ET</arg>
<arg>FI</arg>
<arg>FJ</arg>
<arg>FK</arg>
<arg>FM</arg>
<arg>FO</arg>
<arg>FR</arg>
<arg>GA</arg>
<arg>GB</arg>
<arg>GD</arg>
<arg>GE</arg>
<arg>GF</arg>
<arg>GG</arg>
<arg>GH</arg>
<arg>GI</arg>
<arg>GL</arg>
<arg>GM</arg>
<arg>GN</arg>
<arg>GP</arg>
<arg>GQ</arg>
<arg>GR</arg>
<arg>GS</arg>
<arg>GT</arg>
<arg>GU</arg>
<arg>GW</arg>
<arg>GY</arg>
<arg>HK</arg>
<arg>HM</arg>
<arg>HN</arg>
<arg>HR</arg>
<arg>HT</arg>
<arg>HU</arg>
<arg>ID</arg>
<arg>IE</arg>
<arg>IL</arg>
<arg>IM</arg>
<arg>IN</arg>
<arg>IO</arg>
<arg>IQ</arg>
<arg>IR</arg>
<arg>IS</arg>
<arg>IT</arg>
<arg>JE</arg>
<arg>JM</arg>
<arg>JO</arg>
<arg>JP</arg>
<arg>KE</arg>
<arg>KG</arg>
<arg>KH</arg>
<arg>KI</arg>
<arg>KM</arg>
<arg>KN</arg>
<arg>KP</arg>
<arg>KR</arg>
<arg>KW</arg>
<arg>KY</arg>
<arg>KZ</arg>
<arg>LA</arg>
<arg>LB</arg>
<arg>LC</arg>
<arg>LI</arg>
<arg>LK</arg>
<arg>LR</arg>
<arg>LS</arg>
<arg>LT</arg>
<arg>LU</arg>
<arg>LV</arg>
<arg>LY</arg>
<arg>MA</arg>
<arg>MC</arg>
<arg>MD</arg>
<arg>ME</arg>
<arg>MF</arg>
<arg>MG</arg>
<arg>MH</arg>
<arg>MK</arg>
<arg>ML</arg>
<arg>MM</arg>
<arg>MN</arg>
<arg>MO</arg>
<arg>MP</arg>
<arg>MQ</arg>
<arg>MR</arg>
<arg>MS</arg>
<arg>MT</arg>
<arg>MU</arg>
<arg>MV</arg>
<arg>MW</arg>
<arg>MX</arg>
<arg>MY</arg>
<arg>MZ</arg>
<arg>NA</arg>
<arg>NC</arg>
<arg>NE</arg>
<arg>NF</arg>
<arg>NG</arg>
<arg>NI</arg>
<arg>NL</arg>
<arg>NO</arg>
<arg>NP</arg>
<arg>NR</arg>
<arg>NU</arg>
<arg>NZ</arg>
<arg>OM</arg>
<arg>PA</arg>
<arg>PE</arg>
<arg>PF</arg>
<arg>PG</arg>
<arg>PH</arg>
<arg>PK</arg>
<arg>PL</arg>
<arg>PM</arg>
<arg>PN</arg>
<arg>PR</arg>
<arg>PS</arg>
<arg>PT</arg>
<arg>PW</arg>
<arg>PY</arg>
<arg>QA</arg>
<arg>RE</arg>
<arg>RO</arg>
<arg>RS</arg>
<arg>RU</arg>
<arg>RW</arg>
<arg>SA</arg>
<arg>SB</arg>
<arg>SC</arg>
<arg>SD</arg>
<arg>SE</arg>
<arg>SG</arg>
<arg>SH</arg>
<arg>SI</arg>
<arg>SJ</arg>
<arg>SK</arg>
<arg>SL</arg>
<arg>SM</arg>
<arg>SN</arg>
<arg>SO</arg>
<arg>SR</arg>
<arg>SS</arg>
<arg>ST</arg>
<arg>SV</arg>
<arg>SX</arg>
<arg>SY</arg>
<arg>SZ</arg>
<arg>TC</arg>
<arg>TD</arg>
<arg>TF</arg>
<arg>TG</arg>
<arg>TH</arg>
<arg>TJ</arg>
<arg>TK</arg>
<arg>TL</arg>
<arg>TM</arg>
<arg>TN</arg>
<arg>TO</arg>
<arg>TR</arg>
<arg>TT</arg>
<arg>TV</arg>
<arg>TW</arg>
<arg>TZ</arg>
<arg>UA</arg>
<arg>UG</arg>
<arg>UM</arg>
<arg>US</arg>
<arg>UY</arg>
<arg>UZ</arg>
<arg>VA</arg>
<arg>VC</arg>
<arg>VE</arg>
<arg>VG</arg>
<arg>VI</arg>
<arg>VN</arg>
<arg>VU</arg>
<arg>WF</arg>
<arg>WS</arg>
<arg>XK</arg>
<arg>YE</arg>
<arg>YT</arg>
<arg>ZA</arg>
<arg>ZM</arg>
<arg>ZW</arg>
<doc>Returns a list containing given items.</doc>
<status status="PASS" start="2024-06-27T08:18:57.234535" elapsed="0.000617"/>
</kw>
<kw name="List Should Contain Value" owner="Collections">
<arg>${list_country}</arg>
<arg>${name_country}</arg>
<doc>Fails if the ``value`` is not found from ``list``.</doc>
<status status="PASS" start="2024-06-27T08:18:57.235941" elapsed="0.000197"/>
</kw>
<kw name="Run Keyword If" owner="BuiltIn">
<kw name="Should Be True" owner="BuiltIn">
<arg>${True}</arg>
<doc>Fails if the given condition is not true.</doc>
<status status="PASS" start="2024-06-27T08:18:57.237095" elapsed="0.000144"/>
</kw>
<arg>${json_data["results"][0]["location"]["coordinates"]["latitude"]} &gt;= -90 and ${json_data["results"][0]["location"]["coordinates"]["latitude"]} &lt;= 90</arg>
<arg>Should Be True</arg>
<arg>${True}</arg>
<doc>Runs the given keyword with the given arguments, if ``condition`` is true.</doc>
<status status="PASS" start="2024-06-27T08:18:57.236328" elapsed="0.001034"/>
</kw>
<kw name="Run Keyword If" owner="BuiltIn">
<kw name="Should Be True" owner="BuiltIn">
<arg>${True}</arg>
<doc>Fails if the given condition is not true.</doc>
<status status="PASS" start="2024-06-27T08:18:57.238234" elapsed="0.000228"/>
</kw>
<arg>${json_data["results"][0]["location"]["coordinates"]["longitude"]} &gt;= -180 and ${json_data["results"][0]["location"]["coordinates"]["longitude"]} &lt;= 180</arg>
<arg>Should Be True</arg>
<arg>${True}</arg>
<doc>Runs the given keyword with the given arguments, if ``condition`` is true.</doc>
<status status="PASS" start="2024-06-27T08:18:57.237539" elapsed="0.001051"/>
</kw>
<status status="PASS" start="2024-06-27T08:18:57.142531" elapsed="0.096187"/>
</kw>
<doc>Testa o conteúdo específico dos campos retornados pela API.</doc>
<tag>testeConteudo</tag>
<status status="PASS" start="2024-06-27T08:18:57.142004" elapsed="0.096851"/>
</test>
<status status="PASS" start="2024-06-27T08:18:55.927494" elapsed="1.313300"/>
</suite>
<status status="PASS" start="2024-06-27T08:18:55.913219" elapsed="1.332706"/>
</suite>
<statistics>
<total>
<stat pass="5" fail="0" skip="0">All Tests</stat>
</total>
<tag>
<stat pass="1" fail="0" skip="0">testeConteudo</stat>
<stat pass="1" fail="0" skip="0">testeEstruturaResposta</stat>
<stat pass="1" fail="0" skip="0">testeRequisicaoBasica</stat>
<stat pass="1" fail="0" skip="0">testeTiposDados</stat>
</tag>
<suite>
<stat pass="5" fail="0" skip="0" id="s1" name="Tests">Tests</stat>
<stat pass="5" fail="0" skip="0" id="s1-s1" name="Random-User-Test">Tests.Random-User-Test</stat>
</suite>
</statistics>
<errors>
</errors>
</robot>
