<?xml version="1.0" encoding="UTF-8"?>
<robot generator="Robot 7.0.1 (Python 3.12.4 on linux)" generated="2024-06-20T11:12:33.498616" rpa="false" schemaversion="5">
<suite id="s1" name="Tests" source="/home/runner/work/ApiRandomUser/ApiRandomUser/RamdonUser/tests">
<suite id="s1-s1" name="Random-User-Test" source="/home/runner/work/ApiRandomUser/ApiRandomUser/RamdonUser/tests/random-user-test.robot">
<test id="s1-s1-t1" name="Conectar" line="13">
<kw name="Conectar API" owner="random-user-service">
<kw name="Create Session" owner="RequestsLibrary">
<msg time="2024-06-20T11:12:33.886617" level="INFO">Creating Session using : alias=consultarAPI, url=https://randomuser.me/, headers={},                     cookies={}, auth=None, timeout=None, proxies=None, verify=False,                     debug=0 </msg>
<arg>consultarAPI</arg>
<arg>${URL}</arg>
<doc>Create Session: create a HTTP session to a server</doc>
<status status="PASS" start="2024-06-20T11:12:33.886386" elapsed="0.000399"/>
</kw>
<status status="PASS" start="2024-06-20T11:12:33.885455" elapsed="0.001682"/>
</kw>
<status status="PASS" start="2024-06-20T11:12:33.884855" elapsed="0.002468"/>
</test>
<test id="s1-s1-t2" name="Validar retorno 200 e JSON Válido" line="16">
<kw name="Teste de Requisicao Basica" owner="random-user-service">
<kw name="GET On Session" owner="RequestsLibrary">
<msg time="2024-06-20T11:12:34.047148" level="INFO">GET Request : url=https://randomuser.me/api 
 path_url=/api 
 headers={'User-Agent': 'python-requests/2.32.3', 'Accept-Encoding': 'gzip, deflate', 'Accept': '*/*', 'Connection': 'keep-alive'} 
 body=None 
 </msg>
<msg time="2024-06-20T11:12:34.047285" level="INFO">GET Response : url=https://randomuser.me/api 
 status=200, reason=OK 
 headers={'Date': 'Thu, 20 Jun 2024 11:12:34 GMT', 'Content-Type': 'application/json; charset=utf-8', 'Transfer-Encoding': 'chunked', 'Connection': 'keep-alive', 'X-Powered-By': 'Express', 'Access-Control-Allow-Origin': '*', 'Cache-Control': 'no-cache', 'ETag': 'W/"481-2TTFkGX5wDeKahhtoPQXsKi+aZs"', 'Vary': 'Accept-Encoding', 'Content-Encoding': 'gzip', 'CF-Cache-Status': 'DYNAMIC', 'Report-To': '{"endpoints":[{"url":"https:\\/\\/a.nel.cloudflare.com\\/report\\/v4?s=eGSK4dHkjxQbeu0Ge2zcrIGP33%2BkIUzl7UJWBzWMjbtoIAE2NGSmjK%2Frc4MlJSTtQCn9Ij7njIq5dzMvKiYKzbNzVKOgoav2PeV4HAiweywYmJ%2F2zE4MQZO4Im7eJEXb"}],"group":"cf-nel","max_age":604800}', 'NEL': '{"success_fraction":0,"report_to":"cf-nel","max_age":604800}', 'Server': 'cloudflare', 'CF-RAY': '896b53140eac399a-IAD', 'alt-svc': 'h3=":443"; ma=86400'} 
 body={"results":[{"gender":"male","name":{"title":"Mr","first":"Sigurd","last":"Dalsbø"},"location":{"street":{"number":4168,"name":"Elgveien"},"city":"Sysle","state":"Aust-Agder","country":"Norway","postcode":"2307","coordinates":{"latitude":"45.4873","longitude":"-159.8580"},"timezone":{"offset":"+1:00","description":"Brussels, Copenhagen, Madrid, Paris"}},"email":"sigurd.dalsbo@example.com","login":{"uuid":"d2762d13-3a12-4249-9f90-9512e39b8c3b","username":"purplebird637","password":"wildbill","salt":"oNehhqMh","md5":"c56d62782b9bc288034b8a348a4e08bd","sha1":"ca62e31626bcb9679c3ff2255dff40a009c375cf","sha256":"8cd8027f79ce0ffdf1fc31f86c75f34084fbd883f13de28d4550ee1e712a9957"},"dob":{"date":"1964-02-06T09:55:58.973Z","age":60},"registered":{"date":"2003-07-11T13:12:17.177Z","age":20},"phone":"82565727","cell":"95060601","id":{"name":"FN","value":"06026406747"},"picture":{"large":"https://randomuser.me/api/portraits/men/13.jpg","medium":"https://randomuser.me/api/portraits/med/men/13.jpg","thumbnail":"https://randomuser.me/api/portraits/thumb/men/13.jpg"},"nat":"NO"}],"info":{"seed":"88798b98eb2c862b","results":1,"page":1,"version":"1.4"}} 
 </msg>
<msg time="2024-06-20T11:12:34.047364" level="INFO">/opt/hostedtoolcache/Python/3.12.4/x64/lib/python3.12/site-packages/urllib3/connectionpool.py:1099: InsecureRequestWarning: Unverified HTTPS request is being made to host 'randomuser.me'. Adding certificate verification is strongly advised. See: https://urllib3.readthedocs.io/en/latest/advanced-usage.html#tls-warnings
  warnings.warn(</msg>
<msg time="2024-06-20T11:12:34.047512" level="INFO">${response} = &lt;Response [200]&gt;</msg>
<var>${response}</var>
<arg>consultarAPI</arg>
<arg>/api</arg>
<doc>Sends a GET request on a previously created HTTP Session.</doc>
<status status="PASS" start="2024-06-20T11:12:33.889957" elapsed="0.157596"/>
</kw>
<kw name="Should Be Equal As Numbers" owner="BuiltIn">
<msg time="2024-06-20T11:12:34.048486" level="INFO">Argument types are:
&lt;class 'int'&gt;
&lt;class 'str'&gt;</msg>
<arg>${response.status_code}</arg>
<arg>200</arg>
<doc>Fails if objects are unequal after converting them to real numbers.</doc>
<status status="PASS" start="2024-06-20T11:12:34.048029" elapsed="0.000522"/>
</kw>
<kw name="Log" owner="BuiltIn">
<msg time="2024-06-20T11:12:34.049200" level="INFO">200</msg>
<arg>${response.status_code}</arg>
<doc>Logs the given message with the given level.</doc>
<status status="PASS" start="2024-06-20T11:12:34.048860" elapsed="0.000382"/>
</kw>
<kw name="Set Variable" owner="BuiltIn">
<msg time="2024-06-20T11:12:34.049983" level="INFO">${json_data} = {'results': [{'gender': 'male', 'name': {'title': 'Mr', 'first': 'Sigurd', 'last': 'Dalsbø'}, 'location': {'street': {'number': 4168, 'name': 'Elgveien'}, 'city': 'Sysle', 'state': 'Aust-Agder', 'coun...</msg>
<var>${json_data}</var>
<arg>${response.json()}</arg>
<doc>Returns the given values which can then be assigned to a variables.</doc>
<status status="PASS" start="2024-06-20T11:12:34.049546" elapsed="0.000466"/>
</kw>
<kw name="Dictionary Should Contain Key" owner="Collections">
<arg>${json_data}</arg>
<arg>results</arg>
<doc>Fails if ``key`` is not found from ``dictionary``.</doc>
<status status="PASS" start="2024-06-20T11:12:34.050302" elapsed="0.000188"/>
</kw>
<status status="PASS" start="2024-06-20T11:12:33.889714" elapsed="0.160934"/>
</kw>
<doc>Testa se a API responde corretamente e retorna um objeto JSON válido.</doc>
<tag>testeRequisicaoBasica</tag>
<status status="PASS" start="2024-06-20T11:12:33.889183" elapsed="0.161636"/>
</test>
<test id="s1-s1-t3" name="Validar estrutura de resposta" line="22">
<kw name="Teste de Estrutura de Resposta" owner="random-user-service">
<kw name="GET On Session" owner="RequestsLibrary">
<msg time="2024-06-20T11:12:34.161982" level="INFO">GET Request : url=https://randomuser.me/api 
 path_url=/api 
 headers={'User-Agent': 'python-requests/2.32.3', 'Accept-Encoding': 'gzip, deflate', 'Accept': '*/*', 'Connection': 'keep-alive'} 
 body=None 
 </msg>
<msg time="2024-06-20T11:12:34.162053" level="INFO">GET Response : url=https://randomuser.me/api 
 status=200, reason=OK 
 headers={'Date': 'Thu, 20 Jun 2024 11:12:34 GMT', 'Content-Type': 'application/json; charset=utf-8', 'Transfer-Encoding': 'chunked', 'Connection': 'keep-alive', 'X-Powered-By': 'Express', 'Access-Control-Allow-Origin': '*', 'Cache-Control': 'no-cache', 'ETag': 'W/"49d-VmZxuFPJtXygxkJb+7utRULhBJk"', 'Vary': 'Accept-Encoding', 'Content-Encoding': 'gzip', 'CF-Cache-Status': 'DYNAMIC', 'Report-To': '{"endpoints":[{"url":"https:\\/\\/a.nel.cloudflare.com\\/report\\/v4?s=OaBZ6uou0ipvfhkVF%2F6D6TrNvLiDMZiRfbe5VIsRsfvMDOq6ZbQBIzUR2nUnit5sUA5OLSfXd%2Bx7JjccLFE3DdjSxZ4hopBOYmi1nS5aR%2F24%2FTFivnEzRQbrvNMeVE7l"}],"group":"cf-nel","max_age":604800}', 'NEL': '{"success_fraction":0,"report_to":"cf-nel","max_age":604800}', 'Server': 'cloudflare', 'CF-RAY': '896b5314df8e399a-IAD', 'alt-svc': 'h3=":443"; ma=86400'} 
 body={"results":[{"gender":"female","name":{"title":"Mrs","first":"Iida","last":"Saarinen"},"location":{"street":{"number":9783,"name":"Esplanadi"},"city":"Padasjoki","state":"Ostrobothnia","country":"Finland","postcode":66897,"coordinates":{"latitude":"-27.3945","longitude":"0.5289"},"timezone":{"offset":"+9:00","description":"Tokyo, Seoul, Osaka, Sapporo, Yakutsk"}},"email":"iida.saarinen@example.com","login":{"uuid":"5d7ef198-ada2-4b20-876c-a6d305e71295","username":"silverostrich441","password":"happy2","salt":"1QiTjcXE","md5":"a1cf56bbbd937015b3334b54d5bce412","sha1":"0d46cbf208d4d5061975254c3518d974515a6b69","sha256":"b2fa77570ca48b030d642ed93ef6cbf1f0d693c1edf2d823cca2c2db79e2f520"},"dob":{"date":"1991-03-02T02:47:38.162Z","age":33},"registered":{"date":"2007-01-15T15:39:29.796Z","age":17},"phone":"04-941-153","cell":"049-467-93-01","id":{"name":"HETU","value":"NaNNA718undefined"},"picture":{"large":"https://randomuser.me/api/portraits/women/4.jpg","medium":"https://randomuser.me/api/portraits/med/women/4.jpg","thumbnail":"https://randomuser.me/api/portraits/thumb/women/4.jpg"},"nat":"FI"}],"info":{"seed":"4e077fcd41f60194","results":1,"page":1,"version":"1.4"}} 
 </msg>
<msg time="2024-06-20T11:12:34.162157" level="INFO">/opt/hostedtoolcache/Python/3.12.4/x64/lib/python3.12/site-packages/urllib3/connectionpool.py:1099: InsecureRequestWarning: Unverified HTTPS request is being made to host 'randomuser.me'. Adding certificate verification is strongly advised. See: https://urllib3.readthedocs.io/en/latest/advanced-usage.html#tls-warnings
  warnings.warn(</msg>
<msg time="2024-06-20T11:12:34.162261" level="INFO">${response} = &lt;Response [200]&gt;</msg>
<var>${response}</var>
<arg>consultarAPI</arg>
<arg>/api</arg>
<doc>Sends a GET request on a previously created HTTP Session.</doc>
<status status="PASS" start="2024-06-20T11:12:34.053362" elapsed="0.108940"/>
</kw>
<kw name="Set Variable" owner="BuiltIn">
<msg time="2024-06-20T11:12:34.163376" level="INFO">${json_data} = {'results': [{'gender': 'female', 'name': {'title': 'Mrs', 'first': 'Iida', 'last': 'Saarinen'}, 'location': {'street': {'number': 9783, 'name': 'Esplanadi'}, 'city': 'Padasjoki', 'state': 'Ostrobothn...</msg>
<var>${json_data}</var>
<arg>${response.json()}</arg>
<doc>Returns the given values which can then be assigned to a variables.</doc>
<status status="PASS" start="2024-06-20T11:12:34.162798" elapsed="0.000607"/>
</kw>
<kw name="Log" owner="BuiltIn">
<msg time="2024-06-20T11:12:34.163885" level="INFO">{'results': [{'gender': 'female', 'name': {'title': 'Mrs', 'first': 'Iida', 'last': 'Saarinen'}, 'location': {'street': {'number': 9783, 'name': 'Esplanadi'}, 'city': 'Padasjoki', 'state': 'Ostrobothnia', 'country': 'Finland', 'postcode': 66897, 'coordinates': {'latitude': '-27.3945', 'longitude': '0.5289'}, 'timezone': {'offset': '+9:00', 'description': 'Tokyo, Seoul, Osaka, Sapporo, Yakutsk'}}, 'email': 'iida.saarinen@example.com', 'login': {'uuid': '5d7ef198-ada2-4b20-876c-a6d305e71295', 'username': 'silverostrich441', 'password': 'happy2', 'salt': '1QiTjcXE', 'md5': 'a1cf56bbbd937015b3334b54d5bce412', 'sha1': '0d46cbf208d4d5061975254c3518d974515a6b69', 'sha256': 'b2fa77570ca48b030d642ed93ef6cbf1f0d693c1edf2d823cca2c2db79e2f520'}, 'dob': {'date': '1991-03-02T02:47:38.162Z', 'age': 33}, 'registered': {'date': '2007-01-15T15:39:29.796Z', 'age': 17}, 'phone': '04-941-153', 'cell': '049-467-93-01', 'id': {'name': 'HETU', 'value': 'NaNNA718undefined'}, 'picture': {'large': 'https://randomuser.me/api/portraits/women/4.jpg', 'medium': 'https://randomuser.me/api/portraits/med/women/4.jpg', 'thumbnail': 'https://randomuser.me/api/portraits/thumb/women/4.jpg'}, 'nat': 'FI'}], 'info': {'seed': '4e077fcd41f60194', 'results': 1, 'page': 1, 'version': '1.4'}}</msg>
<arg>${json_data}</arg>
<doc>Logs the given message with the given level.</doc>
<status status="PASS" start="2024-06-20T11:12:34.163723" elapsed="0.000211"/>
</kw>
<kw name="Dictionary Should Contain Key" owner="Collections">
<arg>${json_data}</arg>
<arg>results</arg>
<doc>Fails if ``key`` is not found from ``dictionary``.</doc>
<status status="PASS" start="2024-06-20T11:12:34.164223" elapsed="0.000156"/>
</kw>
<kw name="Should Not Be Empty" owner="BuiltIn">
<msg time="2024-06-20T11:12:34.164677" level="INFO">Length is 2.</msg>
<arg>${json_data}</arg>
<doc>Verifies that the given item is not empty.</doc>
<status status="PASS" start="2024-06-20T11:12:34.164556" elapsed="0.000165"/>
</kw>
<kw name="Create List" owner="BuiltIn">
<msg time="2024-06-20T11:12:34.165155" level="INFO">${expected_keys} = ['gender', 'name', 'location', 'email', 'login']</msg>
<var>${expected_keys}</var>
<arg>gender</arg>
<arg>name</arg>
<arg>location</arg>
<arg>email</arg>
<arg>login</arg>
<doc>Returns a list containing given items.</doc>
<status status="PASS" start="2024-06-20T11:12:34.165010" elapsed="0.000169"/>
</kw>
<for flavor="IN">
<iter>
<kw name="Dictionary Should Contain Key" owner="Collections">
<arg>${json_data['results'][0]}</arg>
<arg>${key}</arg>
<doc>Fails if ``key`` is not found from ``dictionary``.</doc>
<status status="PASS" start="2024-06-20T11:12:34.165902" elapsed="0.000395"/>
</kw>
<kw name="Log" owner="BuiltIn">
<msg time="2024-06-20T11:12:34.166863" level="INFO">{'gender': 'female', 'name': {'title': 'Mrs', 'first': 'Iida', 'last': 'Saarinen'}, 'location': {'street': {'number': 9783, 'name': 'Esplanadi'}, 'city': 'Padasjoki', 'state': 'Ostrobothnia', 'country': 'Finland', 'postcode': 66897, 'coordinates': {'latitude': '-27.3945', 'longitude': '0.5289'}, 'timezone': {'offset': '+9:00', 'description': 'Tokyo, Seoul, Osaka, Sapporo, Yakutsk'}}, 'email': 'iida.saarinen@example.com', 'login': {'uuid': '5d7ef198-ada2-4b20-876c-a6d305e71295', 'username': 'silverostrich441', 'password': 'happy2', 'salt': '1QiTjcXE', 'md5': 'a1cf56bbbd937015b3334b54d5bce412', 'sha1': '0d46cbf208d4d5061975254c3518d974515a6b69', 'sha256': 'b2fa77570ca48b030d642ed93ef6cbf1f0d693c1edf2d823cca2c2db79e2f520'}, 'dob': {'date': '1991-03-02T02:47:38.162Z', 'age': 33}, 'registered': {'date': '2007-01-15T15:39:29.796Z', 'age': 17}, 'phone': '04-941-153', 'cell': '049-467-93-01', 'id': {'name': 'HETU', 'value': 'NaNNA718undefined'}, 'picture': {'large': 'https://randomuser.me/api/portraits/women/4.jpg', 'medium': 'https://randomuser.me/api/portraits/med/women/4.jpg', 'thumbnail': 'https://randomuser.me/api/portraits/thumb/women/4.jpg'}, 'nat': 'FI'}</msg>
<arg>${json_data['results'][0]}</arg>
<doc>Logs the given message with the given level.</doc>
<status status="PASS" start="2024-06-20T11:12:34.166507" elapsed="0.000415"/>
</kw>
<kw name="Log" owner="BuiltIn">
<msg time="2024-06-20T11:12:34.167347" level="INFO">gender</msg>
<arg>${key}</arg>
<doc>Logs the given message with the given level.</doc>
<status status="PASS" start="2024-06-20T11:12:34.167219" elapsed="0.000166"/>
</kw>
<var name="${key}">gender</var>
<status status="PASS" start="2024-06-20T11:12:34.165775" elapsed="0.001826"/>
</iter>
<iter>
<kw name="Dictionary Should Contain Key" owner="Collections">
<arg>${json_data['results'][0]}</arg>
<arg>${key}</arg>
<doc>Fails if ``key`` is not found from ``dictionary``.</doc>
<status status="PASS" start="2024-06-20T11:12:34.167889" elapsed="0.000385"/>
</kw>
<kw name="Log" owner="BuiltIn">
<msg time="2024-06-20T11:12:34.168845" level="INFO">{'gender': 'female', 'name': {'title': 'Mrs', 'first': 'Iida', 'last': 'Saarinen'}, 'location': {'street': {'number': 9783, 'name': 'Esplanadi'}, 'city': 'Padasjoki', 'state': 'Ostrobothnia', 'country': 'Finland', 'postcode': 66897, 'coordinates': {'latitude': '-27.3945', 'longitude': '0.5289'}, 'timezone': {'offset': '+9:00', 'description': 'Tokyo, Seoul, Osaka, Sapporo, Yakutsk'}}, 'email': 'iida.saarinen@example.com', 'login': {'uuid': '5d7ef198-ada2-4b20-876c-a6d305e71295', 'username': 'silverostrich441', 'password': 'happy2', 'salt': '1QiTjcXE', 'md5': 'a1cf56bbbd937015b3334b54d5bce412', 'sha1': '0d46cbf208d4d5061975254c3518d974515a6b69', 'sha256': 'b2fa77570ca48b030d642ed93ef6cbf1f0d693c1edf2d823cca2c2db79e2f520'}, 'dob': {'date': '1991-03-02T02:47:38.162Z', 'age': 33}, 'registered': {'date': '2007-01-15T15:39:29.796Z', 'age': 17}, 'phone': '04-941-153', 'cell': '049-467-93-01', 'id': {'name': 'HETU', 'value': 'NaNNA718undefined'}, 'picture': {'large': 'https://randomuser.me/api/portraits/women/4.jpg', 'medium': 'https://randomuser.me/api/portraits/med/women/4.jpg', 'thumbnail': 'https://randomuser.me/api/portraits/thumb/women/4.jpg'}, 'nat': 'FI'}</msg>
<arg>${json_data['results'][0]}</arg>
<doc>Logs the given message with the given level.</doc>
<status status="PASS" start="2024-06-20T11:12:34.168455" elapsed="0.000437"/>
</kw>
<kw name="Log" owner="BuiltIn">
<msg time="2024-06-20T11:12:34.169312" level="INFO">name</msg>
<arg>${key}</arg>
<doc>Logs the given message with the given level.</doc>
<status status="PASS" start="2024-06-20T11:12:34.169184" elapsed="0.000165"/>
</kw>
<var name="${key}">name</var>
<status status="PASS" start="2024-06-20T11:12:34.167782" elapsed="0.001781"/>
</iter>
<iter>
<kw name="Dictionary Should Contain Key" owner="Collections">
<arg>${json_data['results'][0]}</arg>
<arg>${key}</arg>
<doc>Fails if ``key`` is not found from ``dictionary``.</doc>
<status status="PASS" start="2024-06-20T11:12:34.169838" elapsed="0.000385"/>
</kw>
<kw name="Log" owner="BuiltIn">
<msg time="2024-06-20T11:12:34.170785" level="INFO">{'gender': 'female', 'name': {'title': 'Mrs', 'first': 'Iida', 'last': 'Saarinen'}, 'location': {'street': {'number': 9783, 'name': 'Esplanadi'}, 'city': 'Padasjoki', 'state': 'Ostrobothnia', 'country': 'Finland', 'postcode': 66897, 'coordinates': {'latitude': '-27.3945', 'longitude': '0.5289'}, 'timezone': {'offset': '+9:00', 'description': 'Tokyo, Seoul, Osaka, Sapporo, Yakutsk'}}, 'email': 'iida.saarinen@example.com', 'login': {'uuid': '5d7ef198-ada2-4b20-876c-a6d305e71295', 'username': 'silverostrich441', 'password': 'happy2', 'salt': '1QiTjcXE', 'md5': 'a1cf56bbbd937015b3334b54d5bce412', 'sha1': '0d46cbf208d4d5061975254c3518d974515a6b69', 'sha256': 'b2fa77570ca48b030d642ed93ef6cbf1f0d693c1edf2d823cca2c2db79e2f520'}, 'dob': {'date': '1991-03-02T02:47:38.162Z', 'age': 33}, 'registered': {'date': '2007-01-15T15:39:29.796Z', 'age': 17}, 'phone': '04-941-153', 'cell': '049-467-93-01', 'id': {'name': 'HETU', 'value': 'NaNNA718undefined'}, 'picture': {'large': 'https://randomuser.me/api/portraits/women/4.jpg', 'medium': 'https://randomuser.me/api/portraits/med/women/4.jpg', 'thumbnail': 'https://randomuser.me/api/portraits/thumb/women/4.jpg'}, 'nat': 'FI'}</msg>
<arg>${json_data['results'][0]}</arg>
<doc>Logs the given message with the given level.</doc>
<status status="PASS" start="2024-06-20T11:12:34.170401" elapsed="0.000431"/>
</kw>
<kw name="Log" owner="BuiltIn">
<msg time="2024-06-20T11:12:34.171249" level="INFO">location</msg>
<arg>${key}</arg>
<doc>Logs the given message with the given level.</doc>
<status status="PASS" start="2024-06-20T11:12:34.171124" elapsed="0.000161"/>
</kw>
<var name="${key}">location</var>
<status status="PASS" start="2024-06-20T11:12:34.169735" elapsed="0.001763"/>
</iter>
<iter>
<kw name="Dictionary Should Contain Key" owner="Collections">
<arg>${json_data['results'][0]}</arg>
<arg>${key}</arg>
<doc>Fails if ``key`` is not found from ``dictionary``.</doc>
<status status="PASS" start="2024-06-20T11:12:34.171769" elapsed="0.000377"/>
</kw>
<kw name="Log" owner="BuiltIn">
<msg time="2024-06-20T11:12:34.172674" level="INFO">{'gender': 'female', 'name': {'title': 'Mrs', 'first': 'Iida', 'last': 'Saarinen'}, 'location': {'street': {'number': 9783, 'name': 'Esplanadi'}, 'city': 'Padasjoki', 'state': 'Ostrobothnia', 'country': 'Finland', 'postcode': 66897, 'coordinates': {'latitude': '-27.3945', 'longitude': '0.5289'}, 'timezone': {'offset': '+9:00', 'description': 'Tokyo, Seoul, Osaka, Sapporo, Yakutsk'}}, 'email': 'iida.saarinen@example.com', 'login': {'uuid': '5d7ef198-ada2-4b20-876c-a6d305e71295', 'username': 'silverostrich441', 'password': 'happy2', 'salt': '1QiTjcXE', 'md5': 'a1cf56bbbd937015b3334b54d5bce412', 'sha1': '0d46cbf208d4d5061975254c3518d974515a6b69', 'sha256': 'b2fa77570ca48b030d642ed93ef6cbf1f0d693c1edf2d823cca2c2db79e2f520'}, 'dob': {'date': '1991-03-02T02:47:38.162Z', 'age': 33}, 'registered': {'date': '2007-01-15T15:39:29.796Z', 'age': 17}, 'phone': '04-941-153', 'cell': '049-467-93-01', 'id': {'name': 'HETU', 'value': 'NaNNA718undefined'}, 'picture': {'large': 'https://randomuser.me/api/portraits/women/4.jpg', 'medium': 'https://randomuser.me/api/portraits/med/women/4.jpg', 'thumbnail': 'https://randomuser.me/api/portraits/thumb/women/4.jpg'}, 'nat': 'FI'}</msg>
<arg>${json_data['results'][0]}</arg>
<doc>Logs the given message with the given level.</doc>
<status status="PASS" start="2024-06-20T11:12:34.172326" elapsed="0.000395"/>
</kw>
<kw name="Log" owner="BuiltIn">
<msg time="2024-06-20T11:12:34.173134" level="INFO">email</msg>
<arg>${key}</arg>
<doc>Logs the given message with the given level.</doc>
<status status="PASS" start="2024-06-20T11:12:34.173008" elapsed="0.000164"/>
</kw>
<var name="${key}">email</var>
<status status="PASS" start="2024-06-20T11:12:34.171665" elapsed="0.001733"/>
</iter>
<iter>
<kw name="Dictionary Should Contain Key" owner="Collections">
<arg>${json_data['results'][0]}</arg>
<arg>${key}</arg>
<doc>Fails if ``key`` is not found from ``dictionary``.</doc>
<status status="PASS" start="2024-06-20T11:12:34.173674" elapsed="0.000381"/>
</kw>
<kw name="Log" owner="BuiltIn">
<msg time="2024-06-20T11:12:34.174612" level="INFO">{'gender': 'female', 'name': {'title': 'Mrs', 'first': 'Iida', 'last': 'Saarinen'}, 'location': {'street': {'number': 9783, 'name': 'Esplanadi'}, 'city': 'Padasjoki', 'state': 'Ostrobothnia', 'country': 'Finland', 'postcode': 66897, 'coordinates': {'latitude': '-27.3945', 'longitude': '0.5289'}, 'timezone': {'offset': '+9:00', 'description': 'Tokyo, Seoul, Osaka, Sapporo, Yakutsk'}}, 'email': 'iida.saarinen@example.com', 'login': {'uuid': '5d7ef198-ada2-4b20-876c-a6d305e71295', 'username': 'silverostrich441', 'password': 'happy2', 'salt': '1QiTjcXE', 'md5': 'a1cf56bbbd937015b3334b54d5bce412', 'sha1': '0d46cbf208d4d5061975254c3518d974515a6b69', 'sha256': 'b2fa77570ca48b030d642ed93ef6cbf1f0d693c1edf2d823cca2c2db79e2f520'}, 'dob': {'date': '1991-03-02T02:47:38.162Z', 'age': 33}, 'registered': {'date': '2007-01-15T15:39:29.796Z', 'age': 17}, 'phone': '04-941-153', 'cell': '049-467-93-01', 'id': {'name': 'HETU', 'value': 'NaNNA718undefined'}, 'picture': {'large': 'https://randomuser.me/api/portraits/women/4.jpg', 'medium': 'https://randomuser.me/api/portraits/med/women/4.jpg', 'thumbnail': 'https://randomuser.me/api/portraits/thumb/women/4.jpg'}, 'nat': 'FI'}</msg>
<arg>${json_data['results'][0]}</arg>
<doc>Logs the given message with the given level.</doc>
<status status="PASS" start="2024-06-20T11:12:34.174231" elapsed="0.000428"/>
</kw>
<kw name="Log" owner="BuiltIn">
<msg time="2024-06-20T11:12:34.175080" level="INFO">login</msg>
<arg>${key}</arg>
<doc>Logs the given message with the given level.</doc>
<status status="PASS" start="2024-06-20T11:12:34.174951" elapsed="0.000166"/>
</kw>
<var name="${key}">login</var>
<status status="PASS" start="2024-06-20T11:12:34.173568" elapsed="0.001759"/>
</iter>
<var>${key}</var>
<value>@{expected_keys}</value>
<status status="PASS" start="2024-06-20T11:12:34.165582" elapsed="0.009862"/>
</for>
<kw name="Create List" owner="BuiltIn">
<msg time="2024-06-20T11:12:34.175790" level="INFO">${expected_keysTwo} = ['username', 'password']</msg>
<var>${expected_keysTwo}</var>
<arg>username</arg>
<arg>password</arg>
<doc>Returns a list containing given items.</doc>
<status status="PASS" start="2024-06-20T11:12:34.175655" elapsed="0.000158"/>
</kw>
<for flavor="IN">
<iter>
<kw name="Dictionary Should Contain Key" owner="Collections">
<arg>${json_data['results'][0]['login']}</arg>
<arg>${keyTwo}</arg>
<doc>Fails if ``key`` is not found from ``dictionary``.</doc>
<status status="PASS" start="2024-06-20T11:12:34.176297" elapsed="0.000384"/>
</kw>
<kw name="Dictionary Should Contain Key" owner="Collections">
<arg>${json_data['results'][0]['login']}</arg>
<arg>${keyTwo}</arg>
<doc>Fails if ``key`` is not found from ``dictionary``.</doc>
<status status="PASS" start="2024-06-20T11:12:34.176859" elapsed="0.000384"/>
</kw>
<kw name="Log" owner="BuiltIn">
<msg time="2024-06-20T11:12:34.177532" level="INFO">username</msg>
<arg>${keyTwo}</arg>
<doc>Logs the given message with the given level.</doc>
<status status="PASS" start="2024-06-20T11:12:34.177416" elapsed="0.000153"/>
</kw>
<var name="${keyTwo}">username</var>
<status status="PASS" start="2024-06-20T11:12:34.176194" elapsed="0.001590"/>
</iter>
<iter>
<kw name="Dictionary Should Contain Key" owner="Collections">
<arg>${json_data['results'][0]['login']}</arg>
<arg>${keyTwo}</arg>
<doc>Fails if ``key`` is not found from ``dictionary``.</doc>
<status status="PASS" start="2024-06-20T11:12:34.178055" elapsed="0.000408"/>
</kw>
<kw name="Dictionary Should Contain Key" owner="Collections">
<arg>${json_data['results'][0]['login']}</arg>
<arg>${keyTwo}</arg>
<doc>Fails if ``key`` is not found from ``dictionary``.</doc>
<status status="PASS" start="2024-06-20T11:12:34.178645" elapsed="0.000388"/>
</kw>
<kw name="Log" owner="BuiltIn">
<msg time="2024-06-20T11:12:34.179328" level="INFO">password</msg>
<arg>${keyTwo}</arg>
<doc>Logs the given message with the given level.</doc>
<status status="PASS" start="2024-06-20T11:12:34.179210" elapsed="0.000155"/>
</kw>
<var name="${keyTwo}">password</var>
<status status="PASS" start="2024-06-20T11:12:34.177952" elapsed="0.001631"/>
</iter>
<var>${keyTwo}</var>
<value>@{expected_keysTwo}</value>
<status status="PASS" start="2024-06-20T11:12:34.176045" elapsed="0.003656"/>
</for>
<status status="PASS" start="2024-06-20T11:12:34.053134" elapsed="0.126704"/>
</kw>
<doc>Testa a estrutura da resposta da API.</doc>
<tag>testeEstruturaResposta</tag>
<status status="PASS" start="2024-06-20T11:12:34.052632" elapsed="0.127356"/>
</test>
<test id="s1-s1-t4" name="Validar tipos de dados" line="28">
<kw name="Teste de Tipos de Dados" owner="random-user-service">
<kw name="GET On Session" owner="RequestsLibrary">
<msg time="2024-06-20T11:12:34.324143" level="INFO">GET Request : url=https://randomuser.me/api 
 path_url=/api 
 headers={'User-Agent': 'python-requests/2.32.3', 'Accept-Encoding': 'gzip, deflate', 'Accept': '*/*', 'Connection': 'keep-alive'} 
 body=None 
 </msg>
<msg time="2024-06-20T11:12:34.324228" level="INFO">GET Response : url=https://randomuser.me/api 
 status=200, reason=OK 
 headers={'Date': 'Thu, 20 Jun 2024 11:12:34 GMT', 'Content-Type': 'application/json; charset=utf-8', 'Transfer-Encoding': 'chunked', 'Connection': 'keep-alive', 'X-Powered-By': 'Express', 'Access-Control-Allow-Origin': '*', 'Cache-Control': 'no-cache', 'ETag': 'W/"4ab-KwDbkfLtLge8wVnEHMrrbHfTJYE"', 'Vary': 'Accept-Encoding', 'Content-Encoding': 'gzip', 'CF-Cache-Status': 'DYNAMIC', 'Report-To': '{"endpoints":[{"url":"https:\\/\\/a.nel.cloudflare.com\\/report\\/v4?s=Snr1nE%2B12OtYNEQc6F3F3FmKfXIdpJOOtcbfNdwSmLWcisOmrzmitYaQCPgZbdTEbDvIYntRRS1mEZCpPyskcs4i%2FyzIuPkq068jHTx1mFLHzEwh5dh%2FKEdAF5Pljo6g"}],"group":"cf-nel","max_age":604800}', 'NEL': '{"success_fraction":0,"report_to":"cf-nel","max_age":604800}', 'Server': 'cloudflare', 'CF-RAY': '896b5315a86e399a-IAD', 'alt-svc': 'h3=":443"; ma=86400'} 
 body={"results":[{"gender":"female","name":{"title":"Miss","first":"Lila","last":"Legrand"},"location":{"street":{"number":3713,"name":"Place de la Mairie"},"city":"Lille","state":"Bouches-du-Rhône","country":"France","postcode":46138,"coordinates":{"latitude":"-14.7450","longitude":"109.2313"},"timezone":{"offset":"+10:00","description":"Eastern Australia, Guam, Vladivostok"}},"email":"lila.legrand@example.com","login":{"uuid":"881f5462-62c1-4cba-bec7-f3fe879dbfa6","username":"heavywolf280","password":"salmon","salt":"hXgWTNB6","md5":"56569642069e917dcefc0369851fe8d2","sha1":"76909c8dfec401a975b9ab0c4edfa535b71a0360","sha256":"9935a372c73442b0870dfbe46a9bd2ae8bfe976615c7b6dae76a179d1ababd27"},"dob":{"date":"2000-05-06T06:34:37.997Z","age":24},"registered":{"date":"2019-12-29T15:55:21.962Z","age":4},"phone":"03-58-69-63-11","cell":"06-45-70-55-23","id":{"name":"INSEE","value":"21000470997171 23"},"picture":{"large":"https://randomuser.me/api/portraits/women/49.jpg","medium":"https://randomuser.me/api/portraits/med/women/49.jpg","thumbnail":"https://randomuser.me/api/portraits/thumb/women/49.jpg"},"nat":"FR"}],"info":{"seed":"8c9732a6d5cf1e27","results":1,"page":1,"version":"1.4"}} 
 </msg>
<msg time="2024-06-20T11:12:34.324316" level="INFO">/opt/hostedtoolcache/Python/3.12.4/x64/lib/python3.12/site-packages/urllib3/connectionpool.py:1099: InsecureRequestWarning: Unverified HTTPS request is being made to host 'randomuser.me'. Adding certificate verification is strongly advised. See: https://urllib3.readthedocs.io/en/latest/advanced-usage.html#tls-warnings
  warnings.warn(</msg>
<msg time="2024-06-20T11:12:34.324439" level="INFO">${response} = &lt;Response [200]&gt;</msg>
<var>${response}</var>
<arg>consultarAPI</arg>
<arg>/api</arg>
<doc>Sends a GET request on a previously created HTTP Session.</doc>
<status status="PASS" start="2024-06-20T11:12:34.182596" elapsed="0.141882"/>
</kw>
<kw name="Set Variable" owner="BuiltIn">
<msg time="2024-06-20T11:12:34.325569" level="INFO">${json_data} = {'results': [{'gender': 'female', 'name': {'title': 'Miss', 'first': 'Lila', 'last': 'Legrand'}, 'location': {'street': {'number': 3713, 'name': 'Place de la Mairie'}, 'city': 'Lille', 'state': 'Bouch...</msg>
<var>${json_data}</var>
<arg>${response.json()}</arg>
<doc>Returns the given values which can then be assigned to a variables.</doc>
<status status="PASS" start="2024-06-20T11:12:34.325007" elapsed="0.000591"/>
</kw>
<kw name="Log" owner="BuiltIn">
<msg time="2024-06-20T11:12:34.326054" level="INFO">{'results': [{'gender': 'female', 'name': {'title': 'Miss', 'first': 'Lila', 'last': 'Legrand'}, 'location': {'street': {'number': 3713, 'name': 'Place de la Mairie'}, 'city': 'Lille', 'state': 'Bouches-du-Rhône', 'country': 'France', 'postcode': 46138, 'coordinates': {'latitude': '-14.7450', 'longitude': '109.2313'}, 'timezone': {'offset': '+10:00', 'description': 'Eastern Australia, Guam, Vladivostok'}}, 'email': 'lila.legrand@example.com', 'login': {'uuid': '881f5462-62c1-4cba-bec7-f3fe879dbfa6', 'username': 'heavywolf280', 'password': 'salmon', 'salt': 'hXgWTNB6', 'md5': '56569642069e917dcefc0369851fe8d2', 'sha1': '76909c8dfec401a975b9ab0c4edfa535b71a0360', 'sha256': '9935a372c73442b0870dfbe46a9bd2ae8bfe976615c7b6dae76a179d1ababd27'}, 'dob': {'date': '2000-05-06T06:34:37.997Z', 'age': 24}, 'registered': {'date': '2019-12-29T15:55:21.962Z', 'age': 4}, 'phone': '03-58-69-63-11', 'cell': '06-45-70-55-23', 'id': {'name': 'INSEE', 'value': '21000470997171 23'}, 'picture': {'large': 'https://randomuser.me/api/portraits/women/49.jpg', 'medium': 'https://randomuser.me/api/portraits/med/women/49.jpg', 'thumbnail': 'https://randomuser.me/api/portraits/thumb/women/49.jpg'}, 'nat': 'FR'}], 'info': {'seed': '8c9732a6d5cf1e27', 'results': 1, 'page': 1, 'version': '1.4'}}</msg>
<arg>${json_data}</arg>
<doc>Logs the given message with the given level.</doc>
<status status="PASS" start="2024-06-20T11:12:34.325899" elapsed="0.000204"/>
</kw>
<kw name="Should Be String" owner="String">
<arg>${json_data['results'][0]['gender']}</arg>
<doc>Fails if the given ``item`` is not a string.</doc>
<status status="PASS" start="2024-06-20T11:12:34.326395" elapsed="0.000410"/>
</kw>
<kw name="Should Match Regexp" owner="BuiltIn">
<arg>${json_data['results'][0]['email']}</arg>
<arg>^[a-zA-Z0-9._%+-]+@[a-zA-Z0-9.-]+\.[a-zA-Z]{2,}$</arg>
<doc>Fails if ``string`` does not match ``pattern`` as a regular expression.</doc>
<status status="PASS" start="2024-06-20T11:12:34.327026" elapsed="0.000514"/>
</kw>
<kw name="Should Match Regexp" owner="BuiltIn">
<arg>${json_data['results'][0]['dob']['date']}</arg>
<arg>\\d{4}-\\d{2}-\\d{2}T\\d{2}:\\d{2}:\\d{2}\\.\\d{3}Z</arg>
<doc>Fails if ``string`` does not match ``pattern`` as a regular expression.</doc>
<status status="PASS" start="2024-06-20T11:12:34.327730" elapsed="0.000496"/>
</kw>
<kw name="Should Match Regexp" owner="BuiltIn">
<arg>${json_data['results'][0]['registered']['date']}</arg>
<arg>\\d{4}-\\d{2}-\\d{2}T\\d{2}:\\d{2}:\\d{2}\\.\\d{3}Z</arg>
<doc>Fails if ``string`` does not match ``pattern`` as a regular expression.</doc>
<status status="PASS" start="2024-06-20T11:12:34.328412" elapsed="0.000366"/>
</kw>
<kw name="Should Match Regexp" owner="BuiltIn">
<arg>${json_data['results'][0]['picture']['large']}</arg>
<arg>^https?://.*\.(?:png|jpe?g|gif|bmp)$</arg>
<doc>Fails if ``string`` does not match ``pattern`` as a regular expression.</doc>
<status status="PASS" start="2024-06-20T11:12:34.328960" elapsed="0.000457"/>
</kw>
<kw name="Should Match Regexp" owner="BuiltIn">
<arg>${json_data['results'][0]['picture']['medium']}</arg>
<arg>^https?://.*\.(?:png|jpe?g|gif|bmp)$</arg>
<doc>Fails if ``string`` does not match ``pattern`` as a regular expression.</doc>
<status status="PASS" start="2024-06-20T11:12:34.329601" elapsed="0.000349"/>
</kw>
<kw name="Should Match Regexp" owner="BuiltIn">
<arg>${json_data['results'][0]['picture']['thumbnail']}</arg>
<arg>^https?://.*\.(?:png|jpe?g|gif|bmp)$</arg>
<doc>Fails if ``string`` does not match ``pattern`` as a regular expression.</doc>
<status status="PASS" start="2024-06-20T11:12:34.330129" elapsed="0.000391"/>
</kw>
<kw name="Log" owner="BuiltIn">
<msg time="2024-06-20T11:12:34.331047" level="INFO">{'large': 'https://randomuser.me/api/portraits/women/49.jpg', 'medium': 'https://randomuser.me/api/portraits/med/women/49.jpg', 'thumbnail': 'https://randomuser.me/api/portraits/thumb/women/49.jpg'}</msg>
<arg>${json_data['results'][0]['picture']}</arg>
<doc>Logs the given message with the given level.</doc>
<status status="PASS" start="2024-06-20T11:12:34.330710" elapsed="0.000382"/>
</kw>
<status status="PASS" start="2024-06-20T11:12:34.182342" elapsed="0.149008"/>
</kw>
<kw name="Teste de Tipos de Dados - Postcode" owner="random-user-service">
<kw name="GET On Session" owner="RequestsLibrary">
<msg time="2024-06-20T11:12:34.412821" level="INFO">GET Request : url=https://randomuser.me/api 
 path_url=/api 
 headers={'User-Agent': 'python-requests/2.32.3', 'Accept-Encoding': 'gzip, deflate', 'Accept': '*/*', 'Connection': 'keep-alive'} 
 body=None 
 </msg>
<msg time="2024-06-20T11:12:34.412901" level="INFO">GET Response : url=https://randomuser.me/api 
 status=200, reason=OK 
 headers={'Date': 'Thu, 20 Jun 2024 11:12:34 GMT', 'Content-Type': 'application/json; charset=utf-8', 'Transfer-Encoding': 'chunked', 'Connection': 'keep-alive', 'X-Powered-By': 'Express', 'Access-Control-Allow-Origin': '*', 'Cache-Control': 'no-cache', 'ETag': 'W/"497-EPAzK53oE/dbuZvhvAmz0YneEuo"', 'Vary': 'Accept-Encoding', 'Content-Encoding': 'gzip', 'CF-Cache-Status': 'DYNAMIC', 'Report-To': '{"endpoints":[{"url":"https:\\/\\/a.nel.cloudflare.com\\/report\\/v4?s=dPBktiTVzsBZMBFHAE2OJdOUzS%2FU0%2FpHqDotyfVXztWv6O0PLtSUQa6mbB7jh%2ByVtyp%2FIMt%2FTNtjxDuWEjocXppzJBWz28X%2F0zybB9EXATrvqGEwuZ%2BVhl50r7Y14%2Bpb"}],"group":"cf-nel","max_age":604800}', 'NEL': '{"success_fraction":0,"report_to":"cf-nel","max_age":604800}', 'Server': 'cloudflare', 'CF-RAY': '896b531699b0399a-IAD', 'alt-svc': 'h3=":443"; ma=86400'} 
 body={"results":[{"gender":"male","name":{"title":"Mr","first":"Samuel","last":"Tuominen"},"location":{"street":{"number":8196,"name":"Hatanpään Valtatie"},"city":"Hartola","state":"South Karelia","country":"Finland","postcode":21264,"coordinates":{"latitude":"-21.9337","longitude":"-0.4040"},"timezone":{"offset":"+9:30","description":"Adelaide, Darwin"}},"email":"samuel.tuominen@example.com","login":{"uuid":"deed21b2-630e-40e7-acd1-cd0da457798f","username":"ticklishbutterfly791","password":"rosemary","salt":"Ald7a4D5","md5":"87d7e4140bdbded213ca9769fbd57403","sha1":"8da0ccce348f0660767f3b05e8d964fef4873c90","sha256":"917b1ec00150cca5df447b768a9f944663126e45195e2474297b8289957e5554"},"dob":{"date":"1991-06-11T11:50:56.947Z","age":33},"registered":{"date":"2002-09-18T12:01:24.004Z","age":21},"phone":"07-234-455","cell":"049-232-55-18","id":{"name":"HETU","value":"NaNNA195undefined"},"picture":{"large":"https://randomuser.me/api/portraits/men/87.jpg","medium":"https://randomuser.me/api/portraits/med/men/87.jpg","thumbnail":"https://randomuser.me/api/portraits/thumb/men/87.jpg"},"nat":"FI"}],"info":{"seed":"3e03a1bb287e273a","results":1,"page":1,"version":"1.4"}} 
 </msg>
<msg time="2024-06-20T11:12:34.412970" level="INFO">/opt/hostedtoolcache/Python/3.12.4/x64/lib/python3.12/site-packages/urllib3/connectionpool.py:1099: InsecureRequestWarning: Unverified HTTPS request is being made to host 'randomuser.me'. Adding certificate verification is strongly advised. See: https://urllib3.readthedocs.io/en/latest/advanced-usage.html#tls-warnings
  warnings.warn(</msg>
<msg time="2024-06-20T11:12:34.413089" level="INFO">${response} = &lt;Response [200]&gt;</msg>
<var>${response}</var>
<arg>consultarAPI</arg>
<arg>/api</arg>
<doc>Sends a GET request on a previously created HTTP Session.</doc>
<status status="PASS" start="2024-06-20T11:12:34.331791" elapsed="0.081344"/>
</kw>
<kw name="Set Variable" owner="BuiltIn">
<msg time="2024-06-20T11:12:34.414219" level="INFO">${json_data} = {'results': [{'gender': 'male', 'name': {'title': 'Mr', 'first': 'Samuel', 'last': 'Tuominen'}, 'location': {'street': {'number': 8196, 'name': 'Hatanpään Valtatie'}, 'city': 'Hartola', 'state': 'Sout...</msg>
<var>${json_data}</var>
<arg>${response.json()}</arg>
<doc>Returns the given values which can then be assigned to a variables.</doc>
<status status="PASS" start="2024-06-20T11:12:34.413658" elapsed="0.000590"/>
</kw>
<kw name="Log" owner="BuiltIn">
<msg time="2024-06-20T11:12:34.414736" level="INFO">{'results': [{'gender': 'male', 'name': {'title': 'Mr', 'first': 'Samuel', 'last': 'Tuominen'}, 'location': {'street': {'number': 8196, 'name': 'Hatanpään Valtatie'}, 'city': 'Hartola', 'state': 'South Karelia', 'country': 'Finland', 'postcode': 21264, 'coordinates': {'latitude': '-21.9337', 'longitude': '-0.4040'}, 'timezone': {'offset': '+9:30', 'description': 'Adelaide, Darwin'}}, 'email': 'samuel.tuominen@example.com', 'login': {'uuid': 'deed21b2-630e-40e7-acd1-cd0da457798f', 'username': 'ticklishbutterfly791', 'password': 'rosemary', 'salt': 'Ald7a4D5', 'md5': '87d7e4140bdbded213ca9769fbd57403', 'sha1': '8da0ccce348f0660767f3b05e8d964fef4873c90', 'sha256': '917b1ec00150cca5df447b768a9f944663126e45195e2474297b8289957e5554'}, 'dob': {'date': '1991-06-11T11:50:56.947Z', 'age': 33}, 'registered': {'date': '2002-09-18T12:01:24.004Z', 'age': 21}, 'phone': '07-234-455', 'cell': '049-232-55-18', 'id': {'name': 'HETU', 'value': 'NaNNA195undefined'}, 'picture': {'large': 'https://randomuser.me/api/portraits/men/87.jpg', 'medium': 'https://randomuser.me/api/portraits/med/men/87.jpg', 'thumbnail': 'https://randomuser.me/api/portraits/thumb/men/87.jpg'}, 'nat': 'FI'}], 'info': {'seed': '3e03a1bb287e273a', 'results': 1, 'page': 1, 'version': '1.4'}}</msg>
<arg>${json_data}</arg>
<doc>Logs the given message with the given level.</doc>
<status status="PASS" start="2024-06-20T11:12:34.414579" elapsed="0.000205"/>
</kw>
<kw name="Should Be Equal As Numbers" owner="BuiltIn">
<arg>${json_data['results'][0]['location']['postcode']}</arg>
<arg>${json_data['results'][0]['location']['postcode']}</arg>
<doc>Fails if objects are unequal after converting them to real numbers.</doc>
<status status="PASS" start="2024-06-20T11:12:34.415091" elapsed="0.000623"/>
</kw>
<kw name="Log" owner="BuiltIn">
<msg time="2024-06-20T11:12:34.416259" level="INFO">21264</msg>
<arg>${json_data['results'][0]['location']['postcode']}</arg>
<doc>Logs the given message with the given level.</doc>
<status status="PASS" start="2024-06-20T11:12:34.415928" elapsed="0.000371"/>
</kw>
<status status="PASS" start="2024-06-20T11:12:34.331572" elapsed="0.084973"/>
</kw>
<doc>Testa se os tipos de dados na resposta da API estão corretos.</doc>
<tag>testeTiposDados</tag>
<status status="PASS" start="2024-06-20T11:12:34.181723" elapsed="0.234982"/>
</test>
<test id="s1-s1-t5" name="Validar conteudo" line="35">
<kw name="Teste de Tipos de Conteudo" owner="random-user-service">
<kw name="GET On Session" owner="RequestsLibrary">
<msg time="2024-06-20T11:12:34.500788" level="INFO">GET Request : url=https://randomuser.me/api 
 path_url=/api 
 headers={'User-Agent': 'python-requests/2.32.3', 'Accept-Encoding': 'gzip, deflate', 'Accept': '*/*', 'Connection': 'keep-alive'} 
 body=None 
 </msg>
<msg time="2024-06-20T11:12:34.500857" level="INFO">GET Response : url=https://randomuser.me/api 
 status=200, reason=OK 
 headers={'Date': 'Thu, 20 Jun 2024 11:12:34 GMT', 'Content-Type': 'application/json; charset=utf-8', 'Transfer-Encoding': 'chunked', 'Connection': 'keep-alive', 'X-Powered-By': 'Express', 'Access-Control-Allow-Origin': '*', 'Cache-Control': 'no-cache', 'ETag': 'W/"49d-fNxhboXYNasjHMY8e9+JM/W+a9I"', 'Vary': 'Accept-Encoding', 'Content-Encoding': 'gzip', 'CF-Cache-Status': 'DYNAMIC', 'Report-To': '{"endpoints":[{"url":"https:\\/\\/a.nel.cloudflare.com\\/report\\/v4?s=8Fvj8W7TuTPHik1D9AOofbvtZOIG2XpMVEWpGg2EgnsE8EADTMkf7LIQ7WKaTYAKkfZMgVvexK1eg7CcApYFiaYqu%2BVfZqZy93oSs3%2FQLqnQEO00OzmgFOdFeku6lTlz"}],"group":"cf-nel","max_age":604800}', 'NEL': '{"success_fraction":0,"report_to":"cf-nel","max_age":604800}', 'Server': 'cloudflare', 'CF-RAY': '896b53172a39399a-IAD', 'alt-svc': 'h3=":443"; ma=86400'} 
 body={"results":[{"gender":"male","name":{"title":"Mr","first":"Rubén","last":"Sánchez"},"location":{"street":{"number":2709,"name":"Calle de La Almudena"},"city":"Jerez de la Frontera","state":"Islas Baleares","country":"Spain","postcode":38259,"coordinates":{"latitude":"-36.1107","longitude":"-12.4180"},"timezone":{"offset":"+2:00","description":"Kaliningrad, South Africa"}},"email":"ruben.sanchez@example.com","login":{"uuid":"ed8476b5-6ef2-4cbf-aede-97d58a1a068c","username":"ticklishtiger636","password":"temppass","salt":"z49jUR8Q","md5":"127f01fd0bdc3defe9ab2b8ec47aabff","sha1":"5728b6d4e9be0a1eb71646529e6bfe56c8176667","sha256":"89dbed005a3788542a083df7e3a9f18399fc449e94d08e2d65523936d8c08f13"},"dob":{"date":"1972-03-22T10:48:07.152Z","age":52},"registered":{"date":"2018-11-07T19:43:25.038Z","age":5},"phone":"956-060-357","cell":"663-592-144","id":{"name":"DNI","value":"07390764-A"},"picture":{"large":"https://randomuser.me/api/portraits/men/36.jpg","medium":"https://randomuser.me/api/portraits/med/men/36.jpg","thumbnail":"https://randomuser.me/api/portraits/thumb/men/36.jpg"},"nat":"ES"}],"info":{"seed":"bbd16a9a70ced91e","results":1,"page":1,"version":"1.4"}} 
 </msg>
<msg time="2024-06-20T11:12:34.500927" level="INFO">/opt/hostedtoolcache/Python/3.12.4/x64/lib/python3.12/site-packages/urllib3/connectionpool.py:1099: InsecureRequestWarning: Unverified HTTPS request is being made to host 'randomuser.me'. Adding certificate verification is strongly advised. See: https://urllib3.readthedocs.io/en/latest/advanced-usage.html#tls-warnings
  warnings.warn(</msg>
<msg time="2024-06-20T11:12:34.501016" level="INFO">${response} = &lt;Response [200]&gt;</msg>
<var>${response}</var>
<arg>consultarAPI</arg>
<arg>/api</arg>
<doc>Sends a GET request on a previously created HTTP Session.</doc>
<status status="PASS" start="2024-06-20T11:12:34.419283" elapsed="0.081775"/>
</kw>
<kw name="Set Variable" owner="BuiltIn">
<msg time="2024-06-20T11:12:34.502092" level="INFO">${json_data} = {'results': [{'gender': 'male', 'name': {'title': 'Mr', 'first': 'Rubén', 'last': 'Sánchez'}, 'location': {'street': {'number': 2709, 'name': 'Calle de La Almudena'}, 'city': 'Jerez de la Frontera', '...</msg>
<var>${json_data}</var>
<arg>${response.json()}</arg>
<doc>Returns the given values which can then be assigned to a variables.</doc>
<status status="PASS" start="2024-06-20T11:12:34.501540" elapsed="0.000582"/>
</kw>
<kw name="Set Variable" owner="BuiltIn">
<msg time="2024-06-20T11:12:34.502849" level="INFO">${name_title} = Mr</msg>
<var>${name_title}</var>
<arg>${json_data["results"][0]["name"]["title"]}</arg>
<doc>Returns the given values which can then be assigned to a variables.</doc>
<status status="PASS" start="2024-06-20T11:12:34.502455" elapsed="0.000420"/>
</kw>
<kw name="Create List" owner="BuiltIn">
<msg time="2024-06-20T11:12:34.503323" level="INFO">${allowed_titles} = ['Mr', 'Ms', 'Miss', 'Mrs', 'Madame', 'Monsieur']</msg>
<var>${allowed_titles}</var>
<arg>Mr</arg>
<arg>Ms</arg>
<arg>Miss</arg>
<arg>Mrs</arg>
<arg>Madame</arg>
<arg>Monsieur</arg>
<doc>Returns a list containing given items.</doc>
<status status="PASS" start="2024-06-20T11:12:34.503173" elapsed="0.000175"/>
</kw>
<kw name="List Should Contain Value" owner="Collections">
<arg>${allowed_titles}</arg>
<arg>${name_title}</arg>
<doc>Fails if the ``value`` is not found from ``list``.</doc>
<status status="PASS" start="2024-06-20T11:12:34.503650" elapsed="0.000174"/>
</kw>
<kw name="Set Variable" owner="BuiltIn">
<msg time="2024-06-20T11:12:34.504357" level="INFO">${name_country} = ES</msg>
<var>${name_country}</var>
<arg>${json_data["results"][0]["nat"]}</arg>
<doc>Returns the given values which can then be assigned to a variables.</doc>
<status status="PASS" start="2024-06-20T11:12:34.503999" elapsed="0.000383"/>
</kw>
<kw name="Create List" owner="BuiltIn">
<msg time="2024-06-20T11:12:34.505259" level="INFO">${list_country} = ['AD', 'AE', 'AF', 'AG', 'AI', 'AL', 'AM', 'AO', 'AQ', 'AR', 'AS', 'AT', 'AU', 'AW', 'AX', 'AZ', 'BA', 'BB', 'BD', 'BE', 'BF', 'BG', 'BH', 'BI', 'BJ', 'BL', 'BM', 'BN', 'BO', 'BQ', 'BR', 'BS', 'BT', '...</msg>
<var>${list_country}</var>
<arg>AD</arg>
<arg>AE</arg>
<arg>AF</arg>
<arg>AG</arg>
<arg>AI</arg>
<arg>AL</arg>
<arg>AM</arg>
<arg>AO</arg>
<arg>AQ</arg>
<arg>AR</arg>
<arg>AS</arg>
<arg>AT</arg>
<arg>AU</arg>
<arg>AW</arg>
<arg>AX</arg>
<arg>AZ</arg>
<arg>BA</arg>
<arg>BB</arg>
<arg>BD</arg>
<arg>BE</arg>
<arg>BF</arg>
<arg>BG</arg>
<arg>BH</arg>
<arg>BI</arg>
<arg>BJ</arg>
<arg>BL</arg>
<arg>BM</arg>
<arg>BN</arg>
<arg>BO</arg>
<arg>BQ</arg>
<arg>BR</arg>
<arg>BS</arg>
<arg>BT</arg>
<arg>BV</arg>
<arg>BW</arg>
<arg>BY</arg>
<arg>BZ</arg>
<arg>CA</arg>
<arg>CC</arg>
<arg>CD</arg>
<arg>CF</arg>
<arg>CG</arg>
<arg>CH</arg>
<arg>CI</arg>
<arg>CK</arg>
<arg>CL</arg>
<arg>CM</arg>
<arg>CN</arg>
<arg>CO</arg>
<arg>CR</arg>
<arg>CU</arg>
<arg>CV</arg>
<arg>CW</arg>
<arg>CX</arg>
<arg>CY</arg>
<arg>CZ</arg>
<arg>DE</arg>
<arg>DJ</arg>
<arg>DK</arg>
<arg>DM</arg>
<arg>DO</arg>
<arg>DZ</arg>
<arg>EC</arg>
<arg>EE</arg>
<arg>EG</arg>
<arg>EH</arg>
<arg>ER</arg>
<arg>ES</arg>
<arg>ET</arg>
<arg>FI</arg>
<arg>FJ</arg>
<arg>FK</arg>
<arg>FM</arg>
<arg>FO</arg>
<arg>FR</arg>
<arg>GA</arg>
<arg>GB</arg>
<arg>GD</arg>
<arg>GE</arg>
<arg>GF</arg>
<arg>GG</arg>
<arg>GH</arg>
<arg>GI</arg>
<arg>GL</arg>
<arg>GM</arg>
<arg>GN</arg>
<arg>GP</arg>
<arg>GQ</arg>
<arg>GR</arg>
<arg>GS</arg>
<arg>GT</arg>
<arg>GU</arg>
<arg>GW</arg>
<arg>GY</arg>
<arg>HK</arg>
<arg>HM</arg>
<arg>HN</arg>
<arg>HR</arg>
<arg>HT</arg>
<arg>HU</arg>
<arg>ID</arg>
<arg>IE</arg>
<arg>IL</arg>
<arg>IM</arg>
<arg>IN</arg>
<arg>IO</arg>
<arg>IQ</arg>
<arg>IR</arg>
<arg>IS</arg>
<arg>IT</arg>
<arg>JE</arg>
<arg>JM</arg>
<arg>JO</arg>
<arg>JP</arg>
<arg>KE</arg>
<arg>KG</arg>
<arg>KH</arg>
<arg>KI</arg>
<arg>KM</arg>
<arg>KN</arg>
<arg>KP</arg>
<arg>KR</arg>
<arg>KW</arg>
<arg>KY</arg>
<arg>KZ</arg>
<arg>LA</arg>
<arg>LB</arg>
<arg>LC</arg>
<arg>LI</arg>
<arg>LK</arg>
<arg>LR</arg>
<arg>LS</arg>
<arg>LT</arg>
<arg>LU</arg>
<arg>LV</arg>
<arg>LY</arg>
<arg>MA</arg>
<arg>MC</arg>
<arg>MD</arg>
<arg>ME</arg>
<arg>MF</arg>
<arg>MG</arg>
<arg>MH</arg>
<arg>MK</arg>
<arg>ML</arg>
<arg>MM</arg>
<arg>MN</arg>
<arg>MO</arg>
<arg>MP</arg>
<arg>MQ</arg>
<arg>MR</arg>
<arg>MS</arg>
<arg>MT</arg>
<arg>MU</arg>
<arg>MV</arg>
<arg>MW</arg>
<arg>MX</arg>
<arg>MY</arg>
<arg>MZ</arg>
<arg>NA</arg>
<arg>NC</arg>
<arg>NE</arg>
<arg>NF</arg>
<arg>NG</arg>
<arg>NI</arg>
<arg>NL</arg>
<arg>NO</arg>
<arg>NP</arg>
<arg>NR</arg>
<arg>NU</arg>
<arg>NZ</arg>
<arg>OM</arg>
<arg>PA</arg>
<arg>PE</arg>
<arg>PF</arg>
<arg>PG</arg>
<arg>PH</arg>
<arg>PK</arg>
<arg>PL</arg>
<arg>PM</arg>
<arg>PN</arg>
<arg>PR</arg>
<arg>PS</arg>
<arg>PT</arg>
<arg>PW</arg>
<arg>PY</arg>
<arg>QA</arg>
<arg>RE</arg>
<arg>RO</arg>
<arg>RS</arg>
<arg>RU</arg>
<arg>RW</arg>
<arg>SA</arg>
<arg>SB</arg>
<arg>SC</arg>
<arg>SD</arg>
<arg>SE</arg>
<arg>SG</arg>
<arg>SH</arg>
<arg>SI</arg>
<arg>SJ</arg>
<arg>SK</arg>
<arg>SL</arg>
<arg>SM</arg>
<arg>SN</arg>
<arg>SO</arg>
<arg>SR</arg>
<arg>SS</arg>
<arg>ST</arg>
<arg>SV</arg>
<arg>SX</arg>
<arg>SY</arg>
<arg>SZ</arg>
<arg>TC</arg>
<arg>TD</arg>
<arg>TF</arg>
<arg>TG</arg>
<arg>TH</arg>
<arg>TJ</arg>
<arg>TK</arg>
<arg>TL</arg>
<arg>TM</arg>
<arg>TN</arg>
<arg>TO</arg>
<arg>TR</arg>
<arg>TT</arg>
<arg>TV</arg>
<arg>TW</arg>
<arg>TZ</arg>
<arg>UA</arg>
<arg>UG</arg>
<arg>UM</arg>
<arg>US</arg>
<arg>UY</arg>
<arg>UZ</arg>
<arg>VA</arg>
<arg>VC</arg>
<arg>VE</arg>
<arg>VG</arg>
<arg>VI</arg>
<arg>VN</arg>
<arg>VU</arg>
<arg>WF</arg>
<arg>WS</arg>
<arg>XK</arg>
<arg>YE</arg>
<arg>YT</arg>
<arg>ZA</arg>
<arg>ZM</arg>
<arg>ZW</arg>
<doc>Returns a list containing given items.</doc>
<status status="PASS" start="2024-06-20T11:12:34.504666" elapsed="0.000618"/>
</kw>
<kw name="List Should Contain Value" owner="Collections">
<arg>${list_country}</arg>
<arg>${name_country}</arg>
<doc>Fails if the ``value`` is not found from ``list``.</doc>
<status status="PASS" start="2024-06-20T11:12:34.506068" elapsed="0.000200"/>
</kw>
<kw name="Run Keyword If" owner="BuiltIn">
<kw name="Should Be True" owner="BuiltIn">
<arg>${True}</arg>
<doc>Fails if the given condition is not true.</doc>
<status status="PASS" start="2024-06-20T11:12:34.507225" elapsed="0.000141"/>
</kw>
<arg>${json_data["results"][0]["location"]["coordinates"]["latitude"]} &gt;= -90 and ${json_data["results"][0]["location"]["coordinates"]["latitude"]} &lt;= 90</arg>
<arg>Should Be True</arg>
<arg>${True}</arg>
<doc>Runs the given keyword with the given arguments, if ``condition`` is true.</doc>
<status status="PASS" start="2024-06-20T11:12:34.506490" elapsed="0.001000"/>
</kw>
<kw name="Run Keyword If" owner="BuiltIn">
<kw name="Should Be True" owner="BuiltIn">
<arg>${True}</arg>
<doc>Fails if the given condition is not true.</doc>
<status status="PASS" start="2024-06-20T11:12:34.508346" elapsed="0.000133"/>
</kw>
<arg>${json_data["results"][0]["location"]["coordinates"]["longitude"]} &gt;= -180 and ${json_data["results"][0]["location"]["coordinates"]["longitude"]} &lt;= 180</arg>
<arg>Should Be True</arg>
<arg>${True}</arg>
<doc>Runs the given keyword with the given arguments, if ``condition`` is true.</doc>
<status status="PASS" start="2024-06-20T11:12:34.507668" elapsed="0.000932"/>
</kw>
<status status="PASS" start="2024-06-20T11:12:34.418938" elapsed="0.089789"/>
</kw>
<doc>Testa o conteúdo específico dos campos retornados pela API.</doc>
<tag>testeConteudo</tag>
<status status="PASS" start="2024-06-20T11:12:34.418413" elapsed="0.090455"/>
</test>
<status status="PASS" start="2024-06-20T11:12:33.556405" elapsed="0.954456"/>
</suite>
<status status="PASS" start="2024-06-20T11:12:33.542363" elapsed="0.973725"/>
</suite>
<statistics>
<total>
<stat pass="5" fail="0" skip="0">All Tests</stat>
</total>
<tag>
<stat pass="1" fail="0" skip="0">testeConteudo</stat>
<stat pass="1" fail="0" skip="0">testeEstruturaResposta</stat>
<stat pass="1" fail="0" skip="0">testeRequisicaoBasica</stat>
<stat pass="1" fail="0" skip="0">testeTiposDados</stat>
</tag>
<suite>
<stat pass="5" fail="0" skip="0" id="s1" name="Tests">Tests</stat>
<stat pass="5" fail="0" skip="0" id="s1-s1" name="Random-User-Test">Tests.Random-User-Test</stat>
</suite>
</statistics>
<errors>
</errors>
</robot>
