<?xml version="1.0" encoding="UTF-8"?>
<robot generator="Robot 7.0 (Python 3.12.2 on linux)" generated="2024-03-22T18:16:42.832072" rpa="false" schemaversion="5">
<suite id="s1" name="Tests" source="/home/runner/work/DesafioQAItauRogerioJordao/DesafioQAItauRogerioJordao/RamdonUser/tests">
<suite id="s1-s1" name="Random-User-Test" source="/home/runner/work/DesafioQAItauRogerioJordao/DesafioQAItauRogerioJordao/RamdonUser/tests/random-user-test.robot">
<test id="s1-s1-t1" name="Conectar" line="13">
<kw name="Conectar API" owner="random-user-service">
<kw name="Create Session" owner="RequestsLibrary">
<msg time="2024-03-22T18:16:43.209918" level="INFO">Creating Session using : alias=consultarAPI, url=https://randomuser.me/, headers={},                     cookies={}, auth=None, timeout=None, proxies=None, verify=False,                     debug=0 </msg>
<arg>consultarAPI</arg>
<arg>${URL}</arg>
<doc>Create Session: create a HTTP session to a server</doc>
<status status="PASS" start="2024-03-22T18:16:43.209705" elapsed="0.000402"/>
</kw>
<status status="PASS" start="2024-03-22T18:16:43.208600" elapsed="0.001884"/>
</kw>
<status status="PASS" start="2024-03-22T18:16:43.207976" elapsed="0.002709"/>
</test>
<test id="s1-s1-t2" name="Validar retorno 200 e JSON Válido" line="16">
<kw name="Teste de Requisicao Basica" owner="random-user-service">
<kw name="GET On Session" owner="RequestsLibrary">
<msg time="2024-03-22T18:16:43.457458" level="INFO">GET Request : url=https://randomuser.me/api 
 path_url=/api 
 headers={'User-Agent': 'python-requests/2.31.0', 'Accept-Encoding': 'gzip, deflate', 'Accept': '*/*', 'Connection': 'keep-alive'} 
 body=None 
 </msg>
<msg time="2024-03-22T18:16:43.457666" level="INFO">GET Response : url=https://randomuser.me/api 
 status=200, reason=OK 
 headers={'Date': 'Fri, 22 Mar 2024 18:16:43 GMT', 'Content-Type': 'application/json; charset=utf-8', 'Transfer-Encoding': 'chunked', 'Connection': 'keep-alive', 'X-Powered-By': 'Express', 'Access-Control-Allow-Origin': '*', 'Cache-Control': 'no-cache', 'ETag': 'W/"482-5G44/7KPQhUFrLyLYw2afeqibTQ"', 'Vary': 'Accept-Encoding', 'Content-Encoding': 'gzip', 'CF-Cache-Status': 'DYNAMIC', 'Report-To': '{"endpoints":[{"url":"https:\\/\\/a.nel.cloudflare.com\\/report\\/v4?s=VBWI%2BLHv2A%2F5T01uijqBCmE%2BTNw6zhSD72AEF%2BhuXa%2BAjjewS%2BzoHToKQmnRUjBPByLKzLmcb5gaB7XPq17HicwLz7pWItLr37Da3r3ljAeo9ChBsxyBZv5XgvlkpWms"}],"group":"cf-nel","max_age":604800}', 'NEL': '{"success_fraction":0,"report_to":"cf-nel","max_age":604800}', 'Server': 'cloudflare', 'CF-RAY': '86882ca738e8117f-ORD', 'alt-svc': 'h3=":443"; ma=86400'} 
 body={"results":[{"gender":"female","name":{"title":"Miss","first":"Mestan","last":"Babacan"},"location":{"street":{"number":6860,"name":"Tunalı Hilmi Cd"},"city":"Isparta","state":"Ağrı","country":"Turkey","postcode":13371,"coordinates":{"latitude":"64.6560","longitude":"48.6551"},"timezone":{"offset":"+2:00","description":"Kaliningrad, South Africa"}},"email":"mestan.babacan@example.com","login":{"uuid":"9248aa60-091a-43da-a862-e5c67e44415e","username":"blacktiger424","password":"high","salt":"JgNmYOhF","md5":"bf2c04478d437490ee481f1cef71413c","sha1":"f5af185cdc9dd4fb885de0acc4953d2efc40f698","sha256":"423f68e190fe62408ec7aace9da69e221743a40581e9d015e2cece6963b80bbd"},"dob":{"date":"1989-11-24T02:35:24.961Z","age":34},"registered":{"date":"2010-12-12T13:54:28.094Z","age":13},"phone":"(832)-213-8827","cell":"(687)-422-1698","id":{"name":"","value":null},"picture":{"large":"https://randomuser.me/api/portraits/women/47.jpg","medium":"https://randomuser.me/api/portraits/med/women/47.jpg","thumbnail":"https://randomuser.me/api/portraits/thumb/women/47.jpg"},"nat":"TR"}],"info":{"seed":"7e4064898f9274f5","results":1,"page":1,"version":"1.4"}} 
 </msg>
<msg time="2024-03-22T18:16:43.457788" level="INFO">/opt/hostedtoolcache/Python/3.12.2/x64/lib/python3.12/site-packages/urllib3/connectionpool.py:1103: InsecureRequestWarning: Unverified HTTPS request is being made to host 'randomuser.me'. Adding certificate verification is strongly advised. See: https://urllib3.readthedocs.io/en/latest/advanced-usage.html#tls-warnings
  warnings.warn(</msg>
<msg time="2024-03-22T18:16:43.457938" level="INFO">${response} = &lt;Response [200]&gt;</msg>
<var>${response}</var>
<arg>consultarAPI</arg>
<arg>/api</arg>
<doc>Sends a GET request on a previously created HTTP Session.</doc>
<status status="PASS" start="2024-03-22T18:16:43.213307" elapsed="0.244672"/>
</kw>
<kw name="Should Be Equal As Numbers" owner="BuiltIn">
<msg time="2024-03-22T18:16:43.459176" level="INFO">Argument types are:
&lt;class 'int'&gt;
&lt;class 'str'&gt;</msg>
<arg>${response.status_code}</arg>
<arg>200</arg>
<doc>Fails if objects are unequal after converting them to real numbers.</doc>
<status status="PASS" start="2024-03-22T18:16:43.458678" elapsed="0.000565"/>
</kw>
<kw name="Log" owner="BuiltIn">
<msg time="2024-03-22T18:16:43.459937" level="INFO">200</msg>
<arg>${response.status_code}</arg>
<doc>Logs the given message with the given level.</doc>
<status status="PASS" start="2024-03-22T18:16:43.459570" elapsed="0.000410"/>
</kw>
<kw name="Set Variable" owner="BuiltIn">
<msg time="2024-03-22T18:16:43.460758" level="INFO">${json_data} = {'results': [{'gender': 'female', 'name': {'title': 'Miss', 'first': 'Mestan', 'last': 'Babacan'}, 'location': {'street': {'number': 6860, 'name': 'Tunalı Hilmi Cd'}, 'city': 'Isparta', 'state': 'Ağrı...</msg>
<var>${json_data}</var>
<arg>${response.json()}</arg>
<doc>Returns the given values which can then be assigned to a variables.</doc>
<status status="PASS" start="2024-03-22T18:16:43.460306" elapsed="0.000483"/>
</kw>
<kw name="Dictionary Should Contain Key" owner="Collections">
<msg time="2024-03-22T18:16:43.461332" level="INFO">False</msg>
<arg>${json_data}</arg>
<arg>results</arg>
<doc>Fails if ``key`` is not found from ``dictionary``.</doc>
<status status="PASS" start="2024-03-22T18:16:43.461104" elapsed="0.000292"/>
</kw>
<status status="PASS" start="2024-03-22T18:16:43.213054" elapsed="0.248729"/>
</kw>
<doc>Testa se a API responde corretamente e retorna um objeto JSON válido.</doc>
<tag>testeRequisicaoBasica</tag>
<status status="PASS" start="2024-03-22T18:16:43.212513" elapsed="0.249500"/>
</test>
<test id="s1-s1-t3" name="Validar estrutura de resposta" line="22">
<kw name="Teste de Estrutura de Resposta" owner="random-user-service">
<kw name="GET On Session" owner="RequestsLibrary">
<msg time="2024-03-22T18:16:43.551785" level="INFO">GET Request : url=https://randomuser.me/api 
 path_url=/api 
 headers={'User-Agent': 'python-requests/2.31.0', 'Accept-Encoding': 'gzip, deflate', 'Accept': '*/*', 'Connection': 'keep-alive'} 
 body=None 
 </msg>
<msg time="2024-03-22T18:16:43.551891" level="INFO">GET Response : url=https://randomuser.me/api 
 status=200, reason=OK 
 headers={'Date': 'Fri, 22 Mar 2024 18:16:43 GMT', 'Content-Type': 'application/json; charset=utf-8', 'Transfer-Encoding': 'chunked', 'Connection': 'keep-alive', 'X-Powered-By': 'Express', 'Access-Control-Allow-Origin': '*', 'Cache-Control': 'no-cache', 'ETag': 'W/"4ab-+Rnw+Xnsp2D5xfCFg5yEe36InLg"', 'Vary': 'Accept-Encoding', 'Content-Encoding': 'gzip', 'CF-Cache-Status': 'DYNAMIC', 'Report-To': '{"endpoints":[{"url":"https:\\/\\/a.nel.cloudflare.com\\/report\\/v4?s=uljwNxnGhxxM16x4ZUfToXbSKgkvqssO7R8SAembP65%2F5QXXr0nJV6QiResOaZv8OScRz9QnDtYB3VWQMdhKRGNt9q9A64W9%2BHpp%2BrPURlU9qdsZ5lobZBlvTBaIBsDs"}],"group":"cf-nel","max_age":604800}', 'NEL': '{"success_fraction":0,"report_to":"cf-nel","max_age":604800}', 'Server': 'cloudflare', 'CF-RAY': '86882ca7a984117f-ORD', 'alt-svc': 'h3=":443"; ma=86400'} 
 body={"results":[{"gender":"male","name":{"title":"Mr","first":"Xavier","last":"Mateo"},"location":{"street":{"number":3606,"name":"Andador Sur Urbina"},"city":"Hermenegildo Galeana","state":"Campeche","country":"Mexico","postcode":95879,"coordinates":{"latitude":"22.5131","longitude":"-139.2428"},"timezone":{"offset":"-5:00","description":"Eastern Time (US &amp; Canada), Bogota, Lima"}},"email":"xavier.mateo@example.com","login":{"uuid":"f845151f-6365-4bd1-85f8-90e25c9e8369","username":"yellowleopard618","password":"eastern","salt":"zoywSZeG","md5":"d0886beef4051796aa2dededebeadcff","sha1":"4bcd7bc824830dccc2eb6c895eb3c7c72cadd48a","sha256":"1ca1bae35a4d2ef9edb8fffc50187787b25adbe4e8cef2155ee11cdacd12adcc"},"dob":{"date":"1944-12-24T06:12:18.740Z","age":79},"registered":{"date":"2020-06-20T06:53:55.998Z","age":3},"phone":"(638) 685 2353","cell":"(699) 553 6392","id":{"name":"NSS","value":"28 53 78 5261 4"},"picture":{"large":"https://randomuser.me/api/portraits/men/17.jpg","medium":"https://randomuser.me/api/portraits/med/men/17.jpg","thumbnail":"https://randomuser.me/api/portraits/thumb/men/17.jpg"},"nat":"MX"}],"info":{"seed":"369360a2b30a6b05","results":1,"page":1,"version":"1.4"}} 
 </msg>
<msg time="2024-03-22T18:16:43.552042" level="INFO">/opt/hostedtoolcache/Python/3.12.2/x64/lib/python3.12/site-packages/urllib3/connectionpool.py:1103: InsecureRequestWarning: Unverified HTTPS request is being made to host 'randomuser.me'. Adding certificate verification is strongly advised. See: https://urllib3.readthedocs.io/en/latest/advanced-usage.html#tls-warnings
  warnings.warn(</msg>
<msg time="2024-03-22T18:16:43.552172" level="INFO">${response} = &lt;Response [200]&gt;</msg>
<var>${response}</var>
<arg>consultarAPI</arg>
<arg>/api</arg>
<doc>Sends a GET request on a previously created HTTP Session.</doc>
<status status="PASS" start="2024-03-22T18:16:43.464915" elapsed="0.087296"/>
</kw>
<kw name="Set Variable" owner="BuiltIn">
<msg time="2024-03-22T18:16:43.553426" level="INFO">${json_data} = {'results': [{'gender': 'male', 'name': {'title': 'Mr', 'first': 'Xavier', 'last': 'Mateo'}, 'location': {'street': {'number': 3606, 'name': 'Andador Sur Urbina'}, 'city': 'Hermenegildo Galeana', 'sta...</msg>
<var>${json_data}</var>
<arg>${response.json()}</arg>
<doc>Returns the given values which can then be assigned to a variables.</doc>
<status status="PASS" start="2024-03-22T18:16:43.552850" elapsed="0.000605"/>
</kw>
<kw name="Log" owner="BuiltIn">
<msg time="2024-03-22T18:16:43.553986" level="INFO">{'results': [{'gender': 'male', 'name': {'title': 'Mr', 'first': 'Xavier', 'last': 'Mateo'}, 'location': {'street': {'number': 3606, 'name': 'Andador Sur Urbina'}, 'city': 'Hermenegildo Galeana', 'state': 'Campeche', 'country': 'Mexico', 'postcode': 95879, 'coordinates': {'latitude': '22.5131', 'longitude': '-139.2428'}, 'timezone': {'offset': '-5:00', 'description': 'Eastern Time (US &amp; Canada), Bogota, Lima'}}, 'email': 'xavier.mateo@example.com', 'login': {'uuid': 'f845151f-6365-4bd1-85f8-90e25c9e8369', 'username': 'yellowleopard618', 'password': 'eastern', 'salt': 'zoywSZeG', 'md5': 'd0886beef4051796aa2dededebeadcff', 'sha1': '4bcd7bc824830dccc2eb6c895eb3c7c72cadd48a', 'sha256': '1ca1bae35a4d2ef9edb8fffc50187787b25adbe4e8cef2155ee11cdacd12adcc'}, 'dob': {'date': '1944-12-24T06:12:18.740Z', 'age': 79}, 'registered': {'date': '2020-06-20T06:53:55.998Z', 'age': 3}, 'phone': '(638) 685 2353', 'cell': '(699) 553 6392', 'id': {'name': 'NSS', 'value': '28 53 78 5261 4'}, 'picture': {'large': 'https://randomuser.me/api/portraits/men/17.jpg', 'medium': 'https://randomuser.me/api/portraits/med/men/17.jpg', 'thumbnail': 'https://randomuser.me/api/portraits/thumb/men/17.jpg'}, 'nat': 'MX'}], 'info': {'seed': '369360a2b30a6b05', 'results': 1, 'page': 1, 'version': '1.4'}}</msg>
<arg>${json_data}</arg>
<doc>Logs the given message with the given level.</doc>
<status status="PASS" start="2024-03-22T18:16:43.553822" elapsed="0.000213"/>
</kw>
<kw name="Dictionary Should Contain Key" owner="Collections">
<msg time="2024-03-22T18:16:43.554495" level="INFO">False</msg>
<arg>${json_data}</arg>
<arg>results</arg>
<doc>Fails if ``key`` is not found from ``dictionary``.</doc>
<status status="PASS" start="2024-03-22T18:16:43.554335" elapsed="0.000197"/>
</kw>
<kw name="Should Not Be Empty" owner="BuiltIn">
<msg time="2024-03-22T18:16:43.554958" level="INFO">Length is 2.</msg>
<arg>${json_data}</arg>
<doc>Verifies that the given item is not empty.</doc>
<status status="PASS" start="2024-03-22T18:16:43.554825" elapsed="0.000171"/>
</kw>
<kw name="Create List" owner="BuiltIn">
<msg time="2024-03-22T18:16:43.555432" level="INFO">${expected_keys} = ['gender', 'name', 'location', 'email', 'login']</msg>
<var>${expected_keys}</var>
<arg>gender</arg>
<arg>name</arg>
<arg>location</arg>
<arg>email</arg>
<arg>login</arg>
<doc>Returns a list containing given items.</doc>
<status status="PASS" start="2024-03-22T18:16:43.555284" elapsed="0.000172"/>
</kw>
<for flavor="IN">
<iter>
<kw name="Dictionary Should Contain Key" owner="Collections">
<msg time="2024-03-22T18:16:43.556450" level="INFO">False</msg>
<arg>${json_data['results'][0]}</arg>
<arg>${key}</arg>
<doc>Fails if ``key`` is not found from ``dictionary``.</doc>
<status status="PASS" start="2024-03-22T18:16:43.556046" elapsed="0.000443"/>
</kw>
<kw name="Log" owner="BuiltIn">
<msg time="2024-03-22T18:16:43.557169" level="INFO">{'gender': 'male', 'name': {'title': 'Mr', 'first': 'Xavier', 'last': 'Mateo'}, 'location': {'street': {'number': 3606, 'name': 'Andador Sur Urbina'}, 'city': 'Hermenegildo Galeana', 'state': 'Campeche', 'country': 'Mexico', 'postcode': 95879, 'coordinates': {'latitude': '22.5131', 'longitude': '-139.2428'}, 'timezone': {'offset': '-5:00', 'description': 'Eastern Time (US &amp; Canada), Bogota, Lima'}}, 'email': 'xavier.mateo@example.com', 'login': {'uuid': 'f845151f-6365-4bd1-85f8-90e25c9e8369', 'username': 'yellowleopard618', 'password': 'eastern', 'salt': 'zoywSZeG', 'md5': 'd0886beef4051796aa2dededebeadcff', 'sha1': '4bcd7bc824830dccc2eb6c895eb3c7c72cadd48a', 'sha256': '1ca1bae35a4d2ef9edb8fffc50187787b25adbe4e8cef2155ee11cdacd12adcc'}, 'dob': {'date': '1944-12-24T06:12:18.740Z', 'age': 79}, 'registered': {'date': '2020-06-20T06:53:55.998Z', 'age': 3}, 'phone': '(638) 685 2353', 'cell': '(699) 553 6392', 'id': {'name': 'NSS', 'value': '28 53 78 5261 4'}, 'picture': {'large': 'https://randomuser.me/api/portraits/men/17.jpg', 'medium': 'https://randomuser.me/api/portraits/med/men/17.jpg', 'thumbnail': 'https://randomuser.me/api/portraits/thumb/men/17.jpg'}, 'nat': 'MX'}</msg>
<arg>${json_data['results'][0]}</arg>
<doc>Logs the given message with the given level.</doc>
<status status="PASS" start="2024-03-22T18:16:43.556801" elapsed="0.000424"/>
</kw>
<kw name="Log" owner="BuiltIn">
<msg time="2024-03-22T18:16:43.557695" level="INFO">gender</msg>
<arg>${key}</arg>
<doc>Logs the given message with the given level.</doc>
<status status="PASS" start="2024-03-22T18:16:43.557534" elapsed="0.000202"/>
</kw>
<var name="${key}">gender</var>
<status status="PASS" start="2024-03-22T18:16:43.555914" elapsed="0.002044"/>
</iter>
<iter>
<kw name="Dictionary Should Contain Key" owner="Collections">
<msg time="2024-03-22T18:16:43.558653" level="INFO">False</msg>
<arg>${json_data['results'][0]}</arg>
<arg>${key}</arg>
<doc>Fails if ``key`` is not found from ``dictionary``.</doc>
<status status="PASS" start="2024-03-22T18:16:43.558259" elapsed="0.000468"/>
</kw>
<kw name="Log" owner="BuiltIn">
<msg time="2024-03-22T18:16:43.559397" level="INFO">{'gender': 'male', 'name': {'title': 'Mr', 'first': 'Xavier', 'last': 'Mateo'}, 'location': {'street': {'number': 3606, 'name': 'Andador Sur Urbina'}, 'city': 'Hermenegildo Galeana', 'state': 'Campeche', 'country': 'Mexico', 'postcode': 95879, 'coordinates': {'latitude': '22.5131', 'longitude': '-139.2428'}, 'timezone': {'offset': '-5:00', 'description': 'Eastern Time (US &amp; Canada), Bogota, Lima'}}, 'email': 'xavier.mateo@example.com', 'login': {'uuid': 'f845151f-6365-4bd1-85f8-90e25c9e8369', 'username': 'yellowleopard618', 'password': 'eastern', 'salt': 'zoywSZeG', 'md5': 'd0886beef4051796aa2dededebeadcff', 'sha1': '4bcd7bc824830dccc2eb6c895eb3c7c72cadd48a', 'sha256': '1ca1bae35a4d2ef9edb8fffc50187787b25adbe4e8cef2155ee11cdacd12adcc'}, 'dob': {'date': '1944-12-24T06:12:18.740Z', 'age': 79}, 'registered': {'date': '2020-06-20T06:53:55.998Z', 'age': 3}, 'phone': '(638) 685 2353', 'cell': '(699) 553 6392', 'id': {'name': 'NSS', 'value': '28 53 78 5261 4'}, 'picture': {'large': 'https://randomuser.me/api/portraits/men/17.jpg', 'medium': 'https://randomuser.me/api/portraits/med/men/17.jpg', 'thumbnail': 'https://randomuser.me/api/portraits/thumb/men/17.jpg'}, 'nat': 'MX'}</msg>
<arg>${json_data['results'][0]}</arg>
<doc>Logs the given message with the given level.</doc>
<status status="PASS" start="2024-03-22T18:16:43.559039" elapsed="0.000406"/>
</kw>
<kw name="Log" owner="BuiltIn">
<msg time="2024-03-22T18:16:43.559865" level="INFO">name</msg>
<arg>${key}</arg>
<doc>Logs the given message with the given level.</doc>
<status status="PASS" start="2024-03-22T18:16:43.559738" elapsed="0.000166"/>
</kw>
<var name="${key}">name</var>
<status status="PASS" start="2024-03-22T18:16:43.558146" elapsed="0.001973"/>
</iter>
<iter>
<kw name="Dictionary Should Contain Key" owner="Collections">
<msg time="2024-03-22T18:16:43.560795" level="INFO">False</msg>
<arg>${json_data['results'][0]}</arg>
<arg>${key}</arg>
<doc>Fails if ``key`` is not found from ``dictionary``.</doc>
<status status="PASS" start="2024-03-22T18:16:43.560414" elapsed="0.000419"/>
</kw>
<kw name="Log" owner="BuiltIn">
<msg time="2024-03-22T18:16:43.561490" level="INFO">{'gender': 'male', 'name': {'title': 'Mr', 'first': 'Xavier', 'last': 'Mateo'}, 'location': {'street': {'number': 3606, 'name': 'Andador Sur Urbina'}, 'city': 'Hermenegildo Galeana', 'state': 'Campeche', 'country': 'Mexico', 'postcode': 95879, 'coordinates': {'latitude': '22.5131', 'longitude': '-139.2428'}, 'timezone': {'offset': '-5:00', 'description': 'Eastern Time (US &amp; Canada), Bogota, Lima'}}, 'email': 'xavier.mateo@example.com', 'login': {'uuid': 'f845151f-6365-4bd1-85f8-90e25c9e8369', 'username': 'yellowleopard618', 'password': 'eastern', 'salt': 'zoywSZeG', 'md5': 'd0886beef4051796aa2dededebeadcff', 'sha1': '4bcd7bc824830dccc2eb6c895eb3c7c72cadd48a', 'sha256': '1ca1bae35a4d2ef9edb8fffc50187787b25adbe4e8cef2155ee11cdacd12adcc'}, 'dob': {'date': '1944-12-24T06:12:18.740Z', 'age': 79}, 'registered': {'date': '2020-06-20T06:53:55.998Z', 'age': 3}, 'phone': '(638) 685 2353', 'cell': '(699) 553 6392', 'id': {'name': 'NSS', 'value': '28 53 78 5261 4'}, 'picture': {'large': 'https://randomuser.me/api/portraits/men/17.jpg', 'medium': 'https://randomuser.me/api/portraits/med/men/17.jpg', 'thumbnail': 'https://randomuser.me/api/portraits/thumb/men/17.jpg'}, 'nat': 'MX'}</msg>
<arg>${json_data['results'][0]}</arg>
<doc>Logs the given message with the given level.</doc>
<status status="PASS" start="2024-03-22T18:16:43.561136" elapsed="0.000407"/>
</kw>
<kw name="Log" owner="BuiltIn">
<msg time="2024-03-22T18:16:43.562004" level="INFO">location</msg>
<arg>${key}</arg>
<doc>Logs the given message with the given level.</doc>
<status status="PASS" start="2024-03-22T18:16:43.561876" elapsed="0.000166"/>
</kw>
<var name="${key}">location</var>
<status status="PASS" start="2024-03-22T18:16:43.560295" elapsed="0.001961"/>
</iter>
<iter>
<kw name="Dictionary Should Contain Key" owner="Collections">
<msg time="2024-03-22T18:16:43.562912" level="INFO">False</msg>
<arg>${json_data['results'][0]}</arg>
<arg>${key}</arg>
<doc>Fails if ``key`` is not found from ``dictionary``.</doc>
<status status="PASS" start="2024-03-22T18:16:43.562538" elapsed="0.000411"/>
</kw>
<kw name="Log" owner="BuiltIn">
<msg time="2024-03-22T18:16:43.563606" level="INFO">{'gender': 'male', 'name': {'title': 'Mr', 'first': 'Xavier', 'last': 'Mateo'}, 'location': {'street': {'number': 3606, 'name': 'Andador Sur Urbina'}, 'city': 'Hermenegildo Galeana', 'state': 'Campeche', 'country': 'Mexico', 'postcode': 95879, 'coordinates': {'latitude': '22.5131', 'longitude': '-139.2428'}, 'timezone': {'offset': '-5:00', 'description': 'Eastern Time (US &amp; Canada), Bogota, Lima'}}, 'email': 'xavier.mateo@example.com', 'login': {'uuid': 'f845151f-6365-4bd1-85f8-90e25c9e8369', 'username': 'yellowleopard618', 'password': 'eastern', 'salt': 'zoywSZeG', 'md5': 'd0886beef4051796aa2dededebeadcff', 'sha1': '4bcd7bc824830dccc2eb6c895eb3c7c72cadd48a', 'sha256': '1ca1bae35a4d2ef9edb8fffc50187787b25adbe4e8cef2155ee11cdacd12adcc'}, 'dob': {'date': '1944-12-24T06:12:18.740Z', 'age': 79}, 'registered': {'date': '2020-06-20T06:53:55.998Z', 'age': 3}, 'phone': '(638) 685 2353', 'cell': '(699) 553 6392', 'id': {'name': 'NSS', 'value': '28 53 78 5261 4'}, 'picture': {'large': 'https://randomuser.me/api/portraits/men/17.jpg', 'medium': 'https://randomuser.me/api/portraits/med/men/17.jpg', 'thumbnail': 'https://randomuser.me/api/portraits/thumb/men/17.jpg'}, 'nat': 'MX'}</msg>
<arg>${json_data['results'][0]}</arg>
<doc>Logs the given message with the given level.</doc>
<status status="PASS" start="2024-03-22T18:16:43.563251" elapsed="0.000403"/>
</kw>
<kw name="Log" owner="BuiltIn">
<msg time="2024-03-22T18:16:43.564070" level="INFO">email</msg>
<arg>${key}</arg>
<doc>Logs the given message with the given level.</doc>
<status status="PASS" start="2024-03-22T18:16:43.563946" elapsed="0.000162"/>
</kw>
<var name="${key}">email</var>
<status status="PASS" start="2024-03-22T18:16:43.562427" elapsed="0.001895"/>
</iter>
<iter>
<kw name="Dictionary Should Contain Key" owner="Collections">
<msg time="2024-03-22T18:16:43.564981" level="INFO">False</msg>
<arg>${json_data['results'][0]}</arg>
<arg>${key}</arg>
<doc>Fails if ``key`` is not found from ``dictionary``.</doc>
<status status="PASS" start="2024-03-22T18:16:43.564605" elapsed="0.000413"/>
</kw>
<kw name="Log" owner="BuiltIn">
<msg time="2024-03-22T18:16:43.565695" level="INFO">{'gender': 'male', 'name': {'title': 'Mr', 'first': 'Xavier', 'last': 'Mateo'}, 'location': {'street': {'number': 3606, 'name': 'Andador Sur Urbina'}, 'city': 'Hermenegildo Galeana', 'state': 'Campeche', 'country': 'Mexico', 'postcode': 95879, 'coordinates': {'latitude': '22.5131', 'longitude': '-139.2428'}, 'timezone': {'offset': '-5:00', 'description': 'Eastern Time (US &amp; Canada), Bogota, Lima'}}, 'email': 'xavier.mateo@example.com', 'login': {'uuid': 'f845151f-6365-4bd1-85f8-90e25c9e8369', 'username': 'yellowleopard618', 'password': 'eastern', 'salt': 'zoywSZeG', 'md5': 'd0886beef4051796aa2dededebeadcff', 'sha1': '4bcd7bc824830dccc2eb6c895eb3c7c72cadd48a', 'sha256': '1ca1bae35a4d2ef9edb8fffc50187787b25adbe4e8cef2155ee11cdacd12adcc'}, 'dob': {'date': '1944-12-24T06:12:18.740Z', 'age': 79}, 'registered': {'date': '2020-06-20T06:53:55.998Z', 'age': 3}, 'phone': '(638) 685 2353', 'cell': '(699) 553 6392', 'id': {'name': 'NSS', 'value': '28 53 78 5261 4'}, 'picture': {'large': 'https://randomuser.me/api/portraits/men/17.jpg', 'medium': 'https://randomuser.me/api/portraits/med/men/17.jpg', 'thumbnail': 'https://randomuser.me/api/portraits/thumb/men/17.jpg'}, 'nat': 'MX'}</msg>
<arg>${json_data['results'][0]}</arg>
<doc>Logs the given message with the given level.</doc>
<status status="PASS" start="2024-03-22T18:16:43.565309" elapsed="0.000437"/>
</kw>
<kw name="Log" owner="BuiltIn">
<msg time="2024-03-22T18:16:43.566198" level="INFO">login</msg>
<arg>${key}</arg>
<doc>Logs the given message with the given level.</doc>
<status status="PASS" start="2024-03-22T18:16:43.566067" elapsed="0.000329"/>
</kw>
<var name="${key}">login</var>
<status status="PASS" start="2024-03-22T18:16:43.564491" elapsed="0.002228"/>
</iter>
<var>${key}</var>
<value>@{expected_keys}</value>
<status status="PASS" start="2024-03-22T18:16:43.555716" elapsed="0.011133"/>
</for>
<kw name="Create List" owner="BuiltIn">
<msg time="2024-03-22T18:16:43.567188" level="INFO">${expected_keysTwo} = ['username', 'password']</msg>
<var>${expected_keysTwo}</var>
<arg>username</arg>
<arg>password</arg>
<doc>Returns a list containing given items.</doc>
<status status="PASS" start="2024-03-22T18:16:43.567045" elapsed="0.000167"/>
</kw>
<for flavor="IN">
<iter>
<kw name="Dictionary Should Contain Key" owner="Collections">
<msg time="2024-03-22T18:16:43.568101" level="INFO">False</msg>
<arg>${json_data['results'][0]['login']}</arg>
<arg>${keyTwo}</arg>
<doc>Fails if ``key`` is not found from ``dictionary``.</doc>
<status status="PASS" start="2024-03-22T18:16:43.567719" elapsed="0.000419"/>
</kw>
<kw name="Dictionary Should Contain Key" owner="Collections">
<msg time="2024-03-22T18:16:43.568831" level="INFO">False</msg>
<arg>${json_data['results'][0]['login']}</arg>
<arg>${keyTwo}</arg>
<doc>Fails if ``key`` is not found from ``dictionary``.</doc>
<status status="PASS" start="2024-03-22T18:16:43.568453" elapsed="0.000416"/>
</kw>
<kw name="Log" owner="BuiltIn">
<msg time="2024-03-22T18:16:43.569296" level="INFO">username</msg>
<arg>${keyTwo}</arg>
<doc>Logs the given message with the given level.</doc>
<status status="PASS" start="2024-03-22T18:16:43.569169" elapsed="0.000164"/>
</kw>
<var name="${keyTwo}">username</var>
<status status="PASS" start="2024-03-22T18:16:43.567608" elapsed="0.001951"/>
</iter>
<iter>
<kw name="Dictionary Should Contain Key" owner="Collections">
<msg time="2024-03-22T18:16:43.570249" level="INFO">False</msg>
<arg>${json_data['results'][0]['login']}</arg>
<arg>${keyTwo}</arg>
<doc>Fails if ``key`` is not found from ``dictionary``.</doc>
<status status="PASS" start="2024-03-22T18:16:43.569873" elapsed="0.000413"/>
</kw>
<kw name="Dictionary Should Contain Key" owner="Collections">
<msg time="2024-03-22T18:16:43.570961" level="INFO">False</msg>
<arg>${json_data['results'][0]['login']}</arg>
<arg>${keyTwo}</arg>
<doc>Fails if ``key`` is not found from ``dictionary``.</doc>
<status status="PASS" start="2024-03-22T18:16:43.570578" elapsed="0.000419"/>
</kw>
<kw name="Log" owner="BuiltIn">
<msg time="2024-03-22T18:16:43.571416" level="INFO">password</msg>
<arg>${keyTwo}</arg>
<doc>Logs the given message with the given level.</doc>
<status status="PASS" start="2024-03-22T18:16:43.571288" elapsed="0.000164"/>
</kw>
<var name="${keyTwo}">password</var>
<status status="PASS" start="2024-03-22T18:16:43.569763" elapsed="0.001905"/>
</iter>
<var>${keyTwo}</var>
<value>@{expected_keysTwo}</value>
<status status="PASS" start="2024-03-22T18:16:43.567454" elapsed="0.004333"/>
</for>
<status status="PASS" start="2024-03-22T18:16:43.464674" elapsed="0.107253"/>
</kw>
<doc>Testa a estrutura da resposta da API.</doc>
<tag>testeEstruturaResposta</tag>
<status status="PASS" start="2024-03-22T18:16:43.463884" elapsed="0.108209"/>
</test>
<test id="s1-s1-t4" name="Validar tipos de dados" line="28">
<kw name="Teste de Tipos de Dados" owner="random-user-service">
<kw name="GET On Session" owner="RequestsLibrary">
<msg time="2024-03-22T18:16:43.648668" level="INFO">GET Request : url=https://randomuser.me/api 
 path_url=/api 
 headers={'User-Agent': 'python-requests/2.31.0', 'Accept-Encoding': 'gzip, deflate', 'Accept': '*/*', 'Connection': 'keep-alive'} 
 body=None 
 </msg>
<msg time="2024-03-22T18:16:43.648781" level="INFO">GET Response : url=https://randomuser.me/api 
 status=200, reason=OK 
 headers={'Date': 'Fri, 22 Mar 2024 18:16:43 GMT', 'Content-Type': 'application/json; charset=utf-8', 'Transfer-Encoding': 'chunked', 'Connection': 'keep-alive', 'X-Powered-By': 'Express', 'Access-Control-Allow-Origin': '*', 'Cache-Control': 'no-cache', 'ETag': 'W/"497-PnDInCIEKZDSyCjIviA/WgDhyMc"', 'Vary': 'Accept-Encoding', 'Content-Encoding': 'gzip', 'CF-Cache-Status': 'DYNAMIC', 'Report-To': '{"endpoints":[{"url":"https:\\/\\/a.nel.cloudflare.com\\/report\\/v4?s=Iit171EZquiYURGxf5sLvlt82Cw4uXwSP6QfYK8%2Frk7i6aEajFWix3Z9wFTdb%2BNJR7bXc6591wxAEuHA%2FbTLhY2snJmFctaCoUk8SZM0SKzH98gMiJ7iTsPSoN%2BnOWbR"}],"group":"cf-nel","max_age":604800}', 'NEL': '{"success_fraction":0,"report_to":"cf-nel","max_age":604800}', 'Server': 'cloudflare', 'CF-RAY': '86882ca85a8f117f-ORD', 'alt-svc': 'h3=":443"; ma=86400'} 
 body={"results":[{"gender":"male","name":{"title":"Mr","first":"میلاد","last":"قاسمی"},"location":{"street":{"number":4333,"name":"شیخ فضل الله نوری"},"city":"اردبیل","state":"قم","country":"Iran","postcode":72351,"coordinates":{"latitude":"19.3535","longitude":"-53.4046"},"timezone":{"offset":"+3:00","description":"Baghdad, Riyadh, Moscow, St. Petersburg"}},"email":"myld.qsmy@example.com","login":{"uuid":"e786819b-7b9a-4b43-bbb0-9257d04e74f7","username":"silverbear626","password":"pluto","salt":"DQJOUqnm","md5":"a10ddf32e37fed26cbc0f335a46b6d02","sha1":"8d55d13b8a5874b9b9d1ea6fbf5c21e89a401f83","sha256":"1f3f234381e59a30f5c9d1ec5d23fcd1fa11084226e666fc0b066150f88b3a97"},"dob":{"date":"1954-09-10T20:44:55.212Z","age":69},"registered":{"date":"2009-05-13T18:14:00.810Z","age":14},"phone":"080-29439482","cell":"0907-856-7782","id":{"name":"","value":null},"picture":{"large":"https://randomuser.me/api/portraits/men/46.jpg","medium":"https://randomuser.me/api/portraits/med/men/46.jpg","thumbnail":"https://randomuser.me/api/portraits/thumb/men/46.jpg"},"nat":"IR"}],"info":{"seed":"e5e3686be4e68a39","results":1,"page":1,"version":"1.4"}} 
 </msg>
<msg time="2024-03-22T18:16:43.648867" level="INFO">/opt/hostedtoolcache/Python/3.12.2/x64/lib/python3.12/site-packages/urllib3/connectionpool.py:1103: InsecureRequestWarning: Unverified HTTPS request is being made to host 'randomuser.me'. Adding certificate verification is strongly advised. See: https://urllib3.readthedocs.io/en/latest/advanced-usage.html#tls-warnings
  warnings.warn(</msg>
<msg time="2024-03-22T18:16:43.649004" level="INFO">${response} = &lt;Response [200]&gt;</msg>
<var>${response}</var>
<arg>consultarAPI</arg>
<arg>/api</arg>
<doc>Sends a GET request on a previously created HTTP Session.</doc>
<status status="PASS" start="2024-03-22T18:16:43.574691" elapsed="0.074356"/>
</kw>
<kw name="Set Variable" owner="BuiltIn">
<msg time="2024-03-22T18:16:43.650352" level="INFO">${json_data} = {'results': [{'gender': 'male', 'name': {'title': 'Mr', 'first': 'میلاد', 'last': 'قاسمی'}, 'location': {'street': {'number': 4333, 'name': 'شیخ فضل الله نوری'}, 'city': 'اردبیل', 'state': 'قم', 'coun...</msg>
<var>${json_data}</var>
<arg>${response.json()}</arg>
<doc>Returns the given values which can then be assigned to a variables.</doc>
<status status="PASS" start="2024-03-22T18:16:43.649755" elapsed="0.000632"/>
</kw>
<kw name="Log" owner="BuiltIn">
<msg time="2024-03-22T18:16:43.650917" level="INFO">{'results': [{'gender': 'male', 'name': {'title': 'Mr', 'first': 'میلاد', 'last': 'قاسمی'}, 'location': {'street': {'number': 4333, 'name': 'شیخ فضل الله نوری'}, 'city': 'اردبیل', 'state': 'قم', 'country': 'Iran', 'postcode': 72351, 'coordinates': {'latitude': '19.3535', 'longitude': '-53.4046'}, 'timezone': {'offset': '+3:00', 'description': 'Baghdad, Riyadh, Moscow, St. Petersburg'}}, 'email': 'myld.qsmy@example.com', 'login': {'uuid': 'e786819b-7b9a-4b43-bbb0-9257d04e74f7', 'username': 'silverbear626', 'password': 'pluto', 'salt': 'DQJOUqnm', 'md5': 'a10ddf32e37fed26cbc0f335a46b6d02', 'sha1': '8d55d13b8a5874b9b9d1ea6fbf5c21e89a401f83', 'sha256': '1f3f234381e59a30f5c9d1ec5d23fcd1fa11084226e666fc0b066150f88b3a97'}, 'dob': {'date': '1954-09-10T20:44:55.212Z', 'age': 69}, 'registered': {'date': '2009-05-13T18:14:00.810Z', 'age': 14}, 'phone': '080-29439482', 'cell': '0907-856-7782', 'id': {'name': '', 'value': None}, 'picture': {'large': 'https://randomuser.me/api/portraits/men/46.jpg', 'medium': 'https://randomuser.me/api/portraits/med/men/46.jpg', 'thumbnail': 'https://randomuser.me/api/portraits/thumb/men/46.jpg'}, 'nat': 'IR'}], 'info': {'seed': 'e5e3686be4e68a39', 'results': 1, 'page': 1, 'version': '1.4'}}</msg>
<arg>${json_data}</arg>
<doc>Logs the given message with the given level.</doc>
<status status="PASS" start="2024-03-22T18:16:43.650749" elapsed="0.000260"/>
</kw>
<kw name="Should Be String" owner="String">
<arg>${json_data['results'][0]['gender']}</arg>
<doc>Fails if the given ``item`` is not a string.</doc>
<status status="PASS" start="2024-03-22T18:16:43.651325" elapsed="0.000364"/>
</kw>
<kw name="Should Match Regexp" owner="BuiltIn">
<arg>${json_data['results'][0]['email']}</arg>
<arg>^[a-zA-Z0-9._%+-]+@[a-zA-Z0-9.-]+\.[a-zA-Z]{2,}$</arg>
<doc>Fails if ``string`` does not match ``pattern`` as a regular expression.</doc>
<status status="PASS" start="2024-03-22T18:16:43.651887" elapsed="0.000521"/>
</kw>
<kw name="Should Match Regexp" owner="BuiltIn">
<arg>${json_data['results'][0]['dob']['date']}</arg>
<arg>\\d{4}-\\d{2}-\\d{2}T\\d{2}:\\d{2}:\\d{2}\\.\\d{3}Z</arg>
<doc>Fails if ``string`` does not match ``pattern`` as a regular expression.</doc>
<status status="PASS" start="2024-03-22T18:16:43.652607" elapsed="0.000495"/>
</kw>
<kw name="Should Match Regexp" owner="BuiltIn">
<arg>${json_data['results'][0]['registered']['date']}</arg>
<arg>\\d{4}-\\d{2}-\\d{2}T\\d{2}:\\d{2}:\\d{2}\\.\\d{3}Z</arg>
<doc>Fails if ``string`` does not match ``pattern`` as a regular expression.</doc>
<status status="PASS" start="2024-03-22T18:16:43.653299" elapsed="0.000404"/>
</kw>
<kw name="Should Match Regexp" owner="BuiltIn">
<arg>${json_data['results'][0]['picture']['large']}</arg>
<arg>^https?://.*\.(?:png|jpe?g|gif|bmp)$</arg>
<doc>Fails if ``string`` does not match ``pattern`` as a regular expression.</doc>
<status status="PASS" start="2024-03-22T18:16:43.653902" elapsed="0.000470"/>
</kw>
<kw name="Should Match Regexp" owner="BuiltIn">
<arg>${json_data['results'][0]['picture']['medium']}</arg>
<arg>^https?://.*\.(?:png|jpe?g|gif|bmp)$</arg>
<doc>Fails if ``string`` does not match ``pattern`` as a regular expression.</doc>
<status status="PASS" start="2024-03-22T18:16:43.654566" elapsed="0.000369"/>
</kw>
<kw name="Should Match Regexp" owner="BuiltIn">
<arg>${json_data['results'][0]['picture']['thumbnail']}</arg>
<arg>^https?://.*\.(?:png|jpe?g|gif|bmp)$</arg>
<doc>Fails if ``string`` does not match ``pattern`` as a regular expression.</doc>
<status status="PASS" start="2024-03-22T18:16:43.655122" elapsed="0.000349"/>
</kw>
<kw name="Log" owner="BuiltIn">
<msg time="2024-03-22T18:16:43.655984" level="INFO">{'large': 'https://randomuser.me/api/portraits/men/46.jpg', 'medium': 'https://randomuser.me/api/portraits/med/men/46.jpg', 'thumbnail': 'https://randomuser.me/api/portraits/thumb/men/46.jpg'}</msg>
<arg>${json_data['results'][0]['picture']}</arg>
<doc>Logs the given message with the given level.</doc>
<status status="PASS" start="2024-03-22T18:16:43.655654" elapsed="0.000381"/>
</kw>
<status status="PASS" start="2024-03-22T18:16:43.574459" elapsed="0.081856"/>
</kw>
<kw name="Teste de Tipos de Dados - Postcode" owner="random-user-service">
<kw name="GET On Session" owner="RequestsLibrary">
<msg time="2024-03-22T18:16:43.749006" level="INFO">GET Request : url=https://randomuser.me/api 
 path_url=/api 
 headers={'User-Agent': 'python-requests/2.31.0', 'Accept-Encoding': 'gzip, deflate', 'Accept': '*/*', 'Connection': 'keep-alive'} 
 body=None 
 </msg>
<msg time="2024-03-22T18:16:43.749119" level="INFO">GET Response : url=https://randomuser.me/api 
 status=200, reason=OK 
 headers={'Date': 'Fri, 22 Mar 2024 18:16:43 GMT', 'Content-Type': 'application/json; charset=utf-8', 'Transfer-Encoding': 'chunked', 'Connection': 'keep-alive', 'X-Powered-By': 'Express', 'Access-Control-Allow-Origin': '*', 'Cache-Control': 'no-cache', 'ETag': 'W/"495-SlcTv2GhOsFnNUICYKHwtFlDVbM"', 'Vary': 'Accept-Encoding', 'Content-Encoding': 'gzip', 'CF-Cache-Status': 'DYNAMIC', 'Report-To': '{"endpoints":[{"url":"https:\\/\\/a.nel.cloudflare.com\\/report\\/v4?s=Z03%2FJbKJ%2BXBqGygIxTY%2BQkvHNGvoq5MqZDYAHQiCP4k06gS6ee63MMHu4X0ZDIV6ATvZnOvCBxgQ%2BL9O5%2FHf%2F1br1itYRSFZalP%2Fbm7ZQ3iWrxiazWcitNmG0XBgL%2FSe"}],"group":"cf-nel","max_age":604800}', 'NEL': '{"success_fraction":0,"report_to":"cf-nel","max_age":604800}', 'Server': 'cloudflare', 'CF-RAY': '86882ca8db4d117f-ORD', 'alt-svc': 'h3=":443"; ma=86400'} 
 body={"results":[{"gender":"female","name":{"title":"Miss","first":"Marie","last":"Hansen"},"location":{"street":{"number":3201,"name":"Markvænget"},"city":"Fredeikssund","state":"Nordjylland","country":"Denmark","postcode":29862,"coordinates":{"latitude":"-43.3259","longitude":"40.6376"},"timezone":{"offset":"+3:00","description":"Baghdad, Riyadh, Moscow, St. Petersburg"}},"email":"marie.hansen@example.com","login":{"uuid":"a2085839-30c5-4163-899b-ae8a37ce4970","username":"silverostrich908","password":"mega","salt":"cWxhzmqK","md5":"adc469ddb36b16dcf3da310f7c16e542","sha1":"03588a5791c4c7500ed1d9c2651b387b1b52dad8","sha256":"d7ee0312aa77856cc8a19f0412810c3959e97a4bd0f8a55251829ba936148ac7"},"dob":{"date":"1973-08-27T21:57:07.501Z","age":50},"registered":{"date":"2014-11-06T04:24:45.198Z","age":9},"phone":"47925409","cell":"03419861","id":{"name":"CPR","value":"270873-4546"},"picture":{"large":"https://randomuser.me/api/portraits/women/23.jpg","medium":"https://randomuser.me/api/portraits/med/women/23.jpg","thumbnail":"https://randomuser.me/api/portraits/thumb/women/23.jpg"},"nat":"DK"}],"info":{"seed":"3499e48d9c0ac7d2","results":1,"page":1,"version":"1.4"}} 
 </msg>
<msg time="2024-03-22T18:16:43.749221" level="INFO">/opt/hostedtoolcache/Python/3.12.2/x64/lib/python3.12/site-packages/urllib3/connectionpool.py:1103: InsecureRequestWarning: Unverified HTTPS request is being made to host 'randomuser.me'. Adding certificate verification is strongly advised. See: https://urllib3.readthedocs.io/en/latest/advanced-usage.html#tls-warnings
  warnings.warn(</msg>
<msg time="2024-03-22T18:16:43.749350" level="INFO">${response} = &lt;Response [200]&gt;</msg>
<var>${response}</var>
<arg>consultarAPI</arg>
<arg>/api</arg>
<doc>Sends a GET request on a previously created HTTP Session.</doc>
<status status="PASS" start="2024-03-22T18:16:43.656945" elapsed="0.092443"/>
</kw>
<kw name="Set Variable" owner="BuiltIn">
<msg time="2024-03-22T18:16:43.750621" level="INFO">${json_data} = {'results': [{'gender': 'female', 'name': {'title': 'Miss', 'first': 'Marie', 'last': 'Hansen'}, 'location': {'street': {'number': 3201, 'name': 'Markvænget'}, 'city': 'Fredeikssund', 'state': 'Nordjy...</msg>
<var>${json_data}</var>
<arg>${response.json()}</arg>
<doc>Returns the given values which can then be assigned to a variables.</doc>
<status status="PASS" start="2024-03-22T18:16:43.750053" elapsed="0.000597"/>
</kw>
<kw name="Log" owner="BuiltIn">
<msg time="2024-03-22T18:16:43.751119" level="INFO">{'results': [{'gender': 'female', 'name': {'title': 'Miss', 'first': 'Marie', 'last': 'Hansen'}, 'location': {'street': {'number': 3201, 'name': 'Markvænget'}, 'city': 'Fredeikssund', 'state': 'Nordjylland', 'country': 'Denmark', 'postcode': 29862, 'coordinates': {'latitude': '-43.3259', 'longitude': '40.6376'}, 'timezone': {'offset': '+3:00', 'description': 'Baghdad, Riyadh, Moscow, St. Petersburg'}}, 'email': 'marie.hansen@example.com', 'login': {'uuid': 'a2085839-30c5-4163-899b-ae8a37ce4970', 'username': 'silverostrich908', 'password': 'mega', 'salt': 'cWxhzmqK', 'md5': 'adc469ddb36b16dcf3da310f7c16e542', 'sha1': '03588a5791c4c7500ed1d9c2651b387b1b52dad8', 'sha256': 'd7ee0312aa77856cc8a19f0412810c3959e97a4bd0f8a55251829ba936148ac7'}, 'dob': {'date': '1973-08-27T21:57:07.501Z', 'age': 50}, 'registered': {'date': '2014-11-06T04:24:45.198Z', 'age': 9}, 'phone': '47925409', 'cell': '03419861', 'id': {'name': 'CPR', 'value': '270873-4546'}, 'picture': {'large': 'https://randomuser.me/api/portraits/women/23.jpg', 'medium': 'https://randomuser.me/api/portraits/med/women/23.jpg', 'thumbnail': 'https://randomuser.me/api/portraits/thumb/women/23.jpg'}, 'nat': 'DK'}], 'info': {'seed': '3499e48d9c0ac7d2', 'results': 1, 'page': 1, 'version': '1.4'}}</msg>
<arg>${json_data}</arg>
<doc>Logs the given message with the given level.</doc>
<status status="PASS" start="2024-03-22T18:16:43.750960" elapsed="0.000243"/>
</kw>
<kw name="Should Be Equal As Numbers" owner="BuiltIn">
<arg>${json_data['results'][0]['location']['postcode']}</arg>
<arg>${json_data['results'][0]['location']['postcode']}</arg>
<doc>Fails if objects are unequal after converting them to real numbers.</doc>
<status status="PASS" start="2024-03-22T18:16:43.751515" elapsed="0.000630"/>
</kw>
<kw name="Log" owner="BuiltIn">
<msg time="2024-03-22T18:16:43.752669" level="INFO">29862</msg>
<arg>${json_data['results'][0]['location']['postcode']}</arg>
<doc>Logs the given message with the given level.</doc>
<status status="PASS" start="2024-03-22T18:16:43.752339" elapsed="0.000370"/>
</kw>
<status status="PASS" start="2024-03-22T18:16:43.656552" elapsed="0.096416"/>
</kw>
<doc>Testa se os tipos de dados na resposta da API estão corretos.</doc>
<tag>testeTiposDados</tag>
<status status="PASS" start="2024-03-22T18:16:43.573884" elapsed="0.179257"/>
</test>
<test id="s1-s1-t5" name="Validar conteudo" line="35">
<kw name="Teste de Tipos de Conteudo" owner="random-user-service">
<kw name="GET On Session" owner="RequestsLibrary">
<msg time="2024-03-22T18:16:43.846971" level="INFO">GET Request : url=https://randomuser.me/api 
 path_url=/api 
 headers={'User-Agent': 'python-requests/2.31.0', 'Accept-Encoding': 'gzip, deflate', 'Accept': '*/*', 'Connection': 'keep-alive'} 
 body=None 
 </msg>
<msg time="2024-03-22T18:16:43.847086" level="INFO">GET Response : url=https://randomuser.me/api 
 status=200, reason=OK 
 headers={'Date': 'Fri, 22 Mar 2024 18:16:43 GMT', 'Content-Type': 'application/json; charset=utf-8', 'Transfer-Encoding': 'chunked', 'Connection': 'keep-alive', 'X-Powered-By': 'Express', 'Access-Control-Allow-Origin': '*', 'Cache-Control': 'no-cache', 'ETag': 'W/"492-JqOTOpp64uUz/PnAP0RIiqln7U0"', 'Vary': 'Accept-Encoding', 'Content-Encoding': 'gzip', 'CF-Cache-Status': 'DYNAMIC', 'Report-To': '{"endpoints":[{"url":"https:\\/\\/a.nel.cloudflare.com\\/report\\/v4?s=9Pb3Vbm72e%2FAtwWuZtjvFVVUY0RiyikKCcxDvDhIsrvq6qApG54JqOeD0aEhMxTk3heoyt6yjFMy%2B9kl1vamCvY1XLNPYVxC3cCa1cWHIwu4VeO4oWfP%2F5PSl74ASfzc"}],"group":"cf-nel","max_age":604800}', 'NEL': '{"success_fraction":0,"report_to":"cf-nel","max_age":604800}', 'Server': 'cloudflare', 'CF-RAY': '86882ca97c3c117f-ORD', 'alt-svc': 'h3=":443"; ma=86400'} 
 body={"results":[{"gender":"female","name":{"title":"Ms","first":"Silolyuba","last":"Pryadchenko"},"location":{"street":{"number":810,"name":"Organizatorska"},"city":"Dunayivci","state":"Mikolayivska","country":"Ukraine","postcode":16268,"coordinates":{"latitude":"77.7511","longitude":"135.0971"},"timezone":{"offset":"-11:00","description":"Midway Island, Samoa"}},"email":"silolyuba.pryadchenko@example.com","login":{"uuid":"dbe01a49-1b37-4efd-b004-2678fd26d4d0","username":"goldencat444","password":"727272","salt":"TmC58YSb","md5":"3cd446a4ec6782ed059b73fce176c573","sha1":"f0221701ed925c96de843aedf27a5d4167b035af","sha256":"4037561ee912cc0b2b95eab82e7cd9a40925d571663e357632405e8d84e3ebf5"},"dob":{"date":"1970-08-10T06:34:55.633Z","age":53},"registered":{"date":"2013-07-10T07:57:56.165Z","age":10},"phone":"(098) E38-2806","cell":"(098) P60-9922","id":{"name":"","value":null},"picture":{"large":"https://randomuser.me/api/portraits/women/96.jpg","medium":"https://randomuser.me/api/portraits/med/women/96.jpg","thumbnail":"https://randomuser.me/api/portraits/thumb/women/96.jpg"},"nat":"UA"}],"info":{"seed":"21c76a9380a6eea2","results":1,"page":1,"version":"1.4"}} 
 </msg>
<msg time="2024-03-22T18:16:43.847167" level="INFO">/opt/hostedtoolcache/Python/3.12.2/x64/lib/python3.12/site-packages/urllib3/connectionpool.py:1103: InsecureRequestWarning: Unverified HTTPS request is being made to host 'randomuser.me'. Adding certificate verification is strongly advised. See: https://urllib3.readthedocs.io/en/latest/advanced-usage.html#tls-warnings
  warnings.warn(</msg>
<msg time="2024-03-22T18:16:43.847310" level="INFO">${response} = &lt;Response [200]&gt;</msg>
<var>${response}</var>
<arg>consultarAPI</arg>
<arg>/api</arg>
<doc>Sends a GET request on a previously created HTTP Session.</doc>
<status status="PASS" start="2024-03-22T18:16:43.755737" elapsed="0.091624"/>
</kw>
<kw name="Set Variable" owner="BuiltIn">
<msg time="2024-03-22T18:16:43.848574" level="INFO">${json_data} = {'results': [{'gender': 'female', 'name': {'title': 'Ms', 'first': 'Silolyuba', 'last': 'Pryadchenko'}, 'location': {'street': {'number': 810, 'name': 'Organizatorska'}, 'city': 'Dunayivci', 'state': ...</msg>
<var>${json_data}</var>
<arg>${response.json()}</arg>
<doc>Returns the given values which can then be assigned to a variables.</doc>
<status status="PASS" start="2024-03-22T18:16:43.848003" elapsed="0.000599"/>
</kw>
<kw name="Set Variable" owner="BuiltIn">
<msg time="2024-03-22T18:16:43.849330" level="INFO">${name_title} = Ms</msg>
<var>${name_title}</var>
<arg>${json_data["results"][0]["name"]["title"]}</arg>
<doc>Returns the given values which can then be assigned to a variables.</doc>
<status status="PASS" start="2024-03-22T18:16:43.848934" elapsed="0.000421"/>
</kw>
<kw name="Create List" owner="BuiltIn">
<msg time="2024-03-22T18:16:43.849876" level="INFO">${allowed_titles} = ['Mr', 'Ms', 'Miss', 'Mrs', 'Madame', 'Monsieur']</msg>
<var>${allowed_titles}</var>
<arg>Mr</arg>
<arg>Ms</arg>
<arg>Miss</arg>
<arg>Mrs</arg>
<arg>Madame</arg>
<arg>Monsieur</arg>
<doc>Returns a list containing given items.</doc>
<status status="PASS" start="2024-03-22T18:16:43.849711" elapsed="0.000191"/>
</kw>
<kw name="List Should Contain Value" owner="Collections">
<msg time="2024-03-22T18:16:43.850407" level="INFO">False</msg>
<arg>${allowed_titles}</arg>
<arg>${name_title}</arg>
<doc>Fails if the ``value`` is not found from ``list``.</doc>
<status status="PASS" start="2024-03-22T18:16:43.850215" elapsed="0.000232"/>
</kw>
<kw name="Set Variable" owner="BuiltIn">
<msg time="2024-03-22T18:16:43.851122" level="INFO">${name_country} = UA</msg>
<var>${name_country}</var>
<arg>${json_data["results"][0]["nat"]}</arg>
<doc>Returns the given values which can then be assigned to a variables.</doc>
<status status="PASS" start="2024-03-22T18:16:43.850740" elapsed="0.000408"/>
</kw>
<kw name="Create List" owner="BuiltIn">
<msg time="2024-03-22T18:16:43.852073" level="INFO">${list_country} = ['AD', 'AE', 'AF', 'AG', 'AI', 'AL', 'AM', 'AO', 'AQ', 'AR', 'AS', 'AT', 'AU', 'AW', 'AX', 'AZ', 'BA', 'BB', 'BD', 'BE', 'BF', 'BG', 'BH', 'BI', 'BJ', 'BL', 'BM', 'BN', 'BO', 'BQ', 'BR', 'BS', 'BT', '...</msg>
<var>${list_country}</var>
<arg>AD</arg>
<arg>AE</arg>
<arg>AF</arg>
<arg>AG</arg>
<arg>AI</arg>
<arg>AL</arg>
<arg>AM</arg>
<arg>AO</arg>
<arg>AQ</arg>
<arg>AR</arg>
<arg>AS</arg>
<arg>AT</arg>
<arg>AU</arg>
<arg>AW</arg>
<arg>AX</arg>
<arg>AZ</arg>
<arg>BA</arg>
<arg>BB</arg>
<arg>BD</arg>
<arg>BE</arg>
<arg>BF</arg>
<arg>BG</arg>
<arg>BH</arg>
<arg>BI</arg>
<arg>BJ</arg>
<arg>BL</arg>
<arg>BM</arg>
<arg>BN</arg>
<arg>BO</arg>
<arg>BQ</arg>
<arg>BR</arg>
<arg>BS</arg>
<arg>BT</arg>
<arg>BV</arg>
<arg>BW</arg>
<arg>BY</arg>
<arg>BZ</arg>
<arg>CA</arg>
<arg>CC</arg>
<arg>CD</arg>
<arg>CF</arg>
<arg>CG</arg>
<arg>CH</arg>
<arg>CI</arg>
<arg>CK</arg>
<arg>CL</arg>
<arg>CM</arg>
<arg>CN</arg>
<arg>CO</arg>
<arg>CR</arg>
<arg>CU</arg>
<arg>CV</arg>
<arg>CW</arg>
<arg>CX</arg>
<arg>CY</arg>
<arg>CZ</arg>
<arg>DE</arg>
<arg>DJ</arg>
<arg>DK</arg>
<arg>DM</arg>
<arg>DO</arg>
<arg>DZ</arg>
<arg>EC</arg>
<arg>EE</arg>
<arg>EG</arg>
<arg>EH</arg>
<arg>ER</arg>
<arg>ES</arg>
<arg>ET</arg>
<arg>FI</arg>
<arg>FJ</arg>
<arg>FK</arg>
<arg>FM</arg>
<arg>FO</arg>
<arg>FR</arg>
<arg>GA</arg>
<arg>GB</arg>
<arg>GD</arg>
<arg>GE</arg>
<arg>GF</arg>
<arg>GG</arg>
<arg>GH</arg>
<arg>GI</arg>
<arg>GL</arg>
<arg>GM</arg>
<arg>GN</arg>
<arg>GP</arg>
<arg>GQ</arg>
<arg>GR</arg>
<arg>GS</arg>
<arg>GT</arg>
<arg>GU</arg>
<arg>GW</arg>
<arg>GY</arg>
<arg>HK</arg>
<arg>HM</arg>
<arg>HN</arg>
<arg>HR</arg>
<arg>HT</arg>
<arg>HU</arg>
<arg>ID</arg>
<arg>IE</arg>
<arg>IL</arg>
<arg>IM</arg>
<arg>IN</arg>
<arg>IO</arg>
<arg>IQ</arg>
<arg>IR</arg>
<arg>IS</arg>
<arg>IT</arg>
<arg>JE</arg>
<arg>JM</arg>
<arg>JO</arg>
<arg>JP</arg>
<arg>KE</arg>
<arg>KG</arg>
<arg>KH</arg>
<arg>KI</arg>
<arg>KM</arg>
<arg>KN</arg>
<arg>KP</arg>
<arg>KR</arg>
<arg>KW</arg>
<arg>KY</arg>
<arg>KZ</arg>
<arg>LA</arg>
<arg>LB</arg>
<arg>LC</arg>
<arg>LI</arg>
<arg>LK</arg>
<arg>LR</arg>
<arg>LS</arg>
<arg>LT</arg>
<arg>LU</arg>
<arg>LV</arg>
<arg>LY</arg>
<arg>MA</arg>
<arg>MC</arg>
<arg>MD</arg>
<arg>ME</arg>
<arg>MF</arg>
<arg>MG</arg>
<arg>MH</arg>
<arg>MK</arg>
<arg>ML</arg>
<arg>MM</arg>
<arg>MN</arg>
<arg>MO</arg>
<arg>MP</arg>
<arg>MQ</arg>
<arg>MR</arg>
<arg>MS</arg>
<arg>MT</arg>
<arg>MU</arg>
<arg>MV</arg>
<arg>MW</arg>
<arg>MX</arg>
<arg>MY</arg>
<arg>MZ</arg>
<arg>NA</arg>
<arg>NC</arg>
<arg>NE</arg>
<arg>NF</arg>
<arg>NG</arg>
<arg>NI</arg>
<arg>NL</arg>
<arg>NO</arg>
<arg>NP</arg>
<arg>NR</arg>
<arg>NU</arg>
<arg>NZ</arg>
<arg>OM</arg>
<arg>PA</arg>
<arg>PE</arg>
<arg>PF</arg>
<arg>PG</arg>
<arg>PH</arg>
<arg>PK</arg>
<arg>PL</arg>
<arg>PM</arg>
<arg>PN</arg>
<arg>PR</arg>
<arg>PS</arg>
<arg>PT</arg>
<arg>PW</arg>
<arg>PY</arg>
<arg>QA</arg>
<arg>RE</arg>
<arg>RO</arg>
<arg>RS</arg>
<arg>RU</arg>
<arg>RW</arg>
<arg>SA</arg>
<arg>SB</arg>
<arg>SC</arg>
<arg>SD</arg>
<arg>SE</arg>
<arg>SG</arg>
<arg>SH</arg>
<arg>SI</arg>
<arg>SJ</arg>
<arg>SK</arg>
<arg>SL</arg>
<arg>SM</arg>
<arg>SN</arg>
<arg>SO</arg>
<arg>SR</arg>
<arg>SS</arg>
<arg>ST</arg>
<arg>SV</arg>
<arg>SX</arg>
<arg>SY</arg>
<arg>SZ</arg>
<arg>TC</arg>
<arg>TD</arg>
<arg>TF</arg>
<arg>TG</arg>
<arg>TH</arg>
<arg>TJ</arg>
<arg>TK</arg>
<arg>TL</arg>
<arg>TM</arg>
<arg>TN</arg>
<arg>TO</arg>
<arg>TR</arg>
<arg>TT</arg>
<arg>TV</arg>
<arg>TW</arg>
<arg>TZ</arg>
<arg>UA</arg>
<arg>UG</arg>
<arg>UM</arg>
<arg>US</arg>
<arg>UY</arg>
<arg>UZ</arg>
<arg>VA</arg>
<arg>VC</arg>
<arg>VE</arg>
<arg>VG</arg>
<arg>VI</arg>
<arg>VN</arg>
<arg>VU</arg>
<arg>WF</arg>
<arg>WS</arg>
<arg>XK</arg>
<arg>YE</arg>
<arg>YT</arg>
<arg>ZA</arg>
<arg>ZM</arg>
<arg>ZW</arg>
<doc>Returns a list containing given items.</doc>
<status status="PASS" start="2024-03-22T18:16:43.851471" elapsed="0.000628"/>
</kw>
<kw name="List Should Contain Value" owner="Collections">
<msg time="2024-03-22T18:16:43.853248" level="INFO">False</msg>
<arg>${list_country}</arg>
<arg>${name_country}</arg>
<doc>Fails if the ``value`` is not found from ``list``.</doc>
<status status="PASS" start="2024-03-22T18:16:43.853040" elapsed="0.000246"/>
</kw>
<kw name="Run Keyword If" owner="BuiltIn">
<kw name="Should Be True" owner="BuiltIn">
<arg>${True}</arg>
<doc>Fails if the given condition is not true.</doc>
<status status="PASS" start="2024-03-22T18:16:43.854405" elapsed="0.000147"/>
</kw>
<arg>${json_data["results"][0]["location"]["coordinates"]["latitude"]} &gt;= -90 and ${json_data["results"][0]["location"]["coordinates"]["latitude"]} &lt;= 90</arg>
<arg>Should Be True</arg>
<arg>${True}</arg>
<doc>Runs the given keyword with the given arguments, if ``condition`` is true.</doc>
<status status="PASS" start="2024-03-22T18:16:43.853603" elapsed="0.001079"/>
</kw>
<kw name="Run Keyword If" owner="BuiltIn">
<kw name="Should Be True" owner="BuiltIn">
<arg>${True}</arg>
<doc>Fails if the given condition is not true.</doc>
<status status="PASS" start="2024-03-22T18:16:43.855567" elapsed="0.000139"/>
</kw>
<arg>${json_data["results"][0]["location"]["coordinates"]["longitude"]} &gt;= -180 and ${json_data["results"][0]["location"]["coordinates"]["longitude"]} &lt;= 180</arg>
<arg>Should Be True</arg>
<arg>${True}</arg>
<doc>Runs the given keyword with the given arguments, if ``condition`` is true.</doc>
<status status="PASS" start="2024-03-22T18:16:43.854869" elapsed="0.000963"/>
</kw>
<status status="PASS" start="2024-03-22T18:16:43.755505" elapsed="0.100461"/>
</kw>
<doc>Testa o conteúdo específico dos campos retornados pela API.</doc>
<tag>testeConteudo</tag>
<status status="PASS" start="2024-03-22T18:16:43.754956" elapsed="0.101167"/>
</test>
<status status="PASS" start="2024-03-22T18:16:42.886239" elapsed="0.971927"/>
</suite>
<status status="PASS" start="2024-03-22T18:16:42.871880" elapsed="0.991762"/>
</suite>
<statistics>
<total>
<stat pass="5" fail="0" skip="0">All Tests</stat>
</total>
<tag>
<stat pass="1" fail="0" skip="0">testeConteudo</stat>
<stat pass="1" fail="0" skip="0">testeEstruturaResposta</stat>
<stat pass="1" fail="0" skip="0">testeRequisicaoBasica</stat>
<stat pass="1" fail="0" skip="0">testeTiposDados</stat>
</tag>
<suite>
<stat pass="5" fail="0" skip="0" id="s1" name="Tests">Tests</stat>
<stat pass="5" fail="0" skip="0" id="s1-s1" name="Random-User-Test">Tests.Random-User-Test</stat>
</suite>
</statistics>
<errors>
</errors>
</robot>
