<?xml version="1.0" encoding="UTF-8"?>
<robot generator="Robot 7.0.1 (Python 3.12.4 on linux)" generated="2024-07-09T15:15:54.010851" rpa="false" schemaversion="5">
<suite id="s1" name="Tests" source="/home/runner/work/ApiRandomUser/ApiRandomUser/RamdonUser/tests">
<suite id="s1-s1" name="Random-User-Test" source="/home/runner/work/ApiRandomUser/ApiRandomUser/RamdonUser/tests/random-user-test.robot">
<test id="s1-s1-t1" name="Conectar" line="13">
<kw name="Conectar API" owner="random-user-service">
<kw name="Create Session" owner="RequestsLibrary">
<msg time="2024-07-09T15:15:54.409129" level="INFO">Creating Session using : alias=consultarAPI, url=https://randomuser.me/, headers={},                     cookies={}, auth=None, timeout=None, proxies=None, verify=False,                     debug=0 </msg>
<arg>consultarAPI</arg>
<arg>${URL}</arg>
<doc>Create Session: create a HTTP session to a server</doc>
<status status="PASS" start="2024-07-09T15:15:54.408932" elapsed="0.000379"/>
</kw>
<status status="PASS" start="2024-07-09T15:15:54.407971" elapsed="0.001709"/>
</kw>
<status status="PASS" start="2024-07-09T15:15:54.407394" elapsed="0.002479"/>
</test>
<test id="s1-s1-t2" name="Validar retorno 200 e JSON Válido" line="16">
<kw name="Teste de Requisicao Basica" owner="random-user-service">
<kw name="GET On Session" owner="RequestsLibrary">
<msg time="2024-07-09T15:15:54.667691" level="INFO">GET Request : url=https://randomuser.me/api 
 path_url=/api 
 headers={'User-Agent': 'python-requests/2.32.3', 'Accept-Encoding': 'gzip, deflate', 'Accept': '*/*', 'Connection': 'keep-alive'} 
 body=None 
 </msg>
<msg time="2024-07-09T15:15:54.667843" level="INFO">GET Response : url=https://randomuser.me/api 
 status=200, reason=OK 
 headers={'Date': 'Tue, 09 Jul 2024 15:15:54 GMT', 'Content-Type': 'application/json; charset=utf-8', 'Transfer-Encoding': 'chunked', 'Connection': 'keep-alive', 'X-Powered-By': 'Express', 'Access-Control-Allow-Origin': '*', 'Cache-Control': 'no-cache', 'ETag': 'W/"4a6-JnLWAPzT3Xt/DGuGgI6MktgUUIs"', 'Vary': 'Accept-Encoding', 'Content-Encoding': 'gzip', 'CF-Cache-Status': 'DYNAMIC', 'Report-To': '{"endpoints":[{"url":"https:\\/\\/a.nel.cloudflare.com\\/report\\/v4?s=6iMc0AnxIuSAP%2BDeIyYPe6ZJZqUldlAsGID9gzvpgBO3CH%2FuL1bp6QTKdBw%2BlwVI0sdXQSyLJMkk8cUP1Ds0L7m%2B0mJS1bO1hJLWoptRJL6fqN64%2BJaFHZv3D%2FLVM6qe"}],"group":"cf-nel","max_age":604800}', 'NEL': '{"success_fraction":0,"report_to":"cf-nel","max_age":604800}', 'Server': 'cloudflare', 'CF-RAY': '8a0945aa5a4c1773-IAD', 'alt-svc': 'h3=":443"; ma=86400'} 
 body={"results":[{"gender":"male","name":{"title":"Mr","first":"Nathan","last":"Johnson"},"location":{"street":{"number":6328,"name":"Stanley Way"},"city":"Dorchester","state":"Newfoundland and Labrador","country":"Canada","postcode":"P6G 6R4","coordinates":{"latitude":"-64.5513","longitude":"-16.3069"},"timezone":{"offset":"+10:00","description":"Eastern Australia, Guam, Vladivostok"}},"email":"nathan.johnson@example.com","login":{"uuid":"a6fad456-5a71-410d-b773-7f08b7ba177d","username":"lazyelephant532","password":"incubus","salt":"uNBega1C","md5":"6b720a1b194872e7c778bd5b29dd9f7e","sha1":"cf0274ec2edc5ff5dd181ff17af18e269685fcbe","sha256":"a0363a3b26a91791332676305b2f572719561369cdd4b48669e747565427ab93"},"dob":{"date":"1998-07-02T14:35:33.337Z","age":26},"registered":{"date":"2002-10-15T07:15:55.782Z","age":21},"phone":"T46 Q04-4830","cell":"M19 M02-1866","id":{"name":"SIN","value":"648322667"},"picture":{"large":"https://randomuser.me/api/portraits/men/51.jpg","medium":"https://randomuser.me/api/portraits/med/men/51.jpg","thumbnail":"https://randomuser.me/api/portraits/thumb/men/51.jpg"},"nat":"CA"}],"info":{"seed":"96546da04f3657f9","results":1,"page":1,"version":"1.4"}} 
 </msg>
<msg time="2024-07-09T15:15:54.667927" level="INFO">/opt/hostedtoolcache/Python/3.12.4/x64/lib/python3.12/site-packages/urllib3/connectionpool.py:1099: InsecureRequestWarning: Unverified HTTPS request is being made to host 'randomuser.me'. Adding certificate verification is strongly advised. See: https://urllib3.readthedocs.io/en/latest/advanced-usage.html#tls-warnings
  warnings.warn(</msg>
<msg time="2024-07-09T15:15:54.668061" level="INFO">${response} = &lt;Response [200]&gt;</msg>
<var>${response}</var>
<arg>consultarAPI</arg>
<arg>/api</arg>
<doc>Sends a GET request on a previously created HTTP Session.</doc>
<status status="PASS" start="2024-07-09T15:15:54.412508" elapsed="0.255597"/>
</kw>
<kw name="Should Be Equal As Numbers" owner="BuiltIn">
<msg time="2024-07-09T15:15:54.669126" level="INFO">Argument types are:
&lt;class 'int'&gt;
&lt;class 'str'&gt;</msg>
<arg>${response.status_code}</arg>
<arg>200</arg>
<doc>Fails if objects are unequal after converting them to real numbers.</doc>
<status status="PASS" start="2024-07-09T15:15:54.668661" elapsed="0.000534"/>
</kw>
<kw name="Log" owner="BuiltIn">
<msg time="2024-07-09T15:15:54.669873" level="INFO">200</msg>
<arg>${response.status_code}</arg>
<doc>Logs the given message with the given level.</doc>
<status status="PASS" start="2024-07-09T15:15:54.669514" elapsed="0.000401"/>
</kw>
<kw name="Set Variable" owner="BuiltIn">
<msg time="2024-07-09T15:15:54.670700" level="INFO">${json_data} = {'results': [{'gender': 'male', 'name': {'title': 'Mr', 'first': 'Nathan', 'last': 'Johnson'}, 'location': {'street': {'number': 6328, 'name': 'Stanley Way'}, 'city': 'Dorchester', 'state': 'Newfoundl...</msg>
<var>${json_data}</var>
<arg>${response.json()}</arg>
<doc>Returns the given values which can then be assigned to a variables.</doc>
<status status="PASS" start="2024-07-09T15:15:54.670228" elapsed="0.000504"/>
</kw>
<kw name="Dictionary Should Contain Key" owner="Collections">
<arg>${json_data}</arg>
<arg>results</arg>
<doc>Fails if ``key`` is not found from ``dictionary``.</doc>
<status status="PASS" start="2024-07-09T15:15:54.671035" elapsed="0.000170"/>
</kw>
<status status="PASS" start="2024-07-09T15:15:54.412258" elapsed="0.259102"/>
</kw>
<doc>Testa se a API responde corretamente e retorna um objeto JSON válido.</doc>
<tag>testeRequisicaoBasica</tag>
<status status="PASS" start="2024-07-09T15:15:54.411767" elapsed="0.259786"/>
</test>
<test id="s1-s1-t3" name="Validar estrutura de resposta" line="22">
<kw name="Teste de Estrutura de Resposta" owner="random-user-service">
<kw name="GET On Session" owner="RequestsLibrary">
<msg time="2024-07-09T15:15:54.762758" level="INFO">GET Request : url=https://randomuser.me/api 
 path_url=/api 
 headers={'User-Agent': 'python-requests/2.32.3', 'Accept-Encoding': 'gzip, deflate', 'Accept': '*/*', 'Connection': 'keep-alive'} 
 body=None 
 </msg>
<msg time="2024-07-09T15:15:54.762860" level="INFO">GET Response : url=https://randomuser.me/api 
 status=200, reason=OK 
 headers={'Date': 'Tue, 09 Jul 2024 15:15:54 GMT', 'Content-Type': 'application/json; charset=utf-8', 'Transfer-Encoding': 'chunked', 'Connection': 'keep-alive', 'X-Powered-By': 'Express', 'Access-Control-Allow-Origin': '*', 'Cache-Control': 'no-cache', 'ETag': 'W/"487-gEo0oJ4rzy6joT26r0bbxJBvBRU"', 'Vary': 'Accept-Encoding', 'Content-Encoding': 'gzip', 'CF-Cache-Status': 'DYNAMIC', 'Report-To': '{"endpoints":[{"url":"https:\\/\\/a.nel.cloudflare.com\\/report\\/v4?s=5Fu2B1PPTYspp%2B7vb2jjGKhMg1VBLvLhd3TiO%2B4A4ydfiYZGjN1xW32UrXnzGx2Pq%2B0t84D9c4TnzZeDS8Vj1netov5UOucWV3JawY19xz9ZQY5io5BEiaHsGDISI4fi"}],"group":"cf-nel","max_age":604800}', 'NEL': '{"success_fraction":0,"report_to":"cf-nel","max_age":604800}', 'Server': 'cloudflare', 'CF-RAY': '8a0945aaba7e1773-IAD', 'alt-svc': 'h3=":443"; ma=86400'} 
 body={"results":[{"gender":"male","name":{"title":"Mr","first":"Jerome","last":"Warren"},"location":{"street":{"number":3354,"name":"Stanley Road"},"city":"Lisburn","state":"Lancashire","country":"United Kingdom","postcode":"NF0N 8YJ","coordinates":{"latitude":"-4.7411","longitude":"-178.5418"},"timezone":{"offset":"+9:30","description":"Adelaide, Darwin"}},"email":"jerome.warren@example.com","login":{"uuid":"7ee5c79b-bab9-4113-bf6d-86c237dea2b3","username":"greensnake556","password":"vision","salt":"SQTLhemo","md5":"f4d894c6b75e162ff5575afcbdaab3ca","sha1":"dc9e826a57f131901bbafea9561508963b14e705","sha256":"b36a6ceabc6ce74b886536316cd68e2ec8b6e56b864c22d3d7b23f362ca7ade4"},"dob":{"date":"1969-02-04T02:11:47.519Z","age":55},"registered":{"date":"2018-01-26T18:14:29.704Z","age":6},"phone":"01248 96172","cell":"07001 180927","id":{"name":"NINO","value":"BK 42 85 96 G"},"picture":{"large":"https://randomuser.me/api/portraits/men/12.jpg","medium":"https://randomuser.me/api/portraits/med/men/12.jpg","thumbnail":"https://randomuser.me/api/portraits/thumb/men/12.jpg"},"nat":"GB"}],"info":{"seed":"5c505979ac0f8da1","results":1,"page":1,"version":"1.4"}} 
 </msg>
<msg time="2024-07-09T15:15:54.762984" level="INFO">/opt/hostedtoolcache/Python/3.12.4/x64/lib/python3.12/site-packages/urllib3/connectionpool.py:1099: InsecureRequestWarning: Unverified HTTPS request is being made to host 'randomuser.me'. Adding certificate verification is strongly advised. See: https://urllib3.readthedocs.io/en/latest/advanced-usage.html#tls-warnings
  warnings.warn(</msg>
<msg time="2024-07-09T15:15:54.763105" level="INFO">${response} = &lt;Response [200]&gt;</msg>
<var>${response}</var>
<arg>consultarAPI</arg>
<arg>/api</arg>
<doc>Sends a GET request on a previously created HTTP Session.</doc>
<status status="PASS" start="2024-07-09T15:15:54.674630" elapsed="0.088512"/>
</kw>
<kw name="Set Variable" owner="BuiltIn">
<msg time="2024-07-09T15:15:54.764179" level="INFO">${json_data} = {'results': [{'gender': 'male', 'name': {'title': 'Mr', 'first': 'Jerome', 'last': 'Warren'}, 'location': {'street': {'number': 3354, 'name': 'Stanley Road'}, 'city': 'Lisburn', 'state': 'Lancashire',...</msg>
<var>${json_data}</var>
<arg>${response.json()}</arg>
<doc>Returns the given values which can then be assigned to a variables.</doc>
<status status="PASS" start="2024-07-09T15:15:54.763644" elapsed="0.000568"/>
</kw>
<kw name="Log" owner="BuiltIn">
<msg time="2024-07-09T15:15:54.764690" level="INFO">{'results': [{'gender': 'male', 'name': {'title': 'Mr', 'first': 'Jerome', 'last': 'Warren'}, 'location': {'street': {'number': 3354, 'name': 'Stanley Road'}, 'city': 'Lisburn', 'state': 'Lancashire', 'country': 'United Kingdom', 'postcode': 'NF0N 8YJ', 'coordinates': {'latitude': '-4.7411', 'longitude': '-178.5418'}, 'timezone': {'offset': '+9:30', 'description': 'Adelaide, Darwin'}}, 'email': 'jerome.warren@example.com', 'login': {'uuid': '7ee5c79b-bab9-4113-bf6d-86c237dea2b3', 'username': 'greensnake556', 'password': 'vision', 'salt': 'SQTLhemo', 'md5': 'f4d894c6b75e162ff5575afcbdaab3ca', 'sha1': 'dc9e826a57f131901bbafea9561508963b14e705', 'sha256': 'b36a6ceabc6ce74b886536316cd68e2ec8b6e56b864c22d3d7b23f362ca7ade4'}, 'dob': {'date': '1969-02-04T02:11:47.519Z', 'age': 55}, 'registered': {'date': '2018-01-26T18:14:29.704Z', 'age': 6}, 'phone': '01248 96172', 'cell': '07001 180927', 'id': {'name': 'NINO', 'value': 'BK 42 85 96 G'}, 'picture': {'large': 'https://randomuser.me/api/portraits/men/12.jpg', 'medium': 'https://randomuser.me/api/portraits/med/men/12.jpg', 'thumbnail': 'https://randomuser.me/api/portraits/thumb/men/12.jpg'}, 'nat': 'GB'}], 'info': {'seed': '5c505979ac0f8da1', 'results': 1, 'page': 1, 'version': '1.4'}}</msg>
<arg>${json_data}</arg>
<doc>Logs the given message with the given level.</doc>
<status status="PASS" start="2024-07-09T15:15:54.764527" elapsed="0.000216"/>
</kw>
<kw name="Dictionary Should Contain Key" owner="Collections">
<arg>${json_data}</arg>
<arg>results</arg>
<doc>Fails if ``key`` is not found from ``dictionary``.</doc>
<status status="PASS" start="2024-07-09T15:15:54.765039" elapsed="0.000167"/>
</kw>
<kw name="Should Not Be Empty" owner="BuiltIn">
<msg time="2024-07-09T15:15:54.765526" level="INFO">Length is 2.</msg>
<arg>${json_data}</arg>
<doc>Verifies that the given item is not empty.</doc>
<status status="PASS" start="2024-07-09T15:15:54.765393" elapsed="0.000172"/>
</kw>
<kw name="Create List" owner="BuiltIn">
<msg time="2024-07-09T15:15:54.766017" level="INFO">${expected_keys} = ['gender', 'name', 'location', 'email', 'login']</msg>
<var>${expected_keys}</var>
<arg>gender</arg>
<arg>name</arg>
<arg>location</arg>
<arg>email</arg>
<arg>login</arg>
<doc>Returns a list containing given items.</doc>
<status status="PASS" start="2024-07-09T15:15:54.765864" elapsed="0.000178"/>
</kw>
<for flavor="IN">
<iter>
<kw name="Dictionary Should Contain Key" owner="Collections">
<arg>${json_data['results'][0]}</arg>
<arg>${key}</arg>
<doc>Fails if ``key`` is not found from ``dictionary``.</doc>
<status status="PASS" start="2024-07-09T15:15:54.766851" elapsed="0.000410"/>
</kw>
<kw name="Log" owner="BuiltIn">
<msg time="2024-07-09T15:15:54.767835" level="INFO">{'gender': 'male', 'name': {'title': 'Mr', 'first': 'Jerome', 'last': 'Warren'}, 'location': {'street': {'number': 3354, 'name': 'Stanley Road'}, 'city': 'Lisburn', 'state': 'Lancashire', 'country': 'United Kingdom', 'postcode': 'NF0N 8YJ', 'coordinates': {'latitude': '-4.7411', 'longitude': '-178.5418'}, 'timezone': {'offset': '+9:30', 'description': 'Adelaide, Darwin'}}, 'email': 'jerome.warren@example.com', 'login': {'uuid': '7ee5c79b-bab9-4113-bf6d-86c237dea2b3', 'username': 'greensnake556', 'password': 'vision', 'salt': 'SQTLhemo', 'md5': 'f4d894c6b75e162ff5575afcbdaab3ca', 'sha1': 'dc9e826a57f131901bbafea9561508963b14e705', 'sha256': 'b36a6ceabc6ce74b886536316cd68e2ec8b6e56b864c22d3d7b23f362ca7ade4'}, 'dob': {'date': '1969-02-04T02:11:47.519Z', 'age': 55}, 'registered': {'date': '2018-01-26T18:14:29.704Z', 'age': 6}, 'phone': '01248 96172', 'cell': '07001 180927', 'id': {'name': 'NINO', 'value': 'BK 42 85 96 G'}, 'picture': {'large': 'https://randomuser.me/api/portraits/men/12.jpg', 'medium': 'https://randomuser.me/api/portraits/med/men/12.jpg', 'thumbnail': 'https://randomuser.me/api/portraits/thumb/men/12.jpg'}, 'nat': 'GB'}</msg>
<arg>${json_data['results'][0]}</arg>
<doc>Logs the given message with the given level.</doc>
<status status="PASS" start="2024-07-09T15:15:54.767459" elapsed="0.000426"/>
</kw>
<kw name="Log" owner="BuiltIn">
<msg time="2024-07-09T15:15:54.768332" level="INFO">gender</msg>
<arg>${key}</arg>
<doc>Logs the given message with the given level.</doc>
<status status="PASS" start="2024-07-09T15:15:54.768188" elapsed="0.000185"/>
</kw>
<var name="${key}">gender</var>
<status status="PASS" start="2024-07-09T15:15:54.766724" elapsed="0.001883"/>
</iter>
<iter>
<kw name="Dictionary Should Contain Key" owner="Collections">
<arg>${json_data['results'][0]}</arg>
<arg>${key}</arg>
<doc>Fails if ``key`` is not found from ``dictionary``.</doc>
<status status="PASS" start="2024-07-09T15:15:54.768924" elapsed="0.000397"/>
</kw>
<kw name="Log" owner="BuiltIn">
<msg time="2024-07-09T15:15:54.769853" level="INFO">{'gender': 'male', 'name': {'title': 'Mr', 'first': 'Jerome', 'last': 'Warren'}, 'location': {'street': {'number': 3354, 'name': 'Stanley Road'}, 'city': 'Lisburn', 'state': 'Lancashire', 'country': 'United Kingdom', 'postcode': 'NF0N 8YJ', 'coordinates': {'latitude': '-4.7411', 'longitude': '-178.5418'}, 'timezone': {'offset': '+9:30', 'description': 'Adelaide, Darwin'}}, 'email': 'jerome.warren@example.com', 'login': {'uuid': '7ee5c79b-bab9-4113-bf6d-86c237dea2b3', 'username': 'greensnake556', 'password': 'vision', 'salt': 'SQTLhemo', 'md5': 'f4d894c6b75e162ff5575afcbdaab3ca', 'sha1': 'dc9e826a57f131901bbafea9561508963b14e705', 'sha256': 'b36a6ceabc6ce74b886536316cd68e2ec8b6e56b864c22d3d7b23f362ca7ade4'}, 'dob': {'date': '1969-02-04T02:11:47.519Z', 'age': 55}, 'registered': {'date': '2018-01-26T18:14:29.704Z', 'age': 6}, 'phone': '01248 96172', 'cell': '07001 180927', 'id': {'name': 'NINO', 'value': 'BK 42 85 96 G'}, 'picture': {'large': 'https://randomuser.me/api/portraits/men/12.jpg', 'medium': 'https://randomuser.me/api/portraits/med/men/12.jpg', 'thumbnail': 'https://randomuser.me/api/portraits/thumb/men/12.jpg'}, 'nat': 'GB'}</msg>
<arg>${json_data['results'][0]}</arg>
<doc>Logs the given message with the given level.</doc>
<status status="PASS" start="2024-07-09T15:15:54.769506" elapsed="0.000429"/>
</kw>
<kw name="Log" owner="BuiltIn">
<msg time="2024-07-09T15:15:54.770378" level="INFO">name</msg>
<arg>${key}</arg>
<doc>Logs the given message with the given level.</doc>
<status status="PASS" start="2024-07-09T15:15:54.770245" elapsed="0.000170"/>
</kw>
<var name="${key}">name</var>
<status status="PASS" start="2024-07-09T15:15:54.768800" elapsed="0.001886"/>
</iter>
<iter>
<kw name="Dictionary Should Contain Key" owner="Collections">
<arg>${json_data['results'][0]}</arg>
<arg>${key}</arg>
<doc>Fails if ``key`` is not found from ``dictionary``.</doc>
<status status="PASS" start="2024-07-09T15:15:54.770984" elapsed="0.000389"/>
</kw>
<kw name="Log" owner="BuiltIn">
<msg time="2024-07-09T15:15:54.771908" level="INFO">{'gender': 'male', 'name': {'title': 'Mr', 'first': 'Jerome', 'last': 'Warren'}, 'location': {'street': {'number': 3354, 'name': 'Stanley Road'}, 'city': 'Lisburn', 'state': 'Lancashire', 'country': 'United Kingdom', 'postcode': 'NF0N 8YJ', 'coordinates': {'latitude': '-4.7411', 'longitude': '-178.5418'}, 'timezone': {'offset': '+9:30', 'description': 'Adelaide, Darwin'}}, 'email': 'jerome.warren@example.com', 'login': {'uuid': '7ee5c79b-bab9-4113-bf6d-86c237dea2b3', 'username': 'greensnake556', 'password': 'vision', 'salt': 'SQTLhemo', 'md5': 'f4d894c6b75e162ff5575afcbdaab3ca', 'sha1': 'dc9e826a57f131901bbafea9561508963b14e705', 'sha256': 'b36a6ceabc6ce74b886536316cd68e2ec8b6e56b864c22d3d7b23f362ca7ade4'}, 'dob': {'date': '1969-02-04T02:11:47.519Z', 'age': 55}, 'registered': {'date': '2018-01-26T18:14:29.704Z', 'age': 6}, 'phone': '01248 96172', 'cell': '07001 180927', 'id': {'name': 'NINO', 'value': 'BK 42 85 96 G'}, 'picture': {'large': 'https://randomuser.me/api/portraits/men/12.jpg', 'medium': 'https://randomuser.me/api/portraits/med/men/12.jpg', 'thumbnail': 'https://randomuser.me/api/portraits/thumb/men/12.jpg'}, 'nat': 'GB'}</msg>
<arg>${json_data['results'][0]}</arg>
<doc>Logs the given message with the given level.</doc>
<status status="PASS" start="2024-07-09T15:15:54.771555" elapsed="0.000401"/>
</kw>
<kw name="Log" owner="BuiltIn">
<msg time="2024-07-09T15:15:54.772393" level="INFO">location</msg>
<arg>${key}</arg>
<doc>Logs the given message with the given level.</doc>
<status status="PASS" start="2024-07-09T15:15:54.772262" elapsed="0.000168"/>
</kw>
<var name="${key}">location</var>
<status status="PASS" start="2024-07-09T15:15:54.770869" elapsed="0.001783"/>
</iter>
<iter>
<kw name="Dictionary Should Contain Key" owner="Collections">
<arg>${json_data['results'][0]}</arg>
<arg>${key}</arg>
<doc>Fails if ``key`` is not found from ``dictionary``.</doc>
<status status="PASS" start="2024-07-09T15:15:54.772935" elapsed="0.000392"/>
</kw>
<kw name="Log" owner="BuiltIn">
<msg time="2024-07-09T15:15:54.773859" level="INFO">{'gender': 'male', 'name': {'title': 'Mr', 'first': 'Jerome', 'last': 'Warren'}, 'location': {'street': {'number': 3354, 'name': 'Stanley Road'}, 'city': 'Lisburn', 'state': 'Lancashire', 'country': 'United Kingdom', 'postcode': 'NF0N 8YJ', 'coordinates': {'latitude': '-4.7411', 'longitude': '-178.5418'}, 'timezone': {'offset': '+9:30', 'description': 'Adelaide, Darwin'}}, 'email': 'jerome.warren@example.com', 'login': {'uuid': '7ee5c79b-bab9-4113-bf6d-86c237dea2b3', 'username': 'greensnake556', 'password': 'vision', 'salt': 'SQTLhemo', 'md5': 'f4d894c6b75e162ff5575afcbdaab3ca', 'sha1': 'dc9e826a57f131901bbafea9561508963b14e705', 'sha256': 'b36a6ceabc6ce74b886536316cd68e2ec8b6e56b864c22d3d7b23f362ca7ade4'}, 'dob': {'date': '1969-02-04T02:11:47.519Z', 'age': 55}, 'registered': {'date': '2018-01-26T18:14:29.704Z', 'age': 6}, 'phone': '01248 96172', 'cell': '07001 180927', 'id': {'name': 'NINO', 'value': 'BK 42 85 96 G'}, 'picture': {'large': 'https://randomuser.me/api/portraits/men/12.jpg', 'medium': 'https://randomuser.me/api/portraits/med/men/12.jpg', 'thumbnail': 'https://randomuser.me/api/portraits/thumb/men/12.jpg'}, 'nat': 'GB'}</msg>
<arg>${json_data['results'][0]}</arg>
<doc>Logs the given message with the given level.</doc>
<status status="PASS" start="2024-07-09T15:15:54.773511" elapsed="0.000404"/>
</kw>
<kw name="Log" owner="BuiltIn">
<msg time="2024-07-09T15:15:54.774350" level="INFO">email</msg>
<arg>${key}</arg>
<doc>Logs the given message with the given level.</doc>
<status status="PASS" start="2024-07-09T15:15:54.774221" elapsed="0.000168"/>
</kw>
<var name="${key}">email</var>
<status status="PASS" start="2024-07-09T15:15:54.772827" elapsed="0.001810"/>
</iter>
<iter>
<kw name="Dictionary Should Contain Key" owner="Collections">
<arg>${json_data['results'][0]}</arg>
<arg>${key}</arg>
<doc>Fails if ``key`` is not found from ``dictionary``.</doc>
<status status="PASS" start="2024-07-09T15:15:54.774924" elapsed="0.000380"/>
</kw>
<kw name="Log" owner="BuiltIn">
<msg time="2024-07-09T15:15:54.775847" level="INFO">{'gender': 'male', 'name': {'title': 'Mr', 'first': 'Jerome', 'last': 'Warren'}, 'location': {'street': {'number': 3354, 'name': 'Stanley Road'}, 'city': 'Lisburn', 'state': 'Lancashire', 'country': 'United Kingdom', 'postcode': 'NF0N 8YJ', 'coordinates': {'latitude': '-4.7411', 'longitude': '-178.5418'}, 'timezone': {'offset': '+9:30', 'description': 'Adelaide, Darwin'}}, 'email': 'jerome.warren@example.com', 'login': {'uuid': '7ee5c79b-bab9-4113-bf6d-86c237dea2b3', 'username': 'greensnake556', 'password': 'vision', 'salt': 'SQTLhemo', 'md5': 'f4d894c6b75e162ff5575afcbdaab3ca', 'sha1': 'dc9e826a57f131901bbafea9561508963b14e705', 'sha256': 'b36a6ceabc6ce74b886536316cd68e2ec8b6e56b864c22d3d7b23f362ca7ade4'}, 'dob': {'date': '1969-02-04T02:11:47.519Z', 'age': 55}, 'registered': {'date': '2018-01-26T18:14:29.704Z', 'age': 6}, 'phone': '01248 96172', 'cell': '07001 180927', 'id': {'name': 'NINO', 'value': 'BK 42 85 96 G'}, 'picture': {'large': 'https://randomuser.me/api/portraits/men/12.jpg', 'medium': 'https://randomuser.me/api/portraits/med/men/12.jpg', 'thumbnail': 'https://randomuser.me/api/portraits/thumb/men/12.jpg'}, 'nat': 'GB'}</msg>
<arg>${json_data['results'][0]}</arg>
<doc>Logs the given message with the given level.</doc>
<status status="PASS" start="2024-07-09T15:15:54.775487" elapsed="0.000417"/>
</kw>
<kw name="Log" owner="BuiltIn">
<msg time="2024-07-09T15:15:54.776330" level="INFO">login</msg>
<arg>${key}</arg>
<doc>Logs the given message with the given level.</doc>
<status status="PASS" start="2024-07-09T15:15:54.776198" elapsed="0.000175"/>
</kw>
<var name="${key}">login</var>
<status status="PASS" start="2024-07-09T15:15:54.774812" elapsed="0.001792"/>
</iter>
<var>${key}</var>
<value>@{expected_keys}</value>
<status status="PASS" start="2024-07-09T15:15:54.766516" elapsed="0.010212"/>
</for>
<kw name="Create List" owner="BuiltIn">
<msg time="2024-07-09T15:15:54.777055" level="INFO">${expected_keysTwo} = ['username', 'password']</msg>
<var>${expected_keysTwo}</var>
<arg>username</arg>
<arg>password</arg>
<doc>Returns a list containing given items.</doc>
<status status="PASS" start="2024-07-09T15:15:54.776920" elapsed="0.000159"/>
</kw>
<for flavor="IN">
<iter>
<kw name="Dictionary Should Contain Key" owner="Collections">
<arg>${json_data['results'][0]['login']}</arg>
<arg>${keyTwo}</arg>
<doc>Fails if ``key`` is not found from ``dictionary``.</doc>
<status status="PASS" start="2024-07-09T15:15:54.777609" elapsed="0.000383"/>
</kw>
<kw name="Dictionary Should Contain Key" owner="Collections">
<arg>${json_data['results'][0]['login']}</arg>
<arg>${keyTwo}</arg>
<doc>Fails if ``key`` is not found from ``dictionary``.</doc>
<status status="PASS" start="2024-07-09T15:15:54.778173" elapsed="0.000421"/>
</kw>
<kw name="Log" owner="BuiltIn">
<msg time="2024-07-09T15:15:54.778915" level="INFO">username</msg>
<arg>${keyTwo}</arg>
<doc>Logs the given message with the given level.</doc>
<status status="PASS" start="2024-07-09T15:15:54.778786" elapsed="0.000167"/>
</kw>
<var name="${keyTwo}">username</var>
<status status="PASS" start="2024-07-09T15:15:54.777500" elapsed="0.001681"/>
</iter>
<iter>
<kw name="Dictionary Should Contain Key" owner="Collections">
<arg>${json_data['results'][0]['login']}</arg>
<arg>${keyTwo}</arg>
<doc>Fails if ``key`` is not found from ``dictionary``.</doc>
<status status="PASS" start="2024-07-09T15:15:54.779464" elapsed="0.000393"/>
</kw>
<kw name="Dictionary Should Contain Key" owner="Collections">
<arg>${json_data['results'][0]['login']}</arg>
<arg>${keyTwo}</arg>
<doc>Fails if ``key`` is not found from ``dictionary``.</doc>
<status status="PASS" start="2024-07-09T15:15:54.780041" elapsed="0.000371"/>
</kw>
<kw name="Log" owner="BuiltIn">
<msg time="2024-07-09T15:15:54.780774" level="INFO">password</msg>
<arg>${keyTwo}</arg>
<doc>Logs the given message with the given level.</doc>
<status status="PASS" start="2024-07-09T15:15:54.780636" elapsed="0.000181"/>
</kw>
<var name="${keyTwo}">password</var>
<status status="PASS" start="2024-07-09T15:15:54.779356" elapsed="0.001686"/>
</iter>
<var>${keyTwo}</var>
<value>@{expected_keysTwo}</value>
<status status="PASS" start="2024-07-09T15:15:54.777346" elapsed="0.003823"/>
</for>
<status status="PASS" start="2024-07-09T15:15:54.674261" elapsed="0.107054"/>
</kw>
<doc>Testa a estrutura da resposta da API.</doc>
<tag>testeEstruturaResposta</tag>
<status status="PASS" start="2024-07-09T15:15:54.673470" elapsed="0.108004"/>
</test>
<test id="s1-s1-t4" name="Validar tipos de dados" line="28">
<kw name="Teste de Tipos de Dados" owner="random-user-service">
<kw name="GET On Session" owner="RequestsLibrary">
<msg time="2024-07-09T15:15:54.889638" level="INFO">GET Request : url=https://randomuser.me/api 
 path_url=/api 
 headers={'User-Agent': 'python-requests/2.32.3', 'Accept-Encoding': 'gzip, deflate', 'Accept': '*/*', 'Connection': 'keep-alive'} 
 body=None 
 </msg>
<msg time="2024-07-09T15:15:54.889733" level="INFO">GET Response : url=https://randomuser.me/api 
 status=200, reason=OK 
 headers={'Date': 'Tue, 09 Jul 2024 15:15:54 GMT', 'Content-Type': 'application/json; charset=utf-8', 'Transfer-Encoding': 'chunked', 'Connection': 'keep-alive', 'X-Powered-By': 'Express', 'Access-Control-Allow-Origin': '*', 'Cache-Control': 'no-cache', 'ETag': 'W/"498-1s1LiUxSqaq21RSl9dE0AaJgIOg"', 'Vary': 'Accept-Encoding', 'Content-Encoding': 'gzip', 'CF-Cache-Status': 'DYNAMIC', 'Report-To': '{"endpoints":[{"url":"https:\\/\\/a.nel.cloudflare.com\\/report\\/v4?s=2%2BDoB%2BVjPh4HuoLCyvIwO2kPvVg5xfAx%2BsvR6tcmP5Wdye8fSXyIDSlq%2FWuMI0R3Q2c7Cg1AMFnamuoa7cKmJrChk4PzUvvXcp%2FdBu7cWnbYVo6eyIvooI6b1g%2FIAZpX"}],"group":"cf-nel","max_age":604800}', 'NEL': '{"success_fraction":0,"report_to":"cf-nel","max_age":604800}', 'Server': 'cloudflare', 'CF-RAY': '8a0945ab7aed1773-IAD', 'alt-svc': 'h3=":443"; ma=86400'} 
 body={"results":[{"gender":"male","name":{"title":"Mr","first":"Jessie","last":"Peters"},"location":{"street":{"number":5605,"name":"Avondale Ave"},"city":"Seymour","state":"New York","country":"United States","postcode":63396,"coordinates":{"latitude":"83.0613","longitude":"-168.8754"},"timezone":{"offset":"-4:00","description":"Atlantic Time (Canada), Caracas, La Paz"}},"email":"jessie.peters@example.com","login":{"uuid":"7b480da9-ea9d-41ad-b288-4860e1a78775","username":"orangelion356","password":"bluesman","salt":"6ML1hPZo","md5":"6d5a5895fe84895f2c1d659ab03db677","sha1":"9e9c631d42be30fa2023a13a3a54d67ec31023b9","sha256":"3f314cade97dcb7a5a4fe9be552f3c69da59a8feee46f7388779fa2f9a87ed93"},"dob":{"date":"1974-08-18T05:02:38.663Z","age":49},"registered":{"date":"2010-07-29T14:03:19.961Z","age":13},"phone":"(906) 554-4336","cell":"(962) 324-3563","id":{"name":"SSN","value":"620-17-2054"},"picture":{"large":"https://randomuser.me/api/portraits/men/0.jpg","medium":"https://randomuser.me/api/portraits/med/men/0.jpg","thumbnail":"https://randomuser.me/api/portraits/thumb/men/0.jpg"},"nat":"US"}],"info":{"seed":"4fa014d23065b12b","results":1,"page":1,"version":"1.4"}} 
 </msg>
<msg time="2024-07-09T15:15:54.889811" level="INFO">/opt/hostedtoolcache/Python/3.12.4/x64/lib/python3.12/site-packages/urllib3/connectionpool.py:1099: InsecureRequestWarning: Unverified HTTPS request is being made to host 'randomuser.me'. Adding certificate verification is strongly advised. See: https://urllib3.readthedocs.io/en/latest/advanced-usage.html#tls-warnings
  warnings.warn(</msg>
<msg time="2024-07-09T15:15:54.889930" level="INFO">${response} = &lt;Response [200]&gt;</msg>
<var>${response}</var>
<arg>consultarAPI</arg>
<arg>/api</arg>
<doc>Sends a GET request on a previously created HTTP Session.</doc>
<status status="PASS" start="2024-07-09T15:15:54.784098" elapsed="0.105874"/>
</kw>
<kw name="Set Variable" owner="BuiltIn">
<msg time="2024-07-09T15:15:54.891136" level="INFO">${json_data} = {'results': [{'gender': 'male', 'name': {'title': 'Mr', 'first': 'Jessie', 'last': 'Peters'}, 'location': {'street': {'number': 5605, 'name': 'Avondale Ave'}, 'city': 'Seymour', 'state': 'New York', '...</msg>
<var>${json_data}</var>
<arg>${response.json()}</arg>
<doc>Returns the given values which can then be assigned to a variables.</doc>
<status status="PASS" start="2024-07-09T15:15:54.890551" elapsed="0.000621"/>
</kw>
<kw name="Log" owner="BuiltIn">
<msg time="2024-07-09T15:15:54.891654" level="INFO">{'results': [{'gender': 'male', 'name': {'title': 'Mr', 'first': 'Jessie', 'last': 'Peters'}, 'location': {'street': {'number': 5605, 'name': 'Avondale Ave'}, 'city': 'Seymour', 'state': 'New York', 'country': 'United States', 'postcode': 63396, 'coordinates': {'latitude': '83.0613', 'longitude': '-168.8754'}, 'timezone': {'offset': '-4:00', 'description': 'Atlantic Time (Canada), Caracas, La Paz'}}, 'email': 'jessie.peters@example.com', 'login': {'uuid': '7b480da9-ea9d-41ad-b288-4860e1a78775', 'username': 'orangelion356', 'password': 'bluesman', 'salt': '6ML1hPZo', 'md5': '6d5a5895fe84895f2c1d659ab03db677', 'sha1': '9e9c631d42be30fa2023a13a3a54d67ec31023b9', 'sha256': '3f314cade97dcb7a5a4fe9be552f3c69da59a8feee46f7388779fa2f9a87ed93'}, 'dob': {'date': '1974-08-18T05:02:38.663Z', 'age': 49}, 'registered': {'date': '2010-07-29T14:03:19.961Z', 'age': 13}, 'phone': '(906) 554-4336', 'cell': '(962) 324-3563', 'id': {'name': 'SSN', 'value': '620-17-2054'}, 'picture': {'large': 'https://randomuser.me/api/portraits/men/0.jpg', 'medium': 'https://randomuser.me/api/portraits/med/men/0.jpg', 'thumbnail': 'https://randomuser.me/api/portraits/thumb/men/0.jpg'}, 'nat': 'US'}], 'info': {'seed': '4fa014d23065b12b', 'results': 1, 'page': 1, 'version': '1.4'}}</msg>
<arg>${json_data}</arg>
<doc>Logs the given message with the given level.</doc>
<status status="PASS" start="2024-07-09T15:15:54.891492" elapsed="0.000210"/>
</kw>
<kw name="Should Be String" owner="String">
<arg>${json_data['results'][0]['gender']}</arg>
<doc>Fails if the given ``item`` is not a string.</doc>
<status status="PASS" start="2024-07-09T15:15:54.891994" elapsed="0.000373"/>
</kw>
<kw name="Should Match Regexp" owner="BuiltIn">
<arg>${json_data['results'][0]['email']}</arg>
<arg>^[a-zA-Z0-9._%+-]+@[a-zA-Z0-9.-]+\.[a-zA-Z]{2,}$</arg>
<doc>Fails if ``string`` does not match ``pattern`` as a regular expression.</doc>
<status status="PASS" start="2024-07-09T15:15:54.892554" elapsed="0.000540"/>
</kw>
<kw name="Should Match Regexp" owner="BuiltIn">
<arg>${json_data['results'][0]['dob']['date']}</arg>
<arg>\\d{4}-\\d{2}-\\d{2}T\\d{2}:\\d{2}:\\d{2}\\.\\d{3}Z</arg>
<doc>Fails if ``string`` does not match ``pattern`` as a regular expression.</doc>
<status status="PASS" start="2024-07-09T15:15:54.893338" elapsed="0.000486"/>
</kw>
<kw name="Should Match Regexp" owner="BuiltIn">
<arg>${json_data['results'][0]['registered']['date']}</arg>
<arg>\\d{4}-\\d{2}-\\d{2}T\\d{2}:\\d{2}:\\d{2}\\.\\d{3}Z</arg>
<doc>Fails if ``string`` does not match ``pattern`` as a regular expression.</doc>
<status status="PASS" start="2024-07-09T15:15:54.894033" elapsed="0.000382"/>
</kw>
<kw name="Should Match Regexp" owner="BuiltIn">
<arg>${json_data['results'][0]['picture']['large']}</arg>
<arg>^https?://.*\.(?:png|jpe?g|gif|bmp)$</arg>
<doc>Fails if ``string`` does not match ``pattern`` as a regular expression.</doc>
<status status="PASS" start="2024-07-09T15:15:54.894642" elapsed="0.000464"/>
</kw>
<kw name="Should Match Regexp" owner="BuiltIn">
<arg>${json_data['results'][0]['picture']['medium']}</arg>
<arg>^https?://.*\.(?:png|jpe?g|gif|bmp)$</arg>
<doc>Fails if ``string`` does not match ``pattern`` as a regular expression.</doc>
<status status="PASS" start="2024-07-09T15:15:54.895296" elapsed="0.000362"/>
</kw>
<kw name="Should Match Regexp" owner="BuiltIn">
<arg>${json_data['results'][0]['picture']['thumbnail']}</arg>
<arg>^https?://.*\.(?:png|jpe?g|gif|bmp)$</arg>
<doc>Fails if ``string`` does not match ``pattern`` as a regular expression.</doc>
<status status="PASS" start="2024-07-09T15:15:54.895855" elapsed="0.000357"/>
</kw>
<kw name="Log" owner="BuiltIn">
<msg time="2024-07-09T15:15:54.896753" level="INFO">{'large': 'https://randomuser.me/api/portraits/men/0.jpg', 'medium': 'https://randomuser.me/api/portraits/med/men/0.jpg', 'thumbnail': 'https://randomuser.me/api/portraits/thumb/men/0.jpg'}</msg>
<arg>${json_data['results'][0]['picture']}</arg>
<doc>Logs the given message with the given level.</doc>
<status status="PASS" start="2024-07-09T15:15:54.896399" elapsed="0.000396"/>
</kw>
<status status="PASS" start="2024-07-09T15:15:54.783864" elapsed="0.113198"/>
</kw>
<kw name="Teste de Tipos de Dados - Postcode" owner="random-user-service">
<kw name="GET On Session" owner="RequestsLibrary">
<msg time="2024-07-09T15:15:54.953288" level="INFO">GET Request : url=https://randomuser.me/api 
 path_url=/api 
 headers={'User-Agent': 'python-requests/2.32.3', 'Accept-Encoding': 'gzip, deflate', 'Accept': '*/*', 'Connection': 'keep-alive'} 
 body=None 
 </msg>
<msg time="2024-07-09T15:15:54.953368" level="INFO">GET Response : url=https://randomuser.me/api 
 status=200, reason=OK 
 headers={'Date': 'Tue, 09 Jul 2024 15:15:54 GMT', 'Content-Type': 'application/json; charset=utf-8', 'Transfer-Encoding': 'chunked', 'Connection': 'keep-alive', 'X-Powered-By': 'Express', 'Access-Control-Allow-Origin': '*', 'Cache-Control': 'no-cache', 'ETag': 'W/"4a2-rVrkmSzxWRk+ODNjBL8m8sH063g"', 'Vary': 'Accept-Encoding', 'Content-Encoding': 'gzip', 'CF-Cache-Status': 'DYNAMIC', 'Report-To': '{"endpoints":[{"url":"https:\\/\\/a.nel.cloudflare.com\\/report\\/v4?s=ZZBWFy196mX78jfGtR1n9zTkW5dHGKnYk8k5GTp9PmJAf8uAyrBw79Tb5oCdE0ehBpvknKXCs7szyXwoQXQiHjuLJOvx9I88Wfp4EcDU34xyKjan74KzuxgTQG6SGRe1"}],"group":"cf-nel","max_age":604800}', 'NEL': '{"success_fraction":0,"report_to":"cf-nel","max_age":604800}', 'Server': 'cloudflare', 'CF-RAY': '8a0945ac2b531773-IAD', 'alt-svc': 'h3=":443"; ma=86400'} 
 body={"results":[{"gender":"female","name":{"title":"Miss","first":"Amalie","last":"Petersen"},"location":{"street":{"number":486,"name":"Mosevænget"},"city":"København Ø","state":"Hovedstaden","country":"Denmark","postcode":22524,"coordinates":{"latitude":"-44.2082","longitude":"47.1949"},"timezone":{"offset":"0:00","description":"Western Europe Time, London, Lisbon, Casablanca"}},"email":"amalie.petersen@example.com","login":{"uuid":"0c170874-2096-4bee-8058-d3d85d0fcd07","username":"orangeswan270","password":"eminem","salt":"dMyU36dd","md5":"d365b2e1ecb34800ae0336095a3892a6","sha1":"bab55c40042a4b3e3212c29d9a6562d64fd775a3","sha256":"6b1774ed4741c668e1241b38c0e02c5b836400e8de67a1252c06ce04d3ec432f"},"dob":{"date":"1994-04-24T13:27:53.932Z","age":30},"registered":{"date":"2013-04-27T11:25:12.300Z","age":11},"phone":"80978043","cell":"02693680","id":{"name":"CPR","value":"240494-3502"},"picture":{"large":"https://randomuser.me/api/portraits/women/30.jpg","medium":"https://randomuser.me/api/portraits/med/women/30.jpg","thumbnail":"https://randomuser.me/api/portraits/thumb/women/30.jpg"},"nat":"DK"}],"info":{"seed":"c11b2227c77e8dcb","results":1,"page":1,"version":"1.4"}} 
 </msg>
<msg time="2024-07-09T15:15:54.953434" level="INFO">/opt/hostedtoolcache/Python/3.12.4/x64/lib/python3.12/site-packages/urllib3/connectionpool.py:1099: InsecureRequestWarning: Unverified HTTPS request is being made to host 'randomuser.me'. Adding certificate verification is strongly advised. See: https://urllib3.readthedocs.io/en/latest/advanced-usage.html#tls-warnings
  warnings.warn(</msg>
<msg time="2024-07-09T15:15:54.953545" level="INFO">${response} = &lt;Response [200]&gt;</msg>
<var>${response}</var>
<arg>consultarAPI</arg>
<arg>/api</arg>
<doc>Sends a GET request on a previously created HTTP Session.</doc>
<status status="PASS" start="2024-07-09T15:15:54.897513" elapsed="0.056073"/>
</kw>
<kw name="Set Variable" owner="BuiltIn">
<msg time="2024-07-09T15:15:54.954718" level="INFO">${json_data} = {'results': [{'gender': 'female', 'name': {'title': 'Miss', 'first': 'Amalie', 'last': 'Petersen'}, 'location': {'street': {'number': 486, 'name': 'Mosevænget'}, 'city': 'København Ø', 'state': 'Hoved...</msg>
<var>${json_data}</var>
<arg>${response.json()}</arg>
<doc>Returns the given values which can then be assigned to a variables.</doc>
<status status="PASS" start="2024-07-09T15:15:54.954115" elapsed="0.000634"/>
</kw>
<kw name="Log" owner="BuiltIn">
<msg time="2024-07-09T15:15:54.955225" level="INFO">{'results': [{'gender': 'female', 'name': {'title': 'Miss', 'first': 'Amalie', 'last': 'Petersen'}, 'location': {'street': {'number': 486, 'name': 'Mosevænget'}, 'city': 'København Ø', 'state': 'Hovedstaden', 'country': 'Denmark', 'postcode': 22524, 'coordinates': {'latitude': '-44.2082', 'longitude': '47.1949'}, 'timezone': {'offset': '0:00', 'description': 'Western Europe Time, London, Lisbon, Casablanca'}}, 'email': 'amalie.petersen@example.com', 'login': {'uuid': '0c170874-2096-4bee-8058-d3d85d0fcd07', 'username': 'orangeswan270', 'password': 'eminem', 'salt': 'dMyU36dd', 'md5': 'd365b2e1ecb34800ae0336095a3892a6', 'sha1': 'bab55c40042a4b3e3212c29d9a6562d64fd775a3', 'sha256': '6b1774ed4741c668e1241b38c0e02c5b836400e8de67a1252c06ce04d3ec432f'}, 'dob': {'date': '1994-04-24T13:27:53.932Z', 'age': 30}, 'registered': {'date': '2013-04-27T11:25:12.300Z', 'age': 11}, 'phone': '80978043', 'cell': '02693680', 'id': {'name': 'CPR', 'value': '240494-3502'}, 'picture': {'large': 'https://randomuser.me/api/portraits/women/30.jpg', 'medium': 'https://randomuser.me/api/portraits/med/women/30.jpg', 'thumbnail': 'https://randomuser.me/api/portraits/thumb/women/30.jpg'}, 'nat': 'DK'}], 'info': {'seed': 'c11b2227c77e8dcb', 'results': 1, 'page': 1, 'version': '1.4'}}</msg>
<arg>${json_data}</arg>
<doc>Logs the given message with the given level.</doc>
<status status="PASS" start="2024-07-09T15:15:54.955060" elapsed="0.000215"/>
</kw>
<kw name="Should Be Equal As Numbers" owner="BuiltIn">
<arg>${json_data['results'][0]['location']['postcode']}</arg>
<arg>${json_data['results'][0]['location']['postcode']}</arg>
<doc>Fails if objects are unequal after converting them to real numbers.</doc>
<status status="PASS" start="2024-07-09T15:15:54.955581" elapsed="0.000642"/>
</kw>
<kw name="Log" owner="BuiltIn">
<msg time="2024-07-09T15:15:54.956786" level="INFO">22524</msg>
<arg>${json_data['results'][0]['location']['postcode']}</arg>
<doc>Logs the given message with the given level.</doc>
<status status="PASS" start="2024-07-09T15:15:54.956425" elapsed="0.000402"/>
</kw>
<status status="PASS" start="2024-07-09T15:15:54.897283" elapsed="0.059831"/>
</kw>
<doc>Testa se os tipos de dados na resposta da API estão corretos.</doc>
<tag>testeTiposDados</tag>
<status status="PASS" start="2024-07-09T15:15:54.783300" elapsed="0.173990"/>
</test>
<test id="s1-s1-t5" name="Validar conteudo" line="35">
<kw name="Teste de Tipos de Conteudo" owner="random-user-service">
<kw name="GET On Session" owner="RequestsLibrary">
<msg time="2024-07-09T15:15:55.061079" level="INFO">GET Request : url=https://randomuser.me/api 
 path_url=/api 
 headers={'User-Agent': 'python-requests/2.32.3', 'Accept-Encoding': 'gzip, deflate', 'Accept': '*/*', 'Connection': 'keep-alive'} 
 body=None 
 </msg>
<msg time="2024-07-09T15:15:55.061202" level="INFO">GET Response : url=https://randomuser.me/api 
 status=200, reason=OK 
 headers={'Date': 'Tue, 09 Jul 2024 15:15:55 GMT', 'Content-Type': 'application/json; charset=utf-8', 'Transfer-Encoding': 'chunked', 'Connection': 'keep-alive', 'X-Powered-By': 'Express', 'Access-Control-Allow-Origin': '*', 'Cache-Control': 'no-cache', 'ETag': 'W/"487-JLjKn8Sqn9mb3JyiU9D6B1vhC78"', 'Vary': 'Accept-Encoding', 'Content-Encoding': 'gzip', 'CF-Cache-Status': 'DYNAMIC', 'Report-To': '{"endpoints":[{"url":"https:\\/\\/a.nel.cloudflare.com\\/report\\/v4?s=84S1w19%2FrI5x2X%2FYA5s84DrAdvR%2BQ8eLLKIeWlo5OGdu0DVbZyyvpRchgnfE6vruJht4VMHkln8lV%2FvoANhQmjf2TT%2F9uh4H3n%2BbHSeA%2F2v7CZcDwQxMZLp2RulHc%2FOQ"}],"group":"cf-nel","max_age":604800}', 'NEL': '{"success_fraction":0,"report_to":"cf-nel","max_age":604800}', 'Server': 'cloudflare', 'CF-RAY': '8a0945ac8b901773-IAD', 'alt-svc': 'h3=":443"; ma=86400'} 
 body={"results":[{"gender":"male","name":{"title":"Mr","first":"Tristan","last":"Chu"},"location":{"street":{"number":3030,"name":"Argyle St"},"city":"Red Rock","state":"Prince Edward Island","country":"Canada","postcode":"A3A 3Q2","coordinates":{"latitude":"-65.5363","longitude":"-19.4884"},"timezone":{"offset":"-7:00","description":"Mountain Time (US &amp; Canada)"}},"email":"tristan.chu@example.com","login":{"uuid":"e3242ab3-67a8-4f3b-a317-b764c2b284c9","username":"bigkoala767","password":"chewy","salt":"zENH8oSk","md5":"bb89541613bdb54abf727b3b6dc2de25","sha1":"1689723e733136f3e2b5d771052d44ccefa69a0d","sha256":"6d9e3e6d2594f63dcb63153307d1281e5ad5967adca9bb8abdc5a26537b46837"},"dob":{"date":"1970-11-26T06:21:22.591Z","age":53},"registered":{"date":"2010-08-14T18:16:47.930Z","age":13},"phone":"U16 E52-7510","cell":"H48 F97-4792","id":{"name":"SIN","value":"943664011"},"picture":{"large":"https://randomuser.me/api/portraits/men/29.jpg","medium":"https://randomuser.me/api/portraits/med/men/29.jpg","thumbnail":"https://randomuser.me/api/portraits/thumb/men/29.jpg"},"nat":"CA"}],"info":{"seed":"43135acdbbbae5ff","results":1,"page":1,"version":"1.4"}} 
 </msg>
<msg time="2024-07-09T15:15:55.061301" level="INFO">/opt/hostedtoolcache/Python/3.12.4/x64/lib/python3.12/site-packages/urllib3/connectionpool.py:1099: InsecureRequestWarning: Unverified HTTPS request is being made to host 'randomuser.me'. Adding certificate verification is strongly advised. See: https://urllib3.readthedocs.io/en/latest/advanced-usage.html#tls-warnings
  warnings.warn(</msg>
<msg time="2024-07-09T15:15:55.061437" level="INFO">${response} = &lt;Response [200]&gt;</msg>
<var>${response}</var>
<arg>consultarAPI</arg>
<arg>/api</arg>
<doc>Sends a GET request on a previously created HTTP Session.</doc>
<status status="PASS" start="2024-07-09T15:15:54.960012" elapsed="0.101466"/>
</kw>
<kw name="Set Variable" owner="BuiltIn">
<msg time="2024-07-09T15:15:55.062853" level="INFO">${json_data} = {'results': [{'gender': 'male', 'name': {'title': 'Mr', 'first': 'Tristan', 'last': 'Chu'}, 'location': {'street': {'number': 3030, 'name': 'Argyle St'}, 'city': 'Red Rock', 'state': 'Prince Edward Is...</msg>
<var>${json_data}</var>
<arg>${response.json()}</arg>
<doc>Returns the given values which can then be assigned to a variables.</doc>
<status status="PASS" start="2024-07-09T15:15:55.062193" elapsed="0.000689"/>
</kw>
<kw name="Set Variable" owner="BuiltIn">
<msg time="2024-07-09T15:15:55.063581" level="INFO">${name_title} = Mr</msg>
<var>${name_title}</var>
<arg>${json_data["results"][0]["name"]["title"]}</arg>
<doc>Returns the given values which can then be assigned to a variables.</doc>
<status status="PASS" start="2024-07-09T15:15:55.063199" elapsed="0.000410"/>
</kw>
<kw name="Create List" owner="BuiltIn">
<msg time="2024-07-09T15:15:55.064071" level="INFO">${allowed_titles} = ['Mr', 'Ms', 'Miss', 'Mrs', 'Madame', 'Monsieur']</msg>
<var>${allowed_titles}</var>
<arg>Mr</arg>
<arg>Ms</arg>
<arg>Miss</arg>
<arg>Mrs</arg>
<arg>Madame</arg>
<arg>Monsieur</arg>
<doc>Returns a list containing given items.</doc>
<status status="PASS" start="2024-07-09T15:15:55.063914" elapsed="0.000181"/>
</kw>
<kw name="List Should Contain Value" owner="Collections">
<arg>${allowed_titles}</arg>
<arg>${name_title}</arg>
<doc>Fails if the ``value`` is not found from ``list``.</doc>
<status status="PASS" start="2024-07-09T15:15:55.064399" elapsed="0.000182"/>
</kw>
<kw name="Set Variable" owner="BuiltIn">
<msg time="2024-07-09T15:15:55.065135" level="INFO">${name_country} = CA</msg>
<var>${name_country}</var>
<arg>${json_data["results"][0]["nat"]}</arg>
<doc>Returns the given values which can then be assigned to a variables.</doc>
<status status="PASS" start="2024-07-09T15:15:55.064760" elapsed="0.000399"/>
</kw>
<kw name="Create List" owner="BuiltIn">
<msg time="2024-07-09T15:15:55.066056" level="INFO">${list_country} = ['AD', 'AE', 'AF', 'AG', 'AI', 'AL', 'AM', 'AO', 'AQ', 'AR', 'AS', 'AT', 'AU', 'AW', 'AX', 'AZ', 'BA', 'BB', 'BD', 'BE', 'BF', 'BG', 'BH', 'BI', 'BJ', 'BL', 'BM', 'BN', 'BO', 'BQ', 'BR', 'BS', 'BT', '...</msg>
<var>${list_country}</var>
<arg>AD</arg>
<arg>AE</arg>
<arg>AF</arg>
<arg>AG</arg>
<arg>AI</arg>
<arg>AL</arg>
<arg>AM</arg>
<arg>AO</arg>
<arg>AQ</arg>
<arg>AR</arg>
<arg>AS</arg>
<arg>AT</arg>
<arg>AU</arg>
<arg>AW</arg>
<arg>AX</arg>
<arg>AZ</arg>
<arg>BA</arg>
<arg>BB</arg>
<arg>BD</arg>
<arg>BE</arg>
<arg>BF</arg>
<arg>BG</arg>
<arg>BH</arg>
<arg>BI</arg>
<arg>BJ</arg>
<arg>BL</arg>
<arg>BM</arg>
<arg>BN</arg>
<arg>BO</arg>
<arg>BQ</arg>
<arg>BR</arg>
<arg>BS</arg>
<arg>BT</arg>
<arg>BV</arg>
<arg>BW</arg>
<arg>BY</arg>
<arg>BZ</arg>
<arg>CA</arg>
<arg>CC</arg>
<arg>CD</arg>
<arg>CF</arg>
<arg>CG</arg>
<arg>CH</arg>
<arg>CI</arg>
<arg>CK</arg>
<arg>CL</arg>
<arg>CM</arg>
<arg>CN</arg>
<arg>CO</arg>
<arg>CR</arg>
<arg>CU</arg>
<arg>CV</arg>
<arg>CW</arg>
<arg>CX</arg>
<arg>CY</arg>
<arg>CZ</arg>
<arg>DE</arg>
<arg>DJ</arg>
<arg>DK</arg>
<arg>DM</arg>
<arg>DO</arg>
<arg>DZ</arg>
<arg>EC</arg>
<arg>EE</arg>
<arg>EG</arg>
<arg>EH</arg>
<arg>ER</arg>
<arg>ES</arg>
<arg>ET</arg>
<arg>FI</arg>
<arg>FJ</arg>
<arg>FK</arg>
<arg>FM</arg>
<arg>FO</arg>
<arg>FR</arg>
<arg>GA</arg>
<arg>GB</arg>
<arg>GD</arg>
<arg>GE</arg>
<arg>GF</arg>
<arg>GG</arg>
<arg>GH</arg>
<arg>GI</arg>
<arg>GL</arg>
<arg>GM</arg>
<arg>GN</arg>
<arg>GP</arg>
<arg>GQ</arg>
<arg>GR</arg>
<arg>GS</arg>
<arg>GT</arg>
<arg>GU</arg>
<arg>GW</arg>
<arg>GY</arg>
<arg>HK</arg>
<arg>HM</arg>
<arg>HN</arg>
<arg>HR</arg>
<arg>HT</arg>
<arg>HU</arg>
<arg>ID</arg>
<arg>IE</arg>
<arg>IL</arg>
<arg>IM</arg>
<arg>IN</arg>
<arg>IO</arg>
<arg>IQ</arg>
<arg>IR</arg>
<arg>IS</arg>
<arg>IT</arg>
<arg>JE</arg>
<arg>JM</arg>
<arg>JO</arg>
<arg>JP</arg>
<arg>KE</arg>
<arg>KG</arg>
<arg>KH</arg>
<arg>KI</arg>
<arg>KM</arg>
<arg>KN</arg>
<arg>KP</arg>
<arg>KR</arg>
<arg>KW</arg>
<arg>KY</arg>
<arg>KZ</arg>
<arg>LA</arg>
<arg>LB</arg>
<arg>LC</arg>
<arg>LI</arg>
<arg>LK</arg>
<arg>LR</arg>
<arg>LS</arg>
<arg>LT</arg>
<arg>LU</arg>
<arg>LV</arg>
<arg>LY</arg>
<arg>MA</arg>
<arg>MC</arg>
<arg>MD</arg>
<arg>ME</arg>
<arg>MF</arg>
<arg>MG</arg>
<arg>MH</arg>
<arg>MK</arg>
<arg>ML</arg>
<arg>MM</arg>
<arg>MN</arg>
<arg>MO</arg>
<arg>MP</arg>
<arg>MQ</arg>
<arg>MR</arg>
<arg>MS</arg>
<arg>MT</arg>
<arg>MU</arg>
<arg>MV</arg>
<arg>MW</arg>
<arg>MX</arg>
<arg>MY</arg>
<arg>MZ</arg>
<arg>NA</arg>
<arg>NC</arg>
<arg>NE</arg>
<arg>NF</arg>
<arg>NG</arg>
<arg>NI</arg>
<arg>NL</arg>
<arg>NO</arg>
<arg>NP</arg>
<arg>NR</arg>
<arg>NU</arg>
<arg>NZ</arg>
<arg>OM</arg>
<arg>PA</arg>
<arg>PE</arg>
<arg>PF</arg>
<arg>PG</arg>
<arg>PH</arg>
<arg>PK</arg>
<arg>PL</arg>
<arg>PM</arg>
<arg>PN</arg>
<arg>PR</arg>
<arg>PS</arg>
<arg>PT</arg>
<arg>PW</arg>
<arg>PY</arg>
<arg>QA</arg>
<arg>RE</arg>
<arg>RO</arg>
<arg>RS</arg>
<arg>RU</arg>
<arg>RW</arg>
<arg>SA</arg>
<arg>SB</arg>
<arg>SC</arg>
<arg>SD</arg>
<arg>SE</arg>
<arg>SG</arg>
<arg>SH</arg>
<arg>SI</arg>
<arg>SJ</arg>
<arg>SK</arg>
<arg>SL</arg>
<arg>SM</arg>
<arg>SN</arg>
<arg>SO</arg>
<arg>SR</arg>
<arg>SS</arg>
<arg>ST</arg>
<arg>SV</arg>
<arg>SX</arg>
<arg>SY</arg>
<arg>SZ</arg>
<arg>TC</arg>
<arg>TD</arg>
<arg>TF</arg>
<arg>TG</arg>
<arg>TH</arg>
<arg>TJ</arg>
<arg>TK</arg>
<arg>TL</arg>
<arg>TM</arg>
<arg>TN</arg>
<arg>TO</arg>
<arg>TR</arg>
<arg>TT</arg>
<arg>TV</arg>
<arg>TW</arg>
<arg>TZ</arg>
<arg>UA</arg>
<arg>UG</arg>
<arg>UM</arg>
<arg>US</arg>
<arg>UY</arg>
<arg>UZ</arg>
<arg>VA</arg>
<arg>VC</arg>
<arg>VE</arg>
<arg>VG</arg>
<arg>VI</arg>
<arg>VN</arg>
<arg>VU</arg>
<arg>WF</arg>
<arg>WS</arg>
<arg>XK</arg>
<arg>YE</arg>
<arg>YT</arg>
<arg>ZA</arg>
<arg>ZM</arg>
<arg>ZW</arg>
<doc>Returns a list containing given items.</doc>
<status status="PASS" start="2024-07-09T15:15:55.065452" elapsed="0.000631"/>
</kw>
<kw name="List Should Contain Value" owner="Collections">
<arg>${list_country}</arg>
<arg>${name_country}</arg>
<doc>Fails if the ``value`` is not found from ``list``.</doc>
<status status="PASS" start="2024-07-09T15:15:55.066933" elapsed="0.000209"/>
</kw>
<kw name="Run Keyword If" owner="BuiltIn">
<kw name="Should Be True" owner="BuiltIn">
<arg>${True}</arg>
<doc>Fails if the given condition is not true.</doc>
<status status="PASS" start="2024-07-09T15:15:55.068102" elapsed="0.000142"/>
</kw>
<arg>${json_data["results"][0]["location"]["coordinates"]["latitude"]} &gt;= -90 and ${json_data["results"][0]["location"]["coordinates"]["latitude"]} &lt;= 90</arg>
<arg>Should Be True</arg>
<arg>${True}</arg>
<doc>Runs the given keyword with the given arguments, if ``condition`` is true.</doc>
<status status="PASS" start="2024-07-09T15:15:55.067347" elapsed="0.001025"/>
</kw>
<kw name="Run Keyword If" owner="BuiltIn">
<kw name="Should Be True" owner="BuiltIn">
<arg>${True}</arg>
<doc>Fails if the given condition is not true.</doc>
<status status="PASS" start="2024-07-09T15:15:55.069245" elapsed="0.000139"/>
</kw>
<arg>${json_data["results"][0]["location"]["coordinates"]["longitude"]} &gt;= -180 and ${json_data["results"][0]["location"]["coordinates"]["longitude"]} &lt;= 180</arg>
<arg>Should Be True</arg>
<arg>${True}</arg>
<doc>Runs the given keyword with the given arguments, if ``condition`` is true.</doc>
<status status="PASS" start="2024-07-09T15:15:55.068555" elapsed="0.000957"/>
</kw>
<status status="PASS" start="2024-07-09T15:15:54.959631" elapsed="0.110019"/>
</kw>
<doc>Testa o conteúdo específico dos campos retornados pela API.</doc>
<tag>testeConteudo</tag>
<status status="PASS" start="2024-07-09T15:15:54.959173" elapsed="0.110634"/>
</test>
<status status="PASS" start="2024-07-09T15:15:54.070093" elapsed="1.001822"/>
</suite>
<status status="PASS" start="2024-07-09T15:15:54.055595" elapsed="1.021626"/>
</suite>
<statistics>
<total>
<stat pass="5" fail="0" skip="0">All Tests</stat>
</total>
<tag>
<stat pass="1" fail="0" skip="0">testeConteudo</stat>
<stat pass="1" fail="0" skip="0">testeEstruturaResposta</stat>
<stat pass="1" fail="0" skip="0">testeRequisicaoBasica</stat>
<stat pass="1" fail="0" skip="0">testeTiposDados</stat>
</tag>
<suite>
<stat pass="5" fail="0" skip="0" id="s1" name="Tests">Tests</stat>
<stat pass="5" fail="0" skip="0" id="s1-s1" name="Random-User-Test">Tests.Random-User-Test</stat>
</suite>
</statistics>
<errors>
</errors>
</robot>
