<?xml version="1.0" encoding="UTF-8"?>
<robot generator="Robot 7.0 (Python 3.12.3 on linux)" generated="2024-05-02T01:00:48.497661" rpa="false" schemaversion="5">
<suite id="s1" name="Tests" source="/home/runner/work/DesafioQAItauRogerioJordao/DesafioQAItauRogerioJordao/RamdonUser/tests">
<suite id="s1-s1" name="Random-User-Test" source="/home/runner/work/DesafioQAItauRogerioJordao/DesafioQAItauRogerioJordao/RamdonUser/tests/random-user-test.robot">
<test id="s1-s1-t1" name="Conectar" line="13">
<kw name="Conectar API" owner="random-user-service">
<kw name="Create Session" owner="RequestsLibrary">
<msg time="2024-05-02T01:00:48.883164" level="INFO">Creating Session using : alias=consultarAPI, url=https://randomuser.me/, headers={},                     cookies={}, auth=None, timeout=None, proxies=None, verify=False,                     debug=0 </msg>
<arg>consultarAPI</arg>
<arg>${URL}</arg>
<doc>Create Session: create a HTTP session to a server</doc>
<status status="PASS" start="2024-05-02T01:00:48.882965" elapsed="0.000373"/>
</kw>
<status status="PASS" start="2024-05-02T01:00:48.882023" elapsed="0.001670"/>
</kw>
<status status="PASS" start="2024-05-02T01:00:48.881436" elapsed="0.002450"/>
</test>
<test id="s1-s1-t2" name="Validar retorno 200 e JSON Válido" line="16">
<kw name="Teste de Requisicao Basica" owner="random-user-service">
<kw name="GET On Session" owner="RequestsLibrary">
<msg time="2024-05-02T01:00:49.137813" level="INFO">GET Request : url=https://randomuser.me/api 
 path_url=/api 
 headers={'User-Agent': 'python-requests/2.31.0', 'Accept-Encoding': 'gzip, deflate', 'Accept': '*/*', 'Connection': 'keep-alive'} 
 body=None 
 </msg>
<msg time="2024-05-02T01:00:49.137929" level="INFO">GET Response : url=https://randomuser.me/api 
 status=200, reason=OK 
 headers={'Date': 'Thu, 02 May 2024 01:00:49 GMT', 'Content-Type': 'application/json; charset=utf-8', 'Transfer-Encoding': 'chunked', 'Connection': 'keep-alive', 'X-Powered-By': 'Express', 'Access-Control-Allow-Origin': '*', 'Cache-Control': 'no-cache', 'ETag': 'W/"491-9UgvZsdHl5aGhCgxx5LVsJdcChA"', 'Vary': 'Accept-Encoding', 'Content-Encoding': 'gzip', 'CF-Cache-Status': 'DYNAMIC', 'Report-To': '{"endpoints":[{"url":"https:\\/\\/a.nel.cloudflare.com\\/report\\/v4?s=QB0OpObGJYV8YlKwTMGG76TvodFyqjcoi%2B44BdnOCBp5YtNSe93y04OR38P18FemslC1m2wbux5byylwear3b8HQTrAfKSK1YP4ABOOSkxVTpe2CAmZN%2Bdqi%2F3BsbfSM"}],"group":"cf-nel","max_age":604800}', 'NEL': '{"success_fraction":0,"report_to":"cf-nel","max_age":604800}', 'Server': 'cloudflare', 'CF-RAY': '87d41396bc7a1419-ORD', 'alt-svc': 'h3=":443"; ma=86400'} 
 body={"results":[{"gender":"female","name":{"title":"Mrs","first":"Isla","last":"Leppanen"},"location":{"street":{"number":8080,"name":"Tahmelantie"},"city":"Valtimo","state":"Päijät-Häme","country":"Finland","postcode":57020,"coordinates":{"latitude":"-22.3796","longitude":"161.9581"},"timezone":{"offset":"+7:00","description":"Bangkok, Hanoi, Jakarta"}},"email":"isla.leppanen@example.com","login":{"uuid":"68adcde9-8f01-45d0-b536-408ec44f2f51","username":"happyfish138","password":"chrono","salt":"9bgv1d0w","md5":"68079cfe0ef754807d161a9908495b58","sha1":"d25a1563fcf73ff4fdd50278e4c89f80df2bd21e","sha256":"2404c36aaf255f5a6cbfa9bc150813cc5e9b9d5a1d8ad552e07416215d42ed4f"},"dob":{"date":"1973-10-29T20:53:10.236Z","age":50},"registered":{"date":"2020-05-29T15:06:21.763Z","age":3},"phone":"04-291-930","cell":"049-684-09-20","id":{"name":"HETU","value":"NaNNA766undefined"},"picture":{"large":"https://randomuser.me/api/portraits/women/74.jpg","medium":"https://randomuser.me/api/portraits/med/women/74.jpg","thumbnail":"https://randomuser.me/api/portraits/thumb/women/74.jpg"},"nat":"FI"}],"info":{"seed":"d54dc1eab520eb62","results":1,"page":1,"version":"1.4"}} 
 </msg>
<msg time="2024-05-02T01:00:49.138007" level="INFO">/opt/hostedtoolcache/Python/3.12.3/x64/lib/python3.12/site-packages/urllib3/connectionpool.py:1103: InsecureRequestWarning: Unverified HTTPS request is being made to host 'randomuser.me'. Adding certificate verification is strongly advised. See: https://urllib3.readthedocs.io/en/latest/advanced-usage.html#tls-warnings
  warnings.warn(</msg>
<msg time="2024-05-02T01:00:49.138149" level="INFO">${response} = &lt;Response [200]&gt;</msg>
<var>${response}</var>
<arg>consultarAPI</arg>
<arg>/api</arg>
<doc>Sends a GET request on a previously created HTTP Session.</doc>
<status status="PASS" start="2024-05-02T01:00:48.886629" elapsed="0.251556"/>
</kw>
<kw name="Should Be Equal As Numbers" owner="BuiltIn">
<msg time="2024-05-02T01:00:49.139025" level="INFO">Argument types are:
&lt;class 'int'&gt;
&lt;class 'str'&gt;</msg>
<arg>${response.status_code}</arg>
<arg>200</arg>
<doc>Fails if objects are unequal after converting them to real numbers.</doc>
<status status="PASS" start="2024-05-02T01:00:49.138604" elapsed="0.000485"/>
</kw>
<kw name="Log" owner="BuiltIn">
<msg time="2024-05-02T01:00:49.139810" level="INFO">200</msg>
<arg>${response.status_code}</arg>
<doc>Logs the given message with the given level.</doc>
<status status="PASS" start="2024-05-02T01:00:49.139452" elapsed="0.000401"/>
</kw>
<kw name="Set Variable" owner="BuiltIn">
<msg time="2024-05-02T01:00:49.140657" level="INFO">${json_data} = {'results': [{'gender': 'female', 'name': {'title': 'Mrs', 'first': 'Isla', 'last': 'Leppanen'}, 'location': {'street': {'number': 8080, 'name': 'Tahmelantie'}, 'city': 'Valtimo', 'state': 'Päijät-Häm...</msg>
<var>${json_data}</var>
<arg>${response.json()}</arg>
<doc>Returns the given values which can then be assigned to a variables.</doc>
<status status="PASS" start="2024-05-02T01:00:49.140167" elapsed="0.000520"/>
</kw>
<kw name="Dictionary Should Contain Key" owner="Collections">
<msg time="2024-05-02T01:00:49.141165" level="INFO">False</msg>
<arg>${json_data}</arg>
<arg>results</arg>
<doc>Fails if ``key`` is not found from ``dictionary``.</doc>
<status status="PASS" start="2024-05-02T01:00:49.140995" elapsed="0.000211"/>
</kw>
<status status="PASS" start="2024-05-02T01:00:48.886383" elapsed="0.255075"/>
</kw>
<doc>Testa se a API responde corretamente e retorna um objeto JSON válido.</doc>
<tag>testeRequisicaoBasica</tag>
<status status="PASS" start="2024-05-02T01:00:48.885853" elapsed="0.255781"/>
</test>
<test id="s1-s1-t3" name="Validar estrutura de resposta" line="22">
<kw name="Teste de Estrutura de Resposta" owner="random-user-service">
<kw name="GET On Session" owner="RequestsLibrary">
<msg time="2024-05-02T01:00:49.231076" level="INFO">GET Request : url=https://randomuser.me/api 
 path_url=/api 
 headers={'User-Agent': 'python-requests/2.31.0', 'Accept-Encoding': 'gzip, deflate', 'Accept': '*/*', 'Connection': 'keep-alive'} 
 body=None 
 </msg>
<msg time="2024-05-02T01:00:49.231186" level="INFO">GET Response : url=https://randomuser.me/api 
 status=200, reason=OK 
 headers={'Date': 'Thu, 02 May 2024 01:00:49 GMT', 'Content-Type': 'application/json; charset=utf-8', 'Transfer-Encoding': 'chunked', 'Connection': 'keep-alive', 'X-Powered-By': 'Express', 'Access-Control-Allow-Origin': '*', 'Cache-Control': 'no-cache', 'ETag': 'W/"4a1-zzoStj2Z+/2pF3lSjCkOICWKfVM"', 'Vary': 'Accept-Encoding', 'Content-Encoding': 'gzip', 'CF-Cache-Status': 'DYNAMIC', 'Report-To': '{"endpoints":[{"url":"https:\\/\\/a.nel.cloudflare.com\\/report\\/v4?s=%2Bzvqm088hhuvYfl2nFj7zGmjnDtqZLK7paktJYn8PzeWVE3yzZZtGWUq48cTpHRIEerI6bp9xDCiRmNbWAxnQ1HK2mED6wykpbAV3bzYi5fhmDerdL3fsPc%2FAo%2Bca%2BYP"}],"group":"cf-nel","max_age":604800}', 'NEL': '{"success_fraction":0,"report_to":"cf-nel","max_age":604800}', 'Server': 'cloudflare', 'CF-RAY': '87d413972cfb1419-ORD', 'alt-svc': 'h3=":443"; ma=86400'} 
 body={"results":[{"gender":"female","name":{"title":"Ms","first":"Lilou","last":"Legrand"},"location":{"street":{"number":8798,"name":"Rue Cyrus-Hugues"},"city":"Lille","state":"Rhône","country":"France","postcode":92192,"coordinates":{"latitude":"-14.7188","longitude":"161.3041"},"timezone":{"offset":"-4:00","description":"Atlantic Time (Canada), Caracas, La Paz"}},"email":"lilou.legrand@example.com","login":{"uuid":"88a4e76c-e792-4506-bc38-f4d972b6f374","username":"orangewolf348","password":"chippy","salt":"EKjubAoU","md5":"abaf20ed2490242b1d2f5cbb47bf9b8e","sha1":"681b3a45173f278607bad131c91996e71876d597","sha256":"47f7f937b9f316557a27f62f17198f56934761cfd49f4bb1cebef7ef2e8039af"},"dob":{"date":"1990-11-05T16:50:40.818Z","age":33},"registered":{"date":"2013-11-21T07:04:54.430Z","age":10},"phone":"01-73-92-42-38","cell":"06-97-92-67-03","id":{"name":"INSEE","value":"2901056177986 64"},"picture":{"large":"https://randomuser.me/api/portraits/women/45.jpg","medium":"https://randomuser.me/api/portraits/med/women/45.jpg","thumbnail":"https://randomuser.me/api/portraits/thumb/women/45.jpg"},"nat":"FR"}],"info":{"seed":"7e9916e552f254aa","results":1,"page":1,"version":"1.4"}} 
 </msg>
<msg time="2024-05-02T01:00:49.231341" level="INFO">/opt/hostedtoolcache/Python/3.12.3/x64/lib/python3.12/site-packages/urllib3/connectionpool.py:1103: InsecureRequestWarning: Unverified HTTPS request is being made to host 'randomuser.me'. Adding certificate verification is strongly advised. See: https://urllib3.readthedocs.io/en/latest/advanced-usage.html#tls-warnings
  warnings.warn(</msg>
<msg time="2024-05-02T01:00:49.231476" level="INFO">${response} = &lt;Response [200]&gt;</msg>
<var>${response}</var>
<arg>consultarAPI</arg>
<arg>/api</arg>
<doc>Sends a GET request on a previously created HTTP Session.</doc>
<status status="PASS" start="2024-05-02T01:00:49.144292" elapsed="0.087222"/>
</kw>
<kw name="Set Variable" owner="BuiltIn">
<msg time="2024-05-02T01:00:49.232803" level="INFO">${json_data} = {'results': [{'gender': 'female', 'name': {'title': 'Ms', 'first': 'Lilou', 'last': 'Legrand'}, 'location': {'street': {'number': 8798, 'name': 'Rue Cyrus-Hugues'}, 'city': 'Lille', 'state': 'Rhône', ...</msg>
<var>${json_data}</var>
<arg>${response.json()}</arg>
<doc>Returns the given values which can then be assigned to a variables.</doc>
<status status="PASS" start="2024-05-02T01:00:49.232029" elapsed="0.000825"/>
</kw>
<kw name="Log" owner="BuiltIn">
<msg time="2024-05-02T01:00:49.233468" level="INFO">{'results': [{'gender': 'female', 'name': {'title': 'Ms', 'first': 'Lilou', 'last': 'Legrand'}, 'location': {'street': {'number': 8798, 'name': 'Rue Cyrus-Hugues'}, 'city': 'Lille', 'state': 'Rhône', 'country': 'France', 'postcode': 92192, 'coordinates': {'latitude': '-14.7188', 'longitude': '161.3041'}, 'timezone': {'offset': '-4:00', 'description': 'Atlantic Time (Canada), Caracas, La Paz'}}, 'email': 'lilou.legrand@example.com', 'login': {'uuid': '88a4e76c-e792-4506-bc38-f4d972b6f374', 'username': 'orangewolf348', 'password': 'chippy', 'salt': 'EKjubAoU', 'md5': 'abaf20ed2490242b1d2f5cbb47bf9b8e', 'sha1': '681b3a45173f278607bad131c91996e71876d597', 'sha256': '47f7f937b9f316557a27f62f17198f56934761cfd49f4bb1cebef7ef2e8039af'}, 'dob': {'date': '1990-11-05T16:50:40.818Z', 'age': 33}, 'registered': {'date': '2013-11-21T07:04:54.430Z', 'age': 10}, 'phone': '01-73-92-42-38', 'cell': '06-97-92-67-03', 'id': {'name': 'INSEE', 'value': '2901056177986 64'}, 'picture': {'large': 'https://randomuser.me/api/portraits/women/45.jpg', 'medium': 'https://randomuser.me/api/portraits/med/women/45.jpg', 'thumbnail': 'https://randomuser.me/api/portraits/thumb/women/45.jpg'}, 'nat': 'FR'}], 'info': {'seed': '7e9916e552f254aa', 'results': 1, 'page': 1, 'version': '1.4'}}</msg>
<arg>${json_data}</arg>
<doc>Logs the given message with the given level.</doc>
<status status="PASS" start="2024-05-02T01:00:49.233297" elapsed="0.000231"/>
</kw>
<kw name="Dictionary Should Contain Key" owner="Collections">
<msg time="2024-05-02T01:00:49.234009" level="INFO">False</msg>
<arg>${json_data}</arg>
<arg>results</arg>
<doc>Fails if ``key`` is not found from ``dictionary``.</doc>
<status status="PASS" start="2024-05-02T01:00:49.233838" elapsed="0.000210"/>
</kw>
<kw name="Should Not Be Empty" owner="BuiltIn">
<msg time="2024-05-02T01:00:49.234483" level="INFO">Length is 2.</msg>
<arg>${json_data}</arg>
<doc>Verifies that the given item is not empty.</doc>
<status status="PASS" start="2024-05-02T01:00:49.234347" elapsed="0.000327"/>
</kw>
<kw name="Create List" owner="BuiltIn">
<msg time="2024-05-02T01:00:49.235132" level="INFO">${expected_keys} = ['gender', 'name', 'location', 'email', 'login']</msg>
<var>${expected_keys}</var>
<arg>gender</arg>
<arg>name</arg>
<arg>location</arg>
<arg>email</arg>
<arg>login</arg>
<doc>Returns a list containing given items.</doc>
<status status="PASS" start="2024-05-02T01:00:49.234973" elapsed="0.000184"/>
</kw>
<for flavor="IN">
<iter>
<kw name="Dictionary Should Contain Key" owner="Collections">
<msg time="2024-05-02T01:00:49.236165" level="INFO">False</msg>
<arg>${json_data['results'][0]}</arg>
<arg>${key}</arg>
<doc>Fails if ``key`` is not found from ``dictionary``.</doc>
<status status="PASS" start="2024-05-02T01:00:49.235751" elapsed="0.000453"/>
</kw>
<kw name="Log" owner="BuiltIn">
<msg time="2024-05-02T01:00:49.236917" level="INFO">{'gender': 'female', 'name': {'title': 'Ms', 'first': 'Lilou', 'last': 'Legrand'}, 'location': {'street': {'number': 8798, 'name': 'Rue Cyrus-Hugues'}, 'city': 'Lille', 'state': 'Rhône', 'country': 'France', 'postcode': 92192, 'coordinates': {'latitude': '-14.7188', 'longitude': '161.3041'}, 'timezone': {'offset': '-4:00', 'description': 'Atlantic Time (Canada), Caracas, La Paz'}}, 'email': 'lilou.legrand@example.com', 'login': {'uuid': '88a4e76c-e792-4506-bc38-f4d972b6f374', 'username': 'orangewolf348', 'password': 'chippy', 'salt': 'EKjubAoU', 'md5': 'abaf20ed2490242b1d2f5cbb47bf9b8e', 'sha1': '681b3a45173f278607bad131c91996e71876d597', 'sha256': '47f7f937b9f316557a27f62f17198f56934761cfd49f4bb1cebef7ef2e8039af'}, 'dob': {'date': '1990-11-05T16:50:40.818Z', 'age': 33}, 'registered': {'date': '2013-11-21T07:04:54.430Z', 'age': 10}, 'phone': '01-73-92-42-38', 'cell': '06-97-92-67-03', 'id': {'name': 'INSEE', 'value': '2901056177986 64'}, 'picture': {'large': 'https://randomuser.me/api/portraits/women/45.jpg', 'medium': 'https://randomuser.me/api/portraits/med/women/45.jpg', 'thumbnail': 'https://randomuser.me/api/portraits/thumb/women/45.jpg'}, 'nat': 'FR'}</msg>
<arg>${json_data['results'][0]}</arg>
<doc>Logs the given message with the given level.</doc>
<status status="PASS" start="2024-05-02T01:00:49.236505" elapsed="0.000463"/>
</kw>
<kw name="Log" owner="BuiltIn">
<msg time="2024-05-02T01:00:49.237411" level="INFO">gender</msg>
<arg>${key}</arg>
<doc>Logs the given message with the given level.</doc>
<status status="PASS" start="2024-05-02T01:00:49.237279" elapsed="0.000170"/>
</kw>
<var name="${key}">gender</var>
<status status="PASS" start="2024-05-02T01:00:49.235616" elapsed="0.002049"/>
</iter>
<iter>
<kw name="Dictionary Should Contain Key" owner="Collections">
<msg time="2024-05-02T01:00:49.238368" level="INFO">False</msg>
<arg>${json_data['results'][0]}</arg>
<arg>${key}</arg>
<doc>Fails if ``key`` is not found from ``dictionary``.</doc>
<status status="PASS" start="2024-05-02T01:00:49.237980" elapsed="0.000426"/>
</kw>
<kw name="Log" owner="BuiltIn">
<msg time="2024-05-02T01:00:49.239097" level="INFO">{'gender': 'female', 'name': {'title': 'Ms', 'first': 'Lilou', 'last': 'Legrand'}, 'location': {'street': {'number': 8798, 'name': 'Rue Cyrus-Hugues'}, 'city': 'Lille', 'state': 'Rhône', 'country': 'France', 'postcode': 92192, 'coordinates': {'latitude': '-14.7188', 'longitude': '161.3041'}, 'timezone': {'offset': '-4:00', 'description': 'Atlantic Time (Canada), Caracas, La Paz'}}, 'email': 'lilou.legrand@example.com', 'login': {'uuid': '88a4e76c-e792-4506-bc38-f4d972b6f374', 'username': 'orangewolf348', 'password': 'chippy', 'salt': 'EKjubAoU', 'md5': 'abaf20ed2490242b1d2f5cbb47bf9b8e', 'sha1': '681b3a45173f278607bad131c91996e71876d597', 'sha256': '47f7f937b9f316557a27f62f17198f56934761cfd49f4bb1cebef7ef2e8039af'}, 'dob': {'date': '1990-11-05T16:50:40.818Z', 'age': 33}, 'registered': {'date': '2013-11-21T07:04:54.430Z', 'age': 10}, 'phone': '01-73-92-42-38', 'cell': '06-97-92-67-03', 'id': {'name': 'INSEE', 'value': '2901056177986 64'}, 'picture': {'large': 'https://randomuser.me/api/portraits/women/45.jpg', 'medium': 'https://randomuser.me/api/portraits/med/women/45.jpg', 'thumbnail': 'https://randomuser.me/api/portraits/thumb/women/45.jpg'}, 'nat': 'FR'}</msg>
<arg>${json_data['results'][0]}</arg>
<doc>Logs the given message with the given level.</doc>
<status status="PASS" start="2024-05-02T01:00:49.238730" elapsed="0.000418"/>
</kw>
<kw name="Log" owner="BuiltIn">
<msg time="2024-05-02T01:00:49.239572" level="INFO">name</msg>
<arg>${key}</arg>
<doc>Logs the given message with the given level.</doc>
<status status="PASS" start="2024-05-02T01:00:49.239446" elapsed="0.000164"/>
</kw>
<var name="${key}">name</var>
<status status="PASS" start="2024-05-02T01:00:49.237863" elapsed="0.001969"/>
</iter>
<iter>
<kw name="Dictionary Should Contain Key" owner="Collections">
<msg time="2024-05-02T01:00:49.240510" level="INFO">False</msg>
<arg>${json_data['results'][0]}</arg>
<arg>${key}</arg>
<doc>Fails if ``key`` is not found from ``dictionary``.</doc>
<status status="PASS" start="2024-05-02T01:00:49.240124" elapsed="0.000454"/>
</kw>
<kw name="Log" owner="BuiltIn">
<msg time="2024-05-02T01:00:49.241262" level="INFO">{'gender': 'female', 'name': {'title': 'Ms', 'first': 'Lilou', 'last': 'Legrand'}, 'location': {'street': {'number': 8798, 'name': 'Rue Cyrus-Hugues'}, 'city': 'Lille', 'state': 'Rhône', 'country': 'France', 'postcode': 92192, 'coordinates': {'latitude': '-14.7188', 'longitude': '161.3041'}, 'timezone': {'offset': '-4:00', 'description': 'Atlantic Time (Canada), Caracas, La Paz'}}, 'email': 'lilou.legrand@example.com', 'login': {'uuid': '88a4e76c-e792-4506-bc38-f4d972b6f374', 'username': 'orangewolf348', 'password': 'chippy', 'salt': 'EKjubAoU', 'md5': 'abaf20ed2490242b1d2f5cbb47bf9b8e', 'sha1': '681b3a45173f278607bad131c91996e71876d597', 'sha256': '47f7f937b9f316557a27f62f17198f56934761cfd49f4bb1cebef7ef2e8039af'}, 'dob': {'date': '1990-11-05T16:50:40.818Z', 'age': 33}, 'registered': {'date': '2013-11-21T07:04:54.430Z', 'age': 10}, 'phone': '01-73-92-42-38', 'cell': '06-97-92-67-03', 'id': {'name': 'INSEE', 'value': '2901056177986 64'}, 'picture': {'large': 'https://randomuser.me/api/portraits/women/45.jpg', 'medium': 'https://randomuser.me/api/portraits/med/women/45.jpg', 'thumbnail': 'https://randomuser.me/api/portraits/thumb/women/45.jpg'}, 'nat': 'FR'}</msg>
<arg>${json_data['results'][0]}</arg>
<doc>Logs the given message with the given level.</doc>
<status status="PASS" start="2024-05-02T01:00:49.240890" elapsed="0.000421"/>
</kw>
<kw name="Log" owner="BuiltIn">
<msg time="2024-05-02T01:00:49.241741" level="INFO">location</msg>
<arg>${key}</arg>
<doc>Logs the given message with the given level.</doc>
<status status="PASS" start="2024-05-02T01:00:49.241614" elapsed="0.000165"/>
</kw>
<var name="${key}">location</var>
<status status="PASS" start="2024-05-02T01:00:49.240012" elapsed="0.001985"/>
</iter>
<iter>
<kw name="Dictionary Should Contain Key" owner="Collections">
<msg time="2024-05-02T01:00:49.242662" level="INFO">False</msg>
<arg>${json_data['results'][0]}</arg>
<arg>${key}</arg>
<doc>Fails if ``key`` is not found from ``dictionary``.</doc>
<status status="PASS" start="2024-05-02T01:00:49.242278" elapsed="0.000421"/>
</kw>
<kw name="Log" owner="BuiltIn">
<msg time="2024-05-02T01:00:49.243364" level="INFO">{'gender': 'female', 'name': {'title': 'Ms', 'first': 'Lilou', 'last': 'Legrand'}, 'location': {'street': {'number': 8798, 'name': 'Rue Cyrus-Hugues'}, 'city': 'Lille', 'state': 'Rhône', 'country': 'France', 'postcode': 92192, 'coordinates': {'latitude': '-14.7188', 'longitude': '161.3041'}, 'timezone': {'offset': '-4:00', 'description': 'Atlantic Time (Canada), Caracas, La Paz'}}, 'email': 'lilou.legrand@example.com', 'login': {'uuid': '88a4e76c-e792-4506-bc38-f4d972b6f374', 'username': 'orangewolf348', 'password': 'chippy', 'salt': 'EKjubAoU', 'md5': 'abaf20ed2490242b1d2f5cbb47bf9b8e', 'sha1': '681b3a45173f278607bad131c91996e71876d597', 'sha256': '47f7f937b9f316557a27f62f17198f56934761cfd49f4bb1cebef7ef2e8039af'}, 'dob': {'date': '1990-11-05T16:50:40.818Z', 'age': 33}, 'registered': {'date': '2013-11-21T07:04:54.430Z', 'age': 10}, 'phone': '01-73-92-42-38', 'cell': '06-97-92-67-03', 'id': {'name': 'INSEE', 'value': '2901056177986 64'}, 'picture': {'large': 'https://randomuser.me/api/portraits/women/45.jpg', 'medium': 'https://randomuser.me/api/portraits/med/women/45.jpg', 'thumbnail': 'https://randomuser.me/api/portraits/thumb/women/45.jpg'}, 'nat': 'FR'}</msg>
<arg>${json_data['results'][0]}</arg>
<doc>Logs the given message with the given level.</doc>
<status status="PASS" start="2024-05-02T01:00:49.242997" elapsed="0.000416"/>
</kw>
<kw name="Log" owner="BuiltIn">
<msg time="2024-05-02T01:00:49.243831" level="INFO">email</msg>
<arg>${key}</arg>
<doc>Logs the given message with the given level.</doc>
<status status="PASS" start="2024-05-02T01:00:49.243704" elapsed="0.000164"/>
</kw>
<var name="${key}">email</var>
<status status="PASS" start="2024-05-02T01:00:49.242168" elapsed="0.001910"/>
</iter>
<iter>
<kw name="Dictionary Should Contain Key" owner="Collections">
<msg time="2024-05-02T01:00:49.244783" level="INFO">False</msg>
<arg>${json_data['results'][0]}</arg>
<arg>${key}</arg>
<doc>Fails if ``key`` is not found from ``dictionary``.</doc>
<status status="PASS" start="2024-05-02T01:00:49.244358" elapsed="0.000473"/>
</kw>
<kw name="Log" owner="BuiltIn">
<msg time="2024-05-02T01:00:49.245505" level="INFO">{'gender': 'female', 'name': {'title': 'Ms', 'first': 'Lilou', 'last': 'Legrand'}, 'location': {'street': {'number': 8798, 'name': 'Rue Cyrus-Hugues'}, 'city': 'Lille', 'state': 'Rhône', 'country': 'France', 'postcode': 92192, 'coordinates': {'latitude': '-14.7188', 'longitude': '161.3041'}, 'timezone': {'offset': '-4:00', 'description': 'Atlantic Time (Canada), Caracas, La Paz'}}, 'email': 'lilou.legrand@example.com', 'login': {'uuid': '88a4e76c-e792-4506-bc38-f4d972b6f374', 'username': 'orangewolf348', 'password': 'chippy', 'salt': 'EKjubAoU', 'md5': 'abaf20ed2490242b1d2f5cbb47bf9b8e', 'sha1': '681b3a45173f278607bad131c91996e71876d597', 'sha256': '47f7f937b9f316557a27f62f17198f56934761cfd49f4bb1cebef7ef2e8039af'}, 'dob': {'date': '1990-11-05T16:50:40.818Z', 'age': 33}, 'registered': {'date': '2013-11-21T07:04:54.430Z', 'age': 10}, 'phone': '01-73-92-42-38', 'cell': '06-97-92-67-03', 'id': {'name': 'INSEE', 'value': '2901056177986 64'}, 'picture': {'large': 'https://randomuser.me/api/portraits/women/45.jpg', 'medium': 'https://randomuser.me/api/portraits/med/women/45.jpg', 'thumbnail': 'https://randomuser.me/api/portraits/thumb/women/45.jpg'}, 'nat': 'FR'}</msg>
<arg>${json_data['results'][0]}</arg>
<doc>Logs the given message with the given level.</doc>
<status status="PASS" start="2024-05-02T01:00:49.245129" elapsed="0.000425"/>
</kw>
<kw name="Log" owner="BuiltIn">
<msg time="2024-05-02T01:00:49.245982" level="INFO">login</msg>
<arg>${key}</arg>
<doc>Logs the given message with the given level.</doc>
<status status="PASS" start="2024-05-02T01:00:49.245851" elapsed="0.000202"/>
</kw>
<var name="${key}">login</var>
<status status="PASS" start="2024-05-02T01:00:49.244249" elapsed="0.002027"/>
</iter>
<var>${key}</var>
<value>@{expected_keys}</value>
<status status="PASS" start="2024-05-02T01:00:49.235420" elapsed="0.010978"/>
</for>
<kw name="Create List" owner="BuiltIn">
<msg time="2024-05-02T01:00:49.246730" level="INFO">${expected_keysTwo} = ['username', 'password']</msg>
<var>${expected_keysTwo}</var>
<arg>username</arg>
<arg>password</arg>
<doc>Returns a list containing given items.</doc>
<status status="PASS" start="2024-05-02T01:00:49.246592" elapsed="0.000162"/>
</kw>
<for flavor="IN">
<iter>
<kw name="Dictionary Should Contain Key" owner="Collections">
<msg time="2024-05-02T01:00:49.247646" level="INFO">False</msg>
<arg>${json_data['results'][0]['login']}</arg>
<arg>${keyTwo}</arg>
<doc>Fails if ``key`` is not found from ``dictionary``.</doc>
<status status="PASS" start="2024-05-02T01:00:49.247256" elapsed="0.000428"/>
</kw>
<kw name="Dictionary Should Contain Key" owner="Collections">
<msg time="2024-05-02T01:00:49.248362" level="INFO">False</msg>
<arg>${json_data['results'][0]['login']}</arg>
<arg>${keyTwo}</arg>
<doc>Fails if ``key`` is not found from ``dictionary``.</doc>
<status status="PASS" start="2024-05-02T01:00:49.247980" elapsed="0.000419"/>
</kw>
<kw name="Log" owner="BuiltIn">
<msg time="2024-05-02T01:00:49.248867" level="INFO">username</msg>
<arg>${keyTwo}</arg>
<doc>Logs the given message with the given level.</doc>
<status status="PASS" start="2024-05-02T01:00:49.248734" elapsed="0.000176"/>
</kw>
<var name="${keyTwo}">username</var>
<status status="PASS" start="2024-05-02T01:00:49.247147" elapsed="0.001980"/>
</iter>
<iter>
<kw name="Dictionary Should Contain Key" owner="Collections">
<msg time="2024-05-02T01:00:49.249885" level="INFO">False</msg>
<arg>${json_data['results'][0]['login']}</arg>
<arg>${keyTwo}</arg>
<doc>Fails if ``key`` is not found from ``dictionary``.</doc>
<status status="PASS" start="2024-05-02T01:00:49.249411" elapsed="0.000514"/>
</kw>
<kw name="Dictionary Should Contain Key" owner="Collections">
<msg time="2024-05-02T01:00:49.250605" level="INFO">False</msg>
<arg>${json_data['results'][0]['login']}</arg>
<arg>${keyTwo}</arg>
<doc>Fails if ``key`` is not found from ``dictionary``.</doc>
<status status="PASS" start="2024-05-02T01:00:49.250225" elapsed="0.000417"/>
</kw>
<kw name="Log" owner="BuiltIn">
<msg time="2024-05-02T01:00:49.251062" level="INFO">password</msg>
<arg>${keyTwo}</arg>
<doc>Logs the given message with the given level.</doc>
<status status="PASS" start="2024-05-02T01:00:49.250935" elapsed="0.000163"/>
</kw>
<var name="${keyTwo}">password</var>
<status status="PASS" start="2024-05-02T01:00:49.249299" elapsed="0.002012"/>
</iter>
<var>${keyTwo}</var>
<value>@{expected_keysTwo}</value>
<status status="PASS" start="2024-05-02T01:00:49.246992" elapsed="0.004441"/>
</for>
<status status="PASS" start="2024-05-02T01:00:49.144057" elapsed="0.107522"/>
</kw>
<doc>Testa a estrutura da resposta da API.</doc>
<tag>testeEstruturaResposta</tag>
<status status="PASS" start="2024-05-02T01:00:49.143490" elapsed="0.108243"/>
</test>
<test id="s1-s1-t4" name="Validar tipos de dados" line="28">
<kw name="Teste de Tipos de Dados" owner="random-user-service">
<kw name="GET On Session" owner="RequestsLibrary">
<msg time="2024-05-02T01:00:49.342918" level="INFO">GET Request : url=https://randomuser.me/api 
 path_url=/api 
 headers={'User-Agent': 'python-requests/2.31.0', 'Accept-Encoding': 'gzip, deflate', 'Accept': '*/*', 'Connection': 'keep-alive'} 
 body=None 
 </msg>
<msg time="2024-05-02T01:00:49.343030" level="INFO">GET Response : url=https://randomuser.me/api 
 status=200, reason=OK 
 headers={'Date': 'Thu, 02 May 2024 01:00:49 GMT', 'Content-Type': 'application/json; charset=utf-8', 'Transfer-Encoding': 'chunked', 'Connection': 'keep-alive', 'X-Powered-By': 'Express', 'Access-Control-Allow-Origin': '*', 'Cache-Control': 'no-cache', 'ETag': 'W/"471-3YdJ21ppyYgCg31vydreFxPN+LU"', 'Vary': 'Accept-Encoding', 'Content-Encoding': 'gzip', 'CF-Cache-Status': 'DYNAMIC', 'Report-To': '{"endpoints":[{"url":"https:\\/\\/a.nel.cloudflare.com\\/report\\/v4?s=U7hrsctxqVAKrwUBjh14Xsnz0Xy4WdDfISN%2Fi4CaMjuTjbY8xkEMmldqSxqtH9VS7E3spXdbPIgk1kOc%2BgPzt628k4dXR%2Feclc8OtUJK74LcO8w7lrIsT3LqgJsDHGUZ"}],"group":"cf-nel","max_age":604800}', 'NEL': '{"success_fraction":0,"report_to":"cf-nel","max_age":604800}', 'Server': 'cloudflare', 'CF-RAY': '87d41397de091419-ORD', 'alt-svc': 'h3=":443"; ma=86400'} 
 body={"results":[{"gender":"female","name":{"title":"Ms","first":"Lærke","last":"Poulsen"},"location":{"street":{"number":9151,"name":"Bakkedraget"},"city":"København Sv","state":"Danmark","country":"Denmark","postcode":25933,"coordinates":{"latitude":"-39.2218","longitude":"133.7838"},"timezone":{"offset":"-10:00","description":"Hawaii"}},"email":"laerke.poulsen@example.com","login":{"uuid":"9dc1e070-224e-4824-bb85-20c642dcbd97","username":"greendog103","password":"lkjh","salt":"js4FjsTT","md5":"e5acdc0b22e885275f642320c7c8dbf7","sha1":"82d7a1b5a718dde187a6d9a2519e2d811ecb7806","sha256":"8aa5088fa22c27dcaca117dc471a580294dfd2c310808555fa94bfc6d70a7da6"},"dob":{"date":"1990-02-13T08:01:40.208Z","age":34},"registered":{"date":"2009-11-02T12:19:37.165Z","age":14},"phone":"18778545","cell":"42057343","id":{"name":"CPR","value":"130290-6788"},"picture":{"large":"https://randomuser.me/api/portraits/women/29.jpg","medium":"https://randomuser.me/api/portraits/med/women/29.jpg","thumbnail":"https://randomuser.me/api/portraits/thumb/women/29.jpg"},"nat":"DK"}],"info":{"seed":"7a4179b275eed4e2","results":1,"page":1,"version":"1.4"}} 
 </msg>
<msg time="2024-05-02T01:00:49.343102" level="INFO">/opt/hostedtoolcache/Python/3.12.3/x64/lib/python3.12/site-packages/urllib3/connectionpool.py:1103: InsecureRequestWarning: Unverified HTTPS request is being made to host 'randomuser.me'. Adding certificate verification is strongly advised. See: https://urllib3.readthedocs.io/en/latest/advanced-usage.html#tls-warnings
  warnings.warn(</msg>
<msg time="2024-05-02T01:00:49.343219" level="INFO">${response} = &lt;Response [200]&gt;</msg>
<var>${response}</var>
<arg>consultarAPI</arg>
<arg>/api</arg>
<doc>Sends a GET request on a previously created HTTP Session.</doc>
<status status="PASS" start="2024-05-02T01:00:49.254267" elapsed="0.088986"/>
</kw>
<kw name="Set Variable" owner="BuiltIn">
<msg time="2024-05-02T01:00:49.344413" level="INFO">${json_data} = {'results': [{'gender': 'female', 'name': {'title': 'Ms', 'first': 'Lærke', 'last': 'Poulsen'}, 'location': {'street': {'number': 9151, 'name': 'Bakkedraget'}, 'city': 'København Sv', 'state': 'Danmar...</msg>
<var>${json_data}</var>
<arg>${response.json()}</arg>
<doc>Returns the given values which can then be assigned to a variables.</doc>
<status status="PASS" start="2024-05-02T01:00:49.343835" elapsed="0.000607"/>
</kw>
<kw name="Log" owner="BuiltIn">
<msg time="2024-05-02T01:00:49.344957" level="INFO">{'results': [{'gender': 'female', 'name': {'title': 'Ms', 'first': 'Lærke', 'last': 'Poulsen'}, 'location': {'street': {'number': 9151, 'name': 'Bakkedraget'}, 'city': 'København Sv', 'state': 'Danmark', 'country': 'Denmark', 'postcode': 25933, 'coordinates': {'latitude': '-39.2218', 'longitude': '133.7838'}, 'timezone': {'offset': '-10:00', 'description': 'Hawaii'}}, 'email': 'laerke.poulsen@example.com', 'login': {'uuid': '9dc1e070-224e-4824-bb85-20c642dcbd97', 'username': 'greendog103', 'password': 'lkjh', 'salt': 'js4FjsTT', 'md5': 'e5acdc0b22e885275f642320c7c8dbf7', 'sha1': '82d7a1b5a718dde187a6d9a2519e2d811ecb7806', 'sha256': '8aa5088fa22c27dcaca117dc471a580294dfd2c310808555fa94bfc6d70a7da6'}, 'dob': {'date': '1990-02-13T08:01:40.208Z', 'age': 34}, 'registered': {'date': '2009-11-02T12:19:37.165Z', 'age': 14}, 'phone': '18778545', 'cell': '42057343', 'id': {'name': 'CPR', 'value': '130290-6788'}, 'picture': {'large': 'https://randomuser.me/api/portraits/women/29.jpg', 'medium': 'https://randomuser.me/api/portraits/med/women/29.jpg', 'thumbnail': 'https://randomuser.me/api/portraits/thumb/women/29.jpg'}, 'nat': 'DK'}], 'info': {'seed': '7a4179b275eed4e2', 'results': 1, 'page': 1, 'version': '1.4'}}</msg>
<arg>${json_data}</arg>
<doc>Logs the given message with the given level.</doc>
<status status="PASS" start="2024-05-02T01:00:49.344796" elapsed="0.000248"/>
</kw>
<kw name="Should Be String" owner="String">
<arg>${json_data['results'][0]['gender']}</arg>
<doc>Fails if the given ``item`` is not a string.</doc>
<status status="PASS" start="2024-05-02T01:00:49.345348" elapsed="0.000368"/>
</kw>
<kw name="Should Match Regexp" owner="BuiltIn">
<arg>${json_data['results'][0]['email']}</arg>
<arg>^[a-zA-Z0-9._%+-]+@[a-zA-Z0-9.-]+\.[a-zA-Z]{2,}$</arg>
<doc>Fails if ``string`` does not match ``pattern`` as a regular expression.</doc>
<status status="PASS" start="2024-05-02T01:00:49.345908" elapsed="0.000518"/>
</kw>
<kw name="Should Match Regexp" owner="BuiltIn">
<arg>${json_data['results'][0]['dob']['date']}</arg>
<arg>\\d{4}-\\d{2}-\\d{2}T\\d{2}:\\d{2}:\\d{2}\\.\\d{3}Z</arg>
<doc>Fails if ``string`` does not match ``pattern`` as a regular expression.</doc>
<status status="PASS" start="2024-05-02T01:00:49.346620" elapsed="0.000494"/>
</kw>
<kw name="Should Match Regexp" owner="BuiltIn">
<arg>${json_data['results'][0]['registered']['date']}</arg>
<arg>\\d{4}-\\d{2}-\\d{2}T\\d{2}:\\d{2}:\\d{2}\\.\\d{3}Z</arg>
<doc>Fails if ``string`` does not match ``pattern`` as a regular expression.</doc>
<status status="PASS" start="2024-05-02T01:00:49.347305" elapsed="0.000375"/>
</kw>
<kw name="Should Match Regexp" owner="BuiltIn">
<arg>${json_data['results'][0]['picture']['large']}</arg>
<arg>^https?://.*\.(?:png|jpe?g|gif|bmp)$</arg>
<doc>Fails if ``string`` does not match ``pattern`` as a regular expression.</doc>
<status status="PASS" start="2024-05-02T01:00:49.347870" elapsed="0.000464"/>
</kw>
<kw name="Should Match Regexp" owner="BuiltIn">
<arg>${json_data['results'][0]['picture']['medium']}</arg>
<arg>^https?://.*\.(?:png|jpe?g|gif|bmp)$</arg>
<doc>Fails if ``string`` does not match ``pattern`` as a regular expression.</doc>
<status status="PASS" start="2024-05-02T01:00:49.348528" elapsed="0.000388"/>
</kw>
<kw name="Should Match Regexp" owner="BuiltIn">
<arg>${json_data['results'][0]['picture']['thumbnail']}</arg>
<arg>^https?://.*\.(?:png|jpe?g|gif|bmp)$</arg>
<doc>Fails if ``string`` does not match ``pattern`` as a regular expression.</doc>
<status status="PASS" start="2024-05-02T01:00:49.349106" elapsed="0.000351"/>
</kw>
<kw name="Log" owner="BuiltIn">
<msg time="2024-05-02T01:00:49.349956" level="INFO">{'large': 'https://randomuser.me/api/portraits/women/29.jpg', 'medium': 'https://randomuser.me/api/portraits/med/women/29.jpg', 'thumbnail': 'https://randomuser.me/api/portraits/thumb/women/29.jpg'}</msg>
<arg>${json_data['results'][0]['picture']}</arg>
<doc>Logs the given message with the given level.</doc>
<status status="PASS" start="2024-05-02T01:00:49.349634" elapsed="0.000364"/>
</kw>
<status status="PASS" start="2024-05-02T01:00:49.254037" elapsed="0.096216"/>
</kw>
<kw name="Teste de Tipos de Dados - Postcode" owner="random-user-service">
<kw name="GET On Session" owner="RequestsLibrary">
<msg time="2024-05-02T01:00:49.724014" level="INFO">GET Request : url=https://randomuser.me/api 
 path_url=/api 
 headers={'User-Agent': 'python-requests/2.31.0', 'Accept-Encoding': 'gzip, deflate', 'Accept': '*/*', 'Connection': 'keep-alive'} 
 body=None 
 </msg>
<msg time="2024-05-02T01:00:49.724095" level="INFO">GET Response : url=https://randomuser.me/api 
 status=200, reason=OK 
 headers={'Date': 'Thu, 02 May 2024 01:00:49 GMT', 'Content-Type': 'application/json; charset=utf-8', 'Transfer-Encoding': 'chunked', 'Connection': 'keep-alive', 'X-Powered-By': 'Express', 'Access-Control-Allow-Origin': '*', 'Cache-Control': 'no-cache', 'ETag': 'W/"48c-4BZlm7GrXFWhrL78oYsaWe2mzfc"', 'Vary': 'Accept-Encoding', 'Content-Encoding': 'gzip', 'CF-Cache-Status': 'DYNAMIC', 'Report-To': '{"endpoints":[{"url":"https:\\/\\/a.nel.cloudflare.com\\/report\\/v4?s=YgKPUQwPCqoPHDKf5YzL5yxqVwQK5VBjAAm2%2B4W0uqsTP9eYMvEF83zASYV4tTqWEua201i%2FFfkl3zRfcZ7%2Fzy9byXkltx6iIeCmbM5a0CPCdzFui5QEWwK3hcYqOy0s"}],"group":"cf-nel","max_age":604800}', 'NEL': '{"success_fraction":0,"report_to":"cf-nel","max_age":604800}', 'Server': 'cloudflare', 'CF-RAY': '87d413987ee71419-ORD', 'alt-svc': 'h3=":443"; ma=86400'} 
 body={"results":[{"gender":"female","name":{"title":"Mademoiselle","first":"Dina","last":"Fournier"},"location":{"street":{"number":6870,"name":"Avenue des Ternes"},"city":"Wittinsburg","state":"Jura","country":"Switzerland","postcode":5325,"coordinates":{"latitude":"-63.2551","longitude":"163.9872"},"timezone":{"offset":"+4:30","description":"Kabul"}},"email":"dina.fournier@example.com","login":{"uuid":"35baa0f6-95a6-4edc-be5d-0e8c507cf1af","username":"smallbear913","password":"france","salt":"vPz4ZV05","md5":"53f2d67bf331e4c9ce1cca7c484cad31","sha1":"3b6b380ec70d4650dd2d978754a93869531ce2ee","sha256":"66d2133cebaeb81276258f8bd0daffb6a9ddce19a8ab9b6fb14ad6e073ce0a1f"},"dob":{"date":"1973-10-19T20:40:57.534Z","age":50},"registered":{"date":"2018-01-18T16:11:02.129Z","age":6},"phone":"078 916 93 08","cell":"078 188 89 69","id":{"name":"AVS","value":"756.2122.1157.96"},"picture":{"large":"https://randomuser.me/api/portraits/women/35.jpg","medium":"https://randomuser.me/api/portraits/med/women/35.jpg","thumbnail":"https://randomuser.me/api/portraits/thumb/women/35.jpg"},"nat":"CH"}],"info":{"seed":"74b8c433b36f040c","results":1,"page":1,"version":"1.4"}} 
 </msg>
<msg time="2024-05-02T01:00:49.724165" level="INFO">/opt/hostedtoolcache/Python/3.12.3/x64/lib/python3.12/site-packages/urllib3/connectionpool.py:1103: InsecureRequestWarning: Unverified HTTPS request is being made to host 'randomuser.me'. Adding certificate verification is strongly advised. See: https://urllib3.readthedocs.io/en/latest/advanced-usage.html#tls-warnings
  warnings.warn(</msg>
<msg time="2024-05-02T01:00:49.724280" level="INFO">${response} = &lt;Response [200]&gt;</msg>
<var>${response}</var>
<arg>consultarAPI</arg>
<arg>/api</arg>
<doc>Sends a GET request on a previously created HTTP Session.</doc>
<status status="PASS" start="2024-05-02T01:00:49.350715" elapsed="0.373611"/>
</kw>
<kw name="Set Variable" owner="BuiltIn">
<msg time="2024-05-02T01:00:49.725258" level="INFO">${json_data} = {'results': [{'gender': 'female', 'name': {'title': 'Mademoiselle', 'first': 'Dina', 'last': 'Fournier'}, 'location': {'street': {'number': 6870, 'name': 'Avenue des Ternes'}, 'city': 'Wittinsburg', '...</msg>
<var>${json_data}</var>
<arg>${response.json()}</arg>
<doc>Returns the given values which can then be assigned to a variables.</doc>
<status status="PASS" start="2024-05-02T01:00:49.724797" elapsed="0.000488"/>
</kw>
<kw name="Log" owner="BuiltIn">
<msg time="2024-05-02T01:00:49.725748" level="INFO">{'results': [{'gender': 'female', 'name': {'title': 'Mademoiselle', 'first': 'Dina', 'last': 'Fournier'}, 'location': {'street': {'number': 6870, 'name': 'Avenue des Ternes'}, 'city': 'Wittinsburg', 'state': 'Jura', 'country': 'Switzerland', 'postcode': 5325, 'coordinates': {'latitude': '-63.2551', 'longitude': '163.9872'}, 'timezone': {'offset': '+4:30', 'description': 'Kabul'}}, 'email': 'dina.fournier@example.com', 'login': {'uuid': '35baa0f6-95a6-4edc-be5d-0e8c507cf1af', 'username': 'smallbear913', 'password': 'france', 'salt': 'vPz4ZV05', 'md5': '53f2d67bf331e4c9ce1cca7c484cad31', 'sha1': '3b6b380ec70d4650dd2d978754a93869531ce2ee', 'sha256': '66d2133cebaeb81276258f8bd0daffb6a9ddce19a8ab9b6fb14ad6e073ce0a1f'}, 'dob': {'date': '1973-10-19T20:40:57.534Z', 'age': 50}, 'registered': {'date': '2018-01-18T16:11:02.129Z', 'age': 6}, 'phone': '078 916 93 08', 'cell': '078 188 89 69', 'id': {'name': 'AVS', 'value': '756.2122.1157.96'}, 'picture': {'large': 'https://randomuser.me/api/portraits/women/35.jpg', 'medium': 'https://randomuser.me/api/portraits/med/women/35.jpg', 'thumbnail': 'https://randomuser.me/api/portraits/thumb/women/35.jpg'}, 'nat': 'CH'}], 'info': {'seed': '74b8c433b36f040c', 'results': 1, 'page': 1, 'version': '1.4'}}</msg>
<arg>${json_data}</arg>
<doc>Logs the given message with the given level.</doc>
<status status="PASS" start="2024-05-02T01:00:49.725596" elapsed="0.000230"/>
</kw>
<kw name="Should Be Equal As Numbers" owner="BuiltIn">
<arg>${json_data['results'][0]['location']['postcode']}</arg>
<arg>${json_data['results'][0]['location']['postcode']}</arg>
<doc>Fails if objects are unequal after converting them to real numbers.</doc>
<status status="PASS" start="2024-05-02T01:00:49.726265" elapsed="0.000624"/>
</kw>
<kw name="Log" owner="BuiltIn">
<msg time="2024-05-02T01:00:49.727413" level="INFO">5325</msg>
<arg>${json_data['results'][0]['location']['postcode']}</arg>
<doc>Logs the given message with the given level.</doc>
<status status="PASS" start="2024-05-02T01:00:49.727080" elapsed="0.000372"/>
</kw>
<status status="PASS" start="2024-05-02T01:00:49.350484" elapsed="0.377216"/>
</kw>
<doc>Testa se os tipos de dados na resposta da API estão corretos.</doc>
<tag>testeTiposDados</tag>
<status status="PASS" start="2024-05-02T01:00:49.253551" elapsed="0.474314"/>
</test>
<test id="s1-s1-t5" name="Validar conteudo" line="35">
<kw name="Teste de Tipos de Conteudo" owner="random-user-service">
<kw name="GET On Session" owner="RequestsLibrary">
<msg time="2024-05-02T01:00:49.789065" level="INFO">GET Request : url=https://randomuser.me/api 
 path_url=/api 
 headers={'User-Agent': 'python-requests/2.31.0', 'Accept-Encoding': 'gzip, deflate', 'Accept': '*/*', 'Connection': 'keep-alive'} 
 body=None 
 </msg>
<msg time="2024-05-02T01:00:49.789142" level="INFO">GET Response : url=https://randomuser.me/api 
 status=200, reason=OK 
 headers={'Date': 'Thu, 02 May 2024 01:00:49 GMT', 'Content-Type': 'application/json; charset=utf-8', 'Transfer-Encoding': 'chunked', 'Connection': 'keep-alive', 'X-Powered-By': 'Express', 'Access-Control-Allow-Origin': '*', 'Cache-Control': 'no-cache', 'ETag': 'W/"49d-qn2/e0Ym9zqDJgWruKo7yCC5es4"', 'Vary': 'Accept-Encoding', 'Content-Encoding': 'gzip', 'CF-Cache-Status': 'DYNAMIC', 'Report-To': '{"endpoints":[{"url":"https:\\/\\/a.nel.cloudflare.com\\/report\\/v4?s=aZFqAjzVDD4Ac1jr7ytNgzTIqeWKgiWnNm6SFE3tmAAdfS64Bycr2USWbcsmD9AKjldFbQVrGdN%2FQpbK5HYuYShJrYIvG4EH%2FntQo4JngN1k3XIXXiocCH%2Bk3LbLarr9"}],"group":"cf-nel","max_age":604800}', 'NEL': '{"success_fraction":0,"report_to":"cf-nel","max_age":604800}', 'Server': 'cloudflare', 'CF-RAY': '87d4139ada4a1419-ORD', 'alt-svc': 'h3=":443"; ma=86400'} 
 body={"results":[{"gender":"male","name":{"title":"Mr","first":"Rafaél","last":"Rico"},"location":{"street":{"number":9694,"name":"Eje vial Sur Borrego"},"city":"Atoyatempan","state":"Chihuahua","country":"Mexico","postcode":65817,"coordinates":{"latitude":"27.1889","longitude":"-101.5217"},"timezone":{"offset":"+10:00","description":"Eastern Australia, Guam, Vladivostok"}},"email":"rafael.rico@example.com","login":{"uuid":"cbffa029-2d44-4183-b23c-6d939d866d69","username":"bluerabbit466","password":"boots","salt":"iZssgIlR","md5":"044bb67d902ffed62ef6ddecbd1ab9dc","sha1":"72a83ce35b8d12d91ccfb1a19a4e995f726b996b","sha256":"fcd129b15895ce5638ac346fd7f74a467c939c7939ecaa990bd982df49f9d57e"},"dob":{"date":"1991-02-18T14:57:25.871Z","age":33},"registered":{"date":"2014-01-16T05:54:01.432Z","age":10},"phone":"(658) 534 8452","cell":"(655) 442 2840","id":{"name":"NSS","value":"24 42 08 6317 8"},"picture":{"large":"https://randomuser.me/api/portraits/men/24.jpg","medium":"https://randomuser.me/api/portraits/med/men/24.jpg","thumbnail":"https://randomuser.me/api/portraits/thumb/men/24.jpg"},"nat":"MX"}],"info":{"seed":"afbd4da2bb8f94b8","results":1,"page":1,"version":"1.4"}} 
 </msg>
<msg time="2024-05-02T01:00:49.789213" level="INFO">/opt/hostedtoolcache/Python/3.12.3/x64/lib/python3.12/site-packages/urllib3/connectionpool.py:1103: InsecureRequestWarning: Unverified HTTPS request is being made to host 'randomuser.me'. Adding certificate verification is strongly advised. See: https://urllib3.readthedocs.io/en/latest/advanced-usage.html#tls-warnings
  warnings.warn(</msg>
<msg time="2024-05-02T01:00:49.789318" level="INFO">${response} = &lt;Response [200]&gt;</msg>
<var>${response}</var>
<arg>consultarAPI</arg>
<arg>/api</arg>
<doc>Sends a GET request on a previously created HTTP Session.</doc>
<status status="PASS" start="2024-05-02T01:00:49.730372" elapsed="0.058994"/>
</kw>
<kw name="Set Variable" owner="BuiltIn">
<msg time="2024-05-02T01:00:49.790253" level="INFO">${json_data} = {'results': [{'gender': 'male', 'name': {'title': 'Mr', 'first': 'Rafaél', 'last': 'Rico'}, 'location': {'street': {'number': 9694, 'name': 'Eje vial Sur Borrego'}, 'city': 'Atoyatempan', 'state': 'Ch...</msg>
<var>${json_data}</var>
<arg>${response.json()}</arg>
<doc>Returns the given values which can then be assigned to a variables.</doc>
<status status="PASS" start="2024-05-02T01:00:49.789809" elapsed="0.000473"/>
</kw>
<kw name="Set Variable" owner="BuiltIn">
<msg time="2024-05-02T01:00:49.790970" level="INFO">${name_title} = Mr</msg>
<var>${name_title}</var>
<arg>${json_data["results"][0]["name"]["title"]}</arg>
<doc>Returns the given values which can then be assigned to a variables.</doc>
<status status="PASS" start="2024-05-02T01:00:49.790582" elapsed="0.000413"/>
</kw>
<kw name="Create List" owner="BuiltIn">
<msg time="2024-05-02T01:00:49.791441" level="INFO">${allowed_titles} = ['Mr', 'Ms', 'Miss', 'Mrs', 'Madame', 'Monsieur']</msg>
<var>${allowed_titles}</var>
<arg>Mr</arg>
<arg>Ms</arg>
<arg>Miss</arg>
<arg>Mrs</arg>
<arg>Madame</arg>
<arg>Monsieur</arg>
<doc>Returns a list containing given items.</doc>
<status status="PASS" start="2024-05-02T01:00:49.791294" elapsed="0.000172"/>
</kw>
<kw name="List Should Contain Value" owner="Collections">
<msg time="2024-05-02T01:00:49.791932" level="INFO">False</msg>
<arg>${allowed_titles}</arg>
<arg>${name_title}</arg>
<doc>Fails if the ``value`` is not found from ``list``.</doc>
<status status="PASS" start="2024-05-02T01:00:49.791761" elapsed="0.000207"/>
</kw>
<kw name="Set Variable" owner="BuiltIn">
<msg time="2024-05-02T01:00:49.792677" level="INFO">${name_country} = MX</msg>
<var>${name_country}</var>
<arg>${json_data["results"][0]["nat"]}</arg>
<doc>Returns the given values which can then be assigned to a variables.</doc>
<status status="PASS" start="2024-05-02T01:00:49.792257" elapsed="0.000446"/>
</kw>
<kw name="Create List" owner="BuiltIn">
<msg time="2024-05-02T01:00:49.793603" level="INFO">${list_country} = ['AD', 'AE', 'AF', 'AG', 'AI', 'AL', 'AM', 'AO', 'AQ', 'AR', 'AS', 'AT', 'AU', 'AW', 'AX', 'AZ', 'BA', 'BB', 'BD', 'BE', 'BF', 'BG', 'BH', 'BI', 'BJ', 'BL', 'BM', 'BN', 'BO', 'BQ', 'BR', 'BS', 'BT', '...</msg>
<var>${list_country}</var>
<arg>AD</arg>
<arg>AE</arg>
<arg>AF</arg>
<arg>AG</arg>
<arg>AI</arg>
<arg>AL</arg>
<arg>AM</arg>
<arg>AO</arg>
<arg>AQ</arg>
<arg>AR</arg>
<arg>AS</arg>
<arg>AT</arg>
<arg>AU</arg>
<arg>AW</arg>
<arg>AX</arg>
<arg>AZ</arg>
<arg>BA</arg>
<arg>BB</arg>
<arg>BD</arg>
<arg>BE</arg>
<arg>BF</arg>
<arg>BG</arg>
<arg>BH</arg>
<arg>BI</arg>
<arg>BJ</arg>
<arg>BL</arg>
<arg>BM</arg>
<arg>BN</arg>
<arg>BO</arg>
<arg>BQ</arg>
<arg>BR</arg>
<arg>BS</arg>
<arg>BT</arg>
<arg>BV</arg>
<arg>BW</arg>
<arg>BY</arg>
<arg>BZ</arg>
<arg>CA</arg>
<arg>CC</arg>
<arg>CD</arg>
<arg>CF</arg>
<arg>CG</arg>
<arg>CH</arg>
<arg>CI</arg>
<arg>CK</arg>
<arg>CL</arg>
<arg>CM</arg>
<arg>CN</arg>
<arg>CO</arg>
<arg>CR</arg>
<arg>CU</arg>
<arg>CV</arg>
<arg>CW</arg>
<arg>CX</arg>
<arg>CY</arg>
<arg>CZ</arg>
<arg>DE</arg>
<arg>DJ</arg>
<arg>DK</arg>
<arg>DM</arg>
<arg>DO</arg>
<arg>DZ</arg>
<arg>EC</arg>
<arg>EE</arg>
<arg>EG</arg>
<arg>EH</arg>
<arg>ER</arg>
<arg>ES</arg>
<arg>ET</arg>
<arg>FI</arg>
<arg>FJ</arg>
<arg>FK</arg>
<arg>FM</arg>
<arg>FO</arg>
<arg>FR</arg>
<arg>GA</arg>
<arg>GB</arg>
<arg>GD</arg>
<arg>GE</arg>
<arg>GF</arg>
<arg>GG</arg>
<arg>GH</arg>
<arg>GI</arg>
<arg>GL</arg>
<arg>GM</arg>
<arg>GN</arg>
<arg>GP</arg>
<arg>GQ</arg>
<arg>GR</arg>
<arg>GS</arg>
<arg>GT</arg>
<arg>GU</arg>
<arg>GW</arg>
<arg>GY</arg>
<arg>HK</arg>
<arg>HM</arg>
<arg>HN</arg>
<arg>HR</arg>
<arg>HT</arg>
<arg>HU</arg>
<arg>ID</arg>
<arg>IE</arg>
<arg>IL</arg>
<arg>IM</arg>
<arg>IN</arg>
<arg>IO</arg>
<arg>IQ</arg>
<arg>IR</arg>
<arg>IS</arg>
<arg>IT</arg>
<arg>JE</arg>
<arg>JM</arg>
<arg>JO</arg>
<arg>JP</arg>
<arg>KE</arg>
<arg>KG</arg>
<arg>KH</arg>
<arg>KI</arg>
<arg>KM</arg>
<arg>KN</arg>
<arg>KP</arg>
<arg>KR</arg>
<arg>KW</arg>
<arg>KY</arg>
<arg>KZ</arg>
<arg>LA</arg>
<arg>LB</arg>
<arg>LC</arg>
<arg>LI</arg>
<arg>LK</arg>
<arg>LR</arg>
<arg>LS</arg>
<arg>LT</arg>
<arg>LU</arg>
<arg>LV</arg>
<arg>LY</arg>
<arg>MA</arg>
<arg>MC</arg>
<arg>MD</arg>
<arg>ME</arg>
<arg>MF</arg>
<arg>MG</arg>
<arg>MH</arg>
<arg>MK</arg>
<arg>ML</arg>
<arg>MM</arg>
<arg>MN</arg>
<arg>MO</arg>
<arg>MP</arg>
<arg>MQ</arg>
<arg>MR</arg>
<arg>MS</arg>
<arg>MT</arg>
<arg>MU</arg>
<arg>MV</arg>
<arg>MW</arg>
<arg>MX</arg>
<arg>MY</arg>
<arg>MZ</arg>
<arg>NA</arg>
<arg>NC</arg>
<arg>NE</arg>
<arg>NF</arg>
<arg>NG</arg>
<arg>NI</arg>
<arg>NL</arg>
<arg>NO</arg>
<arg>NP</arg>
<arg>NR</arg>
<arg>NU</arg>
<arg>NZ</arg>
<arg>OM</arg>
<arg>PA</arg>
<arg>PE</arg>
<arg>PF</arg>
<arg>PG</arg>
<arg>PH</arg>
<arg>PK</arg>
<arg>PL</arg>
<arg>PM</arg>
<arg>PN</arg>
<arg>PR</arg>
<arg>PS</arg>
<arg>PT</arg>
<arg>PW</arg>
<arg>PY</arg>
<arg>QA</arg>
<arg>RE</arg>
<arg>RO</arg>
<arg>RS</arg>
<arg>RU</arg>
<arg>RW</arg>
<arg>SA</arg>
<arg>SB</arg>
<arg>SC</arg>
<arg>SD</arg>
<arg>SE</arg>
<arg>SG</arg>
<arg>SH</arg>
<arg>SI</arg>
<arg>SJ</arg>
<arg>SK</arg>
<arg>SL</arg>
<arg>SM</arg>
<arg>SN</arg>
<arg>SO</arg>
<arg>SR</arg>
<arg>SS</arg>
<arg>ST</arg>
<arg>SV</arg>
<arg>SX</arg>
<arg>SY</arg>
<arg>SZ</arg>
<arg>TC</arg>
<arg>TD</arg>
<arg>TF</arg>
<arg>TG</arg>
<arg>TH</arg>
<arg>TJ</arg>
<arg>TK</arg>
<arg>TL</arg>
<arg>TM</arg>
<arg>TN</arg>
<arg>TO</arg>
<arg>TR</arg>
<arg>TT</arg>
<arg>TV</arg>
<arg>TW</arg>
<arg>TZ</arg>
<arg>UA</arg>
<arg>UG</arg>
<arg>UM</arg>
<arg>US</arg>
<arg>UY</arg>
<arg>UZ</arg>
<arg>VA</arg>
<arg>VC</arg>
<arg>VE</arg>
<arg>VG</arg>
<arg>VI</arg>
<arg>VN</arg>
<arg>VU</arg>
<arg>WF</arg>
<arg>WS</arg>
<arg>XK</arg>
<arg>YE</arg>
<arg>YT</arg>
<arg>ZA</arg>
<arg>ZM</arg>
<arg>ZW</arg>
<doc>Returns a list containing given items.</doc>
<status status="PASS" start="2024-05-02T01:00:49.793008" elapsed="0.000620"/>
</kw>
<kw name="List Should Contain Value" owner="Collections">
<msg time="2024-05-02T01:00:49.794656" level="INFO">False</msg>
<arg>${list_country}</arg>
<arg>${name_country}</arg>
<doc>Fails if the ``value`` is not found from ``list``.</doc>
<status status="PASS" start="2024-05-02T01:00:49.794454" elapsed="0.000238"/>
</kw>
<kw name="Run Keyword If" owner="BuiltIn">
<kw name="Should Be True" owner="BuiltIn">
<arg>${True}</arg>
<doc>Fails if the given condition is not true.</doc>
<status status="PASS" start="2024-05-02T01:00:49.795762" elapsed="0.000250"/>
</kw>
<arg>${json_data["results"][0]["location"]["coordinates"]["latitude"]} &gt;= -90 and ${json_data["results"][0]["location"]["coordinates"]["latitude"]} &lt;= 90</arg>
<arg>Should Be True</arg>
<arg>${True}</arg>
<doc>Runs the given keyword with the given arguments, if ``condition`` is true.</doc>
<status status="PASS" start="2024-05-02T01:00:49.794998" elapsed="0.001146"/>
</kw>
<kw name="Run Keyword If" owner="BuiltIn">
<kw name="Should Be True" owner="BuiltIn">
<arg>${True}</arg>
<doc>Fails if the given condition is not true.</doc>
<status status="PASS" start="2024-05-02T01:00:49.797064" elapsed="0.000140"/>
</kw>
<arg>${json_data["results"][0]["location"]["coordinates"]["longitude"]} &gt;= -180 and ${json_data["results"][0]["location"]["coordinates"]["longitude"]} &lt;= 180</arg>
<arg>Should Be True</arg>
<arg>${True}</arg>
<doc>Runs the given keyword with the given arguments, if ``condition`` is true.</doc>
<status status="PASS" start="2024-05-02T01:00:49.796331" elapsed="0.000996"/>
</kw>
<status status="PASS" start="2024-05-02T01:00:49.730149" elapsed="0.067306"/>
</kw>
<doc>Testa o conteúdo específico dos campos retornados pela API.</doc>
<tag>testeConteudo</tag>
<status status="PASS" start="2024-05-02T01:00:49.729677" elapsed="0.067920"/>
</test>
<status status="PASS" start="2024-05-02T01:00:48.556111" elapsed="1.243462"/>
</suite>
<status status="PASS" start="2024-05-02T01:00:48.542282" elapsed="1.262456"/>
</suite>
<statistics>
<total>
<stat pass="5" fail="0" skip="0">All Tests</stat>
</total>
<tag>
<stat pass="1" fail="0" skip="0">testeConteudo</stat>
<stat pass="1" fail="0" skip="0">testeEstruturaResposta</stat>
<stat pass="1" fail="0" skip="0">testeRequisicaoBasica</stat>
<stat pass="1" fail="0" skip="0">testeTiposDados</stat>
</tag>
<suite>
<stat pass="5" fail="0" skip="0" id="s1" name="Tests">Tests</stat>
<stat pass="5" fail="0" skip="0" id="s1-s1" name="Random-User-Test">Tests.Random-User-Test</stat>
</suite>
</statistics>
<errors>
</errors>
</robot>
