<?xml version="1.0" encoding="UTF-8"?>
<robot generator="Robot 7.0.1 (Python 3.12.4 on linux)" generated="2024-07-09T12:30:00.551858" rpa="false" schemaversion="5">
<suite id="s1" name="Tests" source="/home/runner/work/ApiRandomUser/ApiRandomUser/RamdonUser/tests">
<suite id="s1-s1" name="Random-User-Test" source="/home/runner/work/ApiRandomUser/ApiRandomUser/RamdonUser/tests/random-user-test.robot">
<test id="s1-s1-t1" name="Conectar" line="13">
<kw name="Conectar API" owner="random-user-service">
<kw name="Create Session" owner="RequestsLibrary">
<msg time="2024-07-09T12:30:00.936458" level="INFO">Creating Session using : alias=consultarAPI, url=https://randomuser.me/, headers={},                     cookies={}, auth=None, timeout=None, proxies=None, verify=False,                     debug=0 </msg>
<arg>consultarAPI</arg>
<arg>${URL}</arg>
<doc>Create Session: create a HTTP session to a server</doc>
<status status="PASS" start="2024-07-09T12:30:00.936250" elapsed="0.000383"/>
</kw>
<status status="PASS" start="2024-07-09T12:30:00.935301" elapsed="0.001677"/>
</kw>
<status status="PASS" start="2024-07-09T12:30:00.934739" elapsed="0.002427"/>
</test>
<test id="s1-s1-t2" name="Validar retorno 200 e JSON Válido" line="16">
<kw name="Teste de Requisicao Basica" owner="random-user-service">
<kw name="GET On Session" owner="RequestsLibrary">
<msg time="2024-07-09T12:30:01.114455" level="INFO">GET Request : url=https://randomuser.me/api 
 path_url=/api 
 headers={'User-Agent': 'python-requests/2.32.3', 'Accept-Encoding': 'gzip, deflate', 'Accept': '*/*', 'Connection': 'keep-alive'} 
 body=None 
 </msg>
<msg time="2024-07-09T12:30:01.114565" level="INFO">GET Response : url=https://randomuser.me/api 
 status=200, reason=OK 
 headers={'Date': 'Tue, 09 Jul 2024 12:30:01 GMT', 'Content-Type': 'application/json; charset=utf-8', 'Transfer-Encoding': 'chunked', 'Connection': 'keep-alive', 'X-Powered-By': 'Express', 'Access-Control-Allow-Origin': '*', 'Cache-Control': 'no-cache', 'ETag': 'W/"499-gGyjgLO2tEFZ5nrXVyls/jurjgY"', 'Vary': 'Accept-Encoding', 'Content-Encoding': 'gzip', 'CF-Cache-Status': 'DYNAMIC', 'Report-To': '{"endpoints":[{"url":"https:\\/\\/a.nel.cloudflare.com\\/report\\/v4?s=WBkGgZAfXA3uIZ28DWYZD%2BlfUzJ1bJyiZph8hnL1E088zbnBhWTtG34AExF1D%2FE9EKfuOQ9vNHG4xTQblVEyO6lEmFSg289UQEEVJ%2F7Hcm5ITE07%2ByYuSEwS3H%2BQxn4b"}],"group":"cf-nel","max_age":604800}', 'NEL': '{"success_fraction":0,"report_to":"cf-nel","max_age":604800}', 'Server': 'cloudflare', 'CF-RAY': '8a0852a87f2f8117-ORD', 'alt-svc': 'h3=":443"; ma=86400'} 
 body={"results":[{"gender":"female","name":{"title":"Ms","first":"Jadey","last":"De Nooij"},"location":{"street":{"number":5461,"name":"De Wyjert"},"city":"Wormer","state":"Overijssel","country":"Netherlands","postcode":"3367 DM","coordinates":{"latitude":"37.8831","longitude":"93.7268"},"timezone":{"offset":"+9:00","description":"Tokyo, Seoul, Osaka, Sapporo, Yakutsk"}},"email":"jadey.denooij@example.com","login":{"uuid":"62ee86fb-56f3-4f2b-a046-d68af957f2e1","username":"greensnake454","password":"doubled","salt":"A8n9kUyd","md5":"e3a912f28a8b007bd75e0157a0c3cec6","sha1":"3c68ab5b1b32724ef2fec30e7325c4a9cd10eb56","sha256":"23d0f4cd9922c3e1a4fc18853d14e2c2ad016337b1926379f842291d6f777022"},"dob":{"date":"1974-05-01T09:59:32.036Z","age":50},"registered":{"date":"2015-05-29T16:01:47.489Z","age":9},"phone":"(063) 4918078","cell":"(06) 50045427","id":{"name":"BSN","value":"49239196"},"picture":{"large":"https://randomuser.me/api/portraits/women/93.jpg","medium":"https://randomuser.me/api/portraits/med/women/93.jpg","thumbnail":"https://randomuser.me/api/portraits/thumb/women/93.jpg"},"nat":"NL"}],"info":{"seed":"3e6b08fbfd81392a","results":1,"page":1,"version":"1.4"}} 
 </msg>
<msg time="2024-07-09T12:30:01.114635" level="INFO">/opt/hostedtoolcache/Python/3.12.4/x64/lib/python3.12/site-packages/urllib3/connectionpool.py:1099: InsecureRequestWarning: Unverified HTTPS request is being made to host 'randomuser.me'. Adding certificate verification is strongly advised. See: https://urllib3.readthedocs.io/en/latest/advanced-usage.html#tls-warnings
  warnings.warn(</msg>
<msg time="2024-07-09T12:30:01.114766" level="INFO">${response} = &lt;Response [200]&gt;</msg>
<var>${response}</var>
<arg>consultarAPI</arg>
<arg>/api</arg>
<doc>Sends a GET request on a previously created HTTP Session.</doc>
<status status="PASS" start="2024-07-09T12:30:00.939849" elapsed="0.174959"/>
</kw>
<kw name="Should Be Equal As Numbers" owner="BuiltIn">
<msg time="2024-07-09T12:30:01.115649" level="INFO">Argument types are:
&lt;class 'int'&gt;
&lt;class 'str'&gt;</msg>
<arg>${response.status_code}</arg>
<arg>200</arg>
<doc>Fails if objects are unequal after converting them to real numbers.</doc>
<status status="PASS" start="2024-07-09T12:30:01.115211" elapsed="0.000503"/>
</kw>
<kw name="Log" owner="BuiltIn">
<msg time="2024-07-09T12:30:01.116398" level="INFO">200</msg>
<arg>${response.status_code}</arg>
<doc>Logs the given message with the given level.</doc>
<status status="PASS" start="2024-07-09T12:30:01.116037" elapsed="0.000405"/>
</kw>
<kw name="Set Variable" owner="BuiltIn">
<msg time="2024-07-09T12:30:01.117185" level="INFO">${json_data} = {'results': [{'gender': 'female', 'name': {'title': 'Ms', 'first': 'Jadey', 'last': 'De Nooij'}, 'location': {'street': {'number': 5461, 'name': 'De Wyjert'}, 'city': 'Wormer', 'state': 'Overijssel', ...</msg>
<var>${json_data}</var>
<arg>${response.json()}</arg>
<doc>Returns the given values which can then be assigned to a variables.</doc>
<status status="PASS" start="2024-07-09T12:30:01.116751" elapsed="0.000463"/>
</kw>
<kw name="Dictionary Should Contain Key" owner="Collections">
<arg>${json_data}</arg>
<arg>results</arg>
<doc>Fails if ``key`` is not found from ``dictionary``.</doc>
<status status="PASS" start="2024-07-09T12:30:01.117513" elapsed="0.000166"/>
</kw>
<status status="PASS" start="2024-07-09T12:30:00.939598" elapsed="0.178226"/>
</kw>
<doc>Testa se a API responde corretamente e retorna um objeto JSON válido.</doc>
<tag>testeRequisicaoBasica</tag>
<status status="PASS" start="2024-07-09T12:30:00.939052" elapsed="0.178936"/>
</test>
<test id="s1-s1-t3" name="Validar estrutura de resposta" line="22">
<kw name="Teste de Estrutura de Resposta" owner="random-user-service">
<kw name="GET On Session" owner="RequestsLibrary">
<msg time="2024-07-09T12:30:01.210915" level="INFO">GET Request : url=https://randomuser.me/api 
 path_url=/api 
 headers={'User-Agent': 'python-requests/2.32.3', 'Accept-Encoding': 'gzip, deflate', 'Accept': '*/*', 'Connection': 'keep-alive'} 
 body=None 
 </msg>
<msg time="2024-07-09T12:30:01.211004" level="INFO">GET Response : url=https://randomuser.me/api 
 status=200, reason=OK 
 headers={'Date': 'Tue, 09 Jul 2024 12:30:01 GMT', 'Content-Type': 'application/json; charset=utf-8', 'Transfer-Encoding': 'chunked', 'Connection': 'keep-alive', 'X-Powered-By': 'Express', 'Access-Control-Allow-Origin': '*', 'Cache-Control': 'no-cache', 'ETag': 'W/"499-0qhVMfJBGooaCwUb0usZX/zblHQ"', 'Vary': 'Accept-Encoding', 'Content-Encoding': 'gzip', 'CF-Cache-Status': 'DYNAMIC', 'Report-To': '{"endpoints":[{"url":"https:\\/\\/a.nel.cloudflare.com\\/report\\/v4?s=0geAvBiBLzjRDsH7iUaK5625zDvc23Q%2Fgy55g214FEw6b7v5Abc%2BxezW4e%2B4dksdbtWYiBt%2BzzoE0AOlRHV9cP08hMmd78yyQxQcjyQ0tEWmcZVI8poWZ2YavcvjKVjJ"}],"group":"cf-nel","max_age":604800}', 'NEL': '{"success_fraction":0,"report_to":"cf-nel","max_age":604800}', 'Server': 'cloudflare', 'CF-RAY': '8a0852a90f948117-ORD', 'alt-svc': 'h3=":443"; ma=86400'} 
 body={"results":[{"gender":"female","name":{"title":"Ms","first":"Shahistha","last":"Bhardwaj"},"location":{"street":{"number":1958,"name":"Shivajinagar"},"city":"Srinagar","state":"Dadra and Nagar Haveli","country":"India","postcode":51713,"coordinates":{"latitude":"5.9748","longitude":"32.2193"},"timezone":{"offset":"+7:00","description":"Bangkok, Hanoi, Jakarta"}},"email":"shahistha.bhardwaj@example.com","login":{"uuid":"b2fd3ee3-79b4-498e-a3e1-63613da4922b","username":"biggoose293","password":"tristan","salt":"LSpKG55m","md5":"72e7b95ed90342d6357a2a248591f5d9","sha1":"658e0f4ed655388c353596a8056346b0bcd29009","sha256":"4ac50a633cac0b1de5ef78b3d4c8aff9642053562d42a0fb49c39b29b59c6bde"},"dob":{"date":"1968-08-25T02:19:16.096Z","age":55},"registered":{"date":"2004-04-15T08:31:47.214Z","age":20},"phone":"9625117399","cell":"7478301302","id":{"name":"UIDAI","value":"527158337517"},"picture":{"large":"https://randomuser.me/api/portraits/women/19.jpg","medium":"https://randomuser.me/api/portraits/med/women/19.jpg","thumbnail":"https://randomuser.me/api/portraits/thumb/women/19.jpg"},"nat":"IN"}],"info":{"seed":"97cf50af4f3ba042","results":1,"page":1,"version":"1.4"}} 
 </msg>
<msg time="2024-07-09T12:30:01.211137" level="INFO">/opt/hostedtoolcache/Python/3.12.4/x64/lib/python3.12/site-packages/urllib3/connectionpool.py:1099: InsecureRequestWarning: Unverified HTTPS request is being made to host 'randomuser.me'. Adding certificate verification is strongly advised. See: https://urllib3.readthedocs.io/en/latest/advanced-usage.html#tls-warnings
  warnings.warn(</msg>
<msg time="2024-07-09T12:30:01.211285" level="INFO">${response} = &lt;Response [200]&gt;</msg>
<var>${response}</var>
<arg>consultarAPI</arg>
<arg>/api</arg>
<doc>Sends a GET request on a previously created HTTP Session.</doc>
<status status="PASS" start="2024-07-09T12:30:01.120553" elapsed="0.090791"/>
</kw>
<kw name="Set Variable" owner="BuiltIn">
<msg time="2024-07-09T12:30:01.212213" level="INFO">${json_data} = {'results': [{'gender': 'female', 'name': {'title': 'Ms', 'first': 'Shahistha', 'last': 'Bhardwaj'}, 'location': {'street': {'number': 1958, 'name': 'Shivajinagar'}, 'city': 'Srinagar', 'state': 'Dadr...</msg>
<var>${json_data}</var>
<arg>${response.json()}</arg>
<doc>Returns the given values which can then be assigned to a variables.</doc>
<status status="PASS" start="2024-07-09T12:30:01.211762" elapsed="0.000479"/>
</kw>
<kw name="Log" owner="BuiltIn">
<msg time="2024-07-09T12:30:01.212733" level="INFO">{'results': [{'gender': 'female', 'name': {'title': 'Ms', 'first': 'Shahistha', 'last': 'Bhardwaj'}, 'location': {'street': {'number': 1958, 'name': 'Shivajinagar'}, 'city': 'Srinagar', 'state': 'Dadra and Nagar Haveli', 'country': 'India', 'postcode': 51713, 'coordinates': {'latitude': '5.9748', 'longitude': '32.2193'}, 'timezone': {'offset': '+7:00', 'description': 'Bangkok, Hanoi, Jakarta'}}, 'email': 'shahistha.bhardwaj@example.com', 'login': {'uuid': 'b2fd3ee3-79b4-498e-a3e1-63613da4922b', 'username': 'biggoose293', 'password': 'tristan', 'salt': 'LSpKG55m', 'md5': '72e7b95ed90342d6357a2a248591f5d9', 'sha1': '658e0f4ed655388c353596a8056346b0bcd29009', 'sha256': '4ac50a633cac0b1de5ef78b3d4c8aff9642053562d42a0fb49c39b29b59c6bde'}, 'dob': {'date': '1968-08-25T02:19:16.096Z', 'age': 55}, 'registered': {'date': '2004-04-15T08:31:47.214Z', 'age': 20}, 'phone': '9625117399', 'cell': '7478301302', 'id': {'name': 'UIDAI', 'value': '527158337517'}, 'picture': {'large': 'https://randomuser.me/api/portraits/women/19.jpg', 'medium': 'https://randomuser.me/api/portraits/med/women/19.jpg', 'thumbnail': 'https://randomuser.me/api/portraits/thumb/women/19.jpg'}, 'nat': 'IN'}], 'info': {'seed': '97cf50af4f3ba042', 'results': 1, 'page': 1, 'version': '1.4'}}</msg>
<arg>${json_data}</arg>
<doc>Logs the given message with the given level.</doc>
<status status="PASS" start="2024-07-09T12:30:01.212570" elapsed="0.000213"/>
</kw>
<kw name="Dictionary Should Contain Key" owner="Collections">
<arg>${json_data}</arg>
<arg>results</arg>
<doc>Fails if ``key`` is not found from ``dictionary``.</doc>
<status status="PASS" start="2024-07-09T12:30:01.213076" elapsed="0.000153"/>
</kw>
<kw name="Should Not Be Empty" owner="BuiltIn">
<msg time="2024-07-09T12:30:01.213548" level="INFO">Length is 2.</msg>
<arg>${json_data}</arg>
<doc>Verifies that the given item is not empty.</doc>
<status status="PASS" start="2024-07-09T12:30:01.213416" elapsed="0.000172"/>
</kw>
<kw name="Create List" owner="BuiltIn">
<msg time="2024-07-09T12:30:01.214146" level="INFO">${expected_keys} = ['gender', 'name', 'location', 'email', 'login']</msg>
<var>${expected_keys}</var>
<arg>gender</arg>
<arg>name</arg>
<arg>location</arg>
<arg>email</arg>
<arg>login</arg>
<doc>Returns a list containing given items.</doc>
<status status="PASS" start="2024-07-09T12:30:01.213875" elapsed="0.000297"/>
</kw>
<for flavor="IN">
<iter>
<kw name="Dictionary Should Contain Key" owner="Collections">
<arg>${json_data['results'][0]}</arg>
<arg>${key}</arg>
<doc>Fails if ``key`` is not found from ``dictionary``.</doc>
<status status="PASS" start="2024-07-09T12:30:01.214741" elapsed="0.000398"/>
</kw>
<kw name="Log" owner="BuiltIn">
<msg time="2024-07-09T12:30:01.215725" level="INFO">{'gender': 'female', 'name': {'title': 'Ms', 'first': 'Shahistha', 'last': 'Bhardwaj'}, 'location': {'street': {'number': 1958, 'name': 'Shivajinagar'}, 'city': 'Srinagar', 'state': 'Dadra and Nagar Haveli', 'country': 'India', 'postcode': 51713, 'coordinates': {'latitude': '5.9748', 'longitude': '32.2193'}, 'timezone': {'offset': '+7:00', 'description': 'Bangkok, Hanoi, Jakarta'}}, 'email': 'shahistha.bhardwaj@example.com', 'login': {'uuid': 'b2fd3ee3-79b4-498e-a3e1-63613da4922b', 'username': 'biggoose293', 'password': 'tristan', 'salt': 'LSpKG55m', 'md5': '72e7b95ed90342d6357a2a248591f5d9', 'sha1': '658e0f4ed655388c353596a8056346b0bcd29009', 'sha256': '4ac50a633cac0b1de5ef78b3d4c8aff9642053562d42a0fb49c39b29b59c6bde'}, 'dob': {'date': '1968-08-25T02:19:16.096Z', 'age': 55}, 'registered': {'date': '2004-04-15T08:31:47.214Z', 'age': 20}, 'phone': '9625117399', 'cell': '7478301302', 'id': {'name': 'UIDAI', 'value': '527158337517'}, 'picture': {'large': 'https://randomuser.me/api/portraits/women/19.jpg', 'medium': 'https://randomuser.me/api/portraits/med/women/19.jpg', 'thumbnail': 'https://randomuser.me/api/portraits/thumb/women/19.jpg'}, 'nat': 'IN'}</msg>
<arg>${json_data['results'][0]}</arg>
<doc>Logs the given message with the given level.</doc>
<status status="PASS" start="2024-07-09T12:30:01.215325" elapsed="0.000451"/>
</kw>
<kw name="Log" owner="BuiltIn">
<msg time="2024-07-09T12:30:01.216211" level="INFO">gender</msg>
<arg>${key}</arg>
<doc>Logs the given message with the given level.</doc>
<status status="PASS" start="2024-07-09T12:30:01.216081" elapsed="0.000170"/>
</kw>
<var name="${key}">gender</var>
<status status="PASS" start="2024-07-09T12:30:01.214614" elapsed="0.001854"/>
</iter>
<iter>
<kw name="Dictionary Should Contain Key" owner="Collections">
<arg>${json_data['results'][0]}</arg>
<arg>${key}</arg>
<doc>Fails if ``key`` is not found from ``dictionary``.</doc>
<status status="PASS" start="2024-07-09T12:30:01.216769" elapsed="0.000391"/>
</kw>
<kw name="Log" owner="BuiltIn">
<msg time="2024-07-09T12:30:01.217692" level="INFO">{'gender': 'female', 'name': {'title': 'Ms', 'first': 'Shahistha', 'last': 'Bhardwaj'}, 'location': {'street': {'number': 1958, 'name': 'Shivajinagar'}, 'city': 'Srinagar', 'state': 'Dadra and Nagar Haveli', 'country': 'India', 'postcode': 51713, 'coordinates': {'latitude': '5.9748', 'longitude': '32.2193'}, 'timezone': {'offset': '+7:00', 'description': 'Bangkok, Hanoi, Jakarta'}}, 'email': 'shahistha.bhardwaj@example.com', 'login': {'uuid': 'b2fd3ee3-79b4-498e-a3e1-63613da4922b', 'username': 'biggoose293', 'password': 'tristan', 'salt': 'LSpKG55m', 'md5': '72e7b95ed90342d6357a2a248591f5d9', 'sha1': '658e0f4ed655388c353596a8056346b0bcd29009', 'sha256': '4ac50a633cac0b1de5ef78b3d4c8aff9642053562d42a0fb49c39b29b59c6bde'}, 'dob': {'date': '1968-08-25T02:19:16.096Z', 'age': 55}, 'registered': {'date': '2004-04-15T08:31:47.214Z', 'age': 20}, 'phone': '9625117399', 'cell': '7478301302', 'id': {'name': 'UIDAI', 'value': '527158337517'}, 'picture': {'large': 'https://randomuser.me/api/portraits/women/19.jpg', 'medium': 'https://randomuser.me/api/portraits/med/women/19.jpg', 'thumbnail': 'https://randomuser.me/api/portraits/thumb/women/19.jpg'}, 'nat': 'IN'}</msg>
<arg>${json_data['results'][0]}</arg>
<doc>Logs the given message with the given level.</doc>
<status status="PASS" start="2024-07-09T12:30:01.217342" elapsed="0.000432"/>
</kw>
<kw name="Log" owner="BuiltIn">
<msg time="2024-07-09T12:30:01.218204" level="INFO">name</msg>
<arg>${key}</arg>
<doc>Logs the given message with the given level.</doc>
<status status="PASS" start="2024-07-09T12:30:01.218076" elapsed="0.000167"/>
</kw>
<var name="${key}">name</var>
<status status="PASS" start="2024-07-09T12:30:01.216655" elapsed="0.001806"/>
</iter>
<iter>
<kw name="Dictionary Should Contain Key" owner="Collections">
<arg>${json_data['results'][0]}</arg>
<arg>${key}</arg>
<doc>Fails if ``key`` is not found from ``dictionary``.</doc>
<status status="PASS" start="2024-07-09T12:30:01.218746" elapsed="0.000383"/>
</kw>
<kw name="Log" owner="BuiltIn">
<msg time="2024-07-09T12:30:01.219694" level="INFO">{'gender': 'female', 'name': {'title': 'Ms', 'first': 'Shahistha', 'last': 'Bhardwaj'}, 'location': {'street': {'number': 1958, 'name': 'Shivajinagar'}, 'city': 'Srinagar', 'state': 'Dadra and Nagar Haveli', 'country': 'India', 'postcode': 51713, 'coordinates': {'latitude': '5.9748', 'longitude': '32.2193'}, 'timezone': {'offset': '+7:00', 'description': 'Bangkok, Hanoi, Jakarta'}}, 'email': 'shahistha.bhardwaj@example.com', 'login': {'uuid': 'b2fd3ee3-79b4-498e-a3e1-63613da4922b', 'username': 'biggoose293', 'password': 'tristan', 'salt': 'LSpKG55m', 'md5': '72e7b95ed90342d6357a2a248591f5d9', 'sha1': '658e0f4ed655388c353596a8056346b0bcd29009', 'sha256': '4ac50a633cac0b1de5ef78b3d4c8aff9642053562d42a0fb49c39b29b59c6bde'}, 'dob': {'date': '1968-08-25T02:19:16.096Z', 'age': 55}, 'registered': {'date': '2004-04-15T08:31:47.214Z', 'age': 20}, 'phone': '9625117399', 'cell': '7478301302', 'id': {'name': 'UIDAI', 'value': '527158337517'}, 'picture': {'large': 'https://randomuser.me/api/portraits/women/19.jpg', 'medium': 'https://randomuser.me/api/portraits/med/women/19.jpg', 'thumbnail': 'https://randomuser.me/api/portraits/thumb/women/19.jpg'}, 'nat': 'IN'}</msg>
<arg>${json_data['results'][0]}</arg>
<doc>Logs the given message with the given level.</doc>
<status status="PASS" start="2024-07-09T12:30:01.219310" elapsed="0.000433"/>
</kw>
<kw name="Log" owner="BuiltIn">
<msg time="2024-07-09T12:30:01.220173" level="INFO">location</msg>
<arg>${key}</arg>
<doc>Logs the given message with the given level.</doc>
<status status="PASS" start="2024-07-09T12:30:01.220045" elapsed="0.000167"/>
</kw>
<var name="${key}">location</var>
<status status="PASS" start="2024-07-09T12:30:01.218638" elapsed="0.001793"/>
</iter>
<iter>
<kw name="Dictionary Should Contain Key" owner="Collections">
<arg>${json_data['results'][0]}</arg>
<arg>${key}</arg>
<doc>Fails if ``key`` is not found from ``dictionary``.</doc>
<status status="PASS" start="2024-07-09T12:30:01.220711" elapsed="0.000389"/>
</kw>
<kw name="Log" owner="BuiltIn">
<msg time="2024-07-09T12:30:01.221650" level="INFO">{'gender': 'female', 'name': {'title': 'Ms', 'first': 'Shahistha', 'last': 'Bhardwaj'}, 'location': {'street': {'number': 1958, 'name': 'Shivajinagar'}, 'city': 'Srinagar', 'state': 'Dadra and Nagar Haveli', 'country': 'India', 'postcode': 51713, 'coordinates': {'latitude': '5.9748', 'longitude': '32.2193'}, 'timezone': {'offset': '+7:00', 'description': 'Bangkok, Hanoi, Jakarta'}}, 'email': 'shahistha.bhardwaj@example.com', 'login': {'uuid': 'b2fd3ee3-79b4-498e-a3e1-63613da4922b', 'username': 'biggoose293', 'password': 'tristan', 'salt': 'LSpKG55m', 'md5': '72e7b95ed90342d6357a2a248591f5d9', 'sha1': '658e0f4ed655388c353596a8056346b0bcd29009', 'sha256': '4ac50a633cac0b1de5ef78b3d4c8aff9642053562d42a0fb49c39b29b59c6bde'}, 'dob': {'date': '1968-08-25T02:19:16.096Z', 'age': 55}, 'registered': {'date': '2004-04-15T08:31:47.214Z', 'age': 20}, 'phone': '9625117399', 'cell': '7478301302', 'id': {'name': 'UIDAI', 'value': '527158337517'}, 'picture': {'large': 'https://randomuser.me/api/portraits/women/19.jpg', 'medium': 'https://randomuser.me/api/portraits/med/women/19.jpg', 'thumbnail': 'https://randomuser.me/api/portraits/thumb/women/19.jpg'}, 'nat': 'IN'}</msg>
<arg>${json_data['results'][0]}</arg>
<doc>Logs the given message with the given level.</doc>
<status status="PASS" start="2024-07-09T12:30:01.221296" elapsed="0.000403"/>
</kw>
<kw name="Log" owner="BuiltIn">
<msg time="2024-07-09T12:30:01.222127" level="INFO">email</msg>
<arg>${key}</arg>
<doc>Logs the given message with the given level.</doc>
<status status="PASS" start="2024-07-09T12:30:01.222000" elapsed="0.000166"/>
</kw>
<var name="${key}">email</var>
<status status="PASS" start="2024-07-09T12:30:01.220604" elapsed="0.001775"/>
</iter>
<iter>
<kw name="Dictionary Should Contain Key" owner="Collections">
<arg>${json_data['results'][0]}</arg>
<arg>${key}</arg>
<doc>Fails if ``key`` is not found from ``dictionary``.</doc>
<status status="PASS" start="2024-07-09T12:30:01.222672" elapsed="0.000392"/>
</kw>
<kw name="Log" owner="BuiltIn">
<msg time="2024-07-09T12:30:01.223631" level="INFO">{'gender': 'female', 'name': {'title': 'Ms', 'first': 'Shahistha', 'last': 'Bhardwaj'}, 'location': {'street': {'number': 1958, 'name': 'Shivajinagar'}, 'city': 'Srinagar', 'state': 'Dadra and Nagar Haveli', 'country': 'India', 'postcode': 51713, 'coordinates': {'latitude': '5.9748', 'longitude': '32.2193'}, 'timezone': {'offset': '+7:00', 'description': 'Bangkok, Hanoi, Jakarta'}}, 'email': 'shahistha.bhardwaj@example.com', 'login': {'uuid': 'b2fd3ee3-79b4-498e-a3e1-63613da4922b', 'username': 'biggoose293', 'password': 'tristan', 'salt': 'LSpKG55m', 'md5': '72e7b95ed90342d6357a2a248591f5d9', 'sha1': '658e0f4ed655388c353596a8056346b0bcd29009', 'sha256': '4ac50a633cac0b1de5ef78b3d4c8aff9642053562d42a0fb49c39b29b59c6bde'}, 'dob': {'date': '1968-08-25T02:19:16.096Z', 'age': 55}, 'registered': {'date': '2004-04-15T08:31:47.214Z', 'age': 20}, 'phone': '9625117399', 'cell': '7478301302', 'id': {'name': 'UIDAI', 'value': '527158337517'}, 'picture': {'large': 'https://randomuser.me/api/portraits/women/19.jpg', 'medium': 'https://randomuser.me/api/portraits/med/women/19.jpg', 'thumbnail': 'https://randomuser.me/api/portraits/thumb/women/19.jpg'}, 'nat': 'IN'}</msg>
<arg>${json_data['results'][0]}</arg>
<doc>Logs the given message with the given level.</doc>
<status status="PASS" start="2024-07-09T12:30:01.223245" elapsed="0.000434"/>
</kw>
<kw name="Log" owner="BuiltIn">
<msg time="2024-07-09T12:30:01.224101" level="INFO">login</msg>
<arg>${key}</arg>
<doc>Logs the given message with the given level.</doc>
<status status="PASS" start="2024-07-09T12:30:01.223973" elapsed="0.000166"/>
</kw>
<var name="${key}">login</var>
<status status="PASS" start="2024-07-09T12:30:01.222554" elapsed="0.001797"/>
</iter>
<var>${key}</var>
<value>@{expected_keys}</value>
<status status="PASS" start="2024-07-09T12:30:01.214431" elapsed="0.010043"/>
</for>
<kw name="Create List" owner="BuiltIn">
<msg time="2024-07-09T12:30:01.224835" level="INFO">${expected_keysTwo} = ['username', 'password']</msg>
<var>${expected_keysTwo}</var>
<arg>username</arg>
<arg>password</arg>
<doc>Returns a list containing given items.</doc>
<status status="PASS" start="2024-07-09T12:30:01.224663" elapsed="0.000197"/>
</kw>
<for flavor="IN">
<iter>
<kw name="Dictionary Should Contain Key" owner="Collections">
<arg>${json_data['results'][0]['login']}</arg>
<arg>${keyTwo}</arg>
<doc>Fails if ``key`` is not found from ``dictionary``.</doc>
<status status="PASS" start="2024-07-09T12:30:01.225360" elapsed="0.000389"/>
</kw>
<kw name="Dictionary Should Contain Key" owner="Collections">
<arg>${json_data['results'][0]['login']}</arg>
<arg>${keyTwo}</arg>
<doc>Fails if ``key`` is not found from ``dictionary``.</doc>
<status status="PASS" start="2024-07-09T12:30:01.225930" elapsed="0.000373"/>
</kw>
<kw name="Log" owner="BuiltIn">
<msg time="2024-07-09T12:30:01.226607" level="INFO">username</msg>
<arg>${keyTwo}</arg>
<doc>Logs the given message with the given level.</doc>
<status status="PASS" start="2024-07-09T12:30:01.226486" elapsed="0.000159"/>
</kw>
<var name="${keyTwo}">username</var>
<status status="PASS" start="2024-07-09T12:30:01.225251" elapsed="0.001611"/>
</iter>
<iter>
<kw name="Dictionary Should Contain Key" owner="Collections">
<arg>${json_data['results'][0]['login']}</arg>
<arg>${keyTwo}</arg>
<doc>Fails if ``key`` is not found from ``dictionary``.</doc>
<status status="PASS" start="2024-07-09T12:30:01.227139" elapsed="0.000426"/>
</kw>
<kw name="Dictionary Should Contain Key" owner="Collections">
<arg>${json_data['results'][0]['login']}</arg>
<arg>${keyTwo}</arg>
<doc>Fails if ``key`` is not found from ``dictionary``.</doc>
<status status="PASS" start="2024-07-09T12:30:01.227750" elapsed="0.000377"/>
</kw>
<kw name="Log" owner="BuiltIn">
<msg time="2024-07-09T12:30:01.228423" level="INFO">password</msg>
<arg>${keyTwo}</arg>
<doc>Logs the given message with the given level.</doc>
<status status="PASS" start="2024-07-09T12:30:01.228303" elapsed="0.000164"/>
</kw>
<var name="${keyTwo}">password</var>
<status status="PASS" start="2024-07-09T12:30:01.227033" elapsed="0.001747"/>
</iter>
<var>${keyTwo}</var>
<value>@{expected_keysTwo}</value>
<status status="PASS" start="2024-07-09T12:30:01.225099" elapsed="0.003804"/>
</for>
<status status="PASS" start="2024-07-09T12:30:01.120323" elapsed="0.108716"/>
</kw>
<doc>Testa a estrutura da resposta da API.</doc>
<tag>testeEstruturaResposta</tag>
<status status="PASS" start="2024-07-09T12:30:01.119851" elapsed="0.109331"/>
</test>
<test id="s1-s1-t4" name="Validar tipos de dados" line="28">
<kw name="Teste de Tipos de Dados" owner="random-user-service">
<kw name="GET On Session" owner="RequestsLibrary">
<msg time="2024-07-09T12:30:01.298044" level="INFO">GET Request : url=https://randomuser.me/api 
 path_url=/api 
 headers={'User-Agent': 'python-requests/2.32.3', 'Accept-Encoding': 'gzip, deflate', 'Accept': '*/*', 'Connection': 'keep-alive'} 
 body=None 
 </msg>
<msg time="2024-07-09T12:30:01.298128" level="INFO">GET Response : url=https://randomuser.me/api 
 status=200, reason=OK 
 headers={'Date': 'Tue, 09 Jul 2024 12:30:01 GMT', 'Content-Type': 'application/json; charset=utf-8', 'Transfer-Encoding': 'chunked', 'Connection': 'keep-alive', 'X-Powered-By': 'Express', 'Access-Control-Allow-Origin': '*', 'Cache-Control': 'no-cache', 'ETag': 'W/"4af-gZ759e9ilRK+tfaC7E4vqJ3BOfU"', 'Vary': 'Accept-Encoding', 'Content-Encoding': 'gzip', 'CF-Cache-Status': 'DYNAMIC', 'Report-To': '{"endpoints":[{"url":"https:\\/\\/a.nel.cloudflare.com\\/report\\/v4?s=LeLaHG6Xnbuh90xRIxXUyEtI1Ts57cTjwPfbItfg6mbYcOEf2%2Bx4issbnzRlTWHUVEPIZXnTmdkOUjd%2BJ1EtOviE9R3n%2BLtFjkVhIdUUxcbNxiaB5fcXOV9ZbyQGibdj"}],"group":"cf-nel","max_age":604800}', 'NEL': '{"success_fraction":0,"report_to":"cf-nel","max_age":604800}', 'Server': 'cloudflare', 'CF-RAY': '8a0852a9bfff8117-ORD', 'alt-svc': 'h3=":443"; ma=86400'} 
 body={"results":[{"gender":"female","name":{"title":"Miss","first":"Lisa-Marie","last":"Van den Oever"},"location":{"street":{"number":6657,"name":"Hertenpad"},"city":"Rogat","state":"Flevoland","country":"Netherlands","postcode":"7273 LC","coordinates":{"latitude":"35.6465","longitude":"21.2439"},"timezone":{"offset":"-4:00","description":"Atlantic Time (Canada), Caracas, La Paz"}},"email":"lisa-marie.vandenoever@example.com","login":{"uuid":"8c04abb2-c577-4500-b840-f939ff2733ed","username":"angryzebra645","password":"cosworth","salt":"uDEuadRG","md5":"8c595da584b74a2bf4da63879cb08edf","sha1":"364e27f8dca84897c30918c59374bb949fca31a8","sha256":"fbfe8d0bfdaf0c7585b541944cc5dca8e1a898ab63aea6441dd7c1cb0582cef8"},"dob":{"date":"1958-06-16T00:32:12.432Z","age":66},"registered":{"date":"2014-10-28T13:16:49.951Z","age":9},"phone":"(091) 4218835","cell":"(06) 28443930","id":{"name":"BSN","value":"02071982"},"picture":{"large":"https://randomuser.me/api/portraits/women/92.jpg","medium":"https://randomuser.me/api/portraits/med/women/92.jpg","thumbnail":"https://randomuser.me/api/portraits/thumb/women/92.jpg"},"nat":"NL"}],"info":{"seed":"87fd91105e7b8774","results":1,"page":1,"version":"1.4"}} 
 </msg>
<msg time="2024-07-09T12:30:01.298200" level="INFO">/opt/hostedtoolcache/Python/3.12.4/x64/lib/python3.12/site-packages/urllib3/connectionpool.py:1099: InsecureRequestWarning: Unverified HTTPS request is being made to host 'randomuser.me'. Adding certificate verification is strongly advised. See: https://urllib3.readthedocs.io/en/latest/advanced-usage.html#tls-warnings
  warnings.warn(</msg>
<msg time="2024-07-09T12:30:01.298337" level="INFO">${response} = &lt;Response [200]&gt;</msg>
<var>${response}</var>
<arg>consultarAPI</arg>
<arg>/api</arg>
<doc>Sends a GET request on a previously created HTTP Session.</doc>
<status status="PASS" start="2024-07-09T12:30:01.231728" elapsed="0.066668"/>
</kw>
<kw name="Set Variable" owner="BuiltIn">
<msg time="2024-07-09T12:30:01.299533" level="INFO">${json_data} = {'results': [{'gender': 'female', 'name': {'title': 'Miss', 'first': 'Lisa-Marie', 'last': 'Van den Oever'}, 'location': {'street': {'number': 6657, 'name': 'Hertenpad'}, 'city': 'Rogat', 'state': 'Fl...</msg>
<var>${json_data}</var>
<arg>${response.json()}</arg>
<doc>Returns the given values which can then be assigned to a variables.</doc>
<status status="PASS" start="2024-07-09T12:30:01.298961" elapsed="0.000603"/>
</kw>
<kw name="Log" owner="BuiltIn">
<msg time="2024-07-09T12:30:01.300035" level="INFO">{'results': [{'gender': 'female', 'name': {'title': 'Miss', 'first': 'Lisa-Marie', 'last': 'Van den Oever'}, 'location': {'street': {'number': 6657, 'name': 'Hertenpad'}, 'city': 'Rogat', 'state': 'Flevoland', 'country': 'Netherlands', 'postcode': '7273 LC', 'coordinates': {'latitude': '35.6465', 'longitude': '21.2439'}, 'timezone': {'offset': '-4:00', 'description': 'Atlantic Time (Canada), Caracas, La Paz'}}, 'email': 'lisa-marie.vandenoever@example.com', 'login': {'uuid': '8c04abb2-c577-4500-b840-f939ff2733ed', 'username': 'angryzebra645', 'password': 'cosworth', 'salt': 'uDEuadRG', 'md5': '8c595da584b74a2bf4da63879cb08edf', 'sha1': '364e27f8dca84897c30918c59374bb949fca31a8', 'sha256': 'fbfe8d0bfdaf0c7585b541944cc5dca8e1a898ab63aea6441dd7c1cb0582cef8'}, 'dob': {'date': '1958-06-16T00:32:12.432Z', 'age': 66}, 'registered': {'date': '2014-10-28T13:16:49.951Z', 'age': 9}, 'phone': '(091) 4218835', 'cell': '(06) 28443930', 'id': {'name': 'BSN', 'value': '02071982'}, 'picture': {'large': 'https://randomuser.me/api/portraits/women/92.jpg', 'medium': 'https://randomuser.me/api/portraits/med/women/92.jpg', 'thumbnail': 'https://randomuser.me/api/portraits/thumb/women/92.jpg'}, 'nat': 'NL'}], 'info': {'seed': '87fd91105e7b8774', 'results': 1, 'page': 1, 'version': '1.4'}}</msg>
<arg>${json_data}</arg>
<doc>Logs the given message with the given level.</doc>
<status status="PASS" start="2024-07-09T12:30:01.299877" elapsed="0.000208"/>
</kw>
<kw name="Should Be String" owner="String">
<arg>${json_data['results'][0]['gender']}</arg>
<doc>Fails if the given ``item`` is not a string.</doc>
<status status="PASS" start="2024-07-09T12:30:01.300378" elapsed="0.000358"/>
</kw>
<kw name="Should Match Regexp" owner="BuiltIn">
<arg>${json_data['results'][0]['email']}</arg>
<arg>^[a-zA-Z0-9._%+-]+@[a-zA-Z0-9.-]+\.[a-zA-Z]{2,}$</arg>
<doc>Fails if ``string`` does not match ``pattern`` as a regular expression.</doc>
<status status="PASS" start="2024-07-09T12:30:01.300955" elapsed="0.000505"/>
</kw>
<kw name="Should Match Regexp" owner="BuiltIn">
<arg>${json_data['results'][0]['dob']['date']}</arg>
<arg>\\d{4}-\\d{2}-\\d{2}T\\d{2}:\\d{2}:\\d{2}\\.\\d{3}Z</arg>
<doc>Fails if ``string`` does not match ``pattern`` as a regular expression.</doc>
<status status="PASS" start="2024-07-09T12:30:01.301654" elapsed="0.000478"/>
</kw>
<kw name="Should Match Regexp" owner="BuiltIn">
<arg>${json_data['results'][0]['registered']['date']}</arg>
<arg>\\d{4}-\\d{2}-\\d{2}T\\d{2}:\\d{2}:\\d{2}\\.\\d{3}Z</arg>
<doc>Fails if ``string`` does not match ``pattern`` as a regular expression.</doc>
<status status="PASS" start="2024-07-09T12:30:01.302321" elapsed="0.000363"/>
</kw>
<kw name="Should Match Regexp" owner="BuiltIn">
<arg>${json_data['results'][0]['picture']['large']}</arg>
<arg>^https?://.*\.(?:png|jpe?g|gif|bmp)$</arg>
<doc>Fails if ``string`` does not match ``pattern`` as a regular expression.</doc>
<status status="PASS" start="2024-07-09T12:30:01.302869" elapsed="0.000460"/>
</kw>
<kw name="Should Match Regexp" owner="BuiltIn">
<arg>${json_data['results'][0]['picture']['medium']}</arg>
<arg>^https?://.*\.(?:png|jpe?g|gif|bmp)$</arg>
<doc>Fails if ``string`` does not match ``pattern`` as a regular expression.</doc>
<status status="PASS" start="2024-07-09T12:30:01.303550" elapsed="0.000358"/>
</kw>
<kw name="Should Match Regexp" owner="BuiltIn">
<arg>${json_data['results'][0]['picture']['thumbnail']}</arg>
<arg>^https?://.*\.(?:png|jpe?g|gif|bmp)$</arg>
<doc>Fails if ``string`` does not match ``pattern`` as a regular expression.</doc>
<status status="PASS" start="2024-07-09T12:30:01.304093" elapsed="0.000344"/>
</kw>
<kw name="Log" owner="BuiltIn">
<msg time="2024-07-09T12:30:01.304955" level="INFO">{'large': 'https://randomuser.me/api/portraits/women/92.jpg', 'medium': 'https://randomuser.me/api/portraits/med/women/92.jpg', 'thumbnail': 'https://randomuser.me/api/portraits/thumb/women/92.jpg'}</msg>
<arg>${json_data['results'][0]['picture']}</arg>
<doc>Logs the given message with the given level.</doc>
<status status="PASS" start="2024-07-09T12:30:01.304620" elapsed="0.000379"/>
</kw>
<status status="PASS" start="2024-07-09T12:30:01.231497" elapsed="0.073755"/>
</kw>
<kw name="Teste de Tipos de Dados - Postcode" owner="random-user-service">
<kw name="GET On Session" owner="RequestsLibrary">
<msg time="2024-07-09T12:30:01.444871" level="INFO">GET Request : url=https://randomuser.me/api 
 path_url=/api 
 headers={'User-Agent': 'python-requests/2.32.3', 'Accept-Encoding': 'gzip, deflate', 'Accept': '*/*', 'Connection': 'keep-alive'} 
 body=None 
 </msg>
<msg time="2024-07-09T12:30:01.444958" level="INFO">GET Response : url=https://randomuser.me/api 
 status=200, reason=OK 
 headers={'Date': 'Tue, 09 Jul 2024 12:30:01 GMT', 'Content-Type': 'application/json; charset=utf-8', 'Transfer-Encoding': 'chunked', 'Connection': 'keep-alive', 'X-Powered-By': 'Express', 'Access-Control-Allow-Origin': '*', 'Cache-Control': 'no-cache', 'ETag': 'W/"48f-pWZbCF1OS6QylHpNnSzR/QS09nI"', 'Vary': 'Accept-Encoding', 'Content-Encoding': 'gzip', 'CF-Cache-Status': 'DYNAMIC', 'Report-To': '{"endpoints":[{"url":"https:\\/\\/a.nel.cloudflare.com\\/report\\/v4?s=xwMlf8odjrDS1dh4UM4xdQUqDS2nWK3O0UyiYKrUoyhC2ns6wUuoetLcKHzdwj5l9fkoQkpHBvfVDIk1fhzGrNYRnXT7moT7pp5Iw0EJshe57MLqrnTt%2FoaJU4AFxWvW"}],"group":"cf-nel","max_age":604800}', 'NEL': '{"success_fraction":0,"report_to":"cf-nel","max_age":604800}', 'Server': 'cloudflare', 'CF-RAY': '8a0852aa28508117-ORD', 'alt-svc': 'h3=":443"; ma=86400'} 
 body={"results":[{"gender":"male","name":{"title":"Mr","first":"Teerth","last":"Tipparti"},"location":{"street":{"number":4063,"name":"Hazratganj"},"city":"Navi Mumbai","state":"Nagaland","country":"India","postcode":58647,"coordinates":{"latitude":"7.9264","longitude":"-141.9978"},"timezone":{"offset":"+8:00","description":"Beijing, Perth, Singapore, Hong Kong"}},"email":"teerth.tipparti@example.com","login":{"uuid":"efd65ab8-7496-468f-a3ff-4a6f0fb8a25b","username":"yellowzebra367","password":"byebye","salt":"EpLxxF95","md5":"d0e9d32ad4708c33c7e2fc9d822d9ffe","sha1":"eda81c922dafaec66abef2562d68c67d42e8f83a","sha256":"44c495380dfbc3348081fd5ecc0b24089b2a1716d6b08c6a440194184760a396"},"dob":{"date":"1980-08-10T10:10:25.243Z","age":43},"registered":{"date":"2010-01-19T19:28:15.567Z","age":14},"phone":"7975613688","cell":"8095516266","id":{"name":"UIDAI","value":"475904235152"},"picture":{"large":"https://randomuser.me/api/portraits/men/97.jpg","medium":"https://randomuser.me/api/portraits/med/men/97.jpg","thumbnail":"https://randomuser.me/api/portraits/thumb/men/97.jpg"},"nat":"IN"}],"info":{"seed":"2d5897a23c1cf469","results":1,"page":1,"version":"1.4"}} 
 </msg>
<msg time="2024-07-09T12:30:01.445032" level="INFO">/opt/hostedtoolcache/Python/3.12.4/x64/lib/python3.12/site-packages/urllib3/connectionpool.py:1099: InsecureRequestWarning: Unverified HTTPS request is being made to host 'randomuser.me'. Adding certificate verification is strongly advised. See: https://urllib3.readthedocs.io/en/latest/advanced-usage.html#tls-warnings
  warnings.warn(</msg>
<msg time="2024-07-09T12:30:01.445147" level="INFO">${response} = &lt;Response [200]&gt;</msg>
<var>${response}</var>
<arg>consultarAPI</arg>
<arg>/api</arg>
<doc>Sends a GET request on a previously created HTTP Session.</doc>
<status status="PASS" start="2024-07-09T12:30:01.305679" elapsed="0.139515"/>
</kw>
<kw name="Set Variable" owner="BuiltIn">
<msg time="2024-07-09T12:30:01.446108" level="INFO">${json_data} = {'results': [{'gender': 'male', 'name': {'title': 'Mr', 'first': 'Teerth', 'last': 'Tipparti'}, 'location': {'street': {'number': 4063, 'name': 'Hazratganj'}, 'city': 'Navi Mumbai', 'state': 'Nagaland...</msg>
<var>${json_data}</var>
<arg>${response.json()}</arg>
<doc>Returns the given values which can then be assigned to a variables.</doc>
<status status="PASS" start="2024-07-09T12:30:01.445657" elapsed="0.000481"/>
</kw>
<kw name="Log" owner="BuiltIn">
<msg time="2024-07-09T12:30:01.446608" level="INFO">{'results': [{'gender': 'male', 'name': {'title': 'Mr', 'first': 'Teerth', 'last': 'Tipparti'}, 'location': {'street': {'number': 4063, 'name': 'Hazratganj'}, 'city': 'Navi Mumbai', 'state': 'Nagaland', 'country': 'India', 'postcode': 58647, 'coordinates': {'latitude': '7.9264', 'longitude': '-141.9978'}, 'timezone': {'offset': '+8:00', 'description': 'Beijing, Perth, Singapore, Hong Kong'}}, 'email': 'teerth.tipparti@example.com', 'login': {'uuid': 'efd65ab8-7496-468f-a3ff-4a6f0fb8a25b', 'username': 'yellowzebra367', 'password': 'byebye', 'salt': 'EpLxxF95', 'md5': 'd0e9d32ad4708c33c7e2fc9d822d9ffe', 'sha1': 'eda81c922dafaec66abef2562d68c67d42e8f83a', 'sha256': '44c495380dfbc3348081fd5ecc0b24089b2a1716d6b08c6a440194184760a396'}, 'dob': {'date': '1980-08-10T10:10:25.243Z', 'age': 43}, 'registered': {'date': '2010-01-19T19:28:15.567Z', 'age': 14}, 'phone': '7975613688', 'cell': '8095516266', 'id': {'name': 'UIDAI', 'value': '475904235152'}, 'picture': {'large': 'https://randomuser.me/api/portraits/men/97.jpg', 'medium': 'https://randomuser.me/api/portraits/med/men/97.jpg', 'thumbnail': 'https://randomuser.me/api/portraits/thumb/men/97.jpg'}, 'nat': 'IN'}], 'info': {'seed': '2d5897a23c1cf469', 'results': 1, 'page': 1, 'version': '1.4'}}</msg>
<arg>${json_data}</arg>
<doc>Logs the given message with the given level.</doc>
<status status="PASS" start="2024-07-09T12:30:01.446449" elapsed="0.000209"/>
</kw>
<kw name="Should Be Equal As Numbers" owner="BuiltIn">
<arg>${json_data['results'][0]['location']['postcode']}</arg>
<arg>${json_data['results'][0]['location']['postcode']}</arg>
<doc>Fails if objects are unequal after converting them to real numbers.</doc>
<status status="PASS" start="2024-07-09T12:30:01.446963" elapsed="0.000672"/>
</kw>
<kw name="Log" owner="BuiltIn">
<msg time="2024-07-09T12:30:01.448336" level="INFO">58647</msg>
<arg>${json_data['results'][0]['location']['postcode']}</arg>
<doc>Logs the given message with the given level.</doc>
<status status="PASS" start="2024-07-09T12:30:01.447866" elapsed="0.000514"/>
</kw>
<status status="PASS" start="2024-07-09T12:30:01.305466" elapsed="0.143174"/>
</kw>
<doc>Testa se os tipos de dados na resposta da API estão corretos.</doc>
<tag>testeTiposDados</tag>
<status status="PASS" start="2024-07-09T12:30:01.230927" elapsed="0.217882"/>
</test>
<test id="s1-s1-t5" name="Validar conteudo" line="35">
<kw name="Teste de Tipos de Conteudo" owner="random-user-service">
<kw name="GET On Session" owner="RequestsLibrary">
<msg time="2024-07-09T12:30:01.546115" level="INFO">GET Request : url=https://randomuser.me/api 
 path_url=/api 
 headers={'User-Agent': 'python-requests/2.32.3', 'Accept-Encoding': 'gzip, deflate', 'Accept': '*/*', 'Connection': 'keep-alive'} 
 body=None 
 </msg>
<msg time="2024-07-09T12:30:01.546177" level="INFO">GET Response : url=https://randomuser.me/api 
 status=200, reason=OK 
 headers={'Date': 'Tue, 09 Jul 2024 12:30:01 GMT', 'Content-Type': 'application/json; charset=utf-8', 'Transfer-Encoding': 'chunked', 'Connection': 'keep-alive', 'X-Powered-By': 'Express', 'Access-Control-Allow-Origin': '*', 'Cache-Control': 'no-cache', 'ETag': 'W/"494-gEZrilmZpWODDOICrTUH6RTBxfM"', 'Vary': 'Accept-Encoding', 'Content-Encoding': 'gzip', 'CF-Cache-Status': 'DYNAMIC', 'Report-To': '{"endpoints":[{"url":"https:\\/\\/a.nel.cloudflare.com\\/report\\/v4?s=AJa3w38M1lXFy%2BfqpNvpP4yxB8vdRqESHu%2B4cCuocV0diJhR4F4JHeuRIq%2F6iLLVKogRlVS9UiXwVK06SBv1jzSVWzxL2v5KzxD3DALqXd0aySD3eZrxv0DrgOPINdOz"}],"group":"cf-nel","max_age":604800}', 'NEL': '{"success_fraction":0,"report_to":"cf-nel","max_age":604800}', 'Server': 'cloudflare', 'CF-RAY': '8a0852ab190d8117-ORD', 'alt-svc': 'h3=":443"; ma=86400'} 
 body={"results":[{"gender":"female","name":{"title":"Miss","first":"Harper","last":"Moore"},"location":{"street":{"number":7065,"name":"Mahia Road"},"city":"Rotorua","state":"Gisborne","country":"New Zealand","postcode":41176,"coordinates":{"latitude":"50.8955","longitude":"155.0691"},"timezone":{"offset":"-4:00","description":"Atlantic Time (Canada), Caracas, La Paz"}},"email":"harper.moore@example.com","login":{"uuid":"5844b7b3-595e-43b0-a2a2-7384d7a97f87","username":"blackladybug280","password":"nascar24","salt":"Ku6oSbii","md5":"e4eadb0fe6003a8a69b7933c59bd2187","sha1":"56a896430afa71b23fce2c6dd604c263b502b105","sha256":"dd7f419abb34651d11beabd1e7a40da8651d37fd350367b21cfdf966dd953b34"},"dob":{"date":"1975-06-18T07:33:58.888Z","age":49},"registered":{"date":"2007-05-25T07:38:27.772Z","age":17},"phone":"(465)-495-4304","cell":"(078)-883-3416","id":{"name":"","value":null},"picture":{"large":"https://randomuser.me/api/portraits/women/83.jpg","medium":"https://randomuser.me/api/portraits/med/women/83.jpg","thumbnail":"https://randomuser.me/api/portraits/thumb/women/83.jpg"},"nat":"NZ"}],"info":{"seed":"153a5ba6accdc9db","results":1,"page":1,"version":"1.4"}} 
 </msg>
<msg time="2024-07-09T12:30:01.546230" level="INFO">/opt/hostedtoolcache/Python/3.12.4/x64/lib/python3.12/site-packages/urllib3/connectionpool.py:1099: InsecureRequestWarning: Unverified HTTPS request is being made to host 'randomuser.me'. Adding certificate verification is strongly advised. See: https://urllib3.readthedocs.io/en/latest/advanced-usage.html#tls-warnings
  warnings.warn(</msg>
<msg time="2024-07-09T12:30:01.546317" level="INFO">${response} = &lt;Response [200]&gt;</msg>
<var>${response}</var>
<arg>consultarAPI</arg>
<arg>/api</arg>
<doc>Sends a GET request on a previously created HTTP Session.</doc>
<status status="PASS" start="2024-07-09T12:30:01.451283" elapsed="0.095075"/>
</kw>
<kw name="Set Variable" owner="BuiltIn">
<msg time="2024-07-09T12:30:01.547336" level="INFO">${json_data} = {'results': [{'gender': 'female', 'name': {'title': 'Miss', 'first': 'Harper', 'last': 'Moore'}, 'location': {'street': {'number': 7065, 'name': 'Mahia Road'}, 'city': 'Rotorua', 'state': 'Gisborne', ...</msg>
<var>${json_data}</var>
<arg>${response.json()}</arg>
<doc>Returns the given values which can then be assigned to a variables.</doc>
<status status="PASS" start="2024-07-09T12:30:01.546792" elapsed="0.000572"/>
</kw>
<kw name="Set Variable" owner="BuiltIn">
<msg time="2024-07-09T12:30:01.548093" level="INFO">${name_title} = Miss</msg>
<var>${name_title}</var>
<arg>${json_data["results"][0]["name"]["title"]}</arg>
<doc>Returns the given values which can then be assigned to a variables.</doc>
<status status="PASS" start="2024-07-09T12:30:01.547716" elapsed="0.000402"/>
</kw>
<kw name="Create List" owner="BuiltIn">
<msg time="2024-07-09T12:30:01.548554" level="INFO">${allowed_titles} = ['Mr', 'Ms', 'Miss', 'Mrs', 'Madame', 'Monsieur']</msg>
<var>${allowed_titles}</var>
<arg>Mr</arg>
<arg>Ms</arg>
<arg>Miss</arg>
<arg>Mrs</arg>
<arg>Madame</arg>
<arg>Monsieur</arg>
<doc>Returns a list containing given items.</doc>
<status status="PASS" start="2024-07-09T12:30:01.548408" elapsed="0.000171"/>
</kw>
<kw name="List Should Contain Value" owner="Collections">
<arg>${allowed_titles}</arg>
<arg>${name_title}</arg>
<doc>Fails if the ``value`` is not found from ``list``.</doc>
<status status="PASS" start="2024-07-09T12:30:01.548878" elapsed="0.000176"/>
</kw>
<kw name="Set Variable" owner="BuiltIn">
<msg time="2024-07-09T12:30:01.549597" level="INFO">${name_country} = NZ</msg>
<var>${name_country}</var>
<arg>${json_data["results"][0]["nat"]}</arg>
<doc>Returns the given values which can then be assigned to a variables.</doc>
<status status="PASS" start="2024-07-09T12:30:01.549233" elapsed="0.000389"/>
</kw>
<kw name="Create List" owner="BuiltIn">
<msg time="2024-07-09T12:30:01.550503" level="INFO">${list_country} = ['AD', 'AE', 'AF', 'AG', 'AI', 'AL', 'AM', 'AO', 'AQ', 'AR', 'AS', 'AT', 'AU', 'AW', 'AX', 'AZ', 'BA', 'BB', 'BD', 'BE', 'BF', 'BG', 'BH', 'BI', 'BJ', 'BL', 'BM', 'BN', 'BO', 'BQ', 'BR', 'BS', 'BT', '...</msg>
<var>${list_country}</var>
<arg>AD</arg>
<arg>AE</arg>
<arg>AF</arg>
<arg>AG</arg>
<arg>AI</arg>
<arg>AL</arg>
<arg>AM</arg>
<arg>AO</arg>
<arg>AQ</arg>
<arg>AR</arg>
<arg>AS</arg>
<arg>AT</arg>
<arg>AU</arg>
<arg>AW</arg>
<arg>AX</arg>
<arg>AZ</arg>
<arg>BA</arg>
<arg>BB</arg>
<arg>BD</arg>
<arg>BE</arg>
<arg>BF</arg>
<arg>BG</arg>
<arg>BH</arg>
<arg>BI</arg>
<arg>BJ</arg>
<arg>BL</arg>
<arg>BM</arg>
<arg>BN</arg>
<arg>BO</arg>
<arg>BQ</arg>
<arg>BR</arg>
<arg>BS</arg>
<arg>BT</arg>
<arg>BV</arg>
<arg>BW</arg>
<arg>BY</arg>
<arg>BZ</arg>
<arg>CA</arg>
<arg>CC</arg>
<arg>CD</arg>
<arg>CF</arg>
<arg>CG</arg>
<arg>CH</arg>
<arg>CI</arg>
<arg>CK</arg>
<arg>CL</arg>
<arg>CM</arg>
<arg>CN</arg>
<arg>CO</arg>
<arg>CR</arg>
<arg>CU</arg>
<arg>CV</arg>
<arg>CW</arg>
<arg>CX</arg>
<arg>CY</arg>
<arg>CZ</arg>
<arg>DE</arg>
<arg>DJ</arg>
<arg>DK</arg>
<arg>DM</arg>
<arg>DO</arg>
<arg>DZ</arg>
<arg>EC</arg>
<arg>EE</arg>
<arg>EG</arg>
<arg>EH</arg>
<arg>ER</arg>
<arg>ES</arg>
<arg>ET</arg>
<arg>FI</arg>
<arg>FJ</arg>
<arg>FK</arg>
<arg>FM</arg>
<arg>FO</arg>
<arg>FR</arg>
<arg>GA</arg>
<arg>GB</arg>
<arg>GD</arg>
<arg>GE</arg>
<arg>GF</arg>
<arg>GG</arg>
<arg>GH</arg>
<arg>GI</arg>
<arg>GL</arg>
<arg>GM</arg>
<arg>GN</arg>
<arg>GP</arg>
<arg>GQ</arg>
<arg>GR</arg>
<arg>GS</arg>
<arg>GT</arg>
<arg>GU</arg>
<arg>GW</arg>
<arg>GY</arg>
<arg>HK</arg>
<arg>HM</arg>
<arg>HN</arg>
<arg>HR</arg>
<arg>HT</arg>
<arg>HU</arg>
<arg>ID</arg>
<arg>IE</arg>
<arg>IL</arg>
<arg>IM</arg>
<arg>IN</arg>
<arg>IO</arg>
<arg>IQ</arg>
<arg>IR</arg>
<arg>IS</arg>
<arg>IT</arg>
<arg>JE</arg>
<arg>JM</arg>
<arg>JO</arg>
<arg>JP</arg>
<arg>KE</arg>
<arg>KG</arg>
<arg>KH</arg>
<arg>KI</arg>
<arg>KM</arg>
<arg>KN</arg>
<arg>KP</arg>
<arg>KR</arg>
<arg>KW</arg>
<arg>KY</arg>
<arg>KZ</arg>
<arg>LA</arg>
<arg>LB</arg>
<arg>LC</arg>
<arg>LI</arg>
<arg>LK</arg>
<arg>LR</arg>
<arg>LS</arg>
<arg>LT</arg>
<arg>LU</arg>
<arg>LV</arg>
<arg>LY</arg>
<arg>MA</arg>
<arg>MC</arg>
<arg>MD</arg>
<arg>ME</arg>
<arg>MF</arg>
<arg>MG</arg>
<arg>MH</arg>
<arg>MK</arg>
<arg>ML</arg>
<arg>MM</arg>
<arg>MN</arg>
<arg>MO</arg>
<arg>MP</arg>
<arg>MQ</arg>
<arg>MR</arg>
<arg>MS</arg>
<arg>MT</arg>
<arg>MU</arg>
<arg>MV</arg>
<arg>MW</arg>
<arg>MX</arg>
<arg>MY</arg>
<arg>MZ</arg>
<arg>NA</arg>
<arg>NC</arg>
<arg>NE</arg>
<arg>NF</arg>
<arg>NG</arg>
<arg>NI</arg>
<arg>NL</arg>
<arg>NO</arg>
<arg>NP</arg>
<arg>NR</arg>
<arg>NU</arg>
<arg>NZ</arg>
<arg>OM</arg>
<arg>PA</arg>
<arg>PE</arg>
<arg>PF</arg>
<arg>PG</arg>
<arg>PH</arg>
<arg>PK</arg>
<arg>PL</arg>
<arg>PM</arg>
<arg>PN</arg>
<arg>PR</arg>
<arg>PS</arg>
<arg>PT</arg>
<arg>PW</arg>
<arg>PY</arg>
<arg>QA</arg>
<arg>RE</arg>
<arg>RO</arg>
<arg>RS</arg>
<arg>RU</arg>
<arg>RW</arg>
<arg>SA</arg>
<arg>SB</arg>
<arg>SC</arg>
<arg>SD</arg>
<arg>SE</arg>
<arg>SG</arg>
<arg>SH</arg>
<arg>SI</arg>
<arg>SJ</arg>
<arg>SK</arg>
<arg>SL</arg>
<arg>SM</arg>
<arg>SN</arg>
<arg>SO</arg>
<arg>SR</arg>
<arg>SS</arg>
<arg>ST</arg>
<arg>SV</arg>
<arg>SX</arg>
<arg>SY</arg>
<arg>SZ</arg>
<arg>TC</arg>
<arg>TD</arg>
<arg>TF</arg>
<arg>TG</arg>
<arg>TH</arg>
<arg>TJ</arg>
<arg>TK</arg>
<arg>TL</arg>
<arg>TM</arg>
<arg>TN</arg>
<arg>TO</arg>
<arg>TR</arg>
<arg>TT</arg>
<arg>TV</arg>
<arg>TW</arg>
<arg>TZ</arg>
<arg>UA</arg>
<arg>UG</arg>
<arg>UM</arg>
<arg>US</arg>
<arg>UY</arg>
<arg>UZ</arg>
<arg>VA</arg>
<arg>VC</arg>
<arg>VE</arg>
<arg>VG</arg>
<arg>VI</arg>
<arg>VN</arg>
<arg>VU</arg>
<arg>WF</arg>
<arg>WS</arg>
<arg>XK</arg>
<arg>YE</arg>
<arg>YT</arg>
<arg>ZA</arg>
<arg>ZM</arg>
<arg>ZW</arg>
<doc>Returns a list containing given items.</doc>
<status status="PASS" start="2024-07-09T12:30:01.549911" elapsed="0.000617"/>
</kw>
<kw name="List Should Contain Value" owner="Collections">
<arg>${list_country}</arg>
<arg>${name_country}</arg>
<doc>Fails if the ``value`` is not found from ``list``.</doc>
<status status="PASS" start="2024-07-09T12:30:01.551319" elapsed="0.000240"/>
</kw>
<kw name="Run Keyword If" owner="BuiltIn">
<kw name="Should Be True" owner="BuiltIn">
<arg>${True}</arg>
<doc>Fails if the given condition is not true.</doc>
<status status="PASS" start="2024-07-09T12:30:01.552489" elapsed="0.000141"/>
</kw>
<arg>${json_data["results"][0]["location"]["coordinates"]["latitude"]} &gt;= -90 and ${json_data["results"][0]["location"]["coordinates"]["latitude"]} &lt;= 90</arg>
<arg>Should Be True</arg>
<arg>${True}</arg>
<doc>Runs the given keyword with the given arguments, if ``condition`` is true.</doc>
<status status="PASS" start="2024-07-09T12:30:01.551757" elapsed="0.000998"/>
</kw>
<kw name="Run Keyword If" owner="BuiltIn">
<kw name="Should Be True" owner="BuiltIn">
<arg>${True}</arg>
<doc>Fails if the given condition is not true.</doc>
<status status="PASS" start="2024-07-09T12:30:01.553634" elapsed="0.000227"/>
</kw>
<arg>${json_data["results"][0]["location"]["coordinates"]["longitude"]} &gt;= -180 and ${json_data["results"][0]["location"]["coordinates"]["longitude"]} &lt;= 180</arg>
<arg>Should Be True</arg>
<arg>${True}</arg>
<doc>Runs the given keyword with the given arguments, if ``condition`` is true.</doc>
<status status="PASS" start="2024-07-09T12:30:01.552934" elapsed="0.001054"/>
</kw>
<status status="PASS" start="2024-07-09T12:30:01.451068" elapsed="0.103051"/>
</kw>
<doc>Testa o conteúdo específico dos campos retornados pela API.</doc>
<tag>testeConteudo</tag>
<status status="PASS" start="2024-07-09T12:30:01.450574" elapsed="0.103684"/>
</test>
<status status="PASS" start="2024-07-09T12:30:00.609217" elapsed="0.947021"/>
</suite>
<status status="PASS" start="2024-07-09T12:30:00.595052" elapsed="0.966120"/>
</suite>
<statistics>
<total>
<stat pass="5" fail="0" skip="0">All Tests</stat>
</total>
<tag>
<stat pass="1" fail="0" skip="0">testeConteudo</stat>
<stat pass="1" fail="0" skip="0">testeEstruturaResposta</stat>
<stat pass="1" fail="0" skip="0">testeRequisicaoBasica</stat>
<stat pass="1" fail="0" skip="0">testeTiposDados</stat>
</tag>
<suite>
<stat pass="5" fail="0" skip="0" id="s1" name="Tests">Tests</stat>
<stat pass="5" fail="0" skip="0" id="s1-s1" name="Random-User-Test">Tests.Random-User-Test</stat>
</suite>
</statistics>
<errors>
</errors>
</robot>
