<?xml version="1.0" encoding="UTF-8"?>
<robot generator="Robot 7.0 (Python 3.12.3 on linux)" generated="2024-04-24T19:11:13.869062" rpa="false" schemaversion="5">
<suite id="s1" name="Tests" source="/home/runner/work/DesafioQAItauRogerioJordao/DesafioQAItauRogerioJordao/RamdonUser/tests">
<suite id="s1-s1" name="Random-User-Test" source="/home/runner/work/DesafioQAItauRogerioJordao/DesafioQAItauRogerioJordao/RamdonUser/tests/random-user-test.robot">
<test id="s1-s1-t1" name="Conectar" line="13">
<kw name="Conectar API" owner="random-user-service">
<kw name="Create Session" owner="RequestsLibrary">
<msg time="2024-04-24T19:11:14.256740" level="INFO">Creating Session using : alias=consultarAPI, url=https://randomuser.me/, headers={},                     cookies={}, auth=None, timeout=None, proxies=None, verify=False,                     debug=0 </msg>
<arg>consultarAPI</arg>
<arg>${URL}</arg>
<doc>Create Session: create a HTTP session to a server</doc>
<status status="PASS" start="2024-04-24T19:11:14.256536" elapsed="0.000405"/>
</kw>
<status status="PASS" start="2024-04-24T19:11:14.255525" elapsed="0.001794"/>
</kw>
<status status="PASS" start="2024-04-24T19:11:14.254916" elapsed="0.002642"/>
</test>
<test id="s1-s1-t2" name="Validar retorno 200 e JSON Válido" line="16">
<kw name="Teste de Requisicao Basica" owner="random-user-service">
<kw name="GET On Session" owner="RequestsLibrary">
<msg time="2024-04-24T19:11:14.449202" level="INFO">GET Request : url=https://randomuser.me/api 
 path_url=/api 
 headers={'User-Agent': 'python-requests/2.31.0', 'Accept-Encoding': 'gzip, deflate', 'Accept': '*/*', 'Connection': 'keep-alive'} 
 body=None 
 </msg>
<msg time="2024-04-24T19:11:14.449360" level="INFO">GET Response : url=https://randomuser.me/api 
 status=200, reason=OK 
 headers={'Date': 'Wed, 24 Apr 2024 19:11:14 GMT', 'Content-Type': 'application/json; charset=utf-8', 'Transfer-Encoding': 'chunked', 'Connection': 'keep-alive', 'X-Powered-By': 'Express', 'Access-Control-Allow-Origin': '*', 'Cache-Control': 'no-cache', 'ETag': 'W/"49e-OuAdpI1CRbtbKQPPurSDoz5UNsY"', 'Vary': 'Accept-Encoding', 'Content-Encoding': 'gzip', 'CF-Cache-Status': 'DYNAMIC', 'Report-To': '{"endpoints":[{"url":"https:\\/\\/a.nel.cloudflare.com\\/report\\/v4?s=vMt85XSurqU%2BA8NIJZTas%2FmR2YRRjUIxwRFQS1YbY57EZurkMrd1iBFPvGvjI5ZTT6P9x7bHdHFwLcCuU47RYdgTYA5coFF8dCgwCf0ZQS4kmJhe6b%2Fu%2FHzNeAH1gfjc"}],"group":"cf-nel","max_age":604800}', 'NEL': '{"success_fraction":0,"report_to":"cf-nel","max_age":604800}', 'Server': 'cloudflare', 'CF-RAY': '879865e30ed58003-IAD', 'alt-svc': 'h3=":443"; ma=86400'} 
 body={"results":[{"gender":"male","name":{"title":"Mr","first":"Radoje","last":"Živanović"},"location":{"street":{"number":7273,"name":"Slobodana Kolakovića"},"city":"Bujanovac","state":"Moravica","country":"Serbia","postcode":91593,"coordinates":{"latitude":"63.5966","longitude":"-100.1723"},"timezone":{"offset":"-4:00","description":"Atlantic Time (Canada), Caracas, La Paz"}},"email":"radoje.zivanovic@example.com","login":{"uuid":"af4bc25e-f265-4e5e-bcee-b7b46e3caee1","username":"tinytiger721","password":"ronaldo","salt":"9lAw6u67","md5":"9b18ba680f4fd97965c345100fbd6c7b","sha1":"901bd02e900bc84d2af6ea6ff460ef4a187eb606","sha256":"3d45bcc9f464dbb5392b15713d44309b0fa1c163c522845e901e35ed48b3c0b1"},"dob":{"date":"1972-10-24T05:12:53.726Z","age":51},"registered":{"date":"2017-01-21T23:28:41.733Z","age":7},"phone":"028-1768-906","cell":"060-7226-304","id":{"name":"SID","value":"029101791"},"picture":{"large":"https://randomuser.me/api/portraits/men/26.jpg","medium":"https://randomuser.me/api/portraits/med/men/26.jpg","thumbnail":"https://randomuser.me/api/portraits/thumb/men/26.jpg"},"nat":"RS"}],"info":{"seed":"175707e3a78ed64a","results":1,"page":1,"version":"1.4"}} 
 </msg>
<msg time="2024-04-24T19:11:14.449478" level="INFO">/opt/hostedtoolcache/Python/3.12.3/x64/lib/python3.12/site-packages/urllib3/connectionpool.py:1103: InsecureRequestWarning: Unverified HTTPS request is being made to host 'randomuser.me'. Adding certificate verification is strongly advised. See: https://urllib3.readthedocs.io/en/latest/advanced-usage.html#tls-warnings
  warnings.warn(</msg>
<msg time="2024-04-24T19:11:14.449641" level="INFO">${response} = &lt;Response [200]&gt;</msg>
<var>${response}</var>
<arg>consultarAPI</arg>
<arg>/api</arg>
<doc>Sends a GET request on a previously created HTTP Session.</doc>
<status status="PASS" start="2024-04-24T19:11:14.260277" elapsed="0.189421"/>
</kw>
<kw name="Should Be Equal As Numbers" owner="BuiltIn">
<msg time="2024-04-24T19:11:14.450717" level="INFO">Argument types are:
&lt;class 'int'&gt;
&lt;class 'str'&gt;</msg>
<arg>${response.status_code}</arg>
<arg>200</arg>
<doc>Fails if objects are unequal after converting them to real numbers.</doc>
<status status="PASS" start="2024-04-24T19:11:14.450260" elapsed="0.000520"/>
</kw>
<kw name="Log" owner="BuiltIn">
<msg time="2024-04-24T19:11:14.451469" level="INFO">200</msg>
<arg>${response.status_code}</arg>
<doc>Logs the given message with the given level.</doc>
<status status="PASS" start="2024-04-24T19:11:14.451121" elapsed="0.000389"/>
</kw>
<kw name="Set Variable" owner="BuiltIn">
<msg time="2024-04-24T19:11:14.452250" level="INFO">${json_data} = {'results': [{'gender': 'male', 'name': {'title': 'Mr', 'first': 'Radoje', 'last': 'Živanović'}, 'location': {'street': {'number': 7273, 'name': 'Slobodana Kolakovića'}, 'city': 'Bujanovac', 'state': ...</msg>
<var>${json_data}</var>
<arg>${response.json()}</arg>
<doc>Returns the given values which can then be assigned to a variables.</doc>
<status status="PASS" start="2024-04-24T19:11:14.451808" elapsed="0.000471"/>
</kw>
<kw name="Dictionary Should Contain Key" owner="Collections">
<msg time="2024-04-24T19:11:14.452745" level="INFO">False</msg>
<arg>${json_data}</arg>
<arg>results</arg>
<doc>Fails if ``key`` is not found from ``dictionary``.</doc>
<status status="PASS" start="2024-04-24T19:11:14.452576" elapsed="0.000209"/>
</kw>
<status status="PASS" start="2024-04-24T19:11:14.260033" elapsed="0.193010"/>
</kw>
<doc>Testa se a API responde corretamente e retorna um objeto JSON válido.</doc>
<tag>testeRequisicaoBasica</tag>
<status status="PASS" start="2024-04-24T19:11:14.259459" elapsed="0.193767"/>
</test>
<test id="s1-s1-t3" name="Validar estrutura de resposta" line="22">
<kw name="Teste de Estrutura de Resposta" owner="random-user-service">
<kw name="GET On Session" owner="RequestsLibrary">
<msg time="2024-04-24T19:11:14.554981" level="INFO">GET Request : url=https://randomuser.me/api 
 path_url=/api 
 headers={'User-Agent': 'python-requests/2.31.0', 'Accept-Encoding': 'gzip, deflate', 'Accept': '*/*', 'Connection': 'keep-alive'} 
 body=None 
 </msg>
<msg time="2024-04-24T19:11:14.555093" level="INFO">GET Response : url=https://randomuser.me/api 
 status=200, reason=OK 
 headers={'Date': 'Wed, 24 Apr 2024 19:11:14 GMT', 'Content-Type': 'application/json; charset=utf-8', 'Transfer-Encoding': 'chunked', 'Connection': 'keep-alive', 'X-Powered-By': 'Express', 'Access-Control-Allow-Origin': '*', 'Cache-Control': 'no-cache', 'ETag': 'W/"4b2-0MySnoGPbuM3+b72ZkEbyEqn12k"', 'Vary': 'Accept-Encoding', 'Content-Encoding': 'gzip', 'CF-Cache-Status': 'DYNAMIC', 'Report-To': '{"endpoints":[{"url":"https:\\/\\/a.nel.cloudflare.com\\/report\\/v4?s=haMqL4SQuWu5wqhRtPhmoHnkZRjUc3%2FOigoRv5iskY%2B1EHAbe0pmEd%2BP%2B%2BDU40whVOHeeBOGWyu9GQk%2FGHxzKd0kDrm%2BMv6T1zDMDDOY6ujHYslZRigWqQXIjHDEJuQt"}],"group":"cf-nel","max_age":604800}', 'NEL': '{"success_fraction":0,"report_to":"cf-nel","max_age":604800}', 'Server': 'cloudflare', 'CF-RAY': '879865e35f3e8003-IAD', 'alt-svc': 'h3=":443"; ma=86400'} 
 body={"results":[{"gender":"female","name":{"title":"Mademoiselle","first":"Murielle","last":"Leroux"},"location":{"street":{"number":7804,"name":"Rue de L'Abbaye"},"city":"Freienstein-Teufen","state":"Solothurn","country":"Switzerland","postcode":9817,"coordinates":{"latitude":"-60.3032","longitude":"173.0728"},"timezone":{"offset":"+2:00","description":"Kaliningrad, South Africa"}},"email":"murielle.leroux@example.com","login":{"uuid":"b978c84a-c979-48ac-a8d7-d725a1f7c4af","username":"heavysnake546","password":"sithlord","salt":"LBLFMViI","md5":"c3ced69c682e0405b86ac6145dd527d1","sha1":"b5b2efd648fef44904154cd98bf4133b88be4419","sha256":"45c26a0462c274c38a1a5aa6e1546ff60945b3e380cb0ba50c90f7b720f79ebe"},"dob":{"date":"1953-10-27T03:34:16.011Z","age":70},"registered":{"date":"2008-08-13T09:43:25.414Z","age":15},"phone":"077 826 96 31","cell":"079 395 00 96","id":{"name":"AVS","value":"756.1103.7846.87"},"picture":{"large":"https://randomuser.me/api/portraits/women/62.jpg","medium":"https://randomuser.me/api/portraits/med/women/62.jpg","thumbnail":"https://randomuser.me/api/portraits/thumb/women/62.jpg"},"nat":"CH"}],"info":{"seed":"f6d62c0b37970c91","results":1,"page":1,"version":"1.4"}} 
 </msg>
<msg time="2024-04-24T19:11:14.555248" level="INFO">/opt/hostedtoolcache/Python/3.12.3/x64/lib/python3.12/site-packages/urllib3/connectionpool.py:1103: InsecureRequestWarning: Unverified HTTPS request is being made to host 'randomuser.me'. Adding certificate verification is strongly advised. See: https://urllib3.readthedocs.io/en/latest/advanced-usage.html#tls-warnings
  warnings.warn(</msg>
<msg time="2024-04-24T19:11:14.555375" level="INFO">${response} = &lt;Response [200]&gt;</msg>
<var>${response}</var>
<arg>consultarAPI</arg>
<arg>/api</arg>
<doc>Sends a GET request on a previously created HTTP Session.</doc>
<status status="PASS" start="2024-04-24T19:11:14.456172" elapsed="0.099240"/>
</kw>
<kw name="Set Variable" owner="BuiltIn">
<msg time="2024-04-24T19:11:14.556461" level="INFO">${json_data} = {'results': [{'gender': 'female', 'name': {'title': 'Mademoiselle', 'first': 'Murielle', 'last': 'Leroux'}, 'location': {'street': {'number': 7804, 'name': "Rue de L'Abbaye"}, 'city': 'Freienstein-Teu...</msg>
<var>${json_data}</var>
<arg>${response.json()}</arg>
<doc>Returns the given values which can then be assigned to a variables.</doc>
<status status="PASS" start="2024-04-24T19:11:14.555929" elapsed="0.000560"/>
</kw>
<kw name="Log" owner="BuiltIn">
<msg time="2024-04-24T19:11:14.556953" level="INFO">{'results': [{'gender': 'female', 'name': {'title': 'Mademoiselle', 'first': 'Murielle', 'last': 'Leroux'}, 'location': {'street': {'number': 7804, 'name': "Rue de L'Abbaye"}, 'city': 'Freienstein-Teufen', 'state': 'Solothurn', 'country': 'Switzerland', 'postcode': 9817, 'coordinates': {'latitude': '-60.3032', 'longitude': '173.0728'}, 'timezone': {'offset': '+2:00', 'description': 'Kaliningrad, South Africa'}}, 'email': 'murielle.leroux@example.com', 'login': {'uuid': 'b978c84a-c979-48ac-a8d7-d725a1f7c4af', 'username': 'heavysnake546', 'password': 'sithlord', 'salt': 'LBLFMViI', 'md5': 'c3ced69c682e0405b86ac6145dd527d1', 'sha1': 'b5b2efd648fef44904154cd98bf4133b88be4419', 'sha256': '45c26a0462c274c38a1a5aa6e1546ff60945b3e380cb0ba50c90f7b720f79ebe'}, 'dob': {'date': '1953-10-27T03:34:16.011Z', 'age': 70}, 'registered': {'date': '2008-08-13T09:43:25.414Z', 'age': 15}, 'phone': '077 826 96 31', 'cell': '079 395 00 96', 'id': {'name': 'AVS', 'value': '756.1103.7846.87'}, 'picture': {'large': 'https://randomuser.me/api/portraits/women/62.jpg', 'medium': 'https://randomuser.me/api/portraits/med/women/62.jpg', 'thumbnail': 'https://randomuser.me/api/portraits/thumb/women/62.jpg'}, 'nat': 'CH'}], 'info': {'seed': 'f6d62c0b37970c91', 'results': 1, 'page': 1, 'version': '1.4'}}</msg>
<arg>${json_data}</arg>
<doc>Logs the given message with the given level.</doc>
<status status="PASS" start="2024-04-24T19:11:14.556794" elapsed="0.000207"/>
</kw>
<kw name="Dictionary Should Contain Key" owner="Collections">
<msg time="2024-04-24T19:11:14.557518" level="INFO">False</msg>
<arg>${json_data}</arg>
<arg>results</arg>
<doc>Fails if ``key`` is not found from ``dictionary``.</doc>
<status status="PASS" start="2024-04-24T19:11:14.557291" elapsed="0.000270"/>
</kw>
<kw name="Should Not Be Empty" owner="BuiltIn">
<msg time="2024-04-24T19:11:14.557999" level="INFO">Length is 2.</msg>
<arg>${json_data}</arg>
<doc>Verifies that the given item is not empty.</doc>
<status status="PASS" start="2024-04-24T19:11:14.557864" elapsed="0.000347"/>
</kw>
<kw name="Create List" owner="BuiltIn">
<msg time="2024-04-24T19:11:14.558659" level="INFO">${expected_keys} = ['gender', 'name', 'location', 'email', 'login']</msg>
<var>${expected_keys}</var>
<arg>gender</arg>
<arg>name</arg>
<arg>location</arg>
<arg>email</arg>
<arg>login</arg>
<doc>Returns a list containing given items.</doc>
<status status="PASS" start="2024-04-24T19:11:14.558506" elapsed="0.000177"/>
</kw>
<for flavor="IN">
<iter>
<kw name="Dictionary Should Contain Key" owner="Collections">
<msg time="2024-04-24T19:11:14.559675" level="INFO">False</msg>
<arg>${json_data['results'][0]}</arg>
<arg>${key}</arg>
<doc>Fails if ``key`` is not found from ``dictionary``.</doc>
<status status="PASS" start="2024-04-24T19:11:14.559268" elapsed="0.000445"/>
</kw>
<kw name="Log" owner="BuiltIn">
<msg time="2024-04-24T19:11:14.560379" level="INFO">{'gender': 'female', 'name': {'title': 'Mademoiselle', 'first': 'Murielle', 'last': 'Leroux'}, 'location': {'street': {'number': 7804, 'name': "Rue de L'Abbaye"}, 'city': 'Freienstein-Teufen', 'state': 'Solothurn', 'country': 'Switzerland', 'postcode': 9817, 'coordinates': {'latitude': '-60.3032', 'longitude': '173.0728'}, 'timezone': {'offset': '+2:00', 'description': 'Kaliningrad, South Africa'}}, 'email': 'murielle.leroux@example.com', 'login': {'uuid': 'b978c84a-c979-48ac-a8d7-d725a1f7c4af', 'username': 'heavysnake546', 'password': 'sithlord', 'salt': 'LBLFMViI', 'md5': 'c3ced69c682e0405b86ac6145dd527d1', 'sha1': 'b5b2efd648fef44904154cd98bf4133b88be4419', 'sha256': '45c26a0462c274c38a1a5aa6e1546ff60945b3e380cb0ba50c90f7b720f79ebe'}, 'dob': {'date': '1953-10-27T03:34:16.011Z', 'age': 70}, 'registered': {'date': '2008-08-13T09:43:25.414Z', 'age': 15}, 'phone': '077 826 96 31', 'cell': '079 395 00 96', 'id': {'name': 'AVS', 'value': '756.1103.7846.87'}, 'picture': {'large': 'https://randomuser.me/api/portraits/women/62.jpg', 'medium': 'https://randomuser.me/api/portraits/med/women/62.jpg', 'thumbnail': 'https://randomuser.me/api/portraits/thumb/women/62.jpg'}, 'nat': 'CH'}</msg>
<arg>${json_data['results'][0]}</arg>
<doc>Logs the given message with the given level.</doc>
<status status="PASS" start="2024-04-24T19:11:14.560013" elapsed="0.000413"/>
</kw>
<kw name="Log" owner="BuiltIn">
<msg time="2024-04-24T19:11:14.560845" level="INFO">gender</msg>
<arg>${key}</arg>
<doc>Logs the given message with the given level.</doc>
<status status="PASS" start="2024-04-24T19:11:14.560719" elapsed="0.000163"/>
</kw>
<var name="${key}">gender</var>
<status status="PASS" start="2024-04-24T19:11:14.559140" elapsed="0.001952"/>
</iter>
<iter>
<kw name="Dictionary Should Contain Key" owner="Collections">
<msg time="2024-04-24T19:11:14.561802" level="INFO">False</msg>
<arg>${json_data['results'][0]}</arg>
<arg>${key}</arg>
<doc>Fails if ``key`` is not found from ``dictionary``.</doc>
<status status="PASS" start="2024-04-24T19:11:14.561388" elapsed="0.000485"/>
</kw>
<kw name="Log" owner="BuiltIn">
<msg time="2024-04-24T19:11:14.562523" level="INFO">{'gender': 'female', 'name': {'title': 'Mademoiselle', 'first': 'Murielle', 'last': 'Leroux'}, 'location': {'street': {'number': 7804, 'name': "Rue de L'Abbaye"}, 'city': 'Freienstein-Teufen', 'state': 'Solothurn', 'country': 'Switzerland', 'postcode': 9817, 'coordinates': {'latitude': '-60.3032', 'longitude': '173.0728'}, 'timezone': {'offset': '+2:00', 'description': 'Kaliningrad, South Africa'}}, 'email': 'murielle.leroux@example.com', 'login': {'uuid': 'b978c84a-c979-48ac-a8d7-d725a1f7c4af', 'username': 'heavysnake546', 'password': 'sithlord', 'salt': 'LBLFMViI', 'md5': 'c3ced69c682e0405b86ac6145dd527d1', 'sha1': 'b5b2efd648fef44904154cd98bf4133b88be4419', 'sha256': '45c26a0462c274c38a1a5aa6e1546ff60945b3e380cb0ba50c90f7b720f79ebe'}, 'dob': {'date': '1953-10-27T03:34:16.011Z', 'age': 70}, 'registered': {'date': '2008-08-13T09:43:25.414Z', 'age': 15}, 'phone': '077 826 96 31', 'cell': '079 395 00 96', 'id': {'name': 'AVS', 'value': '756.1103.7846.87'}, 'picture': {'large': 'https://randomuser.me/api/portraits/women/62.jpg', 'medium': 'https://randomuser.me/api/portraits/med/women/62.jpg', 'thumbnail': 'https://randomuser.me/api/portraits/thumb/women/62.jpg'}, 'nat': 'CH'}</msg>
<arg>${json_data['results'][0]}</arg>
<doc>Logs the given message with the given level.</doc>
<status status="PASS" start="2024-04-24T19:11:14.562168" elapsed="0.000403"/>
</kw>
<kw name="Log" owner="BuiltIn">
<msg time="2024-04-24T19:11:14.562989" level="INFO">name</msg>
<arg>${key}</arg>
<doc>Logs the given message with the given level.</doc>
<status status="PASS" start="2024-04-24T19:11:14.562864" elapsed="0.000161"/>
</kw>
<var name="${key}">name</var>
<status status="PASS" start="2024-04-24T19:11:14.561276" elapsed="0.001961"/>
</iter>
<iter>
<kw name="Dictionary Should Contain Key" owner="Collections">
<msg time="2024-04-24T19:11:14.563897" level="INFO">False</msg>
<arg>${json_data['results'][0]}</arg>
<arg>${key}</arg>
<doc>Fails if ``key`` is not found from ``dictionary``.</doc>
<status status="PASS" start="2024-04-24T19:11:14.563520" elapsed="0.000413"/>
</kw>
<kw name="Log" owner="BuiltIn">
<msg time="2024-04-24T19:11:14.564593" level="INFO">{'gender': 'female', 'name': {'title': 'Mademoiselle', 'first': 'Murielle', 'last': 'Leroux'}, 'location': {'street': {'number': 7804, 'name': "Rue de L'Abbaye"}, 'city': 'Freienstein-Teufen', 'state': 'Solothurn', 'country': 'Switzerland', 'postcode': 9817, 'coordinates': {'latitude': '-60.3032', 'longitude': '173.0728'}, 'timezone': {'offset': '+2:00', 'description': 'Kaliningrad, South Africa'}}, 'email': 'murielle.leroux@example.com', 'login': {'uuid': 'b978c84a-c979-48ac-a8d7-d725a1f7c4af', 'username': 'heavysnake546', 'password': 'sithlord', 'salt': 'LBLFMViI', 'md5': 'c3ced69c682e0405b86ac6145dd527d1', 'sha1': 'b5b2efd648fef44904154cd98bf4133b88be4419', 'sha256': '45c26a0462c274c38a1a5aa6e1546ff60945b3e380cb0ba50c90f7b720f79ebe'}, 'dob': {'date': '1953-10-27T03:34:16.011Z', 'age': 70}, 'registered': {'date': '2008-08-13T09:43:25.414Z', 'age': 15}, 'phone': '077 826 96 31', 'cell': '079 395 00 96', 'id': {'name': 'AVS', 'value': '756.1103.7846.87'}, 'picture': {'large': 'https://randomuser.me/api/portraits/women/62.jpg', 'medium': 'https://randomuser.me/api/portraits/med/women/62.jpg', 'thumbnail': 'https://randomuser.me/api/portraits/thumb/women/62.jpg'}, 'nat': 'CH'}</msg>
<arg>${json_data['results'][0]}</arg>
<doc>Logs the given message with the given level.</doc>
<status status="PASS" start="2024-04-24T19:11:14.564229" elapsed="0.000411"/>
</kw>
<kw name="Log" owner="BuiltIn">
<msg time="2024-04-24T19:11:14.565054" level="INFO">location</msg>
<arg>${key}</arg>
<doc>Logs the given message with the given level.</doc>
<status status="PASS" start="2024-04-24T19:11:14.564930" elapsed="0.000161"/>
</kw>
<var name="${key}">location</var>
<status status="PASS" start="2024-04-24T19:11:14.563410" elapsed="0.001890"/>
</iter>
<iter>
<kw name="Dictionary Should Contain Key" owner="Collections">
<msg time="2024-04-24T19:11:14.566026" level="INFO">False</msg>
<arg>${json_data['results'][0]}</arg>
<arg>${key}</arg>
<doc>Fails if ``key`` is not found from ``dictionary``.</doc>
<status status="PASS" start="2024-04-24T19:11:14.565640" elapsed="0.000423"/>
</kw>
<kw name="Log" owner="BuiltIn">
<msg time="2024-04-24T19:11:14.566732" level="INFO">{'gender': 'female', 'name': {'title': 'Mademoiselle', 'first': 'Murielle', 'last': 'Leroux'}, 'location': {'street': {'number': 7804, 'name': "Rue de L'Abbaye"}, 'city': 'Freienstein-Teufen', 'state': 'Solothurn', 'country': 'Switzerland', 'postcode': 9817, 'coordinates': {'latitude': '-60.3032', 'longitude': '173.0728'}, 'timezone': {'offset': '+2:00', 'description': 'Kaliningrad, South Africa'}}, 'email': 'murielle.leroux@example.com', 'login': {'uuid': 'b978c84a-c979-48ac-a8d7-d725a1f7c4af', 'username': 'heavysnake546', 'password': 'sithlord', 'salt': 'LBLFMViI', 'md5': 'c3ced69c682e0405b86ac6145dd527d1', 'sha1': 'b5b2efd648fef44904154cd98bf4133b88be4419', 'sha256': '45c26a0462c274c38a1a5aa6e1546ff60945b3e380cb0ba50c90f7b720f79ebe'}, 'dob': {'date': '1953-10-27T03:34:16.011Z', 'age': 70}, 'registered': {'date': '2008-08-13T09:43:25.414Z', 'age': 15}, 'phone': '077 826 96 31', 'cell': '079 395 00 96', 'id': {'name': 'AVS', 'value': '756.1103.7846.87'}, 'picture': {'large': 'https://randomuser.me/api/portraits/women/62.jpg', 'medium': 'https://randomuser.me/api/portraits/med/women/62.jpg', 'thumbnail': 'https://randomuser.me/api/portraits/thumb/women/62.jpg'}, 'nat': 'CH'}</msg>
<arg>${json_data['results'][0]}</arg>
<doc>Logs the given message with the given level.</doc>
<status status="PASS" start="2024-04-24T19:11:14.566375" elapsed="0.000403"/>
</kw>
<kw name="Log" owner="BuiltIn">
<msg time="2024-04-24T19:11:14.567187" level="INFO">email</msg>
<arg>${key}</arg>
<doc>Logs the given message with the given level.</doc>
<status status="PASS" start="2024-04-24T19:11:14.567064" elapsed="0.000160"/>
</kw>
<var name="${key}">email</var>
<status status="PASS" start="2024-04-24T19:11:14.565525" elapsed="0.001906"/>
</iter>
<iter>
<kw name="Dictionary Should Contain Key" owner="Collections">
<msg time="2024-04-24T19:11:14.568090" level="INFO">False</msg>
<arg>${json_data['results'][0]}</arg>
<arg>${key}</arg>
<doc>Fails if ``key`` is not found from ``dictionary``.</doc>
<status status="PASS" start="2024-04-24T19:11:14.567710" elapsed="0.000417"/>
</kw>
<kw name="Log" owner="BuiltIn">
<msg time="2024-04-24T19:11:14.568778" level="INFO">{'gender': 'female', 'name': {'title': 'Mademoiselle', 'first': 'Murielle', 'last': 'Leroux'}, 'location': {'street': {'number': 7804, 'name': "Rue de L'Abbaye"}, 'city': 'Freienstein-Teufen', 'state': 'Solothurn', 'country': 'Switzerland', 'postcode': 9817, 'coordinates': {'latitude': '-60.3032', 'longitude': '173.0728'}, 'timezone': {'offset': '+2:00', 'description': 'Kaliningrad, South Africa'}}, 'email': 'murielle.leroux@example.com', 'login': {'uuid': 'b978c84a-c979-48ac-a8d7-d725a1f7c4af', 'username': 'heavysnake546', 'password': 'sithlord', 'salt': 'LBLFMViI', 'md5': 'c3ced69c682e0405b86ac6145dd527d1', 'sha1': 'b5b2efd648fef44904154cd98bf4133b88be4419', 'sha256': '45c26a0462c274c38a1a5aa6e1546ff60945b3e380cb0ba50c90f7b720f79ebe'}, 'dob': {'date': '1953-10-27T03:34:16.011Z', 'age': 70}, 'registered': {'date': '2008-08-13T09:43:25.414Z', 'age': 15}, 'phone': '077 826 96 31', 'cell': '079 395 00 96', 'id': {'name': 'AVS', 'value': '756.1103.7846.87'}, 'picture': {'large': 'https://randomuser.me/api/portraits/women/62.jpg', 'medium': 'https://randomuser.me/api/portraits/med/women/62.jpg', 'thumbnail': 'https://randomuser.me/api/portraits/thumb/women/62.jpg'}, 'nat': 'CH'}</msg>
<arg>${json_data['results'][0]}</arg>
<doc>Logs the given message with the given level.</doc>
<status status="PASS" start="2024-04-24T19:11:14.568416" elapsed="0.000408"/>
</kw>
<kw name="Log" owner="BuiltIn">
<msg time="2024-04-24T19:11:14.569266" level="INFO">login</msg>
<arg>${key}</arg>
<doc>Logs the given message with the given level.</doc>
<status status="PASS" start="2024-04-24T19:11:14.569140" elapsed="0.000163"/>
</kw>
<var name="${key}">login</var>
<status status="PASS" start="2024-04-24T19:11:14.567600" elapsed="0.001947"/>
</iter>
<var>${key}</var>
<value>@{expected_keys}</value>
<status status="PASS" start="2024-04-24T19:11:14.558947" elapsed="0.010720"/>
</for>
<kw name="Create List" owner="BuiltIn">
<msg time="2024-04-24T19:11:14.569994" level="INFO">${expected_keysTwo} = ['username', 'password']</msg>
<var>${expected_keysTwo}</var>
<arg>username</arg>
<arg>password</arg>
<doc>Returns a list containing given items.</doc>
<status status="PASS" start="2024-04-24T19:11:14.569860" elapsed="0.000157"/>
</kw>
<for flavor="IN">
<iter>
<kw name="Dictionary Should Contain Key" owner="Collections">
<msg time="2024-04-24T19:11:14.570910" level="INFO">False</msg>
<arg>${json_data['results'][0]['login']}</arg>
<arg>${keyTwo}</arg>
<doc>Fails if ``key`` is not found from ``dictionary``.</doc>
<status status="PASS" start="2024-04-24T19:11:14.570517" elapsed="0.000430"/>
</kw>
<kw name="Dictionary Should Contain Key" owner="Collections">
<msg time="2024-04-24T19:11:14.571611" level="INFO">False</msg>
<arg>${json_data['results'][0]['login']}</arg>
<arg>${keyTwo}</arg>
<doc>Fails if ``key`` is not found from ``dictionary``.</doc>
<status status="PASS" start="2024-04-24T19:11:14.571235" elapsed="0.000412"/>
</kw>
<kw name="Log" owner="BuiltIn">
<msg time="2024-04-24T19:11:14.572060" level="INFO">username</msg>
<arg>${keyTwo}</arg>
<doc>Logs the given message with the given level.</doc>
<status status="PASS" start="2024-04-24T19:11:14.571935" elapsed="0.000166"/>
</kw>
<var name="${keyTwo}">username</var>
<status status="PASS" start="2024-04-24T19:11:14.570407" elapsed="0.001908"/>
</iter>
<iter>
<kw name="Dictionary Should Contain Key" owner="Collections">
<msg time="2024-04-24T19:11:14.573052" level="INFO">False</msg>
<arg>${json_data['results'][0]['login']}</arg>
<arg>${keyTwo}</arg>
<doc>Fails if ``key`` is not found from ``dictionary``.</doc>
<status status="PASS" start="2024-04-24T19:11:14.572589" elapsed="0.000509"/>
</kw>
<kw name="Dictionary Should Contain Key" owner="Collections">
<msg time="2024-04-24T19:11:14.573810" level="INFO">False</msg>
<arg>${json_data['results'][0]['login']}</arg>
<arg>${keyTwo}</arg>
<doc>Fails if ``key`` is not found from ``dictionary``.</doc>
<status status="PASS" start="2024-04-24T19:11:14.573394" elapsed="0.000452"/>
</kw>
<kw name="Log" owner="BuiltIn">
<msg time="2024-04-24T19:11:14.574261" level="INFO">password</msg>
<arg>${keyTwo}</arg>
<doc>Logs the given message with the given level.</doc>
<status status="PASS" start="2024-04-24T19:11:14.574137" elapsed="0.000160"/>
</kw>
<var name="${keyTwo}">password</var>
<status status="PASS" start="2024-04-24T19:11:14.572482" elapsed="0.002028"/>
</iter>
<var>${keyTwo}</var>
<value>@{expected_keysTwo}</value>
<status status="PASS" start="2024-04-24T19:11:14.570250" elapsed="0.004379"/>
</for>
<status status="PASS" start="2024-04-24T19:11:14.455833" elapsed="0.118934"/>
</kw>
<doc>Testa a estrutura da resposta da API.</doc>
<tag>testeEstruturaResposta</tag>
<status status="PASS" start="2024-04-24T19:11:14.455075" elapsed="0.119850"/>
</test>
<test id="s1-s1-t4" name="Validar tipos de dados" line="28">
<kw name="Teste de Tipos de Dados" owner="random-user-service">
<kw name="GET On Session" owner="RequestsLibrary">
<msg time="2024-04-24T19:11:14.639539" level="INFO">GET Request : url=https://randomuser.me/api 
 path_url=/api 
 headers={'User-Agent': 'python-requests/2.31.0', 'Accept-Encoding': 'gzip, deflate', 'Accept': '*/*', 'Connection': 'keep-alive'} 
 body=None 
 </msg>
<msg time="2024-04-24T19:11:14.639648" level="INFO">GET Response : url=https://randomuser.me/api 
 status=200, reason=OK 
 headers={'Date': 'Wed, 24 Apr 2024 19:11:14 GMT', 'Content-Type': 'application/json; charset=utf-8', 'Transfer-Encoding': 'chunked', 'Connection': 'keep-alive', 'X-Powered-By': 'Express', 'Access-Control-Allow-Origin': '*', 'Cache-Control': 'no-cache', 'ETag': 'W/"49e-M0a6cn6Lyb/zPeNNt576m3a/Ddk"', 'Vary': 'Accept-Encoding', 'Content-Encoding': 'gzip', 'CF-Cache-Status': 'DYNAMIC', 'Report-To': '{"endpoints":[{"url":"https:\\/\\/a.nel.cloudflare.com\\/report\\/v4?s=YPS9QEAZalhnkTGxjb7cBBcbIZPmcUJV3bWI9gBxeZ6b9IbgrDF78LPhWuf3khLtq1HDCl%2BSThq6DZfIBwuzCbKCLlOOqk7MDILPDduRdq856z8x6Omcfq2uzmBeNmpa"}],"group":"cf-nel","max_age":604800}', 'NEL': '{"success_fraction":0,"report_to":"cf-nel","max_age":604800}', 'Server': 'cloudflare', 'CF-RAY': '879865e418208003-IAD', 'alt-svc': 'h3=":443"; ma=86400'} 
 body={"results":[{"gender":"male","name":{"title":"Mr","first":"Leonardo","last":"Ceja"},"location":{"street":{"number":6098,"name":"Continuación Sur Prado"},"city":"Hueypoxtla","state":"Guerrero","country":"Mexico","postcode":41700,"coordinates":{"latitude":"29.8359","longitude":"-102.9983"},"timezone":{"offset":"-6:00","description":"Central Time (US &amp; Canada), Mexico City"}},"email":"leonardo.ceja@example.com","login":{"uuid":"93397565-008a-497c-8da0-4e0170ead36e","username":"redbear350","password":"sprout","salt":"dcGPLBVb","md5":"c773b53afb58ca70133645244b69f1d5","sha1":"7c3737cb47e0f013c945cc7069fb1ae59800979a","sha256":"48eff7dc051067c7706adf142501fba1bd3fa6ba40b5e7412cd967d90f088f0b"},"dob":{"date":"1995-12-17T08:28:35.094Z","age":28},"registered":{"date":"2002-12-31T19:54:54.608Z","age":21},"phone":"(640) 968 2486","cell":"(618) 289 6660","id":{"name":"NSS","value":"37 82 39 3922 9"},"picture":{"large":"https://randomuser.me/api/portraits/men/6.jpg","medium":"https://randomuser.me/api/portraits/med/men/6.jpg","thumbnail":"https://randomuser.me/api/portraits/thumb/men/6.jpg"},"nat":"MX"}],"info":{"seed":"5b07a4e2eaf02d80","results":1,"page":1,"version":"1.4"}} 
 </msg>
<msg time="2024-04-24T19:11:14.639736" level="INFO">/opt/hostedtoolcache/Python/3.12.3/x64/lib/python3.12/site-packages/urllib3/connectionpool.py:1103: InsecureRequestWarning: Unverified HTTPS request is being made to host 'randomuser.me'. Adding certificate verification is strongly advised. See: https://urllib3.readthedocs.io/en/latest/advanced-usage.html#tls-warnings
  warnings.warn(</msg>
<msg time="2024-04-24T19:11:14.639862" level="INFO">${response} = &lt;Response [200]&gt;</msg>
<var>${response}</var>
<arg>consultarAPI</arg>
<arg>/api</arg>
<doc>Sends a GET request on a previously created HTTP Session.</doc>
<status status="PASS" start="2024-04-24T19:11:14.577380" elapsed="0.062513"/>
</kw>
<kw name="Set Variable" owner="BuiltIn">
<msg time="2024-04-24T19:11:14.640948" level="INFO">${json_data} = {'results': [{'gender': 'male', 'name': {'title': 'Mr', 'first': 'Leonardo', 'last': 'Ceja'}, 'location': {'street': {'number': 6098, 'name': 'Continuación Sur Prado'}, 'city': 'Hueypoxtla', 'state': ...</msg>
<var>${json_data}</var>
<arg>${response.json()}</arg>
<doc>Returns the given values which can then be assigned to a variables.</doc>
<status status="PASS" start="2024-04-24T19:11:14.640419" elapsed="0.000558"/>
</kw>
<kw name="Log" owner="BuiltIn">
<msg time="2024-04-24T19:11:14.641485" level="INFO">{'results': [{'gender': 'male', 'name': {'title': 'Mr', 'first': 'Leonardo', 'last': 'Ceja'}, 'location': {'street': {'number': 6098, 'name': 'Continuación Sur Prado'}, 'city': 'Hueypoxtla', 'state': 'Guerrero', 'country': 'Mexico', 'postcode': 41700, 'coordinates': {'latitude': '29.8359', 'longitude': '-102.9983'}, 'timezone': {'offset': '-6:00', 'description': 'Central Time (US &amp; Canada), Mexico City'}}, 'email': 'leonardo.ceja@example.com', 'login': {'uuid': '93397565-008a-497c-8da0-4e0170ead36e', 'username': 'redbear350', 'password': 'sprout', 'salt': 'dcGPLBVb', 'md5': 'c773b53afb58ca70133645244b69f1d5', 'sha1': '7c3737cb47e0f013c945cc7069fb1ae59800979a', 'sha256': '48eff7dc051067c7706adf142501fba1bd3fa6ba40b5e7412cd967d90f088f0b'}, 'dob': {'date': '1995-12-17T08:28:35.094Z', 'age': 28}, 'registered': {'date': '2002-12-31T19:54:54.608Z', 'age': 21}, 'phone': '(640) 968 2486', 'cell': '(618) 289 6660', 'id': {'name': 'NSS', 'value': '37 82 39 3922 9'}, 'picture': {'large': 'https://randomuser.me/api/portraits/men/6.jpg', 'medium': 'https://randomuser.me/api/portraits/med/men/6.jpg', 'thumbnail': 'https://randomuser.me/api/portraits/thumb/men/6.jpg'}, 'nat': 'MX'}], 'info': {'seed': '5b07a4e2eaf02d80', 'results': 1, 'page': 1, 'version': '1.4'}}</msg>
<arg>${json_data}</arg>
<doc>Logs the given message with the given level.</doc>
<status status="PASS" start="2024-04-24T19:11:14.641283" elapsed="0.000303"/>
</kw>
<kw name="Should Be String" owner="String">
<arg>${json_data['results'][0]['gender']}</arg>
<doc>Fails if the given ``item`` is not a string.</doc>
<status status="PASS" start="2024-04-24T19:11:14.641891" elapsed="0.000368"/>
</kw>
<kw name="Should Match Regexp" owner="BuiltIn">
<arg>${json_data['results'][0]['email']}</arg>
<arg>^[a-zA-Z0-9._%+-]+@[a-zA-Z0-9.-]+\.[a-zA-Z]{2,}$</arg>
<doc>Fails if ``string`` does not match ``pattern`` as a regular expression.</doc>
<status status="PASS" start="2024-04-24T19:11:14.642450" elapsed="0.000526"/>
</kw>
<kw name="Should Match Regexp" owner="BuiltIn">
<arg>${json_data['results'][0]['dob']['date']}</arg>
<arg>\\d{4}-\\d{2}-\\d{2}T\\d{2}:\\d{2}:\\d{2}\\.\\d{3}Z</arg>
<doc>Fails if ``string`` does not match ``pattern`` as a regular expression.</doc>
<status status="PASS" start="2024-04-24T19:11:14.643170" elapsed="0.000481"/>
</kw>
<kw name="Should Match Regexp" owner="BuiltIn">
<arg>${json_data['results'][0]['registered']['date']}</arg>
<arg>\\d{4}-\\d{2}-\\d{2}T\\d{2}:\\d{2}:\\d{2}\\.\\d{3}Z</arg>
<doc>Fails if ``string`` does not match ``pattern`` as a regular expression.</doc>
<status status="PASS" start="2024-04-24T19:11:14.643840" elapsed="0.000369"/>
</kw>
<kw name="Should Match Regexp" owner="BuiltIn">
<arg>${json_data['results'][0]['picture']['large']}</arg>
<arg>^https?://.*\.(?:png|jpe?g|gif|bmp)$</arg>
<doc>Fails if ``string`` does not match ``pattern`` as a regular expression.</doc>
<status status="PASS" start="2024-04-24T19:11:14.644391" elapsed="0.000459"/>
</kw>
<kw name="Should Match Regexp" owner="BuiltIn">
<arg>${json_data['results'][0]['picture']['medium']}</arg>
<arg>^https?://.*\.(?:png|jpe?g|gif|bmp)$</arg>
<doc>Fails if ``string`` does not match ``pattern`` as a regular expression.</doc>
<status status="PASS" start="2024-04-24T19:11:14.645031" elapsed="0.000356"/>
</kw>
<kw name="Should Match Regexp" owner="BuiltIn">
<arg>${json_data['results'][0]['picture']['thumbnail']}</arg>
<arg>^https?://.*\.(?:png|jpe?g|gif|bmp)$</arg>
<doc>Fails if ``string`` does not match ``pattern`` as a regular expression.</doc>
<status status="PASS" start="2024-04-24T19:11:14.645605" elapsed="0.000358"/>
</kw>
<kw name="Log" owner="BuiltIn">
<msg time="2024-04-24T19:11:14.646466" level="INFO">{'large': 'https://randomuser.me/api/portraits/men/6.jpg', 'medium': 'https://randomuser.me/api/portraits/med/men/6.jpg', 'thumbnail': 'https://randomuser.me/api/portraits/thumb/men/6.jpg'}</msg>
<arg>${json_data['results'][0]['picture']}</arg>
<doc>Logs the given message with the given level.</doc>
<status status="PASS" start="2024-04-24T19:11:14.646143" elapsed="0.000363"/>
</kw>
<status status="PASS" start="2024-04-24T19:11:14.577152" elapsed="0.069609"/>
</kw>
<kw name="Teste de Tipos de Dados - Postcode" owner="random-user-service">
<kw name="GET On Session" owner="RequestsLibrary">
<msg time="2024-04-24T19:11:14.740660" level="INFO">GET Request : url=https://randomuser.me/api 
 path_url=/api 
 headers={'User-Agent': 'python-requests/2.31.0', 'Accept-Encoding': 'gzip, deflate', 'Accept': '*/*', 'Connection': 'keep-alive'} 
 body=None 
 </msg>
<msg time="2024-04-24T19:11:14.740760" level="INFO">GET Response : url=https://randomuser.me/api 
 status=200, reason=OK 
 headers={'Date': 'Wed, 24 Apr 2024 19:11:14 GMT', 'Content-Type': 'application/json; charset=utf-8', 'Transfer-Encoding': 'chunked', 'Connection': 'keep-alive', 'X-Powered-By': 'Express', 'Access-Control-Allow-Origin': '*', 'Cache-Control': 'no-cache', 'ETag': 'W/"489-37OtGgj6f84MJ68GMjcY6wj87aI"', 'Vary': 'Accept-Encoding', 'Content-Encoding': 'gzip', 'CF-Cache-Status': 'DYNAMIC', 'Report-To': '{"endpoints":[{"url":"https:\\/\\/a.nel.cloudflare.com\\/report\\/v4?s=hiNy1oaF0aU5tlgm8x%2BO0OwnEGeu8iiVttoowA%2BuIviujN9Q46HXEBbt2ewsTX7BPAbcCxxhXGuy4odxgizQMPrKVz6LIF1HHrgQgztw88%2Fsj80QSD054QsfPWwIEdFv"}],"group":"cf-nel","max_age":604800}', 'NEL': '{"success_fraction":0,"report_to":"cf-nel","max_age":604800}', 'Server': 'cloudflare', 'CF-RAY': '879865e488a58003-IAD', 'alt-svc': 'h3=":443"; ma=86400'} 
 body={"results":[{"gender":"female","name":{"title":"Mrs","first":"Sonja","last":"Schmied"},"location":{"street":{"number":5141,"name":"Poststraße"},"city":"Oder-Spree","state":"Rheinland-Pfalz","country":"Germany","postcode":63541,"coordinates":{"latitude":"-48.9326","longitude":"153.8379"},"timezone":{"offset":"-9:00","description":"Alaska"}},"email":"sonja.schmied@example.com","login":{"uuid":"ec718caa-9072-4f6e-904c-a0061962dd31","username":"silverostrich149","password":"diggler","salt":"aEk0z4La","md5":"c5b0ddf79a9e6f31f42ae182431dd463","sha1":"dfd62fe498289d44edd8fd0c7a35ef445d599006","sha256":"0d5a72eb83c7eb27a91a2ec6942588be56c9cdc6ed6490a811dff05f9558142e"},"dob":{"date":"1945-01-12T02:18:56.949Z","age":79},"registered":{"date":"2009-11-13T07:38:25.229Z","age":14},"phone":"0631-8820445","cell":"0171-5362136","id":{"name":"SVNR","value":"43 110145 S 929"},"picture":{"large":"https://randomuser.me/api/portraits/women/10.jpg","medium":"https://randomuser.me/api/portraits/med/women/10.jpg","thumbnail":"https://randomuser.me/api/portraits/thumb/women/10.jpg"},"nat":"DE"}],"info":{"seed":"bf2776fe4c224829","results":1,"page":1,"version":"1.4"}} 
 </msg>
<msg time="2024-04-24T19:11:14.740837" level="INFO">/opt/hostedtoolcache/Python/3.12.3/x64/lib/python3.12/site-packages/urllib3/connectionpool.py:1103: InsecureRequestWarning: Unverified HTTPS request is being made to host 'randomuser.me'. Adding certificate verification is strongly advised. See: https://urllib3.readthedocs.io/en/latest/advanced-usage.html#tls-warnings
  warnings.warn(</msg>
<msg time="2024-04-24T19:11:14.740956" level="INFO">${response} = &lt;Response [200]&gt;</msg>
<var>${response}</var>
<arg>consultarAPI</arg>
<arg>/api</arg>
<doc>Sends a GET request on a previously created HTTP Session.</doc>
<status status="PASS" start="2024-04-24T19:11:14.647229" elapsed="0.093756"/>
</kw>
<kw name="Set Variable" owner="BuiltIn">
<msg time="2024-04-24T19:11:14.742089" level="INFO">${json_data} = {'results': [{'gender': 'female', 'name': {'title': 'Mrs', 'first': 'Sonja', 'last': 'Schmied'}, 'location': {'street': {'number': 5141, 'name': 'Poststraße'}, 'city': 'Oder-Spree', 'state': 'Rheinlan...</msg>
<var>${json_data}</var>
<arg>${response.json()}</arg>
<doc>Returns the given values which can then be assigned to a variables.</doc>
<status status="PASS" start="2024-04-24T19:11:14.741563" elapsed="0.000554"/>
</kw>
<kw name="Log" owner="BuiltIn">
<msg time="2024-04-24T19:11:14.742591" level="INFO">{'results': [{'gender': 'female', 'name': {'title': 'Mrs', 'first': 'Sonja', 'last': 'Schmied'}, 'location': {'street': {'number': 5141, 'name': 'Poststraße'}, 'city': 'Oder-Spree', 'state': 'Rheinland-Pfalz', 'country': 'Germany', 'postcode': 63541, 'coordinates': {'latitude': '-48.9326', 'longitude': '153.8379'}, 'timezone': {'offset': '-9:00', 'description': 'Alaska'}}, 'email': 'sonja.schmied@example.com', 'login': {'uuid': 'ec718caa-9072-4f6e-904c-a0061962dd31', 'username': 'silverostrich149', 'password': 'diggler', 'salt': 'aEk0z4La', 'md5': 'c5b0ddf79a9e6f31f42ae182431dd463', 'sha1': 'dfd62fe498289d44edd8fd0c7a35ef445d599006', 'sha256': '0d5a72eb83c7eb27a91a2ec6942588be56c9cdc6ed6490a811dff05f9558142e'}, 'dob': {'date': '1945-01-12T02:18:56.949Z', 'age': 79}, 'registered': {'date': '2009-11-13T07:38:25.229Z', 'age': 14}, 'phone': '0631-8820445', 'cell': '0171-5362136', 'id': {'name': 'SVNR', 'value': '43 110145 S 929'}, 'picture': {'large': 'https://randomuser.me/api/portraits/women/10.jpg', 'medium': 'https://randomuser.me/api/portraits/med/women/10.jpg', 'thumbnail': 'https://randomuser.me/api/portraits/thumb/women/10.jpg'}, 'nat': 'DE'}], 'info': {'seed': 'bf2776fe4c224829', 'results': 1, 'page': 1, 'version': '1.4'}}</msg>
<arg>${json_data}</arg>
<doc>Logs the given message with the given level.</doc>
<status status="PASS" start="2024-04-24T19:11:14.742428" elapsed="0.000252"/>
</kw>
<kw name="Should Be Equal As Numbers" owner="BuiltIn">
<arg>${json_data['results'][0]['location']['postcode']}</arg>
<arg>${json_data['results'][0]['location']['postcode']}</arg>
<doc>Fails if objects are unequal after converting them to real numbers.</doc>
<status status="PASS" start="2024-04-24T19:11:14.743162" elapsed="0.000623"/>
</kw>
<kw name="Log" owner="BuiltIn">
<msg time="2024-04-24T19:11:14.744306" level="INFO">63541</msg>
<arg>${json_data['results'][0]['location']['postcode']}</arg>
<doc>Logs the given message with the given level.</doc>
<status status="PASS" start="2024-04-24T19:11:14.743973" elapsed="0.000371"/>
</kw>
<status status="PASS" start="2024-04-24T19:11:14.646989" elapsed="0.097610"/>
</kw>
<doc>Testa se os tipos de dados na resposta da API estão corretos.</doc>
<tag>testeTiposDados</tag>
<status status="PASS" start="2024-04-24T19:11:14.576688" elapsed="0.168075"/>
</test>
<test id="s1-s1-t5" name="Validar conteudo" line="35">
<kw name="Teste de Tipos de Conteudo" owner="random-user-service">
<kw name="GET On Session" owner="RequestsLibrary">
<msg time="2024-04-24T19:11:14.897709" level="INFO">GET Request : url=https://randomuser.me/api 
 path_url=/api 
 headers={'User-Agent': 'python-requests/2.31.0', 'Accept-Encoding': 'gzip, deflate', 'Accept': '*/*', 'Connection': 'keep-alive'} 
 body=None 
 </msg>
<msg time="2024-04-24T19:11:14.897822" level="INFO">GET Response : url=https://randomuser.me/api 
 status=200, reason=OK 
 headers={'Date': 'Wed, 24 Apr 2024 19:11:14 GMT', 'Content-Type': 'application/json; charset=utf-8', 'Transfer-Encoding': 'chunked', 'Connection': 'keep-alive', 'X-Powered-By': 'Express', 'Access-Control-Allow-Origin': '*', 'Cache-Control': 'no-cache', 'ETag': 'W/"490-nPtxjzd7eSzLauTWexq//GyXFfc"', 'Vary': 'Accept-Encoding', 'Content-Encoding': 'gzip', 'CF-Cache-Status': 'DYNAMIC', 'Report-To': '{"endpoints":[{"url":"https:\\/\\/a.nel.cloudflare.com\\/report\\/v4?s=y5tak%2BcST4AjGJIYxFxI2oJKmIA9nOeSPA7KdF1qvJjKRIwveXlPJELM9suGoubCwFctLf6qgI6RgtaMAudoAche3%2FnvuJMImfQp7fLiIRntT2ZmC6FSxSvAaAD4wuie"}],"group":"cf-nel","max_age":604800}', 'NEL': '{"success_fraction":0,"report_to":"cf-nel","max_age":604800}', 'Server': 'cloudflare', 'CF-RAY': '879865e5296e8003-IAD', 'alt-svc': 'h3=":443"; ma=86400'} 
 body={"results":[{"gender":"male","name":{"title":"Mr","first":"Manuel","last":"Rodríguez"},"location":{"street":{"number":662,"name":"Callejón Páez"},"city":"Becal","state":"Colima","country":"Mexico","postcode":14602,"coordinates":{"latitude":"22.2697","longitude":"-168.4155"},"timezone":{"offset":"+7:00","description":"Bangkok, Hanoi, Jakarta"}},"email":"manuel.rodriguez@example.com","login":{"uuid":"acd13140-691a-4c5e-9005-3f9f39e44e26","username":"beautifulgoose291","password":"5555555","salt":"zMhQVu6h","md5":"7177466d10741f4a5f5c8eaa875f6126","sha1":"668960fe1af6c8b77b17ec82c8aef0d1df81844a","sha256":"454d8353c646990de45cd5bfa2cc49fb6babba23f199b5c1de8480f6c8398bb2"},"dob":{"date":"2000-03-26T09:35:30.205Z","age":24},"registered":{"date":"2014-02-07T14:29:19.893Z","age":10},"phone":"(625) 932 9141","cell":"(683) 325 1517","id":{"name":"NSS","value":"50 39 71 1322 4"},"picture":{"large":"https://randomuser.me/api/portraits/men/95.jpg","medium":"https://randomuser.me/api/portraits/med/men/95.jpg","thumbnail":"https://randomuser.me/api/portraits/thumb/men/95.jpg"},"nat":"MX"}],"info":{"seed":"1e28290ae1b6479b","results":1,"page":1,"version":"1.4"}} 
 </msg>
<msg time="2024-04-24T19:11:14.897910" level="INFO">/opt/hostedtoolcache/Python/3.12.3/x64/lib/python3.12/site-packages/urllib3/connectionpool.py:1103: InsecureRequestWarning: Unverified HTTPS request is being made to host 'randomuser.me'. Adding certificate verification is strongly advised. See: https://urllib3.readthedocs.io/en/latest/advanced-usage.html#tls-warnings
  warnings.warn(</msg>
<msg time="2024-04-24T19:11:14.898030" level="INFO">${response} = &lt;Response [200]&gt;</msg>
<var>${response}</var>
<arg>consultarAPI</arg>
<arg>/api</arg>
<doc>Sends a GET request on a previously created HTTP Session.</doc>
<status status="PASS" start="2024-04-24T19:11:14.747213" elapsed="0.150844"/>
</kw>
<kw name="Set Variable" owner="BuiltIn">
<msg time="2024-04-24T19:11:14.899118" level="INFO">${json_data} = {'results': [{'gender': 'male', 'name': {'title': 'Mr', 'first': 'Manuel', 'last': 'Rodríguez'}, 'location': {'street': {'number': 662, 'name': 'Callejón Páez'}, 'city': 'Becal', 'state': 'Colima', 'c...</msg>
<var>${json_data}</var>
<arg>${response.json()}</arg>
<doc>Returns the given values which can then be assigned to a variables.</doc>
<status status="PASS" start="2024-04-24T19:11:14.898593" elapsed="0.000554"/>
</kw>
<kw name="Set Variable" owner="BuiltIn">
<msg time="2024-04-24T19:11:14.899840" level="INFO">${name_title} = Mr</msg>
<var>${name_title}</var>
<arg>${json_data["results"][0]["name"]["title"]}</arg>
<doc>Returns the given values which can then be assigned to a variables.</doc>
<status status="PASS" start="2024-04-24T19:11:14.899449" elapsed="0.000417"/>
</kw>
<kw name="Create List" owner="BuiltIn">
<msg time="2024-04-24T19:11:14.900309" level="INFO">${allowed_titles} = ['Mr', 'Ms', 'Miss', 'Mrs', 'Madame', 'Monsieur']</msg>
<var>${allowed_titles}</var>
<arg>Mr</arg>
<arg>Ms</arg>
<arg>Miss</arg>
<arg>Mrs</arg>
<arg>Madame</arg>
<arg>Monsieur</arg>
<doc>Returns a list containing given items.</doc>
<status status="PASS" start="2024-04-24T19:11:14.900162" elapsed="0.000171"/>
</kw>
<kw name="List Should Contain Value" owner="Collections">
<msg time="2024-04-24T19:11:14.900812" level="INFO">False</msg>
<arg>${allowed_titles}</arg>
<arg>${name_title}</arg>
<doc>Fails if the ``value`` is not found from ``list``.</doc>
<status status="PASS" start="2024-04-24T19:11:14.900638" elapsed="0.000211"/>
</kw>
<kw name="Set Variable" owner="BuiltIn">
<msg time="2024-04-24T19:11:14.901565" level="INFO">${name_country} = MX</msg>
<var>${name_country}</var>
<arg>${json_data["results"][0]["nat"]}</arg>
<doc>Returns the given values which can then be assigned to a variables.</doc>
<status status="PASS" start="2024-04-24T19:11:14.901132" elapsed="0.000459"/>
</kw>
<kw name="Create List" owner="BuiltIn">
<msg time="2024-04-24T19:11:14.902483" level="INFO">${list_country} = ['AD', 'AE', 'AF', 'AG', 'AI', 'AL', 'AM', 'AO', 'AQ', 'AR', 'AS', 'AT', 'AU', 'AW', 'AX', 'AZ', 'BA', 'BB', 'BD', 'BE', 'BF', 'BG', 'BH', 'BI', 'BJ', 'BL', 'BM', 'BN', 'BO', 'BQ', 'BR', 'BS', 'BT', '...</msg>
<var>${list_country}</var>
<arg>AD</arg>
<arg>AE</arg>
<arg>AF</arg>
<arg>AG</arg>
<arg>AI</arg>
<arg>AL</arg>
<arg>AM</arg>
<arg>AO</arg>
<arg>AQ</arg>
<arg>AR</arg>
<arg>AS</arg>
<arg>AT</arg>
<arg>AU</arg>
<arg>AW</arg>
<arg>AX</arg>
<arg>AZ</arg>
<arg>BA</arg>
<arg>BB</arg>
<arg>BD</arg>
<arg>BE</arg>
<arg>BF</arg>
<arg>BG</arg>
<arg>BH</arg>
<arg>BI</arg>
<arg>BJ</arg>
<arg>BL</arg>
<arg>BM</arg>
<arg>BN</arg>
<arg>BO</arg>
<arg>BQ</arg>
<arg>BR</arg>
<arg>BS</arg>
<arg>BT</arg>
<arg>BV</arg>
<arg>BW</arg>
<arg>BY</arg>
<arg>BZ</arg>
<arg>CA</arg>
<arg>CC</arg>
<arg>CD</arg>
<arg>CF</arg>
<arg>CG</arg>
<arg>CH</arg>
<arg>CI</arg>
<arg>CK</arg>
<arg>CL</arg>
<arg>CM</arg>
<arg>CN</arg>
<arg>CO</arg>
<arg>CR</arg>
<arg>CU</arg>
<arg>CV</arg>
<arg>CW</arg>
<arg>CX</arg>
<arg>CY</arg>
<arg>CZ</arg>
<arg>DE</arg>
<arg>DJ</arg>
<arg>DK</arg>
<arg>DM</arg>
<arg>DO</arg>
<arg>DZ</arg>
<arg>EC</arg>
<arg>EE</arg>
<arg>EG</arg>
<arg>EH</arg>
<arg>ER</arg>
<arg>ES</arg>
<arg>ET</arg>
<arg>FI</arg>
<arg>FJ</arg>
<arg>FK</arg>
<arg>FM</arg>
<arg>FO</arg>
<arg>FR</arg>
<arg>GA</arg>
<arg>GB</arg>
<arg>GD</arg>
<arg>GE</arg>
<arg>GF</arg>
<arg>GG</arg>
<arg>GH</arg>
<arg>GI</arg>
<arg>GL</arg>
<arg>GM</arg>
<arg>GN</arg>
<arg>GP</arg>
<arg>GQ</arg>
<arg>GR</arg>
<arg>GS</arg>
<arg>GT</arg>
<arg>GU</arg>
<arg>GW</arg>
<arg>GY</arg>
<arg>HK</arg>
<arg>HM</arg>
<arg>HN</arg>
<arg>HR</arg>
<arg>HT</arg>
<arg>HU</arg>
<arg>ID</arg>
<arg>IE</arg>
<arg>IL</arg>
<arg>IM</arg>
<arg>IN</arg>
<arg>IO</arg>
<arg>IQ</arg>
<arg>IR</arg>
<arg>IS</arg>
<arg>IT</arg>
<arg>JE</arg>
<arg>JM</arg>
<arg>JO</arg>
<arg>JP</arg>
<arg>KE</arg>
<arg>KG</arg>
<arg>KH</arg>
<arg>KI</arg>
<arg>KM</arg>
<arg>KN</arg>
<arg>KP</arg>
<arg>KR</arg>
<arg>KW</arg>
<arg>KY</arg>
<arg>KZ</arg>
<arg>LA</arg>
<arg>LB</arg>
<arg>LC</arg>
<arg>LI</arg>
<arg>LK</arg>
<arg>LR</arg>
<arg>LS</arg>
<arg>LT</arg>
<arg>LU</arg>
<arg>LV</arg>
<arg>LY</arg>
<arg>MA</arg>
<arg>MC</arg>
<arg>MD</arg>
<arg>ME</arg>
<arg>MF</arg>
<arg>MG</arg>
<arg>MH</arg>
<arg>MK</arg>
<arg>ML</arg>
<arg>MM</arg>
<arg>MN</arg>
<arg>MO</arg>
<arg>MP</arg>
<arg>MQ</arg>
<arg>MR</arg>
<arg>MS</arg>
<arg>MT</arg>
<arg>MU</arg>
<arg>MV</arg>
<arg>MW</arg>
<arg>MX</arg>
<arg>MY</arg>
<arg>MZ</arg>
<arg>NA</arg>
<arg>NC</arg>
<arg>NE</arg>
<arg>NF</arg>
<arg>NG</arg>
<arg>NI</arg>
<arg>NL</arg>
<arg>NO</arg>
<arg>NP</arg>
<arg>NR</arg>
<arg>NU</arg>
<arg>NZ</arg>
<arg>OM</arg>
<arg>PA</arg>
<arg>PE</arg>
<arg>PF</arg>
<arg>PG</arg>
<arg>PH</arg>
<arg>PK</arg>
<arg>PL</arg>
<arg>PM</arg>
<arg>PN</arg>
<arg>PR</arg>
<arg>PS</arg>
<arg>PT</arg>
<arg>PW</arg>
<arg>PY</arg>
<arg>QA</arg>
<arg>RE</arg>
<arg>RO</arg>
<arg>RS</arg>
<arg>RU</arg>
<arg>RW</arg>
<arg>SA</arg>
<arg>SB</arg>
<arg>SC</arg>
<arg>SD</arg>
<arg>SE</arg>
<arg>SG</arg>
<arg>SH</arg>
<arg>SI</arg>
<arg>SJ</arg>
<arg>SK</arg>
<arg>SL</arg>
<arg>SM</arg>
<arg>SN</arg>
<arg>SO</arg>
<arg>SR</arg>
<arg>SS</arg>
<arg>ST</arg>
<arg>SV</arg>
<arg>SX</arg>
<arg>SY</arg>
<arg>SZ</arg>
<arg>TC</arg>
<arg>TD</arg>
<arg>TF</arg>
<arg>TG</arg>
<arg>TH</arg>
<arg>TJ</arg>
<arg>TK</arg>
<arg>TL</arg>
<arg>TM</arg>
<arg>TN</arg>
<arg>TO</arg>
<arg>TR</arg>
<arg>TT</arg>
<arg>TV</arg>
<arg>TW</arg>
<arg>TZ</arg>
<arg>UA</arg>
<arg>UG</arg>
<arg>UM</arg>
<arg>US</arg>
<arg>UY</arg>
<arg>UZ</arg>
<arg>VA</arg>
<arg>VC</arg>
<arg>VE</arg>
<arg>VG</arg>
<arg>VI</arg>
<arg>VN</arg>
<arg>VU</arg>
<arg>WF</arg>
<arg>WS</arg>
<arg>XK</arg>
<arg>YE</arg>
<arg>YT</arg>
<arg>ZA</arg>
<arg>ZM</arg>
<arg>ZW</arg>
<doc>Returns a list containing given items.</doc>
<status status="PASS" start="2024-04-24T19:11:14.901900" elapsed="0.000609"/>
</kw>
<kw name="List Should Contain Value" owner="Collections">
<msg time="2024-04-24T19:11:14.903491" level="INFO">False</msg>
<arg>${list_country}</arg>
<arg>${name_country}</arg>
<doc>Fails if the ``value`` is not found from ``list``.</doc>
<status status="PASS" start="2024-04-24T19:11:14.903292" elapsed="0.000235"/>
</kw>
<kw name="Run Keyword If" owner="BuiltIn">
<kw name="Should Be True" owner="BuiltIn">
<arg>${True}</arg>
<doc>Fails if the given condition is not true.</doc>
<status status="PASS" start="2024-04-24T19:11:14.904596" elapsed="0.000263"/>
</kw>
<arg>${json_data["results"][0]["location"]["coordinates"]["latitude"]} &gt;= -90 and ${json_data["results"][0]["location"]["coordinates"]["latitude"]} &lt;= 90</arg>
<arg>Should Be True</arg>
<arg>${True}</arg>
<doc>Runs the given keyword with the given arguments, if ``condition`` is true.</doc>
<status status="PASS" start="2024-04-24T19:11:14.903835" elapsed="0.001155"/>
</kw>
<kw name="Run Keyword If" owner="BuiltIn">
<kw name="Should Be True" owner="BuiltIn">
<arg>${True}</arg>
<doc>Fails if the given condition is not true.</doc>
<status status="PASS" start="2024-04-24T19:11:14.905926" elapsed="0.000140"/>
</kw>
<arg>${json_data["results"][0]["location"]["coordinates"]["longitude"]} &gt;= -180 and ${json_data["results"][0]["location"]["coordinates"]["longitude"]} &lt;= 180</arg>
<arg>Should Be True</arg>
<arg>${True}</arg>
<doc>Runs the given keyword with the given arguments, if ``condition`` is true.</doc>
<status status="PASS" start="2024-04-24T19:11:14.905177" elapsed="0.001013"/>
</kw>
<status status="PASS" start="2024-04-24T19:11:14.746987" elapsed="0.159332"/>
</kw>
<doc>Testa o conteúdo específico dos campos retornados pela API.</doc>
<tag>testeConteudo</tag>
<status status="PASS" start="2024-04-24T19:11:14.746537" elapsed="0.159934"/>
</test>
<status status="PASS" start="2024-04-24T19:11:13.927842" elapsed="0.980594"/>
</suite>
<status status="PASS" start="2024-04-24T19:11:13.914178" elapsed="0.999418"/>
</suite>
<statistics>
<total>
<stat pass="5" fail="0" skip="0">All Tests</stat>
</total>
<tag>
<stat pass="1" fail="0" skip="0">testeConteudo</stat>
<stat pass="1" fail="0" skip="0">testeEstruturaResposta</stat>
<stat pass="1" fail="0" skip="0">testeRequisicaoBasica</stat>
<stat pass="1" fail="0" skip="0">testeTiposDados</stat>
</tag>
<suite>
<stat pass="5" fail="0" skip="0" id="s1" name="Tests">Tests</stat>
<stat pass="5" fail="0" skip="0" id="s1-s1" name="Random-User-Test">Tests.Random-User-Test</stat>
</suite>
</statistics>
<errors>
</errors>
</robot>
