<?xml version="1.0" encoding="UTF-8"?>
<robot generator="Robot 7.0 (Python 3.12.3 on linux)" generated="2024-05-01T19:13:24.701804" rpa="false" schemaversion="5">
<suite id="s1" name="Tests" source="/home/runner/work/DesafioQAItauRogerioJordao/DesafioQAItauRogerioJordao/RamdonUser/tests">
<suite id="s1-s1" name="Random-User-Test" source="/home/runner/work/DesafioQAItauRogerioJordao/DesafioQAItauRogerioJordao/RamdonUser/tests/random-user-test.robot">
<test id="s1-s1-t1" name="Conectar" line="13">
<kw name="Conectar API" owner="random-user-service">
<kw name="Create Session" owner="RequestsLibrary">
<msg time="2024-05-01T19:13:25.111001" level="INFO">Creating Session using : alias=consultarAPI, url=https://randomuser.me/, headers={},                     cookies={}, auth=None, timeout=None, proxies=None, verify=False,                     debug=0 </msg>
<arg>consultarAPI</arg>
<arg>${URL}</arg>
<doc>Create Session: create a HTTP session to a server</doc>
<status status="PASS" start="2024-05-01T19:13:25.110746" elapsed="0.000477"/>
</kw>
<status status="PASS" start="2024-05-01T19:13:25.109657" elapsed="0.001967"/>
</kw>
<status status="PASS" start="2024-05-01T19:13:25.109019" elapsed="0.002814"/>
</test>
<test id="s1-s1-t2" name="Validar retorno 200 e JSON Válido" line="16">
<kw name="Teste de Requisicao Basica" owner="random-user-service">
<kw name="GET On Session" owner="RequestsLibrary">
<msg time="2024-05-01T19:13:25.203174" level="INFO">GET Request : url=https://randomuser.me/api 
 path_url=/api 
 headers={'User-Agent': 'python-requests/2.31.0', 'Accept-Encoding': 'gzip, deflate', 'Accept': '*/*', 'Connection': 'keep-alive'} 
 body=None 
 </msg>
<msg time="2024-05-01T19:13:25.203345" level="INFO">GET Response : url=https://randomuser.me/api 
 status=200, reason=OK 
 headers={'Date': 'Wed, 01 May 2024 19:13:25 GMT', 'Content-Type': 'application/json; charset=utf-8', 'Transfer-Encoding': 'chunked', 'Connection': 'keep-alive', 'X-Powered-By': 'Express', 'Access-Control-Allow-Origin': '*', 'Cache-Control': 'no-cache', 'ETag': 'W/"48d-LnVHuLFSKXfELwy1L3s1Yk/v+wQ"', 'Vary': 'Accept-Encoding', 'Content-Encoding': 'gzip', 'CF-Cache-Status': 'DYNAMIC', 'Report-To': '{"endpoints":[{"url":"https:\\/\\/a.nel.cloudflare.com\\/report\\/v4?s=l2xR3O%2B39UVBdFjklsIMlWTLvkuP33PHe%2B8Hko7sLd7VxU%2FUDZQ%2BoofE7S0BCc456ie6ufAepSez2UBnxd8uE2lE5zipJzAcdYd1f1E7jMdTe79qfvADYLyYbqlia9ao"}],"group":"cf-nel","max_age":604800}', 'NEL': '{"success_fraction":0,"report_to":"cf-nel","max_age":604800}', 'Server': 'cloudflare', 'CF-RAY': '87d216b43dd25555-ORD', 'alt-svc': 'h3=":443"; ma=86400'} 
 body={"results":[{"gender":"male","name":{"title":"Mr","first":"Dharmesh","last":"Bangera"},"location":{"street":{"number":4882,"name":"Shanmugham Rd"},"city":"Dhule","state":"Arunachal Pradesh","country":"India","postcode":78781,"coordinates":{"latitude":"8.1810","longitude":"-120.6844"},"timezone":{"offset":"-7:00","description":"Mountain Time (US &amp; Canada)"}},"email":"dharmesh.bangera@example.com","login":{"uuid":"5127d40c-03f6-41ae-8f7f-ff3b06b34c92","username":"lazywolf961","password":"victoria","salt":"dn9AhN4t","md5":"b1f09db899c1af78c65308f78075c47d","sha1":"b3f5cf39f248a5db97f24e6181be5859f4d4af57","sha256":"81a1c0bbf3f73624a00e216281afd5939eb41444ae404cfdfd6335acfd5ee05c"},"dob":{"date":"1998-09-26T20:33:29.361Z","age":25},"registered":{"date":"2006-11-30T16:14:33.995Z","age":17},"phone":"7472275161","cell":"8877040909","id":{"name":"UIDAI","value":"482634951944"},"picture":{"large":"https://randomuser.me/api/portraits/men/72.jpg","medium":"https://randomuser.me/api/portraits/med/men/72.jpg","thumbnail":"https://randomuser.me/api/portraits/thumb/men/72.jpg"},"nat":"IN"}],"info":{"seed":"1c252976d25d4a95","results":1,"page":1,"version":"1.4"}} 
 </msg>
<msg time="2024-05-01T19:13:25.203440" level="INFO">/opt/hostedtoolcache/Python/3.12.3/x64/lib/python3.12/site-packages/urllib3/connectionpool.py:1103: InsecureRequestWarning: Unverified HTTPS request is being made to host 'randomuser.me'. Adding certificate verification is strongly advised. See: https://urllib3.readthedocs.io/en/latest/advanced-usage.html#tls-warnings
  warnings.warn(</msg>
<msg time="2024-05-01T19:13:25.203600" level="INFO">${response} = &lt;Response [200]&gt;</msg>
<var>${response}</var>
<arg>consultarAPI</arg>
<arg>/api</arg>
<doc>Sends a GET request on a previously created HTTP Session.</doc>
<status status="PASS" start="2024-05-01T19:13:25.114672" elapsed="0.088972"/>
</kw>
<kw name="Should Be Equal As Numbers" owner="BuiltIn">
<msg time="2024-05-01T19:13:25.204952" level="INFO">Argument types are:
&lt;class 'int'&gt;
&lt;class 'str'&gt;</msg>
<arg>${response.status_code}</arg>
<arg>200</arg>
<doc>Fails if objects are unequal after converting them to real numbers.</doc>
<status status="PASS" start="2024-05-01T19:13:25.204389" elapsed="0.000630"/>
</kw>
<kw name="Log" owner="BuiltIn">
<msg time="2024-05-01T19:13:25.205730" level="INFO">200</msg>
<arg>${response.status_code}</arg>
<doc>Logs the given message with the given level.</doc>
<status status="PASS" start="2024-05-01T19:13:25.205373" elapsed="0.000400"/>
</kw>
<kw name="Set Variable" owner="BuiltIn">
<msg time="2024-05-01T19:13:25.206531" level="INFO">${json_data} = {'results': [{'gender': 'male', 'name': {'title': 'Mr', 'first': 'Dharmesh', 'last': 'Bangera'}, 'location': {'street': {'number': 4882, 'name': 'Shanmugham Rd'}, 'city': 'Dhule', 'state': 'Arunachal ...</msg>
<var>${json_data}</var>
<arg>${response.json()}</arg>
<doc>Returns the given values which can then be assigned to a variables.</doc>
<status status="PASS" start="2024-05-01T19:13:25.206081" elapsed="0.000478"/>
</kw>
<kw name="Dictionary Should Contain Key" owner="Collections">
<msg time="2024-05-01T19:13:25.207078" level="INFO">False</msg>
<arg>${json_data}</arg>
<arg>results</arg>
<doc>Fails if ``key`` is not found from ``dictionary``.</doc>
<status status="PASS" start="2024-05-01T19:13:25.206892" elapsed="0.000226"/>
</kw>
<status status="PASS" start="2024-05-01T19:13:25.114396" elapsed="0.093040"/>
</kw>
<doc>Testa se a API responde corretamente e retorna um objeto JSON válido.</doc>
<tag>testeRequisicaoBasica</tag>
<status status="PASS" start="2024-05-01T19:13:25.113869" elapsed="0.093755"/>
</test>
<test id="s1-s1-t3" name="Validar estrutura de resposta" line="22">
<kw name="Teste de Estrutura de Resposta" owner="random-user-service">
<kw name="GET On Session" owner="RequestsLibrary">
<msg time="2024-05-01T19:13:25.340138" level="INFO">GET Request : url=https://randomuser.me/api 
 path_url=/api 
 headers={'User-Agent': 'python-requests/2.31.0', 'Accept-Encoding': 'gzip, deflate', 'Accept': '*/*', 'Connection': 'keep-alive'} 
 body=None 
 </msg>
<msg time="2024-05-01T19:13:25.340253" level="INFO">GET Response : url=https://randomuser.me/api 
 status=200, reason=OK 
 headers={'Date': 'Wed, 01 May 2024 19:13:25 GMT', 'Content-Type': 'application/json; charset=utf-8', 'Transfer-Encoding': 'chunked', 'Connection': 'keep-alive', 'X-Powered-By': 'Express', 'Access-Control-Allow-Origin': '*', 'Cache-Control': 'no-cache', 'ETag': 'W/"48b-fuZPOuC+B4oxUpCCpBGCUbZTvhs"', 'Vary': 'Accept-Encoding', 'Content-Encoding': 'gzip', 'CF-Cache-Status': 'DYNAMIC', 'Report-To': '{"endpoints":[{"url":"https:\\/\\/a.nel.cloudflare.com\\/report\\/v4?s=0sD94ggfZE%2Bl6ReG7U3jHb812Wlnw4WCh5aDNXhl3tjWGop93z5A7%2ByAwJ53p%2FO5eb2uDANjmSNPAqh2E%2FrBSVX1W74GS%2BTP0dyCGf3Go%2FVynbMWLnO9V6h5b7RwC7ap"}],"group":"cf-nel","max_age":604800}', 'NEL': '{"success_fraction":0,"report_to":"cf-nel","max_age":604800}', 'Server': 'cloudflare', 'CF-RAY': '87d216b49e645555-ORD', 'alt-svc': 'h3=":443"; ma=86400'} 
 body={"results":[{"gender":"female","name":{"title":"Madame","first":"Tara","last":"Bernard"},"location":{"street":{"number":6900,"name":"Rue Gasparin"},"city":"Hinwil","state":"Jura","country":"Switzerland","postcode":4633,"coordinates":{"latitude":"-59.0234","longitude":"71.6886"},"timezone":{"offset":"-11:00","description":"Midway Island, Samoa"}},"email":"tara.bernard@example.com","login":{"uuid":"e050be66-693b-400a-869a-f3366a646dba","username":"purplezebra289","password":"mommy","salt":"JlUcbOaA","md5":"689f25b7c49224126bd7a9f14a6d7690","sha1":"f583efecfb7db29a1e1a57d3e172d0a92d2fde68","sha256":"d8fdd03f39312b7e2b3f365b7f6ae486ce4323d9fe82ee8fd062f3c7c3ce899e"},"dob":{"date":"1955-12-05T06:50:53.452Z","age":68},"registered":{"date":"2010-09-12T17:58:27.453Z","age":13},"phone":"076 387 65 48","cell":"075 344 90 91","id":{"name":"AVS","value":"756.8162.6038.65"},"picture":{"large":"https://randomuser.me/api/portraits/women/37.jpg","medium":"https://randomuser.me/api/portraits/med/women/37.jpg","thumbnail":"https://randomuser.me/api/portraits/thumb/women/37.jpg"},"nat":"CH"}],"info":{"seed":"a925582fbdafcecf","results":1,"page":1,"version":"1.4"}} 
 </msg>
<msg time="2024-05-01T19:13:25.340404" level="INFO">/opt/hostedtoolcache/Python/3.12.3/x64/lib/python3.12/site-packages/urllib3/connectionpool.py:1103: InsecureRequestWarning: Unverified HTTPS request is being made to host 'randomuser.me'. Adding certificate verification is strongly advised. See: https://urllib3.readthedocs.io/en/latest/advanced-usage.html#tls-warnings
  warnings.warn(</msg>
<msg time="2024-05-01T19:13:25.340553" level="INFO">${response} = &lt;Response [200]&gt;</msg>
<var>${response}</var>
<arg>consultarAPI</arg>
<arg>/api</arg>
<doc>Sends a GET request on a previously created HTTP Session.</doc>
<status status="PASS" start="2024-05-01T19:13:25.210695" elapsed="0.129903"/>
</kw>
<kw name="Set Variable" owner="BuiltIn">
<msg time="2024-05-01T19:13:25.341966" level="INFO">${json_data} = {'results': [{'gender': 'female', 'name': {'title': 'Madame', 'first': 'Tara', 'last': 'Bernard'}, 'location': {'street': {'number': 6900, 'name': 'Rue Gasparin'}, 'city': 'Hinwil', 'state': 'Jura', '...</msg>
<var>${json_data}</var>
<arg>${response.json()}</arg>
<doc>Returns the given values which can then be assigned to a variables.</doc>
<status status="PASS" start="2024-05-01T19:13:25.341337" elapsed="0.000660"/>
</kw>
<kw name="Log" owner="BuiltIn">
<msg time="2024-05-01T19:13:25.342482" level="INFO">{'results': [{'gender': 'female', 'name': {'title': 'Madame', 'first': 'Tara', 'last': 'Bernard'}, 'location': {'street': {'number': 6900, 'name': 'Rue Gasparin'}, 'city': 'Hinwil', 'state': 'Jura', 'country': 'Switzerland', 'postcode': 4633, 'coordinates': {'latitude': '-59.0234', 'longitude': '71.6886'}, 'timezone': {'offset': '-11:00', 'description': 'Midway Island, Samoa'}}, 'email': 'tara.bernard@example.com', 'login': {'uuid': 'e050be66-693b-400a-869a-f3366a646dba', 'username': 'purplezebra289', 'password': 'mommy', 'salt': 'JlUcbOaA', 'md5': '689f25b7c49224126bd7a9f14a6d7690', 'sha1': 'f583efecfb7db29a1e1a57d3e172d0a92d2fde68', 'sha256': 'd8fdd03f39312b7e2b3f365b7f6ae486ce4323d9fe82ee8fd062f3c7c3ce899e'}, 'dob': {'date': '1955-12-05T06:50:53.452Z', 'age': 68}, 'registered': {'date': '2010-09-12T17:58:27.453Z', 'age': 13}, 'phone': '076 387 65 48', 'cell': '075 344 90 91', 'id': {'name': 'AVS', 'value': '756.8162.6038.65'}, 'picture': {'large': 'https://randomuser.me/api/portraits/women/37.jpg', 'medium': 'https://randomuser.me/api/portraits/med/women/37.jpg', 'thumbnail': 'https://randomuser.me/api/portraits/thumb/women/37.jpg'}, 'nat': 'CH'}], 'info': {'seed': 'a925582fbdafcecf', 'results': 1, 'page': 1, 'version': '1.4'}}</msg>
<arg>${json_data}</arg>
<doc>Logs the given message with the given level.</doc>
<status status="PASS" start="2024-05-01T19:13:25.342312" elapsed="0.000221"/>
</kw>
<kw name="Dictionary Should Contain Key" owner="Collections">
<msg time="2024-05-01T19:13:25.343041" level="INFO">False</msg>
<arg>${json_data}</arg>
<arg>results</arg>
<doc>Fails if ``key`` is not found from ``dictionary``.</doc>
<status status="PASS" start="2024-05-01T19:13:25.342872" elapsed="0.000207"/>
</kw>
<kw name="Should Not Be Empty" owner="BuiltIn">
<msg time="2024-05-01T19:13:25.343513" level="INFO">Length is 2.</msg>
<arg>${json_data}</arg>
<doc>Verifies that the given item is not empty.</doc>
<status status="PASS" start="2024-05-01T19:13:25.343378" elapsed="0.000175"/>
</kw>
<kw name="Create List" owner="BuiltIn">
<msg time="2024-05-01T19:13:25.344203" level="INFO">${expected_keys} = ['gender', 'name', 'location', 'email', 'login']</msg>
<var>${expected_keys}</var>
<arg>gender</arg>
<arg>name</arg>
<arg>location</arg>
<arg>email</arg>
<arg>login</arg>
<doc>Returns a list containing given items.</doc>
<status status="PASS" start="2024-05-01T19:13:25.343870" elapsed="0.000359"/>
</kw>
<for flavor="IN">
<iter>
<kw name="Dictionary Should Contain Key" owner="Collections">
<msg time="2024-05-01T19:13:25.345257" level="INFO">False</msg>
<arg>${json_data['results'][0]}</arg>
<arg>${key}</arg>
<doc>Fails if ``key`` is not found from ``dictionary``.</doc>
<status status="PASS" start="2024-05-01T19:13:25.344843" elapsed="0.000453"/>
</kw>
<kw name="Log" owner="BuiltIn">
<msg time="2024-05-01T19:13:25.345970" level="INFO">{'gender': 'female', 'name': {'title': 'Madame', 'first': 'Tara', 'last': 'Bernard'}, 'location': {'street': {'number': 6900, 'name': 'Rue Gasparin'}, 'city': 'Hinwil', 'state': 'Jura', 'country': 'Switzerland', 'postcode': 4633, 'coordinates': {'latitude': '-59.0234', 'longitude': '71.6886'}, 'timezone': {'offset': '-11:00', 'description': 'Midway Island, Samoa'}}, 'email': 'tara.bernard@example.com', 'login': {'uuid': 'e050be66-693b-400a-869a-f3366a646dba', 'username': 'purplezebra289', 'password': 'mommy', 'salt': 'JlUcbOaA', 'md5': '689f25b7c49224126bd7a9f14a6d7690', 'sha1': 'f583efecfb7db29a1e1a57d3e172d0a92d2fde68', 'sha256': 'd8fdd03f39312b7e2b3f365b7f6ae486ce4323d9fe82ee8fd062f3c7c3ce899e'}, 'dob': {'date': '1955-12-05T06:50:53.452Z', 'age': 68}, 'registered': {'date': '2010-09-12T17:58:27.453Z', 'age': 13}, 'phone': '076 387 65 48', 'cell': '075 344 90 91', 'id': {'name': 'AVS', 'value': '756.8162.6038.65'}, 'picture': {'large': 'https://randomuser.me/api/portraits/women/37.jpg', 'medium': 'https://randomuser.me/api/portraits/med/women/37.jpg', 'thumbnail': 'https://randomuser.me/api/portraits/thumb/women/37.jpg'}, 'nat': 'CH'}</msg>
<arg>${json_data['results'][0]}</arg>
<doc>Logs the given message with the given level.</doc>
<status status="PASS" start="2024-05-01T19:13:25.345595" elapsed="0.000424"/>
</kw>
<kw name="Log" owner="BuiltIn">
<msg time="2024-05-01T19:13:25.346449" level="INFO">gender</msg>
<arg>${key}</arg>
<doc>Logs the given message with the given level.</doc>
<status status="PASS" start="2024-05-01T19:13:25.346320" elapsed="0.000167"/>
</kw>
<var name="${key}">gender</var>
<status status="PASS" start="2024-05-01T19:13:25.344716" elapsed="0.001985"/>
</iter>
<iter>
<kw name="Dictionary Should Contain Key" owner="Collections">
<msg time="2024-05-01T19:13:25.347425" level="INFO">False</msg>
<arg>${json_data['results'][0]}</arg>
<arg>${key}</arg>
<doc>Fails if ``key`` is not found from ``dictionary``.</doc>
<status status="PASS" start="2024-05-01T19:13:25.347033" elapsed="0.000429"/>
</kw>
<kw name="Log" owner="BuiltIn">
<msg time="2024-05-01T19:13:25.348146" level="INFO">{'gender': 'female', 'name': {'title': 'Madame', 'first': 'Tara', 'last': 'Bernard'}, 'location': {'street': {'number': 6900, 'name': 'Rue Gasparin'}, 'city': 'Hinwil', 'state': 'Jura', 'country': 'Switzerland', 'postcode': 4633, 'coordinates': {'latitude': '-59.0234', 'longitude': '71.6886'}, 'timezone': {'offset': '-11:00', 'description': 'Midway Island, Samoa'}}, 'email': 'tara.bernard@example.com', 'login': {'uuid': 'e050be66-693b-400a-869a-f3366a646dba', 'username': 'purplezebra289', 'password': 'mommy', 'salt': 'JlUcbOaA', 'md5': '689f25b7c49224126bd7a9f14a6d7690', 'sha1': 'f583efecfb7db29a1e1a57d3e172d0a92d2fde68', 'sha256': 'd8fdd03f39312b7e2b3f365b7f6ae486ce4323d9fe82ee8fd062f3c7c3ce899e'}, 'dob': {'date': '1955-12-05T06:50:53.452Z', 'age': 68}, 'registered': {'date': '2010-09-12T17:58:27.453Z', 'age': 13}, 'phone': '076 387 65 48', 'cell': '075 344 90 91', 'id': {'name': 'AVS', 'value': '756.8162.6038.65'}, 'picture': {'large': 'https://randomuser.me/api/portraits/women/37.jpg', 'medium': 'https://randomuser.me/api/portraits/med/women/37.jpg', 'thumbnail': 'https://randomuser.me/api/portraits/thumb/women/37.jpg'}, 'nat': 'CH'}</msg>
<arg>${json_data['results'][0]}</arg>
<doc>Logs the given message with the given level.</doc>
<status status="PASS" start="2024-05-01T19:13:25.347785" elapsed="0.000409"/>
</kw>
<kw name="Log" owner="BuiltIn">
<msg time="2024-05-01T19:13:25.348619" level="INFO">name</msg>
<arg>${key}</arg>
<doc>Logs the given message with the given level.</doc>
<status status="PASS" start="2024-05-01T19:13:25.348492" elapsed="0.000165"/>
</kw>
<var name="${key}">name</var>
<status status="PASS" start="2024-05-01T19:13:25.346917" elapsed="0.001953"/>
</iter>
<iter>
<kw name="Dictionary Should Contain Key" owner="Collections">
<msg time="2024-05-01T19:13:25.349550" level="INFO">False</msg>
<arg>${json_data['results'][0]}</arg>
<arg>${key}</arg>
<doc>Fails if ``key`` is not found from ``dictionary``.</doc>
<status status="PASS" start="2024-05-01T19:13:25.349160" elapsed="0.000427"/>
</kw>
<kw name="Log" owner="BuiltIn">
<msg time="2024-05-01T19:13:25.350267" level="INFO">{'gender': 'female', 'name': {'title': 'Madame', 'first': 'Tara', 'last': 'Bernard'}, 'location': {'street': {'number': 6900, 'name': 'Rue Gasparin'}, 'city': 'Hinwil', 'state': 'Jura', 'country': 'Switzerland', 'postcode': 4633, 'coordinates': {'latitude': '-59.0234', 'longitude': '71.6886'}, 'timezone': {'offset': '-11:00', 'description': 'Midway Island, Samoa'}}, 'email': 'tara.bernard@example.com', 'login': {'uuid': 'e050be66-693b-400a-869a-f3366a646dba', 'username': 'purplezebra289', 'password': 'mommy', 'salt': 'JlUcbOaA', 'md5': '689f25b7c49224126bd7a9f14a6d7690', 'sha1': 'f583efecfb7db29a1e1a57d3e172d0a92d2fde68', 'sha256': 'd8fdd03f39312b7e2b3f365b7f6ae486ce4323d9fe82ee8fd062f3c7c3ce899e'}, 'dob': {'date': '1955-12-05T06:50:53.452Z', 'age': 68}, 'registered': {'date': '2010-09-12T17:58:27.453Z', 'age': 13}, 'phone': '076 387 65 48', 'cell': '075 344 90 91', 'id': {'name': 'AVS', 'value': '756.8162.6038.65'}, 'picture': {'large': 'https://randomuser.me/api/portraits/women/37.jpg', 'medium': 'https://randomuser.me/api/portraits/med/women/37.jpg', 'thumbnail': 'https://randomuser.me/api/portraits/thumb/women/37.jpg'}, 'nat': 'CH'}</msg>
<arg>${json_data['results'][0]}</arg>
<doc>Logs the given message with the given level.</doc>
<status status="PASS" start="2024-05-01T19:13:25.349880" elapsed="0.000440"/>
</kw>
<kw name="Log" owner="BuiltIn">
<msg time="2024-05-01T19:13:25.350746" level="INFO">location</msg>
<arg>${key}</arg>
<doc>Logs the given message with the given level.</doc>
<status status="PASS" start="2024-05-01T19:13:25.350621" elapsed="0.000188"/>
</kw>
<var name="${key}">location</var>
<status status="PASS" start="2024-05-01T19:13:25.349047" elapsed="0.001988"/>
</iter>
<iter>
<kw name="Dictionary Should Contain Key" owner="Collections">
<msg time="2024-05-01T19:13:25.351704" level="INFO">False</msg>
<arg>${json_data['results'][0]}</arg>
<arg>${key}</arg>
<doc>Fails if ``key`` is not found from ``dictionary``.</doc>
<status status="PASS" start="2024-05-01T19:13:25.351317" elapsed="0.000425"/>
</kw>
<kw name="Log" owner="BuiltIn">
<msg time="2024-05-01T19:13:25.352408" level="INFO">{'gender': 'female', 'name': {'title': 'Madame', 'first': 'Tara', 'last': 'Bernard'}, 'location': {'street': {'number': 6900, 'name': 'Rue Gasparin'}, 'city': 'Hinwil', 'state': 'Jura', 'country': 'Switzerland', 'postcode': 4633, 'coordinates': {'latitude': '-59.0234', 'longitude': '71.6886'}, 'timezone': {'offset': '-11:00', 'description': 'Midway Island, Samoa'}}, 'email': 'tara.bernard@example.com', 'login': {'uuid': 'e050be66-693b-400a-869a-f3366a646dba', 'username': 'purplezebra289', 'password': 'mommy', 'salt': 'JlUcbOaA', 'md5': '689f25b7c49224126bd7a9f14a6d7690', 'sha1': 'f583efecfb7db29a1e1a57d3e172d0a92d2fde68', 'sha256': 'd8fdd03f39312b7e2b3f365b7f6ae486ce4323d9fe82ee8fd062f3c7c3ce899e'}, 'dob': {'date': '1955-12-05T06:50:53.452Z', 'age': 68}, 'registered': {'date': '2010-09-12T17:58:27.453Z', 'age': 13}, 'phone': '076 387 65 48', 'cell': '075 344 90 91', 'id': {'name': 'AVS', 'value': '756.8162.6038.65'}, 'picture': {'large': 'https://randomuser.me/api/portraits/women/37.jpg', 'medium': 'https://randomuser.me/api/portraits/med/women/37.jpg', 'thumbnail': 'https://randomuser.me/api/portraits/thumb/women/37.jpg'}, 'nat': 'CH'}</msg>
<arg>${json_data['results'][0]}</arg>
<doc>Logs the given message with the given level.</doc>
<status status="PASS" start="2024-05-01T19:13:25.352040" elapsed="0.000418"/>
</kw>
<kw name="Log" owner="BuiltIn">
<msg time="2024-05-01T19:13:25.352879" level="INFO">email</msg>
<arg>${key}</arg>
<doc>Logs the given message with the given level.</doc>
<status status="PASS" start="2024-05-01T19:13:25.352750" elapsed="0.000167"/>
</kw>
<var name="${key}">email</var>
<status status="PASS" start="2024-05-01T19:13:25.351208" elapsed="0.001929"/>
</iter>
<iter>
<kw name="Dictionary Should Contain Key" owner="Collections">
<msg time="2024-05-01T19:13:25.353812" level="INFO">False</msg>
<arg>${json_data['results'][0]}</arg>
<arg>${key}</arg>
<doc>Fails if ``key`` is not found from ``dictionary``.</doc>
<status status="PASS" start="2024-05-01T19:13:25.353421" elapsed="0.000429"/>
</kw>
<kw name="Log" owner="BuiltIn">
<msg time="2024-05-01T19:13:25.354513" level="INFO">{'gender': 'female', 'name': {'title': 'Madame', 'first': 'Tara', 'last': 'Bernard'}, 'location': {'street': {'number': 6900, 'name': 'Rue Gasparin'}, 'city': 'Hinwil', 'state': 'Jura', 'country': 'Switzerland', 'postcode': 4633, 'coordinates': {'latitude': '-59.0234', 'longitude': '71.6886'}, 'timezone': {'offset': '-11:00', 'description': 'Midway Island, Samoa'}}, 'email': 'tara.bernard@example.com', 'login': {'uuid': 'e050be66-693b-400a-869a-f3366a646dba', 'username': 'purplezebra289', 'password': 'mommy', 'salt': 'JlUcbOaA', 'md5': '689f25b7c49224126bd7a9f14a6d7690', 'sha1': 'f583efecfb7db29a1e1a57d3e172d0a92d2fde68', 'sha256': 'd8fdd03f39312b7e2b3f365b7f6ae486ce4323d9fe82ee8fd062f3c7c3ce899e'}, 'dob': {'date': '1955-12-05T06:50:53.452Z', 'age': 68}, 'registered': {'date': '2010-09-12T17:58:27.453Z', 'age': 13}, 'phone': '076 387 65 48', 'cell': '075 344 90 91', 'id': {'name': 'AVS', 'value': '756.8162.6038.65'}, 'picture': {'large': 'https://randomuser.me/api/portraits/women/37.jpg', 'medium': 'https://randomuser.me/api/portraits/med/women/37.jpg', 'thumbnail': 'https://randomuser.me/api/portraits/thumb/women/37.jpg'}, 'nat': 'CH'}</msg>
<arg>${json_data['results'][0]}</arg>
<doc>Logs the given message with the given level.</doc>
<status status="PASS" start="2024-05-01T19:13:25.354141" elapsed="0.000419"/>
</kw>
<kw name="Log" owner="BuiltIn">
<msg time="2024-05-01T19:13:25.355010" level="INFO">login</msg>
<arg>${key}</arg>
<doc>Logs the given message with the given level.</doc>
<status status="PASS" start="2024-05-01T19:13:25.354880" elapsed="0.000169"/>
</kw>
<var name="${key}">login</var>
<status status="PASS" start="2024-05-01T19:13:25.353310" elapsed="0.001979"/>
</iter>
<var>${key}</var>
<value>@{expected_keys}</value>
<status status="PASS" start="2024-05-01T19:13:25.344510" elapsed="0.010905"/>
</for>
<kw name="Create List" owner="BuiltIn">
<msg time="2024-05-01T19:13:25.355759" level="INFO">${expected_keysTwo} = ['username', 'password']</msg>
<var>${expected_keysTwo}</var>
<arg>username</arg>
<arg>password</arg>
<doc>Returns a list containing given items.</doc>
<status status="PASS" start="2024-05-01T19:13:25.355613" elapsed="0.000171"/>
</kw>
<for flavor="IN">
<iter>
<kw name="Dictionary Should Contain Key" owner="Collections">
<msg time="2024-05-01T19:13:25.356742" level="INFO">False</msg>
<arg>${json_data['results'][0]['login']}</arg>
<arg>${keyTwo}</arg>
<doc>Fails if ``key`` is not found from ``dictionary``.</doc>
<status status="PASS" start="2024-05-01T19:13:25.356293" elapsed="0.000487"/>
</kw>
<kw name="Dictionary Should Contain Key" owner="Collections">
<msg time="2024-05-01T19:13:25.357459" level="INFO">False</msg>
<arg>${json_data['results'][0]['login']}</arg>
<arg>${keyTwo}</arg>
<doc>Fails if ``key`` is not found from ``dictionary``.</doc>
<status status="PASS" start="2024-05-01T19:13:25.357075" elapsed="0.000423"/>
</kw>
<kw name="Log" owner="BuiltIn">
<msg time="2024-05-01T19:13:25.357917" level="INFO">username</msg>
<arg>${keyTwo}</arg>
<doc>Logs the given message with the given level.</doc>
<status status="PASS" start="2024-05-01T19:13:25.357789" elapsed="0.000175"/>
</kw>
<var name="${keyTwo}">username</var>
<status status="PASS" start="2024-05-01T19:13:25.356184" elapsed="0.001994"/>
</iter>
<iter>
<kw name="Dictionary Should Contain Key" owner="Collections">
<msg time="2024-05-01T19:13:25.358904" level="INFO">False</msg>
<arg>${json_data['results'][0]['login']}</arg>
<arg>${keyTwo}</arg>
<doc>Fails if ``key`` is not found from ``dictionary``.</doc>
<status status="PASS" start="2024-05-01T19:13:25.358459" elapsed="0.000485"/>
</kw>
<kw name="Dictionary Should Contain Key" owner="Collections">
<msg time="2024-05-01T19:13:25.359729" level="INFO">False</msg>
<arg>${json_data['results'][0]['login']}</arg>
<arg>${keyTwo}</arg>
<doc>Fails if ``key`` is not found from ``dictionary``.</doc>
<status status="PASS" start="2024-05-01T19:13:25.359247" elapsed="0.000523"/>
</kw>
<kw name="Log" owner="BuiltIn">
<msg time="2024-05-01T19:13:25.360198" level="INFO">password</msg>
<arg>${keyTwo}</arg>
<doc>Logs the given message with the given level.</doc>
<status status="PASS" start="2024-05-01T19:13:25.360069" elapsed="0.000167"/>
</kw>
<var name="${keyTwo}">password</var>
<status status="PASS" start="2024-05-01T19:13:25.358349" elapsed="0.002104"/>
</iter>
<var>${keyTwo}</var>
<value>@{expected_keysTwo}</value>
<status status="PASS" start="2024-05-01T19:13:25.356026" elapsed="0.004548"/>
</for>
<status status="PASS" start="2024-05-01T19:13:25.210347" elapsed="0.150373"/>
</kw>
<doc>Testa a estrutura da resposta da API.</doc>
<tag>testeEstruturaResposta</tag>
<status status="PASS" start="2024-05-01T19:13:25.209534" elapsed="0.151348"/>
</test>
<test id="s1-s1-t4" name="Validar tipos de dados" line="28">
<kw name="Teste de Tipos de Dados" owner="random-user-service">
<kw name="GET On Session" owner="RequestsLibrary">
<msg time="2024-05-01T19:13:25.613617" level="INFO">GET Request : url=https://randomuser.me/api 
 path_url=/api 
 headers={'User-Agent': 'python-requests/2.31.0', 'Accept-Encoding': 'gzip, deflate', 'Accept': '*/*', 'Connection': 'keep-alive'} 
 body=None 
 </msg>
<msg time="2024-05-01T19:13:25.613726" level="INFO">GET Response : url=https://randomuser.me/api 
 status=200, reason=OK 
 headers={'Date': 'Wed, 01 May 2024 19:13:25 GMT', 'Content-Type': 'application/json; charset=utf-8', 'Transfer-Encoding': 'chunked', 'Connection': 'keep-alive', 'X-Powered-By': 'Express', 'Access-Control-Allow-Origin': '*', 'Cache-Control': 'no-cache', 'ETag': 'W/"492-7h3rzRc8QLwyDxLPGkARrD2h9dU"', 'Vary': 'Accept-Encoding', 'Content-Encoding': 'gzip', 'CF-Cache-Status': 'DYNAMIC', 'Report-To': '{"endpoints":[{"url":"https:\\/\\/a.nel.cloudflare.com\\/report\\/v4?s=URSOEHWDnN424pPmQZ%2B410AskorX863Hv9NZ1KiZiUD1TDzonogpH4vah%2BshYTGVfGuniKJwGn7OQZU7hsultrB5EKMLrfqUHT5n880Zi0IiWPwcoKMgZ0P7bw56FbbE"}],"group":"cf-nel","max_age":604800}', 'NEL': '{"success_fraction":0,"report_to":"cf-nel","max_age":604800}', 'Server': 'cloudflare', 'CF-RAY': '87d216b58fe75555-ORD', 'alt-svc': 'h3=":443"; ma=86400'} 
 body={"results":[{"gender":"male","name":{"title":"Mr","first":"Rodolfo","last":"Soto"},"location":{"street":{"number":3299,"name":"Viaducto Quintana Roo"},"city":"Nuxco","state":"San Luis Potosí","country":"Mexico","postcode":72680,"coordinates":{"latitude":"23.2293","longitude":"-119.1001"},"timezone":{"offset":"+7:00","description":"Bangkok, Hanoi, Jakarta"}},"email":"rodolfo.soto@example.com","login":{"uuid":"ddc5f8bb-a019-4106-8347-83ff16fd2a11","username":"crazykoala602","password":"camden","salt":"NbgLgczF","md5":"190932c3c6683a80219a6882e9922ea2","sha1":"cee7a7f47ac77114dd10bd02fcdd0ba182bd5871","sha256":"b65a96bed3503fe4a07d405562423db7def935c01bfd43fa3a0a3e0bd129e5ec"},"dob":{"date":"1956-06-03T16:05:57.820Z","age":67},"registered":{"date":"2021-06-26T08:09:09.145Z","age":2},"phone":"(604) 981 6116","cell":"(680) 078 9204","id":{"name":"NSS","value":"98 76 55 8318 8"},"picture":{"large":"https://randomuser.me/api/portraits/men/97.jpg","medium":"https://randomuser.me/api/portraits/med/men/97.jpg","thumbnail":"https://randomuser.me/api/portraits/thumb/men/97.jpg"},"nat":"MX"}],"info":{"seed":"ddc8453e52747e27","results":1,"page":1,"version":"1.4"}} 
 </msg>
<msg time="2024-05-01T19:13:25.613802" level="INFO">/opt/hostedtoolcache/Python/3.12.3/x64/lib/python3.12/site-packages/urllib3/connectionpool.py:1103: InsecureRequestWarning: Unverified HTTPS request is being made to host 'randomuser.me'. Adding certificate verification is strongly advised. See: https://urllib3.readthedocs.io/en/latest/advanced-usage.html#tls-warnings
  warnings.warn(</msg>
<msg time="2024-05-01T19:13:25.613938" level="INFO">${response} = &lt;Response [200]&gt;</msg>
<var>${response}</var>
<arg>consultarAPI</arg>
<arg>/api</arg>
<doc>Sends a GET request on a previously created HTTP Session.</doc>
<status status="PASS" start="2024-05-01T19:13:25.363534" elapsed="0.250445"/>
</kw>
<kw name="Set Variable" owner="BuiltIn">
<msg time="2024-05-01T19:13:25.615293" level="INFO">${json_data} = {'results': [{'gender': 'male', 'name': {'title': 'Mr', 'first': 'Rodolfo', 'last': 'Soto'}, 'location': {'street': {'number': 3299, 'name': 'Viaducto Quintana Roo'}, 'city': 'Nuxco', 'state': 'San Lu...</msg>
<var>${json_data}</var>
<arg>${response.json()}</arg>
<doc>Returns the given values which can then be assigned to a variables.</doc>
<status status="PASS" start="2024-05-01T19:13:25.614658" elapsed="0.000665"/>
</kw>
<kw name="Log" owner="BuiltIn">
<msg time="2024-05-01T19:13:25.615814" level="INFO">{'results': [{'gender': 'male', 'name': {'title': 'Mr', 'first': 'Rodolfo', 'last': 'Soto'}, 'location': {'street': {'number': 3299, 'name': 'Viaducto Quintana Roo'}, 'city': 'Nuxco', 'state': 'San Luis Potosí', 'country': 'Mexico', 'postcode': 72680, 'coordinates': {'latitude': '23.2293', 'longitude': '-119.1001'}, 'timezone': {'offset': '+7:00', 'description': 'Bangkok, Hanoi, Jakarta'}}, 'email': 'rodolfo.soto@example.com', 'login': {'uuid': 'ddc5f8bb-a019-4106-8347-83ff16fd2a11', 'username': 'crazykoala602', 'password': 'camden', 'salt': 'NbgLgczF', 'md5': '190932c3c6683a80219a6882e9922ea2', 'sha1': 'cee7a7f47ac77114dd10bd02fcdd0ba182bd5871', 'sha256': 'b65a96bed3503fe4a07d405562423db7def935c01bfd43fa3a0a3e0bd129e5ec'}, 'dob': {'date': '1956-06-03T16:05:57.820Z', 'age': 67}, 'registered': {'date': '2021-06-26T08:09:09.145Z', 'age': 2}, 'phone': '(604) 981 6116', 'cell': '(680) 078 9204', 'id': {'name': 'NSS', 'value': '98 76 55 8318 8'}, 'picture': {'large': 'https://randomuser.me/api/portraits/men/97.jpg', 'medium': 'https://randomuser.me/api/portraits/med/men/97.jpg', 'thumbnail': 'https://randomuser.me/api/portraits/thumb/men/97.jpg'}, 'nat': 'MX'}], 'info': {'seed': 'ddc8453e52747e27', 'results': 1, 'page': 1, 'version': '1.4'}}</msg>
<arg>${json_data}</arg>
<doc>Logs the given message with the given level.</doc>
<status status="PASS" start="2024-05-01T19:13:25.615649" elapsed="0.000258"/>
</kw>
<kw name="Should Be String" owner="String">
<arg>${json_data['results'][0]['gender']}</arg>
<doc>Fails if the given ``item`` is not a string.</doc>
<status status="PASS" start="2024-05-01T19:13:25.616208" elapsed="0.000371"/>
</kw>
<kw name="Should Match Regexp" owner="BuiltIn">
<arg>${json_data['results'][0]['email']}</arg>
<arg>^[a-zA-Z0-9._%+-]+@[a-zA-Z0-9.-]+\.[a-zA-Z]{2,}$</arg>
<doc>Fails if ``string`` does not match ``pattern`` as a regular expression.</doc>
<status status="PASS" start="2024-05-01T19:13:25.616769" elapsed="0.000541"/>
</kw>
<kw name="Should Match Regexp" owner="BuiltIn">
<arg>${json_data['results'][0]['dob']['date']}</arg>
<arg>\\d{4}-\\d{2}-\\d{2}T\\d{2}:\\d{2}:\\d{2}\\.\\d{3}Z</arg>
<doc>Fails if ``string`` does not match ``pattern`` as a regular expression.</doc>
<status status="PASS" start="2024-05-01T19:13:25.617506" elapsed="0.000515"/>
</kw>
<kw name="Should Match Regexp" owner="BuiltIn">
<arg>${json_data['results'][0]['registered']['date']}</arg>
<arg>\\d{4}-\\d{2}-\\d{2}T\\d{2}:\\d{2}:\\d{2}\\.\\d{3}Z</arg>
<doc>Fails if ``string`` does not match ``pattern`` as a regular expression.</doc>
<status status="PASS" start="2024-05-01T19:13:25.618221" elapsed="0.000367"/>
</kw>
<kw name="Should Match Regexp" owner="BuiltIn">
<arg>${json_data['results'][0]['picture']['large']}</arg>
<arg>^https?://.*\.(?:png|jpe?g|gif|bmp)$</arg>
<doc>Fails if ``string`` does not match ``pattern`` as a regular expression.</doc>
<status status="PASS" start="2024-05-01T19:13:25.618804" elapsed="0.000479"/>
</kw>
<kw name="Should Match Regexp" owner="BuiltIn">
<arg>${json_data['results'][0]['picture']['medium']}</arg>
<arg>^https?://.*\.(?:png|jpe?g|gif|bmp)$</arg>
<doc>Fails if ``string`` does not match ``pattern`` as a regular expression.</doc>
<status status="PASS" start="2024-05-01T19:13:25.619469" elapsed="0.000361"/>
</kw>
<kw name="Should Match Regexp" owner="BuiltIn">
<arg>${json_data['results'][0]['picture']['thumbnail']}</arg>
<arg>^https?://.*\.(?:png|jpe?g|gif|bmp)$</arg>
<doc>Fails if ``string`` does not match ``pattern`` as a regular expression.</doc>
<status status="PASS" start="2024-05-01T19:13:25.620017" elapsed="0.000352"/>
</kw>
<kw name="Log" owner="BuiltIn">
<msg time="2024-05-01T19:13:25.620883" level="INFO">{'large': 'https://randomuser.me/api/portraits/men/97.jpg', 'medium': 'https://randomuser.me/api/portraits/med/men/97.jpg', 'thumbnail': 'https://randomuser.me/api/portraits/thumb/men/97.jpg'}</msg>
<arg>${json_data['results'][0]['picture']}</arg>
<doc>Logs the given message with the given level.</doc>
<status status="PASS" start="2024-05-01T19:13:25.620552" elapsed="0.000373"/>
</kw>
<status status="PASS" start="2024-05-01T19:13:25.363296" elapsed="0.257939"/>
</kw>
<kw name="Teste de Tipos de Dados - Postcode" owner="random-user-service">
<kw name="GET On Session" owner="RequestsLibrary">
<msg time="2024-05-01T19:13:25.664882" level="INFO">GET Request : url=https://randomuser.me/api 
 path_url=/api 
 headers={'User-Agent': 'python-requests/2.31.0', 'Accept-Encoding': 'gzip, deflate', 'Accept': '*/*', 'Connection': 'keep-alive'} 
 body=None 
 </msg>
<msg time="2024-05-01T19:13:25.664995" level="INFO">GET Response : url=https://randomuser.me/api 
 status=200, reason=OK 
 headers={'Date': 'Wed, 01 May 2024 19:13:25 GMT', 'Content-Type': 'application/json; charset=utf-8', 'Transfer-Encoding': 'chunked', 'Connection': 'keep-alive', 'X-Powered-By': 'Express', 'Access-Control-Allow-Origin': '*', 'Cache-Control': 'no-cache', 'ETag': 'W/"4a2-uugEGVWI2gsSb7E//f/1OHAkK4M"', 'Vary': 'Accept-Encoding', 'Content-Encoding': 'gzip', 'CF-Cache-Status': 'DYNAMIC', 'Report-To': '{"endpoints":[{"url":"https:\\/\\/a.nel.cloudflare.com\\/report\\/v4?s=Muv3PaAy8wHVQ73tslGLtfq8QgQE1%2Bu3NKFcPxpVHNoQiphLQ3Vz9ZIQVv%2FOgIQa334OUgqkymYgTM%2FwSW%2BBskeqO14DdUntFXQKJ5vpbtbzPqGN816mrZamLnwyq6d2"}],"group":"cf-nel","max_age":604800}', 'NEL': '{"success_fraction":0,"report_to":"cf-nel","max_age":604800}', 'Server': 'cloudflare', 'CF-RAY': '87d216b72a345555-ORD', 'alt-svc': 'h3=":443"; ma=86400'} 
 body={"results":[{"gender":"female","name":{"title":"Mrs","first":"Tatiana","last":"Bosse"},"location":{"street":{"number":5346,"name":"Ringstraße"},"city":"Herzberg am Harz","state":"Brandenburg","country":"Germany","postcode":68185,"coordinates":{"latitude":"-49.1233","longitude":"22.6969"},"timezone":{"offset":"+1:00","description":"Brussels, Copenhagen, Madrid, Paris"}},"email":"tatiana.bosse@example.com","login":{"uuid":"e1878c63-ab9d-4d05-a74b-c61c30643d3c","username":"redrabbit483","password":"dodgers","salt":"TM1ZbtkC","md5":"ee5a1df449f090537113f7a94844d9ae","sha1":"30446ccbe0cb627c470344ec57302a3d8b12334d","sha256":"e50fc61d887e406f9a51a346b74ec2b6ba3830644ee913204af85b885bacb2bb"},"dob":{"date":"1951-04-12T22:15:01.446Z","age":73},"registered":{"date":"2017-12-04T07:19:56.475Z","age":6},"phone":"0042-2827134","cell":"0172-3741009","id":{"name":"SVNR","value":"60 120451 B 927"},"picture":{"large":"https://randomuser.me/api/portraits/women/20.jpg","medium":"https://randomuser.me/api/portraits/med/women/20.jpg","thumbnail":"https://randomuser.me/api/portraits/thumb/women/20.jpg"},"nat":"DE"}],"info":{"seed":"4958c27fb19feebf","results":1,"page":1,"version":"1.4"}} 
 </msg>
<msg time="2024-05-01T19:13:25.665074" level="INFO">/opt/hostedtoolcache/Python/3.12.3/x64/lib/python3.12/site-packages/urllib3/connectionpool.py:1103: InsecureRequestWarning: Unverified HTTPS request is being made to host 'randomuser.me'. Adding certificate verification is strongly advised. See: https://urllib3.readthedocs.io/en/latest/advanced-usage.html#tls-warnings
  warnings.warn(</msg>
<msg time="2024-05-01T19:13:25.665205" level="INFO">${response} = &lt;Response [200]&gt;</msg>
<var>${response}</var>
<arg>consultarAPI</arg>
<arg>/api</arg>
<doc>Sends a GET request on a previously created HTTP Session.</doc>
<status status="PASS" start="2024-05-01T19:13:25.621739" elapsed="0.043508"/>
</kw>
<kw name="Set Variable" owner="BuiltIn">
<msg time="2024-05-01T19:13:25.666610" level="INFO">${json_data} = {'results': [{'gender': 'female', 'name': {'title': 'Mrs', 'first': 'Tatiana', 'last': 'Bosse'}, 'location': {'street': {'number': 5346, 'name': 'Ringstraße'}, 'city': 'Herzberg am Harz', 'state': 'Br...</msg>
<var>${json_data}</var>
<arg>${response.json()}</arg>
<doc>Returns the given values which can then be assigned to a variables.</doc>
<status status="PASS" start="2024-05-01T19:13:25.665957" elapsed="0.000684"/>
</kw>
<kw name="Log" owner="BuiltIn">
<msg time="2024-05-01T19:13:25.667168" level="INFO">{'results': [{'gender': 'female', 'name': {'title': 'Mrs', 'first': 'Tatiana', 'last': 'Bosse'}, 'location': {'street': {'number': 5346, 'name': 'Ringstraße'}, 'city': 'Herzberg am Harz', 'state': 'Brandenburg', 'country': 'Germany', 'postcode': 68185, 'coordinates': {'latitude': '-49.1233', 'longitude': '22.6969'}, 'timezone': {'offset': '+1:00', 'description': 'Brussels, Copenhagen, Madrid, Paris'}}, 'email': 'tatiana.bosse@example.com', 'login': {'uuid': 'e1878c63-ab9d-4d05-a74b-c61c30643d3c', 'username': 'redrabbit483', 'password': 'dodgers', 'salt': 'TM1ZbtkC', 'md5': 'ee5a1df449f090537113f7a94844d9ae', 'sha1': '30446ccbe0cb627c470344ec57302a3d8b12334d', 'sha256': 'e50fc61d887e406f9a51a346b74ec2b6ba3830644ee913204af85b885bacb2bb'}, 'dob': {'date': '1951-04-12T22:15:01.446Z', 'age': 73}, 'registered': {'date': '2017-12-04T07:19:56.475Z', 'age': 6}, 'phone': '0042-2827134', 'cell': '0172-3741009', 'id': {'name': 'SVNR', 'value': '60 120451 B 927'}, 'picture': {'large': 'https://randomuser.me/api/portraits/women/20.jpg', 'medium': 'https://randomuser.me/api/portraits/med/women/20.jpg', 'thumbnail': 'https://randomuser.me/api/portraits/thumb/women/20.jpg'}, 'nat': 'DE'}], 'info': {'seed': '4958c27fb19feebf', 'results': 1, 'page': 1, 'version': '1.4'}}</msg>
<arg>${json_data}</arg>
<doc>Logs the given message with the given level.</doc>
<status status="PASS" start="2024-05-01T19:13:25.667002" elapsed="0.000251"/>
</kw>
<kw name="Should Be Equal As Numbers" owner="BuiltIn">
<arg>${json_data['results'][0]['location']['postcode']}</arg>
<arg>${json_data['results'][0]['location']['postcode']}</arg>
<doc>Fails if objects are unequal after converting them to real numbers.</doc>
<status status="PASS" start="2024-05-01T19:13:25.667560" elapsed="0.000826"/>
</kw>
<kw name="Log" owner="BuiltIn">
<msg time="2024-05-01T19:13:25.668919" level="INFO">68185</msg>
<arg>${json_data['results'][0]['location']['postcode']}</arg>
<doc>Logs the given message with the given level.</doc>
<status status="PASS" start="2024-05-01T19:13:25.668580" elapsed="0.000379"/>
</kw>
<status status="PASS" start="2024-05-01T19:13:25.621501" elapsed="0.047717"/>
</kw>
<doc>Testa se os tipos de dados na resposta da API estão corretos.</doc>
<tag>testeTiposDados</tag>
<status status="PASS" start="2024-05-01T19:13:25.362684" elapsed="0.306705"/>
</test>
<test id="s1-s1-t5" name="Validar conteudo" line="35">
<kw name="Teste de Tipos de Conteudo" owner="random-user-service">
<kw name="GET On Session" owner="RequestsLibrary">
<msg time="2024-05-01T19:13:25.771675" level="INFO">GET Request : url=https://randomuser.me/api 
 path_url=/api 
 headers={'User-Agent': 'python-requests/2.31.0', 'Accept-Encoding': 'gzip, deflate', 'Accept': '*/*', 'Connection': 'keep-alive'} 
 body=None 
 </msg>
<msg time="2024-05-01T19:13:25.771795" level="INFO">GET Response : url=https://randomuser.me/api 
 status=200, reason=OK 
 headers={'Date': 'Wed, 01 May 2024 19:13:25 GMT', 'Content-Type': 'application/json; charset=utf-8', 'Transfer-Encoding': 'chunked', 'Connection': 'keep-alive', 'X-Powered-By': 'Express', 'Access-Control-Allow-Origin': '*', 'Cache-Control': 'no-cache', 'ETag': 'W/"4be-G8XLGze3EypEKa5qmTx/BycfAoY"', 'Vary': 'Accept-Encoding', 'Content-Encoding': 'gzip', 'CF-Cache-Status': 'DYNAMIC', 'Report-To': '{"endpoints":[{"url":"https:\\/\\/a.nel.cloudflare.com\\/report\\/v4?s=JSdU5CR5a7rJUxCkqXvYei86TGjpGIgdL7ywAIj%2B9VmeSgecyOIqkfxLHAy7Iww5zUqJDnhWQ6kmFmM9drR4O44f0Fknzzw5V3mk4W%2BZZkmEukYs94fZlLMTA%2BX8ibVQ"}],"group":"cf-nel","max_age":604800}', 'NEL': '{"success_fraction":0,"report_to":"cf-nel","max_age":604800}', 'Server': 'cloudflare', 'CF-RAY': '87d216b77a955555-ORD', 'alt-svc': 'h3=":443"; ma=86400'} 
 body={"results":[{"gender":"male","name":{"title":"Mr","first":"Damasceno","last":"Nogueira"},"location":{"street":{"number":2060,"name":"Rua Sete de Setembro "},"city":"Divinópolis","state":"Rio de Janeiro","country":"Brazil","postcode":52554,"coordinates":{"latitude":"-76.9326","longitude":"-1.1975"},"timezone":{"offset":"0:00","description":"Western Europe Time, London, Lisbon, Casablanca"}},"email":"damasceno.nogueira@example.com","login":{"uuid":"4a73b4b7-79d9-45d6-85d5-7f723276a974","username":"ticklishgoose541","password":"florence","salt":"DI2KxZyH","md5":"5020e3a61d9fc0bd6a4d726a68e62ae5","sha1":"d8c1e6730e700a964cc375faa4130122d6f7e0d6","sha256":"c2c6b247543d543461e813032e9c211daf9003460c38a3b7c3051a13a434b867"},"dob":{"date":"1999-08-15T20:28:48.396Z","age":24},"registered":{"date":"2011-04-16T11:07:52.799Z","age":13},"phone":"(21) 4465-4292","cell":"(96) 6431-6187","id":{"name":"CPF","value":"914.795.169-72"},"picture":{"large":"https://randomuser.me/api/portraits/men/16.jpg","medium":"https://randomuser.me/api/portraits/med/men/16.jpg","thumbnail":"https://randomuser.me/api/portraits/thumb/men/16.jpg"},"nat":"BR"}],"info":{"seed":"7ee0199fe66544b2","results":1,"page":1,"version":"1.4"}} 
 </msg>
<msg time="2024-05-01T19:13:25.771885" level="INFO">/opt/hostedtoolcache/Python/3.12.3/x64/lib/python3.12/site-packages/urllib3/connectionpool.py:1103: InsecureRequestWarning: Unverified HTTPS request is being made to host 'randomuser.me'. Adding certificate verification is strongly advised. See: https://urllib3.readthedocs.io/en/latest/advanced-usage.html#tls-warnings
  warnings.warn(</msg>
<msg time="2024-05-01T19:13:25.772027" level="INFO">${response} = &lt;Response [200]&gt;</msg>
<var>${response}</var>
<arg>consultarAPI</arg>
<arg>/api</arg>
<doc>Sends a GET request on a previously created HTTP Session.</doc>
<status status="PASS" start="2024-05-01T19:13:25.672024" elapsed="0.100046"/>
</kw>
<kw name="Set Variable" owner="BuiltIn">
<msg time="2024-05-01T19:13:25.773417" level="INFO">${json_data} = {'results': [{'gender': 'male', 'name': {'title': 'Mr', 'first': 'Damasceno', 'last': 'Nogueira'}, 'location': {'street': {'number': 2060, 'name': 'Rua Sete de Setembro '}, 'city': 'Divinópolis', 'sta...</msg>
<var>${json_data}</var>
<arg>${response.json()}</arg>
<doc>Returns the given values which can then be assigned to a variables.</doc>
<status status="PASS" start="2024-05-01T19:13:25.772781" elapsed="0.000666"/>
</kw>
<kw name="Set Variable" owner="BuiltIn">
<msg time="2024-05-01T19:13:25.774154" level="INFO">${name_title} = Mr</msg>
<var>${name_title}</var>
<arg>${json_data["results"][0]["name"]["title"]}</arg>
<doc>Returns the given values which can then be assigned to a variables.</doc>
<status status="PASS" start="2024-05-01T19:13:25.773757" elapsed="0.000424"/>
</kw>
<kw name="Create List" owner="BuiltIn">
<msg time="2024-05-01T19:13:25.774633" level="INFO">${allowed_titles} = ['Mr', 'Ms', 'Miss', 'Mrs', 'Madame', 'Monsieur']</msg>
<var>${allowed_titles}</var>
<arg>Mr</arg>
<arg>Ms</arg>
<arg>Miss</arg>
<arg>Mrs</arg>
<arg>Madame</arg>
<arg>Monsieur</arg>
<doc>Returns a list containing given items.</doc>
<status status="PASS" start="2024-05-01T19:13:25.774484" elapsed="0.000174"/>
</kw>
<kw name="List Should Contain Value" owner="Collections">
<msg time="2024-05-01T19:13:25.775182" level="INFO">False</msg>
<arg>${allowed_titles}</arg>
<arg>${name_title}</arg>
<doc>Fails if the ``value`` is not found from ``list``.</doc>
<status status="PASS" start="2024-05-01T19:13:25.775003" elapsed="0.000217"/>
</kw>
<kw name="Set Variable" owner="BuiltIn">
<msg time="2024-05-01T19:13:25.775900" level="INFO">${name_country} = BR</msg>
<var>${name_country}</var>
<arg>${json_data["results"][0]["nat"]}</arg>
<doc>Returns the given values which can then be assigned to a variables.</doc>
<status status="PASS" start="2024-05-01T19:13:25.775513" elapsed="0.000414"/>
</kw>
<kw name="Create List" owner="BuiltIn">
<msg time="2024-05-01T19:13:25.776995" level="INFO">${list_country} = ['AD', 'AE', 'AF', 'AG', 'AI', 'AL', 'AM', 'AO', 'AQ', 'AR', 'AS', 'AT', 'AU', 'AW', 'AX', 'AZ', 'BA', 'BB', 'BD', 'BE', 'BF', 'BG', 'BH', 'BI', 'BJ', 'BL', 'BM', 'BN', 'BO', 'BQ', 'BR', 'BS', 'BT', '...</msg>
<var>${list_country}</var>
<arg>AD</arg>
<arg>AE</arg>
<arg>AF</arg>
<arg>AG</arg>
<arg>AI</arg>
<arg>AL</arg>
<arg>AM</arg>
<arg>AO</arg>
<arg>AQ</arg>
<arg>AR</arg>
<arg>AS</arg>
<arg>AT</arg>
<arg>AU</arg>
<arg>AW</arg>
<arg>AX</arg>
<arg>AZ</arg>
<arg>BA</arg>
<arg>BB</arg>
<arg>BD</arg>
<arg>BE</arg>
<arg>BF</arg>
<arg>BG</arg>
<arg>BH</arg>
<arg>BI</arg>
<arg>BJ</arg>
<arg>BL</arg>
<arg>BM</arg>
<arg>BN</arg>
<arg>BO</arg>
<arg>BQ</arg>
<arg>BR</arg>
<arg>BS</arg>
<arg>BT</arg>
<arg>BV</arg>
<arg>BW</arg>
<arg>BY</arg>
<arg>BZ</arg>
<arg>CA</arg>
<arg>CC</arg>
<arg>CD</arg>
<arg>CF</arg>
<arg>CG</arg>
<arg>CH</arg>
<arg>CI</arg>
<arg>CK</arg>
<arg>CL</arg>
<arg>CM</arg>
<arg>CN</arg>
<arg>CO</arg>
<arg>CR</arg>
<arg>CU</arg>
<arg>CV</arg>
<arg>CW</arg>
<arg>CX</arg>
<arg>CY</arg>
<arg>CZ</arg>
<arg>DE</arg>
<arg>DJ</arg>
<arg>DK</arg>
<arg>DM</arg>
<arg>DO</arg>
<arg>DZ</arg>
<arg>EC</arg>
<arg>EE</arg>
<arg>EG</arg>
<arg>EH</arg>
<arg>ER</arg>
<arg>ES</arg>
<arg>ET</arg>
<arg>FI</arg>
<arg>FJ</arg>
<arg>FK</arg>
<arg>FM</arg>
<arg>FO</arg>
<arg>FR</arg>
<arg>GA</arg>
<arg>GB</arg>
<arg>GD</arg>
<arg>GE</arg>
<arg>GF</arg>
<arg>GG</arg>
<arg>GH</arg>
<arg>GI</arg>
<arg>GL</arg>
<arg>GM</arg>
<arg>GN</arg>
<arg>GP</arg>
<arg>GQ</arg>
<arg>GR</arg>
<arg>GS</arg>
<arg>GT</arg>
<arg>GU</arg>
<arg>GW</arg>
<arg>GY</arg>
<arg>HK</arg>
<arg>HM</arg>
<arg>HN</arg>
<arg>HR</arg>
<arg>HT</arg>
<arg>HU</arg>
<arg>ID</arg>
<arg>IE</arg>
<arg>IL</arg>
<arg>IM</arg>
<arg>IN</arg>
<arg>IO</arg>
<arg>IQ</arg>
<arg>IR</arg>
<arg>IS</arg>
<arg>IT</arg>
<arg>JE</arg>
<arg>JM</arg>
<arg>JO</arg>
<arg>JP</arg>
<arg>KE</arg>
<arg>KG</arg>
<arg>KH</arg>
<arg>KI</arg>
<arg>KM</arg>
<arg>KN</arg>
<arg>KP</arg>
<arg>KR</arg>
<arg>KW</arg>
<arg>KY</arg>
<arg>KZ</arg>
<arg>LA</arg>
<arg>LB</arg>
<arg>LC</arg>
<arg>LI</arg>
<arg>LK</arg>
<arg>LR</arg>
<arg>LS</arg>
<arg>LT</arg>
<arg>LU</arg>
<arg>LV</arg>
<arg>LY</arg>
<arg>MA</arg>
<arg>MC</arg>
<arg>MD</arg>
<arg>ME</arg>
<arg>MF</arg>
<arg>MG</arg>
<arg>MH</arg>
<arg>MK</arg>
<arg>ML</arg>
<arg>MM</arg>
<arg>MN</arg>
<arg>MO</arg>
<arg>MP</arg>
<arg>MQ</arg>
<arg>MR</arg>
<arg>MS</arg>
<arg>MT</arg>
<arg>MU</arg>
<arg>MV</arg>
<arg>MW</arg>
<arg>MX</arg>
<arg>MY</arg>
<arg>MZ</arg>
<arg>NA</arg>
<arg>NC</arg>
<arg>NE</arg>
<arg>NF</arg>
<arg>NG</arg>
<arg>NI</arg>
<arg>NL</arg>
<arg>NO</arg>
<arg>NP</arg>
<arg>NR</arg>
<arg>NU</arg>
<arg>NZ</arg>
<arg>OM</arg>
<arg>PA</arg>
<arg>PE</arg>
<arg>PF</arg>
<arg>PG</arg>
<arg>PH</arg>
<arg>PK</arg>
<arg>PL</arg>
<arg>PM</arg>
<arg>PN</arg>
<arg>PR</arg>
<arg>PS</arg>
<arg>PT</arg>
<arg>PW</arg>
<arg>PY</arg>
<arg>QA</arg>
<arg>RE</arg>
<arg>RO</arg>
<arg>RS</arg>
<arg>RU</arg>
<arg>RW</arg>
<arg>SA</arg>
<arg>SB</arg>
<arg>SC</arg>
<arg>SD</arg>
<arg>SE</arg>
<arg>SG</arg>
<arg>SH</arg>
<arg>SI</arg>
<arg>SJ</arg>
<arg>SK</arg>
<arg>SL</arg>
<arg>SM</arg>
<arg>SN</arg>
<arg>SO</arg>
<arg>SR</arg>
<arg>SS</arg>
<arg>ST</arg>
<arg>SV</arg>
<arg>SX</arg>
<arg>SY</arg>
<arg>SZ</arg>
<arg>TC</arg>
<arg>TD</arg>
<arg>TF</arg>
<arg>TG</arg>
<arg>TH</arg>
<arg>TJ</arg>
<arg>TK</arg>
<arg>TL</arg>
<arg>TM</arg>
<arg>TN</arg>
<arg>TO</arg>
<arg>TR</arg>
<arg>TT</arg>
<arg>TV</arg>
<arg>TW</arg>
<arg>TZ</arg>
<arg>UA</arg>
<arg>UG</arg>
<arg>UM</arg>
<arg>US</arg>
<arg>UY</arg>
<arg>UZ</arg>
<arg>VA</arg>
<arg>VC</arg>
<arg>VE</arg>
<arg>VG</arg>
<arg>VI</arg>
<arg>VN</arg>
<arg>VU</arg>
<arg>WF</arg>
<arg>WS</arg>
<arg>XK</arg>
<arg>YE</arg>
<arg>YT</arg>
<arg>ZA</arg>
<arg>ZM</arg>
<arg>ZW</arg>
<doc>Returns a list containing given items.</doc>
<status status="PASS" start="2024-05-01T19:13:25.776321" elapsed="0.000702"/>
</kw>
<kw name="List Should Contain Value" owner="Collections">
<msg time="2024-05-01T19:13:25.778026" level="INFO">False</msg>
<arg>${list_country}</arg>
<arg>${name_country}</arg>
<doc>Fails if the ``value`` is not found from ``list``.</doc>
<status status="PASS" start="2024-05-01T19:13:25.777824" elapsed="0.000239"/>
</kw>
<kw name="Run Keyword If" owner="BuiltIn">
<kw name="Should Be True" owner="BuiltIn">
<arg>${True}</arg>
<doc>Fails if the given condition is not true.</doc>
<status status="PASS" start="2024-05-01T19:13:25.779187" elapsed="0.000145"/>
</kw>
<arg>${json_data["results"][0]["location"]["coordinates"]["latitude"]} &gt;= -90 and ${json_data["results"][0]["location"]["coordinates"]["latitude"]} &lt;= 90</arg>
<arg>Should Be True</arg>
<arg>${True}</arg>
<doc>Runs the given keyword with the given arguments, if ``condition`` is true.</doc>
<status status="PASS" start="2024-05-01T19:13:25.778378" elapsed="0.001082"/>
</kw>
<kw name="Run Keyword If" owner="BuiltIn">
<kw name="Should Be True" owner="BuiltIn">
<arg>${True}</arg>
<doc>Fails if the given condition is not true.</doc>
<status status="PASS" start="2024-05-01T19:13:25.780355" elapsed="0.000262"/>
</kw>
<arg>${json_data["results"][0]["location"]["coordinates"]["longitude"]} &gt;= -180 and ${json_data["results"][0]["location"]["coordinates"]["longitude"]} &lt;= 180</arg>
<arg>Should Be True</arg>
<arg>${True}</arg>
<doc>Runs the given keyword with the given arguments, if ``condition`` is true.</doc>
<status status="PASS" start="2024-05-01T19:13:25.779646" elapsed="0.001099"/>
</kw>
<status status="PASS" start="2024-05-01T19:13:25.671783" elapsed="0.109098"/>
</kw>
<doc>Testa o conteúdo específico dos campos retornados pela API.</doc>
<tag>testeConteudo</tag>
<status status="PASS" start="2024-05-01T19:13:25.671223" elapsed="0.109811"/>
</test>
<status status="PASS" start="2024-05-01T19:13:24.762878" elapsed="1.020203"/>
</suite>
<status status="PASS" start="2024-05-01T19:13:24.748850" elapsed="1.039480"/>
</suite>
<statistics>
<total>
<stat pass="5" fail="0" skip="0">All Tests</stat>
</total>
<tag>
<stat pass="1" fail="0" skip="0">testeConteudo</stat>
<stat pass="1" fail="0" skip="0">testeEstruturaResposta</stat>
<stat pass="1" fail="0" skip="0">testeRequisicaoBasica</stat>
<stat pass="1" fail="0" skip="0">testeTiposDados</stat>
</tag>
<suite>
<stat pass="5" fail="0" skip="0" id="s1" name="Tests">Tests</stat>
<stat pass="5" fail="0" skip="0" id="s1-s1" name="Random-User-Test">Tests.Random-User-Test</stat>
</suite>
</statistics>
<errors>
</errors>
</robot>
