<?xml version="1.0" encoding="UTF-8"?>
<robot generator="Robot 7.0 (Python 3.12.2 on linux)" generated="2024-04-04T16:17:28.318452" rpa="false" schemaversion="5">
<suite id="s1" name="Tests" source="/home/runner/work/DesafioQAItauRogerioJordao/DesafioQAItauRogerioJordao/RamdonUser/tests">
<suite id="s1-s1" name="Random-User-Test" source="/home/runner/work/DesafioQAItauRogerioJordao/DesafioQAItauRogerioJordao/RamdonUser/tests/random-user-test.robot">
<test id="s1-s1-t1" name="Conectar" line="13">
<kw name="Conectar API" owner="random-user-service">
<kw name="Create Session" owner="RequestsLibrary">
<msg time="2024-04-04T16:17:28.689357" level="INFO">Creating Session using : alias=consultarAPI, url=https://randomuser.me/, headers={},                     cookies={}, auth=None, timeout=None, proxies=None, verify=False,                     debug=0 </msg>
<arg>consultarAPI</arg>
<arg>${URL}</arg>
<doc>Create Session: create a HTTP session to a server</doc>
<status status="PASS" start="2024-04-04T16:17:28.689143" elapsed="0.000409"/>
</kw>
<status status="PASS" start="2024-04-04T16:17:28.688034" elapsed="0.001890"/>
</kw>
<status status="PASS" start="2024-04-04T16:17:28.687473" elapsed="0.002658"/>
</test>
<test id="s1-s1-t2" name="Validar retorno 200 e JSON Válido" line="16">
<kw name="Teste de Requisicao Basica" owner="random-user-service">
<kw name="GET On Session" owner="RequestsLibrary">
<msg time="2024-04-04T16:17:28.774996" level="INFO">GET Request : url=https://randomuser.me/api 
 path_url=/api 
 headers={'User-Agent': 'python-requests/2.31.0', 'Accept-Encoding': 'gzip, deflate', 'Accept': '*/*', 'Connection': 'keep-alive'} 
 body=None 
 </msg>
<msg time="2024-04-04T16:17:28.775142" level="INFO">GET Response : url=https://randomuser.me/api 
 status=200, reason=OK 
 headers={'Date': 'Thu, 04 Apr 2024 16:17:28 GMT', 'Content-Type': 'application/json; charset=utf-8', 'Transfer-Encoding': 'chunked', 'Connection': 'keep-alive', 'X-Powered-By': 'Express', 'Access-Control-Allow-Origin': '*', 'Cache-Control': 'no-cache', 'ETag': 'W/"489-+HV+V7YiCbau5/bWS19k3t5GvSg"', 'Vary': 'Accept-Encoding', 'Content-Encoding': 'gzip', 'CF-Cache-Status': 'DYNAMIC', 'Report-To': '{"endpoints":[{"url":"https:\\/\\/a.nel.cloudflare.com\\/report\\/v4?s=K0LKzsXrK%2BYj07NHjc0MD6JDbVgtTTHhUbruVZJZPMNz9aDHk7Ctm0ngZNsD0SnvDwc2319U6QbTRWKd5jiimKiOsIeID4zk8pBV6qmFGoeKvBWV4rVXN%2FcuLIkH5PAm"}],"group":"cf-nel","max_age":604800}', 'NEL': '{"success_fraction":0,"report_to":"cf-nel","max_age":604800}', 'Server': 'cloudflare', 'CF-RAY': '86f29bda7ed757af-IAD', 'alt-svc': 'h3=":443"; ma=86400'} 
 body={"results":[{"gender":"female","name":{"title":"Miss","first":"Sushma","last":"Holla"},"location":{"street":{"number":3104,"name":"Gandhi Maidan Marg"},"city":"Panvel","state":"Punjab","country":"India","postcode":37072,"coordinates":{"latitude":"10.1317","longitude":"179.5400"},"timezone":{"offset":"+6:00","description":"Almaty, Dhaka, Colombo"}},"email":"sushma.holla@example.com","login":{"uuid":"e54c45bc-4e23-4760-b241-4b5d760af766","username":"beautifulelephant722","password":"dawn","salt":"6klExd9i","md5":"b3e323857a4b720aacd8c21de2602111","sha1":"93420e8e8a937381c2d0761a72296eb24eff451e","sha256":"62e7662505583e65cb74615f915f1e5610dfee197b34626a47f6dcb9e7b47dc8"},"dob":{"date":"1963-09-28T02:36:38.400Z","age":60},"registered":{"date":"2019-08-22T11:38:43.060Z","age":4},"phone":"8069444406","cell":"7884943135","id":{"name":"UIDAI","value":"509178332805"},"picture":{"large":"https://randomuser.me/api/portraits/women/47.jpg","medium":"https://randomuser.me/api/portraits/med/women/47.jpg","thumbnail":"https://randomuser.me/api/portraits/thumb/women/47.jpg"},"nat":"IN"}],"info":{"seed":"b7d0419338b90168","results":1,"page":1,"version":"1.4"}} 
 </msg>
<msg time="2024-04-04T16:17:28.775247" level="INFO">/opt/hostedtoolcache/Python/3.12.2/x64/lib/python3.12/site-packages/urllib3/connectionpool.py:1103: InsecureRequestWarning: Unverified HTTPS request is being made to host 'randomuser.me'. Adding certificate verification is strongly advised. See: https://urllib3.readthedocs.io/en/latest/advanced-usage.html#tls-warnings
  warnings.warn(</msg>
<msg time="2024-04-04T16:17:28.775407" level="INFO">${response} = &lt;Response [200]&gt;</msg>
<var>${response}</var>
<arg>consultarAPI</arg>
<arg>/api</arg>
<doc>Sends a GET request on a previously created HTTP Session.</doc>
<status status="PASS" start="2024-04-04T16:17:28.692775" elapsed="0.082677"/>
</kw>
<kw name="Should Be Equal As Numbers" owner="BuiltIn">
<msg time="2024-04-04T16:17:28.776480" level="INFO">Argument types are:
&lt;class 'int'&gt;
&lt;class 'str'&gt;</msg>
<arg>${response.status_code}</arg>
<arg>200</arg>
<doc>Fails if objects are unequal after converting them to real numbers.</doc>
<status status="PASS" start="2024-04-04T16:17:28.776016" elapsed="0.000530"/>
</kw>
<kw name="Log" owner="BuiltIn">
<msg time="2024-04-04T16:17:28.777274" level="INFO">200</msg>
<arg>${response.status_code}</arg>
<doc>Logs the given message with the given level.</doc>
<status status="PASS" start="2024-04-04T16:17:28.776867" elapsed="0.000452"/>
</kw>
<kw name="Set Variable" owner="BuiltIn">
<msg time="2024-04-04T16:17:28.778089" level="INFO">${json_data} = {'results': [{'gender': 'female', 'name': {'title': 'Miss', 'first': 'Sushma', 'last': 'Holla'}, 'location': {'street': {'number': 3104, 'name': 'Gandhi Maidan Marg'}, 'city': 'Panvel', 'state': 'Punj...</msg>
<var>${json_data}</var>
<arg>${response.json()}</arg>
<doc>Returns the given values which can then be assigned to a variables.</doc>
<status status="PASS" start="2024-04-04T16:17:28.777647" elapsed="0.000471"/>
</kw>
<kw name="Dictionary Should Contain Key" owner="Collections">
<msg time="2024-04-04T16:17:28.778594" level="INFO">False</msg>
<arg>${json_data}</arg>
<arg>results</arg>
<doc>Fails if ``key`` is not found from ``dictionary``.</doc>
<status status="PASS" start="2024-04-04T16:17:28.778425" elapsed="0.000209"/>
</kw>
<status status="PASS" start="2024-04-04T16:17:28.692518" elapsed="0.086381"/>
</kw>
<doc>Testa se a API responde corretamente e retorna um objeto JSON válido.</doc>
<tag>testeRequisicaoBasica</tag>
<status status="PASS" start="2024-04-04T16:17:28.691983" elapsed="0.087104"/>
</test>
<test id="s1-s1-t3" name="Validar estrutura de resposta" line="22">
<kw name="Teste de Estrutura de Resposta" owner="random-user-service">
<kw name="GET On Session" owner="RequestsLibrary">
<msg time="2024-04-04T16:17:28.869128" level="INFO">GET Request : url=https://randomuser.me/api 
 path_url=/api 
 headers={'User-Agent': 'python-requests/2.31.0', 'Accept-Encoding': 'gzip, deflate', 'Accept': '*/*', 'Connection': 'keep-alive'} 
 body=None 
 </msg>
<msg time="2024-04-04T16:17:28.869227" level="INFO">GET Response : url=https://randomuser.me/api 
 status=200, reason=OK 
 headers={'Date': 'Thu, 04 Apr 2024 16:17:28 GMT', 'Content-Type': 'application/json; charset=utf-8', 'Transfer-Encoding': 'chunked', 'Connection': 'keep-alive', 'X-Powered-By': 'Express', 'Access-Control-Allow-Origin': '*', 'Cache-Control': 'no-cache', 'ETag': 'W/"496-T1HZ8oETBOjijt8DxuHEGrspg3Q"', 'Vary': 'Accept-Encoding', 'Content-Encoding': 'gzip', 'CF-Cache-Status': 'DYNAMIC', 'Report-To': '{"endpoints":[{"url":"https:\\/\\/a.nel.cloudflare.com\\/report\\/v4?s=MRYaJdQRObyTM5A9t0Zdp7ntLorEkd0zXot94%2FTIOYQPGpYRbw0lGKic42m6hRXNQRE1jjoCVlDB1zbChIXloktueIg5BWolxJOygMKV%2BzMA1dZNvXMgXzXcFvDKQx8F"}],"group":"cf-nel","max_age":604800}', 'NEL': '{"success_fraction":0,"report_to":"cf-nel","max_age":604800}', 'Server': 'cloudflare', 'CF-RAY': '86f29bdaef3657af-IAD', 'alt-svc': 'h3=":443"; ma=86400'} 
 body={"results":[{"gender":"female","name":{"title":"Mrs","first":"Sarah","last":"Clarke"},"location":{"street":{"number":1742,"name":"Rectory Lane"},"city":"Dundee","state":"Tyne and Wear","country":"United Kingdom","postcode":"V0D 6HE","coordinates":{"latitude":"-10.0636","longitude":"2.7592"},"timezone":{"offset":"-12:00","description":"Eniwetok, Kwajalein"}},"email":"sarah.clarke@example.com","login":{"uuid":"d2702b4e-ad5b-4d37-9c3d-f0759291102b","username":"ticklishwolf103","password":"citroen","salt":"ZvUZmEwY","md5":"ced952ac5b371070df23c67d3e6a74b6","sha1":"dd675834d46d21cc1cafbf280ec1bb18c703dca6","sha256":"f8bfa4282dbfe422a5fb8ab69f17ebc8928bb894d933a2332e90a8bd15fe6f8c"},"dob":{"date":"1973-01-05T04:11:33.676Z","age":51},"registered":{"date":"2009-09-24T21:20:12.472Z","age":14},"phone":"017683 28167","cell":"07989 548235","id":{"name":"NINO","value":"PW 25 24 13 A"},"picture":{"large":"https://randomuser.me/api/portraits/women/58.jpg","medium":"https://randomuser.me/api/portraits/med/women/58.jpg","thumbnail":"https://randomuser.me/api/portraits/thumb/women/58.jpg"},"nat":"GB"}],"info":{"seed":"56ab7017c840c6dd","results":1,"page":1,"version":"1.4"}} 
 </msg>
<msg time="2024-04-04T16:17:28.869373" level="INFO">/opt/hostedtoolcache/Python/3.12.2/x64/lib/python3.12/site-packages/urllib3/connectionpool.py:1103: InsecureRequestWarning: Unverified HTTPS request is being made to host 'randomuser.me'. Adding certificate verification is strongly advised. See: https://urllib3.readthedocs.io/en/latest/advanced-usage.html#tls-warnings
  warnings.warn(</msg>
<msg time="2024-04-04T16:17:28.869505" level="INFO">${response} = &lt;Response [200]&gt;</msg>
<var>${response}</var>
<arg>consultarAPI</arg>
<arg>/api</arg>
<doc>Sends a GET request on a previously created HTTP Session.</doc>
<status status="PASS" start="2024-04-04T16:17:28.781994" elapsed="0.087552"/>
</kw>
<kw name="Set Variable" owner="BuiltIn">
<msg time="2024-04-04T16:17:28.870699" level="INFO">${json_data} = {'results': [{'gender': 'female', 'name': {'title': 'Mrs', 'first': 'Sarah', 'last': 'Clarke'}, 'location': {'street': {'number': 1742, 'name': 'Rectory Lane'}, 'city': 'Dundee', 'state': 'Tyne and We...</msg>
<var>${json_data}</var>
<arg>${response.json()}</arg>
<doc>Returns the given values which can then be assigned to a variables.</doc>
<status status="PASS" start="2024-04-04T16:17:28.870147" elapsed="0.000580"/>
</kw>
<kw name="Log" owner="BuiltIn">
<msg time="2024-04-04T16:17:28.871207" level="INFO">{'results': [{'gender': 'female', 'name': {'title': 'Mrs', 'first': 'Sarah', 'last': 'Clarke'}, 'location': {'street': {'number': 1742, 'name': 'Rectory Lane'}, 'city': 'Dundee', 'state': 'Tyne and Wear', 'country': 'United Kingdom', 'postcode': 'V0D 6HE', 'coordinates': {'latitude': '-10.0636', 'longitude': '2.7592'}, 'timezone': {'offset': '-12:00', 'description': 'Eniwetok, Kwajalein'}}, 'email': 'sarah.clarke@example.com', 'login': {'uuid': 'd2702b4e-ad5b-4d37-9c3d-f0759291102b', 'username': 'ticklishwolf103', 'password': 'citroen', 'salt': 'ZvUZmEwY', 'md5': 'ced952ac5b371070df23c67d3e6a74b6', 'sha1': 'dd675834d46d21cc1cafbf280ec1bb18c703dca6', 'sha256': 'f8bfa4282dbfe422a5fb8ab69f17ebc8928bb894d933a2332e90a8bd15fe6f8c'}, 'dob': {'date': '1973-01-05T04:11:33.676Z', 'age': 51}, 'registered': {'date': '2009-09-24T21:20:12.472Z', 'age': 14}, 'phone': '017683 28167', 'cell': '07989 548235', 'id': {'name': 'NINO', 'value': 'PW 25 24 13 A'}, 'picture': {'large': 'https://randomuser.me/api/portraits/women/58.jpg', 'medium': 'https://randomuser.me/api/portraits/med/women/58.jpg', 'thumbnail': 'https://randomuser.me/api/portraits/thumb/women/58.jpg'}, 'nat': 'GB'}], 'info': {'seed': '56ab7017c840c6dd', 'results': 1, 'page': 1, 'version': '1.4'}}</msg>
<arg>${json_data}</arg>
<doc>Logs the given message with the given level.</doc>
<status status="PASS" start="2024-04-04T16:17:28.871046" elapsed="0.000210"/>
</kw>
<kw name="Dictionary Should Contain Key" owner="Collections">
<msg time="2024-04-04T16:17:28.871714" level="INFO">False</msg>
<arg>${json_data}</arg>
<arg>results</arg>
<doc>Fails if ``key`` is not found from ``dictionary``.</doc>
<status status="PASS" start="2024-04-04T16:17:28.871556" elapsed="0.000196"/>
</kw>
<kw name="Should Not Be Empty" owner="BuiltIn">
<msg time="2024-04-04T16:17:28.872182" level="INFO">Length is 2.</msg>
<arg>${json_data}</arg>
<doc>Verifies that the given item is not empty.</doc>
<status status="PASS" start="2024-04-04T16:17:28.872048" elapsed="0.000173"/>
</kw>
<kw name="Create List" owner="BuiltIn">
<msg time="2024-04-04T16:17:28.872666" level="INFO">${expected_keys} = ['gender', 'name', 'location', 'email', 'login']</msg>
<var>${expected_keys}</var>
<arg>gender</arg>
<arg>name</arg>
<arg>location</arg>
<arg>email</arg>
<arg>login</arg>
<doc>Returns a list containing given items.</doc>
<status status="PASS" start="2024-04-04T16:17:28.872517" elapsed="0.000173"/>
</kw>
<for flavor="IN">
<iter>
<kw name="Dictionary Should Contain Key" owner="Collections">
<msg time="2024-04-04T16:17:28.873732" level="INFO">False</msg>
<arg>${json_data['results'][0]}</arg>
<arg>${key}</arg>
<doc>Fails if ``key`` is not found from ``dictionary``.</doc>
<status status="PASS" start="2024-04-04T16:17:28.873322" elapsed="0.000450"/>
</kw>
<kw name="Log" owner="BuiltIn">
<msg time="2024-04-04T16:17:28.874453" level="INFO">{'gender': 'female', 'name': {'title': 'Mrs', 'first': 'Sarah', 'last': 'Clarke'}, 'location': {'street': {'number': 1742, 'name': 'Rectory Lane'}, 'city': 'Dundee', 'state': 'Tyne and Wear', 'country': 'United Kingdom', 'postcode': 'V0D 6HE', 'coordinates': {'latitude': '-10.0636', 'longitude': '2.7592'}, 'timezone': {'offset': '-12:00', 'description': 'Eniwetok, Kwajalein'}}, 'email': 'sarah.clarke@example.com', 'login': {'uuid': 'd2702b4e-ad5b-4d37-9c3d-f0759291102b', 'username': 'ticklishwolf103', 'password': 'citroen', 'salt': 'ZvUZmEwY', 'md5': 'ced952ac5b371070df23c67d3e6a74b6', 'sha1': 'dd675834d46d21cc1cafbf280ec1bb18c703dca6', 'sha256': 'f8bfa4282dbfe422a5fb8ab69f17ebc8928bb894d933a2332e90a8bd15fe6f8c'}, 'dob': {'date': '1973-01-05T04:11:33.676Z', 'age': 51}, 'registered': {'date': '2009-09-24T21:20:12.472Z', 'age': 14}, 'phone': '017683 28167', 'cell': '07989 548235', 'id': {'name': 'NINO', 'value': 'PW 25 24 13 A'}, 'picture': {'large': 'https://randomuser.me/api/portraits/women/58.jpg', 'medium': 'https://randomuser.me/api/portraits/med/women/58.jpg', 'thumbnail': 'https://randomuser.me/api/portraits/thumb/women/58.jpg'}, 'nat': 'GB'}</msg>
<arg>${json_data['results'][0]}</arg>
<doc>Logs the given message with the given level.</doc>
<status status="PASS" start="2024-04-04T16:17:28.874082" elapsed="0.000425"/>
</kw>
<kw name="Log" owner="BuiltIn">
<msg time="2024-04-04T16:17:28.874951" level="INFO">gender</msg>
<arg>${key}</arg>
<doc>Logs the given message with the given level.</doc>
<status status="PASS" start="2024-04-04T16:17:28.874817" elapsed="0.000174"/>
</kw>
<var name="${key}">gender</var>
<status status="PASS" start="2024-04-04T16:17:28.873194" elapsed="0.002021"/>
</iter>
<iter>
<kw name="Dictionary Should Contain Key" owner="Collections">
<msg time="2024-04-04T16:17:28.875918" level="INFO">False</msg>
<arg>${json_data['results'][0]}</arg>
<arg>${key}</arg>
<doc>Fails if ``key`` is not found from ``dictionary``.</doc>
<status status="PASS" start="2024-04-04T16:17:28.875523" elapsed="0.000434"/>
</kw>
<kw name="Log" owner="BuiltIn">
<msg time="2024-04-04T16:17:28.876650" level="INFO">{'gender': 'female', 'name': {'title': 'Mrs', 'first': 'Sarah', 'last': 'Clarke'}, 'location': {'street': {'number': 1742, 'name': 'Rectory Lane'}, 'city': 'Dundee', 'state': 'Tyne and Wear', 'country': 'United Kingdom', 'postcode': 'V0D 6HE', 'coordinates': {'latitude': '-10.0636', 'longitude': '2.7592'}, 'timezone': {'offset': '-12:00', 'description': 'Eniwetok, Kwajalein'}}, 'email': 'sarah.clarke@example.com', 'login': {'uuid': 'd2702b4e-ad5b-4d37-9c3d-f0759291102b', 'username': 'ticklishwolf103', 'password': 'citroen', 'salt': 'ZvUZmEwY', 'md5': 'ced952ac5b371070df23c67d3e6a74b6', 'sha1': 'dd675834d46d21cc1cafbf280ec1bb18c703dca6', 'sha256': 'f8bfa4282dbfe422a5fb8ab69f17ebc8928bb894d933a2332e90a8bd15fe6f8c'}, 'dob': {'date': '1973-01-05T04:11:33.676Z', 'age': 51}, 'registered': {'date': '2009-09-24T21:20:12.472Z', 'age': 14}, 'phone': '017683 28167', 'cell': '07989 548235', 'id': {'name': 'NINO', 'value': 'PW 25 24 13 A'}, 'picture': {'large': 'https://randomuser.me/api/portraits/women/58.jpg', 'medium': 'https://randomuser.me/api/portraits/med/women/58.jpg', 'thumbnail': 'https://randomuser.me/api/portraits/thumb/women/58.jpg'}, 'nat': 'GB'}</msg>
<arg>${json_data['results'][0]}</arg>
<doc>Logs the given message with the given level.</doc>
<status status="PASS" start="2024-04-04T16:17:28.876290" elapsed="0.000409"/>
</kw>
<kw name="Log" owner="BuiltIn">
<msg time="2024-04-04T16:17:28.877163" level="INFO">name</msg>
<arg>${key}</arg>
<doc>Logs the given message with the given level.</doc>
<status status="PASS" start="2024-04-04T16:17:28.877000" elapsed="0.000202"/>
</kw>
<var name="${key}">name</var>
<status status="PASS" start="2024-04-04T16:17:28.875407" elapsed="0.002015"/>
</iter>
<iter>
<kw name="Dictionary Should Contain Key" owner="Collections">
<msg time="2024-04-04T16:17:28.878103" level="INFO">False</msg>
<arg>${json_data['results'][0]}</arg>
<arg>${key}</arg>
<doc>Fails if ``key`` is not found from ``dictionary``.</doc>
<status status="PASS" start="2024-04-04T16:17:28.877718" elapsed="0.000423"/>
</kw>
<kw name="Log" owner="BuiltIn">
<msg time="2024-04-04T16:17:28.878801" level="INFO">{'gender': 'female', 'name': {'title': 'Mrs', 'first': 'Sarah', 'last': 'Clarke'}, 'location': {'street': {'number': 1742, 'name': 'Rectory Lane'}, 'city': 'Dundee', 'state': 'Tyne and Wear', 'country': 'United Kingdom', 'postcode': 'V0D 6HE', 'coordinates': {'latitude': '-10.0636', 'longitude': '2.7592'}, 'timezone': {'offset': '-12:00', 'description': 'Eniwetok, Kwajalein'}}, 'email': 'sarah.clarke@example.com', 'login': {'uuid': 'd2702b4e-ad5b-4d37-9c3d-f0759291102b', 'username': 'ticklishwolf103', 'password': 'citroen', 'salt': 'ZvUZmEwY', 'md5': 'ced952ac5b371070df23c67d3e6a74b6', 'sha1': 'dd675834d46d21cc1cafbf280ec1bb18c703dca6', 'sha256': 'f8bfa4282dbfe422a5fb8ab69f17ebc8928bb894d933a2332e90a8bd15fe6f8c'}, 'dob': {'date': '1973-01-05T04:11:33.676Z', 'age': 51}, 'registered': {'date': '2009-09-24T21:20:12.472Z', 'age': 14}, 'phone': '017683 28167', 'cell': '07989 548235', 'id': {'name': 'NINO', 'value': 'PW 25 24 13 A'}, 'picture': {'large': 'https://randomuser.me/api/portraits/women/58.jpg', 'medium': 'https://randomuser.me/api/portraits/med/women/58.jpg', 'thumbnail': 'https://randomuser.me/api/portraits/thumb/women/58.jpg'}, 'nat': 'GB'}</msg>
<arg>${json_data['results'][0]}</arg>
<doc>Logs the given message with the given level.</doc>
<status status="PASS" start="2024-04-04T16:17:28.878445" elapsed="0.000409"/>
</kw>
<kw name="Log" owner="BuiltIn">
<msg time="2024-04-04T16:17:28.879305" level="INFO">location</msg>
<arg>${key}</arg>
<doc>Logs the given message with the given level.</doc>
<status status="PASS" start="2024-04-04T16:17:28.879154" elapsed="0.000195"/>
</kw>
<var name="${key}">location</var>
<status status="PASS" start="2024-04-04T16:17:28.877605" elapsed="0.001977"/>
</iter>
<iter>
<kw name="Dictionary Should Contain Key" owner="Collections">
<msg time="2024-04-04T16:17:28.880248" level="INFO">False</msg>
<arg>${json_data['results'][0]}</arg>
<arg>${key}</arg>
<doc>Fails if ``key`` is not found from ``dictionary``.</doc>
<status status="PASS" start="2024-04-04T16:17:28.879871" elapsed="0.000417"/>
</kw>
<kw name="Log" owner="BuiltIn">
<msg time="2024-04-04T16:17:28.880955" level="INFO">{'gender': 'female', 'name': {'title': 'Mrs', 'first': 'Sarah', 'last': 'Clarke'}, 'location': {'street': {'number': 1742, 'name': 'Rectory Lane'}, 'city': 'Dundee', 'state': 'Tyne and Wear', 'country': 'United Kingdom', 'postcode': 'V0D 6HE', 'coordinates': {'latitude': '-10.0636', 'longitude': '2.7592'}, 'timezone': {'offset': '-12:00', 'description': 'Eniwetok, Kwajalein'}}, 'email': 'sarah.clarke@example.com', 'login': {'uuid': 'd2702b4e-ad5b-4d37-9c3d-f0759291102b', 'username': 'ticklishwolf103', 'password': 'citroen', 'salt': 'ZvUZmEwY', 'md5': 'ced952ac5b371070df23c67d3e6a74b6', 'sha1': 'dd675834d46d21cc1cafbf280ec1bb18c703dca6', 'sha256': 'f8bfa4282dbfe422a5fb8ab69f17ebc8928bb894d933a2332e90a8bd15fe6f8c'}, 'dob': {'date': '1973-01-05T04:11:33.676Z', 'age': 51}, 'registered': {'date': '2009-09-24T21:20:12.472Z', 'age': 14}, 'phone': '017683 28167', 'cell': '07989 548235', 'id': {'name': 'NINO', 'value': 'PW 25 24 13 A'}, 'picture': {'large': 'https://randomuser.me/api/portraits/women/58.jpg', 'medium': 'https://randomuser.me/api/portraits/med/women/58.jpg', 'thumbnail': 'https://randomuser.me/api/portraits/thumb/women/58.jpg'}, 'nat': 'GB'}</msg>
<arg>${json_data['results'][0]}</arg>
<doc>Logs the given message with the given level.</doc>
<status status="PASS" start="2024-04-04T16:17:28.880590" elapsed="0.000413"/>
</kw>
<kw name="Log" owner="BuiltIn">
<msg time="2024-04-04T16:17:28.881464" level="INFO">email</msg>
<arg>${key}</arg>
<doc>Logs the given message with the given level.</doc>
<status status="PASS" start="2024-04-04T16:17:28.881336" elapsed="0.000166"/>
</kw>
<var name="${key}">email</var>
<status status="PASS" start="2024-04-04T16:17:28.879759" elapsed="0.001957"/>
</iter>
<iter>
<kw name="Dictionary Should Contain Key" owner="Collections">
<msg time="2024-04-04T16:17:28.882383" level="INFO">False</msg>
<arg>${json_data['results'][0]}</arg>
<arg>${key}</arg>
<doc>Fails if ``key`` is not found from ``dictionary``.</doc>
<status status="PASS" start="2024-04-04T16:17:28.882002" elapsed="0.000419"/>
</kw>
<kw name="Log" owner="BuiltIn">
<msg time="2024-04-04T16:17:28.883084" level="INFO">{'gender': 'female', 'name': {'title': 'Mrs', 'first': 'Sarah', 'last': 'Clarke'}, 'location': {'street': {'number': 1742, 'name': 'Rectory Lane'}, 'city': 'Dundee', 'state': 'Tyne and Wear', 'country': 'United Kingdom', 'postcode': 'V0D 6HE', 'coordinates': {'latitude': '-10.0636', 'longitude': '2.7592'}, 'timezone': {'offset': '-12:00', 'description': 'Eniwetok, Kwajalein'}}, 'email': 'sarah.clarke@example.com', 'login': {'uuid': 'd2702b4e-ad5b-4d37-9c3d-f0759291102b', 'username': 'ticklishwolf103', 'password': 'citroen', 'salt': 'ZvUZmEwY', 'md5': 'ced952ac5b371070df23c67d3e6a74b6', 'sha1': 'dd675834d46d21cc1cafbf280ec1bb18c703dca6', 'sha256': 'f8bfa4282dbfe422a5fb8ab69f17ebc8928bb894d933a2332e90a8bd15fe6f8c'}, 'dob': {'date': '1973-01-05T04:11:33.676Z', 'age': 51}, 'registered': {'date': '2009-09-24T21:20:12.472Z', 'age': 14}, 'phone': '017683 28167', 'cell': '07989 548235', 'id': {'name': 'NINO', 'value': 'PW 25 24 13 A'}, 'picture': {'large': 'https://randomuser.me/api/portraits/women/58.jpg', 'medium': 'https://randomuser.me/api/portraits/med/women/58.jpg', 'thumbnail': 'https://randomuser.me/api/portraits/thumb/women/58.jpg'}, 'nat': 'GB'}</msg>
<arg>${json_data['results'][0]}</arg>
<doc>Logs the given message with the given level.</doc>
<status status="PASS" start="2024-04-04T16:17:28.882716" elapsed="0.000415"/>
</kw>
<kw name="Log" owner="BuiltIn">
<msg time="2024-04-04T16:17:28.883550" level="INFO">login</msg>
<arg>${key}</arg>
<doc>Logs the given message with the given level.</doc>
<status status="PASS" start="2024-04-04T16:17:28.883423" elapsed="0.000281"/>
</kw>
<var name="${key}">login</var>
<status status="PASS" start="2024-04-04T16:17:28.881891" elapsed="0.002077"/>
</iter>
<var>${key}</var>
<value>@{expected_keys}</value>
<status status="PASS" start="2024-04-04T16:17:28.872958" elapsed="0.011141"/>
</for>
<kw name="Create List" owner="BuiltIn">
<msg time="2024-04-04T16:17:28.884440" level="INFO">${expected_keysTwo} = ['username', 'password']</msg>
<var>${expected_keysTwo}</var>
<arg>username</arg>
<arg>password</arg>
<doc>Returns a list containing given items.</doc>
<status status="PASS" start="2024-04-04T16:17:28.884301" elapsed="0.000163"/>
</kw>
<for flavor="IN">
<iter>
<kw name="Dictionary Should Contain Key" owner="Collections">
<msg time="2024-04-04T16:17:28.885413" level="INFO">False</msg>
<arg>${json_data['results'][0]['login']}</arg>
<arg>${keyTwo}</arg>
<doc>Fails if ``key`` is not found from ``dictionary``.</doc>
<status status="PASS" start="2024-04-04T16:17:28.884987" elapsed="0.000464"/>
</kw>
<kw name="Dictionary Should Contain Key" owner="Collections">
<msg time="2024-04-04T16:17:28.886138" level="INFO">False</msg>
<arg>${json_data['results'][0]['login']}</arg>
<arg>${keyTwo}</arg>
<doc>Fails if ``key`` is not found from ``dictionary``.</doc>
<status status="PASS" start="2024-04-04T16:17:28.885750" elapsed="0.000426"/>
</kw>
<kw name="Log" owner="BuiltIn">
<msg time="2024-04-04T16:17:28.886603" level="INFO">username</msg>
<arg>${keyTwo}</arg>
<doc>Logs the given message with the given level.</doc>
<status status="PASS" start="2024-04-04T16:17:28.886474" elapsed="0.000167"/>
</kw>
<var name="${keyTwo}">username</var>
<status status="PASS" start="2024-04-04T16:17:28.884876" elapsed="0.001980"/>
</iter>
<iter>
<kw name="Dictionary Should Contain Key" owner="Collections">
<msg time="2024-04-04T16:17:28.887520" level="INFO">False</msg>
<arg>${json_data['results'][0]['login']}</arg>
<arg>${keyTwo}</arg>
<doc>Fails if ``key`` is not found from ``dictionary``.</doc>
<status status="PASS" start="2024-04-04T16:17:28.887144" elapsed="0.000413"/>
</kw>
<kw name="Dictionary Should Contain Key" owner="Collections">
<msg time="2024-04-04T16:17:28.888232" level="INFO">False</msg>
<arg>${json_data['results'][0]['login']}</arg>
<arg>${keyTwo}</arg>
<doc>Fails if ``key`` is not found from ``dictionary``.</doc>
<status status="PASS" start="2024-04-04T16:17:28.887851" elapsed="0.000419"/>
</kw>
<kw name="Log" owner="BuiltIn">
<msg time="2024-04-04T16:17:28.888692" level="INFO">password</msg>
<arg>${keyTwo}</arg>
<doc>Logs the given message with the given level.</doc>
<status status="PASS" start="2024-04-04T16:17:28.888562" elapsed="0.000168"/>
</kw>
<var name="${keyTwo}">password</var>
<status status="PASS" start="2024-04-04T16:17:28.887033" elapsed="0.001913"/>
</iter>
<var>${keyTwo}</var>
<value>@{expected_keysTwo}</value>
<status status="PASS" start="2024-04-04T16:17:28.884705" elapsed="0.004404"/>
</for>
<status status="PASS" start="2024-04-04T16:17:28.781754" elapsed="0.107507"/>
</kw>
<doc>Testa a estrutura da resposta da API.</doc>
<tag>testeEstruturaResposta</tag>
<status status="PASS" start="2024-04-04T16:17:28.780941" elapsed="0.108487"/>
</test>
<test id="s1-s1-t4" name="Validar tipos de dados" line="28">
<kw name="Teste de Tipos de Dados" owner="random-user-service">
<kw name="GET On Session" owner="RequestsLibrary">
<msg time="2024-04-04T16:17:28.977650" level="INFO">GET Request : url=https://randomuser.me/api 
 path_url=/api 
 headers={'User-Agent': 'python-requests/2.31.0', 'Accept-Encoding': 'gzip, deflate', 'Accept': '*/*', 'Connection': 'keep-alive'} 
 body=None 
 </msg>
<msg time="2024-04-04T16:17:28.977760" level="INFO">GET Response : url=https://randomuser.me/api 
 status=200, reason=OK 
 headers={'Date': 'Thu, 04 Apr 2024 16:17:28 GMT', 'Content-Type': 'application/json; charset=utf-8', 'Transfer-Encoding': 'chunked', 'Connection': 'keep-alive', 'X-Powered-By': 'Express', 'Access-Control-Allow-Origin': '*', 'Cache-Control': 'no-cache', 'ETag': 'W/"482-j64WhrYoo6A8BxFhSUfBWtm/uco"', 'Vary': 'Accept-Encoding', 'Content-Encoding': 'gzip', 'CF-Cache-Status': 'DYNAMIC', 'Report-To': '{"endpoints":[{"url":"https:\\/\\/a.nel.cloudflare.com\\/report\\/v4?s=HOVZPBq8p7cSUrQy07LsHhDmR9ksa8zSlSx4Dj4E%2FWHPs7r8fuRxsQHGDTkLGBef%2BEzAOTxwJF4Mw8HXxDrxkPA0r2UHDqMV0V4cBxLlr%2BOAZnjjO%2FnOAAwTysoK8IPC"}],"group":"cf-nel","max_age":604800}', 'NEL': '{"success_fraction":0,"report_to":"cf-nel","max_age":604800}', 'Server': 'cloudflare', 'CF-RAY': '86f29bdb9fda57af-IAD', 'alt-svc': 'h3=":443"; ma=86400'} 
 body={"results":[{"gender":"female","name":{"title":"Mrs","first":"Aubrey","last":"Slawa"},"location":{"street":{"number":9019,"name":"Regent Ave"},"city":"Radisson","state":"British Columbia","country":"Canada","postcode":"T9S 5Q4","coordinates":{"latitude":"-71.9485","longitude":"112.6217"},"timezone":{"offset":"-2:00","description":"Mid-Atlantic"}},"email":"aubrey.slawa@example.com","login":{"uuid":"2d86eca1-f5af-4793-9205-fba8d1b5d580","username":"goldenwolf757","password":"00000","salt":"wP9BKpgl","md5":"7d5f39fa5df358960ec0f1a6048b276b","sha1":"e812ac6742dfc7ace47618f90cd07b93f5bdb9e0","sha256":"d60d171787b41194170ba9bddfd7d985e2df0b142cbe72a7857f16a20d072449"},"dob":{"date":"1981-05-28T18:40:57.325Z","age":42},"registered":{"date":"2013-05-18T16:09:28.060Z","age":10},"phone":"D73 V35-0386","cell":"T44 T16-0159","id":{"name":"SIN","value":"430301648"},"picture":{"large":"https://randomuser.me/api/portraits/women/82.jpg","medium":"https://randomuser.me/api/portraits/med/women/82.jpg","thumbnail":"https://randomuser.me/api/portraits/thumb/women/82.jpg"},"nat":"CA"}],"info":{"seed":"d080df0bde36a414","results":1,"page":1,"version":"1.4"}} 
 </msg>
<msg time="2024-04-04T16:17:28.977836" level="INFO">/opt/hostedtoolcache/Python/3.12.2/x64/lib/python3.12/site-packages/urllib3/connectionpool.py:1103: InsecureRequestWarning: Unverified HTTPS request is being made to host 'randomuser.me'. Adding certificate verification is strongly advised. See: https://urllib3.readthedocs.io/en/latest/advanced-usage.html#tls-warnings
  warnings.warn(</msg>
<msg time="2024-04-04T16:17:28.977982" level="INFO">${response} = &lt;Response [200]&gt;</msg>
<var>${response}</var>
<arg>consultarAPI</arg>
<arg>/api</arg>
<doc>Sends a GET request on a previously created HTTP Session.</doc>
<status status="PASS" start="2024-04-04T16:17:28.892011" elapsed="0.086022"/>
</kw>
<kw name="Set Variable" owner="BuiltIn">
<msg time="2024-04-04T16:17:28.979252" level="INFO">${json_data} = {'results': [{'gender': 'female', 'name': {'title': 'Mrs', 'first': 'Aubrey', 'last': 'Slawa'}, 'location': {'street': {'number': 9019, 'name': 'Regent Ave'}, 'city': 'Radisson', 'state': 'British Col...</msg>
<var>${json_data}</var>
<arg>${response.json()}</arg>
<doc>Returns the given values which can then be assigned to a variables.</doc>
<status status="PASS" start="2024-04-04T16:17:28.978698" elapsed="0.000583"/>
</kw>
<kw name="Log" owner="BuiltIn">
<msg time="2024-04-04T16:17:28.979766" level="INFO">{'results': [{'gender': 'female', 'name': {'title': 'Mrs', 'first': 'Aubrey', 'last': 'Slawa'}, 'location': {'street': {'number': 9019, 'name': 'Regent Ave'}, 'city': 'Radisson', 'state': 'British Columbia', 'country': 'Canada', 'postcode': 'T9S 5Q4', 'coordinates': {'latitude': '-71.9485', 'longitude': '112.6217'}, 'timezone': {'offset': '-2:00', 'description': 'Mid-Atlantic'}}, 'email': 'aubrey.slawa@example.com', 'login': {'uuid': '2d86eca1-f5af-4793-9205-fba8d1b5d580', 'username': 'goldenwolf757', 'password': '00000', 'salt': 'wP9BKpgl', 'md5': '7d5f39fa5df358960ec0f1a6048b276b', 'sha1': 'e812ac6742dfc7ace47618f90cd07b93f5bdb9e0', 'sha256': 'd60d171787b41194170ba9bddfd7d985e2df0b142cbe72a7857f16a20d072449'}, 'dob': {'date': '1981-05-28T18:40:57.325Z', 'age': 42}, 'registered': {'date': '2013-05-18T16:09:28.060Z', 'age': 10}, 'phone': 'D73 V35-0386', 'cell': 'T44 T16-0159', 'id': {'name': 'SIN', 'value': '430301648'}, 'picture': {'large': 'https://randomuser.me/api/portraits/women/82.jpg', 'medium': 'https://randomuser.me/api/portraits/med/women/82.jpg', 'thumbnail': 'https://randomuser.me/api/portraits/thumb/women/82.jpg'}, 'nat': 'CA'}], 'info': {'seed': 'd080df0bde36a414', 'results': 1, 'page': 1, 'version': '1.4'}}</msg>
<arg>${json_data}</arg>
<doc>Logs the given message with the given level.</doc>
<status status="PASS" start="2024-04-04T16:17:28.979604" elapsed="0.000249"/>
</kw>
<kw name="Should Be String" owner="String">
<arg>${json_data['results'][0]['gender']}</arg>
<doc>Fails if the given ``item`` is not a string.</doc>
<status status="PASS" start="2024-04-04T16:17:28.980160" elapsed="0.000359"/>
</kw>
<kw name="Should Match Regexp" owner="BuiltIn">
<arg>${json_data['results'][0]['email']}</arg>
<arg>^[a-zA-Z0-9._%+-]+@[a-zA-Z0-9.-]+\.[a-zA-Z]{2,}$</arg>
<doc>Fails if ``string`` does not match ``pattern`` as a regular expression.</doc>
<status status="PASS" start="2024-04-04T16:17:28.980713" elapsed="0.000564"/>
</kw>
<kw name="Should Match Regexp" owner="BuiltIn">
<arg>${json_data['results'][0]['dob']['date']}</arg>
<arg>\\d{4}-\\d{2}-\\d{2}T\\d{2}:\\d{2}:\\d{2}\\.\\d{3}Z</arg>
<doc>Fails if ``string`` does not match ``pattern`` as a regular expression.</doc>
<status status="PASS" start="2024-04-04T16:17:28.981479" elapsed="0.000492"/>
</kw>
<kw name="Should Match Regexp" owner="BuiltIn">
<arg>${json_data['results'][0]['registered']['date']}</arg>
<arg>\\d{4}-\\d{2}-\\d{2}T\\d{2}:\\d{2}:\\d{2}\\.\\d{3}Z</arg>
<doc>Fails if ``string`` does not match ``pattern`` as a regular expression.</doc>
<status status="PASS" start="2024-04-04T16:17:28.982167" elapsed="0.000370"/>
</kw>
<kw name="Should Match Regexp" owner="BuiltIn">
<arg>${json_data['results'][0]['picture']['large']}</arg>
<arg>^https?://.*\.(?:png|jpe?g|gif|bmp)$</arg>
<doc>Fails if ``string`` does not match ``pattern`` as a regular expression.</doc>
<status status="PASS" start="2024-04-04T16:17:28.982729" elapsed="0.000469"/>
</kw>
<kw name="Should Match Regexp" owner="BuiltIn">
<arg>${json_data['results'][0]['picture']['medium']}</arg>
<arg>^https?://.*\.(?:png|jpe?g|gif|bmp)$</arg>
<doc>Fails if ``string`` does not match ``pattern`` as a regular expression.</doc>
<status status="PASS" start="2024-04-04T16:17:28.983391" elapsed="0.000361"/>
</kw>
<kw name="Should Match Regexp" owner="BuiltIn">
<arg>${json_data['results'][0]['picture']['thumbnail']}</arg>
<arg>^https?://.*\.(?:png|jpe?g|gif|bmp)$</arg>
<doc>Fails if ``string`` does not match ``pattern`` as a regular expression.</doc>
<status status="PASS" start="2024-04-04T16:17:28.983939" elapsed="0.000357"/>
</kw>
<kw name="Log" owner="BuiltIn">
<msg time="2024-04-04T16:17:28.984805" level="INFO">{'large': 'https://randomuser.me/api/portraits/women/82.jpg', 'medium': 'https://randomuser.me/api/portraits/med/women/82.jpg', 'thumbnail': 'https://randomuser.me/api/portraits/thumb/women/82.jpg'}</msg>
<arg>${json_data['results'][0]['picture']}</arg>
<doc>Logs the given message with the given level.</doc>
<status status="PASS" start="2024-04-04T16:17:28.984481" elapsed="0.000372"/>
</kw>
<status status="PASS" start="2024-04-04T16:17:28.891770" elapsed="0.093372"/>
</kw>
<kw name="Teste de Tipos de Dados - Postcode" owner="random-user-service">
<kw name="GET On Session" owner="RequestsLibrary">
<msg time="2024-04-04T16:17:29.074092" level="INFO">GET Request : url=https://randomuser.me/api 
 path_url=/api 
 headers={'User-Agent': 'python-requests/2.31.0', 'Accept-Encoding': 'gzip, deflate', 'Accept': '*/*', 'Connection': 'keep-alive'} 
 body=None 
 </msg>
<msg time="2024-04-04T16:17:29.074194" level="INFO">GET Response : url=https://randomuser.me/api 
 status=200, reason=OK 
 headers={'Date': 'Thu, 04 Apr 2024 16:17:29 GMT', 'Content-Type': 'application/json; charset=utf-8', 'Transfer-Encoding': 'chunked', 'Connection': 'keep-alive', 'X-Powered-By': 'Express', 'Access-Control-Allow-Origin': '*', 'Cache-Control': 'no-cache', 'ETag': 'W/"49a-UqakLYceC4XNWUlNCEuATc/JbFk"', 'Vary': 'Accept-Encoding', 'Content-Encoding': 'gzip', 'CF-Cache-Status': 'DYNAMIC', 'Report-To': '{"endpoints":[{"url":"https:\\/\\/a.nel.cloudflare.com\\/report\\/v4?s=t9LMYs4AqQVaxHvqovjDwWjjvQJRY0fqaUo3NZDs%2F%2BwAYh2PX8xFnXosa%2B%2FPi%2FIcO9lpACbeH30dZdournLyJj4OQqD%2BzVKiPBqopIh19MxvFluwG5DXJ3M0LysS9ED8"}],"group":"cf-nel","max_age":604800}', 'NEL': '{"success_fraction":0,"report_to":"cf-nel","max_age":604800}', 'Server': 'cloudflare', 'CF-RAY': '86f29bdc286b57af-IAD', 'alt-svc': 'h3=":443"; ma=86400'} 
 body={"results":[{"gender":"female","name":{"title":"Ms","first":"Patrizia","last":"Melo"},"location":{"street":{"number":3455,"name":"Rua Dezesseis de Maio"},"city":"Paulista","state":"Distrito Federal","country":"Brazil","postcode":10523,"coordinates":{"latitude":"-77.3872","longitude":"69.7410"},"timezone":{"offset":"+6:00","description":"Almaty, Dhaka, Colombo"}},"email":"patrizia.melo@example.com","login":{"uuid":"c9bc54a3-03d0-49ab-869c-2918b2b91dac","username":"smalldog631","password":"metro","salt":"m2bJPUaA","md5":"e303d466edd83e15019316b2cc5e2620","sha1":"68d4e905cd7eec8a28f4111a9ca749c58b6c3574","sha256":"cff41945b44892998c4f667bdd34ff27b07322bb696a4bf13303a12d22884aa0"},"dob":{"date":"1951-03-03T04:27:52.586Z","age":73},"registered":{"date":"2013-03-08T00:15:27.597Z","age":11},"phone":"(17) 5086-7671","cell":"(58) 2502-9444","id":{"name":"CPF","value":"841.183.882-89"},"picture":{"large":"https://randomuser.me/api/portraits/women/66.jpg","medium":"https://randomuser.me/api/portraits/med/women/66.jpg","thumbnail":"https://randomuser.me/api/portraits/thumb/women/66.jpg"},"nat":"BR"}],"info":{"seed":"402f01f3cb5b7475","results":1,"page":1,"version":"1.4"}} 
 </msg>
<msg time="2024-04-04T16:17:29.074285" level="INFO">/opt/hostedtoolcache/Python/3.12.2/x64/lib/python3.12/site-packages/urllib3/connectionpool.py:1103: InsecureRequestWarning: Unverified HTTPS request is being made to host 'randomuser.me'. Adding certificate verification is strongly advised. See: https://urllib3.readthedocs.io/en/latest/advanced-usage.html#tls-warnings
  warnings.warn(</msg>
<msg time="2024-04-04T16:17:29.074425" level="INFO">${response} = &lt;Response [200]&gt;</msg>
<var>${response}</var>
<arg>consultarAPI</arg>
<arg>/api</arg>
<doc>Sends a GET request on a previously created HTTP Session.</doc>
<status status="PASS" start="2024-04-04T16:17:28.985785" elapsed="0.088680"/>
</kw>
<kw name="Set Variable" owner="BuiltIn">
<msg time="2024-04-04T16:17:29.075669" level="INFO">${json_data} = {'results': [{'gender': 'female', 'name': {'title': 'Ms', 'first': 'Patrizia', 'last': 'Melo'}, 'location': {'street': {'number': 3455, 'name': 'Rua Dezesseis de Maio'}, 'city': 'Paulista', 'state': '...</msg>
<var>${json_data}</var>
<arg>${response.json()}</arg>
<doc>Returns the given values which can then be assigned to a variables.</doc>
<status status="PASS" start="2024-04-04T16:17:29.075116" elapsed="0.000582"/>
</kw>
<kw name="Log" owner="BuiltIn">
<msg time="2024-04-04T16:17:29.076175" level="INFO">{'results': [{'gender': 'female', 'name': {'title': 'Ms', 'first': 'Patrizia', 'last': 'Melo'}, 'location': {'street': {'number': 3455, 'name': 'Rua Dezesseis de Maio'}, 'city': 'Paulista', 'state': 'Distrito Federal', 'country': 'Brazil', 'postcode': 10523, 'coordinates': {'latitude': '-77.3872', 'longitude': '69.7410'}, 'timezone': {'offset': '+6:00', 'description': 'Almaty, Dhaka, Colombo'}}, 'email': 'patrizia.melo@example.com', 'login': {'uuid': 'c9bc54a3-03d0-49ab-869c-2918b2b91dac', 'username': 'smalldog631', 'password': 'metro', 'salt': 'm2bJPUaA', 'md5': 'e303d466edd83e15019316b2cc5e2620', 'sha1': '68d4e905cd7eec8a28f4111a9ca749c58b6c3574', 'sha256': 'cff41945b44892998c4f667bdd34ff27b07322bb696a4bf13303a12d22884aa0'}, 'dob': {'date': '1951-03-03T04:27:52.586Z', 'age': 73}, 'registered': {'date': '2013-03-08T00:15:27.597Z', 'age': 11}, 'phone': '(17) 5086-7671', 'cell': '(58) 2502-9444', 'id': {'name': 'CPF', 'value': '841.183.882-89'}, 'picture': {'large': 'https://randomuser.me/api/portraits/women/66.jpg', 'medium': 'https://randomuser.me/api/portraits/med/women/66.jpg', 'thumbnail': 'https://randomuser.me/api/portraits/thumb/women/66.jpg'}, 'nat': 'BR'}], 'info': {'seed': '402f01f3cb5b7475', 'results': 1, 'page': 1, 'version': '1.4'}}</msg>
<arg>${json_data}</arg>
<doc>Logs the given message with the given level.</doc>
<status status="PASS" start="2024-04-04T16:17:29.076016" elapsed="0.000242"/>
</kw>
<kw name="Should Be Equal As Numbers" owner="BuiltIn">
<arg>${json_data['results'][0]['location']['postcode']}</arg>
<arg>${json_data['results'][0]['location']['postcode']}</arg>
<doc>Fails if objects are unequal after converting them to real numbers.</doc>
<status status="PASS" start="2024-04-04T16:17:29.076565" elapsed="0.000682"/>
</kw>
<kw name="Log" owner="BuiltIn">
<msg time="2024-04-04T16:17:29.077783" level="INFO">10523</msg>
<arg>${json_data['results'][0]['location']['postcode']}</arg>
<doc>Logs the given message with the given level.</doc>
<status status="PASS" start="2024-04-04T16:17:29.077444" elapsed="0.000381"/>
</kw>
<status status="PASS" start="2024-04-04T16:17:28.985385" elapsed="0.092702"/>
</kw>
<doc>Testa se os tipos de dados na resposta da API estão corretos.</doc>
<tag>testeTiposDados</tag>
<status status="PASS" start="2024-04-04T16:17:28.891192" elapsed="0.187075"/>
</test>
<test id="s1-s1-t5" name="Validar conteudo" line="35">
<kw name="Teste de Tipos de Conteudo" owner="random-user-service">
<kw name="GET On Session" owner="RequestsLibrary">
<msg time="2024-04-04T16:17:29.366895" level="INFO">GET Request : url=https://randomuser.me/api 
 path_url=/api 
 headers={'User-Agent': 'python-requests/2.31.0', 'Accept-Encoding': 'gzip, deflate', 'Accept': '*/*', 'Connection': 'keep-alive'} 
 body=None 
 </msg>
<msg time="2024-04-04T16:17:29.366992" level="INFO">GET Response : url=https://randomuser.me/api 
 status=200, reason=OK 
 headers={'Date': 'Thu, 04 Apr 2024 16:17:29 GMT', 'Content-Type': 'application/json; charset=utf-8', 'Transfer-Encoding': 'chunked', 'Connection': 'keep-alive', 'X-Powered-By': 'Express', 'Access-Control-Allow-Origin': '*', 'Cache-Control': 'no-cache', 'ETag': 'W/"490-hoxbglKXVtgSZ1m+3nZLPT29jnc"', 'Vary': 'Accept-Encoding', 'Content-Encoding': 'gzip', 'CF-Cache-Status': 'DYNAMIC', 'Report-To': '{"endpoints":[{"url":"https:\\/\\/a.nel.cloudflare.com\\/report\\/v4?s=YjtD6WjDRKB0CoxaTvOsC71l%2BNJ7KyXnvdPpYmJArcfi3RqpybvLGlEaYDs3IwpmuiGiZjaKqIMTTBb0Et8Fxi%2FrRoCR1ctXzX8R0wo%2BX864Bh%2BV8mr%2FqKTz0QsOp11C"}],"group":"cf-nel","max_age":604800}', 'NEL': '{"success_fraction":0,"report_to":"cf-nel","max_age":604800}', 'Server': 'cloudflare', 'CF-RAY': '86f29bdcc8ef57af-IAD', 'alt-svc': 'h3=":443"; ma=86400'} 
 body={"results":[{"gender":"female","name":{"title":"Mrs","first":"Karianne","last":"Jordheim"},"location":{"street":{"number":8741,"name":"Asalveien"},"city":"Mosjøen","state":"Oslo","country":"Norway","postcode":"3623","coordinates":{"latitude":"41.2070","longitude":"20.5743"},"timezone":{"offset":"+5:30","description":"Bombay, Calcutta, Madras, New Delhi"}},"email":"karianne.jordheim@example.com","login":{"uuid":"766bd089-51b4-45c3-8571-a3cd81dbcaec","username":"beautifulmouse323","password":"hotmail1","salt":"eUsxVosu","md5":"c37fc384746f4a314fe72492e97d5170","sha1":"697568e57ab325d8513178d844b4813d8ad0778a","sha256":"d3daf3b167e777c14e1fe044d59b163dcd8c272ff8bdd4b556b3950e44bbc59c"},"dob":{"date":"1989-10-24T19:57:05.121Z","age":34},"registered":{"date":"2019-01-22T23:13:14.538Z","age":5},"phone":"28676984","cell":"94979882","id":{"name":"FN","value":"24108925295"},"picture":{"large":"https://randomuser.me/api/portraits/women/54.jpg","medium":"https://randomuser.me/api/portraits/med/women/54.jpg","thumbnail":"https://randomuser.me/api/portraits/thumb/women/54.jpg"},"nat":"NO"}],"info":{"seed":"ab164a5c2d7cbd70","results":1,"page":1,"version":"1.4"}} 
 </msg>
<msg time="2024-04-04T16:17:29.367060" level="INFO">/opt/hostedtoolcache/Python/3.12.2/x64/lib/python3.12/site-packages/urllib3/connectionpool.py:1103: InsecureRequestWarning: Unverified HTTPS request is being made to host 'randomuser.me'. Adding certificate verification is strongly advised. See: https://urllib3.readthedocs.io/en/latest/advanced-usage.html#tls-warnings
  warnings.warn(</msg>
<msg time="2024-04-04T16:17:29.367195" level="INFO">${response} = &lt;Response [200]&gt;</msg>
<var>${response}</var>
<arg>consultarAPI</arg>
<arg>/api</arg>
<doc>Sends a GET request on a previously created HTTP Session.</doc>
<status status="PASS" start="2024-04-04T16:17:29.080847" elapsed="0.286387"/>
</kw>
<kw name="Set Variable" owner="BuiltIn">
<msg time="2024-04-04T16:17:29.368390" level="INFO">${json_data} = {'results': [{'gender': 'female', 'name': {'title': 'Mrs', 'first': 'Karianne', 'last': 'Jordheim'}, 'location': {'street': {'number': 8741, 'name': 'Asalveien'}, 'city': 'Mosjøen', 'state': 'Oslo', '...</msg>
<var>${json_data}</var>
<arg>${response.json()}</arg>
<doc>Returns the given values which can then be assigned to a variables.</doc>
<status status="PASS" start="2024-04-04T16:17:29.367840" elapsed="0.000578"/>
</kw>
<kw name="Set Variable" owner="BuiltIn">
<msg time="2024-04-04T16:17:29.369152" level="INFO">${name_title} = Mrs</msg>
<var>${name_title}</var>
<arg>${json_data["results"][0]["name"]["title"]}</arg>
<doc>Returns the given values which can then be assigned to a variables.</doc>
<status status="PASS" start="2024-04-04T16:17:29.368727" elapsed="0.000452"/>
</kw>
<kw name="Create List" owner="BuiltIn">
<msg time="2024-04-04T16:17:29.369638" level="INFO">${allowed_titles} = ['Mr', 'Ms', 'Miss', 'Mrs', 'Madame', 'Monsieur']</msg>
<var>${allowed_titles}</var>
<arg>Mr</arg>
<arg>Ms</arg>
<arg>Miss</arg>
<arg>Mrs</arg>
<arg>Madame</arg>
<arg>Monsieur</arg>
<doc>Returns a list containing given items.</doc>
<status status="PASS" start="2024-04-04T16:17:29.369487" elapsed="0.000177"/>
</kw>
<kw name="List Should Contain Value" owner="Collections">
<msg time="2024-04-04T16:17:29.370148" level="INFO">False</msg>
<arg>${allowed_titles}</arg>
<arg>${name_title}</arg>
<doc>Fails if the ``value`` is not found from ``list``.</doc>
<status status="PASS" start="2024-04-04T16:17:29.369975" elapsed="0.000211"/>
</kw>
<kw name="Set Variable" owner="BuiltIn">
<msg time="2024-04-04T16:17:29.370858" level="INFO">${name_country} = NO</msg>
<var>${name_country}</var>
<arg>${json_data["results"][0]["nat"]}</arg>
<doc>Returns the given values which can then be assigned to a variables.</doc>
<status status="PASS" start="2024-04-04T16:17:29.370476" elapsed="0.000406"/>
</kw>
<kw name="Create List" owner="BuiltIn">
<msg time="2024-04-04T16:17:29.371803" level="INFO">${list_country} = ['AD', 'AE', 'AF', 'AG', 'AI', 'AL', 'AM', 'AO', 'AQ', 'AR', 'AS', 'AT', 'AU', 'AW', 'AX', 'AZ', 'BA', 'BB', 'BD', 'BE', 'BF', 'BG', 'BH', 'BI', 'BJ', 'BL', 'BM', 'BN', 'BO', 'BQ', 'BR', 'BS', 'BT', '...</msg>
<var>${list_country}</var>
<arg>AD</arg>
<arg>AE</arg>
<arg>AF</arg>
<arg>AG</arg>
<arg>AI</arg>
<arg>AL</arg>
<arg>AM</arg>
<arg>AO</arg>
<arg>AQ</arg>
<arg>AR</arg>
<arg>AS</arg>
<arg>AT</arg>
<arg>AU</arg>
<arg>AW</arg>
<arg>AX</arg>
<arg>AZ</arg>
<arg>BA</arg>
<arg>BB</arg>
<arg>BD</arg>
<arg>BE</arg>
<arg>BF</arg>
<arg>BG</arg>
<arg>BH</arg>
<arg>BI</arg>
<arg>BJ</arg>
<arg>BL</arg>
<arg>BM</arg>
<arg>BN</arg>
<arg>BO</arg>
<arg>BQ</arg>
<arg>BR</arg>
<arg>BS</arg>
<arg>BT</arg>
<arg>BV</arg>
<arg>BW</arg>
<arg>BY</arg>
<arg>BZ</arg>
<arg>CA</arg>
<arg>CC</arg>
<arg>CD</arg>
<arg>CF</arg>
<arg>CG</arg>
<arg>CH</arg>
<arg>CI</arg>
<arg>CK</arg>
<arg>CL</arg>
<arg>CM</arg>
<arg>CN</arg>
<arg>CO</arg>
<arg>CR</arg>
<arg>CU</arg>
<arg>CV</arg>
<arg>CW</arg>
<arg>CX</arg>
<arg>CY</arg>
<arg>CZ</arg>
<arg>DE</arg>
<arg>DJ</arg>
<arg>DK</arg>
<arg>DM</arg>
<arg>DO</arg>
<arg>DZ</arg>
<arg>EC</arg>
<arg>EE</arg>
<arg>EG</arg>
<arg>EH</arg>
<arg>ER</arg>
<arg>ES</arg>
<arg>ET</arg>
<arg>FI</arg>
<arg>FJ</arg>
<arg>FK</arg>
<arg>FM</arg>
<arg>FO</arg>
<arg>FR</arg>
<arg>GA</arg>
<arg>GB</arg>
<arg>GD</arg>
<arg>GE</arg>
<arg>GF</arg>
<arg>GG</arg>
<arg>GH</arg>
<arg>GI</arg>
<arg>GL</arg>
<arg>GM</arg>
<arg>GN</arg>
<arg>GP</arg>
<arg>GQ</arg>
<arg>GR</arg>
<arg>GS</arg>
<arg>GT</arg>
<arg>GU</arg>
<arg>GW</arg>
<arg>GY</arg>
<arg>HK</arg>
<arg>HM</arg>
<arg>HN</arg>
<arg>HR</arg>
<arg>HT</arg>
<arg>HU</arg>
<arg>ID</arg>
<arg>IE</arg>
<arg>IL</arg>
<arg>IM</arg>
<arg>IN</arg>
<arg>IO</arg>
<arg>IQ</arg>
<arg>IR</arg>
<arg>IS</arg>
<arg>IT</arg>
<arg>JE</arg>
<arg>JM</arg>
<arg>JO</arg>
<arg>JP</arg>
<arg>KE</arg>
<arg>KG</arg>
<arg>KH</arg>
<arg>KI</arg>
<arg>KM</arg>
<arg>KN</arg>
<arg>KP</arg>
<arg>KR</arg>
<arg>KW</arg>
<arg>KY</arg>
<arg>KZ</arg>
<arg>LA</arg>
<arg>LB</arg>
<arg>LC</arg>
<arg>LI</arg>
<arg>LK</arg>
<arg>LR</arg>
<arg>LS</arg>
<arg>LT</arg>
<arg>LU</arg>
<arg>LV</arg>
<arg>LY</arg>
<arg>MA</arg>
<arg>MC</arg>
<arg>MD</arg>
<arg>ME</arg>
<arg>MF</arg>
<arg>MG</arg>
<arg>MH</arg>
<arg>MK</arg>
<arg>ML</arg>
<arg>MM</arg>
<arg>MN</arg>
<arg>MO</arg>
<arg>MP</arg>
<arg>MQ</arg>
<arg>MR</arg>
<arg>MS</arg>
<arg>MT</arg>
<arg>MU</arg>
<arg>MV</arg>
<arg>MW</arg>
<arg>MX</arg>
<arg>MY</arg>
<arg>MZ</arg>
<arg>NA</arg>
<arg>NC</arg>
<arg>NE</arg>
<arg>NF</arg>
<arg>NG</arg>
<arg>NI</arg>
<arg>NL</arg>
<arg>NO</arg>
<arg>NP</arg>
<arg>NR</arg>
<arg>NU</arg>
<arg>NZ</arg>
<arg>OM</arg>
<arg>PA</arg>
<arg>PE</arg>
<arg>PF</arg>
<arg>PG</arg>
<arg>PH</arg>
<arg>PK</arg>
<arg>PL</arg>
<arg>PM</arg>
<arg>PN</arg>
<arg>PR</arg>
<arg>PS</arg>
<arg>PT</arg>
<arg>PW</arg>
<arg>PY</arg>
<arg>QA</arg>
<arg>RE</arg>
<arg>RO</arg>
<arg>RS</arg>
<arg>RU</arg>
<arg>RW</arg>
<arg>SA</arg>
<arg>SB</arg>
<arg>SC</arg>
<arg>SD</arg>
<arg>SE</arg>
<arg>SG</arg>
<arg>SH</arg>
<arg>SI</arg>
<arg>SJ</arg>
<arg>SK</arg>
<arg>SL</arg>
<arg>SM</arg>
<arg>SN</arg>
<arg>SO</arg>
<arg>SR</arg>
<arg>SS</arg>
<arg>ST</arg>
<arg>SV</arg>
<arg>SX</arg>
<arg>SY</arg>
<arg>SZ</arg>
<arg>TC</arg>
<arg>TD</arg>
<arg>TF</arg>
<arg>TG</arg>
<arg>TH</arg>
<arg>TJ</arg>
<arg>TK</arg>
<arg>TL</arg>
<arg>TM</arg>
<arg>TN</arg>
<arg>TO</arg>
<arg>TR</arg>
<arg>TT</arg>
<arg>TV</arg>
<arg>TW</arg>
<arg>TZ</arg>
<arg>UA</arg>
<arg>UG</arg>
<arg>UM</arg>
<arg>US</arg>
<arg>UY</arg>
<arg>UZ</arg>
<arg>VA</arg>
<arg>VC</arg>
<arg>VE</arg>
<arg>VG</arg>
<arg>VI</arg>
<arg>VN</arg>
<arg>VU</arg>
<arg>WF</arg>
<arg>WS</arg>
<arg>XK</arg>
<arg>YE</arg>
<arg>YT</arg>
<arg>ZA</arg>
<arg>ZM</arg>
<arg>ZW</arg>
<doc>Returns a list containing given items.</doc>
<status status="PASS" start="2024-04-04T16:17:29.371192" elapsed="0.000637"/>
</kw>
<kw name="List Should Contain Value" owner="Collections">
<msg time="2024-04-04T16:17:29.372955" level="INFO">False</msg>
<arg>${list_country}</arg>
<arg>${name_country}</arg>
<doc>Fails if the ``value`` is not found from ``list``.</doc>
<status status="PASS" start="2024-04-04T16:17:29.372751" elapsed="0.000242"/>
</kw>
<kw name="Run Keyword If" owner="BuiltIn">
<kw name="Should Be True" owner="BuiltIn">
<arg>${True}</arg>
<doc>Fails if the given condition is not true.</doc>
<status status="PASS" start="2024-04-04T16:17:29.374101" elapsed="0.000146"/>
</kw>
<arg>${json_data["results"][0]["location"]["coordinates"]["latitude"]} &gt;= -90 and ${json_data["results"][0]["location"]["coordinates"]["latitude"]} &lt;= 90</arg>
<arg>Should Be True</arg>
<arg>${True}</arg>
<doc>Runs the given keyword with the given arguments, if ``condition`` is true.</doc>
<status status="PASS" start="2024-04-04T16:17:29.373340" elapsed="0.001034"/>
</kw>
<kw name="Run Keyword If" owner="BuiltIn">
<kw name="Should Be True" owner="BuiltIn">
<arg>${True}</arg>
<doc>Fails if the given condition is not true.</doc>
<status status="PASS" start="2024-04-04T16:17:29.375272" elapsed="0.000141"/>
</kw>
<arg>${json_data["results"][0]["location"]["coordinates"]["longitude"]} &gt;= -180 and ${json_data["results"][0]["location"]["coordinates"]["longitude"]} &lt;= 180</arg>
<arg>Should Be True</arg>
<arg>${True}</arg>
<doc>Runs the given keyword with the given arguments, if ``condition`` is true.</doc>
<status status="PASS" start="2024-04-04T16:17:29.374561" elapsed="0.000977"/>
</kw>
<status status="PASS" start="2024-04-04T16:17:29.080613" elapsed="0.295055"/>
</kw>
<doc>Testa o conteúdo específico dos campos retornados pela API.</doc>
<tag>testeConteudo</tag>
<status status="PASS" start="2024-04-04T16:17:29.080058" elapsed="0.295768"/>
</test>
<status status="PASS" start="2024-04-04T16:17:28.370389" elapsed="1.007486"/>
</suite>
<status status="PASS" start="2024-04-04T16:17:28.356821" elapsed="1.026378"/>
</suite>
<statistics>
<total>
<stat pass="5" fail="0" skip="0">All Tests</stat>
</total>
<tag>
<stat pass="1" fail="0" skip="0">testeConteudo</stat>
<stat pass="1" fail="0" skip="0">testeEstruturaResposta</stat>
<stat pass="1" fail="0" skip="0">testeRequisicaoBasica</stat>
<stat pass="1" fail="0" skip="0">testeTiposDados</stat>
</tag>
<suite>
<stat pass="5" fail="0" skip="0" id="s1" name="Tests">Tests</stat>
<stat pass="5" fail="0" skip="0" id="s1-s1" name="Random-User-Test">Tests.Random-User-Test</stat>
</suite>
</statistics>
<errors>
</errors>
</robot>
