<?xml version="1.0" encoding="UTF-8"?>
<robot generator="Robot 7.0.1 (Python 3.12.4 on linux)" generated="2024-07-18T20:16:15.679162" rpa="false" schemaversion="5">
<suite id="s1" name="Tests" source="/home/runner/work/ApiRandomUser/ApiRandomUser/RamdonUser/tests">
<suite id="s1-s1" name="Random-User-Test" source="/home/runner/work/ApiRandomUser/ApiRandomUser/RamdonUser/tests/random-user-test.robot">
<test id="s1-s1-t1" name="Conectar" line="13">
<kw name="Conectar API" owner="random-user-service">
<kw name="Create Session" owner="RequestsLibrary">
<msg time="2024-07-18T20:16:16.066697" level="INFO">Creating Session using : alias=consultarAPI, url=https://randomuser.me/, headers={},                     cookies={}, auth=None, timeout=None, proxies=None, verify=False,                     debug=0 </msg>
<arg>consultarAPI</arg>
<arg>${URL}</arg>
<doc>Create Session: create a HTTP session to a server</doc>
<status status="PASS" start="2024-07-18T20:16:16.066505" elapsed="0.000409"/>
</kw>
<status status="PASS" start="2024-07-18T20:16:16.065471" elapsed="0.001805"/>
</kw>
<status status="PASS" start="2024-07-18T20:16:16.064934" elapsed="0.002532"/>
</test>
<test id="s1-s1-t2" name="Validar retorno 200 e JSON Válido" line="16">
<kw name="Teste de Requisicao Basica" owner="random-user-service">
<kw name="GET On Session" owner="RequestsLibrary">
<msg time="2024-07-18T20:16:16.311801" level="INFO">GET Request : url=https://randomuser.me/api 
 path_url=/api 
 headers={'User-Agent': 'python-requests/2.32.3', 'Accept-Encoding': 'gzip, deflate', 'Accept': '*/*', 'Connection': 'keep-alive'} 
 body=None 
 </msg>
<msg time="2024-07-18T20:16:16.311950" level="INFO">GET Response : url=https://randomuser.me/api 
 status=200, reason=OK 
 headers={'Date': 'Thu, 18 Jul 2024 20:16:16 GMT', 'Content-Type': 'application/json; charset=utf-8', 'Transfer-Encoding': 'chunked', 'Connection': 'keep-alive', 'X-Powered-By': 'Express', 'Access-Control-Allow-Origin': '*', 'Cache-Control': 'no-cache', 'ETag': 'W/"479-LZUyPkodL2ZV9FZOGKghg7nxfzQ"', 'Vary': 'Accept-Encoding', 'Content-Encoding': 'gzip', 'CF-Cache-Status': 'DYNAMIC', 'Report-To': '{"endpoints":[{"url":"https:\\/\\/a.nel.cloudflare.com\\/report\\/v4?s=uRf12T47BJ53xDsU7b0t0YYWN4d6ZcAL4iMiYMXDKaGv1GY638rqiDdOQh7NBJdIhhLWrgbezNzz4fWVdCZz2%2Fi1vDBWm%2B%2FDQYQ9PzWBH5KH6wi3qFXPzyg%2BqNvDHyzW"}],"group":"cf-nel","max_age":604800}', 'NEL': '{"success_fraction":0,"report_to":"cf-nel","max_age":604800}', 'Server': 'cloudflare', 'CF-RAY': '8a552605ae9a1fe2-IAD', 'alt-svc': 'h3=":443"; ma=86400'} 
 body={"results":[{"gender":"male","name":{"title":"Mr","first":"Kenan","last":"Kahveci"},"location":{"street":{"number":6844,"name":"Atatürk Sk"},"city":"Sinop","state":"Uşak","country":"Turkey","postcode":29205,"coordinates":{"latitude":"68.4482","longitude":"-24.9999"},"timezone":{"offset":"+4:00","description":"Abu Dhabi, Muscat, Baku, Tbilisi"}},"email":"kenan.kahveci@example.com","login":{"uuid":"879a0bc3-b91d-4369-8cb7-022e6df151f4","username":"sadladybug114","password":"shirley","salt":"RMg1pyJI","md5":"8ba1ae8e3d60db5461ddd54ab57bd615","sha1":"41eaf0f0c98e106b1cb9bec7267921e9a42810d3","sha256":"1b8df398cbf26382b428d0b2cc7709adfc1544394b2fc5fc9e88af352a162aef"},"dob":{"date":"1952-11-21T11:44:29.345Z","age":71},"registered":{"date":"2005-02-11T12:19:31.424Z","age":19},"phone":"(389)-030-9277","cell":"(446)-452-9788","id":{"name":"","value":null},"picture":{"large":"https://randomuser.me/api/portraits/men/91.jpg","medium":"https://randomuser.me/api/portraits/med/men/91.jpg","thumbnail":"https://randomuser.me/api/portraits/thumb/men/91.jpg"},"nat":"TR"}],"info":{"seed":"4e4e8e6c7116f2d0","results":1,"page":1,"version":"1.4"}} 
 </msg>
<msg time="2024-07-18T20:16:16.312033" level="INFO">/opt/hostedtoolcache/Python/3.12.4/x64/lib/python3.12/site-packages/urllib3/connectionpool.py:1099: InsecureRequestWarning: Unverified HTTPS request is being made to host 'randomuser.me'. Adding certificate verification is strongly advised. See: https://urllib3.readthedocs.io/en/latest/advanced-usage.html#tls-warnings
  warnings.warn(</msg>
<msg time="2024-07-18T20:16:16.312183" level="INFO">${response} = &lt;Response [200]&gt;</msg>
<var>${response}</var>
<arg>consultarAPI</arg>
<arg>/api</arg>
<doc>Sends a GET request on a previously created HTTP Session.</doc>
<status status="PASS" start="2024-07-18T20:16:16.070015" elapsed="0.242210"/>
</kw>
<kw name="Should Be Equal As Numbers" owner="BuiltIn">
<msg time="2024-07-18T20:16:16.313350" level="INFO">Argument types are:
&lt;class 'int'&gt;
&lt;class 'str'&gt;</msg>
<arg>${response.status_code}</arg>
<arg>200</arg>
<doc>Fails if objects are unequal after converting them to real numbers.</doc>
<status status="PASS" start="2024-07-18T20:16:16.312848" elapsed="0.000568"/>
</kw>
<kw name="Log" owner="BuiltIn">
<msg time="2024-07-18T20:16:16.314093" level="INFO">200</msg>
<arg>${response.status_code}</arg>
<doc>Logs the given message with the given level.</doc>
<status status="PASS" start="2024-07-18T20:16:16.313740" elapsed="0.000398"/>
</kw>
<kw name="Set Variable" owner="BuiltIn">
<msg time="2024-07-18T20:16:16.314928" level="INFO">${json_data} = {'results': [{'gender': 'male', 'name': {'title': 'Mr', 'first': 'Kenan', 'last': 'Kahveci'}, 'location': {'street': {'number': 6844, 'name': 'Atatürk Sk'}, 'city': 'Sinop', 'state': 'Uşak', 'country'...</msg>
<var>${json_data}</var>
<arg>${response.json()}</arg>
<doc>Returns the given values which can then be assigned to a variables.</doc>
<status status="PASS" start="2024-07-18T20:16:16.314445" elapsed="0.000520"/>
</kw>
<kw name="Dictionary Should Contain Key" owner="Collections">
<arg>${json_data}</arg>
<arg>results</arg>
<doc>Fails if ``key`` is not found from ``dictionary``.</doc>
<status status="PASS" start="2024-07-18T20:16:16.315275" elapsed="0.000328"/>
</kw>
<status status="PASS" start="2024-07-18T20:16:16.069776" elapsed="0.245984"/>
</kw>
<doc>Testa se a API responde corretamente e retorna um objeto JSON válido.</doc>
<tag>testeRequisicaoBasica</tag>
<status status="PASS" start="2024-07-18T20:16:16.069310" elapsed="0.246628"/>
</test>
<test id="s1-s1-t3" name="Validar estrutura de resposta" line="22">
<kw name="Teste de Estrutura de Resposta" owner="random-user-service">
<kw name="GET On Session" owner="RequestsLibrary">
<msg time="2024-07-18T20:16:16.405528" level="INFO">GET Request : url=https://randomuser.me/api 
 path_url=/api 
 headers={'User-Agent': 'python-requests/2.32.3', 'Accept-Encoding': 'gzip, deflate', 'Accept': '*/*', 'Connection': 'keep-alive'} 
 body=None 
 </msg>
<msg time="2024-07-18T20:16:16.405682" level="INFO">GET Response : url=https://randomuser.me/api 
 status=200, reason=OK 
 headers={'Date': 'Thu, 18 Jul 2024 20:16:16 GMT', 'Content-Type': 'application/json; charset=utf-8', 'Transfer-Encoding': 'chunked', 'Connection': 'keep-alive', 'X-Powered-By': 'Express', 'Access-Control-Allow-Origin': '*', 'Cache-Control': 'no-cache', 'ETag': 'W/"4a2-dvqCfPcYsG0I4B5e7F4iDSYYlwk"', 'Vary': 'Accept-Encoding', 'Content-Encoding': 'gzip', 'CF-Cache-Status': 'DYNAMIC', 'Report-To': '{"endpoints":[{"url":"https:\\/\\/a.nel.cloudflare.com\\/report\\/v4?s=wdLKlDSHOPa77cqA0tFgppmQK2vwpjJIP2zmwwP133RlfgtuNe3KAA9b3LWMJMlpUcLWfEMj5Mi3UKMcnvi7FbVoBtplnp1U2zzRvHZJGZ2BfkyD7LXOuO77BMFSKUZo"}],"group":"cf-nel","max_age":604800}', 'NEL': '{"success_fraction":0,"report_to":"cf-nel","max_age":604800}', 'Server': 'cloudflare', 'CF-RAY': '8a5526060f341fe2-IAD', 'alt-svc': 'h3=":443"; ma=86400'} 
 body={"results":[{"gender":"male","name":{"title":"Monsieur","first":"Antonino","last":"Bourgeois"},"location":{"street":{"number":8545,"name":"Rue Principale"},"city":"Payerne","state":"Genève","country":"Switzerland","postcode":5799,"coordinates":{"latitude":"-56.1941","longitude":"-16.1650"},"timezone":{"offset":"+10:00","description":"Eastern Australia, Guam, Vladivostok"}},"email":"antonino.bourgeois@example.com","login":{"uuid":"11fdfa4b-8eb4-415f-8dec-b9e18939113d","username":"tinysnake747","password":"spike","salt":"I4Qqfv9X","md5":"f26195ed0b6dc01750299657df286774","sha1":"efd70240f2d6284da0d4facaa6226d7ae2a3ab7d","sha256":"a9b283331a26705df4e1cccb7943c671b63d6ef0c769b74a1df1bf77a60d8f27"},"dob":{"date":"1977-07-14T10:08:46.036Z","age":47},"registered":{"date":"2019-11-23T05:52:27.061Z","age":4},"phone":"077 260 02 83","cell":"076 200 60 77","id":{"name":"AVS","value":"756.8200.8444.38"},"picture":{"large":"https://randomuser.me/api/portraits/men/7.jpg","medium":"https://randomuser.me/api/portraits/med/men/7.jpg","thumbnail":"https://randomuser.me/api/portraits/thumb/men/7.jpg"},"nat":"CH"}],"info":{"seed":"0b2da27308468721","results":1,"page":1,"version":"1.4"}} 
 </msg>
<msg time="2024-07-18T20:16:16.405858" level="INFO">/opt/hostedtoolcache/Python/3.12.4/x64/lib/python3.12/site-packages/urllib3/connectionpool.py:1099: InsecureRequestWarning: Unverified HTTPS request is being made to host 'randomuser.me'. Adding certificate verification is strongly advised. See: https://urllib3.readthedocs.io/en/latest/advanced-usage.html#tls-warnings
  warnings.warn(</msg>
<msg time="2024-07-18T20:16:16.406042" level="INFO">${response} = &lt;Response [200]&gt;</msg>
<var>${response}</var>
<arg>consultarAPI</arg>
<arg>/api</arg>
<doc>Sends a GET request on a previously created HTTP Session.</doc>
<status status="PASS" start="2024-07-18T20:16:16.318522" elapsed="0.087564"/>
</kw>
<kw name="Set Variable" owner="BuiltIn">
<msg time="2024-07-18T20:16:16.407443" level="INFO">${json_data} = {'results': [{'gender': 'male', 'name': {'title': 'Monsieur', 'first': 'Antonino', 'last': 'Bourgeois'}, 'location': {'street': {'number': 8545, 'name': 'Rue Principale'}, 'city': 'Payerne', 'state': ...</msg>
<var>${json_data}</var>
<arg>${response.json()}</arg>
<doc>Returns the given values which can then be assigned to a variables.</doc>
<status status="PASS" start="2024-07-18T20:16:16.406678" elapsed="0.000807"/>
</kw>
<kw name="Log" owner="BuiltIn">
<msg time="2024-07-18T20:16:16.408173" level="INFO">{'results': [{'gender': 'male', 'name': {'title': 'Monsieur', 'first': 'Antonino', 'last': 'Bourgeois'}, 'location': {'street': {'number': 8545, 'name': 'Rue Principale'}, 'city': 'Payerne', 'state': 'Genève', 'country': 'Switzerland', 'postcode': 5799, 'coordinates': {'latitude': '-56.1941', 'longitude': '-16.1650'}, 'timezone': {'offset': '+10:00', 'description': 'Eastern Australia, Guam, Vladivostok'}}, 'email': 'antonino.bourgeois@example.com', 'login': {'uuid': '11fdfa4b-8eb4-415f-8dec-b9e18939113d', 'username': 'tinysnake747', 'password': 'spike', 'salt': 'I4Qqfv9X', 'md5': 'f26195ed0b6dc01750299657df286774', 'sha1': 'efd70240f2d6284da0d4facaa6226d7ae2a3ab7d', 'sha256': 'a9b283331a26705df4e1cccb7943c671b63d6ef0c769b74a1df1bf77a60d8f27'}, 'dob': {'date': '1977-07-14T10:08:46.036Z', 'age': 47}, 'registered': {'date': '2019-11-23T05:52:27.061Z', 'age': 4}, 'phone': '077 260 02 83', 'cell': '076 200 60 77', 'id': {'name': 'AVS', 'value': '756.8200.8444.38'}, 'picture': {'large': 'https://randomuser.me/api/portraits/men/7.jpg', 'medium': 'https://randomuser.me/api/portraits/med/men/7.jpg', 'thumbnail': 'https://randomuser.me/api/portraits/thumb/men/7.jpg'}, 'nat': 'CH'}], 'info': {'seed': '0b2da27308468721', 'results': 1, 'page': 1, 'version': '1.4'}}</msg>
<arg>${json_data}</arg>
<doc>Logs the given message with the given level.</doc>
<status status="PASS" start="2024-07-18T20:16:16.407946" elapsed="0.000332"/>
</kw>
<kw name="Dictionary Should Contain Key" owner="Collections">
<arg>${json_data}</arg>
<arg>results</arg>
<doc>Fails if ``key`` is not found from ``dictionary``.</doc>
<status status="PASS" start="2024-07-18T20:16:16.408711" elapsed="0.000223"/>
</kw>
<kw name="Should Not Be Empty" owner="BuiltIn">
<msg time="2024-07-18T20:16:16.409405" level="INFO">Length is 2.</msg>
<arg>${json_data}</arg>
<doc>Verifies that the given item is not empty.</doc>
<status status="PASS" start="2024-07-18T20:16:16.409225" elapsed="0.000234"/>
</kw>
<kw name="Create List" owner="BuiltIn">
<msg time="2024-07-18T20:16:16.410111" level="INFO">${expected_keys} = ['gender', 'name', 'location', 'email', 'login']</msg>
<var>${expected_keys}</var>
<arg>gender</arg>
<arg>name</arg>
<arg>location</arg>
<arg>email</arg>
<arg>login</arg>
<doc>Returns a list containing given items.</doc>
<status status="PASS" start="2024-07-18T20:16:16.409875" elapsed="0.000272"/>
</kw>
<for flavor="IN">
<iter>
<kw name="Dictionary Should Contain Key" owner="Collections">
<arg>${json_data['results'][0]}</arg>
<arg>${key}</arg>
<doc>Fails if ``key`` is not found from ``dictionary``.</doc>
<status status="PASS" start="2024-07-18T20:16:16.411010" elapsed="0.000592"/>
</kw>
<kw name="Log" owner="BuiltIn">
<msg time="2024-07-18T20:16:16.412417" level="INFO">{'gender': 'male', 'name': {'title': 'Monsieur', 'first': 'Antonino', 'last': 'Bourgeois'}, 'location': {'street': {'number': 8545, 'name': 'Rue Principale'}, 'city': 'Payerne', 'state': 'Genève', 'country': 'Switzerland', 'postcode': 5799, 'coordinates': {'latitude': '-56.1941', 'longitude': '-16.1650'}, 'timezone': {'offset': '+10:00', 'description': 'Eastern Australia, Guam, Vladivostok'}}, 'email': 'antonino.bourgeois@example.com', 'login': {'uuid': '11fdfa4b-8eb4-415f-8dec-b9e18939113d', 'username': 'tinysnake747', 'password': 'spike', 'salt': 'I4Qqfv9X', 'md5': 'f26195ed0b6dc01750299657df286774', 'sha1': 'efd70240f2d6284da0d4facaa6226d7ae2a3ab7d', 'sha256': 'a9b283331a26705df4e1cccb7943c671b63d6ef0c769b74a1df1bf77a60d8f27'}, 'dob': {'date': '1977-07-14T10:08:46.036Z', 'age': 47}, 'registered': {'date': '2019-11-23T05:52:27.061Z', 'age': 4}, 'phone': '077 260 02 83', 'cell': '076 200 60 77', 'id': {'name': 'AVS', 'value': '756.8200.8444.38'}, 'picture': {'large': 'https://randomuser.me/api/portraits/men/7.jpg', 'medium': 'https://randomuser.me/api/portraits/med/men/7.jpg', 'thumbnail': 'https://randomuser.me/api/portraits/thumb/men/7.jpg'}, 'nat': 'CH'}</msg>
<arg>${json_data['results'][0]}</arg>
<doc>Logs the given message with the given level.</doc>
<status status="PASS" start="2024-07-18T20:16:16.411856" elapsed="0.000639"/>
</kw>
<kw name="Log" owner="BuiltIn">
<msg time="2024-07-18T20:16:16.413088" level="INFO">gender</msg>
<arg>${key}</arg>
<doc>Logs the given message with the given level.</doc>
<status status="PASS" start="2024-07-18T20:16:16.412913" elapsed="0.000230"/>
</kw>
<var name="${key}">gender</var>
<status status="PASS" start="2024-07-18T20:16:16.410788" elapsed="0.002673"/>
</iter>
<iter>
<kw name="Dictionary Should Contain Key" owner="Collections">
<arg>${json_data['results'][0]}</arg>
<arg>${key}</arg>
<doc>Fails if ``key`` is not found from ``dictionary``.</doc>
<status status="PASS" start="2024-07-18T20:16:16.413898" elapsed="0.000570"/>
</kw>
<kw name="Log" owner="BuiltIn">
<msg time="2024-07-18T20:16:16.415168" level="INFO">{'gender': 'male', 'name': {'title': 'Monsieur', 'first': 'Antonino', 'last': 'Bourgeois'}, 'location': {'street': {'number': 8545, 'name': 'Rue Principale'}, 'city': 'Payerne', 'state': 'Genève', 'country': 'Switzerland', 'postcode': 5799, 'coordinates': {'latitude': '-56.1941', 'longitude': '-16.1650'}, 'timezone': {'offset': '+10:00', 'description': 'Eastern Australia, Guam, Vladivostok'}}, 'email': 'antonino.bourgeois@example.com', 'login': {'uuid': '11fdfa4b-8eb4-415f-8dec-b9e18939113d', 'username': 'tinysnake747', 'password': 'spike', 'salt': 'I4Qqfv9X', 'md5': 'f26195ed0b6dc01750299657df286774', 'sha1': 'efd70240f2d6284da0d4facaa6226d7ae2a3ab7d', 'sha256': 'a9b283331a26705df4e1cccb7943c671b63d6ef0c769b74a1df1bf77a60d8f27'}, 'dob': {'date': '1977-07-14T10:08:46.036Z', 'age': 47}, 'registered': {'date': '2019-11-23T05:52:27.061Z', 'age': 4}, 'phone': '077 260 02 83', 'cell': '076 200 60 77', 'id': {'name': 'AVS', 'value': '756.8200.8444.38'}, 'picture': {'large': 'https://randomuser.me/api/portraits/men/7.jpg', 'medium': 'https://randomuser.me/api/portraits/med/men/7.jpg', 'thumbnail': 'https://randomuser.me/api/portraits/thumb/men/7.jpg'}, 'nat': 'CH'}</msg>
<arg>${json_data['results'][0]}</arg>
<doc>Logs the given message with the given level.</doc>
<status status="PASS" start="2024-07-18T20:16:16.414725" elapsed="0.000497"/>
</kw>
<kw name="Log" owner="BuiltIn">
<msg time="2024-07-18T20:16:16.415660" level="INFO">name</msg>
<arg>${key}</arg>
<doc>Logs the given message with the given level.</doc>
<status status="PASS" start="2024-07-18T20:16:16.415528" elapsed="0.000171"/>
</kw>
<var name="${key}">name</var>
<status status="PASS" start="2024-07-18T20:16:16.413717" elapsed="0.002200"/>
</iter>
<iter>
<kw name="Dictionary Should Contain Key" owner="Collections">
<arg>${json_data['results'][0]}</arg>
<arg>${key}</arg>
<doc>Fails if ``key`` is not found from ``dictionary``.</doc>
<status status="PASS" start="2024-07-18T20:16:16.416206" elapsed="0.000402"/>
</kw>
<kw name="Log" owner="BuiltIn">
<msg time="2024-07-18T20:16:16.417162" level="INFO">{'gender': 'male', 'name': {'title': 'Monsieur', 'first': 'Antonino', 'last': 'Bourgeois'}, 'location': {'street': {'number': 8545, 'name': 'Rue Principale'}, 'city': 'Payerne', 'state': 'Genève', 'country': 'Switzerland', 'postcode': 5799, 'coordinates': {'latitude': '-56.1941', 'longitude': '-16.1650'}, 'timezone': {'offset': '+10:00', 'description': 'Eastern Australia, Guam, Vladivostok'}}, 'email': 'antonino.bourgeois@example.com', 'login': {'uuid': '11fdfa4b-8eb4-415f-8dec-b9e18939113d', 'username': 'tinysnake747', 'password': 'spike', 'salt': 'I4Qqfv9X', 'md5': 'f26195ed0b6dc01750299657df286774', 'sha1': 'efd70240f2d6284da0d4facaa6226d7ae2a3ab7d', 'sha256': 'a9b283331a26705df4e1cccb7943c671b63d6ef0c769b74a1df1bf77a60d8f27'}, 'dob': {'date': '1977-07-14T10:08:46.036Z', 'age': 47}, 'registered': {'date': '2019-11-23T05:52:27.061Z', 'age': 4}, 'phone': '077 260 02 83', 'cell': '076 200 60 77', 'id': {'name': 'AVS', 'value': '756.8200.8444.38'}, 'picture': {'large': 'https://randomuser.me/api/portraits/men/7.jpg', 'medium': 'https://randomuser.me/api/portraits/med/men/7.jpg', 'thumbnail': 'https://randomuser.me/api/portraits/thumb/men/7.jpg'}, 'nat': 'CH'}</msg>
<arg>${json_data['results'][0]}</arg>
<doc>Logs the given message with the given level.</doc>
<status status="PASS" start="2024-07-18T20:16:16.416801" elapsed="0.000413"/>
</kw>
<kw name="Log" owner="BuiltIn">
<msg time="2024-07-18T20:16:16.417643" level="INFO">location</msg>
<arg>${key}</arg>
<doc>Logs the given message with the given level.</doc>
<status status="PASS" start="2024-07-18T20:16:16.417515" elapsed="0.000167"/>
</kw>
<var name="${key}">location</var>
<status status="PASS" start="2024-07-18T20:16:16.416095" elapsed="0.001805"/>
</iter>
<iter>
<kw name="Dictionary Should Contain Key" owner="Collections">
<arg>${json_data['results'][0]}</arg>
<arg>${key}</arg>
<doc>Fails if ``key`` is not found from ``dictionary``.</doc>
<status status="PASS" start="2024-07-18T20:16:16.418182" elapsed="0.000389"/>
</kw>
<kw name="Log" owner="BuiltIn">
<msg time="2024-07-18T20:16:16.419291" level="INFO">{'gender': 'male', 'name': {'title': 'Monsieur', 'first': 'Antonino', 'last': 'Bourgeois'}, 'location': {'street': {'number': 8545, 'name': 'Rue Principale'}, 'city': 'Payerne', 'state': 'Genève', 'country': 'Switzerland', 'postcode': 5799, 'coordinates': {'latitude': '-56.1941', 'longitude': '-16.1650'}, 'timezone': {'offset': '+10:00', 'description': 'Eastern Australia, Guam, Vladivostok'}}, 'email': 'antonino.bourgeois@example.com', 'login': {'uuid': '11fdfa4b-8eb4-415f-8dec-b9e18939113d', 'username': 'tinysnake747', 'password': 'spike', 'salt': 'I4Qqfv9X', 'md5': 'f26195ed0b6dc01750299657df286774', 'sha1': 'efd70240f2d6284da0d4facaa6226d7ae2a3ab7d', 'sha256': 'a9b283331a26705df4e1cccb7943c671b63d6ef0c769b74a1df1bf77a60d8f27'}, 'dob': {'date': '1977-07-14T10:08:46.036Z', 'age': 47}, 'registered': {'date': '2019-11-23T05:52:27.061Z', 'age': 4}, 'phone': '077 260 02 83', 'cell': '076 200 60 77', 'id': {'name': 'AVS', 'value': '756.8200.8444.38'}, 'picture': {'large': 'https://randomuser.me/api/portraits/men/7.jpg', 'medium': 'https://randomuser.me/api/portraits/med/men/7.jpg', 'thumbnail': 'https://randomuser.me/api/portraits/thumb/men/7.jpg'}, 'nat': 'CH'}</msg>
<arg>${json_data['results'][0]}</arg>
<doc>Logs the given message with the given level.</doc>
<status status="PASS" start="2024-07-18T20:16:16.418919" elapsed="0.000424"/>
</kw>
<kw name="Log" owner="BuiltIn">
<msg time="2024-07-18T20:16:16.419777" level="INFO">email</msg>
<arg>${key}</arg>
<doc>Logs the given message with the given level.</doc>
<status status="PASS" start="2024-07-18T20:16:16.419645" elapsed="0.000173"/>
</kw>
<var name="${key}">email</var>
<status status="PASS" start="2024-07-18T20:16:16.418073" elapsed="0.001963"/>
</iter>
<iter>
<kw name="Dictionary Should Contain Key" owner="Collections">
<arg>${json_data['results'][0]}</arg>
<arg>${key}</arg>
<doc>Fails if ``key`` is not found from ``dictionary``.</doc>
<status status="PASS" start="2024-07-18T20:16:16.420320" elapsed="0.000378"/>
</kw>
<kw name="Log" owner="BuiltIn">
<msg time="2024-07-18T20:16:16.421230" level="INFO">{'gender': 'male', 'name': {'title': 'Monsieur', 'first': 'Antonino', 'last': 'Bourgeois'}, 'location': {'street': {'number': 8545, 'name': 'Rue Principale'}, 'city': 'Payerne', 'state': 'Genève', 'country': 'Switzerland', 'postcode': 5799, 'coordinates': {'latitude': '-56.1941', 'longitude': '-16.1650'}, 'timezone': {'offset': '+10:00', 'description': 'Eastern Australia, Guam, Vladivostok'}}, 'email': 'antonino.bourgeois@example.com', 'login': {'uuid': '11fdfa4b-8eb4-415f-8dec-b9e18939113d', 'username': 'tinysnake747', 'password': 'spike', 'salt': 'I4Qqfv9X', 'md5': 'f26195ed0b6dc01750299657df286774', 'sha1': 'efd70240f2d6284da0d4facaa6226d7ae2a3ab7d', 'sha256': 'a9b283331a26705df4e1cccb7943c671b63d6ef0c769b74a1df1bf77a60d8f27'}, 'dob': {'date': '1977-07-14T10:08:46.036Z', 'age': 47}, 'registered': {'date': '2019-11-23T05:52:27.061Z', 'age': 4}, 'phone': '077 260 02 83', 'cell': '076 200 60 77', 'id': {'name': 'AVS', 'value': '756.8200.8444.38'}, 'picture': {'large': 'https://randomuser.me/api/portraits/men/7.jpg', 'medium': 'https://randomuser.me/api/portraits/med/men/7.jpg', 'thumbnail': 'https://randomuser.me/api/portraits/thumb/men/7.jpg'}, 'nat': 'CH'}</msg>
<arg>${json_data['results'][0]}</arg>
<doc>Logs the given message with the given level.</doc>
<status status="PASS" start="2024-07-18T20:16:16.420880" elapsed="0.000402"/>
</kw>
<kw name="Log" owner="BuiltIn">
<msg time="2024-07-18T20:16:16.421703" level="INFO">login</msg>
<arg>${key}</arg>
<doc>Logs the given message with the given level.</doc>
<status status="PASS" start="2024-07-18T20:16:16.421575" elapsed="0.000167"/>
</kw>
<var name="${key}">login</var>
<status status="PASS" start="2024-07-18T20:16:16.420210" elapsed="0.001752"/>
</iter>
<var>${key}</var>
<value>@{expected_keys}</value>
<status status="PASS" start="2024-07-18T20:16:16.410523" elapsed="0.011558"/>
</for>
<kw name="Create List" owner="BuiltIn">
<msg time="2024-07-18T20:16:16.422616" level="INFO">${expected_keysTwo} = ['username', 'password']</msg>
<var>${expected_keysTwo}</var>
<arg>username</arg>
<arg>password</arg>
<doc>Returns a list containing given items.</doc>
<status status="PASS" start="2024-07-18T20:16:16.422418" elapsed="0.000261"/>
</kw>
<for flavor="IN">
<iter>
<kw name="Dictionary Should Contain Key" owner="Collections">
<arg>${json_data['results'][0]['login']}</arg>
<arg>${keyTwo}</arg>
<doc>Fails if ``key`` is not found from ``dictionary``.</doc>
<status status="PASS" start="2024-07-18T20:16:16.423500" elapsed="0.000391"/>
</kw>
<kw name="Dictionary Should Contain Key" owner="Collections">
<arg>${json_data['results'][0]['login']}</arg>
<arg>${keyTwo}</arg>
<doc>Fails if ``key`` is not found from ``dictionary``.</doc>
<status status="PASS" start="2024-07-18T20:16:16.424078" elapsed="0.000383"/>
</kw>
<kw name="Log" owner="BuiltIn">
<msg time="2024-07-18T20:16:16.424763" level="INFO">username</msg>
<arg>${keyTwo}</arg>
<doc>Logs the given message with the given level.</doc>
<status status="PASS" start="2024-07-18T20:16:16.424641" elapsed="0.000160"/>
</kw>
<var name="${keyTwo}">username</var>
<status status="PASS" start="2024-07-18T20:16:16.423376" elapsed="0.001646"/>
</iter>
<iter>
<kw name="Dictionary Should Contain Key" owner="Collections">
<arg>${json_data['results'][0]['login']}</arg>
<arg>${keyTwo}</arg>
<doc>Fails if ``key`` is not found from ``dictionary``.</doc>
<status status="PASS" start="2024-07-18T20:16:16.425311" elapsed="0.000389"/>
</kw>
<kw name="Dictionary Should Contain Key" owner="Collections">
<arg>${json_data['results'][0]['login']}</arg>
<arg>${keyTwo}</arg>
<doc>Fails if ``key`` is not found from ``dictionary``.</doc>
<status status="PASS" start="2024-07-18T20:16:16.425883" elapsed="0.000377"/>
</kw>
<kw name="Log" owner="BuiltIn">
<msg time="2024-07-18T20:16:16.426564" level="INFO">password</msg>
<arg>${keyTwo}</arg>
<doc>Logs the given message with the given level.</doc>
<status status="PASS" start="2024-07-18T20:16:16.426439" elapsed="0.000162"/>
</kw>
<var name="${keyTwo}">password</var>
<status status="PASS" start="2024-07-18T20:16:16.425198" elapsed="0.001629"/>
</iter>
<var>${keyTwo}</var>
<value>@{expected_keysTwo}</value>
<status status="PASS" start="2024-07-18T20:16:16.423113" elapsed="0.003872"/>
</for>
<status status="PASS" start="2024-07-18T20:16:16.318286" elapsed="0.108850"/>
</kw>
<doc>Testa a estrutura da resposta da API.</doc>
<tag>testeEstruturaResposta</tag>
<status status="PASS" start="2024-07-18T20:16:16.317778" elapsed="0.109522"/>
</test>
<test id="s1-s1-t4" name="Validar tipos de dados" line="28">
<kw name="Teste de Tipos de Dados" owner="random-user-service">
<kw name="GET On Session" owner="RequestsLibrary">
<msg time="2024-07-18T20:16:16.508122" level="INFO">GET Request : url=https://randomuser.me/api 
 path_url=/api 
 headers={'User-Agent': 'python-requests/2.32.3', 'Accept-Encoding': 'gzip, deflate', 'Accept': '*/*', 'Connection': 'keep-alive'} 
 body=None 
 </msg>
<msg time="2024-07-18T20:16:16.508214" level="INFO">GET Response : url=https://randomuser.me/api 
 status=200, reason=OK 
 headers={'Date': 'Thu, 18 Jul 2024 20:16:16 GMT', 'Content-Type': 'application/json; charset=utf-8', 'Transfer-Encoding': 'chunked', 'Connection': 'keep-alive', 'X-Powered-By': 'Express', 'Access-Control-Allow-Origin': '*', 'Cache-Control': 'no-cache', 'ETag': 'W/"46e-QxrH1KoF2PjhENJQg1NOh5J40mI"', 'Vary': 'Accept-Encoding', 'Content-Encoding': 'gzip', 'CF-Cache-Status': 'DYNAMIC', 'Report-To': '{"endpoints":[{"url":"https:\\/\\/a.nel.cloudflare.com\\/report\\/v4?s=svQ52rsiorhEbXG44gAzDLmvQ6A3ZFZ%2BOMpbOTkBBCmMRnn583ynHh7nXEzQKzgGX%2BwjmBSTNL3BoFP5%2FwN2AJyGKcoSova86Y0GUwDCuAuMT0FbtplUa8bSUmyFPGY5"}],"group":"cf-nel","max_age":604800}', 'NEL': '{"success_fraction":0,"report_to":"cf-nel","max_age":604800}', 'Server': 'cloudflare', 'CF-RAY': '8a552606b8471fe2-IAD', 'alt-svc': 'h3=":443"; ma=86400'} 
 body={"results":[{"gender":"male","name":{"title":"Mr","first":"Goran","last":"Novak"},"location":{"street":{"number":6650,"name":"Vlade Bjelića"},"city":"Vrbas","state":"Braničevo","country":"Serbia","postcode":85714,"coordinates":{"latitude":"58.0686","longitude":"-129.1108"},"timezone":{"offset":"+5:45","description":"Kathmandu"}},"email":"goran.novak@example.com","login":{"uuid":"47baee0d-ba58-4c04-b171-9ea38fd63361","username":"heavybutterfly611","password":"admin","salt":"RNvGXbtl","md5":"a20915372ec328cc368a5fa2c74ec416","sha1":"02320a2fade0c190ba27751cf1b5a83c7928a6f9","sha256":"e6c6db8e48f0c0549a2f46e21024bd7fbc1ac623d354d3747f59d3a6e3839d02"},"dob":{"date":"1996-01-12T09:05:28.549Z","age":28},"registered":{"date":"2015-11-10T18:07:43.663Z","age":8},"phone":"029-8322-404","cell":"061-0952-668","id":{"name":"SID","value":"942707580"},"picture":{"large":"https://randomuser.me/api/portraits/men/20.jpg","medium":"https://randomuser.me/api/portraits/med/men/20.jpg","thumbnail":"https://randomuser.me/api/portraits/thumb/men/20.jpg"},"nat":"RS"}],"info":{"seed":"8e5076d8c8e863bb","results":1,"page":1,"version":"1.4"}} 
 </msg>
<msg time="2024-07-18T20:16:16.508285" level="INFO">/opt/hostedtoolcache/Python/3.12.4/x64/lib/python3.12/site-packages/urllib3/connectionpool.py:1099: InsecureRequestWarning: Unverified HTTPS request is being made to host 'randomuser.me'. Adding certificate verification is strongly advised. See: https://urllib3.readthedocs.io/en/latest/advanced-usage.html#tls-warnings
  warnings.warn(</msg>
<msg time="2024-07-18T20:16:16.508406" level="INFO">${response} = &lt;Response [200]&gt;</msg>
<var>${response}</var>
<arg>consultarAPI</arg>
<arg>/api</arg>
<doc>Sends a GET request on a previously created HTTP Session.</doc>
<status status="PASS" start="2024-07-18T20:16:16.429874" elapsed="0.078570"/>
</kw>
<kw name="Set Variable" owner="BuiltIn">
<msg time="2024-07-18T20:16:16.509455" level="INFO">${json_data} = {'results': [{'gender': 'male', 'name': {'title': 'Mr', 'first': 'Goran', 'last': 'Novak'}, 'location': {'street': {'number': 6650, 'name': 'Vlade Bjelića'}, 'city': 'Vrbas', 'state': 'Braničevo', 'co...</msg>
<var>${json_data}</var>
<arg>${response.json()}</arg>
<doc>Returns the given values which can then be assigned to a variables.</doc>
<status status="PASS" start="2024-07-18T20:16:16.508926" elapsed="0.000560"/>
</kw>
<kw name="Log" owner="BuiltIn">
<msg time="2024-07-18T20:16:16.510002" level="INFO">{'results': [{'gender': 'male', 'name': {'title': 'Mr', 'first': 'Goran', 'last': 'Novak'}, 'location': {'street': {'number': 6650, 'name': 'Vlade Bjelića'}, 'city': 'Vrbas', 'state': 'Braničevo', 'country': 'Serbia', 'postcode': 85714, 'coordinates': {'latitude': '58.0686', 'longitude': '-129.1108'}, 'timezone': {'offset': '+5:45', 'description': 'Kathmandu'}}, 'email': 'goran.novak@example.com', 'login': {'uuid': '47baee0d-ba58-4c04-b171-9ea38fd63361', 'username': 'heavybutterfly611', 'password': 'admin', 'salt': 'RNvGXbtl', 'md5': 'a20915372ec328cc368a5fa2c74ec416', 'sha1': '02320a2fade0c190ba27751cf1b5a83c7928a6f9', 'sha256': 'e6c6db8e48f0c0549a2f46e21024bd7fbc1ac623d354d3747f59d3a6e3839d02'}, 'dob': {'date': '1996-01-12T09:05:28.549Z', 'age': 28}, 'registered': {'date': '2015-11-10T18:07:43.663Z', 'age': 8}, 'phone': '029-8322-404', 'cell': '061-0952-668', 'id': {'name': 'SID', 'value': '942707580'}, 'picture': {'large': 'https://randomuser.me/api/portraits/men/20.jpg', 'medium': 'https://randomuser.me/api/portraits/med/men/20.jpg', 'thumbnail': 'https://randomuser.me/api/portraits/thumb/men/20.jpg'}, 'nat': 'RS'}], 'info': {'seed': '8e5076d8c8e863bb', 'results': 1, 'page': 1, 'version': '1.4'}}</msg>
<arg>${json_data}</arg>
<doc>Logs the given message with the given level.</doc>
<status status="PASS" start="2024-07-18T20:16:16.509835" elapsed="0.000221"/>
</kw>
<kw name="Should Be String" owner="String">
<arg>${json_data['results'][0]['gender']}</arg>
<doc>Fails if the given ``item`` is not a string.</doc>
<status status="PASS" start="2024-07-18T20:16:16.510368" elapsed="0.000384"/>
</kw>
<kw name="Should Match Regexp" owner="BuiltIn">
<arg>${json_data['results'][0]['email']}</arg>
<arg>^[a-zA-Z0-9._%+-]+@[a-zA-Z0-9.-]+\.[a-zA-Z]{2,}$</arg>
<doc>Fails if ``string`` does not match ``pattern`` as a regular expression.</doc>
<status status="PASS" start="2024-07-18T20:16:16.511019" elapsed="0.000548"/>
</kw>
<kw name="Should Match Regexp" owner="BuiltIn">
<arg>${json_data['results'][0]['dob']['date']}</arg>
<arg>\\d{4}-\\d{2}-\\d{2}T\\d{2}:\\d{2}:\\d{2}\\.\\d{3}Z</arg>
<doc>Fails if ``string`` does not match ``pattern`` as a regular expression.</doc>
<status status="PASS" start="2024-07-18T20:16:16.511769" elapsed="0.000648"/>
</kw>
<kw name="Should Match Regexp" owner="BuiltIn">
<arg>${json_data['results'][0]['registered']['date']}</arg>
<arg>\\d{4}-\\d{2}-\\d{2}T\\d{2}:\\d{2}:\\d{2}\\.\\d{3}Z</arg>
<doc>Fails if ``string`` does not match ``pattern`` as a regular expression.</doc>
<status status="PASS" start="2024-07-18T20:16:16.512616" elapsed="0.000378"/>
</kw>
<kw name="Should Match Regexp" owner="BuiltIn">
<arg>${json_data['results'][0]['picture']['large']}</arg>
<arg>^https?://.*\.(?:png|jpe?g|gif|bmp)$</arg>
<doc>Fails if ``string`` does not match ``pattern`` as a regular expression.</doc>
<status status="PASS" start="2024-07-18T20:16:16.513182" elapsed="0.000467"/>
</kw>
<kw name="Should Match Regexp" owner="BuiltIn">
<arg>${json_data['results'][0]['picture']['medium']}</arg>
<arg>^https?://.*\.(?:png|jpe?g|gif|bmp)$</arg>
<doc>Fails if ``string`` does not match ``pattern`` as a regular expression.</doc>
<status status="PASS" start="2024-07-18T20:16:16.513841" elapsed="0.000359"/>
</kw>
<kw name="Should Match Regexp" owner="BuiltIn">
<arg>${json_data['results'][0]['picture']['thumbnail']}</arg>
<arg>^https?://.*\.(?:png|jpe?g|gif|bmp)$</arg>
<doc>Fails if ``string`` does not match ``pattern`` as a regular expression.</doc>
<status status="PASS" start="2024-07-18T20:16:16.514385" elapsed="0.000351"/>
</kw>
<kw name="Log" owner="BuiltIn">
<msg time="2024-07-18T20:16:16.515275" level="INFO">{'large': 'https://randomuser.me/api/portraits/men/20.jpg', 'medium': 'https://randomuser.me/api/portraits/med/men/20.jpg', 'thumbnail': 'https://randomuser.me/api/portraits/thumb/men/20.jpg'}</msg>
<arg>${json_data['results'][0]['picture']}</arg>
<doc>Logs the given message with the given level.</doc>
<status status="PASS" start="2024-07-18T20:16:16.514941" elapsed="0.000379"/>
</kw>
<status status="PASS" start="2024-07-18T20:16:16.429639" elapsed="0.085946"/>
</kw>
<kw name="Teste de Tipos de Dados - Postcode" owner="random-user-service">
<kw name="GET On Session" owner="RequestsLibrary">
<msg time="2024-07-18T20:16:16.625951" level="INFO">GET Request : url=https://randomuser.me/api 
 path_url=/api 
 headers={'User-Agent': 'python-requests/2.32.3', 'Accept-Encoding': 'gzip, deflate', 'Accept': '*/*', 'Connection': 'keep-alive'} 
 body=None 
 </msg>
<msg time="2024-07-18T20:16:16.626034" level="INFO">GET Response : url=https://randomuser.me/api 
 status=200, reason=OK 
 headers={'Date': 'Thu, 18 Jul 2024 20:16:16 GMT', 'Content-Type': 'application/json; charset=utf-8', 'Transfer-Encoding': 'chunked', 'Connection': 'keep-alive', 'X-Powered-By': 'Express', 'Access-Control-Allow-Origin': '*', 'Cache-Control': 'no-cache', 'ETag': 'W/"47e-g0mA40JoNplX/vtFiyY8Tl0gOZM"', 'Vary': 'Accept-Encoding', 'Content-Encoding': 'gzip', 'CF-Cache-Status': 'DYNAMIC', 'Report-To': '{"endpoints":[{"url":"https:\\/\\/a.nel.cloudflare.com\\/report\\/v4?s=YpAKbu0fnOSEXHpQab6XfgworWelS6Y%2B8ifrblHn%2BDyKJzvmbtdF1vGOAkqQqYjAWHEEWyPj2h5splSub5AttJqrI944wDW7FFZVLajgrZxlNWn%2FpeNdEz%2BJoZJ9Y4aV"}],"group":"cf-nel","max_age":604800}', 'NEL': '{"success_fraction":0,"report_to":"cf-nel","max_age":604800}', 'Server': 'cloudflare', 'CF-RAY': '8a55260738eb1fe2-IAD', 'alt-svc': 'h3=":443"; ma=86400'} 
 body={"results":[{"gender":"male","name":{"title":"Mr","first":"Barry","last":"Duncan"},"location":{"street":{"number":9821,"name":"New Street"},"city":"Kilcoole","state":"Meath","country":"Ireland","postcode":98612,"coordinates":{"latitude":"1.2785","longitude":"-62.3239"},"timezone":{"offset":"+9:00","description":"Tokyo, Seoul, Osaka, Sapporo, Yakutsk"}},"email":"barry.duncan@example.com","login":{"uuid":"13df77af-f43d-4ea2-9aae-9f50a81a1236","username":"redtiger610","password":"orlando","salt":"8qmY6PhM","md5":"c860c27eb7fc9e6e1740f0e2c9c04edf","sha1":"35a63861a0e70f224c2ccf638d881a36c11728ae","sha256":"5c757b116a7cd5900a3a64d737e47bf6632dcdc295fadfac4439e9d7a20dce2a"},"dob":{"date":"2001-05-21T12:19:42.562Z","age":23},"registered":{"date":"2008-09-23T06:37:20.111Z","age":15},"phone":"051-516-0113","cell":"081-392-0703","id":{"name":"PPS","value":"0701606T"},"picture":{"large":"https://randomuser.me/api/portraits/men/2.jpg","medium":"https://randomuser.me/api/portraits/med/men/2.jpg","thumbnail":"https://randomuser.me/api/portraits/thumb/men/2.jpg"},"nat":"IE"}],"info":{"seed":"9cb6eec1dad91b22","results":1,"page":1,"version":"1.4"}} 
 </msg>
<msg time="2024-07-18T20:16:16.626104" level="INFO">/opt/hostedtoolcache/Python/3.12.4/x64/lib/python3.12/site-packages/urllib3/connectionpool.py:1099: InsecureRequestWarning: Unverified HTTPS request is being made to host 'randomuser.me'. Adding certificate verification is strongly advised. See: https://urllib3.readthedocs.io/en/latest/advanced-usage.html#tls-warnings
  warnings.warn(</msg>
<msg time="2024-07-18T20:16:16.626213" level="INFO">${response} = &lt;Response [200]&gt;</msg>
<var>${response}</var>
<arg>consultarAPI</arg>
<arg>/api</arg>
<doc>Sends a GET request on a previously created HTTP Session.</doc>
<status status="PASS" start="2024-07-18T20:16:16.516052" elapsed="0.110208"/>
</kw>
<kw name="Set Variable" owner="BuiltIn">
<msg time="2024-07-18T20:16:16.627137" level="INFO">${json_data} = {'results': [{'gender': 'male', 'name': {'title': 'Mr', 'first': 'Barry', 'last': 'Duncan'}, 'location': {'street': {'number': 9821, 'name': 'New Street'}, 'city': 'Kilcoole', 'state': 'Meath', 'count...</msg>
<var>${json_data}</var>
<arg>${response.json()}</arg>
<doc>Returns the given values which can then be assigned to a variables.</doc>
<status status="PASS" start="2024-07-18T20:16:16.626645" elapsed="0.000521"/>
</kw>
<kw name="Log" owner="BuiltIn">
<msg time="2024-07-18T20:16:16.627630" level="INFO">{'results': [{'gender': 'male', 'name': {'title': 'Mr', 'first': 'Barry', 'last': 'Duncan'}, 'location': {'street': {'number': 9821, 'name': 'New Street'}, 'city': 'Kilcoole', 'state': 'Meath', 'country': 'Ireland', 'postcode': 98612, 'coordinates': {'latitude': '1.2785', 'longitude': '-62.3239'}, 'timezone': {'offset': '+9:00', 'description': 'Tokyo, Seoul, Osaka, Sapporo, Yakutsk'}}, 'email': 'barry.duncan@example.com', 'login': {'uuid': '13df77af-f43d-4ea2-9aae-9f50a81a1236', 'username': 'redtiger610', 'password': 'orlando', 'salt': '8qmY6PhM', 'md5': 'c860c27eb7fc9e6e1740f0e2c9c04edf', 'sha1': '35a63861a0e70f224c2ccf638d881a36c11728ae', 'sha256': '5c757b116a7cd5900a3a64d737e47bf6632dcdc295fadfac4439e9d7a20dce2a'}, 'dob': {'date': '2001-05-21T12:19:42.562Z', 'age': 23}, 'registered': {'date': '2008-09-23T06:37:20.111Z', 'age': 15}, 'phone': '051-516-0113', 'cell': '081-392-0703', 'id': {'name': 'PPS', 'value': '0701606T'}, 'picture': {'large': 'https://randomuser.me/api/portraits/men/2.jpg', 'medium': 'https://randomuser.me/api/portraits/med/men/2.jpg', 'thumbnail': 'https://randomuser.me/api/portraits/thumb/men/2.jpg'}, 'nat': 'IE'}], 'info': {'seed': '9cb6eec1dad91b22', 'results': 1, 'page': 1, 'version': '1.4'}}</msg>
<arg>${json_data}</arg>
<doc>Logs the given message with the given level.</doc>
<status status="PASS" start="2024-07-18T20:16:16.627478" elapsed="0.000199"/>
</kw>
<kw name="Should Be Equal As Numbers" owner="BuiltIn">
<arg>${json_data['results'][0]['location']['postcode']}</arg>
<arg>${json_data['results'][0]['location']['postcode']}</arg>
<doc>Fails if objects are unequal after converting them to real numbers.</doc>
<status status="PASS" start="2024-07-18T20:16:16.627982" elapsed="0.000620"/>
</kw>
<kw name="Log" owner="BuiltIn">
<msg time="2024-07-18T20:16:16.629171" level="INFO">98612</msg>
<arg>${json_data['results'][0]['location']['postcode']}</arg>
<doc>Logs the given message with the given level.</doc>
<status status="PASS" start="2024-07-18T20:16:16.628798" elapsed="0.000416"/>
</kw>
<status status="PASS" start="2024-07-18T20:16:16.515817" elapsed="0.113654"/>
</kw>
<doc>Testa se os tipos de dados na resposta da API estão corretos.</doc>
<tag>testeTiposDados</tag>
<status status="PASS" start="2024-07-18T20:16:16.429064" elapsed="0.200578"/>
</test>
<test id="s1-s1-t5" name="Validar conteudo" line="35">
<kw name="Teste de Tipos de Conteudo" owner="random-user-service">
<kw name="GET On Session" owner="RequestsLibrary">
<msg time="2024-07-18T20:16:16.702906" level="INFO">GET Request : url=https://randomuser.me/api 
 path_url=/api 
 headers={'User-Agent': 'python-requests/2.32.3', 'Accept-Encoding': 'gzip, deflate', 'Accept': '*/*', 'Connection': 'keep-alive'} 
 body=None 
 </msg>
<msg time="2024-07-18T20:16:16.703020" level="INFO">GET Response : url=https://randomuser.me/api 
 status=200, reason=OK 
 headers={'Date': 'Thu, 18 Jul 2024 20:16:16 GMT', 'Content-Type': 'application/json; charset=utf-8', 'Transfer-Encoding': 'chunked', 'Connection': 'keep-alive', 'X-Powered-By': 'Express', 'Access-Control-Allow-Origin': '*', 'Cache-Control': 'no-cache', 'ETag': 'W/"48f-w2r57kohkkEJwAQfS58QAfeQp3Y"', 'Vary': 'Accept-Encoding', 'Content-Encoding': 'gzip', 'CF-Cache-Status': 'DYNAMIC', 'Report-To': '{"endpoints":[{"url":"https:\\/\\/a.nel.cloudflare.com\\/report\\/v4?s=1y07q43wNwE9pSdG4ui3QjHq2G5uUHhQOr0PJFIrB7BheZuu%2F9D0CoKfgN9pr4afGz3%2FlzDmnF%2BKi96WHUvxQ9Yz9IThmI6mYz%2FNRaTI9XLrFr518ba5ioHfbsIgJtZn"}],"group":"cf-nel","max_age":604800}', 'NEL': '{"success_fraction":0,"report_to":"cf-nel","max_age":604800}', 'Server': 'cloudflare', 'CF-RAY': '8a552607f9c41fe2-IAD', 'alt-svc': 'h3=":443"; ma=86400'} 
 body={"results":[{"gender":"female","name":{"title":"Ms","first":"Kripa","last":"Kumari"},"location":{"street":{"number":8773,"name":"Hazratganj"},"city":"Bhatpara","state":"Tripura","country":"India","postcode":89069,"coordinates":{"latitude":"4.9343","longitude":"123.2215"},"timezone":{"offset":"+8:00","description":"Beijing, Perth, Singapore, Hong Kong"}},"email":"kripa.kumari@example.com","login":{"uuid":"57cde52e-e0c9-44ad-a75c-9bb6e83ab73b","username":"silvermeercat741","password":"freeman","salt":"cUKsQ24C","md5":"0f7e3e4ec645f8db4afea5cc814b46ff","sha1":"4dc62a6f23b4cdd5a615e3bd06b1336ef52f5df3","sha256":"ebe3b85af34a86fcb1f4c2cc4e85bd8d9e36aa14ca138eeb81ab387fc0f459c2"},"dob":{"date":"1984-12-04T01:05:34.982Z","age":39},"registered":{"date":"2010-12-25T13:45:04.065Z","age":13},"phone":"8267427960","cell":"9894576647","id":{"name":"UIDAI","value":"388737493047"},"picture":{"large":"https://randomuser.me/api/portraits/women/85.jpg","medium":"https://randomuser.me/api/portraits/med/women/85.jpg","thumbnail":"https://randomuser.me/api/portraits/thumb/women/85.jpg"},"nat":"IN"}],"info":{"seed":"0d924b5a7e01446e","results":1,"page":1,"version":"1.4"}} 
 </msg>
<msg time="2024-07-18T20:16:16.703101" level="INFO">/opt/hostedtoolcache/Python/3.12.4/x64/lib/python3.12/site-packages/urllib3/connectionpool.py:1099: InsecureRequestWarning: Unverified HTTPS request is being made to host 'randomuser.me'. Adding certificate verification is strongly advised. See: https://urllib3.readthedocs.io/en/latest/advanced-usage.html#tls-warnings
  warnings.warn(</msg>
<msg time="2024-07-18T20:16:16.703218" level="INFO">${response} = &lt;Response [200]&gt;</msg>
<var>${response}</var>
<arg>consultarAPI</arg>
<arg>/api</arg>
<doc>Sends a GET request on a previously created HTTP Session.</doc>
<status status="PASS" start="2024-07-18T20:16:16.632148" elapsed="0.071119"/>
</kw>
<kw name="Set Variable" owner="BuiltIn">
<msg time="2024-07-18T20:16:16.704179" level="INFO">${json_data} = {'results': [{'gender': 'female', 'name': {'title': 'Ms', 'first': 'Kripa', 'last': 'Kumari'}, 'location': {'street': {'number': 8773, 'name': 'Hazratganj'}, 'city': 'Bhatpara', 'state': 'Tripura', 'c...</msg>
<var>${json_data}</var>
<arg>${response.json()}</arg>
<doc>Returns the given values which can then be assigned to a variables.</doc>
<status status="PASS" start="2024-07-18T20:16:16.703714" elapsed="0.000495"/>
</kw>
<kw name="Set Variable" owner="BuiltIn">
<msg time="2024-07-18T20:16:16.704896" level="INFO">${name_title} = Ms</msg>
<var>${name_title}</var>
<arg>${json_data["results"][0]["name"]["title"]}</arg>
<doc>Returns the given values which can then be assigned to a variables.</doc>
<status status="PASS" start="2024-07-18T20:16:16.704511" elapsed="0.000411"/>
</kw>
<kw name="Create List" owner="BuiltIn">
<msg time="2024-07-18T20:16:16.705372" level="INFO">${allowed_titles} = ['Mr', 'Ms', 'Miss', 'Mrs', 'Madame', 'Monsieur']</msg>
<var>${allowed_titles}</var>
<arg>Mr</arg>
<arg>Ms</arg>
<arg>Miss</arg>
<arg>Mrs</arg>
<arg>Madame</arg>
<arg>Monsieur</arg>
<doc>Returns a list containing given items.</doc>
<status status="PASS" start="2024-07-18T20:16:16.705222" elapsed="0.000176"/>
</kw>
<kw name="List Should Contain Value" owner="Collections">
<arg>${allowed_titles}</arg>
<arg>${name_title}</arg>
<doc>Fails if the ``value`` is not found from ``list``.</doc>
<status status="PASS" start="2024-07-18T20:16:16.705702" elapsed="0.000182"/>
</kw>
<kw name="Set Variable" owner="BuiltIn">
<msg time="2024-07-18T20:16:16.706449" level="INFO">${name_country} = IN</msg>
<var>${name_country}</var>
<arg>${json_data["results"][0]["nat"]}</arg>
<doc>Returns the given values which can then be assigned to a variables.</doc>
<status status="PASS" start="2024-07-18T20:16:16.706069" elapsed="0.000407"/>
</kw>
<kw name="Create List" owner="BuiltIn">
<msg time="2024-07-18T20:16:16.707394" level="INFO">${list_country} = ['AD', 'AE', 'AF', 'AG', 'AI', 'AL', 'AM', 'AO', 'AQ', 'AR', 'AS', 'AT', 'AU', 'AW', 'AX', 'AZ', 'BA', 'BB', 'BD', 'BE', 'BF', 'BG', 'BH', 'BI', 'BJ', 'BL', 'BM', 'BN', 'BO', 'BQ', 'BR', 'BS', 'BT', '...</msg>
<var>${list_country}</var>
<arg>AD</arg>
<arg>AE</arg>
<arg>AF</arg>
<arg>AG</arg>
<arg>AI</arg>
<arg>AL</arg>
<arg>AM</arg>
<arg>AO</arg>
<arg>AQ</arg>
<arg>AR</arg>
<arg>AS</arg>
<arg>AT</arg>
<arg>AU</arg>
<arg>AW</arg>
<arg>AX</arg>
<arg>AZ</arg>
<arg>BA</arg>
<arg>BB</arg>
<arg>BD</arg>
<arg>BE</arg>
<arg>BF</arg>
<arg>BG</arg>
<arg>BH</arg>
<arg>BI</arg>
<arg>BJ</arg>
<arg>BL</arg>
<arg>BM</arg>
<arg>BN</arg>
<arg>BO</arg>
<arg>BQ</arg>
<arg>BR</arg>
<arg>BS</arg>
<arg>BT</arg>
<arg>BV</arg>
<arg>BW</arg>
<arg>BY</arg>
<arg>BZ</arg>
<arg>CA</arg>
<arg>CC</arg>
<arg>CD</arg>
<arg>CF</arg>
<arg>CG</arg>
<arg>CH</arg>
<arg>CI</arg>
<arg>CK</arg>
<arg>CL</arg>
<arg>CM</arg>
<arg>CN</arg>
<arg>CO</arg>
<arg>CR</arg>
<arg>CU</arg>
<arg>CV</arg>
<arg>CW</arg>
<arg>CX</arg>
<arg>CY</arg>
<arg>CZ</arg>
<arg>DE</arg>
<arg>DJ</arg>
<arg>DK</arg>
<arg>DM</arg>
<arg>DO</arg>
<arg>DZ</arg>
<arg>EC</arg>
<arg>EE</arg>
<arg>EG</arg>
<arg>EH</arg>
<arg>ER</arg>
<arg>ES</arg>
<arg>ET</arg>
<arg>FI</arg>
<arg>FJ</arg>
<arg>FK</arg>
<arg>FM</arg>
<arg>FO</arg>
<arg>FR</arg>
<arg>GA</arg>
<arg>GB</arg>
<arg>GD</arg>
<arg>GE</arg>
<arg>GF</arg>
<arg>GG</arg>
<arg>GH</arg>
<arg>GI</arg>
<arg>GL</arg>
<arg>GM</arg>
<arg>GN</arg>
<arg>GP</arg>
<arg>GQ</arg>
<arg>GR</arg>
<arg>GS</arg>
<arg>GT</arg>
<arg>GU</arg>
<arg>GW</arg>
<arg>GY</arg>
<arg>HK</arg>
<arg>HM</arg>
<arg>HN</arg>
<arg>HR</arg>
<arg>HT</arg>
<arg>HU</arg>
<arg>ID</arg>
<arg>IE</arg>
<arg>IL</arg>
<arg>IM</arg>
<arg>IN</arg>
<arg>IO</arg>
<arg>IQ</arg>
<arg>IR</arg>
<arg>IS</arg>
<arg>IT</arg>
<arg>JE</arg>
<arg>JM</arg>
<arg>JO</arg>
<arg>JP</arg>
<arg>KE</arg>
<arg>KG</arg>
<arg>KH</arg>
<arg>KI</arg>
<arg>KM</arg>
<arg>KN</arg>
<arg>KP</arg>
<arg>KR</arg>
<arg>KW</arg>
<arg>KY</arg>
<arg>KZ</arg>
<arg>LA</arg>
<arg>LB</arg>
<arg>LC</arg>
<arg>LI</arg>
<arg>LK</arg>
<arg>LR</arg>
<arg>LS</arg>
<arg>LT</arg>
<arg>LU</arg>
<arg>LV</arg>
<arg>LY</arg>
<arg>MA</arg>
<arg>MC</arg>
<arg>MD</arg>
<arg>ME</arg>
<arg>MF</arg>
<arg>MG</arg>
<arg>MH</arg>
<arg>MK</arg>
<arg>ML</arg>
<arg>MM</arg>
<arg>MN</arg>
<arg>MO</arg>
<arg>MP</arg>
<arg>MQ</arg>
<arg>MR</arg>
<arg>MS</arg>
<arg>MT</arg>
<arg>MU</arg>
<arg>MV</arg>
<arg>MW</arg>
<arg>MX</arg>
<arg>MY</arg>
<arg>MZ</arg>
<arg>NA</arg>
<arg>NC</arg>
<arg>NE</arg>
<arg>NF</arg>
<arg>NG</arg>
<arg>NI</arg>
<arg>NL</arg>
<arg>NO</arg>
<arg>NP</arg>
<arg>NR</arg>
<arg>NU</arg>
<arg>NZ</arg>
<arg>OM</arg>
<arg>PA</arg>
<arg>PE</arg>
<arg>PF</arg>
<arg>PG</arg>
<arg>PH</arg>
<arg>PK</arg>
<arg>PL</arg>
<arg>PM</arg>
<arg>PN</arg>
<arg>PR</arg>
<arg>PS</arg>
<arg>PT</arg>
<arg>PW</arg>
<arg>PY</arg>
<arg>QA</arg>
<arg>RE</arg>
<arg>RO</arg>
<arg>RS</arg>
<arg>RU</arg>
<arg>RW</arg>
<arg>SA</arg>
<arg>SB</arg>
<arg>SC</arg>
<arg>SD</arg>
<arg>SE</arg>
<arg>SG</arg>
<arg>SH</arg>
<arg>SI</arg>
<arg>SJ</arg>
<arg>SK</arg>
<arg>SL</arg>
<arg>SM</arg>
<arg>SN</arg>
<arg>SO</arg>
<arg>SR</arg>
<arg>SS</arg>
<arg>ST</arg>
<arg>SV</arg>
<arg>SX</arg>
<arg>SY</arg>
<arg>SZ</arg>
<arg>TC</arg>
<arg>TD</arg>
<arg>TF</arg>
<arg>TG</arg>
<arg>TH</arg>
<arg>TJ</arg>
<arg>TK</arg>
<arg>TL</arg>
<arg>TM</arg>
<arg>TN</arg>
<arg>TO</arg>
<arg>TR</arg>
<arg>TT</arg>
<arg>TV</arg>
<arg>TW</arg>
<arg>TZ</arg>
<arg>UA</arg>
<arg>UG</arg>
<arg>UM</arg>
<arg>US</arg>
<arg>UY</arg>
<arg>UZ</arg>
<arg>VA</arg>
<arg>VC</arg>
<arg>VE</arg>
<arg>VG</arg>
<arg>VI</arg>
<arg>VN</arg>
<arg>VU</arg>
<arg>WF</arg>
<arg>WS</arg>
<arg>XK</arg>
<arg>YE</arg>
<arg>YT</arg>
<arg>ZA</arg>
<arg>ZM</arg>
<arg>ZW</arg>
<doc>Returns a list containing given items.</doc>
<status status="PASS" start="2024-07-18T20:16:16.706776" elapsed="0.000644"/>
</kw>
<kw name="List Should Contain Value" owner="Collections">
<arg>${list_country}</arg>
<arg>${name_country}</arg>
<doc>Fails if the ``value`` is not found from ``list``.</doc>
<status status="PASS" start="2024-07-18T20:16:16.708381" elapsed="0.000211"/>
</kw>
<kw name="Run Keyword If" owner="BuiltIn">
<kw name="Should Be True" owner="BuiltIn">
<arg>${True}</arg>
<doc>Fails if the given condition is not true.</doc>
<status status="PASS" start="2024-07-18T20:16:16.709554" elapsed="0.000144"/>
</kw>
<arg>${json_data["results"][0]["location"]["coordinates"]["latitude"]} &gt;= -90 and ${json_data["results"][0]["location"]["coordinates"]["latitude"]} &lt;= 90</arg>
<arg>Should Be True</arg>
<arg>${True}</arg>
<doc>Runs the given keyword with the given arguments, if ``condition`` is true.</doc>
<status status="PASS" start="2024-07-18T20:16:16.708796" elapsed="0.001029"/>
</kw>
<kw name="Run Keyword If" owner="BuiltIn">
<kw name="Should Be True" owner="BuiltIn">
<arg>${True}</arg>
<doc>Fails if the given condition is not true.</doc>
<status status="PASS" start="2024-07-18T20:16:16.710708" elapsed="0.000138"/>
</kw>
<arg>${json_data["results"][0]["location"]["coordinates"]["longitude"]} &gt;= -180 and ${json_data["results"][0]["location"]["coordinates"]["longitude"]} &lt;= 180</arg>
<arg>Should Be True</arg>
<arg>${True}</arg>
<doc>Runs the given keyword with the given arguments, if ``condition`` is true.</doc>
<status status="PASS" start="2024-07-18T20:16:16.710013" elapsed="0.000992"/>
</kw>
<status status="PASS" start="2024-07-18T20:16:16.631920" elapsed="0.079220"/>
</kw>
<doc>Testa o conteúdo específico dos campos retornados pela API.</doc>
<tag>testeConteudo</tag>
<status status="PASS" start="2024-07-18T20:16:16.631440" elapsed="0.079849"/>
</test>
<status status="PASS" start="2024-07-18T20:16:15.737311" elapsed="0.975929"/>
</suite>
<status status="PASS" start="2024-07-18T20:16:15.722956" elapsed="0.995387"/>
</suite>
<statistics>
<total>
<stat pass="5" fail="0" skip="0">All Tests</stat>
</total>
<tag>
<stat pass="1" fail="0" skip="0">testeConteudo</stat>
<stat pass="1" fail="0" skip="0">testeEstruturaResposta</stat>
<stat pass="1" fail="0" skip="0">testeRequisicaoBasica</stat>
<stat pass="1" fail="0" skip="0">testeTiposDados</stat>
</tag>
<suite>
<stat pass="5" fail="0" skip="0" id="s1" name="Tests">Tests</stat>
<stat pass="5" fail="0" skip="0" id="s1-s1" name="Random-User-Test">Tests.Random-User-Test</stat>
</suite>
</statistics>
<errors>
</errors>
</robot>
