<?xml version="1.0" encoding="UTF-8"?>
<robot generator="Robot 7.0 (Python 3.12.3 on linux)" generated="2024-04-23T08:17:34.714647" rpa="false" schemaversion="5">
<suite id="s1" name="Tests" source="/home/runner/work/DesafioQAItauRogerioJordao/DesafioQAItauRogerioJordao/RamdonUser/tests">
<suite id="s1-s1" name="Random-User-Test" source="/home/runner/work/DesafioQAItauRogerioJordao/DesafioQAItauRogerioJordao/RamdonUser/tests/random-user-test.robot">
<test id="s1-s1-t1" name="Conectar" line="13">
<kw name="Conectar API" owner="random-user-service">
<kw name="Create Session" owner="RequestsLibrary">
<msg time="2024-04-23T08:17:35.088092" level="INFO">Creating Session using : alias=consultarAPI, url=https://randomuser.me/, headers={},                     cookies={}, auth=None, timeout=None, proxies=None, verify=False,                     debug=0 </msg>
<arg>consultarAPI</arg>
<arg>${URL}</arg>
<doc>Create Session: create a HTTP session to a server</doc>
<status status="PASS" start="2024-04-23T08:17:35.087888" elapsed="0.000395"/>
</kw>
<status status="PASS" start="2024-04-23T08:17:35.086867" elapsed="0.001787"/>
</kw>
<status status="PASS" start="2024-04-23T08:17:35.086253" elapsed="0.002599"/>
</test>
<test id="s1-s1-t2" name="Validar retorno 200 e JSON Válido" line="16">
<kw name="Teste de Requisicao Basica" owner="random-user-service">
<kw name="GET On Session" owner="RequestsLibrary">
<msg time="2024-04-23T08:17:35.245252" level="INFO">GET Request : url=https://randomuser.me/api 
 path_url=/api 
 headers={'User-Agent': 'python-requests/2.31.0', 'Accept-Encoding': 'gzip, deflate', 'Accept': '*/*', 'Connection': 'keep-alive'} 
 body=None 
 </msg>
<msg time="2024-04-23T08:17:35.245408" level="INFO">GET Response : url=https://randomuser.me/api 
 status=200, reason=OK 
 headers={'Date': 'Tue, 23 Apr 2024 08:17:35 GMT', 'Content-Type': 'application/json; charset=utf-8', 'Transfer-Encoding': 'chunked', 'Connection': 'keep-alive', 'X-Powered-By': 'Express', 'Access-Control-Allow-Origin': '*', 'Cache-Control': 'no-cache', 'ETag': 'W/"47d-Ey9YpKWsF3yroZqyNjgoVQHEFFg"', 'Vary': 'Accept-Encoding', 'Content-Encoding': 'gzip', 'CF-Cache-Status': 'DYNAMIC', 'Report-To': '{"endpoints":[{"url":"https:\\/\\/a.nel.cloudflare.com\\/report\\/v4?s=KVh3pHEbMEqewKpeAYmGzv1z4gXcaLTZQjH%2BiglYwT32Fkown9HPZdNlfPtKp%2BiaUX8eg6xRnzplZ91dQXoDjXWaOtUsoLZge4vuE4IUuXynuDwGY9TqPQn3%2F6l4MAiL"}],"group":"cf-nel","max_age":604800}', 'NEL': '{"success_fraction":0,"report_to":"cf-nel","max_age":604800}', 'Server': 'cloudflare', 'CF-RAY': '878c6b027fdff94b-SJC', 'alt-svc': 'h3=":443"; ma=86400'} 
 body={"results":[{"gender":"male","name":{"title":"Mr","first":"Tanish","last":"Kamath"},"location":{"street":{"number":720,"name":"Naiduthota"},"city":"Rourkela","state":"Tamil Nadu","country":"India","postcode":93861,"coordinates":{"latitude":"11.1048","longitude":"-137.3867"},"timezone":{"offset":"-1:00","description":"Azores, Cape Verde Islands"}},"email":"tanish.kamath@example.com","login":{"uuid":"e6619cde-22b3-4c36-9664-871d6b8cce55","username":"happyfish588","password":"guess","salt":"jjRmWmyJ","md5":"b10661c583ac1b24bc2d955173677b14","sha1":"34b9d2a35c6b3a571571cc41120a8dd56173c8a0","sha256":"d9f59e1d75386fa09198b361460179a0fb0dd3307e5c502d634161b3e3eded7b"},"dob":{"date":"1969-10-25T17:43:21.272Z","age":54},"registered":{"date":"2003-06-27T21:01:15.252Z","age":20},"phone":"8657893369","cell":"9766025594","id":{"name":"UIDAI","value":"718708876605"},"picture":{"large":"https://randomuser.me/api/portraits/men/87.jpg","medium":"https://randomuser.me/api/portraits/med/men/87.jpg","thumbnail":"https://randomuser.me/api/portraits/thumb/men/87.jpg"},"nat":"IN"}],"info":{"seed":"8383019a7897be84","results":1,"page":1,"version":"1.4"}} 
 </msg>
<msg time="2024-04-23T08:17:35.245495" level="INFO">/opt/hostedtoolcache/Python/3.12.3/x64/lib/python3.12/site-packages/urllib3/connectionpool.py:1103: InsecureRequestWarning: Unverified HTTPS request is being made to host 'randomuser.me'. Adding certificate verification is strongly advised. See: https://urllib3.readthedocs.io/en/latest/advanced-usage.html#tls-warnings
  warnings.warn(</msg>
<msg time="2024-04-23T08:17:35.245648" level="INFO">${response} = &lt;Response [200]&gt;</msg>
<var>${response}</var>
<arg>consultarAPI</arg>
<arg>/api</arg>
<doc>Sends a GET request on a previously created HTTP Session.</doc>
<status status="PASS" start="2024-04-23T08:17:35.091550" elapsed="0.154143"/>
</kw>
<kw name="Should Be Equal As Numbers" owner="BuiltIn">
<msg time="2024-04-23T08:17:35.246717" level="INFO">Argument types are:
&lt;class 'int'&gt;
&lt;class 'str'&gt;</msg>
<arg>${response.status_code}</arg>
<arg>200</arg>
<doc>Fails if objects are unequal after converting them to real numbers.</doc>
<status status="PASS" start="2024-04-23T08:17:35.246242" elapsed="0.000543"/>
</kw>
<kw name="Log" owner="BuiltIn">
<msg time="2024-04-23T08:17:35.247528" level="INFO">200</msg>
<arg>${response.status_code}</arg>
<doc>Logs the given message with the given level.</doc>
<status status="PASS" start="2024-04-23T08:17:35.247110" elapsed="0.000464"/>
</kw>
<kw name="Set Variable" owner="BuiltIn">
<msg time="2024-04-23T08:17:35.248354" level="INFO">${json_data} = {'results': [{'gender': 'male', 'name': {'title': 'Mr', 'first': 'Tanish', 'last': 'Kamath'}, 'location': {'street': {'number': 720, 'name': 'Naiduthota'}, 'city': 'Rourkela', 'state': 'Tamil Nadu', '...</msg>
<var>${json_data}</var>
<arg>${response.json()}</arg>
<doc>Returns the given values which can then be assigned to a variables.</doc>
<status status="PASS" start="2024-04-23T08:17:35.247904" elapsed="0.000479"/>
</kw>
<kw name="Dictionary Should Contain Key" owner="Collections">
<msg time="2024-04-23T08:17:35.248870" level="INFO">False</msg>
<arg>${json_data}</arg>
<arg>results</arg>
<doc>Fails if ``key`` is not found from ``dictionary``.</doc>
<status status="PASS" start="2024-04-23T08:17:35.248692" elapsed="0.000219"/>
</kw>
<status status="PASS" start="2024-04-23T08:17:35.091280" elapsed="0.157900"/>
</kw>
<doc>Testa se a API responde corretamente e retorna um objeto JSON válido.</doc>
<tag>testeRequisicaoBasica</tag>
<status status="PASS" start="2024-04-23T08:17:35.090761" elapsed="0.158615"/>
</test>
<test id="s1-s1-t3" name="Validar estrutura de resposta" line="22">
<kw name="Teste de Estrutura de Resposta" owner="random-user-service">
<kw name="GET On Session" owner="RequestsLibrary">
<msg time="2024-04-23T08:17:35.338042" level="INFO">GET Request : url=https://randomuser.me/api 
 path_url=/api 
 headers={'User-Agent': 'python-requests/2.31.0', 'Accept-Encoding': 'gzip, deflate', 'Accept': '*/*', 'Connection': 'keep-alive'} 
 body=None 
 </msg>
<msg time="2024-04-23T08:17:35.338161" level="INFO">GET Response : url=https://randomuser.me/api 
 status=200, reason=OK 
 headers={'Date': 'Tue, 23 Apr 2024 08:17:35 GMT', 'Content-Type': 'application/json; charset=utf-8', 'Transfer-Encoding': 'chunked', 'Connection': 'keep-alive', 'X-Powered-By': 'Express', 'Access-Control-Allow-Origin': '*', 'Cache-Control': 'no-cache', 'ETag': 'W/"49a-ZF67yd7iANxVHXDaC3EAeJ9at80"', 'Vary': 'Accept-Encoding', 'Content-Encoding': 'gzip', 'CF-Cache-Status': 'DYNAMIC', 'Report-To': '{"endpoints":[{"url":"https:\\/\\/a.nel.cloudflare.com\\/report\\/v4?s=4ZowE1qzVStsNfX7fAKG%2Bc3%2FnJHzcj9uauQjPqCJdAG0ZJNj1Ox4IjrDrkMR5JsHuWRL1tCOizXfayTYTTBXpFo2Dfn4muZVdfnedpYxQ0Tn9bSp1D8UwrIrleZ1K6hU"}],"group":"cf-nel","max_age":604800}', 'NEL': '{"success_fraction":0,"report_to":"cf-nel","max_age":604800}', 'Server': 'cloudflare', 'CF-RAY': '878c6b03587df94b-SJC', 'alt-svc': 'h3=":443"; ma=86400'} 
 body={"results":[{"gender":"male","name":{"title":"Mr","first":"José Carlos","last":"Cuellar"},"location":{"street":{"number":894,"name":"Continuación Zamora"},"city":"San Sebastián","state":"Quintana Roo","country":"Mexico","postcode":14322,"coordinates":{"latitude":"29.3176","longitude":"-169.7061"},"timezone":{"offset":"-2:00","description":"Mid-Atlantic"}},"email":"josecarlos.cuellar@example.com","login":{"uuid":"84518cb0-d0c1-4903-9a9b-d024dec78a4f","username":"purplepanda851","password":"nipper","salt":"1dVdJbmJ","md5":"3ab95fc5794e0c972868495971c50a33","sha1":"216e759d3bcf9fc9b57e40095248d2d72d3115b7","sha256":"3bc9b801a8b4139709f4d382761c51842526b41a38ad81f0843cf0ff2d517ee6"},"dob":{"date":"1947-09-15T04:31:49.692Z","age":76},"registered":{"date":"2004-12-31T16:39:51.618Z","age":19},"phone":"(689) 845 6292","cell":"(658) 160 3751","id":{"name":"NSS","value":"10 81 31 7377 3"},"picture":{"large":"https://randomuser.me/api/portraits/men/25.jpg","medium":"https://randomuser.me/api/portraits/med/men/25.jpg","thumbnail":"https://randomuser.me/api/portraits/thumb/men/25.jpg"},"nat":"MX"}],"info":{"seed":"4846d715b77999bd","results":1,"page":1,"version":"1.4"}} 
 </msg>
<msg time="2024-04-23T08:17:35.338304" level="INFO">/opt/hostedtoolcache/Python/3.12.3/x64/lib/python3.12/site-packages/urllib3/connectionpool.py:1103: InsecureRequestWarning: Unverified HTTPS request is being made to host 'randomuser.me'. Adding certificate verification is strongly advised. See: https://urllib3.readthedocs.io/en/latest/advanced-usage.html#tls-warnings
  warnings.warn(</msg>
<msg time="2024-04-23T08:17:35.338437" level="INFO">${response} = &lt;Response [200]&gt;</msg>
<var>${response}</var>
<arg>consultarAPI</arg>
<arg>/api</arg>
<doc>Sends a GET request on a previously created HTTP Session.</doc>
<status status="PASS" start="2024-04-23T08:17:35.252078" elapsed="0.086402"/>
</kw>
<kw name="Set Variable" owner="BuiltIn">
<msg time="2024-04-23T08:17:35.339607" level="INFO">${json_data} = {'results': [{'gender': 'male', 'name': {'title': 'Mr', 'first': 'José Carlos', 'last': 'Cuellar'}, 'location': {'street': {'number': 894, 'name': 'Continuación Zamora'}, 'city': 'San Sebastián', 'sta...</msg>
<var>${json_data}</var>
<arg>${response.json()}</arg>
<doc>Returns the given values which can then be assigned to a variables.</doc>
<status status="PASS" start="2024-04-23T08:17:35.339025" elapsed="0.000612"/>
</kw>
<kw name="Log" owner="BuiltIn">
<msg time="2024-04-23T08:17:35.340121" level="INFO">{'results': [{'gender': 'male', 'name': {'title': 'Mr', 'first': 'José Carlos', 'last': 'Cuellar'}, 'location': {'street': {'number': 894, 'name': 'Continuación Zamora'}, 'city': 'San Sebastián', 'state': 'Quintana Roo', 'country': 'Mexico', 'postcode': 14322, 'coordinates': {'latitude': '29.3176', 'longitude': '-169.7061'}, 'timezone': {'offset': '-2:00', 'description': 'Mid-Atlantic'}}, 'email': 'josecarlos.cuellar@example.com', 'login': {'uuid': '84518cb0-d0c1-4903-9a9b-d024dec78a4f', 'username': 'purplepanda851', 'password': 'nipper', 'salt': '1dVdJbmJ', 'md5': '3ab95fc5794e0c972868495971c50a33', 'sha1': '216e759d3bcf9fc9b57e40095248d2d72d3115b7', 'sha256': '3bc9b801a8b4139709f4d382761c51842526b41a38ad81f0843cf0ff2d517ee6'}, 'dob': {'date': '1947-09-15T04:31:49.692Z', 'age': 76}, 'registered': {'date': '2004-12-31T16:39:51.618Z', 'age': 19}, 'phone': '(689) 845 6292', 'cell': '(658) 160 3751', 'id': {'name': 'NSS', 'value': '10 81 31 7377 3'}, 'picture': {'large': 'https://randomuser.me/api/portraits/men/25.jpg', 'medium': 'https://randomuser.me/api/portraits/med/men/25.jpg', 'thumbnail': 'https://randomuser.me/api/portraits/thumb/men/25.jpg'}, 'nat': 'MX'}], 'info': {'seed': '4846d715b77999bd', 'results': 1, 'page': 1, 'version': '1.4'}}</msg>
<arg>${json_data}</arg>
<doc>Logs the given message with the given level.</doc>
<status status="PASS" start="2024-04-23T08:17:35.339953" elapsed="0.000220"/>
</kw>
<kw name="Dictionary Should Contain Key" owner="Collections">
<msg time="2024-04-23T08:17:35.340640" level="INFO">False</msg>
<arg>${json_data}</arg>
<arg>results</arg>
<doc>Fails if ``key`` is not found from ``dictionary``.</doc>
<status status="PASS" start="2024-04-23T08:17:35.340474" elapsed="0.000204"/>
</kw>
<kw name="Should Not Be Empty" owner="BuiltIn">
<msg time="2024-04-23T08:17:35.341115" level="INFO">Length is 2.</msg>
<arg>${json_data}</arg>
<doc>Verifies that the given item is not empty.</doc>
<status status="PASS" start="2024-04-23T08:17:35.340976" elapsed="0.000351"/>
</kw>
<kw name="Create List" owner="BuiltIn">
<msg time="2024-04-23T08:17:35.341786" level="INFO">${expected_keys} = ['gender', 'name', 'location', 'email', 'login']</msg>
<var>${expected_keys}</var>
<arg>gender</arg>
<arg>name</arg>
<arg>location</arg>
<arg>email</arg>
<arg>login</arg>
<doc>Returns a list containing given items.</doc>
<status status="PASS" start="2024-04-23T08:17:35.341628" elapsed="0.000183"/>
</kw>
<for flavor="IN">
<iter>
<kw name="Dictionary Should Contain Key" owner="Collections">
<msg time="2024-04-23T08:17:35.342801" level="INFO">False</msg>
<arg>${json_data['results'][0]}</arg>
<arg>${key}</arg>
<doc>Fails if ``key`` is not found from ``dictionary``.</doc>
<status status="PASS" start="2024-04-23T08:17:35.342404" elapsed="0.000436"/>
</kw>
<kw name="Log" owner="BuiltIn">
<msg time="2024-04-23T08:17:35.343603" level="INFO">{'gender': 'male', 'name': {'title': 'Mr', 'first': 'José Carlos', 'last': 'Cuellar'}, 'location': {'street': {'number': 894, 'name': 'Continuación Zamora'}, 'city': 'San Sebastián', 'state': 'Quintana Roo', 'country': 'Mexico', 'postcode': 14322, 'coordinates': {'latitude': '29.3176', 'longitude': '-169.7061'}, 'timezone': {'offset': '-2:00', 'description': 'Mid-Atlantic'}}, 'email': 'josecarlos.cuellar@example.com', 'login': {'uuid': '84518cb0-d0c1-4903-9a9b-d024dec78a4f', 'username': 'purplepanda851', 'password': 'nipper', 'salt': '1dVdJbmJ', 'md5': '3ab95fc5794e0c972868495971c50a33', 'sha1': '216e759d3bcf9fc9b57e40095248d2d72d3115b7', 'sha256': '3bc9b801a8b4139709f4d382761c51842526b41a38ad81f0843cf0ff2d517ee6'}, 'dob': {'date': '1947-09-15T04:31:49.692Z', 'age': 76}, 'registered': {'date': '2004-12-31T16:39:51.618Z', 'age': 19}, 'phone': '(689) 845 6292', 'cell': '(658) 160 3751', 'id': {'name': 'NSS', 'value': '10 81 31 7377 3'}, 'picture': {'large': 'https://randomuser.me/api/portraits/men/25.jpg', 'medium': 'https://randomuser.me/api/portraits/med/men/25.jpg', 'thumbnail': 'https://randomuser.me/api/portraits/thumb/men/25.jpg'}, 'nat': 'MX'}</msg>
<arg>${json_data['results'][0]}</arg>
<doc>Logs the given message with the given level.</doc>
<status status="PASS" start="2024-04-23T08:17:35.343177" elapsed="0.000477"/>
</kw>
<kw name="Log" owner="BuiltIn">
<msg time="2024-04-23T08:17:35.344085" level="INFO">gender</msg>
<arg>${key}</arg>
<doc>Logs the given message with the given level.</doc>
<status status="PASS" start="2024-04-23T08:17:35.343956" elapsed="0.000168"/>
</kw>
<var name="${key}">gender</var>
<status status="PASS" start="2024-04-23T08:17:35.342273" elapsed="0.002065"/>
</iter>
<iter>
<kw name="Dictionary Should Contain Key" owner="Collections">
<msg time="2024-04-23T08:17:35.345029" level="INFO">False</msg>
<arg>${json_data['results'][0]}</arg>
<arg>${key}</arg>
<doc>Fails if ``key`` is not found from ``dictionary``.</doc>
<status status="PASS" start="2024-04-23T08:17:35.344642" elapsed="0.000425"/>
</kw>
<kw name="Log" owner="BuiltIn">
<msg time="2024-04-23T08:17:35.345775" level="INFO">{'gender': 'male', 'name': {'title': 'Mr', 'first': 'José Carlos', 'last': 'Cuellar'}, 'location': {'street': {'number': 894, 'name': 'Continuación Zamora'}, 'city': 'San Sebastián', 'state': 'Quintana Roo', 'country': 'Mexico', 'postcode': 14322, 'coordinates': {'latitude': '29.3176', 'longitude': '-169.7061'}, 'timezone': {'offset': '-2:00', 'description': 'Mid-Atlantic'}}, 'email': 'josecarlos.cuellar@example.com', 'login': {'uuid': '84518cb0-d0c1-4903-9a9b-d024dec78a4f', 'username': 'purplepanda851', 'password': 'nipper', 'salt': '1dVdJbmJ', 'md5': '3ab95fc5794e0c972868495971c50a33', 'sha1': '216e759d3bcf9fc9b57e40095248d2d72d3115b7', 'sha256': '3bc9b801a8b4139709f4d382761c51842526b41a38ad81f0843cf0ff2d517ee6'}, 'dob': {'date': '1947-09-15T04:31:49.692Z', 'age': 76}, 'registered': {'date': '2004-12-31T16:39:51.618Z', 'age': 19}, 'phone': '(689) 845 6292', 'cell': '(658) 160 3751', 'id': {'name': 'NSS', 'value': '10 81 31 7377 3'}, 'picture': {'large': 'https://randomuser.me/api/portraits/men/25.jpg', 'medium': 'https://randomuser.me/api/portraits/med/men/25.jpg', 'thumbnail': 'https://randomuser.me/api/portraits/thumb/men/25.jpg'}, 'nat': 'MX'}</msg>
<arg>${json_data['results'][0]}</arg>
<doc>Logs the given message with the given level.</doc>
<status status="PASS" start="2024-04-23T08:17:35.345405" elapsed="0.000421"/>
</kw>
<kw name="Log" owner="BuiltIn">
<msg time="2024-04-23T08:17:35.346265" level="INFO">name</msg>
<arg>${key}</arg>
<doc>Logs the given message with the given level.</doc>
<status status="PASS" start="2024-04-23T08:17:35.346136" elapsed="0.000168"/>
</kw>
<var name="${key}">name</var>
<status status="PASS" start="2024-04-23T08:17:35.344527" elapsed="0.001992"/>
</iter>
<iter>
<kw name="Dictionary Should Contain Key" owner="Collections">
<msg time="2024-04-23T08:17:35.347204" level="INFO">False</msg>
<arg>${json_data['results'][0]}</arg>
<arg>${key}</arg>
<doc>Fails if ``key`` is not found from ``dictionary``.</doc>
<status status="PASS" start="2024-04-23T08:17:35.346813" elapsed="0.000471"/>
</kw>
<kw name="Log" owner="BuiltIn">
<msg time="2024-04-23T08:17:35.347970" level="INFO">{'gender': 'male', 'name': {'title': 'Mr', 'first': 'José Carlos', 'last': 'Cuellar'}, 'location': {'street': {'number': 894, 'name': 'Continuación Zamora'}, 'city': 'San Sebastián', 'state': 'Quintana Roo', 'country': 'Mexico', 'postcode': 14322, 'coordinates': {'latitude': '29.3176', 'longitude': '-169.7061'}, 'timezone': {'offset': '-2:00', 'description': 'Mid-Atlantic'}}, 'email': 'josecarlos.cuellar@example.com', 'login': {'uuid': '84518cb0-d0c1-4903-9a9b-d024dec78a4f', 'username': 'purplepanda851', 'password': 'nipper', 'salt': '1dVdJbmJ', 'md5': '3ab95fc5794e0c972868495971c50a33', 'sha1': '216e759d3bcf9fc9b57e40095248d2d72d3115b7', 'sha256': '3bc9b801a8b4139709f4d382761c51842526b41a38ad81f0843cf0ff2d517ee6'}, 'dob': {'date': '1947-09-15T04:31:49.692Z', 'age': 76}, 'registered': {'date': '2004-12-31T16:39:51.618Z', 'age': 19}, 'phone': '(689) 845 6292', 'cell': '(658) 160 3751', 'id': {'name': 'NSS', 'value': '10 81 31 7377 3'}, 'picture': {'large': 'https://randomuser.me/api/portraits/men/25.jpg', 'medium': 'https://randomuser.me/api/portraits/med/men/25.jpg', 'thumbnail': 'https://randomuser.me/api/portraits/thumb/men/25.jpg'}, 'nat': 'MX'}</msg>
<arg>${json_data['results'][0]}</arg>
<doc>Logs the given message with the given level.</doc>
<status status="PASS" start="2024-04-23T08:17:35.347594" elapsed="0.000426"/>
</kw>
<kw name="Log" owner="BuiltIn">
<msg time="2024-04-23T08:17:35.348444" level="INFO">location</msg>
<arg>${key}</arg>
<doc>Logs the given message with the given level.</doc>
<status status="PASS" start="2024-04-23T08:17:35.348316" elapsed="0.000168"/>
</kw>
<var name="${key}">location</var>
<status status="PASS" start="2024-04-23T08:17:35.346701" elapsed="0.001997"/>
</iter>
<iter>
<kw name="Dictionary Should Contain Key" owner="Collections">
<msg time="2024-04-23T08:17:35.349374" level="INFO">False</msg>
<arg>${json_data['results'][0]}</arg>
<arg>${key}</arg>
<doc>Fails if ``key`` is not found from ``dictionary``.</doc>
<status status="PASS" start="2024-04-23T08:17:35.348987" elapsed="0.000425"/>
</kw>
<kw name="Log" owner="BuiltIn">
<msg time="2024-04-23T08:17:35.350078" level="INFO">{'gender': 'male', 'name': {'title': 'Mr', 'first': 'José Carlos', 'last': 'Cuellar'}, 'location': {'street': {'number': 894, 'name': 'Continuación Zamora'}, 'city': 'San Sebastián', 'state': 'Quintana Roo', 'country': 'Mexico', 'postcode': 14322, 'coordinates': {'latitude': '29.3176', 'longitude': '-169.7061'}, 'timezone': {'offset': '-2:00', 'description': 'Mid-Atlantic'}}, 'email': 'josecarlos.cuellar@example.com', 'login': {'uuid': '84518cb0-d0c1-4903-9a9b-d024dec78a4f', 'username': 'purplepanda851', 'password': 'nipper', 'salt': '1dVdJbmJ', 'md5': '3ab95fc5794e0c972868495971c50a33', 'sha1': '216e759d3bcf9fc9b57e40095248d2d72d3115b7', 'sha256': '3bc9b801a8b4139709f4d382761c51842526b41a38ad81f0843cf0ff2d517ee6'}, 'dob': {'date': '1947-09-15T04:31:49.692Z', 'age': 76}, 'registered': {'date': '2004-12-31T16:39:51.618Z', 'age': 19}, 'phone': '(689) 845 6292', 'cell': '(658) 160 3751', 'id': {'name': 'NSS', 'value': '10 81 31 7377 3'}, 'picture': {'large': 'https://randomuser.me/api/portraits/men/25.jpg', 'medium': 'https://randomuser.me/api/portraits/med/men/25.jpg', 'thumbnail': 'https://randomuser.me/api/portraits/thumb/men/25.jpg'}, 'nat': 'MX'}</msg>
<arg>${json_data['results'][0]}</arg>
<doc>Logs the given message with the given level.</doc>
<status status="PASS" start="2024-04-23T08:17:35.349711" elapsed="0.000416"/>
</kw>
<kw name="Log" owner="BuiltIn">
<msg time="2024-04-23T08:17:35.350547" level="INFO">email</msg>
<arg>${key}</arg>
<doc>Logs the given message with the given level.</doc>
<status status="PASS" start="2024-04-23T08:17:35.350419" elapsed="0.000166"/>
</kw>
<var name="${key}">email</var>
<status status="PASS" start="2024-04-23T08:17:35.348875" elapsed="0.001918"/>
</iter>
<iter>
<kw name="Dictionary Should Contain Key" owner="Collections">
<msg time="2024-04-23T08:17:35.351499" level="INFO">False</msg>
<arg>${json_data['results'][0]}</arg>
<arg>${key}</arg>
<doc>Fails if ``key`` is not found from ``dictionary``.</doc>
<status status="PASS" start="2024-04-23T08:17:35.351073" elapsed="0.000464"/>
</kw>
<kw name="Log" owner="BuiltIn">
<msg time="2024-04-23T08:17:35.352206" level="INFO">{'gender': 'male', 'name': {'title': 'Mr', 'first': 'José Carlos', 'last': 'Cuellar'}, 'location': {'street': {'number': 894, 'name': 'Continuación Zamora'}, 'city': 'San Sebastián', 'state': 'Quintana Roo', 'country': 'Mexico', 'postcode': 14322, 'coordinates': {'latitude': '29.3176', 'longitude': '-169.7061'}, 'timezone': {'offset': '-2:00', 'description': 'Mid-Atlantic'}}, 'email': 'josecarlos.cuellar@example.com', 'login': {'uuid': '84518cb0-d0c1-4903-9a9b-d024dec78a4f', 'username': 'purplepanda851', 'password': 'nipper', 'salt': '1dVdJbmJ', 'md5': '3ab95fc5794e0c972868495971c50a33', 'sha1': '216e759d3bcf9fc9b57e40095248d2d72d3115b7', 'sha256': '3bc9b801a8b4139709f4d382761c51842526b41a38ad81f0843cf0ff2d517ee6'}, 'dob': {'date': '1947-09-15T04:31:49.692Z', 'age': 76}, 'registered': {'date': '2004-12-31T16:39:51.618Z', 'age': 19}, 'phone': '(689) 845 6292', 'cell': '(658) 160 3751', 'id': {'name': 'NSS', 'value': '10 81 31 7377 3'}, 'picture': {'large': 'https://randomuser.me/api/portraits/men/25.jpg', 'medium': 'https://randomuser.me/api/portraits/med/men/25.jpg', 'thumbnail': 'https://randomuser.me/api/portraits/thumb/men/25.jpg'}, 'nat': 'MX'}</msg>
<arg>${json_data['results'][0]}</arg>
<doc>Logs the given message with the given level.</doc>
<status status="PASS" start="2024-04-23T08:17:35.351833" elapsed="0.000423"/>
</kw>
<kw name="Log" owner="BuiltIn">
<msg time="2024-04-23T08:17:35.352683" level="INFO">login</msg>
<arg>${key}</arg>
<doc>Logs the given message with the given level.</doc>
<status status="PASS" start="2024-04-23T08:17:35.352553" elapsed="0.000168"/>
</kw>
<var name="${key}">login</var>
<status status="PASS" start="2024-04-23T08:17:35.350964" elapsed="0.001998"/>
</iter>
<var>${key}</var>
<value>@{expected_keys}</value>
<status status="PASS" start="2024-04-23T08:17:35.342074" elapsed="0.011012"/>
</for>
<kw name="Create List" owner="BuiltIn">
<msg time="2024-04-23T08:17:35.353422" level="INFO">${expected_keysTwo} = ['username', 'password']</msg>
<var>${expected_keysTwo}</var>
<arg>username</arg>
<arg>password</arg>
<doc>Returns a list containing given items.</doc>
<status status="PASS" start="2024-04-23T08:17:35.353283" elapsed="0.000163"/>
</kw>
<for flavor="IN">
<iter>
<kw name="Dictionary Should Contain Key" owner="Collections">
<msg time="2024-04-23T08:17:35.354356" level="INFO">False</msg>
<arg>${json_data['results'][0]['login']}</arg>
<arg>${keyTwo}</arg>
<doc>Fails if ``key`` is not found from ``dictionary``.</doc>
<status status="PASS" start="2024-04-23T08:17:35.353957" elapsed="0.000437"/>
</kw>
<kw name="Dictionary Should Contain Key" owner="Collections">
<msg time="2024-04-23T08:17:35.355070" level="INFO">False</msg>
<arg>${json_data['results'][0]['login']}</arg>
<arg>${keyTwo}</arg>
<doc>Fails if ``key`` is not found from ``dictionary``.</doc>
<status status="PASS" start="2024-04-23T08:17:35.354689" elapsed="0.000419"/>
</kw>
<kw name="Log" owner="BuiltIn">
<msg time="2024-04-23T08:17:35.355576" level="INFO">username</msg>
<arg>${keyTwo}</arg>
<doc>Logs the given message with the given level.</doc>
<status status="PASS" start="2024-04-23T08:17:35.355444" elapsed="0.000177"/>
</kw>
<var name="${keyTwo}">username</var>
<status status="PASS" start="2024-04-23T08:17:35.353847" elapsed="0.001989"/>
</iter>
<iter>
<kw name="Dictionary Should Contain Key" owner="Collections">
<msg time="2024-04-23T08:17:35.356591" level="INFO">False</msg>
<arg>${json_data['results'][0]['login']}</arg>
<arg>${keyTwo}</arg>
<doc>Fails if ``key`` is not found from ``dictionary``.</doc>
<status status="PASS" start="2024-04-23T08:17:35.356118" elapsed="0.000519"/>
</kw>
<kw name="Dictionary Should Contain Key" owner="Collections">
<msg time="2024-04-23T08:17:35.357319" level="INFO">False</msg>
<arg>${json_data['results'][0]['login']}</arg>
<arg>${keyTwo}</arg>
<doc>Fails if ``key`` is not found from ``dictionary``.</doc>
<status status="PASS" start="2024-04-23T08:17:35.356937" elapsed="0.000420"/>
</kw>
<kw name="Log" owner="BuiltIn">
<msg time="2024-04-23T08:17:35.357777" level="INFO">password</msg>
<arg>${keyTwo}</arg>
<doc>Logs the given message with the given level.</doc>
<status status="PASS" start="2024-04-23T08:17:35.357649" elapsed="0.000166"/>
</kw>
<var name="${keyTwo}">password</var>
<status status="PASS" start="2024-04-23T08:17:35.356007" elapsed="0.002026"/>
</iter>
<var>${keyTwo}</var>
<value>@{expected_keysTwo}</value>
<status status="PASS" start="2024-04-23T08:17:35.353690" elapsed="0.004466"/>
</for>
<status status="PASS" start="2024-04-23T08:17:35.251834" elapsed="0.106465"/>
</kw>
<doc>Testa a estrutura da resposta da API.</doc>
<tag>testeEstruturaResposta</tag>
<status status="PASS" start="2024-04-23T08:17:35.251288" elapsed="0.107174"/>
</test>
<test id="s1-s1-t4" name="Validar tipos de dados" line="28">
<kw name="Teste de Tipos de Dados" owner="random-user-service">
<kw name="GET On Session" owner="RequestsLibrary">
<msg time="2024-04-23T08:17:35.446601" level="INFO">GET Request : url=https://randomuser.me/api 
 path_url=/api 
 headers={'User-Agent': 'python-requests/2.31.0', 'Accept-Encoding': 'gzip, deflate', 'Accept': '*/*', 'Connection': 'keep-alive'} 
 body=None 
 </msg>
<msg time="2024-04-23T08:17:35.446702" level="INFO">GET Response : url=https://randomuser.me/api 
 status=200, reason=OK 
 headers={'Date': 'Tue, 23 Apr 2024 08:17:35 GMT', 'Content-Type': 'application/json; charset=utf-8', 'Transfer-Encoding': 'chunked', 'Connection': 'keep-alive', 'X-Powered-By': 'Express', 'Access-Control-Allow-Origin': '*', 'Cache-Control': 'no-cache', 'ETag': 'W/"470-F3FkT+8mNpfIMXFPYwwV8WTCgio"', 'Vary': 'Accept-Encoding', 'Content-Encoding': 'gzip', 'CF-Cache-Status': 'DYNAMIC', 'Report-To': '{"endpoints":[{"url":"https:\\/\\/a.nel.cloudflare.com\\/report\\/v4?s=FjiVjAmaZagGHR3Sxt8p1or3fgF%2Faly0Kp46WqQD%2FIfavjnJgtZHh5sD5kTaH961XzzNHtEgGLPO%2FnKRWcr%2F5ac%2B1avkPYK%2F4JciSC%2BBPCps496UVMZU5IfTlt1c6TU9"}],"group":"cf-nel","max_age":604800}', 'NEL': '{"success_fraction":0,"report_to":"cf-nel","max_age":604800}', 'Server': 'cloudflare', 'CF-RAY': '878c6b0408fff94b-SJC', 'alt-svc': 'h3=":443"; ma=86400'} 
 body={"results":[{"gender":"male","name":{"title":"Mr","first":"Kuzey","last":"Tokgöz"},"location":{"street":{"number":7815,"name":"Anafartalar Cd"},"city":"Siirt","state":"Edirne","country":"Turkey","postcode":94997,"coordinates":{"latitude":"72.5192","longitude":"-118.8949"},"timezone":{"offset":"-11:00","description":"Midway Island, Samoa"}},"email":"kuzey.tokgoz@example.com","login":{"uuid":"8c0c1b4f-520a-4e70-a367-ad81c26107e7","username":"happyladybug696","password":"chuang","salt":"xiaQ4Eby","md5":"3293ce8e5658a9bf364d0e20ac647dc4","sha1":"e7f3e41b4d649dbe15da35eda1ecaa507b3d0350","sha256":"0e93ac675094565231a523f6600326cb41ac978b51df2592d8d832e52641fb5d"},"dob":{"date":"1993-09-21T07:47:07.471Z","age":30},"registered":{"date":"2012-07-05T05:19:54.352Z","age":11},"phone":"(713)-004-9467","cell":"(513)-243-5567","id":{"name":"","value":null},"picture":{"large":"https://randomuser.me/api/portraits/men/7.jpg","medium":"https://randomuser.me/api/portraits/med/men/7.jpg","thumbnail":"https://randomuser.me/api/portraits/thumb/men/7.jpg"},"nat":"TR"}],"info":{"seed":"2dc1291a81bb5e6b","results":1,"page":1,"version":"1.4"}} 
 </msg>
<msg time="2024-04-23T08:17:35.446777" level="INFO">/opt/hostedtoolcache/Python/3.12.3/x64/lib/python3.12/site-packages/urllib3/connectionpool.py:1103: InsecureRequestWarning: Unverified HTTPS request is being made to host 'randomuser.me'. Adding certificate verification is strongly advised. See: https://urllib3.readthedocs.io/en/latest/advanced-usage.html#tls-warnings
  warnings.warn(</msg>
<msg time="2024-04-23T08:17:35.446906" level="INFO">${response} = &lt;Response [200]&gt;</msg>
<var>${response}</var>
<arg>consultarAPI</arg>
<arg>/api</arg>
<doc>Sends a GET request on a previously created HTTP Session.</doc>
<status status="PASS" start="2024-04-23T08:17:35.361047" elapsed="0.085903"/>
</kw>
<kw name="Set Variable" owner="BuiltIn">
<msg time="2024-04-23T08:17:35.448087" level="INFO">${json_data} = {'results': [{'gender': 'male', 'name': {'title': 'Mr', 'first': 'Kuzey', 'last': 'Tokgöz'}, 'location': {'street': {'number': 7815, 'name': 'Anafartalar Cd'}, 'city': 'Siirt', 'state': 'Edirne', 'cou...</msg>
<var>${json_data}</var>
<arg>${response.json()}</arg>
<doc>Returns the given values which can then be assigned to a variables.</doc>
<status status="PASS" start="2024-04-23T08:17:35.447553" elapsed="0.000564"/>
</kw>
<kw name="Log" owner="BuiltIn">
<msg time="2024-04-23T08:17:35.448594" level="INFO">{'results': [{'gender': 'male', 'name': {'title': 'Mr', 'first': 'Kuzey', 'last': 'Tokgöz'}, 'location': {'street': {'number': 7815, 'name': 'Anafartalar Cd'}, 'city': 'Siirt', 'state': 'Edirne', 'country': 'Turkey', 'postcode': 94997, 'coordinates': {'latitude': '72.5192', 'longitude': '-118.8949'}, 'timezone': {'offset': '-11:00', 'description': 'Midway Island, Samoa'}}, 'email': 'kuzey.tokgoz@example.com', 'login': {'uuid': '8c0c1b4f-520a-4e70-a367-ad81c26107e7', 'username': 'happyladybug696', 'password': 'chuang', 'salt': 'xiaQ4Eby', 'md5': '3293ce8e5658a9bf364d0e20ac647dc4', 'sha1': 'e7f3e41b4d649dbe15da35eda1ecaa507b3d0350', 'sha256': '0e93ac675094565231a523f6600326cb41ac978b51df2592d8d832e52641fb5d'}, 'dob': {'date': '1993-09-21T07:47:07.471Z', 'age': 30}, 'registered': {'date': '2012-07-05T05:19:54.352Z', 'age': 11}, 'phone': '(713)-004-9467', 'cell': '(513)-243-5567', 'id': {'name': '', 'value': None}, 'picture': {'large': 'https://randomuser.me/api/portraits/men/7.jpg', 'medium': 'https://randomuser.me/api/portraits/med/men/7.jpg', 'thumbnail': 'https://randomuser.me/api/portraits/thumb/men/7.jpg'}, 'nat': 'TR'}], 'info': {'seed': '2dc1291a81bb5e6b', 'results': 1, 'page': 1, 'version': '1.4'}}</msg>
<arg>${json_data}</arg>
<doc>Logs the given message with the given level.</doc>
<status status="PASS" start="2024-04-23T08:17:35.448432" elapsed="0.000251"/>
</kw>
<kw name="Should Be String" owner="String">
<arg>${json_data['results'][0]['gender']}</arg>
<doc>Fails if the given ``item`` is not a string.</doc>
<status status="PASS" start="2024-04-23T08:17:35.448990" elapsed="0.000369"/>
</kw>
<kw name="Should Match Regexp" owner="BuiltIn">
<arg>${json_data['results'][0]['email']}</arg>
<arg>^[a-zA-Z0-9._%+-]+@[a-zA-Z0-9.-]+\.[a-zA-Z]{2,}$</arg>
<doc>Fails if ``string`` does not match ``pattern`` as a regular expression.</doc>
<status status="PASS" start="2024-04-23T08:17:35.449554" elapsed="0.000530"/>
</kw>
<kw name="Should Match Regexp" owner="BuiltIn">
<arg>${json_data['results'][0]['dob']['date']}</arg>
<arg>\\d{4}-\\d{2}-\\d{2}T\\d{2}:\\d{2}:\\d{2}\\.\\d{3}Z</arg>
<doc>Fails if ``string`` does not match ``pattern`` as a regular expression.</doc>
<status status="PASS" start="2024-04-23T08:17:35.450281" elapsed="0.000491"/>
</kw>
<kw name="Should Match Regexp" owner="BuiltIn">
<arg>${json_data['results'][0]['registered']['date']}</arg>
<arg>\\d{4}-\\d{2}-\\d{2}T\\d{2}:\\d{2}:\\d{2}\\.\\d{3}Z</arg>
<doc>Fails if ``string`` does not match ``pattern`` as a regular expression.</doc>
<status status="PASS" start="2024-04-23T08:17:35.450966" elapsed="0.000418"/>
</kw>
<kw name="Should Match Regexp" owner="BuiltIn">
<arg>${json_data['results'][0]['picture']['large']}</arg>
<arg>^https?://.*\.(?:png|jpe?g|gif|bmp)$</arg>
<doc>Fails if ``string`` does not match ``pattern`` as a regular expression.</doc>
<status status="PASS" start="2024-04-23T08:17:35.451576" elapsed="0.000481"/>
</kw>
<kw name="Should Match Regexp" owner="BuiltIn">
<arg>${json_data['results'][0]['picture']['medium']}</arg>
<arg>^https?://.*\.(?:png|jpe?g|gif|bmp)$</arg>
<doc>Fails if ``string`` does not match ``pattern`` as a regular expression.</doc>
<status status="PASS" start="2024-04-23T08:17:35.452249" elapsed="0.000368"/>
</kw>
<kw name="Should Match Regexp" owner="BuiltIn">
<arg>${json_data['results'][0]['picture']['thumbnail']}</arg>
<arg>^https?://.*\.(?:png|jpe?g|gif|bmp)$</arg>
<doc>Fails if ``string`` does not match ``pattern`` as a regular expression.</doc>
<status status="PASS" start="2024-04-23T08:17:35.452810" elapsed="0.000352"/>
</kw>
<kw name="Log" owner="BuiltIn">
<msg time="2024-04-23T08:17:35.453673" level="INFO">{'large': 'https://randomuser.me/api/portraits/men/7.jpg', 'medium': 'https://randomuser.me/api/portraits/med/men/7.jpg', 'thumbnail': 'https://randomuser.me/api/portraits/thumb/men/7.jpg'}</msg>
<arg>${json_data['results'][0]['picture']}</arg>
<doc>Logs the given message with the given level.</doc>
<status status="PASS" start="2024-04-23T08:17:35.453345" elapsed="0.000371"/>
</kw>
<status status="PASS" start="2024-04-23T08:17:35.360815" elapsed="0.093162"/>
</kw>
<kw name="Teste de Tipos de Dados - Postcode" owner="random-user-service">
<kw name="GET On Session" owner="RequestsLibrary">
<msg time="2024-04-23T08:17:35.546657" level="INFO">GET Request : url=https://randomuser.me/api 
 path_url=/api 
 headers={'User-Agent': 'python-requests/2.31.0', 'Accept-Encoding': 'gzip, deflate', 'Accept': '*/*', 'Connection': 'keep-alive'} 
 body=None 
 </msg>
<msg time="2024-04-23T08:17:35.546756" level="INFO">GET Response : url=https://randomuser.me/api 
 status=200, reason=OK 
 headers={'Date': 'Tue, 23 Apr 2024 08:17:35 GMT', 'Content-Type': 'application/json; charset=utf-8', 'Transfer-Encoding': 'chunked', 'Connection': 'keep-alive', 'X-Powered-By': 'Express', 'Access-Control-Allow-Origin': '*', 'Cache-Control': 'no-cache', 'ETag': 'W/"497-K/zS3Hci2JtBf95wgujBNSrHISg"', 'Vary': 'Accept-Encoding', 'Content-Encoding': 'gzip', 'CF-Cache-Status': 'DYNAMIC', 'Report-To': '{"endpoints":[{"url":"https:\\/\\/a.nel.cloudflare.com\\/report\\/v4?s=gvCC%2Br7AkR%2FYAhGJPcJ9amG%2BPh%2FrfMtzVqUg%2B52BwfD8nH0fBBbZt8l9H5i3uCPIb68xAZUOJBQasKWtYRWYqusDEYECuIASs2fUy5M%2BcJ%2FsY%2FgjpoSmy5aUXPhUt1y3"}],"group":"cf-nel","max_age":604800}', 'NEL': '{"success_fraction":0,"report_to":"cf-nel","max_age":604800}', 'Server': 'cloudflare', 'CF-RAY': '878c6b04995ff94b-SJC', 'alt-svc': 'h3=":443"; ma=86400'} 
 body={"results":[{"gender":"female","name":{"title":"Mrs","first":"Filomena","last":"Novaes"},"location":{"street":{"number":1341,"name":"Rua Piauí "},"city":"Jaraguá do Sul","state":"Tocantins","country":"Brazil","postcode":40149,"coordinates":{"latitude":"-75.2169","longitude":"11.1086"},"timezone":{"offset":"-12:00","description":"Eniwetok, Kwajalein"}},"email":"filomena.novaes@example.com","login":{"uuid":"5b70287f-5781-4ebc-8bc6-5e185bdf768a","username":"happyfrog909","password":"rockhard","salt":"DGd6TVXR","md5":"c2f889dffc7f5eced51bb4dd7a049c39","sha1":"eac0cf4036b281637076c66bc442ace0602ee387","sha256":"ef478c0042f424838998b8667cbc3b9c0c07183976025cf37c46c4a65dbce790"},"dob":{"date":"1948-04-25T20:47:39.038Z","age":75},"registered":{"date":"2012-07-23T12:25:22.208Z","age":11},"phone":"(78) 9445-6672","cell":"(79) 6140-4748","id":{"name":"CPF","value":"791.460.163-08"},"picture":{"large":"https://randomuser.me/api/portraits/women/30.jpg","medium":"https://randomuser.me/api/portraits/med/women/30.jpg","thumbnail":"https://randomuser.me/api/portraits/thumb/women/30.jpg"},"nat":"BR"}],"info":{"seed":"5c16c323c159326c","results":1,"page":1,"version":"1.4"}} 
 </msg>
<msg time="2024-04-23T08:17:35.546832" level="INFO">/opt/hostedtoolcache/Python/3.12.3/x64/lib/python3.12/site-packages/urllib3/connectionpool.py:1103: InsecureRequestWarning: Unverified HTTPS request is being made to host 'randomuser.me'. Adding certificate verification is strongly advised. See: https://urllib3.readthedocs.io/en/latest/advanced-usage.html#tls-warnings
  warnings.warn(</msg>
<msg time="2024-04-23T08:17:35.546954" level="INFO">${response} = &lt;Response [200]&gt;</msg>
<var>${response}</var>
<arg>consultarAPI</arg>
<arg>/api</arg>
<doc>Sends a GET request on a previously created HTTP Session.</doc>
<status status="PASS" start="2024-04-23T08:17:35.454452" elapsed="0.092529"/>
</kw>
<kw name="Set Variable" owner="BuiltIn">
<msg time="2024-04-23T08:17:35.548166" level="INFO">${json_data} = {'results': [{'gender': 'female', 'name': {'title': 'Mrs', 'first': 'Filomena', 'last': 'Novaes'}, 'location': {'street': {'number': 1341, 'name': 'Rua Piauí '}, 'city': 'Jaraguá do Sul', 'state': 'To...</msg>
<var>${json_data}</var>
<arg>${response.json()}</arg>
<doc>Returns the given values which can then be assigned to a variables.</doc>
<status status="PASS" start="2024-04-23T08:17:35.547617" elapsed="0.000579"/>
</kw>
<kw name="Log" owner="BuiltIn">
<msg time="2024-04-23T08:17:35.548674" level="INFO">{'results': [{'gender': 'female', 'name': {'title': 'Mrs', 'first': 'Filomena', 'last': 'Novaes'}, 'location': {'street': {'number': 1341, 'name': 'Rua Piauí '}, 'city': 'Jaraguá do Sul', 'state': 'Tocantins', 'country': 'Brazil', 'postcode': 40149, 'coordinates': {'latitude': '-75.2169', 'longitude': '11.1086'}, 'timezone': {'offset': '-12:00', 'description': 'Eniwetok, Kwajalein'}}, 'email': 'filomena.novaes@example.com', 'login': {'uuid': '5b70287f-5781-4ebc-8bc6-5e185bdf768a', 'username': 'happyfrog909', 'password': 'rockhard', 'salt': 'DGd6TVXR', 'md5': 'c2f889dffc7f5eced51bb4dd7a049c39', 'sha1': 'eac0cf4036b281637076c66bc442ace0602ee387', 'sha256': 'ef478c0042f424838998b8667cbc3b9c0c07183976025cf37c46c4a65dbce790'}, 'dob': {'date': '1948-04-25T20:47:39.038Z', 'age': 75}, 'registered': {'date': '2012-07-23T12:25:22.208Z', 'age': 11}, 'phone': '(78) 9445-6672', 'cell': '(79) 6140-4748', 'id': {'name': 'CPF', 'value': '791.460.163-08'}, 'picture': {'large': 'https://randomuser.me/api/portraits/women/30.jpg', 'medium': 'https://randomuser.me/api/portraits/med/women/30.jpg', 'thumbnail': 'https://randomuser.me/api/portraits/thumb/women/30.jpg'}, 'nat': 'BR'}], 'info': {'seed': '5c16c323c159326c', 'results': 1, 'page': 1, 'version': '1.4'}}</msg>
<arg>${json_data}</arg>
<doc>Logs the given message with the given level.</doc>
<status status="PASS" start="2024-04-23T08:17:35.548509" elapsed="0.000250"/>
</kw>
<kw name="Should Be Equal As Numbers" owner="BuiltIn">
<arg>${json_data['results'][0]['location']['postcode']}</arg>
<arg>${json_data['results'][0]['location']['postcode']}</arg>
<doc>Fails if objects are unequal after converting them to real numbers.</doc>
<status status="PASS" start="2024-04-23T08:17:35.549272" elapsed="0.000637"/>
</kw>
<kw name="Log" owner="BuiltIn">
<msg time="2024-04-23T08:17:35.550455" level="INFO">40149</msg>
<arg>${json_data['results'][0]['location']['postcode']}</arg>
<doc>Logs the given message with the given level.</doc>
<status status="PASS" start="2024-04-23T08:17:35.550113" elapsed="0.000383"/>
</kw>
<status status="PASS" start="2024-04-23T08:17:35.454210" elapsed="0.096541"/>
</kw>
<doc>Testa se os tipos de dados na resposta da API estão corretos.</doc>
<tag>testeTiposDados</tag>
<status status="PASS" start="2024-04-23T08:17:35.360335" elapsed="0.190588"/>
</test>
<test id="s1-s1-t5" name="Validar conteudo" line="35">
<kw name="Teste de Tipos de Conteudo" owner="random-user-service">
<kw name="GET On Session" owner="RequestsLibrary">
<msg time="2024-04-23T08:17:35.645437" level="INFO">GET Request : url=https://randomuser.me/api 
 path_url=/api 
 headers={'User-Agent': 'python-requests/2.31.0', 'Accept-Encoding': 'gzip, deflate', 'Accept': '*/*', 'Connection': 'keep-alive'} 
 body=None 
 </msg>
<msg time="2024-04-23T08:17:35.645572" level="INFO">GET Response : url=https://randomuser.me/api 
 status=200, reason=OK 
 headers={'Date': 'Tue, 23 Apr 2024 08:17:35 GMT', 'Content-Type': 'application/json; charset=utf-8', 'Transfer-Encoding': 'chunked', 'Connection': 'keep-alive', 'X-Powered-By': 'Express', 'Access-Control-Allow-Origin': '*', 'Cache-Control': 'no-cache', 'ETag': 'W/"484-602MFlc6d3wRzaiVUIqHZCgM/Vo"', 'Vary': 'Accept-Encoding', 'Content-Encoding': 'gzip', 'CF-Cache-Status': 'DYNAMIC', 'Report-To': '{"endpoints":[{"url":"https:\\/\\/a.nel.cloudflare.com\\/report\\/v4?s=LTLfRVSe90vtMet%2BfIUHQT1qD51Xgb06BjN9Vov5W0H9kKFMY%2BsAeqvP6wrtqURU7DI1mi7IBB66bLi6HHQ%2B%2FgEJbR7wI0P4uR%2FlkXsL62CrMwGi2TfsXW81oLoq%2Bckg"}],"group":"cf-nel","max_age":604800}', 'NEL': '{"success_fraction":0,"report_to":"cf-nel","max_age":604800}', 'Server': 'cloudflare', 'CF-RAY': '878c6b0539dcf94b-SJC', 'alt-svc': 'h3=":443"; ma=86400'} 
 body={"results":[{"gender":"male","name":{"title":"Mr","first":"Wieslaw","last":"Seel"},"location":{"street":{"number":8474,"name":"Marktplatz"},"city":"Wesermarsch","state":"Bayern","country":"Germany","postcode":84770,"coordinates":{"latitude":"-50.1576","longitude":"-174.5455"},"timezone":{"offset":"-1:00","description":"Azores, Cape Verde Islands"}},"email":"wieslaw.seel@example.com","login":{"uuid":"fd6d9f1d-f9e1-496d-9e3f-73eefe979a07","username":"bluewolf542","password":"valerie","salt":"0J5dKy1M","md5":"81127d12bcdd5f09f9f45a70f6b2db9d","sha1":"0fc2cebc31c4c424cb9d0fbe5f9acfc461878cca","sha256":"2d19caad6181dbaef627f23c6185c5819cc91c29771ba0e0be3d9b46181e6052"},"dob":{"date":"1955-05-15T02:11:44.207Z","age":68},"registered":{"date":"2020-10-18T10:35:20.029Z","age":3},"phone":"0996-4660423","cell":"0175-2305349","id":{"name":"SVNR","value":"60 140555 S 016"},"picture":{"large":"https://randomuser.me/api/portraits/men/91.jpg","medium":"https://randomuser.me/api/portraits/med/men/91.jpg","thumbnail":"https://randomuser.me/api/portraits/thumb/men/91.jpg"},"nat":"DE"}],"info":{"seed":"7de40818c79dee42","results":1,"page":1,"version":"1.4"}} 
 </msg>
<msg time="2024-04-23T08:17:35.645674" level="INFO">/opt/hostedtoolcache/Python/3.12.3/x64/lib/python3.12/site-packages/urllib3/connectionpool.py:1103: InsecureRequestWarning: Unverified HTTPS request is being made to host 'randomuser.me'. Adding certificate verification is strongly advised. See: https://urllib3.readthedocs.io/en/latest/advanced-usage.html#tls-warnings
  warnings.warn(</msg>
<msg time="2024-04-23T08:17:35.645855" level="INFO">${response} = &lt;Response [200]&gt;</msg>
<var>${response}</var>
<arg>consultarAPI</arg>
<arg>/api</arg>
<doc>Sends a GET request on a previously created HTTP Session.</doc>
<status status="PASS" start="2024-04-23T08:17:35.553643" elapsed="0.092270"/>
</kw>
<kw name="Set Variable" owner="BuiltIn">
<msg time="2024-04-23T08:17:35.647150" level="INFO">${json_data} = {'results': [{'gender': 'male', 'name': {'title': 'Mr', 'first': 'Wieslaw', 'last': 'Seel'}, 'location': {'street': {'number': 8474, 'name': 'Marktplatz'}, 'city': 'Wesermarsch', 'state': 'Bayern', 'c...</msg>
<var>${json_data}</var>
<arg>${response.json()}</arg>
<doc>Returns the given values which can then be assigned to a variables.</doc>
<status status="PASS" start="2024-04-23T08:17:35.646618" elapsed="0.000562"/>
</kw>
<kw name="Set Variable" owner="BuiltIn">
<msg time="2024-04-23T08:17:35.647939" level="INFO">${name_title} = Mr</msg>
<var>${name_title}</var>
<arg>${json_data["results"][0]["name"]["title"]}</arg>
<doc>Returns the given values which can then be assigned to a variables.</doc>
<status status="PASS" start="2024-04-23T08:17:35.647539" elapsed="0.000426"/>
</kw>
<kw name="Create List" owner="BuiltIn">
<msg time="2024-04-23T08:17:35.648419" level="INFO">${allowed_titles} = ['Mr', 'Ms', 'Miss', 'Mrs', 'Madame', 'Monsieur']</msg>
<var>${allowed_titles}</var>
<arg>Mr</arg>
<arg>Ms</arg>
<arg>Miss</arg>
<arg>Mrs</arg>
<arg>Madame</arg>
<arg>Monsieur</arg>
<doc>Returns a list containing given items.</doc>
<status status="PASS" start="2024-04-23T08:17:35.648269" elapsed="0.000175"/>
</kw>
<kw name="List Should Contain Value" owner="Collections">
<msg time="2024-04-23T08:17:35.648919" level="INFO">False</msg>
<arg>${allowed_titles}</arg>
<arg>${name_title}</arg>
<doc>Fails if the ``value`` is not found from ``list``.</doc>
<status status="PASS" start="2024-04-23T08:17:35.648743" elapsed="0.000214"/>
</kw>
<kw name="Set Variable" owner="BuiltIn">
<msg time="2024-04-23T08:17:35.649624" level="INFO">${name_country} = DE</msg>
<var>${name_country}</var>
<arg>${json_data["results"][0]["nat"]}</arg>
<doc>Returns the given values which can then be assigned to a variables.</doc>
<status status="PASS" start="2024-04-23T08:17:35.649243" elapsed="0.000407"/>
</kw>
<kw name="Create List" owner="BuiltIn">
<msg time="2024-04-23T08:17:35.650549" level="INFO">${list_country} = ['AD', 'AE', 'AF', 'AG', 'AI', 'AL', 'AM', 'AO', 'AQ', 'AR', 'AS', 'AT', 'AU', 'AW', 'AX', 'AZ', 'BA', 'BB', 'BD', 'BE', 'BF', 'BG', 'BH', 'BI', 'BJ', 'BL', 'BM', 'BN', 'BO', 'BQ', 'BR', 'BS', 'BT', '...</msg>
<var>${list_country}</var>
<arg>AD</arg>
<arg>AE</arg>
<arg>AF</arg>
<arg>AG</arg>
<arg>AI</arg>
<arg>AL</arg>
<arg>AM</arg>
<arg>AO</arg>
<arg>AQ</arg>
<arg>AR</arg>
<arg>AS</arg>
<arg>AT</arg>
<arg>AU</arg>
<arg>AW</arg>
<arg>AX</arg>
<arg>AZ</arg>
<arg>BA</arg>
<arg>BB</arg>
<arg>BD</arg>
<arg>BE</arg>
<arg>BF</arg>
<arg>BG</arg>
<arg>BH</arg>
<arg>BI</arg>
<arg>BJ</arg>
<arg>BL</arg>
<arg>BM</arg>
<arg>BN</arg>
<arg>BO</arg>
<arg>BQ</arg>
<arg>BR</arg>
<arg>BS</arg>
<arg>BT</arg>
<arg>BV</arg>
<arg>BW</arg>
<arg>BY</arg>
<arg>BZ</arg>
<arg>CA</arg>
<arg>CC</arg>
<arg>CD</arg>
<arg>CF</arg>
<arg>CG</arg>
<arg>CH</arg>
<arg>CI</arg>
<arg>CK</arg>
<arg>CL</arg>
<arg>CM</arg>
<arg>CN</arg>
<arg>CO</arg>
<arg>CR</arg>
<arg>CU</arg>
<arg>CV</arg>
<arg>CW</arg>
<arg>CX</arg>
<arg>CY</arg>
<arg>CZ</arg>
<arg>DE</arg>
<arg>DJ</arg>
<arg>DK</arg>
<arg>DM</arg>
<arg>DO</arg>
<arg>DZ</arg>
<arg>EC</arg>
<arg>EE</arg>
<arg>EG</arg>
<arg>EH</arg>
<arg>ER</arg>
<arg>ES</arg>
<arg>ET</arg>
<arg>FI</arg>
<arg>FJ</arg>
<arg>FK</arg>
<arg>FM</arg>
<arg>FO</arg>
<arg>FR</arg>
<arg>GA</arg>
<arg>GB</arg>
<arg>GD</arg>
<arg>GE</arg>
<arg>GF</arg>
<arg>GG</arg>
<arg>GH</arg>
<arg>GI</arg>
<arg>GL</arg>
<arg>GM</arg>
<arg>GN</arg>
<arg>GP</arg>
<arg>GQ</arg>
<arg>GR</arg>
<arg>GS</arg>
<arg>GT</arg>
<arg>GU</arg>
<arg>GW</arg>
<arg>GY</arg>
<arg>HK</arg>
<arg>HM</arg>
<arg>HN</arg>
<arg>HR</arg>
<arg>HT</arg>
<arg>HU</arg>
<arg>ID</arg>
<arg>IE</arg>
<arg>IL</arg>
<arg>IM</arg>
<arg>IN</arg>
<arg>IO</arg>
<arg>IQ</arg>
<arg>IR</arg>
<arg>IS</arg>
<arg>IT</arg>
<arg>JE</arg>
<arg>JM</arg>
<arg>JO</arg>
<arg>JP</arg>
<arg>KE</arg>
<arg>KG</arg>
<arg>KH</arg>
<arg>KI</arg>
<arg>KM</arg>
<arg>KN</arg>
<arg>KP</arg>
<arg>KR</arg>
<arg>KW</arg>
<arg>KY</arg>
<arg>KZ</arg>
<arg>LA</arg>
<arg>LB</arg>
<arg>LC</arg>
<arg>LI</arg>
<arg>LK</arg>
<arg>LR</arg>
<arg>LS</arg>
<arg>LT</arg>
<arg>LU</arg>
<arg>LV</arg>
<arg>LY</arg>
<arg>MA</arg>
<arg>MC</arg>
<arg>MD</arg>
<arg>ME</arg>
<arg>MF</arg>
<arg>MG</arg>
<arg>MH</arg>
<arg>MK</arg>
<arg>ML</arg>
<arg>MM</arg>
<arg>MN</arg>
<arg>MO</arg>
<arg>MP</arg>
<arg>MQ</arg>
<arg>MR</arg>
<arg>MS</arg>
<arg>MT</arg>
<arg>MU</arg>
<arg>MV</arg>
<arg>MW</arg>
<arg>MX</arg>
<arg>MY</arg>
<arg>MZ</arg>
<arg>NA</arg>
<arg>NC</arg>
<arg>NE</arg>
<arg>NF</arg>
<arg>NG</arg>
<arg>NI</arg>
<arg>NL</arg>
<arg>NO</arg>
<arg>NP</arg>
<arg>NR</arg>
<arg>NU</arg>
<arg>NZ</arg>
<arg>OM</arg>
<arg>PA</arg>
<arg>PE</arg>
<arg>PF</arg>
<arg>PG</arg>
<arg>PH</arg>
<arg>PK</arg>
<arg>PL</arg>
<arg>PM</arg>
<arg>PN</arg>
<arg>PR</arg>
<arg>PS</arg>
<arg>PT</arg>
<arg>PW</arg>
<arg>PY</arg>
<arg>QA</arg>
<arg>RE</arg>
<arg>RO</arg>
<arg>RS</arg>
<arg>RU</arg>
<arg>RW</arg>
<arg>SA</arg>
<arg>SB</arg>
<arg>SC</arg>
<arg>SD</arg>
<arg>SE</arg>
<arg>SG</arg>
<arg>SH</arg>
<arg>SI</arg>
<arg>SJ</arg>
<arg>SK</arg>
<arg>SL</arg>
<arg>SM</arg>
<arg>SN</arg>
<arg>SO</arg>
<arg>SR</arg>
<arg>SS</arg>
<arg>ST</arg>
<arg>SV</arg>
<arg>SX</arg>
<arg>SY</arg>
<arg>SZ</arg>
<arg>TC</arg>
<arg>TD</arg>
<arg>TF</arg>
<arg>TG</arg>
<arg>TH</arg>
<arg>TJ</arg>
<arg>TK</arg>
<arg>TL</arg>
<arg>TM</arg>
<arg>TN</arg>
<arg>TO</arg>
<arg>TR</arg>
<arg>TT</arg>
<arg>TV</arg>
<arg>TW</arg>
<arg>TZ</arg>
<arg>UA</arg>
<arg>UG</arg>
<arg>UM</arg>
<arg>US</arg>
<arg>UY</arg>
<arg>UZ</arg>
<arg>VA</arg>
<arg>VC</arg>
<arg>VE</arg>
<arg>VG</arg>
<arg>VI</arg>
<arg>VN</arg>
<arg>VU</arg>
<arg>WF</arg>
<arg>WS</arg>
<arg>XK</arg>
<arg>YE</arg>
<arg>YT</arg>
<arg>ZA</arg>
<arg>ZM</arg>
<arg>ZW</arg>
<doc>Returns a list containing given items.</doc>
<status status="PASS" start="2024-04-23T08:17:35.649950" elapsed="0.000626"/>
</kw>
<kw name="List Should Contain Value" owner="Collections">
<msg time="2024-04-23T08:17:35.651607" level="INFO">False</msg>
<arg>${list_country}</arg>
<arg>${name_country}</arg>
<doc>Fails if the ``value`` is not found from ``list``.</doc>
<status status="PASS" start="2024-04-23T08:17:35.651406" elapsed="0.000237"/>
</kw>
<kw name="Run Keyword If" owner="BuiltIn">
<kw name="Should Be True" owner="BuiltIn">
<arg>${True}</arg>
<doc>Fails if the given condition is not true.</doc>
<status status="PASS" start="2024-04-23T08:17:35.652729" elapsed="0.000257"/>
</kw>
<arg>${json_data["results"][0]["location"]["coordinates"]["latitude"]} &gt;= -90 and ${json_data["results"][0]["location"]["coordinates"]["latitude"]} &lt;= 90</arg>
<arg>Should Be True</arg>
<arg>${True}</arg>
<doc>Runs the given keyword with the given arguments, if ``condition`` is true.</doc>
<status status="PASS" start="2024-04-23T08:17:35.651956" elapsed="0.001162"/>
</kw>
<kw name="Run Keyword If" owner="BuiltIn">
<kw name="Should Be True" owner="BuiltIn">
<arg>${True}</arg>
<doc>Fails if the given condition is not true.</doc>
<status status="PASS" start="2024-04-23T08:17:35.654014" elapsed="0.000138"/>
</kw>
<arg>${json_data["results"][0]["location"]["coordinates"]["longitude"]} &gt;= -180 and ${json_data["results"][0]["location"]["coordinates"]["longitude"]} &lt;= 180</arg>
<arg>Should Be True</arg>
<arg>${True}</arg>
<doc>Runs the given keyword with the given arguments, if ``condition`` is true.</doc>
<status status="PASS" start="2024-04-23T08:17:35.653306" elapsed="0.000970"/>
</kw>
<status status="PASS" start="2024-04-23T08:17:35.553393" elapsed="0.101015"/>
</kw>
<doc>Testa o conteúdo específico dos campos retornados pela API.</doc>
<tag>testeConteudo</tag>
<status status="PASS" start="2024-04-23T08:17:35.552772" elapsed="0.101789"/>
</test>
<status status="PASS" start="2024-04-23T08:17:34.775931" elapsed="0.880629"/>
</suite>
<status status="PASS" start="2024-04-23T08:17:34.759858" elapsed="0.901810"/>
</suite>
<statistics>
<total>
<stat pass="5" fail="0" skip="0">All Tests</stat>
</total>
<tag>
<stat pass="1" fail="0" skip="0">testeConteudo</stat>
<stat pass="1" fail="0" skip="0">testeEstruturaResposta</stat>
<stat pass="1" fail="0" skip="0">testeRequisicaoBasica</stat>
<stat pass="1" fail="0" skip="0">testeTiposDados</stat>
</tag>
<suite>
<stat pass="5" fail="0" skip="0" id="s1" name="Tests">Tests</stat>
<stat pass="5" fail="0" skip="0" id="s1-s1" name="Random-User-Test">Tests.Random-User-Test</stat>
</suite>
</statistics>
<errors>
</errors>
</robot>
