<?xml version="1.0" encoding="UTF-8"?>
<robot generator="Robot 7.0.1 (Python 3.12.4 on linux)" generated="2024-07-13T09:14:27.328499" rpa="false" schemaversion="5">
<suite id="s1" name="Tests" source="/home/runner/work/ApiRandomUser/ApiRandomUser/RamdonUser/tests">
<suite id="s1-s1" name="Random-User-Test" source="/home/runner/work/ApiRandomUser/ApiRandomUser/RamdonUser/tests/random-user-test.robot">
<test id="s1-s1-t1" name="Conectar" line="13">
<kw name="Conectar API" owner="random-user-service">
<kw name="Create Session" owner="RequestsLibrary">
<msg time="2024-07-13T09:14:27.713436" level="INFO">Creating Session using : alias=consultarAPI, url=https://randomuser.me/, headers={},                     cookies={}, auth=None, timeout=None, proxies=None, verify=False,                     debug=0 </msg>
<arg>consultarAPI</arg>
<arg>${URL}</arg>
<doc>Create Session: create a HTTP session to a server</doc>
<status status="PASS" start="2024-07-13T09:14:27.713208" elapsed="0.000401"/>
</kw>
<status status="PASS" start="2024-07-13T09:14:27.712277" elapsed="0.001685"/>
</kw>
<status status="PASS" start="2024-07-13T09:14:27.711678" elapsed="0.002474"/>
</test>
<test id="s1-s1-t2" name="Validar retorno 200 e JSON Válido" line="16">
<kw name="Teste de Requisicao Basica" owner="random-user-service">
<kw name="GET On Session" owner="RequestsLibrary">
<msg time="2024-07-13T09:14:27.957609" level="INFO">GET Request : url=https://randomuser.me/api 
 path_url=/api 
 headers={'User-Agent': 'python-requests/2.32.3', 'Accept-Encoding': 'gzip, deflate', 'Accept': '*/*', 'Connection': 'keep-alive'} 
 body=None 
 </msg>
<msg time="2024-07-13T09:14:27.957738" level="INFO">GET Response : url=https://randomuser.me/api 
 status=200, reason=OK 
 headers={'Date': 'Sat, 13 Jul 2024 09:14:27 GMT', 'Content-Type': 'application/json; charset=utf-8', 'Transfer-Encoding': 'chunked', 'Connection': 'keep-alive', 'X-Powered-By': 'Express', 'Access-Control-Allow-Origin': '*', 'Cache-Control': 'no-cache', 'ETag': 'W/"488-VM/M9TgirRfZICERZC9/UwO72n0"', 'Vary': 'Accept-Encoding', 'Content-Encoding': 'gzip', 'CF-Cache-Status': 'DYNAMIC', 'Report-To': '{"endpoints":[{"url":"https:\\/\\/a.nel.cloudflare.com\\/report\\/v4?s=EIQ8JrUqMu6Kr4HRbau9I%2BQo50ZU2%2FrYeIN7WsdldDe%2B1vrYuHwG90NdJrXdOA9x4fK9mofUEDXXkTKxiAb%2BFVYXLzKI2XuOqnA2JLaFMHdeqNtJZLqDb%2ByrxFPaIHlP"}],"group":"cf-nel","max_age":604800}', 'NEL': '{"success_fraction":0,"report_to":"cf-nel","max_age":604800}', 'Server': 'cloudflare', 'CF-RAY': '8a2829b3bb2a82c8-IAD', 'alt-svc': 'h3=":443"; ma=86400'} 
 body={"results":[{"gender":"male","name":{"title":"Mr","first":"Igor","last":"Konink"},"location":{"street":{"number":3622,"name":"De Vleugel"},"city":"Wanroij","state":"Friesland","country":"Netherlands","postcode":"0265 JZ","coordinates":{"latitude":"38.3592","longitude":"-155.1126"},"timezone":{"offset":"-7:00","description":"Mountain Time (US &amp; Canada)"}},"email":"igor.konink@example.com","login":{"uuid":"66356e3a-f538-432c-abe9-e233820da48b","username":"tinymeercat935","password":"playboy2","salt":"9xmHliUz","md5":"c6cd4cc64caa458da8ec6522f3764346","sha1":"99bf1c83099e35a8ff8c50207ef47285c0657d99","sha256":"7d5442c396e28448ba32624b25b2fd0239da4de47d299ffe0c451f32af4652bd"},"dob":{"date":"1952-07-30T18:35:40.199Z","age":71},"registered":{"date":"2007-02-19T02:52:50.318Z","age":17},"phone":"(0567) 094760","cell":"(06) 70958506","id":{"name":"BSN","value":"65320864"},"picture":{"large":"https://randomuser.me/api/portraits/men/23.jpg","medium":"https://randomuser.me/api/portraits/med/men/23.jpg","thumbnail":"https://randomuser.me/api/portraits/thumb/men/23.jpg"},"nat":"NL"}],"info":{"seed":"cc20de1ee494ff0f","results":1,"page":1,"version":"1.4"}} 
 </msg>
<msg time="2024-07-13T09:14:27.957819" level="INFO">/opt/hostedtoolcache/Python/3.12.4/x64/lib/python3.12/site-packages/urllib3/connectionpool.py:1099: InsecureRequestWarning: Unverified HTTPS request is being made to host 'randomuser.me'. Adding certificate verification is strongly advised. See: https://urllib3.readthedocs.io/en/latest/advanced-usage.html#tls-warnings
  warnings.warn(</msg>
<msg time="2024-07-13T09:14:27.957938" level="INFO">${response} = &lt;Response [200]&gt;</msg>
<var>${response}</var>
<arg>consultarAPI</arg>
<arg>/api</arg>
<doc>Sends a GET request on a previously created HTTP Session.</doc>
<status status="PASS" start="2024-07-13T09:14:27.716789" elapsed="0.241197"/>
</kw>
<kw name="Should Be Equal As Numbers" owner="BuiltIn">
<msg time="2024-07-13T09:14:27.958897" level="INFO">Argument types are:
&lt;class 'int'&gt;
&lt;class 'str'&gt;</msg>
<arg>${response.status_code}</arg>
<arg>200</arg>
<doc>Fails if objects are unequal after converting them to real numbers.</doc>
<status status="PASS" start="2024-07-13T09:14:27.958458" elapsed="0.000504"/>
</kw>
<kw name="Log" owner="BuiltIn">
<msg time="2024-07-13T09:14:27.959627" level="INFO">200</msg>
<arg>${response.status_code}</arg>
<doc>Logs the given message with the given level.</doc>
<status status="PASS" start="2024-07-13T09:14:27.959280" elapsed="0.000390"/>
</kw>
<kw name="Set Variable" owner="BuiltIn">
<msg time="2024-07-13T09:14:27.960406" level="INFO">${json_data} = {'results': [{'gender': 'male', 'name': {'title': 'Mr', 'first': 'Igor', 'last': 'Konink'}, 'location': {'street': {'number': 3622, 'name': 'De Vleugel'}, 'city': 'Wanroij', 'state': 'Friesland', 'cou...</msg>
<var>${json_data}</var>
<arg>${response.json()}</arg>
<doc>Returns the given values which can then be assigned to a variables.</doc>
<status status="PASS" start="2024-07-13T09:14:27.959978" elapsed="0.000457"/>
</kw>
<kw name="Dictionary Should Contain Key" owner="Collections">
<arg>${json_data}</arg>
<arg>results</arg>
<doc>Fails if ``key`` is not found from ``dictionary``.</doc>
<status status="PASS" start="2024-07-13T09:14:27.960732" elapsed="0.000164"/>
</kw>
<status status="PASS" start="2024-07-13T09:14:27.716542" elapsed="0.244510"/>
</kw>
<doc>Testa se a API responde corretamente e retorna um objeto JSON válido.</doc>
<tag>testeRequisicaoBasica</tag>
<status status="PASS" start="2024-07-13T09:14:27.716025" elapsed="0.245205"/>
</test>
<test id="s1-s1-t3" name="Validar estrutura de resposta" line="22">
<kw name="Teste de Estrutura de Resposta" owner="random-user-service">
<kw name="GET On Session" owner="RequestsLibrary">
<msg time="2024-07-13T09:14:28.006556" level="INFO">GET Request : url=https://randomuser.me/api 
 path_url=/api 
 headers={'User-Agent': 'python-requests/2.32.3', 'Accept-Encoding': 'gzip, deflate', 'Accept': '*/*', 'Connection': 'keep-alive'} 
 body=None 
 </msg>
<msg time="2024-07-13T09:14:28.006650" level="INFO">GET Response : url=https://randomuser.me/api 
 status=200, reason=OK 
 headers={'Date': 'Sat, 13 Jul 2024 09:14:28 GMT', 'Content-Type': 'application/json; charset=utf-8', 'Transfer-Encoding': 'chunked', 'Connection': 'keep-alive', 'X-Powered-By': 'Express', 'Access-Control-Allow-Origin': '*', 'Cache-Control': 'no-cache', 'ETag': 'W/"48d-dgyBzq/m3+ne+Tg1YG4aagxdxyY"', 'Vary': 'Accept-Encoding', 'Content-Encoding': 'gzip', 'CF-Cache-Status': 'DYNAMIC', 'Report-To': '{"endpoints":[{"url":"https:\\/\\/a.nel.cloudflare.com\\/report\\/v4?s=2X79kUGJhNSgBMWTIYjJHYEFScsAkmf21gfk21do4klZX6WU8osPNHmAyiH4ZwgRvT%2BAek0meJWXQWpLCePP9WFmGOzA%2BrvA%2FCF4QGqFD8HYvUCrifi4RGBCZvU0uzEq"}],"group":"cf-nel","max_age":604800}', 'NEL': '{"success_fraction":0,"report_to":"cf-nel","max_age":604800}', 'Server': 'cloudflare', 'CF-RAY': '8a2829b4cbf382c8-IAD', 'alt-svc': 'h3=":443"; ma=86400'} 
 body={"results":[{"gender":"female","name":{"title":"Miss","first":"النا","last":"کامروا"},"location":{"street":{"number":3900,"name":"شهید آقاسرمدیان"},"city":"پاکدشت","state":"زنجان","country":"Iran","postcode":18613,"coordinates":{"latitude":"20.4941","longitude":"58.3857"},"timezone":{"offset":"+9:30","description":"Adelaide, Darwin"}},"email":"ln.khmrw@example.com","login":{"uuid":"2c3e66d6-1eab-4f41-b5f5-888c10733d36","username":"goldenlion560","password":"wildcat","salt":"4OS0rfpu","md5":"30089c2f0f9e2a3bf7e17a5545f082dd","sha1":"8e96d0aab75211e7900c663aa30a6becc3a74ca5","sha256":"8bed449cdeab674b638c21bca3641573604fea81f5aa0571aa6a98c3f435ba31"},"dob":{"date":"1976-01-27T17:38:07.244Z","age":48},"registered":{"date":"2018-05-23T18:24:57.891Z","age":6},"phone":"004-21824275","cell":"0942-453-0513","id":{"name":"","value":null},"picture":{"large":"https://randomuser.me/api/portraits/women/10.jpg","medium":"https://randomuser.me/api/portraits/med/women/10.jpg","thumbnail":"https://randomuser.me/api/portraits/thumb/women/10.jpg"},"nat":"IR"}],"info":{"seed":"e3d6d02c9665673c","results":1,"page":1,"version":"1.4"}} 
 </msg>
<msg time="2024-07-13T09:14:28.006754" level="INFO">/opt/hostedtoolcache/Python/3.12.4/x64/lib/python3.12/site-packages/urllib3/connectionpool.py:1099: InsecureRequestWarning: Unverified HTTPS request is being made to host 'randomuser.me'. Adding certificate verification is strongly advised. See: https://urllib3.readthedocs.io/en/latest/advanced-usage.html#tls-warnings
  warnings.warn(</msg>
<msg time="2024-07-13T09:14:28.006849" level="INFO">${response} = &lt;Response [200]&gt;</msg>
<var>${response}</var>
<arg>consultarAPI</arg>
<arg>/api</arg>
<doc>Sends a GET request on a previously created HTTP Session.</doc>
<status status="PASS" start="2024-07-13T09:14:27.963928" elapsed="0.042964"/>
</kw>
<kw name="Set Variable" owner="BuiltIn">
<msg time="2024-07-13T09:14:28.007722" level="INFO">${json_data} = {'results': [{'gender': 'female', 'name': {'title': 'Miss', 'first': 'النا', 'last': 'کامروا'}, 'location': {'street': {'number': 3900, 'name': 'شهید آقاسرمدیان'}, 'city': 'پاکدشت', 'state': 'زنجان', ...</msg>
<var>${json_data}</var>
<arg>${response.json()}</arg>
<doc>Returns the given values which can then be assigned to a variables.</doc>
<status status="PASS" start="2024-07-13T09:14:28.007266" elapsed="0.000487"/>
</kw>
<kw name="Log" owner="BuiltIn">
<msg time="2024-07-13T09:14:28.008228" level="INFO">{'results': [{'gender': 'female', 'name': {'title': 'Miss', 'first': 'النا', 'last': 'کامروا'}, 'location': {'street': {'number': 3900, 'name': 'شهید آقاسرمدیان'}, 'city': 'پاکدشت', 'state': 'زنجان', 'country': 'Iran', 'postcode': 18613, 'coordinates': {'latitude': '20.4941', 'longitude': '58.3857'}, 'timezone': {'offset': '+9:30', 'description': 'Adelaide, Darwin'}}, 'email': 'ln.khmrw@example.com', 'login': {'uuid': '2c3e66d6-1eab-4f41-b5f5-888c10733d36', 'username': 'goldenlion560', 'password': 'wildcat', 'salt': '4OS0rfpu', 'md5': '30089c2f0f9e2a3bf7e17a5545f082dd', 'sha1': '8e96d0aab75211e7900c663aa30a6becc3a74ca5', 'sha256': '8bed449cdeab674b638c21bca3641573604fea81f5aa0571aa6a98c3f435ba31'}, 'dob': {'date': '1976-01-27T17:38:07.244Z', 'age': 48}, 'registered': {'date': '2018-05-23T18:24:57.891Z', 'age': 6}, 'phone': '004-21824275', 'cell': '0942-453-0513', 'id': {'name': '', 'value': None}, 'picture': {'large': 'https://randomuser.me/api/portraits/women/10.jpg', 'medium': 'https://randomuser.me/api/portraits/med/women/10.jpg', 'thumbnail': 'https://randomuser.me/api/portraits/thumb/women/10.jpg'}, 'nat': 'IR'}], 'info': {'seed': 'e3d6d02c9665673c', 'results': 1, 'page': 1, 'version': '1.4'}}</msg>
<arg>${json_data}</arg>
<doc>Logs the given message with the given level.</doc>
<status status="PASS" start="2024-07-13T09:14:28.008067" elapsed="0.000211"/>
</kw>
<kw name="Dictionary Should Contain Key" owner="Collections">
<arg>${json_data}</arg>
<arg>results</arg>
<doc>Fails if ``key`` is not found from ``dictionary``.</doc>
<status status="PASS" start="2024-07-13T09:14:28.008570" elapsed="0.000154"/>
</kw>
<kw name="Should Not Be Empty" owner="BuiltIn">
<msg time="2024-07-13T09:14:28.009045" level="INFO">Length is 2.</msg>
<arg>${json_data}</arg>
<doc>Verifies that the given item is not empty.</doc>
<status status="PASS" start="2024-07-13T09:14:28.008910" elapsed="0.000174"/>
</kw>
<kw name="Create List" owner="BuiltIn">
<msg time="2024-07-13T09:14:28.009692" level="INFO">${expected_keys} = ['gender', 'name', 'location', 'email', 'login']</msg>
<var>${expected_keys}</var>
<arg>gender</arg>
<arg>name</arg>
<arg>location</arg>
<arg>email</arg>
<arg>login</arg>
<doc>Returns a list containing given items.</doc>
<status status="PASS" start="2024-07-13T09:14:28.009407" elapsed="0.000311"/>
</kw>
<for flavor="IN">
<iter>
<kw name="Dictionary Should Contain Key" owner="Collections">
<arg>${json_data['results'][0]}</arg>
<arg>${key}</arg>
<doc>Fails if ``key`` is not found from ``dictionary``.</doc>
<status status="PASS" start="2024-07-13T09:14:28.010298" elapsed="0.000410"/>
</kw>
<kw name="Log" owner="BuiltIn">
<msg time="2024-07-13T09:14:28.011279" level="INFO">{'gender': 'female', 'name': {'title': 'Miss', 'first': 'النا', 'last': 'کامروا'}, 'location': {'street': {'number': 3900, 'name': 'شهید آقاسرمدیان'}, 'city': 'پاکدشت', 'state': 'زنجان', 'country': 'Iran', 'postcode': 18613, 'coordinates': {'latitude': '20.4941', 'longitude': '58.3857'}, 'timezone': {'offset': '+9:30', 'description': 'Adelaide, Darwin'}}, 'email': 'ln.khmrw@example.com', 'login': {'uuid': '2c3e66d6-1eab-4f41-b5f5-888c10733d36', 'username': 'goldenlion560', 'password': 'wildcat', 'salt': '4OS0rfpu', 'md5': '30089c2f0f9e2a3bf7e17a5545f082dd', 'sha1': '8e96d0aab75211e7900c663aa30a6becc3a74ca5', 'sha256': '8bed449cdeab674b638c21bca3641573604fea81f5aa0571aa6a98c3f435ba31'}, 'dob': {'date': '1976-01-27T17:38:07.244Z', 'age': 48}, 'registered': {'date': '2018-05-23T18:24:57.891Z', 'age': 6}, 'phone': '004-21824275', 'cell': '0942-453-0513', 'id': {'name': '', 'value': None}, 'picture': {'large': 'https://randomuser.me/api/portraits/women/10.jpg', 'medium': 'https://randomuser.me/api/portraits/med/women/10.jpg', 'thumbnail': 'https://randomuser.me/api/portraits/thumb/women/10.jpg'}, 'nat': 'IR'}</msg>
<arg>${json_data['results'][0]}</arg>
<doc>Logs the given message with the given level.</doc>
<status status="PASS" start="2024-07-13T09:14:28.010903" elapsed="0.000431"/>
</kw>
<kw name="Log" owner="BuiltIn">
<msg time="2024-07-13T09:14:28.011777" level="INFO">gender</msg>
<arg>${key}</arg>
<doc>Logs the given message with the given level.</doc>
<status status="PASS" start="2024-07-13T09:14:28.011645" elapsed="0.000173"/>
</kw>
<var name="${key}">gender</var>
<status status="PASS" start="2024-07-13T09:14:28.010170" elapsed="0.001870"/>
</iter>
<iter>
<kw name="Dictionary Should Contain Key" owner="Collections">
<arg>${json_data['results'][0]}</arg>
<arg>${key}</arg>
<doc>Fails if ``key`` is not found from ``dictionary``.</doc>
<status status="PASS" start="2024-07-13T09:14:28.012341" elapsed="0.000392"/>
</kw>
<kw name="Log" owner="BuiltIn">
<msg time="2024-07-13T09:14:28.013288" level="INFO">{'gender': 'female', 'name': {'title': 'Miss', 'first': 'النا', 'last': 'کامروا'}, 'location': {'street': {'number': 3900, 'name': 'شهید آقاسرمدیان'}, 'city': 'پاکدشت', 'state': 'زنجان', 'country': 'Iran', 'postcode': 18613, 'coordinates': {'latitude': '20.4941', 'longitude': '58.3857'}, 'timezone': {'offset': '+9:30', 'description': 'Adelaide, Darwin'}}, 'email': 'ln.khmrw@example.com', 'login': {'uuid': '2c3e66d6-1eab-4f41-b5f5-888c10733d36', 'username': 'goldenlion560', 'password': 'wildcat', 'salt': '4OS0rfpu', 'md5': '30089c2f0f9e2a3bf7e17a5545f082dd', 'sha1': '8e96d0aab75211e7900c663aa30a6becc3a74ca5', 'sha256': '8bed449cdeab674b638c21bca3641573604fea81f5aa0571aa6a98c3f435ba31'}, 'dob': {'date': '1976-01-27T17:38:07.244Z', 'age': 48}, 'registered': {'date': '2018-05-23T18:24:57.891Z', 'age': 6}, 'phone': '004-21824275', 'cell': '0942-453-0513', 'id': {'name': '', 'value': None}, 'picture': {'large': 'https://randomuser.me/api/portraits/women/10.jpg', 'medium': 'https://randomuser.me/api/portraits/med/women/10.jpg', 'thumbnail': 'https://randomuser.me/api/portraits/thumb/women/10.jpg'}, 'nat': 'IR'}</msg>
<arg>${json_data['results'][0]}</arg>
<doc>Logs the given message with the given level.</doc>
<status status="PASS" start="2024-07-13T09:14:28.012916" elapsed="0.000487"/>
</kw>
<kw name="Log" owner="BuiltIn">
<msg time="2024-07-13T09:14:28.013845" level="INFO">name</msg>
<arg>${key}</arg>
<doc>Logs the given message with the given level.</doc>
<status status="PASS" start="2024-07-13T09:14:28.013715" elapsed="0.000167"/>
</kw>
<var name="${key}">name</var>
<status status="PASS" start="2024-07-13T09:14:28.012228" elapsed="0.001875"/>
</iter>
<iter>
<kw name="Dictionary Should Contain Key" owner="Collections">
<arg>${json_data['results'][0]}</arg>
<arg>${key}</arg>
<doc>Fails if ``key`` is not found from ``dictionary``.</doc>
<status status="PASS" start="2024-07-13T09:14:28.014391" elapsed="0.000389"/>
</kw>
<kw name="Log" owner="BuiltIn">
<msg time="2024-07-13T09:14:28.015320" level="INFO">{'gender': 'female', 'name': {'title': 'Miss', 'first': 'النا', 'last': 'کامروا'}, 'location': {'street': {'number': 3900, 'name': 'شهید آقاسرمدیان'}, 'city': 'پاکدشت', 'state': 'زنجان', 'country': 'Iran', 'postcode': 18613, 'coordinates': {'latitude': '20.4941', 'longitude': '58.3857'}, 'timezone': {'offset': '+9:30', 'description': 'Adelaide, Darwin'}}, 'email': 'ln.khmrw@example.com', 'login': {'uuid': '2c3e66d6-1eab-4f41-b5f5-888c10733d36', 'username': 'goldenlion560', 'password': 'wildcat', 'salt': '4OS0rfpu', 'md5': '30089c2f0f9e2a3bf7e17a5545f082dd', 'sha1': '8e96d0aab75211e7900c663aa30a6becc3a74ca5', 'sha256': '8bed449cdeab674b638c21bca3641573604fea81f5aa0571aa6a98c3f435ba31'}, 'dob': {'date': '1976-01-27T17:38:07.244Z', 'age': 48}, 'registered': {'date': '2018-05-23T18:24:57.891Z', 'age': 6}, 'phone': '004-21824275', 'cell': '0942-453-0513', 'id': {'name': '', 'value': None}, 'picture': {'large': 'https://randomuser.me/api/portraits/women/10.jpg', 'medium': 'https://randomuser.me/api/portraits/med/women/10.jpg', 'thumbnail': 'https://randomuser.me/api/portraits/thumb/women/10.jpg'}, 'nat': 'IR'}</msg>
<arg>${json_data['results'][0]}</arg>
<doc>Logs the given message with the given level.</doc>
<status status="PASS" start="2024-07-13T09:14:28.014966" elapsed="0.000408"/>
</kw>
<kw name="Log" owner="BuiltIn">
<msg time="2024-07-13T09:14:28.015806" level="INFO">location</msg>
<arg>${key}</arg>
<doc>Logs the given message with the given level.</doc>
<status status="PASS" start="2024-07-13T09:14:28.015676" elapsed="0.000167"/>
</kw>
<var name="${key}">location</var>
<status status="PASS" start="2024-07-13T09:14:28.014283" elapsed="0.001776"/>
</iter>
<iter>
<kw name="Dictionary Should Contain Key" owner="Collections">
<arg>${json_data['results'][0]}</arg>
<arg>${key}</arg>
<doc>Fails if ``key`` is not found from ``dictionary``.</doc>
<status status="PASS" start="2024-07-13T09:14:28.016342" elapsed="0.000391"/>
</kw>
<kw name="Log" owner="BuiltIn">
<msg time="2024-07-13T09:14:28.017279" level="INFO">{'gender': 'female', 'name': {'title': 'Miss', 'first': 'النا', 'last': 'کامروا'}, 'location': {'street': {'number': 3900, 'name': 'شهید آقاسرمدیان'}, 'city': 'پاکدشت', 'state': 'زنجان', 'country': 'Iran', 'postcode': 18613, 'coordinates': {'latitude': '20.4941', 'longitude': '58.3857'}, 'timezone': {'offset': '+9:30', 'description': 'Adelaide, Darwin'}}, 'email': 'ln.khmrw@example.com', 'login': {'uuid': '2c3e66d6-1eab-4f41-b5f5-888c10733d36', 'username': 'goldenlion560', 'password': 'wildcat', 'salt': '4OS0rfpu', 'md5': '30089c2f0f9e2a3bf7e17a5545f082dd', 'sha1': '8e96d0aab75211e7900c663aa30a6becc3a74ca5', 'sha256': '8bed449cdeab674b638c21bca3641573604fea81f5aa0571aa6a98c3f435ba31'}, 'dob': {'date': '1976-01-27T17:38:07.244Z', 'age': 48}, 'registered': {'date': '2018-05-23T18:24:57.891Z', 'age': 6}, 'phone': '004-21824275', 'cell': '0942-453-0513', 'id': {'name': '', 'value': None}, 'picture': {'large': 'https://randomuser.me/api/portraits/women/10.jpg', 'medium': 'https://randomuser.me/api/portraits/med/women/10.jpg', 'thumbnail': 'https://randomuser.me/api/portraits/thumb/women/10.jpg'}, 'nat': 'IR'}</msg>
<arg>${json_data['results'][0]}</arg>
<doc>Logs the given message with the given level.</doc>
<status status="PASS" start="2024-07-13T09:14:28.016925" elapsed="0.000408"/>
</kw>
<kw name="Log" owner="BuiltIn">
<msg time="2024-07-13T09:14:28.017808" level="INFO">email</msg>
<arg>${key}</arg>
<doc>Logs the given message with the given level.</doc>
<status status="PASS" start="2024-07-13T09:14:28.017673" elapsed="0.000175"/>
</kw>
<var name="${key}">email</var>
<status status="PASS" start="2024-07-13T09:14:28.016233" elapsed="0.001836"/>
</iter>
<iter>
<kw name="Dictionary Should Contain Key" owner="Collections">
<arg>${json_data['results'][0]}</arg>
<arg>${key}</arg>
<doc>Fails if ``key`` is not found from ``dictionary``.</doc>
<status status="PASS" start="2024-07-13T09:14:28.018356" elapsed="0.000393"/>
</kw>
<kw name="Log" owner="BuiltIn">
<msg time="2024-07-13T09:14:28.019295" level="INFO">{'gender': 'female', 'name': {'title': 'Miss', 'first': 'النا', 'last': 'کامروا'}, 'location': {'street': {'number': 3900, 'name': 'شهید آقاسرمدیان'}, 'city': 'پاکدشت', 'state': 'زنجان', 'country': 'Iran', 'postcode': 18613, 'coordinates': {'latitude': '20.4941', 'longitude': '58.3857'}, 'timezone': {'offset': '+9:30', 'description': 'Adelaide, Darwin'}}, 'email': 'ln.khmrw@example.com', 'login': {'uuid': '2c3e66d6-1eab-4f41-b5f5-888c10733d36', 'username': 'goldenlion560', 'password': 'wildcat', 'salt': '4OS0rfpu', 'md5': '30089c2f0f9e2a3bf7e17a5545f082dd', 'sha1': '8e96d0aab75211e7900c663aa30a6becc3a74ca5', 'sha256': '8bed449cdeab674b638c21bca3641573604fea81f5aa0571aa6a98c3f435ba31'}, 'dob': {'date': '1976-01-27T17:38:07.244Z', 'age': 48}, 'registered': {'date': '2018-05-23T18:24:57.891Z', 'age': 6}, 'phone': '004-21824275', 'cell': '0942-453-0513', 'id': {'name': '', 'value': None}, 'picture': {'large': 'https://randomuser.me/api/portraits/women/10.jpg', 'medium': 'https://randomuser.me/api/portraits/med/women/10.jpg', 'thumbnail': 'https://randomuser.me/api/portraits/thumb/women/10.jpg'}, 'nat': 'IR'}</msg>
<arg>${json_data['results'][0]}</arg>
<doc>Logs the given message with the given level.</doc>
<status status="PASS" start="2024-07-13T09:14:28.018936" elapsed="0.000410"/>
</kw>
<kw name="Log" owner="BuiltIn">
<msg time="2024-07-13T09:14:28.019768" level="INFO">login</msg>
<arg>${key}</arg>
<doc>Logs the given message with the given level.</doc>
<status status="PASS" start="2024-07-13T09:14:28.019639" elapsed="0.000166"/>
</kw>
<var name="${key}">login</var>
<status status="PASS" start="2024-07-13T09:14:28.018242" elapsed="0.001778"/>
</iter>
<var>${key}</var>
<value>@{expected_keys}</value>
<status status="PASS" start="2024-07-13T09:14:28.009981" elapsed="0.010162"/>
</for>
<kw name="Create List" owner="BuiltIn">
<msg time="2024-07-13T09:14:28.020474" level="INFO">${expected_keysTwo} = ['username', 'password']</msg>
<var>${expected_keysTwo}</var>
<arg>username</arg>
<arg>password</arg>
<doc>Returns a list containing given items.</doc>
<status status="PASS" start="2024-07-13T09:14:28.020334" elapsed="0.000192"/>
</kw>
<for flavor="IN">
<iter>
<kw name="Dictionary Should Contain Key" owner="Collections">
<arg>${json_data['results'][0]['login']}</arg>
<arg>${keyTwo}</arg>
<doc>Fails if ``key`` is not found from ``dictionary``.</doc>
<status status="PASS" start="2024-07-13T09:14:28.021033" elapsed="0.000437"/>
</kw>
<kw name="Dictionary Should Contain Key" owner="Collections">
<arg>${json_data['results'][0]['login']}</arg>
<arg>${keyTwo}</arg>
<doc>Fails if ``key`` is not found from ``dictionary``.</doc>
<status status="PASS" start="2024-07-13T09:14:28.021662" elapsed="0.000392"/>
</kw>
<kw name="Log" owner="BuiltIn">
<msg time="2024-07-13T09:14:28.022369" level="INFO">username</msg>
<arg>${keyTwo}</arg>
<doc>Logs the given message with the given level.</doc>
<status status="PASS" start="2024-07-13T09:14:28.022244" elapsed="0.000163"/>
</kw>
<var name="${keyTwo}">username</var>
<status status="PASS" start="2024-07-13T09:14:28.020926" elapsed="0.001706"/>
</iter>
<iter>
<kw name="Dictionary Should Contain Key" owner="Collections">
<arg>${json_data['results'][0]['login']}</arg>
<arg>${keyTwo}</arg>
<doc>Fails if ``key`` is not found from ``dictionary``.</doc>
<status status="PASS" start="2024-07-13T09:14:28.022913" elapsed="0.000388"/>
</kw>
<kw name="Dictionary Should Contain Key" owner="Collections">
<arg>${json_data['results'][0]['login']}</arg>
<arg>${keyTwo}</arg>
<doc>Fails if ``key`` is not found from ``dictionary``.</doc>
<status status="PASS" start="2024-07-13T09:14:28.023483" elapsed="0.000367"/>
</kw>
<kw name="Log" owner="BuiltIn">
<msg time="2024-07-13T09:14:28.024150" level="INFO">password</msg>
<arg>${keyTwo}</arg>
<doc>Logs the given message with the given level.</doc>
<status status="PASS" start="2024-07-13T09:14:28.024030" elapsed="0.000162"/>
</kw>
<var name="${keyTwo}">password</var>
<status status="PASS" start="2024-07-13T09:14:28.022806" elapsed="0.001702"/>
</iter>
<var>${keyTwo}</var>
<value>@{expected_keysTwo}</value>
<status status="PASS" start="2024-07-13T09:14:28.020772" elapsed="0.003860"/>
</for>
<status status="PASS" start="2024-07-13T09:14:27.963694" elapsed="0.061077"/>
</kw>
<doc>Testa a estrutura da resposta da API.</doc>
<tag>testeEstruturaResposta</tag>
<status status="PASS" start="2024-07-13T09:14:27.963091" elapsed="0.061827"/>
</test>
<test id="s1-s1-t4" name="Validar tipos de dados" line="28">
<kw name="Teste de Tipos de Dados" owner="random-user-service">
<kw name="GET On Session" owner="RequestsLibrary">
<msg time="2024-07-13T09:14:28.092819" level="INFO">GET Request : url=https://randomuser.me/api 
 path_url=/api 
 headers={'User-Agent': 'python-requests/2.32.3', 'Accept-Encoding': 'gzip, deflate', 'Accept': '*/*', 'Connection': 'keep-alive'} 
 body=None 
 </msg>
<msg time="2024-07-13T09:14:28.092883" level="INFO">GET Response : url=https://randomuser.me/api 
 status=200, reason=OK 
 headers={'Date': 'Sat, 13 Jul 2024 09:14:28 GMT', 'Content-Type': 'application/json; charset=utf-8', 'Transfer-Encoding': 'chunked', 'Connection': 'keep-alive', 'X-Powered-By': 'Express', 'Access-Control-Allow-Origin': '*', 'Cache-Control': 'no-cache', 'ETag': 'W/"472-knhUr7hE14qSR1YGa8AxmW/P8WE"', 'Vary': 'Accept-Encoding', 'Content-Encoding': 'gzip', 'CF-Cache-Status': 'DYNAMIC', 'Report-To': '{"endpoints":[{"url":"https:\\/\\/a.nel.cloudflare.com\\/report\\/v4?s=3Y2mYgKQoz1c0lmHiZ9VzRC3Xab3%2FtEfFeGwrGjAzVJPPkzu4faxRdEPQZTekmO6HpDhGKb2AbVjuUDIQIhck%2FhJXOfB81sF7XfZ3mPZ9JfOAaw11NF2EykIzWq5fXnA"}],"group":"cf-nel","max_age":604800}', 'NEL': '{"success_fraction":0,"report_to":"cf-nel","max_age":604800}', 'Server': 'cloudflare', 'CF-RAY': '8a2829b53c3b82c8-IAD', 'alt-svc': 'h3=":443"; ma=86400'} 
 body={"results":[{"gender":"male","name":{"title":"Mr","first":"Theodore","last":"Wilson"},"location":{"street":{"number":9464,"name":"Clark Avenue"},"city":"Whangarei","state":"West Coast","country":"New Zealand","postcode":79724,"coordinates":{"latitude":"48.5762","longitude":"-110.9643"},"timezone":{"offset":"-9:00","description":"Alaska"}},"email":"theodore.wilson@example.com","login":{"uuid":"ee1f2ffc-690f-4154-bea4-9a34ec127c09","username":"purplefish630","password":"truck1","salt":"zLa0gtqE","md5":"6db6b40d1646eca91977b3c29ca5ecd9","sha1":"be097975dfc32e5e044724a7e0958881e04f513f","sha256":"3473fe79c0efafc87e327dc288f53a534fb89ea33ca77b0a837503c0606b8986"},"dob":{"date":"1981-08-24T03:29:14.848Z","age":42},"registered":{"date":"2006-06-08T20:00:31.397Z","age":18},"phone":"(971)-148-0503","cell":"(601)-421-7268","id":{"name":"","value":null},"picture":{"large":"https://randomuser.me/api/portraits/men/30.jpg","medium":"https://randomuser.me/api/portraits/med/men/30.jpg","thumbnail":"https://randomuser.me/api/portraits/thumb/men/30.jpg"},"nat":"NZ"}],"info":{"seed":"c9c6e5a1cad50562","results":1,"page":1,"version":"1.4"}} 
 </msg>
<msg time="2024-07-13T09:14:28.092936" level="INFO">/opt/hostedtoolcache/Python/3.12.4/x64/lib/python3.12/site-packages/urllib3/connectionpool.py:1099: InsecureRequestWarning: Unverified HTTPS request is being made to host 'randomuser.me'. Adding certificate verification is strongly advised. See: https://urllib3.readthedocs.io/en/latest/advanced-usage.html#tls-warnings
  warnings.warn(</msg>
<msg time="2024-07-13T09:14:28.093020" level="INFO">${response} = &lt;Response [200]&gt;</msg>
<var>${response}</var>
<arg>consultarAPI</arg>
<arg>/api</arg>
<doc>Sends a GET request on a previously created HTTP Session.</doc>
<status status="PASS" start="2024-07-13T09:14:28.027319" elapsed="0.065726"/>
</kw>
<kw name="Set Variable" owner="BuiltIn">
<msg time="2024-07-13T09:14:28.093911" level="INFO">${json_data} = {'results': [{'gender': 'male', 'name': {'title': 'Mr', 'first': 'Theodore', 'last': 'Wilson'}, 'location': {'street': {'number': 9464, 'name': 'Clark Avenue'}, 'city': 'Whangarei', 'state': 'West Coa...</msg>
<var>${json_data}</var>
<arg>${response.json()}</arg>
<doc>Returns the given values which can then be assigned to a variables.</doc>
<status status="PASS" start="2024-07-13T09:14:28.093453" elapsed="0.000487"/>
</kw>
<kw name="Log" owner="BuiltIn">
<msg time="2024-07-13T09:14:28.094439" level="INFO">{'results': [{'gender': 'male', 'name': {'title': 'Mr', 'first': 'Theodore', 'last': 'Wilson'}, 'location': {'street': {'number': 9464, 'name': 'Clark Avenue'}, 'city': 'Whangarei', 'state': 'West Coast', 'country': 'New Zealand', 'postcode': 79724, 'coordinates': {'latitude': '48.5762', 'longitude': '-110.9643'}, 'timezone': {'offset': '-9:00', 'description': 'Alaska'}}, 'email': 'theodore.wilson@example.com', 'login': {'uuid': 'ee1f2ffc-690f-4154-bea4-9a34ec127c09', 'username': 'purplefish630', 'password': 'truck1', 'salt': 'zLa0gtqE', 'md5': '6db6b40d1646eca91977b3c29ca5ecd9', 'sha1': 'be097975dfc32e5e044724a7e0958881e04f513f', 'sha256': '3473fe79c0efafc87e327dc288f53a534fb89ea33ca77b0a837503c0606b8986'}, 'dob': {'date': '1981-08-24T03:29:14.848Z', 'age': 42}, 'registered': {'date': '2006-06-08T20:00:31.397Z', 'age': 18}, 'phone': '(971)-148-0503', 'cell': '(601)-421-7268', 'id': {'name': '', 'value': None}, 'picture': {'large': 'https://randomuser.me/api/portraits/men/30.jpg', 'medium': 'https://randomuser.me/api/portraits/med/men/30.jpg', 'thumbnail': 'https://randomuser.me/api/portraits/thumb/men/30.jpg'}, 'nat': 'NZ'}], 'info': {'seed': 'c9c6e5a1cad50562', 'results': 1, 'page': 1, 'version': '1.4'}}</msg>
<arg>${json_data}</arg>
<doc>Logs the given message with the given level.</doc>
<status status="PASS" start="2024-07-13T09:14:28.094253" elapsed="0.000236"/>
</kw>
<kw name="Should Be String" owner="String">
<arg>${json_data['results'][0]['gender']}</arg>
<doc>Fails if the given ``item`` is not a string.</doc>
<status status="PASS" start="2024-07-13T09:14:28.094789" elapsed="0.000362"/>
</kw>
<kw name="Should Match Regexp" owner="BuiltIn">
<arg>${json_data['results'][0]['email']}</arg>
<arg>^[a-zA-Z0-9._%+-]+@[a-zA-Z0-9.-]+\.[a-zA-Z]{2,}$</arg>
<doc>Fails if ``string`` does not match ``pattern`` as a regular expression.</doc>
<status status="PASS" start="2024-07-13T09:14:28.095340" elapsed="0.000505"/>
</kw>
<kw name="Should Match Regexp" owner="BuiltIn">
<arg>${json_data['results'][0]['dob']['date']}</arg>
<arg>\\d{4}-\\d{2}-\\d{2}T\\d{2}:\\d{2}:\\d{2}\\.\\d{3}Z</arg>
<doc>Fails if ``string`` does not match ``pattern`` as a regular expression.</doc>
<status status="PASS" start="2024-07-13T09:14:28.096074" elapsed="0.000488"/>
</kw>
<kw name="Should Match Regexp" owner="BuiltIn">
<arg>${json_data['results'][0]['registered']['date']}</arg>
<arg>\\d{4}-\\d{2}-\\d{2}T\\d{2}:\\d{2}:\\d{2}\\.\\d{3}Z</arg>
<doc>Fails if ``string`` does not match ``pattern`` as a regular expression.</doc>
<status status="PASS" start="2024-07-13T09:14:28.096754" elapsed="0.000372"/>
</kw>
<kw name="Should Match Regexp" owner="BuiltIn">
<arg>${json_data['results'][0]['picture']['large']}</arg>
<arg>^https?://.*\.(?:png|jpe?g|gif|bmp)$</arg>
<doc>Fails if ``string`` does not match ``pattern`` as a regular expression.</doc>
<status status="PASS" start="2024-07-13T09:14:28.097314" elapsed="0.000484"/>
</kw>
<kw name="Should Match Regexp" owner="BuiltIn">
<arg>${json_data['results'][0]['picture']['medium']}</arg>
<arg>^https?://.*\.(?:png|jpe?g|gif|bmp)$</arg>
<doc>Fails if ``string`` does not match ``pattern`` as a regular expression.</doc>
<status status="PASS" start="2024-07-13T09:14:28.097986" elapsed="0.000347"/>
</kw>
<kw name="Should Match Regexp" owner="BuiltIn">
<arg>${json_data['results'][0]['picture']['thumbnail']}</arg>
<arg>^https?://.*\.(?:png|jpe?g|gif|bmp)$</arg>
<doc>Fails if ``string`` does not match ``pattern`` as a regular expression.</doc>
<status status="PASS" start="2024-07-13T09:14:28.098515" elapsed="0.000354"/>
</kw>
<kw name="Log" owner="BuiltIn">
<msg time="2024-07-13T09:14:28.099399" level="INFO">{'large': 'https://randomuser.me/api/portraits/men/30.jpg', 'medium': 'https://randomuser.me/api/portraits/med/men/30.jpg', 'thumbnail': 'https://randomuser.me/api/portraits/thumb/men/30.jpg'}</msg>
<arg>${json_data['results'][0]['picture']}</arg>
<doc>Logs the given message with the given level.</doc>
<status status="PASS" start="2024-07-13T09:14:28.099065" elapsed="0.000377"/>
</kw>
<status status="PASS" start="2024-07-13T09:14:28.027102" elapsed="0.072596"/>
</kw>
<kw name="Teste de Tipos de Dados - Postcode" owner="random-user-service">
<kw name="GET On Session" owner="RequestsLibrary">
<msg time="2024-07-13T09:14:28.192306" level="INFO">GET Request : url=https://randomuser.me/api 
 path_url=/api 
 headers={'User-Agent': 'python-requests/2.32.3', 'Accept-Encoding': 'gzip, deflate', 'Accept': '*/*', 'Connection': 'keep-alive'} 
 body=None 
 </msg>
<msg time="2024-07-13T09:14:28.192389" level="INFO">GET Response : url=https://randomuser.me/api 
 status=200, reason=OK 
 headers={'Date': 'Sat, 13 Jul 2024 09:14:28 GMT', 'Content-Type': 'application/json; charset=utf-8', 'Transfer-Encoding': 'chunked', 'Connection': 'keep-alive', 'X-Powered-By': 'Express', 'Access-Control-Allow-Origin': '*', 'Cache-Control': 'no-cache', 'ETag': 'W/"47f-0O9VWzC05357sZYA0wUyyk6WaOs"', 'Vary': 'Accept-Encoding', 'Content-Encoding': 'gzip', 'CF-Cache-Status': 'DYNAMIC', 'Report-To': '{"endpoints":[{"url":"https:\\/\\/a.nel.cloudflare.com\\/report\\/v4?s=8s2G5Q0wX3Yt8CMzG6PfsMI3tm4Bv3XehDMbMMuLJUJOFycVe0VMl5zHRf%2B8m122fwoe2UQFurOv95TgeHbreYgOZJqTmu1QDMl6%2FvZREIZkhr%2FDI%2FoPuz0k9FSQhhqx"}],"group":"cf-nel","max_age":604800}', 'NEL': '{"success_fraction":0,"report_to":"cf-nel","max_age":604800}', 'Server': 'cloudflare', 'CF-RAY': '8a2829b5ac9a82c8-IAD', 'alt-svc': 'h3=":443"; ma=86400'} 
 body={"results":[{"gender":"female","name":{"title":"Ms","first":"Dora","last":"Urošević"},"location":{"street":{"number":8915,"name":"Porodice Rakić"},"city":"Užice","state":"Nišava","country":"Serbia","postcode":11170,"coordinates":{"latitude":"62.6895","longitude":"49.6672"},"timezone":{"offset":"+9:30","description":"Adelaide, Darwin"}},"email":"dora.urosevic@example.com","login":{"uuid":"3ebeebe6-0b43-4f90-8dec-340fcd0f7b44","username":"silverelephant331","password":"temp","salt":"Rqn0Icd1","md5":"6ac92b551a6f0d26dbb73363d0f933a5","sha1":"f4733f66876e2c03d86b9bf4ef7bd3dcb58fe194","sha256":"1b1ef1bbcc79ca44488846fb480446f53afdacd4fd3893b69a19e9044aab91c0"},"dob":{"date":"1944-11-28T16:24:54.573Z","age":79},"registered":{"date":"2021-09-25T15:28:31.913Z","age":2},"phone":"030-9472-277","cell":"061-2972-988","id":{"name":"SID","value":"673060874"},"picture":{"large":"https://randomuser.me/api/portraits/women/76.jpg","medium":"https://randomuser.me/api/portraits/med/women/76.jpg","thumbnail":"https://randomuser.me/api/portraits/thumb/women/76.jpg"},"nat":"RS"}],"info":{"seed":"58ab3de846636015","results":1,"page":1,"version":"1.4"}} 
 </msg>
<msg time="2024-07-13T09:14:28.192464" level="INFO">/opt/hostedtoolcache/Python/3.12.4/x64/lib/python3.12/site-packages/urllib3/connectionpool.py:1099: InsecureRequestWarning: Unverified HTTPS request is being made to host 'randomuser.me'. Adding certificate verification is strongly advised. See: https://urllib3.readthedocs.io/en/latest/advanced-usage.html#tls-warnings
  warnings.warn(</msg>
<msg time="2024-07-13T09:14:28.192578" level="INFO">${response} = &lt;Response [200]&gt;</msg>
<var>${response}</var>
<arg>consultarAPI</arg>
<arg>/api</arg>
<doc>Sends a GET request on a previously created HTTP Session.</doc>
<status status="PASS" start="2024-07-13T09:14:28.100131" elapsed="0.092499"/>
</kw>
<kw name="Set Variable" owner="BuiltIn">
<msg time="2024-07-13T09:14:28.193786" level="INFO">${json_data} = {'results': [{'gender': 'female', 'name': {'title': 'Ms', 'first': 'Dora', 'last': 'Urošević'}, 'location': {'street': {'number': 8915, 'name': 'Porodice Rakić'}, 'city': 'Užice', 'state': 'Nišava', '...</msg>
<var>${json_data}</var>
<arg>${response.json()}</arg>
<doc>Returns the given values which can then be assigned to a variables.</doc>
<status status="PASS" start="2024-07-13T09:14:28.193176" elapsed="0.000643"/>
</kw>
<kw name="Log" owner="BuiltIn">
<msg time="2024-07-13T09:14:28.194306" level="INFO">{'results': [{'gender': 'female', 'name': {'title': 'Ms', 'first': 'Dora', 'last': 'Urošević'}, 'location': {'street': {'number': 8915, 'name': 'Porodice Rakić'}, 'city': 'Užice', 'state': 'Nišava', 'country': 'Serbia', 'postcode': 11170, 'coordinates': {'latitude': '62.6895', 'longitude': '49.6672'}, 'timezone': {'offset': '+9:30', 'description': 'Adelaide, Darwin'}}, 'email': 'dora.urosevic@example.com', 'login': {'uuid': '3ebeebe6-0b43-4f90-8dec-340fcd0f7b44', 'username': 'silverelephant331', 'password': 'temp', 'salt': 'Rqn0Icd1', 'md5': '6ac92b551a6f0d26dbb73363d0f933a5', 'sha1': 'f4733f66876e2c03d86b9bf4ef7bd3dcb58fe194', 'sha256': '1b1ef1bbcc79ca44488846fb480446f53afdacd4fd3893b69a19e9044aab91c0'}, 'dob': {'date': '1944-11-28T16:24:54.573Z', 'age': 79}, 'registered': {'date': '2021-09-25T15:28:31.913Z', 'age': 2}, 'phone': '030-9472-277', 'cell': '061-2972-988', 'id': {'name': 'SID', 'value': '673060874'}, 'picture': {'large': 'https://randomuser.me/api/portraits/women/76.jpg', 'medium': 'https://randomuser.me/api/portraits/med/women/76.jpg', 'thumbnail': 'https://randomuser.me/api/portraits/thumb/women/76.jpg'}, 'nat': 'RS'}], 'info': {'seed': '58ab3de846636015', 'results': 1, 'page': 1, 'version': '1.4'}}</msg>
<arg>${json_data}</arg>
<doc>Logs the given message with the given level.</doc>
<status status="PASS" start="2024-07-13T09:14:28.194140" elapsed="0.000218"/>
</kw>
<kw name="Should Be Equal As Numbers" owner="BuiltIn">
<arg>${json_data['results'][0]['location']['postcode']}</arg>
<arg>${json_data['results'][0]['location']['postcode']}</arg>
<doc>Fails if objects are unequal after converting them to real numbers.</doc>
<status status="PASS" start="2024-07-13T09:14:28.194656" elapsed="0.000640"/>
</kw>
<kw name="Log" owner="BuiltIn">
<msg time="2024-07-13T09:14:28.195962" level="INFO">11170</msg>
<arg>${json_data['results'][0]['location']['postcode']}</arg>
<doc>Logs the given message with the given level.</doc>
<status status="PASS" start="2024-07-13T09:14:28.195491" elapsed="0.000513"/>
</kw>
<status status="PASS" start="2024-07-13T09:14:28.099912" elapsed="0.096377"/>
</kw>
<doc>Testa se os tipos de dados na resposta da API estão corretos.</doc>
<tag>testeTiposDados</tag>
<status status="PASS" start="2024-07-13T09:14:28.026684" elapsed="0.169773"/>
</test>
<test id="s1-s1-t5" name="Validar conteudo" line="35">
<kw name="Teste de Tipos de Conteudo" owner="random-user-service">
<kw name="GET On Session" owner="RequestsLibrary">
<msg time="2024-07-13T09:14:28.295925" level="INFO">GET Request : url=https://randomuser.me/api 
 path_url=/api 
 headers={'User-Agent': 'python-requests/2.32.3', 'Accept-Encoding': 'gzip, deflate', 'Accept': '*/*', 'Connection': 'keep-alive'} 
 body=None 
 </msg>
<msg time="2024-07-13T09:14:28.296002" level="INFO">GET Response : url=https://randomuser.me/api 
 status=200, reason=OK 
 headers={'Date': 'Sat, 13 Jul 2024 09:14:28 GMT', 'Content-Type': 'application/json; charset=utf-8', 'Transfer-Encoding': 'chunked', 'Connection': 'keep-alive', 'X-Powered-By': 'Express', 'Access-Control-Allow-Origin': '*', 'Cache-Control': 'no-cache', 'ETag': 'W/"48a-OM8+zRg5vqjJqQdLgrJp3RmAnmE"', 'Vary': 'Accept-Encoding', 'Content-Encoding': 'gzip', 'CF-Cache-Status': 'DYNAMIC', 'Report-To': '{"endpoints":[{"url":"https:\\/\\/a.nel.cloudflare.com\\/report\\/v4?s=ZGoIEiZmzLaF6Wtf3%2F3qddj%2BJQ9IMgtSqRxzXFr98%2BXlLtXt%2BiKxeVHGfA3soT2QYSC2%2FT10A7OHI3LT0f6kRSiGwvzVyxCEcLvGrQoX%2FebNxz1Ekcaw2LP48IqgULu5"}],"group":"cf-nel","max_age":604800}', 'NEL': '{"success_fraction":0,"report_to":"cf-nel","max_age":604800}', 'Server': 'cloudflare', 'CF-RAY': '8a2829b64d0782c8-IAD', 'alt-svc': 'h3=":443"; ma=86400'} 
 body={"results":[{"gender":"male","name":{"title":"Mr","first":"Tiago","last":"Renard"},"location":{"street":{"number":4400,"name":"Rue Dumenge"},"city":"Roubaix","state":"Martinique","country":"France","postcode":45224,"coordinates":{"latitude":"-16.4471","longitude":"-156.3736"},"timezone":{"offset":"+2:00","description":"Kaliningrad, South Africa"}},"email":"tiago.renard@example.com","login":{"uuid":"ed87dca6-093c-46cf-807c-106e35ac9f14","username":"heavyrabbit206","password":"1989","salt":"cLpVzX8I","md5":"549ad4b51f9f59cc3114f5c73ed06361","sha1":"bf15b59ee391362cd3c373cd35b87d092746b43a","sha256":"aeeaa43671e43094f0c3513ab24a76be7980e08e96bfb30acfb86ab8bc29ecde"},"dob":{"date":"1947-08-12T17:02:00.692Z","age":76},"registered":{"date":"2010-05-10T11:03:38.345Z","age":14},"phone":"02-36-76-90-28","cell":"06-73-67-74-59","id":{"name":"INSEE","value":"1470759506335 51"},"picture":{"large":"https://randomuser.me/api/portraits/men/89.jpg","medium":"https://randomuser.me/api/portraits/med/men/89.jpg","thumbnail":"https://randomuser.me/api/portraits/thumb/men/89.jpg"},"nat":"FR"}],"info":{"seed":"370c74277cfb1033","results":1,"page":1,"version":"1.4"}} 
 </msg>
<msg time="2024-07-13T09:14:28.296069" level="INFO">/opt/hostedtoolcache/Python/3.12.4/x64/lib/python3.12/site-packages/urllib3/connectionpool.py:1099: InsecureRequestWarning: Unverified HTTPS request is being made to host 'randomuser.me'. Adding certificate verification is strongly advised. See: https://urllib3.readthedocs.io/en/latest/advanced-usage.html#tls-warnings
  warnings.warn(</msg>
<msg time="2024-07-13T09:14:28.296178" level="INFO">${response} = &lt;Response [200]&gt;</msg>
<var>${response}</var>
<arg>consultarAPI</arg>
<arg>/api</arg>
<doc>Sends a GET request on a previously created HTTP Session.</doc>
<status status="PASS" start="2024-07-13T09:14:28.198990" elapsed="0.097231"/>
</kw>
<kw name="Set Variable" owner="BuiltIn">
<msg time="2024-07-13T09:14:28.297203" level="INFO">${json_data} = {'results': [{'gender': 'male', 'name': {'title': 'Mr', 'first': 'Tiago', 'last': 'Renard'}, 'location': {'street': {'number': 4400, 'name': 'Rue Dumenge'}, 'city': 'Roubaix', 'state': 'Martinique', '...</msg>
<var>${json_data}</var>
<arg>${response.json()}</arg>
<doc>Returns the given values which can then be assigned to a variables.</doc>
<status status="PASS" start="2024-07-13T09:14:28.296665" elapsed="0.000568"/>
</kw>
<kw name="Set Variable" owner="BuiltIn">
<msg time="2024-07-13T09:14:28.297970" level="INFO">${name_title} = Mr</msg>
<var>${name_title}</var>
<arg>${json_data["results"][0]["name"]["title"]}</arg>
<doc>Returns the given values which can then be assigned to a variables.</doc>
<status status="PASS" start="2024-07-13T09:14:28.297585" elapsed="0.000412"/>
</kw>
<kw name="Create List" owner="BuiltIn">
<msg time="2024-07-13T09:14:28.298447" level="INFO">${allowed_titles} = ['Mr', 'Ms', 'Miss', 'Mrs', 'Madame', 'Monsieur']</msg>
<var>${allowed_titles}</var>
<arg>Mr</arg>
<arg>Ms</arg>
<arg>Miss</arg>
<arg>Mrs</arg>
<arg>Madame</arg>
<arg>Monsieur</arg>
<doc>Returns a list containing given items.</doc>
<status status="PASS" start="2024-07-13T09:14:28.298297" elapsed="0.000175"/>
</kw>
<kw name="List Should Contain Value" owner="Collections">
<arg>${allowed_titles}</arg>
<arg>${name_title}</arg>
<doc>Fails if the ``value`` is not found from ``list``.</doc>
<status status="PASS" start="2024-07-13T09:14:28.298774" elapsed="0.000179"/>
</kw>
<kw name="Set Variable" owner="BuiltIn">
<msg time="2024-07-13T09:14:28.299500" level="INFO">${name_country} = FR</msg>
<var>${name_country}</var>
<arg>${json_data["results"][0]["nat"]}</arg>
<doc>Returns the given values which can then be assigned to a variables.</doc>
<status status="PASS" start="2024-07-13T09:14:28.299136" elapsed="0.000390"/>
</kw>
<kw name="Create List" owner="BuiltIn">
<msg time="2024-07-13T09:14:28.300415" level="INFO">${list_country} = ['AD', 'AE', 'AF', 'AG', 'AI', 'AL', 'AM', 'AO', 'AQ', 'AR', 'AS', 'AT', 'AU', 'AW', 'AX', 'AZ', 'BA', 'BB', 'BD', 'BE', 'BF', 'BG', 'BH', 'BI', 'BJ', 'BL', 'BM', 'BN', 'BO', 'BQ', 'BR', 'BS', 'BT', '...</msg>
<var>${list_country}</var>
<arg>AD</arg>
<arg>AE</arg>
<arg>AF</arg>
<arg>AG</arg>
<arg>AI</arg>
<arg>AL</arg>
<arg>AM</arg>
<arg>AO</arg>
<arg>AQ</arg>
<arg>AR</arg>
<arg>AS</arg>
<arg>AT</arg>
<arg>AU</arg>
<arg>AW</arg>
<arg>AX</arg>
<arg>AZ</arg>
<arg>BA</arg>
<arg>BB</arg>
<arg>BD</arg>
<arg>BE</arg>
<arg>BF</arg>
<arg>BG</arg>
<arg>BH</arg>
<arg>BI</arg>
<arg>BJ</arg>
<arg>BL</arg>
<arg>BM</arg>
<arg>BN</arg>
<arg>BO</arg>
<arg>BQ</arg>
<arg>BR</arg>
<arg>BS</arg>
<arg>BT</arg>
<arg>BV</arg>
<arg>BW</arg>
<arg>BY</arg>
<arg>BZ</arg>
<arg>CA</arg>
<arg>CC</arg>
<arg>CD</arg>
<arg>CF</arg>
<arg>CG</arg>
<arg>CH</arg>
<arg>CI</arg>
<arg>CK</arg>
<arg>CL</arg>
<arg>CM</arg>
<arg>CN</arg>
<arg>CO</arg>
<arg>CR</arg>
<arg>CU</arg>
<arg>CV</arg>
<arg>CW</arg>
<arg>CX</arg>
<arg>CY</arg>
<arg>CZ</arg>
<arg>DE</arg>
<arg>DJ</arg>
<arg>DK</arg>
<arg>DM</arg>
<arg>DO</arg>
<arg>DZ</arg>
<arg>EC</arg>
<arg>EE</arg>
<arg>EG</arg>
<arg>EH</arg>
<arg>ER</arg>
<arg>ES</arg>
<arg>ET</arg>
<arg>FI</arg>
<arg>FJ</arg>
<arg>FK</arg>
<arg>FM</arg>
<arg>FO</arg>
<arg>FR</arg>
<arg>GA</arg>
<arg>GB</arg>
<arg>GD</arg>
<arg>GE</arg>
<arg>GF</arg>
<arg>GG</arg>
<arg>GH</arg>
<arg>GI</arg>
<arg>GL</arg>
<arg>GM</arg>
<arg>GN</arg>
<arg>GP</arg>
<arg>GQ</arg>
<arg>GR</arg>
<arg>GS</arg>
<arg>GT</arg>
<arg>GU</arg>
<arg>GW</arg>
<arg>GY</arg>
<arg>HK</arg>
<arg>HM</arg>
<arg>HN</arg>
<arg>HR</arg>
<arg>HT</arg>
<arg>HU</arg>
<arg>ID</arg>
<arg>IE</arg>
<arg>IL</arg>
<arg>IM</arg>
<arg>IN</arg>
<arg>IO</arg>
<arg>IQ</arg>
<arg>IR</arg>
<arg>IS</arg>
<arg>IT</arg>
<arg>JE</arg>
<arg>JM</arg>
<arg>JO</arg>
<arg>JP</arg>
<arg>KE</arg>
<arg>KG</arg>
<arg>KH</arg>
<arg>KI</arg>
<arg>KM</arg>
<arg>KN</arg>
<arg>KP</arg>
<arg>KR</arg>
<arg>KW</arg>
<arg>KY</arg>
<arg>KZ</arg>
<arg>LA</arg>
<arg>LB</arg>
<arg>LC</arg>
<arg>LI</arg>
<arg>LK</arg>
<arg>LR</arg>
<arg>LS</arg>
<arg>LT</arg>
<arg>LU</arg>
<arg>LV</arg>
<arg>LY</arg>
<arg>MA</arg>
<arg>MC</arg>
<arg>MD</arg>
<arg>ME</arg>
<arg>MF</arg>
<arg>MG</arg>
<arg>MH</arg>
<arg>MK</arg>
<arg>ML</arg>
<arg>MM</arg>
<arg>MN</arg>
<arg>MO</arg>
<arg>MP</arg>
<arg>MQ</arg>
<arg>MR</arg>
<arg>MS</arg>
<arg>MT</arg>
<arg>MU</arg>
<arg>MV</arg>
<arg>MW</arg>
<arg>MX</arg>
<arg>MY</arg>
<arg>MZ</arg>
<arg>NA</arg>
<arg>NC</arg>
<arg>NE</arg>
<arg>NF</arg>
<arg>NG</arg>
<arg>NI</arg>
<arg>NL</arg>
<arg>NO</arg>
<arg>NP</arg>
<arg>NR</arg>
<arg>NU</arg>
<arg>NZ</arg>
<arg>OM</arg>
<arg>PA</arg>
<arg>PE</arg>
<arg>PF</arg>
<arg>PG</arg>
<arg>PH</arg>
<arg>PK</arg>
<arg>PL</arg>
<arg>PM</arg>
<arg>PN</arg>
<arg>PR</arg>
<arg>PS</arg>
<arg>PT</arg>
<arg>PW</arg>
<arg>PY</arg>
<arg>QA</arg>
<arg>RE</arg>
<arg>RO</arg>
<arg>RS</arg>
<arg>RU</arg>
<arg>RW</arg>
<arg>SA</arg>
<arg>SB</arg>
<arg>SC</arg>
<arg>SD</arg>
<arg>SE</arg>
<arg>SG</arg>
<arg>SH</arg>
<arg>SI</arg>
<arg>SJ</arg>
<arg>SK</arg>
<arg>SL</arg>
<arg>SM</arg>
<arg>SN</arg>
<arg>SO</arg>
<arg>SR</arg>
<arg>SS</arg>
<arg>ST</arg>
<arg>SV</arg>
<arg>SX</arg>
<arg>SY</arg>
<arg>SZ</arg>
<arg>TC</arg>
<arg>TD</arg>
<arg>TF</arg>
<arg>TG</arg>
<arg>TH</arg>
<arg>TJ</arg>
<arg>TK</arg>
<arg>TL</arg>
<arg>TM</arg>
<arg>TN</arg>
<arg>TO</arg>
<arg>TR</arg>
<arg>TT</arg>
<arg>TV</arg>
<arg>TW</arg>
<arg>TZ</arg>
<arg>UA</arg>
<arg>UG</arg>
<arg>UM</arg>
<arg>US</arg>
<arg>UY</arg>
<arg>UZ</arg>
<arg>VA</arg>
<arg>VC</arg>
<arg>VE</arg>
<arg>VG</arg>
<arg>VI</arg>
<arg>VN</arg>
<arg>VU</arg>
<arg>WF</arg>
<arg>WS</arg>
<arg>XK</arg>
<arg>YE</arg>
<arg>YT</arg>
<arg>ZA</arg>
<arg>ZM</arg>
<arg>ZW</arg>
<doc>Returns a list containing given items.</doc>
<status status="PASS" start="2024-07-13T09:14:28.299819" elapsed="0.000623"/>
</kw>
<kw name="List Should Contain Value" owner="Collections">
<arg>${list_country}</arg>
<arg>${name_country}</arg>
<doc>Fails if the ``value`` is not found from ``list``.</doc>
<status status="PASS" start="2024-07-13T09:14:28.301244" elapsed="0.000249"/>
</kw>
<kw name="Run Keyword If" owner="BuiltIn">
<kw name="Should Be True" owner="BuiltIn">
<arg>${True}</arg>
<doc>Fails if the given condition is not true.</doc>
<status status="PASS" start="2024-07-13T09:14:28.302434" elapsed="0.000143"/>
</kw>
<arg>${json_data["results"][0]["location"]["coordinates"]["latitude"]} &gt;= -90 and ${json_data["results"][0]["location"]["coordinates"]["latitude"]} &lt;= 90</arg>
<arg>Should Be True</arg>
<arg>${True}</arg>
<doc>Runs the given keyword with the given arguments, if ``condition`` is true.</doc>
<status status="PASS" start="2024-07-13T09:14:28.301695" elapsed="0.001010"/>
</kw>
<kw name="Run Keyword If" owner="BuiltIn">
<kw name="Should Be True" owner="BuiltIn">
<arg>${True}</arg>
<doc>Fails if the given condition is not true.</doc>
<status status="PASS" start="2024-07-13T09:14:28.303596" elapsed="0.000233"/>
</kw>
<arg>${json_data["results"][0]["location"]["coordinates"]["longitude"]} &gt;= -180 and ${json_data["results"][0]["location"]["coordinates"]["longitude"]} &lt;= 180</arg>
<arg>Should Be True</arg>
<arg>${True}</arg>
<doc>Runs the given keyword with the given arguments, if ``condition`` is true.</doc>
<status status="PASS" start="2024-07-13T09:14:28.302890" elapsed="0.001070"/>
</kw>
<status status="PASS" start="2024-07-13T09:14:28.198772" elapsed="0.105323"/>
</kw>
<doc>Testa o conteúdo específico dos campos retornados pela API.</doc>
<tag>testeConteudo</tag>
<status status="PASS" start="2024-07-13T09:14:28.198275" elapsed="0.105965"/>
</test>
<status status="PASS" start="2024-07-13T09:14:27.386606" elapsed="0.919667"/>
</suite>
<status status="PASS" start="2024-07-13T09:14:27.372282" elapsed="0.939031"/>
</suite>
<statistics>
<total>
<stat pass="5" fail="0" skip="0">All Tests</stat>
</total>
<tag>
<stat pass="1" fail="0" skip="0">testeConteudo</stat>
<stat pass="1" fail="0" skip="0">testeEstruturaResposta</stat>
<stat pass="1" fail="0" skip="0">testeRequisicaoBasica</stat>
<stat pass="1" fail="0" skip="0">testeTiposDados</stat>
</tag>
<suite>
<stat pass="5" fail="0" skip="0" id="s1" name="Tests">Tests</stat>
<stat pass="5" fail="0" skip="0" id="s1-s1" name="Random-User-Test">Tests.Random-User-Test</stat>
</suite>
</statistics>
<errors>
</errors>
</robot>
