<?xml version="1.0" encoding="UTF-8"?>
<robot generator="Robot 7.0.1 (Python 3.12.4 on linux)" generated="2024-06-24T19:12:51.585072" rpa="false" schemaversion="5">
<suite id="s1" name="Tests" source="/home/runner/work/ApiRandomUser/ApiRandomUser/RamdonUser/tests">
<suite id="s1-s1" name="Random-User-Test" source="/home/runner/work/ApiRandomUser/ApiRandomUser/RamdonUser/tests/random-user-test.robot">
<test id="s1-s1-t1" name="Conectar" line="13">
<kw name="Conectar API" owner="random-user-service">
<kw name="Create Session" owner="RequestsLibrary">
<msg time="2024-06-24T19:12:52.014744" level="INFO">Creating Session using : alias=consultarAPI, url=https://randomuser.me/, headers={},                     cookies={}, auth=None, timeout=None, proxies=None, verify=False,                     debug=0 </msg>
<arg>consultarAPI</arg>
<arg>${URL}</arg>
<doc>Create Session: create a HTTP session to a server</doc>
<status status="PASS" start="2024-06-24T19:12:52.014526" elapsed="0.000406"/>
</kw>
<status status="PASS" start="2024-06-24T19:12:52.013460" elapsed="0.001847"/>
</kw>
<status status="PASS" start="2024-06-24T19:12:52.012803" elapsed="0.002711"/>
</test>
<test id="s1-s1-t2" name="Validar retorno 200 e JSON Válido" line="16">
<kw name="Teste de Requisicao Basica" owner="random-user-service">
<kw name="GET On Session" owner="RequestsLibrary">
<msg time="2024-06-24T19:12:52.268183" level="INFO">GET Request : url=https://randomuser.me/api 
 path_url=/api 
 headers={'User-Agent': 'python-requests/2.32.3', 'Accept-Encoding': 'gzip, deflate', 'Accept': '*/*', 'Connection': 'keep-alive'} 
 body=None 
 </msg>
<msg time="2024-06-24T19:12:52.268343" level="INFO">GET Response : url=https://randomuser.me/api 
 status=200, reason=OK 
 headers={'Date': 'Mon, 24 Jun 2024 19:12:52 GMT', 'Content-Type': 'application/json; charset=utf-8', 'Transfer-Encoding': 'chunked', 'Connection': 'keep-alive', 'X-Powered-By': 'Express', 'Access-Control-Allow-Origin': '*', 'Cache-Control': 'no-cache', 'ETag': 'W/"48b-ktfuao1z4mDyPYHOOwKNRc4awfA"', 'Vary': 'Accept-Encoding', 'Content-Encoding': 'gzip', 'CF-Cache-Status': 'DYNAMIC', 'Report-To': '{"endpoints":[{"url":"https:\\/\\/a.nel.cloudflare.com\\/report\\/v4?s=4O1EgBTEk7i85OJLPWtqlQqS3EZF3PPJBsOX7JzB4P9dos0tFHTMRrqfk2pSy6VNHoEPC4x0z%2Fpf3jb67CpOk77Wq7T0%2B6mHWivuzr7p%2B8WDaBQWO7knWNhhQWHm6NiI"}],"group":"cf-nel","max_age":604800}', 'NEL': '{"success_fraction":0,"report_to":"cf-nel","max_age":604800}', 'Server': 'cloudflare', 'CF-RAY': '898f082659a85ae1-IAD', 'alt-svc': 'h3=":443"; ma=86400'} 
 body={"results":[{"gender":"male","name":{"title":"Mr","first":"Amit","last":"Gatty"},"location":{"street":{"number":3893,"name":"Dadabhai Naoroji Rd"},"city":"North Dumdum","state":"Bihar","country":"India","postcode":93595,"coordinates":{"latitude":"11.1497","longitude":"-54.5981"},"timezone":{"offset":"+8:00","description":"Beijing, Perth, Singapore, Hong Kong"}},"email":"amit.gatty@example.com","login":{"uuid":"14d64b1e-4fa9-4872-9238-6d2c0a0fad54","username":"brownleopard459","password":"bond","salt":"q9PLFEj1","md5":"49bd3bc7e3ee3e91dd81c3255fb9f38b","sha1":"f8d6303b3fb343fda29598ff928b764999410347","sha256":"d3900fbe83f1f709c463722f8d731f3ea401e17a4034b5b7d77ac1473ddb5241"},"dob":{"date":"1992-11-04T05:05:15.631Z","age":31},"registered":{"date":"2005-08-24T09:49:06.560Z","age":18},"phone":"7609683218","cell":"8993886609","id":{"name":"UIDAI","value":"436604305742"},"picture":{"large":"https://randomuser.me/api/portraits/men/81.jpg","medium":"https://randomuser.me/api/portraits/med/men/81.jpg","thumbnail":"https://randomuser.me/api/portraits/thumb/men/81.jpg"},"nat":"IN"}],"info":{"seed":"ec50c461ce28ae93","results":1,"page":1,"version":"1.4"}} 
 </msg>
<msg time="2024-06-24T19:12:52.268426" level="INFO">/opt/hostedtoolcache/Python/3.12.4/x64/lib/python3.12/site-packages/urllib3/connectionpool.py:1099: InsecureRequestWarning: Unverified HTTPS request is being made to host 'randomuser.me'. Adding certificate verification is strongly advised. See: https://urllib3.readthedocs.io/en/latest/advanced-usage.html#tls-warnings
  warnings.warn(</msg>
<msg time="2024-06-24T19:12:52.268595" level="INFO">${response} = &lt;Response [200]&gt;</msg>
<var>${response}</var>
<arg>consultarAPI</arg>
<arg>/api</arg>
<doc>Sends a GET request on a previously created HTTP Session.</doc>
<status status="PASS" start="2024-06-24T19:12:52.018331" elapsed="0.250308"/>
</kw>
<kw name="Should Be Equal As Numbers" owner="BuiltIn">
<msg time="2024-06-24T19:12:52.269712" level="INFO">Argument types are:
&lt;class 'int'&gt;
&lt;class 'str'&gt;</msg>
<arg>${response.status_code}</arg>
<arg>200</arg>
<doc>Fails if objects are unequal after converting them to real numbers.</doc>
<status status="PASS" start="2024-06-24T19:12:52.269199" elapsed="0.000586"/>
</kw>
<kw name="Log" owner="BuiltIn">
<msg time="2024-06-24T19:12:52.270459" level="INFO">200</msg>
<arg>${response.status_code}</arg>
<doc>Logs the given message with the given level.</doc>
<status status="PASS" start="2024-06-24T19:12:52.270110" elapsed="0.000392"/>
</kw>
<kw name="Set Variable" owner="BuiltIn">
<msg time="2024-06-24T19:12:52.271249" level="INFO">${json_data} = {'results': [{'gender': 'male', 'name': {'title': 'Mr', 'first': 'Amit', 'last': 'Gatty'}, 'location': {'street': {'number': 3893, 'name': 'Dadabhai Naoroji Rd'}, 'city': 'North Dumdum', 'state': 'Bih...</msg>
<var>${json_data}</var>
<arg>${response.json()}</arg>
<doc>Returns the given values which can then be assigned to a variables.</doc>
<status status="PASS" start="2024-06-24T19:12:52.270805" elapsed="0.000472"/>
</kw>
<kw name="Dictionary Should Contain Key" owner="Collections">
<arg>${json_data}</arg>
<arg>results</arg>
<doc>Fails if ``key`` is not found from ``dictionary``.</doc>
<status status="PASS" start="2024-06-24T19:12:52.271575" elapsed="0.000172"/>
</kw>
<status status="PASS" start="2024-06-24T19:12:52.018066" elapsed="0.253836"/>
</kw>
<doc>Testa se a API responde corretamente e retorna um objeto JSON válido.</doc>
<tag>testeRequisicaoBasica</tag>
<status status="PASS" start="2024-06-24T19:12:52.017518" elapsed="0.254564"/>
</test>
<test id="s1-s1-t3" name="Validar estrutura de resposta" line="22">
<kw name="Teste de Estrutura de Resposta" owner="random-user-service">
<kw name="GET On Session" owner="RequestsLibrary">
<msg time="2024-06-24T19:12:52.358163" level="INFO">GET Request : url=https://randomuser.me/api 
 path_url=/api 
 headers={'User-Agent': 'python-requests/2.32.3', 'Accept-Encoding': 'gzip, deflate', 'Accept': '*/*', 'Connection': 'keep-alive'} 
 body=None 
 </msg>
<msg time="2024-06-24T19:12:52.358279" level="INFO">GET Response : url=https://randomuser.me/api 
 status=200, reason=OK 
 headers={'Date': 'Mon, 24 Jun 2024 19:12:52 GMT', 'Content-Type': 'application/json; charset=utf-8', 'Transfer-Encoding': 'chunked', 'Connection': 'keep-alive', 'X-Powered-By': 'Express', 'Access-Control-Allow-Origin': '*', 'Cache-Control': 'no-cache', 'ETag': 'W/"47b-g6+ZWzGOXtBoW3hi4mQv8jij7BM"', 'Vary': 'Accept-Encoding', 'Content-Encoding': 'gzip', 'CF-Cache-Status': 'DYNAMIC', 'Report-To': '{"endpoints":[{"url":"https:\\/\\/a.nel.cloudflare.com\\/report\\/v4?s=2L5Xysca2h5%2BPC5PJGk4wiYSAJRvf8J%2F7JRJNDzhR8sprLF9hfGvhhAtMUJs0ciDClDkP8Rr3iTTburZjs3xwOtj9wrfnny0XOSDRwymUZkAFagVV0AlcaTHKu9boWnF"}],"group":"cf-nel","max_age":604800}', 'NEL': '{"success_fraction":0,"report_to":"cf-nel","max_age":604800}', 'Server': 'cloudflare', 'CF-RAY': '898f0826b9f85ae1-IAD', 'alt-svc': 'h3=":443"; ma=86400'} 
 body={"results":[{"gender":"male","name":{"title":"Mr","first":"Dorian","last":"Duval"},"location":{"street":{"number":438,"name":"Rue Duquesne"},"city":"Nancy","state":"Bas-Rhin","country":"France","postcode":13277,"coordinates":{"latitude":"-19.8862","longitude":"-66.9523"},"timezone":{"offset":"+9:30","description":"Adelaide, Darwin"}},"email":"dorian.duval@example.com","login":{"uuid":"34e0e810-c9b4-44a2-b435-35af127f29b7","username":"brownfrog294","password":"danger","salt":"UITsqNiE","md5":"9bf3d2a83c4dcab4ff93b1ed0ea72183","sha1":"0fb71a0e82cf5303558cd3c105ee1c610485315f","sha256":"5bd2dfaec1ae76a1d53628dac3f7bdced677b78df02cba4e87a0c45d3accdd42"},"dob":{"date":"1964-07-22T17:17:26.231Z","age":59},"registered":{"date":"2014-11-27T15:54:05.532Z","age":9},"phone":"01-14-91-57-43","cell":"06-71-77-35-91","id":{"name":"INSEE","value":"1640654577348 07"},"picture":{"large":"https://randomuser.me/api/portraits/men/97.jpg","medium":"https://randomuser.me/api/portraits/med/men/97.jpg","thumbnail":"https://randomuser.me/api/portraits/thumb/men/97.jpg"},"nat":"FR"}],"info":{"seed":"8aee11e2f3bc52e5","results":1,"page":1,"version":"1.4"}} 
 </msg>
<msg time="2024-06-24T19:12:52.358414" level="INFO">/opt/hostedtoolcache/Python/3.12.4/x64/lib/python3.12/site-packages/urllib3/connectionpool.py:1099: InsecureRequestWarning: Unverified HTTPS request is being made to host 'randomuser.me'. Adding certificate verification is strongly advised. See: https://urllib3.readthedocs.io/en/latest/advanced-usage.html#tls-warnings
  warnings.warn(</msg>
<msg time="2024-06-24T19:12:52.358562" level="INFO">${response} = &lt;Response [200]&gt;</msg>
<var>${response}</var>
<arg>consultarAPI</arg>
<arg>/api</arg>
<doc>Sends a GET request on a previously created HTTP Session.</doc>
<status status="PASS" start="2024-06-24T19:12:52.274826" elapsed="0.083781"/>
</kw>
<kw name="Set Variable" owner="BuiltIn">
<msg time="2024-06-24T19:12:52.359655" level="INFO">${json_data} = {'results': [{'gender': 'male', 'name': {'title': 'Mr', 'first': 'Dorian', 'last': 'Duval'}, 'location': {'street': {'number': 438, 'name': 'Rue Duquesne'}, 'city': 'Nancy', 'state': 'Bas-Rhin', 'coun...</msg>
<var>${json_data}</var>
<arg>${response.json()}</arg>
<doc>Returns the given values which can then be assigned to a variables.</doc>
<status status="PASS" start="2024-06-24T19:12:52.359138" elapsed="0.000546"/>
</kw>
<kw name="Log" owner="BuiltIn">
<msg time="2024-06-24T19:12:52.360175" level="INFO">{'results': [{'gender': 'male', 'name': {'title': 'Mr', 'first': 'Dorian', 'last': 'Duval'}, 'location': {'street': {'number': 438, 'name': 'Rue Duquesne'}, 'city': 'Nancy', 'state': 'Bas-Rhin', 'country': 'France', 'postcode': 13277, 'coordinates': {'latitude': '-19.8862', 'longitude': '-66.9523'}, 'timezone': {'offset': '+9:30', 'description': 'Adelaide, Darwin'}}, 'email': 'dorian.duval@example.com', 'login': {'uuid': '34e0e810-c9b4-44a2-b435-35af127f29b7', 'username': 'brownfrog294', 'password': 'danger', 'salt': 'UITsqNiE', 'md5': '9bf3d2a83c4dcab4ff93b1ed0ea72183', 'sha1': '0fb71a0e82cf5303558cd3c105ee1c610485315f', 'sha256': '5bd2dfaec1ae76a1d53628dac3f7bdced677b78df02cba4e87a0c45d3accdd42'}, 'dob': {'date': '1964-07-22T17:17:26.231Z', 'age': 59}, 'registered': {'date': '2014-11-27T15:54:05.532Z', 'age': 9}, 'phone': '01-14-91-57-43', 'cell': '06-71-77-35-91', 'id': {'name': 'INSEE', 'value': '1640654577348 07'}, 'picture': {'large': 'https://randomuser.me/api/portraits/men/97.jpg', 'medium': 'https://randomuser.me/api/portraits/med/men/97.jpg', 'thumbnail': 'https://randomuser.me/api/portraits/thumb/men/97.jpg'}, 'nat': 'FR'}], 'info': {'seed': '8aee11e2f3bc52e5', 'results': 1, 'page': 1, 'version': '1.4'}}</msg>
<arg>${json_data}</arg>
<doc>Logs the given message with the given level.</doc>
<status status="PASS" start="2024-06-24T19:12:52.359996" elapsed="0.000229"/>
</kw>
<kw name="Dictionary Should Contain Key" owner="Collections">
<arg>${json_data}</arg>
<arg>results</arg>
<doc>Fails if ``key`` is not found from ``dictionary``.</doc>
<status status="PASS" start="2024-06-24T19:12:52.360537" elapsed="0.000161"/>
</kw>
<kw name="Should Not Be Empty" owner="BuiltIn">
<msg time="2024-06-24T19:12:52.361006" level="INFO">Length is 2.</msg>
<arg>${json_data}</arg>
<doc>Verifies that the given item is not empty.</doc>
<status status="PASS" start="2024-06-24T19:12:52.360881" elapsed="0.000164"/>
</kw>
<kw name="Create List" owner="BuiltIn">
<msg time="2024-06-24T19:12:52.361673" level="INFO">${expected_keys} = ['gender', 'name', 'location', 'email', 'login']</msg>
<var>${expected_keys}</var>
<arg>gender</arg>
<arg>name</arg>
<arg>location</arg>
<arg>email</arg>
<arg>login</arg>
<doc>Returns a list containing given items.</doc>
<status status="PASS" start="2024-06-24T19:12:52.361333" elapsed="0.000366"/>
</kw>
<for flavor="IN">
<iter>
<kw name="Dictionary Should Contain Key" owner="Collections">
<arg>${json_data['results'][0]}</arg>
<arg>${key}</arg>
<doc>Fails if ``key`` is not found from ``dictionary``.</doc>
<status status="PASS" start="2024-06-24T19:12:52.362299" elapsed="0.000410"/>
</kw>
<kw name="Log" owner="BuiltIn">
<msg time="2024-06-24T19:12:52.363256" level="INFO">{'gender': 'male', 'name': {'title': 'Mr', 'first': 'Dorian', 'last': 'Duval'}, 'location': {'street': {'number': 438, 'name': 'Rue Duquesne'}, 'city': 'Nancy', 'state': 'Bas-Rhin', 'country': 'France', 'postcode': 13277, 'coordinates': {'latitude': '-19.8862', 'longitude': '-66.9523'}, 'timezone': {'offset': '+9:30', 'description': 'Adelaide, Darwin'}}, 'email': 'dorian.duval@example.com', 'login': {'uuid': '34e0e810-c9b4-44a2-b435-35af127f29b7', 'username': 'brownfrog294', 'password': 'danger', 'salt': 'UITsqNiE', 'md5': '9bf3d2a83c4dcab4ff93b1ed0ea72183', 'sha1': '0fb71a0e82cf5303558cd3c105ee1c610485315f', 'sha256': '5bd2dfaec1ae76a1d53628dac3f7bdced677b78df02cba4e87a0c45d3accdd42'}, 'dob': {'date': '1964-07-22T17:17:26.231Z', 'age': 59}, 'registered': {'date': '2014-11-27T15:54:05.532Z', 'age': 9}, 'phone': '01-14-91-57-43', 'cell': '06-71-77-35-91', 'id': {'name': 'INSEE', 'value': '1640654577348 07'}, 'picture': {'large': 'https://randomuser.me/api/portraits/men/97.jpg', 'medium': 'https://randomuser.me/api/portraits/med/men/97.jpg', 'thumbnail': 'https://randomuser.me/api/portraits/thumb/men/97.jpg'}, 'nat': 'FR'}</msg>
<arg>${json_data['results'][0]}</arg>
<doc>Logs the given message with the given level.</doc>
<status status="PASS" start="2024-06-24T19:12:52.362898" elapsed="0.000410"/>
</kw>
<kw name="Log" owner="BuiltIn">
<msg time="2024-06-24T19:12:52.363752" level="INFO">gender</msg>
<arg>${key}</arg>
<doc>Logs the given message with the given level.</doc>
<status status="PASS" start="2024-06-24T19:12:52.363622" elapsed="0.000170"/>
</kw>
<var name="${key}">gender</var>
<status status="PASS" start="2024-06-24T19:12:52.362175" elapsed="0.001839"/>
</iter>
<iter>
<kw name="Dictionary Should Contain Key" owner="Collections">
<arg>${json_data['results'][0]}</arg>
<arg>${key}</arg>
<doc>Fails if ``key`` is not found from ``dictionary``.</doc>
<status status="PASS" start="2024-06-24T19:12:52.364308" elapsed="0.000395"/>
</kw>
<kw name="Log" owner="BuiltIn">
<msg time="2024-06-24T19:12:52.365247" level="INFO">{'gender': 'male', 'name': {'title': 'Mr', 'first': 'Dorian', 'last': 'Duval'}, 'location': {'street': {'number': 438, 'name': 'Rue Duquesne'}, 'city': 'Nancy', 'state': 'Bas-Rhin', 'country': 'France', 'postcode': 13277, 'coordinates': {'latitude': '-19.8862', 'longitude': '-66.9523'}, 'timezone': {'offset': '+9:30', 'description': 'Adelaide, Darwin'}}, 'email': 'dorian.duval@example.com', 'login': {'uuid': '34e0e810-c9b4-44a2-b435-35af127f29b7', 'username': 'brownfrog294', 'password': 'danger', 'salt': 'UITsqNiE', 'md5': '9bf3d2a83c4dcab4ff93b1ed0ea72183', 'sha1': '0fb71a0e82cf5303558cd3c105ee1c610485315f', 'sha256': '5bd2dfaec1ae76a1d53628dac3f7bdced677b78df02cba4e87a0c45d3accdd42'}, 'dob': {'date': '1964-07-22T17:17:26.231Z', 'age': 59}, 'registered': {'date': '2014-11-27T15:54:05.532Z', 'age': 9}, 'phone': '01-14-91-57-43', 'cell': '06-71-77-35-91', 'id': {'name': 'INSEE', 'value': '1640654577348 07'}, 'picture': {'large': 'https://randomuser.me/api/portraits/men/97.jpg', 'medium': 'https://randomuser.me/api/portraits/med/men/97.jpg', 'thumbnail': 'https://randomuser.me/api/portraits/thumb/men/97.jpg'}, 'nat': 'FR'}</msg>
<arg>${json_data['results'][0]}</arg>
<doc>Logs the given message with the given level.</doc>
<status status="PASS" start="2024-06-24T19:12:52.364890" elapsed="0.000438"/>
</kw>
<kw name="Log" owner="BuiltIn">
<msg time="2024-06-24T19:12:52.365779" level="INFO">name</msg>
<arg>${key}</arg>
<doc>Logs the given message with the given level.</doc>
<status status="PASS" start="2024-06-24T19:12:52.365647" elapsed="0.000171"/>
</kw>
<var name="${key}">name</var>
<status status="PASS" start="2024-06-24T19:12:52.364198" elapsed="0.001840"/>
</iter>
<iter>
<kw name="Dictionary Should Contain Key" owner="Collections">
<arg>${json_data['results'][0]}</arg>
<arg>${key}</arg>
<doc>Fails if ``key`` is not found from ``dictionary``.</doc>
<status status="PASS" start="2024-06-24T19:12:52.366319" elapsed="0.000390"/>
</kw>
<kw name="Log" owner="BuiltIn">
<msg time="2024-06-24T19:12:52.367248" level="INFO">{'gender': 'male', 'name': {'title': 'Mr', 'first': 'Dorian', 'last': 'Duval'}, 'location': {'street': {'number': 438, 'name': 'Rue Duquesne'}, 'city': 'Nancy', 'state': 'Bas-Rhin', 'country': 'France', 'postcode': 13277, 'coordinates': {'latitude': '-19.8862', 'longitude': '-66.9523'}, 'timezone': {'offset': '+9:30', 'description': 'Adelaide, Darwin'}}, 'email': 'dorian.duval@example.com', 'login': {'uuid': '34e0e810-c9b4-44a2-b435-35af127f29b7', 'username': 'brownfrog294', 'password': 'danger', 'salt': 'UITsqNiE', 'md5': '9bf3d2a83c4dcab4ff93b1ed0ea72183', 'sha1': '0fb71a0e82cf5303558cd3c105ee1c610485315f', 'sha256': '5bd2dfaec1ae76a1d53628dac3f7bdced677b78df02cba4e87a0c45d3accdd42'}, 'dob': {'date': '1964-07-22T17:17:26.231Z', 'age': 59}, 'registered': {'date': '2014-11-27T15:54:05.532Z', 'age': 9}, 'phone': '01-14-91-57-43', 'cell': '06-71-77-35-91', 'id': {'name': 'INSEE', 'value': '1640654577348 07'}, 'picture': {'large': 'https://randomuser.me/api/portraits/men/97.jpg', 'medium': 'https://randomuser.me/api/portraits/med/men/97.jpg', 'thumbnail': 'https://randomuser.me/api/portraits/thumb/men/97.jpg'}, 'nat': 'FR'}</msg>
<arg>${json_data['results'][0]}</arg>
<doc>Logs the given message with the given level.</doc>
<status status="PASS" start="2024-06-24T19:12:52.366890" elapsed="0.000408"/>
</kw>
<kw name="Log" owner="BuiltIn">
<msg time="2024-06-24T19:12:52.367714" level="INFO">location</msg>
<arg>${key}</arg>
<doc>Logs the given message with the given level.</doc>
<status status="PASS" start="2024-06-24T19:12:52.367588" elapsed="0.000165"/>
</kw>
<var name="${key}">location</var>
<status status="PASS" start="2024-06-24T19:12:52.366213" elapsed="0.001753"/>
</iter>
<iter>
<kw name="Dictionary Should Contain Key" owner="Collections">
<arg>${json_data['results'][0]}</arg>
<arg>${key}</arg>
<doc>Fails if ``key`` is not found from ``dictionary``.</doc>
<status status="PASS" start="2024-06-24T19:12:52.368245" elapsed="0.000385"/>
</kw>
<kw name="Log" owner="BuiltIn">
<msg time="2024-06-24T19:12:52.369168" level="INFO">{'gender': 'male', 'name': {'title': 'Mr', 'first': 'Dorian', 'last': 'Duval'}, 'location': {'street': {'number': 438, 'name': 'Rue Duquesne'}, 'city': 'Nancy', 'state': 'Bas-Rhin', 'country': 'France', 'postcode': 13277, 'coordinates': {'latitude': '-19.8862', 'longitude': '-66.9523'}, 'timezone': {'offset': '+9:30', 'description': 'Adelaide, Darwin'}}, 'email': 'dorian.duval@example.com', 'login': {'uuid': '34e0e810-c9b4-44a2-b435-35af127f29b7', 'username': 'brownfrog294', 'password': 'danger', 'salt': 'UITsqNiE', 'md5': '9bf3d2a83c4dcab4ff93b1ed0ea72183', 'sha1': '0fb71a0e82cf5303558cd3c105ee1c610485315f', 'sha256': '5bd2dfaec1ae76a1d53628dac3f7bdced677b78df02cba4e87a0c45d3accdd42'}, 'dob': {'date': '1964-07-22T17:17:26.231Z', 'age': 59}, 'registered': {'date': '2014-11-27T15:54:05.532Z', 'age': 9}, 'phone': '01-14-91-57-43', 'cell': '06-71-77-35-91', 'id': {'name': 'INSEE', 'value': '1640654577348 07'}, 'picture': {'large': 'https://randomuser.me/api/portraits/men/97.jpg', 'medium': 'https://randomuser.me/api/portraits/med/men/97.jpg', 'thumbnail': 'https://randomuser.me/api/portraits/thumb/men/97.jpg'}, 'nat': 'FR'}</msg>
<arg>${json_data['results'][0]}</arg>
<doc>Logs the given message with the given level.</doc>
<status status="PASS" start="2024-06-24T19:12:52.368815" elapsed="0.000407"/>
</kw>
<kw name="Log" owner="BuiltIn">
<msg time="2024-06-24T19:12:52.369675" level="INFO">email</msg>
<arg>${key}</arg>
<doc>Logs the given message with the given level.</doc>
<status status="PASS" start="2024-06-24T19:12:52.369520" elapsed="0.000197"/>
</kw>
<var name="${key}">email</var>
<status status="PASS" start="2024-06-24T19:12:52.368140" elapsed="0.001802"/>
</iter>
<iter>
<kw name="Dictionary Should Contain Key" owner="Collections">
<arg>${json_data['results'][0]}</arg>
<arg>${key}</arg>
<doc>Fails if ``key`` is not found from ``dictionary``.</doc>
<status status="PASS" start="2024-06-24T19:12:52.370221" elapsed="0.000388"/>
</kw>
<kw name="Log" owner="BuiltIn">
<msg time="2024-06-24T19:12:52.371140" level="INFO">{'gender': 'male', 'name': {'title': 'Mr', 'first': 'Dorian', 'last': 'Duval'}, 'location': {'street': {'number': 438, 'name': 'Rue Duquesne'}, 'city': 'Nancy', 'state': 'Bas-Rhin', 'country': 'France', 'postcode': 13277, 'coordinates': {'latitude': '-19.8862', 'longitude': '-66.9523'}, 'timezone': {'offset': '+9:30', 'description': 'Adelaide, Darwin'}}, 'email': 'dorian.duval@example.com', 'login': {'uuid': '34e0e810-c9b4-44a2-b435-35af127f29b7', 'username': 'brownfrog294', 'password': 'danger', 'salt': 'UITsqNiE', 'md5': '9bf3d2a83c4dcab4ff93b1ed0ea72183', 'sha1': '0fb71a0e82cf5303558cd3c105ee1c610485315f', 'sha256': '5bd2dfaec1ae76a1d53628dac3f7bdced677b78df02cba4e87a0c45d3accdd42'}, 'dob': {'date': '1964-07-22T17:17:26.231Z', 'age': 59}, 'registered': {'date': '2014-11-27T15:54:05.532Z', 'age': 9}, 'phone': '01-14-91-57-43', 'cell': '06-71-77-35-91', 'id': {'name': 'INSEE', 'value': '1640654577348 07'}, 'picture': {'large': 'https://randomuser.me/api/portraits/men/97.jpg', 'medium': 'https://randomuser.me/api/portraits/med/men/97.jpg', 'thumbnail': 'https://randomuser.me/api/portraits/thumb/men/97.jpg'}, 'nat': 'FR'}</msg>
<arg>${json_data['results'][0]}</arg>
<doc>Logs the given message with the given level.</doc>
<status status="PASS" start="2024-06-24T19:12:52.370793" elapsed="0.000395"/>
</kw>
<kw name="Log" owner="BuiltIn">
<msg time="2024-06-24T19:12:52.371611" level="INFO">login</msg>
<arg>${key}</arg>
<doc>Logs the given message with the given level.</doc>
<status status="PASS" start="2024-06-24T19:12:52.371483" elapsed="0.000166"/>
</kw>
<var name="${key}">login</var>
<status status="PASS" start="2024-06-24T19:12:52.370115" elapsed="0.001747"/>
</iter>
<var>${key}</var>
<value>@{expected_keys}</value>
<status status="PASS" start="2024-06-24T19:12:52.361973" elapsed="0.010009"/>
</for>
<kw name="Create List" owner="BuiltIn">
<msg time="2024-06-24T19:12:52.372308" level="INFO">${expected_keysTwo} = ['username', 'password']</msg>
<var>${expected_keysTwo}</var>
<arg>username</arg>
<arg>password</arg>
<doc>Returns a list containing given items.</doc>
<status status="PASS" start="2024-06-24T19:12:52.372172" elapsed="0.000161"/>
</kw>
<for flavor="IN">
<iter>
<kw name="Dictionary Should Contain Key" owner="Collections">
<arg>${json_data['results'][0]['login']}</arg>
<arg>${keyTwo}</arg>
<doc>Fails if ``key`` is not found from ``dictionary``.</doc>
<status status="PASS" start="2024-06-24T19:12:52.372858" elapsed="0.000385"/>
</kw>
<kw name="Dictionary Should Contain Key" owner="Collections">
<arg>${json_data['results'][0]['login']}</arg>
<arg>${keyTwo}</arg>
<doc>Fails if ``key`` is not found from ``dictionary``.</doc>
<status status="PASS" start="2024-06-24T19:12:52.373428" elapsed="0.000408"/>
</kw>
<kw name="Log" owner="BuiltIn">
<msg time="2024-06-24T19:12:52.374133" level="INFO">username</msg>
<arg>${keyTwo}</arg>
<doc>Logs the given message with the given level.</doc>
<status status="PASS" start="2024-06-24T19:12:52.374013" elapsed="0.000158"/>
</kw>
<var name="${keyTwo}">username</var>
<status status="PASS" start="2024-06-24T19:12:52.372750" elapsed="0.001642"/>
</iter>
<iter>
<kw name="Dictionary Should Contain Key" owner="Collections">
<arg>${json_data['results'][0]['login']}</arg>
<arg>${keyTwo}</arg>
<doc>Fails if ``key`` is not found from ``dictionary``.</doc>
<status status="PASS" start="2024-06-24T19:12:52.374663" elapsed="0.000384"/>
</kw>
<kw name="Dictionary Should Contain Key" owner="Collections">
<arg>${json_data['results'][0]['login']}</arg>
<arg>${keyTwo}</arg>
<doc>Fails if ``key`` is not found from ``dictionary``.</doc>
<status status="PASS" start="2024-06-24T19:12:52.375222" elapsed="0.000380"/>
</kw>
<kw name="Log" owner="BuiltIn">
<msg time="2024-06-24T19:12:52.375898" level="INFO">password</msg>
<arg>${keyTwo}</arg>
<doc>Logs the given message with the given level.</doc>
<status status="PASS" start="2024-06-24T19:12:52.375778" elapsed="0.000157"/>
</kw>
<var name="${keyTwo}">password</var>
<status status="PASS" start="2024-06-24T19:12:52.374559" elapsed="0.001690"/>
</iter>
<var>${keyTwo}</var>
<value>@{expected_keysTwo}</value>
<status status="PASS" start="2024-06-24T19:12:52.372593" elapsed="0.003777"/>
</for>
<status status="PASS" start="2024-06-24T19:12:52.274587" elapsed="0.101927"/>
</kw>
<doc>Testa a estrutura da resposta da API.</doc>
<tag>testeEstruturaResposta</tag>
<status status="PASS" start="2024-06-24T19:12:52.273982" elapsed="0.102692"/>
</test>
<test id="s1-s1-t4" name="Validar tipos de dados" line="28">
<kw name="Teste de Tipos de Dados" owner="random-user-service">
<kw name="GET On Session" owner="RequestsLibrary">
<msg time="2024-06-24T19:12:52.466533" level="INFO">GET Request : url=https://randomuser.me/api 
 path_url=/api 
 headers={'User-Agent': 'python-requests/2.32.3', 'Accept-Encoding': 'gzip, deflate', 'Accept': '*/*', 'Connection': 'keep-alive'} 
 body=None 
 </msg>
<msg time="2024-06-24T19:12:52.466632" level="INFO">GET Response : url=https://randomuser.me/api 
 status=200, reason=OK 
 headers={'Date': 'Mon, 24 Jun 2024 19:12:52 GMT', 'Content-Type': 'application/json; charset=utf-8', 'Transfer-Encoding': 'chunked', 'Connection': 'keep-alive', 'X-Powered-By': 'Express', 'Access-Control-Allow-Origin': '*', 'Cache-Control': 'no-cache', 'ETag': 'W/"496-pX6dv8IndJxXrRDAh2XkERqbUxI"', 'Vary': 'Accept-Encoding', 'Content-Encoding': 'gzip', 'CF-Cache-Status': 'DYNAMIC', 'Report-To': '{"endpoints":[{"url":"https:\\/\\/a.nel.cloudflare.com\\/report\\/v4?s=Sj%2BDWl52kzTEu%2FweFRkftcNkC8GMBwzP2oh40r%2B%2FHK5xw%2FcyPUBEhuxfoAvHFusJQQfvDCVoAX5xjLHe72AiA0fehfIxPBGWFrTf5JCld9Nf5fX2NG9pNc4mZnmMQIq0"}],"group":"cf-nel","max_age":604800}', 'NEL': '{"success_fraction":0,"report_to":"cf-nel","max_age":604800}', 'Server': 'cloudflare', 'CF-RAY': '898f08276a7c5ae1-IAD', 'alt-svc': 'h3=":443"; ma=86400'} 
 body={"results":[{"gender":"female","name":{"title":"Mrs","first":"آدرینا","last":"نجاتی"},"location":{"street":{"number":3430,"name":"نبرد"},"city":"قرچک","state":"ایلام","country":"Iran","postcode":27228,"coordinates":{"latitude":"20.7570","longitude":"169.4002"},"timezone":{"offset":"+11:00","description":"Magadan, Solomon Islands, New Caledonia"}},"email":"adryn.njty@example.com","login":{"uuid":"0baf5da2-3673-448e-a11d-3da2a20db711","username":"ticklishelephant839","password":"bambam","salt":"AEmsG66d","md5":"10b8f6102df129bb719d9679c973773c","sha1":"60f0f0c1d1211f109d2b6476ed985a782efe6683","sha256":"286c3415657198f941f34ef4257fdbafb4e8075680b5bdaf2f51b7b63482cac1"},"dob":{"date":"1983-02-16T13:10:52.583Z","age":41},"registered":{"date":"2005-07-07T16:27:18.429Z","age":18},"phone":"010-87410654","cell":"0943-996-4161","id":{"name":"","value":null},"picture":{"large":"https://randomuser.me/api/portraits/women/61.jpg","medium":"https://randomuser.me/api/portraits/med/women/61.jpg","thumbnail":"https://randomuser.me/api/portraits/thumb/women/61.jpg"},"nat":"IR"}],"info":{"seed":"006babadc4f15b22","results":1,"page":1,"version":"1.4"}} 
 </msg>
<msg time="2024-06-24T19:12:52.466706" level="INFO">/opt/hostedtoolcache/Python/3.12.4/x64/lib/python3.12/site-packages/urllib3/connectionpool.py:1099: InsecureRequestWarning: Unverified HTTPS request is being made to host 'randomuser.me'. Adding certificate verification is strongly advised. See: https://urllib3.readthedocs.io/en/latest/advanced-usage.html#tls-warnings
  warnings.warn(</msg>
<msg time="2024-06-24T19:12:52.466850" level="INFO">${response} = &lt;Response [200]&gt;</msg>
<var>${response}</var>
<arg>consultarAPI</arg>
<arg>/api</arg>
<doc>Sends a GET request on a previously created HTTP Session.</doc>
<status status="PASS" start="2024-06-24T19:12:52.379309" elapsed="0.087585"/>
</kw>
<kw name="Set Variable" owner="BuiltIn">
<msg time="2024-06-24T19:12:52.467949" level="INFO">${json_data} = {'results': [{'gender': 'female', 'name': {'title': 'Mrs', 'first': 'آدرینا', 'last': 'نجاتی'}, 'location': {'street': {'number': 3430, 'name': 'نبرد'}, 'city': 'قرچک', 'state': 'ایلام', 'country': 'I...</msg>
<var>${json_data}</var>
<arg>${response.json()}</arg>
<doc>Returns the given values which can then be assigned to a variables.</doc>
<status status="PASS" start="2024-06-24T19:12:52.467413" elapsed="0.000566"/>
</kw>
<kw name="Log" owner="BuiltIn">
<msg time="2024-06-24T19:12:52.468467" level="INFO">{'results': [{'gender': 'female', 'name': {'title': 'Mrs', 'first': 'آدرینا', 'last': 'نجاتی'}, 'location': {'street': {'number': 3430, 'name': 'نبرد'}, 'city': 'قرچک', 'state': 'ایلام', 'country': 'Iran', 'postcode': 27228, 'coordinates': {'latitude': '20.7570', 'longitude': '169.4002'}, 'timezone': {'offset': '+11:00', 'description': 'Magadan, Solomon Islands, New Caledonia'}}, 'email': 'adryn.njty@example.com', 'login': {'uuid': '0baf5da2-3673-448e-a11d-3da2a20db711', 'username': 'ticklishelephant839', 'password': 'bambam', 'salt': 'AEmsG66d', 'md5': '10b8f6102df129bb719d9679c973773c', 'sha1': '60f0f0c1d1211f109d2b6476ed985a782efe6683', 'sha256': '286c3415657198f941f34ef4257fdbafb4e8075680b5bdaf2f51b7b63482cac1'}, 'dob': {'date': '1983-02-16T13:10:52.583Z', 'age': 41}, 'registered': {'date': '2005-07-07T16:27:18.429Z', 'age': 18}, 'phone': '010-87410654', 'cell': '0943-996-4161', 'id': {'name': '', 'value': None}, 'picture': {'large': 'https://randomuser.me/api/portraits/women/61.jpg', 'medium': 'https://randomuser.me/api/portraits/med/women/61.jpg', 'thumbnail': 'https://randomuser.me/api/portraits/thumb/women/61.jpg'}, 'nat': 'IR'}], 'info': {'seed': '006babadc4f15b22', 'results': 1, 'page': 1, 'version': '1.4'}}</msg>
<arg>${json_data}</arg>
<doc>Logs the given message with the given level.</doc>
<status status="PASS" start="2024-06-24T19:12:52.468304" elapsed="0.000216"/>
</kw>
<kw name="Should Be String" owner="String">
<arg>${json_data['results'][0]['gender']}</arg>
<doc>Fails if the given ``item`` is not a string.</doc>
<status status="PASS" start="2024-06-24T19:12:52.468817" elapsed="0.000376"/>
</kw>
<kw name="Should Match Regexp" owner="BuiltIn">
<arg>${json_data['results'][0]['email']}</arg>
<arg>^[a-zA-Z0-9._%+-]+@[a-zA-Z0-9.-]+\.[a-zA-Z]{2,}$</arg>
<doc>Fails if ``string`` does not match ``pattern`` as a regular expression.</doc>
<status status="PASS" start="2024-06-24T19:12:52.469378" elapsed="0.000577"/>
</kw>
<kw name="Should Match Regexp" owner="BuiltIn">
<arg>${json_data['results'][0]['dob']['date']}</arg>
<arg>\\d{4}-\\d{2}-\\d{2}T\\d{2}:\\d{2}:\\d{2}\\.\\d{3}Z</arg>
<doc>Fails if ``string`` does not match ``pattern`` as a regular expression.</doc>
<status status="PASS" start="2024-06-24T19:12:52.470188" elapsed="0.000491"/>
</kw>
<kw name="Should Match Regexp" owner="BuiltIn">
<arg>${json_data['results'][0]['registered']['date']}</arg>
<arg>\\d{4}-\\d{2}-\\d{2}T\\d{2}:\\d{2}:\\d{2}\\.\\d{3}Z</arg>
<doc>Fails if ``string`` does not match ``pattern`` as a regular expression.</doc>
<status status="PASS" start="2024-06-24T19:12:52.470870" elapsed="0.000381"/>
</kw>
<kw name="Should Match Regexp" owner="BuiltIn">
<arg>${json_data['results'][0]['picture']['large']}</arg>
<arg>^https?://.*\.(?:png|jpe?g|gif|bmp)$</arg>
<doc>Fails if ``string`` does not match ``pattern`` as a regular expression.</doc>
<status status="PASS" start="2024-06-24T19:12:52.471435" elapsed="0.000465"/>
</kw>
<kw name="Should Match Regexp" owner="BuiltIn">
<arg>${json_data['results'][0]['picture']['medium']}</arg>
<arg>^https?://.*\.(?:png|jpe?g|gif|bmp)$</arg>
<doc>Fails if ``string`` does not match ``pattern`` as a regular expression.</doc>
<status status="PASS" start="2024-06-24T19:12:52.472084" elapsed="0.000355"/>
</kw>
<kw name="Should Match Regexp" owner="BuiltIn">
<arg>${json_data['results'][0]['picture']['thumbnail']}</arg>
<arg>^https?://.*\.(?:png|jpe?g|gif|bmp)$</arg>
<doc>Fails if ``string`` does not match ``pattern`` as a regular expression.</doc>
<status status="PASS" start="2024-06-24T19:12:52.472619" elapsed="0.000350"/>
</kw>
<kw name="Log" owner="BuiltIn">
<msg time="2024-06-24T19:12:52.473473" level="INFO">{'large': 'https://randomuser.me/api/portraits/women/61.jpg', 'medium': 'https://randomuser.me/api/portraits/med/women/61.jpg', 'thumbnail': 'https://randomuser.me/api/portraits/thumb/women/61.jpg'}</msg>
<arg>${json_data['results'][0]['picture']}</arg>
<doc>Logs the given message with the given level.</doc>
<status status="PASS" start="2024-06-24T19:12:52.473149" elapsed="0.000377"/>
</kw>
<status status="PASS" start="2024-06-24T19:12:52.379077" elapsed="0.094750"/>
</kw>
<kw name="Teste de Tipos de Dados - Postcode" owner="random-user-service">
<kw name="GET On Session" owner="RequestsLibrary">
<msg time="2024-06-24T19:12:52.557783" level="INFO">GET Request : url=https://randomuser.me/api 
 path_url=/api 
 headers={'User-Agent': 'python-requests/2.32.3', 'Accept-Encoding': 'gzip, deflate', 'Accept': '*/*', 'Connection': 'keep-alive'} 
 body=None 
 </msg>
<msg time="2024-06-24T19:12:52.557878" level="INFO">GET Response : url=https://randomuser.me/api 
 status=200, reason=OK 
 headers={'Date': 'Mon, 24 Jun 2024 19:12:52 GMT', 'Content-Type': 'application/json; charset=utf-8', 'Transfer-Encoding': 'chunked', 'Connection': 'keep-alive', 'X-Powered-By': 'Express', 'Access-Control-Allow-Origin': '*', 'Cache-Control': 'no-cache', 'ETag': 'W/"492-W8LGzgGKDZi2mRpVeHKNOzB9TJg"', 'Vary': 'Accept-Encoding', 'Content-Encoding': 'gzip', 'CF-Cache-Status': 'DYNAMIC', 'Report-To': '{"endpoints":[{"url":"https:\\/\\/a.nel.cloudflare.com\\/report\\/v4?s=lDoohLM5omPyn9fVR15UhTgkNKg1jl8WvsGEl1%2B10nZkmGQcI65ZLXGw%2F8v%2B3JYVeVGKYcH9giw6A5nffRxYTHn%2F9h8f0PQAgj8lqNgcTn3Py0xZMW%2BRAM7th1S2FiyC"}],"group":"cf-nel","max_age":604800}', 'NEL': '{"success_fraction":0,"report_to":"cf-nel","max_age":604800}', 'Server': 'cloudflare', 'CF-RAY': '898f0827fb025ae1-IAD', 'alt-svc': 'h3=":443"; ma=86400'} 
 body={"results":[{"gender":"female","name":{"title":"Ms","first":"Kathy","last":"Caldwell"},"location":{"street":{"number":4294,"name":"New Road"},"city":"New Ross","state":"Limerick","country":"Ireland","postcode":57302,"coordinates":{"latitude":"1.3599","longitude":"94.9111"},"timezone":{"offset":"+5:00","description":"Ekaterinburg, Islamabad, Karachi, Tashkent"}},"email":"kathy.caldwell@example.com","login":{"uuid":"81ba67b8-8d53-4fb6-9ba6-ea055744cbfc","username":"happywolf663","password":"native","salt":"Zum8TzMT","md5":"a9714b0dedeeea7712134b6a662df241","sha1":"7237c957a3300be98eb94532897e6a8c73945d9d","sha256":"dae499bbff4b1e380a38e0f14635ed3649d8206d280f9dc72c0f4c6fe20b44a9"},"dob":{"date":"1945-07-16T19:54:47.706Z","age":78},"registered":{"date":"2009-04-06T03:18:38.581Z","age":15},"phone":"041-237-7979","cell":"081-079-5626","id":{"name":"PPS","value":"1976018T"},"picture":{"large":"https://randomuser.me/api/portraits/women/30.jpg","medium":"https://randomuser.me/api/portraits/med/women/30.jpg","thumbnail":"https://randomuser.me/api/portraits/thumb/women/30.jpg"},"nat":"IE"}],"info":{"seed":"889a667d9b5e8bbf","results":1,"page":1,"version":"1.4"}} 
 </msg>
<msg time="2024-06-24T19:12:52.557946" level="INFO">/opt/hostedtoolcache/Python/3.12.4/x64/lib/python3.12/site-packages/urllib3/connectionpool.py:1099: InsecureRequestWarning: Unverified HTTPS request is being made to host 'randomuser.me'. Adding certificate verification is strongly advised. See: https://urllib3.readthedocs.io/en/latest/advanced-usage.html#tls-warnings
  warnings.warn(</msg>
<msg time="2024-06-24T19:12:52.558090" level="INFO">${response} = &lt;Response [200]&gt;</msg>
<var>${response}</var>
<arg>consultarAPI</arg>
<arg>/api</arg>
<doc>Sends a GET request on a previously created HTTP Session.</doc>
<status status="PASS" start="2024-06-24T19:12:52.474286" elapsed="0.083846"/>
</kw>
<kw name="Set Variable" owner="BuiltIn">
<msg time="2024-06-24T19:12:52.559151" level="INFO">${json_data} = {'results': [{'gender': 'female', 'name': {'title': 'Ms', 'first': 'Kathy', 'last': 'Caldwell'}, 'location': {'street': {'number': 4294, 'name': 'New Road'}, 'city': 'New Ross', 'state': 'Limerick', '...</msg>
<var>${json_data}</var>
<arg>${response.json()}</arg>
<doc>Returns the given values which can then be assigned to a variables.</doc>
<status status="PASS" start="2024-06-24T19:12:52.558631" elapsed="0.000548"/>
</kw>
<kw name="Log" owner="BuiltIn">
<msg time="2024-06-24T19:12:52.559636" level="INFO">{'results': [{'gender': 'female', 'name': {'title': 'Ms', 'first': 'Kathy', 'last': 'Caldwell'}, 'location': {'street': {'number': 4294, 'name': 'New Road'}, 'city': 'New Ross', 'state': 'Limerick', 'country': 'Ireland', 'postcode': 57302, 'coordinates': {'latitude': '1.3599', 'longitude': '94.9111'}, 'timezone': {'offset': '+5:00', 'description': 'Ekaterinburg, Islamabad, Karachi, Tashkent'}}, 'email': 'kathy.caldwell@example.com', 'login': {'uuid': '81ba67b8-8d53-4fb6-9ba6-ea055744cbfc', 'username': 'happywolf663', 'password': 'native', 'salt': 'Zum8TzMT', 'md5': 'a9714b0dedeeea7712134b6a662df241', 'sha1': '7237c957a3300be98eb94532897e6a8c73945d9d', 'sha256': 'dae499bbff4b1e380a38e0f14635ed3649d8206d280f9dc72c0f4c6fe20b44a9'}, 'dob': {'date': '1945-07-16T19:54:47.706Z', 'age': 78}, 'registered': {'date': '2009-04-06T03:18:38.581Z', 'age': 15}, 'phone': '041-237-7979', 'cell': '081-079-5626', 'id': {'name': 'PPS', 'value': '1976018T'}, 'picture': {'large': 'https://randomuser.me/api/portraits/women/30.jpg', 'medium': 'https://randomuser.me/api/portraits/med/women/30.jpg', 'thumbnail': 'https://randomuser.me/api/portraits/thumb/women/30.jpg'}, 'nat': 'IE'}], 'info': {'seed': '889a667d9b5e8bbf', 'results': 1, 'page': 1, 'version': '1.4'}}</msg>
<arg>${json_data}</arg>
<doc>Logs the given message with the given level.</doc>
<status status="PASS" start="2024-06-24T19:12:52.559483" elapsed="0.000201"/>
</kw>
<kw name="Should Be Equal As Numbers" owner="BuiltIn">
<arg>${json_data['results'][0]['location']['postcode']}</arg>
<arg>${json_data['results'][0]['location']['postcode']}</arg>
<doc>Fails if objects are unequal after converting them to real numbers.</doc>
<status status="PASS" start="2024-06-24T19:12:52.559975" elapsed="0.000611"/>
</kw>
<kw name="Log" owner="BuiltIn">
<msg time="2024-06-24T19:12:52.561280" level="INFO">57302</msg>
<arg>${json_data['results'][0]['location']['postcode']}</arg>
<doc>Logs the given message with the given level.</doc>
<status status="PASS" start="2024-06-24T19:12:52.560769" elapsed="0.000553"/>
</kw>
<status status="PASS" start="2024-06-24T19:12:52.474059" elapsed="0.087576"/>
</kw>
<doc>Testa se os tipos de dados na resposta da API estão corretos.</doc>
<tag>testeTiposDados</tag>
<status status="PASS" start="2024-06-24T19:12:52.378506" elapsed="0.183304"/>
</test>
<test id="s1-s1-t5" name="Validar conteudo" line="35">
<kw name="Teste de Tipos de Conteudo" owner="random-user-service">
<kw name="GET On Session" owner="RequestsLibrary">
<msg time="2024-06-24T19:12:52.977700" level="INFO">GET Request : url=https://randomuser.me/api 
 path_url=/api 
 headers={'User-Agent': 'python-requests/2.32.3', 'Accept-Encoding': 'gzip, deflate', 'Accept': '*/*', 'Connection': 'keep-alive'} 
 body=None 
 </msg>
<msg time="2024-06-24T19:12:52.977804" level="INFO">GET Response : url=https://randomuser.me/api 
 status=200, reason=OK 
 headers={'Date': 'Mon, 24 Jun 2024 19:12:52 GMT', 'Content-Type': 'application/json; charset=utf-8', 'Transfer-Encoding': 'chunked', 'Connection': 'keep-alive', 'X-Powered-By': 'Express', 'Access-Control-Allow-Origin': '*', 'Cache-Control': 'no-cache', 'ETag': 'W/"482-VEJFgh+utPaUklRpJB5XZzdMkB4"', 'Vary': 'Accept-Encoding', 'Content-Encoding': 'gzip', 'CF-Cache-Status': 'DYNAMIC', 'Report-To': '{"endpoints":[{"url":"https:\\/\\/a.nel.cloudflare.com\\/report\\/v4?s=x%2F5vvKlarkr%2F%2ByGEIWM0etkxpOs66ch%2Bl%2F8AnTpIi1W1GYYETDzN0mDuPPaZ%2FHy7RMOeAFuMYMlqOIMUkG%2BbXZejI28wtaW5KkDFBFKcrnlDQ1J%2BbtWjocgmGATsxPun"}],"group":"cf-nel","max_age":604800}', 'NEL': '{"success_fraction":0,"report_to":"cf-nel","max_age":604800}', 'Server': 'cloudflare', 'CF-RAY': '898f08288b835ae1-IAD', 'alt-svc': 'h3=":443"; ma=86400'} 
 body={"results":[{"gender":"female","name":{"title":"Ms","first":"پارمیس","last":"نكو نظر"},"location":{"street":{"number":5365,"name":"میدان امام خمینی"},"city":"اراک","state":"قم","country":"Iran","postcode":65923,"coordinates":{"latitude":"20.6735","longitude":"26.8101"},"timezone":{"offset":"-9:00","description":"Alaska"}},"email":"prmys.nkwnzr@example.com","login":{"uuid":"dcc18a08-922e-45c1-b619-01ee8daa95f6","username":"organicbear193","password":"abraham","salt":"ki5tYhSz","md5":"9d86cd3d2b08d58b1231776af30c4910","sha1":"c78ac10fa3426b0bbd2d2421906ff0746bddc8bb","sha256":"35732e804d936ac8a4e769e0b5bbe44057ec68f3cfe53fd37a02f4a7293dc0c1"},"dob":{"date":"1994-11-05T03:27:05.417Z","age":29},"registered":{"date":"2020-03-23T14:45:51.090Z","age":4},"phone":"086-65394982","cell":"0961-201-2990","id":{"name":"","value":null},"picture":{"large":"https://randomuser.me/api/portraits/women/53.jpg","medium":"https://randomuser.me/api/portraits/med/women/53.jpg","thumbnail":"https://randomuser.me/api/portraits/thumb/women/53.jpg"},"nat":"IR"}],"info":{"seed":"52c4a93595fc34e8","results":1,"page":1,"version":"1.4"}} 
 </msg>
<msg time="2024-06-24T19:12:52.977879" level="INFO">/opt/hostedtoolcache/Python/3.12.4/x64/lib/python3.12/site-packages/urllib3/connectionpool.py:1099: InsecureRequestWarning: Unverified HTTPS request is being made to host 'randomuser.me'. Adding certificate verification is strongly advised. See: https://urllib3.readthedocs.io/en/latest/advanced-usage.html#tls-warnings
  warnings.warn(</msg>
<msg time="2024-06-24T19:12:52.978019" level="INFO">${response} = &lt;Response [200]&gt;</msg>
<var>${response}</var>
<arg>consultarAPI</arg>
<arg>/api</arg>
<doc>Sends a GET request on a previously created HTTP Session.</doc>
<status status="PASS" start="2024-06-24T19:12:52.564265" elapsed="0.413795"/>
</kw>
<kw name="Set Variable" owner="BuiltIn">
<msg time="2024-06-24T19:12:52.979145" level="INFO">${json_data} = {'results': [{'gender': 'female', 'name': {'title': 'Ms', 'first': 'پارمیس', 'last': 'نكو نظر'}, 'location': {'street': {'number': 5365, 'name': 'میدان امام خمینی'}, 'city': 'اراک', 'state': 'قم', 'co...</msg>
<var>${json_data}</var>
<arg>${response.json()}</arg>
<doc>Returns the given values which can then be assigned to a variables.</doc>
<status status="PASS" start="2024-06-24T19:12:52.978587" elapsed="0.000591"/>
</kw>
<kw name="Set Variable" owner="BuiltIn">
<msg time="2024-06-24T19:12:52.979886" level="INFO">${name_title} = Ms</msg>
<var>${name_title}</var>
<arg>${json_data["results"][0]["name"]["title"]}</arg>
<doc>Returns the given values which can then be assigned to a variables.</doc>
<status status="PASS" start="2024-06-24T19:12:52.979497" elapsed="0.000414"/>
</kw>
<kw name="Create List" owner="BuiltIn">
<msg time="2024-06-24T19:12:52.980348" level="INFO">${allowed_titles} = ['Mr', 'Ms', 'Miss', 'Mrs', 'Madame', 'Monsieur']</msg>
<var>${allowed_titles}</var>
<arg>Mr</arg>
<arg>Ms</arg>
<arg>Miss</arg>
<arg>Mrs</arg>
<arg>Madame</arg>
<arg>Monsieur</arg>
<doc>Returns a list containing given items.</doc>
<status status="PASS" start="2024-06-24T19:12:52.980202" elapsed="0.000171"/>
</kw>
<kw name="List Should Contain Value" owner="Collections">
<arg>${allowed_titles}</arg>
<arg>${name_title}</arg>
<doc>Fails if the ``value`` is not found from ``list``.</doc>
<status status="PASS" start="2024-06-24T19:12:52.980665" elapsed="0.000176"/>
</kw>
<kw name="Set Variable" owner="BuiltIn">
<msg time="2024-06-24T19:12:52.981385" level="INFO">${name_country} = IR</msg>
<var>${name_country}</var>
<arg>${json_data["results"][0]["nat"]}</arg>
<doc>Returns the given values which can then be assigned to a variables.</doc>
<status status="PASS" start="2024-06-24T19:12:52.981014" elapsed="0.000396"/>
</kw>
<kw name="Create List" owner="BuiltIn">
<msg time="2024-06-24T19:12:52.982331" level="INFO">${list_country} = ['AD', 'AE', 'AF', 'AG', 'AI', 'AL', 'AM', 'AO', 'AQ', 'AR', 'AS', 'AT', 'AU', 'AW', 'AX', 'AZ', 'BA', 'BB', 'BD', 'BE', 'BF', 'BG', 'BH', 'BI', 'BJ', 'BL', 'BM', 'BN', 'BO', 'BQ', 'BR', 'BS', 'BT', '...</msg>
<var>${list_country}</var>
<arg>AD</arg>
<arg>AE</arg>
<arg>AF</arg>
<arg>AG</arg>
<arg>AI</arg>
<arg>AL</arg>
<arg>AM</arg>
<arg>AO</arg>
<arg>AQ</arg>
<arg>AR</arg>
<arg>AS</arg>
<arg>AT</arg>
<arg>AU</arg>
<arg>AW</arg>
<arg>AX</arg>
<arg>AZ</arg>
<arg>BA</arg>
<arg>BB</arg>
<arg>BD</arg>
<arg>BE</arg>
<arg>BF</arg>
<arg>BG</arg>
<arg>BH</arg>
<arg>BI</arg>
<arg>BJ</arg>
<arg>BL</arg>
<arg>BM</arg>
<arg>BN</arg>
<arg>BO</arg>
<arg>BQ</arg>
<arg>BR</arg>
<arg>BS</arg>
<arg>BT</arg>
<arg>BV</arg>
<arg>BW</arg>
<arg>BY</arg>
<arg>BZ</arg>
<arg>CA</arg>
<arg>CC</arg>
<arg>CD</arg>
<arg>CF</arg>
<arg>CG</arg>
<arg>CH</arg>
<arg>CI</arg>
<arg>CK</arg>
<arg>CL</arg>
<arg>CM</arg>
<arg>CN</arg>
<arg>CO</arg>
<arg>CR</arg>
<arg>CU</arg>
<arg>CV</arg>
<arg>CW</arg>
<arg>CX</arg>
<arg>CY</arg>
<arg>CZ</arg>
<arg>DE</arg>
<arg>DJ</arg>
<arg>DK</arg>
<arg>DM</arg>
<arg>DO</arg>
<arg>DZ</arg>
<arg>EC</arg>
<arg>EE</arg>
<arg>EG</arg>
<arg>EH</arg>
<arg>ER</arg>
<arg>ES</arg>
<arg>ET</arg>
<arg>FI</arg>
<arg>FJ</arg>
<arg>FK</arg>
<arg>FM</arg>
<arg>FO</arg>
<arg>FR</arg>
<arg>GA</arg>
<arg>GB</arg>
<arg>GD</arg>
<arg>GE</arg>
<arg>GF</arg>
<arg>GG</arg>
<arg>GH</arg>
<arg>GI</arg>
<arg>GL</arg>
<arg>GM</arg>
<arg>GN</arg>
<arg>GP</arg>
<arg>GQ</arg>
<arg>GR</arg>
<arg>GS</arg>
<arg>GT</arg>
<arg>GU</arg>
<arg>GW</arg>
<arg>GY</arg>
<arg>HK</arg>
<arg>HM</arg>
<arg>HN</arg>
<arg>HR</arg>
<arg>HT</arg>
<arg>HU</arg>
<arg>ID</arg>
<arg>IE</arg>
<arg>IL</arg>
<arg>IM</arg>
<arg>IN</arg>
<arg>IO</arg>
<arg>IQ</arg>
<arg>IR</arg>
<arg>IS</arg>
<arg>IT</arg>
<arg>JE</arg>
<arg>JM</arg>
<arg>JO</arg>
<arg>JP</arg>
<arg>KE</arg>
<arg>KG</arg>
<arg>KH</arg>
<arg>KI</arg>
<arg>KM</arg>
<arg>KN</arg>
<arg>KP</arg>
<arg>KR</arg>
<arg>KW</arg>
<arg>KY</arg>
<arg>KZ</arg>
<arg>LA</arg>
<arg>LB</arg>
<arg>LC</arg>
<arg>LI</arg>
<arg>LK</arg>
<arg>LR</arg>
<arg>LS</arg>
<arg>LT</arg>
<arg>LU</arg>
<arg>LV</arg>
<arg>LY</arg>
<arg>MA</arg>
<arg>MC</arg>
<arg>MD</arg>
<arg>ME</arg>
<arg>MF</arg>
<arg>MG</arg>
<arg>MH</arg>
<arg>MK</arg>
<arg>ML</arg>
<arg>MM</arg>
<arg>MN</arg>
<arg>MO</arg>
<arg>MP</arg>
<arg>MQ</arg>
<arg>MR</arg>
<arg>MS</arg>
<arg>MT</arg>
<arg>MU</arg>
<arg>MV</arg>
<arg>MW</arg>
<arg>MX</arg>
<arg>MY</arg>
<arg>MZ</arg>
<arg>NA</arg>
<arg>NC</arg>
<arg>NE</arg>
<arg>NF</arg>
<arg>NG</arg>
<arg>NI</arg>
<arg>NL</arg>
<arg>NO</arg>
<arg>NP</arg>
<arg>NR</arg>
<arg>NU</arg>
<arg>NZ</arg>
<arg>OM</arg>
<arg>PA</arg>
<arg>PE</arg>
<arg>PF</arg>
<arg>PG</arg>
<arg>PH</arg>
<arg>PK</arg>
<arg>PL</arg>
<arg>PM</arg>
<arg>PN</arg>
<arg>PR</arg>
<arg>PS</arg>
<arg>PT</arg>
<arg>PW</arg>
<arg>PY</arg>
<arg>QA</arg>
<arg>RE</arg>
<arg>RO</arg>
<arg>RS</arg>
<arg>RU</arg>
<arg>RW</arg>
<arg>SA</arg>
<arg>SB</arg>
<arg>SC</arg>
<arg>SD</arg>
<arg>SE</arg>
<arg>SG</arg>
<arg>SH</arg>
<arg>SI</arg>
<arg>SJ</arg>
<arg>SK</arg>
<arg>SL</arg>
<arg>SM</arg>
<arg>SN</arg>
<arg>SO</arg>
<arg>SR</arg>
<arg>SS</arg>
<arg>ST</arg>
<arg>SV</arg>
<arg>SX</arg>
<arg>SY</arg>
<arg>SZ</arg>
<arg>TC</arg>
<arg>TD</arg>
<arg>TF</arg>
<arg>TG</arg>
<arg>TH</arg>
<arg>TJ</arg>
<arg>TK</arg>
<arg>TL</arg>
<arg>TM</arg>
<arg>TN</arg>
<arg>TO</arg>
<arg>TR</arg>
<arg>TT</arg>
<arg>TV</arg>
<arg>TW</arg>
<arg>TZ</arg>
<arg>UA</arg>
<arg>UG</arg>
<arg>UM</arg>
<arg>US</arg>
<arg>UY</arg>
<arg>UZ</arg>
<arg>VA</arg>
<arg>VC</arg>
<arg>VE</arg>
<arg>VG</arg>
<arg>VI</arg>
<arg>VN</arg>
<arg>VU</arg>
<arg>WF</arg>
<arg>WS</arg>
<arg>XK</arg>
<arg>YE</arg>
<arg>YT</arg>
<arg>ZA</arg>
<arg>ZM</arg>
<arg>ZW</arg>
<doc>Returns a list containing given items.</doc>
<status status="PASS" start="2024-06-24T19:12:52.981723" elapsed="0.000633"/>
</kw>
<kw name="List Should Contain Value" owner="Collections">
<arg>${list_country}</arg>
<arg>${name_country}</arg>
<doc>Fails if the ``value`` is not found from ``list``.</doc>
<status status="PASS" start="2024-06-24T19:12:52.983147" elapsed="0.000202"/>
</kw>
<kw name="Run Keyword If" owner="BuiltIn">
<kw name="Should Be True" owner="BuiltIn">
<arg>${True}</arg>
<doc>Fails if the given condition is not true.</doc>
<status status="PASS" start="2024-06-24T19:12:52.984280" elapsed="0.000143"/>
</kw>
<arg>${json_data["results"][0]["location"]["coordinates"]["latitude"]} &gt;= -90 and ${json_data["results"][0]["location"]["coordinates"]["latitude"]} &lt;= 90</arg>
<arg>Should Be True</arg>
<arg>${True}</arg>
<doc>Runs the given keyword with the given arguments, if ``condition`` is true.</doc>
<status status="PASS" start="2024-06-24T19:12:52.983547" elapsed="0.000999"/>
</kw>
<kw name="Run Keyword If" owner="BuiltIn">
<kw name="Should Be True" owner="BuiltIn">
<arg>${True}</arg>
<doc>Fails if the given condition is not true.</doc>
<status status="PASS" start="2024-06-24T19:12:52.985406" elapsed="0.000271"/>
</kw>
<arg>${json_data["results"][0]["location"]["coordinates"]["longitude"]} &gt;= -180 and ${json_data["results"][0]["location"]["coordinates"]["longitude"]} &lt;= 180</arg>
<arg>Should Be True</arg>
<arg>${True}</arg>
<doc>Runs the given keyword with the given arguments, if ``condition`` is true.</doc>
<status status="PASS" start="2024-06-24T19:12:52.984727" elapsed="0.001089"/>
</kw>
<status status="PASS" start="2024-06-24T19:12:52.564046" elapsed="0.421906"/>
</kw>
<doc>Testa o conteúdo específico dos campos retornados pela API.</doc>
<tag>testeConteudo</tag>
<status status="PASS" start="2024-06-24T19:12:52.563537" elapsed="0.422564"/>
</test>
<status status="PASS" start="2024-06-24T19:12:51.655360" elapsed="1.332678"/>
</suite>
<status status="PASS" start="2024-06-24T19:12:51.636613" elapsed="1.356474"/>
</suite>
<statistics>
<total>
<stat pass="5" fail="0" skip="0">All Tests</stat>
</total>
<tag>
<stat pass="1" fail="0" skip="0">testeConteudo</stat>
<stat pass="1" fail="0" skip="0">testeEstruturaResposta</stat>
<stat pass="1" fail="0" skip="0">testeRequisicaoBasica</stat>
<stat pass="1" fail="0" skip="0">testeTiposDados</stat>
</tag>
<suite>
<stat pass="5" fail="0" skip="0" id="s1" name="Tests">Tests</stat>
<stat pass="5" fail="0" skip="0" id="s1-s1" name="Random-User-Test">Tests.Random-User-Test</stat>
</suite>
</statistics>
<errors>
</errors>
</robot>
