<?xml version="1.0" encoding="UTF-8"?>
<robot generator="Robot 7.0 (Python 3.12.2 on linux)" generated="2024-04-14T10:40:36.724704" rpa="false" schemaversion="5">
<suite id="s1" name="Tests" source="/home/runner/work/DesafioQAItauRogerioJordao/DesafioQAItauRogerioJordao/RamdonUser/tests">
<suite id="s1-s1" name="Random-User-Test" source="/home/runner/work/DesafioQAItauRogerioJordao/DesafioQAItauRogerioJordao/RamdonUser/tests/random-user-test.robot">
<test id="s1-s1-t1" name="Conectar" line="13">
<kw name="Conectar API" owner="random-user-service">
<kw name="Create Session" owner="RequestsLibrary">
<msg time="2024-04-14T10:40:37.090372" level="INFO">Creating Session using : alias=consultarAPI, url=https://randomuser.me/, headers={},                     cookies={}, auth=None, timeout=None, proxies=None, verify=False,                     debug=0 </msg>
<arg>consultarAPI</arg>
<arg>${URL}</arg>
<doc>Create Session: create a HTTP session to a server</doc>
<status status="PASS" start="2024-04-14T10:40:37.090178" elapsed="0.000369"/>
</kw>
<status status="PASS" start="2024-04-14T10:40:37.089238" elapsed="0.001676"/>
</kw>
<status status="PASS" start="2024-04-14T10:40:37.088646" elapsed="0.002497"/>
</test>
<test id="s1-s1-t2" name="Validar retorno 200 e JSON Válido" line="16">
<kw name="Teste de Requisicao Basica" owner="random-user-service">
<kw name="GET On Session" owner="RequestsLibrary">
<msg time="2024-04-14T10:40:37.260408" level="INFO">GET Request : url=https://randomuser.me/api 
 path_url=/api 
 headers={'User-Agent': 'python-requests/2.31.0', 'Accept-Encoding': 'gzip, deflate', 'Accept': '*/*', 'Connection': 'keep-alive'} 
 body=None 
 </msg>
<msg time="2024-04-14T10:40:37.260546" level="INFO">GET Response : url=https://randomuser.me/api 
 status=200, reason=OK 
 headers={'Date': 'Sun, 14 Apr 2024 10:40:37 GMT', 'Content-Type': 'application/json; charset=utf-8', 'Transfer-Encoding': 'chunked', 'Connection': 'keep-alive', 'X-Powered-By': 'Express', 'Access-Control-Allow-Origin': '*', 'Cache-Control': 'no-cache', 'ETag': 'W/"481-8cdddwRWsFuID6VsZkMRPJ/rn4E"', 'Vary': 'Accept-Encoding', 'Content-Encoding': 'gzip', 'CF-Cache-Status': 'DYNAMIC', 'Report-To': '{"endpoints":[{"url":"https:\\/\\/a.nel.cloudflare.com\\/report\\/v4?s=TOc0cKsbNVyFkKAd4uemqq5m1nDiwz%2B820sUv70jGeMuCMRfCF3HfrdpcEZbLs4QTj29qCU1XixiyACGDz0yk1J1goSwmbVvN7e6JJP%2F21o%2F1PIqWcagCwsSYfpkFHkr"}],"group":"cf-nel","max_age":604800}', 'NEL': '{"success_fraction":0,"report_to":"cf-nel","max_age":604800}', 'Server': 'cloudflare', 'CF-RAY': '87431428aa9207c5-IAD', 'alt-svc': 'h3=":443"; ma=86400'} 
 body={"results":[{"gender":"male","name":{"title":"Mr","first":"Ian","last":"Little"},"location":{"street":{"number":825,"name":"Nowlin Rd"},"city":"Sydney","state":"Western Australia","country":"Australia","postcode":4507,"coordinates":{"latitude":"-86.1077","longitude":"-135.1882"},"timezone":{"offset":"-8:00","description":"Pacific Time (US &amp; Canada)"}},"email":"ian.little@example.com","login":{"uuid":"68219ce6-4aa4-4f85-8e35-08b8cf4fd41f","username":"bluefrog127","password":"uncencored","salt":"sPPr7GvX","md5":"c045cd4ce523d133fe99ac0d4c3da46a","sha1":"d8cc1b938a6635754fbe50ea5749c2bcd8e5f9c6","sha256":"40e0a4068228101ffc1878a685dc6650195baeac6a59b1a1c7a6059f2bf705e4"},"dob":{"date":"1975-05-24T11:16:24.374Z","age":48},"registered":{"date":"2016-12-21T02:24:45.391Z","age":7},"phone":"07-9298-2097","cell":"0414-478-164","id":{"name":"TFN","value":"179539490"},"picture":{"large":"https://randomuser.me/api/portraits/men/50.jpg","medium":"https://randomuser.me/api/portraits/med/men/50.jpg","thumbnail":"https://randomuser.me/api/portraits/thumb/men/50.jpg"},"nat":"AU"}],"info":{"seed":"11e3bf9c766c6a81","results":1,"page":1,"version":"1.4"}} 
 </msg>
<msg time="2024-04-14T10:40:37.260625" level="INFO">/opt/hostedtoolcache/Python/3.12.2/x64/lib/python3.12/site-packages/urllib3/connectionpool.py:1103: InsecureRequestWarning: Unverified HTTPS request is being made to host 'randomuser.me'. Adding certificate verification is strongly advised. See: https://urllib3.readthedocs.io/en/latest/advanced-usage.html#tls-warnings
  warnings.warn(</msg>
<msg time="2024-04-14T10:40:37.260777" level="INFO">${response} = &lt;Response [200]&gt;</msg>
<var>${response}</var>
<arg>consultarAPI</arg>
<arg>/api</arg>
<doc>Sends a GET request on a previously created HTTP Session.</doc>
<status status="PASS" start="2024-04-14T10:40:37.093767" elapsed="0.167053"/>
</kw>
<kw name="Should Be Equal As Numbers" owner="BuiltIn">
<msg time="2024-04-14T10:40:37.261779" level="INFO">Argument types are:
&lt;class 'int'&gt;
&lt;class 'str'&gt;</msg>
<arg>${response.status_code}</arg>
<arg>200</arg>
<doc>Fails if objects are unequal after converting them to real numbers.</doc>
<status status="PASS" start="2024-04-14T10:40:37.261328" elapsed="0.000516"/>
</kw>
<kw name="Log" owner="BuiltIn">
<msg time="2024-04-14T10:40:37.262522" level="INFO">200</msg>
<arg>${response.status_code}</arg>
<doc>Logs the given message with the given level.</doc>
<status status="PASS" start="2024-04-14T10:40:37.262162" elapsed="0.000413"/>
</kw>
<kw name="Set Variable" owner="BuiltIn">
<msg time="2024-04-14T10:40:37.263386" level="INFO">${json_data} = {'results': [{'gender': 'male', 'name': {'title': 'Mr', 'first': 'Ian', 'last': 'Little'}, 'location': {'street': {'number': 825, 'name': 'Nowlin Rd'}, 'city': 'Sydney', 'state': 'Western Australia', ...</msg>
<var>${json_data}</var>
<arg>${response.json()}</arg>
<doc>Returns the given values which can then be assigned to a variables.</doc>
<status status="PASS" start="2024-04-14T10:40:37.262931" elapsed="0.000483"/>
</kw>
<kw name="Dictionary Should Contain Key" owner="Collections">
<msg time="2024-04-14T10:40:37.263894" level="INFO">False</msg>
<arg>${json_data}</arg>
<arg>results</arg>
<doc>Fails if ``key`` is not found from ``dictionary``.</doc>
<status status="PASS" start="2024-04-14T10:40:37.263719" elapsed="0.000215"/>
</kw>
<status status="PASS" start="2024-04-14T10:40:37.093511" elapsed="0.170688"/>
</kw>
<doc>Testa se a API responde corretamente e retorna um objeto JSON válido.</doc>
<tag>testeRequisicaoBasica</tag>
<status status="PASS" start="2024-04-14T10:40:37.093014" elapsed="0.171373"/>
</test>
<test id="s1-s1-t3" name="Validar estrutura de resposta" line="22">
<kw name="Teste de Estrutura de Resposta" owner="random-user-service">
<kw name="GET On Session" owner="RequestsLibrary">
<msg time="2024-04-14T10:40:37.357951" level="INFO">GET Request : url=https://randomuser.me/api 
 path_url=/api 
 headers={'User-Agent': 'python-requests/2.31.0', 'Accept-Encoding': 'gzip, deflate', 'Accept': '*/*', 'Connection': 'keep-alive'} 
 body=None 
 </msg>
<msg time="2024-04-14T10:40:37.358040" level="INFO">GET Response : url=https://randomuser.me/api 
 status=200, reason=OK 
 headers={'Date': 'Sun, 14 Apr 2024 10:40:37 GMT', 'Content-Type': 'application/json; charset=utf-8', 'Transfer-Encoding': 'chunked', 'Connection': 'keep-alive', 'X-Powered-By': 'Express', 'Access-Control-Allow-Origin': '*', 'Cache-Control': 'no-cache', 'ETag': 'W/"474-5IbEd0kLpUVhBA75wIC5UGFUmeM"', 'Vary': 'Accept-Encoding', 'Content-Encoding': 'gzip', 'CF-Cache-Status': 'DYNAMIC', 'Report-To': '{"endpoints":[{"url":"https:\\/\\/a.nel.cloudflare.com\\/report\\/v4?s=n79VmpdYp1Wv2bEm0cocjn6R4EleIxurw%2FlfcKeTHVYIBVDJqXVkR8R3BYpTEXM%2F8V9x4SBcgD5pgObLNlwU8C32atAOmq7nxdLaOarWJwfcdhaotDAAG0yT%2FMTTtWiB"}],"group":"cf-nel","max_age":604800}', 'NEL': '{"success_fraction":0,"report_to":"cf-nel","max_age":604800}', 'Server': 'cloudflare', 'CF-RAY': '87431428eac607c5-IAD', 'alt-svc': 'h3=":443"; ma=86400'} 
 body={"results":[{"gender":"female","name":{"title":"Ms","first":"Iida","last":"Luoma"},"location":{"street":{"number":618,"name":"Siilitie"},"city":"Masku","state":"Satakunta","country":"Finland","postcode":73926,"coordinates":{"latitude":"-28.8550","longitude":"43.5683"},"timezone":{"offset":"-2:00","description":"Mid-Atlantic"}},"email":"iida.luoma@example.com","login":{"uuid":"58b60d8a-b04f-4c36-825b-9a72cb229c78","username":"sadmeercat669","password":"earth","salt":"cs7VmAqk","md5":"cc8780bba2d2d4b1ea2671f041d28093","sha1":"a97e0f039aee2fed28834be17c28922433b0ccd1","sha256":"4d47807ad9f130c8d500c684db7562ac223ac0ea8c912d8a319d049f85f7aa12"},"dob":{"date":"1970-11-30T08:32:05.155Z","age":53},"registered":{"date":"2005-11-04T23:14:31.505Z","age":18},"phone":"07-115-745","cell":"046-419-18-82","id":{"name":"HETU","value":"NaNNA808undefined"},"picture":{"large":"https://randomuser.me/api/portraits/women/75.jpg","medium":"https://randomuser.me/api/portraits/med/women/75.jpg","thumbnail":"https://randomuser.me/api/portraits/thumb/women/75.jpg"},"nat":"FI"}],"info":{"seed":"3e6749bef18bbbce","results":1,"page":1,"version":"1.4"}} 
 </msg>
<msg time="2024-04-14T10:40:37.358161" level="INFO">/opt/hostedtoolcache/Python/3.12.2/x64/lib/python3.12/site-packages/urllib3/connectionpool.py:1103: InsecureRequestWarning: Unverified HTTPS request is being made to host 'randomuser.me'. Adding certificate verification is strongly advised. See: https://urllib3.readthedocs.io/en/latest/advanced-usage.html#tls-warnings
  warnings.warn(</msg>
<msg time="2024-04-14T10:40:37.358285" level="INFO">${response} = &lt;Response [200]&gt;</msg>
<var>${response}</var>
<arg>consultarAPI</arg>
<arg>/api</arg>
<doc>Sends a GET request on a previously created HTTP Session.</doc>
<status status="PASS" start="2024-04-14T10:40:37.267142" elapsed="0.091195"/>
</kw>
<kw name="Set Variable" owner="BuiltIn">
<msg time="2024-04-14T10:40:37.359442" level="INFO">${json_data} = {'results': [{'gender': 'female', 'name': {'title': 'Ms', 'first': 'Iida', 'last': 'Luoma'}, 'location': {'street': {'number': 618, 'name': 'Siilitie'}, 'city': 'Masku', 'state': 'Satakunta', 'country...</msg>
<var>${json_data}</var>
<arg>${response.json()}</arg>
<doc>Returns the given values which can then be assigned to a variables.</doc>
<status status="PASS" start="2024-04-14T10:40:37.358853" elapsed="0.000619"/>
</kw>
<kw name="Log" owner="BuiltIn">
<msg time="2024-04-14T10:40:37.359951" level="INFO">{'results': [{'gender': 'female', 'name': {'title': 'Ms', 'first': 'Iida', 'last': 'Luoma'}, 'location': {'street': {'number': 618, 'name': 'Siilitie'}, 'city': 'Masku', 'state': 'Satakunta', 'country': 'Finland', 'postcode': 73926, 'coordinates': {'latitude': '-28.8550', 'longitude': '43.5683'}, 'timezone': {'offset': '-2:00', 'description': 'Mid-Atlantic'}}, 'email': 'iida.luoma@example.com', 'login': {'uuid': '58b60d8a-b04f-4c36-825b-9a72cb229c78', 'username': 'sadmeercat669', 'password': 'earth', 'salt': 'cs7VmAqk', 'md5': 'cc8780bba2d2d4b1ea2671f041d28093', 'sha1': 'a97e0f039aee2fed28834be17c28922433b0ccd1', 'sha256': '4d47807ad9f130c8d500c684db7562ac223ac0ea8c912d8a319d049f85f7aa12'}, 'dob': {'date': '1970-11-30T08:32:05.155Z', 'age': 53}, 'registered': {'date': '2005-11-04T23:14:31.505Z', 'age': 18}, 'phone': '07-115-745', 'cell': '046-419-18-82', 'id': {'name': 'HETU', 'value': 'NaNNA808undefined'}, 'picture': {'large': 'https://randomuser.me/api/portraits/women/75.jpg', 'medium': 'https://randomuser.me/api/portraits/med/women/75.jpg', 'thumbnail': 'https://randomuser.me/api/portraits/thumb/women/75.jpg'}, 'nat': 'FI'}], 'info': {'seed': '3e6749bef18bbbce', 'results': 1, 'page': 1, 'version': '1.4'}}</msg>
<arg>${json_data}</arg>
<doc>Logs the given message with the given level.</doc>
<status status="PASS" start="2024-04-14T10:40:37.359789" elapsed="0.000211"/>
</kw>
<kw name="Dictionary Should Contain Key" owner="Collections">
<msg time="2024-04-14T10:40:37.360470" level="INFO">False</msg>
<arg>${json_data}</arg>
<arg>results</arg>
<doc>Fails if ``key`` is not found from ``dictionary``.</doc>
<status status="PASS" start="2024-04-14T10:40:37.360307" elapsed="0.000202"/>
</kw>
<kw name="Should Not Be Empty" owner="BuiltIn">
<msg time="2024-04-14T10:40:37.360943" level="INFO">Length is 2.</msg>
<arg>${json_data}</arg>
<doc>Verifies that the given item is not empty.</doc>
<status status="PASS" start="2024-04-14T10:40:37.360810" elapsed="0.000173"/>
</kw>
<kw name="Create List" owner="BuiltIn">
<msg time="2024-04-14T10:40:37.361583" level="INFO">${expected_keys} = ['gender', 'name', 'location', 'email', 'login']</msg>
<var>${expected_keys}</var>
<arg>gender</arg>
<arg>name</arg>
<arg>location</arg>
<arg>email</arg>
<arg>login</arg>
<doc>Returns a list containing given items.</doc>
<status status="PASS" start="2024-04-14T10:40:37.361277" elapsed="0.000331"/>
</kw>
<for flavor="IN">
<iter>
<kw name="Dictionary Should Contain Key" owner="Collections">
<msg time="2024-04-14T10:40:37.362592" level="INFO">False</msg>
<arg>${json_data['results'][0]}</arg>
<arg>${key}</arg>
<doc>Fails if ``key`` is not found from ``dictionary``.</doc>
<status status="PASS" start="2024-04-14T10:40:37.362189" elapsed="0.000442"/>
</kw>
<kw name="Log" owner="BuiltIn">
<msg time="2024-04-14T10:40:37.363362" level="INFO">{'gender': 'female', 'name': {'title': 'Ms', 'first': 'Iida', 'last': 'Luoma'}, 'location': {'street': {'number': 618, 'name': 'Siilitie'}, 'city': 'Masku', 'state': 'Satakunta', 'country': 'Finland', 'postcode': 73926, 'coordinates': {'latitude': '-28.8550', 'longitude': '43.5683'}, 'timezone': {'offset': '-2:00', 'description': 'Mid-Atlantic'}}, 'email': 'iida.luoma@example.com', 'login': {'uuid': '58b60d8a-b04f-4c36-825b-9a72cb229c78', 'username': 'sadmeercat669', 'password': 'earth', 'salt': 'cs7VmAqk', 'md5': 'cc8780bba2d2d4b1ea2671f041d28093', 'sha1': 'a97e0f039aee2fed28834be17c28922433b0ccd1', 'sha256': '4d47807ad9f130c8d500c684db7562ac223ac0ea8c912d8a319d049f85f7aa12'}, 'dob': {'date': '1970-11-30T08:32:05.155Z', 'age': 53}, 'registered': {'date': '2005-11-04T23:14:31.505Z', 'age': 18}, 'phone': '07-115-745', 'cell': '046-419-18-82', 'id': {'name': 'HETU', 'value': 'NaNNA808undefined'}, 'picture': {'large': 'https://randomuser.me/api/portraits/women/75.jpg', 'medium': 'https://randomuser.me/api/portraits/med/women/75.jpg', 'thumbnail': 'https://randomuser.me/api/portraits/thumb/women/75.jpg'}, 'nat': 'FI'}</msg>
<arg>${json_data['results'][0]}</arg>
<doc>Logs the given message with the given level.</doc>
<status status="PASS" start="2024-04-14T10:40:37.362965" elapsed="0.000446"/>
</kw>
<kw name="Log" owner="BuiltIn">
<msg time="2024-04-14T10:40:37.363845" level="INFO">gender</msg>
<arg>${key}</arg>
<doc>Logs the given message with the given level.</doc>
<status status="PASS" start="2024-04-14T10:40:37.363713" elapsed="0.000171"/>
</kw>
<var name="${key}">gender</var>
<status status="PASS" start="2024-04-14T10:40:37.362062" elapsed="0.002047"/>
</iter>
<iter>
<kw name="Dictionary Should Contain Key" owner="Collections">
<msg time="2024-04-14T10:40:37.364797" level="INFO">False</msg>
<arg>${json_data['results'][0]}</arg>
<arg>${key}</arg>
<doc>Fails if ``key`` is not found from ``dictionary``.</doc>
<status status="PASS" start="2024-04-14T10:40:37.364411" elapsed="0.000424"/>
</kw>
<kw name="Log" owner="BuiltIn">
<msg time="2024-04-14T10:40:37.365527" level="INFO">{'gender': 'female', 'name': {'title': 'Ms', 'first': 'Iida', 'last': 'Luoma'}, 'location': {'street': {'number': 618, 'name': 'Siilitie'}, 'city': 'Masku', 'state': 'Satakunta', 'country': 'Finland', 'postcode': 73926, 'coordinates': {'latitude': '-28.8550', 'longitude': '43.5683'}, 'timezone': {'offset': '-2:00', 'description': 'Mid-Atlantic'}}, 'email': 'iida.luoma@example.com', 'login': {'uuid': '58b60d8a-b04f-4c36-825b-9a72cb229c78', 'username': 'sadmeercat669', 'password': 'earth', 'salt': 'cs7VmAqk', 'md5': 'cc8780bba2d2d4b1ea2671f041d28093', 'sha1': 'a97e0f039aee2fed28834be17c28922433b0ccd1', 'sha256': '4d47807ad9f130c8d500c684db7562ac223ac0ea8c912d8a319d049f85f7aa12'}, 'dob': {'date': '1970-11-30T08:32:05.155Z', 'age': 53}, 'registered': {'date': '2005-11-04T23:14:31.505Z', 'age': 18}, 'phone': '07-115-745', 'cell': '046-419-18-82', 'id': {'name': 'HETU', 'value': 'NaNNA808undefined'}, 'picture': {'large': 'https://randomuser.me/api/portraits/women/75.jpg', 'medium': 'https://randomuser.me/api/portraits/med/women/75.jpg', 'thumbnail': 'https://randomuser.me/api/portraits/thumb/women/75.jpg'}, 'nat': 'FI'}</msg>
<arg>${json_data['results'][0]}</arg>
<doc>Logs the given message with the given level.</doc>
<status status="PASS" start="2024-04-14T10:40:37.365160" elapsed="0.000416"/>
</kw>
<kw name="Log" owner="BuiltIn">
<msg time="2024-04-14T10:40:37.366004" level="INFO">name</msg>
<arg>${key}</arg>
<doc>Logs the given message with the given level.</doc>
<status status="PASS" start="2024-04-14T10:40:37.365873" elapsed="0.000170"/>
</kw>
<var name="${key}">name</var>
<status status="PASS" start="2024-04-14T10:40:37.364298" elapsed="0.001963"/>
</iter>
<iter>
<kw name="Dictionary Should Contain Key" owner="Collections">
<msg time="2024-04-14T10:40:37.366964" level="INFO">False</msg>
<arg>${json_data['results'][0]}</arg>
<arg>${key}</arg>
<doc>Fails if ``key`` is not found from ``dictionary``.</doc>
<status status="PASS" start="2024-04-14T10:40:37.366552" elapsed="0.000459"/>
</kw>
<kw name="Log" owner="BuiltIn">
<msg time="2024-04-14T10:40:37.367674" level="INFO">{'gender': 'female', 'name': {'title': 'Ms', 'first': 'Iida', 'last': 'Luoma'}, 'location': {'street': {'number': 618, 'name': 'Siilitie'}, 'city': 'Masku', 'state': 'Satakunta', 'country': 'Finland', 'postcode': 73926, 'coordinates': {'latitude': '-28.8550', 'longitude': '43.5683'}, 'timezone': {'offset': '-2:00', 'description': 'Mid-Atlantic'}}, 'email': 'iida.luoma@example.com', 'login': {'uuid': '58b60d8a-b04f-4c36-825b-9a72cb229c78', 'username': 'sadmeercat669', 'password': 'earth', 'salt': 'cs7VmAqk', 'md5': 'cc8780bba2d2d4b1ea2671f041d28093', 'sha1': 'a97e0f039aee2fed28834be17c28922433b0ccd1', 'sha256': '4d47807ad9f130c8d500c684db7562ac223ac0ea8c912d8a319d049f85f7aa12'}, 'dob': {'date': '1970-11-30T08:32:05.155Z', 'age': 53}, 'registered': {'date': '2005-11-04T23:14:31.505Z', 'age': 18}, 'phone': '07-115-745', 'cell': '046-419-18-82', 'id': {'name': 'HETU', 'value': 'NaNNA808undefined'}, 'picture': {'large': 'https://randomuser.me/api/portraits/women/75.jpg', 'medium': 'https://randomuser.me/api/portraits/med/women/75.jpg', 'thumbnail': 'https://randomuser.me/api/portraits/thumb/women/75.jpg'}, 'nat': 'FI'}</msg>
<arg>${json_data['results'][0]}</arg>
<doc>Logs the given message with the given level.</doc>
<status status="PASS" start="2024-04-14T10:40:37.367314" elapsed="0.000407"/>
</kw>
<kw name="Log" owner="BuiltIn">
<msg time="2024-04-14T10:40:37.368156" level="INFO">location</msg>
<arg>${key}</arg>
<doc>Logs the given message with the given level.</doc>
<status status="PASS" start="2024-04-14T10:40:37.368029" elapsed="0.000167"/>
</kw>
<var name="${key}">location</var>
<status status="PASS" start="2024-04-14T10:40:37.366442" elapsed="0.001969"/>
</iter>
<iter>
<kw name="Dictionary Should Contain Key" owner="Collections">
<msg time="2024-04-14T10:40:37.369077" level="INFO">False</msg>
<arg>${json_data['results'][0]}</arg>
<arg>${key}</arg>
<doc>Fails if ``key`` is not found from ``dictionary``.</doc>
<status status="PASS" start="2024-04-14T10:40:37.368703" elapsed="0.000412"/>
</kw>
<kw name="Log" owner="BuiltIn">
<msg time="2024-04-14T10:40:37.369776" level="INFO">{'gender': 'female', 'name': {'title': 'Ms', 'first': 'Iida', 'last': 'Luoma'}, 'location': {'street': {'number': 618, 'name': 'Siilitie'}, 'city': 'Masku', 'state': 'Satakunta', 'country': 'Finland', 'postcode': 73926, 'coordinates': {'latitude': '-28.8550', 'longitude': '43.5683'}, 'timezone': {'offset': '-2:00', 'description': 'Mid-Atlantic'}}, 'email': 'iida.luoma@example.com', 'login': {'uuid': '58b60d8a-b04f-4c36-825b-9a72cb229c78', 'username': 'sadmeercat669', 'password': 'earth', 'salt': 'cs7VmAqk', 'md5': 'cc8780bba2d2d4b1ea2671f041d28093', 'sha1': 'a97e0f039aee2fed28834be17c28922433b0ccd1', 'sha256': '4d47807ad9f130c8d500c684db7562ac223ac0ea8c912d8a319d049f85f7aa12'}, 'dob': {'date': '1970-11-30T08:32:05.155Z', 'age': 53}, 'registered': {'date': '2005-11-04T23:14:31.505Z', 'age': 18}, 'phone': '07-115-745', 'cell': '046-419-18-82', 'id': {'name': 'HETU', 'value': 'NaNNA808undefined'}, 'picture': {'large': 'https://randomuser.me/api/portraits/women/75.jpg', 'medium': 'https://randomuser.me/api/portraits/med/women/75.jpg', 'thumbnail': 'https://randomuser.me/api/portraits/thumb/women/75.jpg'}, 'nat': 'FI'}</msg>
<arg>${json_data['results'][0]}</arg>
<doc>Logs the given message with the given level.</doc>
<status status="PASS" start="2024-04-14T10:40:37.369412" elapsed="0.000410"/>
</kw>
<kw name="Log" owner="BuiltIn">
<msg time="2024-04-14T10:40:37.370244" level="INFO">email</msg>
<arg>${key}</arg>
<doc>Logs the given message with the given level.</doc>
<status status="PASS" start="2024-04-14T10:40:37.370116" elapsed="0.000166"/>
</kw>
<var name="${key}">email</var>
<status status="PASS" start="2024-04-14T10:40:37.368592" elapsed="0.001902"/>
</iter>
<iter>
<kw name="Dictionary Should Contain Key" owner="Collections">
<msg time="2024-04-14T10:40:37.371195" level="INFO">False</msg>
<arg>${json_data['results'][0]}</arg>
<arg>${key}</arg>
<doc>Fails if ``key`` is not found from ``dictionary``.</doc>
<status status="PASS" start="2024-04-14T10:40:37.370784" elapsed="0.000449"/>
</kw>
<kw name="Log" owner="BuiltIn">
<msg time="2024-04-14T10:40:37.371899" level="INFO">{'gender': 'female', 'name': {'title': 'Ms', 'first': 'Iida', 'last': 'Luoma'}, 'location': {'street': {'number': 618, 'name': 'Siilitie'}, 'city': 'Masku', 'state': 'Satakunta', 'country': 'Finland', 'postcode': 73926, 'coordinates': {'latitude': '-28.8550', 'longitude': '43.5683'}, 'timezone': {'offset': '-2:00', 'description': 'Mid-Atlantic'}}, 'email': 'iida.luoma@example.com', 'login': {'uuid': '58b60d8a-b04f-4c36-825b-9a72cb229c78', 'username': 'sadmeercat669', 'password': 'earth', 'salt': 'cs7VmAqk', 'md5': 'cc8780bba2d2d4b1ea2671f041d28093', 'sha1': 'a97e0f039aee2fed28834be17c28922433b0ccd1', 'sha256': '4d47807ad9f130c8d500c684db7562ac223ac0ea8c912d8a319d049f85f7aa12'}, 'dob': {'date': '1970-11-30T08:32:05.155Z', 'age': 53}, 'registered': {'date': '2005-11-04T23:14:31.505Z', 'age': 18}, 'phone': '07-115-745', 'cell': '046-419-18-82', 'id': {'name': 'HETU', 'value': 'NaNNA808undefined'}, 'picture': {'large': 'https://randomuser.me/api/portraits/women/75.jpg', 'medium': 'https://randomuser.me/api/portraits/med/women/75.jpg', 'thumbnail': 'https://randomuser.me/api/portraits/thumb/women/75.jpg'}, 'nat': 'FI'}</msg>
<arg>${json_data['results'][0]}</arg>
<doc>Logs the given message with the given level.</doc>
<status status="PASS" start="2024-04-14T10:40:37.371535" elapsed="0.000412"/>
</kw>
<kw name="Log" owner="BuiltIn">
<msg time="2024-04-14T10:40:37.372366" level="INFO">login</msg>
<arg>${key}</arg>
<doc>Logs the given message with the given level.</doc>
<status status="PASS" start="2024-04-14T10:40:37.372240" elapsed="0.000165"/>
</kw>
<var name="${key}">login</var>
<status status="PASS" start="2024-04-14T10:40:37.370668" elapsed="0.001952"/>
</iter>
<var>${key}</var>
<value>@{expected_keys}</value>
<status status="PASS" start="2024-04-14T10:40:37.361873" elapsed="0.010870"/>
</for>
<kw name="Create List" owner="BuiltIn">
<msg time="2024-04-14T10:40:37.373106" level="INFO">${expected_keysTwo} = ['username', 'password']</msg>
<var>${expected_keysTwo}</var>
<arg>username</arg>
<arg>password</arg>
<doc>Returns a list containing given items.</doc>
<status status="PASS" start="2024-04-14T10:40:37.372968" elapsed="0.000161"/>
</kw>
<for flavor="IN">
<iter>
<kw name="Dictionary Should Contain Key" owner="Collections">
<msg time="2024-04-14T10:40:37.374041" level="INFO">False</msg>
<arg>${json_data['results'][0]['login']}</arg>
<arg>${keyTwo}</arg>
<doc>Fails if ``key`` is not found from ``dictionary``.</doc>
<status status="PASS" start="2024-04-14T10:40:37.373652" elapsed="0.000427"/>
</kw>
<kw name="Dictionary Should Contain Key" owner="Collections">
<msg time="2024-04-14T10:40:37.374762" level="INFO">False</msg>
<arg>${json_data['results'][0]['login']}</arg>
<arg>${keyTwo}</arg>
<doc>Fails if ``key`` is not found from ``dictionary``.</doc>
<status status="PASS" start="2024-04-14T10:40:37.374372" elapsed="0.000429"/>
</kw>
<kw name="Log" owner="BuiltIn">
<msg time="2024-04-14T10:40:37.375277" level="INFO">username</msg>
<arg>${keyTwo}</arg>
<doc>Logs the given message with the given level.</doc>
<status status="PASS" start="2024-04-14T10:40:37.375148" elapsed="0.000167"/>
</kw>
<var name="${keyTwo}">username</var>
<status status="PASS" start="2024-04-14T10:40:37.373542" elapsed="0.001987"/>
</iter>
<iter>
<kw name="Dictionary Should Contain Key" owner="Collections">
<msg time="2024-04-14T10:40:37.376198" level="INFO">False</msg>
<arg>${json_data['results'][0]['login']}</arg>
<arg>${keyTwo}</arg>
<doc>Fails if ``key`` is not found from ``dictionary``.</doc>
<status status="PASS" start="2024-04-14T10:40:37.375813" elapsed="0.000423"/>
</kw>
<kw name="Dictionary Should Contain Key" owner="Collections">
<msg time="2024-04-14T10:40:37.377013" level="INFO">False</msg>
<arg>${json_data['results'][0]['login']}</arg>
<arg>${keyTwo}</arg>
<doc>Fails if ``key`` is not found from ``dictionary``.</doc>
<status status="PASS" start="2024-04-14T10:40:37.376539" elapsed="0.000513"/>
</kw>
<kw name="Log" owner="BuiltIn">
<msg time="2024-04-14T10:40:37.377476" level="INFO">password</msg>
<arg>${keyTwo}</arg>
<doc>Logs the given message with the given level.</doc>
<status status="PASS" start="2024-04-14T10:40:37.377347" elapsed="0.000167"/>
</kw>
<var name="${keyTwo}">password</var>
<status status="PASS" start="2024-04-14T10:40:37.375703" elapsed="0.002027"/>
</iter>
<var>${keyTwo}</var>
<value>@{expected_keysTwo}</value>
<status status="PASS" start="2024-04-14T10:40:37.373379" elapsed="0.004473"/>
</for>
<status status="PASS" start="2024-04-14T10:40:37.266866" elapsed="0.111128"/>
</kw>
<doc>Testa a estrutura da resposta da API.</doc>
<tag>testeEstruturaResposta</tag>
<status status="PASS" start="2024-04-14T10:40:37.266239" elapsed="0.111917"/>
</test>
<test id="s1-s1-t4" name="Validar tipos de dados" line="28">
<kw name="Teste de Tipos de Dados" owner="random-user-service">
<kw name="GET On Session" owner="RequestsLibrary">
<msg time="2024-04-14T10:40:37.467353" level="INFO">GET Request : url=https://randomuser.me/api 
 path_url=/api 
 headers={'User-Agent': 'python-requests/2.31.0', 'Accept-Encoding': 'gzip, deflate', 'Accept': '*/*', 'Connection': 'keep-alive'} 
 body=None 
 </msg>
<msg time="2024-04-14T10:40:37.467439" level="INFO">GET Response : url=https://randomuser.me/api 
 status=200, reason=OK 
 headers={'Date': 'Sun, 14 Apr 2024 10:40:37 GMT', 'Content-Type': 'application/json; charset=utf-8', 'Transfer-Encoding': 'chunked', 'Connection': 'keep-alive', 'X-Powered-By': 'Express', 'Access-Control-Allow-Origin': '*', 'Cache-Control': 'no-cache', 'ETag': 'W/"47e-HBSoTtx8QtINmWohFC5FaVvFyWc"', 'Vary': 'Accept-Encoding', 'Content-Encoding': 'gzip', 'CF-Cache-Status': 'DYNAMIC', 'Report-To': '{"endpoints":[{"url":"https:\\/\\/a.nel.cloudflare.com\\/report\\/v4?s=8KsAcpKifCARie9jBHdeaVKK0nKltX%2BYZGqY1pFN1thyULoEFFR8IuWT%2FSP3FhHv9nXAP2Hr1KPMvlrpxIISVBbpHBwfO3RKow%2F3YhV2UbIkkydXxwTKYpGzAsHBfMEP"}],"group":"cf-nel","max_age":604800}', 'NEL': '{"success_fraction":0,"report_to":"cf-nel","max_age":604800}', 'Server': 'cloudflare', 'CF-RAY': '87431429ab4207c5-IAD', 'alt-svc': 'h3=":443"; ma=86400'} 
 body={"results":[{"gender":"male","name":{"title":"Mr","first":"Filip","last":"Aukland"},"location":{"street":{"number":74,"name":"Lerkeveien"},"city":"Skotbu","state":"Oppland","country":"Norway","postcode":"1401","coordinates":{"latitude":"46.1508","longitude":"-21.9525"},"timezone":{"offset":"-6:00","description":"Central Time (US &amp; Canada), Mexico City"}},"email":"filip.aukland@example.com","login":{"uuid":"40307b8d-5552-4cfe-af8f-6887f41208a8","username":"orangezebra485","password":"zeng","salt":"wvulX966","md5":"3cb9e36c2954ea3e6654bbb31b81b324","sha1":"e73d0dbbc357b7671fe719d2e62591d5304207e2","sha256":"95b074432fc47c765b0e9af7a8159f1464a906f43d588697dbe3289fe1960b5c"},"dob":{"date":"1974-10-18T11:55:28.735Z","age":49},"registered":{"date":"2012-06-24T16:09:38.643Z","age":11},"phone":"82110565","cell":"43826885","id":{"name":"FN","value":"18107411182"},"picture":{"large":"https://randomuser.me/api/portraits/men/48.jpg","medium":"https://randomuser.me/api/portraits/med/men/48.jpg","thumbnail":"https://randomuser.me/api/portraits/thumb/men/48.jpg"},"nat":"NO"}],"info":{"seed":"bb2e791ca940ec0f","results":1,"page":1,"version":"1.4"}} 
 </msg>
<msg time="2024-04-14T10:40:37.467515" level="INFO">/opt/hostedtoolcache/Python/3.12.2/x64/lib/python3.12/site-packages/urllib3/connectionpool.py:1103: InsecureRequestWarning: Unverified HTTPS request is being made to host 'randomuser.me'. Adding certificate verification is strongly advised. See: https://urllib3.readthedocs.io/en/latest/advanced-usage.html#tls-warnings
  warnings.warn(</msg>
<msg time="2024-04-14T10:40:37.467635" level="INFO">${response} = &lt;Response [200]&gt;</msg>
<var>${response}</var>
<arg>consultarAPI</arg>
<arg>/api</arg>
<doc>Sends a GET request on a previously created HTTP Session.</doc>
<status status="PASS" start="2024-04-14T10:40:37.380795" elapsed="0.086896"/>
</kw>
<kw name="Set Variable" owner="BuiltIn">
<msg time="2024-04-14T10:40:37.468678" level="INFO">${json_data} = {'results': [{'gender': 'male', 'name': {'title': 'Mr', 'first': 'Filip', 'last': 'Aukland'}, 'location': {'street': {'number': 74, 'name': 'Lerkeveien'}, 'city': 'Skotbu', 'state': 'Oppland', 'countr...</msg>
<var>${json_data}</var>
<arg>${response.json()}</arg>
<doc>Returns the given values which can then be assigned to a variables.</doc>
<status status="PASS" start="2024-04-14T10:40:37.468135" elapsed="0.000572"/>
</kw>
<kw name="Log" owner="BuiltIn">
<msg time="2024-04-14T10:40:37.469166" level="INFO">{'results': [{'gender': 'male', 'name': {'title': 'Mr', 'first': 'Filip', 'last': 'Aukland'}, 'location': {'street': {'number': 74, 'name': 'Lerkeveien'}, 'city': 'Skotbu', 'state': 'Oppland', 'country': 'Norway', 'postcode': '1401', 'coordinates': {'latitude': '46.1508', 'longitude': '-21.9525'}, 'timezone': {'offset': '-6:00', 'description': 'Central Time (US &amp; Canada), Mexico City'}}, 'email': 'filip.aukland@example.com', 'login': {'uuid': '40307b8d-5552-4cfe-af8f-6887f41208a8', 'username': 'orangezebra485', 'password': 'zeng', 'salt': 'wvulX966', 'md5': '3cb9e36c2954ea3e6654bbb31b81b324', 'sha1': 'e73d0dbbc357b7671fe719d2e62591d5304207e2', 'sha256': '95b074432fc47c765b0e9af7a8159f1464a906f43d588697dbe3289fe1960b5c'}, 'dob': {'date': '1974-10-18T11:55:28.735Z', 'age': 49}, 'registered': {'date': '2012-06-24T16:09:38.643Z', 'age': 11}, 'phone': '82110565', 'cell': '43826885', 'id': {'name': 'FN', 'value': '18107411182'}, 'picture': {'large': 'https://randomuser.me/api/portraits/men/48.jpg', 'medium': 'https://randomuser.me/api/portraits/med/men/48.jpg', 'thumbnail': 'https://randomuser.me/api/portraits/thumb/men/48.jpg'}, 'nat': 'NO'}], 'info': {'seed': 'bb2e791ca940ec0f', 'results': 1, 'page': 1, 'version': '1.4'}}</msg>
<arg>${json_data}</arg>
<doc>Logs the given message with the given level.</doc>
<status status="PASS" start="2024-04-14T10:40:37.469014" elapsed="0.000201"/>
</kw>
<kw name="Should Be String" owner="String">
<arg>${json_data['results'][0]['gender']}</arg>
<doc>Fails if the given ``item`` is not a string.</doc>
<status status="PASS" start="2024-04-14T10:40:37.469549" elapsed="0.000364"/>
</kw>
<kw name="Should Match Regexp" owner="BuiltIn">
<arg>${json_data['results'][0]['email']}</arg>
<arg>^[a-zA-Z0-9._%+-]+@[a-zA-Z0-9.-]+\.[a-zA-Z]{2,}$</arg>
<doc>Fails if ``string`` does not match ``pattern`` as a regular expression.</doc>
<status status="PASS" start="2024-04-14T10:40:37.470103" elapsed="0.000505"/>
</kw>
<kw name="Should Match Regexp" owner="BuiltIn">
<arg>${json_data['results'][0]['dob']['date']}</arg>
<arg>\\d{4}-\\d{2}-\\d{2}T\\d{2}:\\d{2}:\\d{2}\\.\\d{3}Z</arg>
<doc>Fails if ``string`` does not match ``pattern`` as a regular expression.</doc>
<status status="PASS" start="2024-04-14T10:40:37.470803" elapsed="0.000512"/>
</kw>
<kw name="Should Match Regexp" owner="BuiltIn">
<arg>${json_data['results'][0]['registered']['date']}</arg>
<arg>\\d{4}-\\d{2}-\\d{2}T\\d{2}:\\d{2}:\\d{2}\\.\\d{3}Z</arg>
<doc>Fails if ``string`` does not match ``pattern`` as a regular expression.</doc>
<status status="PASS" start="2024-04-14T10:40:37.471506" elapsed="0.000376"/>
</kw>
<kw name="Should Match Regexp" owner="BuiltIn">
<arg>${json_data['results'][0]['picture']['large']}</arg>
<arg>^https?://.*\.(?:png|jpe?g|gif|bmp)$</arg>
<doc>Fails if ``string`` does not match ``pattern`` as a regular expression.</doc>
<status status="PASS" start="2024-04-14T10:40:37.472067" elapsed="0.000453"/>
</kw>
<kw name="Should Match Regexp" owner="BuiltIn">
<arg>${json_data['results'][0]['picture']['medium']}</arg>
<arg>^https?://.*\.(?:png|jpe?g|gif|bmp)$</arg>
<doc>Fails if ``string`` does not match ``pattern`` as a regular expression.</doc>
<status status="PASS" start="2024-04-14T10:40:37.472708" elapsed="0.000352"/>
</kw>
<kw name="Should Match Regexp" owner="BuiltIn">
<arg>${json_data['results'][0]['picture']['thumbnail']}</arg>
<arg>^https?://.*\.(?:png|jpe?g|gif|bmp)$</arg>
<doc>Fails if ``string`` does not match ``pattern`` as a regular expression.</doc>
<status status="PASS" start="2024-04-14T10:40:37.473249" elapsed="0.000350"/>
</kw>
<kw name="Log" owner="BuiltIn">
<msg time="2024-04-14T10:40:37.474111" level="INFO">{'large': 'https://randomuser.me/api/portraits/men/48.jpg', 'medium': 'https://randomuser.me/api/portraits/med/men/48.jpg', 'thumbnail': 'https://randomuser.me/api/portraits/thumb/men/48.jpg'}</msg>
<arg>${json_data['results'][0]['picture']}</arg>
<doc>Logs the given message with the given level.</doc>
<status status="PASS" start="2024-04-14T10:40:37.473781" elapsed="0.000372"/>
</kw>
<status status="PASS" start="2024-04-14T10:40:37.380564" elapsed="0.093842"/>
</kw>
<kw name="Teste de Tipos de Dados - Postcode" owner="random-user-service">
<kw name="GET On Session" owner="RequestsLibrary">
<msg time="2024-04-14T10:40:37.553040" level="INFO">GET Request : url=https://randomuser.me/api 
 path_url=/api 
 headers={'User-Agent': 'python-requests/2.31.0', 'Accept-Encoding': 'gzip, deflate', 'Accept': '*/*', 'Connection': 'keep-alive'} 
 body=None 
 </msg>
<msg time="2024-04-14T10:40:37.553132" level="INFO">GET Response : url=https://randomuser.me/api 
 status=200, reason=OK 
 headers={'Date': 'Sun, 14 Apr 2024 10:40:37 GMT', 'Content-Type': 'application/json; charset=utf-8', 'Transfer-Encoding': 'chunked', 'Connection': 'keep-alive', 'X-Powered-By': 'Express', 'Access-Control-Allow-Origin': '*', 'Cache-Control': 'no-cache', 'ETag': 'W/"47d-7IOKr4H8QqoZQ6yr9UrFRbH1E84"', 'Vary': 'Accept-Encoding', 'Content-Encoding': 'gzip', 'CF-Cache-Status': 'DYNAMIC', 'Report-To': '{"endpoints":[{"url":"https:\\/\\/a.nel.cloudflare.com\\/report\\/v4?s=WYEpW4sLcapfTPAh4V7A86pmHTlwFqhAZqgvx2r%2FgUTLiiLbyODozLfrpHbg8jrW1DNR53ssIaqv5SVCbboWKoVsFBYUpInMj9VemVRrSEyjAPXqLU%2BNt31iXCdJz5cz"}],"group":"cf-nel","max_age":604800}', 'NEL': '{"success_fraction":0,"report_to":"cf-nel","max_age":604800}', 'Server': 'cloudflare', 'CF-RAY': '8743142a3bb707c5-IAD', 'alt-svc': 'h3=":443"; ma=86400'} 
 body={"results":[{"gender":"male","name":{"title":"Mr","first":"Avram","last":"Živković"},"location":{"street":{"number":1919,"name":"Teslina"},"city":"Sremska Mitrovica","state":"Kosovo-Pomoravlje","country":"Serbia","postcode":25793,"coordinates":{"latitude":"62.5938","longitude":"-56.3605"},"timezone":{"offset":"-9:00","description":"Alaska"}},"email":"avram.zivkovic@example.com","login":{"uuid":"0f13dc32-d019-425d-b574-7f1c5b50cbbf","username":"heavyfish548","password":"fredrick","salt":"ZceMkwYn","md5":"640bc3e6201171b9d59bf5a308aa2da5","sha1":"9b06697861f79e8000abb0accfbc7c0f8c85afad","sha256":"68f5e11c212f401058a8c037a4b4d0d2208b7f5cf9e95929bbf68fddbaf45a1d"},"dob":{"date":"2001-04-20T21:00:01.201Z","age":22},"registered":{"date":"2003-07-20T16:25:05.014Z","age":20},"phone":"027-3077-791","cell":"065-1125-952","id":{"name":"SID","value":"149195738"},"picture":{"large":"https://randomuser.me/api/portraits/men/77.jpg","medium":"https://randomuser.me/api/portraits/med/men/77.jpg","thumbnail":"https://randomuser.me/api/portraits/thumb/men/77.jpg"},"nat":"RS"}],"info":{"seed":"ab11a024457a71c8","results":1,"page":1,"version":"1.4"}} 
 </msg>
<msg time="2024-04-14T10:40:37.553211" level="INFO">/opt/hostedtoolcache/Python/3.12.2/x64/lib/python3.12/site-packages/urllib3/connectionpool.py:1103: InsecureRequestWarning: Unverified HTTPS request is being made to host 'randomuser.me'. Adding certificate verification is strongly advised. See: https://urllib3.readthedocs.io/en/latest/advanced-usage.html#tls-warnings
  warnings.warn(</msg>
<msg time="2024-04-14T10:40:37.553345" level="INFO">${response} = &lt;Response [200]&gt;</msg>
<var>${response}</var>
<arg>consultarAPI</arg>
<arg>/api</arg>
<doc>Sends a GET request on a previously created HTTP Session.</doc>
<status status="PASS" start="2024-04-14T10:40:37.474857" elapsed="0.078539"/>
</kw>
<kw name="Set Variable" owner="BuiltIn">
<msg time="2024-04-14T10:40:37.554538" level="INFO">${json_data} = {'results': [{'gender': 'male', 'name': {'title': 'Mr', 'first': 'Avram', 'last': 'Živković'}, 'location': {'street': {'number': 1919, 'name': 'Teslina'}, 'city': 'Sremska Mitrovica', 'state': 'Kosovo...</msg>
<var>${json_data}</var>
<arg>${response.json()}</arg>
<doc>Returns the given values which can then be assigned to a variables.</doc>
<status status="PASS" start="2024-04-14T10:40:37.553976" elapsed="0.000593"/>
</kw>
<kw name="Log" owner="BuiltIn">
<msg time="2024-04-14T10:40:37.555095" level="INFO">{'results': [{'gender': 'male', 'name': {'title': 'Mr', 'first': 'Avram', 'last': 'Živković'}, 'location': {'street': {'number': 1919, 'name': 'Teslina'}, 'city': 'Sremska Mitrovica', 'state': 'Kosovo-Pomoravlje', 'country': 'Serbia', 'postcode': 25793, 'coordinates': {'latitude': '62.5938', 'longitude': '-56.3605'}, 'timezone': {'offset': '-9:00', 'description': 'Alaska'}}, 'email': 'avram.zivkovic@example.com', 'login': {'uuid': '0f13dc32-d019-425d-b574-7f1c5b50cbbf', 'username': 'heavyfish548', 'password': 'fredrick', 'salt': 'ZceMkwYn', 'md5': '640bc3e6201171b9d59bf5a308aa2da5', 'sha1': '9b06697861f79e8000abb0accfbc7c0f8c85afad', 'sha256': '68f5e11c212f401058a8c037a4b4d0d2208b7f5cf9e95929bbf68fddbaf45a1d'}, 'dob': {'date': '2001-04-20T21:00:01.201Z', 'age': 22}, 'registered': {'date': '2003-07-20T16:25:05.014Z', 'age': 20}, 'phone': '027-3077-791', 'cell': '065-1125-952', 'id': {'name': 'SID', 'value': '149195738'}, 'picture': {'large': 'https://randomuser.me/api/portraits/men/77.jpg', 'medium': 'https://randomuser.me/api/portraits/med/men/77.jpg', 'thumbnail': 'https://randomuser.me/api/portraits/thumb/men/77.jpg'}, 'nat': 'RS'}], 'info': {'seed': 'ab11a024457a71c8', 'results': 1, 'page': 1, 'version': '1.4'}}</msg>
<arg>${json_data}</arg>
<doc>Logs the given message with the given level.</doc>
<status status="PASS" start="2024-04-14T10:40:37.554928" elapsed="0.000219"/>
</kw>
<kw name="Should Be Equal As Numbers" owner="BuiltIn">
<arg>${json_data['results'][0]['location']['postcode']}</arg>
<arg>${json_data['results'][0]['location']['postcode']}</arg>
<doc>Fails if objects are unequal after converting them to real numbers.</doc>
<status status="PASS" start="2024-04-14T10:40:37.555448" elapsed="0.000767"/>
</kw>
<kw name="Log" owner="BuiltIn">
<msg time="2024-04-14T10:40:37.556784" level="INFO">25793</msg>
<arg>${json_data['results'][0]['location']['postcode']}</arg>
<doc>Logs the given message with the given level.</doc>
<status status="PASS" start="2024-04-14T10:40:37.556442" elapsed="0.000384"/>
</kw>
<status status="PASS" start="2024-04-14T10:40:37.474625" elapsed="0.082463"/>
</kw>
<doc>Testa se os tipos de dados na resposta da API estão corretos.</doc>
<tag>testeTiposDados</tag>
<status status="PASS" start="2024-04-14T10:40:37.379996" elapsed="0.177257"/>
</test>
<test id="s1-s1-t5" name="Validar conteudo" line="35">
<kw name="Teste de Tipos de Conteudo" owner="random-user-service">
<kw name="GET On Session" owner="RequestsLibrary">
<msg time="2024-04-14T10:40:37.654794" level="INFO">GET Request : url=https://randomuser.me/api 
 path_url=/api 
 headers={'User-Agent': 'python-requests/2.31.0', 'Accept-Encoding': 'gzip, deflate', 'Accept': '*/*', 'Connection': 'keep-alive'} 
 body=None 
 </msg>
<msg time="2024-04-14T10:40:37.654913" level="INFO">GET Response : url=https://randomuser.me/api 
 status=200, reason=OK 
 headers={'Date': 'Sun, 14 Apr 2024 10:40:37 GMT', 'Content-Type': 'application/json; charset=utf-8', 'Transfer-Encoding': 'chunked', 'Connection': 'keep-alive', 'X-Powered-By': 'Express', 'Access-Control-Allow-Origin': '*', 'Cache-Control': 'no-cache', 'ETag': 'W/"466-aajolgYvgf6bI3WNLoyQ1Fr5nBM"', 'Vary': 'Accept-Encoding', 'Content-Encoding': 'gzip', 'CF-Cache-Status': 'DYNAMIC', 'Report-To': '{"endpoints":[{"url":"https:\\/\\/a.nel.cloudflare.com\\/report\\/v4?s=0YEfGrUNSsqqk8Uw9S0CN3sTHex7KX2aPUoomPEw0hGpExr1GPYHDBrIT7HUovyqY8yMh3IWrnkAsMLFhIUhHp4Ka058iJsyv5nC7iXIE8qspjS9BAumVUaUOehGeA1d"}],"group":"cf-nel","max_age":604800}', 'NEL': '{"success_fraction":0,"report_to":"cf-nel","max_age":604800}', 'Server': 'cloudflare', 'CF-RAY': '8743142abc2907c5-IAD', 'alt-svc': 'h3=":443"; ma=86400'} 
 body={"results":[{"gender":"male","name":{"title":"Mr","first":"Jonas","last":"Jensen"},"location":{"street":{"number":7111,"name":"Bækvej"},"city":"Sundby","state":"Danmark","country":"Denmark","postcode":63821,"coordinates":{"latitude":"-43.7429","longitude":"-10.1665"},"timezone":{"offset":"-2:00","description":"Mid-Atlantic"}},"email":"jonas.jensen@example.com","login":{"uuid":"636b1d09-0d3c-4b19-9dd7-930a0446449c","username":"ticklishkoala629","password":"susan1","salt":"cYnYTgIt","md5":"7b477b1937da8d8a09068cd171d6f44e","sha1":"78fb14771722afef773c9b20f6f4b6e12d8e8b5d","sha256":"e5ee15aed53a74b659cc24b045542a2fd0f517a83c718dc6c9401eaa83053817"},"dob":{"date":"1958-02-24T01:16:00.681Z","age":66},"registered":{"date":"2002-09-25T01:21:16.374Z","age":21},"phone":"02233267","cell":"23917730","id":{"name":"CPR","value":"230258-0881"},"picture":{"large":"https://randomuser.me/api/portraits/men/67.jpg","medium":"https://randomuser.me/api/portraits/med/men/67.jpg","thumbnail":"https://randomuser.me/api/portraits/thumb/men/67.jpg"},"nat":"DK"}],"info":{"seed":"6fc5248db0855b01","results":1,"page":1,"version":"1.4"}} 
 </msg>
<msg time="2024-04-14T10:40:37.655003" level="INFO">/opt/hostedtoolcache/Python/3.12.2/x64/lib/python3.12/site-packages/urllib3/connectionpool.py:1103: InsecureRequestWarning: Unverified HTTPS request is being made to host 'randomuser.me'. Adding certificate verification is strongly advised. See: https://urllib3.readthedocs.io/en/latest/advanced-usage.html#tls-warnings
  warnings.warn(</msg>
<msg time="2024-04-14T10:40:37.655104" level="INFO">${response} = &lt;Response [200]&gt;</msg>
<var>${response}</var>
<arg>consultarAPI</arg>
<arg>/api</arg>
<doc>Sends a GET request on a previously created HTTP Session.</doc>
<status status="PASS" start="2024-04-14T10:40:37.559752" elapsed="0.095393"/>
</kw>
<kw name="Set Variable" owner="BuiltIn">
<msg time="2024-04-14T10:40:37.656278" level="INFO">${json_data} = {'results': [{'gender': 'male', 'name': {'title': 'Mr', 'first': 'Jonas', 'last': 'Jensen'}, 'location': {'street': {'number': 7111, 'name': 'Bækvej'}, 'city': 'Sundby', 'state': 'Danmark', 'country':...</msg>
<var>${json_data}</var>
<arg>${response.json()}</arg>
<doc>Returns the given values which can then be assigned to a variables.</doc>
<status status="PASS" start="2024-04-14T10:40:37.655663" elapsed="0.000648"/>
</kw>
<kw name="Set Variable" owner="BuiltIn">
<msg time="2024-04-14T10:40:37.657004" level="INFO">${name_title} = Mr</msg>
<var>${name_title}</var>
<arg>${json_data["results"][0]["name"]["title"]}</arg>
<doc>Returns the given values which can then be assigned to a variables.</doc>
<status status="PASS" start="2024-04-14T10:40:37.656625" elapsed="0.000405"/>
</kw>
<kw name="Create List" owner="BuiltIn">
<msg time="2024-04-14T10:40:37.657472" level="INFO">${allowed_titles} = ['Mr', 'Ms', 'Miss', 'Mrs', 'Madame', 'Monsieur']</msg>
<var>${allowed_titles}</var>
<arg>Mr</arg>
<arg>Ms</arg>
<arg>Miss</arg>
<arg>Mrs</arg>
<arg>Madame</arg>
<arg>Monsieur</arg>
<doc>Returns a list containing given items.</doc>
<status status="PASS" start="2024-04-14T10:40:37.657325" elapsed="0.000171"/>
</kw>
<kw name="List Should Contain Value" owner="Collections">
<msg time="2024-04-14T10:40:37.657964" level="INFO">False</msg>
<arg>${allowed_titles}</arg>
<arg>${name_title}</arg>
<doc>Fails if the ``value`` is not found from ``list``.</doc>
<status status="PASS" start="2024-04-14T10:40:37.657794" elapsed="0.000206"/>
</kw>
<kw name="Set Variable" owner="BuiltIn">
<msg time="2024-04-14T10:40:37.658673" level="INFO">${name_country} = DK</msg>
<var>${name_country}</var>
<arg>${json_data["results"][0]["nat"]}</arg>
<doc>Returns the given values which can then be assigned to a variables.</doc>
<status status="PASS" start="2024-04-14T10:40:37.658293" elapsed="0.000405"/>
</kw>
<kw name="Create List" owner="BuiltIn">
<msg time="2024-04-14T10:40:37.659635" level="INFO">${list_country} = ['AD', 'AE', 'AF', 'AG', 'AI', 'AL', 'AM', 'AO', 'AQ', 'AR', 'AS', 'AT', 'AU', 'AW', 'AX', 'AZ', 'BA', 'BB', 'BD', 'BE', 'BF', 'BG', 'BH', 'BI', 'BJ', 'BL', 'BM', 'BN', 'BO', 'BQ', 'BR', 'BS', 'BT', '...</msg>
<var>${list_country}</var>
<arg>AD</arg>
<arg>AE</arg>
<arg>AF</arg>
<arg>AG</arg>
<arg>AI</arg>
<arg>AL</arg>
<arg>AM</arg>
<arg>AO</arg>
<arg>AQ</arg>
<arg>AR</arg>
<arg>AS</arg>
<arg>AT</arg>
<arg>AU</arg>
<arg>AW</arg>
<arg>AX</arg>
<arg>AZ</arg>
<arg>BA</arg>
<arg>BB</arg>
<arg>BD</arg>
<arg>BE</arg>
<arg>BF</arg>
<arg>BG</arg>
<arg>BH</arg>
<arg>BI</arg>
<arg>BJ</arg>
<arg>BL</arg>
<arg>BM</arg>
<arg>BN</arg>
<arg>BO</arg>
<arg>BQ</arg>
<arg>BR</arg>
<arg>BS</arg>
<arg>BT</arg>
<arg>BV</arg>
<arg>BW</arg>
<arg>BY</arg>
<arg>BZ</arg>
<arg>CA</arg>
<arg>CC</arg>
<arg>CD</arg>
<arg>CF</arg>
<arg>CG</arg>
<arg>CH</arg>
<arg>CI</arg>
<arg>CK</arg>
<arg>CL</arg>
<arg>CM</arg>
<arg>CN</arg>
<arg>CO</arg>
<arg>CR</arg>
<arg>CU</arg>
<arg>CV</arg>
<arg>CW</arg>
<arg>CX</arg>
<arg>CY</arg>
<arg>CZ</arg>
<arg>DE</arg>
<arg>DJ</arg>
<arg>DK</arg>
<arg>DM</arg>
<arg>DO</arg>
<arg>DZ</arg>
<arg>EC</arg>
<arg>EE</arg>
<arg>EG</arg>
<arg>EH</arg>
<arg>ER</arg>
<arg>ES</arg>
<arg>ET</arg>
<arg>FI</arg>
<arg>FJ</arg>
<arg>FK</arg>
<arg>FM</arg>
<arg>FO</arg>
<arg>FR</arg>
<arg>GA</arg>
<arg>GB</arg>
<arg>GD</arg>
<arg>GE</arg>
<arg>GF</arg>
<arg>GG</arg>
<arg>GH</arg>
<arg>GI</arg>
<arg>GL</arg>
<arg>GM</arg>
<arg>GN</arg>
<arg>GP</arg>
<arg>GQ</arg>
<arg>GR</arg>
<arg>GS</arg>
<arg>GT</arg>
<arg>GU</arg>
<arg>GW</arg>
<arg>GY</arg>
<arg>HK</arg>
<arg>HM</arg>
<arg>HN</arg>
<arg>HR</arg>
<arg>HT</arg>
<arg>HU</arg>
<arg>ID</arg>
<arg>IE</arg>
<arg>IL</arg>
<arg>IM</arg>
<arg>IN</arg>
<arg>IO</arg>
<arg>IQ</arg>
<arg>IR</arg>
<arg>IS</arg>
<arg>IT</arg>
<arg>JE</arg>
<arg>JM</arg>
<arg>JO</arg>
<arg>JP</arg>
<arg>KE</arg>
<arg>KG</arg>
<arg>KH</arg>
<arg>KI</arg>
<arg>KM</arg>
<arg>KN</arg>
<arg>KP</arg>
<arg>KR</arg>
<arg>KW</arg>
<arg>KY</arg>
<arg>KZ</arg>
<arg>LA</arg>
<arg>LB</arg>
<arg>LC</arg>
<arg>LI</arg>
<arg>LK</arg>
<arg>LR</arg>
<arg>LS</arg>
<arg>LT</arg>
<arg>LU</arg>
<arg>LV</arg>
<arg>LY</arg>
<arg>MA</arg>
<arg>MC</arg>
<arg>MD</arg>
<arg>ME</arg>
<arg>MF</arg>
<arg>MG</arg>
<arg>MH</arg>
<arg>MK</arg>
<arg>ML</arg>
<arg>MM</arg>
<arg>MN</arg>
<arg>MO</arg>
<arg>MP</arg>
<arg>MQ</arg>
<arg>MR</arg>
<arg>MS</arg>
<arg>MT</arg>
<arg>MU</arg>
<arg>MV</arg>
<arg>MW</arg>
<arg>MX</arg>
<arg>MY</arg>
<arg>MZ</arg>
<arg>NA</arg>
<arg>NC</arg>
<arg>NE</arg>
<arg>NF</arg>
<arg>NG</arg>
<arg>NI</arg>
<arg>NL</arg>
<arg>NO</arg>
<arg>NP</arg>
<arg>NR</arg>
<arg>NU</arg>
<arg>NZ</arg>
<arg>OM</arg>
<arg>PA</arg>
<arg>PE</arg>
<arg>PF</arg>
<arg>PG</arg>
<arg>PH</arg>
<arg>PK</arg>
<arg>PL</arg>
<arg>PM</arg>
<arg>PN</arg>
<arg>PR</arg>
<arg>PS</arg>
<arg>PT</arg>
<arg>PW</arg>
<arg>PY</arg>
<arg>QA</arg>
<arg>RE</arg>
<arg>RO</arg>
<arg>RS</arg>
<arg>RU</arg>
<arg>RW</arg>
<arg>SA</arg>
<arg>SB</arg>
<arg>SC</arg>
<arg>SD</arg>
<arg>SE</arg>
<arg>SG</arg>
<arg>SH</arg>
<arg>SI</arg>
<arg>SJ</arg>
<arg>SK</arg>
<arg>SL</arg>
<arg>SM</arg>
<arg>SN</arg>
<arg>SO</arg>
<arg>SR</arg>
<arg>SS</arg>
<arg>ST</arg>
<arg>SV</arg>
<arg>SX</arg>
<arg>SY</arg>
<arg>SZ</arg>
<arg>TC</arg>
<arg>TD</arg>
<arg>TF</arg>
<arg>TG</arg>
<arg>TH</arg>
<arg>TJ</arg>
<arg>TK</arg>
<arg>TL</arg>
<arg>TM</arg>
<arg>TN</arg>
<arg>TO</arg>
<arg>TR</arg>
<arg>TT</arg>
<arg>TV</arg>
<arg>TW</arg>
<arg>TZ</arg>
<arg>UA</arg>
<arg>UG</arg>
<arg>UM</arg>
<arg>US</arg>
<arg>UY</arg>
<arg>UZ</arg>
<arg>VA</arg>
<arg>VC</arg>
<arg>VE</arg>
<arg>VG</arg>
<arg>VI</arg>
<arg>VN</arg>
<arg>VU</arg>
<arg>WF</arg>
<arg>WS</arg>
<arg>XK</arg>
<arg>YE</arg>
<arg>YT</arg>
<arg>ZA</arg>
<arg>ZM</arg>
<arg>ZW</arg>
<doc>Returns a list containing given items.</doc>
<status status="PASS" start="2024-04-14T10:40:37.659037" elapsed="0.000624"/>
</kw>
<kw name="List Should Contain Value" owner="Collections">
<msg time="2024-04-14T10:40:37.660641" level="INFO">False</msg>
<arg>${list_country}</arg>
<arg>${name_country}</arg>
<doc>Fails if the ``value`` is not found from ``list``.</doc>
<status status="PASS" start="2024-04-14T10:40:37.660442" elapsed="0.000236"/>
</kw>
<kw name="Run Keyword If" owner="BuiltIn">
<kw name="Should Be True" owner="BuiltIn">
<arg>${True}</arg>
<doc>Fails if the given condition is not true.</doc>
<status status="PASS" start="2024-04-14T10:40:37.661730" elapsed="0.000144"/>
</kw>
<arg>${json_data["results"][0]["location"]["coordinates"]["latitude"]} &gt;= -90 and ${json_data["results"][0]["location"]["coordinates"]["latitude"]} &lt;= 90</arg>
<arg>Should Be True</arg>
<arg>${True}</arg>
<doc>Runs the given keyword with the given arguments, if ``condition`` is true.</doc>
<status status="PASS" start="2024-04-14T10:40:37.660988" elapsed="0.001014"/>
</kw>
<kw name="Run Keyword If" owner="BuiltIn">
<kw name="Should Be True" owner="BuiltIn">
<arg>${True}</arg>
<doc>Fails if the given condition is not true.</doc>
<status status="PASS" start="2024-04-14T10:40:37.662906" elapsed="0.000244"/>
</kw>
<arg>${json_data["results"][0]["location"]["coordinates"]["longitude"]} &gt;= -180 and ${json_data["results"][0]["location"]["coordinates"]["longitude"]} &lt;= 180</arg>
<arg>Should Be True</arg>
<arg>${True}</arg>
<doc>Runs the given keyword with the given arguments, if ``condition`` is true.</doc>
<status status="PASS" start="2024-04-14T10:40:37.662190" elapsed="0.001089"/>
</kw>
<status status="PASS" start="2024-04-14T10:40:37.559528" elapsed="0.103886"/>
</kw>
<doc>Testa o conteúdo específico dos campos retornados pela API.</doc>
<tag>testeConteudo</tag>
<status status="PASS" start="2024-04-14T10:40:37.559013" elapsed="0.104548"/>
</test>
<status status="PASS" start="2024-04-14T10:40:36.779589" elapsed="0.885916"/>
</suite>
<status status="PASS" start="2024-04-14T10:40:36.765056" elapsed="0.905732"/>
</suite>
<statistics>
<total>
<stat pass="5" fail="0" skip="0">All Tests</stat>
</total>
<tag>
<stat pass="1" fail="0" skip="0">testeConteudo</stat>
<stat pass="1" fail="0" skip="0">testeEstruturaResposta</stat>
<stat pass="1" fail="0" skip="0">testeRequisicaoBasica</stat>
<stat pass="1" fail="0" skip="0">testeTiposDados</stat>
</tag>
<suite>
<stat pass="5" fail="0" skip="0" id="s1" name="Tests">Tests</stat>
<stat pass="5" fail="0" skip="0" id="s1-s1" name="Random-User-Test">Tests.Random-User-Test</stat>
</suite>
</statistics>
<errors>
</errors>
</robot>
