<?xml version="1.0" encoding="UTF-8"?>
<robot generator="Robot 7.0 (Python 3.12.2 on linux)" generated="2024-04-15T16:18:23.659715" rpa="false" schemaversion="5">
<suite id="s1" name="Tests" source="/home/runner/work/DesafioQAItauRogerioJordao/DesafioQAItauRogerioJordao/RamdonUser/tests">
<suite id="s1-s1" name="Random-User-Test" source="/home/runner/work/DesafioQAItauRogerioJordao/DesafioQAItauRogerioJordao/RamdonUser/tests/random-user-test.robot">
<test id="s1-s1-t1" name="Conectar" line="13">
<kw name="Conectar API" owner="random-user-service">
<kw name="Create Session" owner="RequestsLibrary">
<msg time="2024-04-15T16:18:24.035883" level="INFO">Creating Session using : alias=consultarAPI, url=https://randomuser.me/, headers={},                     cookies={}, auth=None, timeout=None, proxies=None, verify=False,                     debug=0 </msg>
<arg>consultarAPI</arg>
<arg>${URL}</arg>
<doc>Create Session: create a HTTP session to a server</doc>
<status status="PASS" start="2024-04-15T16:18:24.035653" elapsed="0.000422"/>
</kw>
<status status="PASS" start="2024-04-15T16:18:24.034547" elapsed="0.001904"/>
</kw>
<status status="PASS" start="2024-04-15T16:18:24.033890" elapsed="0.002772"/>
</test>
<test id="s1-s1-t2" name="Validar retorno 200 e JSON Válido" line="16">
<kw name="Teste de Requisicao Basica" owner="random-user-service">
<kw name="GET On Session" owner="RequestsLibrary">
<msg time="2024-04-15T16:18:24.311245" level="INFO">GET Request : url=https://randomuser.me/api 
 path_url=/api 
 headers={'User-Agent': 'python-requests/2.31.0', 'Accept-Encoding': 'gzip, deflate', 'Accept': '*/*', 'Connection': 'keep-alive'} 
 body=None 
 </msg>
<msg time="2024-04-15T16:18:24.311402" level="INFO">GET Response : url=https://randomuser.me/api 
 status=200, reason=OK 
 headers={'Date': 'Mon, 15 Apr 2024 16:18:24 GMT', 'Content-Type': 'application/json; charset=utf-8', 'Transfer-Encoding': 'chunked', 'Connection': 'keep-alive', 'X-Powered-By': 'Express', 'Access-Control-Allow-Origin': '*', 'Cache-Control': 'no-cache', 'ETag': 'W/"498-tY/ccnBuK/vz89k3RX+5eX0+7vc"', 'Vary': 'Accept-Encoding', 'Content-Encoding': 'gzip', 'CF-Cache-Status': 'DYNAMIC', 'Report-To': '{"endpoints":[{"url":"https:\\/\\/a.nel.cloudflare.com\\/report\\/v4?s=4ErbIxpdwfE3KeSBkNwO%2BwAp83gwH4oQFwFscEJjkyoyTEFPcXcJJJzU04kjTrNyKZhFofu46WAjGnOrcKmL%2FHVQYHqykN76015qPSZeTjnEczdNC%2BM1YMmvKA32VhCF"}],"group":"cf-nel","max_age":604800}', 'NEL': '{"success_fraction":0,"report_to":"cf-nel","max_age":604800}', 'Server': 'cloudflare', 'CF-RAY': '874d405579148140-ORD', 'alt-svc': 'h3=":443"; ma=86400'} 
 body={"results":[{"gender":"male","name":{"title":"Mr","first":"Tihomir","last":"Pantelić"},"location":{"street":{"number":8901,"name":"Vuka Karadžića"},"city":"Merošina","state":"Pčinja","country":"Serbia","postcode":91617,"coordinates":{"latitude":"58.2082","longitude":"-104.5149"},"timezone":{"offset":"-6:00","description":"Central Time (US &amp; Canada), Mexico City"}},"email":"tihomir.pantelic@example.com","login":{"uuid":"c73ef7ae-3a20-4afc-9aef-be5261f66e30","username":"tinyzebra727","password":"oatmeal","salt":"mMjdQ0Wg","md5":"4b15b13fef3cca94caeebc224c870c07","sha1":"09070972e0f7cb5da6846faca54b64b877448882","sha256":"95f9157dfe264d266e2d86f73256bd36ffd9a48b7345ec65ef3fb68cbb30e648"},"dob":{"date":"1997-09-27T18:02:29.165Z","age":26},"registered":{"date":"2009-07-29T04:56:22.789Z","age":14},"phone":"021-9349-207","cell":"069-9275-451","id":{"name":"SID","value":"203964438"},"picture":{"large":"https://randomuser.me/api/portraits/men/16.jpg","medium":"https://randomuser.me/api/portraits/med/men/16.jpg","thumbnail":"https://randomuser.me/api/portraits/thumb/men/16.jpg"},"nat":"RS"}],"info":{"seed":"e005795bf3c0ac58","results":1,"page":1,"version":"1.4"}} 
 </msg>
<msg time="2024-04-15T16:18:24.311496" level="INFO">/opt/hostedtoolcache/Python/3.12.2/x64/lib/python3.12/site-packages/urllib3/connectionpool.py:1103: InsecureRequestWarning: Unverified HTTPS request is being made to host 'randomuser.me'. Adding certificate verification is strongly advised. See: https://urllib3.readthedocs.io/en/latest/advanced-usage.html#tls-warnings
  warnings.warn(</msg>
<msg time="2024-04-15T16:18:24.311659" level="INFO">${response} = &lt;Response [200]&gt;</msg>
<var>${response}</var>
<arg>consultarAPI</arg>
<arg>/api</arg>
<doc>Sends a GET request on a previously created HTTP Session.</doc>
<status status="PASS" start="2024-04-15T16:18:24.039460" elapsed="0.272243"/>
</kw>
<kw name="Should Be Equal As Numbers" owner="BuiltIn">
<msg time="2024-04-15T16:18:24.312747" level="INFO">Argument types are:
&lt;class 'int'&gt;
&lt;class 'str'&gt;</msg>
<arg>${response.status_code}</arg>
<arg>200</arg>
<doc>Fails if objects are unequal after converting them to real numbers.</doc>
<status status="PASS" start="2024-04-15T16:18:24.312269" elapsed="0.000577"/>
</kw>
<kw name="Log" owner="BuiltIn">
<msg time="2024-04-15T16:18:24.313596" level="INFO">200</msg>
<arg>${response.status_code}</arg>
<doc>Logs the given message with the given level.</doc>
<status status="PASS" start="2024-04-15T16:18:24.313229" elapsed="0.000411"/>
</kw>
<kw name="Set Variable" owner="BuiltIn">
<msg time="2024-04-15T16:18:24.314443" level="INFO">${json_data} = {'results': [{'gender': 'male', 'name': {'title': 'Mr', 'first': 'Tihomir', 'last': 'Pantelić'}, 'location': {'street': {'number': 8901, 'name': 'Vuka Karadžića'}, 'city': 'Merošina', 'state': 'Pčinja...</msg>
<var>${json_data}</var>
<arg>${response.json()}</arg>
<doc>Returns the given values which can then be assigned to a variables.</doc>
<status status="PASS" start="2024-04-15T16:18:24.313981" elapsed="0.000493"/>
</kw>
<kw name="Dictionary Should Contain Key" owner="Collections">
<msg time="2024-04-15T16:18:24.314964" level="INFO">False</msg>
<arg>${json_data}</arg>
<arg>results</arg>
<doc>Fails if ``key`` is not found from ``dictionary``.</doc>
<status status="PASS" start="2024-04-15T16:18:24.314791" elapsed="0.000218"/>
</kw>
<status status="PASS" start="2024-04-15T16:18:24.039189" elapsed="0.276089"/>
</kw>
<doc>Testa se a API responde corretamente e retorna um objeto JSON válido.</doc>
<tag>testeRequisicaoBasica</tag>
<status status="PASS" start="2024-04-15T16:18:24.038578" elapsed="0.276894"/>
</test>
<test id="s1-s1-t3" name="Validar estrutura de resposta" line="22">
<kw name="Teste de Estrutura de Resposta" owner="random-user-service">
<kw name="GET On Session" owner="RequestsLibrary">
<msg time="2024-04-15T16:18:24.902904" level="INFO">GET Request : url=https://randomuser.me/api 
 path_url=/api 
 headers={'User-Agent': 'python-requests/2.31.0', 'Accept-Encoding': 'gzip, deflate', 'Accept': '*/*', 'Connection': 'keep-alive'} 
 body=None 
 </msg>
<msg time="2024-04-15T16:18:24.903005" level="INFO">GET Response : url=https://randomuser.me/api 
 status=200, reason=OK 
 headers={'Date': 'Mon, 15 Apr 2024 16:18:24 GMT', 'Content-Type': 'application/json; charset=utf-8', 'Transfer-Encoding': 'chunked', 'Connection': 'keep-alive', 'X-Powered-By': 'Express', 'Access-Control-Allow-Origin': '*', 'Cache-Control': 'no-cache', 'ETag': 'W/"499-SYeBLgywv9Z5ZqTbq7HEnD7Fmpw"', 'Vary': 'Accept-Encoding', 'Content-Encoding': 'gzip', 'CF-Cache-Status': 'DYNAMIC', 'Report-To': '{"endpoints":[{"url":"https:\\/\\/a.nel.cloudflare.com\\/report\\/v4?s=cHTSb%2FfAWVaeQUWfxAlEs%2FcYQtk4Kj0HIFAwGUYmhJ%2Fc2tKStwo58dw4cAFDR2lAF5Enr1Syxi%2F3UBWHFrKMKykV9L4AyFM8mf82OuY9jTZJRhYyd0O9XxiInKOG%2BoBH"}],"group":"cf-nel","max_age":604800}', 'NEL': '{"success_fraction":0,"report_to":"cf-nel","max_age":604800}', 'Server': 'cloudflare', 'CF-RAY': '874d4056099b8140-ORD', 'alt-svc': 'h3=":443"; ma=86400'} 
 body={"results":[{"gender":"male","name":{"title":"Mr","first":"Adalbert","last":"Pietzsch"},"location":{"street":{"number":4818,"name":"Marktplatz"},"city":"Ribnitz-Damgarten","state":"Schleswig-Holstein","country":"Germany","postcode":30324,"coordinates":{"latitude":"-48.9757","longitude":"-3.7705"},"timezone":{"offset":"-12:00","description":"Eniwetok, Kwajalein"}},"email":"adalbert.pietzsch@example.com","login":{"uuid":"0a07abe3-9ec4-4265-a918-5d96857f53a4","username":"biglion399","password":"mitchell","salt":"J6Vsixtk","md5":"54d465a4f1ed4dce2b676e729c1fe42a","sha1":"4a8abe6d5a6933f7217f0129ea8e912c0a0a8635","sha256":"1299023d31084290d6655836c1b35b95cb2033f82be69fa10213ba628bf29a80"},"dob":{"date":"1992-06-23T16:58:20.596Z","age":31},"registered":{"date":"2013-12-31T14:52:56.814Z","age":10},"phone":"0534-9316212","cell":"0173-6440686","id":{"name":"SVNR","value":"75 230692 P 385"},"picture":{"large":"https://randomuser.me/api/portraits/men/41.jpg","medium":"https://randomuser.me/api/portraits/med/men/41.jpg","thumbnail":"https://randomuser.me/api/portraits/thumb/men/41.jpg"},"nat":"DE"}],"info":{"seed":"f9322116df8ff919","results":1,"page":1,"version":"1.4"}} 
 </msg>
<msg time="2024-04-15T16:18:24.903155" level="INFO">/opt/hostedtoolcache/Python/3.12.2/x64/lib/python3.12/site-packages/urllib3/connectionpool.py:1103: InsecureRequestWarning: Unverified HTTPS request is being made to host 'randomuser.me'. Adding certificate verification is strongly advised. See: https://urllib3.readthedocs.io/en/latest/advanced-usage.html#tls-warnings
  warnings.warn(</msg>
<msg time="2024-04-15T16:18:24.903282" level="INFO">${response} = &lt;Response [200]&gt;</msg>
<var>${response}</var>
<arg>consultarAPI</arg>
<arg>/api</arg>
<doc>Sends a GET request on a previously created HTTP Session.</doc>
<status status="PASS" start="2024-04-15T16:18:24.318468" elapsed="0.584841"/>
</kw>
<kw name="Set Variable" owner="BuiltIn">
<msg time="2024-04-15T16:18:24.904374" level="INFO">${json_data} = {'results': [{'gender': 'male', 'name': {'title': 'Mr', 'first': 'Adalbert', 'last': 'Pietzsch'}, 'location': {'street': {'number': 4818, 'name': 'Marktplatz'}, 'city': 'Ribnitz-Damgarten', 'state': '...</msg>
<var>${json_data}</var>
<arg>${response.json()}</arg>
<doc>Returns the given values which can then be assigned to a variables.</doc>
<status status="PASS" start="2024-04-15T16:18:24.903857" elapsed="0.000546"/>
</kw>
<kw name="Log" owner="BuiltIn">
<msg time="2024-04-15T16:18:24.904930" level="INFO">{'results': [{'gender': 'male', 'name': {'title': 'Mr', 'first': 'Adalbert', 'last': 'Pietzsch'}, 'location': {'street': {'number': 4818, 'name': 'Marktplatz'}, 'city': 'Ribnitz-Damgarten', 'state': 'Schleswig-Holstein', 'country': 'Germany', 'postcode': 30324, 'coordinates': {'latitude': '-48.9757', 'longitude': '-3.7705'}, 'timezone': {'offset': '-12:00', 'description': 'Eniwetok, Kwajalein'}}, 'email': 'adalbert.pietzsch@example.com', 'login': {'uuid': '0a07abe3-9ec4-4265-a918-5d96857f53a4', 'username': 'biglion399', 'password': 'mitchell', 'salt': 'J6Vsixtk', 'md5': '54d465a4f1ed4dce2b676e729c1fe42a', 'sha1': '4a8abe6d5a6933f7217f0129ea8e912c0a0a8635', 'sha256': '1299023d31084290d6655836c1b35b95cb2033f82be69fa10213ba628bf29a80'}, 'dob': {'date': '1992-06-23T16:58:20.596Z', 'age': 31}, 'registered': {'date': '2013-12-31T14:52:56.814Z', 'age': 10}, 'phone': '0534-9316212', 'cell': '0173-6440686', 'id': {'name': 'SVNR', 'value': '75 230692 P 385'}, 'picture': {'large': 'https://randomuser.me/api/portraits/men/41.jpg', 'medium': 'https://randomuser.me/api/portraits/med/men/41.jpg', 'thumbnail': 'https://randomuser.me/api/portraits/thumb/men/41.jpg'}, 'nat': 'DE'}], 'info': {'seed': 'f9322116df8ff919', 'results': 1, 'page': 1, 'version': '1.4'}}</msg>
<arg>${json_data}</arg>
<doc>Logs the given message with the given level.</doc>
<status status="PASS" start="2024-04-15T16:18:24.904717" elapsed="0.000263"/>
</kw>
<kw name="Dictionary Should Contain Key" owner="Collections">
<msg time="2024-04-15T16:18:24.905438" level="INFO">False</msg>
<arg>${json_data}</arg>
<arg>results</arg>
<doc>Fails if ``key`` is not found from ``dictionary``.</doc>
<status status="PASS" start="2024-04-15T16:18:24.905280" elapsed="0.000195"/>
</kw>
<kw name="Should Not Be Empty" owner="BuiltIn">
<msg time="2024-04-15T16:18:24.905905" level="INFO">Length is 2.</msg>
<arg>${json_data}</arg>
<doc>Verifies that the given item is not empty.</doc>
<status status="PASS" start="2024-04-15T16:18:24.905768" elapsed="0.000176"/>
</kw>
<kw name="Create List" owner="BuiltIn">
<msg time="2024-04-15T16:18:24.906377" level="INFO">${expected_keys} = ['gender', 'name', 'location', 'email', 'login']</msg>
<var>${expected_keys}</var>
<arg>gender</arg>
<arg>name</arg>
<arg>location</arg>
<arg>email</arg>
<arg>login</arg>
<doc>Returns a list containing given items.</doc>
<status status="PASS" start="2024-04-15T16:18:24.906230" elapsed="0.000171"/>
</kw>
<for flavor="IN">
<iter>
<kw name="Dictionary Should Contain Key" owner="Collections">
<msg time="2024-04-15T16:18:24.907370" level="INFO">False</msg>
<arg>${json_data['results'][0]}</arg>
<arg>${key}</arg>
<doc>Fails if ``key`` is not found from ``dictionary``.</doc>
<status status="PASS" start="2024-04-15T16:18:24.906975" elapsed="0.000433"/>
</kw>
<kw name="Log" owner="BuiltIn">
<msg time="2024-04-15T16:18:24.908071" level="INFO">{'gender': 'male', 'name': {'title': 'Mr', 'first': 'Adalbert', 'last': 'Pietzsch'}, 'location': {'street': {'number': 4818, 'name': 'Marktplatz'}, 'city': 'Ribnitz-Damgarten', 'state': 'Schleswig-Holstein', 'country': 'Germany', 'postcode': 30324, 'coordinates': {'latitude': '-48.9757', 'longitude': '-3.7705'}, 'timezone': {'offset': '-12:00', 'description': 'Eniwetok, Kwajalein'}}, 'email': 'adalbert.pietzsch@example.com', 'login': {'uuid': '0a07abe3-9ec4-4265-a918-5d96857f53a4', 'username': 'biglion399', 'password': 'mitchell', 'salt': 'J6Vsixtk', 'md5': '54d465a4f1ed4dce2b676e729c1fe42a', 'sha1': '4a8abe6d5a6933f7217f0129ea8e912c0a0a8635', 'sha256': '1299023d31084290d6655836c1b35b95cb2033f82be69fa10213ba628bf29a80'}, 'dob': {'date': '1992-06-23T16:58:20.596Z', 'age': 31}, 'registered': {'date': '2013-12-31T14:52:56.814Z', 'age': 10}, 'phone': '0534-9316212', 'cell': '0173-6440686', 'id': {'name': 'SVNR', 'value': '75 230692 P 385'}, 'picture': {'large': 'https://randomuser.me/api/portraits/men/41.jpg', 'medium': 'https://randomuser.me/api/portraits/med/men/41.jpg', 'thumbnail': 'https://randomuser.me/api/portraits/thumb/men/41.jpg'}, 'nat': 'DE'}</msg>
<arg>${json_data['results'][0]}</arg>
<doc>Logs the given message with the given level.</doc>
<status status="PASS" start="2024-04-15T16:18:24.907705" elapsed="0.000412"/>
</kw>
<kw name="Log" owner="BuiltIn">
<msg time="2024-04-15T16:18:24.908539" level="INFO">gender</msg>
<arg>${key}</arg>
<doc>Logs the given message with the given level.</doc>
<status status="PASS" start="2024-04-15T16:18:24.908413" elapsed="0.000163"/>
</kw>
<var name="${key}">gender</var>
<status status="PASS" start="2024-04-15T16:18:24.906853" elapsed="0.001943"/>
</iter>
<iter>
<kw name="Dictionary Should Contain Key" owner="Collections">
<msg time="2024-04-15T16:18:24.909487" level="INFO">False</msg>
<arg>${json_data['results'][0]}</arg>
<arg>${key}</arg>
<doc>Fails if ``key`` is not found from ``dictionary``.</doc>
<status status="PASS" start="2024-04-15T16:18:24.909118" elapsed="0.000406"/>
</kw>
<kw name="Log" owner="BuiltIn">
<msg time="2024-04-15T16:18:24.910211" level="INFO">{'gender': 'male', 'name': {'title': 'Mr', 'first': 'Adalbert', 'last': 'Pietzsch'}, 'location': {'street': {'number': 4818, 'name': 'Marktplatz'}, 'city': 'Ribnitz-Damgarten', 'state': 'Schleswig-Holstein', 'country': 'Germany', 'postcode': 30324, 'coordinates': {'latitude': '-48.9757', 'longitude': '-3.7705'}, 'timezone': {'offset': '-12:00', 'description': 'Eniwetok, Kwajalein'}}, 'email': 'adalbert.pietzsch@example.com', 'login': {'uuid': '0a07abe3-9ec4-4265-a918-5d96857f53a4', 'username': 'biglion399', 'password': 'mitchell', 'salt': 'J6Vsixtk', 'md5': '54d465a4f1ed4dce2b676e729c1fe42a', 'sha1': '4a8abe6d5a6933f7217f0129ea8e912c0a0a8635', 'sha256': '1299023d31084290d6655836c1b35b95cb2033f82be69fa10213ba628bf29a80'}, 'dob': {'date': '1992-06-23T16:58:20.596Z', 'age': 31}, 'registered': {'date': '2013-12-31T14:52:56.814Z', 'age': 10}, 'phone': '0534-9316212', 'cell': '0173-6440686', 'id': {'name': 'SVNR', 'value': '75 230692 P 385'}, 'picture': {'large': 'https://randomuser.me/api/portraits/men/41.jpg', 'medium': 'https://randomuser.me/api/portraits/med/men/41.jpg', 'thumbnail': 'https://randomuser.me/api/portraits/thumb/men/41.jpg'}, 'nat': 'DE'}</msg>
<arg>${json_data['results'][0]}</arg>
<doc>Logs the given message with the given level.</doc>
<status status="PASS" start="2024-04-15T16:18:24.909848" elapsed="0.000415"/>
</kw>
<kw name="Log" owner="BuiltIn">
<msg time="2024-04-15T16:18:24.910691" level="INFO">name</msg>
<arg>${key}</arg>
<doc>Logs the given message with the given level.</doc>
<status status="PASS" start="2024-04-15T16:18:24.910564" elapsed="0.000165"/>
</kw>
<var name="${key}">name</var>
<status status="PASS" start="2024-04-15T16:18:24.909005" elapsed="0.001943"/>
</iter>
<iter>
<kw name="Dictionary Should Contain Key" owner="Collections">
<msg time="2024-04-15T16:18:24.911613" level="INFO">False</msg>
<arg>${json_data['results'][0]}</arg>
<arg>${key}</arg>
<doc>Fails if ``key`` is not found from ``dictionary``.</doc>
<status status="PASS" start="2024-04-15T16:18:24.911237" elapsed="0.000413"/>
</kw>
<kw name="Log" owner="BuiltIn">
<msg time="2024-04-15T16:18:24.912305" level="INFO">{'gender': 'male', 'name': {'title': 'Mr', 'first': 'Adalbert', 'last': 'Pietzsch'}, 'location': {'street': {'number': 4818, 'name': 'Marktplatz'}, 'city': 'Ribnitz-Damgarten', 'state': 'Schleswig-Holstein', 'country': 'Germany', 'postcode': 30324, 'coordinates': {'latitude': '-48.9757', 'longitude': '-3.7705'}, 'timezone': {'offset': '-12:00', 'description': 'Eniwetok, Kwajalein'}}, 'email': 'adalbert.pietzsch@example.com', 'login': {'uuid': '0a07abe3-9ec4-4265-a918-5d96857f53a4', 'username': 'biglion399', 'password': 'mitchell', 'salt': 'J6Vsixtk', 'md5': '54d465a4f1ed4dce2b676e729c1fe42a', 'sha1': '4a8abe6d5a6933f7217f0129ea8e912c0a0a8635', 'sha256': '1299023d31084290d6655836c1b35b95cb2033f82be69fa10213ba628bf29a80'}, 'dob': {'date': '1992-06-23T16:58:20.596Z', 'age': 31}, 'registered': {'date': '2013-12-31T14:52:56.814Z', 'age': 10}, 'phone': '0534-9316212', 'cell': '0173-6440686', 'id': {'name': 'SVNR', 'value': '75 230692 P 385'}, 'picture': {'large': 'https://randomuser.me/api/portraits/men/41.jpg', 'medium': 'https://randomuser.me/api/portraits/med/men/41.jpg', 'thumbnail': 'https://randomuser.me/api/portraits/thumb/men/41.jpg'}, 'nat': 'DE'}</msg>
<arg>${json_data['results'][0]}</arg>
<doc>Logs the given message with the given level.</doc>
<status status="PASS" start="2024-04-15T16:18:24.911944" elapsed="0.000407"/>
</kw>
<kw name="Log" owner="BuiltIn">
<msg time="2024-04-15T16:18:24.912776" level="INFO">location</msg>
<arg>${key}</arg>
<doc>Logs the given message with the given level.</doc>
<status status="PASS" start="2024-04-15T16:18:24.912651" elapsed="0.000162"/>
</kw>
<var name="${key}">location</var>
<status status="PASS" start="2024-04-15T16:18:24.911126" elapsed="0.001948"/>
</iter>
<iter>
<kw name="Dictionary Should Contain Key" owner="Collections">
<msg time="2024-04-15T16:18:24.913726" level="INFO">False</msg>
<arg>${json_data['results'][0]}</arg>
<arg>${key}</arg>
<doc>Fails if ``key`` is not found from ``dictionary``.</doc>
<status status="PASS" start="2024-04-15T16:18:24.913352" elapsed="0.000417"/>
</kw>
<kw name="Log" owner="BuiltIn">
<msg time="2024-04-15T16:18:24.914425" level="INFO">{'gender': 'male', 'name': {'title': 'Mr', 'first': 'Adalbert', 'last': 'Pietzsch'}, 'location': {'street': {'number': 4818, 'name': 'Marktplatz'}, 'city': 'Ribnitz-Damgarten', 'state': 'Schleswig-Holstein', 'country': 'Germany', 'postcode': 30324, 'coordinates': {'latitude': '-48.9757', 'longitude': '-3.7705'}, 'timezone': {'offset': '-12:00', 'description': 'Eniwetok, Kwajalein'}}, 'email': 'adalbert.pietzsch@example.com', 'login': {'uuid': '0a07abe3-9ec4-4265-a918-5d96857f53a4', 'username': 'biglion399', 'password': 'mitchell', 'salt': 'J6Vsixtk', 'md5': '54d465a4f1ed4dce2b676e729c1fe42a', 'sha1': '4a8abe6d5a6933f7217f0129ea8e912c0a0a8635', 'sha256': '1299023d31084290d6655836c1b35b95cb2033f82be69fa10213ba628bf29a80'}, 'dob': {'date': '1992-06-23T16:58:20.596Z', 'age': 31}, 'registered': {'date': '2013-12-31T14:52:56.814Z', 'age': 10}, 'phone': '0534-9316212', 'cell': '0173-6440686', 'id': {'name': 'SVNR', 'value': '75 230692 P 385'}, 'picture': {'large': 'https://randomuser.me/api/portraits/men/41.jpg', 'medium': 'https://randomuser.me/api/portraits/med/men/41.jpg', 'thumbnail': 'https://randomuser.me/api/portraits/thumb/men/41.jpg'}, 'nat': 'DE'}</msg>
<arg>${json_data['results'][0]}</arg>
<doc>Logs the given message with the given level.</doc>
<status status="PASS" start="2024-04-15T16:18:24.914070" elapsed="0.000401"/>
</kw>
<kw name="Log" owner="BuiltIn">
<msg time="2024-04-15T16:18:24.914894" level="INFO">email</msg>
<arg>${key}</arg>
<doc>Logs the given message with the given level.</doc>
<status status="PASS" start="2024-04-15T16:18:24.914768" elapsed="0.000164"/>
</kw>
<var name="${key}">email</var>
<status status="PASS" start="2024-04-15T16:18:24.913244" elapsed="0.001901"/>
</iter>
<iter>
<kw name="Dictionary Should Contain Key" owner="Collections">
<msg time="2024-04-15T16:18:24.915797" level="INFO">False</msg>
<arg>${json_data['results'][0]}</arg>
<arg>${key}</arg>
<doc>Fails if ``key`` is not found from ``dictionary``.</doc>
<status status="PASS" start="2024-04-15T16:18:24.915425" elapsed="0.000409"/>
</kw>
<kw name="Log" owner="BuiltIn">
<msg time="2024-04-15T16:18:24.916474" level="INFO">{'gender': 'male', 'name': {'title': 'Mr', 'first': 'Adalbert', 'last': 'Pietzsch'}, 'location': {'street': {'number': 4818, 'name': 'Marktplatz'}, 'city': 'Ribnitz-Damgarten', 'state': 'Schleswig-Holstein', 'country': 'Germany', 'postcode': 30324, 'coordinates': {'latitude': '-48.9757', 'longitude': '-3.7705'}, 'timezone': {'offset': '-12:00', 'description': 'Eniwetok, Kwajalein'}}, 'email': 'adalbert.pietzsch@example.com', 'login': {'uuid': '0a07abe3-9ec4-4265-a918-5d96857f53a4', 'username': 'biglion399', 'password': 'mitchell', 'salt': 'J6Vsixtk', 'md5': '54d465a4f1ed4dce2b676e729c1fe42a', 'sha1': '4a8abe6d5a6933f7217f0129ea8e912c0a0a8635', 'sha256': '1299023d31084290d6655836c1b35b95cb2033f82be69fa10213ba628bf29a80'}, 'dob': {'date': '1992-06-23T16:58:20.596Z', 'age': 31}, 'registered': {'date': '2013-12-31T14:52:56.814Z', 'age': 10}, 'phone': '0534-9316212', 'cell': '0173-6440686', 'id': {'name': 'SVNR', 'value': '75 230692 P 385'}, 'picture': {'large': 'https://randomuser.me/api/portraits/men/41.jpg', 'medium': 'https://randomuser.me/api/portraits/med/men/41.jpg', 'thumbnail': 'https://randomuser.me/api/portraits/thumb/men/41.jpg'}, 'nat': 'DE'}</msg>
<arg>${json_data['results'][0]}</arg>
<doc>Logs the given message with the given level.</doc>
<status status="PASS" start="2024-04-15T16:18:24.916126" elapsed="0.000394"/>
</kw>
<kw name="Log" owner="BuiltIn">
<msg time="2024-04-15T16:18:24.916960" level="INFO">login</msg>
<arg>${key}</arg>
<doc>Logs the given message with the given level.</doc>
<status status="PASS" start="2024-04-15T16:18:24.916811" elapsed="0.000187"/>
</kw>
<var name="${key}">login</var>
<status status="PASS" start="2024-04-15T16:18:24.915316" elapsed="0.001923"/>
</iter>
<var>${key}</var>
<value>@{expected_keys}</value>
<status status="PASS" start="2024-04-15T16:18:24.906659" elapsed="0.010705"/>
</for>
<kw name="Create List" owner="BuiltIn">
<msg time="2024-04-15T16:18:24.917696" level="INFO">${expected_keysTwo} = ['username', 'password']</msg>
<var>${expected_keysTwo}</var>
<arg>username</arg>
<arg>password</arg>
<doc>Returns a list containing given items.</doc>
<status status="PASS" start="2024-04-15T16:18:24.917559" elapsed="0.000159"/>
</kw>
<for flavor="IN">
<iter>
<kw name="Dictionary Should Contain Key" owner="Collections">
<msg time="2024-04-15T16:18:24.918719" level="INFO">False</msg>
<arg>${json_data['results'][0]['login']}</arg>
<arg>${keyTwo}</arg>
<doc>Fails if ``key`` is not found from ``dictionary``.</doc>
<status status="PASS" start="2024-04-15T16:18:24.918341" elapsed="0.000415"/>
</kw>
<kw name="Dictionary Should Contain Key" owner="Collections">
<msg time="2024-04-15T16:18:24.919429" level="INFO">False</msg>
<arg>${json_data['results'][0]['login']}</arg>
<arg>${keyTwo}</arg>
<doc>Fails if ``key`` is not found from ``dictionary``.</doc>
<status status="PASS" start="2024-04-15T16:18:24.919056" elapsed="0.000410"/>
</kw>
<kw name="Log" owner="BuiltIn">
<msg time="2024-04-15T16:18:24.919884" level="INFO">username</msg>
<arg>${keyTwo}</arg>
<doc>Logs the given message with the given level.</doc>
<status status="PASS" start="2024-04-15T16:18:24.919756" elapsed="0.000164"/>
</kw>
<var name="${keyTwo}">username</var>
<status status="PASS" start="2024-04-15T16:18:24.918229" elapsed="0.001909"/>
</iter>
<iter>
<kw name="Dictionary Should Contain Key" owner="Collections">
<msg time="2024-04-15T16:18:24.920786" level="INFO">False</msg>
<arg>${json_data['results'][0]['login']}</arg>
<arg>${keyTwo}</arg>
<doc>Fails if ``key`` is not found from ``dictionary``.</doc>
<status status="PASS" start="2024-04-15T16:18:24.920415" elapsed="0.000435"/>
</kw>
<kw name="Dictionary Should Contain Key" owner="Collections">
<msg time="2024-04-15T16:18:24.921534" level="INFO">False</msg>
<arg>${json_data['results'][0]['login']}</arg>
<arg>${keyTwo}</arg>
<doc>Fails if ``key`` is not found from ``dictionary``.</doc>
<status status="PASS" start="2024-04-15T16:18:24.921157" elapsed="0.000412"/>
</kw>
<kw name="Log" owner="BuiltIn">
<msg time="2024-04-15T16:18:24.921988" level="INFO">password</msg>
<arg>${keyTwo}</arg>
<doc>Logs the given message with the given level.</doc>
<status status="PASS" start="2024-04-15T16:18:24.921863" elapsed="0.000162"/>
</kw>
<var name="${keyTwo}">password</var>
<status status="PASS" start="2024-04-15T16:18:24.920307" elapsed="0.001935"/>
</iter>
<var>${keyTwo}</var>
<value>@{expected_keysTwo}</value>
<status status="PASS" start="2024-04-15T16:18:24.917967" elapsed="0.004395"/>
</for>
<status status="PASS" start="2024-04-15T16:18:24.318221" elapsed="0.604292"/>
</kw>
<doc>Testa a estrutura da resposta da API.</doc>
<tag>testeEstruturaResposta</tag>
<status status="PASS" start="2024-04-15T16:18:24.317398" elapsed="0.605283"/>
</test>
<test id="s1-s1-t4" name="Validar tipos de dados" line="28">
<kw name="Teste de Tipos de Dados" owner="random-user-service">
<kw name="GET On Session" owner="RequestsLibrary">
<msg time="2024-04-15T16:18:25.085960" level="INFO">GET Request : url=https://randomuser.me/api 
 path_url=/api 
 headers={'User-Agent': 'python-requests/2.31.0', 'Accept-Encoding': 'gzip, deflate', 'Accept': '*/*', 'Connection': 'keep-alive'} 
 body=None 
 </msg>
<msg time="2024-04-15T16:18:25.086071" level="INFO">GET Response : url=https://randomuser.me/api 
 status=200, reason=OK 
 headers={'Date': 'Mon, 15 Apr 2024 16:18:25 GMT', 'Content-Type': 'application/json; charset=utf-8', 'Transfer-Encoding': 'chunked', 'Connection': 'keep-alive', 'X-Powered-By': 'Express', 'Access-Control-Allow-Origin': '*', 'Cache-Control': 'no-cache', 'ETag': 'W/"488-LeTVPmUEw0tbAADugPQd/Cb/gmk"', 'Vary': 'Accept-Encoding', 'Content-Encoding': 'gzip', 'CF-Cache-Status': 'DYNAMIC', 'Report-To': '{"endpoints":[{"url":"https:\\/\\/a.nel.cloudflare.com\\/report\\/v4?s=nMq7qWM3OXvhg5OdHb5R0P6SFB%2FxR0dw80jbFDnsTcT2IVICV%2Bq4toUtE1qFtAyHcHz%2BPeFqsKYSg%2FiA331dfVaKrrSWF9REWy%2BEwHFJK3YDhPOA67OFkOhEjJMgLkmA"}],"group":"cf-nel","max_age":604800}', 'NEL': '{"success_fraction":0,"report_to":"cf-nel","max_age":604800}', 'Server': 'cloudflare', 'CF-RAY': '874d4059ce498140-ORD', 'alt-svc': 'h3=":443"; ma=86400'} 
 body={"results":[{"gender":"male","name":{"title":"Mr","first":"Quinn","last":"Patel"},"location":{"street":{"number":9418,"name":"Armagh Street"},"city":"Whanganui","state":"Marlborough","country":"New Zealand","postcode":63270,"coordinates":{"latitude":"50.2860","longitude":"-51.4423"},"timezone":{"offset":"-3:00","description":"Brazil, Buenos Aires, Georgetown"}},"email":"quinn.patel@example.com","login":{"uuid":"d95f0e69-6e2e-47e3-9f87-b0fcac26caa3","username":"orangeladybug722","password":"vegitto","salt":"y4l6C3ow","md5":"e9cf69dde01d7b3e23b982f92f0117fd","sha1":"7350833b039f0fddb082f676de7820954389f044","sha256":"d35665032c3a58684ca3d9cf8be6fc05fabfd3943aff1b264ee1f4efc904b692"},"dob":{"date":"1945-01-06T02:32:02.282Z","age":79},"registered":{"date":"2021-02-20T11:32:47.388Z","age":3},"phone":"(671)-386-6284","cell":"(353)-860-2682","id":{"name":"","value":null},"picture":{"large":"https://randomuser.me/api/portraits/men/78.jpg","medium":"https://randomuser.me/api/portraits/med/men/78.jpg","thumbnail":"https://randomuser.me/api/portraits/thumb/men/78.jpg"},"nat":"NZ"}],"info":{"seed":"95519a1db3741e9a","results":1,"page":1,"version":"1.4"}} 
 </msg>
<msg time="2024-04-15T16:18:25.086158" level="INFO">/opt/hostedtoolcache/Python/3.12.2/x64/lib/python3.12/site-packages/urllib3/connectionpool.py:1103: InsecureRequestWarning: Unverified HTTPS request is being made to host 'randomuser.me'. Adding certificate verification is strongly advised. See: https://urllib3.readthedocs.io/en/latest/advanced-usage.html#tls-warnings
  warnings.warn(</msg>
<msg time="2024-04-15T16:18:25.086282" level="INFO">${response} = &lt;Response [200]&gt;</msg>
<var>${response}</var>
<arg>consultarAPI</arg>
<arg>/api</arg>
<doc>Sends a GET request on a previously created HTTP Session.</doc>
<status status="PASS" start="2024-04-15T16:18:24.925144" elapsed="0.161177"/>
</kw>
<kw name="Set Variable" owner="BuiltIn">
<msg time="2024-04-15T16:18:25.087400" level="INFO">${json_data} = {'results': [{'gender': 'male', 'name': {'title': 'Mr', 'first': 'Quinn', 'last': 'Patel'}, 'location': {'street': {'number': 9418, 'name': 'Armagh Street'}, 'city': 'Whanganui', 'state': 'Marlborough...</msg>
<var>${json_data}</var>
<arg>${response.json()}</arg>
<doc>Returns the given values which can then be assigned to a variables.</doc>
<status status="PASS" start="2024-04-15T16:18:25.086878" elapsed="0.000549"/>
</kw>
<kw name="Log" owner="BuiltIn">
<msg time="2024-04-15T16:18:25.087889" level="INFO">{'results': [{'gender': 'male', 'name': {'title': 'Mr', 'first': 'Quinn', 'last': 'Patel'}, 'location': {'street': {'number': 9418, 'name': 'Armagh Street'}, 'city': 'Whanganui', 'state': 'Marlborough', 'country': 'New Zealand', 'postcode': 63270, 'coordinates': {'latitude': '50.2860', 'longitude': '-51.4423'}, 'timezone': {'offset': '-3:00', 'description': 'Brazil, Buenos Aires, Georgetown'}}, 'email': 'quinn.patel@example.com', 'login': {'uuid': 'd95f0e69-6e2e-47e3-9f87-b0fcac26caa3', 'username': 'orangeladybug722', 'password': 'vegitto', 'salt': 'y4l6C3ow', 'md5': 'e9cf69dde01d7b3e23b982f92f0117fd', 'sha1': '7350833b039f0fddb082f676de7820954389f044', 'sha256': 'd35665032c3a58684ca3d9cf8be6fc05fabfd3943aff1b264ee1f4efc904b692'}, 'dob': {'date': '1945-01-06T02:32:02.282Z', 'age': 79}, 'registered': {'date': '2021-02-20T11:32:47.388Z', 'age': 3}, 'phone': '(671)-386-6284', 'cell': '(353)-860-2682', 'id': {'name': '', 'value': None}, 'picture': {'large': 'https://randomuser.me/api/portraits/men/78.jpg', 'medium': 'https://randomuser.me/api/portraits/med/men/78.jpg', 'thumbnail': 'https://randomuser.me/api/portraits/thumb/men/78.jpg'}, 'nat': 'NZ'}], 'info': {'seed': '95519a1db3741e9a', 'results': 1, 'page': 1, 'version': '1.4'}}</msg>
<arg>${json_data}</arg>
<doc>Logs the given message with the given level.</doc>
<status status="PASS" start="2024-04-15T16:18:25.087734" elapsed="0.000242"/>
</kw>
<kw name="Should Be String" owner="String">
<arg>${json_data['results'][0]['gender']}</arg>
<doc>Fails if the given ``item`` is not a string.</doc>
<status status="PASS" start="2024-04-15T16:18:25.088273" elapsed="0.000363"/>
</kw>
<kw name="Should Match Regexp" owner="BuiltIn">
<arg>${json_data['results'][0]['email']}</arg>
<arg>^[a-zA-Z0-9._%+-]+@[a-zA-Z0-9.-]+\.[a-zA-Z]{2,}$</arg>
<doc>Fails if ``string`` does not match ``pattern`` as a regular expression.</doc>
<status status="PASS" start="2024-04-15T16:18:25.088870" elapsed="0.000528"/>
</kw>
<kw name="Should Match Regexp" owner="BuiltIn">
<arg>${json_data['results'][0]['dob']['date']}</arg>
<arg>\\d{4}-\\d{2}-\\d{2}T\\d{2}:\\d{2}:\\d{2}\\.\\d{3}Z</arg>
<doc>Fails if ``string`` does not match ``pattern`` as a regular expression.</doc>
<status status="PASS" start="2024-04-15T16:18:25.089602" elapsed="0.000483"/>
</kw>
<kw name="Should Match Regexp" owner="BuiltIn">
<arg>${json_data['results'][0]['registered']['date']}</arg>
<arg>\\d{4}-\\d{2}-\\d{2}T\\d{2}:\\d{2}:\\d{2}\\.\\d{3}Z</arg>
<doc>Fails if ``string`` does not match ``pattern`` as a regular expression.</doc>
<status status="PASS" start="2024-04-15T16:18:25.090279" elapsed="0.000369"/>
</kw>
<kw name="Should Match Regexp" owner="BuiltIn">
<arg>${json_data['results'][0]['picture']['large']}</arg>
<arg>^https?://.*\.(?:png|jpe?g|gif|bmp)$</arg>
<doc>Fails if ``string`` does not match ``pattern`` as a regular expression.</doc>
<status status="PASS" start="2024-04-15T16:18:25.090832" elapsed="0.000458"/>
</kw>
<kw name="Should Match Regexp" owner="BuiltIn">
<arg>${json_data['results'][0]['picture']['medium']}</arg>
<arg>^https?://.*\.(?:png|jpe?g|gif|bmp)$</arg>
<doc>Fails if ``string`` does not match ``pattern`` as a regular expression.</doc>
<status status="PASS" start="2024-04-15T16:18:25.091476" elapsed="0.000348"/>
</kw>
<kw name="Should Match Regexp" owner="BuiltIn">
<arg>${json_data['results'][0]['picture']['thumbnail']}</arg>
<arg>^https?://.*\.(?:png|jpe?g|gif|bmp)$</arg>
<doc>Fails if ``string`` does not match ``pattern`` as a regular expression.</doc>
<status status="PASS" start="2024-04-15T16:18:25.092005" elapsed="0.000344"/>
</kw>
<kw name="Log" owner="BuiltIn">
<msg time="2024-04-15T16:18:25.092864" level="INFO">{'large': 'https://randomuser.me/api/portraits/men/78.jpg', 'medium': 'https://randomuser.me/api/portraits/med/men/78.jpg', 'thumbnail': 'https://randomuser.me/api/portraits/thumb/men/78.jpg'}</msg>
<arg>${json_data['results'][0]['picture']}</arg>
<doc>Logs the given message with the given level.</doc>
<status status="PASS" start="2024-04-15T16:18:25.092524" elapsed="0.000382"/>
</kw>
<status status="PASS" start="2024-04-15T16:18:24.924907" elapsed="0.168265"/>
</kw>
<kw name="Teste de Tipos de Dados - Postcode" owner="random-user-service">
<kw name="GET On Session" owner="RequestsLibrary">
<msg time="2024-04-15T16:18:25.141396" level="INFO">GET Request : url=https://randomuser.me/api 
 path_url=/api 
 headers={'User-Agent': 'python-requests/2.31.0', 'Accept-Encoding': 'gzip, deflate', 'Accept': '*/*', 'Connection': 'keep-alive'} 
 body=None 
 </msg>
<msg time="2024-04-15T16:18:25.141523" level="INFO">GET Response : url=https://randomuser.me/api 
 status=200, reason=OK 
 headers={'Date': 'Mon, 15 Apr 2024 16:18:25 GMT', 'Content-Type': 'application/json; charset=utf-8', 'Transfer-Encoding': 'chunked', 'Connection': 'keep-alive', 'X-Powered-By': 'Express', 'Access-Control-Allow-Origin': '*', 'Cache-Control': 'no-cache', 'ETag': 'W/"47b-d/EhijqcuENByYgbUzCFe0k7pfg"', 'Vary': 'Accept-Encoding', 'Content-Encoding': 'gzip', 'CF-Cache-Status': 'DYNAMIC', 'Report-To': '{"endpoints":[{"url":"https:\\/\\/a.nel.cloudflare.com\\/report\\/v4?s=aEXDcRsfyOjk2WButEUIgcc29haRQmk%2BcdRU%2BU4cM2CqYsBivCvn1%2BF%2FEj7MigBMQrRiXyW%2BK3QZ5Hpz8cGBbTh4jJ21fUhQ7SG3Fdef83q81fypsUO%2B6MgvcLKjZvLk"}],"group":"cf-nel","max_age":604800}', 'NEL': '{"success_fraction":0,"report_to":"cf-nel","max_age":604800}', 'Server': 'cloudflare', 'CF-RAY': '874d405adfa68140-ORD', 'alt-svc': 'h3=":443"; ma=86400'} 
 body={"results":[{"gender":"female","name":{"title":"Miss","first":"Gonca","last":"Günday"},"location":{"street":{"number":1426,"name":"Şehitler Cd"},"city":"Şırnak","state":"Yalova","country":"Turkey","postcode":49503,"coordinates":{"latitude":"67.9856","longitude":"83.0187"},"timezone":{"offset":"+6:00","description":"Almaty, Dhaka, Colombo"}},"email":"gonca.gunday@example.com","login":{"uuid":"760c25ef-70e1-4497-a6aa-b360331ecee7","username":"redpanda273","password":"myspace1","salt":"d5ftLCQB","md5":"094de0177647f9b8127be3c28f66f32c","sha1":"0ea637d180e7bece276e56bafda561f1d8579047","sha256":"b28cfd87b906f4cd15e9a8b1f480ee0281d87b47134446735061f932209cab95"},"dob":{"date":"1968-12-20T18:05:48.222Z","age":55},"registered":{"date":"2003-02-04T05:14:20.997Z","age":21},"phone":"(109)-798-4447","cell":"(582)-454-7206","id":{"name":"","value":null},"picture":{"large":"https://randomuser.me/api/portraits/women/19.jpg","medium":"https://randomuser.me/api/portraits/med/women/19.jpg","thumbnail":"https://randomuser.me/api/portraits/thumb/women/19.jpg"},"nat":"TR"}],"info":{"seed":"774a4992702652fa","results":1,"page":1,"version":"1.4"}} 
 </msg>
<msg time="2024-04-15T16:18:25.141663" level="INFO">/opt/hostedtoolcache/Python/3.12.2/x64/lib/python3.12/site-packages/urllib3/connectionpool.py:1103: InsecureRequestWarning: Unverified HTTPS request is being made to host 'randomuser.me'. Adding certificate verification is strongly advised. See: https://urllib3.readthedocs.io/en/latest/advanced-usage.html#tls-warnings
  warnings.warn(</msg>
<msg time="2024-04-15T16:18:25.141826" level="INFO">${response} = &lt;Response [200]&gt;</msg>
<var>${response}</var>
<arg>consultarAPI</arg>
<arg>/api</arg>
<doc>Sends a GET request on a previously created HTTP Session.</doc>
<status status="PASS" start="2024-04-15T16:18:25.093642" elapsed="0.048231"/>
</kw>
<kw name="Set Variable" owner="BuiltIn">
<msg time="2024-04-15T16:18:25.143031" level="INFO">${json_data} = {'results': [{'gender': 'female', 'name': {'title': 'Miss', 'first': 'Gonca', 'last': 'Günday'}, 'location': {'street': {'number': 1426, 'name': 'Şehitler Cd'}, 'city': 'Şırnak', 'state': 'Yalova', 'c...</msg>
<var>${json_data}</var>
<arg>${response.json()}</arg>
<doc>Returns the given values which can then be assigned to a variables.</doc>
<status status="PASS" start="2024-04-15T16:18:25.142505" elapsed="0.000557"/>
</kw>
<kw name="Log" owner="BuiltIn">
<msg time="2024-04-15T16:18:25.143586" level="INFO">{'results': [{'gender': 'female', 'name': {'title': 'Miss', 'first': 'Gonca', 'last': 'Günday'}, 'location': {'street': {'number': 1426, 'name': 'Şehitler Cd'}, 'city': 'Şırnak', 'state': 'Yalova', 'country': 'Turkey', 'postcode': 49503, 'coordinates': {'latitude': '67.9856', 'longitude': '83.0187'}, 'timezone': {'offset': '+6:00', 'description': 'Almaty, Dhaka, Colombo'}}, 'email': 'gonca.gunday@example.com', 'login': {'uuid': '760c25ef-70e1-4497-a6aa-b360331ecee7', 'username': 'redpanda273', 'password': 'myspace1', 'salt': 'd5ftLCQB', 'md5': '094de0177647f9b8127be3c28f66f32c', 'sha1': '0ea637d180e7bece276e56bafda561f1d8579047', 'sha256': 'b28cfd87b906f4cd15e9a8b1f480ee0281d87b47134446735061f932209cab95'}, 'dob': {'date': '1968-12-20T18:05:48.222Z', 'age': 55}, 'registered': {'date': '2003-02-04T05:14:20.997Z', 'age': 21}, 'phone': '(109)-798-4447', 'cell': '(582)-454-7206', 'id': {'name': '', 'value': None}, 'picture': {'large': 'https://randomuser.me/api/portraits/women/19.jpg', 'medium': 'https://randomuser.me/api/portraits/med/women/19.jpg', 'thumbnail': 'https://randomuser.me/api/portraits/thumb/women/19.jpg'}, 'nat': 'TR'}], 'info': {'seed': '774a4992702652fa', 'results': 1, 'page': 1, 'version': '1.4'}}</msg>
<arg>${json_data}</arg>
<doc>Logs the given message with the given level.</doc>
<status status="PASS" start="2024-04-15T16:18:25.143390" elapsed="0.000285"/>
</kw>
<kw name="Should Be Equal As Numbers" owner="BuiltIn">
<arg>${json_data['results'][0]['location']['postcode']}</arg>
<arg>${json_data['results'][0]['location']['postcode']}</arg>
<doc>Fails if objects are unequal after converting them to real numbers.</doc>
<status status="PASS" start="2024-04-15T16:18:25.143999" elapsed="0.000638"/>
</kw>
<kw name="Log" owner="BuiltIn">
<msg time="2024-04-15T16:18:25.145221" level="INFO">49503</msg>
<arg>${json_data['results'][0]['location']['postcode']}</arg>
<doc>Logs the given message with the given level.</doc>
<status status="PASS" start="2024-04-15T16:18:25.144868" elapsed="0.000393"/>
</kw>
<status status="PASS" start="2024-04-15T16:18:25.093406" elapsed="0.052119"/>
</kw>
<doc>Testa se os tipos de dados na resposta da API estão corretos.</doc>
<tag>testeTiposDados</tag>
<status status="PASS" start="2024-04-15T16:18:24.924412" elapsed="0.221291"/>
</test>
<test id="s1-s1-t5" name="Validar conteudo" line="35">
<kw name="Teste de Tipos de Conteudo" owner="random-user-service">
<kw name="GET On Session" owner="RequestsLibrary">
<msg time="2024-04-15T16:18:25.354421" level="INFO">GET Request : url=https://randomuser.me/api 
 path_url=/api 
 headers={'User-Agent': 'python-requests/2.31.0', 'Accept-Encoding': 'gzip, deflate', 'Accept': '*/*', 'Connection': 'keep-alive'} 
 body=None 
 </msg>
<msg time="2024-04-15T16:18:25.354536" level="INFO">GET Response : url=https://randomuser.me/api 
 status=200, reason=OK 
 headers={'Date': 'Mon, 15 Apr 2024 16:18:25 GMT', 'Content-Type': 'application/json; charset=utf-8', 'Transfer-Encoding': 'chunked', 'Connection': 'keep-alive', 'X-Powered-By': 'Express', 'Access-Control-Allow-Origin': '*', 'Cache-Control': 'no-cache', 'ETag': 'W/"48d-/3ggVZ99yn8dVFTcbcetaevztHc"', 'Vary': 'Accept-Encoding', 'Content-Encoding': 'gzip', 'CF-Cache-Status': 'DYNAMIC', 'Report-To': '{"endpoints":[{"url":"https:\\/\\/a.nel.cloudflare.com\\/report\\/v4?s=RWV19ke7lO4gMazqqPsdoXABvxPnJMIkVS9A2oWA6In0gp3YtRL8VX6444ayAC54Qu3zbniP0N9HdTPCmi9aS7ex4RkIDiBJS9ng8%2FZmZJW%2BoV1MABNY8BVYkyF3tTzH"}],"group":"cf-nel","max_age":604800}', 'NEL': '{"success_fraction":0,"report_to":"cf-nel","max_age":604800}', 'Server': 'cloudflare', 'CF-RAY': '874d405b38118140-ORD', 'alt-svc': 'h3=":443"; ma=86400'} 
 body={"results":[{"gender":"female","name":{"title":"Miss","first":"Avery","last":"Davis"},"location":{"street":{"number":8842,"name":"Park Lane"},"city":"Carrick-on-Suir","state":"Kerry","country":"Ireland","postcode":35352,"coordinates":{"latitude":"-0.4725","longitude":"11.5579"},"timezone":{"offset":"+4:00","description":"Abu Dhabi, Muscat, Baku, Tbilisi"}},"email":"avery.davis@example.com","login":{"uuid":"2319e926-4a11-499f-9ec9-2fc24977e716","username":"organicdog967","password":"revolver","salt":"PheKM7g6","md5":"b10f87ae0fce022b9b9cf08336a30d9f","sha1":"11e6813d2f99d87dc6496eea856bee3489b0e324","sha256":"fef26248a43e974c2e2fab0ee9150fe22683bad7a8e98e636b526ff0d496f1a3"},"dob":{"date":"1990-02-04T03:10:57.839Z","age":34},"registered":{"date":"2005-06-30T18:57:30.424Z","age":18},"phone":"051-448-4042","cell":"081-315-4445","id":{"name":"PPS","value":"2466774T"},"picture":{"large":"https://randomuser.me/api/portraits/women/26.jpg","medium":"https://randomuser.me/api/portraits/med/women/26.jpg","thumbnail":"https://randomuser.me/api/portraits/thumb/women/26.jpg"},"nat":"IE"}],"info":{"seed":"b9ab23cbe67effe8","results":1,"page":1,"version":"1.4"}} 
 </msg>
<msg time="2024-04-15T16:18:25.354620" level="INFO">/opt/hostedtoolcache/Python/3.12.2/x64/lib/python3.12/site-packages/urllib3/connectionpool.py:1103: InsecureRequestWarning: Unverified HTTPS request is being made to host 'randomuser.me'. Adding certificate verification is strongly advised. See: https://urllib3.readthedocs.io/en/latest/advanced-usage.html#tls-warnings
  warnings.warn(</msg>
<msg time="2024-04-15T16:18:25.354758" level="INFO">${response} = &lt;Response [200]&gt;</msg>
<var>${response}</var>
<arg>consultarAPI</arg>
<arg>/api</arg>
<doc>Sends a GET request on a previously created HTTP Session.</doc>
<status status="PASS" start="2024-04-15T16:18:25.148538" elapsed="0.206266"/>
</kw>
<kw name="Set Variable" owner="BuiltIn">
<msg time="2024-04-15T16:18:25.356021" level="INFO">${json_data} = {'results': [{'gender': 'female', 'name': {'title': 'Miss', 'first': 'Avery', 'last': 'Davis'}, 'location': {'street': {'number': 8842, 'name': 'Park Lane'}, 'city': 'Carrick-on-Suir', 'state': 'Kerry...</msg>
<var>${json_data}</var>
<arg>${response.json()}</arg>
<doc>Returns the given values which can then be assigned to a variables.</doc>
<status status="PASS" start="2024-04-15T16:18:25.355479" elapsed="0.000571"/>
</kw>
<kw name="Set Variable" owner="BuiltIn">
<msg time="2024-04-15T16:18:25.356746" level="INFO">${name_title} = Miss</msg>
<var>${name_title}</var>
<arg>${json_data["results"][0]["name"]["title"]}</arg>
<doc>Returns the given values which can then be assigned to a variables.</doc>
<status status="PASS" start="2024-04-15T16:18:25.356361" elapsed="0.000411"/>
</kw>
<kw name="Create List" owner="BuiltIn">
<msg time="2024-04-15T16:18:25.357277" level="INFO">${allowed_titles} = ['Mr', 'Ms', 'Miss', 'Mrs', 'Madame', 'Monsieur']</msg>
<var>${allowed_titles}</var>
<arg>Mr</arg>
<arg>Ms</arg>
<arg>Miss</arg>
<arg>Mrs</arg>
<arg>Madame</arg>
<arg>Monsieur</arg>
<doc>Returns a list containing given items.</doc>
<status status="PASS" start="2024-04-15T16:18:25.357128" elapsed="0.000173"/>
</kw>
<kw name="List Should Contain Value" owner="Collections">
<msg time="2024-04-15T16:18:25.357784" level="INFO">False</msg>
<arg>${allowed_titles}</arg>
<arg>${name_title}</arg>
<doc>Fails if the ``value`` is not found from ``list``.</doc>
<status status="PASS" start="2024-04-15T16:18:25.357601" elapsed="0.000221"/>
</kw>
<kw name="Set Variable" owner="BuiltIn">
<msg time="2024-04-15T16:18:25.358490" level="INFO">${name_country} = IE</msg>
<var>${name_country}</var>
<arg>${json_data["results"][0]["nat"]}</arg>
<doc>Returns the given values which can then be assigned to a variables.</doc>
<status status="PASS" start="2024-04-15T16:18:25.358113" elapsed="0.000401"/>
</kw>
<kw name="Create List" owner="BuiltIn">
<msg time="2024-04-15T16:18:25.359418" level="INFO">${list_country} = ['AD', 'AE', 'AF', 'AG', 'AI', 'AL', 'AM', 'AO', 'AQ', 'AR', 'AS', 'AT', 'AU', 'AW', 'AX', 'AZ', 'BA', 'BB', 'BD', 'BE', 'BF', 'BG', 'BH', 'BI', 'BJ', 'BL', 'BM', 'BN', 'BO', 'BQ', 'BR', 'BS', 'BT', '...</msg>
<var>${list_country}</var>
<arg>AD</arg>
<arg>AE</arg>
<arg>AF</arg>
<arg>AG</arg>
<arg>AI</arg>
<arg>AL</arg>
<arg>AM</arg>
<arg>AO</arg>
<arg>AQ</arg>
<arg>AR</arg>
<arg>AS</arg>
<arg>AT</arg>
<arg>AU</arg>
<arg>AW</arg>
<arg>AX</arg>
<arg>AZ</arg>
<arg>BA</arg>
<arg>BB</arg>
<arg>BD</arg>
<arg>BE</arg>
<arg>BF</arg>
<arg>BG</arg>
<arg>BH</arg>
<arg>BI</arg>
<arg>BJ</arg>
<arg>BL</arg>
<arg>BM</arg>
<arg>BN</arg>
<arg>BO</arg>
<arg>BQ</arg>
<arg>BR</arg>
<arg>BS</arg>
<arg>BT</arg>
<arg>BV</arg>
<arg>BW</arg>
<arg>BY</arg>
<arg>BZ</arg>
<arg>CA</arg>
<arg>CC</arg>
<arg>CD</arg>
<arg>CF</arg>
<arg>CG</arg>
<arg>CH</arg>
<arg>CI</arg>
<arg>CK</arg>
<arg>CL</arg>
<arg>CM</arg>
<arg>CN</arg>
<arg>CO</arg>
<arg>CR</arg>
<arg>CU</arg>
<arg>CV</arg>
<arg>CW</arg>
<arg>CX</arg>
<arg>CY</arg>
<arg>CZ</arg>
<arg>DE</arg>
<arg>DJ</arg>
<arg>DK</arg>
<arg>DM</arg>
<arg>DO</arg>
<arg>DZ</arg>
<arg>EC</arg>
<arg>EE</arg>
<arg>EG</arg>
<arg>EH</arg>
<arg>ER</arg>
<arg>ES</arg>
<arg>ET</arg>
<arg>FI</arg>
<arg>FJ</arg>
<arg>FK</arg>
<arg>FM</arg>
<arg>FO</arg>
<arg>FR</arg>
<arg>GA</arg>
<arg>GB</arg>
<arg>GD</arg>
<arg>GE</arg>
<arg>GF</arg>
<arg>GG</arg>
<arg>GH</arg>
<arg>GI</arg>
<arg>GL</arg>
<arg>GM</arg>
<arg>GN</arg>
<arg>GP</arg>
<arg>GQ</arg>
<arg>GR</arg>
<arg>GS</arg>
<arg>GT</arg>
<arg>GU</arg>
<arg>GW</arg>
<arg>GY</arg>
<arg>HK</arg>
<arg>HM</arg>
<arg>HN</arg>
<arg>HR</arg>
<arg>HT</arg>
<arg>HU</arg>
<arg>ID</arg>
<arg>IE</arg>
<arg>IL</arg>
<arg>IM</arg>
<arg>IN</arg>
<arg>IO</arg>
<arg>IQ</arg>
<arg>IR</arg>
<arg>IS</arg>
<arg>IT</arg>
<arg>JE</arg>
<arg>JM</arg>
<arg>JO</arg>
<arg>JP</arg>
<arg>KE</arg>
<arg>KG</arg>
<arg>KH</arg>
<arg>KI</arg>
<arg>KM</arg>
<arg>KN</arg>
<arg>KP</arg>
<arg>KR</arg>
<arg>KW</arg>
<arg>KY</arg>
<arg>KZ</arg>
<arg>LA</arg>
<arg>LB</arg>
<arg>LC</arg>
<arg>LI</arg>
<arg>LK</arg>
<arg>LR</arg>
<arg>LS</arg>
<arg>LT</arg>
<arg>LU</arg>
<arg>LV</arg>
<arg>LY</arg>
<arg>MA</arg>
<arg>MC</arg>
<arg>MD</arg>
<arg>ME</arg>
<arg>MF</arg>
<arg>MG</arg>
<arg>MH</arg>
<arg>MK</arg>
<arg>ML</arg>
<arg>MM</arg>
<arg>MN</arg>
<arg>MO</arg>
<arg>MP</arg>
<arg>MQ</arg>
<arg>MR</arg>
<arg>MS</arg>
<arg>MT</arg>
<arg>MU</arg>
<arg>MV</arg>
<arg>MW</arg>
<arg>MX</arg>
<arg>MY</arg>
<arg>MZ</arg>
<arg>NA</arg>
<arg>NC</arg>
<arg>NE</arg>
<arg>NF</arg>
<arg>NG</arg>
<arg>NI</arg>
<arg>NL</arg>
<arg>NO</arg>
<arg>NP</arg>
<arg>NR</arg>
<arg>NU</arg>
<arg>NZ</arg>
<arg>OM</arg>
<arg>PA</arg>
<arg>PE</arg>
<arg>PF</arg>
<arg>PG</arg>
<arg>PH</arg>
<arg>PK</arg>
<arg>PL</arg>
<arg>PM</arg>
<arg>PN</arg>
<arg>PR</arg>
<arg>PS</arg>
<arg>PT</arg>
<arg>PW</arg>
<arg>PY</arg>
<arg>QA</arg>
<arg>RE</arg>
<arg>RO</arg>
<arg>RS</arg>
<arg>RU</arg>
<arg>RW</arg>
<arg>SA</arg>
<arg>SB</arg>
<arg>SC</arg>
<arg>SD</arg>
<arg>SE</arg>
<arg>SG</arg>
<arg>SH</arg>
<arg>SI</arg>
<arg>SJ</arg>
<arg>SK</arg>
<arg>SL</arg>
<arg>SM</arg>
<arg>SN</arg>
<arg>SO</arg>
<arg>SR</arg>
<arg>SS</arg>
<arg>ST</arg>
<arg>SV</arg>
<arg>SX</arg>
<arg>SY</arg>
<arg>SZ</arg>
<arg>TC</arg>
<arg>TD</arg>
<arg>TF</arg>
<arg>TG</arg>
<arg>TH</arg>
<arg>TJ</arg>
<arg>TK</arg>
<arg>TL</arg>
<arg>TM</arg>
<arg>TN</arg>
<arg>TO</arg>
<arg>TR</arg>
<arg>TT</arg>
<arg>TV</arg>
<arg>TW</arg>
<arg>TZ</arg>
<arg>UA</arg>
<arg>UG</arg>
<arg>UM</arg>
<arg>US</arg>
<arg>UY</arg>
<arg>UZ</arg>
<arg>VA</arg>
<arg>VC</arg>
<arg>VE</arg>
<arg>VG</arg>
<arg>VI</arg>
<arg>VN</arg>
<arg>VU</arg>
<arg>WF</arg>
<arg>WS</arg>
<arg>XK</arg>
<arg>YE</arg>
<arg>YT</arg>
<arg>ZA</arg>
<arg>ZM</arg>
<arg>ZW</arg>
<doc>Returns a list containing given items.</doc>
<status status="PASS" start="2024-04-15T16:18:25.358823" elapsed="0.000622"/>
</kw>
<kw name="List Should Contain Value" owner="Collections">
<msg time="2024-04-15T16:18:25.360450" level="INFO">False</msg>
<arg>${list_country}</arg>
<arg>${name_country}</arg>
<doc>Fails if the ``value`` is not found from ``list``.</doc>
<status status="PASS" start="2024-04-15T16:18:25.360242" elapsed="0.000246"/>
</kw>
<kw name="Run Keyword If" owner="BuiltIn">
<kw name="Should Be True" owner="BuiltIn">
<arg>${True}</arg>
<doc>Fails if the given condition is not true.</doc>
<status status="PASS" start="2024-04-15T16:18:25.361742" elapsed="0.000160"/>
</kw>
<arg>${json_data["results"][0]["location"]["coordinates"]["latitude"]} &gt;= -90 and ${json_data["results"][0]["location"]["coordinates"]["latitude"]} &lt;= 90</arg>
<arg>Should Be True</arg>
<arg>${True}</arg>
<doc>Runs the given keyword with the given arguments, if ``condition`` is true.</doc>
<status status="PASS" start="2024-04-15T16:18:25.360805" elapsed="0.001226"/>
</kw>
<kw name="Run Keyword If" owner="BuiltIn">
<kw name="Should Be True" owner="BuiltIn">
<arg>${True}</arg>
<doc>Fails if the given condition is not true.</doc>
<status status="PASS" start="2024-04-15T16:18:25.362908" elapsed="0.000137"/>
</kw>
<arg>${json_data["results"][0]["location"]["coordinates"]["longitude"]} &gt;= -180 and ${json_data["results"][0]["location"]["coordinates"]["longitude"]} &lt;= 180</arg>
<arg>Should Be True</arg>
<arg>${True}</arg>
<doc>Runs the given keyword with the given arguments, if ``condition`` is true.</doc>
<status status="PASS" start="2024-04-15T16:18:25.362219" elapsed="0.000949"/>
</kw>
<status status="PASS" start="2024-04-15T16:18:25.148155" elapsed="0.215145"/>
</kw>
<doc>Testa o conteúdo específico dos campos retornados pela API.</doc>
<tag>testeConteudo</tag>
<status status="PASS" start="2024-04-15T16:18:25.147460" elapsed="0.216001"/>
</test>
<status status="PASS" start="2024-04-15T16:18:23.713399" elapsed="1.652085"/>
</suite>
<status status="PASS" start="2024-04-15T16:18:23.699632" elapsed="1.671250"/>
</suite>
<statistics>
<total>
<stat pass="5" fail="0" skip="0">All Tests</stat>
</total>
<tag>
<stat pass="1" fail="0" skip="0">testeConteudo</stat>
<stat pass="1" fail="0" skip="0">testeEstruturaResposta</stat>
<stat pass="1" fail="0" skip="0">testeRequisicaoBasica</stat>
<stat pass="1" fail="0" skip="0">testeTiposDados</stat>
</tag>
<suite>
<stat pass="5" fail="0" skip="0" id="s1" name="Tests">Tests</stat>
<stat pass="5" fail="0" skip="0" id="s1-s1" name="Random-User-Test">Tests.Random-User-Test</stat>
</suite>
</statistics>
<errors>
</errors>
</robot>
