<?xml version="1.0" encoding="UTF-8"?>
<robot generator="Robot 7.0 (Python 3.12.2 on linux)" generated="2024-04-10T16:19:36.455340" rpa="false" schemaversion="5">
<suite id="s1" name="Tests" source="/home/runner/work/DesafioQAItauRogerioJordao/DesafioQAItauRogerioJordao/RamdonUser/tests">
<suite id="s1-s1" name="Random-User-Test" source="/home/runner/work/DesafioQAItauRogerioJordao/DesafioQAItauRogerioJordao/RamdonUser/tests/random-user-test.robot">
<test id="s1-s1-t1" name="Conectar" line="13">
<kw name="Conectar API" owner="random-user-service">
<kw name="Create Session" owner="RequestsLibrary">
<msg time="2024-04-10T16:19:36.819006" level="INFO">Creating Session using : alias=consultarAPI, url=https://randomuser.me/, headers={},                     cookies={}, auth=None, timeout=None, proxies=None, verify=False,                     debug=0 </msg>
<arg>consultarAPI</arg>
<arg>${URL}</arg>
<doc>Create Session: create a HTTP session to a server</doc>
<status status="PASS" start="2024-04-10T16:19:36.818768" elapsed="0.000413"/>
</kw>
<status status="PASS" start="2024-04-10T16:19:36.817721" elapsed="0.001825"/>
</kw>
<status status="PASS" start="2024-04-10T16:19:36.817142" elapsed="0.002613"/>
</test>
<test id="s1-s1-t2" name="Validar retorno 200 e JSON Válido" line="16">
<kw name="Teste de Requisicao Basica" owner="random-user-service">
<kw name="GET On Session" owner="RequestsLibrary">
<msg time="2024-04-10T16:19:37.030032" level="INFO">GET Request : url=https://randomuser.me/api 
 path_url=/api 
 headers={'User-Agent': 'python-requests/2.31.0', 'Accept-Encoding': 'gzip, deflate', 'Accept': '*/*', 'Connection': 'keep-alive'} 
 body=None 
 </msg>
<msg time="2024-04-10T16:19:37.030190" level="INFO">GET Response : url=https://randomuser.me/api 
 status=200, reason=OK 
 headers={'Date': 'Wed, 10 Apr 2024 16:19:37 GMT', 'Content-Type': 'application/json; charset=utf-8', 'Transfer-Encoding': 'chunked', 'Connection': 'keep-alive', 'X-Powered-By': 'Express', 'Access-Control-Allow-Origin': '*', 'Cache-Control': 'no-cache', 'ETag': 'W/"496-RO03WIhgEzGkd6I6UB/jbBGy52g"', 'Vary': 'Accept-Encoding', 'Content-Encoding': 'gzip', 'CF-Cache-Status': 'DYNAMIC', 'Report-To': '{"endpoints":[{"url":"https:\\/\\/a.nel.cloudflare.com\\/report\\/v4?s=8xJvdOHmc%2BIx1M5SGL8h1VHveL5KdVaUNXcvdpLCD2vJVjt5JZRlEalUPIqHzQ9YMg2FvAK8qlZiYtZ0Cya58N8IQ5yEPpNME27RNOeBK4w7aA1ZLraeMel0PAaTxhxt"}],"group":"cf-nel","max_age":604800}', 'NEL': '{"success_fraction":0,"report_to":"cf-nel","max_age":604800}', 'Server': 'cloudflare', 'CF-RAY': '87240f3c4a9b3b08-IAD', 'alt-svc': 'h3=":443"; ma=86400'} 
 body={"results":[{"gender":"male","name":{"title":"Mr","first":"Cildo","last":"Lopes"},"location":{"street":{"number":4811,"name":"Rua Vinte E Um"},"city":"Araraquara","state":"Acre","country":"Brazil","postcode":51328,"coordinates":{"latitude":"-81.3992","longitude":"-125.1161"},"timezone":{"offset":"+11:00","description":"Magadan, Solomon Islands, New Caledonia"}},"email":"cildo.lopes@example.com","login":{"uuid":"38f7f007-c109-46f5-a268-e96b7f4f4d17","username":"happyleopard890","password":"blue11","salt":"XeaLy7w6","md5":"253d109abcca64834bde60f882e5f5f8","sha1":"48e36586dc7a6ea038ae38655940f9570cd5ada9","sha256":"20ed339890441590eeedc44608bd467be1ecdbbe1680bd4e547bb8c503a3ab76"},"dob":{"date":"1979-03-20T16:18:19.386Z","age":45},"registered":{"date":"2009-12-12T08:21:16.928Z","age":14},"phone":"(49) 2928-0464","cell":"(20) 1294-8573","id":{"name":"CPF","value":"531.309.766-93"},"picture":{"large":"https://randomuser.me/api/portraits/men/70.jpg","medium":"https://randomuser.me/api/portraits/med/men/70.jpg","thumbnail":"https://randomuser.me/api/portraits/thumb/men/70.jpg"},"nat":"BR"}],"info":{"seed":"ef3b5f6f79013f03","results":1,"page":1,"version":"1.4"}} 
 </msg>
<msg time="2024-04-10T16:19:37.030282" level="INFO">/opt/hostedtoolcache/Python/3.12.2/x64/lib/python3.12/site-packages/urllib3/connectionpool.py:1103: InsecureRequestWarning: Unverified HTTPS request is being made to host 'randomuser.me'. Adding certificate verification is strongly advised. See: https://urllib3.readthedocs.io/en/latest/advanced-usage.html#tls-warnings
  warnings.warn(</msg>
<msg time="2024-04-10T16:19:37.030452" level="INFO">${response} = &lt;Response [200]&gt;</msg>
<var>${response}</var>
<arg>consultarAPI</arg>
<arg>/api</arg>
<doc>Sends a GET request on a previously created HTTP Session.</doc>
<status status="PASS" start="2024-04-10T16:19:36.822264" elapsed="0.208237"/>
</kw>
<kw name="Should Be Equal As Numbers" owner="BuiltIn">
<msg time="2024-04-10T16:19:37.031630" level="INFO">Argument types are:
&lt;class 'int'&gt;
&lt;class 'str'&gt;</msg>
<arg>${response.status_code}</arg>
<arg>200</arg>
<doc>Fails if objects are unequal after converting them to real numbers.</doc>
<status status="PASS" start="2024-04-10T16:19:37.031139" elapsed="0.000556"/>
</kw>
<kw name="Log" owner="BuiltIn">
<msg time="2024-04-10T16:19:37.032367" level="INFO">200</msg>
<arg>${response.status_code}</arg>
<doc>Logs the given message with the given level.</doc>
<status status="PASS" start="2024-04-10T16:19:37.032019" elapsed="0.000391"/>
</kw>
<kw name="Set Variable" owner="BuiltIn">
<msg time="2024-04-10T16:19:37.033160" level="INFO">${json_data} = {'results': [{'gender': 'male', 'name': {'title': 'Mr', 'first': 'Cildo', 'last': 'Lopes'}, 'location': {'street': {'number': 4811, 'name': 'Rua Vinte E Um'}, 'city': 'Araraquara', 'state': 'Acre', 'c...</msg>
<var>${json_data}</var>
<arg>${response.json()}</arg>
<doc>Returns the given values which can then be assigned to a variables.</doc>
<status status="PASS" start="2024-04-10T16:19:37.032726" elapsed="0.000462"/>
</kw>
<kw name="Dictionary Should Contain Key" owner="Collections">
<msg time="2024-04-10T16:19:37.033650" level="INFO">False</msg>
<arg>${json_data}</arg>
<arg>results</arg>
<doc>Fails if ``key`` is not found from ``dictionary``.</doc>
<status status="PASS" start="2024-04-10T16:19:37.033485" elapsed="0.000204"/>
</kw>
<status status="PASS" start="2024-04-10T16:19:36.822018" elapsed="0.211932"/>
</kw>
<doc>Testa se a API responde corretamente e retorna um objeto JSON válido.</doc>
<tag>testeRequisicaoBasica</tag>
<status status="PASS" start="2024-04-10T16:19:36.821564" elapsed="0.212577"/>
</test>
<test id="s1-s1-t3" name="Validar estrutura de resposta" line="22">
<kw name="Teste de Estrutura de Resposta" owner="random-user-service">
<kw name="GET On Session" owner="RequestsLibrary">
<msg time="2024-04-10T16:19:37.141935" level="INFO">GET Request : url=https://randomuser.me/api 
 path_url=/api 
 headers={'User-Agent': 'python-requests/2.31.0', 'Accept-Encoding': 'gzip, deflate', 'Accept': '*/*', 'Connection': 'keep-alive'} 
 body=None 
 </msg>
<msg time="2024-04-10T16:19:37.142026" level="INFO">GET Response : url=https://randomuser.me/api 
 status=200, reason=OK 
 headers={'Date': 'Wed, 10 Apr 2024 16:19:37 GMT', 'Content-Type': 'application/json; charset=utf-8', 'Transfer-Encoding': 'chunked', 'Connection': 'keep-alive', 'X-Powered-By': 'Express', 'Access-Control-Allow-Origin': '*', 'Cache-Control': 'no-cache', 'ETag': 'W/"489-gi4khLkQ6V/vDcQgF1c/621q764"', 'Vary': 'Accept-Encoding', 'Content-Encoding': 'gzip', 'CF-Cache-Status': 'DYNAMIC', 'Report-To': '{"endpoints":[{"url":"https:\\/\\/a.nel.cloudflare.com\\/report\\/v4?s=w2hEaTor3VY%2FuEb%2BCAkD%2Fg2xMcet5vqPNM7xOq5sYajMRisag%2F%2FJXtUKqj5DlvB1RHyZnSnSIwcBcRuJuICN22pKaIL9VxHfOtwWd%2BuUCqIYO%2BhzMP2E%2FEOAux1HY6B3"}],"group":"cf-nel","max_age":604800}', 'NEL': '{"success_fraction":0,"report_to":"cf-nel","max_age":604800}', 'Server': 'cloudflare', 'CF-RAY': '87240f3c7af53b08-IAD', 'alt-svc': 'h3=":443"; ma=86400'} 
 body={"results":[{"gender":"male","name":{"title":"Mr","first":"Felix","last":"Hansen"},"location":{"street":{"number":4792,"name":"Solsortevej"},"city":"Sørvad","state":"Nordjylland","country":"Denmark","postcode":34519,"coordinates":{"latitude":"-40.8344","longitude":"-125.2297"},"timezone":{"offset":"+5:00","description":"Ekaterinburg, Islamabad, Karachi, Tashkent"}},"email":"felix.hansen@example.com","login":{"uuid":"42a7ce84-c929-4ddd-a1c8-5e8983ffe869","username":"smalllion422","password":"apple","salt":"UKlJ2ZZ5","md5":"31518c471b1a103b84be3eab1fd64495","sha1":"6ece45b9a6964fdd4be6705b0bc68e603a2e866b","sha256":"8c86817c5321682eaa2d1a28d68029530ee97df345f43c97295d120d37111ecc"},"dob":{"date":"1996-10-02T08:56:09.775Z","age":27},"registered":{"date":"2013-01-26T03:00:08.758Z","age":11},"phone":"52998545","cell":"63787691","id":{"name":"CPR","value":"021096-7675"},"picture":{"large":"https://randomuser.me/api/portraits/men/61.jpg","medium":"https://randomuser.me/api/portraits/med/men/61.jpg","thumbnail":"https://randomuser.me/api/portraits/thumb/men/61.jpg"},"nat":"DK"}],"info":{"seed":"a179cf9301a7081c","results":1,"page":1,"version":"1.4"}} 
 </msg>
<msg time="2024-04-10T16:19:37.142163" level="INFO">/opt/hostedtoolcache/Python/3.12.2/x64/lib/python3.12/site-packages/urllib3/connectionpool.py:1103: InsecureRequestWarning: Unverified HTTPS request is being made to host 'randomuser.me'. Adding certificate verification is strongly advised. See: https://urllib3.readthedocs.io/en/latest/advanced-usage.html#tls-warnings
  warnings.warn(</msg>
<msg time="2024-04-10T16:19:37.142302" level="INFO">${response} = &lt;Response [200]&gt;</msg>
<var>${response}</var>
<arg>consultarAPI</arg>
<arg>/api</arg>
<doc>Sends a GET request on a previously created HTTP Session.</doc>
<status status="PASS" start="2024-04-10T16:19:37.037362" elapsed="0.104980"/>
</kw>
<kw name="Set Variable" owner="BuiltIn">
<msg time="2024-04-10T16:19:37.143491" level="INFO">${json_data} = {'results': [{'gender': 'male', 'name': {'title': 'Mr', 'first': 'Felix', 'last': 'Hansen'}, 'location': {'street': {'number': 4792, 'name': 'Solsortevej'}, 'city': 'Sørvad', 'state': 'Nordjylland', '...</msg>
<var>${json_data}</var>
<arg>${response.json()}</arg>
<doc>Returns the given values which can then be assigned to a variables.</doc>
<status status="PASS" start="2024-04-10T16:19:37.142949" elapsed="0.000572"/>
</kw>
<kw name="Log" owner="BuiltIn">
<msg time="2024-04-10T16:19:37.144005" level="INFO">{'results': [{'gender': 'male', 'name': {'title': 'Mr', 'first': 'Felix', 'last': 'Hansen'}, 'location': {'street': {'number': 4792, 'name': 'Solsortevej'}, 'city': 'Sørvad', 'state': 'Nordjylland', 'country': 'Denmark', 'postcode': 34519, 'coordinates': {'latitude': '-40.8344', 'longitude': '-125.2297'}, 'timezone': {'offset': '+5:00', 'description': 'Ekaterinburg, Islamabad, Karachi, Tashkent'}}, 'email': 'felix.hansen@example.com', 'login': {'uuid': '42a7ce84-c929-4ddd-a1c8-5e8983ffe869', 'username': 'smalllion422', 'password': 'apple', 'salt': 'UKlJ2ZZ5', 'md5': '31518c471b1a103b84be3eab1fd64495', 'sha1': '6ece45b9a6964fdd4be6705b0bc68e603a2e866b', 'sha256': '8c86817c5321682eaa2d1a28d68029530ee97df345f43c97295d120d37111ecc'}, 'dob': {'date': '1996-10-02T08:56:09.775Z', 'age': 27}, 'registered': {'date': '2013-01-26T03:00:08.758Z', 'age': 11}, 'phone': '52998545', 'cell': '63787691', 'id': {'name': 'CPR', 'value': '021096-7675'}, 'picture': {'large': 'https://randomuser.me/api/portraits/men/61.jpg', 'medium': 'https://randomuser.me/api/portraits/med/men/61.jpg', 'thumbnail': 'https://randomuser.me/api/portraits/thumb/men/61.jpg'}, 'nat': 'DK'}], 'info': {'seed': 'a179cf9301a7081c', 'results': 1, 'page': 1, 'version': '1.4'}}</msg>
<arg>${json_data}</arg>
<doc>Logs the given message with the given level.</doc>
<status status="PASS" start="2024-04-10T16:19:37.143838" elapsed="0.000218"/>
</kw>
<kw name="Dictionary Should Contain Key" owner="Collections">
<msg time="2024-04-10T16:19:37.144518" level="INFO">False</msg>
<arg>${json_data}</arg>
<arg>results</arg>
<doc>Fails if ``key`` is not found from ``dictionary``.</doc>
<status status="PASS" start="2024-04-10T16:19:37.144361" elapsed="0.000195"/>
</kw>
<kw name="Should Not Be Empty" owner="BuiltIn">
<msg time="2024-04-10T16:19:37.144987" level="INFO">Length is 2.</msg>
<arg>${json_data}</arg>
<doc>Verifies that the given item is not empty.</doc>
<status status="PASS" start="2024-04-10T16:19:37.144853" elapsed="0.000173"/>
</kw>
<kw name="Create List" owner="BuiltIn">
<msg time="2024-04-10T16:19:37.145471" level="INFO">${expected_keys} = ['gender', 'name', 'location', 'email', 'login']</msg>
<var>${expected_keys}</var>
<arg>gender</arg>
<arg>name</arg>
<arg>location</arg>
<arg>email</arg>
<arg>login</arg>
<doc>Returns a list containing given items.</doc>
<status status="PASS" start="2024-04-10T16:19:37.145317" elapsed="0.000178"/>
</kw>
<for flavor="IN">
<iter>
<kw name="Dictionary Should Contain Key" owner="Collections">
<msg time="2024-04-10T16:19:37.146502" level="INFO">False</msg>
<arg>${json_data['results'][0]}</arg>
<arg>${key}</arg>
<doc>Fails if ``key`` is not found from ``dictionary``.</doc>
<status status="PASS" start="2024-04-10T16:19:37.146105" elapsed="0.000438"/>
</kw>
<kw name="Log" owner="BuiltIn">
<msg time="2024-04-10T16:19:37.147263" level="INFO">{'gender': 'male', 'name': {'title': 'Mr', 'first': 'Felix', 'last': 'Hansen'}, 'location': {'street': {'number': 4792, 'name': 'Solsortevej'}, 'city': 'Sørvad', 'state': 'Nordjylland', 'country': 'Denmark', 'postcode': 34519, 'coordinates': {'latitude': '-40.8344', 'longitude': '-125.2297'}, 'timezone': {'offset': '+5:00', 'description': 'Ekaterinburg, Islamabad, Karachi, Tashkent'}}, 'email': 'felix.hansen@example.com', 'login': {'uuid': '42a7ce84-c929-4ddd-a1c8-5e8983ffe869', 'username': 'smalllion422', 'password': 'apple', 'salt': 'UKlJ2ZZ5', 'md5': '31518c471b1a103b84be3eab1fd64495', 'sha1': '6ece45b9a6964fdd4be6705b0bc68e603a2e866b', 'sha256': '8c86817c5321682eaa2d1a28d68029530ee97df345f43c97295d120d37111ecc'}, 'dob': {'date': '1996-10-02T08:56:09.775Z', 'age': 27}, 'registered': {'date': '2013-01-26T03:00:08.758Z', 'age': 11}, 'phone': '52998545', 'cell': '63787691', 'id': {'name': 'CPR', 'value': '021096-7675'}, 'picture': {'large': 'https://randomuser.me/api/portraits/men/61.jpg', 'medium': 'https://randomuser.me/api/portraits/med/men/61.jpg', 'thumbnail': 'https://randomuser.me/api/portraits/thumb/men/61.jpg'}, 'nat': 'DK'}</msg>
<arg>${json_data['results'][0]}</arg>
<doc>Logs the given message with the given level.</doc>
<status status="PASS" start="2024-04-10T16:19:37.146885" elapsed="0.000433"/>
</kw>
<kw name="Log" owner="BuiltIn">
<msg time="2024-04-10T16:19:37.147755" level="INFO">gender</msg>
<arg>${key}</arg>
<doc>Logs the given message with the given level.</doc>
<status status="PASS" start="2024-04-10T16:19:37.147624" elapsed="0.000169"/>
</kw>
<var name="${key}">gender</var>
<status status="PASS" start="2024-04-10T16:19:37.145981" elapsed="0.002037"/>
</iter>
<iter>
<kw name="Dictionary Should Contain Key" owner="Collections">
<msg time="2024-04-10T16:19:37.148711" level="INFO">False</msg>
<arg>${json_data['results'][0]}</arg>
<arg>${key}</arg>
<doc>Fails if ``key`` is not found from ``dictionary``.</doc>
<status status="PASS" start="2024-04-10T16:19:37.148325" elapsed="0.000425"/>
</kw>
<kw name="Log" owner="BuiltIn">
<msg time="2024-04-10T16:19:37.149435" level="INFO">{'gender': 'male', 'name': {'title': 'Mr', 'first': 'Felix', 'last': 'Hansen'}, 'location': {'street': {'number': 4792, 'name': 'Solsortevej'}, 'city': 'Sørvad', 'state': 'Nordjylland', 'country': 'Denmark', 'postcode': 34519, 'coordinates': {'latitude': '-40.8344', 'longitude': '-125.2297'}, 'timezone': {'offset': '+5:00', 'description': 'Ekaterinburg, Islamabad, Karachi, Tashkent'}}, 'email': 'felix.hansen@example.com', 'login': {'uuid': '42a7ce84-c929-4ddd-a1c8-5e8983ffe869', 'username': 'smalllion422', 'password': 'apple', 'salt': 'UKlJ2ZZ5', 'md5': '31518c471b1a103b84be3eab1fd64495', 'sha1': '6ece45b9a6964fdd4be6705b0bc68e603a2e866b', 'sha256': '8c86817c5321682eaa2d1a28d68029530ee97df345f43c97295d120d37111ecc'}, 'dob': {'date': '1996-10-02T08:56:09.775Z', 'age': 27}, 'registered': {'date': '2013-01-26T03:00:08.758Z', 'age': 11}, 'phone': '52998545', 'cell': '63787691', 'id': {'name': 'CPR', 'value': '021096-7675'}, 'picture': {'large': 'https://randomuser.me/api/portraits/men/61.jpg', 'medium': 'https://randomuser.me/api/portraits/med/men/61.jpg', 'thumbnail': 'https://randomuser.me/api/portraits/thumb/men/61.jpg'}, 'nat': 'DK'}</msg>
<arg>${json_data['results'][0]}</arg>
<doc>Logs the given message with the given level.</doc>
<status status="PASS" start="2024-04-10T16:19:37.149073" elapsed="0.000412"/>
</kw>
<kw name="Log" owner="BuiltIn">
<msg time="2024-04-10T16:19:37.149911" level="INFO">name</msg>
<arg>${key}</arg>
<doc>Logs the given message with the given level.</doc>
<status status="PASS" start="2024-04-10T16:19:37.149782" elapsed="0.000167"/>
</kw>
<var name="${key}">name</var>
<status status="PASS" start="2024-04-10T16:19:37.148210" elapsed="0.001955"/>
</iter>
<iter>
<kw name="Dictionary Should Contain Key" owner="Collections">
<msg time="2024-04-10T16:19:37.150860" level="INFO">False</msg>
<arg>${json_data['results'][0]}</arg>
<arg>${key}</arg>
<doc>Fails if ``key`` is not found from ``dictionary``.</doc>
<status status="PASS" start="2024-04-10T16:19:37.150454" elapsed="0.000446"/>
</kw>
<kw name="Log" owner="BuiltIn">
<msg time="2024-04-10T16:19:37.151570" level="INFO">{'gender': 'male', 'name': {'title': 'Mr', 'first': 'Felix', 'last': 'Hansen'}, 'location': {'street': {'number': 4792, 'name': 'Solsortevej'}, 'city': 'Sørvad', 'state': 'Nordjylland', 'country': 'Denmark', 'postcode': 34519, 'coordinates': {'latitude': '-40.8344', 'longitude': '-125.2297'}, 'timezone': {'offset': '+5:00', 'description': 'Ekaterinburg, Islamabad, Karachi, Tashkent'}}, 'email': 'felix.hansen@example.com', 'login': {'uuid': '42a7ce84-c929-4ddd-a1c8-5e8983ffe869', 'username': 'smalllion422', 'password': 'apple', 'salt': 'UKlJ2ZZ5', 'md5': '31518c471b1a103b84be3eab1fd64495', 'sha1': '6ece45b9a6964fdd4be6705b0bc68e603a2e866b', 'sha256': '8c86817c5321682eaa2d1a28d68029530ee97df345f43c97295d120d37111ecc'}, 'dob': {'date': '1996-10-02T08:56:09.775Z', 'age': 27}, 'registered': {'date': '2013-01-26T03:00:08.758Z', 'age': 11}, 'phone': '52998545', 'cell': '63787691', 'id': {'name': 'CPR', 'value': '021096-7675'}, 'picture': {'large': 'https://randomuser.me/api/portraits/men/61.jpg', 'medium': 'https://randomuser.me/api/portraits/med/men/61.jpg', 'thumbnail': 'https://randomuser.me/api/portraits/thumb/men/61.jpg'}, 'nat': 'DK'}</msg>
<arg>${json_data['results'][0]}</arg>
<doc>Logs the given message with the given level.</doc>
<status status="PASS" start="2024-04-10T16:19:37.151203" elapsed="0.000421"/>
</kw>
<kw name="Log" owner="BuiltIn">
<msg time="2024-04-10T16:19:37.152042" level="INFO">location</msg>
<arg>${key}</arg>
<doc>Logs the given message with the given level.</doc>
<status status="PASS" start="2024-04-10T16:19:37.151915" elapsed="0.000166"/>
</kw>
<var name="${key}">location</var>
<status status="PASS" start="2024-04-10T16:19:37.150343" elapsed="0.001952"/>
</iter>
<iter>
<kw name="Dictionary Should Contain Key" owner="Collections">
<msg time="2024-04-10T16:19:37.152963" level="INFO">False</msg>
<arg>${json_data['results'][0]}</arg>
<arg>${key}</arg>
<doc>Fails if ``key`` is not found from ``dictionary``.</doc>
<status status="PASS" start="2024-04-10T16:19:37.152581" elapsed="0.000420"/>
</kw>
<kw name="Log" owner="BuiltIn">
<msg time="2024-04-10T16:19:37.153658" level="INFO">{'gender': 'male', 'name': {'title': 'Mr', 'first': 'Felix', 'last': 'Hansen'}, 'location': {'street': {'number': 4792, 'name': 'Solsortevej'}, 'city': 'Sørvad', 'state': 'Nordjylland', 'country': 'Denmark', 'postcode': 34519, 'coordinates': {'latitude': '-40.8344', 'longitude': '-125.2297'}, 'timezone': {'offset': '+5:00', 'description': 'Ekaterinburg, Islamabad, Karachi, Tashkent'}}, 'email': 'felix.hansen@example.com', 'login': {'uuid': '42a7ce84-c929-4ddd-a1c8-5e8983ffe869', 'username': 'smalllion422', 'password': 'apple', 'salt': 'UKlJ2ZZ5', 'md5': '31518c471b1a103b84be3eab1fd64495', 'sha1': '6ece45b9a6964fdd4be6705b0bc68e603a2e866b', 'sha256': '8c86817c5321682eaa2d1a28d68029530ee97df345f43c97295d120d37111ecc'}, 'dob': {'date': '1996-10-02T08:56:09.775Z', 'age': 27}, 'registered': {'date': '2013-01-26T03:00:08.758Z', 'age': 11}, 'phone': '52998545', 'cell': '63787691', 'id': {'name': 'CPR', 'value': '021096-7675'}, 'picture': {'large': 'https://randomuser.me/api/portraits/men/61.jpg', 'medium': 'https://randomuser.me/api/portraits/med/men/61.jpg', 'thumbnail': 'https://randomuser.me/api/portraits/thumb/men/61.jpg'}, 'nat': 'DK'}</msg>
<arg>${json_data['results'][0]}</arg>
<doc>Logs the given message with the given level.</doc>
<status status="PASS" start="2024-04-10T16:19:37.153302" elapsed="0.000416"/>
</kw>
<kw name="Log" owner="BuiltIn">
<msg time="2024-04-10T16:19:37.154173" level="INFO">email</msg>
<arg>${key}</arg>
<doc>Logs the given message with the given level.</doc>
<status status="PASS" start="2024-04-10T16:19:37.154046" elapsed="0.000163"/>
</kw>
<var name="${key}">email</var>
<status status="PASS" start="2024-04-10T16:19:37.152470" elapsed="0.001960"/>
</iter>
<iter>
<kw name="Dictionary Should Contain Key" owner="Collections">
<msg time="2024-04-10T16:19:37.155128" level="INFO">False</msg>
<arg>${json_data['results'][0]}</arg>
<arg>${key}</arg>
<doc>Fails if ``key`` is not found from ``dictionary``.</doc>
<status status="PASS" start="2024-04-10T16:19:37.154712" elapsed="0.000454"/>
</kw>
<kw name="Log" owner="BuiltIn">
<msg time="2024-04-10T16:19:37.155823" level="INFO">{'gender': 'male', 'name': {'title': 'Mr', 'first': 'Felix', 'last': 'Hansen'}, 'location': {'street': {'number': 4792, 'name': 'Solsortevej'}, 'city': 'Sørvad', 'state': 'Nordjylland', 'country': 'Denmark', 'postcode': 34519, 'coordinates': {'latitude': '-40.8344', 'longitude': '-125.2297'}, 'timezone': {'offset': '+5:00', 'description': 'Ekaterinburg, Islamabad, Karachi, Tashkent'}}, 'email': 'felix.hansen@example.com', 'login': {'uuid': '42a7ce84-c929-4ddd-a1c8-5e8983ffe869', 'username': 'smalllion422', 'password': 'apple', 'salt': 'UKlJ2ZZ5', 'md5': '31518c471b1a103b84be3eab1fd64495', 'sha1': '6ece45b9a6964fdd4be6705b0bc68e603a2e866b', 'sha256': '8c86817c5321682eaa2d1a28d68029530ee97df345f43c97295d120d37111ecc'}, 'dob': {'date': '1996-10-02T08:56:09.775Z', 'age': 27}, 'registered': {'date': '2013-01-26T03:00:08.758Z', 'age': 11}, 'phone': '52998545', 'cell': '63787691', 'id': {'name': 'CPR', 'value': '021096-7675'}, 'picture': {'large': 'https://randomuser.me/api/portraits/men/61.jpg', 'medium': 'https://randomuser.me/api/portraits/med/men/61.jpg', 'thumbnail': 'https://randomuser.me/api/portraits/thumb/men/61.jpg'}, 'nat': 'DK'}</msg>
<arg>${json_data['results'][0]}</arg>
<doc>Logs the given message with the given level.</doc>
<status status="PASS" start="2024-04-10T16:19:37.155460" elapsed="0.000411"/>
</kw>
<kw name="Log" owner="BuiltIn">
<msg time="2024-04-10T16:19:37.156285" level="INFO">login</msg>
<arg>${key}</arg>
<doc>Logs the given message with the given level.</doc>
<status status="PASS" start="2024-04-10T16:19:37.156159" elapsed="0.000171"/>
</kw>
<var name="${key}">login</var>
<status status="PASS" start="2024-04-10T16:19:37.154602" elapsed="0.001967"/>
</iter>
<var>${key}</var>
<value>@{expected_keys}</value>
<status status="PASS" start="2024-04-10T16:19:37.145768" elapsed="0.010925"/>
</for>
<kw name="Create List" owner="BuiltIn">
<msg time="2024-04-10T16:19:37.157024" level="INFO">${expected_keysTwo} = ['username', 'password']</msg>
<var>${expected_keysTwo}</var>
<arg>username</arg>
<arg>password</arg>
<doc>Returns a list containing given items.</doc>
<status status="PASS" start="2024-04-10T16:19:37.156885" elapsed="0.000163"/>
</kw>
<for flavor="IN">
<iter>
<kw name="Dictionary Should Contain Key" owner="Collections">
<msg time="2024-04-10T16:19:37.158041" level="INFO">False</msg>
<arg>${json_data['results'][0]['login']}</arg>
<arg>${keyTwo}</arg>
<doc>Fails if ``key`` is not found from ``dictionary``.</doc>
<status status="PASS" start="2024-04-10T16:19:37.157653" elapsed="0.000426"/>
</kw>
<kw name="Dictionary Should Contain Key" owner="Collections">
<msg time="2024-04-10T16:19:37.158753" level="INFO">False</msg>
<arg>${json_data['results'][0]['login']}</arg>
<arg>${keyTwo}</arg>
<doc>Fails if ``key`` is not found from ``dictionary``.</doc>
<status status="PASS" start="2024-04-10T16:19:37.158374" elapsed="0.000417"/>
</kw>
<kw name="Log" owner="BuiltIn">
<msg time="2024-04-10T16:19:37.159253" level="INFO">username</msg>
<arg>${keyTwo}</arg>
<doc>Logs the given message with the given level.</doc>
<status status="PASS" start="2024-04-10T16:19:37.159123" elapsed="0.000167"/>
</kw>
<var name="${keyTwo}">username</var>
<status status="PASS" start="2024-04-10T16:19:37.157539" elapsed="0.001964"/>
</iter>
<iter>
<kw name="Dictionary Should Contain Key" owner="Collections">
<msg time="2024-04-10T16:19:37.160156" level="INFO">False</msg>
<arg>${json_data['results'][0]['login']}</arg>
<arg>${keyTwo}</arg>
<doc>Fails if ``key`` is not found from ``dictionary``.</doc>
<status status="PASS" start="2024-04-10T16:19:37.159782" elapsed="0.000412"/>
</kw>
<kw name="Dictionary Should Contain Key" owner="Collections">
<msg time="2024-04-10T16:19:37.160859" level="INFO">False</msg>
<arg>${json_data['results'][0]['login']}</arg>
<arg>${keyTwo}</arg>
<doc>Fails if ``key`` is not found from ``dictionary``.</doc>
<status status="PASS" start="2024-04-10T16:19:37.160486" elapsed="0.000409"/>
</kw>
<kw name="Log" owner="BuiltIn">
<msg time="2024-04-10T16:19:37.161322" level="INFO">password</msg>
<arg>${keyTwo}</arg>
<doc>Logs the given message with the given level.</doc>
<status status="PASS" start="2024-04-10T16:19:37.161184" elapsed="0.000176"/>
</kw>
<var name="${keyTwo}">password</var>
<status status="PASS" start="2024-04-10T16:19:37.159675" elapsed="0.001899"/>
</iter>
<var>${keyTwo}</var>
<value>@{expected_keysTwo}</value>
<status status="PASS" start="2024-04-10T16:19:37.157284" elapsed="0.004412"/>
</for>
<status status="PASS" start="2024-04-10T16:19:37.037023" elapsed="0.124816"/>
</kw>
<doc>Testa a estrutura da resposta da API.</doc>
<tag>testeEstruturaResposta</tag>
<status status="PASS" start="2024-04-10T16:19:37.036037" elapsed="0.125967"/>
</test>
<test id="s1-s1-t4" name="Validar tipos de dados" line="28">
<kw name="Teste de Tipos de Dados" owner="random-user-service">
<kw name="GET On Session" owner="RequestsLibrary">
<msg time="2024-04-10T16:19:37.233381" level="INFO">GET Request : url=https://randomuser.me/api 
 path_url=/api 
 headers={'User-Agent': 'python-requests/2.31.0', 'Accept-Encoding': 'gzip, deflate', 'Accept': '*/*', 'Connection': 'keep-alive'} 
 body=None 
 </msg>
<msg time="2024-04-10T16:19:37.233471" level="INFO">GET Response : url=https://randomuser.me/api 
 status=200, reason=OK 
 headers={'Date': 'Wed, 10 Apr 2024 16:19:37 GMT', 'Content-Type': 'application/json; charset=utf-8', 'Transfer-Encoding': 'chunked', 'Connection': 'keep-alive', 'X-Powered-By': 'Express', 'Access-Control-Allow-Origin': '*', 'Cache-Control': 'no-cache', 'ETag': 'W/"486-1GCHMd15U4oBsO2VKERLGKyI5YE"', 'Vary': 'Accept-Encoding', 'Content-Encoding': 'gzip', 'CF-Cache-Status': 'DYNAMIC', 'Report-To': '{"endpoints":[{"url":"https:\\/\\/a.nel.cloudflare.com\\/report\\/v4?s=nmwd1UCzhFQLYPjfdoJ2%2FpeSr0nQzvbjd86iuE9eMwHycfRjeYJZUG%2BwkCLGEKGl%2F%2B4a3J7AbEALzZcmH5pnODGn%2FwkhdDZhQ69N3cbnjrF5EFY1YuVSxlOEVLTE88ph"}],"group":"cf-nel","max_age":604800}', 'NEL': '{"success_fraction":0,"report_to":"cf-nel","max_age":604800}', 'Server': 'cloudflare', 'CF-RAY': '87240f3d4bf13b08-IAD', 'alt-svc': 'h3=":443"; ma=86400'} 
 body={"results":[{"gender":"male","name":{"title":"Mr","first":"Kenan","last":"Borgersen"},"location":{"street":{"number":1454,"name":"Kirkegårdsbakken"},"city":"Fjellstrand","state":"Nordland","country":"Norway","postcode":"2225","coordinates":{"latitude":"46.1582","longitude":"-120.5767"},"timezone":{"offset":"-7:00","description":"Mountain Time (US &amp; Canada)"}},"email":"kenan.borgersen@example.com","login":{"uuid":"71226282-126d-4984-b455-12091a5345a1","username":"greenfrog211","password":"cyrano","salt":"elyZMHsU","md5":"d09217eb48dd3a7ae891529aa883685a","sha1":"adc368cd742cfdd2baba077a5e450eb639cd4abc","sha256":"0a48993f9c67d105b630f966cd4a805e74e7c06453af297f6bee4816ed5c4917"},"dob":{"date":"1953-10-04T00:20:20.984Z","age":70},"registered":{"date":"2003-01-05T23:59:20.696Z","age":21},"phone":"26322361","cell":"48771952","id":{"name":"FN","value":"04105342727"},"picture":{"large":"https://randomuser.me/api/portraits/men/57.jpg","medium":"https://randomuser.me/api/portraits/med/men/57.jpg","thumbnail":"https://randomuser.me/api/portraits/thumb/men/57.jpg"},"nat":"NO"}],"info":{"seed":"93009507e71a9473","results":1,"page":1,"version":"1.4"}} 
 </msg>
<msg time="2024-04-10T16:19:37.233548" level="INFO">/opt/hostedtoolcache/Python/3.12.2/x64/lib/python3.12/site-packages/urllib3/connectionpool.py:1103: InsecureRequestWarning: Unverified HTTPS request is being made to host 'randomuser.me'. Adding certificate verification is strongly advised. See: https://urllib3.readthedocs.io/en/latest/advanced-usage.html#tls-warnings
  warnings.warn(</msg>
<msg time="2024-04-10T16:19:37.233660" level="INFO">${response} = &lt;Response [200]&gt;</msg>
<var>${response}</var>
<arg>consultarAPI</arg>
<arg>/api</arg>
<doc>Sends a GET request on a previously created HTTP Session.</doc>
<status status="PASS" start="2024-04-10T16:19:37.164586" elapsed="0.069124"/>
</kw>
<kw name="Set Variable" owner="BuiltIn">
<msg time="2024-04-10T16:19:37.234837" level="INFO">${json_data} = {'results': [{'gender': 'male', 'name': {'title': 'Mr', 'first': 'Kenan', 'last': 'Borgersen'}, 'location': {'street': {'number': 1454, 'name': 'Kirkegårdsbakken'}, 'city': 'Fjellstrand', 'state': 'No...</msg>
<var>${json_data}</var>
<arg>${response.json()}</arg>
<doc>Returns the given values which can then be assigned to a variables.</doc>
<status status="PASS" start="2024-04-10T16:19:37.234225" elapsed="0.000644"/>
</kw>
<kw name="Log" owner="BuiltIn">
<msg time="2024-04-10T16:19:37.235381" level="INFO">{'results': [{'gender': 'male', 'name': {'title': 'Mr', 'first': 'Kenan', 'last': 'Borgersen'}, 'location': {'street': {'number': 1454, 'name': 'Kirkegårdsbakken'}, 'city': 'Fjellstrand', 'state': 'Nordland', 'country': 'Norway', 'postcode': '2225', 'coordinates': {'latitude': '46.1582', 'longitude': '-120.5767'}, 'timezone': {'offset': '-7:00', 'description': 'Mountain Time (US &amp; Canada)'}}, 'email': 'kenan.borgersen@example.com', 'login': {'uuid': '71226282-126d-4984-b455-12091a5345a1', 'username': 'greenfrog211', 'password': 'cyrano', 'salt': 'elyZMHsU', 'md5': 'd09217eb48dd3a7ae891529aa883685a', 'sha1': 'adc368cd742cfdd2baba077a5e450eb639cd4abc', 'sha256': '0a48993f9c67d105b630f966cd4a805e74e7c06453af297f6bee4816ed5c4917'}, 'dob': {'date': '1953-10-04T00:20:20.984Z', 'age': 70}, 'registered': {'date': '2003-01-05T23:59:20.696Z', 'age': 21}, 'phone': '26322361', 'cell': '48771952', 'id': {'name': 'FN', 'value': '04105342727'}, 'picture': {'large': 'https://randomuser.me/api/portraits/men/57.jpg', 'medium': 'https://randomuser.me/api/portraits/med/men/57.jpg', 'thumbnail': 'https://randomuser.me/api/portraits/thumb/men/57.jpg'}, 'nat': 'NO'}], 'info': {'seed': '93009507e71a9473', 'results': 1, 'page': 1, 'version': '1.4'}}</msg>
<arg>${json_data}</arg>
<doc>Logs the given message with the given level.</doc>
<status status="PASS" start="2024-04-10T16:19:37.235220" elapsed="0.000246"/>
</kw>
<kw name="Should Be String" owner="String">
<arg>${json_data['results'][0]['gender']}</arg>
<doc>Fails if the given ``item`` is not a string.</doc>
<status status="PASS" start="2024-04-10T16:19:37.235773" elapsed="0.000357"/>
</kw>
<kw name="Should Match Regexp" owner="BuiltIn">
<arg>${json_data['results'][0]['email']}</arg>
<arg>^[a-zA-Z0-9._%+-]+@[a-zA-Z0-9.-]+\.[a-zA-Z]{2,}$</arg>
<doc>Fails if ``string`` does not match ``pattern`` as a regular expression.</doc>
<status status="PASS" start="2024-04-10T16:19:37.236321" elapsed="0.000504"/>
</kw>
<kw name="Should Match Regexp" owner="BuiltIn">
<arg>${json_data['results'][0]['dob']['date']}</arg>
<arg>\\d{4}-\\d{2}-\\d{2}T\\d{2}:\\d{2}:\\d{2}\\.\\d{3}Z</arg>
<doc>Fails if ``string`` does not match ``pattern`` as a regular expression.</doc>
<status status="PASS" start="2024-04-10T16:19:37.237037" elapsed="0.000499"/>
</kw>
<kw name="Should Match Regexp" owner="BuiltIn">
<arg>${json_data['results'][0]['registered']['date']}</arg>
<arg>\\d{4}-\\d{2}-\\d{2}T\\d{2}:\\d{2}:\\d{2}\\.\\d{3}Z</arg>
<doc>Fails if ``string`` does not match ``pattern`` as a regular expression.</doc>
<status status="PASS" start="2024-04-10T16:19:37.237739" elapsed="0.000386"/>
</kw>
<kw name="Should Match Regexp" owner="BuiltIn">
<arg>${json_data['results'][0]['picture']['large']}</arg>
<arg>^https?://.*\.(?:png|jpe?g|gif|bmp)$</arg>
<doc>Fails if ``string`` does not match ``pattern`` as a regular expression.</doc>
<status status="PASS" start="2024-04-10T16:19:37.238311" elapsed="0.000454"/>
</kw>
<kw name="Should Match Regexp" owner="BuiltIn">
<arg>${json_data['results'][0]['picture']['medium']}</arg>
<arg>^https?://.*\.(?:png|jpe?g|gif|bmp)$</arg>
<doc>Fails if ``string`` does not match ``pattern`` as a regular expression.</doc>
<status status="PASS" start="2024-04-10T16:19:37.238999" elapsed="0.000455"/>
</kw>
<kw name="Should Match Regexp" owner="BuiltIn">
<arg>${json_data['results'][0]['picture']['thumbnail']}</arg>
<arg>^https?://.*\.(?:png|jpe?g|gif|bmp)$</arg>
<doc>Fails if ``string`` does not match ``pattern`` as a regular expression.</doc>
<status status="PASS" start="2024-04-10T16:19:37.239652" elapsed="0.000366"/>
</kw>
<kw name="Log" owner="BuiltIn">
<msg time="2024-04-10T16:19:37.240522" level="INFO">{'large': 'https://randomuser.me/api/portraits/men/57.jpg', 'medium': 'https://randomuser.me/api/portraits/med/men/57.jpg', 'thumbnail': 'https://randomuser.me/api/portraits/thumb/men/57.jpg'}</msg>
<arg>${json_data['results'][0]['picture']}</arg>
<doc>Logs the given message with the given level.</doc>
<status status="PASS" start="2024-04-10T16:19:37.240198" elapsed="0.000366"/>
</kw>
<status status="PASS" start="2024-04-10T16:19:37.164353" elapsed="0.076461"/>
</kw>
<kw name="Teste de Tipos de Dados - Postcode" owner="random-user-service">
<kw name="GET On Session" owner="RequestsLibrary">
<msg time="2024-04-10T16:19:37.332754" level="INFO">GET Request : url=https://randomuser.me/api 
 path_url=/api 
 headers={'User-Agent': 'python-requests/2.31.0', 'Accept-Encoding': 'gzip, deflate', 'Accept': '*/*', 'Connection': 'keep-alive'} 
 body=None 
 </msg>
<msg time="2024-04-10T16:19:37.332818" level="INFO">GET Response : url=https://randomuser.me/api 
 status=200, reason=OK 
 headers={'Date': 'Wed, 10 Apr 2024 16:19:37 GMT', 'Content-Type': 'application/json; charset=utf-8', 'Transfer-Encoding': 'chunked', 'Connection': 'keep-alive', 'X-Powered-By': 'Express', 'Access-Control-Allow-Origin': '*', 'Cache-Control': 'no-cache', 'ETag': 'W/"483-qFPM/xcl0v3Of8qZLDSB9KBVf1Q"', 'Vary': 'Accept-Encoding', 'Content-Encoding': 'gzip', 'CF-Cache-Status': 'DYNAMIC', 'Report-To': '{"endpoints":[{"url":"https:\\/\\/a.nel.cloudflare.com\\/report\\/v4?s=rGQ%2FmjLyTMeFVDtTYLrhZSie%2FdU6Blf%2FjelKj%2B9lY8RoijNRMLR5jZ4nX6z3YAV2tZyxkjRtLgDhjlNeSkaG1A96ajoYSw6BrgygwYCk%2BbXNYXds%2FmZ%2Fd2ipkD0IlCeE"}],"group":"cf-nel","max_age":604800}', 'NEL': '{"success_fraction":0,"report_to":"cf-nel","max_age":604800}', 'Server': 'cloudflare', 'CF-RAY': '87240f3dcc9b3b08-IAD', 'alt-svc': 'h3=":443"; ma=86400'} 
 body={"results":[{"gender":"female","name":{"title":"Miss","first":"Ruslana","last":"Borojević"},"location":{"street":{"number":7919,"name":"Todorovićeva"},"city":"Vranje","state":"North Bačka","country":"Serbia","postcode":60098,"coordinates":{"latitude":"61.0079","longitude":"24.0186"},"timezone":{"offset":"-10:00","description":"Hawaii"}},"email":"ruslana.borojevic@example.com","login":{"uuid":"b131cde7-86d4-47a9-a790-131691b3f33f","username":"angrybutterfly320","password":"mmmm","salt":"x1pEPL6C","md5":"5303ff1ca1787c7d5e4db25bfef4651e","sha1":"3ef9eb3d626cede5ef1be86dd9c7fc9e8ef4fea0","sha256":"507f07f830950256b56c2dd3ef64412b0d5c2b560e80c86672f8eabb2a09e8e7"},"dob":{"date":"1949-05-13T22:30:16.436Z","age":74},"registered":{"date":"2009-12-21T08:42:06.268Z","age":14},"phone":"017-1921-928","cell":"068-7029-266","id":{"name":"SID","value":"118381587"},"picture":{"large":"https://randomuser.me/api/portraits/women/59.jpg","medium":"https://randomuser.me/api/portraits/med/women/59.jpg","thumbnail":"https://randomuser.me/api/portraits/thumb/women/59.jpg"},"nat":"RS"}],"info":{"seed":"82d8082b8f48bcbc","results":1,"page":1,"version":"1.4"}} 
 </msg>
<msg time="2024-04-10T16:19:37.332890" level="INFO">/opt/hostedtoolcache/Python/3.12.2/x64/lib/python3.12/site-packages/urllib3/connectionpool.py:1103: InsecureRequestWarning: Unverified HTTPS request is being made to host 'randomuser.me'. Adding certificate verification is strongly advised. See: https://urllib3.readthedocs.io/en/latest/advanced-usage.html#tls-warnings
  warnings.warn(</msg>
<msg time="2024-04-10T16:19:37.332976" level="INFO">${response} = &lt;Response [200]&gt;</msg>
<var>${response}</var>
<arg>consultarAPI</arg>
<arg>/api</arg>
<doc>Sends a GET request on a previously created HTTP Session.</doc>
<status status="PASS" start="2024-04-10T16:19:37.241265" elapsed="0.091744"/>
</kw>
<kw name="Set Variable" owner="BuiltIn">
<msg time="2024-04-10T16:19:37.334097" level="INFO">${json_data} = {'results': [{'gender': 'female', 'name': {'title': 'Miss', 'first': 'Ruslana', 'last': 'Borojević'}, 'location': {'street': {'number': 7919, 'name': 'Todorovićeva'}, 'city': 'Vranje', 'state': 'North...</msg>
<var>${json_data}</var>
<arg>${response.json()}</arg>
<doc>Returns the given values which can then be assigned to a variables.</doc>
<status status="PASS" start="2024-04-10T16:19:37.333504" elapsed="0.000624"/>
</kw>
<kw name="Log" owner="BuiltIn">
<msg time="2024-04-10T16:19:37.334588" level="INFO">{'results': [{'gender': 'female', 'name': {'title': 'Miss', 'first': 'Ruslana', 'last': 'Borojević'}, 'location': {'street': {'number': 7919, 'name': 'Todorovićeva'}, 'city': 'Vranje', 'state': 'North Bačka', 'country': 'Serbia', 'postcode': 60098, 'coordinates': {'latitude': '61.0079', 'longitude': '24.0186'}, 'timezone': {'offset': '-10:00', 'description': 'Hawaii'}}, 'email': 'ruslana.borojevic@example.com', 'login': {'uuid': 'b131cde7-86d4-47a9-a790-131691b3f33f', 'username': 'angrybutterfly320', 'password': 'mmmm', 'salt': 'x1pEPL6C', 'md5': '5303ff1ca1787c7d5e4db25bfef4651e', 'sha1': '3ef9eb3d626cede5ef1be86dd9c7fc9e8ef4fea0', 'sha256': '507f07f830950256b56c2dd3ef64412b0d5c2b560e80c86672f8eabb2a09e8e7'}, 'dob': {'date': '1949-05-13T22:30:16.436Z', 'age': 74}, 'registered': {'date': '2009-12-21T08:42:06.268Z', 'age': 14}, 'phone': '017-1921-928', 'cell': '068-7029-266', 'id': {'name': 'SID', 'value': '118381587'}, 'picture': {'large': 'https://randomuser.me/api/portraits/women/59.jpg', 'medium': 'https://randomuser.me/api/portraits/med/women/59.jpg', 'thumbnail': 'https://randomuser.me/api/portraits/thumb/women/59.jpg'}, 'nat': 'RS'}], 'info': {'seed': '82d8082b8f48bcbc', 'results': 1, 'page': 1, 'version': '1.4'}}</msg>
<arg>${json_data}</arg>
<doc>Logs the given message with the given level.</doc>
<status status="PASS" start="2024-04-10T16:19:37.334432" elapsed="0.000239"/>
</kw>
<kw name="Should Be Equal As Numbers" owner="BuiltIn">
<arg>${json_data['results'][0]['location']['postcode']}</arg>
<arg>${json_data['results'][0]['location']['postcode']}</arg>
<doc>Fails if objects are unequal after converting them to real numbers.</doc>
<status status="PASS" start="2024-04-10T16:19:37.335016" elapsed="0.000627"/>
</kw>
<kw name="Log" owner="BuiltIn">
<msg time="2024-04-10T16:19:37.336168" level="INFO">60098</msg>
<arg>${json_data['results'][0]['location']['postcode']}</arg>
<doc>Logs the given message with the given level.</doc>
<status status="PASS" start="2024-04-10T16:19:37.335835" elapsed="0.000374"/>
</kw>
<status status="PASS" start="2024-04-10T16:19:37.241033" elapsed="0.095425"/>
</kw>
<doc>Testa se os tipos de dados na resposta da API estão corretos.</doc>
<tag>testeTiposDados</tag>
<status status="PASS" start="2024-04-10T16:19:37.163808" elapsed="0.172815"/>
</test>
<test id="s1-s1-t5" name="Validar conteudo" line="35">
<kw name="Teste de Tipos de Conteudo" owner="random-user-service">
<kw name="GET On Session" owner="RequestsLibrary">
<msg time="2024-04-10T16:19:37.613540" level="INFO">GET Request : url=https://randomuser.me/api 
 path_url=/api 
 headers={'User-Agent': 'python-requests/2.31.0', 'Accept-Encoding': 'gzip, deflate', 'Accept': '*/*', 'Connection': 'keep-alive'} 
 body=None 
 </msg>
<msg time="2024-04-10T16:19:37.613653" level="INFO">GET Response : url=https://randomuser.me/api 
 status=200, reason=OK 
 headers={'Date': 'Wed, 10 Apr 2024 16:19:37 GMT', 'Content-Type': 'application/json; charset=utf-8', 'Transfer-Encoding': 'chunked', 'Connection': 'keep-alive', 'X-Powered-By': 'Express', 'Access-Control-Allow-Origin': '*', 'Cache-Control': 'no-cache', 'ETag': 'W/"499-yrj+AVG3xSPy0iwSnJ66iRnxSm8"', 'Vary': 'Accept-Encoding', 'Content-Encoding': 'gzip', 'CF-Cache-Status': 'DYNAMIC', 'Report-To': '{"endpoints":[{"url":"https:\\/\\/a.nel.cloudflare.com\\/report\\/v4?s=l8CXeBDd%2FYXpYW%2B0DtoZsb8lnqdgU7foXPu3%2BFuTSymD4MlCYV0ahTmygA2%2Fxin2VK4kkY4AuymKuB19rWCiDtVZ7UItjsCWOZGr0Zwi2HB9Wo0AoDZgalZXN4Uy3W8P"}],"group":"cf-nel","max_age":604800}', 'NEL': '{"success_fraction":0,"report_to":"cf-nel","max_age":604800}', 'Server': 'cloudflare', 'CF-RAY': '87240f3e6d813b08-IAD', 'alt-svc': 'h3=":443"; ma=86400'} 
 body={"results":[{"gender":"female","name":{"title":"Miss","first":"النا","last":"سالاری"},"location":{"street":{"number":2392,"name":"پاسداران"},"city":"بابل","state":"آذربایجان شرقی","country":"Iran","postcode":93199,"coordinates":{"latitude":"14.3134","longitude":"58.9735"},"timezone":{"offset":"-7:00","description":"Mountain Time (US &amp; Canada)"}},"email":"ln.slry@example.com","login":{"uuid":"24333f20-e92d-455f-89c7-c98d77015777","username":"heavyrabbit623","password":"semperfi","salt":"Ki1wu8sL","md5":"ce3b1ff79fd0e030ba7c5716f707c32e","sha1":"c90573122cb5b6dde572a9801c92b156fd1e1205","sha256":"a4eca184ba2524ec4fa6370500f499e56b9113ec48d88656ec5d193b41846c05"},"dob":{"date":"1976-06-08T06:48:07.655Z","age":47},"registered":{"date":"2019-05-01T14:05:05.556Z","age":4},"phone":"040-03444610","cell":"0945-559-2235","id":{"name":"","value":null},"picture":{"large":"https://randomuser.me/api/portraits/women/43.jpg","medium":"https://randomuser.me/api/portraits/med/women/43.jpg","thumbnail":"https://randomuser.me/api/portraits/thumb/women/43.jpg"},"nat":"IR"}],"info":{"seed":"1db268b5fb0588e0","results":1,"page":1,"version":"1.4"}} 
 </msg>
<msg time="2024-04-10T16:19:37.613742" level="INFO">/opt/hostedtoolcache/Python/3.12.2/x64/lib/python3.12/site-packages/urllib3/connectionpool.py:1103: InsecureRequestWarning: Unverified HTTPS request is being made to host 'randomuser.me'. Adding certificate verification is strongly advised. See: https://urllib3.readthedocs.io/en/latest/advanced-usage.html#tls-warnings
  warnings.warn(</msg>
<msg time="2024-04-10T16:19:37.613890" level="INFO">${response} = &lt;Response [200]&gt;</msg>
<var>${response}</var>
<arg>consultarAPI</arg>
<arg>/api</arg>
<doc>Sends a GET request on a previously created HTTP Session.</doc>
<status status="PASS" start="2024-04-10T16:19:37.339112" elapsed="0.274826"/>
</kw>
<kw name="Set Variable" owner="BuiltIn">
<msg time="2024-04-10T16:19:37.615204" level="INFO">${json_data} = {'results': [{'gender': 'female', 'name': {'title': 'Miss', 'first': 'النا', 'last': 'سالاری'}, 'location': {'street': {'number': 2392, 'name': 'پاسداران'}, 'city': 'بابل', 'state': 'آذربایجان شرقی', ...</msg>
<var>${json_data}</var>
<arg>${response.json()}</arg>
<doc>Returns the given values which can then be assigned to a variables.</doc>
<status status="PASS" start="2024-04-10T16:19:37.614609" elapsed="0.000626"/>
</kw>
<kw name="Set Variable" owner="BuiltIn">
<msg time="2024-04-10T16:19:37.615922" level="INFO">${name_title} = Miss</msg>
<var>${name_title}</var>
<arg>${json_data["results"][0]["name"]["title"]}</arg>
<doc>Returns the given values which can then be assigned to a variables.</doc>
<status status="PASS" start="2024-04-10T16:19:37.615544" elapsed="0.000403"/>
</kw>
<kw name="Create List" owner="BuiltIn">
<msg time="2024-04-10T16:19:37.616398" level="INFO">${allowed_titles} = ['Mr', 'Ms', 'Miss', 'Mrs', 'Madame', 'Monsieur']</msg>
<var>${allowed_titles}</var>
<arg>Mr</arg>
<arg>Ms</arg>
<arg>Miss</arg>
<arg>Mrs</arg>
<arg>Madame</arg>
<arg>Monsieur</arg>
<doc>Returns a list containing given items.</doc>
<status status="PASS" start="2024-04-10T16:19:37.616251" elapsed="0.000171"/>
</kw>
<kw name="List Should Contain Value" owner="Collections">
<msg time="2024-04-10T16:19:37.616894" level="INFO">False</msg>
<arg>${allowed_titles}</arg>
<arg>${name_title}</arg>
<doc>Fails if the ``value`` is not found from ``list``.</doc>
<status status="PASS" start="2024-04-10T16:19:37.616723" elapsed="0.000208"/>
</kw>
<kw name="Set Variable" owner="BuiltIn">
<msg time="2024-04-10T16:19:37.617598" level="INFO">${name_country} = IR</msg>
<var>${name_country}</var>
<arg>${json_data["results"][0]["nat"]}</arg>
<doc>Returns the given values which can then be assigned to a variables.</doc>
<status status="PASS" start="2024-04-10T16:19:37.617220" elapsed="0.000403"/>
</kw>
<kw name="Create List" owner="BuiltIn">
<msg time="2024-04-10T16:19:37.618520" level="INFO">${list_country} = ['AD', 'AE', 'AF', 'AG', 'AI', 'AL', 'AM', 'AO', 'AQ', 'AR', 'AS', 'AT', 'AU', 'AW', 'AX', 'AZ', 'BA', 'BB', 'BD', 'BE', 'BF', 'BG', 'BH', 'BI', 'BJ', 'BL', 'BM', 'BN', 'BO', 'BQ', 'BR', 'BS', 'BT', '...</msg>
<var>${list_country}</var>
<arg>AD</arg>
<arg>AE</arg>
<arg>AF</arg>
<arg>AG</arg>
<arg>AI</arg>
<arg>AL</arg>
<arg>AM</arg>
<arg>AO</arg>
<arg>AQ</arg>
<arg>AR</arg>
<arg>AS</arg>
<arg>AT</arg>
<arg>AU</arg>
<arg>AW</arg>
<arg>AX</arg>
<arg>AZ</arg>
<arg>BA</arg>
<arg>BB</arg>
<arg>BD</arg>
<arg>BE</arg>
<arg>BF</arg>
<arg>BG</arg>
<arg>BH</arg>
<arg>BI</arg>
<arg>BJ</arg>
<arg>BL</arg>
<arg>BM</arg>
<arg>BN</arg>
<arg>BO</arg>
<arg>BQ</arg>
<arg>BR</arg>
<arg>BS</arg>
<arg>BT</arg>
<arg>BV</arg>
<arg>BW</arg>
<arg>BY</arg>
<arg>BZ</arg>
<arg>CA</arg>
<arg>CC</arg>
<arg>CD</arg>
<arg>CF</arg>
<arg>CG</arg>
<arg>CH</arg>
<arg>CI</arg>
<arg>CK</arg>
<arg>CL</arg>
<arg>CM</arg>
<arg>CN</arg>
<arg>CO</arg>
<arg>CR</arg>
<arg>CU</arg>
<arg>CV</arg>
<arg>CW</arg>
<arg>CX</arg>
<arg>CY</arg>
<arg>CZ</arg>
<arg>DE</arg>
<arg>DJ</arg>
<arg>DK</arg>
<arg>DM</arg>
<arg>DO</arg>
<arg>DZ</arg>
<arg>EC</arg>
<arg>EE</arg>
<arg>EG</arg>
<arg>EH</arg>
<arg>ER</arg>
<arg>ES</arg>
<arg>ET</arg>
<arg>FI</arg>
<arg>FJ</arg>
<arg>FK</arg>
<arg>FM</arg>
<arg>FO</arg>
<arg>FR</arg>
<arg>GA</arg>
<arg>GB</arg>
<arg>GD</arg>
<arg>GE</arg>
<arg>GF</arg>
<arg>GG</arg>
<arg>GH</arg>
<arg>GI</arg>
<arg>GL</arg>
<arg>GM</arg>
<arg>GN</arg>
<arg>GP</arg>
<arg>GQ</arg>
<arg>GR</arg>
<arg>GS</arg>
<arg>GT</arg>
<arg>GU</arg>
<arg>GW</arg>
<arg>GY</arg>
<arg>HK</arg>
<arg>HM</arg>
<arg>HN</arg>
<arg>HR</arg>
<arg>HT</arg>
<arg>HU</arg>
<arg>ID</arg>
<arg>IE</arg>
<arg>IL</arg>
<arg>IM</arg>
<arg>IN</arg>
<arg>IO</arg>
<arg>IQ</arg>
<arg>IR</arg>
<arg>IS</arg>
<arg>IT</arg>
<arg>JE</arg>
<arg>JM</arg>
<arg>JO</arg>
<arg>JP</arg>
<arg>KE</arg>
<arg>KG</arg>
<arg>KH</arg>
<arg>KI</arg>
<arg>KM</arg>
<arg>KN</arg>
<arg>KP</arg>
<arg>KR</arg>
<arg>KW</arg>
<arg>KY</arg>
<arg>KZ</arg>
<arg>LA</arg>
<arg>LB</arg>
<arg>LC</arg>
<arg>LI</arg>
<arg>LK</arg>
<arg>LR</arg>
<arg>LS</arg>
<arg>LT</arg>
<arg>LU</arg>
<arg>LV</arg>
<arg>LY</arg>
<arg>MA</arg>
<arg>MC</arg>
<arg>MD</arg>
<arg>ME</arg>
<arg>MF</arg>
<arg>MG</arg>
<arg>MH</arg>
<arg>MK</arg>
<arg>ML</arg>
<arg>MM</arg>
<arg>MN</arg>
<arg>MO</arg>
<arg>MP</arg>
<arg>MQ</arg>
<arg>MR</arg>
<arg>MS</arg>
<arg>MT</arg>
<arg>MU</arg>
<arg>MV</arg>
<arg>MW</arg>
<arg>MX</arg>
<arg>MY</arg>
<arg>MZ</arg>
<arg>NA</arg>
<arg>NC</arg>
<arg>NE</arg>
<arg>NF</arg>
<arg>NG</arg>
<arg>NI</arg>
<arg>NL</arg>
<arg>NO</arg>
<arg>NP</arg>
<arg>NR</arg>
<arg>NU</arg>
<arg>NZ</arg>
<arg>OM</arg>
<arg>PA</arg>
<arg>PE</arg>
<arg>PF</arg>
<arg>PG</arg>
<arg>PH</arg>
<arg>PK</arg>
<arg>PL</arg>
<arg>PM</arg>
<arg>PN</arg>
<arg>PR</arg>
<arg>PS</arg>
<arg>PT</arg>
<arg>PW</arg>
<arg>PY</arg>
<arg>QA</arg>
<arg>RE</arg>
<arg>RO</arg>
<arg>RS</arg>
<arg>RU</arg>
<arg>RW</arg>
<arg>SA</arg>
<arg>SB</arg>
<arg>SC</arg>
<arg>SD</arg>
<arg>SE</arg>
<arg>SG</arg>
<arg>SH</arg>
<arg>SI</arg>
<arg>SJ</arg>
<arg>SK</arg>
<arg>SL</arg>
<arg>SM</arg>
<arg>SN</arg>
<arg>SO</arg>
<arg>SR</arg>
<arg>SS</arg>
<arg>ST</arg>
<arg>SV</arg>
<arg>SX</arg>
<arg>SY</arg>
<arg>SZ</arg>
<arg>TC</arg>
<arg>TD</arg>
<arg>TF</arg>
<arg>TG</arg>
<arg>TH</arg>
<arg>TJ</arg>
<arg>TK</arg>
<arg>TL</arg>
<arg>TM</arg>
<arg>TN</arg>
<arg>TO</arg>
<arg>TR</arg>
<arg>TT</arg>
<arg>TV</arg>
<arg>TW</arg>
<arg>TZ</arg>
<arg>UA</arg>
<arg>UG</arg>
<arg>UM</arg>
<arg>US</arg>
<arg>UY</arg>
<arg>UZ</arg>
<arg>VA</arg>
<arg>VC</arg>
<arg>VE</arg>
<arg>VG</arg>
<arg>VI</arg>
<arg>VN</arg>
<arg>VU</arg>
<arg>WF</arg>
<arg>WS</arg>
<arg>XK</arg>
<arg>YE</arg>
<arg>YT</arg>
<arg>ZA</arg>
<arg>ZM</arg>
<arg>ZW</arg>
<doc>Returns a list containing given items.</doc>
<status status="PASS" start="2024-04-10T16:19:37.617925" elapsed="0.000620"/>
</kw>
<kw name="List Should Contain Value" owner="Collections">
<msg time="2024-04-10T16:19:37.619566" level="INFO">False</msg>
<arg>${list_country}</arg>
<arg>${name_country}</arg>
<doc>Fails if the ``value`` is not found from ``list``.</doc>
<status status="PASS" start="2024-04-10T16:19:37.619365" elapsed="0.000238"/>
</kw>
<kw name="Run Keyword If" owner="BuiltIn">
<kw name="Should Be True" owner="BuiltIn">
<arg>${True}</arg>
<doc>Fails if the given condition is not true.</doc>
<status status="PASS" start="2024-04-10T16:19:37.620813" elapsed="0.000144"/>
</kw>
<arg>${json_data["results"][0]["location"]["coordinates"]["latitude"]} &gt;= -90 and ${json_data["results"][0]["location"]["coordinates"]["latitude"]} &lt;= 90</arg>
<arg>Should Be True</arg>
<arg>${True}</arg>
<doc>Runs the given keyword with the given arguments, if ``condition`` is true.</doc>
<status status="PASS" start="2024-04-10T16:19:37.619915" elapsed="0.001172"/>
</kw>
<kw name="Run Keyword If" owner="BuiltIn">
<kw name="Should Be True" owner="BuiltIn">
<arg>${True}</arg>
<doc>Fails if the given condition is not true.</doc>
<status status="PASS" start="2024-04-10T16:19:37.621967" elapsed="0.000137"/>
</kw>
<arg>${json_data["results"][0]["location"]["coordinates"]["longitude"]} &gt;= -180 and ${json_data["results"][0]["location"]["coordinates"]["longitude"]} &lt;= 180</arg>
<arg>Should Be True</arg>
<arg>${True}</arg>
<doc>Runs the given keyword with the given arguments, if ``condition`` is true.</doc>
<status status="PASS" start="2024-04-10T16:19:37.621271" elapsed="0.000958"/>
</kw>
<status status="PASS" start="2024-04-10T16:19:37.338887" elapsed="0.283492"/>
</kw>
<doc>Testa o conteúdo específico dos campos retornados pela API.</doc>
<tag>testeConteudo</tag>
<status status="PASS" start="2024-04-10T16:19:37.338335" elapsed="0.284230"/>
</test>
<status status="PASS" start="2024-04-10T16:19:36.507584" elapsed="1.116983"/>
</suite>
<status status="PASS" start="2024-04-10T16:19:36.493739" elapsed="1.136221"/>
</suite>
<statistics>
<total>
<stat pass="5" fail="0" skip="0">All Tests</stat>
</total>
<tag>
<stat pass="1" fail="0" skip="0">testeConteudo</stat>
<stat pass="1" fail="0" skip="0">testeEstruturaResposta</stat>
<stat pass="1" fail="0" skip="0">testeRequisicaoBasica</stat>
<stat pass="1" fail="0" skip="0">testeTiposDados</stat>
</tag>
<suite>
<stat pass="5" fail="0" skip="0" id="s1" name="Tests">Tests</stat>
<stat pass="5" fail="0" skip="0" id="s1-s1" name="Random-User-Test">Tests.Random-User-Test</stat>
</suite>
</statistics>
<errors>
</errors>
</robot>
