<?xml version="1.0" encoding="UTF-8"?>
<robot generator="Robot 7.0.1 (Python 3.12.4 on linux)" generated="2024-06-23T19:13:14.105881" rpa="false" schemaversion="5">
<suite id="s1" name="Tests" source="/home/runner/work/ApiRandomUser/ApiRandomUser/RamdonUser/tests">
<suite id="s1-s1" name="Random-User-Test" source="/home/runner/work/ApiRandomUser/ApiRandomUser/RamdonUser/tests/random-user-test.robot">
<test id="s1-s1-t1" name="Conectar" line="13">
<kw name="Conectar API" owner="random-user-service">
<kw name="Create Session" owner="RequestsLibrary">
<msg time="2024-06-23T19:13:14.532372" level="INFO">Creating Session using : alias=consultarAPI, url=https://randomuser.me/, headers={},                     cookies={}, auth=None, timeout=None, proxies=None, verify=False,                     debug=0 </msg>
<arg>consultarAPI</arg>
<arg>${URL}</arg>
<doc>Create Session: create a HTTP session to a server</doc>
<status status="PASS" start="2024-06-23T19:13:14.532163" elapsed="0.000384"/>
</kw>
<status status="PASS" start="2024-06-23T19:13:14.531188" elapsed="0.001727"/>
</kw>
<status status="PASS" start="2024-06-23T19:13:14.530551" elapsed="0.002558"/>
</test>
<test id="s1-s1-t2" name="Validar retorno 200 e JSON Válido" line="16">
<kw name="Teste de Requisicao Basica" owner="random-user-service">
<kw name="GET On Session" owner="RequestsLibrary">
<msg time="2024-06-23T19:13:14.634688" level="INFO">GET Request : url=https://randomuser.me/api 
 path_url=/api 
 headers={'User-Agent': 'python-requests/2.32.3', 'Accept-Encoding': 'gzip, deflate', 'Accept': '*/*', 'Connection': 'keep-alive'} 
 body=None 
 </msg>
<msg time="2024-06-23T19:13:14.634813" level="INFO">GET Response : url=https://randomuser.me/api 
 status=200, reason=OK 
 headers={'Date': 'Sun, 23 Jun 2024 19:13:14 GMT', 'Content-Type': 'application/json; charset=utf-8', 'Transfer-Encoding': 'chunked', 'Connection': 'keep-alive', 'X-Powered-By': 'Express', 'Access-Control-Allow-Origin': '*', 'Cache-Control': 'no-cache', 'ETag': 'W/"46e-G20nt4qSgTRhO4ZelC2pZEd31gc"', 'Vary': 'Accept-Encoding', 'Content-Encoding': 'gzip', 'CF-Cache-Status': 'DYNAMIC', 'Report-To': '{"endpoints":[{"url":"https:\\/\\/a.nel.cloudflare.com\\/report\\/v4?s=mpIDLwsvJcT%2FgL87C49HnZ3E6IpGxJ0coR6TXn%2F7B4zhFiX%2FGMP6AqbBGmHWPwcCqpDuWFVWf1ZWEyKN0VdC3mMO0BUL2vbywpq74vasD5fOCEgxWULK1L8Lzf7k4tR4"}],"group":"cf-nel","max_age":604800}', 'NEL': '{"success_fraction":0,"report_to":"cf-nel","max_age":604800}', 'Server': 'cloudflare', 'CF-RAY': '8986cb520ecc6368-ORD', 'alt-svc': 'h3=":443"; ma=86400'} 
 body={"results":[{"gender":"male","name":{"title":"Mr","first":"Louis","last":"White"},"location":{"street":{"number":2472,"name":"Green Lane West"},"city":"Invercargill","state":"Southland","country":"New Zealand","postcode":72603,"coordinates":{"latitude":"49.7870","longitude":"-79.0111"},"timezone":{"offset":"+4:30","description":"Kabul"}},"email":"louis.white@example.com","login":{"uuid":"ada355ab-4719-4f65-bb5a-2fbc9632f32d","username":"greenmouse268","password":"randolph","salt":"tCeM7Bu8","md5":"afca3a9bd8b720e530e2bc9008ddeb05","sha1":"1fc77e27a7addd3fba5c33c2cf4eb775942ee216","sha256":"9535b3b02c97e39f53a5bc8760487b25d7d468d9e9eb27131ba099623a8160cf"},"dob":{"date":"1998-12-28T00:02:30.226Z","age":25},"registered":{"date":"2016-03-27T04:38:11.329Z","age":8},"phone":"(541)-192-1872","cell":"(015)-014-4736","id":{"name":"","value":null},"picture":{"large":"https://randomuser.me/api/portraits/men/75.jpg","medium":"https://randomuser.me/api/portraits/med/men/75.jpg","thumbnail":"https://randomuser.me/api/portraits/thumb/men/75.jpg"},"nat":"NZ"}],"info":{"seed":"e398121de9b95799","results":1,"page":1,"version":"1.4"}} 
 </msg>
<msg time="2024-06-23T19:13:14.634889" level="INFO">/opt/hostedtoolcache/Python/3.12.4/x64/lib/python3.12/site-packages/urllib3/connectionpool.py:1099: InsecureRequestWarning: Unverified HTTPS request is being made to host 'randomuser.me'. Adding certificate verification is strongly advised. See: https://urllib3.readthedocs.io/en/latest/advanced-usage.html#tls-warnings
  warnings.warn(</msg>
<msg time="2024-06-23T19:13:14.635018" level="INFO">${response} = &lt;Response [200]&gt;</msg>
<var>${response}</var>
<arg>consultarAPI</arg>
<arg>/api</arg>
<doc>Sends a GET request on a previously created HTTP Session.</doc>
<status status="PASS" start="2024-06-23T19:13:14.535819" elapsed="0.099239"/>
</kw>
<kw name="Should Be Equal As Numbers" owner="BuiltIn">
<msg time="2024-06-23T19:13:14.636144" level="INFO">Argument types are:
&lt;class 'int'&gt;
&lt;class 'str'&gt;</msg>
<arg>${response.status_code}</arg>
<arg>200</arg>
<doc>Fails if objects are unequal after converting them to real numbers.</doc>
<status status="PASS" start="2024-06-23T19:13:14.635638" elapsed="0.000576"/>
</kw>
<kw name="Log" owner="BuiltIn">
<msg time="2024-06-23T19:13:14.636883" level="INFO">200</msg>
<arg>${response.status_code}</arg>
<doc>Logs the given message with the given level.</doc>
<status status="PASS" start="2024-06-23T19:13:14.636536" elapsed="0.000390"/>
</kw>
<kw name="Set Variable" owner="BuiltIn">
<msg time="2024-06-23T19:13:14.637664" level="INFO">${json_data} = {'results': [{'gender': 'male', 'name': {'title': 'Mr', 'first': 'Louis', 'last': 'White'}, 'location': {'street': {'number': 2472, 'name': 'Green Lane West'}, 'city': 'Invercargill', 'state': 'Southl...</msg>
<var>${json_data}</var>
<arg>${response.json()}</arg>
<doc>Returns the given values which can then be assigned to a variables.</doc>
<status status="PASS" start="2024-06-23T19:13:14.637230" elapsed="0.000463"/>
</kw>
<kw name="Dictionary Should Contain Key" owner="Collections">
<arg>${json_data}</arg>
<arg>results</arg>
<doc>Fails if ``key`` is not found from ``dictionary``.</doc>
<status status="PASS" start="2024-06-23T19:13:14.637997" elapsed="0.000173"/>
</kw>
<status status="PASS" start="2024-06-23T19:13:14.535572" elapsed="0.102746"/>
</kw>
<doc>Testa se a API responde corretamente e retorna um objeto JSON válido.</doc>
<tag>testeRequisicaoBasica</tag>
<status status="PASS" start="2024-06-23T19:13:14.535048" elapsed="0.103441"/>
</test>
<test id="s1-s1-t3" name="Validar estrutura de resposta" line="22">
<kw name="Teste de Estrutura de Resposta" owner="random-user-service">
<kw name="GET On Session" owner="RequestsLibrary">
<msg time="2024-06-23T19:13:14.740153" level="INFO">GET Request : url=https://randomuser.me/api 
 path_url=/api 
 headers={'User-Agent': 'python-requests/2.32.3', 'Accept-Encoding': 'gzip, deflate', 'Accept': '*/*', 'Connection': 'keep-alive'} 
 body=None 
 </msg>
<msg time="2024-06-23T19:13:14.740256" level="INFO">GET Response : url=https://randomuser.me/api 
 status=200, reason=OK 
 headers={'Date': 'Sun, 23 Jun 2024 19:13:14 GMT', 'Content-Type': 'application/json; charset=utf-8', 'Transfer-Encoding': 'chunked', 'Connection': 'keep-alive', 'X-Powered-By': 'Express', 'Access-Control-Allow-Origin': '*', 'Cache-Control': 'no-cache', 'ETag': 'W/"491-j9rGgtKM8WLj/rTJj/q88wA16C8"', 'Vary': 'Accept-Encoding', 'Content-Encoding': 'gzip', 'CF-Cache-Status': 'DYNAMIC', 'Report-To': '{"endpoints":[{"url":"https:\\/\\/a.nel.cloudflare.com\\/report\\/v4?s=1x1XhR1zMRMvpOead2%2Bd%2Bav%2FUo4M9atXjST9u2wju%2BF4u8%2BIwpwy5k0FPhQvxknCMeMaAhyx3B4q6nHAtP0cNOr%2BurgceNGFgn4OAdUmL58t%2BP9sH3jCtzYGoIFI6PIW"}],"group":"cf-nel","max_age":604800}', 'NEL': '{"success_fraction":0,"report_to":"cf-nel","max_age":604800}', 'Server': 'cloudflare', 'CF-RAY': '8986cb528f446368-ORD', 'alt-svc': 'h3=":443"; ma=86400'} 
 body={"results":[{"gender":"female","name":{"title":"Miss","first":"Olive","last":"Taylor"},"location":{"street":{"number":1339,"name":"Clark Avenue"},"city":"Masterton","state":"Otago","country":"New Zealand","postcode":19133,"coordinates":{"latitude":"53.0763","longitude":"52.5234"},"timezone":{"offset":"+11:00","description":"Magadan, Solomon Islands, New Caledonia"}},"email":"olive.taylor@example.com","login":{"uuid":"bb3f2269-1053-41c7-bfa6-3ce4df33ee55","username":"happyduck802","password":"pancake","salt":"cumdVB77","md5":"c6fdc817cf76ada8ec3d817559e0bbcc","sha1":"baef5821efe866aa80bc19a856ac9dc691fa03d1","sha256":"399685ab6b397eca9907d13685a905ec84bb4a78a6d8e48a1ff77a7d606ae1b8"},"dob":{"date":"1997-03-13T04:14:28.583Z","age":27},"registered":{"date":"2008-02-13T09:41:33.982Z","age":16},"phone":"(922)-893-3734","cell":"(048)-551-1520","id":{"name":"","value":null},"picture":{"large":"https://randomuser.me/api/portraits/women/79.jpg","medium":"https://randomuser.me/api/portraits/med/women/79.jpg","thumbnail":"https://randomuser.me/api/portraits/thumb/women/79.jpg"},"nat":"NZ"}],"info":{"seed":"8f742a6fdaf763b5","results":1,"page":1,"version":"1.4"}} 
 </msg>
<msg time="2024-06-23T19:13:14.740395" level="INFO">/opt/hostedtoolcache/Python/3.12.4/x64/lib/python3.12/site-packages/urllib3/connectionpool.py:1099: InsecureRequestWarning: Unverified HTTPS request is being made to host 'randomuser.me'. Adding certificate verification is strongly advised. See: https://urllib3.readthedocs.io/en/latest/advanced-usage.html#tls-warnings
  warnings.warn(</msg>
<msg time="2024-06-23T19:13:14.740552" level="INFO">${response} = &lt;Response [200]&gt;</msg>
<var>${response}</var>
<arg>consultarAPI</arg>
<arg>/api</arg>
<doc>Sends a GET request on a previously created HTTP Session.</doc>
<status status="PASS" start="2024-06-23T19:13:14.641155" elapsed="0.099446"/>
</kw>
<kw name="Set Variable" owner="BuiltIn">
<msg time="2024-06-23T19:13:14.741774" level="INFO">${json_data} = {'results': [{'gender': 'female', 'name': {'title': 'Miss', 'first': 'Olive', 'last': 'Taylor'}, 'location': {'street': {'number': 1339, 'name': 'Clark Avenue'}, 'city': 'Masterton', 'state': 'Otago',...</msg>
<var>${json_data}</var>
<arg>${response.json()}</arg>
<doc>Returns the given values which can then be assigned to a variables.</doc>
<status status="PASS" start="2024-06-23T19:13:14.741192" elapsed="0.000611"/>
</kw>
<kw name="Log" owner="BuiltIn">
<msg time="2024-06-23T19:13:14.742305" level="INFO">{'results': [{'gender': 'female', 'name': {'title': 'Miss', 'first': 'Olive', 'last': 'Taylor'}, 'location': {'street': {'number': 1339, 'name': 'Clark Avenue'}, 'city': 'Masterton', 'state': 'Otago', 'country': 'New Zealand', 'postcode': 19133, 'coordinates': {'latitude': '53.0763', 'longitude': '52.5234'}, 'timezone': {'offset': '+11:00', 'description': 'Magadan, Solomon Islands, New Caledonia'}}, 'email': 'olive.taylor@example.com', 'login': {'uuid': 'bb3f2269-1053-41c7-bfa6-3ce4df33ee55', 'username': 'happyduck802', 'password': 'pancake', 'salt': 'cumdVB77', 'md5': 'c6fdc817cf76ada8ec3d817559e0bbcc', 'sha1': 'baef5821efe866aa80bc19a856ac9dc691fa03d1', 'sha256': '399685ab6b397eca9907d13685a905ec84bb4a78a6d8e48a1ff77a7d606ae1b8'}, 'dob': {'date': '1997-03-13T04:14:28.583Z', 'age': 27}, 'registered': {'date': '2008-02-13T09:41:33.982Z', 'age': 16}, 'phone': '(922)-893-3734', 'cell': '(048)-551-1520', 'id': {'name': '', 'value': None}, 'picture': {'large': 'https://randomuser.me/api/portraits/women/79.jpg', 'medium': 'https://randomuser.me/api/portraits/med/women/79.jpg', 'thumbnail': 'https://randomuser.me/api/portraits/thumb/women/79.jpg'}, 'nat': 'NZ'}], 'info': {'seed': '8f742a6fdaf763b5', 'results': 1, 'page': 1, 'version': '1.4'}}</msg>
<arg>${json_data}</arg>
<doc>Logs the given message with the given level.</doc>
<status status="PASS" start="2024-06-23T19:13:14.742140" elapsed="0.000214"/>
</kw>
<kw name="Dictionary Should Contain Key" owner="Collections">
<arg>${json_data}</arg>
<arg>results</arg>
<doc>Fails if ``key`` is not found from ``dictionary``.</doc>
<status status="PASS" start="2024-06-23T19:13:14.742707" elapsed="0.000169"/>
</kw>
<kw name="Should Not Be Empty" owner="BuiltIn">
<msg time="2024-06-23T19:13:14.743189" level="INFO">Length is 2.</msg>
<arg>${json_data}</arg>
<doc>Verifies that the given item is not empty.</doc>
<status status="PASS" start="2024-06-23T19:13:14.743063" elapsed="0.000164"/>
</kw>
<kw name="Create List" owner="BuiltIn">
<msg time="2024-06-23T19:13:14.743836" level="INFO">${expected_keys} = ['gender', 'name', 'location', 'email', 'login']</msg>
<var>${expected_keys}</var>
<arg>gender</arg>
<arg>name</arg>
<arg>location</arg>
<arg>email</arg>
<arg>login</arg>
<doc>Returns a list containing given items.</doc>
<status status="PASS" start="2024-06-23T19:13:14.743522" elapsed="0.000339"/>
</kw>
<for flavor="IN">
<iter>
<kw name="Dictionary Should Contain Key" owner="Collections">
<arg>${json_data['results'][0]}</arg>
<arg>${key}</arg>
<doc>Fails if ``key`` is not found from ``dictionary``.</doc>
<status status="PASS" start="2024-06-23T19:13:14.744451" elapsed="0.000411"/>
</kw>
<kw name="Log" owner="BuiltIn">
<msg time="2024-06-23T19:13:14.745418" level="INFO">{'gender': 'female', 'name': {'title': 'Miss', 'first': 'Olive', 'last': 'Taylor'}, 'location': {'street': {'number': 1339, 'name': 'Clark Avenue'}, 'city': 'Masterton', 'state': 'Otago', 'country': 'New Zealand', 'postcode': 19133, 'coordinates': {'latitude': '53.0763', 'longitude': '52.5234'}, 'timezone': {'offset': '+11:00', 'description': 'Magadan, Solomon Islands, New Caledonia'}}, 'email': 'olive.taylor@example.com', 'login': {'uuid': 'bb3f2269-1053-41c7-bfa6-3ce4df33ee55', 'username': 'happyduck802', 'password': 'pancake', 'salt': 'cumdVB77', 'md5': 'c6fdc817cf76ada8ec3d817559e0bbcc', 'sha1': 'baef5821efe866aa80bc19a856ac9dc691fa03d1', 'sha256': '399685ab6b397eca9907d13685a905ec84bb4a78a6d8e48a1ff77a7d606ae1b8'}, 'dob': {'date': '1997-03-13T04:14:28.583Z', 'age': 27}, 'registered': {'date': '2008-02-13T09:41:33.982Z', 'age': 16}, 'phone': '(922)-893-3734', 'cell': '(048)-551-1520', 'id': {'name': '', 'value': None}, 'picture': {'large': 'https://randomuser.me/api/portraits/women/79.jpg', 'medium': 'https://randomuser.me/api/portraits/med/women/79.jpg', 'thumbnail': 'https://randomuser.me/api/portraits/thumb/women/79.jpg'}, 'nat': 'NZ'}</msg>
<arg>${json_data['results'][0]}</arg>
<doc>Logs the given message with the given level.</doc>
<status status="PASS" start="2024-06-23T19:13:14.745057" elapsed="0.000411"/>
</kw>
<kw name="Log" owner="BuiltIn">
<msg time="2024-06-23T19:13:14.745901" level="INFO">gender</msg>
<arg>${key}</arg>
<doc>Logs the given message with the given level.</doc>
<status status="PASS" start="2024-06-23T19:13:14.745775" elapsed="0.000163"/>
</kw>
<var name="${key}">gender</var>
<status status="PASS" start="2024-06-23T19:13:14.744326" elapsed="0.001828"/>
</iter>
<iter>
<kw name="Dictionary Should Contain Key" owner="Collections">
<arg>${json_data['results'][0]}</arg>
<arg>${key}</arg>
<doc>Fails if ``key`` is not found from ``dictionary``.</doc>
<status status="PASS" start="2024-06-23T19:13:14.746448" elapsed="0.000410"/>
</kw>
<kw name="Log" owner="BuiltIn">
<msg time="2024-06-23T19:13:14.747403" level="INFO">{'gender': 'female', 'name': {'title': 'Miss', 'first': 'Olive', 'last': 'Taylor'}, 'location': {'street': {'number': 1339, 'name': 'Clark Avenue'}, 'city': 'Masterton', 'state': 'Otago', 'country': 'New Zealand', 'postcode': 19133, 'coordinates': {'latitude': '53.0763', 'longitude': '52.5234'}, 'timezone': {'offset': '+11:00', 'description': 'Magadan, Solomon Islands, New Caledonia'}}, 'email': 'olive.taylor@example.com', 'login': {'uuid': 'bb3f2269-1053-41c7-bfa6-3ce4df33ee55', 'username': 'happyduck802', 'password': 'pancake', 'salt': 'cumdVB77', 'md5': 'c6fdc817cf76ada8ec3d817559e0bbcc', 'sha1': 'baef5821efe866aa80bc19a856ac9dc691fa03d1', 'sha256': '399685ab6b397eca9907d13685a905ec84bb4a78a6d8e48a1ff77a7d606ae1b8'}, 'dob': {'date': '1997-03-13T04:14:28.583Z', 'age': 27}, 'registered': {'date': '2008-02-13T09:41:33.982Z', 'age': 16}, 'phone': '(922)-893-3734', 'cell': '(048)-551-1520', 'id': {'name': '', 'value': None}, 'picture': {'large': 'https://randomuser.me/api/portraits/women/79.jpg', 'medium': 'https://randomuser.me/api/portraits/med/women/79.jpg', 'thumbnail': 'https://randomuser.me/api/portraits/thumb/women/79.jpg'}, 'nat': 'NZ'}</msg>
<arg>${json_data['results'][0]}</arg>
<doc>Logs the given message with the given level.</doc>
<status status="PASS" start="2024-06-23T19:13:14.747049" elapsed="0.000447"/>
</kw>
<kw name="Log" owner="BuiltIn">
<msg time="2024-06-23T19:13:14.747922" level="INFO">name</msg>
<arg>${key}</arg>
<doc>Logs the given message with the given level.</doc>
<status status="PASS" start="2024-06-23T19:13:14.747795" elapsed="0.000163"/>
</kw>
<var name="${key}">name</var>
<status status="PASS" start="2024-06-23T19:13:14.746338" elapsed="0.001836"/>
</iter>
<iter>
<kw name="Dictionary Should Contain Key" owner="Collections">
<arg>${json_data['results'][0]}</arg>
<arg>${key}</arg>
<doc>Fails if ``key`` is not found from ``dictionary``.</doc>
<status status="PASS" start="2024-06-23T19:13:14.748460" elapsed="0.000386"/>
</kw>
<kw name="Log" owner="BuiltIn">
<msg time="2024-06-23T19:13:14.749381" level="INFO">{'gender': 'female', 'name': {'title': 'Miss', 'first': 'Olive', 'last': 'Taylor'}, 'location': {'street': {'number': 1339, 'name': 'Clark Avenue'}, 'city': 'Masterton', 'state': 'Otago', 'country': 'New Zealand', 'postcode': 19133, 'coordinates': {'latitude': '53.0763', 'longitude': '52.5234'}, 'timezone': {'offset': '+11:00', 'description': 'Magadan, Solomon Islands, New Caledonia'}}, 'email': 'olive.taylor@example.com', 'login': {'uuid': 'bb3f2269-1053-41c7-bfa6-3ce4df33ee55', 'username': 'happyduck802', 'password': 'pancake', 'salt': 'cumdVB77', 'md5': 'c6fdc817cf76ada8ec3d817559e0bbcc', 'sha1': 'baef5821efe866aa80bc19a856ac9dc691fa03d1', 'sha256': '399685ab6b397eca9907d13685a905ec84bb4a78a6d8e48a1ff77a7d606ae1b8'}, 'dob': {'date': '1997-03-13T04:14:28.583Z', 'age': 27}, 'registered': {'date': '2008-02-13T09:41:33.982Z', 'age': 16}, 'phone': '(922)-893-3734', 'cell': '(048)-551-1520', 'id': {'name': '', 'value': None}, 'picture': {'large': 'https://randomuser.me/api/portraits/women/79.jpg', 'medium': 'https://randomuser.me/api/portraits/med/women/79.jpg', 'thumbnail': 'https://randomuser.me/api/portraits/thumb/women/79.jpg'}, 'nat': 'NZ'}</msg>
<arg>${json_data['results'][0]}</arg>
<doc>Logs the given message with the given level.</doc>
<status status="PASS" start="2024-06-23T19:13:14.749029" elapsed="0.000401"/>
</kw>
<kw name="Log" owner="BuiltIn">
<msg time="2024-06-23T19:13:14.749847" level="INFO">location</msg>
<arg>${key}</arg>
<doc>Logs the given message with the given level.</doc>
<status status="PASS" start="2024-06-23T19:13:14.749723" elapsed="0.000161"/>
</kw>
<var name="${key}">location</var>
<status status="PASS" start="2024-06-23T19:13:14.748351" elapsed="0.001747"/>
</iter>
<iter>
<kw name="Dictionary Should Contain Key" owner="Collections">
<arg>${json_data['results'][0]}</arg>
<arg>${key}</arg>
<doc>Fails if ``key`` is not found from ``dictionary``.</doc>
<status status="PASS" start="2024-06-23T19:13:14.750377" elapsed="0.000412"/>
</kw>
<kw name="Log" owner="BuiltIn">
<msg time="2024-06-23T19:13:14.751324" level="INFO">{'gender': 'female', 'name': {'title': 'Miss', 'first': 'Olive', 'last': 'Taylor'}, 'location': {'street': {'number': 1339, 'name': 'Clark Avenue'}, 'city': 'Masterton', 'state': 'Otago', 'country': 'New Zealand', 'postcode': 19133, 'coordinates': {'latitude': '53.0763', 'longitude': '52.5234'}, 'timezone': {'offset': '+11:00', 'description': 'Magadan, Solomon Islands, New Caledonia'}}, 'email': 'olive.taylor@example.com', 'login': {'uuid': 'bb3f2269-1053-41c7-bfa6-3ce4df33ee55', 'username': 'happyduck802', 'password': 'pancake', 'salt': 'cumdVB77', 'md5': 'c6fdc817cf76ada8ec3d817559e0bbcc', 'sha1': 'baef5821efe866aa80bc19a856ac9dc691fa03d1', 'sha256': '399685ab6b397eca9907d13685a905ec84bb4a78a6d8e48a1ff77a7d606ae1b8'}, 'dob': {'date': '1997-03-13T04:14:28.583Z', 'age': 27}, 'registered': {'date': '2008-02-13T09:41:33.982Z', 'age': 16}, 'phone': '(922)-893-3734', 'cell': '(048)-551-1520', 'id': {'name': '', 'value': None}, 'picture': {'large': 'https://randomuser.me/api/portraits/women/79.jpg', 'medium': 'https://randomuser.me/api/portraits/med/women/79.jpg', 'thumbnail': 'https://randomuser.me/api/portraits/thumb/women/79.jpg'}, 'nat': 'NZ'}</msg>
<arg>${json_data['results'][0]}</arg>
<doc>Logs the given message with the given level.</doc>
<status status="PASS" start="2024-06-23T19:13:14.750978" elapsed="0.000399"/>
</kw>
<kw name="Log" owner="BuiltIn">
<msg time="2024-06-23T19:13:14.751797" level="INFO">email</msg>
<arg>${key}</arg>
<doc>Logs the given message with the given level.</doc>
<status status="PASS" start="2024-06-23T19:13:14.751672" elapsed="0.000162"/>
</kw>
<var name="${key}">email</var>
<status status="PASS" start="2024-06-23T19:13:14.750270" elapsed="0.001779"/>
</iter>
<iter>
<kw name="Dictionary Should Contain Key" owner="Collections">
<arg>${json_data['results'][0]}</arg>
<arg>${key}</arg>
<doc>Fails if ``key`` is not found from ``dictionary``.</doc>
<status status="PASS" start="2024-06-23T19:13:14.752326" elapsed="0.000411"/>
</kw>
<kw name="Log" owner="BuiltIn">
<msg time="2024-06-23T19:13:14.753276" level="INFO">{'gender': 'female', 'name': {'title': 'Miss', 'first': 'Olive', 'last': 'Taylor'}, 'location': {'street': {'number': 1339, 'name': 'Clark Avenue'}, 'city': 'Masterton', 'state': 'Otago', 'country': 'New Zealand', 'postcode': 19133, 'coordinates': {'latitude': '53.0763', 'longitude': '52.5234'}, 'timezone': {'offset': '+11:00', 'description': 'Magadan, Solomon Islands, New Caledonia'}}, 'email': 'olive.taylor@example.com', 'login': {'uuid': 'bb3f2269-1053-41c7-bfa6-3ce4df33ee55', 'username': 'happyduck802', 'password': 'pancake', 'salt': 'cumdVB77', 'md5': 'c6fdc817cf76ada8ec3d817559e0bbcc', 'sha1': 'baef5821efe866aa80bc19a856ac9dc691fa03d1', 'sha256': '399685ab6b397eca9907d13685a905ec84bb4a78a6d8e48a1ff77a7d606ae1b8'}, 'dob': {'date': '1997-03-13T04:14:28.583Z', 'age': 27}, 'registered': {'date': '2008-02-13T09:41:33.982Z', 'age': 16}, 'phone': '(922)-893-3734', 'cell': '(048)-551-1520', 'id': {'name': '', 'value': None}, 'picture': {'large': 'https://randomuser.me/api/portraits/women/79.jpg', 'medium': 'https://randomuser.me/api/portraits/med/women/79.jpg', 'thumbnail': 'https://randomuser.me/api/portraits/thumb/women/79.jpg'}, 'nat': 'NZ'}</msg>
<arg>${json_data['results'][0]}</arg>
<doc>Logs the given message with the given level.</doc>
<status status="PASS" start="2024-06-23T19:13:14.752922" elapsed="0.000401"/>
</kw>
<kw name="Log" owner="BuiltIn">
<msg time="2024-06-23T19:13:14.753750" level="INFO">login</msg>
<arg>${key}</arg>
<doc>Logs the given message with the given level.</doc>
<status status="PASS" start="2024-06-23T19:13:14.753623" elapsed="0.000165"/>
</kw>
<var name="${key}">login</var>
<status status="PASS" start="2024-06-23T19:13:14.752220" elapsed="0.001800"/>
</iter>
<var>${key}</var>
<value>@{expected_keys}</value>
<status status="PASS" start="2024-06-23T19:13:14.744128" elapsed="0.010011"/>
</for>
<kw name="Create List" owner="BuiltIn">
<msg time="2024-06-23T19:13:14.754461" level="INFO">${expected_keysTwo} = ['username', 'password']</msg>
<var>${expected_keysTwo}</var>
<arg>username</arg>
<arg>password</arg>
<doc>Returns a list containing given items.</doc>
<status status="PASS" start="2024-06-23T19:13:14.754328" elapsed="0.000215"/>
</kw>
<for flavor="IN">
<iter>
<kw name="Dictionary Should Contain Key" owner="Collections">
<arg>${json_data['results'][0]['login']}</arg>
<arg>${keyTwo}</arg>
<doc>Fails if ``key`` is not found from ``dictionary``.</doc>
<status status="PASS" start="2024-06-23T19:13:14.755069" elapsed="0.000388"/>
</kw>
<kw name="Dictionary Should Contain Key" owner="Collections">
<arg>${json_data['results'][0]['login']}</arg>
<arg>${keyTwo}</arg>
<doc>Fails if ``key`` is not found from ``dictionary``.</doc>
<status status="PASS" start="2024-06-23T19:13:14.755645" elapsed="0.000370"/>
</kw>
<kw name="Log" owner="BuiltIn">
<msg time="2024-06-23T19:13:14.756311" level="INFO">username</msg>
<arg>${keyTwo}</arg>
<doc>Logs the given message with the given level.</doc>
<status status="PASS" start="2024-06-23T19:13:14.756193" elapsed="0.000155"/>
</kw>
<var name="${keyTwo}">username</var>
<status status="PASS" start="2024-06-23T19:13:14.754962" elapsed="0.001610"/>
</iter>
<iter>
<kw name="Dictionary Should Contain Key" owner="Collections">
<arg>${json_data['results'][0]['login']}</arg>
<arg>${keyTwo}</arg>
<doc>Fails if ``key`` is not found from ``dictionary``.</doc>
<status status="PASS" start="2024-06-23T19:13:14.756846" elapsed="0.000383"/>
</kw>
<kw name="Dictionary Should Contain Key" owner="Collections">
<arg>${json_data['results'][0]['login']}</arg>
<arg>${keyTwo}</arg>
<doc>Fails if ``key`` is not found from ``dictionary``.</doc>
<status status="PASS" start="2024-06-23T19:13:14.757409" elapsed="0.000380"/>
</kw>
<kw name="Log" owner="BuiltIn">
<msg time="2024-06-23T19:13:14.758085" level="INFO">password</msg>
<arg>${keyTwo}</arg>
<doc>Logs the given message with the given level.</doc>
<status status="PASS" start="2024-06-23T19:13:14.757966" elapsed="0.000155"/>
</kw>
<var name="${keyTwo}">password</var>
<status status="PASS" start="2024-06-23T19:13:14.756741" elapsed="0.001692"/>
</iter>
<var>${keyTwo}</var>
<value>@{expected_keysTwo}</value>
<status status="PASS" start="2024-06-23T19:13:14.754807" elapsed="0.003784"/>
</for>
<status status="PASS" start="2024-06-23T19:13:14.640923" elapsed="0.117811"/>
</kw>
<doc>Testa a estrutura da resposta da API.</doc>
<tag>testeEstruturaResposta</tag>
<status status="PASS" start="2024-06-23T19:13:14.640345" elapsed="0.118543"/>
</test>
<test id="s1-s1-t4" name="Validar tipos de dados" line="28">
<kw name="Teste de Tipos de Dados" owner="random-user-service">
<kw name="GET On Session" owner="RequestsLibrary">
<msg time="2024-06-23T19:13:14.837514" level="INFO">GET Request : url=https://randomuser.me/api 
 path_url=/api 
 headers={'User-Agent': 'python-requests/2.32.3', 'Accept-Encoding': 'gzip, deflate', 'Accept': '*/*', 'Connection': 'keep-alive'} 
 body=None 
 </msg>
<msg time="2024-06-23T19:13:14.837608" level="INFO">GET Response : url=https://randomuser.me/api 
 status=200, reason=OK 
 headers={'Date': 'Sun, 23 Jun 2024 19:13:14 GMT', 'Content-Type': 'application/json; charset=utf-8', 'Transfer-Encoding': 'chunked', 'Connection': 'keep-alive', 'X-Powered-By': 'Express', 'Access-Control-Allow-Origin': '*', 'Cache-Control': 'no-cache', 'ETag': 'W/"478-u/m1MnJ3YatQaUe1eUsWgumJuD4"', 'Vary': 'Accept-Encoding', 'Content-Encoding': 'gzip', 'CF-Cache-Status': 'DYNAMIC', 'Report-To': '{"endpoints":[{"url":"https:\\/\\/a.nel.cloudflare.com\\/report\\/v4?s=BrdaU0q5BgKCXn2aWY3yN7VFmBSJLs6LB1MSEu3JY%2BsV3G6kDghXh85d7CkWLNYfqGKSOVPZ7PODUUuNQ5uMxiwcOccnSiZ9jQs%2BXuAypx8ST6c9OgU4z5%2FeSck8Xihk"}],"group":"cf-nel","max_age":604800}', 'NEL': '{"success_fraction":0,"report_to":"cf-nel","max_age":604800}', 'Server': 'cloudflare', 'CF-RAY': '8986cb5348006368-ORD', 'alt-svc': 'h3=":443"; ma=86400'} 
 body={"results":[{"gender":"male","name":{"title":"Mr","first":"Gerwin","last":"Kahle"},"location":{"street":{"number":8995,"name":"Drosselweg"},"city":"Karlsruhe","state":"Brandenburg","country":"Germany","postcode":18552,"coordinates":{"latitude":"-49.0485","longitude":"-32.7839"},"timezone":{"offset":"-2:00","description":"Mid-Atlantic"}},"email":"gerwin.kahle@example.com","login":{"uuid":"566e3631-b23e-4193-9040-976af1571259","username":"crazybird655","password":"66666","salt":"Tio6fMoh","md5":"34516f525325b3b4405303e9dbffa37d","sha1":"2f10c06802f9700e0f95429bb17ea235c9bf35da","sha256":"ab6679a206f8c64a7418bd100d9d23f996064131ae9fba711015f75852773af2"},"dob":{"date":"1969-11-08T22:07:44.802Z","age":54},"registered":{"date":"2010-08-08T02:33:57.911Z","age":13},"phone":"0913-4113645","cell":"0178-6015416","id":{"name":"SVNR","value":"58 081169 K 080"},"picture":{"large":"https://randomuser.me/api/portraits/men/62.jpg","medium":"https://randomuser.me/api/portraits/med/men/62.jpg","thumbnail":"https://randomuser.me/api/portraits/thumb/men/62.jpg"},"nat":"DE"}],"info":{"seed":"6f33cb5f3192eeb2","results":1,"page":1,"version":"1.4"}} 
 </msg>
<msg time="2024-06-23T19:13:14.837685" level="INFO">/opt/hostedtoolcache/Python/3.12.4/x64/lib/python3.12/site-packages/urllib3/connectionpool.py:1099: InsecureRequestWarning: Unverified HTTPS request is being made to host 'randomuser.me'. Adding certificate verification is strongly advised. See: https://urllib3.readthedocs.io/en/latest/advanced-usage.html#tls-warnings
  warnings.warn(</msg>
<msg time="2024-06-23T19:13:14.837816" level="INFO">${response} = &lt;Response [200]&gt;</msg>
<var>${response}</var>
<arg>consultarAPI</arg>
<arg>/api</arg>
<doc>Sends a GET request on a previously created HTTP Session.</doc>
<status status="PASS" start="2024-06-23T19:13:14.761469" elapsed="0.076395"/>
</kw>
<kw name="Set Variable" owner="BuiltIn">
<msg time="2024-06-23T19:13:14.839045" level="INFO">${json_data} = {'results': [{'gender': 'male', 'name': {'title': 'Mr', 'first': 'Gerwin', 'last': 'Kahle'}, 'location': {'street': {'number': 8995, 'name': 'Drosselweg'}, 'city': 'Karlsruhe', 'state': 'Brandenburg',...</msg>
<var>${json_data}</var>
<arg>${response.json()}</arg>
<doc>Returns the given values which can then be assigned to a variables.</doc>
<status status="PASS" start="2024-06-23T19:13:14.838446" elapsed="0.000631"/>
</kw>
<kw name="Log" owner="BuiltIn">
<msg time="2024-06-23T19:13:14.839566" level="INFO">{'results': [{'gender': 'male', 'name': {'title': 'Mr', 'first': 'Gerwin', 'last': 'Kahle'}, 'location': {'street': {'number': 8995, 'name': 'Drosselweg'}, 'city': 'Karlsruhe', 'state': 'Brandenburg', 'country': 'Germany', 'postcode': 18552, 'coordinates': {'latitude': '-49.0485', 'longitude': '-32.7839'}, 'timezone': {'offset': '-2:00', 'description': 'Mid-Atlantic'}}, 'email': 'gerwin.kahle@example.com', 'login': {'uuid': '566e3631-b23e-4193-9040-976af1571259', 'username': 'crazybird655', 'password': '66666', 'salt': 'Tio6fMoh', 'md5': '34516f525325b3b4405303e9dbffa37d', 'sha1': '2f10c06802f9700e0f95429bb17ea235c9bf35da', 'sha256': 'ab6679a206f8c64a7418bd100d9d23f996064131ae9fba711015f75852773af2'}, 'dob': {'date': '1969-11-08T22:07:44.802Z', 'age': 54}, 'registered': {'date': '2010-08-08T02:33:57.911Z', 'age': 13}, 'phone': '0913-4113645', 'cell': '0178-6015416', 'id': {'name': 'SVNR', 'value': '58 081169 K 080'}, 'picture': {'large': 'https://randomuser.me/api/portraits/men/62.jpg', 'medium': 'https://randomuser.me/api/portraits/med/men/62.jpg', 'thumbnail': 'https://randomuser.me/api/portraits/thumb/men/62.jpg'}, 'nat': 'DE'}], 'info': {'seed': '6f33cb5f3192eeb2', 'results': 1, 'page': 1, 'version': '1.4'}}</msg>
<arg>${json_data}</arg>
<doc>Logs the given message with the given level.</doc>
<status status="PASS" start="2024-06-23T19:13:14.839408" elapsed="0.000205"/>
</kw>
<kw name="Should Be String" owner="String">
<arg>${json_data['results'][0]['gender']}</arg>
<doc>Fails if the given ``item`` is not a string.</doc>
<status status="PASS" start="2024-06-23T19:13:14.839908" elapsed="0.000383"/>
</kw>
<kw name="Should Match Regexp" owner="BuiltIn">
<arg>${json_data['results'][0]['email']}</arg>
<arg>^[a-zA-Z0-9._%+-]+@[a-zA-Z0-9.-]+\.[a-zA-Z]{2,}$</arg>
<doc>Fails if ``string`` does not match ``pattern`` as a regular expression.</doc>
<status status="PASS" start="2024-06-23T19:13:14.840483" elapsed="0.000523"/>
</kw>
<kw name="Should Match Regexp" owner="BuiltIn">
<arg>${json_data['results'][0]['dob']['date']}</arg>
<arg>\\d{4}-\\d{2}-\\d{2}T\\d{2}:\\d{2}:\\d{2}\\.\\d{3}Z</arg>
<doc>Fails if ``string`` does not match ``pattern`` as a regular expression.</doc>
<status status="PASS" start="2024-06-23T19:13:14.841240" elapsed="0.000494"/>
</kw>
<kw name="Should Match Regexp" owner="BuiltIn">
<arg>${json_data['results'][0]['registered']['date']}</arg>
<arg>\\d{4}-\\d{2}-\\d{2}T\\d{2}:\\d{2}:\\d{2}\\.\\d{3}Z</arg>
<doc>Fails if ``string`` does not match ``pattern`` as a regular expression.</doc>
<status status="PASS" start="2024-06-23T19:13:14.841927" elapsed="0.000368"/>
</kw>
<kw name="Should Match Regexp" owner="BuiltIn">
<arg>${json_data['results'][0]['picture']['large']}</arg>
<arg>^https?://.*\.(?:png|jpe?g|gif|bmp)$</arg>
<doc>Fails if ``string`` does not match ``pattern`` as a regular expression.</doc>
<status status="PASS" start="2024-06-23T19:13:14.842481" elapsed="0.000507"/>
</kw>
<kw name="Should Match Regexp" owner="BuiltIn">
<arg>${json_data['results'][0]['picture']['medium']}</arg>
<arg>^https?://.*\.(?:png|jpe?g|gif|bmp)$</arg>
<doc>Fails if ``string`` does not match ``pattern`` as a regular expression.</doc>
<status status="PASS" start="2024-06-23T19:13:14.843178" elapsed="0.000355"/>
</kw>
<kw name="Should Match Regexp" owner="BuiltIn">
<arg>${json_data['results'][0]['picture']['thumbnail']}</arg>
<arg>^https?://.*\.(?:png|jpe?g|gif|bmp)$</arg>
<doc>Fails if ``string`` does not match ``pattern`` as a regular expression.</doc>
<status status="PASS" start="2024-06-23T19:13:14.843719" elapsed="0.000347"/>
</kw>
<kw name="Log" owner="BuiltIn">
<msg time="2024-06-23T19:13:14.844569" level="INFO">{'large': 'https://randomuser.me/api/portraits/men/62.jpg', 'medium': 'https://randomuser.me/api/portraits/med/men/62.jpg', 'thumbnail': 'https://randomuser.me/api/portraits/thumb/men/62.jpg'}</msg>
<arg>${json_data['results'][0]['picture']}</arg>
<doc>Logs the given message with the given level.</doc>
<status status="PASS" start="2024-06-23T19:13:14.844246" elapsed="0.000365"/>
</kw>
<status status="PASS" start="2024-06-23T19:13:14.761238" elapsed="0.083638"/>
</kw>
<kw name="Teste de Tipos de Dados - Postcode" owner="random-user-service">
<kw name="GET On Session" owner="RequestsLibrary">
<msg time="2024-06-23T19:13:14.937786" level="INFO">GET Request : url=https://randomuser.me/api 
 path_url=/api 
 headers={'User-Agent': 'python-requests/2.32.3', 'Accept-Encoding': 'gzip, deflate', 'Accept': '*/*', 'Connection': 'keep-alive'} 
 body=None 
 </msg>
<msg time="2024-06-23T19:13:14.937863" level="INFO">GET Response : url=https://randomuser.me/api 
 status=200, reason=OK 
 headers={'Date': 'Sun, 23 Jun 2024 19:13:14 GMT', 'Content-Type': 'application/json; charset=utf-8', 'Transfer-Encoding': 'chunked', 'Connection': 'keep-alive', 'X-Powered-By': 'Express', 'Access-Control-Allow-Origin': '*', 'Cache-Control': 'no-cache', 'ETag': 'W/"47f-ic0EXStd5AEXrTJVpfpBhkXxIck"', 'Vary': 'Accept-Encoding', 'Content-Encoding': 'gzip', 'CF-Cache-Status': 'DYNAMIC', 'Report-To': '{"endpoints":[{"url":"https:\\/\\/a.nel.cloudflare.com\\/report\\/v4?s=7zKYqZfMsIc2ydTTo7XmSSMKng6W3X7qNVDTtT1kPzyd9pWlMCUan96SGo22Qi8RYfCHCUoi3%2BKK0TQ6is76Cii7bycE6A9KDFyVYOgpyRbSJAFlyNtHty2fs7NGGM7u"}],"group":"cf-nel","max_age":604800}', 'NEL': '{"success_fraction":0,"report_to":"cf-nel","max_age":604800}', 'Server': 'cloudflare', 'CF-RAY': '8986cb53c86a6368-ORD', 'alt-svc': 'h3=":443"; ma=86400'} 
 body={"results":[{"gender":"female","name":{"title":"Mrs","first":"Geetha","last":"Chatterjee"},"location":{"street":{"number":7157,"name":"Vellala St"},"city":"Raipur","state":"Maharashtra","country":"India","postcode":22451,"coordinates":{"latitude":"12.7535","longitude":"140.4716"},"timezone":{"offset":"-3:30","description":"Newfoundland"}},"email":"geetha.chatterjee@example.com","login":{"uuid":"3355bfc9-2035-46d8-b3a2-f8c5097814f6","username":"blackzebra598","password":"pancake","salt":"bmvB1Iop","md5":"a08a4985bd426543ba2a1e144bbe8678","sha1":"f9250d70f709f95669111b875dcb3f0680842c81","sha256":"9e2b4807e2322e93211cb5b98eedf04705bd552f4b46b3a4d3439dd1febb5c6f"},"dob":{"date":"1990-02-02T14:40:31.833Z","age":34},"registered":{"date":"2008-12-27T10:59:11.712Z","age":15},"phone":"8451294530","cell":"8113353129","id":{"name":"UIDAI","value":"910084297185"},"picture":{"large":"https://randomuser.me/api/portraits/women/3.jpg","medium":"https://randomuser.me/api/portraits/med/women/3.jpg","thumbnail":"https://randomuser.me/api/portraits/thumb/women/3.jpg"},"nat":"IN"}],"info":{"seed":"f7124a766cdd5e44","results":1,"page":1,"version":"1.4"}} 
 </msg>
<msg time="2024-06-23T19:13:14.937934" level="INFO">/opt/hostedtoolcache/Python/3.12.4/x64/lib/python3.12/site-packages/urllib3/connectionpool.py:1099: InsecureRequestWarning: Unverified HTTPS request is being made to host 'randomuser.me'. Adding certificate verification is strongly advised. See: https://urllib3.readthedocs.io/en/latest/advanced-usage.html#tls-warnings
  warnings.warn(</msg>
<msg time="2024-06-23T19:13:14.938047" level="INFO">${response} = &lt;Response [200]&gt;</msg>
<var>${response}</var>
<arg>consultarAPI</arg>
<arg>/api</arg>
<doc>Sends a GET request on a previously created HTTP Session.</doc>
<status status="PASS" start="2024-06-23T19:13:14.845315" elapsed="0.092781"/>
</kw>
<kw name="Set Variable" owner="BuiltIn">
<msg time="2024-06-23T19:13:14.939187" level="INFO">${json_data} = {'results': [{'gender': 'female', 'name': {'title': 'Mrs', 'first': 'Geetha', 'last': 'Chatterjee'}, 'location': {'street': {'number': 7157, 'name': 'Vellala St'}, 'city': 'Raipur', 'state': 'Maharash...</msg>
<var>${json_data}</var>
<arg>${response.json()}</arg>
<doc>Returns the given values which can then be assigned to a variables.</doc>
<status status="PASS" start="2024-06-23T19:13:14.938608" elapsed="0.000608"/>
</kw>
<kw name="Log" owner="BuiltIn">
<msg time="2024-06-23T19:13:14.939672" level="INFO">{'results': [{'gender': 'female', 'name': {'title': 'Mrs', 'first': 'Geetha', 'last': 'Chatterjee'}, 'location': {'street': {'number': 7157, 'name': 'Vellala St'}, 'city': 'Raipur', 'state': 'Maharashtra', 'country': 'India', 'postcode': 22451, 'coordinates': {'latitude': '12.7535', 'longitude': '140.4716'}, 'timezone': {'offset': '-3:30', 'description': 'Newfoundland'}}, 'email': 'geetha.chatterjee@example.com', 'login': {'uuid': '3355bfc9-2035-46d8-b3a2-f8c5097814f6', 'username': 'blackzebra598', 'password': 'pancake', 'salt': 'bmvB1Iop', 'md5': 'a08a4985bd426543ba2a1e144bbe8678', 'sha1': 'f9250d70f709f95669111b875dcb3f0680842c81', 'sha256': '9e2b4807e2322e93211cb5b98eedf04705bd552f4b46b3a4d3439dd1febb5c6f'}, 'dob': {'date': '1990-02-02T14:40:31.833Z', 'age': 34}, 'registered': {'date': '2008-12-27T10:59:11.712Z', 'age': 15}, 'phone': '8451294530', 'cell': '8113353129', 'id': {'name': 'UIDAI', 'value': '910084297185'}, 'picture': {'large': 'https://randomuser.me/api/portraits/women/3.jpg', 'medium': 'https://randomuser.me/api/portraits/med/women/3.jpg', 'thumbnail': 'https://randomuser.me/api/portraits/thumb/women/3.jpg'}, 'nat': 'IN'}], 'info': {'seed': 'f7124a766cdd5e44', 'results': 1, 'page': 1, 'version': '1.4'}}</msg>
<arg>${json_data}</arg>
<doc>Logs the given message with the given level.</doc>
<status status="PASS" start="2024-06-23T19:13:14.939521" elapsed="0.000224"/>
</kw>
<kw name="Should Be Equal As Numbers" owner="BuiltIn">
<arg>${json_data['results'][0]['location']['postcode']}</arg>
<arg>${json_data['results'][0]['location']['postcode']}</arg>
<doc>Fails if objects are unequal after converting them to real numbers.</doc>
<status status="PASS" start="2024-06-23T19:13:14.940087" elapsed="0.000637"/>
</kw>
<kw name="Log" owner="BuiltIn">
<msg time="2024-06-23T19:13:14.941384" level="INFO">22451</msg>
<arg>${json_data['results'][0]['location']['postcode']}</arg>
<doc>Logs the given message with the given level.</doc>
<status status="PASS" start="2024-06-23T19:13:14.940913" elapsed="0.000513"/>
</kw>
<status status="PASS" start="2024-06-23T19:13:14.845095" elapsed="0.096615"/>
</kw>
<doc>Testa se os tipos de dados na resposta da API estão corretos.</doc>
<tag>testeTiposDados</tag>
<status status="PASS" start="2024-06-23T19:13:14.760666" elapsed="0.181212"/>
</test>
<test id="s1-s1-t5" name="Validar conteudo" line="35">
<kw name="Teste de Tipos de Conteudo" owner="random-user-service">
<kw name="GET On Session" owner="RequestsLibrary">
<msg time="2024-06-23T19:13:15.067896" level="INFO">GET Request : url=https://randomuser.me/api 
 path_url=/api 
 headers={'User-Agent': 'python-requests/2.32.3', 'Accept-Encoding': 'gzip, deflate', 'Accept': '*/*', 'Connection': 'keep-alive'} 
 body=None 
 </msg>
<msg time="2024-06-23T19:13:15.067995" level="INFO">GET Response : url=https://randomuser.me/api 
 status=200, reason=OK 
 headers={'Date': 'Sun, 23 Jun 2024 19:13:15 GMT', 'Content-Type': 'application/json; charset=utf-8', 'Transfer-Encoding': 'chunked', 'Connection': 'keep-alive', 'X-Powered-By': 'Express', 'Access-Control-Allow-Origin': '*', 'Cache-Control': 'no-cache', 'ETag': 'W/"482-DFqOiEZdv/hyvtXOjaAeGIW0JpE"', 'Vary': 'Accept-Encoding', 'Content-Encoding': 'gzip', 'CF-Cache-Status': 'DYNAMIC', 'Report-To': '{"endpoints":[{"url":"https:\\/\\/a.nel.cloudflare.com\\/report\\/v4?s=1%2B3j2UArlptlwqoWweTMoKScbSQ%2FLoIx2s5vCh4ach3BwpV7RNpSN6%2BdlwAMVboO4n1KAPguhCGX6OwVQuuO8UBHjrBc%2BgakPaKVU%2FZqLKxbipPDzQbP0aqVfRTL2%2FMk"}],"group":"cf-nel","max_age":604800}', 'NEL': '{"success_fraction":0,"report_to":"cf-nel","max_age":604800}', 'Server': 'cloudflare', 'CF-RAY': '8986cb5469186368-ORD', 'alt-svc': 'h3=":443"; ma=86400'} 
 body={"results":[{"gender":"male","name":{"title":"Mr","first":"Mathew","last":"Wilson"},"location":{"street":{"number":5599,"name":"Eason Rd"},"city":"El Monte","state":"Oregon","country":"United States","postcode":31954,"coordinates":{"latitude":"83.9050","longitude":"-22.2658"},"timezone":{"offset":"-12:00","description":"Eniwetok, Kwajalein"}},"email":"mathew.wilson@example.com","login":{"uuid":"af0834b3-c426-488e-b5b9-168bac8d838a","username":"sadmeercat194","password":"electron","salt":"WqiAFI4R","md5":"b1e7c3de4ab3e70433fd2410413e3d6c","sha1":"5ac606ea3c623eb72625a7972221e87f73da0c73","sha256":"6029bea8247415f1c49827c0b75d0d9ca7c9f3b6fc0311d7c1175f4456fd5f0f"},"dob":{"date":"1968-04-18T02:59:58.524Z","age":56},"registered":{"date":"2012-09-27T18:06:59.506Z","age":11},"phone":"(775) 852-5653","cell":"(885) 599-4237","id":{"name":"SSN","value":"723-67-1474"},"picture":{"large":"https://randomuser.me/api/portraits/men/74.jpg","medium":"https://randomuser.me/api/portraits/med/men/74.jpg","thumbnail":"https://randomuser.me/api/portraits/thumb/men/74.jpg"},"nat":"US"}],"info":{"seed":"15b7486a1973248e","results":1,"page":1,"version":"1.4"}} 
 </msg>
<msg time="2024-06-23T19:13:15.068068" level="INFO">/opt/hostedtoolcache/Python/3.12.4/x64/lib/python3.12/site-packages/urllib3/connectionpool.py:1099: InsecureRequestWarning: Unverified HTTPS request is being made to host 'randomuser.me'. Adding certificate verification is strongly advised. See: https://urllib3.readthedocs.io/en/latest/advanced-usage.html#tls-warnings
  warnings.warn(</msg>
<msg time="2024-06-23T19:13:15.068188" level="INFO">${response} = &lt;Response [200]&gt;</msg>
<var>${response}</var>
<arg>consultarAPI</arg>
<arg>/api</arg>
<doc>Sends a GET request on a previously created HTTP Session.</doc>
<status status="PASS" start="2024-06-23T19:13:14.944475" elapsed="0.123752"/>
</kw>
<kw name="Set Variable" owner="BuiltIn">
<msg time="2024-06-23T19:13:15.069506" level="INFO">${json_data} = {'results': [{'gender': 'male', 'name': {'title': 'Mr', 'first': 'Mathew', 'last': 'Wilson'}, 'location': {'street': {'number': 5599, 'name': 'Eason Rd'}, 'city': 'El Monte', 'state': 'Oregon', 'count...</msg>
<var>${json_data}</var>
<arg>${response.json()}</arg>
<doc>Returns the given values which can then be assigned to a variables.</doc>
<status status="PASS" start="2024-06-23T19:13:15.068890" elapsed="0.000644"/>
</kw>
<kw name="Set Variable" owner="BuiltIn">
<msg time="2024-06-23T19:13:15.070223" level="INFO">${name_title} = Mr</msg>
<var>${name_title}</var>
<arg>${json_data["results"][0]["name"]["title"]}</arg>
<doc>Returns the given values which can then be assigned to a variables.</doc>
<status status="PASS" start="2024-06-23T19:13:15.069844" elapsed="0.000404"/>
</kw>
<kw name="Create List" owner="BuiltIn">
<msg time="2024-06-23T19:13:15.070741" level="INFO">${allowed_titles} = ['Mr', 'Ms', 'Miss', 'Mrs', 'Madame', 'Monsieur']</msg>
<var>${allowed_titles}</var>
<arg>Mr</arg>
<arg>Ms</arg>
<arg>Miss</arg>
<arg>Mrs</arg>
<arg>Madame</arg>
<arg>Monsieur</arg>
<doc>Returns a list containing given items.</doc>
<status status="PASS" start="2024-06-23T19:13:15.070582" elapsed="0.000182"/>
</kw>
<kw name="List Should Contain Value" owner="Collections">
<arg>${allowed_titles}</arg>
<arg>${name_title}</arg>
<doc>Fails if the ``value`` is not found from ``list``.</doc>
<status status="PASS" start="2024-06-23T19:13:15.071075" elapsed="0.000174"/>
</kw>
<kw name="Set Variable" owner="BuiltIn">
<msg time="2024-06-23T19:13:15.071794" level="INFO">${name_country} = US</msg>
<var>${name_country}</var>
<arg>${json_data["results"][0]["nat"]}</arg>
<doc>Returns the given values which can then be assigned to a variables.</doc>
<status status="PASS" start="2024-06-23T19:13:15.071426" elapsed="0.000393"/>
</kw>
<kw name="Create List" owner="BuiltIn">
<msg time="2024-06-23T19:13:15.072707" level="INFO">${list_country} = ['AD', 'AE', 'AF', 'AG', 'AI', 'AL', 'AM', 'AO', 'AQ', 'AR', 'AS', 'AT', 'AU', 'AW', 'AX', 'AZ', 'BA', 'BB', 'BD', 'BE', 'BF', 'BG', 'BH', 'BI', 'BJ', 'BL', 'BM', 'BN', 'BO', 'BQ', 'BR', 'BS', 'BT', '...</msg>
<var>${list_country}</var>
<arg>AD</arg>
<arg>AE</arg>
<arg>AF</arg>
<arg>AG</arg>
<arg>AI</arg>
<arg>AL</arg>
<arg>AM</arg>
<arg>AO</arg>
<arg>AQ</arg>
<arg>AR</arg>
<arg>AS</arg>
<arg>AT</arg>
<arg>AU</arg>
<arg>AW</arg>
<arg>AX</arg>
<arg>AZ</arg>
<arg>BA</arg>
<arg>BB</arg>
<arg>BD</arg>
<arg>BE</arg>
<arg>BF</arg>
<arg>BG</arg>
<arg>BH</arg>
<arg>BI</arg>
<arg>BJ</arg>
<arg>BL</arg>
<arg>BM</arg>
<arg>BN</arg>
<arg>BO</arg>
<arg>BQ</arg>
<arg>BR</arg>
<arg>BS</arg>
<arg>BT</arg>
<arg>BV</arg>
<arg>BW</arg>
<arg>BY</arg>
<arg>BZ</arg>
<arg>CA</arg>
<arg>CC</arg>
<arg>CD</arg>
<arg>CF</arg>
<arg>CG</arg>
<arg>CH</arg>
<arg>CI</arg>
<arg>CK</arg>
<arg>CL</arg>
<arg>CM</arg>
<arg>CN</arg>
<arg>CO</arg>
<arg>CR</arg>
<arg>CU</arg>
<arg>CV</arg>
<arg>CW</arg>
<arg>CX</arg>
<arg>CY</arg>
<arg>CZ</arg>
<arg>DE</arg>
<arg>DJ</arg>
<arg>DK</arg>
<arg>DM</arg>
<arg>DO</arg>
<arg>DZ</arg>
<arg>EC</arg>
<arg>EE</arg>
<arg>EG</arg>
<arg>EH</arg>
<arg>ER</arg>
<arg>ES</arg>
<arg>ET</arg>
<arg>FI</arg>
<arg>FJ</arg>
<arg>FK</arg>
<arg>FM</arg>
<arg>FO</arg>
<arg>FR</arg>
<arg>GA</arg>
<arg>GB</arg>
<arg>GD</arg>
<arg>GE</arg>
<arg>GF</arg>
<arg>GG</arg>
<arg>GH</arg>
<arg>GI</arg>
<arg>GL</arg>
<arg>GM</arg>
<arg>GN</arg>
<arg>GP</arg>
<arg>GQ</arg>
<arg>GR</arg>
<arg>GS</arg>
<arg>GT</arg>
<arg>GU</arg>
<arg>GW</arg>
<arg>GY</arg>
<arg>HK</arg>
<arg>HM</arg>
<arg>HN</arg>
<arg>HR</arg>
<arg>HT</arg>
<arg>HU</arg>
<arg>ID</arg>
<arg>IE</arg>
<arg>IL</arg>
<arg>IM</arg>
<arg>IN</arg>
<arg>IO</arg>
<arg>IQ</arg>
<arg>IR</arg>
<arg>IS</arg>
<arg>IT</arg>
<arg>JE</arg>
<arg>JM</arg>
<arg>JO</arg>
<arg>JP</arg>
<arg>KE</arg>
<arg>KG</arg>
<arg>KH</arg>
<arg>KI</arg>
<arg>KM</arg>
<arg>KN</arg>
<arg>KP</arg>
<arg>KR</arg>
<arg>KW</arg>
<arg>KY</arg>
<arg>KZ</arg>
<arg>LA</arg>
<arg>LB</arg>
<arg>LC</arg>
<arg>LI</arg>
<arg>LK</arg>
<arg>LR</arg>
<arg>LS</arg>
<arg>LT</arg>
<arg>LU</arg>
<arg>LV</arg>
<arg>LY</arg>
<arg>MA</arg>
<arg>MC</arg>
<arg>MD</arg>
<arg>ME</arg>
<arg>MF</arg>
<arg>MG</arg>
<arg>MH</arg>
<arg>MK</arg>
<arg>ML</arg>
<arg>MM</arg>
<arg>MN</arg>
<arg>MO</arg>
<arg>MP</arg>
<arg>MQ</arg>
<arg>MR</arg>
<arg>MS</arg>
<arg>MT</arg>
<arg>MU</arg>
<arg>MV</arg>
<arg>MW</arg>
<arg>MX</arg>
<arg>MY</arg>
<arg>MZ</arg>
<arg>NA</arg>
<arg>NC</arg>
<arg>NE</arg>
<arg>NF</arg>
<arg>NG</arg>
<arg>NI</arg>
<arg>NL</arg>
<arg>NO</arg>
<arg>NP</arg>
<arg>NR</arg>
<arg>NU</arg>
<arg>NZ</arg>
<arg>OM</arg>
<arg>PA</arg>
<arg>PE</arg>
<arg>PF</arg>
<arg>PG</arg>
<arg>PH</arg>
<arg>PK</arg>
<arg>PL</arg>
<arg>PM</arg>
<arg>PN</arg>
<arg>PR</arg>
<arg>PS</arg>
<arg>PT</arg>
<arg>PW</arg>
<arg>PY</arg>
<arg>QA</arg>
<arg>RE</arg>
<arg>RO</arg>
<arg>RS</arg>
<arg>RU</arg>
<arg>RW</arg>
<arg>SA</arg>
<arg>SB</arg>
<arg>SC</arg>
<arg>SD</arg>
<arg>SE</arg>
<arg>SG</arg>
<arg>SH</arg>
<arg>SI</arg>
<arg>SJ</arg>
<arg>SK</arg>
<arg>SL</arg>
<arg>SM</arg>
<arg>SN</arg>
<arg>SO</arg>
<arg>SR</arg>
<arg>SS</arg>
<arg>ST</arg>
<arg>SV</arg>
<arg>SX</arg>
<arg>SY</arg>
<arg>SZ</arg>
<arg>TC</arg>
<arg>TD</arg>
<arg>TF</arg>
<arg>TG</arg>
<arg>TH</arg>
<arg>TJ</arg>
<arg>TK</arg>
<arg>TL</arg>
<arg>TM</arg>
<arg>TN</arg>
<arg>TO</arg>
<arg>TR</arg>
<arg>TT</arg>
<arg>TV</arg>
<arg>TW</arg>
<arg>TZ</arg>
<arg>UA</arg>
<arg>UG</arg>
<arg>UM</arg>
<arg>US</arg>
<arg>UY</arg>
<arg>UZ</arg>
<arg>VA</arg>
<arg>VC</arg>
<arg>VE</arg>
<arg>VG</arg>
<arg>VI</arg>
<arg>VN</arg>
<arg>VU</arg>
<arg>WF</arg>
<arg>WS</arg>
<arg>XK</arg>
<arg>YE</arg>
<arg>YT</arg>
<arg>ZA</arg>
<arg>ZM</arg>
<arg>ZW</arg>
<doc>Returns a list containing given items.</doc>
<status status="PASS" start="2024-06-23T19:13:15.072110" elapsed="0.000622"/>
</kw>
<kw name="List Should Contain Value" owner="Collections">
<arg>${list_country}</arg>
<arg>${name_country}</arg>
<doc>Fails if the ``value`` is not found from ``list``.</doc>
<status status="PASS" start="2024-06-23T19:13:15.073527" elapsed="0.000212"/>
</kw>
<kw name="Run Keyword If" owner="BuiltIn">
<kw name="Should Be True" owner="BuiltIn">
<arg>${True}</arg>
<doc>Fails if the given condition is not true.</doc>
<status status="PASS" start="2024-06-23T19:13:15.074713" elapsed="0.000141"/>
</kw>
<arg>${json_data["results"][0]["location"]["coordinates"]["latitude"]} &gt;= -90 and ${json_data["results"][0]["location"]["coordinates"]["latitude"]} &lt;= 90</arg>
<arg>Should Be True</arg>
<arg>${True}</arg>
<doc>Runs the given keyword with the given arguments, if ``condition`` is true.</doc>
<status status="PASS" start="2024-06-23T19:13:15.073938" elapsed="0.001042"/>
</kw>
<kw name="Run Keyword If" owner="BuiltIn">
<kw name="Should Be True" owner="BuiltIn">
<arg>${True}</arg>
<doc>Fails if the given condition is not true.</doc>
<status status="PASS" start="2024-06-23T19:13:15.075844" elapsed="0.000247"/>
</kw>
<arg>${json_data["results"][0]["location"]["coordinates"]["longitude"]} &gt;= -180 and ${json_data["results"][0]["location"]["coordinates"]["longitude"]} &lt;= 180</arg>
<arg>Should Be True</arg>
<arg>${True}</arg>
<doc>Runs the given keyword with the given arguments, if ``condition`` is true.</doc>
<status status="PASS" start="2024-06-23T19:13:15.075162" elapsed="0.001056"/>
</kw>
<status status="PASS" start="2024-06-23T19:13:14.944251" elapsed="0.132099"/>
</kw>
<doc>Testa o conteúdo específico dos campos retornados pela API.</doc>
<tag>testeConteudo</tag>
<status status="PASS" start="2024-06-23T19:13:14.943672" elapsed="0.132831"/>
</test>
<status status="PASS" start="2024-06-23T19:13:14.165080" elapsed="0.913460"/>
</suite>
<status status="PASS" start="2024-06-23T19:13:14.150781" elapsed="0.932898"/>
</suite>
<statistics>
<total>
<stat pass="5" fail="0" skip="0">All Tests</stat>
</total>
<tag>
<stat pass="1" fail="0" skip="0">testeConteudo</stat>
<stat pass="1" fail="0" skip="0">testeEstruturaResposta</stat>
<stat pass="1" fail="0" skip="0">testeRequisicaoBasica</stat>
<stat pass="1" fail="0" skip="0">testeTiposDados</stat>
</tag>
<suite>
<stat pass="5" fail="0" skip="0" id="s1" name="Tests">Tests</stat>
<stat pass="5" fail="0" skip="0" id="s1-s1" name="Random-User-Test">Tests.Random-User-Test</stat>
</suite>
</statistics>
<errors>
</errors>
</robot>
