<?xml version="1.0" encoding="UTF-8"?>
<robot generator="Robot 7.0 (Python 3.12.2 on linux)" generated="2024-03-30T00:57:04.962662" rpa="false" schemaversion="5">
<suite id="s1" name="Tests" source="/home/runner/work/DesafioQAItauRogerioJordao/DesafioQAItauRogerioJordao/RamdonUser/tests">
<suite id="s1-s1" name="Random-User-Test" source="/home/runner/work/DesafioQAItauRogerioJordao/DesafioQAItauRogerioJordao/RamdonUser/tests/random-user-test.robot">
<test id="s1-s1-t1" name="Conectar" line="13">
<kw name="Conectar API" owner="random-user-service">
<kw name="Create Session" owner="RequestsLibrary">
<msg time="2024-03-30T00:57:05.324347" level="INFO">Creating Session using : alias=consultarAPI, url=https://randomuser.me/, headers={},                     cookies={}, auth=None, timeout=None, proxies=None, verify=False,                     debug=0 </msg>
<arg>consultarAPI</arg>
<arg>${URL}</arg>
<doc>Create Session: create a HTTP session to a server</doc>
<status status="PASS" start="2024-03-30T00:57:05.324155" elapsed="0.000386"/>
</kw>
<status status="PASS" start="2024-03-30T00:57:05.323194" elapsed="0.001694"/>
</kw>
<status status="PASS" start="2024-03-30T00:57:05.322602" elapsed="0.002488"/>
</test>
<test id="s1-s1-t2" name="Validar retorno 200 e JSON Válido" line="16">
<kw name="Teste de Requisicao Basica" owner="random-user-service">
<kw name="GET On Session" owner="RequestsLibrary">
<msg time="2024-03-30T00:57:05.381073" level="INFO">GET Request : url=https://randomuser.me/api 
 path_url=/api 
 headers={'User-Agent': 'python-requests/2.31.0', 'Accept-Encoding': 'gzip, deflate', 'Accept': '*/*', 'Connection': 'keep-alive'} 
 body=None 
 </msg>
<msg time="2024-03-30T00:57:05.381172" level="INFO">GET Response : url=https://randomuser.me/api 
 status=200, reason=OK 
 headers={'Date': 'Sat, 30 Mar 2024 00:57:05 GMT', 'Content-Type': 'application/json; charset=utf-8', 'Transfer-Encoding': 'chunked', 'Connection': 'keep-alive', 'X-Powered-By': 'Express', 'Access-Control-Allow-Origin': '*', 'Cache-Control': 'no-cache', 'ETag': 'W/"470-1VhIukB+2jeERkfH8KnzdOaGkjg"', 'Vary': 'Accept-Encoding', 'Content-Encoding': 'gzip', 'CF-Cache-Status': 'DYNAMIC', 'Report-To': '{"endpoints":[{"url":"https:\\/\\/a.nel.cloudflare.com\\/report\\/v4?s=fLDiBvospTlqR7wX63%2FZrwfZZMdxTnaXvsEKt%2BbDNjCYvY%2FM4lQZmfoGAspHGIqjwEbsdwAQAa%2B5t6TJe8bcZe3xNBkUZZAk7NkP4fHsEX2p%2BhwilfB3y%2FtLuLQS7GpL"}],"group":"cf-nel","max_age":604800}', 'NEL': '{"success_fraction":0,"report_to":"cf-nel","max_age":604800}', 'Server': 'cloudflare', 'CF-RAY': '86c424c07f710784-IAD', 'alt-svc': 'h3=":443"; ma=86400'} 
 body={"results":[{"gender":"male","name":{"title":"Mr","first":"Silas","last":"Johansen"},"location":{"street":{"number":9934,"name":"Fåborgvej"},"city":"Argerskov","state":"Hovedstaden","country":"Denmark","postcode":26310,"coordinates":{"latitude":"-44.3687","longitude":"-141.3728"},"timezone":{"offset":"-10:00","description":"Hawaii"}},"email":"silas.johansen@example.com","login":{"uuid":"d41f3132-1464-4b0c-8441-003ac2820a8a","username":"crazybutterfly137","password":"donna","salt":"gsAqTdUd","md5":"92d762424ac97dd6a8b78053ea76a260","sha1":"56264ef8ae2ab4eecb97bc4e809c92cb6e489535","sha256":"2cbba17a78f0528323e5ddb94f9bdeb38f39bd4d56900ca9b9a9d9257502ca63"},"dob":{"date":"1947-06-11T01:57:09.842Z","age":76},"registered":{"date":"2006-12-12T03:41:11.286Z","age":17},"phone":"71510656","cell":"15184312","id":{"name":"CPR","value":"100647-6763"},"picture":{"large":"https://randomuser.me/api/portraits/men/67.jpg","medium":"https://randomuser.me/api/portraits/med/men/67.jpg","thumbnail":"https://randomuser.me/api/portraits/thumb/men/67.jpg"},"nat":"DK"}],"info":{"seed":"279a31dc82a9bd27","results":1,"page":1,"version":"1.4"}} 
 </msg>
<msg time="2024-03-30T00:57:05.381264" level="INFO">/opt/hostedtoolcache/Python/3.12.2/x64/lib/python3.12/site-packages/urllib3/connectionpool.py:1103: InsecureRequestWarning: Unverified HTTPS request is being made to host 'randomuser.me'. Adding certificate verification is strongly advised. See: https://urllib3.readthedocs.io/en/latest/advanced-usage.html#tls-warnings
  warnings.warn(</msg>
<msg time="2024-03-30T00:57:05.381385" level="INFO">${response} = &lt;Response [200]&gt;</msg>
<var>${response}</var>
<arg>consultarAPI</arg>
<arg>/api</arg>
<doc>Sends a GET request on a previously created HTTP Session.</doc>
<status status="PASS" start="2024-03-30T00:57:05.327673" elapsed="0.053751"/>
</kw>
<kw name="Should Be Equal As Numbers" owner="BuiltIn">
<msg time="2024-03-30T00:57:05.382380" level="INFO">Argument types are:
&lt;class 'int'&gt;
&lt;class 'str'&gt;</msg>
<arg>${response.status_code}</arg>
<arg>200</arg>
<doc>Fails if objects are unequal after converting them to real numbers.</doc>
<status status="PASS" start="2024-03-30T00:57:05.381894" elapsed="0.000550"/>
</kw>
<kw name="Log" owner="BuiltIn">
<msg time="2024-03-30T00:57:05.383129" level="INFO">200</msg>
<arg>${response.status_code}</arg>
<doc>Logs the given message with the given level.</doc>
<status status="PASS" start="2024-03-30T00:57:05.382773" elapsed="0.000400"/>
</kw>
<kw name="Set Variable" owner="BuiltIn">
<msg time="2024-03-30T00:57:05.383959" level="INFO">${json_data} = {'results': [{'gender': 'male', 'name': {'title': 'Mr', 'first': 'Silas', 'last': 'Johansen'}, 'location': {'street': {'number': 9934, 'name': 'Fåborgvej'}, 'city': 'Argerskov', 'state': 'Hovedstaden'...</msg>
<var>${json_data}</var>
<arg>${response.json()}</arg>
<doc>Returns the given values which can then be assigned to a variables.</doc>
<status status="PASS" start="2024-03-30T00:57:05.383518" elapsed="0.000470"/>
</kw>
<kw name="Dictionary Should Contain Key" owner="Collections">
<msg time="2024-03-30T00:57:05.384482" level="INFO">False</msg>
<arg>${json_data}</arg>
<arg>results</arg>
<doc>Fails if ``key`` is not found from ``dictionary``.</doc>
<status status="PASS" start="2024-03-30T00:57:05.384289" elapsed="0.000237"/>
</kw>
<status status="PASS" start="2024-03-30T00:57:05.327424" elapsed="0.057358"/>
</kw>
<doc>Testa se a API responde corretamente e retorna um objeto JSON válido.</doc>
<tag>testeRequisicaoBasica</tag>
<status status="PASS" start="2024-03-30T00:57:05.326879" elapsed="0.058075"/>
</test>
<test id="s1-s1-t3" name="Validar estrutura de resposta" line="22">
<kw name="Teste de Estrutura de Resposta" owner="random-user-service">
<kw name="GET On Session" owner="RequestsLibrary">
<msg time="2024-03-30T00:57:05.481432" level="INFO">GET Request : url=https://randomuser.me/api 
 path_url=/api 
 headers={'User-Agent': 'python-requests/2.31.0', 'Accept-Encoding': 'gzip, deflate', 'Accept': '*/*', 'Connection': 'keep-alive'} 
 body=None 
 </msg>
<msg time="2024-03-30T00:57:05.481511" level="INFO">GET Response : url=https://randomuser.me/api 
 status=200, reason=OK 
 headers={'Date': 'Sat, 30 Mar 2024 00:57:05 GMT', 'Content-Type': 'application/json; charset=utf-8', 'Transfer-Encoding': 'chunked', 'Connection': 'keep-alive', 'X-Powered-By': 'Express', 'Access-Control-Allow-Origin': '*', 'Cache-Control': 'no-cache', 'ETag': 'W/"48d-kfSmZdhB2VdfxxBUjY1GleZtZlU"', 'Vary': 'Accept-Encoding', 'Content-Encoding': 'gzip', 'CF-Cache-Status': 'DYNAMIC', 'Report-To': '{"endpoints":[{"url":"https:\\/\\/a.nel.cloudflare.com\\/report\\/v4?s=F8l%2BMGAf9l4iM2AuDEr%2B8srlTl%2Bd4pt8R8o98Oo%2BQCLAb%2BD9uRY%2BLJn0ZiErSE%2FTzg3xFDyZ%2FFIJ5XlNlbdizmSSiITGaJ8CCQ4L9Alo9e5iRLzYXCUjm7hcIdl2xsG2"}],"group":"cf-nel","max_age":604800}', 'NEL': '{"success_fraction":0,"report_to":"cf-nel","max_age":604800}', 'Server': 'cloudflare', 'CF-RAY': '86c424c0afa60784-IAD', 'alt-svc': 'h3=":443"; ma=86400'} 
 body={"results":[{"gender":"male","name":{"title":"Mr","first":"Enrique","last":"Jordan"},"location":{"street":{"number":411,"name":"Prospect Rd"},"city":"Ballarat","state":"Victoria","country":"Australia","postcode":6639,"coordinates":{"latitude":"-85.4503","longitude":"-166.4344"},"timezone":{"offset":"+5:30","description":"Bombay, Calcutta, Madras, New Delhi"}},"email":"enrique.jordan@example.com","login":{"uuid":"47b0a1c3-1d30-406d-80ba-40f789a742e6","username":"redostrich360","password":"01234567","salt":"g2mbcz1b","md5":"08a8c580d0292b6ee0c1b5011c4bbf7e","sha1":"9fca77fd0ff70470214ea37cdf73d99c96f73dff","sha256":"198af51bac380bcb9a8a8805405961146a9aab11410df98f78fac1d81a4ab8bd"},"dob":{"date":"1945-03-18T05:19:58.645Z","age":79},"registered":{"date":"2021-02-20T09:58:22.072Z","age":3},"phone":"05-5642-1944","cell":"0485-985-270","id":{"name":"TFN","value":"213467783"},"picture":{"large":"https://randomuser.me/api/portraits/men/43.jpg","medium":"https://randomuser.me/api/portraits/med/men/43.jpg","thumbnail":"https://randomuser.me/api/portraits/thumb/men/43.jpg"},"nat":"AU"}],"info":{"seed":"eb9db19359b1af09","results":1,"page":1,"version":"1.4"}} 
 </msg>
<msg time="2024-03-30T00:57:05.481631" level="INFO">/opt/hostedtoolcache/Python/3.12.2/x64/lib/python3.12/site-packages/urllib3/connectionpool.py:1103: InsecureRequestWarning: Unverified HTTPS request is being made to host 'randomuser.me'. Adding certificate verification is strongly advised. See: https://urllib3.readthedocs.io/en/latest/advanced-usage.html#tls-warnings
  warnings.warn(</msg>
<msg time="2024-03-30T00:57:05.481754" level="INFO">${response} = &lt;Response [200]&gt;</msg>
<var>${response}</var>
<arg>consultarAPI</arg>
<arg>/api</arg>
<doc>Sends a GET request on a previously created HTTP Session.</doc>
<status status="PASS" start="2024-03-30T00:57:05.387642" elapsed="0.094162"/>
</kw>
<kw name="Set Variable" owner="BuiltIn">
<msg time="2024-03-30T00:57:05.482864" level="INFO">${json_data} = {'results': [{'gender': 'male', 'name': {'title': 'Mr', 'first': 'Enrique', 'last': 'Jordan'}, 'location': {'street': {'number': 411, 'name': 'Prospect Rd'}, 'city': 'Ballarat', 'state': 'Victoria', '...</msg>
<var>${json_data}</var>
<arg>${response.json()}</arg>
<doc>Returns the given values which can then be assigned to a variables.</doc>
<status status="PASS" start="2024-03-30T00:57:05.482323" elapsed="0.000569"/>
</kw>
<kw name="Log" owner="BuiltIn">
<msg time="2024-03-30T00:57:05.483358" level="INFO">{'results': [{'gender': 'male', 'name': {'title': 'Mr', 'first': 'Enrique', 'last': 'Jordan'}, 'location': {'street': {'number': 411, 'name': 'Prospect Rd'}, 'city': 'Ballarat', 'state': 'Victoria', 'country': 'Australia', 'postcode': 6639, 'coordinates': {'latitude': '-85.4503', 'longitude': '-166.4344'}, 'timezone': {'offset': '+5:30', 'description': 'Bombay, Calcutta, Madras, New Delhi'}}, 'email': 'enrique.jordan@example.com', 'login': {'uuid': '47b0a1c3-1d30-406d-80ba-40f789a742e6', 'username': 'redostrich360', 'password': '01234567', 'salt': 'g2mbcz1b', 'md5': '08a8c580d0292b6ee0c1b5011c4bbf7e', 'sha1': '9fca77fd0ff70470214ea37cdf73d99c96f73dff', 'sha256': '198af51bac380bcb9a8a8805405961146a9aab11410df98f78fac1d81a4ab8bd'}, 'dob': {'date': '1945-03-18T05:19:58.645Z', 'age': 79}, 'registered': {'date': '2021-02-20T09:58:22.072Z', 'age': 3}, 'phone': '05-5642-1944', 'cell': '0485-985-270', 'id': {'name': 'TFN', 'value': '213467783'}, 'picture': {'large': 'https://randomuser.me/api/portraits/men/43.jpg', 'medium': 'https://randomuser.me/api/portraits/med/men/43.jpg', 'thumbnail': 'https://randomuser.me/api/portraits/thumb/men/43.jpg'}, 'nat': 'AU'}], 'info': {'seed': 'eb9db19359b1af09', 'results': 1, 'page': 1, 'version': '1.4'}}</msg>
<arg>${json_data}</arg>
<doc>Logs the given message with the given level.</doc>
<status status="PASS" start="2024-03-30T00:57:05.483200" elapsed="0.000206"/>
</kw>
<kw name="Dictionary Should Contain Key" owner="Collections">
<msg time="2024-03-30T00:57:05.483859" level="INFO">False</msg>
<arg>${json_data}</arg>
<arg>results</arg>
<doc>Fails if ``key`` is not found from ``dictionary``.</doc>
<status status="PASS" start="2024-03-30T00:57:05.483709" elapsed="0.000187"/>
</kw>
<kw name="Should Not Be Empty" owner="BuiltIn">
<msg time="2024-03-30T00:57:05.484323" level="INFO">Length is 2.</msg>
<arg>${json_data}</arg>
<doc>Verifies that the given item is not empty.</doc>
<status status="PASS" start="2024-03-30T00:57:05.484188" elapsed="0.000173"/>
</kw>
<kw name="Create List" owner="BuiltIn">
<msg time="2024-03-30T00:57:05.484864" level="INFO">${expected_keys} = ['gender', 'name', 'location', 'email', 'login']</msg>
<var>${expected_keys}</var>
<arg>gender</arg>
<arg>name</arg>
<arg>location</arg>
<arg>email</arg>
<arg>login</arg>
<doc>Returns a list containing given items.</doc>
<status status="PASS" start="2024-03-30T00:57:05.484703" elapsed="0.000186"/>
</kw>
<for flavor="IN">
<iter>
<kw name="Dictionary Should Contain Key" owner="Collections">
<msg time="2024-03-30T00:57:05.485911" level="INFO">False</msg>
<arg>${json_data['results'][0]}</arg>
<arg>${key}</arg>
<doc>Fails if ``key`` is not found from ``dictionary``.</doc>
<status status="PASS" start="2024-03-30T00:57:05.485440" elapsed="0.000510"/>
</kw>
<kw name="Log" owner="BuiltIn">
<msg time="2024-03-30T00:57:05.486625" level="INFO">{'gender': 'male', 'name': {'title': 'Mr', 'first': 'Enrique', 'last': 'Jordan'}, 'location': {'street': {'number': 411, 'name': 'Prospect Rd'}, 'city': 'Ballarat', 'state': 'Victoria', 'country': 'Australia', 'postcode': 6639, 'coordinates': {'latitude': '-85.4503', 'longitude': '-166.4344'}, 'timezone': {'offset': '+5:30', 'description': 'Bombay, Calcutta, Madras, New Delhi'}}, 'email': 'enrique.jordan@example.com', 'login': {'uuid': '47b0a1c3-1d30-406d-80ba-40f789a742e6', 'username': 'redostrich360', 'password': '01234567', 'salt': 'g2mbcz1b', 'md5': '08a8c580d0292b6ee0c1b5011c4bbf7e', 'sha1': '9fca77fd0ff70470214ea37cdf73d99c96f73dff', 'sha256': '198af51bac380bcb9a8a8805405961146a9aab11410df98f78fac1d81a4ab8bd'}, 'dob': {'date': '1945-03-18T05:19:58.645Z', 'age': 79}, 'registered': {'date': '2021-02-20T09:58:22.072Z', 'age': 3}, 'phone': '05-5642-1944', 'cell': '0485-985-270', 'id': {'name': 'TFN', 'value': '213467783'}, 'picture': {'large': 'https://randomuser.me/api/portraits/men/43.jpg', 'medium': 'https://randomuser.me/api/portraits/med/men/43.jpg', 'thumbnail': 'https://randomuser.me/api/portraits/thumb/men/43.jpg'}, 'nat': 'AU'}</msg>
<arg>${json_data['results'][0]}</arg>
<doc>Logs the given message with the given level.</doc>
<status status="PASS" start="2024-03-30T00:57:05.486259" elapsed="0.000420"/>
</kw>
<kw name="Log" owner="BuiltIn">
<msg time="2024-03-30T00:57:05.487112" level="INFO">gender</msg>
<arg>${key}</arg>
<doc>Logs the given message with the given level.</doc>
<status status="PASS" start="2024-03-30T00:57:05.486980" elapsed="0.000171"/>
</kw>
<var name="${key}">gender</var>
<status status="PASS" start="2024-03-30T00:57:05.485317" elapsed="0.002054"/>
</iter>
<iter>
<kw name="Dictionary Should Contain Key" owner="Collections">
<msg time="2024-03-30T00:57:05.488050" level="INFO">False</msg>
<arg>${json_data['results'][0]}</arg>
<arg>${key}</arg>
<doc>Fails if ``key`` is not found from ``dictionary``.</doc>
<status status="PASS" start="2024-03-30T00:57:05.487671" elapsed="0.000416"/>
</kw>
<kw name="Log" owner="BuiltIn">
<msg time="2024-03-30T00:57:05.488812" level="INFO">{'gender': 'male', 'name': {'title': 'Mr', 'first': 'Enrique', 'last': 'Jordan'}, 'location': {'street': {'number': 411, 'name': 'Prospect Rd'}, 'city': 'Ballarat', 'state': 'Victoria', 'country': 'Australia', 'postcode': 6639, 'coordinates': {'latitude': '-85.4503', 'longitude': '-166.4344'}, 'timezone': {'offset': '+5:30', 'description': 'Bombay, Calcutta, Madras, New Delhi'}}, 'email': 'enrique.jordan@example.com', 'login': {'uuid': '47b0a1c3-1d30-406d-80ba-40f789a742e6', 'username': 'redostrich360', 'password': '01234567', 'salt': 'g2mbcz1b', 'md5': '08a8c580d0292b6ee0c1b5011c4bbf7e', 'sha1': '9fca77fd0ff70470214ea37cdf73d99c96f73dff', 'sha256': '198af51bac380bcb9a8a8805405961146a9aab11410df98f78fac1d81a4ab8bd'}, 'dob': {'date': '1945-03-18T05:19:58.645Z', 'age': 79}, 'registered': {'date': '2021-02-20T09:58:22.072Z', 'age': 3}, 'phone': '05-5642-1944', 'cell': '0485-985-270', 'id': {'name': 'TFN', 'value': '213467783'}, 'picture': {'large': 'https://randomuser.me/api/portraits/men/43.jpg', 'medium': 'https://randomuser.me/api/portraits/med/men/43.jpg', 'thumbnail': 'https://randomuser.me/api/portraits/thumb/men/43.jpg'}, 'nat': 'AU'}</msg>
<arg>${json_data['results'][0]}</arg>
<doc>Logs the given message with the given level.</doc>
<status status="PASS" start="2024-03-30T00:57:05.488415" elapsed="0.000445"/>
</kw>
<kw name="Log" owner="BuiltIn">
<msg time="2024-03-30T00:57:05.489292" level="INFO">name</msg>
<arg>${key}</arg>
<doc>Logs the given message with the given level.</doc>
<status status="PASS" start="2024-03-30T00:57:05.489162" elapsed="0.000168"/>
</kw>
<var name="${key}">name</var>
<status status="PASS" start="2024-03-30T00:57:05.487557" elapsed="0.001989"/>
</iter>
<iter>
<kw name="Dictionary Should Contain Key" owner="Collections">
<msg time="2024-03-30T00:57:05.490209" level="INFO">False</msg>
<arg>${json_data['results'][0]}</arg>
<arg>${key}</arg>
<doc>Fails if ``key`` is not found from ``dictionary``.</doc>
<status status="PASS" start="2024-03-30T00:57:05.489836" elapsed="0.000411"/>
</kw>
<kw name="Log" owner="BuiltIn">
<msg time="2024-03-30T00:57:05.490904" level="INFO">{'gender': 'male', 'name': {'title': 'Mr', 'first': 'Enrique', 'last': 'Jordan'}, 'location': {'street': {'number': 411, 'name': 'Prospect Rd'}, 'city': 'Ballarat', 'state': 'Victoria', 'country': 'Australia', 'postcode': 6639, 'coordinates': {'latitude': '-85.4503', 'longitude': '-166.4344'}, 'timezone': {'offset': '+5:30', 'description': 'Bombay, Calcutta, Madras, New Delhi'}}, 'email': 'enrique.jordan@example.com', 'login': {'uuid': '47b0a1c3-1d30-406d-80ba-40f789a742e6', 'username': 'redostrich360', 'password': '01234567', 'salt': 'g2mbcz1b', 'md5': '08a8c580d0292b6ee0c1b5011c4bbf7e', 'sha1': '9fca77fd0ff70470214ea37cdf73d99c96f73dff', 'sha256': '198af51bac380bcb9a8a8805405961146a9aab11410df98f78fac1d81a4ab8bd'}, 'dob': {'date': '1945-03-18T05:19:58.645Z', 'age': 79}, 'registered': {'date': '2021-02-20T09:58:22.072Z', 'age': 3}, 'phone': '05-5642-1944', 'cell': '0485-985-270', 'id': {'name': 'TFN', 'value': '213467783'}, 'picture': {'large': 'https://randomuser.me/api/portraits/men/43.jpg', 'medium': 'https://randomuser.me/api/portraits/med/men/43.jpg', 'thumbnail': 'https://randomuser.me/api/portraits/thumb/men/43.jpg'}, 'nat': 'AU'}</msg>
<arg>${json_data['results'][0]}</arg>
<doc>Logs the given message with the given level.</doc>
<status status="PASS" start="2024-03-30T00:57:05.490544" elapsed="0.000411"/>
</kw>
<kw name="Log" owner="BuiltIn">
<msg time="2024-03-30T00:57:05.491372" level="INFO">location</msg>
<arg>${key}</arg>
<doc>Logs the given message with the given level.</doc>
<status status="PASS" start="2024-03-30T00:57:05.491246" elapsed="0.000164"/>
</kw>
<var name="${key}">location</var>
<status status="PASS" start="2024-03-30T00:57:05.489724" elapsed="0.001898"/>
</iter>
<iter>
<kw name="Dictionary Should Contain Key" owner="Collections">
<msg time="2024-03-30T00:57:05.492274" level="INFO">False</msg>
<arg>${json_data['results'][0]}</arg>
<arg>${key}</arg>
<doc>Fails if ``key`` is not found from ``dictionary``.</doc>
<status status="PASS" start="2024-03-30T00:57:05.491903" elapsed="0.000408"/>
</kw>
<kw name="Log" owner="BuiltIn">
<msg time="2024-03-30T00:57:05.493021" level="INFO">{'gender': 'male', 'name': {'title': 'Mr', 'first': 'Enrique', 'last': 'Jordan'}, 'location': {'street': {'number': 411, 'name': 'Prospect Rd'}, 'city': 'Ballarat', 'state': 'Victoria', 'country': 'Australia', 'postcode': 6639, 'coordinates': {'latitude': '-85.4503', 'longitude': '-166.4344'}, 'timezone': {'offset': '+5:30', 'description': 'Bombay, Calcutta, Madras, New Delhi'}}, 'email': 'enrique.jordan@example.com', 'login': {'uuid': '47b0a1c3-1d30-406d-80ba-40f789a742e6', 'username': 'redostrich360', 'password': '01234567', 'salt': 'g2mbcz1b', 'md5': '08a8c580d0292b6ee0c1b5011c4bbf7e', 'sha1': '9fca77fd0ff70470214ea37cdf73d99c96f73dff', 'sha256': '198af51bac380bcb9a8a8805405961146a9aab11410df98f78fac1d81a4ab8bd'}, 'dob': {'date': '1945-03-18T05:19:58.645Z', 'age': 79}, 'registered': {'date': '2021-02-20T09:58:22.072Z', 'age': 3}, 'phone': '05-5642-1944', 'cell': '0485-985-270', 'id': {'name': 'TFN', 'value': '213467783'}, 'picture': {'large': 'https://randomuser.me/api/portraits/men/43.jpg', 'medium': 'https://randomuser.me/api/portraits/med/men/43.jpg', 'thumbnail': 'https://randomuser.me/api/portraits/thumb/men/43.jpg'}, 'nat': 'AU'}</msg>
<arg>${json_data['results'][0]}</arg>
<doc>Logs the given message with the given level.</doc>
<status status="PASS" start="2024-03-30T00:57:05.492661" elapsed="0.000408"/>
</kw>
<kw name="Log" owner="BuiltIn">
<msg time="2024-03-30T00:57:05.493491" level="INFO">email</msg>
<arg>${key}</arg>
<doc>Logs the given message with the given level.</doc>
<status status="PASS" start="2024-03-30T00:57:05.493363" elapsed="0.000166"/>
</kw>
<var name="${key}">email</var>
<status status="PASS" start="2024-03-30T00:57:05.491793" elapsed="0.001950"/>
</iter>
<iter>
<kw name="Dictionary Should Contain Key" owner="Collections">
<msg time="2024-03-30T00:57:05.494413" level="INFO">False</msg>
<arg>${json_data['results'][0]}</arg>
<arg>${key}</arg>
<doc>Fails if ``key`` is not found from ``dictionary``.</doc>
<status status="PASS" start="2024-03-30T00:57:05.494029" elapsed="0.000422"/>
</kw>
<kw name="Log" owner="BuiltIn">
<msg time="2024-03-30T00:57:05.495105" level="INFO">{'gender': 'male', 'name': {'title': 'Mr', 'first': 'Enrique', 'last': 'Jordan'}, 'location': {'street': {'number': 411, 'name': 'Prospect Rd'}, 'city': 'Ballarat', 'state': 'Victoria', 'country': 'Australia', 'postcode': 6639, 'coordinates': {'latitude': '-85.4503', 'longitude': '-166.4344'}, 'timezone': {'offset': '+5:30', 'description': 'Bombay, Calcutta, Madras, New Delhi'}}, 'email': 'enrique.jordan@example.com', 'login': {'uuid': '47b0a1c3-1d30-406d-80ba-40f789a742e6', 'username': 'redostrich360', 'password': '01234567', 'salt': 'g2mbcz1b', 'md5': '08a8c580d0292b6ee0c1b5011c4bbf7e', 'sha1': '9fca77fd0ff70470214ea37cdf73d99c96f73dff', 'sha256': '198af51bac380bcb9a8a8805405961146a9aab11410df98f78fac1d81a4ab8bd'}, 'dob': {'date': '1945-03-18T05:19:58.645Z', 'age': 79}, 'registered': {'date': '2021-02-20T09:58:22.072Z', 'age': 3}, 'phone': '05-5642-1944', 'cell': '0485-985-270', 'id': {'name': 'TFN', 'value': '213467783'}, 'picture': {'large': 'https://randomuser.me/api/portraits/men/43.jpg', 'medium': 'https://randomuser.me/api/portraits/med/men/43.jpg', 'thumbnail': 'https://randomuser.me/api/portraits/thumb/men/43.jpg'}, 'nat': 'AU'}</msg>
<arg>${json_data['results'][0]}</arg>
<doc>Logs the given message with the given level.</doc>
<status status="PASS" start="2024-03-30T00:57:05.494741" elapsed="0.000411"/>
</kw>
<kw name="Log" owner="BuiltIn">
<msg time="2024-03-30T00:57:05.495570" level="INFO">login</msg>
<arg>${key}</arg>
<doc>Logs the given message with the given level.</doc>
<status status="PASS" start="2024-03-30T00:57:05.495443" elapsed="0.000264"/>
</kw>
<var name="${key}">login</var>
<status status="PASS" start="2024-03-30T00:57:05.493914" elapsed="0.002044"/>
</iter>
<var>${key}</var>
<value>@{expected_keys}</value>
<status status="PASS" start="2024-03-30T00:57:05.485142" elapsed="0.010943"/>
</for>
<kw name="Create List" owner="BuiltIn">
<msg time="2024-03-30T00:57:05.496418" level="INFO">${expected_keysTwo} = ['username', 'password']</msg>
<var>${expected_keysTwo}</var>
<arg>username</arg>
<arg>password</arg>
<doc>Returns a list containing given items.</doc>
<status status="PASS" start="2024-03-30T00:57:05.496279" elapsed="0.000190"/>
</kw>
<for flavor="IN">
<iter>
<kw name="Dictionary Should Contain Key" owner="Collections">
<msg time="2024-03-30T00:57:05.497357" level="INFO">False</msg>
<arg>${json_data['results'][0]['login']}</arg>
<arg>${keyTwo}</arg>
<doc>Fails if ``key`` is not found from ``dictionary``.</doc>
<status status="PASS" start="2024-03-30T00:57:05.496981" elapsed="0.000414"/>
</kw>
<kw name="Dictionary Should Contain Key" owner="Collections">
<msg time="2024-03-30T00:57:05.498062" level="INFO">False</msg>
<arg>${json_data['results'][0]['login']}</arg>
<arg>${keyTwo}</arg>
<doc>Fails if ``key`` is not found from ``dictionary``.</doc>
<status status="PASS" start="2024-03-30T00:57:05.497687" elapsed="0.000412"/>
</kw>
<kw name="Log" owner="BuiltIn">
<msg time="2024-03-30T00:57:05.498547" level="INFO">username</msg>
<arg>${keyTwo}</arg>
<doc>Logs the given message with the given level.</doc>
<status status="PASS" start="2024-03-30T00:57:05.498417" elapsed="0.000167"/>
</kw>
<var name="${keyTwo}">username</var>
<status status="PASS" start="2024-03-30T00:57:05.496870" elapsed="0.001932"/>
</iter>
<iter>
<kw name="Dictionary Should Contain Key" owner="Collections">
<msg time="2024-03-30T00:57:05.499462" level="INFO">False</msg>
<arg>${json_data['results'][0]['login']}</arg>
<arg>${keyTwo}</arg>
<doc>Fails if ``key`` is not found from ``dictionary``.</doc>
<status status="PASS" start="2024-03-30T00:57:05.499086" elapsed="0.000413"/>
</kw>
<kw name="Dictionary Should Contain Key" owner="Collections">
<msg time="2024-03-30T00:57:05.500169" level="INFO">False</msg>
<arg>${json_data['results'][0]['login']}</arg>
<arg>${keyTwo}</arg>
<doc>Fails if ``key`` is not found from ``dictionary``.</doc>
<status status="PASS" start="2024-03-30T00:57:05.499787" elapsed="0.000419"/>
</kw>
<kw name="Log" owner="BuiltIn">
<msg time="2024-03-30T00:57:05.500654" level="INFO">password</msg>
<arg>${keyTwo}</arg>
<doc>Logs the given message with the given level.</doc>
<status status="PASS" start="2024-03-30T00:57:05.500516" elapsed="0.000176"/>
</kw>
<var name="${keyTwo}">password</var>
<status status="PASS" start="2024-03-30T00:57:05.498976" elapsed="0.001933"/>
</iter>
<var>${keyTwo}</var>
<value>@{expected_keysTwo}</value>
<status status="PASS" start="2024-03-30T00:57:05.496719" elapsed="0.004312"/>
</for>
<status status="PASS" start="2024-03-30T00:57:05.387409" elapsed="0.113762"/>
</kw>
<doc>Testa a estrutura da resposta da API.</doc>
<tag>testeEstruturaResposta</tag>
<status status="PASS" start="2024-03-30T00:57:05.386729" elapsed="0.114592"/>
</test>
<test id="s1-s1-t4" name="Validar tipos de dados" line="28">
<kw name="Teste de Tipos de Dados" owner="random-user-service">
<kw name="GET On Session" owner="RequestsLibrary">
<msg time="2024-03-30T00:57:05.583621" level="INFO">GET Request : url=https://randomuser.me/api 
 path_url=/api 
 headers={'User-Agent': 'python-requests/2.31.0', 'Accept-Encoding': 'gzip, deflate', 'Accept': '*/*', 'Connection': 'keep-alive'} 
 body=None 
 </msg>
<msg time="2024-03-30T00:57:05.583703" level="INFO">GET Response : url=https://randomuser.me/api 
 status=200, reason=OK 
 headers={'Date': 'Sat, 30 Mar 2024 00:57:05 GMT', 'Content-Type': 'application/json; charset=utf-8', 'Transfer-Encoding': 'chunked', 'Connection': 'keep-alive', 'X-Powered-By': 'Express', 'Access-Control-Allow-Origin': '*', 'Cache-Control': 'no-cache', 'ETag': 'W/"46d-yKgs5/0zvL4hFgmGfEQAEJko2V4"', 'Vary': 'Accept-Encoding', 'Content-Encoding': 'gzip', 'CF-Cache-Status': 'DYNAMIC', 'Report-To': '{"endpoints":[{"url":"https:\\/\\/a.nel.cloudflare.com\\/report\\/v4?s=BhfWDNch4RAaBapeW0NB40op1wLWDeOdCezJRNRHZw1woFQmc1pmYc259BWTmp4lqFO7i7LlzpDTFTjCYrf1tXenyL31nIWK%2BVOpActY9ZZ5%2FIVCi%2BZimBHPzDdtTmOB"}],"group":"cf-nel","max_age":604800}', 'NEL': '{"success_fraction":0,"report_to":"cf-nel","max_age":604800}', 'Server': 'cloudflare', 'CF-RAY': '86c424c168690784-IAD', 'alt-svc': 'h3=":443"; ma=86400'} 
 body={"results":[{"gender":"male","name":{"title":"Mr","first":"Rayaan","last":"Sullad"},"location":{"street":{"number":6767,"name":"Bannerghatta Rd"},"city":"Pallavaram","state":"Bihar","country":"India","postcode":14587,"coordinates":{"latitude":"11.9829","longitude":"-37.4771"},"timezone":{"offset":"-9:00","description":"Alaska"}},"email":"rayaan.sullad@example.com","login":{"uuid":"ce1a0b20-8a75-4910-94b8-4925c21e1574","username":"sadleopard329","password":"cooler","salt":"GOCuMgaJ","md5":"151e09d2a13462bead2b4dd7225e5a7b","sha1":"908302ab99bed06bcc959a96edadca2e4bf34300","sha256":"327fc0169c7403366eba8888395a25298f75f8b9435a0ba2ff696798d7b61c13"},"dob":{"date":"1978-12-25T10:10:55.296Z","age":45},"registered":{"date":"2005-07-20T12:49:44.883Z","age":18},"phone":"9108034281","cell":"7850564342","id":{"name":"UIDAI","value":"440018899494"},"picture":{"large":"https://randomuser.me/api/portraits/men/33.jpg","medium":"https://randomuser.me/api/portraits/med/men/33.jpg","thumbnail":"https://randomuser.me/api/portraits/thumb/men/33.jpg"},"nat":"IN"}],"info":{"seed":"4deb808eae268731","results":1,"page":1,"version":"1.4"}} 
 </msg>
<msg time="2024-03-30T00:57:05.583771" level="INFO">/opt/hostedtoolcache/Python/3.12.2/x64/lib/python3.12/site-packages/urllib3/connectionpool.py:1103: InsecureRequestWarning: Unverified HTTPS request is being made to host 'randomuser.me'. Adding certificate verification is strongly advised. See: https://urllib3.readthedocs.io/en/latest/advanced-usage.html#tls-warnings
  warnings.warn(</msg>
<msg time="2024-03-30T00:57:05.583885" level="INFO">${response} = &lt;Response [200]&gt;</msg>
<var>${response}</var>
<arg>consultarAPI</arg>
<arg>/api</arg>
<doc>Sends a GET request on a previously created HTTP Session.</doc>
<status status="PASS" start="2024-03-30T00:57:05.503801" elapsed="0.080140"/>
</kw>
<kw name="Set Variable" owner="BuiltIn">
<msg time="2024-03-30T00:57:05.585088" level="INFO">${json_data} = {'results': [{'gender': 'male', 'name': {'title': 'Mr', 'first': 'Rayaan', 'last': 'Sullad'}, 'location': {'street': {'number': 6767, 'name': 'Bannerghatta Rd'}, 'city': 'Pallavaram', 'state': 'Bihar'...</msg>
<var>${json_data}</var>
<arg>${response.json()}</arg>
<doc>Returns the given values which can then be assigned to a variables.</doc>
<status status="PASS" start="2024-03-30T00:57:05.584556" elapsed="0.000560"/>
</kw>
<kw name="Log" owner="BuiltIn">
<msg time="2024-03-30T00:57:05.585576" level="INFO">{'results': [{'gender': 'male', 'name': {'title': 'Mr', 'first': 'Rayaan', 'last': 'Sullad'}, 'location': {'street': {'number': 6767, 'name': 'Bannerghatta Rd'}, 'city': 'Pallavaram', 'state': 'Bihar', 'country': 'India', 'postcode': 14587, 'coordinates': {'latitude': '11.9829', 'longitude': '-37.4771'}, 'timezone': {'offset': '-9:00', 'description': 'Alaska'}}, 'email': 'rayaan.sullad@example.com', 'login': {'uuid': 'ce1a0b20-8a75-4910-94b8-4925c21e1574', 'username': 'sadleopard329', 'password': 'cooler', 'salt': 'GOCuMgaJ', 'md5': '151e09d2a13462bead2b4dd7225e5a7b', 'sha1': '908302ab99bed06bcc959a96edadca2e4bf34300', 'sha256': '327fc0169c7403366eba8888395a25298f75f8b9435a0ba2ff696798d7b61c13'}, 'dob': {'date': '1978-12-25T10:10:55.296Z', 'age': 45}, 'registered': {'date': '2005-07-20T12:49:44.883Z', 'age': 18}, 'phone': '9108034281', 'cell': '7850564342', 'id': {'name': 'UIDAI', 'value': '440018899494'}, 'picture': {'large': 'https://randomuser.me/api/portraits/men/33.jpg', 'medium': 'https://randomuser.me/api/portraits/med/men/33.jpg', 'thumbnail': 'https://randomuser.me/api/portraits/thumb/men/33.jpg'}, 'nat': 'IN'}], 'info': {'seed': '4deb808eae268731', 'results': 1, 'page': 1, 'version': '1.4'}}</msg>
<arg>${json_data}</arg>
<doc>Logs the given message with the given level.</doc>
<status status="PASS" start="2024-03-30T00:57:05.585425" elapsed="0.000230"/>
</kw>
<kw name="Should Be String" owner="String">
<arg>${json_data['results'][0]['gender']}</arg>
<doc>Fails if the given ``item`` is not a string.</doc>
<status status="PASS" start="2024-03-30T00:57:05.585956" elapsed="0.000358"/>
</kw>
<kw name="Should Match Regexp" owner="BuiltIn">
<arg>${json_data['results'][0]['email']}</arg>
<arg>^[a-zA-Z0-9._%+-]+@[a-zA-Z0-9.-]+\.[a-zA-Z]{2,}$</arg>
<doc>Fails if ``string`` does not match ``pattern`` as a regular expression.</doc>
<status status="PASS" start="2024-03-30T00:57:05.586507" elapsed="0.000491"/>
</kw>
<kw name="Should Match Regexp" owner="BuiltIn">
<arg>${json_data['results'][0]['dob']['date']}</arg>
<arg>\\d{4}-\\d{2}-\\d{2}T\\d{2}:\\d{2}:\\d{2}\\.\\d{3}Z</arg>
<doc>Fails if ``string`` does not match ``pattern`` as a regular expression.</doc>
<status status="PASS" start="2024-03-30T00:57:05.587194" elapsed="0.000486"/>
</kw>
<kw name="Should Match Regexp" owner="BuiltIn">
<arg>${json_data['results'][0]['registered']['date']}</arg>
<arg>\\d{4}-\\d{2}-\\d{2}T\\d{2}:\\d{2}:\\d{2}\\.\\d{3}Z</arg>
<doc>Fails if ``string`` does not match ``pattern`` as a regular expression.</doc>
<status status="PASS" start="2024-03-30T00:57:05.587873" elapsed="0.000369"/>
</kw>
<kw name="Should Match Regexp" owner="BuiltIn">
<arg>${json_data['results'][0]['picture']['large']}</arg>
<arg>^https?://.*\.(?:png|jpe?g|gif|bmp)$</arg>
<doc>Fails if ``string`` does not match ``pattern`` as a regular expression.</doc>
<status status="PASS" start="2024-03-30T00:57:05.588429" elapsed="0.000491"/>
</kw>
<kw name="Should Match Regexp" owner="BuiltIn">
<arg>${json_data['results'][0]['picture']['medium']}</arg>
<arg>^https?://.*\.(?:png|jpe?g|gif|bmp)$</arg>
<doc>Fails if ``string`` does not match ``pattern`` as a regular expression.</doc>
<status status="PASS" start="2024-03-30T00:57:05.589109" elapsed="0.000355"/>
</kw>
<kw name="Should Match Regexp" owner="BuiltIn">
<arg>${json_data['results'][0]['picture']['thumbnail']}</arg>
<arg>^https?://.*\.(?:png|jpe?g|gif|bmp)$</arg>
<doc>Fails if ``string`` does not match ``pattern`` as a regular expression.</doc>
<status status="PASS" start="2024-03-30T00:57:05.589645" elapsed="0.000349"/>
</kw>
<kw name="Log" owner="BuiltIn">
<msg time="2024-03-30T00:57:05.590495" level="INFO">{'large': 'https://randomuser.me/api/portraits/men/33.jpg', 'medium': 'https://randomuser.me/api/portraits/med/men/33.jpg', 'thumbnail': 'https://randomuser.me/api/portraits/thumb/men/33.jpg'}</msg>
<arg>${json_data['results'][0]['picture']}</arg>
<doc>Logs the given message with the given level.</doc>
<status status="PASS" start="2024-03-30T00:57:05.590172" elapsed="0.000368"/>
</kw>
<status status="PASS" start="2024-03-30T00:57:05.503578" elapsed="0.087215"/>
</kw>
<kw name="Teste de Tipos de Dados - Postcode" owner="random-user-service">
<kw name="GET On Session" owner="RequestsLibrary">
<msg time="2024-03-30T00:57:05.679295" level="INFO">GET Request : url=https://randomuser.me/api 
 path_url=/api 
 headers={'User-Agent': 'python-requests/2.31.0', 'Accept-Encoding': 'gzip, deflate', 'Accept': '*/*', 'Connection': 'keep-alive'} 
 body=None 
 </msg>
<msg time="2024-03-30T00:57:05.679380" level="INFO">GET Response : url=https://randomuser.me/api 
 status=200, reason=OK 
 headers={'Date': 'Sat, 30 Mar 2024 00:57:05 GMT', 'Content-Type': 'application/json; charset=utf-8', 'Transfer-Encoding': 'chunked', 'Connection': 'keep-alive', 'X-Powered-By': 'Express', 'Access-Control-Allow-Origin': '*', 'Cache-Control': 'no-cache', 'ETag': 'W/"487-QcJwGkQmyvHTdSF1RtUPFXYZKvI"', 'Vary': 'Accept-Encoding', 'Content-Encoding': 'gzip', 'CF-Cache-Status': 'DYNAMIC', 'Report-To': '{"endpoints":[{"url":"https:\\/\\/a.nel.cloudflare.com\\/report\\/v4?s=oiYuGgBZTRK8EDadjFEUAGci6%2BdVBFVkVtxcPzDWBRAAz9nVzEfJCqs475BeLGFmyZJE7eL97tZi96wtg6DM6ZhjY24e3xUrQ4KAhfVC%2BmcjyGymrK1FC8dxfacu4ygO"}],"group":"cf-nel","max_age":604800}', 'NEL': '{"success_fraction":0,"report_to":"cf-nel","max_age":604800}', 'Server': 'cloudflare', 'CF-RAY': '86c424c1f9100784-IAD', 'alt-svc': 'h3=":443"; ma=86400'} 
 body={"results":[{"gender":"male","name":{"title":"Mr","first":"Malo","last":"Olivier"},"location":{"street":{"number":3979,"name":"Esplanade du 9 Novembre 1989"},"city":"Caen","state":"Guadeloupe","country":"France","postcode":22471,"coordinates":{"latitude":"-18.5142","longitude":"-146.6974"},"timezone":{"offset":"+4:30","description":"Kabul"}},"email":"malo.olivier@example.com","login":{"uuid":"9ca62352-6d82-4f6e-927e-8f1deb81d8d1","username":"heavytiger555","password":"bowling","salt":"y2Fi7y4h","md5":"ebee72decd341c1fea7362b119942bbb","sha1":"2be168b2976aa5bf9302b6471f29f2f9755c5adc","sha256":"9809d641817a212e6607ea9e1a6f2cd1a316f973a4dba32dbbabd8d67f5e9dab"},"dob":{"date":"2000-12-21T05:58:46.213Z","age":23},"registered":{"date":"2003-12-17T18:29:01.955Z","age":20},"phone":"05-75-08-58-01","cell":"06-35-52-96-63","id":{"name":"INSEE","value":"11001100738826 37"},"picture":{"large":"https://randomuser.me/api/portraits/men/86.jpg","medium":"https://randomuser.me/api/portraits/med/men/86.jpg","thumbnail":"https://randomuser.me/api/portraits/thumb/men/86.jpg"},"nat":"FR"}],"info":{"seed":"fe1367421ce3e4ff","results":1,"page":1,"version":"1.4"}} 
 </msg>
<msg time="2024-03-30T00:57:05.679464" level="INFO">/opt/hostedtoolcache/Python/3.12.2/x64/lib/python3.12/site-packages/urllib3/connectionpool.py:1103: InsecureRequestWarning: Unverified HTTPS request is being made to host 'randomuser.me'. Adding certificate verification is strongly advised. See: https://urllib3.readthedocs.io/en/latest/advanced-usage.html#tls-warnings
  warnings.warn(</msg>
<msg time="2024-03-30T00:57:05.679588" level="INFO">${response} = &lt;Response [200]&gt;</msg>
<var>${response}</var>
<arg>consultarAPI</arg>
<arg>/api</arg>
<doc>Sends a GET request on a previously created HTTP Session.</doc>
<status status="PASS" start="2024-03-30T00:57:05.591333" elapsed="0.088309"/>
</kw>
<kw name="Set Variable" owner="BuiltIn">
<msg time="2024-03-30T00:57:05.680839" level="INFO">${json_data} = {'results': [{'gender': 'male', 'name': {'title': 'Mr', 'first': 'Malo', 'last': 'Olivier'}, 'location': {'street': {'number': 3979, 'name': 'Esplanade du 9 Novembre 1989'}, 'city': 'Caen', 'state': '...</msg>
<var>${json_data}</var>
<arg>${response.json()}</arg>
<doc>Returns the given values which can then be assigned to a variables.</doc>
<status status="PASS" start="2024-03-30T00:57:05.680243" elapsed="0.000624"/>
</kw>
<kw name="Log" owner="BuiltIn">
<msg time="2024-03-30T00:57:05.681331" level="INFO">{'results': [{'gender': 'male', 'name': {'title': 'Mr', 'first': 'Malo', 'last': 'Olivier'}, 'location': {'street': {'number': 3979, 'name': 'Esplanade du 9 Novembre 1989'}, 'city': 'Caen', 'state': 'Guadeloupe', 'country': 'France', 'postcode': 22471, 'coordinates': {'latitude': '-18.5142', 'longitude': '-146.6974'}, 'timezone': {'offset': '+4:30', 'description': 'Kabul'}}, 'email': 'malo.olivier@example.com', 'login': {'uuid': '9ca62352-6d82-4f6e-927e-8f1deb81d8d1', 'username': 'heavytiger555', 'password': 'bowling', 'salt': 'y2Fi7y4h', 'md5': 'ebee72decd341c1fea7362b119942bbb', 'sha1': '2be168b2976aa5bf9302b6471f29f2f9755c5adc', 'sha256': '9809d641817a212e6607ea9e1a6f2cd1a316f973a4dba32dbbabd8d67f5e9dab'}, 'dob': {'date': '2000-12-21T05:58:46.213Z', 'age': 23}, 'registered': {'date': '2003-12-17T18:29:01.955Z', 'age': 20}, 'phone': '05-75-08-58-01', 'cell': '06-35-52-96-63', 'id': {'name': 'INSEE', 'value': '11001100738826 37'}, 'picture': {'large': 'https://randomuser.me/api/portraits/men/86.jpg', 'medium': 'https://randomuser.me/api/portraits/med/men/86.jpg', 'thumbnail': 'https://randomuser.me/api/portraits/thumb/men/86.jpg'}, 'nat': 'FR'}], 'info': {'seed': 'fe1367421ce3e4ff', 'results': 1, 'page': 1, 'version': '1.4'}}</msg>
<arg>${json_data}</arg>
<doc>Logs the given message with the given level.</doc>
<status status="PASS" start="2024-03-30T00:57:05.681177" elapsed="0.000232"/>
</kw>
<kw name="Should Be Equal As Numbers" owner="BuiltIn">
<arg>${json_data['results'][0]['location']['postcode']}</arg>
<arg>${json_data['results'][0]['location']['postcode']}</arg>
<doc>Fails if objects are unequal after converting them to real numbers.</doc>
<status status="PASS" start="2024-03-30T00:57:05.681710" elapsed="0.000624"/>
</kw>
<kw name="Log" owner="BuiltIn">
<msg time="2024-03-30T00:57:05.682867" level="INFO">22471</msg>
<arg>${json_data['results'][0]['location']['postcode']}</arg>
<doc>Logs the given message with the given level.</doc>
<status status="PASS" start="2024-03-30T00:57:05.682530" elapsed="0.000377"/>
</kw>
<status status="PASS" start="2024-03-30T00:57:05.591000" elapsed="0.092156"/>
</kw>
<doc>Testa se os tipos de dados na resposta da API estão corretos.</doc>
<tag>testeTiposDados</tag>
<status status="PASS" start="2024-03-30T00:57:05.503052" elapsed="0.180267"/>
</test>
<test id="s1-s1-t5" name="Validar conteudo" line="35">
<kw name="Teste de Tipos de Conteudo" owner="random-user-service">
<kw name="GET On Session" owner="RequestsLibrary">
<msg time="2024-03-30T00:57:05.783192" level="INFO">GET Request : url=https://randomuser.me/api 
 path_url=/api 
 headers={'User-Agent': 'python-requests/2.31.0', 'Accept-Encoding': 'gzip, deflate', 'Accept': '*/*', 'Connection': 'keep-alive'} 
 body=None 
 </msg>
<msg time="2024-03-30T00:57:05.783275" level="INFO">GET Response : url=https://randomuser.me/api 
 status=200, reason=OK 
 headers={'Date': 'Sat, 30 Mar 2024 00:57:05 GMT', 'Content-Type': 'application/json; charset=utf-8', 'Transfer-Encoding': 'chunked', 'Connection': 'keep-alive', 'X-Powered-By': 'Express', 'Access-Control-Allow-Origin': '*', 'Cache-Control': 'no-cache', 'ETag': 'W/"487-qfPFTvlxCj6HwtAqvTSz3pHlFVY"', 'Vary': 'Accept-Encoding', 'Content-Encoding': 'gzip', 'CF-Cache-Status': 'DYNAMIC', 'Report-To': '{"endpoints":[{"url":"https:\\/\\/a.nel.cloudflare.com\\/report\\/v4?s=vLuA7mprlQjOPGkCrNdLb4sv0y19ETndyZtiQUfePzxqURD0n%2Bh05FuA7BIkCiTqvvqPlyYBiItd0rSsz0azLVgpwDseWIHt%2Fos10BfOZoLwFGrD6WXhwmpRdniNVnFc"}],"group":"cf-nel","max_age":604800}', 'NEL': '{"success_fraction":0,"report_to":"cf-nel","max_age":604800}', 'Server': 'cloudflare', 'CF-RAY': '86c424c289aa0784-IAD', 'alt-svc': 'h3=":443"; ma=86400'} 
 body={"results":[{"gender":"male","name":{"title":"Mr","first":"Dhanush","last":"Kumar"},"location":{"street":{"number":693,"name":"Dwaraka Nagar"},"city":"Gurgaon","state":"Andaman and Nicobar Islands","country":"India","postcode":87385,"coordinates":{"latitude":"4.4758","longitude":"-90.9081"},"timezone":{"offset":"+9:30","description":"Adelaide, Darwin"}},"email":"dhanush.kumar@example.com","login":{"uuid":"57e1450d-359c-4433-ae5c-71edc9717004","username":"goldenrabbit501","password":"swords","salt":"otLXqmpy","md5":"75881629450997580cae0572d5fb493d","sha1":"17e8f24b16e2df950d7600034c13ef59f5087f95","sha256":"0b4b0d3cf26e0a0cc803574b99998b0eb56b62131042c31107231e71e214d21c"},"dob":{"date":"1948-12-12T11:38:23.888Z","age":75},"registered":{"date":"2020-02-17T08:42:32.369Z","age":4},"phone":"9640400239","cell":"7788089792","id":{"name":"UIDAI","value":"943543670184"},"picture":{"large":"https://randomuser.me/api/portraits/men/85.jpg","medium":"https://randomuser.me/api/portraits/med/men/85.jpg","thumbnail":"https://randomuser.me/api/portraits/thumb/men/85.jpg"},"nat":"IN"}],"info":{"seed":"69942a1f0d131e18","results":1,"page":1,"version":"1.4"}} 
 </msg>
<msg time="2024-03-30T00:57:05.783344" level="INFO">/opt/hostedtoolcache/Python/3.12.2/x64/lib/python3.12/site-packages/urllib3/connectionpool.py:1103: InsecureRequestWarning: Unverified HTTPS request is being made to host 'randomuser.me'. Adding certificate verification is strongly advised. See: https://urllib3.readthedocs.io/en/latest/advanced-usage.html#tls-warnings
  warnings.warn(</msg>
<msg time="2024-03-30T00:57:05.783455" level="INFO">${response} = &lt;Response [200]&gt;</msg>
<var>${response}</var>
<arg>consultarAPI</arg>
<arg>/api</arg>
<doc>Sends a GET request on a previously created HTTP Session.</doc>
<status status="PASS" start="2024-03-30T00:57:05.685811" elapsed="0.097686"/>
</kw>
<kw name="Set Variable" owner="BuiltIn">
<msg time="2024-03-30T00:57:05.784480" level="INFO">${json_data} = {'results': [{'gender': 'male', 'name': {'title': 'Mr', 'first': 'Dhanush', 'last': 'Kumar'}, 'location': {'street': {'number': 693, 'name': 'Dwaraka Nagar'}, 'city': 'Gurgaon', 'state': 'Andaman and ...</msg>
<var>${json_data}</var>
<arg>${response.json()}</arg>
<doc>Returns the given values which can then be assigned to a variables.</doc>
<status status="PASS" start="2024-03-30T00:57:05.784018" elapsed="0.000496"/>
</kw>
<kw name="Set Variable" owner="BuiltIn">
<msg time="2024-03-30T00:57:05.785204" level="INFO">${name_title} = Mr</msg>
<var>${name_title}</var>
<arg>${json_data["results"][0]["name"]["title"]}</arg>
<doc>Returns the given values which can then be assigned to a variables.</doc>
<status status="PASS" start="2024-03-30T00:57:05.784829" elapsed="0.000401"/>
</kw>
<kw name="Create List" owner="BuiltIn">
<msg time="2024-03-30T00:57:05.785678" level="INFO">${allowed_titles} = ['Mr', 'Ms', 'Miss', 'Mrs', 'Madame', 'Monsieur']</msg>
<var>${allowed_titles}</var>
<arg>Mr</arg>
<arg>Ms</arg>
<arg>Miss</arg>
<arg>Mrs</arg>
<arg>Madame</arg>
<arg>Monsieur</arg>
<doc>Returns a list containing given items.</doc>
<status status="PASS" start="2024-03-30T00:57:05.785529" elapsed="0.000174"/>
</kw>
<kw name="List Should Contain Value" owner="Collections">
<msg time="2024-03-30T00:57:05.786182" level="INFO">False</msg>
<arg>${allowed_titles}</arg>
<arg>${name_title}</arg>
<doc>Fails if the ``value`` is not found from ``list``.</doc>
<status status="PASS" start="2024-03-30T00:57:05.786007" elapsed="0.000213"/>
</kw>
<kw name="Set Variable" owner="BuiltIn">
<msg time="2024-03-30T00:57:05.786886" level="INFO">${name_country} = IN</msg>
<var>${name_country}</var>
<arg>${json_data["results"][0]["nat"]}</arg>
<doc>Returns the given values which can then be assigned to a variables.</doc>
<status status="PASS" start="2024-03-30T00:57:05.786509" elapsed="0.000403"/>
</kw>
<kw name="Create List" owner="BuiltIn">
<msg time="2024-03-30T00:57:05.787820" level="INFO">${list_country} = ['AD', 'AE', 'AF', 'AG', 'AI', 'AL', 'AM', 'AO', 'AQ', 'AR', 'AS', 'AT', 'AU', 'AW', 'AX', 'AZ', 'BA', 'BB', 'BD', 'BE', 'BF', 'BG', 'BH', 'BI', 'BJ', 'BL', 'BM', 'BN', 'BO', 'BQ', 'BR', 'BS', 'BT', '...</msg>
<var>${list_country}</var>
<arg>AD</arg>
<arg>AE</arg>
<arg>AF</arg>
<arg>AG</arg>
<arg>AI</arg>
<arg>AL</arg>
<arg>AM</arg>
<arg>AO</arg>
<arg>AQ</arg>
<arg>AR</arg>
<arg>AS</arg>
<arg>AT</arg>
<arg>AU</arg>
<arg>AW</arg>
<arg>AX</arg>
<arg>AZ</arg>
<arg>BA</arg>
<arg>BB</arg>
<arg>BD</arg>
<arg>BE</arg>
<arg>BF</arg>
<arg>BG</arg>
<arg>BH</arg>
<arg>BI</arg>
<arg>BJ</arg>
<arg>BL</arg>
<arg>BM</arg>
<arg>BN</arg>
<arg>BO</arg>
<arg>BQ</arg>
<arg>BR</arg>
<arg>BS</arg>
<arg>BT</arg>
<arg>BV</arg>
<arg>BW</arg>
<arg>BY</arg>
<arg>BZ</arg>
<arg>CA</arg>
<arg>CC</arg>
<arg>CD</arg>
<arg>CF</arg>
<arg>CG</arg>
<arg>CH</arg>
<arg>CI</arg>
<arg>CK</arg>
<arg>CL</arg>
<arg>CM</arg>
<arg>CN</arg>
<arg>CO</arg>
<arg>CR</arg>
<arg>CU</arg>
<arg>CV</arg>
<arg>CW</arg>
<arg>CX</arg>
<arg>CY</arg>
<arg>CZ</arg>
<arg>DE</arg>
<arg>DJ</arg>
<arg>DK</arg>
<arg>DM</arg>
<arg>DO</arg>
<arg>DZ</arg>
<arg>EC</arg>
<arg>EE</arg>
<arg>EG</arg>
<arg>EH</arg>
<arg>ER</arg>
<arg>ES</arg>
<arg>ET</arg>
<arg>FI</arg>
<arg>FJ</arg>
<arg>FK</arg>
<arg>FM</arg>
<arg>FO</arg>
<arg>FR</arg>
<arg>GA</arg>
<arg>GB</arg>
<arg>GD</arg>
<arg>GE</arg>
<arg>GF</arg>
<arg>GG</arg>
<arg>GH</arg>
<arg>GI</arg>
<arg>GL</arg>
<arg>GM</arg>
<arg>GN</arg>
<arg>GP</arg>
<arg>GQ</arg>
<arg>GR</arg>
<arg>GS</arg>
<arg>GT</arg>
<arg>GU</arg>
<arg>GW</arg>
<arg>GY</arg>
<arg>HK</arg>
<arg>HM</arg>
<arg>HN</arg>
<arg>HR</arg>
<arg>HT</arg>
<arg>HU</arg>
<arg>ID</arg>
<arg>IE</arg>
<arg>IL</arg>
<arg>IM</arg>
<arg>IN</arg>
<arg>IO</arg>
<arg>IQ</arg>
<arg>IR</arg>
<arg>IS</arg>
<arg>IT</arg>
<arg>JE</arg>
<arg>JM</arg>
<arg>JO</arg>
<arg>JP</arg>
<arg>KE</arg>
<arg>KG</arg>
<arg>KH</arg>
<arg>KI</arg>
<arg>KM</arg>
<arg>KN</arg>
<arg>KP</arg>
<arg>KR</arg>
<arg>KW</arg>
<arg>KY</arg>
<arg>KZ</arg>
<arg>LA</arg>
<arg>LB</arg>
<arg>LC</arg>
<arg>LI</arg>
<arg>LK</arg>
<arg>LR</arg>
<arg>LS</arg>
<arg>LT</arg>
<arg>LU</arg>
<arg>LV</arg>
<arg>LY</arg>
<arg>MA</arg>
<arg>MC</arg>
<arg>MD</arg>
<arg>ME</arg>
<arg>MF</arg>
<arg>MG</arg>
<arg>MH</arg>
<arg>MK</arg>
<arg>ML</arg>
<arg>MM</arg>
<arg>MN</arg>
<arg>MO</arg>
<arg>MP</arg>
<arg>MQ</arg>
<arg>MR</arg>
<arg>MS</arg>
<arg>MT</arg>
<arg>MU</arg>
<arg>MV</arg>
<arg>MW</arg>
<arg>MX</arg>
<arg>MY</arg>
<arg>MZ</arg>
<arg>NA</arg>
<arg>NC</arg>
<arg>NE</arg>
<arg>NF</arg>
<arg>NG</arg>
<arg>NI</arg>
<arg>NL</arg>
<arg>NO</arg>
<arg>NP</arg>
<arg>NR</arg>
<arg>NU</arg>
<arg>NZ</arg>
<arg>OM</arg>
<arg>PA</arg>
<arg>PE</arg>
<arg>PF</arg>
<arg>PG</arg>
<arg>PH</arg>
<arg>PK</arg>
<arg>PL</arg>
<arg>PM</arg>
<arg>PN</arg>
<arg>PR</arg>
<arg>PS</arg>
<arg>PT</arg>
<arg>PW</arg>
<arg>PY</arg>
<arg>QA</arg>
<arg>RE</arg>
<arg>RO</arg>
<arg>RS</arg>
<arg>RU</arg>
<arg>RW</arg>
<arg>SA</arg>
<arg>SB</arg>
<arg>SC</arg>
<arg>SD</arg>
<arg>SE</arg>
<arg>SG</arg>
<arg>SH</arg>
<arg>SI</arg>
<arg>SJ</arg>
<arg>SK</arg>
<arg>SL</arg>
<arg>SM</arg>
<arg>SN</arg>
<arg>SO</arg>
<arg>SR</arg>
<arg>SS</arg>
<arg>ST</arg>
<arg>SV</arg>
<arg>SX</arg>
<arg>SY</arg>
<arg>SZ</arg>
<arg>TC</arg>
<arg>TD</arg>
<arg>TF</arg>
<arg>TG</arg>
<arg>TH</arg>
<arg>TJ</arg>
<arg>TK</arg>
<arg>TL</arg>
<arg>TM</arg>
<arg>TN</arg>
<arg>TO</arg>
<arg>TR</arg>
<arg>TT</arg>
<arg>TV</arg>
<arg>TW</arg>
<arg>TZ</arg>
<arg>UA</arg>
<arg>UG</arg>
<arg>UM</arg>
<arg>US</arg>
<arg>UY</arg>
<arg>UZ</arg>
<arg>VA</arg>
<arg>VC</arg>
<arg>VE</arg>
<arg>VG</arg>
<arg>VI</arg>
<arg>VN</arg>
<arg>VU</arg>
<arg>WF</arg>
<arg>WS</arg>
<arg>XK</arg>
<arg>YE</arg>
<arg>YT</arg>
<arg>ZA</arg>
<arg>ZM</arg>
<arg>ZW</arg>
<doc>Returns a list containing given items.</doc>
<status status="PASS" start="2024-03-30T00:57:05.787222" elapsed="0.000624"/>
</kw>
<kw name="List Should Contain Value" owner="Collections">
<msg time="2024-03-30T00:57:05.788975" level="INFO">False</msg>
<arg>${list_country}</arg>
<arg>${name_country}</arg>
<doc>Fails if the ``value`` is not found from ``list``.</doc>
<status status="PASS" start="2024-03-30T00:57:05.788763" elapsed="0.000250"/>
</kw>
<kw name="Run Keyword If" owner="BuiltIn">
<kw name="Should Be True" owner="BuiltIn">
<arg>${True}</arg>
<doc>Fails if the given condition is not true.</doc>
<status status="PASS" start="2024-03-30T00:57:05.790075" elapsed="0.000145"/>
</kw>
<arg>${json_data["results"][0]["location"]["coordinates"]["latitude"]} &gt;= -90 and ${json_data["results"][0]["location"]["coordinates"]["latitude"]} &lt;= 90</arg>
<arg>Should Be True</arg>
<arg>${True}</arg>
<doc>Runs the given keyword with the given arguments, if ``condition`` is true.</doc>
<status status="PASS" start="2024-03-30T00:57:05.789324" elapsed="0.001025"/>
</kw>
<kw name="Run Keyword If" owner="BuiltIn">
<kw name="Should Be True" owner="BuiltIn">
<arg>${True}</arg>
<doc>Fails if the given condition is not true.</doc>
<status status="PASS" start="2024-03-30T00:57:05.791238" elapsed="0.000139"/>
</kw>
<arg>${json_data["results"][0]["location"]["coordinates"]["longitude"]} &gt;= -180 and ${json_data["results"][0]["location"]["coordinates"]["longitude"]} &lt;= 180</arg>
<arg>Should Be True</arg>
<arg>${True}</arg>
<doc>Runs the given keyword with the given arguments, if ``condition`` is true.</doc>
<status status="PASS" start="2024-03-30T00:57:05.790536" elapsed="0.000967"/>
</kw>
<status status="PASS" start="2024-03-30T00:57:05.685589" elapsed="0.106044"/>
</kw>
<doc>Testa o conteúdo específico dos campos retornados pela API.</doc>
<tag>testeConteudo</tag>
<status status="PASS" start="2024-03-30T00:57:05.685083" elapsed="0.106697"/>
</test>
<status status="PASS" start="2024-03-30T00:57:05.014126" elapsed="0.779613"/>
</suite>
<status status="PASS" start="2024-03-30T00:57:05.000670" elapsed="0.798396"/>
</suite>
<statistics>
<total>
<stat pass="5" fail="0" skip="0">All Tests</stat>
</total>
<tag>
<stat pass="1" fail="0" skip="0">testeConteudo</stat>
<stat pass="1" fail="0" skip="0">testeEstruturaResposta</stat>
<stat pass="1" fail="0" skip="0">testeRequisicaoBasica</stat>
<stat pass="1" fail="0" skip="0">testeTiposDados</stat>
</tag>
<suite>
<stat pass="5" fail="0" skip="0" id="s1" name="Tests">Tests</stat>
<stat pass="5" fail="0" skip="0" id="s1-s1" name="Random-User-Test">Tests.Random-User-Test</stat>
</suite>
</statistics>
<errors>
</errors>
</robot>
