<?xml version="1.0" encoding="UTF-8"?>
<robot generator="Robot 7.0 (Python 3.12.2 on linux)" generated="2024-03-28T06:17:37.934022" rpa="false" schemaversion="5">
<suite id="s1" name="Tests" source="/home/runner/work/DesafioQAItauRogerioJordao/DesafioQAItauRogerioJordao/RamdonUser/tests">
<suite id="s1-s1" name="Random-User-Test" source="/home/runner/work/DesafioQAItauRogerioJordao/DesafioQAItauRogerioJordao/RamdonUser/tests/random-user-test.robot">
<test id="s1-s1-t1" name="Conectar" line="13">
<kw name="Conectar API" owner="random-user-service">
<kw name="Create Session" owner="RequestsLibrary">
<msg time="2024-03-28T06:17:38.310245" level="INFO">Creating Session using : alias=consultarAPI, url=https://randomuser.me/, headers={},                     cookies={}, auth=None, timeout=None, proxies=None, verify=False,                     debug=0 </msg>
<arg>consultarAPI</arg>
<arg>${URL}</arg>
<doc>Create Session: create a HTTP session to a server</doc>
<status status="PASS" start="2024-03-28T06:17:38.310041" elapsed="0.000374"/>
</kw>
<status status="PASS" start="2024-03-28T06:17:38.309003" elapsed="0.001766"/>
</kw>
<status status="PASS" start="2024-03-28T06:17:38.308378" elapsed="0.002592"/>
</test>
<test id="s1-s1-t2" name="Validar retorno 200 e JSON Válido" line="16">
<kw name="Teste de Requisicao Basica" owner="random-user-service">
<kw name="GET On Session" owner="RequestsLibrary">
<msg time="2024-03-28T06:17:38.524894" level="INFO">GET Request : url=https://randomuser.me/api 
 path_url=/api 
 headers={'User-Agent': 'python-requests/2.31.0', 'Accept-Encoding': 'gzip, deflate', 'Accept': '*/*', 'Connection': 'keep-alive'} 
 body=None 
 </msg>
<msg time="2024-03-28T06:17:38.525073" level="INFO">GET Response : url=https://randomuser.me/api 
 status=200, reason=OK 
 headers={'Date': 'Thu, 28 Mar 2024 06:17:38 GMT', 'Content-Type': 'application/json; charset=utf-8', 'Transfer-Encoding': 'chunked', 'Connection': 'keep-alive', 'X-Powered-By': 'Express', 'Access-Control-Allow-Origin': '*', 'Cache-Control': 'no-cache', 'ETag': 'W/"49b-tOeTnAFE4z6nDvBhRpRUPKGoO1M"', 'Vary': 'Accept-Encoding', 'Content-Encoding': 'gzip', 'CF-Cache-Status': 'DYNAMIC', 'Report-To': '{"endpoints":[{"url":"https:\\/\\/a.nel.cloudflare.com\\/report\\/v4?s=361ZaYsBmMpb8W0iZq7y0P1oQHnWhJjJsVvsY5KH1YN6jbuSvWUffrQ6QUGKgDbKMpg9MdNNPapB%2FbAVt56tCY2P6diHN21OHxKeN%2BnC%2BRze6TRvDB%2FpN02uD5SkyQtH"}],"group":"cf-nel","max_age":604800}', 'NEL': '{"success_fraction":0,"report_to":"cf-nel","max_age":604800}', 'Server': 'cloudflare', 'CF-RAY': '86b57f8f4c84174e-SJC', 'alt-svc': 'h3=":443"; ma=86400'} 
 body={"results":[{"gender":"male","name":{"title":"Mr","first":"Hilmar","last":"Goldbach"},"location":{"street":{"number":9204,"name":"Mittelstraße"},"city":"Siegen","state":"Hessen","country":"Germany","postcode":50884,"coordinates":{"latitude":"-51.5791","longitude":"-4.5517"},"timezone":{"offset":"0:00","description":"Western Europe Time, London, Lisbon, Casablanca"}},"email":"hilmar.goldbach@example.com","login":{"uuid":"736eac67-3b0c-46ee-af48-8ac356d42923","username":"brownleopard589","password":"wind","salt":"nQdXy46j","md5":"a063cc5e2941748241e1bce592c873d7","sha1":"fe3f13af06747bc10fd55cd97202f9716f05314e","sha256":"00a7daac012c1058e9b64b919bf5fd5af55f8bb80efcbe7d16067e6f04db4276"},"dob":{"date":"1980-12-30T19:35:06.691Z","age":43},"registered":{"date":"2017-10-15T14:32:32.283Z","age":6},"phone":"0348-3151296","cell":"0177-8764149","id":{"name":"SVNR","value":"51 301280 G 183"},"picture":{"large":"https://randomuser.me/api/portraits/men/23.jpg","medium":"https://randomuser.me/api/portraits/med/men/23.jpg","thumbnail":"https://randomuser.me/api/portraits/thumb/men/23.jpg"},"nat":"DE"}],"info":{"seed":"351aca2e68c2875a","results":1,"page":1,"version":"1.4"}} 
 </msg>
<msg time="2024-03-28T06:17:38.525210" level="INFO">/opt/hostedtoolcache/Python/3.12.2/x64/lib/python3.12/site-packages/urllib3/connectionpool.py:1103: InsecureRequestWarning: Unverified HTTPS request is being made to host 'randomuser.me'. Adding certificate verification is strongly advised. See: https://urllib3.readthedocs.io/en/latest/advanced-usage.html#tls-warnings
  warnings.warn(</msg>
<msg time="2024-03-28T06:17:38.525373" level="INFO">${response} = &lt;Response [200]&gt;</msg>
<var>${response}</var>
<arg>consultarAPI</arg>
<arg>/api</arg>
<doc>Sends a GET request on a previously created HTTP Session.</doc>
<status status="PASS" start="2024-03-28T06:17:38.313599" elapsed="0.211809"/>
</kw>
<kw name="Should Be Equal As Numbers" owner="BuiltIn">
<msg time="2024-03-28T06:17:38.526441" level="INFO">Argument types are:
&lt;class 'int'&gt;
&lt;class 'str'&gt;</msg>
<arg>${response.status_code}</arg>
<arg>200</arg>
<doc>Fails if objects are unequal after converting them to real numbers.</doc>
<status status="PASS" start="2024-03-28T06:17:38.525962" elapsed="0.000545"/>
</kw>
<kw name="Log" owner="BuiltIn">
<msg time="2024-03-28T06:17:38.527185" level="INFO">200</msg>
<arg>${response.status_code}</arg>
<doc>Logs the given message with the given level.</doc>
<status status="PASS" start="2024-03-28T06:17:38.526830" elapsed="0.000398"/>
</kw>
<kw name="Set Variable" owner="BuiltIn">
<msg time="2024-03-28T06:17:38.528002" level="INFO">${json_data} = {'results': [{'gender': 'male', 'name': {'title': 'Mr', 'first': 'Hilmar', 'last': 'Goldbach'}, 'location': {'street': {'number': 9204, 'name': 'Mittelstraße'}, 'city': 'Siegen', 'state': 'Hessen', 'c...</msg>
<var>${json_data}</var>
<arg>${response.json()}</arg>
<doc>Returns the given values which can then be assigned to a variables.</doc>
<status status="PASS" start="2024-03-28T06:17:38.527547" elapsed="0.000485"/>
</kw>
<kw name="Dictionary Should Contain Key" owner="Collections">
<msg time="2024-03-28T06:17:38.528509" level="INFO">False</msg>
<arg>${json_data}</arg>
<arg>results</arg>
<doc>Fails if ``key`` is not found from ``dictionary``.</doc>
<status status="PASS" start="2024-03-28T06:17:38.528338" elapsed="0.000212"/>
</kw>
<status status="PASS" start="2024-03-28T06:17:38.313350" elapsed="0.215458"/>
</kw>
<doc>Testa se a API responde corretamente e retorna um objeto JSON válido.</doc>
<tag>testeRequisicaoBasica</tag>
<status status="PASS" start="2024-03-28T06:17:38.312800" elapsed="0.216204"/>
</test>
<test id="s1-s1-t3" name="Validar estrutura de resposta" line="22">
<kw name="Teste de Estrutura de Resposta" owner="random-user-service">
<kw name="GET On Session" owner="RequestsLibrary">
<msg time="2024-03-28T06:17:38.623546" level="INFO">GET Request : url=https://randomuser.me/api 
 path_url=/api 
 headers={'User-Agent': 'python-requests/2.31.0', 'Accept-Encoding': 'gzip, deflate', 'Accept': '*/*', 'Connection': 'keep-alive'} 
 body=None 
 </msg>
<msg time="2024-03-28T06:17:38.623634" level="INFO">GET Response : url=https://randomuser.me/api 
 status=200, reason=OK 
 headers={'Date': 'Thu, 28 Mar 2024 06:17:38 GMT', 'Content-Type': 'application/json; charset=utf-8', 'Transfer-Encoding': 'chunked', 'Connection': 'keep-alive', 'X-Powered-By': 'Express', 'Access-Control-Allow-Origin': '*', 'Cache-Control': 'no-cache', 'ETag': 'W/"494-mZ+PgUPbJpvV5Ps8axDvoO0TxCg"', 'Vary': 'Accept-Encoding', 'Content-Encoding': 'gzip', 'CF-Cache-Status': 'DYNAMIC', 'Report-To': '{"endpoints":[{"url":"https:\\/\\/a.nel.cloudflare.com\\/report\\/v4?s=%2BglYbky7kCgHw8BuXOxo81E9KVgn3bJTS7qvN5Gq8Cw4m5pCXDJbjApotPNklILixm3vQ%2FUW%2B34pci37%2Bs75UQBKqVozGoLm0AthPqhI2Za2Q%2FuC0itCKMXoCs1tkDGB"}],"group":"cf-nel","max_age":604800}', 'NEL': '{"success_fraction":0,"report_to":"cf-nel","max_age":604800}', 'Server': 'cloudflare', 'CF-RAY': '86b57f8fdcf7174e-SJC', 'alt-svc': 'h3=":443"; ma=86400'} 
 body={"results":[{"gender":"female","name":{"title":"Miss","first":"Delia","last":"Granados"},"location":{"street":{"number":8624,"name":"Peatonal Tlaxcala"},"city":"San Andrés Tlalamac","state":"Puebla","country":"Mexico","postcode":60991,"coordinates":{"latitude":"21.8197","longitude":"49.0587"},"timezone":{"offset":"+5:45","description":"Kathmandu"}},"email":"delia.granados@example.com","login":{"uuid":"461cdcaa-9a99-4bad-97e9-9d543143e8ea","username":"purplelion849","password":"transfer","salt":"PLMQO22B","md5":"a388356a636bcd5114c0b1f99ef8feb2","sha1":"20fa91728a9ee5f35be756a06dc572fb39d3b2c0","sha256":"81dbdfb2bf99b4966876af3eb3fd0f85519be083767fd867a1d6ecba45382cdd"},"dob":{"date":"1963-10-03T11:48:18.127Z","age":60},"registered":{"date":"2008-06-13T01:22:07.739Z","age":15},"phone":"(612) 295 9607","cell":"(690) 546 7825","id":{"name":"NSS","value":"33 63 82 9384 6"},"picture":{"large":"https://randomuser.me/api/portraits/women/22.jpg","medium":"https://randomuser.me/api/portraits/med/women/22.jpg","thumbnail":"https://randomuser.me/api/portraits/thumb/women/22.jpg"},"nat":"MX"}],"info":{"seed":"ee8845d2b1df5d46","results":1,"page":1,"version":"1.4"}} 
 </msg>
<msg time="2024-03-28T06:17:38.623770" level="INFO">/opt/hostedtoolcache/Python/3.12.2/x64/lib/python3.12/site-packages/urllib3/connectionpool.py:1103: InsecureRequestWarning: Unverified HTTPS request is being made to host 'randomuser.me'. Adding certificate verification is strongly advised. See: https://urllib3.readthedocs.io/en/latest/advanced-usage.html#tls-warnings
  warnings.warn(</msg>
<msg time="2024-03-28T06:17:38.623907" level="INFO">${response} = &lt;Response [200]&gt;</msg>
<var>${response}</var>
<arg>consultarAPI</arg>
<arg>/api</arg>
<doc>Sends a GET request on a previously created HTTP Session.</doc>
<status status="PASS" start="2024-03-28T06:17:38.531853" elapsed="0.092099"/>
</kw>
<kw name="Set Variable" owner="BuiltIn">
<msg time="2024-03-28T06:17:38.624942" level="INFO">${json_data} = {'results': [{'gender': 'female', 'name': {'title': 'Miss', 'first': 'Delia', 'last': 'Granados'}, 'location': {'street': {'number': 8624, 'name': 'Peatonal Tlaxcala'}, 'city': 'San Andrés Tlalamac', ...</msg>
<var>${json_data}</var>
<arg>${response.json()}</arg>
<doc>Returns the given values which can then be assigned to a variables.</doc>
<status status="PASS" start="2024-03-28T06:17:38.624416" elapsed="0.000557"/>
</kw>
<kw name="Log" owner="BuiltIn">
<msg time="2024-03-28T06:17:38.625460" level="INFO">{'results': [{'gender': 'female', 'name': {'title': 'Miss', 'first': 'Delia', 'last': 'Granados'}, 'location': {'street': {'number': 8624, 'name': 'Peatonal Tlaxcala'}, 'city': 'San Andrés Tlalamac', 'state': 'Puebla', 'country': 'Mexico', 'postcode': 60991, 'coordinates': {'latitude': '21.8197', 'longitude': '49.0587'}, 'timezone': {'offset': '+5:45', 'description': 'Kathmandu'}}, 'email': 'delia.granados@example.com', 'login': {'uuid': '461cdcaa-9a99-4bad-97e9-9d543143e8ea', 'username': 'purplelion849', 'password': 'transfer', 'salt': 'PLMQO22B', 'md5': 'a388356a636bcd5114c0b1f99ef8feb2', 'sha1': '20fa91728a9ee5f35be756a06dc572fb39d3b2c0', 'sha256': '81dbdfb2bf99b4966876af3eb3fd0f85519be083767fd867a1d6ecba45382cdd'}, 'dob': {'date': '1963-10-03T11:48:18.127Z', 'age': 60}, 'registered': {'date': '2008-06-13T01:22:07.739Z', 'age': 15}, 'phone': '(612) 295 9607', 'cell': '(690) 546 7825', 'id': {'name': 'NSS', 'value': '33 63 82 9384 6'}, 'picture': {'large': 'https://randomuser.me/api/portraits/women/22.jpg', 'medium': 'https://randomuser.me/api/portraits/med/women/22.jpg', 'thumbnail': 'https://randomuser.me/api/portraits/thumb/women/22.jpg'}, 'nat': 'MX'}], 'info': {'seed': 'ee8845d2b1df5d46', 'results': 1, 'page': 1, 'version': '1.4'}}</msg>
<arg>${json_data}</arg>
<doc>Logs the given message with the given level.</doc>
<status status="PASS" start="2024-03-28T06:17:38.625294" elapsed="0.000217"/>
</kw>
<kw name="Dictionary Should Contain Key" owner="Collections">
<msg time="2024-03-28T06:17:38.626023" level="INFO">False</msg>
<arg>${json_data}</arg>
<arg>results</arg>
<doc>Fails if ``key`` is not found from ``dictionary``.</doc>
<status status="PASS" start="2024-03-28T06:17:38.625817" elapsed="0.000245"/>
</kw>
<kw name="Should Not Be Empty" owner="BuiltIn">
<msg time="2024-03-28T06:17:38.626503" level="INFO">Length is 2.</msg>
<arg>${json_data}</arg>
<doc>Verifies that the given item is not empty.</doc>
<status status="PASS" start="2024-03-28T06:17:38.626366" elapsed="0.000176"/>
</kw>
<kw name="Create List" owner="BuiltIn">
<msg time="2024-03-28T06:17:38.626997" level="INFO">${expected_keys} = ['gender', 'name', 'location', 'email', 'login']</msg>
<var>${expected_keys}</var>
<arg>gender</arg>
<arg>name</arg>
<arg>location</arg>
<arg>email</arg>
<arg>login</arg>
<doc>Returns a list containing given items.</doc>
<status status="PASS" start="2024-03-28T06:17:38.626840" elapsed="0.000183"/>
</kw>
<for flavor="IN">
<iter>
<kw name="Dictionary Should Contain Key" owner="Collections">
<msg time="2024-03-28T06:17:38.628031" level="INFO">False</msg>
<arg>${json_data['results'][0]}</arg>
<arg>${key}</arg>
<doc>Fails if ``key`` is not found from ``dictionary``.</doc>
<status status="PASS" start="2024-03-28T06:17:38.627627" elapsed="0.000444"/>
</kw>
<kw name="Log" owner="BuiltIn">
<msg time="2024-03-28T06:17:38.628760" level="INFO">{'gender': 'female', 'name': {'title': 'Miss', 'first': 'Delia', 'last': 'Granados'}, 'location': {'street': {'number': 8624, 'name': 'Peatonal Tlaxcala'}, 'city': 'San Andrés Tlalamac', 'state': 'Puebla', 'country': 'Mexico', 'postcode': 60991, 'coordinates': {'latitude': '21.8197', 'longitude': '49.0587'}, 'timezone': {'offset': '+5:45', 'description': 'Kathmandu'}}, 'email': 'delia.granados@example.com', 'login': {'uuid': '461cdcaa-9a99-4bad-97e9-9d543143e8ea', 'username': 'purplelion849', 'password': 'transfer', 'salt': 'PLMQO22B', 'md5': 'a388356a636bcd5114c0b1f99ef8feb2', 'sha1': '20fa91728a9ee5f35be756a06dc572fb39d3b2c0', 'sha256': '81dbdfb2bf99b4966876af3eb3fd0f85519be083767fd867a1d6ecba45382cdd'}, 'dob': {'date': '1963-10-03T11:48:18.127Z', 'age': 60}, 'registered': {'date': '2008-06-13T01:22:07.739Z', 'age': 15}, 'phone': '(612) 295 9607', 'cell': '(690) 546 7825', 'id': {'name': 'NSS', 'value': '33 63 82 9384 6'}, 'picture': {'large': 'https://randomuser.me/api/portraits/women/22.jpg', 'medium': 'https://randomuser.me/api/portraits/med/women/22.jpg', 'thumbnail': 'https://randomuser.me/api/portraits/thumb/women/22.jpg'}, 'nat': 'MX'}</msg>
<arg>${json_data['results'][0]}</arg>
<doc>Logs the given message with the given level.</doc>
<status status="PASS" start="2024-03-28T06:17:38.628381" elapsed="0.000434"/>
</kw>
<kw name="Log" owner="BuiltIn">
<msg time="2024-03-28T06:17:38.629258" level="INFO">gender</msg>
<arg>${key}</arg>
<doc>Logs the given message with the given level.</doc>
<status status="PASS" start="2024-03-28T06:17:38.629124" elapsed="0.000175"/>
</kw>
<var name="${key}">gender</var>
<status status="PASS" start="2024-03-28T06:17:38.627490" elapsed="0.002032"/>
</iter>
<iter>
<kw name="Dictionary Should Contain Key" owner="Collections">
<msg time="2024-03-28T06:17:38.630244" level="INFO">False</msg>
<arg>${json_data['results'][0]}</arg>
<arg>${key}</arg>
<doc>Fails if ``key`` is not found from ``dictionary``.</doc>
<status status="PASS" start="2024-03-28T06:17:38.629827" elapsed="0.000455"/>
</kw>
<kw name="Log" owner="BuiltIn">
<msg time="2024-03-28T06:17:38.630978" level="INFO">{'gender': 'female', 'name': {'title': 'Miss', 'first': 'Delia', 'last': 'Granados'}, 'location': {'street': {'number': 8624, 'name': 'Peatonal Tlaxcala'}, 'city': 'San Andrés Tlalamac', 'state': 'Puebla', 'country': 'Mexico', 'postcode': 60991, 'coordinates': {'latitude': '21.8197', 'longitude': '49.0587'}, 'timezone': {'offset': '+5:45', 'description': 'Kathmandu'}}, 'email': 'delia.granados@example.com', 'login': {'uuid': '461cdcaa-9a99-4bad-97e9-9d543143e8ea', 'username': 'purplelion849', 'password': 'transfer', 'salt': 'PLMQO22B', 'md5': 'a388356a636bcd5114c0b1f99ef8feb2', 'sha1': '20fa91728a9ee5f35be756a06dc572fb39d3b2c0', 'sha256': '81dbdfb2bf99b4966876af3eb3fd0f85519be083767fd867a1d6ecba45382cdd'}, 'dob': {'date': '1963-10-03T11:48:18.127Z', 'age': 60}, 'registered': {'date': '2008-06-13T01:22:07.739Z', 'age': 15}, 'phone': '(612) 295 9607', 'cell': '(690) 546 7825', 'id': {'name': 'NSS', 'value': '33 63 82 9384 6'}, 'picture': {'large': 'https://randomuser.me/api/portraits/women/22.jpg', 'medium': 'https://randomuser.me/api/portraits/med/women/22.jpg', 'thumbnail': 'https://randomuser.me/api/portraits/thumb/women/22.jpg'}, 'nat': 'MX'}</msg>
<arg>${json_data['results'][0]}</arg>
<doc>Logs the given message with the given level.</doc>
<status status="PASS" start="2024-03-28T06:17:38.630616" elapsed="0.000411"/>
</kw>
<kw name="Log" owner="BuiltIn">
<msg time="2024-03-28T06:17:38.631459" level="INFO">name</msg>
<arg>${key}</arg>
<doc>Logs the given message with the given level.</doc>
<status status="PASS" start="2024-03-28T06:17:38.631328" elapsed="0.000169"/>
</kw>
<var name="${key}">name</var>
<status status="PASS" start="2024-03-28T06:17:38.629711" elapsed="0.002001"/>
</iter>
<iter>
<kw name="Dictionary Should Contain Key" owner="Collections">
<msg time="2024-03-28T06:17:38.632391" level="INFO">False</msg>
<arg>${json_data['results'][0]}</arg>
<arg>${key}</arg>
<doc>Fails if ``key`` is not found from ``dictionary``.</doc>
<status status="PASS" start="2024-03-28T06:17:38.632006" elapsed="0.000422"/>
</kw>
<kw name="Log" owner="BuiltIn">
<msg time="2024-03-28T06:17:38.633093" level="INFO">{'gender': 'female', 'name': {'title': 'Miss', 'first': 'Delia', 'last': 'Granados'}, 'location': {'street': {'number': 8624, 'name': 'Peatonal Tlaxcala'}, 'city': 'San Andrés Tlalamac', 'state': 'Puebla', 'country': 'Mexico', 'postcode': 60991, 'coordinates': {'latitude': '21.8197', 'longitude': '49.0587'}, 'timezone': {'offset': '+5:45', 'description': 'Kathmandu'}}, 'email': 'delia.granados@example.com', 'login': {'uuid': '461cdcaa-9a99-4bad-97e9-9d543143e8ea', 'username': 'purplelion849', 'password': 'transfer', 'salt': 'PLMQO22B', 'md5': 'a388356a636bcd5114c0b1f99ef8feb2', 'sha1': '20fa91728a9ee5f35be756a06dc572fb39d3b2c0', 'sha256': '81dbdfb2bf99b4966876af3eb3fd0f85519be083767fd867a1d6ecba45382cdd'}, 'dob': {'date': '1963-10-03T11:48:18.127Z', 'age': 60}, 'registered': {'date': '2008-06-13T01:22:07.739Z', 'age': 15}, 'phone': '(612) 295 9607', 'cell': '(690) 546 7825', 'id': {'name': 'NSS', 'value': '33 63 82 9384 6'}, 'picture': {'large': 'https://randomuser.me/api/portraits/women/22.jpg', 'medium': 'https://randomuser.me/api/portraits/med/women/22.jpg', 'thumbnail': 'https://randomuser.me/api/portraits/thumb/women/22.jpg'}, 'nat': 'MX'}</msg>
<arg>${json_data['results'][0]}</arg>
<doc>Logs the given message with the given level.</doc>
<status status="PASS" start="2024-03-28T06:17:38.632729" elapsed="0.000418"/>
</kw>
<kw name="Log" owner="BuiltIn">
<msg time="2024-03-28T06:17:38.633572" level="INFO">location</msg>
<arg>${key}</arg>
<doc>Logs the given message with the given level.</doc>
<status status="PASS" start="2024-03-28T06:17:38.633444" elapsed="0.000165"/>
</kw>
<var name="${key}">location</var>
<status status="PASS" start="2024-03-28T06:17:38.631894" elapsed="0.001929"/>
</iter>
<iter>
<kw name="Dictionary Should Contain Key" owner="Collections">
<msg time="2024-03-28T06:17:38.634539" level="INFO">False</msg>
<arg>${json_data['results'][0]}</arg>
<arg>${key}</arg>
<doc>Fails if ``key`` is not found from ``dictionary``.</doc>
<status status="PASS" start="2024-03-28T06:17:38.634154" elapsed="0.000423"/>
</kw>
<kw name="Log" owner="BuiltIn">
<msg time="2024-03-28T06:17:38.635234" level="INFO">{'gender': 'female', 'name': {'title': 'Miss', 'first': 'Delia', 'last': 'Granados'}, 'location': {'street': {'number': 8624, 'name': 'Peatonal Tlaxcala'}, 'city': 'San Andrés Tlalamac', 'state': 'Puebla', 'country': 'Mexico', 'postcode': 60991, 'coordinates': {'latitude': '21.8197', 'longitude': '49.0587'}, 'timezone': {'offset': '+5:45', 'description': 'Kathmandu'}}, 'email': 'delia.granados@example.com', 'login': {'uuid': '461cdcaa-9a99-4bad-97e9-9d543143e8ea', 'username': 'purplelion849', 'password': 'transfer', 'salt': 'PLMQO22B', 'md5': 'a388356a636bcd5114c0b1f99ef8feb2', 'sha1': '20fa91728a9ee5f35be756a06dc572fb39d3b2c0', 'sha256': '81dbdfb2bf99b4966876af3eb3fd0f85519be083767fd867a1d6ecba45382cdd'}, 'dob': {'date': '1963-10-03T11:48:18.127Z', 'age': 60}, 'registered': {'date': '2008-06-13T01:22:07.739Z', 'age': 15}, 'phone': '(612) 295 9607', 'cell': '(690) 546 7825', 'id': {'name': 'NSS', 'value': '33 63 82 9384 6'}, 'picture': {'large': 'https://randomuser.me/api/portraits/women/22.jpg', 'medium': 'https://randomuser.me/api/portraits/med/women/22.jpg', 'thumbnail': 'https://randomuser.me/api/portraits/thumb/women/22.jpg'}, 'nat': 'MX'}</msg>
<arg>${json_data['results'][0]}</arg>
<doc>Logs the given message with the given level.</doc>
<status status="PASS" start="2024-03-28T06:17:38.634877" elapsed="0.000406"/>
</kw>
<kw name="Log" owner="BuiltIn">
<msg time="2024-03-28T06:17:38.635703" level="INFO">email</msg>
<arg>${key}</arg>
<doc>Logs the given message with the given level.</doc>
<status status="PASS" start="2024-03-28T06:17:38.635576" elapsed="0.000165"/>
</kw>
<var name="${key}">email</var>
<status status="PASS" start="2024-03-28T06:17:38.634036" elapsed="0.001917"/>
</iter>
<iter>
<kw name="Dictionary Should Contain Key" owner="Collections">
<msg time="2024-03-28T06:17:38.636634" level="INFO">False</msg>
<arg>${json_data['results'][0]}</arg>
<arg>${key}</arg>
<doc>Fails if ``key`` is not found from ``dictionary``.</doc>
<status status="PASS" start="2024-03-28T06:17:38.636240" elapsed="0.000431"/>
</kw>
<kw name="Log" owner="BuiltIn">
<msg time="2024-03-28T06:17:38.637330" level="INFO">{'gender': 'female', 'name': {'title': 'Miss', 'first': 'Delia', 'last': 'Granados'}, 'location': {'street': {'number': 8624, 'name': 'Peatonal Tlaxcala'}, 'city': 'San Andrés Tlalamac', 'state': 'Puebla', 'country': 'Mexico', 'postcode': 60991, 'coordinates': {'latitude': '21.8197', 'longitude': '49.0587'}, 'timezone': {'offset': '+5:45', 'description': 'Kathmandu'}}, 'email': 'delia.granados@example.com', 'login': {'uuid': '461cdcaa-9a99-4bad-97e9-9d543143e8ea', 'username': 'purplelion849', 'password': 'transfer', 'salt': 'PLMQO22B', 'md5': 'a388356a636bcd5114c0b1f99ef8feb2', 'sha1': '20fa91728a9ee5f35be756a06dc572fb39d3b2c0', 'sha256': '81dbdfb2bf99b4966876af3eb3fd0f85519be083767fd867a1d6ecba45382cdd'}, 'dob': {'date': '1963-10-03T11:48:18.127Z', 'age': 60}, 'registered': {'date': '2008-06-13T01:22:07.739Z', 'age': 15}, 'phone': '(612) 295 9607', 'cell': '(690) 546 7825', 'id': {'name': 'NSS', 'value': '33 63 82 9384 6'}, 'picture': {'large': 'https://randomuser.me/api/portraits/women/22.jpg', 'medium': 'https://randomuser.me/api/portraits/med/women/22.jpg', 'thumbnail': 'https://randomuser.me/api/portraits/thumb/women/22.jpg'}, 'nat': 'MX'}</msg>
<arg>${json_data['results'][0]}</arg>
<doc>Logs the given message with the given level.</doc>
<status status="PASS" start="2024-03-28T06:17:38.636965" elapsed="0.000412"/>
</kw>
<kw name="Log" owner="BuiltIn">
<msg time="2024-03-28T06:17:38.637798" level="INFO">login</msg>
<arg>${key}</arg>
<doc>Logs the given message with the given level.</doc>
<status status="PASS" start="2024-03-28T06:17:38.637671" elapsed="0.000297"/>
</kw>
<var name="${key}">login</var>
<status status="PASS" start="2024-03-28T06:17:38.636127" elapsed="0.002103"/>
</iter>
<var>${key}</var>
<value>@{expected_keys}</value>
<status status="PASS" start="2024-03-28T06:17:38.627291" elapsed="0.011069"/>
</for>
<kw name="Create List" owner="BuiltIn">
<msg time="2024-03-28T06:17:38.638697" level="INFO">${expected_keysTwo} = ['username', 'password']</msg>
<var>${expected_keysTwo}</var>
<arg>username</arg>
<arg>password</arg>
<doc>Returns a list containing given items.</doc>
<status status="PASS" start="2024-03-28T06:17:38.638558" elapsed="0.000163"/>
</kw>
<for flavor="IN">
<iter>
<kw name="Dictionary Should Contain Key" owner="Collections">
<msg time="2024-03-28T06:17:38.639630" level="INFO">False</msg>
<arg>${json_data['results'][0]['login']}</arg>
<arg>${keyTwo}</arg>
<doc>Fails if ``key`` is not found from ``dictionary``.</doc>
<status status="PASS" start="2024-03-28T06:17:38.639245" elapsed="0.000423"/>
</kw>
<kw name="Dictionary Should Contain Key" owner="Collections">
<msg time="2024-03-28T06:17:38.640353" level="INFO">False</msg>
<arg>${json_data['results'][0]['login']}</arg>
<arg>${keyTwo}</arg>
<doc>Fails if ``key`` is not found from ``dictionary``.</doc>
<status status="PASS" start="2024-03-28T06:17:38.639967" elapsed="0.000425"/>
</kw>
<kw name="Log" owner="BuiltIn">
<msg time="2024-03-28T06:17:38.640819" level="INFO">username</msg>
<arg>${keyTwo}</arg>
<doc>Logs the given message with the given level.</doc>
<status status="PASS" start="2024-03-28T06:17:38.640689" elapsed="0.000168"/>
</kw>
<var name="${keyTwo}">username</var>
<status status="PASS" start="2024-03-28T06:17:38.639135" elapsed="0.001939"/>
</iter>
<iter>
<kw name="Dictionary Should Contain Key" owner="Collections">
<msg time="2024-03-28T06:17:38.641753" level="INFO">False</msg>
<arg>${json_data['results'][0]['login']}</arg>
<arg>${keyTwo}</arg>
<doc>Fails if ``key`` is not found from ``dictionary``.</doc>
<status status="PASS" start="2024-03-28T06:17:38.641368" elapsed="0.000424"/>
</kw>
<kw name="Dictionary Should Contain Key" owner="Collections">
<msg time="2024-03-28T06:17:38.642501" level="INFO">False</msg>
<arg>${json_data['results'][0]['login']}</arg>
<arg>${keyTwo}</arg>
<doc>Fails if ``key`` is not found from ``dictionary``.</doc>
<status status="PASS" start="2024-03-28T06:17:38.642119" elapsed="0.000418"/>
</kw>
<kw name="Log" owner="BuiltIn">
<msg time="2024-03-28T06:17:38.642959" level="INFO">password</msg>
<arg>${keyTwo}</arg>
<doc>Logs the given message with the given level.</doc>
<status status="PASS" start="2024-03-28T06:17:38.642831" elapsed="0.000167"/>
</kw>
<var name="${keyTwo}">password</var>
<status status="PASS" start="2024-03-28T06:17:38.641259" elapsed="0.001956"/>
</iter>
<var>${keyTwo}</var>
<value>@{expected_keysTwo}</value>
<status status="PASS" start="2024-03-28T06:17:38.638981" elapsed="0.004357"/>
</for>
<status status="PASS" start="2024-03-28T06:17:38.531614" elapsed="0.111866"/>
</kw>
<doc>Testa a estrutura da resposta da API.</doc>
<tag>testeEstruturaResposta</tag>
<status status="PASS" start="2024-03-28T06:17:38.530901" elapsed="0.112744"/>
</test>
<test id="s1-s1-t4" name="Validar tipos de dados" line="28">
<kw name="Teste de Tipos de Dados" owner="random-user-service">
<kw name="GET On Session" owner="RequestsLibrary">
<msg time="2024-03-28T06:17:38.728659" level="INFO">GET Request : url=https://randomuser.me/api 
 path_url=/api 
 headers={'User-Agent': 'python-requests/2.31.0', 'Accept-Encoding': 'gzip, deflate', 'Accept': '*/*', 'Connection': 'keep-alive'} 
 body=None 
 </msg>
<msg time="2024-03-28T06:17:38.728736" level="INFO">GET Response : url=https://randomuser.me/api 
 status=200, reason=OK 
 headers={'Date': 'Thu, 28 Mar 2024 06:17:38 GMT', 'Content-Type': 'application/json; charset=utf-8', 'Transfer-Encoding': 'chunked', 'Connection': 'keep-alive', 'X-Powered-By': 'Express', 'Access-Control-Allow-Origin': '*', 'Cache-Control': 'no-cache', 'ETag': 'W/"487-+XnJi/NpJ/UE6SjxVWnjsiEoHRs"', 'Vary': 'Accept-Encoding', 'Content-Encoding': 'gzip', 'CF-Cache-Status': 'DYNAMIC', 'Report-To': '{"endpoints":[{"url":"https:\\/\\/a.nel.cloudflare.com\\/report\\/v4?s=bFvBq07M5HBlekaG%2FjRAWr%2FL23UJ9P4rwHoVUR4PMa59ojxiXB9Wb9sL3TwGczsT5zDq9JrD6ZfQxPA4anpyAs7nbmCcrlfqRHGrAjCniJXWDupnANAXeubxhZkDfv7%2F"}],"group":"cf-nel","max_age":604800}', 'NEL': '{"success_fraction":0,"report_to":"cf-nel","max_age":604800}', 'Server': 'cloudflare', 'CF-RAY': '86b57f908d8c174e-SJC', 'alt-svc': 'h3=":443"; ma=86400'} 
 body={"results":[{"gender":"male","name":{"title":"Mr","first":"حامد","last":"محمدخان"},"location":{"street":{"number":4813,"name":"موسیوند"},"city":"اهواز","state":"کردستان","country":"Iran","postcode":81312,"coordinates":{"latitude":"14.9623","longitude":"-156.1390"},"timezone":{"offset":"-8:00","description":"Pacific Time (US &amp; Canada)"}},"email":"hmd.mhmdkhn@example.com","login":{"uuid":"4927a2cc-723c-43bc-9a60-8cacc6a66f77","username":"greenbear552","password":"myxworld","salt":"BloVoTVg","md5":"abb14fb6a2be0efccc7cd0c1b754c100","sha1":"c4fc7218000234217541ab9e100998c42292005f","sha256":"23572ba25d872df765cfea4cd0c55187e89333a822f7f55ef6a9baa3c656841a"},"dob":{"date":"1987-12-24T11:19:28.500Z","age":36},"registered":{"date":"2015-08-06T15:51:58.362Z","age":8},"phone":"074-64494485","cell":"0996-437-1180","id":{"name":"","value":null},"picture":{"large":"https://randomuser.me/api/portraits/men/77.jpg","medium":"https://randomuser.me/api/portraits/med/men/77.jpg","thumbnail":"https://randomuser.me/api/portraits/thumb/men/77.jpg"},"nat":"IR"}],"info":{"seed":"b1158d8d921eff44","results":1,"page":1,"version":"1.4"}} 
 </msg>
<msg time="2024-03-28T06:17:38.728806" level="INFO">/opt/hostedtoolcache/Python/3.12.2/x64/lib/python3.12/site-packages/urllib3/connectionpool.py:1103: InsecureRequestWarning: Unverified HTTPS request is being made to host 'randomuser.me'. Adding certificate verification is strongly advised. See: https://urllib3.readthedocs.io/en/latest/advanced-usage.html#tls-warnings
  warnings.warn(</msg>
<msg time="2024-03-28T06:17:38.728926" level="INFO">${response} = &lt;Response [200]&gt;</msg>
<var>${response}</var>
<arg>consultarAPI</arg>
<arg>/api</arg>
<doc>Sends a GET request on a previously created HTTP Session.</doc>
<status status="PASS" start="2024-03-28T06:17:38.646175" elapsed="0.082792"/>
</kw>
<kw name="Set Variable" owner="BuiltIn">
<msg time="2024-03-28T06:17:38.729884" level="INFO">${json_data} = {'results': [{'gender': 'male', 'name': {'title': 'Mr', 'first': 'حامد', 'last': 'محمدخان'}, 'location': {'street': {'number': 4813, 'name': 'موسیوند'}, 'city': 'اهواز', 'state': 'کردستان', 'country':...</msg>
<var>${json_data}</var>
<arg>${response.json()}</arg>
<doc>Returns the given values which can then be assigned to a variables.</doc>
<status status="PASS" start="2024-03-28T06:17:38.729377" elapsed="0.000540"/>
</kw>
<kw name="Log" owner="BuiltIn">
<msg time="2024-03-28T06:17:38.730390" level="INFO">{'results': [{'gender': 'male', 'name': {'title': 'Mr', 'first': 'حامد', 'last': 'محمدخان'}, 'location': {'street': {'number': 4813, 'name': 'موسیوند'}, 'city': 'اهواز', 'state': 'کردستان', 'country': 'Iran', 'postcode': 81312, 'coordinates': {'latitude': '14.9623', 'longitude': '-156.1390'}, 'timezone': {'offset': '-8:00', 'description': 'Pacific Time (US &amp; Canada)'}}, 'email': 'hmd.mhmdkhn@example.com', 'login': {'uuid': '4927a2cc-723c-43bc-9a60-8cacc6a66f77', 'username': 'greenbear552', 'password': 'myxworld', 'salt': 'BloVoTVg', 'md5': 'abb14fb6a2be0efccc7cd0c1b754c100', 'sha1': 'c4fc7218000234217541ab9e100998c42292005f', 'sha256': '23572ba25d872df765cfea4cd0c55187e89333a822f7f55ef6a9baa3c656841a'}, 'dob': {'date': '1987-12-24T11:19:28.500Z', 'age': 36}, 'registered': {'date': '2015-08-06T15:51:58.362Z', 'age': 8}, 'phone': '074-64494485', 'cell': '0996-437-1180', 'id': {'name': '', 'value': None}, 'picture': {'large': 'https://randomuser.me/api/portraits/men/77.jpg', 'medium': 'https://randomuser.me/api/portraits/med/men/77.jpg', 'thumbnail': 'https://randomuser.me/api/portraits/thumb/men/77.jpg'}, 'nat': 'IR'}], 'info': {'seed': 'b1158d8d921eff44', 'results': 1, 'page': 1, 'version': '1.4'}}</msg>
<arg>${json_data}</arg>
<doc>Logs the given message with the given level.</doc>
<status status="PASS" start="2024-03-28T06:17:38.730230" elapsed="0.000246"/>
</kw>
<kw name="Should Be String" owner="String">
<arg>${json_data['results'][0]['gender']}</arg>
<doc>Fails if the given ``item`` is not a string.</doc>
<status status="PASS" start="2024-03-28T06:17:38.730782" elapsed="0.000363"/>
</kw>
<kw name="Should Match Regexp" owner="BuiltIn">
<arg>${json_data['results'][0]['email']}</arg>
<arg>^[a-zA-Z0-9._%+-]+@[a-zA-Z0-9.-]+\.[a-zA-Z]{2,}$</arg>
<doc>Fails if ``string`` does not match ``pattern`` as a regular expression.</doc>
<status status="PASS" start="2024-03-28T06:17:38.731340" elapsed="0.000532"/>
</kw>
<kw name="Should Match Regexp" owner="BuiltIn">
<arg>${json_data['results'][0]['dob']['date']}</arg>
<arg>\\d{4}-\\d{2}-\\d{2}T\\d{2}:\\d{2}:\\d{2}\\.\\d{3}Z</arg>
<doc>Fails if ``string`` does not match ``pattern`` as a regular expression.</doc>
<status status="PASS" start="2024-03-28T06:17:38.732071" elapsed="0.000483"/>
</kw>
<kw name="Should Match Regexp" owner="BuiltIn">
<arg>${json_data['results'][0]['registered']['date']}</arg>
<arg>\\d{4}-\\d{2}-\\d{2}T\\d{2}:\\d{2}:\\d{2}\\.\\d{3}Z</arg>
<doc>Fails if ``string`` does not match ``pattern`` as a regular expression.</doc>
<status status="PASS" start="2024-03-28T06:17:38.732746" elapsed="0.000364"/>
</kw>
<kw name="Should Match Regexp" owner="BuiltIn">
<arg>${json_data['results'][0]['picture']['large']}</arg>
<arg>^https?://.*\.(?:png|jpe?g|gif|bmp)$</arg>
<doc>Fails if ``string`` does not match ``pattern`` as a regular expression.</doc>
<status status="PASS" start="2024-03-28T06:17:38.733298" elapsed="0.000468"/>
</kw>
<kw name="Should Match Regexp" owner="BuiltIn">
<arg>${json_data['results'][0]['picture']['medium']}</arg>
<arg>^https?://.*\.(?:png|jpe?g|gif|bmp)$</arg>
<doc>Fails if ``string`` does not match ``pattern`` as a regular expression.</doc>
<status status="PASS" start="2024-03-28T06:17:38.733982" elapsed="0.000362"/>
</kw>
<kw name="Should Match Regexp" owner="BuiltIn">
<arg>${json_data['results'][0]['picture']['thumbnail']}</arg>
<arg>^https?://.*\.(?:png|jpe?g|gif|bmp)$</arg>
<doc>Fails if ``string`` does not match ``pattern`` as a regular expression.</doc>
<status status="PASS" start="2024-03-28T06:17:38.734530" elapsed="0.000345"/>
</kw>
<kw name="Log" owner="BuiltIn">
<msg time="2024-03-28T06:17:38.735376" level="INFO">{'large': 'https://randomuser.me/api/portraits/men/77.jpg', 'medium': 'https://randomuser.me/api/portraits/med/men/77.jpg', 'thumbnail': 'https://randomuser.me/api/portraits/thumb/men/77.jpg'}</msg>
<arg>${json_data['results'][0]['picture']}</arg>
<doc>Logs the given message with the given level.</doc>
<status status="PASS" start="2024-03-28T06:17:38.735057" elapsed="0.000366"/>
</kw>
<status status="PASS" start="2024-03-28T06:17:38.645933" elapsed="0.089750"/>
</kw>
<kw name="Teste de Tipos de Dados - Postcode" owner="random-user-service">
<kw name="GET On Session" owner="RequestsLibrary">
<msg time="2024-03-28T06:17:38.832935" level="INFO">GET Request : url=https://randomuser.me/api 
 path_url=/api 
 headers={'User-Agent': 'python-requests/2.31.0', 'Accept-Encoding': 'gzip, deflate', 'Accept': '*/*', 'Connection': 'keep-alive'} 
 body=None 
 </msg>
<msg time="2024-03-28T06:17:38.833017" level="INFO">GET Response : url=https://randomuser.me/api 
 status=200, reason=OK 
 headers={'Date': 'Thu, 28 Mar 2024 06:17:38 GMT', 'Content-Type': 'application/json; charset=utf-8', 'Transfer-Encoding': 'chunked', 'Connection': 'keep-alive', 'X-Powered-By': 'Express', 'Access-Control-Allow-Origin': '*', 'Cache-Control': 'no-cache', 'ETag': 'W/"4ac-xRefH3aC+T65Mr+YozlBd6B5ios"', 'Vary': 'Accept-Encoding', 'Content-Encoding': 'gzip', 'CF-Cache-Status': 'DYNAMIC', 'Report-To': '{"endpoints":[{"url":"https:\\/\\/a.nel.cloudflare.com\\/report\\/v4?s=UpNgsHoeiUEsA35cGM%2FKh925zClwQ7NU5SeH%2F68hZnb%2BD61gTiTIdGc1LNdf3lzlUgefLHul3OyUbqXAePhkOB2%2F%2FA0A8wFThFzuxqibHYBvPGr84CPNisRHFEI72qlY"}],"group":"cf-nel","max_age":604800}', 'NEL': '{"success_fraction":0,"report_to":"cf-nel","max_age":604800}', 'Server': 'cloudflare', 'CF-RAY': '86b57f911df5174e-SJC', 'alt-svc': 'h3=":443"; ma=86400'} 
 body={"results":[{"gender":"female","name":{"title":"Ms","first":"Milja","last":"Tolonen"},"location":{"street":{"number":5666,"name":"Verkatehtaankatu"},"city":"Inari","state":"Southern Ostrobothnia","country":"Finland","postcode":60669,"coordinates":{"latitude":"-27.7698","longitude":"121.6140"},"timezone":{"offset":"-5:00","description":"Eastern Time (US &amp; Canada), Bogota, Lima"}},"email":"milja.tolonen@example.com","login":{"uuid":"9ec49f2c-95ac-4826-bec0-b3baeb98d766","username":"angrypeacock282","password":"shei","salt":"xNUGky95","md5":"b05705751d2769fe08b327e6aaf68cd3","sha1":"8ee72b4dcaf97a6e5db3468a9a9ab55aa4704570","sha256":"e6db083794424777c72b305fc93ef9de16f34bed6ce76b184a739ca86dd0979f"},"dob":{"date":"1986-07-09T19:26:19.032Z","age":37},"registered":{"date":"2014-12-18T11:11:39.318Z","age":9},"phone":"07-658-433","cell":"048-407-74-33","id":{"name":"HETU","value":"NaNNA432undefined"},"picture":{"large":"https://randomuser.me/api/portraits/women/90.jpg","medium":"https://randomuser.me/api/portraits/med/women/90.jpg","thumbnail":"https://randomuser.me/api/portraits/thumb/women/90.jpg"},"nat":"FI"}],"info":{"seed":"645b5f465411e8e0","results":1,"page":1,"version":"1.4"}} 
 </msg>
<msg time="2024-03-28T06:17:38.833107" level="INFO">/opt/hostedtoolcache/Python/3.12.2/x64/lib/python3.12/site-packages/urllib3/connectionpool.py:1103: InsecureRequestWarning: Unverified HTTPS request is being made to host 'randomuser.me'. Adding certificate verification is strongly advised. See: https://urllib3.readthedocs.io/en/latest/advanced-usage.html#tls-warnings
  warnings.warn(</msg>
<msg time="2024-03-28T06:17:38.833226" level="INFO">${response} = &lt;Response [200]&gt;</msg>
<var>${response}</var>
<arg>consultarAPI</arg>
<arg>/api</arg>
<doc>Sends a GET request on a previously created HTTP Session.</doc>
<status status="PASS" start="2024-03-28T06:17:38.736265" elapsed="0.097011"/>
</kw>
<kw name="Set Variable" owner="BuiltIn">
<msg time="2024-03-28T06:17:38.834478" level="INFO">${json_data} = {'results': [{'gender': 'female', 'name': {'title': 'Ms', 'first': 'Milja', 'last': 'Tolonen'}, 'location': {'street': {'number': 5666, 'name': 'Verkatehtaankatu'}, 'city': 'Inari', 'state': 'Southern...</msg>
<var>${json_data}</var>
<arg>${response.json()}</arg>
<doc>Returns the given values which can then be assigned to a variables.</doc>
<status status="PASS" start="2024-03-28T06:17:38.833906" elapsed="0.000600"/>
</kw>
<kw name="Log" owner="BuiltIn">
<msg time="2024-03-28T06:17:38.834970" level="INFO">{'results': [{'gender': 'female', 'name': {'title': 'Ms', 'first': 'Milja', 'last': 'Tolonen'}, 'location': {'street': {'number': 5666, 'name': 'Verkatehtaankatu'}, 'city': 'Inari', 'state': 'Southern Ostrobothnia', 'country': 'Finland', 'postcode': 60669, 'coordinates': {'latitude': '-27.7698', 'longitude': '121.6140'}, 'timezone': {'offset': '-5:00', 'description': 'Eastern Time (US &amp; Canada), Bogota, Lima'}}, 'email': 'milja.tolonen@example.com', 'login': {'uuid': '9ec49f2c-95ac-4826-bec0-b3baeb98d766', 'username': 'angrypeacock282', 'password': 'shei', 'salt': 'xNUGky95', 'md5': 'b05705751d2769fe08b327e6aaf68cd3', 'sha1': '8ee72b4dcaf97a6e5db3468a9a9ab55aa4704570', 'sha256': 'e6db083794424777c72b305fc93ef9de16f34bed6ce76b184a739ca86dd0979f'}, 'dob': {'date': '1986-07-09T19:26:19.032Z', 'age': 37}, 'registered': {'date': '2014-12-18T11:11:39.318Z', 'age': 9}, 'phone': '07-658-433', 'cell': '048-407-74-33', 'id': {'name': 'HETU', 'value': 'NaNNA432undefined'}, 'picture': {'large': 'https://randomuser.me/api/portraits/women/90.jpg', 'medium': 'https://randomuser.me/api/portraits/med/women/90.jpg', 'thumbnail': 'https://randomuser.me/api/portraits/thumb/women/90.jpg'}, 'nat': 'FI'}], 'info': {'seed': '645b5f465411e8e0', 'results': 1, 'page': 1, 'version': '1.4'}}</msg>
<arg>${json_data}</arg>
<doc>Logs the given message with the given level.</doc>
<status status="PASS" start="2024-03-28T06:17:38.834815" elapsed="0.000237"/>
</kw>
<kw name="Should Be Equal As Numbers" owner="BuiltIn">
<arg>${json_data['results'][0]['location']['postcode']}</arg>
<arg>${json_data['results'][0]['location']['postcode']}</arg>
<doc>Fails if objects are unequal after converting them to real numbers.</doc>
<status status="PASS" start="2024-03-28T06:17:38.835361" elapsed="0.000630"/>
</kw>
<kw name="Log" owner="BuiltIn">
<msg time="2024-03-28T06:17:38.836519" level="INFO">60669</msg>
<arg>${json_data['results'][0]['location']['postcode']}</arg>
<doc>Logs the given message with the given level.</doc>
<status status="PASS" start="2024-03-28T06:17:38.836182" elapsed="0.000376"/>
</kw>
<status status="PASS" start="2024-03-28T06:17:38.735905" elapsed="0.100905"/>
</kw>
<doc>Testa se os tipos de dados na resposta da API estão corretos.</doc>
<tag>testeTiposDados</tag>
<status status="PASS" start="2024-03-28T06:17:38.645443" elapsed="0.191531"/>
</test>
<test id="s1-s1-t5" name="Validar conteudo" line="35">
<kw name="Teste de Tipos de Conteudo" owner="random-user-service">
<kw name="GET On Session" owner="RequestsLibrary">
<msg time="2024-03-28T06:17:38.932697" level="INFO">GET Request : url=https://randomuser.me/api 
 path_url=/api 
 headers={'User-Agent': 'python-requests/2.31.0', 'Accept-Encoding': 'gzip, deflate', 'Accept': '*/*', 'Connection': 'keep-alive'} 
 body=None 
 </msg>
<msg time="2024-03-28T06:17:38.932788" level="INFO">GET Response : url=https://randomuser.me/api 
 status=200, reason=OK 
 headers={'Date': 'Thu, 28 Mar 2024 06:17:38 GMT', 'Content-Type': 'application/json; charset=utf-8', 'Transfer-Encoding': 'chunked', 'Connection': 'keep-alive', 'X-Powered-By': 'Express', 'Access-Control-Allow-Origin': '*', 'Cache-Control': 'no-cache', 'ETag': 'W/"47b-111ICTF7YbhNnzCSw+Gw4u7gXww"', 'Vary': 'Accept-Encoding', 'Content-Encoding': 'gzip', 'CF-Cache-Status': 'DYNAMIC', 'Report-To': '{"endpoints":[{"url":"https:\\/\\/a.nel.cloudflare.com\\/report\\/v4?s=KftuEOhCUJ6PkiJ9N2zV2OptRvx0dafar0rBdwA2OYWoqUVE1Nlv%2BsTFKy%2BkVWhF8m6W%2FOp0EOpiwSTnRF6uGnj5WW6dz1W5YpJvkyzrbTSnmqFZV8%2BSrrWupbqckmwX"}],"group":"cf-nel","max_age":604800}', 'NEL': '{"success_fraction":0,"report_to":"cf-nel","max_age":604800}', 'Server': 'cloudflare', 'CF-RAY': '86b57f91ce94174e-SJC', 'alt-svc': 'h3=":443"; ma=86400'} 
 body={"results":[{"gender":"male","name":{"title":"Mr","first":"Thomas","last":"Mendoza"},"location":{"street":{"number":6411,"name":"O'Connell Avenue"},"city":"Ardee","state":"Fingal","country":"Ireland","postcode":72147,"coordinates":{"latitude":"4.1760","longitude":"-63.7581"},"timezone":{"offset":"-11:00","description":"Midway Island, Samoa"}},"email":"thomas.mendoza@example.com","login":{"uuid":"e90a804b-141a-4fd3-a45e-bfe4ed543a58","username":"goldenswan731","password":"doberman","salt":"epfQ8Zoy","md5":"742ac2d8aaad111df84ee87699f073b1","sha1":"5cc834a56dbb69a14e439ace6dd55ff25bff03bb","sha256":"31c2277f7f0ca8c319089b3ad908c2b9a0cb763b1bd18771679320de753e81fb"},"dob":{"date":"2000-08-17T08:14:34.895Z","age":23},"registered":{"date":"2020-01-02T07:19:33.405Z","age":4},"phone":"071-832-2635","cell":"081-819-2546","id":{"name":"PPS","value":"0842894T"},"picture":{"large":"https://randomuser.me/api/portraits/men/27.jpg","medium":"https://randomuser.me/api/portraits/med/men/27.jpg","thumbnail":"https://randomuser.me/api/portraits/thumb/men/27.jpg"},"nat":"IE"}],"info":{"seed":"906fac8f0cab15d4","results":1,"page":1,"version":"1.4"}} 
 </msg>
<msg time="2024-03-28T06:17:38.932867" level="INFO">/opt/hostedtoolcache/Python/3.12.2/x64/lib/python3.12/site-packages/urllib3/connectionpool.py:1103: InsecureRequestWarning: Unverified HTTPS request is being made to host 'randomuser.me'. Adding certificate verification is strongly advised. See: https://urllib3.readthedocs.io/en/latest/advanced-usage.html#tls-warnings
  warnings.warn(</msg>
<msg time="2024-03-28T06:17:38.932992" level="INFO">${response} = &lt;Response [200]&gt;</msg>
<var>${response}</var>
<arg>consultarAPI</arg>
<arg>/api</arg>
<doc>Sends a GET request on a previously created HTTP Session.</doc>
<status status="PASS" start="2024-03-28T06:17:38.839861" elapsed="0.093176"/>
</kw>
<kw name="Set Variable" owner="BuiltIn">
<msg time="2024-03-28T06:17:38.934346" level="INFO">${json_data} = {'results': [{'gender': 'male', 'name': {'title': 'Mr', 'first': 'Thomas', 'last': 'Mendoza'}, 'location': {'street': {'number': 6411, 'name': "O'Connell Avenue"}, 'city': 'Ardee', 'state': 'Fingal', ...</msg>
<var>${json_data}</var>
<arg>${response.json()}</arg>
<doc>Returns the given values which can then be assigned to a variables.</doc>
<status status="PASS" start="2024-03-28T06:17:38.933621" elapsed="0.000754"/>
</kw>
<kw name="Set Variable" owner="BuiltIn">
<msg time="2024-03-28T06:17:38.935074" level="INFO">${name_title} = Mr</msg>
<var>${name_title}</var>
<arg>${json_data["results"][0]["name"]["title"]}</arg>
<doc>Returns the given values which can then be assigned to a variables.</doc>
<status status="PASS" start="2024-03-28T06:17:38.934686" elapsed="0.000414"/>
</kw>
<kw name="Create List" owner="BuiltIn">
<msg time="2024-03-28T06:17:38.935550" level="INFO">${allowed_titles} = ['Mr', 'Ms', 'Miss', 'Mrs', 'Madame', 'Monsieur']</msg>
<var>${allowed_titles}</var>
<arg>Mr</arg>
<arg>Ms</arg>
<arg>Miss</arg>
<arg>Mrs</arg>
<arg>Madame</arg>
<arg>Monsieur</arg>
<doc>Returns a list containing given items.</doc>
<status status="PASS" start="2024-03-28T06:17:38.935400" elapsed="0.000174"/>
</kw>
<kw name="List Should Contain Value" owner="Collections">
<msg time="2024-03-28T06:17:38.936056" level="INFO">False</msg>
<arg>${allowed_titles}</arg>
<arg>${name_title}</arg>
<doc>Fails if the ``value`` is not found from ``list``.</doc>
<status status="PASS" start="2024-03-28T06:17:38.935875" elapsed="0.000218"/>
</kw>
<kw name="Set Variable" owner="BuiltIn">
<msg time="2024-03-28T06:17:38.936800" level="INFO">${name_country} = IE</msg>
<var>${name_country}</var>
<arg>${json_data["results"][0]["nat"]}</arg>
<doc>Returns the given values which can then be assigned to a variables.</doc>
<status status="PASS" start="2024-03-28T06:17:38.936379" elapsed="0.000446"/>
</kw>
<kw name="Create List" owner="BuiltIn">
<msg time="2024-03-28T06:17:38.937739" level="INFO">${list_country} = ['AD', 'AE', 'AF', 'AG', 'AI', 'AL', 'AM', 'AO', 'AQ', 'AR', 'AS', 'AT', 'AU', 'AW', 'AX', 'AZ', 'BA', 'BB', 'BD', 'BE', 'BF', 'BG', 'BH', 'BI', 'BJ', 'BL', 'BM', 'BN', 'BO', 'BQ', 'BR', 'BS', 'BT', '...</msg>
<var>${list_country}</var>
<arg>AD</arg>
<arg>AE</arg>
<arg>AF</arg>
<arg>AG</arg>
<arg>AI</arg>
<arg>AL</arg>
<arg>AM</arg>
<arg>AO</arg>
<arg>AQ</arg>
<arg>AR</arg>
<arg>AS</arg>
<arg>AT</arg>
<arg>AU</arg>
<arg>AW</arg>
<arg>AX</arg>
<arg>AZ</arg>
<arg>BA</arg>
<arg>BB</arg>
<arg>BD</arg>
<arg>BE</arg>
<arg>BF</arg>
<arg>BG</arg>
<arg>BH</arg>
<arg>BI</arg>
<arg>BJ</arg>
<arg>BL</arg>
<arg>BM</arg>
<arg>BN</arg>
<arg>BO</arg>
<arg>BQ</arg>
<arg>BR</arg>
<arg>BS</arg>
<arg>BT</arg>
<arg>BV</arg>
<arg>BW</arg>
<arg>BY</arg>
<arg>BZ</arg>
<arg>CA</arg>
<arg>CC</arg>
<arg>CD</arg>
<arg>CF</arg>
<arg>CG</arg>
<arg>CH</arg>
<arg>CI</arg>
<arg>CK</arg>
<arg>CL</arg>
<arg>CM</arg>
<arg>CN</arg>
<arg>CO</arg>
<arg>CR</arg>
<arg>CU</arg>
<arg>CV</arg>
<arg>CW</arg>
<arg>CX</arg>
<arg>CY</arg>
<arg>CZ</arg>
<arg>DE</arg>
<arg>DJ</arg>
<arg>DK</arg>
<arg>DM</arg>
<arg>DO</arg>
<arg>DZ</arg>
<arg>EC</arg>
<arg>EE</arg>
<arg>EG</arg>
<arg>EH</arg>
<arg>ER</arg>
<arg>ES</arg>
<arg>ET</arg>
<arg>FI</arg>
<arg>FJ</arg>
<arg>FK</arg>
<arg>FM</arg>
<arg>FO</arg>
<arg>FR</arg>
<arg>GA</arg>
<arg>GB</arg>
<arg>GD</arg>
<arg>GE</arg>
<arg>GF</arg>
<arg>GG</arg>
<arg>GH</arg>
<arg>GI</arg>
<arg>GL</arg>
<arg>GM</arg>
<arg>GN</arg>
<arg>GP</arg>
<arg>GQ</arg>
<arg>GR</arg>
<arg>GS</arg>
<arg>GT</arg>
<arg>GU</arg>
<arg>GW</arg>
<arg>GY</arg>
<arg>HK</arg>
<arg>HM</arg>
<arg>HN</arg>
<arg>HR</arg>
<arg>HT</arg>
<arg>HU</arg>
<arg>ID</arg>
<arg>IE</arg>
<arg>IL</arg>
<arg>IM</arg>
<arg>IN</arg>
<arg>IO</arg>
<arg>IQ</arg>
<arg>IR</arg>
<arg>IS</arg>
<arg>IT</arg>
<arg>JE</arg>
<arg>JM</arg>
<arg>JO</arg>
<arg>JP</arg>
<arg>KE</arg>
<arg>KG</arg>
<arg>KH</arg>
<arg>KI</arg>
<arg>KM</arg>
<arg>KN</arg>
<arg>KP</arg>
<arg>KR</arg>
<arg>KW</arg>
<arg>KY</arg>
<arg>KZ</arg>
<arg>LA</arg>
<arg>LB</arg>
<arg>LC</arg>
<arg>LI</arg>
<arg>LK</arg>
<arg>LR</arg>
<arg>LS</arg>
<arg>LT</arg>
<arg>LU</arg>
<arg>LV</arg>
<arg>LY</arg>
<arg>MA</arg>
<arg>MC</arg>
<arg>MD</arg>
<arg>ME</arg>
<arg>MF</arg>
<arg>MG</arg>
<arg>MH</arg>
<arg>MK</arg>
<arg>ML</arg>
<arg>MM</arg>
<arg>MN</arg>
<arg>MO</arg>
<arg>MP</arg>
<arg>MQ</arg>
<arg>MR</arg>
<arg>MS</arg>
<arg>MT</arg>
<arg>MU</arg>
<arg>MV</arg>
<arg>MW</arg>
<arg>MX</arg>
<arg>MY</arg>
<arg>MZ</arg>
<arg>NA</arg>
<arg>NC</arg>
<arg>NE</arg>
<arg>NF</arg>
<arg>NG</arg>
<arg>NI</arg>
<arg>NL</arg>
<arg>NO</arg>
<arg>NP</arg>
<arg>NR</arg>
<arg>NU</arg>
<arg>NZ</arg>
<arg>OM</arg>
<arg>PA</arg>
<arg>PE</arg>
<arg>PF</arg>
<arg>PG</arg>
<arg>PH</arg>
<arg>PK</arg>
<arg>PL</arg>
<arg>PM</arg>
<arg>PN</arg>
<arg>PR</arg>
<arg>PS</arg>
<arg>PT</arg>
<arg>PW</arg>
<arg>PY</arg>
<arg>QA</arg>
<arg>RE</arg>
<arg>RO</arg>
<arg>RS</arg>
<arg>RU</arg>
<arg>RW</arg>
<arg>SA</arg>
<arg>SB</arg>
<arg>SC</arg>
<arg>SD</arg>
<arg>SE</arg>
<arg>SG</arg>
<arg>SH</arg>
<arg>SI</arg>
<arg>SJ</arg>
<arg>SK</arg>
<arg>SL</arg>
<arg>SM</arg>
<arg>SN</arg>
<arg>SO</arg>
<arg>SR</arg>
<arg>SS</arg>
<arg>ST</arg>
<arg>SV</arg>
<arg>SX</arg>
<arg>SY</arg>
<arg>SZ</arg>
<arg>TC</arg>
<arg>TD</arg>
<arg>TF</arg>
<arg>TG</arg>
<arg>TH</arg>
<arg>TJ</arg>
<arg>TK</arg>
<arg>TL</arg>
<arg>TM</arg>
<arg>TN</arg>
<arg>TO</arg>
<arg>TR</arg>
<arg>TT</arg>
<arg>TV</arg>
<arg>TW</arg>
<arg>TZ</arg>
<arg>UA</arg>
<arg>UG</arg>
<arg>UM</arg>
<arg>US</arg>
<arg>UY</arg>
<arg>UZ</arg>
<arg>VA</arg>
<arg>VC</arg>
<arg>VE</arg>
<arg>VG</arg>
<arg>VI</arg>
<arg>VN</arg>
<arg>VU</arg>
<arg>WF</arg>
<arg>WS</arg>
<arg>XK</arg>
<arg>YE</arg>
<arg>YT</arg>
<arg>ZA</arg>
<arg>ZM</arg>
<arg>ZW</arg>
<doc>Returns a list containing given items.</doc>
<status status="PASS" start="2024-03-28T06:17:38.937136" elapsed="0.000628"/>
</kw>
<kw name="List Should Contain Value" owner="Collections">
<msg time="2024-03-28T06:17:38.938893" level="INFO">False</msg>
<arg>${list_country}</arg>
<arg>${name_country}</arg>
<doc>Fails if the ``value`` is not found from ``list``.</doc>
<status status="PASS" start="2024-03-28T06:17:38.938689" elapsed="0.000241"/>
</kw>
<kw name="Run Keyword If" owner="BuiltIn">
<kw name="Should Be True" owner="BuiltIn">
<arg>${True}</arg>
<doc>Fails if the given condition is not true.</doc>
<status status="PASS" start="2024-03-28T06:17:38.939999" elapsed="0.000146"/>
</kw>
<arg>${json_data["results"][0]["location"]["coordinates"]["latitude"]} &gt;= -90 and ${json_data["results"][0]["location"]["coordinates"]["latitude"]} &lt;= 90</arg>
<arg>Should Be True</arg>
<arg>${True}</arg>
<doc>Runs the given keyword with the given arguments, if ``condition`` is true.</doc>
<status status="PASS" start="2024-03-28T06:17:38.939244" elapsed="0.001029"/>
</kw>
<kw name="Run Keyword If" owner="BuiltIn">
<kw name="Should Be True" owner="BuiltIn">
<arg>${True}</arg>
<doc>Fails if the given condition is not true.</doc>
<status status="PASS" start="2024-03-28T06:17:38.941156" elapsed="0.000138"/>
</kw>
<arg>${json_data["results"][0]["location"]["coordinates"]["longitude"]} &gt;= -180 and ${json_data["results"][0]["location"]["coordinates"]["longitude"]} &lt;= 180</arg>
<arg>Should Be True</arg>
<arg>${True}</arg>
<doc>Runs the given keyword with the given arguments, if ``condition`` is true.</doc>
<status status="PASS" start="2024-03-28T06:17:38.940456" elapsed="0.000963"/>
</kw>
<status status="PASS" start="2024-03-28T06:17:38.839479" elapsed="0.102070"/>
</kw>
<doc>Testa o conteúdo específico dos campos retornados pela API.</doc>
<tag>testeConteudo</tag>
<status status="PASS" start="2024-03-28T06:17:38.838784" elapsed="0.102915"/>
</test>
<status status="PASS" start="2024-03-28T06:17:37.986084" elapsed="0.957597"/>
</suite>
<status status="PASS" start="2024-03-28T06:17:37.972514" elapsed="0.976566"/>
</suite>
<statistics>
<total>
<stat pass="5" fail="0" skip="0">All Tests</stat>
</total>
<tag>
<stat pass="1" fail="0" skip="0">testeConteudo</stat>
<stat pass="1" fail="0" skip="0">testeEstruturaResposta</stat>
<stat pass="1" fail="0" skip="0">testeRequisicaoBasica</stat>
<stat pass="1" fail="0" skip="0">testeTiposDados</stat>
</tag>
<suite>
<stat pass="5" fail="0" skip="0" id="s1" name="Tests">Tests</stat>
<stat pass="5" fail="0" skip="0" id="s1-s1" name="Random-User-Test">Tests.Random-User-Test</stat>
</suite>
</statistics>
<errors>
</errors>
</robot>
