<?xml version="1.0" encoding="UTF-8"?>
<robot generator="Robot 7.0.1 (Python 3.12.4 on linux)" generated="2024-06-27T11:12:38.966867" rpa="false" schemaversion="5">
<suite id="s1" name="Tests" source="/home/runner/work/ApiRandomUser/ApiRandomUser/RamdonUser/tests">
<suite id="s1-s1" name="Random-User-Test" source="/home/runner/work/ApiRandomUser/ApiRandomUser/RamdonUser/tests/random-user-test.robot">
<test id="s1-s1-t1" name="Conectar" line="13">
<kw name="Conectar API" owner="random-user-service">
<kw name="Create Session" owner="RequestsLibrary">
<msg time="2024-06-27T11:12:39.371593" level="INFO">Creating Session using : alias=consultarAPI, url=https://randomuser.me/, headers={},                     cookies={}, auth=None, timeout=None, proxies=None, verify=False,                     debug=0 </msg>
<arg>consultarAPI</arg>
<arg>${URL}</arg>
<doc>Create Session: create a HTTP session to a server</doc>
<status status="PASS" start="2024-06-27T11:12:39.371370" elapsed="0.000412"/>
</kw>
<status status="PASS" start="2024-06-27T11:12:39.370388" elapsed="0.001755"/>
</kw>
<status status="PASS" start="2024-06-27T11:12:39.369820" elapsed="0.002513"/>
</test>
<test id="s1-s1-t2" name="Validar retorno 200 e JSON Válido" line="16">
<kw name="Teste de Requisicao Basica" owner="random-user-service">
<kw name="GET On Session" owner="RequestsLibrary">
<msg time="2024-06-27T11:12:39.538109" level="INFO">GET Request : url=https://randomuser.me/api 
 path_url=/api 
 headers={'User-Agent': 'python-requests/2.32.3', 'Accept-Encoding': 'gzip, deflate', 'Accept': '*/*', 'Connection': 'keep-alive'} 
 body=None 
 </msg>
<msg time="2024-06-27T11:12:39.538254" level="INFO">GET Response : url=https://randomuser.me/api 
 status=200, reason=OK 
 headers={'Date': 'Thu, 27 Jun 2024 11:12:39 GMT', 'Content-Type': 'application/json; charset=utf-8', 'Transfer-Encoding': 'chunked', 'Connection': 'keep-alive', 'X-Powered-By': 'Express', 'Access-Control-Allow-Origin': '*', 'Cache-Control': 'no-cache', 'ETag': 'W/"483-NQ+M4Ld1wZpT9BVkrxP/mo6VFa8"', 'Vary': 'Accept-Encoding', 'Content-Encoding': 'gzip', 'CF-Cache-Status': 'DYNAMIC', 'Report-To': '{"endpoints":[{"url":"https:\\/\\/a.nel.cloudflare.com\\/report\\/v4?s=QI34h7kIAsypv9K9eyyXSzvk%2F%2BAriQkqesFQQF8sIr3GjBNM4jzRmL0MqjU3RCih12P%2Fmq46d55F%2FbpvaQQvjv5sPyN1xMe4V0QUMtkYpRicOzo2xQIbez4%2FBVS%2Bvn9H"}],"group":"cf-nel","max_age":604800}', 'NEL': '{"success_fraction":0,"report_to":"cf-nel","max_age":604800}', 'Server': 'cloudflare', 'CF-RAY': '89a500d6ef3e0809-IAD', 'alt-svc': 'h3=":443"; ma=86400'} 
 body={"results":[{"gender":"female","name":{"title":"Mrs","first":"Lillian","last":"Burns"},"location":{"street":{"number":7368,"name":"King Street"},"city":"Worcester","state":"Suffolk","country":"United Kingdom","postcode":"VP5 1TU","coordinates":{"latitude":"-9.9930","longitude":"57.7580"},"timezone":{"offset":"+3:30","description":"Tehran"}},"email":"lillian.burns@example.com","login":{"uuid":"9159b4fd-b96c-4309-a38e-8969decc4df4","username":"whitelion616","password":"killer1","salt":"MyYmaKQo","md5":"266d980650be49bb19f751de8d028337","sha1":"3841a808538e3efac44ec05361563e373fca62e6","sha256":"9242016b6bee4bebf4a97809d922594119d2c55cf608138d4df4f24dfdc9d8f0"},"dob":{"date":"1967-03-20T07:18:30.500Z","age":57},"registered":{"date":"2013-09-12T17:00:25.932Z","age":10},"phone":"017687 02588","cell":"07083 736680","id":{"name":"NINO","value":"CE 35 33 40 A"},"picture":{"large":"https://randomuser.me/api/portraits/women/79.jpg","medium":"https://randomuser.me/api/portraits/med/women/79.jpg","thumbnail":"https://randomuser.me/api/portraits/thumb/women/79.jpg"},"nat":"GB"}],"info":{"seed":"19b04babff463b8e","results":1,"page":1,"version":"1.4"}} 
 </msg>
<msg time="2024-06-27T11:12:39.538343" level="INFO">/opt/hostedtoolcache/Python/3.12.4/x64/lib/python3.12/site-packages/urllib3/connectionpool.py:1099: InsecureRequestWarning: Unverified HTTPS request is being made to host 'randomuser.me'. Adding certificate verification is strongly advised. See: https://urllib3.readthedocs.io/en/latest/advanced-usage.html#tls-warnings
  warnings.warn(</msg>
<msg time="2024-06-27T11:12:39.538505" level="INFO">${response} = &lt;Response [200]&gt;</msg>
<var>${response}</var>
<arg>consultarAPI</arg>
<arg>/api</arg>
<doc>Sends a GET request on a previously created HTTP Session.</doc>
<status status="PASS" start="2024-06-27T11:12:39.374875" elapsed="0.163666"/>
</kw>
<kw name="Should Be Equal As Numbers" owner="BuiltIn">
<msg time="2024-06-27T11:12:39.539540" level="INFO">Argument types are:
&lt;class 'int'&gt;
&lt;class 'str'&gt;</msg>
<arg>${response.status_code}</arg>
<arg>200</arg>
<doc>Fails if objects are unequal after converting them to real numbers.</doc>
<status status="PASS" start="2024-06-27T11:12:39.539054" elapsed="0.000555"/>
</kw>
<kw name="Log" owner="BuiltIn">
<msg time="2024-06-27T11:12:39.540262" level="INFO">200</msg>
<arg>${response.status_code}</arg>
<doc>Logs the given message with the given level.</doc>
<status status="PASS" start="2024-06-27T11:12:39.539923" elapsed="0.000382"/>
</kw>
<kw name="Set Variable" owner="BuiltIn">
<msg time="2024-06-27T11:12:39.541039" level="INFO">${json_data} = {'results': [{'gender': 'female', 'name': {'title': 'Mrs', 'first': 'Lillian', 'last': 'Burns'}, 'location': {'street': {'number': 7368, 'name': 'King Street'}, 'city': 'Worcester', 'state': 'Suffolk'...</msg>
<var>${json_data}</var>
<arg>${response.json()}</arg>
<doc>Returns the given values which can then be assigned to a variables.</doc>
<status status="PASS" start="2024-06-27T11:12:39.540612" elapsed="0.000455"/>
</kw>
<kw name="Dictionary Should Contain Key" owner="Collections">
<arg>${json_data}</arg>
<arg>results</arg>
<doc>Fails if ``key`` is not found from ``dictionary``.</doc>
<status status="PASS" start="2024-06-27T11:12:39.541357" elapsed="0.000165"/>
</kw>
<status status="PASS" start="2024-06-27T11:12:39.374630" elapsed="0.167042"/>
</kw>
<doc>Testa se a API responde corretamente e retorna um objeto JSON válido.</doc>
<tag>testeRequisicaoBasica</tag>
<status status="PASS" start="2024-06-27T11:12:39.374172" elapsed="0.167670"/>
</test>
<test id="s1-s1-t3" name="Validar estrutura de resposta" line="22">
<kw name="Teste de Estrutura de Resposta" owner="random-user-service">
<kw name="GET On Session" owner="RequestsLibrary">
<msg time="2024-06-27T11:12:39.647128" level="INFO">GET Request : url=https://randomuser.me/api 
 path_url=/api 
 headers={'User-Agent': 'python-requests/2.32.3', 'Accept-Encoding': 'gzip, deflate', 'Accept': '*/*', 'Connection': 'keep-alive'} 
 body=None 
 </msg>
<msg time="2024-06-27T11:12:39.647234" level="INFO">GET Response : url=https://randomuser.me/api 
 status=200, reason=OK 
 headers={'Date': 'Thu, 27 Jun 2024 11:12:39 GMT', 'Content-Type': 'application/json; charset=utf-8', 'Transfer-Encoding': 'chunked', 'Connection': 'keep-alive', 'X-Powered-By': 'Express', 'Access-Control-Allow-Origin': '*', 'Cache-Control': 'no-cache', 'ETag': 'W/"49b-UmSBwDy/0/iDA64p+sRQ9HiOqMk"', 'Vary': 'Accept-Encoding', 'Content-Encoding': 'gzip', 'CF-Cache-Status': 'DYNAMIC', 'Report-To': '{"endpoints":[{"url":"https:\\/\\/a.nel.cloudflare.com\\/report\\/v4?s=ndQo2KYSDIWF4e2xa7%2FnX1XEyN2x41sHpTVbNbiv7ciYmwn1RityTBSwFnJWSX9NjK1%2BphIPnkwMYX40bNSqVwcbAtmLlmk5%2FmHm2C0g1vH7e8wxtXSxdQQB5A3%2B%2BkRZ"}],"group":"cf-nel","max_age":604800}', 'NEL': '{"success_fraction":0,"report_to":"cf-nel","max_age":604800}', 'Server': 'cloudflare', 'CF-RAY': '89a500d72f940809-IAD', 'alt-svc': 'h3=":443"; ma=86400'} 
 body={"results":[{"gender":"female","name":{"title":"Mrs","first":"Nella","last":"Makela"},"location":{"street":{"number":1443,"name":"Esplanadi"},"city":"Isojoki","state":"Ostrobothnia","country":"Finland","postcode":80626,"coordinates":{"latitude":"-25.0973","longitude":"175.7867"},"timezone":{"offset":"+8:00","description":"Beijing, Perth, Singapore, Hong Kong"}},"email":"nella.makela@example.com","login":{"uuid":"a88d2127-cdd2-4ae3-aee7-62c7c3fc16aa","username":"heavykoala214","password":"trooper","salt":"22hP5oj4","md5":"09a8ee35b63c8176833792acaaa8df5a","sha1":"76b774fcd9f51dd8c3a138d79d4962315c68d99e","sha256":"046fd15c05ed85562b7918cba374d71c430fc23fedc2d0fed2b01244f928ff9e"},"dob":{"date":"1988-06-04T04:08:28.379Z","age":36},"registered":{"date":"2011-12-13T12:54:28.976Z","age":12},"phone":"03-970-366","cell":"042-220-78-18","id":{"name":"HETU","value":"NaNNA108undefined"},"picture":{"large":"https://randomuser.me/api/portraits/women/74.jpg","medium":"https://randomuser.me/api/portraits/med/women/74.jpg","thumbnail":"https://randomuser.me/api/portraits/thumb/women/74.jpg"},"nat":"FI"}],"info":{"seed":"3994d0ca41dfcfb3","results":1,"page":1,"version":"1.4"}} 
 </msg>
<msg time="2024-06-27T11:12:39.647383" level="INFO">/opt/hostedtoolcache/Python/3.12.4/x64/lib/python3.12/site-packages/urllib3/connectionpool.py:1099: InsecureRequestWarning: Unverified HTTPS request is being made to host 'randomuser.me'. Adding certificate verification is strongly advised. See: https://urllib3.readthedocs.io/en/latest/advanced-usage.html#tls-warnings
  warnings.warn(</msg>
<msg time="2024-06-27T11:12:39.647558" level="INFO">${response} = &lt;Response [200]&gt;</msg>
<var>${response}</var>
<arg>consultarAPI</arg>
<arg>/api</arg>
<doc>Sends a GET request on a previously created HTTP Session.</doc>
<status status="PASS" start="2024-06-27T11:12:39.544808" elapsed="0.102794"/>
</kw>
<kw name="Set Variable" owner="BuiltIn">
<msg time="2024-06-27T11:12:39.648623" level="INFO">${json_data} = {'results': [{'gender': 'female', 'name': {'title': 'Mrs', 'first': 'Nella', 'last': 'Makela'}, 'location': {'street': {'number': 1443, 'name': 'Esplanadi'}, 'city': 'Isojoki', 'state': 'Ostrobothnia'...</msg>
<var>${json_data}</var>
<arg>${response.json()}</arg>
<doc>Returns the given values which can then be assigned to a variables.</doc>
<status status="PASS" start="2024-06-27T11:12:39.648114" elapsed="0.000537"/>
</kw>
<kw name="Log" owner="BuiltIn">
<msg time="2024-06-27T11:12:39.649149" level="INFO">{'results': [{'gender': 'female', 'name': {'title': 'Mrs', 'first': 'Nella', 'last': 'Makela'}, 'location': {'street': {'number': 1443, 'name': 'Esplanadi'}, 'city': 'Isojoki', 'state': 'Ostrobothnia', 'country': 'Finland', 'postcode': 80626, 'coordinates': {'latitude': '-25.0973', 'longitude': '175.7867'}, 'timezone': {'offset': '+8:00', 'description': 'Beijing, Perth, Singapore, Hong Kong'}}, 'email': 'nella.makela@example.com', 'login': {'uuid': 'a88d2127-cdd2-4ae3-aee7-62c7c3fc16aa', 'username': 'heavykoala214', 'password': 'trooper', 'salt': '22hP5oj4', 'md5': '09a8ee35b63c8176833792acaaa8df5a', 'sha1': '76b774fcd9f51dd8c3a138d79d4962315c68d99e', 'sha256': '046fd15c05ed85562b7918cba374d71c430fc23fedc2d0fed2b01244f928ff9e'}, 'dob': {'date': '1988-06-04T04:08:28.379Z', 'age': 36}, 'registered': {'date': '2011-12-13T12:54:28.976Z', 'age': 12}, 'phone': '03-970-366', 'cell': '042-220-78-18', 'id': {'name': 'HETU', 'value': 'NaNNA108undefined'}, 'picture': {'large': 'https://randomuser.me/api/portraits/women/74.jpg', 'medium': 'https://randomuser.me/api/portraits/med/women/74.jpg', 'thumbnail': 'https://randomuser.me/api/portraits/thumb/women/74.jpg'}, 'nat': 'FI'}], 'info': {'seed': '3994d0ca41dfcfb3', 'results': 1, 'page': 1, 'version': '1.4'}}</msg>
<arg>${json_data}</arg>
<doc>Logs the given message with the given level.</doc>
<status status="PASS" start="2024-06-27T11:12:39.648984" elapsed="0.000213"/>
</kw>
<kw name="Dictionary Should Contain Key" owner="Collections">
<arg>${json_data}</arg>
<arg>results</arg>
<doc>Fails if ``key`` is not found from ``dictionary``.</doc>
<status status="PASS" start="2024-06-27T11:12:39.649524" elapsed="0.000194"/>
</kw>
<kw name="Should Not Be Empty" owner="BuiltIn">
<msg time="2024-06-27T11:12:39.650091" level="INFO">Length is 2.</msg>
<arg>${json_data}</arg>
<doc>Verifies that the given item is not empty.</doc>
<status status="PASS" start="2024-06-27T11:12:39.649933" elapsed="0.000206"/>
</kw>
<kw name="Create List" owner="BuiltIn">
<msg time="2024-06-27T11:12:39.650772" level="INFO">${expected_keys} = ['gender', 'name', 'location', 'email', 'login']</msg>
<var>${expected_keys}</var>
<arg>gender</arg>
<arg>name</arg>
<arg>location</arg>
<arg>email</arg>
<arg>login</arg>
<doc>Returns a list containing given items.</doc>
<status status="PASS" start="2024-06-27T11:12:39.650454" elapsed="0.000342"/>
</kw>
<for flavor="IN">
<iter>
<kw name="Dictionary Should Contain Key" owner="Collections">
<arg>${json_data['results'][0]}</arg>
<arg>${key}</arg>
<doc>Fails if ``key`` is not found from ``dictionary``.</doc>
<status status="PASS" start="2024-06-27T11:12:39.651388" elapsed="0.000439"/>
</kw>
<kw name="Log" owner="BuiltIn">
<msg time="2024-06-27T11:12:39.652369" level="INFO">{'gender': 'female', 'name': {'title': 'Mrs', 'first': 'Nella', 'last': 'Makela'}, 'location': {'street': {'number': 1443, 'name': 'Esplanadi'}, 'city': 'Isojoki', 'state': 'Ostrobothnia', 'country': 'Finland', 'postcode': 80626, 'coordinates': {'latitude': '-25.0973', 'longitude': '175.7867'}, 'timezone': {'offset': '+8:00', 'description': 'Beijing, Perth, Singapore, Hong Kong'}}, 'email': 'nella.makela@example.com', 'login': {'uuid': 'a88d2127-cdd2-4ae3-aee7-62c7c3fc16aa', 'username': 'heavykoala214', 'password': 'trooper', 'salt': '22hP5oj4', 'md5': '09a8ee35b63c8176833792acaaa8df5a', 'sha1': '76b774fcd9f51dd8c3a138d79d4962315c68d99e', 'sha256': '046fd15c05ed85562b7918cba374d71c430fc23fedc2d0fed2b01244f928ff9e'}, 'dob': {'date': '1988-06-04T04:08:28.379Z', 'age': 36}, 'registered': {'date': '2011-12-13T12:54:28.976Z', 'age': 12}, 'phone': '03-970-366', 'cell': '042-220-78-18', 'id': {'name': 'HETU', 'value': 'NaNNA108undefined'}, 'picture': {'large': 'https://randomuser.me/api/portraits/women/74.jpg', 'medium': 'https://randomuser.me/api/portraits/med/women/74.jpg', 'thumbnail': 'https://randomuser.me/api/portraits/thumb/women/74.jpg'}, 'nat': 'FI'}</msg>
<arg>${json_data['results'][0]}</arg>
<doc>Logs the given message with the given level.</doc>
<status status="PASS" start="2024-06-27T11:12:39.652011" elapsed="0.000408"/>
</kw>
<kw name="Log" owner="BuiltIn">
<msg time="2024-06-27T11:12:39.652844" level="INFO">gender</msg>
<arg>${key}</arg>
<doc>Logs the given message with the given level.</doc>
<status status="PASS" start="2024-06-27T11:12:39.652715" elapsed="0.000167"/>
</kw>
<var name="${key}">gender</var>
<status status="PASS" start="2024-06-27T11:12:39.651265" elapsed="0.001831"/>
</iter>
<iter>
<kw name="Dictionary Should Contain Key" owner="Collections">
<arg>${json_data['results'][0]}</arg>
<arg>${key}</arg>
<doc>Fails if ``key`` is not found from ``dictionary``.</doc>
<status status="PASS" start="2024-06-27T11:12:39.653385" elapsed="0.000381"/>
</kw>
<kw name="Log" owner="BuiltIn">
<msg time="2024-06-27T11:12:39.654328" level="INFO">{'gender': 'female', 'name': {'title': 'Mrs', 'first': 'Nella', 'last': 'Makela'}, 'location': {'street': {'number': 1443, 'name': 'Esplanadi'}, 'city': 'Isojoki', 'state': 'Ostrobothnia', 'country': 'Finland', 'postcode': 80626, 'coordinates': {'latitude': '-25.0973', 'longitude': '175.7867'}, 'timezone': {'offset': '+8:00', 'description': 'Beijing, Perth, Singapore, Hong Kong'}}, 'email': 'nella.makela@example.com', 'login': {'uuid': 'a88d2127-cdd2-4ae3-aee7-62c7c3fc16aa', 'username': 'heavykoala214', 'password': 'trooper', 'salt': '22hP5oj4', 'md5': '09a8ee35b63c8176833792acaaa8df5a', 'sha1': '76b774fcd9f51dd8c3a138d79d4962315c68d99e', 'sha256': '046fd15c05ed85562b7918cba374d71c430fc23fedc2d0fed2b01244f928ff9e'}, 'dob': {'date': '1988-06-04T04:08:28.379Z', 'age': 36}, 'registered': {'date': '2011-12-13T12:54:28.976Z', 'age': 12}, 'phone': '03-970-366', 'cell': '042-220-78-18', 'id': {'name': 'HETU', 'value': 'NaNNA108undefined'}, 'picture': {'large': 'https://randomuser.me/api/portraits/women/74.jpg', 'medium': 'https://randomuser.me/api/portraits/med/women/74.jpg', 'thumbnail': 'https://randomuser.me/api/portraits/thumb/women/74.jpg'}, 'nat': 'FI'}</msg>
<arg>${json_data['results'][0]}</arg>
<doc>Logs the given message with the given level.</doc>
<status status="PASS" start="2024-06-27T11:12:39.653943" elapsed="0.000435"/>
</kw>
<kw name="Log" owner="BuiltIn">
<msg time="2024-06-27T11:12:39.654793" level="INFO">name</msg>
<arg>${key}</arg>
<doc>Logs the given message with the given level.</doc>
<status status="PASS" start="2024-06-27T11:12:39.654669" elapsed="0.000160"/>
</kw>
<var name="${key}">name</var>
<status status="PASS" start="2024-06-27T11:12:39.653276" elapsed="0.001764"/>
</iter>
<iter>
<kw name="Dictionary Should Contain Key" owner="Collections">
<arg>${json_data['results'][0]}</arg>
<arg>${key}</arg>
<doc>Fails if ``key`` is not found from ``dictionary``.</doc>
<status status="PASS" start="2024-06-27T11:12:39.655321" elapsed="0.000395"/>
</kw>
<kw name="Log" owner="BuiltIn">
<msg time="2024-06-27T11:12:39.656237" level="INFO">{'gender': 'female', 'name': {'title': 'Mrs', 'first': 'Nella', 'last': 'Makela'}, 'location': {'street': {'number': 1443, 'name': 'Esplanadi'}, 'city': 'Isojoki', 'state': 'Ostrobothnia', 'country': 'Finland', 'postcode': 80626, 'coordinates': {'latitude': '-25.0973', 'longitude': '175.7867'}, 'timezone': {'offset': '+8:00', 'description': 'Beijing, Perth, Singapore, Hong Kong'}}, 'email': 'nella.makela@example.com', 'login': {'uuid': 'a88d2127-cdd2-4ae3-aee7-62c7c3fc16aa', 'username': 'heavykoala214', 'password': 'trooper', 'salt': '22hP5oj4', 'md5': '09a8ee35b63c8176833792acaaa8df5a', 'sha1': '76b774fcd9f51dd8c3a138d79d4962315c68d99e', 'sha256': '046fd15c05ed85562b7918cba374d71c430fc23fedc2d0fed2b01244f928ff9e'}, 'dob': {'date': '1988-06-04T04:08:28.379Z', 'age': 36}, 'registered': {'date': '2011-12-13T12:54:28.976Z', 'age': 12}, 'phone': '03-970-366', 'cell': '042-220-78-18', 'id': {'name': 'HETU', 'value': 'NaNNA108undefined'}, 'picture': {'large': 'https://randomuser.me/api/portraits/women/74.jpg', 'medium': 'https://randomuser.me/api/portraits/med/women/74.jpg', 'thumbnail': 'https://randomuser.me/api/portraits/thumb/women/74.jpg'}, 'nat': 'FI'}</msg>
<arg>${json_data['results'][0]}</arg>
<doc>Logs the given message with the given level.</doc>
<status status="PASS" start="2024-06-27T11:12:39.655894" elapsed="0.000390"/>
</kw>
<kw name="Log" owner="BuiltIn">
<msg time="2024-06-27T11:12:39.656701" level="INFO">location</msg>
<arg>${key}</arg>
<doc>Logs the given message with the given level.</doc>
<status status="PASS" start="2024-06-27T11:12:39.656576" elapsed="0.000161"/>
</kw>
<var name="${key}">location</var>
<status status="PASS" start="2024-06-27T11:12:39.655216" elapsed="0.001731"/>
</iter>
<iter>
<kw name="Dictionary Should Contain Key" owner="Collections">
<arg>${json_data['results'][0]}</arg>
<arg>${key}</arg>
<doc>Fails if ``key`` is not found from ``dictionary``.</doc>
<status status="PASS" start="2024-06-27T11:12:39.657219" elapsed="0.000377"/>
</kw>
<kw name="Log" owner="BuiltIn">
<msg time="2024-06-27T11:12:39.658121" level="INFO">{'gender': 'female', 'name': {'title': 'Mrs', 'first': 'Nella', 'last': 'Makela'}, 'location': {'street': {'number': 1443, 'name': 'Esplanadi'}, 'city': 'Isojoki', 'state': 'Ostrobothnia', 'country': 'Finland', 'postcode': 80626, 'coordinates': {'latitude': '-25.0973', 'longitude': '175.7867'}, 'timezone': {'offset': '+8:00', 'description': 'Beijing, Perth, Singapore, Hong Kong'}}, 'email': 'nella.makela@example.com', 'login': {'uuid': 'a88d2127-cdd2-4ae3-aee7-62c7c3fc16aa', 'username': 'heavykoala214', 'password': 'trooper', 'salt': '22hP5oj4', 'md5': '09a8ee35b63c8176833792acaaa8df5a', 'sha1': '76b774fcd9f51dd8c3a138d79d4962315c68d99e', 'sha256': '046fd15c05ed85562b7918cba374d71c430fc23fedc2d0fed2b01244f928ff9e'}, 'dob': {'date': '1988-06-04T04:08:28.379Z', 'age': 36}, 'registered': {'date': '2011-12-13T12:54:28.976Z', 'age': 12}, 'phone': '03-970-366', 'cell': '042-220-78-18', 'id': {'name': 'HETU', 'value': 'NaNNA108undefined'}, 'picture': {'large': 'https://randomuser.me/api/portraits/women/74.jpg', 'medium': 'https://randomuser.me/api/portraits/med/women/74.jpg', 'thumbnail': 'https://randomuser.me/api/portraits/thumb/women/74.jpg'}, 'nat': 'FI'}</msg>
<arg>${json_data['results'][0]}</arg>
<doc>Logs the given message with the given level.</doc>
<status status="PASS" start="2024-06-27T11:12:39.657778" elapsed="0.000389"/>
</kw>
<kw name="Log" owner="BuiltIn">
<msg time="2024-06-27T11:12:39.658577" level="INFO">email</msg>
<arg>${key}</arg>
<doc>Logs the given message with the given level.</doc>
<status status="PASS" start="2024-06-27T11:12:39.658453" elapsed="0.000162"/>
</kw>
<var name="${key}">email</var>
<status status="PASS" start="2024-06-27T11:12:39.657114" elapsed="0.001716"/>
</iter>
<iter>
<kw name="Dictionary Should Contain Key" owner="Collections">
<arg>${json_data['results'][0]}</arg>
<arg>${key}</arg>
<doc>Fails if ``key`` is not found from ``dictionary``.</doc>
<status status="PASS" start="2024-06-27T11:12:39.659113" elapsed="0.000403"/>
</kw>
<kw name="Log" owner="BuiltIn">
<msg time="2024-06-27T11:12:39.660044" level="INFO">{'gender': 'female', 'name': {'title': 'Mrs', 'first': 'Nella', 'last': 'Makela'}, 'location': {'street': {'number': 1443, 'name': 'Esplanadi'}, 'city': 'Isojoki', 'state': 'Ostrobothnia', 'country': 'Finland', 'postcode': 80626, 'coordinates': {'latitude': '-25.0973', 'longitude': '175.7867'}, 'timezone': {'offset': '+8:00', 'description': 'Beijing, Perth, Singapore, Hong Kong'}}, 'email': 'nella.makela@example.com', 'login': {'uuid': 'a88d2127-cdd2-4ae3-aee7-62c7c3fc16aa', 'username': 'heavykoala214', 'password': 'trooper', 'salt': '22hP5oj4', 'md5': '09a8ee35b63c8176833792acaaa8df5a', 'sha1': '76b774fcd9f51dd8c3a138d79d4962315c68d99e', 'sha256': '046fd15c05ed85562b7918cba374d71c430fc23fedc2d0fed2b01244f928ff9e'}, 'dob': {'date': '1988-06-04T04:08:28.379Z', 'age': 36}, 'registered': {'date': '2011-12-13T12:54:28.976Z', 'age': 12}, 'phone': '03-970-366', 'cell': '042-220-78-18', 'id': {'name': 'HETU', 'value': 'NaNNA108undefined'}, 'picture': {'large': 'https://randomuser.me/api/portraits/women/74.jpg', 'medium': 'https://randomuser.me/api/portraits/med/women/74.jpg', 'thumbnail': 'https://randomuser.me/api/portraits/thumb/women/74.jpg'}, 'nat': 'FI'}</msg>
<arg>${json_data['results'][0]}</arg>
<doc>Logs the given message with the given level.</doc>
<status status="PASS" start="2024-06-27T11:12:39.659696" elapsed="0.000396"/>
</kw>
<kw name="Log" owner="BuiltIn">
<msg time="2024-06-27T11:12:39.660505" level="INFO">login</msg>
<arg>${key}</arg>
<doc>Logs the given message with the given level.</doc>
<status status="PASS" start="2024-06-27T11:12:39.660380" elapsed="0.000162"/>
</kw>
<var name="${key}">login</var>
<status status="PASS" start="2024-06-27T11:12:39.658999" elapsed="0.001752"/>
</iter>
<var>${key}</var>
<value>@{expected_keys}</value>
<status status="PASS" start="2024-06-27T11:12:39.651066" elapsed="0.009811"/>
</for>
<kw name="Create List" owner="BuiltIn">
<msg time="2024-06-27T11:12:39.661231" level="INFO">${expected_keysTwo} = ['username', 'password']</msg>
<var>${expected_keysTwo}</var>
<arg>username</arg>
<arg>password</arg>
<doc>Returns a list containing given items.</doc>
<status status="PASS" start="2024-06-27T11:12:39.661060" elapsed="0.000197"/>
</kw>
<for flavor="IN">
<iter>
<kw name="Dictionary Should Contain Key" owner="Collections">
<arg>${json_data['results'][0]['login']}</arg>
<arg>${keyTwo}</arg>
<doc>Fails if ``key`` is not found from ``dictionary``.</doc>
<status status="PASS" start="2024-06-27T11:12:39.661744" elapsed="0.000383"/>
</kw>
<kw name="Dictionary Should Contain Key" owner="Collections">
<arg>${json_data['results'][0]['login']}</arg>
<arg>${keyTwo}</arg>
<doc>Fails if ``key`` is not found from ``dictionary``.</doc>
<status status="PASS" start="2024-06-27T11:12:39.662305" elapsed="0.000368"/>
</kw>
<kw name="Log" owner="BuiltIn">
<msg time="2024-06-27T11:12:39.662975" level="INFO">username</msg>
<arg>${keyTwo}</arg>
<doc>Logs the given message with the given level.</doc>
<status status="PASS" start="2024-06-27T11:12:39.662856" elapsed="0.000156"/>
</kw>
<var name="${keyTwo}">username</var>
<status status="PASS" start="2024-06-27T11:12:39.661640" elapsed="0.001595"/>
</iter>
<iter>
<kw name="Dictionary Should Contain Key" owner="Collections">
<arg>${json_data['results'][0]['login']}</arg>
<arg>${keyTwo}</arg>
<doc>Fails if ``key`` is not found from ``dictionary``.</doc>
<status status="PASS" start="2024-06-27T11:12:39.663536" elapsed="0.000386"/>
</kw>
<kw name="Dictionary Should Contain Key" owner="Collections">
<arg>${json_data['results'][0]['login']}</arg>
<arg>${keyTwo}</arg>
<doc>Fails if ``key`` is not found from ``dictionary``.</doc>
<status status="PASS" start="2024-06-27T11:12:39.664101" elapsed="0.000372"/>
</kw>
<kw name="Log" owner="BuiltIn">
<msg time="2024-06-27T11:12:39.664766" level="INFO">password</msg>
<arg>${keyTwo}</arg>
<doc>Logs the given message with the given level.</doc>
<status status="PASS" start="2024-06-27T11:12:39.664648" elapsed="0.000159"/>
</kw>
<var name="${keyTwo}">password</var>
<status status="PASS" start="2024-06-27T11:12:39.663406" elapsed="0.001715"/>
</iter>
<var>${keyTwo}</var>
<value>@{expected_keysTwo}</value>
<status status="PASS" start="2024-06-27T11:12:39.661491" elapsed="0.003751"/>
</for>
<status status="PASS" start="2024-06-27T11:12:39.544470" elapsed="0.120910"/>
</kw>
<doc>Testa a estrutura da resposta da API.</doc>
<tag>testeEstruturaResposta</tag>
<status status="PASS" start="2024-06-27T11:12:39.543680" elapsed="0.121857"/>
</test>
<test id="s1-s1-t4" name="Validar tipos de dados" line="28">
<kw name="Teste de Tipos de Dados" owner="random-user-service">
<kw name="GET On Session" owner="RequestsLibrary">
<msg time="2024-06-27T11:12:39.742046" level="INFO">GET Request : url=https://randomuser.me/api 
 path_url=/api 
 headers={'User-Agent': 'python-requests/2.32.3', 'Accept-Encoding': 'gzip, deflate', 'Accept': '*/*', 'Connection': 'keep-alive'} 
 body=None 
 </msg>
<msg time="2024-06-27T11:12:39.742137" level="INFO">GET Response : url=https://randomuser.me/api 
 status=200, reason=OK 
 headers={'Date': 'Thu, 27 Jun 2024 11:12:39 GMT', 'Content-Type': 'application/json; charset=utf-8', 'Transfer-Encoding': 'chunked', 'Connection': 'keep-alive', 'X-Powered-By': 'Express', 'Access-Control-Allow-Origin': '*', 'Cache-Control': 'no-cache', 'ETag': 'W/"4c0-LSZvoynVgynO1O0VloqOXlBmGw0"', 'Vary': 'Accept-Encoding', 'Content-Encoding': 'gzip', 'CF-Cache-Status': 'DYNAMIC', 'Report-To': '{"endpoints":[{"url":"https:\\/\\/a.nel.cloudflare.com\\/report\\/v4?s=XKReZA9nGPGOA1PBykveutRYDELLW8wy9TPPiR1iMDHriBpMCAoWZWCzQdipMtRIVEZsiWgQnC3Lb336LxNCBdpgRneGyo0Fd%2Buh2mk9QX5wtPHZIZ%2Bp5RoIWiQ86QwG"}],"group":"cf-nel","max_age":604800}', 'NEL': '{"success_fraction":0,"report_to":"cf-nel","max_age":604800}', 'Server': 'cloudflare', 'CF-RAY': '89a500d7e8570809-IAD', 'alt-svc': 'h3=":443"; ma=86400'} 
 body={"results":[{"gender":"male","name":{"title":"Mr","first":"Lorival","last":"da Conceição"},"location":{"street":{"number":1374,"name":"Rua São Sebastiao "},"city":"São José dos Pinhais","state":"Pernambuco","country":"Brazil","postcode":98383,"coordinates":{"latitude":"-78.2833","longitude":"-115.9476"},"timezone":{"offset":"-6:00","description":"Central Time (US &amp; Canada), Mexico City"}},"email":"lorival.daconceicao@example.com","login":{"uuid":"9332dd9f-30eb-43b9-a573-124e4b48c32c","username":"heavyelephant158","password":"elliot","salt":"pa4SlRKz","md5":"92c97dfa44fe0ddaa7cdf542c337d6d8","sha1":"2aefe6c7a20671e0c47aa797b1334ef3b330614a","sha256":"34aa9e2bea2e23292af41d9b3ae4361c894ebbdbbdd991d038c0c0bf8b3c4707"},"dob":{"date":"1953-12-02T15:22:29.864Z","age":70},"registered":{"date":"2007-10-20T06:49:49.991Z","age":16},"phone":"(27) 2572-1771","cell":"(55) 8916-2643","id":{"name":"CPF","value":"146.172.146-60"},"picture":{"large":"https://randomuser.me/api/portraits/men/93.jpg","medium":"https://randomuser.me/api/portraits/med/men/93.jpg","thumbnail":"https://randomuser.me/api/portraits/thumb/men/93.jpg"},"nat":"BR"}],"info":{"seed":"67c5489a7c8a6cd0","results":1,"page":1,"version":"1.4"}} 
 </msg>
<msg time="2024-06-27T11:12:39.742221" level="INFO">/opt/hostedtoolcache/Python/3.12.4/x64/lib/python3.12/site-packages/urllib3/connectionpool.py:1099: InsecureRequestWarning: Unverified HTTPS request is being made to host 'randomuser.me'. Adding certificate verification is strongly advised. See: https://urllib3.readthedocs.io/en/latest/advanced-usage.html#tls-warnings
  warnings.warn(</msg>
<msg time="2024-06-27T11:12:39.742342" level="INFO">${response} = &lt;Response [200]&gt;</msg>
<var>${response}</var>
<arg>consultarAPI</arg>
<arg>/api</arg>
<doc>Sends a GET request on a previously created HTTP Session.</doc>
<status status="PASS" start="2024-06-27T11:12:39.668072" elapsed="0.074300"/>
</kw>
<kw name="Set Variable" owner="BuiltIn">
<msg time="2024-06-27T11:12:39.743244" level="INFO">${json_data} = {'results': [{'gender': 'male', 'name': {'title': 'Mr', 'first': 'Lorival', 'last': 'da Conceição'}, 'location': {'street': {'number': 1374, 'name': 'Rua São Sebastiao '}, 'city': 'São José dos Pinhai...</msg>
<var>${json_data}</var>
<arg>${response.json()}</arg>
<doc>Returns the given values which can then be assigned to a variables.</doc>
<status status="PASS" start="2024-06-27T11:12:39.742759" elapsed="0.000516"/>
</kw>
<kw name="Log" owner="BuiltIn">
<msg time="2024-06-27T11:12:39.743783" level="INFO">{'results': [{'gender': 'male', 'name': {'title': 'Mr', 'first': 'Lorival', 'last': 'da Conceição'}, 'location': {'street': {'number': 1374, 'name': 'Rua São Sebastiao '}, 'city': 'São José dos Pinhais', 'state': 'Pernambuco', 'country': 'Brazil', 'postcode': 98383, 'coordinates': {'latitude': '-78.2833', 'longitude': '-115.9476'}, 'timezone': {'offset': '-6:00', 'description': 'Central Time (US &amp; Canada), Mexico City'}}, 'email': 'lorival.daconceicao@example.com', 'login': {'uuid': '9332dd9f-30eb-43b9-a573-124e4b48c32c', 'username': 'heavyelephant158', 'password': 'elliot', 'salt': 'pa4SlRKz', 'md5': '92c97dfa44fe0ddaa7cdf542c337d6d8', 'sha1': '2aefe6c7a20671e0c47aa797b1334ef3b330614a', 'sha256': '34aa9e2bea2e23292af41d9b3ae4361c894ebbdbbdd991d038c0c0bf8b3c4707'}, 'dob': {'date': '1953-12-02T15:22:29.864Z', 'age': 70}, 'registered': {'date': '2007-10-20T06:49:49.991Z', 'age': 16}, 'phone': '(27) 2572-1771', 'cell': '(55) 8916-2643', 'id': {'name': 'CPF', 'value': '146.172.146-60'}, 'picture': {'large': 'https://randomuser.me/api/portraits/men/93.jpg', 'medium': 'https://randomuser.me/api/portraits/med/men/93.jpg', 'thumbnail': 'https://randomuser.me/api/portraits/thumb/men/93.jpg'}, 'nat': 'BR'}], 'info': {'seed': '67c5489a7c8a6cd0', 'results': 1, 'page': 1, 'version': '1.4'}}</msg>
<arg>${json_data}</arg>
<doc>Logs the given message with the given level.</doc>
<status status="PASS" start="2024-06-27T11:12:39.743617" elapsed="0.000220"/>
</kw>
<kw name="Should Be String" owner="String">
<arg>${json_data['results'][0]['gender']}</arg>
<doc>Fails if the given ``item`` is not a string.</doc>
<status status="PASS" start="2024-06-27T11:12:39.744131" elapsed="0.000356"/>
</kw>
<kw name="Should Match Regexp" owner="BuiltIn">
<arg>${json_data['results'][0]['email']}</arg>
<arg>^[a-zA-Z0-9._%+-]+@[a-zA-Z0-9.-]+\.[a-zA-Z]{2,}$</arg>
<doc>Fails if ``string`` does not match ``pattern`` as a regular expression.</doc>
<status status="PASS" start="2024-06-27T11:12:39.744730" elapsed="0.000525"/>
</kw>
<kw name="Should Match Regexp" owner="BuiltIn">
<arg>${json_data['results'][0]['dob']['date']}</arg>
<arg>\\d{4}-\\d{2}-\\d{2}T\\d{2}:\\d{2}:\\d{2}\\.\\d{3}Z</arg>
<doc>Fails if ``string`` does not match ``pattern`` as a regular expression.</doc>
<status status="PASS" start="2024-06-27T11:12:39.745449" elapsed="0.000482"/>
</kw>
<kw name="Should Match Regexp" owner="BuiltIn">
<arg>${json_data['results'][0]['registered']['date']}</arg>
<arg>\\d{4}-\\d{2}-\\d{2}T\\d{2}:\\d{2}:\\d{2}\\.\\d{3}Z</arg>
<doc>Fails if ``string`` does not match ``pattern`` as a regular expression.</doc>
<status status="PASS" start="2024-06-27T11:12:39.746121" elapsed="0.000367"/>
</kw>
<kw name="Should Match Regexp" owner="BuiltIn">
<arg>${json_data['results'][0]['picture']['large']}</arg>
<arg>^https?://.*\.(?:png|jpe?g|gif|bmp)$</arg>
<doc>Fails if ``string`` does not match ``pattern`` as a regular expression.</doc>
<status status="PASS" start="2024-06-27T11:12:39.746670" elapsed="0.000465"/>
</kw>
<kw name="Should Match Regexp" owner="BuiltIn">
<arg>${json_data['results'][0]['picture']['medium']}</arg>
<arg>^https?://.*\.(?:png|jpe?g|gif|bmp)$</arg>
<doc>Fails if ``string`` does not match ``pattern`` as a regular expression.</doc>
<status status="PASS" start="2024-06-27T11:12:39.747323" elapsed="0.000430"/>
</kw>
<kw name="Should Match Regexp" owner="BuiltIn">
<arg>${json_data['results'][0]['picture']['thumbnail']}</arg>
<arg>^https?://.*\.(?:png|jpe?g|gif|bmp)$</arg>
<doc>Fails if ``string`` does not match ``pattern`` as a regular expression.</doc>
<status status="PASS" start="2024-06-27T11:12:39.747944" elapsed="0.000366"/>
</kw>
<kw name="Log" owner="BuiltIn">
<msg time="2024-06-27T11:12:39.748827" level="INFO">{'large': 'https://randomuser.me/api/portraits/men/93.jpg', 'medium': 'https://randomuser.me/api/portraits/med/men/93.jpg', 'thumbnail': 'https://randomuser.me/api/portraits/thumb/men/93.jpg'}</msg>
<arg>${json_data['results'][0]['picture']}</arg>
<doc>Logs the given message with the given level.</doc>
<status status="PASS" start="2024-06-27T11:12:39.748498" elapsed="0.000373"/>
</kw>
<status status="PASS" start="2024-06-27T11:12:39.667847" elapsed="0.081281"/>
</kw>
<kw name="Teste de Tipos de Dados - Postcode" owner="random-user-service">
<kw name="GET On Session" owner="RequestsLibrary">
<msg time="2024-06-27T11:12:39.837385" level="INFO">GET Request : url=https://randomuser.me/api 
 path_url=/api 
 headers={'User-Agent': 'python-requests/2.32.3', 'Accept-Encoding': 'gzip, deflate', 'Accept': '*/*', 'Connection': 'keep-alive'} 
 body=None 
 </msg>
<msg time="2024-06-27T11:12:39.837478" level="INFO">GET Response : url=https://randomuser.me/api 
 status=200, reason=OK 
 headers={'Date': 'Thu, 27 Jun 2024 11:12:39 GMT', 'Content-Type': 'application/json; charset=utf-8', 'Transfer-Encoding': 'chunked', 'Connection': 'keep-alive', 'X-Powered-By': 'Express', 'Access-Control-Allow-Origin': '*', 'Cache-Control': 'no-cache', 'ETag': 'W/"482-0YnZocJLOw6SHNCAIzXB+yhFtDY"', 'Vary': 'Accept-Encoding', 'Content-Encoding': 'gzip', 'CF-Cache-Status': 'DYNAMIC', 'Report-To': '{"endpoints":[{"url":"https:\\/\\/a.nel.cloudflare.com\\/report\\/v4?s=ZYC1HyZYbzrFHx%2BMGfyaXEwdfPndXf0DugQYR933hSjgcWEd%2FflR05pbVwKaaVXk5NnbBzZwnToy32%2BLeDYrLA9J51gWQQDyvRjenw8UckPjmDh%2BYe%2B2z6OnB7gKGRCE"}],"group":"cf-nel","max_age":604800}', 'NEL': '{"success_fraction":0,"report_to":"cf-nel","max_age":604800}', 'Server': 'cloudflare', 'CF-RAY': '89a500d878fc0809-IAD', 'alt-svc': 'h3=":443"; ma=86400'} 
 body={"results":[{"gender":"male","name":{"title":"Mr","first":"Mitchell","last":"Banks"},"location":{"street":{"number":2698,"name":"Depaul Dr"},"city":"Queanbeyan","state":"Tasmania","country":"Australia","postcode":3043,"coordinates":{"latitude":"-83.1509","longitude":"-53.3837"},"timezone":{"offset":"-8:00","description":"Pacific Time (US &amp; Canada)"}},"email":"mitchell.banks@example.com","login":{"uuid":"b0242bb2-2c7a-4a52-bc67-562905039c87","username":"happykoala421","password":"shuai","salt":"jXEMNwiD","md5":"6fa6071a36867180296cb65a4e907e17","sha1":"a6d3b7da275fa463a11e4aed4ad59ac0854772c9","sha256":"b2ba919961d893926a2051b418040d5a1349d86d56664a373fa6a6340b992f02"},"dob":{"date":"1968-11-07T00:56:08.187Z","age":55},"registered":{"date":"2005-11-06T13:00:42.786Z","age":18},"phone":"00-3025-7541","cell":"0497-429-874","id":{"name":"TFN","value":"053672134"},"picture":{"large":"https://randomuser.me/api/portraits/men/61.jpg","medium":"https://randomuser.me/api/portraits/med/men/61.jpg","thumbnail":"https://randomuser.me/api/portraits/thumb/men/61.jpg"},"nat":"AU"}],"info":{"seed":"6df7d7d4dab2f669","results":1,"page":1,"version":"1.4"}} 
 </msg>
<msg time="2024-06-27T11:12:39.837543" level="INFO">/opt/hostedtoolcache/Python/3.12.4/x64/lib/python3.12/site-packages/urllib3/connectionpool.py:1099: InsecureRequestWarning: Unverified HTTPS request is being made to host 'randomuser.me'. Adding certificate verification is strongly advised. See: https://urllib3.readthedocs.io/en/latest/advanced-usage.html#tls-warnings
  warnings.warn(</msg>
<msg time="2024-06-27T11:12:39.837669" level="INFO">${response} = &lt;Response [200]&gt;</msg>
<var>${response}</var>
<arg>consultarAPI</arg>
<arg>/api</arg>
<doc>Sends a GET request on a previously created HTTP Session.</doc>
<status status="PASS" start="2024-06-27T11:12:39.749561" elapsed="0.088153"/>
</kw>
<kw name="Set Variable" owner="BuiltIn">
<msg time="2024-06-27T11:12:39.838616" level="INFO">${json_data} = {'results': [{'gender': 'male', 'name': {'title': 'Mr', 'first': 'Mitchell', 'last': 'Banks'}, 'location': {'street': {'number': 2698, 'name': 'Depaul Dr'}, 'city': 'Queanbeyan', 'state': 'Tasmania', ...</msg>
<var>${json_data}</var>
<arg>${response.json()}</arg>
<doc>Returns the given values which can then be assigned to a variables.</doc>
<status status="PASS" start="2024-06-27T11:12:39.838137" elapsed="0.000508"/>
</kw>
<kw name="Log" owner="BuiltIn">
<msg time="2024-06-27T11:12:39.839117" level="INFO">{'results': [{'gender': 'male', 'name': {'title': 'Mr', 'first': 'Mitchell', 'last': 'Banks'}, 'location': {'street': {'number': 2698, 'name': 'Depaul Dr'}, 'city': 'Queanbeyan', 'state': 'Tasmania', 'country': 'Australia', 'postcode': 3043, 'coordinates': {'latitude': '-83.1509', 'longitude': '-53.3837'}, 'timezone': {'offset': '-8:00', 'description': 'Pacific Time (US &amp; Canada)'}}, 'email': 'mitchell.banks@example.com', 'login': {'uuid': 'b0242bb2-2c7a-4a52-bc67-562905039c87', 'username': 'happykoala421', 'password': 'shuai', 'salt': 'jXEMNwiD', 'md5': '6fa6071a36867180296cb65a4e907e17', 'sha1': 'a6d3b7da275fa463a11e4aed4ad59ac0854772c9', 'sha256': 'b2ba919961d893926a2051b418040d5a1349d86d56664a373fa6a6340b992f02'}, 'dob': {'date': '1968-11-07T00:56:08.187Z', 'age': 55}, 'registered': {'date': '2005-11-06T13:00:42.786Z', 'age': 18}, 'phone': '00-3025-7541', 'cell': '0497-429-874', 'id': {'name': 'TFN', 'value': '053672134'}, 'picture': {'large': 'https://randomuser.me/api/portraits/men/61.jpg', 'medium': 'https://randomuser.me/api/portraits/med/men/61.jpg', 'thumbnail': 'https://randomuser.me/api/portraits/thumb/men/61.jpg'}, 'nat': 'AU'}], 'info': {'seed': '6df7d7d4dab2f669', 'results': 1, 'page': 1, 'version': '1.4'}}</msg>
<arg>${json_data}</arg>
<doc>Logs the given message with the given level.</doc>
<status status="PASS" start="2024-06-27T11:12:39.838958" elapsed="0.000208"/>
</kw>
<kw name="Should Be Equal As Numbers" owner="BuiltIn">
<arg>${json_data['results'][0]['location']['postcode']}</arg>
<arg>${json_data['results'][0]['location']['postcode']}</arg>
<doc>Fails if objects are unequal after converting them to real numbers.</doc>
<status status="PASS" start="2024-06-27T11:12:39.839455" elapsed="0.000677"/>
</kw>
<kw name="Log" owner="BuiltIn">
<msg time="2024-06-27T11:12:39.840829" level="INFO">3043</msg>
<arg>${json_data['results'][0]['location']['postcode']}</arg>
<doc>Logs the given message with the given level.</doc>
<status status="PASS" start="2024-06-27T11:12:39.840357" elapsed="0.000512"/>
</kw>
<status status="PASS" start="2024-06-27T11:12:39.749343" elapsed="0.091777"/>
</kw>
<doc>Testa se os tipos de dados na resposta da API estão corretos.</doc>
<tag>testeTiposDados</tag>
<status status="PASS" start="2024-06-27T11:12:39.667267" elapsed="0.174013"/>
</test>
<test id="s1-s1-t5" name="Validar conteudo" line="35">
<kw name="Teste de Tipos de Conteudo" owner="random-user-service">
<kw name="GET On Session" owner="RequestsLibrary">
<msg time="2024-06-27T11:12:39.945967" level="INFO">GET Request : url=https://randomuser.me/api 
 path_url=/api 
 headers={'User-Agent': 'python-requests/2.32.3', 'Accept-Encoding': 'gzip, deflate', 'Accept': '*/*', 'Connection': 'keep-alive'} 
 body=None 
 </msg>
<msg time="2024-06-27T11:12:39.946072" level="INFO">GET Response : url=https://randomuser.me/api 
 status=200, reason=OK 
 headers={'Date': 'Thu, 27 Jun 2024 11:12:39 GMT', 'Content-Type': 'application/json; charset=utf-8', 'Transfer-Encoding': 'chunked', 'Connection': 'keep-alive', 'X-Powered-By': 'Express', 'Access-Control-Allow-Origin': '*', 'Cache-Control': 'no-cache', 'ETag': 'W/"4ad-ZCfhRgcpElKzXd25Dg//9qTgX9U"', 'Vary': 'Accept-Encoding', 'Content-Encoding': 'gzip', 'CF-Cache-Status': 'DYNAMIC', 'Report-To': '{"endpoints":[{"url":"https:\\/\\/a.nel.cloudflare.com\\/report\\/v4?s=T6JSng8QZZDWY%2BQpElN%2Bpq40lcHoC6f7old9GGUqniwULc4IlxmQzfjZqhjPXb63EcQIqEvKa0QCjx2sVpepHL%2FaHZgzAyQHLk4ynbHOEj1lmcQuz7UisOOjLRT5n9Ur"}],"group":"cf-nel","max_age":604800}', 'NEL': '{"success_fraction":0,"report_to":"cf-nel","max_age":604800}', 'Server': 'cloudflare', 'CF-RAY': '89a500d909ad0809-IAD', 'alt-svc': 'h3=":443"; ma=86400'} 
 body={"results":[{"gender":"female","name":{"title":"Ms","first":"یلدا","last":"قاسمی"},"location":{"street":{"number":9719,"name":"نوفل لوشاتو"},"city":"اسلام‌شهر","state":"خراسان شمالی","country":"Iran","postcode":53714,"coordinates":{"latitude":"13.6162","longitude":"110.0624"},"timezone":{"offset":"+3:00","description":"Baghdad, Riyadh, Moscow, St. Petersburg"}},"email":"yld.qsmy@example.com","login":{"uuid":"f8b8fd15-77e8-4434-9f3a-b9aedc25137c","username":"purplepanda647","password":"choice","salt":"D6Isopg7","md5":"96207222002d39fe5e189c56d115acdf","sha1":"c8cb5b5066363377bacfcd2656ac536336d39f45","sha256":"a8d1e3e49ae701f56ce053ac6845453bbc85f06611225831a38624ae57c4fb25"},"dob":{"date":"1982-04-24T02:52:03.077Z","age":42},"registered":{"date":"2021-01-18T21:49:01.462Z","age":3},"phone":"071-31247571","cell":"0938-919-1012","id":{"name":"","value":null},"picture":{"large":"https://randomuser.me/api/portraits/women/83.jpg","medium":"https://randomuser.me/api/portraits/med/women/83.jpg","thumbnail":"https://randomuser.me/api/portraits/thumb/women/83.jpg"},"nat":"IR"}],"info":{"seed":"19cfa001e62d8e4a","results":1,"page":1,"version":"1.4"}} 
 </msg>
<msg time="2024-06-27T11:12:39.946152" level="INFO">/opt/hostedtoolcache/Python/3.12.4/x64/lib/python3.12/site-packages/urllib3/connectionpool.py:1099: InsecureRequestWarning: Unverified HTTPS request is being made to host 'randomuser.me'. Adding certificate verification is strongly advised. See: https://urllib3.readthedocs.io/en/latest/advanced-usage.html#tls-warnings
  warnings.warn(</msg>
<msg time="2024-06-27T11:12:39.946295" level="INFO">${response} = &lt;Response [200]&gt;</msg>
<var>${response}</var>
<arg>consultarAPI</arg>
<arg>/api</arg>
<doc>Sends a GET request on a previously created HTTP Session.</doc>
<status status="PASS" start="2024-06-27T11:12:39.843780" elapsed="0.102557"/>
</kw>
<kw name="Set Variable" owner="BuiltIn">
<msg time="2024-06-27T11:12:39.947417" level="INFO">${json_data} = {'results': [{'gender': 'female', 'name': {'title': 'Ms', 'first': 'یلدا', 'last': 'قاسمی'}, 'location': {'street': {'number': 9719, 'name': 'نوفل لوشاتو'}, 'city': 'اسلام\u200cشهر', 'state': 'خراسان ...</msg>
<var>${json_data}</var>
<arg>${response.json()}</arg>
<doc>Returns the given values which can then be assigned to a variables.</doc>
<status status="PASS" start="2024-06-27T11:12:39.946892" elapsed="0.000555"/>
</kw>
<kw name="Set Variable" owner="BuiltIn">
<msg time="2024-06-27T11:12:39.948245" level="INFO">${name_title} = Ms</msg>
<var>${name_title}</var>
<arg>${json_data["results"][0]["name"]["title"]}</arg>
<doc>Returns the given values which can then be assigned to a variables.</doc>
<status status="PASS" start="2024-06-27T11:12:39.947813" elapsed="0.000459"/>
</kw>
<kw name="Create List" owner="BuiltIn">
<msg time="2024-06-27T11:12:39.948722" level="INFO">${allowed_titles} = ['Mr', 'Ms', 'Miss', 'Mrs', 'Madame', 'Monsieur']</msg>
<var>${allowed_titles}</var>
<arg>Mr</arg>
<arg>Ms</arg>
<arg>Miss</arg>
<arg>Mrs</arg>
<arg>Madame</arg>
<arg>Monsieur</arg>
<doc>Returns a list containing given items.</doc>
<status status="PASS" start="2024-06-27T11:12:39.948574" elapsed="0.000172"/>
</kw>
<kw name="List Should Contain Value" owner="Collections">
<arg>${allowed_titles}</arg>
<arg>${name_title}</arg>
<doc>Fails if the ``value`` is not found from ``list``.</doc>
<status status="PASS" start="2024-06-27T11:12:39.949050" elapsed="0.000187"/>
</kw>
<kw name="Set Variable" owner="BuiltIn">
<msg time="2024-06-27T11:12:39.949804" level="INFO">${name_country} = IR</msg>
<var>${name_country}</var>
<arg>${json_data["results"][0]["nat"]}</arg>
<doc>Returns the given values which can then be assigned to a variables.</doc>
<status status="PASS" start="2024-06-27T11:12:39.949437" elapsed="0.000391"/>
</kw>
<kw name="Create List" owner="BuiltIn">
<msg time="2024-06-27T11:12:39.950706" level="INFO">${list_country} = ['AD', 'AE', 'AF', 'AG', 'AI', 'AL', 'AM', 'AO', 'AQ', 'AR', 'AS', 'AT', 'AU', 'AW', 'AX', 'AZ', 'BA', 'BB', 'BD', 'BE', 'BF', 'BG', 'BH', 'BI', 'BJ', 'BL', 'BM', 'BN', 'BO', 'BQ', 'BR', 'BS', 'BT', '...</msg>
<var>${list_country}</var>
<arg>AD</arg>
<arg>AE</arg>
<arg>AF</arg>
<arg>AG</arg>
<arg>AI</arg>
<arg>AL</arg>
<arg>AM</arg>
<arg>AO</arg>
<arg>AQ</arg>
<arg>AR</arg>
<arg>AS</arg>
<arg>AT</arg>
<arg>AU</arg>
<arg>AW</arg>
<arg>AX</arg>
<arg>AZ</arg>
<arg>BA</arg>
<arg>BB</arg>
<arg>BD</arg>
<arg>BE</arg>
<arg>BF</arg>
<arg>BG</arg>
<arg>BH</arg>
<arg>BI</arg>
<arg>BJ</arg>
<arg>BL</arg>
<arg>BM</arg>
<arg>BN</arg>
<arg>BO</arg>
<arg>BQ</arg>
<arg>BR</arg>
<arg>BS</arg>
<arg>BT</arg>
<arg>BV</arg>
<arg>BW</arg>
<arg>BY</arg>
<arg>BZ</arg>
<arg>CA</arg>
<arg>CC</arg>
<arg>CD</arg>
<arg>CF</arg>
<arg>CG</arg>
<arg>CH</arg>
<arg>CI</arg>
<arg>CK</arg>
<arg>CL</arg>
<arg>CM</arg>
<arg>CN</arg>
<arg>CO</arg>
<arg>CR</arg>
<arg>CU</arg>
<arg>CV</arg>
<arg>CW</arg>
<arg>CX</arg>
<arg>CY</arg>
<arg>CZ</arg>
<arg>DE</arg>
<arg>DJ</arg>
<arg>DK</arg>
<arg>DM</arg>
<arg>DO</arg>
<arg>DZ</arg>
<arg>EC</arg>
<arg>EE</arg>
<arg>EG</arg>
<arg>EH</arg>
<arg>ER</arg>
<arg>ES</arg>
<arg>ET</arg>
<arg>FI</arg>
<arg>FJ</arg>
<arg>FK</arg>
<arg>FM</arg>
<arg>FO</arg>
<arg>FR</arg>
<arg>GA</arg>
<arg>GB</arg>
<arg>GD</arg>
<arg>GE</arg>
<arg>GF</arg>
<arg>GG</arg>
<arg>GH</arg>
<arg>GI</arg>
<arg>GL</arg>
<arg>GM</arg>
<arg>GN</arg>
<arg>GP</arg>
<arg>GQ</arg>
<arg>GR</arg>
<arg>GS</arg>
<arg>GT</arg>
<arg>GU</arg>
<arg>GW</arg>
<arg>GY</arg>
<arg>HK</arg>
<arg>HM</arg>
<arg>HN</arg>
<arg>HR</arg>
<arg>HT</arg>
<arg>HU</arg>
<arg>ID</arg>
<arg>IE</arg>
<arg>IL</arg>
<arg>IM</arg>
<arg>IN</arg>
<arg>IO</arg>
<arg>IQ</arg>
<arg>IR</arg>
<arg>IS</arg>
<arg>IT</arg>
<arg>JE</arg>
<arg>JM</arg>
<arg>JO</arg>
<arg>JP</arg>
<arg>KE</arg>
<arg>KG</arg>
<arg>KH</arg>
<arg>KI</arg>
<arg>KM</arg>
<arg>KN</arg>
<arg>KP</arg>
<arg>KR</arg>
<arg>KW</arg>
<arg>KY</arg>
<arg>KZ</arg>
<arg>LA</arg>
<arg>LB</arg>
<arg>LC</arg>
<arg>LI</arg>
<arg>LK</arg>
<arg>LR</arg>
<arg>LS</arg>
<arg>LT</arg>
<arg>LU</arg>
<arg>LV</arg>
<arg>LY</arg>
<arg>MA</arg>
<arg>MC</arg>
<arg>MD</arg>
<arg>ME</arg>
<arg>MF</arg>
<arg>MG</arg>
<arg>MH</arg>
<arg>MK</arg>
<arg>ML</arg>
<arg>MM</arg>
<arg>MN</arg>
<arg>MO</arg>
<arg>MP</arg>
<arg>MQ</arg>
<arg>MR</arg>
<arg>MS</arg>
<arg>MT</arg>
<arg>MU</arg>
<arg>MV</arg>
<arg>MW</arg>
<arg>MX</arg>
<arg>MY</arg>
<arg>MZ</arg>
<arg>NA</arg>
<arg>NC</arg>
<arg>NE</arg>
<arg>NF</arg>
<arg>NG</arg>
<arg>NI</arg>
<arg>NL</arg>
<arg>NO</arg>
<arg>NP</arg>
<arg>NR</arg>
<arg>NU</arg>
<arg>NZ</arg>
<arg>OM</arg>
<arg>PA</arg>
<arg>PE</arg>
<arg>PF</arg>
<arg>PG</arg>
<arg>PH</arg>
<arg>PK</arg>
<arg>PL</arg>
<arg>PM</arg>
<arg>PN</arg>
<arg>PR</arg>
<arg>PS</arg>
<arg>PT</arg>
<arg>PW</arg>
<arg>PY</arg>
<arg>QA</arg>
<arg>RE</arg>
<arg>RO</arg>
<arg>RS</arg>
<arg>RU</arg>
<arg>RW</arg>
<arg>SA</arg>
<arg>SB</arg>
<arg>SC</arg>
<arg>SD</arg>
<arg>SE</arg>
<arg>SG</arg>
<arg>SH</arg>
<arg>SI</arg>
<arg>SJ</arg>
<arg>SK</arg>
<arg>SL</arg>
<arg>SM</arg>
<arg>SN</arg>
<arg>SO</arg>
<arg>SR</arg>
<arg>SS</arg>
<arg>ST</arg>
<arg>SV</arg>
<arg>SX</arg>
<arg>SY</arg>
<arg>SZ</arg>
<arg>TC</arg>
<arg>TD</arg>
<arg>TF</arg>
<arg>TG</arg>
<arg>TH</arg>
<arg>TJ</arg>
<arg>TK</arg>
<arg>TL</arg>
<arg>TM</arg>
<arg>TN</arg>
<arg>TO</arg>
<arg>TR</arg>
<arg>TT</arg>
<arg>TV</arg>
<arg>TW</arg>
<arg>TZ</arg>
<arg>UA</arg>
<arg>UG</arg>
<arg>UM</arg>
<arg>US</arg>
<arg>UY</arg>
<arg>UZ</arg>
<arg>VA</arg>
<arg>VC</arg>
<arg>VE</arg>
<arg>VG</arg>
<arg>VI</arg>
<arg>VN</arg>
<arg>VU</arg>
<arg>WF</arg>
<arg>WS</arg>
<arg>XK</arg>
<arg>YE</arg>
<arg>YT</arg>
<arg>ZA</arg>
<arg>ZM</arg>
<arg>ZW</arg>
<doc>Returns a list containing given items.</doc>
<status status="PASS" start="2024-06-27T11:12:39.950111" elapsed="0.000620"/>
</kw>
<kw name="List Should Contain Value" owner="Collections">
<arg>${list_country}</arg>
<arg>${name_country}</arg>
<doc>Fails if the ``value`` is not found from ``list``.</doc>
<status status="PASS" start="2024-06-27T11:12:39.951672" elapsed="0.000242"/>
</kw>
<kw name="Run Keyword If" owner="BuiltIn">
<kw name="Should Be True" owner="BuiltIn">
<arg>${True}</arg>
<doc>Fails if the given condition is not true.</doc>
<status status="PASS" start="2024-06-27T11:12:39.952945" elapsed="0.000140"/>
</kw>
<arg>${json_data["results"][0]["location"]["coordinates"]["latitude"]} &gt;= -90 and ${json_data["results"][0]["location"]["coordinates"]["latitude"]} &lt;= 90</arg>
<arg>Should Be True</arg>
<arg>${True}</arg>
<doc>Runs the given keyword with the given arguments, if ``condition`` is true.</doc>
<status status="PASS" start="2024-06-27T11:12:39.952161" elapsed="0.001048"/>
</kw>
<kw name="Run Keyword If" owner="BuiltIn">
<kw name="Should Be True" owner="BuiltIn">
<arg>${True}</arg>
<doc>Fails if the given condition is not true.</doc>
<status status="PASS" start="2024-06-27T11:12:39.954068" elapsed="0.000247"/>
</kw>
<arg>${json_data["results"][0]["location"]["coordinates"]["longitude"]} &gt;= -180 and ${json_data["results"][0]["location"]["coordinates"]["longitude"]} &lt;= 180</arg>
<arg>Should Be True</arg>
<arg>${True}</arg>
<doc>Runs the given keyword with the given arguments, if ``condition`` is true.</doc>
<status status="PASS" start="2024-06-27T11:12:39.953388" elapsed="0.001054"/>
</kw>
<status status="PASS" start="2024-06-27T11:12:39.843555" elapsed="0.111020"/>
</kw>
<doc>Testa o conteúdo específico dos campos retornados pela API.</doc>
<tag>testeConteudo</tag>
<status status="PASS" start="2024-06-27T11:12:39.843004" elapsed="0.111723"/>
</test>
<status status="PASS" start="2024-06-27T11:12:39.026282" elapsed="0.930393"/>
</suite>
<status status="PASS" start="2024-06-27T11:12:39.011914" elapsed="0.949882"/>
</suite>
<statistics>
<total>
<stat pass="5" fail="0" skip="0">All Tests</stat>
</total>
<tag>
<stat pass="1" fail="0" skip="0">testeConteudo</stat>
<stat pass="1" fail="0" skip="0">testeEstruturaResposta</stat>
<stat pass="1" fail="0" skip="0">testeRequisicaoBasica</stat>
<stat pass="1" fail="0" skip="0">testeTiposDados</stat>
</tag>
<suite>
<stat pass="5" fail="0" skip="0" id="s1" name="Tests">Tests</stat>
<stat pass="5" fail="0" skip="0" id="s1-s1" name="Random-User-Test">Tests.Random-User-Test</stat>
</suite>
</statistics>
<errors>
</errors>
</robot>
