<?xml version="1.0" encoding="UTF-8"?>
<robot generator="Robot 7.0.1 (Python 3.12.4 on linux)" generated="2024-08-06T23:15:44.030401" rpa="false" schemaversion="5">
<suite id="s1" name="Tests" source="/home/runner/work/ApiRandomUser/ApiRandomUser/RamdonUser/tests">
<suite id="s1-s1" name="Random-User-Test" source="/home/runner/work/ApiRandomUser/ApiRandomUser/RamdonUser/tests/random-user-test.robot">
<test id="s1-s1-t1" name="Conectar" line="13">
<kw name="Conectar API" owner="random-user-service">
<kw name="Create Session" owner="RequestsLibrary">
<msg time="2024-08-06T23:15:44.451616" level="INFO">Creating Session using : alias=consultarAPI, url=https://randomuser.me/, headers={},                     cookies={}, auth=None, timeout=None, proxies=None, verify=False,                     debug=0 </msg>
<arg>consultarAPI</arg>
<arg>${URL}</arg>
<doc>Create Session: create a HTTP session to a server</doc>
<status status="PASS" start="2024-08-06T23:15:44.451419" elapsed="0.000360"/>
</kw>
<status status="PASS" start="2024-08-06T23:15:44.450417" elapsed="0.001703"/>
</kw>
<status status="PASS" start="2024-08-06T23:15:44.449902" elapsed="0.002406"/>
</test>
<test id="s1-s1-t2" name="Validar retorno 200 e JSON Válido" line="16">
<kw name="Teste de Requisicao Basica" owner="random-user-service">
<kw name="GET On Session" owner="RequestsLibrary">
<msg time="2024-08-06T23:15:44.532193" level="INFO">GET Request : url=https://randomuser.me/api 
 path_url=/api 
 headers={'User-Agent': 'python-requests/2.32.3', 'Accept-Encoding': 'gzip, deflate', 'Accept': '*/*', 'Connection': 'keep-alive'} 
 body=None 
 </msg>
<msg time="2024-08-06T23:15:44.532315" level="INFO">GET Response : url=https://randomuser.me/api 
 status=200, reason=OK 
 headers={'Date': 'Tue, 06 Aug 2024 23:15:44 GMT', 'Content-Type': 'application/json; charset=utf-8', 'Transfer-Encoding': 'chunked', 'Connection': 'keep-alive', 'X-Powered-By': 'Express', 'Access-Control-Allow-Origin': '*', 'Cache-Control': 'no-cache', 'ETag': 'W/"47d-mSuI0T2CUv5t8dlAcPw2FMcnVyM"', 'Vary': 'Accept-Encoding', 'Content-Encoding': 'gzip', 'CF-Cache-Status': 'DYNAMIC', 'Report-To': '{"endpoints":[{"url":"https:\\/\\/a.nel.cloudflare.com\\/report\\/v4?s=ES%2FF6nVMSqI8yUcFZsvG1NDzTBjknFEwTuNuakAL72tpIHWf4NfCwNThoVt%2Fg8CKh5bGjfWB%2FX5Uq%2B8z7HSnaf9FyJhdXLX%2Bo5a3NC6sNYjx4iifLM9o4Stxo%2FVy8htS"}],"group":"cf-nel","max_age":604800}', 'NEL': '{"success_fraction":0,"report_to":"cf-nel","max_age":604800}', 'Server': 'cloudflare', 'CF-RAY': '8af2bb0afd9181ee-IAD', 'alt-svc': 'h3=":443"; ma=86400'} 
 body={"results":[{"gender":"male","name":{"title":"Mr","first":"Milton","last":"Rose"},"location":{"street":{"number":5738,"name":"Chester Road"},"city":"Cambridge","state":"Herefordshire","country":"United Kingdom","postcode":"UQ42 5FZ","coordinates":{"latitude":"-10.4248","longitude":"-8.5275"},"timezone":{"offset":"-9:00","description":"Alaska"}},"email":"milton.rose@example.com","login":{"uuid":"bc19127d-19a4-430d-b31e-2e8c03437c29","username":"bigtiger217","password":"camden","salt":"eJOrnaZp","md5":"b132b16ff27f778b401abf945cf08f8b","sha1":"49bd0be0f5cbe9d43aaa3d25678e7b4b3b53b834","sha256":"e2fc1f08cf3989e06c7335517f588eeb7204a54dcc430a8171bff41c36d7002a"},"dob":{"date":"1996-08-12T00:00:42.214Z","age":27},"registered":{"date":"2012-11-29T04:54:54.762Z","age":11},"phone":"016973 59738","cell":"07350 931060","id":{"name":"NINO","value":"HL 58 12 50 F"},"picture":{"large":"https://randomuser.me/api/portraits/men/77.jpg","medium":"https://randomuser.me/api/portraits/med/men/77.jpg","thumbnail":"https://randomuser.me/api/portraits/thumb/men/77.jpg"},"nat":"GB"}],"info":{"seed":"322472d97ec1e928","results":1,"page":1,"version":"1.4"}} 
 </msg>
<msg time="2024-08-06T23:15:44.532396" level="INFO">/opt/hostedtoolcache/Python/3.12.4/x64/lib/python3.12/site-packages/urllib3/connectionpool.py:1099: InsecureRequestWarning: Unverified HTTPS request is being made to host 'randomuser.me'. Adding certificate verification is strongly advised. See: https://urllib3.readthedocs.io/en/latest/advanced-usage.html#tls-warnings
  warnings.warn(</msg>
<msg time="2024-08-06T23:15:44.532544" level="INFO">${response} = &lt;Response [200]&gt;</msg>
<var>${response}</var>
<arg>consultarAPI</arg>
<arg>/api</arg>
<doc>Sends a GET request on a previously created HTTP Session.</doc>
<status status="PASS" start="2024-08-06T23:15:44.454848" elapsed="0.077749"/>
</kw>
<kw name="Should Be Equal As Numbers" owner="BuiltIn">
<msg time="2024-08-06T23:15:44.533453" level="INFO">Argument types are:
&lt;class 'int'&gt;
&lt;class 'str'&gt;</msg>
<arg>${response.status_code}</arg>
<arg>200</arg>
<doc>Fails if objects are unequal after converting them to real numbers.</doc>
<status status="PASS" start="2024-08-06T23:15:44.533038" elapsed="0.000514"/>
</kw>
<kw name="Log" owner="BuiltIn">
<msg time="2024-08-06T23:15:44.534228" level="INFO">200</msg>
<arg>${response.status_code}</arg>
<doc>Logs the given message with the given level.</doc>
<status status="PASS" start="2024-08-06T23:15:44.533880" elapsed="0.000391"/>
</kw>
<kw name="Set Variable" owner="BuiltIn">
<msg time="2024-08-06T23:15:44.535013" level="INFO">${json_data} = {'results': [{'gender': 'male', 'name': {'title': 'Mr', 'first': 'Milton', 'last': 'Rose'}, 'location': {'street': {'number': 5738, 'name': 'Chester Road'}, 'city': 'Cambridge', 'state': 'Herefordshir...</msg>
<var>${json_data}</var>
<arg>${response.json()}</arg>
<doc>Returns the given values which can then be assigned to a variables.</doc>
<status status="PASS" start="2024-08-06T23:15:44.534585" elapsed="0.000456"/>
</kw>
<kw name="Dictionary Should Contain Key" owner="Collections">
<arg>${json_data}</arg>
<arg>results</arg>
<doc>Fails if ``key`` is not found from ``dictionary``.</doc>
<status status="PASS" start="2024-08-06T23:15:44.535347" elapsed="0.000292"/>
</kw>
<status status="PASS" start="2024-08-06T23:15:44.454607" elapsed="0.081181"/>
</kw>
<doc>Testa se a API responde corretamente e retorna um objeto JSON válido.</doc>
<tag>testeRequisicaoBasica</tag>
<status status="PASS" start="2024-08-06T23:15:44.454168" elapsed="0.081782"/>
</test>
<test id="s1-s1-t3" name="Validar estrutura de resposta" line="22">
<kw name="Teste de Estrutura de Resposta" owner="random-user-service">
<kw name="GET On Session" owner="RequestsLibrary">
<msg time="2024-08-06T23:15:44.631732" level="INFO">GET Request : url=https://randomuser.me/api 
 path_url=/api 
 headers={'User-Agent': 'python-requests/2.32.3', 'Accept-Encoding': 'gzip, deflate', 'Accept': '*/*', 'Connection': 'keep-alive'} 
 body=None 
 </msg>
<msg time="2024-08-06T23:15:44.631815" level="INFO">GET Response : url=https://randomuser.me/api 
 status=200, reason=OK 
 headers={'Date': 'Tue, 06 Aug 2024 23:15:44 GMT', 'Content-Type': 'application/json; charset=utf-8', 'Transfer-Encoding': 'chunked', 'Connection': 'keep-alive', 'X-Powered-By': 'Express', 'Access-Control-Allow-Origin': '*', 'Cache-Control': 'no-cache', 'ETag': 'W/"493-NP5XmEM+ZbHAQkStIsbMpxqhQWY"', 'Vary': 'Accept-Encoding', 'Content-Encoding': 'gzip', 'CF-Cache-Status': 'DYNAMIC', 'Report-To': '{"endpoints":[{"url":"https:\\/\\/a.nel.cloudflare.com\\/report\\/v4?s=pBCVsJwjR2bSjHcy%2F0f5ZWtc45wjiKHpmhdqhyX%2Fp8ZLRixcdFs0IicN%2BY9StXuE9gElbEAKIivMBJm9hHcTAU4doiH3Ibvg48xOAbAMI1io5OLlCMSuFlc8ow9%2FJ1U3"}],"group":"cf-nel","max_age":604800}', 'NEL': '{"success_fraction":0,"report_to":"cf-nel","max_age":604800}', 'Server': 'cloudflare', 'CF-RAY': '8af2bb0b5dfe81ee-IAD', 'alt-svc': 'h3=":443"; ma=86400'} 
 body={"results":[{"gender":"female","name":{"title":"Miss","first":"Vlatka","last":"Bajević"},"location":{"street":{"number":447,"name":"Doljanska"},"city":"Sokobanja","state":"Srem","country":"Serbia","postcode":72762,"coordinates":{"latitude":"59.7515","longitude":"88.0599"},"timezone":{"offset":"-5:00","description":"Eastern Time (US &amp; Canada), Bogota, Lima"}},"email":"vlatka.bajevic@example.com","login":{"uuid":"f01402cd-bb28-476e-9fd0-330234dbfa78","username":"angryduck282","password":"specialk","salt":"QkHDz3Y8","md5":"9bd81ba0df723765eb775a90ba95b65c","sha1":"9099de87dbd20889d5bf90dfa562185f78ccba57","sha256":"97cfae5fe5aa68a869aa8e2ac6b81b72fd892555c1024e328a5d05b7c6f013f1"},"dob":{"date":"1945-05-23T21:31:47.150Z","age":79},"registered":{"date":"2005-07-23T18:36:23.757Z","age":19},"phone":"018-7964-554","cell":"060-3614-717","id":{"name":"SID","value":"836749240"},"picture":{"large":"https://randomuser.me/api/portraits/women/24.jpg","medium":"https://randomuser.me/api/portraits/med/women/24.jpg","thumbnail":"https://randomuser.me/api/portraits/thumb/women/24.jpg"},"nat":"RS"}],"info":{"seed":"1583c65582aab478","results":1,"page":1,"version":"1.4"}} 
 </msg>
<msg time="2024-08-06T23:15:44.631944" level="INFO">/opt/hostedtoolcache/Python/3.12.4/x64/lib/python3.12/site-packages/urllib3/connectionpool.py:1099: InsecureRequestWarning: Unverified HTTPS request is being made to host 'randomuser.me'. Adding certificate verification is strongly advised. See: https://urllib3.readthedocs.io/en/latest/advanced-usage.html#tls-warnings
  warnings.warn(</msg>
<msg time="2024-08-06T23:15:44.632059" level="INFO">${response} = &lt;Response [200]&gt;</msg>
<var>${response}</var>
<arg>consultarAPI</arg>
<arg>/api</arg>
<doc>Sends a GET request on a previously created HTTP Session.</doc>
<status status="PASS" start="2024-08-06T23:15:44.538842" elapsed="0.093260"/>
</kw>
<kw name="Set Variable" owner="BuiltIn">
<msg time="2024-08-06T23:15:44.632926" level="INFO">${json_data} = {'results': [{'gender': 'female', 'name': {'title': 'Miss', 'first': 'Vlatka', 'last': 'Bajević'}, 'location': {'street': {'number': 447, 'name': 'Doljanska'}, 'city': 'Sokobanja', 'state': 'Srem', 'c...</msg>
<var>${json_data}</var>
<arg>${response.json()}</arg>
<doc>Returns the given values which can then be assigned to a variables.</doc>
<status status="PASS" start="2024-08-06T23:15:44.632461" elapsed="0.000496"/>
</kw>
<kw name="Log" owner="BuiltIn">
<msg time="2024-08-06T23:15:44.633424" level="INFO">{'results': [{'gender': 'female', 'name': {'title': 'Miss', 'first': 'Vlatka', 'last': 'Bajević'}, 'location': {'street': {'number': 447, 'name': 'Doljanska'}, 'city': 'Sokobanja', 'state': 'Srem', 'country': 'Serbia', 'postcode': 72762, 'coordinates': {'latitude': '59.7515', 'longitude': '88.0599'}, 'timezone': {'offset': '-5:00', 'description': 'Eastern Time (US &amp; Canada), Bogota, Lima'}}, 'email': 'vlatka.bajevic@example.com', 'login': {'uuid': 'f01402cd-bb28-476e-9fd0-330234dbfa78', 'username': 'angryduck282', 'password': 'specialk', 'salt': 'QkHDz3Y8', 'md5': '9bd81ba0df723765eb775a90ba95b65c', 'sha1': '9099de87dbd20889d5bf90dfa562185f78ccba57', 'sha256': '97cfae5fe5aa68a869aa8e2ac6b81b72fd892555c1024e328a5d05b7c6f013f1'}, 'dob': {'date': '1945-05-23T21:31:47.150Z', 'age': 79}, 'registered': {'date': '2005-07-23T18:36:23.757Z', 'age': 19}, 'phone': '018-7964-554', 'cell': '060-3614-717', 'id': {'name': 'SID', 'value': '836749240'}, 'picture': {'large': 'https://randomuser.me/api/portraits/women/24.jpg', 'medium': 'https://randomuser.me/api/portraits/med/women/24.jpg', 'thumbnail': 'https://randomuser.me/api/portraits/thumb/women/24.jpg'}, 'nat': 'RS'}], 'info': {'seed': '1583c65582aab478', 'results': 1, 'page': 1, 'version': '1.4'}}</msg>
<arg>${json_data}</arg>
<doc>Logs the given message with the given level.</doc>
<status status="PASS" start="2024-08-06T23:15:44.633264" elapsed="0.000213"/>
</kw>
<kw name="Dictionary Should Contain Key" owner="Collections">
<arg>${json_data}</arg>
<arg>results</arg>
<doc>Fails if ``key`` is not found from ``dictionary``.</doc>
<status status="PASS" start="2024-08-06T23:15:44.633828" elapsed="0.000172"/>
</kw>
<kw name="Should Not Be Empty" owner="BuiltIn">
<msg time="2024-08-06T23:15:44.634314" level="INFO">Length is 2.</msg>
<arg>${json_data}</arg>
<doc>Verifies that the given item is not empty.</doc>
<status status="PASS" start="2024-08-06T23:15:44.634188" elapsed="0.000165"/>
</kw>
<kw name="Create List" owner="BuiltIn">
<msg time="2024-08-06T23:15:44.634809" level="INFO">${expected_keys} = ['gender', 'name', 'location', 'email', 'login']</msg>
<var>${expected_keys}</var>
<arg>gender</arg>
<arg>name</arg>
<arg>location</arg>
<arg>email</arg>
<arg>login</arg>
<doc>Returns a list containing given items.</doc>
<status status="PASS" start="2024-08-06T23:15:44.634654" elapsed="0.000180"/>
</kw>
<for flavor="IN">
<iter>
<kw name="Dictionary Should Contain Key" owner="Collections">
<arg>${json_data['results'][0]}</arg>
<arg>${key}</arg>
<doc>Fails if ``key`` is not found from ``dictionary``.</doc>
<status status="PASS" start="2024-08-06T23:15:44.635404" elapsed="0.000411"/>
</kw>
<kw name="Log" owner="BuiltIn">
<msg time="2024-08-06T23:15:44.636370" level="INFO">{'gender': 'female', 'name': {'title': 'Miss', 'first': 'Vlatka', 'last': 'Bajević'}, 'location': {'street': {'number': 447, 'name': 'Doljanska'}, 'city': 'Sokobanja', 'state': 'Srem', 'country': 'Serbia', 'postcode': 72762, 'coordinates': {'latitude': '59.7515', 'longitude': '88.0599'}, 'timezone': {'offset': '-5:00', 'description': 'Eastern Time (US &amp; Canada), Bogota, Lima'}}, 'email': 'vlatka.bajevic@example.com', 'login': {'uuid': 'f01402cd-bb28-476e-9fd0-330234dbfa78', 'username': 'angryduck282', 'password': 'specialk', 'salt': 'QkHDz3Y8', 'md5': '9bd81ba0df723765eb775a90ba95b65c', 'sha1': '9099de87dbd20889d5bf90dfa562185f78ccba57', 'sha256': '97cfae5fe5aa68a869aa8e2ac6b81b72fd892555c1024e328a5d05b7c6f013f1'}, 'dob': {'date': '1945-05-23T21:31:47.150Z', 'age': 79}, 'registered': {'date': '2005-07-23T18:36:23.757Z', 'age': 19}, 'phone': '018-7964-554', 'cell': '060-3614-717', 'id': {'name': 'SID', 'value': '836749240'}, 'picture': {'large': 'https://randomuser.me/api/portraits/women/24.jpg', 'medium': 'https://randomuser.me/api/portraits/med/women/24.jpg', 'thumbnail': 'https://randomuser.me/api/portraits/thumb/women/24.jpg'}, 'nat': 'RS'}</msg>
<arg>${json_data['results'][0]}</arg>
<doc>Logs the given message with the given level.</doc>
<status status="PASS" start="2024-08-06T23:15:44.636009" elapsed="0.000415"/>
</kw>
<kw name="Log" owner="BuiltIn">
<msg time="2024-08-06T23:15:44.636853" level="INFO">gender</msg>
<arg>${key}</arg>
<doc>Logs the given message with the given level.</doc>
<status status="PASS" start="2024-08-06T23:15:44.636722" elapsed="0.000170"/>
</kw>
<var name="${key}">gender</var>
<status status="PASS" start="2024-08-06T23:15:44.635281" elapsed="0.001830"/>
</iter>
<iter>
<kw name="Dictionary Should Contain Key" owner="Collections">
<arg>${json_data['results'][0]}</arg>
<arg>${key}</arg>
<doc>Fails if ``key`` is not found from ``dictionary``.</doc>
<status status="PASS" start="2024-08-06T23:15:44.637415" elapsed="0.000415"/>
</kw>
<kw name="Log" owner="BuiltIn">
<msg time="2024-08-06T23:15:44.638379" level="INFO">{'gender': 'female', 'name': {'title': 'Miss', 'first': 'Vlatka', 'last': 'Bajević'}, 'location': {'street': {'number': 447, 'name': 'Doljanska'}, 'city': 'Sokobanja', 'state': 'Srem', 'country': 'Serbia', 'postcode': 72762, 'coordinates': {'latitude': '59.7515', 'longitude': '88.0599'}, 'timezone': {'offset': '-5:00', 'description': 'Eastern Time (US &amp; Canada), Bogota, Lima'}}, 'email': 'vlatka.bajevic@example.com', 'login': {'uuid': 'f01402cd-bb28-476e-9fd0-330234dbfa78', 'username': 'angryduck282', 'password': 'specialk', 'salt': 'QkHDz3Y8', 'md5': '9bd81ba0df723765eb775a90ba95b65c', 'sha1': '9099de87dbd20889d5bf90dfa562185f78ccba57', 'sha256': '97cfae5fe5aa68a869aa8e2ac6b81b72fd892555c1024e328a5d05b7c6f013f1'}, 'dob': {'date': '1945-05-23T21:31:47.150Z', 'age': 79}, 'registered': {'date': '2005-07-23T18:36:23.757Z', 'age': 19}, 'phone': '018-7964-554', 'cell': '060-3614-717', 'id': {'name': 'SID', 'value': '836749240'}, 'picture': {'large': 'https://randomuser.me/api/portraits/women/24.jpg', 'medium': 'https://randomuser.me/api/portraits/med/women/24.jpg', 'thumbnail': 'https://randomuser.me/api/portraits/thumb/women/24.jpg'}, 'nat': 'RS'}</msg>
<arg>${json_data['results'][0]}</arg>
<doc>Logs the given message with the given level.</doc>
<status status="PASS" start="2024-08-06T23:15:44.638018" elapsed="0.000445"/>
</kw>
<kw name="Log" owner="BuiltIn">
<msg time="2024-08-06T23:15:44.638898" level="INFO">name</msg>
<arg>${key}</arg>
<doc>Logs the given message with the given level.</doc>
<status status="PASS" start="2024-08-06T23:15:44.638766" elapsed="0.000171"/>
</kw>
<var name="${key}">name</var>
<status status="PASS" start="2024-08-06T23:15:44.637298" elapsed="0.001859"/>
</iter>
<iter>
<kw name="Dictionary Should Contain Key" owner="Collections">
<arg>${json_data['results'][0]}</arg>
<arg>${key}</arg>
<doc>Fails if ``key`` is not found from ``dictionary``.</doc>
<status status="PASS" start="2024-08-06T23:15:44.639445" elapsed="0.000375"/>
</kw>
<kw name="Log" owner="BuiltIn">
<msg time="2024-08-06T23:15:44.640350" level="INFO">{'gender': 'female', 'name': {'title': 'Miss', 'first': 'Vlatka', 'last': 'Bajević'}, 'location': {'street': {'number': 447, 'name': 'Doljanska'}, 'city': 'Sokobanja', 'state': 'Srem', 'country': 'Serbia', 'postcode': 72762, 'coordinates': {'latitude': '59.7515', 'longitude': '88.0599'}, 'timezone': {'offset': '-5:00', 'description': 'Eastern Time (US &amp; Canada), Bogota, Lima'}}, 'email': 'vlatka.bajevic@example.com', 'login': {'uuid': 'f01402cd-bb28-476e-9fd0-330234dbfa78', 'username': 'angryduck282', 'password': 'specialk', 'salt': 'QkHDz3Y8', 'md5': '9bd81ba0df723765eb775a90ba95b65c', 'sha1': '9099de87dbd20889d5bf90dfa562185f78ccba57', 'sha256': '97cfae5fe5aa68a869aa8e2ac6b81b72fd892555c1024e328a5d05b7c6f013f1'}, 'dob': {'date': '1945-05-23T21:31:47.150Z', 'age': 79}, 'registered': {'date': '2005-07-23T18:36:23.757Z', 'age': 19}, 'phone': '018-7964-554', 'cell': '060-3614-717', 'id': {'name': 'SID', 'value': '836749240'}, 'picture': {'large': 'https://randomuser.me/api/portraits/women/24.jpg', 'medium': 'https://randomuser.me/api/portraits/med/women/24.jpg', 'thumbnail': 'https://randomuser.me/api/portraits/thumb/women/24.jpg'}, 'nat': 'RS'}</msg>
<arg>${json_data['results'][0]}</arg>
<doc>Logs the given message with the given level.</doc>
<status status="PASS" start="2024-08-06T23:15:44.640003" elapsed="0.000399"/>
</kw>
<kw name="Log" owner="BuiltIn">
<msg time="2024-08-06T23:15:44.640837" level="INFO">location</msg>
<arg>${key}</arg>
<doc>Logs the given message with the given level.</doc>
<status status="PASS" start="2024-08-06T23:15:44.640709" elapsed="0.000167"/>
</kw>
<var name="${key}">location</var>
<status status="PASS" start="2024-08-06T23:15:44.639335" elapsed="0.001756"/>
</iter>
<iter>
<kw name="Dictionary Should Contain Key" owner="Collections">
<arg>${json_data['results'][0]}</arg>
<arg>${key}</arg>
<doc>Fails if ``key`` is not found from ``dictionary``.</doc>
<status status="PASS" start="2024-08-06T23:15:44.641369" elapsed="0.000428"/>
</kw>
<kw name="Log" owner="BuiltIn">
<msg time="2024-08-06T23:15:44.642448" level="INFO">{'gender': 'female', 'name': {'title': 'Miss', 'first': 'Vlatka', 'last': 'Bajević'}, 'location': {'street': {'number': 447, 'name': 'Doljanska'}, 'city': 'Sokobanja', 'state': 'Srem', 'country': 'Serbia', 'postcode': 72762, 'coordinates': {'latitude': '59.7515', 'longitude': '88.0599'}, 'timezone': {'offset': '-5:00', 'description': 'Eastern Time (US &amp; Canada), Bogota, Lima'}}, 'email': 'vlatka.bajevic@example.com', 'login': {'uuid': 'f01402cd-bb28-476e-9fd0-330234dbfa78', 'username': 'angryduck282', 'password': 'specialk', 'salt': 'QkHDz3Y8', 'md5': '9bd81ba0df723765eb775a90ba95b65c', 'sha1': '9099de87dbd20889d5bf90dfa562185f78ccba57', 'sha256': '97cfae5fe5aa68a869aa8e2ac6b81b72fd892555c1024e328a5d05b7c6f013f1'}, 'dob': {'date': '1945-05-23T21:31:47.150Z', 'age': 79}, 'registered': {'date': '2005-07-23T18:36:23.757Z', 'age': 19}, 'phone': '018-7964-554', 'cell': '060-3614-717', 'id': {'name': 'SID', 'value': '836749240'}, 'picture': {'large': 'https://randomuser.me/api/portraits/women/24.jpg', 'medium': 'https://randomuser.me/api/portraits/med/women/24.jpg', 'thumbnail': 'https://randomuser.me/api/portraits/thumb/women/24.jpg'}, 'nat': 'RS'}</msg>
<arg>${json_data['results'][0]}</arg>
<doc>Logs the given message with the given level.</doc>
<status status="PASS" start="2024-08-06T23:15:44.642090" elapsed="0.000410"/>
</kw>
<kw name="Log" owner="BuiltIn">
<msg time="2024-08-06T23:15:44.642930" level="INFO">email</msg>
<arg>${key}</arg>
<doc>Logs the given message with the given level.</doc>
<status status="PASS" start="2024-08-06T23:15:44.642799" elapsed="0.000169"/>
</kw>
<var name="${key}">email</var>
<status status="PASS" start="2024-08-06T23:15:44.641262" elapsed="0.001922"/>
</iter>
<iter>
<kw name="Dictionary Should Contain Key" owner="Collections">
<arg>${json_data['results'][0]}</arg>
<arg>${key}</arg>
<doc>Fails if ``key`` is not found from ``dictionary``.</doc>
<status status="PASS" start="2024-08-06T23:15:44.643469" elapsed="0.000375"/>
</kw>
<kw name="Log" owner="BuiltIn">
<msg time="2024-08-06T23:15:44.644392" level="INFO">{'gender': 'female', 'name': {'title': 'Miss', 'first': 'Vlatka', 'last': 'Bajević'}, 'location': {'street': {'number': 447, 'name': 'Doljanska'}, 'city': 'Sokobanja', 'state': 'Srem', 'country': 'Serbia', 'postcode': 72762, 'coordinates': {'latitude': '59.7515', 'longitude': '88.0599'}, 'timezone': {'offset': '-5:00', 'description': 'Eastern Time (US &amp; Canada), Bogota, Lima'}}, 'email': 'vlatka.bajevic@example.com', 'login': {'uuid': 'f01402cd-bb28-476e-9fd0-330234dbfa78', 'username': 'angryduck282', 'password': 'specialk', 'salt': 'QkHDz3Y8', 'md5': '9bd81ba0df723765eb775a90ba95b65c', 'sha1': '9099de87dbd20889d5bf90dfa562185f78ccba57', 'sha256': '97cfae5fe5aa68a869aa8e2ac6b81b72fd892555c1024e328a5d05b7c6f013f1'}, 'dob': {'date': '1945-05-23T21:31:47.150Z', 'age': 79}, 'registered': {'date': '2005-07-23T18:36:23.757Z', 'age': 19}, 'phone': '018-7964-554', 'cell': '060-3614-717', 'id': {'name': 'SID', 'value': '836749240'}, 'picture': {'large': 'https://randomuser.me/api/portraits/women/24.jpg', 'medium': 'https://randomuser.me/api/portraits/med/women/24.jpg', 'thumbnail': 'https://randomuser.me/api/portraits/thumb/women/24.jpg'}, 'nat': 'RS'}</msg>
<arg>${json_data['results'][0]}</arg>
<doc>Logs the given message with the given level.</doc>
<status status="PASS" start="2024-08-06T23:15:44.644036" elapsed="0.000407"/>
</kw>
<kw name="Log" owner="BuiltIn">
<msg time="2024-08-06T23:15:44.644871" level="INFO">login</msg>
<arg>${key}</arg>
<doc>Logs the given message with the given level.</doc>
<status status="PASS" start="2024-08-06T23:15:44.644743" elapsed="0.000166"/>
</kw>
<var name="${key}">login</var>
<status status="PASS" start="2024-08-06T23:15:44.643361" elapsed="0.001768"/>
</iter>
<var>${key}</var>
<value>@{expected_keys}</value>
<status status="PASS" start="2024-08-06T23:15:44.635100" elapsed="0.010152"/>
</for>
<kw name="Create List" owner="BuiltIn">
<msg time="2024-08-06T23:15:44.645601" level="INFO">${expected_keysTwo} = ['username', 'password']</msg>
<var>${expected_keysTwo}</var>
<arg>username</arg>
<arg>password</arg>
<doc>Returns a list containing given items.</doc>
<status status="PASS" start="2024-08-06T23:15:44.645441" elapsed="0.000216"/>
</kw>
<for flavor="IN">
<iter>
<kw name="Dictionary Should Contain Key" owner="Collections">
<arg>${json_data['results'][0]['login']}</arg>
<arg>${keyTwo}</arg>
<doc>Fails if ``key`` is not found from ``dictionary``.</doc>
<status status="PASS" start="2024-08-06T23:15:44.646174" elapsed="0.000388"/>
</kw>
<kw name="Dictionary Should Contain Key" owner="Collections">
<arg>${json_data['results'][0]['login']}</arg>
<arg>${keyTwo}</arg>
<doc>Fails if ``key`` is not found from ``dictionary``.</doc>
<status status="PASS" start="2024-08-06T23:15:44.646742" elapsed="0.000384"/>
</kw>
<kw name="Log" owner="BuiltIn">
<msg time="2024-08-06T23:15:44.647422" level="INFO">username</msg>
<arg>${keyTwo}</arg>
<doc>Logs the given message with the given level.</doc>
<status status="PASS" start="2024-08-06T23:15:44.647303" elapsed="0.000156"/>
</kw>
<var name="${keyTwo}">username</var>
<status status="PASS" start="2024-08-06T23:15:44.646067" elapsed="0.001612"/>
</iter>
<iter>
<kw name="Dictionary Should Contain Key" owner="Collections">
<arg>${json_data['results'][0]['login']}</arg>
<arg>${keyTwo}</arg>
<doc>Fails if ``key`` is not found from ``dictionary``.</doc>
<status status="PASS" start="2024-08-06T23:15:44.647958" elapsed="0.000384"/>
</kw>
<kw name="Dictionary Should Contain Key" owner="Collections">
<arg>${json_data['results'][0]['login']}</arg>
<arg>${keyTwo}</arg>
<doc>Fails if ``key`` is not found from ``dictionary``.</doc>
<status status="PASS" start="2024-08-06T23:15:44.648522" elapsed="0.000366"/>
</kw>
<kw name="Log" owner="BuiltIn">
<msg time="2024-08-06T23:15:44.649185" level="INFO">password</msg>
<arg>${keyTwo}</arg>
<doc>Logs the given message with the given level.</doc>
<status status="PASS" start="2024-08-06T23:15:44.649066" elapsed="0.000156"/>
</kw>
<var name="${keyTwo}">password</var>
<status status="PASS" start="2024-08-06T23:15:44.647853" elapsed="0.001589"/>
</iter>
<var>${keyTwo}</var>
<value>@{expected_keysTwo}</value>
<status status="PASS" start="2024-08-06T23:15:44.645907" elapsed="0.003701"/>
</for>
<status status="PASS" start="2024-08-06T23:15:44.538508" elapsed="0.111250"/>
</kw>
<doc>Testa a estrutura da resposta da API.</doc>
<tag>testeEstruturaResposta</tag>
<status status="PASS" start="2024-08-06T23:15:44.537785" elapsed="0.112122"/>
</test>
<test id="s1-s1-t4" name="Validar tipos de dados" line="28">
<kw name="Teste de Tipos de Dados" owner="random-user-service">
<kw name="GET On Session" owner="RequestsLibrary">
<msg time="2024-08-06T23:15:44.723941" level="INFO">GET Request : url=https://randomuser.me/api 
 path_url=/api 
 headers={'User-Agent': 'python-requests/2.32.3', 'Accept-Encoding': 'gzip, deflate', 'Accept': '*/*', 'Connection': 'keep-alive'} 
 body=None 
 </msg>
<msg time="2024-08-06T23:15:44.724015" level="INFO">GET Response : url=https://randomuser.me/api 
 status=200, reason=OK 
 headers={'Date': 'Tue, 06 Aug 2024 23:15:44 GMT', 'Content-Type': 'application/json; charset=utf-8', 'Transfer-Encoding': 'chunked', 'Connection': 'keep-alive', 'X-Powered-By': 'Express', 'Access-Control-Allow-Origin': '*', 'Cache-Control': 'no-cache', 'ETag': 'W/"49e-MUjMFFItR0jCv4Ax43wSFBv4Tq4"', 'Vary': 'Accept-Encoding', 'Content-Encoding': 'gzip', 'CF-Cache-Status': 'DYNAMIC', 'Report-To': '{"endpoints":[{"url":"https:\\/\\/a.nel.cloudflare.com\\/report\\/v4?s=PV6kNO8wwKjhT61d965Nm8hK%2Bkj4njsjOk3POUCSsITh1tzCFzpFBfnEih4LYtaWpGA52OKfoiMYwG4KmGpjr8qgQP9f28a%2BF1PJLbLoitaIiKhYnopaR38bGodr11v9"}],"group":"cf-nel","max_age":604800}', 'NEL': '{"success_fraction":0,"report_to":"cf-nel","max_age":604800}', 'Server': 'cloudflare', 'CF-RAY': '8af2bb0c1eaa81ee-IAD', 'alt-svc': 'h3=":443"; ma=86400'} 
 body={"results":[{"gender":"female","name":{"title":"Ms","first":"Charline","last":"Perez"},"location":{"street":{"number":8549,"name":"Boulevard de Balmont"},"city":"Saint-Denis","state":"Mayotte","country":"France","postcode":69935,"coordinates":{"latitude":"-15.1350","longitude":"43.1256"},"timezone":{"offset":"-11:00","description":"Midway Island, Samoa"}},"email":"charline.perez@example.com","login":{"uuid":"2cd0d2da-a224-402e-8e8a-82e52e0f3e69","username":"purplelion258","password":"liverpool","salt":"ljrbi6X5","md5":"d04fc458768b5c70501830803ab619a4","sha1":"c345c735539392314641d87fd36167992aa6ea84","sha256":"70cab987a574ad47740d6a752f5a98f94beb371daee476416bc1dc7e1e0de1ae"},"dob":{"date":"1996-09-02T15:04:01.827Z","age":27},"registered":{"date":"2009-03-25T11:09:00.167Z","age":15},"phone":"05-09-29-46-15","cell":"06-35-97-54-73","id":{"name":"INSEE","value":"2960812690852 26"},"picture":{"large":"https://randomuser.me/api/portraits/women/12.jpg","medium":"https://randomuser.me/api/portraits/med/women/12.jpg","thumbnail":"https://randomuser.me/api/portraits/thumb/women/12.jpg"},"nat":"FR"}],"info":{"seed":"ca3df8a6d7240d5d","results":1,"page":1,"version":"1.4"}} 
 </msg>
<msg time="2024-08-06T23:15:44.724085" level="INFO">/opt/hostedtoolcache/Python/3.12.4/x64/lib/python3.12/site-packages/urllib3/connectionpool.py:1099: InsecureRequestWarning: Unverified HTTPS request is being made to host 'randomuser.me'. Adding certificate verification is strongly advised. See: https://urllib3.readthedocs.io/en/latest/advanced-usage.html#tls-warnings
  warnings.warn(</msg>
<msg time="2024-08-06T23:15:44.724204" level="INFO">${response} = &lt;Response [200]&gt;</msg>
<var>${response}</var>
<arg>consultarAPI</arg>
<arg>/api</arg>
<doc>Sends a GET request on a previously created HTTP Session.</doc>
<status status="PASS" start="2024-08-06T23:15:44.652319" elapsed="0.071938"/>
</kw>
<kw name="Set Variable" owner="BuiltIn">
<msg time="2024-08-06T23:15:44.725081" level="INFO">${json_data} = {'results': [{'gender': 'female', 'name': {'title': 'Ms', 'first': 'Charline', 'last': 'Perez'}, 'location': {'street': {'number': 8549, 'name': 'Boulevard de Balmont'}, 'city': 'Saint-Denis', 'state'...</msg>
<var>${json_data}</var>
<arg>${response.json()}</arg>
<doc>Returns the given values which can then be assigned to a variables.</doc>
<status status="PASS" start="2024-08-06T23:15:44.724619" elapsed="0.000490"/>
</kw>
<kw name="Log" owner="BuiltIn">
<msg time="2024-08-06T23:15:44.725606" level="INFO">{'results': [{'gender': 'female', 'name': {'title': 'Ms', 'first': 'Charline', 'last': 'Perez'}, 'location': {'street': {'number': 8549, 'name': 'Boulevard de Balmont'}, 'city': 'Saint-Denis', 'state': 'Mayotte', 'country': 'France', 'postcode': 69935, 'coordinates': {'latitude': '-15.1350', 'longitude': '43.1256'}, 'timezone': {'offset': '-11:00', 'description': 'Midway Island, Samoa'}}, 'email': 'charline.perez@example.com', 'login': {'uuid': '2cd0d2da-a224-402e-8e8a-82e52e0f3e69', 'username': 'purplelion258', 'password': 'liverpool', 'salt': 'ljrbi6X5', 'md5': 'd04fc458768b5c70501830803ab619a4', 'sha1': 'c345c735539392314641d87fd36167992aa6ea84', 'sha256': '70cab987a574ad47740d6a752f5a98f94beb371daee476416bc1dc7e1e0de1ae'}, 'dob': {'date': '1996-09-02T15:04:01.827Z', 'age': 27}, 'registered': {'date': '2009-03-25T11:09:00.167Z', 'age': 15}, 'phone': '05-09-29-46-15', 'cell': '06-35-97-54-73', 'id': {'name': 'INSEE', 'value': '2960812690852 26'}, 'picture': {'large': 'https://randomuser.me/api/portraits/women/12.jpg', 'medium': 'https://randomuser.me/api/portraits/med/women/12.jpg', 'thumbnail': 'https://randomuser.me/api/portraits/thumb/women/12.jpg'}, 'nat': 'FR'}], 'info': {'seed': 'ca3df8a6d7240d5d', 'results': 1, 'page': 1, 'version': '1.4'}}</msg>
<arg>${json_data}</arg>
<doc>Logs the given message with the given level.</doc>
<status status="PASS" start="2024-08-06T23:15:44.725417" elapsed="0.000237"/>
</kw>
<kw name="Should Be String" owner="String">
<arg>${json_data['results'][0]['gender']}</arg>
<doc>Fails if the given ``item`` is not a string.</doc>
<status status="PASS" start="2024-08-06T23:15:44.725956" elapsed="0.000356"/>
</kw>
<kw name="Should Match Regexp" owner="BuiltIn">
<arg>${json_data['results'][0]['email']}</arg>
<arg>^[a-zA-Z0-9._%+-]+@[a-zA-Z0-9.-]+\.[a-zA-Z]{2,}$</arg>
<doc>Fails if ``string`` does not match ``pattern`` as a regular expression.</doc>
<status status="PASS" start="2024-08-06T23:15:44.726510" elapsed="0.000536"/>
</kw>
<kw name="Should Match Regexp" owner="BuiltIn">
<arg>${json_data['results'][0]['dob']['date']}</arg>
<arg>\\d{4}-\\d{2}-\\d{2}T\\d{2}:\\d{2}:\\d{2}\\.\\d{3}Z</arg>
<doc>Fails if ``string`` does not match ``pattern`` as a regular expression.</doc>
<status status="PASS" start="2024-08-06T23:15:44.727241" elapsed="0.000603"/>
</kw>
<kw name="Should Match Regexp" owner="BuiltIn">
<arg>${json_data['results'][0]['registered']['date']}</arg>
<arg>\\d{4}-\\d{2}-\\d{2}T\\d{2}:\\d{2}:\\d{2}\\.\\d{3}Z</arg>
<doc>Fails if ``string`` does not match ``pattern`` as a regular expression.</doc>
<status status="PASS" start="2024-08-06T23:15:44.728038" elapsed="0.000375"/>
</kw>
<kw name="Should Match Regexp" owner="BuiltIn">
<arg>${json_data['results'][0]['picture']['large']}</arg>
<arg>^https?://.*\.(?:png|jpe?g|gif|bmp)$</arg>
<doc>Fails if ``string`` does not match ``pattern`` as a regular expression.</doc>
<status status="PASS" start="2024-08-06T23:15:44.728600" elapsed="0.000467"/>
</kw>
<kw name="Should Match Regexp" owner="BuiltIn">
<arg>${json_data['results'][0]['picture']['medium']}</arg>
<arg>^https?://.*\.(?:png|jpe?g|gif|bmp)$</arg>
<doc>Fails if ``string`` does not match ``pattern`` as a regular expression.</doc>
<status status="PASS" start="2024-08-06T23:15:44.729263" elapsed="0.000389"/>
</kw>
<kw name="Should Match Regexp" owner="BuiltIn">
<arg>${json_data['results'][0]['picture']['thumbnail']}</arg>
<arg>^https?://.*\.(?:png|jpe?g|gif|bmp)$</arg>
<doc>Fails if ``string`` does not match ``pattern`` as a regular expression.</doc>
<status status="PASS" start="2024-08-06T23:15:44.729840" elapsed="0.000354"/>
</kw>
<kw name="Log" owner="BuiltIn">
<msg time="2024-08-06T23:15:44.730697" level="INFO">{'large': 'https://randomuser.me/api/portraits/women/12.jpg', 'medium': 'https://randomuser.me/api/portraits/med/women/12.jpg', 'thumbnail': 'https://randomuser.me/api/portraits/thumb/women/12.jpg'}</msg>
<arg>${json_data['results'][0]['picture']}</arg>
<doc>Logs the given message with the given level.</doc>
<status status="PASS" start="2024-08-06T23:15:44.730375" elapsed="0.000364"/>
</kw>
<status status="PASS" start="2024-08-06T23:15:44.652103" elapsed="0.078888"/>
</kw>
<kw name="Teste de Tipos de Dados - Postcode" owner="random-user-service">
<kw name="GET On Session" owner="RequestsLibrary">
<msg time="2024-08-06T23:15:44.815147" level="INFO">GET Request : url=https://randomuser.me/api 
 path_url=/api 
 headers={'User-Agent': 'python-requests/2.32.3', 'Accept-Encoding': 'gzip, deflate', 'Accept': '*/*', 'Connection': 'keep-alive'} 
 body=None 
 </msg>
<msg time="2024-08-06T23:15:44.815232" level="INFO">GET Response : url=https://randomuser.me/api 
 status=200, reason=OK 
 headers={'Date': 'Tue, 06 Aug 2024 23:15:44 GMT', 'Content-Type': 'application/json; charset=utf-8', 'Transfer-Encoding': 'chunked', 'Connection': 'keep-alive', 'X-Powered-By': 'Express', 'Access-Control-Allow-Origin': '*', 'Cache-Control': 'no-cache', 'ETag': 'W/"47f-D2nE9OalC+ww8+I74QdcBVGxobE"', 'Vary': 'Accept-Encoding', 'Content-Encoding': 'gzip', 'CF-Cache-Status': 'DYNAMIC', 'Report-To': '{"endpoints":[{"url":"https:\\/\\/a.nel.cloudflare.com\\/report\\/v4?s=eusipaKx7lA0XC8smD2CJ%2BEgMOK7FEPCnOhu9BWHRuGAal%2F%2FaiMAxj%2FtYVqdjmUO5Y8ytfq0zyc%2FSv%2FnAXXMsSAmZnDGG4E9jDw4P0Y9E%2BoRDNtm1UZgvxCMHh2lUgC%2B"}],"group":"cf-nel","max_age":604800}', 'NEL': '{"success_fraction":0,"report_to":"cf-nel","max_age":604800}', 'Server': 'cloudflare', 'CF-RAY': '8af2bb0c9f1f81ee-IAD', 'alt-svc': 'h3=":443"; ma=86400'} 
 body={"results":[{"gender":"male","name":{"title":"Mr","first":"Hans-Dieter","last":"Priebe"},"location":{"street":{"number":4206,"name":"Rosenweg"},"city":"Nortorf","state":"Rheinland-Pfalz","country":"Germany","postcode":82894,"coordinates":{"latitude":"-53.9627","longitude":"-51.4712"},"timezone":{"offset":"+4:30","description":"Kabul"}},"email":"hans-dieter.priebe@example.com","login":{"uuid":"5aa6caac-656a-4c9c-9456-5e23e5b25d4b","username":"goldenkoala408","password":"cross","salt":"AwyNWJXg","md5":"dc0b118580d26a76b51985a2cb05b50c","sha1":"8a8d322ed02fc9bc39002fae6eb761d02d99f252","sha256":"a53b6906087d854d32afdc2d94502fab5447f964dc3d334345ddee24600ce4f4"},"dob":{"date":"1996-12-31T14:27:00.338Z","age":27},"registered":{"date":"2005-06-21T21:40:23.539Z","age":19},"phone":"0837-1382787","cell":"0179-6217112","id":{"name":"SVNR","value":"82 311296 P 053"},"picture":{"large":"https://randomuser.me/api/portraits/men/20.jpg","medium":"https://randomuser.me/api/portraits/med/men/20.jpg","thumbnail":"https://randomuser.me/api/portraits/thumb/men/20.jpg"},"nat":"DE"}],"info":{"seed":"61a706388074ba76","results":1,"page":1,"version":"1.4"}} 
 </msg>
<msg time="2024-08-06T23:15:44.815309" level="INFO">/opt/hostedtoolcache/Python/3.12.4/x64/lib/python3.12/site-packages/urllib3/connectionpool.py:1099: InsecureRequestWarning: Unverified HTTPS request is being made to host 'randomuser.me'. Adding certificate verification is strongly advised. See: https://urllib3.readthedocs.io/en/latest/advanced-usage.html#tls-warnings
  warnings.warn(</msg>
<msg time="2024-08-06T23:15:44.815421" level="INFO">${response} = &lt;Response [200]&gt;</msg>
<var>${response}</var>
<arg>consultarAPI</arg>
<arg>/api</arg>
<doc>Sends a GET request on a previously created HTTP Session.</doc>
<status status="PASS" start="2024-08-06T23:15:44.731410" elapsed="0.084053"/>
</kw>
<kw name="Set Variable" owner="BuiltIn">
<msg time="2024-08-06T23:15:44.816290" level="INFO">${json_data} = {'results': [{'gender': 'male', 'name': {'title': 'Mr', 'first': 'Hans-Dieter', 'last': 'Priebe'}, 'location': {'street': {'number': 4206, 'name': 'Rosenweg'}, 'city': 'Nortorf', 'state': 'Rheinland-P...</msg>
<var>${json_data}</var>
<arg>${response.json()}</arg>
<doc>Returns the given values which can then be assigned to a variables.</doc>
<status status="PASS" start="2024-08-06T23:15:44.815827" elapsed="0.000491"/>
</kw>
<kw name="Log" owner="BuiltIn">
<msg time="2024-08-06T23:15:44.816766" level="INFO">{'results': [{'gender': 'male', 'name': {'title': 'Mr', 'first': 'Hans-Dieter', 'last': 'Priebe'}, 'location': {'street': {'number': 4206, 'name': 'Rosenweg'}, 'city': 'Nortorf', 'state': 'Rheinland-Pfalz', 'country': 'Germany', 'postcode': 82894, 'coordinates': {'latitude': '-53.9627', 'longitude': '-51.4712'}, 'timezone': {'offset': '+4:30', 'description': 'Kabul'}}, 'email': 'hans-dieter.priebe@example.com', 'login': {'uuid': '5aa6caac-656a-4c9c-9456-5e23e5b25d4b', 'username': 'goldenkoala408', 'password': 'cross', 'salt': 'AwyNWJXg', 'md5': 'dc0b118580d26a76b51985a2cb05b50c', 'sha1': '8a8d322ed02fc9bc39002fae6eb761d02d99f252', 'sha256': 'a53b6906087d854d32afdc2d94502fab5447f964dc3d334345ddee24600ce4f4'}, 'dob': {'date': '1996-12-31T14:27:00.338Z', 'age': 27}, 'registered': {'date': '2005-06-21T21:40:23.539Z', 'age': 19}, 'phone': '0837-1382787', 'cell': '0179-6217112', 'id': {'name': 'SVNR', 'value': '82 311296 P 053'}, 'picture': {'large': 'https://randomuser.me/api/portraits/men/20.jpg', 'medium': 'https://randomuser.me/api/portraits/med/men/20.jpg', 'thumbnail': 'https://randomuser.me/api/portraits/thumb/men/20.jpg'}, 'nat': 'DE'}], 'info': {'seed': '61a706388074ba76', 'results': 1, 'page': 1, 'version': '1.4'}}</msg>
<arg>${json_data}</arg>
<doc>Logs the given message with the given level.</doc>
<status status="PASS" start="2024-08-06T23:15:44.816616" elapsed="0.000197"/>
</kw>
<kw name="Should Be Equal As Numbers" owner="BuiltIn">
<arg>${json_data['results'][0]['location']['postcode']}</arg>
<arg>${json_data['results'][0]['location']['postcode']}</arg>
<doc>Fails if objects are unequal after converting them to real numbers.</doc>
<status status="PASS" start="2024-08-06T23:15:44.817102" elapsed="0.000676"/>
</kw>
<kw name="Log" owner="BuiltIn">
<msg time="2024-08-06T23:15:44.818314" level="INFO">82894</msg>
<arg>${json_data['results'][0]['location']['postcode']}</arg>
<doc>Logs the given message with the given level.</doc>
<status status="PASS" start="2024-08-06T23:15:44.817976" elapsed="0.000411"/>
</kw>
<status status="PASS" start="2024-08-06T23:15:44.731196" elapsed="0.087451"/>
</kw>
<doc>Testa se os tipos de dados na resposta da API estão corretos.</doc>
<tag>testeTiposDados</tag>
<status status="PASS" start="2024-08-06T23:15:44.651678" elapsed="0.167187"/>
</test>
<test id="s1-s1-t5" name="Validar conteudo" line="35">
<kw name="Teste de Tipos de Conteudo" owner="random-user-service">
<kw name="GET On Session" owner="RequestsLibrary">
<msg time="2024-08-06T23:15:44.925586" level="INFO">GET Request : url=https://randomuser.me/api 
 path_url=/api 
 headers={'User-Agent': 'python-requests/2.32.3', 'Accept-Encoding': 'gzip, deflate', 'Accept': '*/*', 'Connection': 'keep-alive'} 
 body=None 
 </msg>
<msg time="2024-08-06T23:15:44.925652" level="INFO">GET Response : url=https://randomuser.me/api 
 status=200, reason=OK 
 headers={'Date': 'Tue, 06 Aug 2024 23:15:44 GMT', 'Content-Type': 'application/json; charset=utf-8', 'Transfer-Encoding': 'chunked', 'Connection': 'keep-alive', 'X-Powered-By': 'Express', 'Access-Control-Allow-Origin': '*', 'Cache-Control': 'no-cache', 'ETag': 'W/"468-T7cLAfXxxfyqYI+p6PCpgoLtjW4"', 'Vary': 'Accept-Encoding', 'Content-Encoding': 'gzip', 'CF-Cache-Status': 'DYNAMIC', 'Report-To': '{"endpoints":[{"url":"https:\\/\\/a.nel.cloudflare.com\\/report\\/v4?s=5CmEhVfRmBdD4EaAEa2QIKNb%2BVmXa9Pg%2BpA6mmsm2KAcaanstlrYeR6I21tYx2a2Bh0WdWPyKQFrpatgx3XU8HGQrlU8iyl10iZ%2FEUfBFke8b86st1WFFlvRtcdhAcTN"}],"group":"cf-nel","max_age":604800}', 'NEL': '{"success_fraction":0,"report_to":"cf-nel","max_age":604800}', 'Server': 'cloudflare', 'CF-RAY': '8af2bb0d2fa981ee-IAD', 'alt-svc': 'h3=":443"; ma=86400'} 
 body={"results":[{"gender":"female","name":{"title":"Miss","first":"رها","last":"حیدری"},"location":{"street":{"number":4771,"name":"سباری"},"city":"خوی","state":"یزد","country":"Iran","postcode":70347,"coordinates":{"latitude":"16.4085","longitude":"7.9107"},"timezone":{"offset":"-2:00","description":"Mid-Atlantic"}},"email":"rh.hydry@example.com","login":{"uuid":"6235756f-a0ab-4f29-97dc-f3d8456ff978","username":"silverzebra307","password":"sticky","salt":"cPS7jJ2B","md5":"6e5099b335f1193a115972c46dbed462","sha1":"f9ff3b9da71e9e83e37d12c3fbe9ba2d448048d3","sha256":"b97f657e45f40d1d0dd654b14237c1ff791c648d7932cee2c32db71e204339f1"},"dob":{"date":"1992-10-03T23:17:34.284Z","age":31},"registered":{"date":"2013-07-24T00:48:59.168Z","age":11},"phone":"034-99645994","cell":"0938-452-2445","id":{"name":"","value":null},"picture":{"large":"https://randomuser.me/api/portraits/women/30.jpg","medium":"https://randomuser.me/api/portraits/med/women/30.jpg","thumbnail":"https://randomuser.me/api/portraits/thumb/women/30.jpg"},"nat":"IR"}],"info":{"seed":"dd72e412d3118137","results":1,"page":1,"version":"1.4"}} 
 </msg>
<msg time="2024-08-06T23:15:44.925720" level="INFO">/opt/hostedtoolcache/Python/3.12.4/x64/lib/python3.12/site-packages/urllib3/connectionpool.py:1099: InsecureRequestWarning: Unverified HTTPS request is being made to host 'randomuser.me'. Adding certificate verification is strongly advised. See: https://urllib3.readthedocs.io/en/latest/advanced-usage.html#tls-warnings
  warnings.warn(</msg>
<msg time="2024-08-06T23:15:44.925825" level="INFO">${response} = &lt;Response [200]&gt;</msg>
<var>${response}</var>
<arg>consultarAPI</arg>
<arg>/api</arg>
<doc>Sends a GET request on a previously created HTTP Session.</doc>
<status status="PASS" start="2024-08-06T23:15:44.821208" elapsed="0.104657"/>
</kw>
<kw name="Set Variable" owner="BuiltIn">
<msg time="2024-08-06T23:15:44.926712" level="INFO">${json_data} = {'results': [{'gender': 'female', 'name': {'title': 'Miss', 'first': 'رها', 'last': 'حیدری'}, 'location': {'street': {'number': 4771, 'name': 'سباری'}, 'city': 'خوی', 'state': 'یزد', 'country': 'Iran'...</msg>
<var>${json_data}</var>
<arg>${response.json()}</arg>
<doc>Returns the given values which can then be assigned to a variables.</doc>
<status status="PASS" start="2024-08-06T23:15:44.926237" elapsed="0.000505"/>
</kw>
<kw name="Set Variable" owner="BuiltIn">
<msg time="2024-08-06T23:15:44.927435" level="INFO">${name_title} = Miss</msg>
<var>${name_title}</var>
<arg>${json_data["results"][0]["name"]["title"]}</arg>
<doc>Returns the given values which can then be assigned to a variables.</doc>
<status status="PASS" start="2024-08-06T23:15:44.927045" elapsed="0.000415"/>
</kw>
<kw name="Create List" owner="BuiltIn">
<msg time="2024-08-06T23:15:44.927903" level="INFO">${allowed_titles} = ['Mr', 'Ms', 'Miss', 'Mrs', 'Madame', 'Monsieur']</msg>
<var>${allowed_titles}</var>
<arg>Mr</arg>
<arg>Ms</arg>
<arg>Miss</arg>
<arg>Mrs</arg>
<arg>Madame</arg>
<arg>Monsieur</arg>
<doc>Returns a list containing given items.</doc>
<status status="PASS" start="2024-08-06T23:15:44.927754" elapsed="0.000174"/>
</kw>
<kw name="List Should Contain Value" owner="Collections">
<arg>${allowed_titles}</arg>
<arg>${name_title}</arg>
<doc>Fails if the ``value`` is not found from ``list``.</doc>
<status status="PASS" start="2024-08-06T23:15:44.928229" elapsed="0.000172"/>
</kw>
<kw name="Set Variable" owner="BuiltIn">
<msg time="2024-08-06T23:15:44.928963" level="INFO">${name_country} = IR</msg>
<var>${name_country}</var>
<arg>${json_data["results"][0]["nat"]}</arg>
<doc>Returns the given values which can then be assigned to a variables.</doc>
<status status="PASS" start="2024-08-06T23:15:44.928585" elapsed="0.000402"/>
</kw>
<kw name="Create List" owner="BuiltIn">
<msg time="2024-08-06T23:15:44.929931" level="INFO">${list_country} = ['AD', 'AE', 'AF', 'AG', 'AI', 'AL', 'AM', 'AO', 'AQ', 'AR', 'AS', 'AT', 'AU', 'AW', 'AX', 'AZ', 'BA', 'BB', 'BD', 'BE', 'BF', 'BG', 'BH', 'BI', 'BJ', 'BL', 'BM', 'BN', 'BO', 'BQ', 'BR', 'BS', 'BT', '...</msg>
<var>${list_country}</var>
<arg>AD</arg>
<arg>AE</arg>
<arg>AF</arg>
<arg>AG</arg>
<arg>AI</arg>
<arg>AL</arg>
<arg>AM</arg>
<arg>AO</arg>
<arg>AQ</arg>
<arg>AR</arg>
<arg>AS</arg>
<arg>AT</arg>
<arg>AU</arg>
<arg>AW</arg>
<arg>AX</arg>
<arg>AZ</arg>
<arg>BA</arg>
<arg>BB</arg>
<arg>BD</arg>
<arg>BE</arg>
<arg>BF</arg>
<arg>BG</arg>
<arg>BH</arg>
<arg>BI</arg>
<arg>BJ</arg>
<arg>BL</arg>
<arg>BM</arg>
<arg>BN</arg>
<arg>BO</arg>
<arg>BQ</arg>
<arg>BR</arg>
<arg>BS</arg>
<arg>BT</arg>
<arg>BV</arg>
<arg>BW</arg>
<arg>BY</arg>
<arg>BZ</arg>
<arg>CA</arg>
<arg>CC</arg>
<arg>CD</arg>
<arg>CF</arg>
<arg>CG</arg>
<arg>CH</arg>
<arg>CI</arg>
<arg>CK</arg>
<arg>CL</arg>
<arg>CM</arg>
<arg>CN</arg>
<arg>CO</arg>
<arg>CR</arg>
<arg>CU</arg>
<arg>CV</arg>
<arg>CW</arg>
<arg>CX</arg>
<arg>CY</arg>
<arg>CZ</arg>
<arg>DE</arg>
<arg>DJ</arg>
<arg>DK</arg>
<arg>DM</arg>
<arg>DO</arg>
<arg>DZ</arg>
<arg>EC</arg>
<arg>EE</arg>
<arg>EG</arg>
<arg>EH</arg>
<arg>ER</arg>
<arg>ES</arg>
<arg>ET</arg>
<arg>FI</arg>
<arg>FJ</arg>
<arg>FK</arg>
<arg>FM</arg>
<arg>FO</arg>
<arg>FR</arg>
<arg>GA</arg>
<arg>GB</arg>
<arg>GD</arg>
<arg>GE</arg>
<arg>GF</arg>
<arg>GG</arg>
<arg>GH</arg>
<arg>GI</arg>
<arg>GL</arg>
<arg>GM</arg>
<arg>GN</arg>
<arg>GP</arg>
<arg>GQ</arg>
<arg>GR</arg>
<arg>GS</arg>
<arg>GT</arg>
<arg>GU</arg>
<arg>GW</arg>
<arg>GY</arg>
<arg>HK</arg>
<arg>HM</arg>
<arg>HN</arg>
<arg>HR</arg>
<arg>HT</arg>
<arg>HU</arg>
<arg>ID</arg>
<arg>IE</arg>
<arg>IL</arg>
<arg>IM</arg>
<arg>IN</arg>
<arg>IO</arg>
<arg>IQ</arg>
<arg>IR</arg>
<arg>IS</arg>
<arg>IT</arg>
<arg>JE</arg>
<arg>JM</arg>
<arg>JO</arg>
<arg>JP</arg>
<arg>KE</arg>
<arg>KG</arg>
<arg>KH</arg>
<arg>KI</arg>
<arg>KM</arg>
<arg>KN</arg>
<arg>KP</arg>
<arg>KR</arg>
<arg>KW</arg>
<arg>KY</arg>
<arg>KZ</arg>
<arg>LA</arg>
<arg>LB</arg>
<arg>LC</arg>
<arg>LI</arg>
<arg>LK</arg>
<arg>LR</arg>
<arg>LS</arg>
<arg>LT</arg>
<arg>LU</arg>
<arg>LV</arg>
<arg>LY</arg>
<arg>MA</arg>
<arg>MC</arg>
<arg>MD</arg>
<arg>ME</arg>
<arg>MF</arg>
<arg>MG</arg>
<arg>MH</arg>
<arg>MK</arg>
<arg>ML</arg>
<arg>MM</arg>
<arg>MN</arg>
<arg>MO</arg>
<arg>MP</arg>
<arg>MQ</arg>
<arg>MR</arg>
<arg>MS</arg>
<arg>MT</arg>
<arg>MU</arg>
<arg>MV</arg>
<arg>MW</arg>
<arg>MX</arg>
<arg>MY</arg>
<arg>MZ</arg>
<arg>NA</arg>
<arg>NC</arg>
<arg>NE</arg>
<arg>NF</arg>
<arg>NG</arg>
<arg>NI</arg>
<arg>NL</arg>
<arg>NO</arg>
<arg>NP</arg>
<arg>NR</arg>
<arg>NU</arg>
<arg>NZ</arg>
<arg>OM</arg>
<arg>PA</arg>
<arg>PE</arg>
<arg>PF</arg>
<arg>PG</arg>
<arg>PH</arg>
<arg>PK</arg>
<arg>PL</arg>
<arg>PM</arg>
<arg>PN</arg>
<arg>PR</arg>
<arg>PS</arg>
<arg>PT</arg>
<arg>PW</arg>
<arg>PY</arg>
<arg>QA</arg>
<arg>RE</arg>
<arg>RO</arg>
<arg>RS</arg>
<arg>RU</arg>
<arg>RW</arg>
<arg>SA</arg>
<arg>SB</arg>
<arg>SC</arg>
<arg>SD</arg>
<arg>SE</arg>
<arg>SG</arg>
<arg>SH</arg>
<arg>SI</arg>
<arg>SJ</arg>
<arg>SK</arg>
<arg>SL</arg>
<arg>SM</arg>
<arg>SN</arg>
<arg>SO</arg>
<arg>SR</arg>
<arg>SS</arg>
<arg>ST</arg>
<arg>SV</arg>
<arg>SX</arg>
<arg>SY</arg>
<arg>SZ</arg>
<arg>TC</arg>
<arg>TD</arg>
<arg>TF</arg>
<arg>TG</arg>
<arg>TH</arg>
<arg>TJ</arg>
<arg>TK</arg>
<arg>TL</arg>
<arg>TM</arg>
<arg>TN</arg>
<arg>TO</arg>
<arg>TR</arg>
<arg>TT</arg>
<arg>TV</arg>
<arg>TW</arg>
<arg>TZ</arg>
<arg>UA</arg>
<arg>UG</arg>
<arg>UM</arg>
<arg>US</arg>
<arg>UY</arg>
<arg>UZ</arg>
<arg>VA</arg>
<arg>VC</arg>
<arg>VE</arg>
<arg>VG</arg>
<arg>VI</arg>
<arg>VN</arg>
<arg>VU</arg>
<arg>WF</arg>
<arg>WS</arg>
<arg>XK</arg>
<arg>YE</arg>
<arg>YT</arg>
<arg>ZA</arg>
<arg>ZM</arg>
<arg>ZW</arg>
<doc>Returns a list containing given items.</doc>
<status status="PASS" start="2024-08-06T23:15:44.929276" elapsed="0.000682"/>
</kw>
<kw name="List Should Contain Value" owner="Collections">
<arg>${list_country}</arg>
<arg>${name_country}</arg>
<doc>Fails if the ``value`` is not found from ``list``.</doc>
<status status="PASS" start="2024-08-06T23:15:44.930888" elapsed="0.000215"/>
</kw>
<kw name="Run Keyword If" owner="BuiltIn">
<kw name="Should Be True" owner="BuiltIn">
<arg>${True}</arg>
<doc>Fails if the given condition is not true.</doc>
<status status="PASS" start="2024-08-06T23:15:44.932036" elapsed="0.000141"/>
</kw>
<arg>${json_data["results"][0]["location"]["coordinates"]["latitude"]} &gt;= -90 and ${json_data["results"][0]["location"]["coordinates"]["latitude"]} &lt;= 90</arg>
<arg>Should Be True</arg>
<arg>${True}</arg>
<doc>Runs the given keyword with the given arguments, if ``condition`` is true.</doc>
<status status="PASS" start="2024-08-06T23:15:44.931298" elapsed="0.001004"/>
</kw>
<kw name="Run Keyword If" owner="BuiltIn">
<kw name="Should Be True" owner="BuiltIn">
<arg>${True}</arg>
<doc>Fails if the given condition is not true.</doc>
<status status="PASS" start="2024-08-06T23:15:44.933160" elapsed="0.000136"/>
</kw>
<arg>${json_data["results"][0]["location"]["coordinates"]["longitude"]} &gt;= -180 and ${json_data["results"][0]["location"]["coordinates"]["longitude"]} &lt;= 180</arg>
<arg>Should Be True</arg>
<arg>${True}</arg>
<doc>Runs the given keyword with the given arguments, if ``condition`` is true.</doc>
<status status="PASS" start="2024-08-06T23:15:44.932479" elapsed="0.000938"/>
</kw>
<status status="PASS" start="2024-08-06T23:15:44.820994" elapsed="0.112567"/>
</kw>
<doc>Testa o conteúdo específico dos campos retornados pela API.</doc>
<tag>testeConteudo</tag>
<status status="PASS" start="2024-08-06T23:15:44.820589" elapsed="0.113122"/>
</test>
<status status="PASS" start="2024-08-06T23:15:44.089124" elapsed="0.846473"/>
</suite>
<status status="PASS" start="2024-08-06T23:15:44.074611" elapsed="0.866037"/>
</suite>
<statistics>
<total>
<stat pass="5" fail="0" skip="0">All Tests</stat>
</total>
<tag>
<stat pass="1" fail="0" skip="0">testeConteudo</stat>
<stat pass="1" fail="0" skip="0">testeEstruturaResposta</stat>
<stat pass="1" fail="0" skip="0">testeRequisicaoBasica</stat>
<stat pass="1" fail="0" skip="0">testeTiposDados</stat>
</tag>
<suite>
<stat pass="5" fail="0" skip="0" id="s1" name="Tests">Tests</stat>
<stat pass="5" fail="0" skip="0" id="s1-s1" name="Random-User-Test">Tests.Random-User-Test</stat>
</suite>
</statistics>
<errors>
</errors>
</robot>
