<?xml version="1.0" encoding="UTF-8"?>
<robot generator="Robot 7.0 (Python 3.12.2 on linux)" generated="2024-03-21T19:13:05.370794" rpa="false" schemaversion="5">
<suite id="s1" name="Tests" source="/home/runner/work/DesafioQAItauRogerioJordao/DesafioQAItauRogerioJordao/RamdonUser/tests">
<suite id="s1-s1" name="Random-User-Test" source="/home/runner/work/DesafioQAItauRogerioJordao/DesafioQAItauRogerioJordao/RamdonUser/tests/random-user-test.robot">
<test id="s1-s1-t1" name="Conectar" line="13">
<kw name="Conectar API" owner="random-user-service">
<kw name="Create Session" owner="RequestsLibrary">
<msg time="2024-03-21T19:13:05.783557" level="INFO">Creating Session using : alias=consultarAPI, url=https://randomuser.me/, headers={},                     cookies={}, auth=None, timeout=None, proxies=None, verify=False,                     debug=0 </msg>
<arg>consultarAPI</arg>
<arg>${URL}</arg>
<doc>Create Session: create a HTTP session to a server</doc>
<status status="PASS" start="2024-03-21T19:13:05.783353" elapsed="0.000367"/>
</kw>
<status status="PASS" start="2024-03-21T19:13:05.782337" elapsed="0.001745"/>
</kw>
<status status="PASS" start="2024-03-21T19:13:05.781834" elapsed="0.002451"/>
</test>
<test id="s1-s1-t2" name="Validar retorno 200 e JSON Válido" line="16">
<kw name="Teste de Requisicao Basica" owner="random-user-service">
<kw name="GET On Session" owner="RequestsLibrary">
<msg time="2024-03-21T19:13:05.985608" level="INFO">GET Request : url=https://randomuser.me/api 
 path_url=/api 
 headers={'User-Agent': 'python-requests/2.31.0', 'Accept-Encoding': 'gzip, deflate', 'Accept': '*/*', 'Connection': 'keep-alive'} 
 body=None 
 </msg>
<msg time="2024-03-21T19:13:05.985754" level="INFO">GET Response : url=https://randomuser.me/api 
 status=200, reason=OK 
 headers={'Date': 'Thu, 21 Mar 2024 19:13:05 GMT', 'Content-Type': 'application/json; charset=utf-8', 'Transfer-Encoding': 'chunked', 'Connection': 'keep-alive', 'X-Powered-By': 'Express', 'Access-Control-Allow-Origin': '*', 'Cache-Control': 'no-cache', 'ETag': 'W/"49d-xC+IMPrQZhYVCAz3FczMoQEhaUE"', 'Vary': 'Accept-Encoding', 'Content-Encoding': 'gzip', 'CF-Cache-Status': 'DYNAMIC', 'Report-To': '{"endpoints":[{"url":"https:\\/\\/a.nel.cloudflare.com\\/report\\/v4?s=FeEK8yLLePQ7FJKs%2B%2FpMi2JQeNbr6M6UF2R4ZgxNfIyUgfWt6lpMwq%2FBwC%2B5DQLbrent%2FRgQCzu15MGSTfVjBkbrbuKEPUragLvcxPYj2S3TJICq6N6qhWtvS0ZPcrHb"}],"group":"cf-nel","max_age":604800}', 'NEL': '{"success_fraction":0,"report_to":"cf-nel","max_age":604800}', 'Server': 'cloudflare', 'CF-RAY': '868041dc0faa110a-ORD', 'alt-svc': 'h3=":443"; ma=86400'} 
 body={"results":[{"gender":"female","name":{"title":"Miss","first":"Roxane","last":"Blanchard"},"location":{"street":{"number":6137,"name":"Rue de Cuire"},"city":"Rennes","state":"Loir-et-Cher","country":"France","postcode":80342,"coordinates":{"latitude":"-16.8255","longitude":"71.6326"},"timezone":{"offset":"+6:00","description":"Almaty, Dhaka, Colombo"}},"email":"roxane.blanchard@example.com","login":{"uuid":"e14c97b8-c052-40f4-abf0-23131aff4ad0","username":"beautifuldog302","password":"victory","salt":"bulc7rjR","md5":"2c38fb3b54886ab4625038f80b498bc4","sha1":"0b47b57b8a8b94d2009a509fcfd68bbd0d111dad","sha256":"d89032c974516b84961d6f1688cdc126ae5e594fd6fec62bd17f1d32883ecac0"},"dob":{"date":"1950-05-12T07:26:39.236Z","age":73},"registered":{"date":"2007-01-10T02:27:00.448Z","age":17},"phone":"04-99-36-80-27","cell":"06-78-77-44-70","id":{"name":"INSEE","value":"2500480396714 26"},"picture":{"large":"https://randomuser.me/api/portraits/women/11.jpg","medium":"https://randomuser.me/api/portraits/med/women/11.jpg","thumbnail":"https://randomuser.me/api/portraits/thumb/women/11.jpg"},"nat":"FR"}],"info":{"seed":"a9f0e610df6026e1","results":1,"page":1,"version":"1.4"}} 
 </msg>
<msg time="2024-03-21T19:13:05.985904" level="INFO">/opt/hostedtoolcache/Python/3.12.2/x64/lib/python3.12/site-packages/urllib3/connectionpool.py:1103: InsecureRequestWarning: Unverified HTTPS request is being made to host 'randomuser.me'. Adding certificate verification is strongly advised. See: https://urllib3.readthedocs.io/en/latest/advanced-usage.html#tls-warnings
  warnings.warn(</msg>
<msg time="2024-03-21T19:13:05.986074" level="INFO">${response} = &lt;Response [200]&gt;</msg>
<var>${response}</var>
<arg>consultarAPI</arg>
<arg>/api</arg>
<doc>Sends a GET request on a previously created HTTP Session.</doc>
<status status="PASS" start="2024-03-21T19:13:05.786815" elapsed="0.199308"/>
</kw>
<kw name="Should Be Equal As Numbers" owner="BuiltIn">
<msg time="2024-03-21T19:13:05.987359" level="INFO">Argument types are:
&lt;class 'int'&gt;
&lt;class 'str'&gt;</msg>
<arg>${response.status_code}</arg>
<arg>200</arg>
<doc>Fails if objects are unequal after converting them to real numbers.</doc>
<status status="PASS" start="2024-03-21T19:13:05.986719" elapsed="0.000739"/>
</kw>
<kw name="Log" owner="BuiltIn">
<msg time="2024-03-21T19:13:05.988544" level="INFO">200</msg>
<arg>${response.status_code}</arg>
<doc>Logs the given message with the given level.</doc>
<status status="PASS" start="2024-03-21T19:13:05.987972" elapsed="0.000637"/>
</kw>
<kw name="Set Variable" owner="BuiltIn">
<msg time="2024-03-21T19:13:05.989842" level="INFO">${json_data} = {'results': [{'gender': 'female', 'name': {'title': 'Miss', 'first': 'Roxane', 'last': 'Blanchard'}, 'location': {'street': {'number': 6137, 'name': 'Rue de Cuire'}, 'city': 'Rennes', 'state': 'Loir-e...</msg>
<var>${json_data}</var>
<arg>${response.json()}</arg>
<doc>Returns the given values which can then be assigned to a variables.</doc>
<status status="PASS" start="2024-03-21T19:13:05.989102" elapsed="0.000791"/>
</kw>
<kw name="Dictionary Should Contain Key" owner="Collections">
<msg time="2024-03-21T19:13:05.990693" level="INFO">False</msg>
<arg>${json_data}</arg>
<arg>results</arg>
<doc>Fails if ``key`` is not found from ``dictionary``.</doc>
<status status="PASS" start="2024-03-21T19:13:05.990389" elapsed="0.000377"/>
</kw>
<status status="PASS" start="2024-03-21T19:13:05.786564" elapsed="0.204601"/>
</kw>
<doc>Testa se a API responde corretamente e retorna um objeto JSON válido.</doc>
<tag>testeRequisicaoBasica</tag>
<status status="PASS" start="2024-03-21T19:13:05.786086" elapsed="0.205345"/>
</test>
<test id="s1-s1-t3" name="Validar estrutura de resposta" line="22">
<kw name="Teste de Estrutura de Resposta" owner="random-user-service">
<kw name="GET On Session" owner="RequestsLibrary">
<msg time="2024-03-21T19:13:06.070950" level="INFO">GET Request : url=https://randomuser.me/api 
 path_url=/api 
 headers={'User-Agent': 'python-requests/2.31.0', 'Accept-Encoding': 'gzip, deflate', 'Accept': '*/*', 'Connection': 'keep-alive'} 
 body=None 
 </msg>
<msg time="2024-03-21T19:13:06.071042" level="INFO">GET Response : url=https://randomuser.me/api 
 status=200, reason=OK 
 headers={'Date': 'Thu, 21 Mar 2024 19:13:06 GMT', 'Content-Type': 'application/json; charset=utf-8', 'Transfer-Encoding': 'chunked', 'Connection': 'keep-alive', 'X-Powered-By': 'Express', 'Access-Control-Allow-Origin': '*', 'Cache-Control': 'no-cache', 'ETag': 'W/"467-P5oruUz+8OxjZiK+yAetreZW/Hs"', 'Vary': 'Accept-Encoding', 'Content-Encoding': 'gzip', 'CF-Cache-Status': 'DYNAMIC', 'Report-To': '{"endpoints":[{"url":"https:\\/\\/a.nel.cloudflare.com\\/report\\/v4?s=OMIjlkbxap9dOXSMOHH44w5gPxmSicwFGYNCPavvq1%2BRQNzKxHjIP6yH%2FuGm2mL3vmZS%2Bf1l%2FLAkcEecGs5ZKROOecok%2BJMds0WuSg9gJoa7R3311XKKQ5r1X4tbuBW%2F"}],"group":"cf-nel","max_age":604800}', 'NEL': '{"success_fraction":0,"report_to":"cf-nel","max_age":604800}', 'Server': 'cloudflare', 'CF-RAY': '868041dc7872110a-ORD', 'alt-svc': 'h3=":443"; ma=86400'} 
 body={"results":[{"gender":"male","name":{"title":"Mr","first":"Ivo","last":"Bauge"},"location":{"street":{"number":3726,"name":"Kollstien"},"city":"Tjøme","state":"Telemark","country":"Norway","postcode":"4345","coordinates":{"latitude":"43.5390","longitude":"-65.7498"},"timezone":{"offset":"+7:00","description":"Bangkok, Hanoi, Jakarta"}},"email":"ivo.bauge@example.com","login":{"uuid":"60c57dc1-8bc3-41ce-9d6b-804a0007d5c3","username":"happypanda551","password":"skip","salt":"IUWmfV62","md5":"55c7e93bad3e248007c17808f70f92d8","sha1":"f3b13956cca0a4cc6eec8498b075ea5cc53dedb0","sha256":"14a426f036322947075c8c17ac6a2da5be35d7516ca20e8216fa146dbb6ecc51"},"dob":{"date":"1947-02-16T19:04:49.639Z","age":77},"registered":{"date":"2007-04-17T22:59:50.774Z","age":16},"phone":"20048372","cell":"40230156","id":{"name":"FN","value":"16024713397"},"picture":{"large":"https://randomuser.me/api/portraits/men/65.jpg","medium":"https://randomuser.me/api/portraits/med/men/65.jpg","thumbnail":"https://randomuser.me/api/portraits/thumb/men/65.jpg"},"nat":"NO"}],"info":{"seed":"d0eb0799ee26f660","results":1,"page":1,"version":"1.4"}} 
 </msg>
<msg time="2024-03-21T19:13:06.071179" level="INFO">/opt/hostedtoolcache/Python/3.12.2/x64/lib/python3.12/site-packages/urllib3/connectionpool.py:1103: InsecureRequestWarning: Unverified HTTPS request is being made to host 'randomuser.me'. Adding certificate verification is strongly advised. See: https://urllib3.readthedocs.io/en/latest/advanced-usage.html#tls-warnings
  warnings.warn(</msg>
<msg time="2024-03-21T19:13:06.071309" level="INFO">${response} = &lt;Response [200]&gt;</msg>
<var>${response}</var>
<arg>consultarAPI</arg>
<arg>/api</arg>
<doc>Sends a GET request on a previously created HTTP Session.</doc>
<status status="PASS" start="2024-03-21T19:13:05.996005" elapsed="0.075341"/>
</kw>
<kw name="Set Variable" owner="BuiltIn">
<msg time="2024-03-21T19:13:06.072256" level="INFO">${json_data} = {'results': [{'gender': 'male', 'name': {'title': 'Mr', 'first': 'Ivo', 'last': 'Bauge'}, 'location': {'street': {'number': 3726, 'name': 'Kollstien'}, 'city': 'Tjøme', 'state': 'Telemark', 'country':...</msg>
<var>${json_data}</var>
<arg>${response.json()}</arg>
<doc>Returns the given values which can then be assigned to a variables.</doc>
<status status="PASS" start="2024-03-21T19:13:06.071783" elapsed="0.000504"/>
</kw>
<kw name="Log" owner="BuiltIn">
<msg time="2024-03-21T19:13:06.072768" level="INFO">{'results': [{'gender': 'male', 'name': {'title': 'Mr', 'first': 'Ivo', 'last': 'Bauge'}, 'location': {'street': {'number': 3726, 'name': 'Kollstien'}, 'city': 'Tjøme', 'state': 'Telemark', 'country': 'Norway', 'postcode': '4345', 'coordinates': {'latitude': '43.5390', 'longitude': '-65.7498'}, 'timezone': {'offset': '+7:00', 'description': 'Bangkok, Hanoi, Jakarta'}}, 'email': 'ivo.bauge@example.com', 'login': {'uuid': '60c57dc1-8bc3-41ce-9d6b-804a0007d5c3', 'username': 'happypanda551', 'password': 'skip', 'salt': 'IUWmfV62', 'md5': '55c7e93bad3e248007c17808f70f92d8', 'sha1': 'f3b13956cca0a4cc6eec8498b075ea5cc53dedb0', 'sha256': '14a426f036322947075c8c17ac6a2da5be35d7516ca20e8216fa146dbb6ecc51'}, 'dob': {'date': '1947-02-16T19:04:49.639Z', 'age': 77}, 'registered': {'date': '2007-04-17T22:59:50.774Z', 'age': 16}, 'phone': '20048372', 'cell': '40230156', 'id': {'name': 'FN', 'value': '16024713397'}, 'picture': {'large': 'https://randomuser.me/api/portraits/men/65.jpg', 'medium': 'https://randomuser.me/api/portraits/med/men/65.jpg', 'thumbnail': 'https://randomuser.me/api/portraits/thumb/men/65.jpg'}, 'nat': 'NO'}], 'info': {'seed': 'd0eb0799ee26f660', 'results': 1, 'page': 1, 'version': '1.4'}}</msg>
<arg>${json_data}</arg>
<doc>Logs the given message with the given level.</doc>
<status status="PASS" start="2024-03-21T19:13:06.072603" elapsed="0.000216"/>
</kw>
<kw name="Dictionary Should Contain Key" owner="Collections">
<msg time="2024-03-21T19:13:06.073280" level="INFO">False</msg>
<arg>${json_data}</arg>
<arg>results</arg>
<doc>Fails if ``key`` is not found from ``dictionary``.</doc>
<status status="PASS" start="2024-03-21T19:13:06.073123" elapsed="0.000197"/>
</kw>
<kw name="Should Not Be Empty" owner="BuiltIn">
<msg time="2024-03-21T19:13:06.073769" level="INFO">Length is 2.</msg>
<arg>${json_data}</arg>
<doc>Verifies that the given item is not empty.</doc>
<status status="PASS" start="2024-03-21T19:13:06.073631" elapsed="0.000179"/>
</kw>
<kw name="Create List" owner="BuiltIn">
<msg time="2024-03-21T19:13:06.074259" level="INFO">${expected_keys} = ['gender', 'name', 'location', 'email', 'login']</msg>
<var>${expected_keys}</var>
<arg>gender</arg>
<arg>name</arg>
<arg>location</arg>
<arg>email</arg>
<arg>login</arg>
<doc>Returns a list containing given items.</doc>
<status status="PASS" start="2024-03-21T19:13:06.074106" elapsed="0.000178"/>
</kw>
<for flavor="IN">
<iter>
<kw name="Dictionary Should Contain Key" owner="Collections">
<msg time="2024-03-21T19:13:06.075326" level="INFO">False</msg>
<arg>${json_data['results'][0]}</arg>
<arg>${key}</arg>
<doc>Fails if ``key`` is not found from ``dictionary``.</doc>
<status status="PASS" start="2024-03-21T19:13:06.074912" elapsed="0.000456"/>
</kw>
<kw name="Log" owner="BuiltIn">
<msg time="2024-03-21T19:13:06.076073" level="INFO">{'gender': 'male', 'name': {'title': 'Mr', 'first': 'Ivo', 'last': 'Bauge'}, 'location': {'street': {'number': 3726, 'name': 'Kollstien'}, 'city': 'Tjøme', 'state': 'Telemark', 'country': 'Norway', 'postcode': '4345', 'coordinates': {'latitude': '43.5390', 'longitude': '-65.7498'}, 'timezone': {'offset': '+7:00', 'description': 'Bangkok, Hanoi, Jakarta'}}, 'email': 'ivo.bauge@example.com', 'login': {'uuid': '60c57dc1-8bc3-41ce-9d6b-804a0007d5c3', 'username': 'happypanda551', 'password': 'skip', 'salt': 'IUWmfV62', 'md5': '55c7e93bad3e248007c17808f70f92d8', 'sha1': 'f3b13956cca0a4cc6eec8498b075ea5cc53dedb0', 'sha256': '14a426f036322947075c8c17ac6a2da5be35d7516ca20e8216fa146dbb6ecc51'}, 'dob': {'date': '1947-02-16T19:04:49.639Z', 'age': 77}, 'registered': {'date': '2007-04-17T22:59:50.774Z', 'age': 16}, 'phone': '20048372', 'cell': '40230156', 'id': {'name': 'FN', 'value': '16024713397'}, 'picture': {'large': 'https://randomuser.me/api/portraits/men/65.jpg', 'medium': 'https://randomuser.me/api/portraits/med/men/65.jpg', 'thumbnail': 'https://randomuser.me/api/portraits/thumb/men/65.jpg'}, 'nat': 'NO'}</msg>
<arg>${json_data['results'][0]}</arg>
<doc>Logs the given message with the given level.</doc>
<status status="PASS" start="2024-03-21T19:13:06.075682" elapsed="0.000448"/>
</kw>
<kw name="Log" owner="BuiltIn">
<msg time="2024-03-21T19:13:06.076575" level="INFO">gender</msg>
<arg>${key}</arg>
<doc>Logs the given message with the given level.</doc>
<status status="PASS" start="2024-03-21T19:13:06.076441" elapsed="0.000173"/>
</kw>
<var name="${key}">gender</var>
<status status="PASS" start="2024-03-21T19:13:06.074777" elapsed="0.002062"/>
</iter>
<iter>
<kw name="Dictionary Should Contain Key" owner="Collections">
<msg time="2024-03-21T19:13:06.077540" level="INFO">False</msg>
<arg>${json_data['results'][0]}</arg>
<arg>${key}</arg>
<doc>Fails if ``key`` is not found from ``dictionary``.</doc>
<status status="PASS" start="2024-03-21T19:13:06.077153" elapsed="0.000426"/>
</kw>
<kw name="Log" owner="BuiltIn">
<msg time="2024-03-21T19:13:06.078287" level="INFO">{'gender': 'male', 'name': {'title': 'Mr', 'first': 'Ivo', 'last': 'Bauge'}, 'location': {'street': {'number': 3726, 'name': 'Kollstien'}, 'city': 'Tjøme', 'state': 'Telemark', 'country': 'Norway', 'postcode': '4345', 'coordinates': {'latitude': '43.5390', 'longitude': '-65.7498'}, 'timezone': {'offset': '+7:00', 'description': 'Bangkok, Hanoi, Jakarta'}}, 'email': 'ivo.bauge@example.com', 'login': {'uuid': '60c57dc1-8bc3-41ce-9d6b-804a0007d5c3', 'username': 'happypanda551', 'password': 'skip', 'salt': 'IUWmfV62', 'md5': '55c7e93bad3e248007c17808f70f92d8', 'sha1': 'f3b13956cca0a4cc6eec8498b075ea5cc53dedb0', 'sha256': '14a426f036322947075c8c17ac6a2da5be35d7516ca20e8216fa146dbb6ecc51'}, 'dob': {'date': '1947-02-16T19:04:49.639Z', 'age': 77}, 'registered': {'date': '2007-04-17T22:59:50.774Z', 'age': 16}, 'phone': '20048372', 'cell': '40230156', 'id': {'name': 'FN', 'value': '16024713397'}, 'picture': {'large': 'https://randomuser.me/api/portraits/men/65.jpg', 'medium': 'https://randomuser.me/api/portraits/med/men/65.jpg', 'thumbnail': 'https://randomuser.me/api/portraits/thumb/men/65.jpg'}, 'nat': 'NO'}</msg>
<arg>${json_data['results'][0]}</arg>
<doc>Logs the given message with the given level.</doc>
<status status="PASS" start="2024-03-21T19:13:06.077916" elapsed="0.000422"/>
</kw>
<kw name="Log" owner="BuiltIn">
<msg time="2024-03-21T19:13:06.078813" level="INFO">name</msg>
<arg>${key}</arg>
<doc>Logs the given message with the given level.</doc>
<status status="PASS" start="2024-03-21T19:13:06.078679" elapsed="0.000174"/>
</kw>
<var name="${key}">name</var>
<status status="PASS" start="2024-03-21T19:13:06.077035" elapsed="0.002040"/>
</iter>
<iter>
<kw name="Dictionary Should Contain Key" owner="Collections">
<msg time="2024-03-21T19:13:06.079766" level="INFO">False</msg>
<arg>${json_data['results'][0]}</arg>
<arg>${key}</arg>
<doc>Fails if ``key`` is not found from ``dictionary``.</doc>
<status status="PASS" start="2024-03-21T19:13:06.079375" elapsed="0.000430"/>
</kw>
<kw name="Log" owner="BuiltIn">
<msg time="2024-03-21T19:13:06.080480" level="INFO">{'gender': 'male', 'name': {'title': 'Mr', 'first': 'Ivo', 'last': 'Bauge'}, 'location': {'street': {'number': 3726, 'name': 'Kollstien'}, 'city': 'Tjøme', 'state': 'Telemark', 'country': 'Norway', 'postcode': '4345', 'coordinates': {'latitude': '43.5390', 'longitude': '-65.7498'}, 'timezone': {'offset': '+7:00', 'description': 'Bangkok, Hanoi, Jakarta'}}, 'email': 'ivo.bauge@example.com', 'login': {'uuid': '60c57dc1-8bc3-41ce-9d6b-804a0007d5c3', 'username': 'happypanda551', 'password': 'skip', 'salt': 'IUWmfV62', 'md5': '55c7e93bad3e248007c17808f70f92d8', 'sha1': 'f3b13956cca0a4cc6eec8498b075ea5cc53dedb0', 'sha256': '14a426f036322947075c8c17ac6a2da5be35d7516ca20e8216fa146dbb6ecc51'}, 'dob': {'date': '1947-02-16T19:04:49.639Z', 'age': 77}, 'registered': {'date': '2007-04-17T22:59:50.774Z', 'age': 16}, 'phone': '20048372', 'cell': '40230156', 'id': {'name': 'FN', 'value': '16024713397'}, 'picture': {'large': 'https://randomuser.me/api/portraits/men/65.jpg', 'medium': 'https://randomuser.me/api/portraits/med/men/65.jpg', 'thumbnail': 'https://randomuser.me/api/portraits/thumb/men/65.jpg'}, 'nat': 'NO'}</msg>
<arg>${json_data['results'][0]}</arg>
<doc>Logs the given message with the given level.</doc>
<status status="PASS" start="2024-03-21T19:13:06.080109" elapsed="0.000426"/>
</kw>
<kw name="Log" owner="BuiltIn">
<msg time="2024-03-21T19:13:06.080964" level="INFO">location</msg>
<arg>${key}</arg>
<doc>Logs the given message with the given level.</doc>
<status status="PASS" start="2024-03-21T19:13:06.080835" elapsed="0.000170"/>
</kw>
<var name="${key}">location</var>
<status status="PASS" start="2024-03-21T19:13:06.079260" elapsed="0.001964"/>
</iter>
<iter>
<kw name="Dictionary Should Contain Key" owner="Collections">
<msg time="2024-03-21T19:13:06.081892" level="INFO">False</msg>
<arg>${json_data['results'][0]}</arg>
<arg>${key}</arg>
<doc>Fails if ``key`` is not found from ``dictionary``.</doc>
<status status="PASS" start="2024-03-21T19:13:06.081513" elapsed="0.000418"/>
</kw>
<kw name="Log" owner="BuiltIn">
<msg time="2024-03-21T19:13:06.082668" level="INFO">{'gender': 'male', 'name': {'title': 'Mr', 'first': 'Ivo', 'last': 'Bauge'}, 'location': {'street': {'number': 3726, 'name': 'Kollstien'}, 'city': 'Tjøme', 'state': 'Telemark', 'country': 'Norway', 'postcode': '4345', 'coordinates': {'latitude': '43.5390', 'longitude': '-65.7498'}, 'timezone': {'offset': '+7:00', 'description': 'Bangkok, Hanoi, Jakarta'}}, 'email': 'ivo.bauge@example.com', 'login': {'uuid': '60c57dc1-8bc3-41ce-9d6b-804a0007d5c3', 'username': 'happypanda551', 'password': 'skip', 'salt': 'IUWmfV62', 'md5': '55c7e93bad3e248007c17808f70f92d8', 'sha1': 'f3b13956cca0a4cc6eec8498b075ea5cc53dedb0', 'sha256': '14a426f036322947075c8c17ac6a2da5be35d7516ca20e8216fa146dbb6ecc51'}, 'dob': {'date': '1947-02-16T19:04:49.639Z', 'age': 77}, 'registered': {'date': '2007-04-17T22:59:50.774Z', 'age': 16}, 'phone': '20048372', 'cell': '40230156', 'id': {'name': 'FN', 'value': '16024713397'}, 'picture': {'large': 'https://randomuser.me/api/portraits/men/65.jpg', 'medium': 'https://randomuser.me/api/portraits/med/men/65.jpg', 'thumbnail': 'https://randomuser.me/api/portraits/thumb/men/65.jpg'}, 'nat': 'NO'}</msg>
<arg>${json_data['results'][0]}</arg>
<doc>Logs the given message with the given level.</doc>
<status status="PASS" start="2024-03-21T19:13:06.082233" elapsed="0.000487"/>
</kw>
<kw name="Log" owner="BuiltIn">
<msg time="2024-03-21T19:13:06.083163" level="INFO">email</msg>
<arg>${key}</arg>
<doc>Logs the given message with the given level.</doc>
<status status="PASS" start="2024-03-21T19:13:06.083033" elapsed="0.000170"/>
</kw>
<var name="${key}">email</var>
<status status="PASS" start="2024-03-21T19:13:06.081401" elapsed="0.002029"/>
</iter>
<iter>
<kw name="Dictionary Should Contain Key" owner="Collections">
<msg time="2024-03-21T19:13:06.084113" level="INFO">False</msg>
<arg>${json_data['results'][0]}</arg>
<arg>${key}</arg>
<doc>Fails if ``key`` is not found from ``dictionary``.</doc>
<status status="PASS" start="2024-03-21T19:13:06.083725" elapsed="0.000427"/>
</kw>
<kw name="Log" owner="BuiltIn">
<msg time="2024-03-21T19:13:06.084814" level="INFO">{'gender': 'male', 'name': {'title': 'Mr', 'first': 'Ivo', 'last': 'Bauge'}, 'location': {'street': {'number': 3726, 'name': 'Kollstien'}, 'city': 'Tjøme', 'state': 'Telemark', 'country': 'Norway', 'postcode': '4345', 'coordinates': {'latitude': '43.5390', 'longitude': '-65.7498'}, 'timezone': {'offset': '+7:00', 'description': 'Bangkok, Hanoi, Jakarta'}}, 'email': 'ivo.bauge@example.com', 'login': {'uuid': '60c57dc1-8bc3-41ce-9d6b-804a0007d5c3', 'username': 'happypanda551', 'password': 'skip', 'salt': 'IUWmfV62', 'md5': '55c7e93bad3e248007c17808f70f92d8', 'sha1': 'f3b13956cca0a4cc6eec8498b075ea5cc53dedb0', 'sha256': '14a426f036322947075c8c17ac6a2da5be35d7516ca20e8216fa146dbb6ecc51'}, 'dob': {'date': '1947-02-16T19:04:49.639Z', 'age': 77}, 'registered': {'date': '2007-04-17T22:59:50.774Z', 'age': 16}, 'phone': '20048372', 'cell': '40230156', 'id': {'name': 'FN', 'value': '16024713397'}, 'picture': {'large': 'https://randomuser.me/api/portraits/men/65.jpg', 'medium': 'https://randomuser.me/api/portraits/med/men/65.jpg', 'thumbnail': 'https://randomuser.me/api/portraits/thumb/men/65.jpg'}, 'nat': 'NO'}</msg>
<arg>${json_data['results'][0]}</arg>
<doc>Logs the given message with the given level.</doc>
<status status="PASS" start="2024-03-21T19:13:06.084449" elapsed="0.000414"/>
</kw>
<kw name="Log" owner="BuiltIn">
<msg time="2024-03-21T19:13:06.085286" level="INFO">login</msg>
<arg>${key}</arg>
<doc>Logs the given message with the given level.</doc>
<status status="PASS" start="2024-03-21T19:13:06.085158" elapsed="0.000270"/>
</kw>
<var name="${key}">login</var>
<status status="PASS" start="2024-03-21T19:13:06.083607" elapsed="0.002060"/>
</iter>
<var>${key}</var>
<value>@{expected_keys}</value>
<status status="PASS" start="2024-03-21T19:13:06.074589" elapsed="0.011204"/>
</for>
<kw name="Create List" owner="BuiltIn">
<msg time="2024-03-21T19:13:06.086164" level="INFO">${expected_keysTwo} = ['username', 'password']</msg>
<var>${expected_keysTwo}</var>
<arg>username</arg>
<arg>password</arg>
<doc>Returns a list containing given items.</doc>
<status status="PASS" start="2024-03-21T19:13:06.086020" elapsed="0.000169"/>
</kw>
<for flavor="IN">
<iter>
<kw name="Dictionary Should Contain Key" owner="Collections">
<msg time="2024-03-21T19:13:06.087122" level="INFO">False</msg>
<arg>${json_data['results'][0]['login']}</arg>
<arg>${keyTwo}</arg>
<doc>Fails if ``key`` is not found from ``dictionary``.</doc>
<status status="PASS" start="2024-03-21T19:13:06.086734" elapsed="0.000426"/>
</kw>
<kw name="Dictionary Should Contain Key" owner="Collections">
<msg time="2024-03-21T19:13:06.087845" level="INFO">False</msg>
<arg>${json_data['results'][0]['login']}</arg>
<arg>${keyTwo}</arg>
<doc>Fails if ``key`` is not found from ``dictionary``.</doc>
<status status="PASS" start="2024-03-21T19:13:06.087466" elapsed="0.000418"/>
</kw>
<kw name="Log" owner="BuiltIn">
<msg time="2024-03-21T19:13:06.088311" level="INFO">username</msg>
<arg>${keyTwo}</arg>
<doc>Logs the given message with the given level.</doc>
<status status="PASS" start="2024-03-21T19:13:06.088182" elapsed="0.000168"/>
</kw>
<var name="${keyTwo}">username</var>
<status status="PASS" start="2024-03-21T19:13:06.086620" elapsed="0.001948"/>
</iter>
<iter>
<kw name="Dictionary Should Contain Key" owner="Collections">
<msg time="2024-03-21T19:13:06.089240" level="INFO">False</msg>
<arg>${json_data['results'][0]['login']}</arg>
<arg>${keyTwo}</arg>
<doc>Fails if ``key`` is not found from ``dictionary``.</doc>
<status status="PASS" start="2024-03-21T19:13:06.088862" elapsed="0.000418"/>
</kw>
<kw name="Dictionary Should Contain Key" owner="Collections">
<msg time="2024-03-21T19:13:06.089961" level="INFO">False</msg>
<arg>${json_data['results'][0]['login']}</arg>
<arg>${keyTwo}</arg>
<doc>Fails if ``key`` is not found from ``dictionary``.</doc>
<status status="PASS" start="2024-03-21T19:13:06.089574" elapsed="0.000424"/>
</kw>
<kw name="Log" owner="BuiltIn">
<msg time="2024-03-21T19:13:06.090454" level="INFO">password</msg>
<arg>${keyTwo}</arg>
<doc>Logs the given message with the given level.</doc>
<status status="PASS" start="2024-03-21T19:13:06.090291" elapsed="0.000208"/>
</kw>
<var name="${keyTwo}">password</var>
<status status="PASS" start="2024-03-21T19:13:06.088750" elapsed="0.001975"/>
</iter>
<var>${keyTwo}</var>
<value>@{expected_keysTwo}</value>
<status status="PASS" start="2024-03-21T19:13:06.086455" elapsed="0.004394"/>
</for>
<status status="PASS" start="2024-03-21T19:13:05.995631" elapsed="0.095360"/>
</kw>
<doc>Testa a estrutura da resposta da API.</doc>
<tag>testeEstruturaResposta</tag>
<status status="PASS" start="2024-03-21T19:13:05.994698" elapsed="0.096445"/>
</test>
<test id="s1-s1-t4" name="Validar tipos de dados" line="28">
<kw name="Teste de Tipos de Dados" owner="random-user-service">
<kw name="GET On Session" owner="RequestsLibrary">
<msg time="2024-03-21T19:13:06.179455" level="INFO">GET Request : url=https://randomuser.me/api 
 path_url=/api 
 headers={'User-Agent': 'python-requests/2.31.0', 'Accept-Encoding': 'gzip, deflate', 'Accept': '*/*', 'Connection': 'keep-alive'} 
 body=None 
 </msg>
<msg time="2024-03-21T19:13:06.179540" level="INFO">GET Response : url=https://randomuser.me/api 
 status=200, reason=OK 
 headers={'Date': 'Thu, 21 Mar 2024 19:13:06 GMT', 'Content-Type': 'application/json; charset=utf-8', 'Transfer-Encoding': 'chunked', 'Connection': 'keep-alive', 'X-Powered-By': 'Express', 'Access-Control-Allow-Origin': '*', 'Cache-Control': 'no-cache', 'ETag': 'W/"49f-gIo2xCgwvt1xH+5/xYZxSGIi/tM"', 'Vary': 'Accept-Encoding', 'Content-Encoding': 'gzip', 'CF-Cache-Status': 'DYNAMIC', 'Report-To': '{"endpoints":[{"url":"https:\\/\\/a.nel.cloudflare.com\\/report\\/v4?s=uJ31qHyOOP5BdwoxLI3Ge11oASMjnT3ZrqP1lR79spOljAMe4ArrKedPyCQN%2BkhXTvUhUs%2BdE9UR5qvKPJHmcDNNrRIT9JPDmdi%2FFttlyghidLIdlL%2BDOEWwM%2FRgO1bE"}],"group":"cf-nel","max_age":604800}', 'NEL': '{"success_fraction":0,"report_to":"cf-nel","max_age":604800}', 'Server': 'cloudflare', 'CF-RAY': '868041dd198f110a-ORD', 'alt-svc': 'h3=":443"; ma=86400'} 
 body={"results":[{"gender":"female","name":{"title":"Miss","first":"Lylou","last":"Brun"},"location":{"street":{"number":3215,"name":"Rue du Village"},"city":"Le Havre","state":"Cantal","country":"France","postcode":24228,"coordinates":{"latitude":"-17.3121","longitude":"38.4492"},"timezone":{"offset":"+3:00","description":"Baghdad, Riyadh, Moscow, St. Petersburg"}},"email":"lylou.brun@example.com","login":{"uuid":"a1085d62-239e-4baa-bfb4-7302cf9f6415","username":"goldenladybug273","password":"ranch","salt":"mL6RNQm0","md5":"676981238757f0fc65b6d1a2879ca4f2","sha1":"f483efb429eeb5b98af8d016422344c036eb1065","sha256":"6acc9bc1c186e155d6c78a4ffee1791e2bb125d287c1bcd706aedfb06ecd17fc"},"dob":{"date":"1945-08-07T19:13:40.861Z","age":78},"registered":{"date":"2005-12-03T08:15:12.933Z","age":18},"phone":"05-59-32-03-68","cell":"06-11-05-31-82","id":{"name":"INSEE","value":"2450765935632 59"},"picture":{"large":"https://randomuser.me/api/portraits/women/75.jpg","medium":"https://randomuser.me/api/portraits/med/women/75.jpg","thumbnail":"https://randomuser.me/api/portraits/thumb/women/75.jpg"},"nat":"FR"}],"info":{"seed":"9d4cf6b9ebbdae2d","results":1,"page":1,"version":"1.4"}} 
 </msg>
<msg time="2024-03-21T19:13:06.179613" level="INFO">/opt/hostedtoolcache/Python/3.12.2/x64/lib/python3.12/site-packages/urllib3/connectionpool.py:1103: InsecureRequestWarning: Unverified HTTPS request is being made to host 'randomuser.me'. Adding certificate verification is strongly advised. See: https://urllib3.readthedocs.io/en/latest/advanced-usage.html#tls-warnings
  warnings.warn(</msg>
<msg time="2024-03-21T19:13:06.179723" level="INFO">${response} = &lt;Response [200]&gt;</msg>
<var>${response}</var>
<arg>consultarAPI</arg>
<arg>/api</arg>
<doc>Sends a GET request on a previously created HTTP Session.</doc>
<status status="PASS" start="2024-03-21T19:13:06.093511" elapsed="0.086243"/>
</kw>
<kw name="Set Variable" owner="BuiltIn">
<msg time="2024-03-21T19:13:06.180574" level="INFO">${json_data} = {'results': [{'gender': 'female', 'name': {'title': 'Miss', 'first': 'Lylou', 'last': 'Brun'}, 'location': {'street': {'number': 3215, 'name': 'Rue du Village'}, 'city': 'Le Havre', 'state': 'Cantal',...</msg>
<var>${json_data}</var>
<arg>${response.json()}</arg>
<doc>Returns the given values which can then be assigned to a variables.</doc>
<status status="PASS" start="2024-03-21T19:13:06.180129" elapsed="0.000473"/>
</kw>
<kw name="Log" owner="BuiltIn">
<msg time="2024-03-21T19:13:06.181066" level="INFO">{'results': [{'gender': 'female', 'name': {'title': 'Miss', 'first': 'Lylou', 'last': 'Brun'}, 'location': {'street': {'number': 3215, 'name': 'Rue du Village'}, 'city': 'Le Havre', 'state': 'Cantal', 'country': 'France', 'postcode': 24228, 'coordinates': {'latitude': '-17.3121', 'longitude': '38.4492'}, 'timezone': {'offset': '+3:00', 'description': 'Baghdad, Riyadh, Moscow, St. Petersburg'}}, 'email': 'lylou.brun@example.com', 'login': {'uuid': 'a1085d62-239e-4baa-bfb4-7302cf9f6415', 'username': 'goldenladybug273', 'password': 'ranch', 'salt': 'mL6RNQm0', 'md5': '676981238757f0fc65b6d1a2879ca4f2', 'sha1': 'f483efb429eeb5b98af8d016422344c036eb1065', 'sha256': '6acc9bc1c186e155d6c78a4ffee1791e2bb125d287c1bcd706aedfb06ecd17fc'}, 'dob': {'date': '1945-08-07T19:13:40.861Z', 'age': 78}, 'registered': {'date': '2005-12-03T08:15:12.933Z', 'age': 18}, 'phone': '05-59-32-03-68', 'cell': '06-11-05-31-82', 'id': {'name': 'INSEE', 'value': '2450765935632 59'}, 'picture': {'large': 'https://randomuser.me/api/portraits/women/75.jpg', 'medium': 'https://randomuser.me/api/portraits/med/women/75.jpg', 'thumbnail': 'https://randomuser.me/api/portraits/thumb/women/75.jpg'}, 'nat': 'FR'}], 'info': {'seed': '9d4cf6b9ebbdae2d', 'results': 1, 'page': 1, 'version': '1.4'}}</msg>
<arg>${json_data}</arg>
<doc>Logs the given message with the given level.</doc>
<status status="PASS" start="2024-03-21T19:13:06.180912" elapsed="0.000203"/>
</kw>
<kw name="Should Be String" owner="String">
<arg>${json_data['results'][0]['gender']}</arg>
<doc>Fails if the given ``item`` is not a string.</doc>
<status status="PASS" start="2024-03-21T19:13:06.181449" elapsed="0.000357"/>
</kw>
<kw name="Should Match Regexp" owner="BuiltIn">
<arg>${json_data['results'][0]['email']}</arg>
<arg>^[a-zA-Z0-9._%+-]+@[a-zA-Z0-9.-]+\.[a-zA-Z]{2,}$</arg>
<doc>Fails if ``string`` does not match ``pattern`` as a regular expression.</doc>
<status status="PASS" start="2024-03-21T19:13:06.182000" elapsed="0.000549"/>
</kw>
<kw name="Should Match Regexp" owner="BuiltIn">
<arg>${json_data['results'][0]['dob']['date']}</arg>
<arg>\\d{4}-\\d{2}-\\d{2}T\\d{2}:\\d{2}:\\d{2}\\.\\d{3}Z</arg>
<doc>Fails if ``string`` does not match ``pattern`` as a regular expression.</doc>
<status status="PASS" start="2024-03-21T19:13:06.182754" elapsed="0.000503"/>
</kw>
<kw name="Should Match Regexp" owner="BuiltIn">
<arg>${json_data['results'][0]['registered']['date']}</arg>
<arg>\\d{4}-\\d{2}-\\d{2}T\\d{2}:\\d{2}:\\d{2}\\.\\d{3}Z</arg>
<doc>Fails if ``string`` does not match ``pattern`` as a regular expression.</doc>
<status status="PASS" start="2024-03-21T19:13:06.183454" elapsed="0.000379"/>
</kw>
<kw name="Should Match Regexp" owner="BuiltIn">
<arg>${json_data['results'][0]['picture']['large']}</arg>
<arg>^https?://.*\.(?:png|jpe?g|gif|bmp)$</arg>
<doc>Fails if ``string`` does not match ``pattern`` as a regular expression.</doc>
<status status="PASS" start="2024-03-21T19:13:06.184022" elapsed="0.000458"/>
</kw>
<kw name="Should Match Regexp" owner="BuiltIn">
<arg>${json_data['results'][0]['picture']['medium']}</arg>
<arg>^https?://.*\.(?:png|jpe?g|gif|bmp)$</arg>
<doc>Fails if ``string`` does not match ``pattern`` as a regular expression.</doc>
<status status="PASS" start="2024-03-21T19:13:06.184672" elapsed="0.000365"/>
</kw>
<kw name="Should Match Regexp" owner="BuiltIn">
<arg>${json_data['results'][0]['picture']['thumbnail']}</arg>
<arg>^https?://.*\.(?:png|jpe?g|gif|bmp)$</arg>
<doc>Fails if ``string`` does not match ``pattern`` as a regular expression.</doc>
<status status="PASS" start="2024-03-21T19:13:06.185223" elapsed="0.000346"/>
</kw>
<kw name="Log" owner="BuiltIn">
<msg time="2024-03-21T19:13:06.186081" level="INFO">{'large': 'https://randomuser.me/api/portraits/women/75.jpg', 'medium': 'https://randomuser.me/api/portraits/med/women/75.jpg', 'thumbnail': 'https://randomuser.me/api/portraits/thumb/women/75.jpg'}</msg>
<arg>${json_data['results'][0]['picture']}</arg>
<doc>Logs the given message with the given level.</doc>
<status status="PASS" start="2024-03-21T19:13:06.185750" elapsed="0.000378"/>
</kw>
<status status="PASS" start="2024-03-21T19:13:06.093290" elapsed="0.093093"/>
</kw>
<kw name="Teste de Tipos de Dados - Postcode" owner="random-user-service">
<kw name="GET On Session" owner="RequestsLibrary">
<msg time="2024-03-21T19:13:06.289714" level="INFO">GET Request : url=https://randomuser.me/api 
 path_url=/api 
 headers={'User-Agent': 'python-requests/2.31.0', 'Accept-Encoding': 'gzip, deflate', 'Accept': '*/*', 'Connection': 'keep-alive'} 
 body=None 
 </msg>
<msg time="2024-03-21T19:13:06.289802" level="INFO">GET Response : url=https://randomuser.me/api 
 status=200, reason=OK 
 headers={'Date': 'Thu, 21 Mar 2024 19:13:06 GMT', 'Content-Type': 'application/json; charset=utf-8', 'Transfer-Encoding': 'chunked', 'Connection': 'keep-alive', 'X-Powered-By': 'Express', 'Access-Control-Allow-Origin': '*', 'Cache-Control': 'no-cache', 'ETag': 'W/"47d-57gX7GzZHtCY2uEov8DeTmspi4c"', 'Vary': 'Accept-Encoding', 'Content-Encoding': 'gzip', 'CF-Cache-Status': 'DYNAMIC', 'Report-To': '{"endpoints":[{"url":"https:\\/\\/a.nel.cloudflare.com\\/report\\/v4?s=fEL0xgGGlP2AKhdp%2BUyH2vPLYKoXetcJ3MDr9Q1P1A2d7T45%2F0NBaoi0bpVonl2KRxOAE3CkNWIQQz0YS7VQhHCSLhf5upZK1NlWq17t2X4S4H8K1gIQ4Tyj2HA4IZV0"}],"group":"cf-nel","max_age":604800}', 'NEL': '{"success_fraction":0,"report_to":"cf-nel","max_age":604800}', 'Server': 'cloudflare', 'CF-RAY': '868041ddaaec110a-ORD', 'alt-svc': 'h3=":443"; ma=86400'} 
 body={"results":[{"gender":"male","name":{"title":"Mr","first":"Slaviša","last":"Preković"},"location":{"street":{"number":616,"name":"Nebojše Markovića"},"city":"Ivanjica","state":"South Bačka","country":"Serbia","postcode":61674,"coordinates":{"latitude":"61.1619","longitude":"-34.2133"},"timezone":{"offset":"+4:30","description":"Kabul"}},"email":"slavisa.prekovic@example.com","login":{"uuid":"b9a094c9-8abb-4685-b6d5-47f355b5a708","username":"ticklishfrog332","password":"hahaha","salt":"INUSxHt8","md5":"079d0e14e82c2cb9d7d4594ca5fc517e","sha1":"f11d33c3e2382ee0037a693b2644e18a1f4a7e73","sha256":"57540c68b58e583f48316d0efc658cd8a08fa827aa2e2f784626d5a3a202721b"},"dob":{"date":"1972-06-09T15:31:27.050Z","age":51},"registered":{"date":"2021-12-19T22:23:40.346Z","age":2},"phone":"023-7364-059","cell":"068-5059-697","id":{"name":"SID","value":"879552704"},"picture":{"large":"https://randomuser.me/api/portraits/men/20.jpg","medium":"https://randomuser.me/api/portraits/med/men/20.jpg","thumbnail":"https://randomuser.me/api/portraits/thumb/men/20.jpg"},"nat":"RS"}],"info":{"seed":"4d12b13f14a5f4ad","results":1,"page":1,"version":"1.4"}} 
 </msg>
<msg time="2024-03-21T19:13:06.289893" level="INFO">/opt/hostedtoolcache/Python/3.12.2/x64/lib/python3.12/site-packages/urllib3/connectionpool.py:1103: InsecureRequestWarning: Unverified HTTPS request is being made to host 'randomuser.me'. Adding certificate verification is strongly advised. See: https://urllib3.readthedocs.io/en/latest/advanced-usage.html#tls-warnings
  warnings.warn(</msg>
<msg time="2024-03-21T19:13:06.289984" level="INFO">${response} = &lt;Response [200]&gt;</msg>
<var>${response}</var>
<arg>consultarAPI</arg>
<arg>/api</arg>
<doc>Sends a GET request on a previously created HTTP Session.</doc>
<status status="PASS" start="2024-03-21T19:13:06.186969" elapsed="0.103046"/>
</kw>
<kw name="Set Variable" owner="BuiltIn">
<msg time="2024-03-21T19:13:06.290892" level="INFO">${json_data} = {'results': [{'gender': 'male', 'name': {'title': 'Mr', 'first': 'Slaviša', 'last': 'Preković'}, 'location': {'street': {'number': 616, 'name': 'Nebojše Markovića'}, 'city': 'Ivanjica', 'state': 'Sout...</msg>
<var>${json_data}</var>
<arg>${response.json()}</arg>
<doc>Returns the given values which can then be assigned to a variables.</doc>
<status status="PASS" start="2024-03-21T19:13:06.290434" elapsed="0.000488"/>
</kw>
<kw name="Log" owner="BuiltIn">
<msg time="2024-03-21T19:13:06.291387" level="INFO">{'results': [{'gender': 'male', 'name': {'title': 'Mr', 'first': 'Slaviša', 'last': 'Preković'}, 'location': {'street': {'number': 616, 'name': 'Nebojše Markovića'}, 'city': 'Ivanjica', 'state': 'South Bačka', 'country': 'Serbia', 'postcode': 61674, 'coordinates': {'latitude': '61.1619', 'longitude': '-34.2133'}, 'timezone': {'offset': '+4:30', 'description': 'Kabul'}}, 'email': 'slavisa.prekovic@example.com', 'login': {'uuid': 'b9a094c9-8abb-4685-b6d5-47f355b5a708', 'username': 'ticklishfrog332', 'password': 'hahaha', 'salt': 'INUSxHt8', 'md5': '079d0e14e82c2cb9d7d4594ca5fc517e', 'sha1': 'f11d33c3e2382ee0037a693b2644e18a1f4a7e73', 'sha256': '57540c68b58e583f48316d0efc658cd8a08fa827aa2e2f784626d5a3a202721b'}, 'dob': {'date': '1972-06-09T15:31:27.050Z', 'age': 51}, 'registered': {'date': '2021-12-19T22:23:40.346Z', 'age': 2}, 'phone': '023-7364-059', 'cell': '068-5059-697', 'id': {'name': 'SID', 'value': '879552704'}, 'picture': {'large': 'https://randomuser.me/api/portraits/men/20.jpg', 'medium': 'https://randomuser.me/api/portraits/med/men/20.jpg', 'thumbnail': 'https://randomuser.me/api/portraits/thumb/men/20.jpg'}, 'nat': 'RS'}], 'info': {'seed': '4d12b13f14a5f4ad', 'results': 1, 'page': 1, 'version': '1.4'}}</msg>
<arg>${json_data}</arg>
<doc>Logs the given message with the given level.</doc>
<status status="PASS" start="2024-03-21T19:13:06.291230" elapsed="0.000208"/>
</kw>
<kw name="Should Be Equal As Numbers" owner="BuiltIn">
<arg>${json_data['results'][0]['location']['postcode']}</arg>
<arg>${json_data['results'][0]['location']['postcode']}</arg>
<doc>Fails if objects are unequal after converting them to real numbers.</doc>
<status status="PASS" start="2024-03-21T19:13:06.291733" elapsed="0.000616"/>
</kw>
<kw name="Log" owner="BuiltIn">
<msg time="2024-03-21T19:13:06.292913" level="INFO">61674</msg>
<arg>${json_data['results'][0]['location']['postcode']}</arg>
<doc>Logs the given message with the given level.</doc>
<status status="PASS" start="2024-03-21T19:13:06.292573" elapsed="0.000382"/>
</kw>
<status status="PASS" start="2024-03-21T19:13:06.186626" elapsed="0.106581"/>
</kw>
<doc>Testa se os tipos de dados na resposta da API estão corretos.</doc>
<tag>testeTiposDados</tag>
<status status="PASS" start="2024-03-21T19:13:06.092859" elapsed="0.200506"/>
</test>
<test id="s1-s1-t5" name="Validar conteudo" line="35">
<kw name="Teste de Tipos de Conteudo" owner="random-user-service">
<kw name="GET On Session" owner="RequestsLibrary">
<msg time="2024-03-21T19:13:06.376040" level="INFO">GET Request : url=https://randomuser.me/api 
 path_url=/api 
 headers={'User-Agent': 'python-requests/2.31.0', 'Accept-Encoding': 'gzip, deflate', 'Accept': '*/*', 'Connection': 'keep-alive'} 
 body=None 
 </msg>
<msg time="2024-03-21T19:13:06.376117" level="INFO">GET Response : url=https://randomuser.me/api 
 status=200, reason=OK 
 headers={'Date': 'Thu, 21 Mar 2024 19:13:06 GMT', 'Content-Type': 'application/json; charset=utf-8', 'Transfer-Encoding': 'chunked', 'Connection': 'keep-alive', 'X-Powered-By': 'Express', 'Access-Control-Allow-Origin': '*', 'Cache-Control': 'no-cache', 'ETag': 'W/"481-0hHzHcnyt3BfEgLTCQN+IRxjGc8"', 'Vary': 'Accept-Encoding', 'Content-Encoding': 'gzip', 'CF-Cache-Status': 'DYNAMIC', 'Report-To': '{"endpoints":[{"url":"https:\\/\\/a.nel.cloudflare.com\\/report\\/v4?s=ECKSFiDgBXBMDRwnEzE5D0WX2ycr5qcMpfmLOSXgGBNqU2bO7YX38bOnpDBBgJ0NpFdEGClH7JO0fXqoiz9%2FhppIKvWT7LsRdPUspLkHMb9nV195F2FawMu37iq5Oyyt"}],"group":"cf-nel","max_age":604800}', 'NEL': '{"success_fraction":0,"report_to":"cf-nel","max_age":604800}', 'Server': 'cloudflare', 'CF-RAY': '868041de5caa110a-ORD', 'alt-svc': 'h3=":443"; ma=86400'} 
 body={"results":[{"gender":"female","name":{"title":"Mrs","first":"Afet","last":"Tekand"},"location":{"street":{"number":8386,"name":"Mevlana Cd"},"city":"Malatya","state":"Mardin","country":"Turkey","postcode":66004,"coordinates":{"latitude":"71.0551","longitude":"126.2855"},"timezone":{"offset":"+8:00","description":"Beijing, Perth, Singapore, Hong Kong"}},"email":"afet.tekand@example.com","login":{"uuid":"0c7dde89-90c8-47b6-82de-5bc69aec3ff7","username":"tinyfrog755","password":"speedy","salt":"bVFBSAFk","md5":"7f1ff6b48a138dbd8adf85ce48ff4739","sha1":"3849b2861d4edfd8eda9d628aa99e5f58e8cbb4c","sha256":"457bf6c49a7485fd1a4209743e7497c766773d693bb0653a9af8a420dd087e0c"},"dob":{"date":"1989-08-09T12:57:58.900Z","age":34},"registered":{"date":"2010-02-02T11:57:20.927Z","age":14},"phone":"(697)-199-4556","cell":"(266)-173-9644","id":{"name":"","value":null},"picture":{"large":"https://randomuser.me/api/portraits/women/54.jpg","medium":"https://randomuser.me/api/portraits/med/women/54.jpg","thumbnail":"https://randomuser.me/api/portraits/thumb/women/54.jpg"},"nat":"TR"}],"info":{"seed":"a3e4ecd5d4e1e6f4","results":1,"page":1,"version":"1.4"}} 
 </msg>
<msg time="2024-03-21T19:13:06.376170" level="INFO">/opt/hostedtoolcache/Python/3.12.2/x64/lib/python3.12/site-packages/urllib3/connectionpool.py:1103: InsecureRequestWarning: Unverified HTTPS request is being made to host 'randomuser.me'. Adding certificate verification is strongly advised. See: https://urllib3.readthedocs.io/en/latest/advanced-usage.html#tls-warnings
  warnings.warn(</msg>
<msg time="2024-03-21T19:13:06.376259" level="INFO">${response} = &lt;Response [200]&gt;</msg>
<var>${response}</var>
<arg>consultarAPI</arg>
<arg>/api</arg>
<doc>Sends a GET request on a previously created HTTP Session.</doc>
<status status="PASS" start="2024-03-21T19:13:06.296119" elapsed="0.080181"/>
</kw>
<kw name="Set Variable" owner="BuiltIn">
<msg time="2024-03-21T19:13:06.377301" level="INFO">${json_data} = {'results': [{'gender': 'female', 'name': {'title': 'Mrs', 'first': 'Afet', 'last': 'Tekand'}, 'location': {'street': {'number': 8386, 'name': 'Mevlana Cd'}, 'city': 'Malatya', 'state': 'Mardin', 'cou...</msg>
<var>${json_data}</var>
<arg>${response.json()}</arg>
<doc>Returns the given values which can then be assigned to a variables.</doc>
<status status="PASS" start="2024-03-21T19:13:06.376745" elapsed="0.000585"/>
</kw>
<kw name="Set Variable" owner="BuiltIn">
<msg time="2024-03-21T19:13:06.378016" level="INFO">${name_title} = Mrs</msg>
<var>${name_title}</var>
<arg>${json_data["results"][0]["name"]["title"]}</arg>
<doc>Returns the given values which can then be assigned to a variables.</doc>
<status status="PASS" start="2024-03-21T19:13:06.377639" elapsed="0.000402"/>
</kw>
<kw name="Create List" owner="BuiltIn">
<msg time="2024-03-21T19:13:06.378538" level="INFO">${allowed_titles} = ['Mr', 'Ms', 'Miss', 'Mrs', 'Madame', 'Monsieur']</msg>
<var>${allowed_titles}</var>
<arg>Mr</arg>
<arg>Ms</arg>
<arg>Miss</arg>
<arg>Mrs</arg>
<arg>Madame</arg>
<arg>Monsieur</arg>
<doc>Returns a list containing given items.</doc>
<status status="PASS" start="2024-03-21T19:13:06.378336" elapsed="0.000227"/>
</kw>
<kw name="List Should Contain Value" owner="Collections">
<msg time="2024-03-21T19:13:06.379046" level="INFO">False</msg>
<arg>${allowed_titles}</arg>
<arg>${name_title}</arg>
<doc>Fails if the ``value`` is not found from ``list``.</doc>
<status status="PASS" start="2024-03-21T19:13:06.378872" elapsed="0.000212"/>
</kw>
<kw name="Set Variable" owner="BuiltIn">
<msg time="2024-03-21T19:13:06.379754" level="INFO">${name_country} = TR</msg>
<var>${name_country}</var>
<arg>${json_data["results"][0]["nat"]}</arg>
<doc>Returns the given values which can then be assigned to a variables.</doc>
<status status="PASS" start="2024-03-21T19:13:06.379374" elapsed="0.000406"/>
</kw>
<kw name="Create List" owner="BuiltIn">
<msg time="2024-03-21T19:13:06.380691" level="INFO">${list_country} = ['AD', 'AE', 'AF', 'AG', 'AI', 'AL', 'AM', 'AO', 'AQ', 'AR', 'AS', 'AT', 'AU', 'AW', 'AX', 'AZ', 'BA', 'BB', 'BD', 'BE', 'BF', 'BG', 'BH', 'BI', 'BJ', 'BL', 'BM', 'BN', 'BO', 'BQ', 'BR', 'BS', 'BT', '...</msg>
<var>${list_country}</var>
<arg>AD</arg>
<arg>AE</arg>
<arg>AF</arg>
<arg>AG</arg>
<arg>AI</arg>
<arg>AL</arg>
<arg>AM</arg>
<arg>AO</arg>
<arg>AQ</arg>
<arg>AR</arg>
<arg>AS</arg>
<arg>AT</arg>
<arg>AU</arg>
<arg>AW</arg>
<arg>AX</arg>
<arg>AZ</arg>
<arg>BA</arg>
<arg>BB</arg>
<arg>BD</arg>
<arg>BE</arg>
<arg>BF</arg>
<arg>BG</arg>
<arg>BH</arg>
<arg>BI</arg>
<arg>BJ</arg>
<arg>BL</arg>
<arg>BM</arg>
<arg>BN</arg>
<arg>BO</arg>
<arg>BQ</arg>
<arg>BR</arg>
<arg>BS</arg>
<arg>BT</arg>
<arg>BV</arg>
<arg>BW</arg>
<arg>BY</arg>
<arg>BZ</arg>
<arg>CA</arg>
<arg>CC</arg>
<arg>CD</arg>
<arg>CF</arg>
<arg>CG</arg>
<arg>CH</arg>
<arg>CI</arg>
<arg>CK</arg>
<arg>CL</arg>
<arg>CM</arg>
<arg>CN</arg>
<arg>CO</arg>
<arg>CR</arg>
<arg>CU</arg>
<arg>CV</arg>
<arg>CW</arg>
<arg>CX</arg>
<arg>CY</arg>
<arg>CZ</arg>
<arg>DE</arg>
<arg>DJ</arg>
<arg>DK</arg>
<arg>DM</arg>
<arg>DO</arg>
<arg>DZ</arg>
<arg>EC</arg>
<arg>EE</arg>
<arg>EG</arg>
<arg>EH</arg>
<arg>ER</arg>
<arg>ES</arg>
<arg>ET</arg>
<arg>FI</arg>
<arg>FJ</arg>
<arg>FK</arg>
<arg>FM</arg>
<arg>FO</arg>
<arg>FR</arg>
<arg>GA</arg>
<arg>GB</arg>
<arg>GD</arg>
<arg>GE</arg>
<arg>GF</arg>
<arg>GG</arg>
<arg>GH</arg>
<arg>GI</arg>
<arg>GL</arg>
<arg>GM</arg>
<arg>GN</arg>
<arg>GP</arg>
<arg>GQ</arg>
<arg>GR</arg>
<arg>GS</arg>
<arg>GT</arg>
<arg>GU</arg>
<arg>GW</arg>
<arg>GY</arg>
<arg>HK</arg>
<arg>HM</arg>
<arg>HN</arg>
<arg>HR</arg>
<arg>HT</arg>
<arg>HU</arg>
<arg>ID</arg>
<arg>IE</arg>
<arg>IL</arg>
<arg>IM</arg>
<arg>IN</arg>
<arg>IO</arg>
<arg>IQ</arg>
<arg>IR</arg>
<arg>IS</arg>
<arg>IT</arg>
<arg>JE</arg>
<arg>JM</arg>
<arg>JO</arg>
<arg>JP</arg>
<arg>KE</arg>
<arg>KG</arg>
<arg>KH</arg>
<arg>KI</arg>
<arg>KM</arg>
<arg>KN</arg>
<arg>KP</arg>
<arg>KR</arg>
<arg>KW</arg>
<arg>KY</arg>
<arg>KZ</arg>
<arg>LA</arg>
<arg>LB</arg>
<arg>LC</arg>
<arg>LI</arg>
<arg>LK</arg>
<arg>LR</arg>
<arg>LS</arg>
<arg>LT</arg>
<arg>LU</arg>
<arg>LV</arg>
<arg>LY</arg>
<arg>MA</arg>
<arg>MC</arg>
<arg>MD</arg>
<arg>ME</arg>
<arg>MF</arg>
<arg>MG</arg>
<arg>MH</arg>
<arg>MK</arg>
<arg>ML</arg>
<arg>MM</arg>
<arg>MN</arg>
<arg>MO</arg>
<arg>MP</arg>
<arg>MQ</arg>
<arg>MR</arg>
<arg>MS</arg>
<arg>MT</arg>
<arg>MU</arg>
<arg>MV</arg>
<arg>MW</arg>
<arg>MX</arg>
<arg>MY</arg>
<arg>MZ</arg>
<arg>NA</arg>
<arg>NC</arg>
<arg>NE</arg>
<arg>NF</arg>
<arg>NG</arg>
<arg>NI</arg>
<arg>NL</arg>
<arg>NO</arg>
<arg>NP</arg>
<arg>NR</arg>
<arg>NU</arg>
<arg>NZ</arg>
<arg>OM</arg>
<arg>PA</arg>
<arg>PE</arg>
<arg>PF</arg>
<arg>PG</arg>
<arg>PH</arg>
<arg>PK</arg>
<arg>PL</arg>
<arg>PM</arg>
<arg>PN</arg>
<arg>PR</arg>
<arg>PS</arg>
<arg>PT</arg>
<arg>PW</arg>
<arg>PY</arg>
<arg>QA</arg>
<arg>RE</arg>
<arg>RO</arg>
<arg>RS</arg>
<arg>RU</arg>
<arg>RW</arg>
<arg>SA</arg>
<arg>SB</arg>
<arg>SC</arg>
<arg>SD</arg>
<arg>SE</arg>
<arg>SG</arg>
<arg>SH</arg>
<arg>SI</arg>
<arg>SJ</arg>
<arg>SK</arg>
<arg>SL</arg>
<arg>SM</arg>
<arg>SN</arg>
<arg>SO</arg>
<arg>SR</arg>
<arg>SS</arg>
<arg>ST</arg>
<arg>SV</arg>
<arg>SX</arg>
<arg>SY</arg>
<arg>SZ</arg>
<arg>TC</arg>
<arg>TD</arg>
<arg>TF</arg>
<arg>TG</arg>
<arg>TH</arg>
<arg>TJ</arg>
<arg>TK</arg>
<arg>TL</arg>
<arg>TM</arg>
<arg>TN</arg>
<arg>TO</arg>
<arg>TR</arg>
<arg>TT</arg>
<arg>TV</arg>
<arg>TW</arg>
<arg>TZ</arg>
<arg>UA</arg>
<arg>UG</arg>
<arg>UM</arg>
<arg>US</arg>
<arg>UY</arg>
<arg>UZ</arg>
<arg>VA</arg>
<arg>VC</arg>
<arg>VE</arg>
<arg>VG</arg>
<arg>VI</arg>
<arg>VN</arg>
<arg>VU</arg>
<arg>WF</arg>
<arg>WS</arg>
<arg>XK</arg>
<arg>YE</arg>
<arg>YT</arg>
<arg>ZA</arg>
<arg>ZM</arg>
<arg>ZW</arg>
<doc>Returns a list containing given items.</doc>
<status status="PASS" start="2024-03-21T19:13:06.380089" elapsed="0.000628"/>
</kw>
<kw name="List Should Contain Value" owner="Collections">
<msg time="2024-03-21T19:13:06.381823" level="INFO">False</msg>
<arg>${list_country}</arg>
<arg>${name_country}</arg>
<doc>Fails if the ``value`` is not found from ``list``.</doc>
<status status="PASS" start="2024-03-21T19:13:06.381616" elapsed="0.000245"/>
</kw>
<kw name="Run Keyword If" owner="BuiltIn">
<kw name="Should Be True" owner="BuiltIn">
<arg>${True}</arg>
<doc>Fails if the given condition is not true.</doc>
<status status="PASS" start="2024-03-21T19:13:06.382950" elapsed="0.000143"/>
</kw>
<arg>${json_data["results"][0]["location"]["coordinates"]["latitude"]} &gt;= -90 and ${json_data["results"][0]["location"]["coordinates"]["latitude"]} &lt;= 90</arg>
<arg>Should Be True</arg>
<arg>${True}</arg>
<doc>Runs the given keyword with the given arguments, if ``condition`` is true.</doc>
<status status="PASS" start="2024-03-21T19:13:06.382177" elapsed="0.001045"/>
</kw>
<kw name="Run Keyword If" owner="BuiltIn">
<kw name="Should Be True" owner="BuiltIn">
<arg>${True}</arg>
<doc>Fails if the given condition is not true.</doc>
<status status="PASS" start="2024-03-21T19:13:06.384107" elapsed="0.000140"/>
</kw>
<arg>${json_data["results"][0]["location"]["coordinates"]["longitude"]} &gt;= -180 and ${json_data["results"][0]["location"]["coordinates"]["longitude"]} &lt;= 180</arg>
<arg>Should Be True</arg>
<arg>${True}</arg>
<doc>Runs the given keyword with the given arguments, if ``condition`` is true.</doc>
<status status="PASS" start="2024-03-21T19:13:06.383407" elapsed="0.000967"/>
</kw>
<status status="PASS" start="2024-03-21T19:13:06.295751" elapsed="0.088751"/>
</kw>
<doc>Testa o conteúdo específico dos campos retornados pela API.</doc>
<tag>testeConteudo</tag>
<status status="PASS" start="2024-03-21T19:13:06.295112" elapsed="0.089534"/>
</test>
<status status="PASS" start="2024-03-21T19:13:05.423082" elapsed="0.963468"/>
</suite>
<status status="PASS" start="2024-03-21T19:13:05.409460" elapsed="0.982408"/>
</suite>
<statistics>
<total>
<stat pass="5" fail="0" skip="0">All Tests</stat>
</total>
<tag>
<stat pass="1" fail="0" skip="0">testeConteudo</stat>
<stat pass="1" fail="0" skip="0">testeEstruturaResposta</stat>
<stat pass="1" fail="0" skip="0">testeRequisicaoBasica</stat>
<stat pass="1" fail="0" skip="0">testeTiposDados</stat>
</tag>
<suite>
<stat pass="5" fail="0" skip="0" id="s1" name="Tests">Tests</stat>
<stat pass="5" fail="0" skip="0" id="s1-s1" name="Random-User-Test">Tests.Random-User-Test</stat>
</suite>
</statistics>
<errors>
</errors>
</robot>
