<?xml version="1.0" encoding="UTF-8"?>
<robot generator="Robot 7.0.1 (Python 3.12.3 on linux)" generated="2024-06-16T20:14:37.204367" rpa="false" schemaversion="5">
<suite id="s1" name="Tests" source="/home/runner/work/ApiRandomUser/ApiRandomUser/RamdonUser/tests">
<suite id="s1-s1" name="Random-User-Test" source="/home/runner/work/ApiRandomUser/ApiRandomUser/RamdonUser/tests/random-user-test.robot">
<test id="s1-s1-t1" name="Conectar" line="13">
<kw name="Conectar API" owner="random-user-service">
<kw name="Create Session" owner="RequestsLibrary">
<msg time="2024-06-16T20:14:37.601049" level="INFO">Creating Session using : alias=consultarAPI, url=https://randomuser.me/, headers={},                     cookies={}, auth=None, timeout=None, proxies=None, verify=False,                     debug=0 </msg>
<arg>consultarAPI</arg>
<arg>${URL}</arg>
<doc>Create Session: create a HTTP session to a server</doc>
<status status="PASS" start="2024-06-16T20:14:37.600850" elapsed="0.000369"/>
</kw>
<status status="PASS" start="2024-06-16T20:14:37.599840" elapsed="0.001727"/>
</kw>
<status status="PASS" start="2024-06-16T20:14:37.599338" elapsed="0.002421"/>
</test>
<test id="s1-s1-t2" name="Validar retorno 200 e JSON Válido" line="16">
<kw name="Teste de Requisicao Basica" owner="random-user-service">
<kw name="GET On Session" owner="RequestsLibrary">
<msg time="2024-06-16T20:14:37.784677" level="INFO">GET Request : url=https://randomuser.me/api 
 path_url=/api 
 headers={'User-Agent': 'python-requests/2.32.3', 'Accept-Encoding': 'gzip, deflate', 'Accept': '*/*', 'Connection': 'keep-alive'} 
 body=None 
 </msg>
<msg time="2024-06-16T20:14:37.784803" level="INFO">GET Response : url=https://randomuser.me/api 
 status=200, reason=OK 
 headers={'Date': 'Sun, 16 Jun 2024 20:14:37 GMT', 'Content-Type': 'application/json; charset=utf-8', 'Transfer-Encoding': 'chunked', 'Connection': 'keep-alive', 'X-Powered-By': 'Express', 'Access-Control-Allow-Origin': '*', 'Cache-Control': 'no-cache', 'ETag': 'W/"495-o/sWkr3mxRg2Gyz9KzUoLa0JKVI"', 'Vary': 'Accept-Encoding', 'Content-Encoding': 'gzip', 'CF-Cache-Status': 'DYNAMIC', 'Report-To': '{"endpoints":[{"url":"https:\\/\\/a.nel.cloudflare.com\\/report\\/v4?s=cPmochghNp3U%2BBxRmCmitvFFo8bMeAOHs482F3n8U267J%2FAZiEAap%2BlB4AGttpRY26yQMyKXF3TthzZvw4aInkELYpanNu2vo54EpTQ26JHvHMhSa7EWE0SINp%2FCxnEb"}],"group":"cf-nel","max_age":604800}', 'NEL': '{"success_fraction":0,"report_to":"cf-nel","max_age":604800}', 'Server': 'cloudflare', 'CF-RAY': '894d779dfb6958c0-IAD', 'alt-svc': 'h3=":443"; ma=86400'} 
 body={"results":[{"gender":"female","name":{"title":"Miss","first":"Prajna","last":"Almeida"},"location":{"street":{"number":9037,"name":"Kazimar St"},"city":"Mirzapur","state":"Puducherry","country":"India","postcode":90386,"coordinates":{"latitude":"8.5305","longitude":"159.9490"},"timezone":{"offset":"+10:00","description":"Eastern Australia, Guam, Vladivostok"}},"email":"prajna.almeida@example.com","login":{"uuid":"803fe69c-ec8c-4fcc-8554-f90d21a667ee","username":"crazywolf622","password":"fishhead","salt":"VHW7VVbu","md5":"27840f43d113233aa4db3cb2f6b31448","sha1":"9f6d27640573bfafa59e315701e2e78cc6611f3e","sha256":"0f7b1a271eab3964b844156f2338f4ccbaeaa64c44a49c82d978f180cf7f299d"},"dob":{"date":"1945-03-11T22:33:19.294Z","age":79},"registered":{"date":"2019-01-10T14:36:05.778Z","age":5},"phone":"7644489998","cell":"7536658624","id":{"name":"UIDAI","value":"318661196568"},"picture":{"large":"https://randomuser.me/api/portraits/women/12.jpg","medium":"https://randomuser.me/api/portraits/med/women/12.jpg","thumbnail":"https://randomuser.me/api/portraits/thumb/women/12.jpg"},"nat":"IN"}],"info":{"seed":"3974517bac7ca322","results":1,"page":1,"version":"1.4"}} 
 </msg>
<msg time="2024-06-16T20:14:37.784886" level="INFO">/opt/hostedtoolcache/Python/3.12.3/x64/lib/python3.12/site-packages/urllib3/connectionpool.py:1103: InsecureRequestWarning: Unverified HTTPS request is being made to host 'randomuser.me'. Adding certificate verification is strongly advised. See: https://urllib3.readthedocs.io/en/latest/advanced-usage.html#tls-warnings
  warnings.warn(</msg>
<msg time="2024-06-16T20:14:37.785039" level="INFO">${response} = &lt;Response [200]&gt;</msg>
<var>${response}</var>
<arg>consultarAPI</arg>
<arg>/api</arg>
<doc>Sends a GET request on a previously created HTTP Session.</doc>
<status status="PASS" start="2024-06-16T20:14:37.604439" elapsed="0.180651"/>
</kw>
<kw name="Should Be Equal As Numbers" owner="BuiltIn">
<msg time="2024-06-16T20:14:37.785923" level="INFO">Argument types are:
&lt;class 'int'&gt;
&lt;class 'str'&gt;</msg>
<arg>${response.status_code}</arg>
<arg>200</arg>
<doc>Fails if objects are unequal after converting them to real numbers.</doc>
<status status="PASS" start="2024-06-16T20:14:37.785513" elapsed="0.000488"/>
</kw>
<kw name="Log" owner="BuiltIn">
<msg time="2024-06-16T20:14:37.786687" level="INFO">200</msg>
<arg>${response.status_code}</arg>
<doc>Logs the given message with the given level.</doc>
<status status="PASS" start="2024-06-16T20:14:37.786346" elapsed="0.000389"/>
</kw>
<kw name="Set Variable" owner="BuiltIn">
<msg time="2024-06-16T20:14:37.787507" level="INFO">${json_data} = {'results': [{'gender': 'female', 'name': {'title': 'Miss', 'first': 'Prajna', 'last': 'Almeida'}, 'location': {'street': {'number': 9037, 'name': 'Kazimar St'}, 'city': 'Mirzapur', 'state': 'Puducher...</msg>
<var>${json_data}</var>
<arg>${response.json()}</arg>
<doc>Returns the given values which can then be assigned to a variables.</doc>
<status status="PASS" start="2024-06-16T20:14:37.787083" elapsed="0.000452"/>
</kw>
<kw name="Dictionary Should Contain Key" owner="Collections">
<arg>${json_data}</arg>
<arg>results</arg>
<doc>Fails if ``key`` is not found from ``dictionary``.</doc>
<status status="PASS" start="2024-06-16T20:14:37.787834" elapsed="0.000168"/>
</kw>
<status status="PASS" start="2024-06-16T20:14:37.604202" elapsed="0.183946"/>
</kw>
<doc>Testa se a API responde corretamente e retorna um objeto JSON válido.</doc>
<tag>testeRequisicaoBasica</tag>
<status status="PASS" start="2024-06-16T20:14:37.603668" elapsed="0.184643"/>
</test>
<test id="s1-s1-t3" name="Validar estrutura de resposta" line="22">
<kw name="Teste de Estrutura de Resposta" owner="random-user-service">
<kw name="GET On Session" owner="RequestsLibrary">
<msg time="2024-06-16T20:14:37.898130" level="INFO">GET Request : url=https://randomuser.me/api 
 path_url=/api 
 headers={'User-Agent': 'python-requests/2.32.3', 'Accept-Encoding': 'gzip, deflate', 'Accept': '*/*', 'Connection': 'keep-alive'} 
 body=None 
 </msg>
<msg time="2024-06-16T20:14:37.898240" level="INFO">GET Response : url=https://randomuser.me/api 
 status=200, reason=OK 
 headers={'Date': 'Sun, 16 Jun 2024 20:14:37 GMT', 'Content-Type': 'application/json; charset=utf-8', 'Transfer-Encoding': 'chunked', 'Connection': 'keep-alive', 'X-Powered-By': 'Express', 'Access-Control-Allow-Origin': '*', 'Cache-Control': 'no-cache', 'ETag': 'W/"47c-rrwHVgw1tr/5GACSm9PTmqVfyJU"', 'Vary': 'Accept-Encoding', 'Content-Encoding': 'gzip', 'CF-Cache-Status': 'DYNAMIC', 'Report-To': '{"endpoints":[{"url":"https:\\/\\/a.nel.cloudflare.com\\/report\\/v4?s=IL%2BgL%2FzBTg3Q%2BQ%2FMX4AIFDCbRtoGNbDK6TOONG69fIyHS5Yny2c0GeFRfrN4dAdIjPjUowrAJUP%2FevmgB6CGzDYjpIi%2BnlsB9HjRJ4tz91z2vNWy21lUfn4LASaad%2B8V"}],"group":"cf-nel","max_age":604800}', 'NEL': '{"success_fraction":0,"report_to":"cf-nel","max_age":604800}', 'Server': 'cloudflare', 'CF-RAY': '894d779e3be158c0-IAD', 'alt-svc': 'h3=":443"; ma=86400'} 
 body={"results":[{"gender":"male","name":{"title":"Mr","first":"Florian","last":"Breier"},"location":{"street":{"number":659,"name":"Kiefernweg"},"city":"Esens","state":"Nordrhein-Westfalen","country":"Germany","postcode":42193,"coordinates":{"latitude":"-52.2886","longitude":"-128.2584"},"timezone":{"offset":"-9:00","description":"Alaska"}},"email":"florian.breier@example.com","login":{"uuid":"41117395-cf0c-4130-9940-47c4f0563be4","username":"crazybear335","password":"motorola","salt":"V0cWepcL","md5":"b2e3d74e272c0549d68055cd108bf293","sha1":"189545819ba10b7ebc25461753f81cd00bf81f7c","sha256":"826c5a98e86a379351ed3a0925deb47c17a0bb305817e96f5ad57e6881426751"},"dob":{"date":"1971-12-09T00:12:03.483Z","age":52},"registered":{"date":"2018-07-18T02:14:30.602Z","age":5},"phone":"0903-3279254","cell":"0172-9586066","id":{"name":"SVNR","value":"74 081271 B 468"},"picture":{"large":"https://randomuser.me/api/portraits/men/25.jpg","medium":"https://randomuser.me/api/portraits/med/men/25.jpg","thumbnail":"https://randomuser.me/api/portraits/thumb/men/25.jpg"},"nat":"DE"}],"info":{"seed":"2977317f24a72f6b","results":1,"page":1,"version":"1.4"}} 
 </msg>
<msg time="2024-06-16T20:14:37.898407" level="INFO">/opt/hostedtoolcache/Python/3.12.3/x64/lib/python3.12/site-packages/urllib3/connectionpool.py:1103: InsecureRequestWarning: Unverified HTTPS request is being made to host 'randomuser.me'. Adding certificate verification is strongly advised. See: https://urllib3.readthedocs.io/en/latest/advanced-usage.html#tls-warnings
  warnings.warn(</msg>
<msg time="2024-06-16T20:14:37.898568" level="INFO">${response} = &lt;Response [200]&gt;</msg>
<var>${response}</var>
<arg>consultarAPI</arg>
<arg>/api</arg>
<doc>Sends a GET request on a previously created HTTP Session.</doc>
<status status="PASS" start="2024-06-16T20:14:37.791179" elapsed="0.107432"/>
</kw>
<kw name="Set Variable" owner="BuiltIn">
<msg time="2024-06-16T20:14:37.899656" level="INFO">${json_data} = {'results': [{'gender': 'male', 'name': {'title': 'Mr', 'first': 'Florian', 'last': 'Breier'}, 'location': {'street': {'number': 659, 'name': 'Kiefernweg'}, 'city': 'Esens', 'state': 'Nordrhein-Westfa...</msg>
<var>${json_data}</var>
<arg>${response.json()}</arg>
<doc>Returns the given values which can then be assigned to a variables.</doc>
<status status="PASS" start="2024-06-16T20:14:37.899140" elapsed="0.000556"/>
</kw>
<kw name="Log" owner="BuiltIn">
<msg time="2024-06-16T20:14:37.900210" level="INFO">{'results': [{'gender': 'male', 'name': {'title': 'Mr', 'first': 'Florian', 'last': 'Breier'}, 'location': {'street': {'number': 659, 'name': 'Kiefernweg'}, 'city': 'Esens', 'state': 'Nordrhein-Westfalen', 'country': 'Germany', 'postcode': 42193, 'coordinates': {'latitude': '-52.2886', 'longitude': '-128.2584'}, 'timezone': {'offset': '-9:00', 'description': 'Alaska'}}, 'email': 'florian.breier@example.com', 'login': {'uuid': '41117395-cf0c-4130-9940-47c4f0563be4', 'username': 'crazybear335', 'password': 'motorola', 'salt': 'V0cWepcL', 'md5': 'b2e3d74e272c0549d68055cd108bf293', 'sha1': '189545819ba10b7ebc25461753f81cd00bf81f7c', 'sha256': '826c5a98e86a379351ed3a0925deb47c17a0bb305817e96f5ad57e6881426751'}, 'dob': {'date': '1971-12-09T00:12:03.483Z', 'age': 52}, 'registered': {'date': '2018-07-18T02:14:30.602Z', 'age': 5}, 'phone': '0903-3279254', 'cell': '0172-9586066', 'id': {'name': 'SVNR', 'value': '74 081271 B 468'}, 'picture': {'large': 'https://randomuser.me/api/portraits/men/25.jpg', 'medium': 'https://randomuser.me/api/portraits/med/men/25.jpg', 'thumbnail': 'https://randomuser.me/api/portraits/thumb/men/25.jpg'}, 'nat': 'DE'}], 'info': {'seed': '2977317f24a72f6b', 'results': 1, 'page': 1, 'version': '1.4'}}</msg>
<arg>${json_data}</arg>
<doc>Logs the given message with the given level.</doc>
<status status="PASS" start="2024-06-16T20:14:37.900043" elapsed="0.000217"/>
</kw>
<kw name="Dictionary Should Contain Key" owner="Collections">
<arg>${json_data}</arg>
<arg>results</arg>
<doc>Fails if ``key`` is not found from ``dictionary``.</doc>
<status status="PASS" start="2024-06-16T20:14:37.900560" elapsed="0.000166"/>
</kw>
<kw name="Should Not Be Empty" owner="BuiltIn">
<msg time="2024-06-16T20:14:37.901042" level="INFO">Length is 2.</msg>
<arg>${json_data}</arg>
<doc>Verifies that the given item is not empty.</doc>
<status status="PASS" start="2024-06-16T20:14:37.900915" elapsed="0.000165"/>
</kw>
<kw name="Create List" owner="BuiltIn">
<msg time="2024-06-16T20:14:37.901527" level="INFO">${expected_keys} = ['gender', 'name', 'location', 'email', 'login']</msg>
<var>${expected_keys}</var>
<arg>gender</arg>
<arg>name</arg>
<arg>location</arg>
<arg>email</arg>
<arg>login</arg>
<doc>Returns a list containing given items.</doc>
<status status="PASS" start="2024-06-16T20:14:37.901369" elapsed="0.000181"/>
</kw>
<for flavor="IN">
<iter>
<kw name="Dictionary Should Contain Key" owner="Collections">
<arg>${json_data['results'][0]}</arg>
<arg>${key}</arg>
<doc>Fails if ``key`` is not found from ``dictionary``.</doc>
<status status="PASS" start="2024-06-16T20:14:37.902147" elapsed="0.000411"/>
</kw>
<kw name="Log" owner="BuiltIn">
<msg time="2024-06-16T20:14:37.903154" level="INFO">{'gender': 'male', 'name': {'title': 'Mr', 'first': 'Florian', 'last': 'Breier'}, 'location': {'street': {'number': 659, 'name': 'Kiefernweg'}, 'city': 'Esens', 'state': 'Nordrhein-Westfalen', 'country': 'Germany', 'postcode': 42193, 'coordinates': {'latitude': '-52.2886', 'longitude': '-128.2584'}, 'timezone': {'offset': '-9:00', 'description': 'Alaska'}}, 'email': 'florian.breier@example.com', 'login': {'uuid': '41117395-cf0c-4130-9940-47c4f0563be4', 'username': 'crazybear335', 'password': 'motorola', 'salt': 'V0cWepcL', 'md5': 'b2e3d74e272c0549d68055cd108bf293', 'sha1': '189545819ba10b7ebc25461753f81cd00bf81f7c', 'sha256': '826c5a98e86a379351ed3a0925deb47c17a0bb305817e96f5ad57e6881426751'}, 'dob': {'date': '1971-12-09T00:12:03.483Z', 'age': 52}, 'registered': {'date': '2018-07-18T02:14:30.602Z', 'age': 5}, 'phone': '0903-3279254', 'cell': '0172-9586066', 'id': {'name': 'SVNR', 'value': '74 081271 B 468'}, 'picture': {'large': 'https://randomuser.me/api/portraits/men/25.jpg', 'medium': 'https://randomuser.me/api/portraits/med/men/25.jpg', 'thumbnail': 'https://randomuser.me/api/portraits/thumb/men/25.jpg'}, 'nat': 'DE'}</msg>
<arg>${json_data['results'][0]}</arg>
<doc>Logs the given message with the given level.</doc>
<status status="PASS" start="2024-06-16T20:14:37.902757" elapsed="0.000446"/>
</kw>
<kw name="Log" owner="BuiltIn">
<msg time="2024-06-16T20:14:37.903630" level="INFO">gender</msg>
<arg>${key}</arg>
<doc>Logs the given message with the given level.</doc>
<status status="PASS" start="2024-06-16T20:14:37.903503" elapsed="0.000167"/>
</kw>
<var name="${key}">gender</var>
<status status="PASS" start="2024-06-16T20:14:37.902015" elapsed="0.001885"/>
</iter>
<iter>
<kw name="Dictionary Should Contain Key" owner="Collections">
<arg>${json_data['results'][0]}</arg>
<arg>${key}</arg>
<doc>Fails if ``key`` is not found from ``dictionary``.</doc>
<status status="PASS" start="2024-06-16T20:14:37.904210" elapsed="0.000391"/>
</kw>
<kw name="Log" owner="BuiltIn">
<msg time="2024-06-16T20:14:37.905137" level="INFO">{'gender': 'male', 'name': {'title': 'Mr', 'first': 'Florian', 'last': 'Breier'}, 'location': {'street': {'number': 659, 'name': 'Kiefernweg'}, 'city': 'Esens', 'state': 'Nordrhein-Westfalen', 'country': 'Germany', 'postcode': 42193, 'coordinates': {'latitude': '-52.2886', 'longitude': '-128.2584'}, 'timezone': {'offset': '-9:00', 'description': 'Alaska'}}, 'email': 'florian.breier@example.com', 'login': {'uuid': '41117395-cf0c-4130-9940-47c4f0563be4', 'username': 'crazybear335', 'password': 'motorola', 'salt': 'V0cWepcL', 'md5': 'b2e3d74e272c0549d68055cd108bf293', 'sha1': '189545819ba10b7ebc25461753f81cd00bf81f7c', 'sha256': '826c5a98e86a379351ed3a0925deb47c17a0bb305817e96f5ad57e6881426751'}, 'dob': {'date': '1971-12-09T00:12:03.483Z', 'age': 52}, 'registered': {'date': '2018-07-18T02:14:30.602Z', 'age': 5}, 'phone': '0903-3279254', 'cell': '0172-9586066', 'id': {'name': 'SVNR', 'value': '74 081271 B 468'}, 'picture': {'large': 'https://randomuser.me/api/portraits/men/25.jpg', 'medium': 'https://randomuser.me/api/portraits/med/men/25.jpg', 'thumbnail': 'https://randomuser.me/api/portraits/thumb/men/25.jpg'}, 'nat': 'DE'}</msg>
<arg>${json_data['results'][0]}</arg>
<doc>Logs the given message with the given level.</doc>
<status status="PASS" start="2024-06-16T20:14:37.904787" elapsed="0.000429"/>
</kw>
<kw name="Log" owner="BuiltIn">
<msg time="2024-06-16T20:14:37.905650" level="INFO">name</msg>
<arg>${key}</arg>
<doc>Logs the given message with the given level.</doc>
<status status="PASS" start="2024-06-16T20:14:37.905515" elapsed="0.000174"/>
</kw>
<var name="${key}">name</var>
<status status="PASS" start="2024-06-16T20:14:37.904095" elapsed="0.001813"/>
</iter>
<iter>
<kw name="Dictionary Should Contain Key" owner="Collections">
<arg>${json_data['results'][0]}</arg>
<arg>${key}</arg>
<doc>Fails if ``key`` is not found from ``dictionary``.</doc>
<status status="PASS" start="2024-06-16T20:14:37.906197" elapsed="0.000379"/>
</kw>
<kw name="Log" owner="BuiltIn">
<msg time="2024-06-16T20:14:37.907162" level="INFO">{'gender': 'male', 'name': {'title': 'Mr', 'first': 'Florian', 'last': 'Breier'}, 'location': {'street': {'number': 659, 'name': 'Kiefernweg'}, 'city': 'Esens', 'state': 'Nordrhein-Westfalen', 'country': 'Germany', 'postcode': 42193, 'coordinates': {'latitude': '-52.2886', 'longitude': '-128.2584'}, 'timezone': {'offset': '-9:00', 'description': 'Alaska'}}, 'email': 'florian.breier@example.com', 'login': {'uuid': '41117395-cf0c-4130-9940-47c4f0563be4', 'username': 'crazybear335', 'password': 'motorola', 'salt': 'V0cWepcL', 'md5': 'b2e3d74e272c0549d68055cd108bf293', 'sha1': '189545819ba10b7ebc25461753f81cd00bf81f7c', 'sha256': '826c5a98e86a379351ed3a0925deb47c17a0bb305817e96f5ad57e6881426751'}, 'dob': {'date': '1971-12-09T00:12:03.483Z', 'age': 52}, 'registered': {'date': '2018-07-18T02:14:30.602Z', 'age': 5}, 'phone': '0903-3279254', 'cell': '0172-9586066', 'id': {'name': 'SVNR', 'value': '74 081271 B 468'}, 'picture': {'large': 'https://randomuser.me/api/portraits/men/25.jpg', 'medium': 'https://randomuser.me/api/portraits/med/men/25.jpg', 'thumbnail': 'https://randomuser.me/api/portraits/thumb/men/25.jpg'}, 'nat': 'DE'}</msg>
<arg>${json_data['results'][0]}</arg>
<doc>Logs the given message with the given level.</doc>
<status status="PASS" start="2024-06-16T20:14:37.906765" elapsed="0.000445"/>
</kw>
<kw name="Log" owner="BuiltIn">
<msg time="2024-06-16T20:14:37.907635" level="INFO">location</msg>
<arg>${key}</arg>
<doc>Logs the given message with the given level.</doc>
<status status="PASS" start="2024-06-16T20:14:37.907507" elapsed="0.000166"/>
</kw>
<var name="${key}">location</var>
<status status="PASS" start="2024-06-16T20:14:37.906088" elapsed="0.001806"/>
</iter>
<iter>
<kw name="Dictionary Should Contain Key" owner="Collections">
<arg>${json_data['results'][0]}</arg>
<arg>${key}</arg>
<doc>Fails if ``key`` is not found from ``dictionary``.</doc>
<status status="PASS" start="2024-06-16T20:14:37.908177" elapsed="0.000386"/>
</kw>
<kw name="Log" owner="BuiltIn">
<msg time="2024-06-16T20:14:37.909102" level="INFO">{'gender': 'male', 'name': {'title': 'Mr', 'first': 'Florian', 'last': 'Breier'}, 'location': {'street': {'number': 659, 'name': 'Kiefernweg'}, 'city': 'Esens', 'state': 'Nordrhein-Westfalen', 'country': 'Germany', 'postcode': 42193, 'coordinates': {'latitude': '-52.2886', 'longitude': '-128.2584'}, 'timezone': {'offset': '-9:00', 'description': 'Alaska'}}, 'email': 'florian.breier@example.com', 'login': {'uuid': '41117395-cf0c-4130-9940-47c4f0563be4', 'username': 'crazybear335', 'password': 'motorola', 'salt': 'V0cWepcL', 'md5': 'b2e3d74e272c0549d68055cd108bf293', 'sha1': '189545819ba10b7ebc25461753f81cd00bf81f7c', 'sha256': '826c5a98e86a379351ed3a0925deb47c17a0bb305817e96f5ad57e6881426751'}, 'dob': {'date': '1971-12-09T00:12:03.483Z', 'age': 52}, 'registered': {'date': '2018-07-18T02:14:30.602Z', 'age': 5}, 'phone': '0903-3279254', 'cell': '0172-9586066', 'id': {'name': 'SVNR', 'value': '74 081271 B 468'}, 'picture': {'large': 'https://randomuser.me/api/portraits/men/25.jpg', 'medium': 'https://randomuser.me/api/portraits/med/men/25.jpg', 'thumbnail': 'https://randomuser.me/api/portraits/thumb/men/25.jpg'}, 'nat': 'DE'}</msg>
<arg>${json_data['results'][0]}</arg>
<doc>Logs the given message with the given level.</doc>
<status status="PASS" start="2024-06-16T20:14:37.908747" elapsed="0.000405"/>
</kw>
<kw name="Log" owner="BuiltIn">
<msg time="2024-06-16T20:14:37.909583" level="INFO">email</msg>
<arg>${key}</arg>
<doc>Logs the given message with the given level.</doc>
<status status="PASS" start="2024-06-16T20:14:37.909452" elapsed="0.000170"/>
</kw>
<var name="${key}">email</var>
<status status="PASS" start="2024-06-16T20:14:37.908069" elapsed="0.001768"/>
</iter>
<iter>
<kw name="Dictionary Should Contain Key" owner="Collections">
<arg>${json_data['results'][0]}</arg>
<arg>${key}</arg>
<doc>Fails if ``key`` is not found from ``dictionary``.</doc>
<status status="PASS" start="2024-06-16T20:14:37.910117" elapsed="0.000373"/>
</kw>
<kw name="Log" owner="BuiltIn">
<msg time="2024-06-16T20:14:37.911058" level="INFO">{'gender': 'male', 'name': {'title': 'Mr', 'first': 'Florian', 'last': 'Breier'}, 'location': {'street': {'number': 659, 'name': 'Kiefernweg'}, 'city': 'Esens', 'state': 'Nordrhein-Westfalen', 'country': 'Germany', 'postcode': 42193, 'coordinates': {'latitude': '-52.2886', 'longitude': '-128.2584'}, 'timezone': {'offset': '-9:00', 'description': 'Alaska'}}, 'email': 'florian.breier@example.com', 'login': {'uuid': '41117395-cf0c-4130-9940-47c4f0563be4', 'username': 'crazybear335', 'password': 'motorola', 'salt': 'V0cWepcL', 'md5': 'b2e3d74e272c0549d68055cd108bf293', 'sha1': '189545819ba10b7ebc25461753f81cd00bf81f7c', 'sha256': '826c5a98e86a379351ed3a0925deb47c17a0bb305817e96f5ad57e6881426751'}, 'dob': {'date': '1971-12-09T00:12:03.483Z', 'age': 52}, 'registered': {'date': '2018-07-18T02:14:30.602Z', 'age': 5}, 'phone': '0903-3279254', 'cell': '0172-9586066', 'id': {'name': 'SVNR', 'value': '74 081271 B 468'}, 'picture': {'large': 'https://randomuser.me/api/portraits/men/25.jpg', 'medium': 'https://randomuser.me/api/portraits/med/men/25.jpg', 'thumbnail': 'https://randomuser.me/api/portraits/thumb/men/25.jpg'}, 'nat': 'DE'}</msg>
<arg>${json_data['results'][0]}</arg>
<doc>Logs the given message with the given level.</doc>
<status status="PASS" start="2024-06-16T20:14:37.910677" elapsed="0.000440"/>
</kw>
<kw name="Log" owner="BuiltIn">
<msg time="2024-06-16T20:14:37.911650" level="INFO">login</msg>
<arg>${key}</arg>
<doc>Logs the given message with the given level.</doc>
<status status="PASS" start="2024-06-16T20:14:37.911412" elapsed="0.000278"/>
</kw>
<var name="${key}">login</var>
<status status="PASS" start="2024-06-16T20:14:37.910009" elapsed="0.001899"/>
</iter>
<var>${key}</var>
<value>@{expected_keys}</value>
<status status="PASS" start="2024-06-16T20:14:37.901812" elapsed="0.010218"/>
</for>
<kw name="Create List" owner="BuiltIn">
<msg time="2024-06-16T20:14:37.912363" level="INFO">${expected_keysTwo} = ['username', 'password']</msg>
<var>${expected_keysTwo}</var>
<arg>username</arg>
<arg>password</arg>
<doc>Returns a list containing given items.</doc>
<status status="PASS" start="2024-06-16T20:14:37.912227" elapsed="0.000160"/>
</kw>
<for flavor="IN">
<iter>
<kw name="Dictionary Should Contain Key" owner="Collections">
<arg>${json_data['results'][0]['login']}</arg>
<arg>${keyTwo}</arg>
<doc>Fails if ``key`` is not found from ``dictionary``.</doc>
<status status="PASS" start="2024-06-16T20:14:37.912922" elapsed="0.000384"/>
</kw>
<kw name="Dictionary Should Contain Key" owner="Collections">
<arg>${json_data['results'][0]['login']}</arg>
<arg>${keyTwo}</arg>
<doc>Fails if ``key`` is not found from ``dictionary``.</doc>
<status status="PASS" start="2024-06-16T20:14:37.913489" elapsed="0.000374"/>
</kw>
<kw name="Log" owner="BuiltIn">
<msg time="2024-06-16T20:14:37.914162" level="INFO">username</msg>
<arg>${keyTwo}</arg>
<doc>Logs the given message with the given level.</doc>
<status status="PASS" start="2024-06-16T20:14:37.914042" elapsed="0.000157"/>
</kw>
<var name="${keyTwo}">username</var>
<status status="PASS" start="2024-06-16T20:14:37.912816" elapsed="0.001604"/>
</iter>
<iter>
<kw name="Dictionary Should Contain Key" owner="Collections">
<arg>${json_data['results'][0]['login']}</arg>
<arg>${keyTwo}</arg>
<doc>Fails if ``key`` is not found from ``dictionary``.</doc>
<status status="PASS" start="2024-06-16T20:14:37.914707" elapsed="0.000414"/>
</kw>
<kw name="Dictionary Should Contain Key" owner="Collections">
<arg>${json_data['results'][0]['login']}</arg>
<arg>${keyTwo}</arg>
<doc>Fails if ``key`` is not found from ``dictionary``.</doc>
<status status="PASS" start="2024-06-16T20:14:37.915306" elapsed="0.000369"/>
</kw>
<kw name="Log" owner="BuiltIn">
<msg time="2024-06-16T20:14:37.915976" level="INFO">password</msg>
<arg>${keyTwo}</arg>
<doc>Logs the given message with the given level.</doc>
<status status="PASS" start="2024-06-16T20:14:37.915855" elapsed="0.000158"/>
</kw>
<var name="${keyTwo}">password</var>
<status status="PASS" start="2024-06-16T20:14:37.914600" elapsed="0.001640"/>
</iter>
<var>${keyTwo}</var>
<value>@{expected_keysTwo}</value>
<status status="PASS" start="2024-06-16T20:14:37.912661" elapsed="0.003703"/>
</for>
<status status="PASS" start="2024-06-16T20:14:37.790902" elapsed="0.125614"/>
</kw>
<doc>Testa a estrutura da resposta da API.</doc>
<tag>testeEstruturaResposta</tag>
<status status="PASS" start="2024-06-16T20:14:37.790126" elapsed="0.126550"/>
</test>
<test id="s1-s1-t4" name="Validar tipos de dados" line="28">
<kw name="Teste de Tipos de Dados" owner="random-user-service">
<kw name="GET On Session" owner="RequestsLibrary">
<msg time="2024-06-16T20:14:37.986725" level="INFO">GET Request : url=https://randomuser.me/api 
 path_url=/api 
 headers={'User-Agent': 'python-requests/2.32.3', 'Accept-Encoding': 'gzip, deflate', 'Accept': '*/*', 'Connection': 'keep-alive'} 
 body=None 
 </msg>
<msg time="2024-06-16T20:14:37.986787" level="INFO">GET Response : url=https://randomuser.me/api 
 status=200, reason=OK 
 headers={'Date': 'Sun, 16 Jun 2024 20:14:37 GMT', 'Content-Type': 'application/json; charset=utf-8', 'Transfer-Encoding': 'chunked', 'Connection': 'keep-alive', 'X-Powered-By': 'Express', 'Access-Control-Allow-Origin': '*', 'Cache-Control': 'no-cache', 'ETag': 'W/"480-8Ly+RMIkoOFd5n3DycvOnpVZEt8"', 'Vary': 'Accept-Encoding', 'Content-Encoding': 'gzip', 'CF-Cache-Status': 'DYNAMIC', 'Report-To': '{"endpoints":[{"url":"https:\\/\\/a.nel.cloudflare.com\\/report\\/v4?s=uK3G2Kb7UmHj37%2BjorD7GfN1%2B0so5%2B9%2BvZBrRM8k6zGMFcbOirSapGs32f0Rkm6l%2FqNMVNlQz8C%2FxxNDssWcpMaHjy7W9lkLebJQ7Q8FLSxlYIcCd8Chz2dTPAvGdS6U"}],"group":"cf-nel","max_age":604800}', 'NEL': '{"success_fraction":0,"report_to":"cf-nel","max_age":604800}', 'Server': 'cloudflare', 'CF-RAY': '894d779f0cc458c0-IAD', 'alt-svc': 'h3=":443"; ma=86400'} 
 body={"results":[{"gender":"male","name":{"title":"Mr","first":"Ryan","last":"Davis"},"location":{"street":{"number":6538,"name":"School Lane"},"city":"Kildare","state":"Westmeath","country":"Ireland","postcode":72929,"coordinates":{"latitude":"0.9629","longitude":"-179.2959"},"timezone":{"offset":"+8:00","description":"Beijing, Perth, Singapore, Hong Kong"}},"email":"ryan.davis@example.com","login":{"uuid":"d3dab7eb-b958-45e2-841f-6ab676faff9b","username":"bigzebra443","password":"curious","salt":"RJvFv4jr","md5":"a9d6f7a11edd3c5e0bc2e7a8bfb23e91","sha1":"b033ad8a481aae16667570f1d6e26cbfb5f530e8","sha256":"2e7d2a66212313742e7a06b88dac9cff12b0326d1ad5b513dc00f1b833e7febd"},"dob":{"date":"1981-11-28T18:24:03.180Z","age":42},"registered":{"date":"2017-04-10T12:15:23.444Z","age":7},"phone":"041-396-9957","cell":"081-715-2197","id":{"name":"PPS","value":"7293128T"},"picture":{"large":"https://randomuser.me/api/portraits/men/39.jpg","medium":"https://randomuser.me/api/portraits/med/men/39.jpg","thumbnail":"https://randomuser.me/api/portraits/thumb/men/39.jpg"},"nat":"IE"}],"info":{"seed":"902febadbbb7f24a","results":1,"page":1,"version":"1.4"}} 
 </msg>
<msg time="2024-06-16T20:14:37.986844" level="INFO">/opt/hostedtoolcache/Python/3.12.3/x64/lib/python3.12/site-packages/urllib3/connectionpool.py:1103: InsecureRequestWarning: Unverified HTTPS request is being made to host 'randomuser.me'. Adding certificate verification is strongly advised. See: https://urllib3.readthedocs.io/en/latest/advanced-usage.html#tls-warnings
  warnings.warn(</msg>
<msg time="2024-06-16T20:14:37.986946" level="INFO">${response} = &lt;Response [200]&gt;</msg>
<var>${response}</var>
<arg>consultarAPI</arg>
<arg>/api</arg>
<doc>Sends a GET request on a previously created HTTP Session.</doc>
<status status="PASS" start="2024-06-16T20:14:37.919277" elapsed="0.067726"/>
</kw>
<kw name="Set Variable" owner="BuiltIn">
<msg time="2024-06-16T20:14:37.987831" level="INFO">${json_data} = {'results': [{'gender': 'male', 'name': {'title': 'Mr', 'first': 'Ryan', 'last': 'Davis'}, 'location': {'street': {'number': 6538, 'name': 'School Lane'}, 'city': 'Kildare', 'state': 'Westmeath', 'cou...</msg>
<var>${json_data}</var>
<arg>${response.json()}</arg>
<doc>Returns the given values which can then be assigned to a variables.</doc>
<status status="PASS" start="2024-06-16T20:14:37.987394" elapsed="0.000465"/>
</kw>
<kw name="Log" owner="BuiltIn">
<msg time="2024-06-16T20:14:37.988310" level="INFO">{'results': [{'gender': 'male', 'name': {'title': 'Mr', 'first': 'Ryan', 'last': 'Davis'}, 'location': {'street': {'number': 6538, 'name': 'School Lane'}, 'city': 'Kildare', 'state': 'Westmeath', 'country': 'Ireland', 'postcode': 72929, 'coordinates': {'latitude': '0.9629', 'longitude': '-179.2959'}, 'timezone': {'offset': '+8:00', 'description': 'Beijing, Perth, Singapore, Hong Kong'}}, 'email': 'ryan.davis@example.com', 'login': {'uuid': 'd3dab7eb-b958-45e2-841f-6ab676faff9b', 'username': 'bigzebra443', 'password': 'curious', 'salt': 'RJvFv4jr', 'md5': 'a9d6f7a11edd3c5e0bc2e7a8bfb23e91', 'sha1': 'b033ad8a481aae16667570f1d6e26cbfb5f530e8', 'sha256': '2e7d2a66212313742e7a06b88dac9cff12b0326d1ad5b513dc00f1b833e7febd'}, 'dob': {'date': '1981-11-28T18:24:03.180Z', 'age': 42}, 'registered': {'date': '2017-04-10T12:15:23.444Z', 'age': 7}, 'phone': '041-396-9957', 'cell': '081-715-2197', 'id': {'name': 'PPS', 'value': '7293128T'}, 'picture': {'large': 'https://randomuser.me/api/portraits/men/39.jpg', 'medium': 'https://randomuser.me/api/portraits/med/men/39.jpg', 'thumbnail': 'https://randomuser.me/api/portraits/thumb/men/39.jpg'}, 'nat': 'IE'}], 'info': {'seed': '902febadbbb7f24a', 'results': 1, 'page': 1, 'version': '1.4'}}</msg>
<arg>${json_data}</arg>
<doc>Logs the given message with the given level.</doc>
<status status="PASS" start="2024-06-16T20:14:37.988162" elapsed="0.000194"/>
</kw>
<kw name="Should Be String" owner="String">
<arg>${json_data['results'][0]['gender']}</arg>
<doc>Fails if the given ``item`` is not a string.</doc>
<status status="PASS" start="2024-06-16T20:14:37.988649" elapsed="0.000354"/>
</kw>
<kw name="Should Match Regexp" owner="BuiltIn">
<arg>${json_data['results'][0]['email']}</arg>
<arg>^[a-zA-Z0-9._%+-]+@[a-zA-Z0-9.-]+\.[a-zA-Z]{2,}$</arg>
<doc>Fails if ``string`` does not match ``pattern`` as a regular expression.</doc>
<status status="PASS" start="2024-06-16T20:14:37.989190" elapsed="0.000499"/>
</kw>
<kw name="Should Match Regexp" owner="BuiltIn">
<arg>${json_data['results'][0]['dob']['date']}</arg>
<arg>\\d{4}-\\d{2}-\\d{2}T\\d{2}:\\d{2}:\\d{2}\\.\\d{3}Z</arg>
<doc>Fails if ``string`` does not match ``pattern`` as a regular expression.</doc>
<status status="PASS" start="2024-06-16T20:14:37.989913" elapsed="0.000487"/>
</kw>
<kw name="Should Match Regexp" owner="BuiltIn">
<arg>${json_data['results'][0]['registered']['date']}</arg>
<arg>\\d{4}-\\d{2}-\\d{2}T\\d{2}:\\d{2}:\\d{2}\\.\\d{3}Z</arg>
<doc>Fails if ``string`` does not match ``pattern`` as a regular expression.</doc>
<status status="PASS" start="2024-06-16T20:14:37.990588" elapsed="0.000369"/>
</kw>
<kw name="Should Match Regexp" owner="BuiltIn">
<arg>${json_data['results'][0]['picture']['large']}</arg>
<arg>^https?://.*\.(?:png|jpe?g|gif|bmp)$</arg>
<doc>Fails if ``string`` does not match ``pattern`` as a regular expression.</doc>
<status status="PASS" start="2024-06-16T20:14:37.991192" elapsed="0.000456"/>
</kw>
<kw name="Should Match Regexp" owner="BuiltIn">
<arg>${json_data['results'][0]['picture']['medium']}</arg>
<arg>^https?://.*\.(?:png|jpe?g|gif|bmp)$</arg>
<doc>Fails if ``string`` does not match ``pattern`` as a regular expression.</doc>
<status status="PASS" start="2024-06-16T20:14:37.991838" elapsed="0.000347"/>
</kw>
<kw name="Should Match Regexp" owner="BuiltIn">
<arg>${json_data['results'][0]['picture']['thumbnail']}</arg>
<arg>^https?://.*\.(?:png|jpe?g|gif|bmp)$</arg>
<doc>Fails if ``string`` does not match ``pattern`` as a regular expression.</doc>
<status status="PASS" start="2024-06-16T20:14:37.992372" elapsed="0.000345"/>
</kw>
<kw name="Log" owner="BuiltIn">
<msg time="2024-06-16T20:14:37.993220" level="INFO">{'large': 'https://randomuser.me/api/portraits/men/39.jpg', 'medium': 'https://randomuser.me/api/portraits/med/men/39.jpg', 'thumbnail': 'https://randomuser.me/api/portraits/thumb/men/39.jpg'}</msg>
<arg>${json_data['results'][0]['picture']}</arg>
<doc>Logs the given message with the given level.</doc>
<status status="PASS" start="2024-06-16T20:14:37.992896" elapsed="0.000368"/>
</kw>
<status status="PASS" start="2024-06-16T20:14:37.919037" elapsed="0.074488"/>
</kw>
<kw name="Teste de Tipos de Dados - Postcode" owner="random-user-service">
<kw name="GET On Session" owner="RequestsLibrary">
<msg time="2024-06-16T20:14:38.078479" level="INFO">GET Request : url=https://randomuser.me/api 
 path_url=/api 
 headers={'User-Agent': 'python-requests/2.32.3', 'Accept-Encoding': 'gzip, deflate', 'Accept': '*/*', 'Connection': 'keep-alive'} 
 body=None 
 </msg>
<msg time="2024-06-16T20:14:38.078581" level="INFO">GET Response : url=https://randomuser.me/api 
 status=200, reason=OK 
 headers={'Date': 'Sun, 16 Jun 2024 20:14:38 GMT', 'Content-Type': 'application/json; charset=utf-8', 'Transfer-Encoding': 'chunked', 'Connection': 'keep-alive', 'X-Powered-By': 'Express', 'Access-Control-Allow-Origin': '*', 'Cache-Control': 'no-cache', 'ETag': 'W/"479-hdzqYoFYcGPd0JG7680JDepwUuo"', 'Vary': 'Accept-Encoding', 'Content-Encoding': 'gzip', 'CF-Cache-Status': 'DYNAMIC', 'Report-To': '{"endpoints":[{"url":"https:\\/\\/a.nel.cloudflare.com\\/report\\/v4?s=l6PqzS42xTMuivTGCH0zmE55iwM2QcVERDl772dJM7ZGwaLkSKO5fjY5v22fyIzz33BCiLU0feiZ5QiDgo8b5ZCx98YwjnM%2B2LSpuBsigk2jvKBkOUQaUHtD6Sbk1wNk"}],"group":"cf-nel","max_age":604800}', 'NEL': '{"success_fraction":0,"report_to":"cf-nel","max_age":604800}', 'Server': 'cloudflare', 'CF-RAY': '894d779f8d3958c0-IAD', 'alt-svc': 'h3=":443"; ma=86400'} 
 body={"results":[{"gender":"female","name":{"title":"Mrs","first":"Vildan","last":"Egeli"},"location":{"street":{"number":4429,"name":"Atatürk Sk"},"city":"Kocaeli","state":"Erzurum","country":"Turkey","postcode":58316,"coordinates":{"latitude":"71.5413","longitude":"93.0674"},"timezone":{"offset":"-1:00","description":"Azores, Cape Verde Islands"}},"email":"vildan.egeli@example.com","login":{"uuid":"f5667084-8766-4aef-8de3-29462a67631c","username":"browndog654","password":"union","salt":"DAzM58qZ","md5":"df73db61ce39cdbb91ffa2b37b96039e","sha1":"b2c93a72f298cd0d532c50a3f4bdc4a8bd29a5cc","sha256":"f31bd47b05a629e1f5dcf1b5db7b3a722c1839d4be202223d9cccbef3acd05c0"},"dob":{"date":"1960-02-23T22:22:17.958Z","age":64},"registered":{"date":"2010-03-10T02:54:56.509Z","age":14},"phone":"(634)-421-7130","cell":"(011)-289-5705","id":{"name":"","value":null},"picture":{"large":"https://randomuser.me/api/portraits/women/15.jpg","medium":"https://randomuser.me/api/portraits/med/women/15.jpg","thumbnail":"https://randomuser.me/api/portraits/thumb/women/15.jpg"},"nat":"TR"}],"info":{"seed":"a438bd84fa852ff1","results":1,"page":1,"version":"1.4"}} 
 </msg>
<msg time="2024-06-16T20:14:38.078685" level="INFO">/opt/hostedtoolcache/Python/3.12.3/x64/lib/python3.12/site-packages/urllib3/connectionpool.py:1103: InsecureRequestWarning: Unverified HTTPS request is being made to host 'randomuser.me'. Adding certificate verification is strongly advised. See: https://urllib3.readthedocs.io/en/latest/advanced-usage.html#tls-warnings
  warnings.warn(</msg>
<msg time="2024-06-16T20:14:38.078817" level="INFO">${response} = &lt;Response [200]&gt;</msg>
<var>${response}</var>
<arg>consultarAPI</arg>
<arg>/api</arg>
<doc>Sends a GET request on a previously created HTTP Session.</doc>
<status status="PASS" start="2024-06-16T20:14:37.993963" elapsed="0.084904"/>
</kw>
<kw name="Set Variable" owner="BuiltIn">
<msg time="2024-06-16T20:14:38.079848" level="INFO">${json_data} = {'results': [{'gender': 'female', 'name': {'title': 'Mrs', 'first': 'Vildan', 'last': 'Egeli'}, 'location': {'street': {'number': 4429, 'name': 'Atatürk Sk'}, 'city': 'Kocaeli', 'state': 'Erzurum', 'c...</msg>
<var>${json_data}</var>
<arg>${response.json()}</arg>
<doc>Returns the given values which can then be assigned to a variables.</doc>
<status status="PASS" start="2024-06-16T20:14:38.079360" elapsed="0.000520"/>
</kw>
<kw name="Log" owner="BuiltIn">
<msg time="2024-06-16T20:14:38.080365" level="INFO">{'results': [{'gender': 'female', 'name': {'title': 'Mrs', 'first': 'Vildan', 'last': 'Egeli'}, 'location': {'street': {'number': 4429, 'name': 'Atatürk Sk'}, 'city': 'Kocaeli', 'state': 'Erzurum', 'country': 'Turkey', 'postcode': 58316, 'coordinates': {'latitude': '71.5413', 'longitude': '93.0674'}, 'timezone': {'offset': '-1:00', 'description': 'Azores, Cape Verde Islands'}}, 'email': 'vildan.egeli@example.com', 'login': {'uuid': 'f5667084-8766-4aef-8de3-29462a67631c', 'username': 'browndog654', 'password': 'union', 'salt': 'DAzM58qZ', 'md5': 'df73db61ce39cdbb91ffa2b37b96039e', 'sha1': 'b2c93a72f298cd0d532c50a3f4bdc4a8bd29a5cc', 'sha256': 'f31bd47b05a629e1f5dcf1b5db7b3a722c1839d4be202223d9cccbef3acd05c0'}, 'dob': {'date': '1960-02-23T22:22:17.958Z', 'age': 64}, 'registered': {'date': '2010-03-10T02:54:56.509Z', 'age': 14}, 'phone': '(634)-421-7130', 'cell': '(011)-289-5705', 'id': {'name': '', 'value': None}, 'picture': {'large': 'https://randomuser.me/api/portraits/women/15.jpg', 'medium': 'https://randomuser.me/api/portraits/med/women/15.jpg', 'thumbnail': 'https://randomuser.me/api/portraits/thumb/women/15.jpg'}, 'nat': 'TR'}], 'info': {'seed': 'a438bd84fa852ff1', 'results': 1, 'page': 1, 'version': '1.4'}}</msg>
<arg>${json_data}</arg>
<doc>Logs the given message with the given level.</doc>
<status status="PASS" start="2024-06-16T20:14:38.080204" elapsed="0.000221"/>
</kw>
<kw name="Should Be Equal As Numbers" owner="BuiltIn">
<arg>${json_data['results'][0]['location']['postcode']}</arg>
<arg>${json_data['results'][0]['location']['postcode']}</arg>
<doc>Fails if objects are unequal after converting them to real numbers.</doc>
<status status="PASS" start="2024-06-16T20:14:38.080728" elapsed="0.000656"/>
</kw>
<kw name="Log" owner="BuiltIn">
<msg time="2024-06-16T20:14:38.081913" level="INFO">58316</msg>
<arg>${json_data['results'][0]['location']['postcode']}</arg>
<doc>Logs the given message with the given level.</doc>
<status status="PASS" start="2024-06-16T20:14:38.081577" elapsed="0.000377"/>
</kw>
<status status="PASS" start="2024-06-16T20:14:37.993736" elapsed="0.088473"/>
</kw>
<doc>Testa se os tipos de dados na resposta da API estão corretos.</doc>
<tag>testeTiposDados</tag>
<status status="PASS" start="2024-06-16T20:14:37.918437" elapsed="0.164014"/>
</test>
<test id="s1-s1-t5" name="Validar conteudo" line="35">
<kw name="Teste de Tipos de Conteudo" owner="random-user-service">
<kw name="GET On Session" owner="RequestsLibrary">
<msg time="2024-06-16T20:14:38.177303" level="INFO">GET Request : url=https://randomuser.me/api 
 path_url=/api 
 headers={'User-Agent': 'python-requests/2.32.3', 'Accept-Encoding': 'gzip, deflate', 'Accept': '*/*', 'Connection': 'keep-alive'} 
 body=None 
 </msg>
<msg time="2024-06-16T20:14:38.177388" level="INFO">GET Response : url=https://randomuser.me/api 
 status=200, reason=OK 
 headers={'Date': 'Sun, 16 Jun 2024 20:14:38 GMT', 'Content-Type': 'application/json; charset=utf-8', 'Transfer-Encoding': 'chunked', 'Connection': 'keep-alive', 'X-Powered-By': 'Express', 'Access-Control-Allow-Origin': '*', 'Cache-Control': 'no-cache', 'ETag': 'W/"478-yzGZJoAzagLBG7wMN7c1d+9DVp0"', 'Vary': 'Accept-Encoding', 'Content-Encoding': 'gzip', 'CF-Cache-Status': 'DYNAMIC', 'Report-To': '{"endpoints":[{"url":"https:\\/\\/a.nel.cloudflare.com\\/report\\/v4?s=VeSCV3Kl8mKbiyXbZ7yns7xkcMI565Kn8yMZgLxyvucorkuc0%2FaFiIYeEqnso7vpE6wUTFh8a6pU5VQeDLiVxk7POLmvhLch%2B%2Fv7rY9bGlnY%2FloVj%2F533mfDXv%2BX%2BBZm"}],"group":"cf-nel","max_age":604800}', 'NEL': '{"success_fraction":0,"report_to":"cf-nel","max_age":604800}', 'Server': 'cloudflare', 'CF-RAY': '894d77a01da858c0-IAD', 'alt-svc': 'h3=":443"; ma=86400'} 
 body={"results":[{"gender":"male","name":{"title":"Mr","first":"Emanuel","last":"Eckhoff"},"location":{"street":{"number":465,"name":"Tjuvholmen allé"},"city":"Stjørdalshalsen","state":"Rogaland","country":"Norway","postcode":"9485","coordinates":{"latitude":"40.5673","longitude":"-17.2722"},"timezone":{"offset":"-3:30","description":"Newfoundland"}},"email":"emanuel.eckhoff@example.com","login":{"uuid":"4240eca0-4a41-4751-80db-940ec1b369ea","username":"smallpanda631","password":"1965","salt":"rOrfCveq","md5":"549574b0d55b54aaf57dc708fe41850e","sha1":"4711cd28c08bed833f8c9813fac03e0bc77f7835","sha256":"0143175cbe5cd8af703c576350c6bf3f55cbca7a27eb512008de91c526562c4a"},"dob":{"date":"1959-05-13T11:42:33.886Z","age":65},"registered":{"date":"2003-03-15T00:38:33.150Z","age":21},"phone":"70723586","cell":"97379696","id":{"name":"FN","value":"13055910353"},"picture":{"large":"https://randomuser.me/api/portraits/men/93.jpg","medium":"https://randomuser.me/api/portraits/med/men/93.jpg","thumbnail":"https://randomuser.me/api/portraits/thumb/men/93.jpg"},"nat":"NO"}],"info":{"seed":"0c97e82940ff3664","results":1,"page":1,"version":"1.4"}} 
 </msg>
<msg time="2024-06-16T20:14:38.177466" level="INFO">/opt/hostedtoolcache/Python/3.12.3/x64/lib/python3.12/site-packages/urllib3/connectionpool.py:1103: InsecureRequestWarning: Unverified HTTPS request is being made to host 'randomuser.me'. Adding certificate verification is strongly advised. See: https://urllib3.readthedocs.io/en/latest/advanced-usage.html#tls-warnings
  warnings.warn(</msg>
<msg time="2024-06-16T20:14:38.177584" level="INFO">${response} = &lt;Response [200]&gt;</msg>
<var>${response}</var>
<arg>consultarAPI</arg>
<arg>/api</arg>
<doc>Sends a GET request on a previously created HTTP Session.</doc>
<status status="PASS" start="2024-06-16T20:14:38.085029" elapsed="0.092609"/>
</kw>
<kw name="Set Variable" owner="BuiltIn">
<msg time="2024-06-16T20:14:38.178779" level="INFO">${json_data} = {'results': [{'gender': 'male', 'name': {'title': 'Mr', 'first': 'Emanuel', 'last': 'Eckhoff'}, 'location': {'street': {'number': 465, 'name': 'Tjuvholmen allé'}, 'city': 'Stjørdalshalsen', 'state': '...</msg>
<var>${json_data}</var>
<arg>${response.json()}</arg>
<doc>Returns the given values which can then be assigned to a variables.</doc>
<status status="PASS" start="2024-06-16T20:14:38.178207" elapsed="0.000601"/>
</kw>
<kw name="Set Variable" owner="BuiltIn">
<msg time="2024-06-16T20:14:38.179529" level="INFO">${name_title} = Mr</msg>
<var>${name_title}</var>
<arg>${json_data["results"][0]["name"]["title"]}</arg>
<doc>Returns the given values which can then be assigned to a variables.</doc>
<status status="PASS" start="2024-06-16T20:14:38.179153" elapsed="0.000402"/>
</kw>
<kw name="Create List" owner="BuiltIn">
<msg time="2024-06-16T20:14:38.180000" level="INFO">${allowed_titles} = ['Mr', 'Ms', 'Miss', 'Mrs', 'Madame', 'Monsieur']</msg>
<var>${allowed_titles}</var>
<arg>Mr</arg>
<arg>Ms</arg>
<arg>Miss</arg>
<arg>Mrs</arg>
<arg>Madame</arg>
<arg>Monsieur</arg>
<doc>Returns a list containing given items.</doc>
<status status="PASS" start="2024-06-16T20:14:38.179851" elapsed="0.000173"/>
</kw>
<kw name="List Should Contain Value" owner="Collections">
<arg>${allowed_titles}</arg>
<arg>${name_title}</arg>
<doc>Fails if the ``value`` is not found from ``list``.</doc>
<status status="PASS" start="2024-06-16T20:14:38.180322" elapsed="0.000175"/>
</kw>
<kw name="Set Variable" owner="BuiltIn">
<msg time="2024-06-16T20:14:38.181046" level="INFO">${name_country} = NO</msg>
<var>${name_country}</var>
<arg>${json_data["results"][0]["nat"]}</arg>
<doc>Returns the given values which can then be assigned to a variables.</doc>
<status status="PASS" start="2024-06-16T20:14:38.180676" elapsed="0.000395"/>
</kw>
<kw name="Create List" owner="BuiltIn">
<msg time="2024-06-16T20:14:38.181962" level="INFO">${list_country} = ['AD', 'AE', 'AF', 'AG', 'AI', 'AL', 'AM', 'AO', 'AQ', 'AR', 'AS', 'AT', 'AU', 'AW', 'AX', 'AZ', 'BA', 'BB', 'BD', 'BE', 'BF', 'BG', 'BH', 'BI', 'BJ', 'BL', 'BM', 'BN', 'BO', 'BQ', 'BR', 'BS', 'BT', '...</msg>
<var>${list_country}</var>
<arg>AD</arg>
<arg>AE</arg>
<arg>AF</arg>
<arg>AG</arg>
<arg>AI</arg>
<arg>AL</arg>
<arg>AM</arg>
<arg>AO</arg>
<arg>AQ</arg>
<arg>AR</arg>
<arg>AS</arg>
<arg>AT</arg>
<arg>AU</arg>
<arg>AW</arg>
<arg>AX</arg>
<arg>AZ</arg>
<arg>BA</arg>
<arg>BB</arg>
<arg>BD</arg>
<arg>BE</arg>
<arg>BF</arg>
<arg>BG</arg>
<arg>BH</arg>
<arg>BI</arg>
<arg>BJ</arg>
<arg>BL</arg>
<arg>BM</arg>
<arg>BN</arg>
<arg>BO</arg>
<arg>BQ</arg>
<arg>BR</arg>
<arg>BS</arg>
<arg>BT</arg>
<arg>BV</arg>
<arg>BW</arg>
<arg>BY</arg>
<arg>BZ</arg>
<arg>CA</arg>
<arg>CC</arg>
<arg>CD</arg>
<arg>CF</arg>
<arg>CG</arg>
<arg>CH</arg>
<arg>CI</arg>
<arg>CK</arg>
<arg>CL</arg>
<arg>CM</arg>
<arg>CN</arg>
<arg>CO</arg>
<arg>CR</arg>
<arg>CU</arg>
<arg>CV</arg>
<arg>CW</arg>
<arg>CX</arg>
<arg>CY</arg>
<arg>CZ</arg>
<arg>DE</arg>
<arg>DJ</arg>
<arg>DK</arg>
<arg>DM</arg>
<arg>DO</arg>
<arg>DZ</arg>
<arg>EC</arg>
<arg>EE</arg>
<arg>EG</arg>
<arg>EH</arg>
<arg>ER</arg>
<arg>ES</arg>
<arg>ET</arg>
<arg>FI</arg>
<arg>FJ</arg>
<arg>FK</arg>
<arg>FM</arg>
<arg>FO</arg>
<arg>FR</arg>
<arg>GA</arg>
<arg>GB</arg>
<arg>GD</arg>
<arg>GE</arg>
<arg>GF</arg>
<arg>GG</arg>
<arg>GH</arg>
<arg>GI</arg>
<arg>GL</arg>
<arg>GM</arg>
<arg>GN</arg>
<arg>GP</arg>
<arg>GQ</arg>
<arg>GR</arg>
<arg>GS</arg>
<arg>GT</arg>
<arg>GU</arg>
<arg>GW</arg>
<arg>GY</arg>
<arg>HK</arg>
<arg>HM</arg>
<arg>HN</arg>
<arg>HR</arg>
<arg>HT</arg>
<arg>HU</arg>
<arg>ID</arg>
<arg>IE</arg>
<arg>IL</arg>
<arg>IM</arg>
<arg>IN</arg>
<arg>IO</arg>
<arg>IQ</arg>
<arg>IR</arg>
<arg>IS</arg>
<arg>IT</arg>
<arg>JE</arg>
<arg>JM</arg>
<arg>JO</arg>
<arg>JP</arg>
<arg>KE</arg>
<arg>KG</arg>
<arg>KH</arg>
<arg>KI</arg>
<arg>KM</arg>
<arg>KN</arg>
<arg>KP</arg>
<arg>KR</arg>
<arg>KW</arg>
<arg>KY</arg>
<arg>KZ</arg>
<arg>LA</arg>
<arg>LB</arg>
<arg>LC</arg>
<arg>LI</arg>
<arg>LK</arg>
<arg>LR</arg>
<arg>LS</arg>
<arg>LT</arg>
<arg>LU</arg>
<arg>LV</arg>
<arg>LY</arg>
<arg>MA</arg>
<arg>MC</arg>
<arg>MD</arg>
<arg>ME</arg>
<arg>MF</arg>
<arg>MG</arg>
<arg>MH</arg>
<arg>MK</arg>
<arg>ML</arg>
<arg>MM</arg>
<arg>MN</arg>
<arg>MO</arg>
<arg>MP</arg>
<arg>MQ</arg>
<arg>MR</arg>
<arg>MS</arg>
<arg>MT</arg>
<arg>MU</arg>
<arg>MV</arg>
<arg>MW</arg>
<arg>MX</arg>
<arg>MY</arg>
<arg>MZ</arg>
<arg>NA</arg>
<arg>NC</arg>
<arg>NE</arg>
<arg>NF</arg>
<arg>NG</arg>
<arg>NI</arg>
<arg>NL</arg>
<arg>NO</arg>
<arg>NP</arg>
<arg>NR</arg>
<arg>NU</arg>
<arg>NZ</arg>
<arg>OM</arg>
<arg>PA</arg>
<arg>PE</arg>
<arg>PF</arg>
<arg>PG</arg>
<arg>PH</arg>
<arg>PK</arg>
<arg>PL</arg>
<arg>PM</arg>
<arg>PN</arg>
<arg>PR</arg>
<arg>PS</arg>
<arg>PT</arg>
<arg>PW</arg>
<arg>PY</arg>
<arg>QA</arg>
<arg>RE</arg>
<arg>RO</arg>
<arg>RS</arg>
<arg>RU</arg>
<arg>RW</arg>
<arg>SA</arg>
<arg>SB</arg>
<arg>SC</arg>
<arg>SD</arg>
<arg>SE</arg>
<arg>SG</arg>
<arg>SH</arg>
<arg>SI</arg>
<arg>SJ</arg>
<arg>SK</arg>
<arg>SL</arg>
<arg>SM</arg>
<arg>SN</arg>
<arg>SO</arg>
<arg>SR</arg>
<arg>SS</arg>
<arg>ST</arg>
<arg>SV</arg>
<arg>SX</arg>
<arg>SY</arg>
<arg>SZ</arg>
<arg>TC</arg>
<arg>TD</arg>
<arg>TF</arg>
<arg>TG</arg>
<arg>TH</arg>
<arg>TJ</arg>
<arg>TK</arg>
<arg>TL</arg>
<arg>TM</arg>
<arg>TN</arg>
<arg>TO</arg>
<arg>TR</arg>
<arg>TT</arg>
<arg>TV</arg>
<arg>TW</arg>
<arg>TZ</arg>
<arg>UA</arg>
<arg>UG</arg>
<arg>UM</arg>
<arg>US</arg>
<arg>UY</arg>
<arg>UZ</arg>
<arg>VA</arg>
<arg>VC</arg>
<arg>VE</arg>
<arg>VG</arg>
<arg>VI</arg>
<arg>VN</arg>
<arg>VU</arg>
<arg>WF</arg>
<arg>WS</arg>
<arg>XK</arg>
<arg>YE</arg>
<arg>YT</arg>
<arg>ZA</arg>
<arg>ZM</arg>
<arg>ZW</arg>
<doc>Returns a list containing given items.</doc>
<status status="PASS" start="2024-06-16T20:14:38.181362" elapsed="0.000625"/>
</kw>
<kw name="List Should Contain Value" owner="Collections">
<arg>${list_country}</arg>
<arg>${name_country}</arg>
<doc>Fails if the ``value`` is not found from ``list``.</doc>
<status status="PASS" start="2024-06-16T20:14:38.182777" elapsed="0.000231"/>
</kw>
<kw name="Run Keyword If" owner="BuiltIn">
<kw name="Should Be True" owner="BuiltIn">
<arg>${True}</arg>
<doc>Fails if the given condition is not true.</doc>
<status status="PASS" start="2024-06-16T20:14:38.184074" elapsed="0.000153"/>
</kw>
<arg>${json_data["results"][0]["location"]["coordinates"]["latitude"]} &gt;= -90 and ${json_data["results"][0]["location"]["coordinates"]["latitude"]} &lt;= 90</arg>
<arg>Should Be True</arg>
<arg>${True}</arg>
<doc>Runs the given keyword with the given arguments, if ``condition`` is true.</doc>
<status status="PASS" start="2024-06-16T20:14:38.183216" elapsed="0.001137"/>
</kw>
<kw name="Run Keyword If" owner="BuiltIn">
<kw name="Should Be True" owner="BuiltIn">
<arg>${True}</arg>
<doc>Fails if the given condition is not true.</doc>
<status status="PASS" start="2024-06-16T20:14:38.185214" elapsed="0.000137"/>
</kw>
<arg>${json_data["results"][0]["location"]["coordinates"]["longitude"]} &gt;= -180 and ${json_data["results"][0]["location"]["coordinates"]["longitude"]} &lt;= 180</arg>
<arg>Should Be True</arg>
<arg>${True}</arg>
<doc>Runs the given keyword with the given arguments, if ``condition`` is true.</doc>
<status status="PASS" start="2024-06-16T20:14:38.184536" elapsed="0.000935"/>
</kw>
<status status="PASS" start="2024-06-16T20:14:38.084800" elapsed="0.100798"/>
</kw>
<doc>Testa o conteúdo específico dos campos retornados pela API.</doc>
<tag>testeConteudo</tag>
<status status="PASS" start="2024-06-16T20:14:38.084276" elapsed="0.101464"/>
</test>
<status status="PASS" start="2024-06-16T20:14:37.263746" elapsed="0.923979"/>
</suite>
<status status="PASS" start="2024-06-16T20:14:37.248709" elapsed="0.944014"/>
</suite>
<statistics>
<total>
<stat pass="5" fail="0" skip="0">All Tests</stat>
</total>
<tag>
<stat pass="1" fail="0" skip="0">testeConteudo</stat>
<stat pass="1" fail="0" skip="0">testeEstruturaResposta</stat>
<stat pass="1" fail="0" skip="0">testeRequisicaoBasica</stat>
<stat pass="1" fail="0" skip="0">testeTiposDados</stat>
</tag>
<suite>
<stat pass="5" fail="0" skip="0" id="s1" name="Tests">Tests</stat>
<stat pass="5" fail="0" skip="0" id="s1-s1" name="Random-User-Test">Tests.Random-User-Test</stat>
</suite>
</statistics>
<errors>
</errors>
</robot>
