<?xml version="1.0" encoding="UTF-8"?>
<robot generator="Robot 7.0.1 (Python 3.12.4 on linux)" generated="2024-08-03T01:07:33.477809" rpa="false" schemaversion="5">
<suite id="s1" name="Tests" source="/home/runner/work/ApiRandomUser/ApiRandomUser/RamdonUser/tests">
<suite id="s1-s1" name="Random-User-Test" source="/home/runner/work/ApiRandomUser/ApiRandomUser/RamdonUser/tests/random-user-test.robot">
<test id="s1-s1-t1" name="Conectar" line="13">
<kw name="Conectar API" owner="random-user-service">
<kw name="Create Session" owner="RequestsLibrary">
<msg time="2024-08-03T01:07:33.890984" level="INFO">Creating Session using : alias=consultarAPI, url=https://randomuser.me/, headers={},                     cookies={}, auth=None, timeout=None, proxies=None, verify=False,                     debug=0 </msg>
<arg>consultarAPI</arg>
<arg>${URL}</arg>
<doc>Create Session: create a HTTP session to a server</doc>
<status status="PASS" start="2024-08-03T01:07:33.890786" elapsed="0.000402"/>
</kw>
<status status="PASS" start="2024-08-03T01:07:33.889763" elapsed="0.001800"/>
</kw>
<status status="PASS" start="2024-08-03T01:07:33.889170" elapsed="0.002629"/>
</test>
<test id="s1-s1-t2" name="Validar retorno 200 e JSON Válido" line="16">
<kw name="Teste de Requisicao Basica" owner="random-user-service">
<kw name="GET On Session" owner="RequestsLibrary">
<msg time="2024-08-03T01:07:33.953404" level="INFO">GET Request : url=https://randomuser.me/api 
 path_url=/api 
 headers={'User-Agent': 'python-requests/2.32.3', 'Accept-Encoding': 'gzip, deflate', 'Accept': '*/*', 'Connection': 'keep-alive'} 
 body=None 
 </msg>
<msg time="2024-08-03T01:07:33.953556" level="INFO">GET Response : url=https://randomuser.me/api 
 status=200, reason=OK 
 headers={'Date': 'Sat, 03 Aug 2024 01:07:33 GMT', 'Content-Type': 'application/json; charset=utf-8', 'Transfer-Encoding': 'chunked', 'Connection': 'keep-alive', 'X-Powered-By': 'Express', 'Access-Control-Allow-Origin': '*', 'Cache-Control': 'no-cache', 'ETag': 'W/"479-hTLzClOMJjrvEp7dNKnibUhOSP4"', 'Vary': 'Accept-Encoding', 'Content-Encoding': 'gzip', 'CF-Cache-Status': 'DYNAMIC', 'Report-To': '{"endpoints":[{"url":"https:\\/\\/a.nel.cloudflare.com\\/report\\/v4?s=NiHP8fy9auNdO9fGVPmq87MURnJ4hhY577ui046LDY5efw5%2F5Zgoy0vVnCe4HCiFGzP9fEOCv0ig7mFHP8WSdSA6cM%2FAk0P6wtG5rV0gkjL4PPuNhUQYFc7Cwo3jtUn9"}],"group":"cf-nel","max_age":604800}', 'NEL': '{"success_fraction":0,"report_to":"cf-nel","max_age":604800}', 'Server': 'cloudflare', 'CF-RAY': '8ad26958fe695b17-IAD', 'alt-svc': 'h3=":443"; ma=86400'} 
 body={"results":[{"gender":"female","name":{"title":"Miss","first":"Hema","last":"Dalvi"},"location":{"street":{"number":8870,"name":"Sao Tome Old Quarter"},"city":"Indore","state":"Punjab","country":"India","postcode":85947,"coordinates":{"latitude":"5.6637","longitude":"117.5316"},"timezone":{"offset":"-3:30","description":"Newfoundland"}},"email":"hema.dalvi@example.com","login":{"uuid":"4325ed6c-d169-4051-8e0f-68563c1ec75d","username":"yellowgorilla564","password":"2233","salt":"eAJbwgc4","md5":"eae5b37deb95e48aed7d9ab1c5164e3d","sha1":"5edee674e1a459946bb6e6d573aa439323c86550","sha256":"b9970115089cdd8b67652deace863fd1aaa33be59efc932f6434744beb336cc2"},"dob":{"date":"1965-11-27T18:42:35.637Z","age":58},"registered":{"date":"2010-12-20T14:52:56.699Z","age":13},"phone":"9197438256","cell":"8916054148","id":{"name":"UIDAI","value":"252743266169"},"picture":{"large":"https://randomuser.me/api/portraits/women/20.jpg","medium":"https://randomuser.me/api/portraits/med/women/20.jpg","thumbnail":"https://randomuser.me/api/portraits/thumb/women/20.jpg"},"nat":"IN"}],"info":{"seed":"f2e02cb977944f28","results":1,"page":1,"version":"1.4"}} 
 </msg>
<msg time="2024-08-03T01:07:33.953641" level="INFO">/opt/hostedtoolcache/Python/3.12.4/x64/lib/python3.12/site-packages/urllib3/connectionpool.py:1099: InsecureRequestWarning: Unverified HTTPS request is being made to host 'randomuser.me'. Adding certificate verification is strongly advised. See: https://urllib3.readthedocs.io/en/latest/advanced-usage.html#tls-warnings
  warnings.warn(</msg>
<msg time="2024-08-03T01:07:33.953805" level="INFO">${response} = &lt;Response [200]&gt;</msg>
<var>${response}</var>
<arg>consultarAPI</arg>
<arg>/api</arg>
<doc>Sends a GET request on a previously created HTTP Session.</doc>
<status status="PASS" start="2024-08-03T01:07:33.894404" elapsed="0.059442"/>
</kw>
<kw name="Should Be Equal As Numbers" owner="BuiltIn">
<msg time="2024-08-03T01:07:33.954900" level="INFO">Argument types are:
&lt;class 'int'&gt;
&lt;class 'str'&gt;</msg>
<arg>${response.status_code}</arg>
<arg>200</arg>
<doc>Fails if objects are unequal after converting them to real numbers.</doc>
<status status="PASS" start="2024-08-03T01:07:33.954394" elapsed="0.000569"/>
</kw>
<kw name="Log" owner="BuiltIn">
<msg time="2024-08-03T01:07:33.955692" level="INFO">200</msg>
<arg>${response.status_code}</arg>
<doc>Logs the given message with the given level.</doc>
<status status="PASS" start="2024-08-03T01:07:33.955301" elapsed="0.000436"/>
</kw>
<kw name="Set Variable" owner="BuiltIn">
<msg time="2024-08-03T01:07:33.956488" level="INFO">${json_data} = {'results': [{'gender': 'female', 'name': {'title': 'Miss', 'first': 'Hema', 'last': 'Dalvi'}, 'location': {'street': {'number': 8870, 'name': 'Sao Tome Old Quarter'}, 'city': 'Indore', 'state': 'Punj...</msg>
<var>${json_data}</var>
<arg>${response.json()}</arg>
<doc>Returns the given values which can then be assigned to a variables.</doc>
<status status="PASS" start="2024-08-03T01:07:33.956050" elapsed="0.000466"/>
</kw>
<kw name="Dictionary Should Contain Key" owner="Collections">
<arg>${json_data}</arg>
<arg>results</arg>
<doc>Fails if ``key`` is not found from ``dictionary``.</doc>
<status status="PASS" start="2024-08-03T01:07:33.956820" elapsed="0.000316"/>
</kw>
<status status="PASS" start="2024-08-03T01:07:33.894154" elapsed="0.063136"/>
</kw>
<doc>Testa se a API responde corretamente e retorna um objeto JSON válido.</doc>
<tag>testeRequisicaoBasica</tag>
<status status="PASS" start="2024-08-03T01:07:33.893642" elapsed="0.063819"/>
</test>
<test id="s1-s1-t3" name="Validar estrutura de resposta" line="22">
<kw name="Teste de Estrutura de Resposta" owner="random-user-service">
<kw name="GET On Session" owner="RequestsLibrary">
<msg time="2024-08-03T01:07:34.037830" level="INFO">GET Request : url=https://randomuser.me/api 
 path_url=/api 
 headers={'User-Agent': 'python-requests/2.32.3', 'Accept-Encoding': 'gzip, deflate', 'Accept': '*/*', 'Connection': 'keep-alive'} 
 body=None 
 </msg>
<msg time="2024-08-03T01:07:34.037912" level="INFO">GET Response : url=https://randomuser.me/api 
 status=200, reason=OK 
 headers={'Date': 'Sat, 03 Aug 2024 01:07:34 GMT', 'Content-Type': 'application/json; charset=utf-8', 'Transfer-Encoding': 'chunked', 'Connection': 'keep-alive', 'X-Powered-By': 'Express', 'Access-Control-Allow-Origin': '*', 'Cache-Control': 'no-cache', 'ETag': 'W/"483-1dI5JhjsztAOiMP6/D4UediUNL0"', 'Vary': 'Accept-Encoding', 'Content-Encoding': 'gzip', 'CF-Cache-Status': 'DYNAMIC', 'Report-To': '{"endpoints":[{"url":"https:\\/\\/a.nel.cloudflare.com\\/report\\/v4?s=WSHxiEUBgBNCRrEMr2Vk4H3aXGaFrMCjrSgOLjCx6cWOuB9uXMRpzYmXXhOwz7F%2F7S792DI6gu9au8uTuHB8ySKLjBjbSne1QOLmY3hEisXwEuxPW6U7YxzjNIa2zPGq"}],"group":"cf-nel","max_age":604800}', 'NEL': '{"success_fraction":0,"report_to":"cf-nel","max_age":604800}', 'Server': 'cloudflare', 'CF-RAY': '8ad269594e985b17-IAD', 'alt-svc': 'h3=":443"; ma=86400'} 
 body={"results":[{"gender":"male","name":{"title":"Mr","first":"Mason","last":"Wong"},"location":{"street":{"number":2900,"name":"Pierre Ave"},"city":"St. George","state":"Northwest Territories","country":"Canada","postcode":"L3D 4W2","coordinates":{"latitude":"-71.7821","longitude":"-111.4395"},"timezone":{"offset":"+6:00","description":"Almaty, Dhaka, Colombo"}},"email":"mason.wong@example.com","login":{"uuid":"9fc4bd64-7fdf-49b5-8245-01f05a6dcf7c","username":"crazygoose109","password":"brett","salt":"D029KSts","md5":"79f97581ecc58159623464180569d510","sha1":"af2ca89e97a67336ce2f514a107c65051f69bfc6","sha256":"9d92108199c9d94c8be7e0f6b6cd289f6801fa024155cdeee411ad5cdeab5538"},"dob":{"date":"1950-10-02T05:18:47.455Z","age":73},"registered":{"date":"2021-03-20T07:49:52.972Z","age":3},"phone":"I64 W89-4707","cell":"W09 V81-4934","id":{"name":"SIN","value":"411162027"},"picture":{"large":"https://randomuser.me/api/portraits/men/2.jpg","medium":"https://randomuser.me/api/portraits/med/men/2.jpg","thumbnail":"https://randomuser.me/api/portraits/thumb/men/2.jpg"},"nat":"CA"}],"info":{"seed":"2c5902ddcfdb45c3","results":1,"page":1,"version":"1.4"}} 
 </msg>
<msg time="2024-08-03T01:07:34.038015" level="INFO">/opt/hostedtoolcache/Python/3.12.4/x64/lib/python3.12/site-packages/urllib3/connectionpool.py:1099: InsecureRequestWarning: Unverified HTTPS request is being made to host 'randomuser.me'. Adding certificate verification is strongly advised. See: https://urllib3.readthedocs.io/en/latest/advanced-usage.html#tls-warnings
  warnings.warn(</msg>
<msg time="2024-08-03T01:07:34.038130" level="INFO">${response} = &lt;Response [200]&gt;</msg>
<var>${response}</var>
<arg>consultarAPI</arg>
<arg>/api</arg>
<doc>Sends a GET request on a previously created HTTP Session.</doc>
<status status="PASS" start="2024-08-03T01:07:33.960137" elapsed="0.078033"/>
</kw>
<kw name="Set Variable" owner="BuiltIn">
<msg time="2024-08-03T01:07:34.039221" level="INFO">${json_data} = {'results': [{'gender': 'male', 'name': {'title': 'Mr', 'first': 'Mason', 'last': 'Wong'}, 'location': {'street': {'number': 2900, 'name': 'Pierre Ave'}, 'city': 'St. George', 'state': 'Northwest Terr...</msg>
<var>${json_data}</var>
<arg>${response.json()}</arg>
<doc>Returns the given values which can then be assigned to a variables.</doc>
<status status="PASS" start="2024-08-03T01:07:34.038655" elapsed="0.000596"/>
</kw>
<kw name="Log" owner="BuiltIn">
<msg time="2024-08-03T01:07:34.039764" level="INFO">{'results': [{'gender': 'male', 'name': {'title': 'Mr', 'first': 'Mason', 'last': 'Wong'}, 'location': {'street': {'number': 2900, 'name': 'Pierre Ave'}, 'city': 'St. George', 'state': 'Northwest Territories', 'country': 'Canada', 'postcode': 'L3D 4W2', 'coordinates': {'latitude': '-71.7821', 'longitude': '-111.4395'}, 'timezone': {'offset': '+6:00', 'description': 'Almaty, Dhaka, Colombo'}}, 'email': 'mason.wong@example.com', 'login': {'uuid': '9fc4bd64-7fdf-49b5-8245-01f05a6dcf7c', 'username': 'crazygoose109', 'password': 'brett', 'salt': 'D029KSts', 'md5': '79f97581ecc58159623464180569d510', 'sha1': 'af2ca89e97a67336ce2f514a107c65051f69bfc6', 'sha256': '9d92108199c9d94c8be7e0f6b6cd289f6801fa024155cdeee411ad5cdeab5538'}, 'dob': {'date': '1950-10-02T05:18:47.455Z', 'age': 73}, 'registered': {'date': '2021-03-20T07:49:52.972Z', 'age': 3}, 'phone': 'I64 W89-4707', 'cell': 'W09 V81-4934', 'id': {'name': 'SIN', 'value': '411162027'}, 'picture': {'large': 'https://randomuser.me/api/portraits/men/2.jpg', 'medium': 'https://randomuser.me/api/portraits/med/men/2.jpg', 'thumbnail': 'https://randomuser.me/api/portraits/thumb/men/2.jpg'}, 'nat': 'CA'}], 'info': {'seed': '2c5902ddcfdb45c3', 'results': 1, 'page': 1, 'version': '1.4'}}</msg>
<arg>${json_data}</arg>
<doc>Logs the given message with the given level.</doc>
<status status="PASS" start="2024-08-03T01:07:34.039565" elapsed="0.000249"/>
</kw>
<kw name="Dictionary Should Contain Key" owner="Collections">
<arg>${json_data}</arg>
<arg>results</arg>
<doc>Fails if ``key`` is not found from ``dictionary``.</doc>
<status status="PASS" start="2024-08-03T01:07:34.040109" elapsed="0.000162"/>
</kw>
<kw name="Should Not Be Empty" owner="BuiltIn">
<msg time="2024-08-03T01:07:34.040582" level="INFO">Length is 2.</msg>
<arg>${json_data}</arg>
<doc>Verifies that the given item is not empty.</doc>
<status status="PASS" start="2024-08-03T01:07:34.040456" elapsed="0.000164"/>
</kw>
<kw name="Create List" owner="BuiltIn">
<msg time="2024-08-03T01:07:34.041061" level="INFO">${expected_keys} = ['gender', 'name', 'location', 'email', 'login']</msg>
<var>${expected_keys}</var>
<arg>gender</arg>
<arg>name</arg>
<arg>location</arg>
<arg>email</arg>
<arg>login</arg>
<doc>Returns a list containing given items.</doc>
<status status="PASS" start="2024-08-03T01:07:34.040910" elapsed="0.000175"/>
</kw>
<for flavor="IN">
<iter>
<kw name="Dictionary Should Contain Key" owner="Collections">
<arg>${json_data['results'][0]}</arg>
<arg>${key}</arg>
<doc>Fails if ``key`` is not found from ``dictionary``.</doc>
<status status="PASS" start="2024-08-03T01:07:34.041665" elapsed="0.000406"/>
</kw>
<kw name="Log" owner="BuiltIn">
<msg time="2024-08-03T01:07:34.042640" level="INFO">{'gender': 'male', 'name': {'title': 'Mr', 'first': 'Mason', 'last': 'Wong'}, 'location': {'street': {'number': 2900, 'name': 'Pierre Ave'}, 'city': 'St. George', 'state': 'Northwest Territories', 'country': 'Canada', 'postcode': 'L3D 4W2', 'coordinates': {'latitude': '-71.7821', 'longitude': '-111.4395'}, 'timezone': {'offset': '+6:00', 'description': 'Almaty, Dhaka, Colombo'}}, 'email': 'mason.wong@example.com', 'login': {'uuid': '9fc4bd64-7fdf-49b5-8245-01f05a6dcf7c', 'username': 'crazygoose109', 'password': 'brett', 'salt': 'D029KSts', 'md5': '79f97581ecc58159623464180569d510', 'sha1': 'af2ca89e97a67336ce2f514a107c65051f69bfc6', 'sha256': '9d92108199c9d94c8be7e0f6b6cd289f6801fa024155cdeee411ad5cdeab5538'}, 'dob': {'date': '1950-10-02T05:18:47.455Z', 'age': 73}, 'registered': {'date': '2021-03-20T07:49:52.972Z', 'age': 3}, 'phone': 'I64 W89-4707', 'cell': 'W09 V81-4934', 'id': {'name': 'SIN', 'value': '411162027'}, 'picture': {'large': 'https://randomuser.me/api/portraits/men/2.jpg', 'medium': 'https://randomuser.me/api/portraits/med/men/2.jpg', 'thumbnail': 'https://randomuser.me/api/portraits/thumb/men/2.jpg'}, 'nat': 'CA'}</msg>
<arg>${json_data['results'][0]}</arg>
<doc>Logs the given message with the given level.</doc>
<status status="PASS" start="2024-08-03T01:07:34.042256" elapsed="0.000433"/>
</kw>
<kw name="Log" owner="BuiltIn">
<msg time="2024-08-03T01:07:34.043119" level="INFO">gender</msg>
<arg>${key}</arg>
<doc>Logs the given message with the given level.</doc>
<status status="PASS" start="2024-08-03T01:07:34.042990" elapsed="0.000167"/>
</kw>
<var name="${key}">gender</var>
<status status="PASS" start="2024-08-03T01:07:34.041535" elapsed="0.001837"/>
</iter>
<iter>
<kw name="Dictionary Should Contain Key" owner="Collections">
<arg>${json_data['results'][0]}</arg>
<arg>${key}</arg>
<doc>Fails if ``key`` is not found from ``dictionary``.</doc>
<status status="PASS" start="2024-08-03T01:07:34.043698" elapsed="0.000394"/>
</kw>
<kw name="Log" owner="BuiltIn">
<msg time="2024-08-03T01:07:34.044631" level="INFO">{'gender': 'male', 'name': {'title': 'Mr', 'first': 'Mason', 'last': 'Wong'}, 'location': {'street': {'number': 2900, 'name': 'Pierre Ave'}, 'city': 'St. George', 'state': 'Northwest Territories', 'country': 'Canada', 'postcode': 'L3D 4W2', 'coordinates': {'latitude': '-71.7821', 'longitude': '-111.4395'}, 'timezone': {'offset': '+6:00', 'description': 'Almaty, Dhaka, Colombo'}}, 'email': 'mason.wong@example.com', 'login': {'uuid': '9fc4bd64-7fdf-49b5-8245-01f05a6dcf7c', 'username': 'crazygoose109', 'password': 'brett', 'salt': 'D029KSts', 'md5': '79f97581ecc58159623464180569d510', 'sha1': 'af2ca89e97a67336ce2f514a107c65051f69bfc6', 'sha256': '9d92108199c9d94c8be7e0f6b6cd289f6801fa024155cdeee411ad5cdeab5538'}, 'dob': {'date': '1950-10-02T05:18:47.455Z', 'age': 73}, 'registered': {'date': '2021-03-20T07:49:52.972Z', 'age': 3}, 'phone': 'I64 W89-4707', 'cell': 'W09 V81-4934', 'id': {'name': 'SIN', 'value': '411162027'}, 'picture': {'large': 'https://randomuser.me/api/portraits/men/2.jpg', 'medium': 'https://randomuser.me/api/portraits/med/men/2.jpg', 'thumbnail': 'https://randomuser.me/api/portraits/thumb/men/2.jpg'}, 'nat': 'CA'}</msg>
<arg>${json_data['results'][0]}</arg>
<doc>Logs the given message with the given level.</doc>
<status status="PASS" start="2024-08-03T01:07:34.044274" elapsed="0.000437"/>
</kw>
<kw name="Log" owner="BuiltIn">
<msg time="2024-08-03T01:07:34.045134" level="INFO">name</msg>
<arg>${key}</arg>
<doc>Logs the given message with the given level.</doc>
<status status="PASS" start="2024-08-03T01:07:34.045007" elapsed="0.000164"/>
</kw>
<var name="${key}">name</var>
<status status="PASS" start="2024-08-03T01:07:34.043561" elapsed="0.001824"/>
</iter>
<iter>
<kw name="Dictionary Should Contain Key" owner="Collections">
<arg>${json_data['results'][0]}</arg>
<arg>${key}</arg>
<doc>Fails if ``key`` is not found from ``dictionary``.</doc>
<status status="PASS" start="2024-08-03T01:07:34.045668" elapsed="0.000384"/>
</kw>
<kw name="Log" owner="BuiltIn">
<msg time="2024-08-03T01:07:34.046585" level="INFO">{'gender': 'male', 'name': {'title': 'Mr', 'first': 'Mason', 'last': 'Wong'}, 'location': {'street': {'number': 2900, 'name': 'Pierre Ave'}, 'city': 'St. George', 'state': 'Northwest Territories', 'country': 'Canada', 'postcode': 'L3D 4W2', 'coordinates': {'latitude': '-71.7821', 'longitude': '-111.4395'}, 'timezone': {'offset': '+6:00', 'description': 'Almaty, Dhaka, Colombo'}}, 'email': 'mason.wong@example.com', 'login': {'uuid': '9fc4bd64-7fdf-49b5-8245-01f05a6dcf7c', 'username': 'crazygoose109', 'password': 'brett', 'salt': 'D029KSts', 'md5': '79f97581ecc58159623464180569d510', 'sha1': 'af2ca89e97a67336ce2f514a107c65051f69bfc6', 'sha256': '9d92108199c9d94c8be7e0f6b6cd289f6801fa024155cdeee411ad5cdeab5538'}, 'dob': {'date': '1950-10-02T05:18:47.455Z', 'age': 73}, 'registered': {'date': '2021-03-20T07:49:52.972Z', 'age': 3}, 'phone': 'I64 W89-4707', 'cell': 'W09 V81-4934', 'id': {'name': 'SIN', 'value': '411162027'}, 'picture': {'large': 'https://randomuser.me/api/portraits/men/2.jpg', 'medium': 'https://randomuser.me/api/portraits/med/men/2.jpg', 'thumbnail': 'https://randomuser.me/api/portraits/thumb/men/2.jpg'}, 'nat': 'CA'}</msg>
<arg>${json_data['results'][0]}</arg>
<doc>Logs the given message with the given level.</doc>
<status status="PASS" start="2024-08-03T01:07:34.046240" elapsed="0.000390"/>
</kw>
<kw name="Log" owner="BuiltIn">
<msg time="2024-08-03T01:07:34.047047" level="INFO">location</msg>
<arg>${key}</arg>
<doc>Logs the given message with the given level.</doc>
<status status="PASS" start="2024-08-03T01:07:34.046921" elapsed="0.000163"/>
</kw>
<var name="${key}">location</var>
<status status="PASS" start="2024-08-03T01:07:34.045561" elapsed="0.001743"/>
</iter>
<iter>
<kw name="Dictionary Should Contain Key" owner="Collections">
<arg>${json_data['results'][0]}</arg>
<arg>${key}</arg>
<doc>Fails if ``key`` is not found from ``dictionary``.</doc>
<status status="PASS" start="2024-08-03T01:07:34.047601" elapsed="0.000409"/>
</kw>
<kw name="Log" owner="BuiltIn">
<msg time="2024-08-03T01:07:34.048668" level="INFO">{'gender': 'male', 'name': {'title': 'Mr', 'first': 'Mason', 'last': 'Wong'}, 'location': {'street': {'number': 2900, 'name': 'Pierre Ave'}, 'city': 'St. George', 'state': 'Northwest Territories', 'country': 'Canada', 'postcode': 'L3D 4W2', 'coordinates': {'latitude': '-71.7821', 'longitude': '-111.4395'}, 'timezone': {'offset': '+6:00', 'description': 'Almaty, Dhaka, Colombo'}}, 'email': 'mason.wong@example.com', 'login': {'uuid': '9fc4bd64-7fdf-49b5-8245-01f05a6dcf7c', 'username': 'crazygoose109', 'password': 'brett', 'salt': 'D029KSts', 'md5': '79f97581ecc58159623464180569d510', 'sha1': 'af2ca89e97a67336ce2f514a107c65051f69bfc6', 'sha256': '9d92108199c9d94c8be7e0f6b6cd289f6801fa024155cdeee411ad5cdeab5538'}, 'dob': {'date': '1950-10-02T05:18:47.455Z', 'age': 73}, 'registered': {'date': '2021-03-20T07:49:52.972Z', 'age': 3}, 'phone': 'I64 W89-4707', 'cell': 'W09 V81-4934', 'id': {'name': 'SIN', 'value': '411162027'}, 'picture': {'large': 'https://randomuser.me/api/portraits/men/2.jpg', 'medium': 'https://randomuser.me/api/portraits/med/men/2.jpg', 'thumbnail': 'https://randomuser.me/api/portraits/thumb/men/2.jpg'}, 'nat': 'CA'}</msg>
<arg>${json_data['results'][0]}</arg>
<doc>Logs the given message with the given level.</doc>
<status status="PASS" start="2024-08-03T01:07:34.048314" elapsed="0.000404"/>
</kw>
<kw name="Log" owner="BuiltIn">
<msg time="2024-08-03T01:07:34.049146" level="INFO">email</msg>
<arg>${key}</arg>
<doc>Logs the given message with the given level.</doc>
<status status="PASS" start="2024-08-03T01:07:34.049016" elapsed="0.000168"/>
</kw>
<var name="${key}">email</var>
<status status="PASS" start="2024-08-03T01:07:34.047474" elapsed="0.001926"/>
</iter>
<iter>
<kw name="Dictionary Should Contain Key" owner="Collections">
<arg>${json_data['results'][0]}</arg>
<arg>${key}</arg>
<doc>Fails if ``key`` is not found from ``dictionary``.</doc>
<status status="PASS" start="2024-08-03T01:07:34.049686" elapsed="0.000375"/>
</kw>
<kw name="Log" owner="BuiltIn">
<msg time="2024-08-03T01:07:34.050595" level="INFO">{'gender': 'male', 'name': {'title': 'Mr', 'first': 'Mason', 'last': 'Wong'}, 'location': {'street': {'number': 2900, 'name': 'Pierre Ave'}, 'city': 'St. George', 'state': 'Northwest Territories', 'country': 'Canada', 'postcode': 'L3D 4W2', 'coordinates': {'latitude': '-71.7821', 'longitude': '-111.4395'}, 'timezone': {'offset': '+6:00', 'description': 'Almaty, Dhaka, Colombo'}}, 'email': 'mason.wong@example.com', 'login': {'uuid': '9fc4bd64-7fdf-49b5-8245-01f05a6dcf7c', 'username': 'crazygoose109', 'password': 'brett', 'salt': 'D029KSts', 'md5': '79f97581ecc58159623464180569d510', 'sha1': 'af2ca89e97a67336ce2f514a107c65051f69bfc6', 'sha256': '9d92108199c9d94c8be7e0f6b6cd289f6801fa024155cdeee411ad5cdeab5538'}, 'dob': {'date': '1950-10-02T05:18:47.455Z', 'age': 73}, 'registered': {'date': '2021-03-20T07:49:52.972Z', 'age': 3}, 'phone': 'I64 W89-4707', 'cell': 'W09 V81-4934', 'id': {'name': 'SIN', 'value': '411162027'}, 'picture': {'large': 'https://randomuser.me/api/portraits/men/2.jpg', 'medium': 'https://randomuser.me/api/portraits/med/men/2.jpg', 'thumbnail': 'https://randomuser.me/api/portraits/thumb/men/2.jpg'}, 'nat': 'CA'}</msg>
<arg>${json_data['results'][0]}</arg>
<doc>Logs the given message with the given level.</doc>
<status status="PASS" start="2024-08-03T01:07:34.050242" elapsed="0.000399"/>
</kw>
<kw name="Log" owner="BuiltIn">
<msg time="2024-08-03T01:07:34.051058" level="INFO">login</msg>
<arg>${key}</arg>
<doc>Logs the given message with the given level.</doc>
<status status="PASS" start="2024-08-03T01:07:34.050932" elapsed="0.000162"/>
</kw>
<var name="${key}">login</var>
<status status="PASS" start="2024-08-03T01:07:34.049574" elapsed="0.001734"/>
</iter>
<var>${key}</var>
<value>@{expected_keys}</value>
<status status="PASS" start="2024-08-03T01:07:34.041346" elapsed="0.010081"/>
</for>
<kw name="Create List" owner="BuiltIn">
<msg time="2024-08-03T01:07:34.051785" level="INFO">${expected_keysTwo} = ['username', 'password']</msg>
<var>${expected_keysTwo}</var>
<arg>username</arg>
<arg>password</arg>
<doc>Returns a list containing given items.</doc>
<status status="PASS" start="2024-08-03T01:07:34.051617" elapsed="0.000192"/>
</kw>
<for flavor="IN">
<iter>
<kw name="Dictionary Should Contain Key" owner="Collections">
<arg>${json_data['results'][0]['login']}</arg>
<arg>${keyTwo}</arg>
<doc>Fails if ``key`` is not found from ``dictionary``.</doc>
<status status="PASS" start="2024-08-03T01:07:34.052335" elapsed="0.000383"/>
</kw>
<kw name="Dictionary Should Contain Key" owner="Collections">
<arg>${json_data['results'][0]['login']}</arg>
<arg>${keyTwo}</arg>
<doc>Fails if ``key`` is not found from ``dictionary``.</doc>
<status status="PASS" start="2024-08-03T01:07:34.052896" elapsed="0.000371"/>
</kw>
<kw name="Log" owner="BuiltIn">
<msg time="2024-08-03T01:07:34.053562" level="INFO">username</msg>
<arg>${keyTwo}</arg>
<doc>Logs the given message with the given level.</doc>
<status status="PASS" start="2024-08-03T01:07:34.053444" elapsed="0.000155"/>
</kw>
<var name="${keyTwo}">username</var>
<status status="PASS" start="2024-08-03T01:07:34.052229" elapsed="0.001589"/>
</iter>
<iter>
<kw name="Dictionary Should Contain Key" owner="Collections">
<arg>${json_data['results'][0]['login']}</arg>
<arg>${keyTwo}</arg>
<doc>Fails if ``key`` is not found from ``dictionary``.</doc>
<status status="PASS" start="2024-08-03T01:07:34.054104" elapsed="0.000385"/>
</kw>
<kw name="Dictionary Should Contain Key" owner="Collections">
<arg>${json_data['results'][0]['login']}</arg>
<arg>${keyTwo}</arg>
<doc>Fails if ``key`` is not found from ``dictionary``.</doc>
<status status="PASS" start="2024-08-03T01:07:34.054668" elapsed="0.000371"/>
</kw>
<kw name="Log" owner="BuiltIn">
<msg time="2024-08-03T01:07:34.055340" level="INFO">password</msg>
<arg>${keyTwo}</arg>
<doc>Logs the given message with the given level.</doc>
<status status="PASS" start="2024-08-03T01:07:34.055217" elapsed="0.000160"/>
</kw>
<var name="${keyTwo}">password</var>
<status status="PASS" start="2024-08-03T01:07:34.053992" elapsed="0.001604"/>
</iter>
<var>${keyTwo}</var>
<value>@{expected_keysTwo}</value>
<status status="PASS" start="2024-08-03T01:07:34.052073" elapsed="0.003669"/>
</for>
<status status="PASS" start="2024-08-03T01:07:33.959898" elapsed="0.095985"/>
</kw>
<doc>Testa a estrutura da resposta da API.</doc>
<tag>testeEstruturaResposta</tag>
<status status="PASS" start="2024-08-03T01:07:33.959305" elapsed="0.096730"/>
</test>
<test id="s1-s1-t4" name="Validar tipos de dados" line="28">
<kw name="Teste de Tipos de Dados" owner="random-user-service">
<kw name="GET On Session" owner="RequestsLibrary">
<msg time="2024-08-03T01:07:34.140391" level="INFO">GET Request : url=https://randomuser.me/api 
 path_url=/api 
 headers={'User-Agent': 'python-requests/2.32.3', 'Accept-Encoding': 'gzip, deflate', 'Accept': '*/*', 'Connection': 'keep-alive'} 
 body=None 
 </msg>
<msg time="2024-08-03T01:07:34.140480" level="INFO">GET Response : url=https://randomuser.me/api 
 status=200, reason=OK 
 headers={'Date': 'Sat, 03 Aug 2024 01:07:34 GMT', 'Content-Type': 'application/json; charset=utf-8', 'Transfer-Encoding': 'chunked', 'Connection': 'keep-alive', 'X-Powered-By': 'Express', 'Access-Control-Allow-Origin': '*', 'Cache-Control': 'no-cache', 'ETag': 'W/"480-C0PMLQslUfEvWGm2TgGMg8Jy1hE"', 'Vary': 'Accept-Encoding', 'Content-Encoding': 'gzip', 'CF-Cache-Status': 'DYNAMIC', 'Report-To': '{"endpoints":[{"url":"https:\\/\\/a.nel.cloudflare.com\\/report\\/v4?s=oFNsbfSGCRxoAlPxVD9tZBlDziheJDBh2nQMypnY7Fz3M9bFkWTIgw5paYcgs8NntHq%2FRKsqNXCXx09G%2BuSTmwrKGokW65Mql93%2Ft4%2B%2FZumgPdzJpc4yImbLLC1YKsA9"}],"group":"cf-nel","max_age":604800}', 'NEL': '{"success_fraction":0,"report_to":"cf-nel","max_age":604800}', 'Server': 'cloudflare', 'CF-RAY': '8ad26959df0b5b17-IAD', 'alt-svc': 'h3=":443"; ma=86400'} 
 body={"results":[{"gender":"female","name":{"title":"Mrs","first":"Freia","last":"Heizmann"},"location":{"street":{"number":5046,"name":"Gartenstraße"},"city":"Waldshut-Tiengen","state":"Hessen","country":"Germany","postcode":50338,"coordinates":{"latitude":"-49.9876","longitude":"76.1745"},"timezone":{"offset":"+4:30","description":"Kabul"}},"email":"freia.heizmann@example.com","login":{"uuid":"558a85e6-7c09-447f-a76b-146a6626806c","username":"sadcat335","password":"heka6w2","salt":"VbMrB8zE","md5":"0aa0b06cc4d15c8e78f97d511795c867","sha1":"e8b8f2cebef6ecc9e093c784b918a26d51c4ec64","sha256":"d1cc5aa945463c0f348bf6bbb92959734d901f56b59f19edb125e6032a06ae7d"},"dob":{"date":"1966-11-21T22:48:28.577Z","age":57},"registered":{"date":"2015-07-31T10:44:24.226Z","age":9},"phone":"0414-5047588","cell":"0175-1502894","id":{"name":"SVNR","value":"71 211166 H 575"},"picture":{"large":"https://randomuser.me/api/portraits/women/38.jpg","medium":"https://randomuser.me/api/portraits/med/women/38.jpg","thumbnail":"https://randomuser.me/api/portraits/thumb/women/38.jpg"},"nat":"DE"}],"info":{"seed":"64de901a0f896cba","results":1,"page":1,"version":"1.4"}} 
 </msg>
<msg time="2024-08-03T01:07:34.140559" level="INFO">/opt/hostedtoolcache/Python/3.12.4/x64/lib/python3.12/site-packages/urllib3/connectionpool.py:1099: InsecureRequestWarning: Unverified HTTPS request is being made to host 'randomuser.me'. Adding certificate verification is strongly advised. See: https://urllib3.readthedocs.io/en/latest/advanced-usage.html#tls-warnings
  warnings.warn(</msg>
<msg time="2024-08-03T01:07:34.140679" level="INFO">${response} = &lt;Response [200]&gt;</msg>
<var>${response}</var>
<arg>consultarAPI</arg>
<arg>/api</arg>
<doc>Sends a GET request on a previously created HTTP Session.</doc>
<status status="PASS" start="2024-08-03T01:07:34.058532" elapsed="0.082203"/>
</kw>
<kw name="Set Variable" owner="BuiltIn">
<msg time="2024-08-03T01:07:34.141960" level="INFO">${json_data} = {'results': [{'gender': 'female', 'name': {'title': 'Mrs', 'first': 'Freia', 'last': 'Heizmann'}, 'location': {'street': {'number': 5046, 'name': 'Gartenstraße'}, 'city': 'Waldshut-Tiengen', 'state': ...</msg>
<var>${json_data}</var>
<arg>${response.json()}</arg>
<doc>Returns the given values which can then be assigned to a variables.</doc>
<status status="PASS" start="2024-08-03T01:07:34.141355" elapsed="0.000636"/>
</kw>
<kw name="Log" owner="BuiltIn">
<msg time="2024-08-03T01:07:34.142475" level="INFO">{'results': [{'gender': 'female', 'name': {'title': 'Mrs', 'first': 'Freia', 'last': 'Heizmann'}, 'location': {'street': {'number': 5046, 'name': 'Gartenstraße'}, 'city': 'Waldshut-Tiengen', 'state': 'Hessen', 'country': 'Germany', 'postcode': 50338, 'coordinates': {'latitude': '-49.9876', 'longitude': '76.1745'}, 'timezone': {'offset': '+4:30', 'description': 'Kabul'}}, 'email': 'freia.heizmann@example.com', 'login': {'uuid': '558a85e6-7c09-447f-a76b-146a6626806c', 'username': 'sadcat335', 'password': 'heka6w2', 'salt': 'VbMrB8zE', 'md5': '0aa0b06cc4d15c8e78f97d511795c867', 'sha1': 'e8b8f2cebef6ecc9e093c784b918a26d51c4ec64', 'sha256': 'd1cc5aa945463c0f348bf6bbb92959734d901f56b59f19edb125e6032a06ae7d'}, 'dob': {'date': '1966-11-21T22:48:28.577Z', 'age': 57}, 'registered': {'date': '2015-07-31T10:44:24.226Z', 'age': 9}, 'phone': '0414-5047588', 'cell': '0175-1502894', 'id': {'name': 'SVNR', 'value': '71 211166 H 575'}, 'picture': {'large': 'https://randomuser.me/api/portraits/women/38.jpg', 'medium': 'https://randomuser.me/api/portraits/med/women/38.jpg', 'thumbnail': 'https://randomuser.me/api/portraits/thumb/women/38.jpg'}, 'nat': 'DE'}], 'info': {'seed': '64de901a0f896cba', 'results': 1, 'page': 1, 'version': '1.4'}}</msg>
<arg>${json_data}</arg>
<doc>Logs the given message with the given level.</doc>
<status status="PASS" start="2024-08-03T01:07:34.142313" elapsed="0.000211"/>
</kw>
<kw name="Should Be String" owner="String">
<arg>${json_data['results'][0]['gender']}</arg>
<doc>Fails if the given ``item`` is not a string.</doc>
<status status="PASS" start="2024-08-03T01:07:34.142823" elapsed="0.000366"/>
</kw>
<kw name="Should Match Regexp" owner="BuiltIn">
<arg>${json_data['results'][0]['email']}</arg>
<arg>^[a-zA-Z0-9._%+-]+@[a-zA-Z0-9.-]+\.[a-zA-Z]{2,}$</arg>
<doc>Fails if ``string`` does not match ``pattern`` as a regular expression.</doc>
<status status="PASS" start="2024-08-03T01:07:34.143378" elapsed="0.000563"/>
</kw>
<kw name="Should Match Regexp" owner="BuiltIn">
<arg>${json_data['results'][0]['dob']['date']}</arg>
<arg>\\d{4}-\\d{2}-\\d{2}T\\d{2}:\\d{2}:\\d{2}\\.\\d{3}Z</arg>
<doc>Fails if ``string`` does not match ``pattern`` as a regular expression.</doc>
<status status="PASS" start="2024-08-03T01:07:34.144175" elapsed="0.000624"/>
</kw>
<kw name="Should Match Regexp" owner="BuiltIn">
<arg>${json_data['results'][0]['registered']['date']}</arg>
<arg>\\d{4}-\\d{2}-\\d{2}T\\d{2}:\\d{2}:\\d{2}\\.\\d{3}Z</arg>
<doc>Fails if ``string`` does not match ``pattern`` as a regular expression.</doc>
<status status="PASS" start="2024-08-03T01:07:34.144991" elapsed="0.000372"/>
</kw>
<kw name="Should Match Regexp" owner="BuiltIn">
<arg>${json_data['results'][0]['picture']['large']}</arg>
<arg>^https?://.*\.(?:png|jpe?g|gif|bmp)$</arg>
<doc>Fails if ``string`` does not match ``pattern`` as a regular expression.</doc>
<status status="PASS" start="2024-08-03T01:07:34.145548" elapsed="0.000455"/>
</kw>
<kw name="Should Match Regexp" owner="BuiltIn">
<arg>${json_data['results'][0]['picture']['medium']}</arg>
<arg>^https?://.*\.(?:png|jpe?g|gif|bmp)$</arg>
<doc>Fails if ``string`` does not match ``pattern`` as a regular expression.</doc>
<status status="PASS" start="2024-08-03T01:07:34.146189" elapsed="0.000350"/>
</kw>
<kw name="Should Match Regexp" owner="BuiltIn">
<arg>${json_data['results'][0]['picture']['thumbnail']}</arg>
<arg>^https?://.*\.(?:png|jpe?g|gif|bmp)$</arg>
<doc>Fails if ``string`` does not match ``pattern`` as a regular expression.</doc>
<status status="PASS" start="2024-08-03T01:07:34.146722" elapsed="0.000347"/>
</kw>
<kw name="Log" owner="BuiltIn">
<msg time="2024-08-03T01:07:34.147565" level="INFO">{'large': 'https://randomuser.me/api/portraits/women/38.jpg', 'medium': 'https://randomuser.me/api/portraits/med/women/38.jpg', 'thumbnail': 'https://randomuser.me/api/portraits/thumb/women/38.jpg'}</msg>
<arg>${json_data['results'][0]['picture']}</arg>
<doc>Logs the given message with the given level.</doc>
<status status="PASS" start="2024-08-03T01:07:34.147246" elapsed="0.000361"/>
</kw>
<status status="PASS" start="2024-08-03T01:07:34.058307" elapsed="0.089584"/>
</kw>
<kw name="Teste de Tipos de Dados - Postcode" owner="random-user-service">
<kw name="GET On Session" owner="RequestsLibrary">
<msg time="2024-08-03T01:07:34.318830" level="INFO">GET Request : url=https://randomuser.me/api 
 path_url=/api 
 headers={'User-Agent': 'python-requests/2.32.3', 'Accept-Encoding': 'gzip, deflate', 'Accept': '*/*', 'Connection': 'keep-alive'} 
 body=None 
 </msg>
<msg time="2024-08-03T01:07:34.318931" level="INFO">GET Response : url=https://randomuser.me/api 
 status=200, reason=OK 
 headers={'Date': 'Sat, 03 Aug 2024 01:07:34 GMT', 'Content-Type': 'application/json; charset=utf-8', 'Transfer-Encoding': 'chunked', 'Connection': 'keep-alive', 'X-Powered-By': 'Express', 'Access-Control-Allow-Origin': '*', 'Cache-Control': 'no-cache', 'ETag': 'W/"47b-UdkD/lbi6mLgYtJbwx5ZkD3KVlQ"', 'Vary': 'Accept-Encoding', 'Content-Encoding': 'gzip', 'CF-Cache-Status': 'DYNAMIC', 'Report-To': '{"endpoints":[{"url":"https:\\/\\/a.nel.cloudflare.com\\/report\\/v4?s=GwU7sbB1F186GgcM7vcdc0HKr0s3yxee0TNWaYsk4JD3fJeEpaESef5hVFmmvRSvW9IFGlwwgtmUeUmRr0WPa%2B8EgQqlsEUXH4sIL9oaCrM7xKFIKdT0ySoddDIXBMas"}],"group":"cf-nel","max_age":604800}', 'NEL': '{"success_fraction":0,"report_to":"cf-nel","max_age":604800}', 'Server': 'cloudflare', 'CF-RAY': '8ad2695a6f635b17-IAD', 'alt-svc': 'h3=":443"; ma=86400'} 
 body={"results":[{"gender":"male","name":{"title":"Mr","first":"Leonel","last":"Løvseth"},"location":{"street":{"number":601,"name":"Vinkelveien"},"city":"Såstadbråten","state":"Trøndelag","country":"Norway","postcode":"9714","coordinates":{"latitude":"38.9801","longitude":"-108.5647"},"timezone":{"offset":"+6:00","description":"Almaty, Dhaka, Colombo"}},"email":"leonel.lovseth@example.com","login":{"uuid":"88c0fde2-681c-4a25-8dbf-61b6edd13d3d","username":"sadzebra464","password":"snake","salt":"AIdVNjvI","md5":"ce184a26a4d4e2adb7ec08afdca8449c","sha1":"abbe2af58ad07cf10956f25c7d2fddc4e743cae8","sha256":"1e41712ac9bb96a37242226259a9112d0b4f407301cd053a35998faaed5ffa56"},"dob":{"date":"1948-10-25T20:24:11.310Z","age":75},"registered":{"date":"2016-05-13T08:52:31.537Z","age":8},"phone":"88802828","cell":"98772807","id":{"name":"FN","value":"25104846524"},"picture":{"large":"https://randomuser.me/api/portraits/men/43.jpg","medium":"https://randomuser.me/api/portraits/med/men/43.jpg","thumbnail":"https://randomuser.me/api/portraits/thumb/men/43.jpg"},"nat":"NO"}],"info":{"seed":"8ec51d18f0424dad","results":1,"page":1,"version":"1.4"}} 
 </msg>
<msg time="2024-08-03T01:07:34.319014" level="INFO">/opt/hostedtoolcache/Python/3.12.4/x64/lib/python3.12/site-packages/urllib3/connectionpool.py:1099: InsecureRequestWarning: Unverified HTTPS request is being made to host 'randomuser.me'. Adding certificate verification is strongly advised. See: https://urllib3.readthedocs.io/en/latest/advanced-usage.html#tls-warnings
  warnings.warn(</msg>
<msg time="2024-08-03T01:07:34.319148" level="INFO">${response} = &lt;Response [200]&gt;</msg>
<var>${response}</var>
<arg>consultarAPI</arg>
<arg>/api</arg>
<doc>Sends a GET request on a previously created HTTP Session.</doc>
<status status="PASS" start="2024-08-03T01:07:34.148343" elapsed="0.170852"/>
</kw>
<kw name="Set Variable" owner="BuiltIn">
<msg time="2024-08-03T01:07:34.320402" level="INFO">${json_data} = {'results': [{'gender': 'male', 'name': {'title': 'Mr', 'first': 'Leonel', 'last': 'Løvseth'}, 'location': {'street': {'number': 601, 'name': 'Vinkelveien'}, 'city': 'Såstadbråten', 'state': 'Trøndela...</msg>
<var>${json_data}</var>
<arg>${response.json()}</arg>
<doc>Returns the given values which can then be assigned to a variables.</doc>
<status status="PASS" start="2024-08-03T01:07:34.319865" elapsed="0.000566"/>
</kw>
<kw name="Log" owner="BuiltIn">
<msg time="2024-08-03T01:07:34.320900" level="INFO">{'results': [{'gender': 'male', 'name': {'title': 'Mr', 'first': 'Leonel', 'last': 'Løvseth'}, 'location': {'street': {'number': 601, 'name': 'Vinkelveien'}, 'city': 'Såstadbråten', 'state': 'Trøndelag', 'country': 'Norway', 'postcode': '9714', 'coordinates': {'latitude': '38.9801', 'longitude': '-108.5647'}, 'timezone': {'offset': '+6:00', 'description': 'Almaty, Dhaka, Colombo'}}, 'email': 'leonel.lovseth@example.com', 'login': {'uuid': '88c0fde2-681c-4a25-8dbf-61b6edd13d3d', 'username': 'sadzebra464', 'password': 'snake', 'salt': 'AIdVNjvI', 'md5': 'ce184a26a4d4e2adb7ec08afdca8449c', 'sha1': 'abbe2af58ad07cf10956f25c7d2fddc4e743cae8', 'sha256': '1e41712ac9bb96a37242226259a9112d0b4f407301cd053a35998faaed5ffa56'}, 'dob': {'date': '1948-10-25T20:24:11.310Z', 'age': 75}, 'registered': {'date': '2016-05-13T08:52:31.537Z', 'age': 8}, 'phone': '88802828', 'cell': '98772807', 'id': {'name': 'FN', 'value': '25104846524'}, 'picture': {'large': 'https://randomuser.me/api/portraits/men/43.jpg', 'medium': 'https://randomuser.me/api/portraits/med/men/43.jpg', 'thumbnail': 'https://randomuser.me/api/portraits/thumb/men/43.jpg'}, 'nat': 'NO'}], 'info': {'seed': '8ec51d18f0424dad', 'results': 1, 'page': 1, 'version': '1.4'}}</msg>
<arg>${json_data}</arg>
<doc>Logs the given message with the given level.</doc>
<status status="PASS" start="2024-08-03T01:07:34.320741" elapsed="0.000206"/>
</kw>
<kw name="Should Be Equal As Numbers" owner="BuiltIn">
<arg>${json_data['results'][0]['location']['postcode']}</arg>
<arg>${json_data['results'][0]['location']['postcode']}</arg>
<doc>Fails if objects are unequal after converting them to real numbers.</doc>
<status status="PASS" start="2024-08-03T01:07:34.321243" elapsed="0.000618"/>
</kw>
<kw name="Log" owner="BuiltIn">
<msg time="2024-08-03T01:07:34.322381" level="INFO">9714</msg>
<arg>${json_data['results'][0]['location']['postcode']}</arg>
<doc>Logs the given message with the given level.</doc>
<status status="PASS" start="2024-08-03T01:07:34.322053" elapsed="0.000368"/>
</kw>
<status status="PASS" start="2024-08-03T01:07:34.148113" elapsed="0.174591"/>
</kw>
<doc>Testa se os tipos de dados na resposta da API estão corretos.</doc>
<tag>testeTiposDados</tag>
<status status="PASS" start="2024-08-03T01:07:34.057766" elapsed="0.265110"/>
</test>
<test id="s1-s1-t5" name="Validar conteudo" line="35">
<kw name="Teste de Tipos de Conteudo" owner="random-user-service">
<kw name="GET On Session" owner="RequestsLibrary">
<msg time="2024-08-03T01:07:34.351932" level="INFO">GET Request : url=https://randomuser.me/api 
 path_url=/api 
 headers={'User-Agent': 'python-requests/2.32.3', 'Accept-Encoding': 'gzip, deflate', 'Accept': '*/*', 'Connection': 'keep-alive'} 
 body=None 
 </msg>
<msg time="2024-08-03T01:07:34.352010" level="INFO">GET Response : url=https://randomuser.me/api 
 status=200, reason=OK 
 headers={'Date': 'Sat, 03 Aug 2024 01:07:34 GMT', 'Content-Type': 'application/json; charset=utf-8', 'Transfer-Encoding': 'chunked', 'Connection': 'keep-alive', 'X-Powered-By': 'Express', 'Access-Control-Allow-Origin': '*', 'Cache-Control': 'no-cache', 'ETag': 'W/"490-rLNPK3AXzSp21WIHZCBHReaIMzQ"', 'Vary': 'Accept-Encoding', 'Content-Encoding': 'gzip', 'CF-Cache-Status': 'DYNAMIC', 'Report-To': '{"endpoints":[{"url":"https:\\/\\/a.nel.cloudflare.com\\/report\\/v4?s=oPzZNb0neXGRs18VVqONMX5OjmTnROa7bbsXZNGz%2BvcZTLBZ0ba%2BhhXgDhiNNOsoxwYDtIvPPD%2BiIK6fld1hlJ3MWOk5FagxUlhUBpinvn%2FIyQa3NVqxKAUWNXpr4Zdj"}],"group":"cf-nel","max_age":604800}', 'NEL': '{"success_fraction":0,"report_to":"cf-nel","max_age":604800}', 'Server': 'cloudflare', 'CF-RAY': '8ad2695b88325b17-IAD', 'alt-svc': 'h3=":443"; ma=86400'} 
 body={"results":[{"gender":"female","name":{"title":"Miss","first":"Lauren","last":"Mckinney"},"location":{"street":{"number":9757,"name":"Boghall Road"},"city":"Carrick-on-Suir","state":"Louth","country":"Ireland","postcode":13192,"coordinates":{"latitude":"1.0026","longitude":"10.2730"},"timezone":{"offset":"-7:00","description":"Mountain Time (US &amp; Canada)"}},"email":"lauren.mckinney@example.com","login":{"uuid":"9943f029-0412-41b4-bcff-d70596c16fb3","username":"yellowsnake537","password":"xyzzy","salt":"qfjgSsoW","md5":"5b967cddc85f51f7a770c028dc468426","sha1":"6c99c9c5df4735e28b843ce631da8fcdcfc9eb6e","sha256":"160c5350ce2b84fe8dd111fef31b1901244ad13ba93f403b94dbd2a9941f1370"},"dob":{"date":"1946-12-22T23:59:57.662Z","age":77},"registered":{"date":"2009-03-28T11:48:26.124Z","age":15},"phone":"041-703-9726","cell":"081-535-7221","id":{"name":"PPS","value":"9337220T"},"picture":{"large":"https://randomuser.me/api/portraits/women/58.jpg","medium":"https://randomuser.me/api/portraits/med/women/58.jpg","thumbnail":"https://randomuser.me/api/portraits/thumb/women/58.jpg"},"nat":"IE"}],"info":{"seed":"6e31fe3e5b8e8dba","results":1,"page":1,"version":"1.4"}} 
 </msg>
<msg time="2024-08-03T01:07:34.352080" level="INFO">/opt/hostedtoolcache/Python/3.12.4/x64/lib/python3.12/site-packages/urllib3/connectionpool.py:1099: InsecureRequestWarning: Unverified HTTPS request is being made to host 'randomuser.me'. Adding certificate verification is strongly advised. See: https://urllib3.readthedocs.io/en/latest/advanced-usage.html#tls-warnings
  warnings.warn(</msg>
<msg time="2024-08-03T01:07:34.352187" level="INFO">${response} = &lt;Response [200]&gt;</msg>
<var>${response}</var>
<arg>consultarAPI</arg>
<arg>/api</arg>
<doc>Sends a GET request on a previously created HTTP Session.</doc>
<status status="PASS" start="2024-08-03T01:07:34.325398" elapsed="0.026840"/>
</kw>
<kw name="Set Variable" owner="BuiltIn">
<msg time="2024-08-03T01:07:34.353309" level="INFO">${json_data} = {'results': [{'gender': 'female', 'name': {'title': 'Miss', 'first': 'Lauren', 'last': 'Mckinney'}, 'location': {'street': {'number': 9757, 'name': 'Boghall Road'}, 'city': 'Carrick-on-Suir', 'state':...</msg>
<var>${json_data}</var>
<arg>${response.json()}</arg>
<doc>Returns the given values which can then be assigned to a variables.</doc>
<status status="PASS" start="2024-08-03T01:07:34.352739" elapsed="0.000599"/>
</kw>
<kw name="Set Variable" owner="BuiltIn">
<msg time="2024-08-03T01:07:34.354021" level="INFO">${name_title} = Miss</msg>
<var>${name_title}</var>
<arg>${json_data["results"][0]["name"]["title"]}</arg>
<doc>Returns the given values which can then be assigned to a variables.</doc>
<status status="PASS" start="2024-08-03T01:07:34.353641" elapsed="0.000406"/>
</kw>
<kw name="Create List" owner="BuiltIn">
<msg time="2024-08-03T01:07:34.354490" level="INFO">${allowed_titles} = ['Mr', 'Ms', 'Miss', 'Mrs', 'Madame', 'Monsieur']</msg>
<var>${allowed_titles}</var>
<arg>Mr</arg>
<arg>Ms</arg>
<arg>Miss</arg>
<arg>Mrs</arg>
<arg>Madame</arg>
<arg>Monsieur</arg>
<doc>Returns a list containing given items.</doc>
<status status="PASS" start="2024-08-03T01:07:34.354341" elapsed="0.000173"/>
</kw>
<kw name="List Should Contain Value" owner="Collections">
<arg>${allowed_titles}</arg>
<arg>${name_title}</arg>
<doc>Fails if the ``value`` is not found from ``list``.</doc>
<status status="PASS" start="2024-08-03T01:07:34.354822" elapsed="0.000177"/>
</kw>
<kw name="Set Variable" owner="BuiltIn">
<msg time="2024-08-03T01:07:34.355560" level="INFO">${name_country} = IE</msg>
<var>${name_country}</var>
<arg>${json_data["results"][0]["nat"]}</arg>
<doc>Returns the given values which can then be assigned to a variables.</doc>
<status status="PASS" start="2024-08-03T01:07:34.355180" elapsed="0.000405"/>
</kw>
<kw name="Create List" owner="BuiltIn">
<msg time="2024-08-03T01:07:34.356498" level="INFO">${list_country} = ['AD', 'AE', 'AF', 'AG', 'AI', 'AL', 'AM', 'AO', 'AQ', 'AR', 'AS', 'AT', 'AU', 'AW', 'AX', 'AZ', 'BA', 'BB', 'BD', 'BE', 'BF', 'BG', 'BH', 'BI', 'BJ', 'BL', 'BM', 'BN', 'BO', 'BQ', 'BR', 'BS', 'BT', '...</msg>
<var>${list_country}</var>
<arg>AD</arg>
<arg>AE</arg>
<arg>AF</arg>
<arg>AG</arg>
<arg>AI</arg>
<arg>AL</arg>
<arg>AM</arg>
<arg>AO</arg>
<arg>AQ</arg>
<arg>AR</arg>
<arg>AS</arg>
<arg>AT</arg>
<arg>AU</arg>
<arg>AW</arg>
<arg>AX</arg>
<arg>AZ</arg>
<arg>BA</arg>
<arg>BB</arg>
<arg>BD</arg>
<arg>BE</arg>
<arg>BF</arg>
<arg>BG</arg>
<arg>BH</arg>
<arg>BI</arg>
<arg>BJ</arg>
<arg>BL</arg>
<arg>BM</arg>
<arg>BN</arg>
<arg>BO</arg>
<arg>BQ</arg>
<arg>BR</arg>
<arg>BS</arg>
<arg>BT</arg>
<arg>BV</arg>
<arg>BW</arg>
<arg>BY</arg>
<arg>BZ</arg>
<arg>CA</arg>
<arg>CC</arg>
<arg>CD</arg>
<arg>CF</arg>
<arg>CG</arg>
<arg>CH</arg>
<arg>CI</arg>
<arg>CK</arg>
<arg>CL</arg>
<arg>CM</arg>
<arg>CN</arg>
<arg>CO</arg>
<arg>CR</arg>
<arg>CU</arg>
<arg>CV</arg>
<arg>CW</arg>
<arg>CX</arg>
<arg>CY</arg>
<arg>CZ</arg>
<arg>DE</arg>
<arg>DJ</arg>
<arg>DK</arg>
<arg>DM</arg>
<arg>DO</arg>
<arg>DZ</arg>
<arg>EC</arg>
<arg>EE</arg>
<arg>EG</arg>
<arg>EH</arg>
<arg>ER</arg>
<arg>ES</arg>
<arg>ET</arg>
<arg>FI</arg>
<arg>FJ</arg>
<arg>FK</arg>
<arg>FM</arg>
<arg>FO</arg>
<arg>FR</arg>
<arg>GA</arg>
<arg>GB</arg>
<arg>GD</arg>
<arg>GE</arg>
<arg>GF</arg>
<arg>GG</arg>
<arg>GH</arg>
<arg>GI</arg>
<arg>GL</arg>
<arg>GM</arg>
<arg>GN</arg>
<arg>GP</arg>
<arg>GQ</arg>
<arg>GR</arg>
<arg>GS</arg>
<arg>GT</arg>
<arg>GU</arg>
<arg>GW</arg>
<arg>GY</arg>
<arg>HK</arg>
<arg>HM</arg>
<arg>HN</arg>
<arg>HR</arg>
<arg>HT</arg>
<arg>HU</arg>
<arg>ID</arg>
<arg>IE</arg>
<arg>IL</arg>
<arg>IM</arg>
<arg>IN</arg>
<arg>IO</arg>
<arg>IQ</arg>
<arg>IR</arg>
<arg>IS</arg>
<arg>IT</arg>
<arg>JE</arg>
<arg>JM</arg>
<arg>JO</arg>
<arg>JP</arg>
<arg>KE</arg>
<arg>KG</arg>
<arg>KH</arg>
<arg>KI</arg>
<arg>KM</arg>
<arg>KN</arg>
<arg>KP</arg>
<arg>KR</arg>
<arg>KW</arg>
<arg>KY</arg>
<arg>KZ</arg>
<arg>LA</arg>
<arg>LB</arg>
<arg>LC</arg>
<arg>LI</arg>
<arg>LK</arg>
<arg>LR</arg>
<arg>LS</arg>
<arg>LT</arg>
<arg>LU</arg>
<arg>LV</arg>
<arg>LY</arg>
<arg>MA</arg>
<arg>MC</arg>
<arg>MD</arg>
<arg>ME</arg>
<arg>MF</arg>
<arg>MG</arg>
<arg>MH</arg>
<arg>MK</arg>
<arg>ML</arg>
<arg>MM</arg>
<arg>MN</arg>
<arg>MO</arg>
<arg>MP</arg>
<arg>MQ</arg>
<arg>MR</arg>
<arg>MS</arg>
<arg>MT</arg>
<arg>MU</arg>
<arg>MV</arg>
<arg>MW</arg>
<arg>MX</arg>
<arg>MY</arg>
<arg>MZ</arg>
<arg>NA</arg>
<arg>NC</arg>
<arg>NE</arg>
<arg>NF</arg>
<arg>NG</arg>
<arg>NI</arg>
<arg>NL</arg>
<arg>NO</arg>
<arg>NP</arg>
<arg>NR</arg>
<arg>NU</arg>
<arg>NZ</arg>
<arg>OM</arg>
<arg>PA</arg>
<arg>PE</arg>
<arg>PF</arg>
<arg>PG</arg>
<arg>PH</arg>
<arg>PK</arg>
<arg>PL</arg>
<arg>PM</arg>
<arg>PN</arg>
<arg>PR</arg>
<arg>PS</arg>
<arg>PT</arg>
<arg>PW</arg>
<arg>PY</arg>
<arg>QA</arg>
<arg>RE</arg>
<arg>RO</arg>
<arg>RS</arg>
<arg>RU</arg>
<arg>RW</arg>
<arg>SA</arg>
<arg>SB</arg>
<arg>SC</arg>
<arg>SD</arg>
<arg>SE</arg>
<arg>SG</arg>
<arg>SH</arg>
<arg>SI</arg>
<arg>SJ</arg>
<arg>SK</arg>
<arg>SL</arg>
<arg>SM</arg>
<arg>SN</arg>
<arg>SO</arg>
<arg>SR</arg>
<arg>SS</arg>
<arg>ST</arg>
<arg>SV</arg>
<arg>SX</arg>
<arg>SY</arg>
<arg>SZ</arg>
<arg>TC</arg>
<arg>TD</arg>
<arg>TF</arg>
<arg>TG</arg>
<arg>TH</arg>
<arg>TJ</arg>
<arg>TK</arg>
<arg>TL</arg>
<arg>TM</arg>
<arg>TN</arg>
<arg>TO</arg>
<arg>TR</arg>
<arg>TT</arg>
<arg>TV</arg>
<arg>TW</arg>
<arg>TZ</arg>
<arg>UA</arg>
<arg>UG</arg>
<arg>UM</arg>
<arg>US</arg>
<arg>UY</arg>
<arg>UZ</arg>
<arg>VA</arg>
<arg>VC</arg>
<arg>VE</arg>
<arg>VG</arg>
<arg>VI</arg>
<arg>VN</arg>
<arg>VU</arg>
<arg>WF</arg>
<arg>WS</arg>
<arg>XK</arg>
<arg>YE</arg>
<arg>YT</arg>
<arg>ZA</arg>
<arg>ZM</arg>
<arg>ZW</arg>
<doc>Returns a list containing given items.</doc>
<status status="PASS" start="2024-08-03T01:07:34.355906" elapsed="0.000618"/>
</kw>
<kw name="List Should Contain Value" owner="Collections">
<arg>${list_country}</arg>
<arg>${name_country}</arg>
<doc>Fails if the ``value`` is not found from ``list``.</doc>
<status status="PASS" start="2024-08-03T01:07:34.357466" elapsed="0.000209"/>
</kw>
<kw name="Run Keyword If" owner="BuiltIn">
<kw name="Should Be True" owner="BuiltIn">
<arg>${True}</arg>
<doc>Fails if the given condition is not true.</doc>
<status status="PASS" start="2024-08-03T01:07:34.358612" elapsed="0.000140"/>
</kw>
<arg>${json_data["results"][0]["location"]["coordinates"]["latitude"]} &gt;= -90 and ${json_data["results"][0]["location"]["coordinates"]["latitude"]} &lt;= 90</arg>
<arg>Should Be True</arg>
<arg>${True}</arg>
<doc>Runs the given keyword with the given arguments, if ``condition`` is true.</doc>
<status status="PASS" start="2024-08-03T01:07:34.357872" elapsed="0.001005"/>
</kw>
<kw name="Run Keyword If" owner="BuiltIn">
<kw name="Should Be True" owner="BuiltIn">
<arg>${True}</arg>
<doc>Fails if the given condition is not true.</doc>
<status status="PASS" start="2024-08-03T01:07:34.359769" elapsed="0.000137"/>
</kw>
<arg>${json_data["results"][0]["location"]["coordinates"]["longitude"]} &gt;= -180 and ${json_data["results"][0]["location"]["coordinates"]["longitude"]} &lt;= 180</arg>
<arg>Should Be True</arg>
<arg>${True}</arg>
<doc>Runs the given keyword with the given arguments, if ``condition`` is true.</doc>
<status status="PASS" start="2024-08-03T01:07:34.359057" elapsed="0.000985"/>
</kw>
<status status="PASS" start="2024-08-03T01:07:34.325179" elapsed="0.034989"/>
</kw>
<doc>Testa o conteúdo específico dos campos retornados pela API.</doc>
<tag>testeConteudo</tag>
<status status="PASS" start="2024-08-03T01:07:34.324651" elapsed="0.035662"/>
</test>
<status status="PASS" start="2024-08-03T01:07:33.537583" elapsed="0.824685"/>
</suite>
<status status="PASS" start="2024-08-03T01:07:33.522918" elapsed="0.844463"/>
</suite>
<statistics>
<total>
<stat pass="5" fail="0" skip="0">All Tests</stat>
</total>
<tag>
<stat pass="1" fail="0" skip="0">testeConteudo</stat>
<stat pass="1" fail="0" skip="0">testeEstruturaResposta</stat>
<stat pass="1" fail="0" skip="0">testeRequisicaoBasica</stat>
<stat pass="1" fail="0" skip="0">testeTiposDados</stat>
</tag>
<suite>
<stat pass="5" fail="0" skip="0" id="s1" name="Tests">Tests</stat>
<stat pass="5" fail="0" skip="0" id="s1-s1" name="Random-User-Test">Tests.Random-User-Test</stat>
</suite>
</statistics>
<errors>
</errors>
</robot>
