<?xml version="1.0" encoding="UTF-8"?>
<robot generator="Robot 7.0 (Python 3.12.2 on linux)" generated="2024-04-03T14:12:53.243244" rpa="false" schemaversion="5">
<suite id="s1" name="Tests" source="/home/runner/work/DesafioQAItauRogerioJordao/DesafioQAItauRogerioJordao/RamdonUser/tests">
<suite id="s1-s1" name="Random-User-Test" source="/home/runner/work/DesafioQAItauRogerioJordao/DesafioQAItauRogerioJordao/RamdonUser/tests/random-user-test.robot">
<test id="s1-s1-t1" name="Conectar" line="13">
<kw name="Conectar API" owner="random-user-service">
<kw name="Create Session" owner="RequestsLibrary">
<msg time="2024-04-03T14:12:53.595066" level="INFO">Creating Session using : alias=consultarAPI, url=https://randomuser.me/, headers={},                     cookies={}, auth=None, timeout=None, proxies=None, verify=False,                     debug=0 </msg>
<arg>consultarAPI</arg>
<arg>${URL}</arg>
<doc>Create Session: create a HTTP session to a server</doc>
<status status="PASS" start="2024-04-03T14:12:53.594857" elapsed="0.000419"/>
</kw>
<status status="PASS" start="2024-04-03T14:12:53.593817" elapsed="0.001831"/>
</kw>
<status status="PASS" start="2024-04-03T14:12:53.593284" elapsed="0.002573"/>
</test>
<test id="s1-s1-t2" name="Validar retorno 200 e JSON Válido" line="16">
<kw name="Teste de Requisicao Basica" owner="random-user-service">
<kw name="GET On Session" owner="RequestsLibrary">
<msg time="2024-04-03T14:12:53.684536" level="INFO">GET Request : url=https://randomuser.me/api 
 path_url=/api 
 headers={'User-Agent': 'python-requests/2.31.0', 'Accept-Encoding': 'gzip, deflate', 'Accept': '*/*', 'Connection': 'keep-alive'} 
 body=None 
 </msg>
<msg time="2024-04-03T14:12:53.684689" level="INFO">GET Response : url=https://randomuser.me/api 
 status=200, reason=OK 
 headers={'Date': 'Wed, 03 Apr 2024 14:12:53 GMT', 'Content-Type': 'application/json; charset=utf-8', 'Transfer-Encoding': 'chunked', 'Connection': 'keep-alive', 'X-Powered-By': 'Express', 'Access-Control-Allow-Origin': '*', 'Cache-Control': 'no-cache', 'ETag': 'W/"479-Q5W1YbrthT6wBRe/Hr1hkyxRCR0"', 'Vary': 'Accept-Encoding', 'Content-Encoding': 'gzip', 'CF-Cache-Status': 'DYNAMIC', 'Report-To': '{"endpoints":[{"url":"https:\\/\\/a.nel.cloudflare.com\\/report\\/v4?s=WmxhojyoARi21Btte%2FzE3maT8igMttRqFklce1IyV8AbvnkwHP2Mu%2BVK%2BbaWG5O3FD0mgEvVNdxFYlYFYY2zUrsHZSYDmaiFjFHgOBTPOF7EeOYZUJVsVMKGhMXpX1oX"}],"group":"cf-nel","max_age":604800}', 'NEL': '{"success_fraction":0,"report_to":"cf-nel","max_age":604800}', 'Server': 'cloudflare', 'CF-RAY': '86e9a7fb3b778f4e-ORD', 'alt-svc': 'h3=":443"; ma=86400'} 
 body={"results":[{"gender":"female","name":{"title":"Mrs","first":"Sherry","last":"Rogers"},"location":{"street":{"number":1868,"name":"Camden Ave"},"city":"Temecula","state":"Arizona","country":"United States","postcode":97581,"coordinates":{"latitude":"84.5758","longitude":"42.2789"},"timezone":{"offset":"+4:30","description":"Kabul"}},"email":"sherry.rogers@example.com","login":{"uuid":"dc7a21e0-f2d4-4a6b-995b-a5dadd6940a5","username":"sadmouse406","password":"figaro","salt":"j2qPAQxK","md5":"39373417dfd1fd0b7d4bcba362710d39","sha1":"5c90e2752b3c9cfd21a7d1deafa99def58201cd1","sha256":"f00aa2f55d32c2e441ad8a39ca05d48fe81ef669e7e50f52199ddeb1826ea31b"},"dob":{"date":"1991-02-16T16:52:52.744Z","age":33},"registered":{"date":"2015-01-19T03:30:35.654Z","age":9},"phone":"(835) 406-3092","cell":"(761) 492-7607","id":{"name":"SSN","value":"104-82-9340"},"picture":{"large":"https://randomuser.me/api/portraits/women/80.jpg","medium":"https://randomuser.me/api/portraits/med/women/80.jpg","thumbnail":"https://randomuser.me/api/portraits/thumb/women/80.jpg"},"nat":"US"}],"info":{"seed":"ab28f5b3da69506a","results":1,"page":1,"version":"1.4"}} 
 </msg>
<msg time="2024-04-03T14:12:53.684791" level="INFO">/opt/hostedtoolcache/Python/3.12.2/x64/lib/python3.12/site-packages/urllib3/connectionpool.py:1103: InsecureRequestWarning: Unverified HTTPS request is being made to host 'randomuser.me'. Adding certificate verification is strongly advised. See: https://urllib3.readthedocs.io/en/latest/advanced-usage.html#tls-warnings
  warnings.warn(</msg>
<msg time="2024-04-03T14:12:53.684932" level="INFO">${response} = &lt;Response [200]&gt;</msg>
<var>${response}</var>
<arg>consultarAPI</arg>
<arg>/api</arg>
<doc>Sends a GET request on a previously created HTTP Session.</doc>
<status status="PASS" start="2024-04-03T14:12:53.598475" elapsed="0.086501"/>
</kw>
<kw name="Should Be Equal As Numbers" owner="BuiltIn">
<msg time="2024-04-03T14:12:53.685958" level="INFO">Argument types are:
&lt;class 'int'&gt;
&lt;class 'str'&gt;</msg>
<arg>${response.status_code}</arg>
<arg>200</arg>
<doc>Fails if objects are unequal after converting them to real numbers.</doc>
<status status="PASS" start="2024-04-03T14:12:53.685508" elapsed="0.000514"/>
</kw>
<kw name="Log" owner="BuiltIn">
<msg time="2024-04-03T14:12:53.686696" level="INFO">200</msg>
<arg>${response.status_code}</arg>
<doc>Logs the given message with the given level.</doc>
<status status="PASS" start="2024-04-03T14:12:53.686338" elapsed="0.000399"/>
</kw>
<kw name="Set Variable" owner="BuiltIn">
<msg time="2024-04-03T14:12:53.687540" level="INFO">${json_data} = {'results': [{'gender': 'female', 'name': {'title': 'Mrs', 'first': 'Sherry', 'last': 'Rogers'}, 'location': {'street': {'number': 1868, 'name': 'Camden Ave'}, 'city': 'Temecula', 'state': 'Arizona', ...</msg>
<var>${json_data}</var>
<arg>${response.json()}</arg>
<doc>Returns the given values which can then be assigned to a variables.</doc>
<status status="PASS" start="2024-04-03T14:12:53.687068" elapsed="0.000500"/>
</kw>
<kw name="Dictionary Should Contain Key" owner="Collections">
<msg time="2024-04-03T14:12:53.688048" level="INFO">False</msg>
<arg>${json_data}</arg>
<arg>results</arg>
<doc>Fails if ``key`` is not found from ``dictionary``.</doc>
<status status="PASS" start="2024-04-03T14:12:53.687871" elapsed="0.000217"/>
</kw>
<status status="PASS" start="2024-04-03T14:12:53.598221" elapsed="0.090122"/>
</kw>
<doc>Testa se a API responde corretamente e retorna um objeto JSON válido.</doc>
<tag>testeRequisicaoBasica</tag>
<status status="PASS" start="2024-04-03T14:12:53.597690" elapsed="0.090837"/>
</test>
<test id="s1-s1-t3" name="Validar estrutura de resposta" line="22">
<kw name="Teste de Estrutura de Resposta" owner="random-user-service">
<kw name="GET On Session" owner="RequestsLibrary">
<msg time="2024-04-03T14:12:53.790466" level="INFO">GET Request : url=https://randomuser.me/api 
 path_url=/api 
 headers={'User-Agent': 'python-requests/2.31.0', 'Accept-Encoding': 'gzip, deflate', 'Accept': '*/*', 'Connection': 'keep-alive'} 
 body=None 
 </msg>
<msg time="2024-04-03T14:12:53.790552" level="INFO">GET Response : url=https://randomuser.me/api 
 status=200, reason=OK 
 headers={'Date': 'Wed, 03 Apr 2024 14:12:53 GMT', 'Content-Type': 'application/json; charset=utf-8', 'Transfer-Encoding': 'chunked', 'Connection': 'keep-alive', 'X-Powered-By': 'Express', 'Access-Control-Allow-Origin': '*', 'Cache-Control': 'no-cache', 'ETag': 'W/"481-XciSEEc/5HapFRKo96i9KESJDHI"', 'Vary': 'Accept-Encoding', 'Content-Encoding': 'gzip', 'CF-Cache-Status': 'DYNAMIC', 'Report-To': '{"endpoints":[{"url":"https:\\/\\/a.nel.cloudflare.com\\/report\\/v4?s=v3TuPHAUsnq5sJWGiIZW9l1rMFENEi1MeoGfwhc6DiqPSHWL0XPe6ZEeN1Eg6%2FDpQPbQEIgaCBtBG%2F%2BP4kvoGv2Xw4FoQdO%2BU0sl65soTazlB%2F5oaP221EdPYva0O4xE"}],"group":"cf-nel","max_age":604800}', 'NEL': '{"success_fraction":0,"report_to":"cf-nel","max_age":604800}', 'Server': 'cloudflare', 'CF-RAY': '86e9a7fb9bea8f4e-ORD', 'alt-svc': 'h3=":443"; ma=86400'} 
 body={"results":[{"gender":"male","name":{"title":"Mr","first":"Carlo","last":"Martins"},"location":{"street":{"number":8371,"name":"Rua Tiradentes "},"city":"Embu","state":"Amazonas","country":"Brazil","postcode":33736,"coordinates":{"latitude":"-75.5625","longitude":"-145.1536"},"timezone":{"offset":"-11:00","description":"Midway Island, Samoa"}},"email":"carlo.martins@example.com","login":{"uuid":"381dd424-670e-4fcd-b129-a9e9d1789a25","username":"blackmouse709","password":"bear","salt":"xEb50XZB","md5":"88a17d31f1a10a8b8578f84f74406267","sha1":"2ef20bf8fbee226597beeec5f36f6a7017510a78","sha256":"c32e0bae7fa8035d18c352a2c1aad9cf377cca53059d988df50506a3990fe610"},"dob":{"date":"1976-08-18T01:38:54.746Z","age":47},"registered":{"date":"2020-08-19T07:05:50.993Z","age":3},"phone":"(81) 4556-1338","cell":"(49) 8324-1341","id":{"name":"CPF","value":"305.498.898-98"},"picture":{"large":"https://randomuser.me/api/portraits/men/58.jpg","medium":"https://randomuser.me/api/portraits/med/men/58.jpg","thumbnail":"https://randomuser.me/api/portraits/thumb/men/58.jpg"},"nat":"BR"}],"info":{"seed":"9edbd66a8fd7cf97","results":1,"page":1,"version":"1.4"}} 
 </msg>
<msg time="2024-04-03T14:12:53.790689" level="INFO">/opt/hostedtoolcache/Python/3.12.2/x64/lib/python3.12/site-packages/urllib3/connectionpool.py:1103: InsecureRequestWarning: Unverified HTTPS request is being made to host 'randomuser.me'. Adding certificate verification is strongly advised. See: https://urllib3.readthedocs.io/en/latest/advanced-usage.html#tls-warnings
  warnings.warn(</msg>
<msg time="2024-04-03T14:12:53.790822" level="INFO">${response} = &lt;Response [200]&gt;</msg>
<var>${response}</var>
<arg>consultarAPI</arg>
<arg>/api</arg>
<doc>Sends a GET request on a previously created HTTP Session.</doc>
<status status="PASS" start="2024-04-03T14:12:53.691258" elapsed="0.099615"/>
</kw>
<kw name="Set Variable" owner="BuiltIn">
<msg time="2024-04-03T14:12:53.791820" level="INFO">${json_data} = {'results': [{'gender': 'male', 'name': {'title': 'Mr', 'first': 'Carlo', 'last': 'Martins'}, 'location': {'street': {'number': 8371, 'name': 'Rua Tiradentes '}, 'city': 'Embu', 'state': 'Amazonas', '...</msg>
<var>${json_data}</var>
<arg>${response.json()}</arg>
<doc>Returns the given values which can then be assigned to a variables.</doc>
<status status="PASS" start="2024-04-03T14:12:53.791374" elapsed="0.000474"/>
</kw>
<kw name="Log" owner="BuiltIn">
<msg time="2024-04-03T14:12:53.792318" level="INFO">{'results': [{'gender': 'male', 'name': {'title': 'Mr', 'first': 'Carlo', 'last': 'Martins'}, 'location': {'street': {'number': 8371, 'name': 'Rua Tiradentes '}, 'city': 'Embu', 'state': 'Amazonas', 'country': 'Brazil', 'postcode': 33736, 'coordinates': {'latitude': '-75.5625', 'longitude': '-145.1536'}, 'timezone': {'offset': '-11:00', 'description': 'Midway Island, Samoa'}}, 'email': 'carlo.martins@example.com', 'login': {'uuid': '381dd424-670e-4fcd-b129-a9e9d1789a25', 'username': 'blackmouse709', 'password': 'bear', 'salt': 'xEb50XZB', 'md5': '88a17d31f1a10a8b8578f84f74406267', 'sha1': '2ef20bf8fbee226597beeec5f36f6a7017510a78', 'sha256': 'c32e0bae7fa8035d18c352a2c1aad9cf377cca53059d988df50506a3990fe610'}, 'dob': {'date': '1976-08-18T01:38:54.746Z', 'age': 47}, 'registered': {'date': '2020-08-19T07:05:50.993Z', 'age': 3}, 'phone': '(81) 4556-1338', 'cell': '(49) 8324-1341', 'id': {'name': 'CPF', 'value': '305.498.898-98'}, 'picture': {'large': 'https://randomuser.me/api/portraits/men/58.jpg', 'medium': 'https://randomuser.me/api/portraits/med/men/58.jpg', 'thumbnail': 'https://randomuser.me/api/portraits/thumb/men/58.jpg'}, 'nat': 'BR'}], 'info': {'seed': '9edbd66a8fd7cf97', 'results': 1, 'page': 1, 'version': '1.4'}}</msg>
<arg>${json_data}</arg>
<doc>Logs the given message with the given level.</doc>
<status status="PASS" start="2024-04-03T14:12:53.792151" elapsed="0.000213"/>
</kw>
<kw name="Dictionary Should Contain Key" owner="Collections">
<msg time="2024-04-03T14:12:53.792807" level="INFO">False</msg>
<arg>${json_data}</arg>
<arg>results</arg>
<doc>Fails if ``key`` is not found from ``dictionary``.</doc>
<status status="PASS" start="2024-04-03T14:12:53.792656" elapsed="0.000188"/>
</kw>
<kw name="Should Not Be Empty" owner="BuiltIn">
<msg time="2024-04-03T14:12:53.793284" level="INFO">Length is 2.</msg>
<arg>${json_data}</arg>
<doc>Verifies that the given item is not empty.</doc>
<status status="PASS" start="2024-04-03T14:12:53.793142" elapsed="0.000181"/>
</kw>
<kw name="Create List" owner="BuiltIn">
<msg time="2024-04-03T14:12:53.793763" level="INFO">${expected_keys} = ['gender', 'name', 'location', 'email', 'login']</msg>
<var>${expected_keys}</var>
<arg>gender</arg>
<arg>name</arg>
<arg>location</arg>
<arg>email</arg>
<arg>login</arg>
<doc>Returns a list containing given items.</doc>
<status status="PASS" start="2024-04-03T14:12:53.793614" elapsed="0.000173"/>
</kw>
<for flavor="IN">
<iter>
<kw name="Dictionary Should Contain Key" owner="Collections">
<msg time="2024-04-03T14:12:53.794739" level="INFO">False</msg>
<arg>${json_data['results'][0]}</arg>
<arg>${key}</arg>
<doc>Fails if ``key`` is not found from ``dictionary``.</doc>
<status status="PASS" start="2024-04-03T14:12:53.794339" elapsed="0.000438"/>
</kw>
<kw name="Log" owner="BuiltIn">
<msg time="2024-04-03T14:12:53.795481" level="INFO">{'gender': 'male', 'name': {'title': 'Mr', 'first': 'Carlo', 'last': 'Martins'}, 'location': {'street': {'number': 8371, 'name': 'Rua Tiradentes '}, 'city': 'Embu', 'state': 'Amazonas', 'country': 'Brazil', 'postcode': 33736, 'coordinates': {'latitude': '-75.5625', 'longitude': '-145.1536'}, 'timezone': {'offset': '-11:00', 'description': 'Midway Island, Samoa'}}, 'email': 'carlo.martins@example.com', 'login': {'uuid': '381dd424-670e-4fcd-b129-a9e9d1789a25', 'username': 'blackmouse709', 'password': 'bear', 'salt': 'xEb50XZB', 'md5': '88a17d31f1a10a8b8578f84f74406267', 'sha1': '2ef20bf8fbee226597beeec5f36f6a7017510a78', 'sha256': 'c32e0bae7fa8035d18c352a2c1aad9cf377cca53059d988df50506a3990fe610'}, 'dob': {'date': '1976-08-18T01:38:54.746Z', 'age': 47}, 'registered': {'date': '2020-08-19T07:05:50.993Z', 'age': 3}, 'phone': '(81) 4556-1338', 'cell': '(49) 8324-1341', 'id': {'name': 'CPF', 'value': '305.498.898-98'}, 'picture': {'large': 'https://randomuser.me/api/portraits/men/58.jpg', 'medium': 'https://randomuser.me/api/portraits/med/men/58.jpg', 'thumbnail': 'https://randomuser.me/api/portraits/thumb/men/58.jpg'}, 'nat': 'BR'}</msg>
<arg>${json_data['results'][0]}</arg>
<doc>Logs the given message with the given level.</doc>
<status status="PASS" start="2024-04-03T14:12:53.795082" elapsed="0.000456"/>
</kw>
<kw name="Log" owner="BuiltIn">
<msg time="2024-04-03T14:12:53.795971" level="INFO">gender</msg>
<arg>${key}</arg>
<doc>Logs the given message with the given level.</doc>
<status status="PASS" start="2024-04-03T14:12:53.795841" elapsed="0.000168"/>
</kw>
<var name="${key}">gender</var>
<status status="PASS" start="2024-04-03T14:12:53.794219" elapsed="0.002017"/>
</iter>
<iter>
<kw name="Dictionary Should Contain Key" owner="Collections">
<msg time="2024-04-03T14:12:53.796917" level="INFO">False</msg>
<arg>${json_data['results'][0]}</arg>
<arg>${key}</arg>
<doc>Fails if ``key`` is not found from ``dictionary``.</doc>
<status status="PASS" start="2024-04-03T14:12:53.796534" elapsed="0.000420"/>
</kw>
<kw name="Log" owner="BuiltIn">
<msg time="2024-04-03T14:12:53.797643" level="INFO">{'gender': 'male', 'name': {'title': 'Mr', 'first': 'Carlo', 'last': 'Martins'}, 'location': {'street': {'number': 8371, 'name': 'Rua Tiradentes '}, 'city': 'Embu', 'state': 'Amazonas', 'country': 'Brazil', 'postcode': 33736, 'coordinates': {'latitude': '-75.5625', 'longitude': '-145.1536'}, 'timezone': {'offset': '-11:00', 'description': 'Midway Island, Samoa'}}, 'email': 'carlo.martins@example.com', 'login': {'uuid': '381dd424-670e-4fcd-b129-a9e9d1789a25', 'username': 'blackmouse709', 'password': 'bear', 'salt': 'xEb50XZB', 'md5': '88a17d31f1a10a8b8578f84f74406267', 'sha1': '2ef20bf8fbee226597beeec5f36f6a7017510a78', 'sha256': 'c32e0bae7fa8035d18c352a2c1aad9cf377cca53059d988df50506a3990fe610'}, 'dob': {'date': '1976-08-18T01:38:54.746Z', 'age': 47}, 'registered': {'date': '2020-08-19T07:05:50.993Z', 'age': 3}, 'phone': '(81) 4556-1338', 'cell': '(49) 8324-1341', 'id': {'name': 'CPF', 'value': '305.498.898-98'}, 'picture': {'large': 'https://randomuser.me/api/portraits/men/58.jpg', 'medium': 'https://randomuser.me/api/portraits/med/men/58.jpg', 'thumbnail': 'https://randomuser.me/api/portraits/thumb/men/58.jpg'}, 'nat': 'BR'}</msg>
<arg>${json_data['results'][0]}</arg>
<doc>Logs the given message with the given level.</doc>
<status status="PASS" start="2024-04-03T14:12:53.797282" elapsed="0.000409"/>
</kw>
<kw name="Log" owner="BuiltIn">
<msg time="2024-04-03T14:12:53.798115" level="INFO">name</msg>
<arg>${key}</arg>
<doc>Logs the given message with the given level.</doc>
<status status="PASS" start="2024-04-03T14:12:53.797988" elapsed="0.000164"/>
</kw>
<var name="${key}">name</var>
<status status="PASS" start="2024-04-03T14:12:53.796421" elapsed="0.001946"/>
</iter>
<iter>
<kw name="Dictionary Should Contain Key" owner="Collections">
<msg time="2024-04-03T14:12:53.799028" level="INFO">False</msg>
<arg>${json_data['results'][0]}</arg>
<arg>${key}</arg>
<doc>Fails if ``key`` is not found from ``dictionary``.</doc>
<status status="PASS" start="2024-04-03T14:12:53.798655" elapsed="0.000411"/>
</kw>
<kw name="Log" owner="BuiltIn">
<msg time="2024-04-03T14:12:53.799766" level="INFO">{'gender': 'male', 'name': {'title': 'Mr', 'first': 'Carlo', 'last': 'Martins'}, 'location': {'street': {'number': 8371, 'name': 'Rua Tiradentes '}, 'city': 'Embu', 'state': 'Amazonas', 'country': 'Brazil', 'postcode': 33736, 'coordinates': {'latitude': '-75.5625', 'longitude': '-145.1536'}, 'timezone': {'offset': '-11:00', 'description': 'Midway Island, Samoa'}}, 'email': 'carlo.martins@example.com', 'login': {'uuid': '381dd424-670e-4fcd-b129-a9e9d1789a25', 'username': 'blackmouse709', 'password': 'bear', 'salt': 'xEb50XZB', 'md5': '88a17d31f1a10a8b8578f84f74406267', 'sha1': '2ef20bf8fbee226597beeec5f36f6a7017510a78', 'sha256': 'c32e0bae7fa8035d18c352a2c1aad9cf377cca53059d988df50506a3990fe610'}, 'dob': {'date': '1976-08-18T01:38:54.746Z', 'age': 47}, 'registered': {'date': '2020-08-19T07:05:50.993Z', 'age': 3}, 'phone': '(81) 4556-1338', 'cell': '(49) 8324-1341', 'id': {'name': 'CPF', 'value': '305.498.898-98'}, 'picture': {'large': 'https://randomuser.me/api/portraits/men/58.jpg', 'medium': 'https://randomuser.me/api/portraits/med/men/58.jpg', 'thumbnail': 'https://randomuser.me/api/portraits/thumb/men/58.jpg'}, 'nat': 'BR'}</msg>
<arg>${json_data['results'][0]}</arg>
<doc>Logs the given message with the given level.</doc>
<status status="PASS" start="2024-04-03T14:12:53.799403" elapsed="0.000417"/>
</kw>
<kw name="Log" owner="BuiltIn">
<msg time="2024-04-03T14:12:53.800238" level="INFO">location</msg>
<arg>${key}</arg>
<doc>Logs the given message with the given level.</doc>
<status status="PASS" start="2024-04-03T14:12:53.800112" elapsed="0.000164"/>
</kw>
<var name="${key}">location</var>
<status status="PASS" start="2024-04-03T14:12:53.798544" elapsed="0.001944"/>
</iter>
<iter>
<kw name="Dictionary Should Contain Key" owner="Collections">
<msg time="2024-04-03T14:12:53.801148" level="INFO">False</msg>
<arg>${json_data['results'][0]}</arg>
<arg>${key}</arg>
<doc>Fails if ``key`` is not found from ``dictionary``.</doc>
<status status="PASS" start="2024-04-03T14:12:53.800769" elapsed="0.000416"/>
</kw>
<kw name="Log" owner="BuiltIn">
<msg time="2024-04-03T14:12:53.801831" level="INFO">{'gender': 'male', 'name': {'title': 'Mr', 'first': 'Carlo', 'last': 'Martins'}, 'location': {'street': {'number': 8371, 'name': 'Rua Tiradentes '}, 'city': 'Embu', 'state': 'Amazonas', 'country': 'Brazil', 'postcode': 33736, 'coordinates': {'latitude': '-75.5625', 'longitude': '-145.1536'}, 'timezone': {'offset': '-11:00', 'description': 'Midway Island, Samoa'}}, 'email': 'carlo.martins@example.com', 'login': {'uuid': '381dd424-670e-4fcd-b129-a9e9d1789a25', 'username': 'blackmouse709', 'password': 'bear', 'salt': 'xEb50XZB', 'md5': '88a17d31f1a10a8b8578f84f74406267', 'sha1': '2ef20bf8fbee226597beeec5f36f6a7017510a78', 'sha256': 'c32e0bae7fa8035d18c352a2c1aad9cf377cca53059d988df50506a3990fe610'}, 'dob': {'date': '1976-08-18T01:38:54.746Z', 'age': 47}, 'registered': {'date': '2020-08-19T07:05:50.993Z', 'age': 3}, 'phone': '(81) 4556-1338', 'cell': '(49) 8324-1341', 'id': {'name': 'CPF', 'value': '305.498.898-98'}, 'picture': {'large': 'https://randomuser.me/api/portraits/men/58.jpg', 'medium': 'https://randomuser.me/api/portraits/med/men/58.jpg', 'thumbnail': 'https://randomuser.me/api/portraits/thumb/men/58.jpg'}, 'nat': 'BR'}</msg>
<arg>${json_data['results'][0]}</arg>
<doc>Logs the given message with the given level.</doc>
<status status="PASS" start="2024-04-03T14:12:53.801480" elapsed="0.000409"/>
</kw>
<kw name="Log" owner="BuiltIn">
<msg time="2024-04-03T14:12:53.802310" level="INFO">email</msg>
<arg>${key}</arg>
<doc>Logs the given message with the given level.</doc>
<status status="PASS" start="2024-04-03T14:12:53.802184" elapsed="0.000163"/>
</kw>
<var name="${key}">email</var>
<status status="PASS" start="2024-04-03T14:12:53.800660" elapsed="0.001897"/>
</iter>
<iter>
<kw name="Dictionary Should Contain Key" owner="Collections">
<msg time="2024-04-03T14:12:53.803265" level="INFO">False</msg>
<arg>${json_data['results'][0]}</arg>
<arg>${key}</arg>
<doc>Fails if ``key`` is not found from ``dictionary``.</doc>
<status status="PASS" start="2024-04-03T14:12:53.802849" elapsed="0.000453"/>
</kw>
<kw name="Log" owner="BuiltIn">
<msg time="2024-04-03T14:12:53.803952" level="INFO">{'gender': 'male', 'name': {'title': 'Mr', 'first': 'Carlo', 'last': 'Martins'}, 'location': {'street': {'number': 8371, 'name': 'Rua Tiradentes '}, 'city': 'Embu', 'state': 'Amazonas', 'country': 'Brazil', 'postcode': 33736, 'coordinates': {'latitude': '-75.5625', 'longitude': '-145.1536'}, 'timezone': {'offset': '-11:00', 'description': 'Midway Island, Samoa'}}, 'email': 'carlo.martins@example.com', 'login': {'uuid': '381dd424-670e-4fcd-b129-a9e9d1789a25', 'username': 'blackmouse709', 'password': 'bear', 'salt': 'xEb50XZB', 'md5': '88a17d31f1a10a8b8578f84f74406267', 'sha1': '2ef20bf8fbee226597beeec5f36f6a7017510a78', 'sha256': 'c32e0bae7fa8035d18c352a2c1aad9cf377cca53059d988df50506a3990fe610'}, 'dob': {'date': '1976-08-18T01:38:54.746Z', 'age': 47}, 'registered': {'date': '2020-08-19T07:05:50.993Z', 'age': 3}, 'phone': '(81) 4556-1338', 'cell': '(49) 8324-1341', 'id': {'name': 'CPF', 'value': '305.498.898-98'}, 'picture': {'large': 'https://randomuser.me/api/portraits/men/58.jpg', 'medium': 'https://randomuser.me/api/portraits/med/men/58.jpg', 'thumbnail': 'https://randomuser.me/api/portraits/thumb/men/58.jpg'}, 'nat': 'BR'}</msg>
<arg>${json_data['results'][0]}</arg>
<doc>Logs the given message with the given level.</doc>
<status status="PASS" start="2024-04-03T14:12:53.803594" elapsed="0.000404"/>
</kw>
<kw name="Log" owner="BuiltIn">
<msg time="2024-04-03T14:12:53.804414" level="INFO">login</msg>
<arg>${key}</arg>
<doc>Logs the given message with the given level.</doc>
<status status="PASS" start="2024-04-03T14:12:53.804288" elapsed="0.000265"/>
</kw>
<var name="${key}">login</var>
<status status="PASS" start="2024-04-03T14:12:53.802727" elapsed="0.002048"/>
</iter>
<var>${key}</var>
<value>@{expected_keys}</value>
<status status="PASS" start="2024-04-03T14:12:53.794038" elapsed="0.010886"/>
</for>
<kw name="Create List" owner="BuiltIn">
<msg time="2024-04-03T14:12:53.805261" level="INFO">${expected_keysTwo} = ['username', 'password']</msg>
<var>${expected_keysTwo}</var>
<arg>username</arg>
<arg>password</arg>
<doc>Returns a list containing given items.</doc>
<status status="PASS" start="2024-04-03T14:12:53.805124" elapsed="0.000161"/>
</kw>
<for flavor="IN">
<iter>
<kw name="Dictionary Should Contain Key" owner="Collections">
<msg time="2024-04-03T14:12:53.806154" level="INFO">False</msg>
<arg>${json_data['results'][0]['login']}</arg>
<arg>${keyTwo}</arg>
<doc>Fails if ``key`` is not found from ``dictionary``.</doc>
<status status="PASS" start="2024-04-03T14:12:53.805779" elapsed="0.000411"/>
</kw>
<kw name="Dictionary Should Contain Key" owner="Collections">
<msg time="2024-04-03T14:12:53.806867" level="INFO">False</msg>
<arg>${json_data['results'][0]['login']}</arg>
<arg>${keyTwo}</arg>
<doc>Fails if ``key`` is not found from ``dictionary``.</doc>
<status status="PASS" start="2024-04-03T14:12:53.806482" elapsed="0.000422"/>
</kw>
<kw name="Log" owner="BuiltIn">
<msg time="2024-04-03T14:12:53.807355" level="INFO">username</msg>
<arg>${keyTwo}</arg>
<doc>Logs the given message with the given level.</doc>
<status status="PASS" start="2024-04-03T14:12:53.807226" elapsed="0.000167"/>
</kw>
<var name="${keyTwo}">username</var>
<status status="PASS" start="2024-04-03T14:12:53.805670" elapsed="0.001938"/>
</iter>
<iter>
<kw name="Dictionary Should Contain Key" owner="Collections">
<msg time="2024-04-03T14:12:53.808259" level="INFO">False</msg>
<arg>${json_data['results'][0]['login']}</arg>
<arg>${keyTwo}</arg>
<doc>Fails if ``key`` is not found from ``dictionary``.</doc>
<status status="PASS" start="2024-04-03T14:12:53.807885" elapsed="0.000411"/>
</kw>
<kw name="Dictionary Should Contain Key" owner="Collections">
<msg time="2024-04-03T14:12:53.808969" level="INFO">False</msg>
<arg>${json_data['results'][0]['login']}</arg>
<arg>${keyTwo}</arg>
<doc>Fails if ``key`` is not found from ``dictionary``.</doc>
<status status="PASS" start="2024-04-03T14:12:53.808589" elapsed="0.000416"/>
</kw>
<kw name="Log" owner="BuiltIn">
<msg time="2024-04-03T14:12:53.809422" level="INFO">password</msg>
<arg>${keyTwo}</arg>
<doc>Logs the given message with the given level.</doc>
<status status="PASS" start="2024-04-03T14:12:53.809296" elapsed="0.000162"/>
</kw>
<var name="${keyTwo}">password</var>
<status status="PASS" start="2024-04-03T14:12:53.807777" elapsed="0.001895"/>
</iter>
<var>${keyTwo}</var>
<value>@{expected_keysTwo}</value>
<status status="PASS" start="2024-04-03T14:12:53.805520" elapsed="0.004273"/>
</for>
<status status="PASS" start="2024-04-03T14:12:53.691002" elapsed="0.118940"/>
</kw>
<doc>Testa a estrutura da resposta da API.</doc>
<tag>testeEstruturaResposta</tag>
<status status="PASS" start="2024-04-03T14:12:53.690353" elapsed="0.119743"/>
</test>
<test id="s1-s1-t4" name="Validar tipos de dados" line="28">
<kw name="Teste de Tipos de Dados" owner="random-user-service">
<kw name="GET On Session" owner="RequestsLibrary">
<msg time="2024-04-03T14:12:53.886162" level="INFO">GET Request : url=https://randomuser.me/api 
 path_url=/api 
 headers={'User-Agent': 'python-requests/2.31.0', 'Accept-Encoding': 'gzip, deflate', 'Accept': '*/*', 'Connection': 'keep-alive'} 
 body=None 
 </msg>
<msg time="2024-04-03T14:12:53.886245" level="INFO">GET Response : url=https://randomuser.me/api 
 status=200, reason=OK 
 headers={'Date': 'Wed, 03 Apr 2024 14:12:53 GMT', 'Content-Type': 'application/json; charset=utf-8', 'Transfer-Encoding': 'chunked', 'Connection': 'keep-alive', 'X-Powered-By': 'Express', 'Access-Control-Allow-Origin': '*', 'Cache-Control': 'no-cache', 'ETag': 'W/"4b6-GM28/YwUDEjODojWYY3H2eIdTPo"', 'Vary': 'Accept-Encoding', 'Content-Encoding': 'gzip', 'CF-Cache-Status': 'DYNAMIC', 'Report-To': '{"endpoints":[{"url":"https:\\/\\/a.nel.cloudflare.com\\/report\\/v4?s=SiWitF3%2BGFSXi8NcmnV7WsHCFF4Y2di0lhltPemFJ%2BU0qW7krf1Fu%2FFIPqTl%2FcBCYvs9Vlh6tywMywTtyMbqhqwPiNIgCwd%2FBKyMhWS%2BDRJoKeiznN4RH4xB8DcUgv5W"}],"group":"cf-nel","max_age":604800}', 'NEL': '{"success_fraction":0,"report_to":"cf-nel","max_age":604800}', 'Server': 'cloudflare', 'CF-RAY': '86e9a7fc5d158f4e-ORD', 'alt-svc': 'h3=":443"; ma=86400'} 
 body={"results":[{"gender":"female","name":{"title":"Ms","first":"Angèle","last":"Guillaume"},"location":{"street":{"number":8234,"name":"Rue du Bât-D'Argent"},"city":"Rouen","state":"Haute-Garonne","country":"France","postcode":30161,"coordinates":{"latitude":"-14.2077","longitude":"174.1740"},"timezone":{"offset":"+5:00","description":"Ekaterinburg, Islamabad, Karachi, Tashkent"}},"email":"angele.guillaume@example.com","login":{"uuid":"16bbdcc6-34c2-43ab-aed9-965c2ee6eaf3","username":"organiclion451","password":"stimpy","salt":"rXkoQSk4","md5":"adcb60be0a682d52f424e8bf86a01444","sha1":"e35aa8f72c28fefd97ab7fa1d675264ea5454906","sha256":"72c127181901f0c01cb15cea754f3bc24740a8f649c61bf087b8a8cb5ee23e11"},"dob":{"date":"1963-09-07T23:27:30.449Z","age":60},"registered":{"date":"2018-01-26T01:43:32.574Z","age":6},"phone":"05-93-96-92-92","cell":"06-32-66-67-21","id":{"name":"INSEE","value":"2630882873845 90"},"picture":{"large":"https://randomuser.me/api/portraits/women/15.jpg","medium":"https://randomuser.me/api/portraits/med/women/15.jpg","thumbnail":"https://randomuser.me/api/portraits/thumb/women/15.jpg"},"nat":"FR"}],"info":{"seed":"ac941900cb4697bb","results":1,"page":1,"version":"1.4"}} 
 </msg>
<msg time="2024-04-03T14:12:53.886318" level="INFO">/opt/hostedtoolcache/Python/3.12.2/x64/lib/python3.12/site-packages/urllib3/connectionpool.py:1103: InsecureRequestWarning: Unverified HTTPS request is being made to host 'randomuser.me'. Adding certificate verification is strongly advised. See: https://urllib3.readthedocs.io/en/latest/advanced-usage.html#tls-warnings
  warnings.warn(</msg>
<msg time="2024-04-03T14:12:53.886430" level="INFO">${response} = &lt;Response [200]&gt;</msg>
<var>${response}</var>
<arg>consultarAPI</arg>
<arg>/api</arg>
<doc>Sends a GET request on a previously created HTTP Session.</doc>
<status status="PASS" start="2024-04-03T14:12:53.812513" elapsed="0.073957"/>
</kw>
<kw name="Set Variable" owner="BuiltIn">
<msg time="2024-04-03T14:12:53.887339" level="INFO">${json_data} = {'results': [{'gender': 'female', 'name': {'title': 'Ms', 'first': 'Angèle', 'last': 'Guillaume'}, 'location': {'street': {'number': 8234, 'name': "Rue du Bât-D'Argent"}, 'city': 'Rouen', 'state': 'Ha...</msg>
<var>${json_data}</var>
<arg>${response.json()}</arg>
<doc>Returns the given values which can then be assigned to a variables.</doc>
<status status="PASS" start="2024-04-03T14:12:53.886845" elapsed="0.000523"/>
</kw>
<kw name="Log" owner="BuiltIn">
<msg time="2024-04-03T14:12:53.887834" level="INFO">{'results': [{'gender': 'female', 'name': {'title': 'Ms', 'first': 'Angèle', 'last': 'Guillaume'}, 'location': {'street': {'number': 8234, 'name': "Rue du Bât-D'Argent"}, 'city': 'Rouen', 'state': 'Haute-Garonne', 'country': 'France', 'postcode': 30161, 'coordinates': {'latitude': '-14.2077', 'longitude': '174.1740'}, 'timezone': {'offset': '+5:00', 'description': 'Ekaterinburg, Islamabad, Karachi, Tashkent'}}, 'email': 'angele.guillaume@example.com', 'login': {'uuid': '16bbdcc6-34c2-43ab-aed9-965c2ee6eaf3', 'username': 'organiclion451', 'password': 'stimpy', 'salt': 'rXkoQSk4', 'md5': 'adcb60be0a682d52f424e8bf86a01444', 'sha1': 'e35aa8f72c28fefd97ab7fa1d675264ea5454906', 'sha256': '72c127181901f0c01cb15cea754f3bc24740a8f649c61bf087b8a8cb5ee23e11'}, 'dob': {'date': '1963-09-07T23:27:30.449Z', 'age': 60}, 'registered': {'date': '2018-01-26T01:43:32.574Z', 'age': 6}, 'phone': '05-93-96-92-92', 'cell': '06-32-66-67-21', 'id': {'name': 'INSEE', 'value': '2630882873845 90'}, 'picture': {'large': 'https://randomuser.me/api/portraits/women/15.jpg', 'medium': 'https://randomuser.me/api/portraits/med/women/15.jpg', 'thumbnail': 'https://randomuser.me/api/portraits/thumb/women/15.jpg'}, 'nat': 'FR'}], 'info': {'seed': 'ac941900cb4697bb', 'results': 1, 'page': 1, 'version': '1.4'}}</msg>
<arg>${json_data}</arg>
<doc>Logs the given message with the given level.</doc>
<status status="PASS" start="2024-04-03T14:12:53.887678" elapsed="0.000235"/>
</kw>
<kw name="Should Be String" owner="String">
<arg>${json_data['results'][0]['gender']}</arg>
<doc>Fails if the given ``item`` is not a string.</doc>
<status status="PASS" start="2024-04-03T14:12:53.888215" elapsed="0.000363"/>
</kw>
<kw name="Should Match Regexp" owner="BuiltIn">
<arg>${json_data['results'][0]['email']}</arg>
<arg>^[a-zA-Z0-9._%+-]+@[a-zA-Z0-9.-]+\.[a-zA-Z]{2,}$</arg>
<doc>Fails if ``string`` does not match ``pattern`` as a regular expression.</doc>
<status status="PASS" start="2024-04-03T14:12:53.888772" elapsed="0.000527"/>
</kw>
<kw name="Should Match Regexp" owner="BuiltIn">
<arg>${json_data['results'][0]['dob']['date']}</arg>
<arg>\\d{4}-\\d{2}-\\d{2}T\\d{2}:\\d{2}:\\d{2}\\.\\d{3}Z</arg>
<doc>Fails if ``string`` does not match ``pattern`` as a regular expression.</doc>
<status status="PASS" start="2024-04-03T14:12:53.889496" elapsed="0.000499"/>
</kw>
<kw name="Should Match Regexp" owner="BuiltIn">
<arg>${json_data['results'][0]['registered']['date']}</arg>
<arg>\\d{4}-\\d{2}-\\d{2}T\\d{2}:\\d{2}:\\d{2}\\.\\d{3}Z</arg>
<doc>Fails if ``string`` does not match ``pattern`` as a regular expression.</doc>
<status status="PASS" start="2024-04-03T14:12:53.890186" elapsed="0.000371"/>
</kw>
<kw name="Should Match Regexp" owner="BuiltIn">
<arg>${json_data['results'][0]['picture']['large']}</arg>
<arg>^https?://.*\.(?:png|jpe?g|gif|bmp)$</arg>
<doc>Fails if ``string`` does not match ``pattern`` as a regular expression.</doc>
<status status="PASS" start="2024-04-03T14:12:53.890740" elapsed="0.000476"/>
</kw>
<kw name="Should Match Regexp" owner="BuiltIn">
<arg>${json_data['results'][0]['picture']['medium']}</arg>
<arg>^https?://.*\.(?:png|jpe?g|gif|bmp)$</arg>
<doc>Fails if ``string`` does not match ``pattern`` as a regular expression.</doc>
<status status="PASS" start="2024-04-03T14:12:53.891405" elapsed="0.000359"/>
</kw>
<kw name="Should Match Regexp" owner="BuiltIn">
<arg>${json_data['results'][0]['picture']['thumbnail']}</arg>
<arg>^https?://.*\.(?:png|jpe?g|gif|bmp)$</arg>
<doc>Fails if ``string`` does not match ``pattern`` as a regular expression.</doc>
<status status="PASS" start="2024-04-03T14:12:53.891947" elapsed="0.000343"/>
</kw>
<kw name="Log" owner="BuiltIn">
<msg time="2024-04-03T14:12:53.892792" level="INFO">{'large': 'https://randomuser.me/api/portraits/women/15.jpg', 'medium': 'https://randomuser.me/api/portraits/med/women/15.jpg', 'thumbnail': 'https://randomuser.me/api/portraits/thumb/women/15.jpg'}</msg>
<arg>${json_data['results'][0]['picture']}</arg>
<doc>Logs the given message with the given level.</doc>
<status status="PASS" start="2024-04-03T14:12:53.892466" elapsed="0.000371"/>
</kw>
<status status="PASS" start="2024-04-03T14:12:53.812290" elapsed="0.080804"/>
</kw>
<kw name="Teste de Tipos de Dados - Postcode" owner="random-user-service">
<kw name="GET On Session" owner="RequestsLibrary">
<msg time="2024-04-03T14:12:53.985346" level="INFO">GET Request : url=https://randomuser.me/api 
 path_url=/api 
 headers={'User-Agent': 'python-requests/2.31.0', 'Accept-Encoding': 'gzip, deflate', 'Accept': '*/*', 'Connection': 'keep-alive'} 
 body=None 
 </msg>
<msg time="2024-04-03T14:12:53.985409" level="INFO">GET Response : url=https://randomuser.me/api 
 status=200, reason=OK 
 headers={'Date': 'Wed, 03 Apr 2024 14:12:53 GMT', 'Content-Type': 'application/json; charset=utf-8', 'Transfer-Encoding': 'chunked', 'Connection': 'keep-alive', 'X-Powered-By': 'Express', 'Access-Control-Allow-Origin': '*', 'Cache-Control': 'no-cache', 'ETag': 'W/"47f-aq+wTRJANw8ts+VZsZ6dL+7+/Pk"', 'Vary': 'Accept-Encoding', 'Content-Encoding': 'gzip', 'CF-Cache-Status': 'DYNAMIC', 'Report-To': '{"endpoints":[{"url":"https:\\/\\/a.nel.cloudflare.com\\/report\\/v4?s=38ADpkxihFlap3dVUtAd547no%2ByBTHR3vgNY99xj4rHOF86LiOgIdKsoH2dIz%2BlR85UrxlRyeYQvCAtYCWXUQKiw3vlnzYb9b7DwHUSfGPj%2F685kWsEEWzoo539faxkj"}],"group":"cf-nel","max_age":604800}', 'NEL': '{"success_fraction":0,"report_to":"cf-nel","max_age":604800}', 'Server': 'cloudflare', 'CF-RAY': '86e9a7fcdd978f4e-ORD', 'alt-svc': 'h3=":443"; ma=86400'} 
 body={"results":[{"gender":"male","name":{"title":"Mr","first":"Heleno","last":"da Paz"},"location":{"street":{"number":5115,"name":"Rua Espirito Santo "},"city":"Pouso Alegre","state":"Maranhão","country":"Brazil","postcode":79276,"coordinates":{"latitude":"-81.3343","longitude":"-103.4936"},"timezone":{"offset":"+4:30","description":"Kabul"}},"email":"heleno.dapaz@example.com","login":{"uuid":"74a85b5c-defa-43be-bb9d-6e2c1e3eab32","username":"purpleswan473","password":"phone","salt":"Z59OmR30","md5":"2cf0b037cf948fe7ccfb44b2d21b567e","sha1":"eabb4f0321cea098f05301e0b9818d3aaa76e40e","sha256":"e075d5d4fd7d8acd0a69b1872cde3f17f0fdb0a2db547bf7ae8580f668cb1ef5"},"dob":{"date":"1994-08-04T00:39:26.323Z","age":29},"registered":{"date":"2005-12-19T07:50:40.840Z","age":18},"phone":"(09) 2867-2116","cell":"(97) 3154-7216","id":{"name":"CPF","value":"947.570.463-89"},"picture":{"large":"https://randomuser.me/api/portraits/men/80.jpg","medium":"https://randomuser.me/api/portraits/med/men/80.jpg","thumbnail":"https://randomuser.me/api/portraits/thumb/men/80.jpg"},"nat":"BR"}],"info":{"seed":"57dc82afc60287a3","results":1,"page":1,"version":"1.4"}} 
 </msg>
<msg time="2024-04-03T14:12:53.985474" level="INFO">/opt/hostedtoolcache/Python/3.12.2/x64/lib/python3.12/site-packages/urllib3/connectionpool.py:1103: InsecureRequestWarning: Unverified HTTPS request is being made to host 'randomuser.me'. Adding certificate verification is strongly advised. See: https://urllib3.readthedocs.io/en/latest/advanced-usage.html#tls-warnings
  warnings.warn(</msg>
<msg time="2024-04-03T14:12:53.985565" level="INFO">${response} = &lt;Response [200]&gt;</msg>
<var>${response}</var>
<arg>consultarAPI</arg>
<arg>/api</arg>
<doc>Sends a GET request on a previously created HTTP Session.</doc>
<status status="PASS" start="2024-04-03T14:12:53.893643" elapsed="0.091948"/>
</kw>
<kw name="Set Variable" owner="BuiltIn">
<msg time="2024-04-03T14:12:53.986432" level="INFO">${json_data} = {'results': [{'gender': 'male', 'name': {'title': 'Mr', 'first': 'Heleno', 'last': 'da Paz'}, 'location': {'street': {'number': 5115, 'name': 'Rua Espirito Santo '}, 'city': 'Pouso Alegre', 'state': '...</msg>
<var>${json_data}</var>
<arg>${response.json()}</arg>
<doc>Returns the given values which can then be assigned to a variables.</doc>
<status status="PASS" start="2024-04-03T14:12:53.985995" elapsed="0.000465"/>
</kw>
<kw name="Log" owner="BuiltIn">
<msg time="2024-04-03T14:12:53.986917" level="INFO">{'results': [{'gender': 'male', 'name': {'title': 'Mr', 'first': 'Heleno', 'last': 'da Paz'}, 'location': {'street': {'number': 5115, 'name': 'Rua Espirito Santo '}, 'city': 'Pouso Alegre', 'state': 'Maranhão', 'country': 'Brazil', 'postcode': 79276, 'coordinates': {'latitude': '-81.3343', 'longitude': '-103.4936'}, 'timezone': {'offset': '+4:30', 'description': 'Kabul'}}, 'email': 'heleno.dapaz@example.com', 'login': {'uuid': '74a85b5c-defa-43be-bb9d-6e2c1e3eab32', 'username': 'purpleswan473', 'password': 'phone', 'salt': 'Z59OmR30', 'md5': '2cf0b037cf948fe7ccfb44b2d21b567e', 'sha1': 'eabb4f0321cea098f05301e0b9818d3aaa76e40e', 'sha256': 'e075d5d4fd7d8acd0a69b1872cde3f17f0fdb0a2db547bf7ae8580f668cb1ef5'}, 'dob': {'date': '1994-08-04T00:39:26.323Z', 'age': 29}, 'registered': {'date': '2005-12-19T07:50:40.840Z', 'age': 18}, 'phone': '(09) 2867-2116', 'cell': '(97) 3154-7216', 'id': {'name': 'CPF', 'value': '947.570.463-89'}, 'picture': {'large': 'https://randomuser.me/api/portraits/men/80.jpg', 'medium': 'https://randomuser.me/api/portraits/med/men/80.jpg', 'thumbnail': 'https://randomuser.me/api/portraits/thumb/men/80.jpg'}, 'nat': 'BR'}], 'info': {'seed': '57dc82afc60287a3', 'results': 1, 'page': 1, 'version': '1.4'}}</msg>
<arg>${json_data}</arg>
<doc>Logs the given message with the given level.</doc>
<status status="PASS" start="2024-04-03T14:12:53.986761" elapsed="0.000234"/>
</kw>
<kw name="Should Be Equal As Numbers" owner="BuiltIn">
<arg>${json_data['results'][0]['location']['postcode']}</arg>
<arg>${json_data['results'][0]['location']['postcode']}</arg>
<doc>Fails if objects are unequal after converting them to real numbers.</doc>
<status status="PASS" start="2024-04-03T14:12:53.987345" elapsed="0.000625"/>
</kw>
<kw name="Log" owner="BuiltIn">
<msg time="2024-04-03T14:12:53.988495" level="INFO">79276</msg>
<arg>${json_data['results'][0]['location']['postcode']}</arg>
<doc>Logs the given message with the given level.</doc>
<status status="PASS" start="2024-04-03T14:12:53.988160" elapsed="0.000375"/>
</kw>
<status status="PASS" start="2024-04-03T14:12:53.893305" elapsed="0.095479"/>
</kw>
<doc>Testa se os tipos de dados na resposta da API estão corretos.</doc>
<tag>testeTiposDados</tag>
<status status="PASS" start="2024-04-03T14:12:53.811860" elapsed="0.177082"/>
</test>
<test id="s1-s1-t5" name="Validar conteudo" line="35">
<kw name="Teste de Tipos de Conteudo" owner="random-user-service">
<kw name="GET On Session" owner="RequestsLibrary">
<msg time="2024-04-03T14:12:54.086520" level="INFO">GET Request : url=https://randomuser.me/api 
 path_url=/api 
 headers={'User-Agent': 'python-requests/2.31.0', 'Accept-Encoding': 'gzip, deflate', 'Accept': '*/*', 'Connection': 'keep-alive'} 
 body=None 
 </msg>
<msg time="2024-04-03T14:12:54.086604" level="INFO">GET Response : url=https://randomuser.me/api 
 status=200, reason=OK 
 headers={'Date': 'Wed, 03 Apr 2024 14:12:54 GMT', 'Content-Type': 'application/json; charset=utf-8', 'Transfer-Encoding': 'chunked', 'Connection': 'keep-alive', 'X-Powered-By': 'Express', 'Access-Control-Allow-Origin': '*', 'Cache-Control': 'no-cache', 'ETag': 'W/"4a6-YDOPMWbbe0ZCpzkIRmdyVSMGKw0"', 'Vary': 'Accept-Encoding', 'Content-Encoding': 'gzip', 'CF-Cache-Status': 'DYNAMIC', 'Report-To': '{"endpoints":[{"url":"https:\\/\\/a.nel.cloudflare.com\\/report\\/v4?s=3RPKq%2FZHsk0jwdQqLdeqVdVXqCI7MZP15OBPij50tniY2S9RdQHcHdr3BfjDNI6w%2FXEB%2F9vEHUEFWKNLbAIQTL3vsZs70msSV6nteIVqrAzwcHgqCkgos2QPCE13Z2n7"}],"group":"cf-nel","max_age":604800}', 'NEL': '{"success_fraction":0,"report_to":"cf-nel","max_age":604800}', 'Server': 'cloudflare', 'CF-RAY': '86e9a7fd7e538f4e-ORD', 'alt-svc': 'h3=":443"; ma=86400'} 
 body={"results":[{"gender":"male","name":{"title":"Mr","first":"Luis","last":"Vidal"},"location":{"street":{"number":8046,"name":"Calle de La Democracia"},"city":"Pozuelo de Alarcón","state":"Comunidad Valenciana","country":"Spain","postcode":98007,"coordinates":{"latitude":"-33.7346","longitude":"-177.1792"},"timezone":{"offset":"-6:00","description":"Central Time (US &amp; Canada), Mexico City"}},"email":"luis.vidal@example.com","login":{"uuid":"bf3c8b8f-5398-4735-a0ad-8ebf8f60fcba","username":"redsnake591","password":"13131313","salt":"tnJHClv3","md5":"0fc533bd4396d9e52e89dccc81d264e4","sha1":"6b292b3a8ccf233c71c22d145800390dbb7caeee","sha256":"86c111d3b48ef1cdc2b3e4d34759ed0996dc383168e7973c490b825cec5d7075"},"dob":{"date":"1996-07-10T21:32:29.431Z","age":27},"registered":{"date":"2016-09-24T21:45:27.342Z","age":7},"phone":"959-409-766","cell":"659-906-017","id":{"name":"DNI","value":"65665677-Q"},"picture":{"large":"https://randomuser.me/api/portraits/men/94.jpg","medium":"https://randomuser.me/api/portraits/med/men/94.jpg","thumbnail":"https://randomuser.me/api/portraits/thumb/men/94.jpg"},"nat":"ES"}],"info":{"seed":"4f21cd62d09e17bd","results":1,"page":1,"version":"1.4"}} 
 </msg>
<msg time="2024-04-03T14:12:54.086680" level="INFO">/opt/hostedtoolcache/Python/3.12.2/x64/lib/python3.12/site-packages/urllib3/connectionpool.py:1103: InsecureRequestWarning: Unverified HTTPS request is being made to host 'randomuser.me'. Adding certificate verification is strongly advised. See: https://urllib3.readthedocs.io/en/latest/advanced-usage.html#tls-warnings
  warnings.warn(</msg>
<msg time="2024-04-03T14:12:54.086795" level="INFO">${response} = &lt;Response [200]&gt;</msg>
<var>${response}</var>
<arg>consultarAPI</arg>
<arg>/api</arg>
<doc>Sends a GET request on a previously created HTTP Session.</doc>
<status status="PASS" start="2024-04-03T14:12:53.991651" elapsed="0.095188"/>
</kw>
<kw name="Set Variable" owner="BuiltIn">
<msg time="2024-04-03T14:12:54.087713" level="INFO">${json_data} = {'results': [{'gender': 'male', 'name': {'title': 'Mr', 'first': 'Luis', 'last': 'Vidal'}, 'location': {'street': {'number': 8046, 'name': 'Calle de La Democracia'}, 'city': 'Pozuelo de Alarcón', 'sta...</msg>
<var>${json_data}</var>
<arg>${response.json()}</arg>
<doc>Returns the given values which can then be assigned to a variables.</doc>
<status status="PASS" start="2024-04-03T14:12:54.087267" elapsed="0.000475"/>
</kw>
<kw name="Set Variable" owner="BuiltIn">
<msg time="2024-04-03T14:12:54.088425" level="INFO">${name_title} = Mr</msg>
<var>${name_title}</var>
<arg>${json_data["results"][0]["name"]["title"]}</arg>
<doc>Returns the given values which can then be assigned to a variables.</doc>
<status status="PASS" start="2024-04-03T14:12:54.088049" elapsed="0.000401"/>
</kw>
<kw name="Create List" owner="BuiltIn">
<msg time="2024-04-03T14:12:54.088891" level="INFO">${allowed_titles} = ['Mr', 'Ms', 'Miss', 'Mrs', 'Madame', 'Monsieur']</msg>
<var>${allowed_titles}</var>
<arg>Mr</arg>
<arg>Ms</arg>
<arg>Miss</arg>
<arg>Mrs</arg>
<arg>Madame</arg>
<arg>Monsieur</arg>
<doc>Returns a list containing given items.</doc>
<status status="PASS" start="2024-04-03T14:12:54.088742" elapsed="0.000173"/>
</kw>
<kw name="List Should Contain Value" owner="Collections">
<msg time="2024-04-03T14:12:54.089392" level="INFO">False</msg>
<arg>${allowed_titles}</arg>
<arg>${name_title}</arg>
<doc>Fails if the ``value`` is not found from ``list``.</doc>
<status status="PASS" start="2024-04-03T14:12:54.089217" elapsed="0.000211"/>
</kw>
<kw name="Set Variable" owner="BuiltIn">
<msg time="2024-04-03T14:12:54.090114" level="INFO">${name_country} = ES</msg>
<var>${name_country}</var>
<arg>${json_data["results"][0]["nat"]}</arg>
<doc>Returns the given values which can then be assigned to a variables.</doc>
<status status="PASS" start="2024-04-03T14:12:54.089719" elapsed="0.000420"/>
</kw>
<kw name="Create List" owner="BuiltIn">
<msg time="2024-04-03T14:12:54.091058" level="INFO">${list_country} = ['AD', 'AE', 'AF', 'AG', 'AI', 'AL', 'AM', 'AO', 'AQ', 'AR', 'AS', 'AT', 'AU', 'AW', 'AX', 'AZ', 'BA', 'BB', 'BD', 'BE', 'BF', 'BG', 'BH', 'BI', 'BJ', 'BL', 'BM', 'BN', 'BO', 'BQ', 'BR', 'BS', 'BT', '...</msg>
<var>${list_country}</var>
<arg>AD</arg>
<arg>AE</arg>
<arg>AF</arg>
<arg>AG</arg>
<arg>AI</arg>
<arg>AL</arg>
<arg>AM</arg>
<arg>AO</arg>
<arg>AQ</arg>
<arg>AR</arg>
<arg>AS</arg>
<arg>AT</arg>
<arg>AU</arg>
<arg>AW</arg>
<arg>AX</arg>
<arg>AZ</arg>
<arg>BA</arg>
<arg>BB</arg>
<arg>BD</arg>
<arg>BE</arg>
<arg>BF</arg>
<arg>BG</arg>
<arg>BH</arg>
<arg>BI</arg>
<arg>BJ</arg>
<arg>BL</arg>
<arg>BM</arg>
<arg>BN</arg>
<arg>BO</arg>
<arg>BQ</arg>
<arg>BR</arg>
<arg>BS</arg>
<arg>BT</arg>
<arg>BV</arg>
<arg>BW</arg>
<arg>BY</arg>
<arg>BZ</arg>
<arg>CA</arg>
<arg>CC</arg>
<arg>CD</arg>
<arg>CF</arg>
<arg>CG</arg>
<arg>CH</arg>
<arg>CI</arg>
<arg>CK</arg>
<arg>CL</arg>
<arg>CM</arg>
<arg>CN</arg>
<arg>CO</arg>
<arg>CR</arg>
<arg>CU</arg>
<arg>CV</arg>
<arg>CW</arg>
<arg>CX</arg>
<arg>CY</arg>
<arg>CZ</arg>
<arg>DE</arg>
<arg>DJ</arg>
<arg>DK</arg>
<arg>DM</arg>
<arg>DO</arg>
<arg>DZ</arg>
<arg>EC</arg>
<arg>EE</arg>
<arg>EG</arg>
<arg>EH</arg>
<arg>ER</arg>
<arg>ES</arg>
<arg>ET</arg>
<arg>FI</arg>
<arg>FJ</arg>
<arg>FK</arg>
<arg>FM</arg>
<arg>FO</arg>
<arg>FR</arg>
<arg>GA</arg>
<arg>GB</arg>
<arg>GD</arg>
<arg>GE</arg>
<arg>GF</arg>
<arg>GG</arg>
<arg>GH</arg>
<arg>GI</arg>
<arg>GL</arg>
<arg>GM</arg>
<arg>GN</arg>
<arg>GP</arg>
<arg>GQ</arg>
<arg>GR</arg>
<arg>GS</arg>
<arg>GT</arg>
<arg>GU</arg>
<arg>GW</arg>
<arg>GY</arg>
<arg>HK</arg>
<arg>HM</arg>
<arg>HN</arg>
<arg>HR</arg>
<arg>HT</arg>
<arg>HU</arg>
<arg>ID</arg>
<arg>IE</arg>
<arg>IL</arg>
<arg>IM</arg>
<arg>IN</arg>
<arg>IO</arg>
<arg>IQ</arg>
<arg>IR</arg>
<arg>IS</arg>
<arg>IT</arg>
<arg>JE</arg>
<arg>JM</arg>
<arg>JO</arg>
<arg>JP</arg>
<arg>KE</arg>
<arg>KG</arg>
<arg>KH</arg>
<arg>KI</arg>
<arg>KM</arg>
<arg>KN</arg>
<arg>KP</arg>
<arg>KR</arg>
<arg>KW</arg>
<arg>KY</arg>
<arg>KZ</arg>
<arg>LA</arg>
<arg>LB</arg>
<arg>LC</arg>
<arg>LI</arg>
<arg>LK</arg>
<arg>LR</arg>
<arg>LS</arg>
<arg>LT</arg>
<arg>LU</arg>
<arg>LV</arg>
<arg>LY</arg>
<arg>MA</arg>
<arg>MC</arg>
<arg>MD</arg>
<arg>ME</arg>
<arg>MF</arg>
<arg>MG</arg>
<arg>MH</arg>
<arg>MK</arg>
<arg>ML</arg>
<arg>MM</arg>
<arg>MN</arg>
<arg>MO</arg>
<arg>MP</arg>
<arg>MQ</arg>
<arg>MR</arg>
<arg>MS</arg>
<arg>MT</arg>
<arg>MU</arg>
<arg>MV</arg>
<arg>MW</arg>
<arg>MX</arg>
<arg>MY</arg>
<arg>MZ</arg>
<arg>NA</arg>
<arg>NC</arg>
<arg>NE</arg>
<arg>NF</arg>
<arg>NG</arg>
<arg>NI</arg>
<arg>NL</arg>
<arg>NO</arg>
<arg>NP</arg>
<arg>NR</arg>
<arg>NU</arg>
<arg>NZ</arg>
<arg>OM</arg>
<arg>PA</arg>
<arg>PE</arg>
<arg>PF</arg>
<arg>PG</arg>
<arg>PH</arg>
<arg>PK</arg>
<arg>PL</arg>
<arg>PM</arg>
<arg>PN</arg>
<arg>PR</arg>
<arg>PS</arg>
<arg>PT</arg>
<arg>PW</arg>
<arg>PY</arg>
<arg>QA</arg>
<arg>RE</arg>
<arg>RO</arg>
<arg>RS</arg>
<arg>RU</arg>
<arg>RW</arg>
<arg>SA</arg>
<arg>SB</arg>
<arg>SC</arg>
<arg>SD</arg>
<arg>SE</arg>
<arg>SG</arg>
<arg>SH</arg>
<arg>SI</arg>
<arg>SJ</arg>
<arg>SK</arg>
<arg>SL</arg>
<arg>SM</arg>
<arg>SN</arg>
<arg>SO</arg>
<arg>SR</arg>
<arg>SS</arg>
<arg>ST</arg>
<arg>SV</arg>
<arg>SX</arg>
<arg>SY</arg>
<arg>SZ</arg>
<arg>TC</arg>
<arg>TD</arg>
<arg>TF</arg>
<arg>TG</arg>
<arg>TH</arg>
<arg>TJ</arg>
<arg>TK</arg>
<arg>TL</arg>
<arg>TM</arg>
<arg>TN</arg>
<arg>TO</arg>
<arg>TR</arg>
<arg>TT</arg>
<arg>TV</arg>
<arg>TW</arg>
<arg>TZ</arg>
<arg>UA</arg>
<arg>UG</arg>
<arg>UM</arg>
<arg>US</arg>
<arg>UY</arg>
<arg>UZ</arg>
<arg>VA</arg>
<arg>VC</arg>
<arg>VE</arg>
<arg>VG</arg>
<arg>VI</arg>
<arg>VN</arg>
<arg>VU</arg>
<arg>WF</arg>
<arg>WS</arg>
<arg>XK</arg>
<arg>YE</arg>
<arg>YT</arg>
<arg>ZA</arg>
<arg>ZM</arg>
<arg>ZW</arg>
<doc>Returns a list containing given items.</doc>
<status status="PASS" start="2024-04-03T14:12:54.090456" elapsed="0.000627"/>
</kw>
<kw name="List Should Contain Value" owner="Collections">
<msg time="2024-04-03T14:12:54.092222" level="INFO">False</msg>
<arg>${list_country}</arg>
<arg>${name_country}</arg>
<doc>Fails if the ``value`` is not found from ``list``.</doc>
<status status="PASS" start="2024-04-03T14:12:54.092018" elapsed="0.000241"/>
</kw>
<kw name="Run Keyword If" owner="BuiltIn">
<kw name="Should Be True" owner="BuiltIn">
<arg>${True}</arg>
<doc>Fails if the given condition is not true.</doc>
<status status="PASS" start="2024-04-03T14:12:54.093336" elapsed="0.000145"/>
</kw>
<arg>${json_data["results"][0]["location"]["coordinates"]["latitude"]} &gt;= -90 and ${json_data["results"][0]["location"]["coordinates"]["latitude"]} &lt;= 90</arg>
<arg>Should Be True</arg>
<arg>${True}</arg>
<doc>Runs the given keyword with the given arguments, if ``condition`` is true.</doc>
<status status="PASS" start="2024-04-03T14:12:54.092569" elapsed="0.001042"/>
</kw>
<kw name="Run Keyword If" owner="BuiltIn">
<kw name="Should Be True" owner="BuiltIn">
<arg>${True}</arg>
<doc>Fails if the given condition is not true.</doc>
<status status="PASS" start="2024-04-03T14:12:54.094495" elapsed="0.000140"/>
</kw>
<arg>${json_data["results"][0]["location"]["coordinates"]["longitude"]} &gt;= -180 and ${json_data["results"][0]["location"]["coordinates"]["longitude"]} &lt;= 180</arg>
<arg>Should Be True</arg>
<arg>${True}</arg>
<doc>Runs the given keyword with the given arguments, if ``condition`` is true.</doc>
<status status="PASS" start="2024-04-03T14:12:54.093794" elapsed="0.000968"/>
</kw>
<status status="PASS" start="2024-04-03T14:12:53.991287" elapsed="0.103611"/>
</kw>
<doc>Testa o conteúdo específico dos campos retornados pela API.</doc>
<tag>testeConteudo</tag>
<status status="PASS" start="2024-04-03T14:12:53.990647" elapsed="0.104400"/>
</test>
<status status="PASS" start="2024-04-03T14:12:53.295680" elapsed="0.801249"/>
</suite>
<status status="PASS" start="2024-04-03T14:12:53.281992" elapsed="0.820235"/>
</suite>
<statistics>
<total>
<stat pass="5" fail="0" skip="0">All Tests</stat>
</total>
<tag>
<stat pass="1" fail="0" skip="0">testeConteudo</stat>
<stat pass="1" fail="0" skip="0">testeEstruturaResposta</stat>
<stat pass="1" fail="0" skip="0">testeRequisicaoBasica</stat>
<stat pass="1" fail="0" skip="0">testeTiposDados</stat>
</tag>
<suite>
<stat pass="5" fail="0" skip="0" id="s1" name="Tests">Tests</stat>
<stat pass="5" fail="0" skip="0" id="s1-s1" name="Random-User-Test">Tests.Random-User-Test</stat>
</suite>
</statistics>
<errors>
</errors>
</robot>
