<?xml version="1.0" encoding="UTF-8"?>
<robot generator="Robot 7.0.1 (Python 3.12.4 on linux)" generated="2024-07-15T21:15:08.533613" rpa="false" schemaversion="5">
<suite id="s1" name="Tests" source="/home/runner/work/ApiRandomUser/ApiRandomUser/RamdonUser/tests">
<suite id="s1-s1" name="Random-User-Test" source="/home/runner/work/ApiRandomUser/ApiRandomUser/RamdonUser/tests/random-user-test.robot">
<test id="s1-s1-t1" name="Conectar" line="13">
<kw name="Conectar API" owner="random-user-service">
<kw name="Create Session" owner="RequestsLibrary">
<msg time="2024-07-15T21:15:08.935074" level="INFO">Creating Session using : alias=consultarAPI, url=https://randomuser.me/, headers={},                     cookies={}, auth=None, timeout=None, proxies=None, verify=False,                     debug=0 </msg>
<arg>consultarAPI</arg>
<arg>${URL}</arg>
<doc>Create Session: create a HTTP session to a server</doc>
<status status="PASS" start="2024-07-15T21:15:08.934872" elapsed="0.000379"/>
</kw>
<status status="PASS" start="2024-07-15T21:15:08.933896" elapsed="0.001706"/>
</kw>
<status status="PASS" start="2024-07-15T21:15:08.933279" elapsed="0.002524"/>
</test>
<test id="s1-s1-t2" name="Validar retorno 200 e JSON Válido" line="16">
<kw name="Teste de Requisicao Basica" owner="random-user-service">
<kw name="GET On Session" owner="RequestsLibrary">
<msg time="2024-07-15T21:15:09.116213" level="INFO">GET Request : url=https://randomuser.me/api 
 path_url=/api 
 headers={'User-Agent': 'python-requests/2.32.3', 'Accept-Encoding': 'gzip, deflate', 'Accept': '*/*', 'Connection': 'keep-alive'} 
 body=None 
 </msg>
<msg time="2024-07-15T21:15:09.116394" level="INFO">GET Response : url=https://randomuser.me/api 
 status=200, reason=OK 
 headers={'Date': 'Mon, 15 Jul 2024 21:15:09 GMT', 'Content-Type': 'application/json; charset=utf-8', 'Transfer-Encoding': 'chunked', 'Connection': 'keep-alive', 'X-Powered-By': 'Express', 'Access-Control-Allow-Origin': '*', 'Cache-Control': 'no-cache', 'ETag': 'W/"47c-SjOx6fS2j+sEP0v6v12IZhvpxfc"', 'Vary': 'Accept-Encoding', 'Content-Encoding': 'gzip', 'CF-Cache-Status': 'DYNAMIC', 'Report-To': '{"endpoints":[{"url":"https:\\/\\/a.nel.cloudflare.com\\/report\\/v4?s=bsr4lVKWz8us36sPSNHU%2F1zhQ6XHPCDiMQldgnTHMQUAU4fMHJuVsw4yOXa0Z0isWcMib%2BTujKOR1xYbMTiTXkAehwN4VEFQ5KLKk%2FmGQVZ4wQXGg8VkQpL2bwGg1pkW"}],"group":"cf-nel","max_age":604800}', 'NEL': '{"success_fraction":0,"report_to":"cf-nel","max_age":604800}', 'Server': 'cloudflare', 'CF-RAY': '8a3cc425090a96f0-SJC', 'alt-svc': 'h3=":443"; ma=86400'} 
 body={"results":[{"gender":"male","name":{"title":"Mr","first":"Lolit","last":"Borisenko"},"location":{"street":{"number":3302,"name":"Ploshcha Soborna"},"city":"Malin","state":"Harkivska","country":"Ukraine","postcode":36749,"coordinates":{"latitude":"74.6741","longitude":"-25.9146"},"timezone":{"offset":"+6:00","description":"Almaty, Dhaka, Colombo"}},"email":"lolit.borisenko@example.com","login":{"uuid":"71c5d8d4-65e9-485c-a393-b8a5252bc7ec","username":"organicduck736","password":"chicks","salt":"Bu4KFwY3","md5":"8635ec470f5874c6a26bb9747b88be36","sha1":"f99d32e46d6f0d7444deeea6b28f6fec7072240f","sha256":"13a486f5fcd09b2590e8618ff1897222af6082806a14684b20c9a71b508c5792"},"dob":{"date":"1975-11-26T09:16:12.725Z","age":48},"registered":{"date":"2015-09-14T00:25:31.734Z","age":8},"phone":"(067) I17-7497","cell":"(066) U55-8737","id":{"name":"","value":null},"picture":{"large":"https://randomuser.me/api/portraits/men/37.jpg","medium":"https://randomuser.me/api/portraits/med/men/37.jpg","thumbnail":"https://randomuser.me/api/portraits/thumb/men/37.jpg"},"nat":"UA"}],"info":{"seed":"8be4dae0551cadcd","results":1,"page":1,"version":"1.4"}} 
 </msg>
<msg time="2024-07-15T21:15:09.116491" level="INFO">/opt/hostedtoolcache/Python/3.12.4/x64/lib/python3.12/site-packages/urllib3/connectionpool.py:1099: InsecureRequestWarning: Unverified HTTPS request is being made to host 'randomuser.me'. Adding certificate verification is strongly advised. See: https://urllib3.readthedocs.io/en/latest/advanced-usage.html#tls-warnings
  warnings.warn(</msg>
<msg time="2024-07-15T21:15:09.116643" level="INFO">${response} = &lt;Response [200]&gt;</msg>
<var>${response}</var>
<arg>consultarAPI</arg>
<arg>/api</arg>
<doc>Sends a GET request on a previously created HTTP Session.</doc>
<status status="PASS" start="2024-07-15T21:15:08.938516" elapsed="0.178171"/>
</kw>
<kw name="Should Be Equal As Numbers" owner="BuiltIn">
<msg time="2024-07-15T21:15:09.117940" level="INFO">Argument types are:
&lt;class 'int'&gt;
&lt;class 'str'&gt;</msg>
<arg>${response.status_code}</arg>
<arg>200</arg>
<doc>Fails if objects are unequal after converting them to real numbers.</doc>
<status status="PASS" start="2024-07-15T21:15:09.117419" elapsed="0.000617"/>
</kw>
<kw name="Log" owner="BuiltIn">
<msg time="2024-07-15T21:15:09.119170" level="INFO">200</msg>
<arg>${response.status_code}</arg>
<doc>Logs the given message with the given level.</doc>
<status status="PASS" start="2024-07-15T21:15:09.118560" elapsed="0.000683"/>
</kw>
<kw name="Set Variable" owner="BuiltIn">
<msg time="2024-07-15T21:15:09.120542" level="INFO">${json_data} = {'results': [{'gender': 'male', 'name': {'title': 'Mr', 'first': 'Lolit', 'last': 'Borisenko'}, 'location': {'street': {'number': 3302, 'name': 'Ploshcha Soborna'}, 'city': 'Malin', 'state': 'Harkivsk...</msg>
<var>${json_data}</var>
<arg>${response.json()}</arg>
<doc>Returns the given values which can then be assigned to a variables.</doc>
<status status="PASS" start="2024-07-15T21:15:09.119813" elapsed="0.000779"/>
</kw>
<kw name="Dictionary Should Contain Key" owner="Collections">
<arg>${json_data}</arg>
<arg>results</arg>
<doc>Fails if ``key`` is not found from ``dictionary``.</doc>
<status status="PASS" start="2024-07-15T21:15:09.121151" elapsed="0.000292"/>
</kw>
<status status="PASS" start="2024-07-15T21:15:08.938268" elapsed="0.183417"/>
</kw>
<doc>Testa se a API responde corretamente e retorna um objeto JSON válido.</doc>
<tag>testeRequisicaoBasica</tag>
<status status="PASS" start="2024-07-15T21:15:08.937749" elapsed="0.184214"/>
</test>
<test id="s1-s1-t3" name="Validar estrutura de resposta" line="22">
<kw name="Teste de Estrutura de Resposta" owner="random-user-service">
<kw name="GET On Session" owner="RequestsLibrary">
<msg time="2024-07-15T21:15:09.231681" level="INFO">GET Request : url=https://randomuser.me/api 
 path_url=/api 
 headers={'User-Agent': 'python-requests/2.32.3', 'Accept-Encoding': 'gzip, deflate', 'Accept': '*/*', 'Connection': 'keep-alive'} 
 body=None 
 </msg>
<msg time="2024-07-15T21:15:09.231796" level="INFO">GET Response : url=https://randomuser.me/api 
 status=200, reason=OK 
 headers={'Date': 'Mon, 15 Jul 2024 21:15:09 GMT', 'Content-Type': 'application/json; charset=utf-8', 'Transfer-Encoding': 'chunked', 'Connection': 'keep-alive', 'X-Powered-By': 'Express', 'Access-Control-Allow-Origin': '*', 'Cache-Control': 'no-cache', 'ETag': 'W/"478-Z8IGQzU/grAXdrnAyTxqPowx8Vg"', 'Vary': 'Accept-Encoding', 'Content-Encoding': 'gzip', 'CF-Cache-Status': 'DYNAMIC', 'Report-To': '{"endpoints":[{"url":"https:\\/\\/a.nel.cloudflare.com\\/report\\/v4?s=5HfhfGS7HUKYRrCRl9rsfddq838AheyFMaiXQIWJzjX4ErokzPK7yABBrnwY8X9vXhRqW%2FVHwxeJjAbdF6Tm97%2BWOVvrQ7auSLyNg2R9MoZoVv5E2zkItwGZoIt%2FbLoW"}],"group":"cf-nel","max_age":604800}', 'NEL': '{"success_fraction":0,"report_to":"cf-nel","max_age":604800}', 'Server': 'cloudflare', 'CF-RAY': '8a3cc426099496f0-SJC', 'alt-svc': 'h3=":443"; ma=86400'} 
 body={"results":[{"gender":"female","name":{"title":"Mrs","first":"Emilia","last":"Vargas"},"location":{"street":{"number":4974,"name":"Calle de Téllez"},"city":"Gandía","state":"Aragón","country":"Spain","postcode":73450,"coordinates":{"latitude":"-30.5934","longitude":"138.6095"},"timezone":{"offset":"+5:45","description":"Kathmandu"}},"email":"emilia.vargas@example.com","login":{"uuid":"4fac7b40-b3a4-4331-8e0e-85d85c3ec427","username":"whiteleopard386","password":"1220","salt":"mPqnngr3","md5":"635358161eedf5093f45a7eb0217185f","sha1":"d8dcc5f22983465bd549c2fec1b93b0f0bfeb203","sha256":"5db37039a02e4c7bedeae8d2a22b5397b5d1cb84cd856e0e0d0a8ccc2e901818"},"dob":{"date":"1991-09-30T01:03:47.674Z","age":32},"registered":{"date":"2012-11-21T22:07:29.836Z","age":11},"phone":"972-973-149","cell":"640-094-309","id":{"name":"DNI","value":"03843614-M"},"picture":{"large":"https://randomuser.me/api/portraits/women/35.jpg","medium":"https://randomuser.me/api/portraits/med/women/35.jpg","thumbnail":"https://randomuser.me/api/portraits/thumb/women/35.jpg"},"nat":"ES"}],"info":{"seed":"595386e4a03fe29d","results":1,"page":1,"version":"1.4"}} 
 </msg>
<msg time="2024-07-15T21:15:09.231934" level="INFO">/opt/hostedtoolcache/Python/3.12.4/x64/lib/python3.12/site-packages/urllib3/connectionpool.py:1099: InsecureRequestWarning: Unverified HTTPS request is being made to host 'randomuser.me'. Adding certificate verification is strongly advised. See: https://urllib3.readthedocs.io/en/latest/advanced-usage.html#tls-warnings
  warnings.warn(</msg>
<msg time="2024-07-15T21:15:09.232066" level="INFO">${response} = &lt;Response [200]&gt;</msg>
<var>${response}</var>
<arg>consultarAPI</arg>
<arg>/api</arg>
<doc>Sends a GET request on a previously created HTTP Session.</doc>
<status status="PASS" start="2024-07-15T21:15:09.125721" elapsed="0.106390"/>
</kw>
<kw name="Set Variable" owner="BuiltIn">
<msg time="2024-07-15T21:15:09.233445" level="INFO">${json_data} = {'results': [{'gender': 'female', 'name': {'title': 'Mrs', 'first': 'Emilia', 'last': 'Vargas'}, 'location': {'street': {'number': 4974, 'name': 'Calle de Téllez'}, 'city': 'Gandía', 'state': 'Aragón'...</msg>
<var>${json_data}</var>
<arg>${response.json()}</arg>
<doc>Returns the given values which can then be assigned to a variables.</doc>
<status status="PASS" start="2024-07-15T21:15:09.232789" elapsed="0.000687"/>
</kw>
<kw name="Log" owner="BuiltIn">
<msg time="2024-07-15T21:15:09.234025" level="INFO">{'results': [{'gender': 'female', 'name': {'title': 'Mrs', 'first': 'Emilia', 'last': 'Vargas'}, 'location': {'street': {'number': 4974, 'name': 'Calle de Téllez'}, 'city': 'Gandía', 'state': 'Aragón', 'country': 'Spain', 'postcode': 73450, 'coordinates': {'latitude': '-30.5934', 'longitude': '138.6095'}, 'timezone': {'offset': '+5:45', 'description': 'Kathmandu'}}, 'email': 'emilia.vargas@example.com', 'login': {'uuid': '4fac7b40-b3a4-4331-8e0e-85d85c3ec427', 'username': 'whiteleopard386', 'password': '1220', 'salt': 'mPqnngr3', 'md5': '635358161eedf5093f45a7eb0217185f', 'sha1': 'd8dcc5f22983465bd549c2fec1b93b0f0bfeb203', 'sha256': '5db37039a02e4c7bedeae8d2a22b5397b5d1cb84cd856e0e0d0a8ccc2e901818'}, 'dob': {'date': '1991-09-30T01:03:47.674Z', 'age': 32}, 'registered': {'date': '2012-11-21T22:07:29.836Z', 'age': 11}, 'phone': '972-973-149', 'cell': '640-094-309', 'id': {'name': 'DNI', 'value': '03843614-M'}, 'picture': {'large': 'https://randomuser.me/api/portraits/women/35.jpg', 'medium': 'https://randomuser.me/api/portraits/med/women/35.jpg', 'thumbnail': 'https://randomuser.me/api/portraits/thumb/women/35.jpg'}, 'nat': 'ES'}], 'info': {'seed': '595386e4a03fe29d', 'results': 1, 'page': 1, 'version': '1.4'}}</msg>
<arg>${json_data}</arg>
<doc>Logs the given message with the given level.</doc>
<status status="PASS" start="2024-07-15T21:15:09.233843" elapsed="0.000234"/>
</kw>
<kw name="Dictionary Should Contain Key" owner="Collections">
<arg>${json_data}</arg>
<arg>results</arg>
<doc>Fails if ``key`` is not found from ``dictionary``.</doc>
<status status="PASS" start="2024-07-15T21:15:09.234394" elapsed="0.000180"/>
</kw>
<kw name="Should Not Be Empty" owner="BuiltIn">
<msg time="2024-07-15T21:15:09.234907" level="INFO">Length is 2.</msg>
<arg>${json_data}</arg>
<doc>Verifies that the given item is not empty.</doc>
<status status="PASS" start="2024-07-15T21:15:09.234770" elapsed="0.000178"/>
</kw>
<kw name="Create List" owner="BuiltIn">
<msg time="2024-07-15T21:15:09.235563" level="INFO">${expected_keys} = ['gender', 'name', 'location', 'email', 'login']</msg>
<var>${expected_keys}</var>
<arg>gender</arg>
<arg>name</arg>
<arg>location</arg>
<arg>email</arg>
<arg>login</arg>
<doc>Returns a list containing given items.</doc>
<status status="PASS" start="2024-07-15T21:15:09.235242" elapsed="0.000346"/>
</kw>
<for flavor="IN">
<iter>
<kw name="Dictionary Should Contain Key" owner="Collections">
<arg>${json_data['results'][0]}</arg>
<arg>${key}</arg>
<doc>Fails if ``key`` is not found from ``dictionary``.</doc>
<status status="PASS" start="2024-07-15T21:15:09.236184" elapsed="0.000423"/>
</kw>
<kw name="Log" owner="BuiltIn">
<msg time="2024-07-15T21:15:09.237213" level="INFO">{'gender': 'female', 'name': {'title': 'Mrs', 'first': 'Emilia', 'last': 'Vargas'}, 'location': {'street': {'number': 4974, 'name': 'Calle de Téllez'}, 'city': 'Gandía', 'state': 'Aragón', 'country': 'Spain', 'postcode': 73450, 'coordinates': {'latitude': '-30.5934', 'longitude': '138.6095'}, 'timezone': {'offset': '+5:45', 'description': 'Kathmandu'}}, 'email': 'emilia.vargas@example.com', 'login': {'uuid': '4fac7b40-b3a4-4331-8e0e-85d85c3ec427', 'username': 'whiteleopard386', 'password': '1220', 'salt': 'mPqnngr3', 'md5': '635358161eedf5093f45a7eb0217185f', 'sha1': 'd8dcc5f22983465bd549c2fec1b93b0f0bfeb203', 'sha256': '5db37039a02e4c7bedeae8d2a22b5397b5d1cb84cd856e0e0d0a8ccc2e901818'}, 'dob': {'date': '1991-09-30T01:03:47.674Z', 'age': 32}, 'registered': {'date': '2012-11-21T22:07:29.836Z', 'age': 11}, 'phone': '972-973-149', 'cell': '640-094-309', 'id': {'name': 'DNI', 'value': '03843614-M'}, 'picture': {'large': 'https://randomuser.me/api/portraits/women/35.jpg', 'medium': 'https://randomuser.me/api/portraits/med/women/35.jpg', 'thumbnail': 'https://randomuser.me/api/portraits/thumb/women/35.jpg'}, 'nat': 'ES'}</msg>
<arg>${json_data['results'][0]}</arg>
<doc>Logs the given message with the given level.</doc>
<status status="PASS" start="2024-07-15T21:15:09.236797" elapsed="0.000468"/>
</kw>
<kw name="Log" owner="BuiltIn">
<msg time="2024-07-15T21:15:09.237704" level="INFO">gender</msg>
<arg>${key}</arg>
<doc>Logs the given message with the given level.</doc>
<status status="PASS" start="2024-07-15T21:15:09.237573" elapsed="0.000172"/>
</kw>
<var name="${key}">gender</var>
<status status="PASS" start="2024-07-15T21:15:09.236057" elapsed="0.001906"/>
</iter>
<iter>
<kw name="Dictionary Should Contain Key" owner="Collections">
<arg>${json_data['results'][0]}</arg>
<arg>${key}</arg>
<doc>Fails if ``key`` is not found from ``dictionary``.</doc>
<status status="PASS" start="2024-07-15T21:15:09.238273" elapsed="0.000399"/>
</kw>
<kw name="Log" owner="BuiltIn">
<msg time="2024-07-15T21:15:09.239210" level="INFO">{'gender': 'female', 'name': {'title': 'Mrs', 'first': 'Emilia', 'last': 'Vargas'}, 'location': {'street': {'number': 4974, 'name': 'Calle de Téllez'}, 'city': 'Gandía', 'state': 'Aragón', 'country': 'Spain', 'postcode': 73450, 'coordinates': {'latitude': '-30.5934', 'longitude': '138.6095'}, 'timezone': {'offset': '+5:45', 'description': 'Kathmandu'}}, 'email': 'emilia.vargas@example.com', 'login': {'uuid': '4fac7b40-b3a4-4331-8e0e-85d85c3ec427', 'username': 'whiteleopard386', 'password': '1220', 'salt': 'mPqnngr3', 'md5': '635358161eedf5093f45a7eb0217185f', 'sha1': 'd8dcc5f22983465bd549c2fec1b93b0f0bfeb203', 'sha256': '5db37039a02e4c7bedeae8d2a22b5397b5d1cb84cd856e0e0d0a8ccc2e901818'}, 'dob': {'date': '1991-09-30T01:03:47.674Z', 'age': 32}, 'registered': {'date': '2012-11-21T22:07:29.836Z', 'age': 11}, 'phone': '972-973-149', 'cell': '640-094-309', 'id': {'name': 'DNI', 'value': '03843614-M'}, 'picture': {'large': 'https://randomuser.me/api/portraits/women/35.jpg', 'medium': 'https://randomuser.me/api/portraits/med/women/35.jpg', 'thumbnail': 'https://randomuser.me/api/portraits/thumb/women/35.jpg'}, 'nat': 'ES'}</msg>
<arg>${json_data['results'][0]}</arg>
<doc>Logs the given message with the given level.</doc>
<status status="PASS" start="2024-07-15T21:15:09.238856" elapsed="0.000438"/>
</kw>
<kw name="Log" owner="BuiltIn">
<msg time="2024-07-15T21:15:09.239742" level="INFO">name</msg>
<arg>${key}</arg>
<doc>Logs the given message with the given level.</doc>
<status status="PASS" start="2024-07-15T21:15:09.239604" elapsed="0.000176"/>
</kw>
<var name="${key}">name</var>
<status status="PASS" start="2024-07-15T21:15:09.238158" elapsed="0.001882"/>
</iter>
<iter>
<kw name="Dictionary Should Contain Key" owner="Collections">
<arg>${json_data['results'][0]}</arg>
<arg>${key}</arg>
<doc>Fails if ``key`` is not found from ``dictionary``.</doc>
<status status="PASS" start="2024-07-15T21:15:09.240390" elapsed="0.000498"/>
</kw>
<kw name="Log" owner="BuiltIn">
<msg time="2024-07-15T21:15:09.241467" level="INFO">{'gender': 'female', 'name': {'title': 'Mrs', 'first': 'Emilia', 'last': 'Vargas'}, 'location': {'street': {'number': 4974, 'name': 'Calle de Téllez'}, 'city': 'Gandía', 'state': 'Aragón', 'country': 'Spain', 'postcode': 73450, 'coordinates': {'latitude': '-30.5934', 'longitude': '138.6095'}, 'timezone': {'offset': '+5:45', 'description': 'Kathmandu'}}, 'email': 'emilia.vargas@example.com', 'login': {'uuid': '4fac7b40-b3a4-4331-8e0e-85d85c3ec427', 'username': 'whiteleopard386', 'password': '1220', 'salt': 'mPqnngr3', 'md5': '635358161eedf5093f45a7eb0217185f', 'sha1': 'd8dcc5f22983465bd549c2fec1b93b0f0bfeb203', 'sha256': '5db37039a02e4c7bedeae8d2a22b5397b5d1cb84cd856e0e0d0a8ccc2e901818'}, 'dob': {'date': '1991-09-30T01:03:47.674Z', 'age': 32}, 'registered': {'date': '2012-11-21T22:07:29.836Z', 'age': 11}, 'phone': '972-973-149', 'cell': '640-094-309', 'id': {'name': 'DNI', 'value': '03843614-M'}, 'picture': {'large': 'https://randomuser.me/api/portraits/women/35.jpg', 'medium': 'https://randomuser.me/api/portraits/med/women/35.jpg', 'thumbnail': 'https://randomuser.me/api/portraits/thumb/women/35.jpg'}, 'nat': 'ES'}</msg>
<arg>${json_data['results'][0]}</arg>
<doc>Logs the given message with the given level.</doc>
<status status="PASS" start="2024-07-15T21:15:09.241104" elapsed="0.000416"/>
</kw>
<kw name="Log" owner="BuiltIn">
<msg time="2024-07-15T21:15:09.241956" level="INFO">location</msg>
<arg>${key}</arg>
<doc>Logs the given message with the given level.</doc>
<status status="PASS" start="2024-07-15T21:15:09.241826" elapsed="0.000169"/>
</kw>
<var name="${key}">location</var>
<status status="PASS" start="2024-07-15T21:15:09.240258" elapsed="0.001956"/>
</iter>
<iter>
<kw name="Dictionary Should Contain Key" owner="Collections">
<arg>${json_data['results'][0]}</arg>
<arg>${key}</arg>
<doc>Fails if ``key`` is not found from ``dictionary``.</doc>
<status status="PASS" start="2024-07-15T21:15:09.242495" elapsed="0.000394"/>
</kw>
<kw name="Log" owner="BuiltIn">
<msg time="2024-07-15T21:15:09.243438" level="INFO">{'gender': 'female', 'name': {'title': 'Mrs', 'first': 'Emilia', 'last': 'Vargas'}, 'location': {'street': {'number': 4974, 'name': 'Calle de Téllez'}, 'city': 'Gandía', 'state': 'Aragón', 'country': 'Spain', 'postcode': 73450, 'coordinates': {'latitude': '-30.5934', 'longitude': '138.6095'}, 'timezone': {'offset': '+5:45', 'description': 'Kathmandu'}}, 'email': 'emilia.vargas@example.com', 'login': {'uuid': '4fac7b40-b3a4-4331-8e0e-85d85c3ec427', 'username': 'whiteleopard386', 'password': '1220', 'salt': 'mPqnngr3', 'md5': '635358161eedf5093f45a7eb0217185f', 'sha1': 'd8dcc5f22983465bd549c2fec1b93b0f0bfeb203', 'sha256': '5db37039a02e4c7bedeae8d2a22b5397b5d1cb84cd856e0e0d0a8ccc2e901818'}, 'dob': {'date': '1991-09-30T01:03:47.674Z', 'age': 32}, 'registered': {'date': '2012-11-21T22:07:29.836Z', 'age': 11}, 'phone': '972-973-149', 'cell': '640-094-309', 'id': {'name': 'DNI', 'value': '03843614-M'}, 'picture': {'large': 'https://randomuser.me/api/portraits/women/35.jpg', 'medium': 'https://randomuser.me/api/portraits/med/women/35.jpg', 'thumbnail': 'https://randomuser.me/api/portraits/thumb/women/35.jpg'}, 'nat': 'ES'}</msg>
<arg>${json_data['results'][0]}</arg>
<doc>Logs the given message with the given level.</doc>
<status status="PASS" start="2024-07-15T21:15:09.243078" elapsed="0.000411"/>
</kw>
<kw name="Log" owner="BuiltIn">
<msg time="2024-07-15T21:15:09.243935" level="INFO">email</msg>
<arg>${key}</arg>
<doc>Logs the given message with the given level.</doc>
<status status="PASS" start="2024-07-15T21:15:09.243801" elapsed="0.000174"/>
</kw>
<var name="${key}">email</var>
<status status="PASS" start="2024-07-15T21:15:09.242388" elapsed="0.001801"/>
</iter>
<iter>
<kw name="Dictionary Should Contain Key" owner="Collections">
<arg>${json_data['results'][0]}</arg>
<arg>${key}</arg>
<doc>Fails if ``key`` is not found from ``dictionary``.</doc>
<status status="PASS" start="2024-07-15T21:15:09.244472" elapsed="0.000383"/>
</kw>
<kw name="Log" owner="BuiltIn">
<msg time="2024-07-15T21:15:09.245416" level="INFO">{'gender': 'female', 'name': {'title': 'Mrs', 'first': 'Emilia', 'last': 'Vargas'}, 'location': {'street': {'number': 4974, 'name': 'Calle de Téllez'}, 'city': 'Gandía', 'state': 'Aragón', 'country': 'Spain', 'postcode': 73450, 'coordinates': {'latitude': '-30.5934', 'longitude': '138.6095'}, 'timezone': {'offset': '+5:45', 'description': 'Kathmandu'}}, 'email': 'emilia.vargas@example.com', 'login': {'uuid': '4fac7b40-b3a4-4331-8e0e-85d85c3ec427', 'username': 'whiteleopard386', 'password': '1220', 'salt': 'mPqnngr3', 'md5': '635358161eedf5093f45a7eb0217185f', 'sha1': 'd8dcc5f22983465bd549c2fec1b93b0f0bfeb203', 'sha256': '5db37039a02e4c7bedeae8d2a22b5397b5d1cb84cd856e0e0d0a8ccc2e901818'}, 'dob': {'date': '1991-09-30T01:03:47.674Z', 'age': 32}, 'registered': {'date': '2012-11-21T22:07:29.836Z', 'age': 11}, 'phone': '972-973-149', 'cell': '640-094-309', 'id': {'name': 'DNI', 'value': '03843614-M'}, 'picture': {'large': 'https://randomuser.me/api/portraits/women/35.jpg', 'medium': 'https://randomuser.me/api/portraits/med/women/35.jpg', 'thumbnail': 'https://randomuser.me/api/portraits/thumb/women/35.jpg'}, 'nat': 'ES'}</msg>
<arg>${json_data['results'][0]}</arg>
<doc>Logs the given message with the given level.</doc>
<status status="PASS" start="2024-07-15T21:15:09.245061" elapsed="0.000405"/>
</kw>
<kw name="Log" owner="BuiltIn">
<msg time="2024-07-15T21:15:09.245882" level="INFO">login</msg>
<arg>${key}</arg>
<doc>Logs the given message with the given level.</doc>
<status status="PASS" start="2024-07-15T21:15:09.245758" elapsed="0.000162"/>
</kw>
<var name="${key}">login</var>
<status status="PASS" start="2024-07-15T21:15:09.244361" elapsed="0.001770"/>
</iter>
<var>${key}</var>
<value>@{expected_keys}</value>
<status status="PASS" start="2024-07-15T21:15:09.235857" elapsed="0.010393"/>
</for>
<kw name="Create List" owner="BuiltIn">
<msg time="2024-07-15T21:15:09.246583" level="INFO">${expected_keysTwo} = ['username', 'password']</msg>
<var>${expected_keysTwo}</var>
<arg>username</arg>
<arg>password</arg>
<doc>Returns a list containing given items.</doc>
<status status="PASS" start="2024-07-15T21:15:09.246444" elapsed="0.000163"/>
</kw>
<for flavor="IN">
<iter>
<kw name="Dictionary Should Contain Key" owner="Collections">
<arg>${json_data['results'][0]['login']}</arg>
<arg>${keyTwo}</arg>
<doc>Fails if ``key`` is not found from ``dictionary``.</doc>
<status status="PASS" start="2024-07-15T21:15:09.247138" elapsed="0.000390"/>
</kw>
<kw name="Dictionary Should Contain Key" owner="Collections">
<arg>${json_data['results'][0]['login']}</arg>
<arg>${keyTwo}</arg>
<doc>Fails if ``key`` is not found from ``dictionary``.</doc>
<status status="PASS" start="2024-07-15T21:15:09.247720" elapsed="0.000373"/>
</kw>
<kw name="Log" owner="BuiltIn">
<msg time="2024-07-15T21:15:09.248423" level="INFO">username</msg>
<arg>${keyTwo}</arg>
<doc>Logs the given message with the given level.</doc>
<status status="PASS" start="2024-07-15T21:15:09.248279" elapsed="0.000181"/>
</kw>
<var name="${keyTwo}">username</var>
<status status="PASS" start="2024-07-15T21:15:09.247028" elapsed="0.001650"/>
</iter>
<iter>
<kw name="Dictionary Should Contain Key" owner="Collections">
<arg>${json_data['results'][0]['login']}</arg>
<arg>${keyTwo}</arg>
<doc>Fails if ``key`` is not found from ``dictionary``.</doc>
<status status="PASS" start="2024-07-15T21:15:09.248955" elapsed="0.000442"/>
</kw>
<kw name="Dictionary Should Contain Key" owner="Collections">
<arg>${json_data['results'][0]['login']}</arg>
<arg>${keyTwo}</arg>
<doc>Fails if ``key`` is not found from ``dictionary``.</doc>
<status status="PASS" start="2024-07-15T21:15:09.249579" elapsed="0.000369"/>
</kw>
<kw name="Log" owner="BuiltIn">
<msg time="2024-07-15T21:15:09.250243" level="INFO">password</msg>
<arg>${keyTwo}</arg>
<doc>Logs the given message with the given level.</doc>
<status status="PASS" start="2024-07-15T21:15:09.250124" elapsed="0.000160"/>
</kw>
<var name="${keyTwo}">password</var>
<status status="PASS" start="2024-07-15T21:15:09.248850" elapsed="0.001745"/>
</iter>
<var>${keyTwo}</var>
<value>@{expected_keysTwo}</value>
<status status="PASS" start="2024-07-15T21:15:09.246872" elapsed="0.003844"/>
</for>
<status status="PASS" start="2024-07-15T21:15:09.125467" elapsed="0.125394"/>
</kw>
<doc>Testa a estrutura da resposta da API.</doc>
<tag>testeEstruturaResposta</tag>
<status status="PASS" start="2024-07-15T21:15:09.124805" elapsed="0.126216"/>
</test>
<test id="s1-s1-t4" name="Validar tipos de dados" line="28">
<kw name="Teste de Tipos de Dados" owner="random-user-service">
<kw name="GET On Session" owner="RequestsLibrary">
<msg time="2024-07-15T21:15:09.703905" level="INFO">GET Request : url=https://randomuser.me/api 
 path_url=/api 
 headers={'User-Agent': 'python-requests/2.32.3', 'Accept-Encoding': 'gzip, deflate', 'Accept': '*/*', 'Connection': 'keep-alive'} 
 body=None 
 </msg>
<msg time="2024-07-15T21:15:09.704003" level="INFO">GET Response : url=https://randomuser.me/api 
 status=200, reason=OK 
 headers={'Date': 'Mon, 15 Jul 2024 21:15:09 GMT', 'Content-Type': 'application/json; charset=utf-8', 'Transfer-Encoding': 'chunked', 'Connection': 'keep-alive', 'X-Powered-By': 'Express', 'Access-Control-Allow-Origin': '*', 'Cache-Control': 'no-cache', 'ETag': 'W/"46d-1YbKvCMCU1zwc/DIQeGI5y83t4g"', 'Vary': 'Accept-Encoding', 'Content-Encoding': 'gzip', 'CF-Cache-Status': 'DYNAMIC', 'Report-To': '{"endpoints":[{"url":"https:\\/\\/a.nel.cloudflare.com\\/report\\/v4?s=obeUHmW9Fy1ZhlITi4eBpQvQ%2BPD0H4YES1874wm1QQtmmSgDoKVz5NNDZPVX2RMjNvFDSFMPnic8KvDjIT6Jr%2BpCq1QxWp56dlYaXaoSi2TGuk7LwngJ2uTzv0ym9YRO"}],"group":"cf-nel","max_age":604800}', 'NEL': '{"success_fraction":0,"report_to":"cf-nel","max_age":604800}', 'Server': 'cloudflare', 'CF-RAY': '8a3cc426d9f096f0-SJC', 'alt-svc': 'h3=":443"; ma=86400'} 
 body={"results":[{"gender":"female","name":{"title":"Miss","first":"Glenda","last":"Allen"},"location":{"street":{"number":3520,"name":"Sunset St"},"city":"Mildura","state":"Victoria","country":"Australia","postcode":8397,"coordinates":{"latitude":"-86.1119","longitude":"139.6506"},"timezone":{"offset":"-9:00","description":"Alaska"}},"email":"glenda.allen@example.com","login":{"uuid":"50115c9c-5956-4c72-9df1-f957f72af4e9","username":"bigwolf619","password":"west","salt":"KwyXDkJ2","md5":"b6aa47f894b674d41241d77bf814fd67","sha1":"b869b1dcc3178a35e140296c5dcdf27cdd410054","sha256":"990a3e3612218218ac49f32a7dc1fdae8c41204158042fc4d97e3d0897a8f3a4"},"dob":{"date":"1963-06-29T22:41:28.955Z","age":61},"registered":{"date":"2011-10-22T11:51:51.727Z","age":12},"phone":"04-1692-8597","cell":"0421-694-424","id":{"name":"TFN","value":"513236499"},"picture":{"large":"https://randomuser.me/api/portraits/women/94.jpg","medium":"https://randomuser.me/api/portraits/med/women/94.jpg","thumbnail":"https://randomuser.me/api/portraits/thumb/women/94.jpg"},"nat":"AU"}],"info":{"seed":"7e983614aa94daf3","results":1,"page":1,"version":"1.4"}} 
 </msg>
<msg time="2024-07-15T21:15:09.704073" level="INFO">/opt/hostedtoolcache/Python/3.12.4/x64/lib/python3.12/site-packages/urllib3/connectionpool.py:1099: InsecureRequestWarning: Unverified HTTPS request is being made to host 'randomuser.me'. Adding certificate verification is strongly advised. See: https://urllib3.readthedocs.io/en/latest/advanced-usage.html#tls-warnings
  warnings.warn(</msg>
<msg time="2024-07-15T21:15:09.704193" level="INFO">${response} = &lt;Response [200]&gt;</msg>
<var>${response}</var>
<arg>consultarAPI</arg>
<arg>/api</arg>
<doc>Sends a GET request on a previously created HTTP Session.</doc>
<status status="PASS" start="2024-07-15T21:15:09.253625" elapsed="0.450609"/>
</kw>
<kw name="Set Variable" owner="BuiltIn">
<msg time="2024-07-15T21:15:09.705518" level="INFO">${json_data} = {'results': [{'gender': 'female', 'name': {'title': 'Miss', 'first': 'Glenda', 'last': 'Allen'}, 'location': {'street': {'number': 3520, 'name': 'Sunset St'}, 'city': 'Mildura', 'state': 'Victoria', '...</msg>
<var>${json_data}</var>
<arg>${response.json()}</arg>
<doc>Returns the given values which can then be assigned to a variables.</doc>
<status status="PASS" start="2024-07-15T21:15:09.704882" elapsed="0.000666"/>
</kw>
<kw name="Log" owner="BuiltIn">
<msg time="2024-07-15T21:15:09.706009" level="INFO">{'results': [{'gender': 'female', 'name': {'title': 'Miss', 'first': 'Glenda', 'last': 'Allen'}, 'location': {'street': {'number': 3520, 'name': 'Sunset St'}, 'city': 'Mildura', 'state': 'Victoria', 'country': 'Australia', 'postcode': 8397, 'coordinates': {'latitude': '-86.1119', 'longitude': '139.6506'}, 'timezone': {'offset': '-9:00', 'description': 'Alaska'}}, 'email': 'glenda.allen@example.com', 'login': {'uuid': '50115c9c-5956-4c72-9df1-f957f72af4e9', 'username': 'bigwolf619', 'password': 'west', 'salt': 'KwyXDkJ2', 'md5': 'b6aa47f894b674d41241d77bf814fd67', 'sha1': 'b869b1dcc3178a35e140296c5dcdf27cdd410054', 'sha256': '990a3e3612218218ac49f32a7dc1fdae8c41204158042fc4d97e3d0897a8f3a4'}, 'dob': {'date': '1963-06-29T22:41:28.955Z', 'age': 61}, 'registered': {'date': '2011-10-22T11:51:51.727Z', 'age': 12}, 'phone': '04-1692-8597', 'cell': '0421-694-424', 'id': {'name': 'TFN', 'value': '513236499'}, 'picture': {'large': 'https://randomuser.me/api/portraits/women/94.jpg', 'medium': 'https://randomuser.me/api/portraits/med/women/94.jpg', 'thumbnail': 'https://randomuser.me/api/portraits/thumb/women/94.jpg'}, 'nat': 'AU'}], 'info': {'seed': '7e983614aa94daf3', 'results': 1, 'page': 1, 'version': '1.4'}}</msg>
<arg>${json_data}</arg>
<doc>Logs the given message with the given level.</doc>
<status status="PASS" start="2024-07-15T21:15:09.705856" elapsed="0.000200"/>
</kw>
<kw name="Should Be String" owner="String">
<arg>${json_data['results'][0]['gender']}</arg>
<doc>Fails if the given ``item`` is not a string.</doc>
<status status="PASS" start="2024-07-15T21:15:09.706341" elapsed="0.000359"/>
</kw>
<kw name="Should Match Regexp" owner="BuiltIn">
<arg>${json_data['results'][0]['email']}</arg>
<arg>^[a-zA-Z0-9._%+-]+@[a-zA-Z0-9.-]+\.[a-zA-Z]{2,}$</arg>
<doc>Fails if ``string`` does not match ``pattern`` as a regular expression.</doc>
<status status="PASS" start="2024-07-15T21:15:09.706881" elapsed="0.000506"/>
</kw>
<kw name="Should Match Regexp" owner="BuiltIn">
<arg>${json_data['results'][0]['dob']['date']}</arg>
<arg>\\d{4}-\\d{2}-\\d{2}T\\d{2}:\\d{2}:\\d{2}\\.\\d{3}Z</arg>
<doc>Fails if ``string`` does not match ``pattern`` as a regular expression.</doc>
<status status="PASS" start="2024-07-15T21:15:09.707618" elapsed="0.000488"/>
</kw>
<kw name="Should Match Regexp" owner="BuiltIn">
<arg>${json_data['results'][0]['registered']['date']}</arg>
<arg>\\d{4}-\\d{2}-\\d{2}T\\d{2}:\\d{2}:\\d{2}\\.\\d{3}Z</arg>
<doc>Fails if ``string`` does not match ``pattern`` as a regular expression.</doc>
<status status="PASS" start="2024-07-15T21:15:09.708294" elapsed="0.000361"/>
</kw>
<kw name="Should Match Regexp" owner="BuiltIn">
<arg>${json_data['results'][0]['picture']['large']}</arg>
<arg>^https?://.*\.(?:png|jpe?g|gif|bmp)$</arg>
<doc>Fails if ``string`` does not match ``pattern`` as a regular expression.</doc>
<status status="PASS" start="2024-07-15T21:15:09.708835" elapsed="0.000493"/>
</kw>
<kw name="Should Match Regexp" owner="BuiltIn">
<arg>${json_data['results'][0]['picture']['medium']}</arg>
<arg>^https?://.*\.(?:png|jpe?g|gif|bmp)$</arg>
<doc>Fails if ``string`` does not match ``pattern`` as a regular expression.</doc>
<status status="PASS" start="2024-07-15T21:15:09.709518" elapsed="0.000356"/>
</kw>
<kw name="Should Match Regexp" owner="BuiltIn">
<arg>${json_data['results'][0]['picture']['thumbnail']}</arg>
<arg>^https?://.*\.(?:png|jpe?g|gif|bmp)$</arg>
<doc>Fails if ``string`` does not match ``pattern`` as a regular expression.</doc>
<status status="PASS" start="2024-07-15T21:15:09.710053" elapsed="0.000344"/>
</kw>
<kw name="Log" owner="BuiltIn">
<msg time="2024-07-15T21:15:09.710906" level="INFO">{'large': 'https://randomuser.me/api/portraits/women/94.jpg', 'medium': 'https://randomuser.me/api/portraits/med/women/94.jpg', 'thumbnail': 'https://randomuser.me/api/portraits/thumb/women/94.jpg'}</msg>
<arg>${json_data['results'][0]['picture']}</arg>
<doc>Logs the given message with the given level.</doc>
<status status="PASS" start="2024-07-15T21:15:09.710579" elapsed="0.000371"/>
</kw>
<status status="PASS" start="2024-07-15T21:15:09.253395" elapsed="0.457811"/>
</kw>
<kw name="Teste de Tipos de Dados - Postcode" owner="random-user-service">
<kw name="GET On Session" owner="RequestsLibrary">
<msg time="2024-07-15T21:15:09.831485" level="INFO">GET Request : url=https://randomuser.me/api 
 path_url=/api 
 headers={'User-Agent': 'python-requests/2.32.3', 'Accept-Encoding': 'gzip, deflate', 'Accept': '*/*', 'Connection': 'keep-alive'} 
 body=None 
 </msg>
<msg time="2024-07-15T21:15:09.831594" level="INFO">GET Response : url=https://randomuser.me/api 
 status=200, reason=OK 
 headers={'Date': 'Mon, 15 Jul 2024 21:15:09 GMT', 'Content-Type': 'application/json; charset=utf-8', 'Transfer-Encoding': 'chunked', 'Connection': 'keep-alive', 'X-Powered-By': 'Express', 'Access-Control-Allow-Origin': '*', 'Cache-Control': 'no-cache', 'ETag': 'W/"48b-AEvn3AUAGjNECZHwAtHKMsGRYkA"', 'Vary': 'Accept-Encoding', 'Content-Encoding': 'gzip', 'CF-Cache-Status': 'DYNAMIC', 'Report-To': '{"endpoints":[{"url":"https:\\/\\/a.nel.cloudflare.com\\/report\\/v4?s=AjU69ngcpQbbjQIuJZr0gszfuxqNtxR3CjgIHjJTb5kJnj8OGEVF3t7lbLOyHBGNFOp6sffr6lRAcPej%2BbYbBZBaji4W2x64SCPyAD1EdPlkskz4KRNpefb%2FtCOmLoAD"}],"group":"cf-nel","max_age":604800}', 'NEL': '{"success_fraction":0,"report_to":"cf-nel","max_age":604800}', 'Server': 'cloudflare', 'CF-RAY': '8a3cc429bbb896f0-SJC', 'alt-svc': 'h3=":443"; ma=86400'} 
 body={"results":[{"gender":"male","name":{"title":"Mr","first":"Andreas","last":"Johansen"},"location":{"street":{"number":3043,"name":"Ellevej"},"city":"Nimtofte","state":"Nordjylland","country":"Denmark","postcode":71363,"coordinates":{"latitude":"-42.4297","longitude":"-34.6677"},"timezone":{"offset":"+10:00","description":"Eastern Australia, Guam, Vladivostok"}},"email":"andreas.johansen@example.com","login":{"uuid":"14f4289a-99c7-402f-b491-10c3934b01bc","username":"organicbird158","password":"dentist","salt":"JJUEdk9C","md5":"86be217ea6803fed10aafec9dee83288","sha1":"5826306448a809dbd5d8ba7fa606037e623b06e8","sha256":"f7063f7827287a76fd2a93d5943dde6f8cb501512824b62ec4ec55037869dfe9"},"dob":{"date":"1947-12-31T17:26:49.761Z","age":76},"registered":{"date":"2017-07-25T11:47:56.759Z","age":6},"phone":"62270077","cell":"14191455","id":{"name":"CPR","value":"311247-3491"},"picture":{"large":"https://randomuser.me/api/portraits/men/20.jpg","medium":"https://randomuser.me/api/portraits/med/men/20.jpg","thumbnail":"https://randomuser.me/api/portraits/thumb/men/20.jpg"},"nat":"DK"}],"info":{"seed":"969698b53db19cbc","results":1,"page":1,"version":"1.4"}} 
 </msg>
<msg time="2024-07-15T21:15:09.831672" level="INFO">/opt/hostedtoolcache/Python/3.12.4/x64/lib/python3.12/site-packages/urllib3/connectionpool.py:1099: InsecureRequestWarning: Unverified HTTPS request is being made to host 'randomuser.me'. Adding certificate verification is strongly advised. See: https://urllib3.readthedocs.io/en/latest/advanced-usage.html#tls-warnings
  warnings.warn(</msg>
<msg time="2024-07-15T21:15:09.831811" level="INFO">${response} = &lt;Response [200]&gt;</msg>
<var>${response}</var>
<arg>consultarAPI</arg>
<arg>/api</arg>
<doc>Sends a GET request on a previously created HTTP Session.</doc>
<status status="PASS" start="2024-07-15T21:15:09.711661" elapsed="0.120192"/>
</kw>
<kw name="Set Variable" owner="BuiltIn">
<msg time="2024-07-15T21:15:09.833058" level="INFO">${json_data} = {'results': [{'gender': 'male', 'name': {'title': 'Mr', 'first': 'Andreas', 'last': 'Johansen'}, 'location': {'street': {'number': 3043, 'name': 'Ellevej'}, 'city': 'Nimtofte', 'state': 'Nordjylland',...</msg>
<var>${json_data}</var>
<arg>${response.json()}</arg>
<doc>Returns the given values which can then be assigned to a variables.</doc>
<status status="PASS" start="2024-07-15T21:15:09.832451" elapsed="0.000654"/>
</kw>
<kw name="Log" owner="BuiltIn">
<msg time="2024-07-15T21:15:09.833578" level="INFO">{'results': [{'gender': 'male', 'name': {'title': 'Mr', 'first': 'Andreas', 'last': 'Johansen'}, 'location': {'street': {'number': 3043, 'name': 'Ellevej'}, 'city': 'Nimtofte', 'state': 'Nordjylland', 'country': 'Denmark', 'postcode': 71363, 'coordinates': {'latitude': '-42.4297', 'longitude': '-34.6677'}, 'timezone': {'offset': '+10:00', 'description': 'Eastern Australia, Guam, Vladivostok'}}, 'email': 'andreas.johansen@example.com', 'login': {'uuid': '14f4289a-99c7-402f-b491-10c3934b01bc', 'username': 'organicbird158', 'password': 'dentist', 'salt': 'JJUEdk9C', 'md5': '86be217ea6803fed10aafec9dee83288', 'sha1': '5826306448a809dbd5d8ba7fa606037e623b06e8', 'sha256': 'f7063f7827287a76fd2a93d5943dde6f8cb501512824b62ec4ec55037869dfe9'}, 'dob': {'date': '1947-12-31T17:26:49.761Z', 'age': 76}, 'registered': {'date': '2017-07-25T11:47:56.759Z', 'age': 6}, 'phone': '62270077', 'cell': '14191455', 'id': {'name': 'CPR', 'value': '311247-3491'}, 'picture': {'large': 'https://randomuser.me/api/portraits/men/20.jpg', 'medium': 'https://randomuser.me/api/portraits/med/men/20.jpg', 'thumbnail': 'https://randomuser.me/api/portraits/thumb/men/20.jpg'}, 'nat': 'DK'}], 'info': {'seed': '969698b53db19cbc', 'results': 1, 'page': 1, 'version': '1.4'}}</msg>
<arg>${json_data}</arg>
<doc>Logs the given message with the given level.</doc>
<status status="PASS" start="2024-07-15T21:15:09.833419" elapsed="0.000206"/>
</kw>
<kw name="Should Be Equal As Numbers" owner="BuiltIn">
<arg>${json_data['results'][0]['location']['postcode']}</arg>
<arg>${json_data['results'][0]['location']['postcode']}</arg>
<doc>Fails if objects are unequal after converting them to real numbers.</doc>
<status status="PASS" start="2024-07-15T21:15:09.833913" elapsed="0.000618"/>
</kw>
<kw name="Log" owner="BuiltIn">
<msg time="2024-07-15T21:15:09.835223" level="INFO">71363</msg>
<arg>${json_data['results'][0]['location']['postcode']}</arg>
<doc>Logs the given message with the given level.</doc>
<status status="PASS" start="2024-07-15T21:15:09.834716" elapsed="0.000549"/>
</kw>
<status status="PASS" start="2024-07-15T21:15:09.711432" elapsed="0.124090"/>
</kw>
<doc>Testa se os tipos de dados na resposta da API estão corretos.</doc>
<tag>testeTiposDados</tag>
<status status="PASS" start="2024-07-15T21:15:09.252818" elapsed="0.582901"/>
</test>
<test id="s1-s1-t5" name="Validar conteudo" line="35">
<kw name="Teste de Tipos de Conteudo" owner="random-user-service">
<kw name="GET On Session" owner="RequestsLibrary">
<msg time="2024-07-15T21:15:09.935242" level="INFO">GET Request : url=https://randomuser.me/api 
 path_url=/api 
 headers={'User-Agent': 'python-requests/2.32.3', 'Accept-Encoding': 'gzip, deflate', 'Accept': '*/*', 'Connection': 'keep-alive'} 
 body=None 
 </msg>
<msg time="2024-07-15T21:15:09.935344" level="INFO">GET Response : url=https://randomuser.me/api 
 status=200, reason=OK 
 headers={'Date': 'Mon, 15 Jul 2024 21:15:09 GMT', 'Content-Type': 'application/json; charset=utf-8', 'Transfer-Encoding': 'chunked', 'Connection': 'keep-alive', 'X-Powered-By': 'Express', 'Access-Control-Allow-Origin': '*', 'Cache-Control': 'no-cache', 'ETag': 'W/"48d-Qu3IxjBzn03YV+Pi+UtJWFBEFLc"', 'Vary': 'Accept-Encoding', 'Content-Encoding': 'gzip', 'CF-Cache-Status': 'DYNAMIC', 'Report-To': '{"endpoints":[{"url":"https:\\/\\/a.nel.cloudflare.com\\/report\\/v4?s=UfmXp1L%2FN%2BCMydUqUgaEzwseuvN%2BQsRYt23XHgCqAjCqczoq5yixwec1LHe4JkpjwA%2FLKWIFrIjyfdCe56HtJAeOK4NS6%2FQddiXx%2ByH6sgJGj3cNyyGHKYJag9y3dwww"}],"group":"cf-nel","max_age":604800}', 'NEL': '{"success_fraction":0,"report_to":"cf-nel","max_age":604800}', 'Server': 'cloudflare', 'CF-RAY': '8a3cc42a8c6096f0-SJC', 'alt-svc': 'h3=":443"; ma=86400'} 
 body={"results":[{"gender":"male","name":{"title":"Mr","first":"Lauri","last":"Aho"},"location":{"street":{"number":1206,"name":"Korkeavuorenkatu"},"city":"Uusikaupunki","state":"Päijät-Häme","country":"Finland","postcode":47527,"coordinates":{"latitude":"-22.6490","longitude":"-113.0347"},"timezone":{"offset":"+6:00","description":"Almaty, Dhaka, Colombo"}},"email":"lauri.aho@example.com","login":{"uuid":"70c15e96-eb4a-477d-b06d-5db4cb66cbb0","username":"happysnake435","password":"88888888","salt":"6TrODB3n","md5":"9fbfc88b615703e8a189ce5aa127b7aa","sha1":"a6887bf4cf87ce867a3686959dd0754e1af2bda2","sha256":"73e5edf804193d4f3af67456a1911dacfff35942f8e9b839d1a01f76341e3a72"},"dob":{"date":"1993-03-07T03:03:41.674Z","age":31},"registered":{"date":"2016-02-06T08:55:34.010Z","age":8},"phone":"08-734-776","cell":"040-009-22-70","id":{"name":"HETU","value":"NaNNA303undefined"},"picture":{"large":"https://randomuser.me/api/portraits/men/27.jpg","medium":"https://randomuser.me/api/portraits/med/men/27.jpg","thumbnail":"https://randomuser.me/api/portraits/thumb/men/27.jpg"},"nat":"FI"}],"info":{"seed":"dc53c2b57cc7fffd","results":1,"page":1,"version":"1.4"}} 
 </msg>
<msg time="2024-07-15T21:15:09.935419" level="INFO">/opt/hostedtoolcache/Python/3.12.4/x64/lib/python3.12/site-packages/urllib3/connectionpool.py:1099: InsecureRequestWarning: Unverified HTTPS request is being made to host 'randomuser.me'. Adding certificate verification is strongly advised. See: https://urllib3.readthedocs.io/en/latest/advanced-usage.html#tls-warnings
  warnings.warn(</msg>
<msg time="2024-07-15T21:15:09.935541" level="INFO">${response} = &lt;Response [200]&gt;</msg>
<var>${response}</var>
<arg>consultarAPI</arg>
<arg>/api</arg>
<doc>Sends a GET request on a previously created HTTP Session.</doc>
<status status="PASS" start="2024-07-15T21:15:09.838985" elapsed="0.096598"/>
</kw>
<kw name="Set Variable" owner="BuiltIn">
<msg time="2024-07-15T21:15:09.936857" level="INFO">${json_data} = {'results': [{'gender': 'male', 'name': {'title': 'Mr', 'first': 'Lauri', 'last': 'Aho'}, 'location': {'street': {'number': 1206, 'name': 'Korkeavuorenkatu'}, 'city': 'Uusikaupunki', 'state': 'Päijät-...</msg>
<var>${json_data}</var>
<arg>${response.json()}</arg>
<doc>Returns the given values which can then be assigned to a variables.</doc>
<status status="PASS" start="2024-07-15T21:15:09.936242" elapsed="0.000647"/>
</kw>
<kw name="Set Variable" owner="BuiltIn">
<msg time="2024-07-15T21:15:09.937641" level="INFO">${name_title} = Mr</msg>
<var>${name_title}</var>
<arg>${json_data["results"][0]["name"]["title"]}</arg>
<doc>Returns the given values which can then be assigned to a variables.</doc>
<status status="PASS" start="2024-07-15T21:15:09.937252" elapsed="0.000415"/>
</kw>
<kw name="Create List" owner="BuiltIn">
<msg time="2024-07-15T21:15:09.938106" level="INFO">${allowed_titles} = ['Mr', 'Ms', 'Miss', 'Mrs', 'Madame', 'Monsieur']</msg>
<var>${allowed_titles}</var>
<arg>Mr</arg>
<arg>Ms</arg>
<arg>Miss</arg>
<arg>Mrs</arg>
<arg>Madame</arg>
<arg>Monsieur</arg>
<doc>Returns a list containing given items.</doc>
<status status="PASS" start="2024-07-15T21:15:09.937959" elapsed="0.000171"/>
</kw>
<kw name="List Should Contain Value" owner="Collections">
<arg>${allowed_titles}</arg>
<arg>${name_title}</arg>
<doc>Fails if the ``value`` is not found from ``list``.</doc>
<status status="PASS" start="2024-07-15T21:15:09.938421" elapsed="0.000180"/>
</kw>
<kw name="Set Variable" owner="BuiltIn">
<msg time="2024-07-15T21:15:09.939146" level="INFO">${name_country} = FI</msg>
<var>${name_country}</var>
<arg>${json_data["results"][0]["nat"]}</arg>
<doc>Returns the given values which can then be assigned to a variables.</doc>
<status status="PASS" start="2024-07-15T21:15:09.938777" elapsed="0.000396"/>
</kw>
<kw name="Create List" owner="BuiltIn">
<msg time="2024-07-15T21:15:09.940066" level="INFO">${list_country} = ['AD', 'AE', 'AF', 'AG', 'AI', 'AL', 'AM', 'AO', 'AQ', 'AR', 'AS', 'AT', 'AU', 'AW', 'AX', 'AZ', 'BA', 'BB', 'BD', 'BE', 'BF', 'BG', 'BH', 'BI', 'BJ', 'BL', 'BM', 'BN', 'BO', 'BQ', 'BR', 'BS', 'BT', '...</msg>
<var>${list_country}</var>
<arg>AD</arg>
<arg>AE</arg>
<arg>AF</arg>
<arg>AG</arg>
<arg>AI</arg>
<arg>AL</arg>
<arg>AM</arg>
<arg>AO</arg>
<arg>AQ</arg>
<arg>AR</arg>
<arg>AS</arg>
<arg>AT</arg>
<arg>AU</arg>
<arg>AW</arg>
<arg>AX</arg>
<arg>AZ</arg>
<arg>BA</arg>
<arg>BB</arg>
<arg>BD</arg>
<arg>BE</arg>
<arg>BF</arg>
<arg>BG</arg>
<arg>BH</arg>
<arg>BI</arg>
<arg>BJ</arg>
<arg>BL</arg>
<arg>BM</arg>
<arg>BN</arg>
<arg>BO</arg>
<arg>BQ</arg>
<arg>BR</arg>
<arg>BS</arg>
<arg>BT</arg>
<arg>BV</arg>
<arg>BW</arg>
<arg>BY</arg>
<arg>BZ</arg>
<arg>CA</arg>
<arg>CC</arg>
<arg>CD</arg>
<arg>CF</arg>
<arg>CG</arg>
<arg>CH</arg>
<arg>CI</arg>
<arg>CK</arg>
<arg>CL</arg>
<arg>CM</arg>
<arg>CN</arg>
<arg>CO</arg>
<arg>CR</arg>
<arg>CU</arg>
<arg>CV</arg>
<arg>CW</arg>
<arg>CX</arg>
<arg>CY</arg>
<arg>CZ</arg>
<arg>DE</arg>
<arg>DJ</arg>
<arg>DK</arg>
<arg>DM</arg>
<arg>DO</arg>
<arg>DZ</arg>
<arg>EC</arg>
<arg>EE</arg>
<arg>EG</arg>
<arg>EH</arg>
<arg>ER</arg>
<arg>ES</arg>
<arg>ET</arg>
<arg>FI</arg>
<arg>FJ</arg>
<arg>FK</arg>
<arg>FM</arg>
<arg>FO</arg>
<arg>FR</arg>
<arg>GA</arg>
<arg>GB</arg>
<arg>GD</arg>
<arg>GE</arg>
<arg>GF</arg>
<arg>GG</arg>
<arg>GH</arg>
<arg>GI</arg>
<arg>GL</arg>
<arg>GM</arg>
<arg>GN</arg>
<arg>GP</arg>
<arg>GQ</arg>
<arg>GR</arg>
<arg>GS</arg>
<arg>GT</arg>
<arg>GU</arg>
<arg>GW</arg>
<arg>GY</arg>
<arg>HK</arg>
<arg>HM</arg>
<arg>HN</arg>
<arg>HR</arg>
<arg>HT</arg>
<arg>HU</arg>
<arg>ID</arg>
<arg>IE</arg>
<arg>IL</arg>
<arg>IM</arg>
<arg>IN</arg>
<arg>IO</arg>
<arg>IQ</arg>
<arg>IR</arg>
<arg>IS</arg>
<arg>IT</arg>
<arg>JE</arg>
<arg>JM</arg>
<arg>JO</arg>
<arg>JP</arg>
<arg>KE</arg>
<arg>KG</arg>
<arg>KH</arg>
<arg>KI</arg>
<arg>KM</arg>
<arg>KN</arg>
<arg>KP</arg>
<arg>KR</arg>
<arg>KW</arg>
<arg>KY</arg>
<arg>KZ</arg>
<arg>LA</arg>
<arg>LB</arg>
<arg>LC</arg>
<arg>LI</arg>
<arg>LK</arg>
<arg>LR</arg>
<arg>LS</arg>
<arg>LT</arg>
<arg>LU</arg>
<arg>LV</arg>
<arg>LY</arg>
<arg>MA</arg>
<arg>MC</arg>
<arg>MD</arg>
<arg>ME</arg>
<arg>MF</arg>
<arg>MG</arg>
<arg>MH</arg>
<arg>MK</arg>
<arg>ML</arg>
<arg>MM</arg>
<arg>MN</arg>
<arg>MO</arg>
<arg>MP</arg>
<arg>MQ</arg>
<arg>MR</arg>
<arg>MS</arg>
<arg>MT</arg>
<arg>MU</arg>
<arg>MV</arg>
<arg>MW</arg>
<arg>MX</arg>
<arg>MY</arg>
<arg>MZ</arg>
<arg>NA</arg>
<arg>NC</arg>
<arg>NE</arg>
<arg>NF</arg>
<arg>NG</arg>
<arg>NI</arg>
<arg>NL</arg>
<arg>NO</arg>
<arg>NP</arg>
<arg>NR</arg>
<arg>NU</arg>
<arg>NZ</arg>
<arg>OM</arg>
<arg>PA</arg>
<arg>PE</arg>
<arg>PF</arg>
<arg>PG</arg>
<arg>PH</arg>
<arg>PK</arg>
<arg>PL</arg>
<arg>PM</arg>
<arg>PN</arg>
<arg>PR</arg>
<arg>PS</arg>
<arg>PT</arg>
<arg>PW</arg>
<arg>PY</arg>
<arg>QA</arg>
<arg>RE</arg>
<arg>RO</arg>
<arg>RS</arg>
<arg>RU</arg>
<arg>RW</arg>
<arg>SA</arg>
<arg>SB</arg>
<arg>SC</arg>
<arg>SD</arg>
<arg>SE</arg>
<arg>SG</arg>
<arg>SH</arg>
<arg>SI</arg>
<arg>SJ</arg>
<arg>SK</arg>
<arg>SL</arg>
<arg>SM</arg>
<arg>SN</arg>
<arg>SO</arg>
<arg>SR</arg>
<arg>SS</arg>
<arg>ST</arg>
<arg>SV</arg>
<arg>SX</arg>
<arg>SY</arg>
<arg>SZ</arg>
<arg>TC</arg>
<arg>TD</arg>
<arg>TF</arg>
<arg>TG</arg>
<arg>TH</arg>
<arg>TJ</arg>
<arg>TK</arg>
<arg>TL</arg>
<arg>TM</arg>
<arg>TN</arg>
<arg>TO</arg>
<arg>TR</arg>
<arg>TT</arg>
<arg>TV</arg>
<arg>TW</arg>
<arg>TZ</arg>
<arg>UA</arg>
<arg>UG</arg>
<arg>UM</arg>
<arg>US</arg>
<arg>UY</arg>
<arg>UZ</arg>
<arg>VA</arg>
<arg>VC</arg>
<arg>VE</arg>
<arg>VG</arg>
<arg>VI</arg>
<arg>VN</arg>
<arg>VU</arg>
<arg>WF</arg>
<arg>WS</arg>
<arg>XK</arg>
<arg>YE</arg>
<arg>YT</arg>
<arg>ZA</arg>
<arg>ZM</arg>
<arg>ZW</arg>
<doc>Returns a list containing given items.</doc>
<status status="PASS" start="2024-07-15T21:15:09.939475" elapsed="0.000618"/>
</kw>
<kw name="List Should Contain Value" owner="Collections">
<arg>${list_country}</arg>
<arg>${name_country}</arg>
<doc>Fails if the ``value`` is not found from ``list``.</doc>
<status status="PASS" start="2024-07-15T21:15:09.940885" elapsed="0.000233"/>
</kw>
<kw name="Run Keyword If" owner="BuiltIn">
<kw name="Should Be True" owner="BuiltIn">
<arg>${True}</arg>
<doc>Fails if the given condition is not true.</doc>
<status status="PASS" start="2024-07-15T21:15:09.942039" elapsed="0.000140"/>
</kw>
<arg>${json_data["results"][0]["location"]["coordinates"]["latitude"]} &gt;= -90 and ${json_data["results"][0]["location"]["coordinates"]["latitude"]} &lt;= 90</arg>
<arg>Should Be True</arg>
<arg>${True}</arg>
<doc>Runs the given keyword with the given arguments, if ``condition`` is true.</doc>
<status status="PASS" start="2024-07-15T21:15:09.941314" elapsed="0.000990"/>
</kw>
<kw name="Run Keyword If" owner="BuiltIn">
<kw name="Should Be True" owner="BuiltIn">
<arg>${True}</arg>
<doc>Fails if the given condition is not true.</doc>
<status status="PASS" start="2024-07-15T21:15:09.943169" elapsed="0.000241"/>
</kw>
<arg>${json_data["results"][0]["location"]["coordinates"]["longitude"]} &gt;= -180 and ${json_data["results"][0]["location"]["coordinates"]["longitude"]} &lt;= 180</arg>
<arg>Should Be True</arg>
<arg>${True}</arg>
<doc>Runs the given keyword with the given arguments, if ``condition`` is true.</doc>
<status status="PASS" start="2024-07-15T21:15:09.942480" elapsed="0.001059"/>
</kw>
<status status="PASS" start="2024-07-15T21:15:09.838618" elapsed="0.105057"/>
</kw>
<doc>Testa o conteúdo específico dos campos retornados pela API.</doc>
<tag>testeConteudo</tag>
<status status="PASS" start="2024-07-15T21:15:09.837916" elapsed="0.105912"/>
</test>
<status status="PASS" start="2024-07-15T21:15:08.592296" elapsed="1.353604"/>
</suite>
<status status="PASS" start="2024-07-15T21:15:08.577933" elapsed="1.373041"/>
</suite>
<statistics>
<total>
<stat pass="5" fail="0" skip="0">All Tests</stat>
</total>
<tag>
<stat pass="1" fail="0" skip="0">testeConteudo</stat>
<stat pass="1" fail="0" skip="0">testeEstruturaResposta</stat>
<stat pass="1" fail="0" skip="0">testeRequisicaoBasica</stat>
<stat pass="1" fail="0" skip="0">testeTiposDados</stat>
</tag>
<suite>
<stat pass="5" fail="0" skip="0" id="s1" name="Tests">Tests</stat>
<stat pass="5" fail="0" skip="0" id="s1-s1" name="Random-User-Test">Tests.Random-User-Test</stat>
</suite>
</statistics>
<errors>
</errors>
</robot>
