<?xml version="1.0" encoding="UTF-8"?>
<robot generator="Robot 7.0 (Python 3.12.3 on linux)" generated="2024-04-26T18:17:17.591715" rpa="false" schemaversion="5">
<suite id="s1" name="Tests" source="/home/runner/work/DesafioQAItauRogerioJordao/DesafioQAItauRogerioJordao/RamdonUser/tests">
<suite id="s1-s1" name="Random-User-Test" source="/home/runner/work/DesafioQAItauRogerioJordao/DesafioQAItauRogerioJordao/RamdonUser/tests/random-user-test.robot">
<test id="s1-s1-t1" name="Conectar" line="13">
<kw name="Conectar API" owner="random-user-service">
<kw name="Create Session" owner="RequestsLibrary">
<msg time="2024-04-26T18:17:17.944922" level="INFO">Creating Session using : alias=consultarAPI, url=https://randomuser.me/, headers={},                     cookies={}, auth=None, timeout=None, proxies=None, verify=False,                     debug=0 </msg>
<arg>consultarAPI</arg>
<arg>${URL}</arg>
<doc>Create Session: create a HTTP session to a server</doc>
<status status="PASS" start="2024-04-26T18:17:17.944734" elapsed="0.000358"/>
</kw>
<status status="PASS" start="2024-04-26T18:17:17.943832" elapsed="0.001598"/>
</kw>
<status status="PASS" start="2024-04-26T18:17:17.943270" elapsed="0.002351"/>
</test>
<test id="s1-s1-t2" name="Validar retorno 200 e JSON Válido" line="16">
<kw name="Teste de Requisicao Basica" owner="random-user-service">
<kw name="GET On Session" owner="RequestsLibrary">
<msg time="2024-04-26T18:17:18.147948" level="INFO">GET Request : url=https://randomuser.me/api 
 path_url=/api 
 headers={'User-Agent': 'python-requests/2.31.0', 'Accept-Encoding': 'gzip, deflate', 'Accept': '*/*', 'Connection': 'keep-alive'} 
 body=None 
 </msg>
<msg time="2024-04-26T18:17:18.148050" level="INFO">GET Response : url=https://randomuser.me/api 
 status=200, reason=OK 
 headers={'Date': 'Fri, 26 Apr 2024 18:17:18 GMT', 'Content-Type': 'application/json; charset=utf-8', 'Transfer-Encoding': 'chunked', 'Connection': 'keep-alive', 'X-Powered-By': 'Express', 'Access-Control-Allow-Origin': '*', 'Cache-Control': 'no-cache', 'ETag': 'W/"470-41YMlP63qTkHpvDYVEvmUO/gJRc"', 'Vary': 'Accept-Encoding', 'Content-Encoding': 'gzip', 'CF-Cache-Status': 'DYNAMIC', 'Report-To': '{"endpoints":[{"url":"https:\\/\\/a.nel.cloudflare.com\\/report\\/v4?s=M24PYHpjOv8%2Bv2JmjCjCv7CDOOth2fi3WQGM0dL4clsIRe7iPny5J4g9Gi%2FjjqaJK5dNSzE3BAmWjE6tLWua4h3uaHyfBMGyLLA0vBHX5hrN30Ya0vQq96owK1YyXIui"}],"group":"cf-nel","max_age":604800}', 'NEL': '{"success_fraction":0,"report_to":"cf-nel","max_age":604800}', 'Server': 'cloudflare', 'CF-RAY': '87a891a00ca30828-IAD', 'alt-svc': 'h3=":443"; ma=86400'} 
 body={"results":[{"gender":"female","name":{"title":"Ms","first":"Annabelle","last":"Hughes"},"location":{"street":{"number":1793,"name":"High Street"},"city":"Nelson","state":"Gisborne","country":"New Zealand","postcode":94097,"coordinates":{"latitude":"52.0738","longitude":"63.6592"},"timezone":{"offset":"+3:30","description":"Tehran"}},"email":"annabelle.hughes@example.com","login":{"uuid":"14d92683-e80a-46a3-bf52-490e99b8b170","username":"blackfrog623","password":"evan","salt":"FcMzMoB8","md5":"bc72c8a0c5a5961f3adabebdf5535cc5","sha1":"7404cb6376656cc6c9d84faa0dddaaf1c72d85db","sha256":"c4f435909551da4e5ceb820157198925a6b0c8c4919e1f080a9005a816af6543"},"dob":{"date":"1944-09-09T23:13:11.606Z","age":79},"registered":{"date":"2020-11-24T15:20:57.770Z","age":3},"phone":"(665)-704-0230","cell":"(698)-771-9296","id":{"name":"","value":null},"picture":{"large":"https://randomuser.me/api/portraits/women/56.jpg","medium":"https://randomuser.me/api/portraits/med/women/56.jpg","thumbnail":"https://randomuser.me/api/portraits/thumb/women/56.jpg"},"nat":"NZ"}],"info":{"seed":"08775a08e61ab304","results":1,"page":1,"version":"1.4"}} 
 </msg>
<msg time="2024-04-26T18:17:18.148116" level="INFO">/opt/hostedtoolcache/Python/3.12.3/x64/lib/python3.12/site-packages/urllib3/connectionpool.py:1103: InsecureRequestWarning: Unverified HTTPS request is being made to host 'randomuser.me'. Adding certificate verification is strongly advised. See: https://urllib3.readthedocs.io/en/latest/advanced-usage.html#tls-warnings
  warnings.warn(</msg>
<msg time="2024-04-26T18:17:18.148234" level="INFO">${response} = &lt;Response [200]&gt;</msg>
<var>${response}</var>
<arg>consultarAPI</arg>
<arg>/api</arg>
<doc>Sends a GET request on a previously created HTTP Session.</doc>
<status status="PASS" start="2024-04-26T18:17:17.948286" elapsed="0.199986"/>
</kw>
<kw name="Should Be Equal As Numbers" owner="BuiltIn">
<msg time="2024-04-26T18:17:18.149053" level="INFO">Argument types are:
&lt;class 'int'&gt;
&lt;class 'str'&gt;</msg>
<arg>${response.status_code}</arg>
<arg>200</arg>
<doc>Fails if objects are unequal after converting them to real numbers.</doc>
<status status="PASS" start="2024-04-26T18:17:18.148653" elapsed="0.000463"/>
</kw>
<kw name="Log" owner="BuiltIn">
<msg time="2024-04-26T18:17:18.149819" level="INFO">200</msg>
<arg>${response.status_code}</arg>
<doc>Logs the given message with the given level.</doc>
<status status="PASS" start="2024-04-26T18:17:18.149460" elapsed="0.000401"/>
</kw>
<kw name="Set Variable" owner="BuiltIn">
<msg time="2024-04-26T18:17:18.150634" level="INFO">${json_data} = {'results': [{'gender': 'female', 'name': {'title': 'Ms', 'first': 'Annabelle', 'last': 'Hughes'}, 'location': {'street': {'number': 1793, 'name': 'High Street'}, 'city': 'Nelson', 'state': 'Gisborne'...</msg>
<var>${json_data}</var>
<arg>${response.json()}</arg>
<doc>Returns the given values which can then be assigned to a variables.</doc>
<status status="PASS" start="2024-04-26T18:17:18.150163" elapsed="0.000500"/>
</kw>
<kw name="Dictionary Should Contain Key" owner="Collections">
<msg time="2024-04-26T18:17:18.151130" level="INFO">False</msg>
<arg>${json_data}</arg>
<arg>results</arg>
<doc>Fails if ``key`` is not found from ``dictionary``.</doc>
<status status="PASS" start="2024-04-26T18:17:18.150967" elapsed="0.000201"/>
</kw>
<status status="PASS" start="2024-04-26T18:17:17.948046" elapsed="0.203378"/>
</kw>
<doc>Testa se a API responde corretamente e retorna um objeto JSON válido.</doc>
<tag>testeRequisicaoBasica</tag>
<status status="PASS" start="2024-04-26T18:17:17.947530" elapsed="0.204064"/>
</test>
<test id="s1-s1-t3" name="Validar estrutura de resposta" line="22">
<kw name="Teste de Estrutura de Resposta" owner="random-user-service">
<kw name="GET On Session" owner="RequestsLibrary">
<msg time="2024-04-26T18:17:18.248160" level="INFO">GET Request : url=https://randomuser.me/api 
 path_url=/api 
 headers={'User-Agent': 'python-requests/2.31.0', 'Accept-Encoding': 'gzip, deflate', 'Accept': '*/*', 'Connection': 'keep-alive'} 
 body=None 
 </msg>
<msg time="2024-04-26T18:17:18.248223" level="INFO">GET Response : url=https://randomuser.me/api 
 status=200, reason=OK 
 headers={'Date': 'Fri, 26 Apr 2024 18:17:18 GMT', 'Content-Type': 'application/json; charset=utf-8', 'Transfer-Encoding': 'chunked', 'Connection': 'keep-alive', 'X-Powered-By': 'Express', 'Access-Control-Allow-Origin': '*', 'Cache-Control': 'no-cache', 'ETag': 'W/"49e-s/rBtxAvWauHfFM/oJgLoRG4fik"', 'Vary': 'Accept-Encoding', 'Content-Encoding': 'gzip', 'CF-Cache-Status': 'DYNAMIC', 'Report-To': '{"endpoints":[{"url":"https:\\/\\/a.nel.cloudflare.com\\/report\\/v4?s=F2JmX50wLl5e46g9q%2BJC%2FgbToXxI%2Fb9OVXCoSuxuhpsGufhlqPT6IF2gyApXGXN8Zp4BlSSdBNO%2FIrI3rR4m7zoWDpApiK1tvxgPkBuRSJODjC7NLK87%2FvOjYY2mlRU6"}],"group":"cf-nel","max_age":604800}', 'NEL': '{"success_fraction":0,"report_to":"cf-nel","max_age":604800}', 'Server': 'cloudflare', 'CF-RAY': '87a891a07d250828-IAD', 'alt-svc': 'h3=":443"; ma=86400'} 
 body={"results":[{"gender":"female","name":{"title":"Ms","first":"Scarlett","last":"Cook"},"location":{"street":{"number":2298,"name":"Westheimer Rd"},"city":"Warren","state":"West Virginia","country":"United States","postcode":35774,"coordinates":{"latitude":"85.1248","longitude":"156.1553"},"timezone":{"offset":"+5:30","description":"Bombay, Calcutta, Madras, New Delhi"}},"email":"scarlett.cook@example.com","login":{"uuid":"d2fb3fff-4a0f-45c2-be64-2bbb287a0a5a","username":"crazydog743","password":"gilles","salt":"Na0vUiQ7","md5":"8acf3c3379bb7cabdf889a3ba3b2bebe","sha1":"0a78cd25fd8ce3f149a62472c065d7c0b162e58a","sha256":"d4954f2958947d64db4a9b7a60b73591648d655ae9db9cef19dfce06f5b223f5"},"dob":{"date":"1983-12-18T07:16:29.916Z","age":40},"registered":{"date":"2016-07-23T21:55:45.100Z","age":7},"phone":"(646) 263-6291","cell":"(973) 838-0956","id":{"name":"SSN","value":"446-22-7409"},"picture":{"large":"https://randomuser.me/api/portraits/women/17.jpg","medium":"https://randomuser.me/api/portraits/med/women/17.jpg","thumbnail":"https://randomuser.me/api/portraits/thumb/women/17.jpg"},"nat":"US"}],"info":{"seed":"73446e2666199dc8","results":1,"page":1,"version":"1.4"}} 
 </msg>
<msg time="2024-04-26T18:17:18.248341" level="INFO">/opt/hostedtoolcache/Python/3.12.3/x64/lib/python3.12/site-packages/urllib3/connectionpool.py:1103: InsecureRequestWarning: Unverified HTTPS request is being made to host 'randomuser.me'. Adding certificate verification is strongly advised. See: https://urllib3.readthedocs.io/en/latest/advanced-usage.html#tls-warnings
  warnings.warn(</msg>
<msg time="2024-04-26T18:17:18.248439" level="INFO">${response} = &lt;Response [200]&gt;</msg>
<var>${response}</var>
<arg>consultarAPI</arg>
<arg>/api</arg>
<doc>Sends a GET request on a previously created HTTP Session.</doc>
<status status="PASS" start="2024-04-26T18:17:18.154324" elapsed="0.094157"/>
</kw>
<kw name="Set Variable" owner="BuiltIn">
<msg time="2024-04-26T18:17:18.249515" level="INFO">${json_data} = {'results': [{'gender': 'female', 'name': {'title': 'Ms', 'first': 'Scarlett', 'last': 'Cook'}, 'location': {'street': {'number': 2298, 'name': 'Westheimer Rd'}, 'city': 'Warren', 'state': 'West Virgi...</msg>
<var>${json_data}</var>
<arg>${response.json()}</arg>
<doc>Returns the given values which can then be assigned to a variables.</doc>
<status status="PASS" start="2024-04-26T18:17:18.248937" elapsed="0.000607"/>
</kw>
<kw name="Log" owner="BuiltIn">
<msg time="2024-04-26T18:17:18.250006" level="INFO">{'results': [{'gender': 'female', 'name': {'title': 'Ms', 'first': 'Scarlett', 'last': 'Cook'}, 'location': {'street': {'number': 2298, 'name': 'Westheimer Rd'}, 'city': 'Warren', 'state': 'West Virginia', 'country': 'United States', 'postcode': 35774, 'coordinates': {'latitude': '85.1248', 'longitude': '156.1553'}, 'timezone': {'offset': '+5:30', 'description': 'Bombay, Calcutta, Madras, New Delhi'}}, 'email': 'scarlett.cook@example.com', 'login': {'uuid': 'd2fb3fff-4a0f-45c2-be64-2bbb287a0a5a', 'username': 'crazydog743', 'password': 'gilles', 'salt': 'Na0vUiQ7', 'md5': '8acf3c3379bb7cabdf889a3ba3b2bebe', 'sha1': '0a78cd25fd8ce3f149a62472c065d7c0b162e58a', 'sha256': 'd4954f2958947d64db4a9b7a60b73591648d655ae9db9cef19dfce06f5b223f5'}, 'dob': {'date': '1983-12-18T07:16:29.916Z', 'age': 40}, 'registered': {'date': '2016-07-23T21:55:45.100Z', 'age': 7}, 'phone': '(646) 263-6291', 'cell': '(973) 838-0956', 'id': {'name': 'SSN', 'value': '446-22-7409'}, 'picture': {'large': 'https://randomuser.me/api/portraits/women/17.jpg', 'medium': 'https://randomuser.me/api/portraits/med/women/17.jpg', 'thumbnail': 'https://randomuser.me/api/portraits/thumb/women/17.jpg'}, 'nat': 'US'}], 'info': {'seed': '73446e2666199dc8', 'results': 1, 'page': 1, 'version': '1.4'}}</msg>
<arg>${json_data}</arg>
<doc>Logs the given message with the given level.</doc>
<status status="PASS" start="2024-04-26T18:17:18.249848" elapsed="0.000208"/>
</kw>
<kw name="Dictionary Should Contain Key" owner="Collections">
<msg time="2024-04-26T18:17:18.250545" level="INFO">False</msg>
<arg>${json_data}</arg>
<arg>results</arg>
<doc>Fails if ``key`` is not found from ``dictionary``.</doc>
<status status="PASS" start="2024-04-26T18:17:18.250353" elapsed="0.000240"/>
</kw>
<kw name="Should Not Be Empty" owner="BuiltIn">
<msg time="2024-04-26T18:17:18.251027" level="INFO">Length is 2.</msg>
<arg>${json_data}</arg>
<doc>Verifies that the given item is not empty.</doc>
<status status="PASS" start="2024-04-26T18:17:18.250890" elapsed="0.000177"/>
</kw>
<kw name="Create List" owner="BuiltIn">
<msg time="2024-04-26T18:17:18.251623" level="INFO">${expected_keys} = ['gender', 'name', 'location', 'email', 'login']</msg>
<var>${expected_keys}</var>
<arg>gender</arg>
<arg>name</arg>
<arg>location</arg>
<arg>email</arg>
<arg>login</arg>
<doc>Returns a list containing given items.</doc>
<status status="PASS" start="2024-04-26T18:17:18.251353" elapsed="0.000296"/>
</kw>
<for flavor="IN">
<iter>
<kw name="Dictionary Should Contain Key" owner="Collections">
<msg time="2024-04-26T18:17:18.252610" level="INFO">False</msg>
<arg>${json_data['results'][0]}</arg>
<arg>${key}</arg>
<doc>Fails if ``key`` is not found from ``dictionary``.</doc>
<status status="PASS" start="2024-04-26T18:17:18.252211" elapsed="0.000438"/>
</kw>
<kw name="Log" owner="BuiltIn">
<msg time="2024-04-26T18:17:18.253313" level="INFO">{'gender': 'female', 'name': {'title': 'Ms', 'first': 'Scarlett', 'last': 'Cook'}, 'location': {'street': {'number': 2298, 'name': 'Westheimer Rd'}, 'city': 'Warren', 'state': 'West Virginia', 'country': 'United States', 'postcode': 35774, 'coordinates': {'latitude': '85.1248', 'longitude': '156.1553'}, 'timezone': {'offset': '+5:30', 'description': 'Bombay, Calcutta, Madras, New Delhi'}}, 'email': 'scarlett.cook@example.com', 'login': {'uuid': 'd2fb3fff-4a0f-45c2-be64-2bbb287a0a5a', 'username': 'crazydog743', 'password': 'gilles', 'salt': 'Na0vUiQ7', 'md5': '8acf3c3379bb7cabdf889a3ba3b2bebe', 'sha1': '0a78cd25fd8ce3f149a62472c065d7c0b162e58a', 'sha256': 'd4954f2958947d64db4a9b7a60b73591648d655ae9db9cef19dfce06f5b223f5'}, 'dob': {'date': '1983-12-18T07:16:29.916Z', 'age': 40}, 'registered': {'date': '2016-07-23T21:55:45.100Z', 'age': 7}, 'phone': '(646) 263-6291', 'cell': '(973) 838-0956', 'id': {'name': 'SSN', 'value': '446-22-7409'}, 'picture': {'large': 'https://randomuser.me/api/portraits/women/17.jpg', 'medium': 'https://randomuser.me/api/portraits/med/women/17.jpg', 'thumbnail': 'https://randomuser.me/api/portraits/thumb/women/17.jpg'}, 'nat': 'US'}</msg>
<arg>${json_data['results'][0]}</arg>
<doc>Logs the given message with the given level.</doc>
<status status="PASS" start="2024-04-26T18:17:18.252950" elapsed="0.000411"/>
</kw>
<kw name="Log" owner="BuiltIn">
<msg time="2024-04-26T18:17:18.253783" level="INFO">gender</msg>
<arg>${key}</arg>
<doc>Logs the given message with the given level.</doc>
<status status="PASS" start="2024-04-26T18:17:18.253655" elapsed="0.000165"/>
</kw>
<var name="${key}">gender</var>
<status status="PASS" start="2024-04-26T18:17:18.252088" elapsed="0.001943"/>
</iter>
<iter>
<kw name="Dictionary Should Contain Key" owner="Collections">
<msg time="2024-04-26T18:17:18.254748" level="INFO">False</msg>
<arg>${json_data['results'][0]}</arg>
<arg>${key}</arg>
<doc>Fails if ``key`` is not found from ``dictionary``.</doc>
<status status="PASS" start="2024-04-26T18:17:18.254331" elapsed="0.000454"/>
</kw>
<kw name="Log" owner="BuiltIn">
<msg time="2024-04-26T18:17:18.255514" level="INFO">{'gender': 'female', 'name': {'title': 'Ms', 'first': 'Scarlett', 'last': 'Cook'}, 'location': {'street': {'number': 2298, 'name': 'Westheimer Rd'}, 'city': 'Warren', 'state': 'West Virginia', 'country': 'United States', 'postcode': 35774, 'coordinates': {'latitude': '85.1248', 'longitude': '156.1553'}, 'timezone': {'offset': '+5:30', 'description': 'Bombay, Calcutta, Madras, New Delhi'}}, 'email': 'scarlett.cook@example.com', 'login': {'uuid': 'd2fb3fff-4a0f-45c2-be64-2bbb287a0a5a', 'username': 'crazydog743', 'password': 'gilles', 'salt': 'Na0vUiQ7', 'md5': '8acf3c3379bb7cabdf889a3ba3b2bebe', 'sha1': '0a78cd25fd8ce3f149a62472c065d7c0b162e58a', 'sha256': 'd4954f2958947d64db4a9b7a60b73591648d655ae9db9cef19dfce06f5b223f5'}, 'dob': {'date': '1983-12-18T07:16:29.916Z', 'age': 40}, 'registered': {'date': '2016-07-23T21:55:45.100Z', 'age': 7}, 'phone': '(646) 263-6291', 'cell': '(973) 838-0956', 'id': {'name': 'SSN', 'value': '446-22-7409'}, 'picture': {'large': 'https://randomuser.me/api/portraits/women/17.jpg', 'medium': 'https://randomuser.me/api/portraits/med/women/17.jpg', 'thumbnail': 'https://randomuser.me/api/portraits/thumb/women/17.jpg'}, 'nat': 'US'}</msg>
<arg>${json_data['results'][0]}</arg>
<doc>Logs the given message with the given level.</doc>
<status status="PASS" start="2024-04-26T18:17:18.255135" elapsed="0.000428"/>
</kw>
<kw name="Log" owner="BuiltIn">
<msg time="2024-04-26T18:17:18.255983" level="INFO">name</msg>
<arg>${key}</arg>
<doc>Logs the given message with the given level.</doc>
<status status="PASS" start="2024-04-26T18:17:18.255856" elapsed="0.000163"/>
</kw>
<var name="${key}">name</var>
<status status="PASS" start="2024-04-26T18:17:18.254217" elapsed="0.002015"/>
</iter>
<iter>
<kw name="Dictionary Should Contain Key" owner="Collections">
<msg time="2024-04-26T18:17:18.256906" level="INFO">False</msg>
<arg>${json_data['results'][0]}</arg>
<arg>${key}</arg>
<doc>Fails if ``key`` is not found from ``dictionary``.</doc>
<status status="PASS" start="2024-04-26T18:17:18.256522" elapsed="0.000421"/>
</kw>
<kw name="Log" owner="BuiltIn">
<msg time="2024-04-26T18:17:18.257595" level="INFO">{'gender': 'female', 'name': {'title': 'Ms', 'first': 'Scarlett', 'last': 'Cook'}, 'location': {'street': {'number': 2298, 'name': 'Westheimer Rd'}, 'city': 'Warren', 'state': 'West Virginia', 'country': 'United States', 'postcode': 35774, 'coordinates': {'latitude': '85.1248', 'longitude': '156.1553'}, 'timezone': {'offset': '+5:30', 'description': 'Bombay, Calcutta, Madras, New Delhi'}}, 'email': 'scarlett.cook@example.com', 'login': {'uuid': 'd2fb3fff-4a0f-45c2-be64-2bbb287a0a5a', 'username': 'crazydog743', 'password': 'gilles', 'salt': 'Na0vUiQ7', 'md5': '8acf3c3379bb7cabdf889a3ba3b2bebe', 'sha1': '0a78cd25fd8ce3f149a62472c065d7c0b162e58a', 'sha256': 'd4954f2958947d64db4a9b7a60b73591648d655ae9db9cef19dfce06f5b223f5'}, 'dob': {'date': '1983-12-18T07:16:29.916Z', 'age': 40}, 'registered': {'date': '2016-07-23T21:55:45.100Z', 'age': 7}, 'phone': '(646) 263-6291', 'cell': '(973) 838-0956', 'id': {'name': 'SSN', 'value': '446-22-7409'}, 'picture': {'large': 'https://randomuser.me/api/portraits/women/17.jpg', 'medium': 'https://randomuser.me/api/portraits/med/women/17.jpg', 'thumbnail': 'https://randomuser.me/api/portraits/thumb/women/17.jpg'}, 'nat': 'US'}</msg>
<arg>${json_data['results'][0]}</arg>
<doc>Logs the given message with the given level.</doc>
<status status="PASS" start="2024-04-26T18:17:18.257237" elapsed="0.000405"/>
</kw>
<kw name="Log" owner="BuiltIn">
<msg time="2024-04-26T18:17:18.258059" level="INFO">location</msg>
<arg>${key}</arg>
<doc>Logs the given message with the given level.</doc>
<status status="PASS" start="2024-04-26T18:17:18.257935" elapsed="0.000162"/>
</kw>
<var name="${key}">location</var>
<status status="PASS" start="2024-04-26T18:17:18.256411" elapsed="0.001897"/>
</iter>
<iter>
<kw name="Dictionary Should Contain Key" owner="Collections">
<msg time="2024-04-26T18:17:18.259030" level="INFO">False</msg>
<arg>${json_data['results'][0]}</arg>
<arg>${key}</arg>
<doc>Fails if ``key`` is not found from ``dictionary``.</doc>
<status status="PASS" start="2024-04-26T18:17:18.258634" elapsed="0.000433"/>
</kw>
<kw name="Log" owner="BuiltIn">
<msg time="2024-04-26T18:17:18.259717" level="INFO">{'gender': 'female', 'name': {'title': 'Ms', 'first': 'Scarlett', 'last': 'Cook'}, 'location': {'street': {'number': 2298, 'name': 'Westheimer Rd'}, 'city': 'Warren', 'state': 'West Virginia', 'country': 'United States', 'postcode': 35774, 'coordinates': {'latitude': '85.1248', 'longitude': '156.1553'}, 'timezone': {'offset': '+5:30', 'description': 'Bombay, Calcutta, Madras, New Delhi'}}, 'email': 'scarlett.cook@example.com', 'login': {'uuid': 'd2fb3fff-4a0f-45c2-be64-2bbb287a0a5a', 'username': 'crazydog743', 'password': 'gilles', 'salt': 'Na0vUiQ7', 'md5': '8acf3c3379bb7cabdf889a3ba3b2bebe', 'sha1': '0a78cd25fd8ce3f149a62472c065d7c0b162e58a', 'sha256': 'd4954f2958947d64db4a9b7a60b73591648d655ae9db9cef19dfce06f5b223f5'}, 'dob': {'date': '1983-12-18T07:16:29.916Z', 'age': 40}, 'registered': {'date': '2016-07-23T21:55:45.100Z', 'age': 7}, 'phone': '(646) 263-6291', 'cell': '(973) 838-0956', 'id': {'name': 'SSN', 'value': '446-22-7409'}, 'picture': {'large': 'https://randomuser.me/api/portraits/women/17.jpg', 'medium': 'https://randomuser.me/api/portraits/med/women/17.jpg', 'thumbnail': 'https://randomuser.me/api/portraits/thumb/women/17.jpg'}, 'nat': 'US'}</msg>
<arg>${json_data['results'][0]}</arg>
<doc>Logs the given message with the given level.</doc>
<status status="PASS" start="2024-04-26T18:17:18.259364" elapsed="0.000400"/>
</kw>
<kw name="Log" owner="BuiltIn">
<msg time="2024-04-26T18:17:18.260178" level="INFO">email</msg>
<arg>${key}</arg>
<doc>Logs the given message with the given level.</doc>
<status status="PASS" start="2024-04-26T18:17:18.260053" elapsed="0.000163"/>
</kw>
<var name="${key}">email</var>
<status status="PASS" start="2024-04-26T18:17:18.258509" elapsed="0.001917"/>
</iter>
<iter>
<kw name="Dictionary Should Contain Key" owner="Collections">
<msg time="2024-04-26T18:17:18.261093" level="INFO">False</msg>
<arg>${json_data['results'][0]}</arg>
<arg>${key}</arg>
<doc>Fails if ``key`` is not found from ``dictionary``.</doc>
<status status="PASS" start="2024-04-26T18:17:18.260706" elapsed="0.000424"/>
</kw>
<kw name="Log" owner="BuiltIn">
<msg time="2024-04-26T18:17:18.261784" level="INFO">{'gender': 'female', 'name': {'title': 'Ms', 'first': 'Scarlett', 'last': 'Cook'}, 'location': {'street': {'number': 2298, 'name': 'Westheimer Rd'}, 'city': 'Warren', 'state': 'West Virginia', 'country': 'United States', 'postcode': 35774, 'coordinates': {'latitude': '85.1248', 'longitude': '156.1553'}, 'timezone': {'offset': '+5:30', 'description': 'Bombay, Calcutta, Madras, New Delhi'}}, 'email': 'scarlett.cook@example.com', 'login': {'uuid': 'd2fb3fff-4a0f-45c2-be64-2bbb287a0a5a', 'username': 'crazydog743', 'password': 'gilles', 'salt': 'Na0vUiQ7', 'md5': '8acf3c3379bb7cabdf889a3ba3b2bebe', 'sha1': '0a78cd25fd8ce3f149a62472c065d7c0b162e58a', 'sha256': 'd4954f2958947d64db4a9b7a60b73591648d655ae9db9cef19dfce06f5b223f5'}, 'dob': {'date': '1983-12-18T07:16:29.916Z', 'age': 40}, 'registered': {'date': '2016-07-23T21:55:45.100Z', 'age': 7}, 'phone': '(646) 263-6291', 'cell': '(973) 838-0956', 'id': {'name': 'SSN', 'value': '446-22-7409'}, 'picture': {'large': 'https://randomuser.me/api/portraits/women/17.jpg', 'medium': 'https://randomuser.me/api/portraits/med/women/17.jpg', 'thumbnail': 'https://randomuser.me/api/portraits/thumb/women/17.jpg'}, 'nat': 'US'}</msg>
<arg>${json_data['results'][0]}</arg>
<doc>Logs the given message with the given level.</doc>
<status status="PASS" start="2024-04-26T18:17:18.261422" elapsed="0.000410"/>
</kw>
<kw name="Log" owner="BuiltIn">
<msg time="2024-04-26T18:17:18.262246" level="INFO">login</msg>
<arg>${key}</arg>
<doc>Logs the given message with the given level.</doc>
<status status="PASS" start="2024-04-26T18:17:18.262122" elapsed="0.000161"/>
</kw>
<var name="${key}">login</var>
<status status="PASS" start="2024-04-26T18:17:18.260596" elapsed="0.001955"/>
</iter>
<var>${key}</var>
<value>@{expected_keys}</value>
<status status="PASS" start="2024-04-26T18:17:18.251910" elapsed="0.010772"/>
</for>
<kw name="Create List" owner="BuiltIn">
<msg time="2024-04-26T18:17:18.263017" level="INFO">${expected_keysTwo} = ['username', 'password']</msg>
<var>${expected_keysTwo}</var>
<arg>username</arg>
<arg>password</arg>
<doc>Returns a list containing given items.</doc>
<status status="PASS" start="2024-04-26T18:17:18.262878" elapsed="0.000162"/>
</kw>
<for flavor="IN">
<iter>
<kw name="Dictionary Should Contain Key" owner="Collections">
<msg time="2024-04-26T18:17:18.263931" level="INFO">False</msg>
<arg>${json_data['results'][0]['login']}</arg>
<arg>${keyTwo}</arg>
<doc>Fails if ``key`` is not found from ``dictionary``.</doc>
<status status="PASS" start="2024-04-26T18:17:18.263538" elapsed="0.000431"/>
</kw>
<kw name="Dictionary Should Contain Key" owner="Collections">
<msg time="2024-04-26T18:17:18.264641" level="INFO">False</msg>
<arg>${json_data['results'][0]['login']}</arg>
<arg>${keyTwo}</arg>
<doc>Fails if ``key`` is not found from ``dictionary``.</doc>
<status status="PASS" start="2024-04-26T18:17:18.264260" elapsed="0.000418"/>
</kw>
<kw name="Log" owner="BuiltIn">
<msg time="2024-04-26T18:17:18.265092" level="INFO">username</msg>
<arg>${keyTwo}</arg>
<doc>Logs the given message with the given level.</doc>
<status status="PASS" start="2024-04-26T18:17:18.264966" elapsed="0.000168"/>
</kw>
<var name="${keyTwo}">username</var>
<status status="PASS" start="2024-04-26T18:17:18.263429" elapsed="0.001916"/>
</iter>
<iter>
<kw name="Dictionary Should Contain Key" owner="Collections">
<msg time="2024-04-26T18:17:18.266009" level="INFO">False</msg>
<arg>${json_data['results'][0]['login']}</arg>
<arg>${keyTwo}</arg>
<doc>Fails if ``key`` is not found from ``dictionary``.</doc>
<status status="PASS" start="2024-04-26T18:17:18.265627" elapsed="0.000423"/>
</kw>
<kw name="Dictionary Should Contain Key" owner="Collections">
<msg time="2024-04-26T18:17:18.266829" level="INFO">False</msg>
<arg>${json_data['results'][0]['login']}</arg>
<arg>${keyTwo}</arg>
<doc>Fails if ``key`` is not found from ``dictionary``.</doc>
<status status="PASS" start="2024-04-26T18:17:18.266343" elapsed="0.000524"/>
</kw>
<kw name="Log" owner="BuiltIn">
<msg time="2024-04-26T18:17:18.267291" level="INFO">password</msg>
<arg>${keyTwo}</arg>
<doc>Logs the given message with the given level.</doc>
<status status="PASS" start="2024-04-26T18:17:18.267164" elapsed="0.000164"/>
</kw>
<var name="${keyTwo}">password</var>
<status status="PASS" start="2024-04-26T18:17:18.265518" elapsed="0.002022"/>
</iter>
<var>${keyTwo}</var>
<value>@{expected_keysTwo}</value>
<status status="PASS" start="2024-04-26T18:17:18.263277" elapsed="0.004384"/>
</for>
<status status="PASS" start="2024-04-26T18:17:18.154053" elapsed="0.113747"/>
</kw>
<doc>Testa a estrutura da resposta da API.</doc>
<tag>testeEstruturaResposta</tag>
<status status="PASS" start="2024-04-26T18:17:18.153405" elapsed="0.114542"/>
</test>
<test id="s1-s1-t4" name="Validar tipos de dados" line="28">
<kw name="Teste de Tipos de Dados" owner="random-user-service">
<kw name="GET On Session" owner="RequestsLibrary">
<msg time="2024-04-26T18:17:18.339856" level="INFO">GET Request : url=https://randomuser.me/api 
 path_url=/api 
 headers={'User-Agent': 'python-requests/2.31.0', 'Accept-Encoding': 'gzip, deflate', 'Accept': '*/*', 'Connection': 'keep-alive'} 
 body=None 
 </msg>
<msg time="2024-04-26T18:17:18.339918" level="INFO">GET Response : url=https://randomuser.me/api 
 status=200, reason=OK 
 headers={'Date': 'Fri, 26 Apr 2024 18:17:18 GMT', 'Content-Type': 'application/json; charset=utf-8', 'Transfer-Encoding': 'chunked', 'Connection': 'keep-alive', 'X-Powered-By': 'Express', 'Access-Control-Allow-Origin': '*', 'Cache-Control': 'no-cache', 'ETag': 'W/"471-z6e6aJF1zHBoNmNOtcyl8A27IRE"', 'Vary': 'Accept-Encoding', 'Content-Encoding': 'gzip', 'CF-Cache-Status': 'DYNAMIC', 'Report-To': '{"endpoints":[{"url":"https:\\/\\/a.nel.cloudflare.com\\/report\\/v4?s=PNzz2edqtUEwZncJJ9LQLEyg0zlPD2gTFFOKDfaI79GsRVU8QswyUEA%2FC8v5uNKKPOyEGseldDDsMN8jox9w5b132V2IlRq%2BHQon18ZPLAELVslghV76s%2FYbkd8XdqWO"}],"group":"cf-nel","max_age":604800}', 'NEL': '{"success_fraction":0,"report_to":"cf-nel","max_age":604800}', 'Server': 'cloudflare', 'CF-RAY': '87a891a13e060828-IAD', 'alt-svc': 'h3=":443"; ma=86400'} 
 body={"results":[{"gender":"male","name":{"title":"Mr","first":"Kyle","last":"Ward"},"location":{"street":{"number":7726,"name":"Strand Road"},"city":"Bray","state":"Wexford","country":"Ireland","postcode":77145,"coordinates":{"latitude":"3.2346","longitude":"-15.5901"},"timezone":{"offset":"-8:00","description":"Pacific Time (US &amp; Canada)"}},"email":"kyle.ward@example.com","login":{"uuid":"9e2cc2fb-9db3-4d71-b167-9d9436786213","username":"happyladybug620","password":"answer","salt":"LZTnYDdm","md5":"dbe0496030889a03d75a11a31c5401e9","sha1":"87280b119c127c0bf561052a93c3236754d3a565","sha256":"14d59243fce71a1bbbaf50f92237392ae1be499893229337512b56da53598c14"},"dob":{"date":"1992-09-29T01:56:55.308Z","age":31},"registered":{"date":"2014-07-11T23:45:40.828Z","age":9},"phone":"021-445-4102","cell":"081-613-1428","id":{"name":"PPS","value":"6993204T"},"picture":{"large":"https://randomuser.me/api/portraits/men/29.jpg","medium":"https://randomuser.me/api/portraits/med/men/29.jpg","thumbnail":"https://randomuser.me/api/portraits/thumb/men/29.jpg"},"nat":"IE"}],"info":{"seed":"f57818e548a074b2","results":1,"page":1,"version":"1.4"}} 
 </msg>
<msg time="2024-04-26T18:17:18.339974" level="INFO">/opt/hostedtoolcache/Python/3.12.3/x64/lib/python3.12/site-packages/urllib3/connectionpool.py:1103: InsecureRequestWarning: Unverified HTTPS request is being made to host 'randomuser.me'. Adding certificate verification is strongly advised. See: https://urllib3.readthedocs.io/en/latest/advanced-usage.html#tls-warnings
  warnings.warn(</msg>
<msg time="2024-04-26T18:17:18.340071" level="INFO">${response} = &lt;Response [200]&gt;</msg>
<var>${response}</var>
<arg>consultarAPI</arg>
<arg>/api</arg>
<doc>Sends a GET request on a previously created HTTP Session.</doc>
<status status="PASS" start="2024-04-26T18:17:18.270485" elapsed="0.069623"/>
</kw>
<kw name="Set Variable" owner="BuiltIn">
<msg time="2024-04-26T18:17:18.341138" level="INFO">${json_data} = {'results': [{'gender': 'male', 'name': {'title': 'Mr', 'first': 'Kyle', 'last': 'Ward'}, 'location': {'street': {'number': 7726, 'name': 'Strand Road'}, 'city': 'Bray', 'state': 'Wexford', 'country':...</msg>
<var>${json_data}</var>
<arg>${response.json()}</arg>
<doc>Returns the given values which can then be assigned to a variables.</doc>
<status status="PASS" start="2024-04-26T18:17:18.340556" elapsed="0.000612"/>
</kw>
<kw name="Log" owner="BuiltIn">
<msg time="2024-04-26T18:17:18.341625" level="INFO">{'results': [{'gender': 'male', 'name': {'title': 'Mr', 'first': 'Kyle', 'last': 'Ward'}, 'location': {'street': {'number': 7726, 'name': 'Strand Road'}, 'city': 'Bray', 'state': 'Wexford', 'country': 'Ireland', 'postcode': 77145, 'coordinates': {'latitude': '3.2346', 'longitude': '-15.5901'}, 'timezone': {'offset': '-8:00', 'description': 'Pacific Time (US &amp; Canada)'}}, 'email': 'kyle.ward@example.com', 'login': {'uuid': '9e2cc2fb-9db3-4d71-b167-9d9436786213', 'username': 'happyladybug620', 'password': 'answer', 'salt': 'LZTnYDdm', 'md5': 'dbe0496030889a03d75a11a31c5401e9', 'sha1': '87280b119c127c0bf561052a93c3236754d3a565', 'sha256': '14d59243fce71a1bbbaf50f92237392ae1be499893229337512b56da53598c14'}, 'dob': {'date': '1992-09-29T01:56:55.308Z', 'age': 31}, 'registered': {'date': '2014-07-11T23:45:40.828Z', 'age': 9}, 'phone': '021-445-4102', 'cell': '081-613-1428', 'id': {'name': 'PPS', 'value': '6993204T'}, 'picture': {'large': 'https://randomuser.me/api/portraits/men/29.jpg', 'medium': 'https://randomuser.me/api/portraits/med/men/29.jpg', 'thumbnail': 'https://randomuser.me/api/portraits/thumb/men/29.jpg'}, 'nat': 'IE'}], 'info': {'seed': 'f57818e548a074b2', 'results': 1, 'page': 1, 'version': '1.4'}}</msg>
<arg>${json_data}</arg>
<doc>Logs the given message with the given level.</doc>
<status status="PASS" start="2024-04-26T18:17:18.341474" elapsed="0.000228"/>
</kw>
<kw name="Should Be String" owner="String">
<arg>${json_data['results'][0]['gender']}</arg>
<doc>Fails if the given ``item`` is not a string.</doc>
<status status="PASS" start="2024-04-26T18:17:18.342000" elapsed="0.000352"/>
</kw>
<kw name="Should Match Regexp" owner="BuiltIn">
<arg>${json_data['results'][0]['email']}</arg>
<arg>^[a-zA-Z0-9._%+-]+@[a-zA-Z0-9.-]+\.[a-zA-Z]{2,}$</arg>
<doc>Fails if ``string`` does not match ``pattern`` as a regular expression.</doc>
<status status="PASS" start="2024-04-26T18:17:18.342583" elapsed="0.000499"/>
</kw>
<kw name="Should Match Regexp" owner="BuiltIn">
<arg>${json_data['results'][0]['dob']['date']}</arg>
<arg>\\d{4}-\\d{2}-\\d{2}T\\d{2}:\\d{2}:\\d{2}\\.\\d{3}Z</arg>
<doc>Fails if ``string`` does not match ``pattern`` as a regular expression.</doc>
<status status="PASS" start="2024-04-26T18:17:18.343277" elapsed="0.000491"/>
</kw>
<kw name="Should Match Regexp" owner="BuiltIn">
<arg>${json_data['results'][0]['registered']['date']}</arg>
<arg>\\d{4}-\\d{2}-\\d{2}T\\d{2}:\\d{2}:\\d{2}\\.\\d{3}Z</arg>
<doc>Fails if ``string`` does not match ``pattern`` as a regular expression.</doc>
<status status="PASS" start="2024-04-26T18:17:18.343961" elapsed="0.000364"/>
</kw>
<kw name="Should Match Regexp" owner="BuiltIn">
<arg>${json_data['results'][0]['picture']['large']}</arg>
<arg>^https?://.*\.(?:png|jpe?g|gif|bmp)$</arg>
<doc>Fails if ``string`` does not match ``pattern`` as a regular expression.</doc>
<status status="PASS" start="2024-04-26T18:17:18.344515" elapsed="0.000456"/>
</kw>
<kw name="Should Match Regexp" owner="BuiltIn">
<arg>${json_data['results'][0]['picture']['medium']}</arg>
<arg>^https?://.*\.(?:png|jpe?g|gif|bmp)$</arg>
<doc>Fails if ``string`` does not match ``pattern`` as a regular expression.</doc>
<status status="PASS" start="2024-04-26T18:17:18.345166" elapsed="0.000383"/>
</kw>
<kw name="Should Match Regexp" owner="BuiltIn">
<arg>${json_data['results'][0]['picture']['thumbnail']}</arg>
<arg>^https?://.*\.(?:png|jpe?g|gif|bmp)$</arg>
<doc>Fails if ``string`` does not match ``pattern`` as a regular expression.</doc>
<status status="PASS" start="2024-04-26T18:17:18.345742" elapsed="0.000355"/>
</kw>
<kw name="Log" owner="BuiltIn">
<msg time="2024-04-26T18:17:18.346642" level="INFO">{'large': 'https://randomuser.me/api/portraits/men/29.jpg', 'medium': 'https://randomuser.me/api/portraits/med/men/29.jpg', 'thumbnail': 'https://randomuser.me/api/portraits/thumb/men/29.jpg'}</msg>
<arg>${json_data['results'][0]['picture']}</arg>
<doc>Logs the given message with the given level.</doc>
<status status="PASS" start="2024-04-26T18:17:18.346279" elapsed="0.000405"/>
</kw>
<status status="PASS" start="2024-04-26T18:17:18.270241" elapsed="0.076695"/>
</kw>
<kw name="Teste de Tipos de Dados - Postcode" owner="random-user-service">
<kw name="GET On Session" owner="RequestsLibrary">
<msg time="2024-04-26T18:17:18.450315" level="INFO">GET Request : url=https://randomuser.me/api 
 path_url=/api 
 headers={'User-Agent': 'python-requests/2.31.0', 'Accept-Encoding': 'gzip, deflate', 'Accept': '*/*', 'Connection': 'keep-alive'} 
 body=None 
 </msg>
<msg time="2024-04-26T18:17:18.450399" level="INFO">GET Response : url=https://randomuser.me/api 
 status=200, reason=OK 
 headers={'Date': 'Fri, 26 Apr 2024 18:17:18 GMT', 'Content-Type': 'application/json; charset=utf-8', 'Transfer-Encoding': 'chunked', 'Connection': 'keep-alive', 'X-Powered-By': 'Express', 'Access-Control-Allow-Origin': '*', 'Cache-Control': 'no-cache', 'ETag': 'W/"4b2-iRrTfVkUfjYCglQKR+0AfppqA3s"', 'Vary': 'Accept-Encoding', 'Content-Encoding': 'gzip', 'CF-Cache-Status': 'DYNAMIC', 'Report-To': '{"endpoints":[{"url":"https:\\/\\/a.nel.cloudflare.com\\/report\\/v4?s=8w2yJ%2FPcmkU8rKRr%2FguBi5TNxSf2HB4UotOqh2KNqyjTdLcSKPeaIbndR666l0eJLzxczdjK6VEN6rOJs%2B%2FX%2Fvrf36JcJjq4FB%2BsrP8qjT%2FfkRdo3giPKiO8qG%2BoIGCn"}],"group":"cf-nel","max_age":604800}', 'NEL': '{"success_fraction":0,"report_to":"cf-nel","max_age":604800}', 'Server': 'cloudflare', 'CF-RAY': '87a891a1ae880828-IAD', 'alt-svc': 'h3=":443"; ma=86400'} 
 body={"results":[{"gender":"female","name":{"title":"Miss","first":"Luciele","last":"Moraes"},"location":{"street":{"number":8743,"name":"Rua Belo Horizonte "},"city":"Guarapari","state":"Mato Grosso do Sul","country":"Brazil","postcode":26124,"coordinates":{"latitude":"-78.4818","longitude":"1.4841"},"timezone":{"offset":"+3:00","description":"Baghdad, Riyadh, Moscow, St. Petersburg"}},"email":"luciele.moraes@example.com","login":{"uuid":"9948d257-2904-47e2-be63-5c84e9451c50","username":"brownfrog820","password":"harmony","salt":"LbrB4j05","md5":"5ac6ad786f389c64f9dc6c76dd1cda51","sha1":"98ce13c478142dc142e9fbd0b8687a35f0ebbc91","sha256":"14c3701c894891a6ff742310608435c01a99cec417936b25a4a70fcb78bce920"},"dob":{"date":"1975-06-24T12:43:59.990Z","age":48},"registered":{"date":"2007-09-24T00:36:12.133Z","age":16},"phone":"(52) 3073-0447","cell":"(43) 9287-7836","id":{"name":"CPF","value":"726.691.669-72"},"picture":{"large":"https://randomuser.me/api/portraits/women/86.jpg","medium":"https://randomuser.me/api/portraits/med/women/86.jpg","thumbnail":"https://randomuser.me/api/portraits/thumb/women/86.jpg"},"nat":"BR"}],"info":{"seed":"79e602aa513e1486","results":1,"page":1,"version":"1.4"}} 
 </msg>
<msg time="2024-04-26T18:17:18.450517" level="INFO">/opt/hostedtoolcache/Python/3.12.3/x64/lib/python3.12/site-packages/urllib3/connectionpool.py:1103: InsecureRequestWarning: Unverified HTTPS request is being made to host 'randomuser.me'. Adding certificate verification is strongly advised. See: https://urllib3.readthedocs.io/en/latest/advanced-usage.html#tls-warnings
  warnings.warn(</msg>
<msg time="2024-04-26T18:17:18.450612" level="INFO">${response} = &lt;Response [200]&gt;</msg>
<var>${response}</var>
<arg>consultarAPI</arg>
<arg>/api</arg>
<doc>Sends a GET request on a previously created HTTP Session.</doc>
<status status="PASS" start="2024-04-26T18:17:18.347373" elapsed="0.103279"/>
</kw>
<kw name="Set Variable" owner="BuiltIn">
<msg time="2024-04-26T18:17:18.451698" level="INFO">${json_data} = {'results': [{'gender': 'female', 'name': {'title': 'Miss', 'first': 'Luciele', 'last': 'Moraes'}, 'location': {'street': {'number': 8743, 'name': 'Rua Belo Horizonte '}, 'city': 'Guarapari', 'state':...</msg>
<var>${json_data}</var>
<arg>${response.json()}</arg>
<doc>Returns the given values which can then be assigned to a variables.</doc>
<status status="PASS" start="2024-04-26T18:17:18.451104" elapsed="0.000622"/>
</kw>
<kw name="Log" owner="BuiltIn">
<msg time="2024-04-26T18:17:18.452186" level="INFO">{'results': [{'gender': 'female', 'name': {'title': 'Miss', 'first': 'Luciele', 'last': 'Moraes'}, 'location': {'street': {'number': 8743, 'name': 'Rua Belo Horizonte '}, 'city': 'Guarapari', 'state': 'Mato Grosso do Sul', 'country': 'Brazil', 'postcode': 26124, 'coordinates': {'latitude': '-78.4818', 'longitude': '1.4841'}, 'timezone': {'offset': '+3:00', 'description': 'Baghdad, Riyadh, Moscow, St. Petersburg'}}, 'email': 'luciele.moraes@example.com', 'login': {'uuid': '9948d257-2904-47e2-be63-5c84e9451c50', 'username': 'brownfrog820', 'password': 'harmony', 'salt': 'LbrB4j05', 'md5': '5ac6ad786f389c64f9dc6c76dd1cda51', 'sha1': '98ce13c478142dc142e9fbd0b8687a35f0ebbc91', 'sha256': '14c3701c894891a6ff742310608435c01a99cec417936b25a4a70fcb78bce920'}, 'dob': {'date': '1975-06-24T12:43:59.990Z', 'age': 48}, 'registered': {'date': '2007-09-24T00:36:12.133Z', 'age': 16}, 'phone': '(52) 3073-0447', 'cell': '(43) 9287-7836', 'id': {'name': 'CPF', 'value': '726.691.669-72'}, 'picture': {'large': 'https://randomuser.me/api/portraits/women/86.jpg', 'medium': 'https://randomuser.me/api/portraits/med/women/86.jpg', 'thumbnail': 'https://randomuser.me/api/portraits/thumb/women/86.jpg'}, 'nat': 'BR'}], 'info': {'seed': '79e602aa513e1486', 'results': 1, 'page': 1, 'version': '1.4'}}</msg>
<arg>${json_data}</arg>
<doc>Logs the given message with the given level.</doc>
<status status="PASS" start="2024-04-26T18:17:18.452034" elapsed="0.000229"/>
</kw>
<kw name="Should Be Equal As Numbers" owner="BuiltIn">
<arg>${json_data['results'][0]['location']['postcode']}</arg>
<arg>${json_data['results'][0]['location']['postcode']}</arg>
<doc>Fails if objects are unequal after converting them to real numbers.</doc>
<status status="PASS" start="2024-04-26T18:17:18.452563" elapsed="0.000741"/>
</kw>
<kw name="Log" owner="BuiltIn">
<msg time="2024-04-26T18:17:18.453831" level="INFO">26124</msg>
<arg>${json_data['results'][0]['location']['postcode']}</arg>
<doc>Logs the given message with the given level.</doc>
<status status="PASS" start="2024-04-26T18:17:18.453496" elapsed="0.000375"/>
</kw>
<status status="PASS" start="2024-04-26T18:17:18.347146" elapsed="0.106972"/>
</kw>
<doc>Testa se os tipos de dados na resposta da API estão corretos.</doc>
<tag>testeTiposDados</tag>
<status status="PASS" start="2024-04-26T18:17:18.269713" elapsed="0.184562"/>
</test>
<test id="s1-s1-t5" name="Validar conteudo" line="35">
<kw name="Teste de Tipos de Conteudo" owner="random-user-service">
<kw name="GET On Session" owner="RequestsLibrary">
<msg time="2024-04-26T18:17:18.548578" level="INFO">GET Request : url=https://randomuser.me/api 
 path_url=/api 
 headers={'User-Agent': 'python-requests/2.31.0', 'Accept-Encoding': 'gzip, deflate', 'Accept': '*/*', 'Connection': 'keep-alive'} 
 body=None 
 </msg>
<msg time="2024-04-26T18:17:18.548662" level="INFO">GET Response : url=https://randomuser.me/api 
 status=200, reason=OK 
 headers={'Date': 'Fri, 26 Apr 2024 18:17:18 GMT', 'Content-Type': 'application/json; charset=utf-8', 'Transfer-Encoding': 'chunked', 'Connection': 'keep-alive', 'X-Powered-By': 'Express', 'Access-Control-Allow-Origin': '*', 'Cache-Control': 'no-cache', 'ETag': 'W/"484-5wHQ8vI9w/iFBJZt9iFTq1D0ez8"', 'Vary': 'Accept-Encoding', 'Content-Encoding': 'gzip', 'CF-Cache-Status': 'DYNAMIC', 'Report-To': '{"endpoints":[{"url":"https:\\/\\/a.nel.cloudflare.com\\/report\\/v4?s=Pc0gvDyqJ77hGX%2BJ9dxsHDMgheYhD5t7VDnPp37ReecmaxMYPP%2FWp0U%2BTD8sZl78GAlfxforpQilMbWizoDHGL4N0jp%2B1z%2F8RWfwYFsxg4oEaeBKZHutnXyt88%2BTFmj%2B"}],"group":"cf-nel","max_age":604800}', 'NEL': '{"success_fraction":0,"report_to":"cf-nel","max_age":604800}', 'Server': 'cloudflare', 'CF-RAY': '87a891a25f5f0828-IAD', 'alt-svc': 'h3=":443"; ma=86400'} 
 body={"results":[{"gender":"male","name":{"title":"Mr","first":"Herlander","last":"Campos"},"location":{"street":{"number":8914,"name":"Rua Um"},"city":"Parauapebas","state":"Rio de Janeiro","country":"Brazil","postcode":81758,"coordinates":{"latitude":"-74.8926","longitude":"-175.1598"},"timezone":{"offset":"-2:00","description":"Mid-Atlantic"}},"email":"herlander.campos@example.com","login":{"uuid":"716ee9bc-84ef-4918-a285-7f68bdecb823","username":"lazygoose515","password":"blades","salt":"Ir40KhHA","md5":"36d17500cf139cf1fb7305177ee05d07","sha1":"4f0fa78646df0c6f6a12b0d3b5f4050442220724","sha256":"add5c4a0a71d4c3519e1b7d61112af69faf650511873c082805db2497bb0a715"},"dob":{"date":"1999-11-19T00:53:01.818Z","age":24},"registered":{"date":"2009-10-30T17:46:48.238Z","age":14},"phone":"(78) 8775-1267","cell":"(12) 1974-3479","id":{"name":"CPF","value":"845.513.656-05"},"picture":{"large":"https://randomuser.me/api/portraits/men/53.jpg","medium":"https://randomuser.me/api/portraits/med/men/53.jpg","thumbnail":"https://randomuser.me/api/portraits/thumb/men/53.jpg"},"nat":"BR"}],"info":{"seed":"d423256cdfb85781","results":1,"page":1,"version":"1.4"}} 
 </msg>
<msg time="2024-04-26T18:17:18.548730" level="INFO">/opt/hostedtoolcache/Python/3.12.3/x64/lib/python3.12/site-packages/urllib3/connectionpool.py:1103: InsecureRequestWarning: Unverified HTTPS request is being made to host 'randomuser.me'. Adding certificate verification is strongly advised. See: https://urllib3.readthedocs.io/en/latest/advanced-usage.html#tls-warnings
  warnings.warn(</msg>
<msg time="2024-04-26T18:17:18.548824" level="INFO">${response} = &lt;Response [200]&gt;</msg>
<var>${response}</var>
<arg>consultarAPI</arg>
<arg>/api</arg>
<doc>Sends a GET request on a previously created HTTP Session.</doc>
<status status="PASS" start="2024-04-26T18:17:18.456745" elapsed="0.092118"/>
</kw>
<kw name="Set Variable" owner="BuiltIn">
<msg time="2024-04-26T18:17:18.549887" level="INFO">${json_data} = {'results': [{'gender': 'male', 'name': {'title': 'Mr', 'first': 'Herlander', 'last': 'Campos'}, 'location': {'street': {'number': 8914, 'name': 'Rua Um'}, 'city': 'Parauapebas', 'state': 'Rio de Jane...</msg>
<var>${json_data}</var>
<arg>${response.json()}</arg>
<doc>Returns the given values which can then be assigned to a variables.</doc>
<status status="PASS" start="2024-04-26T18:17:18.549307" elapsed="0.000607"/>
</kw>
<kw name="Set Variable" owner="BuiltIn">
<msg time="2024-04-26T18:17:18.550646" level="INFO">${name_title} = Mr</msg>
<var>${name_title}</var>
<arg>${json_data["results"][0]["name"]["title"]}</arg>
<doc>Returns the given values which can then be assigned to a variables.</doc>
<status status="PASS" start="2024-04-26T18:17:18.550214" elapsed="0.000458"/>
</kw>
<kw name="Create List" owner="BuiltIn">
<msg time="2024-04-26T18:17:18.551115" level="INFO">${allowed_titles} = ['Mr', 'Ms', 'Miss', 'Mrs', 'Madame', 'Monsieur']</msg>
<var>${allowed_titles}</var>
<arg>Mr</arg>
<arg>Ms</arg>
<arg>Miss</arg>
<arg>Mrs</arg>
<arg>Madame</arg>
<arg>Monsieur</arg>
<doc>Returns a list containing given items.</doc>
<status status="PASS" start="2024-04-26T18:17:18.550969" elapsed="0.000171"/>
</kw>
<kw name="List Should Contain Value" owner="Collections">
<msg time="2024-04-26T18:17:18.551602" level="INFO">False</msg>
<arg>${allowed_titles}</arg>
<arg>${name_title}</arg>
<doc>Fails if the ``value`` is not found from ``list``.</doc>
<status status="PASS" start="2024-04-26T18:17:18.551435" elapsed="0.000202"/>
</kw>
<kw name="Set Variable" owner="BuiltIn">
<msg time="2024-04-26T18:17:18.552292" level="INFO">${name_country} = BR</msg>
<var>${name_country}</var>
<arg>${json_data["results"][0]["nat"]}</arg>
<doc>Returns the given values which can then be assigned to a variables.</doc>
<status status="PASS" start="2024-04-26T18:17:18.551920" elapsed="0.000396"/>
</kw>
<kw name="Create List" owner="BuiltIn">
<msg time="2024-04-26T18:17:18.553193" level="INFO">${list_country} = ['AD', 'AE', 'AF', 'AG', 'AI', 'AL', 'AM', 'AO', 'AQ', 'AR', 'AS', 'AT', 'AU', 'AW', 'AX', 'AZ', 'BA', 'BB', 'BD', 'BE', 'BF', 'BG', 'BH', 'BI', 'BJ', 'BL', 'BM', 'BN', 'BO', 'BQ', 'BR', 'BS', 'BT', '...</msg>
<var>${list_country}</var>
<arg>AD</arg>
<arg>AE</arg>
<arg>AF</arg>
<arg>AG</arg>
<arg>AI</arg>
<arg>AL</arg>
<arg>AM</arg>
<arg>AO</arg>
<arg>AQ</arg>
<arg>AR</arg>
<arg>AS</arg>
<arg>AT</arg>
<arg>AU</arg>
<arg>AW</arg>
<arg>AX</arg>
<arg>AZ</arg>
<arg>BA</arg>
<arg>BB</arg>
<arg>BD</arg>
<arg>BE</arg>
<arg>BF</arg>
<arg>BG</arg>
<arg>BH</arg>
<arg>BI</arg>
<arg>BJ</arg>
<arg>BL</arg>
<arg>BM</arg>
<arg>BN</arg>
<arg>BO</arg>
<arg>BQ</arg>
<arg>BR</arg>
<arg>BS</arg>
<arg>BT</arg>
<arg>BV</arg>
<arg>BW</arg>
<arg>BY</arg>
<arg>BZ</arg>
<arg>CA</arg>
<arg>CC</arg>
<arg>CD</arg>
<arg>CF</arg>
<arg>CG</arg>
<arg>CH</arg>
<arg>CI</arg>
<arg>CK</arg>
<arg>CL</arg>
<arg>CM</arg>
<arg>CN</arg>
<arg>CO</arg>
<arg>CR</arg>
<arg>CU</arg>
<arg>CV</arg>
<arg>CW</arg>
<arg>CX</arg>
<arg>CY</arg>
<arg>CZ</arg>
<arg>DE</arg>
<arg>DJ</arg>
<arg>DK</arg>
<arg>DM</arg>
<arg>DO</arg>
<arg>DZ</arg>
<arg>EC</arg>
<arg>EE</arg>
<arg>EG</arg>
<arg>EH</arg>
<arg>ER</arg>
<arg>ES</arg>
<arg>ET</arg>
<arg>FI</arg>
<arg>FJ</arg>
<arg>FK</arg>
<arg>FM</arg>
<arg>FO</arg>
<arg>FR</arg>
<arg>GA</arg>
<arg>GB</arg>
<arg>GD</arg>
<arg>GE</arg>
<arg>GF</arg>
<arg>GG</arg>
<arg>GH</arg>
<arg>GI</arg>
<arg>GL</arg>
<arg>GM</arg>
<arg>GN</arg>
<arg>GP</arg>
<arg>GQ</arg>
<arg>GR</arg>
<arg>GS</arg>
<arg>GT</arg>
<arg>GU</arg>
<arg>GW</arg>
<arg>GY</arg>
<arg>HK</arg>
<arg>HM</arg>
<arg>HN</arg>
<arg>HR</arg>
<arg>HT</arg>
<arg>HU</arg>
<arg>ID</arg>
<arg>IE</arg>
<arg>IL</arg>
<arg>IM</arg>
<arg>IN</arg>
<arg>IO</arg>
<arg>IQ</arg>
<arg>IR</arg>
<arg>IS</arg>
<arg>IT</arg>
<arg>JE</arg>
<arg>JM</arg>
<arg>JO</arg>
<arg>JP</arg>
<arg>KE</arg>
<arg>KG</arg>
<arg>KH</arg>
<arg>KI</arg>
<arg>KM</arg>
<arg>KN</arg>
<arg>KP</arg>
<arg>KR</arg>
<arg>KW</arg>
<arg>KY</arg>
<arg>KZ</arg>
<arg>LA</arg>
<arg>LB</arg>
<arg>LC</arg>
<arg>LI</arg>
<arg>LK</arg>
<arg>LR</arg>
<arg>LS</arg>
<arg>LT</arg>
<arg>LU</arg>
<arg>LV</arg>
<arg>LY</arg>
<arg>MA</arg>
<arg>MC</arg>
<arg>MD</arg>
<arg>ME</arg>
<arg>MF</arg>
<arg>MG</arg>
<arg>MH</arg>
<arg>MK</arg>
<arg>ML</arg>
<arg>MM</arg>
<arg>MN</arg>
<arg>MO</arg>
<arg>MP</arg>
<arg>MQ</arg>
<arg>MR</arg>
<arg>MS</arg>
<arg>MT</arg>
<arg>MU</arg>
<arg>MV</arg>
<arg>MW</arg>
<arg>MX</arg>
<arg>MY</arg>
<arg>MZ</arg>
<arg>NA</arg>
<arg>NC</arg>
<arg>NE</arg>
<arg>NF</arg>
<arg>NG</arg>
<arg>NI</arg>
<arg>NL</arg>
<arg>NO</arg>
<arg>NP</arg>
<arg>NR</arg>
<arg>NU</arg>
<arg>NZ</arg>
<arg>OM</arg>
<arg>PA</arg>
<arg>PE</arg>
<arg>PF</arg>
<arg>PG</arg>
<arg>PH</arg>
<arg>PK</arg>
<arg>PL</arg>
<arg>PM</arg>
<arg>PN</arg>
<arg>PR</arg>
<arg>PS</arg>
<arg>PT</arg>
<arg>PW</arg>
<arg>PY</arg>
<arg>QA</arg>
<arg>RE</arg>
<arg>RO</arg>
<arg>RS</arg>
<arg>RU</arg>
<arg>RW</arg>
<arg>SA</arg>
<arg>SB</arg>
<arg>SC</arg>
<arg>SD</arg>
<arg>SE</arg>
<arg>SG</arg>
<arg>SH</arg>
<arg>SI</arg>
<arg>SJ</arg>
<arg>SK</arg>
<arg>SL</arg>
<arg>SM</arg>
<arg>SN</arg>
<arg>SO</arg>
<arg>SR</arg>
<arg>SS</arg>
<arg>ST</arg>
<arg>SV</arg>
<arg>SX</arg>
<arg>SY</arg>
<arg>SZ</arg>
<arg>TC</arg>
<arg>TD</arg>
<arg>TF</arg>
<arg>TG</arg>
<arg>TH</arg>
<arg>TJ</arg>
<arg>TK</arg>
<arg>TL</arg>
<arg>TM</arg>
<arg>TN</arg>
<arg>TO</arg>
<arg>TR</arg>
<arg>TT</arg>
<arg>TV</arg>
<arg>TW</arg>
<arg>TZ</arg>
<arg>UA</arg>
<arg>UG</arg>
<arg>UM</arg>
<arg>US</arg>
<arg>UY</arg>
<arg>UZ</arg>
<arg>VA</arg>
<arg>VC</arg>
<arg>VE</arg>
<arg>VG</arg>
<arg>VI</arg>
<arg>VN</arg>
<arg>VU</arg>
<arg>WF</arg>
<arg>WS</arg>
<arg>XK</arg>
<arg>YE</arg>
<arg>YT</arg>
<arg>ZA</arg>
<arg>ZM</arg>
<arg>ZW</arg>
<doc>Returns a list containing given items.</doc>
<status status="PASS" start="2024-04-26T18:17:18.552615" elapsed="0.000602"/>
</kw>
<kw name="List Should Contain Value" owner="Collections">
<msg time="2024-04-26T18:17:18.554197" level="INFO">False</msg>
<arg>${list_country}</arg>
<arg>${name_country}</arg>
<doc>Fails if the ``value`` is not found from ``list``.</doc>
<status status="PASS" start="2024-04-26T18:17:18.553998" elapsed="0.000235"/>
</kw>
<kw name="Run Keyword If" owner="BuiltIn">
<kw name="Should Be True" owner="BuiltIn">
<arg>${True}</arg>
<doc>Fails if the given condition is not true.</doc>
<status status="PASS" start="2024-04-26T18:17:18.555304" elapsed="0.000141"/>
</kw>
<arg>${json_data["results"][0]["location"]["coordinates"]["latitude"]} &gt;= -90 and ${json_data["results"][0]["location"]["coordinates"]["latitude"]} &lt;= 90</arg>
<arg>Should Be True</arg>
<arg>${True}</arg>
<doc>Runs the given keyword with the given arguments, if ``condition`` is true.</doc>
<status status="PASS" start="2024-04-26T18:17:18.554565" elapsed="0.001004"/>
</kw>
<kw name="Run Keyword If" owner="BuiltIn">
<kw name="Should Be True" owner="BuiltIn">
<arg>${True}</arg>
<doc>Fails if the given condition is not true.</doc>
<status status="PASS" start="2024-04-26T18:17:18.556448" elapsed="0.000236"/>
</kw>
<arg>${json_data["results"][0]["location"]["coordinates"]["longitude"]} &gt;= -180 and ${json_data["results"][0]["location"]["coordinates"]["longitude"]} &lt;= 180</arg>
<arg>Should Be True</arg>
<arg>${True}</arg>
<doc>Runs the given keyword with the given arguments, if ``condition`` is true.</doc>
<status status="PASS" start="2024-04-26T18:17:18.555751" elapsed="0.001057"/>
</kw>
<status status="PASS" start="2024-04-26T18:17:18.456530" elapsed="0.100403"/>
</kw>
<doc>Testa o conteúdo específico dos campos retornados pela API.</doc>
<tag>testeConteudo</tag>
<status status="PASS" start="2024-04-26T18:17:18.456045" elapsed="0.101027"/>
</test>
<status status="PASS" start="2024-04-26T18:17:17.649303" elapsed="0.909704"/>
</suite>
<status status="PASS" start="2024-04-26T18:17:17.635908" elapsed="0.928194"/>
</suite>
<statistics>
<total>
<stat pass="5" fail="0" skip="0">All Tests</stat>
</total>
<tag>
<stat pass="1" fail="0" skip="0">testeConteudo</stat>
<stat pass="1" fail="0" skip="0">testeEstruturaResposta</stat>
<stat pass="1" fail="0" skip="0">testeRequisicaoBasica</stat>
<stat pass="1" fail="0" skip="0">testeTiposDados</stat>
</tag>
<suite>
<stat pass="5" fail="0" skip="0" id="s1" name="Tests">Tests</stat>
<stat pass="5" fail="0" skip="0" id="s1-s1" name="Random-User-Test">Tests.Random-User-Test</stat>
</suite>
</statistics>
<errors>
</errors>
</robot>
