<?xml version="1.0" encoding="UTF-8"?>
<robot generator="Robot 7.0 (Python 3.12.3 on linux)" generated="2024-06-01T14:13:22.430935" rpa="false" schemaversion="5">
<suite id="s1" name="Tests" source="/home/runner/work/ApiRandomUser/ApiRandomUser/RamdonUser/tests">
<suite id="s1-s1" name="Random-User-Test" source="/home/runner/work/ApiRandomUser/ApiRandomUser/RamdonUser/tests/random-user-test.robot">
<test id="s1-s1-t1" name="Conectar" line="13">
<kw name="Conectar API" owner="random-user-service">
<kw name="Create Session" owner="RequestsLibrary">
<msg time="2024-06-01T14:13:22.818112" level="INFO">Creating Session using : alias=consultarAPI, url=https://randomuser.me/, headers={},                     cookies={}, auth=None, timeout=None, proxies=None, verify=False,                     debug=0 </msg>
<arg>consultarAPI</arg>
<arg>${URL}</arg>
<doc>Create Session: create a HTTP session to a server</doc>
<status status="PASS" start="2024-06-01T14:13:22.817900" elapsed="0.000392"/>
</kw>
<status status="PASS" start="2024-06-01T14:13:22.816828" elapsed="0.001834"/>
</kw>
<status status="PASS" start="2024-06-01T14:13:22.816149" elapsed="0.002709"/>
</test>
<test id="s1-s1-t2" name="Validar retorno 200 e JSON Válido" line="16">
<kw name="Teste de Requisicao Basica" owner="random-user-service">
<kw name="GET On Session" owner="RequestsLibrary">
<msg time="2024-06-01T14:13:23.062320" level="INFO">GET Request : url=https://randomuser.me/api 
 path_url=/api 
 headers={'User-Agent': 'python-requests/2.32.3', 'Accept-Encoding': 'gzip, deflate', 'Accept': '*/*', 'Connection': 'keep-alive'} 
 body=None 
 </msg>
<msg time="2024-06-01T14:13:23.062478" level="INFO">GET Response : url=https://randomuser.me/api 
 status=200, reason=OK 
 headers={'Date': 'Sat, 01 Jun 2024 14:13:23 GMT', 'Content-Type': 'application/json; charset=utf-8', 'Transfer-Encoding': 'chunked', 'Connection': 'keep-alive', 'X-Powered-By': 'Express', 'Access-Control-Allow-Origin': '*', 'Cache-Control': 'no-cache', 'ETag': 'W/"477-9bSZqJ6N2L8NUIAm6Qwww5rcfSU"', 'Vary': 'Accept-Encoding', 'Content-Encoding': 'gzip', 'CF-Cache-Status': 'DYNAMIC', 'Report-To': '{"endpoints":[{"url":"https:\\/\\/a.nel.cloudflare.com\\/report\\/v4?s=VlK5ZSPA%2FeFGcWQfKQID84GMZBPW36w1zpy94qqTpv%2Bnt4v0w8ieYAVsXEX50n5Fnf7V72mYvRZBLTQKXHshif9mfg6SgJe2jRAhmbqFo7fAxm%2FxmUj6ej7BZj3Dqf00"}],"group":"cf-nel","max_age":604800}', 'NEL': '{"success_fraction":0,"report_to":"cf-nel","max_age":604800}', 'Server': 'cloudflare', 'CF-RAY': '88cfcdd2898a6093-ORD', 'alt-svc': 'h3=":443"; ma=86400'} 
 body={"results":[{"gender":"male","name":{"title":"Mr","first":"Joe","last":"Burton"},"location":{"street":{"number":5195,"name":"York Road"},"city":"Ballina","state":"Dublin City","country":"Ireland","postcode":60932,"coordinates":{"latitude":"4.1364","longitude":"-9.3853"},"timezone":{"offset":"+7:00","description":"Bangkok, Hanoi, Jakarta"}},"email":"joe.burton@example.com","login":{"uuid":"81d8f139-2878-4b5f-8461-8ebfd4bf27d0","username":"happybutterfly568","password":"cypress","salt":"iGDGSw8q","md5":"83f21f8d4b751f3f0e7a1b4f819a8b8c","sha1":"5f3cd3d9f9f04195045259e488bad2cdac28d106","sha256":"c4cad83dfe369bd23f163fd5bee691df4931dc8cb5bd2c55861de8c30fb562fa"},"dob":{"date":"1995-05-22T22:03:23.998Z","age":29},"registered":{"date":"2016-07-14T19:31:35.378Z","age":7},"phone":"061-379-1480","cell":"081-229-9873","id":{"name":"PPS","value":"0498661T"},"picture":{"large":"https://randomuser.me/api/portraits/men/94.jpg","medium":"https://randomuser.me/api/portraits/med/men/94.jpg","thumbnail":"https://randomuser.me/api/portraits/thumb/men/94.jpg"},"nat":"IE"}],"info":{"seed":"b3b04662c164ac17","results":1,"page":1,"version":"1.4"}} 
 </msg>
<msg time="2024-06-01T14:13:23.062564" level="INFO">/opt/hostedtoolcache/Python/3.12.3/x64/lib/python3.12/site-packages/urllib3/connectionpool.py:1103: InsecureRequestWarning: Unverified HTTPS request is being made to host 'randomuser.me'. Adding certificate verification is strongly advised. See: https://urllib3.readthedocs.io/en/latest/advanced-usage.html#tls-warnings
  warnings.warn(</msg>
<msg time="2024-06-01T14:13:23.062727" level="INFO">${response} = &lt;Response [200]&gt;</msg>
<var>${response}</var>
<arg>consultarAPI</arg>
<arg>/api</arg>
<doc>Sends a GET request on a previously created HTTP Session.</doc>
<status status="PASS" start="2024-06-01T14:13:22.821608" elapsed="0.241163"/>
</kw>
<kw name="Should Be Equal As Numbers" owner="BuiltIn">
<msg time="2024-06-01T14:13:23.063961" level="INFO">Argument types are:
&lt;class 'int'&gt;
&lt;class 'str'&gt;</msg>
<arg>${response.status_code}</arg>
<arg>200</arg>
<doc>Fails if objects are unequal after converting them to real numbers.</doc>
<status status="PASS" start="2024-06-01T14:13:23.063442" elapsed="0.000593"/>
</kw>
<kw name="Log" owner="BuiltIn">
<msg time="2024-06-01T14:13:23.064835" level="INFO">200</msg>
<arg>${response.status_code}</arg>
<doc>Logs the given message with the given level.</doc>
<status status="PASS" start="2024-06-01T14:13:23.064459" elapsed="0.000428"/>
</kw>
<kw name="Set Variable" owner="BuiltIn">
<msg time="2024-06-01T14:13:23.065679" level="INFO">${json_data} = {'results': [{'gender': 'male', 'name': {'title': 'Mr', 'first': 'Joe', 'last': 'Burton'}, 'location': {'street': {'number': 5195, 'name': 'York Road'}, 'city': 'Ballina', 'state': 'Dublin City', 'cou...</msg>
<var>${json_data}</var>
<arg>${response.json()}</arg>
<doc>Returns the given values which can then be assigned to a variables.</doc>
<status status="PASS" start="2024-06-01T14:13:23.065224" elapsed="0.000486"/>
</kw>
<kw name="Dictionary Should Contain Key" owner="Collections">
<msg time="2024-06-01T14:13:23.066206" level="INFO">False</msg>
<arg>${json_data}</arg>
<arg>results</arg>
<doc>Fails if ``key`` is not found from ``dictionary``.</doc>
<status status="PASS" start="2024-06-01T14:13:23.066026" elapsed="0.000395"/>
</kw>
<status status="PASS" start="2024-06-01T14:13:22.821354" elapsed="0.245342"/>
</kw>
<doc>Testa se a API responde corretamente e retorna um objeto JSON válido.</doc>
<tag>testeRequisicaoBasica</tag>
<status status="PASS" start="2024-06-01T14:13:22.820797" elapsed="0.246087"/>
</test>
<test id="s1-s1-t3" name="Validar estrutura de resposta" line="22">
<kw name="Teste de Estrutura de Resposta" owner="random-user-service">
<kw name="GET On Session" owner="RequestsLibrary">
<msg time="2024-06-01T14:13:23.109727" level="INFO">GET Request : url=https://randomuser.me/api 
 path_url=/api 
 headers={'User-Agent': 'python-requests/2.32.3', 'Accept-Encoding': 'gzip, deflate', 'Accept': '*/*', 'Connection': 'keep-alive'} 
 body=None 
 </msg>
<msg time="2024-06-01T14:13:23.109803" level="INFO">GET Response : url=https://randomuser.me/api 
 status=200, reason=OK 
 headers={'Date': 'Sat, 01 Jun 2024 14:13:23 GMT', 'Content-Type': 'application/json; charset=utf-8', 'Transfer-Encoding': 'chunked', 'Connection': 'keep-alive', 'X-Powered-By': 'Express', 'Access-Control-Allow-Origin': '*', 'Cache-Control': 'no-cache', 'ETag': 'W/"48a-1euN5K9DfbLRcPwHd+ELDW44sKs"', 'Vary': 'Accept-Encoding', 'Content-Encoding': 'gzip', 'CF-Cache-Status': 'DYNAMIC', 'Report-To': '{"endpoints":[{"url":"https:\\/\\/a.nel.cloudflare.com\\/report\\/v4?s=RdOyeTxb1X7kTvJji0lkgoKt0HvExQed9IoOU%2BvKirQjBnCvw7J2%2B%2BcrodsyV5x9hlaNDNI69aTS9h7gj2kZzTty5eqk8JRA204WYd9A6xpRB%2BzIyAOiUL4zUBKD%2Bs6f"}],"group":"cf-nel","max_age":604800}', 'NEL': '{"success_fraction":0,"report_to":"cf-nel","max_age":604800}', 'Server': 'cloudflare', 'CF-RAY': '88cfcdd33a676093-ORD', 'alt-svc': 'h3=":443"; ma=86400'} 
 body={"results":[{"gender":"male","name":{"title":"Mr","first":"Richard","last":"Little"},"location":{"street":{"number":342,"name":"Church Street"},"city":"Kingston upon Hull","state":"Borders","country":"United Kingdom","postcode":"KT81 5ND","coordinates":{"latitude":"-6.6759","longitude":"-35.2801"},"timezone":{"offset":"-2:00","description":"Mid-Atlantic"}},"email":"richard.little@example.com","login":{"uuid":"c8602604-65b3-48fd-8879-80a034d076c3","username":"lazymouse562","password":"lizard","salt":"ytRmH9Za","md5":"ef02133eae5d4ab0edc2c5a0d4e7156f","sha1":"8d0249913c5100aac17ed401b448d2e4839d53ce","sha256":"72c72fd1deaeea9740d88bb88d4df7e2ab123d4cc958bc330310aa70ab360936"},"dob":{"date":"1947-07-08T14:02:54.087Z","age":76},"registered":{"date":"2015-07-16T07:03:19.842Z","age":8},"phone":"0121 538 3828","cell":"07548 915938","id":{"name":"NINO","value":"YB 35 12 87 V"},"picture":{"large":"https://randomuser.me/api/portraits/men/1.jpg","medium":"https://randomuser.me/api/portraits/med/men/1.jpg","thumbnail":"https://randomuser.me/api/portraits/thumb/men/1.jpg"},"nat":"GB"}],"info":{"seed":"577a52925eb97ffe","results":1,"page":1,"version":"1.4"}} 
 </msg>
<msg time="2024-06-01T14:13:23.109911" level="INFO">/opt/hostedtoolcache/Python/3.12.3/x64/lib/python3.12/site-packages/urllib3/connectionpool.py:1103: InsecureRequestWarning: Unverified HTTPS request is being made to host 'randomuser.me'. Adding certificate verification is strongly advised. See: https://urllib3.readthedocs.io/en/latest/advanced-usage.html#tls-warnings
  warnings.warn(</msg>
<msg time="2024-06-01T14:13:23.110024" level="INFO">${response} = &lt;Response [200]&gt;</msg>
<var>${response}</var>
<arg>consultarAPI</arg>
<arg>/api</arg>
<doc>Sends a GET request on a previously created HTTP Session.</doc>
<status status="PASS" start="2024-06-01T14:13:23.069650" elapsed="0.040415"/>
</kw>
<kw name="Set Variable" owner="BuiltIn">
<msg time="2024-06-01T14:13:23.111164" level="INFO">${json_data} = {'results': [{'gender': 'male', 'name': {'title': 'Mr', 'first': 'Richard', 'last': 'Little'}, 'location': {'street': {'number': 342, 'name': 'Church Street'}, 'city': 'Kingston upon Hull', 'state': '...</msg>
<var>${json_data}</var>
<arg>${response.json()}</arg>
<doc>Returns the given values which can then be assigned to a variables.</doc>
<status status="PASS" start="2024-06-01T14:13:23.110578" elapsed="0.000616"/>
</kw>
<kw name="Log" owner="BuiltIn">
<msg time="2024-06-01T14:13:23.111689" level="INFO">{'results': [{'gender': 'male', 'name': {'title': 'Mr', 'first': 'Richard', 'last': 'Little'}, 'location': {'street': {'number': 342, 'name': 'Church Street'}, 'city': 'Kingston upon Hull', 'state': 'Borders', 'country': 'United Kingdom', 'postcode': 'KT81 5ND', 'coordinates': {'latitude': '-6.6759', 'longitude': '-35.2801'}, 'timezone': {'offset': '-2:00', 'description': 'Mid-Atlantic'}}, 'email': 'richard.little@example.com', 'login': {'uuid': 'c8602604-65b3-48fd-8879-80a034d076c3', 'username': 'lazymouse562', 'password': 'lizard', 'salt': 'ytRmH9Za', 'md5': 'ef02133eae5d4ab0edc2c5a0d4e7156f', 'sha1': '8d0249913c5100aac17ed401b448d2e4839d53ce', 'sha256': '72c72fd1deaeea9740d88bb88d4df7e2ab123d4cc958bc330310aa70ab360936'}, 'dob': {'date': '1947-07-08T14:02:54.087Z', 'age': 76}, 'registered': {'date': '2015-07-16T07:03:19.842Z', 'age': 8}, 'phone': '0121 538 3828', 'cell': '07548 915938', 'id': {'name': 'NINO', 'value': 'YB 35 12 87 V'}, 'picture': {'large': 'https://randomuser.me/api/portraits/men/1.jpg', 'medium': 'https://randomuser.me/api/portraits/med/men/1.jpg', 'thumbnail': 'https://randomuser.me/api/portraits/thumb/men/1.jpg'}, 'nat': 'GB'}], 'info': {'seed': '577a52925eb97ffe', 'results': 1, 'page': 1, 'version': '1.4'}}</msg>
<arg>${json_data}</arg>
<doc>Logs the given message with the given level.</doc>
<status status="PASS" start="2024-06-01T14:13:23.111528" elapsed="0.000210"/>
</kw>
<kw name="Dictionary Should Contain Key" owner="Collections">
<msg time="2024-06-01T14:13:23.112223" level="INFO">False</msg>
<arg>${json_data}</arg>
<arg>results</arg>
<doc>Fails if ``key`` is not found from ``dictionary``.</doc>
<status status="PASS" start="2024-06-01T14:13:23.112037" elapsed="0.000241"/>
</kw>
<kw name="Should Not Be Empty" owner="BuiltIn">
<msg time="2024-06-01T14:13:23.112727" level="INFO">Length is 2.</msg>
<arg>${json_data}</arg>
<doc>Verifies that the given item is not empty.</doc>
<status status="PASS" start="2024-06-01T14:13:23.112593" elapsed="0.000174"/>
</kw>
<kw name="Create List" owner="BuiltIn">
<msg time="2024-06-01T14:13:23.113212" level="INFO">${expected_keys} = ['gender', 'name', 'location', 'email', 'login']</msg>
<var>${expected_keys}</var>
<arg>gender</arg>
<arg>name</arg>
<arg>location</arg>
<arg>email</arg>
<arg>login</arg>
<doc>Returns a list containing given items.</doc>
<status status="PASS" start="2024-06-01T14:13:23.113063" elapsed="0.000172"/>
</kw>
<for flavor="IN">
<iter>
<kw name="Dictionary Should Contain Key" owner="Collections">
<msg time="2024-06-01T14:13:23.114234" level="INFO">False</msg>
<arg>${json_data['results'][0]}</arg>
<arg>${key}</arg>
<doc>Fails if ``key`` is not found from ``dictionary``.</doc>
<status status="PASS" start="2024-06-01T14:13:23.113828" elapsed="0.000450"/>
</kw>
<kw name="Log" owner="BuiltIn">
<msg time="2024-06-01T14:13:23.114953" level="INFO">{'gender': 'male', 'name': {'title': 'Mr', 'first': 'Richard', 'last': 'Little'}, 'location': {'street': {'number': 342, 'name': 'Church Street'}, 'city': 'Kingston upon Hull', 'state': 'Borders', 'country': 'United Kingdom', 'postcode': 'KT81 5ND', 'coordinates': {'latitude': '-6.6759', 'longitude': '-35.2801'}, 'timezone': {'offset': '-2:00', 'description': 'Mid-Atlantic'}}, 'email': 'richard.little@example.com', 'login': {'uuid': 'c8602604-65b3-48fd-8879-80a034d076c3', 'username': 'lazymouse562', 'password': 'lizard', 'salt': 'ytRmH9Za', 'md5': 'ef02133eae5d4ab0edc2c5a0d4e7156f', 'sha1': '8d0249913c5100aac17ed401b448d2e4839d53ce', 'sha256': '72c72fd1deaeea9740d88bb88d4df7e2ab123d4cc958bc330310aa70ab360936'}, 'dob': {'date': '1947-07-08T14:02:54.087Z', 'age': 76}, 'registered': {'date': '2015-07-16T07:03:19.842Z', 'age': 8}, 'phone': '0121 538 3828', 'cell': '07548 915938', 'id': {'name': 'NINO', 'value': 'YB 35 12 87 V'}, 'picture': {'large': 'https://randomuser.me/api/portraits/men/1.jpg', 'medium': 'https://randomuser.me/api/portraits/med/men/1.jpg', 'thumbnail': 'https://randomuser.me/api/portraits/thumb/men/1.jpg'}, 'nat': 'GB'}</msg>
<arg>${json_data['results'][0]}</arg>
<doc>Logs the given message with the given level.</doc>
<status status="PASS" start="2024-06-01T14:13:23.114586" elapsed="0.000416"/>
</kw>
<kw name="Log" owner="BuiltIn">
<msg time="2024-06-01T14:13:23.115442" level="INFO">gender</msg>
<arg>${key}</arg>
<doc>Logs the given message with the given level.</doc>
<status status="PASS" start="2024-06-01T14:13:23.115304" elapsed="0.000176"/>
</kw>
<var name="${key}">gender</var>
<status status="PASS" start="2024-06-01T14:13:23.113700" elapsed="0.001995"/>
</iter>
<iter>
<kw name="Dictionary Should Contain Key" owner="Collections">
<msg time="2024-06-01T14:13:23.116420" level="INFO">False</msg>
<arg>${json_data['results'][0]}</arg>
<arg>${key}</arg>
<doc>Fails if ``key`` is not found from ``dictionary``.</doc>
<status status="PASS" start="2024-06-01T14:13:23.116002" elapsed="0.000457"/>
</kw>
<kw name="Log" owner="BuiltIn">
<msg time="2024-06-01T14:13:23.117144" level="INFO">{'gender': 'male', 'name': {'title': 'Mr', 'first': 'Richard', 'last': 'Little'}, 'location': {'street': {'number': 342, 'name': 'Church Street'}, 'city': 'Kingston upon Hull', 'state': 'Borders', 'country': 'United Kingdom', 'postcode': 'KT81 5ND', 'coordinates': {'latitude': '-6.6759', 'longitude': '-35.2801'}, 'timezone': {'offset': '-2:00', 'description': 'Mid-Atlantic'}}, 'email': 'richard.little@example.com', 'login': {'uuid': 'c8602604-65b3-48fd-8879-80a034d076c3', 'username': 'lazymouse562', 'password': 'lizard', 'salt': 'ytRmH9Za', 'md5': 'ef02133eae5d4ab0edc2c5a0d4e7156f', 'sha1': '8d0249913c5100aac17ed401b448d2e4839d53ce', 'sha256': '72c72fd1deaeea9740d88bb88d4df7e2ab123d4cc958bc330310aa70ab360936'}, 'dob': {'date': '1947-07-08T14:02:54.087Z', 'age': 76}, 'registered': {'date': '2015-07-16T07:03:19.842Z', 'age': 8}, 'phone': '0121 538 3828', 'cell': '07548 915938', 'id': {'name': 'NINO', 'value': 'YB 35 12 87 V'}, 'picture': {'large': 'https://randomuser.me/api/portraits/men/1.jpg', 'medium': 'https://randomuser.me/api/portraits/med/men/1.jpg', 'thumbnail': 'https://randomuser.me/api/portraits/thumb/men/1.jpg'}, 'nat': 'GB'}</msg>
<arg>${json_data['results'][0]}</arg>
<doc>Logs the given message with the given level.</doc>
<status status="PASS" start="2024-06-01T14:13:23.116788" elapsed="0.000404"/>
</kw>
<kw name="Log" owner="BuiltIn">
<msg time="2024-06-01T14:13:23.117621" level="INFO">name</msg>
<arg>${key}</arg>
<doc>Logs the given message with the given level.</doc>
<status status="PASS" start="2024-06-01T14:13:23.117494" elapsed="0.000164"/>
</kw>
<var name="${key}">name</var>
<status status="PASS" start="2024-06-01T14:13:23.115884" elapsed="0.001994"/>
</iter>
<iter>
<kw name="Dictionary Should Contain Key" owner="Collections">
<msg time="2024-06-01T14:13:23.118541" level="INFO">False</msg>
<arg>${json_data['results'][0]}</arg>
<arg>${key}</arg>
<doc>Fails if ``key`` is not found from ``dictionary``.</doc>
<status status="PASS" start="2024-06-01T14:13:23.118168" elapsed="0.000411"/>
</kw>
<kw name="Log" owner="BuiltIn">
<msg time="2024-06-01T14:13:23.119246" level="INFO">{'gender': 'male', 'name': {'title': 'Mr', 'first': 'Richard', 'last': 'Little'}, 'location': {'street': {'number': 342, 'name': 'Church Street'}, 'city': 'Kingston upon Hull', 'state': 'Borders', 'country': 'United Kingdom', 'postcode': 'KT81 5ND', 'coordinates': {'latitude': '-6.6759', 'longitude': '-35.2801'}, 'timezone': {'offset': '-2:00', 'description': 'Mid-Atlantic'}}, 'email': 'richard.little@example.com', 'login': {'uuid': 'c8602604-65b3-48fd-8879-80a034d076c3', 'username': 'lazymouse562', 'password': 'lizard', 'salt': 'ytRmH9Za', 'md5': 'ef02133eae5d4ab0edc2c5a0d4e7156f', 'sha1': '8d0249913c5100aac17ed401b448d2e4839d53ce', 'sha256': '72c72fd1deaeea9740d88bb88d4df7e2ab123d4cc958bc330310aa70ab360936'}, 'dob': {'date': '1947-07-08T14:02:54.087Z', 'age': 76}, 'registered': {'date': '2015-07-16T07:03:19.842Z', 'age': 8}, 'phone': '0121 538 3828', 'cell': '07548 915938', 'id': {'name': 'NINO', 'value': 'YB 35 12 87 V'}, 'picture': {'large': 'https://randomuser.me/api/portraits/men/1.jpg', 'medium': 'https://randomuser.me/api/portraits/med/men/1.jpg', 'thumbnail': 'https://randomuser.me/api/portraits/thumb/men/1.jpg'}, 'nat': 'GB'}</msg>
<arg>${json_data['results'][0]}</arg>
<doc>Logs the given message with the given level.</doc>
<status status="PASS" start="2024-06-01T14:13:23.118883" elapsed="0.000411"/>
</kw>
<kw name="Log" owner="BuiltIn">
<msg time="2024-06-01T14:13:23.119739" level="INFO">location</msg>
<arg>${key}</arg>
<doc>Logs the given message with the given level.</doc>
<status status="PASS" start="2024-06-01T14:13:23.119611" elapsed="0.000165"/>
</kw>
<var name="${key}">location</var>
<status status="PASS" start="2024-06-01T14:13:23.118055" elapsed="0.001934"/>
</iter>
<iter>
<kw name="Dictionary Should Contain Key" owner="Collections">
<msg time="2024-06-01T14:13:23.120814" level="INFO">False</msg>
<arg>${json_data['results'][0]}</arg>
<arg>${key}</arg>
<doc>Fails if ``key`` is not found from ``dictionary``.</doc>
<status status="PASS" start="2024-06-01T14:13:23.120304" elapsed="0.000549"/>
</kw>
<kw name="Log" owner="BuiltIn">
<msg time="2024-06-01T14:13:23.121517" level="INFO">{'gender': 'male', 'name': {'title': 'Mr', 'first': 'Richard', 'last': 'Little'}, 'location': {'street': {'number': 342, 'name': 'Church Street'}, 'city': 'Kingston upon Hull', 'state': 'Borders', 'country': 'United Kingdom', 'postcode': 'KT81 5ND', 'coordinates': {'latitude': '-6.6759', 'longitude': '-35.2801'}, 'timezone': {'offset': '-2:00', 'description': 'Mid-Atlantic'}}, 'email': 'richard.little@example.com', 'login': {'uuid': 'c8602604-65b3-48fd-8879-80a034d076c3', 'username': 'lazymouse562', 'password': 'lizard', 'salt': 'ytRmH9Za', 'md5': 'ef02133eae5d4ab0edc2c5a0d4e7156f', 'sha1': '8d0249913c5100aac17ed401b448d2e4839d53ce', 'sha256': '72c72fd1deaeea9740d88bb88d4df7e2ab123d4cc958bc330310aa70ab360936'}, 'dob': {'date': '1947-07-08T14:02:54.087Z', 'age': 76}, 'registered': {'date': '2015-07-16T07:03:19.842Z', 'age': 8}, 'phone': '0121 538 3828', 'cell': '07548 915938', 'id': {'name': 'NINO', 'value': 'YB 35 12 87 V'}, 'picture': {'large': 'https://randomuser.me/api/portraits/men/1.jpg', 'medium': 'https://randomuser.me/api/portraits/med/men/1.jpg', 'thumbnail': 'https://randomuser.me/api/portraits/thumb/men/1.jpg'}, 'nat': 'GB'}</msg>
<arg>${json_data['results'][0]}</arg>
<doc>Logs the given message with the given level.</doc>
<status status="PASS" start="2024-06-01T14:13:23.121160" elapsed="0.000416"/>
</kw>
<kw name="Log" owner="BuiltIn">
<msg time="2024-06-01T14:13:23.122000" level="INFO">email</msg>
<arg>${key}</arg>
<doc>Logs the given message with the given level.</doc>
<status status="PASS" start="2024-06-01T14:13:23.121871" elapsed="0.000166"/>
</kw>
<var name="${key}">email</var>
<status status="PASS" start="2024-06-01T14:13:23.120161" elapsed="0.002091"/>
</iter>
<iter>
<kw name="Dictionary Should Contain Key" owner="Collections">
<msg time="2024-06-01T14:13:23.122919" level="INFO">False</msg>
<arg>${json_data['results'][0]}</arg>
<arg>${key}</arg>
<doc>Fails if ``key`` is not found from ``dictionary``.</doc>
<status status="PASS" start="2024-06-01T14:13:23.122540" elapsed="0.000417"/>
</kw>
<kw name="Log" owner="BuiltIn">
<msg time="2024-06-01T14:13:23.123610" level="INFO">{'gender': 'male', 'name': {'title': 'Mr', 'first': 'Richard', 'last': 'Little'}, 'location': {'street': {'number': 342, 'name': 'Church Street'}, 'city': 'Kingston upon Hull', 'state': 'Borders', 'country': 'United Kingdom', 'postcode': 'KT81 5ND', 'coordinates': {'latitude': '-6.6759', 'longitude': '-35.2801'}, 'timezone': {'offset': '-2:00', 'description': 'Mid-Atlantic'}}, 'email': 'richard.little@example.com', 'login': {'uuid': 'c8602604-65b3-48fd-8879-80a034d076c3', 'username': 'lazymouse562', 'password': 'lizard', 'salt': 'ytRmH9Za', 'md5': 'ef02133eae5d4ab0edc2c5a0d4e7156f', 'sha1': '8d0249913c5100aac17ed401b448d2e4839d53ce', 'sha256': '72c72fd1deaeea9740d88bb88d4df7e2ab123d4cc958bc330310aa70ab360936'}, 'dob': {'date': '1947-07-08T14:02:54.087Z', 'age': 76}, 'registered': {'date': '2015-07-16T07:03:19.842Z', 'age': 8}, 'phone': '0121 538 3828', 'cell': '07548 915938', 'id': {'name': 'NINO', 'value': 'YB 35 12 87 V'}, 'picture': {'large': 'https://randomuser.me/api/portraits/men/1.jpg', 'medium': 'https://randomuser.me/api/portraits/med/men/1.jpg', 'thumbnail': 'https://randomuser.me/api/portraits/thumb/men/1.jpg'}, 'nat': 'GB'}</msg>
<arg>${json_data['results'][0]}</arg>
<doc>Logs the given message with the given level.</doc>
<status status="PASS" start="2024-06-01T14:13:23.123254" elapsed="0.000405"/>
</kw>
<kw name="Log" owner="BuiltIn">
<msg time="2024-06-01T14:13:23.124078" level="INFO">login</msg>
<arg>${key}</arg>
<doc>Logs the given message with the given level.</doc>
<status status="PASS" start="2024-06-01T14:13:23.123951" elapsed="0.000166"/>
</kw>
<var name="${key}">login</var>
<status status="PASS" start="2024-06-01T14:13:23.122427" elapsed="0.001963"/>
</iter>
<var>${key}</var>
<value>@{expected_keys}</value>
<status status="PASS" start="2024-06-01T14:13:23.113509" elapsed="0.011009"/>
</for>
<kw name="Create List" owner="BuiltIn">
<msg time="2024-06-01T14:13:23.124859" level="INFO">${expected_keysTwo} = ['username', 'password']</msg>
<var>${expected_keysTwo}</var>
<arg>username</arg>
<arg>password</arg>
<doc>Returns a list containing given items.</doc>
<status status="PASS" start="2024-06-01T14:13:23.124718" elapsed="0.000165"/>
</kw>
<for flavor="IN">
<iter>
<kw name="Dictionary Should Contain Key" owner="Collections">
<msg time="2024-06-01T14:13:23.125788" level="INFO">False</msg>
<arg>${json_data['results'][0]['login']}</arg>
<arg>${keyTwo}</arg>
<doc>Fails if ``key`` is not found from ``dictionary``.</doc>
<status status="PASS" start="2024-06-01T14:13:23.125392" elapsed="0.000433"/>
</kw>
<kw name="Dictionary Should Contain Key" owner="Collections">
<msg time="2024-06-01T14:13:23.126496" level="INFO">False</msg>
<arg>${json_data['results'][0]['login']}</arg>
<arg>${keyTwo}</arg>
<doc>Fails if ``key`` is not found from ``dictionary``.</doc>
<status status="PASS" start="2024-06-01T14:13:23.126122" elapsed="0.000410"/>
</kw>
<kw name="Log" owner="BuiltIn">
<msg time="2024-06-01T14:13:23.126951" level="INFO">username</msg>
<arg>${keyTwo}</arg>
<doc>Logs the given message with the given level.</doc>
<status status="PASS" start="2024-06-01T14:13:23.126822" elapsed="0.000167"/>
</kw>
<var name="${keyTwo}">username</var>
<status status="PASS" start="2024-06-01T14:13:23.125281" elapsed="0.001922"/>
</iter>
<iter>
<kw name="Dictionary Should Contain Key" owner="Collections">
<msg time="2024-06-01T14:13:23.127869" level="INFO">False</msg>
<arg>${json_data['results'][0]['login']}</arg>
<arg>${keyTwo}</arg>
<doc>Fails if ``key`` is not found from ``dictionary``.</doc>
<status status="PASS" start="2024-06-01T14:13:23.127487" elapsed="0.000419"/>
</kw>
<kw name="Dictionary Should Contain Key" owner="Collections">
<msg time="2024-06-01T14:13:23.128603" level="INFO">False</msg>
<arg>${json_data['results'][0]['login']}</arg>
<arg>${keyTwo}</arg>
<doc>Fails if ``key`` is not found from ``dictionary``.</doc>
<status status="PASS" start="2024-06-01T14:13:23.128218" elapsed="0.000422"/>
</kw>
<kw name="Log" owner="BuiltIn">
<msg time="2024-06-01T14:13:23.129065" level="INFO">password</msg>
<arg>${keyTwo}</arg>
<doc>Logs the given message with the given level.</doc>
<status status="PASS" start="2024-06-01T14:13:23.128936" elapsed="0.000167"/>
</kw>
<var name="${keyTwo}">password</var>
<status status="PASS" start="2024-06-01T14:13:23.127376" elapsed="0.001943"/>
</iter>
<var>${keyTwo}</var>
<value>@{expected_keysTwo}</value>
<status status="PASS" start="2024-06-01T14:13:23.125126" elapsed="0.004313"/>
</for>
<status status="PASS" start="2024-06-01T14:13:23.069397" elapsed="0.060186"/>
</kw>
<doc>Testa a estrutura da resposta da API.</doc>
<tag>testeEstruturaResposta</tag>
<status status="PASS" start="2024-06-01T14:13:23.068772" elapsed="0.060967"/>
</test>
<test id="s1-s1-t4" name="Validar tipos de dados" line="28">
<kw name="Teste de Tipos de Dados" owner="random-user-service">
<kw name="GET On Session" owner="RequestsLibrary">
<msg time="2024-06-01T14:13:23.239631" level="INFO">GET Request : url=https://randomuser.me/api 
 path_url=/api 
 headers={'User-Agent': 'python-requests/2.32.3', 'Accept-Encoding': 'gzip, deflate', 'Accept': '*/*', 'Connection': 'keep-alive'} 
 body=None 
 </msg>
<msg time="2024-06-01T14:13:23.239744" level="INFO">GET Response : url=https://randomuser.me/api 
 status=200, reason=OK 
 headers={'Date': 'Sat, 01 Jun 2024 14:13:23 GMT', 'Content-Type': 'application/json; charset=utf-8', 'Transfer-Encoding': 'chunked', 'Connection': 'keep-alive', 'X-Powered-By': 'Express', 'Access-Control-Allow-Origin': '*', 'Cache-Control': 'no-cache', 'ETag': 'W/"4a6-WLA8wsIJ57qCOAOeiXTH56AMjGk"', 'Vary': 'Accept-Encoding', 'Content-Encoding': 'gzip', 'CF-Cache-Status': 'DYNAMIC', 'Report-To': '{"endpoints":[{"url":"https:\\/\\/a.nel.cloudflare.com\\/report\\/v4?s=pssWOp6UlDg7Y9KxcItxtNR%2BHqwN0SPVJ0%2BPQEvHTOlPTz5rpaOxcUmR%2BCplKFyI6N53xS0x%2BZdfny%2BgVTrDBLmIuLz5lvTWqhaHHOFL%2BjM18PGeRkRuMbHe3kKQNI%2FI"}],"group":"cf-nel","max_age":604800}', 'NEL': '{"success_fraction":0,"report_to":"cf-nel","max_age":604800}', 'Server': 'cloudflare', 'CF-RAY': '88cfcdd39ac76093-ORD', 'alt-svc': 'h3=":443"; ma=86400'} 
 body={"results":[{"gender":"male","name":{"title":"Mr","first":"Vicente","last":"Urías"},"location":{"street":{"number":9763,"name":"Corredor Beltrán"},"city":"San José de las Moras","state":"Hidalgo","country":"Mexico","postcode":69016,"coordinates":{"latitude":"27.9335","longitude":"-39.9496"},"timezone":{"offset":"+9:00","description":"Tokyo, Seoul, Osaka, Sapporo, Yakutsk"}},"email":"vicente.urias@example.com","login":{"uuid":"fedf8b6a-6bed-4cdd-91e7-8571cb5edac8","username":"tinykoala550","password":"amstel","salt":"zR7YWZZd","md5":"e0d492625e9021195095649e178981f6","sha1":"b7f26df71ed33f2471aa53d7fab7244dff8c278d","sha256":"49aff11cca3e8e421cb6c9605019440368d92aa02175da58b7c9609a4567cb8f"},"dob":{"date":"1964-02-05T07:28:26.552Z","age":60},"registered":{"date":"2011-06-29T09:08:43.838Z","age":12},"phone":"(677) 388 6850","cell":"(632) 350 0023","id":{"name":"NSS","value":"19 72 34 2017 7"},"picture":{"large":"https://randomuser.me/api/portraits/men/10.jpg","medium":"https://randomuser.me/api/portraits/med/men/10.jpg","thumbnail":"https://randomuser.me/api/portraits/thumb/men/10.jpg"},"nat":"MX"}],"info":{"seed":"e45e79c41198fae6","results":1,"page":1,"version":"1.4"}} 
 </msg>
<msg time="2024-06-01T14:13:23.239829" level="INFO">/opt/hostedtoolcache/Python/3.12.3/x64/lib/python3.12/site-packages/urllib3/connectionpool.py:1103: InsecureRequestWarning: Unverified HTTPS request is being made to host 'randomuser.me'. Adding certificate verification is strongly advised. See: https://urllib3.readthedocs.io/en/latest/advanced-usage.html#tls-warnings
  warnings.warn(</msg>
<msg time="2024-06-01T14:13:23.239966" level="INFO">${response} = &lt;Response [200]&gt;</msg>
<var>${response}</var>
<arg>consultarAPI</arg>
<arg>/api</arg>
<doc>Sends a GET request on a previously created HTTP Session.</doc>
<status status="PASS" start="2024-06-01T14:13:23.132355" elapsed="0.107662"/>
</kw>
<kw name="Set Variable" owner="BuiltIn">
<msg time="2024-06-01T14:13:23.241150" level="INFO">${json_data} = {'results': [{'gender': 'male', 'name': {'title': 'Mr', 'first': 'Vicente', 'last': 'Urías'}, 'location': {'street': {'number': 9763, 'name': 'Corredor Beltrán'}, 'city': 'San José de las Moras', 'sta...</msg>
<var>${json_data}</var>
<arg>${response.json()}</arg>
<doc>Returns the given values which can then be assigned to a variables.</doc>
<status status="PASS" start="2024-06-01T14:13:23.240596" elapsed="0.000585"/>
</kw>
<kw name="Log" owner="BuiltIn">
<msg time="2024-06-01T14:13:23.241721" level="INFO">{'results': [{'gender': 'male', 'name': {'title': 'Mr', 'first': 'Vicente', 'last': 'Urías'}, 'location': {'street': {'number': 9763, 'name': 'Corredor Beltrán'}, 'city': 'San José de las Moras', 'state': 'Hidalgo', 'country': 'Mexico', 'postcode': 69016, 'coordinates': {'latitude': '27.9335', 'longitude': '-39.9496'}, 'timezone': {'offset': '+9:00', 'description': 'Tokyo, Seoul, Osaka, Sapporo, Yakutsk'}}, 'email': 'vicente.urias@example.com', 'login': {'uuid': 'fedf8b6a-6bed-4cdd-91e7-8571cb5edac8', 'username': 'tinykoala550', 'password': 'amstel', 'salt': 'zR7YWZZd', 'md5': 'e0d492625e9021195095649e178981f6', 'sha1': 'b7f26df71ed33f2471aa53d7fab7244dff8c278d', 'sha256': '49aff11cca3e8e421cb6c9605019440368d92aa02175da58b7c9609a4567cb8f'}, 'dob': {'date': '1964-02-05T07:28:26.552Z', 'age': 60}, 'registered': {'date': '2011-06-29T09:08:43.838Z', 'age': 12}, 'phone': '(677) 388 6850', 'cell': '(632) 350 0023', 'id': {'name': 'NSS', 'value': '19 72 34 2017 7'}, 'picture': {'large': 'https://randomuser.me/api/portraits/men/10.jpg', 'medium': 'https://randomuser.me/api/portraits/med/men/10.jpg', 'thumbnail': 'https://randomuser.me/api/portraits/thumb/men/10.jpg'}, 'nat': 'MX'}], 'info': {'seed': 'e45e79c41198fae6', 'results': 1, 'page': 1, 'version': '1.4'}}</msg>
<arg>${json_data}</arg>
<doc>Logs the given message with the given level.</doc>
<status status="PASS" start="2024-06-01T14:13:23.241538" elapsed="0.000276"/>
</kw>
<kw name="Should Be String" owner="String">
<arg>${json_data['results'][0]['gender']}</arg>
<doc>Fails if the given ``item`` is not a string.</doc>
<status status="PASS" start="2024-06-01T14:13:23.242140" elapsed="0.000393"/>
</kw>
<kw name="Should Match Regexp" owner="BuiltIn">
<arg>${json_data['results'][0]['email']}</arg>
<arg>^[a-zA-Z0-9._%+-]+@[a-zA-Z0-9.-]+\.[a-zA-Z]{2,}$</arg>
<doc>Fails if ``string`` does not match ``pattern`` as a regular expression.</doc>
<status status="PASS" start="2024-06-01T14:13:23.242737" elapsed="0.000693"/>
</kw>
<kw name="Should Match Regexp" owner="BuiltIn">
<arg>${json_data['results'][0]['dob']['date']}</arg>
<arg>\\d{4}-\\d{2}-\\d{2}T\\d{2}:\\d{2}:\\d{2}\\.\\d{3}Z</arg>
<doc>Fails if ``string`` does not match ``pattern`` as a regular expression.</doc>
<status status="PASS" start="2024-06-01T14:13:23.243638" elapsed="0.000502"/>
</kw>
<kw name="Should Match Regexp" owner="BuiltIn">
<arg>${json_data['results'][0]['registered']['date']}</arg>
<arg>\\d{4}-\\d{2}-\\d{2}T\\d{2}:\\d{2}:\\d{2}\\.\\d{3}Z</arg>
<doc>Fails if ``string`` does not match ``pattern`` as a regular expression.</doc>
<status status="PASS" start="2024-06-01T14:13:23.244386" elapsed="0.000387"/>
</kw>
<kw name="Should Match Regexp" owner="BuiltIn">
<arg>${json_data['results'][0]['picture']['large']}</arg>
<arg>^https?://.*\.(?:png|jpe?g|gif|bmp)$</arg>
<doc>Fails if ``string`` does not match ``pattern`` as a regular expression.</doc>
<status status="PASS" start="2024-06-01T14:13:23.244969" elapsed="0.000470"/>
</kw>
<kw name="Should Match Regexp" owner="BuiltIn">
<arg>${json_data['results'][0]['picture']['medium']}</arg>
<arg>^https?://.*\.(?:png|jpe?g|gif|bmp)$</arg>
<doc>Fails if ``string`` does not match ``pattern`` as a regular expression.</doc>
<status status="PASS" start="2024-06-01T14:13:23.245636" elapsed="0.000352"/>
</kw>
<kw name="Should Match Regexp" owner="BuiltIn">
<arg>${json_data['results'][0]['picture']['thumbnail']}</arg>
<arg>^https?://.*\.(?:png|jpe?g|gif|bmp)$</arg>
<doc>Fails if ``string`` does not match ``pattern`` as a regular expression.</doc>
<status status="PASS" start="2024-06-01T14:13:23.246177" elapsed="0.000347"/>
</kw>
<kw name="Log" owner="BuiltIn">
<msg time="2024-06-01T14:13:23.247029" level="INFO">{'large': 'https://randomuser.me/api/portraits/men/10.jpg', 'medium': 'https://randomuser.me/api/portraits/med/men/10.jpg', 'thumbnail': 'https://randomuser.me/api/portraits/thumb/men/10.jpg'}</msg>
<arg>${json_data['results'][0]['picture']}</arg>
<doc>Logs the given message with the given level.</doc>
<status status="PASS" start="2024-06-01T14:13:23.246707" elapsed="0.000364"/>
</kw>
<status status="PASS" start="2024-06-01T14:13:23.132080" elapsed="0.115254"/>
</kw>
<kw name="Teste de Tipos de Dados - Postcode" owner="random-user-service">
<kw name="GET On Session" owner="RequestsLibrary">
<msg time="2024-06-01T14:13:23.312333" level="INFO">GET Request : url=https://randomuser.me/api 
 path_url=/api 
 headers={'User-Agent': 'python-requests/2.32.3', 'Accept-Encoding': 'gzip, deflate', 'Accept': '*/*', 'Connection': 'keep-alive'} 
 body=None 
 </msg>
<msg time="2024-06-01T14:13:23.312435" level="INFO">GET Response : url=https://randomuser.me/api 
 status=200, reason=OK 
 headers={'Date': 'Sat, 01 Jun 2024 14:13:23 GMT', 'Content-Type': 'application/json; charset=utf-8', 'Transfer-Encoding': 'chunked', 'Connection': 'keep-alive', 'X-Powered-By': 'Express', 'Access-Control-Allow-Origin': '*', 'Cache-Control': 'no-cache', 'ETag': 'W/"497-3I6+H36sxkCYeaEvR/FWfnDa/uU"', 'Vary': 'Accept-Encoding', 'Content-Encoding': 'gzip', 'CF-Cache-Status': 'DYNAMIC', 'Report-To': '{"endpoints":[{"url":"https:\\/\\/a.nel.cloudflare.com\\/report\\/v4?s=PJvs5JwAmAQmRn6A1jogdwFyJRF1GqBg2JMwImqf1xoEFxH9p1mWPOcCyHgrhXmdMCG6bhCKndHpbt9HSiU631ExqYx2NUHdPlHAh7VNm8AP4bYthXLtNoXS8ks4rmXx"}],"group":"cf-nel","max_age":604800}', 'NEL': '{"success_fraction":0,"report_to":"cf-nel","max_age":604800}', 'Server': 'cloudflare', 'CF-RAY': '88cfcdd44b626093-ORD', 'alt-svc': 'h3=":443"; ma=86400'} 
 body={"results":[{"gender":"female","name":{"title":"Mademoiselle","first":"Enya","last":"Perrin"},"location":{"street":{"number":5256,"name":"Rue du Village"},"city":"Wittenbach","state":"Aargau","country":"Switzerland","postcode":1971,"coordinates":{"latitude":"-63.8965","longitude":"27.9725"},"timezone":{"offset":"-1:00","description":"Azores, Cape Verde Islands"}},"email":"enya.perrin@example.com","login":{"uuid":"4cd68df0-8463-4158-b638-2e99931951ae","username":"lazycat916","password":"cards","salt":"qynhuITz","md5":"4091b1672d303e4caa937ab38563b8e3","sha1":"09570b6b24433b76cba9d4229c50ae2089e81d2f","sha256":"990592a56b3bc0de85f841e3b72722f296034fe87824ffc4d7db6dedec206a5c"},"dob":{"date":"1977-11-05T06:10:17.301Z","age":46},"registered":{"date":"2014-09-07T05:13:04.124Z","age":9},"phone":"077 306 99 49","cell":"078 232 09 62","id":{"name":"AVS","value":"756.4425.8861.70"},"picture":{"large":"https://randomuser.me/api/portraits/women/59.jpg","medium":"https://randomuser.me/api/portraits/med/women/59.jpg","thumbnail":"https://randomuser.me/api/portraits/thumb/women/59.jpg"},"nat":"CH"}],"info":{"seed":"2a7f135854877eac","results":1,"page":1,"version":"1.4"}} 
 </msg>
<msg time="2024-06-01T14:13:23.312513" level="INFO">/opt/hostedtoolcache/Python/3.12.3/x64/lib/python3.12/site-packages/urllib3/connectionpool.py:1103: InsecureRequestWarning: Unverified HTTPS request is being made to host 'randomuser.me'. Adding certificate verification is strongly advised. See: https://urllib3.readthedocs.io/en/latest/advanced-usage.html#tls-warnings
  warnings.warn(</msg>
<msg time="2024-06-01T14:13:23.312643" level="INFO">${response} = &lt;Response [200]&gt;</msg>
<var>${response}</var>
<arg>consultarAPI</arg>
<arg>/api</arg>
<doc>Sends a GET request on a previously created HTTP Session.</doc>
<status status="PASS" start="2024-06-01T14:13:23.247800" elapsed="0.064893"/>
</kw>
<kw name="Set Variable" owner="BuiltIn">
<msg time="2024-06-01T14:13:23.313731" level="INFO">${json_data} = {'results': [{'gender': 'female', 'name': {'title': 'Mademoiselle', 'first': 'Enya', 'last': 'Perrin'}, 'location': {'street': {'number': 5256, 'name': 'Rue du Village'}, 'city': 'Wittenbach', 'state'...</msg>
<var>${json_data}</var>
<arg>${response.json()}</arg>
<doc>Returns the given values which can then be assigned to a variables.</doc>
<status status="PASS" start="2024-06-01T14:13:23.313222" elapsed="0.000539"/>
</kw>
<kw name="Log" owner="BuiltIn">
<msg time="2024-06-01T14:13:23.314257" level="INFO">{'results': [{'gender': 'female', 'name': {'title': 'Mademoiselle', 'first': 'Enya', 'last': 'Perrin'}, 'location': {'street': {'number': 5256, 'name': 'Rue du Village'}, 'city': 'Wittenbach', 'state': 'Aargau', 'country': 'Switzerland', 'postcode': 1971, 'coordinates': {'latitude': '-63.8965', 'longitude': '27.9725'}, 'timezone': {'offset': '-1:00', 'description': 'Azores, Cape Verde Islands'}}, 'email': 'enya.perrin@example.com', 'login': {'uuid': '4cd68df0-8463-4158-b638-2e99931951ae', 'username': 'lazycat916', 'password': 'cards', 'salt': 'qynhuITz', 'md5': '4091b1672d303e4caa937ab38563b8e3', 'sha1': '09570b6b24433b76cba9d4229c50ae2089e81d2f', 'sha256': '990592a56b3bc0de85f841e3b72722f296034fe87824ffc4d7db6dedec206a5c'}, 'dob': {'date': '1977-11-05T06:10:17.301Z', 'age': 46}, 'registered': {'date': '2014-09-07T05:13:04.124Z', 'age': 9}, 'phone': '077 306 99 49', 'cell': '078 232 09 62', 'id': {'name': 'AVS', 'value': '756.4425.8861.70'}, 'picture': {'large': 'https://randomuser.me/api/portraits/women/59.jpg', 'medium': 'https://randomuser.me/api/portraits/med/women/59.jpg', 'thumbnail': 'https://randomuser.me/api/portraits/thumb/women/59.jpg'}, 'nat': 'CH'}], 'info': {'seed': '2a7f135854877eac', 'results': 1, 'page': 1, 'version': '1.4'}}</msg>
<arg>${json_data}</arg>
<doc>Logs the given message with the given level.</doc>
<status status="PASS" start="2024-06-01T14:13:23.314095" elapsed="0.000248"/>
</kw>
<kw name="Should Be Equal As Numbers" owner="BuiltIn">
<arg>${json_data['results'][0]['location']['postcode']}</arg>
<arg>${json_data['results'][0]['location']['postcode']}</arg>
<doc>Fails if objects are unequal after converting them to real numbers.</doc>
<status status="PASS" start="2024-06-01T14:13:23.314656" elapsed="0.000648"/>
</kw>
<kw name="Log" owner="BuiltIn">
<msg time="2024-06-01T14:13:23.315846" level="INFO">1971</msg>
<arg>${json_data['results'][0]['location']['postcode']}</arg>
<doc>Logs the given message with the given level.</doc>
<status status="PASS" start="2024-06-01T14:13:23.315509" elapsed="0.000378"/>
</kw>
<status status="PASS" start="2024-06-01T14:13:23.247563" elapsed="0.068584"/>
</kw>
<doc>Testa se os tipos de dados na resposta da API estão corretos.</doc>
<tag>testeTiposDados</tag>
<status status="PASS" start="2024-06-01T14:13:23.131499" elapsed="0.184854"/>
</test>
<test id="s1-s1-t5" name="Validar conteudo" line="35">
<kw name="Teste de Tipos de Conteudo" owner="random-user-service">
<kw name="GET On Session" owner="RequestsLibrary">
<msg time="2024-06-01T14:13:23.412962" level="INFO">GET Request : url=https://randomuser.me/api 
 path_url=/api 
 headers={'User-Agent': 'python-requests/2.32.3', 'Accept-Encoding': 'gzip, deflate', 'Accept': '*/*', 'Connection': 'keep-alive'} 
 body=None 
 </msg>
<msg time="2024-06-01T14:13:23.413071" level="INFO">GET Response : url=https://randomuser.me/api 
 status=200, reason=OK 
 headers={'Date': 'Sat, 01 Jun 2024 14:13:23 GMT', 'Content-Type': 'application/json; charset=utf-8', 'Transfer-Encoding': 'chunked', 'Connection': 'keep-alive', 'X-Powered-By': 'Express', 'Access-Control-Allow-Origin': '*', 'Cache-Control': 'no-cache', 'ETag': 'W/"49f-lQf+ev1x7pNbjQvwvU11zGyeRHE"', 'Vary': 'Accept-Encoding', 'Content-Encoding': 'gzip', 'CF-Cache-Status': 'DYNAMIC', 'Report-To': '{"endpoints":[{"url":"https:\\/\\/a.nel.cloudflare.com\\/report\\/v4?s=Z8ZaqUJDE3LLO241D7w5RZwjlxLqv4NZRtBwOEJk5Okczsxvke00doZeDjviGhdbfvhsqLhL%2BJpXzPvXXQVQLhepVFu7aJWh3ABaEUIrebp1cxUNWWFaiYXuMm%2F7Ck3h"}],"group":"cf-nel","max_age":604800}', 'NEL': '{"success_fraction":0,"report_to":"cf-nel","max_age":604800}', 'Server': 'cloudflare', 'CF-RAY': '88cfcdd4cbbc6093-ORD', 'alt-svc': 'h3=":443"; ma=86400'} 
 body={"results":[{"gender":"male","name":{"title":"Mr","first":"Malomir","last":"Dmitriyuk"},"location":{"street":{"number":594,"name":"Provulok Generala Dovatora"},"city":"Noviy Rozdil","state":"Kirovogradska","country":"Ukraine","postcode":60900,"coordinates":{"latitude":"77.9872","longitude":"-7.1009"},"timezone":{"offset":"+9:00","description":"Tokyo, Seoul, Osaka, Sapporo, Yakutsk"}},"email":"malomir.dmitriyuk@example.com","login":{"uuid":"84e04979-363c-47cf-8027-34f9ad6e91cc","username":"blackkoala293","password":"2323","salt":"mymWEU7t","md5":"783b100333764c9555ec65f9f5e9bcc2","sha1":"1586226264d94275583023fbc6cf15b0756fb4c4","sha256":"7c48e7503533a89562d3c09be8a551792409bbce2e6f774257f9883ef46959ff"},"dob":{"date":"1958-12-24T16:22:26.066Z","age":65},"registered":{"date":"2021-07-23T10:59:30.201Z","age":2},"phone":"(097) V49-5178","cell":"(067) T24-5207","id":{"name":"","value":null},"picture":{"large":"https://randomuser.me/api/portraits/men/62.jpg","medium":"https://randomuser.me/api/portraits/med/men/62.jpg","thumbnail":"https://randomuser.me/api/portraits/thumb/men/62.jpg"},"nat":"UA"}],"info":{"seed":"b2fb044915e494a8","results":1,"page":1,"version":"1.4"}} 
 </msg>
<msg time="2024-06-01T14:13:23.413149" level="INFO">/opt/hostedtoolcache/Python/3.12.3/x64/lib/python3.12/site-packages/urllib3/connectionpool.py:1103: InsecureRequestWarning: Unverified HTTPS request is being made to host 'randomuser.me'. Adding certificate verification is strongly advised. See: https://urllib3.readthedocs.io/en/latest/advanced-usage.html#tls-warnings
  warnings.warn(</msg>
<msg time="2024-06-01T14:13:23.413301" level="INFO">${response} = &lt;Response [200]&gt;</msg>
<var>${response}</var>
<arg>consultarAPI</arg>
<arg>/api</arg>
<doc>Sends a GET request on a previously created HTTP Session.</doc>
<status status="PASS" start="2024-06-01T14:13:23.318879" elapsed="0.094470"/>
</kw>
<kw name="Set Variable" owner="BuiltIn">
<msg time="2024-06-01T14:13:23.414396" level="INFO">${json_data} = {'results': [{'gender': 'male', 'name': {'title': 'Mr', 'first': 'Malomir', 'last': 'Dmitriyuk'}, 'location': {'street': {'number': 594, 'name': 'Provulok Generala Dovatora'}, 'city': 'Noviy Rozdil', ...</msg>
<var>${json_data}</var>
<arg>${response.json()}</arg>
<doc>Returns the given values which can then be assigned to a variables.</doc>
<status status="PASS" start="2024-06-01T14:13:23.413885" elapsed="0.000539"/>
</kw>
<kw name="Set Variable" owner="BuiltIn">
<msg time="2024-06-01T14:13:23.415114" level="INFO">${name_title} = Mr</msg>
<var>${name_title}</var>
<arg>${json_data["results"][0]["name"]["title"]}</arg>
<doc>Returns the given values which can then be assigned to a variables.</doc>
<status status="PASS" start="2024-06-01T14:13:23.414730" elapsed="0.000410"/>
</kw>
<kw name="Create List" owner="BuiltIn">
<msg time="2024-06-01T14:13:23.415594" level="INFO">${allowed_titles} = ['Mr', 'Ms', 'Miss', 'Mrs', 'Madame', 'Monsieur']</msg>
<var>${allowed_titles}</var>
<arg>Mr</arg>
<arg>Ms</arg>
<arg>Miss</arg>
<arg>Mrs</arg>
<arg>Madame</arg>
<arg>Monsieur</arg>
<doc>Returns a list containing given items.</doc>
<status status="PASS" start="2024-06-01T14:13:23.415445" elapsed="0.000173"/>
</kw>
<kw name="List Should Contain Value" owner="Collections">
<msg time="2024-06-01T14:13:23.416097" level="INFO">False</msg>
<arg>${allowed_titles}</arg>
<arg>${name_title}</arg>
<doc>Fails if the ``value`` is not found from ``list``.</doc>
<status status="PASS" start="2024-06-01T14:13:23.415921" elapsed="0.000214"/>
</kw>
<kw name="Set Variable" owner="BuiltIn">
<msg time="2024-06-01T14:13:23.417035" level="INFO">${name_country} = UA</msg>
<var>${name_country}</var>
<arg>${json_data["results"][0]["nat"]}</arg>
<doc>Returns the given values which can then be assigned to a variables.</doc>
<status status="PASS" start="2024-06-01T14:13:23.416477" elapsed="0.000583"/>
</kw>
<kw name="Create List" owner="BuiltIn">
<msg time="2024-06-01T14:13:23.417953" level="INFO">${list_country} = ['AD', 'AE', 'AF', 'AG', 'AI', 'AL', 'AM', 'AO', 'AQ', 'AR', 'AS', 'AT', 'AU', 'AW', 'AX', 'AZ', 'BA', 'BB', 'BD', 'BE', 'BF', 'BG', 'BH', 'BI', 'BJ', 'BL', 'BM', 'BN', 'BO', 'BQ', 'BR', 'BS', 'BT', '...</msg>
<var>${list_country}</var>
<arg>AD</arg>
<arg>AE</arg>
<arg>AF</arg>
<arg>AG</arg>
<arg>AI</arg>
<arg>AL</arg>
<arg>AM</arg>
<arg>AO</arg>
<arg>AQ</arg>
<arg>AR</arg>
<arg>AS</arg>
<arg>AT</arg>
<arg>AU</arg>
<arg>AW</arg>
<arg>AX</arg>
<arg>AZ</arg>
<arg>BA</arg>
<arg>BB</arg>
<arg>BD</arg>
<arg>BE</arg>
<arg>BF</arg>
<arg>BG</arg>
<arg>BH</arg>
<arg>BI</arg>
<arg>BJ</arg>
<arg>BL</arg>
<arg>BM</arg>
<arg>BN</arg>
<arg>BO</arg>
<arg>BQ</arg>
<arg>BR</arg>
<arg>BS</arg>
<arg>BT</arg>
<arg>BV</arg>
<arg>BW</arg>
<arg>BY</arg>
<arg>BZ</arg>
<arg>CA</arg>
<arg>CC</arg>
<arg>CD</arg>
<arg>CF</arg>
<arg>CG</arg>
<arg>CH</arg>
<arg>CI</arg>
<arg>CK</arg>
<arg>CL</arg>
<arg>CM</arg>
<arg>CN</arg>
<arg>CO</arg>
<arg>CR</arg>
<arg>CU</arg>
<arg>CV</arg>
<arg>CW</arg>
<arg>CX</arg>
<arg>CY</arg>
<arg>CZ</arg>
<arg>DE</arg>
<arg>DJ</arg>
<arg>DK</arg>
<arg>DM</arg>
<arg>DO</arg>
<arg>DZ</arg>
<arg>EC</arg>
<arg>EE</arg>
<arg>EG</arg>
<arg>EH</arg>
<arg>ER</arg>
<arg>ES</arg>
<arg>ET</arg>
<arg>FI</arg>
<arg>FJ</arg>
<arg>FK</arg>
<arg>FM</arg>
<arg>FO</arg>
<arg>FR</arg>
<arg>GA</arg>
<arg>GB</arg>
<arg>GD</arg>
<arg>GE</arg>
<arg>GF</arg>
<arg>GG</arg>
<arg>GH</arg>
<arg>GI</arg>
<arg>GL</arg>
<arg>GM</arg>
<arg>GN</arg>
<arg>GP</arg>
<arg>GQ</arg>
<arg>GR</arg>
<arg>GS</arg>
<arg>GT</arg>
<arg>GU</arg>
<arg>GW</arg>
<arg>GY</arg>
<arg>HK</arg>
<arg>HM</arg>
<arg>HN</arg>
<arg>HR</arg>
<arg>HT</arg>
<arg>HU</arg>
<arg>ID</arg>
<arg>IE</arg>
<arg>IL</arg>
<arg>IM</arg>
<arg>IN</arg>
<arg>IO</arg>
<arg>IQ</arg>
<arg>IR</arg>
<arg>IS</arg>
<arg>IT</arg>
<arg>JE</arg>
<arg>JM</arg>
<arg>JO</arg>
<arg>JP</arg>
<arg>KE</arg>
<arg>KG</arg>
<arg>KH</arg>
<arg>KI</arg>
<arg>KM</arg>
<arg>KN</arg>
<arg>KP</arg>
<arg>KR</arg>
<arg>KW</arg>
<arg>KY</arg>
<arg>KZ</arg>
<arg>LA</arg>
<arg>LB</arg>
<arg>LC</arg>
<arg>LI</arg>
<arg>LK</arg>
<arg>LR</arg>
<arg>LS</arg>
<arg>LT</arg>
<arg>LU</arg>
<arg>LV</arg>
<arg>LY</arg>
<arg>MA</arg>
<arg>MC</arg>
<arg>MD</arg>
<arg>ME</arg>
<arg>MF</arg>
<arg>MG</arg>
<arg>MH</arg>
<arg>MK</arg>
<arg>ML</arg>
<arg>MM</arg>
<arg>MN</arg>
<arg>MO</arg>
<arg>MP</arg>
<arg>MQ</arg>
<arg>MR</arg>
<arg>MS</arg>
<arg>MT</arg>
<arg>MU</arg>
<arg>MV</arg>
<arg>MW</arg>
<arg>MX</arg>
<arg>MY</arg>
<arg>MZ</arg>
<arg>NA</arg>
<arg>NC</arg>
<arg>NE</arg>
<arg>NF</arg>
<arg>NG</arg>
<arg>NI</arg>
<arg>NL</arg>
<arg>NO</arg>
<arg>NP</arg>
<arg>NR</arg>
<arg>NU</arg>
<arg>NZ</arg>
<arg>OM</arg>
<arg>PA</arg>
<arg>PE</arg>
<arg>PF</arg>
<arg>PG</arg>
<arg>PH</arg>
<arg>PK</arg>
<arg>PL</arg>
<arg>PM</arg>
<arg>PN</arg>
<arg>PR</arg>
<arg>PS</arg>
<arg>PT</arg>
<arg>PW</arg>
<arg>PY</arg>
<arg>QA</arg>
<arg>RE</arg>
<arg>RO</arg>
<arg>RS</arg>
<arg>RU</arg>
<arg>RW</arg>
<arg>SA</arg>
<arg>SB</arg>
<arg>SC</arg>
<arg>SD</arg>
<arg>SE</arg>
<arg>SG</arg>
<arg>SH</arg>
<arg>SI</arg>
<arg>SJ</arg>
<arg>SK</arg>
<arg>SL</arg>
<arg>SM</arg>
<arg>SN</arg>
<arg>SO</arg>
<arg>SR</arg>
<arg>SS</arg>
<arg>ST</arg>
<arg>SV</arg>
<arg>SX</arg>
<arg>SY</arg>
<arg>SZ</arg>
<arg>TC</arg>
<arg>TD</arg>
<arg>TF</arg>
<arg>TG</arg>
<arg>TH</arg>
<arg>TJ</arg>
<arg>TK</arg>
<arg>TL</arg>
<arg>TM</arg>
<arg>TN</arg>
<arg>TO</arg>
<arg>TR</arg>
<arg>TT</arg>
<arg>TV</arg>
<arg>TW</arg>
<arg>TZ</arg>
<arg>UA</arg>
<arg>UG</arg>
<arg>UM</arg>
<arg>US</arg>
<arg>UY</arg>
<arg>UZ</arg>
<arg>VA</arg>
<arg>VC</arg>
<arg>VE</arg>
<arg>VG</arg>
<arg>VI</arg>
<arg>VN</arg>
<arg>VU</arg>
<arg>WF</arg>
<arg>WS</arg>
<arg>XK</arg>
<arg>YE</arg>
<arg>YT</arg>
<arg>ZA</arg>
<arg>ZM</arg>
<arg>ZW</arg>
<doc>Returns a list containing given items.</doc>
<status status="PASS" start="2024-06-01T14:13:23.417368" elapsed="0.000610"/>
</kw>
<kw name="List Should Contain Value" owner="Collections">
<msg time="2024-06-01T14:13:23.418968" level="INFO">False</msg>
<arg>${list_country}</arg>
<arg>${name_country}</arg>
<doc>Fails if the ``value`` is not found from ``list``.</doc>
<status status="PASS" start="2024-06-01T14:13:23.418760" elapsed="0.000244"/>
</kw>
<kw name="Run Keyword If" owner="BuiltIn">
<kw name="Should Be True" owner="BuiltIn">
<arg>${True}</arg>
<doc>Fails if the given condition is not true.</doc>
<status status="PASS" start="2024-06-01T14:13:23.420075" elapsed="0.000164"/>
</kw>
<arg>${json_data["results"][0]["location"]["coordinates"]["latitude"]} &gt;= -90 and ${json_data["results"][0]["location"]["coordinates"]["latitude"]} &lt;= 90</arg>
<arg>Should Be True</arg>
<arg>${True}</arg>
<doc>Runs the given keyword with the given arguments, if ``condition`` is true.</doc>
<status status="PASS" start="2024-06-01T14:13:23.419316" elapsed="0.001053"/>
</kw>
<kw name="Run Keyword If" owner="BuiltIn">
<kw name="Should Be True" owner="BuiltIn">
<arg>${True}</arg>
<doc>Fails if the given condition is not true.</doc>
<status status="PASS" start="2024-06-01T14:13:23.421261" elapsed="0.000138"/>
</kw>
<arg>${json_data["results"][0]["location"]["coordinates"]["longitude"]} &gt;= -180 and ${json_data["results"][0]["location"]["coordinates"]["longitude"]} &lt;= 180</arg>
<arg>Should Be True</arg>
<arg>${True}</arg>
<doc>Runs the given keyword with the given arguments, if ``condition`` is true.</doc>
<status status="PASS" start="2024-06-01T14:13:23.420561" elapsed="0.000963"/>
</kw>
<status status="PASS" start="2024-06-01T14:13:23.318634" elapsed="0.103027"/>
</kw>
<doc>Testa o conteúdo específico dos campos retornados pela API.</doc>
<tag>testeConteudo</tag>
<status status="PASS" start="2024-06-01T14:13:23.318151" elapsed="0.103656"/>
</test>
<status status="PASS" start="2024-06-01T14:13:22.488595" elapsed="0.935123"/>
</suite>
<status status="PASS" start="2024-06-01T14:13:22.475085" elapsed="0.953775"/>
</suite>
<statistics>
<total>
<stat pass="5" fail="0" skip="0">All Tests</stat>
</total>
<tag>
<stat pass="1" fail="0" skip="0">testeConteudo</stat>
<stat pass="1" fail="0" skip="0">testeEstruturaResposta</stat>
<stat pass="1" fail="0" skip="0">testeRequisicaoBasica</stat>
<stat pass="1" fail="0" skip="0">testeTiposDados</stat>
</tag>
<suite>
<stat pass="5" fail="0" skip="0" id="s1" name="Tests">Tests</stat>
<stat pass="5" fail="0" skip="0" id="s1-s1" name="Random-User-Test">Tests.Random-User-Test</stat>
</suite>
</statistics>
<errors>
</errors>
</robot>
