<?xml version="1.0" encoding="UTF-8"?>
<robot generator="Robot 7.0 (Python 3.12.3 on linux)" generated="2024-04-17T10:15:07.289058" rpa="false" schemaversion="5">
<suite id="s1" name="Tests" source="/home/runner/work/DesafioQAItauRogerioJordao/DesafioQAItauRogerioJordao/RamdonUser/tests">
<suite id="s1-s1" name="Random-User-Test" source="/home/runner/work/DesafioQAItauRogerioJordao/DesafioQAItauRogerioJordao/RamdonUser/tests/random-user-test.robot">
<test id="s1-s1-t1" name="Conectar" line="13">
<kw name="Conectar API" owner="random-user-service">
<kw name="Create Session" owner="RequestsLibrary">
<msg time="2024-04-17T10:15:07.719380" level="INFO">Creating Session using : alias=consultarAPI, url=https://randomuser.me/, headers={},                     cookies={}, auth=None, timeout=None, proxies=None, verify=False,                     debug=0 </msg>
<arg>consultarAPI</arg>
<arg>${URL}</arg>
<doc>Create Session: create a HTTP session to a server</doc>
<status status="PASS" start="2024-04-17T10:15:07.719183" elapsed="0.000388"/>
</kw>
<status status="PASS" start="2024-04-17T10:15:07.718192" elapsed="0.001743"/>
</kw>
<status status="PASS" start="2024-04-17T10:15:07.717533" elapsed="0.002597"/>
</test>
<test id="s1-s1-t2" name="Validar retorno 200 e JSON Válido" line="16">
<kw name="Teste de Requisicao Basica" owner="random-user-service">
<kw name="GET On Session" owner="RequestsLibrary">
<msg time="2024-04-17T10:15:07.793356" level="INFO">GET Request : url=https://randomuser.me/api 
 path_url=/api 
 headers={'User-Agent': 'python-requests/2.31.0', 'Accept-Encoding': 'gzip, deflate', 'Accept': '*/*', 'Connection': 'keep-alive'} 
 body=None 
 </msg>
<msg time="2024-04-17T10:15:07.793500" level="INFO">GET Response : url=https://randomuser.me/api 
 status=200, reason=OK 
 headers={'Date': 'Wed, 17 Apr 2024 10:15:07 GMT', 'Content-Type': 'application/json; charset=utf-8', 'Transfer-Encoding': 'chunked', 'Connection': 'keep-alive', 'X-Powered-By': 'Express', 'Access-Control-Allow-Origin': '*', 'Cache-Control': 'no-cache', 'ETag': 'W/"498-HiUAxd1dzTqcVpIW3AOgG/M/B1A"', 'Vary': 'Accept-Encoding', 'Content-Encoding': 'gzip', 'CF-Cache-Status': 'DYNAMIC', 'Report-To': '{"endpoints":[{"url":"https:\\/\\/a.nel.cloudflare.com\\/report\\/v4?s=ehf0IkeXLReQih9xWGD4h5PiKxVZQP5jdB5AtjnEyiObamWjxu0Mquw%2Fl3tMjMceBbvpmLHACYHw0TFDTBjRkaZzYH2fK7jyeIlJ%2BbPG8IDCM4uoVp97jcBYDN3NPJ7d"}],"group":"cf-nel","max_age":604800}', 'NEL': '{"success_fraction":0,"report_to":"cf-nel","max_age":604800}', 'Server': 'cloudflare', 'CF-RAY': '875ba6f18a6b20d7-IAD', 'alt-svc': 'h3=":443"; ma=86400'} 
 body={"results":[{"gender":"male","name":{"title":"Mr","first":"Modesto","last":"Lucero"},"location":{"street":{"number":4410,"name":"Continuación Cedillo"},"city":"El Chucarit","state":"Tlaxcala","country":"Mexico","postcode":90530,"coordinates":{"latitude":"23.2830","longitude":"-10.8545"},"timezone":{"offset":"-1:00","description":"Azores, Cape Verde Islands"}},"email":"modesto.lucero@example.com","login":{"uuid":"b76764ee-0b93-4a55-b9a4-ccf598f9f5e8","username":"purplefish823","password":"megadeth","salt":"bUMlOuvS","md5":"fb1a93dbc3c0f242c4350d25b3dde5b3","sha1":"4f621542061ab15837666f261825d0ed69d67d17","sha256":"e22d29ecac2e749129817207b3ae553bc3774266be7f364e0970e11bfa982f23"},"dob":{"date":"1987-05-30T10:35:06.115Z","age":36},"registered":{"date":"2021-04-16T17:50:43.325Z","age":3},"phone":"(665) 959 3950","cell":"(667) 892 1943","id":{"name":"NSS","value":"22 24 45 4392 7"},"picture":{"large":"https://randomuser.me/api/portraits/men/33.jpg","medium":"https://randomuser.me/api/portraits/med/men/33.jpg","thumbnail":"https://randomuser.me/api/portraits/thumb/men/33.jpg"},"nat":"MX"}],"info":{"seed":"25c4d3465a0e9637","results":1,"page":1,"version":"1.4"}} 
 </msg>
<msg time="2024-04-17T10:15:07.793586" level="INFO">/opt/hostedtoolcache/Python/3.12.3/x64/lib/python3.12/site-packages/urllib3/connectionpool.py:1103: InsecureRequestWarning: Unverified HTTPS request is being made to host 'randomuser.me'. Adding certificate verification is strongly advised. See: https://urllib3.readthedocs.io/en/latest/advanced-usage.html#tls-warnings
  warnings.warn(</msg>
<msg time="2024-04-17T10:15:07.793832" level="INFO">${response} = &lt;Response [200]&gt;</msg>
<var>${response}</var>
<arg>consultarAPI</arg>
<arg>/api</arg>
<doc>Sends a GET request on a previously created HTTP Session.</doc>
<status status="PASS" start="2024-04-17T10:15:07.722861" elapsed="0.071031"/>
</kw>
<kw name="Should Be Equal As Numbers" owner="BuiltIn">
<msg time="2024-04-17T10:15:07.794857" level="INFO">Argument types are:
&lt;class 'int'&gt;
&lt;class 'str'&gt;</msg>
<arg>${response.status_code}</arg>
<arg>200</arg>
<doc>Fails if objects are unequal after converting them to real numbers.</doc>
<status status="PASS" start="2024-04-17T10:15:07.794402" elapsed="0.000519"/>
</kw>
<kw name="Log" owner="BuiltIn">
<msg time="2024-04-17T10:15:07.795609" level="INFO">200</msg>
<arg>${response.status_code}</arg>
<doc>Logs the given message with the given level.</doc>
<status status="PASS" start="2024-04-17T10:15:07.795259" elapsed="0.000392"/>
</kw>
<kw name="Set Variable" owner="BuiltIn">
<msg time="2024-04-17T10:15:07.796405" level="INFO">${json_data} = {'results': [{'gender': 'male', 'name': {'title': 'Mr', 'first': 'Modesto', 'last': 'Lucero'}, 'location': {'street': {'number': 4410, 'name': 'Continuación Cedillo'}, 'city': 'El Chucarit', 'state': ...</msg>
<var>${json_data}</var>
<arg>${response.json()}</arg>
<doc>Returns the given values which can then be assigned to a variables.</doc>
<status status="PASS" start="2024-04-17T10:15:07.795954" elapsed="0.000480"/>
</kw>
<kw name="Dictionary Should Contain Key" owner="Collections">
<msg time="2024-04-17T10:15:07.796898" level="INFO">False</msg>
<arg>${json_data}</arg>
<arg>results</arg>
<doc>Fails if ``key`` is not found from ``dictionary``.</doc>
<status status="PASS" start="2024-04-17T10:15:07.796733" elapsed="0.000210"/>
</kw>
<status status="PASS" start="2024-04-17T10:15:07.722614" elapsed="0.074588"/>
</kw>
<doc>Testa se a API responde corretamente e retorna um objeto JSON válido.</doc>
<tag>testeRequisicaoBasica</tag>
<status status="PASS" start="2024-04-17T10:15:07.722028" elapsed="0.075360"/>
</test>
<test id="s1-s1-t3" name="Validar estrutura de resposta" line="22">
<kw name="Teste de Estrutura de Resposta" owner="random-user-service">
<kw name="GET On Session" owner="RequestsLibrary">
<msg time="2024-04-17T10:15:07.899645" level="INFO">GET Request : url=https://randomuser.me/api 
 path_url=/api 
 headers={'User-Agent': 'python-requests/2.31.0', 'Accept-Encoding': 'gzip, deflate', 'Accept': '*/*', 'Connection': 'keep-alive'} 
 body=None 
 </msg>
<msg time="2024-04-17T10:15:07.899748" level="INFO">GET Response : url=https://randomuser.me/api 
 status=200, reason=OK 
 headers={'Date': 'Wed, 17 Apr 2024 10:15:07 GMT', 'Content-Type': 'application/json; charset=utf-8', 'Transfer-Encoding': 'chunked', 'Connection': 'keep-alive', 'X-Powered-By': 'Express', 'Access-Control-Allow-Origin': '*', 'Cache-Control': 'no-cache', 'ETag': 'W/"491-3dukh9XSQvtObmJ6WifjZDsc5oY"', 'Vary': 'Accept-Encoding', 'Content-Encoding': 'gzip', 'CF-Cache-Status': 'DYNAMIC', 'Report-To': '{"endpoints":[{"url":"https:\\/\\/a.nel.cloudflare.com\\/report\\/v4?s=8ElsmL0RNcRIajKVefTxuEpXj82ffh1ls%2BmEB%2BNhRDSvsLSyWxfv3Uooyd6mkBQZbsfjLw2e7sPR1bwMkkVUY98bWFbWvGHa7JzBFcheYfCpDoH87%2FVW6bGwA9WU1qxG"}],"group":"cf-nel","max_age":604800}', 'NEL': '{"success_fraction":0,"report_to":"cf-nel","max_age":604800}', 'Server': 'cloudflare', 'CF-RAY': '875ba6f1caba20d7-IAD', 'alt-svc': 'h3=":443"; ma=86400'} 
 body={"results":[{"gender":"female","name":{"title":"Mrs","first":"Senanur","last":"Brasser"},"location":{"street":{"number":3368,"name":"De Paltz"},"city":"Sint Jansteen","state":"Gelderland","country":"Netherlands","postcode":"3120 UH","coordinates":{"latitude":"32.0408","longitude":"69.5690"},"timezone":{"offset":"+6:00","description":"Almaty, Dhaka, Colombo"}},"email":"senanur.brasser@example.com","login":{"uuid":"d17c55c4-17fe-442a-8f45-008498634cd4","username":"greenbird123","password":"cool","salt":"E97qjNc0","md5":"4fe068abe64f83993f413c6144fedc73","sha1":"2af0f765ac31aa56743f2c5b29991e09106c4605","sha256":"8fdef743236146b3ddacb14f6148c92df45067b6428e5b3795d55837cc59a0e6"},"dob":{"date":"1974-03-03T15:25:07.276Z","age":50},"registered":{"date":"2008-02-17T23:04:04.460Z","age":16},"phone":"(054) 1288356","cell":"(06) 41460388","id":{"name":"BSN","value":"14530027"},"picture":{"large":"https://randomuser.me/api/portraits/women/56.jpg","medium":"https://randomuser.me/api/portraits/med/women/56.jpg","thumbnail":"https://randomuser.me/api/portraits/thumb/women/56.jpg"},"nat":"NL"}],"info":{"seed":"b68479be839304e5","results":1,"page":1,"version":"1.4"}} 
 </msg>
<msg time="2024-04-17T10:15:07.899888" level="INFO">/opt/hostedtoolcache/Python/3.12.3/x64/lib/python3.12/site-packages/urllib3/connectionpool.py:1103: InsecureRequestWarning: Unverified HTTPS request is being made to host 'randomuser.me'. Adding certificate verification is strongly advised. See: https://urllib3.readthedocs.io/en/latest/advanced-usage.html#tls-warnings
  warnings.warn(</msg>
<msg time="2024-04-17T10:15:07.900032" level="INFO">${response} = &lt;Response [200]&gt;</msg>
<var>${response}</var>
<arg>consultarAPI</arg>
<arg>/api</arg>
<doc>Sends a GET request on a previously created HTTP Session.</doc>
<status status="PASS" start="2024-04-17T10:15:07.800367" elapsed="0.099711"/>
</kw>
<kw name="Set Variable" owner="BuiltIn">
<msg time="2024-04-17T10:15:07.901118" level="INFO">${json_data} = {'results': [{'gender': 'female', 'name': {'title': 'Mrs', 'first': 'Senanur', 'last': 'Brasser'}, 'location': {'street': {'number': 3368, 'name': 'De Paltz'}, 'city': 'Sint Jansteen', 'state': 'Gelde...</msg>
<var>${json_data}</var>
<arg>${response.json()}</arg>
<doc>Returns the given values which can then be assigned to a variables.</doc>
<status status="PASS" start="2024-04-17T10:15:07.900592" elapsed="0.000556"/>
</kw>
<kw name="Log" owner="BuiltIn">
<msg time="2024-04-17T10:15:07.901623" level="INFO">{'results': [{'gender': 'female', 'name': {'title': 'Mrs', 'first': 'Senanur', 'last': 'Brasser'}, 'location': {'street': {'number': 3368, 'name': 'De Paltz'}, 'city': 'Sint Jansteen', 'state': 'Gelderland', 'country': 'Netherlands', 'postcode': '3120 UH', 'coordinates': {'latitude': '32.0408', 'longitude': '69.5690'}, 'timezone': {'offset': '+6:00', 'description': 'Almaty, Dhaka, Colombo'}}, 'email': 'senanur.brasser@example.com', 'login': {'uuid': 'd17c55c4-17fe-442a-8f45-008498634cd4', 'username': 'greenbird123', 'password': 'cool', 'salt': 'E97qjNc0', 'md5': '4fe068abe64f83993f413c6144fedc73', 'sha1': '2af0f765ac31aa56743f2c5b29991e09106c4605', 'sha256': '8fdef743236146b3ddacb14f6148c92df45067b6428e5b3795d55837cc59a0e6'}, 'dob': {'date': '1974-03-03T15:25:07.276Z', 'age': 50}, 'registered': {'date': '2008-02-17T23:04:04.460Z', 'age': 16}, 'phone': '(054) 1288356', 'cell': '(06) 41460388', 'id': {'name': 'BSN', 'value': '14530027'}, 'picture': {'large': 'https://randomuser.me/api/portraits/women/56.jpg', 'medium': 'https://randomuser.me/api/portraits/med/women/56.jpg', 'thumbnail': 'https://randomuser.me/api/portraits/thumb/women/56.jpg'}, 'nat': 'NL'}], 'info': {'seed': 'b68479be839304e5', 'results': 1, 'page': 1, 'version': '1.4'}}</msg>
<arg>${json_data}</arg>
<doc>Logs the given message with the given level.</doc>
<status status="PASS" start="2024-04-17T10:15:07.901461" elapsed="0.000212"/>
</kw>
<kw name="Dictionary Should Contain Key" owner="Collections">
<msg time="2024-04-17T10:15:07.902176" level="INFO">False</msg>
<arg>${json_data}</arg>
<arg>results</arg>
<doc>Fails if ``key`` is not found from ``dictionary``.</doc>
<status status="PASS" start="2024-04-17T10:15:07.902010" elapsed="0.000205"/>
</kw>
<kw name="Should Not Be Empty" owner="BuiltIn">
<msg time="2024-04-17T10:15:07.902648" level="INFO">Length is 2.</msg>
<arg>${json_data}</arg>
<doc>Verifies that the given item is not empty.</doc>
<status status="PASS" start="2024-04-17T10:15:07.902514" elapsed="0.000175"/>
</kw>
<kw name="Create List" owner="BuiltIn">
<msg time="2024-04-17T10:15:07.903291" level="INFO">${expected_keys} = ['gender', 'name', 'location', 'email', 'login']</msg>
<var>${expected_keys}</var>
<arg>gender</arg>
<arg>name</arg>
<arg>location</arg>
<arg>email</arg>
<arg>login</arg>
<doc>Returns a list containing given items.</doc>
<status status="PASS" start="2024-04-17T10:15:07.902979" elapsed="0.000337"/>
</kw>
<for flavor="IN">
<iter>
<kw name="Dictionary Should Contain Key" owner="Collections">
<msg time="2024-04-17T10:15:07.904308" level="INFO">False</msg>
<arg>${json_data['results'][0]}</arg>
<arg>${key}</arg>
<doc>Fails if ``key`` is not found from ``dictionary``.</doc>
<status status="PASS" start="2024-04-17T10:15:07.903907" elapsed="0.000440"/>
</kw>
<kw name="Log" owner="BuiltIn">
<msg time="2024-04-17T10:15:07.905012" level="INFO">{'gender': 'female', 'name': {'title': 'Mrs', 'first': 'Senanur', 'last': 'Brasser'}, 'location': {'street': {'number': 3368, 'name': 'De Paltz'}, 'city': 'Sint Jansteen', 'state': 'Gelderland', 'country': 'Netherlands', 'postcode': '3120 UH', 'coordinates': {'latitude': '32.0408', 'longitude': '69.5690'}, 'timezone': {'offset': '+6:00', 'description': 'Almaty, Dhaka, Colombo'}}, 'email': 'senanur.brasser@example.com', 'login': {'uuid': 'd17c55c4-17fe-442a-8f45-008498634cd4', 'username': 'greenbird123', 'password': 'cool', 'salt': 'E97qjNc0', 'md5': '4fe068abe64f83993f413c6144fedc73', 'sha1': '2af0f765ac31aa56743f2c5b29991e09106c4605', 'sha256': '8fdef743236146b3ddacb14f6148c92df45067b6428e5b3795d55837cc59a0e6'}, 'dob': {'date': '1974-03-03T15:25:07.276Z', 'age': 50}, 'registered': {'date': '2008-02-17T23:04:04.460Z', 'age': 16}, 'phone': '(054) 1288356', 'cell': '(06) 41460388', 'id': {'name': 'BSN', 'value': '14530027'}, 'picture': {'large': 'https://randomuser.me/api/portraits/women/56.jpg', 'medium': 'https://randomuser.me/api/portraits/med/women/56.jpg', 'thumbnail': 'https://randomuser.me/api/portraits/thumb/women/56.jpg'}, 'nat': 'NL'}</msg>
<arg>${json_data['results'][0]}</arg>
<doc>Logs the given message with the given level.</doc>
<status status="PASS" start="2024-04-17T10:15:07.904647" elapsed="0.000413"/>
</kw>
<kw name="Log" owner="BuiltIn">
<msg time="2024-04-17T10:15:07.905481" level="INFO">gender</msg>
<arg>${key}</arg>
<doc>Logs the given message with the given level.</doc>
<status status="PASS" start="2024-04-17T10:15:07.905354" elapsed="0.000164"/>
</kw>
<var name="${key}">gender</var>
<status status="PASS" start="2024-04-17T10:15:07.903780" elapsed="0.001952"/>
</iter>
<iter>
<kw name="Dictionary Should Contain Key" owner="Collections">
<msg time="2024-04-17T10:15:07.906448" level="INFO">False</msg>
<arg>${json_data['results'][0]}</arg>
<arg>${key}</arg>
<doc>Fails if ``key`` is not found from ``dictionary``.</doc>
<status status="PASS" start="2024-04-17T10:15:07.906057" elapsed="0.000429"/>
</kw>
<kw name="Log" owner="BuiltIn">
<msg time="2024-04-17T10:15:07.907170" level="INFO">{'gender': 'female', 'name': {'title': 'Mrs', 'first': 'Senanur', 'last': 'Brasser'}, 'location': {'street': {'number': 3368, 'name': 'De Paltz'}, 'city': 'Sint Jansteen', 'state': 'Gelderland', 'country': 'Netherlands', 'postcode': '3120 UH', 'coordinates': {'latitude': '32.0408', 'longitude': '69.5690'}, 'timezone': {'offset': '+6:00', 'description': 'Almaty, Dhaka, Colombo'}}, 'email': 'senanur.brasser@example.com', 'login': {'uuid': 'd17c55c4-17fe-442a-8f45-008498634cd4', 'username': 'greenbird123', 'password': 'cool', 'salt': 'E97qjNc0', 'md5': '4fe068abe64f83993f413c6144fedc73', 'sha1': '2af0f765ac31aa56743f2c5b29991e09106c4605', 'sha256': '8fdef743236146b3ddacb14f6148c92df45067b6428e5b3795d55837cc59a0e6'}, 'dob': {'date': '1974-03-03T15:25:07.276Z', 'age': 50}, 'registered': {'date': '2008-02-17T23:04:04.460Z', 'age': 16}, 'phone': '(054) 1288356', 'cell': '(06) 41460388', 'id': {'name': 'BSN', 'value': '14530027'}, 'picture': {'large': 'https://randomuser.me/api/portraits/women/56.jpg', 'medium': 'https://randomuser.me/api/portraits/med/women/56.jpg', 'thumbnail': 'https://randomuser.me/api/portraits/thumb/women/56.jpg'}, 'nat': 'NL'}</msg>
<arg>${json_data['results'][0]}</arg>
<doc>Logs the given message with the given level.</doc>
<status status="PASS" start="2024-04-17T10:15:07.906811" elapsed="0.000408"/>
</kw>
<kw name="Log" owner="BuiltIn">
<msg time="2024-04-17T10:15:07.907638" level="INFO">name</msg>
<arg>${key}</arg>
<doc>Logs the given message with the given level.</doc>
<status status="PASS" start="2024-04-17T10:15:07.907512" elapsed="0.000163"/>
</kw>
<var name="${key}">name</var>
<status status="PASS" start="2024-04-17T10:15:07.905942" elapsed="0.001944"/>
</iter>
<iter>
<kw name="Dictionary Should Contain Key" owner="Collections">
<msg time="2024-04-17T10:15:07.908556" level="INFO">False</msg>
<arg>${json_data['results'][0]}</arg>
<arg>${key}</arg>
<doc>Fails if ``key`` is not found from ``dictionary``.</doc>
<status status="PASS" start="2024-04-17T10:15:07.908175" elapsed="0.000418"/>
</kw>
<kw name="Log" owner="BuiltIn">
<msg time="2024-04-17T10:15:07.909248" level="INFO">{'gender': 'female', 'name': {'title': 'Mrs', 'first': 'Senanur', 'last': 'Brasser'}, 'location': {'street': {'number': 3368, 'name': 'De Paltz'}, 'city': 'Sint Jansteen', 'state': 'Gelderland', 'country': 'Netherlands', 'postcode': '3120 UH', 'coordinates': {'latitude': '32.0408', 'longitude': '69.5690'}, 'timezone': {'offset': '+6:00', 'description': 'Almaty, Dhaka, Colombo'}}, 'email': 'senanur.brasser@example.com', 'login': {'uuid': 'd17c55c4-17fe-442a-8f45-008498634cd4', 'username': 'greenbird123', 'password': 'cool', 'salt': 'E97qjNc0', 'md5': '4fe068abe64f83993f413c6144fedc73', 'sha1': '2af0f765ac31aa56743f2c5b29991e09106c4605', 'sha256': '8fdef743236146b3ddacb14f6148c92df45067b6428e5b3795d55837cc59a0e6'}, 'dob': {'date': '1974-03-03T15:25:07.276Z', 'age': 50}, 'registered': {'date': '2008-02-17T23:04:04.460Z', 'age': 16}, 'phone': '(054) 1288356', 'cell': '(06) 41460388', 'id': {'name': 'BSN', 'value': '14530027'}, 'picture': {'large': 'https://randomuser.me/api/portraits/women/56.jpg', 'medium': 'https://randomuser.me/api/portraits/med/women/56.jpg', 'thumbnail': 'https://randomuser.me/api/portraits/thumb/women/56.jpg'}, 'nat': 'NL'}</msg>
<arg>${json_data['results'][0]}</arg>
<doc>Logs the given message with the given level.</doc>
<status status="PASS" start="2024-04-17T10:15:07.908891" elapsed="0.000404"/>
</kw>
<kw name="Log" owner="BuiltIn">
<msg time="2024-04-17T10:15:07.909711" level="INFO">location</msg>
<arg>${key}</arg>
<doc>Logs the given message with the given level.</doc>
<status status="PASS" start="2024-04-17T10:15:07.909585" elapsed="0.000164"/>
</kw>
<var name="${key}">location</var>
<status status="PASS" start="2024-04-17T10:15:07.908063" elapsed="0.001921"/>
</iter>
<iter>
<kw name="Dictionary Should Contain Key" owner="Collections">
<msg time="2024-04-17T10:15:07.910656" level="INFO">False</msg>
<arg>${json_data['results'][0]}</arg>
<arg>${key}</arg>
<doc>Fails if ``key`` is not found from ``dictionary``.</doc>
<status status="PASS" start="2024-04-17T10:15:07.910273" elapsed="0.000421"/>
</kw>
<kw name="Log" owner="BuiltIn">
<msg time="2024-04-17T10:15:07.911345" level="INFO">{'gender': 'female', 'name': {'title': 'Mrs', 'first': 'Senanur', 'last': 'Brasser'}, 'location': {'street': {'number': 3368, 'name': 'De Paltz'}, 'city': 'Sint Jansteen', 'state': 'Gelderland', 'country': 'Netherlands', 'postcode': '3120 UH', 'coordinates': {'latitude': '32.0408', 'longitude': '69.5690'}, 'timezone': {'offset': '+6:00', 'description': 'Almaty, Dhaka, Colombo'}}, 'email': 'senanur.brasser@example.com', 'login': {'uuid': 'd17c55c4-17fe-442a-8f45-008498634cd4', 'username': 'greenbird123', 'password': 'cool', 'salt': 'E97qjNc0', 'md5': '4fe068abe64f83993f413c6144fedc73', 'sha1': '2af0f765ac31aa56743f2c5b29991e09106c4605', 'sha256': '8fdef743236146b3ddacb14f6148c92df45067b6428e5b3795d55837cc59a0e6'}, 'dob': {'date': '1974-03-03T15:25:07.276Z', 'age': 50}, 'registered': {'date': '2008-02-17T23:04:04.460Z', 'age': 16}, 'phone': '(054) 1288356', 'cell': '(06) 41460388', 'id': {'name': 'BSN', 'value': '14530027'}, 'picture': {'large': 'https://randomuser.me/api/portraits/women/56.jpg', 'medium': 'https://randomuser.me/api/portraits/med/women/56.jpg', 'thumbnail': 'https://randomuser.me/api/portraits/thumb/women/56.jpg'}, 'nat': 'NL'}</msg>
<arg>${json_data['results'][0]}</arg>
<doc>Logs the given message with the given level.</doc>
<status status="PASS" start="2024-04-17T10:15:07.910990" elapsed="0.000404"/>
</kw>
<kw name="Log" owner="BuiltIn">
<msg time="2024-04-17T10:15:07.911817" level="INFO">email</msg>
<arg>${key}</arg>
<doc>Logs the given message with the given level.</doc>
<status status="PASS" start="2024-04-17T10:15:07.911692" elapsed="0.000164"/>
</kw>
<var name="${key}">email</var>
<status status="PASS" start="2024-04-17T10:15:07.910164" elapsed="0.001903"/>
</iter>
<iter>
<kw name="Dictionary Should Contain Key" owner="Collections">
<msg time="2024-04-17T10:15:07.912725" level="INFO">False</msg>
<arg>${json_data['results'][0]}</arg>
<arg>${key}</arg>
<doc>Fails if ``key`` is not found from ``dictionary``.</doc>
<status status="PASS" start="2024-04-17T10:15:07.912346" elapsed="0.000416"/>
</kw>
<kw name="Log" owner="BuiltIn">
<msg time="2024-04-17T10:15:07.913420" level="INFO">{'gender': 'female', 'name': {'title': 'Mrs', 'first': 'Senanur', 'last': 'Brasser'}, 'location': {'street': {'number': 3368, 'name': 'De Paltz'}, 'city': 'Sint Jansteen', 'state': 'Gelderland', 'country': 'Netherlands', 'postcode': '3120 UH', 'coordinates': {'latitude': '32.0408', 'longitude': '69.5690'}, 'timezone': {'offset': '+6:00', 'description': 'Almaty, Dhaka, Colombo'}}, 'email': 'senanur.brasser@example.com', 'login': {'uuid': 'd17c55c4-17fe-442a-8f45-008498634cd4', 'username': 'greenbird123', 'password': 'cool', 'salt': 'E97qjNc0', 'md5': '4fe068abe64f83993f413c6144fedc73', 'sha1': '2af0f765ac31aa56743f2c5b29991e09106c4605', 'sha256': '8fdef743236146b3ddacb14f6148c92df45067b6428e5b3795d55837cc59a0e6'}, 'dob': {'date': '1974-03-03T15:25:07.276Z', 'age': 50}, 'registered': {'date': '2008-02-17T23:04:04.460Z', 'age': 16}, 'phone': '(054) 1288356', 'cell': '(06) 41460388', 'id': {'name': 'BSN', 'value': '14530027'}, 'picture': {'large': 'https://randomuser.me/api/portraits/women/56.jpg', 'medium': 'https://randomuser.me/api/portraits/med/women/56.jpg', 'thumbnail': 'https://randomuser.me/api/portraits/thumb/women/56.jpg'}, 'nat': 'NL'}</msg>
<arg>${json_data['results'][0]}</arg>
<doc>Logs the given message with the given level.</doc>
<status status="PASS" start="2024-04-17T10:15:07.913052" elapsed="0.000416"/>
</kw>
<kw name="Log" owner="BuiltIn">
<msg time="2024-04-17T10:15:07.913901" level="INFO">login</msg>
<arg>${key}</arg>
<doc>Logs the given message with the given level.</doc>
<status status="PASS" start="2024-04-17T10:15:07.913757" elapsed="0.000184"/>
</kw>
<var name="${key}">login</var>
<status status="PASS" start="2024-04-17T10:15:07.912239" elapsed="0.001949"/>
</iter>
<var>${key}</var>
<value>@{expected_keys}</value>
<status status="PASS" start="2024-04-17T10:15:07.903586" elapsed="0.010729"/>
</for>
<kw name="Create List" owner="BuiltIn">
<msg time="2024-04-17T10:15:07.914647" level="INFO">${expected_keysTwo} = ['username', 'password']</msg>
<var>${expected_keysTwo}</var>
<arg>username</arg>
<arg>password</arg>
<doc>Returns a list containing given items.</doc>
<status status="PASS" start="2024-04-17T10:15:07.914511" elapsed="0.000160"/>
</kw>
<for flavor="IN">
<iter>
<kw name="Dictionary Should Contain Key" owner="Collections">
<msg time="2024-04-17T10:15:07.915558" level="INFO">False</msg>
<arg>${json_data['results'][0]['login']}</arg>
<arg>${keyTwo}</arg>
<doc>Fails if ``key`` is not found from ``dictionary``.</doc>
<status status="PASS" start="2024-04-17T10:15:07.915174" elapsed="0.000422"/>
</kw>
<kw name="Dictionary Should Contain Key" owner="Collections">
<msg time="2024-04-17T10:15:07.916272" level="INFO">False</msg>
<arg>${json_data['results'][0]['login']}</arg>
<arg>${keyTwo}</arg>
<doc>Fails if ``key`` is not found from ``dictionary``.</doc>
<status status="PASS" start="2024-04-17T10:15:07.915887" elapsed="0.000423"/>
</kw>
<kw name="Log" owner="BuiltIn">
<msg time="2024-04-17T10:15:07.916727" level="INFO">username</msg>
<arg>${keyTwo}</arg>
<doc>Logs the given message with the given level.</doc>
<status status="PASS" start="2024-04-17T10:15:07.916601" elapsed="0.000163"/>
</kw>
<var name="${keyTwo}">username</var>
<status status="PASS" start="2024-04-17T10:15:07.915060" elapsed="0.001916"/>
</iter>
<iter>
<kw name="Dictionary Should Contain Key" owner="Collections">
<msg time="2024-04-17T10:15:07.917637" level="INFO">False</msg>
<arg>${json_data['results'][0]['login']}</arg>
<arg>${keyTwo}</arg>
<doc>Fails if ``key`` is not found from ``dictionary``.</doc>
<status status="PASS" start="2024-04-17T10:15:07.917257" elapsed="0.000425"/>
</kw>
<kw name="Dictionary Should Contain Key" owner="Collections">
<msg time="2024-04-17T10:15:07.918468" level="INFO">False</msg>
<arg>${json_data['results'][0]['login']}</arg>
<arg>${keyTwo}</arg>
<doc>Fails if ``key`` is not found from ``dictionary``.</doc>
<status status="PASS" start="2024-04-17T10:15:07.918008" elapsed="0.000499"/>
</kw>
<kw name="Log" owner="BuiltIn">
<msg time="2024-04-17T10:15:07.918931" level="INFO">password</msg>
<arg>${keyTwo}</arg>
<doc>Logs the given message with the given level.</doc>
<status status="PASS" start="2024-04-17T10:15:07.918803" elapsed="0.000166"/>
</kw>
<var name="${keyTwo}">password</var>
<status status="PASS" start="2024-04-17T10:15:07.917148" elapsed="0.002038"/>
</iter>
<var>${keyTwo}</var>
<value>@{expected_keysTwo}</value>
<status status="PASS" start="2024-04-17T10:15:07.914908" elapsed="0.004400"/>
</for>
<status status="PASS" start="2024-04-17T10:15:07.800037" elapsed="0.119412"/>
</kw>
<doc>Testa a estrutura da resposta da API.</doc>
<tag>testeEstruturaResposta</tag>
<status status="PASS" start="2024-04-17T10:15:07.799277" elapsed="0.120332"/>
</test>
<test id="s1-s1-t4" name="Validar tipos de dados" line="28">
<kw name="Teste de Tipos de Dados" owner="random-user-service">
<kw name="GET On Session" owner="RequestsLibrary">
<msg time="2024-04-17T10:15:07.994324" level="INFO">GET Request : url=https://randomuser.me/api 
 path_url=/api 
 headers={'User-Agent': 'python-requests/2.31.0', 'Accept-Encoding': 'gzip, deflate', 'Accept': '*/*', 'Connection': 'keep-alive'} 
 body=None 
 </msg>
<msg time="2024-04-17T10:15:07.994435" level="INFO">GET Response : url=https://randomuser.me/api 
 status=200, reason=OK 
 headers={'Date': 'Wed, 17 Apr 2024 10:15:07 GMT', 'Content-Type': 'application/json; charset=utf-8', 'Transfer-Encoding': 'chunked', 'Connection': 'keep-alive', 'X-Powered-By': 'Express', 'Access-Control-Allow-Origin': '*', 'Cache-Control': 'no-cache', 'ETag': 'W/"489-5rVyQmzlk6IruAONn14efKf713s"', 'Vary': 'Accept-Encoding', 'Content-Encoding': 'gzip', 'CF-Cache-Status': 'DYNAMIC', 'Report-To': '{"endpoints":[{"url":"https:\\/\\/a.nel.cloudflare.com\\/report\\/v4?s=Z9k3vCASrJDLUjffZob0qsBjx1ZfrgbLf%2Bv91C7Lcn1v5lglWI5VdEdeRmyH9QyEAgxXHHdaOgVxynu6DiKBjBXIf4iYumBo%2FQGzLn33%2F%2B8UBsE%2FpM5fNc1FRAVGpHHs"}],"group":"cf-nel","max_age":604800}', 'NEL': '{"success_fraction":0,"report_to":"cf-nel","max_age":604800}', 'Server': 'cloudflare', 'CF-RAY': '875ba6f28b9220d7-IAD', 'alt-svc': 'h3=":443"; ma=86400'} 
 body={"results":[{"gender":"male","name":{"title":"Mr","first":"رهام","last":"رضایی"},"location":{"street":{"number":4966,"name":"آیت الله سعیدی"},"city":"آبادان","state":"گلستان","country":"Iran","postcode":77438,"coordinates":{"latitude":"15.1540","longitude":"-11.5139"},"timezone":{"offset":"-8:00","description":"Pacific Time (US &amp; Canada)"}},"email":"rhm.rdyy@example.com","login":{"uuid":"632700eb-c4ca-4a5c-acff-7b51ba2891a7","username":"yellowzebra502","password":"salami","salt":"VrVOMtU4","md5":"43e65f1739377b48de3c3c2daf410b6f","sha1":"e72d4673f71099e85a911c0666dec203c1b39dbf","sha256":"7d9bfe686044a173e55e93d57e1d3412d99edf4e00a4658748114f14b095ab73"},"dob":{"date":"1985-03-28T03:04:09.826Z","age":39},"registered":{"date":"2009-05-14T03:21:49.839Z","age":14},"phone":"076-15616400","cell":"0977-916-3360","id":{"name":"","value":null},"picture":{"large":"https://randomuser.me/api/portraits/men/6.jpg","medium":"https://randomuser.me/api/portraits/med/men/6.jpg","thumbnail":"https://randomuser.me/api/portraits/thumb/men/6.jpg"},"nat":"IR"}],"info":{"seed":"d2eacf95ed2d7639","results":1,"page":1,"version":"1.4"}} 
 </msg>
<msg time="2024-04-17T10:15:07.994527" level="INFO">/opt/hostedtoolcache/Python/3.12.3/x64/lib/python3.12/site-packages/urllib3/connectionpool.py:1103: InsecureRequestWarning: Unverified HTTPS request is being made to host 'randomuser.me'. Adding certificate verification is strongly advised. See: https://urllib3.readthedocs.io/en/latest/advanced-usage.html#tls-warnings
  warnings.warn(</msg>
<msg time="2024-04-17T10:15:07.994668" level="INFO">${response} = &lt;Response [200]&gt;</msg>
<var>${response}</var>
<arg>consultarAPI</arg>
<arg>/api</arg>
<doc>Sends a GET request on a previously created HTTP Session.</doc>
<status status="PASS" start="2024-04-17T10:15:07.922235" elapsed="0.072481"/>
</kw>
<kw name="Set Variable" owner="BuiltIn">
<msg time="2024-04-17T10:15:07.996003" level="INFO">${json_data} = {'results': [{'gender': 'male', 'name': {'title': 'Mr', 'first': 'رهام', 'last': 'رضایی'}, 'location': {'street': {'number': 4966, 'name': 'آیت الله سعیدی'}, 'city': 'آبادان', 'state': 'گلستان', 'coun...</msg>
<var>${json_data}</var>
<arg>${response.json()}</arg>
<doc>Returns the given values which can then be assigned to a variables.</doc>
<status status="PASS" start="2024-04-17T10:15:07.995372" elapsed="0.000664"/>
</kw>
<kw name="Log" owner="BuiltIn">
<msg time="2024-04-17T10:15:07.996507" level="INFO">{'results': [{'gender': 'male', 'name': {'title': 'Mr', 'first': 'رهام', 'last': 'رضایی'}, 'location': {'street': {'number': 4966, 'name': 'آیت الله سعیدی'}, 'city': 'آبادان', 'state': 'گلستان', 'country': 'Iran', 'postcode': 77438, 'coordinates': {'latitude': '15.1540', 'longitude': '-11.5139'}, 'timezone': {'offset': '-8:00', 'description': 'Pacific Time (US &amp; Canada)'}}, 'email': 'rhm.rdyy@example.com', 'login': {'uuid': '632700eb-c4ca-4a5c-acff-7b51ba2891a7', 'username': 'yellowzebra502', 'password': 'salami', 'salt': 'VrVOMtU4', 'md5': '43e65f1739377b48de3c3c2daf410b6f', 'sha1': 'e72d4673f71099e85a911c0666dec203c1b39dbf', 'sha256': '7d9bfe686044a173e55e93d57e1d3412d99edf4e00a4658748114f14b095ab73'}, 'dob': {'date': '1985-03-28T03:04:09.826Z', 'age': 39}, 'registered': {'date': '2009-05-14T03:21:49.839Z', 'age': 14}, 'phone': '076-15616400', 'cell': '0977-916-3360', 'id': {'name': '', 'value': None}, 'picture': {'large': 'https://randomuser.me/api/portraits/men/6.jpg', 'medium': 'https://randomuser.me/api/portraits/med/men/6.jpg', 'thumbnail': 'https://randomuser.me/api/portraits/thumb/men/6.jpg'}, 'nat': 'IR'}], 'info': {'seed': 'd2eacf95ed2d7639', 'results': 1, 'page': 1, 'version': '1.4'}}</msg>
<arg>${json_data}</arg>
<doc>Logs the given message with the given level.</doc>
<status status="PASS" start="2024-04-17T10:15:07.996347" elapsed="0.000251"/>
</kw>
<kw name="Should Be String" owner="String">
<arg>${json_data['results'][0]['gender']}</arg>
<doc>Fails if the given ``item`` is not a string.</doc>
<status status="PASS" start="2024-04-17T10:15:07.996896" elapsed="0.000358"/>
</kw>
<kw name="Should Match Regexp" owner="BuiltIn">
<arg>${json_data['results'][0]['email']}</arg>
<arg>^[a-zA-Z0-9._%+-]+@[a-zA-Z0-9.-]+\.[a-zA-Z]{2,}$</arg>
<doc>Fails if ``string`` does not match ``pattern`` as a regular expression.</doc>
<status status="PASS" start="2024-04-17T10:15:07.997445" elapsed="0.000555"/>
</kw>
<kw name="Should Match Regexp" owner="BuiltIn">
<arg>${json_data['results'][0]['dob']['date']}</arg>
<arg>\\d{4}-\\d{2}-\\d{2}T\\d{2}:\\d{2}:\\d{2}\\.\\d{3}Z</arg>
<doc>Fails if ``string`` does not match ``pattern`` as a regular expression.</doc>
<status status="PASS" start="2024-04-17T10:15:07.998198" elapsed="0.000482"/>
</kw>
<kw name="Should Match Regexp" owner="BuiltIn">
<arg>${json_data['results'][0]['registered']['date']}</arg>
<arg>\\d{4}-\\d{2}-\\d{2}T\\d{2}:\\d{2}:\\d{2}\\.\\d{3}Z</arg>
<doc>Fails if ``string`` does not match ``pattern`` as a regular expression.</doc>
<status status="PASS" start="2024-04-17T10:15:07.998872" elapsed="0.000366"/>
</kw>
<kw name="Should Match Regexp" owner="BuiltIn">
<arg>${json_data['results'][0]['picture']['large']}</arg>
<arg>^https?://.*\.(?:png|jpe?g|gif|bmp)$</arg>
<doc>Fails if ``string`` does not match ``pattern`` as a regular expression.</doc>
<status status="PASS" start="2024-04-17T10:15:07.999423" elapsed="0.000451"/>
</kw>
<kw name="Should Match Regexp" owner="BuiltIn">
<arg>${json_data['results'][0]['picture']['medium']}</arg>
<arg>^https?://.*\.(?:png|jpe?g|gif|bmp)$</arg>
<doc>Fails if ``string`` does not match ``pattern`` as a regular expression.</doc>
<status status="PASS" start="2024-04-17T10:15:08.000067" elapsed="0.000358"/>
</kw>
<kw name="Should Match Regexp" owner="BuiltIn">
<arg>${json_data['results'][0]['picture']['thumbnail']}</arg>
<arg>^https?://.*\.(?:png|jpe?g|gif|bmp)$</arg>
<doc>Fails if ``string`` does not match ``pattern`` as a regular expression.</doc>
<status status="PASS" start="2024-04-17T10:15:08.000616" elapsed="0.000350"/>
</kw>
<kw name="Log" owner="BuiltIn">
<msg time="2024-04-17T10:15:08.001482" level="INFO">{'large': 'https://randomuser.me/api/portraits/men/6.jpg', 'medium': 'https://randomuser.me/api/portraits/med/men/6.jpg', 'thumbnail': 'https://randomuser.me/api/portraits/thumb/men/6.jpg'}</msg>
<arg>${json_data['results'][0]['picture']}</arg>
<doc>Logs the given message with the given level.</doc>
<status status="PASS" start="2024-04-17T10:15:08.001152" elapsed="0.000372"/>
</kw>
<status status="PASS" start="2024-04-17T10:15:07.922005" elapsed="0.079776"/>
</kw>
<kw name="Teste de Tipos de Dados - Postcode" owner="random-user-service">
<kw name="GET On Session" owner="RequestsLibrary">
<msg time="2024-04-17T10:15:08.102490" level="INFO">GET Request : url=https://randomuser.me/api 
 path_url=/api 
 headers={'User-Agent': 'python-requests/2.31.0', 'Accept-Encoding': 'gzip, deflate', 'Accept': '*/*', 'Connection': 'keep-alive'} 
 body=None 
 </msg>
<msg time="2024-04-17T10:15:08.102601" level="INFO">GET Response : url=https://randomuser.me/api 
 status=200, reason=OK 
 headers={'Date': 'Wed, 17 Apr 2024 10:15:08 GMT', 'Content-Type': 'application/json; charset=utf-8', 'Transfer-Encoding': 'chunked', 'Connection': 'keep-alive', 'X-Powered-By': 'Express', 'Access-Control-Allow-Origin': '*', 'Cache-Control': 'no-cache', 'ETag': 'W/"47c-rZBSJ8q8+009zGfqCl1Gl+lJSJc"', 'Vary': 'Accept-Encoding', 'Content-Encoding': 'gzip', 'CF-Cache-Status': 'DYNAMIC', 'Report-To': '{"endpoints":[{"url":"https:\\/\\/a.nel.cloudflare.com\\/report\\/v4?s=ldyKIG8IdK4ildH2NIBTCtjtYeo8wcuNSBVSFD2lz19QHPmdAnfwRpeKVaRk7JBDMOlQiiEAONHvbBgUEURUQAL0KyvD26NWD1gDyhqJXpomufap94dBo7G76vUXlMCp"}],"group":"cf-nel","max_age":604800}', 'NEL': '{"success_fraction":0,"report_to":"cf-nel","max_age":604800}', 'Server': 'cloudflare', 'CF-RAY': '875ba6f30c1220d7-IAD', 'alt-svc': 'h3=":443"; ma=86400'} 
 body={"results":[{"gender":"male","name":{"title":"Mr","first":"Sindre","last":"Wennberg"},"location":{"street":{"number":8416,"name":"Fådveien"},"city":"Rød","state":"Akershus","country":"Norway","postcode":"7734","coordinates":{"latitude":"42.8395","longitude":"-84.4490"},"timezone":{"offset":"+4:00","description":"Abu Dhabi, Muscat, Baku, Tbilisi"}},"email":"sindre.wennberg@example.com","login":{"uuid":"dfad3a0f-8817-4809-90fd-6129a98333c5","username":"whitesnake457","password":"123654","salt":"HFgCGbKe","md5":"de8fc48440f72fd2547a0d440b6f5550","sha1":"ac4002f8dfa216c92cc181c16f71736b4db53dcc","sha256":"473aac87b6298688180299b9a1215e929dbe439de0dab00372a4f981da0f9961"},"dob":{"date":"1951-07-26T06:35:02.778Z","age":72},"registered":{"date":"2005-02-27T22:40:58.692Z","age":19},"phone":"65522283","cell":"47417302","id":{"name":"FN","value":"26075108507"},"picture":{"large":"https://randomuser.me/api/portraits/men/60.jpg","medium":"https://randomuser.me/api/portraits/med/men/60.jpg","thumbnail":"https://randomuser.me/api/portraits/thumb/men/60.jpg"},"nat":"NO"}],"info":{"seed":"2fe6160ee6f4d57d","results":1,"page":1,"version":"1.4"}} 
 </msg>
<msg time="2024-04-17T10:15:08.102685" level="INFO">/opt/hostedtoolcache/Python/3.12.3/x64/lib/python3.12/site-packages/urllib3/connectionpool.py:1103: InsecureRequestWarning: Unverified HTTPS request is being made to host 'randomuser.me'. Adding certificate verification is strongly advised. See: https://urllib3.readthedocs.io/en/latest/advanced-usage.html#tls-warnings
  warnings.warn(</msg>
<msg time="2024-04-17T10:15:08.102823" level="INFO">${response} = &lt;Response [200]&gt;</msg>
<var>${response}</var>
<arg>consultarAPI</arg>
<arg>/api</arg>
<doc>Sends a GET request on a previously created HTTP Session.</doc>
<status status="PASS" start="2024-04-17T10:15:08.002323" elapsed="0.100549"/>
</kw>
<kw name="Set Variable" owner="BuiltIn">
<msg time="2024-04-17T10:15:08.104148" level="INFO">${json_data} = {'results': [{'gender': 'male', 'name': {'title': 'Mr', 'first': 'Sindre', 'last': 'Wennberg'}, 'location': {'street': {'number': 8416, 'name': 'Fådveien'}, 'city': 'Rød', 'state': 'Akershus', 'countr...</msg>
<var>${json_data}</var>
<arg>${response.json()}</arg>
<doc>Returns the given values which can then be assigned to a variables.</doc>
<status status="PASS" start="2024-04-17T10:15:08.103528" elapsed="0.000650"/>
</kw>
<kw name="Log" owner="BuiltIn">
<msg time="2024-04-17T10:15:08.104646" level="INFO">{'results': [{'gender': 'male', 'name': {'title': 'Mr', 'first': 'Sindre', 'last': 'Wennberg'}, 'location': {'street': {'number': 8416, 'name': 'Fådveien'}, 'city': 'Rød', 'state': 'Akershus', 'country': 'Norway', 'postcode': '7734', 'coordinates': {'latitude': '42.8395', 'longitude': '-84.4490'}, 'timezone': {'offset': '+4:00', 'description': 'Abu Dhabi, Muscat, Baku, Tbilisi'}}, 'email': 'sindre.wennberg@example.com', 'login': {'uuid': 'dfad3a0f-8817-4809-90fd-6129a98333c5', 'username': 'whitesnake457', 'password': '123654', 'salt': 'HFgCGbKe', 'md5': 'de8fc48440f72fd2547a0d440b6f5550', 'sha1': 'ac4002f8dfa216c92cc181c16f71736b4db53dcc', 'sha256': '473aac87b6298688180299b9a1215e929dbe439de0dab00372a4f981da0f9961'}, 'dob': {'date': '1951-07-26T06:35:02.778Z', 'age': 72}, 'registered': {'date': '2005-02-27T22:40:58.692Z', 'age': 19}, 'phone': '65522283', 'cell': '47417302', 'id': {'name': 'FN', 'value': '26075108507'}, 'picture': {'large': 'https://randomuser.me/api/portraits/men/60.jpg', 'medium': 'https://randomuser.me/api/portraits/med/men/60.jpg', 'thumbnail': 'https://randomuser.me/api/portraits/thumb/men/60.jpg'}, 'nat': 'NO'}], 'info': {'seed': '2fe6160ee6f4d57d', 'results': 1, 'page': 1, 'version': '1.4'}}</msg>
<arg>${json_data}</arg>
<doc>Logs the given message with the given level.</doc>
<status status="PASS" start="2024-04-17T10:15:08.104488" elapsed="0.000241"/>
</kw>
<kw name="Should Be Equal As Numbers" owner="BuiltIn">
<arg>${json_data['results'][0]['location']['postcode']}</arg>
<arg>${json_data['results'][0]['location']['postcode']}</arg>
<doc>Fails if objects are unequal after converting them to real numbers.</doc>
<status status="PASS" start="2024-04-17T10:15:08.105027" elapsed="0.000791"/>
</kw>
<kw name="Log" owner="BuiltIn">
<msg time="2024-04-17T10:15:08.106391" level="INFO">7734</msg>
<arg>${json_data['results'][0]['location']['postcode']}</arg>
<doc>Logs the given message with the given level.</doc>
<status status="PASS" start="2024-04-17T10:15:08.106054" elapsed="0.000377"/>
</kw>
<status status="PASS" start="2024-04-17T10:15:08.002058" elapsed="0.104627"/>
</kw>
<doc>Testa se os tipos de dados na resposta da API estão corretos.</doc>
<tag>testeTiposDados</tag>
<status status="PASS" start="2024-04-17T10:15:07.921408" elapsed="0.185445"/>
</test>
<test id="s1-s1-t5" name="Validar conteudo" line="35">
<kw name="Teste de Tipos de Conteudo" owner="random-user-service">
<kw name="GET On Session" owner="RequestsLibrary">
<msg time="2024-04-17T10:15:08.200623" level="INFO">GET Request : url=https://randomuser.me/api 
 path_url=/api 
 headers={'User-Agent': 'python-requests/2.31.0', 'Accept-Encoding': 'gzip, deflate', 'Accept': '*/*', 'Connection': 'keep-alive'} 
 body=None 
 </msg>
<msg time="2024-04-17T10:15:08.200739" level="INFO">GET Response : url=https://randomuser.me/api 
 status=200, reason=OK 
 headers={'Date': 'Wed, 17 Apr 2024 10:15:08 GMT', 'Content-Type': 'application/json; charset=utf-8', 'Transfer-Encoding': 'chunked', 'Connection': 'keep-alive', 'X-Powered-By': 'Express', 'Access-Control-Allow-Origin': '*', 'Cache-Control': 'no-cache', 'ETag': 'W/"483-JpkurOfjJU5m7XtE2T3koK30Ad4"', 'Vary': 'Accept-Encoding', 'Content-Encoding': 'gzip', 'CF-Cache-Status': 'DYNAMIC', 'Report-To': '{"endpoints":[{"url":"https:\\/\\/a.nel.cloudflare.com\\/report\\/v4?s=SLt2QkDVN%2Fo1PrrrWCG8Xm%2BRuQtOvrzA4nfZiH%2Bwgn5JBMvMLy4J6xCxvRVte4j6rl%2FySvw0JQvHzx7XpTsv%2Fy1v9VDGvJh0kBvjbSgJebKY9E3WPH8Hu6584zZUIS%2FY"}],"group":"cf-nel","max_age":604800}', 'NEL': '{"success_fraction":0,"report_to":"cf-nel","max_age":604800}', 'Server': 'cloudflare', 'CF-RAY': '875ba6f3bcb520d7-IAD', 'alt-svc': 'h3=":443"; ma=86400'} 
 body={"results":[{"gender":"female","name":{"title":"Madame","first":"Sabine","last":"Menard"},"location":{"street":{"number":8545,"name":"Rue Gasparin"},"city":"Vernayaz","state":"Schwyz","country":"Switzerland","postcode":9086,"coordinates":{"latitude":"-63.7197","longitude":"47.4041"},"timezone":{"offset":"+5:45","description":"Kathmandu"}},"email":"sabine.menard@example.com","login":{"uuid":"da1bdee9-0706-4b9c-9e5e-0975ebe17c65","username":"tinybird660","password":"filthy","salt":"DayTKUK3","md5":"4590cb3f94d9c6841a91458328af85c5","sha1":"42e9b2767d70b0d486b2fcc08d7149e1e0514c99","sha256":"2ee4ced06272ec0cca74b6f2204970a987623057c310272262785f6026fa0146"},"dob":{"date":"1971-02-11T03:37:13.643Z","age":53},"registered":{"date":"2008-08-27T21:25:58.521Z","age":15},"phone":"075 484 34 88","cell":"076 250 81 46","id":{"name":"AVS","value":"756.6610.0753.86"},"picture":{"large":"https://randomuser.me/api/portraits/women/89.jpg","medium":"https://randomuser.me/api/portraits/med/women/89.jpg","thumbnail":"https://randomuser.me/api/portraits/thumb/women/89.jpg"},"nat":"CH"}],"info":{"seed":"4282f6bbec351bfd","results":1,"page":1,"version":"1.4"}} 
 </msg>
<msg time="2024-04-17T10:15:08.200826" level="INFO">/opt/hostedtoolcache/Python/3.12.3/x64/lib/python3.12/site-packages/urllib3/connectionpool.py:1103: InsecureRequestWarning: Unverified HTTPS request is being made to host 'randomuser.me'. Adding certificate verification is strongly advised. See: https://urllib3.readthedocs.io/en/latest/advanced-usage.html#tls-warnings
  warnings.warn(</msg>
<msg time="2024-04-17T10:15:08.200964" level="INFO">${response} = &lt;Response [200]&gt;</msg>
<var>${response}</var>
<arg>consultarAPI</arg>
<arg>/api</arg>
<doc>Sends a GET request on a previously created HTTP Session.</doc>
<status status="PASS" start="2024-04-17T10:15:08.110097" elapsed="0.090916"/>
</kw>
<kw name="Set Variable" owner="BuiltIn">
<msg time="2024-04-17T10:15:08.202122" level="INFO">${json_data} = {'results': [{'gender': 'female', 'name': {'title': 'Madame', 'first': 'Sabine', 'last': 'Menard'}, 'location': {'street': {'number': 8545, 'name': 'Rue Gasparin'}, 'city': 'Vernayaz', 'state': 'Schwy...</msg>
<var>${json_data}</var>
<arg>${response.json()}</arg>
<doc>Returns the given values which can then be assigned to a variables.</doc>
<status status="PASS" start="2024-04-17T10:15:08.201567" elapsed="0.000583"/>
</kw>
<kw name="Set Variable" owner="BuiltIn">
<msg time="2024-04-17T10:15:08.202856" level="INFO">${name_title} = Madame</msg>
<var>${name_title}</var>
<arg>${json_data["results"][0]["name"]["title"]}</arg>
<doc>Returns the given values which can then be assigned to a variables.</doc>
<status status="PASS" start="2024-04-17T10:15:08.202470" elapsed="0.000411"/>
</kw>
<kw name="Create List" owner="BuiltIn">
<msg time="2024-04-17T10:15:08.203323" level="INFO">${allowed_titles} = ['Mr', 'Ms', 'Miss', 'Mrs', 'Madame', 'Monsieur']</msg>
<var>${allowed_titles}</var>
<arg>Mr</arg>
<arg>Ms</arg>
<arg>Miss</arg>
<arg>Mrs</arg>
<arg>Madame</arg>
<arg>Monsieur</arg>
<doc>Returns a list containing given items.</doc>
<status status="PASS" start="2024-04-17T10:15:08.203177" elapsed="0.000170"/>
</kw>
<kw name="List Should Contain Value" owner="Collections">
<msg time="2024-04-17T10:15:08.203807" level="INFO">False</msg>
<arg>${allowed_titles}</arg>
<arg>${name_title}</arg>
<doc>Fails if the ``value`` is not found from ``list``.</doc>
<status status="PASS" start="2024-04-17T10:15:08.203639" elapsed="0.000204"/>
</kw>
<kw name="Set Variable" owner="BuiltIn">
<msg time="2024-04-17T10:15:08.204505" level="INFO">${name_country} = CH</msg>
<var>${name_country}</var>
<arg>${json_data["results"][0]["nat"]}</arg>
<doc>Returns the given values which can then be assigned to a variables.</doc>
<status status="PASS" start="2024-04-17T10:15:08.204124" elapsed="0.000406"/>
</kw>
<kw name="Create List" owner="BuiltIn">
<msg time="2024-04-17T10:15:08.205414" level="INFO">${list_country} = ['AD', 'AE', 'AF', 'AG', 'AI', 'AL', 'AM', 'AO', 'AQ', 'AR', 'AS', 'AT', 'AU', 'AW', 'AX', 'AZ', 'BA', 'BB', 'BD', 'BE', 'BF', 'BG', 'BH', 'BI', 'BJ', 'BL', 'BM', 'BN', 'BO', 'BQ', 'BR', 'BS', 'BT', '...</msg>
<var>${list_country}</var>
<arg>AD</arg>
<arg>AE</arg>
<arg>AF</arg>
<arg>AG</arg>
<arg>AI</arg>
<arg>AL</arg>
<arg>AM</arg>
<arg>AO</arg>
<arg>AQ</arg>
<arg>AR</arg>
<arg>AS</arg>
<arg>AT</arg>
<arg>AU</arg>
<arg>AW</arg>
<arg>AX</arg>
<arg>AZ</arg>
<arg>BA</arg>
<arg>BB</arg>
<arg>BD</arg>
<arg>BE</arg>
<arg>BF</arg>
<arg>BG</arg>
<arg>BH</arg>
<arg>BI</arg>
<arg>BJ</arg>
<arg>BL</arg>
<arg>BM</arg>
<arg>BN</arg>
<arg>BO</arg>
<arg>BQ</arg>
<arg>BR</arg>
<arg>BS</arg>
<arg>BT</arg>
<arg>BV</arg>
<arg>BW</arg>
<arg>BY</arg>
<arg>BZ</arg>
<arg>CA</arg>
<arg>CC</arg>
<arg>CD</arg>
<arg>CF</arg>
<arg>CG</arg>
<arg>CH</arg>
<arg>CI</arg>
<arg>CK</arg>
<arg>CL</arg>
<arg>CM</arg>
<arg>CN</arg>
<arg>CO</arg>
<arg>CR</arg>
<arg>CU</arg>
<arg>CV</arg>
<arg>CW</arg>
<arg>CX</arg>
<arg>CY</arg>
<arg>CZ</arg>
<arg>DE</arg>
<arg>DJ</arg>
<arg>DK</arg>
<arg>DM</arg>
<arg>DO</arg>
<arg>DZ</arg>
<arg>EC</arg>
<arg>EE</arg>
<arg>EG</arg>
<arg>EH</arg>
<arg>ER</arg>
<arg>ES</arg>
<arg>ET</arg>
<arg>FI</arg>
<arg>FJ</arg>
<arg>FK</arg>
<arg>FM</arg>
<arg>FO</arg>
<arg>FR</arg>
<arg>GA</arg>
<arg>GB</arg>
<arg>GD</arg>
<arg>GE</arg>
<arg>GF</arg>
<arg>GG</arg>
<arg>GH</arg>
<arg>GI</arg>
<arg>GL</arg>
<arg>GM</arg>
<arg>GN</arg>
<arg>GP</arg>
<arg>GQ</arg>
<arg>GR</arg>
<arg>GS</arg>
<arg>GT</arg>
<arg>GU</arg>
<arg>GW</arg>
<arg>GY</arg>
<arg>HK</arg>
<arg>HM</arg>
<arg>HN</arg>
<arg>HR</arg>
<arg>HT</arg>
<arg>HU</arg>
<arg>ID</arg>
<arg>IE</arg>
<arg>IL</arg>
<arg>IM</arg>
<arg>IN</arg>
<arg>IO</arg>
<arg>IQ</arg>
<arg>IR</arg>
<arg>IS</arg>
<arg>IT</arg>
<arg>JE</arg>
<arg>JM</arg>
<arg>JO</arg>
<arg>JP</arg>
<arg>KE</arg>
<arg>KG</arg>
<arg>KH</arg>
<arg>KI</arg>
<arg>KM</arg>
<arg>KN</arg>
<arg>KP</arg>
<arg>KR</arg>
<arg>KW</arg>
<arg>KY</arg>
<arg>KZ</arg>
<arg>LA</arg>
<arg>LB</arg>
<arg>LC</arg>
<arg>LI</arg>
<arg>LK</arg>
<arg>LR</arg>
<arg>LS</arg>
<arg>LT</arg>
<arg>LU</arg>
<arg>LV</arg>
<arg>LY</arg>
<arg>MA</arg>
<arg>MC</arg>
<arg>MD</arg>
<arg>ME</arg>
<arg>MF</arg>
<arg>MG</arg>
<arg>MH</arg>
<arg>MK</arg>
<arg>ML</arg>
<arg>MM</arg>
<arg>MN</arg>
<arg>MO</arg>
<arg>MP</arg>
<arg>MQ</arg>
<arg>MR</arg>
<arg>MS</arg>
<arg>MT</arg>
<arg>MU</arg>
<arg>MV</arg>
<arg>MW</arg>
<arg>MX</arg>
<arg>MY</arg>
<arg>MZ</arg>
<arg>NA</arg>
<arg>NC</arg>
<arg>NE</arg>
<arg>NF</arg>
<arg>NG</arg>
<arg>NI</arg>
<arg>NL</arg>
<arg>NO</arg>
<arg>NP</arg>
<arg>NR</arg>
<arg>NU</arg>
<arg>NZ</arg>
<arg>OM</arg>
<arg>PA</arg>
<arg>PE</arg>
<arg>PF</arg>
<arg>PG</arg>
<arg>PH</arg>
<arg>PK</arg>
<arg>PL</arg>
<arg>PM</arg>
<arg>PN</arg>
<arg>PR</arg>
<arg>PS</arg>
<arg>PT</arg>
<arg>PW</arg>
<arg>PY</arg>
<arg>QA</arg>
<arg>RE</arg>
<arg>RO</arg>
<arg>RS</arg>
<arg>RU</arg>
<arg>RW</arg>
<arg>SA</arg>
<arg>SB</arg>
<arg>SC</arg>
<arg>SD</arg>
<arg>SE</arg>
<arg>SG</arg>
<arg>SH</arg>
<arg>SI</arg>
<arg>SJ</arg>
<arg>SK</arg>
<arg>SL</arg>
<arg>SM</arg>
<arg>SN</arg>
<arg>SO</arg>
<arg>SR</arg>
<arg>SS</arg>
<arg>ST</arg>
<arg>SV</arg>
<arg>SX</arg>
<arg>SY</arg>
<arg>SZ</arg>
<arg>TC</arg>
<arg>TD</arg>
<arg>TF</arg>
<arg>TG</arg>
<arg>TH</arg>
<arg>TJ</arg>
<arg>TK</arg>
<arg>TL</arg>
<arg>TM</arg>
<arg>TN</arg>
<arg>TO</arg>
<arg>TR</arg>
<arg>TT</arg>
<arg>TV</arg>
<arg>TW</arg>
<arg>TZ</arg>
<arg>UA</arg>
<arg>UG</arg>
<arg>UM</arg>
<arg>US</arg>
<arg>UY</arg>
<arg>UZ</arg>
<arg>VA</arg>
<arg>VC</arg>
<arg>VE</arg>
<arg>VG</arg>
<arg>VI</arg>
<arg>VN</arg>
<arg>VU</arg>
<arg>WF</arg>
<arg>WS</arg>
<arg>XK</arg>
<arg>YE</arg>
<arg>YT</arg>
<arg>ZA</arg>
<arg>ZM</arg>
<arg>ZW</arg>
<doc>Returns a list containing given items.</doc>
<status status="PASS" start="2024-04-17T10:15:08.204833" elapsed="0.000606"/>
</kw>
<kw name="List Should Contain Value" owner="Collections">
<msg time="2024-04-17T10:15:08.206438" level="INFO">False</msg>
<arg>${list_country}</arg>
<arg>${name_country}</arg>
<doc>Fails if the ``value`` is not found from ``list``.</doc>
<status status="PASS" start="2024-04-17T10:15:08.206241" elapsed="0.000233"/>
</kw>
<kw name="Run Keyword If" owner="BuiltIn">
<kw name="Should Be True" owner="BuiltIn">
<arg>${True}</arg>
<doc>Fails if the given condition is not true.</doc>
<status status="PASS" start="2024-04-17T10:15:08.207542" elapsed="0.000140"/>
</kw>
<arg>${json_data["results"][0]["location"]["coordinates"]["latitude"]} &gt;= -90 and ${json_data["results"][0]["location"]["coordinates"]["latitude"]} &lt;= 90</arg>
<arg>Should Be True</arg>
<arg>${True}</arg>
<doc>Runs the given keyword with the given arguments, if ``condition`` is true.</doc>
<status status="PASS" start="2024-04-17T10:15:08.206786" elapsed="0.001020"/>
</kw>
<kw name="Run Keyword If" owner="BuiltIn">
<kw name="Should Be True" owner="BuiltIn">
<arg>${True}</arg>
<doc>Fails if the given condition is not true.</doc>
<status status="PASS" start="2024-04-17T10:15:08.208668" elapsed="0.000254"/>
</kw>
<arg>${json_data["results"][0]["location"]["coordinates"]["longitude"]} &gt;= -180 and ${json_data["results"][0]["location"]["coordinates"]["longitude"]} &lt;= 180</arg>
<arg>Should Be True</arg>
<arg>${True}</arg>
<doc>Runs the given keyword with the given arguments, if ``condition`` is true.</doc>
<status status="PASS" start="2024-04-17T10:15:08.207989" elapsed="0.001057"/>
</kw>
<status status="PASS" start="2024-04-17T10:15:08.109695" elapsed="0.099482"/>
</kw>
<doc>Testa o conteúdo específico dos campos retornados pela API.</doc>
<tag>testeConteudo</tag>
<status status="PASS" start="2024-04-17T10:15:08.108989" elapsed="0.100339"/>
</test>
<status status="PASS" start="2024-04-17T10:15:07.355454" elapsed="0.855876"/>
</suite>
<status status="PASS" start="2024-04-17T10:15:07.340853" elapsed="0.875591"/>
</suite>
<statistics>
<total>
<stat pass="5" fail="0" skip="0">All Tests</stat>
</total>
<tag>
<stat pass="1" fail="0" skip="0">testeConteudo</stat>
<stat pass="1" fail="0" skip="0">testeEstruturaResposta</stat>
<stat pass="1" fail="0" skip="0">testeRequisicaoBasica</stat>
<stat pass="1" fail="0" skip="0">testeTiposDados</stat>
</tag>
<suite>
<stat pass="5" fail="0" skip="0" id="s1" name="Tests">Tests</stat>
<stat pass="5" fail="0" skip="0" id="s1-s1" name="Random-User-Test">Tests.Random-User-Test</stat>
</suite>
</statistics>
<errors>
</errors>
</robot>
