<?xml version="1.0" encoding="UTF-8"?>
<robot generator="Robot 7.0.1 (Python 3.12.4 on linux)" generated="2024-07-27T09:15:12.699369" rpa="false" schemaversion="5">
<suite id="s1" name="Tests" source="/home/runner/work/ApiRandomUser/ApiRandomUser/RamdonUser/tests">
<suite id="s1-s1" name="Random-User-Test" source="/home/runner/work/ApiRandomUser/ApiRandomUser/RamdonUser/tests/random-user-test.robot">
<test id="s1-s1-t1" name="Conectar" line="13">
<kw name="Conectar API" owner="random-user-service">
<kw name="Create Session" owner="RequestsLibrary">
<msg time="2024-07-27T09:15:13.116343" level="INFO">Creating Session using : alias=consultarAPI, url=https://randomuser.me/, headers={},                     cookies={}, auth=None, timeout=None, proxies=None, verify=False,                     debug=0 </msg>
<arg>consultarAPI</arg>
<arg>${URL}</arg>
<doc>Create Session: create a HTTP session to a server</doc>
<status status="PASS" start="2024-07-27T09:15:13.116131" elapsed="0.000409"/>
</kw>
<status status="PASS" start="2024-07-27T09:15:13.115053" elapsed="0.001857"/>
</kw>
<status status="PASS" start="2024-07-27T09:15:13.114271" elapsed="0.002836"/>
</test>
<test id="s1-s1-t2" name="Validar retorno 200 e JSON Válido" line="16">
<kw name="Teste de Requisicao Basica" owner="random-user-service">
<kw name="GET On Session" owner="RequestsLibrary">
<msg time="2024-07-27T09:15:13.202929" level="INFO">GET Request : url=https://randomuser.me/api 
 path_url=/api 
 headers={'User-Agent': 'python-requests/2.32.3', 'Accept-Encoding': 'gzip, deflate', 'Accept': '*/*', 'Connection': 'keep-alive'} 
 body=None 
 </msg>
<msg time="2024-07-27T09:15:13.203087" level="INFO">GET Response : url=https://randomuser.me/api 
 status=200, reason=OK 
 headers={'Date': 'Sat, 27 Jul 2024 09:15:13 GMT', 'Content-Type': 'application/json; charset=utf-8', 'Transfer-Encoding': 'chunked', 'Connection': 'keep-alive', 'X-Powered-By': 'Express', 'Access-Control-Allow-Origin': '*', 'Cache-Control': 'no-cache', 'ETag': 'W/"476-yMohW5OdJJB9VxCj8CCw4Jj1X54"', 'Vary': 'Accept-Encoding', 'Content-Encoding': 'gzip', 'CF-Cache-Status': 'DYNAMIC', 'Report-To': '{"endpoints":[{"url":"https:\\/\\/a.nel.cloudflare.com\\/report\\/v4?s=n5nBsPItn%2B3eKunOP7DQat%2B3F4bhrftYCGs%2Bn2IqkElu7NfHmz3rxOQ1dfCqNdcQM7yssxD1ha7GJ%2Brsv%2F%2B%2BcUIJ0jNoKGk8J7QNUHW%2Fr22JdUkCx7nwja%2BmRSYczWBd"}],"group":"cf-nel","max_age":604800}', 'NEL': '{"success_fraction":0,"report_to":"cf-nel","max_age":604800}', 'Server': 'cloudflare', 'CF-RAY': '8a9b860f4e49616d-ORD', 'alt-svc': 'h3=":443"; ma=86400'} 
 body={"results":[{"gender":"female","name":{"title":"Miss","first":"Alice","last":"Morris"},"location":{"street":{"number":2054,"name":"White Swan Road"},"city":"Porirua","state":"Tasman","country":"New Zealand","postcode":15490,"coordinates":{"latitude":"51.7964","longitude":"22.2361"},"timezone":{"offset":"-2:00","description":"Mid-Atlantic"}},"email":"alice.morris@example.com","login":{"uuid":"08463fac-0e38-49cb-b137-098e48c168ed","username":"lazybird629","password":"charles1","salt":"6oFJXUEf","md5":"400b38041cb468b90dc3b9825a851185","sha1":"76ec824f026dca8067aa67a9f101130887659e6a","sha256":"4042b22ee552095b7edff88c366b92dac2603391de3e82940f2193d23ad6763c"},"dob":{"date":"1974-10-09T14:22:12.784Z","age":49},"registered":{"date":"2021-02-11T13:58:55.039Z","age":3},"phone":"(570)-359-8165","cell":"(205)-772-5615","id":{"name":"","value":null},"picture":{"large":"https://randomuser.me/api/portraits/women/28.jpg","medium":"https://randomuser.me/api/portraits/med/women/28.jpg","thumbnail":"https://randomuser.me/api/portraits/thumb/women/28.jpg"},"nat":"NZ"}],"info":{"seed":"17523bb8c4e25151","results":1,"page":1,"version":"1.4"}} 
 </msg>
<msg time="2024-07-27T09:15:13.203169" level="INFO">/opt/hostedtoolcache/Python/3.12.4/x64/lib/python3.12/site-packages/urllib3/connectionpool.py:1099: InsecureRequestWarning: Unverified HTTPS request is being made to host 'randomuser.me'. Adding certificate verification is strongly advised. See: https://urllib3.readthedocs.io/en/latest/advanced-usage.html#tls-warnings
  warnings.warn(</msg>
<msg time="2024-07-27T09:15:13.203331" level="INFO">${response} = &lt;Response [200]&gt;</msg>
<var>${response}</var>
<arg>consultarAPI</arg>
<arg>/api</arg>
<doc>Sends a GET request on a previously created HTTP Session.</doc>
<status status="PASS" start="2024-07-27T09:15:13.119887" elapsed="0.083484"/>
</kw>
<kw name="Should Be Equal As Numbers" owner="BuiltIn">
<msg time="2024-07-27T09:15:13.204388" level="INFO">Argument types are:
&lt;class 'int'&gt;
&lt;class 'str'&gt;</msg>
<arg>${response.status_code}</arg>
<arg>200</arg>
<doc>Fails if objects are unequal after converting them to real numbers.</doc>
<status status="PASS" start="2024-07-27T09:15:13.203918" elapsed="0.000537"/>
</kw>
<kw name="Log" owner="BuiltIn">
<msg time="2024-07-27T09:15:13.205139" level="INFO">200</msg>
<arg>${response.status_code}</arg>
<doc>Logs the given message with the given level.</doc>
<status status="PASS" start="2024-07-27T09:15:13.204782" elapsed="0.000400"/>
</kw>
<kw name="Set Variable" owner="BuiltIn">
<msg time="2024-07-27T09:15:13.205966" level="INFO">${json_data} = {'results': [{'gender': 'female', 'name': {'title': 'Miss', 'first': 'Alice', 'last': 'Morris'}, 'location': {'street': {'number': 2054, 'name': 'White Swan Road'}, 'city': 'Porirua', 'state': 'Tasman...</msg>
<var>${json_data}</var>
<arg>${response.json()}</arg>
<doc>Returns the given values which can then be assigned to a variables.</doc>
<status status="PASS" start="2024-07-27T09:15:13.205497" elapsed="0.000498"/>
</kw>
<kw name="Dictionary Should Contain Key" owner="Collections">
<arg>${json_data}</arg>
<arg>results</arg>
<doc>Fails if ``key`` is not found from ``dictionary``.</doc>
<status status="PASS" start="2024-07-27T09:15:13.206311" elapsed="0.000383"/>
</kw>
<status status="PASS" start="2024-07-27T09:15:13.119546" elapsed="0.087313"/>
</kw>
<doc>Testa se a API responde corretamente e retorna um objeto JSON válido.</doc>
<tag>testeRequisicaoBasica</tag>
<status status="PASS" start="2024-07-27T09:15:13.118995" elapsed="0.088046"/>
</test>
<test id="s1-s1-t3" name="Validar estrutura de resposta" line="22">
<kw name="Teste de Estrutura de Resposta" owner="random-user-service">
<kw name="GET On Session" owner="RequestsLibrary">
<msg time="2024-07-27T09:15:13.329651" level="INFO">GET Request : url=https://randomuser.me/api 
 path_url=/api 
 headers={'User-Agent': 'python-requests/2.32.3', 'Accept-Encoding': 'gzip, deflate', 'Accept': '*/*', 'Connection': 'keep-alive'} 
 body=None 
 </msg>
<msg time="2024-07-27T09:15:13.329765" level="INFO">GET Response : url=https://randomuser.me/api 
 status=200, reason=OK 
 headers={'Date': 'Sat, 27 Jul 2024 09:15:13 GMT', 'Content-Type': 'application/json; charset=utf-8', 'Transfer-Encoding': 'chunked', 'Connection': 'keep-alive', 'X-Powered-By': 'Express', 'Access-Control-Allow-Origin': '*', 'Cache-Control': 'no-cache', 'ETag': 'W/"490-8eea4xVl0aCuICgN1kn68Rxxa/4"', 'Vary': 'Accept-Encoding', 'Content-Encoding': 'gzip', 'CF-Cache-Status': 'DYNAMIC', 'Report-To': '{"endpoints":[{"url":"https:\\/\\/a.nel.cloudflare.com\\/report\\/v4?s=yl5JBw7kFYVEQaiODI1i%2BS3o9SJrQdFyFlCWs7LXCq%2BU7v3t%2BTOz2lrrXQy%2BAvz%2BsitT%2F%2BifbpcYSt%2F1i5vAlupI1CWLQ%2B8Zkc8ukXjMeHyRtb7%2BNyQGDD6sTXYnnt6%2B"}],"group":"cf-nel","max_age":604800}', 'NEL': '{"success_fraction":0,"report_to":"cf-nel","max_age":604800}', 'Server': 'cloudflare', 'CF-RAY': '8a9b860f8e71616d-ORD', 'alt-svc': 'h3=":443"; ma=86400'} 
 body={"results":[{"gender":"female","name":{"title":"Miss","first":"Edna","last":"Griffin"},"location":{"street":{"number":7023,"name":"Daisy Dr"},"city":"Montgomery","state":"Virginia","country":"United States","postcode":31316,"coordinates":{"latitude":"82.1566","longitude":"111.6401"},"timezone":{"offset":"+6:00","description":"Almaty, Dhaka, Colombo"}},"email":"edna.griffin@example.com","login":{"uuid":"454cb29e-34a9-4195-9437-ce18e6f7d82d","username":"lazyrabbit905","password":"chestnut","salt":"rPKgMv1r","md5":"187a1f29c29b7062dd8bb044d0f92de5","sha1":"29aa968916c7ccb9be788a662bd4b0e05061112f","sha256":"cb2ecc82add2c63d26701cbf4b5341c67af29aef3388172ce99227a6de0dd3fa"},"dob":{"date":"1951-08-06T23:52:19.624Z","age":72},"registered":{"date":"2013-02-08T07:16:30.445Z","age":11},"phone":"(594) 851-8090","cell":"(654) 592-1650","id":{"name":"SSN","value":"413-66-1779"},"picture":{"large":"https://randomuser.me/api/portraits/women/85.jpg","medium":"https://randomuser.me/api/portraits/med/women/85.jpg","thumbnail":"https://randomuser.me/api/portraits/thumb/women/85.jpg"},"nat":"US"}],"info":{"seed":"c1c181b04d8f9bd1","results":1,"page":1,"version":"1.4"}} 
 </msg>
<msg time="2024-07-27T09:15:13.329917" level="INFO">/opt/hostedtoolcache/Python/3.12.4/x64/lib/python3.12/site-packages/urllib3/connectionpool.py:1099: InsecureRequestWarning: Unverified HTTPS request is being made to host 'randomuser.me'. Adding certificate verification is strongly advised. See: https://urllib3.readthedocs.io/en/latest/advanced-usage.html#tls-warnings
  warnings.warn(</msg>
<msg time="2024-07-27T09:15:13.330076" level="INFO">${response} = &lt;Response [200]&gt;</msg>
<var>${response}</var>
<arg>consultarAPI</arg>
<arg>/api</arg>
<doc>Sends a GET request on a previously created HTTP Session.</doc>
<status status="PASS" start="2024-07-27T09:15:13.209763" elapsed="0.120360"/>
</kw>
<kw name="Set Variable" owner="BuiltIn">
<msg time="2024-07-27T09:15:13.331204" level="INFO">${json_data} = {'results': [{'gender': 'female', 'name': {'title': 'Miss', 'first': 'Edna', 'last': 'Griffin'}, 'location': {'street': {'number': 7023, 'name': 'Daisy Dr'}, 'city': 'Montgomery', 'state': 'Virginia',...</msg>
<var>${json_data}</var>
<arg>${response.json()}</arg>
<doc>Returns the given values which can then be assigned to a variables.</doc>
<status status="PASS" start="2024-07-27T09:15:13.330678" elapsed="0.000555"/>
</kw>
<kw name="Log" owner="BuiltIn">
<msg time="2024-07-27T09:15:13.331718" level="INFO">{'results': [{'gender': 'female', 'name': {'title': 'Miss', 'first': 'Edna', 'last': 'Griffin'}, 'location': {'street': {'number': 7023, 'name': 'Daisy Dr'}, 'city': 'Montgomery', 'state': 'Virginia', 'country': 'United States', 'postcode': 31316, 'coordinates': {'latitude': '82.1566', 'longitude': '111.6401'}, 'timezone': {'offset': '+6:00', 'description': 'Almaty, Dhaka, Colombo'}}, 'email': 'edna.griffin@example.com', 'login': {'uuid': '454cb29e-34a9-4195-9437-ce18e6f7d82d', 'username': 'lazyrabbit905', 'password': 'chestnut', 'salt': 'rPKgMv1r', 'md5': '187a1f29c29b7062dd8bb044d0f92de5', 'sha1': '29aa968916c7ccb9be788a662bd4b0e05061112f', 'sha256': 'cb2ecc82add2c63d26701cbf4b5341c67af29aef3388172ce99227a6de0dd3fa'}, 'dob': {'date': '1951-08-06T23:52:19.624Z', 'age': 72}, 'registered': {'date': '2013-02-08T07:16:30.445Z', 'age': 11}, 'phone': '(594) 851-8090', 'cell': '(654) 592-1650', 'id': {'name': 'SSN', 'value': '413-66-1779'}, 'picture': {'large': 'https://randomuser.me/api/portraits/women/85.jpg', 'medium': 'https://randomuser.me/api/portraits/med/women/85.jpg', 'thumbnail': 'https://randomuser.me/api/portraits/thumb/women/85.jpg'}, 'nat': 'US'}], 'info': {'seed': 'c1c181b04d8f9bd1', 'results': 1, 'page': 1, 'version': '1.4'}}</msg>
<arg>${json_data}</arg>
<doc>Logs the given message with the given level.</doc>
<status status="PASS" start="2024-07-27T09:15:13.331551" elapsed="0.000216"/>
</kw>
<kw name="Dictionary Should Contain Key" owner="Collections">
<arg>${json_data}</arg>
<arg>results</arg>
<doc>Fails if ``key`` is not found from ``dictionary``.</doc>
<status status="PASS" start="2024-07-27T09:15:13.332069" elapsed="0.000176"/>
</kw>
<kw name="Should Not Be Empty" owner="BuiltIn">
<msg time="2024-07-27T09:15:13.332562" level="INFO">Length is 2.</msg>
<arg>${json_data}</arg>
<doc>Verifies that the given item is not empty.</doc>
<status status="PASS" start="2024-07-27T09:15:13.332435" elapsed="0.000166"/>
</kw>
<kw name="Create List" owner="BuiltIn">
<msg time="2024-07-27T09:15:13.333053" level="INFO">${expected_keys} = ['gender', 'name', 'location', 'email', 'login']</msg>
<var>${expected_keys}</var>
<arg>gender</arg>
<arg>name</arg>
<arg>location</arg>
<arg>email</arg>
<arg>login</arg>
<doc>Returns a list containing given items.</doc>
<status status="PASS" start="2024-07-27T09:15:13.332898" elapsed="0.000180"/>
</kw>
<for flavor="IN">
<iter>
<kw name="Dictionary Should Contain Key" owner="Collections">
<arg>${json_data['results'][0]}</arg>
<arg>${key}</arg>
<doc>Fails if ``key`` is not found from ``dictionary``.</doc>
<status status="PASS" start="2024-07-27T09:15:13.333681" elapsed="0.000402"/>
</kw>
<kw name="Log" owner="BuiltIn">
<msg time="2024-07-27T09:15:13.334678" level="INFO">{'gender': 'female', 'name': {'title': 'Miss', 'first': 'Edna', 'last': 'Griffin'}, 'location': {'street': {'number': 7023, 'name': 'Daisy Dr'}, 'city': 'Montgomery', 'state': 'Virginia', 'country': 'United States', 'postcode': 31316, 'coordinates': {'latitude': '82.1566', 'longitude': '111.6401'}, 'timezone': {'offset': '+6:00', 'description': 'Almaty, Dhaka, Colombo'}}, 'email': 'edna.griffin@example.com', 'login': {'uuid': '454cb29e-34a9-4195-9437-ce18e6f7d82d', 'username': 'lazyrabbit905', 'password': 'chestnut', 'salt': 'rPKgMv1r', 'md5': '187a1f29c29b7062dd8bb044d0f92de5', 'sha1': '29aa968916c7ccb9be788a662bd4b0e05061112f', 'sha256': 'cb2ecc82add2c63d26701cbf4b5341c67af29aef3388172ce99227a6de0dd3fa'}, 'dob': {'date': '1951-08-06T23:52:19.624Z', 'age': 72}, 'registered': {'date': '2013-02-08T07:16:30.445Z', 'age': 11}, 'phone': '(594) 851-8090', 'cell': '(654) 592-1650', 'id': {'name': 'SSN', 'value': '413-66-1779'}, 'picture': {'large': 'https://randomuser.me/api/portraits/women/85.jpg', 'medium': 'https://randomuser.me/api/portraits/med/women/85.jpg', 'thumbnail': 'https://randomuser.me/api/portraits/thumb/women/85.jpg'}, 'nat': 'US'}</msg>
<arg>${json_data['results'][0]}</arg>
<doc>Logs the given message with the given level.</doc>
<status status="PASS" start="2024-07-27T09:15:13.334289" elapsed="0.000439"/>
</kw>
<kw name="Log" owner="BuiltIn">
<msg time="2024-07-27T09:15:13.335164" level="INFO">gender</msg>
<arg>${key}</arg>
<doc>Logs the given message with the given level.</doc>
<status status="PASS" start="2024-07-27T09:15:13.335033" elapsed="0.000170"/>
</kw>
<var name="${key}">gender</var>
<status status="PASS" start="2024-07-27T09:15:13.333543" elapsed="0.001881"/>
</iter>
<iter>
<kw name="Dictionary Should Contain Key" owner="Collections">
<arg>${json_data['results'][0]}</arg>
<arg>${key}</arg>
<doc>Fails if ``key`` is not found from ``dictionary``.</doc>
<status status="PASS" start="2024-07-27T09:15:13.335725" elapsed="0.000387"/>
</kw>
<kw name="Log" owner="BuiltIn">
<msg time="2024-07-27T09:15:13.336653" level="INFO">{'gender': 'female', 'name': {'title': 'Miss', 'first': 'Edna', 'last': 'Griffin'}, 'location': {'street': {'number': 7023, 'name': 'Daisy Dr'}, 'city': 'Montgomery', 'state': 'Virginia', 'country': 'United States', 'postcode': 31316, 'coordinates': {'latitude': '82.1566', 'longitude': '111.6401'}, 'timezone': {'offset': '+6:00', 'description': 'Almaty, Dhaka, Colombo'}}, 'email': 'edna.griffin@example.com', 'login': {'uuid': '454cb29e-34a9-4195-9437-ce18e6f7d82d', 'username': 'lazyrabbit905', 'password': 'chestnut', 'salt': 'rPKgMv1r', 'md5': '187a1f29c29b7062dd8bb044d0f92de5', 'sha1': '29aa968916c7ccb9be788a662bd4b0e05061112f', 'sha256': 'cb2ecc82add2c63d26701cbf4b5341c67af29aef3388172ce99227a6de0dd3fa'}, 'dob': {'date': '1951-08-06T23:52:19.624Z', 'age': 72}, 'registered': {'date': '2013-02-08T07:16:30.445Z', 'age': 11}, 'phone': '(594) 851-8090', 'cell': '(654) 592-1650', 'id': {'name': 'SSN', 'value': '413-66-1779'}, 'picture': {'large': 'https://randomuser.me/api/portraits/women/85.jpg', 'medium': 'https://randomuser.me/api/portraits/med/women/85.jpg', 'thumbnail': 'https://randomuser.me/api/portraits/thumb/women/85.jpg'}, 'nat': 'US'}</msg>
<arg>${json_data['results'][0]}</arg>
<doc>Logs the given message with the given level.</doc>
<status status="PASS" start="2024-07-27T09:15:13.336298" elapsed="0.000437"/>
</kw>
<kw name="Log" owner="BuiltIn">
<msg time="2024-07-27T09:15:13.337163" level="INFO">name</msg>
<arg>${key}</arg>
<doc>Logs the given message with the given level.</doc>
<status status="PASS" start="2024-07-27T09:15:13.337035" elapsed="0.000166"/>
</kw>
<var name="${key}">name</var>
<status status="PASS" start="2024-07-27T09:15:13.335613" elapsed="0.001807"/>
</iter>
<iter>
<kw name="Dictionary Should Contain Key" owner="Collections">
<arg>${json_data['results'][0]}</arg>
<arg>${key}</arg>
<doc>Fails if ``key`` is not found from ``dictionary``.</doc>
<status status="PASS" start="2024-07-27T09:15:13.337707" elapsed="0.000389"/>
</kw>
<kw name="Log" owner="BuiltIn">
<msg time="2024-07-27T09:15:13.338665" level="INFO">{'gender': 'female', 'name': {'title': 'Miss', 'first': 'Edna', 'last': 'Griffin'}, 'location': {'street': {'number': 7023, 'name': 'Daisy Dr'}, 'city': 'Montgomery', 'state': 'Virginia', 'country': 'United States', 'postcode': 31316, 'coordinates': {'latitude': '82.1566', 'longitude': '111.6401'}, 'timezone': {'offset': '+6:00', 'description': 'Almaty, Dhaka, Colombo'}}, 'email': 'edna.griffin@example.com', 'login': {'uuid': '454cb29e-34a9-4195-9437-ce18e6f7d82d', 'username': 'lazyrabbit905', 'password': 'chestnut', 'salt': 'rPKgMv1r', 'md5': '187a1f29c29b7062dd8bb044d0f92de5', 'sha1': '29aa968916c7ccb9be788a662bd4b0e05061112f', 'sha256': 'cb2ecc82add2c63d26701cbf4b5341c67af29aef3388172ce99227a6de0dd3fa'}, 'dob': {'date': '1951-08-06T23:52:19.624Z', 'age': 72}, 'registered': {'date': '2013-02-08T07:16:30.445Z', 'age': 11}, 'phone': '(594) 851-8090', 'cell': '(654) 592-1650', 'id': {'name': 'SSN', 'value': '413-66-1779'}, 'picture': {'large': 'https://randomuser.me/api/portraits/women/85.jpg', 'medium': 'https://randomuser.me/api/portraits/med/women/85.jpg', 'thumbnail': 'https://randomuser.me/api/portraits/thumb/women/85.jpg'}, 'nat': 'US'}</msg>
<arg>${json_data['results'][0]}</arg>
<doc>Logs the given message with the given level.</doc>
<status status="PASS" start="2024-07-27T09:15:13.338288" elapsed="0.000424"/>
</kw>
<kw name="Log" owner="BuiltIn">
<msg time="2024-07-27T09:15:13.339144" level="INFO">location</msg>
<arg>${key}</arg>
<doc>Logs the given message with the given level.</doc>
<status status="PASS" start="2024-07-27T09:15:13.339015" elapsed="0.000168"/>
</kw>
<var name="${key}">location</var>
<status status="PASS" start="2024-07-27T09:15:13.337598" elapsed="0.001806"/>
</iter>
<iter>
<kw name="Dictionary Should Contain Key" owner="Collections">
<arg>${json_data['results'][0]}</arg>
<arg>${key}</arg>
<doc>Fails if ``key`` is not found from ``dictionary``.</doc>
<status status="PASS" start="2024-07-27T09:15:13.339691" elapsed="0.000382"/>
</kw>
<kw name="Log" owner="BuiltIn">
<msg time="2024-07-27T09:15:13.340750" level="INFO">{'gender': 'female', 'name': {'title': 'Miss', 'first': 'Edna', 'last': 'Griffin'}, 'location': {'street': {'number': 7023, 'name': 'Daisy Dr'}, 'city': 'Montgomery', 'state': 'Virginia', 'country': 'United States', 'postcode': 31316, 'coordinates': {'latitude': '82.1566', 'longitude': '111.6401'}, 'timezone': {'offset': '+6:00', 'description': 'Almaty, Dhaka, Colombo'}}, 'email': 'edna.griffin@example.com', 'login': {'uuid': '454cb29e-34a9-4195-9437-ce18e6f7d82d', 'username': 'lazyrabbit905', 'password': 'chestnut', 'salt': 'rPKgMv1r', 'md5': '187a1f29c29b7062dd8bb044d0f92de5', 'sha1': '29aa968916c7ccb9be788a662bd4b0e05061112f', 'sha256': 'cb2ecc82add2c63d26701cbf4b5341c67af29aef3388172ce99227a6de0dd3fa'}, 'dob': {'date': '1951-08-06T23:52:19.624Z', 'age': 72}, 'registered': {'date': '2013-02-08T07:16:30.445Z', 'age': 11}, 'phone': '(594) 851-8090', 'cell': '(654) 592-1650', 'id': {'name': 'SSN', 'value': '413-66-1779'}, 'picture': {'large': 'https://randomuser.me/api/portraits/women/85.jpg', 'medium': 'https://randomuser.me/api/portraits/med/women/85.jpg', 'thumbnail': 'https://randomuser.me/api/portraits/thumb/women/85.jpg'}, 'nat': 'US'}</msg>
<arg>${json_data['results'][0]}</arg>
<doc>Logs the given message with the given level.</doc>
<status status="PASS" start="2024-07-27T09:15:13.340393" elapsed="0.000405"/>
</kw>
<kw name="Log" owner="BuiltIn">
<msg time="2024-07-27T09:15:13.341231" level="INFO">email</msg>
<arg>${key}</arg>
<doc>Logs the given message with the given level.</doc>
<status status="PASS" start="2024-07-27T09:15:13.341100" elapsed="0.000171"/>
</kw>
<var name="${key}">email</var>
<status status="PASS" start="2024-07-27T09:15:13.339582" elapsed="0.001910"/>
</iter>
<iter>
<kw name="Dictionary Should Contain Key" owner="Collections">
<arg>${json_data['results'][0]}</arg>
<arg>${key}</arg>
<doc>Fails if ``key`` is not found from ``dictionary``.</doc>
<status status="PASS" start="2024-07-27T09:15:13.341782" elapsed="0.000378"/>
</kw>
<kw name="Log" owner="BuiltIn">
<msg time="2024-07-27T09:15:13.342744" level="INFO">{'gender': 'female', 'name': {'title': 'Miss', 'first': 'Edna', 'last': 'Griffin'}, 'location': {'street': {'number': 7023, 'name': 'Daisy Dr'}, 'city': 'Montgomery', 'state': 'Virginia', 'country': 'United States', 'postcode': 31316, 'coordinates': {'latitude': '82.1566', 'longitude': '111.6401'}, 'timezone': {'offset': '+6:00', 'description': 'Almaty, Dhaka, Colombo'}}, 'email': 'edna.griffin@example.com', 'login': {'uuid': '454cb29e-34a9-4195-9437-ce18e6f7d82d', 'username': 'lazyrabbit905', 'password': 'chestnut', 'salt': 'rPKgMv1r', 'md5': '187a1f29c29b7062dd8bb044d0f92de5', 'sha1': '29aa968916c7ccb9be788a662bd4b0e05061112f', 'sha256': 'cb2ecc82add2c63d26701cbf4b5341c67af29aef3388172ce99227a6de0dd3fa'}, 'dob': {'date': '1951-08-06T23:52:19.624Z', 'age': 72}, 'registered': {'date': '2013-02-08T07:16:30.445Z', 'age': 11}, 'phone': '(594) 851-8090', 'cell': '(654) 592-1650', 'id': {'name': 'SSN', 'value': '413-66-1779'}, 'picture': {'large': 'https://randomuser.me/api/portraits/women/85.jpg', 'medium': 'https://randomuser.me/api/portraits/med/women/85.jpg', 'thumbnail': 'https://randomuser.me/api/portraits/thumb/women/85.jpg'}, 'nat': 'US'}</msg>
<arg>${json_data['results'][0]}</arg>
<doc>Logs the given message with the given level.</doc>
<status status="PASS" start="2024-07-27T09:15:13.342352" elapsed="0.000440"/>
</kw>
<kw name="Log" owner="BuiltIn">
<msg time="2024-07-27T09:15:13.343216" level="INFO">login</msg>
<arg>${key}</arg>
<doc>Logs the given message with the given level.</doc>
<status status="PASS" start="2024-07-27T09:15:13.343089" elapsed="0.000165"/>
</kw>
<var name="${key}">login</var>
<status status="PASS" start="2024-07-27T09:15:13.341669" elapsed="0.001802"/>
</iter>
<var>${key}</var>
<value>@{expected_keys}</value>
<status status="PASS" start="2024-07-27T09:15:13.333344" elapsed="0.010247"/>
</for>
<kw name="Create List" owner="BuiltIn">
<msg time="2024-07-27T09:15:13.343920" level="INFO">${expected_keysTwo} = ['username', 'password']</msg>
<var>${expected_keysTwo}</var>
<arg>username</arg>
<arg>password</arg>
<doc>Returns a list containing given items.</doc>
<status status="PASS" start="2024-07-27T09:15:13.343783" elapsed="0.000190"/>
</kw>
<for flavor="IN">
<iter>
<kw name="Dictionary Should Contain Key" owner="Collections">
<arg>${json_data['results'][0]['login']}</arg>
<arg>${keyTwo}</arg>
<doc>Fails if ``key`` is not found from ``dictionary``.</doc>
<status status="PASS" start="2024-07-27T09:15:13.344482" elapsed="0.000383"/>
</kw>
<kw name="Dictionary Should Contain Key" owner="Collections">
<arg>${json_data['results'][0]['login']}</arg>
<arg>${keyTwo}</arg>
<doc>Fails if ``key`` is not found from ``dictionary``.</doc>
<status status="PASS" start="2024-07-27T09:15:13.345049" elapsed="0.000376"/>
</kw>
<kw name="Log" owner="BuiltIn">
<msg time="2024-07-27T09:15:13.345728" level="INFO">username</msg>
<arg>${keyTwo}</arg>
<doc>Logs the given message with the given level.</doc>
<status status="PASS" start="2024-07-27T09:15:13.345607" elapsed="0.000160"/>
</kw>
<var name="${keyTwo}">username</var>
<status status="PASS" start="2024-07-27T09:15:13.344372" elapsed="0.001616"/>
</iter>
<iter>
<kw name="Dictionary Should Contain Key" owner="Collections">
<arg>${json_data['results'][0]['login']}</arg>
<arg>${keyTwo}</arg>
<doc>Fails if ``key`` is not found from ``dictionary``.</doc>
<status status="PASS" start="2024-07-27T09:15:13.346275" elapsed="0.000418"/>
</kw>
<kw name="Dictionary Should Contain Key" owner="Collections">
<arg>${json_data['results'][0]['login']}</arg>
<arg>${keyTwo}</arg>
<doc>Fails if ``key`` is not found from ``dictionary``.</doc>
<status status="PASS" start="2024-07-27T09:15:13.346875" elapsed="0.000370"/>
</kw>
<kw name="Log" owner="BuiltIn">
<msg time="2024-07-27T09:15:13.347551" level="INFO">password</msg>
<arg>${keyTwo}</arg>
<doc>Logs the given message with the given level.</doc>
<status status="PASS" start="2024-07-27T09:15:13.347424" elapsed="0.000165"/>
</kw>
<var name="${keyTwo}">password</var>
<status status="PASS" start="2024-07-27T09:15:13.346161" elapsed="0.001652"/>
</iter>
<var>${keyTwo}</var>
<value>@{expected_keysTwo}</value>
<status status="PASS" start="2024-07-27T09:15:13.344219" elapsed="0.003717"/>
</for>
<status status="PASS" start="2024-07-27T09:15:13.209517" elapsed="0.138564"/>
</kw>
<doc>Testa a estrutura da resposta da API.</doc>
<tag>testeEstruturaResposta</tag>
<status status="PASS" start="2024-07-27T09:15:13.208907" elapsed="0.139332"/>
</test>
<test id="s1-s1-t4" name="Validar tipos de dados" line="28">
<kw name="Teste de Tipos de Dados" owner="random-user-service">
<kw name="GET On Session" owner="RequestsLibrary">
<msg time="2024-07-27T09:15:13.406189" level="INFO">GET Request : url=https://randomuser.me/api 
 path_url=/api 
 headers={'User-Agent': 'python-requests/2.32.3', 'Accept-Encoding': 'gzip, deflate', 'Accept': '*/*', 'Connection': 'keep-alive'} 
 body=None 
 </msg>
<msg time="2024-07-27T09:15:13.406285" level="INFO">GET Response : url=https://randomuser.me/api 
 status=200, reason=OK 
 headers={'Date': 'Sat, 27 Jul 2024 09:15:13 GMT', 'Content-Type': 'application/json; charset=utf-8', 'Transfer-Encoding': 'chunked', 'Connection': 'keep-alive', 'X-Powered-By': 'Express', 'Access-Control-Allow-Origin': '*', 'Cache-Control': 'no-cache', 'ETag': 'W/"499-aqJyVSpQear/3jFI8o32gs8c7xM"', 'Vary': 'Accept-Encoding', 'Content-Encoding': 'gzip', 'CF-Cache-Status': 'DYNAMIC', 'Report-To': '{"endpoints":[{"url":"https:\\/\\/a.nel.cloudflare.com\\/report\\/v4?s=edtoGCFArpgP01RAbGbn3YMKlnssPvp5PIcSjoPl85s05KaN881%2BiSDY0QPKil0v8RJbNR3iTuoKfKELbOmOAx4TB%2FtJinIMlWOKhCEaFw0QtmUh3fCXVNQc308nso1x"}],"group":"cf-nel","max_age":604800}', 'NEL': '{"success_fraction":0,"report_to":"cf-nel","max_age":604800}', 'Server': 'cloudflare', 'CF-RAY': '8a9b86107ee3616d-ORD', 'alt-svc': 'h3=":443"; ma=86400'} 
 body={"results":[{"gender":"female","name":{"title":"Mrs","first":"Andrea","last":"Jiménez"},"location":{"street":{"number":5302,"name":"Calle del Prado"},"city":"Alicante","state":"Islas Baleares","country":"Spain","postcode":11691,"coordinates":{"latitude":"-32.8041","longitude":"153.4128"},"timezone":{"offset":"-3:00","description":"Brazil, Buenos Aires, Georgetown"}},"email":"andrea.jimenez@example.com","login":{"uuid":"17758d1b-0a09-4961-9dcf-e9883d252506","username":"whitetiger609","password":"shadow","salt":"NcILAgfY","md5":"c3e916172e0ef5ae1d8c2c662c4dce67","sha1":"48be22cbb62a26f9adcfa368f56feefba07d9000","sha256":"691e9daa2fce3d5336396e18168bea7a73daa2d7e8a5328aa474a6c44806e06f"},"dob":{"date":"1975-03-30T10:34:25.999Z","age":49},"registered":{"date":"2013-01-02T14:28:28.599Z","age":11},"phone":"981-313-036","cell":"684-296-592","id":{"name":"DNI","value":"07828690-E"},"picture":{"large":"https://randomuser.me/api/portraits/women/21.jpg","medium":"https://randomuser.me/api/portraits/med/women/21.jpg","thumbnail":"https://randomuser.me/api/portraits/thumb/women/21.jpg"},"nat":"ES"}],"info":{"seed":"e65ad44ef67d54c3","results":1,"page":1,"version":"1.4"}} 
 </msg>
<msg time="2024-07-27T09:15:13.406355" level="INFO">/opt/hostedtoolcache/Python/3.12.4/x64/lib/python3.12/site-packages/urllib3/connectionpool.py:1099: InsecureRequestWarning: Unverified HTTPS request is being made to host 'randomuser.me'. Adding certificate verification is strongly advised. See: https://urllib3.readthedocs.io/en/latest/advanced-usage.html#tls-warnings
  warnings.warn(</msg>
<msg time="2024-07-27T09:15:13.406514" level="INFO">${response} = &lt;Response [200]&gt;</msg>
<var>${response}</var>
<arg>consultarAPI</arg>
<arg>/api</arg>
<doc>Sends a GET request on a previously created HTTP Session.</doc>
<status status="PASS" start="2024-07-27T09:15:13.350856" elapsed="0.055701"/>
</kw>
<kw name="Set Variable" owner="BuiltIn">
<msg time="2024-07-27T09:15:13.407583" level="INFO">${json_data} = {'results': [{'gender': 'female', 'name': {'title': 'Mrs', 'first': 'Andrea', 'last': 'Jiménez'}, 'location': {'street': {'number': 5302, 'name': 'Calle del Prado'}, 'city': 'Alicante', 'state': 'Isla...</msg>
<var>${json_data}</var>
<arg>${response.json()}</arg>
<doc>Returns the given values which can then be assigned to a variables.</doc>
<status status="PASS" start="2024-07-27T09:15:13.407056" elapsed="0.000557"/>
</kw>
<kw name="Log" owner="BuiltIn">
<msg time="2024-07-27T09:15:13.408087" level="INFO">{'results': [{'gender': 'female', 'name': {'title': 'Mrs', 'first': 'Andrea', 'last': 'Jiménez'}, 'location': {'street': {'number': 5302, 'name': 'Calle del Prado'}, 'city': 'Alicante', 'state': 'Islas Baleares', 'country': 'Spain', 'postcode': 11691, 'coordinates': {'latitude': '-32.8041', 'longitude': '153.4128'}, 'timezone': {'offset': '-3:00', 'description': 'Brazil, Buenos Aires, Georgetown'}}, 'email': 'andrea.jimenez@example.com', 'login': {'uuid': '17758d1b-0a09-4961-9dcf-e9883d252506', 'username': 'whitetiger609', 'password': 'shadow', 'salt': 'NcILAgfY', 'md5': 'c3e916172e0ef5ae1d8c2c662c4dce67', 'sha1': '48be22cbb62a26f9adcfa368f56feefba07d9000', 'sha256': '691e9daa2fce3d5336396e18168bea7a73daa2d7e8a5328aa474a6c44806e06f'}, 'dob': {'date': '1975-03-30T10:34:25.999Z', 'age': 49}, 'registered': {'date': '2013-01-02T14:28:28.599Z', 'age': 11}, 'phone': '981-313-036', 'cell': '684-296-592', 'id': {'name': 'DNI', 'value': '07828690-E'}, 'picture': {'large': 'https://randomuser.me/api/portraits/women/21.jpg', 'medium': 'https://randomuser.me/api/portraits/med/women/21.jpg', 'thumbnail': 'https://randomuser.me/api/portraits/thumb/women/21.jpg'}, 'nat': 'ES'}], 'info': {'seed': 'e65ad44ef67d54c3', 'results': 1, 'page': 1, 'version': '1.4'}}</msg>
<arg>${json_data}</arg>
<doc>Logs the given message with the given level.</doc>
<status status="PASS" start="2024-07-27T09:15:13.407927" elapsed="0.000210"/>
</kw>
<kw name="Should Be String" owner="String">
<arg>${json_data['results'][0]['gender']}</arg>
<doc>Fails if the given ``item`` is not a string.</doc>
<status status="PASS" start="2024-07-27T09:15:13.408437" elapsed="0.000376"/>
</kw>
<kw name="Should Match Regexp" owner="BuiltIn">
<arg>${json_data['results'][0]['email']}</arg>
<arg>^[a-zA-Z0-9._%+-]+@[a-zA-Z0-9.-]+\.[a-zA-Z]{2,}$</arg>
<doc>Fails if ``string`` does not match ``pattern`` as a regular expression.</doc>
<status status="PASS" start="2024-07-27T09:15:13.409007" elapsed="0.000569"/>
</kw>
<kw name="Should Match Regexp" owner="BuiltIn">
<arg>${json_data['results'][0]['dob']['date']}</arg>
<arg>\\d{4}-\\d{2}-\\d{2}T\\d{2}:\\d{2}:\\d{2}\\.\\d{3}Z</arg>
<doc>Fails if ``string`` does not match ``pattern`` as a regular expression.</doc>
<status status="PASS" start="2024-07-27T09:15:13.409777" elapsed="0.000649"/>
</kw>
<kw name="Should Match Regexp" owner="BuiltIn">
<arg>${json_data['results'][0]['registered']['date']}</arg>
<arg>\\d{4}-\\d{2}-\\d{2}T\\d{2}:\\d{2}:\\d{2}\\.\\d{3}Z</arg>
<doc>Fails if ``string`` does not match ``pattern`` as a regular expression.</doc>
<status status="PASS" start="2024-07-27T09:15:13.410658" elapsed="0.000376"/>
</kw>
<kw name="Should Match Regexp" owner="BuiltIn">
<arg>${json_data['results'][0]['picture']['large']}</arg>
<arg>^https?://.*\.(?:png|jpe?g|gif|bmp)$</arg>
<doc>Fails if ``string`` does not match ``pattern`` as a regular expression.</doc>
<status status="PASS" start="2024-07-27T09:15:13.411225" elapsed="0.000469"/>
</kw>
<kw name="Should Match Regexp" owner="BuiltIn">
<arg>${json_data['results'][0]['picture']['medium']}</arg>
<arg>^https?://.*\.(?:png|jpe?g|gif|bmp)$</arg>
<doc>Fails if ``string`` does not match ``pattern`` as a regular expression.</doc>
<status status="PASS" start="2024-07-27T09:15:13.411890" elapsed="0.000358"/>
</kw>
<kw name="Should Match Regexp" owner="BuiltIn">
<arg>${json_data['results'][0]['picture']['thumbnail']}</arg>
<arg>^https?://.*\.(?:png|jpe?g|gif|bmp)$</arg>
<doc>Fails if ``string`` does not match ``pattern`` as a regular expression.</doc>
<status status="PASS" start="2024-07-27T09:15:13.412438" elapsed="0.000362"/>
</kw>
<kw name="Log" owner="BuiltIn">
<msg time="2024-07-27T09:15:13.413305" level="INFO">{'large': 'https://randomuser.me/api/portraits/women/21.jpg', 'medium': 'https://randomuser.me/api/portraits/med/women/21.jpg', 'thumbnail': 'https://randomuser.me/api/portraits/thumb/women/21.jpg'}</msg>
<arg>${json_data['results'][0]['picture']}</arg>
<doc>Logs the given message with the given level.</doc>
<status status="PASS" start="2024-07-27T09:15:13.412982" elapsed="0.000366"/>
</kw>
<status status="PASS" start="2024-07-27T09:15:13.350619" elapsed="0.062993"/>
</kw>
<kw name="Teste de Tipos de Dados - Postcode" owner="random-user-service">
<kw name="GET On Session" owner="RequestsLibrary">
<msg time="2024-07-27T09:15:13.502422" level="INFO">GET Request : url=https://randomuser.me/api 
 path_url=/api 
 headers={'User-Agent': 'python-requests/2.32.3', 'Accept-Encoding': 'gzip, deflate', 'Accept': '*/*', 'Connection': 'keep-alive'} 
 body=None 
 </msg>
<msg time="2024-07-27T09:15:13.502540" level="INFO">GET Response : url=https://randomuser.me/api 
 status=200, reason=OK 
 headers={'Date': 'Sat, 27 Jul 2024 09:15:13 GMT', 'Content-Type': 'application/json; charset=utf-8', 'Transfer-Encoding': 'chunked', 'Connection': 'keep-alive', 'X-Powered-By': 'Express', 'Access-Control-Allow-Origin': '*', 'Cache-Control': 'no-cache', 'ETag': 'W/"47c-KYAJwRdnGWe2MWQTt/6p1XkRw7c"', 'Vary': 'Accept-Encoding', 'Content-Encoding': 'gzip', 'CF-Cache-Status': 'DYNAMIC', 'Report-To': '{"endpoints":[{"url":"https:\\/\\/a.nel.cloudflare.com\\/report\\/v4?s=5adzk2%2FzoQChh%2B%2FtHmbc0hr13HM9%2BXol9C37wPfUn8EB4dRGziLzAGkYR1AlQLnxSNe67IjwNNcXh5cpTDF1l9lL%2FyDokfDvK%2Fc%2FrQbPLHe1uqoYuDzX28eXPCf532l1"}],"group":"cf-nel","max_age":604800}', 'NEL': '{"success_fraction":0,"report_to":"cf-nel","max_age":604800}', 'Server': 'cloudflare', 'CF-RAY': '8a9b8610df28616d-ORD', 'alt-svc': 'h3=":443"; ma=86400'} 
 body={"results":[{"gender":"male","name":{"title":"Mr","first":"Gunbir","last":"Pai"},"location":{"street":{"number":4152,"name":"Car St"},"city":"Srikakulam","state":"Puducherry","country":"India","postcode":89294,"coordinates":{"latitude":"6.5951","longitude":"-16.9222"},"timezone":{"offset":"-3:00","description":"Brazil, Buenos Aires, Georgetown"}},"email":"gunbir.pai@example.com","login":{"uuid":"6a561ece-2897-463d-a6f8-b6c6987c143a","username":"yellowlion745","password":"gretzky","salt":"jILExp2O","md5":"251cf02cd9c10f201914192c7ab03427","sha1":"f91b34f9c9b7ff24063c0fc7dc68bdc01fbe6a89","sha256":"df412f8731f912a7816f941013bef859db0390ebe3ce50da0b7af25bc3c0752a"},"dob":{"date":"1966-03-30T01:06:12.878Z","age":58},"registered":{"date":"2018-07-09T22:40:58.008Z","age":6},"phone":"8547022658","cell":"9940503729","id":{"name":"UIDAI","value":"062344721902"},"picture":{"large":"https://randomuser.me/api/portraits/men/38.jpg","medium":"https://randomuser.me/api/portraits/med/men/38.jpg","thumbnail":"https://randomuser.me/api/portraits/thumb/men/38.jpg"},"nat":"IN"}],"info":{"seed":"57771035f23733d1","results":1,"page":1,"version":"1.4"}} 
 </msg>
<msg time="2024-07-27T09:15:13.502612" level="INFO">/opt/hostedtoolcache/Python/3.12.4/x64/lib/python3.12/site-packages/urllib3/connectionpool.py:1099: InsecureRequestWarning: Unverified HTTPS request is being made to host 'randomuser.me'. Adding certificate verification is strongly advised. See: https://urllib3.readthedocs.io/en/latest/advanced-usage.html#tls-warnings
  warnings.warn(</msg>
<msg time="2024-07-27T09:15:13.502745" level="INFO">${response} = &lt;Response [200]&gt;</msg>
<var>${response}</var>
<arg>consultarAPI</arg>
<arg>/api</arg>
<doc>Sends a GET request on a previously created HTTP Session.</doc>
<status status="PASS" start="2024-07-27T09:15:13.414079" elapsed="0.088706"/>
</kw>
<kw name="Set Variable" owner="BuiltIn">
<msg time="2024-07-27T09:15:13.503784" level="INFO">${json_data} = {'results': [{'gender': 'male', 'name': {'title': 'Mr', 'first': 'Gunbir', 'last': 'Pai'}, 'location': {'street': {'number': 4152, 'name': 'Car St'}, 'city': 'Srikakulam', 'state': 'Puducherry', 'coun...</msg>
<var>${json_data}</var>
<arg>${response.json()}</arg>
<doc>Returns the given values which can then be assigned to a variables.</doc>
<status status="PASS" start="2024-07-27T09:15:13.503278" elapsed="0.000535"/>
</kw>
<kw name="Log" owner="BuiltIn">
<msg time="2024-07-27T09:15:13.504291" level="INFO">{'results': [{'gender': 'male', 'name': {'title': 'Mr', 'first': 'Gunbir', 'last': 'Pai'}, 'location': {'street': {'number': 4152, 'name': 'Car St'}, 'city': 'Srikakulam', 'state': 'Puducherry', 'country': 'India', 'postcode': 89294, 'coordinates': {'latitude': '6.5951', 'longitude': '-16.9222'}, 'timezone': {'offset': '-3:00', 'description': 'Brazil, Buenos Aires, Georgetown'}}, 'email': 'gunbir.pai@example.com', 'login': {'uuid': '6a561ece-2897-463d-a6f8-b6c6987c143a', 'username': 'yellowlion745', 'password': 'gretzky', 'salt': 'jILExp2O', 'md5': '251cf02cd9c10f201914192c7ab03427', 'sha1': 'f91b34f9c9b7ff24063c0fc7dc68bdc01fbe6a89', 'sha256': 'df412f8731f912a7816f941013bef859db0390ebe3ce50da0b7af25bc3c0752a'}, 'dob': {'date': '1966-03-30T01:06:12.878Z', 'age': 58}, 'registered': {'date': '2018-07-09T22:40:58.008Z', 'age': 6}, 'phone': '8547022658', 'cell': '9940503729', 'id': {'name': 'UIDAI', 'value': '062344721902'}, 'picture': {'large': 'https://randomuser.me/api/portraits/men/38.jpg', 'medium': 'https://randomuser.me/api/portraits/med/men/38.jpg', 'thumbnail': 'https://randomuser.me/api/portraits/thumb/men/38.jpg'}, 'nat': 'IN'}], 'info': {'seed': '57771035f23733d1', 'results': 1, 'page': 1, 'version': '1.4'}}</msg>
<arg>${json_data}</arg>
<doc>Logs the given message with the given level.</doc>
<status status="PASS" start="2024-07-27T09:15:13.504131" elapsed="0.000208"/>
</kw>
<kw name="Should Be Equal As Numbers" owner="BuiltIn">
<arg>${json_data['results'][0]['location']['postcode']}</arg>
<arg>${json_data['results'][0]['location']['postcode']}</arg>
<doc>Fails if objects are unequal after converting them to real numbers.</doc>
<status status="PASS" start="2024-07-27T09:15:13.504639" elapsed="0.000626"/>
</kw>
<kw name="Log" owner="BuiltIn">
<msg time="2024-07-27T09:15:13.505799" level="INFO">89294</msg>
<arg>${json_data['results'][0]['location']['postcode']}</arg>
<doc>Logs the given message with the given level.</doc>
<status status="PASS" start="2024-07-27T09:15:13.505459" elapsed="0.000381"/>
</kw>
<status status="PASS" start="2024-07-27T09:15:13.413844" elapsed="0.092306"/>
</kw>
<doc>Testa se os tipos de dados na resposta da API estão corretos.</doc>
<tag>testeTiposDados</tag>
<status status="PASS" start="2024-07-27T09:15:13.350020" elapsed="0.156309"/>
</test>
<test id="s1-s1-t5" name="Validar conteudo" line="35">
<kw name="Teste de Tipos de Conteudo" owner="random-user-service">
<kw name="GET On Session" owner="RequestsLibrary">
<msg time="2024-07-27T09:15:13.614637" level="INFO">GET Request : url=https://randomuser.me/api 
 path_url=/api 
 headers={'User-Agent': 'python-requests/2.32.3', 'Accept-Encoding': 'gzip, deflate', 'Accept': '*/*', 'Connection': 'keep-alive'} 
 body=None 
 </msg>
<msg time="2024-07-27T09:15:13.614733" level="INFO">GET Response : url=https://randomuser.me/api 
 status=200, reason=OK 
 headers={'Date': 'Sat, 27 Jul 2024 09:15:13 GMT', 'Content-Type': 'application/json; charset=utf-8', 'Transfer-Encoding': 'chunked', 'Connection': 'keep-alive', 'X-Powered-By': 'Express', 'Access-Control-Allow-Origin': '*', 'Cache-Control': 'no-cache', 'ETag': 'W/"499-Rey9O9uP39j1ssifar6sKG+Rh10"', 'Vary': 'Accept-Encoding', 'Content-Encoding': 'gzip', 'CF-Cache-Status': 'DYNAMIC', 'Report-To': '{"endpoints":[{"url":"https:\\/\\/a.nel.cloudflare.com\\/report\\/v4?s=MzbhntvFB9d97z9HH3LBoLewyyTrIwWMNer8r2b2C%2FoYDOKGizxb0zclZxXMD%2FCOsQAGlX6Ze%2BvonLZrGu770D%2BFwMqSE71vSrCNuNmRf3WuTir1xFhqCckdpFN%2FCgpv"}],"group":"cf-nel","max_age":604800}', 'NEL': '{"success_fraction":0,"report_to":"cf-nel","max_age":604800}', 'Server': 'cloudflare', 'CF-RAY': '8a9b86116faa616d-ORD', 'alt-svc': 'h3=":443"; ma=86400'} 
 body={"results":[{"gender":"male","name":{"title":"Mr","first":"Abelâmio","last":"Araújo"},"location":{"street":{"number":5913,"name":"Rua Santos Dumont "},"city":"Trindade","state":"Maranhão","country":"Brazil","postcode":65000,"coordinates":{"latitude":"-75.9197","longitude":"-41.4334"},"timezone":{"offset":"-3:00","description":"Brazil, Buenos Aires, Georgetown"}},"email":"abelamio.araujo@example.com","login":{"uuid":"0059be59-1fae-4a64-9ea9-5e608cbbbc2a","username":"redmeercat388","password":"topper","salt":"e7O5Nyqg","md5":"f94d21f20b909124a57e01b6b341e1d5","sha1":"106f011861b0eb37150f2803bedfc12797a6181e","sha256":"28013d861dc363a220f90f339b5835a58c10cf854013d23b5205d38ddbe20a52"},"dob":{"date":"1995-09-02T20:21:49.812Z","age":28},"registered":{"date":"2010-10-16T09:58:36.534Z","age":13},"phone":"(57) 7768-1699","cell":"(89) 0438-8722","id":{"name":"CPF","value":"346.475.178-41"},"picture":{"large":"https://randomuser.me/api/portraits/men/6.jpg","medium":"https://randomuser.me/api/portraits/med/men/6.jpg","thumbnail":"https://randomuser.me/api/portraits/thumb/men/6.jpg"},"nat":"BR"}],"info":{"seed":"7347b11e248eb539","results":1,"page":1,"version":"1.4"}} 
 </msg>
<msg time="2024-07-27T09:15:13.614805" level="INFO">/opt/hostedtoolcache/Python/3.12.4/x64/lib/python3.12/site-packages/urllib3/connectionpool.py:1099: InsecureRequestWarning: Unverified HTTPS request is being made to host 'randomuser.me'. Adding certificate verification is strongly advised. See: https://urllib3.readthedocs.io/en/latest/advanced-usage.html#tls-warnings
  warnings.warn(</msg>
<msg time="2024-07-27T09:15:13.614943" level="INFO">${response} = &lt;Response [200]&gt;</msg>
<var>${response}</var>
<arg>consultarAPI</arg>
<arg>/api</arg>
<doc>Sends a GET request on a previously created HTTP Session.</doc>
<status status="PASS" start="2024-07-27T09:15:13.509254" elapsed="0.105729"/>
</kw>
<kw name="Set Variable" owner="BuiltIn">
<msg time="2024-07-27T09:15:13.616042" level="INFO">${json_data} = {'results': [{'gender': 'male', 'name': {'title': 'Mr', 'first': 'Abelâmio', 'last': 'Araújo'}, 'location': {'street': {'number': 5913, 'name': 'Rua Santos Dumont '}, 'city': 'Trindade', 'state': 'Mar...</msg>
<var>${json_data}</var>
<arg>${response.json()}</arg>
<doc>Returns the given values which can then be assigned to a variables.</doc>
<status status="PASS" start="2024-07-27T09:15:13.615514" elapsed="0.000557"/>
</kw>
<kw name="Set Variable" owner="BuiltIn">
<msg time="2024-07-27T09:15:13.616763" level="INFO">${name_title} = Mr</msg>
<var>${name_title}</var>
<arg>${json_data["results"][0]["name"]["title"]}</arg>
<doc>Returns the given values which can then be assigned to a variables.</doc>
<status status="PASS" start="2024-07-27T09:15:13.616386" elapsed="0.000403"/>
</kw>
<kw name="Create List" owner="BuiltIn">
<msg time="2024-07-27T09:15:13.617233" level="INFO">${allowed_titles} = ['Mr', 'Ms', 'Miss', 'Mrs', 'Madame', 'Monsieur']</msg>
<var>${allowed_titles}</var>
<arg>Mr</arg>
<arg>Ms</arg>
<arg>Miss</arg>
<arg>Mrs</arg>
<arg>Madame</arg>
<arg>Monsieur</arg>
<doc>Returns a list containing given items.</doc>
<status status="PASS" start="2024-07-27T09:15:13.617083" elapsed="0.000174"/>
</kw>
<kw name="List Should Contain Value" owner="Collections">
<arg>${allowed_titles}</arg>
<arg>${name_title}</arg>
<doc>Fails if the ``value`` is not found from ``list``.</doc>
<status status="PASS" start="2024-07-27T09:15:13.617554" elapsed="0.000185"/>
</kw>
<kw name="Set Variable" owner="BuiltIn">
<msg time="2024-07-27T09:15:13.618290" level="INFO">${name_country} = BR</msg>
<var>${name_country}</var>
<arg>${json_data["results"][0]["nat"]}</arg>
<doc>Returns the given values which can then be assigned to a variables.</doc>
<status status="PASS" start="2024-07-27T09:15:13.617919" elapsed="0.000396"/>
</kw>
<kw name="Create List" owner="BuiltIn">
<msg time="2024-07-27T09:15:13.619239" level="INFO">${list_country} = ['AD', 'AE', 'AF', 'AG', 'AI', 'AL', 'AM', 'AO', 'AQ', 'AR', 'AS', 'AT', 'AU', 'AW', 'AX', 'AZ', 'BA', 'BB', 'BD', 'BE', 'BF', 'BG', 'BH', 'BI', 'BJ', 'BL', 'BM', 'BN', 'BO', 'BQ', 'BR', 'BS', 'BT', '...</msg>
<var>${list_country}</var>
<arg>AD</arg>
<arg>AE</arg>
<arg>AF</arg>
<arg>AG</arg>
<arg>AI</arg>
<arg>AL</arg>
<arg>AM</arg>
<arg>AO</arg>
<arg>AQ</arg>
<arg>AR</arg>
<arg>AS</arg>
<arg>AT</arg>
<arg>AU</arg>
<arg>AW</arg>
<arg>AX</arg>
<arg>AZ</arg>
<arg>BA</arg>
<arg>BB</arg>
<arg>BD</arg>
<arg>BE</arg>
<arg>BF</arg>
<arg>BG</arg>
<arg>BH</arg>
<arg>BI</arg>
<arg>BJ</arg>
<arg>BL</arg>
<arg>BM</arg>
<arg>BN</arg>
<arg>BO</arg>
<arg>BQ</arg>
<arg>BR</arg>
<arg>BS</arg>
<arg>BT</arg>
<arg>BV</arg>
<arg>BW</arg>
<arg>BY</arg>
<arg>BZ</arg>
<arg>CA</arg>
<arg>CC</arg>
<arg>CD</arg>
<arg>CF</arg>
<arg>CG</arg>
<arg>CH</arg>
<arg>CI</arg>
<arg>CK</arg>
<arg>CL</arg>
<arg>CM</arg>
<arg>CN</arg>
<arg>CO</arg>
<arg>CR</arg>
<arg>CU</arg>
<arg>CV</arg>
<arg>CW</arg>
<arg>CX</arg>
<arg>CY</arg>
<arg>CZ</arg>
<arg>DE</arg>
<arg>DJ</arg>
<arg>DK</arg>
<arg>DM</arg>
<arg>DO</arg>
<arg>DZ</arg>
<arg>EC</arg>
<arg>EE</arg>
<arg>EG</arg>
<arg>EH</arg>
<arg>ER</arg>
<arg>ES</arg>
<arg>ET</arg>
<arg>FI</arg>
<arg>FJ</arg>
<arg>FK</arg>
<arg>FM</arg>
<arg>FO</arg>
<arg>FR</arg>
<arg>GA</arg>
<arg>GB</arg>
<arg>GD</arg>
<arg>GE</arg>
<arg>GF</arg>
<arg>GG</arg>
<arg>GH</arg>
<arg>GI</arg>
<arg>GL</arg>
<arg>GM</arg>
<arg>GN</arg>
<arg>GP</arg>
<arg>GQ</arg>
<arg>GR</arg>
<arg>GS</arg>
<arg>GT</arg>
<arg>GU</arg>
<arg>GW</arg>
<arg>GY</arg>
<arg>HK</arg>
<arg>HM</arg>
<arg>HN</arg>
<arg>HR</arg>
<arg>HT</arg>
<arg>HU</arg>
<arg>ID</arg>
<arg>IE</arg>
<arg>IL</arg>
<arg>IM</arg>
<arg>IN</arg>
<arg>IO</arg>
<arg>IQ</arg>
<arg>IR</arg>
<arg>IS</arg>
<arg>IT</arg>
<arg>JE</arg>
<arg>JM</arg>
<arg>JO</arg>
<arg>JP</arg>
<arg>KE</arg>
<arg>KG</arg>
<arg>KH</arg>
<arg>KI</arg>
<arg>KM</arg>
<arg>KN</arg>
<arg>KP</arg>
<arg>KR</arg>
<arg>KW</arg>
<arg>KY</arg>
<arg>KZ</arg>
<arg>LA</arg>
<arg>LB</arg>
<arg>LC</arg>
<arg>LI</arg>
<arg>LK</arg>
<arg>LR</arg>
<arg>LS</arg>
<arg>LT</arg>
<arg>LU</arg>
<arg>LV</arg>
<arg>LY</arg>
<arg>MA</arg>
<arg>MC</arg>
<arg>MD</arg>
<arg>ME</arg>
<arg>MF</arg>
<arg>MG</arg>
<arg>MH</arg>
<arg>MK</arg>
<arg>ML</arg>
<arg>MM</arg>
<arg>MN</arg>
<arg>MO</arg>
<arg>MP</arg>
<arg>MQ</arg>
<arg>MR</arg>
<arg>MS</arg>
<arg>MT</arg>
<arg>MU</arg>
<arg>MV</arg>
<arg>MW</arg>
<arg>MX</arg>
<arg>MY</arg>
<arg>MZ</arg>
<arg>NA</arg>
<arg>NC</arg>
<arg>NE</arg>
<arg>NF</arg>
<arg>NG</arg>
<arg>NI</arg>
<arg>NL</arg>
<arg>NO</arg>
<arg>NP</arg>
<arg>NR</arg>
<arg>NU</arg>
<arg>NZ</arg>
<arg>OM</arg>
<arg>PA</arg>
<arg>PE</arg>
<arg>PF</arg>
<arg>PG</arg>
<arg>PH</arg>
<arg>PK</arg>
<arg>PL</arg>
<arg>PM</arg>
<arg>PN</arg>
<arg>PR</arg>
<arg>PS</arg>
<arg>PT</arg>
<arg>PW</arg>
<arg>PY</arg>
<arg>QA</arg>
<arg>RE</arg>
<arg>RO</arg>
<arg>RS</arg>
<arg>RU</arg>
<arg>RW</arg>
<arg>SA</arg>
<arg>SB</arg>
<arg>SC</arg>
<arg>SD</arg>
<arg>SE</arg>
<arg>SG</arg>
<arg>SH</arg>
<arg>SI</arg>
<arg>SJ</arg>
<arg>SK</arg>
<arg>SL</arg>
<arg>SM</arg>
<arg>SN</arg>
<arg>SO</arg>
<arg>SR</arg>
<arg>SS</arg>
<arg>ST</arg>
<arg>SV</arg>
<arg>SX</arg>
<arg>SY</arg>
<arg>SZ</arg>
<arg>TC</arg>
<arg>TD</arg>
<arg>TF</arg>
<arg>TG</arg>
<arg>TH</arg>
<arg>TJ</arg>
<arg>TK</arg>
<arg>TL</arg>
<arg>TM</arg>
<arg>TN</arg>
<arg>TO</arg>
<arg>TR</arg>
<arg>TT</arg>
<arg>TV</arg>
<arg>TW</arg>
<arg>TZ</arg>
<arg>UA</arg>
<arg>UG</arg>
<arg>UM</arg>
<arg>US</arg>
<arg>UY</arg>
<arg>UZ</arg>
<arg>VA</arg>
<arg>VC</arg>
<arg>VE</arg>
<arg>VG</arg>
<arg>VI</arg>
<arg>VN</arg>
<arg>VU</arg>
<arg>WF</arg>
<arg>WS</arg>
<arg>XK</arg>
<arg>YE</arg>
<arg>YT</arg>
<arg>ZA</arg>
<arg>ZM</arg>
<arg>ZW</arg>
<doc>Returns a list containing given items.</doc>
<status status="PASS" start="2024-07-27T09:15:13.618643" elapsed="0.000622"/>
</kw>
<kw name="List Should Contain Value" owner="Collections">
<arg>${list_country}</arg>
<arg>${name_country}</arg>
<doc>Fails if the ``value`` is not found from ``list``.</doc>
<status status="PASS" start="2024-07-27T09:15:13.620247" elapsed="0.000208"/>
</kw>
<kw name="Run Keyword If" owner="BuiltIn">
<kw name="Should Be True" owner="BuiltIn">
<arg>${True}</arg>
<doc>Fails if the given condition is not true.</doc>
<status status="PASS" start="2024-07-27T09:15:13.621401" elapsed="0.000142"/>
</kw>
<arg>${json_data["results"][0]["location"]["coordinates"]["latitude"]} &gt;= -90 and ${json_data["results"][0]["location"]["coordinates"]["latitude"]} &lt;= 90</arg>
<arg>Should Be True</arg>
<arg>${True}</arg>
<doc>Runs the given keyword with the given arguments, if ``condition`` is true.</doc>
<status status="PASS" start="2024-07-27T09:15:13.620653" elapsed="0.001015"/>
</kw>
<kw name="Run Keyword If" owner="BuiltIn">
<kw name="Should Be True" owner="BuiltIn">
<arg>${True}</arg>
<doc>Fails if the given condition is not true.</doc>
<status status="PASS" start="2024-07-27T09:15:13.622568" elapsed="0.000144"/>
</kw>
<arg>${json_data["results"][0]["location"]["coordinates"]["longitude"]} &gt;= -180 and ${json_data["results"][0]["location"]["coordinates"]["longitude"]} &lt;= 180</arg>
<arg>Should Be True</arg>
<arg>${True}</arg>
<doc>Runs the given keyword with the given arguments, if ``condition`` is true.</doc>
<status status="PASS" start="2024-07-27T09:15:13.621848" elapsed="0.000990"/>
</kw>
<status status="PASS" start="2024-07-27T09:15:13.508868" elapsed="0.114108"/>
</kw>
<doc>Testa o conteúdo específico dos campos retornados pela API.</doc>
<tag>testeConteudo</tag>
<status status="PASS" start="2024-07-27T09:15:13.508194" elapsed="0.114935"/>
</test>
<status status="PASS" start="2024-07-27T09:15:12.759217" elapsed="0.865800"/>
</suite>
<status status="PASS" start="2024-07-27T09:15:12.744445" elapsed="0.885640"/>
</suite>
<statistics>
<total>
<stat pass="5" fail="0" skip="0">All Tests</stat>
</total>
<tag>
<stat pass="1" fail="0" skip="0">testeConteudo</stat>
<stat pass="1" fail="0" skip="0">testeEstruturaResposta</stat>
<stat pass="1" fail="0" skip="0">testeRequisicaoBasica</stat>
<stat pass="1" fail="0" skip="0">testeTiposDados</stat>
</tag>
<suite>
<stat pass="5" fail="0" skip="0" id="s1" name="Tests">Tests</stat>
<stat pass="5" fail="0" skip="0" id="s1-s1" name="Random-User-Test">Tests.Random-User-Test</stat>
</suite>
</statistics>
<errors>
</errors>
</robot>
