<?xml version="1.0" encoding="UTF-8"?>
<robot generator="Robot 7.0.1 (Python 3.12.4 on linux)" generated="2024-06-30T14:13:15.132127" rpa="false" schemaversion="5">
<suite id="s1" name="Tests" source="/home/runner/work/ApiRandomUser/ApiRandomUser/RamdonUser/tests">
<suite id="s1-s1" name="Random-User-Test" source="/home/runner/work/ApiRandomUser/ApiRandomUser/RamdonUser/tests/random-user-test.robot">
<test id="s1-s1-t1" name="Conectar" line="13">
<kw name="Conectar API" owner="random-user-service">
<kw name="Create Session" owner="RequestsLibrary">
<msg time="2024-06-30T14:13:15.617802" level="INFO">Creating Session using : alias=consultarAPI, url=https://randomuser.me/, headers={},                     cookies={}, auth=None, timeout=None, proxies=None, verify=False,                     debug=0 </msg>
<arg>consultarAPI</arg>
<arg>${URL}</arg>
<doc>Create Session: create a HTTP session to a server</doc>
<status status="PASS" start="2024-06-30T14:13:15.617583" elapsed="0.000402"/>
</kw>
<status status="PASS" start="2024-06-30T14:13:15.616542" elapsed="0.001814"/>
</kw>
<status status="PASS" start="2024-06-30T14:13:15.615893" elapsed="0.002661"/>
</test>
<test id="s1-s1-t2" name="Validar retorno 200 e JSON Válido" line="16">
<kw name="Teste de Requisicao Basica" owner="random-user-service">
<kw name="GET On Session" owner="RequestsLibrary">
<msg time="2024-06-30T14:13:15.788993" level="INFO">GET Request : url=https://randomuser.me/api 
 path_url=/api 
 headers={'User-Agent': 'python-requests/2.32.3', 'Accept-Encoding': 'gzip, deflate', 'Accept': '*/*', 'Connection': 'keep-alive'} 
 body=None 
 </msg>
<msg time="2024-06-30T14:13:15.789179" level="INFO">GET Response : url=https://randomuser.me/api 
 status=200, reason=OK 
 headers={'Date': 'Sun, 30 Jun 2024 14:13:15 GMT', 'Content-Type': 'application/json; charset=utf-8', 'Transfer-Encoding': 'chunked', 'Connection': 'keep-alive', 'X-Powered-By': 'Express', 'Access-Control-Allow-Origin': '*', 'Cache-Control': 'no-cache', 'ETag': 'W/"47b-C40qgxlYb00NtEwubRLP4XlBm/g"', 'Vary': 'Accept-Encoding', 'Content-Encoding': 'gzip', 'CF-Cache-Status': 'DYNAMIC', 'Report-To': '{"endpoints":[{"url":"https:\\/\\/a.nel.cloudflare.com\\/report\\/v4?s=yoEW6R8sk9wh%2BsQ8VbjCoNym1H7jz%2FTgbvpTSkp%2FktqUroUtnVnEUCcyVbjy%2BXGNluRuIZpdfbxqRCwLheDSp%2FR0kFzh3xGT82YHwiBgoDwDyMLQzYhnx9ub2f7PPBkH"}],"group":"cf-nel","max_age":604800}', 'NEL': '{"success_fraction":0,"report_to":"cf-nel","max_age":604800}', 'Server': 'cloudflare', 'CF-RAY': '89bec18578ce0766-IAD', 'alt-svc': 'h3=":443"; ma=86400'} 
 body={"results":[{"gender":"male","name":{"title":"Mr","first":"Rachit","last":"Fernandes"},"location":{"street":{"number":8672,"name":"Commercial St"},"city":"Suryapet","state":"Delhi","country":"India","postcode":13307,"coordinates":{"latitude":"6.7955","longitude":"-143.7849"},"timezone":{"offset":"-11:00","description":"Midway Island, Samoa"}},"email":"rachit.fernandes@example.com","login":{"uuid":"b40d3e40-7f5b-41ef-ba1a-469e1b5e7385","username":"bigmouse342","password":"onion","salt":"B7uRe47C","md5":"89b44a15dd31759afb5aea7b3007af33","sha1":"461ad3c2ad5dd38bedb399a550771302e1f93a78","sha256":"91a3d6b19999eb094dda138645167d59dd14228d5115c7e8c88913479475a764"},"dob":{"date":"1969-03-09T14:58:32.932Z","age":55},"registered":{"date":"2014-01-21T16:14:33.024Z","age":10},"phone":"7739415371","cell":"7352563927","id":{"name":"UIDAI","value":"964090728384"},"picture":{"large":"https://randomuser.me/api/portraits/men/87.jpg","medium":"https://randomuser.me/api/portraits/med/men/87.jpg","thumbnail":"https://randomuser.me/api/portraits/thumb/men/87.jpg"},"nat":"IN"}],"info":{"seed":"3d79148170377a98","results":1,"page":1,"version":"1.4"}} 
 </msg>
<msg time="2024-06-30T14:13:15.789274" level="INFO">/opt/hostedtoolcache/Python/3.12.4/x64/lib/python3.12/site-packages/urllib3/connectionpool.py:1099: InsecureRequestWarning: Unverified HTTPS request is being made to host 'randomuser.me'. Adding certificate verification is strongly advised. See: https://urllib3.readthedocs.io/en/latest/advanced-usage.html#tls-warnings
  warnings.warn(</msg>
<msg time="2024-06-30T14:13:15.789440" level="INFO">${response} = &lt;Response [200]&gt;</msg>
<var>${response}</var>
<arg>consultarAPI</arg>
<arg>/api</arg>
<doc>Sends a GET request on a previously created HTTP Session.</doc>
<status status="PASS" start="2024-06-30T14:13:15.621300" elapsed="0.168185"/>
</kw>
<kw name="Should Be Equal As Numbers" owner="BuiltIn">
<msg time="2024-06-30T14:13:15.790500" level="INFO">Argument types are:
&lt;class 'int'&gt;
&lt;class 'str'&gt;</msg>
<arg>${response.status_code}</arg>
<arg>200</arg>
<doc>Fails if objects are unequal after converting them to real numbers.</doc>
<status status="PASS" start="2024-06-30T14:13:15.790018" elapsed="0.000551"/>
</kw>
<kw name="Log" owner="BuiltIn">
<msg time="2024-06-30T14:13:15.791322" level="INFO">200</msg>
<arg>${response.status_code}</arg>
<doc>Logs the given message with the given level.</doc>
<status status="PASS" start="2024-06-30T14:13:15.790943" elapsed="0.000424"/>
</kw>
<kw name="Set Variable" owner="BuiltIn">
<msg time="2024-06-30T14:13:15.792157" level="INFO">${json_data} = {'results': [{'gender': 'male', 'name': {'title': 'Mr', 'first': 'Rachit', 'last': 'Fernandes'}, 'location': {'street': {'number': 8672, 'name': 'Commercial St'}, 'city': 'Suryapet', 'state': 'Delhi',...</msg>
<var>${json_data}</var>
<arg>${response.json()}</arg>
<doc>Returns the given values which can then be assigned to a variables.</doc>
<status status="PASS" start="2024-06-30T14:13:15.791701" elapsed="0.000485"/>
</kw>
<kw name="Dictionary Should Contain Key" owner="Collections">
<arg>${json_data}</arg>
<arg>results</arg>
<doc>Fails if ``key`` is not found from ``dictionary``.</doc>
<status status="PASS" start="2024-06-30T14:13:15.792498" elapsed="0.000170"/>
</kw>
<status status="PASS" start="2024-06-30T14:13:15.620996" elapsed="0.171821"/>
</kw>
<doc>Testa se a API responde corretamente e retorna um objeto JSON válido.</doc>
<tag>testeRequisicaoBasica</tag>
<status status="PASS" start="2024-06-30T14:13:15.620421" elapsed="0.172571"/>
</test>
<test id="s1-s1-t3" name="Validar estrutura de resposta" line="22">
<kw name="Teste de Estrutura de Resposta" owner="random-user-service">
<kw name="GET On Session" owner="RequestsLibrary">
<msg time="2024-06-30T14:13:15.885607" level="INFO">GET Request : url=https://randomuser.me/api 
 path_url=/api 
 headers={'User-Agent': 'python-requests/2.32.3', 'Accept-Encoding': 'gzip, deflate', 'Accept': '*/*', 'Connection': 'keep-alive'} 
 body=None 
 </msg>
<msg time="2024-06-30T14:13:15.885724" level="INFO">GET Response : url=https://randomuser.me/api 
 status=200, reason=OK 
 headers={'Date': 'Sun, 30 Jun 2024 14:13:15 GMT', 'Content-Type': 'application/json; charset=utf-8', 'Transfer-Encoding': 'chunked', 'Connection': 'keep-alive', 'X-Powered-By': 'Express', 'Access-Control-Allow-Origin': '*', 'Cache-Control': 'no-cache', 'ETag': 'W/"46a-S60cUn9FPCK8GvvAyOkJLQGvyFI"', 'Vary': 'Accept-Encoding', 'Content-Encoding': 'gzip', 'CF-Cache-Status': 'DYNAMIC', 'Report-To': '{"endpoints":[{"url":"https:\\/\\/a.nel.cloudflare.com\\/report\\/v4?s=XtZsbIJFQwF%2BVC83zHvITFsCRYo4Png32wglHkkV7CxoKPet46WEx0dgSLseH8yf0tQV94MX%2FFYEs1pHQIS58%2BffOhax6cZ%2FLTDtRg1G7XdAlmIvdzrI9cHN5qjhyxlG"}],"group":"cf-nel","max_age":604800}', 'NEL': '{"success_fraction":0,"report_to":"cf-nel","max_age":604800}', 'Server': 'cloudflare', 'CF-RAY': '89bec185b9130766-IAD', 'alt-svc': 'h3=":443"; ma=86400'} 
 body={"results":[{"gender":"male","name":{"title":"Mr","first":"Ahmet","last":"Arslanoğlu"},"location":{"street":{"number":8251,"name":"Filistin Cd"},"city":"Batman","state":"Şırnak","country":"Turkey","postcode":32106,"coordinates":{"latitude":"69.6687","longitude":"-44.8169"},"timezone":{"offset":"+3:30","description":"Tehran"}},"email":"ahmet.arslanoglu@example.com","login":{"uuid":"019d9ee3-d713-4b56-a887-63c6354cf2f1","username":"orangekoala484","password":"laurent","salt":"YEglUuyB","md5":"8e262de6a57690f4535c5f3e3e585b80","sha1":"391a0f0e04de9b42d8166bf877ee30df29256963","sha256":"e78c5463219bc62f85d8c408a731444ada2e12bbb6215ecf4e2e1f741562c01e"},"dob":{"date":"1957-10-14T09:10:41.769Z","age":66},"registered":{"date":"2018-01-22T21:38:46.086Z","age":6},"phone":"(232)-791-9174","cell":"(583)-009-1546","id":{"name":"","value":null},"picture":{"large":"https://randomuser.me/api/portraits/men/41.jpg","medium":"https://randomuser.me/api/portraits/med/men/41.jpg","thumbnail":"https://randomuser.me/api/portraits/thumb/men/41.jpg"},"nat":"TR"}],"info":{"seed":"63914813187cb286","results":1,"page":1,"version":"1.4"}} 
 </msg>
<msg time="2024-06-30T14:13:15.885879" level="INFO">/opt/hostedtoolcache/Python/3.12.4/x64/lib/python3.12/site-packages/urllib3/connectionpool.py:1099: InsecureRequestWarning: Unverified HTTPS request is being made to host 'randomuser.me'. Adding certificate verification is strongly advised. See: https://urllib3.readthedocs.io/en/latest/advanced-usage.html#tls-warnings
  warnings.warn(</msg>
<msg time="2024-06-30T14:13:15.886022" level="INFO">${response} = &lt;Response [200]&gt;</msg>
<var>${response}</var>
<arg>consultarAPI</arg>
<arg>/api</arg>
<doc>Sends a GET request on a previously created HTTP Session.</doc>
<status status="PASS" start="2024-06-30T14:13:15.795652" elapsed="0.090412"/>
</kw>
<kw name="Set Variable" owner="BuiltIn">
<msg time="2024-06-30T14:13:15.887116" level="INFO">${json_data} = {'results': [{'gender': 'male', 'name': {'title': 'Mr', 'first': 'Ahmet', 'last': 'Arslanoğlu'}, 'location': {'street': {'number': 8251, 'name': 'Filistin Cd'}, 'city': 'Batman', 'state': 'Şırnak', 'c...</msg>
<var>${json_data}</var>
<arg>${response.json()}</arg>
<doc>Returns the given values which can then be assigned to a variables.</doc>
<status status="PASS" start="2024-06-30T14:13:15.886578" elapsed="0.000568"/>
</kw>
<kw name="Log" owner="BuiltIn">
<msg time="2024-06-30T14:13:15.887623" level="INFO">{'results': [{'gender': 'male', 'name': {'title': 'Mr', 'first': 'Ahmet', 'last': 'Arslanoğlu'}, 'location': {'street': {'number': 8251, 'name': 'Filistin Cd'}, 'city': 'Batman', 'state': 'Şırnak', 'country': 'Turkey', 'postcode': 32106, 'coordinates': {'latitude': '69.6687', 'longitude': '-44.8169'}, 'timezone': {'offset': '+3:30', 'description': 'Tehran'}}, 'email': 'ahmet.arslanoglu@example.com', 'login': {'uuid': '019d9ee3-d713-4b56-a887-63c6354cf2f1', 'username': 'orangekoala484', 'password': 'laurent', 'salt': 'YEglUuyB', 'md5': '8e262de6a57690f4535c5f3e3e585b80', 'sha1': '391a0f0e04de9b42d8166bf877ee30df29256963', 'sha256': 'e78c5463219bc62f85d8c408a731444ada2e12bbb6215ecf4e2e1f741562c01e'}, 'dob': {'date': '1957-10-14T09:10:41.769Z', 'age': 66}, 'registered': {'date': '2018-01-22T21:38:46.086Z', 'age': 6}, 'phone': '(232)-791-9174', 'cell': '(583)-009-1546', 'id': {'name': '', 'value': None}, 'picture': {'large': 'https://randomuser.me/api/portraits/men/41.jpg', 'medium': 'https://randomuser.me/api/portraits/med/men/41.jpg', 'thumbnail': 'https://randomuser.me/api/portraits/thumb/men/41.jpg'}, 'nat': 'TR'}], 'info': {'seed': '63914813187cb286', 'results': 1, 'page': 1, 'version': '1.4'}}</msg>
<arg>${json_data}</arg>
<doc>Logs the given message with the given level.</doc>
<status status="PASS" start="2024-06-30T14:13:15.887460" elapsed="0.000214"/>
</kw>
<kw name="Dictionary Should Contain Key" owner="Collections">
<arg>${json_data}</arg>
<arg>results</arg>
<doc>Fails if ``key`` is not found from ``dictionary``.</doc>
<status status="PASS" start="2024-06-30T14:13:15.887964" elapsed="0.000164"/>
</kw>
<kw name="Should Not Be Empty" owner="BuiltIn">
<msg time="2024-06-30T14:13:15.888443" level="INFO">Length is 2.</msg>
<arg>${json_data}</arg>
<doc>Verifies that the given item is not empty.</doc>
<status status="PASS" start="2024-06-30T14:13:15.888321" elapsed="0.000161"/>
</kw>
<kw name="Create List" owner="BuiltIn">
<msg time="2024-06-30T14:13:15.888937" level="INFO">${expected_keys} = ['gender', 'name', 'location', 'email', 'login']</msg>
<var>${expected_keys}</var>
<arg>gender</arg>
<arg>name</arg>
<arg>location</arg>
<arg>email</arg>
<arg>login</arg>
<doc>Returns a list containing given items.</doc>
<status status="PASS" start="2024-06-30T14:13:15.888776" elapsed="0.000185"/>
</kw>
<for flavor="IN">
<iter>
<kw name="Dictionary Should Contain Key" owner="Collections">
<arg>${json_data['results'][0]}</arg>
<arg>${key}</arg>
<doc>Fails if ``key`` is not found from ``dictionary``.</doc>
<status status="PASS" start="2024-06-30T14:13:15.889772" elapsed="0.000420"/>
</kw>
<kw name="Log" owner="BuiltIn">
<msg time="2024-06-30T14:13:15.890757" level="INFO">{'gender': 'male', 'name': {'title': 'Mr', 'first': 'Ahmet', 'last': 'Arslanoğlu'}, 'location': {'street': {'number': 8251, 'name': 'Filistin Cd'}, 'city': 'Batman', 'state': 'Şırnak', 'country': 'Turkey', 'postcode': 32106, 'coordinates': {'latitude': '69.6687', 'longitude': '-44.8169'}, 'timezone': {'offset': '+3:30', 'description': 'Tehran'}}, 'email': 'ahmet.arslanoglu@example.com', 'login': {'uuid': '019d9ee3-d713-4b56-a887-63c6354cf2f1', 'username': 'orangekoala484', 'password': 'laurent', 'salt': 'YEglUuyB', 'md5': '8e262de6a57690f4535c5f3e3e585b80', 'sha1': '391a0f0e04de9b42d8166bf877ee30df29256963', 'sha256': 'e78c5463219bc62f85d8c408a731444ada2e12bbb6215ecf4e2e1f741562c01e'}, 'dob': {'date': '1957-10-14T09:10:41.769Z', 'age': 66}, 'registered': {'date': '2018-01-22T21:38:46.086Z', 'age': 6}, 'phone': '(232)-791-9174', 'cell': '(583)-009-1546', 'id': {'name': '', 'value': None}, 'picture': {'large': 'https://randomuser.me/api/portraits/men/41.jpg', 'medium': 'https://randomuser.me/api/portraits/med/men/41.jpg', 'thumbnail': 'https://randomuser.me/api/portraits/thumb/men/41.jpg'}, 'nat': 'TR'}</msg>
<arg>${json_data['results'][0]}</arg>
<doc>Logs the given message with the given level.</doc>
<status status="PASS" start="2024-06-30T14:13:15.890386" elapsed="0.000423"/>
</kw>
<kw name="Log" owner="BuiltIn">
<msg time="2024-06-30T14:13:15.891259" level="INFO">gender</msg>
<arg>${key}</arg>
<doc>Logs the given message with the given level.</doc>
<status status="PASS" start="2024-06-30T14:13:15.891113" elapsed="0.000184"/>
</kw>
<var name="${key}">gender</var>
<status status="PASS" start="2024-06-30T14:13:15.889647" elapsed="0.001867"/>
</iter>
<iter>
<kw name="Dictionary Should Contain Key" owner="Collections">
<arg>${json_data['results'][0]}</arg>
<arg>${key}</arg>
<doc>Fails if ``key`` is not found from ``dictionary``.</doc>
<status status="PASS" start="2024-06-30T14:13:15.891811" elapsed="0.000394"/>
</kw>
<kw name="Log" owner="BuiltIn">
<msg time="2024-06-30T14:13:15.892747" level="INFO">{'gender': 'male', 'name': {'title': 'Mr', 'first': 'Ahmet', 'last': 'Arslanoğlu'}, 'location': {'street': {'number': 8251, 'name': 'Filistin Cd'}, 'city': 'Batman', 'state': 'Şırnak', 'country': 'Turkey', 'postcode': 32106, 'coordinates': {'latitude': '69.6687', 'longitude': '-44.8169'}, 'timezone': {'offset': '+3:30', 'description': 'Tehran'}}, 'email': 'ahmet.arslanoglu@example.com', 'login': {'uuid': '019d9ee3-d713-4b56-a887-63c6354cf2f1', 'username': 'orangekoala484', 'password': 'laurent', 'salt': 'YEglUuyB', 'md5': '8e262de6a57690f4535c5f3e3e585b80', 'sha1': '391a0f0e04de9b42d8166bf877ee30df29256963', 'sha256': 'e78c5463219bc62f85d8c408a731444ada2e12bbb6215ecf4e2e1f741562c01e'}, 'dob': {'date': '1957-10-14T09:10:41.769Z', 'age': 66}, 'registered': {'date': '2018-01-22T21:38:46.086Z', 'age': 6}, 'phone': '(232)-791-9174', 'cell': '(583)-009-1546', 'id': {'name': '', 'value': None}, 'picture': {'large': 'https://randomuser.me/api/portraits/men/41.jpg', 'medium': 'https://randomuser.me/api/portraits/med/men/41.jpg', 'thumbnail': 'https://randomuser.me/api/portraits/thumb/men/41.jpg'}, 'nat': 'TR'}</msg>
<arg>${json_data['results'][0]}</arg>
<doc>Logs the given message with the given level.</doc>
<status status="PASS" start="2024-06-30T14:13:15.892387" elapsed="0.000442"/>
</kw>
<kw name="Log" owner="BuiltIn">
<msg time="2024-06-30T14:13:15.893290" level="INFO">name</msg>
<arg>${key}</arg>
<doc>Logs the given message with the given level.</doc>
<status status="PASS" start="2024-06-30T14:13:15.893152" elapsed="0.000176"/>
</kw>
<var name="${key}">name</var>
<status status="PASS" start="2024-06-30T14:13:15.891699" elapsed="0.001845"/>
</iter>
<iter>
<kw name="Dictionary Should Contain Key" owner="Collections">
<arg>${json_data['results'][0]}</arg>
<arg>${key}</arg>
<doc>Fails if ``key`` is not found from ``dictionary``.</doc>
<status status="PASS" start="2024-06-30T14:13:15.893830" elapsed="0.000382"/>
</kw>
<kw name="Log" owner="BuiltIn">
<msg time="2024-06-30T14:13:15.894749" level="INFO">{'gender': 'male', 'name': {'title': 'Mr', 'first': 'Ahmet', 'last': 'Arslanoğlu'}, 'location': {'street': {'number': 8251, 'name': 'Filistin Cd'}, 'city': 'Batman', 'state': 'Şırnak', 'country': 'Turkey', 'postcode': 32106, 'coordinates': {'latitude': '69.6687', 'longitude': '-44.8169'}, 'timezone': {'offset': '+3:30', 'description': 'Tehran'}}, 'email': 'ahmet.arslanoglu@example.com', 'login': {'uuid': '019d9ee3-d713-4b56-a887-63c6354cf2f1', 'username': 'orangekoala484', 'password': 'laurent', 'salt': 'YEglUuyB', 'md5': '8e262de6a57690f4535c5f3e3e585b80', 'sha1': '391a0f0e04de9b42d8166bf877ee30df29256963', 'sha256': 'e78c5463219bc62f85d8c408a731444ada2e12bbb6215ecf4e2e1f741562c01e'}, 'dob': {'date': '1957-10-14T09:10:41.769Z', 'age': 66}, 'registered': {'date': '2018-01-22T21:38:46.086Z', 'age': 6}, 'phone': '(232)-791-9174', 'cell': '(583)-009-1546', 'id': {'name': '', 'value': None}, 'picture': {'large': 'https://randomuser.me/api/portraits/men/41.jpg', 'medium': 'https://randomuser.me/api/portraits/med/men/41.jpg', 'thumbnail': 'https://randomuser.me/api/portraits/thumb/men/41.jpg'}, 'nat': 'TR'}</msg>
<arg>${json_data['results'][0]}</arg>
<doc>Logs the given message with the given level.</doc>
<status status="PASS" start="2024-06-30T14:13:15.894395" elapsed="0.000403"/>
</kw>
<kw name="Log" owner="BuiltIn">
<msg time="2024-06-30T14:13:15.895225" level="INFO">location</msg>
<arg>${key}</arg>
<doc>Logs the given message with the given level.</doc>
<status status="PASS" start="2024-06-30T14:13:15.895099" elapsed="0.000171"/>
</kw>
<var name="${key}">location</var>
<status status="PASS" start="2024-06-30T14:13:15.893721" elapsed="0.001766"/>
</iter>
<iter>
<kw name="Dictionary Should Contain Key" owner="Collections">
<arg>${json_data['results'][0]}</arg>
<arg>${key}</arg>
<doc>Fails if ``key`` is not found from ``dictionary``.</doc>
<status status="PASS" start="2024-06-30T14:13:15.895764" elapsed="0.000387"/>
</kw>
<kw name="Log" owner="BuiltIn">
<msg time="2024-06-30T14:13:15.896681" level="INFO">{'gender': 'male', 'name': {'title': 'Mr', 'first': 'Ahmet', 'last': 'Arslanoğlu'}, 'location': {'street': {'number': 8251, 'name': 'Filistin Cd'}, 'city': 'Batman', 'state': 'Şırnak', 'country': 'Turkey', 'postcode': 32106, 'coordinates': {'latitude': '69.6687', 'longitude': '-44.8169'}, 'timezone': {'offset': '+3:30', 'description': 'Tehran'}}, 'email': 'ahmet.arslanoglu@example.com', 'login': {'uuid': '019d9ee3-d713-4b56-a887-63c6354cf2f1', 'username': 'orangekoala484', 'password': 'laurent', 'salt': 'YEglUuyB', 'md5': '8e262de6a57690f4535c5f3e3e585b80', 'sha1': '391a0f0e04de9b42d8166bf877ee30df29256963', 'sha256': 'e78c5463219bc62f85d8c408a731444ada2e12bbb6215ecf4e2e1f741562c01e'}, 'dob': {'date': '1957-10-14T09:10:41.769Z', 'age': 66}, 'registered': {'date': '2018-01-22T21:38:46.086Z', 'age': 6}, 'phone': '(232)-791-9174', 'cell': '(583)-009-1546', 'id': {'name': '', 'value': None}, 'picture': {'large': 'https://randomuser.me/api/portraits/men/41.jpg', 'medium': 'https://randomuser.me/api/portraits/med/men/41.jpg', 'thumbnail': 'https://randomuser.me/api/portraits/thumb/men/41.jpg'}, 'nat': 'TR'}</msg>
<arg>${json_data['results'][0]}</arg>
<doc>Logs the given message with the given level.</doc>
<status status="PASS" start="2024-06-30T14:13:15.896330" elapsed="0.000401"/>
</kw>
<kw name="Log" owner="BuiltIn">
<msg time="2024-06-30T14:13:15.897205" level="INFO">email</msg>
<arg>${key}</arg>
<doc>Logs the given message with the given level.</doc>
<status status="PASS" start="2024-06-30T14:13:15.897037" elapsed="0.000214"/>
</kw>
<var name="${key}">email</var>
<status status="PASS" start="2024-06-30T14:13:15.895656" elapsed="0.001811"/>
</iter>
<iter>
<kw name="Dictionary Should Contain Key" owner="Collections">
<arg>${json_data['results'][0]}</arg>
<arg>${key}</arg>
<doc>Fails if ``key`` is not found from ``dictionary``.</doc>
<status status="PASS" start="2024-06-30T14:13:15.897751" elapsed="0.000391"/>
</kw>
<kw name="Log" owner="BuiltIn">
<msg time="2024-06-30T14:13:15.898691" level="INFO">{'gender': 'male', 'name': {'title': 'Mr', 'first': 'Ahmet', 'last': 'Arslanoğlu'}, 'location': {'street': {'number': 8251, 'name': 'Filistin Cd'}, 'city': 'Batman', 'state': 'Şırnak', 'country': 'Turkey', 'postcode': 32106, 'coordinates': {'latitude': '69.6687', 'longitude': '-44.8169'}, 'timezone': {'offset': '+3:30', 'description': 'Tehran'}}, 'email': 'ahmet.arslanoglu@example.com', 'login': {'uuid': '019d9ee3-d713-4b56-a887-63c6354cf2f1', 'username': 'orangekoala484', 'password': 'laurent', 'salt': 'YEglUuyB', 'md5': '8e262de6a57690f4535c5f3e3e585b80', 'sha1': '391a0f0e04de9b42d8166bf877ee30df29256963', 'sha256': 'e78c5463219bc62f85d8c408a731444ada2e12bbb6215ecf4e2e1f741562c01e'}, 'dob': {'date': '1957-10-14T09:10:41.769Z', 'age': 66}, 'registered': {'date': '2018-01-22T21:38:46.086Z', 'age': 6}, 'phone': '(232)-791-9174', 'cell': '(583)-009-1546', 'id': {'name': '', 'value': None}, 'picture': {'large': 'https://randomuser.me/api/portraits/men/41.jpg', 'medium': 'https://randomuser.me/api/portraits/med/men/41.jpg', 'thumbnail': 'https://randomuser.me/api/portraits/thumb/men/41.jpg'}, 'nat': 'TR'}</msg>
<arg>${json_data['results'][0]}</arg>
<doc>Logs the given message with the given level.</doc>
<status status="PASS" start="2024-06-30T14:13:15.898322" elapsed="0.000418"/>
</kw>
<kw name="Log" owner="BuiltIn">
<msg time="2024-06-30T14:13:15.899160" level="INFO">login</msg>
<arg>${key}</arg>
<doc>Logs the given message with the given level.</doc>
<status status="PASS" start="2024-06-30T14:13:15.899033" elapsed="0.000175"/>
</kw>
<var name="${key}">login</var>
<status status="PASS" start="2024-06-30T14:13:15.897638" elapsed="0.001792"/>
</iter>
<var>${key}</var>
<value>@{expected_keys}</value>
<status status="PASS" start="2024-06-30T14:13:15.889446" elapsed="0.010104"/>
</for>
<kw name="Create List" owner="BuiltIn">
<msg time="2024-06-30T14:13:15.899874" level="INFO">${expected_keysTwo} = ['username', 'password']</msg>
<var>${expected_keysTwo}</var>
<arg>username</arg>
<arg>password</arg>
<doc>Returns a list containing given items.</doc>
<status status="PASS" start="2024-06-30T14:13:15.899739" elapsed="0.000158"/>
</kw>
<for flavor="IN">
<iter>
<kw name="Dictionary Should Contain Key" owner="Collections">
<arg>${json_data['results'][0]['login']}</arg>
<arg>${keyTwo}</arg>
<doc>Fails if ``key`` is not found from ``dictionary``.</doc>
<status status="PASS" start="2024-06-30T14:13:15.900420" elapsed="0.000382"/>
</kw>
<kw name="Dictionary Should Contain Key" owner="Collections">
<arg>${json_data['results'][0]['login']}</arg>
<arg>${keyTwo}</arg>
<doc>Fails if ``key`` is not found from ``dictionary``.</doc>
<status status="PASS" start="2024-06-30T14:13:15.900980" elapsed="0.000409"/>
</kw>
<kw name="Log" owner="BuiltIn">
<msg time="2024-06-30T14:13:15.901696" level="INFO">username</msg>
<arg>${keyTwo}</arg>
<doc>Logs the given message with the given level.</doc>
<status status="PASS" start="2024-06-30T14:13:15.901572" elapsed="0.000162"/>
</kw>
<var name="${keyTwo}">username</var>
<status status="PASS" start="2024-06-30T14:13:15.900312" elapsed="0.001639"/>
</iter>
<iter>
<kw name="Dictionary Should Contain Key" owner="Collections">
<arg>${json_data['results'][0]['login']}</arg>
<arg>${keyTwo}</arg>
<doc>Fails if ``key`` is not found from ``dictionary``.</doc>
<status status="PASS" start="2024-06-30T14:13:15.902226" elapsed="0.000370"/>
</kw>
<kw name="Dictionary Should Contain Key" owner="Collections">
<arg>${json_data['results'][0]['login']}</arg>
<arg>${keyTwo}</arg>
<doc>Fails if ``key`` is not found from ``dictionary``.</doc>
<status status="PASS" start="2024-06-30T14:13:15.902776" elapsed="0.000370"/>
</kw>
<kw name="Log" owner="BuiltIn">
<msg time="2024-06-30T14:13:15.903438" level="INFO">password</msg>
<arg>${keyTwo}</arg>
<doc>Logs the given message with the given level.</doc>
<status status="PASS" start="2024-06-30T14:13:15.903319" elapsed="0.000160"/>
</kw>
<var name="${keyTwo}">password</var>
<status status="PASS" start="2024-06-30T14:13:15.902121" elapsed="0.001575"/>
</iter>
<var>${keyTwo}</var>
<value>@{expected_keysTwo}</value>
<status status="PASS" start="2024-06-30T14:13:15.900158" elapsed="0.003658"/>
</for>
<status status="PASS" start="2024-06-30T14:13:15.795420" elapsed="0.108535"/>
</kw>
<doc>Testa a estrutura da resposta da API.</doc>
<tag>testeEstruturaResposta</tag>
<status status="PASS" start="2024-06-30T14:13:15.794884" elapsed="0.109227"/>
</test>
<test id="s1-s1-t4" name="Validar tipos de dados" line="28">
<kw name="Teste de Tipos de Dados" owner="random-user-service">
<kw name="GET On Session" owner="RequestsLibrary">
<msg time="2024-06-30T14:13:15.983187" level="INFO">GET Request : url=https://randomuser.me/api 
 path_url=/api 
 headers={'User-Agent': 'python-requests/2.32.3', 'Accept-Encoding': 'gzip, deflate', 'Accept': '*/*', 'Connection': 'keep-alive'} 
 body=None 
 </msg>
<msg time="2024-06-30T14:13:15.983289" level="INFO">GET Response : url=https://randomuser.me/api 
 status=200, reason=OK 
 headers={'Date': 'Sun, 30 Jun 2024 14:13:15 GMT', 'Content-Type': 'application/json; charset=utf-8', 'Transfer-Encoding': 'chunked', 'Connection': 'keep-alive', 'X-Powered-By': 'Express', 'Access-Control-Allow-Origin': '*', 'Cache-Control': 'no-cache', 'ETag': 'W/"4af-sqZmzRLbjOOiwFJ9cdDLdjQEpBU"', 'Vary': 'Accept-Encoding', 'Content-Encoding': 'gzip', 'CF-Cache-Status': 'DYNAMIC', 'Report-To': '{"endpoints":[{"url":"https:\\/\\/a.nel.cloudflare.com\\/report\\/v4?s=GNxOAhlurenJh%2F7WHAkxgYKQRk2oVDBRDcieQrnD7EOE5RvgfnzfeQkFsXzjBLovRjveTJZtKm%2FXLsE6bMW%2Fjp1aCHlN03GHg58DrMHJqTdvk576bFGYmUZYlW%2BrpXcF"}],"group":"cf-nel","max_age":604800}', 'NEL': '{"success_fraction":0,"report_to":"cf-nel","max_age":604800}', 'Server': 'cloudflare', 'CF-RAY': '89bec18669c90766-IAD', 'alt-svc': 'h3=":443"; ma=86400'} 
 body={"results":[{"gender":"male","name":{"title":"Mr","first":"Jimmie","last":"Montgomery"},"location":{"street":{"number":3588,"name":"Richmond Road"},"city":"Wolverhampton","state":"Cambridgeshire","country":"United Kingdom","postcode":"J32 5XF","coordinates":{"latitude":"-9.4006","longitude":"-3.8738"},"timezone":{"offset":"+1:00","description":"Brussels, Copenhagen, Madrid, Paris"}},"email":"jimmie.montgomery@example.com","login":{"uuid":"7975af19-09a1-4f6b-b339-0848547503b7","username":"brownmeercat123","password":"charter","salt":"aKNe9zS0","md5":"0ed29660325cfdf98a18c631e3f957ea","sha1":"60fc52ad19acc65475a80a0be68281e845496d4c","sha256":"b73c50cfd772479377fe3d94d0384461209974f6d7e8ad092808a16d7fc874b7"},"dob":{"date":"1973-03-15T08:11:55.556Z","age":51},"registered":{"date":"2007-06-24T22:36:36.640Z","age":17},"phone":"015395 29184","cell":"07251 795104","id":{"name":"NINO","value":"YA 95 81 32 Z"},"picture":{"large":"https://randomuser.me/api/portraits/men/55.jpg","medium":"https://randomuser.me/api/portraits/med/men/55.jpg","thumbnail":"https://randomuser.me/api/portraits/thumb/men/55.jpg"},"nat":"GB"}],"info":{"seed":"1e10cc5c87c53804","results":1,"page":1,"version":"1.4"}} 
 </msg>
<msg time="2024-06-30T14:13:15.983365" level="INFO">/opt/hostedtoolcache/Python/3.12.4/x64/lib/python3.12/site-packages/urllib3/connectionpool.py:1099: InsecureRequestWarning: Unverified HTTPS request is being made to host 'randomuser.me'. Adding certificate verification is strongly advised. See: https://urllib3.readthedocs.io/en/latest/advanced-usage.html#tls-warnings
  warnings.warn(</msg>
<msg time="2024-06-30T14:13:15.983499" level="INFO">${response} = &lt;Response [200]&gt;</msg>
<var>${response}</var>
<arg>consultarAPI</arg>
<arg>/api</arg>
<doc>Sends a GET request on a previously created HTTP Session.</doc>
<status status="PASS" start="2024-06-30T14:13:15.906861" elapsed="0.076679"/>
</kw>
<kw name="Set Variable" owner="BuiltIn">
<msg time="2024-06-30T14:13:15.984775" level="INFO">${json_data} = {'results': [{'gender': 'male', 'name': {'title': 'Mr', 'first': 'Jimmie', 'last': 'Montgomery'}, 'location': {'street': {'number': 3588, 'name': 'Richmond Road'}, 'city': 'Wolverhampton', 'state': 'C...</msg>
<var>${json_data}</var>
<arg>${response.json()}</arg>
<doc>Returns the given values which can then be assigned to a variables.</doc>
<status status="PASS" start="2024-06-30T14:13:15.984210" elapsed="0.000593"/>
</kw>
<kw name="Log" owner="BuiltIn">
<msg time="2024-06-30T14:13:15.985330" level="INFO">{'results': [{'gender': 'male', 'name': {'title': 'Mr', 'first': 'Jimmie', 'last': 'Montgomery'}, 'location': {'street': {'number': 3588, 'name': 'Richmond Road'}, 'city': 'Wolverhampton', 'state': 'Cambridgeshire', 'country': 'United Kingdom', 'postcode': 'J32 5XF', 'coordinates': {'latitude': '-9.4006', 'longitude': '-3.8738'}, 'timezone': {'offset': '+1:00', 'description': 'Brussels, Copenhagen, Madrid, Paris'}}, 'email': 'jimmie.montgomery@example.com', 'login': {'uuid': '7975af19-09a1-4f6b-b339-0848547503b7', 'username': 'brownmeercat123', 'password': 'charter', 'salt': 'aKNe9zS0', 'md5': '0ed29660325cfdf98a18c631e3f957ea', 'sha1': '60fc52ad19acc65475a80a0be68281e845496d4c', 'sha256': 'b73c50cfd772479377fe3d94d0384461209974f6d7e8ad092808a16d7fc874b7'}, 'dob': {'date': '1973-03-15T08:11:55.556Z', 'age': 51}, 'registered': {'date': '2007-06-24T22:36:36.640Z', 'age': 17}, 'phone': '015395 29184', 'cell': '07251 795104', 'id': {'name': 'NINO', 'value': 'YA 95 81 32 Z'}, 'picture': {'large': 'https://randomuser.me/api/portraits/men/55.jpg', 'medium': 'https://randomuser.me/api/portraits/med/men/55.jpg', 'thumbnail': 'https://randomuser.me/api/portraits/thumb/men/55.jpg'}, 'nat': 'GB'}], 'info': {'seed': '1e10cc5c87c53804', 'results': 1, 'page': 1, 'version': '1.4'}}</msg>
<arg>${json_data}</arg>
<doc>Logs the given message with the given level.</doc>
<status status="PASS" start="2024-06-30T14:13:15.985166" elapsed="0.000213"/>
</kw>
<kw name="Should Be String" owner="String">
<arg>${json_data['results'][0]['gender']}</arg>
<doc>Fails if the given ``item`` is not a string.</doc>
<status status="PASS" start="2024-06-30T14:13:15.985687" elapsed="0.000368"/>
</kw>
<kw name="Should Match Regexp" owner="BuiltIn">
<arg>${json_data['results'][0]['email']}</arg>
<arg>^[a-zA-Z0-9._%+-]+@[a-zA-Z0-9.-]+\.[a-zA-Z]{2,}$</arg>
<doc>Fails if ``string`` does not match ``pattern`` as a regular expression.</doc>
<status status="PASS" start="2024-06-30T14:13:15.986249" elapsed="0.000523"/>
</kw>
<kw name="Should Match Regexp" owner="BuiltIn">
<arg>${json_data['results'][0]['dob']['date']}</arg>
<arg>\\d{4}-\\d{2}-\\d{2}T\\d{2}:\\d{2}:\\d{2}\\.\\d{3}Z</arg>
<doc>Fails if ``string`` does not match ``pattern`` as a regular expression.</doc>
<status status="PASS" start="2024-06-30T14:13:15.987004" elapsed="0.000487"/>
</kw>
<kw name="Should Match Regexp" owner="BuiltIn">
<arg>${json_data['results'][0]['registered']['date']}</arg>
<arg>\\d{4}-\\d{2}-\\d{2}T\\d{2}:\\d{2}:\\d{2}\\.\\d{3}Z</arg>
<doc>Fails if ``string`` does not match ``pattern`` as a regular expression.</doc>
<status status="PASS" start="2024-06-30T14:13:15.987678" elapsed="0.000364"/>
</kw>
<kw name="Should Match Regexp" owner="BuiltIn">
<arg>${json_data['results'][0]['picture']['large']}</arg>
<arg>^https?://.*\.(?:png|jpe?g|gif|bmp)$</arg>
<doc>Fails if ``string`` does not match ``pattern`` as a regular expression.</doc>
<status status="PASS" start="2024-06-30T14:13:15.988224" elapsed="0.000453"/>
</kw>
<kw name="Should Match Regexp" owner="BuiltIn">
<arg>${json_data['results'][0]['picture']['medium']}</arg>
<arg>^https?://.*\.(?:png|jpe?g|gif|bmp)$</arg>
<doc>Fails if ``string`` does not match ``pattern`` as a regular expression.</doc>
<status status="PASS" start="2024-06-30T14:13:15.988860" elapsed="0.000371"/>
</kw>
<kw name="Should Match Regexp" owner="BuiltIn">
<arg>${json_data['results'][0]['picture']['thumbnail']}</arg>
<arg>^https?://.*\.(?:png|jpe?g|gif|bmp)$</arg>
<doc>Fails if ``string`` does not match ``pattern`` as a regular expression.</doc>
<status status="PASS" start="2024-06-30T14:13:15.989412" elapsed="0.000341"/>
</kw>
<kw name="Log" owner="BuiltIn">
<msg time="2024-06-30T14:13:15.990260" level="INFO">{'large': 'https://randomuser.me/api/portraits/men/55.jpg', 'medium': 'https://randomuser.me/api/portraits/med/men/55.jpg', 'thumbnail': 'https://randomuser.me/api/portraits/thumb/men/55.jpg'}</msg>
<arg>${json_data['results'][0]['picture']}</arg>
<doc>Logs the given message with the given level.</doc>
<status status="PASS" start="2024-06-30T14:13:15.989935" elapsed="0.000377"/>
</kw>
<status status="PASS" start="2024-06-30T14:13:15.906632" elapsed="0.083937"/>
</kw>
<kw name="Teste de Tipos de Dados - Postcode" owner="random-user-service">
<kw name="GET On Session" owner="RequestsLibrary">
<msg time="2024-06-30T14:13:16.082542" level="INFO">GET Request : url=https://randomuser.me/api 
 path_url=/api 
 headers={'User-Agent': 'python-requests/2.32.3', 'Accept-Encoding': 'gzip, deflate', 'Accept': '*/*', 'Connection': 'keep-alive'} 
 body=None 
 </msg>
<msg time="2024-06-30T14:13:16.082646" level="INFO">GET Response : url=https://randomuser.me/api 
 status=200, reason=OK 
 headers={'Date': 'Sun, 30 Jun 2024 14:13:16 GMT', 'Content-Type': 'application/json; charset=utf-8', 'Transfer-Encoding': 'chunked', 'Connection': 'keep-alive', 'X-Powered-By': 'Express', 'Access-Control-Allow-Origin': '*', 'Cache-Control': 'no-cache', 'ETag': 'W/"49e-x6Irchj6+wSb+c74bV5Yx/dRFxQ"', 'Vary': 'Accept-Encoding', 'Content-Encoding': 'gzip', 'CF-Cache-Status': 'DYNAMIC', 'Report-To': '{"endpoints":[{"url":"https:\\/\\/a.nel.cloudflare.com\\/report\\/v4?s=%2Bin2LzO5x%2FDj6A%2BJD%2FU7RpdAhi4X33GH041%2FsTWAOyV1IP0QCe8twdj7qwb7bK5tmOhwn0VSRgCv8NU5Si5h7LiPWtpaX7dTMoR%2BgNhZ09SUpkJPlto6RndjHOQcp0FO"}],"group":"cf-nel","max_age":604800}', 'NEL': '{"success_fraction":0,"report_to":"cf-nel","max_age":604800}', 'Server': 'cloudflare', 'CF-RAY': '89bec186fa430766-IAD', 'alt-svc': 'h3=":443"; ma=86400'} 
 body={"results":[{"gender":"female","name":{"title":"Madame","first":"Sina","last":"Gerard"},"location":{"street":{"number":7544,"name":"Rue D'Abbeville"},"city":"Aefligen","state":"Neuchâtel","country":"Switzerland","postcode":7155,"coordinates":{"latitude":"-61.1205","longitude":"5.3135"},"timezone":{"offset":"+4:00","description":"Abu Dhabi, Muscat, Baku, Tbilisi"}},"email":"sina.gerard@example.com","login":{"uuid":"e679c707-cdcc-42eb-ad87-0a993da260d4","username":"lazybird684","password":"longhorn","salt":"3VWk6Rk1","md5":"16886153607d3c10a935628993bb8ef4","sha1":"84da9e881bfca1aacfc4a645e5ff8724595b4e28","sha256":"b9f866bfbe856ec44c01b20177609f0c81181da133a2e9f5981b7c5d72d72f8b"},"dob":{"date":"1977-04-30T11:10:52.543Z","age":47},"registered":{"date":"2013-12-01T21:50:08.659Z","age":10},"phone":"075 408 28 71","cell":"078 347 77 05","id":{"name":"AVS","value":"756.4161.1068.52"},"picture":{"large":"https://randomuser.me/api/portraits/women/23.jpg","medium":"https://randomuser.me/api/portraits/med/women/23.jpg","thumbnail":"https://randomuser.me/api/portraits/thumb/women/23.jpg"},"nat":"CH"}],"info":{"seed":"ecdbfeb7a6e5f073","results":1,"page":1,"version":"1.4"}} 
 </msg>
<msg time="2024-06-30T14:13:16.082728" level="INFO">/opt/hostedtoolcache/Python/3.12.4/x64/lib/python3.12/site-packages/urllib3/connectionpool.py:1099: InsecureRequestWarning: Unverified HTTPS request is being made to host 'randomuser.me'. Adding certificate verification is strongly advised. See: https://urllib3.readthedocs.io/en/latest/advanced-usage.html#tls-warnings
  warnings.warn(</msg>
<msg time="2024-06-30T14:13:16.082853" level="INFO">${response} = &lt;Response [200]&gt;</msg>
<var>${response}</var>
<arg>consultarAPI</arg>
<arg>/api</arg>
<doc>Sends a GET request on a previously created HTTP Session.</doc>
<status status="PASS" start="2024-06-30T14:13:15.991026" elapsed="0.091867"/>
</kw>
<kw name="Set Variable" owner="BuiltIn">
<msg time="2024-06-30T14:13:16.084279" level="INFO">${json_data} = {'results': [{'gender': 'female', 'name': {'title': 'Madame', 'first': 'Sina', 'last': 'Gerard'}, 'location': {'street': {'number': 7544, 'name': "Rue D'Abbeville"}, 'city': 'Aefligen', 'state': 'Neuc...</msg>
<var>${json_data}</var>
<arg>${response.json()}</arg>
<doc>Returns the given values which can then be assigned to a variables.</doc>
<status status="PASS" start="2024-06-30T14:13:16.083599" elapsed="0.000708"/>
</kw>
<kw name="Log" owner="BuiltIn">
<msg time="2024-06-30T14:13:16.084772" level="INFO">{'results': [{'gender': 'female', 'name': {'title': 'Madame', 'first': 'Sina', 'last': 'Gerard'}, 'location': {'street': {'number': 7544, 'name': "Rue D'Abbeville"}, 'city': 'Aefligen', 'state': 'Neuchâtel', 'country': 'Switzerland', 'postcode': 7155, 'coordinates': {'latitude': '-61.1205', 'longitude': '5.3135'}, 'timezone': {'offset': '+4:00', 'description': 'Abu Dhabi, Muscat, Baku, Tbilisi'}}, 'email': 'sina.gerard@example.com', 'login': {'uuid': 'e679c707-cdcc-42eb-ad87-0a993da260d4', 'username': 'lazybird684', 'password': 'longhorn', 'salt': '3VWk6Rk1', 'md5': '16886153607d3c10a935628993bb8ef4', 'sha1': '84da9e881bfca1aacfc4a645e5ff8724595b4e28', 'sha256': 'b9f866bfbe856ec44c01b20177609f0c81181da133a2e9f5981b7c5d72d72f8b'}, 'dob': {'date': '1977-04-30T11:10:52.543Z', 'age': 47}, 'registered': {'date': '2013-12-01T21:50:08.659Z', 'age': 10}, 'phone': '075 408 28 71', 'cell': '078 347 77 05', 'id': {'name': 'AVS', 'value': '756.4161.1068.52'}, 'picture': {'large': 'https://randomuser.me/api/portraits/women/23.jpg', 'medium': 'https://randomuser.me/api/portraits/med/women/23.jpg', 'thumbnail': 'https://randomuser.me/api/portraits/thumb/women/23.jpg'}, 'nat': 'CH'}], 'info': {'seed': 'ecdbfeb7a6e5f073', 'results': 1, 'page': 1, 'version': '1.4'}}</msg>
<arg>${json_data}</arg>
<doc>Logs the given message with the given level.</doc>
<status status="PASS" start="2024-06-30T14:13:16.084614" elapsed="0.000207"/>
</kw>
<kw name="Should Be Equal As Numbers" owner="BuiltIn">
<arg>${json_data['results'][0]['location']['postcode']}</arg>
<arg>${json_data['results'][0]['location']['postcode']}</arg>
<doc>Fails if objects are unequal after converting them to real numbers.</doc>
<status status="PASS" start="2024-06-30T14:13:16.085150" elapsed="0.000639"/>
</kw>
<kw name="Log" owner="BuiltIn">
<msg time="2024-06-30T14:13:16.086315" level="INFO">7155</msg>
<arg>${json_data['results'][0]['location']['postcode']}</arg>
<doc>Logs the given message with the given level.</doc>
<status status="PASS" start="2024-06-30T14:13:16.085981" elapsed="0.000373"/>
</kw>
<status status="PASS" start="2024-06-30T14:13:15.990799" elapsed="0.095841"/>
</kw>
<doc>Testa se os tipos de dados na resposta da API estão corretos.</doc>
<tag>testeTiposDados</tag>
<status status="PASS" start="2024-06-30T14:13:15.905945" elapsed="0.180865"/>
</test>
<test id="s1-s1-t5" name="Validar conteudo" line="35">
<kw name="Teste de Tipos de Conteudo" owner="random-user-service">
<kw name="GET On Session" owner="RequestsLibrary">
<msg time="2024-06-30T14:13:16.182296" level="INFO">GET Request : url=https://randomuser.me/api 
 path_url=/api 
 headers={'User-Agent': 'python-requests/2.32.3', 'Accept-Encoding': 'gzip, deflate', 'Accept': '*/*', 'Connection': 'keep-alive'} 
 body=None 
 </msg>
<msg time="2024-06-30T14:13:16.182454" level="INFO">GET Response : url=https://randomuser.me/api 
 status=200, reason=OK 
 headers={'Date': 'Sun, 30 Jun 2024 14:13:16 GMT', 'Content-Type': 'application/json; charset=utf-8', 'Transfer-Encoding': 'chunked', 'Connection': 'keep-alive', 'X-Powered-By': 'Express', 'Access-Control-Allow-Origin': '*', 'Cache-Control': 'no-cache', 'ETag': 'W/"477-xpxpFMW5JO4tSkGN7iBshN3AQUA"', 'Vary': 'Accept-Encoding', 'Content-Encoding': 'gzip', 'CF-Cache-Status': 'DYNAMIC', 'Report-To': '{"endpoints":[{"url":"https:\\/\\/a.nel.cloudflare.com\\/report\\/v4?s=Qh9alIga3dZKQBx2QyVGHH74%2F5aGDrUTC2Fb%2FyMWS2Ox6eCqbDbYiCQLRU8KW481MqrHf5kTWSC726EPjqeWkCcUFt1JlR0QCS37SyfanFuA0CKjEeIdJrU0V4mXuB0p"}],"group":"cf-nel","max_age":604800}', 'NEL': '{"success_fraction":0,"report_to":"cf-nel","max_age":604800}', 'Server': 'cloudflare', 'CF-RAY': '89bec1879ad30766-IAD', 'alt-svc': 'h3=":443"; ma=86400'} 
 body={"results":[{"gender":"female","name":{"title":"Ms","first":"Caroline","last":"Rasmussen"},"location":{"street":{"number":9508,"name":"Toftevænget"},"city":"Sundby","state":"Syddanmark","country":"Denmark","postcode":29312,"coordinates":{"latitude":"-46.5002","longitude":"136.9350"},"timezone":{"offset":"+4:30","description":"Kabul"}},"email":"caroline.rasmussen@example.com","login":{"uuid":"2ecafede-343f-4074-abbf-059e21a87705","username":"yellowbird393","password":"reebok","salt":"rm9cEsxT","md5":"c99c96a3b3432ee6f502d7ad1888a98d","sha1":"355785c37a83f907aebd37756f59cbddf3379f8d","sha256":"82648b647d9dcea47fec97aa77bfe06b9498b3779efbd1346f6355bcfa4ff465"},"dob":{"date":"1979-12-30T13:23:23.351Z","age":44},"registered":{"date":"2020-11-06T13:03:07.788Z","age":3},"phone":"16544038","cell":"76846155","id":{"name":"CPR","value":"301279-0919"},"picture":{"large":"https://randomuser.me/api/portraits/women/17.jpg","medium":"https://randomuser.me/api/portraits/med/women/17.jpg","thumbnail":"https://randomuser.me/api/portraits/thumb/women/17.jpg"},"nat":"DK"}],"info":{"seed":"a4ece524cc87362c","results":1,"page":1,"version":"1.4"}} 
 </msg>
<msg time="2024-06-30T14:13:16.182601" level="INFO">/opt/hostedtoolcache/Python/3.12.4/x64/lib/python3.12/site-packages/urllib3/connectionpool.py:1099: InsecureRequestWarning: Unverified HTTPS request is being made to host 'randomuser.me'. Adding certificate verification is strongly advised. See: https://urllib3.readthedocs.io/en/latest/advanced-usage.html#tls-warnings
  warnings.warn(</msg>
<msg time="2024-06-30T14:13:16.182788" level="INFO">${response} = &lt;Response [200]&gt;</msg>
<var>${response}</var>
<arg>consultarAPI</arg>
<arg>/api</arg>
<doc>Sends a GET request on a previously created HTTP Session.</doc>
<status status="PASS" start="2024-06-30T14:13:16.089546" elapsed="0.093289"/>
</kw>
<kw name="Set Variable" owner="BuiltIn">
<msg time="2024-06-30T14:13:16.184026" level="INFO">${json_data} = {'results': [{'gender': 'female', 'name': {'title': 'Ms', 'first': 'Caroline', 'last': 'Rasmussen'}, 'location': {'street': {'number': 9508, 'name': 'Toftevænget'}, 'city': 'Sundby', 'state': 'Syddanm...</msg>
<var>${json_data}</var>
<arg>${response.json()}</arg>
<doc>Returns the given values which can then be assigned to a variables.</doc>
<status status="PASS" start="2024-06-30T14:13:16.183473" elapsed="0.000582"/>
</kw>
<kw name="Set Variable" owner="BuiltIn">
<msg time="2024-06-30T14:13:16.184764" level="INFO">${name_title} = Ms</msg>
<var>${name_title}</var>
<arg>${json_data["results"][0]["name"]["title"]}</arg>
<doc>Returns the given values which can then be assigned to a variables.</doc>
<status status="PASS" start="2024-06-30T14:13:16.184361" elapsed="0.000428"/>
</kw>
<kw name="Create List" owner="BuiltIn">
<msg time="2024-06-30T14:13:16.185307" level="INFO">${allowed_titles} = ['Mr', 'Ms', 'Miss', 'Mrs', 'Madame', 'Monsieur']</msg>
<var>${allowed_titles}</var>
<arg>Mr</arg>
<arg>Ms</arg>
<arg>Miss</arg>
<arg>Mrs</arg>
<arg>Madame</arg>
<arg>Monsieur</arg>
<doc>Returns a list containing given items.</doc>
<status status="PASS" start="2024-06-30T14:13:16.185091" elapsed="0.000241"/>
</kw>
<kw name="List Should Contain Value" owner="Collections">
<arg>${allowed_titles}</arg>
<arg>${name_title}</arg>
<doc>Fails if the ``value`` is not found from ``list``.</doc>
<status status="PASS" start="2024-06-30T14:13:16.185635" elapsed="0.000179"/>
</kw>
<kw name="Set Variable" owner="BuiltIn">
<msg time="2024-06-30T14:13:16.186353" level="INFO">${name_country} = DK</msg>
<var>${name_country}</var>
<arg>${json_data["results"][0]["nat"]}</arg>
<doc>Returns the given values which can then be assigned to a variables.</doc>
<status status="PASS" start="2024-06-30T14:13:16.185990" elapsed="0.000387"/>
</kw>
<kw name="Create List" owner="BuiltIn">
<msg time="2024-06-30T14:13:16.187269" level="INFO">${list_country} = ['AD', 'AE', 'AF', 'AG', 'AI', 'AL', 'AM', 'AO', 'AQ', 'AR', 'AS', 'AT', 'AU', 'AW', 'AX', 'AZ', 'BA', 'BB', 'BD', 'BE', 'BF', 'BG', 'BH', 'BI', 'BJ', 'BL', 'BM', 'BN', 'BO', 'BQ', 'BR', 'BS', 'BT', '...</msg>
<var>${list_country}</var>
<arg>AD</arg>
<arg>AE</arg>
<arg>AF</arg>
<arg>AG</arg>
<arg>AI</arg>
<arg>AL</arg>
<arg>AM</arg>
<arg>AO</arg>
<arg>AQ</arg>
<arg>AR</arg>
<arg>AS</arg>
<arg>AT</arg>
<arg>AU</arg>
<arg>AW</arg>
<arg>AX</arg>
<arg>AZ</arg>
<arg>BA</arg>
<arg>BB</arg>
<arg>BD</arg>
<arg>BE</arg>
<arg>BF</arg>
<arg>BG</arg>
<arg>BH</arg>
<arg>BI</arg>
<arg>BJ</arg>
<arg>BL</arg>
<arg>BM</arg>
<arg>BN</arg>
<arg>BO</arg>
<arg>BQ</arg>
<arg>BR</arg>
<arg>BS</arg>
<arg>BT</arg>
<arg>BV</arg>
<arg>BW</arg>
<arg>BY</arg>
<arg>BZ</arg>
<arg>CA</arg>
<arg>CC</arg>
<arg>CD</arg>
<arg>CF</arg>
<arg>CG</arg>
<arg>CH</arg>
<arg>CI</arg>
<arg>CK</arg>
<arg>CL</arg>
<arg>CM</arg>
<arg>CN</arg>
<arg>CO</arg>
<arg>CR</arg>
<arg>CU</arg>
<arg>CV</arg>
<arg>CW</arg>
<arg>CX</arg>
<arg>CY</arg>
<arg>CZ</arg>
<arg>DE</arg>
<arg>DJ</arg>
<arg>DK</arg>
<arg>DM</arg>
<arg>DO</arg>
<arg>DZ</arg>
<arg>EC</arg>
<arg>EE</arg>
<arg>EG</arg>
<arg>EH</arg>
<arg>ER</arg>
<arg>ES</arg>
<arg>ET</arg>
<arg>FI</arg>
<arg>FJ</arg>
<arg>FK</arg>
<arg>FM</arg>
<arg>FO</arg>
<arg>FR</arg>
<arg>GA</arg>
<arg>GB</arg>
<arg>GD</arg>
<arg>GE</arg>
<arg>GF</arg>
<arg>GG</arg>
<arg>GH</arg>
<arg>GI</arg>
<arg>GL</arg>
<arg>GM</arg>
<arg>GN</arg>
<arg>GP</arg>
<arg>GQ</arg>
<arg>GR</arg>
<arg>GS</arg>
<arg>GT</arg>
<arg>GU</arg>
<arg>GW</arg>
<arg>GY</arg>
<arg>HK</arg>
<arg>HM</arg>
<arg>HN</arg>
<arg>HR</arg>
<arg>HT</arg>
<arg>HU</arg>
<arg>ID</arg>
<arg>IE</arg>
<arg>IL</arg>
<arg>IM</arg>
<arg>IN</arg>
<arg>IO</arg>
<arg>IQ</arg>
<arg>IR</arg>
<arg>IS</arg>
<arg>IT</arg>
<arg>JE</arg>
<arg>JM</arg>
<arg>JO</arg>
<arg>JP</arg>
<arg>KE</arg>
<arg>KG</arg>
<arg>KH</arg>
<arg>KI</arg>
<arg>KM</arg>
<arg>KN</arg>
<arg>KP</arg>
<arg>KR</arg>
<arg>KW</arg>
<arg>KY</arg>
<arg>KZ</arg>
<arg>LA</arg>
<arg>LB</arg>
<arg>LC</arg>
<arg>LI</arg>
<arg>LK</arg>
<arg>LR</arg>
<arg>LS</arg>
<arg>LT</arg>
<arg>LU</arg>
<arg>LV</arg>
<arg>LY</arg>
<arg>MA</arg>
<arg>MC</arg>
<arg>MD</arg>
<arg>ME</arg>
<arg>MF</arg>
<arg>MG</arg>
<arg>MH</arg>
<arg>MK</arg>
<arg>ML</arg>
<arg>MM</arg>
<arg>MN</arg>
<arg>MO</arg>
<arg>MP</arg>
<arg>MQ</arg>
<arg>MR</arg>
<arg>MS</arg>
<arg>MT</arg>
<arg>MU</arg>
<arg>MV</arg>
<arg>MW</arg>
<arg>MX</arg>
<arg>MY</arg>
<arg>MZ</arg>
<arg>NA</arg>
<arg>NC</arg>
<arg>NE</arg>
<arg>NF</arg>
<arg>NG</arg>
<arg>NI</arg>
<arg>NL</arg>
<arg>NO</arg>
<arg>NP</arg>
<arg>NR</arg>
<arg>NU</arg>
<arg>NZ</arg>
<arg>OM</arg>
<arg>PA</arg>
<arg>PE</arg>
<arg>PF</arg>
<arg>PG</arg>
<arg>PH</arg>
<arg>PK</arg>
<arg>PL</arg>
<arg>PM</arg>
<arg>PN</arg>
<arg>PR</arg>
<arg>PS</arg>
<arg>PT</arg>
<arg>PW</arg>
<arg>PY</arg>
<arg>QA</arg>
<arg>RE</arg>
<arg>RO</arg>
<arg>RS</arg>
<arg>RU</arg>
<arg>RW</arg>
<arg>SA</arg>
<arg>SB</arg>
<arg>SC</arg>
<arg>SD</arg>
<arg>SE</arg>
<arg>SG</arg>
<arg>SH</arg>
<arg>SI</arg>
<arg>SJ</arg>
<arg>SK</arg>
<arg>SL</arg>
<arg>SM</arg>
<arg>SN</arg>
<arg>SO</arg>
<arg>SR</arg>
<arg>SS</arg>
<arg>ST</arg>
<arg>SV</arg>
<arg>SX</arg>
<arg>SY</arg>
<arg>SZ</arg>
<arg>TC</arg>
<arg>TD</arg>
<arg>TF</arg>
<arg>TG</arg>
<arg>TH</arg>
<arg>TJ</arg>
<arg>TK</arg>
<arg>TL</arg>
<arg>TM</arg>
<arg>TN</arg>
<arg>TO</arg>
<arg>TR</arg>
<arg>TT</arg>
<arg>TV</arg>
<arg>TW</arg>
<arg>TZ</arg>
<arg>UA</arg>
<arg>UG</arg>
<arg>UM</arg>
<arg>US</arg>
<arg>UY</arg>
<arg>UZ</arg>
<arg>VA</arg>
<arg>VC</arg>
<arg>VE</arg>
<arg>VG</arg>
<arg>VI</arg>
<arg>VN</arg>
<arg>VU</arg>
<arg>WF</arg>
<arg>WS</arg>
<arg>XK</arg>
<arg>YE</arg>
<arg>YT</arg>
<arg>ZA</arg>
<arg>ZM</arg>
<arg>ZW</arg>
<doc>Returns a list containing given items.</doc>
<status status="PASS" start="2024-06-30T14:13:16.186669" elapsed="0.000625"/>
</kw>
<kw name="List Should Contain Value" owner="Collections">
<arg>${list_country}</arg>
<arg>${name_country}</arg>
<doc>Fails if the ``value`` is not found from ``list``.</doc>
<status status="PASS" start="2024-06-30T14:13:16.188090" elapsed="0.000205"/>
</kw>
<kw name="Run Keyword If" owner="BuiltIn">
<kw name="Should Be True" owner="BuiltIn">
<arg>${True}</arg>
<doc>Fails if the given condition is not true.</doc>
<status status="PASS" start="2024-06-30T14:13:16.189257" elapsed="0.000141"/>
</kw>
<arg>${json_data["results"][0]["location"]["coordinates"]["latitude"]} &gt;= -90 and ${json_data["results"][0]["location"]["coordinates"]["latitude"]} &lt;= 90</arg>
<arg>Should Be True</arg>
<arg>${True}</arg>
<doc>Runs the given keyword with the given arguments, if ``condition`` is true.</doc>
<status status="PASS" start="2024-06-30T14:13:16.188488" elapsed="0.001033"/>
</kw>
<kw name="Run Keyword If" owner="BuiltIn">
<kw name="Should Be True" owner="BuiltIn">
<arg>${True}</arg>
<doc>Fails if the given condition is not true.</doc>
<status status="PASS" start="2024-06-30T14:13:16.190384" elapsed="0.000136"/>
</kw>
<arg>${json_data["results"][0]["location"]["coordinates"]["longitude"]} &gt;= -180 and ${json_data["results"][0]["location"]["coordinates"]["longitude"]} &lt;= 180</arg>
<arg>Should Be True</arg>
<arg>${True}</arg>
<doc>Runs the given keyword with the given arguments, if ``condition`` is true.</doc>
<status status="PASS" start="2024-06-30T14:13:16.189697" elapsed="0.000942"/>
</kw>
<status status="PASS" start="2024-06-30T14:13:16.089135" elapsed="0.101636"/>
</kw>
<doc>Testa o conteúdo específico dos campos retornados pela API.</doc>
<tag>testeConteudo</tag>
<status status="PASS" start="2024-06-30T14:13:16.088564" elapsed="0.102367"/>
</test>
<status status="PASS" start="2024-06-30T14:13:15.192232" elapsed="1.000695"/>
</suite>
<status status="PASS" start="2024-06-30T14:13:15.177642" elapsed="1.020634"/>
</suite>
<statistics>
<total>
<stat pass="5" fail="0" skip="0">All Tests</stat>
</total>
<tag>
<stat pass="1" fail="0" skip="0">testeConteudo</stat>
<stat pass="1" fail="0" skip="0">testeEstruturaResposta</stat>
<stat pass="1" fail="0" skip="0">testeRequisicaoBasica</stat>
<stat pass="1" fail="0" skip="0">testeTiposDados</stat>
</tag>
<suite>
<stat pass="5" fail="0" skip="0" id="s1" name="Tests">Tests</stat>
<stat pass="5" fail="0" skip="0" id="s1-s1" name="Random-User-Test">Tests.Random-User-Test</stat>
</suite>
</statistics>
<errors>
</errors>
</robot>
