<?xml version="1.0" encoding="UTF-8"?>
<robot generator="Robot 7.0.1 (Python 3.12.4 on linux)" generated="2024-06-26T22:14:06.399485" rpa="false" schemaversion="5">
<suite id="s1" name="Tests" source="/home/runner/work/ApiRandomUser/ApiRandomUser/RamdonUser/tests">
<suite id="s1-s1" name="Random-User-Test" source="/home/runner/work/ApiRandomUser/ApiRandomUser/RamdonUser/tests/random-user-test.robot">
<test id="s1-s1-t1" name="Conectar" line="13">
<kw name="Conectar API" owner="random-user-service">
<kw name="Create Session" owner="RequestsLibrary">
<msg time="2024-06-26T22:14:07.162514" level="INFO">Creating Session using : alias=consultarAPI, url=https://randomuser.me/, headers={},                     cookies={}, auth=None, timeout=None, proxies=None, verify=False,                     debug=0 </msg>
<arg>consultarAPI</arg>
<arg>${URL}</arg>
<doc>Create Session: create a HTTP session to a server</doc>
<status status="PASS" start="2024-06-26T22:14:07.162310" elapsed="0.000378"/>
</kw>
<status status="PASS" start="2024-06-26T22:14:07.161343" elapsed="0.001701"/>
</kw>
<status status="PASS" start="2024-06-26T22:14:07.160741" elapsed="0.002503"/>
</test>
<test id="s1-s1-t2" name="Validar retorno 200 e JSON Válido" line="16">
<kw name="Teste de Requisicao Basica" owner="random-user-service">
<kw name="GET On Session" owner="RequestsLibrary">
<msg time="2024-06-26T22:14:07.394571" level="INFO">GET Request : url=https://randomuser.me/api 
 path_url=/api 
 headers={'User-Agent': 'python-requests/2.32.3', 'Accept-Encoding': 'gzip, deflate', 'Accept': '*/*', 'Connection': 'keep-alive'} 
 body=None 
 </msg>
<msg time="2024-06-26T22:14:07.394727" level="INFO">GET Response : url=https://randomuser.me/api 
 status=200, reason=OK 
 headers={'Date': 'Wed, 26 Jun 2024 22:14:07 GMT', 'Content-Type': 'application/json; charset=utf-8', 'Transfer-Encoding': 'chunked', 'Connection': 'keep-alive', 'X-Powered-By': 'Express', 'Access-Control-Allow-Origin': '*', 'Cache-Control': 'no-cache', 'ETag': 'W/"486-A5qlEgsKhPCgaTqi8UEeaV2XTyI"', 'Vary': 'Accept-Encoding', 'Content-Encoding': 'gzip', 'CF-Cache-Status': 'DYNAMIC', 'Report-To': '{"endpoints":[{"url":"https:\\/\\/a.nel.cloudflare.com\\/report\\/v4?s=%2BxiF5YgvXJfOUWBQ4NPp%2BMhPog6duFdIcNKgcgVB8OS%2F2mqo8UDed%2FaHKRec9b7nrnkiKABSbf11cMZ9yGiaP1Md3hTzZ34fL4eDMqsJ2alVaDYm1A1FJ248MCbaNNqz"}],"group":"cf-nel","max_age":604800}', 'NEL': '{"success_fraction":0,"report_to":"cf-nel","max_age":604800}', 'Server': 'cloudflare', 'CF-RAY': '89a08c67fb29588a-IAD', 'alt-svc': 'h3=":443"; ma=86400'} 
 body={"results":[{"gender":"male","name":{"title":"Mr","first":"Gualdim","last":"Peixoto"},"location":{"street":{"number":6964,"name":"Rua da Saudade"},"city":"Ibirité","state":"Goiás","country":"Brazil","postcode":69465,"coordinates":{"latitude":"-73.3153","longitude":"-104.6631"},"timezone":{"offset":"+9:30","description":"Adelaide, Darwin"}},"email":"gualdim.peixoto@example.com","login":{"uuid":"7beb364a-0df3-4fe4-ab4b-974f001f8537","username":"crazypeacock616","password":"random","salt":"a29m95ry","md5":"88d9f14491a996dba092ee6fc6772390","sha1":"cdc7b564541705e8409f19cd064a99d9910a34b8","sha256":"b6f23946679fd0855a807a62b58000888adb08711d56743c5e2f9838afa8435a"},"dob":{"date":"1971-11-07T04:09:21.143Z","age":52},"registered":{"date":"2007-09-09T06:02:30.541Z","age":16},"phone":"(00) 0953-2414","cell":"(28) 5719-9905","id":{"name":"CPF","value":"832.687.532-52"},"picture":{"large":"https://randomuser.me/api/portraits/men/95.jpg","medium":"https://randomuser.me/api/portraits/med/men/95.jpg","thumbnail":"https://randomuser.me/api/portraits/thumb/men/95.jpg"},"nat":"BR"}],"info":{"seed":"f9ca6910999a96c9","results":1,"page":1,"version":"1.4"}} 
 </msg>
<msg time="2024-06-26T22:14:07.394815" level="INFO">/opt/hostedtoolcache/Python/3.12.4/x64/lib/python3.12/site-packages/urllib3/connectionpool.py:1099: InsecureRequestWarning: Unverified HTTPS request is being made to host 'randomuser.me'. Adding certificate verification is strongly advised. See: https://urllib3.readthedocs.io/en/latest/advanced-usage.html#tls-warnings
  warnings.warn(</msg>
<msg time="2024-06-26T22:14:07.394966" level="INFO">${response} = &lt;Response [200]&gt;</msg>
<var>${response}</var>
<arg>consultarAPI</arg>
<arg>/api</arg>
<doc>Sends a GET request on a previously created HTTP Session.</doc>
<status status="PASS" start="2024-06-26T22:14:07.165975" elapsed="0.229037"/>
</kw>
<kw name="Should Be Equal As Numbers" owner="BuiltIn">
<msg time="2024-06-26T22:14:07.396231" level="INFO">Argument types are:
&lt;class 'int'&gt;
&lt;class 'str'&gt;</msg>
<arg>${response.status_code}</arg>
<arg>200</arg>
<doc>Fails if objects are unequal after converting them to real numbers.</doc>
<status status="PASS" start="2024-06-26T22:14:07.395713" elapsed="0.000586"/>
</kw>
<kw name="Log" owner="BuiltIn">
<msg time="2024-06-26T22:14:07.396985" level="INFO">200</msg>
<arg>${response.status_code}</arg>
<doc>Logs the given message with the given level.</doc>
<status status="PASS" start="2024-06-26T22:14:07.396633" elapsed="0.000396"/>
</kw>
<kw name="Set Variable" owner="BuiltIn">
<msg time="2024-06-26T22:14:07.397780" level="INFO">${json_data} = {'results': [{'gender': 'male', 'name': {'title': 'Mr', 'first': 'Gualdim', 'last': 'Peixoto'}, 'location': {'street': {'number': 6964, 'name': 'Rua da Saudade'}, 'city': 'Ibirité', 'state': 'Goiás', ...</msg>
<var>${json_data}</var>
<arg>${response.json()}</arg>
<doc>Returns the given values which can then be assigned to a variables.</doc>
<status status="PASS" start="2024-06-26T22:14:07.397340" elapsed="0.000471"/>
</kw>
<kw name="Dictionary Should Contain Key" owner="Collections">
<arg>${json_data}</arg>
<arg>results</arg>
<doc>Fails if ``key`` is not found from ``dictionary``.</doc>
<status status="PASS" start="2024-06-26T22:14:07.398104" elapsed="0.000171"/>
</kw>
<status status="PASS" start="2024-06-26T22:14:07.165733" elapsed="0.232693"/>
</kw>
<doc>Testa se a API responde corretamente e retorna um objeto JSON válido.</doc>
<tag>testeRequisicaoBasica</tag>
<status status="PASS" start="2024-06-26T22:14:07.165145" elapsed="0.233458"/>
</test>
<test id="s1-s1-t3" name="Validar estrutura de resposta" line="22">
<kw name="Teste de Estrutura de Resposta" owner="random-user-service">
<kw name="GET On Session" owner="RequestsLibrary">
<msg time="2024-06-26T22:14:07.495494" level="INFO">GET Request : url=https://randomuser.me/api 
 path_url=/api 
 headers={'User-Agent': 'python-requests/2.32.3', 'Accept-Encoding': 'gzip, deflate', 'Accept': '*/*', 'Connection': 'keep-alive'} 
 body=None 
 </msg>
<msg time="2024-06-26T22:14:07.495598" level="INFO">GET Response : url=https://randomuser.me/api 
 status=200, reason=OK 
 headers={'Date': 'Wed, 26 Jun 2024 22:14:07 GMT', 'Content-Type': 'application/json; charset=utf-8', 'Transfer-Encoding': 'chunked', 'Connection': 'keep-alive', 'X-Powered-By': 'Express', 'Access-Control-Allow-Origin': '*', 'Cache-Control': 'no-cache', 'ETag': 'W/"483-y8FAFE3AvwYmNLTcvmKwWdCGzBU"', 'Vary': 'Accept-Encoding', 'Content-Encoding': 'gzip', 'CF-Cache-Status': 'DYNAMIC', 'Report-To': '{"endpoints":[{"url":"https:\\/\\/a.nel.cloudflare.com\\/report\\/v4?s=VpCF42kIt1ISx6WYewb4eAXEK%2Fx91tW4yUdAJkSgTwPXcHzP2P1BRKoN2Z4%2BUM%2FYJMfqU%2BWboAw3p0Vi2U1%2FTVinAS0lWmZiwRDHKltfUHOwS%2F9gd5spUJzDQRF7S1cZ"}],"group":"cf-nel","max_age":604800}', 'NEL': '{"success_fraction":0,"report_to":"cf-nel","max_age":604800}', 'Server': 'cloudflare', 'CF-RAY': '89a08c684b78588a-IAD', 'alt-svc': 'h3=":443"; ma=86400'} 
 body={"results":[{"gender":"male","name":{"title":"Mr","first":"Luis","last":"Gonzalez"},"location":{"street":{"number":6876,"name":"Locust Rd"},"city":"Sydney","state":"Victoria","country":"Australia","postcode":4177,"coordinates":{"latitude":"-81.8287","longitude":"-39.3194"},"timezone":{"offset":"-3:00","description":"Brazil, Buenos Aires, Georgetown"}},"email":"luis.gonzalez@example.com","login":{"uuid":"a55b7cde-3495-4de1-bf91-24ec93d95d14","username":"organicbird225","password":"writer","salt":"lqKu34en","md5":"272287c883e4cd65dddb34c463259e37","sha1":"f1e63c417bf97b8107977dc9d48c46dbb70329b1","sha256":"13b3f9a44ac725ee377d286c55912e6026fe726b943d1c37ceff98a91502c42e"},"dob":{"date":"1961-04-10T02:13:33.728Z","age":63},"registered":{"date":"2021-02-04T15:15:52.520Z","age":3},"phone":"05-1853-8025","cell":"0465-490-986","id":{"name":"TFN","value":"747471803"},"picture":{"large":"https://randomuser.me/api/portraits/men/78.jpg","medium":"https://randomuser.me/api/portraits/med/men/78.jpg","thumbnail":"https://randomuser.me/api/portraits/thumb/men/78.jpg"},"nat":"AU"}],"info":{"seed":"d30be6d85dafd25e","results":1,"page":1,"version":"1.4"}} 
 </msg>
<msg time="2024-06-26T22:14:07.495749" level="INFO">/opt/hostedtoolcache/Python/3.12.4/x64/lib/python3.12/site-packages/urllib3/connectionpool.py:1099: InsecureRequestWarning: Unverified HTTPS request is being made to host 'randomuser.me'. Adding certificate verification is strongly advised. See: https://urllib3.readthedocs.io/en/latest/advanced-usage.html#tls-warnings
  warnings.warn(</msg>
<msg time="2024-06-26T22:14:07.495882" level="INFO">${response} = &lt;Response [200]&gt;</msg>
<var>${response}</var>
<arg>consultarAPI</arg>
<arg>/api</arg>
<doc>Sends a GET request on a previously created HTTP Session.</doc>
<status status="PASS" start="2024-06-26T22:14:07.401363" elapsed="0.094559"/>
</kw>
<kw name="Set Variable" owner="BuiltIn">
<msg time="2024-06-26T22:14:07.497087" level="INFO">${json_data} = {'results': [{'gender': 'male', 'name': {'title': 'Mr', 'first': 'Luis', 'last': 'Gonzalez'}, 'location': {'street': {'number': 6876, 'name': 'Locust Rd'}, 'city': 'Sydney', 'state': 'Victoria', 'coun...</msg>
<var>${json_data}</var>
<arg>${response.json()}</arg>
<doc>Returns the given values which can then be assigned to a variables.</doc>
<status status="PASS" start="2024-06-26T22:14:07.496534" elapsed="0.000581"/>
</kw>
<kw name="Log" owner="BuiltIn">
<msg time="2024-06-26T22:14:07.497576" level="INFO">{'results': [{'gender': 'male', 'name': {'title': 'Mr', 'first': 'Luis', 'last': 'Gonzalez'}, 'location': {'street': {'number': 6876, 'name': 'Locust Rd'}, 'city': 'Sydney', 'state': 'Victoria', 'country': 'Australia', 'postcode': 4177, 'coordinates': {'latitude': '-81.8287', 'longitude': '-39.3194'}, 'timezone': {'offset': '-3:00', 'description': 'Brazil, Buenos Aires, Georgetown'}}, 'email': 'luis.gonzalez@example.com', 'login': {'uuid': 'a55b7cde-3495-4de1-bf91-24ec93d95d14', 'username': 'organicbird225', 'password': 'writer', 'salt': 'lqKu34en', 'md5': '272287c883e4cd65dddb34c463259e37', 'sha1': 'f1e63c417bf97b8107977dc9d48c46dbb70329b1', 'sha256': '13b3f9a44ac725ee377d286c55912e6026fe726b943d1c37ceff98a91502c42e'}, 'dob': {'date': '1961-04-10T02:13:33.728Z', 'age': 63}, 'registered': {'date': '2021-02-04T15:15:52.520Z', 'age': 3}, 'phone': '05-1853-8025', 'cell': '0465-490-986', 'id': {'name': 'TFN', 'value': '747471803'}, 'picture': {'large': 'https://randomuser.me/api/portraits/men/78.jpg', 'medium': 'https://randomuser.me/api/portraits/med/men/78.jpg', 'thumbnail': 'https://randomuser.me/api/portraits/thumb/men/78.jpg'}, 'nat': 'AU'}], 'info': {'seed': 'd30be6d85dafd25e', 'results': 1, 'page': 1, 'version': '1.4'}}</msg>
<arg>${json_data}</arg>
<doc>Logs the given message with the given level.</doc>
<status status="PASS" start="2024-06-26T22:14:07.497420" elapsed="0.000205"/>
</kw>
<kw name="Dictionary Should Contain Key" owner="Collections">
<arg>${json_data}</arg>
<arg>results</arg>
<doc>Fails if ``key`` is not found from ``dictionary``.</doc>
<status status="PASS" start="2024-06-26T22:14:07.497913" elapsed="0.000160"/>
</kw>
<kw name="Should Not Be Empty" owner="BuiltIn">
<msg time="2024-06-26T22:14:07.498381" level="INFO">Length is 2.</msg>
<arg>${json_data}</arg>
<doc>Verifies that the given item is not empty.</doc>
<status status="PASS" start="2024-06-26T22:14:07.498253" elapsed="0.000166"/>
</kw>
<kw name="Create List" owner="BuiltIn">
<msg time="2024-06-26T22:14:07.499010" level="INFO">${expected_keys} = ['gender', 'name', 'location', 'email', 'login']</msg>
<var>${expected_keys}</var>
<arg>gender</arg>
<arg>name</arg>
<arg>location</arg>
<arg>email</arg>
<arg>login</arg>
<doc>Returns a list containing given items.</doc>
<status status="PASS" start="2024-06-26T22:14:07.498708" elapsed="0.000327"/>
</kw>
<for flavor="IN">
<iter>
<kw name="Dictionary Should Contain Key" owner="Collections">
<arg>${json_data['results'][0]}</arg>
<arg>${key}</arg>
<doc>Fails if ``key`` is not found from ``dictionary``.</doc>
<status status="PASS" start="2024-06-26T22:14:07.499652" elapsed="0.000406"/>
</kw>
<kw name="Log" owner="BuiltIn">
<msg time="2024-06-26T22:14:07.500594" level="INFO">{'gender': 'male', 'name': {'title': 'Mr', 'first': 'Luis', 'last': 'Gonzalez'}, 'location': {'street': {'number': 6876, 'name': 'Locust Rd'}, 'city': 'Sydney', 'state': 'Victoria', 'country': 'Australia', 'postcode': 4177, 'coordinates': {'latitude': '-81.8287', 'longitude': '-39.3194'}, 'timezone': {'offset': '-3:00', 'description': 'Brazil, Buenos Aires, Georgetown'}}, 'email': 'luis.gonzalez@example.com', 'login': {'uuid': 'a55b7cde-3495-4de1-bf91-24ec93d95d14', 'username': 'organicbird225', 'password': 'writer', 'salt': 'lqKu34en', 'md5': '272287c883e4cd65dddb34c463259e37', 'sha1': 'f1e63c417bf97b8107977dc9d48c46dbb70329b1', 'sha256': '13b3f9a44ac725ee377d286c55912e6026fe726b943d1c37ceff98a91502c42e'}, 'dob': {'date': '1961-04-10T02:13:33.728Z', 'age': 63}, 'registered': {'date': '2021-02-04T15:15:52.520Z', 'age': 3}, 'phone': '05-1853-8025', 'cell': '0465-490-986', 'id': {'name': 'TFN', 'value': '747471803'}, 'picture': {'large': 'https://randomuser.me/api/portraits/men/78.jpg', 'medium': 'https://randomuser.me/api/portraits/med/men/78.jpg', 'thumbnail': 'https://randomuser.me/api/portraits/thumb/men/78.jpg'}, 'nat': 'AU'}</msg>
<arg>${json_data['results'][0]}</arg>
<doc>Logs the given message with the given level.</doc>
<status status="PASS" start="2024-06-26T22:14:07.500243" elapsed="0.000400"/>
</kw>
<kw name="Log" owner="BuiltIn">
<msg time="2024-06-26T22:14:07.501062" level="INFO">gender</msg>
<arg>${key}</arg>
<doc>Logs the given message with the given level.</doc>
<status status="PASS" start="2024-06-26T22:14:07.500935" elapsed="0.000163"/>
</kw>
<var name="${key}">gender</var>
<status status="PASS" start="2024-06-26T22:14:07.499531" elapsed="0.001778"/>
</iter>
<iter>
<kw name="Dictionary Should Contain Key" owner="Collections">
<arg>${json_data['results'][0]}</arg>
<arg>${key}</arg>
<doc>Fails if ``key`` is not found from ``dictionary``.</doc>
<status status="PASS" start="2024-06-26T22:14:07.501599" elapsed="0.000385"/>
</kw>
<kw name="Log" owner="BuiltIn">
<msg time="2024-06-26T22:14:07.502511" level="INFO">{'gender': 'male', 'name': {'title': 'Mr', 'first': 'Luis', 'last': 'Gonzalez'}, 'location': {'street': {'number': 6876, 'name': 'Locust Rd'}, 'city': 'Sydney', 'state': 'Victoria', 'country': 'Australia', 'postcode': 4177, 'coordinates': {'latitude': '-81.8287', 'longitude': '-39.3194'}, 'timezone': {'offset': '-3:00', 'description': 'Brazil, Buenos Aires, Georgetown'}}, 'email': 'luis.gonzalez@example.com', 'login': {'uuid': 'a55b7cde-3495-4de1-bf91-24ec93d95d14', 'username': 'organicbird225', 'password': 'writer', 'salt': 'lqKu34en', 'md5': '272287c883e4cd65dddb34c463259e37', 'sha1': 'f1e63c417bf97b8107977dc9d48c46dbb70329b1', 'sha256': '13b3f9a44ac725ee377d286c55912e6026fe726b943d1c37ceff98a91502c42e'}, 'dob': {'date': '1961-04-10T02:13:33.728Z', 'age': 63}, 'registered': {'date': '2021-02-04T15:15:52.520Z', 'age': 3}, 'phone': '05-1853-8025', 'cell': '0465-490-986', 'id': {'name': 'TFN', 'value': '747471803'}, 'picture': {'large': 'https://randomuser.me/api/portraits/men/78.jpg', 'medium': 'https://randomuser.me/api/portraits/med/men/78.jpg', 'thumbnail': 'https://randomuser.me/api/portraits/thumb/men/78.jpg'}, 'nat': 'AU'}</msg>
<arg>${json_data['results'][0]}</arg>
<doc>Logs the given message with the given level.</doc>
<status status="PASS" start="2024-06-26T22:14:07.502161" elapsed="0.000428"/>
</kw>
<kw name="Log" owner="BuiltIn">
<msg time="2024-06-26T22:14:07.503006" level="INFO">name</msg>
<arg>${key}</arg>
<doc>Logs the given message with the given level.</doc>
<status status="PASS" start="2024-06-26T22:14:07.502880" elapsed="0.000163"/>
</kw>
<var name="${key}">name</var>
<status status="PASS" start="2024-06-26T22:14:07.501489" elapsed="0.001769"/>
</iter>
<iter>
<kw name="Dictionary Should Contain Key" owner="Collections">
<arg>${json_data['results'][0]}</arg>
<arg>${key}</arg>
<doc>Fails if ``key`` is not found from ``dictionary``.</doc>
<status status="PASS" start="2024-06-26T22:14:07.503562" elapsed="0.000370"/>
</kw>
<kw name="Log" owner="BuiltIn">
<msg time="2024-06-26T22:14:07.504451" level="INFO">{'gender': 'male', 'name': {'title': 'Mr', 'first': 'Luis', 'last': 'Gonzalez'}, 'location': {'street': {'number': 6876, 'name': 'Locust Rd'}, 'city': 'Sydney', 'state': 'Victoria', 'country': 'Australia', 'postcode': 4177, 'coordinates': {'latitude': '-81.8287', 'longitude': '-39.3194'}, 'timezone': {'offset': '-3:00', 'description': 'Brazil, Buenos Aires, Georgetown'}}, 'email': 'luis.gonzalez@example.com', 'login': {'uuid': 'a55b7cde-3495-4de1-bf91-24ec93d95d14', 'username': 'organicbird225', 'password': 'writer', 'salt': 'lqKu34en', 'md5': '272287c883e4cd65dddb34c463259e37', 'sha1': 'f1e63c417bf97b8107977dc9d48c46dbb70329b1', 'sha256': '13b3f9a44ac725ee377d286c55912e6026fe726b943d1c37ceff98a91502c42e'}, 'dob': {'date': '1961-04-10T02:13:33.728Z', 'age': 63}, 'registered': {'date': '2021-02-04T15:15:52.520Z', 'age': 3}, 'phone': '05-1853-8025', 'cell': '0465-490-986', 'id': {'name': 'TFN', 'value': '747471803'}, 'picture': {'large': 'https://randomuser.me/api/portraits/men/78.jpg', 'medium': 'https://randomuser.me/api/portraits/med/men/78.jpg', 'thumbnail': 'https://randomuser.me/api/portraits/thumb/men/78.jpg'}, 'nat': 'AU'}</msg>
<arg>${json_data['results'][0]}</arg>
<doc>Logs the given message with the given level.</doc>
<status status="PASS" start="2024-06-26T22:14:07.504109" elapsed="0.000388"/>
</kw>
<kw name="Log" owner="BuiltIn">
<msg time="2024-06-26T22:14:07.504916" level="INFO">location</msg>
<arg>${key}</arg>
<doc>Logs the given message with the given level.</doc>
<status status="PASS" start="2024-06-26T22:14:07.504789" elapsed="0.000164"/>
</kw>
<var name="${key}">location</var>
<status status="PASS" start="2024-06-26T22:14:07.503456" elapsed="0.001710"/>
</iter>
<iter>
<kw name="Dictionary Should Contain Key" owner="Collections">
<arg>${json_data['results'][0]}</arg>
<arg>${key}</arg>
<doc>Fails if ``key`` is not found from ``dictionary``.</doc>
<status status="PASS" start="2024-06-26T22:14:07.505440" elapsed="0.000384"/>
</kw>
<kw name="Log" owner="BuiltIn">
<msg time="2024-06-26T22:14:07.506342" level="INFO">{'gender': 'male', 'name': {'title': 'Mr', 'first': 'Luis', 'last': 'Gonzalez'}, 'location': {'street': {'number': 6876, 'name': 'Locust Rd'}, 'city': 'Sydney', 'state': 'Victoria', 'country': 'Australia', 'postcode': 4177, 'coordinates': {'latitude': '-81.8287', 'longitude': '-39.3194'}, 'timezone': {'offset': '-3:00', 'description': 'Brazil, Buenos Aires, Georgetown'}}, 'email': 'luis.gonzalez@example.com', 'login': {'uuid': 'a55b7cde-3495-4de1-bf91-24ec93d95d14', 'username': 'organicbird225', 'password': 'writer', 'salt': 'lqKu34en', 'md5': '272287c883e4cd65dddb34c463259e37', 'sha1': 'f1e63c417bf97b8107977dc9d48c46dbb70329b1', 'sha256': '13b3f9a44ac725ee377d286c55912e6026fe726b943d1c37ceff98a91502c42e'}, 'dob': {'date': '1961-04-10T02:13:33.728Z', 'age': 63}, 'registered': {'date': '2021-02-04T15:15:52.520Z', 'age': 3}, 'phone': '05-1853-8025', 'cell': '0465-490-986', 'id': {'name': 'TFN', 'value': '747471803'}, 'picture': {'large': 'https://randomuser.me/api/portraits/men/78.jpg', 'medium': 'https://randomuser.me/api/portraits/med/men/78.jpg', 'thumbnail': 'https://randomuser.me/api/portraits/thumb/men/78.jpg'}, 'nat': 'AU'}</msg>
<arg>${json_data['results'][0]}</arg>
<doc>Logs the given message with the given level.</doc>
<status status="PASS" start="2024-06-26T22:14:07.506000" elapsed="0.000387"/>
</kw>
<kw name="Log" owner="BuiltIn">
<msg time="2024-06-26T22:14:07.506810" level="INFO">email</msg>
<arg>${key}</arg>
<doc>Logs the given message with the given level.</doc>
<status status="PASS" start="2024-06-26T22:14:07.506687" elapsed="0.000162"/>
</kw>
<var name="${key}">email</var>
<status status="PASS" start="2024-06-26T22:14:07.505335" elapsed="0.001723"/>
</iter>
<iter>
<kw name="Dictionary Should Contain Key" owner="Collections">
<arg>${json_data['results'][0]}</arg>
<arg>${key}</arg>
<doc>Fails if ``key`` is not found from ``dictionary``.</doc>
<status status="PASS" start="2024-06-26T22:14:07.507374" elapsed="0.000394"/>
</kw>
<kw name="Log" owner="BuiltIn">
<msg time="2024-06-26T22:14:07.508287" level="INFO">{'gender': 'male', 'name': {'title': 'Mr', 'first': 'Luis', 'last': 'Gonzalez'}, 'location': {'street': {'number': 6876, 'name': 'Locust Rd'}, 'city': 'Sydney', 'state': 'Victoria', 'country': 'Australia', 'postcode': 4177, 'coordinates': {'latitude': '-81.8287', 'longitude': '-39.3194'}, 'timezone': {'offset': '-3:00', 'description': 'Brazil, Buenos Aires, Georgetown'}}, 'email': 'luis.gonzalez@example.com', 'login': {'uuid': 'a55b7cde-3495-4de1-bf91-24ec93d95d14', 'username': 'organicbird225', 'password': 'writer', 'salt': 'lqKu34en', 'md5': '272287c883e4cd65dddb34c463259e37', 'sha1': 'f1e63c417bf97b8107977dc9d48c46dbb70329b1', 'sha256': '13b3f9a44ac725ee377d286c55912e6026fe726b943d1c37ceff98a91502c42e'}, 'dob': {'date': '1961-04-10T02:13:33.728Z', 'age': 63}, 'registered': {'date': '2021-02-04T15:15:52.520Z', 'age': 3}, 'phone': '05-1853-8025', 'cell': '0465-490-986', 'id': {'name': 'TFN', 'value': '747471803'}, 'picture': {'large': 'https://randomuser.me/api/portraits/men/78.jpg', 'medium': 'https://randomuser.me/api/portraits/med/men/78.jpg', 'thumbnail': 'https://randomuser.me/api/portraits/thumb/men/78.jpg'}, 'nat': 'AU'}</msg>
<arg>${json_data['results'][0]}</arg>
<doc>Logs the given message with the given level.</doc>
<status status="PASS" start="2024-06-26T22:14:07.507946" elapsed="0.000396"/>
</kw>
<kw name="Log" owner="BuiltIn">
<msg time="2024-06-26T22:14:07.508748" level="INFO">login</msg>
<arg>${key}</arg>
<doc>Logs the given message with the given level.</doc>
<status status="PASS" start="2024-06-26T22:14:07.508626" elapsed="0.000159"/>
</kw>
<var name="${key}">login</var>
<status status="PASS" start="2024-06-26T22:14:07.507225" elapsed="0.001765"/>
</iter>
<var>${key}</var>
<value>@{expected_keys}</value>
<status status="PASS" start="2024-06-26T22:14:07.499299" elapsed="0.009808"/>
</for>
<kw name="Create List" owner="BuiltIn">
<msg time="2024-06-26T22:14:07.509427" level="INFO">${expected_keysTwo} = ['username', 'password']</msg>
<var>${expected_keysTwo}</var>
<arg>username</arg>
<arg>password</arg>
<doc>Returns a list containing given items.</doc>
<status status="PASS" start="2024-06-26T22:14:07.509292" elapsed="0.000159"/>
</kw>
<for flavor="IN">
<iter>
<kw name="Dictionary Should Contain Key" owner="Collections">
<arg>${json_data['results'][0]['login']}</arg>
<arg>${keyTwo}</arg>
<doc>Fails if ``key`` is not found from ``dictionary``.</doc>
<status status="PASS" start="2024-06-26T22:14:07.509956" elapsed="0.000381"/>
</kw>
<kw name="Dictionary Should Contain Key" owner="Collections">
<arg>${json_data['results'][0]['login']}</arg>
<arg>${keyTwo}</arg>
<doc>Fails if ``key`` is not found from ``dictionary``.</doc>
<status status="PASS" start="2024-06-26T22:14:07.510511" elapsed="0.000366"/>
</kw>
<kw name="Log" owner="BuiltIn">
<msg time="2024-06-26T22:14:07.511175" level="INFO">username</msg>
<arg>${keyTwo}</arg>
<doc>Logs the given message with the given level.</doc>
<status status="PASS" start="2024-06-26T22:14:07.511056" elapsed="0.000156"/>
</kw>
<var name="${keyTwo}">username</var>
<status status="PASS" start="2024-06-26T22:14:07.509851" elapsed="0.001612"/>
</iter>
<iter>
<kw name="Dictionary Should Contain Key" owner="Collections">
<arg>${json_data['results'][0]['login']}</arg>
<arg>${keyTwo}</arg>
<doc>Fails if ``key`` is not found from ``dictionary``.</doc>
<status status="PASS" start="2024-06-26T22:14:07.511738" elapsed="0.000375"/>
</kw>
<kw name="Dictionary Should Contain Key" owner="Collections">
<arg>${json_data['results'][0]['login']}</arg>
<arg>${keyTwo}</arg>
<doc>Fails if ``key`` is not found from ``dictionary``.</doc>
<status status="PASS" start="2024-06-26T22:14:07.512287" elapsed="0.000359"/>
</kw>
<kw name="Log" owner="BuiltIn">
<msg time="2024-06-26T22:14:07.512935" level="INFO">password</msg>
<arg>${keyTwo}</arg>
<doc>Logs the given message with the given level.</doc>
<status status="PASS" start="2024-06-26T22:14:07.512819" elapsed="0.000157"/>
</kw>
<var name="${keyTwo}">password</var>
<status status="PASS" start="2024-06-26T22:14:07.511634" elapsed="0.001649"/>
</iter>
<var>${keyTwo}</var>
<value>@{expected_keysTwo}</value>
<status status="PASS" start="2024-06-26T22:14:07.509702" elapsed="0.003700"/>
</for>
<status status="PASS" start="2024-06-26T22:14:07.401123" elapsed="0.112418"/>
</kw>
<doc>Testa a estrutura da resposta da API.</doc>
<tag>testeEstruturaResposta</tag>
<status status="PASS" start="2024-06-26T22:14:07.400499" elapsed="0.113194"/>
</test>
<test id="s1-s1-t4" name="Validar tipos de dados" line="28">
<kw name="Teste de Tipos de Dados" owner="random-user-service">
<kw name="GET On Session" owner="RequestsLibrary">
<msg time="2024-06-26T22:14:07.625002" level="INFO">GET Request : url=https://randomuser.me/api 
 path_url=/api 
 headers={'User-Agent': 'python-requests/2.32.3', 'Accept-Encoding': 'gzip, deflate', 'Accept': '*/*', 'Connection': 'keep-alive'} 
 body=None 
 </msg>
<msg time="2024-06-26T22:14:07.625113" level="INFO">GET Response : url=https://randomuser.me/api 
 status=200, reason=OK 
 headers={'Date': 'Wed, 26 Jun 2024 22:14:07 GMT', 'Content-Type': 'application/json; charset=utf-8', 'Transfer-Encoding': 'chunked', 'Connection': 'keep-alive', 'X-Powered-By': 'Express', 'Access-Control-Allow-Origin': '*', 'Cache-Control': 'no-cache', 'ETag': 'W/"4a0-R9udU5ucmg9KQVshJlRkuYJWH9U"', 'Vary': 'Accept-Encoding', 'Content-Encoding': 'gzip', 'CF-Cache-Status': 'DYNAMIC', 'Report-To': '{"endpoints":[{"url":"https:\\/\\/a.nel.cloudflare.com\\/report\\/v4?s=p%2FpggijJDYImdRg48XuDafZuHk2UXSBai3zEBD6Slr3mvY1ZERoPJFDg5N%2FUBRDFIeNWqc7Pkw7TxdGspgjEgbSbGlnRWcdx6ZYhh%2Bw%2FrSzW0CONzrPmmU3abNr%2FCIMs"}],"group":"cf-nel","max_age":604800}', 'NEL': '{"success_fraction":0,"report_to":"cf-nel","max_age":604800}', 'Server': 'cloudflare', 'CF-RAY': '89a08c68fc63588a-IAD', 'alt-svc': 'h3=":443"; ma=86400'} 
 body={"results":[{"gender":"female","name":{"title":"Miss","first":"Emma","last":"Ollila"},"location":{"street":{"number":7400,"name":"Itsenäisyydenkatu"},"city":"Imatra","state":"Northern Ostrobothnia","country":"Finland","postcode":17942,"coordinates":{"latitude":"-25.1986","longitude":"71.9225"},"timezone":{"offset":"-7:00","description":"Mountain Time (US &amp; Canada)"}},"email":"emma.ollila@example.com","login":{"uuid":"3a22b526-1c28-4e39-a4ff-c0c38adc98ee","username":"whiterabbit122","password":"vixen","salt":"WlF5nLyt","md5":"d9c62c1a6b29335a0d12f8f8d218adaf","sha1":"ceb41ac2e58b5488037e54dd6cd7d0e948b1115e","sha256":"005a7bfedbfbbfeab2a19fa89922413a9d14905b3be00ee566b0d24c0621a501"},"dob":{"date":"1989-12-25T08:06:51.315Z","age":34},"registered":{"date":"2006-07-05T04:17:08.737Z","age":17},"phone":"07-876-598","cell":"042-435-27-53","id":{"name":"HETU","value":"NaNNA828undefined"},"picture":{"large":"https://randomuser.me/api/portraits/women/48.jpg","medium":"https://randomuser.me/api/portraits/med/women/48.jpg","thumbnail":"https://randomuser.me/api/portraits/thumb/women/48.jpg"},"nat":"FI"}],"info":{"seed":"d55a9de8a5f4b5a7","results":1,"page":1,"version":"1.4"}} 
 </msg>
<msg time="2024-06-26T22:14:07.625197" level="INFO">/opt/hostedtoolcache/Python/3.12.4/x64/lib/python3.12/site-packages/urllib3/connectionpool.py:1099: InsecureRequestWarning: Unverified HTTPS request is being made to host 'randomuser.me'. Adding certificate verification is strongly advised. See: https://urllib3.readthedocs.io/en/latest/advanced-usage.html#tls-warnings
  warnings.warn(</msg>
<msg time="2024-06-26T22:14:07.625335" level="INFO">${response} = &lt;Response [200]&gt;</msg>
<var>${response}</var>
<arg>consultarAPI</arg>
<arg>/api</arg>
<doc>Sends a GET request on a previously created HTTP Session.</doc>
<status status="PASS" start="2024-06-26T22:14:07.516285" elapsed="0.109099"/>
</kw>
<kw name="Set Variable" owner="BuiltIn">
<msg time="2024-06-26T22:14:07.626580" level="INFO">${json_data} = {'results': [{'gender': 'female', 'name': {'title': 'Miss', 'first': 'Emma', 'last': 'Ollila'}, 'location': {'street': {'number': 7400, 'name': 'Itsenäisyydenkatu'}, 'city': 'Imatra', 'state': 'Northe...</msg>
<var>${json_data}</var>
<arg>${response.json()}</arg>
<doc>Returns the given values which can then be assigned to a variables.</doc>
<status status="PASS" start="2024-06-26T22:14:07.626029" elapsed="0.000580"/>
</kw>
<kw name="Log" owner="BuiltIn">
<msg time="2024-06-26T22:14:07.627083" level="INFO">{'results': [{'gender': 'female', 'name': {'title': 'Miss', 'first': 'Emma', 'last': 'Ollila'}, 'location': {'street': {'number': 7400, 'name': 'Itsenäisyydenkatu'}, 'city': 'Imatra', 'state': 'Northern Ostrobothnia', 'country': 'Finland', 'postcode': 17942, 'coordinates': {'latitude': '-25.1986', 'longitude': '71.9225'}, 'timezone': {'offset': '-7:00', 'description': 'Mountain Time (US &amp; Canada)'}}, 'email': 'emma.ollila@example.com', 'login': {'uuid': '3a22b526-1c28-4e39-a4ff-c0c38adc98ee', 'username': 'whiterabbit122', 'password': 'vixen', 'salt': 'WlF5nLyt', 'md5': 'd9c62c1a6b29335a0d12f8f8d218adaf', 'sha1': 'ceb41ac2e58b5488037e54dd6cd7d0e948b1115e', 'sha256': '005a7bfedbfbbfeab2a19fa89922413a9d14905b3be00ee566b0d24c0621a501'}, 'dob': {'date': '1989-12-25T08:06:51.315Z', 'age': 34}, 'registered': {'date': '2006-07-05T04:17:08.737Z', 'age': 17}, 'phone': '07-876-598', 'cell': '042-435-27-53', 'id': {'name': 'HETU', 'value': 'NaNNA828undefined'}, 'picture': {'large': 'https://randomuser.me/api/portraits/women/48.jpg', 'medium': 'https://randomuser.me/api/portraits/med/women/48.jpg', 'thumbnail': 'https://randomuser.me/api/portraits/thumb/women/48.jpg'}, 'nat': 'FI'}], 'info': {'seed': 'd55a9de8a5f4b5a7', 'results': 1, 'page': 1, 'version': '1.4'}}</msg>
<arg>${json_data}</arg>
<doc>Logs the given message with the given level.</doc>
<status status="PASS" start="2024-06-26T22:14:07.626919" elapsed="0.000215"/>
</kw>
<kw name="Should Be String" owner="String">
<arg>${json_data['results'][0]['gender']}</arg>
<doc>Fails if the given ``item`` is not a string.</doc>
<status status="PASS" start="2024-06-26T22:14:07.627486" elapsed="0.000360"/>
</kw>
<kw name="Should Match Regexp" owner="BuiltIn">
<arg>${json_data['results'][0]['email']}</arg>
<arg>^[a-zA-Z0-9._%+-]+@[a-zA-Z0-9.-]+\.[a-zA-Z]{2,}$</arg>
<doc>Fails if ``string`` does not match ``pattern`` as a regular expression.</doc>
<status status="PASS" start="2024-06-26T22:14:07.628033" elapsed="0.000503"/>
</kw>
<kw name="Should Match Regexp" owner="BuiltIn">
<arg>${json_data['results'][0]['dob']['date']}</arg>
<arg>\\d{4}-\\d{2}-\\d{2}T\\d{2}:\\d{2}:\\d{2}\\.\\d{3}Z</arg>
<doc>Fails if ``string`` does not match ``pattern`` as a regular expression.</doc>
<status status="PASS" start="2024-06-26T22:14:07.628767" elapsed="0.000480"/>
</kw>
<kw name="Should Match Regexp" owner="BuiltIn">
<arg>${json_data['results'][0]['registered']['date']}</arg>
<arg>\\d{4}-\\d{2}-\\d{2}T\\d{2}:\\d{2}:\\d{2}\\.\\d{3}Z</arg>
<doc>Fails if ``string`` does not match ``pattern`` as a regular expression.</doc>
<status status="PASS" start="2024-06-26T22:14:07.629432" elapsed="0.000360"/>
</kw>
<kw name="Should Match Regexp" owner="BuiltIn">
<arg>${json_data['results'][0]['picture']['large']}</arg>
<arg>^https?://.*\.(?:png|jpe?g|gif|bmp)$</arg>
<doc>Fails if ``string`` does not match ``pattern`` as a regular expression.</doc>
<status status="PASS" start="2024-06-26T22:14:07.629972" elapsed="0.000449"/>
</kw>
<kw name="Should Match Regexp" owner="BuiltIn">
<arg>${json_data['results'][0]['picture']['medium']}</arg>
<arg>^https?://.*\.(?:png|jpe?g|gif|bmp)$</arg>
<doc>Fails if ``string`` does not match ``pattern`` as a regular expression.</doc>
<status status="PASS" start="2024-06-26T22:14:07.630603" elapsed="0.000350"/>
</kw>
<kw name="Should Match Regexp" owner="BuiltIn">
<arg>${json_data['results'][0]['picture']['thumbnail']}</arg>
<arg>^https?://.*\.(?:png|jpe?g|gif|bmp)$</arg>
<doc>Fails if ``string`` does not match ``pattern`` as a regular expression.</doc>
<status status="PASS" start="2024-06-26T22:14:07.631132" elapsed="0.000389"/>
</kw>
<kw name="Log" owner="BuiltIn">
<msg time="2024-06-26T22:14:07.632029" level="INFO">{'large': 'https://randomuser.me/api/portraits/women/48.jpg', 'medium': 'https://randomuser.me/api/portraits/med/women/48.jpg', 'thumbnail': 'https://randomuser.me/api/portraits/thumb/women/48.jpg'}</msg>
<arg>${json_data['results'][0]['picture']}</arg>
<doc>Logs the given message with the given level.</doc>
<status status="PASS" start="2024-06-26T22:14:07.631703" elapsed="0.000370"/>
</kw>
<status status="PASS" start="2024-06-26T22:14:07.516063" elapsed="0.116269"/>
</kw>
<kw name="Teste de Tipos de Dados - Postcode" owner="random-user-service">
<kw name="GET On Session" owner="RequestsLibrary">
<msg time="2024-06-26T22:14:07.698345" level="INFO">GET Request : url=https://randomuser.me/api 
 path_url=/api 
 headers={'User-Agent': 'python-requests/2.32.3', 'Accept-Encoding': 'gzip, deflate', 'Accept': '*/*', 'Connection': 'keep-alive'} 
 body=None 
 </msg>
<msg time="2024-06-26T22:14:07.698425" level="INFO">GET Response : url=https://randomuser.me/api 
 status=200, reason=OK 
 headers={'Date': 'Wed, 26 Jun 2024 22:14:07 GMT', 'Content-Type': 'application/json; charset=utf-8', 'Transfer-Encoding': 'chunked', 'Connection': 'keep-alive', 'X-Powered-By': 'Express', 'Access-Control-Allow-Origin': '*', 'Cache-Control': 'no-cache', 'ETag': 'W/"4bc-GyQzReqPhj3RW/8Vwaevx7xyDGg"', 'Vary': 'Accept-Encoding', 'Content-Encoding': 'gzip', 'CF-Cache-Status': 'DYNAMIC', 'Report-To': '{"endpoints":[{"url":"https:\\/\\/a.nel.cloudflare.com\\/report\\/v4?s=V1V%2B1S9td81eksHnttbjUnyU4PIyLvEM78zh7THilh%2FWUR7DxJWtZLpMQBMqg72siMw3FrUg%2F0QZ6RxFmFNVeylYIFNBVcSzuVxmyQh8YY%2BudAK060lvjqU%2Fsip7bFK0"}],"group":"cf-nel","max_age":604800}', 'NEL': '{"success_fraction":0,"report_to":"cf-nel","max_age":604800}', 'Server': 'cloudflare', 'CF-RAY': '89a08c69bd24588a-IAD', 'alt-svc': 'h3=":443"; ma=86400'} 
 body={"results":[{"gender":"female","name":{"title":"Mademoiselle","first":"Fiona","last":"Martinez"},"location":{"street":{"number":405,"name":"Place de L'Abbé-Franz-Stock"},"city":"Hinwil","state":"Glarus","country":"Switzerland","postcode":6105,"coordinates":{"latitude":"-63.4459","longitude":"5.1727"},"timezone":{"offset":"-4:00","description":"Atlantic Time (Canada), Caracas, La Paz"}},"email":"fiona.martinez@example.com","login":{"uuid":"5a840365-7e4d-4f00-98df-8bf1a29e543e","username":"whiteleopard745","password":"squerting","salt":"3s38cauF","md5":"152aceb37a022d0780b0790ac1346a1d","sha1":"c08ffd99c6ae65e253ecf066a63f66fc6f28dc17","sha256":"ffe001336d4f116e134e721ce6ba64ae4a55189fd148afb4aa4cce2f42b76283"},"dob":{"date":"2000-03-18T08:38:22.133Z","age":24},"registered":{"date":"2004-01-04T02:30:48.679Z","age":20},"phone":"079 322 80 41","cell":"078 477 41 43","id":{"name":"AVS","value":"756.6979.9795.70"},"picture":{"large":"https://randomuser.me/api/portraits/women/63.jpg","medium":"https://randomuser.me/api/portraits/med/women/63.jpg","thumbnail":"https://randomuser.me/api/portraits/thumb/women/63.jpg"},"nat":"CH"}],"info":{"seed":"48767ce67deccea2","results":1,"page":1,"version":"1.4"}} 
 </msg>
<msg time="2024-06-26T22:14:07.698496" level="INFO">/opt/hostedtoolcache/Python/3.12.4/x64/lib/python3.12/site-packages/urllib3/connectionpool.py:1099: InsecureRequestWarning: Unverified HTTPS request is being made to host 'randomuser.me'. Adding certificate verification is strongly advised. See: https://urllib3.readthedocs.io/en/latest/advanced-usage.html#tls-warnings
  warnings.warn(</msg>
<msg time="2024-06-26T22:14:07.698599" level="INFO">${response} = &lt;Response [200]&gt;</msg>
<var>${response}</var>
<arg>consultarAPI</arg>
<arg>/api</arg>
<doc>Sends a GET request on a previously created HTTP Session.</doc>
<status status="PASS" start="2024-06-26T22:14:07.632776" elapsed="0.065860"/>
</kw>
<kw name="Set Variable" owner="BuiltIn">
<msg time="2024-06-26T22:14:07.699542" level="INFO">${json_data} = {'results': [{'gender': 'female', 'name': {'title': 'Mademoiselle', 'first': 'Fiona', 'last': 'Martinez'}, 'location': {'street': {'number': 405, 'name': "Place de L'Abbé-Franz-Stock"}, 'city': 'Hinwi...</msg>
<var>${json_data}</var>
<arg>${response.json()}</arg>
<doc>Returns the given values which can then be assigned to a variables.</doc>
<status status="PASS" start="2024-06-26T22:14:07.699043" elapsed="0.000530"/>
</kw>
<kw name="Log" owner="BuiltIn">
<msg time="2024-06-26T22:14:07.700029" level="INFO">{'results': [{'gender': 'female', 'name': {'title': 'Mademoiselle', 'first': 'Fiona', 'last': 'Martinez'}, 'location': {'street': {'number': 405, 'name': "Place de L'Abbé-Franz-Stock"}, 'city': 'Hinwil', 'state': 'Glarus', 'country': 'Switzerland', 'postcode': 6105, 'coordinates': {'latitude': '-63.4459', 'longitude': '5.1727'}, 'timezone': {'offset': '-4:00', 'description': 'Atlantic Time (Canada), Caracas, La Paz'}}, 'email': 'fiona.martinez@example.com', 'login': {'uuid': '5a840365-7e4d-4f00-98df-8bf1a29e543e', 'username': 'whiteleopard745', 'password': 'squerting', 'salt': '3s38cauF', 'md5': '152aceb37a022d0780b0790ac1346a1d', 'sha1': 'c08ffd99c6ae65e253ecf066a63f66fc6f28dc17', 'sha256': 'ffe001336d4f116e134e721ce6ba64ae4a55189fd148afb4aa4cce2f42b76283'}, 'dob': {'date': '2000-03-18T08:38:22.133Z', 'age': 24}, 'registered': {'date': '2004-01-04T02:30:48.679Z', 'age': 20}, 'phone': '079 322 80 41', 'cell': '078 477 41 43', 'id': {'name': 'AVS', 'value': '756.6979.9795.70'}, 'picture': {'large': 'https://randomuser.me/api/portraits/women/63.jpg', 'medium': 'https://randomuser.me/api/portraits/med/women/63.jpg', 'thumbnail': 'https://randomuser.me/api/portraits/thumb/women/63.jpg'}, 'nat': 'CH'}], 'info': {'seed': '48767ce67deccea2', 'results': 1, 'page': 1, 'version': '1.4'}}</msg>
<arg>${json_data}</arg>
<doc>Logs the given message with the given level.</doc>
<status status="PASS" start="2024-06-26T22:14:07.699876" elapsed="0.000203"/>
</kw>
<kw name="Should Be Equal As Numbers" owner="BuiltIn">
<arg>${json_data['results'][0]['location']['postcode']}</arg>
<arg>${json_data['results'][0]['location']['postcode']}</arg>
<doc>Fails if objects are unequal after converting them to real numbers.</doc>
<status status="PASS" start="2024-06-26T22:14:07.700365" elapsed="0.000611"/>
</kw>
<kw name="Log" owner="BuiltIn">
<msg time="2024-06-26T22:14:07.701622" level="INFO">6105</msg>
<arg>${json_data['results'][0]['location']['postcode']}</arg>
<doc>Logs the given message with the given level.</doc>
<status status="PASS" start="2024-06-26T22:14:07.701162" elapsed="0.000532"/>
</kw>
<status status="PASS" start="2024-06-26T22:14:07.632553" elapsed="0.069391"/>
</kw>
<doc>Testa se os tipos de dados na resposta da API estão corretos.</doc>
<tag>testeTiposDados</tag>
<status status="PASS" start="2024-06-26T22:14:07.515502" elapsed="0.186598"/>
</test>
<test id="s1-s1-t5" name="Validar conteudo" line="35">
<kw name="Teste de Tipos de Conteudo" owner="random-user-service">
<kw name="GET On Session" owner="RequestsLibrary">
<msg time="2024-06-26T22:14:07.800182" level="INFO">GET Request : url=https://randomuser.me/api 
 path_url=/api 
 headers={'User-Agent': 'python-requests/2.32.3', 'Accept-Encoding': 'gzip, deflate', 'Accept': '*/*', 'Connection': 'keep-alive'} 
 body=None 
 </msg>
<msg time="2024-06-26T22:14:07.800276" level="INFO">GET Response : url=https://randomuser.me/api 
 status=200, reason=OK 
 headers={'Date': 'Wed, 26 Jun 2024 22:14:07 GMT', 'Content-Type': 'application/json; charset=utf-8', 'Transfer-Encoding': 'chunked', 'Connection': 'keep-alive', 'X-Powered-By': 'Express', 'Access-Control-Allow-Origin': '*', 'Cache-Control': 'no-cache', 'ETag': 'W/"470-3JJhDlyKc+CRyjNWr/tUdz3Mwrg"', 'Vary': 'Accept-Encoding', 'Content-Encoding': 'gzip', 'CF-Cache-Status': 'DYNAMIC', 'Report-To': '{"endpoints":[{"url":"https:\\/\\/a.nel.cloudflare.com\\/report\\/v4?s=KQ7Zbs%2BnCBjcCnwDnmTY%2FjkNGwEmQgNe1Pb6NG6I8vmnMctkQHI3WGyyVzUeZTrWKPvIb%2BStZefQFwPbD5IvWtfBZc%2Fa6GWdfbdkop%2FL0tV3EAagYNdAsUPmpkAAbDoZ"}],"group":"cf-nel","max_age":604800}', 'NEL': '{"success_fraction":0,"report_to":"cf-nel","max_age":604800}', 'Server': 'cloudflare', 'CF-RAY': '89a08c6a2d90588a-IAD', 'alt-svc': 'h3=":443"; ma=86400'} 
 body={"results":[{"gender":"male","name":{"title":"Mr","first":"Francis","last":"Gray"},"location":{"street":{"number":253,"name":"Homestead Rd"},"city":"Spokane","state":"Ohio","country":"United States","postcode":31987,"coordinates":{"latitude":"88.7159","longitude":"-69.0949"},"timezone":{"offset":"-9:00","description":"Alaska"}},"email":"francis.gray@example.com","login":{"uuid":"55206db3-adad-4335-ba7d-cf7dc77c0ac2","username":"lazysnake806","password":"muscles","salt":"NZPZoowT","md5":"642180a171639193f56fd92a648c91a9","sha1":"5188673e5c82baf809d0b928e8126ec30f65f21e","sha256":"c133fb49d860e57bbce608aebc655ad334e076360620d1e531dd0a2694390d4a"},"dob":{"date":"2001-04-11T05:27:33.271Z","age":23},"registered":{"date":"2011-07-10T04:40:23.603Z","age":12},"phone":"(844) 806-7141","cell":"(602) 496-8304","id":{"name":"SSN","value":"566-94-9091"},"picture":{"large":"https://randomuser.me/api/portraits/men/82.jpg","medium":"https://randomuser.me/api/portraits/med/men/82.jpg","thumbnail":"https://randomuser.me/api/portraits/thumb/men/82.jpg"},"nat":"US"}],"info":{"seed":"1f6784fa73b60af1","results":1,"page":1,"version":"1.4"}} 
 </msg>
<msg time="2024-06-26T22:14:07.800346" level="INFO">/opt/hostedtoolcache/Python/3.12.4/x64/lib/python3.12/site-packages/urllib3/connectionpool.py:1099: InsecureRequestWarning: Unverified HTTPS request is being made to host 'randomuser.me'. Adding certificate verification is strongly advised. See: https://urllib3.readthedocs.io/en/latest/advanced-usage.html#tls-warnings
  warnings.warn(</msg>
<msg time="2024-06-26T22:14:07.800450" level="INFO">${response} = &lt;Response [200]&gt;</msg>
<var>${response}</var>
<arg>consultarAPI</arg>
<arg>/api</arg>
<doc>Sends a GET request on a previously created HTTP Session.</doc>
<status status="PASS" start="2024-06-26T22:14:07.704493" elapsed="0.095996"/>
</kw>
<kw name="Set Variable" owner="BuiltIn">
<msg time="2024-06-26T22:14:07.801428" level="INFO">${json_data} = {'results': [{'gender': 'male', 'name': {'title': 'Mr', 'first': 'Francis', 'last': 'Gray'}, 'location': {'street': {'number': 253, 'name': 'Homestead Rd'}, 'city': 'Spokane', 'state': 'Ohio', 'countr...</msg>
<var>${json_data}</var>
<arg>${response.json()}</arg>
<doc>Returns the given values which can then be assigned to a variables.</doc>
<status status="PASS" start="2024-06-26T22:14:07.800972" elapsed="0.000487"/>
</kw>
<kw name="Set Variable" owner="BuiltIn">
<msg time="2024-06-26T22:14:07.802128" level="INFO">${name_title} = Mr</msg>
<var>${name_title}</var>
<arg>${json_data["results"][0]["name"]["title"]}</arg>
<doc>Returns the given values which can then be assigned to a variables.</doc>
<status status="PASS" start="2024-06-26T22:14:07.801753" elapsed="0.000400"/>
</kw>
<kw name="Create List" owner="BuiltIn">
<msg time="2024-06-26T22:14:07.802584" level="INFO">${allowed_titles} = ['Mr', 'Ms', 'Miss', 'Mrs', 'Madame', 'Monsieur']</msg>
<var>${allowed_titles}</var>
<arg>Mr</arg>
<arg>Ms</arg>
<arg>Miss</arg>
<arg>Mrs</arg>
<arg>Madame</arg>
<arg>Monsieur</arg>
<doc>Returns a list containing given items.</doc>
<status status="PASS" start="2024-06-26T22:14:07.802440" elapsed="0.000168"/>
</kw>
<kw name="List Should Contain Value" owner="Collections">
<arg>${allowed_titles}</arg>
<arg>${name_title}</arg>
<doc>Fails if the ``value`` is not found from ``list``.</doc>
<status status="PASS" start="2024-06-26T22:14:07.802897" elapsed="0.000172"/>
</kw>
<kw name="Set Variable" owner="BuiltIn">
<msg time="2024-06-26T22:14:07.803658" level="INFO">${name_country} = US</msg>
<var>${name_country}</var>
<arg>${json_data["results"][0]["nat"]}</arg>
<doc>Returns the given values which can then be assigned to a variables.</doc>
<status status="PASS" start="2024-06-26T22:14:07.803247" elapsed="0.000436"/>
</kw>
<kw name="Create List" owner="BuiltIn">
<msg time="2024-06-26T22:14:07.804568" level="INFO">${list_country} = ['AD', 'AE', 'AF', 'AG', 'AI', 'AL', 'AM', 'AO', 'AQ', 'AR', 'AS', 'AT', 'AU', 'AW', 'AX', 'AZ', 'BA', 'BB', 'BD', 'BE', 'BF', 'BG', 'BH', 'BI', 'BJ', 'BL', 'BM', 'BN', 'BO', 'BQ', 'BR', 'BS', 'BT', '...</msg>
<var>${list_country}</var>
<arg>AD</arg>
<arg>AE</arg>
<arg>AF</arg>
<arg>AG</arg>
<arg>AI</arg>
<arg>AL</arg>
<arg>AM</arg>
<arg>AO</arg>
<arg>AQ</arg>
<arg>AR</arg>
<arg>AS</arg>
<arg>AT</arg>
<arg>AU</arg>
<arg>AW</arg>
<arg>AX</arg>
<arg>AZ</arg>
<arg>BA</arg>
<arg>BB</arg>
<arg>BD</arg>
<arg>BE</arg>
<arg>BF</arg>
<arg>BG</arg>
<arg>BH</arg>
<arg>BI</arg>
<arg>BJ</arg>
<arg>BL</arg>
<arg>BM</arg>
<arg>BN</arg>
<arg>BO</arg>
<arg>BQ</arg>
<arg>BR</arg>
<arg>BS</arg>
<arg>BT</arg>
<arg>BV</arg>
<arg>BW</arg>
<arg>BY</arg>
<arg>BZ</arg>
<arg>CA</arg>
<arg>CC</arg>
<arg>CD</arg>
<arg>CF</arg>
<arg>CG</arg>
<arg>CH</arg>
<arg>CI</arg>
<arg>CK</arg>
<arg>CL</arg>
<arg>CM</arg>
<arg>CN</arg>
<arg>CO</arg>
<arg>CR</arg>
<arg>CU</arg>
<arg>CV</arg>
<arg>CW</arg>
<arg>CX</arg>
<arg>CY</arg>
<arg>CZ</arg>
<arg>DE</arg>
<arg>DJ</arg>
<arg>DK</arg>
<arg>DM</arg>
<arg>DO</arg>
<arg>DZ</arg>
<arg>EC</arg>
<arg>EE</arg>
<arg>EG</arg>
<arg>EH</arg>
<arg>ER</arg>
<arg>ES</arg>
<arg>ET</arg>
<arg>FI</arg>
<arg>FJ</arg>
<arg>FK</arg>
<arg>FM</arg>
<arg>FO</arg>
<arg>FR</arg>
<arg>GA</arg>
<arg>GB</arg>
<arg>GD</arg>
<arg>GE</arg>
<arg>GF</arg>
<arg>GG</arg>
<arg>GH</arg>
<arg>GI</arg>
<arg>GL</arg>
<arg>GM</arg>
<arg>GN</arg>
<arg>GP</arg>
<arg>GQ</arg>
<arg>GR</arg>
<arg>GS</arg>
<arg>GT</arg>
<arg>GU</arg>
<arg>GW</arg>
<arg>GY</arg>
<arg>HK</arg>
<arg>HM</arg>
<arg>HN</arg>
<arg>HR</arg>
<arg>HT</arg>
<arg>HU</arg>
<arg>ID</arg>
<arg>IE</arg>
<arg>IL</arg>
<arg>IM</arg>
<arg>IN</arg>
<arg>IO</arg>
<arg>IQ</arg>
<arg>IR</arg>
<arg>IS</arg>
<arg>IT</arg>
<arg>JE</arg>
<arg>JM</arg>
<arg>JO</arg>
<arg>JP</arg>
<arg>KE</arg>
<arg>KG</arg>
<arg>KH</arg>
<arg>KI</arg>
<arg>KM</arg>
<arg>KN</arg>
<arg>KP</arg>
<arg>KR</arg>
<arg>KW</arg>
<arg>KY</arg>
<arg>KZ</arg>
<arg>LA</arg>
<arg>LB</arg>
<arg>LC</arg>
<arg>LI</arg>
<arg>LK</arg>
<arg>LR</arg>
<arg>LS</arg>
<arg>LT</arg>
<arg>LU</arg>
<arg>LV</arg>
<arg>LY</arg>
<arg>MA</arg>
<arg>MC</arg>
<arg>MD</arg>
<arg>ME</arg>
<arg>MF</arg>
<arg>MG</arg>
<arg>MH</arg>
<arg>MK</arg>
<arg>ML</arg>
<arg>MM</arg>
<arg>MN</arg>
<arg>MO</arg>
<arg>MP</arg>
<arg>MQ</arg>
<arg>MR</arg>
<arg>MS</arg>
<arg>MT</arg>
<arg>MU</arg>
<arg>MV</arg>
<arg>MW</arg>
<arg>MX</arg>
<arg>MY</arg>
<arg>MZ</arg>
<arg>NA</arg>
<arg>NC</arg>
<arg>NE</arg>
<arg>NF</arg>
<arg>NG</arg>
<arg>NI</arg>
<arg>NL</arg>
<arg>NO</arg>
<arg>NP</arg>
<arg>NR</arg>
<arg>NU</arg>
<arg>NZ</arg>
<arg>OM</arg>
<arg>PA</arg>
<arg>PE</arg>
<arg>PF</arg>
<arg>PG</arg>
<arg>PH</arg>
<arg>PK</arg>
<arg>PL</arg>
<arg>PM</arg>
<arg>PN</arg>
<arg>PR</arg>
<arg>PS</arg>
<arg>PT</arg>
<arg>PW</arg>
<arg>PY</arg>
<arg>QA</arg>
<arg>RE</arg>
<arg>RO</arg>
<arg>RS</arg>
<arg>RU</arg>
<arg>RW</arg>
<arg>SA</arg>
<arg>SB</arg>
<arg>SC</arg>
<arg>SD</arg>
<arg>SE</arg>
<arg>SG</arg>
<arg>SH</arg>
<arg>SI</arg>
<arg>SJ</arg>
<arg>SK</arg>
<arg>SL</arg>
<arg>SM</arg>
<arg>SN</arg>
<arg>SO</arg>
<arg>SR</arg>
<arg>SS</arg>
<arg>ST</arg>
<arg>SV</arg>
<arg>SX</arg>
<arg>SY</arg>
<arg>SZ</arg>
<arg>TC</arg>
<arg>TD</arg>
<arg>TF</arg>
<arg>TG</arg>
<arg>TH</arg>
<arg>TJ</arg>
<arg>TK</arg>
<arg>TL</arg>
<arg>TM</arg>
<arg>TN</arg>
<arg>TO</arg>
<arg>TR</arg>
<arg>TT</arg>
<arg>TV</arg>
<arg>TW</arg>
<arg>TZ</arg>
<arg>UA</arg>
<arg>UG</arg>
<arg>UM</arg>
<arg>US</arg>
<arg>UY</arg>
<arg>UZ</arg>
<arg>VA</arg>
<arg>VC</arg>
<arg>VE</arg>
<arg>VG</arg>
<arg>VI</arg>
<arg>VN</arg>
<arg>VU</arg>
<arg>WF</arg>
<arg>WS</arg>
<arg>XK</arg>
<arg>YE</arg>
<arg>YT</arg>
<arg>ZA</arg>
<arg>ZM</arg>
<arg>ZW</arg>
<doc>Returns a list containing given items.</doc>
<status status="PASS" start="2024-06-26T22:14:07.803970" elapsed="0.000624"/>
</kw>
<kw name="List Should Contain Value" owner="Collections">
<arg>${list_country}</arg>
<arg>${name_country}</arg>
<doc>Fails if the ``value`` is not found from ``list``.</doc>
<status status="PASS" start="2024-06-26T22:14:07.805383" elapsed="0.000202"/>
</kw>
<kw name="Run Keyword If" owner="BuiltIn">
<kw name="Should Be True" owner="BuiltIn">
<arg>${True}</arg>
<doc>Fails if the given condition is not true.</doc>
<status status="PASS" start="2024-06-26T22:14:07.806527" elapsed="0.000139"/>
</kw>
<arg>${json_data["results"][0]["location"]["coordinates"]["latitude"]} &gt;= -90 and ${json_data["results"][0]["location"]["coordinates"]["latitude"]} &lt;= 90</arg>
<arg>Should Be True</arg>
<arg>${True}</arg>
<doc>Runs the given keyword with the given arguments, if ``condition`` is true.</doc>
<status status="PASS" start="2024-06-26T22:14:07.805776" elapsed="0.001012"/>
</kw>
<kw name="Run Keyword If" owner="BuiltIn">
<kw name="Should Be True" owner="BuiltIn">
<arg>${True}</arg>
<doc>Fails if the given condition is not true.</doc>
<status status="PASS" start="2024-06-26T22:14:07.807676" elapsed="0.000228"/>
</kw>
<arg>${json_data["results"][0]["location"]["coordinates"]["longitude"]} &gt;= -180 and ${json_data["results"][0]["location"]["coordinates"]["longitude"]} &lt;= 180</arg>
<arg>Should Be True</arg>
<arg>${True}</arg>
<doc>Runs the given keyword with the given arguments, if ``condition`` is true.</doc>
<status status="PASS" start="2024-06-26T22:14:07.806964" elapsed="0.001066"/>
</kw>
<status status="PASS" start="2024-06-26T22:14:07.704278" elapsed="0.103880"/>
</kw>
<doc>Testa o conteúdo específico dos campos retornados pela API.</doc>
<tag>testeConteudo</tag>
<status status="PASS" start="2024-06-26T22:14:07.703837" elapsed="0.104463"/>
</test>
<status status="PASS" start="2024-06-26T22:14:06.457885" elapsed="1.352331"/>
</suite>
<status status="PASS" start="2024-06-26T22:14:06.443619" elapsed="1.371639"/>
</suite>
<statistics>
<total>
<stat pass="5" fail="0" skip="0">All Tests</stat>
</total>
<tag>
<stat pass="1" fail="0" skip="0">testeConteudo</stat>
<stat pass="1" fail="0" skip="0">testeEstruturaResposta</stat>
<stat pass="1" fail="0" skip="0">testeRequisicaoBasica</stat>
<stat pass="1" fail="0" skip="0">testeTiposDados</stat>
</tag>
<suite>
<stat pass="5" fail="0" skip="0" id="s1" name="Tests">Tests</stat>
<stat pass="5" fail="0" skip="0" id="s1-s1" name="Random-User-Test">Tests.Random-User-Test</stat>
</suite>
</statistics>
<errors>
</errors>
</robot>
