<?xml version="1.0" encoding="UTF-8"?>
<robot generator="Robot 7.0.1 (Python 3.12.4 on linux)" generated="2024-07-03T20:15:44.930817" rpa="false" schemaversion="5">
<suite id="s1" name="Tests" source="/home/runner/work/ApiRandomUser/ApiRandomUser/RamdonUser/tests">
<suite id="s1-s1" name="Random-User-Test" source="/home/runner/work/ApiRandomUser/ApiRandomUser/RamdonUser/tests/random-user-test.robot">
<test id="s1-s1-t1" name="Conectar" line="13">
<kw name="Conectar API" owner="random-user-service">
<kw name="Create Session" owner="RequestsLibrary">
<msg time="2024-07-03T20:15:45.356001" level="INFO">Creating Session using : alias=consultarAPI, url=https://randomuser.me/, headers={},                     cookies={}, auth=None, timeout=None, proxies=None, verify=False,                     debug=0 </msg>
<arg>consultarAPI</arg>
<arg>${URL}</arg>
<doc>Create Session: create a HTTP session to a server</doc>
<status status="PASS" start="2024-07-03T20:15:45.355789" elapsed="0.000408"/>
</kw>
<status status="PASS" start="2024-07-03T20:15:45.354695" elapsed="0.001861"/>
</kw>
<status status="PASS" start="2024-07-03T20:15:45.353980" elapsed="0.002770"/>
</test>
<test id="s1-s1-t2" name="Validar retorno 200 e JSON Válido" line="16">
<kw name="Teste de Requisicao Basica" owner="random-user-service">
<kw name="GET On Session" owner="RequestsLibrary">
<msg time="2024-07-03T20:15:45.705482" level="INFO">GET Request : url=https://randomuser.me/api 
 path_url=/api 
 headers={'User-Agent': 'python-requests/2.32.3', 'Accept-Encoding': 'gzip, deflate', 'Accept': '*/*', 'Connection': 'keep-alive'} 
 body=None 
 </msg>
<msg time="2024-07-03T20:15:45.705636" level="INFO">GET Response : url=https://randomuser.me/api 
 status=200, reason=OK 
 headers={'Date': 'Wed, 03 Jul 2024 20:15:45 GMT', 'Content-Type': 'application/json; charset=utf-8', 'Transfer-Encoding': 'chunked', 'Connection': 'keep-alive', 'X-Powered-By': 'Express', 'Access-Control-Allow-Origin': '*', 'Cache-Control': 'no-cache', 'ETag': 'W/"483-vAiGmuQXSCzOK3PzD4Uv22d1Bao"', 'Vary': 'Accept-Encoding', 'Content-Encoding': 'gzip', 'CF-Cache-Status': 'DYNAMIC', 'Report-To': '{"endpoints":[{"url":"https:\\/\\/a.nel.cloudflare.com\\/report\\/v4?s=B3Hd9eKFBlJ%2FhtSb%2FePKRGsJac3SB8Qt1ktBV%2ByN3LdTCx4F%2BHkCwHpzMm%2FfXpFuoYe7B9jha2hFFBv0P88LOnSEuhWfZJXdOatrU1dQgyhtCtojbgQr4SQ%2FrsNcturQ"}],"group":"cf-nel","max_age":604800}', 'NEL': '{"success_fraction":0,"report_to":"cf-nel","max_age":604800}', 'Server': 'cloudflare', 'CF-RAY': '89d98ca4aeb267b8-SJC', 'alt-svc': 'h3=":443"; ma=86400'} 
 body={"results":[{"gender":"male","name":{"title":"Mr","first":"Derrick","last":"Nguyen"},"location":{"street":{"number":8709,"name":"Novara Avenue"},"city":"Ennis","state":"Cork","country":"Ireland","postcode":79517,"coordinates":{"latitude":"4.1515","longitude":"-41.8423"},"timezone":{"offset":"+4:00","description":"Abu Dhabi, Muscat, Baku, Tbilisi"}},"email":"derrick.nguyen@example.com","login":{"uuid":"3a9d861c-bfbd-4a98-8d53-a2ba041bf69c","username":"goldenelephant718","password":"skater","salt":"S0SZMKFX","md5":"907b2e77ff83c75dc4556227680b425c","sha1":"2b6c8da6119e8c065c2e934774e1326957083aab","sha256":"7fea3e0ba0bc85da8794e96da69f1003d2a1cd47e8263514c40cb1fdf72f40fa"},"dob":{"date":"1953-05-02T06:59:39.659Z","age":71},"registered":{"date":"2016-11-04T10:11:58.398Z","age":7},"phone":"011-217-9357","cell":"081-749-2189","id":{"name":"PPS","value":"8173622T"},"picture":{"large":"https://randomuser.me/api/portraits/men/65.jpg","medium":"https://randomuser.me/api/portraits/med/men/65.jpg","thumbnail":"https://randomuser.me/api/portraits/thumb/men/65.jpg"},"nat":"IE"}],"info":{"seed":"b4133106a4366dc3","results":1,"page":1,"version":"1.4"}} 
 </msg>
<msg time="2024-07-03T20:15:45.705723" level="INFO">/opt/hostedtoolcache/Python/3.12.4/x64/lib/python3.12/site-packages/urllib3/connectionpool.py:1099: InsecureRequestWarning: Unverified HTTPS request is being made to host 'randomuser.me'. Adding certificate verification is strongly advised. See: https://urllib3.readthedocs.io/en/latest/advanced-usage.html#tls-warnings
  warnings.warn(</msg>
<msg time="2024-07-03T20:15:45.705864" level="INFO">${response} = &lt;Response [200]&gt;</msg>
<var>${response}</var>
<arg>consultarAPI</arg>
<arg>/api</arg>
<doc>Sends a GET request on a previously created HTTP Session.</doc>
<status status="PASS" start="2024-07-03T20:15:45.359947" elapsed="0.345946"/>
</kw>
<kw name="Should Be Equal As Numbers" owner="BuiltIn">
<msg time="2024-07-03T20:15:45.706990" level="INFO">Argument types are:
&lt;class 'int'&gt;
&lt;class 'str'&gt;</msg>
<arg>${response.status_code}</arg>
<arg>200</arg>
<doc>Fails if objects are unequal after converting them to real numbers.</doc>
<status status="PASS" start="2024-07-03T20:15:45.706526" elapsed="0.000527"/>
</kw>
<kw name="Log" owner="BuiltIn">
<msg time="2024-07-03T20:15:45.707708" level="INFO">200</msg>
<arg>${response.status_code}</arg>
<doc>Logs the given message with the given level.</doc>
<status status="PASS" start="2024-07-03T20:15:45.707363" elapsed="0.000386"/>
</kw>
<kw name="Set Variable" owner="BuiltIn">
<msg time="2024-07-03T20:15:45.708480" level="INFO">${json_data} = {'results': [{'gender': 'male', 'name': {'title': 'Mr', 'first': 'Derrick', 'last': 'Nguyen'}, 'location': {'street': {'number': 8709, 'name': 'Novara Avenue'}, 'city': 'Ennis', 'state': 'Cork', 'coun...</msg>
<var>${json_data}</var>
<arg>${response.json()}</arg>
<doc>Returns the given values which can then be assigned to a variables.</doc>
<status status="PASS" start="2024-07-03T20:15:45.708047" elapsed="0.000460"/>
</kw>
<kw name="Dictionary Should Contain Key" owner="Collections">
<arg>${json_data}</arg>
<arg>results</arg>
<doc>Fails if ``key`` is not found from ``dictionary``.</doc>
<status status="PASS" start="2024-07-03T20:15:45.708798" elapsed="0.000165"/>
</kw>
<status status="PASS" start="2024-07-03T20:15:45.359695" elapsed="0.349416"/>
</kw>
<doc>Testa se a API responde corretamente e retorna um objeto JSON válido.</doc>
<tag>testeRequisicaoBasica</tag>
<status status="PASS" start="2024-07-03T20:15:45.359234" elapsed="0.350054"/>
</test>
<test id="s1-s1-t3" name="Validar estrutura de resposta" line="22">
<kw name="Teste de Estrutura de Resposta" owner="random-user-service">
<kw name="GET On Session" owner="RequestsLibrary">
<msg time="2024-07-03T20:15:46.037085" level="INFO">GET Request : url=https://randomuser.me/api 
 path_url=/api 
 headers={'User-Agent': 'python-requests/2.32.3', 'Accept-Encoding': 'gzip, deflate', 'Accept': '*/*', 'Connection': 'keep-alive'} 
 body=None 
 </msg>
<msg time="2024-07-03T20:15:46.037217" level="INFO">GET Response : url=https://randomuser.me/api 
 status=200, reason=OK 
 headers={'Date': 'Wed, 03 Jul 2024 20:15:46 GMT', 'Content-Type': 'application/json; charset=utf-8', 'Transfer-Encoding': 'chunked', 'Connection': 'keep-alive', 'X-Powered-By': 'Express', 'Access-Control-Allow-Origin': '*', 'Cache-Control': 'no-cache', 'ETag': 'W/"48a-+JK1dj3iFXIUislQyt9nwmLoe9A"', 'Vary': 'Accept-Encoding', 'Content-Encoding': 'gzip', 'CF-Cache-Status': 'DYNAMIC', 'Report-To': '{"endpoints":[{"url":"https:\\/\\/a.nel.cloudflare.com\\/report\\/v4?s=NS0fVVd3V%2FMjSieXrnx2S1hJATuf2ud1Onj6fq3pkfJl19u4DmsyhOs5XDP5xFoNiIk%2BmX7SgQlYzo6JRhizhE%2BAJ4fOBtNJIHyDr1B1%2FRfzJHheOslxZO6qiQlx8Ypu"}],"group":"cf-nel","max_age":604800}', 'NEL': '{"success_fraction":0,"report_to":"cf-nel","max_age":604800}', 'Server': 'cloudflare', 'CF-RAY': '89d98ca6b80c67b8-SJC', 'alt-svc': 'h3=":443"; ma=86400'} 
 body={"results":[{"gender":"male","name":{"title":"Mr","first":"Nassir","last":"Bekema"},"location":{"street":{"number":536,"name":"Israelsstraat"},"city":"Loenen Gld","state":"Zuid-Holland","country":"Netherlands","postcode":"2416 NA","coordinates":{"latitude":"33.8360","longitude":"-40.2927"},"timezone":{"offset":"+6:00","description":"Almaty, Dhaka, Colombo"}},"email":"nassir.bekema@example.com","login":{"uuid":"a0c0c7f4-3151-4509-9dec-3a24e3a75b08","username":"tinyrabbit272","password":"stang","salt":"ofvgwbJt","md5":"b2258385c07acb57ddf029a66896037e","sha1":"d17c6e84203fb811b88cd8db5d89127a8b3a7031","sha256":"28b128be38d034593e56e8a73b64baed737b91f5a2362bfb0f5f64cf65f41501"},"dob":{"date":"1982-01-11T09:08:45.008Z","age":42},"registered":{"date":"2005-03-26T15:44:38.718Z","age":19},"phone":"(082) 6437054","cell":"(06) 08478164","id":{"name":"BSN","value":"75165113"},"picture":{"large":"https://randomuser.me/api/portraits/men/28.jpg","medium":"https://randomuser.me/api/portraits/med/men/28.jpg","thumbnail":"https://randomuser.me/api/portraits/thumb/men/28.jpg"},"nat":"NL"}],"info":{"seed":"a3a149d8ab5601f3","results":1,"page":1,"version":"1.4"}} 
 </msg>
<msg time="2024-07-03T20:15:46.037378" level="INFO">/opt/hostedtoolcache/Python/3.12.4/x64/lib/python3.12/site-packages/urllib3/connectionpool.py:1099: InsecureRequestWarning: Unverified HTTPS request is being made to host 'randomuser.me'. Adding certificate verification is strongly advised. See: https://urllib3.readthedocs.io/en/latest/advanced-usage.html#tls-warnings
  warnings.warn(</msg>
<msg time="2024-07-03T20:15:46.037527" level="INFO">${response} = &lt;Response [200]&gt;</msg>
<var>${response}</var>
<arg>consultarAPI</arg>
<arg>/api</arg>
<doc>Sends a GET request on a previously created HTTP Session.</doc>
<status status="PASS" start="2024-07-03T20:15:45.711968" elapsed="0.325592"/>
</kw>
<kw name="Set Variable" owner="BuiltIn">
<msg time="2024-07-03T20:15:46.038804" level="INFO">${json_data} = {'results': [{'gender': 'male', 'name': {'title': 'Mr', 'first': 'Nassir', 'last': 'Bekema'}, 'location': {'street': {'number': 536, 'name': 'Israelsstraat'}, 'city': 'Loenen Gld', 'state': 'Zuid-Holl...</msg>
<var>${json_data}</var>
<arg>${response.json()}</arg>
<doc>Returns the given values which can then be assigned to a variables.</doc>
<status status="PASS" start="2024-07-03T20:15:46.038225" elapsed="0.000606"/>
</kw>
<kw name="Log" owner="BuiltIn">
<msg time="2024-07-03T20:15:46.039314" level="INFO">{'results': [{'gender': 'male', 'name': {'title': 'Mr', 'first': 'Nassir', 'last': 'Bekema'}, 'location': {'street': {'number': 536, 'name': 'Israelsstraat'}, 'city': 'Loenen Gld', 'state': 'Zuid-Holland', 'country': 'Netherlands', 'postcode': '2416 NA', 'coordinates': {'latitude': '33.8360', 'longitude': '-40.2927'}, 'timezone': {'offset': '+6:00', 'description': 'Almaty, Dhaka, Colombo'}}, 'email': 'nassir.bekema@example.com', 'login': {'uuid': 'a0c0c7f4-3151-4509-9dec-3a24e3a75b08', 'username': 'tinyrabbit272', 'password': 'stang', 'salt': 'ofvgwbJt', 'md5': 'b2258385c07acb57ddf029a66896037e', 'sha1': 'd17c6e84203fb811b88cd8db5d89127a8b3a7031', 'sha256': '28b128be38d034593e56e8a73b64baed737b91f5a2362bfb0f5f64cf65f41501'}, 'dob': {'date': '1982-01-11T09:08:45.008Z', 'age': 42}, 'registered': {'date': '2005-03-26T15:44:38.718Z', 'age': 19}, 'phone': '(082) 6437054', 'cell': '(06) 08478164', 'id': {'name': 'BSN', 'value': '75165113'}, 'picture': {'large': 'https://randomuser.me/api/portraits/men/28.jpg', 'medium': 'https://randomuser.me/api/portraits/med/men/28.jpg', 'thumbnail': 'https://randomuser.me/api/portraits/thumb/men/28.jpg'}, 'nat': 'NL'}], 'info': {'seed': 'a3a149d8ab5601f3', 'results': 1, 'page': 1, 'version': '1.4'}}</msg>
<arg>${json_data}</arg>
<doc>Logs the given message with the given level.</doc>
<status status="PASS" start="2024-07-03T20:15:46.039149" elapsed="0.000214"/>
</kw>
<kw name="Dictionary Should Contain Key" owner="Collections">
<arg>${json_data}</arg>
<arg>results</arg>
<doc>Fails if ``key`` is not found from ``dictionary``.</doc>
<status status="PASS" start="2024-07-03T20:15:46.039662" elapsed="0.000170"/>
</kw>
<kw name="Should Not Be Empty" owner="BuiltIn">
<msg time="2024-07-03T20:15:46.040148" level="INFO">Length is 2.</msg>
<arg>${json_data}</arg>
<doc>Verifies that the given item is not empty.</doc>
<status status="PASS" start="2024-07-03T20:15:46.040014" elapsed="0.000172"/>
</kw>
<kw name="Create List" owner="BuiltIn">
<msg time="2024-07-03T20:15:46.040636" level="INFO">${expected_keys} = ['gender', 'name', 'location', 'email', 'login']</msg>
<var>${expected_keys}</var>
<arg>gender</arg>
<arg>name</arg>
<arg>location</arg>
<arg>email</arg>
<arg>login</arg>
<doc>Returns a list containing given items.</doc>
<status status="PASS" start="2024-07-03T20:15:46.040484" elapsed="0.000176"/>
</kw>
<for flavor="IN">
<iter>
<kw name="Dictionary Should Contain Key" owner="Collections">
<arg>${json_data['results'][0]}</arg>
<arg>${key}</arg>
<doc>Fails if ``key`` is not found from ``dictionary``.</doc>
<status status="PASS" start="2024-07-03T20:15:46.041460" elapsed="0.000420"/>
</kw>
<kw name="Log" owner="BuiltIn">
<msg time="2024-07-03T20:15:46.042460" level="INFO">{'gender': 'male', 'name': {'title': 'Mr', 'first': 'Nassir', 'last': 'Bekema'}, 'location': {'street': {'number': 536, 'name': 'Israelsstraat'}, 'city': 'Loenen Gld', 'state': 'Zuid-Holland', 'country': 'Netherlands', 'postcode': '2416 NA', 'coordinates': {'latitude': '33.8360', 'longitude': '-40.2927'}, 'timezone': {'offset': '+6:00', 'description': 'Almaty, Dhaka, Colombo'}}, 'email': 'nassir.bekema@example.com', 'login': {'uuid': 'a0c0c7f4-3151-4509-9dec-3a24e3a75b08', 'username': 'tinyrabbit272', 'password': 'stang', 'salt': 'ofvgwbJt', 'md5': 'b2258385c07acb57ddf029a66896037e', 'sha1': 'd17c6e84203fb811b88cd8db5d89127a8b3a7031', 'sha256': '28b128be38d034593e56e8a73b64baed737b91f5a2362bfb0f5f64cf65f41501'}, 'dob': {'date': '1982-01-11T09:08:45.008Z', 'age': 42}, 'registered': {'date': '2005-03-26T15:44:38.718Z', 'age': 19}, 'phone': '(082) 6437054', 'cell': '(06) 08478164', 'id': {'name': 'BSN', 'value': '75165113'}, 'picture': {'large': 'https://randomuser.me/api/portraits/men/28.jpg', 'medium': 'https://randomuser.me/api/portraits/med/men/28.jpg', 'thumbnail': 'https://randomuser.me/api/portraits/thumb/men/28.jpg'}, 'nat': 'NL'}</msg>
<arg>${json_data['results'][0]}</arg>
<doc>Logs the given message with the given level.</doc>
<status status="PASS" start="2024-07-03T20:15:46.042070" elapsed="0.000437"/>
</kw>
<kw name="Log" owner="BuiltIn">
<msg time="2024-07-03T20:15:46.042932" level="INFO">gender</msg>
<arg>${key}</arg>
<doc>Logs the given message with the given level.</doc>
<status status="PASS" start="2024-07-03T20:15:46.042804" elapsed="0.000165"/>
</kw>
<var name="${key}">gender</var>
<status status="PASS" start="2024-07-03T20:15:46.041330" elapsed="0.001860"/>
</iter>
<iter>
<kw name="Dictionary Should Contain Key" owner="Collections">
<arg>${json_data['results'][0]}</arg>
<arg>${key}</arg>
<doc>Fails if ``key`` is not found from ``dictionary``.</doc>
<status status="PASS" start="2024-07-03T20:15:46.043495" elapsed="0.000392"/>
</kw>
<kw name="Log" owner="BuiltIn">
<msg time="2024-07-03T20:15:46.044411" level="INFO">{'gender': 'male', 'name': {'title': 'Mr', 'first': 'Nassir', 'last': 'Bekema'}, 'location': {'street': {'number': 536, 'name': 'Israelsstraat'}, 'city': 'Loenen Gld', 'state': 'Zuid-Holland', 'country': 'Netherlands', 'postcode': '2416 NA', 'coordinates': {'latitude': '33.8360', 'longitude': '-40.2927'}, 'timezone': {'offset': '+6:00', 'description': 'Almaty, Dhaka, Colombo'}}, 'email': 'nassir.bekema@example.com', 'login': {'uuid': 'a0c0c7f4-3151-4509-9dec-3a24e3a75b08', 'username': 'tinyrabbit272', 'password': 'stang', 'salt': 'ofvgwbJt', 'md5': 'b2258385c07acb57ddf029a66896037e', 'sha1': 'd17c6e84203fb811b88cd8db5d89127a8b3a7031', 'sha256': '28b128be38d034593e56e8a73b64baed737b91f5a2362bfb0f5f64cf65f41501'}, 'dob': {'date': '1982-01-11T09:08:45.008Z', 'age': 42}, 'registered': {'date': '2005-03-26T15:44:38.718Z', 'age': 19}, 'phone': '(082) 6437054', 'cell': '(06) 08478164', 'id': {'name': 'BSN', 'value': '75165113'}, 'picture': {'large': 'https://randomuser.me/api/portraits/men/28.jpg', 'medium': 'https://randomuser.me/api/portraits/med/men/28.jpg', 'thumbnail': 'https://randomuser.me/api/portraits/thumb/men/28.jpg'}, 'nat': 'NL'}</msg>
<arg>${json_data['results'][0]}</arg>
<doc>Logs the given message with the given level.</doc>
<status status="PASS" start="2024-07-03T20:15:46.044068" elapsed="0.000424"/>
</kw>
<kw name="Log" owner="BuiltIn">
<msg time="2024-07-03T20:15:46.044916" level="INFO">name</msg>
<arg>${key}</arg>
<doc>Logs the given message with the given level.</doc>
<status status="PASS" start="2024-07-03T20:15:46.044790" elapsed="0.000163"/>
</kw>
<var name="${key}">name</var>
<status status="PASS" start="2024-07-03T20:15:46.043382" elapsed="0.001788"/>
</iter>
<iter>
<kw name="Dictionary Should Contain Key" owner="Collections">
<arg>${json_data['results'][0]}</arg>
<arg>${key}</arg>
<doc>Fails if ``key`` is not found from ``dictionary``.</doc>
<status status="PASS" start="2024-07-03T20:15:46.045457" elapsed="0.000376"/>
</kw>
<kw name="Log" owner="BuiltIn">
<msg time="2024-07-03T20:15:46.046419" level="INFO">{'gender': 'male', 'name': {'title': 'Mr', 'first': 'Nassir', 'last': 'Bekema'}, 'location': {'street': {'number': 536, 'name': 'Israelsstraat'}, 'city': 'Loenen Gld', 'state': 'Zuid-Holland', 'country': 'Netherlands', 'postcode': '2416 NA', 'coordinates': {'latitude': '33.8360', 'longitude': '-40.2927'}, 'timezone': {'offset': '+6:00', 'description': 'Almaty, Dhaka, Colombo'}}, 'email': 'nassir.bekema@example.com', 'login': {'uuid': 'a0c0c7f4-3151-4509-9dec-3a24e3a75b08', 'username': 'tinyrabbit272', 'password': 'stang', 'salt': 'ofvgwbJt', 'md5': 'b2258385c07acb57ddf029a66896037e', 'sha1': 'd17c6e84203fb811b88cd8db5d89127a8b3a7031', 'sha256': '28b128be38d034593e56e8a73b64baed737b91f5a2362bfb0f5f64cf65f41501'}, 'dob': {'date': '1982-01-11T09:08:45.008Z', 'age': 42}, 'registered': {'date': '2005-03-26T15:44:38.718Z', 'age': 19}, 'phone': '(082) 6437054', 'cell': '(06) 08478164', 'id': {'name': 'BSN', 'value': '75165113'}, 'picture': {'large': 'https://randomuser.me/api/portraits/men/28.jpg', 'medium': 'https://randomuser.me/api/portraits/med/men/28.jpg', 'thumbnail': 'https://randomuser.me/api/portraits/thumb/men/28.jpg'}, 'nat': 'NL'}</msg>
<arg>${json_data['results'][0]}</arg>
<doc>Logs the given message with the given level.</doc>
<status status="PASS" start="2024-07-03T20:15:46.046011" elapsed="0.000455"/>
</kw>
<kw name="Log" owner="BuiltIn">
<msg time="2024-07-03T20:15:46.046893" level="INFO">location</msg>
<arg>${key}</arg>
<doc>Logs the given message with the given level.</doc>
<status status="PASS" start="2024-07-03T20:15:46.046766" elapsed="0.000164"/>
</kw>
<var name="${key}">location</var>
<status status="PASS" start="2024-07-03T20:15:46.045348" elapsed="0.001793"/>
</iter>
<iter>
<kw name="Dictionary Should Contain Key" owner="Collections">
<arg>${json_data['results'][0]}</arg>
<arg>${key}</arg>
<doc>Fails if ``key`` is not found from ``dictionary``.</doc>
<status status="PASS" start="2024-07-03T20:15:46.047416" elapsed="0.000383"/>
</kw>
<kw name="Log" owner="BuiltIn">
<msg time="2024-07-03T20:15:46.048323" level="INFO">{'gender': 'male', 'name': {'title': 'Mr', 'first': 'Nassir', 'last': 'Bekema'}, 'location': {'street': {'number': 536, 'name': 'Israelsstraat'}, 'city': 'Loenen Gld', 'state': 'Zuid-Holland', 'country': 'Netherlands', 'postcode': '2416 NA', 'coordinates': {'latitude': '33.8360', 'longitude': '-40.2927'}, 'timezone': {'offset': '+6:00', 'description': 'Almaty, Dhaka, Colombo'}}, 'email': 'nassir.bekema@example.com', 'login': {'uuid': 'a0c0c7f4-3151-4509-9dec-3a24e3a75b08', 'username': 'tinyrabbit272', 'password': 'stang', 'salt': 'ofvgwbJt', 'md5': 'b2258385c07acb57ddf029a66896037e', 'sha1': 'd17c6e84203fb811b88cd8db5d89127a8b3a7031', 'sha256': '28b128be38d034593e56e8a73b64baed737b91f5a2362bfb0f5f64cf65f41501'}, 'dob': {'date': '1982-01-11T09:08:45.008Z', 'age': 42}, 'registered': {'date': '2005-03-26T15:44:38.718Z', 'age': 19}, 'phone': '(082) 6437054', 'cell': '(06) 08478164', 'id': {'name': 'BSN', 'value': '75165113'}, 'picture': {'large': 'https://randomuser.me/api/portraits/men/28.jpg', 'medium': 'https://randomuser.me/api/portraits/med/men/28.jpg', 'thumbnail': 'https://randomuser.me/api/portraits/thumb/men/28.jpg'}, 'nat': 'NL'}</msg>
<arg>${json_data['results'][0]}</arg>
<doc>Logs the given message with the given level.</doc>
<status status="PASS" start="2024-07-03T20:15:46.047977" elapsed="0.000392"/>
</kw>
<kw name="Log" owner="BuiltIn">
<msg time="2024-07-03T20:15:46.048787" level="INFO">email</msg>
<arg>${key}</arg>
<doc>Logs the given message with the given level.</doc>
<status status="PASS" start="2024-07-03T20:15:46.048662" elapsed="0.000163"/>
</kw>
<var name="${key}">email</var>
<status status="PASS" start="2024-07-03T20:15:46.047310" elapsed="0.001728"/>
</iter>
<iter>
<kw name="Dictionary Should Contain Key" owner="Collections">
<arg>${json_data['results'][0]}</arg>
<arg>${key}</arg>
<doc>Fails if ``key`` is not found from ``dictionary``.</doc>
<status status="PASS" start="2024-07-03T20:15:46.049314" elapsed="0.000382"/>
</kw>
<kw name="Log" owner="BuiltIn">
<msg time="2024-07-03T20:15:46.050250" level="INFO">{'gender': 'male', 'name': {'title': 'Mr', 'first': 'Nassir', 'last': 'Bekema'}, 'location': {'street': {'number': 536, 'name': 'Israelsstraat'}, 'city': 'Loenen Gld', 'state': 'Zuid-Holland', 'country': 'Netherlands', 'postcode': '2416 NA', 'coordinates': {'latitude': '33.8360', 'longitude': '-40.2927'}, 'timezone': {'offset': '+6:00', 'description': 'Almaty, Dhaka, Colombo'}}, 'email': 'nassir.bekema@example.com', 'login': {'uuid': 'a0c0c7f4-3151-4509-9dec-3a24e3a75b08', 'username': 'tinyrabbit272', 'password': 'stang', 'salt': 'ofvgwbJt', 'md5': 'b2258385c07acb57ddf029a66896037e', 'sha1': 'd17c6e84203fb811b88cd8db5d89127a8b3a7031', 'sha256': '28b128be38d034593e56e8a73b64baed737b91f5a2362bfb0f5f64cf65f41501'}, 'dob': {'date': '1982-01-11T09:08:45.008Z', 'age': 42}, 'registered': {'date': '2005-03-26T15:44:38.718Z', 'age': 19}, 'phone': '(082) 6437054', 'cell': '(06) 08478164', 'id': {'name': 'BSN', 'value': '75165113'}, 'picture': {'large': 'https://randomuser.me/api/portraits/men/28.jpg', 'medium': 'https://randomuser.me/api/portraits/med/men/28.jpg', 'thumbnail': 'https://randomuser.me/api/portraits/thumb/men/28.jpg'}, 'nat': 'NL'}</msg>
<arg>${json_data['results'][0]}</arg>
<doc>Logs the given message with the given level.</doc>
<status status="PASS" start="2024-07-03T20:15:46.049875" elapsed="0.000422"/>
</kw>
<kw name="Log" owner="BuiltIn">
<msg time="2024-07-03T20:15:46.050728" level="INFO">login</msg>
<arg>${key}</arg>
<doc>Logs the given message with the given level.</doc>
<status status="PASS" start="2024-07-03T20:15:46.050603" elapsed="0.000162"/>
</kw>
<var name="${key}">login</var>
<status status="PASS" start="2024-07-03T20:15:46.049203" elapsed="0.001785"/>
</iter>
<var>${key}</var>
<value>@{expected_keys}</value>
<status status="PASS" start="2024-07-03T20:15:46.041121" elapsed="0.009987"/>
</for>
<kw name="Create List" owner="BuiltIn">
<msg time="2024-07-03T20:15:46.051448" level="INFO">${expected_keysTwo} = ['username', 'password']</msg>
<var>${expected_keysTwo}</var>
<arg>username</arg>
<arg>password</arg>
<doc>Returns a list containing given items.</doc>
<status status="PASS" start="2024-07-03T20:15:46.051310" elapsed="0.000161"/>
</kw>
<for flavor="IN">
<iter>
<kw name="Dictionary Should Contain Key" owner="Collections">
<arg>${json_data['results'][0]['login']}</arg>
<arg>${keyTwo}</arg>
<doc>Fails if ``key`` is not found from ``dictionary``.</doc>
<status status="PASS" start="2024-07-03T20:15:46.052005" elapsed="0.000380"/>
</kw>
<kw name="Dictionary Should Contain Key" owner="Collections">
<arg>${json_data['results'][0]['login']}</arg>
<arg>${keyTwo}</arg>
<doc>Fails if ``key`` is not found from ``dictionary``.</doc>
<status status="PASS" start="2024-07-03T20:15:46.052584" elapsed="0.000379"/>
</kw>
<kw name="Log" owner="BuiltIn">
<msg time="2024-07-03T20:15:46.053270" level="INFO">username</msg>
<arg>${keyTwo}</arg>
<doc>Logs the given message with the given level.</doc>
<status status="PASS" start="2024-07-03T20:15:46.053147" elapsed="0.000160"/>
</kw>
<var name="${keyTwo}">username</var>
<status status="PASS" start="2024-07-03T20:15:46.051896" elapsed="0.001630"/>
</iter>
<iter>
<kw name="Dictionary Should Contain Key" owner="Collections">
<arg>${json_data['results'][0]['login']}</arg>
<arg>${keyTwo}</arg>
<doc>Fails if ``key`` is not found from ``dictionary``.</doc>
<status status="PASS" start="2024-07-03T20:15:46.053801" elapsed="0.000406"/>
</kw>
<kw name="Dictionary Should Contain Key" owner="Collections">
<arg>${json_data['results'][0]['login']}</arg>
<arg>${keyTwo}</arg>
<doc>Fails if ``key`` is not found from ``dictionary``.</doc>
<status status="PASS" start="2024-07-03T20:15:46.054403" elapsed="0.000365"/>
</kw>
<kw name="Log" owner="BuiltIn">
<msg time="2024-07-03T20:15:46.055054" level="INFO">password</msg>
<arg>${keyTwo}</arg>
<doc>Logs the given message with the given level.</doc>
<status status="PASS" start="2024-07-03T20:15:46.054939" elapsed="0.000156"/>
</kw>
<var name="${keyTwo}">password</var>
<status status="PASS" start="2024-07-03T20:15:46.053696" elapsed="0.001617"/>
</iter>
<var>${keyTwo}</var>
<value>@{expected_keysTwo}</value>
<status status="PASS" start="2024-07-03T20:15:46.051735" elapsed="0.003696"/>
</for>
<status status="PASS" start="2024-07-03T20:15:45.711740" elapsed="0.343833"/>
</kw>
<doc>Testa a estrutura da resposta da API.</doc>
<tag>testeEstruturaResposta</tag>
<status status="PASS" start="2024-07-03T20:15:45.711173" elapsed="0.344558"/>
</test>
<test id="s1-s1-t4" name="Validar tipos de dados" line="28">
<kw name="Teste de Tipos de Dados" owner="random-user-service">
<kw name="GET On Session" owner="RequestsLibrary">
<msg time="2024-07-03T20:15:46.349925" level="INFO">GET Request : url=https://randomuser.me/api 
 path_url=/api 
 headers={'User-Agent': 'python-requests/2.32.3', 'Accept-Encoding': 'gzip, deflate', 'Accept': '*/*', 'Connection': 'keep-alive'} 
 body=None 
 </msg>
<msg time="2024-07-03T20:15:46.350047" level="INFO">GET Response : url=https://randomuser.me/api 
 status=200, reason=OK 
 headers={'Date': 'Wed, 03 Jul 2024 20:15:46 GMT', 'Content-Type': 'application/json; charset=utf-8', 'Transfer-Encoding': 'chunked', 'Connection': 'keep-alive', 'X-Powered-By': 'Express', 'Access-Control-Allow-Origin': '*', 'Cache-Control': 'no-cache', 'ETag': 'W/"4ab-YlfN+XF4mdfwU6GA/7cRaM+2c1Y"', 'Vary': 'Accept-Encoding', 'Content-Encoding': 'gzip', 'CF-Cache-Status': 'DYNAMIC', 'Report-To': '{"endpoints":[{"url":"https:\\/\\/a.nel.cloudflare.com\\/report\\/v4?s=wGL3Ov9uURqAQhTgrRlZal9eRt9cMVJCGDQlg3Q0E9A4OZT7FxwT%2FYct4b%2BBraq9Nu%2FUzS9j%2BaGVqcdJ1RW%2BF8FL8g2M0jGCXfI4MESCcwT8beoKK1OVNG63Cqhf0ydW"}],"group":"cf-nel","max_age":604800}', 'NEL': '{"success_fraction":0,"report_to":"cf-nel","max_age":604800}', 'Server': 'cloudflare', 'CF-RAY': '89d98ca8e97667b8-SJC', 'alt-svc': 'h3=":443"; ma=86400'} 
 body={"results":[{"gender":"female","name":{"title":"Miss","first":"Soledad","last":"Molina"},"location":{"street":{"number":1459,"name":"Calle de Ferraz"},"city":"Málaga","state":"Comunidad Valenciana","country":"Spain","postcode":30395,"coordinates":{"latitude":"-30.2211","longitude":"11.9768"},"timezone":{"offset":"0:00","description":"Western Europe Time, London, Lisbon, Casablanca"}},"email":"soledad.molina@example.com","login":{"uuid":"e9272789-33f2-4e48-bdb2-eed9bf6ce69f","username":"blacktiger943","password":"raiders","salt":"n8i6sGm3","md5":"34e3941bbb3e1a7d0e8ff5a489d81ec2","sha1":"1cf95471c4976f71aa90bb62ff7fb23d29576c0b","sha256":"c54b15df6586a531a0ae849cdbc140f10a1192ee00bba8b8489e1c0a03399147"},"dob":{"date":"1991-11-25T02:11:38.948Z","age":32},"registered":{"date":"2014-08-30T06:00:37.085Z","age":9},"phone":"994-894-595","cell":"654-922-017","id":{"name":"DNI","value":"54836924-U"},"picture":{"large":"https://randomuser.me/api/portraits/women/71.jpg","medium":"https://randomuser.me/api/portraits/med/women/71.jpg","thumbnail":"https://randomuser.me/api/portraits/thumb/women/71.jpg"},"nat":"ES"}],"info":{"seed":"0e1d3cbea089c9d9","results":1,"page":1,"version":"1.4"}} 
 </msg>
<msg time="2024-07-03T20:15:46.350142" level="INFO">/opt/hostedtoolcache/Python/3.12.4/x64/lib/python3.12/site-packages/urllib3/connectionpool.py:1099: InsecureRequestWarning: Unverified HTTPS request is being made to host 'randomuser.me'. Adding certificate verification is strongly advised. See: https://urllib3.readthedocs.io/en/latest/advanced-usage.html#tls-warnings
  warnings.warn(</msg>
<msg time="2024-07-03T20:15:46.350324" level="INFO">${response} = &lt;Response [200]&gt;</msg>
<var>${response}</var>
<arg>consultarAPI</arg>
<arg>/api</arg>
<doc>Sends a GET request on a previously created HTTP Session.</doc>
<status status="PASS" start="2024-07-03T20:15:46.058368" elapsed="0.292004"/>
</kw>
<kw name="Set Variable" owner="BuiltIn">
<msg time="2024-07-03T20:15:46.351525" level="INFO">${json_data} = {'results': [{'gender': 'female', 'name': {'title': 'Miss', 'first': 'Soledad', 'last': 'Molina'}, 'location': {'street': {'number': 1459, 'name': 'Calle de Ferraz'}, 'city': 'Málaga', 'state': 'Comun...</msg>
<var>${json_data}</var>
<arg>${response.json()}</arg>
<doc>Returns the given values which can then be assigned to a variables.</doc>
<status status="PASS" start="2024-07-03T20:15:46.350968" elapsed="0.000586"/>
</kw>
<kw name="Log" owner="BuiltIn">
<msg time="2024-07-03T20:15:46.352039" level="INFO">{'results': [{'gender': 'female', 'name': {'title': 'Miss', 'first': 'Soledad', 'last': 'Molina'}, 'location': {'street': {'number': 1459, 'name': 'Calle de Ferraz'}, 'city': 'Málaga', 'state': 'Comunidad Valenciana', 'country': 'Spain', 'postcode': 30395, 'coordinates': {'latitude': '-30.2211', 'longitude': '11.9768'}, 'timezone': {'offset': '0:00', 'description': 'Western Europe Time, London, Lisbon, Casablanca'}}, 'email': 'soledad.molina@example.com', 'login': {'uuid': 'e9272789-33f2-4e48-bdb2-eed9bf6ce69f', 'username': 'blacktiger943', 'password': 'raiders', 'salt': 'n8i6sGm3', 'md5': '34e3941bbb3e1a7d0e8ff5a489d81ec2', 'sha1': '1cf95471c4976f71aa90bb62ff7fb23d29576c0b', 'sha256': 'c54b15df6586a531a0ae849cdbc140f10a1192ee00bba8b8489e1c0a03399147'}, 'dob': {'date': '1991-11-25T02:11:38.948Z', 'age': 32}, 'registered': {'date': '2014-08-30T06:00:37.085Z', 'age': 9}, 'phone': '994-894-595', 'cell': '654-922-017', 'id': {'name': 'DNI', 'value': '54836924-U'}, 'picture': {'large': 'https://randomuser.me/api/portraits/women/71.jpg', 'medium': 'https://randomuser.me/api/portraits/med/women/71.jpg', 'thumbnail': 'https://randomuser.me/api/portraits/thumb/women/71.jpg'}, 'nat': 'ES'}], 'info': {'seed': '0e1d3cbea089c9d9', 'results': 1, 'page': 1, 'version': '1.4'}}</msg>
<arg>${json_data}</arg>
<doc>Logs the given message with the given level.</doc>
<status status="PASS" start="2024-07-03T20:15:46.351881" elapsed="0.000208"/>
</kw>
<kw name="Should Be String" owner="String">
<arg>${json_data['results'][0]['gender']}</arg>
<doc>Fails if the given ``item`` is not a string.</doc>
<status status="PASS" start="2024-07-03T20:15:46.352377" elapsed="0.000367"/>
</kw>
<kw name="Should Match Regexp" owner="BuiltIn">
<arg>${json_data['results'][0]['email']}</arg>
<arg>^[a-zA-Z0-9._%+-]+@[a-zA-Z0-9.-]+\.[a-zA-Z]{2,}$</arg>
<doc>Fails if ``string`` does not match ``pattern`` as a regular expression.</doc>
<status status="PASS" start="2024-07-03T20:15:46.352932" elapsed="0.000515"/>
</kw>
<kw name="Should Match Regexp" owner="BuiltIn">
<arg>${json_data['results'][0]['dob']['date']}</arg>
<arg>\\d{4}-\\d{2}-\\d{2}T\\d{2}:\\d{2}:\\d{2}\\.\\d{3}Z</arg>
<doc>Fails if ``string`` does not match ``pattern`` as a regular expression.</doc>
<status status="PASS" start="2024-07-03T20:15:46.353690" elapsed="0.000514"/>
</kw>
<kw name="Should Match Regexp" owner="BuiltIn">
<arg>${json_data['results'][0]['registered']['date']}</arg>
<arg>\\d{4}-\\d{2}-\\d{2}T\\d{2}:\\d{2}:\\d{2}\\.\\d{3}Z</arg>
<doc>Fails if ``string`` does not match ``pattern`` as a regular expression.</doc>
<status status="PASS" start="2024-07-03T20:15:46.354411" elapsed="0.000366"/>
</kw>
<kw name="Should Match Regexp" owner="BuiltIn">
<arg>${json_data['results'][0]['picture']['large']}</arg>
<arg>^https?://.*\.(?:png|jpe?g|gif|bmp)$</arg>
<doc>Fails if ``string`` does not match ``pattern`` as a regular expression.</doc>
<status status="PASS" start="2024-07-03T20:15:46.354959" elapsed="0.000447"/>
</kw>
<kw name="Should Match Regexp" owner="BuiltIn">
<arg>${json_data['results'][0]['picture']['medium']}</arg>
<arg>^https?://.*\.(?:png|jpe?g|gif|bmp)$</arg>
<doc>Fails if ``string`` does not match ``pattern`` as a regular expression.</doc>
<status status="PASS" start="2024-07-03T20:15:46.355591" elapsed="0.000349"/>
</kw>
<kw name="Should Match Regexp" owner="BuiltIn">
<arg>${json_data['results'][0]['picture']['thumbnail']}</arg>
<arg>^https?://.*\.(?:png|jpe?g|gif|bmp)$</arg>
<doc>Fails if ``string`` does not match ``pattern`` as a regular expression.</doc>
<status status="PASS" start="2024-07-03T20:15:46.356118" elapsed="0.000341"/>
</kw>
<kw name="Log" owner="BuiltIn">
<msg time="2024-07-03T20:15:46.356966" level="INFO">{'large': 'https://randomuser.me/api/portraits/women/71.jpg', 'medium': 'https://randomuser.me/api/portraits/med/women/71.jpg', 'thumbnail': 'https://randomuser.me/api/portraits/thumb/women/71.jpg'}</msg>
<arg>${json_data['results'][0]['picture']}</arg>
<doc>Logs the given message with the given level.</doc>
<status status="PASS" start="2024-07-03T20:15:46.356637" elapsed="0.000372"/>
</kw>
<status status="PASS" start="2024-07-03T20:15:46.058116" elapsed="0.299158"/>
</kw>
<kw name="Teste de Tipos de Dados - Postcode" owner="random-user-service">
<kw name="GET On Session" owner="RequestsLibrary">
<msg time="2024-07-03T20:15:46.657162" level="INFO">GET Request : url=https://randomuser.me/api 
 path_url=/api 
 headers={'User-Agent': 'python-requests/2.32.3', 'Accept-Encoding': 'gzip, deflate', 'Accept': '*/*', 'Connection': 'keep-alive'} 
 body=None 
 </msg>
<msg time="2024-07-03T20:15:46.657270" level="INFO">GET Response : url=https://randomuser.me/api 
 status=200, reason=OK 
 headers={'Date': 'Wed, 03 Jul 2024 20:15:46 GMT', 'Content-Type': 'application/json; charset=utf-8', 'Transfer-Encoding': 'chunked', 'Connection': 'keep-alive', 'X-Powered-By': 'Express', 'Access-Control-Allow-Origin': '*', 'Cache-Control': 'no-cache', 'ETag': 'W/"4aa-DsCulFJjZVKL1lJyowr9EFQzba8"', 'Vary': 'Accept-Encoding', 'Content-Encoding': 'gzip', 'CF-Cache-Status': 'DYNAMIC', 'Report-To': '{"endpoints":[{"url":"https:\\/\\/a.nel.cloudflare.com\\/report\\/v4?s=5Visd3r3wgMs4vbWUI37KEZudmXmY41V15VeRJofgjt%2FyUARK%2Fby%2F6mZWweIA0UxNIKSaQjhWYY%2FMJIVXzNojj52hum7mBFYdzOg0HmGEzXWUmf3eDL50oqbsgLFNPm3"}],"group":"cf-nel","max_age":604800}', 'NEL': '{"success_fraction":0,"report_to":"cf-nel","max_age":604800}', 'Server': 'cloudflare', 'CF-RAY': '89d98caacad367b8-SJC', 'alt-svc': 'h3=":443"; ma=86400'} 
 body={"results":[{"gender":"female","name":{"title":"Madame","first":"Fatima","last":"Andre"},"location":{"street":{"number":5215,"name":"Rue de L'Abbé-Soulange-Bodin"},"city":"Croy","state":"Uri","country":"Switzerland","postcode":2270,"coordinates":{"latitude":"-56.2374","longitude":"5.2437"},"timezone":{"offset":"-4:00","description":"Atlantic Time (Canada), Caracas, La Paz"}},"email":"fatima.andre@example.com","login":{"uuid":"50d4893d-92fd-4feb-8ac4-d5396c2f24b7","username":"brownswan411","password":"shearer","salt":"i9294TUO","md5":"d19b565bb13ba9dd319fe5c803e06e10","sha1":"9b2fe911993a4ec60f4ff1ba5711900c14c5289b","sha256":"5cda71d34dcd9ef9d0c5e2266846c70d42531a2d7e3f1dbbaf8f25c32aa621f4"},"dob":{"date":"1955-08-04T10:28:11.445Z","age":68},"registered":{"date":"2014-06-11T22:34:28.943Z","age":10},"phone":"079 127 48 20","cell":"077 026 50 22","id":{"name":"AVS","value":"756.5922.8255.83"},"picture":{"large":"https://randomuser.me/api/portraits/women/42.jpg","medium":"https://randomuser.me/api/portraits/med/women/42.jpg","thumbnail":"https://randomuser.me/api/portraits/thumb/women/42.jpg"},"nat":"CH"}],"info":{"seed":"5d954c198d565ce7","results":1,"page":1,"version":"1.4"}} 
 </msg>
<msg time="2024-07-03T20:15:46.657351" level="INFO">/opt/hostedtoolcache/Python/3.12.4/x64/lib/python3.12/site-packages/urllib3/connectionpool.py:1099: InsecureRequestWarning: Unverified HTTPS request is being made to host 'randomuser.me'. Adding certificate verification is strongly advised. See: https://urllib3.readthedocs.io/en/latest/advanced-usage.html#tls-warnings
  warnings.warn(</msg>
<msg time="2024-07-03T20:15:46.657475" level="INFO">${response} = &lt;Response [200]&gt;</msg>
<var>${response}</var>
<arg>consultarAPI</arg>
<arg>/api</arg>
<doc>Sends a GET request on a previously created HTTP Session.</doc>
<status status="PASS" start="2024-07-03T20:15:46.357740" elapsed="0.299779"/>
</kw>
<kw name="Set Variable" owner="BuiltIn">
<msg time="2024-07-03T20:15:46.658613" level="INFO">${json_data} = {'results': [{'gender': 'female', 'name': {'title': 'Madame', 'first': 'Fatima', 'last': 'Andre'}, 'location': {'street': {'number': 5215, 'name': "Rue de L'Abbé-Soulange-Bodin"}, 'city': 'Croy', 'sta...</msg>
<var>${json_data}</var>
<arg>${response.json()}</arg>
<doc>Returns the given values which can then be assigned to a variables.</doc>
<status status="PASS" start="2024-07-03T20:15:46.658049" elapsed="0.000593"/>
</kw>
<kw name="Log" owner="BuiltIn">
<msg time="2024-07-03T20:15:46.659111" level="INFO">{'results': [{'gender': 'female', 'name': {'title': 'Madame', 'first': 'Fatima', 'last': 'Andre'}, 'location': {'street': {'number': 5215, 'name': "Rue de L'Abbé-Soulange-Bodin"}, 'city': 'Croy', 'state': 'Uri', 'country': 'Switzerland', 'postcode': 2270, 'coordinates': {'latitude': '-56.2374', 'longitude': '5.2437'}, 'timezone': {'offset': '-4:00', 'description': 'Atlantic Time (Canada), Caracas, La Paz'}}, 'email': 'fatima.andre@example.com', 'login': {'uuid': '50d4893d-92fd-4feb-8ac4-d5396c2f24b7', 'username': 'brownswan411', 'password': 'shearer', 'salt': 'i9294TUO', 'md5': 'd19b565bb13ba9dd319fe5c803e06e10', 'sha1': '9b2fe911993a4ec60f4ff1ba5711900c14c5289b', 'sha256': '5cda71d34dcd9ef9d0c5e2266846c70d42531a2d7e3f1dbbaf8f25c32aa621f4'}, 'dob': {'date': '1955-08-04T10:28:11.445Z', 'age': 68}, 'registered': {'date': '2014-06-11T22:34:28.943Z', 'age': 10}, 'phone': '079 127 48 20', 'cell': '077 026 50 22', 'id': {'name': 'AVS', 'value': '756.5922.8255.83'}, 'picture': {'large': 'https://randomuser.me/api/portraits/women/42.jpg', 'medium': 'https://randomuser.me/api/portraits/med/women/42.jpg', 'thumbnail': 'https://randomuser.me/api/portraits/thumb/women/42.jpg'}, 'nat': 'CH'}], 'info': {'seed': '5d954c198d565ce7', 'results': 1, 'page': 1, 'version': '1.4'}}</msg>
<arg>${json_data}</arg>
<doc>Logs the given message with the given level.</doc>
<status status="PASS" start="2024-07-03T20:15:46.658950" elapsed="0.000210"/>
</kw>
<kw name="Should Be Equal As Numbers" owner="BuiltIn">
<arg>${json_data['results'][0]['location']['postcode']}</arg>
<arg>${json_data['results'][0]['location']['postcode']}</arg>
<doc>Fails if objects are unequal after converting them to real numbers.</doc>
<status status="PASS" start="2024-07-03T20:15:46.659449" elapsed="0.000631"/>
</kw>
<kw name="Log" owner="BuiltIn">
<msg time="2024-07-03T20:15:46.660592" level="INFO">2270</msg>
<arg>${json_data['results'][0]['location']['postcode']}</arg>
<doc>Logs the given message with the given level.</doc>
<status status="PASS" start="2024-07-03T20:15:46.660264" elapsed="0.000367"/>
</kw>
<status status="PASS" start="2024-07-03T20:15:46.357504" elapsed="0.303408"/>
</kw>
<doc>Testa se os tipos de dados na resposta da API estão corretos.</doc>
<tag>testeTiposDados</tag>
<status status="PASS" start="2024-07-03T20:15:46.057502" elapsed="0.603579"/>
</test>
<test id="s1-s1-t5" name="Validar conteudo" line="35">
<kw name="Teste de Tipos de Conteudo" owner="random-user-service">
<kw name="GET On Session" owner="RequestsLibrary">
<msg time="2024-07-03T20:15:46.770147" level="INFO">GET Request : url=https://randomuser.me/api 
 path_url=/api 
 headers={'User-Agent': 'python-requests/2.32.3', 'Accept-Encoding': 'gzip, deflate', 'Accept': '*/*', 'Connection': 'keep-alive'} 
 body=None 
 </msg>
<msg time="2024-07-03T20:15:46.770283" level="INFO">GET Response : url=https://randomuser.me/api 
 status=200, reason=OK 
 headers={'Date': 'Wed, 03 Jul 2024 20:15:46 GMT', 'Content-Type': 'application/json; charset=utf-8', 'Transfer-Encoding': 'chunked', 'Connection': 'keep-alive', 'X-Powered-By': 'Express', 'Access-Control-Allow-Origin': '*', 'Cache-Control': 'no-cache', 'ETag': 'W/"47d-HKd6rxpO17kfBGFu6kT3zDlaTz8"', 'Vary': 'Accept-Encoding', 'Content-Encoding': 'gzip', 'CF-Cache-Status': 'DYNAMIC', 'Report-To': '{"endpoints":[{"url":"https:\\/\\/a.nel.cloudflare.com\\/report\\/v4?s=EIXrogggZg2X030QbsuVU22YarXxPqw3mwVQq%2FxDy0klwFf0GEhLtCTAoRcMOZhoiCTsWn3LaN7itLQjjdN9y9T8vq%2F8Gpy9g77vXpwuk%2FcRRf303vbQk57veS%2BBsdVo"}],"group":"cf-nel","max_age":604800}', 'NEL': '{"success_fraction":0,"report_to":"cf-nel","max_age":604800}', 'Server': 'cloudflare', 'CF-RAY': '89d98cacac2467b8-SJC', 'alt-svc': 'h3=":443"; ma=86400'} 
 body={"results":[{"gender":"male","name":{"title":"Mr","first":"Edgar","last":"Wade"},"location":{"street":{"number":5814,"name":"Albert Road"},"city":"Balbriggan","state":"South Dublin","country":"Ireland","postcode":38888,"coordinates":{"latitude":"1.5792","longitude":"-97.2275"},"timezone":{"offset":"+7:00","description":"Bangkok, Hanoi, Jakarta"}},"email":"edgar.wade@example.com","login":{"uuid":"4ed901d5-ddc9-421d-ab9f-8bcb9d5f161f","username":"organiczebra569","password":"predator","salt":"1YWJjgYh","md5":"13d87876d4405fa44886bbb87c9ab018","sha1":"b0d95625aa15a36f55cac80ed415554c7440ad28","sha256":"b7fd44d4dbc3ba3441c61e88e1fdf3fd6ddfc8139924035701932a09c61b1562"},"dob":{"date":"1984-11-06T19:15:29.012Z","age":39},"registered":{"date":"2018-07-18T08:45:14.387Z","age":5},"phone":"051-839-0419","cell":"081-271-5972","id":{"name":"PPS","value":"6352468T"},"picture":{"large":"https://randomuser.me/api/portraits/men/70.jpg","medium":"https://randomuser.me/api/portraits/med/men/70.jpg","thumbnail":"https://randomuser.me/api/portraits/thumb/men/70.jpg"},"nat":"IE"}],"info":{"seed":"07a9783bcfa010a3","results":1,"page":1,"version":"1.4"}} 
 </msg>
<msg time="2024-07-03T20:15:46.770367" level="INFO">/opt/hostedtoolcache/Python/3.12.4/x64/lib/python3.12/site-packages/urllib3/connectionpool.py:1099: InsecureRequestWarning: Unverified HTTPS request is being made to host 'randomuser.me'. Adding certificate verification is strongly advised. See: https://urllib3.readthedocs.io/en/latest/advanced-usage.html#tls-warnings
  warnings.warn(</msg>
<msg time="2024-07-03T20:15:46.770475" level="INFO">${response} = &lt;Response [200]&gt;</msg>
<var>${response}</var>
<arg>consultarAPI</arg>
<arg>/api</arg>
<doc>Sends a GET request on a previously created HTTP Session.</doc>
<status status="PASS" start="2024-07-03T20:15:46.664135" elapsed="0.106377"/>
</kw>
<kw name="Set Variable" owner="BuiltIn">
<msg time="2024-07-03T20:15:46.771412" level="INFO">${json_data} = {'results': [{'gender': 'male', 'name': {'title': 'Mr', 'first': 'Edgar', 'last': 'Wade'}, 'location': {'street': {'number': 5814, 'name': 'Albert Road'}, 'city': 'Balbriggan', 'state': 'South Dublin'...</msg>
<var>${json_data}</var>
<arg>${response.json()}</arg>
<doc>Returns the given values which can then be assigned to a variables.</doc>
<status status="PASS" start="2024-07-03T20:15:46.770944" elapsed="0.000496"/>
</kw>
<kw name="Set Variable" owner="BuiltIn">
<msg time="2024-07-03T20:15:46.772113" level="INFO">${name_title} = Mr</msg>
<var>${name_title}</var>
<arg>${json_data["results"][0]["name"]["title"]}</arg>
<doc>Returns the given values which can then be assigned to a variables.</doc>
<status status="PASS" start="2024-07-03T20:15:46.771737" elapsed="0.000401"/>
</kw>
<kw name="Create List" owner="BuiltIn">
<msg time="2024-07-03T20:15:46.772575" level="INFO">${allowed_titles} = ['Mr', 'Ms', 'Miss', 'Mrs', 'Madame', 'Monsieur']</msg>
<var>${allowed_titles}</var>
<arg>Mr</arg>
<arg>Ms</arg>
<arg>Miss</arg>
<arg>Mrs</arg>
<arg>Madame</arg>
<arg>Monsieur</arg>
<doc>Returns a list containing given items.</doc>
<status status="PASS" start="2024-07-03T20:15:46.772428" elapsed="0.000171"/>
</kw>
<kw name="List Should Contain Value" owner="Collections">
<arg>${allowed_titles}</arg>
<arg>${name_title}</arg>
<doc>Fails if the ``value`` is not found from ``list``.</doc>
<status status="PASS" start="2024-07-03T20:15:46.772889" elapsed="0.000173"/>
</kw>
<kw name="Set Variable" owner="BuiltIn">
<msg time="2024-07-03T20:15:46.773594" level="INFO">${name_country} = IE</msg>
<var>${name_country}</var>
<arg>${json_data["results"][0]["nat"]}</arg>
<doc>Returns the given values which can then be assigned to a variables.</doc>
<status status="PASS" start="2024-07-03T20:15:46.773237" elapsed="0.000381"/>
</kw>
<kw name="Create List" owner="BuiltIn">
<msg time="2024-07-03T20:15:46.774533" level="INFO">${list_country} = ['AD', 'AE', 'AF', 'AG', 'AI', 'AL', 'AM', 'AO', 'AQ', 'AR', 'AS', 'AT', 'AU', 'AW', 'AX', 'AZ', 'BA', 'BB', 'BD', 'BE', 'BF', 'BG', 'BH', 'BI', 'BJ', 'BL', 'BM', 'BN', 'BO', 'BQ', 'BR', 'BS', 'BT', '...</msg>
<var>${list_country}</var>
<arg>AD</arg>
<arg>AE</arg>
<arg>AF</arg>
<arg>AG</arg>
<arg>AI</arg>
<arg>AL</arg>
<arg>AM</arg>
<arg>AO</arg>
<arg>AQ</arg>
<arg>AR</arg>
<arg>AS</arg>
<arg>AT</arg>
<arg>AU</arg>
<arg>AW</arg>
<arg>AX</arg>
<arg>AZ</arg>
<arg>BA</arg>
<arg>BB</arg>
<arg>BD</arg>
<arg>BE</arg>
<arg>BF</arg>
<arg>BG</arg>
<arg>BH</arg>
<arg>BI</arg>
<arg>BJ</arg>
<arg>BL</arg>
<arg>BM</arg>
<arg>BN</arg>
<arg>BO</arg>
<arg>BQ</arg>
<arg>BR</arg>
<arg>BS</arg>
<arg>BT</arg>
<arg>BV</arg>
<arg>BW</arg>
<arg>BY</arg>
<arg>BZ</arg>
<arg>CA</arg>
<arg>CC</arg>
<arg>CD</arg>
<arg>CF</arg>
<arg>CG</arg>
<arg>CH</arg>
<arg>CI</arg>
<arg>CK</arg>
<arg>CL</arg>
<arg>CM</arg>
<arg>CN</arg>
<arg>CO</arg>
<arg>CR</arg>
<arg>CU</arg>
<arg>CV</arg>
<arg>CW</arg>
<arg>CX</arg>
<arg>CY</arg>
<arg>CZ</arg>
<arg>DE</arg>
<arg>DJ</arg>
<arg>DK</arg>
<arg>DM</arg>
<arg>DO</arg>
<arg>DZ</arg>
<arg>EC</arg>
<arg>EE</arg>
<arg>EG</arg>
<arg>EH</arg>
<arg>ER</arg>
<arg>ES</arg>
<arg>ET</arg>
<arg>FI</arg>
<arg>FJ</arg>
<arg>FK</arg>
<arg>FM</arg>
<arg>FO</arg>
<arg>FR</arg>
<arg>GA</arg>
<arg>GB</arg>
<arg>GD</arg>
<arg>GE</arg>
<arg>GF</arg>
<arg>GG</arg>
<arg>GH</arg>
<arg>GI</arg>
<arg>GL</arg>
<arg>GM</arg>
<arg>GN</arg>
<arg>GP</arg>
<arg>GQ</arg>
<arg>GR</arg>
<arg>GS</arg>
<arg>GT</arg>
<arg>GU</arg>
<arg>GW</arg>
<arg>GY</arg>
<arg>HK</arg>
<arg>HM</arg>
<arg>HN</arg>
<arg>HR</arg>
<arg>HT</arg>
<arg>HU</arg>
<arg>ID</arg>
<arg>IE</arg>
<arg>IL</arg>
<arg>IM</arg>
<arg>IN</arg>
<arg>IO</arg>
<arg>IQ</arg>
<arg>IR</arg>
<arg>IS</arg>
<arg>IT</arg>
<arg>JE</arg>
<arg>JM</arg>
<arg>JO</arg>
<arg>JP</arg>
<arg>KE</arg>
<arg>KG</arg>
<arg>KH</arg>
<arg>KI</arg>
<arg>KM</arg>
<arg>KN</arg>
<arg>KP</arg>
<arg>KR</arg>
<arg>KW</arg>
<arg>KY</arg>
<arg>KZ</arg>
<arg>LA</arg>
<arg>LB</arg>
<arg>LC</arg>
<arg>LI</arg>
<arg>LK</arg>
<arg>LR</arg>
<arg>LS</arg>
<arg>LT</arg>
<arg>LU</arg>
<arg>LV</arg>
<arg>LY</arg>
<arg>MA</arg>
<arg>MC</arg>
<arg>MD</arg>
<arg>ME</arg>
<arg>MF</arg>
<arg>MG</arg>
<arg>MH</arg>
<arg>MK</arg>
<arg>ML</arg>
<arg>MM</arg>
<arg>MN</arg>
<arg>MO</arg>
<arg>MP</arg>
<arg>MQ</arg>
<arg>MR</arg>
<arg>MS</arg>
<arg>MT</arg>
<arg>MU</arg>
<arg>MV</arg>
<arg>MW</arg>
<arg>MX</arg>
<arg>MY</arg>
<arg>MZ</arg>
<arg>NA</arg>
<arg>NC</arg>
<arg>NE</arg>
<arg>NF</arg>
<arg>NG</arg>
<arg>NI</arg>
<arg>NL</arg>
<arg>NO</arg>
<arg>NP</arg>
<arg>NR</arg>
<arg>NU</arg>
<arg>NZ</arg>
<arg>OM</arg>
<arg>PA</arg>
<arg>PE</arg>
<arg>PF</arg>
<arg>PG</arg>
<arg>PH</arg>
<arg>PK</arg>
<arg>PL</arg>
<arg>PM</arg>
<arg>PN</arg>
<arg>PR</arg>
<arg>PS</arg>
<arg>PT</arg>
<arg>PW</arg>
<arg>PY</arg>
<arg>QA</arg>
<arg>RE</arg>
<arg>RO</arg>
<arg>RS</arg>
<arg>RU</arg>
<arg>RW</arg>
<arg>SA</arg>
<arg>SB</arg>
<arg>SC</arg>
<arg>SD</arg>
<arg>SE</arg>
<arg>SG</arg>
<arg>SH</arg>
<arg>SI</arg>
<arg>SJ</arg>
<arg>SK</arg>
<arg>SL</arg>
<arg>SM</arg>
<arg>SN</arg>
<arg>SO</arg>
<arg>SR</arg>
<arg>SS</arg>
<arg>ST</arg>
<arg>SV</arg>
<arg>SX</arg>
<arg>SY</arg>
<arg>SZ</arg>
<arg>TC</arg>
<arg>TD</arg>
<arg>TF</arg>
<arg>TG</arg>
<arg>TH</arg>
<arg>TJ</arg>
<arg>TK</arg>
<arg>TL</arg>
<arg>TM</arg>
<arg>TN</arg>
<arg>TO</arg>
<arg>TR</arg>
<arg>TT</arg>
<arg>TV</arg>
<arg>TW</arg>
<arg>TZ</arg>
<arg>UA</arg>
<arg>UG</arg>
<arg>UM</arg>
<arg>US</arg>
<arg>UY</arg>
<arg>UZ</arg>
<arg>VA</arg>
<arg>VC</arg>
<arg>VE</arg>
<arg>VG</arg>
<arg>VI</arg>
<arg>VN</arg>
<arg>VU</arg>
<arg>WF</arg>
<arg>WS</arg>
<arg>XK</arg>
<arg>YE</arg>
<arg>YT</arg>
<arg>ZA</arg>
<arg>ZM</arg>
<arg>ZW</arg>
<doc>Returns a list containing given items.</doc>
<status status="PASS" start="2024-07-03T20:15:46.773904" elapsed="0.000654"/>
</kw>
<kw name="List Should Contain Value" owner="Collections">
<arg>${list_country}</arg>
<arg>${name_country}</arg>
<doc>Fails if the ``value`` is not found from ``list``.</doc>
<status status="PASS" start="2024-07-03T20:15:46.775352" elapsed="0.000199"/>
</kw>
<kw name="Run Keyword If" owner="BuiltIn">
<kw name="Should Be True" owner="BuiltIn">
<arg>${True}</arg>
<doc>Fails if the given condition is not true.</doc>
<status status="PASS" start="2024-07-03T20:15:46.776472" elapsed="0.000141"/>
</kw>
<arg>${json_data["results"][0]["location"]["coordinates"]["latitude"]} &gt;= -90 and ${json_data["results"][0]["location"]["coordinates"]["latitude"]} &lt;= 90</arg>
<arg>Should Be True</arg>
<arg>${True}</arg>
<doc>Runs the given keyword with the given arguments, if ``condition`` is true.</doc>
<status status="PASS" start="2024-07-03T20:15:46.775743" elapsed="0.000991"/>
</kw>
<kw name="Run Keyword If" owner="BuiltIn">
<kw name="Should Be True" owner="BuiltIn">
<arg>${True}</arg>
<doc>Fails if the given condition is not true.</doc>
<status status="PASS" start="2024-07-03T20:15:46.777590" elapsed="0.000134"/>
</kw>
<arg>${json_data["results"][0]["location"]["coordinates"]["longitude"]} &gt;= -180 and ${json_data["results"][0]["location"]["coordinates"]["longitude"]} &lt;= 180</arg>
<arg>Should Be True</arg>
<arg>${True}</arg>
<doc>Runs the given keyword with the given arguments, if ``condition`` is true.</doc>
<status status="PASS" start="2024-07-03T20:15:46.776910" elapsed="0.000933"/>
</kw>
<status status="PASS" start="2024-07-03T20:15:46.663543" elapsed="0.114427"/>
</kw>
<doc>Testa o conteúdo específico dos campos retornados pela API.</doc>
<tag>testeConteudo</tag>
<status status="PASS" start="2024-07-03T20:15:46.662893" elapsed="0.115225"/>
</test>
<status status="PASS" start="2024-07-03T20:15:44.988858" elapsed="1.791213"/>
</suite>
<status status="PASS" start="2024-07-03T20:15:44.974733" elapsed="1.810435"/>
</suite>
<statistics>
<total>
<stat pass="5" fail="0" skip="0">All Tests</stat>
</total>
<tag>
<stat pass="1" fail="0" skip="0">testeConteudo</stat>
<stat pass="1" fail="0" skip="0">testeEstruturaResposta</stat>
<stat pass="1" fail="0" skip="0">testeRequisicaoBasica</stat>
<stat pass="1" fail="0" skip="0">testeTiposDados</stat>
</tag>
<suite>
<stat pass="5" fail="0" skip="0" id="s1" name="Tests">Tests</stat>
<stat pass="5" fail="0" skip="0" id="s1-s1" name="Random-User-Test">Tests.Random-User-Test</stat>
</suite>
</statistics>
<errors>
</errors>
</robot>
