<?xml version="1.0" encoding="UTF-8"?>
<robot generator="Robot 7.0.1 (Python 3.12.4 on linux)" generated="2024-07-18T02:32:56.708001" rpa="false" schemaversion="5">
<suite id="s1" name="Tests" source="/home/runner/work/ApiRandomUser/ApiRandomUser/RamdonUser/tests">
<suite id="s1-s1" name="Random-User-Test" source="/home/runner/work/ApiRandomUser/ApiRandomUser/RamdonUser/tests/random-user-test.robot">
<test id="s1-s1-t1" name="Conectar" line="13">
<kw name="Conectar API" owner="random-user-service">
<kw name="Create Session" owner="RequestsLibrary">
<msg time="2024-07-18T02:32:57.102301" level="INFO">Creating Session using : alias=consultarAPI, url=https://randomuser.me/, headers={},                     cookies={}, auth=None, timeout=None, proxies=None, verify=False,                     debug=0 </msg>
<arg>consultarAPI</arg>
<arg>${URL}</arg>
<doc>Create Session: create a HTTP session to a server</doc>
<status status="PASS" start="2024-07-18T02:32:57.102057" elapsed="0.000428"/>
</kw>
<status status="PASS" start="2024-07-18T02:32:57.100972" elapsed="0.001880"/>
</kw>
<status status="PASS" start="2024-07-18T02:32:57.100299" elapsed="0.002761"/>
</test>
<test id="s1-s1-t2" name="Validar retorno 200 e JSON Válido" line="16">
<kw name="Teste de Requisicao Basica" owner="random-user-service">
<kw name="GET On Session" owner="RequestsLibrary">
<msg time="2024-07-18T02:32:57.290672" level="INFO">GET Request : url=https://randomuser.me/api 
 path_url=/api 
 headers={'User-Agent': 'python-requests/2.32.3', 'Accept-Encoding': 'gzip, deflate', 'Accept': '*/*', 'Connection': 'keep-alive'} 
 body=None 
 </msg>
<msg time="2024-07-18T02:32:57.290853" level="INFO">GET Response : url=https://randomuser.me/api 
 status=200, reason=OK 
 headers={'Date': 'Thu, 18 Jul 2024 02:32:57 GMT', 'Content-Type': 'application/json; charset=utf-8', 'Transfer-Encoding': 'chunked', 'Connection': 'keep-alive', 'X-Powered-By': 'Express', 'Access-Control-Allow-Origin': '*', 'Cache-Control': 'no-cache', 'ETag': 'W/"4a1-5X8o5nuOHK1juphfvoEacvLyZ6U"', 'Vary': 'Accept-Encoding', 'Content-Encoding': 'gzip', 'CF-Cache-Status': 'DYNAMIC', 'Report-To': '{"endpoints":[{"url":"https:\\/\\/a.nel.cloudflare.com\\/report\\/v4?s=tRF7Gj4IL%2FgtlP3mMw53bUmCRgGnncdP4siuIdqosYuXep%2FeReP4ipsCNXlHg%2FxZGeDRDYfpafPVrEL4filmpUhgCTHQOSh6NWMt5d5CLpY8vdLxjKn8fucJGOsJNabb"}],"group":"cf-nel","max_age":604800}', 'NEL': '{"success_fraction":0,"report_to":"cf-nel","max_age":604800}', 'Server': 'cloudflare', 'CF-RAY': '8a4f106d290867d0-SJC', 'alt-svc': 'h3=":443"; ma=86400'} 
 body={"results":[{"gender":"male","name":{"title":"Mr","first":"Tjitte","last":"Boerstra"},"location":{"street":{"number":1360,"name":"Dr Hoijngstraat"},"city":"Winterswijk Henxel","state":"Overijssel","country":"Netherlands","postcode":"9704 AR","coordinates":{"latitude":"31.7551","longitude":"-170.4756"},"timezone":{"offset":"+1:00","description":"Brussels, Copenhagen, Madrid, Paris"}},"email":"tjitte.boerstra@example.com","login":{"uuid":"e1727faf-b8a0-4ea4-a7d2-7624adedf2fe","username":"tinydog528","password":"joke","salt":"SFPc5Qrl","md5":"00390ff5f2bd4e5b939926cd11c06633","sha1":"ce072752080027020ae33b40d8aa2433aafe9676","sha256":"5edc745d7321f908a02e5403869a38add7cda4d8ade41a9d413e757f223e2049"},"dob":{"date":"1968-04-14T07:25:36.120Z","age":56},"registered":{"date":"2004-10-29T13:05:29.811Z","age":19},"phone":"(068) 9891988","cell":"(06) 60445206","id":{"name":"BSN","value":"18262364"},"picture":{"large":"https://randomuser.me/api/portraits/men/30.jpg","medium":"https://randomuser.me/api/portraits/med/men/30.jpg","thumbnail":"https://randomuser.me/api/portraits/thumb/men/30.jpg"},"nat":"NL"}],"info":{"seed":"5829e164a357b599","results":1,"page":1,"version":"1.4"}} 
 </msg>
<msg time="2024-07-18T02:32:57.290950" level="INFO">/opt/hostedtoolcache/Python/3.12.4/x64/lib/python3.12/site-packages/urllib3/connectionpool.py:1099: InsecureRequestWarning: Unverified HTTPS request is being made to host 'randomuser.me'. Adding certificate verification is strongly advised. See: https://urllib3.readthedocs.io/en/latest/advanced-usage.html#tls-warnings
  warnings.warn(</msg>
<msg time="2024-07-18T02:32:57.291121" level="INFO">${response} = &lt;Response [200]&gt;</msg>
<var>${response}</var>
<arg>consultarAPI</arg>
<arg>/api</arg>
<doc>Sends a GET request on a previously created HTTP Session.</doc>
<status status="PASS" start="2024-07-18T02:32:57.105748" elapsed="0.185416"/>
</kw>
<kw name="Should Be Equal As Numbers" owner="BuiltIn">
<msg time="2024-07-18T02:32:57.292340" level="INFO">Argument types are:
&lt;class 'int'&gt;
&lt;class 'str'&gt;</msg>
<arg>${response.status_code}</arg>
<arg>200</arg>
<doc>Fails if objects are unequal after converting them to real numbers.</doc>
<status status="PASS" start="2024-07-18T02:32:57.291844" elapsed="0.000567"/>
</kw>
<kw name="Log" owner="BuiltIn">
<msg time="2024-07-18T02:32:57.293146" level="INFO">200</msg>
<arg>${response.status_code}</arg>
<doc>Logs the given message with the given level.</doc>
<status status="PASS" start="2024-07-18T02:32:57.292771" elapsed="0.000420"/>
</kw>
<kw name="Set Variable" owner="BuiltIn">
<msg time="2024-07-18T02:32:57.293952" level="INFO">${json_data} = {'results': [{'gender': 'male', 'name': {'title': 'Mr', 'first': 'Tjitte', 'last': 'Boerstra'}, 'location': {'street': {'number': 1360, 'name': 'Dr Hoijngstraat'}, 'city': 'Winterswijk Henxel', 'state...</msg>
<var>${json_data}</var>
<arg>${response.json()}</arg>
<doc>Returns the given values which can then be assigned to a variables.</doc>
<status status="PASS" start="2024-07-18T02:32:57.293508" elapsed="0.000474"/>
</kw>
<kw name="Dictionary Should Contain Key" owner="Collections">
<arg>${json_data}</arg>
<arg>results</arg>
<doc>Fails if ``key`` is not found from ``dictionary``.</doc>
<status status="PASS" start="2024-07-18T02:32:57.294325" elapsed="0.000352"/>
</kw>
<status status="PASS" start="2024-07-18T02:32:57.105493" elapsed="0.189340"/>
</kw>
<doc>Testa se a API responde corretamente e retorna um objeto JSON válido.</doc>
<tag>testeRequisicaoBasica</tag>
<status status="PASS" start="2024-07-18T02:32:57.104940" elapsed="0.190071"/>
</test>
<test id="s1-s1-t3" name="Validar estrutura de resposta" line="22">
<kw name="Teste de Estrutura de Resposta" owner="random-user-service">
<kw name="GET On Session" owner="RequestsLibrary">
<msg time="2024-07-18T02:32:57.515813" level="INFO">GET Request : url=https://randomuser.me/api 
 path_url=/api 
 headers={'User-Agent': 'python-requests/2.32.3', 'Accept-Encoding': 'gzip, deflate', 'Accept': '*/*', 'Connection': 'keep-alive'} 
 body=None 
 </msg>
<msg time="2024-07-18T02:32:57.515900" level="INFO">GET Response : url=https://randomuser.me/api 
 status=200, reason=OK 
 headers={'Date': 'Thu, 18 Jul 2024 02:32:57 GMT', 'Content-Type': 'application/json; charset=utf-8', 'Transfer-Encoding': 'chunked', 'Connection': 'keep-alive', 'X-Powered-By': 'Express', 'Access-Control-Allow-Origin': '*', 'Cache-Control': 'no-cache', 'ETag': 'W/"472-LAjGablykvxqaa3eLZNvIMMqzB0"', 'Vary': 'Accept-Encoding', 'Content-Encoding': 'gzip', 'CF-Cache-Status': 'DYNAMIC', 'Report-To': '{"endpoints":[{"url":"https:\\/\\/a.nel.cloudflare.com\\/report\\/v4?s=pD0iPnlvcsSb24xeyrDnANhmzZ9UChhlEbdMGPD4%2Fr%2FY2iZQiSGUuzvuDCb1yLDBbpOFz0OJpKQwqTGRtsDcSYoF5j0IGPDq81aOugLO1rc5iiMJtBmtsmf3LH0sOC%2Fd"}],"group":"cf-nel","max_age":604800}', 'NEL': '{"success_fraction":0,"report_to":"cf-nel","max_age":604800}', 'Server': 'cloudflare', 'CF-RAY': '8a4f106e29cd67d0-SJC', 'alt-svc': 'h3=":443"; ma=86400'} 
 body={"results":[{"gender":"female","name":{"title":"Ms","first":"Zoe","last":"Chapman"},"location":{"street":{"number":6200,"name":"Fairview St"},"city":"Geelong","state":"Victoria","country":"Australia","postcode":9046,"coordinates":{"latitude":"-84.3279","longitude":"44.0772"},"timezone":{"offset":"+5:45","description":"Kathmandu"}},"email":"zoe.chapman@example.com","login":{"uuid":"f2bb946d-7334-4998-8725-e8d69dfefecd","username":"goldenswan592","password":"bogart","salt":"onqLLGqE","md5":"1d5bda7adf2e05f1d329e6de069392f8","sha1":"9cb849115af788cec8c9bdc1e9b448efe29c261f","sha256":"a6ccfc6e2f94f9eab9f9abcd029f7b3555e55eef915fab4279671916070ffe7f"},"dob":{"date":"1991-12-17T01:00:53.094Z","age":32},"registered":{"date":"2009-10-24T13:52:28.913Z","age":14},"phone":"08-9999-7853","cell":"0436-481-151","id":{"name":"TFN","value":"790127039"},"picture":{"large":"https://randomuser.me/api/portraits/women/60.jpg","medium":"https://randomuser.me/api/portraits/med/women/60.jpg","thumbnail":"https://randomuser.me/api/portraits/thumb/women/60.jpg"},"nat":"AU"}],"info":{"seed":"75a577acccdcfae5","results":1,"page":1,"version":"1.4"}} 
 </msg>
<msg time="2024-07-18T02:32:57.516025" level="INFO">/opt/hostedtoolcache/Python/3.12.4/x64/lib/python3.12/site-packages/urllib3/connectionpool.py:1099: InsecureRequestWarning: Unverified HTTPS request is being made to host 'randomuser.me'. Adding certificate verification is strongly advised. See: https://urllib3.readthedocs.io/en/latest/advanced-usage.html#tls-warnings
  warnings.warn(</msg>
<msg time="2024-07-18T02:32:57.516151" level="INFO">${response} = &lt;Response [200]&gt;</msg>
<var>${response}</var>
<arg>consultarAPI</arg>
<arg>/api</arg>
<doc>Sends a GET request on a previously created HTTP Session.</doc>
<status status="PASS" start="2024-07-18T02:32:57.297751" elapsed="0.218441"/>
</kw>
<kw name="Set Variable" owner="BuiltIn">
<msg time="2024-07-18T02:32:57.517344" level="INFO">${json_data} = {'results': [{'gender': 'female', 'name': {'title': 'Ms', 'first': 'Zoe', 'last': 'Chapman'}, 'location': {'street': {'number': 6200, 'name': 'Fairview St'}, 'city': 'Geelong', 'state': 'Victoria', 'c...</msg>
<var>${json_data}</var>
<arg>${response.json()}</arg>
<doc>Returns the given values which can then be assigned to a variables.</doc>
<status status="PASS" start="2024-07-18T02:32:57.516774" elapsed="0.000599"/>
</kw>
<kw name="Log" owner="BuiltIn">
<msg time="2024-07-18T02:32:57.517831" level="INFO">{'results': [{'gender': 'female', 'name': {'title': 'Ms', 'first': 'Zoe', 'last': 'Chapman'}, 'location': {'street': {'number': 6200, 'name': 'Fairview St'}, 'city': 'Geelong', 'state': 'Victoria', 'country': 'Australia', 'postcode': 9046, 'coordinates': {'latitude': '-84.3279', 'longitude': '44.0772'}, 'timezone': {'offset': '+5:45', 'description': 'Kathmandu'}}, 'email': 'zoe.chapman@example.com', 'login': {'uuid': 'f2bb946d-7334-4998-8725-e8d69dfefecd', 'username': 'goldenswan592', 'password': 'bogart', 'salt': 'onqLLGqE', 'md5': '1d5bda7adf2e05f1d329e6de069392f8', 'sha1': '9cb849115af788cec8c9bdc1e9b448efe29c261f', 'sha256': 'a6ccfc6e2f94f9eab9f9abcd029f7b3555e55eef915fab4279671916070ffe7f'}, 'dob': {'date': '1991-12-17T01:00:53.094Z', 'age': 32}, 'registered': {'date': '2009-10-24T13:52:28.913Z', 'age': 14}, 'phone': '08-9999-7853', 'cell': '0436-481-151', 'id': {'name': 'TFN', 'value': '790127039'}, 'picture': {'large': 'https://randomuser.me/api/portraits/women/60.jpg', 'medium': 'https://randomuser.me/api/portraits/med/women/60.jpg', 'thumbnail': 'https://randomuser.me/api/portraits/thumb/women/60.jpg'}, 'nat': 'AU'}], 'info': {'seed': '75a577acccdcfae5', 'results': 1, 'page': 1, 'version': '1.4'}}</msg>
<arg>${json_data}</arg>
<doc>Logs the given message with the given level.</doc>
<status status="PASS" start="2024-07-18T02:32:57.517674" elapsed="0.000204"/>
</kw>
<kw name="Dictionary Should Contain Key" owner="Collections">
<arg>${json_data}</arg>
<arg>results</arg>
<doc>Fails if ``key`` is not found from ``dictionary``.</doc>
<status status="PASS" start="2024-07-18T02:32:57.518205" elapsed="0.000170"/>
</kw>
<kw name="Should Not Be Empty" owner="BuiltIn">
<msg time="2024-07-18T02:32:57.518693" level="INFO">Length is 2.</msg>
<arg>${json_data}</arg>
<doc>Verifies that the given item is not empty.</doc>
<status status="PASS" start="2024-07-18T02:32:57.518570" elapsed="0.000165"/>
</kw>
<kw name="Create List" owner="BuiltIn">
<msg time="2024-07-18T02:32:57.519169" level="INFO">${expected_keys} = ['gender', 'name', 'location', 'email', 'login']</msg>
<var>${expected_keys}</var>
<arg>gender</arg>
<arg>name</arg>
<arg>location</arg>
<arg>email</arg>
<arg>login</arg>
<doc>Returns a list containing given items.</doc>
<status status="PASS" start="2024-07-18T02:32:57.519019" elapsed="0.000174"/>
</kw>
<for flavor="IN">
<iter>
<kw name="Dictionary Should Contain Key" owner="Collections">
<arg>${json_data['results'][0]}</arg>
<arg>${key}</arg>
<doc>Fails if ``key`` is not found from ``dictionary``.</doc>
<status status="PASS" start="2024-07-18T02:32:57.519764" elapsed="0.000389"/>
</kw>
<kw name="Log" owner="BuiltIn">
<msg time="2024-07-18T02:32:57.520698" level="INFO">{'gender': 'female', 'name': {'title': 'Ms', 'first': 'Zoe', 'last': 'Chapman'}, 'location': {'street': {'number': 6200, 'name': 'Fairview St'}, 'city': 'Geelong', 'state': 'Victoria', 'country': 'Australia', 'postcode': 9046, 'coordinates': {'latitude': '-84.3279', 'longitude': '44.0772'}, 'timezone': {'offset': '+5:45', 'description': 'Kathmandu'}}, 'email': 'zoe.chapman@example.com', 'login': {'uuid': 'f2bb946d-7334-4998-8725-e8d69dfefecd', 'username': 'goldenswan592', 'password': 'bogart', 'salt': 'onqLLGqE', 'md5': '1d5bda7adf2e05f1d329e6de069392f8', 'sha1': '9cb849115af788cec8c9bdc1e9b448efe29c261f', 'sha256': 'a6ccfc6e2f94f9eab9f9abcd029f7b3555e55eef915fab4279671916070ffe7f'}, 'dob': {'date': '1991-12-17T01:00:53.094Z', 'age': 32}, 'registered': {'date': '2009-10-24T13:52:28.913Z', 'age': 14}, 'phone': '08-9999-7853', 'cell': '0436-481-151', 'id': {'name': 'TFN', 'value': '790127039'}, 'picture': {'large': 'https://randomuser.me/api/portraits/women/60.jpg', 'medium': 'https://randomuser.me/api/portraits/med/women/60.jpg', 'thumbnail': 'https://randomuser.me/api/portraits/thumb/women/60.jpg'}, 'nat': 'AU'}</msg>
<arg>${json_data['results'][0]}</arg>
<doc>Logs the given message with the given level.</doc>
<status status="PASS" start="2024-07-18T02:32:57.520335" elapsed="0.000412"/>
</kw>
<kw name="Log" owner="BuiltIn">
<msg time="2024-07-18T02:32:57.521182" level="INFO">gender</msg>
<arg>${key}</arg>
<doc>Logs the given message with the given level.</doc>
<status status="PASS" start="2024-07-18T02:32:57.521056" elapsed="0.000164"/>
</kw>
<var name="${key}">gender</var>
<status status="PASS" start="2024-07-18T02:32:57.519645" elapsed="0.001787"/>
</iter>
<iter>
<kw name="Dictionary Should Contain Key" owner="Collections">
<arg>${json_data['results'][0]}</arg>
<arg>${key}</arg>
<doc>Fails if ``key`` is not found from ``dictionary``.</doc>
<status status="PASS" start="2024-07-18T02:32:57.521735" elapsed="0.000402"/>
</kw>
<kw name="Log" owner="BuiltIn">
<msg time="2024-07-18T02:32:57.522679" level="INFO">{'gender': 'female', 'name': {'title': 'Ms', 'first': 'Zoe', 'last': 'Chapman'}, 'location': {'street': {'number': 6200, 'name': 'Fairview St'}, 'city': 'Geelong', 'state': 'Victoria', 'country': 'Australia', 'postcode': 9046, 'coordinates': {'latitude': '-84.3279', 'longitude': '44.0772'}, 'timezone': {'offset': '+5:45', 'description': 'Kathmandu'}}, 'email': 'zoe.chapman@example.com', 'login': {'uuid': 'f2bb946d-7334-4998-8725-e8d69dfefecd', 'username': 'goldenswan592', 'password': 'bogart', 'salt': 'onqLLGqE', 'md5': '1d5bda7adf2e05f1d329e6de069392f8', 'sha1': '9cb849115af788cec8c9bdc1e9b448efe29c261f', 'sha256': 'a6ccfc6e2f94f9eab9f9abcd029f7b3555e55eef915fab4279671916070ffe7f'}, 'dob': {'date': '1991-12-17T01:00:53.094Z', 'age': 32}, 'registered': {'date': '2009-10-24T13:52:28.913Z', 'age': 14}, 'phone': '08-9999-7853', 'cell': '0436-481-151', 'id': {'name': 'TFN', 'value': '790127039'}, 'picture': {'large': 'https://randomuser.me/api/portraits/women/60.jpg', 'medium': 'https://randomuser.me/api/portraits/med/women/60.jpg', 'thumbnail': 'https://randomuser.me/api/portraits/thumb/women/60.jpg'}, 'nat': 'AU'}</msg>
<arg>${json_data['results'][0]}</arg>
<doc>Logs the given message with the given level.</doc>
<status status="PASS" start="2024-07-18T02:32:57.522332" elapsed="0.000431"/>
</kw>
<kw name="Log" owner="BuiltIn">
<msg time="2024-07-18T02:32:57.523182" level="INFO">name</msg>
<arg>${key}</arg>
<doc>Logs the given message with the given level.</doc>
<status status="PASS" start="2024-07-18T02:32:57.523056" elapsed="0.000169"/>
</kw>
<var name="${key}">name</var>
<status status="PASS" start="2024-07-18T02:32:57.521620" elapsed="0.001819"/>
</iter>
<iter>
<kw name="Dictionary Should Contain Key" owner="Collections">
<arg>${json_data['results'][0]}</arg>
<arg>${key}</arg>
<doc>Fails if ``key`` is not found from ``dictionary``.</doc>
<status status="PASS" start="2024-07-18T02:32:57.523717" elapsed="0.000380"/>
</kw>
<kw name="Log" owner="BuiltIn">
<msg time="2024-07-18T02:32:57.524619" level="INFO">{'gender': 'female', 'name': {'title': 'Ms', 'first': 'Zoe', 'last': 'Chapman'}, 'location': {'street': {'number': 6200, 'name': 'Fairview St'}, 'city': 'Geelong', 'state': 'Victoria', 'country': 'Australia', 'postcode': 9046, 'coordinates': {'latitude': '-84.3279', 'longitude': '44.0772'}, 'timezone': {'offset': '+5:45', 'description': 'Kathmandu'}}, 'email': 'zoe.chapman@example.com', 'login': {'uuid': 'f2bb946d-7334-4998-8725-e8d69dfefecd', 'username': 'goldenswan592', 'password': 'bogart', 'salt': 'onqLLGqE', 'md5': '1d5bda7adf2e05f1d329e6de069392f8', 'sha1': '9cb849115af788cec8c9bdc1e9b448efe29c261f', 'sha256': 'a6ccfc6e2f94f9eab9f9abcd029f7b3555e55eef915fab4279671916070ffe7f'}, 'dob': {'date': '1991-12-17T01:00:53.094Z', 'age': 32}, 'registered': {'date': '2009-10-24T13:52:28.913Z', 'age': 14}, 'phone': '08-9999-7853', 'cell': '0436-481-151', 'id': {'name': 'TFN', 'value': '790127039'}, 'picture': {'large': 'https://randomuser.me/api/portraits/women/60.jpg', 'medium': 'https://randomuser.me/api/portraits/med/women/60.jpg', 'thumbnail': 'https://randomuser.me/api/portraits/thumb/women/60.jpg'}, 'nat': 'AU'}</msg>
<arg>${json_data['results'][0]}</arg>
<doc>Logs the given message with the given level.</doc>
<status status="PASS" start="2024-07-18T02:32:57.524277" elapsed="0.000391"/>
</kw>
<kw name="Log" owner="BuiltIn">
<msg time="2024-07-18T02:32:57.525101" level="INFO">location</msg>
<arg>${key}</arg>
<doc>Logs the given message with the given level.</doc>
<status status="PASS" start="2024-07-18T02:32:57.524976" elapsed="0.000162"/>
</kw>
<var name="${key}">location</var>
<status status="PASS" start="2024-07-18T02:32:57.523611" elapsed="0.001737"/>
</iter>
<iter>
<kw name="Dictionary Should Contain Key" owner="Collections">
<arg>${json_data['results'][0]}</arg>
<arg>${key}</arg>
<doc>Fails if ``key`` is not found from ``dictionary``.</doc>
<status status="PASS" start="2024-07-18T02:32:57.525621" elapsed="0.000377"/>
</kw>
<kw name="Log" owner="BuiltIn">
<msg time="2024-07-18T02:32:57.526706" level="INFO">{'gender': 'female', 'name': {'title': 'Ms', 'first': 'Zoe', 'last': 'Chapman'}, 'location': {'street': {'number': 6200, 'name': 'Fairview St'}, 'city': 'Geelong', 'state': 'Victoria', 'country': 'Australia', 'postcode': 9046, 'coordinates': {'latitude': '-84.3279', 'longitude': '44.0772'}, 'timezone': {'offset': '+5:45', 'description': 'Kathmandu'}}, 'email': 'zoe.chapman@example.com', 'login': {'uuid': 'f2bb946d-7334-4998-8725-e8d69dfefecd', 'username': 'goldenswan592', 'password': 'bogart', 'salt': 'onqLLGqE', 'md5': '1d5bda7adf2e05f1d329e6de069392f8', 'sha1': '9cb849115af788cec8c9bdc1e9b448efe29c261f', 'sha256': 'a6ccfc6e2f94f9eab9f9abcd029f7b3555e55eef915fab4279671916070ffe7f'}, 'dob': {'date': '1991-12-17T01:00:53.094Z', 'age': 32}, 'registered': {'date': '2009-10-24T13:52:28.913Z', 'age': 14}, 'phone': '08-9999-7853', 'cell': '0436-481-151', 'id': {'name': 'TFN', 'value': '790127039'}, 'picture': {'large': 'https://randomuser.me/api/portraits/women/60.jpg', 'medium': 'https://randomuser.me/api/portraits/med/women/60.jpg', 'thumbnail': 'https://randomuser.me/api/portraits/thumb/women/60.jpg'}, 'nat': 'AU'}</msg>
<arg>${json_data['results'][0]}</arg>
<doc>Logs the given message with the given level.</doc>
<status status="PASS" start="2024-07-18T02:32:57.526341" elapsed="0.000414"/>
</kw>
<kw name="Log" owner="BuiltIn">
<msg time="2024-07-18T02:32:57.527174" level="INFO">email</msg>
<arg>${key}</arg>
<doc>Logs the given message with the given level.</doc>
<status status="PASS" start="2024-07-18T02:32:57.527047" elapsed="0.000175"/>
</kw>
<var name="${key}">email</var>
<status status="PASS" start="2024-07-18T02:32:57.525516" elapsed="0.001919"/>
</iter>
<iter>
<kw name="Dictionary Should Contain Key" owner="Collections">
<arg>${json_data['results'][0]}</arg>
<arg>${key}</arg>
<doc>Fails if ``key`` is not found from ``dictionary``.</doc>
<status status="PASS" start="2024-07-18T02:32:57.527731" elapsed="0.000370"/>
</kw>
<kw name="Log" owner="BuiltIn">
<msg time="2024-07-18T02:32:57.528637" level="INFO">{'gender': 'female', 'name': {'title': 'Ms', 'first': 'Zoe', 'last': 'Chapman'}, 'location': {'street': {'number': 6200, 'name': 'Fairview St'}, 'city': 'Geelong', 'state': 'Victoria', 'country': 'Australia', 'postcode': 9046, 'coordinates': {'latitude': '-84.3279', 'longitude': '44.0772'}, 'timezone': {'offset': '+5:45', 'description': 'Kathmandu'}}, 'email': 'zoe.chapman@example.com', 'login': {'uuid': 'f2bb946d-7334-4998-8725-e8d69dfefecd', 'username': 'goldenswan592', 'password': 'bogart', 'salt': 'onqLLGqE', 'md5': '1d5bda7adf2e05f1d329e6de069392f8', 'sha1': '9cb849115af788cec8c9bdc1e9b448efe29c261f', 'sha256': 'a6ccfc6e2f94f9eab9f9abcd029f7b3555e55eef915fab4279671916070ffe7f'}, 'dob': {'date': '1991-12-17T01:00:53.094Z', 'age': 32}, 'registered': {'date': '2009-10-24T13:52:28.913Z', 'age': 14}, 'phone': '08-9999-7853', 'cell': '0436-481-151', 'id': {'name': 'TFN', 'value': '790127039'}, 'picture': {'large': 'https://randomuser.me/api/portraits/women/60.jpg', 'medium': 'https://randomuser.me/api/portraits/med/women/60.jpg', 'thumbnail': 'https://randomuser.me/api/portraits/thumb/women/60.jpg'}, 'nat': 'AU'}</msg>
<arg>${json_data['results'][0]}</arg>
<doc>Logs the given message with the given level.</doc>
<status status="PASS" start="2024-07-18T02:32:57.528281" elapsed="0.000404"/>
</kw>
<kw name="Log" owner="BuiltIn">
<msg time="2024-07-18T02:32:57.529100" level="INFO">login</msg>
<arg>${key}</arg>
<doc>Logs the given message with the given level.</doc>
<status status="PASS" start="2024-07-18T02:32:57.528975" elapsed="0.000161"/>
</kw>
<var name="${key}">login</var>
<status status="PASS" start="2024-07-18T02:32:57.527624" elapsed="0.001722"/>
</iter>
<var>${key}</var>
<value>@{expected_keys}</value>
<status status="PASS" start="2024-07-18T02:32:57.519456" elapsed="0.010009"/>
</for>
<kw name="Create List" owner="BuiltIn">
<msg time="2024-07-18T02:32:57.529780" level="INFO">${expected_keysTwo} = ['username', 'password']</msg>
<var>${expected_keysTwo}</var>
<arg>username</arg>
<arg>password</arg>
<doc>Returns a list containing given items.</doc>
<status status="PASS" start="2024-07-18T02:32:57.529649" elapsed="0.000155"/>
</kw>
<for flavor="IN">
<iter>
<kw name="Dictionary Should Contain Key" owner="Collections">
<arg>${json_data['results'][0]['login']}</arg>
<arg>${keyTwo}</arg>
<doc>Fails if ``key`` is not found from ``dictionary``.</doc>
<status status="PASS" start="2024-07-18T02:32:57.530359" elapsed="0.000384"/>
</kw>
<kw name="Dictionary Should Contain Key" owner="Collections">
<arg>${json_data['results'][0]['login']}</arg>
<arg>${keyTwo}</arg>
<doc>Fails if ``key`` is not found from ``dictionary``.</doc>
<status status="PASS" start="2024-07-18T02:32:57.530932" elapsed="0.000368"/>
</kw>
<kw name="Log" owner="BuiltIn">
<msg time="2024-07-18T02:32:57.531597" level="INFO">username</msg>
<arg>${keyTwo}</arg>
<doc>Logs the given message with the given level.</doc>
<status status="PASS" start="2024-07-18T02:32:57.531478" elapsed="0.000157"/>
</kw>
<var name="${keyTwo}">username</var>
<status status="PASS" start="2024-07-18T02:32:57.530250" elapsed="0.001602"/>
</iter>
<iter>
<kw name="Dictionary Should Contain Key" owner="Collections">
<arg>${json_data['results'][0]['login']}</arg>
<arg>${keyTwo}</arg>
<doc>Fails if ``key`` is not found from ``dictionary``.</doc>
<status status="PASS" start="2024-07-18T02:32:57.532129" elapsed="0.000387"/>
</kw>
<kw name="Dictionary Should Contain Key" owner="Collections">
<arg>${json_data['results'][0]['login']}</arg>
<arg>${keyTwo}</arg>
<doc>Fails if ``key`` is not found from ``dictionary``.</doc>
<status status="PASS" start="2024-07-18T02:32:57.532696" elapsed="0.000363"/>
</kw>
<kw name="Log" owner="BuiltIn">
<msg time="2024-07-18T02:32:57.533352" level="INFO">password</msg>
<arg>${keyTwo}</arg>
<doc>Logs the given message with the given level.</doc>
<status status="PASS" start="2024-07-18T02:32:57.533234" elapsed="0.000154"/>
</kw>
<var name="${keyTwo}">password</var>
<status status="PASS" start="2024-07-18T02:32:57.532022" elapsed="0.001584"/>
</iter>
<var>${keyTwo}</var>
<value>@{expected_keysTwo}</value>
<status status="PASS" start="2024-07-18T02:32:57.530066" elapsed="0.003661"/>
</for>
<status status="PASS" start="2024-07-18T02:32:57.297507" elapsed="0.236358"/>
</kw>
<doc>Testa a estrutura da resposta da API.</doc>
<tag>testeEstruturaResposta</tag>
<status status="PASS" start="2024-07-18T02:32:57.296888" elapsed="0.237131"/>
</test>
<test id="s1-s1-t4" name="Validar tipos de dados" line="28">
<kw name="Teste de Tipos de Dados" owner="random-user-service">
<kw name="GET On Session" owner="RequestsLibrary">
<msg time="2024-07-18T02:32:57.631774" level="INFO">GET Request : url=https://randomuser.me/api 
 path_url=/api 
 headers={'User-Agent': 'python-requests/2.32.3', 'Accept-Encoding': 'gzip, deflate', 'Accept': '*/*', 'Connection': 'keep-alive'} 
 body=None 
 </msg>
<msg time="2024-07-18T02:32:57.631840" level="INFO">GET Response : url=https://randomuser.me/api 
 status=200, reason=OK 
 headers={'Date': 'Thu, 18 Jul 2024 02:32:57 GMT', 'Content-Type': 'application/json; charset=utf-8', 'Transfer-Encoding': 'chunked', 'Connection': 'keep-alive', 'X-Powered-By': 'Express', 'Access-Control-Allow-Origin': '*', 'Cache-Control': 'no-cache', 'ETag': 'W/"490-P8i7Sj2NZU0+cHlTMmUMEWxg8NE"', 'Vary': 'Accept-Encoding', 'Content-Encoding': 'gzip', 'CF-Cache-Status': 'DYNAMIC', 'Report-To': '{"endpoints":[{"url":"https:\\/\\/a.nel.cloudflare.com\\/report\\/v4?s=j%2F5q7t7HLIqsixE8JsKYF7jCWsv58qB39f95sXBKrEueT%2B%2FVi%2ByZ2nJmD3ryxafRmsgx3mNNLXBNvj6zo9xcbEzL1X%2BxlTepq1GSekU1jG7VCfY91kWmkEFnDdZk2EXi"}],"group":"cf-nel","max_age":604800}', 'NEL': '{"success_fraction":0,"report_to":"cf-nel","max_age":604800}', 'Server': 'cloudflare', 'CF-RAY': '8a4f106f9adf67d0-SJC', 'alt-svc': 'h3=":443"; ma=86400'} 
 body={"results":[{"gender":"male","name":{"title":"Mr","first":"Diethelm","last":"Hollmann"},"location":{"street":{"number":381,"name":"Kirchgasse"},"city":"Schwedt/Oder","state":"Sachsen","country":"Germany","postcode":37277,"coordinates":{"latitude":"-48.0315","longitude":"-176.9726"},"timezone":{"offset":"-1:00","description":"Azores, Cape Verde Islands"}},"email":"diethelm.hollmann@example.com","login":{"uuid":"25608cc4-6323-44f5-8dd2-b8ab52c4fd24","username":"smalldog730","password":"software","salt":"zmlmr8tq","md5":"1a6caab5967c124bc0670adcc6f64ee6","sha1":"7a99bf8a92562ef1c13d7cbfe9689a17af479b0f","sha256":"33b0431647e9e2b1b84b02b08df540699f77ab226ac59790596987d110242484"},"dob":{"date":"1974-04-01T06:50:16.581Z","age":50},"registered":{"date":"2014-12-14T00:21:52.009Z","age":9},"phone":"0318-2981293","cell":"0172-9118439","id":{"name":"SVNR","value":"12 010474 H 254"},"picture":{"large":"https://randomuser.me/api/portraits/men/73.jpg","medium":"https://randomuser.me/api/portraits/med/men/73.jpg","thumbnail":"https://randomuser.me/api/portraits/thumb/men/73.jpg"},"nat":"DE"}],"info":{"seed":"208626a2619dc923","results":1,"page":1,"version":"1.4"}} 
 </msg>
<msg time="2024-07-18T02:32:57.631899" level="INFO">/opt/hostedtoolcache/Python/3.12.4/x64/lib/python3.12/site-packages/urllib3/connectionpool.py:1099: InsecureRequestWarning: Unverified HTTPS request is being made to host 'randomuser.me'. Adding certificate verification is strongly advised. See: https://urllib3.readthedocs.io/en/latest/advanced-usage.html#tls-warnings
  warnings.warn(</msg>
<msg time="2024-07-18T02:32:57.631987" level="INFO">${response} = &lt;Response [200]&gt;</msg>
<var>${response}</var>
<arg>consultarAPI</arg>
<arg>/api</arg>
<doc>Sends a GET request on a previously created HTTP Session.</doc>
<status status="PASS" start="2024-07-18T02:32:57.536571" elapsed="0.095456"/>
</kw>
<kw name="Set Variable" owner="BuiltIn">
<msg time="2024-07-18T02:32:57.633083" level="INFO">${json_data} = {'results': [{'gender': 'male', 'name': {'title': 'Mr', 'first': 'Diethelm', 'last': 'Hollmann'}, 'location': {'street': {'number': 381, 'name': 'Kirchgasse'}, 'city': 'Schwedt/Oder', 'state': 'Sachse...</msg>
<var>${json_data}</var>
<arg>${response.json()}</arg>
<doc>Returns the given values which can then be assigned to a variables.</doc>
<status status="PASS" start="2024-07-18T02:32:57.632501" elapsed="0.000609"/>
</kw>
<kw name="Log" owner="BuiltIn">
<msg time="2024-07-18T02:32:57.633565" level="INFO">{'results': [{'gender': 'male', 'name': {'title': 'Mr', 'first': 'Diethelm', 'last': 'Hollmann'}, 'location': {'street': {'number': 381, 'name': 'Kirchgasse'}, 'city': 'Schwedt/Oder', 'state': 'Sachsen', 'country': 'Germany', 'postcode': 37277, 'coordinates': {'latitude': '-48.0315', 'longitude': '-176.9726'}, 'timezone': {'offset': '-1:00', 'description': 'Azores, Cape Verde Islands'}}, 'email': 'diethelm.hollmann@example.com', 'login': {'uuid': '25608cc4-6323-44f5-8dd2-b8ab52c4fd24', 'username': 'smalldog730', 'password': 'software', 'salt': 'zmlmr8tq', 'md5': '1a6caab5967c124bc0670adcc6f64ee6', 'sha1': '7a99bf8a92562ef1c13d7cbfe9689a17af479b0f', 'sha256': '33b0431647e9e2b1b84b02b08df540699f77ab226ac59790596987d110242484'}, 'dob': {'date': '1974-04-01T06:50:16.581Z', 'age': 50}, 'registered': {'date': '2014-12-14T00:21:52.009Z', 'age': 9}, 'phone': '0318-2981293', 'cell': '0172-9118439', 'id': {'name': 'SVNR', 'value': '12 010474 H 254'}, 'picture': {'large': 'https://randomuser.me/api/portraits/men/73.jpg', 'medium': 'https://randomuser.me/api/portraits/med/men/73.jpg', 'thumbnail': 'https://randomuser.me/api/portraits/thumb/men/73.jpg'}, 'nat': 'DE'}], 'info': {'seed': '208626a2619dc923', 'results': 1, 'page': 1, 'version': '1.4'}}</msg>
<arg>${json_data}</arg>
<doc>Logs the given message with the given level.</doc>
<status status="PASS" start="2024-07-18T02:32:57.633411" elapsed="0.000200"/>
</kw>
<kw name="Should Be String" owner="String">
<arg>${json_data['results'][0]['gender']}</arg>
<doc>Fails if the given ``item`` is not a string.</doc>
<status status="PASS" start="2024-07-18T02:32:57.633901" elapsed="0.000404"/>
</kw>
<kw name="Should Match Regexp" owner="BuiltIn">
<arg>${json_data['results'][0]['email']}</arg>
<arg>^[a-zA-Z0-9._%+-]+@[a-zA-Z0-9.-]+\.[a-zA-Z]{2,}$</arg>
<doc>Fails if ``string`` does not match ``pattern`` as a regular expression.</doc>
<status status="PASS" start="2024-07-18T02:32:57.634496" elapsed="0.000510"/>
</kw>
<kw name="Should Match Regexp" owner="BuiltIn">
<arg>${json_data['results'][0]['dob']['date']}</arg>
<arg>\\d{4}-\\d{2}-\\d{2}T\\d{2}:\\d{2}:\\d{2}\\.\\d{3}Z</arg>
<doc>Fails if ``string`` does not match ``pattern`` as a regular expression.</doc>
<status status="PASS" start="2024-07-18T02:32:57.635233" elapsed="0.000602"/>
</kw>
<kw name="Should Match Regexp" owner="BuiltIn">
<arg>${json_data['results'][0]['registered']['date']}</arg>
<arg>\\d{4}-\\d{2}-\\d{2}T\\d{2}:\\d{2}:\\d{2}\\.\\d{3}Z</arg>
<doc>Fails if ``string`` does not match ``pattern`` as a regular expression.</doc>
<status status="PASS" start="2024-07-18T02:32:57.636029" elapsed="0.000370"/>
</kw>
<kw name="Should Match Regexp" owner="BuiltIn">
<arg>${json_data['results'][0]['picture']['large']}</arg>
<arg>^https?://.*\.(?:png|jpe?g|gif|bmp)$</arg>
<doc>Fails if ``string`` does not match ``pattern`` as a regular expression.</doc>
<status status="PASS" start="2024-07-18T02:32:57.636581" elapsed="0.000451"/>
</kw>
<kw name="Should Match Regexp" owner="BuiltIn">
<arg>${json_data['results'][0]['picture']['medium']}</arg>
<arg>^https?://.*\.(?:png|jpe?g|gif|bmp)$</arg>
<doc>Fails if ``string`` does not match ``pattern`` as a regular expression.</doc>
<status status="PASS" start="2024-07-18T02:32:57.637216" elapsed="0.000348"/>
</kw>
<kw name="Should Match Regexp" owner="BuiltIn">
<arg>${json_data['results'][0]['picture']['thumbnail']}</arg>
<arg>^https?://.*\.(?:png|jpe?g|gif|bmp)$</arg>
<doc>Fails if ``string`` does not match ``pattern`` as a regular expression.</doc>
<status status="PASS" start="2024-07-18T02:32:57.637743" elapsed="0.000367"/>
</kw>
<kw name="Log" owner="BuiltIn">
<msg time="2024-07-18T02:32:57.638615" level="INFO">{'large': 'https://randomuser.me/api/portraits/men/73.jpg', 'medium': 'https://randomuser.me/api/portraits/med/men/73.jpg', 'thumbnail': 'https://randomuser.me/api/portraits/thumb/men/73.jpg'}</msg>
<arg>${json_data['results'][0]['picture']}</arg>
<doc>Logs the given message with the given level.</doc>
<status status="PASS" start="2024-07-18T02:32:57.638291" elapsed="0.000366"/>
</kw>
<status status="PASS" start="2024-07-18T02:32:57.536338" elapsed="0.102574"/>
</kw>
<kw name="Teste de Tipos de Dados - Postcode" owner="random-user-service">
<kw name="GET On Session" owner="RequestsLibrary">
<msg time="2024-07-18T02:32:57.735937" level="INFO">GET Request : url=https://randomuser.me/api 
 path_url=/api 
 headers={'User-Agent': 'python-requests/2.32.3', 'Accept-Encoding': 'gzip, deflate', 'Accept': '*/*', 'Connection': 'keep-alive'} 
 body=None 
 </msg>
<msg time="2024-07-18T02:32:57.736002" level="INFO">GET Response : url=https://randomuser.me/api 
 status=200, reason=OK 
 headers={'Date': 'Thu, 18 Jul 2024 02:32:57 GMT', 'Content-Type': 'application/json; charset=utf-8', 'Transfer-Encoding': 'chunked', 'Connection': 'keep-alive', 'X-Powered-By': 'Express', 'Access-Control-Allow-Origin': '*', 'Cache-Control': 'no-cache', 'ETag': 'W/"494-15h9rK7a9VO2ITuifGQfSnhcN18"', 'Vary': 'Accept-Encoding', 'Content-Encoding': 'gzip', 'CF-Cache-Status': 'DYNAMIC', 'Report-To': '{"endpoints":[{"url":"https:\\/\\/a.nel.cloudflare.com\\/report\\/v4?s=x4Wprwfl9VYKkEUHeUFA%2BITbwmAv6dtSZUMRqPDgio4bxSj7pcRzMKeKegI5UjU4LUz6%2Br0vqWZ%2B%2F5XkV%2F%2FtPosXQYOAK5vy%2BbBDH%2Bd%2F1kcqJRl%2FiLN5r1z4zIefjfn0"}],"group":"cf-nel","max_age":604800}', 'NEL': '{"success_fraction":0,"report_to":"cf-nel","max_age":604800}', 'Server': 'cloudflare', 'CF-RAY': '8a4f10704b4367d0-SJC', 'alt-svc': 'h3=":443"; ma=86400'} 
 body={"results":[{"gender":"female","name":{"title":"Ms","first":"Olivia","last":"Hale"},"location":{"street":{"number":9476,"name":"Strand Road"},"city":"Donabate","state":"Kilkenny","country":"Ireland","postcode":74371,"coordinates":{"latitude":"-0.0521","longitude":"29.2105"},"timezone":{"offset":"0:00","description":"Western Europe Time, London, Lisbon, Casablanca"}},"email":"olivia.hale@example.com","login":{"uuid":"c5d7fc47-b107-4ed7-8b64-2f3bd21ab5b7","username":"crazycat970","password":"heineken","salt":"fdC42DbS","md5":"3cb32a87dece243a1a8bead3afae3397","sha1":"5d405560ee2c643f4a1b7c9cdae38fdbbb61791e","sha256":"da15a58c231f1b3a065695b3a9b2ecfdb0bf8e62211b81e58a60e65a6497d0e6"},"dob":{"date":"1957-01-09T19:17:22.098Z","age":67},"registered":{"date":"2016-04-13T23:18:38.793Z","age":8},"phone":"021-067-3749","cell":"081-744-5585","id":{"name":"PPS","value":"4937825T"},"picture":{"large":"https://randomuser.me/api/portraits/women/80.jpg","medium":"https://randomuser.me/api/portraits/med/women/80.jpg","thumbnail":"https://randomuser.me/api/portraits/thumb/women/80.jpg"},"nat":"IE"}],"info":{"seed":"963642fb7af86b79","results":1,"page":1,"version":"1.4"}} 
 </msg>
<msg time="2024-07-18T02:32:57.736061" level="INFO">/opt/hostedtoolcache/Python/3.12.4/x64/lib/python3.12/site-packages/urllib3/connectionpool.py:1099: InsecureRequestWarning: Unverified HTTPS request is being made to host 'randomuser.me'. Adding certificate verification is strongly advised. See: https://urllib3.readthedocs.io/en/latest/advanced-usage.html#tls-warnings
  warnings.warn(</msg>
<msg time="2024-07-18T02:32:57.736152" level="INFO">${response} = &lt;Response [200]&gt;</msg>
<var>${response}</var>
<arg>consultarAPI</arg>
<arg>/api</arg>
<doc>Sends a GET request on a previously created HTTP Session.</doc>
<status status="PASS" start="2024-07-18T02:32:57.639355" elapsed="0.096837"/>
</kw>
<kw name="Set Variable" owner="BuiltIn">
<msg time="2024-07-18T02:32:57.737266" level="INFO">${json_data} = {'results': [{'gender': 'female', 'name': {'title': 'Ms', 'first': 'Olivia', 'last': 'Hale'}, 'location': {'street': {'number': 9476, 'name': 'Strand Road'}, 'city': 'Donabate', 'state': 'Kilkenny', '...</msg>
<var>${json_data}</var>
<arg>${response.json()}</arg>
<doc>Returns the given values which can then be assigned to a variables.</doc>
<status status="PASS" start="2024-07-18T02:32:57.736662" elapsed="0.000631"/>
</kw>
<kw name="Log" owner="BuiltIn">
<msg time="2024-07-18T02:32:57.737756" level="INFO">{'results': [{'gender': 'female', 'name': {'title': 'Ms', 'first': 'Olivia', 'last': 'Hale'}, 'location': {'street': {'number': 9476, 'name': 'Strand Road'}, 'city': 'Donabate', 'state': 'Kilkenny', 'country': 'Ireland', 'postcode': 74371, 'coordinates': {'latitude': '-0.0521', 'longitude': '29.2105'}, 'timezone': {'offset': '0:00', 'description': 'Western Europe Time, London, Lisbon, Casablanca'}}, 'email': 'olivia.hale@example.com', 'login': {'uuid': 'c5d7fc47-b107-4ed7-8b64-2f3bd21ab5b7', 'username': 'crazycat970', 'password': 'heineken', 'salt': 'fdC42DbS', 'md5': '3cb32a87dece243a1a8bead3afae3397', 'sha1': '5d405560ee2c643f4a1b7c9cdae38fdbbb61791e', 'sha256': 'da15a58c231f1b3a065695b3a9b2ecfdb0bf8e62211b81e58a60e65a6497d0e6'}, 'dob': {'date': '1957-01-09T19:17:22.098Z', 'age': 67}, 'registered': {'date': '2016-04-13T23:18:38.793Z', 'age': 8}, 'phone': '021-067-3749', 'cell': '081-744-5585', 'id': {'name': 'PPS', 'value': '4937825T'}, 'picture': {'large': 'https://randomuser.me/api/portraits/women/80.jpg', 'medium': 'https://randomuser.me/api/portraits/med/women/80.jpg', 'thumbnail': 'https://randomuser.me/api/portraits/thumb/women/80.jpg'}, 'nat': 'IE'}], 'info': {'seed': '963642fb7af86b79', 'results': 1, 'page': 1, 'version': '1.4'}}</msg>
<arg>${json_data}</arg>
<doc>Logs the given message with the given level.</doc>
<status status="PASS" start="2024-07-18T02:32:57.737597" elapsed="0.000204"/>
</kw>
<kw name="Should Be Equal As Numbers" owner="BuiltIn">
<arg>${json_data['results'][0]['location']['postcode']}</arg>
<arg>${json_data['results'][0]['location']['postcode']}</arg>
<doc>Fails if objects are unequal after converting them to real numbers.</doc>
<status status="PASS" start="2024-07-18T02:32:57.738122" elapsed="0.000645"/>
</kw>
<kw name="Log" owner="BuiltIn">
<msg time="2024-07-18T02:32:57.739288" level="INFO">74371</msg>
<arg>${json_data['results'][0]['location']['postcode']}</arg>
<doc>Logs the given message with the given level.</doc>
<status status="PASS" start="2024-07-18T02:32:57.738955" elapsed="0.000373"/>
</kw>
<status status="PASS" start="2024-07-18T02:32:57.639134" elapsed="0.100475"/>
</kw>
<doc>Testa se os tipos de dados na resposta da API estão corretos.</doc>
<tag>testeTiposDados</tag>
<status status="PASS" start="2024-07-18T02:32:57.535793" elapsed="0.203980"/>
</test>
<test id="s1-s1-t5" name="Validar conteudo" line="35">
<kw name="Teste de Tipos de Conteudo" owner="random-user-service">
<kw name="GET On Session" owner="RequestsLibrary">
<msg time="2024-07-18T02:32:57.840616" level="INFO">GET Request : url=https://randomuser.me/api 
 path_url=/api 
 headers={'User-Agent': 'python-requests/2.32.3', 'Accept-Encoding': 'gzip, deflate', 'Accept': '*/*', 'Connection': 'keep-alive'} 
 body=None 
 </msg>
<msg time="2024-07-18T02:32:57.840706" level="INFO">GET Response : url=https://randomuser.me/api 
 status=200, reason=OK 
 headers={'Date': 'Thu, 18 Jul 2024 02:32:57 GMT', 'Content-Type': 'application/json; charset=utf-8', 'Transfer-Encoding': 'chunked', 'Connection': 'keep-alive', 'X-Powered-By': 'Express', 'Access-Control-Allow-Origin': '*', 'Cache-Control': 'no-cache', 'ETag': 'W/"48e-yn13Ja7NS1hquF+iX+uuF2gwAHo"', 'Vary': 'Accept-Encoding', 'Content-Encoding': 'gzip', 'CF-Cache-Status': 'DYNAMIC', 'Report-To': '{"endpoints":[{"url":"https:\\/\\/a.nel.cloudflare.com\\/report\\/v4?s=UHnlcB7BHeLceeB1crD%2FyfOu78EtPfFAqbzcMb3a5g97xAl0LMlEPpbpuCq2Ll0qcXDkWC3MMGVUErkxEJO%2FFbcrQRSyLNoY5YX6QFQiqJaHDZe7QeAWZ4fLSiKphTDl"}],"group":"cf-nel","max_age":604800}', 'NEL': '{"success_fraction":0,"report_to":"cf-nel","max_age":604800}', 'Server': 'cloudflare', 'CF-RAY': '8a4f1070ebb367d0-SJC', 'alt-svc': 'h3=":443"; ma=86400'} 
 body={"results":[{"gender":"female","name":{"title":"Mrs","first":"Draga","last":"Srejović"},"location":{"street":{"number":4990,"name":"Dimitrija Sabova "},"city":"Belgrade","state":"Srem","country":"Serbia","postcode":88984,"coordinates":{"latitude":"60.6356","longitude":"114.0224"},"timezone":{"offset":"-1:00","description":"Azores, Cape Verde Islands"}},"email":"draga.srejovic@example.com","login":{"uuid":"3c76721d-ec4b-4ad0-a825-62308a69dc25","username":"greengorilla249","password":"blanco","salt":"VqSO2cyG","md5":"a24647b352e6db69708ffadaf812aa5f","sha1":"dc811ef4625abfe694b22c6375095bd7f99de400","sha256":"71cadbd2b2f2002f5cb345a46113d17aa8850c67d00642b47c0ffe00d4741ec7"},"dob":{"date":"1955-07-19T16:15:52.968Z","age":68},"registered":{"date":"2002-05-06T16:04:18.971Z","age":22},"phone":"024-6871-388","cell":"064-8467-307","id":{"name":"SID","value":"303704298"},"picture":{"large":"https://randomuser.me/api/portraits/women/52.jpg","medium":"https://randomuser.me/api/portraits/med/women/52.jpg","thumbnail":"https://randomuser.me/api/portraits/thumb/women/52.jpg"},"nat":"RS"}],"info":{"seed":"e6e2ff554500b138","results":1,"page":1,"version":"1.4"}} 
 </msg>
<msg time="2024-07-18T02:32:57.840800" level="INFO">/opt/hostedtoolcache/Python/3.12.4/x64/lib/python3.12/site-packages/urllib3/connectionpool.py:1099: InsecureRequestWarning: Unverified HTTPS request is being made to host 'randomuser.me'. Adding certificate verification is strongly advised. See: https://urllib3.readthedocs.io/en/latest/advanced-usage.html#tls-warnings
  warnings.warn(</msg>
<msg time="2024-07-18T02:32:57.840919" level="INFO">${response} = &lt;Response [200]&gt;</msg>
<var>${response}</var>
<arg>consultarAPI</arg>
<arg>/api</arg>
<doc>Sends a GET request on a previously created HTTP Session.</doc>
<status status="PASS" start="2024-07-18T02:32:57.742540" elapsed="0.098442"/>
</kw>
<kw name="Set Variable" owner="BuiltIn">
<msg time="2024-07-18T02:32:57.841915" level="INFO">${json_data} = {'results': [{'gender': 'female', 'name': {'title': 'Mrs', 'first': 'Draga', 'last': 'Srejović'}, 'location': {'street': {'number': 4990, 'name': 'Dimitrija Sabova '}, 'city': 'Belgrade', 'state': 'Sr...</msg>
<var>${json_data}</var>
<arg>${response.json()}</arg>
<doc>Returns the given values which can then be assigned to a variables.</doc>
<status status="PASS" start="2024-07-18T02:32:57.841420" elapsed="0.000527"/>
</kw>
<kw name="Set Variable" owner="BuiltIn">
<msg time="2024-07-18T02:32:57.842680" level="INFO">${name_title} = Mrs</msg>
<var>${name_title}</var>
<arg>${json_data["results"][0]["name"]["title"]}</arg>
<doc>Returns the given values which can then be assigned to a variables.</doc>
<status status="PASS" start="2024-07-18T02:32:57.842299" elapsed="0.000406"/>
</kw>
<kw name="Create List" owner="BuiltIn">
<msg time="2024-07-18T02:32:57.843157" level="INFO">${allowed_titles} = ['Mr', 'Ms', 'Miss', 'Mrs', 'Madame', 'Monsieur']</msg>
<var>${allowed_titles}</var>
<arg>Mr</arg>
<arg>Ms</arg>
<arg>Miss</arg>
<arg>Mrs</arg>
<arg>Madame</arg>
<arg>Monsieur</arg>
<doc>Returns a list containing given items.</doc>
<status status="PASS" start="2024-07-18T02:32:57.843009" elapsed="0.000172"/>
</kw>
<kw name="List Should Contain Value" owner="Collections">
<arg>${allowed_titles}</arg>
<arg>${name_title}</arg>
<doc>Fails if the ``value`` is not found from ``list``.</doc>
<status status="PASS" start="2024-07-18T02:32:57.843474" elapsed="0.000174"/>
</kw>
<kw name="Set Variable" owner="BuiltIn">
<msg time="2024-07-18T02:32:57.844196" level="INFO">${name_country} = RS</msg>
<var>${name_country}</var>
<arg>${json_data["results"][0]["nat"]}</arg>
<doc>Returns the given values which can then be assigned to a variables.</doc>
<status status="PASS" start="2024-07-18T02:32:57.843825" elapsed="0.000396"/>
</kw>
<kw name="Create List" owner="BuiltIn">
<msg time="2024-07-18T02:32:57.845098" level="INFO">${list_country} = ['AD', 'AE', 'AF', 'AG', 'AI', 'AL', 'AM', 'AO', 'AQ', 'AR', 'AS', 'AT', 'AU', 'AW', 'AX', 'AZ', 'BA', 'BB', 'BD', 'BE', 'BF', 'BG', 'BH', 'BI', 'BJ', 'BL', 'BM', 'BN', 'BO', 'BQ', 'BR', 'BS', 'BT', '...</msg>
<var>${list_country}</var>
<arg>AD</arg>
<arg>AE</arg>
<arg>AF</arg>
<arg>AG</arg>
<arg>AI</arg>
<arg>AL</arg>
<arg>AM</arg>
<arg>AO</arg>
<arg>AQ</arg>
<arg>AR</arg>
<arg>AS</arg>
<arg>AT</arg>
<arg>AU</arg>
<arg>AW</arg>
<arg>AX</arg>
<arg>AZ</arg>
<arg>BA</arg>
<arg>BB</arg>
<arg>BD</arg>
<arg>BE</arg>
<arg>BF</arg>
<arg>BG</arg>
<arg>BH</arg>
<arg>BI</arg>
<arg>BJ</arg>
<arg>BL</arg>
<arg>BM</arg>
<arg>BN</arg>
<arg>BO</arg>
<arg>BQ</arg>
<arg>BR</arg>
<arg>BS</arg>
<arg>BT</arg>
<arg>BV</arg>
<arg>BW</arg>
<arg>BY</arg>
<arg>BZ</arg>
<arg>CA</arg>
<arg>CC</arg>
<arg>CD</arg>
<arg>CF</arg>
<arg>CG</arg>
<arg>CH</arg>
<arg>CI</arg>
<arg>CK</arg>
<arg>CL</arg>
<arg>CM</arg>
<arg>CN</arg>
<arg>CO</arg>
<arg>CR</arg>
<arg>CU</arg>
<arg>CV</arg>
<arg>CW</arg>
<arg>CX</arg>
<arg>CY</arg>
<arg>CZ</arg>
<arg>DE</arg>
<arg>DJ</arg>
<arg>DK</arg>
<arg>DM</arg>
<arg>DO</arg>
<arg>DZ</arg>
<arg>EC</arg>
<arg>EE</arg>
<arg>EG</arg>
<arg>EH</arg>
<arg>ER</arg>
<arg>ES</arg>
<arg>ET</arg>
<arg>FI</arg>
<arg>FJ</arg>
<arg>FK</arg>
<arg>FM</arg>
<arg>FO</arg>
<arg>FR</arg>
<arg>GA</arg>
<arg>GB</arg>
<arg>GD</arg>
<arg>GE</arg>
<arg>GF</arg>
<arg>GG</arg>
<arg>GH</arg>
<arg>GI</arg>
<arg>GL</arg>
<arg>GM</arg>
<arg>GN</arg>
<arg>GP</arg>
<arg>GQ</arg>
<arg>GR</arg>
<arg>GS</arg>
<arg>GT</arg>
<arg>GU</arg>
<arg>GW</arg>
<arg>GY</arg>
<arg>HK</arg>
<arg>HM</arg>
<arg>HN</arg>
<arg>HR</arg>
<arg>HT</arg>
<arg>HU</arg>
<arg>ID</arg>
<arg>IE</arg>
<arg>IL</arg>
<arg>IM</arg>
<arg>IN</arg>
<arg>IO</arg>
<arg>IQ</arg>
<arg>IR</arg>
<arg>IS</arg>
<arg>IT</arg>
<arg>JE</arg>
<arg>JM</arg>
<arg>JO</arg>
<arg>JP</arg>
<arg>KE</arg>
<arg>KG</arg>
<arg>KH</arg>
<arg>KI</arg>
<arg>KM</arg>
<arg>KN</arg>
<arg>KP</arg>
<arg>KR</arg>
<arg>KW</arg>
<arg>KY</arg>
<arg>KZ</arg>
<arg>LA</arg>
<arg>LB</arg>
<arg>LC</arg>
<arg>LI</arg>
<arg>LK</arg>
<arg>LR</arg>
<arg>LS</arg>
<arg>LT</arg>
<arg>LU</arg>
<arg>LV</arg>
<arg>LY</arg>
<arg>MA</arg>
<arg>MC</arg>
<arg>MD</arg>
<arg>ME</arg>
<arg>MF</arg>
<arg>MG</arg>
<arg>MH</arg>
<arg>MK</arg>
<arg>ML</arg>
<arg>MM</arg>
<arg>MN</arg>
<arg>MO</arg>
<arg>MP</arg>
<arg>MQ</arg>
<arg>MR</arg>
<arg>MS</arg>
<arg>MT</arg>
<arg>MU</arg>
<arg>MV</arg>
<arg>MW</arg>
<arg>MX</arg>
<arg>MY</arg>
<arg>MZ</arg>
<arg>NA</arg>
<arg>NC</arg>
<arg>NE</arg>
<arg>NF</arg>
<arg>NG</arg>
<arg>NI</arg>
<arg>NL</arg>
<arg>NO</arg>
<arg>NP</arg>
<arg>NR</arg>
<arg>NU</arg>
<arg>NZ</arg>
<arg>OM</arg>
<arg>PA</arg>
<arg>PE</arg>
<arg>PF</arg>
<arg>PG</arg>
<arg>PH</arg>
<arg>PK</arg>
<arg>PL</arg>
<arg>PM</arg>
<arg>PN</arg>
<arg>PR</arg>
<arg>PS</arg>
<arg>PT</arg>
<arg>PW</arg>
<arg>PY</arg>
<arg>QA</arg>
<arg>RE</arg>
<arg>RO</arg>
<arg>RS</arg>
<arg>RU</arg>
<arg>RW</arg>
<arg>SA</arg>
<arg>SB</arg>
<arg>SC</arg>
<arg>SD</arg>
<arg>SE</arg>
<arg>SG</arg>
<arg>SH</arg>
<arg>SI</arg>
<arg>SJ</arg>
<arg>SK</arg>
<arg>SL</arg>
<arg>SM</arg>
<arg>SN</arg>
<arg>SO</arg>
<arg>SR</arg>
<arg>SS</arg>
<arg>ST</arg>
<arg>SV</arg>
<arg>SX</arg>
<arg>SY</arg>
<arg>SZ</arg>
<arg>TC</arg>
<arg>TD</arg>
<arg>TF</arg>
<arg>TG</arg>
<arg>TH</arg>
<arg>TJ</arg>
<arg>TK</arg>
<arg>TL</arg>
<arg>TM</arg>
<arg>TN</arg>
<arg>TO</arg>
<arg>TR</arg>
<arg>TT</arg>
<arg>TV</arg>
<arg>TW</arg>
<arg>TZ</arg>
<arg>UA</arg>
<arg>UG</arg>
<arg>UM</arg>
<arg>US</arg>
<arg>UY</arg>
<arg>UZ</arg>
<arg>VA</arg>
<arg>VC</arg>
<arg>VE</arg>
<arg>VG</arg>
<arg>VI</arg>
<arg>VN</arg>
<arg>VU</arg>
<arg>WF</arg>
<arg>WS</arg>
<arg>XK</arg>
<arg>YE</arg>
<arg>YT</arg>
<arg>ZA</arg>
<arg>ZM</arg>
<arg>ZW</arg>
<doc>Returns a list containing given items.</doc>
<status status="PASS" start="2024-07-18T02:32:57.844505" elapsed="0.000619"/>
</kw>
<kw name="List Should Contain Value" owner="Collections">
<arg>${list_country}</arg>
<arg>${name_country}</arg>
<doc>Fails if the ``value`` is not found from ``list``.</doc>
<status status="PASS" start="2024-07-18T02:32:57.846071" elapsed="0.000236"/>
</kw>
<kw name="Run Keyword If" owner="BuiltIn">
<kw name="Should Be True" owner="BuiltIn">
<arg>${True}</arg>
<doc>Fails if the given condition is not true.</doc>
<status status="PASS" start="2024-07-18T02:32:57.847243" elapsed="0.000142"/>
</kw>
<arg>${json_data["results"][0]["location"]["coordinates"]["latitude"]} &gt;= -90 and ${json_data["results"][0]["location"]["coordinates"]["latitude"]} &lt;= 90</arg>
<arg>Should Be True</arg>
<arg>${True}</arg>
<doc>Runs the given keyword with the given arguments, if ``condition`` is true.</doc>
<status status="PASS" start="2024-07-18T02:32:57.846504" elapsed="0.001006"/>
</kw>
<kw name="Run Keyword If" owner="BuiltIn">
<kw name="Should Be True" owner="BuiltIn">
<arg>${True}</arg>
<doc>Fails if the given condition is not true.</doc>
<status status="PASS" start="2024-07-18T02:32:57.848382" elapsed="0.000136"/>
</kw>
<arg>${json_data["results"][0]["location"]["coordinates"]["longitude"]} &gt;= -180 and ${json_data["results"][0]["location"]["coordinates"]["longitude"]} &lt;= 180</arg>
<arg>Should Be True</arg>
<arg>${True}</arg>
<doc>Runs the given keyword with the given arguments, if ``condition`` is true.</doc>
<status status="PASS" start="2024-07-18T02:32:57.847690" elapsed="0.000950"/>
</kw>
<status status="PASS" start="2024-07-18T02:32:57.742173" elapsed="0.106604"/>
</kw>
<doc>Testa o conteúdo específico dos campos retornados pela API.</doc>
<tag>testeConteudo</tag>
<status status="PASS" start="2024-07-18T02:32:57.741504" elapsed="0.107437"/>
</test>
<status status="PASS" start="2024-07-18T02:32:56.765979" elapsed="1.084937"/>
</suite>
<status status="PASS" start="2024-07-18T02:32:56.751776" elapsed="1.104099"/>
</suite>
<statistics>
<total>
<stat pass="5" fail="0" skip="0">All Tests</stat>
</total>
<tag>
<stat pass="1" fail="0" skip="0">testeConteudo</stat>
<stat pass="1" fail="0" skip="0">testeEstruturaResposta</stat>
<stat pass="1" fail="0" skip="0">testeRequisicaoBasica</stat>
<stat pass="1" fail="0" skip="0">testeTiposDados</stat>
</tag>
<suite>
<stat pass="5" fail="0" skip="0" id="s1" name="Tests">Tests</stat>
<stat pass="5" fail="0" skip="0" id="s1-s1" name="Random-User-Test">Tests.Random-User-Test</stat>
</suite>
</statistics>
<errors>
</errors>
</robot>
