<?xml version="1.0" encoding="UTF-8"?>
<robot generator="Robot 7.0 (Python 3.12.3 on linux)" generated="2024-06-10T12:28:59.354980" rpa="false" schemaversion="5">
<suite id="s1" name="Tests" source="/home/runner/work/ApiRandomUser/ApiRandomUser/RamdonUser/tests">
<suite id="s1-s1" name="Random-User-Test" source="/home/runner/work/ApiRandomUser/ApiRandomUser/RamdonUser/tests/random-user-test.robot">
<test id="s1-s1-t1" name="Conectar" line="13">
<kw name="Conectar API" owner="random-user-service">
<kw name="Create Session" owner="RequestsLibrary">
<msg time="2024-06-10T12:28:59.791036" level="INFO">Creating Session using : alias=consultarAPI, url=https://randomuser.me/, headers={},                     cookies={}, auth=None, timeout=None, proxies=None, verify=False,                     debug=0 </msg>
<arg>consultarAPI</arg>
<arg>${URL}</arg>
<doc>Create Session: create a HTTP session to a server</doc>
<status status="PASS" start="2024-06-10T12:28:59.790832" elapsed="0.000381"/>
</kw>
<status status="PASS" start="2024-06-10T12:28:59.789773" elapsed="0.001832"/>
</kw>
<status status="PASS" start="2024-06-10T12:28:59.789186" elapsed="0.002613"/>
</test>
<test id="s1-s1-t2" name="Validar retorno 200 e JSON Válido" line="16">
<kw name="Teste de Requisicao Basica" owner="random-user-service">
<kw name="GET On Session" owner="RequestsLibrary">
<msg time="2024-06-10T12:28:59.980012" level="INFO">GET Request : url=https://randomuser.me/api 
 path_url=/api 
 headers={'User-Agent': 'python-requests/2.32.3', 'Accept-Encoding': 'gzip, deflate', 'Accept': '*/*', 'Connection': 'keep-alive'} 
 body=None 
 </msg>
<msg time="2024-06-10T12:28:59.980171" level="INFO">GET Response : url=https://randomuser.me/api 
 status=200, reason=OK 
 headers={'Date': 'Mon, 10 Jun 2024 12:28:59 GMT', 'Content-Type': 'application/json; charset=utf-8', 'Transfer-Encoding': 'chunked', 'Connection': 'keep-alive', 'X-Powered-By': 'Express', 'Access-Control-Allow-Origin': '*', 'Cache-Control': 'no-cache', 'ETag': 'W/"48c-SPvjZSVNZ1PW1M3Zdtg3oNbHit4"', 'Vary': 'Accept-Encoding', 'Content-Encoding': 'gzip', 'CF-Cache-Status': 'DYNAMIC', 'Report-To': '{"endpoints":[{"url":"https:\\/\\/a.nel.cloudflare.com\\/report\\/v4?s=3JA1URAvc4ZCoA2BBn7J9tfKHexaB%2FtrXPIz%2FVkTw%2F5nrwZ%2F%2FKn62sYG0gxHCqv220zdsXkpLPgvwgzQ5kwjl6rhqebMxM2q69%2BCKM%2Fh30ytryKf4F86vahco0u%2FKIXC"}],"group":"cf-nel","max_age":604800}', 'NEL': '{"success_fraction":0,"report_to":"cf-nel","max_age":604800}', 'Server': 'cloudflare', 'CF-RAY': '89195d4a8e2f5a09-IAD', 'alt-svc': 'h3=":443"; ma=86400'} 
 body={"results":[{"gender":"male","name":{"title":"Mr","first":"Clarence","last":"Crawford"},"location":{"street":{"number":102,"name":"Paddock Way"},"city":"Columbia","state":"Illinois","country":"United States","postcode":45666,"coordinates":{"latitude":"84.5184","longitude":"-44.4975"},"timezone":{"offset":"-1:00","description":"Azores, Cape Verde Islands"}},"email":"clarence.crawford@example.com","login":{"uuid":"22609346-9fa0-40ee-bd25-5701652ffd7d","username":"bigfrog425","password":"squash","salt":"K0Odc649","md5":"d8fa187b736644d3cf7aba32cc0aa02f","sha1":"371c9298a612ac8cf5132326a39b6d639796b3a3","sha256":"f697945c821534156011dfbba3a73880ff641d8452f5ff82d7bd18b59c222450"},"dob":{"date":"1970-09-22T15:28:33.353Z","age":53},"registered":{"date":"2002-09-30T21:00:03.132Z","age":21},"phone":"(531) 998-4835","cell":"(932) 821-3316","id":{"name":"SSN","value":"536-44-7471"},"picture":{"large":"https://randomuser.me/api/portraits/men/9.jpg","medium":"https://randomuser.me/api/portraits/med/men/9.jpg","thumbnail":"https://randomuser.me/api/portraits/thumb/men/9.jpg"},"nat":"US"}],"info":{"seed":"db20be25cc76f92d","results":1,"page":1,"version":"1.4"}} 
 </msg>
<msg time="2024-06-10T12:28:59.980252" level="INFO">/opt/hostedtoolcache/Python/3.12.3/x64/lib/python3.12/site-packages/urllib3/connectionpool.py:1103: InsecureRequestWarning: Unverified HTTPS request is being made to host 'randomuser.me'. Adding certificate verification is strongly advised. See: https://urllib3.readthedocs.io/en/latest/advanced-usage.html#tls-warnings
  warnings.warn(</msg>
<msg time="2024-06-10T12:28:59.980395" level="INFO">${response} = &lt;Response [200]&gt;</msg>
<var>${response}</var>
<arg>consultarAPI</arg>
<arg>/api</arg>
<doc>Sends a GET request on a previously created HTTP Session.</doc>
<status status="PASS" start="2024-06-10T12:28:59.794435" elapsed="0.186003"/>
</kw>
<kw name="Should Be Equal As Numbers" owner="BuiltIn">
<msg time="2024-06-10T12:28:59.981489" level="INFO">Argument types are:
&lt;class 'int'&gt;
&lt;class 'str'&gt;</msg>
<arg>${response.status_code}</arg>
<arg>200</arg>
<doc>Fails if objects are unequal after converting them to real numbers.</doc>
<status status="PASS" start="2024-06-10T12:28:59.980982" elapsed="0.000570"/>
</kw>
<kw name="Log" owner="BuiltIn">
<msg time="2024-06-10T12:28:59.982246" level="INFO">200</msg>
<arg>${response.status_code}</arg>
<doc>Logs the given message with the given level.</doc>
<status status="PASS" start="2024-06-10T12:28:59.981896" elapsed="0.000397"/>
</kw>
<kw name="Set Variable" owner="BuiltIn">
<msg time="2024-06-10T12:28:59.983028" level="INFO">${json_data} = {'results': [{'gender': 'male', 'name': {'title': 'Mr', 'first': 'Clarence', 'last': 'Crawford'}, 'location': {'street': {'number': 102, 'name': 'Paddock Way'}, 'city': 'Columbia', 'state': 'Illinois'...</msg>
<var>${json_data}</var>
<arg>${response.json()}</arg>
<doc>Returns the given values which can then be assigned to a variables.</doc>
<status status="PASS" start="2024-06-10T12:28:59.982593" elapsed="0.000463"/>
</kw>
<kw name="Dictionary Should Contain Key" owner="Collections">
<msg time="2024-06-10T12:28:59.983556" level="INFO">False</msg>
<arg>${json_data}</arg>
<arg>results</arg>
<doc>Fails if ``key`` is not found from ``dictionary``.</doc>
<status status="PASS" start="2024-06-10T12:28:59.983389" elapsed="0.000339"/>
</kw>
<status status="PASS" start="2024-06-10T12:28:59.794191" elapsed="0.189797"/>
</kw>
<doc>Testa se a API responde corretamente e retorna um objeto JSON válido.</doc>
<tag>testeRequisicaoBasica</tag>
<status status="PASS" start="2024-06-10T12:28:59.793684" elapsed="0.190480"/>
</test>
<test id="s1-s1-t3" name="Validar estrutura de resposta" line="22">
<kw name="Teste de Estrutura de Resposta" owner="random-user-service">
<kw name="GET On Session" owner="RequestsLibrary">
<msg time="2024-06-10T12:29:00.059504" level="INFO">GET Request : url=https://randomuser.me/api 
 path_url=/api 
 headers={'User-Agent': 'python-requests/2.32.3', 'Accept-Encoding': 'gzip, deflate', 'Accept': '*/*', 'Connection': 'keep-alive'} 
 body=None 
 </msg>
<msg time="2024-06-10T12:29:00.059575" level="INFO">GET Response : url=https://randomuser.me/api 
 status=200, reason=OK 
 headers={'Date': 'Mon, 10 Jun 2024 12:29:00 GMT', 'Content-Type': 'application/json; charset=utf-8', 'Transfer-Encoding': 'chunked', 'Connection': 'keep-alive', 'X-Powered-By': 'Express', 'Access-Control-Allow-Origin': '*', 'Cache-Control': 'no-cache', 'ETag': 'W/"48b-oWPsPh6q6PrdclARnJ9RA3WtzeY"', 'Vary': 'Accept-Encoding', 'Content-Encoding': 'gzip', 'CF-Cache-Status': 'DYNAMIC', 'Report-To': '{"endpoints":[{"url":"https:\\/\\/a.nel.cloudflare.com\\/report\\/v4?s=hFFvicFz%2Fhz0ThMs80k7hfUKKO72XZFqOaR72st9N5KJeckJkwKAHPJ%2BGN23TaVFyLCtd31GR2yhoCbefl3KTM0uUYiyUjVK1VHN4DuQjK1uqcMNRQDenZUjiXR%2FX7LF"}],"group":"cf-nel","max_age":604800}', 'NEL': '{"success_fraction":0,"report_to":"cf-nel","max_age":604800}', 'Server': 'cloudflare', 'CF-RAY': '89195d4aee8c5a09-IAD', 'alt-svc': 'h3=":443"; ma=86400'} 
 body={"results":[{"gender":"male","name":{"title":"Mr","first":"Noah","last":"Park"},"location":{"street":{"number":3044,"name":"36th Ave"},"city":"Fauquier","state":"Nunavut","country":"Canada","postcode":"H4G 2I8","coordinates":{"latitude":"-71.1607","longitude":"-153.5251"},"timezone":{"offset":"0:00","description":"Western Europe Time, London, Lisbon, Casablanca"}},"email":"noah.park@example.com","login":{"uuid":"bb740498-a917-4523-9d0c-f0c7ced288f1","username":"angryrabbit986","password":"sites","salt":"OLhEwime","md5":"42df687e37e33f2c93e5bdc2a6f2fd5e","sha1":"be6977e8e6c955646de922d18184d4ed56830e85","sha256":"fc949192948b139eb0fb76d994f5d8630ff650c04f0c0bdc12752ab81235a65b"},"dob":{"date":"1945-01-22T07:53:00.190Z","age":79},"registered":{"date":"2018-04-25T10:51:47.912Z","age":6},"phone":"U98 D55-9129","cell":"Z51 W18-6163","id":{"name":"SIN","value":"156437394"},"picture":{"large":"https://randomuser.me/api/portraits/men/45.jpg","medium":"https://randomuser.me/api/portraits/med/men/45.jpg","thumbnail":"https://randomuser.me/api/portraits/thumb/men/45.jpg"},"nat":"CA"}],"info":{"seed":"42917f62466d1fa4","results":1,"page":1,"version":"1.4"}} 
 </msg>
<msg time="2024-06-10T12:29:00.059671" level="INFO">/opt/hostedtoolcache/Python/3.12.3/x64/lib/python3.12/site-packages/urllib3/connectionpool.py:1103: InsecureRequestWarning: Unverified HTTPS request is being made to host 'randomuser.me'. Adding certificate verification is strongly advised. See: https://urllib3.readthedocs.io/en/latest/advanced-usage.html#tls-warnings
  warnings.warn(</msg>
<msg time="2024-06-10T12:29:00.059768" level="INFO">${response} = &lt;Response [200]&gt;</msg>
<var>${response}</var>
<arg>consultarAPI</arg>
<arg>/api</arg>
<doc>Sends a GET request on a previously created HTTP Session.</doc>
<status status="PASS" start="2024-06-10T12:28:59.986677" elapsed="0.073133"/>
</kw>
<kw name="Set Variable" owner="BuiltIn">
<msg time="2024-06-10T12:29:00.060668" level="INFO">${json_data} = {'results': [{'gender': 'male', 'name': {'title': 'Mr', 'first': 'Noah', 'last': 'Park'}, 'location': {'street': {'number': 3044, 'name': '36th Ave'}, 'city': 'Fauquier', 'state': 'Nunavut', 'country'...</msg>
<var>${json_data}</var>
<arg>${response.json()}</arg>
<doc>Returns the given values which can then be assigned to a variables.</doc>
<status status="PASS" start="2024-06-10T12:29:00.060205" elapsed="0.000492"/>
</kw>
<kw name="Log" owner="BuiltIn">
<msg time="2024-06-10T12:29:00.061161" level="INFO">{'results': [{'gender': 'male', 'name': {'title': 'Mr', 'first': 'Noah', 'last': 'Park'}, 'location': {'street': {'number': 3044, 'name': '36th Ave'}, 'city': 'Fauquier', 'state': 'Nunavut', 'country': 'Canada', 'postcode': 'H4G 2I8', 'coordinates': {'latitude': '-71.1607', 'longitude': '-153.5251'}, 'timezone': {'offset': '0:00', 'description': 'Western Europe Time, London, Lisbon, Casablanca'}}, 'email': 'noah.park@example.com', 'login': {'uuid': 'bb740498-a917-4523-9d0c-f0c7ced288f1', 'username': 'angryrabbit986', 'password': 'sites', 'salt': 'OLhEwime', 'md5': '42df687e37e33f2c93e5bdc2a6f2fd5e', 'sha1': 'be6977e8e6c955646de922d18184d4ed56830e85', 'sha256': 'fc949192948b139eb0fb76d994f5d8630ff650c04f0c0bdc12752ab81235a65b'}, 'dob': {'date': '1945-01-22T07:53:00.190Z', 'age': 79}, 'registered': {'date': '2018-04-25T10:51:47.912Z', 'age': 6}, 'phone': 'U98 D55-9129', 'cell': 'Z51 W18-6163', 'id': {'name': 'SIN', 'value': '156437394'}, 'picture': {'large': 'https://randomuser.me/api/portraits/men/45.jpg', 'medium': 'https://randomuser.me/api/portraits/med/men/45.jpg', 'thumbnail': 'https://randomuser.me/api/portraits/thumb/men/45.jpg'}, 'nat': 'CA'}], 'info': {'seed': '42917f62466d1fa4', 'results': 1, 'page': 1, 'version': '1.4'}}</msg>
<arg>${json_data}</arg>
<doc>Logs the given message with the given level.</doc>
<status status="PASS" start="2024-06-10T12:29:00.061004" elapsed="0.000205"/>
</kw>
<kw name="Dictionary Should Contain Key" owner="Collections">
<msg time="2024-06-10T12:29:00.061677" level="INFO">False</msg>
<arg>${json_data}</arg>
<arg>results</arg>
<doc>Fails if ``key`` is not found from ``dictionary``.</doc>
<status status="PASS" start="2024-06-10T12:29:00.061504" elapsed="0.000217"/>
</kw>
<kw name="Should Not Be Empty" owner="BuiltIn">
<msg time="2024-06-10T12:29:00.062158" level="INFO">Length is 2.</msg>
<arg>${json_data}</arg>
<doc>Verifies that the given item is not empty.</doc>
<status status="PASS" start="2024-06-10T12:29:00.062025" elapsed="0.000171"/>
</kw>
<kw name="Create List" owner="BuiltIn">
<msg time="2024-06-10T12:29:00.062649" level="INFO">${expected_keys} = ['gender', 'name', 'location', 'email', 'login']</msg>
<var>${expected_keys}</var>
<arg>gender</arg>
<arg>name</arg>
<arg>location</arg>
<arg>email</arg>
<arg>login</arg>
<doc>Returns a list containing given items.</doc>
<status status="PASS" start="2024-06-10T12:29:00.062499" elapsed="0.000174"/>
</kw>
<for flavor="IN">
<iter>
<kw name="Dictionary Should Contain Key" owner="Collections">
<msg time="2024-06-10T12:29:00.063692" level="INFO">False</msg>
<arg>${json_data['results'][0]}</arg>
<arg>${key}</arg>
<doc>Fails if ``key`` is not found from ``dictionary``.</doc>
<status status="PASS" start="2024-06-10T12:29:00.063244" elapsed="0.000491"/>
</kw>
<kw name="Log" owner="BuiltIn">
<msg time="2024-06-10T12:29:00.064403" level="INFO">{'gender': 'male', 'name': {'title': 'Mr', 'first': 'Noah', 'last': 'Park'}, 'location': {'street': {'number': 3044, 'name': '36th Ave'}, 'city': 'Fauquier', 'state': 'Nunavut', 'country': 'Canada', 'postcode': 'H4G 2I8', 'coordinates': {'latitude': '-71.1607', 'longitude': '-153.5251'}, 'timezone': {'offset': '0:00', 'description': 'Western Europe Time, London, Lisbon, Casablanca'}}, 'email': 'noah.park@example.com', 'login': {'uuid': 'bb740498-a917-4523-9d0c-f0c7ced288f1', 'username': 'angryrabbit986', 'password': 'sites', 'salt': 'OLhEwime', 'md5': '42df687e37e33f2c93e5bdc2a6f2fd5e', 'sha1': 'be6977e8e6c955646de922d18184d4ed56830e85', 'sha256': 'fc949192948b139eb0fb76d994f5d8630ff650c04f0c0bdc12752ab81235a65b'}, 'dob': {'date': '1945-01-22T07:53:00.190Z', 'age': 79}, 'registered': {'date': '2018-04-25T10:51:47.912Z', 'age': 6}, 'phone': 'U98 D55-9129', 'cell': 'Z51 W18-6163', 'id': {'name': 'SIN', 'value': '156437394'}, 'picture': {'large': 'https://randomuser.me/api/portraits/men/45.jpg', 'medium': 'https://randomuser.me/api/portraits/med/men/45.jpg', 'thumbnail': 'https://randomuser.me/api/portraits/thumb/men/45.jpg'}, 'nat': 'CA'}</msg>
<arg>${json_data['results'][0]}</arg>
<doc>Logs the given message with the given level.</doc>
<status status="PASS" start="2024-06-10T12:29:00.064039" elapsed="0.000413"/>
</kw>
<kw name="Log" owner="BuiltIn">
<msg time="2024-06-10T12:29:00.064888" level="INFO">gender</msg>
<arg>${key}</arg>
<doc>Logs the given message with the given level.</doc>
<status status="PASS" start="2024-06-10T12:29:00.064756" elapsed="0.000170"/>
</kw>
<var name="${key}">gender</var>
<status status="PASS" start="2024-06-10T12:29:00.063118" elapsed="0.002028"/>
</iter>
<iter>
<kw name="Dictionary Should Contain Key" owner="Collections">
<msg time="2024-06-10T12:29:00.065868" level="INFO">False</msg>
<arg>${json_data['results'][0]}</arg>
<arg>${key}</arg>
<doc>Fails if ``key`` is not found from ``dictionary``.</doc>
<status status="PASS" start="2024-06-10T12:29:00.065453" elapsed="0.000453"/>
</kw>
<kw name="Log" owner="BuiltIn">
<msg time="2024-06-10T12:29:00.066623" level="INFO">{'gender': 'male', 'name': {'title': 'Mr', 'first': 'Noah', 'last': 'Park'}, 'location': {'street': {'number': 3044, 'name': '36th Ave'}, 'city': 'Fauquier', 'state': 'Nunavut', 'country': 'Canada', 'postcode': 'H4G 2I8', 'coordinates': {'latitude': '-71.1607', 'longitude': '-153.5251'}, 'timezone': {'offset': '0:00', 'description': 'Western Europe Time, London, Lisbon, Casablanca'}}, 'email': 'noah.park@example.com', 'login': {'uuid': 'bb740498-a917-4523-9d0c-f0c7ced288f1', 'username': 'angryrabbit986', 'password': 'sites', 'salt': 'OLhEwime', 'md5': '42df687e37e33f2c93e5bdc2a6f2fd5e', 'sha1': 'be6977e8e6c955646de922d18184d4ed56830e85', 'sha256': 'fc949192948b139eb0fb76d994f5d8630ff650c04f0c0bdc12752ab81235a65b'}, 'dob': {'date': '1945-01-22T07:53:00.190Z', 'age': 79}, 'registered': {'date': '2018-04-25T10:51:47.912Z', 'age': 6}, 'phone': 'U98 D55-9129', 'cell': 'Z51 W18-6163', 'id': {'name': 'SIN', 'value': '156437394'}, 'picture': {'large': 'https://randomuser.me/api/portraits/men/45.jpg', 'medium': 'https://randomuser.me/api/portraits/med/men/45.jpg', 'thumbnail': 'https://randomuser.me/api/portraits/thumb/men/45.jpg'}, 'nat': 'CA'}</msg>
<arg>${json_data['results'][0]}</arg>
<doc>Logs the given message with the given level.</doc>
<status status="PASS" start="2024-06-10T12:29:00.066244" elapsed="0.000427"/>
</kw>
<kw name="Log" owner="BuiltIn">
<msg time="2024-06-10T12:29:00.067096" level="INFO">name</msg>
<arg>${key}</arg>
<doc>Logs the given message with the given level.</doc>
<status status="PASS" start="2024-06-10T12:29:00.066967" elapsed="0.000167"/>
</kw>
<var name="${key}">name</var>
<status status="PASS" start="2024-06-10T12:29:00.065337" elapsed="0.002049"/>
</iter>
<iter>
<kw name="Dictionary Should Contain Key" owner="Collections">
<msg time="2024-06-10T12:29:00.068057" level="INFO">False</msg>
<arg>${json_data['results'][0]}</arg>
<arg>${key}</arg>
<doc>Fails if ``key`` is not found from ``dictionary``.</doc>
<status status="PASS" start="2024-06-10T12:29:00.067680" elapsed="0.000415"/>
</kw>
<kw name="Log" owner="BuiltIn">
<msg time="2024-06-10T12:29:00.068767" level="INFO">{'gender': 'male', 'name': {'title': 'Mr', 'first': 'Noah', 'last': 'Park'}, 'location': {'street': {'number': 3044, 'name': '36th Ave'}, 'city': 'Fauquier', 'state': 'Nunavut', 'country': 'Canada', 'postcode': 'H4G 2I8', 'coordinates': {'latitude': '-71.1607', 'longitude': '-153.5251'}, 'timezone': {'offset': '0:00', 'description': 'Western Europe Time, London, Lisbon, Casablanca'}}, 'email': 'noah.park@example.com', 'login': {'uuid': 'bb740498-a917-4523-9d0c-f0c7ced288f1', 'username': 'angryrabbit986', 'password': 'sites', 'salt': 'OLhEwime', 'md5': '42df687e37e33f2c93e5bdc2a6f2fd5e', 'sha1': 'be6977e8e6c955646de922d18184d4ed56830e85', 'sha256': 'fc949192948b139eb0fb76d994f5d8630ff650c04f0c0bdc12752ab81235a65b'}, 'dob': {'date': '1945-01-22T07:53:00.190Z', 'age': 79}, 'registered': {'date': '2018-04-25T10:51:47.912Z', 'age': 6}, 'phone': 'U98 D55-9129', 'cell': 'Z51 W18-6163', 'id': {'name': 'SIN', 'value': '156437394'}, 'picture': {'large': 'https://randomuser.me/api/portraits/men/45.jpg', 'medium': 'https://randomuser.me/api/portraits/med/men/45.jpg', 'thumbnail': 'https://randomuser.me/api/portraits/thumb/men/45.jpg'}, 'nat': 'CA'}</msg>
<arg>${json_data['results'][0]}</arg>
<doc>Logs the given message with the given level.</doc>
<status status="PASS" start="2024-06-10T12:29:00.068402" elapsed="0.000422"/>
</kw>
<kw name="Log" owner="BuiltIn">
<msg time="2024-06-10T12:29:00.069252" level="INFO">location</msg>
<arg>${key}</arg>
<doc>Logs the given message with the given level.</doc>
<status status="PASS" start="2024-06-10T12:29:00.069123" elapsed="0.000167"/>
</kw>
<var name="${key}">location</var>
<status status="PASS" start="2024-06-10T12:29:00.067566" elapsed="0.001940"/>
</iter>
<iter>
<kw name="Dictionary Should Contain Key" owner="Collections">
<msg time="2024-06-10T12:29:00.070276" level="INFO">False</msg>
<arg>${json_data['results'][0]}</arg>
<arg>${key}</arg>
<doc>Fails if ``key`` is not found from ``dictionary``.</doc>
<status status="PASS" start="2024-06-10T12:29:00.069791" elapsed="0.000524"/>
</kw>
<kw name="Log" owner="BuiltIn">
<msg time="2024-06-10T12:29:00.070976" level="INFO">{'gender': 'male', 'name': {'title': 'Mr', 'first': 'Noah', 'last': 'Park'}, 'location': {'street': {'number': 3044, 'name': '36th Ave'}, 'city': 'Fauquier', 'state': 'Nunavut', 'country': 'Canada', 'postcode': 'H4G 2I8', 'coordinates': {'latitude': '-71.1607', 'longitude': '-153.5251'}, 'timezone': {'offset': '0:00', 'description': 'Western Europe Time, London, Lisbon, Casablanca'}}, 'email': 'noah.park@example.com', 'login': {'uuid': 'bb740498-a917-4523-9d0c-f0c7ced288f1', 'username': 'angryrabbit986', 'password': 'sites', 'salt': 'OLhEwime', 'md5': '42df687e37e33f2c93e5bdc2a6f2fd5e', 'sha1': 'be6977e8e6c955646de922d18184d4ed56830e85', 'sha256': 'fc949192948b139eb0fb76d994f5d8630ff650c04f0c0bdc12752ab81235a65b'}, 'dob': {'date': '1945-01-22T07:53:00.190Z', 'age': 79}, 'registered': {'date': '2018-04-25T10:51:47.912Z', 'age': 6}, 'phone': 'U98 D55-9129', 'cell': 'Z51 W18-6163', 'id': {'name': 'SIN', 'value': '156437394'}, 'picture': {'large': 'https://randomuser.me/api/portraits/men/45.jpg', 'medium': 'https://randomuser.me/api/portraits/med/men/45.jpg', 'thumbnail': 'https://randomuser.me/api/portraits/thumb/men/45.jpg'}, 'nat': 'CA'}</msg>
<arg>${json_data['results'][0]}</arg>
<doc>Logs the given message with the given level.</doc>
<status status="PASS" start="2024-06-10T12:29:00.070616" elapsed="0.000408"/>
</kw>
<kw name="Log" owner="BuiltIn">
<msg time="2024-06-10T12:29:00.071488" level="INFO">email</msg>
<arg>${key}</arg>
<doc>Logs the given message with the given level.</doc>
<status status="PASS" start="2024-06-10T12:29:00.071352" elapsed="0.000174"/>
</kw>
<var name="${key}">email</var>
<status status="PASS" start="2024-06-10T12:29:00.069680" elapsed="0.002064"/>
</iter>
<iter>
<kw name="Dictionary Should Contain Key" owner="Collections">
<msg time="2024-06-10T12:29:00.072421" level="INFO">False</msg>
<arg>${json_data['results'][0]}</arg>
<arg>${key}</arg>
<doc>Fails if ``key`` is not found from ``dictionary``.</doc>
<status status="PASS" start="2024-06-10T12:29:00.072038" elapsed="0.000421"/>
</kw>
<kw name="Log" owner="BuiltIn">
<msg time="2024-06-10T12:29:00.073121" level="INFO">{'gender': 'male', 'name': {'title': 'Mr', 'first': 'Noah', 'last': 'Park'}, 'location': {'street': {'number': 3044, 'name': '36th Ave'}, 'city': 'Fauquier', 'state': 'Nunavut', 'country': 'Canada', 'postcode': 'H4G 2I8', 'coordinates': {'latitude': '-71.1607', 'longitude': '-153.5251'}, 'timezone': {'offset': '0:00', 'description': 'Western Europe Time, London, Lisbon, Casablanca'}}, 'email': 'noah.park@example.com', 'login': {'uuid': 'bb740498-a917-4523-9d0c-f0c7ced288f1', 'username': 'angryrabbit986', 'password': 'sites', 'salt': 'OLhEwime', 'md5': '42df687e37e33f2c93e5bdc2a6f2fd5e', 'sha1': 'be6977e8e6c955646de922d18184d4ed56830e85', 'sha256': 'fc949192948b139eb0fb76d994f5d8630ff650c04f0c0bdc12752ab81235a65b'}, 'dob': {'date': '1945-01-22T07:53:00.190Z', 'age': 79}, 'registered': {'date': '2018-04-25T10:51:47.912Z', 'age': 6}, 'phone': 'U98 D55-9129', 'cell': 'Z51 W18-6163', 'id': {'name': 'SIN', 'value': '156437394'}, 'picture': {'large': 'https://randomuser.me/api/portraits/men/45.jpg', 'medium': 'https://randomuser.me/api/portraits/med/men/45.jpg', 'thumbnail': 'https://randomuser.me/api/portraits/thumb/men/45.jpg'}, 'nat': 'CA'}</msg>
<arg>${json_data['results'][0]}</arg>
<doc>Logs the given message with the given level.</doc>
<status status="PASS" start="2024-06-10T12:29:00.072753" elapsed="0.000415"/>
</kw>
<kw name="Log" owner="BuiltIn">
<msg time="2024-06-10T12:29:00.073596" level="INFO">login</msg>
<arg>${key}</arg>
<doc>Logs the given message with the given level.</doc>
<status status="PASS" start="2024-06-10T12:29:00.073468" elapsed="0.000167"/>
</kw>
<var name="${key}">login</var>
<status status="PASS" start="2024-06-10T12:29:00.071924" elapsed="0.001954"/>
</iter>
<var>${key}</var>
<value>@{expected_keys}</value>
<status status="PASS" start="2024-06-10T12:29:00.062930" elapsed="0.011076"/>
</for>
<kw name="Create List" owner="BuiltIn">
<msg time="2024-06-10T12:29:00.074370" level="INFO">${expected_keysTwo} = ['username', 'password']</msg>
<var>${expected_keysTwo}</var>
<arg>username</arg>
<arg>password</arg>
<doc>Returns a list containing given items.</doc>
<status status="PASS" start="2024-06-10T12:29:00.074218" elapsed="0.000184"/>
</kw>
<for flavor="IN">
<iter>
<kw name="Dictionary Should Contain Key" owner="Collections">
<msg time="2024-06-10T12:29:00.075341" level="INFO">False</msg>
<arg>${json_data['results'][0]['login']}</arg>
<arg>${keyTwo}</arg>
<doc>Fails if ``key`` is not found from ``dictionary``.</doc>
<status status="PASS" start="2024-06-10T12:29:00.074927" elapsed="0.000453"/>
</kw>
<kw name="Dictionary Should Contain Key" owner="Collections">
<msg time="2024-06-10T12:29:00.076067" level="INFO">False</msg>
<arg>${json_data['results'][0]['login']}</arg>
<arg>${keyTwo}</arg>
<doc>Fails if ``key`` is not found from ``dictionary``.</doc>
<status status="PASS" start="2024-06-10T12:29:00.075678" elapsed="0.000428"/>
</kw>
<kw name="Log" owner="BuiltIn">
<msg time="2024-06-10T12:29:00.076543" level="INFO">username</msg>
<arg>${keyTwo}</arg>
<doc>Logs the given message with the given level.</doc>
<status status="PASS" start="2024-06-10T12:29:00.076414" elapsed="0.000167"/>
</kw>
<var name="${keyTwo}">username</var>
<status status="PASS" start="2024-06-10T12:29:00.074803" elapsed="0.001992"/>
</iter>
<iter>
<kw name="Dictionary Should Contain Key" owner="Collections">
<msg time="2024-06-10T12:29:00.077458" level="INFO">False</msg>
<arg>${json_data['results'][0]['login']}</arg>
<arg>${keyTwo}</arg>
<doc>Fails if ``key`` is not found from ``dictionary``.</doc>
<status status="PASS" start="2024-06-10T12:29:00.077078" elapsed="0.000418"/>
</kw>
<kw name="Dictionary Should Contain Key" owner="Collections">
<msg time="2024-06-10T12:29:00.078169" level="INFO">False</msg>
<arg>${json_data['results'][0]['login']}</arg>
<arg>${keyTwo}</arg>
<doc>Fails if ``key`` is not found from ``dictionary``.</doc>
<status status="PASS" start="2024-06-10T12:29:00.077786" elapsed="0.000421"/>
</kw>
<kw name="Log" owner="BuiltIn">
<msg time="2024-06-10T12:29:00.078630" level="INFO">password</msg>
<arg>${keyTwo}</arg>
<doc>Logs the given message with the given level.</doc>
<status status="PASS" start="2024-06-10T12:29:00.078502" elapsed="0.000166"/>
</kw>
<var name="${keyTwo}">password</var>
<status status="PASS" start="2024-06-10T12:29:00.076968" elapsed="0.001916"/>
</iter>
<var>${keyTwo}</var>
<value>@{expected_keysTwo}</value>
<status status="PASS" start="2024-06-10T12:29:00.074650" elapsed="0.004357"/>
</for>
<status status="PASS" start="2024-06-10T12:28:59.986441" elapsed="0.092708"/>
</kw>
<doc>Testa a estrutura da resposta da API.</doc>
<tag>testeEstruturaResposta</tag>
<status status="PASS" start="2024-06-10T12:28:59.985961" elapsed="0.093378"/>
</test>
<test id="s1-s1-t4" name="Validar tipos de dados" line="28">
<kw name="Teste de Tipos de Dados" owner="random-user-service">
<kw name="GET On Session" owner="RequestsLibrary">
<msg time="2024-06-10T12:29:00.156392" level="INFO">GET Request : url=https://randomuser.me/api 
 path_url=/api 
 headers={'User-Agent': 'python-requests/2.32.3', 'Accept-Encoding': 'gzip, deflate', 'Accept': '*/*', 'Connection': 'keep-alive'} 
 body=None 
 </msg>
<msg time="2024-06-10T12:29:00.156478" level="INFO">GET Response : url=https://randomuser.me/api 
 status=200, reason=OK 
 headers={'Date': 'Mon, 10 Jun 2024 12:29:00 GMT', 'Content-Type': 'application/json; charset=utf-8', 'Transfer-Encoding': 'chunked', 'Connection': 'keep-alive', 'X-Powered-By': 'Express', 'Access-Control-Allow-Origin': '*', 'Cache-Control': 'no-cache', 'ETag': 'W/"484-oOe5gExYxG/yIUWQ2FKeXFTmisU"', 'Vary': 'Accept-Encoding', 'Content-Encoding': 'gzip', 'CF-Cache-Status': 'DYNAMIC', 'Report-To': '{"endpoints":[{"url":"https:\\/\\/a.nel.cloudflare.com\\/report\\/v4?s=ZQYKW5STOqJcCAPlS5HHBkFaRRjF6Ko2Fh2MkqsMWbSsEV7uCpYzX9MgAf75w0IMu610QRceAQ3LmbEW739eAi4RC7IjCnGh31nZCp%2FE473vAxjk6lhBpGP5Bi4WhGBV"}],"group":"cf-nel","max_age":604800}', 'NEL': '{"success_fraction":0,"report_to":"cf-nel","max_age":604800}', 'Server': 'cloudflare', 'CF-RAY': '89195d4b8f055a09-IAD', 'alt-svc': 'h3=":443"; ma=86400'} 
 body={"results":[{"gender":"male","name":{"title":"Mr","first":"Kasper","last":"Kivi"},"location":{"street":{"number":5030,"name":"Bulevardi"},"city":"Kemijärvi","state":"Pirkanmaa","country":"Finland","postcode":19866,"coordinates":{"latitude":"-21.7149","longitude":"-159.4773"},"timezone":{"offset":"-8:00","description":"Pacific Time (US &amp; Canada)"}},"email":"kasper.kivi@example.com","login":{"uuid":"65280481-2fef-4a79-9e3f-77eba70f3703","username":"brownzebra534","password":"taffy","salt":"k850QBL2","md5":"8c12415e53f2c3723acb76d37e4c6e9f","sha1":"3e66a45c5d83f0c26aae646c7609663dd4c757d0","sha256":"f1228a2f06414b6eab957cda07e55b06816b631f2c2b1c4ea662309bc0ca2c29"},"dob":{"date":"1973-01-01T08:53:06.248Z","age":51},"registered":{"date":"2021-01-01T02:54:00.164Z","age":3},"phone":"07-409-240","cell":"042-389-96-14","id":{"name":"HETU","value":"NaNNA991undefined"},"picture":{"large":"https://randomuser.me/api/portraits/men/71.jpg","medium":"https://randomuser.me/api/portraits/med/men/71.jpg","thumbnail":"https://randomuser.me/api/portraits/thumb/men/71.jpg"},"nat":"FI"}],"info":{"seed":"b652e8d4c063e81b","results":1,"page":1,"version":"1.4"}} 
 </msg>
<msg time="2024-06-10T12:29:00.156559" level="INFO">/opt/hostedtoolcache/Python/3.12.3/x64/lib/python3.12/site-packages/urllib3/connectionpool.py:1103: InsecureRequestWarning: Unverified HTTPS request is being made to host 'randomuser.me'. Adding certificate verification is strongly advised. See: https://urllib3.readthedocs.io/en/latest/advanced-usage.html#tls-warnings
  warnings.warn(</msg>
<msg time="2024-06-10T12:29:00.156644" level="INFO">${response} = &lt;Response [200]&gt;</msg>
<var>${response}</var>
<arg>consultarAPI</arg>
<arg>/api</arg>
<doc>Sends a GET request on a previously created HTTP Session.</doc>
<status status="PASS" start="2024-06-10T12:29:00.081778" elapsed="0.074892"/>
</kw>
<kw name="Set Variable" owner="BuiltIn">
<msg time="2024-06-10T12:29:00.157572" level="INFO">${json_data} = {'results': [{'gender': 'male', 'name': {'title': 'Mr', 'first': 'Kasper', 'last': 'Kivi'}, 'location': {'street': {'number': 5030, 'name': 'Bulevardi'}, 'city': 'Kemijärvi', 'state': 'Pirkanmaa', 'co...</msg>
<var>${json_data}</var>
<arg>${response.json()}</arg>
<doc>Returns the given values which can then be assigned to a variables.</doc>
<status status="PASS" start="2024-06-10T12:29:00.157076" elapsed="0.000527"/>
</kw>
<kw name="Log" owner="BuiltIn">
<msg time="2024-06-10T12:29:00.158070" level="INFO">{'results': [{'gender': 'male', 'name': {'title': 'Mr', 'first': 'Kasper', 'last': 'Kivi'}, 'location': {'street': {'number': 5030, 'name': 'Bulevardi'}, 'city': 'Kemijärvi', 'state': 'Pirkanmaa', 'country': 'Finland', 'postcode': 19866, 'coordinates': {'latitude': '-21.7149', 'longitude': '-159.4773'}, 'timezone': {'offset': '-8:00', 'description': 'Pacific Time (US &amp; Canada)'}}, 'email': 'kasper.kivi@example.com', 'login': {'uuid': '65280481-2fef-4a79-9e3f-77eba70f3703', 'username': 'brownzebra534', 'password': 'taffy', 'salt': 'k850QBL2', 'md5': '8c12415e53f2c3723acb76d37e4c6e9f', 'sha1': '3e66a45c5d83f0c26aae646c7609663dd4c757d0', 'sha256': 'f1228a2f06414b6eab957cda07e55b06816b631f2c2b1c4ea662309bc0ca2c29'}, 'dob': {'date': '1973-01-01T08:53:06.248Z', 'age': 51}, 'registered': {'date': '2021-01-01T02:54:00.164Z', 'age': 3}, 'phone': '07-409-240', 'cell': '042-389-96-14', 'id': {'name': 'HETU', 'value': 'NaNNA991undefined'}, 'picture': {'large': 'https://randomuser.me/api/portraits/men/71.jpg', 'medium': 'https://randomuser.me/api/portraits/med/men/71.jpg', 'thumbnail': 'https://randomuser.me/api/portraits/thumb/men/71.jpg'}, 'nat': 'FI'}], 'info': {'seed': 'b652e8d4c063e81b', 'results': 1, 'page': 1, 'version': '1.4'}}</msg>
<arg>${json_data}</arg>
<doc>Logs the given message with the given level.</doc>
<status status="PASS" start="2024-06-10T12:29:00.157910" elapsed="0.000242"/>
</kw>
<kw name="Should Be String" owner="String">
<arg>${json_data['results'][0]['gender']}</arg>
<doc>Fails if the given ``item`` is not a string.</doc>
<status status="PASS" start="2024-06-10T12:29:00.158450" elapsed="0.000365"/>
</kw>
<kw name="Should Match Regexp" owner="BuiltIn">
<arg>${json_data['results'][0]['email']}</arg>
<arg>^[a-zA-Z0-9._%+-]+@[a-zA-Z0-9.-]+\.[a-zA-Z]{2,}$</arg>
<doc>Fails if ``string`` does not match ``pattern`` as a regular expression.</doc>
<status status="PASS" start="2024-06-10T12:29:00.159006" elapsed="0.000680"/>
</kw>
<kw name="Should Match Regexp" owner="BuiltIn">
<arg>${json_data['results'][0]['dob']['date']}</arg>
<arg>\\d{4}-\\d{2}-\\d{2}T\\d{2}:\\d{2}:\\d{2}\\.\\d{3}Z</arg>
<doc>Fails if ``string`` does not match ``pattern`` as a regular expression.</doc>
<status status="PASS" start="2024-06-10T12:29:00.159885" elapsed="0.000491"/>
</kw>
<kw name="Should Match Regexp" owner="BuiltIn">
<arg>${json_data['results'][0]['registered']['date']}</arg>
<arg>\\d{4}-\\d{2}-\\d{2}T\\d{2}:\\d{2}:\\d{2}\\.\\d{3}Z</arg>
<doc>Fails if ``string`` does not match ``pattern`` as a regular expression.</doc>
<status status="PASS" start="2024-06-10T12:29:00.160570" elapsed="0.000369"/>
</kw>
<kw name="Should Match Regexp" owner="BuiltIn">
<arg>${json_data['results'][0]['picture']['large']}</arg>
<arg>^https?://.*\.(?:png|jpe?g|gif|bmp)$</arg>
<doc>Fails if ``string`` does not match ``pattern`` as a regular expression.</doc>
<status status="PASS" start="2024-06-10T12:29:00.161127" elapsed="0.000463"/>
</kw>
<kw name="Should Match Regexp" owner="BuiltIn">
<arg>${json_data['results'][0]['picture']['medium']}</arg>
<arg>^https?://.*\.(?:png|jpe?g|gif|bmp)$</arg>
<doc>Fails if ``string`` does not match ``pattern`` as a regular expression.</doc>
<status status="PASS" start="2024-06-10T12:29:00.161780" elapsed="0.000351"/>
</kw>
<kw name="Should Match Regexp" owner="BuiltIn">
<arg>${json_data['results'][0]['picture']['thumbnail']}</arg>
<arg>^https?://.*\.(?:png|jpe?g|gif|bmp)$</arg>
<doc>Fails if ``string`` does not match ``pattern`` as a regular expression.</doc>
<status status="PASS" start="2024-06-10T12:29:00.162316" elapsed="0.000347"/>
</kw>
<kw name="Log" owner="BuiltIn">
<msg time="2024-06-10T12:29:00.163162" level="INFO">{'large': 'https://randomuser.me/api/portraits/men/71.jpg', 'medium': 'https://randomuser.me/api/portraits/med/men/71.jpg', 'thumbnail': 'https://randomuser.me/api/portraits/thumb/men/71.jpg'}</msg>
<arg>${json_data['results'][0]['picture']}</arg>
<doc>Logs the given message with the given level.</doc>
<status status="PASS" start="2024-06-10T12:29:00.162843" elapsed="0.000361"/>
</kw>
<status status="PASS" start="2024-06-10T12:29:00.081547" elapsed="0.081940"/>
</kw>
<kw name="Teste de Tipos de Dados - Postcode" owner="random-user-service">
<kw name="GET On Session" owner="RequestsLibrary">
<msg time="2024-06-10T12:29:00.263621" level="INFO">GET Request : url=https://randomuser.me/api 
 path_url=/api 
 headers={'User-Agent': 'python-requests/2.32.3', 'Accept-Encoding': 'gzip, deflate', 'Accept': '*/*', 'Connection': 'keep-alive'} 
 body=None 
 </msg>
<msg time="2024-06-10T12:29:00.263713" level="INFO">GET Response : url=https://randomuser.me/api 
 status=200, reason=OK 
 headers={'Date': 'Mon, 10 Jun 2024 12:29:00 GMT', 'Content-Type': 'application/json; charset=utf-8', 'Transfer-Encoding': 'chunked', 'Connection': 'keep-alive', 'X-Powered-By': 'Express', 'Access-Control-Allow-Origin': '*', 'Cache-Control': 'no-cache', 'ETag': 'W/"495-b+8nV9AI4MVfjemZmJpA/qycav4"', 'Vary': 'Accept-Encoding', 'Content-Encoding': 'gzip', 'CF-Cache-Status': 'DYNAMIC', 'Report-To': '{"endpoints":[{"url":"https:\\/\\/a.nel.cloudflare.com\\/report\\/v4?s=WKF6rGnyU%2BkXtr%2BvPDYmq%2B%2B8ha3fy5dU7Ml3ZZFyCNh5I2%2FazyumOX%2F6CX7rpKIP85raQQb6pn9SDCgFoC5rr%2BOvheA7C39RbmpUKqVrM4qkNre51MKvgZLFE0ZUFgsy"}],"group":"cf-nel","max_age":604800}', 'NEL': '{"success_fraction":0,"report_to":"cf-nel","max_age":604800}', 'Server': 'cloudflare', 'CF-RAY': '89195d4c0f625a09-IAD', 'alt-svc': 'h3=":443"; ma=86400'} 
 body={"results":[{"gender":"female","name":{"title":"Miss","first":"Henny","last":"Oshaug"},"location":{"street":{"number":1658,"name":"Pottemakerveien"},"city":"Hogsetfeltet","state":"Vestfold","country":"Norway","postcode":"2208","coordinates":{"latitude":"41.0933","longitude":"171.6735"},"timezone":{"offset":"-5:00","description":"Eastern Time (US &amp; Canada), Bogota, Lima"}},"email":"henny.oshaug@example.com","login":{"uuid":"6a232a4f-ec10-44b8-b1cf-501a7de3d11f","username":"yellowgoose145","password":"roses","salt":"XecqRFoe","md5":"b0a3fc533bcdfa33583806a61bbcdb98","sha1":"c94231300b432b210d955be206a608607effa9ac","sha256":"5e3df8198f5b327912f3ee45941b94d42f524ccbf0eb65b16e4e2c7c4776daea"},"dob":{"date":"1950-02-12T08:40:49.192Z","age":74},"registered":{"date":"2015-06-24T18:25:59.693Z","age":8},"phone":"89180097","cell":"94760235","id":{"name":"FN","value":"12025047433"},"picture":{"large":"https://randomuser.me/api/portraits/women/46.jpg","medium":"https://randomuser.me/api/portraits/med/women/46.jpg","thumbnail":"https://randomuser.me/api/portraits/thumb/women/46.jpg"},"nat":"NO"}],"info":{"seed":"dd8b39e16dcc41ae","results":1,"page":1,"version":"1.4"}} 
 </msg>
<msg time="2024-06-10T12:29:00.263778" level="INFO">/opt/hostedtoolcache/Python/3.12.3/x64/lib/python3.12/site-packages/urllib3/connectionpool.py:1103: InsecureRequestWarning: Unverified HTTPS request is being made to host 'randomuser.me'. Adding certificate verification is strongly advised. See: https://urllib3.readthedocs.io/en/latest/advanced-usage.html#tls-warnings
  warnings.warn(</msg>
<msg time="2024-06-10T12:29:00.263884" level="INFO">${response} = &lt;Response [200]&gt;</msg>
<var>${response}</var>
<arg>consultarAPI</arg>
<arg>/api</arg>
<doc>Sends a GET request on a previously created HTTP Session.</doc>
<status status="PASS" start="2024-06-10T12:29:00.163915" elapsed="0.100008"/>
</kw>
<kw name="Set Variable" owner="BuiltIn">
<msg time="2024-06-10T12:29:00.264839" level="INFO">${json_data} = {'results': [{'gender': 'female', 'name': {'title': 'Miss', 'first': 'Henny', 'last': 'Oshaug'}, 'location': {'street': {'number': 1658, 'name': 'Pottemakerveien'}, 'city': 'Hogsetfeltet', 'state': 'V...</msg>
<var>${json_data}</var>
<arg>${response.json()}</arg>
<doc>Returns the given values which can then be assigned to a variables.</doc>
<status status="PASS" start="2024-06-10T12:29:00.264363" elapsed="0.000504"/>
</kw>
<kw name="Log" owner="BuiltIn">
<msg time="2024-06-10T12:29:00.265325" level="INFO">{'results': [{'gender': 'female', 'name': {'title': 'Miss', 'first': 'Henny', 'last': 'Oshaug'}, 'location': {'street': {'number': 1658, 'name': 'Pottemakerveien'}, 'city': 'Hogsetfeltet', 'state': 'Vestfold', 'country': 'Norway', 'postcode': '2208', 'coordinates': {'latitude': '41.0933', 'longitude': '171.6735'}, 'timezone': {'offset': '-5:00', 'description': 'Eastern Time (US &amp; Canada), Bogota, Lima'}}, 'email': 'henny.oshaug@example.com', 'login': {'uuid': '6a232a4f-ec10-44b8-b1cf-501a7de3d11f', 'username': 'yellowgoose145', 'password': 'roses', 'salt': 'XecqRFoe', 'md5': 'b0a3fc533bcdfa33583806a61bbcdb98', 'sha1': 'c94231300b432b210d955be206a608607effa9ac', 'sha256': '5e3df8198f5b327912f3ee45941b94d42f524ccbf0eb65b16e4e2c7c4776daea'}, 'dob': {'date': '1950-02-12T08:40:49.192Z', 'age': 74}, 'registered': {'date': '2015-06-24T18:25:59.693Z', 'age': 8}, 'phone': '89180097', 'cell': '94760235', 'id': {'name': 'FN', 'value': '12025047433'}, 'picture': {'large': 'https://randomuser.me/api/portraits/women/46.jpg', 'medium': 'https://randomuser.me/api/portraits/med/women/46.jpg', 'thumbnail': 'https://randomuser.me/api/portraits/thumb/women/46.jpg'}, 'nat': 'NO'}], 'info': {'seed': 'dd8b39e16dcc41ae', 'results': 1, 'page': 1, 'version': '1.4'}}</msg>
<arg>${json_data}</arg>
<doc>Logs the given message with the given level.</doc>
<status status="PASS" start="2024-06-10T12:29:00.265172" elapsed="0.000248"/>
</kw>
<kw name="Should Be Equal As Numbers" owner="BuiltIn">
<arg>${json_data['results'][0]['location']['postcode']}</arg>
<arg>${json_data['results'][0]['location']['postcode']}</arg>
<doc>Fails if objects are unequal after converting them to real numbers.</doc>
<status status="PASS" start="2024-06-10T12:29:00.265726" elapsed="0.000640"/>
</kw>
<kw name="Log" owner="BuiltIn">
<msg time="2024-06-10T12:29:00.266888" level="INFO">2208</msg>
<arg>${json_data['results'][0]['location']['postcode']}</arg>
<doc>Logs the given message with the given level.</doc>
<status status="PASS" start="2024-06-10T12:29:00.266557" elapsed="0.000372"/>
</kw>
<status status="PASS" start="2024-06-10T12:29:00.163699" elapsed="0.103487"/>
</kw>
<doc>Testa se os tipos de dados na resposta da API estão corretos.</doc>
<tag>testeTiposDados</tag>
<status status="PASS" start="2024-06-10T12:29:00.081098" elapsed="0.186296"/>
</test>
<test id="s1-s1-t5" name="Validar conteudo" line="35">
<kw name="Teste de Tipos de Conteudo" owner="random-user-service">
<kw name="GET On Session" owner="RequestsLibrary">
<msg time="2024-06-10T12:29:00.358214" level="INFO">GET Request : url=https://randomuser.me/api 
 path_url=/api 
 headers={'User-Agent': 'python-requests/2.32.3', 'Accept-Encoding': 'gzip, deflate', 'Accept': '*/*', 'Connection': 'keep-alive'} 
 body=None 
 </msg>
<msg time="2024-06-10T12:29:00.358300" level="INFO">GET Response : url=https://randomuser.me/api 
 status=200, reason=OK 
 headers={'Date': 'Mon, 10 Jun 2024 12:29:00 GMT', 'Content-Type': 'application/json; charset=utf-8', 'Transfer-Encoding': 'chunked', 'Connection': 'keep-alive', 'X-Powered-By': 'Express', 'Access-Control-Allow-Origin': '*', 'Cache-Control': 'no-cache', 'ETag': 'W/"488-k1ywD/D/YrbJyFqoZquOIxqHMLM"', 'Vary': 'Accept-Encoding', 'Content-Encoding': 'gzip', 'CF-Cache-Status': 'DYNAMIC', 'Report-To': '{"endpoints":[{"url":"https:\\/\\/a.nel.cloudflare.com\\/report\\/v4?s=pq8VyD66V9Q48ERdPoklcPCdRIFHlygtuuYZ31g8puUq1I%2F0WK9kXfdxFnSMWzm6afIVeKBZjuOkIim9%2FqqYqTb%2BN8oZL1380%2FfbRtRARavitW%2BiRpaIYYtQHl1YSdfB"}],"group":"cf-nel","max_age":604800}', 'NEL': '{"success_fraction":0,"report_to":"cf-nel","max_age":604800}', 'Server': 'cloudflare', 'CF-RAY': '89195d4cbfde5a09-IAD', 'alt-svc': 'h3=":443"; ma=86400'} 
 body={"results":[{"gender":"male","name":{"title":"Mr","first":"Terry","last":"Klaasse"},"location":{"street":{"number":4625,"name":"Echterboschbaan"},"city":"Putte","state":"Friesland","country":"Netherlands","postcode":"2395 UA","coordinates":{"latitude":"33.7016","longitude":"-85.4571"},"timezone":{"offset":"+6:00","description":"Almaty, Dhaka, Colombo"}},"email":"terry.klaasse@example.com","login":{"uuid":"e5c77b36-f0a1-4ad6-8367-2aa3d7170932","username":"happyladybug233","password":"charity","salt":"8bOfN2As","md5":"bbb7843d4fd2faec7271283501544385","sha1":"b1665f338ce81fa8aee2f2073aa01f31c853d50c","sha256":"bf736fa92fe0c726219a2d6348afb7861e853797683733a31fcb88171140abfe"},"dob":{"date":"1983-01-03T21:53:02.403Z","age":41},"registered":{"date":"2015-06-01T10:46:30.157Z","age":9},"phone":"(084) 1406118","cell":"(06) 05169829","id":{"name":"BSN","value":"47042416"},"picture":{"large":"https://randomuser.me/api/portraits/men/22.jpg","medium":"https://randomuser.me/api/portraits/med/men/22.jpg","thumbnail":"https://randomuser.me/api/portraits/thumb/men/22.jpg"},"nat":"NL"}],"info":{"seed":"54014c6eb2e5c02b","results":1,"page":1,"version":"1.4"}} 
 </msg>
<msg time="2024-06-10T12:29:00.358372" level="INFO">/opt/hostedtoolcache/Python/3.12.3/x64/lib/python3.12/site-packages/urllib3/connectionpool.py:1103: InsecureRequestWarning: Unverified HTTPS request is being made to host 'randomuser.me'. Adding certificate verification is strongly advised. See: https://urllib3.readthedocs.io/en/latest/advanced-usage.html#tls-warnings
  warnings.warn(</msg>
<msg time="2024-06-10T12:29:00.358494" level="INFO">${response} = &lt;Response [200]&gt;</msg>
<var>${response}</var>
<arg>consultarAPI</arg>
<arg>/api</arg>
<doc>Sends a GET request on a previously created HTTP Session.</doc>
<status status="PASS" start="2024-06-10T12:29:00.270196" elapsed="0.088340"/>
</kw>
<kw name="Set Variable" owner="BuiltIn">
<msg time="2024-06-10T12:29:00.359538" level="INFO">${json_data} = {'results': [{'gender': 'male', 'name': {'title': 'Mr', 'first': 'Terry', 'last': 'Klaasse'}, 'location': {'street': {'number': 4625, 'name': 'Echterboschbaan'}, 'city': 'Putte', 'state': 'Friesland',...</msg>
<var>${json_data}</var>
<arg>${response.json()}</arg>
<doc>Returns the given values which can then be assigned to a variables.</doc>
<status status="PASS" start="2024-06-10T12:29:00.359044" elapsed="0.000522"/>
</kw>
<kw name="Set Variable" owner="BuiltIn">
<msg time="2024-06-10T12:29:00.360249" level="INFO">${name_title} = Mr</msg>
<var>${name_title}</var>
<arg>${json_data["results"][0]["name"]["title"]}</arg>
<doc>Returns the given values which can then be assigned to a variables.</doc>
<status status="PASS" start="2024-06-10T12:29:00.359870" elapsed="0.000404"/>
</kw>
<kw name="Create List" owner="BuiltIn">
<msg time="2024-06-10T12:29:00.360715" level="INFO">${allowed_titles} = ['Mr', 'Ms', 'Miss', 'Mrs', 'Madame', 'Monsieur']</msg>
<var>${allowed_titles}</var>
<arg>Mr</arg>
<arg>Ms</arg>
<arg>Miss</arg>
<arg>Mrs</arg>
<arg>Madame</arg>
<arg>Monsieur</arg>
<doc>Returns a list containing given items.</doc>
<status status="PASS" start="2024-06-10T12:29:00.360567" elapsed="0.000173"/>
</kw>
<kw name="List Should Contain Value" owner="Collections">
<msg time="2024-06-10T12:29:00.361222" level="INFO">False</msg>
<arg>${allowed_titles}</arg>
<arg>${name_title}</arg>
<doc>Fails if the ``value`` is not found from ``list``.</doc>
<status status="PASS" start="2024-06-10T12:29:00.361043" elapsed="0.000216"/>
</kw>
<kw name="Set Variable" owner="BuiltIn">
<msg time="2024-06-10T12:29:00.362090" level="INFO">${name_country} = NL</msg>
<var>${name_country}</var>
<arg>${json_data["results"][0]["nat"]}</arg>
<doc>Returns the given values which can then be assigned to a variables.</doc>
<status status="PASS" start="2024-06-10T12:29:00.361553" elapsed="0.000562"/>
</kw>
<kw name="Create List" owner="BuiltIn">
<msg time="2024-06-10T12:29:00.363078" level="INFO">${list_country} = ['AD', 'AE', 'AF', 'AG', 'AI', 'AL', 'AM', 'AO', 'AQ', 'AR', 'AS', 'AT', 'AU', 'AW', 'AX', 'AZ', 'BA', 'BB', 'BD', 'BE', 'BF', 'BG', 'BH', 'BI', 'BJ', 'BL', 'BM', 'BN', 'BO', 'BQ', 'BR', 'BS', 'BT', '...</msg>
<var>${list_country}</var>
<arg>AD</arg>
<arg>AE</arg>
<arg>AF</arg>
<arg>AG</arg>
<arg>AI</arg>
<arg>AL</arg>
<arg>AM</arg>
<arg>AO</arg>
<arg>AQ</arg>
<arg>AR</arg>
<arg>AS</arg>
<arg>AT</arg>
<arg>AU</arg>
<arg>AW</arg>
<arg>AX</arg>
<arg>AZ</arg>
<arg>BA</arg>
<arg>BB</arg>
<arg>BD</arg>
<arg>BE</arg>
<arg>BF</arg>
<arg>BG</arg>
<arg>BH</arg>
<arg>BI</arg>
<arg>BJ</arg>
<arg>BL</arg>
<arg>BM</arg>
<arg>BN</arg>
<arg>BO</arg>
<arg>BQ</arg>
<arg>BR</arg>
<arg>BS</arg>
<arg>BT</arg>
<arg>BV</arg>
<arg>BW</arg>
<arg>BY</arg>
<arg>BZ</arg>
<arg>CA</arg>
<arg>CC</arg>
<arg>CD</arg>
<arg>CF</arg>
<arg>CG</arg>
<arg>CH</arg>
<arg>CI</arg>
<arg>CK</arg>
<arg>CL</arg>
<arg>CM</arg>
<arg>CN</arg>
<arg>CO</arg>
<arg>CR</arg>
<arg>CU</arg>
<arg>CV</arg>
<arg>CW</arg>
<arg>CX</arg>
<arg>CY</arg>
<arg>CZ</arg>
<arg>DE</arg>
<arg>DJ</arg>
<arg>DK</arg>
<arg>DM</arg>
<arg>DO</arg>
<arg>DZ</arg>
<arg>EC</arg>
<arg>EE</arg>
<arg>EG</arg>
<arg>EH</arg>
<arg>ER</arg>
<arg>ES</arg>
<arg>ET</arg>
<arg>FI</arg>
<arg>FJ</arg>
<arg>FK</arg>
<arg>FM</arg>
<arg>FO</arg>
<arg>FR</arg>
<arg>GA</arg>
<arg>GB</arg>
<arg>GD</arg>
<arg>GE</arg>
<arg>GF</arg>
<arg>GG</arg>
<arg>GH</arg>
<arg>GI</arg>
<arg>GL</arg>
<arg>GM</arg>
<arg>GN</arg>
<arg>GP</arg>
<arg>GQ</arg>
<arg>GR</arg>
<arg>GS</arg>
<arg>GT</arg>
<arg>GU</arg>
<arg>GW</arg>
<arg>GY</arg>
<arg>HK</arg>
<arg>HM</arg>
<arg>HN</arg>
<arg>HR</arg>
<arg>HT</arg>
<arg>HU</arg>
<arg>ID</arg>
<arg>IE</arg>
<arg>IL</arg>
<arg>IM</arg>
<arg>IN</arg>
<arg>IO</arg>
<arg>IQ</arg>
<arg>IR</arg>
<arg>IS</arg>
<arg>IT</arg>
<arg>JE</arg>
<arg>JM</arg>
<arg>JO</arg>
<arg>JP</arg>
<arg>KE</arg>
<arg>KG</arg>
<arg>KH</arg>
<arg>KI</arg>
<arg>KM</arg>
<arg>KN</arg>
<arg>KP</arg>
<arg>KR</arg>
<arg>KW</arg>
<arg>KY</arg>
<arg>KZ</arg>
<arg>LA</arg>
<arg>LB</arg>
<arg>LC</arg>
<arg>LI</arg>
<arg>LK</arg>
<arg>LR</arg>
<arg>LS</arg>
<arg>LT</arg>
<arg>LU</arg>
<arg>LV</arg>
<arg>LY</arg>
<arg>MA</arg>
<arg>MC</arg>
<arg>MD</arg>
<arg>ME</arg>
<arg>MF</arg>
<arg>MG</arg>
<arg>MH</arg>
<arg>MK</arg>
<arg>ML</arg>
<arg>MM</arg>
<arg>MN</arg>
<arg>MO</arg>
<arg>MP</arg>
<arg>MQ</arg>
<arg>MR</arg>
<arg>MS</arg>
<arg>MT</arg>
<arg>MU</arg>
<arg>MV</arg>
<arg>MW</arg>
<arg>MX</arg>
<arg>MY</arg>
<arg>MZ</arg>
<arg>NA</arg>
<arg>NC</arg>
<arg>NE</arg>
<arg>NF</arg>
<arg>NG</arg>
<arg>NI</arg>
<arg>NL</arg>
<arg>NO</arg>
<arg>NP</arg>
<arg>NR</arg>
<arg>NU</arg>
<arg>NZ</arg>
<arg>OM</arg>
<arg>PA</arg>
<arg>PE</arg>
<arg>PF</arg>
<arg>PG</arg>
<arg>PH</arg>
<arg>PK</arg>
<arg>PL</arg>
<arg>PM</arg>
<arg>PN</arg>
<arg>PR</arg>
<arg>PS</arg>
<arg>PT</arg>
<arg>PW</arg>
<arg>PY</arg>
<arg>QA</arg>
<arg>RE</arg>
<arg>RO</arg>
<arg>RS</arg>
<arg>RU</arg>
<arg>RW</arg>
<arg>SA</arg>
<arg>SB</arg>
<arg>SC</arg>
<arg>SD</arg>
<arg>SE</arg>
<arg>SG</arg>
<arg>SH</arg>
<arg>SI</arg>
<arg>SJ</arg>
<arg>SK</arg>
<arg>SL</arg>
<arg>SM</arg>
<arg>SN</arg>
<arg>SO</arg>
<arg>SR</arg>
<arg>SS</arg>
<arg>ST</arg>
<arg>SV</arg>
<arg>SX</arg>
<arg>SY</arg>
<arg>SZ</arg>
<arg>TC</arg>
<arg>TD</arg>
<arg>TF</arg>
<arg>TG</arg>
<arg>TH</arg>
<arg>TJ</arg>
<arg>TK</arg>
<arg>TL</arg>
<arg>TM</arg>
<arg>TN</arg>
<arg>TO</arg>
<arg>TR</arg>
<arg>TT</arg>
<arg>TV</arg>
<arg>TW</arg>
<arg>TZ</arg>
<arg>UA</arg>
<arg>UG</arg>
<arg>UM</arg>
<arg>US</arg>
<arg>UY</arg>
<arg>UZ</arg>
<arg>VA</arg>
<arg>VC</arg>
<arg>VE</arg>
<arg>VG</arg>
<arg>VI</arg>
<arg>VN</arg>
<arg>VU</arg>
<arg>WF</arg>
<arg>WS</arg>
<arg>XK</arg>
<arg>YE</arg>
<arg>YT</arg>
<arg>ZA</arg>
<arg>ZM</arg>
<arg>ZW</arg>
<doc>Returns a list containing given items.</doc>
<status status="PASS" start="2024-06-10T12:29:00.362440" elapsed="0.000664"/>
</kw>
<kw name="List Should Contain Value" owner="Collections">
<msg time="2024-06-10T12:29:00.364118" level="INFO">False</msg>
<arg>${list_country}</arg>
<arg>${name_country}</arg>
<doc>Fails if the ``value`` is not found from ``list``.</doc>
<status status="PASS" start="2024-06-10T12:29:00.363915" elapsed="0.000239"/>
</kw>
<kw name="Run Keyword If" owner="BuiltIn">
<kw name="Should Be True" owner="BuiltIn">
<arg>${True}</arg>
<doc>Fails if the given condition is not true.</doc>
<status status="PASS" start="2024-06-10T12:29:00.365228" elapsed="0.000143"/>
</kw>
<arg>${json_data["results"][0]["location"]["coordinates"]["latitude"]} &gt;= -90 and ${json_data["results"][0]["location"]["coordinates"]["latitude"]} &lt;= 90</arg>
<arg>Should Be True</arg>
<arg>${True}</arg>
<doc>Runs the given keyword with the given arguments, if ``condition`` is true.</doc>
<status status="PASS" start="2024-06-10T12:29:00.364474" elapsed="0.001024"/>
</kw>
<kw name="Run Keyword If" owner="BuiltIn">
<kw name="Should Be True" owner="BuiltIn">
<arg>${True}</arg>
<doc>Fails if the given condition is not true.</doc>
<status status="PASS" start="2024-06-10T12:29:00.366389" elapsed="0.000139"/>
</kw>
<arg>${json_data["results"][0]["location"]["coordinates"]["longitude"]} &gt;= -180 and ${json_data["results"][0]["location"]["coordinates"]["longitude"]} &lt;= 180</arg>
<arg>Should Be True</arg>
<arg>${True}</arg>
<doc>Runs the given keyword with the given arguments, if ``condition`` is true.</doc>
<status status="PASS" start="2024-06-10T12:29:00.365692" elapsed="0.000959"/>
</kw>
<status status="PASS" start="2024-06-10T12:29:00.269820" elapsed="0.096968"/>
</kw>
<doc>Testa o conteúdo específico dos campos retornados pela API.</doc>
<tag>testeConteudo</tag>
<status status="PASS" start="2024-06-10T12:29:00.269140" elapsed="0.097790"/>
</test>
<status status="PASS" start="2024-06-10T12:28:59.413028" elapsed="0.955897"/>
</suite>
<status status="PASS" start="2024-06-10T12:28:59.399656" elapsed="0.974522"/>
</suite>
<statistics>
<total>
<stat pass="5" fail="0" skip="0">All Tests</stat>
</total>
<tag>
<stat pass="1" fail="0" skip="0">testeConteudo</stat>
<stat pass="1" fail="0" skip="0">testeEstruturaResposta</stat>
<stat pass="1" fail="0" skip="0">testeRequisicaoBasica</stat>
<stat pass="1" fail="0" skip="0">testeTiposDados</stat>
</tag>
<suite>
<stat pass="5" fail="0" skip="0" id="s1" name="Tests">Tests</stat>
<stat pass="5" fail="0" skip="0" id="s1-s1" name="Random-User-Test">Tests.Random-User-Test</stat>
</suite>
</statistics>
<errors>
</errors>
</robot>
