<?xml version="1.0" encoding="UTF-8"?>
<robot generator="Robot 7.0.1 (Python 3.12.4 on linux)" generated="2024-07-23T04:18:08.311685" rpa="false" schemaversion="5">
<suite id="s1" name="Tests" source="/home/runner/work/ApiRandomUser/ApiRandomUser/RamdonUser/tests">
<suite id="s1-s1" name="Random-User-Test" source="/home/runner/work/ApiRandomUser/ApiRandomUser/RamdonUser/tests/random-user-test.robot">
<test id="s1-s1-t1" name="Conectar" line="13">
<kw name="Conectar API" owner="random-user-service">
<kw name="Create Session" owner="RequestsLibrary">
<msg time="2024-07-23T04:18:08.706763" level="INFO">Creating Session using : alias=consultarAPI, url=https://randomuser.me/, headers={},                     cookies={}, auth=None, timeout=None, proxies=None, verify=False,                     debug=0 </msg>
<arg>consultarAPI</arg>
<arg>${URL}</arg>
<doc>Create Session: create a HTTP session to a server</doc>
<status status="PASS" start="2024-07-23T04:18:08.706563" elapsed="0.000386"/>
</kw>
<status status="PASS" start="2024-07-23T04:18:08.705504" elapsed="0.001833"/>
</kw>
<status status="PASS" start="2024-07-23T04:18:08.704952" elapsed="0.002580"/>
</test>
<test id="s1-s1-t2" name="Validar retorno 200 e JSON Válido" line="16">
<kw name="Teste de Requisicao Basica" owner="random-user-service">
<kw name="GET On Session" owner="RequestsLibrary">
<msg time="2024-07-23T04:18:08.840080" level="INFO">GET Request : url=https://randomuser.me/api 
 path_url=/api 
 headers={'User-Agent': 'python-requests/2.32.3', 'Accept-Encoding': 'gzip, deflate', 'Accept': '*/*', 'Connection': 'keep-alive'} 
 body=None 
 </msg>
<msg time="2024-07-23T04:18:08.840236" level="INFO">GET Response : url=https://randomuser.me/api 
 status=200, reason=OK 
 headers={'Date': 'Tue, 23 Jul 2024 04:18:08 GMT', 'Content-Type': 'application/json; charset=utf-8', 'Transfer-Encoding': 'chunked', 'Connection': 'keep-alive', 'X-Powered-By': 'Express', 'Access-Control-Allow-Origin': '*', 'Cache-Control': 'no-cache', 'ETag': 'W/"4a8-0P3PV/GwPHSpTOCk78+7JQchs3s"', 'Vary': 'Accept-Encoding', 'Content-Encoding': 'gzip', 'CF-Cache-Status': 'DYNAMIC', 'Report-To': '{"endpoints":[{"url":"https:\\/\\/a.nel.cloudflare.com\\/report\\/v4?s=WbXV4QUYYoUP%2Ffl%2FxTWM5lk06h63TcOM%2BRSmflN63RxciYTo0enRA0BtMZ6ZW3Jm%2FMM0fC4jgIiqwy4%2F%2F6z0xHGjQKCtTrgqH8Kio2mG65ag3h3YVa%2FLkApup0X2GU2X"}],"group":"cf-nel","max_age":604800}', 'NEL': '{"success_fraction":0,"report_to":"cf-nel","max_age":604800}', 'Server': 'cloudflare', 'CF-RAY': '8a78dd64af65aaaf-SJC', 'alt-svc': 'h3=":443"; ma=86400'} 
 body={"results":[{"gender":"male","name":{"title":"Mr","first":"Ioannis","last":"Stiegler"},"location":{"street":{"number":6984,"name":"Uhlandstraße"},"city":"Forchheim","state":"Nordrhein-Westfalen","country":"Germany","postcode":26899,"coordinates":{"latitude":"-51.0981","longitude":"-92.0637"},"timezone":{"offset":"-4:00","description":"Atlantic Time (Canada), Caracas, La Paz"}},"email":"ioannis.stiegler@example.com","login":{"uuid":"7d4bf493-ffc6-48af-a85f-067cc590707e","username":"greenzebra122","password":"knight","salt":"97WzFQ94","md5":"a69fe64439eb40f4f535833e6317708b","sha1":"ff5b176a1f14111f888a236c81790f69ccf0a49d","sha256":"bba3da34652b7829dd549655bfba3b6501f04fc681c25b59de2df658d1d83f72"},"dob":{"date":"1968-03-06T15:32:44.991Z","age":56},"registered":{"date":"2011-03-13T00:22:04.037Z","age":13},"phone":"0835-0404806","cell":"0175-6989572","id":{"name":"SVNR","value":"24 060368 S 145"},"picture":{"large":"https://randomuser.me/api/portraits/men/79.jpg","medium":"https://randomuser.me/api/portraits/med/men/79.jpg","thumbnail":"https://randomuser.me/api/portraits/thumb/men/79.jpg"},"nat":"DE"}],"info":{"seed":"bb77287e699b48df","results":1,"page":1,"version":"1.4"}} 
 </msg>
<msg time="2024-07-23T04:18:08.840323" level="INFO">/opt/hostedtoolcache/Python/3.12.4/x64/lib/python3.12/site-packages/urllib3/connectionpool.py:1099: InsecureRequestWarning: Unverified HTTPS request is being made to host 'randomuser.me'. Adding certificate verification is strongly advised. See: https://urllib3.readthedocs.io/en/latest/advanced-usage.html#tls-warnings
  warnings.warn(</msg>
<msg time="2024-07-23T04:18:08.840484" level="INFO">${response} = &lt;Response [200]&gt;</msg>
<var>${response}</var>
<arg>consultarAPI</arg>
<arg>/api</arg>
<doc>Sends a GET request on a previously created HTTP Session.</doc>
<status status="PASS" start="2024-07-23T04:18:08.710109" elapsed="0.130422"/>
</kw>
<kw name="Should Be Equal As Numbers" owner="BuiltIn">
<msg time="2024-07-23T04:18:08.841540" level="INFO">Argument types are:
&lt;class 'int'&gt;
&lt;class 'str'&gt;</msg>
<arg>${response.status_code}</arg>
<arg>200</arg>
<doc>Fails if objects are unequal after converting them to real numbers.</doc>
<status status="PASS" start="2024-07-23T04:18:08.841071" elapsed="0.000534"/>
</kw>
<kw name="Log" owner="BuiltIn">
<msg time="2024-07-23T04:18:08.842289" level="INFO">200</msg>
<arg>${response.status_code}</arg>
<doc>Logs the given message with the given level.</doc>
<status status="PASS" start="2024-07-23T04:18:08.841926" elapsed="0.000406"/>
</kw>
<kw name="Set Variable" owner="BuiltIn">
<msg time="2024-07-23T04:18:08.843080" level="INFO">${json_data} = {'results': [{'gender': 'male', 'name': {'title': 'Mr', 'first': 'Ioannis', 'last': 'Stiegler'}, 'location': {'street': {'number': 6984, 'name': 'Uhlandstraße'}, 'city': 'Forchheim', 'state': 'Nordrhe...</msg>
<var>${json_data}</var>
<arg>${response.json()}</arg>
<doc>Returns the given values which can then be assigned to a variables.</doc>
<status status="PASS" start="2024-07-23T04:18:08.842637" elapsed="0.000474"/>
</kw>
<kw name="Dictionary Should Contain Key" owner="Collections">
<arg>${json_data}</arg>
<arg>results</arg>
<doc>Fails if ``key`` is not found from ``dictionary``.</doc>
<status status="PASS" start="2024-07-23T04:18:08.843461" elapsed="0.000332"/>
</kw>
<status status="PASS" start="2024-07-23T04:18:08.709865" elapsed="0.134085"/>
</kw>
<doc>Testa se a API responde corretamente e retorna um objeto JSON válido.</doc>
<tag>testeRequisicaoBasica</tag>
<status status="PASS" start="2024-07-23T04:18:08.709395" elapsed="0.134729"/>
</test>
<test id="s1-s1-t3" name="Validar estrutura de resposta" line="22">
<kw name="Teste de Estrutura de Resposta" owner="random-user-service">
<kw name="GET On Session" owner="RequestsLibrary">
<msg time="2024-07-23T04:18:08.952663" level="INFO">GET Request : url=https://randomuser.me/api 
 path_url=/api 
 headers={'User-Agent': 'python-requests/2.32.3', 'Accept-Encoding': 'gzip, deflate', 'Accept': '*/*', 'Connection': 'keep-alive'} 
 body=None 
 </msg>
<msg time="2024-07-23T04:18:08.952779" level="INFO">GET Response : url=https://randomuser.me/api 
 status=200, reason=OK 
 headers={'Date': 'Tue, 23 Jul 2024 04:18:08 GMT', 'Content-Type': 'application/json; charset=utf-8', 'Transfer-Encoding': 'chunked', 'Connection': 'keep-alive', 'X-Powered-By': 'Express', 'Access-Control-Allow-Origin': '*', 'Cache-Control': 'no-cache', 'ETag': 'W/"4b0-ydmIHr8KPijMou0e2u3qGxozJy0"', 'Vary': 'Accept-Encoding', 'Content-Encoding': 'gzip', 'CF-Cache-Status': 'DYNAMIC', 'Report-To': '{"endpoints":[{"url":"https:\\/\\/a.nel.cloudflare.com\\/report\\/v4?s=sHmh42ca5sgtyXQymcyHGCS8QJbYrwROM5mQl53q5JrHFYhHlv43dB7JqFP5x1SjidIBtFRmSgm7Zky%2FG%2FCmcFjNvKLsbC%2FiUKmJlg4LZXL9XKtOBQmS43Fe5q%2BpUwxp"}],"group":"cf-nel","max_age":604800}', 'NEL': '{"success_fraction":0,"report_to":"cf-nel","max_age":604800}', 'Server': 'cloudflare', 'CF-RAY': '8a78dd655fe8aaaf-SJC', 'alt-svc': 'h3=":443"; ma=86400'} 
 body={"results":[{"gender":"female","name":{"title":"Ms","first":"Emilie","last":"Van den Dolder"},"location":{"street":{"number":1842,"name":"Koeleweg"},"city":"Dongjum","state":"Friesland","country":"Netherlands","postcode":"1243 OE","coordinates":{"latitude":"36.0490","longitude":"16.7596"},"timezone":{"offset":"+5:00","description":"Ekaterinburg, Islamabad, Karachi, Tashkent"}},"email":"emilie.vandendolder@example.com","login":{"uuid":"4cba2f23-1af2-4fcd-9687-7db617acf3b9","username":"lazyladybug862","password":"knickerless","salt":"Q0i8W1eA","md5":"6e97f48cd48619201c1fd4ae083df397","sha1":"e3fb7afcdd50ebfdbaaa724d7889025f040d227f","sha256":"cbaa017e782759ef4ed05b92881642cace2da82988631ade4f0da98418be7581"},"dob":{"date":"1984-12-16T13:10:46.702Z","age":39},"registered":{"date":"2010-03-22T19:34:49.990Z","age":14},"phone":"(046) 7927522","cell":"(06) 02028351","id":{"name":"BSN","value":"37174054"},"picture":{"large":"https://randomuser.me/api/portraits/women/10.jpg","medium":"https://randomuser.me/api/portraits/med/women/10.jpg","thumbnail":"https://randomuser.me/api/portraits/thumb/women/10.jpg"},"nat":"NL"}],"info":{"seed":"a88b071be09a2d8e","results":1,"page":1,"version":"1.4"}} 
 </msg>
<msg time="2024-07-23T04:18:08.952925" level="INFO">/opt/hostedtoolcache/Python/3.12.4/x64/lib/python3.12/site-packages/urllib3/connectionpool.py:1099: InsecureRequestWarning: Unverified HTTPS request is being made to host 'randomuser.me'. Adding certificate verification is strongly advised. See: https://urllib3.readthedocs.io/en/latest/advanced-usage.html#tls-warnings
  warnings.warn(</msg>
<msg time="2024-07-23T04:18:08.953074" level="INFO">${response} = &lt;Response [200]&gt;</msg>
<var>${response}</var>
<arg>consultarAPI</arg>
<arg>/api</arg>
<doc>Sends a GET request on a previously created HTTP Session.</doc>
<status status="PASS" start="2024-07-23T04:18:08.846725" elapsed="0.106395"/>
</kw>
<kw name="Set Variable" owner="BuiltIn">
<msg time="2024-07-23T04:18:08.954166" level="INFO">${json_data} = {'results': [{'gender': 'female', 'name': {'title': 'Ms', 'first': 'Emilie', 'last': 'Van den Dolder'}, 'location': {'street': {'number': 1842, 'name': 'Koeleweg'}, 'city': 'Dongjum', 'state': 'Friesl...</msg>
<var>${json_data}</var>
<arg>${response.json()}</arg>
<doc>Returns the given values which can then be assigned to a variables.</doc>
<status status="PASS" start="2024-07-23T04:18:08.953641" elapsed="0.000555"/>
</kw>
<kw name="Log" owner="BuiltIn">
<msg time="2024-07-23T04:18:08.954787" level="INFO">{'results': [{'gender': 'female', 'name': {'title': 'Ms', 'first': 'Emilie', 'last': 'Van den Dolder'}, 'location': {'street': {'number': 1842, 'name': 'Koeleweg'}, 'city': 'Dongjum', 'state': 'Friesland', 'country': 'Netherlands', 'postcode': '1243 OE', 'coordinates': {'latitude': '36.0490', 'longitude': '16.7596'}, 'timezone': {'offset': '+5:00', 'description': 'Ekaterinburg, Islamabad, Karachi, Tashkent'}}, 'email': 'emilie.vandendolder@example.com', 'login': {'uuid': '4cba2f23-1af2-4fcd-9687-7db617acf3b9', 'username': 'lazyladybug862', 'password': 'knickerless', 'salt': 'Q0i8W1eA', 'md5': '6e97f48cd48619201c1fd4ae083df397', 'sha1': 'e3fb7afcdd50ebfdbaaa724d7889025f040d227f', 'sha256': 'cbaa017e782759ef4ed05b92881642cace2da82988631ade4f0da98418be7581'}, 'dob': {'date': '1984-12-16T13:10:46.702Z', 'age': 39}, 'registered': {'date': '2010-03-22T19:34:49.990Z', 'age': 14}, 'phone': '(046) 7927522', 'cell': '(06) 02028351', 'id': {'name': 'BSN', 'value': '37174054'}, 'picture': {'large': 'https://randomuser.me/api/portraits/women/10.jpg', 'medium': 'https://randomuser.me/api/portraits/med/women/10.jpg', 'thumbnail': 'https://randomuser.me/api/portraits/thumb/women/10.jpg'}, 'nat': 'NL'}], 'info': {'seed': 'a88b071be09a2d8e', 'results': 1, 'page': 1, 'version': '1.4'}}</msg>
<arg>${json_data}</arg>
<doc>Logs the given message with the given level.</doc>
<status status="PASS" start="2024-07-23T04:18:08.954509" elapsed="0.000328"/>
</kw>
<kw name="Dictionary Should Contain Key" owner="Collections">
<arg>${json_data}</arg>
<arg>results</arg>
<doc>Fails if ``key`` is not found from ``dictionary``.</doc>
<status status="PASS" start="2024-07-23T04:18:08.955135" elapsed="0.000217"/>
</kw>
<kw name="Should Not Be Empty" owner="BuiltIn">
<msg time="2024-07-23T04:18:08.955691" level="INFO">Length is 2.</msg>
<arg>${json_data}</arg>
<doc>Verifies that the given item is not empty.</doc>
<status status="PASS" start="2024-07-23T04:18:08.955556" elapsed="0.000174"/>
</kw>
<kw name="Create List" owner="BuiltIn">
<msg time="2024-07-23T04:18:08.956175" level="INFO">${expected_keys} = ['gender', 'name', 'location', 'email', 'login']</msg>
<var>${expected_keys}</var>
<arg>gender</arg>
<arg>name</arg>
<arg>location</arg>
<arg>email</arg>
<arg>login</arg>
<doc>Returns a list containing given items.</doc>
<status status="PASS" start="2024-07-23T04:18:08.956023" elapsed="0.000177"/>
</kw>
<for flavor="IN">
<iter>
<kw name="Dictionary Should Contain Key" owner="Collections">
<arg>${json_data['results'][0]}</arg>
<arg>${key}</arg>
<doc>Fails if ``key`` is not found from ``dictionary``.</doc>
<status status="PASS" start="2024-07-23T04:18:08.956797" elapsed="0.000436"/>
</kw>
<kw name="Log" owner="BuiltIn">
<msg time="2024-07-23T04:18:08.957782" level="INFO">{'gender': 'female', 'name': {'title': 'Ms', 'first': 'Emilie', 'last': 'Van den Dolder'}, 'location': {'street': {'number': 1842, 'name': 'Koeleweg'}, 'city': 'Dongjum', 'state': 'Friesland', 'country': 'Netherlands', 'postcode': '1243 OE', 'coordinates': {'latitude': '36.0490', 'longitude': '16.7596'}, 'timezone': {'offset': '+5:00', 'description': 'Ekaterinburg, Islamabad, Karachi, Tashkent'}}, 'email': 'emilie.vandendolder@example.com', 'login': {'uuid': '4cba2f23-1af2-4fcd-9687-7db617acf3b9', 'username': 'lazyladybug862', 'password': 'knickerless', 'salt': 'Q0i8W1eA', 'md5': '6e97f48cd48619201c1fd4ae083df397', 'sha1': 'e3fb7afcdd50ebfdbaaa724d7889025f040d227f', 'sha256': 'cbaa017e782759ef4ed05b92881642cace2da82988631ade4f0da98418be7581'}, 'dob': {'date': '1984-12-16T13:10:46.702Z', 'age': 39}, 'registered': {'date': '2010-03-22T19:34:49.990Z', 'age': 14}, 'phone': '(046) 7927522', 'cell': '(06) 02028351', 'id': {'name': 'BSN', 'value': '37174054'}, 'picture': {'large': 'https://randomuser.me/api/portraits/women/10.jpg', 'medium': 'https://randomuser.me/api/portraits/med/women/10.jpg', 'thumbnail': 'https://randomuser.me/api/portraits/thumb/women/10.jpg'}, 'nat': 'NL'}</msg>
<arg>${json_data['results'][0]}</arg>
<doc>Logs the given message with the given level.</doc>
<status status="PASS" start="2024-07-23T04:18:08.957426" elapsed="0.000406"/>
</kw>
<kw name="Log" owner="BuiltIn">
<msg time="2024-07-23T04:18:08.958383" level="INFO">gender</msg>
<arg>${key}</arg>
<doc>Logs the given message with the given level.</doc>
<status status="PASS" start="2024-07-23T04:18:08.958150" elapsed="0.000272"/>
</kw>
<var name="${key}">gender</var>
<status status="PASS" start="2024-07-23T04:18:08.956669" elapsed="0.001973"/>
</iter>
<iter>
<kw name="Dictionary Should Contain Key" owner="Collections">
<arg>${json_data['results'][0]}</arg>
<arg>${key}</arg>
<doc>Fails if ``key`` is not found from ``dictionary``.</doc>
<status status="PASS" start="2024-07-23T04:18:08.958941" elapsed="0.000405"/>
</kw>
<kw name="Log" owner="BuiltIn">
<msg time="2024-07-23T04:18:08.959929" level="INFO">{'gender': 'female', 'name': {'title': 'Ms', 'first': 'Emilie', 'last': 'Van den Dolder'}, 'location': {'street': {'number': 1842, 'name': 'Koeleweg'}, 'city': 'Dongjum', 'state': 'Friesland', 'country': 'Netherlands', 'postcode': '1243 OE', 'coordinates': {'latitude': '36.0490', 'longitude': '16.7596'}, 'timezone': {'offset': '+5:00', 'description': 'Ekaterinburg, Islamabad, Karachi, Tashkent'}}, 'email': 'emilie.vandendolder@example.com', 'login': {'uuid': '4cba2f23-1af2-4fcd-9687-7db617acf3b9', 'username': 'lazyladybug862', 'password': 'knickerless', 'salt': 'Q0i8W1eA', 'md5': '6e97f48cd48619201c1fd4ae083df397', 'sha1': 'e3fb7afcdd50ebfdbaaa724d7889025f040d227f', 'sha256': 'cbaa017e782759ef4ed05b92881642cace2da82988631ade4f0da98418be7581'}, 'dob': {'date': '1984-12-16T13:10:46.702Z', 'age': 39}, 'registered': {'date': '2010-03-22T19:34:49.990Z', 'age': 14}, 'phone': '(046) 7927522', 'cell': '(06) 02028351', 'id': {'name': 'BSN', 'value': '37174054'}, 'picture': {'large': 'https://randomuser.me/api/portraits/women/10.jpg', 'medium': 'https://randomuser.me/api/portraits/med/women/10.jpg', 'thumbnail': 'https://randomuser.me/api/portraits/thumb/women/10.jpg'}, 'nat': 'NL'}</msg>
<arg>${json_data['results'][0]}</arg>
<doc>Logs the given message with the given level.</doc>
<status status="PASS" start="2024-07-23T04:18:08.959565" elapsed="0.000415"/>
</kw>
<kw name="Log" owner="BuiltIn">
<msg time="2024-07-23T04:18:08.960403" level="INFO">name</msg>
<arg>${key}</arg>
<doc>Logs the given message with the given level.</doc>
<status status="PASS" start="2024-07-23T04:18:08.960276" elapsed="0.000166"/>
</kw>
<var name="${key}">name</var>
<status status="PASS" start="2024-07-23T04:18:08.958829" elapsed="0.001828"/>
</iter>
<iter>
<kw name="Dictionary Should Contain Key" owner="Collections">
<arg>${json_data['results'][0]}</arg>
<arg>${key}</arg>
<doc>Fails if ``key`` is not found from ``dictionary``.</doc>
<status status="PASS" start="2024-07-23T04:18:08.960939" elapsed="0.000412"/>
</kw>
<kw name="Log" owner="BuiltIn">
<msg time="2024-07-23T04:18:08.961916" level="INFO">{'gender': 'female', 'name': {'title': 'Ms', 'first': 'Emilie', 'last': 'Van den Dolder'}, 'location': {'street': {'number': 1842, 'name': 'Koeleweg'}, 'city': 'Dongjum', 'state': 'Friesland', 'country': 'Netherlands', 'postcode': '1243 OE', 'coordinates': {'latitude': '36.0490', 'longitude': '16.7596'}, 'timezone': {'offset': '+5:00', 'description': 'Ekaterinburg, Islamabad, Karachi, Tashkent'}}, 'email': 'emilie.vandendolder@example.com', 'login': {'uuid': '4cba2f23-1af2-4fcd-9687-7db617acf3b9', 'username': 'lazyladybug862', 'password': 'knickerless', 'salt': 'Q0i8W1eA', 'md5': '6e97f48cd48619201c1fd4ae083df397', 'sha1': 'e3fb7afcdd50ebfdbaaa724d7889025f040d227f', 'sha256': 'cbaa017e782759ef4ed05b92881642cace2da82988631ade4f0da98418be7581'}, 'dob': {'date': '1984-12-16T13:10:46.702Z', 'age': 39}, 'registered': {'date': '2010-03-22T19:34:49.990Z', 'age': 14}, 'phone': '(046) 7927522', 'cell': '(06) 02028351', 'id': {'name': 'BSN', 'value': '37174054'}, 'picture': {'large': 'https://randomuser.me/api/portraits/women/10.jpg', 'medium': 'https://randomuser.me/api/portraits/med/women/10.jpg', 'thumbnail': 'https://randomuser.me/api/portraits/thumb/women/10.jpg'}, 'nat': 'NL'}</msg>
<arg>${json_data['results'][0]}</arg>
<doc>Logs the given message with the given level.</doc>
<status status="PASS" start="2024-07-23T04:18:08.961567" elapsed="0.000398"/>
</kw>
<kw name="Log" owner="BuiltIn">
<msg time="2024-07-23T04:18:08.962388" level="INFO">location</msg>
<arg>${key}</arg>
<doc>Logs the given message with the given level.</doc>
<status status="PASS" start="2024-07-23T04:18:08.962262" elapsed="0.000165"/>
</kw>
<var name="${key}">location</var>
<status status="PASS" start="2024-07-23T04:18:08.960832" elapsed="0.001810"/>
</iter>
<iter>
<kw name="Dictionary Should Contain Key" owner="Collections">
<arg>${json_data['results'][0]}</arg>
<arg>${key}</arg>
<doc>Fails if ``key`` is not found from ``dictionary``.</doc>
<status status="PASS" start="2024-07-23T04:18:08.962923" elapsed="0.000440"/>
</kw>
<kw name="Log" owner="BuiltIn">
<msg time="2024-07-23T04:18:08.964041" level="INFO">{'gender': 'female', 'name': {'title': 'Ms', 'first': 'Emilie', 'last': 'Van den Dolder'}, 'location': {'street': {'number': 1842, 'name': 'Koeleweg'}, 'city': 'Dongjum', 'state': 'Friesland', 'country': 'Netherlands', 'postcode': '1243 OE', 'coordinates': {'latitude': '36.0490', 'longitude': '16.7596'}, 'timezone': {'offset': '+5:00', 'description': 'Ekaterinburg, Islamabad, Karachi, Tashkent'}}, 'email': 'emilie.vandendolder@example.com', 'login': {'uuid': '4cba2f23-1af2-4fcd-9687-7db617acf3b9', 'username': 'lazyladybug862', 'password': 'knickerless', 'salt': 'Q0i8W1eA', 'md5': '6e97f48cd48619201c1fd4ae083df397', 'sha1': 'e3fb7afcdd50ebfdbaaa724d7889025f040d227f', 'sha256': 'cbaa017e782759ef4ed05b92881642cace2da82988631ade4f0da98418be7581'}, 'dob': {'date': '1984-12-16T13:10:46.702Z', 'age': 39}, 'registered': {'date': '2010-03-22T19:34:49.990Z', 'age': 14}, 'phone': '(046) 7927522', 'cell': '(06) 02028351', 'id': {'name': 'BSN', 'value': '37174054'}, 'picture': {'large': 'https://randomuser.me/api/portraits/women/10.jpg', 'medium': 'https://randomuser.me/api/portraits/med/women/10.jpg', 'thumbnail': 'https://randomuser.me/api/portraits/thumb/women/10.jpg'}, 'nat': 'NL'}</msg>
<arg>${json_data['results'][0]}</arg>
<doc>Logs the given message with the given level.</doc>
<status status="PASS" start="2024-07-23T04:18:08.963684" elapsed="0.000408"/>
</kw>
<kw name="Log" owner="BuiltIn">
<msg time="2024-07-23T04:18:08.964519" level="INFO">email</msg>
<arg>${key}</arg>
<doc>Logs the given message with the given level.</doc>
<status status="PASS" start="2024-07-23T04:18:08.964391" elapsed="0.000167"/>
</kw>
<var name="${key}">email</var>
<status status="PASS" start="2024-07-23T04:18:08.962815" elapsed="0.001956"/>
</iter>
<iter>
<kw name="Dictionary Should Contain Key" owner="Collections">
<arg>${json_data['results'][0]}</arg>
<arg>${key}</arg>
<doc>Fails if ``key`` is not found from ``dictionary``.</doc>
<status status="PASS" start="2024-07-23T04:18:08.965054" elapsed="0.000376"/>
</kw>
<kw name="Log" owner="BuiltIn">
<msg time="2024-07-23T04:18:08.965983" level="INFO">{'gender': 'female', 'name': {'title': 'Ms', 'first': 'Emilie', 'last': 'Van den Dolder'}, 'location': {'street': {'number': 1842, 'name': 'Koeleweg'}, 'city': 'Dongjum', 'state': 'Friesland', 'country': 'Netherlands', 'postcode': '1243 OE', 'coordinates': {'latitude': '36.0490', 'longitude': '16.7596'}, 'timezone': {'offset': '+5:00', 'description': 'Ekaterinburg, Islamabad, Karachi, Tashkent'}}, 'email': 'emilie.vandendolder@example.com', 'login': {'uuid': '4cba2f23-1af2-4fcd-9687-7db617acf3b9', 'username': 'lazyladybug862', 'password': 'knickerless', 'salt': 'Q0i8W1eA', 'md5': '6e97f48cd48619201c1fd4ae083df397', 'sha1': 'e3fb7afcdd50ebfdbaaa724d7889025f040d227f', 'sha256': 'cbaa017e782759ef4ed05b92881642cace2da82988631ade4f0da98418be7581'}, 'dob': {'date': '1984-12-16T13:10:46.702Z', 'age': 39}, 'registered': {'date': '2010-03-22T19:34:49.990Z', 'age': 14}, 'phone': '(046) 7927522', 'cell': '(06) 02028351', 'id': {'name': 'BSN', 'value': '37174054'}, 'picture': {'large': 'https://randomuser.me/api/portraits/women/10.jpg', 'medium': 'https://randomuser.me/api/portraits/med/women/10.jpg', 'thumbnail': 'https://randomuser.me/api/portraits/thumb/women/10.jpg'}, 'nat': 'NL'}</msg>
<arg>${json_data['results'][0]}</arg>
<doc>Logs the given message with the given level.</doc>
<status status="PASS" start="2024-07-23T04:18:08.965613" elapsed="0.000468"/>
</kw>
<kw name="Log" owner="BuiltIn">
<msg time="2024-07-23T04:18:08.966564" level="INFO">login</msg>
<arg>${key}</arg>
<doc>Logs the given message with the given level.</doc>
<status status="PASS" start="2024-07-23T04:18:08.966436" elapsed="0.000165"/>
</kw>
<var name="${key}">login</var>
<status status="PASS" start="2024-07-23T04:18:08.964946" elapsed="0.001871"/>
</iter>
<var>${key}</var>
<value>@{expected_keys}</value>
<status status="PASS" start="2024-07-23T04:18:08.956468" elapsed="0.010497"/>
</for>
<kw name="Create List" owner="BuiltIn">
<msg time="2024-07-23T04:18:08.967330" level="INFO">${expected_keysTwo} = ['username', 'password']</msg>
<var>${expected_keysTwo}</var>
<arg>username</arg>
<arg>password</arg>
<doc>Returns a list containing given items.</doc>
<status status="PASS" start="2024-07-23T04:18:08.967169" elapsed="0.000186"/>
</kw>
<for flavor="IN">
<iter>
<kw name="Dictionary Should Contain Key" owner="Collections">
<arg>${json_data['results'][0]['login']}</arg>
<arg>${keyTwo}</arg>
<doc>Fails if ``key`` is not found from ``dictionary``.</doc>
<status status="PASS" start="2024-07-23T04:18:08.967865" elapsed="0.000392"/>
</kw>
<kw name="Dictionary Should Contain Key" owner="Collections">
<arg>${json_data['results'][0]['login']}</arg>
<arg>${keyTwo}</arg>
<doc>Fails if ``key`` is not found from ``dictionary``.</doc>
<status status="PASS" start="2024-07-23T04:18:08.968440" elapsed="0.000380"/>
</kw>
<kw name="Log" owner="BuiltIn">
<msg time="2024-07-23T04:18:08.969126" level="INFO">username</msg>
<arg>${keyTwo}</arg>
<doc>Logs the given message with the given level.</doc>
<status status="PASS" start="2024-07-23T04:18:08.969005" elapsed="0.000159"/>
</kw>
<var name="${keyTwo}">username</var>
<status status="PASS" start="2024-07-23T04:18:08.967757" elapsed="0.001626"/>
</iter>
<iter>
<kw name="Dictionary Should Contain Key" owner="Collections">
<arg>${json_data['results'][0]['login']}</arg>
<arg>${keyTwo}</arg>
<doc>Fails if ``key`` is not found from ``dictionary``.</doc>
<status status="PASS" start="2024-07-23T04:18:08.969658" elapsed="0.000376"/>
</kw>
<kw name="Dictionary Should Contain Key" owner="Collections">
<arg>${json_data['results'][0]['login']}</arg>
<arg>${keyTwo}</arg>
<doc>Fails if ``key`` is not found from ``dictionary``.</doc>
<status status="PASS" start="2024-07-23T04:18:08.970212" elapsed="0.000370"/>
</kw>
<kw name="Log" owner="BuiltIn">
<msg time="2024-07-23T04:18:08.970883" level="INFO">password</msg>
<arg>${keyTwo}</arg>
<doc>Logs the given message with the given level.</doc>
<status status="PASS" start="2024-07-23T04:18:08.970759" elapsed="0.000162"/>
</kw>
<var name="${keyTwo}">password</var>
<status status="PASS" start="2024-07-23T04:18:08.969553" elapsed="0.001593"/>
</iter>
<var>${keyTwo}</var>
<value>@{expected_keysTwo}</value>
<status status="PASS" start="2024-07-23T04:18:08.967601" elapsed="0.003690"/>
</for>
<status status="PASS" start="2024-07-23T04:18:08.846489" elapsed="0.124962"/>
</kw>
<doc>Testa a estrutura da resposta da API.</doc>
<tag>testeEstruturaResposta</tag>
<status status="PASS" start="2024-07-23T04:18:08.845974" elapsed="0.125644"/>
</test>
<test id="s1-s1-t4" name="Validar tipos de dados" line="28">
<kw name="Teste de Tipos de Dados" owner="random-user-service">
<kw name="GET On Session" owner="RequestsLibrary">
<msg time="2024-07-23T04:18:09.106457" level="INFO">GET Request : url=https://randomuser.me/api 
 path_url=/api 
 headers={'User-Agent': 'python-requests/2.32.3', 'Accept-Encoding': 'gzip, deflate', 'Accept': '*/*', 'Connection': 'keep-alive'} 
 body=None 
 </msg>
<msg time="2024-07-23T04:18:09.106557" level="INFO">GET Response : url=https://randomuser.me/api 
 status=200, reason=OK 
 headers={'Date': 'Tue, 23 Jul 2024 04:18:09 GMT', 'Content-Type': 'application/json; charset=utf-8', 'Transfer-Encoding': 'chunked', 'Connection': 'keep-alive', 'X-Powered-By': 'Express', 'Access-Control-Allow-Origin': '*', 'Cache-Control': 'no-cache', 'ETag': 'W/"495-PW62gZwlZgHs7unCiqmHkWwbsGE"', 'Vary': 'Accept-Encoding', 'Content-Encoding': 'gzip', 'CF-Cache-Status': 'DYNAMIC', 'Report-To': '{"endpoints":[{"url":"https:\\/\\/a.nel.cloudflare.com\\/report\\/v4?s=6E8bRCD%2BTt8ViGap8zE7guKk7xadau3SQ9KQEy4onlA1Yj6BOh6XXUj6z8E4yiyEC7855fBqjVil3HQYGMgbptpAoMmn5tt3RZOqvz3mZdV%2BqIlpNkXawyj3Ajn6%2BobC"}],"group":"cf-nel","max_age":604800}', 'NEL': '{"success_fraction":0,"report_to":"cf-nel","max_age":604800}', 'Server': 'cloudflare', 'CF-RAY': '8a78dd6618a4aaaf-SJC', 'alt-svc': 'h3=":443"; ma=86400'} 
 body={"results":[{"gender":"female","name":{"title":"Ms","first":"Martha","last":"Elliott"},"location":{"street":{"number":6763,"name":"Mockingbird Hill"},"city":"Hobart","state":"Western Australia","country":"Australia","postcode":8882,"coordinates":{"latitude":"-87.7363","longitude":"26.1712"},"timezone":{"offset":"+6:00","description":"Almaty, Dhaka, Colombo"}},"email":"martha.elliott@example.com","login":{"uuid":"a3bca87f-36ee-49ef-b5e3-ca26ad05d9af","username":"brownrabbit683","password":"swimming","salt":"A56I38Ev","md5":"a0756ec5993b8dd882cd33938a97385e","sha1":"0dfa847809749bad8ef0e752951dd8bad153ff04","sha256":"6886aa1eb6bf12ec130aedbee4fe06a8f760bf4c8dba9aa1369df6015fb7aeec"},"dob":{"date":"1952-11-08T09:11:58.923Z","age":71},"registered":{"date":"2010-12-13T16:34:24.651Z","age":13},"phone":"08-0385-6972","cell":"0406-556-257","id":{"name":"TFN","value":"574853816"},"picture":{"large":"https://randomuser.me/api/portraits/women/61.jpg","medium":"https://randomuser.me/api/portraits/med/women/61.jpg","thumbnail":"https://randomuser.me/api/portraits/thumb/women/61.jpg"},"nat":"AU"}],"info":{"seed":"2156024417f63638","results":1,"page":1,"version":"1.4"}} 
 </msg>
<msg time="2024-07-23T04:18:09.106633" level="INFO">/opt/hostedtoolcache/Python/3.12.4/x64/lib/python3.12/site-packages/urllib3/connectionpool.py:1099: InsecureRequestWarning: Unverified HTTPS request is being made to host 'randomuser.me'. Adding certificate verification is strongly advised. See: https://urllib3.readthedocs.io/en/latest/advanced-usage.html#tls-warnings
  warnings.warn(</msg>
<msg time="2024-07-23T04:18:09.106783" level="INFO">${response} = &lt;Response [200]&gt;</msg>
<var>${response}</var>
<arg>consultarAPI</arg>
<arg>/api</arg>
<doc>Sends a GET request on a previously created HTTP Session.</doc>
<status status="PASS" start="2024-07-23T04:18:08.974135" elapsed="0.132694"/>
</kw>
<kw name="Set Variable" owner="BuiltIn">
<msg time="2024-07-23T04:18:09.107921" level="INFO">${json_data} = {'results': [{'gender': 'female', 'name': {'title': 'Ms', 'first': 'Martha', 'last': 'Elliott'}, 'location': {'street': {'number': 6763, 'name': 'Mockingbird Hill'}, 'city': 'Hobart', 'state': 'Wester...</msg>
<var>${json_data}</var>
<arg>${response.json()}</arg>
<doc>Returns the given values which can then be assigned to a variables.</doc>
<status status="PASS" start="2024-07-23T04:18:09.107389" elapsed="0.000579"/>
</kw>
<kw name="Log" owner="BuiltIn">
<msg time="2024-07-23T04:18:09.108450" level="INFO">{'results': [{'gender': 'female', 'name': {'title': 'Ms', 'first': 'Martha', 'last': 'Elliott'}, 'location': {'street': {'number': 6763, 'name': 'Mockingbird Hill'}, 'city': 'Hobart', 'state': 'Western Australia', 'country': 'Australia', 'postcode': 8882, 'coordinates': {'latitude': '-87.7363', 'longitude': '26.1712'}, 'timezone': {'offset': '+6:00', 'description': 'Almaty, Dhaka, Colombo'}}, 'email': 'martha.elliott@example.com', 'login': {'uuid': 'a3bca87f-36ee-49ef-b5e3-ca26ad05d9af', 'username': 'brownrabbit683', 'password': 'swimming', 'salt': 'A56I38Ev', 'md5': 'a0756ec5993b8dd882cd33938a97385e', 'sha1': '0dfa847809749bad8ef0e752951dd8bad153ff04', 'sha256': '6886aa1eb6bf12ec130aedbee4fe06a8f760bf4c8dba9aa1369df6015fb7aeec'}, 'dob': {'date': '1952-11-08T09:11:58.923Z', 'age': 71}, 'registered': {'date': '2010-12-13T16:34:24.651Z', 'age': 13}, 'phone': '08-0385-6972', 'cell': '0406-556-257', 'id': {'name': 'TFN', 'value': '574853816'}, 'picture': {'large': 'https://randomuser.me/api/portraits/women/61.jpg', 'medium': 'https://randomuser.me/api/portraits/med/women/61.jpg', 'thumbnail': 'https://randomuser.me/api/portraits/thumb/women/61.jpg'}, 'nat': 'AU'}], 'info': {'seed': '2156024417f63638', 'results': 1, 'page': 1, 'version': '1.4'}}</msg>
<arg>${json_data}</arg>
<doc>Logs the given message with the given level.</doc>
<status status="PASS" start="2024-07-23T04:18:09.108295" elapsed="0.000203"/>
</kw>
<kw name="Should Be String" owner="String">
<arg>${json_data['results'][0]['gender']}</arg>
<doc>Fails if the given ``item`` is not a string.</doc>
<status status="PASS" start="2024-07-23T04:18:09.108790" elapsed="0.000400"/>
</kw>
<kw name="Should Match Regexp" owner="BuiltIn">
<arg>${json_data['results'][0]['email']}</arg>
<arg>^[a-zA-Z0-9._%+-]+@[a-zA-Z0-9.-]+\.[a-zA-Z]{2,}$</arg>
<doc>Fails if ``string`` does not match ``pattern`` as a regular expression.</doc>
<status status="PASS" start="2024-07-23T04:18:09.109384" elapsed="0.000536"/>
</kw>
<kw name="Should Match Regexp" owner="BuiltIn">
<arg>${json_data['results'][0]['dob']['date']}</arg>
<arg>\\d{4}-\\d{2}-\\d{2}T\\d{2}:\\d{2}:\\d{2}\\.\\d{3}Z</arg>
<doc>Fails if ``string`` does not match ``pattern`` as a regular expression.</doc>
<status status="PASS" start="2024-07-23T04:18:09.110116" elapsed="0.000632"/>
</kw>
<kw name="Should Match Regexp" owner="BuiltIn">
<arg>${json_data['results'][0]['registered']['date']}</arg>
<arg>\\d{4}-\\d{2}-\\d{2}T\\d{2}:\\d{2}:\\d{2}\\.\\d{3}Z</arg>
<doc>Fails if ``string`` does not match ``pattern`` as a regular expression.</doc>
<status status="PASS" start="2024-07-23T04:18:09.110942" elapsed="0.000396"/>
</kw>
<kw name="Should Match Regexp" owner="BuiltIn">
<arg>${json_data['results'][0]['picture']['large']}</arg>
<arg>^https?://.*\.(?:png|jpe?g|gif|bmp)$</arg>
<doc>Fails if ``string`` does not match ``pattern`` as a regular expression.</doc>
<status status="PASS" start="2024-07-23T04:18:09.111534" elapsed="0.000467"/>
</kw>
<kw name="Should Match Regexp" owner="BuiltIn">
<arg>${json_data['results'][0]['picture']['medium']}</arg>
<arg>^https?://.*\.(?:png|jpe?g|gif|bmp)$</arg>
<doc>Fails if ``string`` does not match ``pattern`` as a regular expression.</doc>
<status status="PASS" start="2024-07-23T04:18:09.112190" elapsed="0.000357"/>
</kw>
<kw name="Should Match Regexp" owner="BuiltIn">
<arg>${json_data['results'][0]['picture']['thumbnail']}</arg>
<arg>^https?://.*\.(?:png|jpe?g|gif|bmp)$</arg>
<doc>Fails if ``string`` does not match ``pattern`` as a regular expression.</doc>
<status status="PASS" start="2024-07-23T04:18:09.112730" elapsed="0.000353"/>
</kw>
<kw name="Log" owner="BuiltIn">
<msg time="2024-07-23T04:18:09.113602" level="INFO">{'large': 'https://randomuser.me/api/portraits/women/61.jpg', 'medium': 'https://randomuser.me/api/portraits/med/women/61.jpg', 'thumbnail': 'https://randomuser.me/api/portraits/thumb/women/61.jpg'}</msg>
<arg>${json_data['results'][0]['picture']}</arg>
<doc>Logs the given message with the given level.</doc>
<status status="PASS" start="2024-07-23T04:18:09.113266" elapsed="0.000378"/>
</kw>
<status status="PASS" start="2024-07-23T04:18:08.973905" elapsed="0.139998"/>
</kw>
<kw name="Teste de Tipos de Dados - Postcode" owner="random-user-service">
<kw name="GET On Session" owner="RequestsLibrary">
<msg time="2024-07-23T04:18:09.212849" level="INFO">GET Request : url=https://randomuser.me/api 
 path_url=/api 
 headers={'User-Agent': 'python-requests/2.32.3', 'Accept-Encoding': 'gzip, deflate', 'Accept': '*/*', 'Connection': 'keep-alive'} 
 body=None 
 </msg>
<msg time="2024-07-23T04:18:09.212960" level="INFO">GET Response : url=https://randomuser.me/api 
 status=200, reason=OK 
 headers={'Date': 'Tue, 23 Jul 2024 04:18:09 GMT', 'Content-Type': 'application/json; charset=utf-8', 'Transfer-Encoding': 'chunked', 'Connection': 'keep-alive', 'X-Powered-By': 'Express', 'Access-Control-Allow-Origin': '*', 'Cache-Control': 'no-cache', 'ETag': 'W/"47f-Cp5Mw64VadEJJiK8PTpgH08LQNc"', 'Vary': 'Accept-Encoding', 'Content-Encoding': 'gzip', 'CF-Cache-Status': 'DYNAMIC', 'Report-To': '{"endpoints":[{"url":"https:\\/\\/a.nel.cloudflare.com\\/report\\/v4?s=mm%2BX3h30ojyPmoNjT%2B6v2ON1xFbl%2B%2BIwaOsBVcKR1ITxNM2ccYLJhiKPUOrpDX68bXXf0NCA0TwfEuG9wv77yd%2Foy9G7%2BrRRvTd69D90EkPQRuZs%2BEPf76ctAdH9EuzJ"}],"group":"cf-nel","max_age":604800}', 'NEL': '{"success_fraction":0,"report_to":"cf-nel","max_age":604800}', 'Server': 'cloudflare', 'CF-RAY': '8a78dd66f949aaaf-SJC', 'alt-svc': 'h3=":443"; ma=86400'} 
 body={"results":[{"gender":"male","name":{"title":"Mr","first":"Oscar","last":"Poulsen"},"location":{"street":{"number":7333,"name":"Tyttebærvej"},"city":"Lundby","state":"Syddanmark","country":"Denmark","postcode":41425,"coordinates":{"latitude":"-41.0797","longitude":"-139.9199"},"timezone":{"offset":"-3:00","description":"Brazil, Buenos Aires, Georgetown"}},"email":"oscar.poulsen@example.com","login":{"uuid":"bc5be7e5-ecca-4601-a14f-a9e91166efa6","username":"crazyzebra684","password":"baby","salt":"3UYOydeP","md5":"1137a1619aa937ef513eac67127a3286","sha1":"878398b14d444d5ba05a5627c6cf7646e97bd062","sha256":"819bcf78a2052879fc8c36d594bf14b0850deb2c9f04901dfd2377022e709bea"},"dob":{"date":"1978-04-06T19:40:37.492Z","age":46},"registered":{"date":"2020-07-22T15:32:23.443Z","age":4},"phone":"01448964","cell":"93624830","id":{"name":"CPR","value":"060478-0232"},"picture":{"large":"https://randomuser.me/api/portraits/men/56.jpg","medium":"https://randomuser.me/api/portraits/med/men/56.jpg","thumbnail":"https://randomuser.me/api/portraits/thumb/men/56.jpg"},"nat":"DK"}],"info":{"seed":"91719568e310dd5e","results":1,"page":1,"version":"1.4"}} 
 </msg>
<msg time="2024-07-23T04:18:09.213049" level="INFO">/opt/hostedtoolcache/Python/3.12.4/x64/lib/python3.12/site-packages/urllib3/connectionpool.py:1099: InsecureRequestWarning: Unverified HTTPS request is being made to host 'randomuser.me'. Adding certificate verification is strongly advised. See: https://urllib3.readthedocs.io/en/latest/advanced-usage.html#tls-warnings
  warnings.warn(</msg>
<msg time="2024-07-23T04:18:09.213207" level="INFO">${response} = &lt;Response [200]&gt;</msg>
<var>${response}</var>
<arg>consultarAPI</arg>
<arg>/api</arg>
<doc>Sends a GET request on a previously created HTTP Session.</doc>
<status status="PASS" start="2024-07-23T04:18:09.114378" elapsed="0.098882"/>
</kw>
<kw name="Set Variable" owner="BuiltIn">
<msg time="2024-07-23T04:18:09.214305" level="INFO">${json_data} = {'results': [{'gender': 'male', 'name': {'title': 'Mr', 'first': 'Oscar', 'last': 'Poulsen'}, 'location': {'street': {'number': 7333, 'name': 'Tyttebærvej'}, 'city': 'Lundby', 'state': 'Syddanmark', '...</msg>
<var>${json_data}</var>
<arg>${response.json()}</arg>
<doc>Returns the given values which can then be assigned to a variables.</doc>
<status status="PASS" start="2024-07-23T04:18:09.213771" elapsed="0.000564"/>
</kw>
<kw name="Log" owner="BuiltIn">
<msg time="2024-07-23T04:18:09.214808" level="INFO">{'results': [{'gender': 'male', 'name': {'title': 'Mr', 'first': 'Oscar', 'last': 'Poulsen'}, 'location': {'street': {'number': 7333, 'name': 'Tyttebærvej'}, 'city': 'Lundby', 'state': 'Syddanmark', 'country': 'Denmark', 'postcode': 41425, 'coordinates': {'latitude': '-41.0797', 'longitude': '-139.9199'}, 'timezone': {'offset': '-3:00', 'description': 'Brazil, Buenos Aires, Georgetown'}}, 'email': 'oscar.poulsen@example.com', 'login': {'uuid': 'bc5be7e5-ecca-4601-a14f-a9e91166efa6', 'username': 'crazyzebra684', 'password': 'baby', 'salt': '3UYOydeP', 'md5': '1137a1619aa937ef513eac67127a3286', 'sha1': '878398b14d444d5ba05a5627c6cf7646e97bd062', 'sha256': '819bcf78a2052879fc8c36d594bf14b0850deb2c9f04901dfd2377022e709bea'}, 'dob': {'date': '1978-04-06T19:40:37.492Z', 'age': 46}, 'registered': {'date': '2020-07-22T15:32:23.443Z', 'age': 4}, 'phone': '01448964', 'cell': '93624830', 'id': {'name': 'CPR', 'value': '060478-0232'}, 'picture': {'large': 'https://randomuser.me/api/portraits/men/56.jpg', 'medium': 'https://randomuser.me/api/portraits/med/men/56.jpg', 'thumbnail': 'https://randomuser.me/api/portraits/thumb/men/56.jpg'}, 'nat': 'DK'}], 'info': {'seed': '91719568e310dd5e', 'results': 1, 'page': 1, 'version': '1.4'}}</msg>
<arg>${json_data}</arg>
<doc>Logs the given message with the given level.</doc>
<status status="PASS" start="2024-07-23T04:18:09.214646" elapsed="0.000213"/>
</kw>
<kw name="Should Be Equal As Numbers" owner="BuiltIn">
<arg>${json_data['results'][0]['location']['postcode']}</arg>
<arg>${json_data['results'][0]['location']['postcode']}</arg>
<doc>Fails if objects are unequal after converting them to real numbers.</doc>
<status status="PASS" start="2024-07-23T04:18:09.215158" elapsed="0.000667"/>
</kw>
<kw name="Log" owner="BuiltIn">
<msg time="2024-07-23T04:18:09.216404" level="INFO">41425</msg>
<arg>${json_data['results'][0]['location']['postcode']}</arg>
<doc>Logs the given message with the given level.</doc>
<status status="PASS" start="2024-07-23T04:18:09.216052" elapsed="0.000393"/>
</kw>
<status status="PASS" start="2024-07-23T04:18:09.114128" elapsed="0.102575"/>
</kw>
<doc>Testa se os tipos de dados na resposta da API estão corretos.</doc>
<tag>testeTiposDados</tag>
<status status="PASS" start="2024-07-23T04:18:08.973376" elapsed="0.243503"/>
</test>
<test id="s1-s1-t5" name="Validar conteudo" line="35">
<kw name="Teste de Tipos de Conteudo" owner="random-user-service">
<kw name="GET On Session" owner="RequestsLibrary">
<msg time="2024-07-23T04:18:09.316474" level="INFO">GET Request : url=https://randomuser.me/api 
 path_url=/api 
 headers={'User-Agent': 'python-requests/2.32.3', 'Accept-Encoding': 'gzip, deflate', 'Accept': '*/*', 'Connection': 'keep-alive'} 
 body=None 
 </msg>
<msg time="2024-07-23T04:18:09.316575" level="INFO">GET Response : url=https://randomuser.me/api 
 status=200, reason=OK 
 headers={'Date': 'Tue, 23 Jul 2024 04:18:09 GMT', 'Content-Type': 'application/json; charset=utf-8', 'Transfer-Encoding': 'chunked', 'Connection': 'keep-alive', 'X-Powered-By': 'Express', 'Access-Control-Allow-Origin': '*', 'Cache-Control': 'no-cache', 'ETag': 'W/"47f-tKf6CujMMKsbDSkSjHrC5FvmZss"', 'Vary': 'Accept-Encoding', 'Content-Encoding': 'gzip', 'CF-Cache-Status': 'DYNAMIC', 'Report-To': '{"endpoints":[{"url":"https:\\/\\/a.nel.cloudflare.com\\/report\\/v4?s=KOIgNaMfC0QEWhz0zuei38FmAEsHZpvI%2FeFc4YVTzdDEWFWtNU92R6%2F8LJRbCNeiPFBdzCLyuVkWSfI5WAoZMr9MWwccd%2B4D1fyQDyxZ3pl7rTtTNBOZxDhjos2%2Fmuas"}],"group":"cf-nel","max_age":604800}', 'NEL': '{"success_fraction":0,"report_to":"cf-nel","max_age":604800}', 'Server': 'cloudflare', 'CF-RAY': '8a78dd67a9c5aaaf-SJC', 'alt-svc': 'h3=":443"; ma=86400'} 
 body={"results":[{"gender":"female","name":{"title":"Mrs","first":"Agnethe","last":"Holtet"},"location":{"street":{"number":1453,"name":"Tordenskiolds gate"},"city":"Talvik","state":"Oslo","country":"Norway","postcode":"3697","coordinates":{"latitude":"41.4342","longitude":"93.4489"},"timezone":{"offset":"+7:00","description":"Bangkok, Hanoi, Jakarta"}},"email":"agnethe.holtet@example.com","login":{"uuid":"056d2ed9-6f1a-4fa4-8f46-231c7e6feeb9","username":"happydog302","password":"creature","salt":"9hN9Osd7","md5":"e5100dad78e45c3edde8b8e2eb5e926f","sha1":"da4355f6c75dff37c60b4caf730f91f6a72b2a1f","sha256":"7d4c59bbfacb7d748d23e9ea9328e944995c6e1873bba07aa35bc31da47531ca"},"dob":{"date":"1950-09-06T14:23:51.520Z","age":73},"registered":{"date":"2018-03-20T09:28:57.828Z","age":6},"phone":"84998757","cell":"92600187","id":{"name":"FN","value":"06095045276"},"picture":{"large":"https://randomuser.me/api/portraits/women/48.jpg","medium":"https://randomuser.me/api/portraits/med/women/48.jpg","thumbnail":"https://randomuser.me/api/portraits/thumb/women/48.jpg"},"nat":"NO"}],"info":{"seed":"de50201fad7ea64c","results":1,"page":1,"version":"1.4"}} 
 </msg>
<msg time="2024-07-23T04:18:09.316649" level="INFO">/opt/hostedtoolcache/Python/3.12.4/x64/lib/python3.12/site-packages/urllib3/connectionpool.py:1099: InsecureRequestWarning: Unverified HTTPS request is being made to host 'randomuser.me'. Adding certificate verification is strongly advised. See: https://urllib3.readthedocs.io/en/latest/advanced-usage.html#tls-warnings
  warnings.warn(</msg>
<msg time="2024-07-23T04:18:09.316777" level="INFO">${response} = &lt;Response [200]&gt;</msg>
<var>${response}</var>
<arg>consultarAPI</arg>
<arg>/api</arg>
<doc>Sends a GET request on a previously created HTTP Session.</doc>
<status status="PASS" start="2024-07-23T04:18:09.219425" elapsed="0.097391"/>
</kw>
<kw name="Set Variable" owner="BuiltIn">
<msg time="2024-07-23T04:18:09.317823" level="INFO">${json_data} = {'results': [{'gender': 'female', 'name': {'title': 'Mrs', 'first': 'Agnethe', 'last': 'Holtet'}, 'location': {'street': {'number': 1453, 'name': 'Tordenskiolds gate'}, 'city': 'Talvik', 'state': 'Osl...</msg>
<var>${json_data}</var>
<arg>${response.json()}</arg>
<doc>Returns the given values which can then be assigned to a variables.</doc>
<status status="PASS" start="2024-07-23T04:18:09.317309" elapsed="0.000543"/>
</kw>
<kw name="Set Variable" owner="BuiltIn">
<msg time="2024-07-23T04:18:09.318542" level="INFO">${name_title} = Mrs</msg>
<var>${name_title}</var>
<arg>${json_data["results"][0]["name"]["title"]}</arg>
<doc>Returns the given values which can then be assigned to a variables.</doc>
<status status="PASS" start="2024-07-23T04:18:09.318158" elapsed="0.000409"/>
</kw>
<kw name="Create List" owner="BuiltIn">
<msg time="2024-07-23T04:18:09.319005" level="INFO">${allowed_titles} = ['Mr', 'Ms', 'Miss', 'Mrs', 'Madame', 'Monsieur']</msg>
<var>${allowed_titles}</var>
<arg>Mr</arg>
<arg>Ms</arg>
<arg>Miss</arg>
<arg>Mrs</arg>
<arg>Madame</arg>
<arg>Monsieur</arg>
<doc>Returns a list containing given items.</doc>
<status status="PASS" start="2024-07-23T04:18:09.318860" elapsed="0.000169"/>
</kw>
<kw name="List Should Contain Value" owner="Collections">
<arg>${allowed_titles}</arg>
<arg>${name_title}</arg>
<doc>Fails if the ``value`` is not found from ``list``.</doc>
<status status="PASS" start="2024-07-23T04:18:09.319360" elapsed="0.000187"/>
</kw>
<kw name="Set Variable" owner="BuiltIn">
<msg time="2024-07-23T04:18:09.320094" level="INFO">${name_country} = NO</msg>
<var>${name_country}</var>
<arg>${json_data["results"][0]["nat"]}</arg>
<doc>Returns the given values which can then be assigned to a variables.</doc>
<status status="PASS" start="2024-07-23T04:18:09.319727" elapsed="0.000391"/>
</kw>
<kw name="Create List" owner="BuiltIn">
<msg time="2024-07-23T04:18:09.320993" level="INFO">${list_country} = ['AD', 'AE', 'AF', 'AG', 'AI', 'AL', 'AM', 'AO', 'AQ', 'AR', 'AS', 'AT', 'AU', 'AW', 'AX', 'AZ', 'BA', 'BB', 'BD', 'BE', 'BF', 'BG', 'BH', 'BI', 'BJ', 'BL', 'BM', 'BN', 'BO', 'BQ', 'BR', 'BS', 'BT', '...</msg>
<var>${list_country}</var>
<arg>AD</arg>
<arg>AE</arg>
<arg>AF</arg>
<arg>AG</arg>
<arg>AI</arg>
<arg>AL</arg>
<arg>AM</arg>
<arg>AO</arg>
<arg>AQ</arg>
<arg>AR</arg>
<arg>AS</arg>
<arg>AT</arg>
<arg>AU</arg>
<arg>AW</arg>
<arg>AX</arg>
<arg>AZ</arg>
<arg>BA</arg>
<arg>BB</arg>
<arg>BD</arg>
<arg>BE</arg>
<arg>BF</arg>
<arg>BG</arg>
<arg>BH</arg>
<arg>BI</arg>
<arg>BJ</arg>
<arg>BL</arg>
<arg>BM</arg>
<arg>BN</arg>
<arg>BO</arg>
<arg>BQ</arg>
<arg>BR</arg>
<arg>BS</arg>
<arg>BT</arg>
<arg>BV</arg>
<arg>BW</arg>
<arg>BY</arg>
<arg>BZ</arg>
<arg>CA</arg>
<arg>CC</arg>
<arg>CD</arg>
<arg>CF</arg>
<arg>CG</arg>
<arg>CH</arg>
<arg>CI</arg>
<arg>CK</arg>
<arg>CL</arg>
<arg>CM</arg>
<arg>CN</arg>
<arg>CO</arg>
<arg>CR</arg>
<arg>CU</arg>
<arg>CV</arg>
<arg>CW</arg>
<arg>CX</arg>
<arg>CY</arg>
<arg>CZ</arg>
<arg>DE</arg>
<arg>DJ</arg>
<arg>DK</arg>
<arg>DM</arg>
<arg>DO</arg>
<arg>DZ</arg>
<arg>EC</arg>
<arg>EE</arg>
<arg>EG</arg>
<arg>EH</arg>
<arg>ER</arg>
<arg>ES</arg>
<arg>ET</arg>
<arg>FI</arg>
<arg>FJ</arg>
<arg>FK</arg>
<arg>FM</arg>
<arg>FO</arg>
<arg>FR</arg>
<arg>GA</arg>
<arg>GB</arg>
<arg>GD</arg>
<arg>GE</arg>
<arg>GF</arg>
<arg>GG</arg>
<arg>GH</arg>
<arg>GI</arg>
<arg>GL</arg>
<arg>GM</arg>
<arg>GN</arg>
<arg>GP</arg>
<arg>GQ</arg>
<arg>GR</arg>
<arg>GS</arg>
<arg>GT</arg>
<arg>GU</arg>
<arg>GW</arg>
<arg>GY</arg>
<arg>HK</arg>
<arg>HM</arg>
<arg>HN</arg>
<arg>HR</arg>
<arg>HT</arg>
<arg>HU</arg>
<arg>ID</arg>
<arg>IE</arg>
<arg>IL</arg>
<arg>IM</arg>
<arg>IN</arg>
<arg>IO</arg>
<arg>IQ</arg>
<arg>IR</arg>
<arg>IS</arg>
<arg>IT</arg>
<arg>JE</arg>
<arg>JM</arg>
<arg>JO</arg>
<arg>JP</arg>
<arg>KE</arg>
<arg>KG</arg>
<arg>KH</arg>
<arg>KI</arg>
<arg>KM</arg>
<arg>KN</arg>
<arg>KP</arg>
<arg>KR</arg>
<arg>KW</arg>
<arg>KY</arg>
<arg>KZ</arg>
<arg>LA</arg>
<arg>LB</arg>
<arg>LC</arg>
<arg>LI</arg>
<arg>LK</arg>
<arg>LR</arg>
<arg>LS</arg>
<arg>LT</arg>
<arg>LU</arg>
<arg>LV</arg>
<arg>LY</arg>
<arg>MA</arg>
<arg>MC</arg>
<arg>MD</arg>
<arg>ME</arg>
<arg>MF</arg>
<arg>MG</arg>
<arg>MH</arg>
<arg>MK</arg>
<arg>ML</arg>
<arg>MM</arg>
<arg>MN</arg>
<arg>MO</arg>
<arg>MP</arg>
<arg>MQ</arg>
<arg>MR</arg>
<arg>MS</arg>
<arg>MT</arg>
<arg>MU</arg>
<arg>MV</arg>
<arg>MW</arg>
<arg>MX</arg>
<arg>MY</arg>
<arg>MZ</arg>
<arg>NA</arg>
<arg>NC</arg>
<arg>NE</arg>
<arg>NF</arg>
<arg>NG</arg>
<arg>NI</arg>
<arg>NL</arg>
<arg>NO</arg>
<arg>NP</arg>
<arg>NR</arg>
<arg>NU</arg>
<arg>NZ</arg>
<arg>OM</arg>
<arg>PA</arg>
<arg>PE</arg>
<arg>PF</arg>
<arg>PG</arg>
<arg>PH</arg>
<arg>PK</arg>
<arg>PL</arg>
<arg>PM</arg>
<arg>PN</arg>
<arg>PR</arg>
<arg>PS</arg>
<arg>PT</arg>
<arg>PW</arg>
<arg>PY</arg>
<arg>QA</arg>
<arg>RE</arg>
<arg>RO</arg>
<arg>RS</arg>
<arg>RU</arg>
<arg>RW</arg>
<arg>SA</arg>
<arg>SB</arg>
<arg>SC</arg>
<arg>SD</arg>
<arg>SE</arg>
<arg>SG</arg>
<arg>SH</arg>
<arg>SI</arg>
<arg>SJ</arg>
<arg>SK</arg>
<arg>SL</arg>
<arg>SM</arg>
<arg>SN</arg>
<arg>SO</arg>
<arg>SR</arg>
<arg>SS</arg>
<arg>ST</arg>
<arg>SV</arg>
<arg>SX</arg>
<arg>SY</arg>
<arg>SZ</arg>
<arg>TC</arg>
<arg>TD</arg>
<arg>TF</arg>
<arg>TG</arg>
<arg>TH</arg>
<arg>TJ</arg>
<arg>TK</arg>
<arg>TL</arg>
<arg>TM</arg>
<arg>TN</arg>
<arg>TO</arg>
<arg>TR</arg>
<arg>TT</arg>
<arg>TV</arg>
<arg>TW</arg>
<arg>TZ</arg>
<arg>UA</arg>
<arg>UG</arg>
<arg>UM</arg>
<arg>US</arg>
<arg>UY</arg>
<arg>UZ</arg>
<arg>VA</arg>
<arg>VC</arg>
<arg>VE</arg>
<arg>VG</arg>
<arg>VI</arg>
<arg>VN</arg>
<arg>VU</arg>
<arg>WF</arg>
<arg>WS</arg>
<arg>XK</arg>
<arg>YE</arg>
<arg>YT</arg>
<arg>ZA</arg>
<arg>ZM</arg>
<arg>ZW</arg>
<doc>Returns a list containing given items.</doc>
<status status="PASS" start="2024-07-23T04:18:09.320404" elapsed="0.000614"/>
</kw>
<kw name="List Should Contain Value" owner="Collections">
<arg>${list_country}</arg>
<arg>${name_country}</arg>
<doc>Fails if the ``value`` is not found from ``list``.</doc>
<status status="PASS" start="2024-07-23T04:18:09.321990" elapsed="0.000210"/>
</kw>
<kw name="Run Keyword If" owner="BuiltIn">
<kw name="Should Be True" owner="BuiltIn">
<arg>${True}</arg>
<doc>Fails if the given condition is not true.</doc>
<status status="PASS" start="2024-07-23T04:18:09.323147" elapsed="0.000175"/>
</kw>
<arg>${json_data["results"][0]["location"]["coordinates"]["latitude"]} &gt;= -90 and ${json_data["results"][0]["location"]["coordinates"]["latitude"]} &lt;= 90</arg>
<arg>Should Be True</arg>
<arg>${True}</arg>
<doc>Runs the given keyword with the given arguments, if ``condition`` is true.</doc>
<status status="PASS" start="2024-07-23T04:18:09.322398" elapsed="0.001054"/>
</kw>
<kw name="Run Keyword If" owner="BuiltIn">
<kw name="Should Be True" owner="BuiltIn">
<arg>${True}</arg>
<doc>Fails if the given condition is not true.</doc>
<status status="PASS" start="2024-07-23T04:18:09.324330" elapsed="0.000137"/>
</kw>
<arg>${json_data["results"][0]["location"]["coordinates"]["longitude"]} &gt;= -180 and ${json_data["results"][0]["location"]["coordinates"]["longitude"]} &lt;= 180</arg>
<arg>Should Be True</arg>
<arg>${True}</arg>
<doc>Runs the given keyword with the given arguments, if ``condition`` is true.</doc>
<status status="PASS" start="2024-07-23T04:18:09.323636" elapsed="0.000961"/>
</kw>
<status status="PASS" start="2024-07-23T04:18:09.219172" elapsed="0.105566"/>
</kw>
<doc>Testa o conteúdo específico dos campos retornados pela API.</doc>
<tag>testeConteudo</tag>
<status status="PASS" start="2024-07-23T04:18:09.218630" elapsed="0.106260"/>
</test>
<status status="PASS" start="2024-07-23T04:18:08.369614" elapsed="0.957193"/>
</suite>
<status status="PASS" start="2024-07-23T04:18:08.355338" elapsed="0.976437"/>
</suite>
<statistics>
<total>
<stat pass="5" fail="0" skip="0">All Tests</stat>
</total>
<tag>
<stat pass="1" fail="0" skip="0">testeConteudo</stat>
<stat pass="1" fail="0" skip="0">testeEstruturaResposta</stat>
<stat pass="1" fail="0" skip="0">testeRequisicaoBasica</stat>
<stat pass="1" fail="0" skip="0">testeTiposDados</stat>
</tag>
<suite>
<stat pass="5" fail="0" skip="0" id="s1" name="Tests">Tests</stat>
<stat pass="5" fail="0" skip="0" id="s1-s1" name="Random-User-Test">Tests.Random-User-Test</stat>
</suite>
</statistics>
<errors>
</errors>
</robot>
