<?xml version="1.0" encoding="UTF-8"?>
<robot generator="Robot 7.0.1 (Python 3.12.4 on linux)" generated="2024-07-27T01:07:11.613928" rpa="false" schemaversion="5">
<suite id="s1" name="Tests" source="/home/runner/work/ApiRandomUser/ApiRandomUser/RamdonUser/tests">
<suite id="s1-s1" name="Random-User-Test" source="/home/runner/work/ApiRandomUser/ApiRandomUser/RamdonUser/tests/random-user-test.robot">
<test id="s1-s1-t1" name="Conectar" line="13">
<kw name="Conectar API" owner="random-user-service">
<kw name="Create Session" owner="RequestsLibrary">
<msg time="2024-07-27T01:07:12.051674" level="INFO">Creating Session using : alias=consultarAPI, url=https://randomuser.me/, headers={},                     cookies={}, auth=None, timeout=None, proxies=None, verify=False,                     debug=0 </msg>
<arg>consultarAPI</arg>
<arg>${URL}</arg>
<doc>Create Session: create a HTTP session to a server</doc>
<status status="PASS" start="2024-07-27T01:07:12.051471" elapsed="0.000413"/>
</kw>
<status status="PASS" start="2024-07-27T01:07:12.050409" elapsed="0.001841"/>
</kw>
<status status="PASS" start="2024-07-27T01:07:12.049744" elapsed="0.002701"/>
</test>
<test id="s1-s1-t2" name="Validar retorno 200 e JSON Válido" line="16">
<kw name="Teste de Requisicao Basica" owner="random-user-service">
<kw name="GET On Session" owner="RequestsLibrary">
<msg time="2024-07-27T01:07:12.176870" level="INFO">GET Request : url=https://randomuser.me/api 
 path_url=/api 
 headers={'User-Agent': 'python-requests/2.32.3', 'Accept-Encoding': 'gzip, deflate', 'Accept': '*/*', 'Connection': 'keep-alive'} 
 body=None 
 </msg>
<msg time="2024-07-27T01:07:12.177102" level="INFO">GET Response : url=https://randomuser.me/api 
 status=200, reason=OK 
 headers={'Date': 'Sat, 27 Jul 2024 01:07:12 GMT', 'Content-Type': 'application/json; charset=utf-8', 'Transfer-Encoding': 'chunked', 'Connection': 'keep-alive', 'X-Powered-By': 'Express', 'Access-Control-Allow-Origin': '*', 'Cache-Control': 'no-cache', 'ETag': 'W/"476-jB+DiCQAxVjRjeFCs+z8nXDmfE8"', 'Vary': 'Accept-Encoding', 'Content-Encoding': 'gzip', 'CF-Cache-Status': 'DYNAMIC', 'Report-To': '{"endpoints":[{"url":"https:\\/\\/a.nel.cloudflare.com\\/report\\/v4?s=PSqasbffbVX9JwFhqNSgf7ep98taigVFdcASBgUQdoN1DEuzqp1kbrN866vKA7zs%2F9Vl9WqwttWSd74LW2K%2BwDdliUIJijN4a87udeC5%2B0l%2B97gT%2FQ3I8i6M9%2BqrGs7O"}],"group":"cf-nel","max_age":604800}', 'NEL': '{"success_fraction":0,"report_to":"cf-nel","max_age":604800}', 'Server': 'cloudflare', 'CF-RAY': '8a98bb308968cfe9-SJC', 'alt-svc': 'h3=":443"; ma=86400'} 
 body={"results":[{"gender":"female","name":{"title":"Mrs","first":"Aaliyah","last":"Patel"},"location":{"street":{"number":1371,"name":"Mokoia Road"},"city":"Greymouth","state":"Otago","country":"New Zealand","postcode":22139,"coordinates":{"latitude":"47.4708","longitude":"167.1271"},"timezone":{"offset":"-2:00","description":"Mid-Atlantic"}},"email":"aaliyah.patel@example.com","login":{"uuid":"09962839-2a7f-40ab-8f67-8d110cd209e3","username":"lazyleopard832","password":"gilligan","salt":"NB8dQUG8","md5":"b3c310d775a9d5914dd999590b585865","sha1":"af98b6ac6fbb0cf1704e12d185cb7aaed8d1fa27","sha256":"6e3071f5818391e4427ed100199bf07e3ab3322f3765f4787e69f4abb38ce335"},"dob":{"date":"1950-01-27T02:24:28.051Z","age":74},"registered":{"date":"2004-01-24T04:35:57.541Z","age":20},"phone":"(781)-068-2660","cell":"(667)-350-1903","id":{"name":"","value":null},"picture":{"large":"https://randomuser.me/api/portraits/women/5.jpg","medium":"https://randomuser.me/api/portraits/med/women/5.jpg","thumbnail":"https://randomuser.me/api/portraits/thumb/women/5.jpg"},"nat":"NZ"}],"info":{"seed":"e112522fd9c52605","results":1,"page":1,"version":"1.4"}} 
 </msg>
<msg time="2024-07-27T01:07:12.177188" level="INFO">/opt/hostedtoolcache/Python/3.12.4/x64/lib/python3.12/site-packages/urllib3/connectionpool.py:1099: InsecureRequestWarning: Unverified HTTPS request is being made to host 'randomuser.me'. Adding certificate verification is strongly advised. See: https://urllib3.readthedocs.io/en/latest/advanced-usage.html#tls-warnings
  warnings.warn(</msg>
<msg time="2024-07-27T01:07:12.177327" level="INFO">${response} = &lt;Response [200]&gt;</msg>
<var>${response}</var>
<arg>consultarAPI</arg>
<arg>/api</arg>
<doc>Sends a GET request on a previously created HTTP Session.</doc>
<status status="PASS" start="2024-07-27T01:07:12.055178" elapsed="0.122191"/>
</kw>
<kw name="Should Be Equal As Numbers" owner="BuiltIn">
<msg time="2024-07-27T01:07:12.178418" level="INFO">Argument types are:
&lt;class 'int'&gt;
&lt;class 'str'&gt;</msg>
<arg>${response.status_code}</arg>
<arg>200</arg>
<doc>Fails if objects are unequal after converting them to real numbers.</doc>
<status status="PASS" start="2024-07-27T01:07:12.177939" elapsed="0.000544"/>
</kw>
<kw name="Log" owner="BuiltIn">
<msg time="2024-07-27T01:07:12.179168" level="INFO">200</msg>
<arg>${response.status_code}</arg>
<doc>Logs the given message with the given level.</doc>
<status status="PASS" start="2024-07-27T01:07:12.178815" elapsed="0.000396"/>
</kw>
<kw name="Set Variable" owner="BuiltIn">
<msg time="2024-07-27T01:07:12.179962" level="INFO">${json_data} = {'results': [{'gender': 'female', 'name': {'title': 'Mrs', 'first': 'Aaliyah', 'last': 'Patel'}, 'location': {'street': {'number': 1371, 'name': 'Mokoia Road'}, 'city': 'Greymouth', 'state': 'Otago', ...</msg>
<var>${json_data}</var>
<arg>${response.json()}</arg>
<doc>Returns the given values which can then be assigned to a variables.</doc>
<status status="PASS" start="2024-07-27T01:07:12.179529" elapsed="0.000462"/>
</kw>
<kw name="Dictionary Should Contain Key" owner="Collections">
<arg>${json_data}</arg>
<arg>results</arg>
<doc>Fails if ``key`` is not found from ``dictionary``.</doc>
<status status="PASS" start="2024-07-27T01:07:12.180303" elapsed="0.000331"/>
</kw>
<status status="PASS" start="2024-07-27T01:07:12.054930" elapsed="0.125859"/>
</kw>
<doc>Testa se a API responde corretamente e retorna um objeto JSON válido.</doc>
<tag>testeRequisicaoBasica</tag>
<status status="PASS" start="2024-07-27T01:07:12.054365" elapsed="0.126633"/>
</test>
<test id="s1-s1-t3" name="Validar estrutura de resposta" line="22">
<kw name="Teste de Estrutura de Resposta" owner="random-user-service">
<kw name="GET On Session" owner="RequestsLibrary">
<msg time="2024-07-27T01:07:12.295115" level="INFO">GET Request : url=https://randomuser.me/api 
 path_url=/api 
 headers={'User-Agent': 'python-requests/2.32.3', 'Accept-Encoding': 'gzip, deflate', 'Accept': '*/*', 'Connection': 'keep-alive'} 
 body=None 
 </msg>
<msg time="2024-07-27T01:07:12.295230" level="INFO">GET Response : url=https://randomuser.me/api 
 status=200, reason=OK 
 headers={'Date': 'Sat, 27 Jul 2024 01:07:12 GMT', 'Content-Type': 'application/json; charset=utf-8', 'Transfer-Encoding': 'chunked', 'Connection': 'keep-alive', 'X-Powered-By': 'Express', 'Access-Control-Allow-Origin': '*', 'Cache-Control': 'no-cache', 'ETag': 'W/"490-x0tpTOCADsQid5bAIQDR+RqjuNI"', 'Vary': 'Accept-Encoding', 'Content-Encoding': 'gzip', 'CF-Cache-Status': 'DYNAMIC', 'Report-To': '{"endpoints":[{"url":"https:\\/\\/a.nel.cloudflare.com\\/report\\/v4?s=fMlVS58W1hQSxb9ngvOwS80lqzDt%2BXTiyLnCjDDMAwi18cE8%2B3m5ExmzV22kW0ejuRIzLnbahq08h6nHwOn5r%2B4vusyPjTwLnWaMs4bHAsTdp1j4SroJkmOeXrmGnlZQ"}],"group":"cf-nel","max_age":604800}', 'NEL': '{"success_fraction":0,"report_to":"cf-nel","max_age":604800}', 'Server': 'cloudflare', 'CF-RAY': '8a98bb3129ebcfe9-SJC', 'alt-svc': 'h3=":443"; ma=86400'} 
 body={"results":[{"gender":"female","name":{"title":"Ms","first":"Claudia","last":"Santos"},"location":{"street":{"number":7074,"name":"Calle de Atocha"},"city":"Mérida","state":"Melilla","country":"Spain","postcode":36812,"coordinates":{"latitude":"-33.4484","longitude":"17.0109"},"timezone":{"offset":"+10:00","description":"Eastern Australia, Guam, Vladivostok"}},"email":"claudia.santos@example.com","login":{"uuid":"3ebeb69c-4726-40d2-9d2f-8aa20f93e4f6","username":"yellowlion667","password":"bobbie","salt":"DjzaYh1Z","md5":"06e1e03459fad3c3c5ee831bc8c573bb","sha1":"9f6c0e20d966e41052320b667eb9813717e7c65e","sha256":"df1ac8df8754e76b8b50328ae6333784572e92036d8b3c44b0b330af064ba259"},"dob":{"date":"1982-04-10T12:32:52.542Z","age":42},"registered":{"date":"2005-03-19T08:53:20.030Z","age":19},"phone":"996-292-948","cell":"603-214-922","id":{"name":"DNI","value":"32389787-B"},"picture":{"large":"https://randomuser.me/api/portraits/women/1.jpg","medium":"https://randomuser.me/api/portraits/med/women/1.jpg","thumbnail":"https://randomuser.me/api/portraits/thumb/women/1.jpg"},"nat":"ES"}],"info":{"seed":"74d148a846a64fca","results":1,"page":1,"version":"1.4"}} 
 </msg>
<msg time="2024-07-27T01:07:12.295380" level="INFO">/opt/hostedtoolcache/Python/3.12.4/x64/lib/python3.12/site-packages/urllib3/connectionpool.py:1099: InsecureRequestWarning: Unverified HTTPS request is being made to host 'randomuser.me'. Adding certificate verification is strongly advised. See: https://urllib3.readthedocs.io/en/latest/advanced-usage.html#tls-warnings
  warnings.warn(</msg>
<msg time="2024-07-27T01:07:12.295526" level="INFO">${response} = &lt;Response [200]&gt;</msg>
<var>${response}</var>
<arg>consultarAPI</arg>
<arg>/api</arg>
<doc>Sends a GET request on a previously created HTTP Session.</doc>
<status status="PASS" start="2024-07-27T01:07:12.183708" elapsed="0.111860"/>
</kw>
<kw name="Set Variable" owner="BuiltIn">
<msg time="2024-07-27T01:07:12.296779" level="INFO">${json_data} = {'results': [{'gender': 'female', 'name': {'title': 'Ms', 'first': 'Claudia', 'last': 'Santos'}, 'location': {'street': {'number': 7074, 'name': 'Calle de Atocha'}, 'city': 'Mérida', 'state': 'Melilla...</msg>
<var>${json_data}</var>
<arg>${response.json()}</arg>
<doc>Returns the given values which can then be assigned to a variables.</doc>
<status status="PASS" start="2024-07-27T01:07:12.296203" elapsed="0.000606"/>
</kw>
<kw name="Log" owner="BuiltIn">
<msg time="2024-07-27T01:07:12.297339" level="INFO">{'results': [{'gender': 'female', 'name': {'title': 'Ms', 'first': 'Claudia', 'last': 'Santos'}, 'location': {'street': {'number': 7074, 'name': 'Calle de Atocha'}, 'city': 'Mérida', 'state': 'Melilla', 'country': 'Spain', 'postcode': 36812, 'coordinates': {'latitude': '-33.4484', 'longitude': '17.0109'}, 'timezone': {'offset': '+10:00', 'description': 'Eastern Australia, Guam, Vladivostok'}}, 'email': 'claudia.santos@example.com', 'login': {'uuid': '3ebeb69c-4726-40d2-9d2f-8aa20f93e4f6', 'username': 'yellowlion667', 'password': 'bobbie', 'salt': 'DjzaYh1Z', 'md5': '06e1e03459fad3c3c5ee831bc8c573bb', 'sha1': '9f6c0e20d966e41052320b667eb9813717e7c65e', 'sha256': 'df1ac8df8754e76b8b50328ae6333784572e92036d8b3c44b0b330af064ba259'}, 'dob': {'date': '1982-04-10T12:32:52.542Z', 'age': 42}, 'registered': {'date': '2005-03-19T08:53:20.030Z', 'age': 19}, 'phone': '996-292-948', 'cell': '603-214-922', 'id': {'name': 'DNI', 'value': '32389787-B'}, 'picture': {'large': 'https://randomuser.me/api/portraits/women/1.jpg', 'medium': 'https://randomuser.me/api/portraits/med/women/1.jpg', 'thumbnail': 'https://randomuser.me/api/portraits/thumb/women/1.jpg'}, 'nat': 'ES'}], 'info': {'seed': '74d148a846a64fca', 'results': 1, 'page': 1, 'version': '1.4'}}</msg>
<arg>${json_data}</arg>
<doc>Logs the given message with the given level.</doc>
<status status="PASS" start="2024-07-27T01:07:12.297169" elapsed="0.000222"/>
</kw>
<kw name="Dictionary Should Contain Key" owner="Collections">
<arg>${json_data}</arg>
<arg>results</arg>
<doc>Fails if ``key`` is not found from ``dictionary``.</doc>
<status status="PASS" start="2024-07-27T01:07:12.297686" elapsed="0.000165"/>
</kw>
<kw name="Should Not Be Empty" owner="BuiltIn">
<msg time="2024-07-27T01:07:12.298163" level="INFO">Length is 2.</msg>
<arg>${json_data}</arg>
<doc>Verifies that the given item is not empty.</doc>
<status status="PASS" start="2024-07-27T01:07:12.298034" elapsed="0.000167"/>
</kw>
<kw name="Create List" owner="BuiltIn">
<msg time="2024-07-27T01:07:12.298648" level="INFO">${expected_keys} = ['gender', 'name', 'location', 'email', 'login']</msg>
<var>${expected_keys}</var>
<arg>gender</arg>
<arg>name</arg>
<arg>location</arg>
<arg>email</arg>
<arg>login</arg>
<doc>Returns a list containing given items.</doc>
<status status="PASS" start="2024-07-27T01:07:12.298496" elapsed="0.000176"/>
</kw>
<for flavor="IN">
<iter>
<kw name="Dictionary Should Contain Key" owner="Collections">
<arg>${json_data['results'][0]}</arg>
<arg>${key}</arg>
<doc>Fails if ``key`` is not found from ``dictionary``.</doc>
<status status="PASS" start="2024-07-27T01:07:12.299263" elapsed="0.000405"/>
</kw>
<kw name="Log" owner="BuiltIn">
<msg time="2024-07-27T01:07:12.300217" level="INFO">{'gender': 'female', 'name': {'title': 'Ms', 'first': 'Claudia', 'last': 'Santos'}, 'location': {'street': {'number': 7074, 'name': 'Calle de Atocha'}, 'city': 'Mérida', 'state': 'Melilla', 'country': 'Spain', 'postcode': 36812, 'coordinates': {'latitude': '-33.4484', 'longitude': '17.0109'}, 'timezone': {'offset': '+10:00', 'description': 'Eastern Australia, Guam, Vladivostok'}}, 'email': 'claudia.santos@example.com', 'login': {'uuid': '3ebeb69c-4726-40d2-9d2f-8aa20f93e4f6', 'username': 'yellowlion667', 'password': 'bobbie', 'salt': 'DjzaYh1Z', 'md5': '06e1e03459fad3c3c5ee831bc8c573bb', 'sha1': '9f6c0e20d966e41052320b667eb9813717e7c65e', 'sha256': 'df1ac8df8754e76b8b50328ae6333784572e92036d8b3c44b0b330af064ba259'}, 'dob': {'date': '1982-04-10T12:32:52.542Z', 'age': 42}, 'registered': {'date': '2005-03-19T08:53:20.030Z', 'age': 19}, 'phone': '996-292-948', 'cell': '603-214-922', 'id': {'name': 'DNI', 'value': '32389787-B'}, 'picture': {'large': 'https://randomuser.me/api/portraits/women/1.jpg', 'medium': 'https://randomuser.me/api/portraits/med/women/1.jpg', 'thumbnail': 'https://randomuser.me/api/portraits/thumb/women/1.jpg'}, 'nat': 'ES'}</msg>
<arg>${json_data['results'][0]}</arg>
<doc>Logs the given message with the given level.</doc>
<status status="PASS" start="2024-07-27T01:07:12.299852" elapsed="0.000425"/>
</kw>
<kw name="Log" owner="BuiltIn">
<msg time="2024-07-27T01:07:12.300713" level="INFO">gender</msg>
<arg>${key}</arg>
<doc>Logs the given message with the given level.</doc>
<status status="PASS" start="2024-07-27T01:07:12.300580" elapsed="0.000171"/>
</kw>
<var name="${key}">gender</var>
<status status="PASS" start="2024-07-27T01:07:12.299132" elapsed="0.001869"/>
</iter>
<iter>
<kw name="Dictionary Should Contain Key" owner="Collections">
<arg>${json_data['results'][0]}</arg>
<arg>${key}</arg>
<doc>Fails if ``key`` is not found from ``dictionary``.</doc>
<status status="PASS" start="2024-07-27T01:07:12.301321" elapsed="0.000387"/>
</kw>
<kw name="Log" owner="BuiltIn">
<msg time="2024-07-27T01:07:12.302252" level="INFO">{'gender': 'female', 'name': {'title': 'Ms', 'first': 'Claudia', 'last': 'Santos'}, 'location': {'street': {'number': 7074, 'name': 'Calle de Atocha'}, 'city': 'Mérida', 'state': 'Melilla', 'country': 'Spain', 'postcode': 36812, 'coordinates': {'latitude': '-33.4484', 'longitude': '17.0109'}, 'timezone': {'offset': '+10:00', 'description': 'Eastern Australia, Guam, Vladivostok'}}, 'email': 'claudia.santos@example.com', 'login': {'uuid': '3ebeb69c-4726-40d2-9d2f-8aa20f93e4f6', 'username': 'yellowlion667', 'password': 'bobbie', 'salt': 'DjzaYh1Z', 'md5': '06e1e03459fad3c3c5ee831bc8c573bb', 'sha1': '9f6c0e20d966e41052320b667eb9813717e7c65e', 'sha256': 'df1ac8df8754e76b8b50328ae6333784572e92036d8b3c44b0b330af064ba259'}, 'dob': {'date': '1982-04-10T12:32:52.542Z', 'age': 42}, 'registered': {'date': '2005-03-19T08:53:20.030Z', 'age': 19}, 'phone': '996-292-948', 'cell': '603-214-922', 'id': {'name': 'DNI', 'value': '32389787-B'}, 'picture': {'large': 'https://randomuser.me/api/portraits/women/1.jpg', 'medium': 'https://randomuser.me/api/portraits/med/women/1.jpg', 'thumbnail': 'https://randomuser.me/api/portraits/thumb/women/1.jpg'}, 'nat': 'ES'}</msg>
<arg>${json_data['results'][0]}</arg>
<doc>Logs the given message with the given level.</doc>
<status status="PASS" start="2024-07-27T01:07:12.301892" elapsed="0.000443"/>
</kw>
<kw name="Log" owner="BuiltIn">
<msg time="2024-07-27T01:07:12.302761" level="INFO">name</msg>
<arg>${key}</arg>
<doc>Logs the given message with the given level.</doc>
<status status="PASS" start="2024-07-27T01:07:12.302633" elapsed="0.000167"/>
</kw>
<var name="${key}">name</var>
<status status="PASS" start="2024-07-27T01:07:12.301205" elapsed="0.001819"/>
</iter>
<iter>
<kw name="Dictionary Should Contain Key" owner="Collections">
<arg>${json_data['results'][0]}</arg>
<arg>${key}</arg>
<doc>Fails if ``key`` is not found from ``dictionary``.</doc>
<status status="PASS" start="2024-07-27T01:07:12.303310" elapsed="0.000377"/>
</kw>
<kw name="Log" owner="BuiltIn">
<msg time="2024-07-27T01:07:12.304230" level="INFO">{'gender': 'female', 'name': {'title': 'Ms', 'first': 'Claudia', 'last': 'Santos'}, 'location': {'street': {'number': 7074, 'name': 'Calle de Atocha'}, 'city': 'Mérida', 'state': 'Melilla', 'country': 'Spain', 'postcode': 36812, 'coordinates': {'latitude': '-33.4484', 'longitude': '17.0109'}, 'timezone': {'offset': '+10:00', 'description': 'Eastern Australia, Guam, Vladivostok'}}, 'email': 'claudia.santos@example.com', 'login': {'uuid': '3ebeb69c-4726-40d2-9d2f-8aa20f93e4f6', 'username': 'yellowlion667', 'password': 'bobbie', 'salt': 'DjzaYh1Z', 'md5': '06e1e03459fad3c3c5ee831bc8c573bb', 'sha1': '9f6c0e20d966e41052320b667eb9813717e7c65e', 'sha256': 'df1ac8df8754e76b8b50328ae6333784572e92036d8b3c44b0b330af064ba259'}, 'dob': {'date': '1982-04-10T12:32:52.542Z', 'age': 42}, 'registered': {'date': '2005-03-19T08:53:20.030Z', 'age': 19}, 'phone': '996-292-948', 'cell': '603-214-922', 'id': {'name': 'DNI', 'value': '32389787-B'}, 'picture': {'large': 'https://randomuser.me/api/portraits/women/1.jpg', 'medium': 'https://randomuser.me/api/portraits/med/women/1.jpg', 'thumbnail': 'https://randomuser.me/api/portraits/thumb/women/1.jpg'}, 'nat': 'ES'}</msg>
<arg>${json_data['results'][0]}</arg>
<doc>Logs the given message with the given level.</doc>
<status status="PASS" start="2024-07-27T01:07:12.303876" elapsed="0.000404"/>
</kw>
<kw name="Log" owner="BuiltIn">
<msg time="2024-07-27T01:07:12.304713" level="INFO">location</msg>
<arg>${key}</arg>
<doc>Logs the given message with the given level.</doc>
<status status="PASS" start="2024-07-27T01:07:12.304585" elapsed="0.000166"/>
</kw>
<var name="${key}">location</var>
<status status="PASS" start="2024-07-27T01:07:12.303203" elapsed="0.001789"/>
</iter>
<iter>
<kw name="Dictionary Should Contain Key" owner="Collections">
<arg>${json_data['results'][0]}</arg>
<arg>${key}</arg>
<doc>Fails if ``key`` is not found from ``dictionary``.</doc>
<status status="PASS" start="2024-07-27T01:07:12.305276" elapsed="0.000399"/>
</kw>
<kw name="Log" owner="BuiltIn">
<msg time="2024-07-27T01:07:12.306349" level="INFO">{'gender': 'female', 'name': {'title': 'Ms', 'first': 'Claudia', 'last': 'Santos'}, 'location': {'street': {'number': 7074, 'name': 'Calle de Atocha'}, 'city': 'Mérida', 'state': 'Melilla', 'country': 'Spain', 'postcode': 36812, 'coordinates': {'latitude': '-33.4484', 'longitude': '17.0109'}, 'timezone': {'offset': '+10:00', 'description': 'Eastern Australia, Guam, Vladivostok'}}, 'email': 'claudia.santos@example.com', 'login': {'uuid': '3ebeb69c-4726-40d2-9d2f-8aa20f93e4f6', 'username': 'yellowlion667', 'password': 'bobbie', 'salt': 'DjzaYh1Z', 'md5': '06e1e03459fad3c3c5ee831bc8c573bb', 'sha1': '9f6c0e20d966e41052320b667eb9813717e7c65e', 'sha256': 'df1ac8df8754e76b8b50328ae6333784572e92036d8b3c44b0b330af064ba259'}, 'dob': {'date': '1982-04-10T12:32:52.542Z', 'age': 42}, 'registered': {'date': '2005-03-19T08:53:20.030Z', 'age': 19}, 'phone': '996-292-948', 'cell': '603-214-922', 'id': {'name': 'DNI', 'value': '32389787-B'}, 'picture': {'large': 'https://randomuser.me/api/portraits/women/1.jpg', 'medium': 'https://randomuser.me/api/portraits/med/women/1.jpg', 'thumbnail': 'https://randomuser.me/api/portraits/thumb/women/1.jpg'}, 'nat': 'ES'}</msg>
<arg>${json_data['results'][0]}</arg>
<doc>Logs the given message with the given level.</doc>
<status status="PASS" start="2024-07-27T01:07:12.305995" elapsed="0.000405"/>
</kw>
<kw name="Log" owner="BuiltIn">
<msg time="2024-07-27T01:07:12.306824" level="INFO">email</msg>
<arg>${key}</arg>
<doc>Logs the given message with the given level.</doc>
<status status="PASS" start="2024-07-27T01:07:12.306696" elapsed="0.000166"/>
</kw>
<var name="${key}">email</var>
<status status="PASS" start="2024-07-27T01:07:12.305168" elapsed="0.001909"/>
</iter>
<iter>
<kw name="Dictionary Should Contain Key" owner="Collections">
<arg>${json_data['results'][0]}</arg>
<arg>${key}</arg>
<doc>Fails if ``key`` is not found from ``dictionary``.</doc>
<status status="PASS" start="2024-07-27T01:07:12.307358" elapsed="0.000378"/>
</kw>
<kw name="Log" owner="BuiltIn">
<msg time="2024-07-27T01:07:12.308263" level="INFO">{'gender': 'female', 'name': {'title': 'Ms', 'first': 'Claudia', 'last': 'Santos'}, 'location': {'street': {'number': 7074, 'name': 'Calle de Atocha'}, 'city': 'Mérida', 'state': 'Melilla', 'country': 'Spain', 'postcode': 36812, 'coordinates': {'latitude': '-33.4484', 'longitude': '17.0109'}, 'timezone': {'offset': '+10:00', 'description': 'Eastern Australia, Guam, Vladivostok'}}, 'email': 'claudia.santos@example.com', 'login': {'uuid': '3ebeb69c-4726-40d2-9d2f-8aa20f93e4f6', 'username': 'yellowlion667', 'password': 'bobbie', 'salt': 'DjzaYh1Z', 'md5': '06e1e03459fad3c3c5ee831bc8c573bb', 'sha1': '9f6c0e20d966e41052320b667eb9813717e7c65e', 'sha256': 'df1ac8df8754e76b8b50328ae6333784572e92036d8b3c44b0b330af064ba259'}, 'dob': {'date': '1982-04-10T12:32:52.542Z', 'age': 42}, 'registered': {'date': '2005-03-19T08:53:20.030Z', 'age': 19}, 'phone': '996-292-948', 'cell': '603-214-922', 'id': {'name': 'DNI', 'value': '32389787-B'}, 'picture': {'large': 'https://randomuser.me/api/portraits/women/1.jpg', 'medium': 'https://randomuser.me/api/portraits/med/women/1.jpg', 'thumbnail': 'https://randomuser.me/api/portraits/thumb/women/1.jpg'}, 'nat': 'ES'}</msg>
<arg>${json_data['results'][0]}</arg>
<doc>Logs the given message with the given level.</doc>
<status status="PASS" start="2024-07-27T01:07:12.307919" elapsed="0.000393"/>
</kw>
<kw name="Log" owner="BuiltIn">
<msg time="2024-07-27T01:07:12.308801" level="INFO">login</msg>
<arg>${key}</arg>
<doc>Logs the given message with the given level.</doc>
<status status="PASS" start="2024-07-27T01:07:12.308610" elapsed="0.000235"/>
</kw>
<var name="${key}">login</var>
<status status="PASS" start="2024-07-27T01:07:12.307251" elapsed="0.001885"/>
</iter>
<var>${key}</var>
<value>@{expected_keys}</value>
<status status="PASS" start="2024-07-27T01:07:12.298937" elapsed="0.010322"/>
</for>
<kw name="Create List" owner="BuiltIn">
<msg time="2024-07-27T01:07:12.309603" level="INFO">${expected_keysTwo} = ['username', 'password']</msg>
<var>${expected_keysTwo}</var>
<arg>username</arg>
<arg>password</arg>
<doc>Returns a list containing given items.</doc>
<status status="PASS" start="2024-07-27T01:07:12.309458" elapsed="0.000200"/>
</kw>
<for flavor="IN">
<iter>
<kw name="Dictionary Should Contain Key" owner="Collections">
<arg>${json_data['results'][0]['login']}</arg>
<arg>${keyTwo}</arg>
<doc>Fails if ``key`` is not found from ``dictionary``.</doc>
<status status="PASS" start="2024-07-27T01:07:12.310176" elapsed="0.000385"/>
</kw>
<kw name="Dictionary Should Contain Key" owner="Collections">
<arg>${json_data['results'][0]['login']}</arg>
<arg>${keyTwo}</arg>
<doc>Fails if ``key`` is not found from ``dictionary``.</doc>
<status status="PASS" start="2024-07-27T01:07:12.310740" elapsed="0.000378"/>
</kw>
<kw name="Log" owner="BuiltIn">
<msg time="2024-07-27T01:07:12.311415" level="INFO">username</msg>
<arg>${keyTwo}</arg>
<doc>Logs the given message with the given level.</doc>
<status status="PASS" start="2024-07-27T01:07:12.311295" elapsed="0.000157"/>
</kw>
<var name="${keyTwo}">username</var>
<status status="PASS" start="2024-07-27T01:07:12.310068" elapsed="0.001601"/>
</iter>
<iter>
<kw name="Dictionary Should Contain Key" owner="Collections">
<arg>${json_data['results'][0]['login']}</arg>
<arg>${keyTwo}</arg>
<doc>Fails if ``key`` is not found from ``dictionary``.</doc>
<status status="PASS" start="2024-07-27T01:07:12.311983" elapsed="0.000392"/>
</kw>
<kw name="Dictionary Should Contain Key" owner="Collections">
<arg>${json_data['results'][0]['login']}</arg>
<arg>${keyTwo}</arg>
<doc>Fails if ``key`` is not found from ``dictionary``.</doc>
<status status="PASS" start="2024-07-27T01:07:12.312553" elapsed="0.000410"/>
</kw>
<kw name="Log" owner="BuiltIn">
<msg time="2024-07-27T01:07:12.313277" level="INFO">password</msg>
<arg>${keyTwo}</arg>
<doc>Logs the given message with the given level.</doc>
<status status="PASS" start="2024-07-27T01:07:12.313150" elapsed="0.000165"/>
</kw>
<var name="${keyTwo}">password</var>
<status status="PASS" start="2024-07-27T01:07:12.311869" elapsed="0.001664"/>
</iter>
<var>${keyTwo}</var>
<value>@{expected_keysTwo}</value>
<status status="PASS" start="2024-07-27T01:07:12.309907" elapsed="0.003748"/>
</for>
<status status="PASS" start="2024-07-27T01:07:12.183461" elapsed="0.130336"/>
</kw>
<doc>Testa a estrutura da resposta da API.</doc>
<tag>testeEstruturaResposta</tag>
<status status="PASS" start="2024-07-27T01:07:12.182854" elapsed="0.131102"/>
</test>
<test id="s1-s1-t4" name="Validar tipos de dados" line="28">
<kw name="Teste de Tipos de Dados" owner="random-user-service">
<kw name="GET On Session" owner="RequestsLibrary">
<msg time="2024-07-27T01:07:12.434003" level="INFO">GET Request : url=https://randomuser.me/api 
 path_url=/api 
 headers={'User-Agent': 'python-requests/2.32.3', 'Accept-Encoding': 'gzip, deflate', 'Accept': '*/*', 'Connection': 'keep-alive'} 
 body=None 
 </msg>
<msg time="2024-07-27T01:07:12.434115" level="INFO">GET Response : url=https://randomuser.me/api 
 status=200, reason=OK 
 headers={'Date': 'Sat, 27 Jul 2024 01:07:12 GMT', 'Content-Type': 'application/json; charset=utf-8', 'Transfer-Encoding': 'chunked', 'Connection': 'keep-alive', 'X-Powered-By': 'Express', 'Access-Control-Allow-Origin': '*', 'Cache-Control': 'no-cache', 'ETag': 'W/"499-BrLEe+pRTfTorV/oMzUeJMMwrRw"', 'Vary': 'Accept-Encoding', 'Content-Encoding': 'gzip', 'CF-Cache-Status': 'DYNAMIC', 'Report-To': '{"endpoints":[{"url":"https:\\/\\/a.nel.cloudflare.com\\/report\\/v4?s=okk462%2BJjHGekucFYish8bornkRr453wgi%2FC%2FVg%2ByMDKZjRzf%2BBzf9bH8JpQjwqe5R2sS7jH9XHllE4liCSVEK5o4ejhvSe2Tom%2B7%2F4DDHeY%2Fkkl51ZKrO4CMkMTjiWr"}],"group":"cf-nel","max_age":604800}', 'NEL': '{"success_fraction":0,"report_to":"cf-nel","max_age":604800}', 'Server': 'cloudflare', 'CF-RAY': '8a98bb31faa1cfe9-SJC', 'alt-svc': 'h3=":443"; ma=86400'} 
 body={"results":[{"gender":"female","name":{"title":"Ms","first":"Rostislava","last":"Frickiy"},"location":{"street":{"number":4248,"name":"Zalivniy provulok"},"city":"Ichnya","state":"Odeska","country":"Ukraine","postcode":29595,"coordinates":{"latitude":"81.1792","longitude":"130.5272"},"timezone":{"offset":"-4:00","description":"Atlantic Time (Canada), Caracas, La Paz"}},"email":"rostislava.frickiy@example.com","login":{"uuid":"bed46569-3c4e-433a-b51e-20e68eff64b0","username":"tinydog110","password":"backbone","salt":"Xq5nmM8u","md5":"e7dadb360c54f1e2fa6e4f743adbf956","sha1":"7e923905eae6acb0a335a29995b7942dd2056127","sha256":"eaa0723cd74e9f5f30de2869c57770b254218a9a7e47425085fd547d5e419892"},"dob":{"date":"1996-07-28T18:32:31.273Z","age":27},"registered":{"date":"2010-07-29T09:51:16.048Z","age":13},"phone":"(099) Z93-2700","cell":"(067) J68-1775","id":{"name":"","value":null},"picture":{"large":"https://randomuser.me/api/portraits/women/53.jpg","medium":"https://randomuser.me/api/portraits/med/women/53.jpg","thumbnail":"https://randomuser.me/api/portraits/thumb/women/53.jpg"},"nat":"UA"}],"info":{"seed":"6b0f18bc9e98fd13","results":1,"page":1,"version":"1.4"}} 
 </msg>
<msg time="2024-07-27T01:07:12.434198" level="INFO">/opt/hostedtoolcache/Python/3.12.4/x64/lib/python3.12/site-packages/urllib3/connectionpool.py:1099: InsecureRequestWarning: Unverified HTTPS request is being made to host 'randomuser.me'. Adding certificate verification is strongly advised. See: https://urllib3.readthedocs.io/en/latest/advanced-usage.html#tls-warnings
  warnings.warn(</msg>
<msg time="2024-07-27T01:07:12.434340" level="INFO">${response} = &lt;Response [200]&gt;</msg>
<var>${response}</var>
<arg>consultarAPI</arg>
<arg>/api</arg>
<doc>Sends a GET request on a previously created HTTP Session.</doc>
<status status="PASS" start="2024-07-27T01:07:12.316554" elapsed="0.117836"/>
</kw>
<kw name="Set Variable" owner="BuiltIn">
<msg time="2024-07-27T01:07:12.435615" level="INFO">${json_data} = {'results': [{'gender': 'female', 'name': {'title': 'Ms', 'first': 'Rostislava', 'last': 'Frickiy'}, 'location': {'street': {'number': 4248, 'name': 'Zalivniy provulok'}, 'city': 'Ichnya', 'state': 'O...</msg>
<var>${json_data}</var>
<arg>${response.json()}</arg>
<doc>Returns the given values which can then be assigned to a variables.</doc>
<status status="PASS" start="2024-07-27T01:07:12.435048" elapsed="0.000597"/>
</kw>
<kw name="Log" owner="BuiltIn">
<msg time="2024-07-27T01:07:12.436112" level="INFO">{'results': [{'gender': 'female', 'name': {'title': 'Ms', 'first': 'Rostislava', 'last': 'Frickiy'}, 'location': {'street': {'number': 4248, 'name': 'Zalivniy provulok'}, 'city': 'Ichnya', 'state': 'Odeska', 'country': 'Ukraine', 'postcode': 29595, 'coordinates': {'latitude': '81.1792', 'longitude': '130.5272'}, 'timezone': {'offset': '-4:00', 'description': 'Atlantic Time (Canada), Caracas, La Paz'}}, 'email': 'rostislava.frickiy@example.com', 'login': {'uuid': 'bed46569-3c4e-433a-b51e-20e68eff64b0', 'username': 'tinydog110', 'password': 'backbone', 'salt': 'Xq5nmM8u', 'md5': 'e7dadb360c54f1e2fa6e4f743adbf956', 'sha1': '7e923905eae6acb0a335a29995b7942dd2056127', 'sha256': 'eaa0723cd74e9f5f30de2869c57770b254218a9a7e47425085fd547d5e419892'}, 'dob': {'date': '1996-07-28T18:32:31.273Z', 'age': 27}, 'registered': {'date': '2010-07-29T09:51:16.048Z', 'age': 13}, 'phone': '(099) Z93-2700', 'cell': '(067) J68-1775', 'id': {'name': '', 'value': None}, 'picture': {'large': 'https://randomuser.me/api/portraits/women/53.jpg', 'medium': 'https://randomuser.me/api/portraits/med/women/53.jpg', 'thumbnail': 'https://randomuser.me/api/portraits/thumb/women/53.jpg'}, 'nat': 'UA'}], 'info': {'seed': '6b0f18bc9e98fd13', 'results': 1, 'page': 1, 'version': '1.4'}}</msg>
<arg>${json_data}</arg>
<doc>Logs the given message with the given level.</doc>
<status status="PASS" start="2024-07-27T01:07:12.435954" elapsed="0.000206"/>
</kw>
<kw name="Should Be String" owner="String">
<arg>${json_data['results'][0]['gender']}</arg>
<doc>Fails if the given ``item`` is not a string.</doc>
<status status="PASS" start="2024-07-27T01:07:12.436449" elapsed="0.000367"/>
</kw>
<kw name="Should Match Regexp" owner="BuiltIn">
<arg>${json_data['results'][0]['email']}</arg>
<arg>^[a-zA-Z0-9._%+-]+@[a-zA-Z0-9.-]+\.[a-zA-Z]{2,}$</arg>
<doc>Fails if ``string`` does not match ``pattern`` as a regular expression.</doc>
<status status="PASS" start="2024-07-27T01:07:12.437057" elapsed="0.000567"/>
</kw>
<kw name="Should Match Regexp" owner="BuiltIn">
<arg>${json_data['results'][0]['dob']['date']}</arg>
<arg>\\d{4}-\\d{2}-\\d{2}T\\d{2}:\\d{2}:\\d{2}\\.\\d{3}Z</arg>
<doc>Fails if ``string`` does not match ``pattern`` as a regular expression.</doc>
<status status="PASS" start="2024-07-27T01:07:12.437825" elapsed="0.000655"/>
</kw>
<kw name="Should Match Regexp" owner="BuiltIn">
<arg>${json_data['results'][0]['registered']['date']}</arg>
<arg>\\d{4}-\\d{2}-\\d{2}T\\d{2}:\\d{2}:\\d{2}\\.\\d{3}Z</arg>
<doc>Fails if ``string`` does not match ``pattern`` as a regular expression.</doc>
<status status="PASS" start="2024-07-27T01:07:12.438679" elapsed="0.000372"/>
</kw>
<kw name="Should Match Regexp" owner="BuiltIn">
<arg>${json_data['results'][0]['picture']['large']}</arg>
<arg>^https?://.*\.(?:png|jpe?g|gif|bmp)$</arg>
<doc>Fails if ``string`` does not match ``pattern`` as a regular expression.</doc>
<status status="PASS" start="2024-07-27T01:07:12.439239" elapsed="0.000463"/>
</kw>
<kw name="Should Match Regexp" owner="BuiltIn">
<arg>${json_data['results'][0]['picture']['medium']}</arg>
<arg>^https?://.*\.(?:png|jpe?g|gif|bmp)$</arg>
<doc>Fails if ``string`` does not match ``pattern`` as a regular expression.</doc>
<status status="PASS" start="2024-07-27T01:07:12.439892" elapsed="0.000352"/>
</kw>
<kw name="Should Match Regexp" owner="BuiltIn">
<arg>${json_data['results'][0]['picture']['thumbnail']}</arg>
<arg>^https?://.*\.(?:png|jpe?g|gif|bmp)$</arg>
<doc>Fails if ``string`` does not match ``pattern`` as a regular expression.</doc>
<status status="PASS" start="2024-07-27T01:07:12.440424" elapsed="0.000344"/>
</kw>
<kw name="Log" owner="BuiltIn">
<msg time="2024-07-27T01:07:12.441295" level="INFO">{'large': 'https://randomuser.me/api/portraits/women/53.jpg', 'medium': 'https://randomuser.me/api/portraits/med/women/53.jpg', 'thumbnail': 'https://randomuser.me/api/portraits/thumb/women/53.jpg'}</msg>
<arg>${json_data['results'][0]['picture']}</arg>
<doc>Logs the given message with the given level.</doc>
<status status="PASS" start="2024-07-27T01:07:12.440969" elapsed="0.000370"/>
</kw>
<status status="PASS" start="2024-07-27T01:07:12.316317" elapsed="0.125283"/>
</kw>
<kw name="Teste de Tipos de Dados - Postcode" owner="random-user-service">
<kw name="GET On Session" owner="RequestsLibrary">
<msg time="2024-07-27T01:07:12.802521" level="INFO">GET Request : url=https://randomuser.me/api 
 path_url=/api 
 headers={'User-Agent': 'python-requests/2.32.3', 'Accept-Encoding': 'gzip, deflate', 'Accept': '*/*', 'Connection': 'keep-alive'} 
 body=None 
 </msg>
<msg time="2024-07-27T01:07:12.802619" level="INFO">GET Response : url=https://randomuser.me/api 
 status=200, reason=OK 
 headers={'Date': 'Sat, 27 Jul 2024 01:07:12 GMT', 'Content-Type': 'application/json; charset=utf-8', 'Transfer-Encoding': 'chunked', 'Connection': 'keep-alive', 'X-Powered-By': 'Express', 'Access-Control-Allow-Origin': '*', 'Cache-Control': 'no-cache', 'ETag': 'W/"463-ql8QCSB/Hq9a2k/8OIzMghW5luc"', 'Vary': 'Accept-Encoding', 'Content-Encoding': 'gzip', 'CF-Cache-Status': 'DYNAMIC', 'Report-To': '{"endpoints":[{"url":"https:\\/\\/a.nel.cloudflare.com\\/report\\/v4?s=JOFnEaDH0cZA7QedlRS9K6yzPEkUgOeLrAuKydBKy%2BO5IxojS03Ieb77DcyNt1dAkfryGFrzLRyJI5kv2hfPor7PMtY3mNSky%2F1FYeqW4eDsch6NUSUlFCLuVgS68Usy"}],"group":"cf-nel","max_age":604800}', 'NEL': '{"success_fraction":0,"report_to":"cf-nel","max_age":604800}', 'Server': 'cloudflare', 'CF-RAY': '8a98bb32cb6bcfe9-SJC', 'alt-svc': 'h3=":443"; ma=86400'} 
 body={"results":[{"gender":"female","name":{"title":"Miss","first":"Oya","last":"Beşok"},"location":{"street":{"number":7984,"name":"Atatürk Sk"},"city":"Uşak","state":"Ordu","country":"Turkey","postcode":17196,"coordinates":{"latitude":"70.0626","longitude":"151.1555"},"timezone":{"offset":"-2:00","description":"Mid-Atlantic"}},"email":"oya.besok@example.com","login":{"uuid":"c326c0ca-1bf9-4b57-971a-d4bb7c3d4b96","username":"redswan379","password":"baggins","salt":"R8LTuBtC","md5":"350b7588cea8d0b52c42f551f186e03f","sha1":"1d7a1930e1bb89f3169659f319142ca04809d6d0","sha256":"73e5d5decbcc22891d5bf1db2621d2a2fd5ab3f307b5a20b58b181c1d7898f7e"},"dob":{"date":"1985-06-24T15:04:24.530Z","age":39},"registered":{"date":"2017-01-18T21:55:52.313Z","age":7},"phone":"(728)-375-3124","cell":"(486)-943-6077","id":{"name":"","value":null},"picture":{"large":"https://randomuser.me/api/portraits/women/44.jpg","medium":"https://randomuser.me/api/portraits/med/women/44.jpg","thumbnail":"https://randomuser.me/api/portraits/thumb/women/44.jpg"},"nat":"TR"}],"info":{"seed":"0e2098a4f0b08d69","results":1,"page":1,"version":"1.4"}} 
 </msg>
<msg time="2024-07-27T01:07:12.802690" level="INFO">/opt/hostedtoolcache/Python/3.12.4/x64/lib/python3.12/site-packages/urllib3/connectionpool.py:1099: InsecureRequestWarning: Unverified HTTPS request is being made to host 'randomuser.me'. Adding certificate verification is strongly advised. See: https://urllib3.readthedocs.io/en/latest/advanced-usage.html#tls-warnings
  warnings.warn(</msg>
<msg time="2024-07-27T01:07:12.802807" level="INFO">${response} = &lt;Response [200]&gt;</msg>
<var>${response}</var>
<arg>consultarAPI</arg>
<arg>/api</arg>
<doc>Sends a GET request on a previously created HTTP Session.</doc>
<status status="PASS" start="2024-07-27T01:07:12.442060" elapsed="0.360787"/>
</kw>
<kw name="Set Variable" owner="BuiltIn">
<msg time="2024-07-27T01:07:12.803924" level="INFO">${json_data} = {'results': [{'gender': 'female', 'name': {'title': 'Miss', 'first': 'Oya', 'last': 'Beşok'}, 'location': {'street': {'number': 7984, 'name': 'Atatürk Sk'}, 'city': 'Uşak', 'state': 'Ordu', 'country':...</msg>
<var>${json_data}</var>
<arg>${response.json()}</arg>
<doc>Returns the given values which can then be assigned to a variables.</doc>
<status status="PASS" start="2024-07-27T01:07:12.803396" elapsed="0.000559"/>
</kw>
<kw name="Log" owner="BuiltIn">
<msg time="2024-07-27T01:07:12.804422" level="INFO">{'results': [{'gender': 'female', 'name': {'title': 'Miss', 'first': 'Oya', 'last': 'Beşok'}, 'location': {'street': {'number': 7984, 'name': 'Atatürk Sk'}, 'city': 'Uşak', 'state': 'Ordu', 'country': 'Turkey', 'postcode': 17196, 'coordinates': {'latitude': '70.0626', 'longitude': '151.1555'}, 'timezone': {'offset': '-2:00', 'description': 'Mid-Atlantic'}}, 'email': 'oya.besok@example.com', 'login': {'uuid': 'c326c0ca-1bf9-4b57-971a-d4bb7c3d4b96', 'username': 'redswan379', 'password': 'baggins', 'salt': 'R8LTuBtC', 'md5': '350b7588cea8d0b52c42f551f186e03f', 'sha1': '1d7a1930e1bb89f3169659f319142ca04809d6d0', 'sha256': '73e5d5decbcc22891d5bf1db2621d2a2fd5ab3f307b5a20b58b181c1d7898f7e'}, 'dob': {'date': '1985-06-24T15:04:24.530Z', 'age': 39}, 'registered': {'date': '2017-01-18T21:55:52.313Z', 'age': 7}, 'phone': '(728)-375-3124', 'cell': '(486)-943-6077', 'id': {'name': '', 'value': None}, 'picture': {'large': 'https://randomuser.me/api/portraits/women/44.jpg', 'medium': 'https://randomuser.me/api/portraits/med/women/44.jpg', 'thumbnail': 'https://randomuser.me/api/portraits/thumb/women/44.jpg'}, 'nat': 'TR'}], 'info': {'seed': '0e2098a4f0b08d69', 'results': 1, 'page': 1, 'version': '1.4'}}</msg>
<arg>${json_data}</arg>
<doc>Logs the given message with the given level.</doc>
<status status="PASS" start="2024-07-27T01:07:12.804264" elapsed="0.000206"/>
</kw>
<kw name="Should Be Equal As Numbers" owner="BuiltIn">
<arg>${json_data['results'][0]['location']['postcode']}</arg>
<arg>${json_data['results'][0]['location']['postcode']}</arg>
<doc>Fails if objects are unequal after converting them to real numbers.</doc>
<status status="PASS" start="2024-07-27T01:07:12.804760" elapsed="0.000679"/>
</kw>
<kw name="Log" owner="BuiltIn">
<msg time="2024-07-27T01:07:12.805962" level="INFO">17196</msg>
<arg>${json_data['results'][0]['location']['postcode']}</arg>
<doc>Logs the given message with the given level.</doc>
<status status="PASS" start="2024-07-27T01:07:12.805630" elapsed="0.000373"/>
</kw>
<status status="PASS" start="2024-07-27T01:07:12.441830" elapsed="0.364454"/>
</kw>
<doc>Testa se os tipos de dados na resposta da API estão corretos.</doc>
<tag>testeTiposDados</tag>
<status status="PASS" start="2024-07-27T01:07:12.315735" elapsed="0.490720"/>
</test>
<test id="s1-s1-t5" name="Validar conteudo" line="35">
<kw name="Teste de Tipos de Conteudo" owner="random-user-service">
<kw name="GET On Session" owner="RequestsLibrary">
<msg time="2024-07-27T01:07:12.896624" level="INFO">GET Request : url=https://randomuser.me/api 
 path_url=/api 
 headers={'User-Agent': 'python-requests/2.32.3', 'Accept-Encoding': 'gzip, deflate', 'Accept': '*/*', 'Connection': 'keep-alive'} 
 body=None 
 </msg>
<msg time="2024-07-27T01:07:12.896725" level="INFO">GET Response : url=https://randomuser.me/api 
 status=200, reason=OK 
 headers={'Date': 'Sat, 27 Jul 2024 01:07:12 GMT', 'Content-Type': 'application/json; charset=utf-8', 'Transfer-Encoding': 'chunked', 'Connection': 'keep-alive', 'X-Powered-By': 'Express', 'Access-Control-Allow-Origin': '*', 'Cache-Control': 'no-cache', 'ETag': 'W/"4a4-OF8+oSzyDosh58KcsaUr33lUBCg"', 'Vary': 'Accept-Encoding', 'Content-Encoding': 'gzip', 'CF-Cache-Status': 'DYNAMIC', 'Report-To': '{"endpoints":[{"url":"https:\\/\\/a.nel.cloudflare.com\\/report\\/v4?s=XWU4iEB19NRNruvDOZt4Bl3np8s2e3VSjd9ucHWRDOc9UXApKMEoZojRRxOS4sBgJEljVQWVwPlbzA1Bj4gnr6Gm5%2BK%2FBefMvkUaN18YMZ994ACOXLW%2Bq0gUk1vlCctC"}],"group":"cf-nel","max_age":604800}', 'NEL': '{"success_fraction":0,"report_to":"cf-nel","max_age":604800}', 'Server': 'cloudflare', 'CF-RAY': '8a98bb351d21cfe9-SJC', 'alt-svc': 'h3=":443"; ma=86400'} 
 body={"results":[{"gender":"female","name":{"title":"Miss","first":"Milagros","last":"Parra"},"location":{"street":{"number":1712,"name":"Calle de Ferraz"},"city":"Palma de Mallorca","state":"La Rioja","country":"Spain","postcode":62212,"coordinates":{"latitude":"-32.1431","longitude":"72.0387"},"timezone":{"offset":"+1:00","description":"Brussels, Copenhagen, Madrid, Paris"}},"email":"milagros.parra@example.com","login":{"uuid":"aa2727ac-90c7-492b-aef6-49135408d063","username":"happyelephant617","password":"wolverine","salt":"dXCMlRj5","md5":"3e3000ac5ff59ca0f4ebd631c4b77794","sha1":"712c98558ef9d52183940540918f4beada876462","sha256":"b8fc209ce4b1a052d9a2a53230e8f1237d84438f73d7379991a0915ed30e42f5"},"dob":{"date":"1950-11-15T21:47:03.218Z","age":73},"registered":{"date":"2006-06-01T14:06:42.386Z","age":18},"phone":"920-580-314","cell":"697-257-266","id":{"name":"DNI","value":"64038462-T"},"picture":{"large":"https://randomuser.me/api/portraits/women/31.jpg","medium":"https://randomuser.me/api/portraits/med/women/31.jpg","thumbnail":"https://randomuser.me/api/portraits/thumb/women/31.jpg"},"nat":"ES"}],"info":{"seed":"3a4bd7525830da55","results":1,"page":1,"version":"1.4"}} 
 </msg>
<msg time="2024-07-27T01:07:12.896794" level="INFO">/opt/hostedtoolcache/Python/3.12.4/x64/lib/python3.12/site-packages/urllib3/connectionpool.py:1099: InsecureRequestWarning: Unverified HTTPS request is being made to host 'randomuser.me'. Adding certificate verification is strongly advised. See: https://urllib3.readthedocs.io/en/latest/advanced-usage.html#tls-warnings
  warnings.warn(</msg>
<msg time="2024-07-27T01:07:12.896948" level="INFO">${response} = &lt;Response [200]&gt;</msg>
<var>${response}</var>
<arg>consultarAPI</arg>
<arg>/api</arg>
<doc>Sends a GET request on a previously created HTTP Session.</doc>
<status status="PASS" start="2024-07-27T01:07:12.808853" elapsed="0.088137"/>
</kw>
<kw name="Set Variable" owner="BuiltIn">
<msg time="2024-07-27T01:07:12.898225" level="INFO">${json_data} = {'results': [{'gender': 'female', 'name': {'title': 'Miss', 'first': 'Milagros', 'last': 'Parra'}, 'location': {'street': {'number': 1712, 'name': 'Calle de Ferraz'}, 'city': 'Palma de Mallorca', 'sta...</msg>
<var>${json_data}</var>
<arg>${response.json()}</arg>
<doc>Returns the given values which can then be assigned to a variables.</doc>
<status status="PASS" start="2024-07-27T01:07:12.897632" elapsed="0.000622"/>
</kw>
<kw name="Set Variable" owner="BuiltIn">
<msg time="2024-07-27T01:07:12.898956" level="INFO">${name_title} = Miss</msg>
<var>${name_title}</var>
<arg>${json_data["results"][0]["name"]["title"]}</arg>
<doc>Returns the given values which can then be assigned to a variables.</doc>
<status status="PASS" start="2024-07-27T01:07:12.898567" elapsed="0.000415"/>
</kw>
<kw name="Create List" owner="BuiltIn">
<msg time="2024-07-27T01:07:12.899425" level="INFO">${allowed_titles} = ['Mr', 'Ms', 'Miss', 'Mrs', 'Madame', 'Monsieur']</msg>
<var>${allowed_titles}</var>
<arg>Mr</arg>
<arg>Ms</arg>
<arg>Miss</arg>
<arg>Mrs</arg>
<arg>Madame</arg>
<arg>Monsieur</arg>
<doc>Returns a list containing given items.</doc>
<status status="PASS" start="2024-07-27T01:07:12.899275" elapsed="0.000175"/>
</kw>
<kw name="List Should Contain Value" owner="Collections">
<arg>${allowed_titles}</arg>
<arg>${name_title}</arg>
<doc>Fails if the ``value`` is not found from ``list``.</doc>
<status status="PASS" start="2024-07-27T01:07:12.899749" elapsed="0.000182"/>
</kw>
<kw name="Set Variable" owner="BuiltIn">
<msg time="2024-07-27T01:07:12.900486" level="INFO">${name_country} = ES</msg>
<var>${name_country}</var>
<arg>${json_data["results"][0]["nat"]}</arg>
<doc>Returns the given values which can then be assigned to a variables.</doc>
<status status="PASS" start="2024-07-27T01:07:12.900110" elapsed="0.000401"/>
</kw>
<kw name="Create List" owner="BuiltIn">
<msg time="2024-07-27T01:07:12.901437" level="INFO">${list_country} = ['AD', 'AE', 'AF', 'AG', 'AI', 'AL', 'AM', 'AO', 'AQ', 'AR', 'AS', 'AT', 'AU', 'AW', 'AX', 'AZ', 'BA', 'BB', 'BD', 'BE', 'BF', 'BG', 'BH', 'BI', 'BJ', 'BL', 'BM', 'BN', 'BO', 'BQ', 'BR', 'BS', 'BT', '...</msg>
<var>${list_country}</var>
<arg>AD</arg>
<arg>AE</arg>
<arg>AF</arg>
<arg>AG</arg>
<arg>AI</arg>
<arg>AL</arg>
<arg>AM</arg>
<arg>AO</arg>
<arg>AQ</arg>
<arg>AR</arg>
<arg>AS</arg>
<arg>AT</arg>
<arg>AU</arg>
<arg>AW</arg>
<arg>AX</arg>
<arg>AZ</arg>
<arg>BA</arg>
<arg>BB</arg>
<arg>BD</arg>
<arg>BE</arg>
<arg>BF</arg>
<arg>BG</arg>
<arg>BH</arg>
<arg>BI</arg>
<arg>BJ</arg>
<arg>BL</arg>
<arg>BM</arg>
<arg>BN</arg>
<arg>BO</arg>
<arg>BQ</arg>
<arg>BR</arg>
<arg>BS</arg>
<arg>BT</arg>
<arg>BV</arg>
<arg>BW</arg>
<arg>BY</arg>
<arg>BZ</arg>
<arg>CA</arg>
<arg>CC</arg>
<arg>CD</arg>
<arg>CF</arg>
<arg>CG</arg>
<arg>CH</arg>
<arg>CI</arg>
<arg>CK</arg>
<arg>CL</arg>
<arg>CM</arg>
<arg>CN</arg>
<arg>CO</arg>
<arg>CR</arg>
<arg>CU</arg>
<arg>CV</arg>
<arg>CW</arg>
<arg>CX</arg>
<arg>CY</arg>
<arg>CZ</arg>
<arg>DE</arg>
<arg>DJ</arg>
<arg>DK</arg>
<arg>DM</arg>
<arg>DO</arg>
<arg>DZ</arg>
<arg>EC</arg>
<arg>EE</arg>
<arg>EG</arg>
<arg>EH</arg>
<arg>ER</arg>
<arg>ES</arg>
<arg>ET</arg>
<arg>FI</arg>
<arg>FJ</arg>
<arg>FK</arg>
<arg>FM</arg>
<arg>FO</arg>
<arg>FR</arg>
<arg>GA</arg>
<arg>GB</arg>
<arg>GD</arg>
<arg>GE</arg>
<arg>GF</arg>
<arg>GG</arg>
<arg>GH</arg>
<arg>GI</arg>
<arg>GL</arg>
<arg>GM</arg>
<arg>GN</arg>
<arg>GP</arg>
<arg>GQ</arg>
<arg>GR</arg>
<arg>GS</arg>
<arg>GT</arg>
<arg>GU</arg>
<arg>GW</arg>
<arg>GY</arg>
<arg>HK</arg>
<arg>HM</arg>
<arg>HN</arg>
<arg>HR</arg>
<arg>HT</arg>
<arg>HU</arg>
<arg>ID</arg>
<arg>IE</arg>
<arg>IL</arg>
<arg>IM</arg>
<arg>IN</arg>
<arg>IO</arg>
<arg>IQ</arg>
<arg>IR</arg>
<arg>IS</arg>
<arg>IT</arg>
<arg>JE</arg>
<arg>JM</arg>
<arg>JO</arg>
<arg>JP</arg>
<arg>KE</arg>
<arg>KG</arg>
<arg>KH</arg>
<arg>KI</arg>
<arg>KM</arg>
<arg>KN</arg>
<arg>KP</arg>
<arg>KR</arg>
<arg>KW</arg>
<arg>KY</arg>
<arg>KZ</arg>
<arg>LA</arg>
<arg>LB</arg>
<arg>LC</arg>
<arg>LI</arg>
<arg>LK</arg>
<arg>LR</arg>
<arg>LS</arg>
<arg>LT</arg>
<arg>LU</arg>
<arg>LV</arg>
<arg>LY</arg>
<arg>MA</arg>
<arg>MC</arg>
<arg>MD</arg>
<arg>ME</arg>
<arg>MF</arg>
<arg>MG</arg>
<arg>MH</arg>
<arg>MK</arg>
<arg>ML</arg>
<arg>MM</arg>
<arg>MN</arg>
<arg>MO</arg>
<arg>MP</arg>
<arg>MQ</arg>
<arg>MR</arg>
<arg>MS</arg>
<arg>MT</arg>
<arg>MU</arg>
<arg>MV</arg>
<arg>MW</arg>
<arg>MX</arg>
<arg>MY</arg>
<arg>MZ</arg>
<arg>NA</arg>
<arg>NC</arg>
<arg>NE</arg>
<arg>NF</arg>
<arg>NG</arg>
<arg>NI</arg>
<arg>NL</arg>
<arg>NO</arg>
<arg>NP</arg>
<arg>NR</arg>
<arg>NU</arg>
<arg>NZ</arg>
<arg>OM</arg>
<arg>PA</arg>
<arg>PE</arg>
<arg>PF</arg>
<arg>PG</arg>
<arg>PH</arg>
<arg>PK</arg>
<arg>PL</arg>
<arg>PM</arg>
<arg>PN</arg>
<arg>PR</arg>
<arg>PS</arg>
<arg>PT</arg>
<arg>PW</arg>
<arg>PY</arg>
<arg>QA</arg>
<arg>RE</arg>
<arg>RO</arg>
<arg>RS</arg>
<arg>RU</arg>
<arg>RW</arg>
<arg>SA</arg>
<arg>SB</arg>
<arg>SC</arg>
<arg>SD</arg>
<arg>SE</arg>
<arg>SG</arg>
<arg>SH</arg>
<arg>SI</arg>
<arg>SJ</arg>
<arg>SK</arg>
<arg>SL</arg>
<arg>SM</arg>
<arg>SN</arg>
<arg>SO</arg>
<arg>SR</arg>
<arg>SS</arg>
<arg>ST</arg>
<arg>SV</arg>
<arg>SX</arg>
<arg>SY</arg>
<arg>SZ</arg>
<arg>TC</arg>
<arg>TD</arg>
<arg>TF</arg>
<arg>TG</arg>
<arg>TH</arg>
<arg>TJ</arg>
<arg>TK</arg>
<arg>TL</arg>
<arg>TM</arg>
<arg>TN</arg>
<arg>TO</arg>
<arg>TR</arg>
<arg>TT</arg>
<arg>TV</arg>
<arg>TW</arg>
<arg>TZ</arg>
<arg>UA</arg>
<arg>UG</arg>
<arg>UM</arg>
<arg>US</arg>
<arg>UY</arg>
<arg>UZ</arg>
<arg>VA</arg>
<arg>VC</arg>
<arg>VE</arg>
<arg>VG</arg>
<arg>VI</arg>
<arg>VN</arg>
<arg>VU</arg>
<arg>WF</arg>
<arg>WS</arg>
<arg>XK</arg>
<arg>YE</arg>
<arg>YT</arg>
<arg>ZA</arg>
<arg>ZM</arg>
<arg>ZW</arg>
<doc>Returns a list containing given items.</doc>
<status status="PASS" start="2024-07-27T01:07:12.900797" elapsed="0.000667"/>
</kw>
<kw name="List Should Contain Value" owner="Collections">
<arg>${list_country}</arg>
<arg>${name_country}</arg>
<doc>Fails if the ``value`` is not found from ``list``.</doc>
<status status="PASS" start="2024-07-27T01:07:12.902452" elapsed="0.000211"/>
</kw>
<kw name="Run Keyword If" owner="BuiltIn">
<kw name="Should Be True" owner="BuiltIn">
<arg>${True}</arg>
<doc>Fails if the given condition is not true.</doc>
<status status="PASS" start="2024-07-27T01:07:12.903616" elapsed="0.000143"/>
</kw>
<arg>${json_data["results"][0]["location"]["coordinates"]["latitude"]} &gt;= -90 and ${json_data["results"][0]["location"]["coordinates"]["latitude"]} &lt;= 90</arg>
<arg>Should Be True</arg>
<arg>${True}</arg>
<doc>Runs the given keyword with the given arguments, if ``condition`` is true.</doc>
<status status="PASS" start="2024-07-27T01:07:12.902865" elapsed="0.001020"/>
</kw>
<kw name="Run Keyword If" owner="BuiltIn">
<kw name="Should Be True" owner="BuiltIn">
<arg>${True}</arg>
<doc>Fails if the given condition is not true.</doc>
<status status="PASS" start="2024-07-27T01:07:12.904754" elapsed="0.000166"/>
</kw>
<arg>${json_data["results"][0]["location"]["coordinates"]["longitude"]} &gt;= -180 and ${json_data["results"][0]["location"]["coordinates"]["longitude"]} &lt;= 180</arg>
<arg>Should Be True</arg>
<arg>${True}</arg>
<doc>Runs the given keyword with the given arguments, if ``condition`` is true.</doc>
<status status="PASS" start="2024-07-27T01:07:12.904066" elapsed="0.000987"/>
</kw>
<status status="PASS" start="2024-07-27T01:07:12.808620" elapsed="0.096578"/>
</kw>
<doc>Testa o conteúdo específico dos campos retornados pela API.</doc>
<tag>testeConteudo</tag>
<status status="PASS" start="2024-07-27T01:07:12.808178" elapsed="0.097173"/>
</test>
<status status="PASS" start="2024-07-27T01:07:11.675038" elapsed="1.232290"/>
</suite>
<status status="PASS" start="2024-07-27T01:07:11.659736" elapsed="1.252737"/>
</suite>
<statistics>
<total>
<stat pass="5" fail="0" skip="0">All Tests</stat>
</total>
<tag>
<stat pass="1" fail="0" skip="0">testeConteudo</stat>
<stat pass="1" fail="0" skip="0">testeEstruturaResposta</stat>
<stat pass="1" fail="0" skip="0">testeRequisicaoBasica</stat>
<stat pass="1" fail="0" skip="0">testeTiposDados</stat>
</tag>
<suite>
<stat pass="5" fail="0" skip="0" id="s1" name="Tests">Tests</stat>
<stat pass="5" fail="0" skip="0" id="s1-s1" name="Random-User-Test">Tests.Random-User-Test</stat>
</suite>
</statistics>
<errors>
</errors>
</robot>
