<?xml version="1.0" encoding="UTF-8"?>
<robot generator="Robot 7.0 (Python 3.12.3 on linux)" generated="2024-05-01T11:11:47.768758" rpa="false" schemaversion="5">
<suite id="s1" name="Tests" source="/home/runner/work/DesafioQAItauRogerioJordao/DesafioQAItauRogerioJordao/RamdonUser/tests">
<suite id="s1-s1" name="Random-User-Test" source="/home/runner/work/DesafioQAItauRogerioJordao/DesafioQAItauRogerioJordao/RamdonUser/tests/random-user-test.robot">
<test id="s1-s1-t1" name="Conectar" line="13">
<kw name="Conectar API" owner="random-user-service">
<kw name="Create Session" owner="RequestsLibrary">
<msg time="2024-05-01T11:11:48.135804" level="INFO">Creating Session using : alias=consultarAPI, url=https://randomuser.me/, headers={},                     cookies={}, auth=None, timeout=None, proxies=None, verify=False,                     debug=0 </msg>
<arg>consultarAPI</arg>
<arg>${URL}</arg>
<doc>Create Session: create a HTTP session to a server</doc>
<status status="PASS" start="2024-05-01T11:11:48.135605" elapsed="0.000378"/>
</kw>
<status status="PASS" start="2024-05-01T11:11:48.134637" elapsed="0.001719"/>
</kw>
<status status="PASS" start="2024-05-01T11:11:48.134085" elapsed="0.002464"/>
</test>
<test id="s1-s1-t2" name="Validar retorno 200 e JSON Válido" line="16">
<kw name="Teste de Requisicao Basica" owner="random-user-service">
<kw name="GET On Session" owner="RequestsLibrary">
<msg time="2024-05-01T11:11:48.434360" level="INFO">GET Request : url=https://randomuser.me/api 
 path_url=/api 
 headers={'User-Agent': 'python-requests/2.31.0', 'Accept-Encoding': 'gzip, deflate', 'Accept': '*/*', 'Connection': 'keep-alive'} 
 body=None 
 </msg>
<msg time="2024-05-01T11:11:48.434501" level="INFO">GET Response : url=https://randomuser.me/api 
 status=200, reason=OK 
 headers={'Date': 'Wed, 01 May 2024 11:11:48 GMT', 'Content-Type': 'application/json; charset=utf-8', 'Transfer-Encoding': 'chunked', 'Connection': 'keep-alive', 'X-Powered-By': 'Express', 'Access-Control-Allow-Origin': '*', 'Cache-Control': 'no-cache', 'ETag': 'W/"475-ycjLkC/7b5XsIXEGRbjsBybkopU"', 'Vary': 'Accept-Encoding', 'Content-Encoding': 'gzip', 'CF-Cache-Status': 'DYNAMIC', 'Report-To': '{"endpoints":[{"url":"https:\\/\\/a.nel.cloudflare.com\\/report\\/v4?s=B3CTbzrzxT5Zl880t5oHkPVCxAo0JXWXqnoT%2FiZZ541low1isDT3Zz6wTftaWnttVOa8lTj%2BoA53Sm9axiU0Ey6ElROKgth4W4YySjWqO9HSas0uJWXsnXm7XJT3O%2B4h"}],"group":"cf-nel","max_age":604800}', 'NEL': '{"success_fraction":0,"report_to":"cf-nel","max_age":604800}', 'Server': 'cloudflare', 'CF-RAY': '87cf55378a873914-IAD', 'alt-svc': 'h3=":443"; ma=86400'} 
 body={"results":[{"gender":"male","name":{"title":"Mr","first":"Nathan","last":"Knight"},"location":{"street":{"number":9530,"name":"36th Ave"},"city":"Oakville","state":"Prince Edward Island","country":"Canada","postcode":"T1K 6Y9","coordinates":{"latitude":"-69.9797","longitude":"-19.2376"},"timezone":{"offset":"+3:30","description":"Tehran"}},"email":"nathan.knight@example.com","login":{"uuid":"a79f1ab9-de5b-44ee-b70f-4e84b44e34f9","username":"angrywolf367","password":"jian","salt":"15uSr340","md5":"bab140edceb6580d1118f0bc263f382f","sha1":"93b848739d0fcc09a28fbf3c0964c5384cb881d3","sha256":"d2b263b2e091c6ae4d91b964205f72211e70f0290c66abb9a9700b43d5cdecbd"},"dob":{"date":"1994-11-06T01:43:49.664Z","age":29},"registered":{"date":"2012-09-05T04:27:13.408Z","age":11},"phone":"S32 Y22-9575","cell":"L43 B89-7366","id":{"name":"SIN","value":"495259368"},"picture":{"large":"https://randomuser.me/api/portraits/men/25.jpg","medium":"https://randomuser.me/api/portraits/med/men/25.jpg","thumbnail":"https://randomuser.me/api/portraits/thumb/men/25.jpg"},"nat":"CA"}],"info":{"seed":"09f084790f813351","results":1,"page":1,"version":"1.4"}} 
 </msg>
<msg time="2024-05-01T11:11:48.434582" level="INFO">/opt/hostedtoolcache/Python/3.12.3/x64/lib/python3.12/site-packages/urllib3/connectionpool.py:1103: InsecureRequestWarning: Unverified HTTPS request is being made to host 'randomuser.me'. Adding certificate verification is strongly advised. See: https://urllib3.readthedocs.io/en/latest/advanced-usage.html#tls-warnings
  warnings.warn(</msg>
<msg time="2024-05-01T11:11:48.434720" level="INFO">${response} = &lt;Response [200]&gt;</msg>
<var>${response}</var>
<arg>consultarAPI</arg>
<arg>/api</arg>
<doc>Sends a GET request on a previously created HTTP Session.</doc>
<status status="PASS" start="2024-05-01T11:11:48.139131" elapsed="0.295630"/>
</kw>
<kw name="Should Be Equal As Numbers" owner="BuiltIn">
<msg time="2024-05-01T11:11:48.435712" level="INFO">Argument types are:
&lt;class 'int'&gt;
&lt;class 'str'&gt;</msg>
<arg>${response.status_code}</arg>
<arg>200</arg>
<doc>Fails if objects are unequal after converting them to real numbers.</doc>
<status status="PASS" start="2024-05-01T11:11:48.435263" elapsed="0.000514"/>
</kw>
<kw name="Log" owner="BuiltIn">
<msg time="2024-05-01T11:11:48.436523" level="INFO">200</msg>
<arg>${response.status_code}</arg>
<doc>Logs the given message with the given level.</doc>
<status status="PASS" start="2024-05-01T11:11:48.436119" elapsed="0.000446"/>
</kw>
<kw name="Set Variable" owner="BuiltIn">
<msg time="2024-05-01T11:11:48.437310" level="INFO">${json_data} = {'results': [{'gender': 'male', 'name': {'title': 'Mr', 'first': 'Nathan', 'last': 'Knight'}, 'location': {'street': {'number': 9530, 'name': '36th Ave'}, 'city': 'Oakville', 'state': 'Prince Edward I...</msg>
<var>${json_data}</var>
<arg>${response.json()}</arg>
<doc>Returns the given values which can then be assigned to a variables.</doc>
<status status="PASS" start="2024-05-01T11:11:48.436874" elapsed="0.000463"/>
</kw>
<kw name="Dictionary Should Contain Key" owner="Collections">
<msg time="2024-05-01T11:11:48.437801" level="INFO">False</msg>
<arg>${json_data}</arg>
<arg>results</arg>
<doc>Fails if ``key`` is not found from ``dictionary``.</doc>
<status status="PASS" start="2024-05-01T11:11:48.437635" elapsed="0.000205"/>
</kw>
<status status="PASS" start="2024-05-01T11:11:48.138892" elapsed="0.299207"/>
</kw>
<doc>Testa se a API responde corretamente e retorna um objeto JSON válido.</doc>
<tag>testeRequisicaoBasica</tag>
<status status="PASS" start="2024-05-01T11:11:48.138438" elapsed="0.299844"/>
</test>
<test id="s1-s1-t3" name="Validar estrutura de resposta" line="22">
<kw name="Teste de Estrutura de Resposta" owner="random-user-service">
<kw name="GET On Session" owner="RequestsLibrary">
<msg time="2024-05-01T11:11:48.542280" level="INFO">GET Request : url=https://randomuser.me/api 
 path_url=/api 
 headers={'User-Agent': 'python-requests/2.31.0', 'Accept-Encoding': 'gzip, deflate', 'Accept': '*/*', 'Connection': 'keep-alive'} 
 body=None 
 </msg>
<msg time="2024-05-01T11:11:48.542351" level="INFO">GET Response : url=https://randomuser.me/api 
 status=200, reason=OK 
 headers={'Date': 'Wed, 01 May 2024 11:11:48 GMT', 'Content-Type': 'application/json; charset=utf-8', 'Transfer-Encoding': 'chunked', 'Connection': 'keep-alive', 'X-Powered-By': 'Express', 'Access-Control-Allow-Origin': '*', 'Cache-Control': 'no-cache', 'ETag': 'W/"487-Yf5uYMkn+eCLXElztSGr6qC7MBY"', 'Vary': 'Accept-Encoding', 'Content-Encoding': 'gzip', 'CF-Cache-Status': 'DYNAMIC', 'Report-To': '{"endpoints":[{"url":"https:\\/\\/a.nel.cloudflare.com\\/report\\/v4?s=B%2FIcgOndWdVpP0jowsP5w6%2FL8ZLIScxQc2ngN0Joz36EW372vMfAKlhaOqrKIxHzrHZCUjGGct9KfbCTpcAlLYAHRFMgJZqLISLqe6l6IXc%2B%2FI9NAWB3GkGa3bf106ic"}],"group":"cf-nel","max_age":604800}', 'NEL': '{"success_fraction":0,"report_to":"cf-nel","max_age":604800}', 'Server': 'cloudflare', 'CF-RAY': '87cf5537cac93914-IAD', 'alt-svc': 'h3=":443"; ma=86400'} 
 body={"results":[{"gender":"female","name":{"title":"Ms","first":"Snežana","last":"Kićanović"},"location":{"street":{"number":8779,"name":"Jove Mitrovića"},"city":"Novi Sad","state":"Podunavlje","country":"Serbia","postcode":44066,"coordinates":{"latitude":"63.4276","longitude":"42.3461"},"timezone":{"offset":"-3:30","description":"Newfoundland"}},"email":"snezana.kicanovic@example.com","login":{"uuid":"c4c5e588-6177-4a89-8275-f78496dfb09e","username":"goldenwolf511","password":"honor","salt":"fBDOGJri","md5":"924e6af0ca886539663012ee7d5e6af7","sha1":"e80aec308ceaf3349c07eeceefe4eae8c203f54d","sha256":"04f5f1c708d189c5551e11df3ff9c27352fec61cd1333e131dce51ecfc6393c5"},"dob":{"date":"1973-08-09T22:27:26.797Z","age":50},"registered":{"date":"2007-05-04T09:45:37.248Z","age":16},"phone":"028-9705-923","cell":"061-9944-359","id":{"name":"SID","value":"664403892"},"picture":{"large":"https://randomuser.me/api/portraits/women/59.jpg","medium":"https://randomuser.me/api/portraits/med/women/59.jpg","thumbnail":"https://randomuser.me/api/portraits/thumb/women/59.jpg"},"nat":"RS"}],"info":{"seed":"aa6414511da6a933","results":1,"page":1,"version":"1.4"}} 
 </msg>
<msg time="2024-05-01T11:11:48.542459" level="INFO">/opt/hostedtoolcache/Python/3.12.3/x64/lib/python3.12/site-packages/urllib3/connectionpool.py:1103: InsecureRequestWarning: Unverified HTTPS request is being made to host 'randomuser.me'. Adding certificate verification is strongly advised. See: https://urllib3.readthedocs.io/en/latest/advanced-usage.html#tls-warnings
  warnings.warn(</msg>
<msg time="2024-05-01T11:11:48.542557" level="INFO">${response} = &lt;Response [200]&gt;</msg>
<var>${response}</var>
<arg>consultarAPI</arg>
<arg>/api</arg>
<doc>Sends a GET request on a previously created HTTP Session.</doc>
<status status="PASS" start="2024-05-01T11:11:48.441272" elapsed="0.101320"/>
</kw>
<kw name="Set Variable" owner="BuiltIn">
<msg time="2024-05-01T11:11:48.543482" level="INFO">${json_data} = {'results': [{'gender': 'female', 'name': {'title': 'Ms', 'first': 'Snežana', 'last': 'Kićanović'}, 'location': {'street': {'number': 8779, 'name': 'Jove Mitrovića'}, 'city': 'Novi Sad', 'state': 'Pod...</msg>
<var>${json_data}</var>
<arg>${response.json()}</arg>
<doc>Returns the given values which can then be assigned to a variables.</doc>
<status status="PASS" start="2024-05-01T11:11:48.543008" elapsed="0.000503"/>
</kw>
<kw name="Log" owner="BuiltIn">
<msg time="2024-05-01T11:11:48.543975" level="INFO">{'results': [{'gender': 'female', 'name': {'title': 'Ms', 'first': 'Snežana', 'last': 'Kićanović'}, 'location': {'street': {'number': 8779, 'name': 'Jove Mitrovića'}, 'city': 'Novi Sad', 'state': 'Podunavlje', 'country': 'Serbia', 'postcode': 44066, 'coordinates': {'latitude': '63.4276', 'longitude': '42.3461'}, 'timezone': {'offset': '-3:30', 'description': 'Newfoundland'}}, 'email': 'snezana.kicanovic@example.com', 'login': {'uuid': 'c4c5e588-6177-4a89-8275-f78496dfb09e', 'username': 'goldenwolf511', 'password': 'honor', 'salt': 'fBDOGJri', 'md5': '924e6af0ca886539663012ee7d5e6af7', 'sha1': 'e80aec308ceaf3349c07eeceefe4eae8c203f54d', 'sha256': '04f5f1c708d189c5551e11df3ff9c27352fec61cd1333e131dce51ecfc6393c5'}, 'dob': {'date': '1973-08-09T22:27:26.797Z', 'age': 50}, 'registered': {'date': '2007-05-04T09:45:37.248Z', 'age': 16}, 'phone': '028-9705-923', 'cell': '061-9944-359', 'id': {'name': 'SID', 'value': '664403892'}, 'picture': {'large': 'https://randomuser.me/api/portraits/women/59.jpg', 'medium': 'https://randomuser.me/api/portraits/med/women/59.jpg', 'thumbnail': 'https://randomuser.me/api/portraits/thumb/women/59.jpg'}, 'nat': 'RS'}], 'info': {'seed': 'aa6414511da6a933', 'results': 1, 'page': 1, 'version': '1.4'}}</msg>
<arg>${json_data}</arg>
<doc>Logs the given message with the given level.</doc>
<status status="PASS" start="2024-05-01T11:11:48.543812" elapsed="0.000213"/>
</kw>
<kw name="Dictionary Should Contain Key" owner="Collections">
<msg time="2024-05-01T11:11:48.544522" level="INFO">False</msg>
<arg>${json_data}</arg>
<arg>results</arg>
<doc>Fails if ``key`` is not found from ``dictionary``.</doc>
<status status="PASS" start="2024-05-01T11:11:48.544366" elapsed="0.000192"/>
</kw>
<kw name="Should Not Be Empty" owner="BuiltIn">
<msg time="2024-05-01T11:11:48.544979" level="INFO">Length is 2.</msg>
<arg>${json_data}</arg>
<doc>Verifies that the given item is not empty.</doc>
<status status="PASS" start="2024-05-01T11:11:48.544847" elapsed="0.000171"/>
</kw>
<kw name="Create List" owner="BuiltIn">
<msg time="2024-05-01T11:11:48.545584" level="INFO">${expected_keys} = ['gender', 'name', 'location', 'email', 'login']</msg>
<var>${expected_keys}</var>
<arg>gender</arg>
<arg>name</arg>
<arg>location</arg>
<arg>email</arg>
<arg>login</arg>
<doc>Returns a list containing given items.</doc>
<status status="PASS" start="2024-05-01T11:11:48.545298" elapsed="0.000311"/>
</kw>
<for flavor="IN">
<iter>
<kw name="Dictionary Should Contain Key" owner="Collections">
<msg time="2024-05-01T11:11:48.546565" level="INFO">False</msg>
<arg>${json_data['results'][0]}</arg>
<arg>${key}</arg>
<doc>Fails if ``key`` is not found from ``dictionary``.</doc>
<status status="PASS" start="2024-05-01T11:11:48.546174" elapsed="0.000427"/>
</kw>
<kw name="Log" owner="BuiltIn">
<msg time="2024-05-01T11:11:48.547277" level="INFO">{'gender': 'female', 'name': {'title': 'Ms', 'first': 'Snežana', 'last': 'Kićanović'}, 'location': {'street': {'number': 8779, 'name': 'Jove Mitrovića'}, 'city': 'Novi Sad', 'state': 'Podunavlje', 'country': 'Serbia', 'postcode': 44066, 'coordinates': {'latitude': '63.4276', 'longitude': '42.3461'}, 'timezone': {'offset': '-3:30', 'description': 'Newfoundland'}}, 'email': 'snezana.kicanovic@example.com', 'login': {'uuid': 'c4c5e588-6177-4a89-8275-f78496dfb09e', 'username': 'goldenwolf511', 'password': 'honor', 'salt': 'fBDOGJri', 'md5': '924e6af0ca886539663012ee7d5e6af7', 'sha1': 'e80aec308ceaf3349c07eeceefe4eae8c203f54d', 'sha256': '04f5f1c708d189c5551e11df3ff9c27352fec61cd1333e131dce51ecfc6393c5'}, 'dob': {'date': '1973-08-09T22:27:26.797Z', 'age': 50}, 'registered': {'date': '2007-05-04T09:45:37.248Z', 'age': 16}, 'phone': '028-9705-923', 'cell': '061-9944-359', 'id': {'name': 'SID', 'value': '664403892'}, 'picture': {'large': 'https://randomuser.me/api/portraits/women/59.jpg', 'medium': 'https://randomuser.me/api/portraits/med/women/59.jpg', 'thumbnail': 'https://randomuser.me/api/portraits/thumb/women/59.jpg'}, 'nat': 'RS'}</msg>
<arg>${json_data['results'][0]}</arg>
<doc>Logs the given message with the given level.</doc>
<status status="PASS" start="2024-05-01T11:11:48.546912" elapsed="0.000414"/>
</kw>
<kw name="Log" owner="BuiltIn">
<msg time="2024-05-01T11:11:48.547761" level="INFO">gender</msg>
<arg>${key}</arg>
<doc>Logs the given message with the given level.</doc>
<status status="PASS" start="2024-05-01T11:11:48.547626" elapsed="0.000170"/>
</kw>
<var name="${key}">gender</var>
<status status="PASS" start="2024-05-01T11:11:48.546049" elapsed="0.001957"/>
</iter>
<iter>
<kw name="Dictionary Should Contain Key" owner="Collections">
<msg time="2024-05-01T11:11:48.548702" level="INFO">False</msg>
<arg>${json_data['results'][0]}</arg>
<arg>${key}</arg>
<doc>Fails if ``key`` is not found from ``dictionary``.</doc>
<status status="PASS" start="2024-05-01T11:11:48.548322" elapsed="0.000417"/>
</kw>
<kw name="Log" owner="BuiltIn">
<msg time="2024-05-01T11:11:48.549417" level="INFO">{'gender': 'female', 'name': {'title': 'Ms', 'first': 'Snežana', 'last': 'Kićanović'}, 'location': {'street': {'number': 8779, 'name': 'Jove Mitrovića'}, 'city': 'Novi Sad', 'state': 'Podunavlje', 'country': 'Serbia', 'postcode': 44066, 'coordinates': {'latitude': '63.4276', 'longitude': '42.3461'}, 'timezone': {'offset': '-3:30', 'description': 'Newfoundland'}}, 'email': 'snezana.kicanovic@example.com', 'login': {'uuid': 'c4c5e588-6177-4a89-8275-f78496dfb09e', 'username': 'goldenwolf511', 'password': 'honor', 'salt': 'fBDOGJri', 'md5': '924e6af0ca886539663012ee7d5e6af7', 'sha1': 'e80aec308ceaf3349c07eeceefe4eae8c203f54d', 'sha256': '04f5f1c708d189c5551e11df3ff9c27352fec61cd1333e131dce51ecfc6393c5'}, 'dob': {'date': '1973-08-09T22:27:26.797Z', 'age': 50}, 'registered': {'date': '2007-05-04T09:45:37.248Z', 'age': 16}, 'phone': '028-9705-923', 'cell': '061-9944-359', 'id': {'name': 'SID', 'value': '664403892'}, 'picture': {'large': 'https://randomuser.me/api/portraits/women/59.jpg', 'medium': 'https://randomuser.me/api/portraits/med/women/59.jpg', 'thumbnail': 'https://randomuser.me/api/portraits/thumb/women/59.jpg'}, 'nat': 'RS'}</msg>
<arg>${json_data['results'][0]}</arg>
<doc>Logs the given message with the given level.</doc>
<status status="PASS" start="2024-05-01T11:11:48.549060" elapsed="0.000406"/>
</kw>
<kw name="Log" owner="BuiltIn">
<msg time="2024-05-01T11:11:48.549882" level="INFO">name</msg>
<arg>${key}</arg>
<doc>Logs the given message with the given level.</doc>
<status status="PASS" start="2024-05-01T11:11:48.549759" elapsed="0.000158"/>
</kw>
<var name="${key}">name</var>
<status status="PASS" start="2024-05-01T11:11:48.548205" elapsed="0.001925"/>
</iter>
<iter>
<kw name="Dictionary Should Contain Key" owner="Collections">
<msg time="2024-05-01T11:11:48.550792" level="INFO">False</msg>
<arg>${json_data['results'][0]}</arg>
<arg>${key}</arg>
<doc>Fails if ``key`` is not found from ``dictionary``.</doc>
<status status="PASS" start="2024-05-01T11:11:48.550418" elapsed="0.000408"/>
</kw>
<kw name="Log" owner="BuiltIn">
<msg time="2024-05-01T11:11:48.551476" level="INFO">{'gender': 'female', 'name': {'title': 'Ms', 'first': 'Snežana', 'last': 'Kićanović'}, 'location': {'street': {'number': 8779, 'name': 'Jove Mitrovića'}, 'city': 'Novi Sad', 'state': 'Podunavlje', 'country': 'Serbia', 'postcode': 44066, 'coordinates': {'latitude': '63.4276', 'longitude': '42.3461'}, 'timezone': {'offset': '-3:30', 'description': 'Newfoundland'}}, 'email': 'snezana.kicanovic@example.com', 'login': {'uuid': 'c4c5e588-6177-4a89-8275-f78496dfb09e', 'username': 'goldenwolf511', 'password': 'honor', 'salt': 'fBDOGJri', 'md5': '924e6af0ca886539663012ee7d5e6af7', 'sha1': 'e80aec308ceaf3349c07eeceefe4eae8c203f54d', 'sha256': '04f5f1c708d189c5551e11df3ff9c27352fec61cd1333e131dce51ecfc6393c5'}, 'dob': {'date': '1973-08-09T22:27:26.797Z', 'age': 50}, 'registered': {'date': '2007-05-04T09:45:37.248Z', 'age': 16}, 'phone': '028-9705-923', 'cell': '061-9944-359', 'id': {'name': 'SID', 'value': '664403892'}, 'picture': {'large': 'https://randomuser.me/api/portraits/women/59.jpg', 'medium': 'https://randomuser.me/api/portraits/med/women/59.jpg', 'thumbnail': 'https://randomuser.me/api/portraits/thumb/women/59.jpg'}, 'nat': 'RS'}</msg>
<arg>${json_data['results'][0]}</arg>
<doc>Logs the given message with the given level.</doc>
<status status="PASS" start="2024-05-01T11:11:48.551118" elapsed="0.000406"/>
</kw>
<kw name="Log" owner="BuiltIn">
<msg time="2024-05-01T11:11:48.551937" level="INFO">location</msg>
<arg>${key}</arg>
<doc>Logs the given message with the given level.</doc>
<status status="PASS" start="2024-05-01T11:11:48.551817" elapsed="0.000156"/>
</kw>
<var name="${key}">location</var>
<status status="PASS" start="2024-05-01T11:11:48.550308" elapsed="0.001905"/>
</iter>
<iter>
<kw name="Dictionary Should Contain Key" owner="Collections">
<msg time="2024-05-01T11:11:48.552881" level="INFO">False</msg>
<arg>${json_data['results'][0]}</arg>
<arg>${key}</arg>
<doc>Fails if ``key`` is not found from ``dictionary``.</doc>
<status status="PASS" start="2024-05-01T11:11:48.552498" elapsed="0.000419"/>
</kw>
<kw name="Log" owner="BuiltIn">
<msg time="2024-05-01T11:11:48.553576" level="INFO">{'gender': 'female', 'name': {'title': 'Ms', 'first': 'Snežana', 'last': 'Kićanović'}, 'location': {'street': {'number': 8779, 'name': 'Jove Mitrovića'}, 'city': 'Novi Sad', 'state': 'Podunavlje', 'country': 'Serbia', 'postcode': 44066, 'coordinates': {'latitude': '63.4276', 'longitude': '42.3461'}, 'timezone': {'offset': '-3:30', 'description': 'Newfoundland'}}, 'email': 'snezana.kicanovic@example.com', 'login': {'uuid': 'c4c5e588-6177-4a89-8275-f78496dfb09e', 'username': 'goldenwolf511', 'password': 'honor', 'salt': 'fBDOGJri', 'md5': '924e6af0ca886539663012ee7d5e6af7', 'sha1': 'e80aec308ceaf3349c07eeceefe4eae8c203f54d', 'sha256': '04f5f1c708d189c5551e11df3ff9c27352fec61cd1333e131dce51ecfc6393c5'}, 'dob': {'date': '1973-08-09T22:27:26.797Z', 'age': 50}, 'registered': {'date': '2007-05-04T09:45:37.248Z', 'age': 16}, 'phone': '028-9705-923', 'cell': '061-9944-359', 'id': {'name': 'SID', 'value': '664403892'}, 'picture': {'large': 'https://randomuser.me/api/portraits/women/59.jpg', 'medium': 'https://randomuser.me/api/portraits/med/women/59.jpg', 'thumbnail': 'https://randomuser.me/api/portraits/thumb/women/59.jpg'}, 'nat': 'RS'}</msg>
<arg>${json_data['results'][0]}</arg>
<doc>Logs the given message with the given level.</doc>
<status status="PASS" start="2024-05-01T11:11:48.553213" elapsed="0.000412"/>
</kw>
<kw name="Log" owner="BuiltIn">
<msg time="2024-05-01T11:11:48.554047" level="INFO">email</msg>
<arg>${key}</arg>
<doc>Logs the given message with the given level.</doc>
<status status="PASS" start="2024-05-01T11:11:48.553924" elapsed="0.000159"/>
</kw>
<var name="${key}">email</var>
<status status="PASS" start="2024-05-01T11:11:48.552388" elapsed="0.001909"/>
</iter>
<iter>
<kw name="Dictionary Should Contain Key" owner="Collections">
<msg time="2024-05-01T11:11:48.554958" level="INFO">False</msg>
<arg>${json_data['results'][0]}</arg>
<arg>${key}</arg>
<doc>Fails if ``key`` is not found from ``dictionary``.</doc>
<status status="PASS" start="2024-05-01T11:11:48.554573" elapsed="0.000421"/>
</kw>
<kw name="Log" owner="BuiltIn">
<msg time="2024-05-01T11:11:48.555639" level="INFO">{'gender': 'female', 'name': {'title': 'Ms', 'first': 'Snežana', 'last': 'Kićanović'}, 'location': {'street': {'number': 8779, 'name': 'Jove Mitrovića'}, 'city': 'Novi Sad', 'state': 'Podunavlje', 'country': 'Serbia', 'postcode': 44066, 'coordinates': {'latitude': '63.4276', 'longitude': '42.3461'}, 'timezone': {'offset': '-3:30', 'description': 'Newfoundland'}}, 'email': 'snezana.kicanovic@example.com', 'login': {'uuid': 'c4c5e588-6177-4a89-8275-f78496dfb09e', 'username': 'goldenwolf511', 'password': 'honor', 'salt': 'fBDOGJri', 'md5': '924e6af0ca886539663012ee7d5e6af7', 'sha1': 'e80aec308ceaf3349c07eeceefe4eae8c203f54d', 'sha256': '04f5f1c708d189c5551e11df3ff9c27352fec61cd1333e131dce51ecfc6393c5'}, 'dob': {'date': '1973-08-09T22:27:26.797Z', 'age': 50}, 'registered': {'date': '2007-05-04T09:45:37.248Z', 'age': 16}, 'phone': '028-9705-923', 'cell': '061-9944-359', 'id': {'name': 'SID', 'value': '664403892'}, 'picture': {'large': 'https://randomuser.me/api/portraits/women/59.jpg', 'medium': 'https://randomuser.me/api/portraits/med/women/59.jpg', 'thumbnail': 'https://randomuser.me/api/portraits/thumb/women/59.jpg'}, 'nat': 'RS'}</msg>
<arg>${json_data['results'][0]}</arg>
<doc>Logs the given message with the given level.</doc>
<status status="PASS" start="2024-05-01T11:11:48.555284" elapsed="0.000402"/>
</kw>
<kw name="Log" owner="BuiltIn">
<msg time="2024-05-01T11:11:48.556107" level="INFO">login</msg>
<arg>${key}</arg>
<doc>Logs the given message with the given level.</doc>
<status status="PASS" start="2024-05-01T11:11:48.555983" elapsed="0.000161"/>
</kw>
<var name="${key}">login</var>
<status status="PASS" start="2024-05-01T11:11:48.554463" elapsed="0.001939"/>
</iter>
<var>${key}</var>
<value>@{expected_keys}</value>
<status status="PASS" start="2024-05-01T11:11:48.545867" elapsed="0.010659"/>
</for>
<kw name="Create List" owner="BuiltIn">
<msg time="2024-05-01T11:11:48.556851" level="INFO">${expected_keysTwo} = ['username', 'password']</msg>
<var>${expected_keysTwo}</var>
<arg>username</arg>
<arg>password</arg>
<doc>Returns a list containing given items.</doc>
<status status="PASS" start="2024-05-01T11:11:48.556717" elapsed="0.000157"/>
</kw>
<for flavor="IN">
<iter>
<kw name="Dictionary Should Contain Key" owner="Collections">
<msg time="2024-05-01T11:11:48.557756" level="INFO">False</msg>
<arg>${json_data['results'][0]['login']}</arg>
<arg>${keyTwo}</arg>
<doc>Fails if ``key`` is not found from ``dictionary``.</doc>
<status status="PASS" start="2024-05-01T11:11:48.557371" elapsed="0.000422"/>
</kw>
<kw name="Dictionary Should Contain Key" owner="Collections">
<msg time="2024-05-01T11:11:48.558454" level="INFO">False</msg>
<arg>${json_data['results'][0]['login']}</arg>
<arg>${keyTwo}</arg>
<doc>Fails if ``key`` is not found from ``dictionary``.</doc>
<status status="PASS" start="2024-05-01T11:11:48.558082" elapsed="0.000408"/>
</kw>
<kw name="Log" owner="BuiltIn">
<msg time="2024-05-01T11:11:48.558907" level="INFO">username</msg>
<arg>${keyTwo}</arg>
<doc>Logs the given message with the given level.</doc>
<status status="PASS" start="2024-05-01T11:11:48.558784" elapsed="0.000164"/>
</kw>
<var name="${keyTwo}">username</var>
<status status="PASS" start="2024-05-01T11:11:48.557262" elapsed="0.001896"/>
</iter>
<iter>
<kw name="Dictionary Should Contain Key" owner="Collections">
<msg time="2024-05-01T11:11:48.559801" level="INFO">False</msg>
<arg>${json_data['results'][0]['login']}</arg>
<arg>${keyTwo}</arg>
<doc>Fails if ``key`` is not found from ``dictionary``.</doc>
<status status="PASS" start="2024-05-01T11:11:48.559431" elapsed="0.000406"/>
</kw>
<kw name="Dictionary Should Contain Key" owner="Collections">
<msg time="2024-05-01T11:11:48.560628" level="INFO">False</msg>
<arg>${json_data['results'][0]['login']}</arg>
<arg>${keyTwo}</arg>
<doc>Fails if ``key`` is not found from ``dictionary``.</doc>
<status status="PASS" start="2024-05-01T11:11:48.560123" elapsed="0.000543"/>
</kw>
<kw name="Log" owner="BuiltIn">
<msg time="2024-05-01T11:11:48.561086" level="INFO">password</msg>
<arg>${keyTwo}</arg>
<doc>Logs the given message with the given level.</doc>
<status status="PASS" start="2024-05-01T11:11:48.560960" elapsed="0.000163"/>
</kw>
<var name="${keyTwo}">password</var>
<status status="PASS" start="2024-05-01T11:11:48.559323" elapsed="0.002028"/>
</iter>
<var>${keyTwo}</var>
<value>@{expected_keysTwo}</value>
<status status="PASS" start="2024-05-01T11:11:48.557114" elapsed="0.004355"/>
</for>
<status status="PASS" start="2024-05-01T11:11:48.440937" elapsed="0.120671"/>
</kw>
<doc>Testa a estrutura da resposta da API.</doc>
<tag>testeEstruturaResposta</tag>
<status status="PASS" start="2024-05-01T11:11:48.440143" elapsed="0.121622"/>
</test>
<test id="s1-s1-t4" name="Validar tipos de dados" line="28">
<kw name="Teste de Tipos de Dados" owner="random-user-service">
<kw name="GET On Session" owner="RequestsLibrary">
<msg time="2024-05-01T11:11:48.633609" level="INFO">GET Request : url=https://randomuser.me/api 
 path_url=/api 
 headers={'User-Agent': 'python-requests/2.31.0', 'Accept-Encoding': 'gzip, deflate', 'Accept': '*/*', 'Connection': 'keep-alive'} 
 body=None 
 </msg>
<msg time="2024-05-01T11:11:48.633696" level="INFO">GET Response : url=https://randomuser.me/api 
 status=200, reason=OK 
 headers={'Date': 'Wed, 01 May 2024 11:11:48 GMT', 'Content-Type': 'application/json; charset=utf-8', 'Transfer-Encoding': 'chunked', 'Connection': 'keep-alive', 'X-Powered-By': 'Express', 'Access-Control-Allow-Origin': '*', 'Cache-Control': 'no-cache', 'ETag': 'W/"466-3tprBtz1bXTd83u6YBY6T35NLfg"', 'Vary': 'Accept-Encoding', 'Content-Encoding': 'gzip', 'CF-Cache-Status': 'DYNAMIC', 'Report-To': '{"endpoints":[{"url":"https:\\/\\/a.nel.cloudflare.com\\/report\\/v4?s=dze%2BHq7kBx0PzBL1UFxRZ%2BD%2BeOFE036RgpUqafK0r3sBVgF3Z1VicEKqrptxywqXJNtpE5TWA%2BP7ZFQc%2FdM2HC9%2BmUEGX5OpyoQolWyM7LrsGVlXv55s%2FYhXyhUtRajN"}],"group":"cf-nel","max_age":604800}', 'NEL': '{"success_fraction":0,"report_to":"cf-nel","max_age":604800}', 'Server': 'cloudflare', 'CF-RAY': '87cf55388bb93914-IAD', 'alt-svc': 'h3=":443"; ma=86400'} 
 body={"results":[{"gender":"male","name":{"title":"Mr","first":"Jaxon","last":"Harris"},"location":{"street":{"number":8348,"name":"Hereford Street"},"city":"Timaru","state":"Southland","country":"New Zealand","postcode":36652,"coordinates":{"latitude":"48.5743","longitude":"-176.0272"},"timezone":{"offset":"+4:30","description":"Kabul"}},"email":"jaxon.harris@example.com","login":{"uuid":"84ad5ca4-0d9c-4f74-b5f4-a4b0e2a4abf4","username":"yellowfish679","password":"franky","salt":"c3KY0DrE","md5":"5b47a2afd46a882c3125d951cb97cd6f","sha1":"6ce233a122356d12e60cb179199b44a7898b59b0","sha256":"217ffb8fc63459402307d67cf78b9dc86e6cd876a48483341640865856a2568d"},"dob":{"date":"1961-05-18T06:44:50.604Z","age":62},"registered":{"date":"2017-03-12T21:26:22.058Z","age":7},"phone":"(816)-267-9259","cell":"(645)-447-2174","id":{"name":"","value":null},"picture":{"large":"https://randomuser.me/api/portraits/men/4.jpg","medium":"https://randomuser.me/api/portraits/med/men/4.jpg","thumbnail":"https://randomuser.me/api/portraits/thumb/men/4.jpg"},"nat":"NZ"}],"info":{"seed":"6154736447d62b89","results":1,"page":1,"version":"1.4"}} 
 </msg>
<msg time="2024-05-01T11:11:48.633758" level="INFO">/opt/hostedtoolcache/Python/3.12.3/x64/lib/python3.12/site-packages/urllib3/connectionpool.py:1103: InsecureRequestWarning: Unverified HTTPS request is being made to host 'randomuser.me'. Adding certificate verification is strongly advised. See: https://urllib3.readthedocs.io/en/latest/advanced-usage.html#tls-warnings
  warnings.warn(</msg>
<msg time="2024-05-01T11:11:48.633859" level="INFO">${response} = &lt;Response [200]&gt;</msg>
<var>${response}</var>
<arg>consultarAPI</arg>
<arg>/api</arg>
<doc>Sends a GET request on a previously created HTTP Session.</doc>
<status status="PASS" start="2024-05-01T11:11:48.564269" elapsed="0.069629"/>
</kw>
<kw name="Set Variable" owner="BuiltIn">
<msg time="2024-05-01T11:11:48.634849" level="INFO">${json_data} = {'results': [{'gender': 'male', 'name': {'title': 'Mr', 'first': 'Jaxon', 'last': 'Harris'}, 'location': {'street': {'number': 8348, 'name': 'Hereford Street'}, 'city': 'Timaru', 'state': 'Southland',...</msg>
<var>${json_data}</var>
<arg>${response.json()}</arg>
<doc>Returns the given values which can then be assigned to a variables.</doc>
<status status="PASS" start="2024-05-01T11:11:48.634350" elapsed="0.000527"/>
</kw>
<kw name="Log" owner="BuiltIn">
<msg time="2024-05-01T11:11:48.635339" level="INFO">{'results': [{'gender': 'male', 'name': {'title': 'Mr', 'first': 'Jaxon', 'last': 'Harris'}, 'location': {'street': {'number': 8348, 'name': 'Hereford Street'}, 'city': 'Timaru', 'state': 'Southland', 'country': 'New Zealand', 'postcode': 36652, 'coordinates': {'latitude': '48.5743', 'longitude': '-176.0272'}, 'timezone': {'offset': '+4:30', 'description': 'Kabul'}}, 'email': 'jaxon.harris@example.com', 'login': {'uuid': '84ad5ca4-0d9c-4f74-b5f4-a4b0e2a4abf4', 'username': 'yellowfish679', 'password': 'franky', 'salt': 'c3KY0DrE', 'md5': '5b47a2afd46a882c3125d951cb97cd6f', 'sha1': '6ce233a122356d12e60cb179199b44a7898b59b0', 'sha256': '217ffb8fc63459402307d67cf78b9dc86e6cd876a48483341640865856a2568d'}, 'dob': {'date': '1961-05-18T06:44:50.604Z', 'age': 62}, 'registered': {'date': '2017-03-12T21:26:22.058Z', 'age': 7}, 'phone': '(816)-267-9259', 'cell': '(645)-447-2174', 'id': {'name': '', 'value': None}, 'picture': {'large': 'https://randomuser.me/api/portraits/men/4.jpg', 'medium': 'https://randomuser.me/api/portraits/med/men/4.jpg', 'thumbnail': 'https://randomuser.me/api/portraits/thumb/men/4.jpg'}, 'nat': 'NZ'}], 'info': {'seed': '6154736447d62b89', 'results': 1, 'page': 1, 'version': '1.4'}}</msg>
<arg>${json_data}</arg>
<doc>Logs the given message with the given level.</doc>
<status status="PASS" start="2024-05-01T11:11:48.635185" elapsed="0.000241"/>
</kw>
<kw name="Should Be String" owner="String">
<arg>${json_data['results'][0]['gender']}</arg>
<doc>Fails if the given ``item`` is not a string.</doc>
<status status="PASS" start="2024-05-01T11:11:48.635733" elapsed="0.000360"/>
</kw>
<kw name="Should Match Regexp" owner="BuiltIn">
<arg>${json_data['results'][0]['email']}</arg>
<arg>^[a-zA-Z0-9._%+-]+@[a-zA-Z0-9.-]+\.[a-zA-Z]{2,}$</arg>
<doc>Fails if ``string`` does not match ``pattern`` as a regular expression.</doc>
<status status="PASS" start="2024-05-01T11:11:48.636331" elapsed="0.000512"/>
</kw>
<kw name="Should Match Regexp" owner="BuiltIn">
<arg>${json_data['results'][0]['dob']['date']}</arg>
<arg>\\d{4}-\\d{2}-\\d{2}T\\d{2}:\\d{2}:\\d{2}\\.\\d{3}Z</arg>
<doc>Fails if ``string`` does not match ``pattern`` as a regular expression.</doc>
<status status="PASS" start="2024-05-01T11:11:48.637034" elapsed="0.000499"/>
</kw>
<kw name="Should Match Regexp" owner="BuiltIn">
<arg>${json_data['results'][0]['registered']['date']}</arg>
<arg>\\d{4}-\\d{2}-\\d{2}T\\d{2}:\\d{2}:\\d{2}\\.\\d{3}Z</arg>
<doc>Fails if ``string`` does not match ``pattern`` as a regular expression.</doc>
<status status="PASS" start="2024-05-01T11:11:48.637723" elapsed="0.000366"/>
</kw>
<kw name="Should Match Regexp" owner="BuiltIn">
<arg>${json_data['results'][0]['picture']['large']}</arg>
<arg>^https?://.*\.(?:png|jpe?g|gif|bmp)$</arg>
<doc>Fails if ``string`` does not match ``pattern`` as a regular expression.</doc>
<status status="PASS" start="2024-05-01T11:11:48.638275" elapsed="0.000460"/>
</kw>
<kw name="Should Match Regexp" owner="BuiltIn">
<arg>${json_data['results'][0]['picture']['medium']}</arg>
<arg>^https?://.*\.(?:png|jpe?g|gif|bmp)$</arg>
<doc>Fails if ``string`` does not match ``pattern`` as a regular expression.</doc>
<status status="PASS" start="2024-05-01T11:11:48.638922" elapsed="0.000355"/>
</kw>
<kw name="Should Match Regexp" owner="BuiltIn">
<arg>${json_data['results'][0]['picture']['thumbnail']}</arg>
<arg>^https?://.*\.(?:png|jpe?g|gif|bmp)$</arg>
<doc>Fails if ``string`` does not match ``pattern`` as a regular expression.</doc>
<status status="PASS" start="2024-05-01T11:11:48.639465" elapsed="0.000345"/>
</kw>
<kw name="Log" owner="BuiltIn">
<msg time="2024-05-01T11:11:48.640352" level="INFO">{'large': 'https://randomuser.me/api/portraits/men/4.jpg', 'medium': 'https://randomuser.me/api/portraits/med/men/4.jpg', 'thumbnail': 'https://randomuser.me/api/portraits/thumb/men/4.jpg'}</msg>
<arg>${json_data['results'][0]['picture']}</arg>
<doc>Logs the given message with the given level.</doc>
<status status="PASS" start="2024-05-01T11:11:48.639987" elapsed="0.000406"/>
</kw>
<status status="PASS" start="2024-05-01T11:11:48.563990" elapsed="0.076659"/>
</kw>
<kw name="Teste de Tipos de Dados - Postcode" owner="random-user-service">
<kw name="GET On Session" owner="RequestsLibrary">
<msg time="2024-05-01T11:11:48.733116" level="INFO">GET Request : url=https://randomuser.me/api 
 path_url=/api 
 headers={'User-Agent': 'python-requests/2.31.0', 'Accept-Encoding': 'gzip, deflate', 'Accept': '*/*', 'Connection': 'keep-alive'} 
 body=None 
 </msg>
<msg time="2024-05-01T11:11:48.733195" level="INFO">GET Response : url=https://randomuser.me/api 
 status=200, reason=OK 
 headers={'Date': 'Wed, 01 May 2024 11:11:48 GMT', 'Content-Type': 'application/json; charset=utf-8', 'Transfer-Encoding': 'chunked', 'Connection': 'keep-alive', 'X-Powered-By': 'Express', 'Access-Control-Allow-Origin': '*', 'Cache-Control': 'no-cache', 'ETag': 'W/"48d-5cbzi7+Oa9q4QnIArQSXlv3n+0w"', 'Vary': 'Accept-Encoding', 'Content-Encoding': 'gzip', 'CF-Cache-Status': 'DYNAMIC', 'Report-To': '{"endpoints":[{"url":"https:\\/\\/a.nel.cloudflare.com\\/report\\/v4?s=OsJfYvGTeu9OkZBdJkU67oqnWpvAO%2BmB%2FqwMedpg6rXw4XkR4NpE6Mv2V6Rtd%2BKYrbXcgdcaqi8wB3AMU6IwYtY1dbJ%2FakdZNxa%2Bv6XAph7u3yblGoQYnBcI2oSjjPJS"}],"group":"cf-nel","max_age":604800}', 'NEL': '{"success_fraction":0,"report_to":"cf-nel","max_age":604800}', 'Server': 'cloudflare', 'CF-RAY': '87cf55390c183914-IAD', 'alt-svc': 'h3=":443"; ma=86400'} 
 body={"results":[{"gender":"male","name":{"title":"Mr","first":"Ramses","last":"Prieto"},"location":{"street":{"number":5633,"name":"Peatonal Tlaxcala"},"city":"Espita","state":"Queretaro","country":"Mexico","postcode":15614,"coordinates":{"latitude":"22.6792","longitude":"-152.0973"},"timezone":{"offset":"-7:00","description":"Mountain Time (US &amp; Canada)"}},"email":"ramses.prieto@example.com","login":{"uuid":"cb29c4a0-ac35-43c3-a12a-03bc68a5d024","username":"bluemouse152","password":"admin1","salt":"NUnvnWok","md5":"65959a70dba40d89f1315d98f8aeca74","sha1":"1884bd7fa373b5c820decadce90784ba73b53ac1","sha256":"01c67f7a11f87a7c97f5aa499290cdbf65a77ca6a7bbe611459fc8cb45c43a36"},"dob":{"date":"1956-02-26T06:43:30.728Z","age":68},"registered":{"date":"2017-03-31T14:55:48.521Z","age":7},"phone":"(645) 638 0125","cell":"(630) 926 7134","id":{"name":"NSS","value":"45 01 34 3934 3"},"picture":{"large":"https://randomuser.me/api/portraits/men/80.jpg","medium":"https://randomuser.me/api/portraits/med/men/80.jpg","thumbnail":"https://randomuser.me/api/portraits/thumb/men/80.jpg"},"nat":"MX"}],"info":{"seed":"129a0e95ad1b50c1","results":1,"page":1,"version":"1.4"}} 
 </msg>
<msg time="2024-05-01T11:11:48.733264" level="INFO">/opt/hostedtoolcache/Python/3.12.3/x64/lib/python3.12/site-packages/urllib3/connectionpool.py:1103: InsecureRequestWarning: Unverified HTTPS request is being made to host 'randomuser.me'. Adding certificate verification is strongly advised. See: https://urllib3.readthedocs.io/en/latest/advanced-usage.html#tls-warnings
  warnings.warn(</msg>
<msg time="2024-05-01T11:11:48.733368" level="INFO">${response} = &lt;Response [200]&gt;</msg>
<var>${response}</var>
<arg>consultarAPI</arg>
<arg>/api</arg>
<doc>Sends a GET request on a previously created HTTP Session.</doc>
<status status="PASS" start="2024-05-01T11:11:48.641094" elapsed="0.092311"/>
</kw>
<kw name="Set Variable" owner="BuiltIn">
<msg time="2024-05-01T11:11:48.734290" level="INFO">${json_data} = {'results': [{'gender': 'male', 'name': {'title': 'Mr', 'first': 'Ramses', 'last': 'Prieto'}, 'location': {'street': {'number': 5633, 'name': 'Peatonal Tlaxcala'}, 'city': 'Espita', 'state': 'Queretar...</msg>
<var>${json_data}</var>
<arg>${response.json()}</arg>
<doc>Returns the given values which can then be assigned to a variables.</doc>
<status status="PASS" start="2024-05-01T11:11:48.733835" elapsed="0.000482"/>
</kw>
<kw name="Log" owner="BuiltIn">
<msg time="2024-05-01T11:11:48.734765" level="INFO">{'results': [{'gender': 'male', 'name': {'title': 'Mr', 'first': 'Ramses', 'last': 'Prieto'}, 'location': {'street': {'number': 5633, 'name': 'Peatonal Tlaxcala'}, 'city': 'Espita', 'state': 'Queretaro', 'country': 'Mexico', 'postcode': 15614, 'coordinates': {'latitude': '22.6792', 'longitude': '-152.0973'}, 'timezone': {'offset': '-7:00', 'description': 'Mountain Time (US &amp; Canada)'}}, 'email': 'ramses.prieto@example.com', 'login': {'uuid': 'cb29c4a0-ac35-43c3-a12a-03bc68a5d024', 'username': 'bluemouse152', 'password': 'admin1', 'salt': 'NUnvnWok', 'md5': '65959a70dba40d89f1315d98f8aeca74', 'sha1': '1884bd7fa373b5c820decadce90784ba73b53ac1', 'sha256': '01c67f7a11f87a7c97f5aa499290cdbf65a77ca6a7bbe611459fc8cb45c43a36'}, 'dob': {'date': '1956-02-26T06:43:30.728Z', 'age': 68}, 'registered': {'date': '2017-03-31T14:55:48.521Z', 'age': 7}, 'phone': '(645) 638 0125', 'cell': '(630) 926 7134', 'id': {'name': 'NSS', 'value': '45 01 34 3934 3'}, 'picture': {'large': 'https://randomuser.me/api/portraits/men/80.jpg', 'medium': 'https://randomuser.me/api/portraits/med/men/80.jpg', 'thumbnail': 'https://randomuser.me/api/portraits/thumb/men/80.jpg'}, 'nat': 'MX'}], 'info': {'seed': '129a0e95ad1b50c1', 'results': 1, 'page': 1, 'version': '1.4'}}</msg>
<arg>${json_data}</arg>
<doc>Logs the given message with the given level.</doc>
<status status="PASS" start="2024-05-01T11:11:48.734615" elapsed="0.000229"/>
</kw>
<kw name="Should Be Equal As Numbers" owner="BuiltIn">
<arg>${json_data['results'][0]['location']['postcode']}</arg>
<arg>${json_data['results'][0]['location']['postcode']}</arg>
<doc>Fails if objects are unequal after converting them to real numbers.</doc>
<status status="PASS" start="2024-05-01T11:11:48.735143" elapsed="0.000756"/>
</kw>
<kw name="Log" owner="BuiltIn">
<msg time="2024-05-01T11:11:48.736471" level="INFO">15614</msg>
<arg>${json_data['results'][0]['location']['postcode']}</arg>
<doc>Logs the given message with the given level.</doc>
<status status="PASS" start="2024-05-01T11:11:48.736091" elapsed="0.000421"/>
</kw>
<status status="PASS" start="2024-05-01T11:11:48.640870" elapsed="0.095892"/>
</kw>
<doc>Testa se os tipos de dados na resposta da API estão corretos.</doc>
<tag>testeTiposDados</tag>
<status status="PASS" start="2024-05-01T11:11:48.563510" elapsed="0.173415"/>
</test>
<test id="s1-s1-t5" name="Validar conteudo" line="35">
<kw name="Teste de Tipos de Conteudo" owner="random-user-service">
<kw name="GET On Session" owner="RequestsLibrary">
<msg time="2024-05-01T11:11:48.844162" level="INFO">GET Request : url=https://randomuser.me/api 
 path_url=/api 
 headers={'User-Agent': 'python-requests/2.31.0', 'Accept-Encoding': 'gzip, deflate', 'Accept': '*/*', 'Connection': 'keep-alive'} 
 body=None 
 </msg>
<msg time="2024-05-01T11:11:48.844304" level="INFO">GET Response : url=https://randomuser.me/api 
 status=200, reason=OK 
 headers={'Date': 'Wed, 01 May 2024 11:11:48 GMT', 'Content-Type': 'application/json; charset=utf-8', 'Transfer-Encoding': 'chunked', 'Connection': 'keep-alive', 'X-Powered-By': 'Express', 'Access-Control-Allow-Origin': '*', 'Cache-Control': 'no-cache', 'ETag': 'W/"48b-Wjea2Ni3zURQmOMva7+v2cjFipU"', 'Vary': 'Accept-Encoding', 'Content-Encoding': 'gzip', 'CF-Cache-Status': 'DYNAMIC', 'Report-To': '{"endpoints":[{"url":"https:\\/\\/a.nel.cloudflare.com\\/report\\/v4?s=JYojQhTp%2BOCIbpGCvhjE63XzcA1xQkKM2MLmNB6gG8szijGbjuWmJMpbUe8QkDSIjleEwgFey76jd0RnsNPiEd7pAU%2FoXOkW2nuyaQaSteOLTehxykO91IH1zy1qI6f4"}],"group":"cf-nel","max_age":604800}', 'NEL': '{"success_fraction":0,"report_to":"cf-nel","max_age":604800}', 'Server': 'cloudflare', 'CF-RAY': '87cf5539aca73914-IAD', 'alt-svc': 'h3=":443"; ma=86400'} 
 body={"results":[{"gender":"male","name":{"title":"Mr","first":"Abhishek","last":"Kulkarni"},"location":{"street":{"number":9506,"name":"Shakespeare Sarani"},"city":"Rohtak","state":"Gujarat","country":"India","postcode":17215,"coordinates":{"latitude":"7.4723","longitude":"-34.9316"},"timezone":{"offset":"-3:00","description":"Brazil, Buenos Aires, Georgetown"}},"email":"abhishek.kulkarni@example.com","login":{"uuid":"075fdc51-bdbd-45ee-a300-863007d60c8e","username":"angrybird585","password":"cohiba","salt":"RZQ2x435","md5":"a066b365d974bf3e9872d9a5ac46763d","sha1":"570f4e1c5cd097c237b2ccac8cfe3da8ab9ded80","sha256":"8cf528cfcf69cebcf998de35146b1464d0fdf9e7b948af6253482610e2dac07f"},"dob":{"date":"1968-07-12T06:39:20.500Z","age":55},"registered":{"date":"2007-03-12T15:39:50.650Z","age":17},"phone":"7484075935","cell":"9096793846","id":{"name":"UIDAI","value":"609647345398"},"picture":{"large":"https://randomuser.me/api/portraits/men/2.jpg","medium":"https://randomuser.me/api/portraits/med/men/2.jpg","thumbnail":"https://randomuser.me/api/portraits/thumb/men/2.jpg"},"nat":"IN"}],"info":{"seed":"6b429be1c4c267f5","results":1,"page":1,"version":"1.4"}} 
 </msg>
<msg time="2024-05-01T11:11:48.844382" level="INFO">/opt/hostedtoolcache/Python/3.12.3/x64/lib/python3.12/site-packages/urllib3/connectionpool.py:1103: InsecureRequestWarning: Unverified HTTPS request is being made to host 'randomuser.me'. Adding certificate verification is strongly advised. See: https://urllib3.readthedocs.io/en/latest/advanced-usage.html#tls-warnings
  warnings.warn(</msg>
<msg time="2024-05-01T11:11:48.844508" level="INFO">${response} = &lt;Response [200]&gt;</msg>
<var>${response}</var>
<arg>consultarAPI</arg>
<arg>/api</arg>
<doc>Sends a GET request on a previously created HTTP Session.</doc>
<status status="PASS" start="2024-05-01T11:11:48.739332" elapsed="0.105222"/>
</kw>
<kw name="Set Variable" owner="BuiltIn">
<msg time="2024-05-01T11:11:48.845607" level="INFO">${json_data} = {'results': [{'gender': 'male', 'name': {'title': 'Mr', 'first': 'Abhishek', 'last': 'Kulkarni'}, 'location': {'street': {'number': 9506, 'name': 'Shakespeare Sarani'}, 'city': 'Rohtak', 'state': 'Guj...</msg>
<var>${json_data}</var>
<arg>${response.json()}</arg>
<doc>Returns the given values which can then be assigned to a variables.</doc>
<status status="PASS" start="2024-05-01T11:11:48.845099" elapsed="0.000536"/>
</kw>
<kw name="Set Variable" owner="BuiltIn">
<msg time="2024-05-01T11:11:48.846317" level="INFO">${name_title} = Mr</msg>
<var>${name_title}</var>
<arg>${json_data["results"][0]["name"]["title"]}</arg>
<doc>Returns the given values which can then be assigned to a variables.</doc>
<status status="PASS" start="2024-05-01T11:11:48.845938" elapsed="0.000403"/>
</kw>
<kw name="Create List" owner="BuiltIn">
<msg time="2024-05-01T11:11:48.846781" level="INFO">${allowed_titles} = ['Mr', 'Ms', 'Miss', 'Mrs', 'Madame', 'Monsieur']</msg>
<var>${allowed_titles}</var>
<arg>Mr</arg>
<arg>Ms</arg>
<arg>Miss</arg>
<arg>Mrs</arg>
<arg>Madame</arg>
<arg>Monsieur</arg>
<doc>Returns a list containing given items.</doc>
<status status="PASS" start="2024-05-01T11:11:48.846634" elapsed="0.000170"/>
</kw>
<kw name="List Should Contain Value" owner="Collections">
<msg time="2024-05-01T11:11:48.847271" level="INFO">False</msg>
<arg>${allowed_titles}</arg>
<arg>${name_title}</arg>
<doc>Fails if the ``value`` is not found from ``list``.</doc>
<status status="PASS" start="2024-05-01T11:11:48.847100" elapsed="0.000207"/>
</kw>
<kw name="Set Variable" owner="BuiltIn">
<msg time="2024-05-01T11:11:48.847973" level="INFO">${name_country} = IN</msg>
<var>${name_country}</var>
<arg>${json_data["results"][0]["nat"]}</arg>
<doc>Returns the given values which can then be assigned to a variables.</doc>
<status status="PASS" start="2024-05-01T11:11:48.847596" elapsed="0.000402"/>
</kw>
<kw name="Create List" owner="BuiltIn">
<msg time="2024-05-01T11:11:48.848904" level="INFO">${list_country} = ['AD', 'AE', 'AF', 'AG', 'AI', 'AL', 'AM', 'AO', 'AQ', 'AR', 'AS', 'AT', 'AU', 'AW', 'AX', 'AZ', 'BA', 'BB', 'BD', 'BE', 'BF', 'BG', 'BH', 'BI', 'BJ', 'BL', 'BM', 'BN', 'BO', 'BQ', 'BR', 'BS', 'BT', '...</msg>
<var>${list_country}</var>
<arg>AD</arg>
<arg>AE</arg>
<arg>AF</arg>
<arg>AG</arg>
<arg>AI</arg>
<arg>AL</arg>
<arg>AM</arg>
<arg>AO</arg>
<arg>AQ</arg>
<arg>AR</arg>
<arg>AS</arg>
<arg>AT</arg>
<arg>AU</arg>
<arg>AW</arg>
<arg>AX</arg>
<arg>AZ</arg>
<arg>BA</arg>
<arg>BB</arg>
<arg>BD</arg>
<arg>BE</arg>
<arg>BF</arg>
<arg>BG</arg>
<arg>BH</arg>
<arg>BI</arg>
<arg>BJ</arg>
<arg>BL</arg>
<arg>BM</arg>
<arg>BN</arg>
<arg>BO</arg>
<arg>BQ</arg>
<arg>BR</arg>
<arg>BS</arg>
<arg>BT</arg>
<arg>BV</arg>
<arg>BW</arg>
<arg>BY</arg>
<arg>BZ</arg>
<arg>CA</arg>
<arg>CC</arg>
<arg>CD</arg>
<arg>CF</arg>
<arg>CG</arg>
<arg>CH</arg>
<arg>CI</arg>
<arg>CK</arg>
<arg>CL</arg>
<arg>CM</arg>
<arg>CN</arg>
<arg>CO</arg>
<arg>CR</arg>
<arg>CU</arg>
<arg>CV</arg>
<arg>CW</arg>
<arg>CX</arg>
<arg>CY</arg>
<arg>CZ</arg>
<arg>DE</arg>
<arg>DJ</arg>
<arg>DK</arg>
<arg>DM</arg>
<arg>DO</arg>
<arg>DZ</arg>
<arg>EC</arg>
<arg>EE</arg>
<arg>EG</arg>
<arg>EH</arg>
<arg>ER</arg>
<arg>ES</arg>
<arg>ET</arg>
<arg>FI</arg>
<arg>FJ</arg>
<arg>FK</arg>
<arg>FM</arg>
<arg>FO</arg>
<arg>FR</arg>
<arg>GA</arg>
<arg>GB</arg>
<arg>GD</arg>
<arg>GE</arg>
<arg>GF</arg>
<arg>GG</arg>
<arg>GH</arg>
<arg>GI</arg>
<arg>GL</arg>
<arg>GM</arg>
<arg>GN</arg>
<arg>GP</arg>
<arg>GQ</arg>
<arg>GR</arg>
<arg>GS</arg>
<arg>GT</arg>
<arg>GU</arg>
<arg>GW</arg>
<arg>GY</arg>
<arg>HK</arg>
<arg>HM</arg>
<arg>HN</arg>
<arg>HR</arg>
<arg>HT</arg>
<arg>HU</arg>
<arg>ID</arg>
<arg>IE</arg>
<arg>IL</arg>
<arg>IM</arg>
<arg>IN</arg>
<arg>IO</arg>
<arg>IQ</arg>
<arg>IR</arg>
<arg>IS</arg>
<arg>IT</arg>
<arg>JE</arg>
<arg>JM</arg>
<arg>JO</arg>
<arg>JP</arg>
<arg>KE</arg>
<arg>KG</arg>
<arg>KH</arg>
<arg>KI</arg>
<arg>KM</arg>
<arg>KN</arg>
<arg>KP</arg>
<arg>KR</arg>
<arg>KW</arg>
<arg>KY</arg>
<arg>KZ</arg>
<arg>LA</arg>
<arg>LB</arg>
<arg>LC</arg>
<arg>LI</arg>
<arg>LK</arg>
<arg>LR</arg>
<arg>LS</arg>
<arg>LT</arg>
<arg>LU</arg>
<arg>LV</arg>
<arg>LY</arg>
<arg>MA</arg>
<arg>MC</arg>
<arg>MD</arg>
<arg>ME</arg>
<arg>MF</arg>
<arg>MG</arg>
<arg>MH</arg>
<arg>MK</arg>
<arg>ML</arg>
<arg>MM</arg>
<arg>MN</arg>
<arg>MO</arg>
<arg>MP</arg>
<arg>MQ</arg>
<arg>MR</arg>
<arg>MS</arg>
<arg>MT</arg>
<arg>MU</arg>
<arg>MV</arg>
<arg>MW</arg>
<arg>MX</arg>
<arg>MY</arg>
<arg>MZ</arg>
<arg>NA</arg>
<arg>NC</arg>
<arg>NE</arg>
<arg>NF</arg>
<arg>NG</arg>
<arg>NI</arg>
<arg>NL</arg>
<arg>NO</arg>
<arg>NP</arg>
<arg>NR</arg>
<arg>NU</arg>
<arg>NZ</arg>
<arg>OM</arg>
<arg>PA</arg>
<arg>PE</arg>
<arg>PF</arg>
<arg>PG</arg>
<arg>PH</arg>
<arg>PK</arg>
<arg>PL</arg>
<arg>PM</arg>
<arg>PN</arg>
<arg>PR</arg>
<arg>PS</arg>
<arg>PT</arg>
<arg>PW</arg>
<arg>PY</arg>
<arg>QA</arg>
<arg>RE</arg>
<arg>RO</arg>
<arg>RS</arg>
<arg>RU</arg>
<arg>RW</arg>
<arg>SA</arg>
<arg>SB</arg>
<arg>SC</arg>
<arg>SD</arg>
<arg>SE</arg>
<arg>SG</arg>
<arg>SH</arg>
<arg>SI</arg>
<arg>SJ</arg>
<arg>SK</arg>
<arg>SL</arg>
<arg>SM</arg>
<arg>SN</arg>
<arg>SO</arg>
<arg>SR</arg>
<arg>SS</arg>
<arg>ST</arg>
<arg>SV</arg>
<arg>SX</arg>
<arg>SY</arg>
<arg>SZ</arg>
<arg>TC</arg>
<arg>TD</arg>
<arg>TF</arg>
<arg>TG</arg>
<arg>TH</arg>
<arg>TJ</arg>
<arg>TK</arg>
<arg>TL</arg>
<arg>TM</arg>
<arg>TN</arg>
<arg>TO</arg>
<arg>TR</arg>
<arg>TT</arg>
<arg>TV</arg>
<arg>TW</arg>
<arg>TZ</arg>
<arg>UA</arg>
<arg>UG</arg>
<arg>UM</arg>
<arg>US</arg>
<arg>UY</arg>
<arg>UZ</arg>
<arg>VA</arg>
<arg>VC</arg>
<arg>VE</arg>
<arg>VG</arg>
<arg>VI</arg>
<arg>VN</arg>
<arg>VU</arg>
<arg>WF</arg>
<arg>WS</arg>
<arg>XK</arg>
<arg>YE</arg>
<arg>YT</arg>
<arg>ZA</arg>
<arg>ZM</arg>
<arg>ZW</arg>
<doc>Returns a list containing given items.</doc>
<status status="PASS" start="2024-05-01T11:11:48.848323" elapsed="0.000607"/>
</kw>
<kw name="List Should Contain Value" owner="Collections">
<msg time="2024-05-01T11:11:48.849914" level="INFO">False</msg>
<arg>${list_country}</arg>
<arg>${name_country}</arg>
<doc>Fails if the ``value`` is not found from ``list``.</doc>
<status status="PASS" start="2024-05-01T11:11:48.849721" elapsed="0.000229"/>
</kw>
<kw name="Run Keyword If" owner="BuiltIn">
<kw name="Should Be True" owner="BuiltIn">
<arg>${True}</arg>
<doc>Fails if the given condition is not true.</doc>
<status status="PASS" start="2024-05-01T11:11:48.851020" elapsed="0.000143"/>
</kw>
<arg>${json_data["results"][0]["location"]["coordinates"]["latitude"]} &gt;= -90 and ${json_data["results"][0]["location"]["coordinates"]["latitude"]} &lt;= 90</arg>
<arg>Should Be True</arg>
<arg>${True}</arg>
<doc>Runs the given keyword with the given arguments, if ``condition`` is true.</doc>
<status status="PASS" start="2024-05-01T11:11:48.850256" elapsed="0.001033"/>
</kw>
<kw name="Run Keyword If" owner="BuiltIn">
<kw name="Should Be True" owner="BuiltIn">
<arg>${True}</arg>
<doc>Fails if the given condition is not true.</doc>
<status status="PASS" start="2024-05-01T11:11:48.852193" elapsed="0.000294"/>
</kw>
<arg>${json_data["results"][0]["location"]["coordinates"]["longitude"]} &gt;= -180 and ${json_data["results"][0]["location"]["coordinates"]["longitude"]} &lt;= 180</arg>
<arg>Should Be True</arg>
<arg>${True}</arg>
<doc>Runs the given keyword with the given arguments, if ``condition`` is true.</doc>
<status status="PASS" start="2024-05-01T11:11:48.851472" elapsed="0.001145"/>
</kw>
<status status="PASS" start="2024-05-01T11:11:48.739110" elapsed="0.113640"/>
</kw>
<doc>Testa o conteúdo específico dos campos retornados pela API.</doc>
<tag>testeConteudo</tag>
<status status="PASS" start="2024-05-01T11:11:48.738654" elapsed="0.114248"/>
</test>
<status status="PASS" start="2024-05-01T11:11:47.827539" elapsed="1.027300"/>
</suite>
<status status="PASS" start="2024-05-01T11:11:47.813848" elapsed="1.046143"/>
</suite>
<statistics>
<total>
<stat pass="5" fail="0" skip="0">All Tests</stat>
</total>
<tag>
<stat pass="1" fail="0" skip="0">testeConteudo</stat>
<stat pass="1" fail="0" skip="0">testeEstruturaResposta</stat>
<stat pass="1" fail="0" skip="0">testeRequisicaoBasica</stat>
<stat pass="1" fail="0" skip="0">testeTiposDados</stat>
</tag>
<suite>
<stat pass="5" fail="0" skip="0" id="s1" name="Tests">Tests</stat>
<stat pass="5" fail="0" skip="0" id="s1-s1" name="Random-User-Test">Tests.Random-User-Test</stat>
</suite>
</statistics>
<errors>
</errors>
</robot>
