<?xml version="1.0" encoding="UTF-8"?>
<robot generator="Robot 7.0 (Python 3.12.3 on linux)" generated="2024-05-15T18:18:25.097798" rpa="false" schemaversion="5">
<suite id="s1" name="Tests" source="/home/runner/work/DesafioQAItauRogerioJordao/DesafioQAItauRogerioJordao/RamdonUser/tests">
<suite id="s1-s1" name="Random-User-Test" source="/home/runner/work/DesafioQAItauRogerioJordao/DesafioQAItauRogerioJordao/RamdonUser/tests/random-user-test.robot">
<test id="s1-s1-t1" name="Conectar" line="13">
<kw name="Conectar API" owner="random-user-service">
<kw name="Create Session" owner="RequestsLibrary">
<msg time="2024-05-15T18:18:25.466592" level="INFO">Creating Session using : alias=consultarAPI, url=https://randomuser.me/, headers={},                     cookies={}, auth=None, timeout=None, proxies=None, verify=False,                     debug=0 </msg>
<arg>consultarAPI</arg>
<arg>${URL}</arg>
<doc>Create Session: create a HTTP session to a server</doc>
<status status="PASS" start="2024-05-15T18:18:25.466386" elapsed="0.000398"/>
</kw>
<status status="PASS" start="2024-05-15T18:18:25.465373" elapsed="0.001772"/>
</kw>
<status status="PASS" start="2024-05-15T18:18:25.464725" elapsed="0.002613"/>
</test>
<test id="s1-s1-t2" name="Validar retorno 200 e JSON Válido" line="16">
<kw name="Teste de Requisicao Basica" owner="random-user-service">
<kw name="GET On Session" owner="RequestsLibrary">
<msg time="2024-05-15T18:18:25.660258" level="INFO">GET Request : url=https://randomuser.me/api 
 path_url=/api 
 headers={'User-Agent': 'python-requests/2.31.0', 'Accept-Encoding': 'gzip, deflate', 'Accept': '*/*', 'Connection': 'keep-alive'} 
 body=None 
 </msg>
<msg time="2024-05-15T18:18:25.660429" level="INFO">GET Response : url=https://randomuser.me/api 
 status=200, reason=OK 
 headers={'Date': 'Wed, 15 May 2024 18:18:25 GMT', 'Content-Type': 'application/json; charset=utf-8', 'Transfer-Encoding': 'chunked', 'Connection': 'keep-alive', 'X-Powered-By': 'Express', 'Access-Control-Allow-Origin': '*', 'Cache-Control': 'no-cache', 'ETag': 'W/"492-dgd4SVJTj+0k8sELo9RhCaTrp60"', 'Vary': 'Accept-Encoding', 'Content-Encoding': 'gzip', 'CF-Cache-Status': 'DYNAMIC', 'Report-To': '{"endpoints":[{"url":"https:\\/\\/a.nel.cloudflare.com\\/report\\/v4?s=IlwNG8g%2BZA6qvNHsGAutikWHpD5JG%2F0BzAhXosh4V5HVnBMYvjv%2BDfW2Gs1NgCSJ9IjUm0eM5nAxnqcoxXwQouTh5KadvQscQzamvAFF%2FUguE8kSFJ9RTmYWB3MkYhfw"}],"group":"cf-nel","max_age":604800}', 'NEL': '{"success_fraction":0,"report_to":"cf-nel","max_age":604800}', 'Server': 'cloudflare', 'CF-RAY': '884521661b276fce-IAD', 'alt-svc': 'h3=":443"; ma=86400'} 
 body={"results":[{"gender":"female","name":{"title":"Mrs","first":"Jill","last":"Alvarez"},"location":{"street":{"number":2404,"name":"Green Rd"},"city":"Grand Rapids","state":"Wyoming","country":"United States","postcode":58800,"coordinates":{"latitude":"84.5686","longitude":"82.6315"},"timezone":{"offset":"-7:00","description":"Mountain Time (US &amp; Canada)"}},"email":"jill.alvarez@example.com","login":{"uuid":"7072355f-8ff4-40aa-b732-08f5a4562686","username":"blackbear576","password":"caprice","salt":"98saPOpC","md5":"fa51168cd883692da6232cd1f2da6425","sha1":"136a0994ede8bd3083e5d49512bf80e3405d1743","sha256":"008c144c460b785f0c14c7a0ce5713992b63dc566ce9f906ae618c9529b3a82d"},"dob":{"date":"2000-02-22T09:32:32.810Z","age":24},"registered":{"date":"2008-11-19T03:13:05.155Z","age":15},"phone":"(433) 335-4953","cell":"(414) 824-5347","id":{"name":"SSN","value":"417-79-1634"},"picture":{"large":"https://randomuser.me/api/portraits/women/63.jpg","medium":"https://randomuser.me/api/portraits/med/women/63.jpg","thumbnail":"https://randomuser.me/api/portraits/thumb/women/63.jpg"},"nat":"US"}],"info":{"seed":"796dce0fe1c2afbf","results":1,"page":1,"version":"1.4"}} 
 </msg>
<msg time="2024-05-15T18:18:25.660537" level="INFO">/opt/hostedtoolcache/Python/3.12.3/x64/lib/python3.12/site-packages/urllib3/connectionpool.py:1103: InsecureRequestWarning: Unverified HTTPS request is being made to host 'randomuser.me'. Adding certificate verification is strongly advised. See: https://urllib3.readthedocs.io/en/latest/advanced-usage.html#tls-warnings
  warnings.warn(</msg>
<msg time="2024-05-15T18:18:25.660742" level="INFO">${response} = &lt;Response [200]&gt;</msg>
<var>${response}</var>
<arg>consultarAPI</arg>
<arg>/api</arg>
<doc>Sends a GET request on a previously created HTTP Session.</doc>
<status status="PASS" start="2024-05-15T18:18:25.469991" elapsed="0.190810"/>
</kw>
<kw name="Should Be Equal As Numbers" owner="BuiltIn">
<msg time="2024-05-15T18:18:25.661929" level="INFO">Argument types are:
&lt;class 'int'&gt;
&lt;class 'str'&gt;</msg>
<arg>${response.status_code}</arg>
<arg>200</arg>
<doc>Fails if objects are unequal after converting them to real numbers.</doc>
<status status="PASS" start="2024-05-15T18:18:25.661404" elapsed="0.000598"/>
</kw>
<kw name="Log" owner="BuiltIn">
<msg time="2024-05-15T18:18:25.662752" level="INFO">200</msg>
<arg>${response.status_code}</arg>
<doc>Logs the given message with the given level.</doc>
<status status="PASS" start="2024-05-15T18:18:25.662384" elapsed="0.000410"/>
</kw>
<kw name="Set Variable" owner="BuiltIn">
<msg time="2024-05-15T18:18:25.663562" level="INFO">${json_data} = {'results': [{'gender': 'female', 'name': {'title': 'Mrs', 'first': 'Jill', 'last': 'Alvarez'}, 'location': {'street': {'number': 2404, 'name': 'Green Rd'}, 'city': 'Grand Rapids', 'state': 'Wyoming',...</msg>
<var>${json_data}</var>
<arg>${response.json()}</arg>
<doc>Returns the given values which can then be assigned to a variables.</doc>
<status status="PASS" start="2024-05-15T18:18:25.663113" elapsed="0.000478"/>
</kw>
<kw name="Dictionary Should Contain Key" owner="Collections">
<msg time="2024-05-15T18:18:25.664064" level="INFO">False</msg>
<arg>${json_data}</arg>
<arg>results</arg>
<doc>Fails if ``key`` is not found from ``dictionary``.</doc>
<status status="PASS" start="2024-05-15T18:18:25.663895" elapsed="0.000209"/>
</kw>
<status status="PASS" start="2024-05-15T18:18:25.469747" elapsed="0.194618"/>
</kw>
<doc>Testa se a API responde corretamente e retorna um objeto JSON válido.</doc>
<tag>testeRequisicaoBasica</tag>
<status status="PASS" start="2024-05-15T18:18:25.469283" elapsed="0.195280"/>
</test>
<test id="s1-s1-t3" name="Validar estrutura de resposta" line="22">
<kw name="Teste de Estrutura de Resposta" owner="random-user-service">
<kw name="GET On Session" owner="RequestsLibrary">
<msg time="2024-05-15T18:18:25.762774" level="INFO">GET Request : url=https://randomuser.me/api 
 path_url=/api 
 headers={'User-Agent': 'python-requests/2.31.0', 'Accept-Encoding': 'gzip, deflate', 'Accept': '*/*', 'Connection': 'keep-alive'} 
 body=None 
 </msg>
<msg time="2024-05-15T18:18:25.762884" level="INFO">GET Response : url=https://randomuser.me/api 
 status=200, reason=OK 
 headers={'Date': 'Wed, 15 May 2024 18:18:25 GMT', 'Content-Type': 'application/json; charset=utf-8', 'Transfer-Encoding': 'chunked', 'Connection': 'keep-alive', 'X-Powered-By': 'Express', 'Access-Control-Allow-Origin': '*', 'Cache-Control': 'no-cache', 'ETag': 'W/"4b6-sUvRMmeSljelxVlssIa8aUY6JAc"', 'Vary': 'Accept-Encoding', 'Content-Encoding': 'gzip', 'CF-Cache-Status': 'DYNAMIC', 'Report-To': '{"endpoints":[{"url":"https:\\/\\/a.nel.cloudflare.com\\/report\\/v4?s=2ba5wEGkPEspR1KOHVFbwAtV41PZDraEWSDfzUxhC2IhaTzbMi6TzC9VPWWaQMwBW%2B9dzJbaOsrStMdOHtuElWBESWKz3K9Ds3CmHUx2PGrElAqTqewdopbt5agow6KT"}],"group":"cf-nel","max_age":604800}', 'NEL': '{"success_fraction":0,"report_to":"cf-nel","max_age":604800}', 'Server': 'cloudflare', 'CF-RAY': '884521667b716fce-IAD', 'alt-svc': 'h3=":443"; ma=86400'} 
 body={"results":[{"gender":"male","name":{"title":"Monsieur","first":"Heinrich","last":"Leroux"},"location":{"street":{"number":7738,"name":"Rue de L'Abbé-Carton"},"city":"Spreitenbach","state":"Neuchâtel","country":"Switzerland","postcode":6513,"coordinates":{"latitude":"-60.7531","longitude":"-75.7862"},"timezone":{"offset":"+5:00","description":"Ekaterinburg, Islamabad, Karachi, Tashkent"}},"email":"heinrich.leroux@example.com","login":{"uuid":"69bc8d76-3292-46b6-b30f-17ec9fbd19c7","username":"angryzebra174","password":"channel","salt":"lkLiyQyo","md5":"ad76a63e3d6e95f41774fc468b52e358","sha1":"9c6d0569e6f9acbfbfa5f32176bf437dbfaf3e2a","sha256":"4ce10dd46f396033400bbbcd3d0bba239cd086a53855c248f3d2e1547b04729d"},"dob":{"date":"1972-07-18T15:33:02.623Z","age":51},"registered":{"date":"2020-02-26T15:44:44.525Z","age":4},"phone":"079 680 67 45","cell":"079 105 79 55","id":{"name":"AVS","value":"756.3589.4571.16"},"picture":{"large":"https://randomuser.me/api/portraits/men/76.jpg","medium":"https://randomuser.me/api/portraits/med/men/76.jpg","thumbnail":"https://randomuser.me/api/portraits/thumb/men/76.jpg"},"nat":"CH"}],"info":{"seed":"8fbe90c712a3cc72","results":1,"page":1,"version":"1.4"}} 
 </msg>
<msg time="2024-05-15T18:18:25.763029" level="INFO">/opt/hostedtoolcache/Python/3.12.3/x64/lib/python3.12/site-packages/urllib3/connectionpool.py:1103: InsecureRequestWarning: Unverified HTTPS request is being made to host 'randomuser.me'. Adding certificate verification is strongly advised. See: https://urllib3.readthedocs.io/en/latest/advanced-usage.html#tls-warnings
  warnings.warn(</msg>
<msg time="2024-05-15T18:18:25.763190" level="INFO">${response} = &lt;Response [200]&gt;</msg>
<var>${response}</var>
<arg>consultarAPI</arg>
<arg>/api</arg>
<doc>Sends a GET request on a previously created HTTP Session.</doc>
<status status="PASS" start="2024-05-15T18:18:25.667654" elapsed="0.095592"/>
</kw>
<kw name="Set Variable" owner="BuiltIn">
<msg time="2024-05-15T18:18:25.764368" level="INFO">${json_data} = {'results': [{'gender': 'male', 'name': {'title': 'Monsieur', 'first': 'Heinrich', 'last': 'Leroux'}, 'location': {'street': {'number': 7738, 'name': "Rue de L'Abbé-Carton"}, 'city': 'Spreitenbach', '...</msg>
<var>${json_data}</var>
<arg>${response.json()}</arg>
<doc>Returns the given values which can then be assigned to a variables.</doc>
<status status="PASS" start="2024-05-15T18:18:25.763763" elapsed="0.000639"/>
</kw>
<kw name="Log" owner="BuiltIn">
<msg time="2024-05-15T18:18:25.764896" level="INFO">{'results': [{'gender': 'male', 'name': {'title': 'Monsieur', 'first': 'Heinrich', 'last': 'Leroux'}, 'location': {'street': {'number': 7738, 'name': "Rue de L'Abbé-Carton"}, 'city': 'Spreitenbach', 'state': 'Neuchâtel', 'country': 'Switzerland', 'postcode': 6513, 'coordinates': {'latitude': '-60.7531', 'longitude': '-75.7862'}, 'timezone': {'offset': '+5:00', 'description': 'Ekaterinburg, Islamabad, Karachi, Tashkent'}}, 'email': 'heinrich.leroux@example.com', 'login': {'uuid': '69bc8d76-3292-46b6-b30f-17ec9fbd19c7', 'username': 'angryzebra174', 'password': 'channel', 'salt': 'lkLiyQyo', 'md5': 'ad76a63e3d6e95f41774fc468b52e358', 'sha1': '9c6d0569e6f9acbfbfa5f32176bf437dbfaf3e2a', 'sha256': '4ce10dd46f396033400bbbcd3d0bba239cd086a53855c248f3d2e1547b04729d'}, 'dob': {'date': '1972-07-18T15:33:02.623Z', 'age': 51}, 'registered': {'date': '2020-02-26T15:44:44.525Z', 'age': 4}, 'phone': '079 680 67 45', 'cell': '079 105 79 55', 'id': {'name': 'AVS', 'value': '756.3589.4571.16'}, 'picture': {'large': 'https://randomuser.me/api/portraits/men/76.jpg', 'medium': 'https://randomuser.me/api/portraits/med/men/76.jpg', 'thumbnail': 'https://randomuser.me/api/portraits/thumb/men/76.jpg'}, 'nat': 'CH'}], 'info': {'seed': '8fbe90c712a3cc72', 'results': 1, 'page': 1, 'version': '1.4'}}</msg>
<arg>${json_data}</arg>
<doc>Logs the given message with the given level.</doc>
<status status="PASS" start="2024-05-15T18:18:25.764726" elapsed="0.000224"/>
</kw>
<kw name="Dictionary Should Contain Key" owner="Collections">
<msg time="2024-05-15T18:18:25.765454" level="INFO">False</msg>
<arg>${json_data}</arg>
<arg>results</arg>
<doc>Fails if ``key`` is not found from ``dictionary``.</doc>
<status status="PASS" start="2024-05-15T18:18:25.765295" elapsed="0.000196"/>
</kw>
<kw name="Should Not Be Empty" owner="BuiltIn">
<msg time="2024-05-15T18:18:25.765930" level="INFO">Length is 2.</msg>
<arg>${json_data}</arg>
<doc>Verifies that the given item is not empty.</doc>
<status status="PASS" start="2024-05-15T18:18:25.765797" elapsed="0.000173"/>
</kw>
<kw name="Create List" owner="BuiltIn">
<msg time="2024-05-15T18:18:25.766577" level="INFO">${expected_keys} = ['gender', 'name', 'location', 'email', 'login']</msg>
<var>${expected_keys}</var>
<arg>gender</arg>
<arg>name</arg>
<arg>location</arg>
<arg>email</arg>
<arg>login</arg>
<doc>Returns a list containing given items.</doc>
<status status="PASS" start="2024-05-15T18:18:25.766267" elapsed="0.000335"/>
</kw>
<for flavor="IN">
<iter>
<kw name="Dictionary Should Contain Key" owner="Collections">
<msg time="2024-05-15T18:18:25.767612" level="INFO">False</msg>
<arg>${json_data['results'][0]}</arg>
<arg>${key}</arg>
<doc>Fails if ``key`` is not found from ``dictionary``.</doc>
<status status="PASS" start="2024-05-15T18:18:25.767207" elapsed="0.000444"/>
</kw>
<kw name="Log" owner="BuiltIn">
<msg time="2024-05-15T18:18:25.768325" level="INFO">{'gender': 'male', 'name': {'title': 'Monsieur', 'first': 'Heinrich', 'last': 'Leroux'}, 'location': {'street': {'number': 7738, 'name': "Rue de L'Abbé-Carton"}, 'city': 'Spreitenbach', 'state': 'Neuchâtel', 'country': 'Switzerland', 'postcode': 6513, 'coordinates': {'latitude': '-60.7531', 'longitude': '-75.7862'}, 'timezone': {'offset': '+5:00', 'description': 'Ekaterinburg, Islamabad, Karachi, Tashkent'}}, 'email': 'heinrich.leroux@example.com', 'login': {'uuid': '69bc8d76-3292-46b6-b30f-17ec9fbd19c7', 'username': 'angryzebra174', 'password': 'channel', 'salt': 'lkLiyQyo', 'md5': 'ad76a63e3d6e95f41774fc468b52e358', 'sha1': '9c6d0569e6f9acbfbfa5f32176bf437dbfaf3e2a', 'sha256': '4ce10dd46f396033400bbbcd3d0bba239cd086a53855c248f3d2e1547b04729d'}, 'dob': {'date': '1972-07-18T15:33:02.623Z', 'age': 51}, 'registered': {'date': '2020-02-26T15:44:44.525Z', 'age': 4}, 'phone': '079 680 67 45', 'cell': '079 105 79 55', 'id': {'name': 'AVS', 'value': '756.3589.4571.16'}, 'picture': {'large': 'https://randomuser.me/api/portraits/men/76.jpg', 'medium': 'https://randomuser.me/api/portraits/med/men/76.jpg', 'thumbnail': 'https://randomuser.me/api/portraits/thumb/men/76.jpg'}, 'nat': 'CH'}</msg>
<arg>${json_data['results'][0]}</arg>
<doc>Logs the given message with the given level.</doc>
<status status="PASS" start="2024-05-15T18:18:25.767951" elapsed="0.000426"/>
</kw>
<kw name="Log" owner="BuiltIn">
<msg time="2024-05-15T18:18:25.768802" level="INFO">gender</msg>
<arg>${key}</arg>
<doc>Logs the given message with the given level.</doc>
<status status="PASS" start="2024-05-15T18:18:25.768677" elapsed="0.000163"/>
</kw>
<var name="${key}">gender</var>
<status status="PASS" start="2024-05-15T18:18:25.767079" elapsed="0.001995"/>
</iter>
<iter>
<kw name="Dictionary Should Contain Key" owner="Collections">
<msg time="2024-05-15T18:18:25.769778" level="INFO">False</msg>
<arg>${json_data['results'][0]}</arg>
<arg>${key}</arg>
<doc>Fails if ``key`` is not found from ``dictionary``.</doc>
<status status="PASS" start="2024-05-15T18:18:25.769387" elapsed="0.000464"/>
</kw>
<kw name="Log" owner="BuiltIn">
<msg time="2024-05-15T18:18:25.770518" level="INFO">{'gender': 'male', 'name': {'title': 'Monsieur', 'first': 'Heinrich', 'last': 'Leroux'}, 'location': {'street': {'number': 7738, 'name': "Rue de L'Abbé-Carton"}, 'city': 'Spreitenbach', 'state': 'Neuchâtel', 'country': 'Switzerland', 'postcode': 6513, 'coordinates': {'latitude': '-60.7531', 'longitude': '-75.7862'}, 'timezone': {'offset': '+5:00', 'description': 'Ekaterinburg, Islamabad, Karachi, Tashkent'}}, 'email': 'heinrich.leroux@example.com', 'login': {'uuid': '69bc8d76-3292-46b6-b30f-17ec9fbd19c7', 'username': 'angryzebra174', 'password': 'channel', 'salt': 'lkLiyQyo', 'md5': 'ad76a63e3d6e95f41774fc468b52e358', 'sha1': '9c6d0569e6f9acbfbfa5f32176bf437dbfaf3e2a', 'sha256': '4ce10dd46f396033400bbbcd3d0bba239cd086a53855c248f3d2e1547b04729d'}, 'dob': {'date': '1972-07-18T15:33:02.623Z', 'age': 51}, 'registered': {'date': '2020-02-26T15:44:44.525Z', 'age': 4}, 'phone': '079 680 67 45', 'cell': '079 105 79 55', 'id': {'name': 'AVS', 'value': '756.3589.4571.16'}, 'picture': {'large': 'https://randomuser.me/api/portraits/men/76.jpg', 'medium': 'https://randomuser.me/api/portraits/med/men/76.jpg', 'thumbnail': 'https://randomuser.me/api/portraits/thumb/men/76.jpg'}, 'nat': 'CH'}</msg>
<arg>${json_data['results'][0]}</arg>
<doc>Logs the given message with the given level.</doc>
<status status="PASS" start="2024-05-15T18:18:25.770155" elapsed="0.000415"/>
</kw>
<kw name="Log" owner="BuiltIn">
<msg time="2024-05-15T18:18:25.770989" level="INFO">name</msg>
<arg>${key}</arg>
<doc>Logs the given message with the given level.</doc>
<status status="PASS" start="2024-05-15T18:18:25.770865" elapsed="0.000163"/>
</kw>
<var name="${key}">name</var>
<status status="PASS" start="2024-05-15T18:18:25.769271" elapsed="0.001970"/>
</iter>
<iter>
<kw name="Dictionary Should Contain Key" owner="Collections">
<msg time="2024-05-15T18:18:25.771918" level="INFO">False</msg>
<arg>${json_data['results'][0]}</arg>
<arg>${key}</arg>
<doc>Fails if ``key`` is not found from ``dictionary``.</doc>
<status status="PASS" start="2024-05-15T18:18:25.771531" elapsed="0.000424"/>
</kw>
<kw name="Log" owner="BuiltIn">
<msg time="2024-05-15T18:18:25.772620" level="INFO">{'gender': 'male', 'name': {'title': 'Monsieur', 'first': 'Heinrich', 'last': 'Leroux'}, 'location': {'street': {'number': 7738, 'name': "Rue de L'Abbé-Carton"}, 'city': 'Spreitenbach', 'state': 'Neuchâtel', 'country': 'Switzerland', 'postcode': 6513, 'coordinates': {'latitude': '-60.7531', 'longitude': '-75.7862'}, 'timezone': {'offset': '+5:00', 'description': 'Ekaterinburg, Islamabad, Karachi, Tashkent'}}, 'email': 'heinrich.leroux@example.com', 'login': {'uuid': '69bc8d76-3292-46b6-b30f-17ec9fbd19c7', 'username': 'angryzebra174', 'password': 'channel', 'salt': 'lkLiyQyo', 'md5': 'ad76a63e3d6e95f41774fc468b52e358', 'sha1': '9c6d0569e6f9acbfbfa5f32176bf437dbfaf3e2a', 'sha256': '4ce10dd46f396033400bbbcd3d0bba239cd086a53855c248f3d2e1547b04729d'}, 'dob': {'date': '1972-07-18T15:33:02.623Z', 'age': 51}, 'registered': {'date': '2020-02-26T15:44:44.525Z', 'age': 4}, 'phone': '079 680 67 45', 'cell': '079 105 79 55', 'id': {'name': 'AVS', 'value': '756.3589.4571.16'}, 'picture': {'large': 'https://randomuser.me/api/portraits/men/76.jpg', 'medium': 'https://randomuser.me/api/portraits/med/men/76.jpg', 'thumbnail': 'https://randomuser.me/api/portraits/thumb/men/76.jpg'}, 'nat': 'CH'}</msg>
<arg>${json_data['results'][0]}</arg>
<doc>Logs the given message with the given level.</doc>
<status status="PASS" start="2024-05-15T18:18:25.772251" elapsed="0.000420"/>
</kw>
<kw name="Log" owner="BuiltIn">
<msg time="2024-05-15T18:18:25.773137" level="INFO">location</msg>
<arg>${key}</arg>
<doc>Logs the given message with the given level.</doc>
<status status="PASS" start="2024-05-15T18:18:25.772976" elapsed="0.000202"/>
</kw>
<var name="${key}">location</var>
<status status="PASS" start="2024-05-15T18:18:25.771420" elapsed="0.001976"/>
</iter>
<iter>
<kw name="Dictionary Should Contain Key" owner="Collections">
<msg time="2024-05-15T18:18:25.774066" level="INFO">False</msg>
<arg>${json_data['results'][0]}</arg>
<arg>${key}</arg>
<doc>Fails if ``key`` is not found from ``dictionary``.</doc>
<status status="PASS" start="2024-05-15T18:18:25.773680" elapsed="0.000423"/>
</kw>
<kw name="Log" owner="BuiltIn">
<msg time="2024-05-15T18:18:25.774779" level="INFO">{'gender': 'male', 'name': {'title': 'Monsieur', 'first': 'Heinrich', 'last': 'Leroux'}, 'location': {'street': {'number': 7738, 'name': "Rue de L'Abbé-Carton"}, 'city': 'Spreitenbach', 'state': 'Neuchâtel', 'country': 'Switzerland', 'postcode': 6513, 'coordinates': {'latitude': '-60.7531', 'longitude': '-75.7862'}, 'timezone': {'offset': '+5:00', 'description': 'Ekaterinburg, Islamabad, Karachi, Tashkent'}}, 'email': 'heinrich.leroux@example.com', 'login': {'uuid': '69bc8d76-3292-46b6-b30f-17ec9fbd19c7', 'username': 'angryzebra174', 'password': 'channel', 'salt': 'lkLiyQyo', 'md5': 'ad76a63e3d6e95f41774fc468b52e358', 'sha1': '9c6d0569e6f9acbfbfa5f32176bf437dbfaf3e2a', 'sha256': '4ce10dd46f396033400bbbcd3d0bba239cd086a53855c248f3d2e1547b04729d'}, 'dob': {'date': '1972-07-18T15:33:02.623Z', 'age': 51}, 'registered': {'date': '2020-02-26T15:44:44.525Z', 'age': 4}, 'phone': '079 680 67 45', 'cell': '079 105 79 55', 'id': {'name': 'AVS', 'value': '756.3589.4571.16'}, 'picture': {'large': 'https://randomuser.me/api/portraits/men/76.jpg', 'medium': 'https://randomuser.me/api/portraits/med/men/76.jpg', 'thumbnail': 'https://randomuser.me/api/portraits/thumb/men/76.jpg'}, 'nat': 'CH'}</msg>
<arg>${json_data['results'][0]}</arg>
<doc>Logs the given message with the given level.</doc>
<status status="PASS" start="2024-05-15T18:18:25.774403" elapsed="0.000434"/>
</kw>
<kw name="Log" owner="BuiltIn">
<msg time="2024-05-15T18:18:25.775259" level="INFO">email</msg>
<arg>${key}</arg>
<doc>Logs the given message with the given level.</doc>
<status status="PASS" start="2024-05-15T18:18:25.775134" elapsed="0.000162"/>
</kw>
<var name="${key}">email</var>
<status status="PASS" start="2024-05-15T18:18:25.773570" elapsed="0.001945"/>
</iter>
<iter>
<kw name="Dictionary Should Contain Key" owner="Collections">
<msg time="2024-05-15T18:18:25.776195" level="INFO">False</msg>
<arg>${json_data['results'][0]}</arg>
<arg>${key}</arg>
<doc>Fails if ``key`` is not found from ``dictionary``.</doc>
<status status="PASS" start="2024-05-15T18:18:25.775809" elapsed="0.000424"/>
</kw>
<kw name="Log" owner="BuiltIn">
<msg time="2024-05-15T18:18:25.776899" level="INFO">{'gender': 'male', 'name': {'title': 'Monsieur', 'first': 'Heinrich', 'last': 'Leroux'}, 'location': {'street': {'number': 7738, 'name': "Rue de L'Abbé-Carton"}, 'city': 'Spreitenbach', 'state': 'Neuchâtel', 'country': 'Switzerland', 'postcode': 6513, 'coordinates': {'latitude': '-60.7531', 'longitude': '-75.7862'}, 'timezone': {'offset': '+5:00', 'description': 'Ekaterinburg, Islamabad, Karachi, Tashkent'}}, 'email': 'heinrich.leroux@example.com', 'login': {'uuid': '69bc8d76-3292-46b6-b30f-17ec9fbd19c7', 'username': 'angryzebra174', 'password': 'channel', 'salt': 'lkLiyQyo', 'md5': 'ad76a63e3d6e95f41774fc468b52e358', 'sha1': '9c6d0569e6f9acbfbfa5f32176bf437dbfaf3e2a', 'sha256': '4ce10dd46f396033400bbbcd3d0bba239cd086a53855c248f3d2e1547b04729d'}, 'dob': {'date': '1972-07-18T15:33:02.623Z', 'age': 51}, 'registered': {'date': '2020-02-26T15:44:44.525Z', 'age': 4}, 'phone': '079 680 67 45', 'cell': '079 105 79 55', 'id': {'name': 'AVS', 'value': '756.3589.4571.16'}, 'picture': {'large': 'https://randomuser.me/api/portraits/men/76.jpg', 'medium': 'https://randomuser.me/api/portraits/med/men/76.jpg', 'thumbnail': 'https://randomuser.me/api/portraits/thumb/men/76.jpg'}, 'nat': 'CH'}</msg>
<arg>${json_data['results'][0]}</arg>
<doc>Logs the given message with the given level.</doc>
<status status="PASS" start="2024-05-15T18:18:25.776530" elapsed="0.000418"/>
</kw>
<kw name="Log" owner="BuiltIn">
<msg time="2024-05-15T18:18:25.777432" level="INFO">login</msg>
<arg>${key}</arg>
<doc>Logs the given message with the given level.</doc>
<status status="PASS" start="2024-05-15T18:18:25.777303" elapsed="0.000167"/>
</kw>
<var name="${key}">login</var>
<status status="PASS" start="2024-05-15T18:18:25.775698" elapsed="0.001988"/>
</iter>
<var>${key}</var>
<value>@{expected_keys}</value>
<status status="PASS" start="2024-05-15T18:18:25.766880" elapsed="0.010929"/>
</for>
<kw name="Create List" owner="BuiltIn">
<msg time="2024-05-15T18:18:25.778136" level="INFO">${expected_keysTwo} = ['username', 'password']</msg>
<var>${expected_keysTwo}</var>
<arg>username</arg>
<arg>password</arg>
<doc>Returns a list containing given items.</doc>
<status status="PASS" start="2024-05-15T18:18:25.778000" elapsed="0.000160"/>
</kw>
<for flavor="IN">
<iter>
<kw name="Dictionary Should Contain Key" owner="Collections">
<msg time="2024-05-15T18:18:25.779047" level="INFO">False</msg>
<arg>${json_data['results'][0]['login']}</arg>
<arg>${keyTwo}</arg>
<doc>Fails if ``key`` is not found from ``dictionary``.</doc>
<status status="PASS" start="2024-05-15T18:18:25.778660" elapsed="0.000425"/>
</kw>
<kw name="Dictionary Should Contain Key" owner="Collections">
<msg time="2024-05-15T18:18:25.779758" level="INFO">False</msg>
<arg>${json_data['results'][0]['login']}</arg>
<arg>${keyTwo}</arg>
<doc>Fails if ``key`` is not found from ``dictionary``.</doc>
<status status="PASS" start="2024-05-15T18:18:25.779378" elapsed="0.000418"/>
</kw>
<kw name="Log" owner="BuiltIn">
<msg time="2024-05-15T18:18:25.780215" level="INFO">username</msg>
<arg>${keyTwo}</arg>
<doc>Logs the given message with the given level.</doc>
<status status="PASS" start="2024-05-15T18:18:25.780089" elapsed="0.000169"/>
</kw>
<var name="${keyTwo}">username</var>
<status status="PASS" start="2024-05-15T18:18:25.778551" elapsed="0.001925"/>
</iter>
<iter>
<kw name="Dictionary Should Contain Key" owner="Collections">
<msg time="2024-05-15T18:18:25.781195" level="INFO">False</msg>
<arg>${json_data['results'][0]['login']}</arg>
<arg>${keyTwo}</arg>
<doc>Fails if ``key`` is not found from ``dictionary``.</doc>
<status status="PASS" start="2024-05-15T18:18:25.780766" elapsed="0.000469"/>
</kw>
<kw name="Dictionary Should Contain Key" owner="Collections">
<msg time="2024-05-15T18:18:25.782012" level="INFO">False</msg>
<arg>${json_data['results'][0]['login']}</arg>
<arg>${keyTwo}</arg>
<doc>Fails if ``key`` is not found from ``dictionary``.</doc>
<status status="PASS" start="2024-05-15T18:18:25.781535" elapsed="0.000516"/>
</kw>
<kw name="Log" owner="BuiltIn">
<msg time="2024-05-15T18:18:25.782479" level="INFO">password</msg>
<arg>${keyTwo}</arg>
<doc>Logs the given message with the given level.</doc>
<status status="PASS" start="2024-05-15T18:18:25.782350" elapsed="0.000168"/>
</kw>
<var name="${keyTwo}">password</var>
<status status="PASS" start="2024-05-15T18:18:25.780656" elapsed="0.002081"/>
</iter>
<var>${keyTwo}</var>
<value>@{expected_keysTwo}</value>
<status status="PASS" start="2024-05-15T18:18:25.778396" elapsed="0.004463"/>
</for>
<status status="PASS" start="2024-05-15T18:18:25.667316" elapsed="0.115685"/>
</kw>
<doc>Testa a estrutura da resposta da API.</doc>
<tag>testeEstruturaResposta</tag>
<status status="PASS" start="2024-05-15T18:18:25.666515" elapsed="0.116645"/>
</test>
<test id="s1-s1-t4" name="Validar tipos de dados" line="28">
<kw name="Teste de Tipos de Dados" owner="random-user-service">
<kw name="GET On Session" owner="RequestsLibrary">
<msg time="2024-05-15T18:18:25.854151" level="INFO">GET Request : url=https://randomuser.me/api 
 path_url=/api 
 headers={'User-Agent': 'python-requests/2.31.0', 'Accept-Encoding': 'gzip, deflate', 'Accept': '*/*', 'Connection': 'keep-alive'} 
 body=None 
 </msg>
<msg time="2024-05-15T18:18:25.854245" level="INFO">GET Response : url=https://randomuser.me/api 
 status=200, reason=OK 
 headers={'Date': 'Wed, 15 May 2024 18:18:25 GMT', 'Content-Type': 'application/json; charset=utf-8', 'Transfer-Encoding': 'chunked', 'Connection': 'keep-alive', 'X-Powered-By': 'Express', 'Access-Control-Allow-Origin': '*', 'Cache-Control': 'no-cache', 'ETag': 'W/"47a-p+fqDWgX1bhaSyYV5JFsBak1KFc"', 'Vary': 'Accept-Encoding', 'Content-Encoding': 'gzip', 'CF-Cache-Status': 'DYNAMIC', 'Report-To': '{"endpoints":[{"url":"https:\\/\\/a.nel.cloudflare.com\\/report\\/v4?s=1dBUSJ6p5%2FIGnBoNLSEb7X%2F2FyuhYEo84VwGN%2BkTang2gpzmVLTT0tT6Chd4DYPilXyAgOrEO44DOvlTVAyvwHMkQdEvW5JDy2yMLzI9kffrRZ%2B%2FywqMgHJzZBSsiiuf"}],"group":"cf-nel","max_age":604800}', 'NEL': '{"success_fraction":0,"report_to":"cf-nel","max_age":604800}', 'Server': 'cloudflare', 'CF-RAY': '884521672c696fce-IAD', 'alt-svc': 'h3=":443"; ma=86400'} 
 body={"results":[{"gender":"male","name":{"title":"Mr","first":"Avi","last":"Vernekar"},"location":{"street":{"number":3589,"name":"Kasba Peth"},"city":"Bidar","state":"Mizoram","country":"India","postcode":87347,"coordinates":{"latitude":"7.7388","longitude":"-27.5991"},"timezone":{"offset":"-8:00","description":"Pacific Time (US &amp; Canada)"}},"email":"avi.vernekar@example.com","login":{"uuid":"2f2562ad-0250-4e54-9713-2c84ff416dec","username":"beautifulduck266","password":"jasmine","salt":"cjud3wsM","md5":"f97ed2b64bc6283944b35996aedf6b78","sha1":"f156da1508d5c22f54bb78d074c65bc0d4b645a8","sha256":"2f1915ba7fcd052a3af026e1982ce881addd8e41ffd6a4df8a5d29c42e61c5f9"},"dob":{"date":"1988-03-02T20:49:10.884Z","age":36},"registered":{"date":"2013-06-12T04:18:06.642Z","age":10},"phone":"9921389783","cell":"9749898369","id":{"name":"UIDAI","value":"534034814336"},"picture":{"large":"https://randomuser.me/api/portraits/men/29.jpg","medium":"https://randomuser.me/api/portraits/med/men/29.jpg","thumbnail":"https://randomuser.me/api/portraits/thumb/men/29.jpg"},"nat":"IN"}],"info":{"seed":"0294bbc4bc05a9c8","results":1,"page":1,"version":"1.4"}} 
 </msg>
<msg time="2024-05-15T18:18:25.854330" level="INFO">/opt/hostedtoolcache/Python/3.12.3/x64/lib/python3.12/site-packages/urllib3/connectionpool.py:1103: InsecureRequestWarning: Unverified HTTPS request is being made to host 'randomuser.me'. Adding certificate verification is strongly advised. See: https://urllib3.readthedocs.io/en/latest/advanced-usage.html#tls-warnings
  warnings.warn(</msg>
<msg time="2024-05-15T18:18:25.854477" level="INFO">${response} = &lt;Response [200]&gt;</msg>
<var>${response}</var>
<arg>consultarAPI</arg>
<arg>/api</arg>
<doc>Sends a GET request on a previously created HTTP Session.</doc>
<status status="PASS" start="2024-05-15T18:18:25.785753" elapsed="0.068775"/>
</kw>
<kw name="Set Variable" owner="BuiltIn">
<msg time="2024-05-15T18:18:25.855691" level="INFO">${json_data} = {'results': [{'gender': 'male', 'name': {'title': 'Mr', 'first': 'Avi', 'last': 'Vernekar'}, 'location': {'street': {'number': 3589, 'name': 'Kasba Peth'}, 'city': 'Bidar', 'state': 'Mizoram', 'countr...</msg>
<var>${json_data}</var>
<arg>${response.json()}</arg>
<doc>Returns the given values which can then be assigned to a variables.</doc>
<status status="PASS" start="2024-05-15T18:18:25.855043" elapsed="0.000677"/>
</kw>
<kw name="Log" owner="BuiltIn">
<msg time="2024-05-15T18:18:25.856199" level="INFO">{'results': [{'gender': 'male', 'name': {'title': 'Mr', 'first': 'Avi', 'last': 'Vernekar'}, 'location': {'street': {'number': 3589, 'name': 'Kasba Peth'}, 'city': 'Bidar', 'state': 'Mizoram', 'country': 'India', 'postcode': 87347, 'coordinates': {'latitude': '7.7388', 'longitude': '-27.5991'}, 'timezone': {'offset': '-8:00', 'description': 'Pacific Time (US &amp; Canada)'}}, 'email': 'avi.vernekar@example.com', 'login': {'uuid': '2f2562ad-0250-4e54-9713-2c84ff416dec', 'username': 'beautifulduck266', 'password': 'jasmine', 'salt': 'cjud3wsM', 'md5': 'f97ed2b64bc6283944b35996aedf6b78', 'sha1': 'f156da1508d5c22f54bb78d074c65bc0d4b645a8', 'sha256': '2f1915ba7fcd052a3af026e1982ce881addd8e41ffd6a4df8a5d29c42e61c5f9'}, 'dob': {'date': '1988-03-02T20:49:10.884Z', 'age': 36}, 'registered': {'date': '2013-06-12T04:18:06.642Z', 'age': 10}, 'phone': '9921389783', 'cell': '9749898369', 'id': {'name': 'UIDAI', 'value': '534034814336'}, 'picture': {'large': 'https://randomuser.me/api/portraits/men/29.jpg', 'medium': 'https://randomuser.me/api/portraits/med/men/29.jpg', 'thumbnail': 'https://randomuser.me/api/portraits/thumb/men/29.jpg'}, 'nat': 'IN'}], 'info': {'seed': '0294bbc4bc05a9c8', 'results': 1, 'page': 1, 'version': '1.4'}}</msg>
<arg>${json_data}</arg>
<doc>Logs the given message with the given level.</doc>
<status status="PASS" start="2024-05-15T18:18:25.856040" elapsed="0.000249"/>
</kw>
<kw name="Should Be String" owner="String">
<arg>${json_data['results'][0]['gender']}</arg>
<doc>Fails if the given ``item`` is not a string.</doc>
<status status="PASS" start="2024-05-15T18:18:25.856605" elapsed="0.000386"/>
</kw>
<kw name="Should Match Regexp" owner="BuiltIn">
<arg>${json_data['results'][0]['email']}</arg>
<arg>^[a-zA-Z0-9._%+-]+@[a-zA-Z0-9.-]+\.[a-zA-Z]{2,}$</arg>
<doc>Fails if ``string`` does not match ``pattern`` as a regular expression.</doc>
<status status="PASS" start="2024-05-15T18:18:25.857232" elapsed="0.000540"/>
</kw>
<kw name="Should Match Regexp" owner="BuiltIn">
<arg>${json_data['results'][0]['dob']['date']}</arg>
<arg>\\d{4}-\\d{2}-\\d{2}T\\d{2}:\\d{2}:\\d{2}\\.\\d{3}Z</arg>
<doc>Fails if ``string`` does not match ``pattern`` as a regular expression.</doc>
<status status="PASS" start="2024-05-15T18:18:25.857968" elapsed="0.000494"/>
</kw>
<kw name="Should Match Regexp" owner="BuiltIn">
<arg>${json_data['results'][0]['registered']['date']}</arg>
<arg>\\d{4}-\\d{2}-\\d{2}T\\d{2}:\\d{2}:\\d{2}\\.\\d{3}Z</arg>
<doc>Fails if ``string`` does not match ``pattern`` as a regular expression.</doc>
<status status="PASS" start="2024-05-15T18:18:25.858654" elapsed="0.000367"/>
</kw>
<kw name="Should Match Regexp" owner="BuiltIn">
<arg>${json_data['results'][0]['picture']['large']}</arg>
<arg>^https?://.*\.(?:png|jpe?g|gif|bmp)$</arg>
<doc>Fails if ``string`` does not match ``pattern`` as a regular expression.</doc>
<status status="PASS" start="2024-05-15T18:18:25.859285" elapsed="0.000472"/>
</kw>
<kw name="Should Match Regexp" owner="BuiltIn">
<arg>${json_data['results'][0]['picture']['medium']}</arg>
<arg>^https?://.*\.(?:png|jpe?g|gif|bmp)$</arg>
<doc>Fails if ``string`` does not match ``pattern`` as a regular expression.</doc>
<status status="PASS" start="2024-05-15T18:18:25.859951" elapsed="0.000354"/>
</kw>
<kw name="Should Match Regexp" owner="BuiltIn">
<arg>${json_data['results'][0]['picture']['thumbnail']}</arg>
<arg>^https?://.*\.(?:png|jpe?g|gif|bmp)$</arg>
<doc>Fails if ``string`` does not match ``pattern`` as a regular expression.</doc>
<status status="PASS" start="2024-05-15T18:18:25.860497" elapsed="0.000359"/>
</kw>
<kw name="Log" owner="BuiltIn">
<msg time="2024-05-15T18:18:25.861407" level="INFO">{'large': 'https://randomuser.me/api/portraits/men/29.jpg', 'medium': 'https://randomuser.me/api/portraits/med/men/29.jpg', 'thumbnail': 'https://randomuser.me/api/portraits/thumb/men/29.jpg'}</msg>
<arg>${json_data['results'][0]['picture']}</arg>
<doc>Logs the given message with the given level.</doc>
<status status="PASS" start="2024-05-15T18:18:25.861037" elapsed="0.000414"/>
</kw>
<status status="PASS" start="2024-05-15T18:18:25.785516" elapsed="0.076194"/>
</kw>
<kw name="Teste de Tipos de Dados - Postcode" owner="random-user-service">
<kw name="GET On Session" owner="RequestsLibrary">
<msg time="2024-05-15T18:18:25.954311" level="INFO">GET Request : url=https://randomuser.me/api 
 path_url=/api 
 headers={'User-Agent': 'python-requests/2.31.0', 'Accept-Encoding': 'gzip, deflate', 'Accept': '*/*', 'Connection': 'keep-alive'} 
 body=None 
 </msg>
<msg time="2024-05-15T18:18:25.954414" level="INFO">GET Response : url=https://randomuser.me/api 
 status=200, reason=OK 
 headers={'Date': 'Wed, 15 May 2024 18:18:25 GMT', 'Content-Type': 'application/json; charset=utf-8', 'Transfer-Encoding': 'chunked', 'Connection': 'keep-alive', 'X-Powered-By': 'Express', 'Access-Control-Allow-Origin': '*', 'Cache-Control': 'no-cache', 'ETag': 'W/"4a2-/c82mM40tiNqqMm54QU2OCExUic"', 'Vary': 'Accept-Encoding', 'Content-Encoding': 'gzip', 'CF-Cache-Status': 'DYNAMIC', 'Report-To': '{"endpoints":[{"url":"https:\\/\\/a.nel.cloudflare.com\\/report\\/v4?s=Boh4mlcvZQM8RxHyrl3eMVaF%2FSFcpQT7SlzKvYP58L36XTXaHHkeNCLX6BP2LU0azKyMT1qajVpgzi01TR2Tm54T7w%2FvbxnGRipIbejrSziFcDvB0xZnARUIG9RcyKmV"}],"group":"cf-nel","max_age":604800}', 'NEL': '{"success_fraction":0,"report_to":"cf-nel","max_age":604800}', 'Server': 'cloudflare', 'CF-RAY': '88452167acf46fce-IAD', 'alt-svc': 'h3=":443"; ma=86400'} 
 body={"results":[{"gender":"male","name":{"title":"Mr","first":"Eemeli","last":"Salminen"},"location":{"street":{"number":380,"name":"Mechelininkatu"},"city":"Porvoo","state":"Northern Savonia","country":"Finland","postcode":11242,"coordinates":{"latitude":"-29.3151","longitude":"-143.8182"},"timezone":{"offset":"+8:00","description":"Beijing, Perth, Singapore, Hong Kong"}},"email":"eemeli.salminen@example.com","login":{"uuid":"2dd06a60-5469-488e-9f09-ebe8fae7300c","username":"angrymeercat942","password":"yamahar1","salt":"vrxJGF6K","md5":"8479a4043071966f39584760bff1e2e3","sha1":"e23a8e3325df2c576bd2f5d5b48c0ee4e71b3f27","sha256":"d4effb3a1c5fb443100039138bf6bf92625fd7c05b9909f0868939f2126fc090"},"dob":{"date":"1983-12-12T02:12:00.345Z","age":40},"registered":{"date":"2020-03-24T07:24:48.348Z","age":4},"phone":"09-694-200","cell":"047-336-86-70","id":{"name":"HETU","value":"NaNNA745undefined"},"picture":{"large":"https://randomuser.me/api/portraits/men/50.jpg","medium":"https://randomuser.me/api/portraits/med/men/50.jpg","thumbnail":"https://randomuser.me/api/portraits/thumb/men/50.jpg"},"nat":"FI"}],"info":{"seed":"f0768ebe30b7a0bc","results":1,"page":1,"version":"1.4"}} 
 </msg>
<msg time="2024-05-15T18:18:25.954505" level="INFO">/opt/hostedtoolcache/Python/3.12.3/x64/lib/python3.12/site-packages/urllib3/connectionpool.py:1103: InsecureRequestWarning: Unverified HTTPS request is being made to host 'randomuser.me'. Adding certificate verification is strongly advised. See: https://urllib3.readthedocs.io/en/latest/advanced-usage.html#tls-warnings
  warnings.warn(</msg>
<msg time="2024-05-15T18:18:25.954656" level="INFO">${response} = &lt;Response [200]&gt;</msg>
<var>${response}</var>
<arg>consultarAPI</arg>
<arg>/api</arg>
<doc>Sends a GET request on a previously created HTTP Session.</doc>
<status status="PASS" start="2024-05-15T18:18:25.862163" elapsed="0.092553"/>
</kw>
<kw name="Set Variable" owner="BuiltIn">
<msg time="2024-05-15T18:18:25.955800" level="INFO">${json_data} = {'results': [{'gender': 'male', 'name': {'title': 'Mr', 'first': 'Eemeli', 'last': 'Salminen'}, 'location': {'street': {'number': 380, 'name': 'Mechelininkatu'}, 'city': 'Porvoo', 'state': 'Northern S...</msg>
<var>${json_data}</var>
<arg>${response.json()}</arg>
<doc>Returns the given values which can then be assigned to a variables.</doc>
<status status="PASS" start="2024-05-15T18:18:25.955217" elapsed="0.000615"/>
</kw>
<kw name="Log" owner="BuiltIn">
<msg time="2024-05-15T18:18:25.956303" level="INFO">{'results': [{'gender': 'male', 'name': {'title': 'Mr', 'first': 'Eemeli', 'last': 'Salminen'}, 'location': {'street': {'number': 380, 'name': 'Mechelininkatu'}, 'city': 'Porvoo', 'state': 'Northern Savonia', 'country': 'Finland', 'postcode': 11242, 'coordinates': {'latitude': '-29.3151', 'longitude': '-143.8182'}, 'timezone': {'offset': '+8:00', 'description': 'Beijing, Perth, Singapore, Hong Kong'}}, 'email': 'eemeli.salminen@example.com', 'login': {'uuid': '2dd06a60-5469-488e-9f09-ebe8fae7300c', 'username': 'angrymeercat942', 'password': 'yamahar1', 'salt': 'vrxJGF6K', 'md5': '8479a4043071966f39584760bff1e2e3', 'sha1': 'e23a8e3325df2c576bd2f5d5b48c0ee4e71b3f27', 'sha256': 'd4effb3a1c5fb443100039138bf6bf92625fd7c05b9909f0868939f2126fc090'}, 'dob': {'date': '1983-12-12T02:12:00.345Z', 'age': 40}, 'registered': {'date': '2020-03-24T07:24:48.348Z', 'age': 4}, 'phone': '09-694-200', 'cell': '047-336-86-70', 'id': {'name': 'HETU', 'value': 'NaNNA745undefined'}, 'picture': {'large': 'https://randomuser.me/api/portraits/men/50.jpg', 'medium': 'https://randomuser.me/api/portraits/med/men/50.jpg', 'thumbnail': 'https://randomuser.me/api/portraits/thumb/men/50.jpg'}, 'nat': 'FI'}], 'info': {'seed': 'f0768ebe30b7a0bc', 'results': 1, 'page': 1, 'version': '1.4'}}</msg>
<arg>${json_data}</arg>
<doc>Logs the given message with the given level.</doc>
<status status="PASS" start="2024-05-15T18:18:25.956148" elapsed="0.000239"/>
</kw>
<kw name="Should Be Equal As Numbers" owner="BuiltIn">
<arg>${json_data['results'][0]['location']['postcode']}</arg>
<arg>${json_data['results'][0]['location']['postcode']}</arg>
<doc>Fails if objects are unequal after converting them to real numbers.</doc>
<status status="PASS" start="2024-05-15T18:18:25.956693" elapsed="0.000858"/>
</kw>
<kw name="Log" owner="BuiltIn">
<msg time="2024-05-15T18:18:25.958079" level="INFO">11242</msg>
<arg>${json_data['results'][0]['location']['postcode']}</arg>
<doc>Logs the given message with the given level.</doc>
<status status="PASS" start="2024-05-15T18:18:25.957745" elapsed="0.000375"/>
</kw>
<status status="PASS" start="2024-05-15T18:18:25.861937" elapsed="0.096435"/>
</kw>
<doc>Testa se os tipos de dados na resposta da API estão corretos.</doc>
<tag>testeTiposDados</tag>
<status status="PASS" start="2024-05-15T18:18:25.784949" elapsed="0.173590"/>
</test>
<test id="s1-s1-t5" name="Validar conteudo" line="35">
<kw name="Teste de Tipos de Conteudo" owner="random-user-service">
<kw name="GET On Session" owner="RequestsLibrary">
<msg time="2024-05-15T18:18:26.095728" level="INFO">GET Request : url=https://randomuser.me/api 
 path_url=/api 
 headers={'User-Agent': 'python-requests/2.31.0', 'Accept-Encoding': 'gzip, deflate', 'Accept': '*/*', 'Connection': 'keep-alive'} 
 body=None 
 </msg>
<msg time="2024-05-15T18:18:26.095863" level="INFO">GET Response : url=https://randomuser.me/api 
 status=200, reason=OK 
 headers={'Date': 'Wed, 15 May 2024 18:18:26 GMT', 'Content-Type': 'application/json; charset=utf-8', 'Transfer-Encoding': 'chunked', 'Connection': 'keep-alive', 'X-Powered-By': 'Express', 'Access-Control-Allow-Origin': '*', 'Cache-Control': 'no-cache', 'ETag': 'W/"4a0-dMkulH4oaQ0aqL9WcqxcRl0qKWc"', 'Vary': 'Accept-Encoding', 'Content-Encoding': 'gzip', 'CF-Cache-Status': 'DYNAMIC', 'Report-To': '{"endpoints":[{"url":"https:\\/\\/a.nel.cloudflare.com\\/report\\/v4?s=yaGa1DJ7EIJRYaEL%2Fc4JT6e9hIdQyw87lBb%2FfjAhB8yze4ebFlQN3IureWhW4o%2F3Cu95%2BtsdsjlYc1J9YNnwdcd6dIg42H8blxR7t9WJDqA9POPwYZRy9vIuXAslH3J4"}],"group":"cf-nel","max_age":604800}', 'NEL': '{"success_fraction":0,"report_to":"cf-nel","max_age":604800}', 'Server': 'cloudflare', 'CF-RAY': '884521684d946fce-IAD', 'alt-svc': 'h3=":443"; ma=86400'} 
 body={"results":[{"gender":"male","name":{"title":"Mr","first":"Rogelio","last":"Bravo"},"location":{"street":{"number":8366,"name":"Privada Italia"},"city":"Escalón","state":"Michoacan","country":"Mexico","postcode":85900,"coordinates":{"latitude":"25.4778","longitude":"-80.4230"},"timezone":{"offset":"+5:00","description":"Ekaterinburg, Islamabad, Karachi, Tashkent"}},"email":"rogelio.bravo@example.com","login":{"uuid":"d1add47d-9f6d-467d-90a4-9136a0d8af8e","username":"purpleelephant643","password":"090909","salt":"K0x2yBZK","md5":"da588f0d75effd020ec2c4e066946f08","sha1":"46927da71567ae8ad34c571f1e0a9b3fd98d9400","sha256":"1d77d1aaa9a541d564af561952fc06a3c9931a9297dfe54f22cd0d8597ca21d2"},"dob":{"date":"1948-08-14T03:47:44.136Z","age":75},"registered":{"date":"2006-07-15T03:14:16.491Z","age":17},"phone":"(660) 856 9593","cell":"(632) 527 7372","id":{"name":"NSS","value":"44 73 25 1172 5"},"picture":{"large":"https://randomuser.me/api/portraits/men/38.jpg","medium":"https://randomuser.me/api/portraits/med/men/38.jpg","thumbnail":"https://randomuser.me/api/portraits/thumb/men/38.jpg"},"nat":"MX"}],"info":{"seed":"3e383fad9fd954ed","results":1,"page":1,"version":"1.4"}} 
 </msg>
<msg time="2024-05-15T18:18:26.095977" level="INFO">/opt/hostedtoolcache/Python/3.12.3/x64/lib/python3.12/site-packages/urllib3/connectionpool.py:1103: InsecureRequestWarning: Unverified HTTPS request is being made to host 'randomuser.me'. Adding certificate verification is strongly advised. See: https://urllib3.readthedocs.io/en/latest/advanced-usage.html#tls-warnings
  warnings.warn(</msg>
<msg time="2024-05-15T18:18:26.096186" level="INFO">${response} = &lt;Response [200]&gt;</msg>
<var>${response}</var>
<arg>consultarAPI</arg>
<arg>/api</arg>
<doc>Sends a GET request on a previously created HTTP Session.</doc>
<status status="PASS" start="2024-05-15T18:18:25.960989" elapsed="0.135252"/>
</kw>
<kw name="Set Variable" owner="BuiltIn">
<msg time="2024-05-15T18:18:26.097490" level="INFO">${json_data} = {'results': [{'gender': 'male', 'name': {'title': 'Mr', 'first': 'Rogelio', 'last': 'Bravo'}, 'location': {'street': {'number': 8366, 'name': 'Privada Italia'}, 'city': 'Escalón', 'state': 'Michoacan'...</msg>
<var>${json_data}</var>
<arg>${response.json()}</arg>
<doc>Returns the given values which can then be assigned to a variables.</doc>
<status status="PASS" start="2024-05-15T18:18:26.096815" elapsed="0.000707"/>
</kw>
<kw name="Set Variable" owner="BuiltIn">
<msg time="2024-05-15T18:18:26.098264" level="INFO">${name_title} = Mr</msg>
<var>${name_title}</var>
<arg>${json_data["results"][0]["name"]["title"]}</arg>
<doc>Returns the given values which can then be assigned to a variables.</doc>
<status status="PASS" start="2024-05-15T18:18:26.097850" elapsed="0.000440"/>
</kw>
<kw name="Create List" owner="BuiltIn">
<msg time="2024-05-15T18:18:26.098744" level="INFO">${allowed_titles} = ['Mr', 'Ms', 'Miss', 'Mrs', 'Madame', 'Monsieur']</msg>
<var>${allowed_titles}</var>
<arg>Mr</arg>
<arg>Ms</arg>
<arg>Miss</arg>
<arg>Mrs</arg>
<arg>Madame</arg>
<arg>Monsieur</arg>
<doc>Returns a list containing given items.</doc>
<status status="PASS" start="2024-05-15T18:18:26.098594" elapsed="0.000175"/>
</kw>
<kw name="List Should Contain Value" owner="Collections">
<msg time="2024-05-15T18:18:26.099250" level="INFO">False</msg>
<arg>${allowed_titles}</arg>
<arg>${name_title}</arg>
<doc>Fails if the ``value`` is not found from ``list``.</doc>
<status status="PASS" start="2024-05-15T18:18:26.099077" elapsed="0.000211"/>
</kw>
<kw name="Set Variable" owner="BuiltIn">
<msg time="2024-05-15T18:18:26.099954" level="INFO">${name_country} = MX</msg>
<var>${name_country}</var>
<arg>${json_data["results"][0]["nat"]}</arg>
<doc>Returns the given values which can then be assigned to a variables.</doc>
<status status="PASS" start="2024-05-15T18:18:26.099576" elapsed="0.000403"/>
</kw>
<kw name="Create List" owner="BuiltIn">
<msg time="2024-05-15T18:18:26.100896" level="INFO">${list_country} = ['AD', 'AE', 'AF', 'AG', 'AI', 'AL', 'AM', 'AO', 'AQ', 'AR', 'AS', 'AT', 'AU', 'AW', 'AX', 'AZ', 'BA', 'BB', 'BD', 'BE', 'BF', 'BG', 'BH', 'BI', 'BJ', 'BL', 'BM', 'BN', 'BO', 'BQ', 'BR', 'BS', 'BT', '...</msg>
<var>${list_country}</var>
<arg>AD</arg>
<arg>AE</arg>
<arg>AF</arg>
<arg>AG</arg>
<arg>AI</arg>
<arg>AL</arg>
<arg>AM</arg>
<arg>AO</arg>
<arg>AQ</arg>
<arg>AR</arg>
<arg>AS</arg>
<arg>AT</arg>
<arg>AU</arg>
<arg>AW</arg>
<arg>AX</arg>
<arg>AZ</arg>
<arg>BA</arg>
<arg>BB</arg>
<arg>BD</arg>
<arg>BE</arg>
<arg>BF</arg>
<arg>BG</arg>
<arg>BH</arg>
<arg>BI</arg>
<arg>BJ</arg>
<arg>BL</arg>
<arg>BM</arg>
<arg>BN</arg>
<arg>BO</arg>
<arg>BQ</arg>
<arg>BR</arg>
<arg>BS</arg>
<arg>BT</arg>
<arg>BV</arg>
<arg>BW</arg>
<arg>BY</arg>
<arg>BZ</arg>
<arg>CA</arg>
<arg>CC</arg>
<arg>CD</arg>
<arg>CF</arg>
<arg>CG</arg>
<arg>CH</arg>
<arg>CI</arg>
<arg>CK</arg>
<arg>CL</arg>
<arg>CM</arg>
<arg>CN</arg>
<arg>CO</arg>
<arg>CR</arg>
<arg>CU</arg>
<arg>CV</arg>
<arg>CW</arg>
<arg>CX</arg>
<arg>CY</arg>
<arg>CZ</arg>
<arg>DE</arg>
<arg>DJ</arg>
<arg>DK</arg>
<arg>DM</arg>
<arg>DO</arg>
<arg>DZ</arg>
<arg>EC</arg>
<arg>EE</arg>
<arg>EG</arg>
<arg>EH</arg>
<arg>ER</arg>
<arg>ES</arg>
<arg>ET</arg>
<arg>FI</arg>
<arg>FJ</arg>
<arg>FK</arg>
<arg>FM</arg>
<arg>FO</arg>
<arg>FR</arg>
<arg>GA</arg>
<arg>GB</arg>
<arg>GD</arg>
<arg>GE</arg>
<arg>GF</arg>
<arg>GG</arg>
<arg>GH</arg>
<arg>GI</arg>
<arg>GL</arg>
<arg>GM</arg>
<arg>GN</arg>
<arg>GP</arg>
<arg>GQ</arg>
<arg>GR</arg>
<arg>GS</arg>
<arg>GT</arg>
<arg>GU</arg>
<arg>GW</arg>
<arg>GY</arg>
<arg>HK</arg>
<arg>HM</arg>
<arg>HN</arg>
<arg>HR</arg>
<arg>HT</arg>
<arg>HU</arg>
<arg>ID</arg>
<arg>IE</arg>
<arg>IL</arg>
<arg>IM</arg>
<arg>IN</arg>
<arg>IO</arg>
<arg>IQ</arg>
<arg>IR</arg>
<arg>IS</arg>
<arg>IT</arg>
<arg>JE</arg>
<arg>JM</arg>
<arg>JO</arg>
<arg>JP</arg>
<arg>KE</arg>
<arg>KG</arg>
<arg>KH</arg>
<arg>KI</arg>
<arg>KM</arg>
<arg>KN</arg>
<arg>KP</arg>
<arg>KR</arg>
<arg>KW</arg>
<arg>KY</arg>
<arg>KZ</arg>
<arg>LA</arg>
<arg>LB</arg>
<arg>LC</arg>
<arg>LI</arg>
<arg>LK</arg>
<arg>LR</arg>
<arg>LS</arg>
<arg>LT</arg>
<arg>LU</arg>
<arg>LV</arg>
<arg>LY</arg>
<arg>MA</arg>
<arg>MC</arg>
<arg>MD</arg>
<arg>ME</arg>
<arg>MF</arg>
<arg>MG</arg>
<arg>MH</arg>
<arg>MK</arg>
<arg>ML</arg>
<arg>MM</arg>
<arg>MN</arg>
<arg>MO</arg>
<arg>MP</arg>
<arg>MQ</arg>
<arg>MR</arg>
<arg>MS</arg>
<arg>MT</arg>
<arg>MU</arg>
<arg>MV</arg>
<arg>MW</arg>
<arg>MX</arg>
<arg>MY</arg>
<arg>MZ</arg>
<arg>NA</arg>
<arg>NC</arg>
<arg>NE</arg>
<arg>NF</arg>
<arg>NG</arg>
<arg>NI</arg>
<arg>NL</arg>
<arg>NO</arg>
<arg>NP</arg>
<arg>NR</arg>
<arg>NU</arg>
<arg>NZ</arg>
<arg>OM</arg>
<arg>PA</arg>
<arg>PE</arg>
<arg>PF</arg>
<arg>PG</arg>
<arg>PH</arg>
<arg>PK</arg>
<arg>PL</arg>
<arg>PM</arg>
<arg>PN</arg>
<arg>PR</arg>
<arg>PS</arg>
<arg>PT</arg>
<arg>PW</arg>
<arg>PY</arg>
<arg>QA</arg>
<arg>RE</arg>
<arg>RO</arg>
<arg>RS</arg>
<arg>RU</arg>
<arg>RW</arg>
<arg>SA</arg>
<arg>SB</arg>
<arg>SC</arg>
<arg>SD</arg>
<arg>SE</arg>
<arg>SG</arg>
<arg>SH</arg>
<arg>SI</arg>
<arg>SJ</arg>
<arg>SK</arg>
<arg>SL</arg>
<arg>SM</arg>
<arg>SN</arg>
<arg>SO</arg>
<arg>SR</arg>
<arg>SS</arg>
<arg>ST</arg>
<arg>SV</arg>
<arg>SX</arg>
<arg>SY</arg>
<arg>SZ</arg>
<arg>TC</arg>
<arg>TD</arg>
<arg>TF</arg>
<arg>TG</arg>
<arg>TH</arg>
<arg>TJ</arg>
<arg>TK</arg>
<arg>TL</arg>
<arg>TM</arg>
<arg>TN</arg>
<arg>TO</arg>
<arg>TR</arg>
<arg>TT</arg>
<arg>TV</arg>
<arg>TW</arg>
<arg>TZ</arg>
<arg>UA</arg>
<arg>UG</arg>
<arg>UM</arg>
<arg>US</arg>
<arg>UY</arg>
<arg>UZ</arg>
<arg>VA</arg>
<arg>VC</arg>
<arg>VE</arg>
<arg>VG</arg>
<arg>VI</arg>
<arg>VN</arg>
<arg>VU</arg>
<arg>WF</arg>
<arg>WS</arg>
<arg>XK</arg>
<arg>YE</arg>
<arg>YT</arg>
<arg>ZA</arg>
<arg>ZM</arg>
<arg>ZW</arg>
<doc>Returns a list containing given items.</doc>
<status status="PASS" start="2024-05-15T18:18:26.100281" elapsed="0.000640"/>
</kw>
<kw name="List Should Contain Value" owner="Collections">
<msg time="2024-05-15T18:18:26.101955" level="INFO">False</msg>
<arg>${list_country}</arg>
<arg>${name_country}</arg>
<doc>Fails if the ``value`` is not found from ``list``.</doc>
<status status="PASS" start="2024-05-15T18:18:26.101748" elapsed="0.000244"/>
</kw>
<kw name="Run Keyword If" owner="BuiltIn">
<kw name="Should Be True" owner="BuiltIn">
<arg>${True}</arg>
<doc>Fails if the given condition is not true.</doc>
<status status="PASS" start="2024-05-15T18:18:26.103086" elapsed="0.000144"/>
</kw>
<arg>${json_data["results"][0]["location"]["coordinates"]["latitude"]} &gt;= -90 and ${json_data["results"][0]["location"]["coordinates"]["latitude"]} &lt;= 90</arg>
<arg>Should Be True</arg>
<arg>${True}</arg>
<doc>Runs the given keyword with the given arguments, if ``condition`` is true.</doc>
<status status="PASS" start="2024-05-15T18:18:26.102314" elapsed="0.001043"/>
</kw>
<kw name="Run Keyword If" owner="BuiltIn">
<kw name="Should Be True" owner="BuiltIn">
<arg>${True}</arg>
<doc>Fails if the given condition is not true.</doc>
<status status="PASS" start="2024-05-15T18:18:26.104282" elapsed="0.000272"/>
</kw>
<arg>${json_data["results"][0]["location"]["coordinates"]["longitude"]} &gt;= -180 and ${json_data["results"][0]["location"]["coordinates"]["longitude"]} &lt;= 180</arg>
<arg>Should Be True</arg>
<arg>${True}</arg>
<doc>Runs the given keyword with the given arguments, if ``condition`` is true.</doc>
<status status="PASS" start="2024-05-15T18:18:26.103548" elapsed="0.001138"/>
</kw>
<status status="PASS" start="2024-05-15T18:18:25.960765" elapsed="0.144052"/>
</kw>
<doc>Testa o conteúdo específico dos campos retornados pela API.</doc>
<tag>testeConteudo</tag>
<status status="PASS" start="2024-05-15T18:18:25.960311" elapsed="0.144656"/>
</test>
<status status="PASS" start="2024-05-15T18:18:25.157018" elapsed="0.950042"/>
</suite>
<status status="PASS" start="2024-05-15T18:18:25.143406" elapsed="0.969064"/>
</suite>
<statistics>
<total>
<stat pass="5" fail="0" skip="0">All Tests</stat>
</total>
<tag>
<stat pass="1" fail="0" skip="0">testeConteudo</stat>
<stat pass="1" fail="0" skip="0">testeEstruturaResposta</stat>
<stat pass="1" fail="0" skip="0">testeRequisicaoBasica</stat>
<stat pass="1" fail="0" skip="0">testeTiposDados</stat>
</tag>
<suite>
<stat pass="5" fail="0" skip="0" id="s1" name="Tests">Tests</stat>
<stat pass="5" fail="0" skip="0" id="s1-s1" name="Random-User-Test">Tests.Random-User-Test</stat>
</suite>
</statistics>
<errors>
</errors>
</robot>
