<?xml version="1.0" encoding="UTF-8"?>
<robot generator="Robot 7.0 (Python 3.12.2 on linux)" generated="2024-04-02T17:14:37.451918" rpa="false" schemaversion="5">
<suite id="s1" name="Tests" source="/home/runner/work/DesafioQAItauRogerioJordao/DesafioQAItauRogerioJordao/RamdonUser/tests">
<suite id="s1-s1" name="Random-User-Test" source="/home/runner/work/DesafioQAItauRogerioJordao/DesafioQAItauRogerioJordao/RamdonUser/tests/random-user-test.robot">
<test id="s1-s1-t1" name="Conectar" line="13">
<kw name="Conectar API" owner="random-user-service">
<kw name="Create Session" owner="RequestsLibrary">
<msg time="2024-04-02T17:14:37.836643" level="INFO">Creating Session using : alias=consultarAPI, url=https://randomuser.me/, headers={},                     cookies={}, auth=None, timeout=None, proxies=None, verify=False,                     debug=0 </msg>
<arg>consultarAPI</arg>
<arg>${URL}</arg>
<doc>Create Session: create a HTTP session to a server</doc>
<status status="PASS" start="2024-04-02T17:14:37.836424" elapsed="0.000415"/>
</kw>
<status status="PASS" start="2024-04-02T17:14:37.835325" elapsed="0.001891"/>
</kw>
<status status="PASS" start="2024-04-02T17:14:37.834722" elapsed="0.002701"/>
</test>
<test id="s1-s1-t2" name="Validar retorno 200 e JSON Válido" line="16">
<kw name="Teste de Requisicao Basica" owner="random-user-service">
<kw name="GET On Session" owner="RequestsLibrary">
<msg time="2024-04-02T17:14:37.919457" level="INFO">GET Request : url=https://randomuser.me/api 
 path_url=/api 
 headers={'User-Agent': 'python-requests/2.31.0', 'Accept-Encoding': 'gzip, deflate', 'Accept': '*/*', 'Connection': 'keep-alive'} 
 body=None 
 </msg>
<msg time="2024-04-02T17:14:37.919612" level="INFO">GET Response : url=https://randomuser.me/api 
 status=200, reason=OK 
 headers={'Date': 'Tue, 02 Apr 2024 17:14:37 GMT', 'Content-Type': 'application/json; charset=utf-8', 'Transfer-Encoding': 'chunked', 'Connection': 'keep-alive', 'X-Powered-By': 'Express', 'Access-Control-Allow-Origin': '*', 'Cache-Control': 'no-cache', 'ETag': 'W/"4ad-Z4JT+W1ibsgYbaCY7FRdnwVVm7s"', 'Vary': 'Accept-Encoding', 'Content-Encoding': 'gzip', 'CF-Cache-Status': 'DYNAMIC', 'Report-To': '{"endpoints":[{"url":"https:\\/\\/a.nel.cloudflare.com\\/report\\/v4?s=PJZKlC%2FAXcabsFJcOgGq9QJVzG78bkwlq%2FgTRRoEtL9eMaQ1DaeBL%2BVOqDaGycQc%2FcwBDsAY4nKpS%2BRWtC2hbJ2Odx7iwgwkxE6M%2FBr0IIdy%2FvnJLtRxov5ZHTsd5ivP"}],"group":"cf-nel","max_age":604800}', 'NEL': '{"success_fraction":0,"report_to":"cf-nel","max_age":604800}', 'Server': 'cloudflare', 'CF-RAY': '86e274d2bab857ae-IAD', 'alt-svc': 'h3=":443"; ma=86400'} 
 body={"results":[{"gender":"male","name":{"title":"Mr","first":"Raphaël","last":"Leclerc"},"location":{"street":{"number":4973,"name":"Rue Abel-Hovelacque"},"city":"Poitiers","state":"Tarn-et-Garonne","country":"France","postcode":94589,"coordinates":{"latitude":"-15.4200","longitude":"-120.0712"},"timezone":{"offset":"-4:00","description":"Atlantic Time (Canada), Caracas, La Paz"}},"email":"raphael.leclerc@example.com","login":{"uuid":"c8475bef-e9b3-44af-9155-b1ed99bc69dd","username":"greengoose763","password":"adam25","salt":"5KTosQ92","md5":"2da1eca1a68ca2a2de3d26fdf7b5497c","sha1":"ad69c68abc7cd9e60ab8058338c523438e5084a6","sha256":"ea2e176f72cc305919a840125414e40b5b2d17c05e0fe575f074581e795aa50a"},"dob":{"date":"1950-11-11T16:03:42.336Z","age":73},"registered":{"date":"2020-11-20T22:41:46.864Z","age":3},"phone":"04-56-73-58-81","cell":"06-01-38-20-04","id":{"name":"INSEE","value":"1501060559542 68"},"picture":{"large":"https://randomuser.me/api/portraits/men/84.jpg","medium":"https://randomuser.me/api/portraits/med/men/84.jpg","thumbnail":"https://randomuser.me/api/portraits/thumb/men/84.jpg"},"nat":"FR"}],"info":{"seed":"8dece48df7468a4b","results":1,"page":1,"version":"1.4"}} 
 </msg>
<msg time="2024-04-02T17:14:37.919739" level="INFO">/opt/hostedtoolcache/Python/3.12.2/x64/lib/python3.12/site-packages/urllib3/connectionpool.py:1103: InsecureRequestWarning: Unverified HTTPS request is being made to host 'randomuser.me'. Adding certificate verification is strongly advised. See: https://urllib3.readthedocs.io/en/latest/advanced-usage.html#tls-warnings
  warnings.warn(</msg>
<msg time="2024-04-02T17:14:37.919918" level="INFO">${response} = &lt;Response [200]&gt;</msg>
<var>${response}</var>
<arg>consultarAPI</arg>
<arg>/api</arg>
<doc>Sends a GET request on a previously created HTTP Session.</doc>
<status status="PASS" start="2024-04-02T17:14:37.840053" elapsed="0.079907"/>
</kw>
<kw name="Should Be Equal As Numbers" owner="BuiltIn">
<msg time="2024-04-02T17:14:37.920875" level="INFO">Argument types are:
&lt;class 'int'&gt;
&lt;class 'str'&gt;</msg>
<arg>${response.status_code}</arg>
<arg>200</arg>
<doc>Fails if objects are unequal after converting them to real numbers.</doc>
<status status="PASS" start="2024-04-02T17:14:37.920437" elapsed="0.000506"/>
</kw>
<kw name="Log" owner="BuiltIn">
<msg time="2024-04-02T17:14:37.921618" level="INFO">200</msg>
<arg>${response.status_code}</arg>
<doc>Logs the given message with the given level.</doc>
<status status="PASS" start="2024-04-02T17:14:37.921263" elapsed="0.000399"/>
</kw>
<kw name="Set Variable" owner="BuiltIn">
<msg time="2024-04-02T17:14:37.922443" level="INFO">${json_data} = {'results': [{'gender': 'male', 'name': {'title': 'Mr', 'first': 'Raphaël', 'last': 'Leclerc'}, 'location': {'street': {'number': 4973, 'name': 'Rue Abel-Hovelacque'}, 'city': 'Poitiers', 'state': 'Ta...</msg>
<var>${json_data}</var>
<arg>${response.json()}</arg>
<doc>Returns the given values which can then be assigned to a variables.</doc>
<status status="PASS" start="2024-04-02T17:14:37.921996" elapsed="0.000477"/>
</kw>
<kw name="Dictionary Should Contain Key" owner="Collections">
<msg time="2024-04-02T17:14:37.922946" level="INFO">False</msg>
<arg>${json_data}</arg>
<arg>results</arg>
<doc>Fails if ``key`` is not found from ``dictionary``.</doc>
<status status="PASS" start="2024-04-02T17:14:37.922778" elapsed="0.000208"/>
</kw>
<status status="PASS" start="2024-04-02T17:14:37.839778" elapsed="0.083472"/>
</kw>
<doc>Testa se a API responde corretamente e retorna um objeto JSON válido.</doc>
<tag>testeRequisicaoBasica</tag>
<status status="PASS" start="2024-04-02T17:14:37.839268" elapsed="0.084174"/>
</test>
<test id="s1-s1-t3" name="Validar estrutura de resposta" line="22">
<kw name="Teste de Estrutura de Resposta" owner="random-user-service">
<kw name="GET On Session" owner="RequestsLibrary">
<msg time="2024-04-02T17:14:38.016249" level="INFO">GET Request : url=https://randomuser.me/api 
 path_url=/api 
 headers={'User-Agent': 'python-requests/2.31.0', 'Accept-Encoding': 'gzip, deflate', 'Accept': '*/*', 'Connection': 'keep-alive'} 
 body=None 
 </msg>
<msg time="2024-04-02T17:14:38.016346" level="INFO">GET Response : url=https://randomuser.me/api 
 status=200, reason=OK 
 headers={'Date': 'Tue, 02 Apr 2024 17:14:38 GMT', 'Content-Type': 'application/json; charset=utf-8', 'Transfer-Encoding': 'chunked', 'Connection': 'keep-alive', 'X-Powered-By': 'Express', 'Access-Control-Allow-Origin': '*', 'Cache-Control': 'no-cache', 'ETag': 'W/"496-luOX0yL3PDq7SehjShoXILzUh0E"', 'Vary': 'Accept-Encoding', 'Content-Encoding': 'gzip', 'CF-Cache-Status': 'DYNAMIC', 'Report-To': '{"endpoints":[{"url":"https:\\/\\/a.nel.cloudflare.com\\/report\\/v4?s=Vl9g4COkVkKm0Cof5HXVl4AZ38rSQuXYA9DeMlKZ16vMIAjg8sjFoavTxGkMHiYlQKwZxoTgph8XYpYIH4xiH5X6hwJtjwtEyCYn47exY%2FxxNkoe2cjOg97Nxr8kT6tQ"}],"group":"cf-nel","max_age":604800}', 'NEL': '{"success_fraction":0,"report_to":"cf-nel","max_age":604800}', 'Server': 'cloudflare', 'CF-RAY': '86e274d30af457ae-IAD', 'alt-svc': 'h3=":443"; ma=86400'} 
 body={"results":[{"gender":"female","name":{"title":"Mrs","first":"Lynn","last":"Johnston"},"location":{"street":{"number":2842,"name":"Spring Hill Rd"},"city":"Hobart","state":"Australian Capital Territory","country":"Australia","postcode":9781,"coordinates":{"latitude":"-88.6026","longitude":"0.1008"},"timezone":{"offset":"-12:00","description":"Eniwetok, Kwajalein"}},"email":"lynn.johnston@example.com","login":{"uuid":"97804c70-f1b9-4683-938d-2c6a68f67a7f","username":"ticklishdog819","password":"kayla","salt":"eTMAInJo","md5":"bf7e663ebdf4198aaf6c77bf14d325c4","sha1":"e1faa7864f6bad117d2965c6e743a73c9a9ee6b1","sha256":"7cf5f750595cb4b21a6496ac78020772d3c52216671ddfde052a8580c6b8c90a"},"dob":{"date":"1969-03-03T00:43:44.118Z","age":55},"registered":{"date":"2015-10-19T08:37:53.997Z","age":8},"phone":"05-9446-4938","cell":"0411-324-677","id":{"name":"TFN","value":"755362343"},"picture":{"large":"https://randomuser.me/api/portraits/women/36.jpg","medium":"https://randomuser.me/api/portraits/med/women/36.jpg","thumbnail":"https://randomuser.me/api/portraits/thumb/women/36.jpg"},"nat":"AU"}],"info":{"seed":"1589321c15597640","results":1,"page":1,"version":"1.4"}} 
 </msg>
<msg time="2024-04-02T17:14:38.016491" level="INFO">/opt/hostedtoolcache/Python/3.12.2/x64/lib/python3.12/site-packages/urllib3/connectionpool.py:1103: InsecureRequestWarning: Unverified HTTPS request is being made to host 'randomuser.me'. Adding certificate verification is strongly advised. See: https://urllib3.readthedocs.io/en/latest/advanced-usage.html#tls-warnings
  warnings.warn(</msg>
<msg time="2024-04-02T17:14:38.016635" level="INFO">${response} = &lt;Response [200]&gt;</msg>
<var>${response}</var>
<arg>consultarAPI</arg>
<arg>/api</arg>
<doc>Sends a GET request on a previously created HTTP Session.</doc>
<status status="PASS" start="2024-04-02T17:14:37.926207" elapsed="0.090471"/>
</kw>
<kw name="Set Variable" owner="BuiltIn">
<msg time="2024-04-02T17:14:38.017710" level="INFO">${json_data} = {'results': [{'gender': 'female', 'name': {'title': 'Mrs', 'first': 'Lynn', 'last': 'Johnston'}, 'location': {'street': {'number': 2842, 'name': 'Spring Hill Rd'}, 'city': 'Hobart', 'state': 'Australi...</msg>
<var>${json_data}</var>
<arg>${response.json()}</arg>
<doc>Returns the given values which can then be assigned to a variables.</doc>
<status status="PASS" start="2024-04-02T17:14:38.017193" elapsed="0.000546"/>
</kw>
<kw name="Log" owner="BuiltIn">
<msg time="2024-04-02T17:14:38.018215" level="INFO">{'results': [{'gender': 'female', 'name': {'title': 'Mrs', 'first': 'Lynn', 'last': 'Johnston'}, 'location': {'street': {'number': 2842, 'name': 'Spring Hill Rd'}, 'city': 'Hobart', 'state': 'Australian Capital Territory', 'country': 'Australia', 'postcode': 9781, 'coordinates': {'latitude': '-88.6026', 'longitude': '0.1008'}, 'timezone': {'offset': '-12:00', 'description': 'Eniwetok, Kwajalein'}}, 'email': 'lynn.johnston@example.com', 'login': {'uuid': '97804c70-f1b9-4683-938d-2c6a68f67a7f', 'username': 'ticklishdog819', 'password': 'kayla', 'salt': 'eTMAInJo', 'md5': 'bf7e663ebdf4198aaf6c77bf14d325c4', 'sha1': 'e1faa7864f6bad117d2965c6e743a73c9a9ee6b1', 'sha256': '7cf5f750595cb4b21a6496ac78020772d3c52216671ddfde052a8580c6b8c90a'}, 'dob': {'date': '1969-03-03T00:43:44.118Z', 'age': 55}, 'registered': {'date': '2015-10-19T08:37:53.997Z', 'age': 8}, 'phone': '05-9446-4938', 'cell': '0411-324-677', 'id': {'name': 'TFN', 'value': '755362343'}, 'picture': {'large': 'https://randomuser.me/api/portraits/women/36.jpg', 'medium': 'https://randomuser.me/api/portraits/med/women/36.jpg', 'thumbnail': 'https://randomuser.me/api/portraits/thumb/women/36.jpg'}, 'nat': 'AU'}], 'info': {'seed': '1589321c15597640', 'results': 1, 'page': 1, 'version': '1.4'}}</msg>
<arg>${json_data}</arg>
<doc>Logs the given message with the given level.</doc>
<status status="PASS" start="2024-04-02T17:14:38.018052" elapsed="0.000212"/>
</kw>
<kw name="Dictionary Should Contain Key" owner="Collections">
<msg time="2024-04-02T17:14:38.018724" level="INFO">False</msg>
<arg>${json_data}</arg>
<arg>results</arg>
<doc>Fails if ``key`` is not found from ``dictionary``.</doc>
<status status="PASS" start="2024-04-02T17:14:38.018568" elapsed="0.000194"/>
</kw>
<kw name="Should Not Be Empty" owner="BuiltIn">
<msg time="2024-04-02T17:14:38.019193" level="INFO">Length is 2.</msg>
<arg>${json_data}</arg>
<doc>Verifies that the given item is not empty.</doc>
<status status="PASS" start="2024-04-02T17:14:38.019058" elapsed="0.000174"/>
</kw>
<kw name="Create List" owner="BuiltIn">
<msg time="2024-04-02T17:14:38.019682" level="INFO">${expected_keys} = ['gender', 'name', 'location', 'email', 'login']</msg>
<var>${expected_keys}</var>
<arg>gender</arg>
<arg>name</arg>
<arg>location</arg>
<arg>email</arg>
<arg>login</arg>
<doc>Returns a list containing given items.</doc>
<status status="PASS" start="2024-04-02T17:14:38.019524" elapsed="0.000182"/>
</kw>
<for flavor="IN">
<iter>
<kw name="Dictionary Should Contain Key" owner="Collections">
<msg time="2024-04-02T17:14:38.020723" level="INFO">False</msg>
<arg>${json_data['results'][0]}</arg>
<arg>${key}</arg>
<doc>Fails if ``key`` is not found from ``dictionary``.</doc>
<status status="PASS" start="2024-04-02T17:14:38.020318" elapsed="0.000445"/>
</kw>
<kw name="Log" owner="BuiltIn">
<msg time="2024-04-02T17:14:38.021450" level="INFO">{'gender': 'female', 'name': {'title': 'Mrs', 'first': 'Lynn', 'last': 'Johnston'}, 'location': {'street': {'number': 2842, 'name': 'Spring Hill Rd'}, 'city': 'Hobart', 'state': 'Australian Capital Territory', 'country': 'Australia', 'postcode': 9781, 'coordinates': {'latitude': '-88.6026', 'longitude': '0.1008'}, 'timezone': {'offset': '-12:00', 'description': 'Eniwetok, Kwajalein'}}, 'email': 'lynn.johnston@example.com', 'login': {'uuid': '97804c70-f1b9-4683-938d-2c6a68f67a7f', 'username': 'ticklishdog819', 'password': 'kayla', 'salt': 'eTMAInJo', 'md5': 'bf7e663ebdf4198aaf6c77bf14d325c4', 'sha1': 'e1faa7864f6bad117d2965c6e743a73c9a9ee6b1', 'sha256': '7cf5f750595cb4b21a6496ac78020772d3c52216671ddfde052a8580c6b8c90a'}, 'dob': {'date': '1969-03-03T00:43:44.118Z', 'age': 55}, 'registered': {'date': '2015-10-19T08:37:53.997Z', 'age': 8}, 'phone': '05-9446-4938', 'cell': '0411-324-677', 'id': {'name': 'TFN', 'value': '755362343'}, 'picture': {'large': 'https://randomuser.me/api/portraits/women/36.jpg', 'medium': 'https://randomuser.me/api/portraits/med/women/36.jpg', 'thumbnail': 'https://randomuser.me/api/portraits/thumb/women/36.jpg'}, 'nat': 'AU'}</msg>
<arg>${json_data['results'][0]}</arg>
<doc>Logs the given message with the given level.</doc>
<status status="PASS" start="2024-04-02T17:14:38.021074" elapsed="0.000430"/>
</kw>
<kw name="Log" owner="BuiltIn">
<msg time="2024-04-02T17:14:38.021947" level="INFO">gender</msg>
<arg>${key}</arg>
<doc>Logs the given message with the given level.</doc>
<status status="PASS" start="2024-04-02T17:14:38.021813" elapsed="0.000174"/>
</kw>
<var name="${key}">gender</var>
<status status="PASS" start="2024-04-02T17:14:38.020190" elapsed="0.002024"/>
</iter>
<iter>
<kw name="Dictionary Should Contain Key" owner="Collections">
<msg time="2024-04-02T17:14:38.022916" level="INFO">False</msg>
<arg>${json_data['results'][0]}</arg>
<arg>${key}</arg>
<doc>Fails if ``key`` is not found from ``dictionary``.</doc>
<status status="PASS" start="2024-04-02T17:14:38.022533" elapsed="0.000422"/>
</kw>
<kw name="Log" owner="BuiltIn">
<msg time="2024-04-02T17:14:38.023655" level="INFO">{'gender': 'female', 'name': {'title': 'Mrs', 'first': 'Lynn', 'last': 'Johnston'}, 'location': {'street': {'number': 2842, 'name': 'Spring Hill Rd'}, 'city': 'Hobart', 'state': 'Australian Capital Territory', 'country': 'Australia', 'postcode': 9781, 'coordinates': {'latitude': '-88.6026', 'longitude': '0.1008'}, 'timezone': {'offset': '-12:00', 'description': 'Eniwetok, Kwajalein'}}, 'email': 'lynn.johnston@example.com', 'login': {'uuid': '97804c70-f1b9-4683-938d-2c6a68f67a7f', 'username': 'ticklishdog819', 'password': 'kayla', 'salt': 'eTMAInJo', 'md5': 'bf7e663ebdf4198aaf6c77bf14d325c4', 'sha1': 'e1faa7864f6bad117d2965c6e743a73c9a9ee6b1', 'sha256': '7cf5f750595cb4b21a6496ac78020772d3c52216671ddfde052a8580c6b8c90a'}, 'dob': {'date': '1969-03-03T00:43:44.118Z', 'age': 55}, 'registered': {'date': '2015-10-19T08:37:53.997Z', 'age': 8}, 'phone': '05-9446-4938', 'cell': '0411-324-677', 'id': {'name': 'TFN', 'value': '755362343'}, 'picture': {'large': 'https://randomuser.me/api/portraits/women/36.jpg', 'medium': 'https://randomuser.me/api/portraits/med/women/36.jpg', 'thumbnail': 'https://randomuser.me/api/portraits/thumb/women/36.jpg'}, 'nat': 'AU'}</msg>
<arg>${json_data['results'][0]}</arg>
<doc>Logs the given message with the given level.</doc>
<status status="PASS" start="2024-04-02T17:14:38.023293" elapsed="0.000411"/>
</kw>
<kw name="Log" owner="BuiltIn">
<msg time="2024-04-02T17:14:38.024170" level="INFO">name</msg>
<arg>${key}</arg>
<doc>Logs the given message with the given level.</doc>
<status status="PASS" start="2024-04-02T17:14:38.024037" elapsed="0.000172"/>
</kw>
<var name="${key}">name</var>
<status status="PASS" start="2024-04-02T17:14:38.022417" elapsed="0.002015"/>
</iter>
<iter>
<kw name="Dictionary Should Contain Key" owner="Collections">
<msg time="2024-04-02T17:14:38.025109" level="INFO">False</msg>
<arg>${json_data['results'][0]}</arg>
<arg>${key}</arg>
<doc>Fails if ``key`` is not found from ``dictionary``.</doc>
<status status="PASS" start="2024-04-02T17:14:38.024728" elapsed="0.000420"/>
</kw>
<kw name="Log" owner="BuiltIn">
<msg time="2024-04-02T17:14:38.025825" level="INFO">{'gender': 'female', 'name': {'title': 'Mrs', 'first': 'Lynn', 'last': 'Johnston'}, 'location': {'street': {'number': 2842, 'name': 'Spring Hill Rd'}, 'city': 'Hobart', 'state': 'Australian Capital Territory', 'country': 'Australia', 'postcode': 9781, 'coordinates': {'latitude': '-88.6026', 'longitude': '0.1008'}, 'timezone': {'offset': '-12:00', 'description': 'Eniwetok, Kwajalein'}}, 'email': 'lynn.johnston@example.com', 'login': {'uuid': '97804c70-f1b9-4683-938d-2c6a68f67a7f', 'username': 'ticklishdog819', 'password': 'kayla', 'salt': 'eTMAInJo', 'md5': 'bf7e663ebdf4198aaf6c77bf14d325c4', 'sha1': 'e1faa7864f6bad117d2965c6e743a73c9a9ee6b1', 'sha256': '7cf5f750595cb4b21a6496ac78020772d3c52216671ddfde052a8580c6b8c90a'}, 'dob': {'date': '1969-03-03T00:43:44.118Z', 'age': 55}, 'registered': {'date': '2015-10-19T08:37:53.997Z', 'age': 8}, 'phone': '05-9446-4938', 'cell': '0411-324-677', 'id': {'name': 'TFN', 'value': '755362343'}, 'picture': {'large': 'https://randomuser.me/api/portraits/women/36.jpg', 'medium': 'https://randomuser.me/api/portraits/med/women/36.jpg', 'thumbnail': 'https://randomuser.me/api/portraits/thumb/women/36.jpg'}, 'nat': 'AU'}</msg>
<arg>${json_data['results'][0]}</arg>
<doc>Logs the given message with the given level.</doc>
<status status="PASS" start="2024-04-02T17:14:38.025453" elapsed="0.000426"/>
</kw>
<kw name="Log" owner="BuiltIn">
<msg time="2024-04-02T17:14:38.026308" level="INFO">location</msg>
<arg>${key}</arg>
<doc>Logs the given message with the given level.</doc>
<status status="PASS" start="2024-04-02T17:14:38.026179" elapsed="0.000169"/>
</kw>
<var name="${key}">location</var>
<status status="PASS" start="2024-04-02T17:14:38.024615" elapsed="0.001951"/>
</iter>
<iter>
<kw name="Dictionary Should Contain Key" owner="Collections">
<msg time="2024-04-02T17:14:38.027229" level="INFO">False</msg>
<arg>${json_data['results'][0]}</arg>
<arg>${key}</arg>
<doc>Fails if ``key`` is not found from ``dictionary``.</doc>
<status status="PASS" start="2024-04-02T17:14:38.026852" elapsed="0.000416"/>
</kw>
<kw name="Log" owner="BuiltIn">
<msg time="2024-04-02T17:14:38.028032" level="INFO">{'gender': 'female', 'name': {'title': 'Mrs', 'first': 'Lynn', 'last': 'Johnston'}, 'location': {'street': {'number': 2842, 'name': 'Spring Hill Rd'}, 'city': 'Hobart', 'state': 'Australian Capital Territory', 'country': 'Australia', 'postcode': 9781, 'coordinates': {'latitude': '-88.6026', 'longitude': '0.1008'}, 'timezone': {'offset': '-12:00', 'description': 'Eniwetok, Kwajalein'}}, 'email': 'lynn.johnston@example.com', 'login': {'uuid': '97804c70-f1b9-4683-938d-2c6a68f67a7f', 'username': 'ticklishdog819', 'password': 'kayla', 'salt': 'eTMAInJo', 'md5': 'bf7e663ebdf4198aaf6c77bf14d325c4', 'sha1': 'e1faa7864f6bad117d2965c6e743a73c9a9ee6b1', 'sha256': '7cf5f750595cb4b21a6496ac78020772d3c52216671ddfde052a8580c6b8c90a'}, 'dob': {'date': '1969-03-03T00:43:44.118Z', 'age': 55}, 'registered': {'date': '2015-10-19T08:37:53.997Z', 'age': 8}, 'phone': '05-9446-4938', 'cell': '0411-324-677', 'id': {'name': 'TFN', 'value': '755362343'}, 'picture': {'large': 'https://randomuser.me/api/portraits/women/36.jpg', 'medium': 'https://randomuser.me/api/portraits/med/women/36.jpg', 'thumbnail': 'https://randomuser.me/api/portraits/thumb/women/36.jpg'}, 'nat': 'AU'}</msg>
<arg>${json_data['results'][0]}</arg>
<doc>Logs the given message with the given level.</doc>
<status status="PASS" start="2024-04-02T17:14:38.027591" elapsed="0.000492"/>
</kw>
<kw name="Log" owner="BuiltIn">
<msg time="2024-04-02T17:14:38.028519" level="INFO">email</msg>
<arg>${key}</arg>
<doc>Logs the given message with the given level.</doc>
<status status="PASS" start="2024-04-02T17:14:38.028386" elapsed="0.000172"/>
</kw>
<var name="${key}">email</var>
<status status="PASS" start="2024-04-02T17:14:38.026742" elapsed="0.002036"/>
</iter>
<iter>
<kw name="Dictionary Should Contain Key" owner="Collections">
<msg time="2024-04-02T17:14:38.029457" level="INFO">False</msg>
<arg>${json_data['results'][0]}</arg>
<arg>${key}</arg>
<doc>Fails if ``key`` is not found from ``dictionary``.</doc>
<status status="PASS" start="2024-04-02T17:14:38.029073" elapsed="0.000423"/>
</kw>
<kw name="Log" owner="BuiltIn">
<msg time="2024-04-02T17:14:38.030159" level="INFO">{'gender': 'female', 'name': {'title': 'Mrs', 'first': 'Lynn', 'last': 'Johnston'}, 'location': {'street': {'number': 2842, 'name': 'Spring Hill Rd'}, 'city': 'Hobart', 'state': 'Australian Capital Territory', 'country': 'Australia', 'postcode': 9781, 'coordinates': {'latitude': '-88.6026', 'longitude': '0.1008'}, 'timezone': {'offset': '-12:00', 'description': 'Eniwetok, Kwajalein'}}, 'email': 'lynn.johnston@example.com', 'login': {'uuid': '97804c70-f1b9-4683-938d-2c6a68f67a7f', 'username': 'ticklishdog819', 'password': 'kayla', 'salt': 'eTMAInJo', 'md5': 'bf7e663ebdf4198aaf6c77bf14d325c4', 'sha1': 'e1faa7864f6bad117d2965c6e743a73c9a9ee6b1', 'sha256': '7cf5f750595cb4b21a6496ac78020772d3c52216671ddfde052a8580c6b8c90a'}, 'dob': {'date': '1969-03-03T00:43:44.118Z', 'age': 55}, 'registered': {'date': '2015-10-19T08:37:53.997Z', 'age': 8}, 'phone': '05-9446-4938', 'cell': '0411-324-677', 'id': {'name': 'TFN', 'value': '755362343'}, 'picture': {'large': 'https://randomuser.me/api/portraits/women/36.jpg', 'medium': 'https://randomuser.me/api/portraits/med/women/36.jpg', 'thumbnail': 'https://randomuser.me/api/portraits/thumb/women/36.jpg'}, 'nat': 'AU'}</msg>
<arg>${json_data['results'][0]}</arg>
<doc>Logs the given message with the given level.</doc>
<status status="PASS" start="2024-04-02T17:14:38.029795" elapsed="0.000412"/>
</kw>
<kw name="Log" owner="BuiltIn">
<msg time="2024-04-02T17:14:38.030633" level="INFO">login</msg>
<arg>${key}</arg>
<doc>Logs the given message with the given level.</doc>
<status status="PASS" start="2024-04-02T17:14:38.030504" elapsed="0.000280"/>
</kw>
<var name="${key}">login</var>
<status status="PASS" start="2024-04-02T17:14:38.028955" elapsed="0.002088"/>
</iter>
<var>${key}</var>
<value>@{expected_keys}</value>
<status status="PASS" start="2024-04-02T17:14:38.019990" elapsed="0.011184"/>
</for>
<kw name="Create List" owner="BuiltIn">
<msg time="2024-04-02T17:14:38.031515" level="INFO">${expected_keysTwo} = ['username', 'password']</msg>
<var>${expected_keysTwo}</var>
<arg>username</arg>
<arg>password</arg>
<doc>Returns a list containing given items.</doc>
<status status="PASS" start="2024-04-02T17:14:38.031374" elapsed="0.000165"/>
</kw>
<for flavor="IN">
<iter>
<kw name="Dictionary Should Contain Key" owner="Collections">
<msg time="2024-04-02T17:14:38.032482" level="INFO">False</msg>
<arg>${json_data['results'][0]['login']}</arg>
<arg>${keyTwo}</arg>
<doc>Fails if ``key`` is not found from ``dictionary``.</doc>
<status status="PASS" start="2024-04-02T17:14:38.032093" elapsed="0.000427"/>
</kw>
<kw name="Dictionary Should Contain Key" owner="Collections">
<msg time="2024-04-02T17:14:38.033204" level="INFO">False</msg>
<arg>${json_data['results'][0]['login']}</arg>
<arg>${keyTwo}</arg>
<doc>Fails if ``key`` is not found from ``dictionary``.</doc>
<status status="PASS" start="2024-04-02T17:14:38.032823" elapsed="0.000420"/>
</kw>
<kw name="Log" owner="BuiltIn">
<msg time="2024-04-02T17:14:38.033675" level="INFO">username</msg>
<arg>${keyTwo}</arg>
<doc>Logs the given message with the given level.</doc>
<status status="PASS" start="2024-04-02T17:14:38.033543" elapsed="0.000170"/>
</kw>
<var name="${keyTwo}">username</var>
<status status="PASS" start="2024-04-02T17:14:38.031978" elapsed="0.001955"/>
</iter>
<iter>
<kw name="Dictionary Should Contain Key" owner="Collections">
<msg time="2024-04-02T17:14:38.034596" level="INFO">False</msg>
<arg>${json_data['results'][0]['login']}</arg>
<arg>${keyTwo}</arg>
<doc>Fails if ``key`` is not found from ``dictionary``.</doc>
<status status="PASS" start="2024-04-02T17:14:38.034220" elapsed="0.000415"/>
</kw>
<kw name="Dictionary Should Contain Key" owner="Collections">
<msg time="2024-04-02T17:14:38.035313" level="INFO">False</msg>
<arg>${json_data['results'][0]['login']}</arg>
<arg>${keyTwo}</arg>
<doc>Fails if ``key`` is not found from ``dictionary``.</doc>
<status status="PASS" start="2024-04-02T17:14:38.034929" elapsed="0.000421"/>
</kw>
<kw name="Log" owner="BuiltIn">
<msg time="2024-04-02T17:14:38.035773" level="INFO">password</msg>
<arg>${keyTwo}</arg>
<doc>Logs the given message with the given level.</doc>
<status status="PASS" start="2024-04-02T17:14:38.035645" elapsed="0.000166"/>
</kw>
<var name="${keyTwo}">password</var>
<status status="PASS" start="2024-04-02T17:14:38.034109" elapsed="0.001957"/>
</iter>
<var>${keyTwo}</var>
<value>@{expected_keysTwo}</value>
<status status="PASS" start="2024-04-02T17:14:38.031781" elapsed="0.004411"/>
</for>
<status status="PASS" start="2024-04-02T17:14:37.925974" elapsed="0.110363"/>
</kw>
<doc>Testa a estrutura da resposta da API.</doc>
<tag>testeEstruturaResposta</tag>
<status status="PASS" start="2024-04-02T17:14:37.925345" elapsed="0.111159"/>
</test>
<test id="s1-s1-t4" name="Validar tipos de dados" line="28">
<kw name="Teste de Tipos de Dados" owner="random-user-service">
<kw name="GET On Session" owner="RequestsLibrary">
<msg time="2024-04-02T17:14:38.113775" level="INFO">GET Request : url=https://randomuser.me/api 
 path_url=/api 
 headers={'User-Agent': 'python-requests/2.31.0', 'Accept-Encoding': 'gzip, deflate', 'Accept': '*/*', 'Connection': 'keep-alive'} 
 body=None 
 </msg>
<msg time="2024-04-02T17:14:38.113869" level="INFO">GET Response : url=https://randomuser.me/api 
 status=200, reason=OK 
 headers={'Date': 'Tue, 02 Apr 2024 17:14:38 GMT', 'Content-Type': 'application/json; charset=utf-8', 'Transfer-Encoding': 'chunked', 'Connection': 'keep-alive', 'X-Powered-By': 'Express', 'Access-Control-Allow-Origin': '*', 'Cache-Control': 'no-cache', 'ETag': 'W/"49d-/S5vQ/ABANhDP7+6nbNwynmo2CY"', 'Vary': 'Accept-Encoding', 'Content-Encoding': 'gzip', 'CF-Cache-Status': 'DYNAMIC', 'Report-To': '{"endpoints":[{"url":"https:\\/\\/a.nel.cloudflare.com\\/report\\/v4?s=CHyDyu6Haxek%2FinoYPWZZ6rKZmohHlUxTzOgm3MINlGz%2FAdUttaODMeD7zPiBHjT12XqdTJ622Y1mOepeP82q0RkEmcwZvNdol%2BqUDvWG3CpdU%2BqLd7LVLzl9TrItyTH"}],"group":"cf-nel","max_age":604800}', 'NEL': '{"success_fraction":0,"report_to":"cf-nel","max_age":604800}', 'Server': 'cloudflare', 'CF-RAY': '86e274d3cb8757ae-IAD', 'alt-svc': 'h3=":443"; ma=86400'} 
 body={"results":[{"gender":"male","name":{"title":"Mr","first":"Erwan","last":"Olivier"},"location":{"street":{"number":5861,"name":"Boulevard de Balmont"},"city":"Bordeaux","state":"Loire","country":"France","postcode":18684,"coordinates":{"latitude":"-21.2003","longitude":"-173.5791"},"timezone":{"offset":"+9:00","description":"Tokyo, Seoul, Osaka, Sapporo, Yakutsk"}},"email":"erwan.olivier@example.com","login":{"uuid":"4ce92281-2baf-4757-9240-5f64696d81c4","username":"brownbear396","password":"blacky","salt":"jSN0BvBZ","md5":"a64c11d8ecd9ac48515c7c0f9fef7e9e","sha1":"d0172a4e90576fe8ecab59b43d4e3376c117ba81","sha256":"8130095854773831181e8c520ef99c49b404ac81d9c1c024431e646fb404d01f"},"dob":{"date":"1999-01-27T08:05:30.206Z","age":25},"registered":{"date":"2009-11-07T01:28:17.983Z","age":14},"phone":"02-63-85-17-25","cell":"06-78-02-46-94","id":{"name":"INSEE","value":"1990017971028 14"},"picture":{"large":"https://randomuser.me/api/portraits/men/26.jpg","medium":"https://randomuser.me/api/portraits/med/men/26.jpg","thumbnail":"https://randomuser.me/api/portraits/thumb/men/26.jpg"},"nat":"FR"}],"info":{"seed":"a01521e171d39fe1","results":1,"page":1,"version":"1.4"}} 
 </msg>
<msg time="2024-04-02T17:14:38.113946" level="INFO">/opt/hostedtoolcache/Python/3.12.2/x64/lib/python3.12/site-packages/urllib3/connectionpool.py:1103: InsecureRequestWarning: Unverified HTTPS request is being made to host 'randomuser.me'. Adding certificate verification is strongly advised. See: https://urllib3.readthedocs.io/en/latest/advanced-usage.html#tls-warnings
  warnings.warn(</msg>
<msg time="2024-04-02T17:14:38.114093" level="INFO">${response} = &lt;Response [200]&gt;</msg>
<var>${response}</var>
<arg>consultarAPI</arg>
<arg>/api</arg>
<doc>Sends a GET request on a previously created HTTP Session.</doc>
<status status="PASS" start="2024-04-02T17:14:38.038940" elapsed="0.075202"/>
</kw>
<kw name="Set Variable" owner="BuiltIn">
<msg time="2024-04-02T17:14:38.115078" level="INFO">${json_data} = {'results': [{'gender': 'male', 'name': {'title': 'Mr', 'first': 'Erwan', 'last': 'Olivier'}, 'location': {'street': {'number': 5861, 'name': 'Boulevard de Balmont'}, 'city': 'Bordeaux', 'state': 'Loi...</msg>
<var>${json_data}</var>
<arg>${response.json()}</arg>
<doc>Returns the given values which can then be assigned to a variables.</doc>
<status status="PASS" start="2024-04-02T17:14:38.114595" elapsed="0.000512"/>
</kw>
<kw name="Log" owner="BuiltIn">
<msg time="2024-04-02T17:14:38.115577" level="INFO">{'results': [{'gender': 'male', 'name': {'title': 'Mr', 'first': 'Erwan', 'last': 'Olivier'}, 'location': {'street': {'number': 5861, 'name': 'Boulevard de Balmont'}, 'city': 'Bordeaux', 'state': 'Loire', 'country': 'France', 'postcode': 18684, 'coordinates': {'latitude': '-21.2003', 'longitude': '-173.5791'}, 'timezone': {'offset': '+9:00', 'description': 'Tokyo, Seoul, Osaka, Sapporo, Yakutsk'}}, 'email': 'erwan.olivier@example.com', 'login': {'uuid': '4ce92281-2baf-4757-9240-5f64696d81c4', 'username': 'brownbear396', 'password': 'blacky', 'salt': 'jSN0BvBZ', 'md5': 'a64c11d8ecd9ac48515c7c0f9fef7e9e', 'sha1': 'd0172a4e90576fe8ecab59b43d4e3376c117ba81', 'sha256': '8130095854773831181e8c520ef99c49b404ac81d9c1c024431e646fb404d01f'}, 'dob': {'date': '1999-01-27T08:05:30.206Z', 'age': 25}, 'registered': {'date': '2009-11-07T01:28:17.983Z', 'age': 14}, 'phone': '02-63-85-17-25', 'cell': '06-78-02-46-94', 'id': {'name': 'INSEE', 'value': '1990017971028 14'}, 'picture': {'large': 'https://randomuser.me/api/portraits/men/26.jpg', 'medium': 'https://randomuser.me/api/portraits/med/men/26.jpg', 'thumbnail': 'https://randomuser.me/api/portraits/thumb/men/26.jpg'}, 'nat': 'FR'}], 'info': {'seed': 'a01521e171d39fe1', 'results': 1, 'page': 1, 'version': '1.4'}}</msg>
<arg>${json_data}</arg>
<doc>Logs the given message with the given level.</doc>
<status status="PASS" start="2024-04-02T17:14:38.115420" elapsed="0.000244"/>
</kw>
<kw name="Should Be String" owner="String">
<arg>${json_data['results'][0]['gender']}</arg>
<doc>Fails if the given ``item`` is not a string.</doc>
<status status="PASS" start="2024-04-02T17:14:38.116013" elapsed="0.000376"/>
</kw>
<kw name="Should Match Regexp" owner="BuiltIn">
<arg>${json_data['results'][0]['email']}</arg>
<arg>^[a-zA-Z0-9._%+-]+@[a-zA-Z0-9.-]+\.[a-zA-Z]{2,}$</arg>
<doc>Fails if ``string`` does not match ``pattern`` as a regular expression.</doc>
<status status="PASS" start="2024-04-02T17:14:38.116588" elapsed="0.000522"/>
</kw>
<kw name="Should Match Regexp" owner="BuiltIn">
<arg>${json_data['results'][0]['dob']['date']}</arg>
<arg>\\d{4}-\\d{2}-\\d{2}T\\d{2}:\\d{2}:\\d{2}\\.\\d{3}Z</arg>
<doc>Fails if ``string`` does not match ``pattern`` as a regular expression.</doc>
<status status="PASS" start="2024-04-02T17:14:38.117310" elapsed="0.000498"/>
</kw>
<kw name="Should Match Regexp" owner="BuiltIn">
<arg>${json_data['results'][0]['registered']['date']}</arg>
<arg>\\d{4}-\\d{2}-\\d{2}T\\d{2}:\\d{2}:\\d{2}\\.\\d{3}Z</arg>
<doc>Fails if ``string`` does not match ``pattern`` as a regular expression.</doc>
<status status="PASS" start="2024-04-02T17:14:38.118006" elapsed="0.000376"/>
</kw>
<kw name="Should Match Regexp" owner="BuiltIn">
<arg>${json_data['results'][0]['picture']['large']}</arg>
<arg>^https?://.*\.(?:png|jpe?g|gif|bmp)$</arg>
<doc>Fails if ``string`` does not match ``pattern`` as a regular expression.</doc>
<status status="PASS" start="2024-04-02T17:14:38.118573" elapsed="0.000459"/>
</kw>
<kw name="Should Match Regexp" owner="BuiltIn">
<arg>${json_data['results'][0]['picture']['medium']}</arg>
<arg>^https?://.*\.(?:png|jpe?g|gif|bmp)$</arg>
<doc>Fails if ``string`` does not match ``pattern`` as a regular expression.</doc>
<status status="PASS" start="2024-04-02T17:14:38.119223" elapsed="0.000357"/>
</kw>
<kw name="Should Match Regexp" owner="BuiltIn">
<arg>${json_data['results'][0]['picture']['thumbnail']}</arg>
<arg>^https?://.*\.(?:png|jpe?g|gif|bmp)$</arg>
<doc>Fails if ``string`` does not match ``pattern`` as a regular expression.</doc>
<status status="PASS" start="2024-04-02T17:14:38.119766" elapsed="0.000393"/>
</kw>
<kw name="Log" owner="BuiltIn">
<msg time="2024-04-02T17:14:38.120675" level="INFO">{'large': 'https://randomuser.me/api/portraits/men/26.jpg', 'medium': 'https://randomuser.me/api/portraits/med/men/26.jpg', 'thumbnail': 'https://randomuser.me/api/portraits/thumb/men/26.jpg'}</msg>
<arg>${json_data['results'][0]['picture']}</arg>
<doc>Logs the given message with the given level.</doc>
<status status="PASS" start="2024-04-02T17:14:38.120345" elapsed="0.000377"/>
</kw>
<status status="PASS" start="2024-04-02T17:14:38.038710" elapsed="0.082272"/>
</kw>
<kw name="Teste de Tipos de Dados - Postcode" owner="random-user-service">
<kw name="GET On Session" owner="RequestsLibrary">
<msg time="2024-04-02T17:14:38.272488" level="INFO">GET Request : url=https://randomuser.me/api 
 path_url=/api 
 headers={'User-Agent': 'python-requests/2.31.0', 'Accept-Encoding': 'gzip, deflate', 'Accept': '*/*', 'Connection': 'keep-alive'} 
 body=None 
 </msg>
<msg time="2024-04-02T17:14:38.272587" level="INFO">GET Response : url=https://randomuser.me/api 
 status=200, reason=OK 
 headers={'Date': 'Tue, 02 Apr 2024 17:14:38 GMT', 'Content-Type': 'application/json; charset=utf-8', 'Transfer-Encoding': 'chunked', 'Connection': 'keep-alive', 'X-Powered-By': 'Express', 'Access-Control-Allow-Origin': '*', 'Cache-Control': 'no-cache', 'ETag': 'W/"478-6lLtEsSGMIS9SeRTV06VPOs9SZc"', 'Vary': 'Accept-Encoding', 'Content-Encoding': 'gzip', 'CF-Cache-Status': 'DYNAMIC', 'Report-To': '{"endpoints":[{"url":"https:\\/\\/a.nel.cloudflare.com\\/report\\/v4?s=TFA4Y98g0bAvnHnGgbJm1LwXsRJwxKGKhrtG4Uyusgv6oNp%2ByE%2F8oCOSfqFy8d0JAD1UbojgL46eN3JwI2hVRJ00bvNLkEyiIIK6OxAjOznYsPP6TWI4F4p6dJ0XE4Ql"}],"group":"cf-nel","max_age":604800}', 'NEL': '{"success_fraction":0,"report_to":"cf-nel","max_age":604800}', 'Server': 'cloudflare', 'CF-RAY': '86e274d44bfb57ae-IAD', 'alt-svc': 'h3=":443"; ma=86400'} 
 body={"results":[{"gender":"male","name":{"title":"Mr","first":"Terrance","last":"Bailey"},"location":{"street":{"number":4369,"name":"Country Club Rd"},"city":"Bunbury","state":"Victoria","country":"Australia","postcode":3554,"coordinates":{"latitude":"-86.0037","longitude":"-109.8340"},"timezone":{"offset":"-9:00","description":"Alaska"}},"email":"terrance.bailey@example.com","login":{"uuid":"e01623d7-5411-4edf-b466-38dc8304b9d1","username":"happygorilla291","password":"cornwall","salt":"wtef628o","md5":"8c1aeb1fb08278de145f86042cd9a56d","sha1":"07e4a8b32e7e1f5fd6cf72a266a8ef40da0b9bf6","sha256":"e678e9f0b4f78378be825dbf93a65011da0389dc1fe81fe2a111bf12589d3dd6"},"dob":{"date":"1975-03-10T15:43:20.883Z","age":49},"registered":{"date":"2019-05-11T16:07:24.853Z","age":4},"phone":"05-1027-5807","cell":"0479-451-447","id":{"name":"TFN","value":"025457304"},"picture":{"large":"https://randomuser.me/api/portraits/men/79.jpg","medium":"https://randomuser.me/api/portraits/med/men/79.jpg","thumbnail":"https://randomuser.me/api/portraits/thumb/men/79.jpg"},"nat":"AU"}],"info":{"seed":"0754be0546cc0121","results":1,"page":1,"version":"1.4"}} 
 </msg>
<msg time="2024-04-02T17:14:38.272674" level="INFO">/opt/hostedtoolcache/Python/3.12.2/x64/lib/python3.12/site-packages/urllib3/connectionpool.py:1103: InsecureRequestWarning: Unverified HTTPS request is being made to host 'randomuser.me'. Adding certificate verification is strongly advised. See: https://urllib3.readthedocs.io/en/latest/advanced-usage.html#tls-warnings
  warnings.warn(</msg>
<msg time="2024-04-02T17:14:38.272820" level="INFO">${response} = &lt;Response [200]&gt;</msg>
<var>${response}</var>
<arg>consultarAPI</arg>
<arg>/api</arg>
<doc>Sends a GET request on a previously created HTTP Session.</doc>
<status status="PASS" start="2024-04-02T17:14:38.121605" elapsed="0.151256"/>
</kw>
<kw name="Set Variable" owner="BuiltIn">
<msg time="2024-04-02T17:14:38.273916" level="INFO">${json_data} = {'results': [{'gender': 'male', 'name': {'title': 'Mr', 'first': 'Terrance', 'last': 'Bailey'}, 'location': {'street': {'number': 4369, 'name': 'Country Club Rd'}, 'city': 'Bunbury', 'state': 'Victori...</msg>
<var>${json_data}</var>
<arg>${response.json()}</arg>
<doc>Returns the given values which can then be assigned to a variables.</doc>
<status status="PASS" start="2024-04-02T17:14:38.273399" elapsed="0.000544"/>
</kw>
<kw name="Log" owner="BuiltIn">
<msg time="2024-04-02T17:14:38.274407" level="INFO">{'results': [{'gender': 'male', 'name': {'title': 'Mr', 'first': 'Terrance', 'last': 'Bailey'}, 'location': {'street': {'number': 4369, 'name': 'Country Club Rd'}, 'city': 'Bunbury', 'state': 'Victoria', 'country': 'Australia', 'postcode': 3554, 'coordinates': {'latitude': '-86.0037', 'longitude': '-109.8340'}, 'timezone': {'offset': '-9:00', 'description': 'Alaska'}}, 'email': 'terrance.bailey@example.com', 'login': {'uuid': 'e01623d7-5411-4edf-b466-38dc8304b9d1', 'username': 'happygorilla291', 'password': 'cornwall', 'salt': 'wtef628o', 'md5': '8c1aeb1fb08278de145f86042cd9a56d', 'sha1': '07e4a8b32e7e1f5fd6cf72a266a8ef40da0b9bf6', 'sha256': 'e678e9f0b4f78378be825dbf93a65011da0389dc1fe81fe2a111bf12589d3dd6'}, 'dob': {'date': '1975-03-10T15:43:20.883Z', 'age': 49}, 'registered': {'date': '2019-05-11T16:07:24.853Z', 'age': 4}, 'phone': '05-1027-5807', 'cell': '0479-451-447', 'id': {'name': 'TFN', 'value': '025457304'}, 'picture': {'large': 'https://randomuser.me/api/portraits/men/79.jpg', 'medium': 'https://randomuser.me/api/portraits/med/men/79.jpg', 'thumbnail': 'https://randomuser.me/api/portraits/thumb/men/79.jpg'}, 'nat': 'AU'}], 'info': {'seed': '0754be0546cc0121', 'results': 1, 'page': 1, 'version': '1.4'}}</msg>
<arg>${json_data}</arg>
<doc>Logs the given message with the given level.</doc>
<status status="PASS" start="2024-04-02T17:14:38.274251" elapsed="0.000236"/>
</kw>
<kw name="Should Be Equal As Numbers" owner="BuiltIn">
<arg>${json_data['results'][0]['location']['postcode']}</arg>
<arg>${json_data['results'][0]['location']['postcode']}</arg>
<doc>Fails if objects are unequal after converting them to real numbers.</doc>
<status status="PASS" start="2024-04-02T17:14:38.274786" elapsed="0.000622"/>
</kw>
<kw name="Log" owner="BuiltIn">
<msg time="2024-04-02T17:14:38.275981" level="INFO">3554</msg>
<arg>${json_data['results'][0]['location']['postcode']}</arg>
<doc>Logs the given message with the given level.</doc>
<status status="PASS" start="2024-04-02T17:14:38.275601" elapsed="0.000423"/>
</kw>
<status status="PASS" start="2024-04-02T17:14:38.121220" elapsed="0.155068"/>
</kw>
<doc>Testa se os tipos de dados na resposta da API estão corretos.</doc>
<tag>testeTiposDados</tag>
<status status="PASS" start="2024-04-02T17:14:38.038259" elapsed="0.238202"/>
</test>
<test id="s1-s1-t5" name="Validar conteudo" line="35">
<kw name="Teste de Tipos de Conteudo" owner="random-user-service">
<kw name="GET On Session" owner="RequestsLibrary">
<msg time="2024-04-02T17:14:38.482620" level="INFO">GET Request : url=https://randomuser.me/api 
 path_url=/api 
 headers={'User-Agent': 'python-requests/2.31.0', 'Accept-Encoding': 'gzip, deflate', 'Accept': '*/*', 'Connection': 'keep-alive'} 
 body=None 
 </msg>
<msg time="2024-04-02T17:14:38.482730" level="INFO">GET Response : url=https://randomuser.me/api 
 status=200, reason=OK 
 headers={'Date': 'Tue, 02 Apr 2024 17:14:38 GMT', 'Content-Type': 'application/json; charset=utf-8', 'Transfer-Encoding': 'chunked', 'Connection': 'keep-alive', 'X-Powered-By': 'Express', 'Access-Control-Allow-Origin': '*', 'Cache-Control': 'no-cache', 'ETag': 'W/"48d-oC6X6TvlnRI8HTQWptPCt1930Tw"', 'Vary': 'Accept-Encoding', 'Content-Encoding': 'gzip', 'CF-Cache-Status': 'DYNAMIC', 'Report-To': '{"endpoints":[{"url":"https:\\/\\/a.nel.cloudflare.com\\/report\\/v4?s=Zuuj8YWGr1sU%2BOGFSReJEMfe8q6xb1HyuQ%2F2FyJieS6PmVHqmI9QuX5ZDzCUzBIn6lHN5KME4F0MBVtIXmp4GgTIu%2FI%2FdeSPnQxMktFVF%2BKFmo6Hqgt%2B%2F6v2uop4bhTu"}],"group":"cf-nel","max_age":604800}', 'NEL': '{"success_fraction":0,"report_to":"cf-nel","max_age":604800}', 'Server': 'cloudflare', 'CF-RAY': '86e274d54cbe57ae-IAD', 'alt-svc': 'h3=":443"; ma=86400'} 
 body={"results":[{"gender":"female","name":{"title":"Mrs","first":"Angela","last":"May"},"location":{"street":{"number":9173,"name":"Patrick Street"},"city":"Roscommon","state":"Wicklow","country":"Ireland","postcode":60812,"coordinates":{"latitude":"-1.3612","longitude":"148.8774"},"timezone":{"offset":"+3:00","description":"Baghdad, Riyadh, Moscow, St. Petersburg"}},"email":"angela.may@example.com","login":{"uuid":"19a8eacf-9d88-4e80-bad8-44c9b4e1e4fa","username":"lazyfish358","password":"slim","salt":"2GH3IbCN","md5":"8f65466b39105ffc728b59627c9ef814","sha1":"bf18afe585902fc7ba23e39ac64a1d7bb59bc287","sha256":"c47aa00129abc6aca0063b136207635af23add2b201708b5cc7fd3a65260d86b"},"dob":{"date":"1987-04-08T18:52:15.331Z","age":36},"registered":{"date":"2013-11-03T00:57:19.672Z","age":10},"phone":"021-809-2961","cell":"081-143-7584","id":{"name":"PPS","value":"1062433T"},"picture":{"large":"https://randomuser.me/api/portraits/women/67.jpg","medium":"https://randomuser.me/api/portraits/med/women/67.jpg","thumbnail":"https://randomuser.me/api/portraits/thumb/women/67.jpg"},"nat":"IE"}],"info":{"seed":"3cf2a30242822a64","results":1,"page":1,"version":"1.4"}} 
 </msg>
<msg time="2024-04-02T17:14:38.482808" level="INFO">/opt/hostedtoolcache/Python/3.12.2/x64/lib/python3.12/site-packages/urllib3/connectionpool.py:1103: InsecureRequestWarning: Unverified HTTPS request is being made to host 'randomuser.me'. Adding certificate verification is strongly advised. See: https://urllib3.readthedocs.io/en/latest/advanced-usage.html#tls-warnings
  warnings.warn(</msg>
<msg time="2024-04-02T17:14:38.482953" level="INFO">${response} = &lt;Response [200]&gt;</msg>
<var>${response}</var>
<arg>consultarAPI</arg>
<arg>/api</arg>
<doc>Sends a GET request on a previously created HTTP Session.</doc>
<status status="PASS" start="2024-04-02T17:14:38.278893" elapsed="0.204104"/>
</kw>
<kw name="Set Variable" owner="BuiltIn">
<msg time="2024-04-02T17:14:38.484056" level="INFO">${json_data} = {'results': [{'gender': 'female', 'name': {'title': 'Mrs', 'first': 'Angela', 'last': 'May'}, 'location': {'street': {'number': 9173, 'name': 'Patrick Street'}, 'city': 'Roscommon', 'state': 'Wicklow'...</msg>
<var>${json_data}</var>
<arg>${response.json()}</arg>
<doc>Returns the given values which can then be assigned to a variables.</doc>
<status status="PASS" start="2024-04-02T17:14:38.483515" elapsed="0.000570"/>
</kw>
<kw name="Set Variable" owner="BuiltIn">
<msg time="2024-04-02T17:14:38.484777" level="INFO">${name_title} = Mrs</msg>
<var>${name_title}</var>
<arg>${json_data["results"][0]["name"]["title"]}</arg>
<doc>Returns the given values which can then be assigned to a variables.</doc>
<status status="PASS" start="2024-04-02T17:14:38.484393" elapsed="0.000409"/>
</kw>
<kw name="Create List" owner="BuiltIn">
<msg time="2024-04-02T17:14:38.485255" level="INFO">${allowed_titles} = ['Mr', 'Ms', 'Miss', 'Mrs', 'Madame', 'Monsieur']</msg>
<var>${allowed_titles}</var>
<arg>Mr</arg>
<arg>Ms</arg>
<arg>Miss</arg>
<arg>Mrs</arg>
<arg>Madame</arg>
<arg>Monsieur</arg>
<doc>Returns a list containing given items.</doc>
<status status="PASS" start="2024-04-02T17:14:38.485105" elapsed="0.000175"/>
</kw>
<kw name="List Should Contain Value" owner="Collections">
<msg time="2024-04-02T17:14:38.485764" level="INFO">False</msg>
<arg>${allowed_titles}</arg>
<arg>${name_title}</arg>
<doc>Fails if the ``value`` is not found from ``list``.</doc>
<status status="PASS" start="2024-04-02T17:14:38.485584" elapsed="0.000219"/>
</kw>
<kw name="Set Variable" owner="BuiltIn">
<msg time="2024-04-02T17:14:38.486466" level="INFO">${name_country} = IE</msg>
<var>${name_country}</var>
<arg>${json_data["results"][0]["nat"]}</arg>
<doc>Returns the given values which can then be assigned to a variables.</doc>
<status status="PASS" start="2024-04-02T17:14:38.486091" elapsed="0.000400"/>
</kw>
<kw name="Create List" owner="BuiltIn">
<msg time="2024-04-02T17:14:38.487393" level="INFO">${list_country} = ['AD', 'AE', 'AF', 'AG', 'AI', 'AL', 'AM', 'AO', 'AQ', 'AR', 'AS', 'AT', 'AU', 'AW', 'AX', 'AZ', 'BA', 'BB', 'BD', 'BE', 'BF', 'BG', 'BH', 'BI', 'BJ', 'BL', 'BM', 'BN', 'BO', 'BQ', 'BR', 'BS', 'BT', '...</msg>
<var>${list_country}</var>
<arg>AD</arg>
<arg>AE</arg>
<arg>AF</arg>
<arg>AG</arg>
<arg>AI</arg>
<arg>AL</arg>
<arg>AM</arg>
<arg>AO</arg>
<arg>AQ</arg>
<arg>AR</arg>
<arg>AS</arg>
<arg>AT</arg>
<arg>AU</arg>
<arg>AW</arg>
<arg>AX</arg>
<arg>AZ</arg>
<arg>BA</arg>
<arg>BB</arg>
<arg>BD</arg>
<arg>BE</arg>
<arg>BF</arg>
<arg>BG</arg>
<arg>BH</arg>
<arg>BI</arg>
<arg>BJ</arg>
<arg>BL</arg>
<arg>BM</arg>
<arg>BN</arg>
<arg>BO</arg>
<arg>BQ</arg>
<arg>BR</arg>
<arg>BS</arg>
<arg>BT</arg>
<arg>BV</arg>
<arg>BW</arg>
<arg>BY</arg>
<arg>BZ</arg>
<arg>CA</arg>
<arg>CC</arg>
<arg>CD</arg>
<arg>CF</arg>
<arg>CG</arg>
<arg>CH</arg>
<arg>CI</arg>
<arg>CK</arg>
<arg>CL</arg>
<arg>CM</arg>
<arg>CN</arg>
<arg>CO</arg>
<arg>CR</arg>
<arg>CU</arg>
<arg>CV</arg>
<arg>CW</arg>
<arg>CX</arg>
<arg>CY</arg>
<arg>CZ</arg>
<arg>DE</arg>
<arg>DJ</arg>
<arg>DK</arg>
<arg>DM</arg>
<arg>DO</arg>
<arg>DZ</arg>
<arg>EC</arg>
<arg>EE</arg>
<arg>EG</arg>
<arg>EH</arg>
<arg>ER</arg>
<arg>ES</arg>
<arg>ET</arg>
<arg>FI</arg>
<arg>FJ</arg>
<arg>FK</arg>
<arg>FM</arg>
<arg>FO</arg>
<arg>FR</arg>
<arg>GA</arg>
<arg>GB</arg>
<arg>GD</arg>
<arg>GE</arg>
<arg>GF</arg>
<arg>GG</arg>
<arg>GH</arg>
<arg>GI</arg>
<arg>GL</arg>
<arg>GM</arg>
<arg>GN</arg>
<arg>GP</arg>
<arg>GQ</arg>
<arg>GR</arg>
<arg>GS</arg>
<arg>GT</arg>
<arg>GU</arg>
<arg>GW</arg>
<arg>GY</arg>
<arg>HK</arg>
<arg>HM</arg>
<arg>HN</arg>
<arg>HR</arg>
<arg>HT</arg>
<arg>HU</arg>
<arg>ID</arg>
<arg>IE</arg>
<arg>IL</arg>
<arg>IM</arg>
<arg>IN</arg>
<arg>IO</arg>
<arg>IQ</arg>
<arg>IR</arg>
<arg>IS</arg>
<arg>IT</arg>
<arg>JE</arg>
<arg>JM</arg>
<arg>JO</arg>
<arg>JP</arg>
<arg>KE</arg>
<arg>KG</arg>
<arg>KH</arg>
<arg>KI</arg>
<arg>KM</arg>
<arg>KN</arg>
<arg>KP</arg>
<arg>KR</arg>
<arg>KW</arg>
<arg>KY</arg>
<arg>KZ</arg>
<arg>LA</arg>
<arg>LB</arg>
<arg>LC</arg>
<arg>LI</arg>
<arg>LK</arg>
<arg>LR</arg>
<arg>LS</arg>
<arg>LT</arg>
<arg>LU</arg>
<arg>LV</arg>
<arg>LY</arg>
<arg>MA</arg>
<arg>MC</arg>
<arg>MD</arg>
<arg>ME</arg>
<arg>MF</arg>
<arg>MG</arg>
<arg>MH</arg>
<arg>MK</arg>
<arg>ML</arg>
<arg>MM</arg>
<arg>MN</arg>
<arg>MO</arg>
<arg>MP</arg>
<arg>MQ</arg>
<arg>MR</arg>
<arg>MS</arg>
<arg>MT</arg>
<arg>MU</arg>
<arg>MV</arg>
<arg>MW</arg>
<arg>MX</arg>
<arg>MY</arg>
<arg>MZ</arg>
<arg>NA</arg>
<arg>NC</arg>
<arg>NE</arg>
<arg>NF</arg>
<arg>NG</arg>
<arg>NI</arg>
<arg>NL</arg>
<arg>NO</arg>
<arg>NP</arg>
<arg>NR</arg>
<arg>NU</arg>
<arg>NZ</arg>
<arg>OM</arg>
<arg>PA</arg>
<arg>PE</arg>
<arg>PF</arg>
<arg>PG</arg>
<arg>PH</arg>
<arg>PK</arg>
<arg>PL</arg>
<arg>PM</arg>
<arg>PN</arg>
<arg>PR</arg>
<arg>PS</arg>
<arg>PT</arg>
<arg>PW</arg>
<arg>PY</arg>
<arg>QA</arg>
<arg>RE</arg>
<arg>RO</arg>
<arg>RS</arg>
<arg>RU</arg>
<arg>RW</arg>
<arg>SA</arg>
<arg>SB</arg>
<arg>SC</arg>
<arg>SD</arg>
<arg>SE</arg>
<arg>SG</arg>
<arg>SH</arg>
<arg>SI</arg>
<arg>SJ</arg>
<arg>SK</arg>
<arg>SL</arg>
<arg>SM</arg>
<arg>SN</arg>
<arg>SO</arg>
<arg>SR</arg>
<arg>SS</arg>
<arg>ST</arg>
<arg>SV</arg>
<arg>SX</arg>
<arg>SY</arg>
<arg>SZ</arg>
<arg>TC</arg>
<arg>TD</arg>
<arg>TF</arg>
<arg>TG</arg>
<arg>TH</arg>
<arg>TJ</arg>
<arg>TK</arg>
<arg>TL</arg>
<arg>TM</arg>
<arg>TN</arg>
<arg>TO</arg>
<arg>TR</arg>
<arg>TT</arg>
<arg>TV</arg>
<arg>TW</arg>
<arg>TZ</arg>
<arg>UA</arg>
<arg>UG</arg>
<arg>UM</arg>
<arg>US</arg>
<arg>UY</arg>
<arg>UZ</arg>
<arg>VA</arg>
<arg>VC</arg>
<arg>VE</arg>
<arg>VG</arg>
<arg>VI</arg>
<arg>VN</arg>
<arg>VU</arg>
<arg>WF</arg>
<arg>WS</arg>
<arg>XK</arg>
<arg>YE</arg>
<arg>YT</arg>
<arg>ZA</arg>
<arg>ZM</arg>
<arg>ZW</arg>
<doc>Returns a list containing given items.</doc>
<status status="PASS" start="2024-04-02T17:14:38.486794" elapsed="0.000625"/>
</kw>
<kw name="List Should Contain Value" owner="Collections">
<msg time="2024-04-02T17:14:38.488590" level="INFO">False</msg>
<arg>${list_country}</arg>
<arg>${name_country}</arg>
<doc>Fails if the ``value`` is not found from ``list``.</doc>
<status status="PASS" start="2024-04-02T17:14:38.488383" elapsed="0.000244"/>
</kw>
<kw name="Run Keyword If" owner="BuiltIn">
<kw name="Should Be True" owner="BuiltIn">
<arg>${True}</arg>
<doc>Fails if the given condition is not true.</doc>
<status status="PASS" start="2024-04-02T17:14:38.489704" elapsed="0.000146"/>
</kw>
<arg>${json_data["results"][0]["location"]["coordinates"]["latitude"]} &gt;= -90 and ${json_data["results"][0]["location"]["coordinates"]["latitude"]} &lt;= 90</arg>
<arg>Should Be True</arg>
<arg>${True}</arg>
<doc>Runs the given keyword with the given arguments, if ``condition`` is true.</doc>
<status status="PASS" start="2024-04-02T17:14:38.488944" elapsed="0.001034"/>
</kw>
<kw name="Run Keyword If" owner="BuiltIn">
<kw name="Should Be True" owner="BuiltIn">
<arg>${True}</arg>
<doc>Fails if the given condition is not true.</doc>
<status status="PASS" start="2024-04-02T17:14:38.490866" elapsed="0.000139"/>
</kw>
<arg>${json_data["results"][0]["location"]["coordinates"]["longitude"]} &gt;= -180 and ${json_data["results"][0]["location"]["coordinates"]["longitude"]} &lt;= 180</arg>
<arg>Should Be True</arg>
<arg>${True}</arg>
<doc>Runs the given keyword with the given arguments, if ``condition`` is true.</doc>
<status status="PASS" start="2024-04-02T17:14:38.490162" elapsed="0.000967"/>
</kw>
<status status="PASS" start="2024-04-02T17:14:38.278661" elapsed="0.212600"/>
</kw>
<doc>Testa o conteúdo específico dos campos retornados pela API.</doc>
<tag>testeConteudo</tag>
<status status="PASS" start="2024-04-02T17:14:38.278195" elapsed="0.213223"/>
</test>
<status status="PASS" start="2024-04-02T17:14:37.503814" elapsed="0.989524"/>
</suite>
<status status="PASS" start="2024-04-02T17:14:37.490271" elapsed="1.008350"/>
</suite>
<statistics>
<total>
<stat pass="5" fail="0" skip="0">All Tests</stat>
</total>
<tag>
<stat pass="1" fail="0" skip="0">testeConteudo</stat>
<stat pass="1" fail="0" skip="0">testeEstruturaResposta</stat>
<stat pass="1" fail="0" skip="0">testeRequisicaoBasica</stat>
<stat pass="1" fail="0" skip="0">testeTiposDados</stat>
</tag>
<suite>
<stat pass="5" fail="0" skip="0" id="s1" name="Tests">Tests</stat>
<stat pass="5" fail="0" skip="0" id="s1-s1" name="Random-User-Test">Tests.Random-User-Test</stat>
</suite>
</statistics>
<errors>
</errors>
</robot>
