<?xml version="1.0" encoding="UTF-8"?>
<robot generator="Robot 7.0 (Python 3.12.2 on linux)" generated="2024-03-25T12:24:18.395109" rpa="false" schemaversion="5">
<suite id="s1" name="Tests" source="/home/runner/work/DesafioQAItauRogerioJordao/DesafioQAItauRogerioJordao/RamdonUser/tests">
<suite id="s1-s1" name="Random-User-Test" source="/home/runner/work/DesafioQAItauRogerioJordao/DesafioQAItauRogerioJordao/RamdonUser/tests/random-user-test.robot">
<test id="s1-s1-t1" name="Conectar" line="13">
<kw name="Conectar API" owner="random-user-service">
<kw name="Create Session" owner="RequestsLibrary">
<msg time="2024-03-25T12:24:18.820156" level="INFO">Creating Session using : alias=consultarAPI, url=https://randomuser.me/, headers={},                     cookies={}, auth=None, timeout=None, proxies=None, verify=False,                     debug=0 </msg>
<arg>consultarAPI</arg>
<arg>${URL}</arg>
<doc>Create Session: create a HTTP session to a server</doc>
<status status="PASS" start="2024-03-25T12:24:18.819780" elapsed="0.000635"/>
</kw>
<status status="PASS" start="2024-03-25T12:24:18.818295" elapsed="0.002708"/>
</kw>
<status status="PASS" start="2024-03-25T12:24:18.817559" elapsed="0.003711"/>
</test>
<test id="s1-s1-t2" name="Validar retorno 200 e JSON Válido" line="16">
<kw name="Teste de Requisicao Basica" owner="random-user-service">
<kw name="GET On Session" owner="RequestsLibrary">
<msg time="2024-03-25T12:24:18.900883" level="INFO">GET Request : url=https://randomuser.me/api 
 path_url=/api 
 headers={'User-Agent': 'python-requests/2.31.0', 'Accept-Encoding': 'gzip, deflate', 'Accept': '*/*', 'Connection': 'keep-alive'} 
 body=None 
 </msg>
<msg time="2024-03-25T12:24:18.901058" level="INFO">GET Response : url=https://randomuser.me/api 
 status=200, reason=OK 
 headers={'Date': 'Mon, 25 Mar 2024 12:24:18 GMT', 'Content-Type': 'application/json; charset=utf-8', 'Transfer-Encoding': 'chunked', 'Connection': 'keep-alive', 'X-Powered-By': 'Express', 'Access-Control-Allow-Origin': '*', 'Cache-Control': 'no-cache', 'ETag': 'W/"499-OdJSRatWPFx0puSUe+PagE8gHhM"', 'Vary': 'Accept-Encoding', 'Content-Encoding': 'gzip', 'CF-Cache-Status': 'DYNAMIC', 'Report-To': '{"endpoints":[{"url":"https:\\/\\/a.nel.cloudflare.com\\/report\\/v4?s=%2BfdFBcIlAgk5IUGbza3c9u9cx1cCF3ppfX2ZXKjHNEZW7iIcXec51F7zodLqZq%2FJJkBVkydmRAqOd8lPRZ4oxiJdrdj0FAegwpCa3gHHrkfX0yiO7XAOBsyKtRmTDXaa"}],"group":"cf-nel","max_age":604800}', 'NEL': '{"success_fraction":0,"report_to":"cf-nel","max_age":604800}', 'Server': 'cloudflare', 'CF-RAY': '869ee08dd99e1177-ORD', 'alt-svc': 'h3=":443"; ma=86400'} 
 body={"results":[{"gender":"female","name":{"title":"Ms","first":"Emily","last":"Beck"},"location":{"street":{"number":3676,"name":"Manor Road"},"city":"Chester","state":"Greater Manchester","country":"United Kingdom","postcode":"W7 1GF","coordinates":{"latitude":"-12.4650","longitude":"78.3010"},"timezone":{"offset":"-7:00","description":"Mountain Time (US &amp; Canada)"}},"email":"emily.beck@example.com","login":{"uuid":"50c25636-f43c-4e7c-b9bf-d07781bf3d4f","username":"yellowsnake147","password":"pilot","salt":"qnX4CWDM","md5":"834269ca542deca213a48fd81e6a516e","sha1":"4c845d0ebbf6e8d9387e3c1280af8221275e2a0d","sha256":"c59eda279fa88b906d5ea62e600ff693f146c33573b900f15f6f0c29d0b9789b"},"dob":{"date":"1971-03-04T10:53:38.255Z","age":53},"registered":{"date":"2011-09-25T14:40:30.012Z","age":12},"phone":"01317 746500","cell":"07118 260412","id":{"name":"NINO","value":"JG 72 60 86 G"},"picture":{"large":"https://randomuser.me/api/portraits/women/50.jpg","medium":"https://randomuser.me/api/portraits/med/women/50.jpg","thumbnail":"https://randomuser.me/api/portraits/thumb/women/50.jpg"},"nat":"GB"}],"info":{"seed":"9c8ab959a1f9f036","results":1,"page":1,"version":"1.4"}} 
 </msg>
<msg time="2024-03-25T12:24:18.901190" level="INFO">/opt/hostedtoolcache/Python/3.12.2/x64/lib/python3.12/site-packages/urllib3/connectionpool.py:1103: InsecureRequestWarning: Unverified HTTPS request is being made to host 'randomuser.me'. Adding certificate verification is strongly advised. See: https://urllib3.readthedocs.io/en/latest/advanced-usage.html#tls-warnings
  warnings.warn(</msg>
<msg time="2024-03-25T12:24:18.901376" level="INFO">${response} = &lt;Response [200]&gt;</msg>
<var>${response}</var>
<arg>consultarAPI</arg>
<arg>/api</arg>
<doc>Sends a GET request on a previously created HTTP Session.</doc>
<status status="PASS" start="2024-03-25T12:24:18.824379" elapsed="0.077046"/>
</kw>
<kw name="Should Be Equal As Numbers" owner="BuiltIn">
<msg time="2024-03-25T12:24:18.902646" level="INFO">Argument types are:
&lt;class 'int'&gt;
&lt;class 'str'&gt;</msg>
<arg>${response.status_code}</arg>
<arg>200</arg>
<doc>Fails if objects are unequal after converting them to real numbers.</doc>
<status status="PASS" start="2024-03-25T12:24:18.902092" elapsed="0.000645"/>
</kw>
<kw name="Log" owner="BuiltIn">
<msg time="2024-03-25T12:24:18.903732" level="INFO">200</msg>
<arg>${response.status_code}</arg>
<doc>Logs the given message with the given level.</doc>
<status status="PASS" start="2024-03-25T12:24:18.903224" elapsed="0.000562"/>
</kw>
<kw name="Set Variable" owner="BuiltIn">
<msg time="2024-03-25T12:24:18.904736" level="INFO">${json_data} = {'results': [{'gender': 'female', 'name': {'title': 'Ms', 'first': 'Emily', 'last': 'Beck'}, 'location': {'street': {'number': 3676, 'name': 'Manor Road'}, 'city': 'Chester', 'state': 'Greater Manches...</msg>
<var>${json_data}</var>
<arg>${response.json()}</arg>
<doc>Returns the given values which can then be assigned to a variables.</doc>
<status status="PASS" start="2024-03-25T12:24:18.904213" elapsed="0.000553"/>
</kw>
<kw name="Dictionary Should Contain Key" owner="Collections">
<msg time="2024-03-25T12:24:18.905378" level="INFO">False</msg>
<arg>${json_data}</arg>
<arg>results</arg>
<doc>Fails if ``key`` is not found from ``dictionary``.</doc>
<status status="PASS" start="2024-03-25T12:24:18.905148" elapsed="0.000274"/>
</kw>
<status status="PASS" start="2024-03-25T12:24:18.824026" elapsed="0.081714"/>
</kw>
<doc>Testa se a API responde corretamente e retorna um objeto JSON válido.</doc>
<tag>testeRequisicaoBasica</tag>
<status status="PASS" start="2024-03-25T12:24:18.823347" elapsed="0.082608"/>
</test>
<test id="s1-s1-t3" name="Validar estrutura de resposta" line="22">
<kw name="Teste de Estrutura de Resposta" owner="random-user-service">
<kw name="GET On Session" owner="RequestsLibrary">
<msg time="2024-03-25T12:24:19.002178" level="INFO">GET Request : url=https://randomuser.me/api 
 path_url=/api 
 headers={'User-Agent': 'python-requests/2.31.0', 'Accept-Encoding': 'gzip, deflate', 'Accept': '*/*', 'Connection': 'keep-alive'} 
 body=None 
 </msg>
<msg time="2024-03-25T12:24:19.002322" level="INFO">GET Response : url=https://randomuser.me/api 
 status=200, reason=OK 
 headers={'Date': 'Mon, 25 Mar 2024 12:24:18 GMT', 'Content-Type': 'application/json; charset=utf-8', 'Transfer-Encoding': 'chunked', 'Connection': 'keep-alive', 'X-Powered-By': 'Express', 'Access-Control-Allow-Origin': '*', 'Cache-Control': 'no-cache', 'ETag': 'W/"49d-wu3cLbLzN+mqi/WLbgTqzNAJeOE"', 'Vary': 'Accept-Encoding', 'Content-Encoding': 'gzip', 'CF-Cache-Status': 'DYNAMIC', 'Report-To': '{"endpoints":[{"url":"https:\\/\\/a.nel.cloudflare.com\\/report\\/v4?s=18V2VVqXnIziXCR3TlDMrx1Gw54YICTEo5NlyStCnfXlwgIS315yIesHXO4%2FYzMagrvfn9WWoL1%2FWBjVf8PDifLbXUPoAFWz9ZmhoAn%2BFCe5bGs5dXjBjh3gCBbHiOAK"}],"group":"cf-nel","max_age":604800}', 'NEL': '{"success_fraction":0,"report_to":"cf-nel","max_age":604800}', 'Server': 'cloudflare', 'CF-RAY': '869ee08e29fa1177-ORD', 'alt-svc': 'h3=":443"; ma=86400'} 
 body={"results":[{"gender":"male","name":{"title":"Mr","first":"Väinö","last":"Hietala"},"location":{"street":{"number":1185,"name":"Mannerheimintie"},"city":"Hämeenkoski","state":"Åland","country":"Finland","postcode":26436,"coordinates":{"latitude":"-22.7332","longitude":"-106.7986"},"timezone":{"offset":"+11:00","description":"Magadan, Solomon Islands, New Caledonia"}},"email":"vaino.hietala@example.com","login":{"uuid":"f2f152f2-a0f5-4bcb-8842-2b9e1a6154f7","username":"browndog257","password":"lekker","salt":"Qc7vUXSU","md5":"e0707f27bc32673632a3ad7cc75ab068","sha1":"e23e94d988a046e526b8989ba0a9491a98d36346","sha256":"3f0f1750282a0da0cb5c75b274200f915d7ada425de389e7ee3924914074489c"},"dob":{"date":"1986-04-06T10:05:53.792Z","age":37},"registered":{"date":"2014-02-06T21:46:34.208Z","age":10},"phone":"02-640-339","cell":"044-606-87-12","id":{"name":"HETU","value":"NaNNA585undefined"},"picture":{"large":"https://randomuser.me/api/portraits/men/92.jpg","medium":"https://randomuser.me/api/portraits/med/men/92.jpg","thumbnail":"https://randomuser.me/api/portraits/thumb/men/92.jpg"},"nat":"FI"}],"info":{"seed":"9f8b670b8c9be5ed","results":1,"page":1,"version":"1.4"}} 
 </msg>
<msg time="2024-03-25T12:24:19.002525" level="INFO">/opt/hostedtoolcache/Python/3.12.2/x64/lib/python3.12/site-packages/urllib3/connectionpool.py:1103: InsecureRequestWarning: Unverified HTTPS request is being made to host 'randomuser.me'. Adding certificate verification is strongly advised. See: https://urllib3.readthedocs.io/en/latest/advanced-usage.html#tls-warnings
  warnings.warn(</msg>
<msg time="2024-03-25T12:24:19.002714" level="INFO">${response} = &lt;Response [200]&gt;</msg>
<var>${response}</var>
<arg>consultarAPI</arg>
<arg>/api</arg>
<doc>Sends a GET request on a previously created HTTP Session.</doc>
<status status="PASS" start="2024-03-25T12:24:18.909164" elapsed="0.093602"/>
</kw>
<kw name="Set Variable" owner="BuiltIn">
<msg time="2024-03-25T12:24:19.004079" level="INFO">${json_data} = {'results': [{'gender': 'male', 'name': {'title': 'Mr', 'first': 'Väinö', 'last': 'Hietala'}, 'location': {'street': {'number': 1185, 'name': 'Mannerheimintie'}, 'city': 'Hämeenkoski', 'state': 'Åland...</msg>
<var>${json_data}</var>
<arg>${response.json()}</arg>
<doc>Returns the given values which can then be assigned to a variables.</doc>
<status status="PASS" start="2024-03-25T12:24:19.003414" elapsed="0.000702"/>
</kw>
<kw name="Log" owner="BuiltIn">
<msg time="2024-03-25T12:24:19.004744" level="INFO">{'results': [{'gender': 'male', 'name': {'title': 'Mr', 'first': 'Väinö', 'last': 'Hietala'}, 'location': {'street': {'number': 1185, 'name': 'Mannerheimintie'}, 'city': 'Hämeenkoski', 'state': 'Åland', 'country': 'Finland', 'postcode': 26436, 'coordinates': {'latitude': '-22.7332', 'longitude': '-106.7986'}, 'timezone': {'offset': '+11:00', 'description': 'Magadan, Solomon Islands, New Caledonia'}}, 'email': 'vaino.hietala@example.com', 'login': {'uuid': 'f2f152f2-a0f5-4bcb-8842-2b9e1a6154f7', 'username': 'browndog257', 'password': 'lekker', 'salt': 'Qc7vUXSU', 'md5': 'e0707f27bc32673632a3ad7cc75ab068', 'sha1': 'e23e94d988a046e526b8989ba0a9491a98d36346', 'sha256': '3f0f1750282a0da0cb5c75b274200f915d7ada425de389e7ee3924914074489c'}, 'dob': {'date': '1986-04-06T10:05:53.792Z', 'age': 37}, 'registered': {'date': '2014-02-06T21:46:34.208Z', 'age': 10}, 'phone': '02-640-339', 'cell': '044-606-87-12', 'id': {'name': 'HETU', 'value': 'NaNNA585undefined'}, 'picture': {'large': 'https://randomuser.me/api/portraits/men/92.jpg', 'medium': 'https://randomuser.me/api/portraits/med/men/92.jpg', 'thumbnail': 'https://randomuser.me/api/portraits/thumb/men/92.jpg'}, 'nat': 'FI'}], 'info': {'seed': '9f8b670b8c9be5ed', 'results': 1, 'page': 1, 'version': '1.4'}}</msg>
<arg>${json_data}</arg>
<doc>Logs the given message with the given level.</doc>
<status status="PASS" start="2024-03-25T12:24:19.004537" elapsed="0.000264"/>
</kw>
<kw name="Dictionary Should Contain Key" owner="Collections">
<msg time="2024-03-25T12:24:19.005356" level="INFO">False</msg>
<arg>${json_data}</arg>
<arg>results</arg>
<doc>Fails if ``key`` is not found from ``dictionary``.</doc>
<status status="PASS" start="2024-03-25T12:24:19.005164" elapsed="0.000235"/>
</kw>
<kw name="Should Not Be Empty" owner="BuiltIn">
<msg time="2024-03-25T12:24:19.005925" level="INFO">Length is 2.</msg>
<arg>${json_data}</arg>
<doc>Verifies that the given item is not empty.</doc>
<status status="PASS" start="2024-03-25T12:24:19.005765" elapsed="0.000205"/>
</kw>
<kw name="Create List" owner="BuiltIn">
<msg time="2024-03-25T12:24:19.006485" level="INFO">${expected_keys} = ['gender', 'name', 'location', 'email', 'login']</msg>
<var>${expected_keys}</var>
<arg>gender</arg>
<arg>name</arg>
<arg>location</arg>
<arg>email</arg>
<arg>login</arg>
<doc>Returns a list containing given items.</doc>
<status status="PASS" start="2024-03-25T12:24:19.006312" elapsed="0.000199"/>
</kw>
<for flavor="IN">
<iter>
<kw name="Dictionary Should Contain Key" owner="Collections">
<msg time="2024-03-25T12:24:19.007694" level="INFO">False</msg>
<arg>${json_data['results'][0]}</arg>
<arg>${key}</arg>
<doc>Fails if ``key`` is not found from ``dictionary``.</doc>
<status status="PASS" start="2024-03-25T12:24:19.007167" elapsed="0.000569"/>
</kw>
<kw name="Log" owner="BuiltIn">
<msg time="2024-03-25T12:24:19.008495" level="INFO">{'gender': 'male', 'name': {'title': 'Mr', 'first': 'Väinö', 'last': 'Hietala'}, 'location': {'street': {'number': 1185, 'name': 'Mannerheimintie'}, 'city': 'Hämeenkoski', 'state': 'Åland', 'country': 'Finland', 'postcode': 26436, 'coordinates': {'latitude': '-22.7332', 'longitude': '-106.7986'}, 'timezone': {'offset': '+11:00', 'description': 'Magadan, Solomon Islands, New Caledonia'}}, 'email': 'vaino.hietala@example.com', 'login': {'uuid': 'f2f152f2-a0f5-4bcb-8842-2b9e1a6154f7', 'username': 'browndog257', 'password': 'lekker', 'salt': 'Qc7vUXSU', 'md5': 'e0707f27bc32673632a3ad7cc75ab068', 'sha1': 'e23e94d988a046e526b8989ba0a9491a98d36346', 'sha256': '3f0f1750282a0da0cb5c75b274200f915d7ada425de389e7ee3924914074489c'}, 'dob': {'date': '1986-04-06T10:05:53.792Z', 'age': 37}, 'registered': {'date': '2014-02-06T21:46:34.208Z', 'age': 10}, 'phone': '02-640-339', 'cell': '044-606-87-12', 'id': {'name': 'HETU', 'value': 'NaNNA585undefined'}, 'picture': {'large': 'https://randomuser.me/api/portraits/men/92.jpg', 'medium': 'https://randomuser.me/api/portraits/med/men/92.jpg', 'thumbnail': 'https://randomuser.me/api/portraits/thumb/men/92.jpg'}, 'nat': 'FI'}</msg>
<arg>${json_data['results'][0]}</arg>
<doc>Logs the given message with the given level.</doc>
<status status="PASS" start="2024-03-25T12:24:19.008081" elapsed="0.000477"/>
</kw>
<kw name="Log" owner="BuiltIn">
<msg time="2024-03-25T12:24:19.009026" level="INFO">gender</msg>
<arg>${key}</arg>
<doc>Logs the given message with the given level.</doc>
<status status="PASS" start="2024-03-25T12:24:19.008886" elapsed="0.000182"/>
</kw>
<var name="${key}">gender</var>
<status status="PASS" start="2024-03-25T12:24:19.007018" elapsed="0.002288"/>
</iter>
<iter>
<kw name="Dictionary Should Contain Key" owner="Collections">
<msg time="2024-03-25T12:24:19.010090" level="INFO">False</msg>
<arg>${json_data['results'][0]}</arg>
<arg>${key}</arg>
<doc>Fails if ``key`` is not found from ``dictionary``.</doc>
<status status="PASS" start="2024-03-25T12:24:19.009656" elapsed="0.000476"/>
</kw>
<kw name="Log" owner="BuiltIn">
<msg time="2024-03-25T12:24:19.010917" level="INFO">{'gender': 'male', 'name': {'title': 'Mr', 'first': 'Väinö', 'last': 'Hietala'}, 'location': {'street': {'number': 1185, 'name': 'Mannerheimintie'}, 'city': 'Hämeenkoski', 'state': 'Åland', 'country': 'Finland', 'postcode': 26436, 'coordinates': {'latitude': '-22.7332', 'longitude': '-106.7986'}, 'timezone': {'offset': '+11:00', 'description': 'Magadan, Solomon Islands, New Caledonia'}}, 'email': 'vaino.hietala@example.com', 'login': {'uuid': 'f2f152f2-a0f5-4bcb-8842-2b9e1a6154f7', 'username': 'browndog257', 'password': 'lekker', 'salt': 'Qc7vUXSU', 'md5': 'e0707f27bc32673632a3ad7cc75ab068', 'sha1': 'e23e94d988a046e526b8989ba0a9491a98d36346', 'sha256': '3f0f1750282a0da0cb5c75b274200f915d7ada425de389e7ee3924914074489c'}, 'dob': {'date': '1986-04-06T10:05:53.792Z', 'age': 37}, 'registered': {'date': '2014-02-06T21:46:34.208Z', 'age': 10}, 'phone': '02-640-339', 'cell': '044-606-87-12', 'id': {'name': 'HETU', 'value': 'NaNNA585undefined'}, 'picture': {'large': 'https://randomuser.me/api/portraits/men/92.jpg', 'medium': 'https://randomuser.me/api/portraits/med/men/92.jpg', 'thumbnail': 'https://randomuser.me/api/portraits/thumb/men/92.jpg'}, 'nat': 'FI'}</msg>
<arg>${json_data['results'][0]}</arg>
<doc>Logs the given message with the given level.</doc>
<status status="PASS" start="2024-03-25T12:24:19.010505" elapsed="0.000469"/>
</kw>
<kw name="Log" owner="BuiltIn">
<msg time="2024-03-25T12:24:19.011446" level="INFO">name</msg>
<arg>${key}</arg>
<doc>Logs the given message with the given level.</doc>
<status status="PASS" start="2024-03-25T12:24:19.011308" elapsed="0.000218"/>
</kw>
<var name="${key}">name</var>
<status status="PASS" start="2024-03-25T12:24:19.009526" elapsed="0.002239"/>
</iter>
<iter>
<kw name="Dictionary Should Contain Key" owner="Collections">
<msg time="2024-03-25T12:24:19.012547" level="INFO">False</msg>
<arg>${json_data['results'][0]}</arg>
<arg>${key}</arg>
<doc>Fails if ``key`` is not found from ``dictionary``.</doc>
<status status="PASS" start="2024-03-25T12:24:19.012118" elapsed="0.000470"/>
</kw>
<kw name="Log" owner="BuiltIn">
<msg time="2024-03-25T12:24:19.013322" level="INFO">{'gender': 'male', 'name': {'title': 'Mr', 'first': 'Väinö', 'last': 'Hietala'}, 'location': {'street': {'number': 1185, 'name': 'Mannerheimintie'}, 'city': 'Hämeenkoski', 'state': 'Åland', 'country': 'Finland', 'postcode': 26436, 'coordinates': {'latitude': '-22.7332', 'longitude': '-106.7986'}, 'timezone': {'offset': '+11:00', 'description': 'Magadan, Solomon Islands, New Caledonia'}}, 'email': 'vaino.hietala@example.com', 'login': {'uuid': 'f2f152f2-a0f5-4bcb-8842-2b9e1a6154f7', 'username': 'browndog257', 'password': 'lekker', 'salt': 'Qc7vUXSU', 'md5': 'e0707f27bc32673632a3ad7cc75ab068', 'sha1': 'e23e94d988a046e526b8989ba0a9491a98d36346', 'sha256': '3f0f1750282a0da0cb5c75b274200f915d7ada425de389e7ee3924914074489c'}, 'dob': {'date': '1986-04-06T10:05:53.792Z', 'age': 37}, 'registered': {'date': '2014-02-06T21:46:34.208Z', 'age': 10}, 'phone': '02-640-339', 'cell': '044-606-87-12', 'id': {'name': 'HETU', 'value': 'NaNNA585undefined'}, 'picture': {'large': 'https://randomuser.me/api/portraits/men/92.jpg', 'medium': 'https://randomuser.me/api/portraits/med/men/92.jpg', 'thumbnail': 'https://randomuser.me/api/portraits/thumb/men/92.jpg'}, 'nat': 'FI'}</msg>
<arg>${json_data['results'][0]}</arg>
<doc>Logs the given message with the given level.</doc>
<status status="PASS" start="2024-03-25T12:24:19.012916" elapsed="0.000465"/>
</kw>
<kw name="Log" owner="BuiltIn">
<msg time="2024-03-25T12:24:19.013834" level="INFO">location</msg>
<arg>${key}</arg>
<doc>Logs the given message with the given level.</doc>
<status status="PASS" start="2024-03-25T12:24:19.013697" elapsed="0.000177"/>
</kw>
<var name="${key}">location</var>
<status status="PASS" start="2024-03-25T12:24:19.011987" elapsed="0.002114"/>
</iter>
<iter>
<kw name="Dictionary Should Contain Key" owner="Collections">
<msg time="2024-03-25T12:24:19.014829" level="INFO">False</msg>
<arg>${json_data['results'][0]}</arg>
<arg>${key}</arg>
<doc>Fails if ``key`` is not found from ``dictionary``.</doc>
<status status="PASS" start="2024-03-25T12:24:19.014414" elapsed="0.000456"/>
</kw>
<kw name="Log" owner="BuiltIn">
<msg time="2024-03-25T12:24:19.015608" level="INFO">{'gender': 'male', 'name': {'title': 'Mr', 'first': 'Väinö', 'last': 'Hietala'}, 'location': {'street': {'number': 1185, 'name': 'Mannerheimintie'}, 'city': 'Hämeenkoski', 'state': 'Åland', 'country': 'Finland', 'postcode': 26436, 'coordinates': {'latitude': '-22.7332', 'longitude': '-106.7986'}, 'timezone': {'offset': '+11:00', 'description': 'Magadan, Solomon Islands, New Caledonia'}}, 'email': 'vaino.hietala@example.com', 'login': {'uuid': 'f2f152f2-a0f5-4bcb-8842-2b9e1a6154f7', 'username': 'browndog257', 'password': 'lekker', 'salt': 'Qc7vUXSU', 'md5': 'e0707f27bc32673632a3ad7cc75ab068', 'sha1': 'e23e94d988a046e526b8989ba0a9491a98d36346', 'sha256': '3f0f1750282a0da0cb5c75b274200f915d7ada425de389e7ee3924914074489c'}, 'dob': {'date': '1986-04-06T10:05:53.792Z', 'age': 37}, 'registered': {'date': '2014-02-06T21:46:34.208Z', 'age': 10}, 'phone': '02-640-339', 'cell': '044-606-87-12', 'id': {'name': 'HETU', 'value': 'NaNNA585undefined'}, 'picture': {'large': 'https://randomuser.me/api/portraits/men/92.jpg', 'medium': 'https://randomuser.me/api/portraits/med/men/92.jpg', 'thumbnail': 'https://randomuser.me/api/portraits/thumb/men/92.jpg'}, 'nat': 'FI'}</msg>
<arg>${json_data['results'][0]}</arg>
<doc>Logs the given message with the given level.</doc>
<status status="PASS" start="2024-03-25T12:24:19.015182" elapsed="0.000489"/>
</kw>
<kw name="Log" owner="BuiltIn">
<msg time="2024-03-25T12:24:19.016130" level="INFO">email</msg>
<arg>${key}</arg>
<doc>Logs the given message with the given level.</doc>
<status status="PASS" start="2024-03-25T12:24:19.015996" elapsed="0.000175"/>
</kw>
<var name="${key}">email</var>
<status status="PASS" start="2024-03-25T12:24:19.014295" elapsed="0.002106"/>
</iter>
<iter>
<kw name="Dictionary Should Contain Key" owner="Collections">
<msg time="2024-03-25T12:24:19.017160" level="INFO">False</msg>
<arg>${json_data['results'][0]}</arg>
<arg>${key}</arg>
<doc>Fails if ``key`` is not found from ``dictionary``.</doc>
<status status="PASS" start="2024-03-25T12:24:19.016735" elapsed="0.000464"/>
</kw>
<kw name="Log" owner="BuiltIn">
<msg time="2024-03-25T12:24:19.017922" level="INFO">{'gender': 'male', 'name': {'title': 'Mr', 'first': 'Väinö', 'last': 'Hietala'}, 'location': {'street': {'number': 1185, 'name': 'Mannerheimintie'}, 'city': 'Hämeenkoski', 'state': 'Åland', 'country': 'Finland', 'postcode': 26436, 'coordinates': {'latitude': '-22.7332', 'longitude': '-106.7986'}, 'timezone': {'offset': '+11:00', 'description': 'Magadan, Solomon Islands, New Caledonia'}}, 'email': 'vaino.hietala@example.com', 'login': {'uuid': 'f2f152f2-a0f5-4bcb-8842-2b9e1a6154f7', 'username': 'browndog257', 'password': 'lekker', 'salt': 'Qc7vUXSU', 'md5': 'e0707f27bc32673632a3ad7cc75ab068', 'sha1': 'e23e94d988a046e526b8989ba0a9491a98d36346', 'sha256': '3f0f1750282a0da0cb5c75b274200f915d7ada425de389e7ee3924914074489c'}, 'dob': {'date': '1986-04-06T10:05:53.792Z', 'age': 37}, 'registered': {'date': '2014-02-06T21:46:34.208Z', 'age': 10}, 'phone': '02-640-339', 'cell': '044-606-87-12', 'id': {'name': 'HETU', 'value': 'NaNNA585undefined'}, 'picture': {'large': 'https://randomuser.me/api/portraits/men/92.jpg', 'medium': 'https://randomuser.me/api/portraits/med/men/92.jpg', 'thumbnail': 'https://randomuser.me/api/portraits/thumb/men/92.jpg'}, 'nat': 'FI'}</msg>
<arg>${json_data['results'][0]}</arg>
<doc>Logs the given message with the given level.</doc>
<status status="PASS" start="2024-03-25T12:24:19.017515" elapsed="0.000461"/>
</kw>
<kw name="Log" owner="BuiltIn">
<msg time="2024-03-25T12:24:19.018436" level="INFO">login</msg>
<arg>${key}</arg>
<doc>Logs the given message with the given level.</doc>
<status status="PASS" start="2024-03-25T12:24:19.018299" elapsed="0.000351"/>
</kw>
<var name="${key}">login</var>
<status status="PASS" start="2024-03-25T12:24:19.016600" elapsed="0.002326"/>
</iter>
<var>${key}</var>
<value>@{expected_keys}</value>
<status status="PASS" start="2024-03-25T12:24:19.006801" elapsed="0.012263"/>
</for>
<kw name="Create List" owner="BuiltIn">
<msg time="2024-03-25T12:24:19.019442" level="INFO">${expected_keysTwo} = ['username', 'password']</msg>
<var>${expected_keysTwo}</var>
<arg>username</arg>
<arg>password</arg>
<doc>Returns a list containing given items.</doc>
<status status="PASS" start="2024-03-25T12:24:19.019287" elapsed="0.000221"/>
</kw>
<for flavor="IN">
<iter>
<kw name="Dictionary Should Contain Key" owner="Collections">
<msg time="2024-03-25T12:24:19.020516" level="INFO">False</msg>
<arg>${json_data['results'][0]['login']}</arg>
<arg>${keyTwo}</arg>
<doc>Fails if ``key`` is not found from ``dictionary``.</doc>
<status status="PASS" start="2024-03-25T12:24:19.020089" elapsed="0.000468"/>
</kw>
<kw name="Dictionary Should Contain Key" owner="Collections">
<msg time="2024-03-25T12:24:19.021281" level="INFO">False</msg>
<arg>${json_data['results'][0]['login']}</arg>
<arg>${keyTwo}</arg>
<doc>Fails if ``key`` is not found from ``dictionary``.</doc>
<status status="PASS" start="2024-03-25T12:24:19.020871" elapsed="0.000450"/>
</kw>
<kw name="Log" owner="BuiltIn">
<msg time="2024-03-25T12:24:19.021774" level="INFO">username</msg>
<arg>${keyTwo}</arg>
<doc>Logs the given message with the given level.</doc>
<status status="PASS" start="2024-03-25T12:24:19.021632" elapsed="0.000183"/>
</kw>
<var name="${keyTwo}">username</var>
<status status="PASS" start="2024-03-25T12:24:19.019967" elapsed="0.002085"/>
</iter>
<iter>
<kw name="Dictionary Should Contain Key" owner="Collections">
<msg time="2024-03-25T12:24:19.022865" level="INFO">False</msg>
<arg>${json_data['results'][0]['login']}</arg>
<arg>${keyTwo}</arg>
<doc>Fails if ``key`` is not found from ``dictionary``.</doc>
<status status="PASS" start="2024-03-25T12:24:19.022431" elapsed="0.000478"/>
</kw>
<kw name="Dictionary Should Contain Key" owner="Collections">
<msg time="2024-03-25T12:24:19.023772" level="INFO">False</msg>
<arg>${json_data['results'][0]['login']}</arg>
<arg>${keyTwo}</arg>
<doc>Fails if ``key`` is not found from ``dictionary``.</doc>
<status status="PASS" start="2024-03-25T12:24:19.023283" elapsed="0.000531"/>
</kw>
<kw name="Log" owner="BuiltIn">
<msg time="2024-03-25T12:24:19.024350" level="INFO">password</msg>
<arg>${keyTwo}</arg>
<doc>Logs the given message with the given level.</doc>
<status status="PASS" start="2024-03-25T12:24:19.024151" elapsed="0.000248"/>
</kw>
<var name="${keyTwo}">password</var>
<status status="PASS" start="2024-03-25T12:24:19.022289" elapsed="0.002364"/>
</iter>
<var>${keyTwo}</var>
<value>@{expected_keysTwo}</value>
<status status="PASS" start="2024-03-25T12:24:19.019786" elapsed="0.005000"/>
</for>
<status status="PASS" start="2024-03-25T12:24:18.908843" elapsed="0.116114"/>
</kw>
<doc>Testa a estrutura da resposta da API.</doc>
<tag>testeEstruturaResposta</tag>
<status status="PASS" start="2024-03-25T12:24:18.907999" elapsed="0.117143"/>
</test>
<test id="s1-s1-t4" name="Validar tipos de dados" line="28">
<kw name="Teste de Tipos de Dados" owner="random-user-service">
<kw name="GET On Session" owner="RequestsLibrary">
<msg time="2024-03-25T12:24:19.101067" level="INFO">GET Request : url=https://randomuser.me/api 
 path_url=/api 
 headers={'User-Agent': 'python-requests/2.31.0', 'Accept-Encoding': 'gzip, deflate', 'Accept': '*/*', 'Connection': 'keep-alive'} 
 body=None 
 </msg>
<msg time="2024-03-25T12:24:19.101188" level="INFO">GET Response : url=https://randomuser.me/api 
 status=200, reason=OK 
 headers={'Date': 'Mon, 25 Mar 2024 12:24:19 GMT', 'Content-Type': 'application/json; charset=utf-8', 'Transfer-Encoding': 'chunked', 'Connection': 'keep-alive', 'X-Powered-By': 'Express', 'Access-Control-Allow-Origin': '*', 'Cache-Control': 'no-cache', 'ETag': 'W/"480-8A8XtyNuS5o13QiOtzqq5Q5F4So"', 'Vary': 'Accept-Encoding', 'Content-Encoding': 'gzip', 'CF-Cache-Status': 'DYNAMIC', 'Report-To': '{"endpoints":[{"url":"https:\\/\\/a.nel.cloudflare.com\\/report\\/v4?s=pemqwwf%2FIKTt2RPAbyuFim3IWGEbQYF7o%2BqoU31trIOgC711bFSTy5m8qAlR2o9H%2BjWCCGTC4duXILawM5SWTQFEJt7R%2FY50lYcF0Qnw1MandGzaE5iPRv7ZzXDqiqOn"}],"group":"cf-nel","max_age":604800}', 'NEL': '{"success_fraction":0,"report_to":"cf-nel","max_age":604800}', 'Server': 'cloudflare', 'CF-RAY': '869ee08eeabd1177-ORD', 'alt-svc': 'h3=":443"; ma=86400'} 
 body={"results":[{"gender":"male","name":{"title":"Mr","first":"Murat","last":"Karaduman"},"location":{"street":{"number":8208,"name":"Necatibey Cd"},"city":"Karaman","state":"Çorum","country":"Turkey","postcode":24577,"coordinates":{"latitude":"71.0420","longitude":"-142.1154"},"timezone":{"offset":"-8:00","description":"Pacific Time (US &amp; Canada)"}},"email":"murat.karaduman@example.com","login":{"uuid":"b72d8d32-cb5d-484a-bb0e-63fead2ec842","username":"beautifultiger439","password":"raiders1","salt":"USw1GsQn","md5":"596cb134b1b5b067d4140f793854a8ac","sha1":"2a6a4f1b22613a79f1a4c694ed9f2cb18afd4547","sha256":"c8bc63b6447365edc79ddc897aba114f12098b8a1ceefa489e6ecd2788fb6ad6"},"dob":{"date":"1955-07-29T15:11:19.265Z","age":68},"registered":{"date":"2021-04-05T09:43:08.720Z","age":2},"phone":"(681)-875-2168","cell":"(046)-538-3228","id":{"name":"","value":null},"picture":{"large":"https://randomuser.me/api/portraits/men/89.jpg","medium":"https://randomuser.me/api/portraits/med/men/89.jpg","thumbnail":"https://randomuser.me/api/portraits/thumb/men/89.jpg"},"nat":"TR"}],"info":{"seed":"a63d8877fa439c06","results":1,"page":1,"version":"1.4"}} 
 </msg>
<msg time="2024-03-25T12:24:19.101279" level="INFO">/opt/hostedtoolcache/Python/3.12.2/x64/lib/python3.12/site-packages/urllib3/connectionpool.py:1103: InsecureRequestWarning: Unverified HTTPS request is being made to host 'randomuser.me'. Adding certificate verification is strongly advised. See: https://urllib3.readthedocs.io/en/latest/advanced-usage.html#tls-warnings
  warnings.warn(</msg>
<msg time="2024-03-25T12:24:19.101441" level="INFO">${response} = &lt;Response [200]&gt;</msg>
<var>${response}</var>
<arg>consultarAPI</arg>
<arg>/api</arg>
<doc>Sends a GET request on a previously created HTTP Session.</doc>
<status status="PASS" start="2024-03-25T12:24:19.027984" elapsed="0.073503"/>
</kw>
<kw name="Set Variable" owner="BuiltIn">
<msg time="2024-03-25T12:24:19.102721" level="INFO">${json_data} = {'results': [{'gender': 'male', 'name': {'title': 'Mr', 'first': 'Murat', 'last': 'Karaduman'}, 'location': {'street': {'number': 8208, 'name': 'Necatibey Cd'}, 'city': 'Karaman', 'state': 'Çorum', 'c...</msg>
<var>${json_data}</var>
<arg>${response.json()}</arg>
<doc>Returns the given values which can then be assigned to a variables.</doc>
<status status="PASS" start="2024-03-25T12:24:19.102113" elapsed="0.000640"/>
</kw>
<kw name="Log" owner="BuiltIn">
<msg time="2024-03-25T12:24:19.103413" level="INFO">{'results': [{'gender': 'male', 'name': {'title': 'Mr', 'first': 'Murat', 'last': 'Karaduman'}, 'location': {'street': {'number': 8208, 'name': 'Necatibey Cd'}, 'city': 'Karaman', 'state': 'Çorum', 'country': 'Turkey', 'postcode': 24577, 'coordinates': {'latitude': '71.0420', 'longitude': '-142.1154'}, 'timezone': {'offset': '-8:00', 'description': 'Pacific Time (US &amp; Canada)'}}, 'email': 'murat.karaduman@example.com', 'login': {'uuid': 'b72d8d32-cb5d-484a-bb0e-63fead2ec842', 'username': 'beautifultiger439', 'password': 'raiders1', 'salt': 'USw1GsQn', 'md5': '596cb134b1b5b067d4140f793854a8ac', 'sha1': '2a6a4f1b22613a79f1a4c694ed9f2cb18afd4547', 'sha256': 'c8bc63b6447365edc79ddc897aba114f12098b8a1ceefa489e6ecd2788fb6ad6'}, 'dob': {'date': '1955-07-29T15:11:19.265Z', 'age': 68}, 'registered': {'date': '2021-04-05T09:43:08.720Z', 'age': 2}, 'phone': '(681)-875-2168', 'cell': '(046)-538-3228', 'id': {'name': '', 'value': None}, 'picture': {'large': 'https://randomuser.me/api/portraits/men/89.jpg', 'medium': 'https://randomuser.me/api/portraits/med/men/89.jpg', 'thumbnail': 'https://randomuser.me/api/portraits/thumb/men/89.jpg'}, 'nat': 'TR'}], 'info': {'seed': 'a63d8877fa439c06', 'results': 1, 'page': 1, 'version': '1.4'}}</msg>
<arg>${json_data}</arg>
<doc>Logs the given message with the given level.</doc>
<status status="PASS" start="2024-03-25T12:24:19.103190" elapsed="0.000370"/>
</kw>
<kw name="Should Be String" owner="String">
<arg>${json_data['results'][0]['gender']}</arg>
<doc>Fails if the given ``item`` is not a string.</doc>
<status status="PASS" start="2024-03-25T12:24:19.103976" elapsed="0.000466"/>
</kw>
<kw name="Should Match Regexp" owner="BuiltIn">
<arg>${json_data['results'][0]['email']}</arg>
<arg>^[a-zA-Z0-9._%+-]+@[a-zA-Z0-9.-]+\.[a-zA-Z]{2,}$</arg>
<doc>Fails if ``string`` does not match ``pattern`` as a regular expression.</doc>
<status status="PASS" start="2024-03-25T12:24:19.104686" elapsed="0.000630"/>
</kw>
<kw name="Should Match Regexp" owner="BuiltIn">
<arg>${json_data['results'][0]['dob']['date']}</arg>
<arg>\\d{4}-\\d{2}-\\d{2}T\\d{2}:\\d{2}:\\d{2}\\.\\d{3}Z</arg>
<doc>Fails if ``string`` does not match ``pattern`` as a regular expression.</doc>
<status status="PASS" start="2024-03-25T12:24:19.105560" elapsed="0.000565"/>
</kw>
<kw name="Should Match Regexp" owner="BuiltIn">
<arg>${json_data['results'][0]['registered']['date']}</arg>
<arg>\\d{4}-\\d{2}-\\d{2}T\\d{2}:\\d{2}:\\d{2}\\.\\d{3}Z</arg>
<doc>Fails if ``string`` does not match ``pattern`` as a regular expression.</doc>
<status status="PASS" start="2024-03-25T12:24:19.106354" elapsed="0.000421"/>
</kw>
<kw name="Should Match Regexp" owner="BuiltIn">
<arg>${json_data['results'][0]['picture']['large']}</arg>
<arg>^https?://.*\.(?:png|jpe?g|gif|bmp)$</arg>
<doc>Fails if ``string`` does not match ``pattern`` as a regular expression.</doc>
<status status="PASS" start="2024-03-25T12:24:19.106989" elapsed="0.000533"/>
</kw>
<kw name="Should Match Regexp" owner="BuiltIn">
<arg>${json_data['results'][0]['picture']['medium']}</arg>
<arg>^https?://.*\.(?:png|jpe?g|gif|bmp)$</arg>
<doc>Fails if ``string`` does not match ``pattern`` as a regular expression.</doc>
<status status="PASS" start="2024-03-25T12:24:19.107737" elapsed="0.000386"/>
</kw>
<kw name="Should Match Regexp" owner="BuiltIn">
<arg>${json_data['results'][0]['picture']['thumbnail']}</arg>
<arg>^https?://.*\.(?:png|jpe?g|gif|bmp)$</arg>
<doc>Fails if ``string`` does not match ``pattern`` as a regular expression.</doc>
<status status="PASS" start="2024-03-25T12:24:19.108327" elapsed="0.000373"/>
</kw>
<kw name="Log" owner="BuiltIn">
<msg time="2024-03-25T12:24:19.109263" level="INFO">{'large': 'https://randomuser.me/api/portraits/men/89.jpg', 'medium': 'https://randomuser.me/api/portraits/med/men/89.jpg', 'thumbnail': 'https://randomuser.me/api/portraits/thumb/men/89.jpg'}</msg>
<arg>${json_data['results'][0]['picture']}</arg>
<doc>Logs the given message with the given level.</doc>
<status status="PASS" start="2024-03-25T12:24:19.108901" elapsed="0.000422"/>
</kw>
<status status="PASS" start="2024-03-25T12:24:19.027669" elapsed="0.082043"/>
</kw>
<kw name="Teste de Tipos de Dados - Postcode" owner="random-user-service">
<kw name="GET On Session" owner="RequestsLibrary">
<msg time="2024-03-25T12:24:19.198868" level="INFO">GET Request : url=https://randomuser.me/api 
 path_url=/api 
 headers={'User-Agent': 'python-requests/2.31.0', 'Accept-Encoding': 'gzip, deflate', 'Accept': '*/*', 'Connection': 'keep-alive'} 
 body=None 
 </msg>
<msg time="2024-03-25T12:24:19.198996" level="INFO">GET Response : url=https://randomuser.me/api 
 status=200, reason=OK 
 headers={'Date': 'Mon, 25 Mar 2024 12:24:19 GMT', 'Content-Type': 'application/json; charset=utf-8', 'Transfer-Encoding': 'chunked', 'Connection': 'keep-alive', 'X-Powered-By': 'Express', 'Access-Control-Allow-Origin': '*', 'Cache-Control': 'no-cache', 'ETag': 'W/"4a9-XoHHEnZbrzlraB4LQi3kyQC6AmE"', 'Vary': 'Accept-Encoding', 'Content-Encoding': 'gzip', 'CF-Cache-Status': 'DYNAMIC', 'Report-To': '{"endpoints":[{"url":"https:\\/\\/a.nel.cloudflare.com\\/report\\/v4?s=DSXFgb1YKxr2Kn1dRz1XbQs9kq6lCm59i18mls4MKkWH1YpFlNBbdtbhr6do6JoP8%2F8k6SQBJd9KbME4dWlnPsHx5La1w%2F8sCmaod0Nu0VjXW6aYYr3sliM24NIJ0ZMh"}],"group":"cf-nel","max_age":604800}', 'NEL': '{"success_fraction":0,"report_to":"cf-nel","max_age":604800}', 'Server': 'cloudflare', 'CF-RAY': '869ee08f6b461177-ORD', 'alt-svc': 'h3=":443"; ma=86400'} 
 body={"results":[{"gender":"female","name":{"title":"Miss","first":"Eden","last":"Gaillard"},"location":{"street":{"number":1007,"name":"Rue Paul Bert"},"city":"Bordeaux","state":"Haute-Marne","country":"France","postcode":98648,"coordinates":{"latitude":"-16.0355","longitude":"53.1704"},"timezone":{"offset":"+5:00","description":"Ekaterinburg, Islamabad, Karachi, Tashkent"}},"email":"eden.gaillard@example.com","login":{"uuid":"450b1f26-f1c9-4f20-8230-8b94584be208","username":"angrylion721","password":"collin","salt":"gVM9iaUk","md5":"c409fedcd59dc5fae0276341c0c3ef3c","sha1":"16f20ebabdb226b0e8eeebe452706b5b76d3fe95","sha256":"5ee1789ad72ba2bb04e94dff1a533f837b293b7cca10ee359a5d68685d16a0b7"},"dob":{"date":"1978-02-15T05:46:12.974Z","age":46},"registered":{"date":"2008-01-25T18:01:48.322Z","age":16},"phone":"03-27-91-05-35","cell":"06-21-35-50-46","id":{"name":"INSEE","value":"2780164854897 53"},"picture":{"large":"https://randomuser.me/api/portraits/women/34.jpg","medium":"https://randomuser.me/api/portraits/med/women/34.jpg","thumbnail":"https://randomuser.me/api/portraits/thumb/women/34.jpg"},"nat":"FR"}],"info":{"seed":"d7317e5f915f5105","results":1,"page":1,"version":"1.4"}} 
 </msg>
<msg time="2024-03-25T12:24:19.199121" level="INFO">/opt/hostedtoolcache/Python/3.12.2/x64/lib/python3.12/site-packages/urllib3/connectionpool.py:1103: InsecureRequestWarning: Unverified HTTPS request is being made to host 'randomuser.me'. Adding certificate verification is strongly advised. See: https://urllib3.readthedocs.io/en/latest/advanced-usage.html#tls-warnings
  warnings.warn(</msg>
<msg time="2024-03-25T12:24:19.199314" level="INFO">${response} = &lt;Response [200]&gt;</msg>
<var>${response}</var>
<arg>consultarAPI</arg>
<arg>/api</arg>
<doc>Sends a GET request on a previously created HTTP Session.</doc>
<status status="PASS" start="2024-03-25T12:24:19.110450" elapsed="0.088920"/>
</kw>
<kw name="Set Variable" owner="BuiltIn">
<msg time="2024-03-25T12:24:19.200636" level="INFO">${json_data} = {'results': [{'gender': 'female', 'name': {'title': 'Miss', 'first': 'Eden', 'last': 'Gaillard'}, 'location': {'street': {'number': 1007, 'name': 'Rue Paul Bert'}, 'city': 'Bordeaux', 'state': 'Haute-...</msg>
<var>${json_data}</var>
<arg>${response.json()}</arg>
<doc>Returns the given values which can then be assigned to a variables.</doc>
<status status="PASS" start="2024-03-25T12:24:19.200053" elapsed="0.000622"/>
</kw>
<kw name="Log" owner="BuiltIn">
<msg time="2024-03-25T12:24:19.201298" level="INFO">{'results': [{'gender': 'female', 'name': {'title': 'Miss', 'first': 'Eden', 'last': 'Gaillard'}, 'location': {'street': {'number': 1007, 'name': 'Rue Paul Bert'}, 'city': 'Bordeaux', 'state': 'Haute-Marne', 'country': 'France', 'postcode': 98648, 'coordinates': {'latitude': '-16.0355', 'longitude': '53.1704'}, 'timezone': {'offset': '+5:00', 'description': 'Ekaterinburg, Islamabad, Karachi, Tashkent'}}, 'email': 'eden.gaillard@example.com', 'login': {'uuid': '450b1f26-f1c9-4f20-8230-8b94584be208', 'username': 'angrylion721', 'password': 'collin', 'salt': 'gVM9iaUk', 'md5': 'c409fedcd59dc5fae0276341c0c3ef3c', 'sha1': '16f20ebabdb226b0e8eeebe452706b5b76d3fe95', 'sha256': '5ee1789ad72ba2bb04e94dff1a533f837b293b7cca10ee359a5d68685d16a0b7'}, 'dob': {'date': '1978-02-15T05:46:12.974Z', 'age': 46}, 'registered': {'date': '2008-01-25T18:01:48.322Z', 'age': 16}, 'phone': '03-27-91-05-35', 'cell': '06-21-35-50-46', 'id': {'name': 'INSEE', 'value': '2780164854897 53'}, 'picture': {'large': 'https://randomuser.me/api/portraits/women/34.jpg', 'medium': 'https://randomuser.me/api/portraits/med/women/34.jpg', 'thumbnail': 'https://randomuser.me/api/portraits/thumb/women/34.jpg'}, 'nat': 'FR'}], 'info': {'seed': 'd7317e5f915f5105', 'results': 1, 'page': 1, 'version': '1.4'}}</msg>
<arg>${json_data}</arg>
<doc>Logs the given message with the given level.</doc>
<status status="PASS" start="2024-03-25T12:24:19.201094" elapsed="0.000301"/>
</kw>
<kw name="Should Be Equal As Numbers" owner="BuiltIn">
<arg>${json_data['results'][0]['location']['postcode']}</arg>
<arg>${json_data['results'][0]['location']['postcode']}</arg>
<doc>Fails if objects are unequal after converting them to real numbers.</doc>
<status status="PASS" start="2024-03-25T12:24:19.201787" elapsed="0.000757"/>
</kw>
<kw name="Log" owner="BuiltIn">
<msg time="2024-03-25T12:24:19.203184" level="INFO">98648</msg>
<arg>${json_data['results'][0]['location']['postcode']}</arg>
<doc>Logs the given message with the given level.</doc>
<status status="PASS" start="2024-03-25T12:24:19.202788" elapsed="0.000446"/>
</kw>
<status status="PASS" start="2024-03-25T12:24:19.109971" elapsed="0.093661"/>
</kw>
<doc>Testa se os tipos de dados na resposta da API estão corretos.</doc>
<tag>testeTiposDados</tag>
<status status="PASS" start="2024-03-25T12:24:19.027039" elapsed="0.176786"/>
</test>
<test id="s1-s1-t5" name="Validar conteudo" line="35">
<kw name="Teste de Tipos de Conteudo" owner="random-user-service">
<kw name="GET On Session" owner="RequestsLibrary">
<msg time="2024-03-25T12:24:19.308718" level="INFO">GET Request : url=https://randomuser.me/api 
 path_url=/api 
 headers={'User-Agent': 'python-requests/2.31.0', 'Accept-Encoding': 'gzip, deflate', 'Accept': '*/*', 'Connection': 'keep-alive'} 
 body=None 
 </msg>
<msg time="2024-03-25T12:24:19.308836" level="INFO">GET Response : url=https://randomuser.me/api 
 status=200, reason=OK 
 headers={'Date': 'Mon, 25 Mar 2024 12:24:19 GMT', 'Content-Type': 'application/json; charset=utf-8', 'Transfer-Encoding': 'chunked', 'Connection': 'keep-alive', 'X-Powered-By': 'Express', 'Access-Control-Allow-Origin': '*', 'Cache-Control': 'no-cache', 'ETag': 'W/"472-/NSJGKX/C4pWmdCyIfViiRjslMo"', 'Vary': 'Accept-Encoding', 'Content-Encoding': 'gzip', 'CF-Cache-Status': 'DYNAMIC', 'Report-To': '{"endpoints":[{"url":"https:\\/\\/a.nel.cloudflare.com\\/report\\/v4?s=mDBL%2BKYY9X4ub2E8NShbezkxr93%2B3vu0s9zK1JkDTXzJ%2FBx3Ln4TOhOi3efBdwYF0QqU9vieEPuVbzsaLiyBN%2BoM%2BDJAO5DErHFdtj5nZQzLYDrVMZN3BROGhmP3cVXX"}],"group":"cf-nel","max_age":604800}', 'NEL': '{"success_fraction":0,"report_to":"cf-nel","max_age":604800}', 'Server': 'cloudflare', 'CF-RAY': '869ee0900bbd1177-ORD', 'alt-svc': 'h3=":443"; ma=86400'} 
 body={"results":[{"gender":"female","name":{"title":"Mrs","first":"Reshma","last":"Mugeraya"},"location":{"street":{"number":9746,"name":"Rani No Hajiro"},"city":"Katni","state":"Goa","country":"India","postcode":62630,"coordinates":{"latitude":"7.5585","longitude":"89.7508"},"timezone":{"offset":"-10:00","description":"Hawaii"}},"email":"reshma.mugeraya@example.com","login":{"uuid":"a861fb74-9522-44e0-89ff-518080904d66","username":"yellowfrog160","password":"vietnam","salt":"viks5brK","md5":"58c65f8556f8cbc87da3b25425b473e8","sha1":"a4e28f72dbb500f2af45c2175e3961096f8ae5a7","sha256":"70187e4d6eb420823a52d922f49550e225055b04985ed78ddbfefba41e3cbb98"},"dob":{"date":"1974-09-03T09:34:39.914Z","age":49},"registered":{"date":"2002-11-14T07:05:35.979Z","age":21},"phone":"7602843321","cell":"7486263356","id":{"name":"UIDAI","value":"286320300009"},"picture":{"large":"https://randomuser.me/api/portraits/women/52.jpg","medium":"https://randomuser.me/api/portraits/med/women/52.jpg","thumbnail":"https://randomuser.me/api/portraits/thumb/women/52.jpg"},"nat":"IN"}],"info":{"seed":"a19681663a22d850","results":1,"page":1,"version":"1.4"}} 
 </msg>
<msg time="2024-03-25T12:24:19.308919" level="INFO">/opt/hostedtoolcache/Python/3.12.2/x64/lib/python3.12/site-packages/urllib3/connectionpool.py:1103: InsecureRequestWarning: Unverified HTTPS request is being made to host 'randomuser.me'. Adding certificate verification is strongly advised. See: https://urllib3.readthedocs.io/en/latest/advanced-usage.html#tls-warnings
  warnings.warn(</msg>
<msg time="2024-03-25T12:24:19.309080" level="INFO">${response} = &lt;Response [200]&gt;</msg>
<var>${response}</var>
<arg>consultarAPI</arg>
<arg>/api</arg>
<doc>Sends a GET request on a previously created HTTP Session.</doc>
<status status="PASS" start="2024-03-25T12:24:19.206553" elapsed="0.102568"/>
</kw>
<kw name="Set Variable" owner="BuiltIn">
<msg time="2024-03-25T12:24:19.310423" level="INFO">${json_data} = {'results': [{'gender': 'female', 'name': {'title': 'Mrs', 'first': 'Reshma', 'last': 'Mugeraya'}, 'location': {'street': {'number': 9746, 'name': 'Rani No Hajiro'}, 'city': 'Katni', 'state': 'Goa', '...</msg>
<var>${json_data}</var>
<arg>${response.json()}</arg>
<doc>Returns the given values which can then be assigned to a variables.</doc>
<status status="PASS" start="2024-03-25T12:24:19.309804" elapsed="0.000648"/>
</kw>
<kw name="Set Variable" owner="BuiltIn">
<msg time="2024-03-25T12:24:19.311226" level="INFO">${name_title} = Mrs</msg>
<var>${name_title}</var>
<arg>${json_data["results"][0]["name"]["title"]}</arg>
<doc>Returns the given values which can then be assigned to a variables.</doc>
<status status="PASS" start="2024-03-25T12:24:19.310808" elapsed="0.000445"/>
</kw>
<kw name="Create List" owner="BuiltIn">
<msg time="2024-03-25T12:24:19.311865" level="INFO">${allowed_titles} = ['Mr', 'Ms', 'Miss', 'Mrs', 'Madame', 'Monsieur']</msg>
<var>${allowed_titles}</var>
<arg>Mr</arg>
<arg>Ms</arg>
<arg>Miss</arg>
<arg>Mrs</arg>
<arg>Madame</arg>
<arg>Monsieur</arg>
<doc>Returns a list containing given items.</doc>
<status status="PASS" start="2024-03-25T12:24:19.311704" elapsed="0.000186"/>
</kw>
<kw name="List Should Contain Value" owner="Collections">
<msg time="2024-03-25T12:24:19.312402" level="INFO">False</msg>
<arg>${allowed_titles}</arg>
<arg>${name_title}</arg>
<doc>Fails if the ``value`` is not found from ``list``.</doc>
<status status="PASS" start="2024-03-25T12:24:19.312216" elapsed="0.000224"/>
</kw>
<kw name="Set Variable" owner="BuiltIn">
<msg time="2024-03-25T12:24:19.313142" level="INFO">${name_country} = IN</msg>
<var>${name_country}</var>
<arg>${json_data["results"][0]["nat"]}</arg>
<doc>Returns the given values which can then be assigned to a variables.</doc>
<status status="PASS" start="2024-03-25T12:24:19.312735" elapsed="0.000432"/>
</kw>
<kw name="Create List" owner="BuiltIn">
<msg time="2024-03-25T12:24:19.314084" level="INFO">${list_country} = ['AD', 'AE', 'AF', 'AG', 'AI', 'AL', 'AM', 'AO', 'AQ', 'AR', 'AS', 'AT', 'AU', 'AW', 'AX', 'AZ', 'BA', 'BB', 'BD', 'BE', 'BF', 'BG', 'BH', 'BI', 'BJ', 'BL', 'BM', 'BN', 'BO', 'BQ', 'BR', 'BS', 'BT', '...</msg>
<var>${list_country}</var>
<arg>AD</arg>
<arg>AE</arg>
<arg>AF</arg>
<arg>AG</arg>
<arg>AI</arg>
<arg>AL</arg>
<arg>AM</arg>
<arg>AO</arg>
<arg>AQ</arg>
<arg>AR</arg>
<arg>AS</arg>
<arg>AT</arg>
<arg>AU</arg>
<arg>AW</arg>
<arg>AX</arg>
<arg>AZ</arg>
<arg>BA</arg>
<arg>BB</arg>
<arg>BD</arg>
<arg>BE</arg>
<arg>BF</arg>
<arg>BG</arg>
<arg>BH</arg>
<arg>BI</arg>
<arg>BJ</arg>
<arg>BL</arg>
<arg>BM</arg>
<arg>BN</arg>
<arg>BO</arg>
<arg>BQ</arg>
<arg>BR</arg>
<arg>BS</arg>
<arg>BT</arg>
<arg>BV</arg>
<arg>BW</arg>
<arg>BY</arg>
<arg>BZ</arg>
<arg>CA</arg>
<arg>CC</arg>
<arg>CD</arg>
<arg>CF</arg>
<arg>CG</arg>
<arg>CH</arg>
<arg>CI</arg>
<arg>CK</arg>
<arg>CL</arg>
<arg>CM</arg>
<arg>CN</arg>
<arg>CO</arg>
<arg>CR</arg>
<arg>CU</arg>
<arg>CV</arg>
<arg>CW</arg>
<arg>CX</arg>
<arg>CY</arg>
<arg>CZ</arg>
<arg>DE</arg>
<arg>DJ</arg>
<arg>DK</arg>
<arg>DM</arg>
<arg>DO</arg>
<arg>DZ</arg>
<arg>EC</arg>
<arg>EE</arg>
<arg>EG</arg>
<arg>EH</arg>
<arg>ER</arg>
<arg>ES</arg>
<arg>ET</arg>
<arg>FI</arg>
<arg>FJ</arg>
<arg>FK</arg>
<arg>FM</arg>
<arg>FO</arg>
<arg>FR</arg>
<arg>GA</arg>
<arg>GB</arg>
<arg>GD</arg>
<arg>GE</arg>
<arg>GF</arg>
<arg>GG</arg>
<arg>GH</arg>
<arg>GI</arg>
<arg>GL</arg>
<arg>GM</arg>
<arg>GN</arg>
<arg>GP</arg>
<arg>GQ</arg>
<arg>GR</arg>
<arg>GS</arg>
<arg>GT</arg>
<arg>GU</arg>
<arg>GW</arg>
<arg>GY</arg>
<arg>HK</arg>
<arg>HM</arg>
<arg>HN</arg>
<arg>HR</arg>
<arg>HT</arg>
<arg>HU</arg>
<arg>ID</arg>
<arg>IE</arg>
<arg>IL</arg>
<arg>IM</arg>
<arg>IN</arg>
<arg>IO</arg>
<arg>IQ</arg>
<arg>IR</arg>
<arg>IS</arg>
<arg>IT</arg>
<arg>JE</arg>
<arg>JM</arg>
<arg>JO</arg>
<arg>JP</arg>
<arg>KE</arg>
<arg>KG</arg>
<arg>KH</arg>
<arg>KI</arg>
<arg>KM</arg>
<arg>KN</arg>
<arg>KP</arg>
<arg>KR</arg>
<arg>KW</arg>
<arg>KY</arg>
<arg>KZ</arg>
<arg>LA</arg>
<arg>LB</arg>
<arg>LC</arg>
<arg>LI</arg>
<arg>LK</arg>
<arg>LR</arg>
<arg>LS</arg>
<arg>LT</arg>
<arg>LU</arg>
<arg>LV</arg>
<arg>LY</arg>
<arg>MA</arg>
<arg>MC</arg>
<arg>MD</arg>
<arg>ME</arg>
<arg>MF</arg>
<arg>MG</arg>
<arg>MH</arg>
<arg>MK</arg>
<arg>ML</arg>
<arg>MM</arg>
<arg>MN</arg>
<arg>MO</arg>
<arg>MP</arg>
<arg>MQ</arg>
<arg>MR</arg>
<arg>MS</arg>
<arg>MT</arg>
<arg>MU</arg>
<arg>MV</arg>
<arg>MW</arg>
<arg>MX</arg>
<arg>MY</arg>
<arg>MZ</arg>
<arg>NA</arg>
<arg>NC</arg>
<arg>NE</arg>
<arg>NF</arg>
<arg>NG</arg>
<arg>NI</arg>
<arg>NL</arg>
<arg>NO</arg>
<arg>NP</arg>
<arg>NR</arg>
<arg>NU</arg>
<arg>NZ</arg>
<arg>OM</arg>
<arg>PA</arg>
<arg>PE</arg>
<arg>PF</arg>
<arg>PG</arg>
<arg>PH</arg>
<arg>PK</arg>
<arg>PL</arg>
<arg>PM</arg>
<arg>PN</arg>
<arg>PR</arg>
<arg>PS</arg>
<arg>PT</arg>
<arg>PW</arg>
<arg>PY</arg>
<arg>QA</arg>
<arg>RE</arg>
<arg>RO</arg>
<arg>RS</arg>
<arg>RU</arg>
<arg>RW</arg>
<arg>SA</arg>
<arg>SB</arg>
<arg>SC</arg>
<arg>SD</arg>
<arg>SE</arg>
<arg>SG</arg>
<arg>SH</arg>
<arg>SI</arg>
<arg>SJ</arg>
<arg>SK</arg>
<arg>SL</arg>
<arg>SM</arg>
<arg>SN</arg>
<arg>SO</arg>
<arg>SR</arg>
<arg>SS</arg>
<arg>ST</arg>
<arg>SV</arg>
<arg>SX</arg>
<arg>SY</arg>
<arg>SZ</arg>
<arg>TC</arg>
<arg>TD</arg>
<arg>TF</arg>
<arg>TG</arg>
<arg>TH</arg>
<arg>TJ</arg>
<arg>TK</arg>
<arg>TL</arg>
<arg>TM</arg>
<arg>TN</arg>
<arg>TO</arg>
<arg>TR</arg>
<arg>TT</arg>
<arg>TV</arg>
<arg>TW</arg>
<arg>TZ</arg>
<arg>UA</arg>
<arg>UG</arg>
<arg>UM</arg>
<arg>US</arg>
<arg>UY</arg>
<arg>UZ</arg>
<arg>VA</arg>
<arg>VC</arg>
<arg>VE</arg>
<arg>VG</arg>
<arg>VI</arg>
<arg>VN</arg>
<arg>VU</arg>
<arg>WF</arg>
<arg>WS</arg>
<arg>XK</arg>
<arg>YE</arg>
<arg>YT</arg>
<arg>ZA</arg>
<arg>ZM</arg>
<arg>ZW</arg>
<doc>Returns a list containing given items.</doc>
<status status="PASS" start="2024-03-25T12:24:19.313474" elapsed="0.000636"/>
</kw>
<kw name="List Should Contain Value" owner="Collections">
<msg time="2024-03-25T12:24:19.315270" level="INFO">False</msg>
<arg>${list_country}</arg>
<arg>${name_country}</arg>
<doc>Fails if the ``value`` is not found from ``list``.</doc>
<status status="PASS" start="2024-03-25T12:24:19.315058" elapsed="0.000251"/>
</kw>
<kw name="Run Keyword If" owner="BuiltIn">
<kw name="Should Be True" owner="BuiltIn">
<arg>${True}</arg>
<doc>Fails if the given condition is not true.</doc>
<status status="PASS" start="2024-03-25T12:24:19.316461" elapsed="0.000150"/>
</kw>
<arg>${json_data["results"][0]["location"]["coordinates"]["latitude"]} &gt;= -90 and ${json_data["results"][0]["location"]["coordinates"]["latitude"]} &lt;= 90</arg>
<arg>Should Be True</arg>
<arg>${True}</arg>
<doc>Runs the given keyword with the given arguments, if ``condition`` is true.</doc>
<status status="PASS" start="2024-03-25T12:24:19.315668" elapsed="0.001073"/>
</kw>
<kw name="Run Keyword If" owner="BuiltIn">
<kw name="Should Be True" owner="BuiltIn">
<arg>${True}</arg>
<doc>Fails if the given condition is not true.</doc>
<status status="PASS" start="2024-03-25T12:24:19.317656" elapsed="0.000164"/>
</kw>
<arg>${json_data["results"][0]["location"]["coordinates"]["longitude"]} &gt;= -180 and ${json_data["results"][0]["location"]["coordinates"]["longitude"]} &lt;= 180</arg>
<arg>Should Be True</arg>
<arg>${True}</arg>
<doc>Runs the given keyword with the given arguments, if ``condition`` is true.</doc>
<status status="PASS" start="2024-03-25T12:24:19.316927" elapsed="0.001037"/>
</kw>
<status status="PASS" start="2024-03-25T12:24:19.206251" elapsed="0.111874"/>
</kw>
<doc>Testa o conteúdo específico dos campos retornados pela API.</doc>
<tag>testeConteudo</tag>
<status status="PASS" start="2024-03-25T12:24:19.205691" elapsed="0.112611"/>
</test>
<status status="PASS" start="2024-03-25T12:24:18.455979" elapsed="0.864415"/>
</suite>
<status status="PASS" start="2024-03-25T12:24:18.440204" elapsed="0.885847"/>
</suite>
<statistics>
<total>
<stat pass="5" fail="0" skip="0">All Tests</stat>
</total>
<tag>
<stat pass="1" fail="0" skip="0">testeConteudo</stat>
<stat pass="1" fail="0" skip="0">testeEstruturaResposta</stat>
<stat pass="1" fail="0" skip="0">testeRequisicaoBasica</stat>
<stat pass="1" fail="0" skip="0">testeTiposDados</stat>
</tag>
<suite>
<stat pass="5" fail="0" skip="0" id="s1" name="Tests">Tests</stat>
<stat pass="5" fail="0" skip="0" id="s1-s1" name="Random-User-Test">Tests.Random-User-Test</stat>
</suite>
</statistics>
<errors>
</errors>
</robot>
