<?xml version="1.0" encoding="UTF-8"?>
<robot generator="Robot 7.0 (Python 3.12.2 on linux)" generated="2024-03-24T16:15:38.271082" rpa="false" schemaversion="5">
<suite id="s1" name="Tests" source="/home/runner/work/DesafioQAItauRogerioJordao/DesafioQAItauRogerioJordao/RamdonUser/tests">
<suite id="s1-s1" name="Random-User-Test" source="/home/runner/work/DesafioQAItauRogerioJordao/DesafioQAItauRogerioJordao/RamdonUser/tests/random-user-test.robot">
<test id="s1-s1-t1" name="Conectar" line="13">
<kw name="Conectar API" owner="random-user-service">
<kw name="Create Session" owner="RequestsLibrary">
<msg time="2024-03-24T16:15:38.631302" level="INFO">Creating Session using : alias=consultarAPI, url=https://randomuser.me/, headers={},                     cookies={}, auth=None, timeout=None, proxies=None, verify=False,                     debug=0 </msg>
<arg>consultarAPI</arg>
<arg>${URL}</arg>
<doc>Create Session: create a HTTP session to a server</doc>
<status status="PASS" start="2024-03-24T16:15:38.631072" elapsed="0.000402"/>
</kw>
<status status="PASS" start="2024-03-24T16:15:38.630056" elapsed="0.001775"/>
</kw>
<status status="PASS" start="2024-03-24T16:15:38.629553" elapsed="0.002490"/>
</test>
<test id="s1-s1-t2" name="Validar retorno 200 e JSON Válido" line="16">
<kw name="Teste de Requisicao Basica" owner="random-user-service">
<kw name="GET On Session" owner="RequestsLibrary">
<msg time="2024-03-24T16:15:38.886097" level="INFO">GET Request : url=https://randomuser.me/api 
 path_url=/api 
 headers={'User-Agent': 'python-requests/2.31.0', 'Accept-Encoding': 'gzip, deflate', 'Accept': '*/*', 'Connection': 'keep-alive'} 
 body=None 
 </msg>
<msg time="2024-03-24T16:15:38.886263" level="INFO">GET Response : url=https://randomuser.me/api 
 status=200, reason=OK 
 headers={'Date': 'Sun, 24 Mar 2024 16:15:38 GMT', 'Content-Type': 'application/json; charset=utf-8', 'Transfer-Encoding': 'chunked', 'Connection': 'keep-alive', 'X-Powered-By': 'Express', 'Access-Control-Allow-Origin': '*', 'Cache-Control': 'no-cache', 'ETag': 'W/"476-agZTZqcZ2h+bS6BE97WBnbsjmNs"', 'Vary': 'Accept-Encoding', 'Content-Encoding': 'gzip', 'CF-Cache-Status': 'DYNAMIC', 'Report-To': '{"endpoints":[{"url":"https:\\/\\/a.nel.cloudflare.com\\/report\\/v4?s=KJe%2FqIaJrBqH%2Bf%2B8BxvhMbfEWgCqGBT7xoIN89gdP8PpVcfjYb%2FEaO3JOk3U86B4uJRXfr8bz1OhRq8kCldp4F%2BLZXfobDK5X3KlUFhwv2L1TujJx%2Fmm3ygmSvEOKNW2"}],"group":"cf-nel","max_age":604800}', 'NEL': '{"success_fraction":0,"report_to":"cf-nel","max_age":604800}', 'Server': 'cloudflare', 'CF-RAY': '8697f60b6b957bc1-LAX', 'alt-svc': 'h3=":443"; ma=86400'} 
 body={"results":[{"gender":"male","name":{"title":"Mr","first":"Andriy","last":"Bezruchko"},"location":{"street":{"number":5228,"name":"Prospekt Molodi"},"city":"Skalat","state":"Odeska","country":"Ukraine","postcode":99241,"coordinates":{"latitude":"75.5613","longitude":"-86.3402"},"timezone":{"offset":"-3:30","description":"Newfoundland"}},"email":"andriy.bezruchko@example.com","login":{"uuid":"00589c9f-fac4-4e03-ae10-0a7e45eaacc6","username":"beautifulbear122","password":"vampires","salt":"7QXp4blx","md5":"a1c0725224fb1e87a34735d5c4fb1414","sha1":"9a405146cb93a0436b9b1ace80f0baa796ce28ab","sha256":"4c8107ca498010a7362231163c8d6a9847696a80cb2678cca1db5eeb6b19f848"},"dob":{"date":"1982-01-30T20:14:28.953Z","age":42},"registered":{"date":"2011-10-03T11:13:03.561Z","age":12},"phone":"(068) I96-6773","cell":"(067) N14-9044","id":{"name":"","value":null},"picture":{"large":"https://randomuser.me/api/portraits/men/90.jpg","medium":"https://randomuser.me/api/portraits/med/men/90.jpg","thumbnail":"https://randomuser.me/api/portraits/thumb/men/90.jpg"},"nat":"UA"}],"info":{"seed":"6aef4f3003178779","results":1,"page":1,"version":"1.4"}} 
 </msg>
<msg time="2024-03-24T16:15:38.886368" level="INFO">/opt/hostedtoolcache/Python/3.12.2/x64/lib/python3.12/site-packages/urllib3/connectionpool.py:1103: InsecureRequestWarning: Unverified HTTPS request is being made to host 'randomuser.me'. Adding certificate verification is strongly advised. See: https://urllib3.readthedocs.io/en/latest/advanced-usage.html#tls-warnings
  warnings.warn(</msg>
<msg time="2024-03-24T16:15:38.886523" level="INFO">${response} = &lt;Response [200]&gt;</msg>
<var>${response}</var>
<arg>consultarAPI</arg>
<arg>/api</arg>
<doc>Sends a GET request on a previously created HTTP Session.</doc>
<status status="PASS" start="2024-03-24T16:15:38.634735" elapsed="0.251832"/>
</kw>
<kw name="Should Be Equal As Numbers" owner="BuiltIn">
<msg time="2024-03-24T16:15:38.887543" level="INFO">Argument types are:
&lt;class 'int'&gt;
&lt;class 'str'&gt;</msg>
<arg>${response.status_code}</arg>
<arg>200</arg>
<doc>Fails if objects are unequal after converting them to real numbers.</doc>
<status status="PASS" start="2024-03-24T16:15:38.887089" elapsed="0.000518"/>
</kw>
<kw name="Log" owner="BuiltIn">
<msg time="2024-03-24T16:15:38.888278" level="INFO">200</msg>
<arg>${response.status_code}</arg>
<doc>Logs the given message with the given level.</doc>
<status status="PASS" start="2024-03-24T16:15:38.887922" elapsed="0.000399"/>
</kw>
<kw name="Set Variable" owner="BuiltIn">
<msg time="2024-03-24T16:15:38.889075" level="INFO">${json_data} = {'results': [{'gender': 'male', 'name': {'title': 'Mr', 'first': 'Andriy', 'last': 'Bezruchko'}, 'location': {'street': {'number': 5228, 'name': 'Prospekt Molodi'}, 'city': 'Skalat', 'state': 'Odeska'...</msg>
<var>${json_data}</var>
<arg>${response.json()}</arg>
<doc>Returns the given values which can then be assigned to a variables.</doc>
<status status="PASS" start="2024-03-24T16:15:38.888643" elapsed="0.000459"/>
</kw>
<kw name="Dictionary Should Contain Key" owner="Collections">
<msg time="2024-03-24T16:15:38.889566" level="INFO">False</msg>
<arg>${json_data}</arg>
<arg>results</arg>
<doc>Fails if ``key`` is not found from ``dictionary``.</doc>
<status status="PASS" start="2024-03-24T16:15:38.889402" elapsed="0.000203"/>
</kw>
<status status="PASS" start="2024-03-24T16:15:38.634452" elapsed="0.255403"/>
</kw>
<doc>Testa se a API responde corretamente e retorna um objeto JSON válido.</doc>
<tag>testeRequisicaoBasica</tag>
<status status="PASS" start="2024-03-24T16:15:38.633926" elapsed="0.256107"/>
</test>
<test id="s1-s1-t3" name="Validar estrutura de resposta" line="22">
<kw name="Teste de Estrutura de Resposta" owner="random-user-service">
<kw name="GET On Session" owner="RequestsLibrary">
<msg time="2024-03-24T16:15:38.987763" level="INFO">GET Request : url=https://randomuser.me/api 
 path_url=/api 
 headers={'User-Agent': 'python-requests/2.31.0', 'Accept-Encoding': 'gzip, deflate', 'Accept': '*/*', 'Connection': 'keep-alive'} 
 body=None 
 </msg>
<msg time="2024-03-24T16:15:38.987844" level="INFO">GET Response : url=https://randomuser.me/api 
 status=200, reason=OK 
 headers={'Date': 'Sun, 24 Mar 2024 16:15:38 GMT', 'Content-Type': 'application/json; charset=utf-8', 'Transfer-Encoding': 'chunked', 'Connection': 'keep-alive', 'X-Powered-By': 'Express', 'Access-Control-Allow-Origin': '*', 'Cache-Control': 'no-cache', 'ETag': 'W/"4aa-17FEtVM7mRfHSPEzajbUQOB+5fs"', 'Vary': 'Accept-Encoding', 'Content-Encoding': 'gzip', 'CF-Cache-Status': 'DYNAMIC', 'Report-To': '{"endpoints":[{"url":"https:\\/\\/a.nel.cloudflare.com\\/report\\/v4?s=swoAeR5NyPkHk0kg9nIfnGSg8oF7%2BvRqmsC1Jz2UOMv7mT8k%2Bii48jO3co%2FHHE%2FGPDQj6tAl9%2FUyFHFwxJzau4ieUSLkcHZv93b0q9Pgd5m0TZO3j%2FGwVj%2FcMXunejxQ"}],"group":"cf-nel","max_age":604800}', 'NEL': '{"success_fraction":0,"report_to":"cf-nel","max_age":604800}', 'Server': 'cloudflare', 'CF-RAY': '8697f60c1c7f7bc1-LAX', 'alt-svc': 'h3=":443"; ma=86400'} 
 body={"results":[{"gender":"female","name":{"title":"Mrs","first":"Irmtraut","last":"Hennig"},"location":{"street":{"number":3926,"name":"Ringstraße"},"city":"Erbach","state":"Baden-Württemberg","country":"Germany","postcode":13062,"coordinates":{"latitude":"-48.5281","longitude":"153.6702"},"timezone":{"offset":"+11:00","description":"Magadan, Solomon Islands, New Caledonia"}},"email":"irmtraut.hennig@example.com","login":{"uuid":"758f6c30-0fa2-4e8e-887c-06a535786d33","username":"smallbear467","password":"homerun","salt":"8Qi3G5tF","md5":"a746cb0f616350b3587554a10042d4d0","sha1":"d7a1160cfc0eab8be4158835779277333c84d9b5","sha256":"96ee7a8b0f20acfe9e0c14a3875a56034be72dce2c68604ac8510ad036f6ddc5"},"dob":{"date":"1983-06-22T06:26:43.167Z","age":40},"registered":{"date":"2009-08-25T15:13:59.051Z","age":14},"phone":"0345-4822424","cell":"0171-4478917","id":{"name":"SVNR","value":"81 220683 H 879"},"picture":{"large":"https://randomuser.me/api/portraits/women/22.jpg","medium":"https://randomuser.me/api/portraits/med/women/22.jpg","thumbnail":"https://randomuser.me/api/portraits/thumb/women/22.jpg"},"nat":"DE"}],"info":{"seed":"be915680ce06ffbe","results":1,"page":1,"version":"1.4"}} 
 </msg>
<msg time="2024-03-24T16:15:38.987960" level="INFO">/opt/hostedtoolcache/Python/3.12.2/x64/lib/python3.12/site-packages/urllib3/connectionpool.py:1103: InsecureRequestWarning: Unverified HTTPS request is being made to host 'randomuser.me'. Adding certificate verification is strongly advised. See: https://urllib3.readthedocs.io/en/latest/advanced-usage.html#tls-warnings
  warnings.warn(</msg>
<msg time="2024-03-24T16:15:38.988080" level="INFO">${response} = &lt;Response [200]&gt;</msg>
<var>${response}</var>
<arg>consultarAPI</arg>
<arg>/api</arg>
<doc>Sends a GET request on a previously created HTTP Session.</doc>
<status status="PASS" start="2024-03-24T16:15:38.892930" elapsed="0.095188"/>
</kw>
<kw name="Set Variable" owner="BuiltIn">
<msg time="2024-03-24T16:15:38.988998" level="INFO">${json_data} = {'results': [{'gender': 'female', 'name': {'title': 'Mrs', 'first': 'Irmtraut', 'last': 'Hennig'}, 'location': {'street': {'number': 3926, 'name': 'Ringstraße'}, 'city': 'Erbach', 'state': 'Baden-Würt...</msg>
<var>${json_data}</var>
<arg>${response.json()}</arg>
<doc>Returns the given values which can then be assigned to a variables.</doc>
<status status="PASS" start="2024-03-24T16:15:38.988527" elapsed="0.000501"/>
</kw>
<kw name="Log" owner="BuiltIn">
<msg time="2024-03-24T16:15:38.989498" level="INFO">{'results': [{'gender': 'female', 'name': {'title': 'Mrs', 'first': 'Irmtraut', 'last': 'Hennig'}, 'location': {'street': {'number': 3926, 'name': 'Ringstraße'}, 'city': 'Erbach', 'state': 'Baden-Württemberg', 'country': 'Germany', 'postcode': 13062, 'coordinates': {'latitude': '-48.5281', 'longitude': '153.6702'}, 'timezone': {'offset': '+11:00', 'description': 'Magadan, Solomon Islands, New Caledonia'}}, 'email': 'irmtraut.hennig@example.com', 'login': {'uuid': '758f6c30-0fa2-4e8e-887c-06a535786d33', 'username': 'smallbear467', 'password': 'homerun', 'salt': '8Qi3G5tF', 'md5': 'a746cb0f616350b3587554a10042d4d0', 'sha1': 'd7a1160cfc0eab8be4158835779277333c84d9b5', 'sha256': '96ee7a8b0f20acfe9e0c14a3875a56034be72dce2c68604ac8510ad036f6ddc5'}, 'dob': {'date': '1983-06-22T06:26:43.167Z', 'age': 40}, 'registered': {'date': '2009-08-25T15:13:59.051Z', 'age': 14}, 'phone': '0345-4822424', 'cell': '0171-4478917', 'id': {'name': 'SVNR', 'value': '81 220683 H 879'}, 'picture': {'large': 'https://randomuser.me/api/portraits/women/22.jpg', 'medium': 'https://randomuser.me/api/portraits/med/women/22.jpg', 'thumbnail': 'https://randomuser.me/api/portraits/thumb/women/22.jpg'}, 'nat': 'DE'}], 'info': {'seed': 'be915680ce06ffbe', 'results': 1, 'page': 1, 'version': '1.4'}}</msg>
<arg>${json_data}</arg>
<doc>Logs the given message with the given level.</doc>
<status status="PASS" start="2024-03-24T16:15:38.989334" elapsed="0.000212"/>
</kw>
<kw name="Dictionary Should Contain Key" owner="Collections">
<msg time="2024-03-24T16:15:38.989995" level="INFO">False</msg>
<arg>${json_data}</arg>
<arg>results</arg>
<doc>Fails if ``key`` is not found from ``dictionary``.</doc>
<status status="PASS" start="2024-03-24T16:15:38.989840" elapsed="0.000192"/>
</kw>
<kw name="Should Not Be Empty" owner="BuiltIn">
<msg time="2024-03-24T16:15:38.990454" level="INFO">Length is 2.</msg>
<arg>${json_data}</arg>
<doc>Verifies that the given item is not empty.</doc>
<status status="PASS" start="2024-03-24T16:15:38.990325" elapsed="0.000167"/>
</kw>
<kw name="Create List" owner="BuiltIn">
<msg time="2024-03-24T16:15:38.990975" level="INFO">${expected_keys} = ['gender', 'name', 'location', 'email', 'login']</msg>
<var>${expected_keys}</var>
<arg>gender</arg>
<arg>name</arg>
<arg>location</arg>
<arg>email</arg>
<arg>login</arg>
<doc>Returns a list containing given items.</doc>
<status status="PASS" start="2024-03-24T16:15:38.990827" elapsed="0.000172"/>
</kw>
<for flavor="IN">
<iter>
<kw name="Dictionary Should Contain Key" owner="Collections">
<msg time="2024-03-24T16:15:38.991957" level="INFO">False</msg>
<arg>${json_data['results'][0]}</arg>
<arg>${key}</arg>
<doc>Fails if ``key`` is not found from ``dictionary``.</doc>
<status status="PASS" start="2024-03-24T16:15:38.991558" elapsed="0.000438"/>
</kw>
<kw name="Log" owner="BuiltIn">
<msg time="2024-03-24T16:15:38.992715" level="INFO">{'gender': 'female', 'name': {'title': 'Mrs', 'first': 'Irmtraut', 'last': 'Hennig'}, 'location': {'street': {'number': 3926, 'name': 'Ringstraße'}, 'city': 'Erbach', 'state': 'Baden-Württemberg', 'country': 'Germany', 'postcode': 13062, 'coordinates': {'latitude': '-48.5281', 'longitude': '153.6702'}, 'timezone': {'offset': '+11:00', 'description': 'Magadan, Solomon Islands, New Caledonia'}}, 'email': 'irmtraut.hennig@example.com', 'login': {'uuid': '758f6c30-0fa2-4e8e-887c-06a535786d33', 'username': 'smallbear467', 'password': 'homerun', 'salt': '8Qi3G5tF', 'md5': 'a746cb0f616350b3587554a10042d4d0', 'sha1': 'd7a1160cfc0eab8be4158835779277333c84d9b5', 'sha256': '96ee7a8b0f20acfe9e0c14a3875a56034be72dce2c68604ac8510ad036f6ddc5'}, 'dob': {'date': '1983-06-22T06:26:43.167Z', 'age': 40}, 'registered': {'date': '2009-08-25T15:13:59.051Z', 'age': 14}, 'phone': '0345-4822424', 'cell': '0171-4478917', 'id': {'name': 'SVNR', 'value': '81 220683 H 879'}, 'picture': {'large': 'https://randomuser.me/api/portraits/women/22.jpg', 'medium': 'https://randomuser.me/api/portraits/med/women/22.jpg', 'thumbnail': 'https://randomuser.me/api/portraits/thumb/women/22.jpg'}, 'nat': 'DE'}</msg>
<arg>${json_data['results'][0]}</arg>
<doc>Logs the given message with the given level.</doc>
<status status="PASS" start="2024-03-24T16:15:38.992340" elapsed="0.000431"/>
</kw>
<kw name="Log" owner="BuiltIn">
<msg time="2024-03-24T16:15:38.993200" level="INFO">gender</msg>
<arg>${key}</arg>
<doc>Logs the given message with the given level.</doc>
<status status="PASS" start="2024-03-24T16:15:38.993072" elapsed="0.000165"/>
</kw>
<var name="${key}">gender</var>
<status status="PASS" start="2024-03-24T16:15:38.991435" elapsed="0.002018"/>
</iter>
<iter>
<kw name="Dictionary Should Contain Key" owner="Collections">
<msg time="2024-03-24T16:15:38.994133" level="INFO">False</msg>
<arg>${json_data['results'][0]}</arg>
<arg>${key}</arg>
<doc>Fails if ``key`` is not found from ``dictionary``.</doc>
<status status="PASS" start="2024-03-24T16:15:38.993750" elapsed="0.000454"/>
</kw>
<kw name="Log" owner="BuiltIn">
<msg time="2024-03-24T16:15:38.994887" level="INFO">{'gender': 'female', 'name': {'title': 'Mrs', 'first': 'Irmtraut', 'last': 'Hennig'}, 'location': {'street': {'number': 3926, 'name': 'Ringstraße'}, 'city': 'Erbach', 'state': 'Baden-Württemberg', 'country': 'Germany', 'postcode': 13062, 'coordinates': {'latitude': '-48.5281', 'longitude': '153.6702'}, 'timezone': {'offset': '+11:00', 'description': 'Magadan, Solomon Islands, New Caledonia'}}, 'email': 'irmtraut.hennig@example.com', 'login': {'uuid': '758f6c30-0fa2-4e8e-887c-06a535786d33', 'username': 'smallbear467', 'password': 'homerun', 'salt': '8Qi3G5tF', 'md5': 'a746cb0f616350b3587554a10042d4d0', 'sha1': 'd7a1160cfc0eab8be4158835779277333c84d9b5', 'sha256': '96ee7a8b0f20acfe9e0c14a3875a56034be72dce2c68604ac8510ad036f6ddc5'}, 'dob': {'date': '1983-06-22T06:26:43.167Z', 'age': 40}, 'registered': {'date': '2009-08-25T15:13:59.051Z', 'age': 14}, 'phone': '0345-4822424', 'cell': '0171-4478917', 'id': {'name': 'SVNR', 'value': '81 220683 H 879'}, 'picture': {'large': 'https://randomuser.me/api/portraits/women/22.jpg', 'medium': 'https://randomuser.me/api/portraits/med/women/22.jpg', 'thumbnail': 'https://randomuser.me/api/portraits/thumb/women/22.jpg'}, 'nat': 'DE'}</msg>
<arg>${json_data['results'][0]}</arg>
<doc>Logs the given message with the given level.</doc>
<status status="PASS" start="2024-03-24T16:15:38.994502" elapsed="0.000432"/>
</kw>
<kw name="Log" owner="BuiltIn">
<msg time="2024-03-24T16:15:38.995352" level="INFO">name</msg>
<arg>${key}</arg>
<doc>Logs the given message with the given level.</doc>
<status status="PASS" start="2024-03-24T16:15:38.995225" elapsed="0.000164"/>
</kw>
<var name="${key}">name</var>
<status status="PASS" start="2024-03-24T16:15:38.993638" elapsed="0.001962"/>
</iter>
<iter>
<kw name="Dictionary Should Contain Key" owner="Collections">
<msg time="2024-03-24T16:15:38.996252" level="INFO">False</msg>
<arg>${json_data['results'][0]}</arg>
<arg>${key}</arg>
<doc>Fails if ``key`` is not found from ``dictionary``.</doc>
<status status="PASS" start="2024-03-24T16:15:38.995886" elapsed="0.000403"/>
</kw>
<kw name="Log" owner="BuiltIn">
<msg time="2024-03-24T16:15:38.997003" level="INFO">{'gender': 'female', 'name': {'title': 'Mrs', 'first': 'Irmtraut', 'last': 'Hennig'}, 'location': {'street': {'number': 3926, 'name': 'Ringstraße'}, 'city': 'Erbach', 'state': 'Baden-Württemberg', 'country': 'Germany', 'postcode': 13062, 'coordinates': {'latitude': '-48.5281', 'longitude': '153.6702'}, 'timezone': {'offset': '+11:00', 'description': 'Magadan, Solomon Islands, New Caledonia'}}, 'email': 'irmtraut.hennig@example.com', 'login': {'uuid': '758f6c30-0fa2-4e8e-887c-06a535786d33', 'username': 'smallbear467', 'password': 'homerun', 'salt': '8Qi3G5tF', 'md5': 'a746cb0f616350b3587554a10042d4d0', 'sha1': 'd7a1160cfc0eab8be4158835779277333c84d9b5', 'sha256': '96ee7a8b0f20acfe9e0c14a3875a56034be72dce2c68604ac8510ad036f6ddc5'}, 'dob': {'date': '1983-06-22T06:26:43.167Z', 'age': 40}, 'registered': {'date': '2009-08-25T15:13:59.051Z', 'age': 14}, 'phone': '0345-4822424', 'cell': '0171-4478917', 'id': {'name': 'SVNR', 'value': '81 220683 H 879'}, 'picture': {'large': 'https://randomuser.me/api/portraits/women/22.jpg', 'medium': 'https://randomuser.me/api/portraits/med/women/22.jpg', 'thumbnail': 'https://randomuser.me/api/portraits/thumb/women/22.jpg'}, 'nat': 'DE'}</msg>
<arg>${json_data['results'][0]}</arg>
<doc>Logs the given message with the given level.</doc>
<status status="PASS" start="2024-03-24T16:15:38.996639" elapsed="0.000417"/>
</kw>
<kw name="Log" owner="BuiltIn">
<msg time="2024-03-24T16:15:38.997494" level="INFO">location</msg>
<arg>${key}</arg>
<doc>Logs the given message with the given level.</doc>
<status status="PASS" start="2024-03-24T16:15:38.997367" elapsed="0.000163"/>
</kw>
<var name="${key}">location</var>
<status status="PASS" start="2024-03-24T16:15:38.995774" elapsed="0.001968"/>
</iter>
<iter>
<kw name="Dictionary Should Contain Key" owner="Collections">
<msg time="2024-03-24T16:15:38.998387" level="INFO">False</msg>
<arg>${json_data['results'][0]}</arg>
<arg>${key}</arg>
<doc>Fails if ``key`` is not found from ``dictionary``.</doc>
<status status="PASS" start="2024-03-24T16:15:38.998018" elapsed="0.000406"/>
</kw>
<kw name="Log" owner="BuiltIn">
<msg time="2024-03-24T16:15:38.999122" level="INFO">{'gender': 'female', 'name': {'title': 'Mrs', 'first': 'Irmtraut', 'last': 'Hennig'}, 'location': {'street': {'number': 3926, 'name': 'Ringstraße'}, 'city': 'Erbach', 'state': 'Baden-Württemberg', 'country': 'Germany', 'postcode': 13062, 'coordinates': {'latitude': '-48.5281', 'longitude': '153.6702'}, 'timezone': {'offset': '+11:00', 'description': 'Magadan, Solomon Islands, New Caledonia'}}, 'email': 'irmtraut.hennig@example.com', 'login': {'uuid': '758f6c30-0fa2-4e8e-887c-06a535786d33', 'username': 'smallbear467', 'password': 'homerun', 'salt': '8Qi3G5tF', 'md5': 'a746cb0f616350b3587554a10042d4d0', 'sha1': 'd7a1160cfc0eab8be4158835779277333c84d9b5', 'sha256': '96ee7a8b0f20acfe9e0c14a3875a56034be72dce2c68604ac8510ad036f6ddc5'}, 'dob': {'date': '1983-06-22T06:26:43.167Z', 'age': 40}, 'registered': {'date': '2009-08-25T15:13:59.051Z', 'age': 14}, 'phone': '0345-4822424', 'cell': '0171-4478917', 'id': {'name': 'SVNR', 'value': '81 220683 H 879'}, 'picture': {'large': 'https://randomuser.me/api/portraits/women/22.jpg', 'medium': 'https://randomuser.me/api/portraits/med/women/22.jpg', 'thumbnail': 'https://randomuser.me/api/portraits/thumb/women/22.jpg'}, 'nat': 'DE'}</msg>
<arg>${json_data['results'][0]}</arg>
<doc>Logs the given message with the given level.</doc>
<status status="PASS" start="2024-03-24T16:15:38.998757" elapsed="0.000412"/>
</kw>
<kw name="Log" owner="BuiltIn">
<msg time="2024-03-24T16:15:38.999591" level="INFO">email</msg>
<arg>${key}</arg>
<doc>Logs the given message with the given level.</doc>
<status status="PASS" start="2024-03-24T16:15:38.999464" elapsed="0.000164"/>
</kw>
<var name="${key}">email</var>
<status status="PASS" start="2024-03-24T16:15:38.997909" elapsed="0.001929"/>
</iter>
<iter>
<kw name="Dictionary Should Contain Key" owner="Collections">
<msg time="2024-03-24T16:15:39.000501" level="INFO">False</msg>
<arg>${json_data['results'][0]}</arg>
<arg>${key}</arg>
<doc>Fails if ``key`` is not found from ``dictionary``.</doc>
<status status="PASS" start="2024-03-24T16:15:39.000121" elapsed="0.000417"/>
</kw>
<kw name="Log" owner="BuiltIn">
<msg time="2024-03-24T16:15:39.001191" level="INFO">{'gender': 'female', 'name': {'title': 'Mrs', 'first': 'Irmtraut', 'last': 'Hennig'}, 'location': {'street': {'number': 3926, 'name': 'Ringstraße'}, 'city': 'Erbach', 'state': 'Baden-Württemberg', 'country': 'Germany', 'postcode': 13062, 'coordinates': {'latitude': '-48.5281', 'longitude': '153.6702'}, 'timezone': {'offset': '+11:00', 'description': 'Magadan, Solomon Islands, New Caledonia'}}, 'email': 'irmtraut.hennig@example.com', 'login': {'uuid': '758f6c30-0fa2-4e8e-887c-06a535786d33', 'username': 'smallbear467', 'password': 'homerun', 'salt': '8Qi3G5tF', 'md5': 'a746cb0f616350b3587554a10042d4d0', 'sha1': 'd7a1160cfc0eab8be4158835779277333c84d9b5', 'sha256': '96ee7a8b0f20acfe9e0c14a3875a56034be72dce2c68604ac8510ad036f6ddc5'}, 'dob': {'date': '1983-06-22T06:26:43.167Z', 'age': 40}, 'registered': {'date': '2009-08-25T15:13:59.051Z', 'age': 14}, 'phone': '0345-4822424', 'cell': '0171-4478917', 'id': {'name': 'SVNR', 'value': '81 220683 H 879'}, 'picture': {'large': 'https://randomuser.me/api/portraits/women/22.jpg', 'medium': 'https://randomuser.me/api/portraits/med/women/22.jpg', 'thumbnail': 'https://randomuser.me/api/portraits/thumb/women/22.jpg'}, 'nat': 'DE'}</msg>
<arg>${json_data['results'][0]}</arg>
<doc>Logs the given message with the given level.</doc>
<status status="PASS" start="2024-03-24T16:15:39.000829" elapsed="0.000410"/>
</kw>
<kw name="Log" owner="BuiltIn">
<msg time="2024-03-24T16:15:39.001665" level="INFO">login</msg>
<arg>${key}</arg>
<doc>Logs the given message with the given level.</doc>
<status status="PASS" start="2024-03-24T16:15:39.001540" elapsed="0.000295"/>
</kw>
<var name="${key}">login</var>
<status status="PASS" start="2024-03-24T16:15:39.000007" elapsed="0.002052"/>
</iter>
<var>${key}</var>
<value>@{expected_keys}</value>
<status status="PASS" start="2024-03-24T16:15:38.991252" elapsed="0.010931"/>
</for>
<kw name="Create List" owner="BuiltIn">
<msg time="2024-03-24T16:15:39.002519" level="INFO">${expected_keysTwo} = ['username', 'password']</msg>
<var>${expected_keysTwo}</var>
<arg>username</arg>
<arg>password</arg>
<doc>Returns a list containing given items.</doc>
<status status="PASS" start="2024-03-24T16:15:39.002381" elapsed="0.000162"/>
</kw>
<for flavor="IN">
<iter>
<kw name="Dictionary Should Contain Key" owner="Collections">
<msg time="2024-03-24T16:15:39.003481" level="INFO">False</msg>
<arg>${json_data['results'][0]['login']}</arg>
<arg>${keyTwo}</arg>
<doc>Fails if ``key`` is not found from ``dictionary``.</doc>
<status status="PASS" start="2024-03-24T16:15:39.003086" elapsed="0.000432"/>
</kw>
<kw name="Dictionary Should Contain Key" owner="Collections">
<msg time="2024-03-24T16:15:39.004209" level="INFO">False</msg>
<arg>${json_data['results'][0]['login']}</arg>
<arg>${keyTwo}</arg>
<doc>Fails if ``key`` is not found from ``dictionary``.</doc>
<status status="PASS" start="2024-03-24T16:15:39.003822" elapsed="0.000424"/>
</kw>
<kw name="Log" owner="BuiltIn">
<msg time="2024-03-24T16:15:39.004665" level="INFO">username</msg>
<arg>${keyTwo}</arg>
<doc>Logs the given message with the given level.</doc>
<status status="PASS" start="2024-03-24T16:15:39.004539" elapsed="0.000161"/>
</kw>
<var name="${keyTwo}">username</var>
<status status="PASS" start="2024-03-24T16:15:39.002967" elapsed="0.001944"/>
</iter>
<iter>
<kw name="Dictionary Should Contain Key" owner="Collections">
<msg time="2024-03-24T16:15:39.005561" level="INFO">False</msg>
<arg>${json_data['results'][0]['login']}</arg>
<arg>${keyTwo}</arg>
<doc>Fails if ``key`` is not found from ``dictionary``.</doc>
<status status="PASS" start="2024-03-24T16:15:39.005188" elapsed="0.000409"/>
</kw>
<kw name="Dictionary Should Contain Key" owner="Collections">
<msg time="2024-03-24T16:15:39.006257" level="INFO">False</msg>
<arg>${json_data['results'][0]['login']}</arg>
<arg>${keyTwo}</arg>
<doc>Fails if ``key`` is not found from ``dictionary``.</doc>
<status status="PASS" start="2024-03-24T16:15:39.005888" elapsed="0.000404"/>
</kw>
<kw name="Log" owner="BuiltIn">
<msg time="2024-03-24T16:15:39.006758" level="INFO">password</msg>
<arg>${keyTwo}</arg>
<doc>Logs the given message with the given level.</doc>
<status status="PASS" start="2024-03-24T16:15:39.006606" elapsed="0.000189"/>
</kw>
<var name="${keyTwo}">password</var>
<status status="PASS" start="2024-03-24T16:15:39.005080" elapsed="0.001930"/>
</iter>
<var>${keyTwo}</var>
<value>@{expected_keysTwo}</value>
<status status="PASS" start="2024-03-24T16:15:39.002809" elapsed="0.004321"/>
</for>
<status status="PASS" start="2024-03-24T16:15:38.892695" elapsed="0.114576"/>
</kw>
<doc>Testa a estrutura da resposta da API.</doc>
<tag>testeEstruturaResposta</tag>
<status status="PASS" start="2024-03-24T16:15:38.891913" elapsed="0.115527"/>
</test>
<test id="s1-s1-t4" name="Validar tipos de dados" line="28">
<kw name="Teste de Tipos de Dados" owner="random-user-service">
<kw name="GET On Session" owner="RequestsLibrary">
<msg time="2024-03-24T16:15:39.114944" level="INFO">GET Request : url=https://randomuser.me/api 
 path_url=/api 
 headers={'User-Agent': 'python-requests/2.31.0', 'Accept-Encoding': 'gzip, deflate', 'Accept': '*/*', 'Connection': 'keep-alive'} 
 body=None 
 </msg>
<msg time="2024-03-24T16:15:39.115046" level="INFO">GET Response : url=https://randomuser.me/api 
 status=200, reason=OK 
 headers={'Date': 'Sun, 24 Mar 2024 16:15:39 GMT', 'Content-Type': 'application/json; charset=utf-8', 'Transfer-Encoding': 'chunked', 'Connection': 'keep-alive', 'X-Powered-By': 'Express', 'Access-Control-Allow-Origin': '*', 'Cache-Control': 'no-cache', 'ETag': 'W/"484-7DwtWvo4RnOa28clXtenHpGsnC0"', 'Vary': 'Accept-Encoding', 'Content-Encoding': 'gzip', 'CF-Cache-Status': 'DYNAMIC', 'Report-To': '{"endpoints":[{"url":"https:\\/\\/a.nel.cloudflare.com\\/report\\/v4?s=29kdmKjE9KL4SQg0Qz2YqreBWTNDCwn7lwqUDFWea4tONCw%2FqrMq2PQoYh0aRdgFcgkTVp06iMiZpHFn7S5m5k4oT0j7NeqSs1EYYLhPUaGV%2BLL1AbrFXeJab3p1cCJh"}],"group":"cf-nel","max_age":604800}', 'NEL': '{"success_fraction":0,"report_to":"cf-nel","max_age":604800}', 'Server': 'cloudflare', 'CF-RAY': '8697f60cdd7e7bc1-LAX', 'alt-svc': 'h3=":443"; ma=86400'} 
 body={"results":[{"gender":"male","name":{"title":"Mr","first":"Gabriel","last":"Lima"},"location":{"street":{"number":4547,"name":"Rua Rui Barbosa "},"city":"Manaus","state":"Tocantins","country":"Brazil","postcode":27996,"coordinates":{"latitude":"-73.6568","longitude":"-4.7319"},"timezone":{"offset":"+6:00","description":"Almaty, Dhaka, Colombo"}},"email":"gabriel.lima@example.com","login":{"uuid":"68c798f3-a47e-4147-9de3-5fef6580c040","username":"tinyduck427","password":"snowbird","salt":"QqD4fqB2","md5":"17c75e37d9ff4f80844c74042cbbb68f","sha1":"46bceefff16c5b2215e1a1a207e346d8e2aa650b","sha256":"31161acacc8bb6eb8ee86bba4da2ca6fd73b07cb9dd9e0a7c9663c72aa1ce834"},"dob":{"date":"2000-06-10T23:05:57.583Z","age":23},"registered":{"date":"2020-01-02T17:38:01.600Z","age":4},"phone":"(43) 5080-2069","cell":"(57) 3581-4319","id":{"name":"CPF","value":"997.474.401-16"},"picture":{"large":"https://randomuser.me/api/portraits/men/94.jpg","medium":"https://randomuser.me/api/portraits/med/men/94.jpg","thumbnail":"https://randomuser.me/api/portraits/thumb/men/94.jpg"},"nat":"BR"}],"info":{"seed":"98f6a262bf1a48e0","results":1,"page":1,"version":"1.4"}} 
 </msg>
<msg time="2024-03-24T16:15:39.115118" level="INFO">/opt/hostedtoolcache/Python/3.12.2/x64/lib/python3.12/site-packages/urllib3/connectionpool.py:1103: InsecureRequestWarning: Unverified HTTPS request is being made to host 'randomuser.me'. Adding certificate verification is strongly advised. See: https://urllib3.readthedocs.io/en/latest/advanced-usage.html#tls-warnings
  warnings.warn(</msg>
<msg time="2024-03-24T16:15:39.115269" level="INFO">${response} = &lt;Response [200]&gt;</msg>
<var>${response}</var>
<arg>consultarAPI</arg>
<arg>/api</arg>
<doc>Sends a GET request on a previously created HTTP Session.</doc>
<status status="PASS" start="2024-03-24T16:15:39.009886" elapsed="0.105436"/>
</kw>
<kw name="Set Variable" owner="BuiltIn">
<msg time="2024-03-24T16:15:39.116322" level="INFO">${json_data} = {'results': [{'gender': 'male', 'name': {'title': 'Mr', 'first': 'Gabriel', 'last': 'Lima'}, 'location': {'street': {'number': 4547, 'name': 'Rua Rui Barbosa '}, 'city': 'Manaus', 'state': 'Tocantins'...</msg>
<var>${json_data}</var>
<arg>${response.json()}</arg>
<doc>Returns the given values which can then be assigned to a variables.</doc>
<status status="PASS" start="2024-03-24T16:15:39.115828" elapsed="0.000522"/>
</kw>
<kw name="Log" owner="BuiltIn">
<msg time="2024-03-24T16:15:39.116857" level="INFO">{'results': [{'gender': 'male', 'name': {'title': 'Mr', 'first': 'Gabriel', 'last': 'Lima'}, 'location': {'street': {'number': 4547, 'name': 'Rua Rui Barbosa '}, 'city': 'Manaus', 'state': 'Tocantins', 'country': 'Brazil', 'postcode': 27996, 'coordinates': {'latitude': '-73.6568', 'longitude': '-4.7319'}, 'timezone': {'offset': '+6:00', 'description': 'Almaty, Dhaka, Colombo'}}, 'email': 'gabriel.lima@example.com', 'login': {'uuid': '68c798f3-a47e-4147-9de3-5fef6580c040', 'username': 'tinyduck427', 'password': 'snowbird', 'salt': 'QqD4fqB2', 'md5': '17c75e37d9ff4f80844c74042cbbb68f', 'sha1': '46bceefff16c5b2215e1a1a207e346d8e2aa650b', 'sha256': '31161acacc8bb6eb8ee86bba4da2ca6fd73b07cb9dd9e0a7c9663c72aa1ce834'}, 'dob': {'date': '2000-06-10T23:05:57.583Z', 'age': 23}, 'registered': {'date': '2020-01-02T17:38:01.600Z', 'age': 4}, 'phone': '(43) 5080-2069', 'cell': '(57) 3581-4319', 'id': {'name': 'CPF', 'value': '997.474.401-16'}, 'picture': {'large': 'https://randomuser.me/api/portraits/men/94.jpg', 'medium': 'https://randomuser.me/api/portraits/med/men/94.jpg', 'thumbnail': 'https://randomuser.me/api/portraits/thumb/men/94.jpg'}, 'nat': 'BR'}], 'info': {'seed': '98f6a262bf1a48e0', 'results': 1, 'page': 1, 'version': '1.4'}}</msg>
<arg>${json_data}</arg>
<doc>Logs the given message with the given level.</doc>
<status status="PASS" start="2024-03-24T16:15:39.116680" elapsed="0.000263"/>
</kw>
<kw name="Should Be String" owner="String">
<arg>${json_data['results'][0]['gender']}</arg>
<doc>Fails if the given ``item`` is not a string.</doc>
<status status="PASS" start="2024-03-24T16:15:39.117250" elapsed="0.000370"/>
</kw>
<kw name="Should Match Regexp" owner="BuiltIn">
<arg>${json_data['results'][0]['email']}</arg>
<arg>^[a-zA-Z0-9._%+-]+@[a-zA-Z0-9.-]+\.[a-zA-Z]{2,}$</arg>
<doc>Fails if ``string`` does not match ``pattern`` as a regular expression.</doc>
<status status="PASS" start="2024-03-24T16:15:39.117815" elapsed="0.000514"/>
</kw>
<kw name="Should Match Regexp" owner="BuiltIn">
<arg>${json_data['results'][0]['dob']['date']}</arg>
<arg>\\d{4}-\\d{2}-\\d{2}T\\d{2}:\\d{2}:\\d{2}\\.\\d{3}Z</arg>
<doc>Fails if ``string`` does not match ``pattern`` as a regular expression.</doc>
<status status="PASS" start="2024-03-24T16:15:39.118526" elapsed="0.000535"/>
</kw>
<kw name="Should Match Regexp" owner="BuiltIn">
<arg>${json_data['results'][0]['registered']['date']}</arg>
<arg>\\d{4}-\\d{2}-\\d{2}T\\d{2}:\\d{2}:\\d{2}\\.\\d{3}Z</arg>
<doc>Fails if ``string`` does not match ``pattern`` as a regular expression.</doc>
<status status="PASS" start="2024-03-24T16:15:39.119255" elapsed="0.000365"/>
</kw>
<kw name="Should Match Regexp" owner="BuiltIn">
<arg>${json_data['results'][0]['picture']['large']}</arg>
<arg>^https?://.*\.(?:png|jpe?g|gif|bmp)$</arg>
<doc>Fails if ``string`` does not match ``pattern`` as a regular expression.</doc>
<status status="PASS" start="2024-03-24T16:15:39.119806" elapsed="0.000453"/>
</kw>
<kw name="Should Match Regexp" owner="BuiltIn">
<arg>${json_data['results'][0]['picture']['medium']}</arg>
<arg>^https?://.*\.(?:png|jpe?g|gif|bmp)$</arg>
<doc>Fails if ``string`` does not match ``pattern`` as a regular expression.</doc>
<status status="PASS" start="2024-03-24T16:15:39.120449" elapsed="0.000357"/>
</kw>
<kw name="Should Match Regexp" owner="BuiltIn">
<arg>${json_data['results'][0]['picture']['thumbnail']}</arg>
<arg>^https?://.*\.(?:png|jpe?g|gif|bmp)$</arg>
<doc>Fails if ``string`` does not match ``pattern`` as a regular expression.</doc>
<status status="PASS" start="2024-03-24T16:15:39.120989" elapsed="0.000343"/>
</kw>
<kw name="Log" owner="BuiltIn">
<msg time="2024-03-24T16:15:39.121858" level="INFO">{'large': 'https://randomuser.me/api/portraits/men/94.jpg', 'medium': 'https://randomuser.me/api/portraits/med/men/94.jpg', 'thumbnail': 'https://randomuser.me/api/portraits/thumb/men/94.jpg'}</msg>
<arg>${json_data['results'][0]['picture']}</arg>
<doc>Logs the given message with the given level.</doc>
<status status="PASS" start="2024-03-24T16:15:39.121526" elapsed="0.000377"/>
</kw>
<status status="PASS" start="2024-03-24T16:15:39.009654" elapsed="0.112506"/>
</kw>
<kw name="Teste de Tipos de Dados - Postcode" owner="random-user-service">
<kw name="GET On Session" owner="RequestsLibrary">
<msg time="2024-03-24T16:15:39.217068" level="INFO">GET Request : url=https://randomuser.me/api 
 path_url=/api 
 headers={'User-Agent': 'python-requests/2.31.0', 'Accept-Encoding': 'gzip, deflate', 'Accept': '*/*', 'Connection': 'keep-alive'} 
 body=None 
 </msg>
<msg time="2024-03-24T16:15:39.217154" level="INFO">GET Response : url=https://randomuser.me/api 
 status=200, reason=OK 
 headers={'Date': 'Sun, 24 Mar 2024 16:15:39 GMT', 'Content-Type': 'application/json; charset=utf-8', 'Transfer-Encoding': 'chunked', 'Connection': 'keep-alive', 'X-Powered-By': 'Express', 'Access-Control-Allow-Origin': '*', 'Cache-Control': 'no-cache', 'ETag': 'W/"492-/h0mFvdEJ+YjucjPWohKehP+ltM"', 'Vary': 'Accept-Encoding', 'Content-Encoding': 'gzip', 'CF-Cache-Status': 'DYNAMIC', 'Report-To': '{"endpoints":[{"url":"https:\\/\\/a.nel.cloudflare.com\\/report\\/v4?s=WF45PiJcLaNZS6ZPbmVTmurdHt033LmyRdPCaBDXhvG3LES%2F85pqD1vD%2B1um7QOIrbg5emeNWs57RkAVzdkujj01jxxET18Fff7Ds12tdexaTx56pZcgRgWPHbof8fEq"}],"group":"cf-nel","max_age":604800}', 'NEL': '{"success_fraction":0,"report_to":"cf-nel","max_age":604800}', 'Server': 'cloudflare', 'CF-RAY': '8697f60d8e3e7bc1-LAX', 'alt-svc': 'h3=":443"; ma=86400'} 
 body={"results":[{"gender":"female","name":{"title":"Ms","first":"Soledad","last":"Blanco"},"location":{"street":{"number":6978,"name":"Circunvalación Guerrero"},"city":"Piedras Negras","state":"Sonora","country":"Mexico","postcode":66015,"coordinates":{"latitude":"25.0755","longitude":"58.2323"},"timezone":{"offset":"+5:45","description":"Kathmandu"}},"email":"soledad.blanco@example.com","login":{"uuid":"e1fcb69c-93e7-477e-bc27-4215627e0544","username":"heavyelephant237","password":"biit","salt":"o5BBB5TU","md5":"54ab84770028a8c371481e4861487d62","sha1":"d8d3417b574a9dbc55b40e8e36f757f3eb31b11b","sha256":"327121df85f784596b40d2ea9ce0c630b267d59f2d64d736ad80714844fd0a8d"},"dob":{"date":"1951-09-05T07:17:37.770Z","age":72},"registered":{"date":"2009-06-26T21:01:02.603Z","age":14},"phone":"(614) 803 2265","cell":"(645) 492 8774","id":{"name":"NSS","value":"60 41 14 2704 2"},"picture":{"large":"https://randomuser.me/api/portraits/women/39.jpg","medium":"https://randomuser.me/api/portraits/med/women/39.jpg","thumbnail":"https://randomuser.me/api/portraits/thumb/women/39.jpg"},"nat":"MX"}],"info":{"seed":"69c1089a492ac4ed","results":1,"page":1,"version":"1.4"}} 
 </msg>
<msg time="2024-03-24T16:15:39.217241" level="INFO">/opt/hostedtoolcache/Python/3.12.2/x64/lib/python3.12/site-packages/urllib3/connectionpool.py:1103: InsecureRequestWarning: Unverified HTTPS request is being made to host 'randomuser.me'. Adding certificate verification is strongly advised. See: https://urllib3.readthedocs.io/en/latest/advanced-usage.html#tls-warnings
  warnings.warn(</msg>
<msg time="2024-03-24T16:15:39.217382" level="INFO">${response} = &lt;Response [200]&gt;</msg>
<var>${response}</var>
<arg>consultarAPI</arg>
<arg>/api</arg>
<doc>Sends a GET request on a previously created HTTP Session.</doc>
<status status="PASS" start="2024-03-24T16:15:39.122783" elapsed="0.094651"/>
</kw>
<kw name="Set Variable" owner="BuiltIn">
<msg time="2024-03-24T16:15:39.218398" level="INFO">${json_data} = {'results': [{'gender': 'female', 'name': {'title': 'Ms', 'first': 'Soledad', 'last': 'Blanco'}, 'location': {'street': {'number': 6978, 'name': 'Circunvalación Guerrero'}, 'city': 'Piedras Negras', '...</msg>
<var>${json_data}</var>
<arg>${response.json()}</arg>
<doc>Returns the given values which can then be assigned to a variables.</doc>
<status status="PASS" start="2024-03-24T16:15:39.217913" elapsed="0.000514"/>
</kw>
<kw name="Log" owner="BuiltIn">
<msg time="2024-03-24T16:15:39.218938" level="INFO">{'results': [{'gender': 'female', 'name': {'title': 'Ms', 'first': 'Soledad', 'last': 'Blanco'}, 'location': {'street': {'number': 6978, 'name': 'Circunvalación Guerrero'}, 'city': 'Piedras Negras', 'state': 'Sonora', 'country': 'Mexico', 'postcode': 66015, 'coordinates': {'latitude': '25.0755', 'longitude': '58.2323'}, 'timezone': {'offset': '+5:45', 'description': 'Kathmandu'}}, 'email': 'soledad.blanco@example.com', 'login': {'uuid': 'e1fcb69c-93e7-477e-bc27-4215627e0544', 'username': 'heavyelephant237', 'password': 'biit', 'salt': 'o5BBB5TU', 'md5': '54ab84770028a8c371481e4861487d62', 'sha1': 'd8d3417b574a9dbc55b40e8e36f757f3eb31b11b', 'sha256': '327121df85f784596b40d2ea9ce0c630b267d59f2d64d736ad80714844fd0a8d'}, 'dob': {'date': '1951-09-05T07:17:37.770Z', 'age': 72}, 'registered': {'date': '2009-06-26T21:01:02.603Z', 'age': 14}, 'phone': '(614) 803 2265', 'cell': '(645) 492 8774', 'id': {'name': 'NSS', 'value': '60 41 14 2704 2'}, 'picture': {'large': 'https://randomuser.me/api/portraits/women/39.jpg', 'medium': 'https://randomuser.me/api/portraits/med/women/39.jpg', 'thumbnail': 'https://randomuser.me/api/portraits/thumb/women/39.jpg'}, 'nat': 'MX'}], 'info': {'seed': '69c1089a492ac4ed', 'results': 1, 'page': 1, 'version': '1.4'}}</msg>
<arg>${json_data}</arg>
<doc>Logs the given message with the given level.</doc>
<status status="PASS" start="2024-03-24T16:15:39.218773" elapsed="0.000245"/>
</kw>
<kw name="Should Be Equal As Numbers" owner="BuiltIn">
<arg>${json_data['results'][0]['location']['postcode']}</arg>
<arg>${json_data['results'][0]['location']['postcode']}</arg>
<doc>Fails if objects are unequal after converting them to real numbers.</doc>
<status status="PASS" start="2024-03-24T16:15:39.219324" elapsed="0.000647"/>
</kw>
<kw name="Log" owner="BuiltIn">
<msg time="2024-03-24T16:15:39.220505" level="INFO">66015</msg>
<arg>${json_data['results'][0]['location']['postcode']}</arg>
<doc>Logs the given message with the given level.</doc>
<status status="PASS" start="2024-03-24T16:15:39.220167" elapsed="0.000378"/>
</kw>
<status status="PASS" start="2024-03-24T16:15:39.122386" elapsed="0.098413"/>
</kw>
<doc>Testa se os tipos de dados na resposta da API estão corretos.</doc>
<tag>testeTiposDados</tag>
<status status="PASS" start="2024-03-24T16:15:39.009197" elapsed="0.211771"/>
</test>
<test id="s1-s1-t5" name="Validar conteudo" line="35">
<kw name="Teste de Tipos de Conteudo" owner="random-user-service">
<kw name="GET On Session" owner="RequestsLibrary">
<msg time="2024-03-24T16:15:39.329646" level="INFO">GET Request : url=https://randomuser.me/api 
 path_url=/api 
 headers={'User-Agent': 'python-requests/2.31.0', 'Accept-Encoding': 'gzip, deflate', 'Accept': '*/*', 'Connection': 'keep-alive'} 
 body=None 
 </msg>
<msg time="2024-03-24T16:15:39.329731" level="INFO">GET Response : url=https://randomuser.me/api 
 status=200, reason=OK 
 headers={'Date': 'Sun, 24 Mar 2024 16:15:39 GMT', 'Content-Type': 'application/json; charset=utf-8', 'Transfer-Encoding': 'chunked', 'Connection': 'keep-alive', 'X-Powered-By': 'Express', 'Access-Control-Allow-Origin': '*', 'Cache-Control': 'no-cache', 'ETag': 'W/"48e-SvQsHOHw3R67vN4nksUjTYeaRHQ"', 'Vary': 'Accept-Encoding', 'Content-Encoding': 'gzip', 'CF-Cache-Status': 'DYNAMIC', 'Report-To': '{"endpoints":[{"url":"https:\\/\\/a.nel.cloudflare.com\\/report\\/v4?s=N0IUXewCNfYJB4IZDcJ456gHJNILpggx40FfnXsxj%2Fcx22itDaBsXCM5SqVa8iVstaPIosXaofrBjvCHk6dT3G5g3v4vu8rR4rjm1Vw6cXvAYsB6NlVG50g0hBj9ag04"}],"group":"cf-nel","max_age":604800}', 'NEL': '{"success_fraction":0,"report_to":"cf-nel","max_age":604800}', 'Server': 'cloudflare', 'CF-RAY': '8697f60e2f117bc1-LAX', 'alt-svc': 'h3=":443"; ma=86400'} 
 body={"results":[{"gender":"male","name":{"title":"Mr","first":"Vinay","last":"Klaasse"},"location":{"street":{"number":780,"name":"Beijerdstraat"},"city":"Zuurdijk","state":"Noord-Holland","country":"Netherlands","postcode":"0766 OQ","coordinates":{"latitude":"34.4811","longitude":"-163.5194"},"timezone":{"offset":"-1:00","description":"Azores, Cape Verde Islands"}},"email":"vinay.klaasse@example.com","login":{"uuid":"e5611f91-5db7-4293-994d-e7229ce0209a","username":"brownswan926","password":"maggot","salt":"u2UEiMlw","md5":"55be12086a990e26cdc8e2baab820b47","sha1":"e60247a9aff0e03cc63f3566608bfd6a2e3c5730","sha256":"500c9a539bdd223234f35aa39ca027ccbf07477c45f7c754d156a986d1b61745"},"dob":{"date":"1969-10-23T13:28:13.045Z","age":54},"registered":{"date":"2005-09-23T00:13:26.905Z","age":18},"phone":"(067) 9010667","cell":"(06) 73911534","id":{"name":"BSN","value":"54040918"},"picture":{"large":"https://randomuser.me/api/portraits/men/18.jpg","medium":"https://randomuser.me/api/portraits/med/men/18.jpg","thumbnail":"https://randomuser.me/api/portraits/thumb/men/18.jpg"},"nat":"NL"}],"info":{"seed":"afd87ae0676d0291","results":1,"page":1,"version":"1.4"}} 
 </msg>
<msg time="2024-03-24T16:15:39.329803" level="INFO">/opt/hostedtoolcache/Python/3.12.2/x64/lib/python3.12/site-packages/urllib3/connectionpool.py:1103: InsecureRequestWarning: Unverified HTTPS request is being made to host 'randomuser.me'. Adding certificate verification is strongly advised. See: https://urllib3.readthedocs.io/en/latest/advanced-usage.html#tls-warnings
  warnings.warn(</msg>
<msg time="2024-03-24T16:15:39.329916" level="INFO">${response} = &lt;Response [200]&gt;</msg>
<var>${response}</var>
<arg>consultarAPI</arg>
<arg>/api</arg>
<doc>Sends a GET request on a previously created HTTP Session.</doc>
<status status="PASS" start="2024-03-24T16:15:39.223542" elapsed="0.106416"/>
</kw>
<kw name="Set Variable" owner="BuiltIn">
<msg time="2024-03-24T16:15:39.330861" level="INFO">${json_data} = {'results': [{'gender': 'male', 'name': {'title': 'Mr', 'first': 'Vinay', 'last': 'Klaasse'}, 'location': {'street': {'number': 780, 'name': 'Beijerdstraat'}, 'city': 'Zuurdijk', 'state': 'Noord-Holla...</msg>
<var>${json_data}</var>
<arg>${response.json()}</arg>
<doc>Returns the given values which can then be assigned to a variables.</doc>
<status status="PASS" start="2024-03-24T16:15:39.330379" elapsed="0.000510"/>
</kw>
<kw name="Set Variable" owner="BuiltIn">
<msg time="2024-03-24T16:15:39.331567" level="INFO">${name_title} = Mr</msg>
<var>${name_title}</var>
<arg>${json_data["results"][0]["name"]["title"]}</arg>
<doc>Returns the given values which can then be assigned to a variables.</doc>
<status status="PASS" start="2024-03-24T16:15:39.331192" elapsed="0.000400"/>
</kw>
<kw name="Create List" owner="BuiltIn">
<msg time="2024-03-24T16:15:39.332043" level="INFO">${allowed_titles} = ['Mr', 'Ms', 'Miss', 'Mrs', 'Madame', 'Monsieur']</msg>
<var>${allowed_titles}</var>
<arg>Mr</arg>
<arg>Ms</arg>
<arg>Miss</arg>
<arg>Mrs</arg>
<arg>Madame</arg>
<arg>Monsieur</arg>
<doc>Returns a list containing given items.</doc>
<status status="PASS" start="2024-03-24T16:15:39.331892" elapsed="0.000175"/>
</kw>
<kw name="List Should Contain Value" owner="Collections">
<msg time="2024-03-24T16:15:39.332551" level="INFO">False</msg>
<arg>${allowed_titles}</arg>
<arg>${name_title}</arg>
<doc>Fails if the ``value`` is not found from ``list``.</doc>
<status status="PASS" start="2024-03-24T16:15:39.332375" elapsed="0.000214"/>
</kw>
<kw name="Set Variable" owner="BuiltIn">
<msg time="2024-03-24T16:15:39.333261" level="INFO">${name_country} = NL</msg>
<var>${name_country}</var>
<arg>${json_data["results"][0]["nat"]}</arg>
<doc>Returns the given values which can then be assigned to a variables.</doc>
<status status="PASS" start="2024-03-24T16:15:39.332882" elapsed="0.000404"/>
</kw>
<kw name="Create List" owner="BuiltIn">
<msg time="2024-03-24T16:15:39.334194" level="INFO">${list_country} = ['AD', 'AE', 'AF', 'AG', 'AI', 'AL', 'AM', 'AO', 'AQ', 'AR', 'AS', 'AT', 'AU', 'AW', 'AX', 'AZ', 'BA', 'BB', 'BD', 'BE', 'BF', 'BG', 'BH', 'BI', 'BJ', 'BL', 'BM', 'BN', 'BO', 'BQ', 'BR', 'BS', 'BT', '...</msg>
<var>${list_country}</var>
<arg>AD</arg>
<arg>AE</arg>
<arg>AF</arg>
<arg>AG</arg>
<arg>AI</arg>
<arg>AL</arg>
<arg>AM</arg>
<arg>AO</arg>
<arg>AQ</arg>
<arg>AR</arg>
<arg>AS</arg>
<arg>AT</arg>
<arg>AU</arg>
<arg>AW</arg>
<arg>AX</arg>
<arg>AZ</arg>
<arg>BA</arg>
<arg>BB</arg>
<arg>BD</arg>
<arg>BE</arg>
<arg>BF</arg>
<arg>BG</arg>
<arg>BH</arg>
<arg>BI</arg>
<arg>BJ</arg>
<arg>BL</arg>
<arg>BM</arg>
<arg>BN</arg>
<arg>BO</arg>
<arg>BQ</arg>
<arg>BR</arg>
<arg>BS</arg>
<arg>BT</arg>
<arg>BV</arg>
<arg>BW</arg>
<arg>BY</arg>
<arg>BZ</arg>
<arg>CA</arg>
<arg>CC</arg>
<arg>CD</arg>
<arg>CF</arg>
<arg>CG</arg>
<arg>CH</arg>
<arg>CI</arg>
<arg>CK</arg>
<arg>CL</arg>
<arg>CM</arg>
<arg>CN</arg>
<arg>CO</arg>
<arg>CR</arg>
<arg>CU</arg>
<arg>CV</arg>
<arg>CW</arg>
<arg>CX</arg>
<arg>CY</arg>
<arg>CZ</arg>
<arg>DE</arg>
<arg>DJ</arg>
<arg>DK</arg>
<arg>DM</arg>
<arg>DO</arg>
<arg>DZ</arg>
<arg>EC</arg>
<arg>EE</arg>
<arg>EG</arg>
<arg>EH</arg>
<arg>ER</arg>
<arg>ES</arg>
<arg>ET</arg>
<arg>FI</arg>
<arg>FJ</arg>
<arg>FK</arg>
<arg>FM</arg>
<arg>FO</arg>
<arg>FR</arg>
<arg>GA</arg>
<arg>GB</arg>
<arg>GD</arg>
<arg>GE</arg>
<arg>GF</arg>
<arg>GG</arg>
<arg>GH</arg>
<arg>GI</arg>
<arg>GL</arg>
<arg>GM</arg>
<arg>GN</arg>
<arg>GP</arg>
<arg>GQ</arg>
<arg>GR</arg>
<arg>GS</arg>
<arg>GT</arg>
<arg>GU</arg>
<arg>GW</arg>
<arg>GY</arg>
<arg>HK</arg>
<arg>HM</arg>
<arg>HN</arg>
<arg>HR</arg>
<arg>HT</arg>
<arg>HU</arg>
<arg>ID</arg>
<arg>IE</arg>
<arg>IL</arg>
<arg>IM</arg>
<arg>IN</arg>
<arg>IO</arg>
<arg>IQ</arg>
<arg>IR</arg>
<arg>IS</arg>
<arg>IT</arg>
<arg>JE</arg>
<arg>JM</arg>
<arg>JO</arg>
<arg>JP</arg>
<arg>KE</arg>
<arg>KG</arg>
<arg>KH</arg>
<arg>KI</arg>
<arg>KM</arg>
<arg>KN</arg>
<arg>KP</arg>
<arg>KR</arg>
<arg>KW</arg>
<arg>KY</arg>
<arg>KZ</arg>
<arg>LA</arg>
<arg>LB</arg>
<arg>LC</arg>
<arg>LI</arg>
<arg>LK</arg>
<arg>LR</arg>
<arg>LS</arg>
<arg>LT</arg>
<arg>LU</arg>
<arg>LV</arg>
<arg>LY</arg>
<arg>MA</arg>
<arg>MC</arg>
<arg>MD</arg>
<arg>ME</arg>
<arg>MF</arg>
<arg>MG</arg>
<arg>MH</arg>
<arg>MK</arg>
<arg>ML</arg>
<arg>MM</arg>
<arg>MN</arg>
<arg>MO</arg>
<arg>MP</arg>
<arg>MQ</arg>
<arg>MR</arg>
<arg>MS</arg>
<arg>MT</arg>
<arg>MU</arg>
<arg>MV</arg>
<arg>MW</arg>
<arg>MX</arg>
<arg>MY</arg>
<arg>MZ</arg>
<arg>NA</arg>
<arg>NC</arg>
<arg>NE</arg>
<arg>NF</arg>
<arg>NG</arg>
<arg>NI</arg>
<arg>NL</arg>
<arg>NO</arg>
<arg>NP</arg>
<arg>NR</arg>
<arg>NU</arg>
<arg>NZ</arg>
<arg>OM</arg>
<arg>PA</arg>
<arg>PE</arg>
<arg>PF</arg>
<arg>PG</arg>
<arg>PH</arg>
<arg>PK</arg>
<arg>PL</arg>
<arg>PM</arg>
<arg>PN</arg>
<arg>PR</arg>
<arg>PS</arg>
<arg>PT</arg>
<arg>PW</arg>
<arg>PY</arg>
<arg>QA</arg>
<arg>RE</arg>
<arg>RO</arg>
<arg>RS</arg>
<arg>RU</arg>
<arg>RW</arg>
<arg>SA</arg>
<arg>SB</arg>
<arg>SC</arg>
<arg>SD</arg>
<arg>SE</arg>
<arg>SG</arg>
<arg>SH</arg>
<arg>SI</arg>
<arg>SJ</arg>
<arg>SK</arg>
<arg>SL</arg>
<arg>SM</arg>
<arg>SN</arg>
<arg>SO</arg>
<arg>SR</arg>
<arg>SS</arg>
<arg>ST</arg>
<arg>SV</arg>
<arg>SX</arg>
<arg>SY</arg>
<arg>SZ</arg>
<arg>TC</arg>
<arg>TD</arg>
<arg>TF</arg>
<arg>TG</arg>
<arg>TH</arg>
<arg>TJ</arg>
<arg>TK</arg>
<arg>TL</arg>
<arg>TM</arg>
<arg>TN</arg>
<arg>TO</arg>
<arg>TR</arg>
<arg>TT</arg>
<arg>TV</arg>
<arg>TW</arg>
<arg>TZ</arg>
<arg>UA</arg>
<arg>UG</arg>
<arg>UM</arg>
<arg>US</arg>
<arg>UY</arg>
<arg>UZ</arg>
<arg>VA</arg>
<arg>VC</arg>
<arg>VE</arg>
<arg>VG</arg>
<arg>VI</arg>
<arg>VN</arg>
<arg>VU</arg>
<arg>WF</arg>
<arg>WS</arg>
<arg>XK</arg>
<arg>YE</arg>
<arg>YT</arg>
<arg>ZA</arg>
<arg>ZM</arg>
<arg>ZW</arg>
<doc>Returns a list containing given items.</doc>
<status status="PASS" start="2024-03-24T16:15:39.333593" elapsed="0.000627"/>
</kw>
<kw name="List Should Contain Value" owner="Collections">
<msg time="2024-03-24T16:15:39.335363" level="INFO">False</msg>
<arg>${list_country}</arg>
<arg>${name_country}</arg>
<doc>Fails if the ``value`` is not found from ``list``.</doc>
<status status="PASS" start="2024-03-24T16:15:39.335154" elapsed="0.000257"/>
</kw>
<kw name="Run Keyword If" owner="BuiltIn">
<kw name="Should Be True" owner="BuiltIn">
<arg>${True}</arg>
<doc>Fails if the given condition is not true.</doc>
<status status="PASS" start="2024-03-24T16:15:39.336505" elapsed="0.000148"/>
</kw>
<arg>${json_data["results"][0]["location"]["coordinates"]["latitude"]} &gt;= -90 and ${json_data["results"][0]["location"]["coordinates"]["latitude"]} &lt;= 90</arg>
<arg>Should Be True</arg>
<arg>${True}</arg>
<doc>Runs the given keyword with the given arguments, if ``condition`` is true.</doc>
<status status="PASS" start="2024-03-24T16:15:39.335731" elapsed="0.001054"/>
</kw>
<kw name="Run Keyword If" owner="BuiltIn">
<kw name="Should Be True" owner="BuiltIn">
<arg>${True}</arg>
<doc>Fails if the given condition is not true.</doc>
<status status="PASS" start="2024-03-24T16:15:39.337680" elapsed="0.000140"/>
</kw>
<arg>${json_data["results"][0]["location"]["coordinates"]["longitude"]} &gt;= -180 and ${json_data["results"][0]["location"]["coordinates"]["longitude"]} &lt;= 180</arg>
<arg>Should Be True</arg>
<arg>${True}</arg>
<doc>Runs the given keyword with the given arguments, if ``condition`` is true.</doc>
<status status="PASS" start="2024-03-24T16:15:39.336975" elapsed="0.000969"/>
</kw>
<status status="PASS" start="2024-03-24T16:15:39.223311" elapsed="0.114765"/>
</kw>
<doc>Testa o conteúdo específico dos campos retornados pela API.</doc>
<tag>testeConteudo</tag>
<status status="PASS" start="2024-03-24T16:15:39.222771" elapsed="0.115456"/>
</test>
<status status="PASS" start="2024-03-24T16:15:38.322889" elapsed="1.017301"/>
</suite>
<status status="PASS" start="2024-03-24T16:15:38.309286" elapsed="1.036267"/>
</suite>
<statistics>
<total>
<stat pass="5" fail="0" skip="0">All Tests</stat>
</total>
<tag>
<stat pass="1" fail="0" skip="0">testeConteudo</stat>
<stat pass="1" fail="0" skip="0">testeEstruturaResposta</stat>
<stat pass="1" fail="0" skip="0">testeRequisicaoBasica</stat>
<stat pass="1" fail="0" skip="0">testeTiposDados</stat>
</tag>
<suite>
<stat pass="5" fail="0" skip="0" id="s1" name="Tests">Tests</stat>
<stat pass="5" fail="0" skip="0" id="s1-s1" name="Random-User-Test">Tests.Random-User-Test</stat>
</suite>
</statistics>
<errors>
</errors>
</robot>
