<?xml version="1.0" encoding="UTF-8"?>
<robot generator="Robot 7.0.1 (Python 3.12.4 on linux)" generated="2024-07-05T13:17:01.726310" rpa="false" schemaversion="5">
<suite id="s1" name="Tests" source="/home/runner/work/ApiRandomUser/ApiRandomUser/RamdonUser/tests">
<suite id="s1-s1" name="Random-User-Test" source="/home/runner/work/ApiRandomUser/ApiRandomUser/RamdonUser/tests/random-user-test.robot">
<test id="s1-s1-t1" name="Conectar" line="13">
<kw name="Conectar API" owner="random-user-service">
<kw name="Create Session" owner="RequestsLibrary">
<msg time="2024-07-05T13:17:02.118812" level="INFO">Creating Session using : alias=consultarAPI, url=https://randomuser.me/, headers={},                     cookies={}, auth=None, timeout=None, proxies=None, verify=False,                     debug=0 </msg>
<arg>consultarAPI</arg>
<arg>${URL}</arg>
<doc>Create Session: create a HTTP session to a server</doc>
<status status="PASS" start="2024-07-05T13:17:02.118608" elapsed="0.000383"/>
</kw>
<status status="PASS" start="2024-07-05T13:17:02.117643" elapsed="0.001703"/>
</kw>
<status status="PASS" start="2024-07-05T13:17:02.117106" elapsed="0.002433"/>
</test>
<test id="s1-s1-t2" name="Validar retorno 200 e JSON Válido" line="16">
<kw name="Teste de Requisicao Basica" owner="random-user-service">
<kw name="GET On Session" owner="RequestsLibrary">
<msg time="2024-07-05T13:17:02.396346" level="INFO">GET Request : url=https://randomuser.me/api 
 path_url=/api 
 headers={'User-Agent': 'python-requests/2.32.3', 'Accept-Encoding': 'gzip, deflate', 'Accept': '*/*', 'Connection': 'keep-alive'} 
 body=None 
 </msg>
<msg time="2024-07-05T13:17:02.396491" level="INFO">GET Response : url=https://randomuser.me/api 
 status=200, reason=OK 
 headers={'Date': 'Fri, 05 Jul 2024 13:17:02 GMT', 'Content-Type': 'application/json; charset=utf-8', 'Transfer-Encoding': 'chunked', 'Connection': 'keep-alive', 'X-Powered-By': 'Express', 'Access-Control-Allow-Origin': '*', 'Cache-Control': 'no-cache', 'ETag': 'W/"46d-g/CxGMPOfI43KA1/PaFCikv1hJY"', 'Vary': 'Accept-Encoding', 'Content-Encoding': 'gzip', 'CF-Cache-Status': 'DYNAMIC', 'Report-To': '{"endpoints":[{"url":"https:\\/\\/a.nel.cloudflare.com\\/report\\/v4?s=cTJHtQLoTszrUHLv%2FNLYD2AsKziiUUosmPPL9AB0%2BBbXlgqTYByv3oytN%2F8Tp6WjHZquEgcF9AP0tYUJXm5dVWE3aygmYimJe3zByRwloUkVu6bTzYqnT299kFrqmzPw"}],"group":"cf-nel","max_age":604800}', 'NEL': '{"success_fraction":0,"report_to":"cf-nel","max_age":604800}', 'Server': 'cloudflare', 'CF-RAY': '89e7a208693996a8-SJC', 'alt-svc': 'h3=":443"; ma=86400'} 
 body={"results":[{"gender":"female","name":{"title":"Mrs","first":"Rosie","last":"Mendoza"},"location":{"street":{"number":2372,"name":"The Grove"},"city":"Fermoy","state":"Cork City","country":"Ireland","postcode":53996,"coordinates":{"latitude":"-3.0094","longitude":"19.2800"},"timezone":{"offset":"-9:00","description":"Alaska"}},"email":"rosie.mendoza@example.com","login":{"uuid":"d9a13e62-7549-40ec-8fc2-c50289510f81","username":"bigrabbit417","password":"rufus","salt":"usJb4Wc9","md5":"2856003f8e0d6230a90f540500cbfa76","sha1":"d2fca6f6d0405c1575a69aa2f7084227587af68e","sha256":"5dc9624bcf9a8a71ecd033a2e565c8baae2a5c52e54f67d526c8bb5cacefcc72"},"dob":{"date":"1947-02-05T02:27:33.579Z","age":77},"registered":{"date":"2005-06-13T12:21:41.170Z","age":19},"phone":"051-310-9500","cell":"081-531-5022","id":{"name":"PPS","value":"6414338T"},"picture":{"large":"https://randomuser.me/api/portraits/women/51.jpg","medium":"https://randomuser.me/api/portraits/med/women/51.jpg","thumbnail":"https://randomuser.me/api/portraits/thumb/women/51.jpg"},"nat":"IE"}],"info":{"seed":"56ddf1a38faaaeb2","results":1,"page":1,"version":"1.4"}} 
 </msg>
<msg time="2024-07-05T13:17:02.396636" level="INFO">/opt/hostedtoolcache/Python/3.12.4/x64/lib/python3.12/site-packages/urllib3/connectionpool.py:1099: InsecureRequestWarning: Unverified HTTPS request is being made to host 'randomuser.me'. Adding certificate verification is strongly advised. See: https://urllib3.readthedocs.io/en/latest/advanced-usage.html#tls-warnings
  warnings.warn(</msg>
<msg time="2024-07-05T13:17:02.396801" level="INFO">${response} = &lt;Response [200]&gt;</msg>
<var>${response}</var>
<arg>consultarAPI</arg>
<arg>/api</arg>
<doc>Sends a GET request on a previously created HTTP Session.</doc>
<status status="PASS" start="2024-07-05T13:17:02.122162" elapsed="0.274693"/>
</kw>
<kw name="Should Be Equal As Numbers" owner="BuiltIn">
<msg time="2024-07-05T13:17:02.398113" level="INFO">Argument types are:
&lt;class 'int'&gt;
&lt;class 'str'&gt;</msg>
<arg>${response.status_code}</arg>
<arg>200</arg>
<doc>Fails if objects are unequal after converting them to real numbers.</doc>
<status status="PASS" start="2024-07-05T13:17:02.397469" elapsed="0.000737"/>
</kw>
<kw name="Log" owner="BuiltIn">
<msg time="2024-07-05T13:17:02.399139" level="INFO">200</msg>
<arg>${response.status_code}</arg>
<doc>Logs the given message with the given level.</doc>
<status status="PASS" start="2024-07-05T13:17:02.398637" elapsed="0.000557"/>
</kw>
<kw name="Set Variable" owner="BuiltIn">
<msg time="2024-07-05T13:17:02.400017" level="INFO">${json_data} = {'results': [{'gender': 'female', 'name': {'title': 'Mrs', 'first': 'Rosie', 'last': 'Mendoza'}, 'location': {'street': {'number': 2372, 'name': 'The Grove'}, 'city': 'Fermoy', 'state': 'Cork City', '...</msg>
<var>${json_data}</var>
<arg>${response.json()}</arg>
<doc>Returns the given values which can then be assigned to a variables.</doc>
<status status="PASS" start="2024-07-05T13:17:02.399553" elapsed="0.000501"/>
</kw>
<kw name="Dictionary Should Contain Key" owner="Collections">
<arg>${json_data}</arg>
<arg>results</arg>
<doc>Fails if ``key`` is not found from ``dictionary``.</doc>
<status status="PASS" start="2024-07-05T13:17:02.400379" elapsed="0.000162"/>
</kw>
<status status="PASS" start="2024-07-05T13:17:02.121919" elapsed="0.278814"/>
</kw>
<doc>Testa se a API responde corretamente e retorna um objeto JSON válido.</doc>
<tag>testeRequisicaoBasica</tag>
<status status="PASS" start="2024-07-05T13:17:02.121476" elapsed="0.279430"/>
</test>
<test id="s1-s1-t3" name="Validar estrutura de resposta" line="22">
<kw name="Teste de Estrutura de Resposta" owner="random-user-service">
<kw name="GET On Session" owner="RequestsLibrary">
<msg time="2024-07-05T13:17:04.645133" level="INFO">GET Request : url=https://randomuser.me/api 
 path_url=/api 
 headers={'User-Agent': 'python-requests/2.32.3', 'Accept-Encoding': 'gzip, deflate', 'Accept': '*/*', 'Connection': 'keep-alive'} 
 body=None 
 </msg>
<msg time="2024-07-05T13:17:04.645253" level="INFO">GET Response : url=https://randomuser.me/api 
 status=200, reason=OK 
 headers={'Date': 'Fri, 05 Jul 2024 13:17:04 GMT', 'Content-Type': 'application/json; charset=utf-8', 'Transfer-Encoding': 'chunked', 'Connection': 'keep-alive', 'X-Powered-By': 'Express', 'Access-Control-Allow-Origin': '*', 'Cache-Control': 'no-cache', 'ETag': 'W/"492-Jg7Dw0O/Hq6N5AesAiTlienZK+A"', 'Vary': 'Accept-Encoding', 'Content-Encoding': 'gzip', 'CF-Cache-Status': 'DYNAMIC', 'Report-To': '{"endpoints":[{"url":"https:\\/\\/a.nel.cloudflare.com\\/report\\/v4?s=x2UajvfT1uMzXKWtBNMiE2gFciRdWmwFVuo7INvBh7t%2Fj5Md1i1vsZXCFiX%2F3CAIPjlq1tKbPlA58UwtIJIlyOb69kijOuWy8IGGCTXgduFYmxiTM%2Bo%2BH8i5C0ozoAJH"}],"group":"cf-nel","max_age":604800}', 'NEL': '{"success_fraction":0,"report_to":"cf-nel","max_age":604800}', 'Server': 'cloudflare', 'CF-RAY': '89e7a20a0a1696a8-SJC', 'alt-svc': 'h3=":443"; ma=86400'} 
 body={"results":[{"gender":"female","name":{"title":"Miss","first":"Liana","last":"Wien"},"location":{"street":{"number":8149,"name":"Sven Bruns gate"},"city":"Vigrestad","state":"Møre og Romsdal","country":"Norway","postcode":"2224","coordinates":{"latitude":"44.8194","longitude":"129.0376"},"timezone":{"offset":"-4:00","description":"Atlantic Time (Canada), Caracas, La Paz"}},"email":"liana.wien@example.com","login":{"uuid":"8f44dde6-5663-44eb-9d02-096753d5cc79","username":"bluebear648","password":"1011","salt":"xAot5Re2","md5":"ad3314eaf91b54fb87f2d913904ae808","sha1":"ec74b52f75268be036207356f2dda36281993997","sha256":"46a7efdd6e7347672cdae54bc7c2340ee9a5fc1890a2c6d6e35c83e6a91c9ca2"},"dob":{"date":"1966-12-04T06:39:34.456Z","age":57},"registered":{"date":"2011-06-11T18:24:40.489Z","age":13},"phone":"38378464","cell":"40452967","id":{"name":"FN","value":"04126620409"},"picture":{"large":"https://randomuser.me/api/portraits/women/31.jpg","medium":"https://randomuser.me/api/portraits/med/women/31.jpg","thumbnail":"https://randomuser.me/api/portraits/thumb/women/31.jpg"},"nat":"NO"}],"info":{"seed":"194feaa9a88738dc","results":1,"page":1,"version":"1.4"}} 
 </msg>
<msg time="2024-07-05T13:17:04.645402" level="INFO">/opt/hostedtoolcache/Python/3.12.4/x64/lib/python3.12/site-packages/urllib3/connectionpool.py:1099: InsecureRequestWarning: Unverified HTTPS request is being made to host 'randomuser.me'. Adding certificate verification is strongly advised. See: https://urllib3.readthedocs.io/en/latest/advanced-usage.html#tls-warnings
  warnings.warn(</msg>
<msg time="2024-07-05T13:17:04.645525" level="INFO">${response} = &lt;Response [200]&gt;</msg>
<var>${response}</var>
<arg>consultarAPI</arg>
<arg>/api</arg>
<doc>Sends a GET request on a previously created HTTP Session.</doc>
<status status="PASS" start="2024-07-05T13:17:02.403483" elapsed="2.242085"/>
</kw>
<kw name="Set Variable" owner="BuiltIn">
<msg time="2024-07-05T13:17:04.646602" level="INFO">${json_data} = {'results': [{'gender': 'female', 'name': {'title': 'Miss', 'first': 'Liana', 'last': 'Wien'}, 'location': {'street': {'number': 8149, 'name': 'Sven Bruns gate'}, 'city': 'Vigrestad', 'state': 'Møre o...</msg>
<var>${json_data}</var>
<arg>${response.json()}</arg>
<doc>Returns the given values which can then be assigned to a variables.</doc>
<status status="PASS" start="2024-07-05T13:17:04.646086" elapsed="0.000546"/>
</kw>
<kw name="Log" owner="BuiltIn">
<msg time="2024-07-05T13:17:04.647104" level="INFO">{'results': [{'gender': 'female', 'name': {'title': 'Miss', 'first': 'Liana', 'last': 'Wien'}, 'location': {'street': {'number': 8149, 'name': 'Sven Bruns gate'}, 'city': 'Vigrestad', 'state': 'Møre og Romsdal', 'country': 'Norway', 'postcode': '2224', 'coordinates': {'latitude': '44.8194', 'longitude': '129.0376'}, 'timezone': {'offset': '-4:00', 'description': 'Atlantic Time (Canada), Caracas, La Paz'}}, 'email': 'liana.wien@example.com', 'login': {'uuid': '8f44dde6-5663-44eb-9d02-096753d5cc79', 'username': 'bluebear648', 'password': '1011', 'salt': 'xAot5Re2', 'md5': 'ad3314eaf91b54fb87f2d913904ae808', 'sha1': 'ec74b52f75268be036207356f2dda36281993997', 'sha256': '46a7efdd6e7347672cdae54bc7c2340ee9a5fc1890a2c6d6e35c83e6a91c9ca2'}, 'dob': {'date': '1966-12-04T06:39:34.456Z', 'age': 57}, 'registered': {'date': '2011-06-11T18:24:40.489Z', 'age': 13}, 'phone': '38378464', 'cell': '40452967', 'id': {'name': 'FN', 'value': '04126620409'}, 'picture': {'large': 'https://randomuser.me/api/portraits/women/31.jpg', 'medium': 'https://randomuser.me/api/portraits/med/women/31.jpg', 'thumbnail': 'https://randomuser.me/api/portraits/thumb/women/31.jpg'}, 'nat': 'NO'}], 'info': {'seed': '194feaa9a88738dc', 'results': 1, 'page': 1, 'version': '1.4'}}</msg>
<arg>${json_data}</arg>
<doc>Logs the given message with the given level.</doc>
<status status="PASS" start="2024-07-05T13:17:04.646942" elapsed="0.000210"/>
</kw>
<kw name="Dictionary Should Contain Key" owner="Collections">
<arg>${json_data}</arg>
<arg>results</arg>
<doc>Fails if ``key`` is not found from ``dictionary``.</doc>
<status status="PASS" start="2024-07-05T13:17:04.647442" elapsed="0.000155"/>
</kw>
<kw name="Should Not Be Empty" owner="BuiltIn">
<msg time="2024-07-05T13:17:04.647906" level="INFO">Length is 2.</msg>
<arg>${json_data}</arg>
<doc>Verifies that the given item is not empty.</doc>
<status status="PASS" start="2024-07-05T13:17:04.647774" elapsed="0.000169"/>
</kw>
<kw name="Create List" owner="BuiltIn">
<msg time="2024-07-05T13:17:04.648548" level="INFO">${expected_keys} = ['gender', 'name', 'location', 'email', 'login']</msg>
<var>${expected_keys}</var>
<arg>gender</arg>
<arg>name</arg>
<arg>location</arg>
<arg>email</arg>
<arg>login</arg>
<doc>Returns a list containing given items.</doc>
<status status="PASS" start="2024-07-05T13:17:04.648240" elapsed="0.000372"/>
</kw>
<for flavor="IN">
<iter>
<kw name="Dictionary Should Contain Key" owner="Collections">
<arg>${json_data['results'][0]}</arg>
<arg>${key}</arg>
<doc>Fails if ``key`` is not found from ``dictionary``.</doc>
<status status="PASS" start="2024-07-05T13:17:04.649218" elapsed="0.000392"/>
</kw>
<kw name="Log" owner="BuiltIn">
<msg time="2024-07-05T13:17:04.650161" level="INFO">{'gender': 'female', 'name': {'title': 'Miss', 'first': 'Liana', 'last': 'Wien'}, 'location': {'street': {'number': 8149, 'name': 'Sven Bruns gate'}, 'city': 'Vigrestad', 'state': 'Møre og Romsdal', 'country': 'Norway', 'postcode': '2224', 'coordinates': {'latitude': '44.8194', 'longitude': '129.0376'}, 'timezone': {'offset': '-4:00', 'description': 'Atlantic Time (Canada), Caracas, La Paz'}}, 'email': 'liana.wien@example.com', 'login': {'uuid': '8f44dde6-5663-44eb-9d02-096753d5cc79', 'username': 'bluebear648', 'password': '1011', 'salt': 'xAot5Re2', 'md5': 'ad3314eaf91b54fb87f2d913904ae808', 'sha1': 'ec74b52f75268be036207356f2dda36281993997', 'sha256': '46a7efdd6e7347672cdae54bc7c2340ee9a5fc1890a2c6d6e35c83e6a91c9ca2'}, 'dob': {'date': '1966-12-04T06:39:34.456Z', 'age': 57}, 'registered': {'date': '2011-06-11T18:24:40.489Z', 'age': 13}, 'phone': '38378464', 'cell': '40452967', 'id': {'name': 'FN', 'value': '04126620409'}, 'picture': {'large': 'https://randomuser.me/api/portraits/women/31.jpg', 'medium': 'https://randomuser.me/api/portraits/med/women/31.jpg', 'thumbnail': 'https://randomuser.me/api/portraits/thumb/women/31.jpg'}, 'nat': 'NO'}</msg>
<arg>${json_data['results'][0]}</arg>
<doc>Logs the given message with the given level.</doc>
<status status="PASS" start="2024-07-05T13:17:04.649801" elapsed="0.000411"/>
</kw>
<kw name="Log" owner="BuiltIn">
<msg time="2024-07-05T13:17:04.650634" level="INFO">gender</msg>
<arg>${key}</arg>
<doc>Logs the given message with the given level.</doc>
<status status="PASS" start="2024-07-05T13:17:04.650508" elapsed="0.000164"/>
</kw>
<var name="${key}">gender</var>
<status status="PASS" start="2024-07-05T13:17:04.649093" elapsed="0.001796"/>
</iter>
<iter>
<kw name="Dictionary Should Contain Key" owner="Collections">
<arg>${json_data['results'][0]}</arg>
<arg>${key}</arg>
<doc>Fails if ``key`` is not found from ``dictionary``.</doc>
<status status="PASS" start="2024-07-05T13:17:04.651192" elapsed="0.000387"/>
</kw>
<kw name="Log" owner="BuiltIn">
<msg time="2024-07-05T13:17:04.652104" level="INFO">{'gender': 'female', 'name': {'title': 'Miss', 'first': 'Liana', 'last': 'Wien'}, 'location': {'street': {'number': 8149, 'name': 'Sven Bruns gate'}, 'city': 'Vigrestad', 'state': 'Møre og Romsdal', 'country': 'Norway', 'postcode': '2224', 'coordinates': {'latitude': '44.8194', 'longitude': '129.0376'}, 'timezone': {'offset': '-4:00', 'description': 'Atlantic Time (Canada), Caracas, La Paz'}}, 'email': 'liana.wien@example.com', 'login': {'uuid': '8f44dde6-5663-44eb-9d02-096753d5cc79', 'username': 'bluebear648', 'password': '1011', 'salt': 'xAot5Re2', 'md5': 'ad3314eaf91b54fb87f2d913904ae808', 'sha1': 'ec74b52f75268be036207356f2dda36281993997', 'sha256': '46a7efdd6e7347672cdae54bc7c2340ee9a5fc1890a2c6d6e35c83e6a91c9ca2'}, 'dob': {'date': '1966-12-04T06:39:34.456Z', 'age': 57}, 'registered': {'date': '2011-06-11T18:24:40.489Z', 'age': 13}, 'phone': '38378464', 'cell': '40452967', 'id': {'name': 'FN', 'value': '04126620409'}, 'picture': {'large': 'https://randomuser.me/api/portraits/women/31.jpg', 'medium': 'https://randomuser.me/api/portraits/med/women/31.jpg', 'thumbnail': 'https://randomuser.me/api/portraits/thumb/women/31.jpg'}, 'nat': 'NO'}</msg>
<arg>${json_data['results'][0]}</arg>
<doc>Logs the given message with the given level.</doc>
<status status="PASS" start="2024-07-05T13:17:04.651758" elapsed="0.000431"/>
</kw>
<kw name="Log" owner="BuiltIn">
<msg time="2024-07-05T13:17:04.652662" level="INFO">name</msg>
<arg>${key}</arg>
<doc>Logs the given message with the given level.</doc>
<status status="PASS" start="2024-07-05T13:17:04.652492" elapsed="0.000209"/>
</kw>
<var name="${key}">name</var>
<status status="PASS" start="2024-07-05T13:17:04.651074" elapsed="0.001850"/>
</iter>
<iter>
<kw name="Dictionary Should Contain Key" owner="Collections">
<arg>${json_data['results'][0]}</arg>
<arg>${key}</arg>
<doc>Fails if ``key`` is not found from ``dictionary``.</doc>
<status status="PASS" start="2024-07-05T13:17:04.653207" elapsed="0.000374"/>
</kw>
<kw name="Log" owner="BuiltIn">
<msg time="2024-07-05T13:17:04.654111" level="INFO">{'gender': 'female', 'name': {'title': 'Miss', 'first': 'Liana', 'last': 'Wien'}, 'location': {'street': {'number': 8149, 'name': 'Sven Bruns gate'}, 'city': 'Vigrestad', 'state': 'Møre og Romsdal', 'country': 'Norway', 'postcode': '2224', 'coordinates': {'latitude': '44.8194', 'longitude': '129.0376'}, 'timezone': {'offset': '-4:00', 'description': 'Atlantic Time (Canada), Caracas, La Paz'}}, 'email': 'liana.wien@example.com', 'login': {'uuid': '8f44dde6-5663-44eb-9d02-096753d5cc79', 'username': 'bluebear648', 'password': '1011', 'salt': 'xAot5Re2', 'md5': 'ad3314eaf91b54fb87f2d913904ae808', 'sha1': 'ec74b52f75268be036207356f2dda36281993997', 'sha256': '46a7efdd6e7347672cdae54bc7c2340ee9a5fc1890a2c6d6e35c83e6a91c9ca2'}, 'dob': {'date': '1966-12-04T06:39:34.456Z', 'age': 57}, 'registered': {'date': '2011-06-11T18:24:40.489Z', 'age': 13}, 'phone': '38378464', 'cell': '40452967', 'id': {'name': 'FN', 'value': '04126620409'}, 'picture': {'large': 'https://randomuser.me/api/portraits/women/31.jpg', 'medium': 'https://randomuser.me/api/portraits/med/women/31.jpg', 'thumbnail': 'https://randomuser.me/api/portraits/thumb/women/31.jpg'}, 'nat': 'NO'}</msg>
<arg>${json_data['results'][0]}</arg>
<doc>Logs the given message with the given level.</doc>
<status status="PASS" start="2024-07-05T13:17:04.653762" elapsed="0.000398"/>
</kw>
<kw name="Log" owner="BuiltIn">
<msg time="2024-07-05T13:17:04.654586" level="INFO">location</msg>
<arg>${key}</arg>
<doc>Logs the given message with the given level.</doc>
<status status="PASS" start="2024-07-05T13:17:04.654460" elapsed="0.000163"/>
</kw>
<var name="${key}">location</var>
<status status="PASS" start="2024-07-05T13:17:04.653099" elapsed="0.001738"/>
</iter>
<iter>
<kw name="Dictionary Should Contain Key" owner="Collections">
<arg>${json_data['results'][0]}</arg>
<arg>${key}</arg>
<doc>Fails if ``key`` is not found from ``dictionary``.</doc>
<status status="PASS" start="2024-07-05T13:17:04.655112" elapsed="0.000379"/>
</kw>
<kw name="Log" owner="BuiltIn">
<msg time="2024-07-05T13:17:04.656019" level="INFO">{'gender': 'female', 'name': {'title': 'Miss', 'first': 'Liana', 'last': 'Wien'}, 'location': {'street': {'number': 8149, 'name': 'Sven Bruns gate'}, 'city': 'Vigrestad', 'state': 'Møre og Romsdal', 'country': 'Norway', 'postcode': '2224', 'coordinates': {'latitude': '44.8194', 'longitude': '129.0376'}, 'timezone': {'offset': '-4:00', 'description': 'Atlantic Time (Canada), Caracas, La Paz'}}, 'email': 'liana.wien@example.com', 'login': {'uuid': '8f44dde6-5663-44eb-9d02-096753d5cc79', 'username': 'bluebear648', 'password': '1011', 'salt': 'xAot5Re2', 'md5': 'ad3314eaf91b54fb87f2d913904ae808', 'sha1': 'ec74b52f75268be036207356f2dda36281993997', 'sha256': '46a7efdd6e7347672cdae54bc7c2340ee9a5fc1890a2c6d6e35c83e6a91c9ca2'}, 'dob': {'date': '1966-12-04T06:39:34.456Z', 'age': 57}, 'registered': {'date': '2011-06-11T18:24:40.489Z', 'age': 13}, 'phone': '38378464', 'cell': '40452967', 'id': {'name': 'FN', 'value': '04126620409'}, 'picture': {'large': 'https://randomuser.me/api/portraits/women/31.jpg', 'medium': 'https://randomuser.me/api/portraits/med/women/31.jpg', 'thumbnail': 'https://randomuser.me/api/portraits/thumb/women/31.jpg'}, 'nat': 'NO'}</msg>
<arg>${json_data['results'][0]}</arg>
<doc>Logs the given message with the given level.</doc>
<status status="PASS" start="2024-07-05T13:17:04.655672" elapsed="0.000398"/>
</kw>
<kw name="Log" owner="BuiltIn">
<msg time="2024-07-05T13:17:04.656495" level="INFO">email</msg>
<arg>${key}</arg>
<doc>Logs the given message with the given level.</doc>
<status status="PASS" start="2024-07-05T13:17:04.656370" elapsed="0.000163"/>
</kw>
<var name="${key}">email</var>
<status status="PASS" start="2024-07-05T13:17:04.655006" elapsed="0.001775"/>
</iter>
<iter>
<kw name="Dictionary Should Contain Key" owner="Collections">
<arg>${json_data['results'][0]}</arg>
<arg>${key}</arg>
<doc>Fails if ``key`` is not found from ``dictionary``.</doc>
<status status="PASS" start="2024-07-05T13:17:04.657063" elapsed="0.000383"/>
</kw>
<kw name="Log" owner="BuiltIn">
<msg time="2024-07-05T13:17:04.657981" level="INFO">{'gender': 'female', 'name': {'title': 'Miss', 'first': 'Liana', 'last': 'Wien'}, 'location': {'street': {'number': 8149, 'name': 'Sven Bruns gate'}, 'city': 'Vigrestad', 'state': 'Møre og Romsdal', 'country': 'Norway', 'postcode': '2224', 'coordinates': {'latitude': '44.8194', 'longitude': '129.0376'}, 'timezone': {'offset': '-4:00', 'description': 'Atlantic Time (Canada), Caracas, La Paz'}}, 'email': 'liana.wien@example.com', 'login': {'uuid': '8f44dde6-5663-44eb-9d02-096753d5cc79', 'username': 'bluebear648', 'password': '1011', 'salt': 'xAot5Re2', 'md5': 'ad3314eaf91b54fb87f2d913904ae808', 'sha1': 'ec74b52f75268be036207356f2dda36281993997', 'sha256': '46a7efdd6e7347672cdae54bc7c2340ee9a5fc1890a2c6d6e35c83e6a91c9ca2'}, 'dob': {'date': '1966-12-04T06:39:34.456Z', 'age': 57}, 'registered': {'date': '2011-06-11T18:24:40.489Z', 'age': 13}, 'phone': '38378464', 'cell': '40452967', 'id': {'name': 'FN', 'value': '04126620409'}, 'picture': {'large': 'https://randomuser.me/api/portraits/women/31.jpg', 'medium': 'https://randomuser.me/api/portraits/med/women/31.jpg', 'thumbnail': 'https://randomuser.me/api/portraits/thumb/women/31.jpg'}, 'nat': 'NO'}</msg>
<arg>${json_data['results'][0]}</arg>
<doc>Logs the given message with the given level.</doc>
<status status="PASS" start="2024-07-05T13:17:04.657627" elapsed="0.000404"/>
</kw>
<kw name="Log" owner="BuiltIn">
<msg time="2024-07-05T13:17:04.658451" level="INFO">login</msg>
<arg>${key}</arg>
<doc>Logs the given message with the given level.</doc>
<status status="PASS" start="2024-07-05T13:17:04.658323" elapsed="0.000167"/>
</kw>
<var name="${key}">login</var>
<status status="PASS" start="2024-07-05T13:17:04.656951" elapsed="0.001757"/>
</iter>
<var>${key}</var>
<value>@{expected_keys}</value>
<status status="PASS" start="2024-07-05T13:17:04.648897" elapsed="0.009930"/>
</for>
<kw name="Create List" owner="BuiltIn">
<msg time="2024-07-05T13:17:04.659150" level="INFO">${expected_keysTwo} = ['username', 'password']</msg>
<var>${expected_keysTwo}</var>
<arg>username</arg>
<arg>password</arg>
<doc>Returns a list containing given items.</doc>
<status status="PASS" start="2024-07-05T13:17:04.659012" elapsed="0.000193"/>
</kw>
<for flavor="IN">
<iter>
<kw name="Dictionary Should Contain Key" owner="Collections">
<arg>${json_data['results'][0]['login']}</arg>
<arg>${keyTwo}</arg>
<doc>Fails if ``key`` is not found from ``dictionary``.</doc>
<status status="PASS" start="2024-07-05T13:17:04.659714" elapsed="0.000382"/>
</kw>
<kw name="Dictionary Should Contain Key" owner="Collections">
<arg>${json_data['results'][0]['login']}</arg>
<arg>${keyTwo}</arg>
<doc>Fails if ``key`` is not found from ``dictionary``.</doc>
<status status="PASS" start="2024-07-05T13:17:04.660277" elapsed="0.000415"/>
</kw>
<kw name="Log" owner="BuiltIn">
<msg time="2024-07-05T13:17:04.661004" level="INFO">username</msg>
<arg>${keyTwo}</arg>
<doc>Logs the given message with the given level.</doc>
<status status="PASS" start="2024-07-05T13:17:04.660880" elapsed="0.000162"/>
</kw>
<var name="${keyTwo}">username</var>
<status status="PASS" start="2024-07-05T13:17:04.659601" elapsed="0.001667"/>
</iter>
<iter>
<kw name="Dictionary Should Contain Key" owner="Collections">
<arg>${json_data['results'][0]['login']}</arg>
<arg>${keyTwo}</arg>
<doc>Fails if ``key`` is not found from ``dictionary``.</doc>
<status status="PASS" start="2024-07-05T13:17:04.661546" elapsed="0.000382"/>
</kw>
<kw name="Dictionary Should Contain Key" owner="Collections">
<arg>${json_data['results'][0]['login']}</arg>
<arg>${keyTwo}</arg>
<doc>Fails if ``key`` is not found from ``dictionary``.</doc>
<status status="PASS" start="2024-07-05T13:17:04.662105" elapsed="0.000368"/>
</kw>
<kw name="Log" owner="BuiltIn">
<msg time="2024-07-05T13:17:04.662767" level="INFO">password</msg>
<arg>${keyTwo}</arg>
<doc>Logs the given message with the given level.</doc>
<status status="PASS" start="2024-07-05T13:17:04.662647" elapsed="0.000161"/>
</kw>
<var name="${keyTwo}">password</var>
<status status="PASS" start="2024-07-05T13:17:04.661439" elapsed="0.001683"/>
</iter>
<var>${keyTwo}</var>
<value>@{expected_keysTwo}</value>
<status status="PASS" start="2024-07-05T13:17:04.659449" elapsed="0.003795"/>
</for>
<status status="PASS" start="2024-07-05T13:17:02.403253" elapsed="2.260134"/>
</kw>
<doc>Testa a estrutura da resposta da API.</doc>
<tag>testeEstruturaResposta</tag>
<status status="PASS" start="2024-07-05T13:17:02.402742" elapsed="2.260801"/>
</test>
<test id="s1-s1-t4" name="Validar tipos de dados" line="28">
<kw name="Teste de Tipos de Dados" owner="random-user-service">
<kw name="GET On Session" owner="RequestsLibrary">
<msg time="2024-07-05T13:17:05.949933" level="INFO">GET Request : url=https://randomuser.me/api 
 path_url=/api 
 headers={'User-Agent': 'python-requests/2.32.3', 'Accept-Encoding': 'gzip, deflate', 'Accept': '*/*', 'Connection': 'keep-alive'} 
 body=None 
 </msg>
<msg time="2024-07-05T13:17:05.950030" level="INFO">GET Response : url=https://randomuser.me/api 
 status=200, reason=OK 
 headers={'Date': 'Fri, 05 Jul 2024 13:17:05 GMT', 'Content-Type': 'application/json; charset=utf-8', 'Transfer-Encoding': 'chunked', 'Connection': 'keep-alive', 'X-Powered-By': 'Express', 'Access-Control-Allow-Origin': '*', 'Cache-Control': 'no-cache', 'ETag': 'W/"496-JgZ/zz1staAtnWN8W5+b3KJkgcc"', 'Vary': 'Accept-Encoding', 'Content-Encoding': 'gzip', 'CF-Cache-Status': 'DYNAMIC', 'Report-To': '{"endpoints":[{"url":"https:\\/\\/a.nel.cloudflare.com\\/report\\/v4?s=91kTIQ0R8%2Fo0hCxFBddtppRuKprr9AmtJCYRvWA7%2BqL2BlwzRRwOYvkioGNrp%2FAx2GFLHgbJSMIQ%2FFUjtynZ6JVfduLN7xF3Nrozt5Yh0%2B1BGzL1lqyQzBZ0jU8lXo4r"}],"group":"cf-nel","max_age":604800}', 'NEL': '{"success_fraction":0,"report_to":"cf-nel","max_age":604800}', 'Server': 'cloudflare', 'CF-RAY': '89e7a218293496a8-SJC', 'alt-svc': 'h3=":443"; ma=86400'} 
 body={"results":[{"gender":"male","name":{"title":"Mr","first":"Bill","last":"Lynch"},"location":{"street":{"number":4717,"name":"Main Street"},"city":"Aberdeen","state":"Lancashire","country":"United Kingdom","postcode":"I0 2YL","coordinates":{"latitude":"-9.4324","longitude":"-128.5772"},"timezone":{"offset":"-4:00","description":"Atlantic Time (Canada), Caracas, La Paz"}},"email":"bill.lynch@example.com","login":{"uuid":"18476096-ad73-46a6-bac4-4750ca7c9f65","username":"silverfish350","password":"outback","salt":"Q2DoAQAU","md5":"bf3c50d1d55d76ecd67ee3ef4b46ef22","sha1":"21920ec9dfbd9bff4033dd4c1a4ef56d55192d8c","sha256":"ca386746a17ff803bfb7567ff2f72ec0fb01bef7d10dfc3f03bf7e13b1a6b76d"},"dob":{"date":"1972-06-06T04:37:55.724Z","age":52},"registered":{"date":"2008-11-17T04:20:43.420Z","age":15},"phone":"013873 65591","cell":"07250 880048","id":{"name":"NINO","value":"LE 10 40 84 X"},"picture":{"large":"https://randomuser.me/api/portraits/men/3.jpg","medium":"https://randomuser.me/api/portraits/med/men/3.jpg","thumbnail":"https://randomuser.me/api/portraits/thumb/men/3.jpg"},"nat":"GB"}],"info":{"seed":"fea6b96faa9b3a64","results":1,"page":1,"version":"1.4"}} 
 </msg>
<msg time="2024-07-05T13:17:05.950097" level="INFO">/opt/hostedtoolcache/Python/3.12.4/x64/lib/python3.12/site-packages/urllib3/connectionpool.py:1099: InsecureRequestWarning: Unverified HTTPS request is being made to host 'randomuser.me'. Adding certificate verification is strongly advised. See: https://urllib3.readthedocs.io/en/latest/advanced-usage.html#tls-warnings
  warnings.warn(</msg>
<msg time="2024-07-05T13:17:05.950211" level="INFO">${response} = &lt;Response [200]&gt;</msg>
<var>${response}</var>
<arg>consultarAPI</arg>
<arg>/api</arg>
<doc>Sends a GET request on a previously created HTTP Session.</doc>
<status status="PASS" start="2024-07-05T13:17:04.666028" elapsed="1.284226"/>
</kw>
<kw name="Set Variable" owner="BuiltIn">
<msg time="2024-07-05T13:17:05.951660" level="INFO">${json_data} = {'results': [{'gender': 'male', 'name': {'title': 'Mr', 'first': 'Bill', 'last': 'Lynch'}, 'location': {'street': {'number': 4717, 'name': 'Main Street'}, 'city': 'Aberdeen', 'state': 'Lancashire', 'c...</msg>
<var>${json_data}</var>
<arg>${response.json()}</arg>
<doc>Returns the given values which can then be assigned to a variables.</doc>
<status status="PASS" start="2024-07-05T13:17:05.951143" elapsed="0.000547"/>
</kw>
<kw name="Log" owner="BuiltIn">
<msg time="2024-07-05T13:17:05.954858" level="INFO">{'results': [{'gender': 'male', 'name': {'title': 'Mr', 'first': 'Bill', 'last': 'Lynch'}, 'location': {'street': {'number': 4717, 'name': 'Main Street'}, 'city': 'Aberdeen', 'state': 'Lancashire', 'country': 'United Kingdom', 'postcode': 'I0 2YL', 'coordinates': {'latitude': '-9.4324', 'longitude': '-128.5772'}, 'timezone': {'offset': '-4:00', 'description': 'Atlantic Time (Canada), Caracas, La Paz'}}, 'email': 'bill.lynch@example.com', 'login': {'uuid': '18476096-ad73-46a6-bac4-4750ca7c9f65', 'username': 'silverfish350', 'password': 'outback', 'salt': 'Q2DoAQAU', 'md5': 'bf3c50d1d55d76ecd67ee3ef4b46ef22', 'sha1': '21920ec9dfbd9bff4033dd4c1a4ef56d55192d8c', 'sha256': 'ca386746a17ff803bfb7567ff2f72ec0fb01bef7d10dfc3f03bf7e13b1a6b76d'}, 'dob': {'date': '1972-06-06T04:37:55.724Z', 'age': 52}, 'registered': {'date': '2008-11-17T04:20:43.420Z', 'age': 15}, 'phone': '013873 65591', 'cell': '07250 880048', 'id': {'name': 'NINO', 'value': 'LE 10 40 84 X'}, 'picture': {'large': 'https://randomuser.me/api/portraits/men/3.jpg', 'medium': 'https://randomuser.me/api/portraits/med/men/3.jpg', 'thumbnail': 'https://randomuser.me/api/portraits/thumb/men/3.jpg'}, 'nat': 'GB'}], 'info': {'seed': 'fea6b96faa9b3a64', 'results': 1, 'page': 1, 'version': '1.4'}}</msg>
<arg>${json_data}</arg>
<doc>Logs the given message with the given level.</doc>
<status status="PASS" start="2024-07-05T13:17:05.954657" elapsed="0.000251"/>
</kw>
<kw name="Should Be String" owner="String">
<arg>${json_data['results'][0]['gender']}</arg>
<doc>Fails if the given ``item`` is not a string.</doc>
<status status="PASS" start="2024-07-05T13:17:05.955208" elapsed="0.000372"/>
</kw>
<kw name="Should Match Regexp" owner="BuiltIn">
<arg>${json_data['results'][0]['email']}</arg>
<arg>^[a-zA-Z0-9._%+-]+@[a-zA-Z0-9.-]+\.[a-zA-Z]{2,}$</arg>
<doc>Fails if ``string`` does not match ``pattern`` as a regular expression.</doc>
<status status="PASS" start="2024-07-05T13:17:05.955787" elapsed="0.000626"/>
</kw>
<kw name="Should Match Regexp" owner="BuiltIn">
<arg>${json_data['results'][0]['dob']['date']}</arg>
<arg>\\d{4}-\\d{2}-\\d{2}T\\d{2}:\\d{2}:\\d{2}\\.\\d{3}Z</arg>
<doc>Fails if ``string`` does not match ``pattern`` as a regular expression.</doc>
<status status="PASS" start="2024-07-05T13:17:05.956649" elapsed="0.000537"/>
</kw>
<kw name="Should Match Regexp" owner="BuiltIn">
<arg>${json_data['results'][0]['registered']['date']}</arg>
<arg>\\d{4}-\\d{2}-\\d{2}T\\d{2}:\\d{2}:\\d{2}\\.\\d{3}Z</arg>
<doc>Fails if ``string`` does not match ``pattern`` as a regular expression.</doc>
<status status="PASS" start="2024-07-05T13:17:05.957392" elapsed="0.000401"/>
</kw>
<kw name="Should Match Regexp" owner="BuiltIn">
<arg>${json_data['results'][0]['picture']['large']}</arg>
<arg>^https?://.*\.(?:png|jpe?g|gif|bmp)$</arg>
<doc>Fails if ``string`` does not match ``pattern`` as a regular expression.</doc>
<status status="PASS" start="2024-07-05T13:17:05.957976" elapsed="0.000451"/>
</kw>
<kw name="Should Match Regexp" owner="BuiltIn">
<arg>${json_data['results'][0]['picture']['medium']}</arg>
<arg>^https?://.*\.(?:png|jpe?g|gif|bmp)$</arg>
<doc>Fails if ``string`` does not match ``pattern`` as a regular expression.</doc>
<status status="PASS" start="2024-07-05T13:17:05.958610" elapsed="0.000382"/>
</kw>
<kw name="Should Match Regexp" owner="BuiltIn">
<arg>${json_data['results'][0]['picture']['thumbnail']}</arg>
<arg>^https?://.*\.(?:png|jpe?g|gif|bmp)$</arg>
<doc>Fails if ``string`` does not match ``pattern`` as a regular expression.</doc>
<status status="PASS" start="2024-07-05T13:17:05.959189" elapsed="0.000384"/>
</kw>
<kw name="Log" owner="BuiltIn">
<msg time="2024-07-05T13:17:05.960077" level="INFO">{'large': 'https://randomuser.me/api/portraits/men/3.jpg', 'medium': 'https://randomuser.me/api/portraits/med/men/3.jpg', 'thumbnail': 'https://randomuser.me/api/portraits/thumb/men/3.jpg'}</msg>
<arg>${json_data['results'][0]['picture']}</arg>
<doc>Logs the given message with the given level.</doc>
<status status="PASS" start="2024-07-05T13:17:05.959750" elapsed="0.000368"/>
</kw>
<status status="PASS" start="2024-07-05T13:17:04.665806" elapsed="1.294619"/>
</kw>
<kw name="Teste de Tipos de Dados - Postcode" owner="random-user-service">
<kw name="GET On Session" owner="RequestsLibrary">
<msg time="2024-07-05T13:17:06.636171" level="INFO">GET Request : url=https://randomuser.me/api 
 path_url=/api 
 headers={'User-Agent': 'python-requests/2.32.3', 'Accept-Encoding': 'gzip, deflate', 'Accept': '*/*', 'Connection': 'keep-alive'} 
 body=None 
 </msg>
<msg time="2024-07-05T13:17:06.636268" level="INFO">GET Response : url=https://randomuser.me/api 
 status=200, reason=OK 
 headers={'Date': 'Fri, 05 Jul 2024 13:17:06 GMT', 'Content-Type': 'application/json; charset=utf-8', 'Transfer-Encoding': 'chunked', 'Connection': 'keep-alive', 'X-Powered-By': 'Express', 'Access-Control-Allow-Origin': '*', 'Cache-Control': 'no-cache', 'ETag': 'W/"482-MCGxBiQJMD6LUqsOU2AVSj702u0"', 'Vary': 'Accept-Encoding', 'Content-Encoding': 'gzip', 'CF-Cache-Status': 'DYNAMIC', 'Report-To': '{"endpoints":[{"url":"https:\\/\\/a.nel.cloudflare.com\\/report\\/v4?s=PcQ1YYJdciHT%2FCruV5pq%2FVs%2B4UsLEzfYTaRfZILkKNQFw8axzQctVTEvoDNo3MmnhW2Il1pX65Ibfi7O3Qu2BBdLkRtIfN4XCotv6t5%2BqdG39%2FRFLADCYXyueRKHVu%2FH"}],"group":"cf-nel","max_age":604800}', 'NEL': '{"success_fraction":0,"report_to":"cf-nel","max_age":604800}', 'Server': 'cloudflare', 'CF-RAY': '89e7a2204d1996a8-SJC', 'alt-svc': 'h3=":443"; ma=86400'} 
 body={"results":[{"gender":"male","name":{"title":"Mr","first":"Jorge","last":"Parra"},"location":{"street":{"number":495,"name":"Continuación Nayarit"},"city":"Suspiro Picacho","state":"Jalisco","country":"Mexico","postcode":79468,"coordinates":{"latitude":"22.5100","longitude":"-43.5931"},"timezone":{"offset":"-10:00","description":"Hawaii"}},"email":"jorge.parra@example.com","login":{"uuid":"8a107d7c-0620-4c35-82f8-d49d5b42ead6","username":"whiteleopard853","password":"blue11","salt":"dxjdYnup","md5":"5994dffa7cdf5c3952f41036c32cf87b","sha1":"396905e37d0f8222d0b2333b2fb7be59cb5f22ab","sha256":"fea1bfc6a923b9d5f09ddcf4168887c5779b3b4340863297f1f6d4262bea3371"},"dob":{"date":"1961-07-25T05:21:52.788Z","age":62},"registered":{"date":"2014-04-29T02:23:18.073Z","age":10},"phone":"(637) 219 6846","cell":"(615) 935 9678","id":{"name":"NSS","value":"16 77 40 0084 6"},"picture":{"large":"https://randomuser.me/api/portraits/men/82.jpg","medium":"https://randomuser.me/api/portraits/med/men/82.jpg","thumbnail":"https://randomuser.me/api/portraits/thumb/men/82.jpg"},"nat":"MX"}],"info":{"seed":"af03d4cabf6a0cc7","results":1,"page":1,"version":"1.4"}} 
 </msg>
<msg time="2024-07-05T13:17:06.636338" level="INFO">/opt/hostedtoolcache/Python/3.12.4/x64/lib/python3.12/site-packages/urllib3/connectionpool.py:1099: InsecureRequestWarning: Unverified HTTPS request is being made to host 'randomuser.me'. Adding certificate verification is strongly advised. See: https://urllib3.readthedocs.io/en/latest/advanced-usage.html#tls-warnings
  warnings.warn(</msg>
<msg time="2024-07-05T13:17:06.636455" level="INFO">${response} = &lt;Response [200]&gt;</msg>
<var>${response}</var>
<arg>consultarAPI</arg>
<arg>/api</arg>
<doc>Sends a GET request on a previously created HTTP Session.</doc>
<status status="PASS" start="2024-07-05T13:17:05.960923" elapsed="0.675593"/>
</kw>
<kw name="Set Variable" owner="BuiltIn">
<msg time="2024-07-05T13:17:06.637557" level="INFO">${json_data} = {'results': [{'gender': 'male', 'name': {'title': 'Mr', 'first': 'Jorge', 'last': 'Parra'}, 'location': {'street': {'number': 495, 'name': 'Continuación Nayarit'}, 'city': 'Suspiro Picacho', 'state': ...</msg>
<var>${json_data}</var>
<arg>${response.json()}</arg>
<doc>Returns the given values which can then be assigned to a variables.</doc>
<status status="PASS" start="2024-07-05T13:17:06.637038" elapsed="0.000549"/>
</kw>
<kw name="Log" owner="BuiltIn">
<msg time="2024-07-05T13:17:06.638056" level="INFO">{'results': [{'gender': 'male', 'name': {'title': 'Mr', 'first': 'Jorge', 'last': 'Parra'}, 'location': {'street': {'number': 495, 'name': 'Continuación Nayarit'}, 'city': 'Suspiro Picacho', 'state': 'Jalisco', 'country': 'Mexico', 'postcode': 79468, 'coordinates': {'latitude': '22.5100', 'longitude': '-43.5931'}, 'timezone': {'offset': '-10:00', 'description': 'Hawaii'}}, 'email': 'jorge.parra@example.com', 'login': {'uuid': '8a107d7c-0620-4c35-82f8-d49d5b42ead6', 'username': 'whiteleopard853', 'password': 'blue11', 'salt': 'dxjdYnup', 'md5': '5994dffa7cdf5c3952f41036c32cf87b', 'sha1': '396905e37d0f8222d0b2333b2fb7be59cb5f22ab', 'sha256': 'fea1bfc6a923b9d5f09ddcf4168887c5779b3b4340863297f1f6d4262bea3371'}, 'dob': {'date': '1961-07-25T05:21:52.788Z', 'age': 62}, 'registered': {'date': '2014-04-29T02:23:18.073Z', 'age': 10}, 'phone': '(637) 219 6846', 'cell': '(615) 935 9678', 'id': {'name': 'NSS', 'value': '16 77 40 0084 6'}, 'picture': {'large': 'https://randomuser.me/api/portraits/men/82.jpg', 'medium': 'https://randomuser.me/api/portraits/med/men/82.jpg', 'thumbnail': 'https://randomuser.me/api/portraits/thumb/men/82.jpg'}, 'nat': 'MX'}], 'info': {'seed': 'af03d4cabf6a0cc7', 'results': 1, 'page': 1, 'version': '1.4'}}</msg>
<arg>${json_data}</arg>
<doc>Logs the given message with the given level.</doc>
<status status="PASS" start="2024-07-05T13:17:06.637896" elapsed="0.000211"/>
</kw>
<kw name="Should Be Equal As Numbers" owner="BuiltIn">
<arg>${json_data['results'][0]['location']['postcode']}</arg>
<arg>${json_data['results'][0]['location']['postcode']}</arg>
<doc>Fails if objects are unequal after converting them to real numbers.</doc>
<status status="PASS" start="2024-07-05T13:17:06.638416" elapsed="0.000630"/>
</kw>
<kw name="Log" owner="BuiltIn">
<msg time="2024-07-05T13:17:06.639749" level="INFO">79468</msg>
<arg>${json_data['results'][0]['location']['postcode']}</arg>
<doc>Logs the given message with the given level.</doc>
<status status="PASS" start="2024-07-05T13:17:06.639236" elapsed="0.000554"/>
</kw>
<status status="PASS" start="2024-07-05T13:17:05.960678" elapsed="0.679401"/>
</kw>
<doc>Testa se os tipos de dados na resposta da API estão corretos.</doc>
<tag>testeTiposDados</tag>
<status status="PASS" start="2024-07-05T13:17:04.665356" elapsed="1.974896"/>
</test>
<test id="s1-s1-t5" name="Validar conteudo" line="35">
<kw name="Teste de Tipos de Conteudo" owner="random-user-service">
<kw name="GET On Session" owner="RequestsLibrary">
<msg time="2024-07-05T13:17:07.043248" level="INFO">GET Request : url=https://randomuser.me/api 
 path_url=/api 
 headers={'User-Agent': 'python-requests/2.32.3', 'Accept-Encoding': 'gzip, deflate', 'Accept': '*/*', 'Connection': 'keep-alive'} 
 body=None 
 </msg>
<msg time="2024-07-05T13:17:07.043356" level="INFO">GET Response : url=https://randomuser.me/api 
 status=200, reason=OK 
 headers={'Date': 'Fri, 05 Jul 2024 13:17:07 GMT', 'Content-Type': 'application/json; charset=utf-8', 'Transfer-Encoding': 'chunked', 'Connection': 'keep-alive', 'X-Powered-By': 'Express', 'Access-Control-Allow-Origin': '*', 'Cache-Control': 'no-cache', 'ETag': 'W/"4ac-agycyIyTbAu6M7utQvxtOkKT2RM"', 'Vary': 'Accept-Encoding', 'Content-Encoding': 'gzip', 'CF-Cache-Status': 'DYNAMIC', 'Report-To': '{"endpoints":[{"url":"https:\\/\\/a.nel.cloudflare.com\\/report\\/v4?s=4geb7GW33kaTUu3cOzVA%2FJ08TikI0MmNRAcaAABVmMXnWFo7ZhIGFVfLHpLl%2BYxkQSBeBLHPdYojCdEKDNFajERSjpF18%2FDYr2wFAsCSjiwn%2FkT85oNTCnLe6Zo92QZK"}],"group":"cf-nel","max_age":604800}', 'NEL': '{"success_fraction":0,"report_to":"cf-nel","max_age":604800}', 'Server': 'cloudflare', 'CF-RAY': '89e7a2248f9596a8-SJC', 'alt-svc': 'h3=":443"; ma=86400'} 
 body={"results":[{"gender":"female","name":{"title":"Ms","first":"Isabella","last":"Lewis"},"location":{"street":{"number":1824,"name":"Victoria Road"},"city":"Armagh","state":"Bedfordshire","country":"United Kingdom","postcode":"RJ81 6SN","coordinates":{"latitude":"-8.8941","longitude":"61.9938"},"timezone":{"offset":"+11:00","description":"Magadan, Solomon Islands, New Caledonia"}},"email":"isabella.lewis@example.com","login":{"uuid":"68ff2e00-45d3-462d-a780-c3853f850218","username":"angryrabbit316","password":"longer","salt":"v1mzk2OB","md5":"ca07f44e9cadaaf7773daa14fc996673","sha1":"6677143087be80b36e270b3298580de1d4ae644d","sha256":"d475f923a157a383718043990958a0bf49e2dbfc5ff2a1ba3d7577148a539c09"},"dob":{"date":"1974-09-03T14:02:40.631Z","age":49},"registered":{"date":"2009-05-09T16:08:49.732Z","age":15},"phone":"016974 12289","cell":"07770 003942","id":{"name":"NINO","value":"BJ 67 35 97 J"},"picture":{"large":"https://randomuser.me/api/portraits/women/24.jpg","medium":"https://randomuser.me/api/portraits/med/women/24.jpg","thumbnail":"https://randomuser.me/api/portraits/thumb/women/24.jpg"},"nat":"GB"}],"info":{"seed":"975f7033bb7f9d71","results":1,"page":1,"version":"1.4"}} 
 </msg>
<msg time="2024-07-05T13:17:07.043434" level="INFO">/opt/hostedtoolcache/Python/3.12.4/x64/lib/python3.12/site-packages/urllib3/connectionpool.py:1099: InsecureRequestWarning: Unverified HTTPS request is being made to host 'randomuser.me'. Adding certificate verification is strongly advised. See: https://urllib3.readthedocs.io/en/latest/advanced-usage.html#tls-warnings
  warnings.warn(</msg>
<msg time="2024-07-05T13:17:07.043578" level="INFO">${response} = &lt;Response [200]&gt;</msg>
<var>${response}</var>
<arg>consultarAPI</arg>
<arg>/api</arg>
<doc>Sends a GET request on a previously created HTTP Session.</doc>
<status status="PASS" start="2024-07-05T13:17:06.643074" elapsed="0.400553"/>
</kw>
<kw name="Set Variable" owner="BuiltIn">
<msg time="2024-07-05T13:17:07.044854" level="INFO">${json_data} = {'results': [{'gender': 'female', 'name': {'title': 'Ms', 'first': 'Isabella', 'last': 'Lewis'}, 'location': {'street': {'number': 1824, 'name': 'Victoria Road'}, 'city': 'Armagh', 'state': 'Bedfordsh...</msg>
<var>${json_data}</var>
<arg>${response.json()}</arg>
<doc>Returns the given values which can then be assigned to a variables.</doc>
<status status="PASS" start="2024-07-05T13:17:07.044259" elapsed="0.000624"/>
</kw>
<kw name="Set Variable" owner="BuiltIn">
<msg time="2024-07-05T13:17:07.045567" level="INFO">${name_title} = Ms</msg>
<var>${name_title}</var>
<arg>${json_data["results"][0]["name"]["title"]}</arg>
<doc>Returns the given values which can then be assigned to a variables.</doc>
<status status="PASS" start="2024-07-05T13:17:07.045190" elapsed="0.000402"/>
</kw>
<kw name="Create List" owner="BuiltIn">
<msg time="2024-07-05T13:17:07.046035" level="INFO">${allowed_titles} = ['Mr', 'Ms', 'Miss', 'Mrs', 'Madame', 'Monsieur']</msg>
<var>${allowed_titles}</var>
<arg>Mr</arg>
<arg>Ms</arg>
<arg>Miss</arg>
<arg>Mrs</arg>
<arg>Madame</arg>
<arg>Monsieur</arg>
<doc>Returns a list containing given items.</doc>
<status status="PASS" start="2024-07-05T13:17:07.045888" elapsed="0.000172"/>
</kw>
<kw name="List Should Contain Value" owner="Collections">
<arg>${allowed_titles}</arg>
<arg>${name_title}</arg>
<doc>Fails if the ``value`` is not found from ``list``.</doc>
<status status="PASS" start="2024-07-05T13:17:07.046362" elapsed="0.000184"/>
</kw>
<kw name="Set Variable" owner="BuiltIn">
<msg time="2024-07-05T13:17:07.047088" level="INFO">${name_country} = GB</msg>
<var>${name_country}</var>
<arg>${json_data["results"][0]["nat"]}</arg>
<doc>Returns the given values which can then be assigned to a variables.</doc>
<status status="PASS" start="2024-07-05T13:17:07.046724" elapsed="0.000388"/>
</kw>
<kw name="Create List" owner="BuiltIn">
<msg time="2024-07-05T13:17:07.047997" level="INFO">${list_country} = ['AD', 'AE', 'AF', 'AG', 'AI', 'AL', 'AM', 'AO', 'AQ', 'AR', 'AS', 'AT', 'AU', 'AW', 'AX', 'AZ', 'BA', 'BB', 'BD', 'BE', 'BF', 'BG', 'BH', 'BI', 'BJ', 'BL', 'BM', 'BN', 'BO', 'BQ', 'BR', 'BS', 'BT', '...</msg>
<var>${list_country}</var>
<arg>AD</arg>
<arg>AE</arg>
<arg>AF</arg>
<arg>AG</arg>
<arg>AI</arg>
<arg>AL</arg>
<arg>AM</arg>
<arg>AO</arg>
<arg>AQ</arg>
<arg>AR</arg>
<arg>AS</arg>
<arg>AT</arg>
<arg>AU</arg>
<arg>AW</arg>
<arg>AX</arg>
<arg>AZ</arg>
<arg>BA</arg>
<arg>BB</arg>
<arg>BD</arg>
<arg>BE</arg>
<arg>BF</arg>
<arg>BG</arg>
<arg>BH</arg>
<arg>BI</arg>
<arg>BJ</arg>
<arg>BL</arg>
<arg>BM</arg>
<arg>BN</arg>
<arg>BO</arg>
<arg>BQ</arg>
<arg>BR</arg>
<arg>BS</arg>
<arg>BT</arg>
<arg>BV</arg>
<arg>BW</arg>
<arg>BY</arg>
<arg>BZ</arg>
<arg>CA</arg>
<arg>CC</arg>
<arg>CD</arg>
<arg>CF</arg>
<arg>CG</arg>
<arg>CH</arg>
<arg>CI</arg>
<arg>CK</arg>
<arg>CL</arg>
<arg>CM</arg>
<arg>CN</arg>
<arg>CO</arg>
<arg>CR</arg>
<arg>CU</arg>
<arg>CV</arg>
<arg>CW</arg>
<arg>CX</arg>
<arg>CY</arg>
<arg>CZ</arg>
<arg>DE</arg>
<arg>DJ</arg>
<arg>DK</arg>
<arg>DM</arg>
<arg>DO</arg>
<arg>DZ</arg>
<arg>EC</arg>
<arg>EE</arg>
<arg>EG</arg>
<arg>EH</arg>
<arg>ER</arg>
<arg>ES</arg>
<arg>ET</arg>
<arg>FI</arg>
<arg>FJ</arg>
<arg>FK</arg>
<arg>FM</arg>
<arg>FO</arg>
<arg>FR</arg>
<arg>GA</arg>
<arg>GB</arg>
<arg>GD</arg>
<arg>GE</arg>
<arg>GF</arg>
<arg>GG</arg>
<arg>GH</arg>
<arg>GI</arg>
<arg>GL</arg>
<arg>GM</arg>
<arg>GN</arg>
<arg>GP</arg>
<arg>GQ</arg>
<arg>GR</arg>
<arg>GS</arg>
<arg>GT</arg>
<arg>GU</arg>
<arg>GW</arg>
<arg>GY</arg>
<arg>HK</arg>
<arg>HM</arg>
<arg>HN</arg>
<arg>HR</arg>
<arg>HT</arg>
<arg>HU</arg>
<arg>ID</arg>
<arg>IE</arg>
<arg>IL</arg>
<arg>IM</arg>
<arg>IN</arg>
<arg>IO</arg>
<arg>IQ</arg>
<arg>IR</arg>
<arg>IS</arg>
<arg>IT</arg>
<arg>JE</arg>
<arg>JM</arg>
<arg>JO</arg>
<arg>JP</arg>
<arg>KE</arg>
<arg>KG</arg>
<arg>KH</arg>
<arg>KI</arg>
<arg>KM</arg>
<arg>KN</arg>
<arg>KP</arg>
<arg>KR</arg>
<arg>KW</arg>
<arg>KY</arg>
<arg>KZ</arg>
<arg>LA</arg>
<arg>LB</arg>
<arg>LC</arg>
<arg>LI</arg>
<arg>LK</arg>
<arg>LR</arg>
<arg>LS</arg>
<arg>LT</arg>
<arg>LU</arg>
<arg>LV</arg>
<arg>LY</arg>
<arg>MA</arg>
<arg>MC</arg>
<arg>MD</arg>
<arg>ME</arg>
<arg>MF</arg>
<arg>MG</arg>
<arg>MH</arg>
<arg>MK</arg>
<arg>ML</arg>
<arg>MM</arg>
<arg>MN</arg>
<arg>MO</arg>
<arg>MP</arg>
<arg>MQ</arg>
<arg>MR</arg>
<arg>MS</arg>
<arg>MT</arg>
<arg>MU</arg>
<arg>MV</arg>
<arg>MW</arg>
<arg>MX</arg>
<arg>MY</arg>
<arg>MZ</arg>
<arg>NA</arg>
<arg>NC</arg>
<arg>NE</arg>
<arg>NF</arg>
<arg>NG</arg>
<arg>NI</arg>
<arg>NL</arg>
<arg>NO</arg>
<arg>NP</arg>
<arg>NR</arg>
<arg>NU</arg>
<arg>NZ</arg>
<arg>OM</arg>
<arg>PA</arg>
<arg>PE</arg>
<arg>PF</arg>
<arg>PG</arg>
<arg>PH</arg>
<arg>PK</arg>
<arg>PL</arg>
<arg>PM</arg>
<arg>PN</arg>
<arg>PR</arg>
<arg>PS</arg>
<arg>PT</arg>
<arg>PW</arg>
<arg>PY</arg>
<arg>QA</arg>
<arg>RE</arg>
<arg>RO</arg>
<arg>RS</arg>
<arg>RU</arg>
<arg>RW</arg>
<arg>SA</arg>
<arg>SB</arg>
<arg>SC</arg>
<arg>SD</arg>
<arg>SE</arg>
<arg>SG</arg>
<arg>SH</arg>
<arg>SI</arg>
<arg>SJ</arg>
<arg>SK</arg>
<arg>SL</arg>
<arg>SM</arg>
<arg>SN</arg>
<arg>SO</arg>
<arg>SR</arg>
<arg>SS</arg>
<arg>ST</arg>
<arg>SV</arg>
<arg>SX</arg>
<arg>SY</arg>
<arg>SZ</arg>
<arg>TC</arg>
<arg>TD</arg>
<arg>TF</arg>
<arg>TG</arg>
<arg>TH</arg>
<arg>TJ</arg>
<arg>TK</arg>
<arg>TL</arg>
<arg>TM</arg>
<arg>TN</arg>
<arg>TO</arg>
<arg>TR</arg>
<arg>TT</arg>
<arg>TV</arg>
<arg>TW</arg>
<arg>TZ</arg>
<arg>UA</arg>
<arg>UG</arg>
<arg>UM</arg>
<arg>US</arg>
<arg>UY</arg>
<arg>UZ</arg>
<arg>VA</arg>
<arg>VC</arg>
<arg>VE</arg>
<arg>VG</arg>
<arg>VI</arg>
<arg>VN</arg>
<arg>VU</arg>
<arg>WF</arg>
<arg>WS</arg>
<arg>XK</arg>
<arg>YE</arg>
<arg>YT</arg>
<arg>ZA</arg>
<arg>ZM</arg>
<arg>ZW</arg>
<doc>Returns a list containing given items.</doc>
<status status="PASS" start="2024-07-05T13:17:07.047404" elapsed="0.000619"/>
</kw>
<kw name="List Should Contain Value" owner="Collections">
<arg>${list_country}</arg>
<arg>${name_country}</arg>
<doc>Fails if the ``value`` is not found from ``list``.</doc>
<status status="PASS" start="2024-07-05T13:17:07.048854" elapsed="0.000205"/>
</kw>
<kw name="Run Keyword If" owner="BuiltIn">
<kw name="Should Be True" owner="BuiltIn">
<arg>${True}</arg>
<doc>Fails if the given condition is not true.</doc>
<status status="PASS" start="2024-07-05T13:17:07.049995" elapsed="0.000140"/>
</kw>
<arg>${json_data["results"][0]["location"]["coordinates"]["latitude"]} &gt;= -90 and ${json_data["results"][0]["location"]["coordinates"]["latitude"]} &lt;= 90</arg>
<arg>Should Be True</arg>
<arg>${True}</arg>
<doc>Runs the given keyword with the given arguments, if ``condition`` is true.</doc>
<status status="PASS" start="2024-07-05T13:17:07.049255" elapsed="0.001005"/>
</kw>
<kw name="Run Keyword If" owner="BuiltIn">
<kw name="Should Be True" owner="BuiltIn">
<arg>${True}</arg>
<doc>Fails if the given condition is not true.</doc>
<status status="PASS" start="2024-07-05T13:17:07.051129" elapsed="0.000241"/>
</kw>
<arg>${json_data["results"][0]["location"]["coordinates"]["longitude"]} &gt;= -180 and ${json_data["results"][0]["location"]["coordinates"]["longitude"]} &lt;= 180</arg>
<arg>Should Be True</arg>
<arg>${True}</arg>
<doc>Runs the given keyword with the given arguments, if ``condition`` is true.</doc>
<status status="PASS" start="2024-07-05T13:17:07.050440" elapsed="0.001058"/>
</kw>
<status status="PASS" start="2024-07-05T13:17:06.642699" elapsed="0.408932"/>
</kw>
<doc>Testa o conteúdo específico dos campos retornados pela API.</doc>
<tag>testeConteudo</tag>
<status status="PASS" start="2024-07-05T13:17:06.642041" elapsed="0.409743"/>
</test>
<status status="PASS" start="2024-07-05T13:17:01.784868" elapsed="5.268977"/>
</suite>
<status status="PASS" start="2024-07-05T13:17:01.770347" elapsed="5.288485"/>
</suite>
<statistics>
<total>
<stat pass="5" fail="0" skip="0">All Tests</stat>
</total>
<tag>
<stat pass="1" fail="0" skip="0">testeConteudo</stat>
<stat pass="1" fail="0" skip="0">testeEstruturaResposta</stat>
<stat pass="1" fail="0" skip="0">testeRequisicaoBasica</stat>
<stat pass="1" fail="0" skip="0">testeTiposDados</stat>
</tag>
<suite>
<stat pass="5" fail="0" skip="0" id="s1" name="Tests">Tests</stat>
<stat pass="5" fail="0" skip="0" id="s1-s1" name="Random-User-Test">Tests.Random-User-Test</stat>
</suite>
</statistics>
<errors>
</errors>
</robot>
