<?xml version="1.0" encoding="UTF-8"?>
<robot generator="Robot 7.0 (Python 3.12.2 on linux)" generated="2024-03-28T12:26:16.798394" rpa="false" schemaversion="5">
<suite id="s1" name="Tests" source="/home/runner/work/DesafioQAItauRogerioJordao/DesafioQAItauRogerioJordao/RamdonUser/tests">
<suite id="s1-s1" name="Random-User-Test" source="/home/runner/work/DesafioQAItauRogerioJordao/DesafioQAItauRogerioJordao/RamdonUser/tests/random-user-test.robot">
<test id="s1-s1-t1" name="Conectar" line="13">
<kw name="Conectar API" owner="random-user-service">
<kw name="Create Session" owner="RequestsLibrary">
<msg time="2024-03-28T12:26:17.165196" level="INFO">Creating Session using : alias=consultarAPI, url=https://randomuser.me/, headers={},                     cookies={}, auth=None, timeout=None, proxies=None, verify=False,                     debug=0 </msg>
<arg>consultarAPI</arg>
<arg>${URL}</arg>
<doc>Create Session: create a HTTP session to a server</doc>
<status status="PASS" start="2024-03-28T12:26:17.165001" elapsed="0.000375"/>
</kw>
<status status="PASS" start="2024-03-28T12:26:17.163991" elapsed="0.001739"/>
</kw>
<status status="PASS" start="2024-03-28T12:26:17.163344" elapsed="0.002594"/>
</test>
<test id="s1-s1-t2" name="Validar retorno 200 e JSON Válido" line="16">
<kw name="Teste de Requisicao Basica" owner="random-user-service">
<kw name="GET On Session" owner="RequestsLibrary">
<msg time="2024-03-28T12:26:17.237571" level="INFO">GET Request : url=https://randomuser.me/api 
 path_url=/api 
 headers={'User-Agent': 'python-requests/2.31.0', 'Accept-Encoding': 'gzip, deflate', 'Accept': '*/*', 'Connection': 'keep-alive'} 
 body=None 
 </msg>
<msg time="2024-03-28T12:26:17.237733" level="INFO">GET Response : url=https://randomuser.me/api 
 status=200, reason=OK 
 headers={'Date': 'Thu, 28 Mar 2024 12:26:17 GMT', 'Content-Type': 'application/json; charset=utf-8', 'Transfer-Encoding': 'chunked', 'Connection': 'keep-alive', 'X-Powered-By': 'Express', 'Access-Control-Allow-Origin': '*', 'Cache-Control': 'no-cache', 'ETag': 'W/"48c-fnBtIDXdgRYimNXJgrCLI2d86FQ"', 'Vary': 'Accept-Encoding', 'Content-Encoding': 'gzip', 'CF-Cache-Status': 'DYNAMIC', 'Report-To': '{"endpoints":[{"url":"https:\\/\\/a.nel.cloudflare.com\\/report\\/v4?s=K%2FaYRZ7Q0yU%2FpNpyoNKkwsj%2Fl8UJ349t6jE50OIugwOw0KdjzAyKC9f7K7CCIvdWLmpafOsxHkhoY5NBlnTnc9XAxlhMaHyfCgIV%2B6W5CUtioBv2m2ZSa3Lxc3VgMNwC"}],"group":"cf-nel","max_age":604800}', 'NEL': '{"success_fraction":0,"report_to":"cf-nel","max_age":604800}', 'Server': 'cloudflare', 'CF-RAY': '86b79b9179371785-IAD', 'alt-svc': 'h3=":443"; ma=86400'} 
 body={"results":[{"gender":"male","name":{"title":"Monsieur","first":"Philippe","last":"Sanchez"},"location":{"street":{"number":1779,"name":"Rue des Ecrivains"},"city":"Champagne","state":"Valais","country":"Switzerland","postcode":3399,"coordinates":{"latitude":"-59.1988","longitude":"-6.0178"},"timezone":{"offset":"-10:00","description":"Hawaii"}},"email":"philippe.sanchez@example.com","login":{"uuid":"cf12b2d0-5336-4783-b124-884c43020464","username":"blueelephant557","password":"baddest","salt":"tnozBFm7","md5":"037841c9b9868cbb24aa49c801120c59","sha1":"f139c14fdc7ab3965bfa2331a505eefb6770b0b5","sha256":"a59e67fbd00982e5e9a0810e88d0c66ad55efc4f9f862c4443a10da2fa1aba2c"},"dob":{"date":"1976-06-12T04:15:27.889Z","age":47},"registered":{"date":"2007-11-08T01:38:56.522Z","age":16},"phone":"075 010 24 28","cell":"075 342 32 86","id":{"name":"AVS","value":"756.8340.4722.70"},"picture":{"large":"https://randomuser.me/api/portraits/men/78.jpg","medium":"https://randomuser.me/api/portraits/med/men/78.jpg","thumbnail":"https://randomuser.me/api/portraits/thumb/men/78.jpg"},"nat":"CH"}],"info":{"seed":"42fb58491b67d494","results":1,"page":1,"version":"1.4"}} 
 </msg>
<msg time="2024-03-28T12:26:17.237837" level="INFO">/opt/hostedtoolcache/Python/3.12.2/x64/lib/python3.12/site-packages/urllib3/connectionpool.py:1103: InsecureRequestWarning: Unverified HTTPS request is being made to host 'randomuser.me'. Adding certificate verification is strongly advised. See: https://urllib3.readthedocs.io/en/latest/advanced-usage.html#tls-warnings
  warnings.warn(</msg>
<msg time="2024-03-28T12:26:17.237998" level="INFO">${response} = &lt;Response [200]&gt;</msg>
<var>${response}</var>
<arg>consultarAPI</arg>
<arg>/api</arg>
<doc>Sends a GET request on a previously created HTTP Session.</doc>
<status status="PASS" start="2024-03-28T12:26:17.168501" elapsed="0.069543"/>
</kw>
<kw name="Should Be Equal As Numbers" owner="BuiltIn">
<msg time="2024-03-28T12:26:17.239083" level="INFO">Argument types are:
&lt;class 'int'&gt;
&lt;class 'str'&gt;</msg>
<arg>${response.status_code}</arg>
<arg>200</arg>
<doc>Fails if objects are unequal after converting them to real numbers.</doc>
<status status="PASS" start="2024-03-28T12:26:17.238605" elapsed="0.000545"/>
</kw>
<kw name="Log" owner="BuiltIn">
<msg time="2024-03-28T12:26:17.239895" level="INFO">200</msg>
<arg>${response.status_code}</arg>
<doc>Logs the given message with the given level.</doc>
<status status="PASS" start="2024-03-28T12:26:17.239481" elapsed="0.000459"/>
</kw>
<kw name="Set Variable" owner="BuiltIn">
<msg time="2024-03-28T12:26:17.240743" level="INFO">${json_data} = {'results': [{'gender': 'male', 'name': {'title': 'Monsieur', 'first': 'Philippe', 'last': 'Sanchez'}, 'location': {'street': {'number': 1779, 'name': 'Rue des Ecrivains'}, 'city': 'Champagne', 'state...</msg>
<var>${json_data}</var>
<arg>${response.json()}</arg>
<doc>Returns the given values which can then be assigned to a variables.</doc>
<status status="PASS" start="2024-03-28T12:26:17.240283" elapsed="0.000489"/>
</kw>
<kw name="Dictionary Should Contain Key" owner="Collections">
<msg time="2024-03-28T12:26:17.241260" level="INFO">False</msg>
<arg>${json_data}</arg>
<arg>results</arg>
<doc>Fails if ``key`` is not found from ``dictionary``.</doc>
<status status="PASS" start="2024-03-28T12:26:17.241090" elapsed="0.000211"/>
</kw>
<status status="PASS" start="2024-03-28T12:26:17.168250" elapsed="0.073312"/>
</kw>
<doc>Testa se a API responde corretamente e retorna um objeto JSON válido.</doc>
<tag>testeRequisicaoBasica</tag>
<status status="PASS" start="2024-03-28T12:26:17.167792" elapsed="0.073963"/>
</test>
<test id="s1-s1-t3" name="Validar estrutura de resposta" line="22">
<kw name="Teste de Estrutura de Resposta" owner="random-user-service">
<kw name="GET On Session" owner="RequestsLibrary">
<msg time="2024-03-28T12:26:17.338042" level="INFO">GET Request : url=https://randomuser.me/api 
 path_url=/api 
 headers={'User-Agent': 'python-requests/2.31.0', 'Accept-Encoding': 'gzip, deflate', 'Accept': '*/*', 'Connection': 'keep-alive'} 
 body=None 
 </msg>
<msg time="2024-03-28T12:26:17.338119" level="INFO">GET Response : url=https://randomuser.me/api 
 status=200, reason=OK 
 headers={'Date': 'Thu, 28 Mar 2024 12:26:17 GMT', 'Content-Type': 'application/json; charset=utf-8', 'Transfer-Encoding': 'chunked', 'Connection': 'keep-alive', 'X-Powered-By': 'Express', 'Access-Control-Allow-Origin': '*', 'Cache-Control': 'no-cache', 'ETag': 'W/"4a9-qTLIP4zM2Ac/bvB6h1CHecZ5D4s"', 'Vary': 'Accept-Encoding', 'Content-Encoding': 'gzip', 'CF-Cache-Status': 'DYNAMIC', 'Report-To': '{"endpoints":[{"url":"https:\\/\\/a.nel.cloudflare.com\\/report\\/v4?s=QNFBJLjs2K%2FrPD8JA5fqke%2FhzXhZKScEeLJBND9c2aUGB6%2Faj1gqShVARlDxQeKi6M9OU997n7I8C55BCKpOWVs57lVVItJJ3nhG%2FH8Ze%2FzYUrS%2Fd0nFD3fnYYVD%2BA2b"}],"group":"cf-nel","max_age":604800}', 'NEL': '{"success_fraction":0,"report_to":"cf-nel","max_age":604800}', 'Server': 'cloudflare', 'CF-RAY': '86b79b91c9b91785-IAD', 'alt-svc': 'h3=":443"; ma=86400'} 
 body={"results":[{"gender":"female","name":{"title":"Mrs","first":"مریم","last":"کوتی"},"location":{"street":{"number":8119,"name":"اقبال لاهوری"},"city":"خرم‌آباد","state":"خراسان شمالی","country":"Iran","postcode":97897,"coordinates":{"latitude":"15.7041","longitude":"25.5462"},"timezone":{"offset":"-3:00","description":"Brazil, Buenos Aires, Georgetown"}},"email":"mrym.khwty@example.com","login":{"uuid":"ae75c155-f901-4161-bb3c-be63ef2ca856","username":"silverpanda920","password":"cerberus","salt":"Jbgfxe9S","md5":"a33f4ae68b8f049e36c000fbc2741da5","sha1":"a2d718daf88c93446ca97620f2d264babd86ec2e","sha256":"a6e0ad68f698351dfc246296927b571a78f2fb9142cc9aacb2d7e979cf5120f7"},"dob":{"date":"1969-02-14T15:17:56.673Z","age":55},"registered":{"date":"2006-10-18T14:51:20.960Z","age":17},"phone":"091-76534580","cell":"0932-944-8630","id":{"name":"","value":null},"picture":{"large":"https://randomuser.me/api/portraits/women/90.jpg","medium":"https://randomuser.me/api/portraits/med/women/90.jpg","thumbnail":"https://randomuser.me/api/portraits/thumb/women/90.jpg"},"nat":"IR"}],"info":{"seed":"4b4bda66aa436b5d","results":1,"page":1,"version":"1.4"}} 
 </msg>
<msg time="2024-03-28T12:26:17.338236" level="INFO">/opt/hostedtoolcache/Python/3.12.2/x64/lib/python3.12/site-packages/urllib3/connectionpool.py:1103: InsecureRequestWarning: Unverified HTTPS request is being made to host 'randomuser.me'. Adding certificate verification is strongly advised. See: https://urllib3.readthedocs.io/en/latest/advanced-usage.html#tls-warnings
  warnings.warn(</msg>
<msg time="2024-03-28T12:26:17.338359" level="INFO">${response} = &lt;Response [200]&gt;</msg>
<var>${response}</var>
<arg>consultarAPI</arg>
<arg>/api</arg>
<doc>Sends a GET request on a previously created HTTP Session.</doc>
<status status="PASS" start="2024-03-28T12:26:17.244530" elapsed="0.093870"/>
</kw>
<kw name="Set Variable" owner="BuiltIn">
<msg time="2024-03-28T12:26:17.339336" level="INFO">${json_data} = {'results': [{'gender': 'female', 'name': {'title': 'Mrs', 'first': 'مریم', 'last': 'کوتی'}, 'location': {'street': {'number': 8119, 'name': 'اقبال لاهوری'}, 'city': 'خرم\u200cآباد', 'state': 'خراسان ...</msg>
<var>${json_data}</var>
<arg>${response.json()}</arg>
<doc>Returns the given values which can then be assigned to a variables.</doc>
<status status="PASS" start="2024-03-28T12:26:17.338848" elapsed="0.000519"/>
</kw>
<kw name="Log" owner="BuiltIn">
<msg time="2024-03-28T12:26:17.339895" level="INFO">{'results': [{'gender': 'female', 'name': {'title': 'Mrs', 'first': 'مریم', 'last': 'کوتی'}, 'location': {'street': {'number': 8119, 'name': 'اقبال لاهوری'}, 'city': 'خرم\u200cآباد', 'state': 'خراسان شمالی', 'country': 'Iran', 'postcode': 97897, 'coordinates': {'latitude': '15.7041', 'longitude': '25.5462'}, 'timezone': {'offset': '-3:00', 'description': 'Brazil, Buenos Aires, Georgetown'}}, 'email': 'mrym.khwty@example.com', 'login': {'uuid': 'ae75c155-f901-4161-bb3c-be63ef2ca856', 'username': 'silverpanda920', 'password': 'cerberus', 'salt': 'Jbgfxe9S', 'md5': 'a33f4ae68b8f049e36c000fbc2741da5', 'sha1': 'a2d718daf88c93446ca97620f2d264babd86ec2e', 'sha256': 'a6e0ad68f698351dfc246296927b571a78f2fb9142cc9aacb2d7e979cf5120f7'}, 'dob': {'date': '1969-02-14T15:17:56.673Z', 'age': 55}, 'registered': {'date': '2006-10-18T14:51:20.960Z', 'age': 17}, 'phone': '091-76534580', 'cell': '0932-944-8630', 'id': {'name': '', 'value': None}, 'picture': {'large': 'https://randomuser.me/api/portraits/women/90.jpg', 'medium': 'https://randomuser.me/api/portraits/med/women/90.jpg', 'thumbnail': 'https://randomuser.me/api/portraits/thumb/women/90.jpg'}, 'nat': 'IR'}], 'info': {'seed': '4b4bda66aa436b5d', 'results': 1, 'page': 1, 'version': '1.4'}}</msg>
<arg>${json_data}</arg>
<doc>Logs the given message with the given level.</doc>
<status status="PASS" start="2024-03-28T12:26:17.339725" elapsed="0.000222"/>
</kw>
<kw name="Dictionary Should Contain Key" owner="Collections">
<msg time="2024-03-28T12:26:17.340413" level="INFO">False</msg>
<arg>${json_data}</arg>
<arg>results</arg>
<doc>Fails if ``key`` is not found from ``dictionary``.</doc>
<status status="PASS" start="2024-03-28T12:26:17.340254" elapsed="0.000197"/>
</kw>
<kw name="Should Not Be Empty" owner="BuiltIn">
<msg time="2024-03-28T12:26:17.340884" level="INFO">Length is 2.</msg>
<arg>${json_data}</arg>
<doc>Verifies that the given item is not empty.</doc>
<status status="PASS" start="2024-03-28T12:26:17.340749" elapsed="0.000174"/>
</kw>
<kw name="Create List" owner="BuiltIn">
<msg time="2024-03-28T12:26:17.341376" level="INFO">${expected_keys} = ['gender', 'name', 'location', 'email', 'login']</msg>
<var>${expected_keys}</var>
<arg>gender</arg>
<arg>name</arg>
<arg>location</arg>
<arg>email</arg>
<arg>login</arg>
<doc>Returns a list containing given items.</doc>
<status status="PASS" start="2024-03-28T12:26:17.341223" elapsed="0.000178"/>
</kw>
<for flavor="IN">
<iter>
<kw name="Dictionary Should Contain Key" owner="Collections">
<msg time="2024-03-28T12:26:17.342393" level="INFO">False</msg>
<arg>${json_data['results'][0]}</arg>
<arg>${key}</arg>
<doc>Fails if ``key`` is not found from ``dictionary``.</doc>
<status status="PASS" start="2024-03-28T12:26:17.341986" elapsed="0.000448"/>
</kw>
<kw name="Log" owner="BuiltIn">
<msg time="2024-03-28T12:26:17.343119" level="INFO">{'gender': 'female', 'name': {'title': 'Mrs', 'first': 'مریم', 'last': 'کوتی'}, 'location': {'street': {'number': 8119, 'name': 'اقبال لاهوری'}, 'city': 'خرم\u200cآباد', 'state': 'خراسان شمالی', 'country': 'Iran', 'postcode': 97897, 'coordinates': {'latitude': '15.7041', 'longitude': '25.5462'}, 'timezone': {'offset': '-3:00', 'description': 'Brazil, Buenos Aires, Georgetown'}}, 'email': 'mrym.khwty@example.com', 'login': {'uuid': 'ae75c155-f901-4161-bb3c-be63ef2ca856', 'username': 'silverpanda920', 'password': 'cerberus', 'salt': 'Jbgfxe9S', 'md5': 'a33f4ae68b8f049e36c000fbc2741da5', 'sha1': 'a2d718daf88c93446ca97620f2d264babd86ec2e', 'sha256': 'a6e0ad68f698351dfc246296927b571a78f2fb9142cc9aacb2d7e979cf5120f7'}, 'dob': {'date': '1969-02-14T15:17:56.673Z', 'age': 55}, 'registered': {'date': '2006-10-18T14:51:20.960Z', 'age': 17}, 'phone': '091-76534580', 'cell': '0932-944-8630', 'id': {'name': '', 'value': None}, 'picture': {'large': 'https://randomuser.me/api/portraits/women/90.jpg', 'medium': 'https://randomuser.me/api/portraits/med/women/90.jpg', 'thumbnail': 'https://randomuser.me/api/portraits/thumb/women/90.jpg'}, 'nat': 'IR'}</msg>
<arg>${json_data['results'][0]}</arg>
<doc>Logs the given message with the given level.</doc>
<status status="PASS" start="2024-03-28T12:26:17.342742" elapsed="0.000435"/>
</kw>
<kw name="Log" owner="BuiltIn">
<msg time="2024-03-28T12:26:17.343641" level="INFO">gender</msg>
<arg>${key}</arg>
<doc>Logs the given message with the given level.</doc>
<status status="PASS" start="2024-03-28T12:26:17.343488" elapsed="0.000196"/>
</kw>
<var name="${key}">gender</var>
<status status="PASS" start="2024-03-28T12:26:17.341861" elapsed="0.002049"/>
</iter>
<iter>
<kw name="Dictionary Should Contain Key" owner="Collections">
<msg time="2024-03-28T12:26:17.344607" level="INFO">False</msg>
<arg>${json_data['results'][0]}</arg>
<arg>${key}</arg>
<doc>Fails if ``key`` is not found from ``dictionary``.</doc>
<status status="PASS" start="2024-03-28T12:26:17.344217" elapsed="0.000464"/>
</kw>
<kw name="Log" owner="BuiltIn">
<msg time="2024-03-28T12:26:17.345350" level="INFO">{'gender': 'female', 'name': {'title': 'Mrs', 'first': 'مریم', 'last': 'کوتی'}, 'location': {'street': {'number': 8119, 'name': 'اقبال لاهوری'}, 'city': 'خرم\u200cآباد', 'state': 'خراسان شمالی', 'country': 'Iran', 'postcode': 97897, 'coordinates': {'latitude': '15.7041', 'longitude': '25.5462'}, 'timezone': {'offset': '-3:00', 'description': 'Brazil, Buenos Aires, Georgetown'}}, 'email': 'mrym.khwty@example.com', 'login': {'uuid': 'ae75c155-f901-4161-bb3c-be63ef2ca856', 'username': 'silverpanda920', 'password': 'cerberus', 'salt': 'Jbgfxe9S', 'md5': 'a33f4ae68b8f049e36c000fbc2741da5', 'sha1': 'a2d718daf88c93446ca97620f2d264babd86ec2e', 'sha256': 'a6e0ad68f698351dfc246296927b571a78f2fb9142cc9aacb2d7e979cf5120f7'}, 'dob': {'date': '1969-02-14T15:17:56.673Z', 'age': 55}, 'registered': {'date': '2006-10-18T14:51:20.960Z', 'age': 17}, 'phone': '091-76534580', 'cell': '0932-944-8630', 'id': {'name': '', 'value': None}, 'picture': {'large': 'https://randomuser.me/api/portraits/women/90.jpg', 'medium': 'https://randomuser.me/api/portraits/med/women/90.jpg', 'thumbnail': 'https://randomuser.me/api/portraits/thumb/women/90.jpg'}, 'nat': 'IR'}</msg>
<arg>${json_data['results'][0]}</arg>
<doc>Logs the given message with the given level.</doc>
<status status="PASS" start="2024-03-28T12:26:17.344987" elapsed="0.000415"/>
</kw>
<kw name="Log" owner="BuiltIn">
<msg time="2024-03-28T12:26:17.345834" level="INFO">name</msg>
<arg>${key}</arg>
<doc>Logs the given message with the given level.</doc>
<status status="PASS" start="2024-03-28T12:26:17.345704" elapsed="0.000170"/>
</kw>
<var name="${key}">name</var>
<status status="PASS" start="2024-03-28T12:26:17.344100" elapsed="0.001992"/>
</iter>
<iter>
<kw name="Dictionary Should Contain Key" owner="Collections">
<msg time="2024-03-28T12:26:17.346766" level="INFO">False</msg>
<arg>${json_data['results'][0]}</arg>
<arg>${key}</arg>
<doc>Fails if ``key`` is not found from ``dictionary``.</doc>
<status status="PASS" start="2024-03-28T12:26:17.346389" elapsed="0.000415"/>
</kw>
<kw name="Log" owner="BuiltIn">
<msg time="2024-03-28T12:26:17.347470" level="INFO">{'gender': 'female', 'name': {'title': 'Mrs', 'first': 'مریم', 'last': 'کوتی'}, 'location': {'street': {'number': 8119, 'name': 'اقبال لاهوری'}, 'city': 'خرم\u200cآباد', 'state': 'خراسان شمالی', 'country': 'Iran', 'postcode': 97897, 'coordinates': {'latitude': '15.7041', 'longitude': '25.5462'}, 'timezone': {'offset': '-3:00', 'description': 'Brazil, Buenos Aires, Georgetown'}}, 'email': 'mrym.khwty@example.com', 'login': {'uuid': 'ae75c155-f901-4161-bb3c-be63ef2ca856', 'username': 'silverpanda920', 'password': 'cerberus', 'salt': 'Jbgfxe9S', 'md5': 'a33f4ae68b8f049e36c000fbc2741da5', 'sha1': 'a2d718daf88c93446ca97620f2d264babd86ec2e', 'sha256': 'a6e0ad68f698351dfc246296927b571a78f2fb9142cc9aacb2d7e979cf5120f7'}, 'dob': {'date': '1969-02-14T15:17:56.673Z', 'age': 55}, 'registered': {'date': '2006-10-18T14:51:20.960Z', 'age': 17}, 'phone': '091-76534580', 'cell': '0932-944-8630', 'id': {'name': '', 'value': None}, 'picture': {'large': 'https://randomuser.me/api/portraits/women/90.jpg', 'medium': 'https://randomuser.me/api/portraits/med/women/90.jpg', 'thumbnail': 'https://randomuser.me/api/portraits/thumb/women/90.jpg'}, 'nat': 'IR'}</msg>
<arg>${json_data['results'][0]}</arg>
<doc>Logs the given message with the given level.</doc>
<status status="PASS" start="2024-03-28T12:26:17.347110" elapsed="0.000418"/>
</kw>
<kw name="Log" owner="BuiltIn">
<msg time="2024-03-28T12:26:17.347994" level="INFO">location</msg>
<arg>${key}</arg>
<doc>Logs the given message with the given level.</doc>
<status status="PASS" start="2024-03-28T12:26:17.347863" elapsed="0.000171"/>
</kw>
<var name="${key}">location</var>
<status status="PASS" start="2024-03-28T12:26:17.346275" elapsed="0.001978"/>
</iter>
<iter>
<kw name="Dictionary Should Contain Key" owner="Collections">
<msg time="2024-03-28T12:26:17.348925" level="INFO">False</msg>
<arg>${json_data['results'][0]}</arg>
<arg>${key}</arg>
<doc>Fails if ``key`` is not found from ``dictionary``.</doc>
<status status="PASS" start="2024-03-28T12:26:17.348539" elapsed="0.000425"/>
</kw>
<kw name="Log" owner="BuiltIn">
<msg time="2024-03-28T12:26:17.349628" level="INFO">{'gender': 'female', 'name': {'title': 'Mrs', 'first': 'مریم', 'last': 'کوتی'}, 'location': {'street': {'number': 8119, 'name': 'اقبال لاهوری'}, 'city': 'خرم\u200cآباد', 'state': 'خراسان شمالی', 'country': 'Iran', 'postcode': 97897, 'coordinates': {'latitude': '15.7041', 'longitude': '25.5462'}, 'timezone': {'offset': '-3:00', 'description': 'Brazil, Buenos Aires, Georgetown'}}, 'email': 'mrym.khwty@example.com', 'login': {'uuid': 'ae75c155-f901-4161-bb3c-be63ef2ca856', 'username': 'silverpanda920', 'password': 'cerberus', 'salt': 'Jbgfxe9S', 'md5': 'a33f4ae68b8f049e36c000fbc2741da5', 'sha1': 'a2d718daf88c93446ca97620f2d264babd86ec2e', 'sha256': 'a6e0ad68f698351dfc246296927b571a78f2fb9142cc9aacb2d7e979cf5120f7'}, 'dob': {'date': '1969-02-14T15:17:56.673Z', 'age': 55}, 'registered': {'date': '2006-10-18T14:51:20.960Z', 'age': 17}, 'phone': '091-76534580', 'cell': '0932-944-8630', 'id': {'name': '', 'value': None}, 'picture': {'large': 'https://randomuser.me/api/portraits/women/90.jpg', 'medium': 'https://randomuser.me/api/portraits/med/women/90.jpg', 'thumbnail': 'https://randomuser.me/api/portraits/thumb/women/90.jpg'}, 'nat': 'IR'}</msg>
<arg>${json_data['results'][0]}</arg>
<doc>Logs the given message with the given level.</doc>
<status status="PASS" start="2024-03-28T12:26:17.349269" elapsed="0.000410"/>
</kw>
<kw name="Log" owner="BuiltIn">
<msg time="2024-03-28T12:26:17.350106" level="INFO">email</msg>
<arg>${key}</arg>
<doc>Logs the given message with the given level.</doc>
<status status="PASS" start="2024-03-28T12:26:17.349977" elapsed="0.000167"/>
</kw>
<var name="${key}">email</var>
<status status="PASS" start="2024-03-28T12:26:17.348428" elapsed="0.001931"/>
</iter>
<iter>
<kw name="Dictionary Should Contain Key" owner="Collections">
<msg time="2024-03-28T12:26:17.351046" level="INFO">False</msg>
<arg>${json_data['results'][0]}</arg>
<arg>${key}</arg>
<doc>Fails if ``key`` is not found from ``dictionary``.</doc>
<status status="PASS" start="2024-03-28T12:26:17.350661" elapsed="0.000424"/>
</kw>
<kw name="Log" owner="BuiltIn">
<msg time="2024-03-28T12:26:17.351790" level="INFO">{'gender': 'female', 'name': {'title': 'Mrs', 'first': 'مریم', 'last': 'کوتی'}, 'location': {'street': {'number': 8119, 'name': 'اقبال لاهوری'}, 'city': 'خرم\u200cآباد', 'state': 'خراسان شمالی', 'country': 'Iran', 'postcode': 97897, 'coordinates': {'latitude': '15.7041', 'longitude': '25.5462'}, 'timezone': {'offset': '-3:00', 'description': 'Brazil, Buenos Aires, Georgetown'}}, 'email': 'mrym.khwty@example.com', 'login': {'uuid': 'ae75c155-f901-4161-bb3c-be63ef2ca856', 'username': 'silverpanda920', 'password': 'cerberus', 'salt': 'Jbgfxe9S', 'md5': 'a33f4ae68b8f049e36c000fbc2741da5', 'sha1': 'a2d718daf88c93446ca97620f2d264babd86ec2e', 'sha256': 'a6e0ad68f698351dfc246296927b571a78f2fb9142cc9aacb2d7e979cf5120f7'}, 'dob': {'date': '1969-02-14T15:17:56.673Z', 'age': 55}, 'registered': {'date': '2006-10-18T14:51:20.960Z', 'age': 17}, 'phone': '091-76534580', 'cell': '0932-944-8630', 'id': {'name': '', 'value': None}, 'picture': {'large': 'https://randomuser.me/api/portraits/women/90.jpg', 'medium': 'https://randomuser.me/api/portraits/med/women/90.jpg', 'thumbnail': 'https://randomuser.me/api/portraits/thumb/women/90.jpg'}, 'nat': 'IR'}</msg>
<arg>${json_data['results'][0]}</arg>
<doc>Logs the given message with the given level.</doc>
<status status="PASS" start="2024-03-28T12:26:17.351388" elapsed="0.000453"/>
</kw>
<kw name="Log" owner="BuiltIn">
<msg time="2024-03-28T12:26:17.352297" level="INFO">login</msg>
<arg>${key}</arg>
<doc>Logs the given message with the given level.</doc>
<status status="PASS" start="2024-03-28T12:26:17.352166" elapsed="0.000277"/>
</kw>
<var name="${key}">login</var>
<status status="PASS" start="2024-03-28T12:26:17.350534" elapsed="0.002136"/>
</iter>
<var>${key}</var>
<value>@{expected_keys}</value>
<status status="PASS" start="2024-03-28T12:26:17.341668" elapsed="0.011128"/>
</for>
<kw name="Create List" owner="BuiltIn">
<msg time="2024-03-28T12:26:17.353128" level="INFO">${expected_keysTwo} = ['username', 'password']</msg>
<var>${expected_keysTwo}</var>
<arg>username</arg>
<arg>password</arg>
<doc>Returns a list containing given items.</doc>
<status status="PASS" start="2024-03-28T12:26:17.352989" elapsed="0.000163"/>
</kw>
<for flavor="IN">
<iter>
<kw name="Dictionary Should Contain Key" owner="Collections">
<msg time="2024-03-28T12:26:17.354044" level="INFO">False</msg>
<arg>${json_data['results'][0]['login']}</arg>
<arg>${keyTwo}</arg>
<doc>Fails if ``key`` is not found from ``dictionary``.</doc>
<status status="PASS" start="2024-03-28T12:26:17.353667" elapsed="0.000415"/>
</kw>
<kw name="Dictionary Should Contain Key" owner="Collections">
<msg time="2024-03-28T12:26:17.354780" level="INFO">False</msg>
<arg>${json_data['results'][0]['login']}</arg>
<arg>${keyTwo}</arg>
<doc>Fails if ``key`` is not found from ``dictionary``.</doc>
<status status="PASS" start="2024-03-28T12:26:17.354380" elapsed="0.000438"/>
</kw>
<kw name="Log" owner="BuiltIn">
<msg time="2024-03-28T12:26:17.355248" level="INFO">username</msg>
<arg>${keyTwo}</arg>
<doc>Logs the given message with the given level.</doc>
<status status="PASS" start="2024-03-28T12:26:17.355117" elapsed="0.000170"/>
</kw>
<var name="${keyTwo}">username</var>
<status status="PASS" start="2024-03-28T12:26:17.353555" elapsed="0.001950"/>
</iter>
<iter>
<kw name="Dictionary Should Contain Key" owner="Collections">
<msg time="2024-03-28T12:26:17.356224" level="INFO">False</msg>
<arg>${json_data['results'][0]['login']}</arg>
<arg>${keyTwo}</arg>
<doc>Fails if ``key`` is not found from ``dictionary``.</doc>
<status status="PASS" start="2024-03-28T12:26:17.355833" elapsed="0.000430"/>
</kw>
<kw name="Dictionary Should Contain Key" owner="Collections">
<msg time="2024-03-28T12:26:17.356957" level="INFO">False</msg>
<arg>${json_data['results'][0]['login']}</arg>
<arg>${keyTwo}</arg>
<doc>Fails if ``key`` is not found from ``dictionary``.</doc>
<status status="PASS" start="2024-03-28T12:26:17.356573" elapsed="0.000422"/>
</kw>
<kw name="Log" owner="BuiltIn">
<msg time="2024-03-28T12:26:17.357420" level="INFO">password</msg>
<arg>${keyTwo}</arg>
<doc>Logs the given message with the given level.</doc>
<status status="PASS" start="2024-03-28T12:26:17.357290" elapsed="0.000169"/>
</kw>
<var name="${keyTwo}">password</var>
<status status="PASS" start="2024-03-28T12:26:17.355718" elapsed="0.001962"/>
</iter>
<var>${keyTwo}</var>
<value>@{expected_keysTwo}</value>
<status status="PASS" start="2024-03-28T12:26:17.353394" elapsed="0.004409"/>
</for>
<status status="PASS" start="2024-03-28T12:26:17.244288" elapsed="0.113657"/>
</kw>
<doc>Testa a estrutura da resposta da API.</doc>
<tag>testeEstruturaResposta</tag>
<status status="PASS" start="2024-03-28T12:26:17.243584" elapsed="0.114523"/>
</test>
<test id="s1-s1-t4" name="Validar tipos de dados" line="28">
<kw name="Teste de Tipos de Dados" owner="random-user-service">
<kw name="GET On Session" owner="RequestsLibrary">
<msg time="2024-03-28T12:26:17.422830" level="INFO">GET Request : url=https://randomuser.me/api 
 path_url=/api 
 headers={'User-Agent': 'python-requests/2.31.0', 'Accept-Encoding': 'gzip, deflate', 'Accept': '*/*', 'Connection': 'keep-alive'} 
 body=None 
 </msg>
<msg time="2024-03-28T12:26:17.422913" level="INFO">GET Response : url=https://randomuser.me/api 
 status=200, reason=OK 
 headers={'Date': 'Thu, 28 Mar 2024 12:26:17 GMT', 'Content-Type': 'application/json; charset=utf-8', 'Transfer-Encoding': 'chunked', 'Connection': 'keep-alive', 'X-Powered-By': 'Express', 'Access-Control-Allow-Origin': '*', 'Cache-Control': 'no-cache', 'ETag': 'W/"472-upBADhH6F+tK0HpTDlrKY40w/uA"', 'Vary': 'Accept-Encoding', 'Content-Encoding': 'gzip', 'CF-Cache-Status': 'DYNAMIC', 'Report-To': '{"endpoints":[{"url":"https:\\/\\/a.nel.cloudflare.com\\/report\\/v4?s=YlLuxsV9TMG3RyNr4bhukcL1R7Mjl3A5TQ1Umqb8Frh4gTcixzQJCZzVMIn60Q8PUHq3xwncHjAAo5sdxLmezOP9CIIHi%2BD9O1A1Ahx6vuYoeGX%2BacDAIxs32PhPlYui"}],"group":"cf-nel","max_age":604800}', 'NEL': '{"success_fraction":0,"report_to":"cf-nel","max_age":604800}', 'Server': 'cloudflare', 'CF-RAY': '86b79b928aac1785-IAD', 'alt-svc': 'h3=":443"; ma=86400'} 
 body={"results":[{"gender":"male","name":{"title":"Mr","first":"Jordan","last":"Shelton"},"location":{"street":{"number":2925,"name":"Park Lane"},"city":"Monaghan","state":"Sligo","country":"Ireland","postcode":73185,"coordinates":{"latitude":"-0.8513","longitude":"-167.4465"},"timezone":{"offset":"+9:30","description":"Adelaide, Darwin"}},"email":"jordan.shelton@example.com","login":{"uuid":"8de49acb-30a4-4d1d-b227-f586fa81196c","username":"blueladybug967","password":"blade","salt":"mdNsYf1T","md5":"48a26fc4b0d8c773d4f3d7ec86201548","sha1":"764ed68af1a79960fe3c665eff5c213d7fcf677f","sha256":"72f3c8391f36934d71c870cad3b640a16f9f8ea3ffb828ad52f946fc6259c831"},"dob":{"date":"1963-11-16T05:34:45.034Z","age":60},"registered":{"date":"2013-02-11T11:13:01.242Z","age":11},"phone":"071-650-0547","cell":"081-332-7271","id":{"name":"PPS","value":"8914381T"},"picture":{"large":"https://randomuser.me/api/portraits/men/40.jpg","medium":"https://randomuser.me/api/portraits/med/men/40.jpg","thumbnail":"https://randomuser.me/api/portraits/thumb/men/40.jpg"},"nat":"IE"}],"info":{"seed":"a42e9332a51374fe","results":1,"page":1,"version":"1.4"}} 
 </msg>
<msg time="2024-03-28T12:26:17.422983" level="INFO">/opt/hostedtoolcache/Python/3.12.2/x64/lib/python3.12/site-packages/urllib3/connectionpool.py:1103: InsecureRequestWarning: Unverified HTTPS request is being made to host 'randomuser.me'. Adding certificate verification is strongly advised. See: https://urllib3.readthedocs.io/en/latest/advanced-usage.html#tls-warnings
  warnings.warn(</msg>
<msg time="2024-03-28T12:26:17.423089" level="INFO">${response} = &lt;Response [200]&gt;</msg>
<var>${response}</var>
<arg>consultarAPI</arg>
<arg>/api</arg>
<doc>Sends a GET request on a previously created HTTP Session.</doc>
<status status="PASS" start="2024-03-28T12:26:17.360614" elapsed="0.062511"/>
</kw>
<kw name="Set Variable" owner="BuiltIn">
<msg time="2024-03-28T12:26:17.423998" level="INFO">${json_data} = {'results': [{'gender': 'male', 'name': {'title': 'Mr', 'first': 'Jordan', 'last': 'Shelton'}, 'location': {'street': {'number': 2925, 'name': 'Park Lane'}, 'city': 'Monaghan', 'state': 'Sligo', 'coun...</msg>
<var>${json_data}</var>
<arg>${response.json()}</arg>
<doc>Returns the given values which can then be assigned to a variables.</doc>
<status status="PASS" start="2024-03-28T12:26:17.423507" elapsed="0.000525"/>
</kw>
<kw name="Log" owner="BuiltIn">
<msg time="2024-03-28T12:26:17.424497" level="INFO">{'results': [{'gender': 'male', 'name': {'title': 'Mr', 'first': 'Jordan', 'last': 'Shelton'}, 'location': {'street': {'number': 2925, 'name': 'Park Lane'}, 'city': 'Monaghan', 'state': 'Sligo', 'country': 'Ireland', 'postcode': 73185, 'coordinates': {'latitude': '-0.8513', 'longitude': '-167.4465'}, 'timezone': {'offset': '+9:30', 'description': 'Adelaide, Darwin'}}, 'email': 'jordan.shelton@example.com', 'login': {'uuid': '8de49acb-30a4-4d1d-b227-f586fa81196c', 'username': 'blueladybug967', 'password': 'blade', 'salt': 'mdNsYf1T', 'md5': '48a26fc4b0d8c773d4f3d7ec86201548', 'sha1': '764ed68af1a79960fe3c665eff5c213d7fcf677f', 'sha256': '72f3c8391f36934d71c870cad3b640a16f9f8ea3ffb828ad52f946fc6259c831'}, 'dob': {'date': '1963-11-16T05:34:45.034Z', 'age': 60}, 'registered': {'date': '2013-02-11T11:13:01.242Z', 'age': 11}, 'phone': '071-650-0547', 'cell': '081-332-7271', 'id': {'name': 'PPS', 'value': '8914381T'}, 'picture': {'large': 'https://randomuser.me/api/portraits/men/40.jpg', 'medium': 'https://randomuser.me/api/portraits/med/men/40.jpg', 'thumbnail': 'https://randomuser.me/api/portraits/thumb/men/40.jpg'}, 'nat': 'IE'}], 'info': {'seed': 'a42e9332a51374fe', 'results': 1, 'page': 1, 'version': '1.4'}}</msg>
<arg>${json_data}</arg>
<doc>Logs the given message with the given level.</doc>
<status status="PASS" start="2024-03-28T12:26:17.424344" elapsed="0.000234"/>
</kw>
<kw name="Should Be String" owner="String">
<arg>${json_data['results'][0]['gender']}</arg>
<doc>Fails if the given ``item`` is not a string.</doc>
<status status="PASS" start="2024-03-28T12:26:17.424885" elapsed="0.000364"/>
</kw>
<kw name="Should Match Regexp" owner="BuiltIn">
<arg>${json_data['results'][0]['email']}</arg>
<arg>^[a-zA-Z0-9._%+-]+@[a-zA-Z0-9.-]+\.[a-zA-Z]{2,}$</arg>
<doc>Fails if ``string`` does not match ``pattern`` as a regular expression.</doc>
<status status="PASS" start="2024-03-28T12:26:17.425444" elapsed="0.000517"/>
</kw>
<kw name="Should Match Regexp" owner="BuiltIn">
<arg>${json_data['results'][0]['dob']['date']}</arg>
<arg>\\d{4}-\\d{2}-\\d{2}T\\d{2}:\\d{2}:\\d{2}\\.\\d{3}Z</arg>
<doc>Fails if ``string`` does not match ``pattern`` as a regular expression.</doc>
<status status="PASS" start="2024-03-28T12:26:17.426162" elapsed="0.000490"/>
</kw>
<kw name="Should Match Regexp" owner="BuiltIn">
<arg>${json_data['results'][0]['registered']['date']}</arg>
<arg>\\d{4}-\\d{2}-\\d{2}T\\d{2}:\\d{2}:\\d{2}\\.\\d{3}Z</arg>
<doc>Fails if ``string`` does not match ``pattern`` as a regular expression.</doc>
<status status="PASS" start="2024-03-28T12:26:17.426846" elapsed="0.000369"/>
</kw>
<kw name="Should Match Regexp" owner="BuiltIn">
<arg>${json_data['results'][0]['picture']['large']}</arg>
<arg>^https?://.*\.(?:png|jpe?g|gif|bmp)$</arg>
<doc>Fails if ``string`` does not match ``pattern`` as a regular expression.</doc>
<status status="PASS" start="2024-03-28T12:26:17.427405" elapsed="0.000491"/>
</kw>
<kw name="Should Match Regexp" owner="BuiltIn">
<arg>${json_data['results'][0]['picture']['medium']}</arg>
<arg>^https?://.*\.(?:png|jpe?g|gif|bmp)$</arg>
<doc>Fails if ``string`` does not match ``pattern`` as a regular expression.</doc>
<status status="PASS" start="2024-03-28T12:26:17.428088" elapsed="0.000359"/>
</kw>
<kw name="Should Match Regexp" owner="BuiltIn">
<arg>${json_data['results'][0]['picture']['thumbnail']}</arg>
<arg>^https?://.*\.(?:png|jpe?g|gif|bmp)$</arg>
<doc>Fails if ``string`` does not match ``pattern`` as a regular expression.</doc>
<status status="PASS" start="2024-03-28T12:26:17.428634" elapsed="0.000348"/>
</kw>
<kw name="Log" owner="BuiltIn">
<msg time="2024-03-28T12:26:17.429486" level="INFO">{'large': 'https://randomuser.me/api/portraits/men/40.jpg', 'medium': 'https://randomuser.me/api/portraits/med/men/40.jpg', 'thumbnail': 'https://randomuser.me/api/portraits/thumb/men/40.jpg'}</msg>
<arg>${json_data['results'][0]['picture']}</arg>
<doc>Logs the given message with the given level.</doc>
<status status="PASS" start="2024-03-28T12:26:17.429165" elapsed="0.000370"/>
</kw>
<status status="PASS" start="2024-03-28T12:26:17.360383" elapsed="0.069410"/>
</kw>
<kw name="Teste de Tipos de Dados - Postcode" owner="random-user-service">
<kw name="GET On Session" owner="RequestsLibrary">
<msg time="2024-03-28T12:26:17.533281" level="INFO">GET Request : url=https://randomuser.me/api 
 path_url=/api 
 headers={'User-Agent': 'python-requests/2.31.0', 'Accept-Encoding': 'gzip, deflate', 'Accept': '*/*', 'Connection': 'keep-alive'} 
 body=None 
 </msg>
<msg time="2024-03-28T12:26:17.533380" level="INFO">GET Response : url=https://randomuser.me/api 
 status=200, reason=OK 
 headers={'Date': 'Thu, 28 Mar 2024 12:26:17 GMT', 'Content-Type': 'application/json; charset=utf-8', 'Transfer-Encoding': 'chunked', 'Connection': 'keep-alive', 'X-Powered-By': 'Express', 'Access-Control-Allow-Origin': '*', 'Cache-Control': 'no-cache', 'ETag': 'W/"4b3-WpjlgjDhPRH5kKEzsqLMoSKeK/A"', 'Vary': 'Accept-Encoding', 'Content-Encoding': 'gzip', 'CF-Cache-Status': 'DYNAMIC', 'Report-To': '{"endpoints":[{"url":"https:\\/\\/a.nel.cloudflare.com\\/report\\/v4?s=R6kP75EJrXCcLR6NnHcLWliTzy1ulS2TVlPtanJR0d9mT9Q5rKEs2YQuICQywRkEeiPtUYjghpOyxuvN8JbG%2FNHbwTp3vexcg%2BD2GL%2BdqJZt9nmQChP7sX6nv01Es4L9"}],"group":"cf-nel","max_age":604800}', 'NEL': '{"success_fraction":0,"report_to":"cf-nel","max_age":604800}', 'Server': 'cloudflare', 'CF-RAY': '86b79b92fb3f1785-IAD', 'alt-svc': 'h3=":443"; ma=86400'} 
 body={"results":[{"gender":"female","name":{"title":"Ms","first":"Catrin","last":"Plum"},"location":{"street":{"number":5038,"name":"Königsberger Straße"},"city":"Neumarkt I.D.Opf.","state":"Rheinland-Pfalz","country":"Germany","postcode":15602,"coordinates":{"latitude":"-55.2984","longitude":"152.0228"},"timezone":{"offset":"+9:00","description":"Tokyo, Seoul, Osaka, Sapporo, Yakutsk"}},"email":"catrin.plum@example.com","login":{"uuid":"2aee899a-054f-4066-b703-38108404f9da","username":"brownelephant558","password":"181818","salt":"tr8byy7C","md5":"087e1ba332da738d09f22654a27a17fe","sha1":"fde49d0fbdabb6e979c5d8b4284e8afef2f9d274","sha256":"062e13a7b8f4692da6c0f7f859ad56ba4d7554c6ebe59334220ac4f70c6b1c99"},"dob":{"date":"1950-10-07T10:41:27.200Z","age":73},"registered":{"date":"2003-01-18T12:05:59.167Z","age":21},"phone":"0202-9686441","cell":"0173-5368609","id":{"name":"SVNR","value":"81 071050 P 942"},"picture":{"large":"https://randomuser.me/api/portraits/women/52.jpg","medium":"https://randomuser.me/api/portraits/med/women/52.jpg","thumbnail":"https://randomuser.me/api/portraits/thumb/women/52.jpg"},"nat":"DE"}],"info":{"seed":"3de1028b946f4e51","results":1,"page":1,"version":"1.4"}} 
 </msg>
<msg time="2024-03-28T12:26:17.533469" level="INFO">/opt/hostedtoolcache/Python/3.12.2/x64/lib/python3.12/site-packages/urllib3/connectionpool.py:1103: InsecureRequestWarning: Unverified HTTPS request is being made to host 'randomuser.me'. Adding certificate verification is strongly advised. See: https://urllib3.readthedocs.io/en/latest/advanced-usage.html#tls-warnings
  warnings.warn(</msg>
<msg time="2024-03-28T12:26:17.533641" level="INFO">${response} = &lt;Response [200]&gt;</msg>
<var>${response}</var>
<arg>consultarAPI</arg>
<arg>/api</arg>
<doc>Sends a GET request on a previously created HTTP Session.</doc>
<status status="PASS" start="2024-03-28T12:26:17.430352" elapsed="0.103334"/>
</kw>
<kw name="Set Variable" owner="BuiltIn">
<msg time="2024-03-28T12:26:17.535011" level="INFO">${json_data} = {'results': [{'gender': 'female', 'name': {'title': 'Ms', 'first': 'Catrin', 'last': 'Plum'}, 'location': {'street': {'number': 5038, 'name': 'Königsberger Straße'}, 'city': 'Neumarkt I.D.Opf.', 'stat...</msg>
<var>${json_data}</var>
<arg>${response.json()}</arg>
<doc>Returns the given values which can then be assigned to a variables.</doc>
<status status="PASS" start="2024-03-28T12:26:17.534322" elapsed="0.000727"/>
</kw>
<kw name="Log" owner="BuiltIn">
<msg time="2024-03-28T12:26:17.535757" level="INFO">{'results': [{'gender': 'female', 'name': {'title': 'Ms', 'first': 'Catrin', 'last': 'Plum'}, 'location': {'street': {'number': 5038, 'name': 'Königsberger Straße'}, 'city': 'Neumarkt I.D.Opf.', 'state': 'Rheinland-Pfalz', 'country': 'Germany', 'postcode': 15602, 'coordinates': {'latitude': '-55.2984', 'longitude': '152.0228'}, 'timezone': {'offset': '+9:00', 'description': 'Tokyo, Seoul, Osaka, Sapporo, Yakutsk'}}, 'email': 'catrin.plum@example.com', 'login': {'uuid': '2aee899a-054f-4066-b703-38108404f9da', 'username': 'brownelephant558', 'password': '181818', 'salt': 'tr8byy7C', 'md5': '087e1ba332da738d09f22654a27a17fe', 'sha1': 'fde49d0fbdabb6e979c5d8b4284e8afef2f9d274', 'sha256': '062e13a7b8f4692da6c0f7f859ad56ba4d7554c6ebe59334220ac4f70c6b1c99'}, 'dob': {'date': '1950-10-07T10:41:27.200Z', 'age': 73}, 'registered': {'date': '2003-01-18T12:05:59.167Z', 'age': 21}, 'phone': '0202-9686441', 'cell': '0173-5368609', 'id': {'name': 'SVNR', 'value': '81 071050 P 942'}, 'picture': {'large': 'https://randomuser.me/api/portraits/women/52.jpg', 'medium': 'https://randomuser.me/api/portraits/med/women/52.jpg', 'thumbnail': 'https://randomuser.me/api/portraits/thumb/women/52.jpg'}, 'nat': 'DE'}], 'info': {'seed': '3de1028b946f4e51', 'results': 1, 'page': 1, 'version': '1.4'}}</msg>
<arg>${json_data}</arg>
<doc>Logs the given message with the given level.</doc>
<status status="PASS" start="2024-03-28T12:26:17.535511" elapsed="0.000373"/>
</kw>
<kw name="Should Be Equal As Numbers" owner="BuiltIn">
<arg>${json_data['results'][0]['location']['postcode']}</arg>
<arg>${json_data['results'][0]['location']['postcode']}</arg>
<doc>Fails if objects are unequal after converting them to real numbers.</doc>
<status status="PASS" start="2024-03-28T12:26:17.536258" elapsed="0.000654"/>
</kw>
<kw name="Log" owner="BuiltIn">
<msg time="2024-03-28T12:26:17.537444" level="INFO">15602</msg>
<arg>${json_data['results'][0]['location']['postcode']}</arg>
<doc>Logs the given message with the given level.</doc>
<status status="PASS" start="2024-03-28T12:26:17.537106" elapsed="0.000380"/>
</kw>
<status status="PASS" start="2024-03-28T12:26:17.430009" elapsed="0.107766"/>
</kw>
<doc>Testa se os tipos de dados na resposta da API estão corretos.</doc>
<tag>testeTiposDados</tag>
<status status="PASS" start="2024-03-28T12:26:17.359903" elapsed="0.178048"/>
</test>
<test id="s1-s1-t5" name="Validar conteudo" line="35">
<kw name="Teste de Tipos de Conteudo" owner="random-user-service">
<kw name="GET On Session" owner="RequestsLibrary">
<msg time="2024-03-28T12:26:17.621787" level="INFO">GET Request : url=https://randomuser.me/api 
 path_url=/api 
 headers={'User-Agent': 'python-requests/2.31.0', 'Accept-Encoding': 'gzip, deflate', 'Accept': '*/*', 'Connection': 'keep-alive'} 
 body=None 
 </msg>
<msg time="2024-03-28T12:26:17.621876" level="INFO">GET Response : url=https://randomuser.me/api 
 status=200, reason=OK 
 headers={'Date': 'Thu, 28 Mar 2024 12:26:17 GMT', 'Content-Type': 'application/json; charset=utf-8', 'Transfer-Encoding': 'chunked', 'Connection': 'keep-alive', 'X-Powered-By': 'Express', 'Access-Control-Allow-Origin': '*', 'Cache-Control': 'no-cache', 'ETag': 'W/"4ab-1YNSdsAaobpBGleJdgzY1sjuDto"', 'Vary': 'Accept-Encoding', 'Content-Encoding': 'gzip', 'CF-Cache-Status': 'DYNAMIC', 'Report-To': '{"endpoints":[{"url":"https:\\/\\/a.nel.cloudflare.com\\/report\\/v4?s=BaqmC8MWU1t75tel%2FOgNRFe2yuoIZCaqRm1fEnWi4by8JkiduZJFQmeMqJ9x%2F2SXtEe8cUn9bRW6ae1K2a2r5c6jqp7quUpQXGLvsJnLPuIQcvc5fsnTRh77NjK6wTDT"}],"group":"cf-nel","max_age":604800}', 'NEL': '{"success_fraction":0,"report_to":"cf-nel","max_age":604800}', 'Server': 'cloudflare', 'CF-RAY': '86b79b93ac521785-IAD', 'alt-svc': 'h3=":443"; ma=86400'} 
 body={"results":[{"gender":"female","name":{"title":"Miss","first":"Ivana","last":"Stepanović"},"location":{"street":{"number":6057,"name":"Radoja Prvulovića"},"city":"Bačka Palanka","state":"Kolubara","country":"Serbia","postcode":13903,"coordinates":{"latitude":"63.7858","longitude":"67.4081"},"timezone":{"offset":"-5:00","description":"Eastern Time (US &amp; Canada), Bogota, Lima"}},"email":"ivana.stepanovic@example.com","login":{"uuid":"4c439b02-0c26-419a-bdd7-9a47732db587","username":"heavymeercat682","password":"super1","salt":"WiygKOD3","md5":"5f5587fda27a25e39bd471f5e668493e","sha1":"02ea22b5357f2ef881960da720ca8c3d90c16648","sha256":"18a26e0bc5c7eb59311b374f8eea206a47feb64b51ed3ea38a54f25c922921b4"},"dob":{"date":"1961-01-06T06:38:37.145Z","age":63},"registered":{"date":"2011-04-19T04:40:45.890Z","age":12},"phone":"011-8735-402","cell":"062-4762-480","id":{"name":"SID","value":"611568482"},"picture":{"large":"https://randomuser.me/api/portraits/women/48.jpg","medium":"https://randomuser.me/api/portraits/med/women/48.jpg","thumbnail":"https://randomuser.me/api/portraits/thumb/women/48.jpg"},"nat":"RS"}],"info":{"seed":"baa335547d8198ab","results":1,"page":1,"version":"1.4"}} 
 </msg>
<msg time="2024-03-28T12:26:17.621952" level="INFO">/opt/hostedtoolcache/Python/3.12.2/x64/lib/python3.12/site-packages/urllib3/connectionpool.py:1103: InsecureRequestWarning: Unverified HTTPS request is being made to host 'randomuser.me'. Adding certificate verification is strongly advised. See: https://urllib3.readthedocs.io/en/latest/advanced-usage.html#tls-warnings
  warnings.warn(</msg>
<msg time="2024-03-28T12:26:17.622070" level="INFO">${response} = &lt;Response [200]&gt;</msg>
<var>${response}</var>
<arg>consultarAPI</arg>
<arg>/api</arg>
<doc>Sends a GET request on a previously created HTTP Session.</doc>
<status status="PASS" start="2024-03-28T12:26:17.540540" elapsed="0.081580"/>
</kw>
<kw name="Set Variable" owner="BuiltIn">
<msg time="2024-03-28T12:26:17.623055" level="INFO">${json_data} = {'results': [{'gender': 'female', 'name': {'title': 'Miss', 'first': 'Ivana', 'last': 'Stepanović'}, 'location': {'street': {'number': 6057, 'name': 'Radoja Prvulovića'}, 'city': 'Bačka Palanka', 'sta...</msg>
<var>${json_data}</var>
<arg>${response.json()}</arg>
<doc>Returns the given values which can then be assigned to a variables.</doc>
<status status="PASS" start="2024-03-28T12:26:17.622577" elapsed="0.000508"/>
</kw>
<kw name="Set Variable" owner="BuiltIn">
<msg time="2024-03-28T12:26:17.623799" level="INFO">${name_title} = Miss</msg>
<var>${name_title}</var>
<arg>${json_data["results"][0]["name"]["title"]}</arg>
<doc>Returns the given values which can then be assigned to a variables.</doc>
<status status="PASS" start="2024-03-28T12:26:17.623392" elapsed="0.000432"/>
</kw>
<kw name="Create List" owner="BuiltIn">
<msg time="2024-03-28T12:26:17.624294" level="INFO">${allowed_titles} = ['Mr', 'Ms', 'Miss', 'Mrs', 'Madame', 'Monsieur']</msg>
<var>${allowed_titles}</var>
<arg>Mr</arg>
<arg>Ms</arg>
<arg>Miss</arg>
<arg>Mrs</arg>
<arg>Madame</arg>
<arg>Monsieur</arg>
<doc>Returns a list containing given items.</doc>
<status status="PASS" start="2024-03-28T12:26:17.624124" elapsed="0.000196"/>
</kw>
<kw name="List Should Contain Value" owner="Collections">
<msg time="2024-03-28T12:26:17.624813" level="INFO">False</msg>
<arg>${allowed_titles}</arg>
<arg>${name_title}</arg>
<doc>Fails if the ``value`` is not found from ``list``.</doc>
<status status="PASS" start="2024-03-28T12:26:17.624629" elapsed="0.000223"/>
</kw>
<kw name="Set Variable" owner="BuiltIn">
<msg time="2024-03-28T12:26:17.625531" level="INFO">${name_country} = RS</msg>
<var>${name_country}</var>
<arg>${json_data["results"][0]["nat"]}</arg>
<doc>Returns the given values which can then be assigned to a variables.</doc>
<status status="PASS" start="2024-03-28T12:26:17.625147" elapsed="0.000408"/>
</kw>
<kw name="Create List" owner="BuiltIn">
<msg time="2024-03-28T12:26:17.626459" level="INFO">${list_country} = ['AD', 'AE', 'AF', 'AG', 'AI', 'AL', 'AM', 'AO', 'AQ', 'AR', 'AS', 'AT', 'AU', 'AW', 'AX', 'AZ', 'BA', 'BB', 'BD', 'BE', 'BF', 'BG', 'BH', 'BI', 'BJ', 'BL', 'BM', 'BN', 'BO', 'BQ', 'BR', 'BS', 'BT', '...</msg>
<var>${list_country}</var>
<arg>AD</arg>
<arg>AE</arg>
<arg>AF</arg>
<arg>AG</arg>
<arg>AI</arg>
<arg>AL</arg>
<arg>AM</arg>
<arg>AO</arg>
<arg>AQ</arg>
<arg>AR</arg>
<arg>AS</arg>
<arg>AT</arg>
<arg>AU</arg>
<arg>AW</arg>
<arg>AX</arg>
<arg>AZ</arg>
<arg>BA</arg>
<arg>BB</arg>
<arg>BD</arg>
<arg>BE</arg>
<arg>BF</arg>
<arg>BG</arg>
<arg>BH</arg>
<arg>BI</arg>
<arg>BJ</arg>
<arg>BL</arg>
<arg>BM</arg>
<arg>BN</arg>
<arg>BO</arg>
<arg>BQ</arg>
<arg>BR</arg>
<arg>BS</arg>
<arg>BT</arg>
<arg>BV</arg>
<arg>BW</arg>
<arg>BY</arg>
<arg>BZ</arg>
<arg>CA</arg>
<arg>CC</arg>
<arg>CD</arg>
<arg>CF</arg>
<arg>CG</arg>
<arg>CH</arg>
<arg>CI</arg>
<arg>CK</arg>
<arg>CL</arg>
<arg>CM</arg>
<arg>CN</arg>
<arg>CO</arg>
<arg>CR</arg>
<arg>CU</arg>
<arg>CV</arg>
<arg>CW</arg>
<arg>CX</arg>
<arg>CY</arg>
<arg>CZ</arg>
<arg>DE</arg>
<arg>DJ</arg>
<arg>DK</arg>
<arg>DM</arg>
<arg>DO</arg>
<arg>DZ</arg>
<arg>EC</arg>
<arg>EE</arg>
<arg>EG</arg>
<arg>EH</arg>
<arg>ER</arg>
<arg>ES</arg>
<arg>ET</arg>
<arg>FI</arg>
<arg>FJ</arg>
<arg>FK</arg>
<arg>FM</arg>
<arg>FO</arg>
<arg>FR</arg>
<arg>GA</arg>
<arg>GB</arg>
<arg>GD</arg>
<arg>GE</arg>
<arg>GF</arg>
<arg>GG</arg>
<arg>GH</arg>
<arg>GI</arg>
<arg>GL</arg>
<arg>GM</arg>
<arg>GN</arg>
<arg>GP</arg>
<arg>GQ</arg>
<arg>GR</arg>
<arg>GS</arg>
<arg>GT</arg>
<arg>GU</arg>
<arg>GW</arg>
<arg>GY</arg>
<arg>HK</arg>
<arg>HM</arg>
<arg>HN</arg>
<arg>HR</arg>
<arg>HT</arg>
<arg>HU</arg>
<arg>ID</arg>
<arg>IE</arg>
<arg>IL</arg>
<arg>IM</arg>
<arg>IN</arg>
<arg>IO</arg>
<arg>IQ</arg>
<arg>IR</arg>
<arg>IS</arg>
<arg>IT</arg>
<arg>JE</arg>
<arg>JM</arg>
<arg>JO</arg>
<arg>JP</arg>
<arg>KE</arg>
<arg>KG</arg>
<arg>KH</arg>
<arg>KI</arg>
<arg>KM</arg>
<arg>KN</arg>
<arg>KP</arg>
<arg>KR</arg>
<arg>KW</arg>
<arg>KY</arg>
<arg>KZ</arg>
<arg>LA</arg>
<arg>LB</arg>
<arg>LC</arg>
<arg>LI</arg>
<arg>LK</arg>
<arg>LR</arg>
<arg>LS</arg>
<arg>LT</arg>
<arg>LU</arg>
<arg>LV</arg>
<arg>LY</arg>
<arg>MA</arg>
<arg>MC</arg>
<arg>MD</arg>
<arg>ME</arg>
<arg>MF</arg>
<arg>MG</arg>
<arg>MH</arg>
<arg>MK</arg>
<arg>ML</arg>
<arg>MM</arg>
<arg>MN</arg>
<arg>MO</arg>
<arg>MP</arg>
<arg>MQ</arg>
<arg>MR</arg>
<arg>MS</arg>
<arg>MT</arg>
<arg>MU</arg>
<arg>MV</arg>
<arg>MW</arg>
<arg>MX</arg>
<arg>MY</arg>
<arg>MZ</arg>
<arg>NA</arg>
<arg>NC</arg>
<arg>NE</arg>
<arg>NF</arg>
<arg>NG</arg>
<arg>NI</arg>
<arg>NL</arg>
<arg>NO</arg>
<arg>NP</arg>
<arg>NR</arg>
<arg>NU</arg>
<arg>NZ</arg>
<arg>OM</arg>
<arg>PA</arg>
<arg>PE</arg>
<arg>PF</arg>
<arg>PG</arg>
<arg>PH</arg>
<arg>PK</arg>
<arg>PL</arg>
<arg>PM</arg>
<arg>PN</arg>
<arg>PR</arg>
<arg>PS</arg>
<arg>PT</arg>
<arg>PW</arg>
<arg>PY</arg>
<arg>QA</arg>
<arg>RE</arg>
<arg>RO</arg>
<arg>RS</arg>
<arg>RU</arg>
<arg>RW</arg>
<arg>SA</arg>
<arg>SB</arg>
<arg>SC</arg>
<arg>SD</arg>
<arg>SE</arg>
<arg>SG</arg>
<arg>SH</arg>
<arg>SI</arg>
<arg>SJ</arg>
<arg>SK</arg>
<arg>SL</arg>
<arg>SM</arg>
<arg>SN</arg>
<arg>SO</arg>
<arg>SR</arg>
<arg>SS</arg>
<arg>ST</arg>
<arg>SV</arg>
<arg>SX</arg>
<arg>SY</arg>
<arg>SZ</arg>
<arg>TC</arg>
<arg>TD</arg>
<arg>TF</arg>
<arg>TG</arg>
<arg>TH</arg>
<arg>TJ</arg>
<arg>TK</arg>
<arg>TL</arg>
<arg>TM</arg>
<arg>TN</arg>
<arg>TO</arg>
<arg>TR</arg>
<arg>TT</arg>
<arg>TV</arg>
<arg>TW</arg>
<arg>TZ</arg>
<arg>UA</arg>
<arg>UG</arg>
<arg>UM</arg>
<arg>US</arg>
<arg>UY</arg>
<arg>UZ</arg>
<arg>VA</arg>
<arg>VC</arg>
<arg>VE</arg>
<arg>VG</arg>
<arg>VI</arg>
<arg>VN</arg>
<arg>VU</arg>
<arg>WF</arg>
<arg>WS</arg>
<arg>XK</arg>
<arg>YE</arg>
<arg>YT</arg>
<arg>ZA</arg>
<arg>ZM</arg>
<arg>ZW</arg>
<doc>Returns a list containing given items.</doc>
<status status="PASS" start="2024-03-28T12:26:17.625859" elapsed="0.000626"/>
</kw>
<kw name="List Should Contain Value" owner="Collections">
<msg time="2024-03-28T12:26:17.627587" level="INFO">False</msg>
<arg>${list_country}</arg>
<arg>${name_country}</arg>
<doc>Fails if the ``value`` is not found from ``list``.</doc>
<status status="PASS" start="2024-03-28T12:26:17.627380" elapsed="0.000265"/>
</kw>
<kw name="Run Keyword If" owner="BuiltIn">
<kw name="Should Be True" owner="BuiltIn">
<arg>${True}</arg>
<doc>Fails if the given condition is not true.</doc>
<status status="PASS" start="2024-03-28T12:26:17.628712" elapsed="0.000147"/>
</kw>
<arg>${json_data["results"][0]["location"]["coordinates"]["latitude"]} &gt;= -90 and ${json_data["results"][0]["location"]["coordinates"]["latitude"]} &lt;= 90</arg>
<arg>Should Be True</arg>
<arg>${True}</arg>
<doc>Runs the given keyword with the given arguments, if ``condition`` is true.</doc>
<status status="PASS" start="2024-03-28T12:26:17.627960" elapsed="0.001028"/>
</kw>
<kw name="Run Keyword If" owner="BuiltIn">
<kw name="Should Be True" owner="BuiltIn">
<arg>${True}</arg>
<doc>Fails if the given condition is not true.</doc>
<status status="PASS" start="2024-03-28T12:26:17.629868" elapsed="0.000160"/>
</kw>
<arg>${json_data["results"][0]["location"]["coordinates"]["longitude"]} &gt;= -180 and ${json_data["results"][0]["location"]["coordinates"]["longitude"]} &lt;= 180</arg>
<arg>Should Be True</arg>
<arg>${True}</arg>
<doc>Runs the given keyword with the given arguments, if ``condition`` is true.</doc>
<status status="PASS" start="2024-03-28T12:26:17.629174" elapsed="0.000984"/>
</kw>
<status status="PASS" start="2024-03-28T12:26:17.540304" elapsed="0.089990"/>
</kw>
<doc>Testa o conteúdo específico dos campos retornados pela API.</doc>
<tag>testeConteudo</tag>
<status status="PASS" start="2024-03-28T12:26:17.539766" elapsed="0.090682"/>
</test>
<status status="PASS" start="2024-03-28T12:26:16.852385" elapsed="0.780055"/>
</suite>
<status status="PASS" start="2024-03-28T12:26:16.838609" elapsed="0.799117"/>
</suite>
<statistics>
<total>
<stat pass="5" fail="0" skip="0">All Tests</stat>
</total>
<tag>
<stat pass="1" fail="0" skip="0">testeConteudo</stat>
<stat pass="1" fail="0" skip="0">testeEstruturaResposta</stat>
<stat pass="1" fail="0" skip="0">testeRequisicaoBasica</stat>
<stat pass="1" fail="0" skip="0">testeTiposDados</stat>
</tag>
<suite>
<stat pass="5" fail="0" skip="0" id="s1" name="Tests">Tests</stat>
<stat pass="5" fail="0" skip="0" id="s1-s1" name="Random-User-Test">Tests.Random-User-Test</stat>
</suite>
</statistics>
<errors>
</errors>
</robot>
