<?xml version="1.0" encoding="UTF-8"?>
<robot generator="Robot 7.0 (Python 3.12.3 on linux)" generated="2024-06-04T06:20:15.437424" rpa="false" schemaversion="5">
<suite id="s1" name="Tests" source="/home/runner/work/ApiRandomUser/ApiRandomUser/RamdonUser/tests">
<suite id="s1-s1" name="Random-User-Test" source="/home/runner/work/ApiRandomUser/ApiRandomUser/RamdonUser/tests/random-user-test.robot">
<test id="s1-s1-t1" name="Conectar" line="13">
<kw name="Conectar API" owner="random-user-service">
<kw name="Create Session" owner="RequestsLibrary">
<msg time="2024-06-04T06:20:15.862619" level="INFO">Creating Session using : alias=consultarAPI, url=https://randomuser.me/, headers={},                     cookies={}, auth=None, timeout=None, proxies=None, verify=False,                     debug=0 </msg>
<arg>consultarAPI</arg>
<arg>${URL}</arg>
<doc>Create Session: create a HTTP session to a server</doc>
<status status="PASS" start="2024-06-04T06:20:15.862414" elapsed="0.000387"/>
</kw>
<status status="PASS" start="2024-06-04T06:20:15.861341" elapsed="0.001825"/>
</kw>
<status status="PASS" start="2024-06-04T06:20:15.860766" elapsed="0.002597"/>
</test>
<test id="s1-s1-t2" name="Validar retorno 200 e JSON Válido" line="16">
<kw name="Teste de Requisicao Basica" owner="random-user-service">
<kw name="GET On Session" owner="RequestsLibrary">
<msg time="2024-06-04T06:20:16.103443" level="INFO">GET Request : url=https://randomuser.me/api 
 path_url=/api 
 headers={'User-Agent': 'python-requests/2.32.3', 'Accept-Encoding': 'gzip, deflate', 'Accept': '*/*', 'Connection': 'keep-alive'} 
 body=None 
 </msg>
<msg time="2024-06-04T06:20:16.103596" level="INFO">GET Response : url=https://randomuser.me/api 
 status=200, reason=OK 
 headers={'Date': 'Tue, 04 Jun 2024 06:20:16 GMT', 'Content-Type': 'application/json; charset=utf-8', 'Transfer-Encoding': 'chunked', 'Connection': 'keep-alive', 'X-Powered-By': 'Express', 'Access-Control-Allow-Origin': '*', 'Cache-Control': 'no-cache', 'ETag': 'W/"4ac-gn0RddMpzKeqHdB6s3QZ43U/cu0"', 'Vary': 'Accept-Encoding', 'Content-Encoding': 'gzip', 'CF-Cache-Status': 'DYNAMIC', 'Report-To': '{"endpoints":[{"url":"https:\\/\\/a.nel.cloudflare.com\\/report\\/v4?s=rM1%2FPvxNmIqGlj3%2BSJvTvuDt1GxWrJeznE2Vunrvw6tV6PPYr1Asq91qUs795N2Wpqfjg7%2FmYNPjgy6iRfxMzjacbSSeDmhVY6Fg0zeKDC%2BoQjUcLgYVyjoB7NmtvNsg"}],"group":"cf-nel","max_age":604800}', 'NEL': '{"success_fraction":0,"report_to":"cf-nel","max_age":604800}', 'Server': 'cloudflare', 'CF-RAY': '88e5d0e86f4c81b1-IAD', 'alt-svc': 'h3=":443"; ma=86400'} 
 body={"results":[{"gender":"female","name":{"title":"Mrs","first":"Susi","last":"Steffens"},"location":{"street":{"number":2616,"name":"Ahornweg"},"city":"Weilheim In Oberbayern","state":"Rheinland-Pfalz","country":"Germany","postcode":25371,"coordinates":{"latitude":"-53.6892","longitude":"2.6141"},"timezone":{"offset":"-4:00","description":"Atlantic Time (Canada), Caracas, La Paz"}},"email":"susi.steffens@example.com","login":{"uuid":"ed6440ea-2db2-4d77-9e3a-0a818ba10e7e","username":"purplebear665","password":"clown","salt":"YQiZDEv4","md5":"0c2c05196c036ae176005bb7f275a97c","sha1":"6bbdcac7579a1acad1c98626bf504a022883b7d3","sha256":"f6a0faf7cc9d4e2ad7f6bec76dfdf2f702091a3fbd739005918b18cd01f56730"},"dob":{"date":"1975-01-13T09:23:46.669Z","age":49},"registered":{"date":"2004-01-19T00:57:11.593Z","age":20},"phone":"0760-0848928","cell":"0173-5132654","id":{"name":"SVNR","value":"26 130175 S 627"},"picture":{"large":"https://randomuser.me/api/portraits/women/50.jpg","medium":"https://randomuser.me/api/portraits/med/women/50.jpg","thumbnail":"https://randomuser.me/api/portraits/thumb/women/50.jpg"},"nat":"DE"}],"info":{"seed":"9f94c0f665713e62","results":1,"page":1,"version":"1.4"}} 
 </msg>
<msg time="2024-06-04T06:20:16.103679" level="INFO">/opt/hostedtoolcache/Python/3.12.3/x64/lib/python3.12/site-packages/urllib3/connectionpool.py:1103: InsecureRequestWarning: Unverified HTTPS request is being made to host 'randomuser.me'. Adding certificate verification is strongly advised. See: https://urllib3.readthedocs.io/en/latest/advanced-usage.html#tls-warnings
  warnings.warn(</msg>
<msg time="2024-06-04T06:20:16.103834" level="INFO">${response} = &lt;Response [200]&gt;</msg>
<var>${response}</var>
<arg>consultarAPI</arg>
<arg>/api</arg>
<doc>Sends a GET request on a previously created HTTP Session.</doc>
<status status="PASS" start="2024-06-04T06:20:15.865988" elapsed="0.237912"/>
</kw>
<kw name="Should Be Equal As Numbers" owner="BuiltIn">
<msg time="2024-06-04T06:20:16.105046" level="INFO">Argument types are:
&lt;class 'int'&gt;
&lt;class 'str'&gt;</msg>
<arg>${response.status_code}</arg>
<arg>200</arg>
<doc>Fails if objects are unequal after converting them to real numbers.</doc>
<status status="PASS" start="2024-06-04T06:20:16.104543" elapsed="0.000572"/>
</kw>
<kw name="Log" owner="BuiltIn">
<msg time="2024-06-04T06:20:16.105864" level="INFO">200</msg>
<arg>${response.status_code}</arg>
<doc>Logs the given message with the given level.</doc>
<status status="PASS" start="2024-06-04T06:20:16.105500" elapsed="0.000412"/>
</kw>
<kw name="Set Variable" owner="BuiltIn">
<msg time="2024-06-04T06:20:16.106678" level="INFO">${json_data} = {'results': [{'gender': 'female', 'name': {'title': 'Mrs', 'first': 'Susi', 'last': 'Steffens'}, 'location': {'street': {'number': 2616, 'name': 'Ahornweg'}, 'city': 'Weilheim In Oberbayern', 'state':...</msg>
<var>${json_data}</var>
<arg>${response.json()}</arg>
<doc>Returns the given values which can then be assigned to a variables.</doc>
<status status="PASS" start="2024-06-04T06:20:16.106237" elapsed="0.000470"/>
</kw>
<kw name="Dictionary Should Contain Key" owner="Collections">
<msg time="2024-06-04T06:20:16.107199" level="INFO">False</msg>
<arg>${json_data}</arg>
<arg>results</arg>
<doc>Fails if ``key`` is not found from ``dictionary``.</doc>
<status status="PASS" start="2024-06-04T06:20:16.107021" elapsed="0.000389"/>
</kw>
<status status="PASS" start="2024-06-04T06:20:15.865742" elapsed="0.241939"/>
</kw>
<doc>Testa se a API responde corretamente e retorna um objeto JSON válido.</doc>
<tag>testeRequisicaoBasica</tag>
<status status="PASS" start="2024-06-04T06:20:15.865237" elapsed="0.242634"/>
</test>
<test id="s1-s1-t3" name="Validar estrutura de resposta" line="22">
<kw name="Teste de Estrutura de Resposta" owner="random-user-service">
<kw name="GET On Session" owner="RequestsLibrary">
<msg time="2024-06-04T06:20:16.200979" level="INFO">GET Request : url=https://randomuser.me/api 
 path_url=/api 
 headers={'User-Agent': 'python-requests/2.32.3', 'Accept-Encoding': 'gzip, deflate', 'Accept': '*/*', 'Connection': 'keep-alive'} 
 body=None 
 </msg>
<msg time="2024-06-04T06:20:16.201067" level="INFO">GET Response : url=https://randomuser.me/api 
 status=200, reason=OK 
 headers={'Date': 'Tue, 04 Jun 2024 06:20:16 GMT', 'Content-Type': 'application/json; charset=utf-8', 'Transfer-Encoding': 'chunked', 'Connection': 'keep-alive', 'X-Powered-By': 'Express', 'Access-Control-Allow-Origin': '*', 'Cache-Control': 'no-cache', 'ETag': 'W/"4b1-08Kfg1tnoivmoJ79ORPmPhrSolc"', 'Vary': 'Accept-Encoding', 'Content-Encoding': 'gzip', 'CF-Cache-Status': 'DYNAMIC', 'Report-To': '{"endpoints":[{"url":"https:\\/\\/a.nel.cloudflare.com\\/report\\/v4?s=fWlXSQgfkYxoyWLJ3va6TMttBgkC6p8i0txcU0VhaVSIkpBXUIO65m97kdzb7bwBDUrkQKjqE5vXyqJkSrtQ7om37nQ%2BWwYRrZYC6JCzTQ%2FkYeRy9mBllFa2IEG4IDH6"}],"group":"cf-nel","max_age":604800}', 'NEL': '{"success_fraction":0,"report_to":"cf-nel","max_age":604800}', 'Server': 'cloudflare', 'CF-RAY': '88e5d0e8bf9481b1-IAD', 'alt-svc': 'h3=":443"; ma=86400'} 
 body={"results":[{"gender":"female","name":{"title":"Ms","first":"Genilsa","last":"Novaes"},"location":{"street":{"number":6531,"name":"Rua Dezenove de Outubro"},"city":"Angra dos Reis","state":"Amazonas","country":"Brazil","postcode":29055,"coordinates":{"latitude":"-74.6406","longitude":"156.0443"},"timezone":{"offset":"-5:00","description":"Eastern Time (US &amp; Canada), Bogota, Lima"}},"email":"genilsa.novaes@example.com","login":{"uuid":"5be3a302-3395-4535-9b3d-8ef284dbf417","username":"smalllion898","password":"carmen","salt":"mKuwnwfT","md5":"ff1f199c49db2520365f34cd5477a7c6","sha1":"89580763e6c64fbb2a9dad559585127a5b0d2711","sha256":"36b3bf7d4d853b7eee854756e27f641c86447408d610db1a4a473adcab787eaa"},"dob":{"date":"1999-12-11T21:31:54.250Z","age":24},"registered":{"date":"2005-10-08T05:18:35.508Z","age":18},"phone":"(28) 6920-4529","cell":"(82) 9553-6135","id":{"name":"CPF","value":"705.971.405-91"},"picture":{"large":"https://randomuser.me/api/portraits/women/51.jpg","medium":"https://randomuser.me/api/portraits/med/women/51.jpg","thumbnail":"https://randomuser.me/api/portraits/thumb/women/51.jpg"},"nat":"BR"}],"info":{"seed":"5fb6914d3373eb17","results":1,"page":1,"version":"1.4"}} 
 </msg>
<msg time="2024-06-04T06:20:16.201194" level="INFO">/opt/hostedtoolcache/Python/3.12.3/x64/lib/python3.12/site-packages/urllib3/connectionpool.py:1103: InsecureRequestWarning: Unverified HTTPS request is being made to host 'randomuser.me'. Adding certificate verification is strongly advised. See: https://urllib3.readthedocs.io/en/latest/advanced-usage.html#tls-warnings
  warnings.warn(</msg>
<msg time="2024-06-04T06:20:16.201352" level="INFO">${response} = &lt;Response [200]&gt;</msg>
<var>${response}</var>
<arg>consultarAPI</arg>
<arg>/api</arg>
<doc>Sends a GET request on a previously created HTTP Session.</doc>
<status status="PASS" start="2024-06-04T06:20:16.110619" elapsed="0.090785"/>
</kw>
<kw name="Set Variable" owner="BuiltIn">
<msg time="2024-06-04T06:20:16.202261" level="INFO">${json_data} = {'results': [{'gender': 'female', 'name': {'title': 'Ms', 'first': 'Genilsa', 'last': 'Novaes'}, 'location': {'street': {'number': 6531, 'name': 'Rua Dezenove de Outubro'}, 'city': 'Angra dos Reis', '...</msg>
<var>${json_data}</var>
<arg>${response.json()}</arg>
<doc>Returns the given values which can then be assigned to a variables.</doc>
<status status="PASS" start="2024-06-04T06:20:16.201809" elapsed="0.000482"/>
</kw>
<kw name="Log" owner="BuiltIn">
<msg time="2024-06-04T06:20:16.202745" level="INFO">{'results': [{'gender': 'female', 'name': {'title': 'Ms', 'first': 'Genilsa', 'last': 'Novaes'}, 'location': {'street': {'number': 6531, 'name': 'Rua Dezenove de Outubro'}, 'city': 'Angra dos Reis', 'state': 'Amazonas', 'country': 'Brazil', 'postcode': 29055, 'coordinates': {'latitude': '-74.6406', 'longitude': '156.0443'}, 'timezone': {'offset': '-5:00', 'description': 'Eastern Time (US &amp; Canada), Bogota, Lima'}}, 'email': 'genilsa.novaes@example.com', 'login': {'uuid': '5be3a302-3395-4535-9b3d-8ef284dbf417', 'username': 'smalllion898', 'password': 'carmen', 'salt': 'mKuwnwfT', 'md5': 'ff1f199c49db2520365f34cd5477a7c6', 'sha1': '89580763e6c64fbb2a9dad559585127a5b0d2711', 'sha256': '36b3bf7d4d853b7eee854756e27f641c86447408d610db1a4a473adcab787eaa'}, 'dob': {'date': '1999-12-11T21:31:54.250Z', 'age': 24}, 'registered': {'date': '2005-10-08T05:18:35.508Z', 'age': 18}, 'phone': '(28) 6920-4529', 'cell': '(82) 9553-6135', 'id': {'name': 'CPF', 'value': '705.971.405-91'}, 'picture': {'large': 'https://randomuser.me/api/portraits/women/51.jpg', 'medium': 'https://randomuser.me/api/portraits/med/women/51.jpg', 'thumbnail': 'https://randomuser.me/api/portraits/thumb/women/51.jpg'}, 'nat': 'BR'}], 'info': {'seed': '5fb6914d3373eb17', 'results': 1, 'page': 1, 'version': '1.4'}}</msg>
<arg>${json_data}</arg>
<doc>Logs the given message with the given level.</doc>
<status status="PASS" start="2024-06-04T06:20:16.202592" elapsed="0.000202"/>
</kw>
<kw name="Dictionary Should Contain Key" owner="Collections">
<msg time="2024-06-04T06:20:16.203244" level="INFO">False</msg>
<arg>${json_data}</arg>
<arg>results</arg>
<doc>Fails if ``key`` is not found from ``dictionary``.</doc>
<status status="PASS" start="2024-06-04T06:20:16.203089" elapsed="0.000191"/>
</kw>
<kw name="Should Not Be Empty" owner="BuiltIn">
<msg time="2024-06-04T06:20:16.203709" level="INFO">Length is 2.</msg>
<arg>${json_data}</arg>
<doc>Verifies that the given item is not empty.</doc>
<status status="PASS" start="2024-06-04T06:20:16.203572" elapsed="0.000176"/>
</kw>
<kw name="Create List" owner="BuiltIn">
<msg time="2024-06-04T06:20:16.204184" level="INFO">${expected_keys} = ['gender', 'name', 'location', 'email', 'login']</msg>
<var>${expected_keys}</var>
<arg>gender</arg>
<arg>name</arg>
<arg>location</arg>
<arg>email</arg>
<arg>login</arg>
<doc>Returns a list containing given items.</doc>
<status status="PASS" start="2024-06-04T06:20:16.204038" elapsed="0.000170"/>
</kw>
<for flavor="IN">
<iter>
<kw name="Dictionary Should Contain Key" owner="Collections">
<msg time="2024-06-04T06:20:16.205177" level="INFO">False</msg>
<arg>${json_data['results'][0]}</arg>
<arg>${key}</arg>
<doc>Fails if ``key`` is not found from ``dictionary``.</doc>
<status status="PASS" start="2024-06-04T06:20:16.204776" elapsed="0.000444"/>
</kw>
<kw name="Log" owner="BuiltIn">
<msg time="2024-06-04T06:20:16.205935" level="INFO">{'gender': 'female', 'name': {'title': 'Ms', 'first': 'Genilsa', 'last': 'Novaes'}, 'location': {'street': {'number': 6531, 'name': 'Rua Dezenove de Outubro'}, 'city': 'Angra dos Reis', 'state': 'Amazonas', 'country': 'Brazil', 'postcode': 29055, 'coordinates': {'latitude': '-74.6406', 'longitude': '156.0443'}, 'timezone': {'offset': '-5:00', 'description': 'Eastern Time (US &amp; Canada), Bogota, Lima'}}, 'email': 'genilsa.novaes@example.com', 'login': {'uuid': '5be3a302-3395-4535-9b3d-8ef284dbf417', 'username': 'smalllion898', 'password': 'carmen', 'salt': 'mKuwnwfT', 'md5': 'ff1f199c49db2520365f34cd5477a7c6', 'sha1': '89580763e6c64fbb2a9dad559585127a5b0d2711', 'sha256': '36b3bf7d4d853b7eee854756e27f641c86447408d610db1a4a473adcab787eaa'}, 'dob': {'date': '1999-12-11T21:31:54.250Z', 'age': 24}, 'registered': {'date': '2005-10-08T05:18:35.508Z', 'age': 18}, 'phone': '(28) 6920-4529', 'cell': '(82) 9553-6135', 'id': {'name': 'CPF', 'value': '705.971.405-91'}, 'picture': {'large': 'https://randomuser.me/api/portraits/women/51.jpg', 'medium': 'https://randomuser.me/api/portraits/med/women/51.jpg', 'thumbnail': 'https://randomuser.me/api/portraits/thumb/women/51.jpg'}, 'nat': 'BR'}</msg>
<arg>${json_data['results'][0]}</arg>
<doc>Logs the given message with the given level.</doc>
<status status="PASS" start="2024-06-04T06:20:16.205576" elapsed="0.000409"/>
</kw>
<kw name="Log" owner="BuiltIn">
<msg time="2024-06-04T06:20:16.206412" level="INFO">gender</msg>
<arg>${key}</arg>
<doc>Logs the given message with the given level.</doc>
<status status="PASS" start="2024-06-04T06:20:16.206284" elapsed="0.000166"/>
</kw>
<var name="${key}">gender</var>
<status status="PASS" start="2024-06-04T06:20:16.204651" elapsed="0.002013"/>
</iter>
<iter>
<kw name="Dictionary Should Contain Key" owner="Collections">
<msg time="2024-06-04T06:20:16.207347" level="INFO">False</msg>
<arg>${json_data['results'][0]}</arg>
<arg>${key}</arg>
<doc>Fails if ``key`` is not found from ``dictionary``.</doc>
<status status="PASS" start="2024-06-04T06:20:16.206964" elapsed="0.000452"/>
</kw>
<kw name="Log" owner="BuiltIn">
<msg time="2024-06-04T06:20:16.208068" level="INFO">{'gender': 'female', 'name': {'title': 'Ms', 'first': 'Genilsa', 'last': 'Novaes'}, 'location': {'street': {'number': 6531, 'name': 'Rua Dezenove de Outubro'}, 'city': 'Angra dos Reis', 'state': 'Amazonas', 'country': 'Brazil', 'postcode': 29055, 'coordinates': {'latitude': '-74.6406', 'longitude': '156.0443'}, 'timezone': {'offset': '-5:00', 'description': 'Eastern Time (US &amp; Canada), Bogota, Lima'}}, 'email': 'genilsa.novaes@example.com', 'login': {'uuid': '5be3a302-3395-4535-9b3d-8ef284dbf417', 'username': 'smalllion898', 'password': 'carmen', 'salt': 'mKuwnwfT', 'md5': 'ff1f199c49db2520365f34cd5477a7c6', 'sha1': '89580763e6c64fbb2a9dad559585127a5b0d2711', 'sha256': '36b3bf7d4d853b7eee854756e27f641c86447408d610db1a4a473adcab787eaa'}, 'dob': {'date': '1999-12-11T21:31:54.250Z', 'age': 24}, 'registered': {'date': '2005-10-08T05:18:35.508Z', 'age': 18}, 'phone': '(28) 6920-4529', 'cell': '(82) 9553-6135', 'id': {'name': 'CPF', 'value': '705.971.405-91'}, 'picture': {'large': 'https://randomuser.me/api/portraits/women/51.jpg', 'medium': 'https://randomuser.me/api/portraits/med/women/51.jpg', 'thumbnail': 'https://randomuser.me/api/portraits/thumb/women/51.jpg'}, 'nat': 'BR'}</msg>
<arg>${json_data['results'][0]}</arg>
<doc>Logs the given message with the given level.</doc>
<status status="PASS" start="2024-06-04T06:20:16.207715" elapsed="0.000402"/>
</kw>
<kw name="Log" owner="BuiltIn">
<msg time="2024-06-04T06:20:16.208544" level="INFO">name</msg>
<arg>${key}</arg>
<doc>Logs the given message with the given level.</doc>
<status status="PASS" start="2024-06-04T06:20:16.208410" elapsed="0.000171"/>
</kw>
<var name="${key}">name</var>
<status status="PASS" start="2024-06-04T06:20:16.206849" elapsed="0.001958"/>
</iter>
<iter>
<kw name="Dictionary Should Contain Key" owner="Collections">
<msg time="2024-06-04T06:20:16.209494" level="INFO">False</msg>
<arg>${json_data['results'][0]}</arg>
<arg>${key}</arg>
<doc>Fails if ``key`` is not found from ``dictionary``.</doc>
<status status="PASS" start="2024-06-04T06:20:16.209099" elapsed="0.000432"/>
</kw>
<kw name="Log" owner="BuiltIn">
<msg time="2024-06-04T06:20:16.210195" level="INFO">{'gender': 'female', 'name': {'title': 'Ms', 'first': 'Genilsa', 'last': 'Novaes'}, 'location': {'street': {'number': 6531, 'name': 'Rua Dezenove de Outubro'}, 'city': 'Angra dos Reis', 'state': 'Amazonas', 'country': 'Brazil', 'postcode': 29055, 'coordinates': {'latitude': '-74.6406', 'longitude': '156.0443'}, 'timezone': {'offset': '-5:00', 'description': 'Eastern Time (US &amp; Canada), Bogota, Lima'}}, 'email': 'genilsa.novaes@example.com', 'login': {'uuid': '5be3a302-3395-4535-9b3d-8ef284dbf417', 'username': 'smalllion898', 'password': 'carmen', 'salt': 'mKuwnwfT', 'md5': 'ff1f199c49db2520365f34cd5477a7c6', 'sha1': '89580763e6c64fbb2a9dad559585127a5b0d2711', 'sha256': '36b3bf7d4d853b7eee854756e27f641c86447408d610db1a4a473adcab787eaa'}, 'dob': {'date': '1999-12-11T21:31:54.250Z', 'age': 24}, 'registered': {'date': '2005-10-08T05:18:35.508Z', 'age': 18}, 'phone': '(28) 6920-4529', 'cell': '(82) 9553-6135', 'id': {'name': 'CPF', 'value': '705.971.405-91'}, 'picture': {'large': 'https://randomuser.me/api/portraits/women/51.jpg', 'medium': 'https://randomuser.me/api/portraits/med/women/51.jpg', 'thumbnail': 'https://randomuser.me/api/portraits/thumb/women/51.jpg'}, 'nat': 'BR'}</msg>
<arg>${json_data['results'][0]}</arg>
<doc>Logs the given message with the given level.</doc>
<status status="PASS" start="2024-06-04T06:20:16.209831" elapsed="0.000423"/>
</kw>
<kw name="Log" owner="BuiltIn">
<msg time="2024-06-04T06:20:16.210711" level="INFO">location</msg>
<arg>${key}</arg>
<doc>Logs the given message with the given level.</doc>
<status status="PASS" start="2024-06-04T06:20:16.210568" elapsed="0.000182"/>
</kw>
<var name="${key}">location</var>
<status status="PASS" start="2024-06-04T06:20:16.208984" elapsed="0.001981"/>
</iter>
<iter>
<kw name="Dictionary Should Contain Key" owner="Collections">
<msg time="2024-06-04T06:20:16.211730" level="INFO">False</msg>
<arg>${json_data['results'][0]}</arg>
<arg>${key}</arg>
<doc>Fails if ``key`` is not found from ``dictionary``.</doc>
<status status="PASS" start="2024-06-04T06:20:16.211253" elapsed="0.000515"/>
</kw>
<kw name="Log" owner="BuiltIn">
<msg time="2024-06-04T06:20:16.212423" level="INFO">{'gender': 'female', 'name': {'title': 'Ms', 'first': 'Genilsa', 'last': 'Novaes'}, 'location': {'street': {'number': 6531, 'name': 'Rua Dezenove de Outubro'}, 'city': 'Angra dos Reis', 'state': 'Amazonas', 'country': 'Brazil', 'postcode': 29055, 'coordinates': {'latitude': '-74.6406', 'longitude': '156.0443'}, 'timezone': {'offset': '-5:00', 'description': 'Eastern Time (US &amp; Canada), Bogota, Lima'}}, 'email': 'genilsa.novaes@example.com', 'login': {'uuid': '5be3a302-3395-4535-9b3d-8ef284dbf417', 'username': 'smalllion898', 'password': 'carmen', 'salt': 'mKuwnwfT', 'md5': 'ff1f199c49db2520365f34cd5477a7c6', 'sha1': '89580763e6c64fbb2a9dad559585127a5b0d2711', 'sha256': '36b3bf7d4d853b7eee854756e27f641c86447408d610db1a4a473adcab787eaa'}, 'dob': {'date': '1999-12-11T21:31:54.250Z', 'age': 24}, 'registered': {'date': '2005-10-08T05:18:35.508Z', 'age': 18}, 'phone': '(28) 6920-4529', 'cell': '(82) 9553-6135', 'id': {'name': 'CPF', 'value': '705.971.405-91'}, 'picture': {'large': 'https://randomuser.me/api/portraits/women/51.jpg', 'medium': 'https://randomuser.me/api/portraits/med/women/51.jpg', 'thumbnail': 'https://randomuser.me/api/portraits/thumb/women/51.jpg'}, 'nat': 'BR'}</msg>
<arg>${json_data['results'][0]}</arg>
<doc>Logs the given message with the given level.</doc>
<status status="PASS" start="2024-06-04T06:20:16.212066" elapsed="0.000405"/>
</kw>
<kw name="Log" owner="BuiltIn">
<msg time="2024-06-04T06:20:16.212892" level="INFO">email</msg>
<arg>${key}</arg>
<doc>Logs the given message with the given level.</doc>
<status status="PASS" start="2024-06-04T06:20:16.212765" elapsed="0.000163"/>
</kw>
<var name="${key}">email</var>
<status status="PASS" start="2024-06-04T06:20:16.211139" elapsed="0.002000"/>
</iter>
<iter>
<kw name="Dictionary Should Contain Key" owner="Collections">
<msg time="2024-06-04T06:20:16.213850" level="INFO">False</msg>
<arg>${json_data['results'][0]}</arg>
<arg>${key}</arg>
<doc>Fails if ``key`` is not found from ``dictionary``.</doc>
<status status="PASS" start="2024-06-04T06:20:16.213468" elapsed="0.000418"/>
</kw>
<kw name="Log" owner="BuiltIn">
<msg time="2024-06-04T06:20:16.214528" level="INFO">{'gender': 'female', 'name': {'title': 'Ms', 'first': 'Genilsa', 'last': 'Novaes'}, 'location': {'street': {'number': 6531, 'name': 'Rua Dezenove de Outubro'}, 'city': 'Angra dos Reis', 'state': 'Amazonas', 'country': 'Brazil', 'postcode': 29055, 'coordinates': {'latitude': '-74.6406', 'longitude': '156.0443'}, 'timezone': {'offset': '-5:00', 'description': 'Eastern Time (US &amp; Canada), Bogota, Lima'}}, 'email': 'genilsa.novaes@example.com', 'login': {'uuid': '5be3a302-3395-4535-9b3d-8ef284dbf417', 'username': 'smalllion898', 'password': 'carmen', 'salt': 'mKuwnwfT', 'md5': 'ff1f199c49db2520365f34cd5477a7c6', 'sha1': '89580763e6c64fbb2a9dad559585127a5b0d2711', 'sha256': '36b3bf7d4d853b7eee854756e27f641c86447408d610db1a4a473adcab787eaa'}, 'dob': {'date': '1999-12-11T21:31:54.250Z', 'age': 24}, 'registered': {'date': '2005-10-08T05:18:35.508Z', 'age': 18}, 'phone': '(28) 6920-4529', 'cell': '(82) 9553-6135', 'id': {'name': 'CPF', 'value': '705.971.405-91'}, 'picture': {'large': 'https://randomuser.me/api/portraits/women/51.jpg', 'medium': 'https://randomuser.me/api/portraits/med/women/51.jpg', 'thumbnail': 'https://randomuser.me/api/portraits/thumb/women/51.jpg'}, 'nat': 'BR'}</msg>
<arg>${json_data['results'][0]}</arg>
<doc>Logs the given message with the given level.</doc>
<status status="PASS" start="2024-06-04T06:20:16.214179" elapsed="0.000408"/>
</kw>
<kw name="Log" owner="BuiltIn">
<msg time="2024-06-04T06:20:16.215033" level="INFO">login</msg>
<arg>${key}</arg>
<doc>Logs the given message with the given level.</doc>
<status status="PASS" start="2024-06-04T06:20:16.214904" elapsed="0.000166"/>
</kw>
<var name="${key}">login</var>
<status status="PASS" start="2024-06-04T06:20:16.213348" elapsed="0.001935"/>
</iter>
<var>${key}</var>
<value>@{expected_keys}</value>
<status status="PASS" start="2024-06-04T06:20:16.204464" elapsed="0.010941"/>
</for>
<kw name="Create List" owner="BuiltIn">
<msg time="2024-06-04T06:20:16.215736" level="INFO">${expected_keysTwo} = ['username', 'password']</msg>
<var>${expected_keysTwo}</var>
<arg>username</arg>
<arg>password</arg>
<doc>Returns a list containing given items.</doc>
<status status="PASS" start="2024-06-04T06:20:16.215601" elapsed="0.000158"/>
</kw>
<for flavor="IN">
<iter>
<kw name="Dictionary Should Contain Key" owner="Collections">
<msg time="2024-06-04T06:20:16.216654" level="INFO">False</msg>
<arg>${json_data['results'][0]['login']}</arg>
<arg>${keyTwo}</arg>
<doc>Fails if ``key`` is not found from ``dictionary``.</doc>
<status status="PASS" start="2024-06-04T06:20:16.216270" elapsed="0.000421"/>
</kw>
<kw name="Dictionary Should Contain Key" owner="Collections">
<msg time="2024-06-04T06:20:16.217386" level="INFO">False</msg>
<arg>${json_data['results'][0]['login']}</arg>
<arg>${keyTwo}</arg>
<doc>Fails if ``key`` is not found from ``dictionary``.</doc>
<status status="PASS" start="2024-06-04T06:20:16.216985" elapsed="0.000439"/>
</kw>
<kw name="Log" owner="BuiltIn">
<msg time="2024-06-04T06:20:16.217849" level="INFO">username</msg>
<arg>${keyTwo}</arg>
<doc>Logs the given message with the given level.</doc>
<status status="PASS" start="2024-06-04T06:20:16.217722" elapsed="0.000163"/>
</kw>
<var name="${keyTwo}">username</var>
<status status="PASS" start="2024-06-04T06:20:16.216151" elapsed="0.001948"/>
</iter>
<iter>
<kw name="Dictionary Should Contain Key" owner="Collections">
<msg time="2024-06-04T06:20:16.218765" level="INFO">False</msg>
<arg>${json_data['results'][0]['login']}</arg>
<arg>${keyTwo}</arg>
<doc>Fails if ``key`` is not found from ``dictionary``.</doc>
<status status="PASS" start="2024-06-04T06:20:16.218382" elapsed="0.000421"/>
</kw>
<kw name="Dictionary Should Contain Key" owner="Collections">
<msg time="2024-06-04T06:20:16.219478" level="INFO">False</msg>
<arg>${json_data['results'][0]['login']}</arg>
<arg>${keyTwo}</arg>
<doc>Fails if ``key`` is not found from ``dictionary``.</doc>
<status status="PASS" start="2024-06-04T06:20:16.219097" elapsed="0.000418"/>
</kw>
<kw name="Log" owner="BuiltIn">
<msg time="2024-06-04T06:20:16.219936" level="INFO">password</msg>
<arg>${keyTwo}</arg>
<doc>Logs the given message with the given level.</doc>
<status status="PASS" start="2024-06-04T06:20:16.219810" elapsed="0.000163"/>
</kw>
<var name="${keyTwo}">password</var>
<status status="PASS" start="2024-06-04T06:20:16.218270" elapsed="0.001918"/>
</iter>
<var>${keyTwo}</var>
<value>@{expected_keysTwo}</value>
<status status="PASS" start="2024-06-04T06:20:16.215993" elapsed="0.004315"/>
</for>
<status status="PASS" start="2024-06-04T06:20:16.110370" elapsed="0.110077"/>
</kw>
<doc>Testa a estrutura da resposta da API.</doc>
<tag>testeEstruturaResposta</tag>
<status status="PASS" start="2024-06-04T06:20:16.109742" elapsed="0.110855"/>
</test>
<test id="s1-s1-t4" name="Validar tipos de dados" line="28">
<kw name="Teste de Tipos de Dados" owner="random-user-service">
<kw name="GET On Session" owner="RequestsLibrary">
<msg time="2024-06-04T06:20:16.299686" level="INFO">GET Request : url=https://randomuser.me/api 
 path_url=/api 
 headers={'User-Agent': 'python-requests/2.32.3', 'Accept-Encoding': 'gzip, deflate', 'Accept': '*/*', 'Connection': 'keep-alive'} 
 body=None 
 </msg>
<msg time="2024-06-04T06:20:16.299761" level="INFO">GET Response : url=https://randomuser.me/api 
 status=200, reason=OK 
 headers={'Date': 'Tue, 04 Jun 2024 06:20:16 GMT', 'Content-Type': 'application/json; charset=utf-8', 'Transfer-Encoding': 'chunked', 'Connection': 'keep-alive', 'X-Powered-By': 'Express', 'Access-Control-Allow-Origin': '*', 'Cache-Control': 'no-cache', 'ETag': 'W/"49a-0Z4wU3ntTBujPJCf4RF8h75qe7A"', 'Vary': 'Accept-Encoding', 'Content-Encoding': 'gzip', 'CF-Cache-Status': 'DYNAMIC', 'Report-To': '{"endpoints":[{"url":"https:\\/\\/a.nel.cloudflare.com\\/report\\/v4?s=nEZTNWZoCPE5QilQOx2%2BGFfuUoQo9nzfj4%2Bmvv6wUjwbG9QWFNb0rV106TjC8GdrPKofyb2fwnoQhlPghqVx0A31ChNiV%2BD4PPW7RrmvIlmeUQzdbffy4WRCNwNO3X9j"}],"group":"cf-nel","max_age":604800}', 'NEL': '{"success_fraction":0,"report_to":"cf-nel","max_age":604800}', 'Server': 'cloudflare', 'CF-RAY': '88e5d0e9683e81b1-IAD', 'alt-svc': 'h3=":443"; ma=86400'} 
 body={"results":[{"gender":"male","name":{"title":"Mr","first":"Xavier","last":"Macdonald"},"location":{"street":{"number":9389,"name":"Tecumseh Rd"},"city":"Glenwood","state":"Québec","country":"Canada","postcode":"L0D 9T1","coordinates":{"latitude":"-64.4613","longitude":"-81.8748"},"timezone":{"offset":"+11:00","description":"Magadan, Solomon Islands, New Caledonia"}},"email":"xavier.macdonald@example.com","login":{"uuid":"f9ffe5c5-dbfc-4a9b-ac9b-2039dc4a8f85","username":"organicpeacock218","password":"saleen","salt":"YQ0XPKRA","md5":"25cba215801627fc043856a2591b7276","sha1":"ebe1d4ea878b6afe267bfd47937c0f5457e43690","sha256":"4a71c30bfbac66d71ed61eb4d0fdafab7436bdd792555099cf72323d68d5c341"},"dob":{"date":"1945-12-28T02:56:36.299Z","age":78},"registered":{"date":"2006-12-29T19:57:03.565Z","age":17},"phone":"V82 Q59-5378","cell":"I32 T23-4803","id":{"name":"SIN","value":"277741856"},"picture":{"large":"https://randomuser.me/api/portraits/men/59.jpg","medium":"https://randomuser.me/api/portraits/med/men/59.jpg","thumbnail":"https://randomuser.me/api/portraits/thumb/men/59.jpg"},"nat":"CA"}],"info":{"seed":"c41a2f269d6f0d47","results":1,"page":1,"version":"1.4"}} 
 </msg>
<msg time="2024-06-04T06:20:16.299818" level="INFO">/opt/hostedtoolcache/Python/3.12.3/x64/lib/python3.12/site-packages/urllib3/connectionpool.py:1103: InsecureRequestWarning: Unverified HTTPS request is being made to host 'randomuser.me'. Adding certificate verification is strongly advised. See: https://urllib3.readthedocs.io/en/latest/advanced-usage.html#tls-warnings
  warnings.warn(</msg>
<msg time="2024-06-04T06:20:16.299900" level="INFO">${response} = &lt;Response [200]&gt;</msg>
<var>${response}</var>
<arg>consultarAPI</arg>
<arg>/api</arg>
<doc>Sends a GET request on a previously created HTTP Session.</doc>
<status status="PASS" start="2024-06-04T06:20:16.223062" elapsed="0.076863"/>
</kw>
<kw name="Set Variable" owner="BuiltIn">
<msg time="2024-06-04T06:20:16.300755" level="INFO">${json_data} = {'results': [{'gender': 'male', 'name': {'title': 'Mr', 'first': 'Xavier', 'last': 'Macdonald'}, 'location': {'street': {'number': 9389, 'name': 'Tecumseh Rd'}, 'city': 'Glenwood', 'state': 'Québec', ...</msg>
<var>${json_data}</var>
<arg>${response.json()}</arg>
<doc>Returns the given values which can then be assigned to a variables.</doc>
<status status="PASS" start="2024-06-04T06:20:16.300308" elapsed="0.000478"/>
</kw>
<kw name="Log" owner="BuiltIn">
<msg time="2024-06-04T06:20:16.301246" level="INFO">{'results': [{'gender': 'male', 'name': {'title': 'Mr', 'first': 'Xavier', 'last': 'Macdonald'}, 'location': {'street': {'number': 9389, 'name': 'Tecumseh Rd'}, 'city': 'Glenwood', 'state': 'Québec', 'country': 'Canada', 'postcode': 'L0D 9T1', 'coordinates': {'latitude': '-64.4613', 'longitude': '-81.8748'}, 'timezone': {'offset': '+11:00', 'description': 'Magadan, Solomon Islands, New Caledonia'}}, 'email': 'xavier.macdonald@example.com', 'login': {'uuid': 'f9ffe5c5-dbfc-4a9b-ac9b-2039dc4a8f85', 'username': 'organicpeacock218', 'password': 'saleen', 'salt': 'YQ0XPKRA', 'md5': '25cba215801627fc043856a2591b7276', 'sha1': 'ebe1d4ea878b6afe267bfd47937c0f5457e43690', 'sha256': '4a71c30bfbac66d71ed61eb4d0fdafab7436bdd792555099cf72323d68d5c341'}, 'dob': {'date': '1945-12-28T02:56:36.299Z', 'age': 78}, 'registered': {'date': '2006-12-29T19:57:03.565Z', 'age': 17}, 'phone': 'V82 Q59-5378', 'cell': 'I32 T23-4803', 'id': {'name': 'SIN', 'value': '277741856'}, 'picture': {'large': 'https://randomuser.me/api/portraits/men/59.jpg', 'medium': 'https://randomuser.me/api/portraits/med/men/59.jpg', 'thumbnail': 'https://randomuser.me/api/portraits/thumb/men/59.jpg'}, 'nat': 'CA'}], 'info': {'seed': 'c41a2f269d6f0d47', 'results': 1, 'page': 1, 'version': '1.4'}}</msg>
<arg>${json_data}</arg>
<doc>Logs the given message with the given level.</doc>
<status status="PASS" start="2024-06-04T06:20:16.301091" elapsed="0.000289"/>
</kw>
<kw name="Should Be String" owner="String">
<arg>${json_data['results'][0]['gender']}</arg>
<doc>Fails if the given ``item`` is not a string.</doc>
<status status="PASS" start="2024-06-04T06:20:16.301699" elapsed="0.000362"/>
</kw>
<kw name="Should Match Regexp" owner="BuiltIn">
<arg>${json_data['results'][0]['email']}</arg>
<arg>^[a-zA-Z0-9._%+-]+@[a-zA-Z0-9.-]+\.[a-zA-Z]{2,}$</arg>
<doc>Fails if ``string`` does not match ``pattern`` as a regular expression.</doc>
<status status="PASS" start="2024-06-04T06:20:16.302254" elapsed="0.000613"/>
</kw>
<kw name="Should Match Regexp" owner="BuiltIn">
<arg>${json_data['results'][0]['dob']['date']}</arg>
<arg>\\d{4}-\\d{2}-\\d{2}T\\d{2}:\\d{2}:\\d{2}\\.\\d{3}Z</arg>
<doc>Fails if ``string`` does not match ``pattern`` as a regular expression.</doc>
<status status="PASS" start="2024-06-04T06:20:16.303066" elapsed="0.000475"/>
</kw>
<kw name="Should Match Regexp" owner="BuiltIn">
<arg>${json_data['results'][0]['registered']['date']}</arg>
<arg>\\d{4}-\\d{2}-\\d{2}T\\d{2}:\\d{2}:\\d{2}\\.\\d{3}Z</arg>
<doc>Fails if ``string`` does not match ``pattern`` as a regular expression.</doc>
<status status="PASS" start="2024-06-04T06:20:16.303736" elapsed="0.000369"/>
</kw>
<kw name="Should Match Regexp" owner="BuiltIn">
<arg>${json_data['results'][0]['picture']['large']}</arg>
<arg>^https?://.*\.(?:png|jpe?g|gif|bmp)$</arg>
<doc>Fails if ``string`` does not match ``pattern`` as a regular expression.</doc>
<status status="PASS" start="2024-06-04T06:20:16.304292" elapsed="0.000455"/>
</kw>
<kw name="Should Match Regexp" owner="BuiltIn">
<arg>${json_data['results'][0]['picture']['medium']}</arg>
<arg>^https?://.*\.(?:png|jpe?g|gif|bmp)$</arg>
<doc>Fails if ``string`` does not match ``pattern`` as a regular expression.</doc>
<status status="PASS" start="2024-06-04T06:20:16.304937" elapsed="0.000381"/>
</kw>
<kw name="Should Match Regexp" owner="BuiltIn">
<arg>${json_data['results'][0]['picture']['thumbnail']}</arg>
<arg>^https?://.*\.(?:png|jpe?g|gif|bmp)$</arg>
<doc>Fails if ``string`` does not match ``pattern`` as a regular expression.</doc>
<status status="PASS" start="2024-06-04T06:20:16.305515" elapsed="0.000347"/>
</kw>
<kw name="Log" owner="BuiltIn">
<msg time="2024-06-04T06:20:16.306362" level="INFO">{'large': 'https://randomuser.me/api/portraits/men/59.jpg', 'medium': 'https://randomuser.me/api/portraits/med/men/59.jpg', 'thumbnail': 'https://randomuser.me/api/portraits/thumb/men/59.jpg'}</msg>
<arg>${json_data['results'][0]['picture']}</arg>
<doc>Logs the given message with the given level.</doc>
<status status="PASS" start="2024-06-04T06:20:16.306044" elapsed="0.000359"/>
</kw>
<status status="PASS" start="2024-06-04T06:20:16.222832" elapsed="0.083824"/>
</kw>
<kw name="Teste de Tipos de Dados - Postcode" owner="random-user-service">
<kw name="GET On Session" owner="RequestsLibrary">
<msg time="2024-06-04T06:20:16.400682" level="INFO">GET Request : url=https://randomuser.me/api 
 path_url=/api 
 headers={'User-Agent': 'python-requests/2.32.3', 'Accept-Encoding': 'gzip, deflate', 'Accept': '*/*', 'Connection': 'keep-alive'} 
 body=None 
 </msg>
<msg time="2024-06-04T06:20:16.400764" level="INFO">GET Response : url=https://randomuser.me/api 
 status=200, reason=OK 
 headers={'Date': 'Tue, 04 Jun 2024 06:20:16 GMT', 'Content-Type': 'application/json; charset=utf-8', 'Transfer-Encoding': 'chunked', 'Connection': 'keep-alive', 'X-Powered-By': 'Express', 'Access-Control-Allow-Origin': '*', 'Cache-Control': 'no-cache', 'ETag': 'W/"483-J7UUjoCoZiZToE3hcAl9IAi/gt4"', 'Vary': 'Accept-Encoding', 'Content-Encoding': 'gzip', 'CF-Cache-Status': 'DYNAMIC', 'Report-To': '{"endpoints":[{"url":"https:\\/\\/a.nel.cloudflare.com\\/report\\/v4?s=ZY2qfsxX0%2FcLanZwOp94qgAH2t%2BfB%2B3b0bFS1%2BcBfd806kkirSO9R3ZsHSfnB4VWQJqpypQKgV0XzOXdIeZI0iS1Ih%2FRIfovU9XM9i87cN9YYjp8NL3sQPFPZ1ki97WI"}],"group":"cf-nel","max_age":604800}', 'NEL': '{"success_fraction":0,"report_to":"cf-nel","max_age":604800}', 'Server': 'cloudflare', 'CF-RAY': '88e5d0e9e8b281b1-IAD', 'alt-svc': 'h3=":443"; ma=86400'} 
 body={"results":[{"gender":"male","name":{"title":"Mr","first":"Cameron","last":"Coleman"},"location":{"street":{"number":6829,"name":"Manor Road"},"city":"Kinsale","state":"Galway City","country":"Ireland","postcode":24447,"coordinates":{"latitude":"-4.0523","longitude":"-95.3134"},"timezone":{"offset":"+7:00","description":"Bangkok, Hanoi, Jakarta"}},"email":"cameron.coleman@example.com","login":{"uuid":"22da6852-afd3-46d4-ae59-f8d8ecce45ab","username":"goldenmeercat998","password":"tiffany","salt":"N71my2t4","md5":"8948249215b16b8d4f1131e4532ec9ac","sha1":"724b5065aea05bcd0b0ca6a6485e5bfb6d77bf51","sha256":"172326b00687803b64ea40938cb020d244e230cf56a241a5e9e49c7ab1f80b2a"},"dob":{"date":"1975-09-03T01:48:37.389Z","age":48},"registered":{"date":"2019-08-15T13:41:51.459Z","age":4},"phone":"071-889-2367","cell":"081-731-2171","id":{"name":"PPS","value":"3795847T"},"picture":{"large":"https://randomuser.me/api/portraits/men/53.jpg","medium":"https://randomuser.me/api/portraits/med/men/53.jpg","thumbnail":"https://randomuser.me/api/portraits/thumb/men/53.jpg"},"nat":"IE"}],"info":{"seed":"df1564a69c1a420f","results":1,"page":1,"version":"1.4"}} 
 </msg>
<msg time="2024-06-04T06:20:16.400835" level="INFO">/opt/hostedtoolcache/Python/3.12.3/x64/lib/python3.12/site-packages/urllib3/connectionpool.py:1103: InsecureRequestWarning: Unverified HTTPS request is being made to host 'randomuser.me'. Adding certificate verification is strongly advised. See: https://urllib3.readthedocs.io/en/latest/advanced-usage.html#tls-warnings
  warnings.warn(</msg>
<msg time="2024-06-04T06:20:16.400940" level="INFO">${response} = &lt;Response [200]&gt;</msg>
<var>${response}</var>
<arg>consultarAPI</arg>
<arg>/api</arg>
<doc>Sends a GET request on a previously created HTTP Session.</doc>
<status status="PASS" start="2024-06-04T06:20:16.307085" elapsed="0.093885"/>
</kw>
<kw name="Set Variable" owner="BuiltIn">
<msg time="2024-06-04T06:20:16.401819" level="INFO">${json_data} = {'results': [{'gender': 'male', 'name': {'title': 'Mr', 'first': 'Cameron', 'last': 'Coleman'}, 'location': {'street': {'number': 6829, 'name': 'Manor Road'}, 'city': 'Kinsale', 'state': 'Galway City'...</msg>
<var>${json_data}</var>
<arg>${response.json()}</arg>
<doc>Returns the given values which can then be assigned to a variables.</doc>
<status status="PASS" start="2024-06-04T06:20:16.401377" elapsed="0.000472"/>
</kw>
<kw name="Log" owner="BuiltIn">
<msg time="2024-06-04T06:20:16.402312" level="INFO">{'results': [{'gender': 'male', 'name': {'title': 'Mr', 'first': 'Cameron', 'last': 'Coleman'}, 'location': {'street': {'number': 6829, 'name': 'Manor Road'}, 'city': 'Kinsale', 'state': 'Galway City', 'country': 'Ireland', 'postcode': 24447, 'coordinates': {'latitude': '-4.0523', 'longitude': '-95.3134'}, 'timezone': {'offset': '+7:00', 'description': 'Bangkok, Hanoi, Jakarta'}}, 'email': 'cameron.coleman@example.com', 'login': {'uuid': '22da6852-afd3-46d4-ae59-f8d8ecce45ab', 'username': 'goldenmeercat998', 'password': 'tiffany', 'salt': 'N71my2t4', 'md5': '8948249215b16b8d4f1131e4532ec9ac', 'sha1': '724b5065aea05bcd0b0ca6a6485e5bfb6d77bf51', 'sha256': '172326b00687803b64ea40938cb020d244e230cf56a241a5e9e49c7ab1f80b2a'}, 'dob': {'date': '1975-09-03T01:48:37.389Z', 'age': 48}, 'registered': {'date': '2019-08-15T13:41:51.459Z', 'age': 4}, 'phone': '071-889-2367', 'cell': '081-731-2171', 'id': {'name': 'PPS', 'value': '3795847T'}, 'picture': {'large': 'https://randomuser.me/api/portraits/men/53.jpg', 'medium': 'https://randomuser.me/api/portraits/med/men/53.jpg', 'thumbnail': 'https://randomuser.me/api/portraits/thumb/men/53.jpg'}, 'nat': 'IE'}], 'info': {'seed': 'df1564a69c1a420f', 'results': 1, 'page': 1, 'version': '1.4'}}</msg>
<arg>${json_data}</arg>
<doc>Logs the given message with the given level.</doc>
<status status="PASS" start="2024-06-04T06:20:16.402160" elapsed="0.000228"/>
</kw>
<kw name="Should Be Equal As Numbers" owner="BuiltIn">
<arg>${json_data['results'][0]['location']['postcode']}</arg>
<arg>${json_data['results'][0]['location']['postcode']}</arg>
<doc>Fails if objects are unequal after converting them to real numbers.</doc>
<status status="PASS" start="2024-06-04T06:20:16.402686" elapsed="0.000616"/>
</kw>
<kw name="Log" owner="BuiltIn">
<msg time="2024-06-04T06:20:16.403833" level="INFO">24447</msg>
<arg>${json_data['results'][0]['location']['postcode']}</arg>
<doc>Logs the given message with the given level.</doc>
<status status="PASS" start="2024-06-04T06:20:16.403495" elapsed="0.000378"/>
</kw>
<status status="PASS" start="2024-06-04T06:20:16.306867" elapsed="0.097255"/>
</kw>
<doc>Testa se os tipos de dados na resposta da API estão corretos.</doc>
<tag>testeTiposDados</tag>
<status status="PASS" start="2024-06-04T06:20:16.222365" elapsed="0.181916"/>
</test>
<test id="s1-s1-t5" name="Validar conteudo" line="35">
<kw name="Teste de Tipos de Conteudo" owner="random-user-service">
<kw name="GET On Session" owner="RequestsLibrary">
<msg time="2024-06-04T06:20:16.512513" level="INFO">GET Request : url=https://randomuser.me/api 
 path_url=/api 
 headers={'User-Agent': 'python-requests/2.32.3', 'Accept-Encoding': 'gzip, deflate', 'Accept': '*/*', 'Connection': 'keep-alive'} 
 body=None 
 </msg>
<msg time="2024-06-04T06:20:16.512608" level="INFO">GET Response : url=https://randomuser.me/api 
 status=200, reason=OK 
 headers={'Date': 'Tue, 04 Jun 2024 06:20:16 GMT', 'Content-Type': 'application/json; charset=utf-8', 'Transfer-Encoding': 'chunked', 'Connection': 'keep-alive', 'X-Powered-By': 'Express', 'Access-Control-Allow-Origin': '*', 'Cache-Control': 'no-cache', 'ETag': 'W/"484-CJxGKJHiHaLOgw12Ow+p9EFtL7M"', 'Vary': 'Accept-Encoding', 'Content-Encoding': 'gzip', 'CF-Cache-Status': 'DYNAMIC', 'Report-To': '{"endpoints":[{"url":"https:\\/\\/a.nel.cloudflare.com\\/report\\/v4?s=2u%2BjumJ6g%2FLl9cG%2B9v2Z1LtWX9KqGKXo3LQ8UFdlTxvuKdry%2Bt%2F%2F72deq1gsy%2B7ds%2FTDPOWSWsm6nsuZit82PNR1mQiDzY8IpaFAU9HxuXIutHLgvJkFhkGG3HHuigC3"}],"group":"cf-nel","max_age":604800}', 'NEL': '{"success_fraction":0,"report_to":"cf-nel","max_age":604800}', 'Server': 'cloudflare', 'CF-RAY': '88e5d0ea995181b1-IAD', 'alt-svc': 'h3=":443"; ma=86400'} 
 body={"results":[{"gender":"female","name":{"title":"Mrs","first":"Ira","last":"Anchan"},"location":{"street":{"number":3200,"name":"Raviwar Peth"},"city":"Guntakal","state":"Nagaland","country":"India","postcode":43330,"coordinates":{"latitude":"11.7496","longitude":"15.7663"},"timezone":{"offset":"+4:00","description":"Abu Dhabi, Muscat, Baku, Tbilisi"}},"email":"ira.anchan@example.com","login":{"uuid":"40595c5b-5125-4901-b04e-2899ff649150","username":"whitedog585","password":"cyrano","salt":"ekvKchSb","md5":"9ea7ad6f546846d666f3f4a0288e1211","sha1":"24c1e821041c044632417e63742363b944b7ab47","sha256":"428bcbe87cbf2a9c582408f4b1371ab10ed211141dc06973ff437ffab9cf165e"},"dob":{"date":"1979-10-15T03:01:07.629Z","age":44},"registered":{"date":"2014-07-02T05:18:57.913Z","age":9},"phone":"9326030986","cell":"9323314986","id":{"name":"UIDAI","value":"512118742659"},"picture":{"large":"https://randomuser.me/api/portraits/women/93.jpg","medium":"https://randomuser.me/api/portraits/med/women/93.jpg","thumbnail":"https://randomuser.me/api/portraits/thumb/women/93.jpg"},"nat":"IN"}],"info":{"seed":"97189054d0d2a4bb","results":1,"page":1,"version":"1.4"}} 
 </msg>
<msg time="2024-06-04T06:20:16.512684" level="INFO">/opt/hostedtoolcache/Python/3.12.3/x64/lib/python3.12/site-packages/urllib3/connectionpool.py:1103: InsecureRequestWarning: Unverified HTTPS request is being made to host 'randomuser.me'. Adding certificate verification is strongly advised. See: https://urllib3.readthedocs.io/en/latest/advanced-usage.html#tls-warnings
  warnings.warn(</msg>
<msg time="2024-06-04T06:20:16.512826" level="INFO">${response} = &lt;Response [200]&gt;</msg>
<var>${response}</var>
<arg>consultarAPI</arg>
<arg>/api</arg>
<doc>Sends a GET request on a previously created HTTP Session.</doc>
<status status="PASS" start="2024-06-04T06:20:16.406673" elapsed="0.106206"/>
</kw>
<kw name="Set Variable" owner="BuiltIn">
<msg time="2024-06-04T06:20:16.513845" level="INFO">${json_data} = {'results': [{'gender': 'female', 'name': {'title': 'Mrs', 'first': 'Ira', 'last': 'Anchan'}, 'location': {'street': {'number': 3200, 'name': 'Raviwar Peth'}, 'city': 'Guntakal', 'state': 'Nagaland', ...</msg>
<var>${json_data}</var>
<arg>${response.json()}</arg>
<doc>Returns the given values which can then be assigned to a variables.</doc>
<status status="PASS" start="2024-06-04T06:20:16.513379" elapsed="0.000495"/>
</kw>
<kw name="Set Variable" owner="BuiltIn">
<msg time="2024-06-04T06:20:16.514568" level="INFO">${name_title} = Mrs</msg>
<var>${name_title}</var>
<arg>${json_data["results"][0]["name"]["title"]}</arg>
<doc>Returns the given values which can then be assigned to a variables.</doc>
<status status="PASS" start="2024-06-04T06:20:16.514181" elapsed="0.000412"/>
</kw>
<kw name="Create List" owner="BuiltIn">
<msg time="2024-06-04T06:20:16.515044" level="INFO">${allowed_titles} = ['Mr', 'Ms', 'Miss', 'Mrs', 'Madame', 'Monsieur']</msg>
<var>${allowed_titles}</var>
<arg>Mr</arg>
<arg>Ms</arg>
<arg>Miss</arg>
<arg>Mrs</arg>
<arg>Madame</arg>
<arg>Monsieur</arg>
<doc>Returns a list containing given items.</doc>
<status status="PASS" start="2024-06-04T06:20:16.514896" elapsed="0.000171"/>
</kw>
<kw name="List Should Contain Value" owner="Collections">
<msg time="2024-06-04T06:20:16.515544" level="INFO">False</msg>
<arg>${allowed_titles}</arg>
<arg>${name_title}</arg>
<doc>Fails if the ``value`` is not found from ``list``.</doc>
<status status="PASS" start="2024-06-04T06:20:16.515370" elapsed="0.000210"/>
</kw>
<kw name="Set Variable" owner="BuiltIn">
<msg time="2024-06-04T06:20:16.516424" level="INFO">${name_country} = IN</msg>
<var>${name_country}</var>
<arg>${json_data["results"][0]["nat"]}</arg>
<doc>Returns the given values which can then be assigned to a variables.</doc>
<status status="PASS" start="2024-06-04T06:20:16.515892" elapsed="0.000558"/>
</kw>
<kw name="Create List" owner="BuiltIn">
<msg time="2024-06-04T06:20:16.517386" level="INFO">${list_country} = ['AD', 'AE', 'AF', 'AG', 'AI', 'AL', 'AM', 'AO', 'AQ', 'AR', 'AS', 'AT', 'AU', 'AW', 'AX', 'AZ', 'BA', 'BB', 'BD', 'BE', 'BF', 'BG', 'BH', 'BI', 'BJ', 'BL', 'BM', 'BN', 'BO', 'BQ', 'BR', 'BS', 'BT', '...</msg>
<var>${list_country}</var>
<arg>AD</arg>
<arg>AE</arg>
<arg>AF</arg>
<arg>AG</arg>
<arg>AI</arg>
<arg>AL</arg>
<arg>AM</arg>
<arg>AO</arg>
<arg>AQ</arg>
<arg>AR</arg>
<arg>AS</arg>
<arg>AT</arg>
<arg>AU</arg>
<arg>AW</arg>
<arg>AX</arg>
<arg>AZ</arg>
<arg>BA</arg>
<arg>BB</arg>
<arg>BD</arg>
<arg>BE</arg>
<arg>BF</arg>
<arg>BG</arg>
<arg>BH</arg>
<arg>BI</arg>
<arg>BJ</arg>
<arg>BL</arg>
<arg>BM</arg>
<arg>BN</arg>
<arg>BO</arg>
<arg>BQ</arg>
<arg>BR</arg>
<arg>BS</arg>
<arg>BT</arg>
<arg>BV</arg>
<arg>BW</arg>
<arg>BY</arg>
<arg>BZ</arg>
<arg>CA</arg>
<arg>CC</arg>
<arg>CD</arg>
<arg>CF</arg>
<arg>CG</arg>
<arg>CH</arg>
<arg>CI</arg>
<arg>CK</arg>
<arg>CL</arg>
<arg>CM</arg>
<arg>CN</arg>
<arg>CO</arg>
<arg>CR</arg>
<arg>CU</arg>
<arg>CV</arg>
<arg>CW</arg>
<arg>CX</arg>
<arg>CY</arg>
<arg>CZ</arg>
<arg>DE</arg>
<arg>DJ</arg>
<arg>DK</arg>
<arg>DM</arg>
<arg>DO</arg>
<arg>DZ</arg>
<arg>EC</arg>
<arg>EE</arg>
<arg>EG</arg>
<arg>EH</arg>
<arg>ER</arg>
<arg>ES</arg>
<arg>ET</arg>
<arg>FI</arg>
<arg>FJ</arg>
<arg>FK</arg>
<arg>FM</arg>
<arg>FO</arg>
<arg>FR</arg>
<arg>GA</arg>
<arg>GB</arg>
<arg>GD</arg>
<arg>GE</arg>
<arg>GF</arg>
<arg>GG</arg>
<arg>GH</arg>
<arg>GI</arg>
<arg>GL</arg>
<arg>GM</arg>
<arg>GN</arg>
<arg>GP</arg>
<arg>GQ</arg>
<arg>GR</arg>
<arg>GS</arg>
<arg>GT</arg>
<arg>GU</arg>
<arg>GW</arg>
<arg>GY</arg>
<arg>HK</arg>
<arg>HM</arg>
<arg>HN</arg>
<arg>HR</arg>
<arg>HT</arg>
<arg>HU</arg>
<arg>ID</arg>
<arg>IE</arg>
<arg>IL</arg>
<arg>IM</arg>
<arg>IN</arg>
<arg>IO</arg>
<arg>IQ</arg>
<arg>IR</arg>
<arg>IS</arg>
<arg>IT</arg>
<arg>JE</arg>
<arg>JM</arg>
<arg>JO</arg>
<arg>JP</arg>
<arg>KE</arg>
<arg>KG</arg>
<arg>KH</arg>
<arg>KI</arg>
<arg>KM</arg>
<arg>KN</arg>
<arg>KP</arg>
<arg>KR</arg>
<arg>KW</arg>
<arg>KY</arg>
<arg>KZ</arg>
<arg>LA</arg>
<arg>LB</arg>
<arg>LC</arg>
<arg>LI</arg>
<arg>LK</arg>
<arg>LR</arg>
<arg>LS</arg>
<arg>LT</arg>
<arg>LU</arg>
<arg>LV</arg>
<arg>LY</arg>
<arg>MA</arg>
<arg>MC</arg>
<arg>MD</arg>
<arg>ME</arg>
<arg>MF</arg>
<arg>MG</arg>
<arg>MH</arg>
<arg>MK</arg>
<arg>ML</arg>
<arg>MM</arg>
<arg>MN</arg>
<arg>MO</arg>
<arg>MP</arg>
<arg>MQ</arg>
<arg>MR</arg>
<arg>MS</arg>
<arg>MT</arg>
<arg>MU</arg>
<arg>MV</arg>
<arg>MW</arg>
<arg>MX</arg>
<arg>MY</arg>
<arg>MZ</arg>
<arg>NA</arg>
<arg>NC</arg>
<arg>NE</arg>
<arg>NF</arg>
<arg>NG</arg>
<arg>NI</arg>
<arg>NL</arg>
<arg>NO</arg>
<arg>NP</arg>
<arg>NR</arg>
<arg>NU</arg>
<arg>NZ</arg>
<arg>OM</arg>
<arg>PA</arg>
<arg>PE</arg>
<arg>PF</arg>
<arg>PG</arg>
<arg>PH</arg>
<arg>PK</arg>
<arg>PL</arg>
<arg>PM</arg>
<arg>PN</arg>
<arg>PR</arg>
<arg>PS</arg>
<arg>PT</arg>
<arg>PW</arg>
<arg>PY</arg>
<arg>QA</arg>
<arg>RE</arg>
<arg>RO</arg>
<arg>RS</arg>
<arg>RU</arg>
<arg>RW</arg>
<arg>SA</arg>
<arg>SB</arg>
<arg>SC</arg>
<arg>SD</arg>
<arg>SE</arg>
<arg>SG</arg>
<arg>SH</arg>
<arg>SI</arg>
<arg>SJ</arg>
<arg>SK</arg>
<arg>SL</arg>
<arg>SM</arg>
<arg>SN</arg>
<arg>SO</arg>
<arg>SR</arg>
<arg>SS</arg>
<arg>ST</arg>
<arg>SV</arg>
<arg>SX</arg>
<arg>SY</arg>
<arg>SZ</arg>
<arg>TC</arg>
<arg>TD</arg>
<arg>TF</arg>
<arg>TG</arg>
<arg>TH</arg>
<arg>TJ</arg>
<arg>TK</arg>
<arg>TL</arg>
<arg>TM</arg>
<arg>TN</arg>
<arg>TO</arg>
<arg>TR</arg>
<arg>TT</arg>
<arg>TV</arg>
<arg>TW</arg>
<arg>TZ</arg>
<arg>UA</arg>
<arg>UG</arg>
<arg>UM</arg>
<arg>US</arg>
<arg>UY</arg>
<arg>UZ</arg>
<arg>VA</arg>
<arg>VC</arg>
<arg>VE</arg>
<arg>VG</arg>
<arg>VI</arg>
<arg>VN</arg>
<arg>VU</arg>
<arg>WF</arg>
<arg>WS</arg>
<arg>XK</arg>
<arg>YE</arg>
<arg>YT</arg>
<arg>ZA</arg>
<arg>ZM</arg>
<arg>ZW</arg>
<doc>Returns a list containing given items.</doc>
<status status="PASS" start="2024-06-04T06:20:16.516765" elapsed="0.000647"/>
</kw>
<kw name="List Should Contain Value" owner="Collections">
<msg time="2024-06-04T06:20:16.518399" level="INFO">False</msg>
<arg>${list_country}</arg>
<arg>${name_country}</arg>
<doc>Fails if the ``value`` is not found from ``list``.</doc>
<status status="PASS" start="2024-06-04T06:20:16.518197" elapsed="0.000238"/>
</kw>
<kw name="Run Keyword If" owner="BuiltIn">
<kw name="Should Be True" owner="BuiltIn">
<arg>${True}</arg>
<doc>Fails if the given condition is not true.</doc>
<status status="PASS" start="2024-06-04T06:20:16.519491" elapsed="0.000143"/>
</kw>
<arg>${json_data["results"][0]["location"]["coordinates"]["latitude"]} &gt;= -90 and ${json_data["results"][0]["location"]["coordinates"]["latitude"]} &lt;= 90</arg>
<arg>Should Be True</arg>
<arg>${True}</arg>
<doc>Runs the given keyword with the given arguments, if ``condition`` is true.</doc>
<status status="PASS" start="2024-06-04T06:20:16.518749" elapsed="0.001010"/>
</kw>
<kw name="Run Keyword If" owner="BuiltIn">
<kw name="Should Be True" owner="BuiltIn">
<arg>${True}</arg>
<doc>Fails if the given condition is not true.</doc>
<status status="PASS" start="2024-06-04T06:20:16.520646" elapsed="0.000135"/>
</kw>
<arg>${json_data["results"][0]["location"]["coordinates"]["longitude"]} &gt;= -180 and ${json_data["results"][0]["location"]["coordinates"]["longitude"]} &lt;= 180</arg>
<arg>Should Be True</arg>
<arg>${True}</arg>
<doc>Runs the given keyword with the given arguments, if ``condition`` is true.</doc>
<status status="PASS" start="2024-06-04T06:20:16.519951" elapsed="0.000951"/>
</kw>
<status status="PASS" start="2024-06-04T06:20:16.406450" elapsed="0.114580"/>
</kw>
<doc>Testa o conteúdo específico dos campos retornados pela API.</doc>
<tag>testeConteudo</tag>
<status status="PASS" start="2024-06-04T06:20:16.406001" elapsed="0.115177"/>
</test>
<status status="PASS" start="2024-06-04T06:20:15.494540" elapsed="1.028562"/>
</suite>
<status status="PASS" start="2024-06-04T06:20:15.481135" elapsed="1.047050"/>
</suite>
<statistics>
<total>
<stat pass="5" fail="0" skip="0">All Tests</stat>
</total>
<tag>
<stat pass="1" fail="0" skip="0">testeConteudo</stat>
<stat pass="1" fail="0" skip="0">testeEstruturaResposta</stat>
<stat pass="1" fail="0" skip="0">testeRequisicaoBasica</stat>
<stat pass="1" fail="0" skip="0">testeTiposDados</stat>
</tag>
<suite>
<stat pass="5" fail="0" skip="0" id="s1" name="Tests">Tests</stat>
<stat pass="5" fail="0" skip="0" id="s1-s1" name="Random-User-Test">Tests.Random-User-Test</stat>
</suite>
</statistics>
<errors>
</errors>
</robot>
