<?xml version="1.0" encoding="UTF-8"?>
<robot generator="Robot 7.0 (Python 3.12.3 on linux)" generated="2024-06-03T18:20:28.661554" rpa="false" schemaversion="5">
<suite id="s1" name="Tests" source="/home/runner/work/ApiRandomUser/ApiRandomUser/RamdonUser/tests">
<suite id="s1-s1" name="Random-User-Test" source="/home/runner/work/ApiRandomUser/ApiRandomUser/RamdonUser/tests/random-user-test.robot">
<test id="s1-s1-t1" name="Conectar" line="13">
<kw name="Conectar API" owner="random-user-service">
<kw name="Create Session" owner="RequestsLibrary">
<msg time="2024-06-03T18:20:29.092844" level="INFO">Creating Session using : alias=consultarAPI, url=https://randomuser.me/, headers={},                     cookies={}, auth=None, timeout=None, proxies=None, verify=False,                     debug=0 </msg>
<arg>consultarAPI</arg>
<arg>${URL}</arg>
<doc>Create Session: create a HTTP session to a server</doc>
<status status="PASS" start="2024-06-03T18:20:29.092634" elapsed="0.000392"/>
</kw>
<status status="PASS" start="2024-06-03T18:20:29.091548" elapsed="0.001873"/>
</kw>
<status status="PASS" start="2024-06-03T18:20:29.090844" elapsed="0.002786"/>
</test>
<test id="s1-s1-t2" name="Validar retorno 200 e JSON Válido" line="16">
<kw name="Teste de Requisicao Basica" owner="random-user-service">
<kw name="GET On Session" owner="RequestsLibrary">
<msg time="2024-06-03T18:20:29.341560" level="INFO">GET Request : url=https://randomuser.me/api 
 path_url=/api 
 headers={'User-Agent': 'python-requests/2.32.3', 'Accept-Encoding': 'gzip, deflate', 'Accept': '*/*', 'Connection': 'keep-alive'} 
 body=None 
 </msg>
<msg time="2024-06-03T18:20:29.341732" level="INFO">GET Response : url=https://randomuser.me/api 
 status=200, reason=OK 
 headers={'Date': 'Mon, 03 Jun 2024 18:20:29 GMT', 'Content-Type': 'application/json; charset=utf-8', 'Transfer-Encoding': 'chunked', 'Connection': 'keep-alive', 'X-Powered-By': 'Express', 'Access-Control-Allow-Origin': '*', 'Cache-Control': 'no-cache', 'ETag': 'W/"488-U+tEWg/kKRb7zsHsdz7UhBxs6kc"', 'Vary': 'Accept-Encoding', 'Content-Encoding': 'gzip', 'CF-Cache-Status': 'DYNAMIC', 'Report-To': '{"endpoints":[{"url":"https:\\/\\/a.nel.cloudflare.com\\/report\\/v4?s=dRNVz6AVgwSZgdBWfEyEu3xGDaxAMQ6DK0LpDa03mpDlOmc98jf7Sk%2B5i29uMYcx2lkjOOghT7MXU8%2FNHerDatw3DYDT78Zg%2F2gcb9y9AiEL4U993Zk7q7WEMsncU261"}],"group":"cf-nel","max_age":604800}', 'NEL': '{"success_fraction":0,"report_to":"cf-nel","max_age":604800}', 'Server': 'cloudflare', 'CF-RAY': '88e1b28b1eb213ce-ORD', 'alt-svc': 'h3=":443"; ma=86400'} 
 body={"results":[{"gender":"female","name":{"title":"Mrs","first":"Begüm","last":"Tunçeri"},"location":{"street":{"number":2768,"name":"Vatan Cd"},"city":"Bartın","state":"Artvin","country":"Turkey","postcode":73698,"coordinates":{"latitude":"66.0894","longitude":"162.2911"},"timezone":{"offset":"+9:00","description":"Tokyo, Seoul, Osaka, Sapporo, Yakutsk"}},"email":"begum.tunceri@example.com","login":{"uuid":"2d8e4fe1-bb00-4b82-8577-bb155bdda63c","username":"heavypanda724","password":"jamess","salt":"RadTFkdv","md5":"55da32b258e93ee8f8d11c4c35433fea","sha1":"365a1ba3116966f9cb28911d2956bfc76d51b3d8","sha256":"03067eb6e2093074b0850306881b07045473c96bc87123022440e484d5ae0458"},"dob":{"date":"1949-08-21T16:46:02.657Z","age":74},"registered":{"date":"2009-10-01T16:15:15.609Z","age":14},"phone":"(788)-632-7505","cell":"(239)-509-0491","id":{"name":"","value":null},"picture":{"large":"https://randomuser.me/api/portraits/women/32.jpg","medium":"https://randomuser.me/api/portraits/med/women/32.jpg","thumbnail":"https://randomuser.me/api/portraits/thumb/women/32.jpg"},"nat":"TR"}],"info":{"seed":"7709e275861e2153","results":1,"page":1,"version":"1.4"}} 
 </msg>
<msg time="2024-06-03T18:20:29.341834" level="INFO">/opt/hostedtoolcache/Python/3.12.3/x64/lib/python3.12/site-packages/urllib3/connectionpool.py:1103: InsecureRequestWarning: Unverified HTTPS request is being made to host 'randomuser.me'. Adding certificate verification is strongly advised. See: https://urllib3.readthedocs.io/en/latest/advanced-usage.html#tls-warnings
  warnings.warn(</msg>
<msg time="2024-06-03T18:20:29.341994" level="INFO">${response} = &lt;Response [200]&gt;</msg>
<var>${response}</var>
<arg>consultarAPI</arg>
<arg>/api</arg>
<doc>Sends a GET request on a previously created HTTP Session.</doc>
<status status="PASS" start="2024-06-03T18:20:29.096318" elapsed="0.245733"/>
</kw>
<kw name="Should Be Equal As Numbers" owner="BuiltIn">
<msg time="2024-06-03T18:20:29.342998" level="INFO">Argument types are:
&lt;class 'int'&gt;
&lt;class 'str'&gt;</msg>
<arg>${response.status_code}</arg>
<arg>200</arg>
<doc>Fails if objects are unequal after converting them to real numbers.</doc>
<status status="PASS" start="2024-06-03T18:20:29.342544" elapsed="0.000519"/>
</kw>
<kw name="Log" owner="BuiltIn">
<msg time="2024-06-03T18:20:29.343778" level="INFO">200</msg>
<arg>${response.status_code}</arg>
<doc>Logs the given message with the given level.</doc>
<status status="PASS" start="2024-06-03T18:20:29.343421" elapsed="0.000406"/>
</kw>
<kw name="Set Variable" owner="BuiltIn">
<msg time="2024-06-03T18:20:29.344624" level="INFO">${json_data} = {'results': [{'gender': 'female', 'name': {'title': 'Mrs', 'first': 'Begüm', 'last': 'Tunçeri'}, 'location': {'street': {'number': 2768, 'name': 'Vatan Cd'}, 'city': 'Bartın', 'state': 'Artvin', 'coun...</msg>
<var>${json_data}</var>
<arg>${response.json()}</arg>
<doc>Returns the given values which can then be assigned to a variables.</doc>
<status status="PASS" start="2024-06-03T18:20:29.344151" elapsed="0.000506"/>
</kw>
<kw name="Dictionary Should Contain Key" owner="Collections">
<msg time="2024-06-03T18:20:29.345158" level="INFO">False</msg>
<arg>${json_data}</arg>
<arg>results</arg>
<doc>Fails if ``key`` is not found from ``dictionary``.</doc>
<status status="PASS" start="2024-06-03T18:20:29.344976" elapsed="0.000413"/>
</kw>
<status status="PASS" start="2024-06-03T18:20:29.096060" elapsed="0.249612"/>
</kw>
<doc>Testa se a API responde corretamente e retorna um objeto JSON válido.</doc>
<tag>testeRequisicaoBasica</tag>
<status status="PASS" start="2024-06-03T18:20:29.095596" elapsed="0.250270"/>
</test>
<test id="s1-s1-t3" name="Validar estrutura de resposta" line="22">
<kw name="Teste de Estrutura de Resposta" owner="random-user-service">
<kw name="GET On Session" owner="RequestsLibrary">
<msg time="2024-06-03T18:20:29.438801" level="INFO">GET Request : url=https://randomuser.me/api 
 path_url=/api 
 headers={'User-Agent': 'python-requests/2.32.3', 'Accept-Encoding': 'gzip, deflate', 'Accept': '*/*', 'Connection': 'keep-alive'} 
 body=None 
 </msg>
<msg time="2024-06-03T18:20:29.438882" level="INFO">GET Response : url=https://randomuser.me/api 
 status=200, reason=OK 
 headers={'Date': 'Mon, 03 Jun 2024 18:20:29 GMT', 'Content-Type': 'application/json; charset=utf-8', 'Transfer-Encoding': 'chunked', 'Connection': 'keep-alive', 'X-Powered-By': 'Express', 'Access-Control-Allow-Origin': '*', 'Cache-Control': 'no-cache', 'ETag': 'W/"49d-LwkZjWCnHgIWe0RhYFdO7SIDU4A"', 'Vary': 'Accept-Encoding', 'Content-Encoding': 'gzip', 'CF-Cache-Status': 'DYNAMIC', 'Report-To': '{"endpoints":[{"url":"https:\\/\\/a.nel.cloudflare.com\\/report\\/v4?s=bMfTI8eyzKE0NR5piftJhm0hehvNmgYtlaAmZB4rr91FlxdRSlWIUkDuxaMjWUXB4%2BpkWytoaLFfqXnwfY35YgZ%2FgOLTmoq0KLK5GTFeXpAOilxuwG7GNI1INpA1OsOW"}],"group":"cf-nel","max_age":604800}', 'NEL': '{"success_fraction":0,"report_to":"cf-nel","max_age":604800}', 'Server': 'cloudflare', 'CF-RAY': '88e1b28b7f4a13ce-ORD', 'alt-svc': 'h3=":443"; ma=86400'} 
 body={"results":[{"gender":"male","name":{"title":"Mr","first":"Nathaniel","last":"Henderson"},"location":{"street":{"number":4949,"name":"Cork Street"},"city":"Athlone","state":"South Dublin","country":"Ireland","postcode":63651,"coordinates":{"latitude":"1.4475","longitude":"-20.7966"},"timezone":{"offset":"-4:00","description":"Atlantic Time (Canada), Caracas, La Paz"}},"email":"nathaniel.henderson@example.com","login":{"uuid":"b64710c9-e044-4efe-9a61-cd43ef00c912","username":"happybutterfly785","password":"ninjas","salt":"4aqs6852","md5":"42b06b87ea536dddcec935282d38c229","sha1":"8475f490d5ca89d659611c93d9fddfd5c7115a35","sha256":"0f7e53fb990e5b53a352a12b2be4ae66cfa16cb3d16ec39076f5597e79b88eee"},"dob":{"date":"1991-06-03T07:40:51.560Z","age":33},"registered":{"date":"2008-03-25T19:35:42.575Z","age":16},"phone":"071-900-8511","cell":"081-373-3543","id":{"name":"PPS","value":"8046839T"},"picture":{"large":"https://randomuser.me/api/portraits/men/21.jpg","medium":"https://randomuser.me/api/portraits/med/men/21.jpg","thumbnail":"https://randomuser.me/api/portraits/thumb/men/21.jpg"},"nat":"IE"}],"info":{"seed":"f6000186a695aca3","results":1,"page":1,"version":"1.4"}} 
 </msg>
<msg time="2024-06-03T18:20:29.438999" level="INFO">/opt/hostedtoolcache/Python/3.12.3/x64/lib/python3.12/site-packages/urllib3/connectionpool.py:1103: InsecureRequestWarning: Unverified HTTPS request is being made to host 'randomuser.me'. Adding certificate verification is strongly advised. See: https://urllib3.readthedocs.io/en/latest/advanced-usage.html#tls-warnings
  warnings.warn(</msg>
<msg time="2024-06-03T18:20:29.439124" level="INFO">${response} = &lt;Response [200]&gt;</msg>
<var>${response}</var>
<arg>consultarAPI</arg>
<arg>/api</arg>
<doc>Sends a GET request on a previously created HTTP Session.</doc>
<status status="PASS" start="2024-06-03T18:20:29.348646" elapsed="0.090531"/>
</kw>
<kw name="Set Variable" owner="BuiltIn">
<msg time="2024-06-03T18:20:29.440318" level="INFO">${json_data} = {'results': [{'gender': 'male', 'name': {'title': 'Mr', 'first': 'Nathaniel', 'last': 'Henderson'}, 'location': {'street': {'number': 4949, 'name': 'Cork Street'}, 'city': 'Athlone', 'state': 'South D...</msg>
<var>${json_data}</var>
<arg>${response.json()}</arg>
<doc>Returns the given values which can then be assigned to a variables.</doc>
<status status="PASS" start="2024-06-03T18:20:29.439682" elapsed="0.000666"/>
</kw>
<kw name="Log" owner="BuiltIn">
<msg time="2024-06-03T18:20:29.440842" level="INFO">{'results': [{'gender': 'male', 'name': {'title': 'Mr', 'first': 'Nathaniel', 'last': 'Henderson'}, 'location': {'street': {'number': 4949, 'name': 'Cork Street'}, 'city': 'Athlone', 'state': 'South Dublin', 'country': 'Ireland', 'postcode': 63651, 'coordinates': {'latitude': '1.4475', 'longitude': '-20.7966'}, 'timezone': {'offset': '-4:00', 'description': 'Atlantic Time (Canada), Caracas, La Paz'}}, 'email': 'nathaniel.henderson@example.com', 'login': {'uuid': 'b64710c9-e044-4efe-9a61-cd43ef00c912', 'username': 'happybutterfly785', 'password': 'ninjas', 'salt': '4aqs6852', 'md5': '42b06b87ea536dddcec935282d38c229', 'sha1': '8475f490d5ca89d659611c93d9fddfd5c7115a35', 'sha256': '0f7e53fb990e5b53a352a12b2be4ae66cfa16cb3d16ec39076f5597e79b88eee'}, 'dob': {'date': '1991-06-03T07:40:51.560Z', 'age': 33}, 'registered': {'date': '2008-03-25T19:35:42.575Z', 'age': 16}, 'phone': '071-900-8511', 'cell': '081-373-3543', 'id': {'name': 'PPS', 'value': '8046839T'}, 'picture': {'large': 'https://randomuser.me/api/portraits/men/21.jpg', 'medium': 'https://randomuser.me/api/portraits/med/men/21.jpg', 'thumbnail': 'https://randomuser.me/api/portraits/thumb/men/21.jpg'}, 'nat': 'IE'}], 'info': {'seed': 'f6000186a695aca3', 'results': 1, 'page': 1, 'version': '1.4'}}</msg>
<arg>${json_data}</arg>
<doc>Logs the given message with the given level.</doc>
<status status="PASS" start="2024-06-03T18:20:29.440674" elapsed="0.000219"/>
</kw>
<kw name="Dictionary Should Contain Key" owner="Collections">
<msg time="2024-06-03T18:20:29.441419" level="INFO">False</msg>
<arg>${json_data}</arg>
<arg>results</arg>
<doc>Fails if ``key`` is not found from ``dictionary``.</doc>
<status status="PASS" start="2024-06-03T18:20:29.441207" elapsed="0.000253"/>
</kw>
<kw name="Should Not Be Empty" owner="BuiltIn">
<msg time="2024-06-03T18:20:29.441924" level="INFO">Length is 2.</msg>
<arg>${json_data}</arg>
<doc>Verifies that the given item is not empty.</doc>
<status status="PASS" start="2024-06-03T18:20:29.441780" elapsed="0.000185"/>
</kw>
<kw name="Create List" owner="BuiltIn">
<msg time="2024-06-03T18:20:29.442434" level="INFO">${expected_keys} = ['gender', 'name', 'location', 'email', 'login']</msg>
<var>${expected_keys}</var>
<arg>gender</arg>
<arg>name</arg>
<arg>location</arg>
<arg>email</arg>
<arg>login</arg>
<doc>Returns a list containing given items.</doc>
<status status="PASS" start="2024-06-03T18:20:29.442275" elapsed="0.000185"/>
</kw>
<for flavor="IN">
<iter>
<kw name="Dictionary Should Contain Key" owner="Collections">
<msg time="2024-06-03T18:20:29.443506" level="INFO">False</msg>
<arg>${json_data['results'][0]}</arg>
<arg>${key}</arg>
<doc>Fails if ``key`` is not found from ``dictionary``.</doc>
<status status="PASS" start="2024-06-03T18:20:29.443069" elapsed="0.000484"/>
</kw>
<kw name="Log" owner="BuiltIn">
<msg time="2024-06-03T18:20:29.444272" level="INFO">{'gender': 'male', 'name': {'title': 'Mr', 'first': 'Nathaniel', 'last': 'Henderson'}, 'location': {'street': {'number': 4949, 'name': 'Cork Street'}, 'city': 'Athlone', 'state': 'South Dublin', 'country': 'Ireland', 'postcode': 63651, 'coordinates': {'latitude': '1.4475', 'longitude': '-20.7966'}, 'timezone': {'offset': '-4:00', 'description': 'Atlantic Time (Canada), Caracas, La Paz'}}, 'email': 'nathaniel.henderson@example.com', 'login': {'uuid': 'b64710c9-e044-4efe-9a61-cd43ef00c912', 'username': 'happybutterfly785', 'password': 'ninjas', 'salt': '4aqs6852', 'md5': '42b06b87ea536dddcec935282d38c229', 'sha1': '8475f490d5ca89d659611c93d9fddfd5c7115a35', 'sha256': '0f7e53fb990e5b53a352a12b2be4ae66cfa16cb3d16ec39076f5597e79b88eee'}, 'dob': {'date': '1991-06-03T07:40:51.560Z', 'age': 33}, 'registered': {'date': '2008-03-25T19:35:42.575Z', 'age': 16}, 'phone': '071-900-8511', 'cell': '081-373-3543', 'id': {'name': 'PPS', 'value': '8046839T'}, 'picture': {'large': 'https://randomuser.me/api/portraits/men/21.jpg', 'medium': 'https://randomuser.me/api/portraits/med/men/21.jpg', 'thumbnail': 'https://randomuser.me/api/portraits/thumb/men/21.jpg'}, 'nat': 'IE'}</msg>
<arg>${json_data['results'][0]}</arg>
<doc>Logs the given message with the given level.</doc>
<status status="PASS" start="2024-06-03T18:20:29.443878" elapsed="0.000447"/>
</kw>
<kw name="Log" owner="BuiltIn">
<msg time="2024-06-03T18:20:29.444783" level="INFO">gender</msg>
<arg>${key}</arg>
<doc>Logs the given message with the given level.</doc>
<status status="PASS" start="2024-06-03T18:20:29.444644" elapsed="0.000179"/>
</kw>
<var name="${key}">gender</var>
<status status="PASS" start="2024-06-03T18:20:29.442935" elapsed="0.002115"/>
</iter>
<iter>
<kw name="Dictionary Should Contain Key" owner="Collections">
<msg time="2024-06-03T18:20:29.445819" level="INFO">False</msg>
<arg>${json_data['results'][0]}</arg>
<arg>${key}</arg>
<doc>Fails if ``key`` is not found from ``dictionary``.</doc>
<status status="PASS" start="2024-06-03T18:20:29.445407" elapsed="0.000452"/>
</kw>
<kw name="Log" owner="BuiltIn">
<msg time="2024-06-03T18:20:29.446607" level="INFO">{'gender': 'male', 'name': {'title': 'Mr', 'first': 'Nathaniel', 'last': 'Henderson'}, 'location': {'street': {'number': 4949, 'name': 'Cork Street'}, 'city': 'Athlone', 'state': 'South Dublin', 'country': 'Ireland', 'postcode': 63651, 'coordinates': {'latitude': '1.4475', 'longitude': '-20.7966'}, 'timezone': {'offset': '-4:00', 'description': 'Atlantic Time (Canada), Caracas, La Paz'}}, 'email': 'nathaniel.henderson@example.com', 'login': {'uuid': 'b64710c9-e044-4efe-9a61-cd43ef00c912', 'username': 'happybutterfly785', 'password': 'ninjas', 'salt': '4aqs6852', 'md5': '42b06b87ea536dddcec935282d38c229', 'sha1': '8475f490d5ca89d659611c93d9fddfd5c7115a35', 'sha256': '0f7e53fb990e5b53a352a12b2be4ae66cfa16cb3d16ec39076f5597e79b88eee'}, 'dob': {'date': '1991-06-03T07:40:51.560Z', 'age': 33}, 'registered': {'date': '2008-03-25T19:35:42.575Z', 'age': 16}, 'phone': '071-900-8511', 'cell': '081-373-3543', 'id': {'name': 'PPS', 'value': '8046839T'}, 'picture': {'large': 'https://randomuser.me/api/portraits/men/21.jpg', 'medium': 'https://randomuser.me/api/portraits/med/men/21.jpg', 'thumbnail': 'https://randomuser.me/api/portraits/thumb/men/21.jpg'}, 'nat': 'IE'}</msg>
<arg>${json_data['results'][0]}</arg>
<doc>Logs the given message with the given level.</doc>
<status status="PASS" start="2024-06-03T18:20:29.446205" elapsed="0.000462"/>
</kw>
<kw name="Log" owner="BuiltIn">
<msg time="2024-06-03T18:20:29.447117" level="INFO">name</msg>
<arg>${key}</arg>
<doc>Logs the given message with the given level.</doc>
<status status="PASS" start="2024-06-03T18:20:29.446982" elapsed="0.000174"/>
</kw>
<var name="${key}">name</var>
<status status="PASS" start="2024-06-03T18:20:29.445279" elapsed="0.002106"/>
</iter>
<iter>
<kw name="Dictionary Should Contain Key" owner="Collections">
<msg time="2024-06-03T18:20:29.448089" level="INFO">False</msg>
<arg>${json_data['results'][0]}</arg>
<arg>${key}</arg>
<doc>Fails if ``key`` is not found from ``dictionary``.</doc>
<status status="PASS" start="2024-06-03T18:20:29.447691" elapsed="0.000438"/>
</kw>
<kw name="Log" owner="BuiltIn">
<msg time="2024-06-03T18:20:29.448831" level="INFO">{'gender': 'male', 'name': {'title': 'Mr', 'first': 'Nathaniel', 'last': 'Henderson'}, 'location': {'street': {'number': 4949, 'name': 'Cork Street'}, 'city': 'Athlone', 'state': 'South Dublin', 'country': 'Ireland', 'postcode': 63651, 'coordinates': {'latitude': '1.4475', 'longitude': '-20.7966'}, 'timezone': {'offset': '-4:00', 'description': 'Atlantic Time (Canada), Caracas, La Paz'}}, 'email': 'nathaniel.henderson@example.com', 'login': {'uuid': 'b64710c9-e044-4efe-9a61-cd43ef00c912', 'username': 'happybutterfly785', 'password': 'ninjas', 'salt': '4aqs6852', 'md5': '42b06b87ea536dddcec935282d38c229', 'sha1': '8475f490d5ca89d659611c93d9fddfd5c7115a35', 'sha256': '0f7e53fb990e5b53a352a12b2be4ae66cfa16cb3d16ec39076f5597e79b88eee'}, 'dob': {'date': '1991-06-03T07:40:51.560Z', 'age': 33}, 'registered': {'date': '2008-03-25T19:35:42.575Z', 'age': 16}, 'phone': '071-900-8511', 'cell': '081-373-3543', 'id': {'name': 'PPS', 'value': '8046839T'}, 'picture': {'large': 'https://randomuser.me/api/portraits/men/21.jpg', 'medium': 'https://randomuser.me/api/portraits/med/men/21.jpg', 'thumbnail': 'https://randomuser.me/api/portraits/thumb/men/21.jpg'}, 'nat': 'IE'}</msg>
<arg>${json_data['results'][0]}</arg>
<doc>Logs the given message with the given level.</doc>
<status status="PASS" start="2024-06-03T18:20:29.448444" elapsed="0.000437"/>
</kw>
<kw name="Log" owner="BuiltIn">
<msg time="2024-06-03T18:20:29.449373" level="INFO">location</msg>
<arg>${key}</arg>
<doc>Logs the given message with the given level.</doc>
<status status="PASS" start="2024-06-03T18:20:29.449199" elapsed="0.000214"/>
</kw>
<var name="${key}">location</var>
<status status="PASS" start="2024-06-03T18:20:29.447573" elapsed="0.002074"/>
</iter>
<iter>
<kw name="Dictionary Should Contain Key" owner="Collections">
<msg time="2024-06-03T18:20:29.450466" level="INFO">False</msg>
<arg>${json_data['results'][0]}</arg>
<arg>${key}</arg>
<doc>Fails if ``key`` is not found from ``dictionary``.</doc>
<status status="PASS" start="2024-06-03T18:20:29.449949" elapsed="0.000559"/>
</kw>
<kw name="Log" owner="BuiltIn">
<msg time="2024-06-03T18:20:29.451202" level="INFO">{'gender': 'male', 'name': {'title': 'Mr', 'first': 'Nathaniel', 'last': 'Henderson'}, 'location': {'street': {'number': 4949, 'name': 'Cork Street'}, 'city': 'Athlone', 'state': 'South Dublin', 'country': 'Ireland', 'postcode': 63651, 'coordinates': {'latitude': '1.4475', 'longitude': '-20.7966'}, 'timezone': {'offset': '-4:00', 'description': 'Atlantic Time (Canada), Caracas, La Paz'}}, 'email': 'nathaniel.henderson@example.com', 'login': {'uuid': 'b64710c9-e044-4efe-9a61-cd43ef00c912', 'username': 'happybutterfly785', 'password': 'ninjas', 'salt': '4aqs6852', 'md5': '42b06b87ea536dddcec935282d38c229', 'sha1': '8475f490d5ca89d659611c93d9fddfd5c7115a35', 'sha256': '0f7e53fb990e5b53a352a12b2be4ae66cfa16cb3d16ec39076f5597e79b88eee'}, 'dob': {'date': '1991-06-03T07:40:51.560Z', 'age': 33}, 'registered': {'date': '2008-03-25T19:35:42.575Z', 'age': 16}, 'phone': '071-900-8511', 'cell': '081-373-3543', 'id': {'name': 'PPS', 'value': '8046839T'}, 'picture': {'large': 'https://randomuser.me/api/portraits/men/21.jpg', 'medium': 'https://randomuser.me/api/portraits/med/men/21.jpg', 'thumbnail': 'https://randomuser.me/api/portraits/thumb/men/21.jpg'}, 'nat': 'IE'}</msg>
<arg>${json_data['results'][0]}</arg>
<doc>Logs the given message with the given level.</doc>
<status status="PASS" start="2024-06-03T18:20:29.450822" elapsed="0.000432"/>
</kw>
<kw name="Log" owner="BuiltIn">
<msg time="2024-06-03T18:20:29.451697" level="INFO">email</msg>
<arg>${key}</arg>
<doc>Logs the given message with the given level.</doc>
<status status="PASS" start="2024-06-03T18:20:29.451562" elapsed="0.000175"/>
</kw>
<var name="${key}">email</var>
<status status="PASS" start="2024-06-03T18:20:29.449830" elapsed="0.002132"/>
</iter>
<iter>
<kw name="Dictionary Should Contain Key" owner="Collections">
<msg time="2024-06-03T18:20:29.452672" level="INFO">False</msg>
<arg>${json_data['results'][0]}</arg>
<arg>${key}</arg>
<doc>Fails if ``key`` is not found from ``dictionary``.</doc>
<status status="PASS" start="2024-06-03T18:20:29.452266" elapsed="0.000446"/>
</kw>
<kw name="Log" owner="BuiltIn">
<msg time="2024-06-03T18:20:29.453444" level="INFO">{'gender': 'male', 'name': {'title': 'Mr', 'first': 'Nathaniel', 'last': 'Henderson'}, 'location': {'street': {'number': 4949, 'name': 'Cork Street'}, 'city': 'Athlone', 'state': 'South Dublin', 'country': 'Ireland', 'postcode': 63651, 'coordinates': {'latitude': '1.4475', 'longitude': '-20.7966'}, 'timezone': {'offset': '-4:00', 'description': 'Atlantic Time (Canada), Caracas, La Paz'}}, 'email': 'nathaniel.henderson@example.com', 'login': {'uuid': 'b64710c9-e044-4efe-9a61-cd43ef00c912', 'username': 'happybutterfly785', 'password': 'ninjas', 'salt': '4aqs6852', 'md5': '42b06b87ea536dddcec935282d38c229', 'sha1': '8475f490d5ca89d659611c93d9fddfd5c7115a35', 'sha256': '0f7e53fb990e5b53a352a12b2be4ae66cfa16cb3d16ec39076f5597e79b88eee'}, 'dob': {'date': '1991-06-03T07:40:51.560Z', 'age': 33}, 'registered': {'date': '2008-03-25T19:35:42.575Z', 'age': 16}, 'phone': '071-900-8511', 'cell': '081-373-3543', 'id': {'name': 'PPS', 'value': '8046839T'}, 'picture': {'large': 'https://randomuser.me/api/portraits/men/21.jpg', 'medium': 'https://randomuser.me/api/portraits/med/men/21.jpg', 'thumbnail': 'https://randomuser.me/api/portraits/thumb/men/21.jpg'}, 'nat': 'IE'}</msg>
<arg>${json_data['results'][0]}</arg>
<doc>Logs the given message with the given level.</doc>
<status status="PASS" start="2024-06-03T18:20:29.453024" elapsed="0.000481"/>
</kw>
<kw name="Log" owner="BuiltIn">
<msg time="2024-06-03T18:20:29.453953" level="INFO">login</msg>
<arg>${key}</arg>
<doc>Logs the given message with the given level.</doc>
<status status="PASS" start="2024-06-03T18:20:29.453817" elapsed="0.000176"/>
</kw>
<var name="${key}">login</var>
<status status="PASS" start="2024-06-03T18:20:29.452148" elapsed="0.002098"/>
</iter>
<var>${key}</var>
<value>@{expected_keys}</value>
<status status="PASS" start="2024-06-03T18:20:29.442734" elapsed="0.011647"/>
</for>
<kw name="Create List" owner="BuiltIn">
<msg time="2024-06-03T18:20:29.454733" level="INFO">${expected_keysTwo} = ['username', 'password']</msg>
<var>${expected_keysTwo}</var>
<arg>username</arg>
<arg>password</arg>
<doc>Returns a list containing given items.</doc>
<status status="PASS" start="2024-06-03T18:20:29.454586" elapsed="0.000172"/>
</kw>
<for flavor="IN">
<iter>
<kw name="Dictionary Should Contain Key" owner="Collections">
<msg time="2024-06-03T18:20:29.455699" level="INFO">False</msg>
<arg>${json_data['results'][0]['login']}</arg>
<arg>${keyTwo}</arg>
<doc>Fails if ``key`` is not found from ``dictionary``.</doc>
<status status="PASS" start="2024-06-03T18:20:29.455283" elapsed="0.000455"/>
</kw>
<kw name="Dictionary Should Contain Key" owner="Collections">
<msg time="2024-06-03T18:20:29.456442" level="INFO">False</msg>
<arg>${json_data['results'][0]['login']}</arg>
<arg>${keyTwo}</arg>
<doc>Fails if ``key`` is not found from ``dictionary``.</doc>
<status status="PASS" start="2024-06-03T18:20:29.456046" elapsed="0.000435"/>
</kw>
<kw name="Log" owner="BuiltIn">
<msg time="2024-06-03T18:20:29.456923" level="INFO">username</msg>
<arg>${keyTwo}</arg>
<doc>Logs the given message with the given level.</doc>
<status status="PASS" start="2024-06-03T18:20:29.456786" elapsed="0.000177"/>
</kw>
<var name="${keyTwo}">username</var>
<status status="PASS" start="2024-06-03T18:20:29.455167" elapsed="0.002019"/>
</iter>
<iter>
<kw name="Dictionary Should Contain Key" owner="Collections">
<msg time="2024-06-03T18:20:29.457930" level="INFO">False</msg>
<arg>${json_data['results'][0]['login']}</arg>
<arg>${keyTwo}</arg>
<doc>Fails if ``key`` is not found from ``dictionary``.</doc>
<status status="PASS" start="2024-06-03T18:20:29.457522" elapsed="0.000447"/>
</kw>
<kw name="Dictionary Should Contain Key" owner="Collections">
<msg time="2024-06-03T18:20:29.458676" level="INFO">False</msg>
<arg>${json_data['results'][0]['login']}</arg>
<arg>${keyTwo}</arg>
<doc>Fails if ``key`` is not found from ``dictionary``.</doc>
<status status="PASS" start="2024-06-03T18:20:29.458276" elapsed="0.000439"/>
</kw>
<kw name="Log" owner="BuiltIn">
<msg time="2024-06-03T18:20:29.459151" level="INFO">password</msg>
<arg>${keyTwo}</arg>
<doc>Logs the given message with the given level.</doc>
<status status="PASS" start="2024-06-03T18:20:29.459019" elapsed="0.000172"/>
</kw>
<var name="${keyTwo}">password</var>
<status status="PASS" start="2024-06-03T18:20:29.457404" elapsed="0.002008"/>
</iter>
<var>${keyTwo}</var>
<value>@{expected_keysTwo}</value>
<status status="PASS" start="2024-06-03T18:20:29.455007" elapsed="0.004537"/>
</for>
<status status="PASS" start="2024-06-03T18:20:29.348389" elapsed="0.111301"/>
</kw>
<doc>Testa a estrutura da resposta da API.</doc>
<tag>testeEstruturaResposta</tag>
<status status="PASS" start="2024-06-03T18:20:29.347792" elapsed="0.112054"/>
</test>
<test id="s1-s1-t4" name="Validar tipos de dados" line="28">
<kw name="Teste de Tipos de Dados" owner="random-user-service">
<kw name="GET On Session" owner="RequestsLibrary">
<msg time="2024-06-03T18:20:29.539321" level="INFO">GET Request : url=https://randomuser.me/api 
 path_url=/api 
 headers={'User-Agent': 'python-requests/2.32.3', 'Accept-Encoding': 'gzip, deflate', 'Accept': '*/*', 'Connection': 'keep-alive'} 
 body=None 
 </msg>
<msg time="2024-06-03T18:20:29.539404" level="INFO">GET Response : url=https://randomuser.me/api 
 status=200, reason=OK 
 headers={'Date': 'Mon, 03 Jun 2024 18:20:29 GMT', 'Content-Type': 'application/json; charset=utf-8', 'Transfer-Encoding': 'chunked', 'Connection': 'keep-alive', 'X-Powered-By': 'Express', 'Access-Control-Allow-Origin': '*', 'Cache-Control': 'no-cache', 'ETag': 'W/"48a-cOWUJz3zu+9w1YopqUTZxRBUeLI"', 'Vary': 'Accept-Encoding', 'Content-Encoding': 'gzip', 'CF-Cache-Status': 'DYNAMIC', 'Report-To': '{"endpoints":[{"url":"https:\\/\\/a.nel.cloudflare.com\\/report\\/v4?s=MFqvZBPTVGSvDQlk9S%2BO3NYApdr1h1e0hkzA6TelOiq3rhCjVxe1X2eah1taO09%2BJiS1b23V6Eisyrj23Ih47W2xrXMZsd8Eplm47D1fk9%2F8HMMNWGx%2BXoY4u%2FYX4A9V"}],"group":"cf-nel","max_age":604800}', 'NEL': '{"success_fraction":0,"report_to":"cf-nel","max_age":604800}', 'Server': 'cloudflare', 'CF-RAY': '88e1b28c285313ce-ORD', 'alt-svc': 'h3=":443"; ma=86400'} 
 body={"results":[{"gender":"female","name":{"title":"Mrs","first":"Ludwina","last":"Kluitenberg"},"location":{"street":{"number":3003,"name":"Bremwei"},"city":"Stevensweert","state":"Friesland","country":"Netherlands","postcode":"3995 KU","coordinates":{"latitude":"35.5733","longitude":"155.2990"},"timezone":{"offset":"+4:30","description":"Kabul"}},"email":"ludwina.kluitenberg@example.com","login":{"uuid":"969a43c3-feef-4495-bc97-55c76141dcec","username":"heavygoose389","password":"met2002","salt":"460qLxpY","md5":"abc743cf93e5b54dab2d54db197e4b87","sha1":"4df7af80ee049ec587c03849a6044673b665cd21","sha256":"34f362d2b8c8f015cb22f18d705d66984c8ec8d3783eabf0f36509b33507b141"},"dob":{"date":"1989-01-20T03:09:41.596Z","age":35},"registered":{"date":"2011-02-01T05:51:08.277Z","age":13},"phone":"(0134) 720646","cell":"(06) 23534053","id":{"name":"BSN","value":"40152474"},"picture":{"large":"https://randomuser.me/api/portraits/women/42.jpg","medium":"https://randomuser.me/api/portraits/med/women/42.jpg","thumbnail":"https://randomuser.me/api/portraits/thumb/women/42.jpg"},"nat":"NL"}],"info":{"seed":"368d91e040216a07","results":1,"page":1,"version":"1.4"}} 
 </msg>
<msg time="2024-06-03T18:20:29.539477" level="INFO">/opt/hostedtoolcache/Python/3.12.3/x64/lib/python3.12/site-packages/urllib3/connectionpool.py:1103: InsecureRequestWarning: Unverified HTTPS request is being made to host 'randomuser.me'. Adding certificate verification is strongly advised. See: https://urllib3.readthedocs.io/en/latest/advanced-usage.html#tls-warnings
  warnings.warn(</msg>
<msg time="2024-06-03T18:20:29.539565" level="INFO">${response} = &lt;Response [200]&gt;</msg>
<var>${response}</var>
<arg>consultarAPI</arg>
<arg>/api</arg>
<doc>Sends a GET request on a previously created HTTP Session.</doc>
<status status="PASS" start="2024-06-03T18:20:29.462523" elapsed="0.077083"/>
</kw>
<kw name="Set Variable" owner="BuiltIn">
<msg time="2024-06-03T18:20:29.540716" level="INFO">${json_data} = {'results': [{'gender': 'female', 'name': {'title': 'Mrs', 'first': 'Ludwina', 'last': 'Kluitenberg'}, 'location': {'street': {'number': 3003, 'name': 'Bremwei'}, 'city': 'Stevensweert', 'state': 'Fri...</msg>
<var>${json_data}</var>
<arg>${response.json()}</arg>
<doc>Returns the given values which can then be assigned to a variables.</doc>
<status status="PASS" start="2024-06-03T18:20:29.540090" elapsed="0.000655"/>
</kw>
<kw name="Log" owner="BuiltIn">
<msg time="2024-06-03T18:20:29.541249" level="INFO">{'results': [{'gender': 'female', 'name': {'title': 'Mrs', 'first': 'Ludwina', 'last': 'Kluitenberg'}, 'location': {'street': {'number': 3003, 'name': 'Bremwei'}, 'city': 'Stevensweert', 'state': 'Friesland', 'country': 'Netherlands', 'postcode': '3995 KU', 'coordinates': {'latitude': '35.5733', 'longitude': '155.2990'}, 'timezone': {'offset': '+4:30', 'description': 'Kabul'}}, 'email': 'ludwina.kluitenberg@example.com', 'login': {'uuid': '969a43c3-feef-4495-bc97-55c76141dcec', 'username': 'heavygoose389', 'password': 'met2002', 'salt': '460qLxpY', 'md5': 'abc743cf93e5b54dab2d54db197e4b87', 'sha1': '4df7af80ee049ec587c03849a6044673b665cd21', 'sha256': '34f362d2b8c8f015cb22f18d705d66984c8ec8d3783eabf0f36509b33507b141'}, 'dob': {'date': '1989-01-20T03:09:41.596Z', 'age': 35}, 'registered': {'date': '2011-02-01T05:51:08.277Z', 'age': 13}, 'phone': '(0134) 720646', 'cell': '(06) 23534053', 'id': {'name': 'BSN', 'value': '40152474'}, 'picture': {'large': 'https://randomuser.me/api/portraits/women/42.jpg', 'medium': 'https://randomuser.me/api/portraits/med/women/42.jpg', 'thumbnail': 'https://randomuser.me/api/portraits/thumb/women/42.jpg'}, 'nat': 'NL'}], 'info': {'seed': '368d91e040216a07', 'results': 1, 'page': 1, 'version': '1.4'}}</msg>
<arg>${json_data}</arg>
<doc>Logs the given message with the given level.</doc>
<status status="PASS" start="2024-06-03T18:20:29.541061" elapsed="0.000283"/>
</kw>
<kw name="Should Be String" owner="String">
<arg>${json_data['results'][0]['gender']}</arg>
<doc>Fails if the given ``item`` is not a string.</doc>
<status status="PASS" start="2024-06-03T18:20:29.541655" elapsed="0.000373"/>
</kw>
<kw name="Should Match Regexp" owner="BuiltIn">
<arg>${json_data['results'][0]['email']}</arg>
<arg>^[a-zA-Z0-9._%+-]+@[a-zA-Z0-9.-]+\.[a-zA-Z]{2,}$</arg>
<doc>Fails if ``string`` does not match ``pattern`` as a regular expression.</doc>
<status status="PASS" start="2024-06-03T18:20:29.542225" elapsed="0.000635"/>
</kw>
<kw name="Should Match Regexp" owner="BuiltIn">
<arg>${json_data['results'][0]['dob']['date']}</arg>
<arg>\\d{4}-\\d{2}-\\d{2}T\\d{2}:\\d{2}:\\d{2}\\.\\d{3}Z</arg>
<doc>Fails if ``string`` does not match ``pattern`` as a regular expression.</doc>
<status status="PASS" start="2024-06-03T18:20:29.543064" elapsed="0.000497"/>
</kw>
<kw name="Should Match Regexp" owner="BuiltIn">
<arg>${json_data['results'][0]['registered']['date']}</arg>
<arg>\\d{4}-\\d{2}-\\d{2}T\\d{2}:\\d{2}:\\d{2}\\.\\d{3}Z</arg>
<doc>Fails if ``string`` does not match ``pattern`` as a regular expression.</doc>
<status status="PASS" start="2024-06-03T18:20:29.543755" elapsed="0.000387"/>
</kw>
<kw name="Should Match Regexp" owner="BuiltIn">
<arg>${json_data['results'][0]['picture']['large']}</arg>
<arg>^https?://.*\.(?:png|jpe?g|gif|bmp)$</arg>
<doc>Fails if ``string`` does not match ``pattern`` as a regular expression.</doc>
<status status="PASS" start="2024-06-03T18:20:29.544334" elapsed="0.000482"/>
</kw>
<kw name="Should Match Regexp" owner="BuiltIn">
<arg>${json_data['results'][0]['picture']['medium']}</arg>
<arg>^https?://.*\.(?:png|jpe?g|gif|bmp)$</arg>
<doc>Fails if ``string`` does not match ``pattern`` as a regular expression.</doc>
<status status="PASS" start="2024-06-03T18:20:29.545009" elapsed="0.000393"/>
</kw>
<kw name="Should Match Regexp" owner="BuiltIn">
<arg>${json_data['results'][0]['picture']['thumbnail']}</arg>
<arg>^https?://.*\.(?:png|jpe?g|gif|bmp)$</arg>
<doc>Fails if ``string`` does not match ``pattern`` as a regular expression.</doc>
<status status="PASS" start="2024-06-03T18:20:29.545599" elapsed="0.000360"/>
</kw>
<kw name="Log" owner="BuiltIn">
<msg time="2024-06-03T18:20:29.546470" level="INFO">{'large': 'https://randomuser.me/api/portraits/women/42.jpg', 'medium': 'https://randomuser.me/api/portraits/med/women/42.jpg', 'thumbnail': 'https://randomuser.me/api/portraits/thumb/women/42.jpg'}</msg>
<arg>${json_data['results'][0]['picture']}</arg>
<doc>Logs the given message with the given level.</doc>
<status status="PASS" start="2024-06-03T18:20:29.546145" elapsed="0.000368"/>
</kw>
<status status="PASS" start="2024-06-03T18:20:29.462272" elapsed="0.084495"/>
</kw>
<kw name="Teste de Tipos de Dados - Postcode" owner="random-user-service">
<kw name="GET On Session" owner="RequestsLibrary">
<msg time="2024-06-03T18:20:29.639477" level="INFO">GET Request : url=https://randomuser.me/api 
 path_url=/api 
 headers={'User-Agent': 'python-requests/2.32.3', 'Accept-Encoding': 'gzip, deflate', 'Accept': '*/*', 'Connection': 'keep-alive'} 
 body=None 
 </msg>
<msg time="2024-06-03T18:20:29.639560" level="INFO">GET Response : url=https://randomuser.me/api 
 status=200, reason=OK 
 headers={'Date': 'Mon, 03 Jun 2024 18:20:29 GMT', 'Content-Type': 'application/json; charset=utf-8', 'Transfer-Encoding': 'chunked', 'Connection': 'keep-alive', 'X-Powered-By': 'Express', 'Access-Control-Allow-Origin': '*', 'Cache-Control': 'no-cache', 'ETag': 'W/"48d-zUC1DQum+gBMpPhzv7vHew9AcRg"', 'Vary': 'Accept-Encoding', 'Content-Encoding': 'gzip', 'CF-Cache-Status': 'DYNAMIC', 'Report-To': '{"endpoints":[{"url":"https:\\/\\/a.nel.cloudflare.com\\/report\\/v4?s=b3FpYuHEkwlkQiu0HZAJZz7E1%2BlFnyVYefIedTerDMalxuEEV2rIOeKx6y4eAioDCFOBVWBymkwyQYofhbsoQQOL1EN06SWqCusUMS6UY7vM2EQz2SZHMjPScIJs6p%2FE"}],"group":"cf-nel","max_age":604800}', 'NEL': '{"success_fraction":0,"report_to":"cf-nel","max_age":604800}', 'Server': 'cloudflare', 'CF-RAY': '88e1b28cb93513ce-ORD', 'alt-svc': 'h3=":443"; ma=86400'} 
 body={"results":[{"gender":"male","name":{"title":"Mr","first":"Gualter","last":"Gonçalves"},"location":{"street":{"number":6108,"name":"Avenida Vinícius de Morais"},"city":"Arapongas","state":"Alagoas","country":"Brazil","postcode":56167,"coordinates":{"latitude":"-75.0332","longitude":"-103.4624"},"timezone":{"offset":"+5:45","description":"Kathmandu"}},"email":"gualter.goncalves@example.com","login":{"uuid":"77b91008-9dfc-46bb-99a2-a12a4fe41a9a","username":"redcat666","password":"mmmmmm","salt":"L20WASSZ","md5":"bdf0e2d7540531e6ea98aef5c4097d83","sha1":"529002eb8304d06891130b0e4ca6763a0b215e05","sha256":"c10af39e572b8ca3547091025e0fe6018215eeba7b7b57593a4bd7ae91184707"},"dob":{"date":"1948-11-08T22:00:41.299Z","age":75},"registered":{"date":"2005-10-13T22:58:59.535Z","age":18},"phone":"(29) 9206-5683","cell":"(05) 8091-9678","id":{"name":"CPF","value":"120.198.505-37"},"picture":{"large":"https://randomuser.me/api/portraits/men/68.jpg","medium":"https://randomuser.me/api/portraits/med/men/68.jpg","thumbnail":"https://randomuser.me/api/portraits/thumb/men/68.jpg"},"nat":"BR"}],"info":{"seed":"db75afb61d0c0461","results":1,"page":1,"version":"1.4"}} 
 </msg>
<msg time="2024-06-03T18:20:29.639641" level="INFO">/opt/hostedtoolcache/Python/3.12.3/x64/lib/python3.12/site-packages/urllib3/connectionpool.py:1103: InsecureRequestWarning: Unverified HTTPS request is being made to host 'randomuser.me'. Adding certificate verification is strongly advised. See: https://urllib3.readthedocs.io/en/latest/advanced-usage.html#tls-warnings
  warnings.warn(</msg>
<msg time="2024-06-03T18:20:29.639730" level="INFO">${response} = &lt;Response [200]&gt;</msg>
<var>${response}</var>
<arg>consultarAPI</arg>
<arg>/api</arg>
<doc>Sends a GET request on a previously created HTTP Session.</doc>
<status status="PASS" start="2024-06-03T18:20:29.547199" elapsed="0.092572"/>
</kw>
<kw name="Set Variable" owner="BuiltIn">
<msg time="2024-06-03T18:20:29.640892" level="INFO">${json_data} = {'results': [{'gender': 'male', 'name': {'title': 'Mr', 'first': 'Gualter', 'last': 'Gonçalves'}, 'location': {'street': {'number': 6108, 'name': 'Avenida Vinícius de Morais'}, 'city': 'Arapongas', 's...</msg>
<var>${json_data}</var>
<arg>${response.json()}</arg>
<doc>Returns the given values which can then be assigned to a variables.</doc>
<status status="PASS" start="2024-06-03T18:20:29.640259" elapsed="0.000663"/>
</kw>
<kw name="Log" owner="BuiltIn">
<msg time="2024-06-03T18:20:29.641441" level="INFO">{'results': [{'gender': 'male', 'name': {'title': 'Mr', 'first': 'Gualter', 'last': 'Gonçalves'}, 'location': {'street': {'number': 6108, 'name': 'Avenida Vinícius de Morais'}, 'city': 'Arapongas', 'state': 'Alagoas', 'country': 'Brazil', 'postcode': 56167, 'coordinates': {'latitude': '-75.0332', 'longitude': '-103.4624'}, 'timezone': {'offset': '+5:45', 'description': 'Kathmandu'}}, 'email': 'gualter.goncalves@example.com', 'login': {'uuid': '77b91008-9dfc-46bb-99a2-a12a4fe41a9a', 'username': 'redcat666', 'password': 'mmmmmm', 'salt': 'L20WASSZ', 'md5': 'bdf0e2d7540531e6ea98aef5c4097d83', 'sha1': '529002eb8304d06891130b0e4ca6763a0b215e05', 'sha256': 'c10af39e572b8ca3547091025e0fe6018215eeba7b7b57593a4bd7ae91184707'}, 'dob': {'date': '1948-11-08T22:00:41.299Z', 'age': 75}, 'registered': {'date': '2005-10-13T22:58:59.535Z', 'age': 18}, 'phone': '(29) 9206-5683', 'cell': '(05) 8091-9678', 'id': {'name': 'CPF', 'value': '120.198.505-37'}, 'picture': {'large': 'https://randomuser.me/api/portraits/men/68.jpg', 'medium': 'https://randomuser.me/api/portraits/med/men/68.jpg', 'thumbnail': 'https://randomuser.me/api/portraits/thumb/men/68.jpg'}, 'nat': 'BR'}], 'info': {'seed': 'db75afb61d0c0461', 'results': 1, 'page': 1, 'version': '1.4'}}</msg>
<arg>${json_data}</arg>
<doc>Logs the given message with the given level.</doc>
<status status="PASS" start="2024-06-03T18:20:29.641268" elapsed="0.000253"/>
</kw>
<kw name="Should Be Equal As Numbers" owner="BuiltIn">
<arg>${json_data['results'][0]['location']['postcode']}</arg>
<arg>${json_data['results'][0]['location']['postcode']}</arg>
<doc>Fails if objects are unequal after converting them to real numbers.</doc>
<status status="PASS" start="2024-06-03T18:20:29.641833" elapsed="0.000622"/>
</kw>
<kw name="Log" owner="BuiltIn">
<msg time="2024-06-03T18:20:29.643001" level="INFO">56167</msg>
<arg>${json_data['results'][0]['location']['postcode']}</arg>
<doc>Logs the given message with the given level.</doc>
<status status="PASS" start="2024-06-03T18:20:29.642649" elapsed="0.000396"/>
</kw>
<status status="PASS" start="2024-06-03T18:20:29.546979" elapsed="0.096332"/>
</kw>
<doc>Testa se os tipos de dados na resposta da API estão corretos.</doc>
<tag>testeTiposDados</tag>
<status status="PASS" start="2024-06-03T18:20:29.461696" elapsed="0.181785"/>
</test>
<test id="s1-s1-t5" name="Validar conteudo" line="35">
<kw name="Teste de Tipos de Conteudo" owner="random-user-service">
<kw name="GET On Session" owner="RequestsLibrary">
<msg time="2024-06-03T18:20:29.758522" level="INFO">GET Request : url=https://randomuser.me/api 
 path_url=/api 
 headers={'User-Agent': 'python-requests/2.32.3', 'Accept-Encoding': 'gzip, deflate', 'Accept': '*/*', 'Connection': 'keep-alive'} 
 body=None 
 </msg>
<msg time="2024-06-03T18:20:29.758585" level="INFO">GET Response : url=https://randomuser.me/api 
 status=200, reason=OK 
 headers={'Date': 'Mon, 03 Jun 2024 18:20:29 GMT', 'Content-Type': 'application/json; charset=utf-8', 'Transfer-Encoding': 'chunked', 'Connection': 'keep-alive', 'X-Powered-By': 'Express', 'Access-Control-Allow-Origin': '*', 'Cache-Control': 'no-cache', 'ETag': 'W/"481-aUvcbLLVBnXsdypuO/TlffAQVDw"', 'Vary': 'Accept-Encoding', 'Content-Encoding': 'gzip', 'CF-Cache-Status': 'DYNAMIC', 'Report-To': '{"endpoints":[{"url":"https:\\/\\/a.nel.cloudflare.com\\/report\\/v4?s=q%2BTRdrwfOZgpJgPYQtTUX1mhjT6APs9RRygj50qx%2FJfxO8mj5fgGetPAblSCwFm%2BwLP57ZbabSQGVlWRLHai%2B8mCveFsR44e8F5UMnzWAHyQKbhcgOT%2B0epg82mblGvr"}],"group":"cf-nel","max_age":604800}', 'NEL': '{"success_fraction":0,"report_to":"cf-nel","max_age":604800}', 'Server': 'cloudflare', 'CF-RAY': '88e1b28d5a5013ce-ORD', 'alt-svc': 'h3=":443"; ma=86400'} 
 body={"results":[{"gender":"female","name":{"title":"Miss","first":"Barbara","last":"Murphy"},"location":{"street":{"number":7828,"name":"Queen Street"},"city":"Leeds","state":"Suffolk","country":"United Kingdom","postcode":"EQ6 2AN","coordinates":{"latitude":"-11.4026","longitude":"103.2429"},"timezone":{"offset":"-9:00","description":"Alaska"}},"email":"barbara.murphy@example.com","login":{"uuid":"2a01ca6d-a892-40b9-81f6-5cbfce9bdfdd","username":"happyfrog827","password":"yong","salt":"HMkbUKHe","md5":"851c2874baab706355480e02e4a994f6","sha1":"640c2dd14a1cd22a2407fdc991e5663784f45222","sha256":"4d096c7dcc0f4b7e8461056d6e40ab8c3f8b0e28a08a9e089daba6e90f1a3d01"},"dob":{"date":"1986-05-27T00:54:49.834Z","age":38},"registered":{"date":"2022-03-03T12:08:08.418Z","age":2},"phone":"019467 34167","cell":"07964 805296","id":{"name":"NINO","value":"HS 33 69 17 S"},"picture":{"large":"https://randomuser.me/api/portraits/women/76.jpg","medium":"https://randomuser.me/api/portraits/med/women/76.jpg","thumbnail":"https://randomuser.me/api/portraits/thumb/women/76.jpg"},"nat":"GB"}],"info":{"seed":"03649a8f4285d9b2","results":1,"page":1,"version":"1.4"}} 
 </msg>
<msg time="2024-06-03T18:20:29.758642" level="INFO">/opt/hostedtoolcache/Python/3.12.3/x64/lib/python3.12/site-packages/urllib3/connectionpool.py:1103: InsecureRequestWarning: Unverified HTTPS request is being made to host 'randomuser.me'. Adding certificate verification is strongly advised. See: https://urllib3.readthedocs.io/en/latest/advanced-usage.html#tls-warnings
  warnings.warn(</msg>
<msg time="2024-06-03T18:20:29.758742" level="INFO">${response} = &lt;Response [200]&gt;</msg>
<var>${response}</var>
<arg>consultarAPI</arg>
<arg>/api</arg>
<doc>Sends a GET request on a previously created HTTP Session.</doc>
<status status="PASS" start="2024-06-03T18:20:29.646416" elapsed="0.112367"/>
</kw>
<kw name="Set Variable" owner="BuiltIn">
<msg time="2024-06-03T18:20:29.759872" level="INFO">${json_data} = {'results': [{'gender': 'female', 'name': {'title': 'Miss', 'first': 'Barbara', 'last': 'Murphy'}, 'location': {'street': {'number': 7828, 'name': 'Queen Street'}, 'city': 'Leeds', 'state': 'Suffolk',...</msg>
<var>${json_data}</var>
<arg>${response.json()}</arg>
<doc>Returns the given values which can then be assigned to a variables.</doc>
<status status="PASS" start="2024-06-03T18:20:29.759269" elapsed="0.000631"/>
</kw>
<kw name="Set Variable" owner="BuiltIn">
<msg time="2024-06-03T18:20:29.760586" level="INFO">${name_title} = Miss</msg>
<var>${name_title}</var>
<arg>${json_data["results"][0]["name"]["title"]}</arg>
<doc>Returns the given values which can then be assigned to a variables.</doc>
<status status="PASS" start="2024-06-03T18:20:29.760203" elapsed="0.000408"/>
</kw>
<kw name="Create List" owner="BuiltIn">
<msg time="2024-06-03T18:20:29.761054" level="INFO">${allowed_titles} = ['Mr', 'Ms', 'Miss', 'Mrs', 'Madame', 'Monsieur']</msg>
<var>${allowed_titles}</var>
<arg>Mr</arg>
<arg>Ms</arg>
<arg>Miss</arg>
<arg>Mrs</arg>
<arg>Madame</arg>
<arg>Monsieur</arg>
<doc>Returns a list containing given items.</doc>
<status status="PASS" start="2024-06-03T18:20:29.760906" elapsed="0.000172"/>
</kw>
<kw name="List Should Contain Value" owner="Collections">
<msg time="2024-06-03T18:20:29.761608" level="INFO">False</msg>
<arg>${allowed_titles}</arg>
<arg>${name_title}</arg>
<doc>Fails if the ``value`` is not found from ``list``.</doc>
<status status="PASS" start="2024-06-03T18:20:29.761424" elapsed="0.000228"/>
</kw>
<kw name="Set Variable" owner="BuiltIn">
<msg time="2024-06-03T18:20:29.762499" level="INFO">${name_country} = GB</msg>
<var>${name_country}</var>
<arg>${json_data["results"][0]["nat"]}</arg>
<doc>Returns the given values which can then be assigned to a variables.</doc>
<status status="PASS" start="2024-06-03T18:20:29.761959" elapsed="0.000567"/>
</kw>
<kw name="Create List" owner="BuiltIn">
<msg time="2024-06-03T18:20:29.763457" level="INFO">${list_country} = ['AD', 'AE', 'AF', 'AG', 'AI', 'AL', 'AM', 'AO', 'AQ', 'AR', 'AS', 'AT', 'AU', 'AW', 'AX', 'AZ', 'BA', 'BB', 'BD', 'BE', 'BF', 'BG', 'BH', 'BI', 'BJ', 'BL', 'BM', 'BN', 'BO', 'BQ', 'BR', 'BS', 'BT', '...</msg>
<var>${list_country}</var>
<arg>AD</arg>
<arg>AE</arg>
<arg>AF</arg>
<arg>AG</arg>
<arg>AI</arg>
<arg>AL</arg>
<arg>AM</arg>
<arg>AO</arg>
<arg>AQ</arg>
<arg>AR</arg>
<arg>AS</arg>
<arg>AT</arg>
<arg>AU</arg>
<arg>AW</arg>
<arg>AX</arg>
<arg>AZ</arg>
<arg>BA</arg>
<arg>BB</arg>
<arg>BD</arg>
<arg>BE</arg>
<arg>BF</arg>
<arg>BG</arg>
<arg>BH</arg>
<arg>BI</arg>
<arg>BJ</arg>
<arg>BL</arg>
<arg>BM</arg>
<arg>BN</arg>
<arg>BO</arg>
<arg>BQ</arg>
<arg>BR</arg>
<arg>BS</arg>
<arg>BT</arg>
<arg>BV</arg>
<arg>BW</arg>
<arg>BY</arg>
<arg>BZ</arg>
<arg>CA</arg>
<arg>CC</arg>
<arg>CD</arg>
<arg>CF</arg>
<arg>CG</arg>
<arg>CH</arg>
<arg>CI</arg>
<arg>CK</arg>
<arg>CL</arg>
<arg>CM</arg>
<arg>CN</arg>
<arg>CO</arg>
<arg>CR</arg>
<arg>CU</arg>
<arg>CV</arg>
<arg>CW</arg>
<arg>CX</arg>
<arg>CY</arg>
<arg>CZ</arg>
<arg>DE</arg>
<arg>DJ</arg>
<arg>DK</arg>
<arg>DM</arg>
<arg>DO</arg>
<arg>DZ</arg>
<arg>EC</arg>
<arg>EE</arg>
<arg>EG</arg>
<arg>EH</arg>
<arg>ER</arg>
<arg>ES</arg>
<arg>ET</arg>
<arg>FI</arg>
<arg>FJ</arg>
<arg>FK</arg>
<arg>FM</arg>
<arg>FO</arg>
<arg>FR</arg>
<arg>GA</arg>
<arg>GB</arg>
<arg>GD</arg>
<arg>GE</arg>
<arg>GF</arg>
<arg>GG</arg>
<arg>GH</arg>
<arg>GI</arg>
<arg>GL</arg>
<arg>GM</arg>
<arg>GN</arg>
<arg>GP</arg>
<arg>GQ</arg>
<arg>GR</arg>
<arg>GS</arg>
<arg>GT</arg>
<arg>GU</arg>
<arg>GW</arg>
<arg>GY</arg>
<arg>HK</arg>
<arg>HM</arg>
<arg>HN</arg>
<arg>HR</arg>
<arg>HT</arg>
<arg>HU</arg>
<arg>ID</arg>
<arg>IE</arg>
<arg>IL</arg>
<arg>IM</arg>
<arg>IN</arg>
<arg>IO</arg>
<arg>IQ</arg>
<arg>IR</arg>
<arg>IS</arg>
<arg>IT</arg>
<arg>JE</arg>
<arg>JM</arg>
<arg>JO</arg>
<arg>JP</arg>
<arg>KE</arg>
<arg>KG</arg>
<arg>KH</arg>
<arg>KI</arg>
<arg>KM</arg>
<arg>KN</arg>
<arg>KP</arg>
<arg>KR</arg>
<arg>KW</arg>
<arg>KY</arg>
<arg>KZ</arg>
<arg>LA</arg>
<arg>LB</arg>
<arg>LC</arg>
<arg>LI</arg>
<arg>LK</arg>
<arg>LR</arg>
<arg>LS</arg>
<arg>LT</arg>
<arg>LU</arg>
<arg>LV</arg>
<arg>LY</arg>
<arg>MA</arg>
<arg>MC</arg>
<arg>MD</arg>
<arg>ME</arg>
<arg>MF</arg>
<arg>MG</arg>
<arg>MH</arg>
<arg>MK</arg>
<arg>ML</arg>
<arg>MM</arg>
<arg>MN</arg>
<arg>MO</arg>
<arg>MP</arg>
<arg>MQ</arg>
<arg>MR</arg>
<arg>MS</arg>
<arg>MT</arg>
<arg>MU</arg>
<arg>MV</arg>
<arg>MW</arg>
<arg>MX</arg>
<arg>MY</arg>
<arg>MZ</arg>
<arg>NA</arg>
<arg>NC</arg>
<arg>NE</arg>
<arg>NF</arg>
<arg>NG</arg>
<arg>NI</arg>
<arg>NL</arg>
<arg>NO</arg>
<arg>NP</arg>
<arg>NR</arg>
<arg>NU</arg>
<arg>NZ</arg>
<arg>OM</arg>
<arg>PA</arg>
<arg>PE</arg>
<arg>PF</arg>
<arg>PG</arg>
<arg>PH</arg>
<arg>PK</arg>
<arg>PL</arg>
<arg>PM</arg>
<arg>PN</arg>
<arg>PR</arg>
<arg>PS</arg>
<arg>PT</arg>
<arg>PW</arg>
<arg>PY</arg>
<arg>QA</arg>
<arg>RE</arg>
<arg>RO</arg>
<arg>RS</arg>
<arg>RU</arg>
<arg>RW</arg>
<arg>SA</arg>
<arg>SB</arg>
<arg>SC</arg>
<arg>SD</arg>
<arg>SE</arg>
<arg>SG</arg>
<arg>SH</arg>
<arg>SI</arg>
<arg>SJ</arg>
<arg>SK</arg>
<arg>SL</arg>
<arg>SM</arg>
<arg>SN</arg>
<arg>SO</arg>
<arg>SR</arg>
<arg>SS</arg>
<arg>ST</arg>
<arg>SV</arg>
<arg>SX</arg>
<arg>SY</arg>
<arg>SZ</arg>
<arg>TC</arg>
<arg>TD</arg>
<arg>TF</arg>
<arg>TG</arg>
<arg>TH</arg>
<arg>TJ</arg>
<arg>TK</arg>
<arg>TL</arg>
<arg>TM</arg>
<arg>TN</arg>
<arg>TO</arg>
<arg>TR</arg>
<arg>TT</arg>
<arg>TV</arg>
<arg>TW</arg>
<arg>TZ</arg>
<arg>UA</arg>
<arg>UG</arg>
<arg>UM</arg>
<arg>US</arg>
<arg>UY</arg>
<arg>UZ</arg>
<arg>VA</arg>
<arg>VC</arg>
<arg>VE</arg>
<arg>VG</arg>
<arg>VI</arg>
<arg>VN</arg>
<arg>VU</arg>
<arg>WF</arg>
<arg>WS</arg>
<arg>XK</arg>
<arg>YE</arg>
<arg>YT</arg>
<arg>ZA</arg>
<arg>ZM</arg>
<arg>ZW</arg>
<doc>Returns a list containing given items.</doc>
<status status="PASS" start="2024-06-03T18:20:29.762848" elapsed="0.000636"/>
</kw>
<kw name="List Should Contain Value" owner="Collections">
<msg time="2024-06-03T18:20:29.764498" level="INFO">False</msg>
<arg>${list_country}</arg>
<arg>${name_country}</arg>
<doc>Fails if the ``value`` is not found from ``list``.</doc>
<status status="PASS" start="2024-06-03T18:20:29.764287" elapsed="0.000248"/>
</kw>
<kw name="Run Keyword If" owner="BuiltIn">
<kw name="Should Be True" owner="BuiltIn">
<arg>${True}</arg>
<doc>Fails if the given condition is not true.</doc>
<status status="PASS" start="2024-06-03T18:20:29.765669" elapsed="0.000154"/>
</kw>
<arg>${json_data["results"][0]["location"]["coordinates"]["latitude"]} &gt;= -90 and ${json_data["results"][0]["location"]["coordinates"]["latitude"]} &lt;= 90</arg>
<arg>Should Be True</arg>
<arg>${True}</arg>
<doc>Runs the given keyword with the given arguments, if ``condition`` is true.</doc>
<status status="PASS" start="2024-06-03T18:20:29.764859" elapsed="0.001099"/>
</kw>
<kw name="Run Keyword If" owner="BuiltIn">
<kw name="Should Be True" owner="BuiltIn">
<arg>${True}</arg>
<doc>Fails if the given condition is not true.</doc>
<status status="PASS" start="2024-06-03T18:20:29.766882" elapsed="0.000144"/>
</kw>
<arg>${json_data["results"][0]["location"]["coordinates"]["longitude"]} &gt;= -180 and ${json_data["results"][0]["location"]["coordinates"]["longitude"]} &lt;= 180</arg>
<arg>Should Be True</arg>
<arg>${True}</arg>
<doc>Runs the given keyword with the given arguments, if ``condition`` is true.</doc>
<status status="PASS" start="2024-06-03T18:20:29.766159" elapsed="0.000995"/>
</kw>
<status status="PASS" start="2024-06-03T18:20:29.646025" elapsed="0.121261"/>
</kw>
<doc>Testa o conteúdo específico dos campos retornados pela API.</doc>
<tag>testeConteudo</tag>
<status status="PASS" start="2024-06-03T18:20:29.645337" elapsed="0.122098"/>
</test>
<status status="PASS" start="2024-06-03T18:20:28.721933" elapsed="1.047567"/>
</suite>
<status status="PASS" start="2024-06-03T18:20:28.708010" elapsed="1.066817"/>
</suite>
<statistics>
<total>
<stat pass="5" fail="0" skip="0">All Tests</stat>
</total>
<tag>
<stat pass="1" fail="0" skip="0">testeConteudo</stat>
<stat pass="1" fail="0" skip="0">testeEstruturaResposta</stat>
<stat pass="1" fail="0" skip="0">testeRequisicaoBasica</stat>
<stat pass="1" fail="0" skip="0">testeTiposDados</stat>
</tag>
<suite>
<stat pass="5" fail="0" skip="0" id="s1" name="Tests">Tests</stat>
<stat pass="5" fail="0" skip="0" id="s1-s1" name="Random-User-Test">Tests.Random-User-Test</stat>
</suite>
</statistics>
<errors>
</errors>
</robot>
