<?xml version="1.0" encoding="UTF-8"?>
<robot generator="Robot 7.0 (Python 3.12.3 on linux)" generated="2024-06-03T23:15:44.002824" rpa="false" schemaversion="5">
<suite id="s1" name="Tests" source="/home/runner/work/ApiRandomUser/ApiRandomUser/RamdonUser/tests">
<suite id="s1-s1" name="Random-User-Test" source="/home/runner/work/ApiRandomUser/ApiRandomUser/RamdonUser/tests/random-user-test.robot">
<test id="s1-s1-t1" name="Conectar" line="13">
<kw name="Conectar API" owner="random-user-service">
<kw name="Create Session" owner="RequestsLibrary">
<msg time="2024-06-03T23:15:44.414188" level="INFO">Creating Session using : alias=consultarAPI, url=https://randomuser.me/, headers={},                     cookies={}, auth=None, timeout=None, proxies=None, verify=False,                     debug=0 </msg>
<arg>consultarAPI</arg>
<arg>${URL}</arg>
<doc>Create Session: create a HTTP session to a server</doc>
<status status="PASS" start="2024-06-03T23:15:44.413971" elapsed="0.000402"/>
</kw>
<status status="PASS" start="2024-06-03T23:15:44.412856" elapsed="0.001892"/>
</kw>
<status status="PASS" start="2024-06-03T23:15:44.412185" elapsed="0.002763"/>
</test>
<test id="s1-s1-t2" name="Validar retorno 200 e JSON Válido" line="16">
<kw name="Teste de Requisicao Basica" owner="random-user-service">
<kw name="GET On Session" owner="RequestsLibrary">
<msg time="2024-06-03T23:15:44.658009" level="INFO">GET Request : url=https://randomuser.me/api 
 path_url=/api 
 headers={'User-Agent': 'python-requests/2.32.3', 'Accept-Encoding': 'gzip, deflate', 'Accept': '*/*', 'Connection': 'keep-alive'} 
 body=None 
 </msg>
<msg time="2024-06-03T23:15:44.658176" level="INFO">GET Response : url=https://randomuser.me/api 
 status=200, reason=OK 
 headers={'Date': 'Mon, 03 Jun 2024 23:15:44 GMT', 'Content-Type': 'application/json; charset=utf-8', 'Transfer-Encoding': 'chunked', 'Connection': 'keep-alive', 'X-Powered-By': 'Express', 'Access-Control-Allow-Origin': '*', 'Cache-Control': 'no-cache', 'ETag': 'W/"488-VIi+DYQRXm9+OEsnfi6GobZGUFo"', 'Vary': 'Accept-Encoding', 'Content-Encoding': 'gzip', 'CF-Cache-Status': 'DYNAMIC', 'Report-To': '{"endpoints":[{"url":"https:\\/\\/a.nel.cloudflare.com\\/report\\/v4?s=7WHuDI7n%2BOrSxvZe%2F3wL90gk%2BQnKP4KLV0JjHBOjOMHTnjq0vwKQPP0IUmo36etA1CB4CR5mFPebIL7%2Bb5qXW8Kwi8s3CJDQid5KMrzD%2BzCzZEYnxRufXvvJhkxm4Vu0"}],"group":"cf-nel","max_age":604800}', 'NEL': '{"success_fraction":0,"report_to":"cf-nel","max_age":604800}', 'Server': 'cloudflare', 'CF-RAY': '88e3630b6de713c9-IAD', 'alt-svc': 'h3=":443"; ma=86400'} 
 body={"results":[{"gender":"female","name":{"title":"Miss","first":"Oya","last":"Tokgöz"},"location":{"street":{"number":8381,"name":"Anafartalar Cd"},"city":"Sivas","state":"Bingöl","country":"Turkey","postcode":63187,"coordinates":{"latitude":"70.7748","longitude":"9.1779"},"timezone":{"offset":"+3:00","description":"Baghdad, Riyadh, Moscow, St. Petersburg"}},"email":"oya.tokgoz@example.com","login":{"uuid":"cc48d1b2-9668-4373-8ddb-fb62d8cdac29","username":"sadzebra735","password":"starcraft","salt":"yxFoBmGY","md5":"820d16c28c237a1d0a137e823f72ba6c","sha1":"4a8eb8c7b1fbadaecd658adac421f44c1158f7b2","sha256":"cbbfb39cbc3672488d7ec90048fd97d4d99bf648e547a96dbc5a9817ca2bcad1"},"dob":{"date":"1967-12-26T04:00:49.057Z","age":56},"registered":{"date":"2004-11-29T01:59:44.943Z","age":19},"phone":"(588)-681-5600","cell":"(671)-873-3369","id":{"name":"","value":null},"picture":{"large":"https://randomuser.me/api/portraits/women/84.jpg","medium":"https://randomuser.me/api/portraits/med/women/84.jpg","thumbnail":"https://randomuser.me/api/portraits/thumb/women/84.jpg"},"nat":"TR"}],"info":{"seed":"43c9299de0ddcb71","results":1,"page":1,"version":"1.4"}} 
 </msg>
<msg time="2024-06-03T23:15:44.658273" level="INFO">/opt/hostedtoolcache/Python/3.12.3/x64/lib/python3.12/site-packages/urllib3/connectionpool.py:1103: InsecureRequestWarning: Unverified HTTPS request is being made to host 'randomuser.me'. Adding certificate verification is strongly advised. See: https://urllib3.readthedocs.io/en/latest/advanced-usage.html#tls-warnings
  warnings.warn(</msg>
<msg time="2024-06-03T23:15:44.658424" level="INFO">${response} = &lt;Response [200]&gt;</msg>
<var>${response}</var>
<arg>consultarAPI</arg>
<arg>/api</arg>
<doc>Sends a GET request on a previously created HTTP Session.</doc>
<status status="PASS" start="2024-06-03T23:15:44.417686" elapsed="0.240780"/>
</kw>
<kw name="Should Be Equal As Numbers" owner="BuiltIn">
<msg time="2024-06-03T23:15:44.659777" level="INFO">Argument types are:
&lt;class 'int'&gt;
&lt;class 'str'&gt;</msg>
<arg>${response.status_code}</arg>
<arg>200</arg>
<doc>Fails if objects are unequal after converting them to real numbers.</doc>
<status status="PASS" start="2024-06-03T23:15:44.659222" elapsed="0.000620"/>
</kw>
<kw name="Log" owner="BuiltIn">
<msg time="2024-06-03T23:15:44.660508" level="INFO">200</msg>
<arg>${response.status_code}</arg>
<doc>Logs the given message with the given level.</doc>
<status status="PASS" start="2024-06-03T23:15:44.660165" elapsed="0.000390"/>
</kw>
<kw name="Set Variable" owner="BuiltIn">
<msg time="2024-06-03T23:15:44.661364" level="INFO">${json_data} = {'results': [{'gender': 'female', 'name': {'title': 'Miss', 'first': 'Oya', 'last': 'Tokgöz'}, 'location': {'street': {'number': 8381, 'name': 'Anafartalar Cd'}, 'city': 'Sivas', 'state': 'Bingöl', 'c...</msg>
<var>${json_data}</var>
<arg>${response.json()}</arg>
<doc>Returns the given values which can then be assigned to a variables.</doc>
<status status="PASS" start="2024-06-03T23:15:44.660855" elapsed="0.000539"/>
</kw>
<kw name="Dictionary Should Contain Key" owner="Collections">
<msg time="2024-06-03T23:15:44.661874" level="INFO">False</msg>
<arg>${json_data}</arg>
<arg>results</arg>
<doc>Fails if ``key`` is not found from ``dictionary``.</doc>
<status status="PASS" start="2024-06-03T23:15:44.661698" elapsed="0.000390"/>
</kw>
<status status="PASS" start="2024-06-03T23:15:44.417433" elapsed="0.244924"/>
</kw>
<doc>Testa se a API responde corretamente e retorna um objeto JSON válido.</doc>
<tag>testeRequisicaoBasica</tag>
<status status="PASS" start="2024-06-03T23:15:44.416830" elapsed="0.245709"/>
</test>
<test id="s1-s1-t3" name="Validar estrutura de resposta" line="22">
<kw name="Teste de Estrutura de Resposta" owner="random-user-service">
<kw name="GET On Session" owner="RequestsLibrary">
<msg time="2024-06-03T23:15:44.701888" level="INFO">GET Request : url=https://randomuser.me/api 
 path_url=/api 
 headers={'User-Agent': 'python-requests/2.32.3', 'Accept-Encoding': 'gzip, deflate', 'Accept': '*/*', 'Connection': 'keep-alive'} 
 body=None 
 </msg>
<msg time="2024-06-03T23:15:44.701976" level="INFO">GET Response : url=https://randomuser.me/api 
 status=200, reason=OK 
 headers={'Date': 'Mon, 03 Jun 2024 23:15:44 GMT', 'Content-Type': 'application/json; charset=utf-8', 'Transfer-Encoding': 'chunked', 'Connection': 'keep-alive', 'X-Powered-By': 'Express', 'Access-Control-Allow-Origin': '*', 'Cache-Control': 'no-cache', 'ETag': 'W/"4b0-uup9FdRvG1LlwTbEZvxOia7x1wU"', 'Vary': 'Accept-Encoding', 'Content-Encoding': 'gzip', 'CF-Cache-Status': 'DYNAMIC', 'Report-To': '{"endpoints":[{"url":"https:\\/\\/a.nel.cloudflare.com\\/report\\/v4?s=iHG01lB6DzK5iKQjlhj4QYKCKMvPnxrngLUrrStPlOrublp1c1pbwBLTkA2nCIv8Ou9UdiQPtme9X1mmegNuZlD2mzw3RbHW05PuQ8w2U9KUSALnLxY5nwmmFw8tKVrz"}],"group":"cf-nel","max_age":604800}', 'NEL': '{"success_fraction":0,"report_to":"cf-nel","max_age":604800}', 'Server': 'cloudflare', 'CF-RAY': '88e3630c2ed813c9-IAD', 'alt-svc': 'h3=":443"; ma=86400'} 
 body={"results":[{"gender":"female","name":{"title":"Miss","first":"Svitoslava","last":"Romashko"},"location":{"street":{"number":9634,"name":"Krivorizkiy provulok"},"city":"Gola Pristan","state":"Dnipropetrovska","country":"Ukraine","postcode":96879,"coordinates":{"latitude":"75.4946","longitude":"132.0601"},"timezone":{"offset":"-4:00","description":"Atlantic Time (Canada), Caracas, La Paz"}},"email":"svitoslava.romashko@example.com","login":{"uuid":"cb14f732-f5fb-4447-906f-9453b3e584a6","username":"whitelion337","password":"goirish","salt":"x0SrpBua","md5":"490330973aae93914ac135bd924241ce","sha1":"7b420871c9f4b948597dd5717465f1205eaa8550","sha256":"7988fade2de11518972da9e761d8a79911282d96d1e78ed87eeca0769089b444"},"dob":{"date":"1963-11-23T22:40:06.190Z","age":60},"registered":{"date":"2007-02-10T23:52:02.996Z","age":17},"phone":"(067) X35-2631","cell":"(067) T88-2183","id":{"name":"","value":null},"picture":{"large":"https://randomuser.me/api/portraits/women/68.jpg","medium":"https://randomuser.me/api/portraits/med/women/68.jpg","thumbnail":"https://randomuser.me/api/portraits/thumb/women/68.jpg"},"nat":"UA"}],"info":{"seed":"64745c7da230cd50","results":1,"page":1,"version":"1.4"}} 
 </msg>
<msg time="2024-06-03T23:15:44.702094" level="INFO">/opt/hostedtoolcache/Python/3.12.3/x64/lib/python3.12/site-packages/urllib3/connectionpool.py:1103: InsecureRequestWarning: Unverified HTTPS request is being made to host 'randomuser.me'. Adding certificate verification is strongly advised. See: https://urllib3.readthedocs.io/en/latest/advanced-usage.html#tls-warnings
  warnings.warn(</msg>
<msg time="2024-06-03T23:15:44.702215" level="INFO">${response} = &lt;Response [200]&gt;</msg>
<var>${response}</var>
<arg>consultarAPI</arg>
<arg>/api</arg>
<doc>Sends a GET request on a previously created HTTP Session.</doc>
<status status="PASS" start="2024-06-03T23:15:44.665159" elapsed="0.037099"/>
</kw>
<kw name="Set Variable" owner="BuiltIn">
<msg time="2024-06-03T23:15:44.703478" level="INFO">${json_data} = {'results': [{'gender': 'female', 'name': {'title': 'Miss', 'first': 'Svitoslava', 'last': 'Romashko'}, 'location': {'street': {'number': 9634, 'name': 'Krivorizkiy provulok'}, 'city': 'Gola Pristan',...</msg>
<var>${json_data}</var>
<arg>${response.json()}</arg>
<doc>Returns the given values which can then be assigned to a variables.</doc>
<status status="PASS" start="2024-06-03T23:15:44.702856" elapsed="0.000651"/>
</kw>
<kw name="Log" owner="BuiltIn">
<msg time="2024-06-03T23:15:44.703974" level="INFO">{'results': [{'gender': 'female', 'name': {'title': 'Miss', 'first': 'Svitoslava', 'last': 'Romashko'}, 'location': {'street': {'number': 9634, 'name': 'Krivorizkiy provulok'}, 'city': 'Gola Pristan', 'state': 'Dnipropetrovska', 'country': 'Ukraine', 'postcode': 96879, 'coordinates': {'latitude': '75.4946', 'longitude': '132.0601'}, 'timezone': {'offset': '-4:00', 'description': 'Atlantic Time (Canada), Caracas, La Paz'}}, 'email': 'svitoslava.romashko@example.com', 'login': {'uuid': 'cb14f732-f5fb-4447-906f-9453b3e584a6', 'username': 'whitelion337', 'password': 'goirish', 'salt': 'x0SrpBua', 'md5': '490330973aae93914ac135bd924241ce', 'sha1': '7b420871c9f4b948597dd5717465f1205eaa8550', 'sha256': '7988fade2de11518972da9e761d8a79911282d96d1e78ed87eeca0769089b444'}, 'dob': {'date': '1963-11-23T22:40:06.190Z', 'age': 60}, 'registered': {'date': '2007-02-10T23:52:02.996Z', 'age': 17}, 'phone': '(067) X35-2631', 'cell': '(067) T88-2183', 'id': {'name': '', 'value': None}, 'picture': {'large': 'https://randomuser.me/api/portraits/women/68.jpg', 'medium': 'https://randomuser.me/api/portraits/med/women/68.jpg', 'thumbnail': 'https://randomuser.me/api/portraits/thumb/women/68.jpg'}, 'nat': 'UA'}], 'info': {'seed': '64745c7da230cd50', 'results': 1, 'page': 1, 'version': '1.4'}}</msg>
<arg>${json_data}</arg>
<doc>Logs the given message with the given level.</doc>
<status status="PASS" start="2024-06-03T23:15:44.703815" elapsed="0.000206"/>
</kw>
<kw name="Dictionary Should Contain Key" owner="Collections">
<msg time="2024-06-03T23:15:44.704466" level="INFO">False</msg>
<arg>${json_data}</arg>
<arg>results</arg>
<doc>Fails if ``key`` is not found from ``dictionary``.</doc>
<status status="PASS" start="2024-06-03T23:15:44.704312" elapsed="0.000190"/>
</kw>
<kw name="Should Not Be Empty" owner="BuiltIn">
<msg time="2024-06-03T23:15:44.704929" level="INFO">Length is 2.</msg>
<arg>${json_data}</arg>
<doc>Verifies that the given item is not empty.</doc>
<status status="PASS" start="2024-06-03T23:15:44.704791" elapsed="0.000211"/>
</kw>
<kw name="Create List" owner="BuiltIn">
<msg time="2024-06-03T23:15:44.705451" level="INFO">${expected_keys} = ['gender', 'name', 'location', 'email', 'login']</msg>
<var>${expected_keys}</var>
<arg>gender</arg>
<arg>name</arg>
<arg>location</arg>
<arg>email</arg>
<arg>login</arg>
<doc>Returns a list containing given items.</doc>
<status status="PASS" start="2024-06-03T23:15:44.705302" elapsed="0.000173"/>
</kw>
<for flavor="IN">
<iter>
<kw name="Dictionary Should Contain Key" owner="Collections">
<msg time="2024-06-03T23:15:44.706505" level="INFO">False</msg>
<arg>${json_data['results'][0]}</arg>
<arg>${key}</arg>
<doc>Fails if ``key`` is not found from ``dictionary``.</doc>
<status status="PASS" start="2024-06-03T23:15:44.706086" elapsed="0.000463"/>
</kw>
<kw name="Log" owner="BuiltIn">
<msg time="2024-06-03T23:15:44.707215" level="INFO">{'gender': 'female', 'name': {'title': 'Miss', 'first': 'Svitoslava', 'last': 'Romashko'}, 'location': {'street': {'number': 9634, 'name': 'Krivorizkiy provulok'}, 'city': 'Gola Pristan', 'state': 'Dnipropetrovska', 'country': 'Ukraine', 'postcode': 96879, 'coordinates': {'latitude': '75.4946', 'longitude': '132.0601'}, 'timezone': {'offset': '-4:00', 'description': 'Atlantic Time (Canada), Caracas, La Paz'}}, 'email': 'svitoslava.romashko@example.com', 'login': {'uuid': 'cb14f732-f5fb-4447-906f-9453b3e584a6', 'username': 'whitelion337', 'password': 'goirish', 'salt': 'x0SrpBua', 'md5': '490330973aae93914ac135bd924241ce', 'sha1': '7b420871c9f4b948597dd5717465f1205eaa8550', 'sha256': '7988fade2de11518972da9e761d8a79911282d96d1e78ed87eeca0769089b444'}, 'dob': {'date': '1963-11-23T22:40:06.190Z', 'age': 60}, 'registered': {'date': '2007-02-10T23:52:02.996Z', 'age': 17}, 'phone': '(067) X35-2631', 'cell': '(067) T88-2183', 'id': {'name': '', 'value': None}, 'picture': {'large': 'https://randomuser.me/api/portraits/women/68.jpg', 'medium': 'https://randomuser.me/api/portraits/med/women/68.jpg', 'thumbnail': 'https://randomuser.me/api/portraits/thumb/women/68.jpg'}, 'nat': 'UA'}</msg>
<arg>${json_data['results'][0]}</arg>
<doc>Logs the given message with the given level.</doc>
<status status="PASS" start="2024-06-03T23:15:44.706848" elapsed="0.000416"/>
</kw>
<kw name="Log" owner="BuiltIn">
<msg time="2024-06-03T23:15:44.707690" level="INFO">gender</msg>
<arg>${key}</arg>
<doc>Logs the given message with the given level.</doc>
<status status="PASS" start="2024-06-03T23:15:44.707561" elapsed="0.000167"/>
</kw>
<var name="${key}">gender</var>
<status status="PASS" start="2024-06-03T23:15:44.705950" elapsed="0.001994"/>
</iter>
<iter>
<kw name="Dictionary Should Contain Key" owner="Collections">
<msg time="2024-06-03T23:15:44.708627" level="INFO">False</msg>
<arg>${json_data['results'][0]}</arg>
<arg>${key}</arg>
<doc>Fails if ``key`` is not found from ``dictionary``.</doc>
<status status="PASS" start="2024-06-03T23:15:44.708244" elapsed="0.000453"/>
</kw>
<kw name="Log" owner="BuiltIn">
<msg time="2024-06-03T23:15:44.709385" level="INFO">{'gender': 'female', 'name': {'title': 'Miss', 'first': 'Svitoslava', 'last': 'Romashko'}, 'location': {'street': {'number': 9634, 'name': 'Krivorizkiy provulok'}, 'city': 'Gola Pristan', 'state': 'Dnipropetrovska', 'country': 'Ukraine', 'postcode': 96879, 'coordinates': {'latitude': '75.4946', 'longitude': '132.0601'}, 'timezone': {'offset': '-4:00', 'description': 'Atlantic Time (Canada), Caracas, La Paz'}}, 'email': 'svitoslava.romashko@example.com', 'login': {'uuid': 'cb14f732-f5fb-4447-906f-9453b3e584a6', 'username': 'whitelion337', 'password': 'goirish', 'salt': 'x0SrpBua', 'md5': '490330973aae93914ac135bd924241ce', 'sha1': '7b420871c9f4b948597dd5717465f1205eaa8550', 'sha256': '7988fade2de11518972da9e761d8a79911282d96d1e78ed87eeca0769089b444'}, 'dob': {'date': '1963-11-23T22:40:06.190Z', 'age': 60}, 'registered': {'date': '2007-02-10T23:52:02.996Z', 'age': 17}, 'phone': '(067) X35-2631', 'cell': '(067) T88-2183', 'id': {'name': '', 'value': None}, 'picture': {'large': 'https://randomuser.me/api/portraits/women/68.jpg', 'medium': 'https://randomuser.me/api/portraits/med/women/68.jpg', 'thumbnail': 'https://randomuser.me/api/portraits/thumb/women/68.jpg'}, 'nat': 'UA'}</msg>
<arg>${json_data['results'][0]}</arg>
<doc>Logs the given message with the given level.</doc>
<status status="PASS" start="2024-06-03T23:15:44.709023" elapsed="0.000412"/>
</kw>
<kw name="Log" owner="BuiltIn">
<msg time="2024-06-03T23:15:44.709858" level="INFO">name</msg>
<arg>${key}</arg>
<doc>Logs the given message with the given level.</doc>
<status status="PASS" start="2024-06-03T23:15:44.709731" elapsed="0.000163"/>
</kw>
<var name="${key}">name</var>
<status status="PASS" start="2024-06-03T23:15:44.708130" elapsed="0.001984"/>
</iter>
<iter>
<kw name="Dictionary Should Contain Key" owner="Collections">
<msg time="2024-06-03T23:15:44.710784" level="INFO">False</msg>
<arg>${json_data['results'][0]}</arg>
<arg>${key}</arg>
<doc>Fails if ``key`` is not found from ``dictionary``.</doc>
<status status="PASS" start="2024-06-03T23:15:44.710407" elapsed="0.000414"/>
</kw>
<kw name="Log" owner="BuiltIn">
<msg time="2024-06-03T23:15:44.711482" level="INFO">{'gender': 'female', 'name': {'title': 'Miss', 'first': 'Svitoslava', 'last': 'Romashko'}, 'location': {'street': {'number': 9634, 'name': 'Krivorizkiy provulok'}, 'city': 'Gola Pristan', 'state': 'Dnipropetrovska', 'country': 'Ukraine', 'postcode': 96879, 'coordinates': {'latitude': '75.4946', 'longitude': '132.0601'}, 'timezone': {'offset': '-4:00', 'description': 'Atlantic Time (Canada), Caracas, La Paz'}}, 'email': 'svitoslava.romashko@example.com', 'login': {'uuid': 'cb14f732-f5fb-4447-906f-9453b3e584a6', 'username': 'whitelion337', 'password': 'goirish', 'salt': 'x0SrpBua', 'md5': '490330973aae93914ac135bd924241ce', 'sha1': '7b420871c9f4b948597dd5717465f1205eaa8550', 'sha256': '7988fade2de11518972da9e761d8a79911282d96d1e78ed87eeca0769089b444'}, 'dob': {'date': '1963-11-23T22:40:06.190Z', 'age': 60}, 'registered': {'date': '2007-02-10T23:52:02.996Z', 'age': 17}, 'phone': '(067) X35-2631', 'cell': '(067) T88-2183', 'id': {'name': '', 'value': None}, 'picture': {'large': 'https://randomuser.me/api/portraits/women/68.jpg', 'medium': 'https://randomuser.me/api/portraits/med/women/68.jpg', 'thumbnail': 'https://randomuser.me/api/portraits/thumb/women/68.jpg'}, 'nat': 'UA'}</msg>
<arg>${json_data['results'][0]}</arg>
<doc>Logs the given message with the given level.</doc>
<status status="PASS" start="2024-06-03T23:15:44.711119" elapsed="0.000413"/>
</kw>
<kw name="Log" owner="BuiltIn">
<msg time="2024-06-03T23:15:44.711960" level="INFO">location</msg>
<arg>${key}</arg>
<doc>Logs the given message with the given level.</doc>
<status status="PASS" start="2024-06-03T23:15:44.711832" elapsed="0.000166"/>
</kw>
<var name="${key}">location</var>
<status status="PASS" start="2024-06-03T23:15:44.710293" elapsed="0.001920"/>
</iter>
<iter>
<kw name="Dictionary Should Contain Key" owner="Collections">
<msg time="2024-06-03T23:15:44.713022" level="INFO">False</msg>
<arg>${json_data['results'][0]}</arg>
<arg>${key}</arg>
<doc>Fails if ``key`` is not found from ``dictionary``.</doc>
<status status="PASS" start="2024-06-03T23:15:44.712495" elapsed="0.000567"/>
</kw>
<kw name="Log" owner="BuiltIn">
<msg time="2024-06-03T23:15:44.713722" level="INFO">{'gender': 'female', 'name': {'title': 'Miss', 'first': 'Svitoslava', 'last': 'Romashko'}, 'location': {'street': {'number': 9634, 'name': 'Krivorizkiy provulok'}, 'city': 'Gola Pristan', 'state': 'Dnipropetrovska', 'country': 'Ukraine', 'postcode': 96879, 'coordinates': {'latitude': '75.4946', 'longitude': '132.0601'}, 'timezone': {'offset': '-4:00', 'description': 'Atlantic Time (Canada), Caracas, La Paz'}}, 'email': 'svitoslava.romashko@example.com', 'login': {'uuid': 'cb14f732-f5fb-4447-906f-9453b3e584a6', 'username': 'whitelion337', 'password': 'goirish', 'salt': 'x0SrpBua', 'md5': '490330973aae93914ac135bd924241ce', 'sha1': '7b420871c9f4b948597dd5717465f1205eaa8550', 'sha256': '7988fade2de11518972da9e761d8a79911282d96d1e78ed87eeca0769089b444'}, 'dob': {'date': '1963-11-23T22:40:06.190Z', 'age': 60}, 'registered': {'date': '2007-02-10T23:52:02.996Z', 'age': 17}, 'phone': '(067) X35-2631', 'cell': '(067) T88-2183', 'id': {'name': '', 'value': None}, 'picture': {'large': 'https://randomuser.me/api/portraits/women/68.jpg', 'medium': 'https://randomuser.me/api/portraits/med/women/68.jpg', 'thumbnail': 'https://randomuser.me/api/portraits/thumb/women/68.jpg'}, 'nat': 'UA'}</msg>
<arg>${json_data['results'][0]}</arg>
<doc>Logs the given message with the given level.</doc>
<status status="PASS" start="2024-06-03T23:15:44.713364" elapsed="0.000405"/>
</kw>
<kw name="Log" owner="BuiltIn">
<msg time="2024-06-03T23:15:44.714200" level="INFO">email</msg>
<arg>${key}</arg>
<doc>Logs the given message with the given level.</doc>
<status status="PASS" start="2024-06-03T23:15:44.714072" elapsed="0.000165"/>
</kw>
<var name="${key}">email</var>
<status status="PASS" start="2024-06-03T23:15:44.712383" elapsed="0.002065"/>
</iter>
<iter>
<kw name="Dictionary Should Contain Key" owner="Collections">
<msg time="2024-06-03T23:15:44.715118" level="INFO">False</msg>
<arg>${json_data['results'][0]}</arg>
<arg>${key}</arg>
<doc>Fails if ``key`` is not found from ``dictionary``.</doc>
<status status="PASS" start="2024-06-03T23:15:44.714737" elapsed="0.000419"/>
</kw>
<kw name="Log" owner="BuiltIn">
<msg time="2024-06-03T23:15:44.715806" level="INFO">{'gender': 'female', 'name': {'title': 'Miss', 'first': 'Svitoslava', 'last': 'Romashko'}, 'location': {'street': {'number': 9634, 'name': 'Krivorizkiy provulok'}, 'city': 'Gola Pristan', 'state': 'Dnipropetrovska', 'country': 'Ukraine', 'postcode': 96879, 'coordinates': {'latitude': '75.4946', 'longitude': '132.0601'}, 'timezone': {'offset': '-4:00', 'description': 'Atlantic Time (Canada), Caracas, La Paz'}}, 'email': 'svitoslava.romashko@example.com', 'login': {'uuid': 'cb14f732-f5fb-4447-906f-9453b3e584a6', 'username': 'whitelion337', 'password': 'goirish', 'salt': 'x0SrpBua', 'md5': '490330973aae93914ac135bd924241ce', 'sha1': '7b420871c9f4b948597dd5717465f1205eaa8550', 'sha256': '7988fade2de11518972da9e761d8a79911282d96d1e78ed87eeca0769089b444'}, 'dob': {'date': '1963-11-23T22:40:06.190Z', 'age': 60}, 'registered': {'date': '2007-02-10T23:52:02.996Z', 'age': 17}, 'phone': '(067) X35-2631', 'cell': '(067) T88-2183', 'id': {'name': '', 'value': None}, 'picture': {'large': 'https://randomuser.me/api/portraits/women/68.jpg', 'medium': 'https://randomuser.me/api/portraits/med/women/68.jpg', 'thumbnail': 'https://randomuser.me/api/portraits/thumb/women/68.jpg'}, 'nat': 'UA'}</msg>
<arg>${json_data['results'][0]}</arg>
<doc>Logs the given message with the given level.</doc>
<status status="PASS" start="2024-06-03T23:15:44.715448" elapsed="0.000406"/>
</kw>
<kw name="Log" owner="BuiltIn">
<msg time="2024-06-03T23:15:44.716320" level="INFO">login</msg>
<arg>${key}</arg>
<doc>Logs the given message with the given level.</doc>
<status status="PASS" start="2024-06-03T23:15:44.716159" elapsed="0.000212"/>
</kw>
<var name="${key}">login</var>
<status status="PASS" start="2024-06-03T23:15:44.714624" elapsed="0.001979"/>
</iter>
<var>${key}</var>
<value>@{expected_keys}</value>
<status status="PASS" start="2024-06-03T23:15:44.705749" elapsed="0.010977"/>
</for>
<kw name="Create List" owner="BuiltIn">
<msg time="2024-06-03T23:15:44.717093" level="INFO">${expected_keysTwo} = ['username', 'password']</msg>
<var>${expected_keysTwo}</var>
<arg>username</arg>
<arg>password</arg>
<doc>Returns a list containing given items.</doc>
<status status="PASS" start="2024-06-03T23:15:44.716921" elapsed="0.000197"/>
</kw>
<for flavor="IN">
<iter>
<kw name="Dictionary Should Contain Key" owner="Collections">
<msg time="2024-06-03T23:15:44.718008" level="INFO">False</msg>
<arg>${json_data['results'][0]['login']}</arg>
<arg>${keyTwo}</arg>
<doc>Fails if ``key`` is not found from ``dictionary``.</doc>
<status status="PASS" start="2024-06-03T23:15:44.717624" elapsed="0.000422"/>
</kw>
<kw name="Dictionary Should Contain Key" owner="Collections">
<msg time="2024-06-03T23:15:44.718714" level="INFO">False</msg>
<arg>${json_data['results'][0]['login']}</arg>
<arg>${keyTwo}</arg>
<doc>Fails if ``key`` is not found from ``dictionary``.</doc>
<status status="PASS" start="2024-06-03T23:15:44.718339" elapsed="0.000413"/>
</kw>
<kw name="Log" owner="BuiltIn">
<msg time="2024-06-03T23:15:44.719177" level="INFO">username</msg>
<arg>${keyTwo}</arg>
<doc>Logs the given message with the given level.</doc>
<status status="PASS" start="2024-06-03T23:15:44.719050" elapsed="0.000163"/>
</kw>
<var name="${keyTwo}">username</var>
<status status="PASS" start="2024-06-03T23:15:44.717514" elapsed="0.001911"/>
</iter>
<iter>
<kw name="Dictionary Should Contain Key" owner="Collections">
<msg time="2024-06-03T23:15:44.720087" level="INFO">False</msg>
<arg>${json_data['results'][0]['login']}</arg>
<arg>${keyTwo}</arg>
<doc>Fails if ``key`` is not found from ``dictionary``.</doc>
<status status="PASS" start="2024-06-03T23:15:44.719705" elapsed="0.000419"/>
</kw>
<kw name="Dictionary Should Contain Key" owner="Collections">
<msg time="2024-06-03T23:15:44.720788" level="INFO">False</msg>
<arg>${json_data['results'][0]['login']}</arg>
<arg>${keyTwo}</arg>
<doc>Fails if ``key`` is not found from ``dictionary``.</doc>
<status status="PASS" start="2024-06-03T23:15:44.720413" elapsed="0.000412"/>
</kw>
<kw name="Log" owner="BuiltIn">
<msg time="2024-06-03T23:15:44.721284" level="INFO">password</msg>
<arg>${keyTwo}</arg>
<doc>Logs the given message with the given level.</doc>
<status status="PASS" start="2024-06-03T23:15:44.721153" elapsed="0.000169"/>
</kw>
<var name="${keyTwo}">password</var>
<status status="PASS" start="2024-06-03T23:15:44.719596" elapsed="0.001945"/>
</iter>
<var>${keyTwo}</var>
<value>@{expected_keysTwo}</value>
<status status="PASS" start="2024-06-03T23:15:44.717360" elapsed="0.004301"/>
</for>
<status status="PASS" start="2024-06-03T23:15:44.664895" elapsed="0.056908"/>
</kw>
<doc>Testa a estrutura da resposta da API.</doc>
<tag>testeEstruturaResposta</tag>
<status status="PASS" start="2024-06-03T23:15:44.664358" elapsed="0.057603"/>
</test>
<test id="s1-s1-t4" name="Validar tipos de dados" line="28">
<kw name="Teste de Tipos de Dados" owner="random-user-service">
<kw name="GET On Session" owner="RequestsLibrary">
<msg time="2024-06-03T23:15:44.791465" level="INFO">GET Request : url=https://randomuser.me/api 
 path_url=/api 
 headers={'User-Agent': 'python-requests/2.32.3', 'Accept-Encoding': 'gzip, deflate', 'Accept': '*/*', 'Connection': 'keep-alive'} 
 body=None 
 </msg>
<msg time="2024-06-03T23:15:44.791587" level="INFO">GET Response : url=https://randomuser.me/api 
 status=200, reason=OK 
 headers={'Date': 'Mon, 03 Jun 2024 23:15:44 GMT', 'Content-Type': 'application/json; charset=utf-8', 'Transfer-Encoding': 'chunked', 'Connection': 'keep-alive', 'X-Powered-By': 'Express', 'Access-Control-Allow-Origin': '*', 'Cache-Control': 'no-cache', 'ETag': 'W/"499-/l1Hemo156HaeR72klnlvKLiQb4"', 'Vary': 'Accept-Encoding', 'Content-Encoding': 'gzip', 'CF-Cache-Status': 'DYNAMIC', 'Report-To': '{"endpoints":[{"url":"https:\\/\\/a.nel.cloudflare.com\\/report\\/v4?s=hW6ZuwWdiKw%2FhyPmImLdPlRNkEOpcVXj8RpkfjcyOiloFYnlkvl2TlnfexDsfWI0gLb%2BYEtwiPq0nDJRft6oIjHfk2gYgbrSuO96RO98zVfrH5cnR%2BlPrsYVHVOs3rf0"}],"group":"cf-nel","max_age":604800}', 'NEL': '{"success_fraction":0,"report_to":"cf-nel","max_age":604800}', 'Server': 'cloudflare', 'CF-RAY': '88e3630c8f3213c9-IAD', 'alt-svc': 'h3=":443"; ma=86400'} 
 body={"results":[{"gender":"female","name":{"title":"Mrs","first":"Victoria","last":"Larsen"},"location":{"street":{"number":8656,"name":"Færgevej"},"city":"Roedovre","state":"Hovedstaden","country":"Denmark","postcode":11776,"coordinates":{"latitude":"-40.9167","longitude":"116.5539"},"timezone":{"offset":"0:00","description":"Western Europe Time, London, Lisbon, Casablanca"}},"email":"victoria.larsen@example.com","login":{"uuid":"f667d3a4-0a2f-4e61-9083-679eb665efa5","username":"bluekoala509","password":"light","salt":"Oj84zeMb","md5":"8af48f1085ac90a214cd52a1c383305d","sha1":"6e12ca5d739deaa04e361e417817ef8b5531018b","sha256":"ea5ec8bfc152df2ebe0fb7cca92de5a8bcf6c0f93f57bbb10bbdfbd64148b981"},"dob":{"date":"1977-02-18T14:31:11.579Z","age":47},"registered":{"date":"2019-11-20T10:42:39.680Z","age":4},"phone":"44389635","cell":"47307141","id":{"name":"CPR","value":"180277-1465"},"picture":{"large":"https://randomuser.me/api/portraits/women/71.jpg","medium":"https://randomuser.me/api/portraits/med/women/71.jpg","thumbnail":"https://randomuser.me/api/portraits/thumb/women/71.jpg"},"nat":"DK"}],"info":{"seed":"7b8efdfa7e147a48","results":1,"page":1,"version":"1.4"}} 
 </msg>
<msg time="2024-06-03T23:15:44.791681" level="INFO">/opt/hostedtoolcache/Python/3.12.3/x64/lib/python3.12/site-packages/urllib3/connectionpool.py:1103: InsecureRequestWarning: Unverified HTTPS request is being made to host 'randomuser.me'. Adding certificate verification is strongly advised. See: https://urllib3.readthedocs.io/en/latest/advanced-usage.html#tls-warnings
  warnings.warn(</msg>
<msg time="2024-06-03T23:15:44.791844" level="INFO">${response} = &lt;Response [200]&gt;</msg>
<var>${response}</var>
<arg>consultarAPI</arg>
<arg>/api</arg>
<doc>Sends a GET request on a previously created HTTP Session.</doc>
<status status="PASS" start="2024-06-03T23:15:44.724443" elapsed="0.067452"/>
</kw>
<kw name="Set Variable" owner="BuiltIn">
<msg time="2024-06-03T23:15:44.793360" level="INFO">${json_data} = {'results': [{'gender': 'female', 'name': {'title': 'Mrs', 'first': 'Victoria', 'last': 'Larsen'}, 'location': {'street': {'number': 8656, 'name': 'Færgevej'}, 'city': 'Roedovre', 'state': 'Hovedstade...</msg>
<var>${json_data}</var>
<arg>${response.json()}</arg>
<doc>Returns the given values which can then be assigned to a variables.</doc>
<status status="PASS" start="2024-06-03T23:15:44.792652" elapsed="0.000739"/>
</kw>
<kw name="Log" owner="BuiltIn">
<msg time="2024-06-03T23:15:44.793959" level="INFO">{'results': [{'gender': 'female', 'name': {'title': 'Mrs', 'first': 'Victoria', 'last': 'Larsen'}, 'location': {'street': {'number': 8656, 'name': 'Færgevej'}, 'city': 'Roedovre', 'state': 'Hovedstaden', 'country': 'Denmark', 'postcode': 11776, 'coordinates': {'latitude': '-40.9167', 'longitude': '116.5539'}, 'timezone': {'offset': '0:00', 'description': 'Western Europe Time, London, Lisbon, Casablanca'}}, 'email': 'victoria.larsen@example.com', 'login': {'uuid': 'f667d3a4-0a2f-4e61-9083-679eb665efa5', 'username': 'bluekoala509', 'password': 'light', 'salt': 'Oj84zeMb', 'md5': '8af48f1085ac90a214cd52a1c383305d', 'sha1': '6e12ca5d739deaa04e361e417817ef8b5531018b', 'sha256': 'ea5ec8bfc152df2ebe0fb7cca92de5a8bcf6c0f93f57bbb10bbdfbd64148b981'}, 'dob': {'date': '1977-02-18T14:31:11.579Z', 'age': 47}, 'registered': {'date': '2019-11-20T10:42:39.680Z', 'age': 4}, 'phone': '44389635', 'cell': '47307141', 'id': {'name': 'CPR', 'value': '180277-1465'}, 'picture': {'large': 'https://randomuser.me/api/portraits/women/71.jpg', 'medium': 'https://randomuser.me/api/portraits/med/women/71.jpg', 'thumbnail': 'https://randomuser.me/api/portraits/thumb/women/71.jpg'}, 'nat': 'DK'}], 'info': {'seed': '7b8efdfa7e147a48', 'results': 1, 'page': 1, 'version': '1.4'}}</msg>
<arg>${json_data}</arg>
<doc>Logs the given message with the given level.</doc>
<status status="PASS" start="2024-06-03T23:15:44.793779" elapsed="0.000270"/>
</kw>
<kw name="Should Be String" owner="String">
<arg>${json_data['results'][0]['gender']}</arg>
<doc>Fails if the given ``item`` is not a string.</doc>
<status status="PASS" start="2024-06-03T23:15:44.794386" elapsed="0.000394"/>
</kw>
<kw name="Should Match Regexp" owner="BuiltIn">
<arg>${json_data['results'][0]['email']}</arg>
<arg>^[a-zA-Z0-9._%+-]+@[a-zA-Z0-9.-]+\.[a-zA-Z]{2,}$</arg>
<doc>Fails if ``string`` does not match ``pattern`` as a regular expression.</doc>
<status status="PASS" start="2024-06-03T23:15:44.794980" elapsed="0.000701"/>
</kw>
<kw name="Should Match Regexp" owner="BuiltIn">
<arg>${json_data['results'][0]['dob']['date']}</arg>
<arg>\\d{4}-\\d{2}-\\d{2}T\\d{2}:\\d{2}:\\d{2}\\.\\d{3}Z</arg>
<doc>Fails if ``string`` does not match ``pattern`` as a regular expression.</doc>
<status status="PASS" start="2024-06-03T23:15:44.795887" elapsed="0.000515"/>
</kw>
<kw name="Should Match Regexp" owner="BuiltIn">
<arg>${json_data['results'][0]['registered']['date']}</arg>
<arg>\\d{4}-\\d{2}-\\d{2}T\\d{2}:\\d{2}:\\d{2}\\.\\d{3}Z</arg>
<doc>Fails if ``string`` does not match ``pattern`` as a regular expression.</doc>
<status status="PASS" start="2024-06-03T23:15:44.796600" elapsed="0.000408"/>
</kw>
<kw name="Should Match Regexp" owner="BuiltIn">
<arg>${json_data['results'][0]['picture']['large']}</arg>
<arg>^https?://.*\.(?:png|jpe?g|gif|bmp)$</arg>
<doc>Fails if ``string`` does not match ``pattern`` as a regular expression.</doc>
<status status="PASS" start="2024-06-03T23:15:44.797205" elapsed="0.000483"/>
</kw>
<kw name="Should Match Regexp" owner="BuiltIn">
<arg>${json_data['results'][0]['picture']['medium']}</arg>
<arg>^https?://.*\.(?:png|jpe?g|gif|bmp)$</arg>
<doc>Fails if ``string`` does not match ``pattern`` as a regular expression.</doc>
<status status="PASS" start="2024-06-03T23:15:44.797879" elapsed="0.000353"/>
</kw>
<kw name="Should Match Regexp" owner="BuiltIn">
<arg>${json_data['results'][0]['picture']['thumbnail']}</arg>
<arg>^https?://.*\.(?:png|jpe?g|gif|bmp)$</arg>
<doc>Fails if ``string`` does not match ``pattern`` as a regular expression.</doc>
<status status="PASS" start="2024-06-03T23:15:44.798421" elapsed="0.000343"/>
</kw>
<kw name="Log" owner="BuiltIn">
<msg time="2024-06-03T23:15:44.799271" level="INFO">{'large': 'https://randomuser.me/api/portraits/women/71.jpg', 'medium': 'https://randomuser.me/api/portraits/med/women/71.jpg', 'thumbnail': 'https://randomuser.me/api/portraits/thumb/women/71.jpg'}</msg>
<arg>${json_data['results'][0]['picture']}</arg>
<doc>Logs the given message with the given level.</doc>
<status status="PASS" start="2024-06-03T23:15:44.798948" elapsed="0.000365"/>
</kw>
<status status="PASS" start="2024-06-03T23:15:44.724209" elapsed="0.075379"/>
</kw>
<kw name="Teste de Tipos de Dados - Postcode" owner="random-user-service">
<kw name="GET On Session" owner="RequestsLibrary">
<msg time="2024-06-03T23:15:44.909808" level="INFO">GET Request : url=https://randomuser.me/api 
 path_url=/api 
 headers={'User-Agent': 'python-requests/2.32.3', 'Accept-Encoding': 'gzip, deflate', 'Accept': '*/*', 'Connection': 'keep-alive'} 
 body=None 
 </msg>
<msg time="2024-06-03T23:15:44.909934" level="INFO">GET Response : url=https://randomuser.me/api 
 status=200, reason=OK 
 headers={'Date': 'Mon, 03 Jun 2024 23:15:44 GMT', 'Content-Type': 'application/json; charset=utf-8', 'Transfer-Encoding': 'chunked', 'Connection': 'keep-alive', 'X-Powered-By': 'Express', 'Access-Control-Allow-Origin': '*', 'Cache-Control': 'no-cache', 'ETag': 'W/"48f-3QZYKLYkfK7GjYqhgrp39X3TGwU"', 'Vary': 'Accept-Encoding', 'Content-Encoding': 'gzip', 'CF-Cache-Status': 'DYNAMIC', 'Report-To': '{"endpoints":[{"url":"https:\\/\\/a.nel.cloudflare.com\\/report\\/v4?s=sQIYSags1RV%2BZ1Bc68zPiKh11FYLR%2BP0XLwLYarIixohDqJNX5%2FU6g8QKNVn%2FoEGHtGqEeAx17mQ%2BChICBIGDeFqdi5ycGlkHlUeZZItpYUwN6RxsNMtApudszKefN99"}],"group":"cf-nel","max_age":604800}', 'NEL': '{"success_fraction":0,"report_to":"cf-nel","max_age":604800}', 'Server': 'cloudflare', 'CF-RAY': '88e3630d0fb513c9-IAD', 'alt-svc': 'h3=":443"; ma=86400'} 
 body={"results":[{"gender":"female","name":{"title":"Miss","first":"Miriam","last":"Burton"},"location":{"street":{"number":7111,"name":"W 6th St"},"city":"Devonport","state":"Tasmania","country":"Australia","postcode":3825,"coordinates":{"latitude":"-89.0537","longitude":"127.1176"},"timezone":{"offset":"+10:00","description":"Eastern Australia, Guam, Vladivostok"}},"email":"miriam.burton@example.com","login":{"uuid":"b10fbd5a-03fe-4ec4-997b-0777961519de","username":"redbear507","password":"jing","salt":"m933XthJ","md5":"a8ec67ca36ff2bbc906b3f19b996f235","sha1":"6b1d45c1d70943d1067065f2c4a32177c19c8d4f","sha256":"57296b1469d727a78a88e22415fbc12469f00892b806278dd52df31d0d9cdee1"},"dob":{"date":"1971-08-29T09:23:20.462Z","age":52},"registered":{"date":"2011-06-26T14:07:35.124Z","age":12},"phone":"04-0306-8902","cell":"0413-333-304","id":{"name":"TFN","value":"000932106"},"picture":{"large":"https://randomuser.me/api/portraits/women/56.jpg","medium":"https://randomuser.me/api/portraits/med/women/56.jpg","thumbnail":"https://randomuser.me/api/portraits/thumb/women/56.jpg"},"nat":"AU"}],"info":{"seed":"5ddf71c8f5a5fde5","results":1,"page":1,"version":"1.4"}} 
 </msg>
<msg time="2024-06-03T23:15:44.910030" level="INFO">/opt/hostedtoolcache/Python/3.12.3/x64/lib/python3.12/site-packages/urllib3/connectionpool.py:1103: InsecureRequestWarning: Unverified HTTPS request is being made to host 'randomuser.me'. Adding certificate verification is strongly advised. See: https://urllib3.readthedocs.io/en/latest/advanced-usage.html#tls-warnings
  warnings.warn(</msg>
<msg time="2024-06-03T23:15:44.910180" level="INFO">${response} = &lt;Response [200]&gt;</msg>
<var>${response}</var>
<arg>consultarAPI</arg>
<arg>/api</arg>
<doc>Sends a GET request on a previously created HTTP Session.</doc>
<status status="PASS" start="2024-06-03T23:15:44.800065" elapsed="0.110155"/>
</kw>
<kw name="Set Variable" owner="BuiltIn">
<msg time="2024-06-03T23:15:44.911631" level="INFO">${json_data} = {'results': [{'gender': 'female', 'name': {'title': 'Miss', 'first': 'Miriam', 'last': 'Burton'}, 'location': {'street': {'number': 7111, 'name': 'W 6th St'}, 'city': 'Devonport', 'state': 'Tasmania',...</msg>
<var>${json_data}</var>
<arg>${response.json()}</arg>
<doc>Returns the given values which can then be assigned to a variables.</doc>
<status status="PASS" start="2024-06-03T23:15:44.910966" elapsed="0.000694"/>
</kw>
<kw name="Log" owner="BuiltIn">
<msg time="2024-06-03T23:15:44.912142" level="INFO">{'results': [{'gender': 'female', 'name': {'title': 'Miss', 'first': 'Miriam', 'last': 'Burton'}, 'location': {'street': {'number': 7111, 'name': 'W 6th St'}, 'city': 'Devonport', 'state': 'Tasmania', 'country': 'Australia', 'postcode': 3825, 'coordinates': {'latitude': '-89.0537', 'longitude': '127.1176'}, 'timezone': {'offset': '+10:00', 'description': 'Eastern Australia, Guam, Vladivostok'}}, 'email': 'miriam.burton@example.com', 'login': {'uuid': 'b10fbd5a-03fe-4ec4-997b-0777961519de', 'username': 'redbear507', 'password': 'jing', 'salt': 'm933XthJ', 'md5': 'a8ec67ca36ff2bbc906b3f19b996f235', 'sha1': '6b1d45c1d70943d1067065f2c4a32177c19c8d4f', 'sha256': '57296b1469d727a78a88e22415fbc12469f00892b806278dd52df31d0d9cdee1'}, 'dob': {'date': '1971-08-29T09:23:20.462Z', 'age': 52}, 'registered': {'date': '2011-06-26T14:07:35.124Z', 'age': 12}, 'phone': '04-0306-8902', 'cell': '0413-333-304', 'id': {'name': 'TFN', 'value': '000932106'}, 'picture': {'large': 'https://randomuser.me/api/portraits/women/56.jpg', 'medium': 'https://randomuser.me/api/portraits/med/women/56.jpg', 'thumbnail': 'https://randomuser.me/api/portraits/thumb/women/56.jpg'}, 'nat': 'AU'}], 'info': {'seed': '5ddf71c8f5a5fde5', 'results': 1, 'page': 1, 'version': '1.4'}}</msg>
<arg>${json_data}</arg>
<doc>Logs the given message with the given level.</doc>
<status status="PASS" start="2024-06-03T23:15:44.911976" elapsed="0.000260"/>
</kw>
<kw name="Should Be Equal As Numbers" owner="BuiltIn">
<arg>${json_data['results'][0]['location']['postcode']}</arg>
<arg>${json_data['results'][0]['location']['postcode']}</arg>
<doc>Fails if objects are unequal after converting them to real numbers.</doc>
<status status="PASS" start="2024-06-03T23:15:44.912538" elapsed="0.000674"/>
</kw>
<kw name="Log" owner="BuiltIn">
<msg time="2024-06-03T23:15:44.913745" level="INFO">3825</msg>
<arg>${json_data['results'][0]['location']['postcode']}</arg>
<doc>Logs the given message with the given level.</doc>
<status status="PASS" start="2024-06-03T23:15:44.913412" elapsed="0.000374"/>
</kw>
<status status="PASS" start="2024-06-03T23:15:44.799826" elapsed="0.114219"/>
</kw>
<doc>Testa se os tipos de dados na resposta da API estão corretos.</doc>
<tag>testeTiposDados</tag>
<status status="PASS" start="2024-06-03T23:15:44.723729" elapsed="0.190491"/>
</test>
<test id="s1-s1-t5" name="Validar conteudo" line="35">
<kw name="Teste de Tipos de Conteudo" owner="random-user-service">
<kw name="GET On Session" owner="RequestsLibrary">
<msg time="2024-06-03T23:15:45.015103" level="INFO">GET Request : url=https://randomuser.me/api 
 path_url=/api 
 headers={'User-Agent': 'python-requests/2.32.3', 'Accept-Encoding': 'gzip, deflate', 'Accept': '*/*', 'Connection': 'keep-alive'} 
 body=None 
 </msg>
<msg time="2024-06-03T23:15:45.015229" level="INFO">GET Response : url=https://randomuser.me/api 
 status=200, reason=OK 
 headers={'Date': 'Mon, 03 Jun 2024 23:15:45 GMT', 'Content-Type': 'application/json; charset=utf-8', 'Transfer-Encoding': 'chunked', 'Connection': 'keep-alive', 'X-Powered-By': 'Express', 'Access-Control-Allow-Origin': '*', 'Cache-Control': 'no-cache', 'ETag': 'W/"47e-K283lnAVhpvFhEQd3yry6Q5LMoM"', 'Vary': 'Accept-Encoding', 'Content-Encoding': 'gzip', 'CF-Cache-Status': 'DYNAMIC', 'Report-To': '{"endpoints":[{"url":"https:\\/\\/a.nel.cloudflare.com\\/report\\/v4?s=lnohEvBkkxEI%2BOWg0jH4PGZ%2BCTWsCYoko6TcRIrI2UHJEqhJk4qG4RlN%2BtzkcQm1d8wAaL8ZQEfyGfFddFf1RlspAXJkafSMgW22iQewsuFDV5y9IjvUfjjC8uEFzvWG"}],"group":"cf-nel","max_age":604800}', 'NEL': '{"success_fraction":0,"report_to":"cf-nel","max_age":604800}', 'Server': 'cloudflare', 'CF-RAY': '88e3630db89313c9-IAD', 'alt-svc': 'h3=":443"; ma=86400'} 
 body={"results":[{"gender":"female","name":{"title":"Ms","first":"Eva","last":"Montero"},"location":{"street":{"number":1185,"name":"Avenida de Salamanca"},"city":"Torrevieja","state":"País Vasco","country":"Spain","postcode":85253,"coordinates":{"latitude":"-37.3728","longitude":"78.8169"},"timezone":{"offset":"+5:45","description":"Kathmandu"}},"email":"eva.montero@example.com","login":{"uuid":"59fb12ef-d0d7-4736-959e-cd901145ddc8","username":"whiterabbit832","password":"medusa","salt":"aZDDpyLt","md5":"cc3f3b009cb99ce04c7c27cf5400a399","sha1":"17120e6987c023f63598b4571a433f1a6e78223d","sha256":"5135ffebe4fc4943ce427ad4d46e45df697642d2e9cac612cac98818e51f845a"},"dob":{"date":"1979-01-16T01:19:58.534Z","age":45},"registered":{"date":"2003-05-16T05:40:15.483Z","age":21},"phone":"902-388-758","cell":"695-800-866","id":{"name":"DNI","value":"97568082-M"},"picture":{"large":"https://randomuser.me/api/portraits/women/11.jpg","medium":"https://randomuser.me/api/portraits/med/women/11.jpg","thumbnail":"https://randomuser.me/api/portraits/thumb/women/11.jpg"},"nat":"ES"}],"info":{"seed":"5717a145fc65d385","results":1,"page":1,"version":"1.4"}} 
 </msg>
<msg time="2024-06-03T23:15:45.015322" level="INFO">/opt/hostedtoolcache/Python/3.12.3/x64/lib/python3.12/site-packages/urllib3/connectionpool.py:1103: InsecureRequestWarning: Unverified HTTPS request is being made to host 'randomuser.me'. Adding certificate verification is strongly advised. See: https://urllib3.readthedocs.io/en/latest/advanced-usage.html#tls-warnings
  warnings.warn(</msg>
<msg time="2024-06-03T23:15:45.015469" level="INFO">${response} = &lt;Response [200]&gt;</msg>
<var>${response}</var>
<arg>consultarAPI</arg>
<arg>/api</arg>
<doc>Sends a GET request on a previously created HTTP Session.</doc>
<status status="PASS" start="2024-06-03T23:15:44.916702" elapsed="0.098807"/>
</kw>
<kw name="Set Variable" owner="BuiltIn">
<msg time="2024-06-03T23:15:45.016792" level="INFO">${json_data} = {'results': [{'gender': 'female', 'name': {'title': 'Ms', 'first': 'Eva', 'last': 'Montero'}, 'location': {'street': {'number': 1185, 'name': 'Avenida de Salamanca'}, 'city': 'Torrevieja', 'state': 'P...</msg>
<var>${json_data}</var>
<arg>${response.json()}</arg>
<doc>Returns the given values which can then be assigned to a variables.</doc>
<status status="PASS" start="2024-06-03T23:15:45.016213" elapsed="0.000608"/>
</kw>
<kw name="Set Variable" owner="BuiltIn">
<msg time="2024-06-03T23:15:45.017557" level="INFO">${name_title} = Ms</msg>
<var>${name_title}</var>
<arg>${json_data["results"][0]["name"]["title"]}</arg>
<doc>Returns the given values which can then be assigned to a variables.</doc>
<status status="PASS" start="2024-06-03T23:15:45.017169" elapsed="0.000414"/>
</kw>
<kw name="Create List" owner="BuiltIn">
<msg time="2024-06-03T23:15:45.018030" level="INFO">${allowed_titles} = ['Mr', 'Ms', 'Miss', 'Mrs', 'Madame', 'Monsieur']</msg>
<var>${allowed_titles}</var>
<arg>Mr</arg>
<arg>Ms</arg>
<arg>Miss</arg>
<arg>Mrs</arg>
<arg>Madame</arg>
<arg>Monsieur</arg>
<doc>Returns a list containing given items.</doc>
<status status="PASS" start="2024-06-03T23:15:45.017881" elapsed="0.000173"/>
</kw>
<kw name="List Should Contain Value" owner="Collections">
<msg time="2024-06-03T23:15:45.018532" level="INFO">False</msg>
<arg>${allowed_titles}</arg>
<arg>${name_title}</arg>
<doc>Fails if the ``value`` is not found from ``list``.</doc>
<status status="PASS" start="2024-06-03T23:15:45.018356" elapsed="0.000213"/>
</kw>
<kw name="Set Variable" owner="BuiltIn">
<msg time="2024-06-03T23:15:45.019446" level="INFO">${name_country} = ES</msg>
<var>${name_country}</var>
<arg>${json_data["results"][0]["nat"]}</arg>
<doc>Returns the given values which can then be assigned to a variables.</doc>
<status status="PASS" start="2024-06-03T23:15:45.018860" elapsed="0.000611"/>
</kw>
<kw name="Create List" owner="BuiltIn">
<msg time="2024-06-03T23:15:45.020379" level="INFO">${list_country} = ['AD', 'AE', 'AF', 'AG', 'AI', 'AL', 'AM', 'AO', 'AQ', 'AR', 'AS', 'AT', 'AU', 'AW', 'AX', 'AZ', 'BA', 'BB', 'BD', 'BE', 'BF', 'BG', 'BH', 'BI', 'BJ', 'BL', 'BM', 'BN', 'BO', 'BQ', 'BR', 'BS', 'BT', '...</msg>
<var>${list_country}</var>
<arg>AD</arg>
<arg>AE</arg>
<arg>AF</arg>
<arg>AG</arg>
<arg>AI</arg>
<arg>AL</arg>
<arg>AM</arg>
<arg>AO</arg>
<arg>AQ</arg>
<arg>AR</arg>
<arg>AS</arg>
<arg>AT</arg>
<arg>AU</arg>
<arg>AW</arg>
<arg>AX</arg>
<arg>AZ</arg>
<arg>BA</arg>
<arg>BB</arg>
<arg>BD</arg>
<arg>BE</arg>
<arg>BF</arg>
<arg>BG</arg>
<arg>BH</arg>
<arg>BI</arg>
<arg>BJ</arg>
<arg>BL</arg>
<arg>BM</arg>
<arg>BN</arg>
<arg>BO</arg>
<arg>BQ</arg>
<arg>BR</arg>
<arg>BS</arg>
<arg>BT</arg>
<arg>BV</arg>
<arg>BW</arg>
<arg>BY</arg>
<arg>BZ</arg>
<arg>CA</arg>
<arg>CC</arg>
<arg>CD</arg>
<arg>CF</arg>
<arg>CG</arg>
<arg>CH</arg>
<arg>CI</arg>
<arg>CK</arg>
<arg>CL</arg>
<arg>CM</arg>
<arg>CN</arg>
<arg>CO</arg>
<arg>CR</arg>
<arg>CU</arg>
<arg>CV</arg>
<arg>CW</arg>
<arg>CX</arg>
<arg>CY</arg>
<arg>CZ</arg>
<arg>DE</arg>
<arg>DJ</arg>
<arg>DK</arg>
<arg>DM</arg>
<arg>DO</arg>
<arg>DZ</arg>
<arg>EC</arg>
<arg>EE</arg>
<arg>EG</arg>
<arg>EH</arg>
<arg>ER</arg>
<arg>ES</arg>
<arg>ET</arg>
<arg>FI</arg>
<arg>FJ</arg>
<arg>FK</arg>
<arg>FM</arg>
<arg>FO</arg>
<arg>FR</arg>
<arg>GA</arg>
<arg>GB</arg>
<arg>GD</arg>
<arg>GE</arg>
<arg>GF</arg>
<arg>GG</arg>
<arg>GH</arg>
<arg>GI</arg>
<arg>GL</arg>
<arg>GM</arg>
<arg>GN</arg>
<arg>GP</arg>
<arg>GQ</arg>
<arg>GR</arg>
<arg>GS</arg>
<arg>GT</arg>
<arg>GU</arg>
<arg>GW</arg>
<arg>GY</arg>
<arg>HK</arg>
<arg>HM</arg>
<arg>HN</arg>
<arg>HR</arg>
<arg>HT</arg>
<arg>HU</arg>
<arg>ID</arg>
<arg>IE</arg>
<arg>IL</arg>
<arg>IM</arg>
<arg>IN</arg>
<arg>IO</arg>
<arg>IQ</arg>
<arg>IR</arg>
<arg>IS</arg>
<arg>IT</arg>
<arg>JE</arg>
<arg>JM</arg>
<arg>JO</arg>
<arg>JP</arg>
<arg>KE</arg>
<arg>KG</arg>
<arg>KH</arg>
<arg>KI</arg>
<arg>KM</arg>
<arg>KN</arg>
<arg>KP</arg>
<arg>KR</arg>
<arg>KW</arg>
<arg>KY</arg>
<arg>KZ</arg>
<arg>LA</arg>
<arg>LB</arg>
<arg>LC</arg>
<arg>LI</arg>
<arg>LK</arg>
<arg>LR</arg>
<arg>LS</arg>
<arg>LT</arg>
<arg>LU</arg>
<arg>LV</arg>
<arg>LY</arg>
<arg>MA</arg>
<arg>MC</arg>
<arg>MD</arg>
<arg>ME</arg>
<arg>MF</arg>
<arg>MG</arg>
<arg>MH</arg>
<arg>MK</arg>
<arg>ML</arg>
<arg>MM</arg>
<arg>MN</arg>
<arg>MO</arg>
<arg>MP</arg>
<arg>MQ</arg>
<arg>MR</arg>
<arg>MS</arg>
<arg>MT</arg>
<arg>MU</arg>
<arg>MV</arg>
<arg>MW</arg>
<arg>MX</arg>
<arg>MY</arg>
<arg>MZ</arg>
<arg>NA</arg>
<arg>NC</arg>
<arg>NE</arg>
<arg>NF</arg>
<arg>NG</arg>
<arg>NI</arg>
<arg>NL</arg>
<arg>NO</arg>
<arg>NP</arg>
<arg>NR</arg>
<arg>NU</arg>
<arg>NZ</arg>
<arg>OM</arg>
<arg>PA</arg>
<arg>PE</arg>
<arg>PF</arg>
<arg>PG</arg>
<arg>PH</arg>
<arg>PK</arg>
<arg>PL</arg>
<arg>PM</arg>
<arg>PN</arg>
<arg>PR</arg>
<arg>PS</arg>
<arg>PT</arg>
<arg>PW</arg>
<arg>PY</arg>
<arg>QA</arg>
<arg>RE</arg>
<arg>RO</arg>
<arg>RS</arg>
<arg>RU</arg>
<arg>RW</arg>
<arg>SA</arg>
<arg>SB</arg>
<arg>SC</arg>
<arg>SD</arg>
<arg>SE</arg>
<arg>SG</arg>
<arg>SH</arg>
<arg>SI</arg>
<arg>SJ</arg>
<arg>SK</arg>
<arg>SL</arg>
<arg>SM</arg>
<arg>SN</arg>
<arg>SO</arg>
<arg>SR</arg>
<arg>SS</arg>
<arg>ST</arg>
<arg>SV</arg>
<arg>SX</arg>
<arg>SY</arg>
<arg>SZ</arg>
<arg>TC</arg>
<arg>TD</arg>
<arg>TF</arg>
<arg>TG</arg>
<arg>TH</arg>
<arg>TJ</arg>
<arg>TK</arg>
<arg>TL</arg>
<arg>TM</arg>
<arg>TN</arg>
<arg>TO</arg>
<arg>TR</arg>
<arg>TT</arg>
<arg>TV</arg>
<arg>TW</arg>
<arg>TZ</arg>
<arg>UA</arg>
<arg>UG</arg>
<arg>UM</arg>
<arg>US</arg>
<arg>UY</arg>
<arg>UZ</arg>
<arg>VA</arg>
<arg>VC</arg>
<arg>VE</arg>
<arg>VG</arg>
<arg>VI</arg>
<arg>VN</arg>
<arg>VU</arg>
<arg>WF</arg>
<arg>WS</arg>
<arg>XK</arg>
<arg>YE</arg>
<arg>YT</arg>
<arg>ZA</arg>
<arg>ZM</arg>
<arg>ZW</arg>
<doc>Returns a list containing given items.</doc>
<status status="PASS" start="2024-06-03T23:15:45.019778" elapsed="0.000627"/>
</kw>
<kw name="List Should Contain Value" owner="Collections">
<msg time="2024-06-03T23:15:45.021429" level="INFO">False</msg>
<arg>${list_country}</arg>
<arg>${name_country}</arg>
<doc>Fails if the ``value`` is not found from ``list``.</doc>
<status status="PASS" start="2024-06-03T23:15:45.021224" elapsed="0.000240"/>
</kw>
<kw name="Run Keyword If" owner="BuiltIn">
<kw name="Should Be True" owner="BuiltIn">
<arg>${True}</arg>
<doc>Fails if the given condition is not true.</doc>
<status status="PASS" start="2024-06-03T23:15:45.022531" elapsed="0.000145"/>
</kw>
<arg>${json_data["results"][0]["location"]["coordinates"]["latitude"]} &gt;= -90 and ${json_data["results"][0]["location"]["coordinates"]["latitude"]} &lt;= 90</arg>
<arg>Should Be True</arg>
<arg>${True}</arg>
<doc>Runs the given keyword with the given arguments, if ``condition`` is true.</doc>
<status status="PASS" start="2024-06-03T23:15:45.021779" elapsed="0.001021"/>
</kw>
<kw name="Run Keyword If" owner="BuiltIn">
<kw name="Should Be True" owner="BuiltIn">
<arg>${True}</arg>
<doc>Fails if the given condition is not true.</doc>
<status status="PASS" start="2024-06-03T23:15:45.023686" elapsed="0.000137"/>
</kw>
<arg>${json_data["results"][0]["location"]["coordinates"]["longitude"]} &gt;= -180 and ${json_data["results"][0]["location"]["coordinates"]["longitude"]} &lt;= 180</arg>
<arg>Should Be True</arg>
<arg>${True}</arg>
<doc>Runs the given keyword with the given arguments, if ``condition`` is true.</doc>
<status status="PASS" start="2024-06-03T23:15:45.022989" elapsed="0.000958"/>
</kw>
<status status="PASS" start="2024-06-03T23:15:44.916474" elapsed="0.107603"/>
</kw>
<doc>Testa o conteúdo específico dos campos retornados pela API.</doc>
<tag>testeConteudo</tag>
<status status="PASS" start="2024-06-03T23:15:44.916006" elapsed="0.108223"/>
</test>
<status status="PASS" start="2024-06-03T23:15:44.060747" elapsed="0.965469"/>
</suite>
<status status="PASS" start="2024-06-03T23:15:44.047242" elapsed="0.984215"/>
</suite>
<statistics>
<total>
<stat pass="5" fail="0" skip="0">All Tests</stat>
</total>
<tag>
<stat pass="1" fail="0" skip="0">testeConteudo</stat>
<stat pass="1" fail="0" skip="0">testeEstruturaResposta</stat>
<stat pass="1" fail="0" skip="0">testeRequisicaoBasica</stat>
<stat pass="1" fail="0" skip="0">testeTiposDados</stat>
</tag>
<suite>
<stat pass="5" fail="0" skip="0" id="s1" name="Tests">Tests</stat>
<stat pass="5" fail="0" skip="0" id="s1-s1" name="Random-User-Test">Tests.Random-User-Test</stat>
</suite>
</statistics>
<errors>
</errors>
</robot>
