<?xml version="1.0" encoding="UTF-8"?>
<robot generator="Robot 7.0.1 (Python 3.12.4 on linux)" generated="2024-07-16T07:15:31.405403" rpa="false" schemaversion="5">
<suite id="s1" name="Tests" source="/home/runner/work/ApiRandomUser/ApiRandomUser/RamdonUser/tests">
<suite id="s1-s1" name="Random-User-Test" source="/home/runner/work/ApiRandomUser/ApiRandomUser/RamdonUser/tests/random-user-test.robot">
<test id="s1-s1-t1" name="Conectar" line="13">
<kw name="Conectar API" owner="random-user-service">
<kw name="Create Session" owner="RequestsLibrary">
<msg time="2024-07-16T07:15:31.805603" level="INFO">Creating Session using : alias=consultarAPI, url=https://randomuser.me/, headers={},                     cookies={}, auth=None, timeout=None, proxies=None, verify=False,                     debug=0 </msg>
<arg>consultarAPI</arg>
<arg>${URL}</arg>
<doc>Create Session: create a HTTP session to a server</doc>
<status status="PASS" start="2024-07-16T07:15:31.805403" elapsed="0.000369"/>
</kw>
<status status="PASS" start="2024-07-16T07:15:31.804456" elapsed="0.001671"/>
</kw>
<status status="PASS" start="2024-07-16T07:15:31.803775" elapsed="0.002548"/>
</test>
<test id="s1-s1-t2" name="Validar retorno 200 e JSON Válido" line="16">
<kw name="Teste de Requisicao Basica" owner="random-user-service">
<kw name="GET On Session" owner="RequestsLibrary">
<msg time="2024-07-16T07:15:31.891697" level="INFO">GET Request : url=https://randomuser.me/api 
 path_url=/api 
 headers={'User-Agent': 'python-requests/2.32.3', 'Accept-Encoding': 'gzip, deflate', 'Accept': '*/*', 'Connection': 'keep-alive'} 
 body=None 
 </msg>
<msg time="2024-07-16T07:15:31.891797" level="INFO">GET Response : url=https://randomuser.me/api 
 status=200, reason=OK 
 headers={'Date': 'Tue, 16 Jul 2024 07:15:31 GMT', 'Content-Type': 'application/json; charset=utf-8', 'Transfer-Encoding': 'chunked', 'Connection': 'keep-alive', 'X-Powered-By': 'Express', 'Access-Control-Allow-Origin': '*', 'Cache-Control': 'no-cache', 'ETag': 'W/"4a3-N/bHaCojuNagutK49NfTUGZH4+s"', 'Vary': 'Accept-Encoding', 'Content-Encoding': 'gzip', 'CF-Cache-Status': 'DYNAMIC', 'Report-To': '{"endpoints":[{"url":"https:\\/\\/a.nel.cloudflare.com\\/report\\/v4?s=9Y3XSASYVfAt1VqI5YT%2BlJ4o4Olejz7%2FbdtGPpGOFv1PEgJ%2BeG4mLkrMz5HeBOTSRf0x5f6ZjNfgRvWF2obsAW1Mjs752rEnF5NyjpLkUS6q%2B%2Bp6HJMpdfPzHxq8%2BOqU"}],"group":"cf-nel","max_age":604800}', 'NEL': '{"success_fraction":0,"report_to":"cf-nel","max_age":604800}', 'Server': 'cloudflare', 'CF-RAY': '8a40339c18342d07-IAD', 'alt-svc': 'h3=":443"; ma=86400'} 
 body={"results":[{"gender":"female","name":{"title":"Mrs","first":"Aurora","last":"Ramos"},"location":{"street":{"number":1120,"name":"Calle de Argumosa"},"city":"Albacete","state":"Comunidad Valenciana","country":"Spain","postcode":74835,"coordinates":{"latitude":"-32.4793","longitude":"166.6973"},"timezone":{"offset":"+10:00","description":"Eastern Australia, Guam, Vladivostok"}},"email":"aurora.ramos@example.com","login":{"uuid":"2c5f1508-b198-4a3f-b857-428e8a59efdc","username":"heavyelephant235","password":"elijah","salt":"eLFNl0BF","md5":"7344db031a45a18f94aca9b5bf7f8550","sha1":"7d7867ce0d58cacf45c545434b72ab0a37e900b2","sha256":"38e092e082054032ae4535587a370481f3eaac7eda729b4f6bf2384bb042ef82"},"dob":{"date":"1975-07-09T00:01:34.538Z","age":49},"registered":{"date":"2021-02-15T18:36:44.097Z","age":3},"phone":"963-599-871","cell":"651-874-442","id":{"name":"DNI","value":"00567728-A"},"picture":{"large":"https://randomuser.me/api/portraits/women/53.jpg","medium":"https://randomuser.me/api/portraits/med/women/53.jpg","thumbnail":"https://randomuser.me/api/portraits/thumb/women/53.jpg"},"nat":"ES"}],"info":{"seed":"8168cf471dd84ad8","results":1,"page":1,"version":"1.4"}} 
 </msg>
<msg time="2024-07-16T07:15:31.891867" level="INFO">/opt/hostedtoolcache/Python/3.12.4/x64/lib/python3.12/site-packages/urllib3/connectionpool.py:1099: InsecureRequestWarning: Unverified HTTPS request is being made to host 'randomuser.me'. Adding certificate verification is strongly advised. See: https://urllib3.readthedocs.io/en/latest/advanced-usage.html#tls-warnings
  warnings.warn(</msg>
<msg time="2024-07-16T07:15:31.891987" level="INFO">${response} = &lt;Response [200]&gt;</msg>
<var>${response}</var>
<arg>consultarAPI</arg>
<arg>/api</arg>
<doc>Sends a GET request on a previously created HTTP Session.</doc>
<status status="PASS" start="2024-07-16T07:15:31.809027" elapsed="0.083013"/>
</kw>
<kw name="Should Be Equal As Numbers" owner="BuiltIn">
<msg time="2024-07-16T07:15:31.893032" level="INFO">Argument types are:
&lt;class 'int'&gt;
&lt;class 'str'&gt;</msg>
<arg>${response.status_code}</arg>
<arg>200</arg>
<doc>Fails if objects are unequal after converting them to real numbers.</doc>
<status status="PASS" start="2024-07-16T07:15:31.892536" elapsed="0.000561"/>
</kw>
<kw name="Log" owner="BuiltIn">
<msg time="2024-07-16T07:15:31.893769" level="INFO">200</msg>
<arg>${response.status_code}</arg>
<doc>Logs the given message with the given level.</doc>
<status status="PASS" start="2024-07-16T07:15:31.893415" elapsed="0.000398"/>
</kw>
<kw name="Set Variable" owner="BuiltIn">
<msg time="2024-07-16T07:15:31.894543" level="INFO">${json_data} = {'results': [{'gender': 'female', 'name': {'title': 'Mrs', 'first': 'Aurora', 'last': 'Ramos'}, 'location': {'street': {'number': 1120, 'name': 'Calle de Argumosa'}, 'city': 'Albacete', 'state': 'Comu...</msg>
<var>${json_data}</var>
<arg>${response.json()}</arg>
<doc>Returns the given values which can then be assigned to a variables.</doc>
<status status="PASS" start="2024-07-16T07:15:31.894115" elapsed="0.000457"/>
</kw>
<kw name="Dictionary Should Contain Key" owner="Collections">
<arg>${json_data}</arg>
<arg>results</arg>
<doc>Fails if ``key`` is not found from ``dictionary``.</doc>
<status status="PASS" start="2024-07-16T07:15:31.894872" elapsed="0.000161"/>
</kw>
<status status="PASS" start="2024-07-16T07:15:31.808765" elapsed="0.086411"/>
</kw>
<doc>Testa se a API responde corretamente e retorna um objeto JSON válido.</doc>
<tag>testeRequisicaoBasica</tag>
<status status="PASS" start="2024-07-16T07:15:31.808224" elapsed="0.087126"/>
</test>
<test id="s1-s1-t3" name="Validar estrutura de resposta" line="22">
<kw name="Teste de Estrutura de Resposta" owner="random-user-service">
<kw name="GET On Session" owner="RequestsLibrary">
<msg time="2024-07-16T07:15:31.994841" level="INFO">GET Request : url=https://randomuser.me/api 
 path_url=/api 
 headers={'User-Agent': 'python-requests/2.32.3', 'Accept-Encoding': 'gzip, deflate', 'Accept': '*/*', 'Connection': 'keep-alive'} 
 body=None 
 </msg>
<msg time="2024-07-16T07:15:31.994907" level="INFO">GET Response : url=https://randomuser.me/api 
 status=200, reason=OK 
 headers={'Date': 'Tue, 16 Jul 2024 07:15:31 GMT', 'Content-Type': 'application/json; charset=utf-8', 'Transfer-Encoding': 'chunked', 'Connection': 'keep-alive', 'X-Powered-By': 'Express', 'Access-Control-Allow-Origin': '*', 'Cache-Control': 'no-cache', 'ETag': 'W/"48b-ZYaef8JFaWCMBRs08miMsWKi8lY"', 'Vary': 'Accept-Encoding', 'Content-Encoding': 'gzip', 'CF-Cache-Status': 'DYNAMIC', 'Report-To': '{"endpoints":[{"url":"https:\\/\\/a.nel.cloudflare.com\\/report\\/v4?s=IGT51aOc55NRMUhGc5CRoQosgaojlFULrKB7DJ9zrxcttA1JCRqH7sutY3xOgJ896%2F5%2Fd1pfnr%2BEzDYxk9IQfcc2IMtBdb%2FvGbOKjk%2BjFZeB1vmZ1BSWZOSbYZZysMZ%2F"}],"group":"cf-nel","max_age":604800}', 'NEL': '{"success_fraction":0,"report_to":"cf-nel","max_age":604800}', 'Server': 'cloudflare', 'CF-RAY': '8a40339c687c2d07-IAD', 'alt-svc': 'h3=":443"; ma=86400'} 
 body={"results":[{"gender":"male","name":{"title":"Mr","first":"Maurice","last":"Thomas"},"location":{"street":{"number":6262,"name":"Ranchview Dr"},"city":"Davenport","state":"Missouri","country":"United States","postcode":61524,"coordinates":{"latitude":"87.3152","longitude":"-131.4288"},"timezone":{"offset":"+2:00","description":"Kaliningrad, South Africa"}},"email":"maurice.thomas@example.com","login":{"uuid":"be8aa379-c0eb-4cef-ac1f-c148f67da55c","username":"bigzebra776","password":"sand","salt":"Ud5SV47x","md5":"c1737765df26532aef031eff1a087ffb","sha1":"9a191496207d7059f2e2afd1b7c399eadf598896","sha256":"2c5353a1fdba26c46dbe420e4f590817d0b952e6303eef0cd94db28302cc68d2"},"dob":{"date":"1951-06-04T15:02:50.869Z","age":73},"registered":{"date":"2007-09-10T19:13:56.332Z","age":16},"phone":"(944) 863-3762","cell":"(505) 973-7128","id":{"name":"SSN","value":"787-18-5965"},"picture":{"large":"https://randomuser.me/api/portraits/men/52.jpg","medium":"https://randomuser.me/api/portraits/med/men/52.jpg","thumbnail":"https://randomuser.me/api/portraits/thumb/men/52.jpg"},"nat":"US"}],"info":{"seed":"d3a618f9c2d9972a","results":1,"page":1,"version":"1.4"}} 
 </msg>
<msg time="2024-07-16T07:15:31.995003" level="INFO">/opt/hostedtoolcache/Python/3.12.4/x64/lib/python3.12/site-packages/urllib3/connectionpool.py:1099: InsecureRequestWarning: Unverified HTTPS request is being made to host 'randomuser.me'. Adding certificate verification is strongly advised. See: https://urllib3.readthedocs.io/en/latest/advanced-usage.html#tls-warnings
  warnings.warn(</msg>
<msg time="2024-07-16T07:15:31.995100" level="INFO">${response} = &lt;Response [200]&gt;</msg>
<var>${response}</var>
<arg>consultarAPI</arg>
<arg>/api</arg>
<doc>Sends a GET request on a previously created HTTP Session.</doc>
<status status="PASS" start="2024-07-16T07:15:31.898007" elapsed="0.097136"/>
</kw>
<kw name="Set Variable" owner="BuiltIn">
<msg time="2024-07-16T07:15:31.996222" level="INFO">${json_data} = {'results': [{'gender': 'male', 'name': {'title': 'Mr', 'first': 'Maurice', 'last': 'Thomas'}, 'location': {'street': {'number': 6262, 'name': 'Ranchview Dr'}, 'city': 'Davenport', 'state': 'Missouri'...</msg>
<var>${json_data}</var>
<arg>${response.json()}</arg>
<doc>Returns the given values which can then be assigned to a variables.</doc>
<status status="PASS" start="2024-07-16T07:15:31.995614" elapsed="0.000637"/>
</kw>
<kw name="Log" owner="BuiltIn">
<msg time="2024-07-16T07:15:31.996716" level="INFO">{'results': [{'gender': 'male', 'name': {'title': 'Mr', 'first': 'Maurice', 'last': 'Thomas'}, 'location': {'street': {'number': 6262, 'name': 'Ranchview Dr'}, 'city': 'Davenport', 'state': 'Missouri', 'country': 'United States', 'postcode': 61524, 'coordinates': {'latitude': '87.3152', 'longitude': '-131.4288'}, 'timezone': {'offset': '+2:00', 'description': 'Kaliningrad, South Africa'}}, 'email': 'maurice.thomas@example.com', 'login': {'uuid': 'be8aa379-c0eb-4cef-ac1f-c148f67da55c', 'username': 'bigzebra776', 'password': 'sand', 'salt': 'Ud5SV47x', 'md5': 'c1737765df26532aef031eff1a087ffb', 'sha1': '9a191496207d7059f2e2afd1b7c399eadf598896', 'sha256': '2c5353a1fdba26c46dbe420e4f590817d0b952e6303eef0cd94db28302cc68d2'}, 'dob': {'date': '1951-06-04T15:02:50.869Z', 'age': 73}, 'registered': {'date': '2007-09-10T19:13:56.332Z', 'age': 16}, 'phone': '(944) 863-3762', 'cell': '(505) 973-7128', 'id': {'name': 'SSN', 'value': '787-18-5965'}, 'picture': {'large': 'https://randomuser.me/api/portraits/men/52.jpg', 'medium': 'https://randomuser.me/api/portraits/med/men/52.jpg', 'thumbnail': 'https://randomuser.me/api/portraits/thumb/men/52.jpg'}, 'nat': 'US'}], 'info': {'seed': 'd3a618f9c2d9972a', 'results': 1, 'page': 1, 'version': '1.4'}}</msg>
<arg>${json_data}</arg>
<doc>Logs the given message with the given level.</doc>
<status status="PASS" start="2024-07-16T07:15:31.996562" elapsed="0.000203"/>
</kw>
<kw name="Dictionary Should Contain Key" owner="Collections">
<arg>${json_data}</arg>
<arg>results</arg>
<doc>Fails if ``key`` is not found from ``dictionary``.</doc>
<status status="PASS" start="2024-07-16T07:15:31.997065" elapsed="0.000161"/>
</kw>
<kw name="Should Not Be Empty" owner="BuiltIn">
<msg time="2024-07-16T07:15:31.997546" level="INFO">Length is 2.</msg>
<arg>${json_data}</arg>
<doc>Verifies that the given item is not empty.</doc>
<status status="PASS" start="2024-07-16T07:15:31.997415" elapsed="0.000171"/>
</kw>
<kw name="Create List" owner="BuiltIn">
<msg time="2024-07-16T07:15:31.998034" level="INFO">${expected_keys} = ['gender', 'name', 'location', 'email', 'login']</msg>
<var>${expected_keys}</var>
<arg>gender</arg>
<arg>name</arg>
<arg>location</arg>
<arg>email</arg>
<arg>login</arg>
<doc>Returns a list containing given items.</doc>
<status status="PASS" start="2024-07-16T07:15:31.997887" elapsed="0.000171"/>
</kw>
<for flavor="IN">
<iter>
<kw name="Dictionary Should Contain Key" owner="Collections">
<arg>${json_data['results'][0]}</arg>
<arg>${key}</arg>
<doc>Fails if ``key`` is not found from ``dictionary``.</doc>
<status status="PASS" start="2024-07-16T07:15:31.998746" elapsed="0.000407"/>
</kw>
<kw name="Log" owner="BuiltIn">
<msg time="2024-07-16T07:15:31.999741" level="INFO">{'gender': 'male', 'name': {'title': 'Mr', 'first': 'Maurice', 'last': 'Thomas'}, 'location': {'street': {'number': 6262, 'name': 'Ranchview Dr'}, 'city': 'Davenport', 'state': 'Missouri', 'country': 'United States', 'postcode': 61524, 'coordinates': {'latitude': '87.3152', 'longitude': '-131.4288'}, 'timezone': {'offset': '+2:00', 'description': 'Kaliningrad, South Africa'}}, 'email': 'maurice.thomas@example.com', 'login': {'uuid': 'be8aa379-c0eb-4cef-ac1f-c148f67da55c', 'username': 'bigzebra776', 'password': 'sand', 'salt': 'Ud5SV47x', 'md5': 'c1737765df26532aef031eff1a087ffb', 'sha1': '9a191496207d7059f2e2afd1b7c399eadf598896', 'sha256': '2c5353a1fdba26c46dbe420e4f590817d0b952e6303eef0cd94db28302cc68d2'}, 'dob': {'date': '1951-06-04T15:02:50.869Z', 'age': 73}, 'registered': {'date': '2007-09-10T19:13:56.332Z', 'age': 16}, 'phone': '(944) 863-3762', 'cell': '(505) 973-7128', 'id': {'name': 'SSN', 'value': '787-18-5965'}, 'picture': {'large': 'https://randomuser.me/api/portraits/men/52.jpg', 'medium': 'https://randomuser.me/api/portraits/med/men/52.jpg', 'thumbnail': 'https://randomuser.me/api/portraits/thumb/men/52.jpg'}, 'nat': 'US'}</msg>
<arg>${json_data['results'][0]}</arg>
<doc>Logs the given message with the given level.</doc>
<status status="PASS" start="2024-07-16T07:15:31.999347" elapsed="0.000457"/>
</kw>
<kw name="Log" owner="BuiltIn">
<msg time="2024-07-16T07:15:32.000253" level="INFO">gender</msg>
<arg>${key}</arg>
<doc>Logs the given message with the given level.</doc>
<status status="PASS" start="2024-07-16T07:15:32.000120" elapsed="0.000173"/>
</kw>
<var name="${key}">gender</var>
<status status="PASS" start="2024-07-16T07:15:31.998624" elapsed="0.001889"/>
</iter>
<iter>
<kw name="Dictionary Should Contain Key" owner="Collections">
<arg>${json_data['results'][0]}</arg>
<arg>${key}</arg>
<doc>Fails if ``key`` is not found from ``dictionary``.</doc>
<status status="PASS" start="2024-07-16T07:15:32.000820" elapsed="0.000400"/>
</kw>
<kw name="Log" owner="BuiltIn">
<msg time="2024-07-16T07:15:32.001760" level="INFO">{'gender': 'male', 'name': {'title': 'Mr', 'first': 'Maurice', 'last': 'Thomas'}, 'location': {'street': {'number': 6262, 'name': 'Ranchview Dr'}, 'city': 'Davenport', 'state': 'Missouri', 'country': 'United States', 'postcode': 61524, 'coordinates': {'latitude': '87.3152', 'longitude': '-131.4288'}, 'timezone': {'offset': '+2:00', 'description': 'Kaliningrad, South Africa'}}, 'email': 'maurice.thomas@example.com', 'login': {'uuid': 'be8aa379-c0eb-4cef-ac1f-c148f67da55c', 'username': 'bigzebra776', 'password': 'sand', 'salt': 'Ud5SV47x', 'md5': 'c1737765df26532aef031eff1a087ffb', 'sha1': '9a191496207d7059f2e2afd1b7c399eadf598896', 'sha256': '2c5353a1fdba26c46dbe420e4f590817d0b952e6303eef0cd94db28302cc68d2'}, 'dob': {'date': '1951-06-04T15:02:50.869Z', 'age': 73}, 'registered': {'date': '2007-09-10T19:13:56.332Z', 'age': 16}, 'phone': '(944) 863-3762', 'cell': '(505) 973-7128', 'id': {'name': 'SSN', 'value': '787-18-5965'}, 'picture': {'large': 'https://randomuser.me/api/portraits/men/52.jpg', 'medium': 'https://randomuser.me/api/portraits/med/men/52.jpg', 'thumbnail': 'https://randomuser.me/api/portraits/thumb/men/52.jpg'}, 'nat': 'US'}</msg>
<arg>${json_data['results'][0]}</arg>
<doc>Logs the given message with the given level.</doc>
<status status="PASS" start="2024-07-16T07:15:32.001407" elapsed="0.000445"/>
</kw>
<kw name="Log" owner="BuiltIn">
<msg time="2024-07-16T07:15:32.002282" level="INFO">name</msg>
<arg>${key}</arg>
<doc>Logs the given message with the given level.</doc>
<status status="PASS" start="2024-07-16T07:15:32.002154" elapsed="0.000167"/>
</kw>
<var name="${key}">name</var>
<status status="PASS" start="2024-07-16T07:15:32.000706" elapsed="0.001834"/>
</iter>
<iter>
<kw name="Dictionary Should Contain Key" owner="Collections">
<arg>${json_data['results'][0]}</arg>
<arg>${key}</arg>
<doc>Fails if ``key`` is not found from ``dictionary``.</doc>
<status status="PASS" start="2024-07-16T07:15:32.002830" elapsed="0.000382"/>
</kw>
<kw name="Log" owner="BuiltIn">
<msg time="2024-07-16T07:15:32.003783" level="INFO">{'gender': 'male', 'name': {'title': 'Mr', 'first': 'Maurice', 'last': 'Thomas'}, 'location': {'street': {'number': 6262, 'name': 'Ranchview Dr'}, 'city': 'Davenport', 'state': 'Missouri', 'country': 'United States', 'postcode': 61524, 'coordinates': {'latitude': '87.3152', 'longitude': '-131.4288'}, 'timezone': {'offset': '+2:00', 'description': 'Kaliningrad, South Africa'}}, 'email': 'maurice.thomas@example.com', 'login': {'uuid': 'be8aa379-c0eb-4cef-ac1f-c148f67da55c', 'username': 'bigzebra776', 'password': 'sand', 'salt': 'Ud5SV47x', 'md5': 'c1737765df26532aef031eff1a087ffb', 'sha1': '9a191496207d7059f2e2afd1b7c399eadf598896', 'sha256': '2c5353a1fdba26c46dbe420e4f590817d0b952e6303eef0cd94db28302cc68d2'}, 'dob': {'date': '1951-06-04T15:02:50.869Z', 'age': 73}, 'registered': {'date': '2007-09-10T19:13:56.332Z', 'age': 16}, 'phone': '(944) 863-3762', 'cell': '(505) 973-7128', 'id': {'name': 'SSN', 'value': '787-18-5965'}, 'picture': {'large': 'https://randomuser.me/api/portraits/men/52.jpg', 'medium': 'https://randomuser.me/api/portraits/med/men/52.jpg', 'thumbnail': 'https://randomuser.me/api/portraits/thumb/men/52.jpg'}, 'nat': 'US'}</msg>
<arg>${json_data['results'][0]}</arg>
<doc>Logs the given message with the given level.</doc>
<status status="PASS" start="2024-07-16T07:15:32.003396" elapsed="0.000446"/>
</kw>
<kw name="Log" owner="BuiltIn">
<msg time="2024-07-16T07:15:32.004281" level="INFO">location</msg>
<arg>${key}</arg>
<doc>Logs the given message with the given level.</doc>
<status status="PASS" start="2024-07-16T07:15:32.004150" elapsed="0.000170"/>
</kw>
<var name="${key}">location</var>
<status status="PASS" start="2024-07-16T07:15:32.002721" elapsed="0.001818"/>
</iter>
<iter>
<kw name="Dictionary Should Contain Key" owner="Collections">
<arg>${json_data['results'][0]}</arg>
<arg>${key}</arg>
<doc>Fails if ``key`` is not found from ``dictionary``.</doc>
<status status="PASS" start="2024-07-16T07:15:32.004828" elapsed="0.000393"/>
</kw>
<kw name="Log" owner="BuiltIn">
<msg time="2024-07-16T07:15:32.005775" level="INFO">{'gender': 'male', 'name': {'title': 'Mr', 'first': 'Maurice', 'last': 'Thomas'}, 'location': {'street': {'number': 6262, 'name': 'Ranchview Dr'}, 'city': 'Davenport', 'state': 'Missouri', 'country': 'United States', 'postcode': 61524, 'coordinates': {'latitude': '87.3152', 'longitude': '-131.4288'}, 'timezone': {'offset': '+2:00', 'description': 'Kaliningrad, South Africa'}}, 'email': 'maurice.thomas@example.com', 'login': {'uuid': 'be8aa379-c0eb-4cef-ac1f-c148f67da55c', 'username': 'bigzebra776', 'password': 'sand', 'salt': 'Ud5SV47x', 'md5': 'c1737765df26532aef031eff1a087ffb', 'sha1': '9a191496207d7059f2e2afd1b7c399eadf598896', 'sha256': '2c5353a1fdba26c46dbe420e4f590817d0b952e6303eef0cd94db28302cc68d2'}, 'dob': {'date': '1951-06-04T15:02:50.869Z', 'age': 73}, 'registered': {'date': '2007-09-10T19:13:56.332Z', 'age': 16}, 'phone': '(944) 863-3762', 'cell': '(505) 973-7128', 'id': {'name': 'SSN', 'value': '787-18-5965'}, 'picture': {'large': 'https://randomuser.me/api/portraits/men/52.jpg', 'medium': 'https://randomuser.me/api/portraits/med/men/52.jpg', 'thumbnail': 'https://randomuser.me/api/portraits/thumb/men/52.jpg'}, 'nat': 'US'}</msg>
<arg>${json_data['results'][0]}</arg>
<doc>Logs the given message with the given level.</doc>
<status status="PASS" start="2024-07-16T07:15:32.005415" elapsed="0.000410"/>
</kw>
<kw name="Log" owner="BuiltIn">
<msg time="2024-07-16T07:15:32.006257" level="INFO">email</msg>
<arg>${key}</arg>
<doc>Logs the given message with the given level.</doc>
<status status="PASS" start="2024-07-16T07:15:32.006128" elapsed="0.000169"/>
</kw>
<var name="${key}">email</var>
<status status="PASS" start="2024-07-16T07:15:32.004717" elapsed="0.001797"/>
</iter>
<iter>
<kw name="Dictionary Should Contain Key" owner="Collections">
<arg>${json_data['results'][0]}</arg>
<arg>${key}</arg>
<doc>Fails if ``key`` is not found from ``dictionary``.</doc>
<status status="PASS" start="2024-07-16T07:15:32.006802" elapsed="0.000393"/>
</kw>
<kw name="Log" owner="BuiltIn">
<msg time="2024-07-16T07:15:32.007794" level="INFO">{'gender': 'male', 'name': {'title': 'Mr', 'first': 'Maurice', 'last': 'Thomas'}, 'location': {'street': {'number': 6262, 'name': 'Ranchview Dr'}, 'city': 'Davenport', 'state': 'Missouri', 'country': 'United States', 'postcode': 61524, 'coordinates': {'latitude': '87.3152', 'longitude': '-131.4288'}, 'timezone': {'offset': '+2:00', 'description': 'Kaliningrad, South Africa'}}, 'email': 'maurice.thomas@example.com', 'login': {'uuid': 'be8aa379-c0eb-4cef-ac1f-c148f67da55c', 'username': 'bigzebra776', 'password': 'sand', 'salt': 'Ud5SV47x', 'md5': 'c1737765df26532aef031eff1a087ffb', 'sha1': '9a191496207d7059f2e2afd1b7c399eadf598896', 'sha256': '2c5353a1fdba26c46dbe420e4f590817d0b952e6303eef0cd94db28302cc68d2'}, 'dob': {'date': '1951-06-04T15:02:50.869Z', 'age': 73}, 'registered': {'date': '2007-09-10T19:13:56.332Z', 'age': 16}, 'phone': '(944) 863-3762', 'cell': '(505) 973-7128', 'id': {'name': 'SSN', 'value': '787-18-5965'}, 'picture': {'large': 'https://randomuser.me/api/portraits/men/52.jpg', 'medium': 'https://randomuser.me/api/portraits/med/men/52.jpg', 'thumbnail': 'https://randomuser.me/api/portraits/thumb/men/52.jpg'}, 'nat': 'US'}</msg>
<arg>${json_data['results'][0]}</arg>
<doc>Logs the given message with the given level.</doc>
<status status="PASS" start="2024-07-16T07:15:32.007380" elapsed="0.000466"/>
</kw>
<kw name="Log" owner="BuiltIn">
<msg time="2024-07-16T07:15:32.008277" level="INFO">login</msg>
<arg>${key}</arg>
<doc>Logs the given message with the given level.</doc>
<status status="PASS" start="2024-07-16T07:15:32.008147" elapsed="0.000168"/>
</kw>
<var name="${key}">login</var>
<status status="PASS" start="2024-07-16T07:15:32.006688" elapsed="0.001851"/>
</iter>
<var>${key}</var>
<value>@{expected_keys}</value>
<status status="PASS" start="2024-07-16T07:15:31.998439" elapsed="0.010223"/>
</for>
<kw name="Create List" owner="BuiltIn">
<msg time="2024-07-16T07:15:32.008989" level="INFO">${expected_keysTwo} = ['username', 'password']</msg>
<var>${expected_keysTwo}</var>
<arg>username</arg>
<arg>password</arg>
<doc>Returns a list containing given items.</doc>
<status status="PASS" start="2024-07-16T07:15:32.008851" elapsed="0.000192"/>
</kw>
<for flavor="IN">
<iter>
<kw name="Dictionary Should Contain Key" owner="Collections">
<arg>${json_data['results'][0]['login']}</arg>
<arg>${keyTwo}</arg>
<doc>Fails if ``key`` is not found from ``dictionary``.</doc>
<status status="PASS" start="2024-07-16T07:15:32.009559" elapsed="0.000392"/>
</kw>
<kw name="Dictionary Should Contain Key" owner="Collections">
<arg>${json_data['results'][0]['login']}</arg>
<arg>${keyTwo}</arg>
<doc>Fails if ``key`` is not found from ``dictionary``.</doc>
<status status="PASS" start="2024-07-16T07:15:32.010135" elapsed="0.000385"/>
</kw>
<kw name="Log" owner="BuiltIn">
<msg time="2024-07-16T07:15:32.010836" level="INFO">username</msg>
<arg>${keyTwo}</arg>
<doc>Logs the given message with the given level.</doc>
<status status="PASS" start="2024-07-16T07:15:32.010712" elapsed="0.000163"/>
</kw>
<var name="${keyTwo}">username</var>
<status status="PASS" start="2024-07-16T07:15:32.009451" elapsed="0.001650"/>
</iter>
<iter>
<kw name="Dictionary Should Contain Key" owner="Collections">
<arg>${json_data['results'][0]['login']}</arg>
<arg>${keyTwo}</arg>
<doc>Fails if ``key`` is not found from ``dictionary``.</doc>
<status status="PASS" start="2024-07-16T07:15:32.011382" elapsed="0.000427"/>
</kw>
<kw name="Dictionary Should Contain Key" owner="Collections">
<arg>${json_data['results'][0]['login']}</arg>
<arg>${keyTwo}</arg>
<doc>Fails if ``key`` is not found from ``dictionary``.</doc>
<status status="PASS" start="2024-07-16T07:15:32.011990" elapsed="0.000376"/>
</kw>
<kw name="Log" owner="BuiltIn">
<msg time="2024-07-16T07:15:32.012666" level="INFO">password</msg>
<arg>${keyTwo}</arg>
<doc>Logs the given message with the given level.</doc>
<status status="PASS" start="2024-07-16T07:15:32.012545" elapsed="0.000165"/>
</kw>
<var name="${keyTwo}">password</var>
<status status="PASS" start="2024-07-16T07:15:32.011275" elapsed="0.001657"/>
</iter>
<var>${keyTwo}</var>
<value>@{expected_keysTwo}</value>
<status status="PASS" start="2024-07-16T07:15:32.009296" elapsed="0.003760"/>
</for>
<status status="PASS" start="2024-07-16T07:15:31.897777" elapsed="0.115425"/>
</kw>
<doc>Testa a estrutura da resposta da API.</doc>
<tag>testeEstruturaResposta</tag>
<status status="PASS" start="2024-07-16T07:15:31.897193" elapsed="0.116157"/>
</test>
<test id="s1-s1-t4" name="Validar tipos de dados" line="28">
<kw name="Teste de Tipos de Dados" owner="random-user-service">
<kw name="GET On Session" owner="RequestsLibrary">
<msg time="2024-07-16T07:15:32.092370" level="INFO">GET Request : url=https://randomuser.me/api 
 path_url=/api 
 headers={'User-Agent': 'python-requests/2.32.3', 'Accept-Encoding': 'gzip, deflate', 'Accept': '*/*', 'Connection': 'keep-alive'} 
 body=None 
 </msg>
<msg time="2024-07-16T07:15:32.092446" level="INFO">GET Response : url=https://randomuser.me/api 
 status=200, reason=OK 
 headers={'Date': 'Tue, 16 Jul 2024 07:15:32 GMT', 'Content-Type': 'application/json; charset=utf-8', 'Transfer-Encoding': 'chunked', 'Connection': 'keep-alive', 'X-Powered-By': 'Express', 'Access-Control-Allow-Origin': '*', 'Cache-Control': 'no-cache', 'ETag': 'W/"48e-NeuLp7y3Ggk+CHjMXSesRS7YA7Q"', 'Vary': 'Accept-Encoding', 'Content-Encoding': 'gzip', 'CF-Cache-Status': 'DYNAMIC', 'Report-To': '{"endpoints":[{"url":"https:\\/\\/a.nel.cloudflare.com\\/report\\/v4?s=rUzlOZ8x4M5%2F5yKyY5doqIFcWuzAoBZtYNcV2JjLjH1jpAgTKVd86Wad3ufhwuM3PYRaAKZYmxncHDXm9n0mlvosee29MWwp2ncDmoFHz7erWAKewkxMXxin5md5qSIy"}],"group":"cf-nel","max_age":604800}', 'NEL': '{"success_fraction":0,"report_to":"cf-nel","max_age":604800}', 'Server': 'cloudflare', 'CF-RAY': '8a40339d19552d07-IAD', 'alt-svc': 'h3=":443"; ma=86400'} 
 body={"results":[{"gender":"female","name":{"title":"Ms","first":"Florence","last":"Mitchell"},"location":{"street":{"number":6469,"name":"Tecumseh Rd"},"city":"Killarney","state":"Yukon","country":"Canada","postcode":"V3Z 1U1","coordinates":{"latitude":"-71.7364","longitude":"88.8887"},"timezone":{"offset":"-1:00","description":"Azores, Cape Verde Islands"}},"email":"florence.mitchell@example.com","login":{"uuid":"7ab6ae7f-a13b-4c92-90df-f6481ce70c63","username":"yellowwolf457","password":"stratus","salt":"fmRVMjfd","md5":"8c562211a1e384e62b4497aa409e5e80","sha1":"1a7d8f61ce00f3e439850e0929160ddff8cb053b","sha256":"b206336385cc485342236fbb0e9cb2be5262773f410732bbce69fd53a7b8d964"},"dob":{"date":"1961-03-03T04:21:40.502Z","age":63},"registered":{"date":"2012-08-28T16:23:01.459Z","age":11},"phone":"U94 A84-2495","cell":"H18 H76-8683","id":{"name":"SIN","value":"834091639"},"picture":{"large":"https://randomuser.me/api/portraits/women/9.jpg","medium":"https://randomuser.me/api/portraits/med/women/9.jpg","thumbnail":"https://randomuser.me/api/portraits/thumb/women/9.jpg"},"nat":"CA"}],"info":{"seed":"8b0137e054450ac6","results":1,"page":1,"version":"1.4"}} 
 </msg>
<msg time="2024-07-16T07:15:32.092516" level="INFO">/opt/hostedtoolcache/Python/3.12.4/x64/lib/python3.12/site-packages/urllib3/connectionpool.py:1099: InsecureRequestWarning: Unverified HTTPS request is being made to host 'randomuser.me'. Adding certificate verification is strongly advised. See: https://urllib3.readthedocs.io/en/latest/advanced-usage.html#tls-warnings
  warnings.warn(</msg>
<msg time="2024-07-16T07:15:32.092621" level="INFO">${response} = &lt;Response [200]&gt;</msg>
<var>${response}</var>
<arg>consultarAPI</arg>
<arg>/api</arg>
<doc>Sends a GET request on a previously created HTTP Session.</doc>
<status status="PASS" start="2024-07-16T07:15:32.016133" elapsed="0.076540"/>
</kw>
<kw name="Set Variable" owner="BuiltIn">
<msg time="2024-07-16T07:15:32.093776" level="INFO">${json_data} = {'results': [{'gender': 'female', 'name': {'title': 'Ms', 'first': 'Florence', 'last': 'Mitchell'}, 'location': {'street': {'number': 6469, 'name': 'Tecumseh Rd'}, 'city': 'Killarney', 'state': 'Yukon...</msg>
<var>${json_data}</var>
<arg>${response.json()}</arg>
<doc>Returns the given values which can then be assigned to a variables.</doc>
<status status="PASS" start="2024-07-16T07:15:32.093182" elapsed="0.000625"/>
</kw>
<kw name="Log" owner="BuiltIn">
<msg time="2024-07-16T07:15:32.094266" level="INFO">{'results': [{'gender': 'female', 'name': {'title': 'Ms', 'first': 'Florence', 'last': 'Mitchell'}, 'location': {'street': {'number': 6469, 'name': 'Tecumseh Rd'}, 'city': 'Killarney', 'state': 'Yukon', 'country': 'Canada', 'postcode': 'V3Z 1U1', 'coordinates': {'latitude': '-71.7364', 'longitude': '88.8887'}, 'timezone': {'offset': '-1:00', 'description': 'Azores, Cape Verde Islands'}}, 'email': 'florence.mitchell@example.com', 'login': {'uuid': '7ab6ae7f-a13b-4c92-90df-f6481ce70c63', 'username': 'yellowwolf457', 'password': 'stratus', 'salt': 'fmRVMjfd', 'md5': '8c562211a1e384e62b4497aa409e5e80', 'sha1': '1a7d8f61ce00f3e439850e0929160ddff8cb053b', 'sha256': 'b206336385cc485342236fbb0e9cb2be5262773f410732bbce69fd53a7b8d964'}, 'dob': {'date': '1961-03-03T04:21:40.502Z', 'age': 63}, 'registered': {'date': '2012-08-28T16:23:01.459Z', 'age': 11}, 'phone': 'U94 A84-2495', 'cell': 'H18 H76-8683', 'id': {'name': 'SIN', 'value': '834091639'}, 'picture': {'large': 'https://randomuser.me/api/portraits/women/9.jpg', 'medium': 'https://randomuser.me/api/portraits/med/women/9.jpg', 'thumbnail': 'https://randomuser.me/api/portraits/thumb/women/9.jpg'}, 'nat': 'CA'}], 'info': {'seed': '8b0137e054450ac6', 'results': 1, 'page': 1, 'version': '1.4'}}</msg>
<arg>${json_data}</arg>
<doc>Logs the given message with the given level.</doc>
<status status="PASS" start="2024-07-16T07:15:32.094114" elapsed="0.000211"/>
</kw>
<kw name="Should Be String" owner="String">
<arg>${json_data['results'][0]['gender']}</arg>
<doc>Fails if the given ``item`` is not a string.</doc>
<status status="PASS" start="2024-07-16T07:15:32.094616" elapsed="0.000363"/>
</kw>
<kw name="Should Match Regexp" owner="BuiltIn">
<arg>${json_data['results'][0]['email']}</arg>
<arg>^[a-zA-Z0-9._%+-]+@[a-zA-Z0-9.-]+\.[a-zA-Z]{2,}$</arg>
<doc>Fails if ``string`` does not match ``pattern`` as a regular expression.</doc>
<status status="PASS" start="2024-07-16T07:15:32.095167" elapsed="0.000550"/>
</kw>
<kw name="Should Match Regexp" owner="BuiltIn">
<arg>${json_data['results'][0]['dob']['date']}</arg>
<arg>\\d{4}-\\d{2}-\\d{2}T\\d{2}:\\d{2}:\\d{2}\\.\\d{3}Z</arg>
<doc>Fails if ``string`` does not match ``pattern`` as a regular expression.</doc>
<status status="PASS" start="2024-07-16T07:15:32.095960" elapsed="0.000490"/>
</kw>
<kw name="Should Match Regexp" owner="BuiltIn">
<arg>${json_data['results'][0]['registered']['date']}</arg>
<arg>\\d{4}-\\d{2}-\\d{2}T\\d{2}:\\d{2}:\\d{2}\\.\\d{3}Z</arg>
<doc>Fails if ``string`` does not match ``pattern`` as a regular expression.</doc>
<status status="PASS" start="2024-07-16T07:15:32.096644" elapsed="0.000366"/>
</kw>
<kw name="Should Match Regexp" owner="BuiltIn">
<arg>${json_data['results'][0]['picture']['large']}</arg>
<arg>^https?://.*\.(?:png|jpe?g|gif|bmp)$</arg>
<doc>Fails if ``string`` does not match ``pattern`` as a regular expression.</doc>
<status status="PASS" start="2024-07-16T07:15:32.097197" elapsed="0.000459"/>
</kw>
<kw name="Should Match Regexp" owner="BuiltIn">
<arg>${json_data['results'][0]['picture']['medium']}</arg>
<arg>^https?://.*\.(?:png|jpe?g|gif|bmp)$</arg>
<doc>Fails if ``string`` does not match ``pattern`` as a regular expression.</doc>
<status status="PASS" start="2024-07-16T07:15:32.097845" elapsed="0.000361"/>
</kw>
<kw name="Should Match Regexp" owner="BuiltIn">
<arg>${json_data['results'][0]['picture']['thumbnail']}</arg>
<arg>^https?://.*\.(?:png|jpe?g|gif|bmp)$</arg>
<doc>Fails if ``string`` does not match ``pattern`` as a regular expression.</doc>
<status status="PASS" start="2024-07-16T07:15:32.098390" elapsed="0.000346"/>
</kw>
<kw name="Log" owner="BuiltIn">
<msg time="2024-07-16T07:15:32.099249" level="INFO">{'large': 'https://randomuser.me/api/portraits/women/9.jpg', 'medium': 'https://randomuser.me/api/portraits/med/women/9.jpg', 'thumbnail': 'https://randomuser.me/api/portraits/thumb/women/9.jpg'}</msg>
<arg>${json_data['results'][0]['picture']}</arg>
<doc>Logs the given message with the given level.</doc>
<status status="PASS" start="2024-07-16T07:15:32.098920" elapsed="0.000372"/>
</kw>
<status status="PASS" start="2024-07-16T07:15:32.015871" elapsed="0.083676"/>
</kw>
<kw name="Teste de Tipos de Dados - Postcode" owner="random-user-service">
<kw name="GET On Session" owner="RequestsLibrary">
<msg time="2024-07-16T07:15:32.195031" level="INFO">GET Request : url=https://randomuser.me/api 
 path_url=/api 
 headers={'User-Agent': 'python-requests/2.32.3', 'Accept-Encoding': 'gzip, deflate', 'Accept': '*/*', 'Connection': 'keep-alive'} 
 body=None 
 </msg>
<msg time="2024-07-16T07:15:32.195116" level="INFO">GET Response : url=https://randomuser.me/api 
 status=200, reason=OK 
 headers={'Date': 'Tue, 16 Jul 2024 07:15:32 GMT', 'Content-Type': 'application/json; charset=utf-8', 'Transfer-Encoding': 'chunked', 'Connection': 'keep-alive', 'X-Powered-By': 'Express', 'Access-Control-Allow-Origin': '*', 'Cache-Control': 'no-cache', 'ETag': 'W/"499-4jUZZSrmTbiWq1S9IrQF2uvqpb4"', 'Vary': 'Accept-Encoding', 'Content-Encoding': 'gzip', 'CF-Cache-Status': 'DYNAMIC', 'Report-To': '{"endpoints":[{"url":"https:\\/\\/a.nel.cloudflare.com\\/report\\/v4?s=XYMdaGpTLg9aUaUDI2SNigKa1%2Fi1RzlRPSnZEvmoowhHglnfTcJr3O8%2B4rnKS3%2FI9dgn6ZO6kucpKDbNanJhm6Z4jvJHQpr%2FKbS43YE2ysIqaL83AS%2B2O3KsAx8p76o2"}],"group":"cf-nel","max_age":604800}', 'NEL': '{"success_fraction":0,"report_to":"cf-nel","max_age":604800}', 'Server': 'cloudflare', 'CF-RAY': '8a40339da9b62d07-IAD', 'alt-svc': 'h3=":443"; ma=86400'} 
 body={"results":[{"gender":"female","name":{"title":"Miss","first":"Imogen","last":"Zhang"},"location":{"street":{"number":1987,"name":"Memorial Avenue"},"city":"Lower Hutt","state":"Northland","country":"New Zealand","postcode":67961,"coordinates":{"latitude":"55.5846","longitude":"120.2094"},"timezone":{"offset":"-4:00","description":"Atlantic Time (Canada), Caracas, La Paz"}},"email":"imogen.zhang@example.com","login":{"uuid":"6f243868-afb9-4cbd-ad60-8eb3036f423d","username":"angryleopard896","password":"gregory","salt":"0TLVT2i1","md5":"b96206f30323767554e5610f95c88b42","sha1":"ef12f5eadcdc029a78ad2bc4c11453a97e02b6a9","sha256":"ab46123ead3c22ac8efe3b5deb6a46d51a0ee9f86525a12df43df61d70053c3e"},"dob":{"date":"1984-08-20T08:10:20.442Z","age":39},"registered":{"date":"2006-06-10T03:29:34.768Z","age":18},"phone":"(249)-212-8033","cell":"(369)-534-1622","id":{"name":"","value":null},"picture":{"large":"https://randomuser.me/api/portraits/women/2.jpg","medium":"https://randomuser.me/api/portraits/med/women/2.jpg","thumbnail":"https://randomuser.me/api/portraits/thumb/women/2.jpg"},"nat":"NZ"}],"info":{"seed":"c4c132d691ae251d","results":1,"page":1,"version":"1.4"}} 
 </msg>
<msg time="2024-07-16T07:15:32.195180" level="INFO">/opt/hostedtoolcache/Python/3.12.4/x64/lib/python3.12/site-packages/urllib3/connectionpool.py:1099: InsecureRequestWarning: Unverified HTTPS request is being made to host 'randomuser.me'. Adding certificate verification is strongly advised. See: https://urllib3.readthedocs.io/en/latest/advanced-usage.html#tls-warnings
  warnings.warn(</msg>
<msg time="2024-07-16T07:15:32.195267" level="INFO">${response} = &lt;Response [200]&gt;</msg>
<var>${response}</var>
<arg>consultarAPI</arg>
<arg>/api</arg>
<doc>Sends a GET request on a previously created HTTP Session.</doc>
<status status="PASS" start="2024-07-16T07:15:32.100020" elapsed="0.095288"/>
</kw>
<kw name="Set Variable" owner="BuiltIn">
<msg time="2024-07-16T07:15:32.196436" level="INFO">${json_data} = {'results': [{'gender': 'female', 'name': {'title': 'Miss', 'first': 'Imogen', 'last': 'Zhang'}, 'location': {'street': {'number': 1987, 'name': 'Memorial Avenue'}, 'city': 'Lower Hutt', 'state': 'Nor...</msg>
<var>${json_data}</var>
<arg>${response.json()}</arg>
<doc>Returns the given values which can then be assigned to a variables.</doc>
<status status="PASS" start="2024-07-16T07:15:32.195818" elapsed="0.000648"/>
</kw>
<kw name="Log" owner="BuiltIn">
<msg time="2024-07-16T07:15:32.196925" level="INFO">{'results': [{'gender': 'female', 'name': {'title': 'Miss', 'first': 'Imogen', 'last': 'Zhang'}, 'location': {'street': {'number': 1987, 'name': 'Memorial Avenue'}, 'city': 'Lower Hutt', 'state': 'Northland', 'country': 'New Zealand', 'postcode': 67961, 'coordinates': {'latitude': '55.5846', 'longitude': '120.2094'}, 'timezone': {'offset': '-4:00', 'description': 'Atlantic Time (Canada), Caracas, La Paz'}}, 'email': 'imogen.zhang@example.com', 'login': {'uuid': '6f243868-afb9-4cbd-ad60-8eb3036f423d', 'username': 'angryleopard896', 'password': 'gregory', 'salt': '0TLVT2i1', 'md5': 'b96206f30323767554e5610f95c88b42', 'sha1': 'ef12f5eadcdc029a78ad2bc4c11453a97e02b6a9', 'sha256': 'ab46123ead3c22ac8efe3b5deb6a46d51a0ee9f86525a12df43df61d70053c3e'}, 'dob': {'date': '1984-08-20T08:10:20.442Z', 'age': 39}, 'registered': {'date': '2006-06-10T03:29:34.768Z', 'age': 18}, 'phone': '(249)-212-8033', 'cell': '(369)-534-1622', 'id': {'name': '', 'value': None}, 'picture': {'large': 'https://randomuser.me/api/portraits/women/2.jpg', 'medium': 'https://randomuser.me/api/portraits/med/women/2.jpg', 'thumbnail': 'https://randomuser.me/api/portraits/thumb/women/2.jpg'}, 'nat': 'NZ'}], 'info': {'seed': 'c4c132d691ae251d', 'results': 1, 'page': 1, 'version': '1.4'}}</msg>
<arg>${json_data}</arg>
<doc>Logs the given message with the given level.</doc>
<status status="PASS" start="2024-07-16T07:15:32.196771" elapsed="0.000206"/>
</kw>
<kw name="Should Be Equal As Numbers" owner="BuiltIn">
<arg>${json_data['results'][0]['location']['postcode']}</arg>
<arg>${json_data['results'][0]['location']['postcode']}</arg>
<doc>Fails if objects are unequal after converting them to real numbers.</doc>
<status status="PASS" start="2024-07-16T07:15:32.197398" elapsed="0.000800"/>
</kw>
<kw name="Log" owner="BuiltIn">
<msg time="2024-07-16T07:15:32.198868" level="INFO">67961</msg>
<arg>${json_data['results'][0]['location']['postcode']}</arg>
<doc>Logs the given message with the given level.</doc>
<status status="PASS" start="2024-07-16T07:15:32.198475" elapsed="0.000435"/>
</kw>
<status status="PASS" start="2024-07-16T07:15:32.099801" elapsed="0.099390"/>
</kw>
<doc>Testa se os tipos de dados na resposta da API estão corretos.</doc>
<tag>testeTiposDados</tag>
<status status="PASS" start="2024-07-16T07:15:32.015193" elapsed="0.184157"/>
</test>
<test id="s1-s1-t5" name="Validar conteudo" line="35">
<kw name="Teste de Tipos de Conteudo" owner="random-user-service">
<kw name="GET On Session" owner="RequestsLibrary">
<msg time="2024-07-16T07:15:32.289962" level="INFO">GET Request : url=https://randomuser.me/api 
 path_url=/api 
 headers={'User-Agent': 'python-requests/2.32.3', 'Accept-Encoding': 'gzip, deflate', 'Accept': '*/*', 'Connection': 'keep-alive'} 
 body=None 
 </msg>
<msg time="2024-07-16T07:15:32.290045" level="INFO">GET Response : url=https://randomuser.me/api 
 status=200, reason=OK 
 headers={'Date': 'Tue, 16 Jul 2024 07:15:32 GMT', 'Content-Type': 'application/json; charset=utf-8', 'Transfer-Encoding': 'chunked', 'Connection': 'keep-alive', 'X-Powered-By': 'Express', 'Access-Control-Allow-Origin': '*', 'Cache-Control': 'no-cache', 'ETag': 'W/"494-soX6AQqJHt15WooUpobJT0GPhZE"', 'Vary': 'Accept-Encoding', 'Content-Encoding': 'gzip', 'CF-Cache-Status': 'DYNAMIC', 'Report-To': '{"endpoints":[{"url":"https:\\/\\/a.nel.cloudflare.com\\/report\\/v4?s=Z%2BTRBqf%2FkNSL92DkEmu%2F9YSNHk0UYQo9CBR4I44r%2FPbaMeQ%2BZj71FPkKwfI0HaFRqOQyVTOjQj%2BvG0q5UM1O4tRNmDNCyEYL8qN6GVPP2ycKec%2B7RsEzDCkxMOtX2XdF"}],"group":"cf-nel","max_age":604800}', 'NEL': '{"success_fraction":0,"report_to":"cf-nel","max_age":604800}', 'Server': 'cloudflare', 'CF-RAY': '8a40339e4a392d07-IAD', 'alt-svc': 'h3=":443"; ma=86400'} 
 body={"results":[{"gender":"female","name":{"title":"Ms","first":"Emelie","last":"Stakenburg"},"location":{"street":{"number":1472,"name":"Botersteeg"},"city":"Haaren","state":"Utrecht","country":"Netherlands","postcode":"1608 DJ","coordinates":{"latitude":"31.8394","longitude":"8.6305"},"timezone":{"offset":"-7:00","description":"Mountain Time (US &amp; Canada)"}},"email":"emelie.stakenburg@example.com","login":{"uuid":"4ac2234c-6930-4729-816a-87ff56d57e9c","username":"redleopard540","password":"happy123","salt":"MocEjJag","md5":"9f1a1adf9a50f27ee17f1e058a76407d","sha1":"dfa5a67b264b6b15fb384608da2386e19c34bcb3","sha256":"bd55deb58b73fa0108b01da8fd944aceb6da12ee196c92d7325389bd8bac2c07"},"dob":{"date":"1999-05-02T10:42:27.756Z","age":25},"registered":{"date":"2021-08-23T00:01:06.475Z","age":2},"phone":"(0626) 780397","cell":"(06) 07917871","id":{"name":"BSN","value":"05757652"},"picture":{"large":"https://randomuser.me/api/portraits/women/31.jpg","medium":"https://randomuser.me/api/portraits/med/women/31.jpg","thumbnail":"https://randomuser.me/api/portraits/thumb/women/31.jpg"},"nat":"NL"}],"info":{"seed":"9a72517af140a052","results":1,"page":1,"version":"1.4"}} 
 </msg>
<msg time="2024-07-16T07:15:32.290132" level="INFO">/opt/hostedtoolcache/Python/3.12.4/x64/lib/python3.12/site-packages/urllib3/connectionpool.py:1099: InsecureRequestWarning: Unverified HTTPS request is being made to host 'randomuser.me'. Adding certificate verification is strongly advised. See: https://urllib3.readthedocs.io/en/latest/advanced-usage.html#tls-warnings
  warnings.warn(</msg>
<msg time="2024-07-16T07:15:32.290245" level="INFO">${response} = &lt;Response [200]&gt;</msg>
<var>${response}</var>
<arg>consultarAPI</arg>
<arg>/api</arg>
<doc>Sends a GET request on a previously created HTTP Session.</doc>
<status status="PASS" start="2024-07-16T07:15:32.203192" elapsed="0.087091"/>
</kw>
<kw name="Set Variable" owner="BuiltIn">
<msg time="2024-07-16T07:15:32.291092" level="INFO">${json_data} = {'results': [{'gender': 'female', 'name': {'title': 'Ms', 'first': 'Emelie', 'last': 'Stakenburg'}, 'location': {'street': {'number': 1472, 'name': 'Botersteeg'}, 'city': 'Haaren', 'state': 'Utrecht',...</msg>
<var>${json_data}</var>
<arg>${response.json()}</arg>
<doc>Returns the given values which can then be assigned to a variables.</doc>
<status status="PASS" start="2024-07-16T07:15:32.290658" elapsed="0.000462"/>
</kw>
<kw name="Set Variable" owner="BuiltIn">
<msg time="2024-07-16T07:15:32.291851" level="INFO">${name_title} = Ms</msg>
<var>${name_title}</var>
<arg>${json_data["results"][0]["name"]["title"]}</arg>
<doc>Returns the given values which can then be assigned to a variables.</doc>
<status status="PASS" start="2024-07-16T07:15:32.291422" elapsed="0.000456"/>
</kw>
<kw name="Create List" owner="BuiltIn">
<msg time="2024-07-16T07:15:32.292330" level="INFO">${allowed_titles} = ['Mr', 'Ms', 'Miss', 'Mrs', 'Madame', 'Monsieur']</msg>
<var>${allowed_titles}</var>
<arg>Mr</arg>
<arg>Ms</arg>
<arg>Miss</arg>
<arg>Mrs</arg>
<arg>Madame</arg>
<arg>Monsieur</arg>
<doc>Returns a list containing given items.</doc>
<status status="PASS" start="2024-07-16T07:15:32.292180" elapsed="0.000175"/>
</kw>
<kw name="List Should Contain Value" owner="Collections">
<arg>${allowed_titles}</arg>
<arg>${name_title}</arg>
<doc>Fails if the ``value`` is not found from ``list``.</doc>
<status status="PASS" start="2024-07-16T07:15:32.292653" elapsed="0.000172"/>
</kw>
<kw name="Set Variable" owner="BuiltIn">
<msg time="2024-07-16T07:15:32.293363" level="INFO">${name_country} = NL</msg>
<var>${name_country}</var>
<arg>${json_data["results"][0]["nat"]}</arg>
<doc>Returns the given values which can then be assigned to a variables.</doc>
<status status="PASS" start="2024-07-16T07:15:32.293004" elapsed="0.000384"/>
</kw>
<kw name="Create List" owner="BuiltIn">
<msg time="2024-07-16T07:15:32.294272" level="INFO">${list_country} = ['AD', 'AE', 'AF', 'AG', 'AI', 'AL', 'AM', 'AO', 'AQ', 'AR', 'AS', 'AT', 'AU', 'AW', 'AX', 'AZ', 'BA', 'BB', 'BD', 'BE', 'BF', 'BG', 'BH', 'BI', 'BJ', 'BL', 'BM', 'BN', 'BO', 'BQ', 'BR', 'BS', 'BT', '...</msg>
<var>${list_country}</var>
<arg>AD</arg>
<arg>AE</arg>
<arg>AF</arg>
<arg>AG</arg>
<arg>AI</arg>
<arg>AL</arg>
<arg>AM</arg>
<arg>AO</arg>
<arg>AQ</arg>
<arg>AR</arg>
<arg>AS</arg>
<arg>AT</arg>
<arg>AU</arg>
<arg>AW</arg>
<arg>AX</arg>
<arg>AZ</arg>
<arg>BA</arg>
<arg>BB</arg>
<arg>BD</arg>
<arg>BE</arg>
<arg>BF</arg>
<arg>BG</arg>
<arg>BH</arg>
<arg>BI</arg>
<arg>BJ</arg>
<arg>BL</arg>
<arg>BM</arg>
<arg>BN</arg>
<arg>BO</arg>
<arg>BQ</arg>
<arg>BR</arg>
<arg>BS</arg>
<arg>BT</arg>
<arg>BV</arg>
<arg>BW</arg>
<arg>BY</arg>
<arg>BZ</arg>
<arg>CA</arg>
<arg>CC</arg>
<arg>CD</arg>
<arg>CF</arg>
<arg>CG</arg>
<arg>CH</arg>
<arg>CI</arg>
<arg>CK</arg>
<arg>CL</arg>
<arg>CM</arg>
<arg>CN</arg>
<arg>CO</arg>
<arg>CR</arg>
<arg>CU</arg>
<arg>CV</arg>
<arg>CW</arg>
<arg>CX</arg>
<arg>CY</arg>
<arg>CZ</arg>
<arg>DE</arg>
<arg>DJ</arg>
<arg>DK</arg>
<arg>DM</arg>
<arg>DO</arg>
<arg>DZ</arg>
<arg>EC</arg>
<arg>EE</arg>
<arg>EG</arg>
<arg>EH</arg>
<arg>ER</arg>
<arg>ES</arg>
<arg>ET</arg>
<arg>FI</arg>
<arg>FJ</arg>
<arg>FK</arg>
<arg>FM</arg>
<arg>FO</arg>
<arg>FR</arg>
<arg>GA</arg>
<arg>GB</arg>
<arg>GD</arg>
<arg>GE</arg>
<arg>GF</arg>
<arg>GG</arg>
<arg>GH</arg>
<arg>GI</arg>
<arg>GL</arg>
<arg>GM</arg>
<arg>GN</arg>
<arg>GP</arg>
<arg>GQ</arg>
<arg>GR</arg>
<arg>GS</arg>
<arg>GT</arg>
<arg>GU</arg>
<arg>GW</arg>
<arg>GY</arg>
<arg>HK</arg>
<arg>HM</arg>
<arg>HN</arg>
<arg>HR</arg>
<arg>HT</arg>
<arg>HU</arg>
<arg>ID</arg>
<arg>IE</arg>
<arg>IL</arg>
<arg>IM</arg>
<arg>IN</arg>
<arg>IO</arg>
<arg>IQ</arg>
<arg>IR</arg>
<arg>IS</arg>
<arg>IT</arg>
<arg>JE</arg>
<arg>JM</arg>
<arg>JO</arg>
<arg>JP</arg>
<arg>KE</arg>
<arg>KG</arg>
<arg>KH</arg>
<arg>KI</arg>
<arg>KM</arg>
<arg>KN</arg>
<arg>KP</arg>
<arg>KR</arg>
<arg>KW</arg>
<arg>KY</arg>
<arg>KZ</arg>
<arg>LA</arg>
<arg>LB</arg>
<arg>LC</arg>
<arg>LI</arg>
<arg>LK</arg>
<arg>LR</arg>
<arg>LS</arg>
<arg>LT</arg>
<arg>LU</arg>
<arg>LV</arg>
<arg>LY</arg>
<arg>MA</arg>
<arg>MC</arg>
<arg>MD</arg>
<arg>ME</arg>
<arg>MF</arg>
<arg>MG</arg>
<arg>MH</arg>
<arg>MK</arg>
<arg>ML</arg>
<arg>MM</arg>
<arg>MN</arg>
<arg>MO</arg>
<arg>MP</arg>
<arg>MQ</arg>
<arg>MR</arg>
<arg>MS</arg>
<arg>MT</arg>
<arg>MU</arg>
<arg>MV</arg>
<arg>MW</arg>
<arg>MX</arg>
<arg>MY</arg>
<arg>MZ</arg>
<arg>NA</arg>
<arg>NC</arg>
<arg>NE</arg>
<arg>NF</arg>
<arg>NG</arg>
<arg>NI</arg>
<arg>NL</arg>
<arg>NO</arg>
<arg>NP</arg>
<arg>NR</arg>
<arg>NU</arg>
<arg>NZ</arg>
<arg>OM</arg>
<arg>PA</arg>
<arg>PE</arg>
<arg>PF</arg>
<arg>PG</arg>
<arg>PH</arg>
<arg>PK</arg>
<arg>PL</arg>
<arg>PM</arg>
<arg>PN</arg>
<arg>PR</arg>
<arg>PS</arg>
<arg>PT</arg>
<arg>PW</arg>
<arg>PY</arg>
<arg>QA</arg>
<arg>RE</arg>
<arg>RO</arg>
<arg>RS</arg>
<arg>RU</arg>
<arg>RW</arg>
<arg>SA</arg>
<arg>SB</arg>
<arg>SC</arg>
<arg>SD</arg>
<arg>SE</arg>
<arg>SG</arg>
<arg>SH</arg>
<arg>SI</arg>
<arg>SJ</arg>
<arg>SK</arg>
<arg>SL</arg>
<arg>SM</arg>
<arg>SN</arg>
<arg>SO</arg>
<arg>SR</arg>
<arg>SS</arg>
<arg>ST</arg>
<arg>SV</arg>
<arg>SX</arg>
<arg>SY</arg>
<arg>SZ</arg>
<arg>TC</arg>
<arg>TD</arg>
<arg>TF</arg>
<arg>TG</arg>
<arg>TH</arg>
<arg>TJ</arg>
<arg>TK</arg>
<arg>TL</arg>
<arg>TM</arg>
<arg>TN</arg>
<arg>TO</arg>
<arg>TR</arg>
<arg>TT</arg>
<arg>TV</arg>
<arg>TW</arg>
<arg>TZ</arg>
<arg>UA</arg>
<arg>UG</arg>
<arg>UM</arg>
<arg>US</arg>
<arg>UY</arg>
<arg>UZ</arg>
<arg>VA</arg>
<arg>VC</arg>
<arg>VE</arg>
<arg>VG</arg>
<arg>VI</arg>
<arg>VN</arg>
<arg>VU</arg>
<arg>WF</arg>
<arg>WS</arg>
<arg>XK</arg>
<arg>YE</arg>
<arg>YT</arg>
<arg>ZA</arg>
<arg>ZM</arg>
<arg>ZW</arg>
<doc>Returns a list containing given items.</doc>
<status status="PASS" start="2024-07-16T07:15:32.293680" elapsed="0.000616"/>
</kw>
<kw name="List Should Contain Value" owner="Collections">
<arg>${list_country}</arg>
<arg>${name_country}</arg>
<doc>Fails if the ``value`` is not found from ``list``.</doc>
<status status="PASS" start="2024-07-16T07:15:32.295081" elapsed="0.000205"/>
</kw>
<kw name="Run Keyword If" owner="BuiltIn">
<kw name="Should Be True" owner="BuiltIn">
<arg>${True}</arg>
<doc>Fails if the given condition is not true.</doc>
<status status="PASS" start="2024-07-16T07:15:32.296264" elapsed="0.000144"/>
</kw>
<arg>${json_data["results"][0]["location"]["coordinates"]["latitude"]} &gt;= -90 and ${json_data["results"][0]["location"]["coordinates"]["latitude"]} &lt;= 90</arg>
<arg>Should Be True</arg>
<arg>${True}</arg>
<doc>Runs the given keyword with the given arguments, if ``condition`` is true.</doc>
<status status="PASS" start="2024-07-16T07:15:32.295479" elapsed="0.001059"/>
</kw>
<kw name="Run Keyword If" owner="BuiltIn">
<kw name="Should Be True" owner="BuiltIn">
<arg>${True}</arg>
<doc>Fails if the given condition is not true.</doc>
<status status="PASS" start="2024-07-16T07:15:32.297414" elapsed="0.000138"/>
</kw>
<arg>${json_data["results"][0]["location"]["coordinates"]["longitude"]} &gt;= -180 and ${json_data["results"][0]["location"]["coordinates"]["longitude"]} &lt;= 180</arg>
<arg>Should Be True</arg>
<arg>${True}</arg>
<doc>Runs the given keyword with the given arguments, if ``condition`` is true.</doc>
<status status="PASS" start="2024-07-16T07:15:32.296718" elapsed="0.000962"/>
</kw>
<status status="PASS" start="2024-07-16T07:15:32.202595" elapsed="0.095215"/>
</kw>
<doc>Testa o conteúdo específico dos campos retornados pela API.</doc>
<tag>testeConteudo</tag>
<status status="PASS" start="2024-07-16T07:15:32.201912" elapsed="0.096042"/>
</test>
<status status="PASS" start="2024-07-16T07:15:31.464478" elapsed="0.835423"/>
</suite>
<status status="PASS" start="2024-07-16T07:15:31.449730" elapsed="0.855239"/>
</suite>
<statistics>
<total>
<stat pass="5" fail="0" skip="0">All Tests</stat>
</total>
<tag>
<stat pass="1" fail="0" skip="0">testeConteudo</stat>
<stat pass="1" fail="0" skip="0">testeEstruturaResposta</stat>
<stat pass="1" fail="0" skip="0">testeRequisicaoBasica</stat>
<stat pass="1" fail="0" skip="0">testeTiposDados</stat>
</tag>
<suite>
<stat pass="5" fail="0" skip="0" id="s1" name="Tests">Tests</stat>
<stat pass="5" fail="0" skip="0" id="s1-s1" name="Random-User-Test">Tests.Random-User-Test</stat>
</suite>
</statistics>
<errors>
</errors>
</robot>
