<?xml version="1.0" encoding="UTF-8"?>
<robot generator="Robot 7.0 (Python 3.12.3 on linux)" generated="2024-04-28T06:18:20.661794" rpa="false" schemaversion="5">
<suite id="s1" name="Tests" source="/home/runner/work/DesafioQAItauRogerioJordao/DesafioQAItauRogerioJordao/RamdonUser/tests">
<suite id="s1-s1" name="Random-User-Test" source="/home/runner/work/DesafioQAItauRogerioJordao/DesafioQAItauRogerioJordao/RamdonUser/tests/random-user-test.robot">
<test id="s1-s1-t1" name="Conectar" line="13">
<kw name="Conectar API" owner="random-user-service">
<kw name="Create Session" owner="RequestsLibrary">
<msg time="2024-04-28T06:18:21.032093" level="INFO">Creating Session using : alias=consultarAPI, url=https://randomuser.me/, headers={},                     cookies={}, auth=None, timeout=None, proxies=None, verify=False,                     debug=0 </msg>
<arg>consultarAPI</arg>
<arg>${URL}</arg>
<doc>Create Session: create a HTTP session to a server</doc>
<status status="PASS" start="2024-04-28T06:18:21.031879" elapsed="0.000397"/>
</kw>
<status status="PASS" start="2024-04-28T06:18:21.030938" elapsed="0.001694"/>
</kw>
<status status="PASS" start="2024-04-28T06:18:21.030415" elapsed="0.002409"/>
</test>
<test id="s1-s1-t2" name="Validar retorno 200 e JSON Válido" line="16">
<kw name="Teste de Requisicao Basica" owner="random-user-service">
<kw name="GET On Session" owner="RequestsLibrary">
<msg time="2024-04-28T06:18:21.226037" level="INFO">GET Request : url=https://randomuser.me/api 
 path_url=/api 
 headers={'User-Agent': 'python-requests/2.31.0', 'Accept-Encoding': 'gzip, deflate', 'Accept': '*/*', 'Connection': 'keep-alive'} 
 body=None 
 </msg>
<msg time="2024-04-28T06:18:21.226184" level="INFO">GET Response : url=https://randomuser.me/api 
 status=200, reason=OK 
 headers={'Date': 'Sun, 28 Apr 2024 06:18:21 GMT', 'Content-Type': 'application/json; charset=utf-8', 'Transfer-Encoding': 'chunked', 'Connection': 'keep-alive', 'X-Powered-By': 'Express', 'Access-Control-Allow-Origin': '*', 'Cache-Control': 'no-cache', 'ETag': 'W/"4ab-wgpjXpZGcKCFLKUXLDVomHgGTVo"', 'Vary': 'Accept-Encoding', 'Content-Encoding': 'gzip', 'CF-Cache-Status': 'DYNAMIC', 'Report-To': '{"endpoints":[{"url":"https:\\/\\/a.nel.cloudflare.com\\/report\\/v4?s=hktWi5c%2BSljPUd2mSRF8MHeMeyKpDeJPoLCVcXBkKbM3A7B2ZN%2FHU%2Faxs%2BSz6Fc21N1Hz43OcyDWpqLqiXG06px9N2dUtqjLJNsU3Qb28SuzdEc1uHFhHc69ROTUxvtz"}],"group":"cf-nel","max_age":604800}', 'NEL': '{"success_fraction":0,"report_to":"cf-nel","max_age":604800}', 'Server': 'cloudflare', 'CF-RAY': '87b4ef3a6ff507e1-IAD', 'alt-svc': 'h3=":443"; ma=86400'} 
 body={"results":[{"gender":"female","name":{"title":"Miss","first":"Dúlia","last":"Pires"},"location":{"street":{"number":1699,"name":"Rua Duque de Caxias "},"city":"Caruaru","state":"Rio Grande do Sul","country":"Brazil","postcode":48807,"coordinates":{"latitude":"-79.6755","longitude":"115.3760"},"timezone":{"offset":"+5:30","description":"Bombay, Calcutta, Madras, New Delhi"}},"email":"dulia.pires@example.com","login":{"uuid":"4c1b253c-6f76-4ed4-854c-aba660aab058","username":"smallostrich774","password":"cumcum","salt":"9Dx51rcv","md5":"3f659f91447089d31571944c366b8d5f","sha1":"88a607e1a7a62df6c747979f9895dd362d243b17","sha256":"e8541972d5aeebb126324899e0f46f205387f0e3c0a27ba6df5b26a6a8f83f5c"},"dob":{"date":"1981-04-30T08:11:08.459Z","age":42},"registered":{"date":"2010-07-12T08:47:40.421Z","age":13},"phone":"(06) 6703-5456","cell":"(51) 1858-0846","id":{"name":"CPF","value":"461.737.174-99"},"picture":{"large":"https://randomuser.me/api/portraits/women/40.jpg","medium":"https://randomuser.me/api/portraits/med/women/40.jpg","thumbnail":"https://randomuser.me/api/portraits/thumb/women/40.jpg"},"nat":"BR"}],"info":{"seed":"e92c03f8a9650fd0","results":1,"page":1,"version":"1.4"}} 
 </msg>
<msg time="2024-04-28T06:18:21.226267" level="INFO">/opt/hostedtoolcache/Python/3.12.3/x64/lib/python3.12/site-packages/urllib3/connectionpool.py:1103: InsecureRequestWarning: Unverified HTTPS request is being made to host 'randomuser.me'. Adding certificate verification is strongly advised. See: https://urllib3.readthedocs.io/en/latest/advanced-usage.html#tls-warnings
  warnings.warn(</msg>
<msg time="2024-04-28T06:18:21.226423" level="INFO">${response} = &lt;Response [200]&gt;</msg>
<var>${response}</var>
<arg>consultarAPI</arg>
<arg>/api</arg>
<doc>Sends a GET request on a previously created HTTP Session.</doc>
<status status="PASS" start="2024-04-28T06:18:21.035383" elapsed="0.191088"/>
</kw>
<kw name="Should Be Equal As Numbers" owner="BuiltIn">
<msg time="2024-04-28T06:18:21.227397" level="INFO">Argument types are:
&lt;class 'int'&gt;
&lt;class 'str'&gt;</msg>
<arg>${response.status_code}</arg>
<arg>200</arg>
<doc>Fails if objects are unequal after converting them to real numbers.</doc>
<status status="PASS" start="2024-04-28T06:18:21.226953" elapsed="0.000508"/>
</kw>
<kw name="Log" owner="BuiltIn">
<msg time="2024-04-28T06:18:21.228196" level="INFO">200</msg>
<arg>${response.status_code}</arg>
<doc>Logs the given message with the given level.</doc>
<status status="PASS" start="2024-04-28T06:18:21.227800" elapsed="0.000440"/>
</kw>
<kw name="Set Variable" owner="BuiltIn">
<msg time="2024-04-28T06:18:21.229011" level="INFO">${json_data} = {'results': [{'gender': 'female', 'name': {'title': 'Miss', 'first': 'Dúlia', 'last': 'Pires'}, 'location': {'street': {'number': 1699, 'name': 'Rua Duque de Caxias '}, 'city': 'Caruaru', 'state': 'Ri...</msg>
<var>${json_data}</var>
<arg>${response.json()}</arg>
<doc>Returns the given values which can then be assigned to a variables.</doc>
<status status="PASS" start="2024-04-28T06:18:21.228548" elapsed="0.000493"/>
</kw>
<kw name="Dictionary Should Contain Key" owner="Collections">
<msg time="2024-04-28T06:18:21.229521" level="INFO">False</msg>
<arg>${json_data}</arg>
<arg>results</arg>
<doc>Fails if ``key`` is not found from ``dictionary``.</doc>
<status status="PASS" start="2024-04-28T06:18:21.229348" elapsed="0.000215"/>
</kw>
<status status="PASS" start="2024-04-28T06:18:21.035143" elapsed="0.194684"/>
</kw>
<doc>Testa se a API responde corretamente e retorna um objeto JSON válido.</doc>
<tag>testeRequisicaoBasica</tag>
<status status="PASS" start="2024-04-28T06:18:21.034681" elapsed="0.195328"/>
</test>
<test id="s1-s1-t3" name="Validar estrutura de resposta" line="22">
<kw name="Teste de Estrutura de Resposta" owner="random-user-service">
<kw name="GET On Session" owner="RequestsLibrary">
<msg time="2024-04-28T06:18:21.349784" level="INFO">GET Request : url=https://randomuser.me/api 
 path_url=/api 
 headers={'User-Agent': 'python-requests/2.31.0', 'Accept-Encoding': 'gzip, deflate', 'Accept': '*/*', 'Connection': 'keep-alive'} 
 body=None 
 </msg>
<msg time="2024-04-28T06:18:21.349864" level="INFO">GET Response : url=https://randomuser.me/api 
 status=200, reason=OK 
 headers={'Date': 'Sun, 28 Apr 2024 06:18:21 GMT', 'Content-Type': 'application/json; charset=utf-8', 'Transfer-Encoding': 'chunked', 'Connection': 'keep-alive', 'X-Powered-By': 'Express', 'Access-Control-Allow-Origin': '*', 'Cache-Control': 'no-cache', 'ETag': 'W/"491-yESLWflWyzRghaM6qnryeeoCMmQ"', 'Vary': 'Accept-Encoding', 'Content-Encoding': 'gzip', 'CF-Cache-Status': 'DYNAMIC', 'Report-To': '{"endpoints":[{"url":"https:\\/\\/a.nel.cloudflare.com\\/report\\/v4?s=2WFOu03BNy0e%2FpAEOXedWrrIlePfedAQGO%2Bj3HiydLhFviVk07Q%2F5JwkABXNQZRHxOhcCWKnbYSa0T%2BxvCcyQp8H5oLRbAFSt4X8Tzn7o%2FgZ8fH76pE5E%2BZZPtC1m9Mx"}],"group":"cf-nel","max_age":604800}', 'NEL': '{"success_fraction":0,"report_to":"cf-nel","max_age":604800}', 'Server': 'cloudflare', 'CF-RAY': '87b4ef3ab83a07e1-IAD', 'alt-svc': 'h3=":443"; ma=86400'} 
 body={"results":[{"gender":"male","name":{"title":"Mr","first":"William","last":"Kelley"},"location":{"street":{"number":3590,"name":"N Stelling Rd"},"city":"Round Rock","state":"Iowa","country":"United States","postcode":53747,"coordinates":{"latitude":"83.5215","longitude":"-93.7158"},"timezone":{"offset":"+4:00","description":"Abu Dhabi, Muscat, Baku, Tbilisi"}},"email":"william.kelley@example.com","login":{"uuid":"f7958c47-ed42-43c2-ac62-c62e85dc4429","username":"happydog817","password":"second","salt":"5YrioXk4","md5":"7a7d0e19e410d9f2c3cd0e40ecf39f89","sha1":"148862a453354047b46310be301e959d6aab09ea","sha256":"8f779d67317579e6ab6466ec8db8ef5ac7330f360b716fa610b2b28b9a29cfc3"},"dob":{"date":"1967-02-28T23:19:01.863Z","age":57},"registered":{"date":"2005-05-09T15:29:30.109Z","age":18},"phone":"(638) 822-1566","cell":"(636) 225-9033","id":{"name":"SSN","value":"365-20-3985"},"picture":{"large":"https://randomuser.me/api/portraits/men/88.jpg","medium":"https://randomuser.me/api/portraits/med/men/88.jpg","thumbnail":"https://randomuser.me/api/portraits/thumb/men/88.jpg"},"nat":"US"}],"info":{"seed":"fe3c0e32d862e949","results":1,"page":1,"version":"1.4"}} 
 </msg>
<msg time="2024-04-28T06:18:21.349985" level="INFO">/opt/hostedtoolcache/Python/3.12.3/x64/lib/python3.12/site-packages/urllib3/connectionpool.py:1103: InsecureRequestWarning: Unverified HTTPS request is being made to host 'randomuser.me'. Adding certificate verification is strongly advised. See: https://urllib3.readthedocs.io/en/latest/advanced-usage.html#tls-warnings
  warnings.warn(</msg>
<msg time="2024-04-28T06:18:21.350096" level="INFO">${response} = &lt;Response [200]&gt;</msg>
<var>${response}</var>
<arg>consultarAPI</arg>
<arg>/api</arg>
<doc>Sends a GET request on a previously created HTTP Session.</doc>
<status status="PASS" start="2024-04-28T06:18:21.232615" elapsed="0.117512"/>
</kw>
<kw name="Set Variable" owner="BuiltIn">
<msg time="2024-04-28T06:18:21.351147" level="INFO">${json_data} = {'results': [{'gender': 'male', 'name': {'title': 'Mr', 'first': 'William', 'last': 'Kelley'}, 'location': {'street': {'number': 3590, 'name': 'N Stelling Rd'}, 'city': 'Round Rock', 'state': 'Iowa', ...</msg>
<var>${json_data}</var>
<arg>${response.json()}</arg>
<doc>Returns the given values which can then be assigned to a variables.</doc>
<status status="PASS" start="2024-04-28T06:18:21.350557" elapsed="0.000625"/>
</kw>
<kw name="Log" owner="BuiltIn">
<msg time="2024-04-28T06:18:21.351767" level="INFO">{'results': [{'gender': 'male', 'name': {'title': 'Mr', 'first': 'William', 'last': 'Kelley'}, 'location': {'street': {'number': 3590, 'name': 'N Stelling Rd'}, 'city': 'Round Rock', 'state': 'Iowa', 'country': 'United States', 'postcode': 53747, 'coordinates': {'latitude': '83.5215', 'longitude': '-93.7158'}, 'timezone': {'offset': '+4:00', 'description': 'Abu Dhabi, Muscat, Baku, Tbilisi'}}, 'email': 'william.kelley@example.com', 'login': {'uuid': 'f7958c47-ed42-43c2-ac62-c62e85dc4429', 'username': 'happydog817', 'password': 'second', 'salt': '5YrioXk4', 'md5': '7a7d0e19e410d9f2c3cd0e40ecf39f89', 'sha1': '148862a453354047b46310be301e959d6aab09ea', 'sha256': '8f779d67317579e6ab6466ec8db8ef5ac7330f360b716fa610b2b28b9a29cfc3'}, 'dob': {'date': '1967-02-28T23:19:01.863Z', 'age': 57}, 'registered': {'date': '2005-05-09T15:29:30.109Z', 'age': 18}, 'phone': '(638) 822-1566', 'cell': '(636) 225-9033', 'id': {'name': 'SSN', 'value': '365-20-3985'}, 'picture': {'large': 'https://randomuser.me/api/portraits/men/88.jpg', 'medium': 'https://randomuser.me/api/portraits/med/men/88.jpg', 'thumbnail': 'https://randomuser.me/api/portraits/thumb/men/88.jpg'}, 'nat': 'US'}], 'info': {'seed': 'fe3c0e32d862e949', 'results': 1, 'page': 1, 'version': '1.4'}}</msg>
<arg>${json_data}</arg>
<doc>Logs the given message with the given level.</doc>
<status status="PASS" start="2024-04-28T06:18:21.351577" elapsed="0.000255"/>
</kw>
<kw name="Dictionary Should Contain Key" owner="Collections">
<msg time="2024-04-28T06:18:21.352445" level="INFO">False</msg>
<arg>${json_data}</arg>
<arg>results</arg>
<doc>Fails if ``key`` is not found from ``dictionary``.</doc>
<status status="PASS" start="2024-04-28T06:18:21.352230" elapsed="0.000264"/>
</kw>
<kw name="Should Not Be Empty" owner="BuiltIn">
<msg time="2024-04-28T06:18:21.353024" level="INFO">Length is 2.</msg>
<arg>${json_data}</arg>
<doc>Verifies that the given item is not empty.</doc>
<status status="PASS" start="2024-04-28T06:18:21.352866" elapsed="0.000367"/>
</kw>
<kw name="Create List" owner="BuiltIn">
<msg time="2024-04-28T06:18:21.353811" level="INFO">${expected_keys} = ['gender', 'name', 'location', 'email', 'login']</msg>
<var>${expected_keys}</var>
<arg>gender</arg>
<arg>name</arg>
<arg>location</arg>
<arg>email</arg>
<arg>login</arg>
<doc>Returns a list containing given items.</doc>
<status status="PASS" start="2024-04-28T06:18:21.353619" elapsed="0.000223"/>
</kw>
<for flavor="IN">
<iter>
<kw name="Dictionary Should Contain Key" owner="Collections">
<msg time="2024-04-28T06:18:21.354933" level="INFO">False</msg>
<arg>${json_data['results'][0]}</arg>
<arg>${key}</arg>
<doc>Fails if ``key`` is not found from ``dictionary``.</doc>
<status status="PASS" start="2024-04-28T06:18:21.354509" elapsed="0.000463"/>
</kw>
<kw name="Log" owner="BuiltIn">
<msg time="2024-04-28T06:18:21.355654" level="INFO">{'gender': 'male', 'name': {'title': 'Mr', 'first': 'William', 'last': 'Kelley'}, 'location': {'street': {'number': 3590, 'name': 'N Stelling Rd'}, 'city': 'Round Rock', 'state': 'Iowa', 'country': 'United States', 'postcode': 53747, 'coordinates': {'latitude': '83.5215', 'longitude': '-93.7158'}, 'timezone': {'offset': '+4:00', 'description': 'Abu Dhabi, Muscat, Baku, Tbilisi'}}, 'email': 'william.kelley@example.com', 'login': {'uuid': 'f7958c47-ed42-43c2-ac62-c62e85dc4429', 'username': 'happydog817', 'password': 'second', 'salt': '5YrioXk4', 'md5': '7a7d0e19e410d9f2c3cd0e40ecf39f89', 'sha1': '148862a453354047b46310be301e959d6aab09ea', 'sha256': '8f779d67317579e6ab6466ec8db8ef5ac7330f360b716fa610b2b28b9a29cfc3'}, 'dob': {'date': '1967-02-28T23:19:01.863Z', 'age': 57}, 'registered': {'date': '2005-05-09T15:29:30.109Z', 'age': 18}, 'phone': '(638) 822-1566', 'cell': '(636) 225-9033', 'id': {'name': 'SSN', 'value': '365-20-3985'}, 'picture': {'large': 'https://randomuser.me/api/portraits/men/88.jpg', 'medium': 'https://randomuser.me/api/portraits/med/men/88.jpg', 'thumbnail': 'https://randomuser.me/api/portraits/thumb/men/88.jpg'}, 'nat': 'US'}</msg>
<arg>${json_data['results'][0]}</arg>
<doc>Logs the given message with the given level.</doc>
<status status="PASS" start="2024-04-28T06:18:21.355276" elapsed="0.000426"/>
</kw>
<kw name="Log" owner="BuiltIn">
<msg time="2024-04-28T06:18:21.356157" level="INFO">gender</msg>
<arg>${key}</arg>
<doc>Logs the given message with the given level.</doc>
<status status="PASS" start="2024-04-28T06:18:21.355996" elapsed="0.000202"/>
</kw>
<var name="${key}">gender</var>
<status status="PASS" start="2024-04-28T06:18:21.354383" elapsed="0.002045"/>
</iter>
<iter>
<kw name="Dictionary Should Contain Key" owner="Collections">
<msg time="2024-04-28T06:18:21.357124" level="INFO">False</msg>
<arg>${json_data['results'][0]}</arg>
<arg>${key}</arg>
<doc>Fails if ``key`` is not found from ``dictionary``.</doc>
<status status="PASS" start="2024-04-28T06:18:21.356732" elapsed="0.000430"/>
</kw>
<kw name="Log" owner="BuiltIn">
<msg time="2024-04-28T06:18:21.357854" level="INFO">{'gender': 'male', 'name': {'title': 'Mr', 'first': 'William', 'last': 'Kelley'}, 'location': {'street': {'number': 3590, 'name': 'N Stelling Rd'}, 'city': 'Round Rock', 'state': 'Iowa', 'country': 'United States', 'postcode': 53747, 'coordinates': {'latitude': '83.5215', 'longitude': '-93.7158'}, 'timezone': {'offset': '+4:00', 'description': 'Abu Dhabi, Muscat, Baku, Tbilisi'}}, 'email': 'william.kelley@example.com', 'login': {'uuid': 'f7958c47-ed42-43c2-ac62-c62e85dc4429', 'username': 'happydog817', 'password': 'second', 'salt': '5YrioXk4', 'md5': '7a7d0e19e410d9f2c3cd0e40ecf39f89', 'sha1': '148862a453354047b46310be301e959d6aab09ea', 'sha256': '8f779d67317579e6ab6466ec8db8ef5ac7330f360b716fa610b2b28b9a29cfc3'}, 'dob': {'date': '1967-02-28T23:19:01.863Z', 'age': 57}, 'registered': {'date': '2005-05-09T15:29:30.109Z', 'age': 18}, 'phone': '(638) 822-1566', 'cell': '(636) 225-9033', 'id': {'name': 'SSN', 'value': '365-20-3985'}, 'picture': {'large': 'https://randomuser.me/api/portraits/men/88.jpg', 'medium': 'https://randomuser.me/api/portraits/med/men/88.jpg', 'thumbnail': 'https://randomuser.me/api/portraits/thumb/men/88.jpg'}, 'nat': 'US'}</msg>
<arg>${json_data['results'][0]}</arg>
<doc>Logs the given message with the given level.</doc>
<status status="PASS" start="2024-04-28T06:18:21.357491" elapsed="0.000411"/>
</kw>
<kw name="Log" owner="BuiltIn">
<msg time="2024-04-28T06:18:21.358327" level="INFO">name</msg>
<arg>${key}</arg>
<doc>Logs the given message with the given level.</doc>
<status status="PASS" start="2024-04-28T06:18:21.358198" elapsed="0.000167"/>
</kw>
<var name="${key}">name</var>
<status status="PASS" start="2024-04-28T06:18:21.356616" elapsed="0.001961"/>
</iter>
<iter>
<kw name="Dictionary Should Contain Key" owner="Collections">
<msg time="2024-04-28T06:18:21.359268" level="INFO">False</msg>
<arg>${json_data['results'][0]}</arg>
<arg>${key}</arg>
<doc>Fails if ``key`` is not found from ``dictionary``.</doc>
<status status="PASS" start="2024-04-28T06:18:21.358875" elapsed="0.000431"/>
</kw>
<kw name="Log" owner="BuiltIn">
<msg time="2024-04-28T06:18:21.359978" level="INFO">{'gender': 'male', 'name': {'title': 'Mr', 'first': 'William', 'last': 'Kelley'}, 'location': {'street': {'number': 3590, 'name': 'N Stelling Rd'}, 'city': 'Round Rock', 'state': 'Iowa', 'country': 'United States', 'postcode': 53747, 'coordinates': {'latitude': '83.5215', 'longitude': '-93.7158'}, 'timezone': {'offset': '+4:00', 'description': 'Abu Dhabi, Muscat, Baku, Tbilisi'}}, 'email': 'william.kelley@example.com', 'login': {'uuid': 'f7958c47-ed42-43c2-ac62-c62e85dc4429', 'username': 'happydog817', 'password': 'second', 'salt': '5YrioXk4', 'md5': '7a7d0e19e410d9f2c3cd0e40ecf39f89', 'sha1': '148862a453354047b46310be301e959d6aab09ea', 'sha256': '8f779d67317579e6ab6466ec8db8ef5ac7330f360b716fa610b2b28b9a29cfc3'}, 'dob': {'date': '1967-02-28T23:19:01.863Z', 'age': 57}, 'registered': {'date': '2005-05-09T15:29:30.109Z', 'age': 18}, 'phone': '(638) 822-1566', 'cell': '(636) 225-9033', 'id': {'name': 'SSN', 'value': '365-20-3985'}, 'picture': {'large': 'https://randomuser.me/api/portraits/men/88.jpg', 'medium': 'https://randomuser.me/api/portraits/med/men/88.jpg', 'thumbnail': 'https://randomuser.me/api/portraits/thumb/men/88.jpg'}, 'nat': 'US'}</msg>
<arg>${json_data['results'][0]}</arg>
<doc>Logs the given message with the given level.</doc>
<status status="PASS" start="2024-04-28T06:18:21.359618" elapsed="0.000407"/>
</kw>
<kw name="Log" owner="BuiltIn">
<msg time="2024-04-28T06:18:21.360493" level="INFO">location</msg>
<arg>${key}</arg>
<doc>Logs the given message with the given level.</doc>
<status status="PASS" start="2024-04-28T06:18:21.360366" elapsed="0.000166"/>
</kw>
<var name="${key}">location</var>
<status status="PASS" start="2024-04-28T06:18:21.358760" elapsed="0.001984"/>
</iter>
<iter>
<kw name="Dictionary Should Contain Key" owner="Collections">
<msg time="2024-04-28T06:18:21.361425" level="INFO">False</msg>
<arg>${json_data['results'][0]}</arg>
<arg>${key}</arg>
<doc>Fails if ``key`` is not found from ``dictionary``.</doc>
<status status="PASS" start="2024-04-28T06:18:21.361027" elapsed="0.000435"/>
</kw>
<kw name="Log" owner="BuiltIn">
<msg time="2024-04-28T06:18:21.362127" level="INFO">{'gender': 'male', 'name': {'title': 'Mr', 'first': 'William', 'last': 'Kelley'}, 'location': {'street': {'number': 3590, 'name': 'N Stelling Rd'}, 'city': 'Round Rock', 'state': 'Iowa', 'country': 'United States', 'postcode': 53747, 'coordinates': {'latitude': '83.5215', 'longitude': '-93.7158'}, 'timezone': {'offset': '+4:00', 'description': 'Abu Dhabi, Muscat, Baku, Tbilisi'}}, 'email': 'william.kelley@example.com', 'login': {'uuid': 'f7958c47-ed42-43c2-ac62-c62e85dc4429', 'username': 'happydog817', 'password': 'second', 'salt': '5YrioXk4', 'md5': '7a7d0e19e410d9f2c3cd0e40ecf39f89', 'sha1': '148862a453354047b46310be301e959d6aab09ea', 'sha256': '8f779d67317579e6ab6466ec8db8ef5ac7330f360b716fa610b2b28b9a29cfc3'}, 'dob': {'date': '1967-02-28T23:19:01.863Z', 'age': 57}, 'registered': {'date': '2005-05-09T15:29:30.109Z', 'age': 18}, 'phone': '(638) 822-1566', 'cell': '(636) 225-9033', 'id': {'name': 'SSN', 'value': '365-20-3985'}, 'picture': {'large': 'https://randomuser.me/api/portraits/men/88.jpg', 'medium': 'https://randomuser.me/api/portraits/med/men/88.jpg', 'thumbnail': 'https://randomuser.me/api/portraits/thumb/men/88.jpg'}, 'nat': 'US'}</msg>
<arg>${json_data['results'][0]}</arg>
<doc>Logs the given message with the given level.</doc>
<status status="PASS" start="2024-04-28T06:18:21.361759" elapsed="0.000415"/>
</kw>
<kw name="Log" owner="BuiltIn">
<msg time="2024-04-28T06:18:21.362606" level="INFO">email</msg>
<arg>${key}</arg>
<doc>Logs the given message with the given level.</doc>
<status status="PASS" start="2024-04-28T06:18:21.362478" elapsed="0.000165"/>
</kw>
<var name="${key}">email</var>
<status status="PASS" start="2024-04-28T06:18:21.360917" elapsed="0.001941"/>
</iter>
<iter>
<kw name="Dictionary Should Contain Key" owner="Collections">
<msg time="2024-04-28T06:18:21.363522" level="INFO">False</msg>
<arg>${json_data['results'][0]}</arg>
<arg>${key}</arg>
<doc>Fails if ``key`` is not found from ``dictionary``.</doc>
<status status="PASS" start="2024-04-28T06:18:21.363140" elapsed="0.000419"/>
</kw>
<kw name="Log" owner="BuiltIn">
<msg time="2024-04-28T06:18:21.364265" level="INFO">{'gender': 'male', 'name': {'title': 'Mr', 'first': 'William', 'last': 'Kelley'}, 'location': {'street': {'number': 3590, 'name': 'N Stelling Rd'}, 'city': 'Round Rock', 'state': 'Iowa', 'country': 'United States', 'postcode': 53747, 'coordinates': {'latitude': '83.5215', 'longitude': '-93.7158'}, 'timezone': {'offset': '+4:00', 'description': 'Abu Dhabi, Muscat, Baku, Tbilisi'}}, 'email': 'william.kelley@example.com', 'login': {'uuid': 'f7958c47-ed42-43c2-ac62-c62e85dc4429', 'username': 'happydog817', 'password': 'second', 'salt': '5YrioXk4', 'md5': '7a7d0e19e410d9f2c3cd0e40ecf39f89', 'sha1': '148862a453354047b46310be301e959d6aab09ea', 'sha256': '8f779d67317579e6ab6466ec8db8ef5ac7330f360b716fa610b2b28b9a29cfc3'}, 'dob': {'date': '1967-02-28T23:19:01.863Z', 'age': 57}, 'registered': {'date': '2005-05-09T15:29:30.109Z', 'age': 18}, 'phone': '(638) 822-1566', 'cell': '(636) 225-9033', 'id': {'name': 'SSN', 'value': '365-20-3985'}, 'picture': {'large': 'https://randomuser.me/api/portraits/men/88.jpg', 'medium': 'https://randomuser.me/api/portraits/med/men/88.jpg', 'thumbnail': 'https://randomuser.me/api/portraits/thumb/men/88.jpg'}, 'nat': 'US'}</msg>
<arg>${json_data['results'][0]}</arg>
<doc>Logs the given message with the given level.</doc>
<status status="PASS" start="2024-04-28T06:18:21.363853" elapsed="0.000460"/>
</kw>
<kw name="Log" owner="BuiltIn">
<msg time="2024-04-28T06:18:21.364736" level="INFO">login</msg>
<arg>${key}</arg>
<doc>Logs the given message with the given level.</doc>
<status status="PASS" start="2024-04-28T06:18:21.364609" elapsed="0.000165"/>
</kw>
<var name="${key}">login</var>
<status status="PASS" start="2024-04-28T06:18:21.363029" elapsed="0.002000"/>
</iter>
<var>${key}</var>
<value>@{expected_keys}</value>
<status status="PASS" start="2024-04-28T06:18:21.354159" elapsed="0.011001"/>
</for>
<kw name="Create List" owner="BuiltIn">
<msg time="2024-04-28T06:18:21.365485" level="INFO">${expected_keysTwo} = ['username', 'password']</msg>
<var>${expected_keysTwo}</var>
<arg>username</arg>
<arg>password</arg>
<doc>Returns a list containing given items.</doc>
<status status="PASS" start="2024-04-28T06:18:21.365350" elapsed="0.000159"/>
</kw>
<for flavor="IN">
<iter>
<kw name="Dictionary Should Contain Key" owner="Collections">
<msg time="2024-04-28T06:18:21.366393" level="INFO">False</msg>
<arg>${json_data['results'][0]['login']}</arg>
<arg>${keyTwo}</arg>
<doc>Fails if ``key`` is not found from ``dictionary``.</doc>
<status status="PASS" start="2024-04-28T06:18:21.366003" elapsed="0.000426"/>
</kw>
<kw name="Dictionary Should Contain Key" owner="Collections">
<msg time="2024-04-28T06:18:21.367110" level="INFO">False</msg>
<arg>${json_data['results'][0]['login']}</arg>
<arg>${keyTwo}</arg>
<doc>Fails if ``key`` is not found from ``dictionary``.</doc>
<status status="PASS" start="2024-04-28T06:18:21.366721" elapsed="0.000426"/>
</kw>
<kw name="Log" owner="BuiltIn">
<msg time="2024-04-28T06:18:21.367564" level="INFO">username</msg>
<arg>${keyTwo}</arg>
<doc>Logs the given message with the given level.</doc>
<status status="PASS" start="2024-04-28T06:18:21.367437" elapsed="0.000169"/>
</kw>
<var name="${keyTwo}">username</var>
<status status="PASS" start="2024-04-28T06:18:21.365894" elapsed="0.001926"/>
</iter>
<iter>
<kw name="Dictionary Should Contain Key" owner="Collections">
<msg time="2024-04-28T06:18:21.368633" level="INFO">False</msg>
<arg>${json_data['results'][0]['login']}</arg>
<arg>${keyTwo}</arg>
<doc>Fails if ``key`` is not found from ``dictionary``.</doc>
<status status="PASS" start="2024-04-28T06:18:21.368129" elapsed="0.000551"/>
</kw>
<kw name="Dictionary Should Contain Key" owner="Collections">
<msg time="2024-04-28T06:18:21.369370" level="INFO">False</msg>
<arg>${json_data['results'][0]['login']}</arg>
<arg>${keyTwo}</arg>
<doc>Fails if ``key`` is not found from ``dictionary``.</doc>
<status status="PASS" start="2024-04-28T06:18:21.368983" elapsed="0.000424"/>
</kw>
<kw name="Log" owner="BuiltIn">
<msg time="2024-04-28T06:18:21.369828" level="INFO">password</msg>
<arg>${keyTwo}</arg>
<doc>Logs the given message with the given level.</doc>
<status status="PASS" start="2024-04-28T06:18:21.369700" elapsed="0.000166"/>
</kw>
<var name="${keyTwo}">password</var>
<status status="PASS" start="2024-04-28T06:18:21.367989" elapsed="0.002097"/>
</iter>
<var>${keyTwo}</var>
<value>@{expected_keysTwo}</value>
<status status="PASS" start="2024-04-28T06:18:21.365744" elapsed="0.004461"/>
</for>
<status status="PASS" start="2024-04-28T06:18:21.232368" elapsed="0.137969"/>
</kw>
<doc>Testa a estrutura da resposta da API.</doc>
<tag>testeEstruturaResposta</tag>
<status status="PASS" start="2024-04-28T06:18:21.231832" elapsed="0.138663"/>
</test>
<test id="s1-s1-t4" name="Validar tipos de dados" line="28">
<kw name="Teste de Tipos de Dados" owner="random-user-service">
<kw name="GET On Session" owner="RequestsLibrary">
<msg time="2024-04-28T06:18:21.419853" level="INFO">GET Request : url=https://randomuser.me/api 
 path_url=/api 
 headers={'User-Agent': 'python-requests/2.31.0', 'Accept-Encoding': 'gzip, deflate', 'Accept': '*/*', 'Connection': 'keep-alive'} 
 body=None 
 </msg>
<msg time="2024-04-28T06:18:21.419928" level="INFO">GET Response : url=https://randomuser.me/api 
 status=200, reason=OK 
 headers={'Date': 'Sun, 28 Apr 2024 06:18:21 GMT', 'Content-Type': 'application/json; charset=utf-8', 'Transfer-Encoding': 'chunked', 'Connection': 'keep-alive', 'X-Powered-By': 'Express', 'Access-Control-Allow-Origin': '*', 'Cache-Control': 'no-cache', 'ETag': 'W/"47a-kBqIflVAeHFGidcgPnebP/r7oeo"', 'Vary': 'Accept-Encoding', 'Content-Encoding': 'gzip', 'CF-Cache-Status': 'DYNAMIC', 'Report-To': '{"endpoints":[{"url":"https:\\/\\/a.nel.cloudflare.com\\/report\\/v4?s=hQLraXX%2BzInZovXlb7v262Xp%2BNjQPO3UlgJQ6%2FuajYdvnJpJIQSFTf%2Fh0%2BilGDZbWy0Hk%2BE8ntqPH6ZNX6hDPpjbG6ZMHBzRMNzpEYAVXraCGJbymzHvbpd3VqQrzqa0"}],"group":"cf-nel","max_age":604800}', 'NEL': '{"success_fraction":0,"report_to":"cf-nel","max_age":604800}', 'Server': 'cloudflare', 'CF-RAY': '87b4ef3b991507e1-IAD', 'alt-svc': 'h3=":443"; ma=86400'} 
 body={"results":[{"gender":"male","name":{"title":"Mr","first":"Michael","last":"Thompson"},"location":{"street":{"number":6308,"name":"Church Street"},"city":"Napier","state":"West Coast","country":"New Zealand","postcode":33875,"coordinates":{"latitude":"52.4356","longitude":"-145.6815"},"timezone":{"offset":"+9:30","description":"Adelaide, Darwin"}},"email":"michael.thompson@example.com","login":{"uuid":"cbea27f4-9bb5-48ae-a4b0-46135ca805ab","username":"sadbear357","password":"divorce","salt":"LRQwHN3i","md5":"5981109ab94a5618035a0058a0c1568a","sha1":"2e3b62c8cc45d37091a286efcec4610cb2a2b36d","sha256":"ffed7a190d8488cd5404c5f43c85d79066a1131902eefff93e78a049269e1bbb"},"dob":{"date":"1968-09-06T12:58:21.353Z","age":55},"registered":{"date":"2004-01-10T16:41:46.358Z","age":20},"phone":"(376)-503-6732","cell":"(188)-207-7475","id":{"name":"","value":null},"picture":{"large":"https://randomuser.me/api/portraits/men/21.jpg","medium":"https://randomuser.me/api/portraits/med/men/21.jpg","thumbnail":"https://randomuser.me/api/portraits/thumb/men/21.jpg"},"nat":"NZ"}],"info":{"seed":"5fa5dc14d4ae1471","results":1,"page":1,"version":"1.4"}} 
 </msg>
<msg time="2024-04-28T06:18:21.419994" level="INFO">/opt/hostedtoolcache/Python/3.12.3/x64/lib/python3.12/site-packages/urllib3/connectionpool.py:1103: InsecureRequestWarning: Unverified HTTPS request is being made to host 'randomuser.me'. Adding certificate verification is strongly advised. See: https://urllib3.readthedocs.io/en/latest/advanced-usage.html#tls-warnings
  warnings.warn(</msg>
<msg time="2024-04-28T06:18:21.420125" level="INFO">${response} = &lt;Response [200]&gt;</msg>
<var>${response}</var>
<arg>consultarAPI</arg>
<arg>/api</arg>
<doc>Sends a GET request on a previously created HTTP Session.</doc>
<status status="PASS" start="2024-04-28T06:18:21.372924" elapsed="0.047249"/>
</kw>
<kw name="Set Variable" owner="BuiltIn">
<msg time="2024-04-28T06:18:21.421012" level="INFO">${json_data} = {'results': [{'gender': 'male', 'name': {'title': 'Mr', 'first': 'Michael', 'last': 'Thompson'}, 'location': {'street': {'number': 6308, 'name': 'Church Street'}, 'city': 'Napier', 'state': 'West Coas...</msg>
<var>${json_data}</var>
<arg>${response.json()}</arg>
<doc>Returns the given values which can then be assigned to a variables.</doc>
<status status="PASS" start="2024-04-28T06:18:21.420570" elapsed="0.000470"/>
</kw>
<kw name="Log" owner="BuiltIn">
<msg time="2024-04-28T06:18:21.421491" level="INFO">{'results': [{'gender': 'male', 'name': {'title': 'Mr', 'first': 'Michael', 'last': 'Thompson'}, 'location': {'street': {'number': 6308, 'name': 'Church Street'}, 'city': 'Napier', 'state': 'West Coast', 'country': 'New Zealand', 'postcode': 33875, 'coordinates': {'latitude': '52.4356', 'longitude': '-145.6815'}, 'timezone': {'offset': '+9:30', 'description': 'Adelaide, Darwin'}}, 'email': 'michael.thompson@example.com', 'login': {'uuid': 'cbea27f4-9bb5-48ae-a4b0-46135ca805ab', 'username': 'sadbear357', 'password': 'divorce', 'salt': 'LRQwHN3i', 'md5': '5981109ab94a5618035a0058a0c1568a', 'sha1': '2e3b62c8cc45d37091a286efcec4610cb2a2b36d', 'sha256': 'ffed7a190d8488cd5404c5f43c85d79066a1131902eefff93e78a049269e1bbb'}, 'dob': {'date': '1968-09-06T12:58:21.353Z', 'age': 55}, 'registered': {'date': '2004-01-10T16:41:46.358Z', 'age': 20}, 'phone': '(376)-503-6732', 'cell': '(188)-207-7475', 'id': {'name': '', 'value': None}, 'picture': {'large': 'https://randomuser.me/api/portraits/men/21.jpg', 'medium': 'https://randomuser.me/api/portraits/med/men/21.jpg', 'thumbnail': 'https://randomuser.me/api/portraits/thumb/men/21.jpg'}, 'nat': 'NZ'}], 'info': {'seed': '5fa5dc14d4ae1471', 'results': 1, 'page': 1, 'version': '1.4'}}</msg>
<arg>${json_data}</arg>
<doc>Logs the given message with the given level.</doc>
<status status="PASS" start="2024-04-28T06:18:21.421339" elapsed="0.000231"/>
</kw>
<kw name="Should Be String" owner="String">
<arg>${json_data['results'][0]['gender']}</arg>
<doc>Fails if the given ``item`` is not a string.</doc>
<status status="PASS" start="2024-04-28T06:18:21.421863" elapsed="0.000366"/>
</kw>
<kw name="Should Match Regexp" owner="BuiltIn">
<arg>${json_data['results'][0]['email']}</arg>
<arg>^[a-zA-Z0-9._%+-]+@[a-zA-Z0-9.-]+\.[a-zA-Z]{2,}$</arg>
<doc>Fails if ``string`` does not match ``pattern`` as a regular expression.</doc>
<status status="PASS" start="2024-04-28T06:18:21.422418" elapsed="0.000504"/>
</kw>
<kw name="Should Match Regexp" owner="BuiltIn">
<arg>${json_data['results'][0]['dob']['date']}</arg>
<arg>\\d{4}-\\d{2}-\\d{2}T\\d{2}:\\d{2}:\\d{2}\\.\\d{3}Z</arg>
<doc>Fails if ``string`` does not match ``pattern`` as a regular expression.</doc>
<status status="PASS" start="2024-04-28T06:18:21.423118" elapsed="0.000493"/>
</kw>
<kw name="Should Match Regexp" owner="BuiltIn">
<arg>${json_data['results'][0]['registered']['date']}</arg>
<arg>\\d{4}-\\d{2}-\\d{2}T\\d{2}:\\d{2}:\\d{2}\\.\\d{3}Z</arg>
<doc>Fails if ``string`` does not match ``pattern`` as a regular expression.</doc>
<status status="PASS" start="2024-04-28T06:18:21.423802" elapsed="0.000422"/>
</kw>
<kw name="Should Match Regexp" owner="BuiltIn">
<arg>${json_data['results'][0]['picture']['large']}</arg>
<arg>^https?://.*\.(?:png|jpe?g|gif|bmp)$</arg>
<doc>Fails if ``string`` does not match ``pattern`` as a regular expression.</doc>
<status status="PASS" start="2024-04-28T06:18:21.424424" elapsed="0.000481"/>
</kw>
<kw name="Should Match Regexp" owner="BuiltIn">
<arg>${json_data['results'][0]['picture']['medium']}</arg>
<arg>^https?://.*\.(?:png|jpe?g|gif|bmp)$</arg>
<doc>Fails if ``string`` does not match ``pattern`` as a regular expression.</doc>
<status status="PASS" start="2024-04-28T06:18:21.425095" elapsed="0.000378"/>
</kw>
<kw name="Should Match Regexp" owner="BuiltIn">
<arg>${json_data['results'][0]['picture']['thumbnail']}</arg>
<arg>^https?://.*\.(?:png|jpe?g|gif|bmp)$</arg>
<doc>Fails if ``string`` does not match ``pattern`` as a regular expression.</doc>
<status status="PASS" start="2024-04-28T06:18:21.425672" elapsed="0.000350"/>
</kw>
<kw name="Log" owner="BuiltIn">
<msg time="2024-04-28T06:18:21.426532" level="INFO">{'large': 'https://randomuser.me/api/portraits/men/21.jpg', 'medium': 'https://randomuser.me/api/portraits/med/men/21.jpg', 'thumbnail': 'https://randomuser.me/api/portraits/thumb/men/21.jpg'}</msg>
<arg>${json_data['results'][0]['picture']}</arg>
<doc>Logs the given message with the given level.</doc>
<status status="PASS" start="2024-04-28T06:18:21.426202" elapsed="0.000371"/>
</kw>
<status status="PASS" start="2024-04-28T06:18:21.372701" elapsed="0.054122"/>
</kw>
<kw name="Teste de Tipos de Dados - Postcode" owner="random-user-service">
<kw name="GET On Session" owner="RequestsLibrary">
<msg time="2024-04-28T06:18:21.513454" level="INFO">GET Request : url=https://randomuser.me/api 
 path_url=/api 
 headers={'User-Agent': 'python-requests/2.31.0', 'Accept-Encoding': 'gzip, deflate', 'Accept': '*/*', 'Connection': 'keep-alive'} 
 body=None 
 </msg>
<msg time="2024-04-28T06:18:21.513538" level="INFO">GET Response : url=https://randomuser.me/api 
 status=200, reason=OK 
 headers={'Date': 'Sun, 28 Apr 2024 06:18:21 GMT', 'Content-Type': 'application/json; charset=utf-8', 'Transfer-Encoding': 'chunked', 'Connection': 'keep-alive', 'X-Powered-By': 'Express', 'Access-Control-Allow-Origin': '*', 'Cache-Control': 'no-cache', 'ETag': 'W/"48e-K1lvkJPtLYI254+uRboMgi+rsB0"', 'Vary': 'Accept-Encoding', 'Content-Encoding': 'gzip', 'CF-Cache-Status': 'DYNAMIC', 'Report-To': '{"endpoints":[{"url":"https:\\/\\/a.nel.cloudflare.com\\/report\\/v4?s=136pXj2d4beZ5nuGw9fTqHc5JissIhM2IhT%2FIcERZvQAkQXXTZ0QAStJiw2DyW5T8%2FXqwMtVYXVlHzr7Z3w1SRQPfRkx0aFfADqqA3Y4Rf%2B7F1WAJBVZhMRyTce1Dj9u"}],"group":"cf-nel","max_age":604800}', 'NEL': '{"success_fraction":0,"report_to":"cf-nel","max_age":604800}', 'Server': 'cloudflare', 'CF-RAY': '87b4ef3bf96007e1-IAD', 'alt-svc': 'h3=":443"; ma=86400'} 
 body={"results":[{"gender":"female","name":{"title":"Miss","first":"Yasemin","last":"Beşerler"},"location":{"street":{"number":4382,"name":"Necatibey Cd"},"city":"Tokat","state":"Bingöl","country":"Turkey","postcode":72303,"coordinates":{"latitude":"71.2498","longitude":"50.1316"},"timezone":{"offset":"+9:00","description":"Tokyo, Seoul, Osaka, Sapporo, Yakutsk"}},"email":"yasemin.beserler@example.com","login":{"uuid":"f31e78b2-b209-4f0f-930a-b8965dec9ff4","username":"redpanda603","password":"789789","salt":"laJ0c8un","md5":"f44f3d29fe6ddfe306adb9ca940b3f6e","sha1":"c826b88f60c46da008ee8509c0f011126717c164","sha256":"ed30447b059a4a4eb34b66d504c30b7c9ffb79a27b241fb3969e9c0a5f9ca9ca"},"dob":{"date":"1976-09-11T22:02:33.319Z","age":47},"registered":{"date":"2010-11-17T17:45:26.650Z","age":13},"phone":"(897)-699-2606","cell":"(760)-755-1044","id":{"name":"","value":null},"picture":{"large":"https://randomuser.me/api/portraits/women/31.jpg","medium":"https://randomuser.me/api/portraits/med/women/31.jpg","thumbnail":"https://randomuser.me/api/portraits/thumb/women/31.jpg"},"nat":"TR"}],"info":{"seed":"3dbb319c8c7ddf21","results":1,"page":1,"version":"1.4"}} 
 </msg>
<msg time="2024-04-28T06:18:21.513599" level="INFO">/opt/hostedtoolcache/Python/3.12.3/x64/lib/python3.12/site-packages/urllib3/connectionpool.py:1103: InsecureRequestWarning: Unverified HTTPS request is being made to host 'randomuser.me'. Adding certificate verification is strongly advised. See: https://urllib3.readthedocs.io/en/latest/advanced-usage.html#tls-warnings
  warnings.warn(</msg>
<msg time="2024-04-28T06:18:21.513682" level="INFO">${response} = &lt;Response [200]&gt;</msg>
<var>${response}</var>
<arg>consultarAPI</arg>
<arg>/api</arg>
<doc>Sends a GET request on a previously created HTTP Session.</doc>
<status status="PASS" start="2024-04-28T06:18:21.427267" elapsed="0.086439"/>
</kw>
<kw name="Set Variable" owner="BuiltIn">
<msg time="2024-04-28T06:18:21.514561" level="INFO">${json_data} = {'results': [{'gender': 'female', 'name': {'title': 'Miss', 'first': 'Yasemin', 'last': 'Beşerler'}, 'location': {'street': {'number': 4382, 'name': 'Necatibey Cd'}, 'city': 'Tokat', 'state': 'Bingöl'...</msg>
<var>${json_data}</var>
<arg>${response.json()}</arg>
<doc>Returns the given values which can then be assigned to a variables.</doc>
<status status="PASS" start="2024-04-28T06:18:21.514095" elapsed="0.000495"/>
</kw>
<kw name="Log" owner="BuiltIn">
<msg time="2024-04-28T06:18:21.515052" level="INFO">{'results': [{'gender': 'female', 'name': {'title': 'Miss', 'first': 'Yasemin', 'last': 'Beşerler'}, 'location': {'street': {'number': 4382, 'name': 'Necatibey Cd'}, 'city': 'Tokat', 'state': 'Bingöl', 'country': 'Turkey', 'postcode': 72303, 'coordinates': {'latitude': '71.2498', 'longitude': '50.1316'}, 'timezone': {'offset': '+9:00', 'description': 'Tokyo, Seoul, Osaka, Sapporo, Yakutsk'}}, 'email': 'yasemin.beserler@example.com', 'login': {'uuid': 'f31e78b2-b209-4f0f-930a-b8965dec9ff4', 'username': 'redpanda603', 'password': '789789', 'salt': 'laJ0c8un', 'md5': 'f44f3d29fe6ddfe306adb9ca940b3f6e', 'sha1': 'c826b88f60c46da008ee8509c0f011126717c164', 'sha256': 'ed30447b059a4a4eb34b66d504c30b7c9ffb79a27b241fb3969e9c0a5f9ca9ca'}, 'dob': {'date': '1976-09-11T22:02:33.319Z', 'age': 47}, 'registered': {'date': '2010-11-17T17:45:26.650Z', 'age': 13}, 'phone': '(897)-699-2606', 'cell': '(760)-755-1044', 'id': {'name': '', 'value': None}, 'picture': {'large': 'https://randomuser.me/api/portraits/women/31.jpg', 'medium': 'https://randomuser.me/api/portraits/med/women/31.jpg', 'thumbnail': 'https://randomuser.me/api/portraits/thumb/women/31.jpg'}, 'nat': 'TR'}], 'info': {'seed': '3dbb319c8c7ddf21', 'results': 1, 'page': 1, 'version': '1.4'}}</msg>
<arg>${json_data}</arg>
<doc>Logs the given message with the given level.</doc>
<status status="PASS" start="2024-04-28T06:18:21.514896" elapsed="0.000236"/>
</kw>
<kw name="Should Be Equal As Numbers" owner="BuiltIn">
<arg>${json_data['results'][0]['location']['postcode']}</arg>
<arg>${json_data['results'][0]['location']['postcode']}</arg>
<doc>Fails if objects are unequal after converting them to real numbers.</doc>
<status status="PASS" start="2024-04-28T06:18:21.515559" elapsed="0.000677"/>
</kw>
<kw name="Log" owner="BuiltIn">
<msg time="2024-04-28T06:18:21.516790" level="INFO">72303</msg>
<arg>${json_data['results'][0]['location']['postcode']}</arg>
<doc>Logs the given message with the given level.</doc>
<status status="PASS" start="2024-04-28T06:18:21.516448" elapsed="0.000384"/>
</kw>
<status status="PASS" start="2024-04-28T06:18:21.427032" elapsed="0.090054"/>
</kw>
<doc>Testa se os tipos de dados na resposta da API estão corretos.</doc>
<tag>testeTiposDados</tag>
<status status="PASS" start="2024-04-28T06:18:21.372273" elapsed="0.144971"/>
</test>
<test id="s1-s1-t5" name="Validar conteudo" line="35">
<kw name="Teste de Tipos de Conteudo" owner="random-user-service">
<kw name="GET On Session" owner="RequestsLibrary">
<msg time="2024-04-28T06:18:21.613667" level="INFO">GET Request : url=https://randomuser.me/api 
 path_url=/api 
 headers={'User-Agent': 'python-requests/2.31.0', 'Accept-Encoding': 'gzip, deflate', 'Accept': '*/*', 'Connection': 'keep-alive'} 
 body=None 
 </msg>
<msg time="2024-04-28T06:18:21.613730" level="INFO">GET Response : url=https://randomuser.me/api 
 status=200, reason=OK 
 headers={'Date': 'Sun, 28 Apr 2024 06:18:21 GMT', 'Content-Type': 'application/json; charset=utf-8', 'Transfer-Encoding': 'chunked', 'Connection': 'keep-alive', 'X-Powered-By': 'Express', 'Access-Control-Allow-Origin': '*', 'Cache-Control': 'no-cache', 'ETag': 'W/"47b-MjwvXO1FLZLJpvdom2gZNdrvz+A"', 'Vary': 'Accept-Encoding', 'Content-Encoding': 'gzip', 'CF-Cache-Status': 'DYNAMIC', 'Report-To': '{"endpoints":[{"url":"https:\\/\\/a.nel.cloudflare.com\\/report\\/v4?s=i78pJAx0F2rDsSTPRWM%2BA%2BpTawIPkUnt1j9iUbbeNPRHMaMM2mxlRMmxh38ULmugy6YsmA5Di1bEntlGlUxX7hIiqDgIEMNLOrM%2Fvy0C8ofbrMcCClXiCU%2BnDWzp9%2B96"}],"group":"cf-nel","max_age":604800}', 'NEL': '{"success_fraction":0,"report_to":"cf-nel","max_age":604800}', 'Server': 'cloudflare', 'CF-RAY': '87b4ef3c89dd07e1-IAD', 'alt-svc': 'h3=":443"; ma=86400'} 
 body={"results":[{"gender":"male","name":{"title":"Mr","first":"Finn","last":"Jackson"},"location":{"street":{"number":7149,"name":"East Coast Road"},"city":"Lower Hutt","state":"Otago","country":"New Zealand","postcode":21674,"coordinates":{"latitude":"55.5724","longitude":"-42.8368"},"timezone":{"offset":"-7:00","description":"Mountain Time (US &amp; Canada)"}},"email":"finn.jackson@example.com","login":{"uuid":"552b3692-2907-470f-b510-689c28ad5e9b","username":"bigbird445","password":"freak","salt":"iMcBBd08","md5":"a5d3453a2774fa60efdc83bdcb2ea118","sha1":"6edaa6fc648fdd4d8a9292e6952907ca575e74cd","sha256":"16cf8bb4d6aa2bb5eec97bd0f976c160d9b1398c54f46f2a9c47ca8f1c2f02eb"},"dob":{"date":"1973-09-15T03:04:10.367Z","age":50},"registered":{"date":"2014-02-11T21:18:53.029Z","age":10},"phone":"(156)-839-5754","cell":"(562)-305-3153","id":{"name":"","value":null},"picture":{"large":"https://randomuser.me/api/portraits/men/77.jpg","medium":"https://randomuser.me/api/portraits/med/men/77.jpg","thumbnail":"https://randomuser.me/api/portraits/thumb/men/77.jpg"},"nat":"NZ"}],"info":{"seed":"195154f90be2318d","results":1,"page":1,"version":"1.4"}} 
 </msg>
<msg time="2024-04-28T06:18:21.613784" level="INFO">/opt/hostedtoolcache/Python/3.12.3/x64/lib/python3.12/site-packages/urllib3/connectionpool.py:1103: InsecureRequestWarning: Unverified HTTPS request is being made to host 'randomuser.me'. Adding certificate verification is strongly advised. See: https://urllib3.readthedocs.io/en/latest/advanced-usage.html#tls-warnings
  warnings.warn(</msg>
<msg time="2024-04-28T06:18:21.613878" level="INFO">${response} = &lt;Response [200]&gt;</msg>
<var>${response}</var>
<arg>consultarAPI</arg>
<arg>/api</arg>
<doc>Sends a GET request on a previously created HTTP Session.</doc>
<status status="PASS" start="2024-04-28T06:18:21.519647" elapsed="0.094266"/>
</kw>
<kw name="Set Variable" owner="BuiltIn">
<msg time="2024-04-28T06:18:21.614721" level="INFO">${json_data} = {'results': [{'gender': 'male', 'name': {'title': 'Mr', 'first': 'Finn', 'last': 'Jackson'}, 'location': {'street': {'number': 7149, 'name': 'East Coast Road'}, 'city': 'Lower Hutt', 'state': 'Otago',...</msg>
<var>${json_data}</var>
<arg>${response.json()}</arg>
<doc>Returns the given values which can then be assigned to a variables.</doc>
<status status="PASS" start="2024-04-28T06:18:21.614281" elapsed="0.000468"/>
</kw>
<kw name="Set Variable" owner="BuiltIn">
<msg time="2024-04-28T06:18:21.615429" level="INFO">${name_title} = Mr</msg>
<var>${name_title}</var>
<arg>${json_data["results"][0]["name"]["title"]}</arg>
<doc>Returns the given values which can then be assigned to a variables.</doc>
<status status="PASS" start="2024-04-28T06:18:21.615047" elapsed="0.000407"/>
</kw>
<kw name="Create List" owner="BuiltIn">
<msg time="2024-04-28T06:18:21.615892" level="INFO">${allowed_titles} = ['Mr', 'Ms', 'Miss', 'Mrs', 'Madame', 'Monsieur']</msg>
<var>${allowed_titles}</var>
<arg>Mr</arg>
<arg>Ms</arg>
<arg>Miss</arg>
<arg>Mrs</arg>
<arg>Madame</arg>
<arg>Monsieur</arg>
<doc>Returns a list containing given items.</doc>
<status status="PASS" start="2024-04-28T06:18:21.615747" elapsed="0.000169"/>
</kw>
<kw name="List Should Contain Value" owner="Collections">
<msg time="2024-04-28T06:18:21.616432" level="INFO">False</msg>
<arg>${allowed_titles}</arg>
<arg>${name_title}</arg>
<doc>Fails if the ``value`` is not found from ``list``.</doc>
<status status="PASS" start="2024-04-28T06:18:21.616261" elapsed="0.000207"/>
</kw>
<kw name="Set Variable" owner="BuiltIn">
<msg time="2024-04-28T06:18:21.617145" level="INFO">${name_country} = NZ</msg>
<var>${name_country}</var>
<arg>${json_data["results"][0]["nat"]}</arg>
<doc>Returns the given values which can then be assigned to a variables.</doc>
<status status="PASS" start="2024-04-28T06:18:21.616759" elapsed="0.000411"/>
</kw>
<kw name="Create List" owner="BuiltIn">
<msg time="2024-04-28T06:18:21.618059" level="INFO">${list_country} = ['AD', 'AE', 'AF', 'AG', 'AI', 'AL', 'AM', 'AO', 'AQ', 'AR', 'AS', 'AT', 'AU', 'AW', 'AX', 'AZ', 'BA', 'BB', 'BD', 'BE', 'BF', 'BG', 'BH', 'BI', 'BJ', 'BL', 'BM', 'BN', 'BO', 'BQ', 'BR', 'BS', 'BT', '...</msg>
<var>${list_country}</var>
<arg>AD</arg>
<arg>AE</arg>
<arg>AF</arg>
<arg>AG</arg>
<arg>AI</arg>
<arg>AL</arg>
<arg>AM</arg>
<arg>AO</arg>
<arg>AQ</arg>
<arg>AR</arg>
<arg>AS</arg>
<arg>AT</arg>
<arg>AU</arg>
<arg>AW</arg>
<arg>AX</arg>
<arg>AZ</arg>
<arg>BA</arg>
<arg>BB</arg>
<arg>BD</arg>
<arg>BE</arg>
<arg>BF</arg>
<arg>BG</arg>
<arg>BH</arg>
<arg>BI</arg>
<arg>BJ</arg>
<arg>BL</arg>
<arg>BM</arg>
<arg>BN</arg>
<arg>BO</arg>
<arg>BQ</arg>
<arg>BR</arg>
<arg>BS</arg>
<arg>BT</arg>
<arg>BV</arg>
<arg>BW</arg>
<arg>BY</arg>
<arg>BZ</arg>
<arg>CA</arg>
<arg>CC</arg>
<arg>CD</arg>
<arg>CF</arg>
<arg>CG</arg>
<arg>CH</arg>
<arg>CI</arg>
<arg>CK</arg>
<arg>CL</arg>
<arg>CM</arg>
<arg>CN</arg>
<arg>CO</arg>
<arg>CR</arg>
<arg>CU</arg>
<arg>CV</arg>
<arg>CW</arg>
<arg>CX</arg>
<arg>CY</arg>
<arg>CZ</arg>
<arg>DE</arg>
<arg>DJ</arg>
<arg>DK</arg>
<arg>DM</arg>
<arg>DO</arg>
<arg>DZ</arg>
<arg>EC</arg>
<arg>EE</arg>
<arg>EG</arg>
<arg>EH</arg>
<arg>ER</arg>
<arg>ES</arg>
<arg>ET</arg>
<arg>FI</arg>
<arg>FJ</arg>
<arg>FK</arg>
<arg>FM</arg>
<arg>FO</arg>
<arg>FR</arg>
<arg>GA</arg>
<arg>GB</arg>
<arg>GD</arg>
<arg>GE</arg>
<arg>GF</arg>
<arg>GG</arg>
<arg>GH</arg>
<arg>GI</arg>
<arg>GL</arg>
<arg>GM</arg>
<arg>GN</arg>
<arg>GP</arg>
<arg>GQ</arg>
<arg>GR</arg>
<arg>GS</arg>
<arg>GT</arg>
<arg>GU</arg>
<arg>GW</arg>
<arg>GY</arg>
<arg>HK</arg>
<arg>HM</arg>
<arg>HN</arg>
<arg>HR</arg>
<arg>HT</arg>
<arg>HU</arg>
<arg>ID</arg>
<arg>IE</arg>
<arg>IL</arg>
<arg>IM</arg>
<arg>IN</arg>
<arg>IO</arg>
<arg>IQ</arg>
<arg>IR</arg>
<arg>IS</arg>
<arg>IT</arg>
<arg>JE</arg>
<arg>JM</arg>
<arg>JO</arg>
<arg>JP</arg>
<arg>KE</arg>
<arg>KG</arg>
<arg>KH</arg>
<arg>KI</arg>
<arg>KM</arg>
<arg>KN</arg>
<arg>KP</arg>
<arg>KR</arg>
<arg>KW</arg>
<arg>KY</arg>
<arg>KZ</arg>
<arg>LA</arg>
<arg>LB</arg>
<arg>LC</arg>
<arg>LI</arg>
<arg>LK</arg>
<arg>LR</arg>
<arg>LS</arg>
<arg>LT</arg>
<arg>LU</arg>
<arg>LV</arg>
<arg>LY</arg>
<arg>MA</arg>
<arg>MC</arg>
<arg>MD</arg>
<arg>ME</arg>
<arg>MF</arg>
<arg>MG</arg>
<arg>MH</arg>
<arg>MK</arg>
<arg>ML</arg>
<arg>MM</arg>
<arg>MN</arg>
<arg>MO</arg>
<arg>MP</arg>
<arg>MQ</arg>
<arg>MR</arg>
<arg>MS</arg>
<arg>MT</arg>
<arg>MU</arg>
<arg>MV</arg>
<arg>MW</arg>
<arg>MX</arg>
<arg>MY</arg>
<arg>MZ</arg>
<arg>NA</arg>
<arg>NC</arg>
<arg>NE</arg>
<arg>NF</arg>
<arg>NG</arg>
<arg>NI</arg>
<arg>NL</arg>
<arg>NO</arg>
<arg>NP</arg>
<arg>NR</arg>
<arg>NU</arg>
<arg>NZ</arg>
<arg>OM</arg>
<arg>PA</arg>
<arg>PE</arg>
<arg>PF</arg>
<arg>PG</arg>
<arg>PH</arg>
<arg>PK</arg>
<arg>PL</arg>
<arg>PM</arg>
<arg>PN</arg>
<arg>PR</arg>
<arg>PS</arg>
<arg>PT</arg>
<arg>PW</arg>
<arg>PY</arg>
<arg>QA</arg>
<arg>RE</arg>
<arg>RO</arg>
<arg>RS</arg>
<arg>RU</arg>
<arg>RW</arg>
<arg>SA</arg>
<arg>SB</arg>
<arg>SC</arg>
<arg>SD</arg>
<arg>SE</arg>
<arg>SG</arg>
<arg>SH</arg>
<arg>SI</arg>
<arg>SJ</arg>
<arg>SK</arg>
<arg>SL</arg>
<arg>SM</arg>
<arg>SN</arg>
<arg>SO</arg>
<arg>SR</arg>
<arg>SS</arg>
<arg>ST</arg>
<arg>SV</arg>
<arg>SX</arg>
<arg>SY</arg>
<arg>SZ</arg>
<arg>TC</arg>
<arg>TD</arg>
<arg>TF</arg>
<arg>TG</arg>
<arg>TH</arg>
<arg>TJ</arg>
<arg>TK</arg>
<arg>TL</arg>
<arg>TM</arg>
<arg>TN</arg>
<arg>TO</arg>
<arg>TR</arg>
<arg>TT</arg>
<arg>TV</arg>
<arg>TW</arg>
<arg>TZ</arg>
<arg>UA</arg>
<arg>UG</arg>
<arg>UM</arg>
<arg>US</arg>
<arg>UY</arg>
<arg>UZ</arg>
<arg>VA</arg>
<arg>VC</arg>
<arg>VE</arg>
<arg>VG</arg>
<arg>VI</arg>
<arg>VN</arg>
<arg>VU</arg>
<arg>WF</arg>
<arg>WS</arg>
<arg>XK</arg>
<arg>YE</arg>
<arg>YT</arg>
<arg>ZA</arg>
<arg>ZM</arg>
<arg>ZW</arg>
<doc>Returns a list containing given items.</doc>
<status status="PASS" start="2024-04-28T06:18:21.617475" elapsed="0.000608"/>
</kw>
<kw name="List Should Contain Value" owner="Collections">
<msg time="2024-04-28T06:18:21.619071" level="INFO">False</msg>
<arg>${list_country}</arg>
<arg>${name_country}</arg>
<doc>Fails if the ``value`` is not found from ``list``.</doc>
<status status="PASS" start="2024-04-28T06:18:21.618869" elapsed="0.000238"/>
</kw>
<kw name="Run Keyword If" owner="BuiltIn">
<kw name="Should Be True" owner="BuiltIn">
<arg>${True}</arg>
<doc>Fails if the given condition is not true.</doc>
<status status="PASS" start="2024-04-28T06:18:21.620197" elapsed="0.000267"/>
</kw>
<arg>${json_data["results"][0]["location"]["coordinates"]["latitude"]} &gt;= -90 and ${json_data["results"][0]["location"]["coordinates"]["latitude"]} &lt;= 90</arg>
<arg>Should Be True</arg>
<arg>${True}</arg>
<doc>Runs the given keyword with the given arguments, if ``condition`` is true.</doc>
<status status="PASS" start="2024-04-28T06:18:21.619418" elapsed="0.001179"/>
</kw>
<kw name="Run Keyword If" owner="BuiltIn">
<kw name="Should Be True" owner="BuiltIn">
<arg>${True}</arg>
<doc>Fails if the given condition is not true.</doc>
<status status="PASS" start="2024-04-28T06:18:21.621507" elapsed="0.000138"/>
</kw>
<arg>${json_data["results"][0]["location"]["coordinates"]["longitude"]} &gt;= -180 and ${json_data["results"][0]["location"]["coordinates"]["longitude"]} &lt;= 180</arg>
<arg>Should Be True</arg>
<arg>${True}</arg>
<doc>Runs the given keyword with the given arguments, if ``condition`` is true.</doc>
<status status="PASS" start="2024-04-28T06:18:21.620786" elapsed="0.000983"/>
</kw>
<status status="PASS" start="2024-04-28T06:18:21.519426" elapsed="0.102478"/>
</kw>
<doc>Testa o conteúdo específico dos campos retornados pela API.</doc>
<tag>testeConteudo</tag>
<status status="PASS" start="2024-04-28T06:18:21.518998" elapsed="0.103048"/>
</test>
<status status="PASS" start="2024-04-28T06:18:20.730481" elapsed="0.893473"/>
</suite>
<status status="PASS" start="2024-04-28T06:18:20.716973" elapsed="0.912077"/>
</suite>
<statistics>
<total>
<stat pass="5" fail="0" skip="0">All Tests</stat>
</total>
<tag>
<stat pass="1" fail="0" skip="0">testeConteudo</stat>
<stat pass="1" fail="0" skip="0">testeEstruturaResposta</stat>
<stat pass="1" fail="0" skip="0">testeRequisicaoBasica</stat>
<stat pass="1" fail="0" skip="0">testeTiposDados</stat>
</tag>
<suite>
<stat pass="5" fail="0" skip="0" id="s1" name="Tests">Tests</stat>
<stat pass="5" fail="0" skip="0" id="s1-s1" name="Random-User-Test">Tests.Random-User-Test</stat>
</suite>
</statistics>
<errors>
</errors>
</robot>
