<?xml version="1.0" encoding="UTF-8"?>
<robot generator="Robot 7.0.1 (Python 3.12.4 on linux)" generated="2024-07-02T13:17:25.989272" rpa="false" schemaversion="5">
<suite id="s1" name="Tests" source="/home/runner/work/ApiRandomUser/ApiRandomUser/RamdonUser/tests">
<suite id="s1-s1" name="Random-User-Test" source="/home/runner/work/ApiRandomUser/ApiRandomUser/RamdonUser/tests/random-user-test.robot">
<test id="s1-s1-t1" name="Conectar" line="13">
<kw name="Conectar API" owner="random-user-service">
<kw name="Create Session" owner="RequestsLibrary">
<msg time="2024-07-02T13:17:26.403517" level="INFO">Creating Session using : alias=consultarAPI, url=https://randomuser.me/, headers={},                     cookies={}, auth=None, timeout=None, proxies=None, verify=False,                     debug=0 </msg>
<arg>consultarAPI</arg>
<arg>${URL}</arg>
<doc>Create Session: create a HTTP session to a server</doc>
<status status="PASS" start="2024-07-02T13:17:26.403296" elapsed="0.000469"/>
</kw>
<status status="PASS" start="2024-07-02T13:17:26.402228" elapsed="0.001923"/>
</kw>
<status status="PASS" start="2024-07-02T13:17:26.401616" elapsed="0.002730"/>
</test>
<test id="s1-s1-t2" name="Validar retorno 200 e JSON Válido" line="16">
<kw name="Teste de Requisicao Basica" owner="random-user-service">
<kw name="GET On Session" owner="RequestsLibrary">
<msg time="2024-07-02T13:17:26.636514" level="INFO">GET Request : url=https://randomuser.me/api 
 path_url=/api 
 headers={'User-Agent': 'python-requests/2.32.3', 'Accept-Encoding': 'gzip, deflate', 'Accept': '*/*', 'Connection': 'keep-alive'} 
 body=None 
 </msg>
<msg time="2024-07-02T13:17:26.636670" level="INFO">GET Response : url=https://randomuser.me/api 
 status=200, reason=OK 
 headers={'Date': 'Tue, 02 Jul 2024 13:17:26 GMT', 'Content-Type': 'application/json; charset=utf-8', 'Transfer-Encoding': 'chunked', 'Connection': 'keep-alive', 'X-Powered-By': 'Express', 'Access-Control-Allow-Origin': '*', 'Cache-Control': 'no-cache', 'ETag': 'W/"48f-qiHgneABO1zRQdCk8NdZngHG+7o"', 'Vary': 'Accept-Encoding', 'Content-Encoding': 'gzip', 'CF-Cache-Status': 'DYNAMIC', 'Report-To': '{"endpoints":[{"url":"https:\\/\\/a.nel.cloudflare.com\\/report\\/v4?s=%2Fg8lgxgMZXinIQ37Wen9gPeoOyLD7pS31n2LwqGZMQXEqagqU9G8qzvv96sY1g1lefyy4%2F%2BN1FlctOJBihPc8FtcnNvBqhCPBKUHRcK%2BbCwkWokizWbCd19aFKfslSNC"}],"group":"cf-nel","max_age":604800}', 'NEL': '{"success_fraction":0,"report_to":"cf-nel","max_age":604800}', 'Server': 'cloudflare', 'CF-RAY': '89ceea80ff613982-IAD', 'alt-svc': 'h3=":443"; ma=86400'} 
 body={"results":[{"gender":"female","name":{"title":"Mrs","first":"Frida","last":"Laumann"},"location":{"street":{"number":5944,"name":"Berliner Straße"},"city":"Schwedt/Oder","state":"Sachsen","country":"Germany","postcode":50661,"coordinates":{"latitude":"-52.6889","longitude":"48.2998"},"timezone":{"offset":"-12:00","description":"Eniwetok, Kwajalein"}},"email":"frida.laumann@example.com","login":{"uuid":"589091cc-7e40-47ef-9320-2e47b8620282","username":"angrydog941","password":"brewer","salt":"3tbC69fn","md5":"08c0d2a5c27589de88739bccb3a9b3f3","sha1":"c65162f02d3dd46b0693a2a7d1faa1699fd784b2","sha256":"99b29746d58a57234e38a190df3ffb375b3ef494cc7799e4be94861defa208c3"},"dob":{"date":"1960-09-18T02:28:15.681Z","age":63},"registered":{"date":"2011-07-03T08:19:57.980Z","age":12},"phone":"0541-0151312","cell":"0172-1588831","id":{"name":"SVNR","value":"71 170960 L 785"},"picture":{"large":"https://randomuser.me/api/portraits/women/72.jpg","medium":"https://randomuser.me/api/portraits/med/women/72.jpg","thumbnail":"https://randomuser.me/api/portraits/thumb/women/72.jpg"},"nat":"DE"}],"info":{"seed":"89c7e95dcbdeac78","results":1,"page":1,"version":"1.4"}} 
 </msg>
<msg time="2024-07-02T13:17:26.636756" level="INFO">/opt/hostedtoolcache/Python/3.12.4/x64/lib/python3.12/site-packages/urllib3/connectionpool.py:1099: InsecureRequestWarning: Unverified HTTPS request is being made to host 'randomuser.me'. Adding certificate verification is strongly advised. See: https://urllib3.readthedocs.io/en/latest/advanced-usage.html#tls-warnings
  warnings.warn(</msg>
<msg time="2024-07-02T13:17:26.636909" level="INFO">${response} = &lt;Response [200]&gt;</msg>
<var>${response}</var>
<arg>consultarAPI</arg>
<arg>/api</arg>
<doc>Sends a GET request on a previously created HTTP Session.</doc>
<status status="PASS" start="2024-07-02T13:17:26.406983" elapsed="0.229969"/>
</kw>
<kw name="Should Be Equal As Numbers" owner="BuiltIn">
<msg time="2024-07-02T13:17:26.638137" level="INFO">Argument types are:
&lt;class 'int'&gt;
&lt;class 'str'&gt;</msg>
<arg>${response.status_code}</arg>
<arg>200</arg>
<doc>Fails if objects are unequal after converting them to real numbers.</doc>
<status status="PASS" start="2024-07-02T13:17:26.637632" elapsed="0.000572"/>
</kw>
<kw name="Log" owner="BuiltIn">
<msg time="2024-07-02T13:17:26.638886" level="INFO">200</msg>
<arg>${response.status_code}</arg>
<doc>Logs the given message with the given level.</doc>
<status status="PASS" start="2024-07-02T13:17:26.638529" elapsed="0.000400"/>
</kw>
<kw name="Set Variable" owner="BuiltIn">
<msg time="2024-07-02T13:17:26.639728" level="INFO">${json_data} = {'results': [{'gender': 'female', 'name': {'title': 'Mrs', 'first': 'Frida', 'last': 'Laumann'}, 'location': {'street': {'number': 5944, 'name': 'Berliner Straße'}, 'city': 'Schwedt/Oder', 'state': 'S...</msg>
<var>${json_data}</var>
<arg>${response.json()}</arg>
<doc>Returns the given values which can then be assigned to a variables.</doc>
<status status="PASS" start="2024-07-02T13:17:26.639232" elapsed="0.000528"/>
</kw>
<kw name="Dictionary Should Contain Key" owner="Collections">
<arg>${json_data}</arg>
<arg>results</arg>
<doc>Fails if ``key`` is not found from ``dictionary``.</doc>
<status status="PASS" start="2024-07-02T13:17:26.640066" elapsed="0.000175"/>
</kw>
<status status="PASS" start="2024-07-02T13:17:26.406727" elapsed="0.233668"/>
</kw>
<doc>Testa se a API responde corretamente e retorna um objeto JSON válido.</doc>
<tag>testeRequisicaoBasica</tag>
<status status="PASS" start="2024-07-02T13:17:26.406235" elapsed="0.234340"/>
</test>
<test id="s1-s1-t3" name="Validar estrutura de resposta" line="22">
<kw name="Teste de Estrutura de Resposta" owner="random-user-service">
<kw name="GET On Session" owner="RequestsLibrary">
<msg time="2024-07-02T13:17:26.711762" level="INFO">GET Request : url=https://randomuser.me/api 
 path_url=/api 
 headers={'User-Agent': 'python-requests/2.32.3', 'Accept-Encoding': 'gzip, deflate', 'Accept': '*/*', 'Connection': 'keep-alive'} 
 body=None 
 </msg>
<msg time="2024-07-02T13:17:26.711869" level="INFO">GET Response : url=https://randomuser.me/api 
 status=200, reason=OK 
 headers={'Date': 'Tue, 02 Jul 2024 13:17:26 GMT', 'Content-Type': 'application/json; charset=utf-8', 'Transfer-Encoding': 'chunked', 'Connection': 'keep-alive', 'X-Powered-By': 'Express', 'Access-Control-Allow-Origin': '*', 'Cache-Control': 'no-cache', 'ETag': 'W/"487-KDqTrsENwnT2sZZSuJVNXdM7Xmw"', 'Vary': 'Accept-Encoding', 'Content-Encoding': 'gzip', 'CF-Cache-Status': 'DYNAMIC', 'Report-To': '{"endpoints":[{"url":"https:\\/\\/a.nel.cloudflare.com\\/report\\/v4?s=a0t2bI94sVanT9tA7ImevC9qxHQS3UYzWjQK8AeFp39MPfQo%2FyazOlyDdqEaiJvKKbXB9itswNKbWNfa%2BiWWWBdxL5F%2Bcv7qnVB6iat8OhelcZiE00FR7g1qoyNWjd3s"}],"group":"cf-nel","max_age":604800}', 'NEL': '{"success_fraction":0,"report_to":"cf-nel","max_age":604800}', 'Server': 'cloudflare', 'CF-RAY': '89ceea8188273982-IAD', 'alt-svc': 'h3=":443"; ma=86400'} 
 body={"results":[{"gender":"male","name":{"title":"Mr","first":"Pranay","last":"Rai"},"location":{"street":{"number":2765,"name":"Altamount Rd"},"city":"Madanapalle","state":"Manipur","country":"India","postcode":72420,"coordinates":{"latitude":"5.4722","longitude":"-112.1928"},"timezone":{"offset":"+9:00","description":"Tokyo, Seoul, Osaka, Sapporo, Yakutsk"}},"email":"pranay.rai@example.com","login":{"uuid":"bbd4089b-1267-4d1a-9145-9d2f7e226d69","username":"brownfrog643","password":"archange","salt":"fkxE1fOg","md5":"aede9c2ab404aee878018f9973872ccf","sha1":"cc2a5c25a07a3c4a06047a79be942eb5247a82cf","sha256":"cdcd86ee0e03da417a4e492921916112a0c7bc3baa49474bc01d215ba7ca1658"},"dob":{"date":"1991-12-18T00:52:46.348Z","age":32},"registered":{"date":"2005-09-04T07:32:47.450Z","age":18},"phone":"8811483530","cell":"9931840900","id":{"name":"UIDAI","value":"362441662198"},"picture":{"large":"https://randomuser.me/api/portraits/men/98.jpg","medium":"https://randomuser.me/api/portraits/med/men/98.jpg","thumbnail":"https://randomuser.me/api/portraits/thumb/men/98.jpg"},"nat":"IN"}],"info":{"seed":"bfd52a1a8e7eed99","results":1,"page":1,"version":"1.4"}} 
 </msg>
<msg time="2024-07-02T13:17:26.712003" level="INFO">/opt/hostedtoolcache/Python/3.12.4/x64/lib/python3.12/site-packages/urllib3/connectionpool.py:1099: InsecureRequestWarning: Unverified HTTPS request is being made to host 'randomuser.me'. Adding certificate verification is strongly advised. See: https://urllib3.readthedocs.io/en/latest/advanced-usage.html#tls-warnings
  warnings.warn(</msg>
<msg time="2024-07-02T13:17:26.712139" level="INFO">${response} = &lt;Response [200]&gt;</msg>
<var>${response}</var>
<arg>consultarAPI</arg>
<arg>/api</arg>
<doc>Sends a GET request on a previously created HTTP Session.</doc>
<status status="PASS" start="2024-07-02T13:17:26.643207" elapsed="0.068972"/>
</kw>
<kw name="Set Variable" owner="BuiltIn">
<msg time="2024-07-02T13:17:26.713407" level="INFO">${json_data} = {'results': [{'gender': 'male', 'name': {'title': 'Mr', 'first': 'Pranay', 'last': 'Rai'}, 'location': {'street': {'number': 2765, 'name': 'Altamount Rd'}, 'city': 'Madanapalle', 'state': 'Manipur', '...</msg>
<var>${json_data}</var>
<arg>${response.json()}</arg>
<doc>Returns the given values which can then be assigned to a variables.</doc>
<status status="PASS" start="2024-07-02T13:17:26.712816" elapsed="0.000619"/>
</kw>
<kw name="Log" owner="BuiltIn">
<msg time="2024-07-02T13:17:26.713917" level="INFO">{'results': [{'gender': 'male', 'name': {'title': 'Mr', 'first': 'Pranay', 'last': 'Rai'}, 'location': {'street': {'number': 2765, 'name': 'Altamount Rd'}, 'city': 'Madanapalle', 'state': 'Manipur', 'country': 'India', 'postcode': 72420, 'coordinates': {'latitude': '5.4722', 'longitude': '-112.1928'}, 'timezone': {'offset': '+9:00', 'description': 'Tokyo, Seoul, Osaka, Sapporo, Yakutsk'}}, 'email': 'pranay.rai@example.com', 'login': {'uuid': 'bbd4089b-1267-4d1a-9145-9d2f7e226d69', 'username': 'brownfrog643', 'password': 'archange', 'salt': 'fkxE1fOg', 'md5': 'aede9c2ab404aee878018f9973872ccf', 'sha1': 'cc2a5c25a07a3c4a06047a79be942eb5247a82cf', 'sha256': 'cdcd86ee0e03da417a4e492921916112a0c7bc3baa49474bc01d215ba7ca1658'}, 'dob': {'date': '1991-12-18T00:52:46.348Z', 'age': 32}, 'registered': {'date': '2005-09-04T07:32:47.450Z', 'age': 18}, 'phone': '8811483530', 'cell': '9931840900', 'id': {'name': 'UIDAI', 'value': '362441662198'}, 'picture': {'large': 'https://randomuser.me/api/portraits/men/98.jpg', 'medium': 'https://randomuser.me/api/portraits/med/men/98.jpg', 'thumbnail': 'https://randomuser.me/api/portraits/thumb/men/98.jpg'}, 'nat': 'IN'}], 'info': {'seed': 'bfd52a1a8e7eed99', 'results': 1, 'page': 1, 'version': '1.4'}}</msg>
<arg>${json_data}</arg>
<doc>Logs the given message with the given level.</doc>
<status status="PASS" start="2024-07-02T13:17:26.713756" elapsed="0.000210"/>
</kw>
<kw name="Dictionary Should Contain Key" owner="Collections">
<arg>${json_data}</arg>
<arg>results</arg>
<doc>Fails if ``key`` is not found from ``dictionary``.</doc>
<status status="PASS" start="2024-07-02T13:17:26.714257" elapsed="0.000170"/>
</kw>
<kw name="Should Not Be Empty" owner="BuiltIn">
<msg time="2024-07-02T13:17:26.714740" level="INFO">Length is 2.</msg>
<arg>${json_data}</arg>
<doc>Verifies that the given item is not empty.</doc>
<status status="PASS" start="2024-07-02T13:17:26.714613" elapsed="0.000166"/>
</kw>
<kw name="Create List" owner="BuiltIn">
<msg time="2024-07-02T13:17:26.715230" level="INFO">${expected_keys} = ['gender', 'name', 'location', 'email', 'login']</msg>
<var>${expected_keys}</var>
<arg>gender</arg>
<arg>name</arg>
<arg>location</arg>
<arg>email</arg>
<arg>login</arg>
<doc>Returns a list containing given items.</doc>
<status status="PASS" start="2024-07-02T13:17:26.715078" elapsed="0.000176"/>
</kw>
<for flavor="IN">
<iter>
<kw name="Dictionary Should Contain Key" owner="Collections">
<arg>${json_data['results'][0]}</arg>
<arg>${key}</arg>
<doc>Fails if ``key`` is not found from ``dictionary``.</doc>
<status status="PASS" start="2024-07-02T13:17:26.716089" elapsed="0.000422"/>
</kw>
<kw name="Log" owner="BuiltIn">
<msg time="2024-07-02T13:17:26.717071" level="INFO">{'gender': 'male', 'name': {'title': 'Mr', 'first': 'Pranay', 'last': 'Rai'}, 'location': {'street': {'number': 2765, 'name': 'Altamount Rd'}, 'city': 'Madanapalle', 'state': 'Manipur', 'country': 'India', 'postcode': 72420, 'coordinates': {'latitude': '5.4722', 'longitude': '-112.1928'}, 'timezone': {'offset': '+9:00', 'description': 'Tokyo, Seoul, Osaka, Sapporo, Yakutsk'}}, 'email': 'pranay.rai@example.com', 'login': {'uuid': 'bbd4089b-1267-4d1a-9145-9d2f7e226d69', 'username': 'brownfrog643', 'password': 'archange', 'salt': 'fkxE1fOg', 'md5': 'aede9c2ab404aee878018f9973872ccf', 'sha1': 'cc2a5c25a07a3c4a06047a79be942eb5247a82cf', 'sha256': 'cdcd86ee0e03da417a4e492921916112a0c7bc3baa49474bc01d215ba7ca1658'}, 'dob': {'date': '1991-12-18T00:52:46.348Z', 'age': 32}, 'registered': {'date': '2005-09-04T07:32:47.450Z', 'age': 18}, 'phone': '8811483530', 'cell': '9931840900', 'id': {'name': 'UIDAI', 'value': '362441662198'}, 'picture': {'large': 'https://randomuser.me/api/portraits/men/98.jpg', 'medium': 'https://randomuser.me/api/portraits/med/men/98.jpg', 'thumbnail': 'https://randomuser.me/api/portraits/thumb/men/98.jpg'}, 'nat': 'IN'}</msg>
<arg>${json_data['results'][0]}</arg>
<doc>Logs the given message with the given level.</doc>
<status status="PASS" start="2024-07-02T13:17:26.716702" elapsed="0.000418"/>
</kw>
<kw name="Log" owner="BuiltIn">
<msg time="2024-07-02T13:17:26.717556" level="INFO">gender</msg>
<arg>${key}</arg>
<doc>Logs the given message with the given level.</doc>
<status status="PASS" start="2024-07-02T13:17:26.717425" elapsed="0.000169"/>
</kw>
<var name="${key}">gender</var>
<status status="PASS" start="2024-07-02T13:17:26.715959" elapsed="0.001854"/>
</iter>
<iter>
<kw name="Dictionary Should Contain Key" owner="Collections">
<arg>${json_data['results'][0]}</arg>
<arg>${key}</arg>
<doc>Fails if ``key`` is not found from ``dictionary``.</doc>
<status status="PASS" start="2024-07-02T13:17:26.718124" elapsed="0.000389"/>
</kw>
<kw name="Log" owner="BuiltIn">
<msg time="2024-07-02T13:17:26.719043" level="INFO">{'gender': 'male', 'name': {'title': 'Mr', 'first': 'Pranay', 'last': 'Rai'}, 'location': {'street': {'number': 2765, 'name': 'Altamount Rd'}, 'city': 'Madanapalle', 'state': 'Manipur', 'country': 'India', 'postcode': 72420, 'coordinates': {'latitude': '5.4722', 'longitude': '-112.1928'}, 'timezone': {'offset': '+9:00', 'description': 'Tokyo, Seoul, Osaka, Sapporo, Yakutsk'}}, 'email': 'pranay.rai@example.com', 'login': {'uuid': 'bbd4089b-1267-4d1a-9145-9d2f7e226d69', 'username': 'brownfrog643', 'password': 'archange', 'salt': 'fkxE1fOg', 'md5': 'aede9c2ab404aee878018f9973872ccf', 'sha1': 'cc2a5c25a07a3c4a06047a79be942eb5247a82cf', 'sha256': 'cdcd86ee0e03da417a4e492921916112a0c7bc3baa49474bc01d215ba7ca1658'}, 'dob': {'date': '1991-12-18T00:52:46.348Z', 'age': 32}, 'registered': {'date': '2005-09-04T07:32:47.450Z', 'age': 18}, 'phone': '8811483530', 'cell': '9931840900', 'id': {'name': 'UIDAI', 'value': '362441662198'}, 'picture': {'large': 'https://randomuser.me/api/portraits/men/98.jpg', 'medium': 'https://randomuser.me/api/portraits/med/men/98.jpg', 'thumbnail': 'https://randomuser.me/api/portraits/thumb/men/98.jpg'}, 'nat': 'IN'}</msg>
<arg>${json_data['results'][0]}</arg>
<doc>Logs the given message with the given level.</doc>
<status status="PASS" start="2024-07-02T13:17:26.718693" elapsed="0.000431"/>
</kw>
<kw name="Log" owner="BuiltIn">
<msg time="2024-07-02T13:17:26.719553" level="INFO">name</msg>
<arg>${key}</arg>
<doc>Logs the given message with the given level.</doc>
<status status="PASS" start="2024-07-02T13:17:26.719425" elapsed="0.000201"/>
</kw>
<var name="${key}">name</var>
<status status="PASS" start="2024-07-02T13:17:26.718010" elapsed="0.001845"/>
</iter>
<iter>
<kw name="Dictionary Should Contain Key" owner="Collections">
<arg>${json_data['results'][0]}</arg>
<arg>${key}</arg>
<doc>Fails if ``key`` is not found from ``dictionary``.</doc>
<status status="PASS" start="2024-07-02T13:17:26.720146" elapsed="0.000397"/>
</kw>
<kw name="Log" owner="BuiltIn">
<msg time="2024-07-02T13:17:26.721317" level="INFO">{'gender': 'male', 'name': {'title': 'Mr', 'first': 'Pranay', 'last': 'Rai'}, 'location': {'street': {'number': 2765, 'name': 'Altamount Rd'}, 'city': 'Madanapalle', 'state': 'Manipur', 'country': 'India', 'postcode': 72420, 'coordinates': {'latitude': '5.4722', 'longitude': '-112.1928'}, 'timezone': {'offset': '+9:00', 'description': 'Tokyo, Seoul, Osaka, Sapporo, Yakutsk'}}, 'email': 'pranay.rai@example.com', 'login': {'uuid': 'bbd4089b-1267-4d1a-9145-9d2f7e226d69', 'username': 'brownfrog643', 'password': 'archange', 'salt': 'fkxE1fOg', 'md5': 'aede9c2ab404aee878018f9973872ccf', 'sha1': 'cc2a5c25a07a3c4a06047a79be942eb5247a82cf', 'sha256': 'cdcd86ee0e03da417a4e492921916112a0c7bc3baa49474bc01d215ba7ca1658'}, 'dob': {'date': '1991-12-18T00:52:46.348Z', 'age': 32}, 'registered': {'date': '2005-09-04T07:32:47.450Z', 'age': 18}, 'phone': '8811483530', 'cell': '9931840900', 'id': {'name': 'UIDAI', 'value': '362441662198'}, 'picture': {'large': 'https://randomuser.me/api/portraits/men/98.jpg', 'medium': 'https://randomuser.me/api/portraits/med/men/98.jpg', 'thumbnail': 'https://randomuser.me/api/portraits/thumb/men/98.jpg'}, 'nat': 'IN'}</msg>
<arg>${json_data['results'][0]}</arg>
<doc>Logs the given message with the given level.</doc>
<status status="PASS" start="2024-07-02T13:17:26.720780" elapsed="0.000608"/>
</kw>
<kw name="Log" owner="BuiltIn">
<msg time="2024-07-02T13:17:26.721908" level="INFO">location</msg>
<arg>${key}</arg>
<doc>Logs the given message with the given level.</doc>
<status status="PASS" start="2024-07-02T13:17:26.721772" elapsed="0.000174"/>
</kw>
<var name="${key}">location</var>
<status status="PASS" start="2024-07-02T13:17:26.720034" elapsed="0.002132"/>
</iter>
<iter>
<kw name="Dictionary Should Contain Key" owner="Collections">
<arg>${json_data['results'][0]}</arg>
<arg>${key}</arg>
<doc>Fails if ``key`` is not found from ``dictionary``.</doc>
<status status="PASS" start="2024-07-02T13:17:26.722446" elapsed="0.000392"/>
</kw>
<kw name="Log" owner="BuiltIn">
<msg time="2024-07-02T13:17:26.723369" level="INFO">{'gender': 'male', 'name': {'title': 'Mr', 'first': 'Pranay', 'last': 'Rai'}, 'location': {'street': {'number': 2765, 'name': 'Altamount Rd'}, 'city': 'Madanapalle', 'state': 'Manipur', 'country': 'India', 'postcode': 72420, 'coordinates': {'latitude': '5.4722', 'longitude': '-112.1928'}, 'timezone': {'offset': '+9:00', 'description': 'Tokyo, Seoul, Osaka, Sapporo, Yakutsk'}}, 'email': 'pranay.rai@example.com', 'login': {'uuid': 'bbd4089b-1267-4d1a-9145-9d2f7e226d69', 'username': 'brownfrog643', 'password': 'archange', 'salt': 'fkxE1fOg', 'md5': 'aede9c2ab404aee878018f9973872ccf', 'sha1': 'cc2a5c25a07a3c4a06047a79be942eb5247a82cf', 'sha256': 'cdcd86ee0e03da417a4e492921916112a0c7bc3baa49474bc01d215ba7ca1658'}, 'dob': {'date': '1991-12-18T00:52:46.348Z', 'age': 32}, 'registered': {'date': '2005-09-04T07:32:47.450Z', 'age': 18}, 'phone': '8811483530', 'cell': '9931840900', 'id': {'name': 'UIDAI', 'value': '362441662198'}, 'picture': {'large': 'https://randomuser.me/api/portraits/men/98.jpg', 'medium': 'https://randomuser.me/api/portraits/med/men/98.jpg', 'thumbnail': 'https://randomuser.me/api/portraits/thumb/men/98.jpg'}, 'nat': 'IN'}</msg>
<arg>${json_data['results'][0]}</arg>
<doc>Logs the given message with the given level.</doc>
<status status="PASS" start="2024-07-02T13:17:26.723018" elapsed="0.000398"/>
</kw>
<kw name="Log" owner="BuiltIn">
<msg time="2024-07-02T13:17:26.723886" level="INFO">email</msg>
<arg>${key}</arg>
<doc>Logs the given message with the given level.</doc>
<status status="PASS" start="2024-07-02T13:17:26.723755" elapsed="0.000170"/>
</kw>
<var name="${key}">email</var>
<status status="PASS" start="2024-07-02T13:17:26.722340" elapsed="0.001820"/>
</iter>
<iter>
<kw name="Dictionary Should Contain Key" owner="Collections">
<arg>${json_data['results'][0]}</arg>
<arg>${key}</arg>
<doc>Fails if ``key`` is not found from ``dictionary``.</doc>
<status status="PASS" start="2024-07-02T13:17:26.724442" elapsed="0.000391"/>
</kw>
<kw name="Log" owner="BuiltIn">
<msg time="2024-07-02T13:17:26.725373" level="INFO">{'gender': 'male', 'name': {'title': 'Mr', 'first': 'Pranay', 'last': 'Rai'}, 'location': {'street': {'number': 2765, 'name': 'Altamount Rd'}, 'city': 'Madanapalle', 'state': 'Manipur', 'country': 'India', 'postcode': 72420, 'coordinates': {'latitude': '5.4722', 'longitude': '-112.1928'}, 'timezone': {'offset': '+9:00', 'description': 'Tokyo, Seoul, Osaka, Sapporo, Yakutsk'}}, 'email': 'pranay.rai@example.com', 'login': {'uuid': 'bbd4089b-1267-4d1a-9145-9d2f7e226d69', 'username': 'brownfrog643', 'password': 'archange', 'salt': 'fkxE1fOg', 'md5': 'aede9c2ab404aee878018f9973872ccf', 'sha1': 'cc2a5c25a07a3c4a06047a79be942eb5247a82cf', 'sha256': 'cdcd86ee0e03da417a4e492921916112a0c7bc3baa49474bc01d215ba7ca1658'}, 'dob': {'date': '1991-12-18T00:52:46.348Z', 'age': 32}, 'registered': {'date': '2005-09-04T07:32:47.450Z', 'age': 18}, 'phone': '8811483530', 'cell': '9931840900', 'id': {'name': 'UIDAI', 'value': '362441662198'}, 'picture': {'large': 'https://randomuser.me/api/portraits/men/98.jpg', 'medium': 'https://randomuser.me/api/portraits/med/men/98.jpg', 'thumbnail': 'https://randomuser.me/api/portraits/thumb/men/98.jpg'}, 'nat': 'IN'}</msg>
<arg>${json_data['results'][0]}</arg>
<doc>Logs the given message with the given level.</doc>
<status status="PASS" start="2024-07-02T13:17:26.725013" elapsed="0.000408"/>
</kw>
<kw name="Log" owner="BuiltIn">
<msg time="2024-07-02T13:17:26.725852" level="INFO">login</msg>
<arg>${key}</arg>
<doc>Logs the given message with the given level.</doc>
<status status="PASS" start="2024-07-02T13:17:26.725720" elapsed="0.000170"/>
</kw>
<var name="${key}">login</var>
<status status="PASS" start="2024-07-02T13:17:26.724331" elapsed="0.001790"/>
</iter>
<var>${key}</var>
<value>@{expected_keys}</value>
<status status="PASS" start="2024-07-02T13:17:26.715749" elapsed="0.010498"/>
</for>
<kw name="Create List" owner="BuiltIn">
<msg time="2024-07-02T13:17:26.726600" level="INFO">${expected_keysTwo} = ['username', 'password']</msg>
<var>${expected_keysTwo}</var>
<arg>username</arg>
<arg>password</arg>
<doc>Returns a list containing given items.</doc>
<status status="PASS" start="2024-07-02T13:17:26.726462" elapsed="0.000164"/>
</kw>
<for flavor="IN">
<iter>
<kw name="Dictionary Should Contain Key" owner="Collections">
<arg>${json_data['results'][0]['login']}</arg>
<arg>${keyTwo}</arg>
<doc>Fails if ``key`` is not found from ``dictionary``.</doc>
<status status="PASS" start="2024-07-02T13:17:26.727209" elapsed="0.000446"/>
</kw>
<kw name="Dictionary Should Contain Key" owner="Collections">
<arg>${json_data['results'][0]['login']}</arg>
<arg>${keyTwo}</arg>
<doc>Fails if ``key`` is not found from ``dictionary``.</doc>
<status status="PASS" start="2024-07-02T13:17:26.727850" elapsed="0.000386"/>
</kw>
<kw name="Log" owner="BuiltIn">
<msg time="2024-07-02T13:17:26.728552" level="INFO">username</msg>
<arg>${keyTwo}</arg>
<doc>Logs the given message with the given level.</doc>
<status status="PASS" start="2024-07-02T13:17:26.728421" elapsed="0.000170"/>
</kw>
<var name="${keyTwo}">username</var>
<status status="PASS" start="2024-07-02T13:17:26.727094" elapsed="0.001722"/>
</iter>
<iter>
<kw name="Dictionary Should Contain Key" owner="Collections">
<arg>${json_data['results'][0]['login']}</arg>
<arg>${keyTwo}</arg>
<doc>Fails if ``key`` is not found from ``dictionary``.</doc>
<status status="PASS" start="2024-07-02T13:17:26.729092" elapsed="0.000386"/>
</kw>
<kw name="Dictionary Should Contain Key" owner="Collections">
<arg>${json_data['results'][0]['login']}</arg>
<arg>${keyTwo}</arg>
<doc>Fails if ``key`` is not found from ``dictionary``.</doc>
<status status="PASS" start="2024-07-02T13:17:26.729652" elapsed="0.000370"/>
</kw>
<kw name="Log" owner="BuiltIn">
<msg time="2024-07-02T13:17:26.730311" level="INFO">password</msg>
<arg>${keyTwo}</arg>
<doc>Logs the given message with the given level.</doc>
<status status="PASS" start="2024-07-02T13:17:26.730194" elapsed="0.000160"/>
</kw>
<var name="${keyTwo}">password</var>
<status status="PASS" start="2024-07-02T13:17:26.728987" elapsed="0.001592"/>
</iter>
<var>${keyTwo}</var>
<value>@{expected_keysTwo}</value>
<status status="PASS" start="2024-07-02T13:17:26.726923" elapsed="0.003774"/>
</for>
<status status="PASS" start="2024-07-02T13:17:26.642966" elapsed="0.087877"/>
</kw>
<doc>Testa a estrutura da resposta da API.</doc>
<tag>testeEstruturaResposta</tag>
<status status="PASS" start="2024-07-02T13:17:26.642436" elapsed="0.088568"/>
</test>
<test id="s1-s1-t4" name="Validar tipos de dados" line="28">
<kw name="Teste de Tipos de Dados" owner="random-user-service">
<kw name="GET On Session" owner="RequestsLibrary">
<msg time="2024-07-02T13:17:26.783917" level="INFO">GET Request : url=https://randomuser.me/api 
 path_url=/api 
 headers={'User-Agent': 'python-requests/2.32.3', 'Accept-Encoding': 'gzip, deflate', 'Accept': '*/*', 'Connection': 'keep-alive'} 
 body=None 
 </msg>
<msg time="2024-07-02T13:17:26.784111" level="INFO">GET Response : url=https://randomuser.me/api 
 status=200, reason=OK 
 headers={'Date': 'Tue, 02 Jul 2024 13:17:26 GMT', 'Content-Type': 'application/json; charset=utf-8', 'Transfer-Encoding': 'chunked', 'Connection': 'keep-alive', 'X-Powered-By': 'Express', 'Access-Control-Allow-Origin': '*', 'Cache-Control': 'no-cache', 'ETag': 'W/"49f-Y3PRlmqKbqigg1BcAAflkeT6kAs"', 'Vary': 'Accept-Encoding', 'Content-Encoding': 'gzip', 'CF-Cache-Status': 'DYNAMIC', 'Report-To': '{"endpoints":[{"url":"https:\\/\\/a.nel.cloudflare.com\\/report\\/v4?s=Ig5fBXp%2BdlzM2Q3gVRdsGXen3v8BQu%2Fa6mZE1SBV35xGTDkbQYMJNBb%2FhpUCwvHT47OuRkZrVk1s27v5venchLx%2By7hdLCleRTYMThgK5qZ9YkE%2BmyDeyT%2BLK5Y9g%2Bhl"}],"group":"cf-nel","max_age":604800}', 'NEL': '{"success_fraction":0,"report_to":"cf-nel","max_age":604800}', 'Server': 'cloudflare', 'CF-RAY': '89ceea8218e13982-IAD', 'alt-svc': 'h3=":443"; ma=86400'} 
 body={"results":[{"gender":"female","name":{"title":"Miss","first":"Gabrielle","last":"Gauthier"},"location":{"street":{"number":5719,"name":"Rue de L'Abbé-Carton"},"city":"Angers","state":"Vendée","country":"France","postcode":24200,"coordinates":{"latitude":"-20.8968","longitude":"19.7050"},"timezone":{"offset":"-12:00","description":"Eniwetok, Kwajalein"}},"email":"gabrielle.gauthier@example.com","login":{"uuid":"6530980f-2566-427d-bdc3-59d6c2347460","username":"browngoose649","password":"rover","salt":"wAykEZ82","md5":"9d06a17d3e6290451cb9a09b45d7757d","sha1":"f9101dc161f579e6a7e1997b6af5afe00177da93","sha256":"27ff723b84663289282d74d355bbc3d0716aa2376cd1b59afff13f9c3d07ed70"},"dob":{"date":"1993-05-12T12:00:55.990Z","age":31},"registered":{"date":"2010-12-27T05:12:38.234Z","age":13},"phone":"01-12-42-40-37","cell":"06-93-00-90-74","id":{"name":"INSEE","value":"2930491150611 61"},"picture":{"large":"https://randomuser.me/api/portraits/women/78.jpg","medium":"https://randomuser.me/api/portraits/med/women/78.jpg","thumbnail":"https://randomuser.me/api/portraits/thumb/women/78.jpg"},"nat":"FR"}],"info":{"seed":"c4e13dc2acd17744","results":1,"page":1,"version":"1.4"}} 
 </msg>
<msg time="2024-07-02T13:17:26.784221" level="INFO">/opt/hostedtoolcache/Python/3.12.4/x64/lib/python3.12/site-packages/urllib3/connectionpool.py:1099: InsecureRequestWarning: Unverified HTTPS request is being made to host 'randomuser.me'. Adding certificate verification is strongly advised. See: https://urllib3.readthedocs.io/en/latest/advanced-usage.html#tls-warnings
  warnings.warn(</msg>
<msg time="2024-07-02T13:17:26.784517" level="INFO">${response} = &lt;Response [200]&gt;</msg>
<var>${response}</var>
<arg>consultarAPI</arg>
<arg>/api</arg>
<doc>Sends a GET request on a previously created HTTP Session.</doc>
<status status="PASS" start="2024-07-02T13:17:26.734126" elapsed="0.050566"/>
</kw>
<kw name="Set Variable" owner="BuiltIn">
<msg time="2024-07-02T13:17:26.785887" level="INFO">${json_data} = {'results': [{'gender': 'female', 'name': {'title': 'Miss', 'first': 'Gabrielle', 'last': 'Gauthier'}, 'location': {'street': {'number': 5719, 'name': "Rue de L'Abbé-Carton"}, 'city': 'Angers', 'state...</msg>
<var>${json_data}</var>
<arg>${response.json()}</arg>
<doc>Returns the given values which can then be assigned to a variables.</doc>
<status status="PASS" start="2024-07-02T13:17:26.785347" elapsed="0.000569"/>
</kw>
<kw name="Log" owner="BuiltIn">
<msg time="2024-07-02T13:17:26.786410" level="INFO">{'results': [{'gender': 'female', 'name': {'title': 'Miss', 'first': 'Gabrielle', 'last': 'Gauthier'}, 'location': {'street': {'number': 5719, 'name': "Rue de L'Abbé-Carton"}, 'city': 'Angers', 'state': 'Vendée', 'country': 'France', 'postcode': 24200, 'coordinates': {'latitude': '-20.8968', 'longitude': '19.7050'}, 'timezone': {'offset': '-12:00', 'description': 'Eniwetok, Kwajalein'}}, 'email': 'gabrielle.gauthier@example.com', 'login': {'uuid': '6530980f-2566-427d-bdc3-59d6c2347460', 'username': 'browngoose649', 'password': 'rover', 'salt': 'wAykEZ82', 'md5': '9d06a17d3e6290451cb9a09b45d7757d', 'sha1': 'f9101dc161f579e6a7e1997b6af5afe00177da93', 'sha256': '27ff723b84663289282d74d355bbc3d0716aa2376cd1b59afff13f9c3d07ed70'}, 'dob': {'date': '1993-05-12T12:00:55.990Z', 'age': 31}, 'registered': {'date': '2010-12-27T05:12:38.234Z', 'age': 13}, 'phone': '01-12-42-40-37', 'cell': '06-93-00-90-74', 'id': {'name': 'INSEE', 'value': '2930491150611 61'}, 'picture': {'large': 'https://randomuser.me/api/portraits/women/78.jpg', 'medium': 'https://randomuser.me/api/portraits/med/women/78.jpg', 'thumbnail': 'https://randomuser.me/api/portraits/thumb/women/78.jpg'}, 'nat': 'FR'}], 'info': {'seed': 'c4e13dc2acd17744', 'results': 1, 'page': 1, 'version': '1.4'}}</msg>
<arg>${json_data}</arg>
<doc>Logs the given message with the given level.</doc>
<status status="PASS" start="2024-07-02T13:17:26.786238" elapsed="0.000224"/>
</kw>
<kw name="Should Be String" owner="String">
<arg>${json_data['results'][0]['gender']}</arg>
<doc>Fails if the given ``item`` is not a string.</doc>
<status status="PASS" start="2024-07-02T13:17:26.786770" elapsed="0.000366"/>
</kw>
<kw name="Should Match Regexp" owner="BuiltIn">
<arg>${json_data['results'][0]['email']}</arg>
<arg>^[a-zA-Z0-9._%+-]+@[a-zA-Z0-9.-]+\.[a-zA-Z]{2,}$</arg>
<doc>Fails if ``string`` does not match ``pattern`` as a regular expression.</doc>
<status status="PASS" start="2024-07-02T13:17:26.787323" elapsed="0.000556"/>
</kw>
<kw name="Should Match Regexp" owner="BuiltIn">
<arg>${json_data['results'][0]['dob']['date']}</arg>
<arg>\\d{4}-\\d{2}-\\d{2}T\\d{2}:\\d{2}:\\d{2}\\.\\d{3}Z</arg>
<doc>Fails if ``string`` does not match ``pattern`` as a regular expression.</doc>
<status status="PASS" start="2024-07-02T13:17:26.788113" elapsed="0.000490"/>
</kw>
<kw name="Should Match Regexp" owner="BuiltIn">
<arg>${json_data['results'][0]['registered']['date']}</arg>
<arg>\\d{4}-\\d{2}-\\d{2}T\\d{2}:\\d{2}:\\d{2}\\.\\d{3}Z</arg>
<doc>Fails if ``string`` does not match ``pattern`` as a regular expression.</doc>
<status status="PASS" start="2024-07-02T13:17:26.788790" elapsed="0.000368"/>
</kw>
<kw name="Should Match Regexp" owner="BuiltIn">
<arg>${json_data['results'][0]['picture']['large']}</arg>
<arg>^https?://.*\.(?:png|jpe?g|gif|bmp)$</arg>
<doc>Fails if ``string`` does not match ``pattern`` as a regular expression.</doc>
<status status="PASS" start="2024-07-02T13:17:26.789342" elapsed="0.000452"/>
</kw>
<kw name="Should Match Regexp" owner="BuiltIn">
<arg>${json_data['results'][0]['picture']['medium']}</arg>
<arg>^https?://.*\.(?:png|jpe?g|gif|bmp)$</arg>
<doc>Fails if ``string`` does not match ``pattern`` as a regular expression.</doc>
<status status="PASS" start="2024-07-02T13:17:26.789978" elapsed="0.000357"/>
</kw>
<kw name="Should Match Regexp" owner="BuiltIn">
<arg>${json_data['results'][0]['picture']['thumbnail']}</arg>
<arg>^https?://.*\.(?:png|jpe?g|gif|bmp)$</arg>
<doc>Fails if ``string`` does not match ``pattern`` as a regular expression.</doc>
<status status="PASS" start="2024-07-02T13:17:26.790518" elapsed="0.000355"/>
</kw>
<kw name="Log" owner="BuiltIn">
<msg time="2024-07-02T13:17:26.791449" level="INFO">{'large': 'https://randomuser.me/api/portraits/women/78.jpg', 'medium': 'https://randomuser.me/api/portraits/med/women/78.jpg', 'thumbnail': 'https://randomuser.me/api/portraits/thumb/women/78.jpg'}</msg>
<arg>${json_data['results'][0]['picture']}</arg>
<doc>Logs the given message with the given level.</doc>
<status status="PASS" start="2024-07-02T13:17:26.791054" elapsed="0.000440"/>
</kw>
<status status="PASS" start="2024-07-02T13:17:26.733741" elapsed="0.058073"/>
</kw>
<kw name="Teste de Tipos de Dados - Postcode" owner="random-user-service">
<kw name="GET On Session" owner="RequestsLibrary">
<msg time="2024-07-02T13:17:26.906926" level="INFO">GET Request : url=https://randomuser.me/api 
 path_url=/api 
 headers={'User-Agent': 'python-requests/2.32.3', 'Accept-Encoding': 'gzip, deflate', 'Accept': '*/*', 'Connection': 'keep-alive'} 
 body=None 
 </msg>
<msg time="2024-07-02T13:17:26.907028" level="INFO">GET Response : url=https://randomuser.me/api 
 status=200, reason=OK 
 headers={'Date': 'Tue, 02 Jul 2024 13:17:26 GMT', 'Content-Type': 'application/json; charset=utf-8', 'Transfer-Encoding': 'chunked', 'Connection': 'keep-alive', 'X-Powered-By': 'Express', 'Access-Control-Allow-Origin': '*', 'Cache-Control': 'no-cache', 'ETag': 'W/"473-ehVxP3kO+CRK9n5khOHz3dtDqbQ"', 'Vary': 'Accept-Encoding', 'Content-Encoding': 'gzip', 'CF-Cache-Status': 'DYNAMIC', 'Report-To': '{"endpoints":[{"url":"https:\\/\\/a.nel.cloudflare.com\\/report\\/v4?s=K1%2Bz7yQ9a8TJre%2FTXyefCDWlWHRyvxnNbyALOf8%2BMLBxDBdIMHlbNbfNj8acXzFPVyi%2FhLKtR4ssh%2F8GICgT4M%2FRgxa3eOLJudnnqDvsT0fITGoLu79ls6PjDc3KUOck"}],"group":"cf-nel","max_age":604800}', 'NEL': '{"success_fraction":0,"report_to":"cf-nel","max_age":604800}', 'Server': 'cloudflare', 'CF-RAY': '89ceea82798b3982-IAD', 'alt-svc': 'h3=":443"; ma=86400'} 
 body={"results":[{"gender":"male","name":{"title":"Mr","first":"Keith","last":"Obrien"},"location":{"street":{"number":877,"name":"The Crescent"},"city":"Mullingar","state":"Cork","country":"Ireland","postcode":68704,"coordinates":{"latitude":"3.0462","longitude":"-152.2512"},"timezone":{"offset":"-11:00","description":"Midway Island, Samoa"}},"email":"keith.obrien@example.com","login":{"uuid":"9a01da1a-b3de-49a0-b7b7-e5ffc1404918","username":"redladybug895","password":"hurley","salt":"RlY4KObn","md5":"ca90df589f24c30d89f34c34daa196c8","sha1":"c97882fbfe67d28533ceda89c56545edefec7d61","sha256":"01dbec51b90a2c532e4355778f671351d1289c1aee8657faf5fa110a2ad721fa"},"dob":{"date":"1965-07-12T05:56:14.430Z","age":58},"registered":{"date":"2021-12-23T09:48:33.054Z","age":2},"phone":"061-020-2505","cell":"081-355-2352","id":{"name":"PPS","value":"3108250T"},"picture":{"large":"https://randomuser.me/api/portraits/men/96.jpg","medium":"https://randomuser.me/api/portraits/med/men/96.jpg","thumbnail":"https://randomuser.me/api/portraits/thumb/men/96.jpg"},"nat":"IE"}],"info":{"seed":"656c9183a3c04d5c","results":1,"page":1,"version":"1.4"}} 
 </msg>
<msg time="2024-07-02T13:17:26.907095" level="INFO">/opt/hostedtoolcache/Python/3.12.4/x64/lib/python3.12/site-packages/urllib3/connectionpool.py:1099: InsecureRequestWarning: Unverified HTTPS request is being made to host 'randomuser.me'. Adding certificate verification is strongly advised. See: https://urllib3.readthedocs.io/en/latest/advanced-usage.html#tls-warnings
  warnings.warn(</msg>
<msg time="2024-07-02T13:17:26.907220" level="INFO">${response} = &lt;Response [200]&gt;</msg>
<var>${response}</var>
<arg>consultarAPI</arg>
<arg>/api</arg>
<doc>Sends a GET request on a previously created HTTP Session.</doc>
<status status="PASS" start="2024-07-02T13:17:26.792290" elapsed="0.114992"/>
</kw>
<kw name="Set Variable" owner="BuiltIn">
<msg time="2024-07-02T13:17:26.908559" level="INFO">${json_data} = {'results': [{'gender': 'male', 'name': {'title': 'Mr', 'first': 'Keith', 'last': 'Obrien'}, 'location': {'street': {'number': 877, 'name': 'The Crescent'}, 'city': 'Mullingar', 'state': 'Cork', 'coun...</msg>
<var>${json_data}</var>
<arg>${response.json()}</arg>
<doc>Returns the given values which can then be assigned to a variables.</doc>
<status status="PASS" start="2024-07-02T13:17:26.907890" elapsed="0.000704"/>
</kw>
<kw name="Log" owner="BuiltIn">
<msg time="2024-07-02T13:17:26.909236" level="INFO">{'results': [{'gender': 'male', 'name': {'title': 'Mr', 'first': 'Keith', 'last': 'Obrien'}, 'location': {'street': {'number': 877, 'name': 'The Crescent'}, 'city': 'Mullingar', 'state': 'Cork', 'country': 'Ireland', 'postcode': 68704, 'coordinates': {'latitude': '3.0462', 'longitude': '-152.2512'}, 'timezone': {'offset': '-11:00', 'description': 'Midway Island, Samoa'}}, 'email': 'keith.obrien@example.com', 'login': {'uuid': '9a01da1a-b3de-49a0-b7b7-e5ffc1404918', 'username': 'redladybug895', 'password': 'hurley', 'salt': 'RlY4KObn', 'md5': 'ca90df589f24c30d89f34c34daa196c8', 'sha1': 'c97882fbfe67d28533ceda89c56545edefec7d61', 'sha256': '01dbec51b90a2c532e4355778f671351d1289c1aee8657faf5fa110a2ad721fa'}, 'dob': {'date': '1965-07-12T05:56:14.430Z', 'age': 58}, 'registered': {'date': '2021-12-23T09:48:33.054Z', 'age': 2}, 'phone': '061-020-2505', 'cell': '081-355-2352', 'id': {'name': 'PPS', 'value': '3108250T'}, 'picture': {'large': 'https://randomuser.me/api/portraits/men/96.jpg', 'medium': 'https://randomuser.me/api/portraits/med/men/96.jpg', 'thumbnail': 'https://randomuser.me/api/portraits/thumb/men/96.jpg'}, 'nat': 'IE'}], 'info': {'seed': '656c9183a3c04d5c', 'results': 1, 'page': 1, 'version': '1.4'}}</msg>
<arg>${json_data}</arg>
<doc>Logs the given message with the given level.</doc>
<status status="PASS" start="2024-07-02T13:17:26.909030" elapsed="0.000256"/>
</kw>
<kw name="Should Be Equal As Numbers" owner="BuiltIn">
<arg>${json_data['results'][0]['location']['postcode']}</arg>
<arg>${json_data['results'][0]['location']['postcode']}</arg>
<doc>Fails if objects are unequal after converting them to real numbers.</doc>
<status status="PASS" start="2024-07-02T13:17:26.909627" elapsed="0.000638"/>
</kw>
<kw name="Log" owner="BuiltIn">
<msg time="2024-07-02T13:17:26.910794" level="INFO">68704</msg>
<arg>${json_data['results'][0]['location']['postcode']}</arg>
<doc>Logs the given message with the given level.</doc>
<status status="PASS" start="2024-07-02T13:17:26.910454" elapsed="0.000381"/>
</kw>
<status status="PASS" start="2024-07-02T13:17:26.792054" elapsed="0.119072"/>
</kw>
<doc>Testa se os tipos de dados na resposta da API estão corretos.</doc>
<tag>testeTiposDados</tag>
<status status="PASS" start="2024-07-02T13:17:26.732885" elapsed="0.178415"/>
</test>
<test id="s1-s1-t5" name="Validar conteudo" line="35">
<kw name="Teste de Tipos de Conteudo" owner="random-user-service">
<kw name="GET On Session" owner="RequestsLibrary">
<msg time="2024-07-02T13:17:26.984135" level="INFO">GET Request : url=https://randomuser.me/api 
 path_url=/api 
 headers={'User-Agent': 'python-requests/2.32.3', 'Accept-Encoding': 'gzip, deflate', 'Accept': '*/*', 'Connection': 'keep-alive'} 
 body=None 
 </msg>
<msg time="2024-07-02T13:17:26.984237" level="INFO">GET Response : url=https://randomuser.me/api 
 status=200, reason=OK 
 headers={'Date': 'Tue, 02 Jul 2024 13:17:26 GMT', 'Content-Type': 'application/json; charset=utf-8', 'Transfer-Encoding': 'chunked', 'Connection': 'keep-alive', 'X-Powered-By': 'Express', 'Access-Control-Allow-Origin': '*', 'Cache-Control': 'no-cache', 'ETag': 'W/"48a-xWjLU6f2GpmH6/ZUbQgI0/NE7QY"', 'Vary': 'Accept-Encoding', 'Content-Encoding': 'gzip', 'CF-Cache-Status': 'DYNAMIC', 'Report-To': '{"endpoints":[{"url":"https:\\/\\/a.nel.cloudflare.com\\/report\\/v4?s=%2FP24cywxvYf4wMzCBZ62dw8kuSCrjv678yZL6sAQfcTb2PGpwsIjVcL6Mrxd9SHxlFZe4zbs%2FT8OFHd7E%2BSg3hExyXYHf%2FA7ibeYtYTmv6y014CZRKsYq2cRLdSAlDlQ"}],"group":"cf-nel","max_age":604800}', 'NEL': '{"success_fraction":0,"report_to":"cf-nel","max_age":604800}', 'Server': 'cloudflare', 'CF-RAY': '89ceea833a633982-IAD', 'alt-svc': 'h3=":443"; ma=86400'} 
 body={"results":[{"gender":"male","name":{"title":"Mr","first":"Jeremiah","last":"Van Herten"},"location":{"street":{"number":2767,"name":"Boterkorfhoek"},"city":"Eeserveen Borger","state":"Zeeland","country":"Netherlands","postcode":"4892 ES","coordinates":{"latitude":"37.3918","longitude":"-59.6876"},"timezone":{"offset":"+4:30","description":"Kabul"}},"email":"jeremiah.vanherten@example.com","login":{"uuid":"7da433ed-684b-467b-a69c-24ae8640c940","username":"organicsnake254","password":"highbury","salt":"AFtTzBRx","md5":"20a59ef256abff83999477afb687795f","sha1":"5e38d7dcdfd35a203818a1a1da018e27ad7f02c3","sha256":"fb806eb3ee93802bd7335d30a84315e468333a7fc90c649901d2866f1da8fa86"},"dob":{"date":"1959-01-18T13:17:05.383Z","age":65},"registered":{"date":"2014-12-24T19:11:10.172Z","age":9},"phone":"(0274) 324831","cell":"(06) 22489486","id":{"name":"BSN","value":"71261831"},"picture":{"large":"https://randomuser.me/api/portraits/men/88.jpg","medium":"https://randomuser.me/api/portraits/med/men/88.jpg","thumbnail":"https://randomuser.me/api/portraits/thumb/men/88.jpg"},"nat":"NL"}],"info":{"seed":"ca684dd822020984","results":1,"page":1,"version":"1.4"}} 
 </msg>
<msg time="2024-07-02T13:17:26.984330" level="INFO">/opt/hostedtoolcache/Python/3.12.4/x64/lib/python3.12/site-packages/urllib3/connectionpool.py:1099: InsecureRequestWarning: Unverified HTTPS request is being made to host 'randomuser.me'. Adding certificate verification is strongly advised. See: https://urllib3.readthedocs.io/en/latest/advanced-usage.html#tls-warnings
  warnings.warn(</msg>
<msg time="2024-07-02T13:17:26.984515" level="INFO">${response} = &lt;Response [200]&gt;</msg>
<var>${response}</var>
<arg>consultarAPI</arg>
<arg>/api</arg>
<doc>Sends a GET request on a previously created HTTP Session.</doc>
<status status="PASS" start="2024-07-02T13:17:26.914042" elapsed="0.070522"/>
</kw>
<kw name="Set Variable" owner="BuiltIn">
<msg time="2024-07-02T13:17:26.985744" level="INFO">${json_data} = {'results': [{'gender': 'male', 'name': {'title': 'Mr', 'first': 'Jeremiah', 'last': 'Van Herten'}, 'location': {'street': {'number': 2767, 'name': 'Boterkorfhoek'}, 'city': 'Eeserveen Borger', 'state...</msg>
<var>${json_data}</var>
<arg>${response.json()}</arg>
<doc>Returns the given values which can then be assigned to a variables.</doc>
<status status="PASS" start="2024-07-02T13:17:26.985228" elapsed="0.000544"/>
</kw>
<kw name="Set Variable" owner="BuiltIn">
<msg time="2024-07-02T13:17:26.986484" level="INFO">${name_title} = Mr</msg>
<var>${name_title}</var>
<arg>${json_data["results"][0]["name"]["title"]}</arg>
<doc>Returns the given values which can then be assigned to a variables.</doc>
<status status="PASS" start="2024-07-02T13:17:26.986097" elapsed="0.000412"/>
</kw>
<kw name="Create List" owner="BuiltIn">
<msg time="2024-07-02T13:17:26.986955" level="INFO">${allowed_titles} = ['Mr', 'Ms', 'Miss', 'Mrs', 'Madame', 'Monsieur']</msg>
<var>${allowed_titles}</var>
<arg>Mr</arg>
<arg>Ms</arg>
<arg>Miss</arg>
<arg>Mrs</arg>
<arg>Madame</arg>
<arg>Monsieur</arg>
<doc>Returns a list containing given items.</doc>
<status status="PASS" start="2024-07-02T13:17:26.986805" elapsed="0.000174"/>
</kw>
<kw name="List Should Contain Value" owner="Collections">
<arg>${allowed_titles}</arg>
<arg>${name_title}</arg>
<doc>Fails if the ``value`` is not found from ``list``.</doc>
<status status="PASS" start="2024-07-02T13:17:26.987279" elapsed="0.000181"/>
</kw>
<kw name="Set Variable" owner="BuiltIn">
<msg time="2024-07-02T13:17:26.988059" level="INFO">${name_country} = NL</msg>
<var>${name_country}</var>
<arg>${json_data["results"][0]["nat"]}</arg>
<doc>Returns the given values which can then be assigned to a variables.</doc>
<status status="PASS" start="2024-07-02T13:17:26.987683" elapsed="0.000402"/>
</kw>
<kw name="Create List" owner="BuiltIn">
<msg time="2024-07-02T13:17:26.988981" level="INFO">${list_country} = ['AD', 'AE', 'AF', 'AG', 'AI', 'AL', 'AM', 'AO', 'AQ', 'AR', 'AS', 'AT', 'AU', 'AW', 'AX', 'AZ', 'BA', 'BB', 'BD', 'BE', 'BF', 'BG', 'BH', 'BI', 'BJ', 'BL', 'BM', 'BN', 'BO', 'BQ', 'BR', 'BS', 'BT', '...</msg>
<var>${list_country}</var>
<arg>AD</arg>
<arg>AE</arg>
<arg>AF</arg>
<arg>AG</arg>
<arg>AI</arg>
<arg>AL</arg>
<arg>AM</arg>
<arg>AO</arg>
<arg>AQ</arg>
<arg>AR</arg>
<arg>AS</arg>
<arg>AT</arg>
<arg>AU</arg>
<arg>AW</arg>
<arg>AX</arg>
<arg>AZ</arg>
<arg>BA</arg>
<arg>BB</arg>
<arg>BD</arg>
<arg>BE</arg>
<arg>BF</arg>
<arg>BG</arg>
<arg>BH</arg>
<arg>BI</arg>
<arg>BJ</arg>
<arg>BL</arg>
<arg>BM</arg>
<arg>BN</arg>
<arg>BO</arg>
<arg>BQ</arg>
<arg>BR</arg>
<arg>BS</arg>
<arg>BT</arg>
<arg>BV</arg>
<arg>BW</arg>
<arg>BY</arg>
<arg>BZ</arg>
<arg>CA</arg>
<arg>CC</arg>
<arg>CD</arg>
<arg>CF</arg>
<arg>CG</arg>
<arg>CH</arg>
<arg>CI</arg>
<arg>CK</arg>
<arg>CL</arg>
<arg>CM</arg>
<arg>CN</arg>
<arg>CO</arg>
<arg>CR</arg>
<arg>CU</arg>
<arg>CV</arg>
<arg>CW</arg>
<arg>CX</arg>
<arg>CY</arg>
<arg>CZ</arg>
<arg>DE</arg>
<arg>DJ</arg>
<arg>DK</arg>
<arg>DM</arg>
<arg>DO</arg>
<arg>DZ</arg>
<arg>EC</arg>
<arg>EE</arg>
<arg>EG</arg>
<arg>EH</arg>
<arg>ER</arg>
<arg>ES</arg>
<arg>ET</arg>
<arg>FI</arg>
<arg>FJ</arg>
<arg>FK</arg>
<arg>FM</arg>
<arg>FO</arg>
<arg>FR</arg>
<arg>GA</arg>
<arg>GB</arg>
<arg>GD</arg>
<arg>GE</arg>
<arg>GF</arg>
<arg>GG</arg>
<arg>GH</arg>
<arg>GI</arg>
<arg>GL</arg>
<arg>GM</arg>
<arg>GN</arg>
<arg>GP</arg>
<arg>GQ</arg>
<arg>GR</arg>
<arg>GS</arg>
<arg>GT</arg>
<arg>GU</arg>
<arg>GW</arg>
<arg>GY</arg>
<arg>HK</arg>
<arg>HM</arg>
<arg>HN</arg>
<arg>HR</arg>
<arg>HT</arg>
<arg>HU</arg>
<arg>ID</arg>
<arg>IE</arg>
<arg>IL</arg>
<arg>IM</arg>
<arg>IN</arg>
<arg>IO</arg>
<arg>IQ</arg>
<arg>IR</arg>
<arg>IS</arg>
<arg>IT</arg>
<arg>JE</arg>
<arg>JM</arg>
<arg>JO</arg>
<arg>JP</arg>
<arg>KE</arg>
<arg>KG</arg>
<arg>KH</arg>
<arg>KI</arg>
<arg>KM</arg>
<arg>KN</arg>
<arg>KP</arg>
<arg>KR</arg>
<arg>KW</arg>
<arg>KY</arg>
<arg>KZ</arg>
<arg>LA</arg>
<arg>LB</arg>
<arg>LC</arg>
<arg>LI</arg>
<arg>LK</arg>
<arg>LR</arg>
<arg>LS</arg>
<arg>LT</arg>
<arg>LU</arg>
<arg>LV</arg>
<arg>LY</arg>
<arg>MA</arg>
<arg>MC</arg>
<arg>MD</arg>
<arg>ME</arg>
<arg>MF</arg>
<arg>MG</arg>
<arg>MH</arg>
<arg>MK</arg>
<arg>ML</arg>
<arg>MM</arg>
<arg>MN</arg>
<arg>MO</arg>
<arg>MP</arg>
<arg>MQ</arg>
<arg>MR</arg>
<arg>MS</arg>
<arg>MT</arg>
<arg>MU</arg>
<arg>MV</arg>
<arg>MW</arg>
<arg>MX</arg>
<arg>MY</arg>
<arg>MZ</arg>
<arg>NA</arg>
<arg>NC</arg>
<arg>NE</arg>
<arg>NF</arg>
<arg>NG</arg>
<arg>NI</arg>
<arg>NL</arg>
<arg>NO</arg>
<arg>NP</arg>
<arg>NR</arg>
<arg>NU</arg>
<arg>NZ</arg>
<arg>OM</arg>
<arg>PA</arg>
<arg>PE</arg>
<arg>PF</arg>
<arg>PG</arg>
<arg>PH</arg>
<arg>PK</arg>
<arg>PL</arg>
<arg>PM</arg>
<arg>PN</arg>
<arg>PR</arg>
<arg>PS</arg>
<arg>PT</arg>
<arg>PW</arg>
<arg>PY</arg>
<arg>QA</arg>
<arg>RE</arg>
<arg>RO</arg>
<arg>RS</arg>
<arg>RU</arg>
<arg>RW</arg>
<arg>SA</arg>
<arg>SB</arg>
<arg>SC</arg>
<arg>SD</arg>
<arg>SE</arg>
<arg>SG</arg>
<arg>SH</arg>
<arg>SI</arg>
<arg>SJ</arg>
<arg>SK</arg>
<arg>SL</arg>
<arg>SM</arg>
<arg>SN</arg>
<arg>SO</arg>
<arg>SR</arg>
<arg>SS</arg>
<arg>ST</arg>
<arg>SV</arg>
<arg>SX</arg>
<arg>SY</arg>
<arg>SZ</arg>
<arg>TC</arg>
<arg>TD</arg>
<arg>TF</arg>
<arg>TG</arg>
<arg>TH</arg>
<arg>TJ</arg>
<arg>TK</arg>
<arg>TL</arg>
<arg>TM</arg>
<arg>TN</arg>
<arg>TO</arg>
<arg>TR</arg>
<arg>TT</arg>
<arg>TV</arg>
<arg>TW</arg>
<arg>TZ</arg>
<arg>UA</arg>
<arg>UG</arg>
<arg>UM</arg>
<arg>US</arg>
<arg>UY</arg>
<arg>UZ</arg>
<arg>VA</arg>
<arg>VC</arg>
<arg>VE</arg>
<arg>VG</arg>
<arg>VI</arg>
<arg>VN</arg>
<arg>VU</arg>
<arg>WF</arg>
<arg>WS</arg>
<arg>XK</arg>
<arg>YE</arg>
<arg>YT</arg>
<arg>ZA</arg>
<arg>ZM</arg>
<arg>ZW</arg>
<doc>Returns a list containing given items.</doc>
<status status="PASS" start="2024-07-02T13:17:26.988377" elapsed="0.000629"/>
</kw>
<kw name="List Should Contain Value" owner="Collections">
<arg>${list_country}</arg>
<arg>${name_country}</arg>
<doc>Fails if the ``value`` is not found from ``list``.</doc>
<status status="PASS" start="2024-07-02T13:17:26.989812" elapsed="0.000214"/>
</kw>
<kw name="Run Keyword If" owner="BuiltIn">
<kw name="Should Be True" owner="BuiltIn">
<arg>${True}</arg>
<doc>Fails if the given condition is not true.</doc>
<status status="PASS" start="2024-07-02T13:17:26.990972" elapsed="0.000140"/>
</kw>
<arg>${json_data["results"][0]["location"]["coordinates"]["latitude"]} &gt;= -90 and ${json_data["results"][0]["location"]["coordinates"]["latitude"]} &lt;= 90</arg>
<arg>Should Be True</arg>
<arg>${True}</arg>
<doc>Runs the given keyword with the given arguments, if ``condition`` is true.</doc>
<status status="PASS" start="2024-07-02T13:17:26.990225" elapsed="0.001009"/>
</kw>
<kw name="Run Keyword If" owner="BuiltIn">
<kw name="Should Be True" owner="BuiltIn">
<arg>${True}</arg>
<doc>Fails if the given condition is not true.</doc>
<status status="PASS" start="2024-07-02T13:17:26.992281" elapsed="0.000146"/>
</kw>
<arg>${json_data["results"][0]["location"]["coordinates"]["longitude"]} &gt;= -180 and ${json_data["results"][0]["location"]["coordinates"]["longitude"]} &lt;= 180</arg>
<arg>Should Be True</arg>
<arg>${True}</arg>
<doc>Runs the given keyword with the given arguments, if ``condition`` is true.</doc>
<status status="PASS" start="2024-07-02T13:17:26.991435" elapsed="0.001117"/>
</kw>
<status status="PASS" start="2024-07-02T13:17:26.913599" elapsed="0.079087"/>
</kw>
<doc>Testa o conteúdo específico dos campos retornados pela API.</doc>
<tag>testeConteudo</tag>
<status status="PASS" start="2024-07-02T13:17:26.913132" elapsed="0.079708"/>
</test>
<status status="PASS" start="2024-07-02T13:17:26.049536" elapsed="0.945256"/>
</suite>
<status status="PASS" start="2024-07-02T13:17:26.034769" elapsed="0.965366"/>
</suite>
<statistics>
<total>
<stat pass="5" fail="0" skip="0">All Tests</stat>
</total>
<tag>
<stat pass="1" fail="0" skip="0">testeConteudo</stat>
<stat pass="1" fail="0" skip="0">testeEstruturaResposta</stat>
<stat pass="1" fail="0" skip="0">testeRequisicaoBasica</stat>
<stat pass="1" fail="0" skip="0">testeTiposDados</stat>
</tag>
<suite>
<stat pass="5" fail="0" skip="0" id="s1" name="Tests">Tests</stat>
<stat pass="5" fail="0" skip="0" id="s1-s1" name="Random-User-Test">Tests.Random-User-Test</stat>
</suite>
</statistics>
<errors>
</errors>
</robot>
