<?xml version="1.0" encoding="UTF-8"?>
<robot generator="Robot 7.0.1 (Python 3.12.4 on linux)" generated="2024-06-24T11:14:41.465779" rpa="false" schemaversion="5">
<suite id="s1" name="Tests" source="/home/runner/work/ApiRandomUser/ApiRandomUser/RamdonUser/tests">
<suite id="s1-s1" name="Random-User-Test" source="/home/runner/work/ApiRandomUser/ApiRandomUser/RamdonUser/tests/random-user-test.robot">
<test id="s1-s1-t1" name="Conectar" line="13">
<kw name="Conectar API" owner="random-user-service">
<kw name="Create Session" owner="RequestsLibrary">
<msg time="2024-06-24T11:14:41.941456" level="INFO">Creating Session using : alias=consultarAPI, url=https://randomuser.me/, headers={},                     cookies={}, auth=None, timeout=None, proxies=None, verify=False,                     debug=0 </msg>
<arg>consultarAPI</arg>
<arg>${URL}</arg>
<doc>Create Session: create a HTTP session to a server</doc>
<status status="PASS" start="2024-06-24T11:14:41.941243" elapsed="0.000393"/>
</kw>
<status status="PASS" start="2024-06-24T11:14:41.940244" elapsed="0.001752"/>
</kw>
<status status="PASS" start="2024-06-24T11:14:41.939653" elapsed="0.002535"/>
</test>
<test id="s1-s1-t2" name="Validar retorno 200 e JSON Válido" line="16">
<kw name="Teste de Requisicao Basica" owner="random-user-service">
<kw name="GET On Session" owner="RequestsLibrary">
<msg time="2024-06-24T11:14:42.129690" level="INFO">GET Request : url=https://randomuser.me/api 
 path_url=/api 
 headers={'User-Agent': 'python-requests/2.32.3', 'Accept-Encoding': 'gzip, deflate', 'Accept': '*/*', 'Connection': 'keep-alive'} 
 body=None 
 </msg>
<msg time="2024-06-24T11:14:42.129886" level="INFO">GET Response : url=https://randomuser.me/api 
 status=200, reason=OK 
 headers={'Date': 'Mon, 24 Jun 2024 11:14:42 GMT', 'Content-Type': 'application/json; charset=utf-8', 'Transfer-Encoding': 'chunked', 'Connection': 'keep-alive', 'X-Powered-By': 'Express', 'Access-Control-Allow-Origin': '*', 'Cache-Control': 'no-cache', 'ETag': 'W/"49a-WqrIo1Kii57rO+09/nsfl+ztPeA"', 'Vary': 'Accept-Encoding', 'Content-Encoding': 'gzip', 'CF-Cache-Status': 'DYNAMIC', 'Report-To': '{"endpoints":[{"url":"https:\\/\\/a.nel.cloudflare.com\\/report\\/v4?s=3yAq77zUaAM%2BlXWHE3c%2BXsJJCSz5xlNUxGjX%2BbI1X2joWw0ybijQOo5ZM43rV2Ty%2FEreK6StelgNHSImlIVtn0Tz1KapoHTPBh2q%2FZh%2BEWmCvWDt87SoUyX1UZHQV2B6"}],"group":"cf-nel","max_age":604800}', 'NEL': '{"success_fraction":0,"report_to":"cf-nel","max_age":604800}', 'Server': 'cloudflare', 'CF-RAY': '898c4bb50c372898-IAD', 'alt-svc': 'h3=":443"; ma=86400'} 
 body={"results":[{"gender":"female","name":{"title":"Miss","first":"Manuela","last":"Lozano"},"location":{"street":{"number":2748,"name":"Calle de Argumosa"},"city":"Valencia","state":"Canarias","country":"Spain","postcode":70487,"coordinates":{"latitude":"-31.4590","longitude":"77.1381"},"timezone":{"offset":"+1:00","description":"Brussels, Copenhagen, Madrid, Paris"}},"email":"manuela.lozano@example.com","login":{"uuid":"974745e3-a703-4729-93ba-997d67d7160f","username":"purplemeercat639","password":"pointer","salt":"EcoDjK2o","md5":"7f55477612bd2e2e2af92d65736f0f12","sha1":"aec915ec5620d4b7f8ce08300b9f3f093b1152c7","sha256":"688400acbdd4378b21656246ee11b3092f93526cceb43163947404c54afa7996"},"dob":{"date":"1970-09-19T11:48:36.582Z","age":53},"registered":{"date":"2019-10-21T05:00:46.798Z","age":4},"phone":"948-403-098","cell":"672-050-296","id":{"name":"DNI","value":"85947227-T"},"picture":{"large":"https://randomuser.me/api/portraits/women/39.jpg","medium":"https://randomuser.me/api/portraits/med/women/39.jpg","thumbnail":"https://randomuser.me/api/portraits/thumb/women/39.jpg"},"nat":"ES"}],"info":{"seed":"c2afc0032c1ea05c","results":1,"page":1,"version":"1.4"}} 
 </msg>
<msg time="2024-06-24T11:14:42.130002" level="INFO">/opt/hostedtoolcache/Python/3.12.4/x64/lib/python3.12/site-packages/urllib3/connectionpool.py:1099: InsecureRequestWarning: Unverified HTTPS request is being made to host 'randomuser.me'. Adding certificate verification is strongly advised. See: https://urllib3.readthedocs.io/en/latest/advanced-usage.html#tls-warnings
  warnings.warn(</msg>
<msg time="2024-06-24T11:14:42.130176" level="INFO">${response} = &lt;Response [200]&gt;</msg>
<var>${response}</var>
<arg>consultarAPI</arg>
<arg>/api</arg>
<doc>Sends a GET request on a previously created HTTP Session.</doc>
<status status="PASS" start="2024-06-24T11:14:41.944863" elapsed="0.185380"/>
</kw>
<kw name="Should Be Equal As Numbers" owner="BuiltIn">
<msg time="2024-06-24T11:14:42.131544" level="INFO">Argument types are:
&lt;class 'int'&gt;
&lt;class 'str'&gt;</msg>
<arg>${response.status_code}</arg>
<arg>200</arg>
<doc>Fails if objects are unequal after converting them to real numbers.</doc>
<status status="PASS" start="2024-06-24T11:14:42.130897" elapsed="0.000741"/>
</kw>
<kw name="Log" owner="BuiltIn">
<msg time="2024-06-24T11:14:42.132618" level="INFO">200</msg>
<arg>${response.status_code}</arg>
<doc>Logs the given message with the given level.</doc>
<status status="PASS" start="2024-06-24T11:14:42.132104" elapsed="0.000606"/>
</kw>
<kw name="Set Variable" owner="BuiltIn">
<msg time="2024-06-24T11:14:42.133814" level="INFO">${json_data} = {'results': [{'gender': 'female', 'name': {'title': 'Miss', 'first': 'Manuela', 'last': 'Lozano'}, 'location': {'street': {'number': 2748, 'name': 'Calle de Argumosa'}, 'city': 'Valencia', 'state': 'C...</msg>
<var>${json_data}</var>
<arg>${response.json()}</arg>
<doc>Returns the given values which can then be assigned to a variables.</doc>
<status status="PASS" start="2024-06-24T11:14:42.133150" elapsed="0.000704"/>
</kw>
<kw name="Dictionary Should Contain Key" owner="Collections">
<arg>${json_data}</arg>
<arg>results</arg>
<doc>Fails if ``key`` is not found from ``dictionary``.</doc>
<status status="PASS" start="2024-06-24T11:14:42.134294" elapsed="0.000263"/>
</kw>
<status status="PASS" start="2024-06-24T11:14:41.944582" elapsed="0.190214"/>
</kw>
<doc>Testa se a API responde corretamente e retorna um objeto JSON válido.</doc>
<tag>testeRequisicaoBasica</tag>
<status status="PASS" start="2024-06-24T11:14:41.944058" elapsed="0.191020"/>
</test>
<test id="s1-s1-t3" name="Validar estrutura de resposta" line="22">
<kw name="Teste de Estrutura de Resposta" owner="random-user-service">
<kw name="GET On Session" owner="RequestsLibrary">
<msg time="2024-06-24T11:14:42.222371" level="INFO">GET Request : url=https://randomuser.me/api 
 path_url=/api 
 headers={'User-Agent': 'python-requests/2.32.3', 'Accept-Encoding': 'gzip, deflate', 'Accept': '*/*', 'Connection': 'keep-alive'} 
 body=None 
 </msg>
<msg time="2024-06-24T11:14:42.222470" level="INFO">GET Response : url=https://randomuser.me/api 
 status=200, reason=OK 
 headers={'Date': 'Mon, 24 Jun 2024 11:14:42 GMT', 'Content-Type': 'application/json; charset=utf-8', 'Transfer-Encoding': 'chunked', 'Connection': 'keep-alive', 'X-Powered-By': 'Express', 'Access-Control-Allow-Origin': '*', 'Cache-Control': 'no-cache', 'ETag': 'W/"469-JvMLFYR448w3L4URdxI+G2n8pk8"', 'Vary': 'Accept-Encoding', 'Content-Encoding': 'gzip', 'CF-Cache-Status': 'DYNAMIC', 'Report-To': '{"endpoints":[{"url":"https:\\/\\/a.nel.cloudflare.com\\/report\\/v4?s=SVnBUnbmBhkT3YtAGZE6rjH4ni5wGdeJXv7%2Bymd%2Fi2Lg2NXHFTh1KV%2Fxxxod9jtf9qFWEmXHsMUhuaOZpOJ0wfgXbv9S38JXJfg2BFOkkC695yVwsmUQJ0Ni8iATXF7H"}],"group":"cf-nel","max_age":604800}', 'NEL': '{"success_fraction":0,"report_to":"cf-nel","max_age":604800}', 'Server': 'cloudflare', 'CF-RAY': '898c4bb56c7f2898-IAD', 'alt-svc': 'h3=":443"; ma=86400'} 
 body={"results":[{"gender":"female","name":{"title":"Ms","first":"Alice","last":"Payne"},"location":{"street":{"number":2043,"name":"O'Connell Avenue"},"city":"Tuam","state":"Limerick","country":"Ireland","postcode":26445,"coordinates":{"latitude":"-0.5762","longitude":"133.9047"},"timezone":{"offset":"+4:30","description":"Kabul"}},"email":"alice.payne@example.com","login":{"uuid":"0bca38e8-2b51-4447-9924-5457032e20e5","username":"crazygoose379","password":"biao","salt":"SvfstBML","md5":"a4965160ca5fc71ac11c518f0e124b3d","sha1":"16b10e96351248842f1b2fe5a78cd4cde6e659b3","sha256":"3f7085a3f54baaad42dda81175c3444919c1ed31de0d370ff4a5bc457c0b581c"},"dob":{"date":"1964-12-18T02:43:46.012Z","age":59},"registered":{"date":"2011-07-22T05:24:16.708Z","age":12},"phone":"021-191-0939","cell":"081-121-8803","id":{"name":"PPS","value":"2017295T"},"picture":{"large":"https://randomuser.me/api/portraits/women/0.jpg","medium":"https://randomuser.me/api/portraits/med/women/0.jpg","thumbnail":"https://randomuser.me/api/portraits/thumb/women/0.jpg"},"nat":"IE"}],"info":{"seed":"32bed66bc9f30f2f","results":1,"page":1,"version":"1.4"}} 
 </msg>
<msg time="2024-06-24T11:14:42.222603" level="INFO">/opt/hostedtoolcache/Python/3.12.4/x64/lib/python3.12/site-packages/urllib3/connectionpool.py:1099: InsecureRequestWarning: Unverified HTTPS request is being made to host 'randomuser.me'. Adding certificate verification is strongly advised. See: https://urllib3.readthedocs.io/en/latest/advanced-usage.html#tls-warnings
  warnings.warn(</msg>
<msg time="2024-06-24T11:14:42.222737" level="INFO">${response} = &lt;Response [200]&gt;</msg>
<var>${response}</var>
<arg>consultarAPI</arg>
<arg>/api</arg>
<doc>Sends a GET request on a previously created HTTP Session.</doc>
<status status="PASS" start="2024-06-24T11:14:42.137761" elapsed="0.085017"/>
</kw>
<kw name="Set Variable" owner="BuiltIn">
<msg time="2024-06-24T11:14:42.223947" level="INFO">${json_data} = {'results': [{'gender': 'female', 'name': {'title': 'Ms', 'first': 'Alice', 'last': 'Payne'}, 'location': {'street': {'number': 2043, 'name': "O'Connell Avenue"}, 'city': 'Tuam', 'state': 'Limerick', ...</msg>
<var>${json_data}</var>
<arg>${response.json()}</arg>
<doc>Returns the given values which can then be assigned to a variables.</doc>
<status status="PASS" start="2024-06-24T11:14:42.223384" elapsed="0.000592"/>
</kw>
<kw name="Log" owner="BuiltIn">
<msg time="2024-06-24T11:14:42.224451" level="INFO">{'results': [{'gender': 'female', 'name': {'title': 'Ms', 'first': 'Alice', 'last': 'Payne'}, 'location': {'street': {'number': 2043, 'name': "O'Connell Avenue"}, 'city': 'Tuam', 'state': 'Limerick', 'country': 'Ireland', 'postcode': 26445, 'coordinates': {'latitude': '-0.5762', 'longitude': '133.9047'}, 'timezone': {'offset': '+4:30', 'description': 'Kabul'}}, 'email': 'alice.payne@example.com', 'login': {'uuid': '0bca38e8-2b51-4447-9924-5457032e20e5', 'username': 'crazygoose379', 'password': 'biao', 'salt': 'SvfstBML', 'md5': 'a4965160ca5fc71ac11c518f0e124b3d', 'sha1': '16b10e96351248842f1b2fe5a78cd4cde6e659b3', 'sha256': '3f7085a3f54baaad42dda81175c3444919c1ed31de0d370ff4a5bc457c0b581c'}, 'dob': {'date': '1964-12-18T02:43:46.012Z', 'age': 59}, 'registered': {'date': '2011-07-22T05:24:16.708Z', 'age': 12}, 'phone': '021-191-0939', 'cell': '081-121-8803', 'id': {'name': 'PPS', 'value': '2017295T'}, 'picture': {'large': 'https://randomuser.me/api/portraits/women/0.jpg', 'medium': 'https://randomuser.me/api/portraits/med/women/0.jpg', 'thumbnail': 'https://randomuser.me/api/portraits/thumb/women/0.jpg'}, 'nat': 'IE'}], 'info': {'seed': '32bed66bc9f30f2f', 'results': 1, 'page': 1, 'version': '1.4'}}</msg>
<arg>${json_data}</arg>
<doc>Logs the given message with the given level.</doc>
<status status="PASS" start="2024-06-24T11:14:42.224287" elapsed="0.000212"/>
</kw>
<kw name="Dictionary Should Contain Key" owner="Collections">
<arg>${json_data}</arg>
<arg>results</arg>
<doc>Fails if ``key`` is not found from ``dictionary``.</doc>
<status status="PASS" start="2024-06-24T11:14:42.224831" elapsed="0.000163"/>
</kw>
<kw name="Should Not Be Empty" owner="BuiltIn">
<msg time="2024-06-24T11:14:42.225306" level="INFO">Length is 2.</msg>
<arg>${json_data}</arg>
<doc>Verifies that the given item is not empty.</doc>
<status status="PASS" start="2024-06-24T11:14:42.225177" elapsed="0.000175"/>
</kw>
<kw name="Create List" owner="BuiltIn">
<msg time="2024-06-24T11:14:42.225788" level="INFO">${expected_keys} = ['gender', 'name', 'location', 'email', 'login']</msg>
<var>${expected_keys}</var>
<arg>gender</arg>
<arg>name</arg>
<arg>location</arg>
<arg>email</arg>
<arg>login</arg>
<doc>Returns a list containing given items.</doc>
<status status="PASS" start="2024-06-24T11:14:42.225643" elapsed="0.000169"/>
</kw>
<for flavor="IN">
<iter>
<kw name="Dictionary Should Contain Key" owner="Collections">
<arg>${json_data['results'][0]}</arg>
<arg>${key}</arg>
<doc>Fails if ``key`` is not found from ``dictionary``.</doc>
<status status="PASS" start="2024-06-24T11:14:42.226550" elapsed="0.000415"/>
</kw>
<kw name="Log" owner="BuiltIn">
<msg time="2024-06-24T11:14:42.227510" level="INFO">{'gender': 'female', 'name': {'title': 'Ms', 'first': 'Alice', 'last': 'Payne'}, 'location': {'street': {'number': 2043, 'name': "O'Connell Avenue"}, 'city': 'Tuam', 'state': 'Limerick', 'country': 'Ireland', 'postcode': 26445, 'coordinates': {'latitude': '-0.5762', 'longitude': '133.9047'}, 'timezone': {'offset': '+4:30', 'description': 'Kabul'}}, 'email': 'alice.payne@example.com', 'login': {'uuid': '0bca38e8-2b51-4447-9924-5457032e20e5', 'username': 'crazygoose379', 'password': 'biao', 'salt': 'SvfstBML', 'md5': 'a4965160ca5fc71ac11c518f0e124b3d', 'sha1': '16b10e96351248842f1b2fe5a78cd4cde6e659b3', 'sha256': '3f7085a3f54baaad42dda81175c3444919c1ed31de0d370ff4a5bc457c0b581c'}, 'dob': {'date': '1964-12-18T02:43:46.012Z', 'age': 59}, 'registered': {'date': '2011-07-22T05:24:16.708Z', 'age': 12}, 'phone': '021-191-0939', 'cell': '081-121-8803', 'id': {'name': 'PPS', 'value': '2017295T'}, 'picture': {'large': 'https://randomuser.me/api/portraits/women/0.jpg', 'medium': 'https://randomuser.me/api/portraits/med/women/0.jpg', 'thumbnail': 'https://randomuser.me/api/portraits/thumb/women/0.jpg'}, 'nat': 'IE'}</msg>
<arg>${json_data['results'][0]}</arg>
<doc>Logs the given message with the given level.</doc>
<status status="PASS" start="2024-06-24T11:14:42.227151" elapsed="0.000410"/>
</kw>
<kw name="Log" owner="BuiltIn">
<msg time="2024-06-24T11:14:42.227986" level="INFO">gender</msg>
<arg>${key}</arg>
<doc>Logs the given message with the given level.</doc>
<status status="PASS" start="2024-06-24T11:14:42.227857" elapsed="0.000167"/>
</kw>
<var name="${key}">gender</var>
<status status="PASS" start="2024-06-24T11:14:42.226422" elapsed="0.001818"/>
</iter>
<iter>
<kw name="Dictionary Should Contain Key" owner="Collections">
<arg>${json_data['results'][0]}</arg>
<arg>${key}</arg>
<doc>Fails if ``key`` is not found from ``dictionary``.</doc>
<status status="PASS" start="2024-06-24T11:14:42.228532" elapsed="0.000424"/>
</kw>
<kw name="Log" owner="BuiltIn">
<msg time="2024-06-24T11:14:42.229499" level="INFO">{'gender': 'female', 'name': {'title': 'Ms', 'first': 'Alice', 'last': 'Payne'}, 'location': {'street': {'number': 2043, 'name': "O'Connell Avenue"}, 'city': 'Tuam', 'state': 'Limerick', 'country': 'Ireland', 'postcode': 26445, 'coordinates': {'latitude': '-0.5762', 'longitude': '133.9047'}, 'timezone': {'offset': '+4:30', 'description': 'Kabul'}}, 'email': 'alice.payne@example.com', 'login': {'uuid': '0bca38e8-2b51-4447-9924-5457032e20e5', 'username': 'crazygoose379', 'password': 'biao', 'salt': 'SvfstBML', 'md5': 'a4965160ca5fc71ac11c518f0e124b3d', 'sha1': '16b10e96351248842f1b2fe5a78cd4cde6e659b3', 'sha256': '3f7085a3f54baaad42dda81175c3444919c1ed31de0d370ff4a5bc457c0b581c'}, 'dob': {'date': '1964-12-18T02:43:46.012Z', 'age': 59}, 'registered': {'date': '2011-07-22T05:24:16.708Z', 'age': 12}, 'phone': '021-191-0939', 'cell': '081-121-8803', 'id': {'name': 'PPS', 'value': '2017295T'}, 'picture': {'large': 'https://randomuser.me/api/portraits/women/0.jpg', 'medium': 'https://randomuser.me/api/portraits/med/women/0.jpg', 'thumbnail': 'https://randomuser.me/api/portraits/thumb/women/0.jpg'}, 'nat': 'IE'}</msg>
<arg>${json_data['results'][0]}</arg>
<doc>Logs the given message with the given level.</doc>
<status status="PASS" start="2024-06-24T11:14:42.229150" elapsed="0.000429"/>
</kw>
<kw name="Log" owner="BuiltIn">
<msg time="2024-06-24T11:14:42.230008" level="INFO">name</msg>
<arg>${key}</arg>
<doc>Logs the given message with the given level.</doc>
<status status="PASS" start="2024-06-24T11:14:42.229876" elapsed="0.000171"/>
</kw>
<var name="${key}">name</var>
<status status="PASS" start="2024-06-24T11:14:42.228422" elapsed="0.001842"/>
</iter>
<iter>
<kw name="Dictionary Should Contain Key" owner="Collections">
<arg>${json_data['results'][0]}</arg>
<arg>${key}</arg>
<doc>Fails if ``key`` is not found from ``dictionary``.</doc>
<status status="PASS" start="2024-06-24T11:14:42.230544" elapsed="0.000380"/>
</kw>
<kw name="Log" owner="BuiltIn">
<msg time="2024-06-24T11:14:42.231455" level="INFO">{'gender': 'female', 'name': {'title': 'Ms', 'first': 'Alice', 'last': 'Payne'}, 'location': {'street': {'number': 2043, 'name': "O'Connell Avenue"}, 'city': 'Tuam', 'state': 'Limerick', 'country': 'Ireland', 'postcode': 26445, 'coordinates': {'latitude': '-0.5762', 'longitude': '133.9047'}, 'timezone': {'offset': '+4:30', 'description': 'Kabul'}}, 'email': 'alice.payne@example.com', 'login': {'uuid': '0bca38e8-2b51-4447-9924-5457032e20e5', 'username': 'crazygoose379', 'password': 'biao', 'salt': 'SvfstBML', 'md5': 'a4965160ca5fc71ac11c518f0e124b3d', 'sha1': '16b10e96351248842f1b2fe5a78cd4cde6e659b3', 'sha256': '3f7085a3f54baaad42dda81175c3444919c1ed31de0d370ff4a5bc457c0b581c'}, 'dob': {'date': '1964-12-18T02:43:46.012Z', 'age': 59}, 'registered': {'date': '2011-07-22T05:24:16.708Z', 'age': 12}, 'phone': '021-191-0939', 'cell': '081-121-8803', 'id': {'name': 'PPS', 'value': '2017295T'}, 'picture': {'large': 'https://randomuser.me/api/portraits/women/0.jpg', 'medium': 'https://randomuser.me/api/portraits/med/women/0.jpg', 'thumbnail': 'https://randomuser.me/api/portraits/thumb/women/0.jpg'}, 'nat': 'IE'}</msg>
<arg>${json_data['results'][0]}</arg>
<doc>Logs the given message with the given level.</doc>
<status status="PASS" start="2024-06-24T11:14:42.231104" elapsed="0.000398"/>
</kw>
<kw name="Log" owner="BuiltIn">
<msg time="2024-06-24T11:14:42.231914" level="INFO">location</msg>
<arg>${key}</arg>
<doc>Logs the given message with the given level.</doc>
<status status="PASS" start="2024-06-24T11:14:42.231788" elapsed="0.000163"/>
</kw>
<var name="${key}">location</var>
<status status="PASS" start="2024-06-24T11:14:42.230438" elapsed="0.001727"/>
</iter>
<iter>
<kw name="Dictionary Should Contain Key" owner="Collections">
<arg>${json_data['results'][0]}</arg>
<arg>${key}</arg>
<doc>Fails if ``key`` is not found from ``dictionary``.</doc>
<status status="PASS" start="2024-06-24T11:14:42.232439" elapsed="0.000407"/>
</kw>
<kw name="Log" owner="BuiltIn">
<msg time="2024-06-24T11:14:42.233388" level="INFO">{'gender': 'female', 'name': {'title': 'Ms', 'first': 'Alice', 'last': 'Payne'}, 'location': {'street': {'number': 2043, 'name': "O'Connell Avenue"}, 'city': 'Tuam', 'state': 'Limerick', 'country': 'Ireland', 'postcode': 26445, 'coordinates': {'latitude': '-0.5762', 'longitude': '133.9047'}, 'timezone': {'offset': '+4:30', 'description': 'Kabul'}}, 'email': 'alice.payne@example.com', 'login': {'uuid': '0bca38e8-2b51-4447-9924-5457032e20e5', 'username': 'crazygoose379', 'password': 'biao', 'salt': 'SvfstBML', 'md5': 'a4965160ca5fc71ac11c518f0e124b3d', 'sha1': '16b10e96351248842f1b2fe5a78cd4cde6e659b3', 'sha256': '3f7085a3f54baaad42dda81175c3444919c1ed31de0d370ff4a5bc457c0b581c'}, 'dob': {'date': '1964-12-18T02:43:46.012Z', 'age': 59}, 'registered': {'date': '2011-07-22T05:24:16.708Z', 'age': 12}, 'phone': '021-191-0939', 'cell': '081-121-8803', 'id': {'name': 'PPS', 'value': '2017295T'}, 'picture': {'large': 'https://randomuser.me/api/portraits/women/0.jpg', 'medium': 'https://randomuser.me/api/portraits/med/women/0.jpg', 'thumbnail': 'https://randomuser.me/api/portraits/thumb/women/0.jpg'}, 'nat': 'IE'}</msg>
<arg>${json_data['results'][0]}</arg>
<doc>Logs the given message with the given level.</doc>
<status status="PASS" start="2024-06-24T11:14:42.233033" elapsed="0.000404"/>
</kw>
<kw name="Log" owner="BuiltIn">
<msg time="2024-06-24T11:14:42.233854" level="INFO">email</msg>
<arg>${key}</arg>
<doc>Logs the given message with the given level.</doc>
<status status="PASS" start="2024-06-24T11:14:42.233727" elapsed="0.000165"/>
</kw>
<var name="${key}">email</var>
<status status="PASS" start="2024-06-24T11:14:42.232334" elapsed="0.001770"/>
</iter>
<iter>
<kw name="Dictionary Should Contain Key" owner="Collections">
<arg>${json_data['results'][0]}</arg>
<arg>${key}</arg>
<doc>Fails if ``key`` is not found from ``dictionary``.</doc>
<status status="PASS" start="2024-06-24T11:14:42.234377" elapsed="0.000382"/>
</kw>
<kw name="Log" owner="BuiltIn">
<msg time="2024-06-24T11:14:42.235280" level="INFO">{'gender': 'female', 'name': {'title': 'Ms', 'first': 'Alice', 'last': 'Payne'}, 'location': {'street': {'number': 2043, 'name': "O'Connell Avenue"}, 'city': 'Tuam', 'state': 'Limerick', 'country': 'Ireland', 'postcode': 26445, 'coordinates': {'latitude': '-0.5762', 'longitude': '133.9047'}, 'timezone': {'offset': '+4:30', 'description': 'Kabul'}}, 'email': 'alice.payne@example.com', 'login': {'uuid': '0bca38e8-2b51-4447-9924-5457032e20e5', 'username': 'crazygoose379', 'password': 'biao', 'salt': 'SvfstBML', 'md5': 'a4965160ca5fc71ac11c518f0e124b3d', 'sha1': '16b10e96351248842f1b2fe5a78cd4cde6e659b3', 'sha256': '3f7085a3f54baaad42dda81175c3444919c1ed31de0d370ff4a5bc457c0b581c'}, 'dob': {'date': '1964-12-18T02:43:46.012Z', 'age': 59}, 'registered': {'date': '2011-07-22T05:24:16.708Z', 'age': 12}, 'phone': '021-191-0939', 'cell': '081-121-8803', 'id': {'name': 'PPS', 'value': '2017295T'}, 'picture': {'large': 'https://randomuser.me/api/portraits/women/0.jpg', 'medium': 'https://randomuser.me/api/portraits/med/women/0.jpg', 'thumbnail': 'https://randomuser.me/api/portraits/thumb/women/0.jpg'}, 'nat': 'IE'}</msg>
<arg>${json_data['results'][0]}</arg>
<doc>Logs the given message with the given level.</doc>
<status status="PASS" start="2024-06-24T11:14:42.234938" elapsed="0.000392"/>
</kw>
<kw name="Log" owner="BuiltIn">
<msg time="2024-06-24T11:14:42.235747" level="INFO">login</msg>
<arg>${key}</arg>
<doc>Logs the given message with the given level.</doc>
<status status="PASS" start="2024-06-24T11:14:42.235621" elapsed="0.000163"/>
</kw>
<var name="${key}">login</var>
<status status="PASS" start="2024-06-24T11:14:42.234271" elapsed="0.001744"/>
</iter>
<var>${key}</var>
<value>@{expected_keys}</value>
<status status="PASS" start="2024-06-24T11:14:42.226228" elapsed="0.009905"/>
</for>
<kw name="Create List" owner="BuiltIn">
<msg time="2024-06-24T11:14:42.236451" level="INFO">${expected_keysTwo} = ['username', 'password']</msg>
<var>${expected_keysTwo}</var>
<arg>username</arg>
<arg>password</arg>
<doc>Returns a list containing given items.</doc>
<status status="PASS" start="2024-06-24T11:14:42.236318" elapsed="0.000157"/>
</kw>
<for flavor="IN">
<iter>
<kw name="Dictionary Should Contain Key" owner="Collections">
<arg>${json_data['results'][0]['login']}</arg>
<arg>${keyTwo}</arg>
<doc>Fails if ``key`` is not found from ``dictionary``.</doc>
<status status="PASS" start="2024-06-24T11:14:42.237027" elapsed="0.000400"/>
</kw>
<kw name="Dictionary Should Contain Key" owner="Collections">
<arg>${json_data['results'][0]['login']}</arg>
<arg>${keyTwo}</arg>
<doc>Fails if ``key`` is not found from ``dictionary``.</doc>
<status status="PASS" start="2024-06-24T11:14:42.237608" elapsed="0.000392"/>
</kw>
<kw name="Log" owner="BuiltIn">
<msg time="2024-06-24T11:14:42.238357" level="INFO">username</msg>
<arg>${keyTwo}</arg>
<doc>Logs the given message with the given level.</doc>
<status status="PASS" start="2024-06-24T11:14:42.238226" elapsed="0.000179"/>
</kw>
<var name="${keyTwo}">username</var>
<status status="PASS" start="2024-06-24T11:14:42.236919" elapsed="0.001705"/>
</iter>
<iter>
<kw name="Dictionary Should Contain Key" owner="Collections">
<arg>${json_data['results'][0]['login']}</arg>
<arg>${keyTwo}</arg>
<doc>Fails if ``key`` is not found from ``dictionary``.</doc>
<status status="PASS" start="2024-06-24T11:14:42.238897" elapsed="0.000380"/>
</kw>
<kw name="Dictionary Should Contain Key" owner="Collections">
<arg>${json_data['results'][0]['login']}</arg>
<arg>${keyTwo}</arg>
<doc>Fails if ``key`` is not found from ``dictionary``.</doc>
<status status="PASS" start="2024-06-24T11:14:42.239451" elapsed="0.000370"/>
</kw>
<kw name="Log" owner="BuiltIn">
<msg time="2024-06-24T11:14:42.240125" level="INFO">password</msg>
<arg>${keyTwo}</arg>
<doc>Logs the given message with the given level.</doc>
<status status="PASS" start="2024-06-24T11:14:42.240005" elapsed="0.000156"/>
</kw>
<var name="${keyTwo}">password</var>
<status status="PASS" start="2024-06-24T11:14:42.238792" elapsed="0.001587"/>
</iter>
<var>${keyTwo}</var>
<value>@{expected_keysTwo}</value>
<status status="PASS" start="2024-06-24T11:14:42.236764" elapsed="0.003736"/>
</for>
<status status="PASS" start="2024-06-24T11:14:42.137529" elapsed="0.103128"/>
</kw>
<doc>Testa a estrutura da resposta da API.</doc>
<tag>testeEstruturaResposta</tag>
<status status="PASS" start="2024-06-24T11:14:42.137031" elapsed="0.103786"/>
</test>
<test id="s1-s1-t4" name="Validar tipos de dados" line="28">
<kw name="Teste de Tipos de Dados" owner="random-user-service">
<kw name="GET On Session" owner="RequestsLibrary">
<msg time="2024-06-24T11:14:42.319678" level="INFO">GET Request : url=https://randomuser.me/api 
 path_url=/api 
 headers={'User-Agent': 'python-requests/2.32.3', 'Accept-Encoding': 'gzip, deflate', 'Accept': '*/*', 'Connection': 'keep-alive'} 
 body=None 
 </msg>
<msg time="2024-06-24T11:14:42.319770" level="INFO">GET Response : url=https://randomuser.me/api 
 status=200, reason=OK 
 headers={'Date': 'Mon, 24 Jun 2024 11:14:42 GMT', 'Content-Type': 'application/json; charset=utf-8', 'Transfer-Encoding': 'chunked', 'Connection': 'keep-alive', 'X-Powered-By': 'Express', 'Access-Control-Allow-Origin': '*', 'Cache-Control': 'no-cache', 'ETag': 'W/"487-DVwWVkOw9oar+gpanVeeQ1ku1WI"', 'Vary': 'Accept-Encoding', 'Content-Encoding': 'gzip', 'CF-Cache-Status': 'DYNAMIC', 'Report-To': '{"endpoints":[{"url":"https:\\/\\/a.nel.cloudflare.com\\/report\\/v4?s=XWuAi69LVhybmqbcNqgRrmx1Viemcw5p9FNJN8VtcnLSa3VG%2Fc4T482w3YySE0NfH1PvFPVRfRZROkugNPdHv%2By9Mw%2F%2BxoAS7ZrTCPY7EifjCVI%2B966tqbdDspKgicqO"}],"group":"cf-nel","max_age":604800}', 'NEL': '{"success_fraction":0,"report_to":"cf-nel","max_age":604800}', 'Server': 'cloudflare', 'CF-RAY': '898c4bb60d3a2898-IAD', 'alt-svc': 'h3=":443"; ma=86400'} 
 body={"results":[{"gender":"female","name":{"title":"Mrs","first":"Silke","last":"Nielsen"},"location":{"street":{"number":3611,"name":"Voldgade"},"city":"Øster Assels","state":"Syddanmark","country":"Denmark","postcode":46747,"coordinates":{"latitude":"-42.1441","longitude":"172.1726"},"timezone":{"offset":"-1:00","description":"Azores, Cape Verde Islands"}},"email":"silke.nielsen@example.com","login":{"uuid":"ea765fff-6021-44b6-8d68-d0bc1e6d3234","username":"orangesnake114","password":"hiking","salt":"digrUzY3","md5":"cbdf4ef544386aac0689e921b3f20389","sha1":"575c8247c55e762347f4c0a71aebad6af2eacfcd","sha256":"2426274c6de3e10a92fa7d913db289d2ff24f80f531e28daf345f008092caee8"},"dob":{"date":"1984-12-20T08:04:34.542Z","age":39},"registered":{"date":"2017-09-05T18:12:04.911Z","age":6},"phone":"94821233","cell":"75827327","id":{"name":"CPR","value":"201284-8783"},"picture":{"large":"https://randomuser.me/api/portraits/women/12.jpg","medium":"https://randomuser.me/api/portraits/med/women/12.jpg","thumbnail":"https://randomuser.me/api/portraits/thumb/women/12.jpg"},"nat":"DK"}],"info":{"seed":"794bd1f9846783ab","results":1,"page":1,"version":"1.4"}} 
 </msg>
<msg time="2024-06-24T11:14:42.319848" level="INFO">/opt/hostedtoolcache/Python/3.12.4/x64/lib/python3.12/site-packages/urllib3/connectionpool.py:1099: InsecureRequestWarning: Unverified HTTPS request is being made to host 'randomuser.me'. Adding certificate verification is strongly advised. See: https://urllib3.readthedocs.io/en/latest/advanced-usage.html#tls-warnings
  warnings.warn(</msg>
<msg time="2024-06-24T11:14:42.319980" level="INFO">${response} = &lt;Response [200]&gt;</msg>
<var>${response}</var>
<arg>consultarAPI</arg>
<arg>/api</arg>
<doc>Sends a GET request on a previously created HTTP Session.</doc>
<status status="PASS" start="2024-06-24T11:14:42.243330" elapsed="0.076701"/>
</kw>
<kw name="Set Variable" owner="BuiltIn">
<msg time="2024-06-24T11:14:42.321186" level="INFO">${json_data} = {'results': [{'gender': 'female', 'name': {'title': 'Mrs', 'first': 'Silke', 'last': 'Nielsen'}, 'location': {'street': {'number': 3611, 'name': 'Voldgade'}, 'city': 'Øster Assels', 'state': 'Syddanma...</msg>
<var>${json_data}</var>
<arg>${response.json()}</arg>
<doc>Returns the given values which can then be assigned to a variables.</doc>
<status status="PASS" start="2024-06-24T11:14:42.320572" elapsed="0.000644"/>
</kw>
<kw name="Log" owner="BuiltIn">
<msg time="2024-06-24T11:14:42.321687" level="INFO">{'results': [{'gender': 'female', 'name': {'title': 'Mrs', 'first': 'Silke', 'last': 'Nielsen'}, 'location': {'street': {'number': 3611, 'name': 'Voldgade'}, 'city': 'Øster Assels', 'state': 'Syddanmark', 'country': 'Denmark', 'postcode': 46747, 'coordinates': {'latitude': '-42.1441', 'longitude': '172.1726'}, 'timezone': {'offset': '-1:00', 'description': 'Azores, Cape Verde Islands'}}, 'email': 'silke.nielsen@example.com', 'login': {'uuid': 'ea765fff-6021-44b6-8d68-d0bc1e6d3234', 'username': 'orangesnake114', 'password': 'hiking', 'salt': 'digrUzY3', 'md5': 'cbdf4ef544386aac0689e921b3f20389', 'sha1': '575c8247c55e762347f4c0a71aebad6af2eacfcd', 'sha256': '2426274c6de3e10a92fa7d913db289d2ff24f80f531e28daf345f008092caee8'}, 'dob': {'date': '1984-12-20T08:04:34.542Z', 'age': 39}, 'registered': {'date': '2017-09-05T18:12:04.911Z', 'age': 6}, 'phone': '94821233', 'cell': '75827327', 'id': {'name': 'CPR', 'value': '201284-8783'}, 'picture': {'large': 'https://randomuser.me/api/portraits/women/12.jpg', 'medium': 'https://randomuser.me/api/portraits/med/women/12.jpg', 'thumbnail': 'https://randomuser.me/api/portraits/thumb/women/12.jpg'}, 'nat': 'DK'}], 'info': {'seed': '794bd1f9846783ab', 'results': 1, 'page': 1, 'version': '1.4'}}</msg>
<arg>${json_data}</arg>
<doc>Logs the given message with the given level.</doc>
<status status="PASS" start="2024-06-24T11:14:42.321523" elapsed="0.000212"/>
</kw>
<kw name="Should Be String" owner="String">
<arg>${json_data['results'][0]['gender']}</arg>
<doc>Fails if the given ``item`` is not a string.</doc>
<status status="PASS" start="2024-06-24T11:14:42.322021" elapsed="0.000361"/>
</kw>
<kw name="Should Match Regexp" owner="BuiltIn">
<arg>${json_data['results'][0]['email']}</arg>
<arg>^[a-zA-Z0-9._%+-]+@[a-zA-Z0-9.-]+\.[a-zA-Z]{2,}$</arg>
<doc>Fails if ``string`` does not match ``pattern`` as a regular expression.</doc>
<status status="PASS" start="2024-06-24T11:14:42.322565" elapsed="0.000511"/>
</kw>
<kw name="Should Match Regexp" owner="BuiltIn">
<arg>${json_data['results'][0]['dob']['date']}</arg>
<arg>\\d{4}-\\d{2}-\\d{2}T\\d{2}:\\d{2}:\\d{2}\\.\\d{3}Z</arg>
<doc>Fails if ``string`` does not match ``pattern`` as a regular expression.</doc>
<status status="PASS" start="2024-06-24T11:14:42.323298" elapsed="0.000484"/>
</kw>
<kw name="Should Match Regexp" owner="BuiltIn">
<arg>${json_data['results'][0]['registered']['date']}</arg>
<arg>\\d{4}-\\d{2}-\\d{2}T\\d{2}:\\d{2}:\\d{2}\\.\\d{3}Z</arg>
<doc>Fails if ``string`` does not match ``pattern`` as a regular expression.</doc>
<status status="PASS" start="2024-06-24T11:14:42.323971" elapsed="0.000370"/>
</kw>
<kw name="Should Match Regexp" owner="BuiltIn">
<arg>${json_data['results'][0]['picture']['large']}</arg>
<arg>^https?://.*\.(?:png|jpe?g|gif|bmp)$</arg>
<doc>Fails if ``string`` does not match ``pattern`` as a regular expression.</doc>
<status status="PASS" start="2024-06-24T11:14:42.324526" elapsed="0.000502"/>
</kw>
<kw name="Should Match Regexp" owner="BuiltIn">
<arg>${json_data['results'][0]['picture']['medium']}</arg>
<arg>^https?://.*\.(?:png|jpe?g|gif|bmp)$</arg>
<doc>Fails if ``string`` does not match ``pattern`` as a regular expression.</doc>
<status status="PASS" start="2024-06-24T11:14:42.325217" elapsed="0.000353"/>
</kw>
<kw name="Should Match Regexp" owner="BuiltIn">
<arg>${json_data['results'][0]['picture']['thumbnail']}</arg>
<arg>^https?://.*\.(?:png|jpe?g|gif|bmp)$</arg>
<doc>Fails if ``string`` does not match ``pattern`` as a regular expression.</doc>
<status status="PASS" start="2024-06-24T11:14:42.325753" elapsed="0.000348"/>
</kw>
<kw name="Log" owner="BuiltIn">
<msg time="2024-06-24T11:14:42.326601" level="INFO">{'large': 'https://randomuser.me/api/portraits/women/12.jpg', 'medium': 'https://randomuser.me/api/portraits/med/women/12.jpg', 'thumbnail': 'https://randomuser.me/api/portraits/thumb/women/12.jpg'}</msg>
<arg>${json_data['results'][0]['picture']}</arg>
<doc>Logs the given message with the given level.</doc>
<status status="PASS" start="2024-06-24T11:14:42.326280" elapsed="0.000365"/>
</kw>
<status status="PASS" start="2024-06-24T11:14:42.243109" elapsed="0.083791"/>
</kw>
<kw name="Teste de Tipos de Dados - Postcode" owner="random-user-service">
<kw name="GET On Session" owner="RequestsLibrary">
<msg time="2024-06-24T11:14:42.420736" level="INFO">GET Request : url=https://randomuser.me/api 
 path_url=/api 
 headers={'User-Agent': 'python-requests/2.32.3', 'Accept-Encoding': 'gzip, deflate', 'Accept': '*/*', 'Connection': 'keep-alive'} 
 body=None 
 </msg>
<msg time="2024-06-24T11:14:42.420831" level="INFO">GET Response : url=https://randomuser.me/api 
 status=200, reason=OK 
 headers={'Date': 'Mon, 24 Jun 2024 11:14:42 GMT', 'Content-Type': 'application/json; charset=utf-8', 'Transfer-Encoding': 'chunked', 'Connection': 'keep-alive', 'X-Powered-By': 'Express', 'Access-Control-Allow-Origin': '*', 'Cache-Control': 'no-cache', 'ETag': 'W/"497-RNCG4l/QGPSAShmMT7UCHqz+/y8"', 'Vary': 'Accept-Encoding', 'Content-Encoding': 'gzip', 'CF-Cache-Status': 'DYNAMIC', 'Report-To': '{"endpoints":[{"url":"https:\\/\\/a.nel.cloudflare.com\\/report\\/v4?s=ovA7bJ8Qu2XPc0DE2NlH%2FC%2BeDxlPo%2Fs%2BjIMZXv5%2FCbEGGdvL0ZLmV7JKtBpE91nz38Vvkrr%2Bj6rtc%2B54nDbF7oLTHtsTJx3fAvfMolsRJFAZfCy5dZRqwumHKomSpLPm"}],"group":"cf-nel","max_age":604800}', 'NEL': '{"success_fraction":0,"report_to":"cf-nel","max_age":604800}', 'Server': 'cloudflare', 'CF-RAY': '898c4bb69d9c2898-IAD', 'alt-svc': 'h3=":443"; ma=86400'} 
 body={"results":[{"gender":"male","name":{"title":"Mr","first":"Nikolaj","last":"Poulsen"},"location":{"street":{"number":2508,"name":"Gammel Kirkevej"},"city":"København Ø","state":"Nordjylland","country":"Denmark","postcode":33841,"coordinates":{"latitude":"-43.8351","longitude":"-143.4264"},"timezone":{"offset":"-4:00","description":"Atlantic Time (Canada), Caracas, La Paz"}},"email":"nikolaj.poulsen@example.com","login":{"uuid":"bd4437a4-7ce2-4ead-b5ef-358b88b6a993","username":"tinyzebra285","password":"enrico","salt":"DV4j6Q3R","md5":"d2a3450c11b3abce7673c740ce7afad7","sha1":"40831a07049e7aa282fe3230c95f24287ba3c469","sha256":"06b83a9775e293a5feae4cc4f057745b01a0d39ab5713e8e9994339092c48bc7"},"dob":{"date":"1965-03-11T23:32:04.245Z","age":59},"registered":{"date":"2012-08-11T04:15:52.385Z","age":11},"phone":"55646562","cell":"09480358","id":{"name":"CPR","value":"110365-5822"},"picture":{"large":"https://randomuser.me/api/portraits/men/73.jpg","medium":"https://randomuser.me/api/portraits/med/men/73.jpg","thumbnail":"https://randomuser.me/api/portraits/thumb/men/73.jpg"},"nat":"DK"}],"info":{"seed":"48af520a474a3935","results":1,"page":1,"version":"1.4"}} 
 </msg>
<msg time="2024-06-24T11:14:42.420907" level="INFO">/opt/hostedtoolcache/Python/3.12.4/x64/lib/python3.12/site-packages/urllib3/connectionpool.py:1099: InsecureRequestWarning: Unverified HTTPS request is being made to host 'randomuser.me'. Adding certificate verification is strongly advised. See: https://urllib3.readthedocs.io/en/latest/advanced-usage.html#tls-warnings
  warnings.warn(</msg>
<msg time="2024-06-24T11:14:42.421032" level="INFO">${response} = &lt;Response [200]&gt;</msg>
<var>${response}</var>
<arg>consultarAPI</arg>
<arg>/api</arg>
<doc>Sends a GET request on a previously created HTTP Session.</doc>
<status status="PASS" start="2024-06-24T11:14:42.327337" elapsed="0.093743"/>
</kw>
<kw name="Set Variable" owner="BuiltIn">
<msg time="2024-06-24T11:14:42.422224" level="INFO">${json_data} = {'results': [{'gender': 'male', 'name': {'title': 'Mr', 'first': 'Nikolaj', 'last': 'Poulsen'}, 'location': {'street': {'number': 2508, 'name': 'Gammel Kirkevej'}, 'city': 'København Ø', 'state': 'Nor...</msg>
<var>${json_data}</var>
<arg>${response.json()}</arg>
<doc>Returns the given values which can then be assigned to a variables.</doc>
<status status="PASS" start="2024-06-24T11:14:42.421651" elapsed="0.000602"/>
</kw>
<kw name="Log" owner="BuiltIn">
<msg time="2024-06-24T11:14:42.422704" level="INFO">{'results': [{'gender': 'male', 'name': {'title': 'Mr', 'first': 'Nikolaj', 'last': 'Poulsen'}, 'location': {'street': {'number': 2508, 'name': 'Gammel Kirkevej'}, 'city': 'København Ø', 'state': 'Nordjylland', 'country': 'Denmark', 'postcode': 33841, 'coordinates': {'latitude': '-43.8351', 'longitude': '-143.4264'}, 'timezone': {'offset': '-4:00', 'description': 'Atlantic Time (Canada), Caracas, La Paz'}}, 'email': 'nikolaj.poulsen@example.com', 'login': {'uuid': 'bd4437a4-7ce2-4ead-b5ef-358b88b6a993', 'username': 'tinyzebra285', 'password': 'enrico', 'salt': 'DV4j6Q3R', 'md5': 'd2a3450c11b3abce7673c740ce7afad7', 'sha1': '40831a07049e7aa282fe3230c95f24287ba3c469', 'sha256': '06b83a9775e293a5feae4cc4f057745b01a0d39ab5713e8e9994339092c48bc7'}, 'dob': {'date': '1965-03-11T23:32:04.245Z', 'age': 59}, 'registered': {'date': '2012-08-11T04:15:52.385Z', 'age': 11}, 'phone': '55646562', 'cell': '09480358', 'id': {'name': 'CPR', 'value': '110365-5822'}, 'picture': {'large': 'https://randomuser.me/api/portraits/men/73.jpg', 'medium': 'https://randomuser.me/api/portraits/med/men/73.jpg', 'thumbnail': 'https://randomuser.me/api/portraits/thumb/men/73.jpg'}, 'nat': 'DK'}], 'info': {'seed': '48af520a474a3935', 'results': 1, 'page': 1, 'version': '1.4'}}</msg>
<arg>${json_data}</arg>
<doc>Logs the given message with the given level.</doc>
<status status="PASS" start="2024-06-24T11:14:42.422551" elapsed="0.000201"/>
</kw>
<kw name="Should Be Equal As Numbers" owner="BuiltIn">
<arg>${json_data['results'][0]['location']['postcode']}</arg>
<arg>${json_data['results'][0]['location']['postcode']}</arg>
<doc>Fails if objects are unequal after converting them to real numbers.</doc>
<status status="PASS" start="2024-06-24T11:14:42.423040" elapsed="0.000628"/>
</kw>
<kw name="Log" owner="BuiltIn">
<msg time="2024-06-24T11:14:42.424190" level="INFO">33841</msg>
<arg>${json_data['results'][0]['location']['postcode']}</arg>
<doc>Logs the given message with the given level.</doc>
<status status="PASS" start="2024-06-24T11:14:42.423861" elapsed="0.000369"/>
</kw>
<status status="PASS" start="2024-06-24T11:14:42.327118" elapsed="0.097390"/>
</kw>
<doc>Testa se os tipos de dados na resposta da API estão corretos.</doc>
<tag>testeTiposDados</tag>
<status status="PASS" start="2024-06-24T11:14:42.242581" elapsed="0.182128"/>
</test>
<test id="s1-s1-t5" name="Validar conteudo" line="35">
<kw name="Teste de Tipos de Conteudo" owner="random-user-service">
<kw name="GET On Session" owner="RequestsLibrary">
<msg time="2024-06-24T11:14:42.522002" level="INFO">GET Request : url=https://randomuser.me/api 
 path_url=/api 
 headers={'User-Agent': 'python-requests/2.32.3', 'Accept-Encoding': 'gzip, deflate', 'Accept': '*/*', 'Connection': 'keep-alive'} 
 body=None 
 </msg>
<msg time="2024-06-24T11:14:42.522084" level="INFO">GET Response : url=https://randomuser.me/api 
 status=200, reason=OK 
 headers={'Date': 'Mon, 24 Jun 2024 11:14:42 GMT', 'Content-Type': 'application/json; charset=utf-8', 'Transfer-Encoding': 'chunked', 'Connection': 'keep-alive', 'X-Powered-By': 'Express', 'Access-Control-Allow-Origin': '*', 'Cache-Control': 'no-cache', 'ETag': 'W/"481-xcJdU5tpDOWc3w+7LyOIM36/HdQ"', 'Vary': 'Accept-Encoding', 'Content-Encoding': 'gzip', 'CF-Cache-Status': 'DYNAMIC', 'Report-To': '{"endpoints":[{"url":"https:\\/\\/a.nel.cloudflare.com\\/report\\/v4?s=7GeqG6XxyTTVhEzcNbwZ13ERxhbBR3abnHZz4avMBWl3zVzpkUs0Xr6TUB6PfQNvIvLH5sxHQQ6zk58ZQIydkyjecwGVPyd5gxrqIIvWkUPvnTIPv9kOkgSiCNXBWGUV"}],"group":"cf-nel","max_age":604800}', 'NEL': '{"success_fraction":0,"report_to":"cf-nel","max_age":604800}', 'Server': 'cloudflare', 'CF-RAY': '898c4bb73e562898-IAD', 'alt-svc': 'h3=":443"; ma=86400'} 
 body={"results":[{"gender":"male","name":{"title":"Mr","first":"Troy","last":"Pierce"},"location":{"street":{"number":9140,"name":"E Sandy Lake Rd"},"city":"San Francisco","state":"Florida","country":"United States","postcode":17410,"coordinates":{"latitude":"81.4485","longitude":"-36.5435"},"timezone":{"offset":"-3:30","description":"Newfoundland"}},"email":"troy.pierce@example.com","login":{"uuid":"fb5e3c21-6a25-4b75-8dba-aaeec294666e","username":"sadmouse690","password":"squerting","salt":"zQkuQCub","md5":"38a9f333d407bae6d0a132e27f1b05c5","sha1":"1cc928e00f7d919cebe6750041a5e04a4ac71cd5","sha256":"b7f208c3999fc76556c289c77e517f34b6b6c478fe8eee045a29c6ccd5fcbd99"},"dob":{"date":"1980-08-02T11:18:32.710Z","age":43},"registered":{"date":"2020-10-31T06:15:33.775Z","age":3},"phone":"(815) 444-4996","cell":"(723) 214-2112","id":{"name":"SSN","value":"208-67-3075"},"picture":{"large":"https://randomuser.me/api/portraits/men/91.jpg","medium":"https://randomuser.me/api/portraits/med/men/91.jpg","thumbnail":"https://randomuser.me/api/portraits/thumb/men/91.jpg"},"nat":"US"}],"info":{"seed":"cba85564281fa232","results":1,"page":1,"version":"1.4"}} 
 </msg>
<msg time="2024-06-24T11:14:42.522167" level="INFO">/opt/hostedtoolcache/Python/3.12.4/x64/lib/python3.12/site-packages/urllib3/connectionpool.py:1099: InsecureRequestWarning: Unverified HTTPS request is being made to host 'randomuser.me'. Adding certificate verification is strongly advised. See: https://urllib3.readthedocs.io/en/latest/advanced-usage.html#tls-warnings
  warnings.warn(</msg>
<msg time="2024-06-24T11:14:42.522282" level="INFO">${response} = &lt;Response [200]&gt;</msg>
<var>${response}</var>
<arg>consultarAPI</arg>
<arg>/api</arg>
<doc>Sends a GET request on a previously created HTTP Session.</doc>
<status status="PASS" start="2024-06-24T11:14:42.427372" elapsed="0.094962"/>
</kw>
<kw name="Set Variable" owner="BuiltIn">
<msg time="2024-06-24T11:14:42.523401" level="INFO">${json_data} = {'results': [{'gender': 'male', 'name': {'title': 'Mr', 'first': 'Troy', 'last': 'Pierce'}, 'location': {'street': {'number': 9140, 'name': 'E Sandy Lake Rd'}, 'city': 'San Francisco', 'state': 'Flori...</msg>
<var>${json_data}</var>
<arg>${response.json()}</arg>
<doc>Returns the given values which can then be assigned to a variables.</doc>
<status status="PASS" start="2024-06-24T11:14:42.522846" elapsed="0.000585"/>
</kw>
<kw name="Set Variable" owner="BuiltIn">
<msg time="2024-06-24T11:14:42.524132" level="INFO">${name_title} = Mr</msg>
<var>${name_title}</var>
<arg>${json_data["results"][0]["name"]["title"]}</arg>
<doc>Returns the given values which can then be assigned to a variables.</doc>
<status status="PASS" start="2024-06-24T11:14:42.523746" elapsed="0.000411"/>
</kw>
<kw name="Create List" owner="BuiltIn">
<msg time="2024-06-24T11:14:42.524604" level="INFO">${allowed_titles} = ['Mr', 'Ms', 'Miss', 'Mrs', 'Madame', 'Monsieur']</msg>
<var>${allowed_titles}</var>
<arg>Mr</arg>
<arg>Ms</arg>
<arg>Miss</arg>
<arg>Mrs</arg>
<arg>Madame</arg>
<arg>Monsieur</arg>
<doc>Returns a list containing given items.</doc>
<status status="PASS" start="2024-06-24T11:14:42.524450" elapsed="0.000179"/>
</kw>
<kw name="List Should Contain Value" owner="Collections">
<arg>${allowed_titles}</arg>
<arg>${name_title}</arg>
<doc>Fails if the ``value`` is not found from ``list``.</doc>
<status status="PASS" start="2024-06-24T11:14:42.525021" elapsed="0.000183"/>
</kw>
<kw name="Set Variable" owner="BuiltIn">
<msg time="2024-06-24T11:14:42.525742" level="INFO">${name_country} = US</msg>
<var>${name_country}</var>
<arg>${json_data["results"][0]["nat"]}</arg>
<doc>Returns the given values which can then be assigned to a variables.</doc>
<status status="PASS" start="2024-06-24T11:14:42.525382" elapsed="0.000385"/>
</kw>
<kw name="Create List" owner="BuiltIn">
<msg time="2024-06-24T11:14:42.526668" level="INFO">${list_country} = ['AD', 'AE', 'AF', 'AG', 'AI', 'AL', 'AM', 'AO', 'AQ', 'AR', 'AS', 'AT', 'AU', 'AW', 'AX', 'AZ', 'BA', 'BB', 'BD', 'BE', 'BF', 'BG', 'BH', 'BI', 'BJ', 'BL', 'BM', 'BN', 'BO', 'BQ', 'BR', 'BS', 'BT', '...</msg>
<var>${list_country}</var>
<arg>AD</arg>
<arg>AE</arg>
<arg>AF</arg>
<arg>AG</arg>
<arg>AI</arg>
<arg>AL</arg>
<arg>AM</arg>
<arg>AO</arg>
<arg>AQ</arg>
<arg>AR</arg>
<arg>AS</arg>
<arg>AT</arg>
<arg>AU</arg>
<arg>AW</arg>
<arg>AX</arg>
<arg>AZ</arg>
<arg>BA</arg>
<arg>BB</arg>
<arg>BD</arg>
<arg>BE</arg>
<arg>BF</arg>
<arg>BG</arg>
<arg>BH</arg>
<arg>BI</arg>
<arg>BJ</arg>
<arg>BL</arg>
<arg>BM</arg>
<arg>BN</arg>
<arg>BO</arg>
<arg>BQ</arg>
<arg>BR</arg>
<arg>BS</arg>
<arg>BT</arg>
<arg>BV</arg>
<arg>BW</arg>
<arg>BY</arg>
<arg>BZ</arg>
<arg>CA</arg>
<arg>CC</arg>
<arg>CD</arg>
<arg>CF</arg>
<arg>CG</arg>
<arg>CH</arg>
<arg>CI</arg>
<arg>CK</arg>
<arg>CL</arg>
<arg>CM</arg>
<arg>CN</arg>
<arg>CO</arg>
<arg>CR</arg>
<arg>CU</arg>
<arg>CV</arg>
<arg>CW</arg>
<arg>CX</arg>
<arg>CY</arg>
<arg>CZ</arg>
<arg>DE</arg>
<arg>DJ</arg>
<arg>DK</arg>
<arg>DM</arg>
<arg>DO</arg>
<arg>DZ</arg>
<arg>EC</arg>
<arg>EE</arg>
<arg>EG</arg>
<arg>EH</arg>
<arg>ER</arg>
<arg>ES</arg>
<arg>ET</arg>
<arg>FI</arg>
<arg>FJ</arg>
<arg>FK</arg>
<arg>FM</arg>
<arg>FO</arg>
<arg>FR</arg>
<arg>GA</arg>
<arg>GB</arg>
<arg>GD</arg>
<arg>GE</arg>
<arg>GF</arg>
<arg>GG</arg>
<arg>GH</arg>
<arg>GI</arg>
<arg>GL</arg>
<arg>GM</arg>
<arg>GN</arg>
<arg>GP</arg>
<arg>GQ</arg>
<arg>GR</arg>
<arg>GS</arg>
<arg>GT</arg>
<arg>GU</arg>
<arg>GW</arg>
<arg>GY</arg>
<arg>HK</arg>
<arg>HM</arg>
<arg>HN</arg>
<arg>HR</arg>
<arg>HT</arg>
<arg>HU</arg>
<arg>ID</arg>
<arg>IE</arg>
<arg>IL</arg>
<arg>IM</arg>
<arg>IN</arg>
<arg>IO</arg>
<arg>IQ</arg>
<arg>IR</arg>
<arg>IS</arg>
<arg>IT</arg>
<arg>JE</arg>
<arg>JM</arg>
<arg>JO</arg>
<arg>JP</arg>
<arg>KE</arg>
<arg>KG</arg>
<arg>KH</arg>
<arg>KI</arg>
<arg>KM</arg>
<arg>KN</arg>
<arg>KP</arg>
<arg>KR</arg>
<arg>KW</arg>
<arg>KY</arg>
<arg>KZ</arg>
<arg>LA</arg>
<arg>LB</arg>
<arg>LC</arg>
<arg>LI</arg>
<arg>LK</arg>
<arg>LR</arg>
<arg>LS</arg>
<arg>LT</arg>
<arg>LU</arg>
<arg>LV</arg>
<arg>LY</arg>
<arg>MA</arg>
<arg>MC</arg>
<arg>MD</arg>
<arg>ME</arg>
<arg>MF</arg>
<arg>MG</arg>
<arg>MH</arg>
<arg>MK</arg>
<arg>ML</arg>
<arg>MM</arg>
<arg>MN</arg>
<arg>MO</arg>
<arg>MP</arg>
<arg>MQ</arg>
<arg>MR</arg>
<arg>MS</arg>
<arg>MT</arg>
<arg>MU</arg>
<arg>MV</arg>
<arg>MW</arg>
<arg>MX</arg>
<arg>MY</arg>
<arg>MZ</arg>
<arg>NA</arg>
<arg>NC</arg>
<arg>NE</arg>
<arg>NF</arg>
<arg>NG</arg>
<arg>NI</arg>
<arg>NL</arg>
<arg>NO</arg>
<arg>NP</arg>
<arg>NR</arg>
<arg>NU</arg>
<arg>NZ</arg>
<arg>OM</arg>
<arg>PA</arg>
<arg>PE</arg>
<arg>PF</arg>
<arg>PG</arg>
<arg>PH</arg>
<arg>PK</arg>
<arg>PL</arg>
<arg>PM</arg>
<arg>PN</arg>
<arg>PR</arg>
<arg>PS</arg>
<arg>PT</arg>
<arg>PW</arg>
<arg>PY</arg>
<arg>QA</arg>
<arg>RE</arg>
<arg>RO</arg>
<arg>RS</arg>
<arg>RU</arg>
<arg>RW</arg>
<arg>SA</arg>
<arg>SB</arg>
<arg>SC</arg>
<arg>SD</arg>
<arg>SE</arg>
<arg>SG</arg>
<arg>SH</arg>
<arg>SI</arg>
<arg>SJ</arg>
<arg>SK</arg>
<arg>SL</arg>
<arg>SM</arg>
<arg>SN</arg>
<arg>SO</arg>
<arg>SR</arg>
<arg>SS</arg>
<arg>ST</arg>
<arg>SV</arg>
<arg>SX</arg>
<arg>SY</arg>
<arg>SZ</arg>
<arg>TC</arg>
<arg>TD</arg>
<arg>TF</arg>
<arg>TG</arg>
<arg>TH</arg>
<arg>TJ</arg>
<arg>TK</arg>
<arg>TL</arg>
<arg>TM</arg>
<arg>TN</arg>
<arg>TO</arg>
<arg>TR</arg>
<arg>TT</arg>
<arg>TV</arg>
<arg>TW</arg>
<arg>TZ</arg>
<arg>UA</arg>
<arg>UG</arg>
<arg>UM</arg>
<arg>US</arg>
<arg>UY</arg>
<arg>UZ</arg>
<arg>VA</arg>
<arg>VC</arg>
<arg>VE</arg>
<arg>VG</arg>
<arg>VI</arg>
<arg>VN</arg>
<arg>VU</arg>
<arg>WF</arg>
<arg>WS</arg>
<arg>XK</arg>
<arg>YE</arg>
<arg>YT</arg>
<arg>ZA</arg>
<arg>ZM</arg>
<arg>ZW</arg>
<doc>Returns a list containing given items.</doc>
<status status="PASS" start="2024-06-24T11:14:42.526065" elapsed="0.000628"/>
</kw>
<kw name="List Should Contain Value" owner="Collections">
<arg>${list_country}</arg>
<arg>${name_country}</arg>
<doc>Fails if the ``value`` is not found from ``list``.</doc>
<status status="PASS" start="2024-06-24T11:14:42.527480" elapsed="0.000201"/>
</kw>
<kw name="Run Keyword If" owner="BuiltIn">
<kw name="Should Be True" owner="BuiltIn">
<arg>${True}</arg>
<doc>Fails if the given condition is not true.</doc>
<status status="PASS" start="2024-06-24T11:14:42.528590" elapsed="0.000163"/>
</kw>
<arg>${json_data["results"][0]["location"]["coordinates"]["latitude"]} &gt;= -90 and ${json_data["results"][0]["location"]["coordinates"]["latitude"]} &lt;= 90</arg>
<arg>Should Be True</arg>
<arg>${True}</arg>
<doc>Runs the given keyword with the given arguments, if ``condition`` is true.</doc>
<status status="PASS" start="2024-06-24T11:14:42.527873" elapsed="0.001005"/>
</kw>
<kw name="Run Keyword If" owner="BuiltIn">
<kw name="Should Be True" owner="BuiltIn">
<arg>${True}</arg>
<doc>Fails if the given condition is not true.</doc>
<status status="PASS" start="2024-06-24T11:14:42.529756" elapsed="0.000137"/>
</kw>
<arg>${json_data["results"][0]["location"]["coordinates"]["longitude"]} &gt;= -180 and ${json_data["results"][0]["location"]["coordinates"]["longitude"]} &lt;= 180</arg>
<arg>Should Be True</arg>
<arg>${True}</arg>
<doc>Runs the given keyword with the given arguments, if ``condition`` is true.</doc>
<status status="PASS" start="2024-06-24T11:14:42.529057" elapsed="0.000959"/>
</kw>
<status status="PASS" start="2024-06-24T11:14:42.427003" elapsed="0.103141"/>
</kw>
<doc>Testa o conteúdo específico dos campos retornados pela API.</doc>
<tag>testeConteudo</tag>
<status status="PASS" start="2024-06-24T11:14:42.426480" elapsed="0.103809"/>
</test>
<status status="PASS" start="2024-06-24T11:14:41.525289" elapsed="1.006940"/>
</suite>
<status status="PASS" start="2024-06-24T11:14:41.511041" elapsed="1.026662"/>
</suite>
<statistics>
<total>
<stat pass="5" fail="0" skip="0">All Tests</stat>
</total>
<tag>
<stat pass="1" fail="0" skip="0">testeConteudo</stat>
<stat pass="1" fail="0" skip="0">testeEstruturaResposta</stat>
<stat pass="1" fail="0" skip="0">testeRequisicaoBasica</stat>
<stat pass="1" fail="0" skip="0">testeTiposDados</stat>
</tag>
<suite>
<stat pass="5" fail="0" skip="0" id="s1" name="Tests">Tests</stat>
<stat pass="5" fail="0" skip="0" id="s1-s1" name="Random-User-Test">Tests.Random-User-Test</stat>
</suite>
</statistics>
<errors>
</errors>
</robot>
