<?xml version="1.0" encoding="UTF-8"?>
<robot generator="Robot 7.0.1 (Python 3.12.4 on linux)" generated="2024-07-16T09:17:18.493148" rpa="false" schemaversion="5">
<suite id="s1" name="Tests" source="/home/runner/work/ApiRandomUser/ApiRandomUser/RamdonUser/tests">
<suite id="s1-s1" name="Random-User-Test" source="/home/runner/work/ApiRandomUser/ApiRandomUser/RamdonUser/tests/random-user-test.robot">
<test id="s1-s1-t1" name="Conectar" line="13">
<kw name="Conectar API" owner="random-user-service">
<kw name="Create Session" owner="RequestsLibrary">
<msg time="2024-07-16T09:17:18.884928" level="INFO">Creating Session using : alias=consultarAPI, url=https://randomuser.me/, headers={},                     cookies={}, auth=None, timeout=None, proxies=None, verify=False,                     debug=0 </msg>
<arg>consultarAPI</arg>
<arg>${URL}</arg>
<doc>Create Session: create a HTTP session to a server</doc>
<status status="PASS" start="2024-07-16T09:17:18.884724" elapsed="0.000395"/>
</kw>
<status status="PASS" start="2024-07-16T09:17:18.883739" elapsed="0.001746"/>
</kw>
<status status="PASS" start="2024-07-16T09:17:18.883172" elapsed="0.002508"/>
</test>
<test id="s1-s1-t2" name="Validar retorno 200 e JSON Válido" line="16">
<kw name="Teste de Requisicao Basica" owner="random-user-service">
<kw name="GET On Session" owner="RequestsLibrary">
<msg time="2024-07-16T09:17:18.978298" level="INFO">GET Request : url=https://randomuser.me/api 
 path_url=/api 
 headers={'User-Agent': 'python-requests/2.32.3', 'Accept-Encoding': 'gzip, deflate', 'Accept': '*/*', 'Connection': 'keep-alive'} 
 body=None 
 </msg>
<msg time="2024-07-16T09:17:18.978415" level="INFO">GET Response : url=https://randomuser.me/api 
 status=200, reason=OK 
 headers={'Date': 'Tue, 16 Jul 2024 09:17:18 GMT', 'Content-Type': 'application/json; charset=utf-8', 'Transfer-Encoding': 'chunked', 'Connection': 'keep-alive', 'X-Powered-By': 'Express', 'Access-Control-Allow-Origin': '*', 'Cache-Control': 'no-cache', 'ETag': 'W/"475-KYb72fc5/Ku2uLwZ71xHkgvSK3c"', 'Vary': 'Accept-Encoding', 'Content-Encoding': 'gzip', 'CF-Cache-Status': 'DYNAMIC', 'Report-To': '{"endpoints":[{"url":"https:\\/\\/a.nel.cloudflare.com\\/report\\/v4?s=tjm0rDI9eU%2BchUZCSr0GfZuAoEeLrCo6pHbE8Iqqhu1r01UhOROg0r2hsPBcun%2B3X5IWTFgYUqF5e3hT%2FhtcUTEUT9nqfzspg0wK9nW0RYtC9nWy%2BjSFi40Kvgc3o7H0"}],"group":"cf-nel","max_age":604800}', 'NEL': '{"success_fraction":0,"report_to":"cf-nel","max_age":604800}', 'Server': 'cloudflare', 'CF-RAY': '8a40e60159b13891-IAD', 'alt-svc': 'h3=":443"; ma=86400'} 
 body={"results":[{"gender":"male","name":{"title":"Mr","first":"آرتين","last":"نجاتی"},"location":{"street":{"number":4330,"name":"میدان حر"},"city":"کرمانشاه","state":"قم","country":"Iran","postcode":94611,"coordinates":{"latitude":"20.8178","longitude":"-2.3382"},"timezone":{"offset":"-3:30","description":"Newfoundland"}},"email":"artyn.njty@example.com","login":{"uuid":"0b56be8f-2565-4d4a-acdb-42605735d24d","username":"ticklishpeacock341","password":"shopping","salt":"lwAt1tMN","md5":"82b712e4e8e53e573ca043f73c8e3ecc","sha1":"33a9b2fa37b117d954e7ab9020ab9cdf38936574","sha256":"9043328547e2cc1a7f266e5e80557fbb0db8f7fd172e766d0c208333d7a21dca"},"dob":{"date":"1953-04-13T15:21:08.839Z","age":71},"registered":{"date":"2010-04-25T11:57:03.384Z","age":14},"phone":"034-23812830","cell":"0978-200-9643","id":{"name":"","value":null},"picture":{"large":"https://randomuser.me/api/portraits/men/5.jpg","medium":"https://randomuser.me/api/portraits/med/men/5.jpg","thumbnail":"https://randomuser.me/api/portraits/thumb/men/5.jpg"},"nat":"IR"}],"info":{"seed":"326e67206dc8f3a0","results":1,"page":1,"version":"1.4"}} 
 </msg>
<msg time="2024-07-16T09:17:18.978504" level="INFO">/opt/hostedtoolcache/Python/3.12.4/x64/lib/python3.12/site-packages/urllib3/connectionpool.py:1099: InsecureRequestWarning: Unverified HTTPS request is being made to host 'randomuser.me'. Adding certificate verification is strongly advised. See: https://urllib3.readthedocs.io/en/latest/advanced-usage.html#tls-warnings
  warnings.warn(</msg>
<msg time="2024-07-16T09:17:18.978628" level="INFO">${response} = &lt;Response [200]&gt;</msg>
<var>${response}</var>
<arg>consultarAPI</arg>
<arg>/api</arg>
<doc>Sends a GET request on a previously created HTTP Session.</doc>
<status status="PASS" start="2024-07-16T09:17:18.888377" elapsed="0.090300"/>
</kw>
<kw name="Should Be Equal As Numbers" owner="BuiltIn">
<msg time="2024-07-16T09:17:18.979813" level="INFO">Argument types are:
&lt;class 'int'&gt;
&lt;class 'str'&gt;</msg>
<arg>${response.status_code}</arg>
<arg>200</arg>
<doc>Fails if objects are unequal after converting them to real numbers.</doc>
<status status="PASS" start="2024-07-16T09:17:18.979281" elapsed="0.000597"/>
</kw>
<kw name="Log" owner="BuiltIn">
<msg time="2024-07-16T09:17:18.980567" level="INFO">200</msg>
<arg>${response.status_code}</arg>
<doc>Logs the given message with the given level.</doc>
<status status="PASS" start="2024-07-16T09:17:18.980206" elapsed="0.000406"/>
</kw>
<kw name="Set Variable" owner="BuiltIn">
<msg time="2024-07-16T09:17:18.981366" level="INFO">${json_data} = {'results': [{'gender': 'male', 'name': {'title': 'Mr', 'first': 'آرتين', 'last': 'نجاتی'}, 'location': {'street': {'number': 4330, 'name': 'میدان حر'}, 'city': 'کرمانشاه', 'state': 'قم', 'country': '...</msg>
<var>${json_data}</var>
<arg>${response.json()}</arg>
<doc>Returns the given values which can then be assigned to a variables.</doc>
<status status="PASS" start="2024-07-16T09:17:18.980919" elapsed="0.000479"/>
</kw>
<kw name="Dictionary Should Contain Key" owner="Collections">
<arg>${json_data}</arg>
<arg>results</arg>
<doc>Fails if ``key`` is not found from ``dictionary``.</doc>
<status status="PASS" start="2024-07-16T09:17:18.981703" elapsed="0.000164"/>
</kw>
<status status="PASS" start="2024-07-16T09:17:18.888124" elapsed="0.093889"/>
</kw>
<doc>Testa se a API responde corretamente e retorna um objeto JSON válido.</doc>
<tag>testeRequisicaoBasica</tag>
<status status="PASS" start="2024-07-16T09:17:18.887585" elapsed="0.094627"/>
</test>
<test id="s1-s1-t3" name="Validar estrutura de resposta" line="22">
<kw name="Teste de Estrutura de Resposta" owner="random-user-service">
<kw name="GET On Session" owner="RequestsLibrary">
<msg time="2024-07-16T09:17:19.091530" level="INFO">GET Request : url=https://randomuser.me/api 
 path_url=/api 
 headers={'User-Agent': 'python-requests/2.32.3', 'Accept-Encoding': 'gzip, deflate', 'Accept': '*/*', 'Connection': 'keep-alive'} 
 body=None 
 </msg>
<msg time="2024-07-16T09:17:19.091636" level="INFO">GET Response : url=https://randomuser.me/api 
 status=200, reason=OK 
 headers={'Date': 'Tue, 16 Jul 2024 09:17:19 GMT', 'Content-Type': 'application/json; charset=utf-8', 'Transfer-Encoding': 'chunked', 'Connection': 'keep-alive', 'X-Powered-By': 'Express', 'Access-Control-Allow-Origin': '*', 'Cache-Control': 'no-cache', 'ETag': 'W/"478-8Db1EoYH4jKbfdlj6NOb1aKBL4U"', 'Vary': 'Accept-Encoding', 'Content-Encoding': 'gzip', 'CF-Cache-Status': 'DYNAMIC', 'Report-To': '{"endpoints":[{"url":"https:\\/\\/a.nel.cloudflare.com\\/report\\/v4?s=vLIKQc23%2FbiIpEecEYGuqn2ksWLEfOISCjEza31pZkJfB23fuo3TPOIpliJxpQ%2FvRkU2DJgB8jMQndvsRgK2ACyrnIzChqsjkNNPDBdCtKSeTKfIp%2BJb4O5C3Ko5M4Zw"}],"group":"cf-nel","max_age":604800}', 'NEL': '{"success_fraction":0,"report_to":"cf-nel","max_age":604800}', 'Server': 'cloudflare', 'CF-RAY': '8a40e601a9f53891-IAD', 'alt-svc': 'h3=":443"; ma=86400'} 
 body={"results":[{"gender":"male","name":{"title":"Mr","first":"Asher","last":"Hall"},"location":{"street":{"number":1292,"name":"Tweed Street"},"city":"Invercargill","state":"Nelson","country":"New Zealand","postcode":82488,"coordinates":{"latitude":"53.0808","longitude":"-75.8191"},"timezone":{"offset":"+2:00","description":"Kaliningrad, South Africa"}},"email":"asher.hall@example.com","login":{"uuid":"1382e57c-0353-472f-91eb-45c258a41eef","username":"tinypanda339","password":"alberto","salt":"bnvoDi82","md5":"846dfe03a4eed300d4d342e1d85ce5b4","sha1":"cb687bb32546dfcad092e8b4ea1c05224f04b4b3","sha256":"2d8b73f6c32f130ecf68c880ce9ec0fae6dec11a95ad77dc5a6f4d36a444a8af"},"dob":{"date":"1964-12-31T16:59:15.943Z","age":59},"registered":{"date":"2017-05-21T08:37:12.150Z","age":7},"phone":"(356)-209-8952","cell":"(619)-803-6972","id":{"name":"","value":null},"picture":{"large":"https://randomuser.me/api/portraits/men/16.jpg","medium":"https://randomuser.me/api/portraits/med/men/16.jpg","thumbnail":"https://randomuser.me/api/portraits/thumb/men/16.jpg"},"nat":"NZ"}],"info":{"seed":"684e4215627bf33e","results":1,"page":1,"version":"1.4"}} 
 </msg>
<msg time="2024-07-16T09:17:19.091780" level="INFO">/opt/hostedtoolcache/Python/3.12.4/x64/lib/python3.12/site-packages/urllib3/connectionpool.py:1099: InsecureRequestWarning: Unverified HTTPS request is being made to host 'randomuser.me'. Adding certificate verification is strongly advised. See: https://urllib3.readthedocs.io/en/latest/advanced-usage.html#tls-warnings
  warnings.warn(</msg>
<msg time="2024-07-16T09:17:19.091916" level="INFO">${response} = &lt;Response [200]&gt;</msg>
<var>${response}</var>
<arg>consultarAPI</arg>
<arg>/api</arg>
<doc>Sends a GET request on a previously created HTTP Session.</doc>
<status status="PASS" start="2024-07-16T09:17:18.984884" elapsed="0.107076"/>
</kw>
<kw name="Set Variable" owner="BuiltIn">
<msg time="2024-07-16T09:17:19.093329" level="INFO">${json_data} = {'results': [{'gender': 'male', 'name': {'title': 'Mr', 'first': 'Asher', 'last': 'Hall'}, 'location': {'street': {'number': 1292, 'name': 'Tweed Street'}, 'city': 'Invercargill', 'state': 'Nelson', '...</msg>
<var>${json_data}</var>
<arg>${response.json()}</arg>
<doc>Returns the given values which can then be assigned to a variables.</doc>
<status status="PASS" start="2024-07-16T09:17:19.092659" elapsed="0.000700"/>
</kw>
<kw name="Log" owner="BuiltIn">
<msg time="2024-07-16T09:17:19.093885" level="INFO">{'results': [{'gender': 'male', 'name': {'title': 'Mr', 'first': 'Asher', 'last': 'Hall'}, 'location': {'street': {'number': 1292, 'name': 'Tweed Street'}, 'city': 'Invercargill', 'state': 'Nelson', 'country': 'New Zealand', 'postcode': 82488, 'coordinates': {'latitude': '53.0808', 'longitude': '-75.8191'}, 'timezone': {'offset': '+2:00', 'description': 'Kaliningrad, South Africa'}}, 'email': 'asher.hall@example.com', 'login': {'uuid': '1382e57c-0353-472f-91eb-45c258a41eef', 'username': 'tinypanda339', 'password': 'alberto', 'salt': 'bnvoDi82', 'md5': '846dfe03a4eed300d4d342e1d85ce5b4', 'sha1': 'cb687bb32546dfcad092e8b4ea1c05224f04b4b3', 'sha256': '2d8b73f6c32f130ecf68c880ce9ec0fae6dec11a95ad77dc5a6f4d36a444a8af'}, 'dob': {'date': '1964-12-31T16:59:15.943Z', 'age': 59}, 'registered': {'date': '2017-05-21T08:37:12.150Z', 'age': 7}, 'phone': '(356)-209-8952', 'cell': '(619)-803-6972', 'id': {'name': '', 'value': None}, 'picture': {'large': 'https://randomuser.me/api/portraits/men/16.jpg', 'medium': 'https://randomuser.me/api/portraits/med/men/16.jpg', 'thumbnail': 'https://randomuser.me/api/portraits/thumb/men/16.jpg'}, 'nat': 'NZ'}], 'info': {'seed': '684e4215627bf33e', 'results': 1, 'page': 1, 'version': '1.4'}}</msg>
<arg>${json_data}</arg>
<doc>Logs the given message with the given level.</doc>
<status status="PASS" start="2024-07-16T09:17:19.093713" elapsed="0.000223"/>
</kw>
<kw name="Dictionary Should Contain Key" owner="Collections">
<arg>${json_data}</arg>
<arg>results</arg>
<doc>Fails if ``key`` is not found from ``dictionary``.</doc>
<status status="PASS" start="2024-07-16T09:17:19.094277" elapsed="0.000169"/>
</kw>
<kw name="Should Not Be Empty" owner="BuiltIn">
<msg time="2024-07-16T09:17:19.094771" level="INFO">Length is 2.</msg>
<arg>${json_data}</arg>
<doc>Verifies that the given item is not empty.</doc>
<status status="PASS" start="2024-07-16T09:17:19.094637" elapsed="0.000179"/>
</kw>
<kw name="Create List" owner="BuiltIn">
<msg time="2024-07-16T09:17:19.095439" level="INFO">${expected_keys} = ['gender', 'name', 'location', 'email', 'login']</msg>
<var>${expected_keys}</var>
<arg>gender</arg>
<arg>name</arg>
<arg>location</arg>
<arg>email</arg>
<arg>login</arg>
<doc>Returns a list containing given items.</doc>
<status status="PASS" start="2024-07-16T09:17:19.095115" elapsed="0.000350"/>
</kw>
<for flavor="IN">
<iter>
<kw name="Dictionary Should Contain Key" owner="Collections">
<arg>${json_data['results'][0]}</arg>
<arg>${key}</arg>
<doc>Fails if ``key`` is not found from ``dictionary``.</doc>
<status status="PASS" start="2024-07-16T09:17:19.096076" elapsed="0.000418"/>
</kw>
<kw name="Log" owner="BuiltIn">
<msg time="2024-07-16T09:17:19.097039" level="INFO">{'gender': 'male', 'name': {'title': 'Mr', 'first': 'Asher', 'last': 'Hall'}, 'location': {'street': {'number': 1292, 'name': 'Tweed Street'}, 'city': 'Invercargill', 'state': 'Nelson', 'country': 'New Zealand', 'postcode': 82488, 'coordinates': {'latitude': '53.0808', 'longitude': '-75.8191'}, 'timezone': {'offset': '+2:00', 'description': 'Kaliningrad, South Africa'}}, 'email': 'asher.hall@example.com', 'login': {'uuid': '1382e57c-0353-472f-91eb-45c258a41eef', 'username': 'tinypanda339', 'password': 'alberto', 'salt': 'bnvoDi82', 'md5': '846dfe03a4eed300d4d342e1d85ce5b4', 'sha1': 'cb687bb32546dfcad092e8b4ea1c05224f04b4b3', 'sha256': '2d8b73f6c32f130ecf68c880ce9ec0fae6dec11a95ad77dc5a6f4d36a444a8af'}, 'dob': {'date': '1964-12-31T16:59:15.943Z', 'age': 59}, 'registered': {'date': '2017-05-21T08:37:12.150Z', 'age': 7}, 'phone': '(356)-209-8952', 'cell': '(619)-803-6972', 'id': {'name': '', 'value': None}, 'picture': {'large': 'https://randomuser.me/api/portraits/men/16.jpg', 'medium': 'https://randomuser.me/api/portraits/med/men/16.jpg', 'thumbnail': 'https://randomuser.me/api/portraits/thumb/men/16.jpg'}, 'nat': 'NZ'}</msg>
<arg>${json_data['results'][0]}</arg>
<doc>Logs the given message with the given level.</doc>
<status status="PASS" start="2024-07-16T09:17:19.096684" elapsed="0.000406"/>
</kw>
<kw name="Log" owner="BuiltIn">
<msg time="2024-07-16T09:17:19.097531" level="INFO">gender</msg>
<arg>${key}</arg>
<doc>Logs the given message with the given level.</doc>
<status status="PASS" start="2024-07-16T09:17:19.097397" elapsed="0.000174"/>
</kw>
<var name="${key}">gender</var>
<status status="PASS" start="2024-07-16T09:17:19.095945" elapsed="0.001847"/>
</iter>
<iter>
<kw name="Dictionary Should Contain Key" owner="Collections">
<arg>${json_data['results'][0]}</arg>
<arg>${key}</arg>
<doc>Fails if ``key`` is not found from ``dictionary``.</doc>
<status status="PASS" start="2024-07-16T09:17:19.098095" elapsed="0.000432"/>
</kw>
<kw name="Log" owner="BuiltIn">
<msg time="2024-07-16T09:17:19.099065" level="INFO">{'gender': 'male', 'name': {'title': 'Mr', 'first': 'Asher', 'last': 'Hall'}, 'location': {'street': {'number': 1292, 'name': 'Tweed Street'}, 'city': 'Invercargill', 'state': 'Nelson', 'country': 'New Zealand', 'postcode': 82488, 'coordinates': {'latitude': '53.0808', 'longitude': '-75.8191'}, 'timezone': {'offset': '+2:00', 'description': 'Kaliningrad, South Africa'}}, 'email': 'asher.hall@example.com', 'login': {'uuid': '1382e57c-0353-472f-91eb-45c258a41eef', 'username': 'tinypanda339', 'password': 'alberto', 'salt': 'bnvoDi82', 'md5': '846dfe03a4eed300d4d342e1d85ce5b4', 'sha1': 'cb687bb32546dfcad092e8b4ea1c05224f04b4b3', 'sha256': '2d8b73f6c32f130ecf68c880ce9ec0fae6dec11a95ad77dc5a6f4d36a444a8af'}, 'dob': {'date': '1964-12-31T16:59:15.943Z', 'age': 59}, 'registered': {'date': '2017-05-21T08:37:12.150Z', 'age': 7}, 'phone': '(356)-209-8952', 'cell': '(619)-803-6972', 'id': {'name': '', 'value': None}, 'picture': {'large': 'https://randomuser.me/api/portraits/men/16.jpg', 'medium': 'https://randomuser.me/api/portraits/med/men/16.jpg', 'thumbnail': 'https://randomuser.me/api/portraits/thumb/men/16.jpg'}, 'nat': 'NZ'}</msg>
<arg>${json_data['results'][0]}</arg>
<doc>Logs the given message with the given level.</doc>
<status status="PASS" start="2024-07-16T09:17:19.098716" elapsed="0.000431"/>
</kw>
<kw name="Log" owner="BuiltIn">
<msg time="2024-07-16T09:17:19.099580" level="INFO">name</msg>
<arg>${key}</arg>
<doc>Logs the given message with the given level.</doc>
<status status="PASS" start="2024-07-16T09:17:19.099451" elapsed="0.000168"/>
</kw>
<var name="${key}">name</var>
<status status="PASS" start="2024-07-16T09:17:19.097981" elapsed="0.001856"/>
</iter>
<iter>
<kw name="Dictionary Should Contain Key" owner="Collections">
<arg>${json_data['results'][0]}</arg>
<arg>${key}</arg>
<doc>Fails if ``key`` is not found from ``dictionary``.</doc>
<status status="PASS" start="2024-07-16T09:17:19.100127" elapsed="0.000382"/>
</kw>
<kw name="Log" owner="BuiltIn">
<msg time="2024-07-16T09:17:19.101039" level="INFO">{'gender': 'male', 'name': {'title': 'Mr', 'first': 'Asher', 'last': 'Hall'}, 'location': {'street': {'number': 1292, 'name': 'Tweed Street'}, 'city': 'Invercargill', 'state': 'Nelson', 'country': 'New Zealand', 'postcode': 82488, 'coordinates': {'latitude': '53.0808', 'longitude': '-75.8191'}, 'timezone': {'offset': '+2:00', 'description': 'Kaliningrad, South Africa'}}, 'email': 'asher.hall@example.com', 'login': {'uuid': '1382e57c-0353-472f-91eb-45c258a41eef', 'username': 'tinypanda339', 'password': 'alberto', 'salt': 'bnvoDi82', 'md5': '846dfe03a4eed300d4d342e1d85ce5b4', 'sha1': 'cb687bb32546dfcad092e8b4ea1c05224f04b4b3', 'sha256': '2d8b73f6c32f130ecf68c880ce9ec0fae6dec11a95ad77dc5a6f4d36a444a8af'}, 'dob': {'date': '1964-12-31T16:59:15.943Z', 'age': 59}, 'registered': {'date': '2017-05-21T08:37:12.150Z', 'age': 7}, 'phone': '(356)-209-8952', 'cell': '(619)-803-6972', 'id': {'name': '', 'value': None}, 'picture': {'large': 'https://randomuser.me/api/portraits/men/16.jpg', 'medium': 'https://randomuser.me/api/portraits/med/men/16.jpg', 'thumbnail': 'https://randomuser.me/api/portraits/thumb/men/16.jpg'}, 'nat': 'NZ'}</msg>
<arg>${json_data['results'][0]}</arg>
<doc>Logs the given message with the given level.</doc>
<status status="PASS" start="2024-07-16T09:17:19.100693" elapsed="0.000395"/>
</kw>
<kw name="Log" owner="BuiltIn">
<msg time="2024-07-16T09:17:19.101519" level="INFO">location</msg>
<arg>${key}</arg>
<doc>Logs the given message with the given level.</doc>
<status status="PASS" start="2024-07-16T09:17:19.101389" elapsed="0.000168"/>
</kw>
<var name="${key}">location</var>
<status status="PASS" start="2024-07-16T09:17:19.100017" elapsed="0.001756"/>
</iter>
<iter>
<kw name="Dictionary Should Contain Key" owner="Collections">
<arg>${json_data['results'][0]}</arg>
<arg>${key}</arg>
<doc>Fails if ``key`` is not found from ``dictionary``.</doc>
<status status="PASS" start="2024-07-16T09:17:19.102061" elapsed="0.000411"/>
</kw>
<kw name="Log" owner="BuiltIn">
<msg time="2024-07-16T09:17:19.103016" level="INFO">{'gender': 'male', 'name': {'title': 'Mr', 'first': 'Asher', 'last': 'Hall'}, 'location': {'street': {'number': 1292, 'name': 'Tweed Street'}, 'city': 'Invercargill', 'state': 'Nelson', 'country': 'New Zealand', 'postcode': 82488, 'coordinates': {'latitude': '53.0808', 'longitude': '-75.8191'}, 'timezone': {'offset': '+2:00', 'description': 'Kaliningrad, South Africa'}}, 'email': 'asher.hall@example.com', 'login': {'uuid': '1382e57c-0353-472f-91eb-45c258a41eef', 'username': 'tinypanda339', 'password': 'alberto', 'salt': 'bnvoDi82', 'md5': '846dfe03a4eed300d4d342e1d85ce5b4', 'sha1': 'cb687bb32546dfcad092e8b4ea1c05224f04b4b3', 'sha256': '2d8b73f6c32f130ecf68c880ce9ec0fae6dec11a95ad77dc5a6f4d36a444a8af'}, 'dob': {'date': '1964-12-31T16:59:15.943Z', 'age': 59}, 'registered': {'date': '2017-05-21T08:37:12.150Z', 'age': 7}, 'phone': '(356)-209-8952', 'cell': '(619)-803-6972', 'id': {'name': '', 'value': None}, 'picture': {'large': 'https://randomuser.me/api/portraits/men/16.jpg', 'medium': 'https://randomuser.me/api/portraits/med/men/16.jpg', 'thumbnail': 'https://randomuser.me/api/portraits/thumb/men/16.jpg'}, 'nat': 'NZ'}</msg>
<arg>${json_data['results'][0]}</arg>
<doc>Logs the given message with the given level.</doc>
<status status="PASS" start="2024-07-16T09:17:19.102663" elapsed="0.000403"/>
</kw>
<kw name="Log" owner="BuiltIn">
<msg time="2024-07-16T09:17:19.103512" level="INFO">email</msg>
<arg>${key}</arg>
<doc>Logs the given message with the given level.</doc>
<status status="PASS" start="2024-07-16T09:17:19.103377" elapsed="0.000175"/>
</kw>
<var name="${key}">email</var>
<status status="PASS" start="2024-07-16T09:17:19.101945" elapsed="0.001828"/>
</iter>
<iter>
<kw name="Dictionary Should Contain Key" owner="Collections">
<arg>${json_data['results'][0]}</arg>
<arg>${key}</arg>
<doc>Fails if ``key`` is not found from ``dictionary``.</doc>
<status status="PASS" start="2024-07-16T09:17:19.104063" elapsed="0.000383"/>
</kw>
<kw name="Log" owner="BuiltIn">
<msg time="2024-07-16T09:17:19.104988" level="INFO">{'gender': 'male', 'name': {'title': 'Mr', 'first': 'Asher', 'last': 'Hall'}, 'location': {'street': {'number': 1292, 'name': 'Tweed Street'}, 'city': 'Invercargill', 'state': 'Nelson', 'country': 'New Zealand', 'postcode': 82488, 'coordinates': {'latitude': '53.0808', 'longitude': '-75.8191'}, 'timezone': {'offset': '+2:00', 'description': 'Kaliningrad, South Africa'}}, 'email': 'asher.hall@example.com', 'login': {'uuid': '1382e57c-0353-472f-91eb-45c258a41eef', 'username': 'tinypanda339', 'password': 'alberto', 'salt': 'bnvoDi82', 'md5': '846dfe03a4eed300d4d342e1d85ce5b4', 'sha1': 'cb687bb32546dfcad092e8b4ea1c05224f04b4b3', 'sha256': '2d8b73f6c32f130ecf68c880ce9ec0fae6dec11a95ad77dc5a6f4d36a444a8af'}, 'dob': {'date': '1964-12-31T16:59:15.943Z', 'age': 59}, 'registered': {'date': '2017-05-21T08:37:12.150Z', 'age': 7}, 'phone': '(356)-209-8952', 'cell': '(619)-803-6972', 'id': {'name': '', 'value': None}, 'picture': {'large': 'https://randomuser.me/api/portraits/men/16.jpg', 'medium': 'https://randomuser.me/api/portraits/med/men/16.jpg', 'thumbnail': 'https://randomuser.me/api/portraits/thumb/men/16.jpg'}, 'nat': 'NZ'}</msg>
<arg>${json_data['results'][0]}</arg>
<doc>Logs the given message with the given level.</doc>
<status status="PASS" start="2024-07-16T09:17:19.104631" elapsed="0.000407"/>
</kw>
<kw name="Log" owner="BuiltIn">
<msg time="2024-07-16T09:17:19.105463" level="INFO">login</msg>
<arg>${key}</arg>
<doc>Logs the given message with the given level.</doc>
<status status="PASS" start="2024-07-16T09:17:19.105334" elapsed="0.000167"/>
</kw>
<var name="${key}">login</var>
<status status="PASS" start="2024-07-16T09:17:19.103949" elapsed="0.001771"/>
</iter>
<var>${key}</var>
<value>@{expected_keys}</value>
<status status="PASS" start="2024-07-16T09:17:19.095743" elapsed="0.010099"/>
</for>
<kw name="Create List" owner="BuiltIn">
<msg time="2024-07-16T09:17:19.106205" level="INFO">${expected_keysTwo} = ['username', 'password']</msg>
<var>${expected_keysTwo}</var>
<arg>username</arg>
<arg>password</arg>
<doc>Returns a list containing given items.</doc>
<status status="PASS" start="2024-07-16T09:17:19.106041" elapsed="0.000190"/>
</kw>
<for flavor="IN">
<iter>
<kw name="Dictionary Should Contain Key" owner="Collections">
<arg>${json_data['results'][0]['login']}</arg>
<arg>${keyTwo}</arg>
<doc>Fails if ``key`` is not found from ``dictionary``.</doc>
<status status="PASS" start="2024-07-16T09:17:19.106767" elapsed="0.000389"/>
</kw>
<kw name="Dictionary Should Contain Key" owner="Collections">
<arg>${json_data['results'][0]['login']}</arg>
<arg>${keyTwo}</arg>
<doc>Fails if ``key`` is not found from ``dictionary``.</doc>
<status status="PASS" start="2024-07-16T09:17:19.107341" elapsed="0.000372"/>
</kw>
<kw name="Log" owner="BuiltIn">
<msg time="2024-07-16T09:17:19.108019" level="INFO">username</msg>
<arg>${keyTwo}</arg>
<doc>Logs the given message with the given level.</doc>
<status status="PASS" start="2024-07-16T09:17:19.107897" elapsed="0.000161"/>
</kw>
<var name="${keyTwo}">username</var>
<status status="PASS" start="2024-07-16T09:17:19.106658" elapsed="0.001621"/>
</iter>
<iter>
<kw name="Dictionary Should Contain Key" owner="Collections">
<arg>${json_data['results'][0]['login']}</arg>
<arg>${keyTwo}</arg>
<doc>Fails if ``key`` is not found from ``dictionary``.</doc>
<status status="PASS" start="2024-07-16T09:17:19.108570" elapsed="0.000391"/>
</kw>
<kw name="Dictionary Should Contain Key" owner="Collections">
<arg>${json_data['results'][0]['login']}</arg>
<arg>${keyTwo}</arg>
<doc>Fails if ``key`` is not found from ``dictionary``.</doc>
<status status="PASS" start="2024-07-16T09:17:19.109140" elapsed="0.000366"/>
</kw>
<kw name="Log" owner="BuiltIn">
<msg time="2024-07-16T09:17:19.109800" level="INFO">password</msg>
<arg>${keyTwo}</arg>
<doc>Logs the given message with the given level.</doc>
<status status="PASS" start="2024-07-16T09:17:19.109680" elapsed="0.000163"/>
</kw>
<var name="${keyTwo}">password</var>
<status status="PASS" start="2024-07-16T09:17:19.108463" elapsed="0.001723"/>
</iter>
<var>${keyTwo}</var>
<value>@{expected_keysTwo}</value>
<status status="PASS" start="2024-07-16T09:17:19.106501" elapsed="0.003810"/>
</for>
<status status="PASS" start="2024-07-16T09:17:18.984648" elapsed="0.125809"/>
</kw>
<doc>Testa a estrutura da resposta da API.</doc>
<tag>testeEstruturaResposta</tag>
<status status="PASS" start="2024-07-16T09:17:18.984040" elapsed="0.126578"/>
</test>
<test id="s1-s1-t4" name="Validar tipos de dados" line="28">
<kw name="Teste de Tipos de Dados" owner="random-user-service">
<kw name="GET On Session" owner="RequestsLibrary">
<msg time="2024-07-16T09:17:19.195612" level="INFO">GET Request : url=https://randomuser.me/api 
 path_url=/api 
 headers={'User-Agent': 'python-requests/2.32.3', 'Accept-Encoding': 'gzip, deflate', 'Accept': '*/*', 'Connection': 'keep-alive'} 
 body=None 
 </msg>
<msg time="2024-07-16T09:17:19.195685" level="INFO">GET Response : url=https://randomuser.me/api 
 status=200, reason=OK 
 headers={'Date': 'Tue, 16 Jul 2024 09:17:19 GMT', 'Content-Type': 'application/json; charset=utf-8', 'Transfer-Encoding': 'chunked', 'Connection': 'keep-alive', 'X-Powered-By': 'Express', 'Access-Control-Allow-Origin': '*', 'Cache-Control': 'no-cache', 'ETag': 'W/"49a-MzcYq9rfk1TE7/BHpdw0N70xI2Y"', 'Vary': 'Accept-Encoding', 'Content-Encoding': 'gzip', 'CF-Cache-Status': 'DYNAMIC', 'Report-To': '{"endpoints":[{"url":"https:\\/\\/a.nel.cloudflare.com\\/report\\/v4?s=ebiKHByt4sTI3jThoHGr0av8swp3CT08GUrpkv1hzC842mPoQLxFs2vtQ%2FSNI4%2Bs1aFz5Y5t7mx3Bg%2Bidu8hHeACsa3yz3LI8IB%2FBeovpo1uroPxAG3MXBlUpgArKzZr"}],"group":"cf-nel","max_age":604800}', 'NEL': '{"success_fraction":0,"report_to":"cf-nel","max_age":604800}', 'Server': 'cloudflare', 'CF-RAY': '8a40e6027aab3891-IAD', 'alt-svc': 'h3=":443"; ma=86400'} 
 body={"results":[{"gender":"male","name":{"title":"Mr","first":"Arron","last":"Cook"},"location":{"street":{"number":1250,"name":"Sunset St"},"city":"Busselton","state":"Northern Territory","country":"Australia","postcode":8768,"coordinates":{"latitude":"-87.7881","longitude":"-165.0599"},"timezone":{"offset":"+5:00","description":"Ekaterinburg, Islamabad, Karachi, Tashkent"}},"email":"arron.cook@example.com","login":{"uuid":"12a1c346-b413-4a49-b417-48aeecee416f","username":"beautifulladybug326","password":"cooper","salt":"SsfpMqK8","md5":"9035a075e84d318c84726844a9ed1c74","sha1":"776cb938cbaa95e2db25f53851d8e2c56f59b5be","sha256":"b1594af8936e8c4f0f7d58defc9cdd44ccd9bbcf531ded06d0f5f3ce40f3fad8"},"dob":{"date":"1976-05-12T02:01:16.986Z","age":48},"registered":{"date":"2015-12-04T17:04:43.956Z","age":8},"phone":"09-7892-1493","cell":"0477-629-696","id":{"name":"TFN","value":"709204205"},"picture":{"large":"https://randomuser.me/api/portraits/men/92.jpg","medium":"https://randomuser.me/api/portraits/med/men/92.jpg","thumbnail":"https://randomuser.me/api/portraits/thumb/men/92.jpg"},"nat":"AU"}],"info":{"seed":"6b0067bb6f80db95","results":1,"page":1,"version":"1.4"}} 
 </msg>
<msg time="2024-07-16T09:17:19.195747" level="INFO">/opt/hostedtoolcache/Python/3.12.4/x64/lib/python3.12/site-packages/urllib3/connectionpool.py:1099: InsecureRequestWarning: Unverified HTTPS request is being made to host 'randomuser.me'. Adding certificate verification is strongly advised. See: https://urllib3.readthedocs.io/en/latest/advanced-usage.html#tls-warnings
  warnings.warn(</msg>
<msg time="2024-07-16T09:17:19.195846" level="INFO">${response} = &lt;Response [200]&gt;</msg>
<var>${response}</var>
<arg>consultarAPI</arg>
<arg>/api</arg>
<doc>Sends a GET request on a previously created HTTP Session.</doc>
<status status="PASS" start="2024-07-16T09:17:19.113170" elapsed="0.082719"/>
</kw>
<kw name="Set Variable" owner="BuiltIn">
<msg time="2024-07-16T09:17:19.197074" level="INFO">${json_data} = {'results': [{'gender': 'male', 'name': {'title': 'Mr', 'first': 'Arron', 'last': 'Cook'}, 'location': {'street': {'number': 1250, 'name': 'Sunset St'}, 'city': 'Busselton', 'state': 'Northern Territo...</msg>
<var>${json_data}</var>
<arg>${response.json()}</arg>
<doc>Returns the given values which can then be assigned to a variables.</doc>
<status status="PASS" start="2024-07-16T09:17:19.196378" elapsed="0.000738"/>
</kw>
<kw name="Log" owner="BuiltIn">
<msg time="2024-07-16T09:17:19.197795" level="INFO">{'results': [{'gender': 'male', 'name': {'title': 'Mr', 'first': 'Arron', 'last': 'Cook'}, 'location': {'street': {'number': 1250, 'name': 'Sunset St'}, 'city': 'Busselton', 'state': 'Northern Territory', 'country': 'Australia', 'postcode': 8768, 'coordinates': {'latitude': '-87.7881', 'longitude': '-165.0599'}, 'timezone': {'offset': '+5:00', 'description': 'Ekaterinburg, Islamabad, Karachi, Tashkent'}}, 'email': 'arron.cook@example.com', 'login': {'uuid': '12a1c346-b413-4a49-b417-48aeecee416f', 'username': 'beautifulladybug326', 'password': 'cooper', 'salt': 'SsfpMqK8', 'md5': '9035a075e84d318c84726844a9ed1c74', 'sha1': '776cb938cbaa95e2db25f53851d8e2c56f59b5be', 'sha256': 'b1594af8936e8c4f0f7d58defc9cdd44ccd9bbcf531ded06d0f5f3ce40f3fad8'}, 'dob': {'date': '1976-05-12T02:01:16.986Z', 'age': 48}, 'registered': {'date': '2015-12-04T17:04:43.956Z', 'age': 8}, 'phone': '09-7892-1493', 'cell': '0477-629-696', 'id': {'name': 'TFN', 'value': '709204205'}, 'picture': {'large': 'https://randomuser.me/api/portraits/men/92.jpg', 'medium': 'https://randomuser.me/api/portraits/med/men/92.jpg', 'thumbnail': 'https://randomuser.me/api/portraits/thumb/men/92.jpg'}, 'nat': 'AU'}], 'info': {'seed': '6b0067bb6f80db95', 'results': 1, 'page': 1, 'version': '1.4'}}</msg>
<arg>${json_data}</arg>
<doc>Logs the given message with the given level.</doc>
<status status="PASS" start="2024-07-16T09:17:19.197568" elapsed="0.000309"/>
</kw>
<kw name="Should Be String" owner="String">
<arg>${json_data['results'][0]['gender']}</arg>
<doc>Fails if the given ``item`` is not a string.</doc>
<status status="PASS" start="2024-07-16T09:17:19.198295" elapsed="0.000376"/>
</kw>
<kw name="Should Match Regexp" owner="BuiltIn">
<arg>${json_data['results'][0]['email']}</arg>
<arg>^[a-zA-Z0-9._%+-]+@[a-zA-Z0-9.-]+\.[a-zA-Z]{2,}$</arg>
<doc>Fails if ``string`` does not match ``pattern`` as a regular expression.</doc>
<status status="PASS" start="2024-07-16T09:17:19.198878" elapsed="0.000523"/>
</kw>
<kw name="Should Match Regexp" owner="BuiltIn">
<arg>${json_data['results'][0]['dob']['date']}</arg>
<arg>\\d{4}-\\d{2}-\\d{2}T\\d{2}:\\d{2}:\\d{2}\\.\\d{3}Z</arg>
<doc>Fails if ``string`` does not match ``pattern`` as a regular expression.</doc>
<status status="PASS" start="2024-07-16T09:17:19.199635" elapsed="0.000518"/>
</kw>
<kw name="Should Match Regexp" owner="BuiltIn">
<arg>${json_data['results'][0]['registered']['date']}</arg>
<arg>\\d{4}-\\d{2}-\\d{2}T\\d{2}:\\d{2}:\\d{2}\\.\\d{3}Z</arg>
<doc>Fails if ``string`` does not match ``pattern`` as a regular expression.</doc>
<status status="PASS" start="2024-07-16T09:17:19.200349" elapsed="0.000370"/>
</kw>
<kw name="Should Match Regexp" owner="BuiltIn">
<arg>${json_data['results'][0]['picture']['large']}</arg>
<arg>^https?://.*\.(?:png|jpe?g|gif|bmp)$</arg>
<doc>Fails if ``string`` does not match ``pattern`` as a regular expression.</doc>
<status status="PASS" start="2024-07-16T09:17:19.200908" elapsed="0.000464"/>
</kw>
<kw name="Should Match Regexp" owner="BuiltIn">
<arg>${json_data['results'][0]['picture']['medium']}</arg>
<arg>^https?://.*\.(?:png|jpe?g|gif|bmp)$</arg>
<doc>Fails if ``string`` does not match ``pattern`` as a regular expression.</doc>
<status status="PASS" start="2024-07-16T09:17:19.201560" elapsed="0.000352"/>
</kw>
<kw name="Should Match Regexp" owner="BuiltIn">
<arg>${json_data['results'][0]['picture']['thumbnail']}</arg>
<arg>^https?://.*\.(?:png|jpe?g|gif|bmp)$</arg>
<doc>Fails if ``string`` does not match ``pattern`` as a regular expression.</doc>
<status status="PASS" start="2024-07-16T09:17:19.202098" elapsed="0.000392"/>
</kw>
<kw name="Log" owner="BuiltIn">
<msg time="2024-07-16T09:17:19.203017" level="INFO">{'large': 'https://randomuser.me/api/portraits/men/92.jpg', 'medium': 'https://randomuser.me/api/portraits/med/men/92.jpg', 'thumbnail': 'https://randomuser.me/api/portraits/thumb/men/92.jpg'}</msg>
<arg>${json_data['results'][0]['picture']}</arg>
<doc>Logs the given message with the given level.</doc>
<status status="PASS" start="2024-07-16T09:17:19.202678" elapsed="0.000382"/>
</kw>
<status status="PASS" start="2024-07-16T09:17:19.112942" elapsed="0.090374"/>
</kw>
<kw name="Teste de Tipos de Dados - Postcode" owner="random-user-service">
<kw name="GET On Session" owner="RequestsLibrary">
<msg time="2024-07-16T09:17:19.273158" level="INFO">GET Request : url=https://randomuser.me/api 
 path_url=/api 
 headers={'User-Agent': 'python-requests/2.32.3', 'Accept-Encoding': 'gzip, deflate', 'Accept': '*/*', 'Connection': 'keep-alive'} 
 body=None 
 </msg>
<msg time="2024-07-16T09:17:19.273246" level="INFO">GET Response : url=https://randomuser.me/api 
 status=200, reason=OK 
 headers={'Date': 'Tue, 16 Jul 2024 09:17:19 GMT', 'Content-Type': 'application/json; charset=utf-8', 'Transfer-Encoding': 'chunked', 'Connection': 'keep-alive', 'X-Powered-By': 'Express', 'Access-Control-Allow-Origin': '*', 'Cache-Control': 'no-cache', 'ETag': 'W/"4a2-1ejlPwq4GuSnpRbLw+Hjny15T6g"', 'Vary': 'Accept-Encoding', 'Content-Encoding': 'gzip', 'CF-Cache-Status': 'DYNAMIC', 'Report-To': '{"endpoints":[{"url":"https:\\/\\/a.nel.cloudflare.com\\/report\\/v4?s=HbGscBxNeJXNeJDo0ebwZVpcOPCGD1dguKRIC5QoCzgsGuCNUs4wnTOnlSmdLla8AvZkGcrNTNUfGK1HIuiwBddXytjSosWa6uYHlf%2BJ44T5T9Hk%2FaCw5aGB9fxUNUY2"}],"group":"cf-nel","max_age":604800}', 'NEL': '{"success_fraction":0,"report_to":"cf-nel","max_age":604800}', 'Server': 'cloudflare', 'CF-RAY': '8a40e6030b403891-IAD', 'alt-svc': 'h3=":443"; ma=86400'} 
 body={"results":[{"gender":"female","name":{"title":"Ms","first":"Aino","last":"Ranta"},"location":{"street":{"number":7973,"name":"Rotuaari"},"city":"Polvijärvi","state":"Southern Ostrobothnia","country":"Finland","postcode":30411,"coordinates":{"latitude":"-25.8073","longitude":"79.6223"},"timezone":{"offset":"+1:00","description":"Brussels, Copenhagen, Madrid, Paris"}},"email":"aino.ranta@example.com","login":{"uuid":"0cf7cbac-3b1f-473b-a713-1e38d461b373","username":"bluebutterfly917","password":"aileen","salt":"Sf8BnU3C","md5":"9cd34fa668a03ed647ac81f720930369","sha1":"e45b43036f1c97ceb30587844eb9ecd7a89191a8","sha256":"517d41b00f242496b1902e5fbda20f9298ad8601e0524980dec94ba0f26f6528"},"dob":{"date":"1955-08-04T04:55:40.781Z","age":68},"registered":{"date":"2013-03-26T00:21:29.350Z","age":11},"phone":"04-307-242","cell":"047-068-47-51","id":{"name":"HETU","value":"NaNNA678undefined"},"picture":{"large":"https://randomuser.me/api/portraits/women/80.jpg","medium":"https://randomuser.me/api/portraits/med/women/80.jpg","thumbnail":"https://randomuser.me/api/portraits/thumb/women/80.jpg"},"nat":"FI"}],"info":{"seed":"612de2b67f2640d0","results":1,"page":1,"version":"1.4"}} 
 </msg>
<msg time="2024-07-16T09:17:19.273326" level="INFO">/opt/hostedtoolcache/Python/3.12.4/x64/lib/python3.12/site-packages/urllib3/connectionpool.py:1099: InsecureRequestWarning: Unverified HTTPS request is being made to host 'randomuser.me'. Adding certificate verification is strongly advised. See: https://urllib3.readthedocs.io/en/latest/advanced-usage.html#tls-warnings
  warnings.warn(</msg>
<msg time="2024-07-16T09:17:19.273458" level="INFO">${response} = &lt;Response [200]&gt;</msg>
<var>${response}</var>
<arg>consultarAPI</arg>
<arg>/api</arg>
<doc>Sends a GET request on a previously created HTTP Session.</doc>
<status status="PASS" start="2024-07-16T09:17:19.203763" elapsed="0.069749"/>
</kw>
<kw name="Set Variable" owner="BuiltIn">
<msg time="2024-07-16T09:17:19.274896" level="INFO">${json_data} = {'results': [{'gender': 'female', 'name': {'title': 'Ms', 'first': 'Aino', 'last': 'Ranta'}, 'location': {'street': {'number': 7973, 'name': 'Rotuaari'}, 'city': 'Polvijärvi', 'state': 'Southern Ostro...</msg>
<var>${json_data}</var>
<arg>${response.json()}</arg>
<doc>Returns the given values which can then be assigned to a variables.</doc>
<status status="PASS" start="2024-07-16T09:17:19.274102" elapsed="0.000826"/>
</kw>
<kw name="Log" owner="BuiltIn">
<msg time="2024-07-16T09:17:19.275415" level="INFO">{'results': [{'gender': 'female', 'name': {'title': 'Ms', 'first': 'Aino', 'last': 'Ranta'}, 'location': {'street': {'number': 7973, 'name': 'Rotuaari'}, 'city': 'Polvijärvi', 'state': 'Southern Ostrobothnia', 'country': 'Finland', 'postcode': 30411, 'coordinates': {'latitude': '-25.8073', 'longitude': '79.6223'}, 'timezone': {'offset': '+1:00', 'description': 'Brussels, Copenhagen, Madrid, Paris'}}, 'email': 'aino.ranta@example.com', 'login': {'uuid': '0cf7cbac-3b1f-473b-a713-1e38d461b373', 'username': 'bluebutterfly917', 'password': 'aileen', 'salt': 'Sf8BnU3C', 'md5': '9cd34fa668a03ed647ac81f720930369', 'sha1': 'e45b43036f1c97ceb30587844eb9ecd7a89191a8', 'sha256': '517d41b00f242496b1902e5fbda20f9298ad8601e0524980dec94ba0f26f6528'}, 'dob': {'date': '1955-08-04T04:55:40.781Z', 'age': 68}, 'registered': {'date': '2013-03-26T00:21:29.350Z', 'age': 11}, 'phone': '04-307-242', 'cell': '047-068-47-51', 'id': {'name': 'HETU', 'value': 'NaNNA678undefined'}, 'picture': {'large': 'https://randomuser.me/api/portraits/women/80.jpg', 'medium': 'https://randomuser.me/api/portraits/med/women/80.jpg', 'thumbnail': 'https://randomuser.me/api/portraits/thumb/women/80.jpg'}, 'nat': 'FI'}], 'info': {'seed': '612de2b67f2640d0', 'results': 1, 'page': 1, 'version': '1.4'}}</msg>
<arg>${json_data}</arg>
<doc>Logs the given message with the given level.</doc>
<status status="PASS" start="2024-07-16T09:17:19.275252" elapsed="0.000214"/>
</kw>
<kw name="Should Be Equal As Numbers" owner="BuiltIn">
<arg>${json_data['results'][0]['location']['postcode']}</arg>
<arg>${json_data['results'][0]['location']['postcode']}</arg>
<doc>Fails if objects are unequal after converting them to real numbers.</doc>
<status status="PASS" start="2024-07-16T09:17:19.275767" elapsed="0.000637"/>
</kw>
<kw name="Log" owner="BuiltIn">
<msg time="2024-07-16T09:17:19.277081" level="INFO">30411</msg>
<arg>${json_data['results'][0]['location']['postcode']}</arg>
<doc>Logs the given message with the given level.</doc>
<status status="PASS" start="2024-07-16T09:17:19.276597" elapsed="0.000528"/>
</kw>
<status status="PASS" start="2024-07-16T09:17:19.203539" elapsed="0.073871"/>
</kw>
<doc>Testa se os tipos de dados na resposta da API estão corretos.</doc>
<tag>testeTiposDados</tag>
<status status="PASS" start="2024-07-16T09:17:19.112398" elapsed="0.165191"/>
</test>
<test id="s1-s1-t5" name="Validar conteudo" line="35">
<kw name="Teste de Tipos de Conteudo" owner="random-user-service">
<kw name="GET On Session" owner="RequestsLibrary">
<msg time="2024-07-16T09:17:19.374699" level="INFO">GET Request : url=https://randomuser.me/api 
 path_url=/api 
 headers={'User-Agent': 'python-requests/2.32.3', 'Accept-Encoding': 'gzip, deflate', 'Accept': '*/*', 'Connection': 'keep-alive'} 
 body=None 
 </msg>
<msg time="2024-07-16T09:17:19.374791" level="INFO">GET Response : url=https://randomuser.me/api 
 status=200, reason=OK 
 headers={'Date': 'Tue, 16 Jul 2024 09:17:19 GMT', 'Content-Type': 'application/json; charset=utf-8', 'Transfer-Encoding': 'chunked', 'Connection': 'keep-alive', 'X-Powered-By': 'Express', 'Access-Control-Allow-Origin': '*', 'Cache-Control': 'no-cache', 'ETag': 'W/"480-kulqco9FpfM3Q5Kf7bCo5ZaHS8U"', 'Vary': 'Accept-Encoding', 'Content-Encoding': 'gzip', 'CF-Cache-Status': 'DYNAMIC', 'Report-To': '{"endpoints":[{"url":"https:\\/\\/a.nel.cloudflare.com\\/report\\/v4?s=mf8%2FA9dvCDlhuQY2V8XotppxsbP2FAwaqumI%2BODz4MpUjU0bVbIv1JX9L55DvlxdTqG4X2SShOg4v8MSkLoCUXmsVUMkz9KBeQrqNKhrDnXSwlOkFQiY5kwCazWZ6DHp"}],"group":"cf-nel","max_age":604800}', 'NEL': '{"success_fraction":0,"report_to":"cf-nel","max_age":604800}', 'Server': 'cloudflare', 'CF-RAY': '8a40e6038ba43891-IAD', 'alt-svc': 'h3=":443"; ma=86400'} 
 body={"results":[{"gender":"female","name":{"title":"Ms","first":"Avni","last":"Andrade"},"location":{"street":{"number":2619,"name":"Tilak Marg"},"city":"Bhiwandi","state":"Chhattisgarh","country":"India","postcode":85362,"coordinates":{"latitude":"9.9455","longitude":"127.7837"},"timezone":{"offset":"-11:00","description":"Midway Island, Samoa"}},"email":"avni.andrade@example.com","login":{"uuid":"21f04f22-d5f0-4d41-97c2-6ba038629337","username":"biggoose739","password":"rockets","salt":"u9b2qg2E","md5":"8df8201047a6050bf2d5e75a4b843e6b","sha1":"e68d5ab3f96bc4d44519e77d880a91e7c1bfedfe","sha256":"e802ff65116ab24a34f1590c2cb7521c3ff8d0e564ee004318909a0610cef1a1"},"dob":{"date":"1981-06-29T20:07:03.615Z","age":43},"registered":{"date":"2003-04-10T09:53:54.432Z","age":21},"phone":"8415224784","cell":"8238926375","id":{"name":"UIDAI","value":"462735870738"},"picture":{"large":"https://randomuser.me/api/portraits/women/23.jpg","medium":"https://randomuser.me/api/portraits/med/women/23.jpg","thumbnail":"https://randomuser.me/api/portraits/thumb/women/23.jpg"},"nat":"IN"}],"info":{"seed":"37ee54a920b59315","results":1,"page":1,"version":"1.4"}} 
 </msg>
<msg time="2024-07-16T09:17:19.374858" level="INFO">/opt/hostedtoolcache/Python/3.12.4/x64/lib/python3.12/site-packages/urllib3/connectionpool.py:1099: InsecureRequestWarning: Unverified HTTPS request is being made to host 'randomuser.me'. Adding certificate verification is strongly advised. See: https://urllib3.readthedocs.io/en/latest/advanced-usage.html#tls-warnings
  warnings.warn(</msg>
<msg time="2024-07-16T09:17:19.374957" level="INFO">${response} = &lt;Response [200]&gt;</msg>
<var>${response}</var>
<arg>consultarAPI</arg>
<arg>/api</arg>
<doc>Sends a GET request on a previously created HTTP Session.</doc>
<status status="PASS" start="2024-07-16T09:17:19.280158" elapsed="0.094843"/>
</kw>
<kw name="Set Variable" owner="BuiltIn">
<msg time="2024-07-16T09:17:19.376219" level="INFO">${json_data} = {'results': [{'gender': 'female', 'name': {'title': 'Ms', 'first': 'Avni', 'last': 'Andrade'}, 'location': {'street': {'number': 2619, 'name': 'Tilak Marg'}, 'city': 'Bhiwandi', 'state': 'Chhattisgarh...</msg>
<var>${json_data}</var>
<arg>${response.json()}</arg>
<doc>Returns the given values which can then be assigned to a variables.</doc>
<status status="PASS" start="2024-07-16T09:17:19.375560" elapsed="0.000692"/>
</kw>
<kw name="Set Variable" owner="BuiltIn">
<msg time="2024-07-16T09:17:19.377092" level="INFO">${name_title} = Ms</msg>
<var>${name_title}</var>
<arg>${json_data["results"][0]["name"]["title"]}</arg>
<doc>Returns the given values which can then be assigned to a variables.</doc>
<status status="PASS" start="2024-07-16T09:17:19.376623" elapsed="0.000498"/>
</kw>
<kw name="Create List" owner="BuiltIn">
<msg time="2024-07-16T09:17:19.377654" level="INFO">${allowed_titles} = ['Mr', 'Ms', 'Miss', 'Mrs', 'Madame', 'Monsieur']</msg>
<var>${allowed_titles}</var>
<arg>Mr</arg>
<arg>Ms</arg>
<arg>Miss</arg>
<arg>Mrs</arg>
<arg>Madame</arg>
<arg>Monsieur</arg>
<doc>Returns a list containing given items.</doc>
<status status="PASS" start="2024-07-16T09:17:19.377477" elapsed="0.000214"/>
</kw>
<kw name="List Should Contain Value" owner="Collections">
<arg>${allowed_titles}</arg>
<arg>${name_title}</arg>
<doc>Fails if the ``value`` is not found from ``list``.</doc>
<status status="PASS" start="2024-07-16T09:17:19.378055" elapsed="0.000231"/>
</kw>
<kw name="Set Variable" owner="BuiltIn">
<msg time="2024-07-16T09:17:19.378863" level="INFO">${name_country} = IN</msg>
<var>${name_country}</var>
<arg>${json_data["results"][0]["nat"]}</arg>
<doc>Returns the given values which can then be assigned to a variables.</doc>
<status status="PASS" start="2024-07-16T09:17:19.378471" elapsed="0.000418"/>
</kw>
<kw name="Create List" owner="BuiltIn">
<msg time="2024-07-16T09:17:19.379784" level="INFO">${list_country} = ['AD', 'AE', 'AF', 'AG', 'AI', 'AL', 'AM', 'AO', 'AQ', 'AR', 'AS', 'AT', 'AU', 'AW', 'AX', 'AZ', 'BA', 'BB', 'BD', 'BE', 'BF', 'BG', 'BH', 'BI', 'BJ', 'BL', 'BM', 'BN', 'BO', 'BQ', 'BR', 'BS', 'BT', '...</msg>
<var>${list_country}</var>
<arg>AD</arg>
<arg>AE</arg>
<arg>AF</arg>
<arg>AG</arg>
<arg>AI</arg>
<arg>AL</arg>
<arg>AM</arg>
<arg>AO</arg>
<arg>AQ</arg>
<arg>AR</arg>
<arg>AS</arg>
<arg>AT</arg>
<arg>AU</arg>
<arg>AW</arg>
<arg>AX</arg>
<arg>AZ</arg>
<arg>BA</arg>
<arg>BB</arg>
<arg>BD</arg>
<arg>BE</arg>
<arg>BF</arg>
<arg>BG</arg>
<arg>BH</arg>
<arg>BI</arg>
<arg>BJ</arg>
<arg>BL</arg>
<arg>BM</arg>
<arg>BN</arg>
<arg>BO</arg>
<arg>BQ</arg>
<arg>BR</arg>
<arg>BS</arg>
<arg>BT</arg>
<arg>BV</arg>
<arg>BW</arg>
<arg>BY</arg>
<arg>BZ</arg>
<arg>CA</arg>
<arg>CC</arg>
<arg>CD</arg>
<arg>CF</arg>
<arg>CG</arg>
<arg>CH</arg>
<arg>CI</arg>
<arg>CK</arg>
<arg>CL</arg>
<arg>CM</arg>
<arg>CN</arg>
<arg>CO</arg>
<arg>CR</arg>
<arg>CU</arg>
<arg>CV</arg>
<arg>CW</arg>
<arg>CX</arg>
<arg>CY</arg>
<arg>CZ</arg>
<arg>DE</arg>
<arg>DJ</arg>
<arg>DK</arg>
<arg>DM</arg>
<arg>DO</arg>
<arg>DZ</arg>
<arg>EC</arg>
<arg>EE</arg>
<arg>EG</arg>
<arg>EH</arg>
<arg>ER</arg>
<arg>ES</arg>
<arg>ET</arg>
<arg>FI</arg>
<arg>FJ</arg>
<arg>FK</arg>
<arg>FM</arg>
<arg>FO</arg>
<arg>FR</arg>
<arg>GA</arg>
<arg>GB</arg>
<arg>GD</arg>
<arg>GE</arg>
<arg>GF</arg>
<arg>GG</arg>
<arg>GH</arg>
<arg>GI</arg>
<arg>GL</arg>
<arg>GM</arg>
<arg>GN</arg>
<arg>GP</arg>
<arg>GQ</arg>
<arg>GR</arg>
<arg>GS</arg>
<arg>GT</arg>
<arg>GU</arg>
<arg>GW</arg>
<arg>GY</arg>
<arg>HK</arg>
<arg>HM</arg>
<arg>HN</arg>
<arg>HR</arg>
<arg>HT</arg>
<arg>HU</arg>
<arg>ID</arg>
<arg>IE</arg>
<arg>IL</arg>
<arg>IM</arg>
<arg>IN</arg>
<arg>IO</arg>
<arg>IQ</arg>
<arg>IR</arg>
<arg>IS</arg>
<arg>IT</arg>
<arg>JE</arg>
<arg>JM</arg>
<arg>JO</arg>
<arg>JP</arg>
<arg>KE</arg>
<arg>KG</arg>
<arg>KH</arg>
<arg>KI</arg>
<arg>KM</arg>
<arg>KN</arg>
<arg>KP</arg>
<arg>KR</arg>
<arg>KW</arg>
<arg>KY</arg>
<arg>KZ</arg>
<arg>LA</arg>
<arg>LB</arg>
<arg>LC</arg>
<arg>LI</arg>
<arg>LK</arg>
<arg>LR</arg>
<arg>LS</arg>
<arg>LT</arg>
<arg>LU</arg>
<arg>LV</arg>
<arg>LY</arg>
<arg>MA</arg>
<arg>MC</arg>
<arg>MD</arg>
<arg>ME</arg>
<arg>MF</arg>
<arg>MG</arg>
<arg>MH</arg>
<arg>MK</arg>
<arg>ML</arg>
<arg>MM</arg>
<arg>MN</arg>
<arg>MO</arg>
<arg>MP</arg>
<arg>MQ</arg>
<arg>MR</arg>
<arg>MS</arg>
<arg>MT</arg>
<arg>MU</arg>
<arg>MV</arg>
<arg>MW</arg>
<arg>MX</arg>
<arg>MY</arg>
<arg>MZ</arg>
<arg>NA</arg>
<arg>NC</arg>
<arg>NE</arg>
<arg>NF</arg>
<arg>NG</arg>
<arg>NI</arg>
<arg>NL</arg>
<arg>NO</arg>
<arg>NP</arg>
<arg>NR</arg>
<arg>NU</arg>
<arg>NZ</arg>
<arg>OM</arg>
<arg>PA</arg>
<arg>PE</arg>
<arg>PF</arg>
<arg>PG</arg>
<arg>PH</arg>
<arg>PK</arg>
<arg>PL</arg>
<arg>PM</arg>
<arg>PN</arg>
<arg>PR</arg>
<arg>PS</arg>
<arg>PT</arg>
<arg>PW</arg>
<arg>PY</arg>
<arg>QA</arg>
<arg>RE</arg>
<arg>RO</arg>
<arg>RS</arg>
<arg>RU</arg>
<arg>RW</arg>
<arg>SA</arg>
<arg>SB</arg>
<arg>SC</arg>
<arg>SD</arg>
<arg>SE</arg>
<arg>SG</arg>
<arg>SH</arg>
<arg>SI</arg>
<arg>SJ</arg>
<arg>SK</arg>
<arg>SL</arg>
<arg>SM</arg>
<arg>SN</arg>
<arg>SO</arg>
<arg>SR</arg>
<arg>SS</arg>
<arg>ST</arg>
<arg>SV</arg>
<arg>SX</arg>
<arg>SY</arg>
<arg>SZ</arg>
<arg>TC</arg>
<arg>TD</arg>
<arg>TF</arg>
<arg>TG</arg>
<arg>TH</arg>
<arg>TJ</arg>
<arg>TK</arg>
<arg>TL</arg>
<arg>TM</arg>
<arg>TN</arg>
<arg>TO</arg>
<arg>TR</arg>
<arg>TT</arg>
<arg>TV</arg>
<arg>TW</arg>
<arg>TZ</arg>
<arg>UA</arg>
<arg>UG</arg>
<arg>UM</arg>
<arg>US</arg>
<arg>UY</arg>
<arg>UZ</arg>
<arg>VA</arg>
<arg>VC</arg>
<arg>VE</arg>
<arg>VG</arg>
<arg>VI</arg>
<arg>VN</arg>
<arg>VU</arg>
<arg>WF</arg>
<arg>WS</arg>
<arg>XK</arg>
<arg>YE</arg>
<arg>YT</arg>
<arg>ZA</arg>
<arg>ZM</arg>
<arg>ZW</arg>
<doc>Returns a list containing given items.</doc>
<status status="PASS" start="2024-07-16T09:17:19.379189" elapsed="0.000622"/>
</kw>
<kw name="List Should Contain Value" owner="Collections">
<arg>${list_country}</arg>
<arg>${name_country}</arg>
<doc>Fails if the ``value`` is not found from ``list``.</doc>
<status status="PASS" start="2024-07-16T09:17:19.380618" elapsed="0.000212"/>
</kw>
<kw name="Run Keyword If" owner="BuiltIn">
<kw name="Should Be True" owner="BuiltIn">
<arg>${True}</arg>
<doc>Fails if the given condition is not true.</doc>
<status status="PASS" start="2024-07-16T09:17:19.381794" elapsed="0.000146"/>
</kw>
<arg>${json_data["results"][0]["location"]["coordinates"]["latitude"]} &gt;= -90 and ${json_data["results"][0]["location"]["coordinates"]["latitude"]} &lt;= 90</arg>
<arg>Should Be True</arg>
<arg>${True}</arg>
<doc>Runs the given keyword with the given arguments, if ``condition`` is true.</doc>
<status status="PASS" start="2024-07-16T09:17:19.381031" elapsed="0.001034"/>
</kw>
<kw name="Run Keyword If" owner="BuiltIn">
<kw name="Should Be True" owner="BuiltIn">
<arg>${True}</arg>
<doc>Fails if the given condition is not true.</doc>
<status status="PASS" start="2024-07-16T09:17:19.382994" elapsed="0.000246"/>
</kw>
<arg>${json_data["results"][0]["location"]["coordinates"]["longitude"]} &gt;= -180 and ${json_data["results"][0]["location"]["coordinates"]["longitude"]} &lt;= 180</arg>
<arg>Should Be True</arg>
<arg>${True}</arg>
<doc>Runs the given keyword with the given arguments, if ``condition`` is true.</doc>
<status status="PASS" start="2024-07-16T09:17:19.382286" elapsed="0.001085"/>
</kw>
<status status="PASS" start="2024-07-16T09:17:19.279931" elapsed="0.103574"/>
</kw>
<doc>Testa o conteúdo específico dos campos retornados pela API.</doc>
<tag>testeConteudo</tag>
<status status="PASS" start="2024-07-16T09:17:19.279411" elapsed="0.104250"/>
</test>
<status status="PASS" start="2024-07-16T09:17:18.552104" elapsed="0.833561"/>
</suite>
<status status="PASS" start="2024-07-16T09:17:18.537618" elapsed="0.853169"/>
</suite>
<statistics>
<total>
<stat pass="5" fail="0" skip="0">All Tests</stat>
</total>
<tag>
<stat pass="1" fail="0" skip="0">testeConteudo</stat>
<stat pass="1" fail="0" skip="0">testeEstruturaResposta</stat>
<stat pass="1" fail="0" skip="0">testeRequisicaoBasica</stat>
<stat pass="1" fail="0" skip="0">testeTiposDados</stat>
</tag>
<suite>
<stat pass="5" fail="0" skip="0" id="s1" name="Tests">Tests</stat>
<stat pass="5" fail="0" skip="0" id="s1-s1" name="Random-User-Test">Tests.Random-User-Test</stat>
</suite>
</statistics>
<errors>
</errors>
</robot>
