<?xml version="1.0" encoding="UTF-8"?>
<robot generator="Robot 7.0 (Python 3.12.3 on linux)" generated="2024-05-22T07:13:59.076304" rpa="false" schemaversion="5">
<suite id="s1" name="Tests" source="/home/runner/work/DesafioQAItauRogerioJordao/DesafioQAItauRogerioJordao/RamdonUser/tests">
<suite id="s1-s1" name="Random-User-Test" source="/home/runner/work/DesafioQAItauRogerioJordao/DesafioQAItauRogerioJordao/RamdonUser/tests/random-user-test.robot">
<test id="s1-s1-t1" name="Conectar" line="13">
<kw name="Conectar API" owner="random-user-service">
<kw name="Create Session" owner="RequestsLibrary">
<msg time="2024-05-22T07:13:59.478676" level="INFO">Creating Session using : alias=consultarAPI, url=https://randomuser.me/, headers={},                     cookies={}, auth=None, timeout=None, proxies=None, verify=False,                     debug=0 </msg>
<arg>consultarAPI</arg>
<arg>${URL}</arg>
<doc>Create Session: create a HTTP session to a server</doc>
<status status="PASS" start="2024-05-22T07:13:59.478479" elapsed="0.000374"/>
</kw>
<status status="PASS" start="2024-05-22T07:13:59.477525" elapsed="0.001687"/>
</kw>
<status status="PASS" start="2024-05-22T07:13:59.476887" elapsed="0.002516"/>
</test>
<test id="s1-s1-t2" name="Validar retorno 200 e JSON Válido" line="16">
<kw name="Teste de Requisicao Basica" owner="random-user-service">
<kw name="GET On Session" owner="RequestsLibrary">
<msg time="2024-05-22T07:13:59.643328" level="INFO">GET Request : url=https://randomuser.me/api 
 path_url=/api 
 headers={'User-Agent': 'python-requests/2.32.2', 'Accept-Encoding': 'gzip, deflate', 'Accept': '*/*', 'Connection': 'keep-alive'} 
 body=None 
 </msg>
<msg time="2024-05-22T07:13:59.643461" level="INFO">GET Response : url=https://randomuser.me/api 
 status=200, reason=OK 
 headers={'Date': 'Wed, 22 May 2024 07:13:59 GMT', 'Content-Type': 'application/json; charset=utf-8', 'Transfer-Encoding': 'chunked', 'Connection': 'keep-alive', 'X-Powered-By': 'Express', 'Access-Control-Allow-Origin': '*', 'Cache-Control': 'no-cache', 'ETag': 'W/"4a6-nMlmhMq8YAXixYi4V/SJguViZ/g"', 'Vary': 'Accept-Encoding', 'Content-Encoding': 'gzip', 'CF-Cache-Status': 'DYNAMIC', 'Report-To': '{"endpoints":[{"url":"https:\\/\\/a.nel.cloudflare.com\\/report\\/v4?s=NmhjNoLntCWs4csrkd8bh0VqMcQvINKIiXdyMmKKuwXg3zfKeckxtQ4jnuCoZEbNW3DnHA%2FKuuI0M1oqlT4mUKGz8HjaVKcnytNfEy%2F8MFSvgADzfl%2BynK7haIZxxcNl"}],"group":"cf-nel","max_age":604800}', 'NEL': '{"success_fraction":0,"report_to":"cf-nel","max_age":604800}', 'Server': 'cloudflare', 'CF-RAY': '887b01bb2f85dba6-LAX', 'alt-svc': 'h3=":443"; ma=86400'} 
 body={"results":[{"gender":"female","name":{"title":"Mrs","first":"Mónica","last":"Caballero"},"location":{"street":{"number":2243,"name":"Avenida de América"},"city":"Alcalá de Henares","state":"Cantabria","country":"Spain","postcode":51510,"coordinates":{"latitude":"-36.5388","longitude":"105.9860"},"timezone":{"offset":"-11:00","description":"Midway Island, Samoa"}},"email":"monica.caballero@example.com","login":{"uuid":"a1803003-7369-4c5c-b352-6b7a980bd7ab","username":"blackkoala749","password":"films+pic+galeries","salt":"ozLWxXCm","md5":"9a1e23181b3ce4ee279048002007b1e3","sha1":"4bacd0b2b8a442e2d14f372d3f26bc6a3c8784c1","sha256":"9685256b9081ae50de8db0c8796a5d476c4e064b4bb88d145f0d4d523c42892e"},"dob":{"date":"1970-04-01T09:42:55.304Z","age":54},"registered":{"date":"2015-09-03T21:54:39.308Z","age":8},"phone":"950-784-665","cell":"645-464-245","id":{"name":"DNI","value":"43446445-D"},"picture":{"large":"https://randomuser.me/api/portraits/women/58.jpg","medium":"https://randomuser.me/api/portraits/med/women/58.jpg","thumbnail":"https://randomuser.me/api/portraits/thumb/women/58.jpg"},"nat":"ES"}],"info":{"seed":"d64f2f6b773bd218","results":1,"page":1,"version":"1.4"}} 
 </msg>
<msg time="2024-05-22T07:13:59.643537" level="INFO">/opt/hostedtoolcache/Python/3.12.3/x64/lib/python3.12/site-packages/urllib3/connectionpool.py:1103: InsecureRequestWarning: Unverified HTTPS request is being made to host 'randomuser.me'. Adding certificate verification is strongly advised. See: https://urllib3.readthedocs.io/en/latest/advanced-usage.html#tls-warnings
  warnings.warn(</msg>
<msg time="2024-05-22T07:13:59.643679" level="INFO">${response} = &lt;Response [200]&gt;</msg>
<var>${response}</var>
<arg>consultarAPI</arg>
<arg>/api</arg>
<doc>Sends a GET request on a previously created HTTP Session.</doc>
<status status="PASS" start="2024-05-22T07:13:59.482080" elapsed="0.161641"/>
</kw>
<kw name="Should Be Equal As Numbers" owner="BuiltIn">
<msg time="2024-05-22T07:13:59.644581" level="INFO">Argument types are:
&lt;class 'int'&gt;
&lt;class 'str'&gt;</msg>
<arg>${response.status_code}</arg>
<arg>200</arg>
<doc>Fails if objects are unequal after converting them to real numbers.</doc>
<status status="PASS" start="2024-05-22T07:13:59.644149" elapsed="0.000507"/>
</kw>
<kw name="Log" owner="BuiltIn">
<msg time="2024-05-22T07:13:59.645418" level="INFO">200</msg>
<arg>${response.status_code}</arg>
<doc>Logs the given message with the given level.</doc>
<status status="PASS" start="2024-05-22T07:13:59.645008" elapsed="0.000460"/>
</kw>
<kw name="Set Variable" owner="BuiltIn">
<msg time="2024-05-22T07:13:59.646227" level="INFO">${json_data} = {'results': [{'gender': 'female', 'name': {'title': 'Mrs', 'first': 'Mónica', 'last': 'Caballero'}, 'location': {'street': {'number': 2243, 'name': 'Avenida de América'}, 'city': 'Alcalá de Henares', ...</msg>
<var>${json_data}</var>
<arg>${response.json()}</arg>
<doc>Returns the given values which can then be assigned to a variables.</doc>
<status status="PASS" start="2024-05-22T07:13:59.645783" elapsed="0.000476"/>
</kw>
<kw name="Dictionary Should Contain Key" owner="Collections">
<msg time="2024-05-22T07:13:59.646764" level="INFO">False</msg>
<arg>${json_data}</arg>
<arg>results</arg>
<doc>Fails if ``key`` is not found from ``dictionary``.</doc>
<status status="PASS" start="2024-05-22T07:13:59.646591" elapsed="0.000211"/>
</kw>
<status status="PASS" start="2024-05-22T07:13:59.481837" elapsed="0.165225"/>
</kw>
<doc>Testa se a API responde corretamente e retorna um objeto JSON válido.</doc>
<tag>testeRequisicaoBasica</tag>
<status status="PASS" start="2024-05-22T07:13:59.481280" elapsed="0.165958"/>
</test>
<test id="s1-s1-t3" name="Validar estrutura de resposta" line="22">
<kw name="Teste de Estrutura de Resposta" owner="random-user-service">
<kw name="GET On Session" owner="RequestsLibrary">
<msg time="2024-05-22T07:13:59.745065" level="INFO">GET Request : url=https://randomuser.me/api 
 path_url=/api 
 headers={'User-Agent': 'python-requests/2.32.2', 'Accept-Encoding': 'gzip, deflate', 'Accept': '*/*', 'Connection': 'keep-alive'} 
 body=None 
 </msg>
<msg time="2024-05-22T07:13:59.745157" level="INFO">GET Response : url=https://randomuser.me/api 
 status=200, reason=OK 
 headers={'Date': 'Wed, 22 May 2024 07:13:59 GMT', 'Content-Type': 'application/json; charset=utf-8', 'Transfer-Encoding': 'chunked', 'Connection': 'keep-alive', 'X-Powered-By': 'Express', 'Access-Control-Allow-Origin': '*', 'Cache-Control': 'no-cache', 'ETag': 'W/"4a8-iL5wKRD3bM4mMr7N72FCpk5yXug"', 'Vary': 'Accept-Encoding', 'Content-Encoding': 'gzip', 'CF-Cache-Status': 'DYNAMIC', 'Report-To': '{"endpoints":[{"url":"https:\\/\\/a.nel.cloudflare.com\\/report\\/v4?s=90ecneC6MBluMLg7DN0G5qqI%2Bgtm%2FYEbG3760%2BQjQYu7%2BclX4%2FP4ZWz%2FmDB09YvKM47o68VEta5xghsG9XH6PpP10%2FTR1a%2Ff1Y4fDd70D0ktp913WSxVqyh1YU3pWZcm"}],"group":"cf-nel","max_age":604800}', 'NEL': '{"success_fraction":0,"report_to":"cf-nel","max_age":604800}', 'Server': 'cloudflare', 'CF-RAY': '887b01bbd838dba6-LAX', 'alt-svc': 'h3=":443"; ma=86400'} 
 body={"results":[{"gender":"female","name":{"title":"Miss","first":"Kimberly","last":"Payne"},"location":{"street":{"number":7968,"name":"Patrick Street"},"city":"Carrick-on-Shannon","state":"South Dublin","country":"Ireland","postcode":52870,"coordinates":{"latitude":"-2.5829","longitude":"18.6095"},"timezone":{"offset":"+9:00","description":"Tokyo, Seoul, Osaka, Sapporo, Yakutsk"}},"email":"kimberly.payne@example.com","login":{"uuid":"9b3eca2d-784e-4483-b65c-121b7aabba82","username":"smallbutterfly220","password":"dynamo","salt":"Gq4rHn9y","md5":"856aaef884f15847127bd07af4d28f16","sha1":"c94ba55628814d453297527d20f3dc9fa71fea01","sha256":"1a7e6f164965a7fa54771abb2388d0b5fc3ebb76f05845fe637d145baaef5b67"},"dob":{"date":"1951-03-17T01:19:55.607Z","age":73},"registered":{"date":"2016-07-01T16:00:35.841Z","age":7},"phone":"051-677-6515","cell":"081-503-5634","id":{"name":"PPS","value":"4175249T"},"picture":{"large":"https://randomuser.me/api/portraits/women/44.jpg","medium":"https://randomuser.me/api/portraits/med/women/44.jpg","thumbnail":"https://randomuser.me/api/portraits/thumb/women/44.jpg"},"nat":"IE"}],"info":{"seed":"7097a8cef202730a","results":1,"page":1,"version":"1.4"}} 
 </msg>
<msg time="2024-05-22T07:13:59.745333" level="INFO">/opt/hostedtoolcache/Python/3.12.3/x64/lib/python3.12/site-packages/urllib3/connectionpool.py:1103: InsecureRequestWarning: Unverified HTTPS request is being made to host 'randomuser.me'. Adding certificate verification is strongly advised. See: https://urllib3.readthedocs.io/en/latest/advanced-usage.html#tls-warnings
  warnings.warn(</msg>
<msg time="2024-05-22T07:13:59.745484" level="INFO">${response} = &lt;Response [200]&gt;</msg>
<var>${response}</var>
<arg>consultarAPI</arg>
<arg>/api</arg>
<doc>Sends a GET request on a previously created HTTP Session.</doc>
<status status="PASS" start="2024-05-22T07:13:59.650098" elapsed="0.095438"/>
</kw>
<kw name="Set Variable" owner="BuiltIn">
<msg time="2024-05-22T07:13:59.746440" level="INFO">${json_data} = {'results': [{'gender': 'female', 'name': {'title': 'Miss', 'first': 'Kimberly', 'last': 'Payne'}, 'location': {'street': {'number': 7968, 'name': 'Patrick Street'}, 'city': 'Carrick-on-Shannon', 'sta...</msg>
<var>${json_data}</var>
<arg>${response.json()}</arg>
<doc>Returns the given values which can then be assigned to a variables.</doc>
<status status="PASS" start="2024-05-22T07:13:59.745959" elapsed="0.000512"/>
</kw>
<kw name="Log" owner="BuiltIn">
<msg time="2024-05-22T07:13:59.747028" level="INFO">{'results': [{'gender': 'female', 'name': {'title': 'Miss', 'first': 'Kimberly', 'last': 'Payne'}, 'location': {'street': {'number': 7968, 'name': 'Patrick Street'}, 'city': 'Carrick-on-Shannon', 'state': 'South Dublin', 'country': 'Ireland', 'postcode': 52870, 'coordinates': {'latitude': '-2.5829', 'longitude': '18.6095'}, 'timezone': {'offset': '+9:00', 'description': 'Tokyo, Seoul, Osaka, Sapporo, Yakutsk'}}, 'email': 'kimberly.payne@example.com', 'login': {'uuid': '9b3eca2d-784e-4483-b65c-121b7aabba82', 'username': 'smallbutterfly220', 'password': 'dynamo', 'salt': 'Gq4rHn9y', 'md5': '856aaef884f15847127bd07af4d28f16', 'sha1': 'c94ba55628814d453297527d20f3dc9fa71fea01', 'sha256': '1a7e6f164965a7fa54771abb2388d0b5fc3ebb76f05845fe637d145baaef5b67'}, 'dob': {'date': '1951-03-17T01:19:55.607Z', 'age': 73}, 'registered': {'date': '2016-07-01T16:00:35.841Z', 'age': 7}, 'phone': '051-677-6515', 'cell': '081-503-5634', 'id': {'name': 'PPS', 'value': '4175249T'}, 'picture': {'large': 'https://randomuser.me/api/portraits/women/44.jpg', 'medium': 'https://randomuser.me/api/portraits/med/women/44.jpg', 'thumbnail': 'https://randomuser.me/api/portraits/thumb/women/44.jpg'}, 'nat': 'IE'}], 'info': {'seed': '7097a8cef202730a', 'results': 1, 'page': 1, 'version': '1.4'}}</msg>
<arg>${json_data}</arg>
<doc>Logs the given message with the given level.</doc>
<status status="PASS" start="2024-05-22T07:13:59.746846" elapsed="0.000237"/>
</kw>
<kw name="Dictionary Should Contain Key" owner="Collections">
<msg time="2024-05-22T07:13:59.747536" level="INFO">False</msg>
<arg>${json_data}</arg>
<arg>results</arg>
<doc>Fails if ``key`` is not found from ``dictionary``.</doc>
<status status="PASS" start="2024-05-22T07:13:59.747381" elapsed="0.000192"/>
</kw>
<kw name="Should Not Be Empty" owner="BuiltIn">
<msg time="2024-05-22T07:13:59.748007" level="INFO">Length is 2.</msg>
<arg>${json_data}</arg>
<doc>Verifies that the given item is not empty.</doc>
<status status="PASS" start="2024-05-22T07:13:59.747871" elapsed="0.000173"/>
</kw>
<kw name="Create List" owner="BuiltIn">
<msg time="2024-05-22T07:13:59.748635" level="INFO">${expected_keys} = ['gender', 'name', 'location', 'email', 'login']</msg>
<var>${expected_keys}</var>
<arg>gender</arg>
<arg>name</arg>
<arg>location</arg>
<arg>email</arg>
<arg>login</arg>
<doc>Returns a list containing given items.</doc>
<status status="PASS" start="2024-05-22T07:13:59.748342" elapsed="0.000318"/>
</kw>
<for flavor="IN">
<iter>
<kw name="Dictionary Should Contain Key" owner="Collections">
<msg time="2024-05-22T07:13:59.749688" level="INFO">False</msg>
<arg>${json_data['results'][0]}</arg>
<arg>${key}</arg>
<doc>Fails if ``key`` is not found from ``dictionary``.</doc>
<status status="PASS" start="2024-05-22T07:13:59.749244" elapsed="0.000482"/>
</kw>
<kw name="Log" owner="BuiltIn">
<msg time="2024-05-22T07:13:59.750425" level="INFO">{'gender': 'female', 'name': {'title': 'Miss', 'first': 'Kimberly', 'last': 'Payne'}, 'location': {'street': {'number': 7968, 'name': 'Patrick Street'}, 'city': 'Carrick-on-Shannon', 'state': 'South Dublin', 'country': 'Ireland', 'postcode': 52870, 'coordinates': {'latitude': '-2.5829', 'longitude': '18.6095'}, 'timezone': {'offset': '+9:00', 'description': 'Tokyo, Seoul, Osaka, Sapporo, Yakutsk'}}, 'email': 'kimberly.payne@example.com', 'login': {'uuid': '9b3eca2d-784e-4483-b65c-121b7aabba82', 'username': 'smallbutterfly220', 'password': 'dynamo', 'salt': 'Gq4rHn9y', 'md5': '856aaef884f15847127bd07af4d28f16', 'sha1': 'c94ba55628814d453297527d20f3dc9fa71fea01', 'sha256': '1a7e6f164965a7fa54771abb2388d0b5fc3ebb76f05845fe637d145baaef5b67'}, 'dob': {'date': '1951-03-17T01:19:55.607Z', 'age': 73}, 'registered': {'date': '2016-07-01T16:00:35.841Z', 'age': 7}, 'phone': '051-677-6515', 'cell': '081-503-5634', 'id': {'name': 'PPS', 'value': '4175249T'}, 'picture': {'large': 'https://randomuser.me/api/portraits/women/44.jpg', 'medium': 'https://randomuser.me/api/portraits/med/women/44.jpg', 'thumbnail': 'https://randomuser.me/api/portraits/thumb/women/44.jpg'}, 'nat': 'IE'}</msg>
<arg>${json_data['results'][0]}</arg>
<doc>Logs the given message with the given level.</doc>
<status status="PASS" start="2024-05-22T07:13:59.750037" elapsed="0.000463"/>
</kw>
<kw name="Log" owner="BuiltIn">
<msg time="2024-05-22T07:13:59.751037" level="INFO">gender</msg>
<arg>${key}</arg>
<doc>Logs the given message with the given level.</doc>
<status status="PASS" start="2024-05-22T07:13:59.750894" elapsed="0.000181"/>
</kw>
<var name="${key}">gender</var>
<status status="PASS" start="2024-05-22T07:13:59.749116" elapsed="0.002179"/>
</iter>
<iter>
<kw name="Dictionary Should Contain Key" owner="Collections">
<msg time="2024-05-22T07:13:59.751993" level="INFO">False</msg>
<arg>${json_data['results'][0]}</arg>
<arg>${key}</arg>
<doc>Fails if ``key`` is not found from ``dictionary``.</doc>
<status status="PASS" start="2024-05-22T07:13:59.751601" elapsed="0.000461"/>
</kw>
<kw name="Log" owner="BuiltIn">
<msg time="2024-05-22T07:13:59.752737" level="INFO">{'gender': 'female', 'name': {'title': 'Miss', 'first': 'Kimberly', 'last': 'Payne'}, 'location': {'street': {'number': 7968, 'name': 'Patrick Street'}, 'city': 'Carrick-on-Shannon', 'state': 'South Dublin', 'country': 'Ireland', 'postcode': 52870, 'coordinates': {'latitude': '-2.5829', 'longitude': '18.6095'}, 'timezone': {'offset': '+9:00', 'description': 'Tokyo, Seoul, Osaka, Sapporo, Yakutsk'}}, 'email': 'kimberly.payne@example.com', 'login': {'uuid': '9b3eca2d-784e-4483-b65c-121b7aabba82', 'username': 'smallbutterfly220', 'password': 'dynamo', 'salt': 'Gq4rHn9y', 'md5': '856aaef884f15847127bd07af4d28f16', 'sha1': 'c94ba55628814d453297527d20f3dc9fa71fea01', 'sha256': '1a7e6f164965a7fa54771abb2388d0b5fc3ebb76f05845fe637d145baaef5b67'}, 'dob': {'date': '1951-03-17T01:19:55.607Z', 'age': 73}, 'registered': {'date': '2016-07-01T16:00:35.841Z', 'age': 7}, 'phone': '051-677-6515', 'cell': '081-503-5634', 'id': {'name': 'PPS', 'value': '4175249T'}, 'picture': {'large': 'https://randomuser.me/api/portraits/women/44.jpg', 'medium': 'https://randomuser.me/api/portraits/med/women/44.jpg', 'thumbnail': 'https://randomuser.me/api/portraits/thumb/women/44.jpg'}, 'nat': 'IE'}</msg>
<arg>${json_data['results'][0]}</arg>
<doc>Logs the given message with the given level.</doc>
<status status="PASS" start="2024-05-22T07:13:59.752382" elapsed="0.000404"/>
</kw>
<kw name="Log" owner="BuiltIn">
<msg time="2024-05-22T07:13:59.753209" level="INFO">name</msg>
<arg>${key}</arg>
<doc>Logs the given message with the given level.</doc>
<status status="PASS" start="2024-05-22T07:13:59.753084" elapsed="0.000161"/>
</kw>
<var name="${key}">name</var>
<status status="PASS" start="2024-05-22T07:13:59.751483" elapsed="0.002032"/>
</iter>
<iter>
<kw name="Dictionary Should Contain Key" owner="Collections">
<msg time="2024-05-22T07:13:59.754209" level="INFO">False</msg>
<arg>${json_data['results'][0]}</arg>
<arg>${key}</arg>
<doc>Fails if ``key`` is not found from ``dictionary``.</doc>
<status status="PASS" start="2024-05-22T07:13:59.753832" elapsed="0.000414"/>
</kw>
<kw name="Log" owner="BuiltIn">
<msg time="2024-05-22T07:13:59.754901" level="INFO">{'gender': 'female', 'name': {'title': 'Miss', 'first': 'Kimberly', 'last': 'Payne'}, 'location': {'street': {'number': 7968, 'name': 'Patrick Street'}, 'city': 'Carrick-on-Shannon', 'state': 'South Dublin', 'country': 'Ireland', 'postcode': 52870, 'coordinates': {'latitude': '-2.5829', 'longitude': '18.6095'}, 'timezone': {'offset': '+9:00', 'description': 'Tokyo, Seoul, Osaka, Sapporo, Yakutsk'}}, 'email': 'kimberly.payne@example.com', 'login': {'uuid': '9b3eca2d-784e-4483-b65c-121b7aabba82', 'username': 'smallbutterfly220', 'password': 'dynamo', 'salt': 'Gq4rHn9y', 'md5': '856aaef884f15847127bd07af4d28f16', 'sha1': 'c94ba55628814d453297527d20f3dc9fa71fea01', 'sha256': '1a7e6f164965a7fa54771abb2388d0b5fc3ebb76f05845fe637d145baaef5b67'}, 'dob': {'date': '1951-03-17T01:19:55.607Z', 'age': 73}, 'registered': {'date': '2016-07-01T16:00:35.841Z', 'age': 7}, 'phone': '051-677-6515', 'cell': '081-503-5634', 'id': {'name': 'PPS', 'value': '4175249T'}, 'picture': {'large': 'https://randomuser.me/api/portraits/women/44.jpg', 'medium': 'https://randomuser.me/api/portraits/med/women/44.jpg', 'thumbnail': 'https://randomuser.me/api/portraits/thumb/women/44.jpg'}, 'nat': 'IE'}</msg>
<arg>${json_data['results'][0]}</arg>
<doc>Logs the given message with the given level.</doc>
<status status="PASS" start="2024-05-22T07:13:59.754542" elapsed="0.000406"/>
</kw>
<kw name="Log" owner="BuiltIn">
<msg time="2024-05-22T07:13:59.755382" level="INFO">location</msg>
<arg>${key}</arg>
<doc>Logs the given message with the given level.</doc>
<status status="PASS" start="2024-05-22T07:13:59.755256" elapsed="0.000164"/>
</kw>
<var name="${key}">location</var>
<status status="PASS" start="2024-05-22T07:13:59.753714" elapsed="0.001920"/>
</iter>
<iter>
<kw name="Dictionary Should Contain Key" owner="Collections">
<msg time="2024-05-22T07:13:59.756290" level="INFO">False</msg>
<arg>${json_data['results'][0]}</arg>
<arg>${key}</arg>
<doc>Fails if ``key`` is not found from ``dictionary``.</doc>
<status status="PASS" start="2024-05-22T07:13:59.755913" elapsed="0.000414"/>
</kw>
<kw name="Log" owner="BuiltIn">
<msg time="2024-05-22T07:13:59.756991" level="INFO">{'gender': 'female', 'name': {'title': 'Miss', 'first': 'Kimberly', 'last': 'Payne'}, 'location': {'street': {'number': 7968, 'name': 'Patrick Street'}, 'city': 'Carrick-on-Shannon', 'state': 'South Dublin', 'country': 'Ireland', 'postcode': 52870, 'coordinates': {'latitude': '-2.5829', 'longitude': '18.6095'}, 'timezone': {'offset': '+9:00', 'description': 'Tokyo, Seoul, Osaka, Sapporo, Yakutsk'}}, 'email': 'kimberly.payne@example.com', 'login': {'uuid': '9b3eca2d-784e-4483-b65c-121b7aabba82', 'username': 'smallbutterfly220', 'password': 'dynamo', 'salt': 'Gq4rHn9y', 'md5': '856aaef884f15847127bd07af4d28f16', 'sha1': 'c94ba55628814d453297527d20f3dc9fa71fea01', 'sha256': '1a7e6f164965a7fa54771abb2388d0b5fc3ebb76f05845fe637d145baaef5b67'}, 'dob': {'date': '1951-03-17T01:19:55.607Z', 'age': 73}, 'registered': {'date': '2016-07-01T16:00:35.841Z', 'age': 7}, 'phone': '051-677-6515', 'cell': '081-503-5634', 'id': {'name': 'PPS', 'value': '4175249T'}, 'picture': {'large': 'https://randomuser.me/api/portraits/women/44.jpg', 'medium': 'https://randomuser.me/api/portraits/med/women/44.jpg', 'thumbnail': 'https://randomuser.me/api/portraits/thumb/women/44.jpg'}, 'nat': 'IE'}</msg>
<arg>${json_data['results'][0]}</arg>
<doc>Logs the given message with the given level.</doc>
<status status="PASS" start="2024-05-22T07:13:59.756633" elapsed="0.000406"/>
</kw>
<kw name="Log" owner="BuiltIn">
<msg time="2024-05-22T07:13:59.757504" level="INFO">email</msg>
<arg>${key}</arg>
<doc>Logs the given message with the given level.</doc>
<status status="PASS" start="2024-05-22T07:13:59.757374" elapsed="0.000167"/>
</kw>
<var name="${key}">email</var>
<status status="PASS" start="2024-05-22T07:13:59.755803" elapsed="0.001952"/>
</iter>
<iter>
<kw name="Dictionary Should Contain Key" owner="Collections">
<msg time="2024-05-22T07:13:59.758422" level="INFO">False</msg>
<arg>${json_data['results'][0]}</arg>
<arg>${key}</arg>
<doc>Fails if ``key`` is not found from ``dictionary``.</doc>
<status status="PASS" start="2024-05-22T07:13:59.758038" elapsed="0.000420"/>
</kw>
<kw name="Log" owner="BuiltIn">
<msg time="2024-05-22T07:13:59.759106" level="INFO">{'gender': 'female', 'name': {'title': 'Miss', 'first': 'Kimberly', 'last': 'Payne'}, 'location': {'street': {'number': 7968, 'name': 'Patrick Street'}, 'city': 'Carrick-on-Shannon', 'state': 'South Dublin', 'country': 'Ireland', 'postcode': 52870, 'coordinates': {'latitude': '-2.5829', 'longitude': '18.6095'}, 'timezone': {'offset': '+9:00', 'description': 'Tokyo, Seoul, Osaka, Sapporo, Yakutsk'}}, 'email': 'kimberly.payne@example.com', 'login': {'uuid': '9b3eca2d-784e-4483-b65c-121b7aabba82', 'username': 'smallbutterfly220', 'password': 'dynamo', 'salt': 'Gq4rHn9y', 'md5': '856aaef884f15847127bd07af4d28f16', 'sha1': 'c94ba55628814d453297527d20f3dc9fa71fea01', 'sha256': '1a7e6f164965a7fa54771abb2388d0b5fc3ebb76f05845fe637d145baaef5b67'}, 'dob': {'date': '1951-03-17T01:19:55.607Z', 'age': 73}, 'registered': {'date': '2016-07-01T16:00:35.841Z', 'age': 7}, 'phone': '051-677-6515', 'cell': '081-503-5634', 'id': {'name': 'PPS', 'value': '4175249T'}, 'picture': {'large': 'https://randomuser.me/api/portraits/women/44.jpg', 'medium': 'https://randomuser.me/api/portraits/med/women/44.jpg', 'thumbnail': 'https://randomuser.me/api/portraits/thumb/women/44.jpg'}, 'nat': 'IE'}</msg>
<arg>${json_data['results'][0]}</arg>
<doc>Logs the given message with the given level.</doc>
<status status="PASS" start="2024-05-22T07:13:59.758751" elapsed="0.000402"/>
</kw>
<kw name="Log" owner="BuiltIn">
<msg time="2024-05-22T07:13:59.759565" level="INFO">login</msg>
<arg>${key}</arg>
<doc>Logs the given message with the given level.</doc>
<status status="PASS" start="2024-05-22T07:13:59.759441" elapsed="0.000193"/>
</kw>
<var name="${key}">login</var>
<status status="PASS" start="2024-05-22T07:13:59.757927" elapsed="0.001928"/>
</iter>
<var>${key}</var>
<value>@{expected_keys}</value>
<status status="PASS" start="2024-05-22T07:13:59.748928" elapsed="0.011048"/>
</for>
<kw name="Create List" owner="BuiltIn">
<msg time="2024-05-22T07:13:59.760302" level="INFO">${expected_keysTwo} = ['username', 'password']</msg>
<var>${expected_keysTwo}</var>
<arg>username</arg>
<arg>password</arg>
<doc>Returns a list containing given items.</doc>
<status status="PASS" start="2024-05-22T07:13:59.760166" elapsed="0.000159"/>
</kw>
<for flavor="IN">
<iter>
<kw name="Dictionary Should Contain Key" owner="Collections">
<msg time="2024-05-22T07:13:59.761199" level="INFO">False</msg>
<arg>${json_data['results'][0]['login']}</arg>
<arg>${keyTwo}</arg>
<doc>Fails if ``key`` is not found from ``dictionary``.</doc>
<status status="PASS" start="2024-05-22T07:13:59.760817" elapsed="0.000418"/>
</kw>
<kw name="Dictionary Should Contain Key" owner="Collections">
<msg time="2024-05-22T07:13:59.761965" level="INFO">False</msg>
<arg>${json_data['results'][0]['login']}</arg>
<arg>${keyTwo}</arg>
<doc>Fails if ``key`` is not found from ``dictionary``.</doc>
<status status="PASS" start="2024-05-22T07:13:59.761585" elapsed="0.000416"/>
</kw>
<kw name="Log" owner="BuiltIn">
<msg time="2024-05-22T07:13:59.762418" level="INFO">username</msg>
<arg>${keyTwo}</arg>
<doc>Logs the given message with the given level.</doc>
<status status="PASS" start="2024-05-22T07:13:59.762292" elapsed="0.000163"/>
</kw>
<var name="${keyTwo}">username</var>
<status status="PASS" start="2024-05-22T07:13:59.760708" elapsed="0.001961"/>
</iter>
<iter>
<kw name="Dictionary Should Contain Key" owner="Collections">
<msg time="2024-05-22T07:13:59.763324" level="INFO">False</msg>
<arg>${json_data['results'][0]['login']}</arg>
<arg>${keyTwo}</arg>
<doc>Fails if ``key`` is not found from ``dictionary``.</doc>
<status status="PASS" start="2024-05-22T07:13:59.762949" elapsed="0.000412"/>
</kw>
<kw name="Dictionary Should Contain Key" owner="Collections">
<msg time="2024-05-22T07:13:59.764105" level="INFO">False</msg>
<arg>${json_data['results'][0]['login']}</arg>
<arg>${keyTwo}</arg>
<doc>Fails if ``key`` is not found from ``dictionary``.</doc>
<status status="PASS" start="2024-05-22T07:13:59.763648" elapsed="0.000496"/>
</kw>
<kw name="Log" owner="BuiltIn">
<msg time="2024-05-22T07:13:59.764568" level="INFO">password</msg>
<arg>${keyTwo}</arg>
<doc>Logs the given message with the given level.</doc>
<status status="PASS" start="2024-05-22T07:13:59.764440" elapsed="0.000165"/>
</kw>
<var name="${keyTwo}">password</var>
<status status="PASS" start="2024-05-22T07:13:59.762841" elapsed="0.001980"/>
</iter>
<var>${keyTwo}</var>
<value>@{expected_keysTwo}</value>
<status status="PASS" start="2024-05-22T07:13:59.760559" elapsed="0.004381"/>
</for>
<status status="PASS" start="2024-05-22T07:13:59.649793" elapsed="0.115302"/>
</kw>
<doc>Testa a estrutura da resposta da API.</doc>
<tag>testeEstruturaResposta</tag>
<status status="PASS" start="2024-05-22T07:13:59.649073" elapsed="0.116176"/>
</test>
<test id="s1-s1-t4" name="Validar tipos de dados" line="28">
<kw name="Teste de Tipos de Dados" owner="random-user-service">
<kw name="GET On Session" owner="RequestsLibrary">
<msg time="2024-05-22T07:13:59.896377" level="INFO">GET Request : url=https://randomuser.me/api 
 path_url=/api 
 headers={'User-Agent': 'python-requests/2.32.2', 'Accept-Encoding': 'gzip, deflate', 'Accept': '*/*', 'Connection': 'keep-alive'} 
 body=None 
 </msg>
<msg time="2024-05-22T07:13:59.896460" level="INFO">GET Response : url=https://randomuser.me/api 
 status=200, reason=OK 
 headers={'Date': 'Wed, 22 May 2024 07:13:59 GMT', 'Content-Type': 'application/json; charset=utf-8', 'Transfer-Encoding': 'chunked', 'Connection': 'keep-alive', 'X-Powered-By': 'Express', 'Access-Control-Allow-Origin': '*', 'Cache-Control': 'no-cache', 'ETag': 'W/"49a-229kAW2Q+J1CDVFExk8XhTsZ/f8"', 'Vary': 'Accept-Encoding', 'Content-Encoding': 'gzip', 'CF-Cache-Status': 'DYNAMIC', 'Report-To': '{"endpoints":[{"url":"https:\\/\\/a.nel.cloudflare.com\\/report\\/v4?s=oC07U0dbC2GghTXVtXFqZdIkWTonpnhGE3I0oboHYOMlow5cl5Mwn%2B%2FpAsytwWZgsqigIAUeUbH9ztJNZma6J2Lf9%2FttZx6bqEYG3LkwtKKBWA2Vauk6p9lwRIJ3iya7"}],"group":"cf-nel","max_age":604800}', 'NEL': '{"success_fraction":0,"report_to":"cf-nel","max_age":604800}', 'Server': 'cloudflare', 'CF-RAY': '887b01bc98f4dba6-LAX', 'alt-svc': 'h3=":443"; ma=86400'} 
 body={"results":[{"gender":"male","name":{"title":"Mr","first":"Nicolas","last":"Calvo"},"location":{"street":{"number":8438,"name":"Calle Nebrija"},"city":"Alcalá de Henares","state":"País Vasco","country":"Spain","postcode":89722,"coordinates":{"latitude":"-33.8928","longitude":"-55.2764"},"timezone":{"offset":"-5:00","description":"Eastern Time (US &amp; Canada), Bogota, Lima"}},"email":"nicolas.calvo@example.com","login":{"uuid":"c13de0ee-2e27-4044-9be7-ee47dfd35da3","username":"tinyladybug933","password":"poker","salt":"l6kDaqqw","md5":"40750bc35256e0affdb7be0a36d50fd2","sha1":"35c6a1cf94b28fb633acd35b4fd4e6aae2ce0d80","sha256":"89362b8abdb40a466331a013e8aeb629429aec24985ac3213b1e4e411a666db1"},"dob":{"date":"1997-03-29T13:11:31.649Z","age":27},"registered":{"date":"2008-07-01T14:01:16.680Z","age":15},"phone":"989-813-861","cell":"604-335-214","id":{"name":"DNI","value":"55453679-G"},"picture":{"large":"https://randomuser.me/api/portraits/men/46.jpg","medium":"https://randomuser.me/api/portraits/med/men/46.jpg","thumbnail":"https://randomuser.me/api/portraits/thumb/men/46.jpg"},"nat":"ES"}],"info":{"seed":"5145a1de701b7a4e","results":1,"page":1,"version":"1.4"}} 
 </msg>
<msg time="2024-05-22T07:13:59.896539" level="INFO">/opt/hostedtoolcache/Python/3.12.3/x64/lib/python3.12/site-packages/urllib3/connectionpool.py:1103: InsecureRequestWarning: Unverified HTTPS request is being made to host 'randomuser.me'. Adding certificate verification is strongly advised. See: https://urllib3.readthedocs.io/en/latest/advanced-usage.html#tls-warnings
  warnings.warn(</msg>
<msg time="2024-05-22T07:13:59.896677" level="INFO">${response} = &lt;Response [200]&gt;</msg>
<var>${response}</var>
<arg>consultarAPI</arg>
<arg>/api</arg>
<doc>Sends a GET request on a previously created HTTP Session.</doc>
<status status="PASS" start="2024-05-22T07:13:59.767819" elapsed="0.128910"/>
</kw>
<kw name="Set Variable" owner="BuiltIn">
<msg time="2024-05-22T07:13:59.897643" level="INFO">${json_data} = {'results': [{'gender': 'male', 'name': {'title': 'Mr', 'first': 'Nicolas', 'last': 'Calvo'}, 'location': {'street': {'number': 8438, 'name': 'Calle Nebrija'}, 'city': 'Alcalá de Henares', 'state': 'P...</msg>
<var>${json_data}</var>
<arg>${response.json()}</arg>
<doc>Returns the given values which can then be assigned to a variables.</doc>
<status status="PASS" start="2024-05-22T07:13:59.897152" elapsed="0.000520"/>
</kw>
<kw name="Log" owner="BuiltIn">
<msg time="2024-05-22T07:13:59.898133" level="INFO">{'results': [{'gender': 'male', 'name': {'title': 'Mr', 'first': 'Nicolas', 'last': 'Calvo'}, 'location': {'street': {'number': 8438, 'name': 'Calle Nebrija'}, 'city': 'Alcalá de Henares', 'state': 'País Vasco', 'country': 'Spain', 'postcode': 89722, 'coordinates': {'latitude': '-33.8928', 'longitude': '-55.2764'}, 'timezone': {'offset': '-5:00', 'description': 'Eastern Time (US &amp; Canada), Bogota, Lima'}}, 'email': 'nicolas.calvo@example.com', 'login': {'uuid': 'c13de0ee-2e27-4044-9be7-ee47dfd35da3', 'username': 'tinyladybug933', 'password': 'poker', 'salt': 'l6kDaqqw', 'md5': '40750bc35256e0affdb7be0a36d50fd2', 'sha1': '35c6a1cf94b28fb633acd35b4fd4e6aae2ce0d80', 'sha256': '89362b8abdb40a466331a013e8aeb629429aec24985ac3213b1e4e411a666db1'}, 'dob': {'date': '1997-03-29T13:11:31.649Z', 'age': 27}, 'registered': {'date': '2008-07-01T14:01:16.680Z', 'age': 15}, 'phone': '989-813-861', 'cell': '604-335-214', 'id': {'name': 'DNI', 'value': '55453679-G'}, 'picture': {'large': 'https://randomuser.me/api/portraits/men/46.jpg', 'medium': 'https://randomuser.me/api/portraits/med/men/46.jpg', 'thumbnail': 'https://randomuser.me/api/portraits/thumb/men/46.jpg'}, 'nat': 'ES'}], 'info': {'seed': '5145a1de701b7a4e', 'results': 1, 'page': 1, 'version': '1.4'}}</msg>
<arg>${json_data}</arg>
<doc>Logs the given message with the given level.</doc>
<status status="PASS" start="2024-05-22T07:13:59.897979" elapsed="0.000240"/>
</kw>
<kw name="Should Be String" owner="String">
<arg>${json_data['results'][0]['gender']}</arg>
<doc>Fails if the given ``item`` is not a string.</doc>
<status status="PASS" start="2024-05-22T07:13:59.898523" elapsed="0.000362"/>
</kw>
<kw name="Should Match Regexp" owner="BuiltIn">
<arg>${json_data['results'][0]['email']}</arg>
<arg>^[a-zA-Z0-9._%+-]+@[a-zA-Z0-9.-]+\.[a-zA-Z]{2,}$</arg>
<doc>Fails if ``string`` does not match ``pattern`` as a regular expression.</doc>
<status status="PASS" start="2024-05-22T07:13:59.899077" elapsed="0.000517"/>
</kw>
<kw name="Should Match Regexp" owner="BuiltIn">
<arg>${json_data['results'][0]['dob']['date']}</arg>
<arg>\\d{4}-\\d{2}-\\d{2}T\\d{2}:\\d{2}:\\d{2}\\.\\d{3}Z</arg>
<doc>Fails if ``string`` does not match ``pattern`` as a regular expression.</doc>
<status status="PASS" start="2024-05-22T07:13:59.899790" elapsed="0.000480"/>
</kw>
<kw name="Should Match Regexp" owner="BuiltIn">
<arg>${json_data['results'][0]['registered']['date']}</arg>
<arg>\\d{4}-\\d{2}-\\d{2}T\\d{2}:\\d{2}:\\d{2}\\.\\d{3}Z</arg>
<doc>Fails if ``string`` does not match ``pattern`` as a regular expression.</doc>
<status status="PASS" start="2024-05-22T07:13:59.900461" elapsed="0.000371"/>
</kw>
<kw name="Should Match Regexp" owner="BuiltIn">
<arg>${json_data['results'][0]['picture']['large']}</arg>
<arg>^https?://.*\.(?:png|jpe?g|gif|bmp)$</arg>
<doc>Fails if ``string`` does not match ``pattern`` as a regular expression.</doc>
<status status="PASS" start="2024-05-22T07:13:59.901019" elapsed="0.000483"/>
</kw>
<kw name="Should Match Regexp" owner="BuiltIn">
<arg>${json_data['results'][0]['picture']['medium']}</arg>
<arg>^https?://.*\.(?:png|jpe?g|gif|bmp)$</arg>
<doc>Fails if ``string`` does not match ``pattern`` as a regular expression.</doc>
<status status="PASS" start="2024-05-22T07:13:59.901695" elapsed="0.000377"/>
</kw>
<kw name="Should Match Regexp" owner="BuiltIn">
<arg>${json_data['results'][0]['picture']['thumbnail']}</arg>
<arg>^https?://.*\.(?:png|jpe?g|gif|bmp)$</arg>
<doc>Fails if ``string`` does not match ``pattern`` as a regular expression.</doc>
<status status="PASS" start="2024-05-22T07:13:59.902260" elapsed="0.000343"/>
</kw>
<kw name="Log" owner="BuiltIn">
<msg time="2024-05-22T07:13:59.903115" level="INFO">{'large': 'https://randomuser.me/api/portraits/men/46.jpg', 'medium': 'https://randomuser.me/api/portraits/med/men/46.jpg', 'thumbnail': 'https://randomuser.me/api/portraits/thumb/men/46.jpg'}</msg>
<arg>${json_data['results'][0]['picture']}</arg>
<doc>Logs the given message with the given level.</doc>
<status status="PASS" start="2024-05-22T07:13:59.902793" elapsed="0.000363"/>
</kw>
<status status="PASS" start="2024-05-22T07:13:59.767588" elapsed="0.135824"/>
</kw>
<kw name="Teste de Tipos de Dados - Postcode" owner="random-user-service">
<kw name="GET On Session" owner="RequestsLibrary">
<msg time="2024-05-22T07:13:59.995982" level="INFO">GET Request : url=https://randomuser.me/api 
 path_url=/api 
 headers={'User-Agent': 'python-requests/2.32.2', 'Accept-Encoding': 'gzip, deflate', 'Accept': '*/*', 'Connection': 'keep-alive'} 
 body=None 
 </msg>
<msg time="2024-05-22T07:13:59.996065" level="INFO">GET Response : url=https://randomuser.me/api 
 status=200, reason=OK 
 headers={'Date': 'Wed, 22 May 2024 07:13:59 GMT', 'Content-Type': 'application/json; charset=utf-8', 'Transfer-Encoding': 'chunked', 'Connection': 'keep-alive', 'X-Powered-By': 'Express', 'Access-Control-Allow-Origin': '*', 'Cache-Control': 'no-cache', 'ETag': 'W/"481-fToxQhAv+eWw5QL4uOUNkePZsvs"', 'Vary': 'Accept-Encoding', 'Content-Encoding': 'gzip', 'CF-Cache-Status': 'DYNAMIC', 'Report-To': '{"endpoints":[{"url":"https:\\/\\/a.nel.cloudflare.com\\/report\\/v4?s=RwF6hqOmCL5nbBzrjgUGAWMQV%2Fv8g2LGkPlE%2FCzE3AvNDf1BHvH4Wc12fhdn8LhErfo%2FZ5DnkWMh8vFS5vHmXcsXYZ5IteNY0r%2FEelk9INdQZIp477lpRvQS8jh5n9xF"}],"group":"cf-nel","max_age":604800}', 'NEL': '{"success_fraction":0,"report_to":"cf-nel","max_age":604800}', 'Server': 'cloudflare', 'CF-RAY': '887b01bd69b7dba6-LAX', 'alt-svc': 'h3=":443"; ma=86400'} 
 body={"results":[{"gender":"male","name":{"title":"Mr","first":"Gustavo","last":"Castillo"},"location":{"street":{"number":9295,"name":"Calle de La Almudena"},"city":"Talavera de la Reina","state":"Galicia","country":"Spain","postcode":14490,"coordinates":{"latitude":"-37.6621","longitude":"-135.1864"},"timezone":{"offset":"+3:30","description":"Tehran"}},"email":"gustavo.castillo@example.com","login":{"uuid":"729e7da0-8051-45f7-a772-641366e31043","username":"heavycat439","password":"janet","salt":"Gavfu8DN","md5":"810dc0c4105b25661940cf97b515c28a","sha1":"0680b6f52e4f09b5b234ecacd5ee1bf16205efe6","sha256":"78e8822011ab4e8d5e7db0570fc6754468d751c0b178168dc307ceb079de4e56"},"dob":{"date":"1960-02-22T23:04:05.584Z","age":64},"registered":{"date":"2004-07-01T16:21:44.414Z","age":19},"phone":"944-821-022","cell":"697-557-558","id":{"name":"DNI","value":"11616321-M"},"picture":{"large":"https://randomuser.me/api/portraits/men/20.jpg","medium":"https://randomuser.me/api/portraits/med/men/20.jpg","thumbnail":"https://randomuser.me/api/portraits/thumb/men/20.jpg"},"nat":"ES"}],"info":{"seed":"f7db75c5144f6df1","results":1,"page":1,"version":"1.4"}} 
 </msg>
<msg time="2024-05-22T07:13:59.996122" level="INFO">/opt/hostedtoolcache/Python/3.12.3/x64/lib/python3.12/site-packages/urllib3/connectionpool.py:1103: InsecureRequestWarning: Unverified HTTPS request is being made to host 'randomuser.me'. Adding certificate verification is strongly advised. See: https://urllib3.readthedocs.io/en/latest/advanced-usage.html#tls-warnings
  warnings.warn(</msg>
<msg time="2024-05-22T07:13:59.996206" level="INFO">${response} = &lt;Response [200]&gt;</msg>
<var>${response}</var>
<arg>consultarAPI</arg>
<arg>/api</arg>
<doc>Sends a GET request on a previously created HTTP Session.</doc>
<status status="PASS" start="2024-05-22T07:13:59.903844" elapsed="0.092390"/>
</kw>
<kw name="Set Variable" owner="BuiltIn">
<msg time="2024-05-22T07:13:59.997057" level="INFO">${json_data} = {'results': [{'gender': 'male', 'name': {'title': 'Mr', 'first': 'Gustavo', 'last': 'Castillo'}, 'location': {'street': {'number': 9295, 'name': 'Calle de La Almudena'}, 'city': 'Talavera de la Reina'...</msg>
<var>${json_data}</var>
<arg>${response.json()}</arg>
<doc>Returns the given values which can then be assigned to a variables.</doc>
<status status="PASS" start="2024-05-22T07:13:59.996616" elapsed="0.000471"/>
</kw>
<kw name="Log" owner="BuiltIn">
<msg time="2024-05-22T07:13:59.997589" level="INFO">{'results': [{'gender': 'male', 'name': {'title': 'Mr', 'first': 'Gustavo', 'last': 'Castillo'}, 'location': {'street': {'number': 9295, 'name': 'Calle de La Almudena'}, 'city': 'Talavera de la Reina', 'state': 'Galicia', 'country': 'Spain', 'postcode': 14490, 'coordinates': {'latitude': '-37.6621', 'longitude': '-135.1864'}, 'timezone': {'offset': '+3:30', 'description': 'Tehran'}}, 'email': 'gustavo.castillo@example.com', 'login': {'uuid': '729e7da0-8051-45f7-a772-641366e31043', 'username': 'heavycat439', 'password': 'janet', 'salt': 'Gavfu8DN', 'md5': '810dc0c4105b25661940cf97b515c28a', 'sha1': '0680b6f52e4f09b5b234ecacd5ee1bf16205efe6', 'sha256': '78e8822011ab4e8d5e7db0570fc6754468d751c0b178168dc307ceb079de4e56'}, 'dob': {'date': '1960-02-22T23:04:05.584Z', 'age': 64}, 'registered': {'date': '2004-07-01T16:21:44.414Z', 'age': 19}, 'phone': '944-821-022', 'cell': '697-557-558', 'id': {'name': 'DNI', 'value': '11616321-M'}, 'picture': {'large': 'https://randomuser.me/api/portraits/men/20.jpg', 'medium': 'https://randomuser.me/api/portraits/med/men/20.jpg', 'thumbnail': 'https://randomuser.me/api/portraits/thumb/men/20.jpg'}, 'nat': 'ES'}], 'info': {'seed': 'f7db75c5144f6df1', 'results': 1, 'page': 1, 'version': '1.4'}}</msg>
<arg>${json_data}</arg>
<doc>Logs the given message with the given level.</doc>
<status status="PASS" start="2024-05-22T07:13:59.997436" elapsed="0.000228"/>
</kw>
<kw name="Should Be Equal As Numbers" owner="BuiltIn">
<arg>${json_data['results'][0]['location']['postcode']}</arg>
<arg>${json_data['results'][0]['location']['postcode']}</arg>
<doc>Fails if objects are unequal after converting them to real numbers.</doc>
<status status="PASS" start="2024-05-22T07:13:59.997962" elapsed="0.000746"/>
</kw>
<kw name="Log" owner="BuiltIn">
<msg time="2024-05-22T07:13:59.999240" level="INFO">14490</msg>
<arg>${json_data['results'][0]['location']['postcode']}</arg>
<doc>Logs the given message with the given level.</doc>
<status status="PASS" start="2024-05-22T07:13:59.998905" elapsed="0.000375"/>
</kw>
<status status="PASS" start="2024-05-22T07:13:59.903621" elapsed="0.095925"/>
</kw>
<doc>Testa se os tipos de dados na resposta da API estão corretos.</doc>
<tag>testeTiposDados</tag>
<status status="PASS" start="2024-05-22T07:13:59.767050" elapsed="0.232650"/>
</test>
<test id="s1-s1-t5" name="Validar conteudo" line="35">
<kw name="Teste de Tipos de Conteudo" owner="random-user-service">
<kw name="GET On Session" owner="RequestsLibrary">
<msg time="2024-05-22T07:14:00.098320" level="INFO">GET Request : url=https://randomuser.me/api 
 path_url=/api 
 headers={'User-Agent': 'python-requests/2.32.2', 'Accept-Encoding': 'gzip, deflate', 'Accept': '*/*', 'Connection': 'keep-alive'} 
 body=None 
 </msg>
<msg time="2024-05-22T07:14:00.098433" level="INFO">GET Response : url=https://randomuser.me/api 
 status=200, reason=OK 
 headers={'Date': 'Wed, 22 May 2024 07:14:00 GMT', 'Content-Type': 'application/json; charset=utf-8', 'Transfer-Encoding': 'chunked', 'Connection': 'keep-alive', 'X-Powered-By': 'Express', 'Access-Control-Allow-Origin': '*', 'Cache-Control': 'no-cache', 'ETag': 'W/"492-lXaUJtDy2lMduDhoyb/xmLH3dPo"', 'Vary': 'Accept-Encoding', 'Content-Encoding': 'gzip', 'CF-Cache-Status': 'DYNAMIC', 'Report-To': '{"endpoints":[{"url":"https:\\/\\/a.nel.cloudflare.com\\/report\\/v4?s=8bUEnuwfy85MmGoNvUToUl827tUUbIJvg13CLSHXXlt60rnZYUZE%2B8y5nSmRyouE0dWtpLwTAJ6AQsjiupiSulfI0etkvPj6qgP5SK9W9HI2GQg%2BC%2Fs5d8rlo9PZLLXY"}],"group":"cf-nel","max_age":604800}', 'NEL': '{"success_fraction":0,"report_to":"cf-nel","max_age":604800}', 'Server': 'cloudflare', 'CF-RAY': '887b01be0a4adba6-LAX', 'alt-svc': 'h3=":443"; ma=86400'} 
 body={"results":[{"gender":"female","name":{"title":"Mrs","first":"Madison","last":"Ross"},"location":{"street":{"number":5157,"name":"15th St"},"city":"Notre Dame de Lourdes","state":"Newfoundland and Labrador","country":"Canada","postcode":"A5C 6I6","coordinates":{"latitude":"-72.6061","longitude":"91.5895"},"timezone":{"offset":"-9:00","description":"Alaska"}},"email":"madison.ross@example.com","login":{"uuid":"bc728095-6b7c-4f42-90cd-74206fc37c2c","username":"ticklishladybug365","password":"roxy","salt":"UDW9sl1a","md5":"ae30c436f2744b18346eabd3587e136a","sha1":"b9c6bd19cb9e709a035da4117bea0805c60c4ff2","sha256":"c7b803f153607d8af73e9dc264a80cd72ca5c3a5493c581d040c625043d46115"},"dob":{"date":"1954-05-30T09:51:16.815Z","age":69},"registered":{"date":"2002-09-05T10:33:06.606Z","age":21},"phone":"Z72 M81-7737","cell":"T39 L99-2387","id":{"name":"SIN","value":"134547033"},"picture":{"large":"https://randomuser.me/api/portraits/women/38.jpg","medium":"https://randomuser.me/api/portraits/med/women/38.jpg","thumbnail":"https://randomuser.me/api/portraits/thumb/women/38.jpg"},"nat":"CA"}],"info":{"seed":"a17d412895f92cd3","results":1,"page":1,"version":"1.4"}} 
 </msg>
<msg time="2024-05-22T07:14:00.098532" level="INFO">/opt/hostedtoolcache/Python/3.12.3/x64/lib/python3.12/site-packages/urllib3/connectionpool.py:1103: InsecureRequestWarning: Unverified HTTPS request is being made to host 'randomuser.me'. Adding certificate verification is strongly advised. See: https://urllib3.readthedocs.io/en/latest/advanced-usage.html#tls-warnings
  warnings.warn(</msg>
<msg time="2024-05-22T07:14:00.098685" level="INFO">${response} = &lt;Response [200]&gt;</msg>
<var>${response}</var>
<arg>consultarAPI</arg>
<arg>/api</arg>
<doc>Sends a GET request on a previously created HTTP Session.</doc>
<status status="PASS" start="2024-05-22T07:14:00.002445" elapsed="0.096283"/>
</kw>
<kw name="Set Variable" owner="BuiltIn">
<msg time="2024-05-22T07:14:00.100079" level="INFO">${json_data} = {'results': [{'gender': 'female', 'name': {'title': 'Mrs', 'first': 'Madison', 'last': 'Ross'}, 'location': {'street': {'number': 5157, 'name': '15th St'}, 'city': 'Notre Dame de Lourdes', 'state': 'N...</msg>
<var>${json_data}</var>
<arg>${response.json()}</arg>
<doc>Returns the given values which can then be assigned to a variables.</doc>
<status status="PASS" start="2024-05-22T07:14:00.099349" elapsed="0.000771"/>
</kw>
<kw name="Set Variable" owner="BuiltIn">
<msg time="2024-05-22T07:14:00.100894" level="INFO">${name_title} = Mrs</msg>
<var>${name_title}</var>
<arg>${json_data["results"][0]["name"]["title"]}</arg>
<doc>Returns the given values which can then be assigned to a variables.</doc>
<status status="PASS" start="2024-05-22T07:14:00.100505" elapsed="0.000415"/>
</kw>
<kw name="Create List" owner="BuiltIn">
<msg time="2024-05-22T07:14:00.101409" level="INFO">${allowed_titles} = ['Mr', 'Ms', 'Miss', 'Mrs', 'Madame', 'Monsieur']</msg>
<var>${allowed_titles}</var>
<arg>Mr</arg>
<arg>Ms</arg>
<arg>Miss</arg>
<arg>Mrs</arg>
<arg>Madame</arg>
<arg>Monsieur</arg>
<doc>Returns a list containing given items.</doc>
<status status="PASS" start="2024-05-22T07:14:00.101223" elapsed="0.000212"/>
</kw>
<kw name="List Should Contain Value" owner="Collections">
<msg time="2024-05-22T07:14:00.101914" level="INFO">False</msg>
<arg>${allowed_titles}</arg>
<arg>${name_title}</arg>
<doc>Fails if the ``value`` is not found from ``list``.</doc>
<status status="PASS" start="2024-05-22T07:14:00.101739" elapsed="0.000212"/>
</kw>
<kw name="Set Variable" owner="BuiltIn">
<msg time="2024-05-22T07:14:00.102645" level="INFO">${name_country} = CA</msg>
<var>${name_country}</var>
<arg>${json_data["results"][0]["nat"]}</arg>
<doc>Returns the given values which can then be assigned to a variables.</doc>
<status status="PASS" start="2024-05-22T07:14:00.102252" elapsed="0.000419"/>
</kw>
<kw name="Create List" owner="BuiltIn">
<msg time="2024-05-22T07:14:00.103584" level="INFO">${list_country} = ['AD', 'AE', 'AF', 'AG', 'AI', 'AL', 'AM', 'AO', 'AQ', 'AR', 'AS', 'AT', 'AU', 'AW', 'AX', 'AZ', 'BA', 'BB', 'BD', 'BE', 'BF', 'BG', 'BH', 'BI', 'BJ', 'BL', 'BM', 'BN', 'BO', 'BQ', 'BR', 'BS', 'BT', '...</msg>
<var>${list_country}</var>
<arg>AD</arg>
<arg>AE</arg>
<arg>AF</arg>
<arg>AG</arg>
<arg>AI</arg>
<arg>AL</arg>
<arg>AM</arg>
<arg>AO</arg>
<arg>AQ</arg>
<arg>AR</arg>
<arg>AS</arg>
<arg>AT</arg>
<arg>AU</arg>
<arg>AW</arg>
<arg>AX</arg>
<arg>AZ</arg>
<arg>BA</arg>
<arg>BB</arg>
<arg>BD</arg>
<arg>BE</arg>
<arg>BF</arg>
<arg>BG</arg>
<arg>BH</arg>
<arg>BI</arg>
<arg>BJ</arg>
<arg>BL</arg>
<arg>BM</arg>
<arg>BN</arg>
<arg>BO</arg>
<arg>BQ</arg>
<arg>BR</arg>
<arg>BS</arg>
<arg>BT</arg>
<arg>BV</arg>
<arg>BW</arg>
<arg>BY</arg>
<arg>BZ</arg>
<arg>CA</arg>
<arg>CC</arg>
<arg>CD</arg>
<arg>CF</arg>
<arg>CG</arg>
<arg>CH</arg>
<arg>CI</arg>
<arg>CK</arg>
<arg>CL</arg>
<arg>CM</arg>
<arg>CN</arg>
<arg>CO</arg>
<arg>CR</arg>
<arg>CU</arg>
<arg>CV</arg>
<arg>CW</arg>
<arg>CX</arg>
<arg>CY</arg>
<arg>CZ</arg>
<arg>DE</arg>
<arg>DJ</arg>
<arg>DK</arg>
<arg>DM</arg>
<arg>DO</arg>
<arg>DZ</arg>
<arg>EC</arg>
<arg>EE</arg>
<arg>EG</arg>
<arg>EH</arg>
<arg>ER</arg>
<arg>ES</arg>
<arg>ET</arg>
<arg>FI</arg>
<arg>FJ</arg>
<arg>FK</arg>
<arg>FM</arg>
<arg>FO</arg>
<arg>FR</arg>
<arg>GA</arg>
<arg>GB</arg>
<arg>GD</arg>
<arg>GE</arg>
<arg>GF</arg>
<arg>GG</arg>
<arg>GH</arg>
<arg>GI</arg>
<arg>GL</arg>
<arg>GM</arg>
<arg>GN</arg>
<arg>GP</arg>
<arg>GQ</arg>
<arg>GR</arg>
<arg>GS</arg>
<arg>GT</arg>
<arg>GU</arg>
<arg>GW</arg>
<arg>GY</arg>
<arg>HK</arg>
<arg>HM</arg>
<arg>HN</arg>
<arg>HR</arg>
<arg>HT</arg>
<arg>HU</arg>
<arg>ID</arg>
<arg>IE</arg>
<arg>IL</arg>
<arg>IM</arg>
<arg>IN</arg>
<arg>IO</arg>
<arg>IQ</arg>
<arg>IR</arg>
<arg>IS</arg>
<arg>IT</arg>
<arg>JE</arg>
<arg>JM</arg>
<arg>JO</arg>
<arg>JP</arg>
<arg>KE</arg>
<arg>KG</arg>
<arg>KH</arg>
<arg>KI</arg>
<arg>KM</arg>
<arg>KN</arg>
<arg>KP</arg>
<arg>KR</arg>
<arg>KW</arg>
<arg>KY</arg>
<arg>KZ</arg>
<arg>LA</arg>
<arg>LB</arg>
<arg>LC</arg>
<arg>LI</arg>
<arg>LK</arg>
<arg>LR</arg>
<arg>LS</arg>
<arg>LT</arg>
<arg>LU</arg>
<arg>LV</arg>
<arg>LY</arg>
<arg>MA</arg>
<arg>MC</arg>
<arg>MD</arg>
<arg>ME</arg>
<arg>MF</arg>
<arg>MG</arg>
<arg>MH</arg>
<arg>MK</arg>
<arg>ML</arg>
<arg>MM</arg>
<arg>MN</arg>
<arg>MO</arg>
<arg>MP</arg>
<arg>MQ</arg>
<arg>MR</arg>
<arg>MS</arg>
<arg>MT</arg>
<arg>MU</arg>
<arg>MV</arg>
<arg>MW</arg>
<arg>MX</arg>
<arg>MY</arg>
<arg>MZ</arg>
<arg>NA</arg>
<arg>NC</arg>
<arg>NE</arg>
<arg>NF</arg>
<arg>NG</arg>
<arg>NI</arg>
<arg>NL</arg>
<arg>NO</arg>
<arg>NP</arg>
<arg>NR</arg>
<arg>NU</arg>
<arg>NZ</arg>
<arg>OM</arg>
<arg>PA</arg>
<arg>PE</arg>
<arg>PF</arg>
<arg>PG</arg>
<arg>PH</arg>
<arg>PK</arg>
<arg>PL</arg>
<arg>PM</arg>
<arg>PN</arg>
<arg>PR</arg>
<arg>PS</arg>
<arg>PT</arg>
<arg>PW</arg>
<arg>PY</arg>
<arg>QA</arg>
<arg>RE</arg>
<arg>RO</arg>
<arg>RS</arg>
<arg>RU</arg>
<arg>RW</arg>
<arg>SA</arg>
<arg>SB</arg>
<arg>SC</arg>
<arg>SD</arg>
<arg>SE</arg>
<arg>SG</arg>
<arg>SH</arg>
<arg>SI</arg>
<arg>SJ</arg>
<arg>SK</arg>
<arg>SL</arg>
<arg>SM</arg>
<arg>SN</arg>
<arg>SO</arg>
<arg>SR</arg>
<arg>SS</arg>
<arg>ST</arg>
<arg>SV</arg>
<arg>SX</arg>
<arg>SY</arg>
<arg>SZ</arg>
<arg>TC</arg>
<arg>TD</arg>
<arg>TF</arg>
<arg>TG</arg>
<arg>TH</arg>
<arg>TJ</arg>
<arg>TK</arg>
<arg>TL</arg>
<arg>TM</arg>
<arg>TN</arg>
<arg>TO</arg>
<arg>TR</arg>
<arg>TT</arg>
<arg>TV</arg>
<arg>TW</arg>
<arg>TZ</arg>
<arg>UA</arg>
<arg>UG</arg>
<arg>UM</arg>
<arg>US</arg>
<arg>UY</arg>
<arg>UZ</arg>
<arg>VA</arg>
<arg>VC</arg>
<arg>VE</arg>
<arg>VG</arg>
<arg>VI</arg>
<arg>VN</arg>
<arg>VU</arg>
<arg>WF</arg>
<arg>WS</arg>
<arg>XK</arg>
<arg>YE</arg>
<arg>YT</arg>
<arg>ZA</arg>
<arg>ZM</arg>
<arg>ZW</arg>
<doc>Returns a list containing given items.</doc>
<status status="PASS" start="2024-05-22T07:14:00.102987" elapsed="0.000623"/>
</kw>
<kw name="List Should Contain Value" owner="Collections">
<msg time="2024-05-22T07:14:00.104597" level="INFO">False</msg>
<arg>${list_country}</arg>
<arg>${name_country}</arg>
<doc>Fails if the ``value`` is not found from ``list``.</doc>
<status status="PASS" start="2024-05-22T07:14:00.104393" elapsed="0.000242"/>
</kw>
<kw name="Run Keyword If" owner="BuiltIn">
<kw name="Should Be True" owner="BuiltIn">
<arg>${True}</arg>
<doc>Fails if the given condition is not true.</doc>
<status status="PASS" start="2024-05-22T07:14:00.105760" elapsed="0.000147"/>
</kw>
<arg>${json_data["results"][0]["location"]["coordinates"]["latitude"]} &gt;= -90 and ${json_data["results"][0]["location"]["coordinates"]["latitude"]} &lt;= 90</arg>
<arg>Should Be True</arg>
<arg>${True}</arg>
<doc>Runs the given keyword with the given arguments, if ``condition`` is true.</doc>
<status status="PASS" start="2024-05-22T07:14:00.104948" elapsed="0.001086"/>
</kw>
<kw name="Run Keyword If" owner="BuiltIn">
<kw name="Should Be True" owner="BuiltIn">
<arg>${True}</arg>
<doc>Fails if the given condition is not true.</doc>
<status status="PASS" start="2024-05-22T07:14:00.106924" elapsed="0.000259"/>
</kw>
<arg>${json_data["results"][0]["location"]["coordinates"]["longitude"]} &gt;= -180 and ${json_data["results"][0]["location"]["coordinates"]["longitude"]} &lt;= 180</arg>
<arg>Should Be True</arg>
<arg>${True}</arg>
<doc>Runs the given keyword with the given arguments, if ``condition`` is true.</doc>
<status status="PASS" start="2024-05-22T07:14:00.106221" elapsed="0.001089"/>
</kw>
<status status="PASS" start="2024-05-22T07:14:00.002045" elapsed="0.105398"/>
</kw>
<doc>Testa o conteúdo específico dos campos retornados pela API.</doc>
<tag>testeConteudo</tag>
<status status="PASS" start="2024-05-22T07:14:00.001439" elapsed="0.106157"/>
</test>
<status status="PASS" start="2024-05-22T07:13:59.139329" elapsed="0.970303"/>
</suite>
<status status="PASS" start="2024-05-22T07:13:59.125719" elapsed="0.989072"/>
</suite>
<statistics>
<total>
<stat pass="5" fail="0" skip="0">All Tests</stat>
</total>
<tag>
<stat pass="1" fail="0" skip="0">testeConteudo</stat>
<stat pass="1" fail="0" skip="0">testeEstruturaResposta</stat>
<stat pass="1" fail="0" skip="0">testeRequisicaoBasica</stat>
<stat pass="1" fail="0" skip="0">testeTiposDados</stat>
</tag>
<suite>
<stat pass="5" fail="0" skip="0" id="s1" name="Tests">Tests</stat>
<stat pass="5" fail="0" skip="0" id="s1-s1" name="Random-User-Test">Tests.Random-User-Test</stat>
</suite>
</statistics>
<errors>
</errors>
</robot>
