<?xml version="1.0" encoding="UTF-8"?>
<robot generator="Robot 7.0.1 (Python 3.12.4 on linux)" generated="2024-07-23T12:29:32.325721" rpa="false" schemaversion="5">
<suite id="s1" name="Tests" source="/home/runner/work/ApiRandomUser/ApiRandomUser/RamdonUser/tests">
<suite id="s1-s1" name="Random-User-Test" source="/home/runner/work/ApiRandomUser/ApiRandomUser/RamdonUser/tests/random-user-test.robot">
<test id="s1-s1-t1" name="Conectar" line="13">
<kw name="Conectar API" owner="random-user-service">
<kw name="Create Session" owner="RequestsLibrary">
<msg time="2024-07-23T12:29:32.727507" level="INFO">Creating Session using : alias=consultarAPI, url=https://randomuser.me/, headers={},                     cookies={}, auth=None, timeout=None, proxies=None, verify=False,                     debug=0 </msg>
<arg>consultarAPI</arg>
<arg>${URL}</arg>
<doc>Create Session: create a HTTP session to a server</doc>
<status status="PASS" start="2024-07-23T12:29:32.727294" elapsed="0.000409"/>
</kw>
<status status="PASS" start="2024-07-23T12:29:32.726210" elapsed="0.001870"/>
</kw>
<status status="PASS" start="2024-07-23T12:29:32.725609" elapsed="0.002669"/>
</test>
<test id="s1-s1-t2" name="Validar retorno 200 e JSON Válido" line="16">
<kw name="Teste de Requisicao Basica" owner="random-user-service">
<kw name="GET On Session" owner="RequestsLibrary">
<msg time="2024-07-23T12:29:32.976622" level="INFO">GET Request : url=https://randomuser.me/api 
 path_url=/api 
 headers={'User-Agent': 'python-requests/2.32.3', 'Accept-Encoding': 'gzip, deflate', 'Accept': '*/*', 'Connection': 'keep-alive'} 
 body=None 
 </msg>
<msg time="2024-07-23T12:29:32.976771" level="INFO">GET Response : url=https://randomuser.me/api 
 status=200, reason=OK 
 headers={'Date': 'Tue, 23 Jul 2024 12:29:32 GMT', 'Content-Type': 'application/json; charset=utf-8', 'Transfer-Encoding': 'chunked', 'Connection': 'keep-alive', 'X-Powered-By': 'Express', 'Access-Control-Allow-Origin': '*', 'Cache-Control': 'no-cache', 'ETag': 'W/"48d-KhrqqUKvGGdH+Nw3cV0M0v0FM78"', 'Vary': 'Accept-Encoding', 'Content-Encoding': 'gzip', 'CF-Cache-Status': 'DYNAMIC', 'Report-To': '{"endpoints":[{"url":"https:\\/\\/a.nel.cloudflare.com\\/report\\/v4?s=goBWy%2Bjsi0NEUB8xn%2FHHGnS9NU0yvOFU%2Be8gJ%2BYFz3LbWpA3KER7WPxRgoDWKHF7GXLPGcl1lWJwtpp43kZOrQgNRN61UkBFhyg6Pd6OEIsK%2FZ%2FJAcFjEobyvsRTwf1f"}],"group":"cf-nel","max_age":604800}', 'NEL': '{"success_fraction":0,"report_to":"cf-nel","max_age":604800}', 'Server': 'cloudflare', 'CF-RAY': '8a7bad38cee36170-ORD', 'alt-svc': 'h3=":443"; ma=86400'} 
 body={"results":[{"gender":"male","name":{"title":"Mr","first":"Dino","last":"da Rocha"},"location":{"street":{"number":2649,"name":"Rua Vinte de Setembro"},"city":"Vila Velha","state":"Bahia","country":"Brazil","postcode":64285,"coordinates":{"latitude":"-75.4357","longitude":"-87.6573"},"timezone":{"offset":"-8:00","description":"Pacific Time (US &amp; Canada)"}},"email":"dino.darocha@example.com","login":{"uuid":"4524ef29-b7b8-48e5-9b02-f519f949b722","username":"angrydog947","password":"poiuy","salt":"REQIH6v3","md5":"a312a59425bc8229d60bcbc4c9c9b36a","sha1":"8642f79dc37061de119d87721e064a379e4a82c5","sha256":"fe2c9a5eb5bad9fe6a95dcaa7a14328c6642399c84b72003b5507c3960bcab88"},"dob":{"date":"1963-11-03T17:45:37.881Z","age":60},"registered":{"date":"2003-10-09T07:29:11.055Z","age":20},"phone":"(96) 2564-1199","cell":"(66) 6576-4512","id":{"name":"CPF","value":"846.503.545-31"},"picture":{"large":"https://randomuser.me/api/portraits/men/60.jpg","medium":"https://randomuser.me/api/portraits/med/men/60.jpg","thumbnail":"https://randomuser.me/api/portraits/thumb/men/60.jpg"},"nat":"BR"}],"info":{"seed":"02a037bdc6efb9ca","results":1,"page":1,"version":"1.4"}} 
 </msg>
<msg time="2024-07-23T12:29:32.976861" level="INFO">/opt/hostedtoolcache/Python/3.12.4/x64/lib/python3.12/site-packages/urllib3/connectionpool.py:1099: InsecureRequestWarning: Unverified HTTPS request is being made to host 'randomuser.me'. Adding certificate verification is strongly advised. See: https://urllib3.readthedocs.io/en/latest/advanced-usage.html#tls-warnings
  warnings.warn(</msg>
<msg time="2024-07-23T12:29:32.977035" level="INFO">${response} = &lt;Response [200]&gt;</msg>
<var>${response}</var>
<arg>consultarAPI</arg>
<arg>/api</arg>
<doc>Sends a GET request on a previously created HTTP Session.</doc>
<status status="PASS" start="2024-07-23T12:29:32.730960" elapsed="0.246130"/>
</kw>
<kw name="Should Be Equal As Numbers" owner="BuiltIn">
<msg time="2024-07-23T12:29:32.978237" level="INFO">Argument types are:
&lt;class 'int'&gt;
&lt;class 'str'&gt;</msg>
<arg>${response.status_code}</arg>
<arg>200</arg>
<doc>Fails if objects are unequal after converting them to real numbers.</doc>
<status status="PASS" start="2024-07-23T12:29:32.977749" elapsed="0.000555"/>
</kw>
<kw name="Log" owner="BuiltIn">
<msg time="2024-07-23T12:29:32.978987" level="INFO">200</msg>
<arg>${response.status_code}</arg>
<doc>Logs the given message with the given level.</doc>
<status status="PASS" start="2024-07-23T12:29:32.978631" elapsed="0.000399"/>
</kw>
<kw name="Set Variable" owner="BuiltIn">
<msg time="2024-07-23T12:29:32.979767" level="INFO">${json_data} = {'results': [{'gender': 'male', 'name': {'title': 'Mr', 'first': 'Dino', 'last': 'da Rocha'}, 'location': {'street': {'number': 2649, 'name': 'Rua Vinte de Setembro'}, 'city': 'Vila Velha', 'state': '...</msg>
<var>${json_data}</var>
<arg>${response.json()}</arg>
<doc>Returns the given values which can then be assigned to a variables.</doc>
<status status="PASS" start="2024-07-23T12:29:32.979337" elapsed="0.000459"/>
</kw>
<kw name="Dictionary Should Contain Key" owner="Collections">
<arg>${json_data}</arg>
<arg>results</arg>
<doc>Fails if ``key`` is not found from ``dictionary``.</doc>
<status status="PASS" start="2024-07-23T12:29:32.980097" elapsed="0.000357"/>
</kw>
<status status="PASS" start="2024-07-23T12:29:32.730703" elapsed="0.249913"/>
</kw>
<doc>Testa se a API responde corretamente e retorna um objeto JSON válido.</doc>
<tag>testeRequisicaoBasica</tag>
<status status="PASS" start="2024-07-23T12:29:32.730210" elapsed="0.250582"/>
</test>
<test id="s1-s1-t3" name="Validar estrutura de resposta" line="22">
<kw name="Teste de Estrutura de Resposta" owner="random-user-service">
<kw name="GET On Session" owner="RequestsLibrary">
<msg time="2024-07-23T12:29:33.085896" level="INFO">GET Request : url=https://randomuser.me/api 
 path_url=/api 
 headers={'User-Agent': 'python-requests/2.32.3', 'Accept-Encoding': 'gzip, deflate', 'Accept': '*/*', 'Connection': 'keep-alive'} 
 body=None 
 </msg>
<msg time="2024-07-23T12:29:33.085990" level="INFO">GET Response : url=https://randomuser.me/api 
 status=200, reason=OK 
 headers={'Date': 'Tue, 23 Jul 2024 12:29:33 GMT', 'Content-Type': 'application/json; charset=utf-8', 'Transfer-Encoding': 'chunked', 'Connection': 'keep-alive', 'X-Powered-By': 'Express', 'Access-Control-Allow-Origin': '*', 'Cache-Control': 'no-cache', 'ETag': 'W/"48e-XP8dKGzLoyRffdZoEOybMDpA528"', 'Vary': 'Accept-Encoding', 'Content-Encoding': 'gzip', 'CF-Cache-Status': 'DYNAMIC', 'Report-To': '{"endpoints":[{"url":"https:\\/\\/a.nel.cloudflare.com\\/report\\/v4?s=uVKExe1VQsv58yIxkaQrY1iPGh9Q4STZqsu9AwxctFawF%2BX4zhfwDNwqYkNtRWC6k8EfKFWQrB9JdH3IorPc%2FX5PrUhj1SIFQn6jB5Njv0dMwYk3MLaAbGMcbwYfI8Kj"}],"group":"cf-nel","max_age":604800}', 'NEL': '{"success_fraction":0,"report_to":"cf-nel","max_age":604800}', 'Server': 'cloudflare', 'CF-RAY': '8a7bad393f926170-ORD', 'alt-svc': 'h3=":443"; ma=86400'} 
 body={"results":[{"gender":"female","name":{"title":"Miss","first":"Olivia","last":"Schmidt"},"location":{"street":{"number":4828,"name":"Main Road"},"city":"City of London","state":"Staffordshire","country":"United Kingdom","postcode":"I4 4EX","coordinates":{"latitude":"-8.5005","longitude":"64.8557"},"timezone":{"offset":"+5:45","description":"Kathmandu"}},"email":"olivia.schmidt@example.com","login":{"uuid":"cd3b753d-606e-4728-a23d-0119bb6616d1","username":"smallbear202","password":"celeb","salt":"dy4EiGzl","md5":"88c417d6960f21cd447fc444f2046cde","sha1":"127412bd1dcf28821ce3e079f1ab64d4a4fafe04","sha256":"539ee3d6a826dc43a4ba8bb4143b2903332092e5e60b78d150c343971315c482"},"dob":{"date":"1951-03-03T04:55:18.982Z","age":73},"registered":{"date":"2014-09-07T15:18:04.894Z","age":9},"phone":"019467 80216","cell":"07240 860658","id":{"name":"NINO","value":"CE 20 84 81 Z"},"picture":{"large":"https://randomuser.me/api/portraits/women/70.jpg","medium":"https://randomuser.me/api/portraits/med/women/70.jpg","thumbnail":"https://randomuser.me/api/portraits/thumb/women/70.jpg"},"nat":"GB"}],"info":{"seed":"49699d9d7fa9c81b","results":1,"page":1,"version":"1.4"}} 
 </msg>
<msg time="2024-07-23T12:29:33.086126" level="INFO">/opt/hostedtoolcache/Python/3.12.4/x64/lib/python3.12/site-packages/urllib3/connectionpool.py:1099: InsecureRequestWarning: Unverified HTTPS request is being made to host 'randomuser.me'. Adding certificate verification is strongly advised. See: https://urllib3.readthedocs.io/en/latest/advanced-usage.html#tls-warnings
  warnings.warn(</msg>
<msg time="2024-07-23T12:29:33.086254" level="INFO">${response} = &lt;Response [200]&gt;</msg>
<var>${response}</var>
<arg>consultarAPI</arg>
<arg>/api</arg>
<doc>Sends a GET request on a previously created HTTP Session.</doc>
<status status="PASS" start="2024-07-23T12:29:32.984103" elapsed="0.102193"/>
</kw>
<kw name="Set Variable" owner="BuiltIn">
<msg time="2024-07-23T12:29:33.087589" level="INFO">${json_data} = {'results': [{'gender': 'female', 'name': {'title': 'Miss', 'first': 'Olivia', 'last': 'Schmidt'}, 'location': {'street': {'number': 4828, 'name': 'Main Road'}, 'city': 'City of London', 'state': 'Sta...</msg>
<var>${json_data}</var>
<arg>${response.json()}</arg>
<doc>Returns the given values which can then be assigned to a variables.</doc>
<status status="PASS" start="2024-07-23T12:29:33.086982" elapsed="0.000637"/>
</kw>
<kw name="Log" owner="BuiltIn">
<msg time="2024-07-23T12:29:33.088098" level="INFO">{'results': [{'gender': 'female', 'name': {'title': 'Miss', 'first': 'Olivia', 'last': 'Schmidt'}, 'location': {'street': {'number': 4828, 'name': 'Main Road'}, 'city': 'City of London', 'state': 'Staffordshire', 'country': 'United Kingdom', 'postcode': 'I4 4EX', 'coordinates': {'latitude': '-8.5005', 'longitude': '64.8557'}, 'timezone': {'offset': '+5:45', 'description': 'Kathmandu'}}, 'email': 'olivia.schmidt@example.com', 'login': {'uuid': 'cd3b753d-606e-4728-a23d-0119bb6616d1', 'username': 'smallbear202', 'password': 'celeb', 'salt': 'dy4EiGzl', 'md5': '88c417d6960f21cd447fc444f2046cde', 'sha1': '127412bd1dcf28821ce3e079f1ab64d4a4fafe04', 'sha256': '539ee3d6a826dc43a4ba8bb4143b2903332092e5e60b78d150c343971315c482'}, 'dob': {'date': '1951-03-03T04:55:18.982Z', 'age': 73}, 'registered': {'date': '2014-09-07T15:18:04.894Z', 'age': 9}, 'phone': '019467 80216', 'cell': '07240 860658', 'id': {'name': 'NINO', 'value': 'CE 20 84 81 Z'}, 'picture': {'large': 'https://randomuser.me/api/portraits/women/70.jpg', 'medium': 'https://randomuser.me/api/portraits/med/women/70.jpg', 'thumbnail': 'https://randomuser.me/api/portraits/thumb/women/70.jpg'}, 'nat': 'GB'}], 'info': {'seed': '49699d9d7fa9c81b', 'results': 1, 'page': 1, 'version': '1.4'}}</msg>
<arg>${json_data}</arg>
<doc>Logs the given message with the given level.</doc>
<status status="PASS" start="2024-07-23T12:29:33.087934" elapsed="0.000212"/>
</kw>
<kw name="Dictionary Should Contain Key" owner="Collections">
<arg>${json_data}</arg>
<arg>results</arg>
<doc>Fails if ``key`` is not found from ``dictionary``.</doc>
<status status="PASS" start="2024-07-23T12:29:33.088479" elapsed="0.000220"/>
</kw>
<kw name="Should Not Be Empty" owner="BuiltIn">
<msg time="2024-07-23T12:29:33.089058" level="INFO">Length is 2.</msg>
<arg>${json_data}</arg>
<doc>Verifies that the given item is not empty.</doc>
<status status="PASS" start="2024-07-23T12:29:33.088913" elapsed="0.000182"/>
</kw>
<kw name="Create List" owner="BuiltIn">
<msg time="2024-07-23T12:29:33.089536" level="INFO">${expected_keys} = ['gender', 'name', 'location', 'email', 'login']</msg>
<var>${expected_keys}</var>
<arg>gender</arg>
<arg>name</arg>
<arg>location</arg>
<arg>email</arg>
<arg>login</arg>
<doc>Returns a list containing given items.</doc>
<status status="PASS" start="2024-07-23T12:29:33.089386" elapsed="0.000174"/>
</kw>
<for flavor="IN">
<iter>
<kw name="Dictionary Should Contain Key" owner="Collections">
<arg>${json_data['results'][0]}</arg>
<arg>${key}</arg>
<doc>Fails if ``key`` is not found from ``dictionary``.</doc>
<status status="PASS" start="2024-07-23T12:29:33.090141" elapsed="0.000401"/>
</kw>
<kw name="Log" owner="BuiltIn">
<msg time="2024-07-23T12:29:33.091091" level="INFO">{'gender': 'female', 'name': {'title': 'Miss', 'first': 'Olivia', 'last': 'Schmidt'}, 'location': {'street': {'number': 4828, 'name': 'Main Road'}, 'city': 'City of London', 'state': 'Staffordshire', 'country': 'United Kingdom', 'postcode': 'I4 4EX', 'coordinates': {'latitude': '-8.5005', 'longitude': '64.8557'}, 'timezone': {'offset': '+5:45', 'description': 'Kathmandu'}}, 'email': 'olivia.schmidt@example.com', 'login': {'uuid': 'cd3b753d-606e-4728-a23d-0119bb6616d1', 'username': 'smallbear202', 'password': 'celeb', 'salt': 'dy4EiGzl', 'md5': '88c417d6960f21cd447fc444f2046cde', 'sha1': '127412bd1dcf28821ce3e079f1ab64d4a4fafe04', 'sha256': '539ee3d6a826dc43a4ba8bb4143b2903332092e5e60b78d150c343971315c482'}, 'dob': {'date': '1951-03-03T04:55:18.982Z', 'age': 73}, 'registered': {'date': '2014-09-07T15:18:04.894Z', 'age': 9}, 'phone': '019467 80216', 'cell': '07240 860658', 'id': {'name': 'NINO', 'value': 'CE 20 84 81 Z'}, 'picture': {'large': 'https://randomuser.me/api/portraits/women/70.jpg', 'medium': 'https://randomuser.me/api/portraits/med/women/70.jpg', 'thumbnail': 'https://randomuser.me/api/portraits/thumb/women/70.jpg'}, 'nat': 'GB'}</msg>
<arg>${json_data['results'][0]}</arg>
<doc>Logs the given message with the given level.</doc>
<status status="PASS" start="2024-07-23T12:29:33.090729" elapsed="0.000412"/>
</kw>
<kw name="Log" owner="BuiltIn">
<msg time="2024-07-23T12:29:33.091629" level="INFO">gender</msg>
<arg>${key}</arg>
<doc>Logs the given message with the given level.</doc>
<status status="PASS" start="2024-07-23T12:29:33.091475" elapsed="0.000194"/>
</kw>
<var name="${key}">gender</var>
<status status="PASS" start="2024-07-23T12:29:33.090015" elapsed="0.001875"/>
</iter>
<iter>
<kw name="Dictionary Should Contain Key" owner="Collections">
<arg>${json_data['results'][0]}</arg>
<arg>${key}</arg>
<doc>Fails if ``key`` is not found from ``dictionary``.</doc>
<status status="PASS" start="2024-07-23T12:29:33.092191" elapsed="0.000420"/>
</kw>
<kw name="Log" owner="BuiltIn">
<msg time="2024-07-23T12:29:33.093169" level="INFO">{'gender': 'female', 'name': {'title': 'Miss', 'first': 'Olivia', 'last': 'Schmidt'}, 'location': {'street': {'number': 4828, 'name': 'Main Road'}, 'city': 'City of London', 'state': 'Staffordshire', 'country': 'United Kingdom', 'postcode': 'I4 4EX', 'coordinates': {'latitude': '-8.5005', 'longitude': '64.8557'}, 'timezone': {'offset': '+5:45', 'description': 'Kathmandu'}}, 'email': 'olivia.schmidt@example.com', 'login': {'uuid': 'cd3b753d-606e-4728-a23d-0119bb6616d1', 'username': 'smallbear202', 'password': 'celeb', 'salt': 'dy4EiGzl', 'md5': '88c417d6960f21cd447fc444f2046cde', 'sha1': '127412bd1dcf28821ce3e079f1ab64d4a4fafe04', 'sha256': '539ee3d6a826dc43a4ba8bb4143b2903332092e5e60b78d150c343971315c482'}, 'dob': {'date': '1951-03-03T04:55:18.982Z', 'age': 73}, 'registered': {'date': '2014-09-07T15:18:04.894Z', 'age': 9}, 'phone': '019467 80216', 'cell': '07240 860658', 'id': {'name': 'NINO', 'value': 'CE 20 84 81 Z'}, 'picture': {'large': 'https://randomuser.me/api/portraits/women/70.jpg', 'medium': 'https://randomuser.me/api/portraits/med/women/70.jpg', 'thumbnail': 'https://randomuser.me/api/portraits/thumb/women/70.jpg'}, 'nat': 'GB'}</msg>
<arg>${json_data['results'][0]}</arg>
<doc>Logs the given message with the given level.</doc>
<status status="PASS" start="2024-07-23T12:29:33.092794" elapsed="0.000456"/>
</kw>
<kw name="Log" owner="BuiltIn">
<msg time="2024-07-23T12:29:33.093673" level="INFO">name</msg>
<arg>${key}</arg>
<doc>Logs the given message with the given level.</doc>
<status status="PASS" start="2024-07-23T12:29:33.093545" elapsed="0.000166"/>
</kw>
<var name="${key}">name</var>
<status status="PASS" start="2024-07-23T12:29:33.092074" elapsed="0.001851"/>
</iter>
<iter>
<kw name="Dictionary Should Contain Key" owner="Collections">
<arg>${json_data['results'][0]}</arg>
<arg>${key}</arg>
<doc>Fails if ``key`` is not found from ``dictionary``.</doc>
<status status="PASS" start="2024-07-23T12:29:33.094203" elapsed="0.000385"/>
</kw>
<kw name="Log" owner="BuiltIn">
<msg time="2024-07-23T12:29:33.095136" level="INFO">{'gender': 'female', 'name': {'title': 'Miss', 'first': 'Olivia', 'last': 'Schmidt'}, 'location': {'street': {'number': 4828, 'name': 'Main Road'}, 'city': 'City of London', 'state': 'Staffordshire', 'country': 'United Kingdom', 'postcode': 'I4 4EX', 'coordinates': {'latitude': '-8.5005', 'longitude': '64.8557'}, 'timezone': {'offset': '+5:45', 'description': 'Kathmandu'}}, 'email': 'olivia.schmidt@example.com', 'login': {'uuid': 'cd3b753d-606e-4728-a23d-0119bb6616d1', 'username': 'smallbear202', 'password': 'celeb', 'salt': 'dy4EiGzl', 'md5': '88c417d6960f21cd447fc444f2046cde', 'sha1': '127412bd1dcf28821ce3e079f1ab64d4a4fafe04', 'sha256': '539ee3d6a826dc43a4ba8bb4143b2903332092e5e60b78d150c343971315c482'}, 'dob': {'date': '1951-03-03T04:55:18.982Z', 'age': 73}, 'registered': {'date': '2014-09-07T15:18:04.894Z', 'age': 9}, 'phone': '019467 80216', 'cell': '07240 860658', 'id': {'name': 'NINO', 'value': 'CE 20 84 81 Z'}, 'picture': {'large': 'https://randomuser.me/api/portraits/women/70.jpg', 'medium': 'https://randomuser.me/api/portraits/med/women/70.jpg', 'thumbnail': 'https://randomuser.me/api/portraits/thumb/women/70.jpg'}, 'nat': 'GB'}</msg>
<arg>${json_data['results'][0]}</arg>
<doc>Logs the given message with the given level.</doc>
<status status="PASS" start="2024-07-23T12:29:33.094776" elapsed="0.000407"/>
</kw>
<kw name="Log" owner="BuiltIn">
<msg time="2024-07-23T12:29:33.095610" level="INFO">location</msg>
<arg>${key}</arg>
<doc>Logs the given message with the given level.</doc>
<status status="PASS" start="2024-07-23T12:29:33.095482" elapsed="0.000172"/>
</kw>
<var name="${key}">location</var>
<status status="PASS" start="2024-07-23T12:29:33.094097" elapsed="0.001772"/>
</iter>
<iter>
<kw name="Dictionary Should Contain Key" owner="Collections">
<arg>${json_data['results'][0]}</arg>
<arg>${key}</arg>
<doc>Fails if ``key`` is not found from ``dictionary``.</doc>
<status status="PASS" start="2024-07-23T12:29:33.096151" elapsed="0.000429"/>
</kw>
<kw name="Log" owner="BuiltIn">
<msg time="2024-07-23T12:29:33.097317" level="INFO">{'gender': 'female', 'name': {'title': 'Miss', 'first': 'Olivia', 'last': 'Schmidt'}, 'location': {'street': {'number': 4828, 'name': 'Main Road'}, 'city': 'City of London', 'state': 'Staffordshire', 'country': 'United Kingdom', 'postcode': 'I4 4EX', 'coordinates': {'latitude': '-8.5005', 'longitude': '64.8557'}, 'timezone': {'offset': '+5:45', 'description': 'Kathmandu'}}, 'email': 'olivia.schmidt@example.com', 'login': {'uuid': 'cd3b753d-606e-4728-a23d-0119bb6616d1', 'username': 'smallbear202', 'password': 'celeb', 'salt': 'dy4EiGzl', 'md5': '88c417d6960f21cd447fc444f2046cde', 'sha1': '127412bd1dcf28821ce3e079f1ab64d4a4fafe04', 'sha256': '539ee3d6a826dc43a4ba8bb4143b2903332092e5e60b78d150c343971315c482'}, 'dob': {'date': '1951-03-03T04:55:18.982Z', 'age': 73}, 'registered': {'date': '2014-09-07T15:18:04.894Z', 'age': 9}, 'phone': '019467 80216', 'cell': '07240 860658', 'id': {'name': 'NINO', 'value': 'CE 20 84 81 Z'}, 'picture': {'large': 'https://randomuser.me/api/portraits/women/70.jpg', 'medium': 'https://randomuser.me/api/portraits/med/women/70.jpg', 'thumbnail': 'https://randomuser.me/api/portraits/thumb/women/70.jpg'}, 'nat': 'GB'}</msg>
<arg>${json_data['results'][0]}</arg>
<doc>Logs the given message with the given level.</doc>
<status status="PASS" start="2024-07-23T12:29:33.096911" elapsed="0.000456"/>
</kw>
<kw name="Log" owner="BuiltIn">
<msg time="2024-07-23T12:29:33.097793" level="INFO">email</msg>
<arg>${key}</arg>
<doc>Logs the given message with the given level.</doc>
<status status="PASS" start="2024-07-23T12:29:33.097665" elapsed="0.000167"/>
</kw>
<var name="${key}">email</var>
<status status="PASS" start="2024-07-23T12:29:33.096038" elapsed="0.002008"/>
</iter>
<iter>
<kw name="Dictionary Should Contain Key" owner="Collections">
<arg>${json_data['results'][0]}</arg>
<arg>${key}</arg>
<doc>Fails if ``key`` is not found from ``dictionary``.</doc>
<status status="PASS" start="2024-07-23T12:29:33.098327" elapsed="0.000377"/>
</kw>
<kw name="Log" owner="BuiltIn">
<msg time="2024-07-23T12:29:33.099236" level="INFO">{'gender': 'female', 'name': {'title': 'Miss', 'first': 'Olivia', 'last': 'Schmidt'}, 'location': {'street': {'number': 4828, 'name': 'Main Road'}, 'city': 'City of London', 'state': 'Staffordshire', 'country': 'United Kingdom', 'postcode': 'I4 4EX', 'coordinates': {'latitude': '-8.5005', 'longitude': '64.8557'}, 'timezone': {'offset': '+5:45', 'description': 'Kathmandu'}}, 'email': 'olivia.schmidt@example.com', 'login': {'uuid': 'cd3b753d-606e-4728-a23d-0119bb6616d1', 'username': 'smallbear202', 'password': 'celeb', 'salt': 'dy4EiGzl', 'md5': '88c417d6960f21cd447fc444f2046cde', 'sha1': '127412bd1dcf28821ce3e079f1ab64d4a4fafe04', 'sha256': '539ee3d6a826dc43a4ba8bb4143b2903332092e5e60b78d150c343971315c482'}, 'dob': {'date': '1951-03-03T04:55:18.982Z', 'age': 73}, 'registered': {'date': '2014-09-07T15:18:04.894Z', 'age': 9}, 'phone': '019467 80216', 'cell': '07240 860658', 'id': {'name': 'NINO', 'value': 'CE 20 84 81 Z'}, 'picture': {'large': 'https://randomuser.me/api/portraits/women/70.jpg', 'medium': 'https://randomuser.me/api/portraits/med/women/70.jpg', 'thumbnail': 'https://randomuser.me/api/portraits/thumb/women/70.jpg'}, 'nat': 'GB'}</msg>
<arg>${json_data['results'][0]}</arg>
<doc>Logs the given message with the given level.</doc>
<status status="PASS" start="2024-07-23T12:29:33.098883" elapsed="0.000401"/>
</kw>
<kw name="Log" owner="BuiltIn">
<msg time="2024-07-23T12:29:33.099709" level="INFO">login</msg>
<arg>${key}</arg>
<doc>Logs the given message with the given level.</doc>
<status status="PASS" start="2024-07-23T12:29:33.099584" elapsed="0.000162"/>
</kw>
<var name="${key}">login</var>
<status status="PASS" start="2024-07-23T12:29:33.098220" elapsed="0.001744"/>
</iter>
<var>${key}</var>
<value>@{expected_keys}</value>
<status status="PASS" start="2024-07-23T12:29:33.089823" elapsed="0.010259"/>
</for>
<kw name="Create List" owner="BuiltIn">
<msg time="2024-07-23T12:29:33.100436" level="INFO">${expected_keysTwo} = ['username', 'password']</msg>
<var>${expected_keysTwo}</var>
<arg>username</arg>
<arg>password</arg>
<doc>Returns a list containing given items.</doc>
<status status="PASS" start="2024-07-23T12:29:33.100268" elapsed="0.000224"/>
</kw>
<for flavor="IN">
<iter>
<kw name="Dictionary Should Contain Key" owner="Collections">
<arg>${json_data['results'][0]['login']}</arg>
<arg>${keyTwo}</arg>
<doc>Fails if ``key`` is not found from ``dictionary``.</doc>
<status status="PASS" start="2024-07-23T12:29:33.101007" elapsed="0.000388"/>
</kw>
<kw name="Dictionary Should Contain Key" owner="Collections">
<arg>${json_data['results'][0]['login']}</arg>
<arg>${keyTwo}</arg>
<doc>Fails if ``key`` is not found from ``dictionary``.</doc>
<status status="PASS" start="2024-07-23T12:29:33.101577" elapsed="0.000381"/>
</kw>
<kw name="Log" owner="BuiltIn">
<msg time="2024-07-23T12:29:33.102275" level="INFO">username</msg>
<arg>${keyTwo}</arg>
<doc>Logs the given message with the given level.</doc>
<status status="PASS" start="2024-07-23T12:29:33.102136" elapsed="0.000177"/>
</kw>
<var name="${keyTwo}">username</var>
<status status="PASS" start="2024-07-23T12:29:33.100900" elapsed="0.001633"/>
</iter>
<iter>
<kw name="Dictionary Should Contain Key" owner="Collections">
<arg>${json_data['results'][0]['login']}</arg>
<arg>${keyTwo}</arg>
<doc>Fails if ``key`` is not found from ``dictionary``.</doc>
<status status="PASS" start="2024-07-23T12:29:33.102815" elapsed="0.000383"/>
</kw>
<kw name="Dictionary Should Contain Key" owner="Collections">
<arg>${json_data['results'][0]['login']}</arg>
<arg>${keyTwo}</arg>
<doc>Fails if ``key`` is not found from ``dictionary``.</doc>
<status status="PASS" start="2024-07-23T12:29:33.103376" elapsed="0.000371"/>
</kw>
<kw name="Log" owner="BuiltIn">
<msg time="2024-07-23T12:29:33.104049" level="INFO">password</msg>
<arg>${keyTwo}</arg>
<doc>Logs the given message with the given level.</doc>
<status status="PASS" start="2024-07-23T12:29:33.103924" elapsed="0.000162"/>
</kw>
<var name="${keyTwo}">password</var>
<status status="PASS" start="2024-07-23T12:29:33.102704" elapsed="0.001601"/>
</iter>
<var>${keyTwo}</var>
<value>@{expected_keysTwo}</value>
<status status="PASS" start="2024-07-23T12:29:33.100743" elapsed="0.003728"/>
</for>
<status status="PASS" start="2024-07-23T12:29:32.983805" elapsed="0.120813"/>
</kw>
<doc>Testa a estrutura da resposta da API.</doc>
<tag>testeEstruturaResposta</tag>
<status status="PASS" start="2024-07-23T12:29:32.983047" elapsed="0.121730"/>
</test>
<test id="s1-s1-t4" name="Validar tipos de dados" line="28">
<kw name="Teste de Tipos de Dados" owner="random-user-service">
<kw name="GET On Session" owner="RequestsLibrary">
<msg time="2024-07-23T12:29:33.186746" level="INFO">GET Request : url=https://randomuser.me/api 
 path_url=/api 
 headers={'User-Agent': 'python-requests/2.32.3', 'Accept-Encoding': 'gzip, deflate', 'Accept': '*/*', 'Connection': 'keep-alive'} 
 body=None 
 </msg>
<msg time="2024-07-23T12:29:33.186847" level="INFO">GET Response : url=https://randomuser.me/api 
 status=200, reason=OK 
 headers={'Date': 'Tue, 23 Jul 2024 12:29:33 GMT', 'Content-Type': 'application/json; charset=utf-8', 'Transfer-Encoding': 'chunked', 'Connection': 'keep-alive', 'X-Powered-By': 'Express', 'Access-Control-Allow-Origin': '*', 'Cache-Control': 'no-cache', 'ETag': 'W/"48b-7w1vHUpPGV+BgNebUCS41ycLR4M"', 'Vary': 'Accept-Encoding', 'Content-Encoding': 'gzip', 'CF-Cache-Status': 'DYNAMIC', 'Report-To': '{"endpoints":[{"url":"https:\\/\\/a.nel.cloudflare.com\\/report\\/v4?s=kXU5QixiXMT4B8ozH5Ww%2FHdrblxnx7OzA6LOw%2FmNO%2BARYs%2FqEoh2i5zwJ5EPMsz8ICkiiMYqQYYK%2BaE0ke6NrNDSNvlTXFOTumdmXNo7moveWFpA%2BKiW7JSDahIJlv55"}],"group":"cf-nel","max_age":604800}', 'NEL': '{"success_fraction":0,"report_to":"cf-nel","max_age":604800}', 'Server': 'cloudflare', 'CF-RAY': '8a7bad39f90e6170-ORD', 'alt-svc': 'h3=":443"; ma=86400'} 
 body={"results":[{"gender":"female","name":{"title":"Mrs","first":"Matilda","last":"Harris"},"location":{"street":{"number":327,"name":"Ponsonby Road"},"city":"Timaru","state":"Nelson","country":"New Zealand","postcode":56083,"coordinates":{"latitude":"48.5263","longitude":"133.8725"},"timezone":{"offset":"-7:00","description":"Mountain Time (US &amp; Canada)"}},"email":"matilda.harris@example.com","login":{"uuid":"a3720ac7-891d-44c2-aa1d-9d292ce3fb3f","username":"ticklishmeercat882","password":"adidas","salt":"Kf1sWlyN","md5":"6d7dba8a00ffb70471448d9ade351e9a","sha1":"8d40c076b21e0c8509964bab8bce08328e576b7b","sha256":"41b72be1f454b8eb7d516553d3b4af2ba36436dba6703d3c2930db7e9ab25f6a"},"dob":{"date":"1953-11-03T21:37:56.384Z","age":70},"registered":{"date":"2013-10-23T03:12:14.141Z","age":10},"phone":"(792)-972-9908","cell":"(488)-687-5268","id":{"name":"","value":null},"picture":{"large":"https://randomuser.me/api/portraits/women/15.jpg","medium":"https://randomuser.me/api/portraits/med/women/15.jpg","thumbnail":"https://randomuser.me/api/portraits/thumb/women/15.jpg"},"nat":"NZ"}],"info":{"seed":"04302630626213b0","results":1,"page":1,"version":"1.4"}} 
 </msg>
<msg time="2024-07-23T12:29:33.186932" level="INFO">/opt/hostedtoolcache/Python/3.12.4/x64/lib/python3.12/site-packages/urllib3/connectionpool.py:1099: InsecureRequestWarning: Unverified HTTPS request is being made to host 'randomuser.me'. Adding certificate verification is strongly advised. See: https://urllib3.readthedocs.io/en/latest/advanced-usage.html#tls-warnings
  warnings.warn(</msg>
<msg time="2024-07-23T12:29:33.187066" level="INFO">${response} = &lt;Response [200]&gt;</msg>
<var>${response}</var>
<arg>consultarAPI</arg>
<arg>/api</arg>
<doc>Sends a GET request on a previously created HTTP Session.</doc>
<status status="PASS" start="2024-07-23T12:29:33.107377" elapsed="0.079734"/>
</kw>
<kw name="Set Variable" owner="BuiltIn">
<msg time="2024-07-23T12:29:33.188677" level="INFO">${json_data} = {'results': [{'gender': 'female', 'name': {'title': 'Mrs', 'first': 'Matilda', 'last': 'Harris'}, 'location': {'street': {'number': 327, 'name': 'Ponsonby Road'}, 'city': 'Timaru', 'state': 'Nelson', ...</msg>
<var>${json_data}</var>
<arg>${response.json()}</arg>
<doc>Returns the given values which can then be assigned to a variables.</doc>
<status status="PASS" start="2024-07-23T12:29:33.187853" elapsed="0.000855"/>
</kw>
<kw name="Log" owner="BuiltIn">
<msg time="2024-07-23T12:29:33.189178" level="INFO">{'results': [{'gender': 'female', 'name': {'title': 'Mrs', 'first': 'Matilda', 'last': 'Harris'}, 'location': {'street': {'number': 327, 'name': 'Ponsonby Road'}, 'city': 'Timaru', 'state': 'Nelson', 'country': 'New Zealand', 'postcode': 56083, 'coordinates': {'latitude': '48.5263', 'longitude': '133.8725'}, 'timezone': {'offset': '-7:00', 'description': 'Mountain Time (US &amp; Canada)'}}, 'email': 'matilda.harris@example.com', 'login': {'uuid': 'a3720ac7-891d-44c2-aa1d-9d292ce3fb3f', 'username': 'ticklishmeercat882', 'password': 'adidas', 'salt': 'Kf1sWlyN', 'md5': '6d7dba8a00ffb70471448d9ade351e9a', 'sha1': '8d40c076b21e0c8509964bab8bce08328e576b7b', 'sha256': '41b72be1f454b8eb7d516553d3b4af2ba36436dba6703d3c2930db7e9ab25f6a'}, 'dob': {'date': '1953-11-03T21:37:56.384Z', 'age': 70}, 'registered': {'date': '2013-10-23T03:12:14.141Z', 'age': 10}, 'phone': '(792)-972-9908', 'cell': '(488)-687-5268', 'id': {'name': '', 'value': None}, 'picture': {'large': 'https://randomuser.me/api/portraits/women/15.jpg', 'medium': 'https://randomuser.me/api/portraits/med/women/15.jpg', 'thumbnail': 'https://randomuser.me/api/portraits/thumb/women/15.jpg'}, 'nat': 'NZ'}], 'info': {'seed': '04302630626213b0', 'results': 1, 'page': 1, 'version': '1.4'}}</msg>
<arg>${json_data}</arg>
<doc>Logs the given message with the given level.</doc>
<status status="PASS" start="2024-07-23T12:29:33.189022" elapsed="0.000208"/>
</kw>
<kw name="Should Be String" owner="String">
<arg>${json_data['results'][0]['gender']}</arg>
<doc>Fails if the given ``item`` is not a string.</doc>
<status status="PASS" start="2024-07-23T12:29:33.189523" elapsed="0.000382"/>
</kw>
<kw name="Should Match Regexp" owner="BuiltIn">
<arg>${json_data['results'][0]['email']}</arg>
<arg>^[a-zA-Z0-9._%+-]+@[a-zA-Z0-9.-]+\.[a-zA-Z]{2,}$</arg>
<doc>Fails if ``string`` does not match ``pattern`` as a regular expression.</doc>
<status status="PASS" start="2024-07-23T12:29:33.190097" elapsed="0.000575"/>
</kw>
<kw name="Should Match Regexp" owner="BuiltIn">
<arg>${json_data['results'][0]['dob']['date']}</arg>
<arg>\\d{4}-\\d{2}-\\d{2}T\\d{2}:\\d{2}:\\d{2}\\.\\d{3}Z</arg>
<doc>Fails if ``string`` does not match ``pattern`` as a regular expression.</doc>
<status status="PASS" start="2024-07-23T12:29:33.190894" elapsed="0.000652"/>
</kw>
<kw name="Should Match Regexp" owner="BuiltIn">
<arg>${json_data['results'][0]['registered']['date']}</arg>
<arg>\\d{4}-\\d{2}-\\d{2}T\\d{2}:\\d{2}:\\d{2}\\.\\d{3}Z</arg>
<doc>Fails if ``string`` does not match ``pattern`` as a regular expression.</doc>
<status status="PASS" start="2024-07-23T12:29:33.191769" elapsed="0.000379"/>
</kw>
<kw name="Should Match Regexp" owner="BuiltIn">
<arg>${json_data['results'][0]['picture']['large']}</arg>
<arg>^https?://.*\.(?:png|jpe?g|gif|bmp)$</arg>
<doc>Fails if ``string`` does not match ``pattern`` as a regular expression.</doc>
<status status="PASS" start="2024-07-23T12:29:33.192366" elapsed="0.000479"/>
</kw>
<kw name="Should Match Regexp" owner="BuiltIn">
<arg>${json_data['results'][0]['picture']['medium']}</arg>
<arg>^https?://.*\.(?:png|jpe?g|gif|bmp)$</arg>
<doc>Fails if ``string`` does not match ``pattern`` as a regular expression.</doc>
<status status="PASS" start="2024-07-23T12:29:33.193036" elapsed="0.000359"/>
</kw>
<kw name="Should Match Regexp" owner="BuiltIn">
<arg>${json_data['results'][0]['picture']['thumbnail']}</arg>
<arg>^https?://.*\.(?:png|jpe?g|gif|bmp)$</arg>
<doc>Fails if ``string`` does not match ``pattern`` as a regular expression.</doc>
<status status="PASS" start="2024-07-23T12:29:33.193580" elapsed="0.000416"/>
</kw>
<kw name="Log" owner="BuiltIn">
<msg time="2024-07-23T12:29:33.194521" level="INFO">{'large': 'https://randomuser.me/api/portraits/women/15.jpg', 'medium': 'https://randomuser.me/api/portraits/med/women/15.jpg', 'thumbnail': 'https://randomuser.me/api/portraits/thumb/women/15.jpg'}</msg>
<arg>${json_data['results'][0]['picture']}</arg>
<doc>Logs the given message with the given level.</doc>
<status status="PASS" start="2024-07-23T12:29:33.194187" elapsed="0.000377"/>
</kw>
<status status="PASS" start="2024-07-23T12:29:33.107150" elapsed="0.087677"/>
</kw>
<kw name="Teste de Tipos de Dados - Postcode" owner="random-user-service">
<kw name="GET On Session" owner="RequestsLibrary">
<msg time="2024-07-23T12:29:33.268020" level="INFO">GET Request : url=https://randomuser.me/api 
 path_url=/api 
 headers={'User-Agent': 'python-requests/2.32.3', 'Accept-Encoding': 'gzip, deflate', 'Accept': '*/*', 'Connection': 'keep-alive'} 
 body=None 
 </msg>
<msg time="2024-07-23T12:29:33.268112" level="INFO">GET Response : url=https://randomuser.me/api 
 status=200, reason=OK 
 headers={'Date': 'Tue, 23 Jul 2024 12:29:33 GMT', 'Content-Type': 'application/json; charset=utf-8', 'Transfer-Encoding': 'chunked', 'Connection': 'keep-alive', 'X-Powered-By': 'Express', 'Access-Control-Allow-Origin': '*', 'Cache-Control': 'no-cache', 'ETag': 'W/"49e-fgj+ThfEHDfsH2fL8n1yYkxgCY4"', 'Vary': 'Accept-Encoding', 'Content-Encoding': 'gzip', 'CF-Cache-Status': 'DYNAMIC', 'Report-To': '{"endpoints":[{"url":"https:\\/\\/a.nel.cloudflare.com\\/report\\/v4?s=V4ww%2FEqgcijx4qlDm5rdM5jjqrMh1AHdduTYTR5549GxYFZicew0tCcIfIPggkjP63bK9ZRKri%2Ff%2Bmg1r4RWkYMZ7fVWeL5GqbLknDeR2LPr8hbpjOMVmE9Tk0h9Bu4n"}],"group":"cf-nel","max_age":604800}', 'NEL': '{"success_fraction":0,"report_to":"cf-nel","max_age":604800}', 'Server': 'cloudflare', 'CF-RAY': '8a7bad3a89f76170-ORD', 'alt-svc': 'h3=":443"; ma=86400'} 
 body={"results":[{"gender":"female","name":{"title":"Ms","first":"Borislava","last":"Lemishka"},"location":{"street":{"number":2387,"name":"Oleksandra Arhipenka"},"city":"Svyatogirsk","state":"Luganska","country":"Ukraine","postcode":37035,"coordinates":{"latitude":"77.5140","longitude":"60.3232"},"timezone":{"offset":"+10:00","description":"Eastern Australia, Guam, Vladivostok"}},"email":"borislava.lemishka@example.com","login":{"uuid":"27ff30c7-4eb7-4d9d-a190-dd780c16ce5c","username":"angrysnake875","password":"marcia","salt":"6REZK15e","md5":"c08fff83ca9826934a3063856b375c7e","sha1":"f21d9d67b029bceb6030dceb81d99967a1f392db","sha256":"5bb7ed7f61475d25fc8d6ad840fb133f695b25d51dc5b7317aff2044a7a8620a"},"dob":{"date":"1972-10-13T14:30:47.607Z","age":51},"registered":{"date":"2013-05-09T07:31:37.361Z","age":11},"phone":"(098) B48-8379","cell":"(066) F14-2697","id":{"name":"","value":null},"picture":{"large":"https://randomuser.me/api/portraits/women/5.jpg","medium":"https://randomuser.me/api/portraits/med/women/5.jpg","thumbnail":"https://randomuser.me/api/portraits/thumb/women/5.jpg"},"nat":"UA"}],"info":{"seed":"ec990d463f2fdd58","results":1,"page":1,"version":"1.4"}} 
 </msg>
<msg time="2024-07-23T12:29:33.268189" level="INFO">/opt/hostedtoolcache/Python/3.12.4/x64/lib/python3.12/site-packages/urllib3/connectionpool.py:1099: InsecureRequestWarning: Unverified HTTPS request is being made to host 'randomuser.me'. Adding certificate verification is strongly advised. See: https://urllib3.readthedocs.io/en/latest/advanced-usage.html#tls-warnings
  warnings.warn(</msg>
<msg time="2024-07-23T12:29:33.268302" level="INFO">${response} = &lt;Response [200]&gt;</msg>
<var>${response}</var>
<arg>consultarAPI</arg>
<arg>/api</arg>
<doc>Sends a GET request on a previously created HTTP Session.</doc>
<status status="PASS" start="2024-07-23T12:29:33.195282" elapsed="0.073081"/>
</kw>
<kw name="Set Variable" owner="BuiltIn">
<msg time="2024-07-23T12:29:33.269386" level="INFO">${json_data} = {'results': [{'gender': 'female', 'name': {'title': 'Ms', 'first': 'Borislava', 'last': 'Lemishka'}, 'location': {'street': {'number': 2387, 'name': 'Oleksandra Arhipenka'}, 'city': 'Svyatogirsk', 'st...</msg>
<var>${json_data}</var>
<arg>${response.json()}</arg>
<doc>Returns the given values which can then be assigned to a variables.</doc>
<status status="PASS" start="2024-07-23T12:29:33.268873" elapsed="0.000543"/>
</kw>
<kw name="Log" owner="BuiltIn">
<msg time="2024-07-23T12:29:33.269905" level="INFO">{'results': [{'gender': 'female', 'name': {'title': 'Ms', 'first': 'Borislava', 'last': 'Lemishka'}, 'location': {'street': {'number': 2387, 'name': 'Oleksandra Arhipenka'}, 'city': 'Svyatogirsk', 'state': 'Luganska', 'country': 'Ukraine', 'postcode': 37035, 'coordinates': {'latitude': '77.5140', 'longitude': '60.3232'}, 'timezone': {'offset': '+10:00', 'description': 'Eastern Australia, Guam, Vladivostok'}}, 'email': 'borislava.lemishka@example.com', 'login': {'uuid': '27ff30c7-4eb7-4d9d-a190-dd780c16ce5c', 'username': 'angrysnake875', 'password': 'marcia', 'salt': '6REZK15e', 'md5': 'c08fff83ca9826934a3063856b375c7e', 'sha1': 'f21d9d67b029bceb6030dceb81d99967a1f392db', 'sha256': '5bb7ed7f61475d25fc8d6ad840fb133f695b25d51dc5b7317aff2044a7a8620a'}, 'dob': {'date': '1972-10-13T14:30:47.607Z', 'age': 51}, 'registered': {'date': '2013-05-09T07:31:37.361Z', 'age': 11}, 'phone': '(098) B48-8379', 'cell': '(066) F14-2697', 'id': {'name': '', 'value': None}, 'picture': {'large': 'https://randomuser.me/api/portraits/women/5.jpg', 'medium': 'https://randomuser.me/api/portraits/med/women/5.jpg', 'thumbnail': 'https://randomuser.me/api/portraits/thumb/women/5.jpg'}, 'nat': 'UA'}], 'info': {'seed': 'ec990d463f2fdd58', 'results': 1, 'page': 1, 'version': '1.4'}}</msg>
<arg>${json_data}</arg>
<doc>Logs the given message with the given level.</doc>
<status status="PASS" start="2024-07-23T12:29:33.269747" elapsed="0.000208"/>
</kw>
<kw name="Should Be Equal As Numbers" owner="BuiltIn">
<arg>${json_data['results'][0]['location']['postcode']}</arg>
<arg>${json_data['results'][0]['location']['postcode']}</arg>
<doc>Fails if objects are unequal after converting them to real numbers.</doc>
<status status="PASS" start="2024-07-23T12:29:33.270265" elapsed="0.000652"/>
</kw>
<kw name="Log" owner="BuiltIn">
<msg time="2024-07-23T12:29:33.271466" level="INFO">37035</msg>
<arg>${json_data['results'][0]['location']['postcode']}</arg>
<doc>Logs the given message with the given level.</doc>
<status status="PASS" start="2024-07-23T12:29:33.271114" elapsed="0.000429"/>
</kw>
<status status="PASS" start="2024-07-23T12:29:33.195053" elapsed="0.076756"/>
</kw>
<doc>Testa se os tipos de dados na resposta da API estão corretos.</doc>
<tag>testeTiposDados</tag>
<status status="PASS" start="2024-07-23T12:29:33.106604" elapsed="0.165375"/>
</test>
<test id="s1-s1-t5" name="Validar conteudo" line="35">
<kw name="Teste de Tipos de Conteudo" owner="random-user-service">
<kw name="GET On Session" owner="RequestsLibrary">
<msg time="2024-07-23T12:29:33.381769" level="INFO">GET Request : url=https://randomuser.me/api 
 path_url=/api 
 headers={'User-Agent': 'python-requests/2.32.3', 'Accept-Encoding': 'gzip, deflate', 'Accept': '*/*', 'Connection': 'keep-alive'} 
 body=None 
 </msg>
<msg time="2024-07-23T12:29:33.381884" level="INFO">GET Response : url=https://randomuser.me/api 
 status=200, reason=OK 
 headers={'Date': 'Tue, 23 Jul 2024 12:29:33 GMT', 'Content-Type': 'application/json; charset=utf-8', 'Transfer-Encoding': 'chunked', 'Connection': 'keep-alive', 'X-Powered-By': 'Express', 'Access-Control-Allow-Origin': '*', 'Cache-Control': 'no-cache', 'ETag': 'W/"498-dW+l1ftBfJhs7/FPEQg8haM+To4"', 'Vary': 'Accept-Encoding', 'Content-Encoding': 'gzip', 'CF-Cache-Status': 'DYNAMIC', 'Report-To': '{"endpoints":[{"url":"https:\\/\\/a.nel.cloudflare.com\\/report\\/v4?s=kMPWscQnra7vqnRS%2BhpQh0DWIIzINHbzCrEep7erLeBacOFFoi5YLTa70loiCBNQJY4SBNO5Tw5CuKnniN2EPJ1REWmVxHVBSKnXrKunolJd%2BBZ%2Bur9mVACXFchbbeVq"}],"group":"cf-nel","max_age":604800}', 'NEL': '{"success_fraction":0,"report_to":"cf-nel","max_age":604800}', 'Server': 'cloudflare', 'CF-RAY': '8a7bad3b0aa76170-ORD', 'alt-svc': 'h3=":443"; ma=86400'} 
 body={"results":[{"gender":"female","name":{"title":"Ms","first":"Tilla","last":"Dyrnes"},"location":{"street":{"number":7702,"name":"Lille Stranden"},"city":"Kårvåg","state":"Troms - Romsa","country":"Norway","postcode":"2120","coordinates":{"latitude":"41.6145","longitude":"171.1860"},"timezone":{"offset":"0:00","description":"Western Europe Time, London, Lisbon, Casablanca"}},"email":"tilla.dyrnes@example.com","login":{"uuid":"e2b7c86d-caed-4c02-a941-3205db05a9ad","username":"bigduck241","password":"destiny","salt":"O62Wdk4K","md5":"9ff7b8b4da0661abc5eddc15aa183cd4","sha1":"bfacff434f935a216dfed663365ab64c6741e3dd","sha256":"7b5e28f3b25e52bd0496f19fba7e5dc731d289517c4d3720be70c1e6129adc76"},"dob":{"date":"1947-02-11T12:11:35.703Z","age":77},"registered":{"date":"2009-08-01T21:14:52.985Z","age":14},"phone":"70365681","cell":"93159515","id":{"name":"FN","value":"11024706496"},"picture":{"large":"https://randomuser.me/api/portraits/women/83.jpg","medium":"https://randomuser.me/api/portraits/med/women/83.jpg","thumbnail":"https://randomuser.me/api/portraits/thumb/women/83.jpg"},"nat":"NO"}],"info":{"seed":"f77441dac7fd51ea","results":1,"page":1,"version":"1.4"}} 
 </msg>
<msg time="2024-07-23T12:29:33.381974" level="INFO">/opt/hostedtoolcache/Python/3.12.4/x64/lib/python3.12/site-packages/urllib3/connectionpool.py:1099: InsecureRequestWarning: Unverified HTTPS request is being made to host 'randomuser.me'. Adding certificate verification is strongly advised. See: https://urllib3.readthedocs.io/en/latest/advanced-usage.html#tls-warnings
  warnings.warn(</msg>
<msg time="2024-07-23T12:29:33.382106" level="INFO">${response} = &lt;Response [200]&gt;</msg>
<var>${response}</var>
<arg>consultarAPI</arg>
<arg>/api</arg>
<doc>Sends a GET request on a previously created HTTP Session.</doc>
<status status="PASS" start="2024-07-23T12:29:33.274543" elapsed="0.107607"/>
</kw>
<kw name="Set Variable" owner="BuiltIn">
<msg time="2024-07-23T12:29:33.383316" level="INFO">${json_data} = {'results': [{'gender': 'female', 'name': {'title': 'Ms', 'first': 'Tilla', 'last': 'Dyrnes'}, 'location': {'street': {'number': 7702, 'name': 'Lille Stranden'}, 'city': 'Kårvåg', 'state': 'Troms - Ro...</msg>
<var>${json_data}</var>
<arg>${response.json()}</arg>
<doc>Returns the given values which can then be assigned to a variables.</doc>
<status status="PASS" start="2024-07-23T12:29:33.382721" elapsed="0.000626"/>
</kw>
<kw name="Set Variable" owner="BuiltIn">
<msg time="2024-07-23T12:29:33.384057" level="INFO">${name_title} = Ms</msg>
<var>${name_title}</var>
<arg>${json_data["results"][0]["name"]["title"]}</arg>
<doc>Returns the given values which can then be assigned to a variables.</doc>
<status status="PASS" start="2024-07-23T12:29:33.383656" elapsed="0.000426"/>
</kw>
<kw name="Create List" owner="BuiltIn">
<msg time="2024-07-23T12:29:33.384570" level="INFO">${allowed_titles} = ['Mr', 'Ms', 'Miss', 'Mrs', 'Madame', 'Monsieur']</msg>
<var>${allowed_titles}</var>
<arg>Mr</arg>
<arg>Ms</arg>
<arg>Miss</arg>
<arg>Mrs</arg>
<arg>Madame</arg>
<arg>Monsieur</arg>
<doc>Returns a list containing given items.</doc>
<status status="PASS" start="2024-07-23T12:29:33.384418" elapsed="0.000176"/>
</kw>
<kw name="List Should Contain Value" owner="Collections">
<arg>${allowed_titles}</arg>
<arg>${name_title}</arg>
<doc>Fails if the ``value`` is not found from ``list``.</doc>
<status status="PASS" start="2024-07-23T12:29:33.384911" elapsed="0.000185"/>
</kw>
<kw name="Set Variable" owner="BuiltIn">
<msg time="2024-07-23T12:29:33.385657" level="INFO">${name_country} = NO</msg>
<var>${name_country}</var>
<arg>${json_data["results"][0]["nat"]}</arg>
<doc>Returns the given values which can then be assigned to a variables.</doc>
<status status="PASS" start="2024-07-23T12:29:33.385281" elapsed="0.000401"/>
</kw>
<kw name="Create List" owner="BuiltIn">
<msg time="2024-07-23T12:29:33.386586" level="INFO">${list_country} = ['AD', 'AE', 'AF', 'AG', 'AI', 'AL', 'AM', 'AO', 'AQ', 'AR', 'AS', 'AT', 'AU', 'AW', 'AX', 'AZ', 'BA', 'BB', 'BD', 'BE', 'BF', 'BG', 'BH', 'BI', 'BJ', 'BL', 'BM', 'BN', 'BO', 'BQ', 'BR', 'BS', 'BT', '...</msg>
<var>${list_country}</var>
<arg>AD</arg>
<arg>AE</arg>
<arg>AF</arg>
<arg>AG</arg>
<arg>AI</arg>
<arg>AL</arg>
<arg>AM</arg>
<arg>AO</arg>
<arg>AQ</arg>
<arg>AR</arg>
<arg>AS</arg>
<arg>AT</arg>
<arg>AU</arg>
<arg>AW</arg>
<arg>AX</arg>
<arg>AZ</arg>
<arg>BA</arg>
<arg>BB</arg>
<arg>BD</arg>
<arg>BE</arg>
<arg>BF</arg>
<arg>BG</arg>
<arg>BH</arg>
<arg>BI</arg>
<arg>BJ</arg>
<arg>BL</arg>
<arg>BM</arg>
<arg>BN</arg>
<arg>BO</arg>
<arg>BQ</arg>
<arg>BR</arg>
<arg>BS</arg>
<arg>BT</arg>
<arg>BV</arg>
<arg>BW</arg>
<arg>BY</arg>
<arg>BZ</arg>
<arg>CA</arg>
<arg>CC</arg>
<arg>CD</arg>
<arg>CF</arg>
<arg>CG</arg>
<arg>CH</arg>
<arg>CI</arg>
<arg>CK</arg>
<arg>CL</arg>
<arg>CM</arg>
<arg>CN</arg>
<arg>CO</arg>
<arg>CR</arg>
<arg>CU</arg>
<arg>CV</arg>
<arg>CW</arg>
<arg>CX</arg>
<arg>CY</arg>
<arg>CZ</arg>
<arg>DE</arg>
<arg>DJ</arg>
<arg>DK</arg>
<arg>DM</arg>
<arg>DO</arg>
<arg>DZ</arg>
<arg>EC</arg>
<arg>EE</arg>
<arg>EG</arg>
<arg>EH</arg>
<arg>ER</arg>
<arg>ES</arg>
<arg>ET</arg>
<arg>FI</arg>
<arg>FJ</arg>
<arg>FK</arg>
<arg>FM</arg>
<arg>FO</arg>
<arg>FR</arg>
<arg>GA</arg>
<arg>GB</arg>
<arg>GD</arg>
<arg>GE</arg>
<arg>GF</arg>
<arg>GG</arg>
<arg>GH</arg>
<arg>GI</arg>
<arg>GL</arg>
<arg>GM</arg>
<arg>GN</arg>
<arg>GP</arg>
<arg>GQ</arg>
<arg>GR</arg>
<arg>GS</arg>
<arg>GT</arg>
<arg>GU</arg>
<arg>GW</arg>
<arg>GY</arg>
<arg>HK</arg>
<arg>HM</arg>
<arg>HN</arg>
<arg>HR</arg>
<arg>HT</arg>
<arg>HU</arg>
<arg>ID</arg>
<arg>IE</arg>
<arg>IL</arg>
<arg>IM</arg>
<arg>IN</arg>
<arg>IO</arg>
<arg>IQ</arg>
<arg>IR</arg>
<arg>IS</arg>
<arg>IT</arg>
<arg>JE</arg>
<arg>JM</arg>
<arg>JO</arg>
<arg>JP</arg>
<arg>KE</arg>
<arg>KG</arg>
<arg>KH</arg>
<arg>KI</arg>
<arg>KM</arg>
<arg>KN</arg>
<arg>KP</arg>
<arg>KR</arg>
<arg>KW</arg>
<arg>KY</arg>
<arg>KZ</arg>
<arg>LA</arg>
<arg>LB</arg>
<arg>LC</arg>
<arg>LI</arg>
<arg>LK</arg>
<arg>LR</arg>
<arg>LS</arg>
<arg>LT</arg>
<arg>LU</arg>
<arg>LV</arg>
<arg>LY</arg>
<arg>MA</arg>
<arg>MC</arg>
<arg>MD</arg>
<arg>ME</arg>
<arg>MF</arg>
<arg>MG</arg>
<arg>MH</arg>
<arg>MK</arg>
<arg>ML</arg>
<arg>MM</arg>
<arg>MN</arg>
<arg>MO</arg>
<arg>MP</arg>
<arg>MQ</arg>
<arg>MR</arg>
<arg>MS</arg>
<arg>MT</arg>
<arg>MU</arg>
<arg>MV</arg>
<arg>MW</arg>
<arg>MX</arg>
<arg>MY</arg>
<arg>MZ</arg>
<arg>NA</arg>
<arg>NC</arg>
<arg>NE</arg>
<arg>NF</arg>
<arg>NG</arg>
<arg>NI</arg>
<arg>NL</arg>
<arg>NO</arg>
<arg>NP</arg>
<arg>NR</arg>
<arg>NU</arg>
<arg>NZ</arg>
<arg>OM</arg>
<arg>PA</arg>
<arg>PE</arg>
<arg>PF</arg>
<arg>PG</arg>
<arg>PH</arg>
<arg>PK</arg>
<arg>PL</arg>
<arg>PM</arg>
<arg>PN</arg>
<arg>PR</arg>
<arg>PS</arg>
<arg>PT</arg>
<arg>PW</arg>
<arg>PY</arg>
<arg>QA</arg>
<arg>RE</arg>
<arg>RO</arg>
<arg>RS</arg>
<arg>RU</arg>
<arg>RW</arg>
<arg>SA</arg>
<arg>SB</arg>
<arg>SC</arg>
<arg>SD</arg>
<arg>SE</arg>
<arg>SG</arg>
<arg>SH</arg>
<arg>SI</arg>
<arg>SJ</arg>
<arg>SK</arg>
<arg>SL</arg>
<arg>SM</arg>
<arg>SN</arg>
<arg>SO</arg>
<arg>SR</arg>
<arg>SS</arg>
<arg>ST</arg>
<arg>SV</arg>
<arg>SX</arg>
<arg>SY</arg>
<arg>SZ</arg>
<arg>TC</arg>
<arg>TD</arg>
<arg>TF</arg>
<arg>TG</arg>
<arg>TH</arg>
<arg>TJ</arg>
<arg>TK</arg>
<arg>TL</arg>
<arg>TM</arg>
<arg>TN</arg>
<arg>TO</arg>
<arg>TR</arg>
<arg>TT</arg>
<arg>TV</arg>
<arg>TW</arg>
<arg>TZ</arg>
<arg>UA</arg>
<arg>UG</arg>
<arg>UM</arg>
<arg>US</arg>
<arg>UY</arg>
<arg>UZ</arg>
<arg>VA</arg>
<arg>VC</arg>
<arg>VE</arg>
<arg>VG</arg>
<arg>VI</arg>
<arg>VN</arg>
<arg>VU</arg>
<arg>WF</arg>
<arg>WS</arg>
<arg>XK</arg>
<arg>YE</arg>
<arg>YT</arg>
<arg>ZA</arg>
<arg>ZM</arg>
<arg>ZW</arg>
<doc>Returns a list containing given items.</doc>
<status status="PASS" start="2024-07-23T12:29:33.385966" elapsed="0.000645"/>
</kw>
<kw name="List Should Contain Value" owner="Collections">
<arg>${list_country}</arg>
<arg>${name_country}</arg>
<doc>Fails if the ``value`` is not found from ``list``.</doc>
<status status="PASS" start="2024-07-23T12:29:33.387585" elapsed="0.000212"/>
</kw>
<kw name="Run Keyword If" owner="BuiltIn">
<kw name="Should Be True" owner="BuiltIn">
<arg>${True}</arg>
<doc>Fails if the given condition is not true.</doc>
<status status="PASS" start="2024-07-23T12:29:33.388769" elapsed="0.000141"/>
</kw>
<arg>${json_data["results"][0]["location"]["coordinates"]["latitude"]} &gt;= -90 and ${json_data["results"][0]["location"]["coordinates"]["latitude"]} &lt;= 90</arg>
<arg>Should Be True</arg>
<arg>${True}</arg>
<doc>Runs the given keyword with the given arguments, if ``condition`` is true.</doc>
<status status="PASS" start="2024-07-23T12:29:33.387993" elapsed="0.001042"/>
</kw>
<kw name="Run Keyword If" owner="BuiltIn">
<kw name="Should Be True" owner="BuiltIn">
<arg>${True}</arg>
<doc>Fails if the given condition is not true.</doc>
<status status="PASS" start="2024-07-23T12:29:33.389902" elapsed="0.000136"/>
</kw>
<arg>${json_data["results"][0]["location"]["coordinates"]["longitude"]} &gt;= -180 and ${json_data["results"][0]["location"]["coordinates"]["longitude"]} &lt;= 180</arg>
<arg>Should Be True</arg>
<arg>${True}</arg>
<doc>Runs the given keyword with the given arguments, if ``condition`` is true.</doc>
<status status="PASS" start="2024-07-23T12:29:33.389214" elapsed="0.000945"/>
</kw>
<status status="PASS" start="2024-07-23T12:29:33.274311" elapsed="0.115981"/>
</kw>
<doc>Testa o conteúdo específico dos campos retornados pela API.</doc>
<tag>testeConteudo</tag>
<status status="PASS" start="2024-07-23T12:29:33.273846" elapsed="0.116596"/>
</test>
<status status="PASS" start="2024-07-23T12:29:32.384545" elapsed="1.007894"/>
</suite>
<status status="PASS" start="2024-07-23T12:29:32.370018" elapsed="1.027442"/>
</suite>
<statistics>
<total>
<stat pass="5" fail="0" skip="0">All Tests</stat>
</total>
<tag>
<stat pass="1" fail="0" skip="0">testeConteudo</stat>
<stat pass="1" fail="0" skip="0">testeEstruturaResposta</stat>
<stat pass="1" fail="0" skip="0">testeRequisicaoBasica</stat>
<stat pass="1" fail="0" skip="0">testeTiposDados</stat>
</tag>
<suite>
<stat pass="5" fail="0" skip="0" id="s1" name="Tests">Tests</stat>
<stat pass="5" fail="0" skip="0" id="s1-s1" name="Random-User-Test">Tests.Random-User-Test</stat>
</suite>
</statistics>
<errors>
</errors>
</robot>
