<?xml version="1.0" encoding="UTF-8"?>
<robot generator="Robot 7.0 (Python 3.12.3 on linux)" generated="2024-05-13T05:16:08.291559" rpa="false" schemaversion="5">
<suite id="s1" name="Tests" source="/home/runner/work/DesafioQAItauRogerioJordao/DesafioQAItauRogerioJordao/RamdonUser/tests">
<suite id="s1-s1" name="Random-User-Test" source="/home/runner/work/DesafioQAItauRogerioJordao/DesafioQAItauRogerioJordao/RamdonUser/tests/random-user-test.robot">
<test id="s1-s1-t1" name="Conectar" line="13">
<kw name="Conectar API" owner="random-user-service">
<kw name="Create Session" owner="RequestsLibrary">
<msg time="2024-05-13T05:16:08.654683" level="INFO">Creating Session using : alias=consultarAPI, url=https://randomuser.me/, headers={},                     cookies={}, auth=None, timeout=None, proxies=None, verify=False,                     debug=0 </msg>
<arg>consultarAPI</arg>
<arg>${URL}</arg>
<doc>Create Session: create a HTTP session to a server</doc>
<status status="PASS" start="2024-05-13T05:16:08.654476" elapsed="0.000383"/>
</kw>
<status status="PASS" start="2024-05-13T05:16:08.653505" elapsed="0.001713"/>
</kw>
<status status="PASS" start="2024-05-13T05:16:08.652955" elapsed="0.002457"/>
</test>
<test id="s1-s1-t2" name="Validar retorno 200 e JSON Válido" line="16">
<kw name="Teste de Requisicao Basica" owner="random-user-service">
<kw name="GET On Session" owner="RequestsLibrary">
<msg time="2024-05-13T05:16:08.894497" level="INFO">GET Request : url=https://randomuser.me/api 
 path_url=/api 
 headers={'User-Agent': 'python-requests/2.31.0', 'Accept-Encoding': 'gzip, deflate', 'Accept': '*/*', 'Connection': 'keep-alive'} 
 body=None 
 </msg>
<msg time="2024-05-13T05:16:08.894642" level="INFO">GET Response : url=https://randomuser.me/api 
 status=200, reason=OK 
 headers={'Date': 'Mon, 13 May 2024 05:16:08 GMT', 'Content-Type': 'application/json; charset=utf-8', 'Transfer-Encoding': 'chunked', 'Connection': 'keep-alive', 'X-Powered-By': 'Express', 'Access-Control-Allow-Origin': '*', 'Cache-Control': 'no-cache', 'ETag': 'W/"4aa-9kcnu9bqyJl8Ozd4fvkO0OEZdTM"', 'Vary': 'Accept-Encoding', 'Content-Encoding': 'gzip', 'CF-Cache-Status': 'DYNAMIC', 'Report-To': '{"endpoints":[{"url":"https:\\/\\/a.nel.cloudflare.com\\/report\\/v4?s=%2Beq%2FCTFjz8cZ7gTJagrODwwILA%2FiPU1uYzhLKYZ%2BxDcKwcV0HTEroT1AIPp3lP19dl6r5rBLYlAgOVoBSb0rPYQG82x6l2NAH7cZ%2FZOvZrfiu6P6q6u5vSf8MbX58g2V"}],"group":"cf-nel","max_age":604800}', 'NEL': '{"success_fraction":0,"report_to":"cf-nel","max_age":604800}', 'Server': 'cloudflare', 'CF-RAY': '88302cbb5c179c18-IAD', 'alt-svc': 'h3=":443"; ma=86400'} 
 body={"results":[{"gender":"female","name":{"title":"Miss","first":"Jennifer","last":"Kelly"},"location":{"street":{"number":330,"name":"London Road"},"city":"Birmingham","state":"West Sussex","country":"United Kingdom","postcode":"CM05 6XS","coordinates":{"latitude":"-8.0281","longitude":"149.1954"},"timezone":{"offset":"+5:30","description":"Bombay, Calcutta, Madras, New Delhi"}},"email":"jennifer.kelly@example.com","login":{"uuid":"770b051f-6d04-47d6-b19c-096234c68fc0","username":"silverbear629","password":"morpheus","salt":"ZbrDYyCh","md5":"2f68eb527b68dcfba7a12e217d90fcdb","sha1":"577c38a3e3b0dac45047c0154980bf6d1163a5b4","sha256":"c4b31a16b9ed8cd681b40120450dfb99c80d12bbb384bea4ffbf8f8d574766c7"},"dob":{"date":"1966-01-21T19:35:19.142Z","age":58},"registered":{"date":"2005-12-30T18:59:57.979Z","age":18},"phone":"01374 59705","cell":"07503 586563","id":{"name":"NINO","value":"SH 98 73 30 P"},"picture":{"large":"https://randomuser.me/api/portraits/women/23.jpg","medium":"https://randomuser.me/api/portraits/med/women/23.jpg","thumbnail":"https://randomuser.me/api/portraits/thumb/women/23.jpg"},"nat":"GB"}],"info":{"seed":"626229d7a6f1609c","results":1,"page":1,"version":"1.4"}} 
 </msg>
<msg time="2024-05-13T05:16:08.894725" level="INFO">/opt/hostedtoolcache/Python/3.12.3/x64/lib/python3.12/site-packages/urllib3/connectionpool.py:1103: InsecureRequestWarning: Unverified HTTPS request is being made to host 'randomuser.me'. Adding certificate verification is strongly advised. See: https://urllib3.readthedocs.io/en/latest/advanced-usage.html#tls-warnings
  warnings.warn(</msg>
<msg time="2024-05-13T05:16:08.894882" level="INFO">${response} = &lt;Response [200]&gt;</msg>
<var>${response}</var>
<arg>consultarAPI</arg>
<arg>/api</arg>
<doc>Sends a GET request on a previously created HTTP Session.</doc>
<status status="PASS" start="2024-05-13T05:16:08.658051" elapsed="0.236878"/>
</kw>
<kw name="Should Be Equal As Numbers" owner="BuiltIn">
<msg time="2024-05-13T05:16:08.896080" level="INFO">Argument types are:
&lt;class 'int'&gt;
&lt;class 'str'&gt;</msg>
<arg>${response.status_code}</arg>
<arg>200</arg>
<doc>Fails if objects are unequal after converting them to real numbers.</doc>
<status status="PASS" start="2024-05-13T05:16:08.895579" elapsed="0.000570"/>
</kw>
<kw name="Log" owner="BuiltIn">
<msg time="2024-05-13T05:16:08.896927" level="INFO">200</msg>
<arg>${response.status_code}</arg>
<doc>Logs the given message with the given level.</doc>
<status status="PASS" start="2024-05-13T05:16:08.896554" elapsed="0.000417"/>
</kw>
<kw name="Set Variable" owner="BuiltIn">
<msg time="2024-05-13T05:16:08.897726" level="INFO">${json_data} = {'results': [{'gender': 'female', 'name': {'title': 'Miss', 'first': 'Jennifer', 'last': 'Kelly'}, 'location': {'street': {'number': 330, 'name': 'London Road'}, 'city': 'Birmingham', 'state': 'West S...</msg>
<var>${json_data}</var>
<arg>${response.json()}</arg>
<doc>Returns the given values which can then be assigned to a variables.</doc>
<status status="PASS" start="2024-05-13T05:16:08.897288" elapsed="0.000467"/>
</kw>
<kw name="Dictionary Should Contain Key" owner="Collections">
<msg time="2024-05-13T05:16:08.898238" level="INFO">False</msg>
<arg>${json_data}</arg>
<arg>results</arg>
<doc>Fails if ``key`` is not found from ``dictionary``.</doc>
<status status="PASS" start="2024-05-13T05:16:08.898062" elapsed="0.000217"/>
</kw>
<status status="PASS" start="2024-05-13T05:16:08.657802" elapsed="0.240739"/>
</kw>
<doc>Testa se a API responde corretamente e retorna um objeto JSON válido.</doc>
<tag>testeRequisicaoBasica</tag>
<status status="PASS" start="2024-05-13T05:16:08.657333" elapsed="0.241397"/>
</test>
<test id="s1-s1-t3" name="Validar estrutura de resposta" line="22">
<kw name="Teste de Estrutura de Resposta" owner="random-user-service">
<kw name="GET On Session" owner="RequestsLibrary">
<msg time="2024-05-13T05:16:08.994393" level="INFO">GET Request : url=https://randomuser.me/api 
 path_url=/api 
 headers={'User-Agent': 'python-requests/2.31.0', 'Accept-Encoding': 'gzip, deflate', 'Accept': '*/*', 'Connection': 'keep-alive'} 
 body=None 
 </msg>
<msg time="2024-05-13T05:16:08.994482" level="INFO">GET Response : url=https://randomuser.me/api 
 status=200, reason=OK 
 headers={'Date': 'Mon, 13 May 2024 05:16:08 GMT', 'Content-Type': 'application/json; charset=utf-8', 'Transfer-Encoding': 'chunked', 'Connection': 'keep-alive', 'X-Powered-By': 'Express', 'Access-Control-Allow-Origin': '*', 'Cache-Control': 'no-cache', 'ETag': 'W/"48b-oMR9ZFN2JPHqWYo8SmR39pLAcpk"', 'Vary': 'Accept-Encoding', 'Content-Encoding': 'gzip', 'CF-Cache-Status': 'DYNAMIC', 'Report-To': '{"endpoints":[{"url":"https:\\/\\/a.nel.cloudflare.com\\/report\\/v4?s=Iv%2F5GUjj5oB29IQy6jXnatkkWdkU77Q%2F6nt0KfrB11jlMWtJfo1hiB%2BSHeWnb3jHLr9HLwgfSWnCXMF6ECdrYh4CNM8QIyKNEFzWqmycMLd%2BtpwnPETpx6sdTh%2FCvwfj"}],"group":"cf-nel","max_age":604800}', 'NEL': '{"success_fraction":0,"report_to":"cf-nel","max_age":604800}', 'Server': 'cloudflare', 'CF-RAY': '88302cbbac429c18-IAD', 'alt-svc': 'h3=":443"; ma=86400'} 
 body={"results":[{"gender":"female","name":{"title":"Mrs","first":"Virineya","last":"Kudrya"},"location":{"street":{"number":561,"name":"M'yasoyidivska"},"city":"Lanivci","state":"Cherkaska","country":"Ukraine","postcode":74536,"coordinates":{"latitude":"77.2088","longitude":"43.6919"},"timezone":{"offset":"-7:00","description":"Mountain Time (US &amp; Canada)"}},"email":"virineya.kudrya@example.com","login":{"uuid":"2782087f-b6b5-47ac-93b9-dff1de4d0bd3","username":"purplesnake984","password":"pooppoop","salt":"xTuBMXhn","md5":"2cf7486d45894fdb23fa5eb46deda46a","sha1":"93fcc3541e7acac3409b09047d1eb781b94e0d50","sha256":"f769717a234b2073d642b28c39d542e43996f8a6ab5a941f09810363971aef68"},"dob":{"date":"1998-03-08T00:07:01.762Z","age":26},"registered":{"date":"2003-08-10T09:22:18.427Z","age":20},"phone":"(099) H80-7826","cell":"(067) Y95-3018","id":{"name":"","value":null},"picture":{"large":"https://randomuser.me/api/portraits/women/83.jpg","medium":"https://randomuser.me/api/portraits/med/women/83.jpg","thumbnail":"https://randomuser.me/api/portraits/thumb/women/83.jpg"},"nat":"UA"}],"info":{"seed":"03ac1c6aae42451b","results":1,"page":1,"version":"1.4"}} 
 </msg>
<msg time="2024-05-13T05:16:08.994610" level="INFO">/opt/hostedtoolcache/Python/3.12.3/x64/lib/python3.12/site-packages/urllib3/connectionpool.py:1103: InsecureRequestWarning: Unverified HTTPS request is being made to host 'randomuser.me'. Adding certificate verification is strongly advised. See: https://urllib3.readthedocs.io/en/latest/advanced-usage.html#tls-warnings
  warnings.warn(</msg>
<msg time="2024-05-13T05:16:08.994719" level="INFO">${response} = &lt;Response [200]&gt;</msg>
<var>${response}</var>
<arg>consultarAPI</arg>
<arg>/api</arg>
<doc>Sends a GET request on a previously created HTTP Session.</doc>
<status status="PASS" start="2024-05-13T05:16:08.901422" elapsed="0.093330"/>
</kw>
<kw name="Set Variable" owner="BuiltIn">
<msg time="2024-05-13T05:16:08.995593" level="INFO">${json_data} = {'results': [{'gender': 'female', 'name': {'title': 'Mrs', 'first': 'Virineya', 'last': 'Kudrya'}, 'location': {'street': {'number': 561, 'name': "M'yasoyidivska"}, 'city': 'Lanivci', 'state': 'Cherka...</msg>
<var>${json_data}</var>
<arg>${response.json()}</arg>
<doc>Returns the given values which can then be assigned to a variables.</doc>
<status status="PASS" start="2024-05-13T05:16:08.995128" elapsed="0.000494"/>
</kw>
<kw name="Log" owner="BuiltIn">
<msg time="2024-05-13T05:16:08.996077" level="INFO">{'results': [{'gender': 'female', 'name': {'title': 'Mrs', 'first': 'Virineya', 'last': 'Kudrya'}, 'location': {'street': {'number': 561, 'name': "M'yasoyidivska"}, 'city': 'Lanivci', 'state': 'Cherkaska', 'country': 'Ukraine', 'postcode': 74536, 'coordinates': {'latitude': '77.2088', 'longitude': '43.6919'}, 'timezone': {'offset': '-7:00', 'description': 'Mountain Time (US &amp; Canada)'}}, 'email': 'virineya.kudrya@example.com', 'login': {'uuid': '2782087f-b6b5-47ac-93b9-dff1de4d0bd3', 'username': 'purplesnake984', 'password': 'pooppoop', 'salt': 'xTuBMXhn', 'md5': '2cf7486d45894fdb23fa5eb46deda46a', 'sha1': '93fcc3541e7acac3409b09047d1eb781b94e0d50', 'sha256': 'f769717a234b2073d642b28c39d542e43996f8a6ab5a941f09810363971aef68'}, 'dob': {'date': '1998-03-08T00:07:01.762Z', 'age': 26}, 'registered': {'date': '2003-08-10T09:22:18.427Z', 'age': 20}, 'phone': '(099) H80-7826', 'cell': '(067) Y95-3018', 'id': {'name': '', 'value': None}, 'picture': {'large': 'https://randomuser.me/api/portraits/women/83.jpg', 'medium': 'https://randomuser.me/api/portraits/med/women/83.jpg', 'thumbnail': 'https://randomuser.me/api/portraits/thumb/women/83.jpg'}, 'nat': 'UA'}], 'info': {'seed': '03ac1c6aae42451b', 'results': 1, 'page': 1, 'version': '1.4'}}</msg>
<arg>${json_data}</arg>
<doc>Logs the given message with the given level.</doc>
<status status="PASS" start="2024-05-13T05:16:08.995923" elapsed="0.000201"/>
</kw>
<kw name="Dictionary Should Contain Key" owner="Collections">
<msg time="2024-05-13T05:16:08.996617" level="INFO">False</msg>
<arg>${json_data}</arg>
<arg>results</arg>
<doc>Fails if ``key`` is not found from ``dictionary``.</doc>
<status status="PASS" start="2024-05-13T05:16:08.996458" elapsed="0.000195"/>
</kw>
<kw name="Should Not Be Empty" owner="BuiltIn">
<msg time="2024-05-13T05:16:08.997081" level="INFO">Length is 2.</msg>
<arg>${json_data}</arg>
<doc>Verifies that the given item is not empty.</doc>
<status status="PASS" start="2024-05-13T05:16:08.996942" elapsed="0.000310"/>
</kw>
<kw name="Create List" owner="BuiltIn">
<msg time="2024-05-13T05:16:08.997702" level="INFO">${expected_keys} = ['gender', 'name', 'location', 'email', 'login']</msg>
<var>${expected_keys}</var>
<arg>gender</arg>
<arg>name</arg>
<arg>location</arg>
<arg>email</arg>
<arg>login</arg>
<doc>Returns a list containing given items.</doc>
<status status="PASS" start="2024-05-13T05:16:08.997544" elapsed="0.000181"/>
</kw>
<for flavor="IN">
<iter>
<kw name="Dictionary Should Contain Key" owner="Collections">
<msg time="2024-05-13T05:16:08.998686" level="INFO">False</msg>
<arg>${json_data['results'][0]}</arg>
<arg>${key}</arg>
<doc>Fails if ``key`` is not found from ``dictionary``.</doc>
<status status="PASS" start="2024-05-13T05:16:08.998293" elapsed="0.000431"/>
</kw>
<kw name="Log" owner="BuiltIn">
<msg time="2024-05-13T05:16:08.999391" level="INFO">{'gender': 'female', 'name': {'title': 'Mrs', 'first': 'Virineya', 'last': 'Kudrya'}, 'location': {'street': {'number': 561, 'name': "M'yasoyidivska"}, 'city': 'Lanivci', 'state': 'Cherkaska', 'country': 'Ukraine', 'postcode': 74536, 'coordinates': {'latitude': '77.2088', 'longitude': '43.6919'}, 'timezone': {'offset': '-7:00', 'description': 'Mountain Time (US &amp; Canada)'}}, 'email': 'virineya.kudrya@example.com', 'login': {'uuid': '2782087f-b6b5-47ac-93b9-dff1de4d0bd3', 'username': 'purplesnake984', 'password': 'pooppoop', 'salt': 'xTuBMXhn', 'md5': '2cf7486d45894fdb23fa5eb46deda46a', 'sha1': '93fcc3541e7acac3409b09047d1eb781b94e0d50', 'sha256': 'f769717a234b2073d642b28c39d542e43996f8a6ab5a941f09810363971aef68'}, 'dob': {'date': '1998-03-08T00:07:01.762Z', 'age': 26}, 'registered': {'date': '2003-08-10T09:22:18.427Z', 'age': 20}, 'phone': '(099) H80-7826', 'cell': '(067) Y95-3018', 'id': {'name': '', 'value': None}, 'picture': {'large': 'https://randomuser.me/api/portraits/women/83.jpg', 'medium': 'https://randomuser.me/api/portraits/med/women/83.jpg', 'thumbnail': 'https://randomuser.me/api/portraits/thumb/women/83.jpg'}, 'nat': 'UA'}</msg>
<arg>${json_data['results'][0]}</arg>
<doc>Logs the given message with the given level.</doc>
<status status="PASS" start="2024-05-13T05:16:08.999023" elapsed="0.000417"/>
</kw>
<kw name="Log" owner="BuiltIn">
<msg time="2024-05-13T05:16:08.999867" level="INFO">gender</msg>
<arg>${key}</arg>
<doc>Logs the given message with the given level.</doc>
<status status="PASS" start="2024-05-13T05:16:08.999740" elapsed="0.000165"/>
</kw>
<var name="${key}">gender</var>
<status status="PASS" start="2024-05-13T05:16:08.998167" elapsed="0.001955"/>
</iter>
<iter>
<kw name="Dictionary Should Contain Key" owner="Collections">
<msg time="2024-05-13T05:16:09.000867" level="INFO">False</msg>
<arg>${json_data['results'][0]}</arg>
<arg>${key}</arg>
<doc>Fails if ``key`` is not found from ``dictionary``.</doc>
<status status="PASS" start="2024-05-13T05:16:09.000486" elapsed="0.000417"/>
</kw>
<kw name="Log" owner="BuiltIn">
<msg time="2024-05-13T05:16:09.001584" level="INFO">{'gender': 'female', 'name': {'title': 'Mrs', 'first': 'Virineya', 'last': 'Kudrya'}, 'location': {'street': {'number': 561, 'name': "M'yasoyidivska"}, 'city': 'Lanivci', 'state': 'Cherkaska', 'country': 'Ukraine', 'postcode': 74536, 'coordinates': {'latitude': '77.2088', 'longitude': '43.6919'}, 'timezone': {'offset': '-7:00', 'description': 'Mountain Time (US &amp; Canada)'}}, 'email': 'virineya.kudrya@example.com', 'login': {'uuid': '2782087f-b6b5-47ac-93b9-dff1de4d0bd3', 'username': 'purplesnake984', 'password': 'pooppoop', 'salt': 'xTuBMXhn', 'md5': '2cf7486d45894fdb23fa5eb46deda46a', 'sha1': '93fcc3541e7acac3409b09047d1eb781b94e0d50', 'sha256': 'f769717a234b2073d642b28c39d542e43996f8a6ab5a941f09810363971aef68'}, 'dob': {'date': '1998-03-08T00:07:01.762Z', 'age': 26}, 'registered': {'date': '2003-08-10T09:22:18.427Z', 'age': 20}, 'phone': '(099) H80-7826', 'cell': '(067) Y95-3018', 'id': {'name': '', 'value': None}, 'picture': {'large': 'https://randomuser.me/api/portraits/women/83.jpg', 'medium': 'https://randomuser.me/api/portraits/med/women/83.jpg', 'thumbnail': 'https://randomuser.me/api/portraits/thumb/women/83.jpg'}, 'nat': 'UA'}</msg>
<arg>${json_data['results'][0]}</arg>
<doc>Logs the given message with the given level.</doc>
<status status="PASS" start="2024-05-13T05:16:09.001226" elapsed="0.000407"/>
</kw>
<kw name="Log" owner="BuiltIn">
<msg time="2024-05-13T05:16:09.002077" level="INFO">name</msg>
<arg>${key}</arg>
<doc>Logs the given message with the given level.</doc>
<status status="PASS" start="2024-05-13T05:16:09.001947" elapsed="0.000168"/>
</kw>
<var name="${key}">name</var>
<status status="PASS" start="2024-05-13T05:16:09.000354" elapsed="0.001980"/>
</iter>
<iter>
<kw name="Dictionary Should Contain Key" owner="Collections">
<msg time="2024-05-13T05:16:09.003055" level="INFO">False</msg>
<arg>${json_data['results'][0]}</arg>
<arg>${key}</arg>
<doc>Fails if ``key`` is not found from ``dictionary``.</doc>
<status status="PASS" start="2024-05-13T05:16:09.002626" elapsed="0.000466"/>
</kw>
<kw name="Log" owner="BuiltIn">
<msg time="2024-05-13T05:16:09.003758" level="INFO">{'gender': 'female', 'name': {'title': 'Mrs', 'first': 'Virineya', 'last': 'Kudrya'}, 'location': {'street': {'number': 561, 'name': "M'yasoyidivska"}, 'city': 'Lanivci', 'state': 'Cherkaska', 'country': 'Ukraine', 'postcode': 74536, 'coordinates': {'latitude': '77.2088', 'longitude': '43.6919'}, 'timezone': {'offset': '-7:00', 'description': 'Mountain Time (US &amp; Canada)'}}, 'email': 'virineya.kudrya@example.com', 'login': {'uuid': '2782087f-b6b5-47ac-93b9-dff1de4d0bd3', 'username': 'purplesnake984', 'password': 'pooppoop', 'salt': 'xTuBMXhn', 'md5': '2cf7486d45894fdb23fa5eb46deda46a', 'sha1': '93fcc3541e7acac3409b09047d1eb781b94e0d50', 'sha256': 'f769717a234b2073d642b28c39d542e43996f8a6ab5a941f09810363971aef68'}, 'dob': {'date': '1998-03-08T00:07:01.762Z', 'age': 26}, 'registered': {'date': '2003-08-10T09:22:18.427Z', 'age': 20}, 'phone': '(099) H80-7826', 'cell': '(067) Y95-3018', 'id': {'name': '', 'value': None}, 'picture': {'large': 'https://randomuser.me/api/portraits/women/83.jpg', 'medium': 'https://randomuser.me/api/portraits/med/women/83.jpg', 'thumbnail': 'https://randomuser.me/api/portraits/thumb/women/83.jpg'}, 'nat': 'UA'}</msg>
<arg>${json_data['results'][0]}</arg>
<doc>Logs the given message with the given level.</doc>
<status status="PASS" start="2024-05-13T05:16:09.003394" elapsed="0.000412"/>
</kw>
<kw name="Log" owner="BuiltIn">
<msg time="2024-05-13T05:16:09.004230" level="INFO">location</msg>
<arg>${key}</arg>
<doc>Logs the given message with the given level.</doc>
<status status="PASS" start="2024-05-13T05:16:09.004104" elapsed="0.000186"/>
</kw>
<var name="${key}">location</var>
<status status="PASS" start="2024-05-13T05:16:09.002513" elapsed="0.001999"/>
</iter>
<iter>
<kw name="Dictionary Should Contain Key" owner="Collections">
<msg time="2024-05-13T05:16:09.005173" level="INFO">False</msg>
<arg>${json_data['results'][0]}</arg>
<arg>${key}</arg>
<doc>Fails if ``key`` is not found from ``dictionary``.</doc>
<status status="PASS" start="2024-05-13T05:16:09.004792" elapsed="0.000418"/>
</kw>
<kw name="Log" owner="BuiltIn">
<msg time="2024-05-13T05:16:09.005862" level="INFO">{'gender': 'female', 'name': {'title': 'Mrs', 'first': 'Virineya', 'last': 'Kudrya'}, 'location': {'street': {'number': 561, 'name': "M'yasoyidivska"}, 'city': 'Lanivci', 'state': 'Cherkaska', 'country': 'Ukraine', 'postcode': 74536, 'coordinates': {'latitude': '77.2088', 'longitude': '43.6919'}, 'timezone': {'offset': '-7:00', 'description': 'Mountain Time (US &amp; Canada)'}}, 'email': 'virineya.kudrya@example.com', 'login': {'uuid': '2782087f-b6b5-47ac-93b9-dff1de4d0bd3', 'username': 'purplesnake984', 'password': 'pooppoop', 'salt': 'xTuBMXhn', 'md5': '2cf7486d45894fdb23fa5eb46deda46a', 'sha1': '93fcc3541e7acac3409b09047d1eb781b94e0d50', 'sha256': 'f769717a234b2073d642b28c39d542e43996f8a6ab5a941f09810363971aef68'}, 'dob': {'date': '1998-03-08T00:07:01.762Z', 'age': 26}, 'registered': {'date': '2003-08-10T09:22:18.427Z', 'age': 20}, 'phone': '(099) H80-7826', 'cell': '(067) Y95-3018', 'id': {'name': '', 'value': None}, 'picture': {'large': 'https://randomuser.me/api/portraits/women/83.jpg', 'medium': 'https://randomuser.me/api/portraits/med/women/83.jpg', 'thumbnail': 'https://randomuser.me/api/portraits/thumb/women/83.jpg'}, 'nat': 'UA'}</msg>
<arg>${json_data['results'][0]}</arg>
<doc>Logs the given message with the given level.</doc>
<status status="PASS" start="2024-05-13T05:16:09.005508" elapsed="0.000402"/>
</kw>
<kw name="Log" owner="BuiltIn">
<msg time="2024-05-13T05:16:09.006327" level="INFO">email</msg>
<arg>${key}</arg>
<doc>Logs the given message with the given level.</doc>
<status status="PASS" start="2024-05-13T05:16:09.006200" elapsed="0.000164"/>
</kw>
<var name="${key}">email</var>
<status status="PASS" start="2024-05-13T05:16:09.004682" elapsed="0.001894"/>
</iter>
<iter>
<kw name="Dictionary Should Contain Key" owner="Collections">
<msg time="2024-05-13T05:16:09.007236" level="INFO">False</msg>
<arg>${json_data['results'][0]}</arg>
<arg>${key}</arg>
<doc>Fails if ``key`` is not found from ``dictionary``.</doc>
<status status="PASS" start="2024-05-13T05:16:09.006856" elapsed="0.000416"/>
</kw>
<kw name="Log" owner="BuiltIn">
<msg time="2024-05-13T05:16:09.007938" level="INFO">{'gender': 'female', 'name': {'title': 'Mrs', 'first': 'Virineya', 'last': 'Kudrya'}, 'location': {'street': {'number': 561, 'name': "M'yasoyidivska"}, 'city': 'Lanivci', 'state': 'Cherkaska', 'country': 'Ukraine', 'postcode': 74536, 'coordinates': {'latitude': '77.2088', 'longitude': '43.6919'}, 'timezone': {'offset': '-7:00', 'description': 'Mountain Time (US &amp; Canada)'}}, 'email': 'virineya.kudrya@example.com', 'login': {'uuid': '2782087f-b6b5-47ac-93b9-dff1de4d0bd3', 'username': 'purplesnake984', 'password': 'pooppoop', 'salt': 'xTuBMXhn', 'md5': '2cf7486d45894fdb23fa5eb46deda46a', 'sha1': '93fcc3541e7acac3409b09047d1eb781b94e0d50', 'sha256': 'f769717a234b2073d642b28c39d542e43996f8a6ab5a941f09810363971aef68'}, 'dob': {'date': '1998-03-08T00:07:01.762Z', 'age': 26}, 'registered': {'date': '2003-08-10T09:22:18.427Z', 'age': 20}, 'phone': '(099) H80-7826', 'cell': '(067) Y95-3018', 'id': {'name': '', 'value': None}, 'picture': {'large': 'https://randomuser.me/api/portraits/women/83.jpg', 'medium': 'https://randomuser.me/api/portraits/med/women/83.jpg', 'thumbnail': 'https://randomuser.me/api/portraits/thumb/women/83.jpg'}, 'nat': 'UA'}</msg>
<arg>${json_data['results'][0]}</arg>
<doc>Logs the given message with the given level.</doc>
<status status="PASS" start="2024-05-13T05:16:09.007575" elapsed="0.000412"/>
</kw>
<kw name="Log" owner="BuiltIn">
<msg time="2024-05-13T05:16:09.008442" level="INFO">login</msg>
<arg>${key}</arg>
<doc>Logs the given message with the given level.</doc>
<status status="PASS" start="2024-05-13T05:16:09.008303" elapsed="0.000177"/>
</kw>
<var name="${key}">login</var>
<status status="PASS" start="2024-05-13T05:16:09.006747" elapsed="0.001976"/>
</iter>
<var>${key}</var>
<value>@{expected_keys}</value>
<status status="PASS" start="2024-05-13T05:16:08.997980" elapsed="0.010868"/>
</for>
<kw name="Create List" owner="BuiltIn">
<msg time="2024-05-13T05:16:09.009176" level="INFO">${expected_keysTwo} = ['username', 'password']</msg>
<var>${expected_keysTwo}</var>
<arg>username</arg>
<arg>password</arg>
<doc>Returns a list containing given items.</doc>
<status status="PASS" start="2024-05-13T05:16:09.009039" elapsed="0.000161"/>
</kw>
<for flavor="IN">
<iter>
<kw name="Dictionary Should Contain Key" owner="Collections">
<msg time="2024-05-13T05:16:09.010087" level="INFO">False</msg>
<arg>${json_data['results'][0]['login']}</arg>
<arg>${keyTwo}</arg>
<doc>Fails if ``key`` is not found from ``dictionary``.</doc>
<status status="PASS" start="2024-05-13T05:16:09.009697" elapsed="0.000427"/>
</kw>
<kw name="Dictionary Should Contain Key" owner="Collections">
<msg time="2024-05-13T05:16:09.010800" level="INFO">False</msg>
<arg>${json_data['results'][0]['login']}</arg>
<arg>${keyTwo}</arg>
<doc>Fails if ``key`` is not found from ``dictionary``.</doc>
<status status="PASS" start="2024-05-13T05:16:09.010419" elapsed="0.000417"/>
</kw>
<kw name="Log" owner="BuiltIn">
<msg time="2024-05-13T05:16:09.011251" level="INFO">username</msg>
<arg>${keyTwo}</arg>
<doc>Logs the given message with the given level.</doc>
<status status="PASS" start="2024-05-13T05:16:09.011125" elapsed="0.000169"/>
</kw>
<var name="${keyTwo}">username</var>
<status status="PASS" start="2024-05-13T05:16:09.009587" elapsed="0.001924"/>
</iter>
<iter>
<kw name="Dictionary Should Contain Key" owner="Collections">
<msg time="2024-05-13T05:16:09.012269" level="INFO">False</msg>
<arg>${json_data['results'][0]['login']}</arg>
<arg>${keyTwo}</arg>
<doc>Fails if ``key`` is not found from ``dictionary``.</doc>
<status status="PASS" start="2024-05-13T05:16:09.011788" elapsed="0.000525"/>
</kw>
<kw name="Dictionary Should Contain Key" owner="Collections">
<msg time="2024-05-13T05:16:09.013009" level="INFO">False</msg>
<arg>${json_data['results'][0]['login']}</arg>
<arg>${keyTwo}</arg>
<doc>Fails if ``key`` is not found from ``dictionary``.</doc>
<status status="PASS" start="2024-05-13T05:16:09.012625" elapsed="0.000422"/>
</kw>
<kw name="Log" owner="BuiltIn">
<msg time="2024-05-13T05:16:09.013474" level="INFO">password</msg>
<arg>${keyTwo}</arg>
<doc>Logs the given message with the given level.</doc>
<status status="PASS" start="2024-05-13T05:16:09.013344" elapsed="0.000167"/>
</kw>
<var name="${keyTwo}">password</var>
<status status="PASS" start="2024-05-13T05:16:09.011680" elapsed="0.002047"/>
</iter>
<var>${keyTwo}</var>
<value>@{expected_keysTwo}</value>
<status status="PASS" start="2024-05-13T05:16:09.009436" elapsed="0.004411"/>
</for>
<status status="PASS" start="2024-05-13T05:16:08.901187" elapsed="0.112795"/>
</kw>
<doc>Testa a estrutura da resposta da API.</doc>
<tag>testeEstruturaResposta</tag>
<status status="PASS" start="2024-05-13T05:16:08.900679" elapsed="0.113451"/>
</test>
<test id="s1-s1-t4" name="Validar tipos de dados" line="28">
<kw name="Teste de Tipos de Dados" owner="random-user-service">
<kw name="GET On Session" owner="RequestsLibrary">
<msg time="2024-05-13T05:16:09.103698" level="INFO">GET Request : url=https://randomuser.me/api 
 path_url=/api 
 headers={'User-Agent': 'python-requests/2.31.0', 'Accept-Encoding': 'gzip, deflate', 'Accept': '*/*', 'Connection': 'keep-alive'} 
 body=None 
 </msg>
<msg time="2024-05-13T05:16:09.103795" level="INFO">GET Response : url=https://randomuser.me/api 
 status=200, reason=OK 
 headers={'Date': 'Mon, 13 May 2024 05:16:09 GMT', 'Content-Type': 'application/json; charset=utf-8', 'Transfer-Encoding': 'chunked', 'Connection': 'keep-alive', 'X-Powered-By': 'Express', 'Access-Control-Allow-Origin': '*', 'Cache-Control': 'no-cache', 'ETag': 'W/"482-vvBx1DA10YL8yfIkzS0b6DnqoJQ"', 'Vary': 'Accept-Encoding', 'Content-Encoding': 'gzip', 'CF-Cache-Status': 'DYNAMIC', 'Report-To': '{"endpoints":[{"url":"https:\\/\\/a.nel.cloudflare.com\\/report\\/v4?s=UtNnFF356sjZEhOc6MOIFg3PTQOKY%2BrQbro3QsEjOJixVM9CbM2zN6%2ForFr7KGK0z%2FN62dXSuc4EV%2F7n8lKz80ppQLvaTB0LHsN6H4ABbgdGFCwgpXOZLkQ9h5%2BnnKwD"}],"group":"cf-nel","max_age":604800}', 'NEL': '{"success_fraction":0,"report_to":"cf-nel","max_age":604800}', 'Server': 'cloudflare', 'CF-RAY': '88302cbc5cac9c18-IAD', 'alt-svc': 'h3=":443"; ma=86400'} 
 body={"results":[{"gender":"female","name":{"title":"Mrs","first":"Ellie","last":"Moore"},"location":{"street":{"number":5550,"name":"Roscommon Road"},"city":"Napier","state":"Taranaki","country":"New Zealand","postcode":35687,"coordinates":{"latitude":"54.3342","longitude":"74.4665"},"timezone":{"offset":"+2:00","description":"Kaliningrad, South Africa"}},"email":"ellie.moore@example.com","login":{"uuid":"38688c7b-4b69-451d-a54f-b6bf926557bb","username":"yellowpanda487","password":"compass","salt":"SALue2kt","md5":"d57e25cae395db41c616496539013ab3","sha1":"df2f0a7164168330d5a449b25daf7d34fe61c72e","sha256":"95725c2ba5059c6145967d8475b719152bf53677e512b14d524d751c5801f517"},"dob":{"date":"1986-07-24T09:24:00.891Z","age":37},"registered":{"date":"2021-06-30T11:43:35.435Z","age":2},"phone":"(133)-347-7802","cell":"(881)-318-0005","id":{"name":"","value":null},"picture":{"large":"https://randomuser.me/api/portraits/women/55.jpg","medium":"https://randomuser.me/api/portraits/med/women/55.jpg","thumbnail":"https://randomuser.me/api/portraits/thumb/women/55.jpg"},"nat":"NZ"}],"info":{"seed":"61da34193390397d","results":1,"page":1,"version":"1.4"}} 
 </msg>
<msg time="2024-05-13T05:16:09.103894" level="INFO">/opt/hostedtoolcache/Python/3.12.3/x64/lib/python3.12/site-packages/urllib3/connectionpool.py:1103: InsecureRequestWarning: Unverified HTTPS request is being made to host 'randomuser.me'. Adding certificate verification is strongly advised. See: https://urllib3.readthedocs.io/en/latest/advanced-usage.html#tls-warnings
  warnings.warn(</msg>
<msg time="2024-05-13T05:16:09.104026" level="INFO">${response} = &lt;Response [200]&gt;</msg>
<var>${response}</var>
<arg>consultarAPI</arg>
<arg>/api</arg>
<doc>Sends a GET request on a previously created HTTP Session.</doc>
<status status="PASS" start="2024-05-13T05:16:09.016618" elapsed="0.087452"/>
</kw>
<kw name="Set Variable" owner="BuiltIn">
<msg time="2024-05-13T05:16:09.105370" level="INFO">${json_data} = {'results': [{'gender': 'female', 'name': {'title': 'Mrs', 'first': 'Ellie', 'last': 'Moore'}, 'location': {'street': {'number': 5550, 'name': 'Roscommon Road'}, 'city': 'Napier', 'state': 'Taranaki',...</msg>
<var>${json_data}</var>
<arg>${response.json()}</arg>
<doc>Returns the given values which can then be assigned to a variables.</doc>
<status status="PASS" start="2024-05-13T05:16:09.104609" elapsed="0.000806"/>
</kw>
<kw name="Log" owner="BuiltIn">
<msg time="2024-05-13T05:16:09.106141" level="INFO">{'results': [{'gender': 'female', 'name': {'title': 'Mrs', 'first': 'Ellie', 'last': 'Moore'}, 'location': {'street': {'number': 5550, 'name': 'Roscommon Road'}, 'city': 'Napier', 'state': 'Taranaki', 'country': 'New Zealand', 'postcode': 35687, 'coordinates': {'latitude': '54.3342', 'longitude': '74.4665'}, 'timezone': {'offset': '+2:00', 'description': 'Kaliningrad, South Africa'}}, 'email': 'ellie.moore@example.com', 'login': {'uuid': '38688c7b-4b69-451d-a54f-b6bf926557bb', 'username': 'yellowpanda487', 'password': 'compass', 'salt': 'SALue2kt', 'md5': 'd57e25cae395db41c616496539013ab3', 'sha1': 'df2f0a7164168330d5a449b25daf7d34fe61c72e', 'sha256': '95725c2ba5059c6145967d8475b719152bf53677e512b14d524d751c5801f517'}, 'dob': {'date': '1986-07-24T09:24:00.891Z', 'age': 37}, 'registered': {'date': '2021-06-30T11:43:35.435Z', 'age': 2}, 'phone': '(133)-347-7802', 'cell': '(881)-318-0005', 'id': {'name': '', 'value': None}, 'picture': {'large': 'https://randomuser.me/api/portraits/women/55.jpg', 'medium': 'https://randomuser.me/api/portraits/med/women/55.jpg', 'thumbnail': 'https://randomuser.me/api/portraits/thumb/women/55.jpg'}, 'nat': 'NZ'}], 'info': {'seed': '61da34193390397d', 'results': 1, 'page': 1, 'version': '1.4'}}</msg>
<arg>${json_data}</arg>
<doc>Logs the given message with the given level.</doc>
<status status="PASS" start="2024-05-13T05:16:09.105897" elapsed="0.000370"/>
</kw>
<kw name="Should Be String" owner="String">
<arg>${json_data['results'][0]['gender']}</arg>
<doc>Fails if the given ``item`` is not a string.</doc>
<status status="PASS" start="2024-05-13T05:16:09.106701" elapsed="0.000577"/>
</kw>
<kw name="Should Match Regexp" owner="BuiltIn">
<arg>${json_data['results'][0]['email']}</arg>
<arg>^[a-zA-Z0-9._%+-]+@[a-zA-Z0-9.-]+\.[a-zA-Z]{2,}$</arg>
<doc>Fails if ``string`` does not match ``pattern`` as a regular expression.</doc>
<status status="PASS" start="2024-05-13T05:16:09.107607" elapsed="0.000873"/>
</kw>
<kw name="Should Match Regexp" owner="BuiltIn">
<arg>${json_data['results'][0]['dob']['date']}</arg>
<arg>\\d{4}-\\d{2}-\\d{2}T\\d{2}:\\d{2}:\\d{2}\\.\\d{3}Z</arg>
<doc>Fails if ``string`` does not match ``pattern`` as a regular expression.</doc>
<status status="PASS" start="2024-05-13T05:16:09.108824" elapsed="0.000839"/>
</kw>
<kw name="Should Match Regexp" owner="BuiltIn">
<arg>${json_data['results'][0]['registered']['date']}</arg>
<arg>\\d{4}-\\d{2}-\\d{2}T\\d{2}:\\d{2}:\\d{2}\\.\\d{3}Z</arg>
<doc>Fails if ``string`` does not match ``pattern`` as a regular expression.</doc>
<status status="PASS" start="2024-05-13T05:16:09.109990" elapsed="0.000611"/>
</kw>
<kw name="Should Match Regexp" owner="BuiltIn">
<arg>${json_data['results'][0]['picture']['large']}</arg>
<arg>^https?://.*\.(?:png|jpe?g|gif|bmp)$</arg>
<doc>Fails if ``string`` does not match ``pattern`` as a regular expression.</doc>
<status status="PASS" start="2024-05-13T05:16:09.110943" elapsed="0.000753"/>
</kw>
<kw name="Should Match Regexp" owner="BuiltIn">
<arg>${json_data['results'][0]['picture']['medium']}</arg>
<arg>^https?://.*\.(?:png|jpe?g|gif|bmp)$</arg>
<doc>Fails if ``string`` does not match ``pattern`` as a regular expression.</doc>
<status status="PASS" start="2024-05-13T05:16:09.111996" elapsed="0.000672"/>
</kw>
<kw name="Should Match Regexp" owner="BuiltIn">
<arg>${json_data['results'][0]['picture']['thumbnail']}</arg>
<arg>^https?://.*\.(?:png|jpe?g|gif|bmp)$</arg>
<doc>Fails if ``string`` does not match ``pattern`` as a regular expression.</doc>
<status status="PASS" start="2024-05-13T05:16:09.113008" elapsed="0.000609"/>
</kw>
<kw name="Log" owner="BuiltIn">
<msg time="2024-05-13T05:16:09.114509" level="INFO">{'large': 'https://randomuser.me/api/portraits/women/55.jpg', 'medium': 'https://randomuser.me/api/portraits/med/women/55.jpg', 'thumbnail': 'https://randomuser.me/api/portraits/thumb/women/55.jpg'}</msg>
<arg>${json_data['results'][0]['picture']}</arg>
<doc>Logs the given message with the given level.</doc>
<status status="PASS" start="2024-05-13T05:16:09.113933" elapsed="0.000645"/>
</kw>
<status status="PASS" start="2024-05-13T05:16:09.016393" elapsed="0.098559"/>
</kw>
<kw name="Teste de Tipos de Dados - Postcode" owner="random-user-service">
<kw name="GET On Session" owner="RequestsLibrary">
<msg time="2024-05-13T05:16:09.255418" level="INFO">GET Request : url=https://randomuser.me/api 
 path_url=/api 
 headers={'User-Agent': 'python-requests/2.31.0', 'Accept-Encoding': 'gzip, deflate', 'Accept': '*/*', 'Connection': 'keep-alive'} 
 body=None 
 </msg>
<msg time="2024-05-13T05:16:09.255503" level="INFO">GET Response : url=https://randomuser.me/api 
 status=200, reason=OK 
 headers={'Date': 'Mon, 13 May 2024 05:16:09 GMT', 'Content-Type': 'application/json; charset=utf-8', 'Transfer-Encoding': 'chunked', 'Connection': 'keep-alive', 'X-Powered-By': 'Express', 'Access-Control-Allow-Origin': '*', 'Cache-Control': 'no-cache', 'ETag': 'W/"4b0-g1Z7VCjvPBhvqwze5nDGscIr2sM"', 'Vary': 'Accept-Encoding', 'Content-Encoding': 'gzip', 'CF-Cache-Status': 'DYNAMIC', 'Report-To': '{"endpoints":[{"url":"https:\\/\\/a.nel.cloudflare.com\\/report\\/v4?s=yieK82c52h0mGAr8e%2BA2hTbM8vv86x5eH7xydVKCG9q61bVwgvcDkvSZdsaC7PJt%2BuUUaeeMCv9D1aBLjxS22SqNRGr%2B%2F%2F7D5mdVJcYEYnA66QLaTgWgD1b2fYylPgKY"}],"group":"cf-nel","max_age":604800}', 'NEL': '{"success_fraction":0,"report_to":"cf-nel","max_age":604800}', 'Server': 'cloudflare', 'CF-RAY': '88302cbcfd1f9c18-IAD', 'alt-svc': 'h3=":443"; ma=86400'} 
 body={"results":[{"gender":"female","name":{"title":"Mrs","first":"Josefina","last":"Mota"},"location":{"street":{"number":2013,"name":"Diagonal República Centroafricana"},"city":"Infiernillo","state":"Ciudad de Mexico","country":"Mexico","postcode":31031,"coordinates":{"latitude":"25.8025","longitude":"71.4357"},"timezone":{"offset":"-12:00","description":"Eniwetok, Kwajalein"}},"email":"josefina.mota@example.com","login":{"uuid":"89703953-3020-41c6-bdc1-7c9b81d5a365","username":"beautifulkoala792","password":"sanford","salt":"dlbeXABY","md5":"63d36d4e396bf15c35ac246e60985c54","sha1":"92bc570901815aef770f05c7f85decf5bb119ef7","sha256":"ba35488aeed43d263ad8cb5cee363d12ccc67bb9536ea5e28e16c34a89171442"},"dob":{"date":"1979-03-23T11:50:46.776Z","age":45},"registered":{"date":"2017-04-24T17:34:18.344Z","age":7},"phone":"(608) 362 4383","cell":"(681) 374 8341","id":{"name":"NSS","value":"22 14 17 2260 2"},"picture":{"large":"https://randomuser.me/api/portraits/women/50.jpg","medium":"https://randomuser.me/api/portraits/med/women/50.jpg","thumbnail":"https://randomuser.me/api/portraits/thumb/women/50.jpg"},"nat":"MX"}],"info":{"seed":"ba85f5aacc12c4ff","results":1,"page":1,"version":"1.4"}} 
 </msg>
<msg time="2024-05-13T05:16:09.255584" level="INFO">/opt/hostedtoolcache/Python/3.12.3/x64/lib/python3.12/site-packages/urllib3/connectionpool.py:1103: InsecureRequestWarning: Unverified HTTPS request is being made to host 'randomuser.me'. Adding certificate verification is strongly advised. See: https://urllib3.readthedocs.io/en/latest/advanced-usage.html#tls-warnings
  warnings.warn(</msg>
<msg time="2024-05-13T05:16:09.255696" level="INFO">${response} = &lt;Response [200]&gt;</msg>
<var>${response}</var>
<arg>consultarAPI</arg>
<arg>/api</arg>
<doc>Sends a GET request on a previously created HTTP Session.</doc>
<status status="PASS" start="2024-05-13T05:16:09.115620" elapsed="0.140121"/>
</kw>
<kw name="Set Variable" owner="BuiltIn">
<msg time="2024-05-13T05:16:09.256721" level="INFO">${json_data} = {'results': [{'gender': 'female', 'name': {'title': 'Mrs', 'first': 'Josefina', 'last': 'Mota'}, 'location': {'street': {'number': 2013, 'name': 'Diagonal República Centroafricana'}, 'city': 'Infierni...</msg>
<var>${json_data}</var>
<arg>${response.json()}</arg>
<doc>Returns the given values which can then be assigned to a variables.</doc>
<status status="PASS" start="2024-05-13T05:16:09.256216" elapsed="0.000534"/>
</kw>
<kw name="Log" owner="BuiltIn">
<msg time="2024-05-13T05:16:09.257219" level="INFO">{'results': [{'gender': 'female', 'name': {'title': 'Mrs', 'first': 'Josefina', 'last': 'Mota'}, 'location': {'street': {'number': 2013, 'name': 'Diagonal República Centroafricana'}, 'city': 'Infiernillo', 'state': 'Ciudad de Mexico', 'country': 'Mexico', 'postcode': 31031, 'coordinates': {'latitude': '25.8025', 'longitude': '71.4357'}, 'timezone': {'offset': '-12:00', 'description': 'Eniwetok, Kwajalein'}}, 'email': 'josefina.mota@example.com', 'login': {'uuid': '89703953-3020-41c6-bdc1-7c9b81d5a365', 'username': 'beautifulkoala792', 'password': 'sanford', 'salt': 'dlbeXABY', 'md5': '63d36d4e396bf15c35ac246e60985c54', 'sha1': '92bc570901815aef770f05c7f85decf5bb119ef7', 'sha256': 'ba35488aeed43d263ad8cb5cee363d12ccc67bb9536ea5e28e16c34a89171442'}, 'dob': {'date': '1979-03-23T11:50:46.776Z', 'age': 45}, 'registered': {'date': '2017-04-24T17:34:18.344Z', 'age': 7}, 'phone': '(608) 362 4383', 'cell': '(681) 374 8341', 'id': {'name': 'NSS', 'value': '22 14 17 2260 2'}, 'picture': {'large': 'https://randomuser.me/api/portraits/women/50.jpg', 'medium': 'https://randomuser.me/api/portraits/med/women/50.jpg', 'thumbnail': 'https://randomuser.me/api/portraits/thumb/women/50.jpg'}, 'nat': 'MX'}], 'info': {'seed': 'ba85f5aacc12c4ff', 'results': 1, 'page': 1, 'version': '1.4'}}</msg>
<arg>${json_data}</arg>
<doc>Logs the given message with the given level.</doc>
<status status="PASS" start="2024-05-13T05:16:09.257062" elapsed="0.000240"/>
</kw>
<kw name="Should Be Equal As Numbers" owner="BuiltIn">
<arg>${json_data['results'][0]['location']['postcode']}</arg>
<arg>${json_data['results'][0]['location']['postcode']}</arg>
<doc>Fails if objects are unequal after converting them to real numbers.</doc>
<status status="PASS" start="2024-05-13T05:16:09.257739" elapsed="0.000628"/>
</kw>
<kw name="Log" owner="BuiltIn">
<msg time="2024-05-13T05:16:09.258900" level="INFO">31031</msg>
<arg>${json_data['results'][0]['location']['postcode']}</arg>
<doc>Logs the given message with the given level.</doc>
<status status="PASS" start="2024-05-13T05:16:09.258561" elapsed="0.000378"/>
</kw>
<status status="PASS" start="2024-05-13T05:16:09.115276" elapsed="0.143914"/>
</kw>
<doc>Testa se os tipos de dados na resposta da API estão corretos.</doc>
<tag>testeTiposDados</tag>
<status status="PASS" start="2024-05-13T05:16:09.015893" elapsed="0.243454"/>
</test>
<test id="s1-s1-t5" name="Validar conteudo" line="35">
<kw name="Teste de Tipos de Conteudo" owner="random-user-service">
<kw name="GET On Session" owner="RequestsLibrary">
<msg time="2024-05-13T05:16:09.295625" level="INFO">GET Request : url=https://randomuser.me/api 
 path_url=/api 
 headers={'User-Agent': 'python-requests/2.31.0', 'Accept-Encoding': 'gzip, deflate', 'Accept': '*/*', 'Connection': 'keep-alive'} 
 body=None 
 </msg>
<msg time="2024-05-13T05:16:09.295707" level="INFO">GET Response : url=https://randomuser.me/api 
 status=200, reason=OK 
 headers={'Date': 'Mon, 13 May 2024 05:16:09 GMT', 'Content-Type': 'application/json; charset=utf-8', 'Transfer-Encoding': 'chunked', 'Connection': 'keep-alive', 'X-Powered-By': 'Express', 'Access-Control-Allow-Origin': '*', 'Cache-Control': 'no-cache', 'ETag': 'W/"479-xDobn4hnGu7/bAoES+RPEJFCXOA"', 'Vary': 'Accept-Encoding', 'Content-Encoding': 'gzip', 'CF-Cache-Status': 'DYNAMIC', 'Report-To': '{"endpoints":[{"url":"https:\\/\\/a.nel.cloudflare.com\\/report\\/v4?s=PRskU%2Bq5GwG7zodBizEwl8NTHmf7V6GmvRRgVuZBPPi3IOWQKzBJhP9k%2BXnwG1013gQ1R8XNQQ3TBqR3vqYdr5BnxYULtxx5ZRAsOhTmQbjG6zDmxTJ46qWZlAV6CHho"}],"group":"cf-nel","max_age":604800}', 'NEL': '{"success_fraction":0,"report_to":"cf-nel","max_age":604800}', 'Server': 'cloudflare', 'CF-RAY': '88302cbdedc89c18-IAD', 'alt-svc': 'h3=":443"; ma=86400'} 
 body={"results":[{"gender":"male","name":{"title":"Mr","first":"Randy","last":"Collins"},"location":{"street":{"number":781,"name":"Edwards Rd"},"city":"Adelaide","state":"Western Australia","country":"Australia","postcode":6090,"coordinates":{"latitude":"-81.5904","longitude":"-88.8230"},"timezone":{"offset":"-10:00","description":"Hawaii"}},"email":"randy.collins@example.com","login":{"uuid":"c21140f2-8f27-43c6-9746-1a8a85341605","username":"crazygorilla206","password":"jellybea","salt":"G9kCmUzv","md5":"5a60cd6a9195259fb8f23c7374deb1de","sha1":"c357f75abdd347793209ab3b75e861acda831b4d","sha256":"2dbd0efbe5ddd4345fcc87bb84236172fd71baf66095aef798b537a6bffc91c2"},"dob":{"date":"1981-05-04T22:52:54.229Z","age":43},"registered":{"date":"2013-03-29T07:24:57.232Z","age":11},"phone":"05-3231-4037","cell":"0471-219-112","id":{"name":"TFN","value":"466203851"},"picture":{"large":"https://randomuser.me/api/portraits/men/67.jpg","medium":"https://randomuser.me/api/portraits/med/men/67.jpg","thumbnail":"https://randomuser.me/api/portraits/thumb/men/67.jpg"},"nat":"AU"}],"info":{"seed":"93f9e14776d4803d","results":1,"page":1,"version":"1.4"}} 
 </msg>
<msg time="2024-05-13T05:16:09.295781" level="INFO">/opt/hostedtoolcache/Python/3.12.3/x64/lib/python3.12/site-packages/urllib3/connectionpool.py:1103: InsecureRequestWarning: Unverified HTTPS request is being made to host 'randomuser.me'. Adding certificate verification is strongly advised. See: https://urllib3.readthedocs.io/en/latest/advanced-usage.html#tls-warnings
  warnings.warn(</msg>
<msg time="2024-05-13T05:16:09.295891" level="INFO">${response} = &lt;Response [200]&gt;</msg>
<var>${response}</var>
<arg>consultarAPI</arg>
<arg>/api</arg>
<doc>Sends a GET request on a previously created HTTP Session.</doc>
<status status="PASS" start="2024-05-13T05:16:09.261807" elapsed="0.034117"/>
</kw>
<kw name="Set Variable" owner="BuiltIn">
<msg time="2024-05-13T05:16:09.296829" level="INFO">${json_data} = {'results': [{'gender': 'male', 'name': {'title': 'Mr', 'first': 'Randy', 'last': 'Collins'}, 'location': {'street': {'number': 781, 'name': 'Edwards Rd'}, 'city': 'Adelaide', 'state': 'Western Austra...</msg>
<var>${json_data}</var>
<arg>${response.json()}</arg>
<doc>Returns the given values which can then be assigned to a variables.</doc>
<status status="PASS" start="2024-05-13T05:16:09.296391" elapsed="0.000467"/>
</kw>
<kw name="Set Variable" owner="BuiltIn">
<msg time="2024-05-13T05:16:09.297544" level="INFO">${name_title} = Mr</msg>
<var>${name_title}</var>
<arg>${json_data["results"][0]["name"]["title"]}</arg>
<doc>Returns the given values which can then be assigned to a variables.</doc>
<status status="PASS" start="2024-05-13T05:16:09.297161" elapsed="0.000408"/>
</kw>
<kw name="Create List" owner="BuiltIn">
<msg time="2024-05-13T05:16:09.298010" level="INFO">${allowed_titles} = ['Mr', 'Ms', 'Miss', 'Mrs', 'Madame', 'Monsieur']</msg>
<var>${allowed_titles}</var>
<arg>Mr</arg>
<arg>Ms</arg>
<arg>Miss</arg>
<arg>Mrs</arg>
<arg>Madame</arg>
<arg>Monsieur</arg>
<doc>Returns a list containing given items.</doc>
<status status="PASS" start="2024-05-13T05:16:09.297864" elapsed="0.000170"/>
</kw>
<kw name="List Should Contain Value" owner="Collections">
<msg time="2024-05-13T05:16:09.298501" level="INFO">False</msg>
<arg>${allowed_titles}</arg>
<arg>${name_title}</arg>
<doc>Fails if the ``value`` is not found from ``list``.</doc>
<status status="PASS" start="2024-05-13T05:16:09.298331" elapsed="0.000206"/>
</kw>
<kw name="Set Variable" owner="BuiltIn">
<msg time="2024-05-13T05:16:09.299204" level="INFO">${name_country} = AU</msg>
<var>${name_country}</var>
<arg>${json_data["results"][0]["nat"]}</arg>
<doc>Returns the given values which can then be assigned to a variables.</doc>
<status status="PASS" start="2024-05-13T05:16:09.298828" elapsed="0.000400"/>
</kw>
<kw name="Create List" owner="BuiltIn">
<msg time="2024-05-13T05:16:09.300111" level="INFO">${list_country} = ['AD', 'AE', 'AF', 'AG', 'AI', 'AL', 'AM', 'AO', 'AQ', 'AR', 'AS', 'AT', 'AU', 'AW', 'AX', 'AZ', 'BA', 'BB', 'BD', 'BE', 'BF', 'BG', 'BH', 'BI', 'BJ', 'BL', 'BM', 'BN', 'BO', 'BQ', 'BR', 'BS', 'BT', '...</msg>
<var>${list_country}</var>
<arg>AD</arg>
<arg>AE</arg>
<arg>AF</arg>
<arg>AG</arg>
<arg>AI</arg>
<arg>AL</arg>
<arg>AM</arg>
<arg>AO</arg>
<arg>AQ</arg>
<arg>AR</arg>
<arg>AS</arg>
<arg>AT</arg>
<arg>AU</arg>
<arg>AW</arg>
<arg>AX</arg>
<arg>AZ</arg>
<arg>BA</arg>
<arg>BB</arg>
<arg>BD</arg>
<arg>BE</arg>
<arg>BF</arg>
<arg>BG</arg>
<arg>BH</arg>
<arg>BI</arg>
<arg>BJ</arg>
<arg>BL</arg>
<arg>BM</arg>
<arg>BN</arg>
<arg>BO</arg>
<arg>BQ</arg>
<arg>BR</arg>
<arg>BS</arg>
<arg>BT</arg>
<arg>BV</arg>
<arg>BW</arg>
<arg>BY</arg>
<arg>BZ</arg>
<arg>CA</arg>
<arg>CC</arg>
<arg>CD</arg>
<arg>CF</arg>
<arg>CG</arg>
<arg>CH</arg>
<arg>CI</arg>
<arg>CK</arg>
<arg>CL</arg>
<arg>CM</arg>
<arg>CN</arg>
<arg>CO</arg>
<arg>CR</arg>
<arg>CU</arg>
<arg>CV</arg>
<arg>CW</arg>
<arg>CX</arg>
<arg>CY</arg>
<arg>CZ</arg>
<arg>DE</arg>
<arg>DJ</arg>
<arg>DK</arg>
<arg>DM</arg>
<arg>DO</arg>
<arg>DZ</arg>
<arg>EC</arg>
<arg>EE</arg>
<arg>EG</arg>
<arg>EH</arg>
<arg>ER</arg>
<arg>ES</arg>
<arg>ET</arg>
<arg>FI</arg>
<arg>FJ</arg>
<arg>FK</arg>
<arg>FM</arg>
<arg>FO</arg>
<arg>FR</arg>
<arg>GA</arg>
<arg>GB</arg>
<arg>GD</arg>
<arg>GE</arg>
<arg>GF</arg>
<arg>GG</arg>
<arg>GH</arg>
<arg>GI</arg>
<arg>GL</arg>
<arg>GM</arg>
<arg>GN</arg>
<arg>GP</arg>
<arg>GQ</arg>
<arg>GR</arg>
<arg>GS</arg>
<arg>GT</arg>
<arg>GU</arg>
<arg>GW</arg>
<arg>GY</arg>
<arg>HK</arg>
<arg>HM</arg>
<arg>HN</arg>
<arg>HR</arg>
<arg>HT</arg>
<arg>HU</arg>
<arg>ID</arg>
<arg>IE</arg>
<arg>IL</arg>
<arg>IM</arg>
<arg>IN</arg>
<arg>IO</arg>
<arg>IQ</arg>
<arg>IR</arg>
<arg>IS</arg>
<arg>IT</arg>
<arg>JE</arg>
<arg>JM</arg>
<arg>JO</arg>
<arg>JP</arg>
<arg>KE</arg>
<arg>KG</arg>
<arg>KH</arg>
<arg>KI</arg>
<arg>KM</arg>
<arg>KN</arg>
<arg>KP</arg>
<arg>KR</arg>
<arg>KW</arg>
<arg>KY</arg>
<arg>KZ</arg>
<arg>LA</arg>
<arg>LB</arg>
<arg>LC</arg>
<arg>LI</arg>
<arg>LK</arg>
<arg>LR</arg>
<arg>LS</arg>
<arg>LT</arg>
<arg>LU</arg>
<arg>LV</arg>
<arg>LY</arg>
<arg>MA</arg>
<arg>MC</arg>
<arg>MD</arg>
<arg>ME</arg>
<arg>MF</arg>
<arg>MG</arg>
<arg>MH</arg>
<arg>MK</arg>
<arg>ML</arg>
<arg>MM</arg>
<arg>MN</arg>
<arg>MO</arg>
<arg>MP</arg>
<arg>MQ</arg>
<arg>MR</arg>
<arg>MS</arg>
<arg>MT</arg>
<arg>MU</arg>
<arg>MV</arg>
<arg>MW</arg>
<arg>MX</arg>
<arg>MY</arg>
<arg>MZ</arg>
<arg>NA</arg>
<arg>NC</arg>
<arg>NE</arg>
<arg>NF</arg>
<arg>NG</arg>
<arg>NI</arg>
<arg>NL</arg>
<arg>NO</arg>
<arg>NP</arg>
<arg>NR</arg>
<arg>NU</arg>
<arg>NZ</arg>
<arg>OM</arg>
<arg>PA</arg>
<arg>PE</arg>
<arg>PF</arg>
<arg>PG</arg>
<arg>PH</arg>
<arg>PK</arg>
<arg>PL</arg>
<arg>PM</arg>
<arg>PN</arg>
<arg>PR</arg>
<arg>PS</arg>
<arg>PT</arg>
<arg>PW</arg>
<arg>PY</arg>
<arg>QA</arg>
<arg>RE</arg>
<arg>RO</arg>
<arg>RS</arg>
<arg>RU</arg>
<arg>RW</arg>
<arg>SA</arg>
<arg>SB</arg>
<arg>SC</arg>
<arg>SD</arg>
<arg>SE</arg>
<arg>SG</arg>
<arg>SH</arg>
<arg>SI</arg>
<arg>SJ</arg>
<arg>SK</arg>
<arg>SL</arg>
<arg>SM</arg>
<arg>SN</arg>
<arg>SO</arg>
<arg>SR</arg>
<arg>SS</arg>
<arg>ST</arg>
<arg>SV</arg>
<arg>SX</arg>
<arg>SY</arg>
<arg>SZ</arg>
<arg>TC</arg>
<arg>TD</arg>
<arg>TF</arg>
<arg>TG</arg>
<arg>TH</arg>
<arg>TJ</arg>
<arg>TK</arg>
<arg>TL</arg>
<arg>TM</arg>
<arg>TN</arg>
<arg>TO</arg>
<arg>TR</arg>
<arg>TT</arg>
<arg>TV</arg>
<arg>TW</arg>
<arg>TZ</arg>
<arg>UA</arg>
<arg>UG</arg>
<arg>UM</arg>
<arg>US</arg>
<arg>UY</arg>
<arg>UZ</arg>
<arg>VA</arg>
<arg>VC</arg>
<arg>VE</arg>
<arg>VG</arg>
<arg>VI</arg>
<arg>VN</arg>
<arg>VU</arg>
<arg>WF</arg>
<arg>WS</arg>
<arg>XK</arg>
<arg>YE</arg>
<arg>YT</arg>
<arg>ZA</arg>
<arg>ZM</arg>
<arg>ZW</arg>
<doc>Returns a list containing given items.</doc>
<status status="PASS" start="2024-05-13T05:16:09.299528" elapsed="0.000614"/>
</kw>
<kw name="List Should Contain Value" owner="Collections">
<msg time="2024-05-13T05:16:09.301151" level="INFO">False</msg>
<arg>${list_country}</arg>
<arg>${name_country}</arg>
<doc>Fails if the ``value`` is not found from ``list``.</doc>
<status status="PASS" start="2024-05-13T05:16:09.300953" elapsed="0.000236"/>
</kw>
<kw name="Run Keyword If" owner="BuiltIn">
<kw name="Should Be True" owner="BuiltIn">
<arg>${True}</arg>
<doc>Fails if the given condition is not true.</doc>
<status status="PASS" start="2024-05-13T05:16:09.302253" elapsed="0.000239"/>
</kw>
<arg>${json_data["results"][0]["location"]["coordinates"]["latitude"]} &gt;= -90 and ${json_data["results"][0]["location"]["coordinates"]["latitude"]} &lt;= 90</arg>
<arg>Should Be True</arg>
<arg>${True}</arg>
<doc>Runs the given keyword with the given arguments, if ``condition`` is true.</doc>
<status status="PASS" start="2024-05-13T05:16:09.301499" elapsed="0.001127"/>
</kw>
<kw name="Run Keyword If" owner="BuiltIn">
<kw name="Should Be True" owner="BuiltIn">
<arg>${True}</arg>
<doc>Fails if the given condition is not true.</doc>
<status status="PASS" start="2024-05-13T05:16:09.303527" elapsed="0.000139"/>
</kw>
<arg>${json_data["results"][0]["location"]["coordinates"]["longitude"]} &gt;= -180 and ${json_data["results"][0]["location"]["coordinates"]["longitude"]} &lt;= 180</arg>
<arg>Should Be True</arg>
<arg>${True}</arg>
<doc>Runs the given keyword with the given arguments, if ``condition`` is true.</doc>
<status status="PASS" start="2024-05-13T05:16:09.302814" elapsed="0.000976"/>
</kw>
<status status="PASS" start="2024-05-13T05:16:09.261589" elapsed="0.042332"/>
</kw>
<doc>Testa o conteúdo específico dos campos retornados pela API.</doc>
<tag>testeConteudo</tag>
<status status="PASS" start="2024-05-13T05:16:09.261164" elapsed="0.042900"/>
</test>
<status status="PASS" start="2024-05-13T05:16:08.349829" elapsed="0.956192"/>
</suite>
<status status="PASS" start="2024-05-13T05:16:08.336279" elapsed="0.974831"/>
</suite>
<statistics>
<total>
<stat pass="5" fail="0" skip="0">All Tests</stat>
</total>
<tag>
<stat pass="1" fail="0" skip="0">testeConteudo</stat>
<stat pass="1" fail="0" skip="0">testeEstruturaResposta</stat>
<stat pass="1" fail="0" skip="0">testeRequisicaoBasica</stat>
<stat pass="1" fail="0" skip="0">testeTiposDados</stat>
</tag>
<suite>
<stat pass="5" fail="0" skip="0" id="s1" name="Tests">Tests</stat>
<stat pass="5" fail="0" skip="0" id="s1-s1" name="Random-User-Test">Tests.Random-User-Test</stat>
</suite>
</statistics>
<errors>
</errors>
</robot>
