<?xml version="1.0" encoding="UTF-8"?>
<robot generator="Robot 7.0 (Python 3.12.3 on linux)" generated="2024-04-21T10:13:11.132417" rpa="false" schemaversion="5">
<suite id="s1" name="Tests" source="/home/runner/work/DesafioQAItauRogerioJordao/DesafioQAItauRogerioJordao/RamdonUser/tests">
<suite id="s1-s1" name="Random-User-Test" source="/home/runner/work/DesafioQAItauRogerioJordao/DesafioQAItauRogerioJordao/RamdonUser/tests/random-user-test.robot">
<test id="s1-s1-t1" name="Conectar" line="13">
<kw name="Conectar API" owner="random-user-service">
<kw name="Create Session" owner="RequestsLibrary">
<msg time="2024-04-21T10:13:11.490624" level="INFO">Creating Session using : alias=consultarAPI, url=https://randomuser.me/, headers={},                     cookies={}, auth=None, timeout=None, proxies=None, verify=False,                     debug=0 </msg>
<arg>consultarAPI</arg>
<arg>${URL}</arg>
<doc>Create Session: create a HTTP session to a server</doc>
<status status="PASS" start="2024-04-21T10:13:11.490430" elapsed="0.000372"/>
</kw>
<status status="PASS" start="2024-04-21T10:13:11.489470" elapsed="0.001688"/>
</kw>
<status status="PASS" start="2024-04-21T10:13:11.488834" elapsed="0.002513"/>
</test>
<test id="s1-s1-t2" name="Validar retorno 200 e JSON Válido" line="16">
<kw name="Teste de Requisicao Basica" owner="random-user-service">
<kw name="GET On Session" owner="RequestsLibrary">
<msg time="2024-04-21T10:13:11.704658" level="INFO">GET Request : url=https://randomuser.me/api 
 path_url=/api 
 headers={'User-Agent': 'python-requests/2.31.0', 'Accept-Encoding': 'gzip, deflate', 'Accept': '*/*', 'Connection': 'keep-alive'} 
 body=None 
 </msg>
<msg time="2024-04-21T10:13:11.704809" level="INFO">GET Response : url=https://randomuser.me/api 
 status=200, reason=OK 
 headers={'Date': 'Sun, 21 Apr 2024 10:13:11 GMT', 'Content-Type': 'application/json; charset=utf-8', 'Transfer-Encoding': 'chunked', 'Connection': 'keep-alive', 'X-Powered-By': 'Express', 'Access-Control-Allow-Origin': '*', 'Cache-Control': 'no-cache', 'ETag': 'W/"490-ApEDx2NkJn1tSx9I1GsN41Or3j0"', 'Vary': 'Accept-Encoding', 'Content-Encoding': 'gzip', 'CF-Cache-Status': 'DYNAMIC', 'Report-To': '{"endpoints":[{"url":"https:\\/\\/a.nel.cloudflare.com\\/report\\/v4?s=9HAY8rM%2B8xyFLrl6UTfMG204auXjUKNPt%2FziCwSgODWyls9hgHPPFGBkjc62yp0mz5i2KZ8QnkMiBlLYGJdObatWoLcTVeNIy%2FRyo%2BCdPtnaKfO6xFhyHn7l0dWcvQZH"}],"group":"cf-nel","max_age":604800}', 'NEL': '{"success_fraction":0,"report_to":"cf-nel","max_age":604800}', 'Server': 'cloudflare', 'CF-RAY': '877c999ba9d2f9f9-SJC', 'alt-svc': 'h3=":443"; ma=86400'} 
 body={"results":[{"gender":"male","name":{"title":"Mr","first":"Hunter","last":"Gauthier"},"location":{"street":{"number":2424,"name":"Pine Rd"},"city":"Keswick","state":"Newfoundland and Labrador","country":"Canada","postcode":"J3W 3V0","coordinates":{"latitude":"-67.1075","longitude":"-62.9735"},"timezone":{"offset":"+7:00","description":"Bangkok, Hanoi, Jakarta"}},"email":"hunter.gauthier@example.com","login":{"uuid":"65c3b75c-3ed2-4642-a3b9-83f701e134de","username":"sadmeercat575","password":"chicken","salt":"o6Zlzrl6","md5":"b76eb728bb666ae69e973ef8aad63e1d","sha1":"d9d74fdc4cde248fc78db0c6e3d6d5ae5874d705","sha256":"a45ba1b6866226dd46aa7aef22aa65b624551d307ef2013369f5da54d34c3a0d"},"dob":{"date":"1956-10-08T09:00:50.171Z","age":67},"registered":{"date":"2022-04-26T12:11:54.371Z","age":1},"phone":"A19 D22-8938","cell":"W03 W50-0549","id":{"name":"SIN","value":"002448835"},"picture":{"large":"https://randomuser.me/api/portraits/men/46.jpg","medium":"https://randomuser.me/api/portraits/med/men/46.jpg","thumbnail":"https://randomuser.me/api/portraits/thumb/men/46.jpg"},"nat":"CA"}],"info":{"seed":"7795ad0ce34ccf93","results":1,"page":1,"version":"1.4"}} 
 </msg>
<msg time="2024-04-21T10:13:11.704891" level="INFO">/opt/hostedtoolcache/Python/3.12.3/x64/lib/python3.12/site-packages/urllib3/connectionpool.py:1103: InsecureRequestWarning: Unverified HTTPS request is being made to host 'randomuser.me'. Adding certificate verification is strongly advised. See: https://urllib3.readthedocs.io/en/latest/advanced-usage.html#tls-warnings
  warnings.warn(</msg>
<msg time="2024-04-21T10:13:11.705056" level="INFO">${response} = &lt;Response [200]&gt;</msg>
<var>${response}</var>
<arg>consultarAPI</arg>
<arg>/api</arg>
<doc>Sends a GET request on a previously created HTTP Session.</doc>
<status status="PASS" start="2024-04-21T10:13:11.494034" elapsed="0.211065"/>
</kw>
<kw name="Should Be Equal As Numbers" owner="BuiltIn">
<msg time="2024-04-21T10:13:11.706155" level="INFO">Argument types are:
&lt;class 'int'&gt;
&lt;class 'str'&gt;</msg>
<arg>${response.status_code}</arg>
<arg>200</arg>
<doc>Fails if objects are unequal after converting them to real numbers.</doc>
<status status="PASS" start="2024-04-21T10:13:11.705697" elapsed="0.000521"/>
</kw>
<kw name="Log" owner="BuiltIn">
<msg time="2024-04-21T10:13:11.706917" level="INFO">200</msg>
<arg>${response.status_code}</arg>
<doc>Logs the given message with the given level.</doc>
<status status="PASS" start="2024-04-21T10:13:11.706569" elapsed="0.000390"/>
</kw>
<kw name="Set Variable" owner="BuiltIn">
<msg time="2024-04-21T10:13:11.707694" level="INFO">${json_data} = {'results': [{'gender': 'male', 'name': {'title': 'Mr', 'first': 'Hunter', 'last': 'Gauthier'}, 'location': {'street': {'number': 2424, 'name': 'Pine Rd'}, 'city': 'Keswick', 'state': 'Newfoundland an...</msg>
<var>${json_data}</var>
<arg>${response.json()}</arg>
<doc>Returns the given values which can then be assigned to a variables.</doc>
<status status="PASS" start="2024-04-21T10:13:11.707260" elapsed="0.000461"/>
</kw>
<kw name="Dictionary Should Contain Key" owner="Collections">
<msg time="2024-04-21T10:13:11.708190" level="INFO">False</msg>
<arg>${json_data}</arg>
<arg>results</arg>
<doc>Fails if ``key`` is not found from ``dictionary``.</doc>
<status status="PASS" start="2024-04-21T10:13:11.708021" elapsed="0.000208"/>
</kw>
<status status="PASS" start="2024-04-21T10:13:11.493795" elapsed="0.214691"/>
</kw>
<doc>Testa se a API responde corretamente e retorna um objeto JSON válido.</doc>
<tag>testeRequisicaoBasica</tag>
<status status="PASS" start="2024-04-21T10:13:11.493249" elapsed="0.215422"/>
</test>
<test id="s1-s1-t3" name="Validar estrutura de resposta" line="22">
<kw name="Teste de Estrutura de Resposta" owner="random-user-service">
<kw name="GET On Session" owner="RequestsLibrary">
<msg time="2024-04-21T10:13:11.817680" level="INFO">GET Request : url=https://randomuser.me/api 
 path_url=/api 
 headers={'User-Agent': 'python-requests/2.31.0', 'Accept-Encoding': 'gzip, deflate', 'Accept': '*/*', 'Connection': 'keep-alive'} 
 body=None 
 </msg>
<msg time="2024-04-21T10:13:11.817788" level="INFO">GET Response : url=https://randomuser.me/api 
 status=200, reason=OK 
 headers={'Date': 'Sun, 21 Apr 2024 10:13:11 GMT', 'Content-Type': 'application/json; charset=utf-8', 'Transfer-Encoding': 'chunked', 'Connection': 'keep-alive', 'X-Powered-By': 'Express', 'Access-Control-Allow-Origin': '*', 'Cache-Control': 'no-cache', 'ETag': 'W/"46d-8YuGJWGkp6d0OJ1Q75c/4JAuVI8"', 'Vary': 'Accept-Encoding', 'Content-Encoding': 'gzip', 'CF-Cache-Status': 'DYNAMIC', 'Report-To': '{"endpoints":[{"url":"https:\\/\\/a.nel.cloudflare.com\\/report\\/v4?s=l0wghMpatffDph01EIStU%2F0B%2BE1EtkrMNEkNZh4CSo1rSxLP2wWeWuHaj7cKGxu6M3zpYYKT5ZwuHHZC7j3C2VrhicfEpTUTmcBBPSsyoJU24O1x8lf3Y07ZtxvUpJDm"}],"group":"cf-nel","max_age":604800}', 'NEL': '{"success_fraction":0,"report_to":"cf-nel","max_age":604800}', 'Server': 'cloudflare', 'CF-RAY': '877c999c3a23f9f9-SJC', 'alt-svc': 'h3=":443"; ma=86400'} 
 body={"results":[{"gender":"male","name":{"title":"Mr","first":"Julio","last":"Garrett"},"location":{"street":{"number":4154,"name":"Killarney Road"},"city":"Mallow","state":"Longford","country":"Ireland","postcode":77683,"coordinates":{"latitude":"0.6549","longitude":"-113.0772"},"timezone":{"offset":"+4:30","description":"Kabul"}},"email":"julio.garrett@example.com","login":{"uuid":"94a6599c-1d16-4fbf-b6e4-c705edd939a3","username":"whiteelephant827","password":"golden","salt":"eYfA8R9T","md5":"42178f8d5caafb97b4c4f69f5700797a","sha1":"8a34d88db039d14eae835cad1a409fe6be38e81b","sha256":"b81da62a1befeeb9cf5c59d5b01ec4fbd7b1bad5cdd850a778f7aa226f63a090"},"dob":{"date":"1972-06-02T22:32:32.388Z","age":51},"registered":{"date":"2002-05-22T14:45:53.027Z","age":21},"phone":"071-886-2662","cell":"081-420-3378","id":{"name":"PPS","value":"0270020T"},"picture":{"large":"https://randomuser.me/api/portraits/men/35.jpg","medium":"https://randomuser.me/api/portraits/med/men/35.jpg","thumbnail":"https://randomuser.me/api/portraits/thumb/men/35.jpg"},"nat":"IE"}],"info":{"seed":"3a0fa7923e2f8714","results":1,"page":1,"version":"1.4"}} 
 </msg>
<msg time="2024-04-21T10:13:11.817912" level="INFO">/opt/hostedtoolcache/Python/3.12.3/x64/lib/python3.12/site-packages/urllib3/connectionpool.py:1103: InsecureRequestWarning: Unverified HTTPS request is being made to host 'randomuser.me'. Adding certificate verification is strongly advised. See: https://urllib3.readthedocs.io/en/latest/advanced-usage.html#tls-warnings
  warnings.warn(</msg>
<msg time="2024-04-21T10:13:11.818030" level="INFO">${response} = &lt;Response [200]&gt;</msg>
<var>${response}</var>
<arg>consultarAPI</arg>
<arg>/api</arg>
<doc>Sends a GET request on a previously created HTTP Session.</doc>
<status status="PASS" start="2024-04-21T10:13:11.711429" elapsed="0.106637"/>
</kw>
<kw name="Set Variable" owner="BuiltIn">
<msg time="2024-04-21T10:13:11.819083" level="INFO">${json_data} = {'results': [{'gender': 'male', 'name': {'title': 'Mr', 'first': 'Julio', 'last': 'Garrett'}, 'location': {'street': {'number': 4154, 'name': 'Killarney Road'}, 'city': 'Mallow', 'state': 'Longford', ...</msg>
<var>${json_data}</var>
<arg>${response.json()}</arg>
<doc>Returns the given values which can then be assigned to a variables.</doc>
<status status="PASS" start="2024-04-21T10:13:11.818570" elapsed="0.000541"/>
</kw>
<kw name="Log" owner="BuiltIn">
<msg time="2024-04-21T10:13:11.819567" level="INFO">{'results': [{'gender': 'male', 'name': {'title': 'Mr', 'first': 'Julio', 'last': 'Garrett'}, 'location': {'street': {'number': 4154, 'name': 'Killarney Road'}, 'city': 'Mallow', 'state': 'Longford', 'country': 'Ireland', 'postcode': 77683, 'coordinates': {'latitude': '0.6549', 'longitude': '-113.0772'}, 'timezone': {'offset': '+4:30', 'description': 'Kabul'}}, 'email': 'julio.garrett@example.com', 'login': {'uuid': '94a6599c-1d16-4fbf-b6e4-c705edd939a3', 'username': 'whiteelephant827', 'password': 'golden', 'salt': 'eYfA8R9T', 'md5': '42178f8d5caafb97b4c4f69f5700797a', 'sha1': '8a34d88db039d14eae835cad1a409fe6be38e81b', 'sha256': 'b81da62a1befeeb9cf5c59d5b01ec4fbd7b1bad5cdd850a778f7aa226f63a090'}, 'dob': {'date': '1972-06-02T22:32:32.388Z', 'age': 51}, 'registered': {'date': '2002-05-22T14:45:53.027Z', 'age': 21}, 'phone': '071-886-2662', 'cell': '081-420-3378', 'id': {'name': 'PPS', 'value': '0270020T'}, 'picture': {'large': 'https://randomuser.me/api/portraits/men/35.jpg', 'medium': 'https://randomuser.me/api/portraits/med/men/35.jpg', 'thumbnail': 'https://randomuser.me/api/portraits/thumb/men/35.jpg'}, 'nat': 'IE'}], 'info': {'seed': '3a0fa7923e2f8714', 'results': 1, 'page': 1, 'version': '1.4'}}</msg>
<arg>${json_data}</arg>
<doc>Logs the given message with the given level.</doc>
<status status="PASS" start="2024-04-21T10:13:11.819411" elapsed="0.000203"/>
</kw>
<kw name="Dictionary Should Contain Key" owner="Collections">
<msg time="2024-04-21T10:13:11.820066" level="INFO">False</msg>
<arg>${json_data}</arg>
<arg>results</arg>
<doc>Fails if ``key`` is not found from ``dictionary``.</doc>
<status status="PASS" start="2024-04-21T10:13:11.819904" elapsed="0.000199"/>
</kw>
<kw name="Should Not Be Empty" owner="BuiltIn">
<msg time="2024-04-21T10:13:11.820523" level="INFO">Length is 2.</msg>
<arg>${json_data}</arg>
<doc>Verifies that the given item is not empty.</doc>
<status status="PASS" start="2024-04-21T10:13:11.820396" elapsed="0.000323"/>
</kw>
<kw name="Create List" owner="BuiltIn">
<msg time="2024-04-21T10:13:11.821188" level="INFO">${expected_keys} = ['gender', 'name', 'location', 'email', 'login']</msg>
<var>${expected_keys}</var>
<arg>gender</arg>
<arg>name</arg>
<arg>location</arg>
<arg>email</arg>
<arg>login</arg>
<doc>Returns a list containing given items.</doc>
<status status="PASS" start="2024-04-21T10:13:11.821009" elapsed="0.000203"/>
</kw>
<for flavor="IN">
<iter>
<kw name="Dictionary Should Contain Key" owner="Collections">
<msg time="2024-04-21T10:13:11.822200" level="INFO">False</msg>
<arg>${json_data['results'][0]}</arg>
<arg>${key}</arg>
<doc>Fails if ``key`` is not found from ``dictionary``.</doc>
<status status="PASS" start="2024-04-21T10:13:11.821810" elapsed="0.000427"/>
</kw>
<kw name="Log" owner="BuiltIn">
<msg time="2024-04-21T10:13:11.822895" level="INFO">{'gender': 'male', 'name': {'title': 'Mr', 'first': 'Julio', 'last': 'Garrett'}, 'location': {'street': {'number': 4154, 'name': 'Killarney Road'}, 'city': 'Mallow', 'state': 'Longford', 'country': 'Ireland', 'postcode': 77683, 'coordinates': {'latitude': '0.6549', 'longitude': '-113.0772'}, 'timezone': {'offset': '+4:30', 'description': 'Kabul'}}, 'email': 'julio.garrett@example.com', 'login': {'uuid': '94a6599c-1d16-4fbf-b6e4-c705edd939a3', 'username': 'whiteelephant827', 'password': 'golden', 'salt': 'eYfA8R9T', 'md5': '42178f8d5caafb97b4c4f69f5700797a', 'sha1': '8a34d88db039d14eae835cad1a409fe6be38e81b', 'sha256': 'b81da62a1befeeb9cf5c59d5b01ec4fbd7b1bad5cdd850a778f7aa226f63a090'}, 'dob': {'date': '1972-06-02T22:32:32.388Z', 'age': 51}, 'registered': {'date': '2002-05-22T14:45:53.027Z', 'age': 21}, 'phone': '071-886-2662', 'cell': '081-420-3378', 'id': {'name': 'PPS', 'value': '0270020T'}, 'picture': {'large': 'https://randomuser.me/api/portraits/men/35.jpg', 'medium': 'https://randomuser.me/api/portraits/med/men/35.jpg', 'thumbnail': 'https://randomuser.me/api/portraits/thumb/men/35.jpg'}, 'nat': 'IE'}</msg>
<arg>${json_data['results'][0]}</arg>
<doc>Logs the given message with the given level.</doc>
<status status="PASS" start="2024-04-21T10:13:11.822534" elapsed="0.000408"/>
</kw>
<kw name="Log" owner="BuiltIn">
<msg time="2024-04-21T10:13:11.823364" level="INFO">gender</msg>
<arg>${key}</arg>
<doc>Logs the given message with the given level.</doc>
<status status="PASS" start="2024-04-21T10:13:11.823240" elapsed="0.000160"/>
</kw>
<var name="${key}">gender</var>
<status status="PASS" start="2024-04-21T10:13:11.821685" elapsed="0.001926"/>
</iter>
<iter>
<kw name="Dictionary Should Contain Key" owner="Collections">
<msg time="2024-04-21T10:13:11.824283" level="INFO">False</msg>
<arg>${json_data['results'][0]}</arg>
<arg>${key}</arg>
<doc>Fails if ``key`` is not found from ``dictionary``.</doc>
<status status="PASS" start="2024-04-21T10:13:11.823904" elapsed="0.000417"/>
</kw>
<kw name="Log" owner="BuiltIn">
<msg time="2024-04-21T10:13:11.824998" level="INFO">{'gender': 'male', 'name': {'title': 'Mr', 'first': 'Julio', 'last': 'Garrett'}, 'location': {'street': {'number': 4154, 'name': 'Killarney Road'}, 'city': 'Mallow', 'state': 'Longford', 'country': 'Ireland', 'postcode': 77683, 'coordinates': {'latitude': '0.6549', 'longitude': '-113.0772'}, 'timezone': {'offset': '+4:30', 'description': 'Kabul'}}, 'email': 'julio.garrett@example.com', 'login': {'uuid': '94a6599c-1d16-4fbf-b6e4-c705edd939a3', 'username': 'whiteelephant827', 'password': 'golden', 'salt': 'eYfA8R9T', 'md5': '42178f8d5caafb97b4c4f69f5700797a', 'sha1': '8a34d88db039d14eae835cad1a409fe6be38e81b', 'sha256': 'b81da62a1befeeb9cf5c59d5b01ec4fbd7b1bad5cdd850a778f7aa226f63a090'}, 'dob': {'date': '1972-06-02T22:32:32.388Z', 'age': 51}, 'registered': {'date': '2002-05-22T14:45:53.027Z', 'age': 21}, 'phone': '071-886-2662', 'cell': '081-420-3378', 'id': {'name': 'PPS', 'value': '0270020T'}, 'picture': {'large': 'https://randomuser.me/api/portraits/men/35.jpg', 'medium': 'https://randomuser.me/api/portraits/med/men/35.jpg', 'thumbnail': 'https://randomuser.me/api/portraits/thumb/men/35.jpg'}, 'nat': 'IE'}</msg>
<arg>${json_data['results'][0]}</arg>
<doc>Logs the given message with the given level.</doc>
<status status="PASS" start="2024-04-21T10:13:11.824639" elapsed="0.000407"/>
</kw>
<kw name="Log" owner="BuiltIn">
<msg time="2024-04-21T10:13:11.825495" level="INFO">name</msg>
<arg>${key}</arg>
<doc>Logs the given message with the given level.</doc>
<status status="PASS" start="2024-04-21T10:13:11.825369" elapsed="0.000163"/>
</kw>
<var name="${key}">name</var>
<status status="PASS" start="2024-04-21T10:13:11.823792" elapsed="0.001952"/>
</iter>
<iter>
<kw name="Dictionary Should Contain Key" owner="Collections">
<msg time="2024-04-21T10:13:11.826406" level="INFO">False</msg>
<arg>${json_data['results'][0]}</arg>
<arg>${key}</arg>
<doc>Fails if ``key`` is not found from ``dictionary``.</doc>
<status status="PASS" start="2024-04-21T10:13:11.826029" elapsed="0.000414"/>
</kw>
<kw name="Log" owner="BuiltIn">
<msg time="2024-04-21T10:13:11.827103" level="INFO">{'gender': 'male', 'name': {'title': 'Mr', 'first': 'Julio', 'last': 'Garrett'}, 'location': {'street': {'number': 4154, 'name': 'Killarney Road'}, 'city': 'Mallow', 'state': 'Longford', 'country': 'Ireland', 'postcode': 77683, 'coordinates': {'latitude': '0.6549', 'longitude': '-113.0772'}, 'timezone': {'offset': '+4:30', 'description': 'Kabul'}}, 'email': 'julio.garrett@example.com', 'login': {'uuid': '94a6599c-1d16-4fbf-b6e4-c705edd939a3', 'username': 'whiteelephant827', 'password': 'golden', 'salt': 'eYfA8R9T', 'md5': '42178f8d5caafb97b4c4f69f5700797a', 'sha1': '8a34d88db039d14eae835cad1a409fe6be38e81b', 'sha256': 'b81da62a1befeeb9cf5c59d5b01ec4fbd7b1bad5cdd850a778f7aa226f63a090'}, 'dob': {'date': '1972-06-02T22:32:32.388Z', 'age': 51}, 'registered': {'date': '2002-05-22T14:45:53.027Z', 'age': 21}, 'phone': '071-886-2662', 'cell': '081-420-3378', 'id': {'name': 'PPS', 'value': '0270020T'}, 'picture': {'large': 'https://randomuser.me/api/portraits/men/35.jpg', 'medium': 'https://randomuser.me/api/portraits/med/men/35.jpg', 'thumbnail': 'https://randomuser.me/api/portraits/thumb/men/35.jpg'}, 'nat': 'IE'}</msg>
<arg>${json_data['results'][0]}</arg>
<doc>Logs the given message with the given level.</doc>
<status status="PASS" start="2024-04-21T10:13:11.826743" elapsed="0.000408"/>
</kw>
<kw name="Log" owner="BuiltIn">
<msg time="2024-04-21T10:13:11.827564" level="INFO">location</msg>
<arg>${key}</arg>
<doc>Logs the given message with the given level.</doc>
<status status="PASS" start="2024-04-21T10:13:11.827440" elapsed="0.000161"/>
</kw>
<var name="${key}">location</var>
<status status="PASS" start="2024-04-21T10:13:11.825919" elapsed="0.001899"/>
</iter>
<iter>
<kw name="Dictionary Should Contain Key" owner="Collections">
<msg time="2024-04-21T10:13:11.828487" level="INFO">False</msg>
<arg>${json_data['results'][0]}</arg>
<arg>${key}</arg>
<doc>Fails if ``key`` is not found from ``dictionary``.</doc>
<status status="PASS" start="2024-04-21T10:13:11.828106" elapsed="0.000417"/>
</kw>
<kw name="Log" owner="BuiltIn">
<msg time="2024-04-21T10:13:11.829192" level="INFO">{'gender': 'male', 'name': {'title': 'Mr', 'first': 'Julio', 'last': 'Garrett'}, 'location': {'street': {'number': 4154, 'name': 'Killarney Road'}, 'city': 'Mallow', 'state': 'Longford', 'country': 'Ireland', 'postcode': 77683, 'coordinates': {'latitude': '0.6549', 'longitude': '-113.0772'}, 'timezone': {'offset': '+4:30', 'description': 'Kabul'}}, 'email': 'julio.garrett@example.com', 'login': {'uuid': '94a6599c-1d16-4fbf-b6e4-c705edd939a3', 'username': 'whiteelephant827', 'password': 'golden', 'salt': 'eYfA8R9T', 'md5': '42178f8d5caafb97b4c4f69f5700797a', 'sha1': '8a34d88db039d14eae835cad1a409fe6be38e81b', 'sha256': 'b81da62a1befeeb9cf5c59d5b01ec4fbd7b1bad5cdd850a778f7aa226f63a090'}, 'dob': {'date': '1972-06-02T22:32:32.388Z', 'age': 51}, 'registered': {'date': '2002-05-22T14:45:53.027Z', 'age': 21}, 'phone': '071-886-2662', 'cell': '081-420-3378', 'id': {'name': 'PPS', 'value': '0270020T'}, 'picture': {'large': 'https://randomuser.me/api/portraits/men/35.jpg', 'medium': 'https://randomuser.me/api/portraits/med/men/35.jpg', 'thumbnail': 'https://randomuser.me/api/portraits/thumb/men/35.jpg'}, 'nat': 'IE'}</msg>
<arg>${json_data['results'][0]}</arg>
<doc>Logs the given message with the given level.</doc>
<status status="PASS" start="2024-04-21T10:13:11.828818" elapsed="0.000423"/>
</kw>
<kw name="Log" owner="BuiltIn">
<msg time="2024-04-21T10:13:11.829666" level="INFO">email</msg>
<arg>${key}</arg>
<doc>Logs the given message with the given level.</doc>
<status status="PASS" start="2024-04-21T10:13:11.829541" elapsed="0.000162"/>
</kw>
<var name="${key}">email</var>
<status status="PASS" start="2024-04-21T10:13:11.827996" elapsed="0.001918"/>
</iter>
<iter>
<kw name="Dictionary Should Contain Key" owner="Collections">
<msg time="2024-04-21T10:13:11.830576" level="INFO">False</msg>
<arg>${json_data['results'][0]}</arg>
<arg>${key}</arg>
<doc>Fails if ``key`` is not found from ``dictionary``.</doc>
<status status="PASS" start="2024-04-21T10:13:11.830191" elapsed="0.000421"/>
</kw>
<kw name="Log" owner="BuiltIn">
<msg time="2024-04-21T10:13:11.831265" level="INFO">{'gender': 'male', 'name': {'title': 'Mr', 'first': 'Julio', 'last': 'Garrett'}, 'location': {'street': {'number': 4154, 'name': 'Killarney Road'}, 'city': 'Mallow', 'state': 'Longford', 'country': 'Ireland', 'postcode': 77683, 'coordinates': {'latitude': '0.6549', 'longitude': '-113.0772'}, 'timezone': {'offset': '+4:30', 'description': 'Kabul'}}, 'email': 'julio.garrett@example.com', 'login': {'uuid': '94a6599c-1d16-4fbf-b6e4-c705edd939a3', 'username': 'whiteelephant827', 'password': 'golden', 'salt': 'eYfA8R9T', 'md5': '42178f8d5caafb97b4c4f69f5700797a', 'sha1': '8a34d88db039d14eae835cad1a409fe6be38e81b', 'sha256': 'b81da62a1befeeb9cf5c59d5b01ec4fbd7b1bad5cdd850a778f7aa226f63a090'}, 'dob': {'date': '1972-06-02T22:32:32.388Z', 'age': 51}, 'registered': {'date': '2002-05-22T14:45:53.027Z', 'age': 21}, 'phone': '071-886-2662', 'cell': '081-420-3378', 'id': {'name': 'PPS', 'value': '0270020T'}, 'picture': {'large': 'https://randomuser.me/api/portraits/men/35.jpg', 'medium': 'https://randomuser.me/api/portraits/med/men/35.jpg', 'thumbnail': 'https://randomuser.me/api/portraits/thumb/men/35.jpg'}, 'nat': 'IE'}</msg>
<arg>${json_data['results'][0]}</arg>
<doc>Logs the given message with the given level.</doc>
<status status="PASS" start="2024-04-21T10:13:11.830902" elapsed="0.000411"/>
</kw>
<kw name="Log" owner="BuiltIn">
<msg time="2024-04-21T10:13:11.831730" level="INFO">login</msg>
<arg>${key}</arg>
<doc>Logs the given message with the given level.</doc>
<status status="PASS" start="2024-04-21T10:13:11.831606" elapsed="0.000161"/>
</kw>
<var name="${key}">login</var>
<status status="PASS" start="2024-04-21T10:13:11.830083" elapsed="0.001898"/>
</iter>
<var>${key}</var>
<value>@{expected_keys}</value>
<status status="PASS" start="2024-04-21T10:13:11.821493" elapsed="0.010607"/>
</for>
<kw name="Create List" owner="BuiltIn">
<msg time="2024-04-21T10:13:11.832453" level="INFO">${expected_keysTwo} = ['username', 'password']</msg>
<var>${expected_keysTwo}</var>
<arg>username</arg>
<arg>password</arg>
<doc>Returns a list containing given items.</doc>
<status status="PASS" start="2024-04-21T10:13:11.832317" elapsed="0.000160"/>
</kw>
<for flavor="IN">
<iter>
<kw name="Dictionary Should Contain Key" owner="Collections">
<msg time="2024-04-21T10:13:11.833395" level="INFO">False</msg>
<arg>${json_data['results'][0]['login']}</arg>
<arg>${keyTwo}</arg>
<doc>Fails if ``key`` is not found from ``dictionary``.</doc>
<status status="PASS" start="2024-04-21T10:13:11.832982" elapsed="0.000450"/>
</kw>
<kw name="Dictionary Should Contain Key" owner="Collections">
<msg time="2024-04-21T10:13:11.834100" level="INFO">False</msg>
<arg>${json_data['results'][0]['login']}</arg>
<arg>${keyTwo}</arg>
<doc>Fails if ``key`` is not found from ``dictionary``.</doc>
<status status="PASS" start="2024-04-21T10:13:11.833721" elapsed="0.000415"/>
</kw>
<kw name="Log" owner="BuiltIn">
<msg time="2024-04-21T10:13:11.834549" level="INFO">username</msg>
<arg>${keyTwo}</arg>
<doc>Logs the given message with the given level.</doc>
<status status="PASS" start="2024-04-21T10:13:11.834425" elapsed="0.000165"/>
</kw>
<var name="${keyTwo}">username</var>
<status status="PASS" start="2024-04-21T10:13:11.832874" elapsed="0.001926"/>
</iter>
<iter>
<kw name="Dictionary Should Contain Key" owner="Collections">
<msg time="2024-04-21T10:13:11.835531" level="INFO">False</msg>
<arg>${json_data['results'][0]['login']}</arg>
<arg>${keyTwo}</arg>
<doc>Fails if ``key`` is not found from ``dictionary``.</doc>
<status status="PASS" start="2024-04-21T10:13:11.835076" elapsed="0.000499"/>
</kw>
<kw name="Dictionary Should Contain Key" owner="Collections">
<msg time="2024-04-21T10:13:11.836245" level="INFO">False</msg>
<arg>${json_data['results'][0]['login']}</arg>
<arg>${keyTwo}</arg>
<doc>Fails if ``key`` is not found from ``dictionary``.</doc>
<status status="PASS" start="2024-04-21T10:13:11.835868" elapsed="0.000412"/>
</kw>
<kw name="Log" owner="BuiltIn">
<msg time="2024-04-21T10:13:11.836696" level="INFO">password</msg>
<arg>${keyTwo}</arg>
<doc>Logs the given message with the given level.</doc>
<status status="PASS" start="2024-04-21T10:13:11.836570" elapsed="0.000162"/>
</kw>
<var name="${keyTwo}">password</var>
<status status="PASS" start="2024-04-21T10:13:11.834969" elapsed="0.001975"/>
</iter>
<var>${keyTwo}</var>
<value>@{expected_keysTwo}</value>
<status status="PASS" start="2024-04-21T10:13:11.832722" elapsed="0.004339"/>
</for>
<status status="PASS" start="2024-04-21T10:13:11.711195" elapsed="0.126040"/>
</kw>
<doc>Testa a estrutura da resposta da API.</doc>
<tag>testeEstruturaResposta</tag>
<status status="PASS" start="2024-04-21T10:13:11.710564" elapsed="0.126830"/>
</test>
<test id="s1-s1-t4" name="Validar tipos de dados" line="28">
<kw name="Teste de Tipos de Dados" owner="random-user-service">
<kw name="GET On Session" owner="RequestsLibrary">
<msg time="2024-04-21T10:13:11.939369" level="INFO">GET Request : url=https://randomuser.me/api 
 path_url=/api 
 headers={'User-Agent': 'python-requests/2.31.0', 'Accept-Encoding': 'gzip, deflate', 'Accept': '*/*', 'Connection': 'keep-alive'} 
 body=None 
 </msg>
<msg time="2024-04-21T10:13:11.939463" level="INFO">GET Response : url=https://randomuser.me/api 
 status=200, reason=OK 
 headers={'Date': 'Sun, 21 Apr 2024 10:13:11 GMT', 'Content-Type': 'application/json; charset=utf-8', 'Transfer-Encoding': 'chunked', 'Connection': 'keep-alive', 'X-Powered-By': 'Express', 'Access-Control-Allow-Origin': '*', 'Cache-Control': 'no-cache', 'ETag': 'W/"478-lhtQSyAq/J3UBs5Azq7D48eS0xA"', 'Vary': 'Accept-Encoding', 'Content-Encoding': 'gzip', 'CF-Cache-Status': 'DYNAMIC', 'Report-To': '{"endpoints":[{"url":"https:\\/\\/a.nel.cloudflare.com\\/report\\/v4?s=ZJYS62dOpB4q6N8IAxJM%2FKn%2FDgY1vzuylKaaXT9%2B2%2BPtzhlT%2BU6DfzKeVqNiZCB5TwbEkftpiV7O10ff0cd7rQed0UVNwvMNL%2B6yw7ysTDFwtcivfXcYsuME0GNbD%2F0w"}],"group":"cf-nel","max_age":604800}', 'NEL': '{"success_fraction":0,"report_to":"cf-nel","max_age":604800}', 'Server': 'cloudflare', 'CF-RAY': '877c999d0ac3f9f9-SJC', 'alt-svc': 'h3=":443"; ma=86400'} 
 body={"results":[{"gender":"female","name":{"title":"Mrs","first":"Prithvi","last":"Suvarna"},"location":{"street":{"number":8883,"name":"MG Rd Bangalore"},"city":"Bhusawal","state":"Bihar","country":"India","postcode":18619,"coordinates":{"latitude":"6.4175","longitude":"149.3302"},"timezone":{"offset":"+5:45","description":"Kathmandu"}},"email":"prithvi.suvarna@example.com","login":{"uuid":"9e7ce822-1e59-4aa3-afd2-0aabd3a6c232","username":"bluebear713","password":"smeller","salt":"6vKMOm58","md5":"8ddf784e0aac0b590f93ec5b10910506","sha1":"1b738ae51939487134a6dbe0983b3d71ac6eda13","sha256":"20e0871622c026efff26690b440ec129eb6f5b53bc9a1fa65dd9754d993430ac"},"dob":{"date":"1981-01-27T16:51:20.188Z","age":43},"registered":{"date":"2016-09-07T13:43:22.089Z","age":7},"phone":"7637111069","cell":"9653580284","id":{"name":"UIDAI","value":"425904619927"},"picture":{"large":"https://randomuser.me/api/portraits/women/79.jpg","medium":"https://randomuser.me/api/portraits/med/women/79.jpg","thumbnail":"https://randomuser.me/api/portraits/thumb/women/79.jpg"},"nat":"IN"}],"info":{"seed":"bbfa141597260e81","results":1,"page":1,"version":"1.4"}} 
 </msg>
<msg time="2024-04-21T10:13:11.939539" level="INFO">/opt/hostedtoolcache/Python/3.12.3/x64/lib/python3.12/site-packages/urllib3/connectionpool.py:1103: InsecureRequestWarning: Unverified HTTPS request is being made to host 'randomuser.me'. Adding certificate verification is strongly advised. See: https://urllib3.readthedocs.io/en/latest/advanced-usage.html#tls-warnings
  warnings.warn(</msg>
<msg time="2024-04-21T10:13:11.939668" level="INFO">${response} = &lt;Response [200]&gt;</msg>
<var>${response}</var>
<arg>consultarAPI</arg>
<arg>/api</arg>
<doc>Sends a GET request on a previously created HTTP Session.</doc>
<status status="PASS" start="2024-04-21T10:13:11.839818" elapsed="0.099897"/>
</kw>
<kw name="Set Variable" owner="BuiltIn">
<msg time="2024-04-21T10:13:11.940861" level="INFO">${json_data} = {'results': [{'gender': 'female', 'name': {'title': 'Mrs', 'first': 'Prithvi', 'last': 'Suvarna'}, 'location': {'street': {'number': 8883, 'name': 'MG Rd Bangalore'}, 'city': 'Bhusawal', 'state': 'Bih...</msg>
<var>${json_data}</var>
<arg>${response.json()}</arg>
<doc>Returns the given values which can then be assigned to a variables.</doc>
<status status="PASS" start="2024-04-21T10:13:11.940311" elapsed="0.000578"/>
</kw>
<kw name="Log" owner="BuiltIn">
<msg time="2024-04-21T10:13:11.941385" level="INFO">{'results': [{'gender': 'female', 'name': {'title': 'Mrs', 'first': 'Prithvi', 'last': 'Suvarna'}, 'location': {'street': {'number': 8883, 'name': 'MG Rd Bangalore'}, 'city': 'Bhusawal', 'state': 'Bihar', 'country': 'India', 'postcode': 18619, 'coordinates': {'latitude': '6.4175', 'longitude': '149.3302'}, 'timezone': {'offset': '+5:45', 'description': 'Kathmandu'}}, 'email': 'prithvi.suvarna@example.com', 'login': {'uuid': '9e7ce822-1e59-4aa3-afd2-0aabd3a6c232', 'username': 'bluebear713', 'password': 'smeller', 'salt': '6vKMOm58', 'md5': '8ddf784e0aac0b590f93ec5b10910506', 'sha1': '1b738ae51939487134a6dbe0983b3d71ac6eda13', 'sha256': '20e0871622c026efff26690b440ec129eb6f5b53bc9a1fa65dd9754d993430ac'}, 'dob': {'date': '1981-01-27T16:51:20.188Z', 'age': 43}, 'registered': {'date': '2016-09-07T13:43:22.089Z', 'age': 7}, 'phone': '7637111069', 'cell': '9653580284', 'id': {'name': 'UIDAI', 'value': '425904619927'}, 'picture': {'large': 'https://randomuser.me/api/portraits/women/79.jpg', 'medium': 'https://randomuser.me/api/portraits/med/women/79.jpg', 'thumbnail': 'https://randomuser.me/api/portraits/thumb/women/79.jpg'}, 'nat': 'IN'}], 'info': {'seed': 'bbfa141597260e81', 'results': 1, 'page': 1, 'version': '1.4'}}</msg>
<arg>${json_data}</arg>
<doc>Logs the given message with the given level.</doc>
<status status="PASS" start="2024-04-21T10:13:11.941231" elapsed="0.000201"/>
</kw>
<kw name="Should Be String" owner="String">
<arg>${json_data['results'][0]['gender']}</arg>
<doc>Fails if the given ``item`` is not a string.</doc>
<status status="PASS" start="2024-04-21T10:13:11.941754" elapsed="0.000360"/>
</kw>
<kw name="Should Match Regexp" owner="BuiltIn">
<arg>${json_data['results'][0]['email']}</arg>
<arg>^[a-zA-Z0-9._%+-]+@[a-zA-Z0-9.-]+\.[a-zA-Z]{2,}$</arg>
<doc>Fails if ``string`` does not match ``pattern`` as a regular expression.</doc>
<status status="PASS" start="2024-04-21T10:13:11.942301" elapsed="0.000513"/>
</kw>
<kw name="Should Match Regexp" owner="BuiltIn">
<arg>${json_data['results'][0]['dob']['date']}</arg>
<arg>\\d{4}-\\d{2}-\\d{2}T\\d{2}:\\d{2}:\\d{2}\\.\\d{3}Z</arg>
<doc>Fails if ``string`` does not match ``pattern`` as a regular expression.</doc>
<status status="PASS" start="2024-04-21T10:13:11.943010" elapsed="0.000479"/>
</kw>
<kw name="Should Match Regexp" owner="BuiltIn">
<arg>${json_data['results'][0]['registered']['date']}</arg>
<arg>\\d{4}-\\d{2}-\\d{2}T\\d{2}:\\d{2}:\\d{2}\\.\\d{3}Z</arg>
<doc>Fails if ``string`` does not match ``pattern`` as a regular expression.</doc>
<status status="PASS" start="2024-04-21T10:13:11.943679" elapsed="0.000371"/>
</kw>
<kw name="Should Match Regexp" owner="BuiltIn">
<arg>${json_data['results'][0]['picture']['large']}</arg>
<arg>^https?://.*\.(?:png|jpe?g|gif|bmp)$</arg>
<doc>Fails if ``string`` does not match ``pattern`` as a regular expression.</doc>
<status status="PASS" start="2024-04-21T10:13:11.944234" elapsed="0.000461"/>
</kw>
<kw name="Should Match Regexp" owner="BuiltIn">
<arg>${json_data['results'][0]['picture']['medium']}</arg>
<arg>^https?://.*\.(?:png|jpe?g|gif|bmp)$</arg>
<doc>Fails if ``string`` does not match ``pattern`` as a regular expression.</doc>
<status status="PASS" start="2024-04-21T10:13:11.944881" elapsed="0.000400"/>
</kw>
<kw name="Should Match Regexp" owner="BuiltIn">
<arg>${json_data['results'][0]['picture']['thumbnail']}</arg>
<arg>^https?://.*\.(?:png|jpe?g|gif|bmp)$</arg>
<doc>Fails if ``string`` does not match ``pattern`` as a regular expression.</doc>
<status status="PASS" start="2024-04-21T10:13:11.945472" elapsed="0.000348"/>
</kw>
<kw name="Log" owner="BuiltIn">
<msg time="2024-04-21T10:13:11.946313" level="INFO">{'large': 'https://randomuser.me/api/portraits/women/79.jpg', 'medium': 'https://randomuser.me/api/portraits/med/women/79.jpg', 'thumbnail': 'https://randomuser.me/api/portraits/thumb/women/79.jpg'}</msg>
<arg>${json_data['results'][0]['picture']}</arg>
<doc>Logs the given message with the given level.</doc>
<status status="PASS" start="2024-04-21T10:13:11.945997" elapsed="0.000357"/>
</kw>
<status status="PASS" start="2024-04-21T10:13:11.839594" elapsed="0.107008"/>
</kw>
<kw name="Teste de Tipos de Dados - Postcode" owner="random-user-service">
<kw name="GET On Session" owner="RequestsLibrary">
<msg time="2024-04-21T10:13:12.030805" level="INFO">GET Request : url=https://randomuser.me/api 
 path_url=/api 
 headers={'User-Agent': 'python-requests/2.31.0', 'Accept-Encoding': 'gzip, deflate', 'Accept': '*/*', 'Connection': 'keep-alive'} 
 body=None 
 </msg>
<msg time="2024-04-21T10:13:12.030882" level="INFO">GET Response : url=https://randomuser.me/api 
 status=200, reason=OK 
 headers={'Date': 'Sun, 21 Apr 2024 10:13:12 GMT', 'Content-Type': 'application/json; charset=utf-8', 'Transfer-Encoding': 'chunked', 'Connection': 'keep-alive', 'X-Powered-By': 'Express', 'Access-Control-Allow-Origin': '*', 'Cache-Control': 'no-cache', 'ETag': 'W/"487-u8hL258WC5vZ+9J+8ho6tFQ6N88"', 'Vary': 'Accept-Encoding', 'Content-Encoding': 'gzip', 'CF-Cache-Status': 'DYNAMIC', 'Report-To': '{"endpoints":[{"url":"https:\\/\\/a.nel.cloudflare.com\\/report\\/v4?s=NDaNDaNGqPfLEIYfn3BiJhvEmBH8ADUeEpqi5WRpDxcWPIq9q5%2F24qV%2Fms0iEaC%2B3ZcmdBEuiGi0sVORrfdiTunKDIecx08%2BhSnCWTaDvHY8QDkxq6WTOLfalvyP1TIF"}],"group":"cf-nel","max_age":604800}', 'NEL': '{"success_fraction":0,"report_to":"cf-nel","max_age":604800}', 'Server': 'cloudflare', 'CF-RAY': '877c999dbb75f9f9-SJC', 'alt-svc': 'h3=":443"; ma=86400'} 
 body={"results":[{"gender":"male","name":{"title":"Mr","first":"Josep","last":"Cortes"},"location":{"street":{"number":3358,"name":"Calle de Pedro Bosch"},"city":"Orense","state":"Comunidad de Madrid","country":"Spain","postcode":65105,"coordinates":{"latitude":"-32.6263","longitude":"-141.5305"},"timezone":{"offset":"-12:00","description":"Eniwetok, Kwajalein"}},"email":"josep.cortes@example.com","login":{"uuid":"a2059979-27e8-4bdd-8db7-77cc6b50e7c4","username":"sadladybug519","password":"start1","salt":"jD5GTZ2q","md5":"5e45abcd7ecdbc3d3a569222603fee30","sha1":"f7ed4cb558547c7d91f4649103e9bfee67d9bad4","sha256":"33c7b11e9a89d99701d853bb3c2781ab158c1bb449c22246cd3c86bb68e1897e"},"dob":{"date":"1970-06-09T10:07:48.724Z","age":53},"registered":{"date":"2018-07-15T03:28:10.750Z","age":5},"phone":"946-309-483","cell":"601-592-807","id":{"name":"DNI","value":"86337450-R"},"picture":{"large":"https://randomuser.me/api/portraits/men/76.jpg","medium":"https://randomuser.me/api/portraits/med/men/76.jpg","thumbnail":"https://randomuser.me/api/portraits/thumb/men/76.jpg"},"nat":"ES"}],"info":{"seed":"77357a2a1b1a60f8","results":1,"page":1,"version":"1.4"}} 
 </msg>
<msg time="2024-04-21T10:13:12.030942" level="INFO">/opt/hostedtoolcache/Python/3.12.3/x64/lib/python3.12/site-packages/urllib3/connectionpool.py:1103: InsecureRequestWarning: Unverified HTTPS request is being made to host 'randomuser.me'. Adding certificate verification is strongly advised. See: https://urllib3.readthedocs.io/en/latest/advanced-usage.html#tls-warnings
  warnings.warn(</msg>
<msg time="2024-04-21T10:13:12.031034" level="INFO">${response} = &lt;Response [200]&gt;</msg>
<var>${response}</var>
<arg>consultarAPI</arg>
<arg>/api</arg>
<doc>Sends a GET request on a previously created HTTP Session.</doc>
<status status="PASS" start="2024-04-21T10:13:11.947054" elapsed="0.084020"/>
</kw>
<kw name="Set Variable" owner="BuiltIn">
<msg time="2024-04-21T10:13:12.032135" level="INFO">${json_data} = {'results': [{'gender': 'male', 'name': {'title': 'Mr', 'first': 'Josep', 'last': 'Cortes'}, 'location': {'street': {'number': 3358, 'name': 'Calle de Pedro Bosch'}, 'city': 'Orense', 'state': 'Comuni...</msg>
<var>${json_data}</var>
<arg>${response.json()}</arg>
<doc>Returns the given values which can then be assigned to a variables.</doc>
<status status="PASS" start="2024-04-21T10:13:12.031560" elapsed="0.000603"/>
</kw>
<kw name="Log" owner="BuiltIn">
<msg time="2024-04-21T10:13:12.032620" level="INFO">{'results': [{'gender': 'male', 'name': {'title': 'Mr', 'first': 'Josep', 'last': 'Cortes'}, 'location': {'street': {'number': 3358, 'name': 'Calle de Pedro Bosch'}, 'city': 'Orense', 'state': 'Comunidad de Madrid', 'country': 'Spain', 'postcode': 65105, 'coordinates': {'latitude': '-32.6263', 'longitude': '-141.5305'}, 'timezone': {'offset': '-12:00', 'description': 'Eniwetok, Kwajalein'}}, 'email': 'josep.cortes@example.com', 'login': {'uuid': 'a2059979-27e8-4bdd-8db7-77cc6b50e7c4', 'username': 'sadladybug519', 'password': 'start1', 'salt': 'jD5GTZ2q', 'md5': '5e45abcd7ecdbc3d3a569222603fee30', 'sha1': 'f7ed4cb558547c7d91f4649103e9bfee67d9bad4', 'sha256': '33c7b11e9a89d99701d853bb3c2781ab158c1bb449c22246cd3c86bb68e1897e'}, 'dob': {'date': '1970-06-09T10:07:48.724Z', 'age': 53}, 'registered': {'date': '2018-07-15T03:28:10.750Z', 'age': 5}, 'phone': '946-309-483', 'cell': '601-592-807', 'id': {'name': 'DNI', 'value': '86337450-R'}, 'picture': {'large': 'https://randomuser.me/api/portraits/men/76.jpg', 'medium': 'https://randomuser.me/api/portraits/med/men/76.jpg', 'thumbnail': 'https://randomuser.me/api/portraits/thumb/men/76.jpg'}, 'nat': 'ES'}], 'info': {'seed': '77357a2a1b1a60f8', 'results': 1, 'page': 1, 'version': '1.4'}}</msg>
<arg>${json_data}</arg>
<doc>Logs the given message with the given level.</doc>
<status status="PASS" start="2024-04-21T10:13:12.032470" elapsed="0.000196"/>
</kw>
<kw name="Should Be Equal As Numbers" owner="BuiltIn">
<arg>${json_data['results'][0]['location']['postcode']}</arg>
<arg>${json_data['results'][0]['location']['postcode']}</arg>
<doc>Fails if objects are unequal after converting them to real numbers.</doc>
<status status="PASS" start="2024-04-21T10:13:12.033131" elapsed="0.000639"/>
</kw>
<kw name="Log" owner="BuiltIn">
<msg time="2024-04-21T10:13:12.034330" level="INFO">65105</msg>
<arg>${json_data['results'][0]['location']['postcode']}</arg>
<doc>Logs the given message with the given level.</doc>
<status status="PASS" start="2024-04-21T10:13:12.033995" elapsed="0.000375"/>
</kw>
<status status="PASS" start="2024-04-21T10:13:11.946823" elapsed="0.087796"/>
</kw>
<doc>Testa se os tipos de dados na resposta da API estão corretos.</doc>
<tag>testeTiposDados</tag>
<status status="PASS" start="2024-04-21T10:13:11.839132" elapsed="0.195652"/>
</test>
<test id="s1-s1-t5" name="Validar conteudo" line="35">
<kw name="Teste de Tipos de Conteudo" owner="random-user-service">
<kw name="GET On Session" owner="RequestsLibrary">
<msg time="2024-04-21T10:13:12.135561" level="INFO">GET Request : url=https://randomuser.me/api 
 path_url=/api 
 headers={'User-Agent': 'python-requests/2.31.0', 'Accept-Encoding': 'gzip, deflate', 'Accept': '*/*', 'Connection': 'keep-alive'} 
 body=None 
 </msg>
<msg time="2024-04-21T10:13:12.135652" level="INFO">GET Response : url=https://randomuser.me/api 
 status=200, reason=OK 
 headers={'Date': 'Sun, 21 Apr 2024 10:13:12 GMT', 'Content-Type': 'application/json; charset=utf-8', 'Transfer-Encoding': 'chunked', 'Connection': 'keep-alive', 'X-Powered-By': 'Express', 'Access-Control-Allow-Origin': '*', 'Cache-Control': 'no-cache', 'ETag': 'W/"491-dDX2coKpwHwxizJAieLo26vvBAQ"', 'Vary': 'Accept-Encoding', 'Content-Encoding': 'gzip', 'CF-Cache-Status': 'DYNAMIC', 'Report-To': '{"endpoints":[{"url":"https:\\/\\/a.nel.cloudflare.com\\/report\\/v4?s=bFHlElSwFOOMpynN7d9szk4ZoclWh2yk3SyVukNBnxdLkr9pXPA8W%2Fbx7ZNM%2BZtIb0j%2FL7imE%2B9bsC60193ZFYAU6cqIyoy5ILc4ML6eXl%2F%2B4dJceu0rRJEpuCkx512B"}],"group":"cf-nel","max_age":604800}', 'NEL': '{"success_fraction":0,"report_to":"cf-nel","max_age":604800}', 'Server': 'cloudflare', 'CF-RAY': '877c999e4c02f9f9-SJC', 'alt-svc': 'h3=":443"; ma=86400'} 
 body={"results":[{"gender":"male","name":{"title":"Mr","first":"Hermann","last":"Niermann"},"location":{"street":{"number":2559,"name":"Schulweg"},"city":"Künzelsau","state":"Sachsen","country":"Germany","postcode":10408,"coordinates":{"latitude":"-51.4706","longitude":"-112.2340"},"timezone":{"offset":"+1:00","description":"Brussels, Copenhagen, Madrid, Paris"}},"email":"hermann.niermann@example.com","login":{"uuid":"7974d7c0-58e4-4a3d-aacf-59b03409e3cd","username":"smallzebra430","password":"nissan","salt":"vG4tNnYj","md5":"4293f0c9c1308b24db71fe62dbc7199b","sha1":"f3351ac07ea2fb8d72f5bdae50872a0db58a6b94","sha256":"aed8fd58faa52b113c3f2cee19a124e6f90a4d182e82002eec25a5a2959c4af7"},"dob":{"date":"1980-02-12T02:10:59.222Z","age":44},"registered":{"date":"2016-07-03T16:26:15.889Z","age":7},"phone":"0220-5827855","cell":"0178-5085964","id":{"name":"SVNR","value":"78 110280 N 142"},"picture":{"large":"https://randomuser.me/api/portraits/men/4.jpg","medium":"https://randomuser.me/api/portraits/med/men/4.jpg","thumbnail":"https://randomuser.me/api/portraits/thumb/men/4.jpg"},"nat":"DE"}],"info":{"seed":"17d716b4e34f8dee","results":1,"page":1,"version":"1.4"}} 
 </msg>
<msg time="2024-04-21T10:13:12.135722" level="INFO">/opt/hostedtoolcache/Python/3.12.3/x64/lib/python3.12/site-packages/urllib3/connectionpool.py:1103: InsecureRequestWarning: Unverified HTTPS request is being made to host 'randomuser.me'. Adding certificate verification is strongly advised. See: https://urllib3.readthedocs.io/en/latest/advanced-usage.html#tls-warnings
  warnings.warn(</msg>
<msg time="2024-04-21T10:13:12.135847" level="INFO">${response} = &lt;Response [200]&gt;</msg>
<var>${response}</var>
<arg>consultarAPI</arg>
<arg>/api</arg>
<doc>Sends a GET request on a previously created HTTP Session.</doc>
<status status="PASS" start="2024-04-21T10:13:12.037292" elapsed="0.098595"/>
</kw>
<kw name="Set Variable" owner="BuiltIn">
<msg time="2024-04-21T10:13:12.137032" level="INFO">${json_data} = {'results': [{'gender': 'male', 'name': {'title': 'Mr', 'first': 'Hermann', 'last': 'Niermann'}, 'location': {'street': {'number': 2559, 'name': 'Schulweg'}, 'city': 'Künzelsau', 'state': 'Sachsen', '...</msg>
<var>${json_data}</var>
<arg>${response.json()}</arg>
<doc>Returns the given values which can then be assigned to a variables.</doc>
<status status="PASS" start="2024-04-21T10:13:12.136475" elapsed="0.000587"/>
</kw>
<kw name="Set Variable" owner="BuiltIn">
<msg time="2024-04-21T10:13:12.137800" level="INFO">${name_title} = Mr</msg>
<var>${name_title}</var>
<arg>${json_data["results"][0]["name"]["title"]}</arg>
<doc>Returns the given values which can then be assigned to a variables.</doc>
<status status="PASS" start="2024-04-21T10:13:12.137414" elapsed="0.000411"/>
</kw>
<kw name="Create List" owner="BuiltIn">
<msg time="2024-04-21T10:13:12.138274" level="INFO">${allowed_titles} = ['Mr', 'Ms', 'Miss', 'Mrs', 'Madame', 'Monsieur']</msg>
<var>${allowed_titles}</var>
<arg>Mr</arg>
<arg>Ms</arg>
<arg>Miss</arg>
<arg>Mrs</arg>
<arg>Madame</arg>
<arg>Monsieur</arg>
<doc>Returns a list containing given items.</doc>
<status status="PASS" start="2024-04-21T10:13:12.138127" elapsed="0.000171"/>
</kw>
<kw name="List Should Contain Value" owner="Collections">
<msg time="2024-04-21T10:13:12.138798" level="INFO">False</msg>
<arg>${allowed_titles}</arg>
<arg>${name_title}</arg>
<doc>Fails if the ``value`` is not found from ``list``.</doc>
<status status="PASS" start="2024-04-21T10:13:12.138624" elapsed="0.000210"/>
</kw>
<kw name="Set Variable" owner="BuiltIn">
<msg time="2024-04-21T10:13:12.139521" level="INFO">${name_country} = DE</msg>
<var>${name_country}</var>
<arg>${json_data["results"][0]["nat"]}</arg>
<doc>Returns the given values which can then be assigned to a variables.</doc>
<status status="PASS" start="2024-04-21T10:13:12.139121" elapsed="0.000427"/>
</kw>
<kw name="Create List" owner="BuiltIn">
<msg time="2024-04-21T10:13:12.140430" level="INFO">${list_country} = ['AD', 'AE', 'AF', 'AG', 'AI', 'AL', 'AM', 'AO', 'AQ', 'AR', 'AS', 'AT', 'AU', 'AW', 'AX', 'AZ', 'BA', 'BB', 'BD', 'BE', 'BF', 'BG', 'BH', 'BI', 'BJ', 'BL', 'BM', 'BN', 'BO', 'BQ', 'BR', 'BS', 'BT', '...</msg>
<var>${list_country}</var>
<arg>AD</arg>
<arg>AE</arg>
<arg>AF</arg>
<arg>AG</arg>
<arg>AI</arg>
<arg>AL</arg>
<arg>AM</arg>
<arg>AO</arg>
<arg>AQ</arg>
<arg>AR</arg>
<arg>AS</arg>
<arg>AT</arg>
<arg>AU</arg>
<arg>AW</arg>
<arg>AX</arg>
<arg>AZ</arg>
<arg>BA</arg>
<arg>BB</arg>
<arg>BD</arg>
<arg>BE</arg>
<arg>BF</arg>
<arg>BG</arg>
<arg>BH</arg>
<arg>BI</arg>
<arg>BJ</arg>
<arg>BL</arg>
<arg>BM</arg>
<arg>BN</arg>
<arg>BO</arg>
<arg>BQ</arg>
<arg>BR</arg>
<arg>BS</arg>
<arg>BT</arg>
<arg>BV</arg>
<arg>BW</arg>
<arg>BY</arg>
<arg>BZ</arg>
<arg>CA</arg>
<arg>CC</arg>
<arg>CD</arg>
<arg>CF</arg>
<arg>CG</arg>
<arg>CH</arg>
<arg>CI</arg>
<arg>CK</arg>
<arg>CL</arg>
<arg>CM</arg>
<arg>CN</arg>
<arg>CO</arg>
<arg>CR</arg>
<arg>CU</arg>
<arg>CV</arg>
<arg>CW</arg>
<arg>CX</arg>
<arg>CY</arg>
<arg>CZ</arg>
<arg>DE</arg>
<arg>DJ</arg>
<arg>DK</arg>
<arg>DM</arg>
<arg>DO</arg>
<arg>DZ</arg>
<arg>EC</arg>
<arg>EE</arg>
<arg>EG</arg>
<arg>EH</arg>
<arg>ER</arg>
<arg>ES</arg>
<arg>ET</arg>
<arg>FI</arg>
<arg>FJ</arg>
<arg>FK</arg>
<arg>FM</arg>
<arg>FO</arg>
<arg>FR</arg>
<arg>GA</arg>
<arg>GB</arg>
<arg>GD</arg>
<arg>GE</arg>
<arg>GF</arg>
<arg>GG</arg>
<arg>GH</arg>
<arg>GI</arg>
<arg>GL</arg>
<arg>GM</arg>
<arg>GN</arg>
<arg>GP</arg>
<arg>GQ</arg>
<arg>GR</arg>
<arg>GS</arg>
<arg>GT</arg>
<arg>GU</arg>
<arg>GW</arg>
<arg>GY</arg>
<arg>HK</arg>
<arg>HM</arg>
<arg>HN</arg>
<arg>HR</arg>
<arg>HT</arg>
<arg>HU</arg>
<arg>ID</arg>
<arg>IE</arg>
<arg>IL</arg>
<arg>IM</arg>
<arg>IN</arg>
<arg>IO</arg>
<arg>IQ</arg>
<arg>IR</arg>
<arg>IS</arg>
<arg>IT</arg>
<arg>JE</arg>
<arg>JM</arg>
<arg>JO</arg>
<arg>JP</arg>
<arg>KE</arg>
<arg>KG</arg>
<arg>KH</arg>
<arg>KI</arg>
<arg>KM</arg>
<arg>KN</arg>
<arg>KP</arg>
<arg>KR</arg>
<arg>KW</arg>
<arg>KY</arg>
<arg>KZ</arg>
<arg>LA</arg>
<arg>LB</arg>
<arg>LC</arg>
<arg>LI</arg>
<arg>LK</arg>
<arg>LR</arg>
<arg>LS</arg>
<arg>LT</arg>
<arg>LU</arg>
<arg>LV</arg>
<arg>LY</arg>
<arg>MA</arg>
<arg>MC</arg>
<arg>MD</arg>
<arg>ME</arg>
<arg>MF</arg>
<arg>MG</arg>
<arg>MH</arg>
<arg>MK</arg>
<arg>ML</arg>
<arg>MM</arg>
<arg>MN</arg>
<arg>MO</arg>
<arg>MP</arg>
<arg>MQ</arg>
<arg>MR</arg>
<arg>MS</arg>
<arg>MT</arg>
<arg>MU</arg>
<arg>MV</arg>
<arg>MW</arg>
<arg>MX</arg>
<arg>MY</arg>
<arg>MZ</arg>
<arg>NA</arg>
<arg>NC</arg>
<arg>NE</arg>
<arg>NF</arg>
<arg>NG</arg>
<arg>NI</arg>
<arg>NL</arg>
<arg>NO</arg>
<arg>NP</arg>
<arg>NR</arg>
<arg>NU</arg>
<arg>NZ</arg>
<arg>OM</arg>
<arg>PA</arg>
<arg>PE</arg>
<arg>PF</arg>
<arg>PG</arg>
<arg>PH</arg>
<arg>PK</arg>
<arg>PL</arg>
<arg>PM</arg>
<arg>PN</arg>
<arg>PR</arg>
<arg>PS</arg>
<arg>PT</arg>
<arg>PW</arg>
<arg>PY</arg>
<arg>QA</arg>
<arg>RE</arg>
<arg>RO</arg>
<arg>RS</arg>
<arg>RU</arg>
<arg>RW</arg>
<arg>SA</arg>
<arg>SB</arg>
<arg>SC</arg>
<arg>SD</arg>
<arg>SE</arg>
<arg>SG</arg>
<arg>SH</arg>
<arg>SI</arg>
<arg>SJ</arg>
<arg>SK</arg>
<arg>SL</arg>
<arg>SM</arg>
<arg>SN</arg>
<arg>SO</arg>
<arg>SR</arg>
<arg>SS</arg>
<arg>ST</arg>
<arg>SV</arg>
<arg>SX</arg>
<arg>SY</arg>
<arg>SZ</arg>
<arg>TC</arg>
<arg>TD</arg>
<arg>TF</arg>
<arg>TG</arg>
<arg>TH</arg>
<arg>TJ</arg>
<arg>TK</arg>
<arg>TL</arg>
<arg>TM</arg>
<arg>TN</arg>
<arg>TO</arg>
<arg>TR</arg>
<arg>TT</arg>
<arg>TV</arg>
<arg>TW</arg>
<arg>TZ</arg>
<arg>UA</arg>
<arg>UG</arg>
<arg>UM</arg>
<arg>US</arg>
<arg>UY</arg>
<arg>UZ</arg>
<arg>VA</arg>
<arg>VC</arg>
<arg>VE</arg>
<arg>VG</arg>
<arg>VI</arg>
<arg>VN</arg>
<arg>VU</arg>
<arg>WF</arg>
<arg>WS</arg>
<arg>XK</arg>
<arg>YE</arg>
<arg>YT</arg>
<arg>ZA</arg>
<arg>ZM</arg>
<arg>ZW</arg>
<doc>Returns a list containing given items.</doc>
<status status="PASS" start="2024-04-21T10:13:12.139852" elapsed="0.000604"/>
</kw>
<kw name="List Should Contain Value" owner="Collections">
<msg time="2024-04-21T10:13:12.141487" level="INFO">False</msg>
<arg>${list_country}</arg>
<arg>${name_country}</arg>
<doc>Fails if the ``value`` is not found from ``list``.</doc>
<status status="PASS" start="2024-04-21T10:13:12.141286" elapsed="0.000237"/>
</kw>
<kw name="Run Keyword If" owner="BuiltIn">
<kw name="Should Be True" owner="BuiltIn">
<arg>${True}</arg>
<doc>Fails if the given condition is not true.</doc>
<status status="PASS" start="2024-04-21T10:13:12.142583" elapsed="0.000255"/>
</kw>
<arg>${json_data["results"][0]["location"]["coordinates"]["latitude"]} &gt;= -90 and ${json_data["results"][0]["location"]["coordinates"]["latitude"]} &lt;= 90</arg>
<arg>Should Be True</arg>
<arg>${True}</arg>
<doc>Runs the given keyword with the given arguments, if ``condition`` is true.</doc>
<status status="PASS" start="2024-04-21T10:13:12.141836" elapsed="0.001133"/>
</kw>
<kw name="Run Keyword If" owner="BuiltIn">
<kw name="Should Be True" owner="BuiltIn">
<arg>${True}</arg>
<doc>Fails if the given condition is not true.</doc>
<status status="PASS" start="2024-04-21T10:13:12.143858" elapsed="0.000135"/>
</kw>
<arg>${json_data["results"][0]["location"]["coordinates"]["longitude"]} &gt;= -180 and ${json_data["results"][0]["location"]["coordinates"]["longitude"]} &lt;= 180</arg>
<arg>Should Be True</arg>
<arg>${True}</arg>
<doc>Runs the given keyword with the given arguments, if ``condition`` is true.</doc>
<status status="PASS" start="2024-04-21T10:13:12.143157" elapsed="0.000958"/>
</kw>
<status status="PASS" start="2024-04-21T10:13:12.037037" elapsed="0.107219"/>
</kw>
<doc>Testa o conteúdo específico dos campos retornados pela API.</doc>
<tag>testeConteudo</tag>
<status status="PASS" start="2024-04-21T10:13:12.036508" elapsed="0.107900"/>
</test>
<status status="PASS" start="2024-04-21T10:13:11.190017" elapsed="0.956425"/>
</suite>
<status status="PASS" start="2024-04-21T10:13:11.176528" elapsed="0.975070"/>
</suite>
<statistics>
<total>
<stat pass="5" fail="0" skip="0">All Tests</stat>
</total>
<tag>
<stat pass="1" fail="0" skip="0">testeConteudo</stat>
<stat pass="1" fail="0" skip="0">testeEstruturaResposta</stat>
<stat pass="1" fail="0" skip="0">testeRequisicaoBasica</stat>
<stat pass="1" fail="0" skip="0">testeTiposDados</stat>
</tag>
<suite>
<stat pass="5" fail="0" skip="0" id="s1" name="Tests">Tests</stat>
<stat pass="5" fail="0" skip="0" id="s1-s1" name="Random-User-Test">Tests.Random-User-Test</stat>
</suite>
</statistics>
<errors>
</errors>
</robot>
