<?xml version="1.0" encoding="UTF-8"?>
<robot generator="Robot 7.0.1 (Python 3.12.4 on linux)" generated="2024-07-25T12:29:07.346306" rpa="false" schemaversion="5">
<suite id="s1" name="Tests" source="/home/runner/work/ApiRandomUser/ApiRandomUser/RamdonUser/tests">
<suite id="s1-s1" name="Random-User-Test" source="/home/runner/work/ApiRandomUser/ApiRandomUser/RamdonUser/tests/random-user-test.robot">
<test id="s1-s1-t1" name="Conectar" line="13">
<kw name="Conectar API" owner="random-user-service">
<kw name="Create Session" owner="RequestsLibrary">
<msg time="2024-07-25T12:29:07.735313" level="INFO">Creating Session using : alias=consultarAPI, url=https://randomuser.me/, headers={},                     cookies={}, auth=None, timeout=None, proxies=None, verify=False,                     debug=0 </msg>
<arg>consultarAPI</arg>
<arg>${URL}</arg>
<doc>Create Session: create a HTTP session to a server</doc>
<status status="PASS" start="2024-07-25T12:29:07.735118" elapsed="0.000368"/>
</kw>
<status status="PASS" start="2024-07-25T12:29:07.734116" elapsed="0.001730"/>
</kw>
<status status="PASS" start="2024-07-25T12:29:07.733572" elapsed="0.002479"/>
</test>
<test id="s1-s1-t2" name="Validar retorno 200 e JSON Válido" line="16">
<kw name="Teste de Requisicao Basica" owner="random-user-service">
<kw name="GET On Session" owner="RequestsLibrary">
<msg time="2024-07-25T12:29:08.017630" level="INFO">GET Request : url=https://randomuser.me/api 
 path_url=/api 
 headers={'User-Agent': 'python-requests/2.32.3', 'Accept-Encoding': 'gzip, deflate', 'Accept': '*/*', 'Connection': 'keep-alive'} 
 body=None 
 </msg>
<msg time="2024-07-25T12:29:08.017829" level="INFO">GET Response : url=https://randomuser.me/api 
 status=200, reason=OK 
 headers={'Date': 'Thu, 25 Jul 2024 12:29:08 GMT', 'Content-Type': 'application/json; charset=utf-8', 'Transfer-Encoding': 'chunked', 'Connection': 'keep-alive', 'X-Powered-By': 'Express', 'Access-Control-Allow-Origin': '*', 'Cache-Control': 'no-cache', 'ETag': 'W/"49e-oG73b+kLq4d9jG7Hsv4E0s6vTQw"', 'Vary': 'Accept-Encoding', 'Content-Encoding': 'gzip', 'CF-Cache-Status': 'DYNAMIC', 'Report-To': '{"endpoints":[{"url":"https:\\/\\/a.nel.cloudflare.com\\/report\\/v4?s=qNSKKdc%2BMMMIjqK97tz3rMNLDk4Q9zUWU6mvX3%2BggBibdm2L2r1kBzDzAeupRlyu8osZu8MppLiwoMOXNMEQRl5aZtTSmocqo7X1kTINROpMMNmJQfiW%2FtLyzNM%2F0UBF"}],"group":"cf-nel","max_age":604800}', 'NEL': '{"success_fraction":0,"report_to":"cf-nel","max_age":604800}', 'Server': 'cloudflare', 'CF-RAY': '8a8c275c9cba111e-ORD', 'alt-svc': 'h3=":443"; ma=86400'} 
 body={"results":[{"gender":"female","name":{"title":"Ms","first":"Diane","last":"Perrin"},"location":{"street":{"number":8274,"name":"Place du 22 Novembre 1943"},"city":"Avignon","state":"Rhône","country":"France","postcode":18194,"coordinates":{"latitude":"-19.1053","longitude":"124.9080"},"timezone":{"offset":"+2:00","description":"Kaliningrad, South Africa"}},"email":"diane.perrin@example.com","login":{"uuid":"4cb8d41c-1e7f-4927-9764-73cfb49ecf0d","username":"goldenladybug310","password":"gizmo1","salt":"5C7JlEgD","md5":"bfca0ed26c10df2fa840d868a9c6f86d","sha1":"83e162953887bd576dda9180675bcd715de7ae3f","sha256":"ed8ea3ab6c4b94be41f5d205b26c42a800cf9ad935a95b4c1d5f60421fb3ffe9"},"dob":{"date":"1988-06-15T15:13:44.217Z","age":36},"registered":{"date":"2021-07-25T06:59:26.461Z","age":3},"phone":"02-68-79-08-82","cell":"06-88-32-79-72","id":{"name":"INSEE","value":"2880569604653 58"},"picture":{"large":"https://randomuser.me/api/portraits/women/67.jpg","medium":"https://randomuser.me/api/portraits/med/women/67.jpg","thumbnail":"https://randomuser.me/api/portraits/thumb/women/67.jpg"},"nat":"FR"}],"info":{"seed":"10b7067ff94be2a2","results":1,"page":1,"version":"1.4"}} 
 </msg>
<msg time="2024-07-25T12:29:08.017931" level="INFO">/opt/hostedtoolcache/Python/3.12.4/x64/lib/python3.12/site-packages/urllib3/connectionpool.py:1099: InsecureRequestWarning: Unverified HTTPS request is being made to host 'randomuser.me'. Adding certificate verification is strongly advised. See: https://urllib3.readthedocs.io/en/latest/advanced-usage.html#tls-warnings
  warnings.warn(</msg>
<msg time="2024-07-25T12:29:08.018074" level="INFO">${response} = &lt;Response [200]&gt;</msg>
<var>${response}</var>
<arg>consultarAPI</arg>
<arg>/api</arg>
<doc>Sends a GET request on a previously created HTTP Session.</doc>
<status status="PASS" start="2024-07-25T12:29:07.738627" elapsed="0.279488"/>
</kw>
<kw name="Should Be Equal As Numbers" owner="BuiltIn">
<msg time="2024-07-25T12:29:08.019217" level="INFO">Argument types are:
&lt;class 'int'&gt;
&lt;class 'str'&gt;</msg>
<arg>${response.status_code}</arg>
<arg>200</arg>
<doc>Fails if objects are unequal after converting them to real numbers.</doc>
<status status="PASS" start="2024-07-25T12:29:08.018739" elapsed="0.000542"/>
</kw>
<kw name="Log" owner="BuiltIn">
<msg time="2024-07-25T12:29:08.019945" level="INFO">200</msg>
<arg>${response.status_code}</arg>
<doc>Logs the given message with the given level.</doc>
<status status="PASS" start="2024-07-25T12:29:08.019594" elapsed="0.000392"/>
</kw>
<kw name="Set Variable" owner="BuiltIn">
<msg time="2024-07-25T12:29:08.020731" level="INFO">${json_data} = {'results': [{'gender': 'female', 'name': {'title': 'Ms', 'first': 'Diane', 'last': 'Perrin'}, 'location': {'street': {'number': 8274, 'name': 'Place du 22 Novembre 1943'}, 'city': 'Avignon', 'state':...</msg>
<var>${json_data}</var>
<arg>${response.json()}</arg>
<doc>Returns the given values which can then be assigned to a variables.</doc>
<status status="PASS" start="2024-07-25T12:29:08.020299" elapsed="0.000459"/>
</kw>
<kw name="Dictionary Should Contain Key" owner="Collections">
<arg>${json_data}</arg>
<arg>results</arg>
<doc>Fails if ``key`` is not found from ``dictionary``.</doc>
<status status="PASS" start="2024-07-25T12:29:08.021059" elapsed="0.000320"/>
</kw>
<status status="PASS" start="2024-07-25T12:29:07.738384" elapsed="0.283150"/>
</kw>
<doc>Testa se a API responde corretamente e retorna um objeto JSON válido.</doc>
<tag>testeRequisicaoBasica</tag>
<status status="PASS" start="2024-07-25T12:29:07.737922" elapsed="0.283785"/>
</test>
<test id="s1-s1-t3" name="Validar estrutura de resposta" line="22">
<kw name="Teste de Estrutura de Resposta" owner="random-user-service">
<kw name="GET On Session" owner="RequestsLibrary">
<msg time="2024-07-25T12:29:08.106990" level="INFO">GET Request : url=https://randomuser.me/api 
 path_url=/api 
 headers={'User-Agent': 'python-requests/2.32.3', 'Accept-Encoding': 'gzip, deflate', 'Accept': '*/*', 'Connection': 'keep-alive'} 
 body=None 
 </msg>
<msg time="2024-07-25T12:29:08.107086" level="INFO">GET Response : url=https://randomuser.me/api 
 status=200, reason=OK 
 headers={'Date': 'Thu, 25 Jul 2024 12:29:08 GMT', 'Content-Type': 'application/json; charset=utf-8', 'Transfer-Encoding': 'chunked', 'Connection': 'keep-alive', 'X-Powered-By': 'Express', 'Access-Control-Allow-Origin': '*', 'Cache-Control': 'no-cache', 'ETag': 'W/"484-hXPVIIDcYYzUUsnqe4mh4cYascA"', 'Vary': 'Accept-Encoding', 'Content-Encoding': 'gzip', 'CF-Cache-Status': 'DYNAMIC', 'Report-To': '{"endpoints":[{"url":"https:\\/\\/a.nel.cloudflare.com\\/report\\/v4?s=l%2BgfV5Dbiqfrq1u7wyiWj78PIpr6CmV%2FNp1W%2BxWdnnOisWjY5arn4DRc818HiVsbtPx%2FIC0Kx%2FhjEd%2B7OHiC3b5KhxCpnIGE6qGLb%2F%2FAY6a4lTEYuPlr7hQhmN0aqu%2BW"}],"group":"cf-nel","max_age":604800}', 'NEL': '{"success_fraction":0,"report_to":"cf-nel","max_age":604800}', 'Server': 'cloudflare', 'CF-RAY': '8a8c275d2d65111e-ORD', 'alt-svc': 'h3=":443"; ma=86400'} 
 body={"results":[{"gender":"male","name":{"title":"Mr","first":"Dursun","last":"Hackl"},"location":{"street":{"number":6093,"name":"Birkenweg"},"city":"Donauwörth","state":"Hamburg","country":"Germany","postcode":76319,"coordinates":{"latitude":"-50.6024","longitude":"-143.7428"},"timezone":{"offset":"+7:00","description":"Bangkok, Hanoi, Jakarta"}},"email":"dursun.hackl@example.com","login":{"uuid":"34d9235b-4238-49da-ba4a-5b96a29a2d65","username":"crazyostrich393","password":"peach","salt":"qimHJZN0","md5":"0a419c86fe6db4df6ca03c987bc5919e","sha1":"f5896bc7fc833172643c08bb22c1aaacc186b20d","sha256":"ed7c246bb1e03b9772fda546a2dbaeca11fa046f9940b5b40bb624962430289f"},"dob":{"date":"1984-01-08T21:27:06.014Z","age":40},"registered":{"date":"2013-08-14T20:56:30.328Z","age":10},"phone":"0615-6184303","cell":"0177-4024423","id":{"name":"SVNR","value":"25 080184 H 419"},"picture":{"large":"https://randomuser.me/api/portraits/men/41.jpg","medium":"https://randomuser.me/api/portraits/med/men/41.jpg","thumbnail":"https://randomuser.me/api/portraits/thumb/men/41.jpg"},"nat":"DE"}],"info":{"seed":"ac45b0111b03d8b7","results":1,"page":1,"version":"1.4"}} 
 </msg>
<msg time="2024-07-25T12:29:08.107209" level="INFO">/opt/hostedtoolcache/Python/3.12.4/x64/lib/python3.12/site-packages/urllib3/connectionpool.py:1099: InsecureRequestWarning: Unverified HTTPS request is being made to host 'randomuser.me'. Adding certificate verification is strongly advised. See: https://urllib3.readthedocs.io/en/latest/advanced-usage.html#tls-warnings
  warnings.warn(</msg>
<msg time="2024-07-25T12:29:08.107322" level="INFO">${response} = &lt;Response [200]&gt;</msg>
<var>${response}</var>
<arg>consultarAPI</arg>
<arg>/api</arg>
<doc>Sends a GET request on a previously created HTTP Session.</doc>
<status status="PASS" start="2024-07-25T12:29:08.024734" elapsed="0.082629"/>
</kw>
<kw name="Set Variable" owner="BuiltIn">
<msg time="2024-07-25T12:29:08.108452" level="INFO">${json_data} = {'results': [{'gender': 'male', 'name': {'title': 'Mr', 'first': 'Dursun', 'last': 'Hackl'}, 'location': {'street': {'number': 6093, 'name': 'Birkenweg'}, 'city': 'Donauwörth', 'state': 'Hamburg', 'co...</msg>
<var>${json_data}</var>
<arg>${response.json()}</arg>
<doc>Returns the given values which can then be assigned to a variables.</doc>
<status status="PASS" start="2024-07-25T12:29:08.107857" elapsed="0.000625"/>
</kw>
<kw name="Log" owner="BuiltIn">
<msg time="2024-07-25T12:29:08.108957" level="INFO">{'results': [{'gender': 'male', 'name': {'title': 'Mr', 'first': 'Dursun', 'last': 'Hackl'}, 'location': {'street': {'number': 6093, 'name': 'Birkenweg'}, 'city': 'Donauwörth', 'state': 'Hamburg', 'country': 'Germany', 'postcode': 76319, 'coordinates': {'latitude': '-50.6024', 'longitude': '-143.7428'}, 'timezone': {'offset': '+7:00', 'description': 'Bangkok, Hanoi, Jakarta'}}, 'email': 'dursun.hackl@example.com', 'login': {'uuid': '34d9235b-4238-49da-ba4a-5b96a29a2d65', 'username': 'crazyostrich393', 'password': 'peach', 'salt': 'qimHJZN0', 'md5': '0a419c86fe6db4df6ca03c987bc5919e', 'sha1': 'f5896bc7fc833172643c08bb22c1aaacc186b20d', 'sha256': 'ed7c246bb1e03b9772fda546a2dbaeca11fa046f9940b5b40bb624962430289f'}, 'dob': {'date': '1984-01-08T21:27:06.014Z', 'age': 40}, 'registered': {'date': '2013-08-14T20:56:30.328Z', 'age': 10}, 'phone': '0615-6184303', 'cell': '0177-4024423', 'id': {'name': 'SVNR', 'value': '25 080184 H 419'}, 'picture': {'large': 'https://randomuser.me/api/portraits/men/41.jpg', 'medium': 'https://randomuser.me/api/portraits/med/men/41.jpg', 'thumbnail': 'https://randomuser.me/api/portraits/thumb/men/41.jpg'}, 'nat': 'DE'}], 'info': {'seed': 'ac45b0111b03d8b7', 'results': 1, 'page': 1, 'version': '1.4'}}</msg>
<arg>${json_data}</arg>
<doc>Logs the given message with the given level.</doc>
<status status="PASS" start="2024-07-25T12:29:08.108790" elapsed="0.000217"/>
</kw>
<kw name="Dictionary Should Contain Key" owner="Collections">
<arg>${json_data}</arg>
<arg>results</arg>
<doc>Fails if ``key`` is not found from ``dictionary``.</doc>
<status status="PASS" start="2024-07-25T12:29:08.109299" elapsed="0.000163"/>
</kw>
<kw name="Should Not Be Empty" owner="BuiltIn">
<msg time="2024-07-25T12:29:08.109814" level="INFO">Length is 2.</msg>
<arg>${json_data}</arg>
<doc>Verifies that the given item is not empty.</doc>
<status status="PASS" start="2024-07-25T12:29:08.109646" elapsed="0.000210"/>
</kw>
<kw name="Create List" owner="BuiltIn">
<msg time="2024-07-25T12:29:08.110300" level="INFO">${expected_keys} = ['gender', 'name', 'location', 'email', 'login']</msg>
<var>${expected_keys}</var>
<arg>gender</arg>
<arg>name</arg>
<arg>location</arg>
<arg>email</arg>
<arg>login</arg>
<doc>Returns a list containing given items.</doc>
<status status="PASS" start="2024-07-25T12:29:08.110148" elapsed="0.000176"/>
</kw>
<for flavor="IN">
<iter>
<kw name="Dictionary Should Contain Key" owner="Collections">
<arg>${json_data['results'][0]}</arg>
<arg>${key}</arg>
<doc>Fails if ``key`` is not found from ``dictionary``.</doc>
<status status="PASS" start="2024-07-25T12:29:08.110901" elapsed="0.000425"/>
</kw>
<kw name="Log" owner="BuiltIn">
<msg time="2024-07-25T12:29:08.111862" level="INFO">{'gender': 'male', 'name': {'title': 'Mr', 'first': 'Dursun', 'last': 'Hackl'}, 'location': {'street': {'number': 6093, 'name': 'Birkenweg'}, 'city': 'Donauwörth', 'state': 'Hamburg', 'country': 'Germany', 'postcode': 76319, 'coordinates': {'latitude': '-50.6024', 'longitude': '-143.7428'}, 'timezone': {'offset': '+7:00', 'description': 'Bangkok, Hanoi, Jakarta'}}, 'email': 'dursun.hackl@example.com', 'login': {'uuid': '34d9235b-4238-49da-ba4a-5b96a29a2d65', 'username': 'crazyostrich393', 'password': 'peach', 'salt': 'qimHJZN0', 'md5': '0a419c86fe6db4df6ca03c987bc5919e', 'sha1': 'f5896bc7fc833172643c08bb22c1aaacc186b20d', 'sha256': 'ed7c246bb1e03b9772fda546a2dbaeca11fa046f9940b5b40bb624962430289f'}, 'dob': {'date': '1984-01-08T21:27:06.014Z', 'age': 40}, 'registered': {'date': '2013-08-14T20:56:30.328Z', 'age': 10}, 'phone': '0615-6184303', 'cell': '0177-4024423', 'id': {'name': 'SVNR', 'value': '25 080184 H 419'}, 'picture': {'large': 'https://randomuser.me/api/portraits/men/41.jpg', 'medium': 'https://randomuser.me/api/portraits/med/men/41.jpg', 'thumbnail': 'https://randomuser.me/api/portraits/thumb/men/41.jpg'}, 'nat': 'DE'}</msg>
<arg>${json_data['results'][0]}</arg>
<doc>Logs the given message with the given level.</doc>
<status status="PASS" start="2024-07-25T12:29:08.111509" elapsed="0.000403"/>
</kw>
<kw name="Log" owner="BuiltIn">
<msg time="2024-07-25T12:29:08.112346" level="INFO">gender</msg>
<arg>${key}</arg>
<doc>Logs the given message with the given level.</doc>
<status status="PASS" start="2024-07-25T12:29:08.112217" elapsed="0.000167"/>
</kw>
<var name="${key}">gender</var>
<status status="PASS" start="2024-07-25T12:29:08.110776" elapsed="0.001823"/>
</iter>
<iter>
<kw name="Dictionary Should Contain Key" owner="Collections">
<arg>${json_data['results'][0]}</arg>
<arg>${key}</arg>
<doc>Fails if ``key`` is not found from ``dictionary``.</doc>
<status status="PASS" start="2024-07-25T12:29:08.112892" elapsed="0.000386"/>
</kw>
<kw name="Log" owner="BuiltIn">
<msg time="2024-07-25T12:29:08.113845" level="INFO">{'gender': 'male', 'name': {'title': 'Mr', 'first': 'Dursun', 'last': 'Hackl'}, 'location': {'street': {'number': 6093, 'name': 'Birkenweg'}, 'city': 'Donauwörth', 'state': 'Hamburg', 'country': 'Germany', 'postcode': 76319, 'coordinates': {'latitude': '-50.6024', 'longitude': '-143.7428'}, 'timezone': {'offset': '+7:00', 'description': 'Bangkok, Hanoi, Jakarta'}}, 'email': 'dursun.hackl@example.com', 'login': {'uuid': '34d9235b-4238-49da-ba4a-5b96a29a2d65', 'username': 'crazyostrich393', 'password': 'peach', 'salt': 'qimHJZN0', 'md5': '0a419c86fe6db4df6ca03c987bc5919e', 'sha1': 'f5896bc7fc833172643c08bb22c1aaacc186b20d', 'sha256': 'ed7c246bb1e03b9772fda546a2dbaeca11fa046f9940b5b40bb624962430289f'}, 'dob': {'date': '1984-01-08T21:27:06.014Z', 'age': 40}, 'registered': {'date': '2013-08-14T20:56:30.328Z', 'age': 10}, 'phone': '0615-6184303', 'cell': '0177-4024423', 'id': {'name': 'SVNR', 'value': '25 080184 H 419'}, 'picture': {'large': 'https://randomuser.me/api/portraits/men/41.jpg', 'medium': 'https://randomuser.me/api/portraits/med/men/41.jpg', 'thumbnail': 'https://randomuser.me/api/portraits/thumb/men/41.jpg'}, 'nat': 'DE'}</msg>
<arg>${json_data['results'][0]}</arg>
<doc>Logs the given message with the given level.</doc>
<status status="PASS" start="2024-07-25T12:29:08.113459" elapsed="0.000468"/>
</kw>
<kw name="Log" owner="BuiltIn">
<msg time="2024-07-25T12:29:08.114357" level="INFO">name</msg>
<arg>${key}</arg>
<doc>Logs the given message with the given level.</doc>
<status status="PASS" start="2024-07-25T12:29:08.114229" elapsed="0.000166"/>
</kw>
<var name="${key}">name</var>
<status status="PASS" start="2024-07-25T12:29:08.112782" elapsed="0.001830"/>
</iter>
<iter>
<kw name="Dictionary Should Contain Key" owner="Collections">
<arg>${json_data['results'][0]}</arg>
<arg>${key}</arg>
<doc>Fails if ``key`` is not found from ``dictionary``.</doc>
<status status="PASS" start="2024-07-25T12:29:08.114897" elapsed="0.000381"/>
</kw>
<kw name="Log" owner="BuiltIn">
<msg time="2024-07-25T12:29:08.115820" level="INFO">{'gender': 'male', 'name': {'title': 'Mr', 'first': 'Dursun', 'last': 'Hackl'}, 'location': {'street': {'number': 6093, 'name': 'Birkenweg'}, 'city': 'Donauwörth', 'state': 'Hamburg', 'country': 'Germany', 'postcode': 76319, 'coordinates': {'latitude': '-50.6024', 'longitude': '-143.7428'}, 'timezone': {'offset': '+7:00', 'description': 'Bangkok, Hanoi, Jakarta'}}, 'email': 'dursun.hackl@example.com', 'login': {'uuid': '34d9235b-4238-49da-ba4a-5b96a29a2d65', 'username': 'crazyostrich393', 'password': 'peach', 'salt': 'qimHJZN0', 'md5': '0a419c86fe6db4df6ca03c987bc5919e', 'sha1': 'f5896bc7fc833172643c08bb22c1aaacc186b20d', 'sha256': 'ed7c246bb1e03b9772fda546a2dbaeca11fa046f9940b5b40bb624962430289f'}, 'dob': {'date': '1984-01-08T21:27:06.014Z', 'age': 40}, 'registered': {'date': '2013-08-14T20:56:30.328Z', 'age': 10}, 'phone': '0615-6184303', 'cell': '0177-4024423', 'id': {'name': 'SVNR', 'value': '25 080184 H 419'}, 'picture': {'large': 'https://randomuser.me/api/portraits/men/41.jpg', 'medium': 'https://randomuser.me/api/portraits/med/men/41.jpg', 'thumbnail': 'https://randomuser.me/api/portraits/thumb/men/41.jpg'}, 'nat': 'DE'}</msg>
<arg>${json_data['results'][0]}</arg>
<doc>Logs the given message with the given level.</doc>
<status status="PASS" start="2024-07-25T12:29:08.115464" elapsed="0.000405"/>
</kw>
<kw name="Log" owner="BuiltIn">
<msg time="2024-07-25T12:29:08.116287" level="INFO">location</msg>
<arg>${key}</arg>
<doc>Logs the given message with the given level.</doc>
<status status="PASS" start="2024-07-25T12:29:08.116161" elapsed="0.000164"/>
</kw>
<var name="${key}">location</var>
<status status="PASS" start="2024-07-25T12:29:08.114789" elapsed="0.001753"/>
</iter>
<iter>
<kw name="Dictionary Should Contain Key" owner="Collections">
<arg>${json_data['results'][0]}</arg>
<arg>${key}</arg>
<doc>Fails if ``key`` is not found from ``dictionary``.</doc>
<status status="PASS" start="2024-07-25T12:29:08.116823" elapsed="0.000379"/>
</kw>
<kw name="Log" owner="BuiltIn">
<msg time="2024-07-25T12:29:08.117904" level="INFO">{'gender': 'male', 'name': {'title': 'Mr', 'first': 'Dursun', 'last': 'Hackl'}, 'location': {'street': {'number': 6093, 'name': 'Birkenweg'}, 'city': 'Donauwörth', 'state': 'Hamburg', 'country': 'Germany', 'postcode': 76319, 'coordinates': {'latitude': '-50.6024', 'longitude': '-143.7428'}, 'timezone': {'offset': '+7:00', 'description': 'Bangkok, Hanoi, Jakarta'}}, 'email': 'dursun.hackl@example.com', 'login': {'uuid': '34d9235b-4238-49da-ba4a-5b96a29a2d65', 'username': 'crazyostrich393', 'password': 'peach', 'salt': 'qimHJZN0', 'md5': '0a419c86fe6db4df6ca03c987bc5919e', 'sha1': 'f5896bc7fc833172643c08bb22c1aaacc186b20d', 'sha256': 'ed7c246bb1e03b9772fda546a2dbaeca11fa046f9940b5b40bb624962430289f'}, 'dob': {'date': '1984-01-08T21:27:06.014Z', 'age': 40}, 'registered': {'date': '2013-08-14T20:56:30.328Z', 'age': 10}, 'phone': '0615-6184303', 'cell': '0177-4024423', 'id': {'name': 'SVNR', 'value': '25 080184 H 419'}, 'picture': {'large': 'https://randomuser.me/api/portraits/men/41.jpg', 'medium': 'https://randomuser.me/api/portraits/med/men/41.jpg', 'thumbnail': 'https://randomuser.me/api/portraits/thumb/men/41.jpg'}, 'nat': 'DE'}</msg>
<arg>${json_data['results'][0]}</arg>
<doc>Logs the given message with the given level.</doc>
<status status="PASS" start="2024-07-25T12:29:08.117503" elapsed="0.000451"/>
</kw>
<kw name="Log" owner="BuiltIn">
<msg time="2024-07-25T12:29:08.118389" level="INFO">email</msg>
<arg>${key}</arg>
<doc>Logs the given message with the given level.</doc>
<status status="PASS" start="2024-07-25T12:29:08.118258" elapsed="0.000170"/>
</kw>
<var name="${key}">email</var>
<status status="PASS" start="2024-07-25T12:29:08.116716" elapsed="0.001934"/>
</iter>
<iter>
<kw name="Dictionary Should Contain Key" owner="Collections">
<arg>${json_data['results'][0]}</arg>
<arg>${key}</arg>
<doc>Fails if ``key`` is not found from ``dictionary``.</doc>
<status status="PASS" start="2024-07-25T12:29:08.118936" elapsed="0.000381"/>
</kw>
<kw name="Log" owner="BuiltIn">
<msg time="2024-07-25T12:29:08.119849" level="INFO">{'gender': 'male', 'name': {'title': 'Mr', 'first': 'Dursun', 'last': 'Hackl'}, 'location': {'street': {'number': 6093, 'name': 'Birkenweg'}, 'city': 'Donauwörth', 'state': 'Hamburg', 'country': 'Germany', 'postcode': 76319, 'coordinates': {'latitude': '-50.6024', 'longitude': '-143.7428'}, 'timezone': {'offset': '+7:00', 'description': 'Bangkok, Hanoi, Jakarta'}}, 'email': 'dursun.hackl@example.com', 'login': {'uuid': '34d9235b-4238-49da-ba4a-5b96a29a2d65', 'username': 'crazyostrich393', 'password': 'peach', 'salt': 'qimHJZN0', 'md5': '0a419c86fe6db4df6ca03c987bc5919e', 'sha1': 'f5896bc7fc833172643c08bb22c1aaacc186b20d', 'sha256': 'ed7c246bb1e03b9772fda546a2dbaeca11fa046f9940b5b40bb624962430289f'}, 'dob': {'date': '1984-01-08T21:27:06.014Z', 'age': 40}, 'registered': {'date': '2013-08-14T20:56:30.328Z', 'age': 10}, 'phone': '0615-6184303', 'cell': '0177-4024423', 'id': {'name': 'SVNR', 'value': '25 080184 H 419'}, 'picture': {'large': 'https://randomuser.me/api/portraits/men/41.jpg', 'medium': 'https://randomuser.me/api/portraits/med/men/41.jpg', 'thumbnail': 'https://randomuser.me/api/portraits/thumb/men/41.jpg'}, 'nat': 'DE'}</msg>
<arg>${json_data['results'][0]}</arg>
<doc>Logs the given message with the given level.</doc>
<status status="PASS" start="2024-07-25T12:29:08.119499" elapsed="0.000408"/>
</kw>
<kw name="Log" owner="BuiltIn">
<msg time="2024-07-25T12:29:08.120326" level="INFO">login</msg>
<arg>${key}</arg>
<doc>Logs the given message with the given level.</doc>
<status status="PASS" start="2024-07-25T12:29:08.120200" elapsed="0.000163"/>
</kw>
<var name="${key}">login</var>
<status status="PASS" start="2024-07-25T12:29:08.118826" elapsed="0.001750"/>
</iter>
<var>${key}</var>
<value>@{expected_keys}</value>
<status status="PASS" start="2024-07-25T12:29:08.110586" elapsed="0.010111"/>
</for>
<kw name="Create List" owner="BuiltIn">
<msg time="2024-07-25T12:29:08.121024" level="INFO">${expected_keysTwo} = ['username', 'password']</msg>
<var>${expected_keysTwo}</var>
<arg>username</arg>
<arg>password</arg>
<doc>Returns a list containing given items.</doc>
<status status="PASS" start="2024-07-25T12:29:08.120884" elapsed="0.000165"/>
</kw>
<for flavor="IN">
<iter>
<kw name="Dictionary Should Contain Key" owner="Collections">
<arg>${json_data['results'][0]['login']}</arg>
<arg>${keyTwo}</arg>
<doc>Fails if ``key`` is not found from ``dictionary``.</doc>
<status status="PASS" start="2024-07-25T12:29:08.121572" elapsed="0.000422"/>
</kw>
<kw name="Dictionary Should Contain Key" owner="Collections">
<arg>${json_data['results'][0]['login']}</arg>
<arg>${keyTwo}</arg>
<doc>Fails if ``key`` is not found from ``dictionary``.</doc>
<status status="PASS" start="2024-07-25T12:29:08.122180" elapsed="0.000382"/>
</kw>
<kw name="Log" owner="BuiltIn">
<msg time="2024-07-25T12:29:08.122858" level="INFO">username</msg>
<arg>${keyTwo}</arg>
<doc>Logs the given message with the given level.</doc>
<status status="PASS" start="2024-07-25T12:29:08.122739" elapsed="0.000154"/>
</kw>
<var name="${keyTwo}">username</var>
<status status="PASS" start="2024-07-25T12:29:08.121464" elapsed="0.001646"/>
</iter>
<iter>
<kw name="Dictionary Should Contain Key" owner="Collections">
<arg>${json_data['results'][0]['login']}</arg>
<arg>${keyTwo}</arg>
<doc>Fails if ``key`` is not found from ``dictionary``.</doc>
<status status="PASS" start="2024-07-25T12:29:08.123393" elapsed="0.000376"/>
</kw>
<kw name="Dictionary Should Contain Key" owner="Collections">
<arg>${json_data['results'][0]['login']}</arg>
<arg>${keyTwo}</arg>
<doc>Fails if ``key`` is not found from ``dictionary``.</doc>
<status status="PASS" start="2024-07-25T12:29:08.123945" elapsed="0.000371"/>
</kw>
<kw name="Log" owner="BuiltIn">
<msg time="2024-07-25T12:29:08.124614" level="INFO">password</msg>
<arg>${keyTwo}</arg>
<doc>Logs the given message with the given level.</doc>
<status status="PASS" start="2024-07-25T12:29:08.124490" elapsed="0.000161"/>
</kw>
<var name="${keyTwo}">password</var>
<status status="PASS" start="2024-07-25T12:29:08.123283" elapsed="0.001586"/>
</iter>
<var>${keyTwo}</var>
<value>@{expected_keysTwo}</value>
<status status="PASS" start="2024-07-25T12:29:08.121310" elapsed="0.003679"/>
</for>
<status status="PASS" start="2024-07-25T12:29:08.024392" elapsed="0.100735"/>
</kw>
<doc>Testa a estrutura da resposta da API.</doc>
<tag>testeEstruturaResposta</tag>
<status status="PASS" start="2024-07-25T12:29:08.023600" elapsed="0.101680"/>
</test>
<test id="s1-s1-t4" name="Validar tipos de dados" line="28">
<kw name="Teste de Tipos de Dados" owner="random-user-service">
<kw name="GET On Session" owner="RequestsLibrary">
<msg time="2024-07-25T12:29:08.206728" level="INFO">GET Request : url=https://randomuser.me/api 
 path_url=/api 
 headers={'User-Agent': 'python-requests/2.32.3', 'Accept-Encoding': 'gzip, deflate', 'Accept': '*/*', 'Connection': 'keep-alive'} 
 body=None 
 </msg>
<msg time="2024-07-25T12:29:08.206810" level="INFO">GET Response : url=https://randomuser.me/api 
 status=200, reason=OK 
 headers={'Date': 'Thu, 25 Jul 2024 12:29:08 GMT', 'Content-Type': 'application/json; charset=utf-8', 'Transfer-Encoding': 'chunked', 'Connection': 'keep-alive', 'X-Powered-By': 'Express', 'Access-Control-Allow-Origin': '*', 'Cache-Control': 'no-cache', 'ETag': 'W/"484-9VCZdpprlqjcyZLlDq4ufWTQuTI"', 'Vary': 'Accept-Encoding', 'Content-Encoding': 'gzip', 'CF-Cache-Status': 'DYNAMIC', 'Report-To': '{"endpoints":[{"url":"https:\\/\\/a.nel.cloudflare.com\\/report\\/v4?s=000dJFcdM4htQvYSyqnnZdNEhYPmPY11pJulnPYoOcnnkwDwsUioSVG5VuE3uPSd4akLb%2B4qUJhWQYFD5eOU3xvLoazCJiyDXPvwq3K4H4Rz%2Fd558tn1b%2FrOKUGSjZIb"}],"group":"cf-nel","max_age":604800}', 'NEL': '{"success_fraction":0,"report_to":"cf-nel","max_age":604800}', 'Server': 'cloudflare', 'CF-RAY': '8a8c275dce40111e-ORD', 'alt-svc': 'h3=":443"; ma=86400'} 
 body={"results":[{"gender":"male","name":{"title":"Mr","first":"Oliver","last":"Li"},"location":{"street":{"number":9960,"name":"Cashel Street"},"city":"New Plymouth","state":"Southland","country":"New Zealand","postcode":33566,"coordinates":{"latitude":"54.4265","longitude":"-70.5622"},"timezone":{"offset":"+10:00","description":"Eastern Australia, Guam, Vladivostok"}},"email":"oliver.li@example.com","login":{"uuid":"c7ff18a4-badb-4670-b4d3-94733afcede0","username":"smallduck616","password":"cong","salt":"UN2RyDaD","md5":"427483ef4853d95fea8144ac96540ae2","sha1":"7833486ba771702e540392908a46697a70bebdd9","sha256":"749efd79f4577cbe62ec005fb93736597bd5c7533a9b5ea46cb02eb195a19401"},"dob":{"date":"1959-11-16T10:02:59.870Z","age":64},"registered":{"date":"2011-08-23T22:39:06.028Z","age":12},"phone":"(269)-788-8065","cell":"(610)-114-6923","id":{"name":"","value":null},"picture":{"large":"https://randomuser.me/api/portraits/men/22.jpg","medium":"https://randomuser.me/api/portraits/med/men/22.jpg","thumbnail":"https://randomuser.me/api/portraits/thumb/men/22.jpg"},"nat":"NZ"}],"info":{"seed":"2edfc0d60400b674","results":1,"page":1,"version":"1.4"}} 
 </msg>
<msg time="2024-07-25T12:29:08.206886" level="INFO">/opt/hostedtoolcache/Python/3.12.4/x64/lib/python3.12/site-packages/urllib3/connectionpool.py:1099: InsecureRequestWarning: Unverified HTTPS request is being made to host 'randomuser.me'. Adding certificate verification is strongly advised. See: https://urllib3.readthedocs.io/en/latest/advanced-usage.html#tls-warnings
  warnings.warn(</msg>
<msg time="2024-07-25T12:29:08.206999" level="INFO">${response} = &lt;Response [200]&gt;</msg>
<var>${response}</var>
<arg>consultarAPI</arg>
<arg>/api</arg>
<doc>Sends a GET request on a previously created HTTP Session.</doc>
<status status="PASS" start="2024-07-25T12:29:08.127811" elapsed="0.079249"/>
</kw>
<kw name="Set Variable" owner="BuiltIn">
<msg time="2024-07-25T12:29:08.208217" level="INFO">${json_data} = {'results': [{'gender': 'male', 'name': {'title': 'Mr', 'first': 'Oliver', 'last': 'Li'}, 'location': {'street': {'number': 9960, 'name': 'Cashel Street'}, 'city': 'New Plymouth', 'state': 'Southland'...</msg>
<var>${json_data}</var>
<arg>${response.json()}</arg>
<doc>Returns the given values which can then be assigned to a variables.</doc>
<status status="PASS" start="2024-07-25T12:29:08.207598" elapsed="0.000647"/>
</kw>
<kw name="Log" owner="BuiltIn">
<msg time="2024-07-25T12:29:08.208698" level="INFO">{'results': [{'gender': 'male', 'name': {'title': 'Mr', 'first': 'Oliver', 'last': 'Li'}, 'location': {'street': {'number': 9960, 'name': 'Cashel Street'}, 'city': 'New Plymouth', 'state': 'Southland', 'country': 'New Zealand', 'postcode': 33566, 'coordinates': {'latitude': '54.4265', 'longitude': '-70.5622'}, 'timezone': {'offset': '+10:00', 'description': 'Eastern Australia, Guam, Vladivostok'}}, 'email': 'oliver.li@example.com', 'login': {'uuid': 'c7ff18a4-badb-4670-b4d3-94733afcede0', 'username': 'smallduck616', 'password': 'cong', 'salt': 'UN2RyDaD', 'md5': '427483ef4853d95fea8144ac96540ae2', 'sha1': '7833486ba771702e540392908a46697a70bebdd9', 'sha256': '749efd79f4577cbe62ec005fb93736597bd5c7533a9b5ea46cb02eb195a19401'}, 'dob': {'date': '1959-11-16T10:02:59.870Z', 'age': 64}, 'registered': {'date': '2011-08-23T22:39:06.028Z', 'age': 12}, 'phone': '(269)-788-8065', 'cell': '(610)-114-6923', 'id': {'name': '', 'value': None}, 'picture': {'large': 'https://randomuser.me/api/portraits/men/22.jpg', 'medium': 'https://randomuser.me/api/portraits/med/men/22.jpg', 'thumbnail': 'https://randomuser.me/api/portraits/thumb/men/22.jpg'}, 'nat': 'NZ'}], 'info': {'seed': '2edfc0d60400b674', 'results': 1, 'page': 1, 'version': '1.4'}}</msg>
<arg>${json_data}</arg>
<doc>Logs the given message with the given level.</doc>
<status status="PASS" start="2024-07-25T12:29:08.208549" elapsed="0.000196"/>
</kw>
<kw name="Should Be String" owner="String">
<arg>${json_data['results'][0]['gender']}</arg>
<doc>Fails if the given ``item`` is not a string.</doc>
<status status="PASS" start="2024-07-25T12:29:08.209030" elapsed="0.000367"/>
</kw>
<kw name="Should Match Regexp" owner="BuiltIn">
<arg>${json_data['results'][0]['email']}</arg>
<arg>^[a-zA-Z0-9._%+-]+@[a-zA-Z0-9.-]+\.[a-zA-Z]{2,}$</arg>
<doc>Fails if ``string`` does not match ``pattern`` as a regular expression.</doc>
<status status="PASS" start="2024-07-25T12:29:08.209583" elapsed="0.000564"/>
</kw>
<kw name="Should Match Regexp" owner="BuiltIn">
<arg>${json_data['results'][0]['dob']['date']}</arg>
<arg>\\d{4}-\\d{2}-\\d{2}T\\d{2}:\\d{2}:\\d{2}\\.\\d{3}Z</arg>
<doc>Fails if ``string`` does not match ``pattern`` as a regular expression.</doc>
<status status="PASS" start="2024-07-25T12:29:08.210373" elapsed="0.000597"/>
</kw>
<kw name="Should Match Regexp" owner="BuiltIn">
<arg>${json_data['results'][0]['registered']['date']}</arg>
<arg>\\d{4}-\\d{2}-\\d{2}T\\d{2}:\\d{2}:\\d{2}\\.\\d{3}Z</arg>
<doc>Fails if ``string`` does not match ``pattern`` as a regular expression.</doc>
<status status="PASS" start="2024-07-25T12:29:08.211160" elapsed="0.000381"/>
</kw>
<kw name="Should Match Regexp" owner="BuiltIn">
<arg>${json_data['results'][0]['picture']['large']}</arg>
<arg>^https?://.*\.(?:png|jpe?g|gif|bmp)$</arg>
<doc>Fails if ``string`` does not match ``pattern`` as a regular expression.</doc>
<status status="PASS" start="2024-07-25T12:29:08.211722" elapsed="0.000452"/>
</kw>
<kw name="Should Match Regexp" owner="BuiltIn">
<arg>${json_data['results'][0]['picture']['medium']}</arg>
<arg>^https?://.*\.(?:png|jpe?g|gif|bmp)$</arg>
<doc>Fails if ``string`` does not match ``pattern`` as a regular expression.</doc>
<status status="PASS" start="2024-07-25T12:29:08.212357" elapsed="0.000348"/>
</kw>
<kw name="Should Match Regexp" owner="BuiltIn">
<arg>${json_data['results'][0]['picture']['thumbnail']}</arg>
<arg>^https?://.*\.(?:png|jpe?g|gif|bmp)$</arg>
<doc>Fails if ``string`` does not match ``pattern`` as a regular expression.</doc>
<status status="PASS" start="2024-07-25T12:29:08.212883" elapsed="0.000345"/>
</kw>
<kw name="Log" owner="BuiltIn">
<msg time="2024-07-25T12:29:08.213725" level="INFO">{'large': 'https://randomuser.me/api/portraits/men/22.jpg', 'medium': 'https://randomuser.me/api/portraits/med/men/22.jpg', 'thumbnail': 'https://randomuser.me/api/portraits/thumb/men/22.jpg'}</msg>
<arg>${json_data['results'][0]['picture']}</arg>
<doc>Logs the given message with the given level.</doc>
<status status="PASS" start="2024-07-25T12:29:08.213408" elapsed="0.000388"/>
</kw>
<status status="PASS" start="2024-07-25T12:29:08.127586" elapsed="0.086467"/>
</kw>
<kw name="Teste de Tipos de Dados - Postcode" owner="random-user-service">
<kw name="GET On Session" owner="RequestsLibrary">
<msg time="2024-07-25T12:29:08.312790" level="INFO">GET Request : url=https://randomuser.me/api 
 path_url=/api 
 headers={'User-Agent': 'python-requests/2.32.3', 'Accept-Encoding': 'gzip, deflate', 'Accept': '*/*', 'Connection': 'keep-alive'} 
 body=None 
 </msg>
<msg time="2024-07-25T12:29:08.312865" level="INFO">GET Response : url=https://randomuser.me/api 
 status=200, reason=OK 
 headers={'Date': 'Thu, 25 Jul 2024 12:29:08 GMT', 'Content-Type': 'application/json; charset=utf-8', 'Transfer-Encoding': 'chunked', 'Connection': 'keep-alive', 'X-Powered-By': 'Express', 'Access-Control-Allow-Origin': '*', 'Cache-Control': 'no-cache', 'ETag': 'W/"4a0-2WwFd0+plxI6I+ecotodvmtCuQw"', 'Vary': 'Accept-Encoding', 'Content-Encoding': 'gzip', 'CF-Cache-Status': 'DYNAMIC', 'Report-To': '{"endpoints":[{"url":"https:\\/\\/a.nel.cloudflare.com\\/report\\/v4?s=CEOLPDRgKW%2FylxcPKJOq2hGLG1MHxDaD%2BbAa7LiqvBJtsOuZ%2BzRjManTAXuDLXDgTZI62pf48edYf4pfM48UDfZuUf4WNu7RTgnP5U2853nW5avj%2FBA2ChuPY4j5Pcj0"}],"group":"cf-nel","max_age":604800}', 'NEL': '{"success_fraction":0,"report_to":"cf-nel","max_age":604800}', 'Server': 'cloudflare', 'CF-RAY': '8a8c275e5f3d111e-ORD', 'alt-svc': 'h3=":443"; ma=86400'} 
 body={"results":[{"gender":"male","name":{"title":"Mr","first":"Barry","last":"Butler"},"location":{"street":{"number":9988,"name":"Hamilton Ave"},"city":"Albury","state":"Australian Capital Territory","country":"Australia","postcode":5568,"coordinates":{"latitude":"-88.1869","longitude":"-107.9654"},"timezone":{"offset":"-4:00","description":"Atlantic Time (Canada), Caracas, La Paz"}},"email":"barry.butler@example.com","login":{"uuid":"114f5010-1cdb-4947-be7f-970a014839bd","username":"heavyzebra648","password":"teresa","salt":"gXZTMrCB","md5":"809aee1fb7e4a12d0dc476966512066c","sha1":"7bae7ac47037f56e7dcd9174fb33437a0776c224","sha256":"6061353c8a43f139e843b9aba70687a601de56d9dcaa684e97408cbb807b7170"},"dob":{"date":"1971-04-19T05:48:38.482Z","age":53},"registered":{"date":"2002-07-16T12:49:27.548Z","age":22},"phone":"00-0252-5789","cell":"0462-257-107","id":{"name":"TFN","value":"189783231"},"picture":{"large":"https://randomuser.me/api/portraits/men/67.jpg","medium":"https://randomuser.me/api/portraits/med/men/67.jpg","thumbnail":"https://randomuser.me/api/portraits/thumb/men/67.jpg"},"nat":"AU"}],"info":{"seed":"09b8094ddb86ccb1","results":1,"page":1,"version":"1.4"}} 
 </msg>
<msg time="2024-07-25T12:29:08.312933" level="INFO">/opt/hostedtoolcache/Python/3.12.4/x64/lib/python3.12/site-packages/urllib3/connectionpool.py:1099: InsecureRequestWarning: Unverified HTTPS request is being made to host 'randomuser.me'. Adding certificate verification is strongly advised. See: https://urllib3.readthedocs.io/en/latest/advanced-usage.html#tls-warnings
  warnings.warn(</msg>
<msg time="2024-07-25T12:29:08.313038" level="INFO">${response} = &lt;Response [200]&gt;</msg>
<var>${response}</var>
<arg>consultarAPI</arg>
<arg>/api</arg>
<doc>Sends a GET request on a previously created HTTP Session.</doc>
<status status="PASS" start="2024-07-25T12:29:08.214488" elapsed="0.098600"/>
</kw>
<kw name="Set Variable" owner="BuiltIn">
<msg time="2024-07-25T12:29:08.314192" level="INFO">${json_data} = {'results': [{'gender': 'male', 'name': {'title': 'Mr', 'first': 'Barry', 'last': 'Butler'}, 'location': {'street': {'number': 9988, 'name': 'Hamilton Ave'}, 'city': 'Albury', 'state': 'Australian Cap...</msg>
<var>${json_data}</var>
<arg>${response.json()}</arg>
<doc>Returns the given values which can then be assigned to a variables.</doc>
<status status="PASS" start="2024-07-25T12:29:08.313605" elapsed="0.000615"/>
</kw>
<kw name="Log" owner="BuiltIn">
<msg time="2024-07-25T12:29:08.314679" level="INFO">{'results': [{'gender': 'male', 'name': {'title': 'Mr', 'first': 'Barry', 'last': 'Butler'}, 'location': {'street': {'number': 9988, 'name': 'Hamilton Ave'}, 'city': 'Albury', 'state': 'Australian Capital Territory', 'country': 'Australia', 'postcode': 5568, 'coordinates': {'latitude': '-88.1869', 'longitude': '-107.9654'}, 'timezone': {'offset': '-4:00', 'description': 'Atlantic Time (Canada), Caracas, La Paz'}}, 'email': 'barry.butler@example.com', 'login': {'uuid': '114f5010-1cdb-4947-be7f-970a014839bd', 'username': 'heavyzebra648', 'password': 'teresa', 'salt': 'gXZTMrCB', 'md5': '809aee1fb7e4a12d0dc476966512066c', 'sha1': '7bae7ac47037f56e7dcd9174fb33437a0776c224', 'sha256': '6061353c8a43f139e843b9aba70687a601de56d9dcaa684e97408cbb807b7170'}, 'dob': {'date': '1971-04-19T05:48:38.482Z', 'age': 53}, 'registered': {'date': '2002-07-16T12:49:27.548Z', 'age': 22}, 'phone': '00-0252-5789', 'cell': '0462-257-107', 'id': {'name': 'TFN', 'value': '189783231'}, 'picture': {'large': 'https://randomuser.me/api/portraits/men/67.jpg', 'medium': 'https://randomuser.me/api/portraits/med/men/67.jpg', 'thumbnail': 'https://randomuser.me/api/portraits/thumb/men/67.jpg'}, 'nat': 'AU'}], 'info': {'seed': '09b8094ddb86ccb1', 'results': 1, 'page': 1, 'version': '1.4'}}</msg>
<arg>${json_data}</arg>
<doc>Logs the given message with the given level.</doc>
<status status="PASS" start="2024-07-25T12:29:08.314529" elapsed="0.000195"/>
</kw>
<kw name="Should Be Equal As Numbers" owner="BuiltIn">
<arg>${json_data['results'][0]['location']['postcode']}</arg>
<arg>${json_data['results'][0]['location']['postcode']}</arg>
<doc>Fails if objects are unequal after converting them to real numbers.</doc>
<status status="PASS" start="2024-07-25T12:29:08.315014" elapsed="0.000617"/>
</kw>
<kw name="Log" owner="BuiltIn">
<msg time="2024-07-25T12:29:08.316160" level="INFO">5568</msg>
<arg>${json_data['results'][0]['location']['postcode']}</arg>
<doc>Logs the given message with the given level.</doc>
<status status="PASS" start="2024-07-25T12:29:08.315823" elapsed="0.000376"/>
</kw>
<status status="PASS" start="2024-07-25T12:29:08.214265" elapsed="0.102208"/>
</kw>
<doc>Testa se os tipos de dados na resposta da API estão corretos.</doc>
<tag>testeTiposDados</tag>
<status status="PASS" start="2024-07-25T12:29:08.127050" elapsed="0.189592"/>
</test>
<test id="s1-s1-t5" name="Validar conteudo" line="35">
<kw name="Teste de Tipos de Conteudo" owner="random-user-service">
<kw name="GET On Session" owner="RequestsLibrary">
<msg time="2024-07-25T12:29:08.414078" level="INFO">GET Request : url=https://randomuser.me/api 
 path_url=/api 
 headers={'User-Agent': 'python-requests/2.32.3', 'Accept-Encoding': 'gzip, deflate', 'Accept': '*/*', 'Connection': 'keep-alive'} 
 body=None 
 </msg>
<msg time="2024-07-25T12:29:08.414163" level="INFO">GET Response : url=https://randomuser.me/api 
 status=200, reason=OK 
 headers={'Date': 'Thu, 25 Jul 2024 12:29:08 GMT', 'Content-Type': 'application/json; charset=utf-8', 'Transfer-Encoding': 'chunked', 'Connection': 'keep-alive', 'X-Powered-By': 'Express', 'Access-Control-Allow-Origin': '*', 'Cache-Control': 'no-cache', 'ETag': 'W/"48a-7Ay7Eneis1UXaeNoevdQElQAHFI"', 'Vary': 'Accept-Encoding', 'Content-Encoding': 'gzip', 'CF-Cache-Status': 'DYNAMIC', 'Report-To': '{"endpoints":[{"url":"https:\\/\\/a.nel.cloudflare.com\\/report\\/v4?s=OL9vhWtvCQwTx5xiHcfcbaq3T0ZSBcOgajPuQuZEpgQ6Uz2WNuIEiNO%2FXLqfqvv%2FakWDOqu0jqN6zkl%2FlT67rPMTcrWSL5lgAr0%2F9VnkQUOK5Paz7i0OGh%2FEVV6DiARz"}],"group":"cf-nel","max_age":604800}', 'NEL': '{"success_fraction":0,"report_to":"cf-nel","max_age":604800}', 'Server': 'cloudflare', 'CF-RAY': '8a8c275f0fe5111e-ORD', 'alt-svc': 'h3=":443"; ma=86400'} 
 body={"results":[{"gender":"male","name":{"title":"Mr","first":"Isaac","last":"Moya"},"location":{"street":{"number":8062,"name":"Calle de Atocha"},"city":"Granada","state":"Región de Murcia","country":"Spain","postcode":71202,"coordinates":{"latitude":"-30.0400","longitude":"-71.7818"},"timezone":{"offset":"+4:00","description":"Abu Dhabi, Muscat, Baku, Tbilisi"}},"email":"isaac.moya@example.com","login":{"uuid":"799c65fa-b444-440f-931a-2f3d36153d87","username":"bigostrich240","password":"chapman","salt":"Sqsqqa7J","md5":"9750fa47092dfc4a58c1db9fe01b38af","sha1":"1664fe8e4951a8a86b28d502973b94a279d54b83","sha256":"9660bb2690a0c4297cc41621b1c4e097e1a597bf630989fa7df89cfab965230a"},"dob":{"date":"1999-12-14T14:45:01.636Z","age":24},"registered":{"date":"2007-01-03T23:49:28.352Z","age":17},"phone":"914-132-854","cell":"622-212-066","id":{"name":"DNI","value":"37924109-Z"},"picture":{"large":"https://randomuser.me/api/portraits/men/82.jpg","medium":"https://randomuser.me/api/portraits/med/men/82.jpg","thumbnail":"https://randomuser.me/api/portraits/thumb/men/82.jpg"},"nat":"ES"}],"info":{"seed":"a2a7417c37cc1d14","results":1,"page":1,"version":"1.4"}} 
 </msg>
<msg time="2024-07-25T12:29:08.414245" level="INFO">/opt/hostedtoolcache/Python/3.12.4/x64/lib/python3.12/site-packages/urllib3/connectionpool.py:1099: InsecureRequestWarning: Unverified HTTPS request is being made to host 'randomuser.me'. Adding certificate verification is strongly advised. See: https://urllib3.readthedocs.io/en/latest/advanced-usage.html#tls-warnings
  warnings.warn(</msg>
<msg time="2024-07-25T12:29:08.414362" level="INFO">${response} = &lt;Response [200]&gt;</msg>
<var>${response}</var>
<arg>consultarAPI</arg>
<arg>/api</arg>
<doc>Sends a GET request on a previously created HTTP Session.</doc>
<status status="PASS" start="2024-07-25T12:29:08.319132" elapsed="0.095283"/>
</kw>
<kw name="Set Variable" owner="BuiltIn">
<msg time="2024-07-25T12:29:08.415548" level="INFO">${json_data} = {'results': [{'gender': 'male', 'name': {'title': 'Mr', 'first': 'Isaac', 'last': 'Moya'}, 'location': {'street': {'number': 8062, 'name': 'Calle de Atocha'}, 'city': 'Granada', 'state': 'Región de Mu...</msg>
<var>${json_data}</var>
<arg>${response.json()}</arg>
<doc>Returns the given values which can then be assigned to a variables.</doc>
<status status="PASS" start="2024-07-25T12:29:08.414956" elapsed="0.000622"/>
</kw>
<kw name="Set Variable" owner="BuiltIn">
<msg time="2024-07-25T12:29:08.416269" level="INFO">${name_title} = Mr</msg>
<var>${name_title}</var>
<arg>${json_data["results"][0]["name"]["title"]}</arg>
<doc>Returns the given values which can then be assigned to a variables.</doc>
<status status="PASS" start="2024-07-25T12:29:08.415885" elapsed="0.000409"/>
</kw>
<kw name="Create List" owner="BuiltIn">
<msg time="2024-07-25T12:29:08.416734" level="INFO">${allowed_titles} = ['Mr', 'Ms', 'Miss', 'Mrs', 'Madame', 'Monsieur']</msg>
<var>${allowed_titles}</var>
<arg>Mr</arg>
<arg>Ms</arg>
<arg>Miss</arg>
<arg>Mrs</arg>
<arg>Madame</arg>
<arg>Monsieur</arg>
<doc>Returns a list containing given items.</doc>
<status status="PASS" start="2024-07-25T12:29:08.416586" elapsed="0.000173"/>
</kw>
<kw name="List Should Contain Value" owner="Collections">
<arg>${allowed_titles}</arg>
<arg>${name_title}</arg>
<doc>Fails if the ``value`` is not found from ``list``.</doc>
<status status="PASS" start="2024-07-25T12:29:08.417054" elapsed="0.000180"/>
</kw>
<kw name="Set Variable" owner="BuiltIn">
<msg time="2024-07-25T12:29:08.417823" level="INFO">${name_country} = ES</msg>
<var>${name_country}</var>
<arg>${json_data["results"][0]["nat"]}</arg>
<doc>Returns the given values which can then be assigned to a variables.</doc>
<status status="PASS" start="2024-07-25T12:29:08.417413" elapsed="0.000443"/>
</kw>
<kw name="Create List" owner="BuiltIn">
<msg time="2024-07-25T12:29:08.418741" level="INFO">${list_country} = ['AD', 'AE', 'AF', 'AG', 'AI', 'AL', 'AM', 'AO', 'AQ', 'AR', 'AS', 'AT', 'AU', 'AW', 'AX', 'AZ', 'BA', 'BB', 'BD', 'BE', 'BF', 'BG', 'BH', 'BI', 'BJ', 'BL', 'BM', 'BN', 'BO', 'BQ', 'BR', 'BS', 'BT', '...</msg>
<var>${list_country}</var>
<arg>AD</arg>
<arg>AE</arg>
<arg>AF</arg>
<arg>AG</arg>
<arg>AI</arg>
<arg>AL</arg>
<arg>AM</arg>
<arg>AO</arg>
<arg>AQ</arg>
<arg>AR</arg>
<arg>AS</arg>
<arg>AT</arg>
<arg>AU</arg>
<arg>AW</arg>
<arg>AX</arg>
<arg>AZ</arg>
<arg>BA</arg>
<arg>BB</arg>
<arg>BD</arg>
<arg>BE</arg>
<arg>BF</arg>
<arg>BG</arg>
<arg>BH</arg>
<arg>BI</arg>
<arg>BJ</arg>
<arg>BL</arg>
<arg>BM</arg>
<arg>BN</arg>
<arg>BO</arg>
<arg>BQ</arg>
<arg>BR</arg>
<arg>BS</arg>
<arg>BT</arg>
<arg>BV</arg>
<arg>BW</arg>
<arg>BY</arg>
<arg>BZ</arg>
<arg>CA</arg>
<arg>CC</arg>
<arg>CD</arg>
<arg>CF</arg>
<arg>CG</arg>
<arg>CH</arg>
<arg>CI</arg>
<arg>CK</arg>
<arg>CL</arg>
<arg>CM</arg>
<arg>CN</arg>
<arg>CO</arg>
<arg>CR</arg>
<arg>CU</arg>
<arg>CV</arg>
<arg>CW</arg>
<arg>CX</arg>
<arg>CY</arg>
<arg>CZ</arg>
<arg>DE</arg>
<arg>DJ</arg>
<arg>DK</arg>
<arg>DM</arg>
<arg>DO</arg>
<arg>DZ</arg>
<arg>EC</arg>
<arg>EE</arg>
<arg>EG</arg>
<arg>EH</arg>
<arg>ER</arg>
<arg>ES</arg>
<arg>ET</arg>
<arg>FI</arg>
<arg>FJ</arg>
<arg>FK</arg>
<arg>FM</arg>
<arg>FO</arg>
<arg>FR</arg>
<arg>GA</arg>
<arg>GB</arg>
<arg>GD</arg>
<arg>GE</arg>
<arg>GF</arg>
<arg>GG</arg>
<arg>GH</arg>
<arg>GI</arg>
<arg>GL</arg>
<arg>GM</arg>
<arg>GN</arg>
<arg>GP</arg>
<arg>GQ</arg>
<arg>GR</arg>
<arg>GS</arg>
<arg>GT</arg>
<arg>GU</arg>
<arg>GW</arg>
<arg>GY</arg>
<arg>HK</arg>
<arg>HM</arg>
<arg>HN</arg>
<arg>HR</arg>
<arg>HT</arg>
<arg>HU</arg>
<arg>ID</arg>
<arg>IE</arg>
<arg>IL</arg>
<arg>IM</arg>
<arg>IN</arg>
<arg>IO</arg>
<arg>IQ</arg>
<arg>IR</arg>
<arg>IS</arg>
<arg>IT</arg>
<arg>JE</arg>
<arg>JM</arg>
<arg>JO</arg>
<arg>JP</arg>
<arg>KE</arg>
<arg>KG</arg>
<arg>KH</arg>
<arg>KI</arg>
<arg>KM</arg>
<arg>KN</arg>
<arg>KP</arg>
<arg>KR</arg>
<arg>KW</arg>
<arg>KY</arg>
<arg>KZ</arg>
<arg>LA</arg>
<arg>LB</arg>
<arg>LC</arg>
<arg>LI</arg>
<arg>LK</arg>
<arg>LR</arg>
<arg>LS</arg>
<arg>LT</arg>
<arg>LU</arg>
<arg>LV</arg>
<arg>LY</arg>
<arg>MA</arg>
<arg>MC</arg>
<arg>MD</arg>
<arg>ME</arg>
<arg>MF</arg>
<arg>MG</arg>
<arg>MH</arg>
<arg>MK</arg>
<arg>ML</arg>
<arg>MM</arg>
<arg>MN</arg>
<arg>MO</arg>
<arg>MP</arg>
<arg>MQ</arg>
<arg>MR</arg>
<arg>MS</arg>
<arg>MT</arg>
<arg>MU</arg>
<arg>MV</arg>
<arg>MW</arg>
<arg>MX</arg>
<arg>MY</arg>
<arg>MZ</arg>
<arg>NA</arg>
<arg>NC</arg>
<arg>NE</arg>
<arg>NF</arg>
<arg>NG</arg>
<arg>NI</arg>
<arg>NL</arg>
<arg>NO</arg>
<arg>NP</arg>
<arg>NR</arg>
<arg>NU</arg>
<arg>NZ</arg>
<arg>OM</arg>
<arg>PA</arg>
<arg>PE</arg>
<arg>PF</arg>
<arg>PG</arg>
<arg>PH</arg>
<arg>PK</arg>
<arg>PL</arg>
<arg>PM</arg>
<arg>PN</arg>
<arg>PR</arg>
<arg>PS</arg>
<arg>PT</arg>
<arg>PW</arg>
<arg>PY</arg>
<arg>QA</arg>
<arg>RE</arg>
<arg>RO</arg>
<arg>RS</arg>
<arg>RU</arg>
<arg>RW</arg>
<arg>SA</arg>
<arg>SB</arg>
<arg>SC</arg>
<arg>SD</arg>
<arg>SE</arg>
<arg>SG</arg>
<arg>SH</arg>
<arg>SI</arg>
<arg>SJ</arg>
<arg>SK</arg>
<arg>SL</arg>
<arg>SM</arg>
<arg>SN</arg>
<arg>SO</arg>
<arg>SR</arg>
<arg>SS</arg>
<arg>ST</arg>
<arg>SV</arg>
<arg>SX</arg>
<arg>SY</arg>
<arg>SZ</arg>
<arg>TC</arg>
<arg>TD</arg>
<arg>TF</arg>
<arg>TG</arg>
<arg>TH</arg>
<arg>TJ</arg>
<arg>TK</arg>
<arg>TL</arg>
<arg>TM</arg>
<arg>TN</arg>
<arg>TO</arg>
<arg>TR</arg>
<arg>TT</arg>
<arg>TV</arg>
<arg>TW</arg>
<arg>TZ</arg>
<arg>UA</arg>
<arg>UG</arg>
<arg>UM</arg>
<arg>US</arg>
<arg>UY</arg>
<arg>UZ</arg>
<arg>VA</arg>
<arg>VC</arg>
<arg>VE</arg>
<arg>VG</arg>
<arg>VI</arg>
<arg>VN</arg>
<arg>VU</arg>
<arg>WF</arg>
<arg>WS</arg>
<arg>XK</arg>
<arg>YE</arg>
<arg>YT</arg>
<arg>ZA</arg>
<arg>ZM</arg>
<arg>ZW</arg>
<doc>Returns a list containing given items.</doc>
<status status="PASS" start="2024-07-25T12:29:08.418150" elapsed="0.000616"/>
</kw>
<kw name="List Should Contain Value" owner="Collections">
<arg>${list_country}</arg>
<arg>${name_country}</arg>
<doc>Fails if the ``value`` is not found from ``list``.</doc>
<status status="PASS" start="2024-07-25T12:29:08.419693" elapsed="0.000207"/>
</kw>
<kw name="Run Keyword If" owner="BuiltIn">
<kw name="Should Be True" owner="BuiltIn">
<arg>${True}</arg>
<doc>Fails if the given condition is not true.</doc>
<status status="PASS" start="2024-07-25T12:29:08.420830" elapsed="0.000141"/>
</kw>
<arg>${json_data["results"][0]["location"]["coordinates"]["latitude"]} &gt;= -90 and ${json_data["results"][0]["location"]["coordinates"]["latitude"]} &lt;= 90</arg>
<arg>Should Be True</arg>
<arg>${True}</arg>
<doc>Runs the given keyword with the given arguments, if ``condition`` is true.</doc>
<status status="PASS" start="2024-07-25T12:29:08.420097" elapsed="0.000998"/>
</kw>
<kw name="Run Keyword If" owner="BuiltIn">
<kw name="Should Be True" owner="BuiltIn">
<arg>${True}</arg>
<doc>Fails if the given condition is not true.</doc>
<status status="PASS" start="2024-07-25T12:29:08.421992" elapsed="0.000137"/>
</kw>
<arg>${json_data["results"][0]["location"]["coordinates"]["longitude"]} &gt;= -180 and ${json_data["results"][0]["location"]["coordinates"]["longitude"]} &lt;= 180</arg>
<arg>Should Be True</arg>
<arg>${True}</arg>
<doc>Runs the given keyword with the given arguments, if ``condition`` is true.</doc>
<status status="PASS" start="2024-07-25T12:29:08.421274" elapsed="0.000977"/>
</kw>
<status status="PASS" start="2024-07-25T12:29:08.318912" elapsed="0.103466"/>
</kw>
<doc>Testa o conteúdo específico dos campos retornados pela API.</doc>
<tag>testeConteudo</tag>
<status status="PASS" start="2024-07-25T12:29:08.318396" elapsed="0.104123"/>
</test>
<status status="PASS" start="2024-07-25T12:29:07.405105" elapsed="1.019332"/>
</suite>
<status status="PASS" start="2024-07-25T12:29:07.390696" elapsed="1.038843"/>
</suite>
<statistics>
<total>
<stat pass="5" fail="0" skip="0">All Tests</stat>
</total>
<tag>
<stat pass="1" fail="0" skip="0">testeConteudo</stat>
<stat pass="1" fail="0" skip="0">testeEstruturaResposta</stat>
<stat pass="1" fail="0" skip="0">testeRequisicaoBasica</stat>
<stat pass="1" fail="0" skip="0">testeTiposDados</stat>
</tag>
<suite>
<stat pass="5" fail="0" skip="0" id="s1" name="Tests">Tests</stat>
<stat pass="5" fail="0" skip="0" id="s1-s1" name="Random-User-Test">Tests.Random-User-Test</stat>
</suite>
</statistics>
<errors>
</errors>
</robot>
