<?xml version="1.0" encoding="UTF-8"?>
<robot generator="Robot 7.0 (Python 3.12.2 on linux)" generated="2024-04-07T07:11:51.150680" rpa="false" schemaversion="5">
<suite id="s1" name="Tests" source="/home/runner/work/DesafioQAItauRogerioJordao/DesafioQAItauRogerioJordao/RamdonUser/tests">
<suite id="s1-s1" name="Random-User-Test" source="/home/runner/work/DesafioQAItauRogerioJordao/DesafioQAItauRogerioJordao/RamdonUser/tests/random-user-test.robot">
<test id="s1-s1-t1" name="Conectar" line="13">
<kw name="Conectar API" owner="random-user-service">
<kw name="Create Session" owner="RequestsLibrary">
<msg time="2024-04-07T07:11:51.544450" level="INFO">Creating Session using : alias=consultarAPI, url=https://randomuser.me/, headers={},                     cookies={}, auth=None, timeout=None, proxies=None, verify=False,                     debug=0 </msg>
<arg>consultarAPI</arg>
<arg>${URL}</arg>
<doc>Create Session: create a HTTP session to a server</doc>
<status status="PASS" start="2024-04-07T07:11:51.544248" elapsed="0.000381"/>
</kw>
<status status="PASS" start="2024-04-07T07:11:51.543199" elapsed="0.001795"/>
</kw>
<status status="PASS" start="2024-04-07T07:11:51.542654" elapsed="0.002593"/>
</test>
<test id="s1-s1-t2" name="Validar retorno 200 e JSON Válido" line="16">
<kw name="Teste de Requisicao Basica" owner="random-user-service">
<kw name="GET On Session" owner="RequestsLibrary">
<msg time="2024-04-07T07:11:51.715881" level="INFO">GET Request : url=https://randomuser.me/api 
 path_url=/api 
 headers={'User-Agent': 'python-requests/2.31.0', 'Accept-Encoding': 'gzip, deflate', 'Accept': '*/*', 'Connection': 'keep-alive'} 
 body=None 
 </msg>
<msg time="2024-04-07T07:11:51.716050" level="INFO">GET Response : url=https://randomuser.me/api 
 status=200, reason=OK 
 headers={'Date': 'Sun, 07 Apr 2024 07:11:51 GMT', 'Content-Type': 'application/json; charset=utf-8', 'Transfer-Encoding': 'chunked', 'Connection': 'keep-alive', 'X-Powered-By': 'Express', 'Access-Control-Allow-Origin': '*', 'Cache-Control': 'no-cache', 'ETag': 'W/"481-qFLov2RBjG0k1XGaVulGZZ8Ub1E"', 'Vary': 'Accept-Encoding', 'Content-Encoding': 'gzip', 'CF-Cache-Status': 'DYNAMIC', 'Report-To': '{"endpoints":[{"url":"https:\\/\\/a.nel.cloudflare.com\\/report\\/v4?s=NkCAxkuv7XCmSFIaHOgDf53X9uMSLicC4HWW6BqR%2BEJ2KgSLOdGFRfZpDk35LaqgeDZdMD7zTBL8kLTci%2BXxPGzcwCF%2B8TgfJNDOsRjJqsWl2jftG9AdJCVjBDCOKR3g"}],"group":"cf-nel","max_age":604800}', 'NEL': '{"success_fraction":0,"report_to":"cf-nel","max_age":604800}', 'Server': 'cloudflare', 'CF-RAY': '870834bc0cbc3b14-IAD', 'alt-svc': 'h3=":443"; ma=86400'} 
 body={"results":[{"gender":"female","name":{"title":"Mrs","first":"Phoebe","last":"Sutton"},"location":{"street":{"number":2951,"name":"Highfield Road"},"city":"Glasgow","state":"Lancashire","country":"United Kingdom","postcode":"BY7 1YA","coordinates":{"latitude":"-5.0069","longitude":"13.0229"},"timezone":{"offset":"+4:30","description":"Kabul"}},"email":"phoebe.sutton@example.com","login":{"uuid":"ce6a4459-3e1a-447e-90ab-da07a2d7567d","username":"redsnake673","password":"neng","salt":"3fPrE6ea","md5":"f797af1643a511d15db743ae0bf60c68","sha1":"7a22f2449cfe4997cd69791fbf4482f9be402e04","sha256":"1f22970f3ba815c13229808b98008ad1376cf944c6557b91bffdb238cf8069ae"},"dob":{"date":"1946-11-06T09:16:55.336Z","age":77},"registered":{"date":"2011-03-24T23:26:15.349Z","age":13},"phone":"01184 34485","cell":"07944 167497","id":{"name":"NINO","value":"PA 32 83 47 C"},"picture":{"large":"https://randomuser.me/api/portraits/women/62.jpg","medium":"https://randomuser.me/api/portraits/med/women/62.jpg","thumbnail":"https://randomuser.me/api/portraits/thumb/women/62.jpg"},"nat":"GB"}],"info":{"seed":"d4bfac872db4f064","results":1,"page":1,"version":"1.4"}} 
 </msg>
<msg time="2024-04-07T07:11:51.716165" level="INFO">/opt/hostedtoolcache/Python/3.12.2/x64/lib/python3.12/site-packages/urllib3/connectionpool.py:1103: InsecureRequestWarning: Unverified HTTPS request is being made to host 'randomuser.me'. Adding certificate verification is strongly advised. See: https://urllib3.readthedocs.io/en/latest/advanced-usage.html#tls-warnings
  warnings.warn(</msg>
<msg time="2024-04-07T07:11:51.716303" level="INFO">${response} = &lt;Response [200]&gt;</msg>
<var>${response}</var>
<arg>consultarAPI</arg>
<arg>/api</arg>
<doc>Sends a GET request on a previously created HTTP Session.</doc>
<status status="PASS" start="2024-04-07T07:11:51.547776" elapsed="0.168567"/>
</kw>
<kw name="Should Be Equal As Numbers" owner="BuiltIn">
<msg time="2024-04-07T07:11:51.717398" level="INFO">Argument types are:
&lt;class 'int'&gt;
&lt;class 'str'&gt;</msg>
<arg>${response.status_code}</arg>
<arg>200</arg>
<doc>Fails if objects are unequal after converting them to real numbers.</doc>
<status status="PASS" start="2024-04-07T07:11:51.716892" elapsed="0.000577"/>
</kw>
<kw name="Log" owner="BuiltIn">
<msg time="2024-04-07T07:11:51.718165" level="INFO">200</msg>
<arg>${response.status_code}</arg>
<doc>Logs the given message with the given level.</doc>
<status status="PASS" start="2024-04-07T07:11:51.717796" elapsed="0.000412"/>
</kw>
<kw name="Set Variable" owner="BuiltIn">
<msg time="2024-04-07T07:11:51.718971" level="INFO">${json_data} = {'results': [{'gender': 'female', 'name': {'title': 'Mrs', 'first': 'Phoebe', 'last': 'Sutton'}, 'location': {'street': {'number': 2951, 'name': 'Highfield Road'}, 'city': 'Glasgow', 'state': 'Lancash...</msg>
<var>${json_data}</var>
<arg>${response.json()}</arg>
<doc>Returns the given values which can then be assigned to a variables.</doc>
<status status="PASS" start="2024-04-07T07:11:51.718532" elapsed="0.000467"/>
</kw>
<kw name="Dictionary Should Contain Key" owner="Collections">
<msg time="2024-04-07T07:11:51.719474" level="INFO">False</msg>
<arg>${json_data}</arg>
<arg>results</arg>
<doc>Fails if ``key`` is not found from ``dictionary``.</doc>
<status status="PASS" start="2024-04-07T07:11:51.719303" elapsed="0.000211"/>
</kw>
<status status="PASS" start="2024-04-07T07:11:51.547528" elapsed="0.172261"/>
</kw>
<doc>Testa se a API responde corretamente e retorna um objeto JSON válido.</doc>
<tag>testeRequisicaoBasica</tag>
<status status="PASS" start="2024-04-07T07:11:51.547075" elapsed="0.172908"/>
</test>
<test id="s1-s1-t3" name="Validar estrutura de resposta" line="22">
<kw name="Teste de Estrutura de Resposta" owner="random-user-service">
<kw name="GET On Session" owner="RequestsLibrary">
<msg time="2024-04-07T07:11:51.811180" level="INFO">GET Request : url=https://randomuser.me/api 
 path_url=/api 
 headers={'User-Agent': 'python-requests/2.31.0', 'Accept-Encoding': 'gzip, deflate', 'Accept': '*/*', 'Connection': 'keep-alive'} 
 body=None 
 </msg>
<msg time="2024-04-07T07:11:51.811288" level="INFO">GET Response : url=https://randomuser.me/api 
 status=200, reason=OK 
 headers={'Date': 'Sun, 07 Apr 2024 07:11:51 GMT', 'Content-Type': 'application/json; charset=utf-8', 'Transfer-Encoding': 'chunked', 'Connection': 'keep-alive', 'X-Powered-By': 'Express', 'Access-Control-Allow-Origin': '*', 'Cache-Control': 'no-cache', 'ETag': 'W/"48c-HOkYIrB9hEcgY49tdtf4dN54EVs"', 'Vary': 'Accept-Encoding', 'Content-Encoding': 'gzip', 'CF-Cache-Status': 'DYNAMIC', 'Report-To': '{"endpoints":[{"url":"https:\\/\\/a.nel.cloudflare.com\\/report\\/v4?s=N97XtKhr6kkQ3EVzH%2F9r0iaCxNTch8seGz3segWoKyHIxcesLRAJRMVHf8yFIphdFsm483WwhAcmWysXmAuJififf65MlPY8eaAj%2FbZ80XniCG0WKL16DRGScaV7W8EU"}],"group":"cf-nel","max_age":604800}', 'NEL': '{"success_fraction":0,"report_to":"cf-nel","max_age":604800}', 'Server': 'cloudflare', 'CF-RAY': '870834bc4ce13b14-IAD', 'alt-svc': 'h3=":443"; ma=86400'} 
 body={"results":[{"gender":"male","name":{"title":"Mr","first":"Marlon","last":"Moura"},"location":{"street":{"number":5195,"name":"Travessa dos Martírios"},"city":"Nilópolis","state":"Rio de Janeiro","country":"Brazil","postcode":63673,"coordinates":{"latitude":"-75.6608","longitude":"-77.3137"},"timezone":{"offset":"+9:30","description":"Adelaide, Darwin"}},"email":"marlon.moura@example.com","login":{"uuid":"aae8f9b9-497e-4065-a3a3-c7de20d600b9","username":"redduck791","password":"camden","salt":"qME5dyuM","md5":"7fbfd548c41cf32d337f25e8c478b993","sha1":"4b4d5e9da7136c0efded9819e051e28f35694440","sha256":"5ca2b867e6d51e9146fc018f2e77665e2503ada01a5b9f4f01a47ae8d2f5acbb"},"dob":{"date":"1970-04-27T19:52:53.744Z","age":53},"registered":{"date":"2019-01-28T03:37:26.342Z","age":5},"phone":"(10) 8400-7516","cell":"(75) 8148-9345","id":{"name":"CPF","value":"614.043.605-81"},"picture":{"large":"https://randomuser.me/api/portraits/men/88.jpg","medium":"https://randomuser.me/api/portraits/med/men/88.jpg","thumbnail":"https://randomuser.me/api/portraits/thumb/men/88.jpg"},"nat":"BR"}],"info":{"seed":"993034b2fafc0c3f","results":1,"page":1,"version":"1.4"}} 
 </msg>
<msg time="2024-04-07T07:11:51.811436" level="INFO">/opt/hostedtoolcache/Python/3.12.2/x64/lib/python3.12/site-packages/urllib3/connectionpool.py:1103: InsecureRequestWarning: Unverified HTTPS request is being made to host 'randomuser.me'. Adding certificate verification is strongly advised. See: https://urllib3.readthedocs.io/en/latest/advanced-usage.html#tls-warnings
  warnings.warn(</msg>
<msg time="2024-04-07T07:11:51.811566" level="INFO">${response} = &lt;Response [200]&gt;</msg>
<var>${response}</var>
<arg>consultarAPI</arg>
<arg>/api</arg>
<doc>Sends a GET request on a previously created HTTP Session.</doc>
<status status="PASS" start="2024-04-07T07:11:51.722792" elapsed="0.088821"/>
</kw>
<kw name="Set Variable" owner="BuiltIn">
<msg time="2024-04-07T07:11:51.812705" level="INFO">${json_data} = {'results': [{'gender': 'male', 'name': {'title': 'Mr', 'first': 'Marlon', 'last': 'Moura'}, 'location': {'street': {'number': 5195, 'name': 'Travessa dos Martírios'}, 'city': 'Nilópolis', 'state': 'R...</msg>
<var>${json_data}</var>
<arg>${response.json()}</arg>
<doc>Returns the given values which can then be assigned to a variables.</doc>
<status status="PASS" start="2024-04-07T07:11:51.812156" elapsed="0.000580"/>
</kw>
<kw name="Log" owner="BuiltIn">
<msg time="2024-04-07T07:11:51.813266" level="INFO">{'results': [{'gender': 'male', 'name': {'title': 'Mr', 'first': 'Marlon', 'last': 'Moura'}, 'location': {'street': {'number': 5195, 'name': 'Travessa dos Martírios'}, 'city': 'Nilópolis', 'state': 'Rio de Janeiro', 'country': 'Brazil', 'postcode': 63673, 'coordinates': {'latitude': '-75.6608', 'longitude': '-77.3137'}, 'timezone': {'offset': '+9:30', 'description': 'Adelaide, Darwin'}}, 'email': 'marlon.moura@example.com', 'login': {'uuid': 'aae8f9b9-497e-4065-a3a3-c7de20d600b9', 'username': 'redduck791', 'password': 'camden', 'salt': 'qME5dyuM', 'md5': '7fbfd548c41cf32d337f25e8c478b993', 'sha1': '4b4d5e9da7136c0efded9819e051e28f35694440', 'sha256': '5ca2b867e6d51e9146fc018f2e77665e2503ada01a5b9f4f01a47ae8d2f5acbb'}, 'dob': {'date': '1970-04-27T19:52:53.744Z', 'age': 53}, 'registered': {'date': '2019-01-28T03:37:26.342Z', 'age': 5}, 'phone': '(10) 8400-7516', 'cell': '(75) 8148-9345', 'id': {'name': 'CPF', 'value': '614.043.605-81'}, 'picture': {'large': 'https://randomuser.me/api/portraits/men/88.jpg', 'medium': 'https://randomuser.me/api/portraits/med/men/88.jpg', 'thumbnail': 'https://randomuser.me/api/portraits/thumb/men/88.jpg'}, 'nat': 'BR'}], 'info': {'seed': '993034b2fafc0c3f', 'results': 1, 'page': 1, 'version': '1.4'}}</msg>
<arg>${json_data}</arg>
<doc>Logs the given message with the given level.</doc>
<status status="PASS" start="2024-04-07T07:11:51.813091" elapsed="0.000227"/>
</kw>
<kw name="Dictionary Should Contain Key" owner="Collections">
<msg time="2024-04-07T07:11:51.813793" level="INFO">False</msg>
<arg>${json_data}</arg>
<arg>results</arg>
<doc>Fails if ``key`` is not found from ``dictionary``.</doc>
<status status="PASS" start="2024-04-07T07:11:51.813629" elapsed="0.000203"/>
</kw>
<kw name="Should Not Be Empty" owner="BuiltIn">
<msg time="2024-04-07T07:11:51.814268" level="INFO">Length is 2.</msg>
<arg>${json_data}</arg>
<doc>Verifies that the given item is not empty.</doc>
<status status="PASS" start="2024-04-07T07:11:51.814132" elapsed="0.000176"/>
</kw>
<kw name="Create List" owner="BuiltIn">
<msg time="2024-04-07T07:11:51.814759" level="INFO">${expected_keys} = ['gender', 'name', 'location', 'email', 'login']</msg>
<var>${expected_keys}</var>
<arg>gender</arg>
<arg>name</arg>
<arg>location</arg>
<arg>email</arg>
<arg>login</arg>
<doc>Returns a list containing given items.</doc>
<status status="PASS" start="2024-04-07T07:11:51.814605" elapsed="0.000179"/>
</kw>
<for flavor="IN">
<iter>
<kw name="Dictionary Should Contain Key" owner="Collections">
<msg time="2024-04-07T07:11:51.815797" level="INFO">False</msg>
<arg>${json_data['results'][0]}</arg>
<arg>${key}</arg>
<doc>Fails if ``key`` is not found from ``dictionary``.</doc>
<status status="PASS" start="2024-04-07T07:11:51.815384" elapsed="0.000455"/>
</kw>
<kw name="Log" owner="BuiltIn">
<msg time="2024-04-07T07:11:51.816550" level="INFO">{'gender': 'male', 'name': {'title': 'Mr', 'first': 'Marlon', 'last': 'Moura'}, 'location': {'street': {'number': 5195, 'name': 'Travessa dos Martírios'}, 'city': 'Nilópolis', 'state': 'Rio de Janeiro', 'country': 'Brazil', 'postcode': 63673, 'coordinates': {'latitude': '-75.6608', 'longitude': '-77.3137'}, 'timezone': {'offset': '+9:30', 'description': 'Adelaide, Darwin'}}, 'email': 'marlon.moura@example.com', 'login': {'uuid': 'aae8f9b9-497e-4065-a3a3-c7de20d600b9', 'username': 'redduck791', 'password': 'camden', 'salt': 'qME5dyuM', 'md5': '7fbfd548c41cf32d337f25e8c478b993', 'sha1': '4b4d5e9da7136c0efded9819e051e28f35694440', 'sha256': '5ca2b867e6d51e9146fc018f2e77665e2503ada01a5b9f4f01a47ae8d2f5acbb'}, 'dob': {'date': '1970-04-27T19:52:53.744Z', 'age': 53}, 'registered': {'date': '2019-01-28T03:37:26.342Z', 'age': 5}, 'phone': '(10) 8400-7516', 'cell': '(75) 8148-9345', 'id': {'name': 'CPF', 'value': '614.043.605-81'}, 'picture': {'large': 'https://randomuser.me/api/portraits/men/88.jpg', 'medium': 'https://randomuser.me/api/portraits/med/men/88.jpg', 'thumbnail': 'https://randomuser.me/api/portraits/thumb/men/88.jpg'}, 'nat': 'BR'}</msg>
<arg>${json_data['results'][0]}</arg>
<doc>Logs the given message with the given level.</doc>
<status status="PASS" start="2024-04-07T07:11:51.816159" elapsed="0.000443"/>
</kw>
<kw name="Log" owner="BuiltIn">
<msg time="2024-04-07T07:11:51.817078" level="INFO">gender</msg>
<arg>${key}</arg>
<doc>Logs the given message with the given level.</doc>
<status status="PASS" start="2024-04-07T07:11:51.816912" elapsed="0.000210"/>
</kw>
<var name="${key}">gender</var>
<status status="PASS" start="2024-04-07T07:11:51.815256" elapsed="0.002101"/>
</iter>
<iter>
<kw name="Dictionary Should Contain Key" owner="Collections">
<msg time="2024-04-07T07:11:51.818063" level="INFO">False</msg>
<arg>${json_data['results'][0]}</arg>
<arg>${key}</arg>
<doc>Fails if ``key`` is not found from ``dictionary``.</doc>
<status status="PASS" start="2024-04-07T07:11:51.817668" elapsed="0.000434"/>
</kw>
<kw name="Log" owner="BuiltIn">
<msg time="2024-04-07T07:11:51.818809" level="INFO">{'gender': 'male', 'name': {'title': 'Mr', 'first': 'Marlon', 'last': 'Moura'}, 'location': {'street': {'number': 5195, 'name': 'Travessa dos Martírios'}, 'city': 'Nilópolis', 'state': 'Rio de Janeiro', 'country': 'Brazil', 'postcode': 63673, 'coordinates': {'latitude': '-75.6608', 'longitude': '-77.3137'}, 'timezone': {'offset': '+9:30', 'description': 'Adelaide, Darwin'}}, 'email': 'marlon.moura@example.com', 'login': {'uuid': 'aae8f9b9-497e-4065-a3a3-c7de20d600b9', 'username': 'redduck791', 'password': 'camden', 'salt': 'qME5dyuM', 'md5': '7fbfd548c41cf32d337f25e8c478b993', 'sha1': '4b4d5e9da7136c0efded9819e051e28f35694440', 'sha256': '5ca2b867e6d51e9146fc018f2e77665e2503ada01a5b9f4f01a47ae8d2f5acbb'}, 'dob': {'date': '1970-04-27T19:52:53.744Z', 'age': 53}, 'registered': {'date': '2019-01-28T03:37:26.342Z', 'age': 5}, 'phone': '(10) 8400-7516', 'cell': '(75) 8148-9345', 'id': {'name': 'CPF', 'value': '614.043.605-81'}, 'picture': {'large': 'https://randomuser.me/api/portraits/men/88.jpg', 'medium': 'https://randomuser.me/api/portraits/med/men/88.jpg', 'thumbnail': 'https://randomuser.me/api/portraits/thumb/men/88.jpg'}, 'nat': 'BR'}</msg>
<arg>${json_data['results'][0]}</arg>
<doc>Logs the given message with the given level.</doc>
<status status="PASS" start="2024-04-07T07:11:51.818439" elapsed="0.000420"/>
</kw>
<kw name="Log" owner="BuiltIn">
<msg time="2024-04-07T07:11:51.819294" level="INFO">name</msg>
<arg>${key}</arg>
<doc>Logs the given message with the given level.</doc>
<status status="PASS" start="2024-04-07T07:11:51.819165" elapsed="0.000168"/>
</kw>
<var name="${key}">name</var>
<status status="PASS" start="2024-04-07T07:11:51.817551" elapsed="0.002000"/>
</iter>
<iter>
<kw name="Dictionary Should Contain Key" owner="Collections">
<msg time="2024-04-07T07:11:51.820233" level="INFO">False</msg>
<arg>${json_data['results'][0]}</arg>
<arg>${key}</arg>
<doc>Fails if ``key`` is not found from ``dictionary``.</doc>
<status status="PASS" start="2024-04-07T07:11:51.819851" elapsed="0.000421"/>
</kw>
<kw name="Log" owner="BuiltIn">
<msg time="2024-04-07T07:11:51.820954" level="INFO">{'gender': 'male', 'name': {'title': 'Mr', 'first': 'Marlon', 'last': 'Moura'}, 'location': {'street': {'number': 5195, 'name': 'Travessa dos Martírios'}, 'city': 'Nilópolis', 'state': 'Rio de Janeiro', 'country': 'Brazil', 'postcode': 63673, 'coordinates': {'latitude': '-75.6608', 'longitude': '-77.3137'}, 'timezone': {'offset': '+9:30', 'description': 'Adelaide, Darwin'}}, 'email': 'marlon.moura@example.com', 'login': {'uuid': 'aae8f9b9-497e-4065-a3a3-c7de20d600b9', 'username': 'redduck791', 'password': 'camden', 'salt': 'qME5dyuM', 'md5': '7fbfd548c41cf32d337f25e8c478b993', 'sha1': '4b4d5e9da7136c0efded9819e051e28f35694440', 'sha256': '5ca2b867e6d51e9146fc018f2e77665e2503ada01a5b9f4f01a47ae8d2f5acbb'}, 'dob': {'date': '1970-04-27T19:52:53.744Z', 'age': 53}, 'registered': {'date': '2019-01-28T03:37:26.342Z', 'age': 5}, 'phone': '(10) 8400-7516', 'cell': '(75) 8148-9345', 'id': {'name': 'CPF', 'value': '614.043.605-81'}, 'picture': {'large': 'https://randomuser.me/api/portraits/men/88.jpg', 'medium': 'https://randomuser.me/api/portraits/med/men/88.jpg', 'thumbnail': 'https://randomuser.me/api/portraits/thumb/men/88.jpg'}, 'nat': 'BR'}</msg>
<arg>${json_data['results'][0]}</arg>
<doc>Logs the given message with the given level.</doc>
<status status="PASS" start="2024-04-07T07:11:51.820577" elapsed="0.000432"/>
</kw>
<kw name="Log" owner="BuiltIn">
<msg time="2024-04-07T07:11:51.821480" level="INFO">location</msg>
<arg>${key}</arg>
<doc>Logs the given message with the given level.</doc>
<status status="PASS" start="2024-04-07T07:11:51.821350" elapsed="0.000169"/>
</kw>
<var name="${key}">location</var>
<status status="PASS" start="2024-04-07T07:11:51.819731" elapsed="0.002006"/>
</iter>
<iter>
<kw name="Dictionary Should Contain Key" owner="Collections">
<msg time="2024-04-07T07:11:51.822408" level="INFO">False</msg>
<arg>${json_data['results'][0]}</arg>
<arg>${key}</arg>
<doc>Fails if ``key`` is not found from ``dictionary``.</doc>
<status status="PASS" start="2024-04-07T07:11:51.822028" elapsed="0.000418"/>
</kw>
<kw name="Log" owner="BuiltIn">
<msg time="2024-04-07T07:11:51.823118" level="INFO">{'gender': 'male', 'name': {'title': 'Mr', 'first': 'Marlon', 'last': 'Moura'}, 'location': {'street': {'number': 5195, 'name': 'Travessa dos Martírios'}, 'city': 'Nilópolis', 'state': 'Rio de Janeiro', 'country': 'Brazil', 'postcode': 63673, 'coordinates': {'latitude': '-75.6608', 'longitude': '-77.3137'}, 'timezone': {'offset': '+9:30', 'description': 'Adelaide, Darwin'}}, 'email': 'marlon.moura@example.com', 'login': {'uuid': 'aae8f9b9-497e-4065-a3a3-c7de20d600b9', 'username': 'redduck791', 'password': 'camden', 'salt': 'qME5dyuM', 'md5': '7fbfd548c41cf32d337f25e8c478b993', 'sha1': '4b4d5e9da7136c0efded9819e051e28f35694440', 'sha256': '5ca2b867e6d51e9146fc018f2e77665e2503ada01a5b9f4f01a47ae8d2f5acbb'}, 'dob': {'date': '1970-04-27T19:52:53.744Z', 'age': 53}, 'registered': {'date': '2019-01-28T03:37:26.342Z', 'age': 5}, 'phone': '(10) 8400-7516', 'cell': '(75) 8148-9345', 'id': {'name': 'CPF', 'value': '614.043.605-81'}, 'picture': {'large': 'https://randomuser.me/api/portraits/men/88.jpg', 'medium': 'https://randomuser.me/api/portraits/med/men/88.jpg', 'thumbnail': 'https://randomuser.me/api/portraits/thumb/men/88.jpg'}, 'nat': 'BR'}</msg>
<arg>${json_data['results'][0]}</arg>
<doc>Logs the given message with the given level.</doc>
<status status="PASS" start="2024-04-07T07:11:51.822749" elapsed="0.000420"/>
</kw>
<kw name="Log" owner="BuiltIn">
<msg time="2024-04-07T07:11:51.823604" level="INFO">email</msg>
<arg>${key}</arg>
<doc>Logs the given message with the given level.</doc>
<status status="PASS" start="2024-04-07T07:11:51.823476" elapsed="0.000167"/>
</kw>
<var name="${key}">email</var>
<status status="PASS" start="2024-04-07T07:11:51.821915" elapsed="0.001952"/>
</iter>
<iter>
<kw name="Dictionary Should Contain Key" owner="Collections">
<msg time="2024-04-07T07:11:51.824539" level="INFO">False</msg>
<arg>${json_data['results'][0]}</arg>
<arg>${key}</arg>
<doc>Fails if ``key`` is not found from ``dictionary``.</doc>
<status status="PASS" start="2024-04-07T07:11:51.824157" elapsed="0.000420"/>
</kw>
<kw name="Log" owner="BuiltIn">
<msg time="2024-04-07T07:11:51.825279" level="INFO">{'gender': 'male', 'name': {'title': 'Mr', 'first': 'Marlon', 'last': 'Moura'}, 'location': {'street': {'number': 5195, 'name': 'Travessa dos Martírios'}, 'city': 'Nilópolis', 'state': 'Rio de Janeiro', 'country': 'Brazil', 'postcode': 63673, 'coordinates': {'latitude': '-75.6608', 'longitude': '-77.3137'}, 'timezone': {'offset': '+9:30', 'description': 'Adelaide, Darwin'}}, 'email': 'marlon.moura@example.com', 'login': {'uuid': 'aae8f9b9-497e-4065-a3a3-c7de20d600b9', 'username': 'redduck791', 'password': 'camden', 'salt': 'qME5dyuM', 'md5': '7fbfd548c41cf32d337f25e8c478b993', 'sha1': '4b4d5e9da7136c0efded9819e051e28f35694440', 'sha256': '5ca2b867e6d51e9146fc018f2e77665e2503ada01a5b9f4f01a47ae8d2f5acbb'}, 'dob': {'date': '1970-04-27T19:52:53.744Z', 'age': 53}, 'registered': {'date': '2019-01-28T03:37:26.342Z', 'age': 5}, 'phone': '(10) 8400-7516', 'cell': '(75) 8148-9345', 'id': {'name': 'CPF', 'value': '614.043.605-81'}, 'picture': {'large': 'https://randomuser.me/api/portraits/men/88.jpg', 'medium': 'https://randomuser.me/api/portraits/med/men/88.jpg', 'thumbnail': 'https://randomuser.me/api/portraits/thumb/men/88.jpg'}, 'nat': 'BR'}</msg>
<arg>${json_data['results'][0]}</arg>
<doc>Logs the given message with the given level.</doc>
<status status="PASS" start="2024-04-07T07:11:51.824873" elapsed="0.000456"/>
</kw>
<kw name="Log" owner="BuiltIn">
<msg time="2024-04-07T07:11:51.825771" level="INFO">login</msg>
<arg>${key}</arg>
<doc>Logs the given message with the given level.</doc>
<status status="PASS" start="2024-04-07T07:11:51.825634" elapsed="0.000285"/>
</kw>
<var name="${key}">login</var>
<status status="PASS" start="2024-04-07T07:11:51.824040" elapsed="0.002134"/>
</iter>
<var>${key}</var>
<value>@{expected_keys}</value>
<status status="PASS" start="2024-04-07T07:11:51.815056" elapsed="0.011255"/>
</for>
<kw name="Create List" owner="BuiltIn">
<msg time="2024-04-07T07:11:51.826648" level="INFO">${expected_keysTwo} = ['username', 'password']</msg>
<var>${expected_keysTwo}</var>
<arg>username</arg>
<arg>password</arg>
<doc>Returns a list containing given items.</doc>
<status status="PASS" start="2024-04-07T07:11:51.826509" elapsed="0.000163"/>
</kw>
<for flavor="IN">
<iter>
<kw name="Dictionary Should Contain Key" owner="Collections">
<msg time="2024-04-07T07:11:51.827570" level="INFO">False</msg>
<arg>${json_data['results'][0]['login']}</arg>
<arg>${keyTwo}</arg>
<doc>Fails if ``key`` is not found from ``dictionary``.</doc>
<status status="PASS" start="2024-04-07T07:11:51.827176" elapsed="0.000432"/>
</kw>
<kw name="Dictionary Should Contain Key" owner="Collections">
<msg time="2024-04-07T07:11:51.828288" level="INFO">False</msg>
<arg>${json_data['results'][0]['login']}</arg>
<arg>${keyTwo}</arg>
<doc>Fails if ``key`` is not found from ``dictionary``.</doc>
<status status="PASS" start="2024-04-07T07:11:51.827907" elapsed="0.000419"/>
</kw>
<kw name="Log" owner="BuiltIn">
<msg time="2024-04-07T07:11:51.828751" level="INFO">username</msg>
<arg>${keyTwo}</arg>
<doc>Logs the given message with the given level.</doc>
<status status="PASS" start="2024-04-07T07:11:51.828622" elapsed="0.000168"/>
</kw>
<var name="${keyTwo}">username</var>
<status status="PASS" start="2024-04-07T07:11:51.827065" elapsed="0.001943"/>
</iter>
<iter>
<kw name="Dictionary Should Contain Key" owner="Collections">
<msg time="2024-04-07T07:11:51.829721" level="INFO">False</msg>
<arg>${json_data['results'][0]['login']}</arg>
<arg>${keyTwo}</arg>
<doc>Fails if ``key`` is not found from ``dictionary``.</doc>
<status status="PASS" start="2024-04-07T07:11:51.829337" elapsed="0.000422"/>
</kw>
<kw name="Dictionary Should Contain Key" owner="Collections">
<msg time="2024-04-07T07:11:51.830436" level="INFO">False</msg>
<arg>${json_data['results'][0]['login']}</arg>
<arg>${keyTwo}</arg>
<doc>Fails if ``key`` is not found from ``dictionary``.</doc>
<status status="PASS" start="2024-04-07T07:11:51.830054" elapsed="0.000418"/>
</kw>
<kw name="Log" owner="BuiltIn">
<msg time="2024-04-07T07:11:51.830894" level="INFO">password</msg>
<arg>${keyTwo}</arg>
<doc>Logs the given message with the given level.</doc>
<status status="PASS" start="2024-04-07T07:11:51.830765" elapsed="0.000169"/>
</kw>
<var name="${keyTwo}">password</var>
<status status="PASS" start="2024-04-07T07:11:51.829223" elapsed="0.001927"/>
</iter>
<var>${keyTwo}</var>
<value>@{expected_keysTwo}</value>
<status status="PASS" start="2024-04-07T07:11:51.826913" elapsed="0.004358"/>
</for>
<status status="PASS" start="2024-04-07T07:11:51.722550" elapsed="0.108865"/>
</kw>
<doc>Testa a estrutura da resposta da API.</doc>
<tag>testeEstruturaResposta</tag>
<status status="PASS" start="2024-04-07T07:11:51.721870" elapsed="0.109711"/>
</test>
<test id="s1-s1-t4" name="Validar tipos de dados" line="28">
<kw name="Teste de Tipos de Dados" owner="random-user-service">
<kw name="GET On Session" owner="RequestsLibrary">
<msg time="2024-04-07T07:11:51.911821" level="INFO">GET Request : url=https://randomuser.me/api 
 path_url=/api 
 headers={'User-Agent': 'python-requests/2.31.0', 'Accept-Encoding': 'gzip, deflate', 'Accept': '*/*', 'Connection': 'keep-alive'} 
 body=None 
 </msg>
<msg time="2024-04-07T07:11:51.911915" level="INFO">GET Response : url=https://randomuser.me/api 
 status=200, reason=OK 
 headers={'Date': 'Sun, 07 Apr 2024 07:11:51 GMT', 'Content-Type': 'application/json; charset=utf-8', 'Transfer-Encoding': 'chunked', 'Connection': 'keep-alive', 'X-Powered-By': 'Express', 'Access-Control-Allow-Origin': '*', 'Cache-Control': 'no-cache', 'ETag': 'W/"4a0-qcF6XT/M0oK/4hgDfnwnE9pofRc"', 'Vary': 'Accept-Encoding', 'Content-Encoding': 'gzip', 'CF-Cache-Status': 'DYNAMIC', 'Report-To': '{"endpoints":[{"url":"https:\\/\\/a.nel.cloudflare.com\\/report\\/v4?s=RqFDf%2FCQANzt5IWjGCBlSZBk5wZy9%2BS5K5jIszJEp%2FRzzUKhPqIF3UAsNFGaMstcXdP%2BOIMX8HyHgnwuXI3UA4sxPjjSQlzPgFJBMEXU%2FW3yX70VInhlK4eIpWgdFEVh"}],"group":"cf-nel","max_age":604800}', 'NEL': '{"success_fraction":0,"report_to":"cf-nel","max_age":604800}', 'Server': 'cloudflare', 'CF-RAY': '870834bcfd473b14-IAD', 'alt-svc': 'h3=":443"; ma=86400'} 
 body={"results":[{"gender":"female","name":{"title":"Miss","first":"Julija","last":"Ćirić"},"location":{"street":{"number":7393,"name":"Longinova"},"city":"Despotovac","state":"Kosovo-Pomoravlje","country":"Serbia","postcode":11983,"coordinates":{"latitude":"58.0883","longitude":"69.5028"},"timezone":{"offset":"+3:00","description":"Baghdad, Riyadh, Moscow, St. Petersburg"}},"email":"julija.ciric@example.com","login":{"uuid":"5138b733-0c75-40cf-a5f0-0ae0bd590f49","username":"beautifulbird665","password":"vedder","salt":"YCvdV9lv","md5":"53c7ad79ac1e546333b5cd844ce70302","sha1":"44fd3c942745b1ef5dfa6ddee605c7c836959ab2","sha256":"fd5e4fb1bcc487b35e702d4abefe1add2d224c099b24fa49cf84def7cf2b8aba"},"dob":{"date":"1995-07-22T06:10:42.525Z","age":28},"registered":{"date":"2002-08-12T15:37:17.851Z","age":21},"phone":"033-6092-694","cell":"060-7965-550","id":{"name":"SID","value":"965208554"},"picture":{"large":"https://randomuser.me/api/portraits/women/67.jpg","medium":"https://randomuser.me/api/portraits/med/women/67.jpg","thumbnail":"https://randomuser.me/api/portraits/thumb/women/67.jpg"},"nat":"RS"}],"info":{"seed":"1ac5507349458ad9","results":1,"page":1,"version":"1.4"}} 
 </msg>
<msg time="2024-04-07T07:11:51.911979" level="INFO">/opt/hostedtoolcache/Python/3.12.2/x64/lib/python3.12/site-packages/urllib3/connectionpool.py:1103: InsecureRequestWarning: Unverified HTTPS request is being made to host 'randomuser.me'. Adding certificate verification is strongly advised. See: https://urllib3.readthedocs.io/en/latest/advanced-usage.html#tls-warnings
  warnings.warn(</msg>
<msg time="2024-04-07T07:11:51.912079" level="INFO">${response} = &lt;Response [200]&gt;</msg>
<var>${response}</var>
<arg>consultarAPI</arg>
<arg>/api</arg>
<doc>Sends a GET request on a previously created HTTP Session.</doc>
<status status="PASS" start="2024-04-07T07:11:51.834115" elapsed="0.077999"/>
</kw>
<kw name="Set Variable" owner="BuiltIn">
<msg time="2024-04-07T07:11:51.913112" level="INFO">${json_data} = {'results': [{'gender': 'female', 'name': {'title': 'Miss', 'first': 'Julija', 'last': 'Ćirić'}, 'location': {'street': {'number': 7393, 'name': 'Longinova'}, 'city': 'Despotovac', 'state': 'Kosovo-Po...</msg>
<var>${json_data}</var>
<arg>${response.json()}</arg>
<doc>Returns the given values which can then be assigned to a variables.</doc>
<status status="PASS" start="2024-04-07T07:11:51.912578" elapsed="0.000572"/>
</kw>
<kw name="Log" owner="BuiltIn">
<msg time="2024-04-07T07:11:51.913644" level="INFO">{'results': [{'gender': 'female', 'name': {'title': 'Miss', 'first': 'Julija', 'last': 'Ćirić'}, 'location': {'street': {'number': 7393, 'name': 'Longinova'}, 'city': 'Despotovac', 'state': 'Kosovo-Pomoravlje', 'country': 'Serbia', 'postcode': 11983, 'coordinates': {'latitude': '58.0883', 'longitude': '69.5028'}, 'timezone': {'offset': '+3:00', 'description': 'Baghdad, Riyadh, Moscow, St. Petersburg'}}, 'email': 'julija.ciric@example.com', 'login': {'uuid': '5138b733-0c75-40cf-a5f0-0ae0bd590f49', 'username': 'beautifulbird665', 'password': 'vedder', 'salt': 'YCvdV9lv', 'md5': '53c7ad79ac1e546333b5cd844ce70302', 'sha1': '44fd3c942745b1ef5dfa6ddee605c7c836959ab2', 'sha256': 'fd5e4fb1bcc487b35e702d4abefe1add2d224c099b24fa49cf84def7cf2b8aba'}, 'dob': {'date': '1995-07-22T06:10:42.525Z', 'age': 28}, 'registered': {'date': '2002-08-12T15:37:17.851Z', 'age': 21}, 'phone': '033-6092-694', 'cell': '060-7965-550', 'id': {'name': 'SID', 'value': '965208554'}, 'picture': {'large': 'https://randomuser.me/api/portraits/women/67.jpg', 'medium': 'https://randomuser.me/api/portraits/med/women/67.jpg', 'thumbnail': 'https://randomuser.me/api/portraits/thumb/women/67.jpg'}, 'nat': 'RS'}], 'info': {'seed': '1ac5507349458ad9', 'results': 1, 'page': 1, 'version': '1.4'}}</msg>
<arg>${json_data}</arg>
<doc>Logs the given message with the given level.</doc>
<status status="PASS" start="2024-04-07T07:11:51.913481" elapsed="0.000254"/>
</kw>
<kw name="Should Be String" owner="String">
<arg>${json_data['results'][0]['gender']}</arg>
<doc>Fails if the given ``item`` is not a string.</doc>
<status status="PASS" start="2024-04-07T07:11:51.914047" elapsed="0.000365"/>
</kw>
<kw name="Should Match Regexp" owner="BuiltIn">
<arg>${json_data['results'][0]['email']}</arg>
<arg>^[a-zA-Z0-9._%+-]+@[a-zA-Z0-9.-]+\.[a-zA-Z]{2,}$</arg>
<doc>Fails if ``string`` does not match ``pattern`` as a regular expression.</doc>
<status status="PASS" start="2024-04-07T07:11:51.914606" elapsed="0.000521"/>
</kw>
<kw name="Should Match Regexp" owner="BuiltIn">
<arg>${json_data['results'][0]['dob']['date']}</arg>
<arg>\\d{4}-\\d{2}-\\d{2}T\\d{2}:\\d{2}:\\d{2}\\.\\d{3}Z</arg>
<doc>Fails if ``string`` does not match ``pattern`` as a regular expression.</doc>
<status status="PASS" start="2024-04-07T07:11:51.915326" elapsed="0.000494"/>
</kw>
<kw name="Should Match Regexp" owner="BuiltIn">
<arg>${json_data['results'][0]['registered']['date']}</arg>
<arg>\\d{4}-\\d{2}-\\d{2}T\\d{2}:\\d{2}:\\d{2}\\.\\d{3}Z</arg>
<doc>Fails if ``string`` does not match ``pattern`` as a regular expression.</doc>
<status status="PASS" start="2024-04-07T07:11:51.916015" elapsed="0.000369"/>
</kw>
<kw name="Should Match Regexp" owner="BuiltIn">
<arg>${json_data['results'][0]['picture']['large']}</arg>
<arg>^https?://.*\.(?:png|jpe?g|gif|bmp)$</arg>
<doc>Fails if ``string`` does not match ``pattern`` as a regular expression.</doc>
<status status="PASS" start="2024-04-07T07:11:51.916572" elapsed="0.000476"/>
</kw>
<kw name="Should Match Regexp" owner="BuiltIn">
<arg>${json_data['results'][0]['picture']['medium']}</arg>
<arg>^https?://.*\.(?:png|jpe?g|gif|bmp)$</arg>
<doc>Fails if ``string`` does not match ``pattern`` as a regular expression.</doc>
<status status="PASS" start="2024-04-07T07:11:51.917245" elapsed="0.000362"/>
</kw>
<kw name="Should Match Regexp" owner="BuiltIn">
<arg>${json_data['results'][0]['picture']['thumbnail']}</arg>
<arg>^https?://.*\.(?:png|jpe?g|gif|bmp)$</arg>
<doc>Fails if ``string`` does not match ``pattern`` as a regular expression.</doc>
<status status="PASS" start="2024-04-07T07:11:51.917795" elapsed="0.000350"/>
</kw>
<kw name="Log" owner="BuiltIn">
<msg time="2024-04-07T07:11:51.918655" level="INFO">{'large': 'https://randomuser.me/api/portraits/women/67.jpg', 'medium': 'https://randomuser.me/api/portraits/med/women/67.jpg', 'thumbnail': 'https://randomuser.me/api/portraits/thumb/women/67.jpg'}</msg>
<arg>${json_data['results'][0]['picture']}</arg>
<doc>Logs the given message with the given level.</doc>
<status status="PASS" start="2024-04-07T07:11:51.918326" elapsed="0.000372"/>
</kw>
<status status="PASS" start="2024-04-07T07:11:51.833874" elapsed="0.085085"/>
</kw>
<kw name="Teste de Tipos de Dados - Postcode" owner="random-user-service">
<kw name="GET On Session" owner="RequestsLibrary">
<msg time="2024-04-07T07:11:52.006029" level="INFO">GET Request : url=https://randomuser.me/api 
 path_url=/api 
 headers={'User-Agent': 'python-requests/2.31.0', 'Accept-Encoding': 'gzip, deflate', 'Accept': '*/*', 'Connection': 'keep-alive'} 
 body=None 
 </msg>
<msg time="2024-04-07T07:11:52.006113" level="INFO">GET Response : url=https://randomuser.me/api 
 status=200, reason=OK 
 headers={'Date': 'Sun, 07 Apr 2024 07:11:52 GMT', 'Content-Type': 'application/json; charset=utf-8', 'Transfer-Encoding': 'chunked', 'Connection': 'keep-alive', 'X-Powered-By': 'Express', 'Access-Control-Allow-Origin': '*', 'Cache-Control': 'no-cache', 'ETag': 'W/"48d-Ks1/CUtqLxwMxrB2YZCPr82jmao"', 'Vary': 'Accept-Encoding', 'Content-Encoding': 'gzip', 'CF-Cache-Status': 'DYNAMIC', 'Report-To': '{"endpoints":[{"url":"https:\\/\\/a.nel.cloudflare.com\\/report\\/v4?s=2MiNvWZNDhyRgIGe6%2Fmd5AaEnj1FZ7EGLuEfv0opquup7OCb1%2F19z7lCL6bf1F1Ypdk6kN0VVPUruWfAQdC7oCEnSEftMO5%2Bh5YjJwl%2Fokk%2FPTb29AhwI25VTq7bUzv3"}],"group":"cf-nel","max_age":604800}', 'NEL': '{"success_fraction":0,"report_to":"cf-nel","max_age":604800}', 'Server': 'cloudflare', 'CF-RAY': '870834bd8db53b14-IAD', 'alt-svc': 'h3=":443"; ma=86400'} 
 body={"results":[{"gender":"male","name":{"title":"Mr","first":"Harry","last":"Zhang"},"location":{"street":{"number":1514,"name":"Victoria Road"},"city":"Porirua","state":"Northland","country":"New Zealand","postcode":60668,"coordinates":{"latitude":"55.2781","longitude":"-99.6134"},"timezone":{"offset":"0:00","description":"Western Europe Time, London, Lisbon, Casablanca"}},"email":"harry.zhang@example.com","login":{"uuid":"6f72ea89-9166-47c0-ad4f-acdd2215d4a5","username":"crazyzebra702","password":"strap","salt":"MdzABUa5","md5":"605567bb29cde962ac5c4641ed33aef6","sha1":"4d2c473b33969651d0a7bc356186750ec1a6c989","sha256":"400fdb907c8c6701ef1df461be86b9e637488a5bda41ad9139a1e3110016cb92"},"dob":{"date":"1989-09-18T12:44:54.477Z","age":34},"registered":{"date":"2019-07-18T09:21:59.376Z","age":4},"phone":"(110)-382-6382","cell":"(653)-610-9254","id":{"name":"","value":null},"picture":{"large":"https://randomuser.me/api/portraits/men/81.jpg","medium":"https://randomuser.me/api/portraits/med/men/81.jpg","thumbnail":"https://randomuser.me/api/portraits/thumb/men/81.jpg"},"nat":"NZ"}],"info":{"seed":"c437b5d7c47da1ce","results":1,"page":1,"version":"1.4"}} 
 </msg>
<msg time="2024-04-07T07:11:52.006191" level="INFO">/opt/hostedtoolcache/Python/3.12.2/x64/lib/python3.12/site-packages/urllib3/connectionpool.py:1103: InsecureRequestWarning: Unverified HTTPS request is being made to host 'randomuser.me'. Adding certificate verification is strongly advised. See: https://urllib3.readthedocs.io/en/latest/advanced-usage.html#tls-warnings
  warnings.warn(</msg>
<msg time="2024-04-07T07:11:52.006310" level="INFO">${response} = &lt;Response [200]&gt;</msg>
<var>${response}</var>
<arg>consultarAPI</arg>
<arg>/api</arg>
<doc>Sends a GET request on a previously created HTTP Session.</doc>
<status status="PASS" start="2024-04-07T07:11:51.919559" elapsed="0.086781"/>
</kw>
<kw name="Set Variable" owner="BuiltIn">
<msg time="2024-04-07T07:11:52.007378" level="INFO">${json_data} = {'results': [{'gender': 'male', 'name': {'title': 'Mr', 'first': 'Harry', 'last': 'Zhang'}, 'location': {'street': {'number': 1514, 'name': 'Victoria Road'}, 'city': 'Porirua', 'state': 'Northland', '...</msg>
<var>${json_data}</var>
<arg>${response.json()}</arg>
<doc>Returns the given values which can then be assigned to a variables.</doc>
<status status="PASS" start="2024-04-07T07:11:52.006877" elapsed="0.000531"/>
</kw>
<kw name="Log" owner="BuiltIn">
<msg time="2024-04-07T07:11:52.007921" level="INFO">{'results': [{'gender': 'male', 'name': {'title': 'Mr', 'first': 'Harry', 'last': 'Zhang'}, 'location': {'street': {'number': 1514, 'name': 'Victoria Road'}, 'city': 'Porirua', 'state': 'Northland', 'country': 'New Zealand', 'postcode': 60668, 'coordinates': {'latitude': '55.2781', 'longitude': '-99.6134'}, 'timezone': {'offset': '0:00', 'description': 'Western Europe Time, London, Lisbon, Casablanca'}}, 'email': 'harry.zhang@example.com', 'login': {'uuid': '6f72ea89-9166-47c0-ad4f-acdd2215d4a5', 'username': 'crazyzebra702', 'password': 'strap', 'salt': 'MdzABUa5', 'md5': '605567bb29cde962ac5c4641ed33aef6', 'sha1': '4d2c473b33969651d0a7bc356186750ec1a6c989', 'sha256': '400fdb907c8c6701ef1df461be86b9e637488a5bda41ad9139a1e3110016cb92'}, 'dob': {'date': '1989-09-18T12:44:54.477Z', 'age': 34}, 'registered': {'date': '2019-07-18T09:21:59.376Z', 'age': 4}, 'phone': '(110)-382-6382', 'cell': '(653)-610-9254', 'id': {'name': '', 'value': None}, 'picture': {'large': 'https://randomuser.me/api/portraits/men/81.jpg', 'medium': 'https://randomuser.me/api/portraits/med/men/81.jpg', 'thumbnail': 'https://randomuser.me/api/portraits/thumb/men/81.jpg'}, 'nat': 'NZ'}], 'info': {'seed': 'c437b5d7c47da1ce', 'results': 1, 'page': 1, 'version': '1.4'}}</msg>
<arg>${json_data}</arg>
<doc>Logs the given message with the given level.</doc>
<status status="PASS" start="2024-04-07T07:11:52.007755" elapsed="0.000246"/>
</kw>
<kw name="Should Be Equal As Numbers" owner="BuiltIn">
<arg>${json_data['results'][0]['location']['postcode']}</arg>
<arg>${json_data['results'][0]['location']['postcode']}</arg>
<doc>Fails if objects are unequal after converting them to real numbers.</doc>
<status status="PASS" start="2024-04-07T07:11:52.008317" elapsed="0.000645"/>
</kw>
<kw name="Log" owner="BuiltIn">
<msg time="2024-04-07T07:11:52.009555" level="INFO">60668</msg>
<arg>${json_data['results'][0]['location']['postcode']}</arg>
<doc>Logs the given message with the given level.</doc>
<status status="PASS" start="2024-04-07T07:11:52.009213" elapsed="0.000384"/>
</kw>
<status status="PASS" start="2024-04-07T07:11:51.919185" elapsed="0.090676"/>
</kw>
<doc>Testa se os tipos de dados na resposta da API estão corretos.</doc>
<tag>testeTiposDados</tag>
<status status="PASS" start="2024-04-07T07:11:51.833403" elapsed="0.176632"/>
</test>
<test id="s1-s1-t5" name="Validar conteudo" line="35">
<kw name="Teste de Tipos de Conteudo" owner="random-user-service">
<kw name="GET On Session" owner="RequestsLibrary">
<msg time="2024-04-07T07:11:52.353133" level="INFO">GET Request : url=https://randomuser.me/api 
 path_url=/api 
 headers={'User-Agent': 'python-requests/2.31.0', 'Accept-Encoding': 'gzip, deflate', 'Accept': '*/*', 'Connection': 'keep-alive'} 
 body=None 
 </msg>
<msg time="2024-04-07T07:11:52.353246" level="INFO">GET Response : url=https://randomuser.me/api 
 status=200, reason=OK 
 headers={'Date': 'Sun, 07 Apr 2024 07:11:52 GMT', 'Content-Type': 'application/json; charset=utf-8', 'Transfer-Encoding': 'chunked', 'Connection': 'keep-alive', 'X-Powered-By': 'Express', 'Access-Control-Allow-Origin': '*', 'Cache-Control': 'no-cache', 'ETag': 'W/"492-jPwXexQwcgpp/Qdb5KZsTfnQpsA"', 'Vary': 'Accept-Encoding', 'Content-Encoding': 'gzip', 'CF-Cache-Status': 'DYNAMIC', 'Report-To': '{"endpoints":[{"url":"https:\\/\\/a.nel.cloudflare.com\\/report\\/v4?s=CPlcMAL4e8dKjeye2sHRhHVX4vlpeWZfOxfi75BeHl50c601LSm5iY4w3CZ9%2B4a3pix5nThfD%2BUisMgAKWzQ9JVkR3%2BS%2BfCNYnUDTocF0NmiuJjzs2g%2FLBAiquUCsZKW"}],"group":"cf-nel","max_age":604800}', 'NEL': '{"success_fraction":0,"report_to":"cf-nel","max_age":604800}', 'Server': 'cloudflare', 'CF-RAY': '870834be1e1c3b14-IAD', 'alt-svc': 'h3=":443"; ma=86400'} 
 body={"results":[{"gender":"female","name":{"title":"Miss","first":"Quirien","last":"Stet"},"location":{"street":{"number":631,"name":"Commissaris van Voorst Tot Voorstlaan"},"city":"Haps","state":"Overijssel","country":"Netherlands","postcode":"1991 PC","coordinates":{"latitude":"30.5789","longitude":"40.7079"},"timezone":{"offset":"+4:30","description":"Kabul"}},"email":"quirien.stet@example.com","login":{"uuid":"ca5a145b-689c-46cd-a935-e2307f5841d3","username":"goldentiger240","password":"canyon","salt":"IJXAV16K","md5":"c56210f6c6bdc4d04e38e8a6871428c3","sha1":"41cebdfa46f90d675391a7a55c996f8c032ecffd","sha256":"806fc47428d315ba8307b0e6f6a1b4a368214887cd6a33cbdc48d8c86949c80e"},"dob":{"date":"1955-05-05T13:10:09.368Z","age":68},"registered":{"date":"2003-05-04T13:51:27.414Z","age":20},"phone":"(093) 5208254","cell":"(06) 03526365","id":{"name":"BSN","value":"69962767"},"picture":{"large":"https://randomuser.me/api/portraits/women/43.jpg","medium":"https://randomuser.me/api/portraits/med/women/43.jpg","thumbnail":"https://randomuser.me/api/portraits/thumb/women/43.jpg"},"nat":"NL"}],"info":{"seed":"0502c407083cc48f","results":1,"page":1,"version":"1.4"}} 
 </msg>
<msg time="2024-04-07T07:11:52.353323" level="INFO">/opt/hostedtoolcache/Python/3.12.2/x64/lib/python3.12/site-packages/urllib3/connectionpool.py:1103: InsecureRequestWarning: Unverified HTTPS request is being made to host 'randomuser.me'. Adding certificate verification is strongly advised. See: https://urllib3.readthedocs.io/en/latest/advanced-usage.html#tls-warnings
  warnings.warn(</msg>
<msg time="2024-04-07T07:11:52.353473" level="INFO">${response} = &lt;Response [200]&gt;</msg>
<var>${response}</var>
<arg>consultarAPI</arg>
<arg>/api</arg>
<doc>Sends a GET request on a previously created HTTP Session.</doc>
<status status="PASS" start="2024-04-07T07:11:52.012631" elapsed="0.340891"/>
</kw>
<kw name="Set Variable" owner="BuiltIn">
<msg time="2024-04-07T07:11:52.354733" level="INFO">${json_data} = {'results': [{'gender': 'female', 'name': {'title': 'Miss', 'first': 'Quirien', 'last': 'Stet'}, 'location': {'street': {'number': 631, 'name': 'Commissaris van Voorst Tot Voorstlaan'}, 'city': 'Haps'...</msg>
<var>${json_data}</var>
<arg>${response.json()}</arg>
<doc>Returns the given values which can then be assigned to a variables.</doc>
<status status="PASS" start="2024-04-07T07:11:52.354181" elapsed="0.000581"/>
</kw>
<kw name="Set Variable" owner="BuiltIn">
<msg time="2024-04-07T07:11:52.355460" level="INFO">${name_title} = Miss</msg>
<var>${name_title}</var>
<arg>${json_data["results"][0]["name"]["title"]}</arg>
<doc>Returns the given values which can then be assigned to a variables.</doc>
<status status="PASS" start="2024-04-07T07:11:52.355077" elapsed="0.000408"/>
</kw>
<kw name="Create List" owner="BuiltIn">
<msg time="2024-04-07T07:11:52.355934" level="INFO">${allowed_titles} = ['Mr', 'Ms', 'Miss', 'Mrs', 'Madame', 'Monsieur']</msg>
<var>${allowed_titles}</var>
<arg>Mr</arg>
<arg>Ms</arg>
<arg>Miss</arg>
<arg>Mrs</arg>
<arg>Madame</arg>
<arg>Monsieur</arg>
<doc>Returns a list containing given items.</doc>
<status status="PASS" start="2024-04-07T07:11:52.355785" elapsed="0.000174"/>
</kw>
<kw name="List Should Contain Value" owner="Collections">
<msg time="2024-04-07T07:11:52.356444" level="INFO">False</msg>
<arg>${allowed_titles}</arg>
<arg>${name_title}</arg>
<doc>Fails if the ``value`` is not found from ``list``.</doc>
<status status="PASS" start="2024-04-07T07:11:52.356270" elapsed="0.000211"/>
</kw>
<kw name="Set Variable" owner="BuiltIn">
<msg time="2024-04-07T07:11:52.357190" level="INFO">${name_country} = NL</msg>
<var>${name_country}</var>
<arg>${json_data["results"][0]["nat"]}</arg>
<doc>Returns the given values which can then be assigned to a variables.</doc>
<status status="PASS" start="2024-04-07T07:11:52.356768" elapsed="0.000448"/>
</kw>
<kw name="Create List" owner="BuiltIn">
<msg time="2024-04-07T07:11:52.358130" level="INFO">${list_country} = ['AD', 'AE', 'AF', 'AG', 'AI', 'AL', 'AM', 'AO', 'AQ', 'AR', 'AS', 'AT', 'AU', 'AW', 'AX', 'AZ', 'BA', 'BB', 'BD', 'BE', 'BF', 'BG', 'BH', 'BI', 'BJ', 'BL', 'BM', 'BN', 'BO', 'BQ', 'BR', 'BS', 'BT', '...</msg>
<var>${list_country}</var>
<arg>AD</arg>
<arg>AE</arg>
<arg>AF</arg>
<arg>AG</arg>
<arg>AI</arg>
<arg>AL</arg>
<arg>AM</arg>
<arg>AO</arg>
<arg>AQ</arg>
<arg>AR</arg>
<arg>AS</arg>
<arg>AT</arg>
<arg>AU</arg>
<arg>AW</arg>
<arg>AX</arg>
<arg>AZ</arg>
<arg>BA</arg>
<arg>BB</arg>
<arg>BD</arg>
<arg>BE</arg>
<arg>BF</arg>
<arg>BG</arg>
<arg>BH</arg>
<arg>BI</arg>
<arg>BJ</arg>
<arg>BL</arg>
<arg>BM</arg>
<arg>BN</arg>
<arg>BO</arg>
<arg>BQ</arg>
<arg>BR</arg>
<arg>BS</arg>
<arg>BT</arg>
<arg>BV</arg>
<arg>BW</arg>
<arg>BY</arg>
<arg>BZ</arg>
<arg>CA</arg>
<arg>CC</arg>
<arg>CD</arg>
<arg>CF</arg>
<arg>CG</arg>
<arg>CH</arg>
<arg>CI</arg>
<arg>CK</arg>
<arg>CL</arg>
<arg>CM</arg>
<arg>CN</arg>
<arg>CO</arg>
<arg>CR</arg>
<arg>CU</arg>
<arg>CV</arg>
<arg>CW</arg>
<arg>CX</arg>
<arg>CY</arg>
<arg>CZ</arg>
<arg>DE</arg>
<arg>DJ</arg>
<arg>DK</arg>
<arg>DM</arg>
<arg>DO</arg>
<arg>DZ</arg>
<arg>EC</arg>
<arg>EE</arg>
<arg>EG</arg>
<arg>EH</arg>
<arg>ER</arg>
<arg>ES</arg>
<arg>ET</arg>
<arg>FI</arg>
<arg>FJ</arg>
<arg>FK</arg>
<arg>FM</arg>
<arg>FO</arg>
<arg>FR</arg>
<arg>GA</arg>
<arg>GB</arg>
<arg>GD</arg>
<arg>GE</arg>
<arg>GF</arg>
<arg>GG</arg>
<arg>GH</arg>
<arg>GI</arg>
<arg>GL</arg>
<arg>GM</arg>
<arg>GN</arg>
<arg>GP</arg>
<arg>GQ</arg>
<arg>GR</arg>
<arg>GS</arg>
<arg>GT</arg>
<arg>GU</arg>
<arg>GW</arg>
<arg>GY</arg>
<arg>HK</arg>
<arg>HM</arg>
<arg>HN</arg>
<arg>HR</arg>
<arg>HT</arg>
<arg>HU</arg>
<arg>ID</arg>
<arg>IE</arg>
<arg>IL</arg>
<arg>IM</arg>
<arg>IN</arg>
<arg>IO</arg>
<arg>IQ</arg>
<arg>IR</arg>
<arg>IS</arg>
<arg>IT</arg>
<arg>JE</arg>
<arg>JM</arg>
<arg>JO</arg>
<arg>JP</arg>
<arg>KE</arg>
<arg>KG</arg>
<arg>KH</arg>
<arg>KI</arg>
<arg>KM</arg>
<arg>KN</arg>
<arg>KP</arg>
<arg>KR</arg>
<arg>KW</arg>
<arg>KY</arg>
<arg>KZ</arg>
<arg>LA</arg>
<arg>LB</arg>
<arg>LC</arg>
<arg>LI</arg>
<arg>LK</arg>
<arg>LR</arg>
<arg>LS</arg>
<arg>LT</arg>
<arg>LU</arg>
<arg>LV</arg>
<arg>LY</arg>
<arg>MA</arg>
<arg>MC</arg>
<arg>MD</arg>
<arg>ME</arg>
<arg>MF</arg>
<arg>MG</arg>
<arg>MH</arg>
<arg>MK</arg>
<arg>ML</arg>
<arg>MM</arg>
<arg>MN</arg>
<arg>MO</arg>
<arg>MP</arg>
<arg>MQ</arg>
<arg>MR</arg>
<arg>MS</arg>
<arg>MT</arg>
<arg>MU</arg>
<arg>MV</arg>
<arg>MW</arg>
<arg>MX</arg>
<arg>MY</arg>
<arg>MZ</arg>
<arg>NA</arg>
<arg>NC</arg>
<arg>NE</arg>
<arg>NF</arg>
<arg>NG</arg>
<arg>NI</arg>
<arg>NL</arg>
<arg>NO</arg>
<arg>NP</arg>
<arg>NR</arg>
<arg>NU</arg>
<arg>NZ</arg>
<arg>OM</arg>
<arg>PA</arg>
<arg>PE</arg>
<arg>PF</arg>
<arg>PG</arg>
<arg>PH</arg>
<arg>PK</arg>
<arg>PL</arg>
<arg>PM</arg>
<arg>PN</arg>
<arg>PR</arg>
<arg>PS</arg>
<arg>PT</arg>
<arg>PW</arg>
<arg>PY</arg>
<arg>QA</arg>
<arg>RE</arg>
<arg>RO</arg>
<arg>RS</arg>
<arg>RU</arg>
<arg>RW</arg>
<arg>SA</arg>
<arg>SB</arg>
<arg>SC</arg>
<arg>SD</arg>
<arg>SE</arg>
<arg>SG</arg>
<arg>SH</arg>
<arg>SI</arg>
<arg>SJ</arg>
<arg>SK</arg>
<arg>SL</arg>
<arg>SM</arg>
<arg>SN</arg>
<arg>SO</arg>
<arg>SR</arg>
<arg>SS</arg>
<arg>ST</arg>
<arg>SV</arg>
<arg>SX</arg>
<arg>SY</arg>
<arg>SZ</arg>
<arg>TC</arg>
<arg>TD</arg>
<arg>TF</arg>
<arg>TG</arg>
<arg>TH</arg>
<arg>TJ</arg>
<arg>TK</arg>
<arg>TL</arg>
<arg>TM</arg>
<arg>TN</arg>
<arg>TO</arg>
<arg>TR</arg>
<arg>TT</arg>
<arg>TV</arg>
<arg>TW</arg>
<arg>TZ</arg>
<arg>UA</arg>
<arg>UG</arg>
<arg>UM</arg>
<arg>US</arg>
<arg>UY</arg>
<arg>UZ</arg>
<arg>VA</arg>
<arg>VC</arg>
<arg>VE</arg>
<arg>VG</arg>
<arg>VI</arg>
<arg>VN</arg>
<arg>VU</arg>
<arg>WF</arg>
<arg>WS</arg>
<arg>XK</arg>
<arg>YE</arg>
<arg>YT</arg>
<arg>ZA</arg>
<arg>ZM</arg>
<arg>ZW</arg>
<doc>Returns a list containing given items.</doc>
<status status="PASS" start="2024-04-07T07:11:52.357531" elapsed="0.000625"/>
</kw>
<kw name="List Should Contain Value" owner="Collections">
<msg time="2024-04-07T07:11:52.359284" level="INFO">False</msg>
<arg>${list_country}</arg>
<arg>${name_country}</arg>
<doc>Fails if the ``value`` is not found from ``list``.</doc>
<status status="PASS" start="2024-04-07T07:11:52.359080" elapsed="0.000241"/>
</kw>
<kw name="Run Keyword If" owner="BuiltIn">
<kw name="Should Be True" owner="BuiltIn">
<arg>${True}</arg>
<doc>Fails if the given condition is not true.</doc>
<status status="PASS" start="2024-04-07T07:11:52.360395" elapsed="0.000144"/>
</kw>
<arg>${json_data["results"][0]["location"]["coordinates"]["latitude"]} &gt;= -90 and ${json_data["results"][0]["location"]["coordinates"]["latitude"]} &lt;= 90</arg>
<arg>Should Be True</arg>
<arg>${True}</arg>
<doc>Runs the given keyword with the given arguments, if ``condition`` is true.</doc>
<status status="PASS" start="2024-04-07T07:11:52.359633" elapsed="0.001034"/>
</kw>
<kw name="Run Keyword If" owner="BuiltIn">
<kw name="Should Be True" owner="BuiltIn">
<arg>${True}</arg>
<doc>Fails if the given condition is not true.</doc>
<status status="PASS" start="2024-04-07T07:11:52.361592" elapsed="0.000138"/>
</kw>
<arg>${json_data["results"][0]["location"]["coordinates"]["longitude"]} &gt;= -180 and ${json_data["results"][0]["location"]["coordinates"]["longitude"]} &lt;= 180</arg>
<arg>Should Be True</arg>
<arg>${True}</arg>
<doc>Runs the given keyword with the given arguments, if ``condition`` is true.</doc>
<status status="PASS" start="2024-04-07T07:11:52.360852" elapsed="0.001004"/>
</kw>
<status status="PASS" start="2024-04-07T07:11:52.012399" elapsed="0.349589"/>
</kw>
<doc>Testa o conteúdo específico dos campos retornados pela API.</doc>
<tag>testeConteudo</tag>
<status status="PASS" start="2024-04-07T07:11:52.011832" elapsed="0.350309"/>
</test>
<status status="PASS" start="2024-04-07T07:11:51.202902" elapsed="1.161213"/>
</suite>
<status status="PASS" start="2024-04-07T07:11:51.189114" elapsed="1.180408"/>
</suite>
<statistics>
<total>
<stat pass="5" fail="0" skip="0">All Tests</stat>
</total>
<tag>
<stat pass="1" fail="0" skip="0">testeConteudo</stat>
<stat pass="1" fail="0" skip="0">testeEstruturaResposta</stat>
<stat pass="1" fail="0" skip="0">testeRequisicaoBasica</stat>
<stat pass="1" fail="0" skip="0">testeTiposDados</stat>
</tag>
<suite>
<stat pass="5" fail="0" skip="0" id="s1" name="Tests">Tests</stat>
<stat pass="5" fail="0" skip="0" id="s1-s1" name="Random-User-Test">Tests.Random-User-Test</stat>
</suite>
</statistics>
<errors>
</errors>
</robot>
