<?xml version="1.0" encoding="UTF-8"?>
<robot generator="Robot 7.0 (Python 3.12.2 on linux)" generated="2024-04-05T21:12:54.682726" rpa="false" schemaversion="5">
<suite id="s1" name="Tests" source="/home/runner/work/DesafioQAItauRogerioJordao/DesafioQAItauRogerioJordao/RamdonUser/tests">
<suite id="s1-s1" name="Random-User-Test" source="/home/runner/work/DesafioQAItauRogerioJordao/DesafioQAItauRogerioJordao/RamdonUser/tests/random-user-test.robot">
<test id="s1-s1-t1" name="Conectar" line="13">
<kw name="Conectar API" owner="random-user-service">
<kw name="Create Session" owner="RequestsLibrary">
<msg time="2024-04-05T21:12:55.088214" level="INFO">Creating Session using : alias=consultarAPI, url=https://randomuser.me/, headers={},                     cookies={}, auth=None, timeout=None, proxies=None, verify=False,                     debug=0 </msg>
<arg>consultarAPI</arg>
<arg>${URL}</arg>
<doc>Create Session: create a HTTP session to a server</doc>
<status status="PASS" start="2024-04-05T21:12:55.087897" elapsed="0.000578"/>
</kw>
<status status="PASS" start="2024-04-05T21:12:55.085935" elapsed="0.003091"/>
</kw>
<status status="PASS" start="2024-04-05T21:12:55.085105" elapsed="0.004253"/>
</test>
<test id="s1-s1-t2" name="Validar retorno 200 e JSON Válido" line="16">
<kw name="Teste de Requisicao Basica" owner="random-user-service">
<kw name="GET On Session" owner="RequestsLibrary">
<msg time="2024-04-05T21:12:55.366851" level="INFO">GET Request : url=https://randomuser.me/api 
 path_url=/api 
 headers={'User-Agent': 'python-requests/2.31.0', 'Accept-Encoding': 'gzip, deflate', 'Accept': '*/*', 'Connection': 'keep-alive'} 
 body=None 
 </msg>
<msg time="2024-04-05T21:12:55.367008" level="INFO">GET Response : url=https://randomuser.me/api 
 status=200, reason=OK 
 headers={'Date': 'Fri, 05 Apr 2024 21:12:55 GMT', 'Content-Type': 'application/json; charset=utf-8', 'Transfer-Encoding': 'chunked', 'Connection': 'keep-alive', 'X-Powered-By': 'Express', 'Access-Control-Allow-Origin': '*', 'Cache-Control': 'no-cache', 'ETag': 'W/"487-eC4jMyNgQbOf/yDwGPA36fOM67Y"', 'Vary': 'Accept-Encoding', 'Content-Encoding': 'gzip', 'CF-Cache-Status': 'DYNAMIC', 'Report-To': '{"endpoints":[{"url":"https:\\/\\/a.nel.cloudflare.com\\/report\\/v4?s=BCeHtNCkorbYqlnSkSHfHSp474GU5LnTbb59LXrehP50f9fkA7L%2BT89JlnEI97h7q%2B22LXfPWMnpUkyMrkwML0qt9Sq49%2FDnH8FzUobWE49e8jpavkYqcXCJdEWz%2B5df"}],"group":"cf-nel","max_age":604800}', 'NEL': '{"success_fraction":0,"report_to":"cf-nel","max_age":604800}', 'Server': 'cloudflare', 'CF-RAY': '86fc8a0159622a89-LAX', 'alt-svc': 'h3=":443"; ma=86400'} 
 body={"results":[{"gender":"female","name":{"title":"Ms","first":"Juliette","last":"Brar"},"location":{"street":{"number":2772,"name":"36th Ave"},"city":"Maitland","state":"Québec","country":"Canada","postcode":"O9D 5U6","coordinates":{"latitude":"-71.5414","longitude":"160.9617"},"timezone":{"offset":"-7:00","description":"Mountain Time (US &amp; Canada)"}},"email":"juliette.brar@example.com","login":{"uuid":"a1f2409c-1b4a-438f-b383-a613a7972211","username":"bluemouse478","password":"ladder","salt":"RqOnF7Tp","md5":"e115e7c785b1a323e9cdb7348f2f1fc9","sha1":"5e80b3ffbc3f7f5b1b373ad5d99b739a770eddc4","sha256":"9b47a9819b381f992f30d12d31836a1591cd204a2255f3ede6fee70c3f29ca73"},"dob":{"date":"1950-12-01T04:40:27.160Z","age":73},"registered":{"date":"2006-08-05T21:29:53.883Z","age":17},"phone":"M64 E10-0301","cell":"F28 Z55-4059","id":{"name":"SIN","value":"925441271"},"picture":{"large":"https://randomuser.me/api/portraits/women/61.jpg","medium":"https://randomuser.me/api/portraits/med/women/61.jpg","thumbnail":"https://randomuser.me/api/portraits/thumb/women/61.jpg"},"nat":"CA"}],"info":{"seed":"c4bc2c2c49d3bd89","results":1,"page":1,"version":"1.4"}} 
 </msg>
<msg time="2024-04-05T21:12:55.367122" level="INFO">/opt/hostedtoolcache/Python/3.12.2/x64/lib/python3.12/site-packages/urllib3/connectionpool.py:1103: InsecureRequestWarning: Unverified HTTPS request is being made to host 'randomuser.me'. Adding certificate verification is strongly advised. See: https://urllib3.readthedocs.io/en/latest/advanced-usage.html#tls-warnings
  warnings.warn(</msg>
<msg time="2024-04-05T21:12:55.367305" level="INFO">${response} = &lt;Response [200]&gt;</msg>
<var>${response}</var>
<arg>consultarAPI</arg>
<arg>/api</arg>
<doc>Sends a GET request on a previously created HTTP Session.</doc>
<status status="PASS" start="2024-04-05T21:12:55.093759" elapsed="0.273589"/>
</kw>
<kw name="Should Be Equal As Numbers" owner="BuiltIn">
<msg time="2024-04-05T21:12:55.368367" level="INFO">Argument types are:
&lt;class 'int'&gt;
&lt;class 'str'&gt;</msg>
<arg>${response.status_code}</arg>
<arg>200</arg>
<doc>Fails if objects are unequal after converting them to real numbers.</doc>
<status status="PASS" start="2024-04-05T21:12:55.367895" elapsed="0.000544"/>
</kw>
<kw name="Log" owner="BuiltIn">
<msg time="2024-04-05T21:12:55.369157" level="INFO">200</msg>
<arg>${response.status_code}</arg>
<doc>Logs the given message with the given level.</doc>
<status status="PASS" start="2024-04-05T21:12:55.368796" elapsed="0.000405"/>
</kw>
<kw name="Set Variable" owner="BuiltIn">
<msg time="2024-04-05T21:12:55.369995" level="INFO">${json_data} = {'results': [{'gender': 'female', 'name': {'title': 'Ms', 'first': 'Juliette', 'last': 'Brar'}, 'location': {'street': {'number': 2772, 'name': '36th Ave'}, 'city': 'Maitland', 'state': 'Québec', 'cou...</msg>
<var>${json_data}</var>
<arg>${response.json()}</arg>
<doc>Returns the given values which can then be assigned to a variables.</doc>
<status status="PASS" start="2024-04-05T21:12:55.369538" elapsed="0.000486"/>
</kw>
<kw name="Dictionary Should Contain Key" owner="Collections">
<msg time="2024-04-05T21:12:55.370535" level="INFO">False</msg>
<arg>${json_data}</arg>
<arg>results</arg>
<doc>Fails if ``key`` is not found from ``dictionary``.</doc>
<status status="PASS" start="2024-04-05T21:12:55.370363" elapsed="0.000213"/>
</kw>
<status status="PASS" start="2024-04-05T21:12:55.093398" elapsed="0.277445"/>
</kw>
<doc>Testa se a API responde corretamente e retorna um objeto JSON válido.</doc>
<tag>testeRequisicaoBasica</tag>
<status status="PASS" start="2024-04-05T21:12:55.092652" elapsed="0.278387"/>
</test>
<test id="s1-s1-t3" name="Validar estrutura de resposta" line="22">
<kw name="Teste de Estrutura de Resposta" owner="random-user-service">
<kw name="GET On Session" owner="RequestsLibrary">
<msg time="2024-04-05T21:12:55.482768" level="INFO">GET Request : url=https://randomuser.me/api 
 path_url=/api 
 headers={'User-Agent': 'python-requests/2.31.0', 'Accept-Encoding': 'gzip, deflate', 'Accept': '*/*', 'Connection': 'keep-alive'} 
 body=None 
 </msg>
<msg time="2024-04-05T21:12:55.482852" level="INFO">GET Response : url=https://randomuser.me/api 
 status=200, reason=OK 
 headers={'Date': 'Fri, 05 Apr 2024 21:12:55 GMT', 'Content-Type': 'application/json; charset=utf-8', 'Transfer-Encoding': 'chunked', 'Connection': 'keep-alive', 'X-Powered-By': 'Express', 'Access-Control-Allow-Origin': '*', 'Cache-Control': 'no-cache', 'ETag': 'W/"487-YbZAatSE9zMMNKnmv+7Ash+VVRE"', 'Vary': 'Accept-Encoding', 'Content-Encoding': 'gzip', 'CF-Cache-Status': 'DYNAMIC', 'Report-To': '{"endpoints":[{"url":"https:\\/\\/a.nel.cloudflare.com\\/report\\/v4?s=dynOAOMMThZiwIjYWEqbgp1hzdgQQPnAZW4EjatVF2fqbdV%2BoZ6FAoC3n%2FzfvIJRcvq%2F02cicQlifNG5J5Zga1N%2BBKkQTi%2BYTH9ZgJxPAQkFS3DiDoFMude%2BaU%2Bkal38"}],"group":"cf-nel","max_age":604800}', 'NEL': '{"success_fraction":0,"report_to":"cf-nel","max_age":604800}', 'Server': 'cloudflare', 'CF-RAY': '86fc8a021a302a89-LAX', 'alt-svc': 'h3=":443"; ma=86400'} 
 body={"results":[{"gender":"female","name":{"title":"Miss","first":"Nikhitha","last":"Mardhekar"},"location":{"street":{"number":6481,"name":"Chimanlal Girdharlal Rd"},"city":"Bhatpara","state":"Tripura","country":"India","postcode":41763,"coordinates":{"latitude":"4.6686","longitude":"8.4979"},"timezone":{"offset":"+3:30","description":"Tehran"}},"email":"nikhitha.mardhekar@example.com","login":{"uuid":"7819a22e-503b-46bb-a117-b17ea7159685","username":"lazyostrich206","password":"asterix","salt":"anSySQNe","md5":"32973bcbac0c4200f67854dfed6d8dba","sha1":"a92ab913847cf8ac950f7342af6382d6d75d2b7c","sha256":"90cb40f4db11dd348acc20b4d24e5c834dab8f59349fa41dd1d990a56c7b58a4"},"dob":{"date":"1971-06-13T21:36:55.459Z","age":52},"registered":{"date":"2020-01-16T21:51:18.988Z","age":4},"phone":"8135453924","cell":"8820885162","id":{"name":"UIDAI","value":"113909841275"},"picture":{"large":"https://randomuser.me/api/portraits/women/66.jpg","medium":"https://randomuser.me/api/portraits/med/women/66.jpg","thumbnail":"https://randomuser.me/api/portraits/thumb/women/66.jpg"},"nat":"IN"}],"info":{"seed":"387124a4c9244029","results":1,"page":1,"version":"1.4"}} 
 </msg>
<msg time="2024-04-05T21:12:55.482980" level="INFO">/opt/hostedtoolcache/Python/3.12.2/x64/lib/python3.12/site-packages/urllib3/connectionpool.py:1103: InsecureRequestWarning: Unverified HTTPS request is being made to host 'randomuser.me'. Adding certificate verification is strongly advised. See: https://urllib3.readthedocs.io/en/latest/advanced-usage.html#tls-warnings
  warnings.warn(</msg>
<msg time="2024-04-05T21:12:55.483086" level="INFO">${response} = &lt;Response [200]&gt;</msg>
<var>${response}</var>
<arg>consultarAPI</arg>
<arg>/api</arg>
<doc>Sends a GET request on a previously created HTTP Session.</doc>
<status status="PASS" start="2024-04-05T21:12:55.374378" elapsed="0.108744"/>
</kw>
<kw name="Set Variable" owner="BuiltIn">
<msg time="2024-04-05T21:12:55.484152" level="INFO">${json_data} = {'results': [{'gender': 'female', 'name': {'title': 'Miss', 'first': 'Nikhitha', 'last': 'Mardhekar'}, 'location': {'street': {'number': 6481, 'name': 'Chimanlal Girdharlal Rd'}, 'city': 'Bhatpara', '...</msg>
<var>${json_data}</var>
<arg>${response.json()}</arg>
<doc>Returns the given values which can then be assigned to a variables.</doc>
<status status="PASS" start="2024-04-05T21:12:55.483654" elapsed="0.000528"/>
</kw>
<kw name="Log" owner="BuiltIn">
<msg time="2024-04-05T21:12:55.484667" level="INFO">{'results': [{'gender': 'female', 'name': {'title': 'Miss', 'first': 'Nikhitha', 'last': 'Mardhekar'}, 'location': {'street': {'number': 6481, 'name': 'Chimanlal Girdharlal Rd'}, 'city': 'Bhatpara', 'state': 'Tripura', 'country': 'India', 'postcode': 41763, 'coordinates': {'latitude': '4.6686', 'longitude': '8.4979'}, 'timezone': {'offset': '+3:30', 'description': 'Tehran'}}, 'email': 'nikhitha.mardhekar@example.com', 'login': {'uuid': '7819a22e-503b-46bb-a117-b17ea7159685', 'username': 'lazyostrich206', 'password': 'asterix', 'salt': 'anSySQNe', 'md5': '32973bcbac0c4200f67854dfed6d8dba', 'sha1': 'a92ab913847cf8ac950f7342af6382d6d75d2b7c', 'sha256': '90cb40f4db11dd348acc20b4d24e5c834dab8f59349fa41dd1d990a56c7b58a4'}, 'dob': {'date': '1971-06-13T21:36:55.459Z', 'age': 52}, 'registered': {'date': '2020-01-16T21:51:18.988Z', 'age': 4}, 'phone': '8135453924', 'cell': '8820885162', 'id': {'name': 'UIDAI', 'value': '113909841275'}, 'picture': {'large': 'https://randomuser.me/api/portraits/women/66.jpg', 'medium': 'https://randomuser.me/api/portraits/med/women/66.jpg', 'thumbnail': 'https://randomuser.me/api/portraits/thumb/women/66.jpg'}, 'nat': 'IN'}], 'info': {'seed': '387124a4c9244029', 'results': 1, 'page': 1, 'version': '1.4'}}</msg>
<arg>${json_data}</arg>
<doc>Logs the given message with the given level.</doc>
<status status="PASS" start="2024-04-05T21:12:55.484504" elapsed="0.000213"/>
</kw>
<kw name="Dictionary Should Contain Key" owner="Collections">
<msg time="2024-04-05T21:12:55.485182" level="INFO">False</msg>
<arg>${json_data}</arg>
<arg>results</arg>
<doc>Fails if ``key`` is not found from ``dictionary``.</doc>
<status status="PASS" start="2024-04-05T21:12:55.485020" elapsed="0.000202"/>
</kw>
<kw name="Should Not Be Empty" owner="BuiltIn">
<msg time="2024-04-05T21:12:55.485663" level="INFO">Length is 2.</msg>
<arg>${json_data}</arg>
<doc>Verifies that the given item is not empty.</doc>
<status status="PASS" start="2024-04-05T21:12:55.485525" elapsed="0.000178"/>
</kw>
<kw name="Create List" owner="BuiltIn">
<msg time="2024-04-05T21:12:55.486151" level="INFO">${expected_keys} = ['gender', 'name', 'location', 'email', 'login']</msg>
<var>${expected_keys}</var>
<arg>gender</arg>
<arg>name</arg>
<arg>location</arg>
<arg>email</arg>
<arg>login</arg>
<doc>Returns a list containing given items.</doc>
<status status="PASS" start="2024-04-05T21:12:55.485999" elapsed="0.000176"/>
</kw>
<for flavor="IN">
<iter>
<kw name="Dictionary Should Contain Key" owner="Collections">
<msg time="2024-04-05T21:12:55.487210" level="INFO">False</msg>
<arg>${json_data['results'][0]}</arg>
<arg>${key}</arg>
<doc>Fails if ``key`` is not found from ``dictionary``.</doc>
<status status="PASS" start="2024-04-05T21:12:55.486797" elapsed="0.000453"/>
</kw>
<kw name="Log" owner="BuiltIn">
<msg time="2024-04-05T21:12:55.487939" level="INFO">{'gender': 'female', 'name': {'title': 'Miss', 'first': 'Nikhitha', 'last': 'Mardhekar'}, 'location': {'street': {'number': 6481, 'name': 'Chimanlal Girdharlal Rd'}, 'city': 'Bhatpara', 'state': 'Tripura', 'country': 'India', 'postcode': 41763, 'coordinates': {'latitude': '4.6686', 'longitude': '8.4979'}, 'timezone': {'offset': '+3:30', 'description': 'Tehran'}}, 'email': 'nikhitha.mardhekar@example.com', 'login': {'uuid': '7819a22e-503b-46bb-a117-b17ea7159685', 'username': 'lazyostrich206', 'password': 'asterix', 'salt': 'anSySQNe', 'md5': '32973bcbac0c4200f67854dfed6d8dba', 'sha1': 'a92ab913847cf8ac950f7342af6382d6d75d2b7c', 'sha256': '90cb40f4db11dd348acc20b4d24e5c834dab8f59349fa41dd1d990a56c7b58a4'}, 'dob': {'date': '1971-06-13T21:36:55.459Z', 'age': 52}, 'registered': {'date': '2020-01-16T21:51:18.988Z', 'age': 4}, 'phone': '8135453924', 'cell': '8820885162', 'id': {'name': 'UIDAI', 'value': '113909841275'}, 'picture': {'large': 'https://randomuser.me/api/portraits/women/66.jpg', 'medium': 'https://randomuser.me/api/portraits/med/women/66.jpg', 'thumbnail': 'https://randomuser.me/api/portraits/thumb/women/66.jpg'}, 'nat': 'IN'}</msg>
<arg>${json_data['results'][0]}</arg>
<doc>Logs the given message with the given level.</doc>
<status status="PASS" start="2024-04-05T21:12:55.487566" elapsed="0.000422"/>
</kw>
<kw name="Log" owner="BuiltIn">
<msg time="2024-04-05T21:12:55.488423" level="INFO">gender</msg>
<arg>${key}</arg>
<doc>Logs the given message with the given level.</doc>
<status status="PASS" start="2024-04-05T21:12:55.488292" elapsed="0.000169"/>
</kw>
<var name="${key}">gender</var>
<status status="PASS" start="2024-04-05T21:12:55.486671" elapsed="0.002016"/>
</iter>
<iter>
<kw name="Dictionary Should Contain Key" owner="Collections">
<msg time="2024-04-05T21:12:55.489395" level="INFO">False</msg>
<arg>${json_data['results'][0]}</arg>
<arg>${key}</arg>
<doc>Fails if ``key`` is not found from ``dictionary``.</doc>
<status status="PASS" start="2024-04-05T21:12:55.488997" elapsed="0.000436"/>
</kw>
<kw name="Log" owner="BuiltIn">
<msg time="2024-04-05T21:12:55.490133" level="INFO">{'gender': 'female', 'name': {'title': 'Miss', 'first': 'Nikhitha', 'last': 'Mardhekar'}, 'location': {'street': {'number': 6481, 'name': 'Chimanlal Girdharlal Rd'}, 'city': 'Bhatpara', 'state': 'Tripura', 'country': 'India', 'postcode': 41763, 'coordinates': {'latitude': '4.6686', 'longitude': '8.4979'}, 'timezone': {'offset': '+3:30', 'description': 'Tehran'}}, 'email': 'nikhitha.mardhekar@example.com', 'login': {'uuid': '7819a22e-503b-46bb-a117-b17ea7159685', 'username': 'lazyostrich206', 'password': 'asterix', 'salt': 'anSySQNe', 'md5': '32973bcbac0c4200f67854dfed6d8dba', 'sha1': 'a92ab913847cf8ac950f7342af6382d6d75d2b7c', 'sha256': '90cb40f4db11dd348acc20b4d24e5c834dab8f59349fa41dd1d990a56c7b58a4'}, 'dob': {'date': '1971-06-13T21:36:55.459Z', 'age': 52}, 'registered': {'date': '2020-01-16T21:51:18.988Z', 'age': 4}, 'phone': '8135453924', 'cell': '8820885162', 'id': {'name': 'UIDAI', 'value': '113909841275'}, 'picture': {'large': 'https://randomuser.me/api/portraits/women/66.jpg', 'medium': 'https://randomuser.me/api/portraits/med/women/66.jpg', 'thumbnail': 'https://randomuser.me/api/portraits/thumb/women/66.jpg'}, 'nat': 'IN'}</msg>
<arg>${json_data['results'][0]}</arg>
<doc>Logs the given message with the given level.</doc>
<status status="PASS" start="2024-04-05T21:12:55.489766" elapsed="0.000415"/>
</kw>
<kw name="Log" owner="BuiltIn">
<msg time="2024-04-05T21:12:55.490655" level="INFO">name</msg>
<arg>${key}</arg>
<doc>Logs the given message with the given level.</doc>
<status status="PASS" start="2024-04-05T21:12:55.490524" elapsed="0.000170"/>
</kw>
<var name="${key}">name</var>
<status status="PASS" start="2024-04-05T21:12:55.488881" elapsed="0.002035"/>
</iter>
<iter>
<kw name="Dictionary Should Contain Key" owner="Collections">
<msg time="2024-04-05T21:12:55.491591" level="INFO">False</msg>
<arg>${json_data['results'][0]}</arg>
<arg>${key}</arg>
<doc>Fails if ``key`` is not found from ``dictionary``.</doc>
<status status="PASS" start="2024-04-05T21:12:55.491210" elapsed="0.000420"/>
</kw>
<kw name="Log" owner="BuiltIn">
<msg time="2024-04-05T21:12:55.492316" level="INFO">{'gender': 'female', 'name': {'title': 'Miss', 'first': 'Nikhitha', 'last': 'Mardhekar'}, 'location': {'street': {'number': 6481, 'name': 'Chimanlal Girdharlal Rd'}, 'city': 'Bhatpara', 'state': 'Tripura', 'country': 'India', 'postcode': 41763, 'coordinates': {'latitude': '4.6686', 'longitude': '8.4979'}, 'timezone': {'offset': '+3:30', 'description': 'Tehran'}}, 'email': 'nikhitha.mardhekar@example.com', 'login': {'uuid': '7819a22e-503b-46bb-a117-b17ea7159685', 'username': 'lazyostrich206', 'password': 'asterix', 'salt': 'anSySQNe', 'md5': '32973bcbac0c4200f67854dfed6d8dba', 'sha1': 'a92ab913847cf8ac950f7342af6382d6d75d2b7c', 'sha256': '90cb40f4db11dd348acc20b4d24e5c834dab8f59349fa41dd1d990a56c7b58a4'}, 'dob': {'date': '1971-06-13T21:36:55.459Z', 'age': 52}, 'registered': {'date': '2020-01-16T21:51:18.988Z', 'age': 4}, 'phone': '8135453924', 'cell': '8820885162', 'id': {'name': 'UIDAI', 'value': '113909841275'}, 'picture': {'large': 'https://randomuser.me/api/portraits/women/66.jpg', 'medium': 'https://randomuser.me/api/portraits/med/women/66.jpg', 'thumbnail': 'https://randomuser.me/api/portraits/thumb/women/66.jpg'}, 'nat': 'IN'}</msg>
<arg>${json_data['results'][0]}</arg>
<doc>Logs the given message with the given level.</doc>
<status status="PASS" start="2024-04-05T21:12:55.491940" elapsed="0.000430"/>
</kw>
<kw name="Log" owner="BuiltIn">
<msg time="2024-04-05T21:12:55.492803" level="INFO">location</msg>
<arg>${key}</arg>
<doc>Logs the given message with the given level.</doc>
<status status="PASS" start="2024-04-05T21:12:55.492672" elapsed="0.000171"/>
</kw>
<var name="${key}">location</var>
<status status="PASS" start="2024-04-05T21:12:55.491098" elapsed="0.001970"/>
</iter>
<iter>
<kw name="Dictionary Should Contain Key" owner="Collections">
<msg time="2024-04-05T21:12:55.493747" level="INFO">False</msg>
<arg>${json_data['results'][0]}</arg>
<arg>${key}</arg>
<doc>Fails if ``key`` is not found from ``dictionary``.</doc>
<status status="PASS" start="2024-04-05T21:12:55.493353" elapsed="0.000433"/>
</kw>
<kw name="Log" owner="BuiltIn">
<msg time="2024-04-05T21:12:55.494477" level="INFO">{'gender': 'female', 'name': {'title': 'Miss', 'first': 'Nikhitha', 'last': 'Mardhekar'}, 'location': {'street': {'number': 6481, 'name': 'Chimanlal Girdharlal Rd'}, 'city': 'Bhatpara', 'state': 'Tripura', 'country': 'India', 'postcode': 41763, 'coordinates': {'latitude': '4.6686', 'longitude': '8.4979'}, 'timezone': {'offset': '+3:30', 'description': 'Tehran'}}, 'email': 'nikhitha.mardhekar@example.com', 'login': {'uuid': '7819a22e-503b-46bb-a117-b17ea7159685', 'username': 'lazyostrich206', 'password': 'asterix', 'salt': 'anSySQNe', 'md5': '32973bcbac0c4200f67854dfed6d8dba', 'sha1': 'a92ab913847cf8ac950f7342af6382d6d75d2b7c', 'sha256': '90cb40f4db11dd348acc20b4d24e5c834dab8f59349fa41dd1d990a56c7b58a4'}, 'dob': {'date': '1971-06-13T21:36:55.459Z', 'age': 52}, 'registered': {'date': '2020-01-16T21:51:18.988Z', 'age': 4}, 'phone': '8135453924', 'cell': '8820885162', 'id': {'name': 'UIDAI', 'value': '113909841275'}, 'picture': {'large': 'https://randomuser.me/api/portraits/women/66.jpg', 'medium': 'https://randomuser.me/api/portraits/med/women/66.jpg', 'thumbnail': 'https://randomuser.me/api/portraits/thumb/women/66.jpg'}, 'nat': 'IN'}</msg>
<arg>${json_data['results'][0]}</arg>
<doc>Logs the given message with the given level.</doc>
<status status="PASS" start="2024-04-05T21:12:55.494087" elapsed="0.000439"/>
</kw>
<kw name="Log" owner="BuiltIn">
<msg time="2024-04-05T21:12:55.494952" level="INFO">email</msg>
<arg>${key}</arg>
<doc>Logs the given message with the given level.</doc>
<status status="PASS" start="2024-04-05T21:12:55.494824" elapsed="0.000167"/>
</kw>
<var name="${key}">email</var>
<status status="PASS" start="2024-04-05T21:12:55.493244" elapsed="0.001962"/>
</iter>
<iter>
<kw name="Dictionary Should Contain Key" owner="Collections">
<msg time="2024-04-05T21:12:55.495891" level="INFO">False</msg>
<arg>${json_data['results'][0]}</arg>
<arg>${key}</arg>
<doc>Fails if ``key`` is not found from ``dictionary``.</doc>
<status status="PASS" start="2024-04-05T21:12:55.495495" elapsed="0.000434"/>
</kw>
<kw name="Log" owner="BuiltIn">
<msg time="2024-04-05T21:12:55.496589" level="INFO">{'gender': 'female', 'name': {'title': 'Miss', 'first': 'Nikhitha', 'last': 'Mardhekar'}, 'location': {'street': {'number': 6481, 'name': 'Chimanlal Girdharlal Rd'}, 'city': 'Bhatpara', 'state': 'Tripura', 'country': 'India', 'postcode': 41763, 'coordinates': {'latitude': '4.6686', 'longitude': '8.4979'}, 'timezone': {'offset': '+3:30', 'description': 'Tehran'}}, 'email': 'nikhitha.mardhekar@example.com', 'login': {'uuid': '7819a22e-503b-46bb-a117-b17ea7159685', 'username': 'lazyostrich206', 'password': 'asterix', 'salt': 'anSySQNe', 'md5': '32973bcbac0c4200f67854dfed6d8dba', 'sha1': 'a92ab913847cf8ac950f7342af6382d6d75d2b7c', 'sha256': '90cb40f4db11dd348acc20b4d24e5c834dab8f59349fa41dd1d990a56c7b58a4'}, 'dob': {'date': '1971-06-13T21:36:55.459Z', 'age': 52}, 'registered': {'date': '2020-01-16T21:51:18.988Z', 'age': 4}, 'phone': '8135453924', 'cell': '8820885162', 'id': {'name': 'UIDAI', 'value': '113909841275'}, 'picture': {'large': 'https://randomuser.me/api/portraits/women/66.jpg', 'medium': 'https://randomuser.me/api/portraits/med/women/66.jpg', 'thumbnail': 'https://randomuser.me/api/portraits/thumb/women/66.jpg'}, 'nat': 'IN'}</msg>
<arg>${json_data['results'][0]}</arg>
<doc>Logs the given message with the given level.</doc>
<status status="PASS" start="2024-04-05T21:12:55.496229" elapsed="0.000417"/>
</kw>
<kw name="Log" owner="BuiltIn">
<msg time="2024-04-05T21:12:55.497073" level="INFO">login</msg>
<arg>${key}</arg>
<doc>Logs the given message with the given level.</doc>
<status status="PASS" start="2024-04-05T21:12:55.496946" elapsed="0.000272"/>
</kw>
<var name="${key}">login</var>
<status status="PASS" start="2024-04-05T21:12:55.495381" elapsed="0.002088"/>
</iter>
<var>${key}</var>
<value>@{expected_keys}</value>
<status status="PASS" start="2024-04-05T21:12:55.486479" elapsed="0.011123"/>
</for>
<kw name="Create List" owner="BuiltIn">
<msg time="2024-04-05T21:12:55.497940" level="INFO">${expected_keysTwo} = ['username', 'password']</msg>
<var>${expected_keysTwo}</var>
<arg>username</arg>
<arg>password</arg>
<doc>Returns a list containing given items.</doc>
<status status="PASS" start="2024-04-05T21:12:55.497799" elapsed="0.000165"/>
</kw>
<for flavor="IN">
<iter>
<kw name="Dictionary Should Contain Key" owner="Collections">
<msg time="2024-04-05T21:12:55.498944" level="INFO">False</msg>
<arg>${json_data['results'][0]['login']}</arg>
<arg>${keyTwo}</arg>
<doc>Fails if ``key`` is not found from ``dictionary``.</doc>
<status status="PASS" start="2024-04-05T21:12:55.498498" elapsed="0.000493"/>
</kw>
<kw name="Dictionary Should Contain Key" owner="Collections">
<msg time="2024-04-05T21:12:55.499687" level="INFO">False</msg>
<arg>${json_data['results'][0]['login']}</arg>
<arg>${keyTwo}</arg>
<doc>Fails if ``key`` is not found from ``dictionary``.</doc>
<status status="PASS" start="2024-04-05T21:12:55.499304" elapsed="0.000421"/>
</kw>
<kw name="Log" owner="BuiltIn">
<msg time="2024-04-05T21:12:55.500148" level="INFO">username</msg>
<arg>${keyTwo}</arg>
<doc>Logs the given message with the given level.</doc>
<status status="PASS" start="2024-04-05T21:12:55.500021" elapsed="0.000165"/>
</kw>
<var name="${keyTwo}">username</var>
<status status="PASS" start="2024-04-05T21:12:55.498388" elapsed="0.002014"/>
</iter>
<iter>
<kw name="Dictionary Should Contain Key" owner="Collections">
<msg time="2024-04-05T21:12:55.501071" level="INFO">False</msg>
<arg>${json_data['results'][0]['login']}</arg>
<arg>${keyTwo}</arg>
<doc>Fails if ``key`` is not found from ``dictionary``.</doc>
<status status="PASS" start="2024-04-05T21:12:55.500688" elapsed="0.000421"/>
</kw>
<kw name="Dictionary Should Contain Key" owner="Collections">
<msg time="2024-04-05T21:12:55.501781" level="INFO">False</msg>
<arg>${json_data['results'][0]['login']}</arg>
<arg>${keyTwo}</arg>
<doc>Fails if ``key`` is not found from ``dictionary``.</doc>
<status status="PASS" start="2024-04-05T21:12:55.501401" elapsed="0.000419"/>
</kw>
<kw name="Log" owner="BuiltIn">
<msg time="2024-04-05T21:12:55.502274" level="INFO">password</msg>
<arg>${keyTwo}</arg>
<doc>Logs the given message with the given level.</doc>
<status status="PASS" start="2024-04-05T21:12:55.502116" elapsed="0.000198"/>
</kw>
<var name="${keyTwo}">password</var>
<status status="PASS" start="2024-04-05T21:12:55.500578" elapsed="0.001967"/>
</iter>
<var>${keyTwo}</var>
<value>@{expected_keysTwo}</value>
<status status="PASS" start="2024-04-05T21:12:55.498225" elapsed="0.004445"/>
</for>
<status status="PASS" start="2024-04-05T21:12:55.373955" elapsed="0.128860"/>
</kw>
<doc>Testa a estrutura da resposta da API.</doc>
<tag>testeEstruturaResposta</tag>
<status status="PASS" start="2024-04-05T21:12:55.372935" elapsed="0.130051"/>
</test>
<test id="s1-s1-t4" name="Validar tipos de dados" line="28">
<kw name="Teste de Tipos de Dados" owner="random-user-service">
<kw name="GET On Session" owner="RequestsLibrary">
<msg time="2024-04-05T21:12:55.603905" level="INFO">GET Request : url=https://randomuser.me/api 
 path_url=/api 
 headers={'User-Agent': 'python-requests/2.31.0', 'Accept-Encoding': 'gzip, deflate', 'Accept': '*/*', 'Connection': 'keep-alive'} 
 body=None 
 </msg>
<msg time="2024-04-05T21:12:55.603989" level="INFO">GET Response : url=https://randomuser.me/api 
 status=200, reason=OK 
 headers={'Date': 'Fri, 05 Apr 2024 21:12:55 GMT', 'Content-Type': 'application/json; charset=utf-8', 'Transfer-Encoding': 'chunked', 'Connection': 'keep-alive', 'X-Powered-By': 'Express', 'Access-Control-Allow-Origin': '*', 'Cache-Control': 'no-cache', 'ETag': 'W/"4a1-khFNBUozmNzGNzYqRCDPrcW9EyU"', 'Vary': 'Accept-Encoding', 'Content-Encoding': 'gzip', 'CF-Cache-Status': 'DYNAMIC', 'Report-To': '{"endpoints":[{"url":"https:\\/\\/a.nel.cloudflare.com\\/report\\/v4?s=yx950f8tMPrgmzsWKDW5p%2ByYoqE6zeC3pEgB8wUoSEktcA50tI9WZlf%2BAbPsyJbFD5bybyy2NdZowGIrc9XgSwHtb0%2FUI%2FdsMezQqDn0aXWpQ%2F1%2F90hUuKmjgqLGALom"}],"group":"cf-nel","max_age":604800}', 'NEL': '{"success_fraction":0,"report_to":"cf-nel","max_age":604800}', 'Server': 'cloudflare', 'CF-RAY': '86fc8a02eb352a89-LAX', 'alt-svc': 'h3=":443"; ma=86400'} 
 body={"results":[{"gender":"female","name":{"title":"Mrs","first":"کیانا","last":"کریمی"},"location":{"street":{"number":7318,"name":"شهید علی باستانی"},"city":"بجنورد","state":"بوشهر","country":"Iran","postcode":33360,"coordinates":{"latitude":"21.2289","longitude":"42.6853"},"timezone":{"offset":"+1:00","description":"Brussels, Copenhagen, Madrid, Paris"}},"email":"khyn.khrymy@example.com","login":{"uuid":"ee67b733-4de4-45f5-b4c1-27db102e0c37","username":"beautifuldog544","password":"rotten","salt":"Z5qt9v9q","md5":"81b436a9c710c00f9a6b32893ca6bbb5","sha1":"519431b0f4a3926f492f2bb62f9af75f0d08bb14","sha256":"540cea42905c3ce4ec4f5f83359b9149935f263414682452f3fc51ff1890e142"},"dob":{"date":"1991-09-12T05:59:01.695Z","age":32},"registered":{"date":"2016-04-16T09:44:29.521Z","age":7},"phone":"001-80724490","cell":"0923-125-2560","id":{"name":"","value":null},"picture":{"large":"https://randomuser.me/api/portraits/women/8.jpg","medium":"https://randomuser.me/api/portraits/med/women/8.jpg","thumbnail":"https://randomuser.me/api/portraits/thumb/women/8.jpg"},"nat":"IR"}],"info":{"seed":"5e1ffe29df14fc32","results":1,"page":1,"version":"1.4"}} 
 </msg>
<msg time="2024-04-05T21:12:55.604055" level="INFO">/opt/hostedtoolcache/Python/3.12.2/x64/lib/python3.12/site-packages/urllib3/connectionpool.py:1103: InsecureRequestWarning: Unverified HTTPS request is being made to host 'randomuser.me'. Adding certificate verification is strongly advised. See: https://urllib3.readthedocs.io/en/latest/advanced-usage.html#tls-warnings
  warnings.warn(</msg>
<msg time="2024-04-05T21:12:55.604146" level="INFO">${response} = &lt;Response [200]&gt;</msg>
<var>${response}</var>
<arg>consultarAPI</arg>
<arg>/api</arg>
<doc>Sends a GET request on a previously created HTTP Session.</doc>
<status status="PASS" start="2024-04-05T21:12:55.505420" elapsed="0.098761"/>
</kw>
<kw name="Set Variable" owner="BuiltIn">
<msg time="2024-04-05T21:12:55.605063" level="INFO">${json_data} = {'results': [{'gender': 'female', 'name': {'title': 'Mrs', 'first': 'کیانا', 'last': 'کریمی'}, 'location': {'street': {'number': 7318, 'name': 'شهید علی باستانی'}, 'city': 'بجنورد', 'state': 'بوشهر', ...</msg>
<var>${json_data}</var>
<arg>${response.json()}</arg>
<doc>Returns the given values which can then be assigned to a variables.</doc>
<status status="PASS" start="2024-04-05T21:12:55.604594" elapsed="0.000501"/>
</kw>
<kw name="Log" owner="BuiltIn">
<msg time="2024-04-05T21:12:55.605574" level="INFO">{'results': [{'gender': 'female', 'name': {'title': 'Mrs', 'first': 'کیانا', 'last': 'کریمی'}, 'location': {'street': {'number': 7318, 'name': 'شهید علی باستانی'}, 'city': 'بجنورد', 'state': 'بوشهر', 'country': 'Iran', 'postcode': 33360, 'coordinates': {'latitude': '21.2289', 'longitude': '42.6853'}, 'timezone': {'offset': '+1:00', 'description': 'Brussels, Copenhagen, Madrid, Paris'}}, 'email': 'khyn.khrymy@example.com', 'login': {'uuid': 'ee67b733-4de4-45f5-b4c1-27db102e0c37', 'username': 'beautifuldog544', 'password': 'rotten', 'salt': 'Z5qt9v9q', 'md5': '81b436a9c710c00f9a6b32893ca6bbb5', 'sha1': '519431b0f4a3926f492f2bb62f9af75f0d08bb14', 'sha256': '540cea42905c3ce4ec4f5f83359b9149935f263414682452f3fc51ff1890e142'}, 'dob': {'date': '1991-09-12T05:59:01.695Z', 'age': 32}, 'registered': {'date': '2016-04-16T09:44:29.521Z', 'age': 7}, 'phone': '001-80724490', 'cell': '0923-125-2560', 'id': {'name': '', 'value': None}, 'picture': {'large': 'https://randomuser.me/api/portraits/women/8.jpg', 'medium': 'https://randomuser.me/api/portraits/med/women/8.jpg', 'thumbnail': 'https://randomuser.me/api/portraits/thumb/women/8.jpg'}, 'nat': 'IR'}], 'info': {'seed': '5e1ffe29df14fc32', 'results': 1, 'page': 1, 'version': '1.4'}}</msg>
<arg>${json_data}</arg>
<doc>Logs the given message with the given level.</doc>
<status status="PASS" start="2024-04-05T21:12:55.605413" elapsed="0.000246"/>
</kw>
<kw name="Should Be String" owner="String">
<arg>${json_data['results'][0]['gender']}</arg>
<doc>Fails if the given ``item`` is not a string.</doc>
<status status="PASS" start="2024-04-05T21:12:55.605969" elapsed="0.000439"/>
</kw>
<kw name="Should Match Regexp" owner="BuiltIn">
<arg>${json_data['results'][0]['email']}</arg>
<arg>^[a-zA-Z0-9._%+-]+@[a-zA-Z0-9.-]+\.[a-zA-Z]{2,}$</arg>
<doc>Fails if ``string`` does not match ``pattern`` as a regular expression.</doc>
<status status="PASS" start="2024-04-05T21:12:55.606609" elapsed="0.000529"/>
</kw>
<kw name="Should Match Regexp" owner="BuiltIn">
<arg>${json_data['results'][0]['dob']['date']}</arg>
<arg>\\d{4}-\\d{2}-\\d{2}T\\d{2}:\\d{2}:\\d{2}\\.\\d{3}Z</arg>
<doc>Fails if ``string`` does not match ``pattern`` as a regular expression.</doc>
<status status="PASS" start="2024-04-05T21:12:55.607340" elapsed="0.000501"/>
</kw>
<kw name="Should Match Regexp" owner="BuiltIn">
<arg>${json_data['results'][0]['registered']['date']}</arg>
<arg>\\d{4}-\\d{2}-\\d{2}T\\d{2}:\\d{2}:\\d{2}\\.\\d{3}Z</arg>
<doc>Fails if ``string`` does not match ``pattern`` as a regular expression.</doc>
<status status="PASS" start="2024-04-05T21:12:55.608040" elapsed="0.000377"/>
</kw>
<kw name="Should Match Regexp" owner="BuiltIn">
<arg>${json_data['results'][0]['picture']['large']}</arg>
<arg>^https?://.*\.(?:png|jpe?g|gif|bmp)$</arg>
<doc>Fails if ``string`` does not match ``pattern`` as a regular expression.</doc>
<status status="PASS" start="2024-04-05T21:12:55.608608" elapsed="0.000465"/>
</kw>
<kw name="Should Match Regexp" owner="BuiltIn">
<arg>${json_data['results'][0]['picture']['medium']}</arg>
<arg>^https?://.*\.(?:png|jpe?g|gif|bmp)$</arg>
<doc>Fails if ``string`` does not match ``pattern`` as a regular expression.</doc>
<status status="PASS" start="2024-04-05T21:12:55.609274" elapsed="0.000359"/>
</kw>
<kw name="Should Match Regexp" owner="BuiltIn">
<arg>${json_data['results'][0]['picture']['thumbnail']}</arg>
<arg>^https?://.*\.(?:png|jpe?g|gif|bmp)$</arg>
<doc>Fails if ``string`` does not match ``pattern`` as a regular expression.</doc>
<status status="PASS" start="2024-04-05T21:12:55.609822" elapsed="0.000350"/>
</kw>
<kw name="Log" owner="BuiltIn">
<msg time="2024-04-05T21:12:55.610714" level="INFO">{'large': 'https://randomuser.me/api/portraits/women/8.jpg', 'medium': 'https://randomuser.me/api/portraits/med/women/8.jpg', 'thumbnail': 'https://randomuser.me/api/portraits/thumb/women/8.jpg'}</msg>
<arg>${json_data['results'][0]['picture']}</arg>
<doc>Logs the given message with the given level.</doc>
<status status="PASS" start="2024-04-05T21:12:55.610380" elapsed="0.000378"/>
</kw>
<status status="PASS" start="2024-04-05T21:12:55.505189" elapsed="0.105826"/>
</kw>
<kw name="Teste de Tipos de Dados - Postcode" owner="random-user-service">
<kw name="GET On Session" owner="RequestsLibrary">
<msg time="2024-04-05T21:12:55.720551" level="INFO">GET Request : url=https://randomuser.me/api 
 path_url=/api 
 headers={'User-Agent': 'python-requests/2.31.0', 'Accept-Encoding': 'gzip, deflate', 'Accept': '*/*', 'Connection': 'keep-alive'} 
 body=None 
 </msg>
<msg time="2024-04-05T21:12:55.720631" level="INFO">GET Response : url=https://randomuser.me/api 
 status=200, reason=OK 
 headers={'Date': 'Fri, 05 Apr 2024 21:12:55 GMT', 'Content-Type': 'application/json; charset=utf-8', 'Transfer-Encoding': 'chunked', 'Connection': 'keep-alive', 'X-Powered-By': 'Express', 'Access-Control-Allow-Origin': '*', 'Cache-Control': 'no-cache', 'ETag': 'W/"489-i4GdpQVQcJAhkxMxt1EmK+jS48o"', 'Vary': 'Accept-Encoding', 'Content-Encoding': 'gzip', 'CF-Cache-Status': 'DYNAMIC', 'Report-To': '{"endpoints":[{"url":"https:\\/\\/a.nel.cloudflare.com\\/report\\/v4?s=eA84vnQKARBYsNQhoR31G0q9tTunWwvwZ9rCFYOv8Hm1No14Sx1KUKl3XvH4Oymnvogck8TP1b3%2BcQbzDzuO4h6nEoUQRKXu2SfVmWA8gY2EI5JMD7X7v0fG%2FCCDbFCg"}],"group":"cf-nel","max_age":604800}', 'NEL': '{"success_fraction":0,"report_to":"cf-nel","max_age":604800}', 'Server': 'cloudflare', 'CF-RAY': '86fc8a039bef2a89-LAX', 'alt-svc': 'h3=":443"; ma=86400'} 
 body={"results":[{"gender":"male","name":{"title":"Mr","first":"Boronislav","last":"Priymak"},"location":{"street":{"number":6966,"name":"Kovalya"},"city":"Svalyava","state":"Vinnicka","country":"Ukraine","postcode":25926,"coordinates":{"latitude":"80.4652","longitude":"-157.8538"},"timezone":{"offset":"-3:00","description":"Brazil, Buenos Aires, Georgetown"}},"email":"boronislav.priymak@example.com","login":{"uuid":"1b5b6c12-b2af-450d-ae37-ec6caef67f82","username":"blueladybug904","password":"username","salt":"TkQ9va3Q","md5":"667b54128b65584f55af4f31d8cac578","sha1":"73752ceecf82b5d8b810f43539452ab3d7881e21","sha256":"ad7bc5fc886860908029726671aa55310ea6a553336cd507ce970d976793aa9e"},"dob":{"date":"1990-03-21T17:29:44.848Z","age":34},"registered":{"date":"2010-11-26T11:23:34.610Z","age":13},"phone":"(097) X94-4951","cell":"(066) T38-0517","id":{"name":"","value":null},"picture":{"large":"https://randomuser.me/api/portraits/men/80.jpg","medium":"https://randomuser.me/api/portraits/med/men/80.jpg","thumbnail":"https://randomuser.me/api/portraits/thumb/men/80.jpg"},"nat":"UA"}],"info":{"seed":"45188e4636836d01","results":1,"page":1,"version":"1.4"}} 
 </msg>
<msg time="2024-04-05T21:12:55.720710" level="INFO">/opt/hostedtoolcache/Python/3.12.2/x64/lib/python3.12/site-packages/urllib3/connectionpool.py:1103: InsecureRequestWarning: Unverified HTTPS request is being made to host 'randomuser.me'. Adding certificate verification is strongly advised. See: https://urllib3.readthedocs.io/en/latest/advanced-usage.html#tls-warnings
  warnings.warn(</msg>
<msg time="2024-04-05T21:12:55.720818" level="INFO">${response} = &lt;Response [200]&gt;</msg>
<var>${response}</var>
<arg>consultarAPI</arg>
<arg>/api</arg>
<doc>Sends a GET request on a previously created HTTP Session.</doc>
<status status="PASS" start="2024-04-05T21:12:55.611579" elapsed="0.109280"/>
</kw>
<kw name="Set Variable" owner="BuiltIn">
<msg time="2024-04-05T21:12:55.721761" level="INFO">${json_data} = {'results': [{'gender': 'male', 'name': {'title': 'Mr', 'first': 'Boronislav', 'last': 'Priymak'}, 'location': {'street': {'number': 6966, 'name': 'Kovalya'}, 'city': 'Svalyava', 'state': 'Vinnicka', ...</msg>
<var>${json_data}</var>
<arg>${response.json()}</arg>
<doc>Returns the given values which can then be assigned to a variables.</doc>
<status status="PASS" start="2024-04-05T21:12:55.721325" elapsed="0.000463"/>
</kw>
<kw name="Log" owner="BuiltIn">
<msg time="2024-04-05T21:12:55.722278" level="INFO">{'results': [{'gender': 'male', 'name': {'title': 'Mr', 'first': 'Boronislav', 'last': 'Priymak'}, 'location': {'street': {'number': 6966, 'name': 'Kovalya'}, 'city': 'Svalyava', 'state': 'Vinnicka', 'country': 'Ukraine', 'postcode': 25926, 'coordinates': {'latitude': '80.4652', 'longitude': '-157.8538'}, 'timezone': {'offset': '-3:00', 'description': 'Brazil, Buenos Aires, Georgetown'}}, 'email': 'boronislav.priymak@example.com', 'login': {'uuid': '1b5b6c12-b2af-450d-ae37-ec6caef67f82', 'username': 'blueladybug904', 'password': 'username', 'salt': 'TkQ9va3Q', 'md5': '667b54128b65584f55af4f31d8cac578', 'sha1': '73752ceecf82b5d8b810f43539452ab3d7881e21', 'sha256': 'ad7bc5fc886860908029726671aa55310ea6a553336cd507ce970d976793aa9e'}, 'dob': {'date': '1990-03-21T17:29:44.848Z', 'age': 34}, 'registered': {'date': '2010-11-26T11:23:34.610Z', 'age': 13}, 'phone': '(097) X94-4951', 'cell': '(066) T38-0517', 'id': {'name': '', 'value': None}, 'picture': {'large': 'https://randomuser.me/api/portraits/men/80.jpg', 'medium': 'https://randomuser.me/api/portraits/med/men/80.jpg', 'thumbnail': 'https://randomuser.me/api/portraits/thumb/men/80.jpg'}, 'nat': 'UA'}], 'info': {'seed': '45188e4636836d01', 'results': 1, 'page': 1, 'version': '1.4'}}</msg>
<arg>${json_data}</arg>
<doc>Logs the given message with the given level.</doc>
<status status="PASS" start="2024-04-05T21:12:55.722089" elapsed="0.000268"/>
</kw>
<kw name="Should Be Equal As Numbers" owner="BuiltIn">
<arg>${json_data['results'][0]['location']['postcode']}</arg>
<arg>${json_data['results'][0]['location']['postcode']}</arg>
<doc>Fails if objects are unequal after converting them to real numbers.</doc>
<status status="PASS" start="2024-04-05T21:12:55.722659" elapsed="0.000642"/>
</kw>
<kw name="Log" owner="BuiltIn">
<msg time="2024-04-05T21:12:55.723831" level="INFO">25926</msg>
<arg>${json_data['results'][0]['location']['postcode']}</arg>
<doc>Logs the given message with the given level.</doc>
<status status="PASS" start="2024-04-05T21:12:55.723492" elapsed="0.000379"/>
</kw>
<status status="PASS" start="2024-04-05T21:12:55.611230" elapsed="0.112892"/>
</kw>
<doc>Testa se os tipos de dados na resposta da API estão corretos.</doc>
<tag>testeTiposDados</tag>
<status status="PASS" start="2024-04-05T21:12:55.504734" elapsed="0.219551"/>
</test>
<test id="s1-s1-t5" name="Validar conteudo" line="35">
<kw name="Teste de Tipos de Conteudo" owner="random-user-service">
<kw name="GET On Session" owner="RequestsLibrary">
<msg time="2024-04-05T21:12:56.245636" level="INFO">GET Request : url=https://randomuser.me/api 
 path_url=/api 
 headers={'User-Agent': 'python-requests/2.31.0', 'Accept-Encoding': 'gzip, deflate', 'Accept': '*/*', 'Connection': 'keep-alive'} 
 body=None 
 </msg>
<msg time="2024-04-05T21:12:56.245750" level="INFO">GET Response : url=https://randomuser.me/api 
 status=200, reason=OK 
 headers={'Date': 'Fri, 05 Apr 2024 21:12:56 GMT', 'Content-Type': 'application/json; charset=utf-8', 'Transfer-Encoding': 'chunked', 'Connection': 'keep-alive', 'X-Powered-By': 'Express', 'Access-Control-Allow-Origin': '*', 'Cache-Control': 'no-cache', 'ETag': 'W/"495-UllQ1I+qCqqbzk+yUaTzj+0esqE"', 'Vary': 'Accept-Encoding', 'Content-Encoding': 'gzip', 'CF-Cache-Status': 'DYNAMIC', 'Report-To': '{"endpoints":[{"url":"https:\\/\\/a.nel.cloudflare.com\\/report\\/v4?s=POkRRHM0QrTWZ882KQehK3Jwsmxy8Gs6scE6Vzzohezup25efs21cZKMPIJOuZVF4lIVqC1crW6RYBiYP0gu2Yb%2BRzVlbCKEuYCNzwHETWDfUN6hj5EnSy1VmRtmp4Zn"}],"group":"cf-nel","max_age":604800}', 'NEL': '{"success_fraction":0,"report_to":"cf-nel","max_age":604800}', 'Server': 'cloudflare', 'CF-RAY': '86fc8a044cb62a89-LAX', 'alt-svc': 'h3=":443"; ma=86400'} 
 body={"results":[{"gender":"female","name":{"title":"Mrs","first":"Emily","last":"Kristensen"},"location":{"street":{"number":5603,"name":"Dronningensgade"},"city":"Rønnede","state":"Nordjylland","country":"Denmark","postcode":55456,"coordinates":{"latitude":"-42.2977","longitude":"128.2305"},"timezone":{"offset":"+5:30","description":"Bombay, Calcutta, Madras, New Delhi"}},"email":"emily.kristensen@example.com","login":{"uuid":"46ab82b8-8c49-4b76-a07e-2891562ef754","username":"tinycat551","password":"hydro","salt":"XqMQDzAd","md5":"c76a23ae29be4dd260523599ce935262","sha1":"43da5c06a1075b54aa4189b683c65096a57b982f","sha256":"8421a89b2962889ffdcc7fbfabca14059ea030efe5bd038d5f1ebc2e592e46ea"},"dob":{"date":"1978-09-13T21:19:05.387Z","age":45},"registered":{"date":"2003-09-10T10:28:46.696Z","age":20},"phone":"41994327","cell":"44058846","id":{"name":"CPR","value":"130978-4482"},"picture":{"large":"https://randomuser.me/api/portraits/women/34.jpg","medium":"https://randomuser.me/api/portraits/med/women/34.jpg","thumbnail":"https://randomuser.me/api/portraits/thumb/women/34.jpg"},"nat":"DK"}],"info":{"seed":"d698428eb4007614","results":1,"page":1,"version":"1.4"}} 
 </msg>
<msg time="2024-04-05T21:12:56.245831" level="INFO">/opt/hostedtoolcache/Python/3.12.2/x64/lib/python3.12/site-packages/urllib3/connectionpool.py:1103: InsecureRequestWarning: Unverified HTTPS request is being made to host 'randomuser.me'. Adding certificate verification is strongly advised. See: https://urllib3.readthedocs.io/en/latest/advanced-usage.html#tls-warnings
  warnings.warn(</msg>
<msg time="2024-04-05T21:12:56.245976" level="INFO">${response} = &lt;Response [200]&gt;</msg>
<var>${response}</var>
<arg>consultarAPI</arg>
<arg>/api</arg>
<doc>Sends a GET request on a previously created HTTP Session.</doc>
<status status="PASS" start="2024-04-05T21:12:55.726676" elapsed="0.519350"/>
</kw>
<kw name="Set Variable" owner="BuiltIn">
<msg time="2024-04-05T21:12:56.247290" level="INFO">${json_data} = {'results': [{'gender': 'female', 'name': {'title': 'Mrs', 'first': 'Emily', 'last': 'Kristensen'}, 'location': {'street': {'number': 5603, 'name': 'Dronningensgade'}, 'city': 'Rønnede', 'state': 'Nor...</msg>
<var>${json_data}</var>
<arg>${response.json()}</arg>
<doc>Returns the given values which can then be assigned to a variables.</doc>
<status status="PASS" start="2024-04-05T21:12:56.246723" elapsed="0.000597"/>
</kw>
<kw name="Set Variable" owner="BuiltIn">
<msg time="2024-04-05T21:12:56.248016" level="INFO">${name_title} = Mrs</msg>
<var>${name_title}</var>
<arg>${json_data["results"][0]["name"]["title"]}</arg>
<doc>Returns the given values which can then be assigned to a variables.</doc>
<status status="PASS" start="2024-04-05T21:12:56.247632" elapsed="0.000410"/>
</kw>
<kw name="Create List" owner="BuiltIn">
<msg time="2024-04-05T21:12:56.248493" level="INFO">${allowed_titles} = ['Mr', 'Ms', 'Miss', 'Mrs', 'Madame', 'Monsieur']</msg>
<var>${allowed_titles}</var>
<arg>Mr</arg>
<arg>Ms</arg>
<arg>Miss</arg>
<arg>Mrs</arg>
<arg>Madame</arg>
<arg>Monsieur</arg>
<doc>Returns a list containing given items.</doc>
<status status="PASS" start="2024-04-05T21:12:56.248343" elapsed="0.000175"/>
</kw>
<kw name="List Should Contain Value" owner="Collections">
<msg time="2024-04-05T21:12:56.248999" level="INFO">False</msg>
<arg>${allowed_titles}</arg>
<arg>${name_title}</arg>
<doc>Fails if the ``value`` is not found from ``list``.</doc>
<status status="PASS" start="2024-04-05T21:12:56.248818" elapsed="0.000219"/>
</kw>
<kw name="Set Variable" owner="BuiltIn">
<msg time="2024-04-05T21:12:56.249700" level="INFO">${name_country} = DK</msg>
<var>${name_country}</var>
<arg>${json_data["results"][0]["nat"]}</arg>
<doc>Returns the given values which can then be assigned to a variables.</doc>
<status status="PASS" start="2024-04-05T21:12:56.249326" elapsed="0.000399"/>
</kw>
<kw name="Create List" owner="BuiltIn">
<msg time="2024-04-05T21:12:56.250673" level="INFO">${list_country} = ['AD', 'AE', 'AF', 'AG', 'AI', 'AL', 'AM', 'AO', 'AQ', 'AR', 'AS', 'AT', 'AU', 'AW', 'AX', 'AZ', 'BA', 'BB', 'BD', 'BE', 'BF', 'BG', 'BH', 'BI', 'BJ', 'BL', 'BM', 'BN', 'BO', 'BQ', 'BR', 'BS', 'BT', '...</msg>
<var>${list_country}</var>
<arg>AD</arg>
<arg>AE</arg>
<arg>AF</arg>
<arg>AG</arg>
<arg>AI</arg>
<arg>AL</arg>
<arg>AM</arg>
<arg>AO</arg>
<arg>AQ</arg>
<arg>AR</arg>
<arg>AS</arg>
<arg>AT</arg>
<arg>AU</arg>
<arg>AW</arg>
<arg>AX</arg>
<arg>AZ</arg>
<arg>BA</arg>
<arg>BB</arg>
<arg>BD</arg>
<arg>BE</arg>
<arg>BF</arg>
<arg>BG</arg>
<arg>BH</arg>
<arg>BI</arg>
<arg>BJ</arg>
<arg>BL</arg>
<arg>BM</arg>
<arg>BN</arg>
<arg>BO</arg>
<arg>BQ</arg>
<arg>BR</arg>
<arg>BS</arg>
<arg>BT</arg>
<arg>BV</arg>
<arg>BW</arg>
<arg>BY</arg>
<arg>BZ</arg>
<arg>CA</arg>
<arg>CC</arg>
<arg>CD</arg>
<arg>CF</arg>
<arg>CG</arg>
<arg>CH</arg>
<arg>CI</arg>
<arg>CK</arg>
<arg>CL</arg>
<arg>CM</arg>
<arg>CN</arg>
<arg>CO</arg>
<arg>CR</arg>
<arg>CU</arg>
<arg>CV</arg>
<arg>CW</arg>
<arg>CX</arg>
<arg>CY</arg>
<arg>CZ</arg>
<arg>DE</arg>
<arg>DJ</arg>
<arg>DK</arg>
<arg>DM</arg>
<arg>DO</arg>
<arg>DZ</arg>
<arg>EC</arg>
<arg>EE</arg>
<arg>EG</arg>
<arg>EH</arg>
<arg>ER</arg>
<arg>ES</arg>
<arg>ET</arg>
<arg>FI</arg>
<arg>FJ</arg>
<arg>FK</arg>
<arg>FM</arg>
<arg>FO</arg>
<arg>FR</arg>
<arg>GA</arg>
<arg>GB</arg>
<arg>GD</arg>
<arg>GE</arg>
<arg>GF</arg>
<arg>GG</arg>
<arg>GH</arg>
<arg>GI</arg>
<arg>GL</arg>
<arg>GM</arg>
<arg>GN</arg>
<arg>GP</arg>
<arg>GQ</arg>
<arg>GR</arg>
<arg>GS</arg>
<arg>GT</arg>
<arg>GU</arg>
<arg>GW</arg>
<arg>GY</arg>
<arg>HK</arg>
<arg>HM</arg>
<arg>HN</arg>
<arg>HR</arg>
<arg>HT</arg>
<arg>HU</arg>
<arg>ID</arg>
<arg>IE</arg>
<arg>IL</arg>
<arg>IM</arg>
<arg>IN</arg>
<arg>IO</arg>
<arg>IQ</arg>
<arg>IR</arg>
<arg>IS</arg>
<arg>IT</arg>
<arg>JE</arg>
<arg>JM</arg>
<arg>JO</arg>
<arg>JP</arg>
<arg>KE</arg>
<arg>KG</arg>
<arg>KH</arg>
<arg>KI</arg>
<arg>KM</arg>
<arg>KN</arg>
<arg>KP</arg>
<arg>KR</arg>
<arg>KW</arg>
<arg>KY</arg>
<arg>KZ</arg>
<arg>LA</arg>
<arg>LB</arg>
<arg>LC</arg>
<arg>LI</arg>
<arg>LK</arg>
<arg>LR</arg>
<arg>LS</arg>
<arg>LT</arg>
<arg>LU</arg>
<arg>LV</arg>
<arg>LY</arg>
<arg>MA</arg>
<arg>MC</arg>
<arg>MD</arg>
<arg>ME</arg>
<arg>MF</arg>
<arg>MG</arg>
<arg>MH</arg>
<arg>MK</arg>
<arg>ML</arg>
<arg>MM</arg>
<arg>MN</arg>
<arg>MO</arg>
<arg>MP</arg>
<arg>MQ</arg>
<arg>MR</arg>
<arg>MS</arg>
<arg>MT</arg>
<arg>MU</arg>
<arg>MV</arg>
<arg>MW</arg>
<arg>MX</arg>
<arg>MY</arg>
<arg>MZ</arg>
<arg>NA</arg>
<arg>NC</arg>
<arg>NE</arg>
<arg>NF</arg>
<arg>NG</arg>
<arg>NI</arg>
<arg>NL</arg>
<arg>NO</arg>
<arg>NP</arg>
<arg>NR</arg>
<arg>NU</arg>
<arg>NZ</arg>
<arg>OM</arg>
<arg>PA</arg>
<arg>PE</arg>
<arg>PF</arg>
<arg>PG</arg>
<arg>PH</arg>
<arg>PK</arg>
<arg>PL</arg>
<arg>PM</arg>
<arg>PN</arg>
<arg>PR</arg>
<arg>PS</arg>
<arg>PT</arg>
<arg>PW</arg>
<arg>PY</arg>
<arg>QA</arg>
<arg>RE</arg>
<arg>RO</arg>
<arg>RS</arg>
<arg>RU</arg>
<arg>RW</arg>
<arg>SA</arg>
<arg>SB</arg>
<arg>SC</arg>
<arg>SD</arg>
<arg>SE</arg>
<arg>SG</arg>
<arg>SH</arg>
<arg>SI</arg>
<arg>SJ</arg>
<arg>SK</arg>
<arg>SL</arg>
<arg>SM</arg>
<arg>SN</arg>
<arg>SO</arg>
<arg>SR</arg>
<arg>SS</arg>
<arg>ST</arg>
<arg>SV</arg>
<arg>SX</arg>
<arg>SY</arg>
<arg>SZ</arg>
<arg>TC</arg>
<arg>TD</arg>
<arg>TF</arg>
<arg>TG</arg>
<arg>TH</arg>
<arg>TJ</arg>
<arg>TK</arg>
<arg>TL</arg>
<arg>TM</arg>
<arg>TN</arg>
<arg>TO</arg>
<arg>TR</arg>
<arg>TT</arg>
<arg>TV</arg>
<arg>TW</arg>
<arg>TZ</arg>
<arg>UA</arg>
<arg>UG</arg>
<arg>UM</arg>
<arg>US</arg>
<arg>UY</arg>
<arg>UZ</arg>
<arg>VA</arg>
<arg>VC</arg>
<arg>VE</arg>
<arg>VG</arg>
<arg>VI</arg>
<arg>VN</arg>
<arg>VU</arg>
<arg>WF</arg>
<arg>WS</arg>
<arg>XK</arg>
<arg>YE</arg>
<arg>YT</arg>
<arg>ZA</arg>
<arg>ZM</arg>
<arg>ZW</arg>
<doc>Returns a list containing given items.</doc>
<status status="PASS" start="2024-04-05T21:12:56.250034" elapsed="0.000665"/>
</kw>
<kw name="List Should Contain Value" owner="Collections">
<msg time="2024-04-05T21:12:56.251829" level="INFO">False</msg>
<arg>${list_country}</arg>
<arg>${name_country}</arg>
<doc>Fails if the ``value`` is not found from ``list``.</doc>
<status status="PASS" start="2024-04-05T21:12:56.251626" elapsed="0.000240"/>
</kw>
<kw name="Run Keyword If" owner="BuiltIn">
<kw name="Should Be True" owner="BuiltIn">
<arg>${True}</arg>
<doc>Fails if the given condition is not true.</doc>
<status status="PASS" start="2024-04-05T21:12:56.252939" elapsed="0.000148"/>
</kw>
<arg>${json_data["results"][0]["location"]["coordinates"]["latitude"]} &gt;= -90 and ${json_data["results"][0]["location"]["coordinates"]["latitude"]} &lt;= 90</arg>
<arg>Should Be True</arg>
<arg>${True}</arg>
<doc>Runs the given keyword with the given arguments, if ``condition`` is true.</doc>
<status status="PASS" start="2024-04-05T21:12:56.252178" elapsed="0.001039"/>
</kw>
<kw name="Run Keyword If" owner="BuiltIn">
<kw name="Should Be True" owner="BuiltIn">
<arg>${True}</arg>
<doc>Fails if the given condition is not true.</doc>
<status status="PASS" start="2024-04-05T21:12:56.254123" elapsed="0.000185"/>
</kw>
<arg>${json_data["results"][0]["location"]["coordinates"]["longitude"]} &gt;= -180 and ${json_data["results"][0]["location"]["coordinates"]["longitude"]} &lt;= 180</arg>
<arg>Should Be True</arg>
<arg>${True}</arg>
<doc>Runs the given keyword with the given arguments, if ``condition`` is true.</doc>
<status status="PASS" start="2024-04-05T21:12:56.253405" elapsed="0.001033"/>
</kw>
<status status="PASS" start="2024-04-05T21:12:55.726445" elapsed="0.528127"/>
</kw>
<doc>Testa o conteúdo específico dos campos retornados pela API.</doc>
<tag>testeConteudo</tag>
<status status="PASS" start="2024-04-05T21:12:55.725988" elapsed="0.528741"/>
</test>
<status status="PASS" start="2024-04-05T21:12:54.735926" elapsed="1.520781"/>
</suite>
<status status="PASS" start="2024-04-05T21:12:54.722001" elapsed="1.540440"/>
</suite>
<statistics>
<total>
<stat pass="5" fail="0" skip="0">All Tests</stat>
</total>
<tag>
<stat pass="1" fail="0" skip="0">testeConteudo</stat>
<stat pass="1" fail="0" skip="0">testeEstruturaResposta</stat>
<stat pass="1" fail="0" skip="0">testeRequisicaoBasica</stat>
<stat pass="1" fail="0" skip="0">testeTiposDados</stat>
</tag>
<suite>
<stat pass="5" fail="0" skip="0" id="s1" name="Tests">Tests</stat>
<stat pass="5" fail="0" skip="0" id="s1-s1" name="Random-User-Test">Tests.Random-User-Test</stat>
</suite>
</statistics>
<errors>
</errors>
</robot>
