<?xml version="1.0" encoding="UTF-8"?>
<robot generator="Robot 7.0 (Python 3.12.3 on linux)" generated="2024-05-13T04:17:57.881231" rpa="false" schemaversion="5">
<suite id="s1" name="Tests" source="/home/runner/work/DesafioQAItauRogerioJordao/DesafioQAItauRogerioJordao/RamdonUser/tests">
<suite id="s1-s1" name="Random-User-Test" source="/home/runner/work/DesafioQAItauRogerioJordao/DesafioQAItauRogerioJordao/RamdonUser/tests/random-user-test.robot">
<test id="s1-s1-t1" name="Conectar" line="13">
<kw name="Conectar API" owner="random-user-service">
<kw name="Create Session" owner="RequestsLibrary">
<msg time="2024-05-13T04:17:58.260733" level="INFO">Creating Session using : alias=consultarAPI, url=https://randomuser.me/, headers={},                     cookies={}, auth=None, timeout=None, proxies=None, verify=False,                     debug=0 </msg>
<arg>consultarAPI</arg>
<arg>${URL}</arg>
<doc>Create Session: create a HTTP session to a server</doc>
<status status="PASS" start="2024-05-13T04:17:58.260415" elapsed="0.000561"/>
</kw>
<status status="PASS" start="2024-05-13T04:17:58.258772" elapsed="0.002695"/>
</kw>
<status status="PASS" start="2024-05-13T04:17:58.258067" elapsed="0.003782"/>
</test>
<test id="s1-s1-t2" name="Validar retorno 200 e JSON Válido" line="16">
<kw name="Teste de Requisicao Basica" owner="random-user-service">
<kw name="GET On Session" owner="RequestsLibrary">
<msg time="2024-05-13T04:17:58.521631" level="INFO">GET Request : url=https://randomuser.me/api 
 path_url=/api 
 headers={'User-Agent': 'python-requests/2.31.0', 'Accept-Encoding': 'gzip, deflate', 'Accept': '*/*', 'Connection': 'keep-alive'} 
 body=None 
 </msg>
<msg time="2024-05-13T04:17:58.521749" level="INFO">GET Response : url=https://randomuser.me/api 
 status=200, reason=OK 
 headers={'Date': 'Mon, 13 May 2024 04:17:58 GMT', 'Content-Type': 'application/json; charset=utf-8', 'Transfer-Encoding': 'chunked', 'Connection': 'keep-alive', 'X-Powered-By': 'Express', 'Access-Control-Allow-Origin': '*', 'Cache-Control': 'no-cache', 'ETag': 'W/"483-6GamNnTK3oLm7RBdM3QqQI6eYFc"', 'Vary': 'Accept-Encoding', 'Content-Encoding': 'gzip', 'CF-Cache-Status': 'DYNAMIC', 'Report-To': '{"endpoints":[{"url":"https:\\/\\/a.nel.cloudflare.com\\/report\\/v4?s=TB4KHSAAOhduSN8McIu1qU1i7DGAUjt94TrGXdwlAZ%2FgD10PWyMTTgBnDmikWlwWwEkOtccXQQ2SgNsgDlxcm6qCMEz8ZyvhbA9U12lEJPFb3OSl8FV69b6Ne9UTDhps"}],"group":"cf-nel","max_age":604800}', 'NEL': '{"success_fraction":0,"report_to":"cf-nel","max_age":604800}', 'Server': 'cloudflare', 'CF-RAY': '882fd7843bf0d001-SJC', 'alt-svc': 'h3=":443"; ma=86400'} 
 body={"results":[{"gender":"male","name":{"title":"Mr","first":"Lyam","last":"Blanchard"},"location":{"street":{"number":5686,"name":"Rue Abel-Hovelacque"},"city":"Brest","state":"Loir-et-Cher","country":"France","postcode":46299,"coordinates":{"latitude":"-17.9554","longitude":"-98.2919"},"timezone":{"offset":"+4:30","description":"Kabul"}},"email":"lyam.blanchard@example.com","login":{"uuid":"81a95386-a6a5-49ec-bc36-2585ea50efeb","username":"browngorilla258","password":"rocky","salt":"PzNwK4UB","md5":"7d2f7785dc637b97fabc95ae8978acc3","sha1":"23fe89668bb458904305666d0c52437bced12311","sha256":"be456486f6e3256a1c2e9ecce3f530ee1ac1b80ea42c0be96a651f46e9c0ec48"},"dob":{"date":"1965-03-07T01:11:51.405Z","age":59},"registered":{"date":"2012-11-30T07:11:48.601Z","age":11},"phone":"05-63-09-99-78","cell":"06-56-57-12-17","id":{"name":"INSEE","value":"1650255105046 70"},"picture":{"large":"https://randomuser.me/api/portraits/men/33.jpg","medium":"https://randomuser.me/api/portraits/med/men/33.jpg","thumbnail":"https://randomuser.me/api/portraits/thumb/men/33.jpg"},"nat":"FR"}],"info":{"seed":"ea7c08d6acc891e6","results":1,"page":1,"version":"1.4"}} 
 </msg>
<msg time="2024-05-13T04:17:58.521820" level="INFO">/opt/hostedtoolcache/Python/3.12.3/x64/lib/python3.12/site-packages/urllib3/connectionpool.py:1103: InsecureRequestWarning: Unverified HTTPS request is being made to host 'randomuser.me'. Adding certificate verification is strongly advised. See: https://urllib3.readthedocs.io/en/latest/advanced-usage.html#tls-warnings
  warnings.warn(</msg>
<msg time="2024-05-13T04:17:58.521959" level="INFO">${response} = &lt;Response [200]&gt;</msg>
<var>${response}</var>
<arg>consultarAPI</arg>
<arg>/api</arg>
<doc>Sends a GET request on a previously created HTTP Session.</doc>
<status status="PASS" start="2024-05-13T04:17:58.266258" elapsed="0.255744"/>
</kw>
<kw name="Should Be Equal As Numbers" owner="BuiltIn">
<msg time="2024-05-13T04:17:58.522866" level="INFO">Argument types are:
&lt;class 'int'&gt;
&lt;class 'str'&gt;</msg>
<arg>${response.status_code}</arg>
<arg>200</arg>
<doc>Fails if objects are unequal after converting them to real numbers.</doc>
<status status="PASS" start="2024-05-13T04:17:58.522431" elapsed="0.000500"/>
</kw>
<kw name="Log" owner="BuiltIn">
<msg time="2024-05-13T04:17:58.523651" level="INFO">200</msg>
<arg>${response.status_code}</arg>
<doc>Logs the given message with the given level.</doc>
<status status="PASS" start="2024-05-13T04:17:58.523291" elapsed="0.000403"/>
</kw>
<kw name="Set Variable" owner="BuiltIn">
<msg time="2024-05-13T04:17:58.524439" level="INFO">${json_data} = {'results': [{'gender': 'male', 'name': {'title': 'Mr', 'first': 'Lyam', 'last': 'Blanchard'}, 'location': {'street': {'number': 5686, 'name': 'Rue Abel-Hovelacque'}, 'city': 'Brest', 'state': 'Loir-e...</msg>
<var>${json_data}</var>
<arg>${response.json()}</arg>
<doc>Returns the given values which can then be assigned to a variables.</doc>
<status status="PASS" start="2024-05-13T04:17:58.524002" elapsed="0.000465"/>
</kw>
<kw name="Dictionary Should Contain Key" owner="Collections">
<msg time="2024-05-13T04:17:58.524940" level="INFO">False</msg>
<arg>${json_data}</arg>
<arg>results</arg>
<doc>Fails if ``key`` is not found from ``dictionary``.</doc>
<status status="PASS" start="2024-05-13T04:17:58.524769" elapsed="0.000210"/>
</kw>
<status status="PASS" start="2024-05-13T04:17:58.265895" elapsed="0.259345"/>
</kw>
<doc>Testa se a API responde corretamente e retorna um objeto JSON válido.</doc>
<tag>testeRequisicaoBasica</tag>
<status status="PASS" start="2024-05-13T04:17:58.265170" elapsed="0.260254"/>
</test>
<test id="s1-s1-t3" name="Validar estrutura de resposta" line="22">
<kw name="Teste de Estrutura de Resposta" owner="random-user-service">
<kw name="GET On Session" owner="RequestsLibrary">
<msg time="2024-05-13T04:17:58.622479" level="INFO">GET Request : url=https://randomuser.me/api 
 path_url=/api 
 headers={'User-Agent': 'python-requests/2.31.0', 'Accept-Encoding': 'gzip, deflate', 'Accept': '*/*', 'Connection': 'keep-alive'} 
 body=None 
 </msg>
<msg time="2024-05-13T04:17:58.622566" level="INFO">GET Response : url=https://randomuser.me/api 
 status=200, reason=OK 
 headers={'Date': 'Mon, 13 May 2024 04:17:58 GMT', 'Content-Type': 'application/json; charset=utf-8', 'Transfer-Encoding': 'chunked', 'Connection': 'keep-alive', 'X-Powered-By': 'Express', 'Access-Control-Allow-Origin': '*', 'Cache-Control': 'no-cache', 'ETag': 'W/"4a5-WbjTxX/wIzkQA5otl7CqlPRXrL4"', 'Vary': 'Accept-Encoding', 'Content-Encoding': 'gzip', 'CF-Cache-Status': 'DYNAMIC', 'Report-To': '{"endpoints":[{"url":"https:\\/\\/a.nel.cloudflare.com\\/report\\/v4?s=JIG8d5FoMLkKMYTU8Df5NkfSFDEtPIb9rRQNdwagBlQKDhtKLD%2BtA4b6Re4GccchSDjB2ntX0IO9P9qymTtrApe0SIQwuzl4jnYeJFXdcl5FmyUWz%2BpKXYXuz6C2ATO2"}],"group":"cf-nel","max_age":604800}', 'NEL': '{"success_fraction":0,"report_to":"cf-nel","max_age":604800}', 'Server': 'cloudflare', 'CF-RAY': '882fd784dc9fd001-SJC', 'alt-svc': 'h3=":443"; ma=86400'} 
 body={"results":[{"gender":"male","name":{"title":"Mr","first":"Stefan","last":"Venrooij"},"location":{"street":{"number":8155,"name":"Helgoland"},"city":"Rotterdam","state":"Zuid-Holland","country":"Netherlands","postcode":"5062 LM","coordinates":{"latitude":"36.7986","longitude":"-132.5381"},"timezone":{"offset":"0:00","description":"Western Europe Time, London, Lisbon, Casablanca"}},"email":"stefan.venrooij@example.com","login":{"uuid":"de7dbbfd-a85a-463c-b0e6-414985cc26da","username":"whitegorilla332","password":"44444","salt":"NFuPznV9","md5":"dcf1a67867fc3d0ca53c8a01c8b05237","sha1":"1c296d8acd47c40c66609bcd4173117aed4635af","sha256":"eced0e427bc609ff57a07a2911137302f0dc3af39313f69aee7d646c7dabd1cc"},"dob":{"date":"1949-03-25T23:28:10.557Z","age":75},"registered":{"date":"2008-06-19T16:37:36.522Z","age":15},"phone":"(0206) 077995","cell":"(06) 89116351","id":{"name":"BSN","value":"47631798"},"picture":{"large":"https://randomuser.me/api/portraits/men/60.jpg","medium":"https://randomuser.me/api/portraits/med/men/60.jpg","thumbnail":"https://randomuser.me/api/portraits/thumb/men/60.jpg"},"nat":"NL"}],"info":{"seed":"7c4bd1ccb5816df8","results":1,"page":1,"version":"1.4"}} 
 </msg>
<msg time="2024-05-13T04:17:58.622689" level="INFO">/opt/hostedtoolcache/Python/3.12.3/x64/lib/python3.12/site-packages/urllib3/connectionpool.py:1103: InsecureRequestWarning: Unverified HTTPS request is being made to host 'randomuser.me'. Adding certificate verification is strongly advised. See: https://urllib3.readthedocs.io/en/latest/advanced-usage.html#tls-warnings
  warnings.warn(</msg>
<msg time="2024-05-13T04:17:58.622802" level="INFO">${response} = &lt;Response [200]&gt;</msg>
<var>${response}</var>
<arg>consultarAPI</arg>
<arg>/api</arg>
<doc>Sends a GET request on a previously created HTTP Session.</doc>
<status status="PASS" start="2024-05-13T04:17:58.528016" elapsed="0.094826"/>
</kw>
<kw name="Set Variable" owner="BuiltIn">
<msg time="2024-05-13T04:17:58.623658" level="INFO">${json_data} = {'results': [{'gender': 'male', 'name': {'title': 'Mr', 'first': 'Stefan', 'last': 'Venrooij'}, 'location': {'street': {'number': 8155, 'name': 'Helgoland'}, 'city': 'Rotterdam', 'state': 'Zuid-Hollan...</msg>
<var>${json_data}</var>
<arg>${response.json()}</arg>
<doc>Returns the given values which can then be assigned to a variables.</doc>
<status status="PASS" start="2024-05-13T04:17:58.623207" elapsed="0.000479"/>
</kw>
<kw name="Log" owner="BuiltIn">
<msg time="2024-05-13T04:17:58.624148" level="INFO">{'results': [{'gender': 'male', 'name': {'title': 'Mr', 'first': 'Stefan', 'last': 'Venrooij'}, 'location': {'street': {'number': 8155, 'name': 'Helgoland'}, 'city': 'Rotterdam', 'state': 'Zuid-Holland', 'country': 'Netherlands', 'postcode': '5062 LM', 'coordinates': {'latitude': '36.7986', 'longitude': '-132.5381'}, 'timezone': {'offset': '0:00', 'description': 'Western Europe Time, London, Lisbon, Casablanca'}}, 'email': 'stefan.venrooij@example.com', 'login': {'uuid': 'de7dbbfd-a85a-463c-b0e6-414985cc26da', 'username': 'whitegorilla332', 'password': '44444', 'salt': 'NFuPznV9', 'md5': 'dcf1a67867fc3d0ca53c8a01c8b05237', 'sha1': '1c296d8acd47c40c66609bcd4173117aed4635af', 'sha256': 'eced0e427bc609ff57a07a2911137302f0dc3af39313f69aee7d646c7dabd1cc'}, 'dob': {'date': '1949-03-25T23:28:10.557Z', 'age': 75}, 'registered': {'date': '2008-06-19T16:37:36.522Z', 'age': 15}, 'phone': '(0206) 077995', 'cell': '(06) 89116351', 'id': {'name': 'BSN', 'value': '47631798'}, 'picture': {'large': 'https://randomuser.me/api/portraits/men/60.jpg', 'medium': 'https://randomuser.me/api/portraits/med/men/60.jpg', 'thumbnail': 'https://randomuser.me/api/portraits/thumb/men/60.jpg'}, 'nat': 'NL'}], 'info': {'seed': '7c4bd1ccb5816df8', 'results': 1, 'page': 1, 'version': '1.4'}}</msg>
<arg>${json_data}</arg>
<doc>Logs the given message with the given level.</doc>
<status status="PASS" start="2024-05-13T04:17:58.623993" elapsed="0.000200"/>
</kw>
<kw name="Dictionary Should Contain Key" owner="Collections">
<msg time="2024-05-13T04:17:58.624635" level="INFO">False</msg>
<arg>${json_data}</arg>
<arg>results</arg>
<doc>Fails if ``key`` is not found from ``dictionary``.</doc>
<status status="PASS" start="2024-05-13T04:17:58.624482" elapsed="0.000195"/>
</kw>
<kw name="Should Not Be Empty" owner="BuiltIn">
<msg time="2024-05-13T04:17:58.625098" level="INFO">Length is 2.</msg>
<arg>${json_data}</arg>
<doc>Verifies that the given item is not empty.</doc>
<status status="PASS" start="2024-05-13T04:17:58.624969" elapsed="0.000292"/>
</kw>
<kw name="Create List" owner="BuiltIn">
<msg time="2024-05-13T04:17:58.625747" level="INFO">${expected_keys} = ['gender', 'name', 'location', 'email', 'login']</msg>
<var>${expected_keys}</var>
<arg>gender</arg>
<arg>name</arg>
<arg>location</arg>
<arg>email</arg>
<arg>login</arg>
<doc>Returns a list containing given items.</doc>
<status status="PASS" start="2024-05-13T04:17:58.625585" elapsed="0.000186"/>
</kw>
<for flavor="IN">
<iter>
<kw name="Dictionary Should Contain Key" owner="Collections">
<msg time="2024-05-13T04:17:58.626744" level="INFO">False</msg>
<arg>${json_data['results'][0]}</arg>
<arg>${key}</arg>
<doc>Fails if ``key`` is not found from ``dictionary``.</doc>
<status status="PASS" start="2024-05-13T04:17:58.626340" elapsed="0.000442"/>
</kw>
<kw name="Log" owner="BuiltIn">
<msg time="2024-05-13T04:17:58.627449" level="INFO">{'gender': 'male', 'name': {'title': 'Mr', 'first': 'Stefan', 'last': 'Venrooij'}, 'location': {'street': {'number': 8155, 'name': 'Helgoland'}, 'city': 'Rotterdam', 'state': 'Zuid-Holland', 'country': 'Netherlands', 'postcode': '5062 LM', 'coordinates': {'latitude': '36.7986', 'longitude': '-132.5381'}, 'timezone': {'offset': '0:00', 'description': 'Western Europe Time, London, Lisbon, Casablanca'}}, 'email': 'stefan.venrooij@example.com', 'login': {'uuid': 'de7dbbfd-a85a-463c-b0e6-414985cc26da', 'username': 'whitegorilla332', 'password': '44444', 'salt': 'NFuPznV9', 'md5': 'dcf1a67867fc3d0ca53c8a01c8b05237', 'sha1': '1c296d8acd47c40c66609bcd4173117aed4635af', 'sha256': 'eced0e427bc609ff57a07a2911137302f0dc3af39313f69aee7d646c7dabd1cc'}, 'dob': {'date': '1949-03-25T23:28:10.557Z', 'age': 75}, 'registered': {'date': '2008-06-19T16:37:36.522Z', 'age': 15}, 'phone': '(0206) 077995', 'cell': '(06) 89116351', 'id': {'name': 'BSN', 'value': '47631798'}, 'picture': {'large': 'https://randomuser.me/api/portraits/men/60.jpg', 'medium': 'https://randomuser.me/api/portraits/med/men/60.jpg', 'thumbnail': 'https://randomuser.me/api/portraits/thumb/men/60.jpg'}, 'nat': 'NL'}</msg>
<arg>${json_data['results'][0]}</arg>
<doc>Logs the given message with the given level.</doc>
<status status="PASS" start="2024-05-13T04:17:58.627079" elapsed="0.000418"/>
</kw>
<kw name="Log" owner="BuiltIn">
<msg time="2024-05-13T04:17:58.627932" level="INFO">gender</msg>
<arg>${key}</arg>
<doc>Logs the given message with the given level.</doc>
<status status="PASS" start="2024-05-13T04:17:58.627803" elapsed="0.000167"/>
</kw>
<var name="${key}">gender</var>
<status status="PASS" start="2024-05-13T04:17:58.626216" elapsed="0.001970"/>
</iter>
<iter>
<kw name="Dictionary Should Contain Key" owner="Collections">
<msg time="2024-05-13T04:17:58.628865" level="INFO">False</msg>
<arg>${json_data['results'][0]}</arg>
<arg>${key}</arg>
<doc>Fails if ``key`` is not found from ``dictionary``.</doc>
<status status="PASS" start="2024-05-13T04:17:58.628488" elapsed="0.000415"/>
</kw>
<kw name="Log" owner="BuiltIn">
<msg time="2024-05-13T04:17:58.629611" level="INFO">{'gender': 'male', 'name': {'title': 'Mr', 'first': 'Stefan', 'last': 'Venrooij'}, 'location': {'street': {'number': 8155, 'name': 'Helgoland'}, 'city': 'Rotterdam', 'state': 'Zuid-Holland', 'country': 'Netherlands', 'postcode': '5062 LM', 'coordinates': {'latitude': '36.7986', 'longitude': '-132.5381'}, 'timezone': {'offset': '0:00', 'description': 'Western Europe Time, London, Lisbon, Casablanca'}}, 'email': 'stefan.venrooij@example.com', 'login': {'uuid': 'de7dbbfd-a85a-463c-b0e6-414985cc26da', 'username': 'whitegorilla332', 'password': '44444', 'salt': 'NFuPznV9', 'md5': 'dcf1a67867fc3d0ca53c8a01c8b05237', 'sha1': '1c296d8acd47c40c66609bcd4173117aed4635af', 'sha256': 'eced0e427bc609ff57a07a2911137302f0dc3af39313f69aee7d646c7dabd1cc'}, 'dob': {'date': '1949-03-25T23:28:10.557Z', 'age': 75}, 'registered': {'date': '2008-06-19T16:37:36.522Z', 'age': 15}, 'phone': '(0206) 077995', 'cell': '(06) 89116351', 'id': {'name': 'BSN', 'value': '47631798'}, 'picture': {'large': 'https://randomuser.me/api/portraits/men/60.jpg', 'medium': 'https://randomuser.me/api/portraits/med/men/60.jpg', 'thumbnail': 'https://randomuser.me/api/portraits/thumb/men/60.jpg'}, 'nat': 'NL'}</msg>
<arg>${json_data['results'][0]}</arg>
<doc>Logs the given message with the given level.</doc>
<status status="PASS" start="2024-05-13T04:17:58.629225" elapsed="0.000436"/>
</kw>
<kw name="Log" owner="BuiltIn">
<msg time="2024-05-13T04:17:58.630093" level="INFO">name</msg>
<arg>${key}</arg>
<doc>Logs the given message with the given level.</doc>
<status status="PASS" start="2024-05-13T04:17:58.629967" elapsed="0.000163"/>
</kw>
<var name="${key}">name</var>
<status status="PASS" start="2024-05-13T04:17:58.628373" elapsed="0.001969"/>
</iter>
<iter>
<kw name="Dictionary Should Contain Key" owner="Collections">
<msg time="2024-05-13T04:17:58.631016" level="INFO">False</msg>
<arg>${json_data['results'][0]}</arg>
<arg>${key}</arg>
<doc>Fails if ``key`` is not found from ``dictionary``.</doc>
<status status="PASS" start="2024-05-13T04:17:58.630631" elapsed="0.000422"/>
</kw>
<kw name="Log" owner="BuiltIn">
<msg time="2024-05-13T04:17:58.631701" level="INFO">{'gender': 'male', 'name': {'title': 'Mr', 'first': 'Stefan', 'last': 'Venrooij'}, 'location': {'street': {'number': 8155, 'name': 'Helgoland'}, 'city': 'Rotterdam', 'state': 'Zuid-Holland', 'country': 'Netherlands', 'postcode': '5062 LM', 'coordinates': {'latitude': '36.7986', 'longitude': '-132.5381'}, 'timezone': {'offset': '0:00', 'description': 'Western Europe Time, London, Lisbon, Casablanca'}}, 'email': 'stefan.venrooij@example.com', 'login': {'uuid': 'de7dbbfd-a85a-463c-b0e6-414985cc26da', 'username': 'whitegorilla332', 'password': '44444', 'salt': 'NFuPznV9', 'md5': 'dcf1a67867fc3d0ca53c8a01c8b05237', 'sha1': '1c296d8acd47c40c66609bcd4173117aed4635af', 'sha256': 'eced0e427bc609ff57a07a2911137302f0dc3af39313f69aee7d646c7dabd1cc'}, 'dob': {'date': '1949-03-25T23:28:10.557Z', 'age': 75}, 'registered': {'date': '2008-06-19T16:37:36.522Z', 'age': 15}, 'phone': '(0206) 077995', 'cell': '(06) 89116351', 'id': {'name': 'BSN', 'value': '47631798'}, 'picture': {'large': 'https://randomuser.me/api/portraits/men/60.jpg', 'medium': 'https://randomuser.me/api/portraits/med/men/60.jpg', 'thumbnail': 'https://randomuser.me/api/portraits/thumb/men/60.jpg'}, 'nat': 'NL'}</msg>
<arg>${json_data['results'][0]}</arg>
<doc>Logs the given message with the given level.</doc>
<status status="PASS" start="2024-05-13T04:17:58.631349" elapsed="0.000400"/>
</kw>
<kw name="Log" owner="BuiltIn">
<msg time="2024-05-13T04:17:58.632165" level="INFO">location</msg>
<arg>${key}</arg>
<doc>Logs the given message with the given level.</doc>
<status status="PASS" start="2024-05-13T04:17:58.632041" elapsed="0.000161"/>
</kw>
<var name="${key}">location</var>
<status status="PASS" start="2024-05-13T04:17:58.630521" elapsed="0.001891"/>
</iter>
<iter>
<kw name="Dictionary Should Contain Key" owner="Collections">
<msg time="2024-05-13T04:17:58.633076" level="INFO">False</msg>
<arg>${json_data['results'][0]}</arg>
<arg>${key}</arg>
<doc>Fails if ``key`` is not found from ``dictionary``.</doc>
<status status="PASS" start="2024-05-13T04:17:58.632697" elapsed="0.000416"/>
</kw>
<kw name="Log" owner="BuiltIn">
<msg time="2024-05-13T04:17:58.633798" level="INFO">{'gender': 'male', 'name': {'title': 'Mr', 'first': 'Stefan', 'last': 'Venrooij'}, 'location': {'street': {'number': 8155, 'name': 'Helgoland'}, 'city': 'Rotterdam', 'state': 'Zuid-Holland', 'country': 'Netherlands', 'postcode': '5062 LM', 'coordinates': {'latitude': '36.7986', 'longitude': '-132.5381'}, 'timezone': {'offset': '0:00', 'description': 'Western Europe Time, London, Lisbon, Casablanca'}}, 'email': 'stefan.venrooij@example.com', 'login': {'uuid': 'de7dbbfd-a85a-463c-b0e6-414985cc26da', 'username': 'whitegorilla332', 'password': '44444', 'salt': 'NFuPznV9', 'md5': 'dcf1a67867fc3d0ca53c8a01c8b05237', 'sha1': '1c296d8acd47c40c66609bcd4173117aed4635af', 'sha256': 'eced0e427bc609ff57a07a2911137302f0dc3af39313f69aee7d646c7dabd1cc'}, 'dob': {'date': '1949-03-25T23:28:10.557Z', 'age': 75}, 'registered': {'date': '2008-06-19T16:37:36.522Z', 'age': 15}, 'phone': '(0206) 077995', 'cell': '(06) 89116351', 'id': {'name': 'BSN', 'value': '47631798'}, 'picture': {'large': 'https://randomuser.me/api/portraits/men/60.jpg', 'medium': 'https://randomuser.me/api/portraits/med/men/60.jpg', 'thumbnail': 'https://randomuser.me/api/portraits/thumb/men/60.jpg'}, 'nat': 'NL'}</msg>
<arg>${json_data['results'][0]}</arg>
<doc>Logs the given message with the given level.</doc>
<status status="PASS" start="2024-05-13T04:17:58.633406" elapsed="0.000440"/>
</kw>
<kw name="Log" owner="BuiltIn">
<msg time="2024-05-13T04:17:58.634262" level="INFO">email</msg>
<arg>${key}</arg>
<doc>Logs the given message with the given level.</doc>
<status status="PASS" start="2024-05-13T04:17:58.634137" elapsed="0.000163"/>
</kw>
<var name="${key}">email</var>
<status status="PASS" start="2024-05-13T04:17:58.632587" elapsed="0.001924"/>
</iter>
<iter>
<kw name="Dictionary Should Contain Key" owner="Collections">
<msg time="2024-05-13T04:17:58.635176" level="INFO">False</msg>
<arg>${json_data['results'][0]}</arg>
<arg>${key}</arg>
<doc>Fails if ``key`` is not found from ``dictionary``.</doc>
<status status="PASS" start="2024-05-13T04:17:58.634791" elapsed="0.000422"/>
</kw>
<kw name="Log" owner="BuiltIn">
<msg time="2024-05-13T04:17:58.635869" level="INFO">{'gender': 'male', 'name': {'title': 'Mr', 'first': 'Stefan', 'last': 'Venrooij'}, 'location': {'street': {'number': 8155, 'name': 'Helgoland'}, 'city': 'Rotterdam', 'state': 'Zuid-Holland', 'country': 'Netherlands', 'postcode': '5062 LM', 'coordinates': {'latitude': '36.7986', 'longitude': '-132.5381'}, 'timezone': {'offset': '0:00', 'description': 'Western Europe Time, London, Lisbon, Casablanca'}}, 'email': 'stefan.venrooij@example.com', 'login': {'uuid': 'de7dbbfd-a85a-463c-b0e6-414985cc26da', 'username': 'whitegorilla332', 'password': '44444', 'salt': 'NFuPznV9', 'md5': 'dcf1a67867fc3d0ca53c8a01c8b05237', 'sha1': '1c296d8acd47c40c66609bcd4173117aed4635af', 'sha256': 'eced0e427bc609ff57a07a2911137302f0dc3af39313f69aee7d646c7dabd1cc'}, 'dob': {'date': '1949-03-25T23:28:10.557Z', 'age': 75}, 'registered': {'date': '2008-06-19T16:37:36.522Z', 'age': 15}, 'phone': '(0206) 077995', 'cell': '(06) 89116351', 'id': {'name': 'BSN', 'value': '47631798'}, 'picture': {'large': 'https://randomuser.me/api/portraits/men/60.jpg', 'medium': 'https://randomuser.me/api/portraits/med/men/60.jpg', 'thumbnail': 'https://randomuser.me/api/portraits/thumb/men/60.jpg'}, 'nat': 'NL'}</msg>
<arg>${json_data['results'][0]}</arg>
<doc>Logs the given message with the given level.</doc>
<status status="PASS" start="2024-05-13T04:17:58.635510" elapsed="0.000406"/>
</kw>
<kw name="Log" owner="BuiltIn">
<msg time="2024-05-13T04:17:58.636334" level="INFO">login</msg>
<arg>${key}</arg>
<doc>Logs the given message with the given level.</doc>
<status status="PASS" start="2024-05-13T04:17:58.636209" elapsed="0.000197"/>
</kw>
<var name="${key}">login</var>
<status status="PASS" start="2024-05-13T04:17:58.634683" elapsed="0.001946"/>
</iter>
<var>${key}</var>
<value>@{expected_keys}</value>
<status status="PASS" start="2024-05-13T04:17:58.626031" elapsed="0.010720"/>
</for>
<kw name="Create List" owner="BuiltIn">
<msg time="2024-05-13T04:17:58.637081" level="INFO">${expected_keysTwo} = ['username', 'password']</msg>
<var>${expected_keysTwo}</var>
<arg>username</arg>
<arg>password</arg>
<doc>Returns a list containing given items.</doc>
<status status="PASS" start="2024-05-13T04:17:58.636944" elapsed="0.000161"/>
</kw>
<for flavor="IN">
<iter>
<kw name="Dictionary Should Contain Key" owner="Collections">
<msg time="2024-05-13T04:17:58.638049" level="INFO">False</msg>
<arg>${json_data['results'][0]['login']}</arg>
<arg>${keyTwo}</arg>
<doc>Fails if ``key`` is not found from ``dictionary``.</doc>
<status status="PASS" start="2024-05-13T04:17:58.637636" elapsed="0.000450"/>
</kw>
<kw name="Dictionary Should Contain Key" owner="Collections">
<msg time="2024-05-13T04:17:58.638774" level="INFO">False</msg>
<arg>${json_data['results'][0]['login']}</arg>
<arg>${keyTwo}</arg>
<doc>Fails if ``key`` is not found from ``dictionary``.</doc>
<status status="PASS" start="2024-05-13T04:17:58.638396" elapsed="0.000415"/>
</kw>
<kw name="Log" owner="BuiltIn">
<msg time="2024-05-13T04:17:58.639224" level="INFO">username</msg>
<arg>${keyTwo}</arg>
<doc>Logs the given message with the given level.</doc>
<status status="PASS" start="2024-05-13T04:17:58.639099" elapsed="0.000167"/>
</kw>
<var name="${keyTwo}">username</var>
<status status="PASS" start="2024-05-13T04:17:58.637493" elapsed="0.001982"/>
</iter>
<iter>
<kw name="Dictionary Should Contain Key" owner="Collections">
<msg time="2024-05-13T04:17:58.640222" level="INFO">False</msg>
<arg>${json_data['results'][0]['login']}</arg>
<arg>${keyTwo}</arg>
<doc>Fails if ``key`` is not found from ``dictionary``.</doc>
<status status="PASS" start="2024-05-13T04:17:58.639754" elapsed="0.000509"/>
</kw>
<kw name="Dictionary Should Contain Key" owner="Collections">
<msg time="2024-05-13T04:17:58.640947" level="INFO">False</msg>
<arg>${json_data['results'][0]['login']}</arg>
<arg>${keyTwo}</arg>
<doc>Fails if ``key`` is not found from ``dictionary``.</doc>
<status status="PASS" start="2024-05-13T04:17:58.640565" elapsed="0.000419"/>
</kw>
<kw name="Log" owner="BuiltIn">
<msg time="2024-05-13T04:17:58.641405" level="INFO">password</msg>
<arg>${keyTwo}</arg>
<doc>Logs the given message with the given level.</doc>
<status status="PASS" start="2024-05-13T04:17:58.641276" elapsed="0.000167"/>
</kw>
<var name="${keyTwo}">password</var>
<status status="PASS" start="2024-05-13T04:17:58.639646" elapsed="0.002045"/>
</iter>
<var>${keyTwo}</var>
<value>@{expected_keysTwo}</value>
<status status="PASS" start="2024-05-13T04:17:58.637339" elapsed="0.004476"/>
</for>
<status status="PASS" start="2024-05-13T04:17:58.527785" elapsed="0.114167"/>
</kw>
<doc>Testa a estrutura da resposta da API.</doc>
<tag>testeEstruturaResposta</tag>
<status status="PASS" start="2024-05-13T04:17:58.527286" elapsed="0.114813"/>
</test>
<test id="s1-s1-t4" name="Validar tipos de dados" line="28">
<kw name="Teste de Tipos de Dados" owner="random-user-service">
<kw name="GET On Session" owner="RequestsLibrary">
<msg time="2024-05-13T04:17:58.734793" level="INFO">GET Request : url=https://randomuser.me/api 
 path_url=/api 
 headers={'User-Agent': 'python-requests/2.31.0', 'Accept-Encoding': 'gzip, deflate', 'Accept': '*/*', 'Connection': 'keep-alive'} 
 body=None 
 </msg>
<msg time="2024-05-13T04:17:58.734859" level="INFO">GET Response : url=https://randomuser.me/api 
 status=200, reason=OK 
 headers={'Date': 'Mon, 13 May 2024 04:17:58 GMT', 'Content-Type': 'application/json; charset=utf-8', 'Transfer-Encoding': 'chunked', 'Connection': 'keep-alive', 'X-Powered-By': 'Express', 'Access-Control-Allow-Origin': '*', 'Cache-Control': 'no-cache', 'ETag': 'W/"468-Ss7gBH3dimkKWIJejcKsF7cbNwE"', 'Vary': 'Accept-Encoding', 'Content-Encoding': 'gzip', 'CF-Cache-Status': 'DYNAMIC', 'Report-To': '{"endpoints":[{"url":"https:\\/\\/a.nel.cloudflare.com\\/report\\/v4?s=IFviyA2CcGKBp%2BQRNbpCsEHoOQzOwmj45xd5TXb%2BC%2FunfLJfTxQArPopRnDfyPAjTr3HsULMbMKRIwUaHvhHrBLKnebuL7MLW8EzKES1qFvgtebFqhphUSZOny4%2B9iRH"}],"group":"cf-nel","max_age":604800}', 'NEL': '{"success_fraction":0,"report_to":"cf-nel","max_age":604800}', 'Server': 'cloudflare', 'CF-RAY': '882fd7858d5dd001-SJC', 'alt-svc': 'h3=":443"; ma=86400'} 
 body={"results":[{"gender":"male","name":{"title":"Mr","first":"نيما","last":"حسینی"},"location":{"street":{"number":4969,"name":"بلوار کشاورز"},"city":"مشهد","state":"قم","country":"Iran","postcode":65546,"coordinates":{"latitude":"20.9370","longitude":"-59.1761"},"timezone":{"offset":"+3:30","description":"Tehran"}},"email":"nym.hsyny@example.com","login":{"uuid":"e1972b89-9383-4d20-91cb-2265696bed55","username":"silverpanda217","password":"ajax","salt":"MpFn2lbY","md5":"8f3f7195da0767d41fb34d710ccf8e63","sha1":"2a6cdbb211a18848da51c43f9363b6c58518cece","sha256":"7f1b6a79ef8155d9352bfe24aa50a4ce709c570bbd5494db7f9d69e79b8722ff"},"dob":{"date":"1955-01-13T00:22:49.690Z","age":69},"registered":{"date":"2009-11-06T05:48:39.411Z","age":14},"phone":"045-47983374","cell":"0927-088-2462","id":{"name":"","value":null},"picture":{"large":"https://randomuser.me/api/portraits/men/33.jpg","medium":"https://randomuser.me/api/portraits/med/men/33.jpg","thumbnail":"https://randomuser.me/api/portraits/thumb/men/33.jpg"},"nat":"IR"}],"info":{"seed":"2e760a570b1dc24d","results":1,"page":1,"version":"1.4"}} 
 </msg>
<msg time="2024-05-13T04:17:58.734915" level="INFO">/opt/hostedtoolcache/Python/3.12.3/x64/lib/python3.12/site-packages/urllib3/connectionpool.py:1103: InsecureRequestWarning: Unverified HTTPS request is being made to host 'randomuser.me'. Adding certificate verification is strongly advised. See: https://urllib3.readthedocs.io/en/latest/advanced-usage.html#tls-warnings
  warnings.warn(</msg>
<msg time="2024-05-13T04:17:58.735017" level="INFO">${response} = &lt;Response [200]&gt;</msg>
<var>${response}</var>
<arg>consultarAPI</arg>
<arg>/api</arg>
<doc>Sends a GET request on a previously created HTTP Session.</doc>
<status status="PASS" start="2024-05-13T04:17:58.644479" elapsed="0.090580"/>
</kw>
<kw name="Set Variable" owner="BuiltIn">
<msg time="2024-05-13T04:17:58.735879" level="INFO">${json_data} = {'results': [{'gender': 'male', 'name': {'title': 'Mr', 'first': 'نيما', 'last': 'حسینی'}, 'location': {'street': {'number': 4969, 'name': 'بلوار کشاورز'}, 'city': 'مشهد', 'state': 'قم', 'country': 'I...</msg>
<var>${json_data}</var>
<arg>${response.json()}</arg>
<doc>Returns the given values which can then be assigned to a variables.</doc>
<status status="PASS" start="2024-05-13T04:17:58.735424" elapsed="0.000485"/>
</kw>
<kw name="Log" owner="BuiltIn">
<msg time="2024-05-13T04:17:58.736369" level="INFO">{'results': [{'gender': 'male', 'name': {'title': 'Mr', 'first': 'نيما', 'last': 'حسینی'}, 'location': {'street': {'number': 4969, 'name': 'بلوار کشاورز'}, 'city': 'مشهد', 'state': 'قم', 'country': 'Iran', 'postcode': 65546, 'coordinates': {'latitude': '20.9370', 'longitude': '-59.1761'}, 'timezone': {'offset': '+3:30', 'description': 'Tehran'}}, 'email': 'nym.hsyny@example.com', 'login': {'uuid': 'e1972b89-9383-4d20-91cb-2265696bed55', 'username': 'silverpanda217', 'password': 'ajax', 'salt': 'MpFn2lbY', 'md5': '8f3f7195da0767d41fb34d710ccf8e63', 'sha1': '2a6cdbb211a18848da51c43f9363b6c58518cece', 'sha256': '7f1b6a79ef8155d9352bfe24aa50a4ce709c570bbd5494db7f9d69e79b8722ff'}, 'dob': {'date': '1955-01-13T00:22:49.690Z', 'age': 69}, 'registered': {'date': '2009-11-06T05:48:39.411Z', 'age': 14}, 'phone': '045-47983374', 'cell': '0927-088-2462', 'id': {'name': '', 'value': None}, 'picture': {'large': 'https://randomuser.me/api/portraits/men/33.jpg', 'medium': 'https://randomuser.me/api/portraits/med/men/33.jpg', 'thumbnail': 'https://randomuser.me/api/portraits/thumb/men/33.jpg'}, 'nat': 'IR'}], 'info': {'seed': '2e760a570b1dc24d', 'results': 1, 'page': 1, 'version': '1.4'}}</msg>
<arg>${json_data}</arg>
<doc>Logs the given message with the given level.</doc>
<status status="PASS" start="2024-05-13T04:17:58.736212" elapsed="0.000238"/>
</kw>
<kw name="Should Be String" owner="String">
<arg>${json_data['results'][0]['gender']}</arg>
<doc>Fails if the given ``item`` is not a string.</doc>
<status status="PASS" start="2024-05-13T04:17:58.736754" elapsed="0.000367"/>
</kw>
<kw name="Should Match Regexp" owner="BuiltIn">
<arg>${json_data['results'][0]['email']}</arg>
<arg>^[a-zA-Z0-9._%+-]+@[a-zA-Z0-9.-]+\.[a-zA-Z]{2,}$</arg>
<doc>Fails if ``string`` does not match ``pattern`` as a regular expression.</doc>
<status status="PASS" start="2024-05-13T04:17:58.737314" elapsed="0.000543"/>
</kw>
<kw name="Should Match Regexp" owner="BuiltIn">
<arg>${json_data['results'][0]['dob']['date']}</arg>
<arg>\\d{4}-\\d{2}-\\d{2}T\\d{2}:\\d{2}:\\d{2}\\.\\d{3}Z</arg>
<doc>Fails if ``string`` does not match ``pattern`` as a regular expression.</doc>
<status status="PASS" start="2024-05-13T04:17:58.738053" elapsed="0.000497"/>
</kw>
<kw name="Should Match Regexp" owner="BuiltIn">
<arg>${json_data['results'][0]['registered']['date']}</arg>
<arg>\\d{4}-\\d{2}-\\d{2}T\\d{2}:\\d{2}:\\d{2}\\.\\d{3}Z</arg>
<doc>Fails if ``string`` does not match ``pattern`` as a regular expression.</doc>
<status status="PASS" start="2024-05-13T04:17:58.738741" elapsed="0.000532"/>
</kw>
<kw name="Should Match Regexp" owner="BuiltIn">
<arg>${json_data['results'][0]['picture']['large']}</arg>
<arg>^https?://.*\.(?:png|jpe?g|gif|bmp)$</arg>
<doc>Fails if ``string`` does not match ``pattern`` as a regular expression.</doc>
<status status="PASS" start="2024-05-13T04:17:58.739583" elapsed="0.000521"/>
</kw>
<kw name="Should Match Regexp" owner="BuiltIn">
<arg>${json_data['results'][0]['picture']['medium']}</arg>
<arg>^https?://.*\.(?:png|jpe?g|gif|bmp)$</arg>
<doc>Fails if ``string`` does not match ``pattern`` as a regular expression.</doc>
<status status="PASS" start="2024-05-13T04:17:58.740299" elapsed="0.000367"/>
</kw>
<kw name="Should Match Regexp" owner="BuiltIn">
<arg>${json_data['results'][0]['picture']['thumbnail']}</arg>
<arg>^https?://.*\.(?:png|jpe?g|gif|bmp)$</arg>
<doc>Fails if ``string`` does not match ``pattern`` as a regular expression.</doc>
<status status="PASS" start="2024-05-13T04:17:58.740861" elapsed="0.000352"/>
</kw>
<kw name="Log" owner="BuiltIn">
<msg time="2024-05-13T04:17:58.741757" level="INFO">{'large': 'https://randomuser.me/api/portraits/men/33.jpg', 'medium': 'https://randomuser.me/api/portraits/med/men/33.jpg', 'thumbnail': 'https://randomuser.me/api/portraits/thumb/men/33.jpg'}</msg>
<arg>${json_data['results'][0]['picture']}</arg>
<doc>Logs the given message with the given level.</doc>
<status status="PASS" start="2024-05-13T04:17:58.741394" elapsed="0.000406"/>
</kw>
<status status="PASS" start="2024-05-13T04:17:58.644259" elapsed="0.097792"/>
</kw>
<kw name="Teste de Tipos de Dados - Postcode" owner="random-user-service">
<kw name="GET On Session" owner="RequestsLibrary">
<msg time="2024-05-13T04:17:58.834560" level="INFO">GET Request : url=https://randomuser.me/api 
 path_url=/api 
 headers={'User-Agent': 'python-requests/2.31.0', 'Accept-Encoding': 'gzip, deflate', 'Accept': '*/*', 'Connection': 'keep-alive'} 
 body=None 
 </msg>
<msg time="2024-05-13T04:17:58.834623" level="INFO">GET Response : url=https://randomuser.me/api 
 status=200, reason=OK 
 headers={'Date': 'Mon, 13 May 2024 04:17:58 GMT', 'Content-Type': 'application/json; charset=utf-8', 'Transfer-Encoding': 'chunked', 'Connection': 'keep-alive', 'X-Powered-By': 'Express', 'Access-Control-Allow-Origin': '*', 'Cache-Control': 'no-cache', 'ETag': 'W/"478-rAiBCeqHNjjtvzQQxSyMko3tIPs"', 'Vary': 'Accept-Encoding', 'Content-Encoding': 'gzip', 'CF-Cache-Status': 'DYNAMIC', 'Report-To': '{"endpoints":[{"url":"https:\\/\\/a.nel.cloudflare.com\\/report\\/v4?s=j1N5OytRpImsM3SZDG6oKZ55mMWCpa4HRu%2FriMuIgP%2FUq5DBVLmTbg%2BhfHoh%2FJYxfY2uebNz6vJWvLw9JdGhUgr5Gk90FrqmX5w89NdF6sQbH%2Fly%2F7M1YKDT0CfTRSbB"}],"group":"cf-nel","max_age":604800}', 'NEL': '{"success_fraction":0,"report_to":"cf-nel","max_age":604800}', 'Server': 'cloudflare', 'CF-RAY': '882fd7862df0d001-SJC', 'alt-svc': 'h3=":443"; ma=86400'} 
 body={"results":[{"gender":"male","name":{"title":"Mr","first":"Orinder","last":"Shukla"},"location":{"street":{"number":2144,"name":"Camac St"},"city":"Rewa","state":"Maharashtra","country":"India","postcode":84868,"coordinates":{"latitude":"8.4383","longitude":"-72.7932"},"timezone":{"offset":"-8:00","description":"Pacific Time (US &amp; Canada)"}},"email":"orinder.shukla@example.com","login":{"uuid":"ae231c9d-fcba-43a7-8fad-ff823ff57e56","username":"redswan969","password":"whatup","salt":"7XTOnPCV","md5":"a5aec421637c7d8ab05e768a68ed80ee","sha1":"f9efd44546fd2b742d28991733a91432107c713d","sha256":"70251d817e5485000d2fe8d57b7020dcc042cc180153abf3dc34ce830f5c031c"},"dob":{"date":"1998-04-08T01:39:47.641Z","age":26},"registered":{"date":"2013-04-13T09:17:32.113Z","age":11},"phone":"7993493493","cell":"7506860100","id":{"name":"UIDAI","value":"969555857685"},"picture":{"large":"https://randomuser.me/api/portraits/men/17.jpg","medium":"https://randomuser.me/api/portraits/med/men/17.jpg","thumbnail":"https://randomuser.me/api/portraits/thumb/men/17.jpg"},"nat":"IN"}],"info":{"seed":"a8ce1bb82d73546c","results":1,"page":1,"version":"1.4"}} 
 </msg>
<msg time="2024-05-13T04:17:58.834679" level="INFO">/opt/hostedtoolcache/Python/3.12.3/x64/lib/python3.12/site-packages/urllib3/connectionpool.py:1103: InsecureRequestWarning: Unverified HTTPS request is being made to host 'randomuser.me'. Adding certificate verification is strongly advised. See: https://urllib3.readthedocs.io/en/latest/advanced-usage.html#tls-warnings
  warnings.warn(</msg>
<msg time="2024-05-13T04:17:58.834784" level="INFO">${response} = &lt;Response [200]&gt;</msg>
<var>${response}</var>
<arg>consultarAPI</arg>
<arg>/api</arg>
<doc>Sends a GET request on a previously created HTTP Session.</doc>
<status status="PASS" start="2024-05-13T04:17:58.742477" elapsed="0.092349"/>
</kw>
<kw name="Set Variable" owner="BuiltIn">
<msg time="2024-05-13T04:17:58.835607" level="INFO">${json_data} = {'results': [{'gender': 'male', 'name': {'title': 'Mr', 'first': 'Orinder', 'last': 'Shukla'}, 'location': {'street': {'number': 2144, 'name': 'Camac St'}, 'city': 'Rewa', 'state': 'Maharashtra', 'cou...</msg>
<var>${json_data}</var>
<arg>${response.json()}</arg>
<doc>Returns the given values which can then be assigned to a variables.</doc>
<status status="PASS" start="2024-05-13T04:17:58.835166" elapsed="0.000469"/>
</kw>
<kw name="Log" owner="BuiltIn">
<msg time="2024-05-13T04:17:58.836089" level="INFO">{'results': [{'gender': 'male', 'name': {'title': 'Mr', 'first': 'Orinder', 'last': 'Shukla'}, 'location': {'street': {'number': 2144, 'name': 'Camac St'}, 'city': 'Rewa', 'state': 'Maharashtra', 'country': 'India', 'postcode': 84868, 'coordinates': {'latitude': '8.4383', 'longitude': '-72.7932'}, 'timezone': {'offset': '-8:00', 'description': 'Pacific Time (US &amp; Canada)'}}, 'email': 'orinder.shukla@example.com', 'login': {'uuid': 'ae231c9d-fcba-43a7-8fad-ff823ff57e56', 'username': 'redswan969', 'password': 'whatup', 'salt': '7XTOnPCV', 'md5': 'a5aec421637c7d8ab05e768a68ed80ee', 'sha1': 'f9efd44546fd2b742d28991733a91432107c713d', 'sha256': '70251d817e5485000d2fe8d57b7020dcc042cc180153abf3dc34ce830f5c031c'}, 'dob': {'date': '1998-04-08T01:39:47.641Z', 'age': 26}, 'registered': {'date': '2013-04-13T09:17:32.113Z', 'age': 11}, 'phone': '7993493493', 'cell': '7506860100', 'id': {'name': 'UIDAI', 'value': '969555857685'}, 'picture': {'large': 'https://randomuser.me/api/portraits/men/17.jpg', 'medium': 'https://randomuser.me/api/portraits/med/men/17.jpg', 'thumbnail': 'https://randomuser.me/api/portraits/thumb/men/17.jpg'}, 'nat': 'IN'}], 'info': {'seed': 'a8ce1bb82d73546c', 'results': 1, 'page': 1, 'version': '1.4'}}</msg>
<arg>${json_data}</arg>
<doc>Logs the given message with the given level.</doc>
<status status="PASS" start="2024-05-13T04:17:58.835938" elapsed="0.000229"/>
</kw>
<kw name="Should Be Equal As Numbers" owner="BuiltIn">
<arg>${json_data['results'][0]['location']['postcode']}</arg>
<arg>${json_data['results'][0]['location']['postcode']}</arg>
<doc>Fails if objects are unequal after converting them to real numbers.</doc>
<status status="PASS" start="2024-05-13T04:17:58.836622" elapsed="0.000615"/>
</kw>
<kw name="Log" owner="BuiltIn">
<msg time="2024-05-13T04:17:58.837802" level="INFO">84868</msg>
<arg>${json_data['results'][0]['location']['postcode']}</arg>
<doc>Logs the given message with the given level.</doc>
<status status="PASS" start="2024-05-13T04:17:58.837427" elapsed="0.000417"/>
</kw>
<status status="PASS" start="2024-05-13T04:17:58.742261" elapsed="0.095835"/>
</kw>
<doc>Testa se os tipos de dados na resposta da API estão corretos.</doc>
<tag>testeTiposDados</tag>
<status status="PASS" start="2024-05-13T04:17:58.643822" elapsed="0.194432"/>
</test>
<test id="s1-s1-t5" name="Validar conteudo" line="35">
<kw name="Teste de Tipos de Conteudo" owner="random-user-service">
<kw name="GET On Session" owner="RequestsLibrary">
<msg time="2024-05-13T04:17:58.936971" level="INFO">GET Request : url=https://randomuser.me/api 
 path_url=/api 
 headers={'User-Agent': 'python-requests/2.31.0', 'Accept-Encoding': 'gzip, deflate', 'Accept': '*/*', 'Connection': 'keep-alive'} 
 body=None 
 </msg>
<msg time="2024-05-13T04:17:58.937050" level="INFO">GET Response : url=https://randomuser.me/api 
 status=200, reason=OK 
 headers={'Date': 'Mon, 13 May 2024 04:17:58 GMT', 'Content-Type': 'application/json; charset=utf-8', 'Transfer-Encoding': 'chunked', 'Connection': 'keep-alive', 'X-Powered-By': 'Express', 'Access-Control-Allow-Origin': '*', 'Cache-Control': 'no-cache', 'ETag': 'W/"480-RbPBOYUPvp3HgPfp9AyozbI+wmg"', 'Vary': 'Accept-Encoding', 'Content-Encoding': 'gzip', 'CF-Cache-Status': 'DYNAMIC', 'Report-To': '{"endpoints":[{"url":"https:\\/\\/a.nel.cloudflare.com\\/report\\/v4?s=idcWAPejrlC5zAxOi%2BGAhtLG6D0S4zV1NgaMZwQt5HadDZwH%2FNNrd1huyj6KoFv2W5if4xu01%2FOcmW3xC8604crOkkJyuAnX4oAfxo%2FaEsMFxlb5x6d%2FFN7TbPIxuRWg"}],"group":"cf-nel","max_age":604800}', 'NEL': '{"success_fraction":0,"report_to":"cf-nel","max_age":604800}', 'Server': 'cloudflare', 'CF-RAY': '882fd786ce6fd001-SJC', 'alt-svc': 'h3=":443"; ma=86400'} 
 body={"results":[{"gender":"female","name":{"title":"Ms","first":"Juvena","last":"Moraes"},"location":{"street":{"number":3561,"name":"Rua São João "},"city":"Sumaré","state":"Roraima","country":"Brazil","postcode":76894,"coordinates":{"latitude":"-78.3122","longitude":"113.7417"},"timezone":{"offset":"-9:00","description":"Alaska"}},"email":"juvena.moraes@example.com","login":{"uuid":"89c15cdd-bbd2-4009-8cbd-182e34022d4d","username":"ticklishcat578","password":"pornporn","salt":"RYjdaIUX","md5":"0e6c33a51eaddcc837e522969f646413","sha1":"da2db330935f60c47c79f4ce4e4e96be598c6b3b","sha256":"e447be4ffe0228d3cc5343cd32574728bc1979adbb0661a94fae4be8ec94c2ed"},"dob":{"date":"1953-04-25T02:21:13.997Z","age":71},"registered":{"date":"2020-07-08T17:20:16.232Z","age":3},"phone":"(20) 1182-8997","cell":"(00) 7987-1266","id":{"name":"CPF","value":"162.872.717-47"},"picture":{"large":"https://randomuser.me/api/portraits/women/21.jpg","medium":"https://randomuser.me/api/portraits/med/women/21.jpg","thumbnail":"https://randomuser.me/api/portraits/thumb/women/21.jpg"},"nat":"BR"}],"info":{"seed":"80e6c0ff3340390a","results":1,"page":1,"version":"1.4"}} 
 </msg>
<msg time="2024-05-13T04:17:58.937119" level="INFO">/opt/hostedtoolcache/Python/3.12.3/x64/lib/python3.12/site-packages/urllib3/connectionpool.py:1103: InsecureRequestWarning: Unverified HTTPS request is being made to host 'randomuser.me'. Adding certificate verification is strongly advised. See: https://urllib3.readthedocs.io/en/latest/advanced-usage.html#tls-warnings
  warnings.warn(</msg>
<msg time="2024-05-13T04:17:58.937233" level="INFO">${response} = &lt;Response [200]&gt;</msg>
<var>${response}</var>
<arg>consultarAPI</arg>
<arg>/api</arg>
<doc>Sends a GET request on a previously created HTTP Session.</doc>
<status status="PASS" start="2024-05-13T04:17:58.840969" elapsed="0.096302"/>
</kw>
<kw name="Set Variable" owner="BuiltIn">
<msg time="2024-05-13T04:17:58.938108" level="INFO">${json_data} = {'results': [{'gender': 'female', 'name': {'title': 'Ms', 'first': 'Juvena', 'last': 'Moraes'}, 'location': {'street': {'number': 3561, 'name': 'Rua São João '}, 'city': 'Sumaré', 'state': 'Roraima', ...</msg>
<var>${json_data}</var>
<arg>${response.json()}</arg>
<doc>Returns the given values which can then be assigned to a variables.</doc>
<status status="PASS" start="2024-05-13T04:17:58.937661" elapsed="0.000476"/>
</kw>
<kw name="Set Variable" owner="BuiltIn">
<msg time="2024-05-13T04:17:58.938828" level="INFO">${name_title} = Ms</msg>
<var>${name_title}</var>
<arg>${json_data["results"][0]["name"]["title"]}</arg>
<doc>Returns the given values which can then be assigned to a variables.</doc>
<status status="PASS" start="2024-05-13T04:17:58.938447" elapsed="0.000406"/>
</kw>
<kw name="Create List" owner="BuiltIn">
<msg time="2024-05-13T04:17:58.939292" level="INFO">${allowed_titles} = ['Mr', 'Ms', 'Miss', 'Mrs', 'Madame', 'Monsieur']</msg>
<var>${allowed_titles}</var>
<arg>Mr</arg>
<arg>Ms</arg>
<arg>Miss</arg>
<arg>Mrs</arg>
<arg>Madame</arg>
<arg>Monsieur</arg>
<doc>Returns a list containing given items.</doc>
<status status="PASS" start="2024-05-13T04:17:58.939147" elapsed="0.000170"/>
</kw>
<kw name="List Should Contain Value" owner="Collections">
<msg time="2024-05-13T04:17:58.939778" level="INFO">False</msg>
<arg>${allowed_titles}</arg>
<arg>${name_title}</arg>
<doc>Fails if the ``value`` is not found from ``list``.</doc>
<status status="PASS" start="2024-05-13T04:17:58.939611" elapsed="0.000203"/>
</kw>
<kw name="Set Variable" owner="BuiltIn">
<msg time="2024-05-13T04:17:58.940480" level="INFO">${name_country} = BR</msg>
<var>${name_country}</var>
<arg>${json_data["results"][0]["nat"]}</arg>
<doc>Returns the given values which can then be assigned to a variables.</doc>
<status status="PASS" start="2024-05-13T04:17:58.940101" elapsed="0.000404"/>
</kw>
<kw name="Create List" owner="BuiltIn">
<msg time="2024-05-13T04:17:58.941386" level="INFO">${list_country} = ['AD', 'AE', 'AF', 'AG', 'AI', 'AL', 'AM', 'AO', 'AQ', 'AR', 'AS', 'AT', 'AU', 'AW', 'AX', 'AZ', 'BA', 'BB', 'BD', 'BE', 'BF', 'BG', 'BH', 'BI', 'BJ', 'BL', 'BM', 'BN', 'BO', 'BQ', 'BR', 'BS', 'BT', '...</msg>
<var>${list_country}</var>
<arg>AD</arg>
<arg>AE</arg>
<arg>AF</arg>
<arg>AG</arg>
<arg>AI</arg>
<arg>AL</arg>
<arg>AM</arg>
<arg>AO</arg>
<arg>AQ</arg>
<arg>AR</arg>
<arg>AS</arg>
<arg>AT</arg>
<arg>AU</arg>
<arg>AW</arg>
<arg>AX</arg>
<arg>AZ</arg>
<arg>BA</arg>
<arg>BB</arg>
<arg>BD</arg>
<arg>BE</arg>
<arg>BF</arg>
<arg>BG</arg>
<arg>BH</arg>
<arg>BI</arg>
<arg>BJ</arg>
<arg>BL</arg>
<arg>BM</arg>
<arg>BN</arg>
<arg>BO</arg>
<arg>BQ</arg>
<arg>BR</arg>
<arg>BS</arg>
<arg>BT</arg>
<arg>BV</arg>
<arg>BW</arg>
<arg>BY</arg>
<arg>BZ</arg>
<arg>CA</arg>
<arg>CC</arg>
<arg>CD</arg>
<arg>CF</arg>
<arg>CG</arg>
<arg>CH</arg>
<arg>CI</arg>
<arg>CK</arg>
<arg>CL</arg>
<arg>CM</arg>
<arg>CN</arg>
<arg>CO</arg>
<arg>CR</arg>
<arg>CU</arg>
<arg>CV</arg>
<arg>CW</arg>
<arg>CX</arg>
<arg>CY</arg>
<arg>CZ</arg>
<arg>DE</arg>
<arg>DJ</arg>
<arg>DK</arg>
<arg>DM</arg>
<arg>DO</arg>
<arg>DZ</arg>
<arg>EC</arg>
<arg>EE</arg>
<arg>EG</arg>
<arg>EH</arg>
<arg>ER</arg>
<arg>ES</arg>
<arg>ET</arg>
<arg>FI</arg>
<arg>FJ</arg>
<arg>FK</arg>
<arg>FM</arg>
<arg>FO</arg>
<arg>FR</arg>
<arg>GA</arg>
<arg>GB</arg>
<arg>GD</arg>
<arg>GE</arg>
<arg>GF</arg>
<arg>GG</arg>
<arg>GH</arg>
<arg>GI</arg>
<arg>GL</arg>
<arg>GM</arg>
<arg>GN</arg>
<arg>GP</arg>
<arg>GQ</arg>
<arg>GR</arg>
<arg>GS</arg>
<arg>GT</arg>
<arg>GU</arg>
<arg>GW</arg>
<arg>GY</arg>
<arg>HK</arg>
<arg>HM</arg>
<arg>HN</arg>
<arg>HR</arg>
<arg>HT</arg>
<arg>HU</arg>
<arg>ID</arg>
<arg>IE</arg>
<arg>IL</arg>
<arg>IM</arg>
<arg>IN</arg>
<arg>IO</arg>
<arg>IQ</arg>
<arg>IR</arg>
<arg>IS</arg>
<arg>IT</arg>
<arg>JE</arg>
<arg>JM</arg>
<arg>JO</arg>
<arg>JP</arg>
<arg>KE</arg>
<arg>KG</arg>
<arg>KH</arg>
<arg>KI</arg>
<arg>KM</arg>
<arg>KN</arg>
<arg>KP</arg>
<arg>KR</arg>
<arg>KW</arg>
<arg>KY</arg>
<arg>KZ</arg>
<arg>LA</arg>
<arg>LB</arg>
<arg>LC</arg>
<arg>LI</arg>
<arg>LK</arg>
<arg>LR</arg>
<arg>LS</arg>
<arg>LT</arg>
<arg>LU</arg>
<arg>LV</arg>
<arg>LY</arg>
<arg>MA</arg>
<arg>MC</arg>
<arg>MD</arg>
<arg>ME</arg>
<arg>MF</arg>
<arg>MG</arg>
<arg>MH</arg>
<arg>MK</arg>
<arg>ML</arg>
<arg>MM</arg>
<arg>MN</arg>
<arg>MO</arg>
<arg>MP</arg>
<arg>MQ</arg>
<arg>MR</arg>
<arg>MS</arg>
<arg>MT</arg>
<arg>MU</arg>
<arg>MV</arg>
<arg>MW</arg>
<arg>MX</arg>
<arg>MY</arg>
<arg>MZ</arg>
<arg>NA</arg>
<arg>NC</arg>
<arg>NE</arg>
<arg>NF</arg>
<arg>NG</arg>
<arg>NI</arg>
<arg>NL</arg>
<arg>NO</arg>
<arg>NP</arg>
<arg>NR</arg>
<arg>NU</arg>
<arg>NZ</arg>
<arg>OM</arg>
<arg>PA</arg>
<arg>PE</arg>
<arg>PF</arg>
<arg>PG</arg>
<arg>PH</arg>
<arg>PK</arg>
<arg>PL</arg>
<arg>PM</arg>
<arg>PN</arg>
<arg>PR</arg>
<arg>PS</arg>
<arg>PT</arg>
<arg>PW</arg>
<arg>PY</arg>
<arg>QA</arg>
<arg>RE</arg>
<arg>RO</arg>
<arg>RS</arg>
<arg>RU</arg>
<arg>RW</arg>
<arg>SA</arg>
<arg>SB</arg>
<arg>SC</arg>
<arg>SD</arg>
<arg>SE</arg>
<arg>SG</arg>
<arg>SH</arg>
<arg>SI</arg>
<arg>SJ</arg>
<arg>SK</arg>
<arg>SL</arg>
<arg>SM</arg>
<arg>SN</arg>
<arg>SO</arg>
<arg>SR</arg>
<arg>SS</arg>
<arg>ST</arg>
<arg>SV</arg>
<arg>SX</arg>
<arg>SY</arg>
<arg>SZ</arg>
<arg>TC</arg>
<arg>TD</arg>
<arg>TF</arg>
<arg>TG</arg>
<arg>TH</arg>
<arg>TJ</arg>
<arg>TK</arg>
<arg>TL</arg>
<arg>TM</arg>
<arg>TN</arg>
<arg>TO</arg>
<arg>TR</arg>
<arg>TT</arg>
<arg>TV</arg>
<arg>TW</arg>
<arg>TZ</arg>
<arg>UA</arg>
<arg>UG</arg>
<arg>UM</arg>
<arg>US</arg>
<arg>UY</arg>
<arg>UZ</arg>
<arg>VA</arg>
<arg>VC</arg>
<arg>VE</arg>
<arg>VG</arg>
<arg>VI</arg>
<arg>VN</arg>
<arg>VU</arg>
<arg>WF</arg>
<arg>WS</arg>
<arg>XK</arg>
<arg>YE</arg>
<arg>YT</arg>
<arg>ZA</arg>
<arg>ZM</arg>
<arg>ZW</arg>
<doc>Returns a list containing given items.</doc>
<status status="PASS" start="2024-05-13T04:17:58.940801" elapsed="0.000610"/>
</kw>
<kw name="List Should Contain Value" owner="Collections">
<msg time="2024-05-13T04:17:58.942419" level="INFO">False</msg>
<arg>${list_country}</arg>
<arg>${name_country}</arg>
<doc>Fails if the ``value`` is not found from ``list``.</doc>
<status status="PASS" start="2024-05-13T04:17:58.942220" elapsed="0.000234"/>
</kw>
<kw name="Run Keyword If" owner="BuiltIn">
<kw name="Should Be True" owner="BuiltIn">
<arg>${True}</arg>
<doc>Fails if the given condition is not true.</doc>
<status status="PASS" start="2024-05-13T04:17:58.943515" elapsed="0.000242"/>
</kw>
<arg>${json_data["results"][0]["location"]["coordinates"]["latitude"]} &gt;= -90 and ${json_data["results"][0]["location"]["coordinates"]["latitude"]} &lt;= 90</arg>
<arg>Should Be True</arg>
<arg>${True}</arg>
<doc>Runs the given keyword with the given arguments, if ``condition`` is true.</doc>
<status status="PASS" start="2024-05-13T04:17:58.942766" elapsed="0.001123"/>
</kw>
<kw name="Run Keyword If" owner="BuiltIn">
<kw name="Should Be True" owner="BuiltIn">
<arg>${True}</arg>
<doc>Fails if the given condition is not true.</doc>
<status status="PASS" start="2024-05-13T04:17:58.944779" elapsed="0.000138"/>
</kw>
<arg>${json_data["results"][0]["location"]["coordinates"]["longitude"]} &gt;= -180 and ${json_data["results"][0]["location"]["coordinates"]["longitude"]} &lt;= 180</arg>
<arg>Should Be True</arg>
<arg>${True}</arg>
<doc>Runs the given keyword with the given arguments, if ``condition`` is true.</doc>
<status status="PASS" start="2024-05-13T04:17:58.944076" elapsed="0.000964"/>
</kw>
<status status="PASS" start="2024-05-13T04:17:58.840599" elapsed="0.104568"/>
</kw>
<doc>Testa o conteúdo específico dos campos retornados pela API.</doc>
<tag>testeConteudo</tag>
<status status="PASS" start="2024-05-13T04:17:58.839955" elapsed="0.105354"/>
</test>
<status status="PASS" start="2024-05-13T04:17:57.939066" elapsed="1.008175"/>
</suite>
<status status="PASS" start="2024-05-13T04:17:57.925703" elapsed="1.026544"/>
</suite>
<statistics>
<total>
<stat pass="5" fail="0" skip="0">All Tests</stat>
</total>
<tag>
<stat pass="1" fail="0" skip="0">testeConteudo</stat>
<stat pass="1" fail="0" skip="0">testeEstruturaResposta</stat>
<stat pass="1" fail="0" skip="0">testeRequisicaoBasica</stat>
<stat pass="1" fail="0" skip="0">testeTiposDados</stat>
</tag>
<suite>
<stat pass="5" fail="0" skip="0" id="s1" name="Tests">Tests</stat>
<stat pass="5" fail="0" skip="0" id="s1-s1" name="Random-User-Test">Tests.Random-User-Test</stat>
</suite>
</statistics>
<errors>
</errors>
</robot>
