<?xml version="1.0" encoding="UTF-8"?>
<robot generator="Robot 7.0.1 (Python 3.12.4 on linux)" generated="2024-08-07T02:36:07.313347" rpa="false" schemaversion="5">
<suite id="s1" name="Tests" source="/home/runner/work/ApiRandomUser/ApiRandomUser/RamdonUser/tests">
<suite id="s1-s1" name="Random-User-Test" source="/home/runner/work/ApiRandomUser/ApiRandomUser/RamdonUser/tests/random-user-test.robot">
<test id="s1-s1-t1" name="Conectar" line="13">
<kw name="Conectar API" owner="random-user-service">
<kw name="Create Session" owner="RequestsLibrary">
<msg time="2024-08-07T02:36:07.764544" level="INFO">Creating Session using : alias=consultarAPI, url=https://randomuser.me/, headers={},                     cookies={}, auth=None, timeout=None, proxies=None, verify=False,                     debug=0 </msg>
<arg>consultarAPI</arg>
<arg>${URL}</arg>
<doc>Create Session: create a HTTP session to a server</doc>
<status status="PASS" start="2024-08-07T02:36:07.764339" elapsed="0.000380"/>
</kw>
<status status="PASS" start="2024-08-07T02:36:07.763234" elapsed="0.001852"/>
</kw>
<status status="PASS" start="2024-08-07T02:36:07.762497" elapsed="0.002789"/>
</test>
<test id="s1-s1-t2" name="Validar retorno 200 e JSON Válido" line="16">
<kw name="Teste de Requisicao Basica" owner="random-user-service">
<kw name="GET On Session" owner="RequestsLibrary">
<msg time="2024-08-07T02:36:09.122775" level="INFO">GET Request : url=https://randomuser.me/api 
 path_url=/api 
 headers={'User-Agent': 'python-requests/2.32.3', 'Accept-Encoding': 'gzip, deflate', 'Accept': '*/*', 'Connection': 'keep-alive'} 
 body=None 
 </msg>
<msg time="2024-08-07T02:36:09.122928" level="INFO">GET Response : url=https://randomuser.me/api 
 status=200, reason=OK 
 headers={'Date': 'Wed, 07 Aug 2024 02:36:09 GMT', 'Content-Type': 'application/json; charset=utf-8', 'Transfer-Encoding': 'chunked', 'Connection': 'keep-alive', 'X-Powered-By': 'Express', 'Access-Control-Allow-Origin': '*', 'Cache-Control': 'no-cache', 'ETag': 'W/"475-uSMWpsrf3sbaSuUjzTQrtB6vP+g"', 'Vary': 'Accept-Encoding', 'Content-Encoding': 'gzip', 'CF-Cache-Status': 'DYNAMIC', 'Report-To': '{"endpoints":[{"url":"https:\\/\\/a.nel.cloudflare.com\\/report\\/v4?s=mT6OsB2aRwbauOPqIC0cYQAia2G4R%2BQ%2Fopc%2ByRfsMc%2F09w1v4iTsaO7tQHdiM3iII357vJzIdYesO2InJWD4zDAc6qMylj7UuVId5ZSjqoBh7JmF8e14EYxjj6xYtUPb"}],"group":"cf-nel","max_age":604800}', 'NEL': '{"success_fraction":0,"report_to":"cf-nel","max_age":604800}', 'Server': 'cloudflare', 'CF-RAY': '8af3e094ab273b7e-IAD', 'alt-svc': 'h3=":443"; ma=86400'} 
 body={"results":[{"gender":"male","name":{"title":"Mr","first":"Stefaniy","last":"Pokalchuk"},"location":{"street":{"number":3099,"name":"Sosyuri"},"city":"Vishgorod","state":"Zhitomirska","country":"Ukraine","postcode":92933,"coordinates":{"latitude":"80.1503","longitude":"-150.4724"},"timezone":{"offset":"-10:00","description":"Hawaii"}},"email":"stefaniy.pokalchuk@example.com","login":{"uuid":"da14d23e-07b3-444c-8861-547eaa794de8","username":"heavybutterfly394","password":"legend","salt":"dDRnsrVI","md5":"bb71d39639b76c3cb943425aa4aacb37","sha1":"467a8377d9b849baa101a01348f2ec4f7088de9f","sha256":"c13489ba3cb5633499930b75e516b5019f4a633a532813f4427456b0e9e3442d"},"dob":{"date":"1960-08-05T10:24:01.056Z","age":64},"registered":{"date":"2011-11-04T15:35:39.852Z","age":12},"phone":"(097) Q45-2895","cell":"(098) K61-1450","id":{"name":"","value":null},"picture":{"large":"https://randomuser.me/api/portraits/men/88.jpg","medium":"https://randomuser.me/api/portraits/med/men/88.jpg","thumbnail":"https://randomuser.me/api/portraits/thumb/men/88.jpg"},"nat":"UA"}],"info":{"seed":"9c3efdd1f3341ab2","results":1,"page":1,"version":"1.4"}} 
 </msg>
<msg time="2024-08-07T02:36:09.123005" level="INFO">/opt/hostedtoolcache/Python/3.12.4/x64/lib/python3.12/site-packages/urllib3/connectionpool.py:1099: InsecureRequestWarning: Unverified HTTPS request is being made to host 'randomuser.me'. Adding certificate verification is strongly advised. See: https://urllib3.readthedocs.io/en/latest/advanced-usage.html#tls-warnings
  warnings.warn(</msg>
<msg time="2024-08-07T02:36:09.123148" level="INFO">${response} = &lt;Response [200]&gt;</msg>
<var>${response}</var>
<arg>consultarAPI</arg>
<arg>/api</arg>
<doc>Sends a GET request on a previously created HTTP Session.</doc>
<status status="PASS" start="2024-08-07T02:36:07.767978" elapsed="1.355212"/>
</kw>
<kw name="Should Be Equal As Numbers" owner="BuiltIn">
<msg time="2024-08-07T02:36:09.124326" level="INFO">Argument types are:
&lt;class 'int'&gt;
&lt;class 'str'&gt;</msg>
<arg>${response.status_code}</arg>
<arg>200</arg>
<doc>Fails if objects are unequal after converting them to real numbers.</doc>
<status status="PASS" start="2024-08-07T02:36:09.123830" elapsed="0.000559"/>
</kw>
<kw name="Log" owner="BuiltIn">
<msg time="2024-08-07T02:36:09.125049" level="INFO">200</msg>
<arg>${response.status_code}</arg>
<doc>Logs the given message with the given level.</doc>
<status status="PASS" start="2024-08-07T02:36:09.124703" elapsed="0.000387"/>
</kw>
<kw name="Set Variable" owner="BuiltIn">
<msg time="2024-08-07T02:36:09.125814" level="INFO">${json_data} = {'results': [{'gender': 'male', 'name': {'title': 'Mr', 'first': 'Stefaniy', 'last': 'Pokalchuk'}, 'location': {'street': {'number': 3099, 'name': 'Sosyuri'}, 'city': 'Vishgorod', 'state': 'Zhitomirsk...</msg>
<var>${json_data}</var>
<arg>${response.json()}</arg>
<doc>Returns the given values which can then be assigned to a variables.</doc>
<status status="PASS" start="2024-08-07T02:36:09.125390" elapsed="0.000453"/>
</kw>
<kw name="Dictionary Should Contain Key" owner="Collections">
<arg>${json_data}</arg>
<arg>results</arg>
<doc>Fails if ``key`` is not found from ``dictionary``.</doc>
<status status="PASS" start="2024-08-07T02:36:09.126146" elapsed="0.000347"/>
</kw>
<status status="PASS" start="2024-08-07T02:36:07.767731" elapsed="1.358926"/>
</kw>
<doc>Testa se a API responde corretamente e retorna um objeto JSON válido.</doc>
<tag>testeRequisicaoBasica</tag>
<status status="PASS" start="2024-08-07T02:36:07.767181" elapsed="1.359656"/>
</test>
<test id="s1-s1-t3" name="Validar estrutura de resposta" line="22">
<kw name="Teste de Estrutura de Resposta" owner="random-user-service">
<kw name="GET On Session" owner="RequestsLibrary">
<msg time="2024-08-07T02:36:09.885235" level="INFO">GET Request : url=https://randomuser.me/api 
 path_url=/api 
 headers={'User-Agent': 'python-requests/2.32.3', 'Accept-Encoding': 'gzip, deflate', 'Accept': '*/*', 'Connection': 'keep-alive'} 
 body=None 
 </msg>
<msg time="2024-08-07T02:36:09.885339" level="INFO">GET Response : url=https://randomuser.me/api 
 status=200, reason=OK 
 headers={'Date': 'Wed, 07 Aug 2024 02:36:09 GMT', 'Content-Type': 'application/json; charset=utf-8', 'Transfer-Encoding': 'chunked', 'Connection': 'keep-alive', 'X-Powered-By': 'Express', 'Access-Control-Allow-Origin': '*', 'Cache-Control': 'no-cache', 'ETag': 'W/"489-5V/vni/3cGXZmYMfUoLN6Oo9Xbk"', 'Vary': 'Accept-Encoding', 'Content-Encoding': 'gzip', 'CF-Cache-Status': 'DYNAMIC', 'Report-To': '{"endpoints":[{"url":"https:\\/\\/a.nel.cloudflare.com\\/report\\/v4?s=kYsBlMSl%2F4JNKMW%2FgKRxqudAMymuXCtcZxxfGKDAMLmz2n03%2FnFMJl%2BijFPuiFl67iJRX5gmsYDtSPLyx4laGwNI3lKLzBtu1i6Pu8d7tEmBhXSEp05cXcfwM9%2BOC0gU"}],"group":"cf-nel","max_age":604800}', 'NEL': '{"success_fraction":0,"report_to":"cf-nel","max_age":604800}', 'Server': 'cloudflare', 'CF-RAY': '8af3e09d1aea3b7e-IAD', 'alt-svc': 'h3=":443"; ma=86400'} 
 body={"results":[{"gender":"male","name":{"title":"Mr","first":"Myron","last":"Wien"},"location":{"street":{"number":2882,"name":"Anselderlaan"},"city":"Haren Nb","state":"Noord-Brabant","country":"Netherlands","postcode":"6321 VG","coordinates":{"latitude":"38.3137","longitude":"-179.9338"},"timezone":{"offset":"+7:00","description":"Bangkok, Hanoi, Jakarta"}},"email":"myron.wien@example.com","login":{"uuid":"afd41588-e347-4cd5-ae0a-0c1cc388cb28","username":"beautifulmouse129","password":"there","salt":"3osDX1w5","md5":"839d220b63f61f7b747569961bc62c95","sha1":"b48485830d174e3f3538e5863568c010c9188a17","sha256":"d1ee47fa074259daa6228489ec2f9df1e7b8e99da36a74882296c21b402400cb"},"dob":{"date":"1989-04-03T10:01:52.299Z","age":35},"registered":{"date":"2003-09-01T11:59:18.958Z","age":20},"phone":"(072) 5577156","cell":"(06) 20285599","id":{"name":"BSN","value":"69410454"},"picture":{"large":"https://randomuser.me/api/portraits/men/76.jpg","medium":"https://randomuser.me/api/portraits/med/men/76.jpg","thumbnail":"https://randomuser.me/api/portraits/thumb/men/76.jpg"},"nat":"NL"}],"info":{"seed":"932a9d276e83521a","results":1,"page":1,"version":"1.4"}} 
 </msg>
<msg time="2024-08-07T02:36:09.885477" level="INFO">/opt/hostedtoolcache/Python/3.12.4/x64/lib/python3.12/site-packages/urllib3/connectionpool.py:1099: InsecureRequestWarning: Unverified HTTPS request is being made to host 'randomuser.me'. Adding certificate verification is strongly advised. See: https://urllib3.readthedocs.io/en/latest/advanced-usage.html#tls-warnings
  warnings.warn(</msg>
<msg time="2024-08-07T02:36:09.885605" level="INFO">${response} = &lt;Response [200]&gt;</msg>
<var>${response}</var>
<arg>consultarAPI</arg>
<arg>/api</arg>
<doc>Sends a GET request on a previously created HTTP Session.</doc>
<status status="PASS" start="2024-08-07T02:36:09.129461" elapsed="0.756181"/>
</kw>
<kw name="Set Variable" owner="BuiltIn">
<msg time="2024-08-07T02:36:09.886894" level="INFO">${json_data} = {'results': [{'gender': 'male', 'name': {'title': 'Mr', 'first': 'Myron', 'last': 'Wien'}, 'location': {'street': {'number': 2882, 'name': 'Anselderlaan'}, 'city': 'Haren Nb', 'state': 'Noord-Brabant'...</msg>
<var>${json_data}</var>
<arg>${response.json()}</arg>
<doc>Returns the given values which can then be assigned to a variables.</doc>
<status status="PASS" start="2024-08-07T02:36:09.886279" elapsed="0.000643"/>
</kw>
<kw name="Log" owner="BuiltIn">
<msg time="2024-08-07T02:36:09.887388" level="INFO">{'results': [{'gender': 'male', 'name': {'title': 'Mr', 'first': 'Myron', 'last': 'Wien'}, 'location': {'street': {'number': 2882, 'name': 'Anselderlaan'}, 'city': 'Haren Nb', 'state': 'Noord-Brabant', 'country': 'Netherlands', 'postcode': '6321 VG', 'coordinates': {'latitude': '38.3137', 'longitude': '-179.9338'}, 'timezone': {'offset': '+7:00', 'description': 'Bangkok, Hanoi, Jakarta'}}, 'email': 'myron.wien@example.com', 'login': {'uuid': 'afd41588-e347-4cd5-ae0a-0c1cc388cb28', 'username': 'beautifulmouse129', 'password': 'there', 'salt': '3osDX1w5', 'md5': '839d220b63f61f7b747569961bc62c95', 'sha1': 'b48485830d174e3f3538e5863568c010c9188a17', 'sha256': 'd1ee47fa074259daa6228489ec2f9df1e7b8e99da36a74882296c21b402400cb'}, 'dob': {'date': '1989-04-03T10:01:52.299Z', 'age': 35}, 'registered': {'date': '2003-09-01T11:59:18.958Z', 'age': 20}, 'phone': '(072) 5577156', 'cell': '(06) 20285599', 'id': {'name': 'BSN', 'value': '69410454'}, 'picture': {'large': 'https://randomuser.me/api/portraits/men/76.jpg', 'medium': 'https://randomuser.me/api/portraits/med/men/76.jpg', 'thumbnail': 'https://randomuser.me/api/portraits/thumb/men/76.jpg'}, 'nat': 'NL'}], 'info': {'seed': '932a9d276e83521a', 'results': 1, 'page': 1, 'version': '1.4'}}</msg>
<arg>${json_data}</arg>
<doc>Logs the given message with the given level.</doc>
<status status="PASS" start="2024-08-07T02:36:09.887228" elapsed="0.000207"/>
</kw>
<kw name="Dictionary Should Contain Key" owner="Collections">
<arg>${json_data}</arg>
<arg>results</arg>
<doc>Fails if ``key`` is not found from ``dictionary``.</doc>
<status status="PASS" start="2024-08-07T02:36:09.887791" elapsed="0.000165"/>
</kw>
<kw name="Should Not Be Empty" owner="BuiltIn">
<msg time="2024-08-07T02:36:09.888265" level="INFO">Length is 2.</msg>
<arg>${json_data}</arg>
<doc>Verifies that the given item is not empty.</doc>
<status status="PASS" start="2024-08-07T02:36:09.888139" elapsed="0.000163"/>
</kw>
<kw name="Create List" owner="BuiltIn">
<msg time="2024-08-07T02:36:09.888740" level="INFO">${expected_keys} = ['gender', 'name', 'location', 'email', 'login']</msg>
<var>${expected_keys}</var>
<arg>gender</arg>
<arg>name</arg>
<arg>location</arg>
<arg>email</arg>
<arg>login</arg>
<doc>Returns a list containing given items.</doc>
<status status="PASS" start="2024-08-07T02:36:09.888587" elapsed="0.000178"/>
</kw>
<for flavor="IN">
<iter>
<kw name="Dictionary Should Contain Key" owner="Collections">
<arg>${json_data['results'][0]}</arg>
<arg>${key}</arg>
<doc>Fails if ``key`` is not found from ``dictionary``.</doc>
<status status="PASS" start="2024-08-07T02:36:09.889345" elapsed="0.000411"/>
</kw>
<kw name="Log" owner="BuiltIn">
<msg time="2024-08-07T02:36:09.890302" level="INFO">{'gender': 'male', 'name': {'title': 'Mr', 'first': 'Myron', 'last': 'Wien'}, 'location': {'street': {'number': 2882, 'name': 'Anselderlaan'}, 'city': 'Haren Nb', 'state': 'Noord-Brabant', 'country': 'Netherlands', 'postcode': '6321 VG', 'coordinates': {'latitude': '38.3137', 'longitude': '-179.9338'}, 'timezone': {'offset': '+7:00', 'description': 'Bangkok, Hanoi, Jakarta'}}, 'email': 'myron.wien@example.com', 'login': {'uuid': 'afd41588-e347-4cd5-ae0a-0c1cc388cb28', 'username': 'beautifulmouse129', 'password': 'there', 'salt': '3osDX1w5', 'md5': '839d220b63f61f7b747569961bc62c95', 'sha1': 'b48485830d174e3f3538e5863568c010c9188a17', 'sha256': 'd1ee47fa074259daa6228489ec2f9df1e7b8e99da36a74882296c21b402400cb'}, 'dob': {'date': '1989-04-03T10:01:52.299Z', 'age': 35}, 'registered': {'date': '2003-09-01T11:59:18.958Z', 'age': 20}, 'phone': '(072) 5577156', 'cell': '(06) 20285599', 'id': {'name': 'BSN', 'value': '69410454'}, 'picture': {'large': 'https://randomuser.me/api/portraits/men/76.jpg', 'medium': 'https://randomuser.me/api/portraits/med/men/76.jpg', 'thumbnail': 'https://randomuser.me/api/portraits/thumb/men/76.jpg'}, 'nat': 'NL'}</msg>
<arg>${json_data['results'][0]}</arg>
<doc>Logs the given message with the given level.</doc>
<status status="PASS" start="2024-08-07T02:36:09.889946" elapsed="0.000405"/>
</kw>
<kw name="Log" owner="BuiltIn">
<msg time="2024-08-07T02:36:09.890819" level="INFO">gender</msg>
<arg>${key}</arg>
<doc>Logs the given message with the given level.</doc>
<status status="PASS" start="2024-08-07T02:36:09.890688" elapsed="0.000168"/>
</kw>
<var name="${key}">gender</var>
<status status="PASS" start="2024-08-07T02:36:09.889220" elapsed="0.001852"/>
</iter>
<iter>
<kw name="Dictionary Should Contain Key" owner="Collections">
<arg>${json_data['results'][0]}</arg>
<arg>${key}</arg>
<doc>Fails if ``key`` is not found from ``dictionary``.</doc>
<status status="PASS" start="2024-08-07T02:36:09.891370" elapsed="0.000388"/>
</kw>
<kw name="Log" owner="BuiltIn">
<msg time="2024-08-07T02:36:09.892291" level="INFO">{'gender': 'male', 'name': {'title': 'Mr', 'first': 'Myron', 'last': 'Wien'}, 'location': {'street': {'number': 2882, 'name': 'Anselderlaan'}, 'city': 'Haren Nb', 'state': 'Noord-Brabant', 'country': 'Netherlands', 'postcode': '6321 VG', 'coordinates': {'latitude': '38.3137', 'longitude': '-179.9338'}, 'timezone': {'offset': '+7:00', 'description': 'Bangkok, Hanoi, Jakarta'}}, 'email': 'myron.wien@example.com', 'login': {'uuid': 'afd41588-e347-4cd5-ae0a-0c1cc388cb28', 'username': 'beautifulmouse129', 'password': 'there', 'salt': '3osDX1w5', 'md5': '839d220b63f61f7b747569961bc62c95', 'sha1': 'b48485830d174e3f3538e5863568c010c9188a17', 'sha256': 'd1ee47fa074259daa6228489ec2f9df1e7b8e99da36a74882296c21b402400cb'}, 'dob': {'date': '1989-04-03T10:01:52.299Z', 'age': 35}, 'registered': {'date': '2003-09-01T11:59:18.958Z', 'age': 20}, 'phone': '(072) 5577156', 'cell': '(06) 20285599', 'id': {'name': 'BSN', 'value': '69410454'}, 'picture': {'large': 'https://randomuser.me/api/portraits/men/76.jpg', 'medium': 'https://randomuser.me/api/portraits/med/men/76.jpg', 'thumbnail': 'https://randomuser.me/api/portraits/thumb/men/76.jpg'}, 'nat': 'NL'}</msg>
<arg>${json_data['results'][0]}</arg>
<doc>Logs the given message with the given level.</doc>
<status status="PASS" start="2024-08-07T02:36:09.891939" elapsed="0.000432"/>
</kw>
<kw name="Log" owner="BuiltIn">
<msg time="2024-08-07T02:36:09.892799" level="INFO">name</msg>
<arg>${key}</arg>
<doc>Logs the given message with the given level.</doc>
<status status="PASS" start="2024-08-07T02:36:09.892669" elapsed="0.000168"/>
</kw>
<var name="${key}">name</var>
<status status="PASS" start="2024-08-07T02:36:09.891255" elapsed="0.001799"/>
</iter>
<iter>
<kw name="Dictionary Should Contain Key" owner="Collections">
<arg>${json_data['results'][0]}</arg>
<arg>${key}</arg>
<doc>Fails if ``key`` is not found from ``dictionary``.</doc>
<status status="PASS" start="2024-08-07T02:36:09.893339" elapsed="0.000397"/>
</kw>
<kw name="Log" owner="BuiltIn">
<msg time="2024-08-07T02:36:09.894258" level="INFO">{'gender': 'male', 'name': {'title': 'Mr', 'first': 'Myron', 'last': 'Wien'}, 'location': {'street': {'number': 2882, 'name': 'Anselderlaan'}, 'city': 'Haren Nb', 'state': 'Noord-Brabant', 'country': 'Netherlands', 'postcode': '6321 VG', 'coordinates': {'latitude': '38.3137', 'longitude': '-179.9338'}, 'timezone': {'offset': '+7:00', 'description': 'Bangkok, Hanoi, Jakarta'}}, 'email': 'myron.wien@example.com', 'login': {'uuid': 'afd41588-e347-4cd5-ae0a-0c1cc388cb28', 'username': 'beautifulmouse129', 'password': 'there', 'salt': '3osDX1w5', 'md5': '839d220b63f61f7b747569961bc62c95', 'sha1': 'b48485830d174e3f3538e5863568c010c9188a17', 'sha256': 'd1ee47fa074259daa6228489ec2f9df1e7b8e99da36a74882296c21b402400cb'}, 'dob': {'date': '1989-04-03T10:01:52.299Z', 'age': 35}, 'registered': {'date': '2003-09-01T11:59:18.958Z', 'age': 20}, 'phone': '(072) 5577156', 'cell': '(06) 20285599', 'id': {'name': 'BSN', 'value': '69410454'}, 'picture': {'large': 'https://randomuser.me/api/portraits/men/76.jpg', 'medium': 'https://randomuser.me/api/portraits/med/men/76.jpg', 'thumbnail': 'https://randomuser.me/api/portraits/thumb/men/76.jpg'}, 'nat': 'NL'}</msg>
<arg>${json_data['results'][0]}</arg>
<doc>Logs the given message with the given level.</doc>
<status status="PASS" start="2024-08-07T02:36:09.893915" elapsed="0.000401"/>
</kw>
<kw name="Log" owner="BuiltIn">
<msg time="2024-08-07T02:36:09.894791" level="INFO">location</msg>
<arg>${key}</arg>
<doc>Logs the given message with the given level.</doc>
<status status="PASS" start="2024-08-07T02:36:09.894660" elapsed="0.000169"/>
</kw>
<var name="${key}">location</var>
<status status="PASS" start="2024-08-07T02:36:09.893231" elapsed="0.001816"/>
</iter>
<iter>
<kw name="Dictionary Should Contain Key" owner="Collections">
<arg>${json_data['results'][0]}</arg>
<arg>${key}</arg>
<doc>Fails if ``key`` is not found from ``dictionary``.</doc>
<status status="PASS" start="2024-08-07T02:36:09.895325" elapsed="0.000383"/>
</kw>
<kw name="Log" owner="BuiltIn">
<msg time="2024-08-07T02:36:09.896437" level="INFO">{'gender': 'male', 'name': {'title': 'Mr', 'first': 'Myron', 'last': 'Wien'}, 'location': {'street': {'number': 2882, 'name': 'Anselderlaan'}, 'city': 'Haren Nb', 'state': 'Noord-Brabant', 'country': 'Netherlands', 'postcode': '6321 VG', 'coordinates': {'latitude': '38.3137', 'longitude': '-179.9338'}, 'timezone': {'offset': '+7:00', 'description': 'Bangkok, Hanoi, Jakarta'}}, 'email': 'myron.wien@example.com', 'login': {'uuid': 'afd41588-e347-4cd5-ae0a-0c1cc388cb28', 'username': 'beautifulmouse129', 'password': 'there', 'salt': '3osDX1w5', 'md5': '839d220b63f61f7b747569961bc62c95', 'sha1': 'b48485830d174e3f3538e5863568c010c9188a17', 'sha256': 'd1ee47fa074259daa6228489ec2f9df1e7b8e99da36a74882296c21b402400cb'}, 'dob': {'date': '1989-04-03T10:01:52.299Z', 'age': 35}, 'registered': {'date': '2003-09-01T11:59:18.958Z', 'age': 20}, 'phone': '(072) 5577156', 'cell': '(06) 20285599', 'id': {'name': 'BSN', 'value': '69410454'}, 'picture': {'large': 'https://randomuser.me/api/portraits/men/76.jpg', 'medium': 'https://randomuser.me/api/portraits/med/men/76.jpg', 'thumbnail': 'https://randomuser.me/api/portraits/thumb/men/76.jpg'}, 'nat': 'NL'}</msg>
<arg>${json_data['results'][0]}</arg>
<doc>Logs the given message with the given level.</doc>
<status status="PASS" start="2024-08-07T02:36:09.896071" elapsed="0.000413"/>
</kw>
<kw name="Log" owner="BuiltIn">
<msg time="2024-08-07T02:36:09.896909" level="INFO">email</msg>
<arg>${key}</arg>
<doc>Logs the given message with the given level.</doc>
<status status="PASS" start="2024-08-07T02:36:09.896780" elapsed="0.000167"/>
</kw>
<var name="${key}">email</var>
<status status="PASS" start="2024-08-07T02:36:09.895219" elapsed="0.001942"/>
</iter>
<iter>
<kw name="Dictionary Should Contain Key" owner="Collections">
<arg>${json_data['results'][0]}</arg>
<arg>${key}</arg>
<doc>Fails if ``key`` is not found from ``dictionary``.</doc>
<status status="PASS" start="2024-08-07T02:36:09.897441" elapsed="0.000374"/>
</kw>
<kw name="Log" owner="BuiltIn">
<msg time="2024-08-07T02:36:09.898334" level="INFO">{'gender': 'male', 'name': {'title': 'Mr', 'first': 'Myron', 'last': 'Wien'}, 'location': {'street': {'number': 2882, 'name': 'Anselderlaan'}, 'city': 'Haren Nb', 'state': 'Noord-Brabant', 'country': 'Netherlands', 'postcode': '6321 VG', 'coordinates': {'latitude': '38.3137', 'longitude': '-179.9338'}, 'timezone': {'offset': '+7:00', 'description': 'Bangkok, Hanoi, Jakarta'}}, 'email': 'myron.wien@example.com', 'login': {'uuid': 'afd41588-e347-4cd5-ae0a-0c1cc388cb28', 'username': 'beautifulmouse129', 'password': 'there', 'salt': '3osDX1w5', 'md5': '839d220b63f61f7b747569961bc62c95', 'sha1': 'b48485830d174e3f3538e5863568c010c9188a17', 'sha256': 'd1ee47fa074259daa6228489ec2f9df1e7b8e99da36a74882296c21b402400cb'}, 'dob': {'date': '1989-04-03T10:01:52.299Z', 'age': 35}, 'registered': {'date': '2003-09-01T11:59:18.958Z', 'age': 20}, 'phone': '(072) 5577156', 'cell': '(06) 20285599', 'id': {'name': 'BSN', 'value': '69410454'}, 'picture': {'large': 'https://randomuser.me/api/portraits/men/76.jpg', 'medium': 'https://randomuser.me/api/portraits/med/men/76.jpg', 'thumbnail': 'https://randomuser.me/api/portraits/thumb/men/76.jpg'}, 'nat': 'NL'}</msg>
<arg>${json_data['results'][0]}</arg>
<doc>Logs the given message with the given level.</doc>
<status status="PASS" start="2024-08-07T02:36:09.897994" elapsed="0.000397"/>
</kw>
<kw name="Log" owner="BuiltIn">
<msg time="2024-08-07T02:36:09.898854" level="INFO">login</msg>
<arg>${key}</arg>
<doc>Logs the given message with the given level.</doc>
<status status="PASS" start="2024-08-07T02:36:09.898727" elapsed="0.000164"/>
</kw>
<var name="${key}">login</var>
<status status="PASS" start="2024-08-07T02:36:09.897334" elapsed="0.001771"/>
</iter>
<var>${key}</var>
<value>@{expected_keys}</value>
<status status="PASS" start="2024-08-07T02:36:09.889025" elapsed="0.010199"/>
</for>
<kw name="Create List" owner="BuiltIn">
<msg time="2024-08-07T02:36:09.899554" level="INFO">${expected_keysTwo} = ['username', 'password']</msg>
<var>${expected_keysTwo}</var>
<arg>username</arg>
<arg>password</arg>
<doc>Returns a list containing given items.</doc>
<status status="PASS" start="2024-08-07T02:36:09.899419" elapsed="0.000159"/>
</kw>
<for flavor="IN">
<iter>
<kw name="Dictionary Should Contain Key" owner="Collections">
<arg>${json_data['results'][0]['login']}</arg>
<arg>${keyTwo}</arg>
<doc>Fails if ``key`` is not found from ``dictionary``.</doc>
<status status="PASS" start="2024-08-07T02:36:09.900112" elapsed="0.000395"/>
</kw>
<kw name="Dictionary Should Contain Key" owner="Collections">
<arg>${json_data['results'][0]['login']}</arg>
<arg>${keyTwo}</arg>
<doc>Fails if ``key`` is not found from ``dictionary``.</doc>
<status status="PASS" start="2024-08-07T02:36:09.900688" elapsed="0.000368"/>
</kw>
<kw name="Log" owner="BuiltIn">
<msg time="2024-08-07T02:36:09.901349" level="INFO">username</msg>
<arg>${keyTwo}</arg>
<doc>Logs the given message with the given level.</doc>
<status status="PASS" start="2024-08-07T02:36:09.901230" elapsed="0.000156"/>
</kw>
<var name="${keyTwo}">username</var>
<status status="PASS" start="2024-08-07T02:36:09.900004" elapsed="0.001601"/>
</iter>
<iter>
<kw name="Dictionary Should Contain Key" owner="Collections">
<arg>${json_data['results'][0]['login']}</arg>
<arg>${keyTwo}</arg>
<doc>Fails if ``key`` is not found from ``dictionary``.</doc>
<status status="PASS" start="2024-08-07T02:36:09.901889" elapsed="0.000424"/>
</kw>
<kw name="Dictionary Should Contain Key" owner="Collections">
<arg>${json_data['results'][0]['login']}</arg>
<arg>${keyTwo}</arg>
<doc>Fails if ``key`` is not found from ``dictionary``.</doc>
<status status="PASS" start="2024-08-07T02:36:09.902566" elapsed="0.000402"/>
</kw>
<kw name="Log" owner="BuiltIn">
<msg time="2024-08-07T02:36:09.903268" level="INFO">password</msg>
<arg>${keyTwo}</arg>
<doc>Logs the given message with the given level.</doc>
<status status="PASS" start="2024-08-07T02:36:09.903147" elapsed="0.000159"/>
</kw>
<var name="${keyTwo}">password</var>
<status status="PASS" start="2024-08-07T02:36:09.901779" elapsed="0.001759"/>
</iter>
<var>${keyTwo}</var>
<value>@{expected_keysTwo}</value>
<status status="PASS" start="2024-08-07T02:36:09.899846" elapsed="0.003815"/>
</for>
<status status="PASS" start="2024-08-07T02:36:09.129235" elapsed="0.774574"/>
</kw>
<doc>Testa a estrutura da resposta da API.</doc>
<tag>testeEstruturaResposta</tag>
<status status="PASS" start="2024-08-07T02:36:09.128635" elapsed="0.775334"/>
</test>
<test id="s1-s1-t4" name="Validar tipos de dados" line="28">
<kw name="Teste de Tipos de Dados" owner="random-user-service">
<kw name="GET On Session" owner="RequestsLibrary">
<msg time="2024-08-07T02:36:10.336365" level="INFO">GET Request : url=https://randomuser.me/api 
 path_url=/api 
 headers={'User-Agent': 'python-requests/2.32.3', 'Accept-Encoding': 'gzip, deflate', 'Accept': '*/*', 'Connection': 'keep-alive'} 
 body=None 
 </msg>
<msg time="2024-08-07T02:36:10.336475" level="INFO">GET Response : url=https://randomuser.me/api 
 status=200, reason=OK 
 headers={'Date': 'Wed, 07 Aug 2024 02:36:10 GMT', 'Content-Type': 'application/json; charset=utf-8', 'Transfer-Encoding': 'chunked', 'Connection': 'keep-alive', 'X-Powered-By': 'Express', 'Access-Control-Allow-Origin': '*', 'Cache-Control': 'no-cache', 'ETag': 'W/"4a5-WAxOa3QmuHoEBlZTKXkebb/sc8E"', 'Vary': 'Accept-Encoding', 'Content-Encoding': 'gzip', 'CF-Cache-Status': 'DYNAMIC', 'Report-To': '{"endpoints":[{"url":"https:\\/\\/a.nel.cloudflare.com\\/report\\/v4?s=Eqf8p1oSxbIn4z233gQtkJDqp3ei0ko4gEID91IAWUja7kqG8ZnH1CdIgGeN%2Fu0yIhNn7bu1RPCbXIFFdb1qfTU6TKEqna1IOi7Z%2B7gTf78L9SbEhuF80zDO8pxaIR0F"}],"group":"cf-nel","max_age":604800}', 'NEL': '{"success_fraction":0,"report_to":"cf-nel","max_age":604800}', 'Server': 'cloudflare', 'CF-RAY': '8af3e0a1f8463b7e-IAD', 'alt-svc': 'h3=":443"; ma=86400'} 
 body={"results":[{"gender":"male","name":{"title":"Mr","first":"Samuel","last":"Mckinney"},"location":{"street":{"number":4914,"name":"Preston Rd"},"city":"Devonport","state":"Australian Capital Territory","country":"Australia","postcode":3986,"coordinates":{"latitude":"-89.7764","longitude":"-33.1441"},"timezone":{"offset":"-4:00","description":"Atlantic Time (Canada), Caracas, La Paz"}},"email":"samuel.mckinney@example.com","login":{"uuid":"d947a500-5a0a-480a-a36e-ad1c6625377d","username":"happytiger713","password":"candy","salt":"uNaNGdMA","md5":"49dfc98d4c1f312e842e8ea41e77a37a","sha1":"dee915c3cdfbfaffad064940ff1eb59be011bd30","sha256":"41428eb7d07f40025abc4bf6e1479cc22dbcf07156c12411da6fb3e439490e15"},"dob":{"date":"1994-02-02T11:17:52.000Z","age":30},"registered":{"date":"2004-05-09T20:56:21.603Z","age":20},"phone":"04-4132-4488","cell":"0441-591-923","id":{"name":"TFN","value":"971733345"},"picture":{"large":"https://randomuser.me/api/portraits/men/79.jpg","medium":"https://randomuser.me/api/portraits/med/men/79.jpg","thumbnail":"https://randomuser.me/api/portraits/thumb/men/79.jpg"},"nat":"AU"}],"info":{"seed":"467fa4791b93ff4e","results":1,"page":1,"version":"1.4"}} 
 </msg>
<msg time="2024-08-07T02:36:10.336558" level="INFO">/opt/hostedtoolcache/Python/3.12.4/x64/lib/python3.12/site-packages/urllib3/connectionpool.py:1099: InsecureRequestWarning: Unverified HTTPS request is being made to host 'randomuser.me'. Adding certificate verification is strongly advised. See: https://urllib3.readthedocs.io/en/latest/advanced-usage.html#tls-warnings
  warnings.warn(</msg>
<msg time="2024-08-07T02:36:10.336704" level="INFO">${response} = &lt;Response [200]&gt;</msg>
<var>${response}</var>
<arg>consultarAPI</arg>
<arg>/api</arg>
<doc>Sends a GET request on a previously created HTTP Session.</doc>
<status status="PASS" start="2024-08-07T02:36:09.906604" elapsed="0.430147"/>
</kw>
<kw name="Set Variable" owner="BuiltIn">
<msg time="2024-08-07T02:36:10.337935" level="INFO">${json_data} = {'results': [{'gender': 'male', 'name': {'title': 'Mr', 'first': 'Samuel', 'last': 'Mckinney'}, 'location': {'street': {'number': 4914, 'name': 'Preston Rd'}, 'city': 'Devonport', 'state': 'Australian...</msg>
<var>${json_data}</var>
<arg>${response.json()}</arg>
<doc>Returns the given values which can then be assigned to a variables.</doc>
<status status="PASS" start="2024-08-07T02:36:10.337359" elapsed="0.000605"/>
</kw>
<kw name="Log" owner="BuiltIn">
<msg time="2024-08-07T02:36:10.338461" level="INFO">{'results': [{'gender': 'male', 'name': {'title': 'Mr', 'first': 'Samuel', 'last': 'Mckinney'}, 'location': {'street': {'number': 4914, 'name': 'Preston Rd'}, 'city': 'Devonport', 'state': 'Australian Capital Territory', 'country': 'Australia', 'postcode': 3986, 'coordinates': {'latitude': '-89.7764', 'longitude': '-33.1441'}, 'timezone': {'offset': '-4:00', 'description': 'Atlantic Time (Canada), Caracas, La Paz'}}, 'email': 'samuel.mckinney@example.com', 'login': {'uuid': 'd947a500-5a0a-480a-a36e-ad1c6625377d', 'username': 'happytiger713', 'password': 'candy', 'salt': 'uNaNGdMA', 'md5': '49dfc98d4c1f312e842e8ea41e77a37a', 'sha1': 'dee915c3cdfbfaffad064940ff1eb59be011bd30', 'sha256': '41428eb7d07f40025abc4bf6e1479cc22dbcf07156c12411da6fb3e439490e15'}, 'dob': {'date': '1994-02-02T11:17:52.000Z', 'age': 30}, 'registered': {'date': '2004-05-09T20:56:21.603Z', 'age': 20}, 'phone': '04-4132-4488', 'cell': '0441-591-923', 'id': {'name': 'TFN', 'value': '971733345'}, 'picture': {'large': 'https://randomuser.me/api/portraits/men/79.jpg', 'medium': 'https://randomuser.me/api/portraits/med/men/79.jpg', 'thumbnail': 'https://randomuser.me/api/portraits/thumb/men/79.jpg'}, 'nat': 'AU'}], 'info': {'seed': '467fa4791b93ff4e', 'results': 1, 'page': 1, 'version': '1.4'}}</msg>
<arg>${json_data}</arg>
<doc>Logs the given message with the given level.</doc>
<status status="PASS" start="2024-08-07T02:36:10.338272" elapsed="0.000240"/>
</kw>
<kw name="Should Be String" owner="String">
<arg>${json_data['results'][0]['gender']}</arg>
<doc>Fails if the given ``item`` is not a string.</doc>
<status status="PASS" start="2024-08-07T02:36:10.338809" elapsed="0.000367"/>
</kw>
<kw name="Should Match Regexp" owner="BuiltIn">
<arg>${json_data['results'][0]['email']}</arg>
<arg>^[a-zA-Z0-9._%+-]+@[a-zA-Z0-9.-]+\.[a-zA-Z]{2,}$</arg>
<doc>Fails if ``string`` does not match ``pattern`` as a regular expression.</doc>
<status status="PASS" start="2024-08-07T02:36:10.339373" elapsed="0.000524"/>
</kw>
<kw name="Should Match Regexp" owner="BuiltIn">
<arg>${json_data['results'][0]['dob']['date']}</arg>
<arg>\\d{4}-\\d{2}-\\d{2}T\\d{2}:\\d{2}:\\d{2}\\.\\d{3}Z</arg>
<doc>Fails if ``string`` does not match ``pattern`` as a regular expression.</doc>
<status status="PASS" start="2024-08-07T02:36:10.340128" elapsed="0.000640"/>
</kw>
<kw name="Should Match Regexp" owner="BuiltIn">
<arg>${json_data['results'][0]['registered']['date']}</arg>
<arg>\\d{4}-\\d{2}-\\d{2}T\\d{2}:\\d{2}:\\d{2}\\.\\d{3}Z</arg>
<doc>Fails if ``string`` does not match ``pattern`` as a regular expression.</doc>
<status status="PASS" start="2024-08-07T02:36:10.340961" elapsed="0.000380"/>
</kw>
<kw name="Should Match Regexp" owner="BuiltIn">
<arg>${json_data['results'][0]['picture']['large']}</arg>
<arg>^https?://.*\.(?:png|jpe?g|gif|bmp)$</arg>
<doc>Fails if ``string`` does not match ``pattern`` as a regular expression.</doc>
<status status="PASS" start="2024-08-07T02:36:10.341526" elapsed="0.000456"/>
</kw>
<kw name="Should Match Regexp" owner="BuiltIn">
<arg>${json_data['results'][0]['picture']['medium']}</arg>
<arg>^https?://.*\.(?:png|jpe?g|gif|bmp)$</arg>
<doc>Fails if ``string`` does not match ``pattern`` as a regular expression.</doc>
<status status="PASS" start="2024-08-07T02:36:10.342172" elapsed="0.000390"/>
</kw>
<kw name="Should Match Regexp" owner="BuiltIn">
<arg>${json_data['results'][0]['picture']['thumbnail']}</arg>
<arg>^https?://.*\.(?:png|jpe?g|gif|bmp)$</arg>
<doc>Fails if ``string`` does not match ``pattern`` as a regular expression.</doc>
<status status="PASS" start="2024-08-07T02:36:10.342750" elapsed="0.000355"/>
</kw>
<kw name="Log" owner="BuiltIn">
<msg time="2024-08-07T02:36:10.343611" level="INFO">{'large': 'https://randomuser.me/api/portraits/men/79.jpg', 'medium': 'https://randomuser.me/api/portraits/med/men/79.jpg', 'thumbnail': 'https://randomuser.me/api/portraits/thumb/men/79.jpg'}</msg>
<arg>${json_data['results'][0]['picture']}</arg>
<doc>Logs the given message with the given level.</doc>
<status status="PASS" start="2024-08-07T02:36:10.343287" elapsed="0.000365"/>
</kw>
<status status="PASS" start="2024-08-07T02:36:09.906335" elapsed="0.437576"/>
</kw>
<kw name="Teste de Tipos de Dados - Postcode" owner="random-user-service">
<kw name="GET On Session" owner="RequestsLibrary">
<msg time="2024-08-07T02:36:10.546617" level="INFO">GET Request : url=https://randomuser.me/api 
 path_url=/api 
 headers={'User-Agent': 'python-requests/2.32.3', 'Accept-Encoding': 'gzip, deflate', 'Accept': '*/*', 'Connection': 'keep-alive'} 
 body=None 
 </msg>
<msg time="2024-08-07T02:36:10.546725" level="INFO">GET Response : url=https://randomuser.me/api 
 status=200, reason=OK 
 headers={'Date': 'Wed, 07 Aug 2024 02:36:10 GMT', 'Content-Type': 'application/json; charset=utf-8', 'Transfer-Encoding': 'chunked', 'Connection': 'keep-alive', 'X-Powered-By': 'Express', 'Access-Control-Allow-Origin': '*', 'Cache-Control': 'no-cache', 'ETag': 'W/"49a-Lox31W6qbPDf63CDGR+JAiCkVMU"', 'Vary': 'Accept-Encoding', 'Content-Encoding': 'gzip', 'CF-Cache-Status': 'DYNAMIC', 'Report-To': '{"endpoints":[{"url":"https:\\/\\/a.nel.cloudflare.com\\/report\\/v4?s=vzWveMvyaTEjNyqW9eS0bQWXspIHzcOHDx3tnL6PlqwDbInUvE9ovc%2Bv3wyYVakw7RWe7S8ZWmjKvewtWUa8UmevoIbKnNQp%2FY1FrjSL6ceXc4tX%2FjKMaOufrfH1tqs2"}],"group":"cf-nel","max_age":604800}', 'NEL': '{"success_fraction":0,"report_to":"cf-nel","max_age":604800}', 'Server': 'cloudflare', 'CF-RAY': '8af3e0a4ab2c3b7e-IAD', 'alt-svc': 'h3=":443"; ma=86400'} 
 body={"results":[{"gender":"female","name":{"title":"Ms","first":"Tiara","last":"da Luz"},"location":{"street":{"number":7078,"name":"Rua Tiradentes "},"city":"Piracicaba","state":"Pernambuco","country":"Brazil","postcode":45752,"coordinates":{"latitude":"-79.0382","longitude":"71.7751"},"timezone":{"offset":"+8:00","description":"Beijing, Perth, Singapore, Hong Kong"}},"email":"tiara.daluz@example.com","login":{"uuid":"e4bdbdaa-662e-4668-a0d1-f2f4f3694206","username":"bigzebra233","password":"slow","salt":"yk3xAIAc","md5":"042b1dc961324ab9c14e5af703a6ff38","sha1":"98f57a9f5a609580220f70c8568cea8c225c663d","sha256":"34868004e72de43ab34d0e1b52cdda7d724a06223c2a56355a9155b750d84a79"},"dob":{"date":"2001-03-07T06:15:14.870Z","age":23},"registered":{"date":"2007-09-07T15:59:59.885Z","age":16},"phone":"(23) 5210-4501","cell":"(45) 1152-9508","id":{"name":"CPF","value":"575.753.399-96"},"picture":{"large":"https://randomuser.me/api/portraits/women/96.jpg","medium":"https://randomuser.me/api/portraits/med/women/96.jpg","thumbnail":"https://randomuser.me/api/portraits/thumb/women/96.jpg"},"nat":"BR"}],"info":{"seed":"a3718ed3dbf95632","results":1,"page":1,"version":"1.4"}} 
 </msg>
<msg time="2024-08-07T02:36:10.546802" level="INFO">/opt/hostedtoolcache/Python/3.12.4/x64/lib/python3.12/site-packages/urllib3/connectionpool.py:1099: InsecureRequestWarning: Unverified HTTPS request is being made to host 'randomuser.me'. Adding certificate verification is strongly advised. See: https://urllib3.readthedocs.io/en/latest/advanced-usage.html#tls-warnings
  warnings.warn(</msg>
<msg time="2024-08-07T02:36:10.546917" level="INFO">${response} = &lt;Response [200]&gt;</msg>
<var>${response}</var>
<arg>consultarAPI</arg>
<arg>/api</arg>
<doc>Sends a GET request on a previously created HTTP Session.</doc>
<status status="PASS" start="2024-08-07T02:36:10.344364" elapsed="0.202597"/>
</kw>
<kw name="Set Variable" owner="BuiltIn">
<msg time="2024-08-07T02:36:10.548152" level="INFO">${json_data} = {'results': [{'gender': 'female', 'name': {'title': 'Ms', 'first': 'Tiara', 'last': 'da Luz'}, 'location': {'street': {'number': 7078, 'name': 'Rua Tiradentes '}, 'city': 'Piracicaba', 'state': 'Perna...</msg>
<var>${json_data}</var>
<arg>${response.json()}</arg>
<doc>Returns the given values which can then be assigned to a variables.</doc>
<status status="PASS" start="2024-08-07T02:36:10.547577" elapsed="0.000604"/>
</kw>
<kw name="Log" owner="BuiltIn">
<msg time="2024-08-07T02:36:10.548654" level="INFO">{'results': [{'gender': 'female', 'name': {'title': 'Ms', 'first': 'Tiara', 'last': 'da Luz'}, 'location': {'street': {'number': 7078, 'name': 'Rua Tiradentes '}, 'city': 'Piracicaba', 'state': 'Pernambuco', 'country': 'Brazil', 'postcode': 45752, 'coordinates': {'latitude': '-79.0382', 'longitude': '71.7751'}, 'timezone': {'offset': '+8:00', 'description': 'Beijing, Perth, Singapore, Hong Kong'}}, 'email': 'tiara.daluz@example.com', 'login': {'uuid': 'e4bdbdaa-662e-4668-a0d1-f2f4f3694206', 'username': 'bigzebra233', 'password': 'slow', 'salt': 'yk3xAIAc', 'md5': '042b1dc961324ab9c14e5af703a6ff38', 'sha1': '98f57a9f5a609580220f70c8568cea8c225c663d', 'sha256': '34868004e72de43ab34d0e1b52cdda7d724a06223c2a56355a9155b750d84a79'}, 'dob': {'date': '2001-03-07T06:15:14.870Z', 'age': 23}, 'registered': {'date': '2007-09-07T15:59:59.885Z', 'age': 16}, 'phone': '(23) 5210-4501', 'cell': '(45) 1152-9508', 'id': {'name': 'CPF', 'value': '575.753.399-96'}, 'picture': {'large': 'https://randomuser.me/api/portraits/women/96.jpg', 'medium': 'https://randomuser.me/api/portraits/med/women/96.jpg', 'thumbnail': 'https://randomuser.me/api/portraits/thumb/women/96.jpg'}, 'nat': 'BR'}], 'info': {'seed': 'a3718ed3dbf95632', 'results': 1, 'page': 1, 'version': '1.4'}}</msg>
<arg>${json_data}</arg>
<doc>Logs the given message with the given level.</doc>
<status status="PASS" start="2024-08-07T02:36:10.548498" elapsed="0.000204"/>
</kw>
<kw name="Should Be Equal As Numbers" owner="BuiltIn">
<arg>${json_data['results'][0]['location']['postcode']}</arg>
<arg>${json_data['results'][0]['location']['postcode']}</arg>
<doc>Fails if objects are unequal after converting them to real numbers.</doc>
<status status="PASS" start="2024-08-07T02:36:10.548998" elapsed="0.000621"/>
</kw>
<kw name="Log" owner="BuiltIn">
<msg time="2024-08-07T02:36:10.550150" level="INFO">45752</msg>
<arg>${json_data['results'][0]['location']['postcode']}</arg>
<doc>Logs the given message with the given level.</doc>
<status status="PASS" start="2024-08-07T02:36:10.549808" elapsed="0.000381"/>
</kw>
<status status="PASS" start="2024-08-07T02:36:10.344138" elapsed="0.206385"/>
</kw>
<doc>Testa se os tipos de dados na resposta da API estão corretos.</doc>
<tag>testeTiposDados</tag>
<status status="PASS" start="2024-08-07T02:36:09.905748" elapsed="0.644959"/>
</test>
<test id="s1-s1-t5" name="Validar conteudo" line="35">
<kw name="Teste de Tipos de Conteudo" owner="random-user-service">
<kw name="GET On Session" owner="RequestsLibrary">
<msg time="2024-08-07T02:36:10.775637" level="INFO">GET Request : url=https://randomuser.me/api 
 path_url=/api 
 headers={'User-Agent': 'python-requests/2.32.3', 'Accept-Encoding': 'gzip, deflate', 'Accept': '*/*', 'Connection': 'keep-alive'} 
 body=None 
 </msg>
<msg time="2024-08-07T02:36:10.775735" level="INFO">GET Response : url=https://randomuser.me/api 
 status=200, reason=OK 
 headers={'Date': 'Wed, 07 Aug 2024 02:36:10 GMT', 'Content-Type': 'application/json; charset=utf-8', 'Transfer-Encoding': 'chunked', 'Connection': 'keep-alive', 'X-Powered-By': 'Express', 'Access-Control-Allow-Origin': '*', 'Cache-Control': 'no-cache', 'ETag': 'W/"473-ukwbJ04ndBVf29nOG8LUNhmKTtc"', 'Vary': 'Accept-Encoding', 'Content-Encoding': 'gzip', 'CF-Cache-Status': 'DYNAMIC', 'Report-To': '{"endpoints":[{"url":"https:\\/\\/a.nel.cloudflare.com\\/report\\/v4?s=fdDSo2JI8pxUK9epyDL%2FuzWL4GqvLG63Lb6r2PoUd0lTj%2F%2BYCljmu9nIz2lXm0TQnAkkxvqhi%2BG8G4z5El4Ej5qjy8b5JNGc%2FwkNldsXa7KEwI3o0mGEJtXiLAhsojxK"}],"group":"cf-nel","max_age":604800}', 'NEL': '{"success_fraction":0,"report_to":"cf-nel","max_age":604800}', 'Server': 'cloudflare', 'CF-RAY': '8af3e0a5fc7d3b7e-IAD', 'alt-svc': 'h3=":443"; ma=86400'} 
 body={"results":[{"gender":"male","name":{"title":"Mr","first":"Erik","last":"Nichols"},"location":{"street":{"number":2353,"name":"Manor Road"},"city":"Gorey","state":"Laois","country":"Ireland","postcode":63460,"coordinates":{"latitude":"-2.2745","longitude":"-121.6874"},"timezone":{"offset":"+6:00","description":"Almaty, Dhaka, Colombo"}},"email":"erik.nichols@example.com","login":{"uuid":"4ac36679-eaa2-4082-94ca-5cf214db6455","username":"silvermouse390","password":"company","salt":"3PQldHiL","md5":"1440d75d90fc299fd187cac49f9c8327","sha1":"b98eef5539f1b2a2679fca8d583d2aa50963f679","sha256":"08b89ff4cad01ea9253f660414bf725ff95c38b784bf1a0afacefaa10a49446a"},"dob":{"date":"1989-09-03T17:45:03.081Z","age":34},"registered":{"date":"2022-04-07T01:58:19.806Z","age":2},"phone":"011-387-4333","cell":"081-665-8850","id":{"name":"PPS","value":"2668192T"},"picture":{"large":"https://randomuser.me/api/portraits/men/17.jpg","medium":"https://randomuser.me/api/portraits/med/men/17.jpg","thumbnail":"https://randomuser.me/api/portraits/thumb/men/17.jpg"},"nat":"IE"}],"info":{"seed":"4115a60f0eff28ce","results":1,"page":1,"version":"1.4"}} 
 </msg>
<msg time="2024-08-07T02:36:10.775807" level="INFO">/opt/hostedtoolcache/Python/3.12.4/x64/lib/python3.12/site-packages/urllib3/connectionpool.py:1099: InsecureRequestWarning: Unverified HTTPS request is being made to host 'randomuser.me'. Adding certificate verification is strongly advised. See: https://urllib3.readthedocs.io/en/latest/advanced-usage.html#tls-warnings
  warnings.warn(</msg>
<msg time="2024-08-07T02:36:10.775930" level="INFO">${response} = &lt;Response [200]&gt;</msg>
<var>${response}</var>
<arg>consultarAPI</arg>
<arg>/api</arg>
<doc>Sends a GET request on a previously created HTTP Session.</doc>
<status status="PASS" start="2024-08-07T02:36:10.553207" elapsed="0.222763"/>
</kw>
<kw name="Set Variable" owner="BuiltIn">
<msg time="2024-08-07T02:36:10.777176" level="INFO">${json_data} = {'results': [{'gender': 'male', 'name': {'title': 'Mr', 'first': 'Erik', 'last': 'Nichols'}, 'location': {'street': {'number': 2353, 'name': 'Manor Road'}, 'city': 'Gorey', 'state': 'Laois', 'country'...</msg>
<var>${json_data}</var>
<arg>${response.json()}</arg>
<doc>Returns the given values which can then be assigned to a variables.</doc>
<status status="PASS" start="2024-08-07T02:36:10.776596" elapsed="0.000609"/>
</kw>
<kw name="Set Variable" owner="BuiltIn">
<msg time="2024-08-07T02:36:10.777898" level="INFO">${name_title} = Mr</msg>
<var>${name_title}</var>
<arg>${json_data["results"][0]["name"]["title"]}</arg>
<doc>Returns the given values which can then be assigned to a variables.</doc>
<status status="PASS" start="2024-08-07T02:36:10.777513" elapsed="0.000411"/>
</kw>
<kw name="Create List" owner="BuiltIn">
<msg time="2024-08-07T02:36:10.778377" level="INFO">${allowed_titles} = ['Mr', 'Ms', 'Miss', 'Mrs', 'Madame', 'Monsieur']</msg>
<var>${allowed_titles}</var>
<arg>Mr</arg>
<arg>Ms</arg>
<arg>Miss</arg>
<arg>Mrs</arg>
<arg>Madame</arg>
<arg>Monsieur</arg>
<doc>Returns a list containing given items.</doc>
<status status="PASS" start="2024-08-07T02:36:10.778225" elapsed="0.000206"/>
</kw>
<kw name="List Should Contain Value" owner="Collections">
<arg>${allowed_titles}</arg>
<arg>${name_title}</arg>
<doc>Fails if the ``value`` is not found from ``list``.</doc>
<status status="PASS" start="2024-08-07T02:36:10.778744" elapsed="0.000177"/>
</kw>
<kw name="Set Variable" owner="BuiltIn">
<msg time="2024-08-07T02:36:10.779480" level="INFO">${name_country} = IE</msg>
<var>${name_country}</var>
<arg>${json_data["results"][0]["nat"]}</arg>
<doc>Returns the given values which can then be assigned to a variables.</doc>
<status status="PASS" start="2024-08-07T02:36:10.779105" elapsed="0.000400"/>
</kw>
<kw name="Create List" owner="BuiltIn">
<msg time="2024-08-07T02:36:10.780389" level="INFO">${list_country} = ['AD', 'AE', 'AF', 'AG', 'AI', 'AL', 'AM', 'AO', 'AQ', 'AR', 'AS', 'AT', 'AU', 'AW', 'AX', 'AZ', 'BA', 'BB', 'BD', 'BE', 'BF', 'BG', 'BH', 'BI', 'BJ', 'BL', 'BM', 'BN', 'BO', 'BQ', 'BR', 'BS', 'BT', '...</msg>
<var>${list_country}</var>
<arg>AD</arg>
<arg>AE</arg>
<arg>AF</arg>
<arg>AG</arg>
<arg>AI</arg>
<arg>AL</arg>
<arg>AM</arg>
<arg>AO</arg>
<arg>AQ</arg>
<arg>AR</arg>
<arg>AS</arg>
<arg>AT</arg>
<arg>AU</arg>
<arg>AW</arg>
<arg>AX</arg>
<arg>AZ</arg>
<arg>BA</arg>
<arg>BB</arg>
<arg>BD</arg>
<arg>BE</arg>
<arg>BF</arg>
<arg>BG</arg>
<arg>BH</arg>
<arg>BI</arg>
<arg>BJ</arg>
<arg>BL</arg>
<arg>BM</arg>
<arg>BN</arg>
<arg>BO</arg>
<arg>BQ</arg>
<arg>BR</arg>
<arg>BS</arg>
<arg>BT</arg>
<arg>BV</arg>
<arg>BW</arg>
<arg>BY</arg>
<arg>BZ</arg>
<arg>CA</arg>
<arg>CC</arg>
<arg>CD</arg>
<arg>CF</arg>
<arg>CG</arg>
<arg>CH</arg>
<arg>CI</arg>
<arg>CK</arg>
<arg>CL</arg>
<arg>CM</arg>
<arg>CN</arg>
<arg>CO</arg>
<arg>CR</arg>
<arg>CU</arg>
<arg>CV</arg>
<arg>CW</arg>
<arg>CX</arg>
<arg>CY</arg>
<arg>CZ</arg>
<arg>DE</arg>
<arg>DJ</arg>
<arg>DK</arg>
<arg>DM</arg>
<arg>DO</arg>
<arg>DZ</arg>
<arg>EC</arg>
<arg>EE</arg>
<arg>EG</arg>
<arg>EH</arg>
<arg>ER</arg>
<arg>ES</arg>
<arg>ET</arg>
<arg>FI</arg>
<arg>FJ</arg>
<arg>FK</arg>
<arg>FM</arg>
<arg>FO</arg>
<arg>FR</arg>
<arg>GA</arg>
<arg>GB</arg>
<arg>GD</arg>
<arg>GE</arg>
<arg>GF</arg>
<arg>GG</arg>
<arg>GH</arg>
<arg>GI</arg>
<arg>GL</arg>
<arg>GM</arg>
<arg>GN</arg>
<arg>GP</arg>
<arg>GQ</arg>
<arg>GR</arg>
<arg>GS</arg>
<arg>GT</arg>
<arg>GU</arg>
<arg>GW</arg>
<arg>GY</arg>
<arg>HK</arg>
<arg>HM</arg>
<arg>HN</arg>
<arg>HR</arg>
<arg>HT</arg>
<arg>HU</arg>
<arg>ID</arg>
<arg>IE</arg>
<arg>IL</arg>
<arg>IM</arg>
<arg>IN</arg>
<arg>IO</arg>
<arg>IQ</arg>
<arg>IR</arg>
<arg>IS</arg>
<arg>IT</arg>
<arg>JE</arg>
<arg>JM</arg>
<arg>JO</arg>
<arg>JP</arg>
<arg>KE</arg>
<arg>KG</arg>
<arg>KH</arg>
<arg>KI</arg>
<arg>KM</arg>
<arg>KN</arg>
<arg>KP</arg>
<arg>KR</arg>
<arg>KW</arg>
<arg>KY</arg>
<arg>KZ</arg>
<arg>LA</arg>
<arg>LB</arg>
<arg>LC</arg>
<arg>LI</arg>
<arg>LK</arg>
<arg>LR</arg>
<arg>LS</arg>
<arg>LT</arg>
<arg>LU</arg>
<arg>LV</arg>
<arg>LY</arg>
<arg>MA</arg>
<arg>MC</arg>
<arg>MD</arg>
<arg>ME</arg>
<arg>MF</arg>
<arg>MG</arg>
<arg>MH</arg>
<arg>MK</arg>
<arg>ML</arg>
<arg>MM</arg>
<arg>MN</arg>
<arg>MO</arg>
<arg>MP</arg>
<arg>MQ</arg>
<arg>MR</arg>
<arg>MS</arg>
<arg>MT</arg>
<arg>MU</arg>
<arg>MV</arg>
<arg>MW</arg>
<arg>MX</arg>
<arg>MY</arg>
<arg>MZ</arg>
<arg>NA</arg>
<arg>NC</arg>
<arg>NE</arg>
<arg>NF</arg>
<arg>NG</arg>
<arg>NI</arg>
<arg>NL</arg>
<arg>NO</arg>
<arg>NP</arg>
<arg>NR</arg>
<arg>NU</arg>
<arg>NZ</arg>
<arg>OM</arg>
<arg>PA</arg>
<arg>PE</arg>
<arg>PF</arg>
<arg>PG</arg>
<arg>PH</arg>
<arg>PK</arg>
<arg>PL</arg>
<arg>PM</arg>
<arg>PN</arg>
<arg>PR</arg>
<arg>PS</arg>
<arg>PT</arg>
<arg>PW</arg>
<arg>PY</arg>
<arg>QA</arg>
<arg>RE</arg>
<arg>RO</arg>
<arg>RS</arg>
<arg>RU</arg>
<arg>RW</arg>
<arg>SA</arg>
<arg>SB</arg>
<arg>SC</arg>
<arg>SD</arg>
<arg>SE</arg>
<arg>SG</arg>
<arg>SH</arg>
<arg>SI</arg>
<arg>SJ</arg>
<arg>SK</arg>
<arg>SL</arg>
<arg>SM</arg>
<arg>SN</arg>
<arg>SO</arg>
<arg>SR</arg>
<arg>SS</arg>
<arg>ST</arg>
<arg>SV</arg>
<arg>SX</arg>
<arg>SY</arg>
<arg>SZ</arg>
<arg>TC</arg>
<arg>TD</arg>
<arg>TF</arg>
<arg>TG</arg>
<arg>TH</arg>
<arg>TJ</arg>
<arg>TK</arg>
<arg>TL</arg>
<arg>TM</arg>
<arg>TN</arg>
<arg>TO</arg>
<arg>TR</arg>
<arg>TT</arg>
<arg>TV</arg>
<arg>TW</arg>
<arg>TZ</arg>
<arg>UA</arg>
<arg>UG</arg>
<arg>UM</arg>
<arg>US</arg>
<arg>UY</arg>
<arg>UZ</arg>
<arg>VA</arg>
<arg>VC</arg>
<arg>VE</arg>
<arg>VG</arg>
<arg>VI</arg>
<arg>VN</arg>
<arg>VU</arg>
<arg>WF</arg>
<arg>WS</arg>
<arg>XK</arg>
<arg>YE</arg>
<arg>YT</arg>
<arg>ZA</arg>
<arg>ZM</arg>
<arg>ZW</arg>
<doc>Returns a list containing given items.</doc>
<status status="PASS" start="2024-08-07T02:36:10.779796" elapsed="0.000619"/>
</kw>
<kw name="List Should Contain Value" owner="Collections">
<arg>${list_country}</arg>
<arg>${name_country}</arg>
<doc>Fails if the ``value`` is not found from ``list``.</doc>
<status status="PASS" start="2024-08-07T02:36:10.781401" elapsed="0.000211"/>
</kw>
<kw name="Run Keyword If" owner="BuiltIn">
<kw name="Should Be True" owner="BuiltIn">
<arg>${True}</arg>
<doc>Fails if the given condition is not true.</doc>
<status status="PASS" start="2024-08-07T02:36:10.782587" elapsed="0.000153"/>
</kw>
<arg>${json_data["results"][0]["location"]["coordinates"]["latitude"]} &gt;= -90 and ${json_data["results"][0]["location"]["coordinates"]["latitude"]} &lt;= 90</arg>
<arg>Should Be True</arg>
<arg>${True}</arg>
<doc>Runs the given keyword with the given arguments, if ``condition`` is true.</doc>
<status status="PASS" start="2024-08-07T02:36:10.781810" elapsed="0.001063"/>
</kw>
<kw name="Run Keyword If" owner="BuiltIn">
<kw name="Should Be True" owner="BuiltIn">
<arg>${True}</arg>
<doc>Fails if the given condition is not true.</doc>
<status status="PASS" start="2024-08-07T02:36:10.783745" elapsed="0.000137"/>
</kw>
<arg>${json_data["results"][0]["location"]["coordinates"]["longitude"]} &gt;= -180 and ${json_data["results"][0]["location"]["coordinates"]["longitude"]} &lt;= 180</arg>
<arg>Should Be True</arg>
<arg>${True}</arg>
<doc>Runs the given keyword with the given arguments, if ``condition`` is true.</doc>
<status status="PASS" start="2024-08-07T02:36:10.783053" elapsed="0.000952"/>
</kw>
<status status="PASS" start="2024-08-07T02:36:10.552985" elapsed="0.231152"/>
</kw>
<doc>Testa o conteúdo específico dos campos retornados pela API.</doc>
<tag>testeConteudo</tag>
<status status="PASS" start="2024-08-07T02:36:10.552451" elapsed="0.231841"/>
</test>
<status status="PASS" start="2024-08-07T02:36:07.382293" elapsed="3.403968"/>
</suite>
<status status="PASS" start="2024-08-07T02:36:07.367763" elapsed="3.423651"/>
</suite>
<statistics>
<total>
<stat pass="5" fail="0" skip="0">All Tests</stat>
</total>
<tag>
<stat pass="1" fail="0" skip="0">testeConteudo</stat>
<stat pass="1" fail="0" skip="0">testeEstruturaResposta</stat>
<stat pass="1" fail="0" skip="0">testeRequisicaoBasica</stat>
<stat pass="1" fail="0" skip="0">testeTiposDados</stat>
</tag>
<suite>
<stat pass="5" fail="0" skip="0" id="s1" name="Tests">Tests</stat>
<stat pass="5" fail="0" skip="0" id="s1-s1" name="Random-User-Test">Tests.Random-User-Test</stat>
</suite>
</statistics>
<errors>
</errors>
</robot>
