<?xml version="1.0" encoding="UTF-8"?>
<robot generator="Robot 7.0.1 (Python 3.12.3 on linux)" generated="2024-06-15T11:12:47.745657" rpa="false" schemaversion="5">
<suite id="s1" name="Tests" source="/home/runner/work/ApiRandomUser/ApiRandomUser/RamdonUser/tests">
<suite id="s1-s1" name="Random-User-Test" source="/home/runner/work/ApiRandomUser/ApiRandomUser/RamdonUser/tests/random-user-test.robot">
<test id="s1-s1-t1" name="Conectar" line="13">
<kw name="Conectar API" owner="random-user-service">
<kw name="Create Session" owner="RequestsLibrary">
<msg time="2024-06-15T11:12:48.141335" level="INFO">Creating Session using : alias=consultarAPI, url=https://randomuser.me/, headers={},                     cookies={}, auth=None, timeout=None, proxies=None, verify=False,                     debug=0 </msg>
<arg>consultarAPI</arg>
<arg>${URL}</arg>
<doc>Create Session: create a HTTP session to a server</doc>
<status status="PASS" start="2024-06-15T11:12:48.141128" elapsed="0.000394"/>
</kw>
<status status="PASS" start="2024-06-15T11:12:48.140070" elapsed="0.001818"/>
</kw>
<status status="PASS" start="2024-06-15T11:12:48.139490" elapsed="0.002591"/>
</test>
<test id="s1-s1-t2" name="Validar retorno 200 e JSON Válido" line="16">
<kw name="Teste de Requisicao Basica" owner="random-user-service">
<kw name="GET On Session" owner="RequestsLibrary">
<msg time="2024-06-15T11:12:48.228923" level="INFO">GET Request : url=https://randomuser.me/api 
 path_url=/api 
 headers={'User-Agent': 'python-requests/2.32.3', 'Accept-Encoding': 'gzip, deflate', 'Accept': '*/*', 'Connection': 'keep-alive'} 
 body=None 
 </msg>
<msg time="2024-06-15T11:12:48.229074" level="INFO">GET Response : url=https://randomuser.me/api 
 status=200, reason=OK 
 headers={'Date': 'Sat, 15 Jun 2024 11:12:48 GMT', 'Content-Type': 'application/json; charset=utf-8', 'Transfer-Encoding': 'chunked', 'Connection': 'keep-alive', 'X-Powered-By': 'Express', 'Access-Control-Allow-Origin': '*', 'Cache-Control': 'no-cache', 'ETag': 'W/"481-6aDIQtyFe9DGjvc5GEhl8cqMsAA"', 'Vary': 'Accept-Encoding', 'Content-Encoding': 'gzip', 'CF-Cache-Status': 'DYNAMIC', 'Report-To': '{"endpoints":[{"url":"https:\\/\\/a.nel.cloudflare.com\\/report\\/v4?s=Ou59K9S%2BIJfqqMZJ6BSgRc1WL0tMCv9OO8VZ%2BYc%2F1lATW%2FEeadWV9ZQiPdDOmf6%2Bs5BJvboLm%2FDHxAbhWZa1Nqn5TmbOqmOzI%2FBZ0btEN%2FHFP4WbiEZaNLl8z2bQtrCv"}],"group":"cf-nel","max_age":604800}', 'NEL': '{"success_fraction":0,"report_to":"cf-nel","max_age":604800}', 'Server': 'cloudflare', 'CF-RAY': '8942208d1f442052-IAD', 'alt-svc': 'h3=":443"; ma=86400'} 
 body={"results":[{"gender":"male","name":{"title":"Mr","first":"Obren","last":"Paunović"},"location":{"street":{"number":7294,"name":"Milosava Vlajića"},"city":"Opovo","state":"Mačva","country":"Serbia","postcode":35960,"coordinates":{"latitude":"56.3356","longitude":"-87.6639"},"timezone":{"offset":"-7:00","description":"Mountain Time (US &amp; Canada)"}},"email":"obren.paunovic@example.com","login":{"uuid":"982b8944-f866-4160-af20-52d905bddc89","username":"bluebird403","password":"vincent","salt":"0GyxfAd5","md5":"a19cecc82b0ef1fb399786c5ac1258e3","sha1":"63b6c47031cc73989339072a8b4387ee2caa19f6","sha256":"673f0a68964f20896cfa3db22d09009016924848ff29bc22e7a74499f47d1e66"},"dob":{"date":"1952-12-09T00:46:01.847Z","age":71},"registered":{"date":"2019-07-23T22:07:40.989Z","age":4},"phone":"013-7887-562","cell":"062-7051-188","id":{"name":"SID","value":"213178344"},"picture":{"large":"https://randomuser.me/api/portraits/men/58.jpg","medium":"https://randomuser.me/api/portraits/med/men/58.jpg","thumbnail":"https://randomuser.me/api/portraits/thumb/men/58.jpg"},"nat":"RS"}],"info":{"seed":"45d85d27e280c38f","results":1,"page":1,"version":"1.4"}} 
 </msg>
<msg time="2024-06-15T11:12:48.229163" level="INFO">/opt/hostedtoolcache/Python/3.12.3/x64/lib/python3.12/site-packages/urllib3/connectionpool.py:1103: InsecureRequestWarning: Unverified HTTPS request is being made to host 'randomuser.me'. Adding certificate verification is strongly advised. See: https://urllib3.readthedocs.io/en/latest/advanced-usage.html#tls-warnings
  warnings.warn(</msg>
<msg time="2024-06-15T11:12:48.229308" level="INFO">${response} = &lt;Response [200]&gt;</msg>
<var>${response}</var>
<arg>consultarAPI</arg>
<arg>/api</arg>
<doc>Sends a GET request on a previously created HTTP Session.</doc>
<status status="PASS" start="2024-06-15T11:12:48.144864" elapsed="0.084486"/>
</kw>
<kw name="Should Be Equal As Numbers" owner="BuiltIn">
<msg time="2024-06-15T11:12:48.230502" level="INFO">Argument types are:
&lt;class 'int'&gt;
&lt;class 'str'&gt;</msg>
<arg>${response.status_code}</arg>
<arg>200</arg>
<doc>Fails if objects are unequal after converting them to real numbers.</doc>
<status status="PASS" start="2024-06-15T11:12:48.230010" elapsed="0.000556"/>
</kw>
<kw name="Log" owner="BuiltIn">
<msg time="2024-06-15T11:12:48.231230" level="INFO">200</msg>
<arg>${response.status_code}</arg>
<doc>Logs the given message with the given level.</doc>
<status status="PASS" start="2024-06-15T11:12:48.230888" elapsed="0.000401"/>
</kw>
<kw name="Set Variable" owner="BuiltIn">
<msg time="2024-06-15T11:12:48.232097" level="INFO">${json_data} = {'results': [{'gender': 'male', 'name': {'title': 'Mr', 'first': 'Obren', 'last': 'Paunović'}, 'location': {'street': {'number': 7294, 'name': 'Milosava Vlajića'}, 'city': 'Opovo', 'state': 'Mačva', '...</msg>
<var>${json_data}</var>
<arg>${response.json()}</arg>
<doc>Returns the given values which can then be assigned to a variables.</doc>
<status status="PASS" start="2024-06-15T11:12:48.231642" elapsed="0.000485"/>
</kw>
<kw name="Dictionary Should Contain Key" owner="Collections">
<arg>${json_data}</arg>
<arg>results</arg>
<doc>Fails if ``key`` is not found from ``dictionary``.</doc>
<status status="PASS" start="2024-06-15T11:12:48.232432" elapsed="0.000176"/>
</kw>
<status status="PASS" start="2024-06-15T11:12:48.144627" elapsed="0.088147"/>
</kw>
<doc>Testa se a API responde corretamente e retorna um objeto JSON válido.</doc>
<tag>testeRequisicaoBasica</tag>
<status status="PASS" start="2024-06-15T11:12:48.144119" elapsed="0.088832"/>
</test>
<test id="s1-s1-t3" name="Validar estrutura de resposta" line="22">
<kw name="Teste de Estrutura de Resposta" owner="random-user-service">
<kw name="GET On Session" owner="RequestsLibrary">
<msg time="2024-06-15T11:12:48.314976" level="INFO">GET Request : url=https://randomuser.me/api 
 path_url=/api 
 headers={'User-Agent': 'python-requests/2.32.3', 'Accept-Encoding': 'gzip, deflate', 'Accept': '*/*', 'Connection': 'keep-alive'} 
 body=None 
 </msg>
<msg time="2024-06-15T11:12:48.315077" level="INFO">GET Response : url=https://randomuser.me/api 
 status=200, reason=OK 
 headers={'Date': 'Sat, 15 Jun 2024 11:12:48 GMT', 'Content-Type': 'application/json; charset=utf-8', 'Transfer-Encoding': 'chunked', 'Connection': 'keep-alive', 'X-Powered-By': 'Express', 'Access-Control-Allow-Origin': '*', 'Cache-Control': 'no-cache', 'ETag': 'W/"4a2-/6Mc2y/FN6fQ+YOy7J6x6i+kbms"', 'Vary': 'Accept-Encoding', 'Content-Encoding': 'gzip', 'CF-Cache-Status': 'DYNAMIC', 'Report-To': '{"endpoints":[{"url":"https:\\/\\/a.nel.cloudflare.com\\/report\\/v4?s=RG7iX1etkU3bocHAsCmTbYo1Yh9aTLtXxJqrPZfpcYn004D8IJLzKPU1olV%2B7vjJ3RS5RnC4UMJASEsdKIGHG7Lw%2F3AP6NZTb3pdha%2Biese1ItsU6r2Qcq9bmaSVdcY7"}],"group":"cf-nel","max_age":604800}', 'NEL': '{"success_fraction":0,"report_to":"cf-nel","max_age":604800}', 'Server': 'cloudflare', 'CF-RAY': '8942208d7f8c2052-IAD', 'alt-svc': 'h3=":443"; ma=86400'} 
 body={"results":[{"gender":"male","name":{"title":"Monsieur","first":"Guido","last":"Schmitt"},"location":{"street":{"number":2729,"name":"Avenue du Château"},"city":"Hemberg","state":"Luzern","country":"Switzerland","postcode":2603,"coordinates":{"latitude":"-59.3676","longitude":"-99.4480"},"timezone":{"offset":"+8:00","description":"Beijing, Perth, Singapore, Hong Kong"}},"email":"guido.schmitt@example.com","login":{"uuid":"6fd40660-1c76-4608-be61-95a02246df84","username":"happybutterfly636","password":"thunder1","salt":"eXBxzcFB","md5":"b2de235671c0e4b02a7217691eab99e5","sha1":"98a4e6b75ea96c1f7c253a71d1854d4163aab0c4","sha256":"d8a78f6971fd5dcae708f766e99708162420a84836c3d98ada532d5ecc658936"},"dob":{"date":"1963-11-24T20:16:40.060Z","age":60},"registered":{"date":"2014-11-22T15:53:38.782Z","age":9},"phone":"075 348 95 25","cell":"075 741 51 13","id":{"name":"AVS","value":"756.4270.4044.78"},"picture":{"large":"https://randomuser.me/api/portraits/men/0.jpg","medium":"https://randomuser.me/api/portraits/med/men/0.jpg","thumbnail":"https://randomuser.me/api/portraits/thumb/men/0.jpg"},"nat":"CH"}],"info":{"seed":"29d2d7f8900da0a2","results":1,"page":1,"version":"1.4"}} 
 </msg>
<msg time="2024-06-15T11:12:48.315227" level="INFO">/opt/hostedtoolcache/Python/3.12.3/x64/lib/python3.12/site-packages/urllib3/connectionpool.py:1103: InsecureRequestWarning: Unverified HTTPS request is being made to host 'randomuser.me'. Adding certificate verification is strongly advised. See: https://urllib3.readthedocs.io/en/latest/advanced-usage.html#tls-warnings
  warnings.warn(</msg>
<msg time="2024-06-15T11:12:48.315390" level="INFO">${response} = &lt;Response [200]&gt;</msg>
<var>${response}</var>
<arg>consultarAPI</arg>
<arg>/api</arg>
<doc>Sends a GET request on a previously created HTTP Session.</doc>
<status status="PASS" start="2024-06-15T11:12:48.235888" elapsed="0.079544"/>
</kw>
<kw name="Set Variable" owner="BuiltIn">
<msg time="2024-06-15T11:12:48.316565" level="INFO">${json_data} = {'results': [{'gender': 'male', 'name': {'title': 'Monsieur', 'first': 'Guido', 'last': 'Schmitt'}, 'location': {'street': {'number': 2729, 'name': 'Avenue du Château'}, 'city': 'Hemberg', 'state': 'L...</msg>
<var>${json_data}</var>
<arg>${response.json()}</arg>
<doc>Returns the given values which can then be assigned to a variables.</doc>
<status status="PASS" start="2024-06-15T11:12:48.316025" elapsed="0.000570"/>
</kw>
<kw name="Log" owner="BuiltIn">
<msg time="2024-06-15T11:12:48.317071" level="INFO">{'results': [{'gender': 'male', 'name': {'title': 'Monsieur', 'first': 'Guido', 'last': 'Schmitt'}, 'location': {'street': {'number': 2729, 'name': 'Avenue du Château'}, 'city': 'Hemberg', 'state': 'Luzern', 'country': 'Switzerland', 'postcode': 2603, 'coordinates': {'latitude': '-59.3676', 'longitude': '-99.4480'}, 'timezone': {'offset': '+8:00', 'description': 'Beijing, Perth, Singapore, Hong Kong'}}, 'email': 'guido.schmitt@example.com', 'login': {'uuid': '6fd40660-1c76-4608-be61-95a02246df84', 'username': 'happybutterfly636', 'password': 'thunder1', 'salt': 'eXBxzcFB', 'md5': 'b2de235671c0e4b02a7217691eab99e5', 'sha1': '98a4e6b75ea96c1f7c253a71d1854d4163aab0c4', 'sha256': 'd8a78f6971fd5dcae708f766e99708162420a84836c3d98ada532d5ecc658936'}, 'dob': {'date': '1963-11-24T20:16:40.060Z', 'age': 60}, 'registered': {'date': '2014-11-22T15:53:38.782Z', 'age': 9}, 'phone': '075 348 95 25', 'cell': '075 741 51 13', 'id': {'name': 'AVS', 'value': '756.4270.4044.78'}, 'picture': {'large': 'https://randomuser.me/api/portraits/men/0.jpg', 'medium': 'https://randomuser.me/api/portraits/med/men/0.jpg', 'thumbnail': 'https://randomuser.me/api/portraits/thumb/men/0.jpg'}, 'nat': 'CH'}], 'info': {'seed': '29d2d7f8900da0a2', 'results': 1, 'page': 1, 'version': '1.4'}}</msg>
<arg>${json_data}</arg>
<doc>Logs the given message with the given level.</doc>
<status status="PASS" start="2024-06-15T11:12:48.316905" elapsed="0.000214"/>
</kw>
<kw name="Dictionary Should Contain Key" owner="Collections">
<arg>${json_data}</arg>
<arg>results</arg>
<doc>Fails if ``key`` is not found from ``dictionary``.</doc>
<status status="PASS" start="2024-06-15T11:12:48.317410" elapsed="0.000165"/>
</kw>
<kw name="Should Not Be Empty" owner="BuiltIn">
<msg time="2024-06-15T11:12:48.317886" level="INFO">Length is 2.</msg>
<arg>${json_data}</arg>
<doc>Verifies that the given item is not empty.</doc>
<status status="PASS" start="2024-06-15T11:12:48.317762" elapsed="0.000161"/>
</kw>
<kw name="Create List" owner="BuiltIn">
<msg time="2024-06-15T11:12:48.318359" level="INFO">${expected_keys} = ['gender', 'name', 'location', 'email', 'login']</msg>
<var>${expected_keys}</var>
<arg>gender</arg>
<arg>name</arg>
<arg>location</arg>
<arg>email</arg>
<arg>login</arg>
<doc>Returns a list containing given items.</doc>
<status status="PASS" start="2024-06-15T11:12:48.318213" elapsed="0.000170"/>
</kw>
<for flavor="IN">
<iter>
<kw name="Dictionary Should Contain Key" owner="Collections">
<arg>${json_data['results'][0]}</arg>
<arg>${key}</arg>
<doc>Fails if ``key`` is not found from ``dictionary``.</doc>
<status status="PASS" start="2024-06-15T11:12:48.318974" elapsed="0.000444"/>
</kw>
<kw name="Log" owner="BuiltIn">
<msg time="2024-06-15T11:12:48.319990" level="INFO">{'gender': 'male', 'name': {'title': 'Monsieur', 'first': 'Guido', 'last': 'Schmitt'}, 'location': {'street': {'number': 2729, 'name': 'Avenue du Château'}, 'city': 'Hemberg', 'state': 'Luzern', 'country': 'Switzerland', 'postcode': 2603, 'coordinates': {'latitude': '-59.3676', 'longitude': '-99.4480'}, 'timezone': {'offset': '+8:00', 'description': 'Beijing, Perth, Singapore, Hong Kong'}}, 'email': 'guido.schmitt@example.com', 'login': {'uuid': '6fd40660-1c76-4608-be61-95a02246df84', 'username': 'happybutterfly636', 'password': 'thunder1', 'salt': 'eXBxzcFB', 'md5': 'b2de235671c0e4b02a7217691eab99e5', 'sha1': '98a4e6b75ea96c1f7c253a71d1854d4163aab0c4', 'sha256': 'd8a78f6971fd5dcae708f766e99708162420a84836c3d98ada532d5ecc658936'}, 'dob': {'date': '1963-11-24T20:16:40.060Z', 'age': 60}, 'registered': {'date': '2014-11-22T15:53:38.782Z', 'age': 9}, 'phone': '075 348 95 25', 'cell': '075 741 51 13', 'id': {'name': 'AVS', 'value': '756.4270.4044.78'}, 'picture': {'large': 'https://randomuser.me/api/portraits/men/0.jpg', 'medium': 'https://randomuser.me/api/portraits/med/men/0.jpg', 'thumbnail': 'https://randomuser.me/api/portraits/thumb/men/0.jpg'}, 'nat': 'CH'}</msg>
<arg>${json_data['results'][0]}</arg>
<doc>Logs the given message with the given level.</doc>
<status status="PASS" start="2024-06-15T11:12:48.319617" elapsed="0.000434"/>
</kw>
<kw name="Log" owner="BuiltIn">
<msg time="2024-06-15T11:12:48.320475" level="INFO">gender</msg>
<arg>${key}</arg>
<doc>Logs the given message with the given level.</doc>
<status status="PASS" start="2024-06-15T11:12:48.320348" elapsed="0.000165"/>
</kw>
<var name="${key}">gender</var>
<status status="PASS" start="2024-06-15T11:12:48.318845" elapsed="0.001895"/>
</iter>
<iter>
<kw name="Dictionary Should Contain Key" owner="Collections">
<arg>${json_data['results'][0]}</arg>
<arg>${key}</arg>
<doc>Fails if ``key`` is not found from ``dictionary``.</doc>
<status status="PASS" start="2024-06-15T11:12:48.321040" elapsed="0.000391"/>
</kw>
<kw name="Log" owner="BuiltIn">
<msg time="2024-06-15T11:12:48.322007" level="INFO">{'gender': 'male', 'name': {'title': 'Monsieur', 'first': 'Guido', 'last': 'Schmitt'}, 'location': {'street': {'number': 2729, 'name': 'Avenue du Château'}, 'city': 'Hemberg', 'state': 'Luzern', 'country': 'Switzerland', 'postcode': 2603, 'coordinates': {'latitude': '-59.3676', 'longitude': '-99.4480'}, 'timezone': {'offset': '+8:00', 'description': 'Beijing, Perth, Singapore, Hong Kong'}}, 'email': 'guido.schmitt@example.com', 'login': {'uuid': '6fd40660-1c76-4608-be61-95a02246df84', 'username': 'happybutterfly636', 'password': 'thunder1', 'salt': 'eXBxzcFB', 'md5': 'b2de235671c0e4b02a7217691eab99e5', 'sha1': '98a4e6b75ea96c1f7c253a71d1854d4163aab0c4', 'sha256': 'd8a78f6971fd5dcae708f766e99708162420a84836c3d98ada532d5ecc658936'}, 'dob': {'date': '1963-11-24T20:16:40.060Z', 'age': 60}, 'registered': {'date': '2014-11-22T15:53:38.782Z', 'age': 9}, 'phone': '075 348 95 25', 'cell': '075 741 51 13', 'id': {'name': 'AVS', 'value': '756.4270.4044.78'}, 'picture': {'large': 'https://randomuser.me/api/portraits/men/0.jpg', 'medium': 'https://randomuser.me/api/portraits/med/men/0.jpg', 'thumbnail': 'https://randomuser.me/api/portraits/thumb/men/0.jpg'}, 'nat': 'CH'}</msg>
<arg>${json_data['results'][0]}</arg>
<doc>Logs the given message with the given level.</doc>
<status status="PASS" start="2024-06-15T11:12:48.321616" elapsed="0.000452"/>
</kw>
<kw name="Log" owner="BuiltIn">
<msg time="2024-06-15T11:12:48.322499" level="INFO">name</msg>
<arg>${key}</arg>
<doc>Logs the given message with the given level.</doc>
<status status="PASS" start="2024-06-15T11:12:48.322367" elapsed="0.000171"/>
</kw>
<var name="${key}">name</var>
<status status="PASS" start="2024-06-15T11:12:48.320927" elapsed="0.001834"/>
</iter>
<iter>
<kw name="Dictionary Should Contain Key" owner="Collections">
<arg>${json_data['results'][0]}</arg>
<arg>${key}</arg>
<doc>Fails if ``key`` is not found from ``dictionary``.</doc>
<status status="PASS" start="2024-06-15T11:12:48.323051" elapsed="0.000420"/>
</kw>
<kw name="Log" owner="BuiltIn">
<msg time="2024-06-15T11:12:48.324017" level="INFO">{'gender': 'male', 'name': {'title': 'Monsieur', 'first': 'Guido', 'last': 'Schmitt'}, 'location': {'street': {'number': 2729, 'name': 'Avenue du Château'}, 'city': 'Hemberg', 'state': 'Luzern', 'country': 'Switzerland', 'postcode': 2603, 'coordinates': {'latitude': '-59.3676', 'longitude': '-99.4480'}, 'timezone': {'offset': '+8:00', 'description': 'Beijing, Perth, Singapore, Hong Kong'}}, 'email': 'guido.schmitt@example.com', 'login': {'uuid': '6fd40660-1c76-4608-be61-95a02246df84', 'username': 'happybutterfly636', 'password': 'thunder1', 'salt': 'eXBxzcFB', 'md5': 'b2de235671c0e4b02a7217691eab99e5', 'sha1': '98a4e6b75ea96c1f7c253a71d1854d4163aab0c4', 'sha256': 'd8a78f6971fd5dcae708f766e99708162420a84836c3d98ada532d5ecc658936'}, 'dob': {'date': '1963-11-24T20:16:40.060Z', 'age': 60}, 'registered': {'date': '2014-11-22T15:53:38.782Z', 'age': 9}, 'phone': '075 348 95 25', 'cell': '075 741 51 13', 'id': {'name': 'AVS', 'value': '756.4270.4044.78'}, 'picture': {'large': 'https://randomuser.me/api/portraits/men/0.jpg', 'medium': 'https://randomuser.me/api/portraits/med/men/0.jpg', 'thumbnail': 'https://randomuser.me/api/portraits/thumb/men/0.jpg'}, 'nat': 'CH'}</msg>
<arg>${json_data['results'][0]}</arg>
<doc>Logs the given message with the given level.</doc>
<status status="PASS" start="2024-06-15T11:12:48.323664" elapsed="0.000402"/>
</kw>
<kw name="Log" owner="BuiltIn">
<msg time="2024-06-15T11:12:48.324487" level="INFO">location</msg>
<arg>${key}</arg>
<doc>Logs the given message with the given level.</doc>
<status status="PASS" start="2024-06-15T11:12:48.324360" elapsed="0.000164"/>
</kw>
<var name="${key}">location</var>
<status status="PASS" start="2024-06-15T11:12:48.322941" elapsed="0.001805"/>
</iter>
<iter>
<kw name="Dictionary Should Contain Key" owner="Collections">
<arg>${json_data['results'][0]}</arg>
<arg>${key}</arg>
<doc>Fails if ``key`` is not found from ``dictionary``.</doc>
<status status="PASS" start="2024-06-15T11:12:48.325029" elapsed="0.000383"/>
</kw>
<kw name="Log" owner="BuiltIn">
<msg time="2024-06-15T11:12:48.325947" level="INFO">{'gender': 'male', 'name': {'title': 'Monsieur', 'first': 'Guido', 'last': 'Schmitt'}, 'location': {'street': {'number': 2729, 'name': 'Avenue du Château'}, 'city': 'Hemberg', 'state': 'Luzern', 'country': 'Switzerland', 'postcode': 2603, 'coordinates': {'latitude': '-59.3676', 'longitude': '-99.4480'}, 'timezone': {'offset': '+8:00', 'description': 'Beijing, Perth, Singapore, Hong Kong'}}, 'email': 'guido.schmitt@example.com', 'login': {'uuid': '6fd40660-1c76-4608-be61-95a02246df84', 'username': 'happybutterfly636', 'password': 'thunder1', 'salt': 'eXBxzcFB', 'md5': 'b2de235671c0e4b02a7217691eab99e5', 'sha1': '98a4e6b75ea96c1f7c253a71d1854d4163aab0c4', 'sha256': 'd8a78f6971fd5dcae708f766e99708162420a84836c3d98ada532d5ecc658936'}, 'dob': {'date': '1963-11-24T20:16:40.060Z', 'age': 60}, 'registered': {'date': '2014-11-22T15:53:38.782Z', 'age': 9}, 'phone': '075 348 95 25', 'cell': '075 741 51 13', 'id': {'name': 'AVS', 'value': '756.4270.4044.78'}, 'picture': {'large': 'https://randomuser.me/api/portraits/men/0.jpg', 'medium': 'https://randomuser.me/api/portraits/med/men/0.jpg', 'thumbnail': 'https://randomuser.me/api/portraits/thumb/men/0.jpg'}, 'nat': 'CH'}</msg>
<arg>${json_data['results'][0]}</arg>
<doc>Logs the given message with the given level.</doc>
<status status="PASS" start="2024-06-15T11:12:48.325598" elapsed="0.000409"/>
</kw>
<kw name="Log" owner="BuiltIn">
<msg time="2024-06-15T11:12:48.326431" level="INFO">email</msg>
<arg>${key}</arg>
<doc>Logs the given message with the given level.</doc>
<status status="PASS" start="2024-06-15T11:12:48.326304" elapsed="0.000165"/>
</kw>
<var name="${key}">email</var>
<status status="PASS" start="2024-06-15T11:12:48.324920" elapsed="0.001764"/>
</iter>
<iter>
<kw name="Dictionary Should Contain Key" owner="Collections">
<arg>${json_data['results'][0]}</arg>
<arg>${key}</arg>
<doc>Fails if ``key`` is not found from ``dictionary``.</doc>
<status status="PASS" start="2024-06-15T11:12:48.326965" elapsed="0.000413"/>
</kw>
<kw name="Log" owner="BuiltIn">
<msg time="2024-06-15T11:12:48.327932" level="INFO">{'gender': 'male', 'name': {'title': 'Monsieur', 'first': 'Guido', 'last': 'Schmitt'}, 'location': {'street': {'number': 2729, 'name': 'Avenue du Château'}, 'city': 'Hemberg', 'state': 'Luzern', 'country': 'Switzerland', 'postcode': 2603, 'coordinates': {'latitude': '-59.3676', 'longitude': '-99.4480'}, 'timezone': {'offset': '+8:00', 'description': 'Beijing, Perth, Singapore, Hong Kong'}}, 'email': 'guido.schmitt@example.com', 'login': {'uuid': '6fd40660-1c76-4608-be61-95a02246df84', 'username': 'happybutterfly636', 'password': 'thunder1', 'salt': 'eXBxzcFB', 'md5': 'b2de235671c0e4b02a7217691eab99e5', 'sha1': '98a4e6b75ea96c1f7c253a71d1854d4163aab0c4', 'sha256': 'd8a78f6971fd5dcae708f766e99708162420a84836c3d98ada532d5ecc658936'}, 'dob': {'date': '1963-11-24T20:16:40.060Z', 'age': 60}, 'registered': {'date': '2014-11-22T15:53:38.782Z', 'age': 9}, 'phone': '075 348 95 25', 'cell': '075 741 51 13', 'id': {'name': 'AVS', 'value': '756.4270.4044.78'}, 'picture': {'large': 'https://randomuser.me/api/portraits/men/0.jpg', 'medium': 'https://randomuser.me/api/portraits/med/men/0.jpg', 'thumbnail': 'https://randomuser.me/api/portraits/thumb/men/0.jpg'}, 'nat': 'CH'}</msg>
<arg>${json_data['results'][0]}</arg>
<doc>Logs the given message with the given level.</doc>
<status status="PASS" start="2024-06-15T11:12:48.327583" elapsed="0.000398"/>
</kw>
<kw name="Log" owner="BuiltIn">
<msg time="2024-06-15T11:12:48.328509" level="INFO">login</msg>
<arg>${key}</arg>
<doc>Logs the given message with the given level.</doc>
<status status="PASS" start="2024-06-15T11:12:48.328275" elapsed="0.000271"/>
</kw>
<var name="${key}">login</var>
<status status="PASS" start="2024-06-15T11:12:48.326856" elapsed="0.001918"/>
</iter>
<var>${key}</var>
<value>@{expected_keys}</value>
<status status="PASS" start="2024-06-15T11:12:48.318648" elapsed="0.010248"/>
</for>
<kw name="Create List" owner="BuiltIn">
<msg time="2024-06-15T11:12:48.329252" level="INFO">${expected_keysTwo} = ['username', 'password']</msg>
<var>${expected_keysTwo}</var>
<arg>username</arg>
<arg>password</arg>
<doc>Returns a list containing given items.</doc>
<status status="PASS" start="2024-06-15T11:12:48.329113" elapsed="0.000163"/>
</kw>
<for flavor="IN">
<iter>
<kw name="Dictionary Should Contain Key" owner="Collections">
<arg>${json_data['results'][0]['login']}</arg>
<arg>${keyTwo}</arg>
<doc>Fails if ``key`` is not found from ``dictionary``.</doc>
<status status="PASS" start="2024-06-15T11:12:48.329771" elapsed="0.000386"/>
</kw>
<kw name="Dictionary Should Contain Key" owner="Collections">
<arg>${json_data['results'][0]['login']}</arg>
<arg>${keyTwo}</arg>
<doc>Fails if ``key`` is not found from ``dictionary``.</doc>
<status status="PASS" start="2024-06-15T11:12:48.330341" elapsed="0.000372"/>
</kw>
<kw name="Log" owner="BuiltIn">
<msg time="2024-06-15T11:12:48.331014" level="INFO">username</msg>
<arg>${keyTwo}</arg>
<doc>Logs the given message with the given level.</doc>
<status status="PASS" start="2024-06-15T11:12:48.330894" elapsed="0.000157"/>
</kw>
<var name="${keyTwo}">username</var>
<status status="PASS" start="2024-06-15T11:12:48.329663" elapsed="0.001607"/>
</iter>
<iter>
<kw name="Dictionary Should Contain Key" owner="Collections">
<arg>${json_data['results'][0]['login']}</arg>
<arg>${keyTwo}</arg>
<doc>Fails if ``key`` is not found from ``dictionary``.</doc>
<status status="PASS" start="2024-06-15T11:12:48.331603" elapsed="0.000386"/>
</kw>
<kw name="Dictionary Should Contain Key" owner="Collections">
<arg>${json_data['results'][0]['login']}</arg>
<arg>${keyTwo}</arg>
<doc>Fails if ``key`` is not found from ``dictionary``.</doc>
<status status="PASS" start="2024-06-15T11:12:48.332175" elapsed="0.000367"/>
</kw>
<kw name="Log" owner="BuiltIn">
<msg time="2024-06-15T11:12:48.332843" level="INFO">password</msg>
<arg>${keyTwo}</arg>
<doc>Logs the given message with the given level.</doc>
<status status="PASS" start="2024-06-15T11:12:48.332723" elapsed="0.000157"/>
</kw>
<var name="${keyTwo}">password</var>
<status status="PASS" start="2024-06-15T11:12:48.331490" elapsed="0.001610"/>
</iter>
<var>${keyTwo}</var>
<value>@{expected_keysTwo}</value>
<status status="PASS" start="2024-06-15T11:12:48.329514" elapsed="0.003708"/>
</for>
<status status="PASS" start="2024-06-15T11:12:48.235655" elapsed="0.097711"/>
</kw>
<doc>Testa a estrutura da resposta da API.</doc>
<tag>testeEstruturaResposta</tag>
<status status="PASS" start="2024-06-15T11:12:48.234871" elapsed="0.098657"/>
</test>
<test id="s1-s1-t4" name="Validar tipos de dados" line="28">
<kw name="Teste de Tipos de Dados" owner="random-user-service">
<kw name="GET On Session" owner="RequestsLibrary">
<msg time="2024-06-15T11:12:48.453414" level="INFO">GET Request : url=https://randomuser.me/api 
 path_url=/api 
 headers={'User-Agent': 'python-requests/2.32.3', 'Accept-Encoding': 'gzip, deflate', 'Accept': '*/*', 'Connection': 'keep-alive'} 
 body=None 
 </msg>
<msg time="2024-06-15T11:12:48.453506" level="INFO">GET Response : url=https://randomuser.me/api 
 status=200, reason=OK 
 headers={'Date': 'Sat, 15 Jun 2024 11:12:48 GMT', 'Content-Type': 'application/json; charset=utf-8', 'Transfer-Encoding': 'chunked', 'Connection': 'keep-alive', 'X-Powered-By': 'Express', 'Access-Control-Allow-Origin': '*', 'Cache-Control': 'no-cache', 'ETag': 'W/"486-H6ZL0zbTqyJ08xmlft1sgmM9rEI"', 'Vary': 'Accept-Encoding', 'Content-Encoding': 'gzip', 'CF-Cache-Status': 'DYNAMIC', 'Report-To': '{"endpoints":[{"url":"https:\\/\\/a.nel.cloudflare.com\\/report\\/v4?s=slWSXGLlDxObO8f9tdA5AZUTd%2BqZhk4NHiTev6TAualPu%2FY6gCgjusMUTmCNAfyLaZZPMrrec91SkjNTkx59Dp2SYx4RD16XEJyRbfEJCjjBZCyfRvlrEEp%2Bd3rGHIjB"}],"group":"cf-nel","max_age":604800}', 'NEL': '{"success_fraction":0,"report_to":"cf-nel","max_age":604800}', 'Server': 'cloudflare', 'CF-RAY': '8942208e18052052-IAD', 'alt-svc': 'h3=":443"; ma=86400'} 
 body={"results":[{"gender":"male","name":{"title":"Mr","first":"Beytullah","last":"Kalsbeek"},"location":{"street":{"number":4473,"name":"Koffiemolenweg"},"city":"Bennebroek","state":"Flevoland","country":"Netherlands","postcode":"4309 AG","coordinates":{"latitude":"32.7818","longitude":"-178.1795"},"timezone":{"offset":"+5:45","description":"Kathmandu"}},"email":"beytullah.kalsbeek@example.com","login":{"uuid":"15c7f11c-fe3f-44bd-bbb7-b998cae24858","username":"sadladybug722","password":"pian","salt":"93l7rUZU","md5":"340bfc9dab69a4796ccebbc4621addbb","sha1":"5872ad9a8bc2c850472fad29d6e7c4ac7b7bfccf","sha256":"23d473b9d585aaec55d493a601cfdc1117715b7f55eb48f5b639b014dba85c85"},"dob":{"date":"1978-07-30T03:01:01.206Z","age":45},"registered":{"date":"2013-09-14T18:56:20.190Z","age":10},"phone":"(076) 9125353","cell":"(06) 38450845","id":{"name":"BSN","value":"56338870"},"picture":{"large":"https://randomuser.me/api/portraits/men/53.jpg","medium":"https://randomuser.me/api/portraits/med/men/53.jpg","thumbnail":"https://randomuser.me/api/portraits/thumb/men/53.jpg"},"nat":"NL"}],"info":{"seed":"e0d45f4265155385","results":1,"page":1,"version":"1.4"}} 
 </msg>
<msg time="2024-06-15T11:12:48.453575" level="INFO">/opt/hostedtoolcache/Python/3.12.3/x64/lib/python3.12/site-packages/urllib3/connectionpool.py:1103: InsecureRequestWarning: Unverified HTTPS request is being made to host 'randomuser.me'. Adding certificate verification is strongly advised. See: https://urllib3.readthedocs.io/en/latest/advanced-usage.html#tls-warnings
  warnings.warn(</msg>
<msg time="2024-06-15T11:12:48.453704" level="INFO">${response} = &lt;Response [200]&gt;</msg>
<var>${response}</var>
<arg>consultarAPI</arg>
<arg>/api</arg>
<doc>Sends a GET request on a previously created HTTP Session.</doc>
<status status="PASS" start="2024-06-15T11:12:48.336225" elapsed="0.117519"/>
</kw>
<kw name="Set Variable" owner="BuiltIn">
<msg time="2024-06-15T11:12:48.454893" level="INFO">${json_data} = {'results': [{'gender': 'male', 'name': {'title': 'Mr', 'first': 'Beytullah', 'last': 'Kalsbeek'}, 'location': {'street': {'number': 4473, 'name': 'Koffiemolenweg'}, 'city': 'Bennebroek', 'state': 'Fl...</msg>
<var>${json_data}</var>
<arg>${response.json()}</arg>
<doc>Returns the given values which can then be assigned to a variables.</doc>
<status status="PASS" start="2024-06-15T11:12:48.454348" elapsed="0.000574"/>
</kw>
<kw name="Log" owner="BuiltIn">
<msg time="2024-06-15T11:12:48.455519" level="INFO">{'results': [{'gender': 'male', 'name': {'title': 'Mr', 'first': 'Beytullah', 'last': 'Kalsbeek'}, 'location': {'street': {'number': 4473, 'name': 'Koffiemolenweg'}, 'city': 'Bennebroek', 'state': 'Flevoland', 'country': 'Netherlands', 'postcode': '4309 AG', 'coordinates': {'latitude': '32.7818', 'longitude': '-178.1795'}, 'timezone': {'offset': '+5:45', 'description': 'Kathmandu'}}, 'email': 'beytullah.kalsbeek@example.com', 'login': {'uuid': '15c7f11c-fe3f-44bd-bbb7-b998cae24858', 'username': 'sadladybug722', 'password': 'pian', 'salt': '93l7rUZU', 'md5': '340bfc9dab69a4796ccebbc4621addbb', 'sha1': '5872ad9a8bc2c850472fad29d6e7c4ac7b7bfccf', 'sha256': '23d473b9d585aaec55d493a601cfdc1117715b7f55eb48f5b639b014dba85c85'}, 'dob': {'date': '1978-07-30T03:01:01.206Z', 'age': 45}, 'registered': {'date': '2013-09-14T18:56:20.190Z', 'age': 10}, 'phone': '(076) 9125353', 'cell': '(06) 38450845', 'id': {'name': 'BSN', 'value': '56338870'}, 'picture': {'large': 'https://randomuser.me/api/portraits/men/53.jpg', 'medium': 'https://randomuser.me/api/portraits/med/men/53.jpg', 'thumbnail': 'https://randomuser.me/api/portraits/thumb/men/53.jpg'}, 'nat': 'NL'}], 'info': {'seed': 'e0d45f4265155385', 'results': 1, 'page': 1, 'version': '1.4'}}</msg>
<arg>${json_data}</arg>
<doc>Logs the given message with the given level.</doc>
<status status="PASS" start="2024-06-15T11:12:48.455284" elapsed="0.000296"/>
</kw>
<kw name="Should Be String" owner="String">
<arg>${json_data['results'][0]['gender']}</arg>
<doc>Fails if the given ``item`` is not a string.</doc>
<status status="PASS" start="2024-06-15T11:12:48.455913" elapsed="0.000387"/>
</kw>
<kw name="Should Match Regexp" owner="BuiltIn">
<arg>${json_data['results'][0]['email']}</arg>
<arg>^[a-zA-Z0-9._%+-]+@[a-zA-Z0-9.-]+\.[a-zA-Z]{2,}$</arg>
<doc>Fails if ``string`` does not match ``pattern`` as a regular expression.</doc>
<status status="PASS" start="2024-06-15T11:12:48.456538" elapsed="0.000544"/>
</kw>
<kw name="Should Match Regexp" owner="BuiltIn">
<arg>${json_data['results'][0]['dob']['date']}</arg>
<arg>\\d{4}-\\d{2}-\\d{2}T\\d{2}:\\d{2}:\\d{2}\\.\\d{3}Z</arg>
<doc>Fails if ``string`` does not match ``pattern`` as a regular expression.</doc>
<status status="PASS" start="2024-06-15T11:12:48.457284" elapsed="0.000492"/>
</kw>
<kw name="Should Match Regexp" owner="BuiltIn">
<arg>${json_data['results'][0]['registered']['date']}</arg>
<arg>\\d{4}-\\d{2}-\\d{2}T\\d{2}:\\d{2}:\\d{2}\\.\\d{3}Z</arg>
<doc>Fails if ``string`` does not match ``pattern`` as a regular expression.</doc>
<status status="PASS" start="2024-06-15T11:12:48.457972" elapsed="0.000365"/>
</kw>
<kw name="Should Match Regexp" owner="BuiltIn">
<arg>${json_data['results'][0]['picture']['large']}</arg>
<arg>^https?://.*\.(?:png|jpe?g|gif|bmp)$</arg>
<doc>Fails if ``string`` does not match ``pattern`` as a regular expression.</doc>
<status status="PASS" start="2024-06-15T11:12:48.458523" elapsed="0.000455"/>
</kw>
<kw name="Should Match Regexp" owner="BuiltIn">
<arg>${json_data['results'][0]['picture']['medium']}</arg>
<arg>^https?://.*\.(?:png|jpe?g|gif|bmp)$</arg>
<doc>Fails if ``string`` does not match ``pattern`` as a regular expression.</doc>
<status status="PASS" start="2024-06-15T11:12:48.459174" elapsed="0.000389"/>
</kw>
<kw name="Should Match Regexp" owner="BuiltIn">
<arg>${json_data['results'][0]['picture']['thumbnail']}</arg>
<arg>^https?://.*\.(?:png|jpe?g|gif|bmp)$</arg>
<doc>Fails if ``string`` does not match ``pattern`` as a regular expression.</doc>
<status status="PASS" start="2024-06-15T11:12:48.459761" elapsed="0.000362"/>
</kw>
<kw name="Log" owner="BuiltIn">
<msg time="2024-06-15T11:12:48.460632" level="INFO">{'large': 'https://randomuser.me/api/portraits/men/53.jpg', 'medium': 'https://randomuser.me/api/portraits/med/men/53.jpg', 'thumbnail': 'https://randomuser.me/api/portraits/thumb/men/53.jpg'}</msg>
<arg>${json_data['results'][0]['picture']}</arg>
<doc>Logs the given message with the given level.</doc>
<status status="PASS" start="2024-06-15T11:12:48.460305" elapsed="0.000371"/>
</kw>
<status status="PASS" start="2024-06-15T11:12:48.335988" elapsed="0.124958"/>
</kw>
<kw name="Teste de Tipos de Dados - Postcode" owner="random-user-service">
<kw name="GET On Session" owner="RequestsLibrary">
<msg time="2024-06-15T11:12:48.877504" level="INFO">GET Request : url=https://randomuser.me/api 
 path_url=/api 
 headers={'User-Agent': 'python-requests/2.32.3', 'Accept-Encoding': 'gzip, deflate', 'Accept': '*/*', 'Connection': 'keep-alive'} 
 body=None 
 </msg>
<msg time="2024-06-15T11:12:48.877618" level="INFO">GET Response : url=https://randomuser.me/api 
 status=200, reason=OK 
 headers={'Date': 'Sat, 15 Jun 2024 11:12:48 GMT', 'Content-Type': 'application/json; charset=utf-8', 'Transfer-Encoding': 'chunked', 'Connection': 'keep-alive', 'X-Powered-By': 'Express', 'Access-Control-Allow-Origin': '*', 'Cache-Control': 'no-cache', 'ETag': 'W/"475-RilV7I5FMOfjuGcPHStsEJRLhPM"', 'Vary': 'Accept-Encoding', 'Content-Encoding': 'gzip', 'CF-Cache-Status': 'DYNAMIC', 'Report-To': '{"endpoints":[{"url":"https:\\/\\/a.nel.cloudflare.com\\/report\\/v4?s=AcF%2F0vu7uBxb3jcZhaawNKEc0fHRLgO1dJvw%2BziqhYrbneKHN1OeTH6jg3U19tGc%2F7iFigvynZ1%2BqKNu%2B1%2FtE%2FskWawZhuRriC078I65TsHckN%2FZ3CkQI3%2F9jPNc4f2H"}],"group":"cf-nel","max_age":604800}', 'NEL': '{"success_fraction":0,"report_to":"cf-nel","max_age":604800}', 'Server': 'cloudflare', 'CF-RAY': '8942208ee8c72052-IAD', 'alt-svc': 'h3=":443"; ma=86400'} 
 body={"results":[{"gender":"male","name":{"title":"Mr","first":"Blagoje","last":"Erceg"},"location":{"street":{"number":9355,"name":"Izvorac"},"city":"Čoka","state":"Šumadija","country":"Serbia","postcode":19141,"coordinates":{"latitude":"61.3368","longitude":"-142.7944"},"timezone":{"offset":"+6:00","description":"Almaty, Dhaka, Colombo"}},"email":"blagoje.erceg@example.com","login":{"uuid":"02ce43d1-8f92-47df-b16f-b484a1de9dab","username":"greenzebra733","password":"athlon","salt":"I0KjE289","md5":"9cbb958fb001fdbddf09c17763ba1397","sha1":"4f5a4960d4f31eb3749a30733f496b59cbed03b7","sha256":"d3f4f907d1c5d0937fe57c65a790dcadbfc1d70f8cf9f32d4de073b21623ac94"},"dob":{"date":"1961-09-16T10:46:19.448Z","age":62},"registered":{"date":"2012-12-19T20:39:56.363Z","age":11},"phone":"020-8858-676","cell":"067-1365-728","id":{"name":"SID","value":"355896819"},"picture":{"large":"https://randomuser.me/api/portraits/men/30.jpg","medium":"https://randomuser.me/api/portraits/med/men/30.jpg","thumbnail":"https://randomuser.me/api/portraits/thumb/men/30.jpg"},"nat":"RS"}],"info":{"seed":"872d7fc93fa375b9","results":1,"page":1,"version":"1.4"}} 
 </msg>
<msg time="2024-06-15T11:12:48.877737" level="INFO">/opt/hostedtoolcache/Python/3.12.3/x64/lib/python3.12/site-packages/urllib3/connectionpool.py:1103: InsecureRequestWarning: Unverified HTTPS request is being made to host 'randomuser.me'. Adding certificate verification is strongly advised. See: https://urllib3.readthedocs.io/en/latest/advanced-usage.html#tls-warnings
  warnings.warn(</msg>
<msg time="2024-06-15T11:12:48.877876" level="INFO">${response} = &lt;Response [200]&gt;</msg>
<var>${response}</var>
<arg>consultarAPI</arg>
<arg>/api</arg>
<doc>Sends a GET request on a previously created HTTP Session.</doc>
<status status="PASS" start="2024-06-15T11:12:48.461415" elapsed="0.416509"/>
</kw>
<kw name="Set Variable" owner="BuiltIn">
<msg time="2024-06-15T11:12:48.878985" level="INFO">${json_data} = {'results': [{'gender': 'male', 'name': {'title': 'Mr', 'first': 'Blagoje', 'last': 'Erceg'}, 'location': {'street': {'number': 9355, 'name': 'Izvorac'}, 'city': 'Čoka', 'state': 'Šumadija', 'country'...</msg>
<var>${json_data}</var>
<arg>${response.json()}</arg>
<doc>Returns the given values which can then be assigned to a variables.</doc>
<status status="PASS" start="2024-06-15T11:12:48.878464" elapsed="0.000553"/>
</kw>
<kw name="Log" owner="BuiltIn">
<msg time="2024-06-15T11:12:48.879522" level="INFO">{'results': [{'gender': 'male', 'name': {'title': 'Mr', 'first': 'Blagoje', 'last': 'Erceg'}, 'location': {'street': {'number': 9355, 'name': 'Izvorac'}, 'city': 'Čoka', 'state': 'Šumadija', 'country': 'Serbia', 'postcode': 19141, 'coordinates': {'latitude': '61.3368', 'longitude': '-142.7944'}, 'timezone': {'offset': '+6:00', 'description': 'Almaty, Dhaka, Colombo'}}, 'email': 'blagoje.erceg@example.com', 'login': {'uuid': '02ce43d1-8f92-47df-b16f-b484a1de9dab', 'username': 'greenzebra733', 'password': 'athlon', 'salt': 'I0KjE289', 'md5': '9cbb958fb001fdbddf09c17763ba1397', 'sha1': '4f5a4960d4f31eb3749a30733f496b59cbed03b7', 'sha256': 'd3f4f907d1c5d0937fe57c65a790dcadbfc1d70f8cf9f32d4de073b21623ac94'}, 'dob': {'date': '1961-09-16T10:46:19.448Z', 'age': 62}, 'registered': {'date': '2012-12-19T20:39:56.363Z', 'age': 11}, 'phone': '020-8858-676', 'cell': '067-1365-728', 'id': {'name': 'SID', 'value': '355896819'}, 'picture': {'large': 'https://randomuser.me/api/portraits/men/30.jpg', 'medium': 'https://randomuser.me/api/portraits/med/men/30.jpg', 'thumbnail': 'https://randomuser.me/api/portraits/thumb/men/30.jpg'}, 'nat': 'RS'}], 'info': {'seed': '872d7fc93fa375b9', 'results': 1, 'page': 1, 'version': '1.4'}}</msg>
<arg>${json_data}</arg>
<doc>Logs the given message with the given level.</doc>
<status status="PASS" start="2024-06-15T11:12:48.879322" elapsed="0.000251"/>
</kw>
<kw name="Should Be Equal As Numbers" owner="BuiltIn">
<arg>${json_data['results'][0]['location']['postcode']}</arg>
<arg>${json_data['results'][0]['location']['postcode']}</arg>
<doc>Fails if objects are unequal after converting them to real numbers.</doc>
<status status="PASS" start="2024-06-15T11:12:48.879872" elapsed="0.000634"/>
</kw>
<kw name="Log" owner="BuiltIn">
<msg time="2024-06-15T11:12:48.881066" level="INFO">19141</msg>
<arg>${json_data['results'][0]['location']['postcode']}</arg>
<doc>Logs the given message with the given level.</doc>
<status status="PASS" start="2024-06-15T11:12:48.880710" elapsed="0.000434"/>
</kw>
<status status="PASS" start="2024-06-15T11:12:48.461177" elapsed="0.420238"/>
</kw>
<doc>Testa se os tipos de dados na resposta da API estão corretos.</doc>
<tag>testeTiposDados</tag>
<status status="PASS" start="2024-06-15T11:12:48.335448" elapsed="0.546148"/>
</test>
<test id="s1-s1-t5" name="Validar conteudo" line="35">
<kw name="Teste de Tipos de Conteudo" owner="random-user-service">
<kw name="GET On Session" owner="RequestsLibrary">
<msg time="2024-06-15T11:12:48.967987" level="INFO">GET Request : url=https://randomuser.me/api 
 path_url=/api 
 headers={'User-Agent': 'python-requests/2.32.3', 'Accept-Encoding': 'gzip, deflate', 'Accept': '*/*', 'Connection': 'keep-alive'} 
 body=None 
 </msg>
<msg time="2024-06-15T11:12:48.968095" level="INFO">GET Response : url=https://randomuser.me/api 
 status=200, reason=OK 
 headers={'Date': 'Sat, 15 Jun 2024 11:12:48 GMT', 'Content-Type': 'application/json; charset=utf-8', 'Transfer-Encoding': 'chunked', 'Connection': 'keep-alive', 'X-Powered-By': 'Express', 'Access-Control-Allow-Origin': '*', 'Cache-Control': 'no-cache', 'ETag': 'W/"47d-8hmi2GzuTjsKyOnUfPSdwkhRXGw"', 'Vary': 'Accept-Encoding', 'Content-Encoding': 'gzip', 'CF-Cache-Status': 'DYNAMIC', 'Report-To': '{"endpoints":[{"url":"https:\\/\\/a.nel.cloudflare.com\\/report\\/v4?s=j0Z%2FPacMTai47DrJ37mhvJqOYIzeUeP5RXa6aJ86eckSJl3RsL5ILXJuWgDx3gYlCGKYsQ6gvA0xSHjW8YkGaILxCGeS4hpZP7n%2B2wrH8kLmZdCsXeawZZZW9fa7cB13"}],"group":"cf-nel","max_age":604800}', 'NEL': '{"success_fraction":0,"report_to":"cf-nel","max_age":604800}', 'Server': 'cloudflare', 'CF-RAY': '894220918b482052-IAD', 'alt-svc': 'h3=":443"; ma=86400'} 
 body={"results":[{"gender":"female","name":{"title":"Mrs","first":"Smruthi","last":"Prabhu"},"location":{"street":{"number":341,"name":"Colaba Causeway"},"city":"Anantapuram","state":"Karnataka","country":"India","postcode":59604,"coordinates":{"latitude":"8.8276","longitude":"17.1941"},"timezone":{"offset":"+3:30","description":"Tehran"}},"email":"smruthi.prabhu@example.com","login":{"uuid":"da990317-8355-4e2c-a951-48b52da72186","username":"beautifulfish581","password":"friend","salt":"owt4jV5I","md5":"06286526c5e9fa4fd0579b6df0df0323","sha1":"a9649a14aeb4d3e7d4a6afaa705cb7daf72751c5","sha256":"d450aacccb1897d2f6915e97d6e17aa6b6b7b48d72447e38ccea0de593ca66fb"},"dob":{"date":"1984-05-27T10:14:46.788Z","age":40},"registered":{"date":"2009-03-28T22:39:51.006Z","age":15},"phone":"9641053254","cell":"7396095062","id":{"name":"UIDAI","value":"156934553510"},"picture":{"large":"https://randomuser.me/api/portraits/women/12.jpg","medium":"https://randomuser.me/api/portraits/med/women/12.jpg","thumbnail":"https://randomuser.me/api/portraits/thumb/women/12.jpg"},"nat":"IN"}],"info":{"seed":"4c0c3e3935ddf24c","results":1,"page":1,"version":"1.4"}} 
 </msg>
<msg time="2024-06-15T11:12:48.968175" level="INFO">/opt/hostedtoolcache/Python/3.12.3/x64/lib/python3.12/site-packages/urllib3/connectionpool.py:1103: InsecureRequestWarning: Unverified HTTPS request is being made to host 'randomuser.me'. Adding certificate verification is strongly advised. See: https://urllib3.readthedocs.io/en/latest/advanced-usage.html#tls-warnings
  warnings.warn(</msg>
<msg time="2024-06-15T11:12:48.968287" level="INFO">${response} = &lt;Response [200]&gt;</msg>
<var>${response}</var>
<arg>consultarAPI</arg>
<arg>/api</arg>
<doc>Sends a GET request on a previously created HTTP Session.</doc>
<status status="PASS" start="2024-06-15T11:12:48.884658" elapsed="0.083664"/>
</kw>
<kw name="Set Variable" owner="BuiltIn">
<msg time="2024-06-15T11:12:48.969341" level="INFO">${json_data} = {'results': [{'gender': 'female', 'name': {'title': 'Mrs', 'first': 'Smruthi', 'last': 'Prabhu'}, 'location': {'street': {'number': 341, 'name': 'Colaba Causeway'}, 'city': 'Anantapuram', 'state': 'Ka...</msg>
<var>${json_data}</var>
<arg>${response.json()}</arg>
<doc>Returns the given values which can then be assigned to a variables.</doc>
<status status="PASS" start="2024-06-15T11:12:48.968831" elapsed="0.000538"/>
</kw>
<kw name="Set Variable" owner="BuiltIn">
<msg time="2024-06-15T11:12:48.970054" level="INFO">${name_title} = Mrs</msg>
<var>${name_title}</var>
<arg>${json_data["results"][0]["name"]["title"]}</arg>
<doc>Returns the given values which can then be assigned to a variables.</doc>
<status status="PASS" start="2024-06-15T11:12:48.969670" elapsed="0.000409"/>
</kw>
<kw name="Create List" owner="BuiltIn">
<msg time="2024-06-15T11:12:48.970532" level="INFO">${allowed_titles} = ['Mr', 'Ms', 'Miss', 'Mrs', 'Madame', 'Monsieur']</msg>
<var>${allowed_titles}</var>
<arg>Mr</arg>
<arg>Ms</arg>
<arg>Miss</arg>
<arg>Mrs</arg>
<arg>Madame</arg>
<arg>Monsieur</arg>
<doc>Returns a list containing given items.</doc>
<status status="PASS" start="2024-06-15T11:12:48.970383" elapsed="0.000173"/>
</kw>
<kw name="List Should Contain Value" owner="Collections">
<arg>${allowed_titles}</arg>
<arg>${name_title}</arg>
<doc>Fails if the ``value`` is not found from ``list``.</doc>
<status status="PASS" start="2024-06-15T11:12:48.970852" elapsed="0.000181"/>
</kw>
<kw name="Set Variable" owner="BuiltIn">
<msg time="2024-06-15T11:12:48.971623" level="INFO">${name_country} = IN</msg>
<var>${name_country}</var>
<arg>${json_data["results"][0]["nat"]}</arg>
<doc>Returns the given values which can then be assigned to a variables.</doc>
<status status="PASS" start="2024-06-15T11:12:48.971214" elapsed="0.000434"/>
</kw>
<kw name="Create List" owner="BuiltIn">
<msg time="2024-06-15T11:12:48.972535" level="INFO">${list_country} = ['AD', 'AE', 'AF', 'AG', 'AI', 'AL', 'AM', 'AO', 'AQ', 'AR', 'AS', 'AT', 'AU', 'AW', 'AX', 'AZ', 'BA', 'BB', 'BD', 'BE', 'BF', 'BG', 'BH', 'BI', 'BJ', 'BL', 'BM', 'BN', 'BO', 'BQ', 'BR', 'BS', 'BT', '...</msg>
<var>${list_country}</var>
<arg>AD</arg>
<arg>AE</arg>
<arg>AF</arg>
<arg>AG</arg>
<arg>AI</arg>
<arg>AL</arg>
<arg>AM</arg>
<arg>AO</arg>
<arg>AQ</arg>
<arg>AR</arg>
<arg>AS</arg>
<arg>AT</arg>
<arg>AU</arg>
<arg>AW</arg>
<arg>AX</arg>
<arg>AZ</arg>
<arg>BA</arg>
<arg>BB</arg>
<arg>BD</arg>
<arg>BE</arg>
<arg>BF</arg>
<arg>BG</arg>
<arg>BH</arg>
<arg>BI</arg>
<arg>BJ</arg>
<arg>BL</arg>
<arg>BM</arg>
<arg>BN</arg>
<arg>BO</arg>
<arg>BQ</arg>
<arg>BR</arg>
<arg>BS</arg>
<arg>BT</arg>
<arg>BV</arg>
<arg>BW</arg>
<arg>BY</arg>
<arg>BZ</arg>
<arg>CA</arg>
<arg>CC</arg>
<arg>CD</arg>
<arg>CF</arg>
<arg>CG</arg>
<arg>CH</arg>
<arg>CI</arg>
<arg>CK</arg>
<arg>CL</arg>
<arg>CM</arg>
<arg>CN</arg>
<arg>CO</arg>
<arg>CR</arg>
<arg>CU</arg>
<arg>CV</arg>
<arg>CW</arg>
<arg>CX</arg>
<arg>CY</arg>
<arg>CZ</arg>
<arg>DE</arg>
<arg>DJ</arg>
<arg>DK</arg>
<arg>DM</arg>
<arg>DO</arg>
<arg>DZ</arg>
<arg>EC</arg>
<arg>EE</arg>
<arg>EG</arg>
<arg>EH</arg>
<arg>ER</arg>
<arg>ES</arg>
<arg>ET</arg>
<arg>FI</arg>
<arg>FJ</arg>
<arg>FK</arg>
<arg>FM</arg>
<arg>FO</arg>
<arg>FR</arg>
<arg>GA</arg>
<arg>GB</arg>
<arg>GD</arg>
<arg>GE</arg>
<arg>GF</arg>
<arg>GG</arg>
<arg>GH</arg>
<arg>GI</arg>
<arg>GL</arg>
<arg>GM</arg>
<arg>GN</arg>
<arg>GP</arg>
<arg>GQ</arg>
<arg>GR</arg>
<arg>GS</arg>
<arg>GT</arg>
<arg>GU</arg>
<arg>GW</arg>
<arg>GY</arg>
<arg>HK</arg>
<arg>HM</arg>
<arg>HN</arg>
<arg>HR</arg>
<arg>HT</arg>
<arg>HU</arg>
<arg>ID</arg>
<arg>IE</arg>
<arg>IL</arg>
<arg>IM</arg>
<arg>IN</arg>
<arg>IO</arg>
<arg>IQ</arg>
<arg>IR</arg>
<arg>IS</arg>
<arg>IT</arg>
<arg>JE</arg>
<arg>JM</arg>
<arg>JO</arg>
<arg>JP</arg>
<arg>KE</arg>
<arg>KG</arg>
<arg>KH</arg>
<arg>KI</arg>
<arg>KM</arg>
<arg>KN</arg>
<arg>KP</arg>
<arg>KR</arg>
<arg>KW</arg>
<arg>KY</arg>
<arg>KZ</arg>
<arg>LA</arg>
<arg>LB</arg>
<arg>LC</arg>
<arg>LI</arg>
<arg>LK</arg>
<arg>LR</arg>
<arg>LS</arg>
<arg>LT</arg>
<arg>LU</arg>
<arg>LV</arg>
<arg>LY</arg>
<arg>MA</arg>
<arg>MC</arg>
<arg>MD</arg>
<arg>ME</arg>
<arg>MF</arg>
<arg>MG</arg>
<arg>MH</arg>
<arg>MK</arg>
<arg>ML</arg>
<arg>MM</arg>
<arg>MN</arg>
<arg>MO</arg>
<arg>MP</arg>
<arg>MQ</arg>
<arg>MR</arg>
<arg>MS</arg>
<arg>MT</arg>
<arg>MU</arg>
<arg>MV</arg>
<arg>MW</arg>
<arg>MX</arg>
<arg>MY</arg>
<arg>MZ</arg>
<arg>NA</arg>
<arg>NC</arg>
<arg>NE</arg>
<arg>NF</arg>
<arg>NG</arg>
<arg>NI</arg>
<arg>NL</arg>
<arg>NO</arg>
<arg>NP</arg>
<arg>NR</arg>
<arg>NU</arg>
<arg>NZ</arg>
<arg>OM</arg>
<arg>PA</arg>
<arg>PE</arg>
<arg>PF</arg>
<arg>PG</arg>
<arg>PH</arg>
<arg>PK</arg>
<arg>PL</arg>
<arg>PM</arg>
<arg>PN</arg>
<arg>PR</arg>
<arg>PS</arg>
<arg>PT</arg>
<arg>PW</arg>
<arg>PY</arg>
<arg>QA</arg>
<arg>RE</arg>
<arg>RO</arg>
<arg>RS</arg>
<arg>RU</arg>
<arg>RW</arg>
<arg>SA</arg>
<arg>SB</arg>
<arg>SC</arg>
<arg>SD</arg>
<arg>SE</arg>
<arg>SG</arg>
<arg>SH</arg>
<arg>SI</arg>
<arg>SJ</arg>
<arg>SK</arg>
<arg>SL</arg>
<arg>SM</arg>
<arg>SN</arg>
<arg>SO</arg>
<arg>SR</arg>
<arg>SS</arg>
<arg>ST</arg>
<arg>SV</arg>
<arg>SX</arg>
<arg>SY</arg>
<arg>SZ</arg>
<arg>TC</arg>
<arg>TD</arg>
<arg>TF</arg>
<arg>TG</arg>
<arg>TH</arg>
<arg>TJ</arg>
<arg>TK</arg>
<arg>TL</arg>
<arg>TM</arg>
<arg>TN</arg>
<arg>TO</arg>
<arg>TR</arg>
<arg>TT</arg>
<arg>TV</arg>
<arg>TW</arg>
<arg>TZ</arg>
<arg>UA</arg>
<arg>UG</arg>
<arg>UM</arg>
<arg>US</arg>
<arg>UY</arg>
<arg>UZ</arg>
<arg>VA</arg>
<arg>VC</arg>
<arg>VE</arg>
<arg>VG</arg>
<arg>VI</arg>
<arg>VN</arg>
<arg>VU</arg>
<arg>WF</arg>
<arg>WS</arg>
<arg>XK</arg>
<arg>YE</arg>
<arg>YT</arg>
<arg>ZA</arg>
<arg>ZM</arg>
<arg>ZW</arg>
<doc>Returns a list containing given items.</doc>
<status status="PASS" start="2024-06-15T11:12:48.971943" elapsed="0.000618"/>
</kw>
<kw name="List Should Contain Value" owner="Collections">
<arg>${list_country}</arg>
<arg>${name_country}</arg>
<doc>Fails if the ``value`` is not found from ``list``.</doc>
<status status="PASS" start="2024-06-15T11:12:48.973406" elapsed="0.000203"/>
</kw>
<kw name="Run Keyword If" owner="BuiltIn">
<kw name="Should Be True" owner="BuiltIn">
<arg>${True}</arg>
<doc>Fails if the given condition is not true.</doc>
<status status="PASS" start="2024-06-15T11:12:48.974685" elapsed="0.000144"/>
</kw>
<arg>${json_data["results"][0]["location"]["coordinates"]["latitude"]} &gt;= -90 and ${json_data["results"][0]["location"]["coordinates"]["latitude"]} &lt;= 90</arg>
<arg>Should Be True</arg>
<arg>${True}</arg>
<doc>Runs the given keyword with the given arguments, if ``condition`` is true.</doc>
<status status="PASS" start="2024-06-15T11:12:48.973811" elapsed="0.001149"/>
</kw>
<kw name="Run Keyword If" owner="BuiltIn">
<kw name="Should Be True" owner="BuiltIn">
<arg>${True}</arg>
<doc>Fails if the given condition is not true.</doc>
<status status="PASS" start="2024-06-15T11:12:48.975866" elapsed="0.000140"/>
</kw>
<arg>${json_data["results"][0]["location"]["coordinates"]["longitude"]} &gt;= -180 and ${json_data["results"][0]["location"]["coordinates"]["longitude"]} &lt;= 180</arg>
<arg>Should Be True</arg>
<arg>${True}</arg>
<doc>Runs the given keyword with the given arguments, if ``condition`` is true.</doc>
<status status="PASS" start="2024-06-15T11:12:48.975144" elapsed="0.000985"/>
</kw>
<status status="PASS" start="2024-06-15T11:12:48.884268" elapsed="0.091994"/>
</kw>
<doc>Testa o conteúdo específico dos campos retornados pela API.</doc>
<tag>testeConteudo</tag>
<status status="PASS" start="2024-06-15T11:12:48.883584" elapsed="0.092829"/>
</test>
<status status="PASS" start="2024-06-15T11:12:47.803588" elapsed="1.174836"/>
</suite>
<status status="PASS" start="2024-06-15T11:12:47.789733" elapsed="1.193679"/>
</suite>
<statistics>
<total>
<stat pass="5" fail="0" skip="0">All Tests</stat>
</total>
<tag>
<stat pass="1" fail="0" skip="0">testeConteudo</stat>
<stat pass="1" fail="0" skip="0">testeEstruturaResposta</stat>
<stat pass="1" fail="0" skip="0">testeRequisicaoBasica</stat>
<stat pass="1" fail="0" skip="0">testeTiposDados</stat>
</tag>
<suite>
<stat pass="5" fail="0" skip="0" id="s1" name="Tests">Tests</stat>
<stat pass="5" fail="0" skip="0" id="s1-s1" name="Random-User-Test">Tests.Random-User-Test</stat>
</suite>
</statistics>
<errors>
</errors>
</robot>
