<?xml version="1.0" encoding="UTF-8"?>
<robot generator="Robot 7.0.1 (Python 3.12.4 on linux)" generated="2024-08-08T16:19:09.882650" rpa="false" schemaversion="5">
<suite id="s1" name="Tests" source="/home/runner/work/ApiRandomUser/ApiRandomUser/RamdonUser/tests">
<suite id="s1-s1" name="Random-User-Test" source="/home/runner/work/ApiRandomUser/ApiRandomUser/RamdonUser/tests/random-user-test.robot">
<test id="s1-s1-t1" name="Conectar" line="13">
<kw name="Conectar API" owner="random-user-service">
<kw name="Create Session" owner="RequestsLibrary">
<msg time="2024-08-08T16:19:10.323097" level="INFO">Creating Session using : alias=consultarAPI, url=https://randomuser.me/, headers={},                     cookies={}, auth=None, timeout=None, proxies=None, verify=False,                     debug=0 </msg>
<arg>consultarAPI</arg>
<arg>${URL}</arg>
<doc>Create Session: create a HTTP session to a server</doc>
<status status="PASS" start="2024-08-08T16:19:10.322897" elapsed="0.000397"/>
</kw>
<status status="PASS" start="2024-08-08T16:19:10.321800" elapsed="0.001877"/>
</kw>
<status status="PASS" start="2024-08-08T16:19:10.321186" elapsed="0.002689"/>
</test>
<test id="s1-s1-t2" name="Validar retorno 200 e JSON Válido" line="16">
<kw name="Teste de Requisicao Basica" owner="random-user-service">
<kw name="GET On Session" owner="RequestsLibrary">
<msg time="2024-08-08T16:19:10.522250" level="INFO">GET Request : url=https://randomuser.me/api 
 path_url=/api 
 headers={'User-Agent': 'python-requests/2.32.3', 'Accept-Encoding': 'gzip, deflate', 'Accept': '*/*', 'Connection': 'keep-alive'} 
 body=None 
 </msg>
<msg time="2024-08-08T16:19:10.522406" level="INFO">GET Response : url=https://randomuser.me/api 
 status=200, reason=OK 
 headers={'Date': 'Thu, 08 Aug 2024 16:19:10 GMT', 'Content-Type': 'application/json; charset=utf-8', 'Transfer-Encoding': 'chunked', 'Connection': 'keep-alive', 'X-Powered-By': 'Express', 'Access-Control-Allow-Origin': '*', 'Cache-Control': 'no-cache', 'ETag': 'W/"493-VyiUGYr4wCdPl9EyQXP+LjB6pAI"', 'Vary': 'Accept-Encoding', 'Content-Encoding': 'gzip', 'CF-Cache-Status': 'DYNAMIC', 'Report-To': '{"endpoints":[{"url":"https:\\/\\/a.nel.cloudflare.com\\/report\\/v4?s=k22l%2B7ds%2FgFR2olfn7qc5bSVcZqibauq6MvFr1TT2p%2F50lEZECdeVktJ6JIrWQTrqNj25cWwYrqPcJ8o4WQ4FjuTKGI3XVZNrWtBpKrRg4ohNvbJrAuVTmMFUyIqEh8f"}],"group":"cf-nel","max_age":604800}', 'NEL': '{"success_fraction":0,"report_to":"cf-nel","max_age":604800}', 'Server': 'cloudflare', 'CF-RAY': '8b00d3966fb88203-IAD', 'alt-svc': 'h3=":443"; ma=86400'} 
 body={"results":[{"gender":"male","name":{"title":"Mr","first":"Sean","last":"Riley"},"location":{"street":{"number":6673,"name":"W Pecan St"},"city":"Scurry","state":"Delaware","country":"United States","postcode":50795,"coordinates":{"latitude":"85.6748","longitude":"-171.1102"},"timezone":{"offset":"+5:00","description":"Ekaterinburg, Islamabad, Karachi, Tashkent"}},"email":"sean.riley@example.com","login":{"uuid":"dcaaed27-298e-46bd-9d6b-3c488d8895d1","username":"happypanda307","password":"soleil","salt":"jLH6yT2v","md5":"fbf3d24ebb68b53b191c3bfb4617aa21","sha1":"412840b9268362ab545d55f0c04042d2d4bd1e94","sha256":"2cb2e585df7770dd20ed5ce3fb5895a3ccbdadb132746ffe5aeb31e4abb9b528"},"dob":{"date":"1987-09-19T12:24:52.762Z","age":36},"registered":{"date":"2008-04-07T13:09:22.346Z","age":16},"phone":"(685) 653-8076","cell":"(777) 881-9883","id":{"name":"SSN","value":"171-73-4515"},"picture":{"large":"https://randomuser.me/api/portraits/men/55.jpg","medium":"https://randomuser.me/api/portraits/med/men/55.jpg","thumbnail":"https://randomuser.me/api/portraits/thumb/men/55.jpg"},"nat":"US"}],"info":{"seed":"15b7a68c78db4cfa","results":1,"page":1,"version":"1.4"}} 
 </msg>
<msg time="2024-08-08T16:19:10.522491" level="INFO">/opt/hostedtoolcache/Python/3.12.4/x64/lib/python3.12/site-packages/urllib3/connectionpool.py:1099: InsecureRequestWarning: Unverified HTTPS request is being made to host 'randomuser.me'. Adding certificate verification is strongly advised. See: https://urllib3.readthedocs.io/en/latest/advanced-usage.html#tls-warnings
  warnings.warn(</msg>
<msg time="2024-08-08T16:19:10.522677" level="INFO">${response} = &lt;Response [200]&gt;</msg>
<var>${response}</var>
<arg>consultarAPI</arg>
<arg>/api</arg>
<doc>Sends a GET request on a previously created HTTP Session.</doc>
<status status="PASS" start="2024-08-08T16:19:10.326485" elapsed="0.196234"/>
</kw>
<kw name="Should Be Equal As Numbers" owner="BuiltIn">
<msg time="2024-08-08T16:19:10.523734" level="INFO">Argument types are:
&lt;class 'int'&gt;
&lt;class 'str'&gt;</msg>
<arg>${response.status_code}</arg>
<arg>200</arg>
<doc>Fails if objects are unequal after converting them to real numbers.</doc>
<status status="PASS" start="2024-08-08T16:19:10.523264" elapsed="0.000536"/>
</kw>
<kw name="Log" owner="BuiltIn">
<msg time="2024-08-08T16:19:10.524465" level="INFO">200</msg>
<arg>${response.status_code}</arg>
<doc>Logs the given message with the given level.</doc>
<status status="PASS" start="2024-08-08T16:19:10.524114" elapsed="0.000394"/>
</kw>
<kw name="Set Variable" owner="BuiltIn">
<msg time="2024-08-08T16:19:10.525294" level="INFO">${json_data} = {'results': [{'gender': 'male', 'name': {'title': 'Mr', 'first': 'Sean', 'last': 'Riley'}, 'location': {'street': {'number': 6673, 'name': 'W Pecan St'}, 'city': 'Scurry', 'state': 'Delaware', 'countr...</msg>
<var>${json_data}</var>
<arg>${response.json()}</arg>
<doc>Returns the given values which can then be assigned to a variables.</doc>
<status status="PASS" start="2024-08-08T16:19:10.524850" elapsed="0.000475"/>
</kw>
<kw name="Dictionary Should Contain Key" owner="Collections">
<arg>${json_data}</arg>
<arg>results</arg>
<doc>Fails if ``key`` is not found from ``dictionary``.</doc>
<status status="PASS" start="2024-08-08T16:19:10.525633" elapsed="0.000329"/>
</kw>
<status status="PASS" start="2024-08-08T16:19:10.326235" elapsed="0.199888"/>
</kw>
<doc>Testa se a API responde corretamente e retorna um objeto JSON válido.</doc>
<tag>testeRequisicaoBasica</tag>
<status status="PASS" start="2024-08-08T16:19:10.325785" elapsed="0.200515"/>
</test>
<test id="s1-s1-t3" name="Validar estrutura de resposta" line="22">
<kw name="Teste de Estrutura de Resposta" owner="random-user-service">
<kw name="GET On Session" owner="RequestsLibrary">
<msg time="2024-08-08T16:19:10.601282" level="INFO">GET Request : url=https://randomuser.me/api 
 path_url=/api 
 headers={'User-Agent': 'python-requests/2.32.3', 'Accept-Encoding': 'gzip, deflate', 'Accept': '*/*', 'Connection': 'keep-alive'} 
 body=None 
 </msg>
<msg time="2024-08-08T16:19:10.601433" level="INFO">GET Response : url=https://randomuser.me/api 
 status=200, reason=OK 
 headers={'Date': 'Thu, 08 Aug 2024 16:19:10 GMT', 'Content-Type': 'application/json; charset=utf-8', 'Transfer-Encoding': 'chunked', 'Connection': 'keep-alive', 'X-Powered-By': 'Express', 'Access-Control-Allow-Origin': '*', 'Cache-Control': 'no-cache', 'ETag': 'W/"49e-HKiZ+P6TrWemJhLq7kHa0E7V5DY"', 'Vary': 'Accept-Encoding', 'Content-Encoding': 'gzip', 'CF-Cache-Status': 'DYNAMIC', 'Report-To': '{"endpoints":[{"url":"https:\\/\\/a.nel.cloudflare.com\\/report\\/v4?s=MjkTdJht3lzVb2eDhPNLyKekAb4A3YaF2X8DtEm3sh%2BVu5mbWMgOPtOwx1cbIpRVKKiZSKR7xbo3XZS691VI55RTXo2Bl9FZQGmYk%2FEmVJKTxAjpCI7OKpj4aK0K7pBH"}],"group":"cf-nel","max_age":604800}', 'NEL': '{"success_fraction":0,"report_to":"cf-nel","max_age":604800}', 'Server': 'cloudflare', 'CF-RAY': '8b00d396d8258203-IAD', 'alt-svc': 'h3=":443"; ma=86400'} 
 body={"results":[{"gender":"female","name":{"title":"Ms","first":"Alexandra","last":"Foster"},"location":{"street":{"number":5549,"name":"Killarney Road"},"city":"Dungarvan","state":"Offaly","country":"Ireland","postcode":89697,"coordinates":{"latitude":"-2.8541","longitude":"55.0412"},"timezone":{"offset":"+5:00","description":"Ekaterinburg, Islamabad, Karachi, Tashkent"}},"email":"alexandra.foster@example.com","login":{"uuid":"04ea855b-ee34-4cf4-8665-ea8777d2f5fa","username":"greenwolf714","password":"guinness","salt":"5oqW9tVz","md5":"85954d2d9e09b56da618bc5e63240324","sha1":"00f20271b6a801d2cfe8782ff26e6b3fbbcedbf7","sha256":"312397e2710e9560d3f7fc489d7e07923622f22b36b989bc728abcce401a37f9"},"dob":{"date":"1974-01-11T10:09:38.404Z","age":50},"registered":{"date":"2011-01-27T01:00:40.905Z","age":13},"phone":"041-819-3965","cell":"081-378-1397","id":{"name":"PPS","value":"5123673T"},"picture":{"large":"https://randomuser.me/api/portraits/women/48.jpg","medium":"https://randomuser.me/api/portraits/med/women/48.jpg","thumbnail":"https://randomuser.me/api/portraits/thumb/women/48.jpg"},"nat":"IE"}],"info":{"seed":"c306e28c7e0800e8","results":1,"page":1,"version":"1.4"}} 
 </msg>
<msg time="2024-08-08T16:19:10.601630" level="INFO">/opt/hostedtoolcache/Python/3.12.4/x64/lib/python3.12/site-packages/urllib3/connectionpool.py:1099: InsecureRequestWarning: Unverified HTTPS request is being made to host 'randomuser.me'. Adding certificate verification is strongly advised. See: https://urllib3.readthedocs.io/en/latest/advanced-usage.html#tls-warnings
  warnings.warn(</msg>
<msg time="2024-08-08T16:19:10.601842" level="INFO">${response} = &lt;Response [200]&gt;</msg>
<var>${response}</var>
<arg>consultarAPI</arg>
<arg>/api</arg>
<doc>Sends a GET request on a previously created HTTP Session.</doc>
<status status="PASS" start="2024-08-08T16:19:10.528992" elapsed="0.072900"/>
</kw>
<kw name="Set Variable" owner="BuiltIn">
<msg time="2024-08-08T16:19:10.603458" level="INFO">${json_data} = {'results': [{'gender': 'female', 'name': {'title': 'Ms', 'first': 'Alexandra', 'last': 'Foster'}, 'location': {'street': {'number': 5549, 'name': 'Killarney Road'}, 'city': 'Dungarvan', 'state': 'Off...</msg>
<var>${json_data}</var>
<arg>${response.json()}</arg>
<doc>Returns the given values which can then be assigned to a variables.</doc>
<status status="PASS" start="2024-08-08T16:19:10.602636" elapsed="0.000870"/>
</kw>
<kw name="Log" owner="BuiltIn">
<msg time="2024-08-08T16:19:10.604216" level="INFO">{'results': [{'gender': 'female', 'name': {'title': 'Ms', 'first': 'Alexandra', 'last': 'Foster'}, 'location': {'street': {'number': 5549, 'name': 'Killarney Road'}, 'city': 'Dungarvan', 'state': 'Offaly', 'country': 'Ireland', 'postcode': 89697, 'coordinates': {'latitude': '-2.8541', 'longitude': '55.0412'}, 'timezone': {'offset': '+5:00', 'description': 'Ekaterinburg, Islamabad, Karachi, Tashkent'}}, 'email': 'alexandra.foster@example.com', 'login': {'uuid': '04ea855b-ee34-4cf4-8665-ea8777d2f5fa', 'username': 'greenwolf714', 'password': 'guinness', 'salt': '5oqW9tVz', 'md5': '85954d2d9e09b56da618bc5e63240324', 'sha1': '00f20271b6a801d2cfe8782ff26e6b3fbbcedbf7', 'sha256': '312397e2710e9560d3f7fc489d7e07923622f22b36b989bc728abcce401a37f9'}, 'dob': {'date': '1974-01-11T10:09:38.404Z', 'age': 50}, 'registered': {'date': '2011-01-27T01:00:40.905Z', 'age': 13}, 'phone': '041-819-3965', 'cell': '081-378-1397', 'id': {'name': 'PPS', 'value': '5123673T'}, 'picture': {'large': 'https://randomuser.me/api/portraits/women/48.jpg', 'medium': 'https://randomuser.me/api/portraits/med/women/48.jpg', 'thumbnail': 'https://randomuser.me/api/portraits/thumb/women/48.jpg'}, 'nat': 'IE'}], 'info': {'seed': 'c306e28c7e0800e8', 'results': 1, 'page': 1, 'version': '1.4'}}</msg>
<arg>${json_data}</arg>
<doc>Logs the given message with the given level.</doc>
<status status="PASS" start="2024-08-08T16:19:10.603970" elapsed="0.000326"/>
</kw>
<kw name="Dictionary Should Contain Key" owner="Collections">
<arg>${json_data}</arg>
<arg>results</arg>
<doc>Fails if ``key`` is not found from ``dictionary``.</doc>
<status status="PASS" start="2024-08-08T16:19:10.604840" elapsed="0.000267"/>
</kw>
<kw name="Should Not Be Empty" owner="BuiltIn">
<msg time="2024-08-08T16:19:10.605671" level="INFO">Length is 2.</msg>
<arg>${json_data}</arg>
<doc>Verifies that the given item is not empty.</doc>
<status status="PASS" start="2024-08-08T16:19:10.605454" elapsed="0.000295"/>
</kw>
<kw name="Create List" owner="BuiltIn">
<msg time="2024-08-08T16:19:10.606472" level="INFO">${expected_keys} = ['gender', 'name', 'location', 'email', 'login']</msg>
<var>${expected_keys}</var>
<arg>gender</arg>
<arg>name</arg>
<arg>location</arg>
<arg>email</arg>
<arg>login</arg>
<doc>Returns a list containing given items.</doc>
<status status="PASS" start="2024-08-08T16:19:10.606220" elapsed="0.000294"/>
</kw>
<for flavor="IN">
<iter>
<kw name="Dictionary Should Contain Key" owner="Collections">
<arg>${json_data['results'][0]}</arg>
<arg>${key}</arg>
<doc>Fails if ``key`` is not found from ``dictionary``.</doc>
<status status="PASS" start="2024-08-08T16:19:10.607469" elapsed="0.000650"/>
</kw>
<kw name="Log" owner="BuiltIn">
<msg time="2024-08-08T16:19:10.609064" level="INFO">{'gender': 'female', 'name': {'title': 'Ms', 'first': 'Alexandra', 'last': 'Foster'}, 'location': {'street': {'number': 5549, 'name': 'Killarney Road'}, 'city': 'Dungarvan', 'state': 'Offaly', 'country': 'Ireland', 'postcode': 89697, 'coordinates': {'latitude': '-2.8541', 'longitude': '55.0412'}, 'timezone': {'offset': '+5:00', 'description': 'Ekaterinburg, Islamabad, Karachi, Tashkent'}}, 'email': 'alexandra.foster@example.com', 'login': {'uuid': '04ea855b-ee34-4cf4-8665-ea8777d2f5fa', 'username': 'greenwolf714', 'password': 'guinness', 'salt': '5oqW9tVz', 'md5': '85954d2d9e09b56da618bc5e63240324', 'sha1': '00f20271b6a801d2cfe8782ff26e6b3fbbcedbf7', 'sha256': '312397e2710e9560d3f7fc489d7e07923622f22b36b989bc728abcce401a37f9'}, 'dob': {'date': '1974-01-11T10:09:38.404Z', 'age': 50}, 'registered': {'date': '2011-01-27T01:00:40.905Z', 'age': 13}, 'phone': '041-819-3965', 'cell': '081-378-1397', 'id': {'name': 'PPS', 'value': '5123673T'}, 'picture': {'large': 'https://randomuser.me/api/portraits/women/48.jpg', 'medium': 'https://randomuser.me/api/portraits/med/women/48.jpg', 'thumbnail': 'https://randomuser.me/api/portraits/thumb/women/48.jpg'}, 'nat': 'IE'}</msg>
<arg>${json_data['results'][0]}</arg>
<doc>Logs the given message with the given level.</doc>
<status status="PASS" start="2024-08-08T16:19:10.608444" elapsed="0.000710"/>
</kw>
<kw name="Log" owner="BuiltIn">
<msg time="2024-08-08T16:19:10.609818" level="INFO">gender</msg>
<arg>${key}</arg>
<doc>Logs the given message with the given level.</doc>
<status status="PASS" start="2024-08-08T16:19:10.609618" elapsed="0.000271"/>
</kw>
<var name="${key}">gender</var>
<status status="PASS" start="2024-08-08T16:19:10.607275" elapsed="0.002971"/>
</iter>
<iter>
<kw name="Dictionary Should Contain Key" owner="Collections">
<arg>${json_data['results'][0]}</arg>
<arg>${key}</arg>
<doc>Fails if ``key`` is not found from ``dictionary``.</doc>
<status status="PASS" start="2024-08-08T16:19:10.610765" elapsed="0.000633"/>
</kw>
<kw name="Log" owner="BuiltIn">
<msg time="2024-08-08T16:19:10.612369" level="INFO">{'gender': 'female', 'name': {'title': 'Ms', 'first': 'Alexandra', 'last': 'Foster'}, 'location': {'street': {'number': 5549, 'name': 'Killarney Road'}, 'city': 'Dungarvan', 'state': 'Offaly', 'country': 'Ireland', 'postcode': 89697, 'coordinates': {'latitude': '-2.8541', 'longitude': '55.0412'}, 'timezone': {'offset': '+5:00', 'description': 'Ekaterinburg, Islamabad, Karachi, Tashkent'}}, 'email': 'alexandra.foster@example.com', 'login': {'uuid': '04ea855b-ee34-4cf4-8665-ea8777d2f5fa', 'username': 'greenwolf714', 'password': 'guinness', 'salt': '5oqW9tVz', 'md5': '85954d2d9e09b56da618bc5e63240324', 'sha1': '00f20271b6a801d2cfe8782ff26e6b3fbbcedbf7', 'sha256': '312397e2710e9560d3f7fc489d7e07923622f22b36b989bc728abcce401a37f9'}, 'dob': {'date': '1974-01-11T10:09:38.404Z', 'age': 50}, 'registered': {'date': '2011-01-27T01:00:40.905Z', 'age': 13}, 'phone': '041-819-3965', 'cell': '081-378-1397', 'id': {'name': 'PPS', 'value': '5123673T'}, 'picture': {'large': 'https://randomuser.me/api/portraits/women/48.jpg', 'medium': 'https://randomuser.me/api/portraits/med/women/48.jpg', 'thumbnail': 'https://randomuser.me/api/portraits/thumb/women/48.jpg'}, 'nat': 'IE'}</msg>
<arg>${json_data['results'][0]}</arg>
<doc>Logs the given message with the given level.</doc>
<status status="PASS" start="2024-08-08T16:19:10.611703" elapsed="0.000757"/>
</kw>
<kw name="Log" owner="BuiltIn">
<msg time="2024-08-08T16:19:10.613177" level="INFO">name</msg>
<arg>${key}</arg>
<doc>Logs the given message with the given level.</doc>
<status status="PASS" start="2024-08-08T16:19:10.612978" elapsed="0.000261"/>
</kw>
<var name="${key}">name</var>
<status status="PASS" start="2024-08-08T16:19:10.610573" elapsed="0.003011"/>
</iter>
<iter>
<kw name="Dictionary Should Contain Key" owner="Collections">
<arg>${json_data['results'][0]}</arg>
<arg>${key}</arg>
<doc>Fails if ``key`` is not found from ``dictionary``.</doc>
<status status="PASS" start="2024-08-08T16:19:10.614098" elapsed="0.000659"/>
</kw>
<kw name="Log" owner="BuiltIn">
<msg time="2024-08-08T16:19:10.615644" level="INFO">{'gender': 'female', 'name': {'title': 'Ms', 'first': 'Alexandra', 'last': 'Foster'}, 'location': {'street': {'number': 5549, 'name': 'Killarney Road'}, 'city': 'Dungarvan', 'state': 'Offaly', 'country': 'Ireland', 'postcode': 89697, 'coordinates': {'latitude': '-2.8541', 'longitude': '55.0412'}, 'timezone': {'offset': '+5:00', 'description': 'Ekaterinburg, Islamabad, Karachi, Tashkent'}}, 'email': 'alexandra.foster@example.com', 'login': {'uuid': '04ea855b-ee34-4cf4-8665-ea8777d2f5fa', 'username': 'greenwolf714', 'password': 'guinness', 'salt': '5oqW9tVz', 'md5': '85954d2d9e09b56da618bc5e63240324', 'sha1': '00f20271b6a801d2cfe8782ff26e6b3fbbcedbf7', 'sha256': '312397e2710e9560d3f7fc489d7e07923622f22b36b989bc728abcce401a37f9'}, 'dob': {'date': '1974-01-11T10:09:38.404Z', 'age': 50}, 'registered': {'date': '2011-01-27T01:00:40.905Z', 'age': 13}, 'phone': '041-819-3965', 'cell': '081-378-1397', 'id': {'name': 'PPS', 'value': '5123673T'}, 'picture': {'large': 'https://randomuser.me/api/portraits/women/48.jpg', 'medium': 'https://randomuser.me/api/portraits/med/women/48.jpg', 'thumbnail': 'https://randomuser.me/api/portraits/thumb/women/48.jpg'}, 'nat': 'IE'}</msg>
<arg>${json_data['results'][0]}</arg>
<doc>Logs the given message with the given level.</doc>
<status status="PASS" start="2024-08-08T16:19:10.615041" elapsed="0.000691"/>
</kw>
<kw name="Log" owner="BuiltIn">
<msg time="2024-08-08T16:19:10.616420" level="INFO">location</msg>
<arg>${key}</arg>
<doc>Logs the given message with the given level.</doc>
<status status="PASS" start="2024-08-08T16:19:10.616198" elapsed="0.000294"/>
</kw>
<var name="${key}">location</var>
<status status="PASS" start="2024-08-08T16:19:10.613900" elapsed="0.002971"/>
</iter>
<iter>
<kw name="Dictionary Should Contain Key" owner="Collections">
<arg>${json_data['results'][0]}</arg>
<arg>${key}</arg>
<doc>Fails if ``key`` is not found from ``dictionary``.</doc>
<status status="PASS" start="2024-08-08T16:19:10.617357" elapsed="0.000709"/>
</kw>
<kw name="Log" owner="BuiltIn">
<msg time="2024-08-08T16:19:10.619121" level="INFO">{'gender': 'female', 'name': {'title': 'Ms', 'first': 'Alexandra', 'last': 'Foster'}, 'location': {'street': {'number': 5549, 'name': 'Killarney Road'}, 'city': 'Dungarvan', 'state': 'Offaly', 'country': 'Ireland', 'postcode': 89697, 'coordinates': {'latitude': '-2.8541', 'longitude': '55.0412'}, 'timezone': {'offset': '+5:00', 'description': 'Ekaterinburg, Islamabad, Karachi, Tashkent'}}, 'email': 'alexandra.foster@example.com', 'login': {'uuid': '04ea855b-ee34-4cf4-8665-ea8777d2f5fa', 'username': 'greenwolf714', 'password': 'guinness', 'salt': '5oqW9tVz', 'md5': '85954d2d9e09b56da618bc5e63240324', 'sha1': '00f20271b6a801d2cfe8782ff26e6b3fbbcedbf7', 'sha256': '312397e2710e9560d3f7fc489d7e07923622f22b36b989bc728abcce401a37f9'}, 'dob': {'date': '1974-01-11T10:09:38.404Z', 'age': 50}, 'registered': {'date': '2011-01-27T01:00:40.905Z', 'age': 13}, 'phone': '041-819-3965', 'cell': '081-378-1397', 'id': {'name': 'PPS', 'value': '5123673T'}, 'picture': {'large': 'https://randomuser.me/api/portraits/women/48.jpg', 'medium': 'https://randomuser.me/api/portraits/med/women/48.jpg', 'thumbnail': 'https://randomuser.me/api/portraits/thumb/women/48.jpg'}, 'nat': 'IE'}</msg>
<arg>${json_data['results'][0]}</arg>
<doc>Logs the given message with the given level.</doc>
<status status="PASS" start="2024-08-08T16:19:10.618566" elapsed="0.000634"/>
</kw>
<kw name="Log" owner="BuiltIn">
<msg time="2024-08-08T16:19:10.619822" level="INFO">email</msg>
<arg>${key}</arg>
<doc>Logs the given message with the given level.</doc>
<status status="PASS" start="2024-08-08T16:19:10.619631" elapsed="0.000283"/>
</kw>
<var name="${key}">email</var>
<status status="PASS" start="2024-08-08T16:19:10.617166" elapsed="0.003079"/>
</iter>
<iter>
<kw name="Dictionary Should Contain Key" owner="Collections">
<arg>${json_data['results'][0]}</arg>
<arg>${key}</arg>
<doc>Fails if ``key`` is not found from ``dictionary``.</doc>
<status status="PASS" start="2024-08-08T16:19:10.620684" elapsed="0.000626"/>
</kw>
<kw name="Log" owner="BuiltIn">
<msg time="2024-08-08T16:19:10.621905" level="INFO">{'gender': 'female', 'name': {'title': 'Ms', 'first': 'Alexandra', 'last': 'Foster'}, 'location': {'street': {'number': 5549, 'name': 'Killarney Road'}, 'city': 'Dungarvan', 'state': 'Offaly', 'country': 'Ireland', 'postcode': 89697, 'coordinates': {'latitude': '-2.8541', 'longitude': '55.0412'}, 'timezone': {'offset': '+5:00', 'description': 'Ekaterinburg, Islamabad, Karachi, Tashkent'}}, 'email': 'alexandra.foster@example.com', 'login': {'uuid': '04ea855b-ee34-4cf4-8665-ea8777d2f5fa', 'username': 'greenwolf714', 'password': 'guinness', 'salt': '5oqW9tVz', 'md5': '85954d2d9e09b56da618bc5e63240324', 'sha1': '00f20271b6a801d2cfe8782ff26e6b3fbbcedbf7', 'sha256': '312397e2710e9560d3f7fc489d7e07923622f22b36b989bc728abcce401a37f9'}, 'dob': {'date': '1974-01-11T10:09:38.404Z', 'age': 50}, 'registered': {'date': '2011-01-27T01:00:40.905Z', 'age': 13}, 'phone': '041-819-3965', 'cell': '081-378-1397', 'id': {'name': 'PPS', 'value': '5123673T'}, 'picture': {'large': 'https://randomuser.me/api/portraits/women/48.jpg', 'medium': 'https://randomuser.me/api/portraits/med/women/48.jpg', 'thumbnail': 'https://randomuser.me/api/portraits/thumb/women/48.jpg'}, 'nat': 'IE'}</msg>
<arg>${json_data['results'][0]}</arg>
<doc>Logs the given message with the given level.</doc>
<status status="PASS" start="2024-08-08T16:19:10.621508" elapsed="0.000449"/>
</kw>
<kw name="Log" owner="BuiltIn">
<msg time="2024-08-08T16:19:10.622395" level="INFO">login</msg>
<arg>${key}</arg>
<doc>Logs the given message with the given level.</doc>
<status status="PASS" start="2024-08-08T16:19:10.622261" elapsed="0.000173"/>
</kw>
<var name="${key}">login</var>
<status status="PASS" start="2024-08-08T16:19:10.620515" elapsed="0.002153"/>
</iter>
<var>${key}</var>
<value>@{expected_keys}</value>
<status status="PASS" start="2024-08-08T16:19:10.606950" elapsed="0.015846"/>
</for>
<kw name="Create List" owner="BuiltIn">
<msg time="2024-08-08T16:19:10.623176" level="INFO">${expected_keysTwo} = ['username', 'password']</msg>
<var>${expected_keysTwo}</var>
<arg>username</arg>
<arg>password</arg>
<doc>Returns a list containing given items.</doc>
<status status="PASS" start="2024-08-08T16:19:10.623030" elapsed="0.000171"/>
</kw>
<for flavor="IN">
<iter>
<kw name="Dictionary Should Contain Key" owner="Collections">
<arg>${json_data['results'][0]['login']}</arg>
<arg>${keyTwo}</arg>
<doc>Fails if ``key`` is not found from ``dictionary``.</doc>
<status status="PASS" start="2024-08-08T16:19:10.623719" elapsed="0.000395"/>
</kw>
<kw name="Dictionary Should Contain Key" owner="Collections">
<arg>${json_data['results'][0]['login']}</arg>
<arg>${keyTwo}</arg>
<doc>Fails if ``key`` is not found from ``dictionary``.</doc>
<status status="PASS" start="2024-08-08T16:19:10.624307" elapsed="0.000397"/>
</kw>
<kw name="Log" owner="BuiltIn">
<msg time="2024-08-08T16:19:10.625054" level="INFO">username</msg>
<arg>${keyTwo}</arg>
<doc>Logs the given message with the given level.</doc>
<status status="PASS" start="2024-08-08T16:19:10.624924" elapsed="0.000168"/>
</kw>
<var name="${keyTwo}">username</var>
<status status="PASS" start="2024-08-08T16:19:10.623610" elapsed="0.001705"/>
</iter>
<iter>
<kw name="Dictionary Should Contain Key" owner="Collections">
<arg>${json_data['results'][0]['login']}</arg>
<arg>${keyTwo}</arg>
<doc>Fails if ``key`` is not found from ``dictionary``.</doc>
<status status="PASS" start="2024-08-08T16:19:10.625599" elapsed="0.000393"/>
</kw>
<kw name="Dictionary Should Contain Key" owner="Collections">
<arg>${json_data['results'][0]['login']}</arg>
<arg>${keyTwo}</arg>
<doc>Fails if ``key`` is not found from ``dictionary``.</doc>
<status status="PASS" start="2024-08-08T16:19:10.626173" elapsed="0.000377"/>
</kw>
<kw name="Log" owner="BuiltIn">
<msg time="2024-08-08T16:19:10.626848" level="INFO">password</msg>
<arg>${keyTwo}</arg>
<doc>Logs the given message with the given level.</doc>
<status status="PASS" start="2024-08-08T16:19:10.626727" elapsed="0.000159"/>
</kw>
<var name="${keyTwo}">password</var>
<status status="PASS" start="2024-08-08T16:19:10.625491" elapsed="0.001617"/>
</iter>
<var>${keyTwo}</var>
<value>@{expected_keysTwo}</value>
<status status="PASS" start="2024-08-08T16:19:10.623446" elapsed="0.003785"/>
</for>
<status status="PASS" start="2024-08-08T16:19:10.528723" elapsed="0.098649"/>
</kw>
<doc>Testa a estrutura da resposta da API.</doc>
<tag>testeEstruturaResposta</tag>
<status status="PASS" start="2024-08-08T16:19:10.528220" elapsed="0.099311"/>
</test>
<test id="s1-s1-t4" name="Validar tipos de dados" line="28">
<kw name="Teste de Tipos de Dados" owner="random-user-service">
<kw name="GET On Session" owner="RequestsLibrary">
<msg time="2024-08-08T16:19:10.741594" level="INFO">GET Request : url=https://randomuser.me/api 
 path_url=/api 
 headers={'User-Agent': 'python-requests/2.32.3', 'Accept-Encoding': 'gzip, deflate', 'Accept': '*/*', 'Connection': 'keep-alive'} 
 body=None 
 </msg>
<msg time="2024-08-08T16:19:10.741708" level="INFO">GET Response : url=https://randomuser.me/api 
 status=200, reason=OK 
 headers={'Date': 'Thu, 08 Aug 2024 16:19:10 GMT', 'Content-Type': 'application/json; charset=utf-8', 'Transfer-Encoding': 'chunked', 'Connection': 'keep-alive', 'X-Powered-By': 'Express', 'Access-Control-Allow-Origin': '*', 'Cache-Control': 'no-cache', 'ETag': 'W/"475-erGTf9sH0Uf/s6j6+lrNlSXkU1o"', 'Vary': 'Accept-Encoding', 'Content-Encoding': 'gzip', 'CF-Cache-Status': 'DYNAMIC', 'Report-To': '{"endpoints":[{"url":"https:\\/\\/a.nel.cloudflare.com\\/report\\/v4?s=utBlvS9BndPjRNE5dHYAEVaLJv%2B89qMgPb2%2BleoHP%2B4WOHEWPCHus1EQ1gTNgeOla3st8RT4thmHebICjz2%2BMyW4VsHJ43xtscCrkqFazQIF%2BEpJWODSOd1JFFvhWpdZ"}],"group":"cf-nel","max_age":604800}', 'NEL': '{"success_fraction":0,"report_to":"cf-nel","max_age":604800}', 'Server': 'cloudflare', 'CF-RAY': '8b00d39778d98203-IAD', 'alt-svc': 'h3=":443"; ma=86400'} 
 body={"results":[{"gender":"male","name":{"title":"Mr","first":"Milenko","last":"Vučetić"},"location":{"street":{"number":8045,"name":"Ðure Jakšića"},"city":"Varvarin","state":"Raška","country":"Serbia","postcode":68143,"coordinates":{"latitude":"56.8879","longitude":"-160.4214"},"timezone":{"offset":"+3:30","description":"Tehran"}},"email":"milenko.vucetic@example.com","login":{"uuid":"7e9c3eba-d637-488d-8d8a-f75525c6d258","username":"lazyostrich974","password":"sparrow","salt":"1AnEFI1a","md5":"fd6a36346579096e1bc8889a9f82d0f8","sha1":"3f0e30ade626606b40a86ba29ef88cdbe57ff78f","sha256":"3fd61bbf20d3e76a3e4e113084b8561d8764a8d4819d3eafea10a0efb43cb3cc"},"dob":{"date":"1970-11-11T13:27:37.192Z","age":53},"registered":{"date":"2009-07-09T13:45:37.578Z","age":15},"phone":"013-7381-350","cell":"067-0806-625","id":{"name":"SID","value":"116858473"},"picture":{"large":"https://randomuser.me/api/portraits/men/33.jpg","medium":"https://randomuser.me/api/portraits/med/men/33.jpg","thumbnail":"https://randomuser.me/api/portraits/thumb/men/33.jpg"},"nat":"RS"}],"info":{"seed":"52550a837fa097e1","results":1,"page":1,"version":"1.4"}} 
 </msg>
<msg time="2024-08-08T16:19:10.741791" level="INFO">/opt/hostedtoolcache/Python/3.12.4/x64/lib/python3.12/site-packages/urllib3/connectionpool.py:1099: InsecureRequestWarning: Unverified HTTPS request is being made to host 'randomuser.me'. Adding certificate verification is strongly advised. See: https://urllib3.readthedocs.io/en/latest/advanced-usage.html#tls-warnings
  warnings.warn(</msg>
<msg time="2024-08-08T16:19:10.741925" level="INFO">${response} = &lt;Response [200]&gt;</msg>
<var>${response}</var>
<arg>consultarAPI</arg>
<arg>/api</arg>
<doc>Sends a GET request on a previously created HTTP Session.</doc>
<status status="PASS" start="2024-08-08T16:19:10.630100" elapsed="0.111874"/>
</kw>
<kw name="Set Variable" owner="BuiltIn">
<msg time="2024-08-08T16:19:10.743067" level="INFO">${json_data} = {'results': [{'gender': 'male', 'name': {'title': 'Mr', 'first': 'Milenko', 'last': 'Vučetić'}, 'location': {'street': {'number': 8045, 'name': 'Ðure Jakšića'}, 'city': 'Varvarin', 'state': 'Raška', '...</msg>
<var>${json_data}</var>
<arg>${response.json()}</arg>
<doc>Returns the given values which can then be assigned to a variables.</doc>
<status status="PASS" start="2024-08-08T16:19:10.742527" elapsed="0.000570"/>
</kw>
<kw name="Log" owner="BuiltIn">
<msg time="2024-08-08T16:19:10.743567" level="INFO">{'results': [{'gender': 'male', 'name': {'title': 'Mr', 'first': 'Milenko', 'last': 'Vučetić'}, 'location': {'street': {'number': 8045, 'name': 'Ðure Jakšića'}, 'city': 'Varvarin', 'state': 'Raška', 'country': 'Serbia', 'postcode': 68143, 'coordinates': {'latitude': '56.8879', 'longitude': '-160.4214'}, 'timezone': {'offset': '+3:30', 'description': 'Tehran'}}, 'email': 'milenko.vucetic@example.com', 'login': {'uuid': '7e9c3eba-d637-488d-8d8a-f75525c6d258', 'username': 'lazyostrich974', 'password': 'sparrow', 'salt': '1AnEFI1a', 'md5': 'fd6a36346579096e1bc8889a9f82d0f8', 'sha1': '3f0e30ade626606b40a86ba29ef88cdbe57ff78f', 'sha256': '3fd61bbf20d3e76a3e4e113084b8561d8764a8d4819d3eafea10a0efb43cb3cc'}, 'dob': {'date': '1970-11-11T13:27:37.192Z', 'age': 53}, 'registered': {'date': '2009-07-09T13:45:37.578Z', 'age': 15}, 'phone': '013-7381-350', 'cell': '067-0806-625', 'id': {'name': 'SID', 'value': '116858473'}, 'picture': {'large': 'https://randomuser.me/api/portraits/men/33.jpg', 'medium': 'https://randomuser.me/api/portraits/med/men/33.jpg', 'thumbnail': 'https://randomuser.me/api/portraits/thumb/men/33.jpg'}, 'nat': 'RS'}], 'info': {'seed': '52550a837fa097e1', 'results': 1, 'page': 1, 'version': '1.4'}}</msg>
<arg>${json_data}</arg>
<doc>Logs the given message with the given level.</doc>
<status status="PASS" start="2024-08-08T16:19:10.743406" elapsed="0.000211"/>
</kw>
<kw name="Should Be String" owner="String">
<arg>${json_data['results'][0]['gender']}</arg>
<doc>Fails if the given ``item`` is not a string.</doc>
<status status="PASS" start="2024-08-08T16:19:10.743913" elapsed="0.000374"/>
</kw>
<kw name="Should Match Regexp" owner="BuiltIn">
<arg>${json_data['results'][0]['email']}</arg>
<arg>^[a-zA-Z0-9._%+-]+@[a-zA-Z0-9.-]+\.[a-zA-Z]{2,}$</arg>
<doc>Fails if ``string`` does not match ``pattern`` as a regular expression.</doc>
<status status="PASS" start="2024-08-08T16:19:10.744522" elapsed="0.000573"/>
</kw>
<kw name="Should Match Regexp" owner="BuiltIn">
<arg>${json_data['results'][0]['dob']['date']}</arg>
<arg>\\d{4}-\\d{2}-\\d{2}T\\d{2}:\\d{2}:\\d{2}\\.\\d{3}Z</arg>
<doc>Fails if ``string`` does not match ``pattern`` as a regular expression.</doc>
<status status="PASS" start="2024-08-08T16:19:10.745297" elapsed="0.000645"/>
</kw>
<kw name="Should Match Regexp" owner="BuiltIn">
<arg>${json_data['results'][0]['registered']['date']}</arg>
<arg>\\d{4}-\\d{2}-\\d{2}T\\d{2}:\\d{2}:\\d{2}\\.\\d{3}Z</arg>
<doc>Fails if ``string`` does not match ``pattern`` as a regular expression.</doc>
<status status="PASS" start="2024-08-08T16:19:10.746137" elapsed="0.000374"/>
</kw>
<kw name="Should Match Regexp" owner="BuiltIn">
<arg>${json_data['results'][0]['picture']['large']}</arg>
<arg>^https?://.*\.(?:png|jpe?g|gif|bmp)$</arg>
<doc>Fails if ``string`` does not match ``pattern`` as a regular expression.</doc>
<status status="PASS" start="2024-08-08T16:19:10.746699" elapsed="0.000471"/>
</kw>
<kw name="Should Match Regexp" owner="BuiltIn">
<arg>${json_data['results'][0]['picture']['medium']}</arg>
<arg>^https?://.*\.(?:png|jpe?g|gif|bmp)$</arg>
<doc>Fails if ``string`` does not match ``pattern`` as a regular expression.</doc>
<status status="PASS" start="2024-08-08T16:19:10.747358" elapsed="0.000355"/>
</kw>
<kw name="Should Match Regexp" owner="BuiltIn">
<arg>${json_data['results'][0]['picture']['thumbnail']}</arg>
<arg>^https?://.*\.(?:png|jpe?g|gif|bmp)$</arg>
<doc>Fails if ``string`` does not match ``pattern`` as a regular expression.</doc>
<status status="PASS" start="2024-08-08T16:19:10.747893" elapsed="0.000348"/>
</kw>
<kw name="Log" owner="BuiltIn">
<msg time="2024-08-08T16:19:10.748740" level="INFO">{'large': 'https://randomuser.me/api/portraits/men/33.jpg', 'medium': 'https://randomuser.me/api/portraits/med/men/33.jpg', 'thumbnail': 'https://randomuser.me/api/portraits/thumb/men/33.jpg'}</msg>
<arg>${json_data['results'][0]['picture']}</arg>
<doc>Logs the given message with the given level.</doc>
<status status="PASS" start="2024-08-08T16:19:10.748418" elapsed="0.000364"/>
</kw>
<status status="PASS" start="2024-08-08T16:19:10.629852" elapsed="0.119220"/>
</kw>
<kw name="Teste de Tipos de Dados - Postcode" owner="random-user-service">
<kw name="GET On Session" owner="RequestsLibrary">
<msg time="2024-08-08T16:19:10.821321" level="INFO">GET Request : url=https://randomuser.me/api 
 path_url=/api 
 headers={'User-Agent': 'python-requests/2.32.3', 'Accept-Encoding': 'gzip, deflate', 'Accept': '*/*', 'Connection': 'keep-alive'} 
 body=None 
 </msg>
<msg time="2024-08-08T16:19:10.821395" level="INFO">GET Response : url=https://randomuser.me/api 
 status=200, reason=OK 
 headers={'Date': 'Thu, 08 Aug 2024 16:19:10 GMT', 'Content-Type': 'application/json; charset=utf-8', 'Transfer-Encoding': 'chunked', 'Connection': 'keep-alive', 'X-Powered-By': 'Express', 'Access-Control-Allow-Origin': '*', 'Cache-Control': 'no-cache', 'ETag': 'W/"484-RvCFKkT+l8bWOAzN4181B+lw+pc"', 'Vary': 'Accept-Encoding', 'Content-Encoding': 'gzip', 'CF-Cache-Status': 'DYNAMIC', 'Report-To': '{"endpoints":[{"url":"https:\\/\\/a.nel.cloudflare.com\\/report\\/v4?s=Y%2FxjJztY3QA3uXAZP0VhLcx4TFcOm0K7GirFyHSVfwiEbhtZeyxDPkXkKmfNhmUu6Dq2kf1cPVjYkAozliUs3gFdNSLBEqf8BQVsj8v9WpKcc45SfhhX07Szv8BwaWdK"}],"group":"cf-nel","max_age":604800}', 'NEL': '{"success_fraction":0,"report_to":"cf-nel","max_age":604800}', 'Server': 'cloudflare', 'CF-RAY': '8b00d39839ab8203-IAD', 'alt-svc': 'h3=":443"; ma=86400'} 
 body={"results":[{"gender":"male","name":{"title":"Mr","first":"Marcos","last":"Vargas"},"location":{"street":{"number":988,"name":"Calle de Tetuán"},"city":"Santander","state":"Comunidad de Madrid","country":"Spain","postcode":16596,"coordinates":{"latitude":"-37.5935","longitude":"-55.1361"},"timezone":{"offset":"-11:00","description":"Midway Island, Samoa"}},"email":"marcos.vargas@example.com","login":{"uuid":"bf019c71-03af-45ac-9830-75e4712211d3","username":"bluebird503","password":"kajak","salt":"cnP0wNVu","md5":"0058aa2a543d7383b8185b4d2178caa3","sha1":"19a6cd6f5c690ce03899b5c849e7321ac3482d92","sha256":"8b5de722aa7d91e43a69de283fe4822f9ba455dcf0160baac1a69387f9514a39"},"dob":{"date":"1963-03-17T22:23:32.561Z","age":61},"registered":{"date":"2020-11-21T15:57:57.548Z","age":3},"phone":"941-110-182","cell":"642-973-803","id":{"name":"DNI","value":"60350822-N"},"picture":{"large":"https://randomuser.me/api/portraits/men/29.jpg","medium":"https://randomuser.me/api/portraits/med/men/29.jpg","thumbnail":"https://randomuser.me/api/portraits/thumb/men/29.jpg"},"nat":"ES"}],"info":{"seed":"8a479b925e831fa8","results":1,"page":1,"version":"1.4"}} 
 </msg>
<msg time="2024-08-08T16:19:10.821457" level="INFO">/opt/hostedtoolcache/Python/3.12.4/x64/lib/python3.12/site-packages/urllib3/connectionpool.py:1099: InsecureRequestWarning: Unverified HTTPS request is being made to host 'randomuser.me'. Adding certificate verification is strongly advised. See: https://urllib3.readthedocs.io/en/latest/advanced-usage.html#tls-warnings
  warnings.warn(</msg>
<msg time="2024-08-08T16:19:10.821553" level="INFO">${response} = &lt;Response [200]&gt;</msg>
<var>${response}</var>
<arg>consultarAPI</arg>
<arg>/api</arg>
<doc>Sends a GET request on a previously created HTTP Session.</doc>
<status status="PASS" start="2024-08-08T16:19:10.749534" elapsed="0.072051"/>
</kw>
<kw name="Set Variable" owner="BuiltIn">
<msg time="2024-08-08T16:19:10.822478" level="INFO">${json_data} = {'results': [{'gender': 'male', 'name': {'title': 'Mr', 'first': 'Marcos', 'last': 'Vargas'}, 'location': {'street': {'number': 988, 'name': 'Calle de Tetuán'}, 'city': 'Santander', 'state': 'Comunida...</msg>
<var>${json_data}</var>
<arg>${response.json()}</arg>
<doc>Returns the given values which can then be assigned to a variables.</doc>
<status status="PASS" start="2024-08-08T16:19:10.822008" elapsed="0.000499"/>
</kw>
<kw name="Log" owner="BuiltIn">
<msg time="2024-08-08T16:19:10.822962" level="INFO">{'results': [{'gender': 'male', 'name': {'title': 'Mr', 'first': 'Marcos', 'last': 'Vargas'}, 'location': {'street': {'number': 988, 'name': 'Calle de Tetuán'}, 'city': 'Santander', 'state': 'Comunidad de Madrid', 'country': 'Spain', 'postcode': 16596, 'coordinates': {'latitude': '-37.5935', 'longitude': '-55.1361'}, 'timezone': {'offset': '-11:00', 'description': 'Midway Island, Samoa'}}, 'email': 'marcos.vargas@example.com', 'login': {'uuid': 'bf019c71-03af-45ac-9830-75e4712211d3', 'username': 'bluebird503', 'password': 'kajak', 'salt': 'cnP0wNVu', 'md5': '0058aa2a543d7383b8185b4d2178caa3', 'sha1': '19a6cd6f5c690ce03899b5c849e7321ac3482d92', 'sha256': '8b5de722aa7d91e43a69de283fe4822f9ba455dcf0160baac1a69387f9514a39'}, 'dob': {'date': '1963-03-17T22:23:32.561Z', 'age': 61}, 'registered': {'date': '2020-11-21T15:57:57.548Z', 'age': 3}, 'phone': '941-110-182', 'cell': '642-973-803', 'id': {'name': 'DNI', 'value': '60350822-N'}, 'picture': {'large': 'https://randomuser.me/api/portraits/men/29.jpg', 'medium': 'https://randomuser.me/api/portraits/med/men/29.jpg', 'thumbnail': 'https://randomuser.me/api/portraits/thumb/men/29.jpg'}, 'nat': 'ES'}], 'info': {'seed': '8a479b925e831fa8', 'results': 1, 'page': 1, 'version': '1.4'}}</msg>
<arg>${json_data}</arg>
<doc>Logs the given message with the given level.</doc>
<status status="PASS" start="2024-08-08T16:19:10.822806" elapsed="0.000204"/>
</kw>
<kw name="Should Be Equal As Numbers" owner="BuiltIn">
<arg>${json_data['results'][0]['location']['postcode']}</arg>
<arg>${json_data['results'][0]['location']['postcode']}</arg>
<doc>Fails if objects are unequal after converting them to real numbers.</doc>
<status status="PASS" start="2024-08-08T16:19:10.823303" elapsed="0.000619"/>
</kw>
<kw name="Log" owner="BuiltIn">
<msg time="2024-08-08T16:19:10.824493" level="INFO">16596</msg>
<arg>${json_data['results'][0]['location']['postcode']}</arg>
<doc>Logs the given message with the given level.</doc>
<status status="PASS" start="2024-08-08T16:19:10.824109" elapsed="0.000425"/>
</kw>
<status status="PASS" start="2024-08-08T16:19:10.749301" elapsed="0.075515"/>
</kw>
<doc>Testa se os tipos de dados na resposta da API estão corretos.</doc>
<tag>testeTiposDados</tag>
<status status="PASS" start="2024-08-08T16:19:10.629378" elapsed="0.195618"/>
</test>
<test id="s1-s1-t5" name="Validar conteudo" line="35">
<kw name="Teste de Tipos de Conteudo" owner="random-user-service">
<kw name="GET On Session" owner="RequestsLibrary">
<msg time="2024-08-08T16:19:10.908290" level="INFO">GET Request : url=https://randomuser.me/api 
 path_url=/api 
 headers={'User-Agent': 'python-requests/2.32.3', 'Accept-Encoding': 'gzip, deflate', 'Accept': '*/*', 'Connection': 'keep-alive'} 
 body=None 
 </msg>
<msg time="2024-08-08T16:19:10.908398" level="INFO">GET Response : url=https://randomuser.me/api 
 status=200, reason=OK 
 headers={'Date': 'Thu, 08 Aug 2024 16:19:10 GMT', 'Content-Type': 'application/json; charset=utf-8', 'Transfer-Encoding': 'chunked', 'Connection': 'keep-alive', 'X-Powered-By': 'Express', 'Access-Control-Allow-Origin': '*', 'Cache-Control': 'no-cache', 'ETag': 'W/"476-QT0l5bj3FIbC9YUIZbTfGMBh3Gk"', 'Vary': 'Accept-Encoding', 'Content-Encoding': 'gzip', 'CF-Cache-Status': 'DYNAMIC', 'Report-To': '{"endpoints":[{"url":"https:\\/\\/a.nel.cloudflare.com\\/report\\/v4?s=LnThR4mhltXZiGnjJ10eVuJVFvkF6KwYjAHvBgtKjuTv1ONsghVIwqPEYuDHp2BnyFfJEpcPycI%2B1VPnU1y9ZzaPH3Ju2JLk5GiMx%2BvihWd4I4%2FrlKZWUUPYC55N9aXw"}],"group":"cf-nel","max_age":604800}', 'NEL': '{"success_fraction":0,"report_to":"cf-nel","max_age":604800}', 'Server': 'cloudflare', 'CF-RAY': '8b00d398aa2d8203-IAD', 'alt-svc': 'h3=":443"; ma=86400'} 
 body={"results":[{"gender":"female","name":{"title":"Miss","first":"Yavdoha","last":"Dzhul"},"location":{"street":{"number":8984,"name":"Kotka"},"city":"Saki","state":"Zakarpatska","country":"Ukraine","postcode":73640,"coordinates":{"latitude":"74.6508","longitude":"68.4702"},"timezone":{"offset":"-12:00","description":"Eniwetok, Kwajalein"}},"email":"yavdoha.dzhul@example.com","login":{"uuid":"f450e7c4-b684-4e06-86ba-a82072ff82f5","username":"redostrich596","password":"rainman","salt":"xGs4axIx","md5":"ad075e6f98909983325f6a9642b2cad3","sha1":"c07e59016a2b0d596b5c031f71b5798830c33eb2","sha256":"aa47f14f03bc67c39b6e7ae3b7dce16ab950ef0a27516e75350fe297aff9d0f0"},"dob":{"date":"1952-12-05T01:54:09.396Z","age":71},"registered":{"date":"2002-08-29T08:20:00.431Z","age":21},"phone":"(067) Y95-1934","cell":"(098) V96-0372","id":{"name":"","value":null},"picture":{"large":"https://randomuser.me/api/portraits/women/42.jpg","medium":"https://randomuser.me/api/portraits/med/women/42.jpg","thumbnail":"https://randomuser.me/api/portraits/thumb/women/42.jpg"},"nat":"UA"}],"info":{"seed":"a9e86569da98c884","results":1,"page":1,"version":"1.4"}} 
 </msg>
<msg time="2024-08-08T16:19:10.908470" level="INFO">/opt/hostedtoolcache/Python/3.12.4/x64/lib/python3.12/site-packages/urllib3/connectionpool.py:1099: InsecureRequestWarning: Unverified HTTPS request is being made to host 'randomuser.me'. Adding certificate verification is strongly advised. See: https://urllib3.readthedocs.io/en/latest/advanced-usage.html#tls-warnings
  warnings.warn(</msg>
<msg time="2024-08-08T16:19:10.908584" level="INFO">${response} = &lt;Response [200]&gt;</msg>
<var>${response}</var>
<arg>consultarAPI</arg>
<arg>/api</arg>
<doc>Sends a GET request on a previously created HTTP Session.</doc>
<status status="PASS" start="2024-08-08T16:19:10.827791" elapsed="0.080828"/>
</kw>
<kw name="Set Variable" owner="BuiltIn">
<msg time="2024-08-08T16:19:10.909702" level="INFO">${json_data} = {'results': [{'gender': 'female', 'name': {'title': 'Miss', 'first': 'Yavdoha', 'last': 'Dzhul'}, 'location': {'street': {'number': 8984, 'name': 'Kotka'}, 'city': 'Saki', 'state': 'Zakarpatska', 'cou...</msg>
<var>${json_data}</var>
<arg>${response.json()}</arg>
<doc>Returns the given values which can then be assigned to a variables.</doc>
<status status="PASS" start="2024-08-08T16:19:10.909174" elapsed="0.000558"/>
</kw>
<kw name="Set Variable" owner="BuiltIn">
<msg time="2024-08-08T16:19:10.910437" level="INFO">${name_title} = Miss</msg>
<var>${name_title}</var>
<arg>${json_data["results"][0]["name"]["title"]}</arg>
<doc>Returns the given values which can then be assigned to a variables.</doc>
<status status="PASS" start="2024-08-08T16:19:10.910043" elapsed="0.000421"/>
</kw>
<kw name="Create List" owner="BuiltIn">
<msg time="2024-08-08T16:19:10.910919" level="INFO">${allowed_titles} = ['Mr', 'Ms', 'Miss', 'Mrs', 'Madame', 'Monsieur']</msg>
<var>${allowed_titles}</var>
<arg>Mr</arg>
<arg>Ms</arg>
<arg>Miss</arg>
<arg>Mrs</arg>
<arg>Madame</arg>
<arg>Monsieur</arg>
<doc>Returns a list containing given items.</doc>
<status status="PASS" start="2024-08-08T16:19:10.910766" elapsed="0.000178"/>
</kw>
<kw name="List Should Contain Value" owner="Collections">
<arg>${allowed_titles}</arg>
<arg>${name_title}</arg>
<doc>Fails if the ``value`` is not found from ``list``.</doc>
<status status="PASS" start="2024-08-08T16:19:10.911257" elapsed="0.000181"/>
</kw>
<kw name="Set Variable" owner="BuiltIn">
<msg time="2024-08-08T16:19:10.912007" level="INFO">${name_country} = UA</msg>
<var>${name_country}</var>
<arg>${json_data["results"][0]["nat"]}</arg>
<doc>Returns the given values which can then be assigned to a variables.</doc>
<status status="PASS" start="2024-08-08T16:19:10.911630" elapsed="0.000403"/>
</kw>
<kw name="Create List" owner="BuiltIn">
<msg time="2024-08-08T16:19:10.912956" level="INFO">${list_country} = ['AD', 'AE', 'AF', 'AG', 'AI', 'AL', 'AM', 'AO', 'AQ', 'AR', 'AS', 'AT', 'AU', 'AW', 'AX', 'AZ', 'BA', 'BB', 'BD', 'BE', 'BF', 'BG', 'BH', 'BI', 'BJ', 'BL', 'BM', 'BN', 'BO', 'BQ', 'BR', 'BS', 'BT', '...</msg>
<var>${list_country}</var>
<arg>AD</arg>
<arg>AE</arg>
<arg>AF</arg>
<arg>AG</arg>
<arg>AI</arg>
<arg>AL</arg>
<arg>AM</arg>
<arg>AO</arg>
<arg>AQ</arg>
<arg>AR</arg>
<arg>AS</arg>
<arg>AT</arg>
<arg>AU</arg>
<arg>AW</arg>
<arg>AX</arg>
<arg>AZ</arg>
<arg>BA</arg>
<arg>BB</arg>
<arg>BD</arg>
<arg>BE</arg>
<arg>BF</arg>
<arg>BG</arg>
<arg>BH</arg>
<arg>BI</arg>
<arg>BJ</arg>
<arg>BL</arg>
<arg>BM</arg>
<arg>BN</arg>
<arg>BO</arg>
<arg>BQ</arg>
<arg>BR</arg>
<arg>BS</arg>
<arg>BT</arg>
<arg>BV</arg>
<arg>BW</arg>
<arg>BY</arg>
<arg>BZ</arg>
<arg>CA</arg>
<arg>CC</arg>
<arg>CD</arg>
<arg>CF</arg>
<arg>CG</arg>
<arg>CH</arg>
<arg>CI</arg>
<arg>CK</arg>
<arg>CL</arg>
<arg>CM</arg>
<arg>CN</arg>
<arg>CO</arg>
<arg>CR</arg>
<arg>CU</arg>
<arg>CV</arg>
<arg>CW</arg>
<arg>CX</arg>
<arg>CY</arg>
<arg>CZ</arg>
<arg>DE</arg>
<arg>DJ</arg>
<arg>DK</arg>
<arg>DM</arg>
<arg>DO</arg>
<arg>DZ</arg>
<arg>EC</arg>
<arg>EE</arg>
<arg>EG</arg>
<arg>EH</arg>
<arg>ER</arg>
<arg>ES</arg>
<arg>ET</arg>
<arg>FI</arg>
<arg>FJ</arg>
<arg>FK</arg>
<arg>FM</arg>
<arg>FO</arg>
<arg>FR</arg>
<arg>GA</arg>
<arg>GB</arg>
<arg>GD</arg>
<arg>GE</arg>
<arg>GF</arg>
<arg>GG</arg>
<arg>GH</arg>
<arg>GI</arg>
<arg>GL</arg>
<arg>GM</arg>
<arg>GN</arg>
<arg>GP</arg>
<arg>GQ</arg>
<arg>GR</arg>
<arg>GS</arg>
<arg>GT</arg>
<arg>GU</arg>
<arg>GW</arg>
<arg>GY</arg>
<arg>HK</arg>
<arg>HM</arg>
<arg>HN</arg>
<arg>HR</arg>
<arg>HT</arg>
<arg>HU</arg>
<arg>ID</arg>
<arg>IE</arg>
<arg>IL</arg>
<arg>IM</arg>
<arg>IN</arg>
<arg>IO</arg>
<arg>IQ</arg>
<arg>IR</arg>
<arg>IS</arg>
<arg>IT</arg>
<arg>JE</arg>
<arg>JM</arg>
<arg>JO</arg>
<arg>JP</arg>
<arg>KE</arg>
<arg>KG</arg>
<arg>KH</arg>
<arg>KI</arg>
<arg>KM</arg>
<arg>KN</arg>
<arg>KP</arg>
<arg>KR</arg>
<arg>KW</arg>
<arg>KY</arg>
<arg>KZ</arg>
<arg>LA</arg>
<arg>LB</arg>
<arg>LC</arg>
<arg>LI</arg>
<arg>LK</arg>
<arg>LR</arg>
<arg>LS</arg>
<arg>LT</arg>
<arg>LU</arg>
<arg>LV</arg>
<arg>LY</arg>
<arg>MA</arg>
<arg>MC</arg>
<arg>MD</arg>
<arg>ME</arg>
<arg>MF</arg>
<arg>MG</arg>
<arg>MH</arg>
<arg>MK</arg>
<arg>ML</arg>
<arg>MM</arg>
<arg>MN</arg>
<arg>MO</arg>
<arg>MP</arg>
<arg>MQ</arg>
<arg>MR</arg>
<arg>MS</arg>
<arg>MT</arg>
<arg>MU</arg>
<arg>MV</arg>
<arg>MW</arg>
<arg>MX</arg>
<arg>MY</arg>
<arg>MZ</arg>
<arg>NA</arg>
<arg>NC</arg>
<arg>NE</arg>
<arg>NF</arg>
<arg>NG</arg>
<arg>NI</arg>
<arg>NL</arg>
<arg>NO</arg>
<arg>NP</arg>
<arg>NR</arg>
<arg>NU</arg>
<arg>NZ</arg>
<arg>OM</arg>
<arg>PA</arg>
<arg>PE</arg>
<arg>PF</arg>
<arg>PG</arg>
<arg>PH</arg>
<arg>PK</arg>
<arg>PL</arg>
<arg>PM</arg>
<arg>PN</arg>
<arg>PR</arg>
<arg>PS</arg>
<arg>PT</arg>
<arg>PW</arg>
<arg>PY</arg>
<arg>QA</arg>
<arg>RE</arg>
<arg>RO</arg>
<arg>RS</arg>
<arg>RU</arg>
<arg>RW</arg>
<arg>SA</arg>
<arg>SB</arg>
<arg>SC</arg>
<arg>SD</arg>
<arg>SE</arg>
<arg>SG</arg>
<arg>SH</arg>
<arg>SI</arg>
<arg>SJ</arg>
<arg>SK</arg>
<arg>SL</arg>
<arg>SM</arg>
<arg>SN</arg>
<arg>SO</arg>
<arg>SR</arg>
<arg>SS</arg>
<arg>ST</arg>
<arg>SV</arg>
<arg>SX</arg>
<arg>SY</arg>
<arg>SZ</arg>
<arg>TC</arg>
<arg>TD</arg>
<arg>TF</arg>
<arg>TG</arg>
<arg>TH</arg>
<arg>TJ</arg>
<arg>TK</arg>
<arg>TL</arg>
<arg>TM</arg>
<arg>TN</arg>
<arg>TO</arg>
<arg>TR</arg>
<arg>TT</arg>
<arg>TV</arg>
<arg>TW</arg>
<arg>TZ</arg>
<arg>UA</arg>
<arg>UG</arg>
<arg>UM</arg>
<arg>US</arg>
<arg>UY</arg>
<arg>UZ</arg>
<arg>VA</arg>
<arg>VC</arg>
<arg>VE</arg>
<arg>VG</arg>
<arg>VI</arg>
<arg>VN</arg>
<arg>VU</arg>
<arg>WF</arg>
<arg>WS</arg>
<arg>XK</arg>
<arg>YE</arg>
<arg>YT</arg>
<arg>ZA</arg>
<arg>ZM</arg>
<arg>ZW</arg>
<doc>Returns a list containing given items.</doc>
<status status="PASS" start="2024-08-08T16:19:10.912336" elapsed="0.000650"/>
</kw>
<kw name="List Should Contain Value" owner="Collections">
<arg>${list_country}</arg>
<arg>${name_country}</arg>
<doc>Fails if the ``value`` is not found from ``list``.</doc>
<status status="PASS" start="2024-08-08T16:19:10.914004" elapsed="0.000217"/>
</kw>
<kw name="Run Keyword If" owner="BuiltIn">
<kw name="Should Be True" owner="BuiltIn">
<arg>${True}</arg>
<doc>Fails if the given condition is not true.</doc>
<status status="PASS" start="2024-08-08T16:19:10.915205" elapsed="0.000159"/>
</kw>
<arg>${json_data["results"][0]["location"]["coordinates"]["latitude"]} &gt;= -90 and ${json_data["results"][0]["location"]["coordinates"]["latitude"]} &lt;= 90</arg>
<arg>Should Be True</arg>
<arg>${True}</arg>
<doc>Runs the given keyword with the given arguments, if ``condition`` is true.</doc>
<status status="PASS" start="2024-08-08T16:19:10.914427" elapsed="0.001068"/>
</kw>
<kw name="Run Keyword If" owner="BuiltIn">
<kw name="Should Be True" owner="BuiltIn">
<arg>${True}</arg>
<doc>Fails if the given condition is not true.</doc>
<status status="PASS" start="2024-08-08T16:19:10.916379" elapsed="0.000140"/>
</kw>
<arg>${json_data["results"][0]["location"]["coordinates"]["longitude"]} &gt;= -180 and ${json_data["results"][0]["location"]["coordinates"]["longitude"]} &lt;= 180</arg>
<arg>Should Be True</arg>
<arg>${True}</arg>
<doc>Runs the given keyword with the given arguments, if ``condition`` is true.</doc>
<status status="PASS" start="2024-08-08T16:19:10.915682" elapsed="0.000962"/>
</kw>
<status status="PASS" start="2024-08-08T16:19:10.827413" elapsed="0.089362"/>
</kw>
<doc>Testa o conteúdo específico dos campos retornados pela API.</doc>
<tag>testeConteudo</tag>
<status status="PASS" start="2024-08-08T16:19:10.826747" elapsed="0.090211"/>
</test>
<status status="PASS" start="2024-08-08T16:19:09.946997" elapsed="0.972025"/>
</suite>
<status status="PASS" start="2024-08-08T16:19:09.928536" elapsed="0.995662"/>
</suite>
<statistics>
<total>
<stat pass="5" fail="0" skip="0">All Tests</stat>
</total>
<tag>
<stat pass="1" fail="0" skip="0">testeConteudo</stat>
<stat pass="1" fail="0" skip="0">testeEstruturaResposta</stat>
<stat pass="1" fail="0" skip="0">testeRequisicaoBasica</stat>
<stat pass="1" fail="0" skip="0">testeTiposDados</stat>
</tag>
<suite>
<stat pass="5" fail="0" skip="0" id="s1" name="Tests">Tests</stat>
<stat pass="5" fail="0" skip="0" id="s1-s1" name="Random-User-Test">Tests.Random-User-Test</stat>
</suite>
</statistics>
<errors>
</errors>
</robot>
