<?xml version="1.0" encoding="UTF-8"?>
<robot generator="Robot 7.0 (Python 3.12.2 on linux)" generated="2024-03-21T00:59:55.041316" rpa="false" schemaversion="5">
<suite id="s1" name="Tests" source="/home/runner/work/DesafioQA---Itau---Rogerio-Jordao/DesafioQA---Itau---Rogerio-Jordao/DesafioQA - Itau - Rogerio Jordao/tests">
<suite id="s1-s1" name="Random-User-Test" source="/home/runner/work/DesafioQA---Itau---Rogerio-Jordao/DesafioQA---Itau---Rogerio-Jordao/DesafioQA - Itau - Rogerio Jordao/tests/random-user-test.robot">
<test id="s1-s1-t1" name="Conectar" line="24">
<kw name="Conectar API">
<kw name="Create Session" owner="RequestsLibrary">
<msg time="2024-03-21T00:59:55.381579" level="INFO">Creating Session using : alias=consultarAPI, url=https://randomuser.me/, headers={},                     cookies={}, auth=None, timeout=None, proxies=None, verify=False,                     debug=0 </msg>
<arg>consultarAPI</arg>
<arg>${URL}</arg>
<doc>Create Session: create a HTTP session to a server</doc>
<status status="PASS" start="2024-03-21T00:59:55.381376" elapsed="0.000374"/>
</kw>
<status status="PASS" start="2024-03-21T00:59:55.380494" elapsed="0.001615"/>
</kw>
<status status="PASS" start="2024-03-21T00:59:55.379929" elapsed="0.002405"/>
</test>
<test id="s1-s1-t2" name="Validar retorno 200 e JSON Válido" line="27">
<kw name="Teste de Requisicao Basica">
<kw name="GET On Session" owner="RequestsLibrary">
<msg time="2024-03-21T00:59:55.459690" level="INFO">GET Request : url=https://randomuser.me/api 
 path_url=/api 
 headers={'User-Agent': 'python-requests/2.31.0', 'Accept-Encoding': 'gzip, deflate', 'Accept': '*/*', 'Connection': 'keep-alive'} 
 body=None 
 </msg>
<msg time="2024-03-21T00:59:55.459794" level="INFO">GET Response : url=https://randomuser.me/api 
 status=200, reason=OK 
 headers={'Date': 'Thu, 21 Mar 2024 00:59:55 GMT', 'Content-Type': 'application/json; charset=utf-8', 'Transfer-Encoding': 'chunked', 'Connection': 'keep-alive', 'X-Powered-By': 'Express', 'Access-Control-Allow-Origin': '*', 'Cache-Control': 'no-cache', 'ETag': 'W/"487-hP/RMdP5QBPEfJhEs133bKgu7cQ"', 'Vary': 'Accept-Encoding', 'Content-Encoding': 'gzip', 'CF-Cache-Status': 'DYNAMIC', 'Report-To': '{"endpoints":[{"url":"https:\\/\\/a.nel.cloudflare.com\\/report\\/v4?s=WU5O6xKwiHAWyBLmtDyLlrnRoe%2FIleAuNQ63pE%2FZSMyTEYUYieh0IXPVXo9wrw7w3iZQL%2BQSxcoO3sN6j6NajZ9LwMLUQd0ati5o%2FSAtfob1mLWV5MqVldgWJ9f5a%2BF%2B"}],"group":"cf-nel","max_age":604800}', 'NEL': '{"success_fraction":0,"report_to":"cf-nel","max_age":604800}', 'Server': 'cloudflare', 'CF-RAY': '867a00876d1e38ac-IAD', 'alt-svc': 'h3=":443"; ma=86400'} 
 body={"results":[{"gender":"male","name":{"title":"Mr","first":"Luca","last":"Singh"},"location":{"street":{"number":2344,"name":"Prebensen Drive"},"city":"Gisborne","state":"Waikato","country":"New Zealand","postcode":96126,"coordinates":{"latitude":"48.4400","longitude":"-118.2918"},"timezone":{"offset":"+1:00","description":"Brussels, Copenhagen, Madrid, Paris"}},"email":"luca.singh@example.com","login":{"uuid":"ba73a3df-97b8-439e-ae41-55cc8324f9b2","username":"crazybutterfly386","password":"tipper","salt":"MCRImK5P","md5":"28d6937ea9dc72cc7da200db1faad7c1","sha1":"dbe0757e9e181724d313eaf099095238c0ce4fd7","sha256":"da1060c7bfb810c86d99b7ca3b9193b8335c77e3a654ba640c1b8b0255979283"},"dob":{"date":"1963-03-21T16:14:05.935Z","age":60},"registered":{"date":"2017-09-24T15:16:52.990Z","age":6},"phone":"(521)-296-6165","cell":"(075)-822-6268","id":{"name":"","value":null},"picture":{"large":"https://randomuser.me/api/portraits/men/77.jpg","medium":"https://randomuser.me/api/portraits/med/men/77.jpg","thumbnail":"https://randomuser.me/api/portraits/thumb/men/77.jpg"},"nat":"NZ"}],"info":{"seed":"5b07963e430ca5c5","results":1,"page":1,"version":"1.4"}} 
 </msg>
<msg time="2024-03-21T00:59:55.460018" level="INFO">/opt/hostedtoolcache/Python/3.12.2/x64/lib/python3.12/site-packages/urllib3/connectionpool.py:1103: InsecureRequestWarning: Unverified HTTPS request is being made to host 'randomuser.me'. Adding certificate verification is strongly advised. See: https://urllib3.readthedocs.io/en/latest/advanced-usage.html#tls-warnings
  warnings.warn(</msg>
<msg time="2024-03-21T00:59:55.460151" level="INFO">${response} = &lt;Response [200]&gt;</msg>
<var>${response}</var>
<arg>consultarAPI</arg>
<arg>/api</arg>
<doc>Sends a GET request on a previously created HTTP Session.</doc>
<status status="PASS" start="2024-03-21T00:59:55.385097" elapsed="0.075098"/>
</kw>
<kw name="Should Be Equal As Numbers" owner="BuiltIn">
<msg time="2024-03-21T00:59:55.461242" level="INFO">Argument types are:
&lt;class 'int'&gt;
&lt;class 'str'&gt;</msg>
<arg>${response.status_code}</arg>
<arg>200</arg>
<doc>Fails if objects are unequal after converting them to real numbers.</doc>
<status status="PASS" start="2024-03-21T00:59:55.460690" elapsed="0.000623"/>
</kw>
<kw name="Log" owner="BuiltIn">
<msg time="2024-03-21T00:59:55.461993" level="INFO">200</msg>
<arg>${response.status_code}</arg>
<doc>Logs the given message with the given level.</doc>
<status status="PASS" start="2024-03-21T00:59:55.461639" elapsed="0.000399"/>
</kw>
<kw name="Set Variable" owner="BuiltIn">
<msg time="2024-03-21T00:59:55.462832" level="INFO">${json_data} = {'results': [{'gender': 'male', 'name': {'title': 'Mr', 'first': 'Luca', 'last': 'Singh'}, 'location': {'street': {'number': 2344, 'name': 'Prebensen Drive'}, 'city': 'Gisborne', 'state': 'Waikato', '...</msg>
<var>${json_data}</var>
<arg>${response.json()}</arg>
<doc>Returns the given values which can then be assigned to a variables.</doc>
<status status="PASS" start="2024-03-21T00:59:55.462376" elapsed="0.000485"/>
</kw>
<kw name="Dictionary Should Contain Key" owner="Collections">
<msg time="2024-03-21T00:59:55.463352" level="INFO">False</msg>
<arg>${json_data}</arg>
<arg>results</arg>
<doc>Fails if ``key`` is not found from ``dictionary``.</doc>
<status status="PASS" start="2024-03-21T00:59:55.463179" elapsed="0.000214"/>
</kw>
<status status="PASS" start="2024-03-21T00:59:55.384851" elapsed="0.078796"/>
</kw>
<doc>Testa se a API responde corretamente e retorna um objeto JSON válido.</doc>
<tag>testeRequisicaoBasica</tag>
<status status="PASS" start="2024-03-21T00:59:55.384356" elapsed="0.079464"/>
</test>
<test id="s1-s1-t3" name="Validar estrutura de resposta" line="33">
<kw name="Teste de Estrutura de Resposta">
<kw name="GET On Session" owner="RequestsLibrary">
<msg time="2024-03-21T00:59:55.561302" level="INFO">GET Request : url=https://randomuser.me/api 
 path_url=/api 
 headers={'User-Agent': 'python-requests/2.31.0', 'Accept-Encoding': 'gzip, deflate', 'Accept': '*/*', 'Connection': 'keep-alive'} 
 body=None 
 </msg>
<msg time="2024-03-21T00:59:55.561386" level="INFO">GET Response : url=https://randomuser.me/api 
 status=200, reason=OK 
 headers={'Date': 'Thu, 21 Mar 2024 00:59:55 GMT', 'Content-Type': 'application/json; charset=utf-8', 'Transfer-Encoding': 'chunked', 'Connection': 'keep-alive', 'X-Powered-By': 'Express', 'Access-Control-Allow-Origin': '*', 'Cache-Control': 'no-cache', 'ETag': 'W/"48c-fAjBwED8DerXYCSrzbEIrlqTAk0"', 'Vary': 'Accept-Encoding', 'Content-Encoding': 'gzip', 'CF-Cache-Status': 'DYNAMIC', 'Report-To': '{"endpoints":[{"url":"https:\\/\\/a.nel.cloudflare.com\\/report\\/v4?s=6sVfgwvE6oXI6xFfBljiZ%2Fx8o%2BEzYd72o7crXyZG46HEAMNFe33rHmnnkxb1ehxOHPp%2BkfOJlXyzH8UN%2BHyn3R%2BwSrRIPFHkHRzENbkSU7Lujx4D5RHu0%2ByqQoyb40cu"}],"group":"cf-nel","max_age":604800}', 'NEL': '{"success_fraction":0,"report_to":"cf-nel","max_age":604800}', 'Server': 'cloudflare', 'CF-RAY': '867a0087ad6338ac-IAD', 'alt-svc': 'h3=":443"; ma=86400'} 
 body={"results":[{"gender":"male","name":{"title":"Mr","first":"James","last":"May"},"location":{"street":{"number":5305,"name":"Locust Rd"},"city":"Coffs Harbour","state":"Queensland","country":"Australia","postcode":8200,"coordinates":{"latitude":"-85.0577","longitude":"-51.5716"},"timezone":{"offset":"+8:00","description":"Beijing, Perth, Singapore, Hong Kong"}},"email":"james.may@example.com","login":{"uuid":"79d87461-fd3c-435b-93c4-4d9a6e2758ca","username":"smallelephant356","password":"classic","salt":"0ZnUnwQu","md5":"375daadee3ad7ed4f62cebda98885f42","sha1":"ee25dd998532a6e4d4d8bbbbd2a37aba78002161","sha256":"963e82aefa0b7c5a9edfa86e8b33a5117618fe043a22e8aafe0fb4404581994e"},"dob":{"date":"1994-04-06T16:29:47.188Z","age":29},"registered":{"date":"2014-02-07T02:03:21.246Z","age":10},"phone":"03-9143-5767","cell":"0453-974-682","id":{"name":"TFN","value":"003144993"},"picture":{"large":"https://randomuser.me/api/portraits/men/66.jpg","medium":"https://randomuser.me/api/portraits/med/men/66.jpg","thumbnail":"https://randomuser.me/api/portraits/thumb/men/66.jpg"},"nat":"AU"}],"info":{"seed":"ad23e079cde28c9a","results":1,"page":1,"version":"1.4"}} 
 </msg>
<msg time="2024-03-21T00:59:55.561497" level="INFO">/opt/hostedtoolcache/Python/3.12.2/x64/lib/python3.12/site-packages/urllib3/connectionpool.py:1103: InsecureRequestWarning: Unverified HTTPS request is being made to host 'randomuser.me'. Adding certificate verification is strongly advised. See: https://urllib3.readthedocs.io/en/latest/advanced-usage.html#tls-warnings
  warnings.warn(</msg>
<msg time="2024-03-21T00:59:55.561636" level="INFO">${response} = &lt;Response [200]&gt;</msg>
<var>${response}</var>
<arg>consultarAPI</arg>
<arg>/api</arg>
<doc>Sends a GET request on a previously created HTTP Session.</doc>
<status status="PASS" start="2024-03-21T00:59:55.466427" elapsed="0.095263"/>
</kw>
<kw name="Set Variable" owner="BuiltIn">
<msg time="2024-03-21T00:59:55.562551" level="INFO">${json_data} = {'results': [{'gender': 'male', 'name': {'title': 'Mr', 'first': 'James', 'last': 'May'}, 'location': {'street': {'number': 5305, 'name': 'Locust Rd'}, 'city': 'Coffs Harbour', 'state': 'Queensland', ...</msg>
<var>${json_data}</var>
<arg>${response.json()}</arg>
<doc>Returns the given values which can then be assigned to a variables.</doc>
<status status="PASS" start="2024-03-21T00:59:55.562044" elapsed="0.000537"/>
</kw>
<kw name="Log" owner="BuiltIn">
<msg time="2024-03-21T00:59:55.563047" level="INFO">{'results': [{'gender': 'male', 'name': {'title': 'Mr', 'first': 'James', 'last': 'May'}, 'location': {'street': {'number': 5305, 'name': 'Locust Rd'}, 'city': 'Coffs Harbour', 'state': 'Queensland', 'country': 'Australia', 'postcode': 8200, 'coordinates': {'latitude': '-85.0577', 'longitude': '-51.5716'}, 'timezone': {'offset': '+8:00', 'description': 'Beijing, Perth, Singapore, Hong Kong'}}, 'email': 'james.may@example.com', 'login': {'uuid': '79d87461-fd3c-435b-93c4-4d9a6e2758ca', 'username': 'smallelephant356', 'password': 'classic', 'salt': '0ZnUnwQu', 'md5': '375daadee3ad7ed4f62cebda98885f42', 'sha1': 'ee25dd998532a6e4d4d8bbbbd2a37aba78002161', 'sha256': '963e82aefa0b7c5a9edfa86e8b33a5117618fe043a22e8aafe0fb4404581994e'}, 'dob': {'date': '1994-04-06T16:29:47.188Z', 'age': 29}, 'registered': {'date': '2014-02-07T02:03:21.246Z', 'age': 10}, 'phone': '03-9143-5767', 'cell': '0453-974-682', 'id': {'name': 'TFN', 'value': '003144993'}, 'picture': {'large': 'https://randomuser.me/api/portraits/men/66.jpg', 'medium': 'https://randomuser.me/api/portraits/med/men/66.jpg', 'thumbnail': 'https://randomuser.me/api/portraits/thumb/men/66.jpg'}, 'nat': 'AU'}], 'info': {'seed': 'ad23e079cde28c9a', 'results': 1, 'page': 1, 'version': '1.4'}}</msg>
<arg>${json_data}</arg>
<doc>Logs the given message with the given level.</doc>
<status status="PASS" start="2024-03-21T00:59:55.562890" elapsed="0.000205"/>
</kw>
<kw name="Dictionary Should Contain Key" owner="Collections">
<msg time="2024-03-21T00:59:55.563542" level="INFO">False</msg>
<arg>${json_data}</arg>
<arg>results</arg>
<doc>Fails if ``key`` is not found from ``dictionary``.</doc>
<status status="PASS" start="2024-03-21T00:59:55.563387" elapsed="0.000193"/>
</kw>
<kw name="Should Not Be Empty" owner="BuiltIn">
<msg time="2024-03-21T00:59:55.564003" level="INFO">Length is 2.</msg>
<arg>${json_data}</arg>
<doc>Verifies that the given item is not empty.</doc>
<status status="PASS" start="2024-03-21T00:59:55.563872" elapsed="0.000170"/>
</kw>
<kw name="Create List" owner="BuiltIn">
<msg time="2024-03-21T00:59:55.564476" level="INFO">${expected_keys} = ['gender', 'name', 'location', 'email', 'login']</msg>
<var>${expected_keys}</var>
<arg>gender</arg>
<arg>name</arg>
<arg>location</arg>
<arg>email</arg>
<arg>login</arg>
<doc>Returns a list containing given items.</doc>
<status status="PASS" start="2024-03-21T00:59:55.564327" elapsed="0.000173"/>
</kw>
<for flavor="IN">
<iter>
<kw name="Dictionary Should Contain Key" owner="Collections">
<msg time="2024-03-21T00:59:55.565458" level="INFO">False</msg>
<arg>${json_data['results'][0]}</arg>
<arg>${key}</arg>
<doc>Fails if ``key`` is not found from ``dictionary``.</doc>
<status status="PASS" start="2024-03-21T00:59:55.565059" elapsed="0.000440"/>
</kw>
<kw name="Log" owner="BuiltIn">
<msg time="2024-03-21T00:59:55.566166" level="INFO">{'gender': 'male', 'name': {'title': 'Mr', 'first': 'James', 'last': 'May'}, 'location': {'street': {'number': 5305, 'name': 'Locust Rd'}, 'city': 'Coffs Harbour', 'state': 'Queensland', 'country': 'Australia', 'postcode': 8200, 'coordinates': {'latitude': '-85.0577', 'longitude': '-51.5716'}, 'timezone': {'offset': '+8:00', 'description': 'Beijing, Perth, Singapore, Hong Kong'}}, 'email': 'james.may@example.com', 'login': {'uuid': '79d87461-fd3c-435b-93c4-4d9a6e2758ca', 'username': 'smallelephant356', 'password': 'classic', 'salt': '0ZnUnwQu', 'md5': '375daadee3ad7ed4f62cebda98885f42', 'sha1': 'ee25dd998532a6e4d4d8bbbbd2a37aba78002161', 'sha256': '963e82aefa0b7c5a9edfa86e8b33a5117618fe043a22e8aafe0fb4404581994e'}, 'dob': {'date': '1994-04-06T16:29:47.188Z', 'age': 29}, 'registered': {'date': '2014-02-07T02:03:21.246Z', 'age': 10}, 'phone': '03-9143-5767', 'cell': '0453-974-682', 'id': {'name': 'TFN', 'value': '003144993'}, 'picture': {'large': 'https://randomuser.me/api/portraits/men/66.jpg', 'medium': 'https://randomuser.me/api/portraits/med/men/66.jpg', 'thumbnail': 'https://randomuser.me/api/portraits/thumb/men/66.jpg'}, 'nat': 'AU'}</msg>
<arg>${json_data['results'][0]}</arg>
<doc>Logs the given message with the given level.</doc>
<status status="PASS" start="2024-03-21T00:59:55.565799" elapsed="0.000416"/>
</kw>
<kw name="Log" owner="BuiltIn">
<msg time="2024-03-21T00:59:55.566683" level="INFO">gender</msg>
<arg>${key}</arg>
<doc>Logs the given message with the given level.</doc>
<status status="PASS" start="2024-03-21T00:59:55.566552" elapsed="0.000171"/>
</kw>
<var name="${key}">gender</var>
<status status="PASS" start="2024-03-21T00:59:55.564943" elapsed="0.001998"/>
</iter>
<iter>
<kw name="Dictionary Should Contain Key" owner="Collections">
<msg time="2024-03-21T00:59:55.567622" level="INFO">False</msg>
<arg>${json_data['results'][0]}</arg>
<arg>${key}</arg>
<doc>Fails if ``key`` is not found from ``dictionary``.</doc>
<status status="PASS" start="2024-03-21T00:59:55.567235" elapsed="0.000426"/>
</kw>
<kw name="Log" owner="BuiltIn">
<msg time="2024-03-21T00:59:55.568338" level="INFO">{'gender': 'male', 'name': {'title': 'Mr', 'first': 'James', 'last': 'May'}, 'location': {'street': {'number': 5305, 'name': 'Locust Rd'}, 'city': 'Coffs Harbour', 'state': 'Queensland', 'country': 'Australia', 'postcode': 8200, 'coordinates': {'latitude': '-85.0577', 'longitude': '-51.5716'}, 'timezone': {'offset': '+8:00', 'description': 'Beijing, Perth, Singapore, Hong Kong'}}, 'email': 'james.may@example.com', 'login': {'uuid': '79d87461-fd3c-435b-93c4-4d9a6e2758ca', 'username': 'smallelephant356', 'password': 'classic', 'salt': '0ZnUnwQu', 'md5': '375daadee3ad7ed4f62cebda98885f42', 'sha1': 'ee25dd998532a6e4d4d8bbbbd2a37aba78002161', 'sha256': '963e82aefa0b7c5a9edfa86e8b33a5117618fe043a22e8aafe0fb4404581994e'}, 'dob': {'date': '1994-04-06T16:29:47.188Z', 'age': 29}, 'registered': {'date': '2014-02-07T02:03:21.246Z', 'age': 10}, 'phone': '03-9143-5767', 'cell': '0453-974-682', 'id': {'name': 'TFN', 'value': '003144993'}, 'picture': {'large': 'https://randomuser.me/api/portraits/men/66.jpg', 'medium': 'https://randomuser.me/api/portraits/med/men/66.jpg', 'thumbnail': 'https://randomuser.me/api/portraits/thumb/men/66.jpg'}, 'nat': 'AU'}</msg>
<arg>${json_data['results'][0]}</arg>
<doc>Logs the given message with the given level.</doc>
<status status="PASS" start="2024-03-21T00:59:55.567979" elapsed="0.000407"/>
</kw>
<kw name="Log" owner="BuiltIn">
<msg time="2024-03-21T00:59:55.568807" level="INFO">name</msg>
<arg>${key}</arg>
<doc>Logs the given message with the given level.</doc>
<status status="PASS" start="2024-03-21T00:59:55.568679" elapsed="0.000166"/>
</kw>
<var name="${key}">name</var>
<status status="PASS" start="2024-03-21T00:59:55.567130" elapsed="0.001939"/>
</iter>
<iter>
<kw name="Dictionary Should Contain Key" owner="Collections">
<msg time="2024-03-21T00:59:55.569735" level="INFO">False</msg>
<arg>${json_data['results'][0]}</arg>
<arg>${key}</arg>
<doc>Fails if ``key`` is not found from ``dictionary``.</doc>
<status status="PASS" start="2024-03-21T00:59:55.569359" elapsed="0.000524"/>
</kw>
<kw name="Log" owner="BuiltIn">
<msg time="2024-03-21T00:59:55.570584" level="INFO">{'gender': 'male', 'name': {'title': 'Mr', 'first': 'James', 'last': 'May'}, 'location': {'street': {'number': 5305, 'name': 'Locust Rd'}, 'city': 'Coffs Harbour', 'state': 'Queensland', 'country': 'Australia', 'postcode': 8200, 'coordinates': {'latitude': '-85.0577', 'longitude': '-51.5716'}, 'timezone': {'offset': '+8:00', 'description': 'Beijing, Perth, Singapore, Hong Kong'}}, 'email': 'james.may@example.com', 'login': {'uuid': '79d87461-fd3c-435b-93c4-4d9a6e2758ca', 'username': 'smallelephant356', 'password': 'classic', 'salt': '0ZnUnwQu', 'md5': '375daadee3ad7ed4f62cebda98885f42', 'sha1': 'ee25dd998532a6e4d4d8bbbbd2a37aba78002161', 'sha256': '963e82aefa0b7c5a9edfa86e8b33a5117618fe043a22e8aafe0fb4404581994e'}, 'dob': {'date': '1994-04-06T16:29:47.188Z', 'age': 29}, 'registered': {'date': '2014-02-07T02:03:21.246Z', 'age': 10}, 'phone': '03-9143-5767', 'cell': '0453-974-682', 'id': {'name': 'TFN', 'value': '003144993'}, 'picture': {'large': 'https://randomuser.me/api/portraits/men/66.jpg', 'medium': 'https://randomuser.me/api/portraits/med/men/66.jpg', 'thumbnail': 'https://randomuser.me/api/portraits/thumb/men/66.jpg'}, 'nat': 'AU'}</msg>
<arg>${json_data['results'][0]}</arg>
<doc>Logs the given message with the given level.</doc>
<status status="PASS" start="2024-03-21T00:59:55.570179" elapsed="0.000454"/>
</kw>
<kw name="Log" owner="BuiltIn">
<msg time="2024-03-21T00:59:55.571064" level="INFO">location</msg>
<arg>${key}</arg>
<doc>Logs the given message with the given level.</doc>
<status status="PASS" start="2024-03-21T00:59:55.570932" elapsed="0.000170"/>
</kw>
<var name="${key}">location</var>
<status status="PASS" start="2024-03-21T00:59:55.569251" elapsed="0.002067"/>
</iter>
<iter>
<kw name="Dictionary Should Contain Key" owner="Collections">
<msg time="2024-03-21T00:59:55.571981" level="INFO">False</msg>
<arg>${json_data['results'][0]}</arg>
<arg>${key}</arg>
<doc>Fails if ``key`` is not found from ``dictionary``.</doc>
<status status="PASS" start="2024-03-21T00:59:55.571600" elapsed="0.000418"/>
</kw>
<kw name="Log" owner="BuiltIn">
<msg time="2024-03-21T00:59:55.572662" level="INFO">{'gender': 'male', 'name': {'title': 'Mr', 'first': 'James', 'last': 'May'}, 'location': {'street': {'number': 5305, 'name': 'Locust Rd'}, 'city': 'Coffs Harbour', 'state': 'Queensland', 'country': 'Australia', 'postcode': 8200, 'coordinates': {'latitude': '-85.0577', 'longitude': '-51.5716'}, 'timezone': {'offset': '+8:00', 'description': 'Beijing, Perth, Singapore, Hong Kong'}}, 'email': 'james.may@example.com', 'login': {'uuid': '79d87461-fd3c-435b-93c4-4d9a6e2758ca', 'username': 'smallelephant356', 'password': 'classic', 'salt': '0ZnUnwQu', 'md5': '375daadee3ad7ed4f62cebda98885f42', 'sha1': 'ee25dd998532a6e4d4d8bbbbd2a37aba78002161', 'sha256': '963e82aefa0b7c5a9edfa86e8b33a5117618fe043a22e8aafe0fb4404581994e'}, 'dob': {'date': '1994-04-06T16:29:47.188Z', 'age': 29}, 'registered': {'date': '2014-02-07T02:03:21.246Z', 'age': 10}, 'phone': '03-9143-5767', 'cell': '0453-974-682', 'id': {'name': 'TFN', 'value': '003144993'}, 'picture': {'large': 'https://randomuser.me/api/portraits/men/66.jpg', 'medium': 'https://randomuser.me/api/portraits/med/men/66.jpg', 'thumbnail': 'https://randomuser.me/api/portraits/thumb/men/66.jpg'}, 'nat': 'AU'}</msg>
<arg>${json_data['results'][0]}</arg>
<doc>Logs the given message with the given level.</doc>
<status status="PASS" start="2024-03-21T00:59:55.572309" elapsed="0.000400"/>
</kw>
<kw name="Log" owner="BuiltIn">
<msg time="2024-03-21T00:59:55.573123" level="INFO">email</msg>
<arg>${key}</arg>
<doc>Logs the given message with the given level.</doc>
<status status="PASS" start="2024-03-21T00:59:55.572996" elapsed="0.000165"/>
</kw>
<var name="${key}">email</var>
<status status="PASS" start="2024-03-21T00:59:55.571497" elapsed="0.001880"/>
</iter>
<iter>
<kw name="Dictionary Should Contain Key" owner="Collections">
<msg time="2024-03-21T00:59:55.574042" level="INFO">False</msg>
<arg>${json_data['results'][0]}</arg>
<arg>${key}</arg>
<doc>Fails if ``key`` is not found from ``dictionary``.</doc>
<status status="PASS" start="2024-03-21T00:59:55.573655" elapsed="0.000425"/>
</kw>
<kw name="Log" owner="BuiltIn">
<msg time="2024-03-21T00:59:55.574768" level="INFO">{'gender': 'male', 'name': {'title': 'Mr', 'first': 'James', 'last': 'May'}, 'location': {'street': {'number': 5305, 'name': 'Locust Rd'}, 'city': 'Coffs Harbour', 'state': 'Queensland', 'country': 'Australia', 'postcode': 8200, 'coordinates': {'latitude': '-85.0577', 'longitude': '-51.5716'}, 'timezone': {'offset': '+8:00', 'description': 'Beijing, Perth, Singapore, Hong Kong'}}, 'email': 'james.may@example.com', 'login': {'uuid': '79d87461-fd3c-435b-93c4-4d9a6e2758ca', 'username': 'smallelephant356', 'password': 'classic', 'salt': '0ZnUnwQu', 'md5': '375daadee3ad7ed4f62cebda98885f42', 'sha1': 'ee25dd998532a6e4d4d8bbbbd2a37aba78002161', 'sha256': '963e82aefa0b7c5a9edfa86e8b33a5117618fe043a22e8aafe0fb4404581994e'}, 'dob': {'date': '1994-04-06T16:29:47.188Z', 'age': 29}, 'registered': {'date': '2014-02-07T02:03:21.246Z', 'age': 10}, 'phone': '03-9143-5767', 'cell': '0453-974-682', 'id': {'name': 'TFN', 'value': '003144993'}, 'picture': {'large': 'https://randomuser.me/api/portraits/men/66.jpg', 'medium': 'https://randomuser.me/api/portraits/med/men/66.jpg', 'thumbnail': 'https://randomuser.me/api/portraits/thumb/men/66.jpg'}, 'nat': 'AU'}</msg>
<arg>${json_data['results'][0]}</arg>
<doc>Logs the given message with the given level.</doc>
<status status="PASS" start="2024-03-21T00:59:55.574395" elapsed="0.000420"/>
</kw>
<kw name="Log" owner="BuiltIn">
<msg time="2024-03-21T00:59:55.575237" level="INFO">login</msg>
<arg>${key}</arg>
<doc>Logs the given message with the given level.</doc>
<status status="PASS" start="2024-03-21T00:59:55.575108" elapsed="0.000168"/>
</kw>
<var name="${key}">login</var>
<status status="PASS" start="2024-03-21T00:59:55.573553" elapsed="0.001964"/>
</iter>
<var>${key}</var>
<value>@{expected_keys}</value>
<status status="PASS" start="2024-03-21T00:59:55.564757" elapsed="0.010886"/>
</for>
<kw name="Create List" owner="BuiltIn">
<msg time="2024-03-21T00:59:55.575966" level="INFO">${expected_keysTwo} = ['username', 'password']</msg>
<var>${expected_keysTwo}</var>
<arg>username</arg>
<arg>password</arg>
<doc>Returns a list containing given items.</doc>
<status status="PASS" start="2024-03-21T00:59:55.575829" elapsed="0.000160"/>
</kw>
<for flavor="IN">
<iter>
<kw name="Dictionary Should Contain Key" owner="Collections">
<msg time="2024-03-21T00:59:55.576863" level="INFO">False</msg>
<arg>${json_data['results'][0]['login']}</arg>
<arg>${keyTwo}</arg>
<doc>Fails if ``key`` is not found from ``dictionary``.</doc>
<status status="PASS" start="2024-03-21T00:59:55.576481" elapsed="0.000420"/>
</kw>
<kw name="Dictionary Should Contain Key" owner="Collections">
<msg time="2024-03-21T00:59:55.577565" level="INFO">False</msg>
<arg>${json_data['results'][0]['login']}</arg>
<arg>${keyTwo}</arg>
<doc>Fails if ``key`` is not found from ``dictionary``.</doc>
<status status="PASS" start="2024-03-21T00:59:55.577193" elapsed="0.000410"/>
</kw>
<kw name="Log" owner="BuiltIn">
<msg time="2024-03-21T00:59:55.578013" level="INFO">username</msg>
<arg>${keyTwo}</arg>
<doc>Logs the given message with the given level.</doc>
<status status="PASS" start="2024-03-21T00:59:55.577886" elapsed="0.000166"/>
</kw>
<var name="${keyTwo}">username</var>
<status status="PASS" start="2024-03-21T00:59:55.576380" elapsed="0.001891"/>
</iter>
<iter>
<kw name="Dictionary Should Contain Key" owner="Collections">
<msg time="2024-03-21T00:59:55.578962" level="INFO">False</msg>
<arg>${json_data['results'][0]['login']}</arg>
<arg>${keyTwo}</arg>
<doc>Fails if ``key`` is not found from ``dictionary``.</doc>
<status status="PASS" start="2024-03-21T00:59:55.578578" elapsed="0.000423"/>
</kw>
<kw name="Dictionary Should Contain Key" owner="Collections">
<msg time="2024-03-21T00:59:55.579666" level="INFO">False</msg>
<arg>${json_data['results'][0]['login']}</arg>
<arg>${keyTwo}</arg>
<doc>Fails if ``key`` is not found from ``dictionary``.</doc>
<status status="PASS" start="2024-03-21T00:59:55.579290" elapsed="0.000414"/>
</kw>
<kw name="Log" owner="BuiltIn">
<msg time="2024-03-21T00:59:55.580112" level="INFO">password</msg>
<arg>${keyTwo}</arg>
<doc>Logs the given message with the given level.</doc>
<status status="PASS" start="2024-03-21T00:59:55.579987" elapsed="0.000163"/>
</kw>
<var name="${keyTwo}">password</var>
<status status="PASS" start="2024-03-21T00:59:55.578477" elapsed="0.001888"/>
</iter>
<var>${keyTwo}</var>
<value>@{expected_keysTwo}</value>
<status status="PASS" start="2024-03-21T00:59:55.576227" elapsed="0.004261"/>
</for>
<status status="PASS" start="2024-03-21T00:59:55.466170" elapsed="0.114460"/>
</kw>
<doc>Testa a estrutura da resposta da API.</doc>
<tag>testeEstruturaResposta</tag>
<status status="PASS" start="2024-03-21T00:59:55.465609" elapsed="0.115176"/>
</test>
<test id="s1-s1-t4" name="Validar tipos de dados" line="39">
<kw name="Teste de Tipos de Dados">
<kw name="GET On Session" owner="RequestsLibrary">
<msg time="2024-03-21T00:59:55.668822" level="INFO">GET Request : url=https://randomuser.me/api 
 path_url=/api 
 headers={'User-Agent': 'python-requests/2.31.0', 'Accept-Encoding': 'gzip, deflate', 'Accept': '*/*', 'Connection': 'keep-alive'} 
 body=None 
 </msg>
<msg time="2024-03-21T00:59:55.668906" level="INFO">GET Response : url=https://randomuser.me/api 
 status=200, reason=OK 
 headers={'Date': 'Thu, 21 Mar 2024 00:59:55 GMT', 'Content-Type': 'application/json; charset=utf-8', 'Transfer-Encoding': 'chunked', 'Connection': 'keep-alive', 'X-Powered-By': 'Express', 'Access-Control-Allow-Origin': '*', 'Cache-Control': 'no-cache', 'ETag': 'W/"471-ZuCdGtXoQO+ZDiMDwhawcAskSbQ"', 'Vary': 'Accept-Encoding', 'Content-Encoding': 'gzip', 'CF-Cache-Status': 'DYNAMIC', 'Report-To': '{"endpoints":[{"url":"https:\\/\\/a.nel.cloudflare.com\\/report\\/v4?s=6AjYCKU1N9%2Bfpmu6gsoXD3oVLYGBzI%2BrSiK2%2Bl%2B0c5brpClIChJsa7kPjJC9XiBPe41EzIwJjvPo1uB%2FVTLILfHNuibZwuq%2BCfXLso7Wz8gqqz6G4Jf9p1ApFifmA2b1"}],"group":"cf-nel","max_age":604800}', 'NEL': '{"success_fraction":0,"report_to":"cf-nel","max_age":604800}', 'Server': 'cloudflare', 'CF-RAY': '867a00886e1738ac-IAD', 'alt-svc': 'h3=":443"; ma=86400'} 
 body={"results":[{"gender":"female","name":{"title":"Miss","first":"Sheryl","last":"Little"},"location":{"street":{"number":4387,"name":"Dame Street"},"city":"Blessington","state":"Cork","country":"Ireland","postcode":96620,"coordinates":{"latitude":"2.4043","longitude":"115.0536"},"timezone":{"offset":"+5:45","description":"Kathmandu"}},"email":"sheryl.little@example.com","login":{"uuid":"d82c7211-f227-48d3-b108-38df4a33d1c9","username":"lazydog556","password":"143143","salt":"jiDGYmQh","md5":"b70760f4351e401c849c3d9d936bec34","sha1":"1222e4c5806c1c9bf404aef62f5e85671a3136ff","sha256":"88002dd626f4da0192125e27d7770fb5359dadcb3f15bda4b64dd7a2575e1f72"},"dob":{"date":"1994-04-09T18:36:31.718Z","age":29},"registered":{"date":"2022-05-10T03:39:37.031Z","age":1},"phone":"051-128-0752","cell":"081-454-7903","id":{"name":"PPS","value":"8246099T"},"picture":{"large":"https://randomuser.me/api/portraits/women/26.jpg","medium":"https://randomuser.me/api/portraits/med/women/26.jpg","thumbnail":"https://randomuser.me/api/portraits/thumb/women/26.jpg"},"nat":"IE"}],"info":{"seed":"075225ff92244857","results":1,"page":1,"version":"1.4"}} 
 </msg>
<msg time="2024-03-21T00:59:55.668968" level="INFO">/opt/hostedtoolcache/Python/3.12.2/x64/lib/python3.12/site-packages/urllib3/connectionpool.py:1103: InsecureRequestWarning: Unverified HTTPS request is being made to host 'randomuser.me'. Adding certificate verification is strongly advised. See: https://urllib3.readthedocs.io/en/latest/advanced-usage.html#tls-warnings
  warnings.warn(</msg>
<msg time="2024-03-21T00:59:55.669094" level="INFO">${response} = &lt;Response [200]&gt;</msg>
<var>${response}</var>
<arg>consultarAPI</arg>
<arg>/api</arg>
<doc>Sends a GET request on a previously created HTTP Session.</doc>
<status status="PASS" start="2024-03-21T00:59:55.583187" elapsed="0.085947"/>
</kw>
<kw name="Set Variable" owner="BuiltIn">
<msg time="2024-03-21T00:59:55.670118" level="INFO">${json_data} = {'results': [{'gender': 'female', 'name': {'title': 'Miss', 'first': 'Sheryl', 'last': 'Little'}, 'location': {'street': {'number': 4387, 'name': 'Dame Street'}, 'city': 'Blessington', 'state': 'Cork'...</msg>
<var>${json_data}</var>
<arg>${response.json()}</arg>
<doc>Returns the given values which can then be assigned to a variables.</doc>
<status status="PASS" start="2024-03-21T00:59:55.669587" elapsed="0.000563"/>
</kw>
<kw name="Log" owner="BuiltIn">
<msg time="2024-03-21T00:59:55.670694" level="INFO">{'results': [{'gender': 'female', 'name': {'title': 'Miss', 'first': 'Sheryl', 'last': 'Little'}, 'location': {'street': {'number': 4387, 'name': 'Dame Street'}, 'city': 'Blessington', 'state': 'Cork', 'country': 'Ireland', 'postcode': 96620, 'coordinates': {'latitude': '2.4043', 'longitude': '115.0536'}, 'timezone': {'offset': '+5:45', 'description': 'Kathmandu'}}, 'email': 'sheryl.little@example.com', 'login': {'uuid': 'd82c7211-f227-48d3-b108-38df4a33d1c9', 'username': 'lazydog556', 'password': '143143', 'salt': 'jiDGYmQh', 'md5': 'b70760f4351e401c849c3d9d936bec34', 'sha1': '1222e4c5806c1c9bf404aef62f5e85671a3136ff', 'sha256': '88002dd626f4da0192125e27d7770fb5359dadcb3f15bda4b64dd7a2575e1f72'}, 'dob': {'date': '1994-04-09T18:36:31.718Z', 'age': 29}, 'registered': {'date': '2022-05-10T03:39:37.031Z', 'age': 1}, 'phone': '051-128-0752', 'cell': '081-454-7903', 'id': {'name': 'PPS', 'value': '8246099T'}, 'picture': {'large': 'https://randomuser.me/api/portraits/women/26.jpg', 'medium': 'https://randomuser.me/api/portraits/med/women/26.jpg', 'thumbnail': 'https://randomuser.me/api/portraits/thumb/women/26.jpg'}, 'nat': 'IE'}], 'info': {'seed': '075225ff92244857', 'results': 1, 'page': 1, 'version': '1.4'}}</msg>
<arg>${json_data}</arg>
<doc>Logs the given message with the given level.</doc>
<status status="PASS" start="2024-03-21T00:59:55.670530" elapsed="0.000249"/>
</kw>
<kw name="Should Be String" owner="String">
<arg>${json_data['results'][0]['gender']}</arg>
<doc>Fails if the given ``item`` is not a string.</doc>
<status status="PASS" start="2024-03-21T00:59:55.671102" elapsed="0.000398"/>
</kw>
<kw name="Should Match Regexp" owner="BuiltIn">
<arg>${json_data['results'][0]['email']}</arg>
<arg>^[a-zA-Z0-9._%+-]+@[a-zA-Z0-9.-]+\.[a-zA-Z]{2,}$</arg>
<doc>Fails if ``string`` does not match ``pattern`` as a regular expression.</doc>
<status status="PASS" start="2024-03-21T00:59:55.671717" elapsed="0.000708"/>
</kw>
<kw name="Should Match Regexp" owner="BuiltIn">
<arg>${json_data['results'][0]['dob']['date']}</arg>
<arg>\\d{4}-\\d{2}-\\d{2}T\\d{2}:\\d{2}:\\d{2}\\.\\d{3}Z</arg>
<doc>Fails if ``string`` does not match ``pattern`` as a regular expression.</doc>
<status status="PASS" start="2024-03-21T00:59:55.672625" elapsed="0.000537"/>
</kw>
<kw name="Should Match Regexp" owner="BuiltIn">
<arg>${json_data['results'][0]['registered']['date']}</arg>
<arg>\\d{4}-\\d{2}-\\d{2}T\\d{2}:\\d{2}:\\d{2}\\.\\d{3}Z</arg>
<doc>Fails if ``string`` does not match ``pattern`` as a regular expression.</doc>
<status status="PASS" start="2024-03-21T00:59:55.673354" elapsed="0.000400"/>
</kw>
<kw name="Should Match Regexp" owner="BuiltIn">
<arg>${json_data['results'][0]['picture']['large']}</arg>
<arg>^https?://.*\.(?:png|jpe?g|gif|bmp)$</arg>
<doc>Fails if ``string`` does not match ``pattern`` as a regular expression.</doc>
<status status="PASS" start="2024-03-21T00:59:55.673964" elapsed="0.000526"/>
</kw>
<kw name="Should Match Regexp" owner="BuiltIn">
<arg>${json_data['results'][0]['picture']['medium']}</arg>
<arg>^https?://.*\.(?:png|jpe?g|gif|bmp)$</arg>
<doc>Fails if ``string`` does not match ``pattern`` as a regular expression.</doc>
<status status="PASS" start="2024-03-21T00:59:55.674701" elapsed="0.000384"/>
</kw>
<kw name="Should Match Regexp" owner="BuiltIn">
<arg>${json_data['results'][0]['picture']['thumbnail']}</arg>
<arg>^https?://.*\.(?:png|jpe?g|gif|bmp)$</arg>
<doc>Fails if ``string`` does not match ``pattern`` as a regular expression.</doc>
<status status="PASS" start="2024-03-21T00:59:55.675271" elapsed="0.000377"/>
</kw>
<kw name="Log" owner="BuiltIn">
<msg time="2024-03-21T00:59:55.676212" level="INFO">{'large': 'https://randomuser.me/api/portraits/women/26.jpg', 'medium': 'https://randomuser.me/api/portraits/med/women/26.jpg', 'thumbnail': 'https://randomuser.me/api/portraits/thumb/women/26.jpg'}</msg>
<arg>${json_data['results'][0]['picture']}</arg>
<doc>Logs the given message with the given level.</doc>
<status status="PASS" start="2024-03-21T00:59:55.675853" elapsed="0.000403"/>
</kw>
<status status="PASS" start="2024-03-21T00:59:55.582974" elapsed="0.093562"/>
</kw>
<kw name="Teste de Tipos de Dados - Postcode">
<kw name="GET On Session" owner="RequestsLibrary">
<msg time="2024-03-21T00:59:55.764956" level="INFO">GET Request : url=https://randomuser.me/api 
 path_url=/api 
 headers={'User-Agent': 'python-requests/2.31.0', 'Accept-Encoding': 'gzip, deflate', 'Accept': '*/*', 'Connection': 'keep-alive'} 
 body=None 
 </msg>
<msg time="2024-03-21T00:59:55.765025" level="INFO">GET Response : url=https://randomuser.me/api 
 status=200, reason=OK 
 headers={'Date': 'Thu, 21 Mar 2024 00:59:55 GMT', 'Content-Type': 'application/json; charset=utf-8', 'Transfer-Encoding': 'chunked', 'Connection': 'keep-alive', 'X-Powered-By': 'Express', 'Access-Control-Allow-Origin': '*', 'Cache-Control': 'no-cache', 'ETag': 'W/"477-8RTIJ8a4wC2ykUKtrnBH1smBk/w"', 'Vary': 'Accept-Encoding', 'Content-Encoding': 'gzip', 'CF-Cache-Status': 'DYNAMIC', 'Report-To': '{"endpoints":[{"url":"https:\\/\\/a.nel.cloudflare.com\\/report\\/v4?s=TLcTYSY%2FEWldS6my7oxzFjWjUG664iWmB4ROBRzOpuHqRMdnCmrulo5U9Mvt6lC6ojl0Z1YFMO5irwnwiHB4WVXXyh%2BTUE6cWTUut5NBkzgDI73TicrwgZU7ixMKI0Bo"}],"group":"cf-nel","max_age":604800}', 'NEL': '{"success_fraction":0,"report_to":"cf-nel","max_age":604800}', 'Server': 'cloudflare', 'CF-RAY': '867a00890eb138ac-IAD', 'alt-svc': 'h3=":443"; ma=86400'} 
 body={"results":[{"gender":"male","name":{"title":"Mr","first":"Josep","last":"Fuentes"},"location":{"street":{"number":2002,"name":"Calle de La Luna"},"city":"Barcelona","state":"Castilla y León","country":"Spain","postcode":13585,"coordinates":{"latitude":"-32.6296","longitude":"-82.4473"},"timezone":{"offset":"+3:30","description":"Tehran"}},"email":"josep.fuentes@example.com","login":{"uuid":"a4938150-d8ab-4657-9660-2b3dfcb414d7","username":"happybear217","password":"higgins","salt":"1INSyuDu","md5":"58d35737663c336cc55ce8d989d1a7eb","sha1":"1d7733e4968ebfe118311599b8daa299288bba79","sha256":"a393d408d05e5d09a1c72500071d5eec91de47af752558b970c27ddcd7f7f899"},"dob":{"date":"1986-02-16T16:28:52.783Z","age":38},"registered":{"date":"2006-10-22T13:37:07.414Z","age":17},"phone":"997-721-284","cell":"623-622-763","id":{"name":"DNI","value":"75348374-J"},"picture":{"large":"https://randomuser.me/api/portraits/men/84.jpg","medium":"https://randomuser.me/api/portraits/med/men/84.jpg","thumbnail":"https://randomuser.me/api/portraits/thumb/men/84.jpg"},"nat":"ES"}],"info":{"seed":"9ed3926034a29d9e","results":1,"page":1,"version":"1.4"}} 
 </msg>
<msg time="2024-03-21T00:59:55.765085" level="INFO">/opt/hostedtoolcache/Python/3.12.2/x64/lib/python3.12/site-packages/urllib3/connectionpool.py:1103: InsecureRequestWarning: Unverified HTTPS request is being made to host 'randomuser.me'. Adding certificate verification is strongly advised. See: https://urllib3.readthedocs.io/en/latest/advanced-usage.html#tls-warnings
  warnings.warn(</msg>
<msg time="2024-03-21T00:59:55.765199" level="INFO">${response} = &lt;Response [200]&gt;</msg>
<var>${response}</var>
<arg>consultarAPI</arg>
<arg>/api</arg>
<doc>Sends a GET request on a previously created HTTP Session.</doc>
<status status="PASS" start="2024-03-21T00:59:55.677030" elapsed="0.088206"/>
</kw>
<kw name="Set Variable" owner="BuiltIn">
<msg time="2024-03-21T00:59:55.766060" level="INFO">${json_data} = {'results': [{'gender': 'male', 'name': {'title': 'Mr', 'first': 'Josep', 'last': 'Fuentes'}, 'location': {'street': {'number': 2002, 'name': 'Calle de La Luna'}, 'city': 'Barcelona', 'state': 'Castil...</msg>
<var>${json_data}</var>
<arg>${response.json()}</arg>
<doc>Returns the given values which can then be assigned to a variables.</doc>
<status status="PASS" start="2024-03-21T00:59:55.765603" elapsed="0.000486"/>
</kw>
<kw name="Log" owner="BuiltIn">
<msg time="2024-03-21T00:59:55.766595" level="INFO">{'results': [{'gender': 'male', 'name': {'title': 'Mr', 'first': 'Josep', 'last': 'Fuentes'}, 'location': {'street': {'number': 2002, 'name': 'Calle de La Luna'}, 'city': 'Barcelona', 'state': 'Castilla y León', 'country': 'Spain', 'postcode': 13585, 'coordinates': {'latitude': '-32.6296', 'longitude': '-82.4473'}, 'timezone': {'offset': '+3:30', 'description': 'Tehran'}}, 'email': 'josep.fuentes@example.com', 'login': {'uuid': 'a4938150-d8ab-4657-9660-2b3dfcb414d7', 'username': 'happybear217', 'password': 'higgins', 'salt': '1INSyuDu', 'md5': '58d35737663c336cc55ce8d989d1a7eb', 'sha1': '1d7733e4968ebfe118311599b8daa299288bba79', 'sha256': 'a393d408d05e5d09a1c72500071d5eec91de47af752558b970c27ddcd7f7f899'}, 'dob': {'date': '1986-02-16T16:28:52.783Z', 'age': 38}, 'registered': {'date': '2006-10-22T13:37:07.414Z', 'age': 17}, 'phone': '997-721-284', 'cell': '623-622-763', 'id': {'name': 'DNI', 'value': '75348374-J'}, 'picture': {'large': 'https://randomuser.me/api/portraits/men/84.jpg', 'medium': 'https://randomuser.me/api/portraits/med/men/84.jpg', 'thumbnail': 'https://randomuser.me/api/portraits/thumb/men/84.jpg'}, 'nat': 'ES'}], 'info': {'seed': '9ed3926034a29d9e', 'results': 1, 'page': 1, 'version': '1.4'}}</msg>
<arg>${json_data}</arg>
<doc>Logs the given message with the given level.</doc>
<status status="PASS" start="2024-03-21T00:59:55.766435" elapsed="0.000242"/>
</kw>
<kw name="Should Be Equal As Numbers" owner="BuiltIn">
<arg>${json_data['results'][0]['location']['postcode']}</arg>
<arg>${json_data['results'][0]['location']['postcode']}</arg>
<doc>Fails if objects are unequal after converting them to real numbers.</doc>
<status status="PASS" start="2024-03-21T00:59:55.766981" elapsed="0.000622"/>
</kw>
<kw name="Log" owner="BuiltIn">
<msg time="2024-03-21T00:59:55.768132" level="INFO">13585</msg>
<arg>${json_data['results'][0]['location']['postcode']}</arg>
<doc>Logs the given message with the given level.</doc>
<status status="PASS" start="2024-03-21T00:59:55.767795" elapsed="0.000379"/>
</kw>
<status status="PASS" start="2024-03-21T00:59:55.676760" elapsed="0.091670"/>
</kw>
<doc>Testa se os tipos de dados na resposta da API estão corretos.</doc>
<tag>testeTiposDados</tag>
<status status="PASS" start="2024-03-21T00:59:55.582531" elapsed="0.186071"/>
</test>
<test id="s1-s1-t5" name="Validar conteudo" line="46">
<kw name="Teste de Tipos de Conteudo">
<kw name="GET On Session" owner="RequestsLibrary">
<msg time="2024-03-21T00:59:55.864862" level="INFO">GET Request : url=https://randomuser.me/api 
 path_url=/api 
 headers={'User-Agent': 'python-requests/2.31.0', 'Accept-Encoding': 'gzip, deflate', 'Accept': '*/*', 'Connection': 'keep-alive'} 
 body=None 
 </msg>
<msg time="2024-03-21T00:59:55.864940" level="INFO">GET Response : url=https://randomuser.me/api 
 status=200, reason=OK 
 headers={'Date': 'Thu, 21 Mar 2024 00:59:55 GMT', 'Content-Type': 'application/json; charset=utf-8', 'Transfer-Encoding': 'chunked', 'Connection': 'keep-alive', 'X-Powered-By': 'Express', 'Access-Control-Allow-Origin': '*', 'Cache-Control': 'no-cache', 'ETag': 'W/"4a5-8TVI9C1zvYM9Qi5As6mZH+jP/YE"', 'Vary': 'Accept-Encoding', 'Content-Encoding': 'gzip', 'CF-Cache-Status': 'DYNAMIC', 'Report-To': '{"endpoints":[{"url":"https:\\/\\/a.nel.cloudflare.com\\/report\\/v4?s=pRS21qsXLWHxh%2Fg0%2FpmEmbXzz6Udw11xBFsFecOAYIUCqmlhxFWITvvomuUW%2BSZ%2B59fp6jbiq%2FnrHa0hkuTqyzHvFh4xvnO1%2FU9aKecWpjaJrFHyIU8ogUsId6RWxd8t"}],"group":"cf-nel","max_age":604800}', 'NEL': '{"success_fraction":0,"report_to":"cf-nel","max_age":604800}', 'Server': 'cloudflare', 'CF-RAY': '867a00899f3638ac-IAD', 'alt-svc': 'h3=":443"; ma=86400'} 
 body={"results":[{"gender":"female","name":{"title":"Ms","first":"Tatum","last":"Altenburg"},"location":{"street":{"number":9017,"name":"Adri Piecklaan"},"city":"Aagtdorp","state":"Flevoland","country":"Netherlands","postcode":"0066 PR","coordinates":{"latitude":"37.2475","longitude":"112.7322"},"timezone":{"offset":"-4:00","description":"Atlantic Time (Canada), Caracas, La Paz"}},"email":"tatum.altenburg@example.com","login":{"uuid":"e0b4e002-297c-427b-94e3-7abde3e19d8c","username":"blueladybug688","password":"trojan","salt":"JDWlEUwq","md5":"ca872515495bf88bd4a82a75546b9006","sha1":"6dc7288dadd9d3173af43a8120061362ed2855c8","sha256":"4184f27740dcd7fbe58627019136e37c368804da4ef16e2cf51c7a9e3cea7838"},"dob":{"date":"1985-03-16T04:56:16.114Z","age":39},"registered":{"date":"2019-08-29T00:00:52.263Z","age":4},"phone":"(0615) 698760","cell":"(06) 01462173","id":{"name":"BSN","value":"82985682"},"picture":{"large":"https://randomuser.me/api/portraits/women/85.jpg","medium":"https://randomuser.me/api/portraits/med/women/85.jpg","thumbnail":"https://randomuser.me/api/portraits/thumb/women/85.jpg"},"nat":"NL"}],"info":{"seed":"21f675d8b037d800","results":1,"page":1,"version":"1.4"}} 
 </msg>
<msg time="2024-03-21T00:59:55.865005" level="INFO">/opt/hostedtoolcache/Python/3.12.2/x64/lib/python3.12/site-packages/urllib3/connectionpool.py:1103: InsecureRequestWarning: Unverified HTTPS request is being made to host 'randomuser.me'. Adding certificate verification is strongly advised. See: https://urllib3.readthedocs.io/en/latest/advanced-usage.html#tls-warnings
  warnings.warn(</msg>
<msg time="2024-03-21T00:59:55.865129" level="INFO">${response} = &lt;Response [200]&gt;</msg>
<var>${response}</var>
<arg>consultarAPI</arg>
<arg>/api</arg>
<doc>Sends a GET request on a previously created HTTP Session.</doc>
<status status="PASS" start="2024-03-21T00:59:55.771130" elapsed="0.094045"/>
</kw>
<kw name="Set Variable" owner="BuiltIn">
<msg time="2024-03-21T00:59:55.865971" level="INFO">${json_data} = {'results': [{'gender': 'female', 'name': {'title': 'Ms', 'first': 'Tatum', 'last': 'Altenburg'}, 'location': {'street': {'number': 9017, 'name': 'Adri Piecklaan'}, 'city': 'Aagtdorp', 'state': 'Flevo...</msg>
<var>${json_data}</var>
<arg>${response.json()}</arg>
<doc>Returns the given values which can then be assigned to a variables.</doc>
<status status="PASS" start="2024-03-21T00:59:55.865537" elapsed="0.000462"/>
</kw>
<kw name="Set Variable" owner="BuiltIn">
<msg time="2024-03-21T00:59:55.866712" level="INFO">${name_title} = Ms</msg>
<var>${name_title}</var>
<arg>${json_data["results"][0]["name"]["title"]}</arg>
<doc>Returns the given values which can then be assigned to a variables.</doc>
<status status="PASS" start="2024-03-21T00:59:55.866323" elapsed="0.000414"/>
</kw>
<kw name="Create List" owner="BuiltIn">
<msg time="2024-03-21T00:59:55.867187" level="INFO">${allowed_titles} = ['Mr', 'Ms', 'Miss', 'Mrs', 'Madame', 'Monsieur']</msg>
<var>${allowed_titles}</var>
<arg>Mr</arg>
<arg>Ms</arg>
<arg>Miss</arg>
<arg>Mrs</arg>
<arg>Madame</arg>
<arg>Monsieur</arg>
<doc>Returns a list containing given items.</doc>
<status status="PASS" start="2024-03-21T00:59:55.867038" elapsed="0.000173"/>
</kw>
<kw name="List Should Contain Value" owner="Collections">
<msg time="2024-03-21T00:59:55.867686" level="INFO">False</msg>
<arg>${allowed_titles}</arg>
<arg>${name_title}</arg>
<doc>Fails if the ``value`` is not found from ``list``.</doc>
<status status="PASS" start="2024-03-21T00:59:55.867517" elapsed="0.000207"/>
</kw>
<kw name="Set Variable" owner="BuiltIn">
<msg time="2024-03-21T00:59:55.868387" level="INFO">${name_country} = NL</msg>
<var>${name_country}</var>
<arg>${json_data["results"][0]["nat"]}</arg>
<doc>Returns the given values which can then be assigned to a variables.</doc>
<status status="PASS" start="2024-03-21T00:59:55.868012" elapsed="0.000400"/>
</kw>
<kw name="Create List" owner="BuiltIn">
<msg time="2024-03-21T00:59:55.869308" level="INFO">${list_country} = ['AD', 'AE', 'AF', 'AG', 'AI', 'AL', 'AM', 'AO', 'AQ', 'AR', 'AS', 'AT', 'AU', 'AW', 'AX', 'AZ', 'BA', 'BB', 'BD', 'BE', 'BF', 'BG', 'BH', 'BI', 'BJ', 'BL', 'BM', 'BN', 'BO', 'BQ', 'BR', 'BS', 'BT', '...</msg>
<var>${list_country}</var>
<arg>AD</arg>
<arg>AE</arg>
<arg>AF</arg>
<arg>AG</arg>
<arg>AI</arg>
<arg>AL</arg>
<arg>AM</arg>
<arg>AO</arg>
<arg>AQ</arg>
<arg>AR</arg>
<arg>AS</arg>
<arg>AT</arg>
<arg>AU</arg>
<arg>AW</arg>
<arg>AX</arg>
<arg>AZ</arg>
<arg>BA</arg>
<arg>BB</arg>
<arg>BD</arg>
<arg>BE</arg>
<arg>BF</arg>
<arg>BG</arg>
<arg>BH</arg>
<arg>BI</arg>
<arg>BJ</arg>
<arg>BL</arg>
<arg>BM</arg>
<arg>BN</arg>
<arg>BO</arg>
<arg>BQ</arg>
<arg>BR</arg>
<arg>BS</arg>
<arg>BT</arg>
<arg>BV</arg>
<arg>BW</arg>
<arg>BY</arg>
<arg>BZ</arg>
<arg>CA</arg>
<arg>CC</arg>
<arg>CD</arg>
<arg>CF</arg>
<arg>CG</arg>
<arg>CH</arg>
<arg>CI</arg>
<arg>CK</arg>
<arg>CL</arg>
<arg>CM</arg>
<arg>CN</arg>
<arg>CO</arg>
<arg>CR</arg>
<arg>CU</arg>
<arg>CV</arg>
<arg>CW</arg>
<arg>CX</arg>
<arg>CY</arg>
<arg>CZ</arg>
<arg>DE</arg>
<arg>DJ</arg>
<arg>DK</arg>
<arg>DM</arg>
<arg>DO</arg>
<arg>DZ</arg>
<arg>EC</arg>
<arg>EE</arg>
<arg>EG</arg>
<arg>EH</arg>
<arg>ER</arg>
<arg>ES</arg>
<arg>ET</arg>
<arg>FI</arg>
<arg>FJ</arg>
<arg>FK</arg>
<arg>FM</arg>
<arg>FO</arg>
<arg>FR</arg>
<arg>GA</arg>
<arg>GB</arg>
<arg>GD</arg>
<arg>GE</arg>
<arg>GF</arg>
<arg>GG</arg>
<arg>GH</arg>
<arg>GI</arg>
<arg>GL</arg>
<arg>GM</arg>
<arg>GN</arg>
<arg>GP</arg>
<arg>GQ</arg>
<arg>GR</arg>
<arg>GS</arg>
<arg>GT</arg>
<arg>GU</arg>
<arg>GW</arg>
<arg>GY</arg>
<arg>HK</arg>
<arg>HM</arg>
<arg>HN</arg>
<arg>HR</arg>
<arg>HT</arg>
<arg>HU</arg>
<arg>ID</arg>
<arg>IE</arg>
<arg>IL</arg>
<arg>IM</arg>
<arg>IN</arg>
<arg>IO</arg>
<arg>IQ</arg>
<arg>IR</arg>
<arg>IS</arg>
<arg>IT</arg>
<arg>JE</arg>
<arg>JM</arg>
<arg>JO</arg>
<arg>JP</arg>
<arg>KE</arg>
<arg>KG</arg>
<arg>KH</arg>
<arg>KI</arg>
<arg>KM</arg>
<arg>KN</arg>
<arg>KP</arg>
<arg>KR</arg>
<arg>KW</arg>
<arg>KY</arg>
<arg>KZ</arg>
<arg>LA</arg>
<arg>LB</arg>
<arg>LC</arg>
<arg>LI</arg>
<arg>LK</arg>
<arg>LR</arg>
<arg>LS</arg>
<arg>LT</arg>
<arg>LU</arg>
<arg>LV</arg>
<arg>LY</arg>
<arg>MA</arg>
<arg>MC</arg>
<arg>MD</arg>
<arg>ME</arg>
<arg>MF</arg>
<arg>MG</arg>
<arg>MH</arg>
<arg>MK</arg>
<arg>ML</arg>
<arg>MM</arg>
<arg>MN</arg>
<arg>MO</arg>
<arg>MP</arg>
<arg>MQ</arg>
<arg>MR</arg>
<arg>MS</arg>
<arg>MT</arg>
<arg>MU</arg>
<arg>MV</arg>
<arg>MW</arg>
<arg>MX</arg>
<arg>MY</arg>
<arg>MZ</arg>
<arg>NA</arg>
<arg>NC</arg>
<arg>NE</arg>
<arg>NF</arg>
<arg>NG</arg>
<arg>NI</arg>
<arg>NL</arg>
<arg>NO</arg>
<arg>NP</arg>
<arg>NR</arg>
<arg>NU</arg>
<arg>NZ</arg>
<arg>OM</arg>
<arg>PA</arg>
<arg>PE</arg>
<arg>PF</arg>
<arg>PG</arg>
<arg>PH</arg>
<arg>PK</arg>
<arg>PL</arg>
<arg>PM</arg>
<arg>PN</arg>
<arg>PR</arg>
<arg>PS</arg>
<arg>PT</arg>
<arg>PW</arg>
<arg>PY</arg>
<arg>QA</arg>
<arg>RE</arg>
<arg>RO</arg>
<arg>RS</arg>
<arg>RU</arg>
<arg>RW</arg>
<arg>SA</arg>
<arg>SB</arg>
<arg>SC</arg>
<arg>SD</arg>
<arg>SE</arg>
<arg>SG</arg>
<arg>SH</arg>
<arg>SI</arg>
<arg>SJ</arg>
<arg>SK</arg>
<arg>SL</arg>
<arg>SM</arg>
<arg>SN</arg>
<arg>SO</arg>
<arg>SR</arg>
<arg>SS</arg>
<arg>ST</arg>
<arg>SV</arg>
<arg>SX</arg>
<arg>SY</arg>
<arg>SZ</arg>
<arg>TC</arg>
<arg>TD</arg>
<arg>TF</arg>
<arg>TG</arg>
<arg>TH</arg>
<arg>TJ</arg>
<arg>TK</arg>
<arg>TL</arg>
<arg>TM</arg>
<arg>TN</arg>
<arg>TO</arg>
<arg>TR</arg>
<arg>TT</arg>
<arg>TV</arg>
<arg>TW</arg>
<arg>TZ</arg>
<arg>UA</arg>
<arg>UG</arg>
<arg>UM</arg>
<arg>US</arg>
<arg>UY</arg>
<arg>UZ</arg>
<arg>VA</arg>
<arg>VC</arg>
<arg>VE</arg>
<arg>VG</arg>
<arg>VI</arg>
<arg>VN</arg>
<arg>VU</arg>
<arg>WF</arg>
<arg>WS</arg>
<arg>XK</arg>
<arg>YE</arg>
<arg>YT</arg>
<arg>ZA</arg>
<arg>ZM</arg>
<arg>ZW</arg>
<doc>Returns a list containing given items.</doc>
<status status="PASS" start="2024-03-21T00:59:55.868709" elapsed="0.000624"/>
</kw>
<kw name="List Should Contain Value" owner="Collections">
<msg time="2024-03-21T00:59:55.870504" level="INFO">False</msg>
<arg>${list_country}</arg>
<arg>${name_country}</arg>
<doc>Fails if the ``value`` is not found from ``list``.</doc>
<status status="PASS" start="2024-03-21T00:59:55.870267" elapsed="0.000275"/>
</kw>
<kw name="Run Keyword If" owner="BuiltIn">
<kw name="Should Be True" owner="BuiltIn">
<arg>${True}</arg>
<doc>Fails if the given condition is not true.</doc>
<status status="PASS" start="2024-03-21T00:59:55.871600" elapsed="0.000161"/>
</kw>
<arg>${json_data["results"][0]["location"]["coordinates"]["latitude"]} &gt;= -90 and ${json_data["results"][0]["location"]["coordinates"]["latitude"]} &lt;= 90</arg>
<arg>Should Be True</arg>
<arg>${True}</arg>
<doc>Runs the given keyword with the given arguments, if ``condition`` is true.</doc>
<status status="PASS" start="2024-03-21T00:59:55.870851" elapsed="0.001040"/>
</kw>
<kw name="Run Keyword If" owner="BuiltIn">
<kw name="Should Be True" owner="BuiltIn">
<arg>${True}</arg>
<doc>Fails if the given condition is not true.</doc>
<status status="PASS" start="2024-03-21T00:59:55.872754" elapsed="0.000139"/>
</kw>
<arg>${json_data["results"][0]["location"]["coordinates"]["longitude"]} &gt;= -180 and ${json_data["results"][0]["location"]["coordinates"]["longitude"]} &lt;= 180</arg>
<arg>Should Be True</arg>
<arg>${True}</arg>
<doc>Runs the given keyword with the given arguments, if ``condition`` is true.</doc>
<status status="PASS" start="2024-03-21T00:59:55.872068" elapsed="0.000949"/>
</kw>
<status status="PASS" start="2024-03-21T00:59:55.770907" elapsed="0.102240"/>
</kw>
<doc>Testa o conteúdo específico dos campos retornados pela API.</doc>
<tag>testeConteudo</tag>
<status status="PASS" start="2024-03-21T00:59:55.770392" elapsed="0.102901"/>
</test>
<status status="PASS" start="2024-03-21T00:59:55.094803" elapsed="0.780482"/>
</suite>
<status status="PASS" start="2024-03-21T00:59:55.080876" elapsed="0.799744"/>
</suite>
<statistics>
<total>
<stat pass="5" fail="0" skip="0">All Tests</stat>
</total>
<tag>
<stat pass="1" fail="0" skip="0">testeConteudo</stat>
<stat pass="1" fail="0" skip="0">testeEstruturaResposta</stat>
<stat pass="1" fail="0" skip="0">testeRequisicaoBasica</stat>
<stat pass="1" fail="0" skip="0">testeTiposDados</stat>
</tag>
<suite>
<stat pass="5" fail="0" skip="0" id="s1" name="Tests">Tests</stat>
<stat pass="5" fail="0" skip="0" id="s1-s1" name="Random-User-Test">Tests.Random-User-Test</stat>
</suite>
</statistics>
<errors>
</errors>
</robot>
