<?xml version="1.0" encoding="UTF-8"?>
<robot generator="Robot 7.0 (Python 3.12.3 on linux)" generated="2024-05-26T11:12:18.274029" rpa="false" schemaversion="5">
<suite id="s1" name="Tests" source="/home/runner/work/ApiRandomUser/ApiRandomUser/RamdonUser/tests">
<suite id="s1-s1" name="Random-User-Test" source="/home/runner/work/ApiRandomUser/ApiRandomUser/RamdonUser/tests/random-user-test.robot">
<test id="s1-s1-t1" name="Conectar" line="13">
<kw name="Conectar API" owner="random-user-service">
<kw name="Create Session" owner="RequestsLibrary">
<msg time="2024-05-26T11:12:18.720145" level="INFO">Creating Session using : alias=consultarAPI, url=https://randomuser.me/, headers={},                     cookies={}, auth=None, timeout=None, proxies=None, verify=False,                     debug=0 </msg>
<arg>consultarAPI</arg>
<arg>${URL}</arg>
<doc>Create Session: create a HTTP session to a server</doc>
<status status="PASS" start="2024-05-26T11:12:18.719945" elapsed="0.000364"/>
</kw>
<status status="PASS" start="2024-05-26T11:12:18.718986" elapsed="0.001666"/>
</kw>
<status status="PASS" start="2024-05-26T11:12:18.718398" elapsed="0.002447"/>
</test>
<test id="s1-s1-t2" name="Validar retorno 200 e JSON Válido" line="16">
<kw name="Teste de Requisicao Basica" owner="random-user-service">
<kw name="GET On Session" owner="RequestsLibrary">
<msg time="2024-05-26T11:12:18.909202" level="INFO">GET Request : url=https://randomuser.me/api 
 path_url=/api 
 headers={'User-Agent': 'python-requests/2.32.2', 'Accept-Encoding': 'gzip, deflate', 'Accept': '*/*', 'Connection': 'keep-alive'} 
 body=None 
 </msg>
<msg time="2024-05-26T11:12:18.909348" level="INFO">GET Response : url=https://randomuser.me/api 
 status=200, reason=OK 
 headers={'Date': 'Sun, 26 May 2024 11:12:18 GMT', 'Content-Type': 'application/json; charset=utf-8', 'Transfer-Encoding': 'chunked', 'Connection': 'keep-alive', 'X-Powered-By': 'Express', 'Access-Control-Allow-Origin': '*', 'Cache-Control': 'no-cache', 'ETag': 'W/"4a4-4oMWXl1rvUw3mvRA8MTI0riuEtY"', 'Vary': 'Accept-Encoding', 'Content-Encoding': 'gzip', 'CF-Cache-Status': 'DYNAMIC', 'Report-To': '{"endpoints":[{"url":"https:\\/\\/a.nel.cloudflare.com\\/report\\/v4?s=IGg8DWYLwuBZcfSW6uE8b7o6%2FoXF%2FPk6g%2FSwCQay%2Fqsviyivi55%2Fnk%2BFizWVwZWUfyzXeLLxtzQR1ylH%2FtUb%2F9PdHpYWzVwhaXUp6DM8MGtbR5xp%2FYplwDwL3HUYwqGr"}],"group":"cf-nel","max_age":604800}', 'NEL': '{"success_fraction":0,"report_to":"cf-nel","max_age":604800}', 'Server': 'cloudflare', 'CF-RAY': '889d5455ec162d55-ORD', 'alt-svc': 'h3=":443"; ma=86400'} 
 body={"results":[{"gender":"female","name":{"title":"Ms","first":"Raquel","last":"Iglesias"},"location":{"street":{"number":7630,"name":"Calle de Ferraz"},"city":"Fuenlabrada","state":"Asturias","country":"Spain","postcode":22493,"coordinates":{"latitude":"-30.0706","longitude":"15.1819"},"timezone":{"offset":"0:00","description":"Western Europe Time, London, Lisbon, Casablanca"}},"email":"raquel.iglesias@example.com","login":{"uuid":"c7f7c742-2756-40ac-aa28-c8d623310b3f","username":"lazyrabbit586","password":"builder","salt":"CvzcOVzP","md5":"2ad1f9e7a9a668604b99149bad3e1b5b","sha1":"acb80a20162baf4a3dde3a82fdefa4b9b28e919c","sha256":"2ce2db6658a98de93353f2a826e2ed504b138aad56d4979ca68243e7e07f18da"},"dob":{"date":"1991-09-22T16:25:45.657Z","age":32},"registered":{"date":"2010-11-11T05:12:09.509Z","age":13},"phone":"912-007-293","cell":"681-348-125","id":{"name":"DNI","value":"39521266-Q"},"picture":{"large":"https://randomuser.me/api/portraits/women/13.jpg","medium":"https://randomuser.me/api/portraits/med/women/13.jpg","thumbnail":"https://randomuser.me/api/portraits/thumb/women/13.jpg"},"nat":"ES"}],"info":{"seed":"72da1e94cbe94239","results":1,"page":1,"version":"1.4"}} 
 </msg>
<msg time="2024-05-26T11:12:18.909426" level="INFO">/opt/hostedtoolcache/Python/3.12.3/x64/lib/python3.12/site-packages/urllib3/connectionpool.py:1103: InsecureRequestWarning: Unverified HTTPS request is being made to host 'randomuser.me'. Adding certificate verification is strongly advised. See: https://urllib3.readthedocs.io/en/latest/advanced-usage.html#tls-warnings
  warnings.warn(</msg>
<msg time="2024-05-26T11:12:18.909536" level="INFO">${response} = &lt;Response [200]&gt;</msg>
<var>${response}</var>
<arg>consultarAPI</arg>
<arg>/api</arg>
<doc>Sends a GET request on a previously created HTTP Session.</doc>
<status status="PASS" start="2024-05-26T11:12:18.723461" elapsed="0.186143"/>
</kw>
<kw name="Should Be Equal As Numbers" owner="BuiltIn">
<msg time="2024-05-26T11:12:18.910416" level="INFO">Argument types are:
&lt;class 'int'&gt;
&lt;class 'str'&gt;</msg>
<arg>${response.status_code}</arg>
<arg>200</arg>
<doc>Fails if objects are unequal after converting them to real numbers.</doc>
<status status="PASS" start="2024-05-26T11:12:18.910017" elapsed="0.000463"/>
</kw>
<kw name="Log" owner="BuiltIn">
<msg time="2024-05-26T11:12:18.911208" level="INFO">200</msg>
<arg>${response.status_code}</arg>
<doc>Logs the given message with the given level.</doc>
<status status="PASS" start="2024-05-26T11:12:18.910850" elapsed="0.000406"/>
</kw>
<kw name="Set Variable" owner="BuiltIn">
<msg time="2024-05-26T11:12:18.912024" level="INFO">${json_data} = {'results': [{'gender': 'female', 'name': {'title': 'Ms', 'first': 'Raquel', 'last': 'Iglesias'}, 'location': {'street': {'number': 7630, 'name': 'Calle de Ferraz'}, 'city': 'Fuenlabrada', 'state': 'A...</msg>
<var>${json_data}</var>
<arg>${response.json()}</arg>
<doc>Returns the given values which can then be assigned to a variables.</doc>
<status status="PASS" start="2024-05-26T11:12:18.911561" elapsed="0.000493"/>
</kw>
<kw name="Dictionary Should Contain Key" owner="Collections">
<msg time="2024-05-26T11:12:18.912527" level="INFO">False</msg>
<arg>${json_data}</arg>
<arg>results</arg>
<doc>Fails if ``key`` is not found from ``dictionary``.</doc>
<status status="PASS" start="2024-05-26T11:12:18.912363" elapsed="0.000211"/>
</kw>
<status status="PASS" start="2024-05-26T11:12:18.723217" elapsed="0.189609"/>
</kw>
<doc>Testa se a API responde corretamente e retorna um objeto JSON válido.</doc>
<tag>testeRequisicaoBasica</tag>
<status status="PASS" start="2024-05-26T11:12:18.722689" elapsed="0.190306"/>
</test>
<test id="s1-s1-t3" name="Validar estrutura de resposta" line="22">
<kw name="Teste de Estrutura de Resposta" owner="random-user-service">
<kw name="GET On Session" owner="RequestsLibrary">
<msg time="2024-05-26T11:12:19.026177" level="INFO">GET Request : url=https://randomuser.me/api 
 path_url=/api 
 headers={'User-Agent': 'python-requests/2.32.2', 'Accept-Encoding': 'gzip, deflate', 'Accept': '*/*', 'Connection': 'keep-alive'} 
 body=None 
 </msg>
<msg time="2024-05-26T11:12:19.026270" level="INFO">GET Response : url=https://randomuser.me/api 
 status=200, reason=OK 
 headers={'Date': 'Sun, 26 May 2024 11:12:19 GMT', 'Content-Type': 'application/json; charset=utf-8', 'Transfer-Encoding': 'chunked', 'Connection': 'keep-alive', 'X-Powered-By': 'Express', 'Access-Control-Allow-Origin': '*', 'Cache-Control': 'no-cache', 'ETag': 'W/"48b-7oLRwQ9WF3XiHB6QAugMd4cc26s"', 'Vary': 'Accept-Encoding', 'Content-Encoding': 'gzip', 'CF-Cache-Status': 'DYNAMIC', 'Report-To': '{"endpoints":[{"url":"https:\\/\\/a.nel.cloudflare.com\\/report\\/v4?s=gvwh%2FRgyEbEHPzP%2B0aVDrWkttuX0S5M10jgbQ9I5gl%2BlCPATvSOa9Ea%2BgHXxpmbEM0mUmbdayz%2F4%2B%2B6AbMoBQc2WALNxfP3qSMLCQ1dtNtxyWpzpPuGG9%2Bk9XEa6s7qJ"}],"group":"cf-nel","max_age":604800}', 'NEL': '{"success_fraction":0,"report_to":"cf-nel","max_age":604800}', 'Server': 'cloudflare', 'CF-RAY': '889d54563c482d55-ORD', 'alt-svc': 'h3=":443"; ma=86400'} 
 body={"results":[{"gender":"male","name":{"title":"Mr","first":"Arnaud","last":"Brar"},"location":{"street":{"number":9022,"name":"St. Catherine St"},"city":"Port Elgin","state":"Saskatchewan","country":"Canada","postcode":"E0N 7A4","coordinates":{"latitude":"-67.9094","longitude":"-148.9993"},"timezone":{"offset":"-8:00","description":"Pacific Time (US &amp; Canada)"}},"email":"arnaud.brar@example.com","login":{"uuid":"112edae9-9229-4809-b46f-c48ac4038e8b","username":"happyzebra782","password":"donner","salt":"KljLHcME","md5":"b0f3b8857da76491ebd29b3b49e6293f","sha1":"e77675baccc64e835f79c3183e1ae42431dd6f21","sha256":"ba5d6306d72a29be43739ce8fc190bd86aa2390a1ad8a0bfc15255f7f96c0780"},"dob":{"date":"1962-05-05T06:20:05.362Z","age":62},"registered":{"date":"2012-10-16T08:12:33.933Z","age":11},"phone":"T20 G59-5753","cell":"E72 Y56-3916","id":{"name":"SIN","value":"394910111"},"picture":{"large":"https://randomuser.me/api/portraits/men/62.jpg","medium":"https://randomuser.me/api/portraits/med/men/62.jpg","thumbnail":"https://randomuser.me/api/portraits/thumb/men/62.jpg"},"nat":"CA"}],"info":{"seed":"4b0c1c4f84bc3d56","results":1,"page":1,"version":"1.4"}} 
 </msg>
<msg time="2024-05-26T11:12:19.026403" level="INFO">/opt/hostedtoolcache/Python/3.12.3/x64/lib/python3.12/site-packages/urllib3/connectionpool.py:1103: InsecureRequestWarning: Unverified HTTPS request is being made to host 'randomuser.me'. Adding certificate verification is strongly advised. See: https://urllib3.readthedocs.io/en/latest/advanced-usage.html#tls-warnings
  warnings.warn(</msg>
<msg time="2024-05-26T11:12:19.026532" level="INFO">${response} = &lt;Response [200]&gt;</msg>
<var>${response}</var>
<arg>consultarAPI</arg>
<arg>/api</arg>
<doc>Sends a GET request on a previously created HTTP Session.</doc>
<status status="PASS" start="2024-05-26T11:12:18.915485" elapsed="0.111082"/>
</kw>
<kw name="Set Variable" owner="BuiltIn">
<msg time="2024-05-26T11:12:19.027561" level="INFO">${json_data} = {'results': [{'gender': 'male', 'name': {'title': 'Mr', 'first': 'Arnaud', 'last': 'Brar'}, 'location': {'street': {'number': 9022, 'name': 'St. Catherine St'}, 'city': 'Port Elgin', 'state': 'Saskatc...</msg>
<var>${json_data}</var>
<arg>${response.json()}</arg>
<doc>Returns the given values which can then be assigned to a variables.</doc>
<status status="PASS" start="2024-05-26T11:12:19.027070" elapsed="0.000521"/>
</kw>
<kw name="Log" owner="BuiltIn">
<msg time="2024-05-26T11:12:19.028104" level="INFO">{'results': [{'gender': 'male', 'name': {'title': 'Mr', 'first': 'Arnaud', 'last': 'Brar'}, 'location': {'street': {'number': 9022, 'name': 'St. Catherine St'}, 'city': 'Port Elgin', 'state': 'Saskatchewan', 'country': 'Canada', 'postcode': 'E0N 7A4', 'coordinates': {'latitude': '-67.9094', 'longitude': '-148.9993'}, 'timezone': {'offset': '-8:00', 'description': 'Pacific Time (US &amp; Canada)'}}, 'email': 'arnaud.brar@example.com', 'login': {'uuid': '112edae9-9229-4809-b46f-c48ac4038e8b', 'username': 'happyzebra782', 'password': 'donner', 'salt': 'KljLHcME', 'md5': 'b0f3b8857da76491ebd29b3b49e6293f', 'sha1': 'e77675baccc64e835f79c3183e1ae42431dd6f21', 'sha256': 'ba5d6306d72a29be43739ce8fc190bd86aa2390a1ad8a0bfc15255f7f96c0780'}, 'dob': {'date': '1962-05-05T06:20:05.362Z', 'age': 62}, 'registered': {'date': '2012-10-16T08:12:33.933Z', 'age': 11}, 'phone': 'T20 G59-5753', 'cell': 'E72 Y56-3916', 'id': {'name': 'SIN', 'value': '394910111'}, 'picture': {'large': 'https://randomuser.me/api/portraits/men/62.jpg', 'medium': 'https://randomuser.me/api/portraits/med/men/62.jpg', 'thumbnail': 'https://randomuser.me/api/portraits/thumb/men/62.jpg'}, 'nat': 'CA'}], 'info': {'seed': '4b0c1c4f84bc3d56', 'results': 1, 'page': 1, 'version': '1.4'}}</msg>
<arg>${json_data}</arg>
<doc>Logs the given message with the given level.</doc>
<status status="PASS" start="2024-05-26T11:12:19.027943" elapsed="0.000218"/>
</kw>
<kw name="Dictionary Should Contain Key" owner="Collections">
<msg time="2024-05-26T11:12:19.028618" level="INFO">False</msg>
<arg>${json_data}</arg>
<arg>results</arg>
<doc>Fails if ``key`` is not found from ``dictionary``.</doc>
<status status="PASS" start="2024-05-26T11:12:19.028463" elapsed="0.000193"/>
</kw>
<kw name="Should Not Be Empty" owner="BuiltIn">
<msg time="2024-05-26T11:12:19.029093" level="INFO">Length is 2.</msg>
<arg>${json_data}</arg>
<doc>Verifies that the given item is not empty.</doc>
<status status="PASS" start="2024-05-26T11:12:19.028953" elapsed="0.000179"/>
</kw>
<kw name="Create List" owner="BuiltIn">
<msg time="2024-05-26T11:12:19.029704" level="INFO">${expected_keys} = ['gender', 'name', 'location', 'email', 'login']</msg>
<var>${expected_keys}</var>
<arg>gender</arg>
<arg>name</arg>
<arg>location</arg>
<arg>email</arg>
<arg>login</arg>
<doc>Returns a list containing given items.</doc>
<status status="PASS" start="2024-05-26T11:12:19.029422" elapsed="0.000308"/>
</kw>
<for flavor="IN">
<iter>
<kw name="Dictionary Should Contain Key" owner="Collections">
<msg time="2024-05-26T11:12:19.030721" level="INFO">False</msg>
<arg>${json_data['results'][0]}</arg>
<arg>${key}</arg>
<doc>Fails if ``key`` is not found from ``dictionary``.</doc>
<status status="PASS" start="2024-05-26T11:12:19.030314" elapsed="0.000446"/>
</kw>
<kw name="Log" owner="BuiltIn">
<msg time="2024-05-26T11:12:19.031431" level="INFO">{'gender': 'male', 'name': {'title': 'Mr', 'first': 'Arnaud', 'last': 'Brar'}, 'location': {'street': {'number': 9022, 'name': 'St. Catherine St'}, 'city': 'Port Elgin', 'state': 'Saskatchewan', 'country': 'Canada', 'postcode': 'E0N 7A4', 'coordinates': {'latitude': '-67.9094', 'longitude': '-148.9993'}, 'timezone': {'offset': '-8:00', 'description': 'Pacific Time (US &amp; Canada)'}}, 'email': 'arnaud.brar@example.com', 'login': {'uuid': '112edae9-9229-4809-b46f-c48ac4038e8b', 'username': 'happyzebra782', 'password': 'donner', 'salt': 'KljLHcME', 'md5': 'b0f3b8857da76491ebd29b3b49e6293f', 'sha1': 'e77675baccc64e835f79c3183e1ae42431dd6f21', 'sha256': 'ba5d6306d72a29be43739ce8fc190bd86aa2390a1ad8a0bfc15255f7f96c0780'}, 'dob': {'date': '1962-05-05T06:20:05.362Z', 'age': 62}, 'registered': {'date': '2012-10-16T08:12:33.933Z', 'age': 11}, 'phone': 'T20 G59-5753', 'cell': 'E72 Y56-3916', 'id': {'name': 'SIN', 'value': '394910111'}, 'picture': {'large': 'https://randomuser.me/api/portraits/men/62.jpg', 'medium': 'https://randomuser.me/api/portraits/med/men/62.jpg', 'thumbnail': 'https://randomuser.me/api/portraits/thumb/men/62.jpg'}, 'nat': 'CA'}</msg>
<arg>${json_data['results'][0]}</arg>
<doc>Logs the given message with the given level.</doc>
<status status="PASS" start="2024-05-26T11:12:19.031061" elapsed="0.000422"/>
</kw>
<kw name="Log" owner="BuiltIn">
<msg time="2024-05-26T11:12:19.031935" level="INFO">gender</msg>
<arg>${key}</arg>
<doc>Logs the given message with the given level.</doc>
<status status="PASS" start="2024-05-26T11:12:19.031781" elapsed="0.000200"/>
</kw>
<var name="${key}">gender</var>
<status status="PASS" start="2024-05-26T11:12:19.030187" elapsed="0.002014"/>
</iter>
<iter>
<kw name="Dictionary Should Contain Key" owner="Collections">
<msg time="2024-05-26T11:12:19.032910" level="INFO">False</msg>
<arg>${json_data['results'][0]}</arg>
<arg>${key}</arg>
<doc>Fails if ``key`` is not found from ``dictionary``.</doc>
<status status="PASS" start="2024-05-26T11:12:19.032509" elapsed="0.000438"/>
</kw>
<kw name="Log" owner="BuiltIn">
<msg time="2024-05-26T11:12:19.033639" level="INFO">{'gender': 'male', 'name': {'title': 'Mr', 'first': 'Arnaud', 'last': 'Brar'}, 'location': {'street': {'number': 9022, 'name': 'St. Catherine St'}, 'city': 'Port Elgin', 'state': 'Saskatchewan', 'country': 'Canada', 'postcode': 'E0N 7A4', 'coordinates': {'latitude': '-67.9094', 'longitude': '-148.9993'}, 'timezone': {'offset': '-8:00', 'description': 'Pacific Time (US &amp; Canada)'}}, 'email': 'arnaud.brar@example.com', 'login': {'uuid': '112edae9-9229-4809-b46f-c48ac4038e8b', 'username': 'happyzebra782', 'password': 'donner', 'salt': 'KljLHcME', 'md5': 'b0f3b8857da76491ebd29b3b49e6293f', 'sha1': 'e77675baccc64e835f79c3183e1ae42431dd6f21', 'sha256': 'ba5d6306d72a29be43739ce8fc190bd86aa2390a1ad8a0bfc15255f7f96c0780'}, 'dob': {'date': '1962-05-05T06:20:05.362Z', 'age': 62}, 'registered': {'date': '2012-10-16T08:12:33.933Z', 'age': 11}, 'phone': 'T20 G59-5753', 'cell': 'E72 Y56-3916', 'id': {'name': 'SIN', 'value': '394910111'}, 'picture': {'large': 'https://randomuser.me/api/portraits/men/62.jpg', 'medium': 'https://randomuser.me/api/portraits/med/men/62.jpg', 'thumbnail': 'https://randomuser.me/api/portraits/thumb/men/62.jpg'}, 'nat': 'CA'}</msg>
<arg>${json_data['results'][0]}</arg>
<doc>Logs the given message with the given level.</doc>
<status status="PASS" start="2024-05-26T11:12:19.033273" elapsed="0.000417"/>
</kw>
<kw name="Log" owner="BuiltIn">
<msg time="2024-05-26T11:12:19.034119" level="INFO">name</msg>
<arg>${key}</arg>
<doc>Logs the given message with the given level.</doc>
<status status="PASS" start="2024-05-26T11:12:19.033989" elapsed="0.000167"/>
</kw>
<var name="${key}">name</var>
<status status="PASS" start="2024-05-26T11:12:19.032391" elapsed="0.001986"/>
</iter>
<iter>
<kw name="Dictionary Should Contain Key" owner="Collections">
<msg time="2024-05-26T11:12:19.035063" level="INFO">False</msg>
<arg>${json_data['results'][0]}</arg>
<arg>${key}</arg>
<doc>Fails if ``key`` is not found from ``dictionary``.</doc>
<status status="PASS" start="2024-05-26T11:12:19.034673" elapsed="0.000428"/>
</kw>
<kw name="Log" owner="BuiltIn">
<msg time="2024-05-26T11:12:19.035759" level="INFO">{'gender': 'male', 'name': {'title': 'Mr', 'first': 'Arnaud', 'last': 'Brar'}, 'location': {'street': {'number': 9022, 'name': 'St. Catherine St'}, 'city': 'Port Elgin', 'state': 'Saskatchewan', 'country': 'Canada', 'postcode': 'E0N 7A4', 'coordinates': {'latitude': '-67.9094', 'longitude': '-148.9993'}, 'timezone': {'offset': '-8:00', 'description': 'Pacific Time (US &amp; Canada)'}}, 'email': 'arnaud.brar@example.com', 'login': {'uuid': '112edae9-9229-4809-b46f-c48ac4038e8b', 'username': 'happyzebra782', 'password': 'donner', 'salt': 'KljLHcME', 'md5': 'b0f3b8857da76491ebd29b3b49e6293f', 'sha1': 'e77675baccc64e835f79c3183e1ae42431dd6f21', 'sha256': 'ba5d6306d72a29be43739ce8fc190bd86aa2390a1ad8a0bfc15255f7f96c0780'}, 'dob': {'date': '1962-05-05T06:20:05.362Z', 'age': 62}, 'registered': {'date': '2012-10-16T08:12:33.933Z', 'age': 11}, 'phone': 'T20 G59-5753', 'cell': 'E72 Y56-3916', 'id': {'name': 'SIN', 'value': '394910111'}, 'picture': {'large': 'https://randomuser.me/api/portraits/men/62.jpg', 'medium': 'https://randomuser.me/api/portraits/med/men/62.jpg', 'thumbnail': 'https://randomuser.me/api/portraits/thumb/men/62.jpg'}, 'nat': 'CA'}</msg>
<arg>${json_data['results'][0]}</arg>
<doc>Logs the given message with the given level.</doc>
<status status="PASS" start="2024-05-26T11:12:19.035398" elapsed="0.000430"/>
</kw>
<kw name="Log" owner="BuiltIn">
<msg time="2024-05-26T11:12:19.036271" level="INFO">location</msg>
<arg>${key}</arg>
<doc>Logs the given message with the given level.</doc>
<status status="PASS" start="2024-05-26T11:12:19.036142" elapsed="0.000167"/>
</kw>
<var name="${key}">location</var>
<status status="PASS" start="2024-05-26T11:12:19.034560" elapsed="0.001964"/>
</iter>
<iter>
<kw name="Dictionary Should Contain Key" owner="Collections">
<msg time="2024-05-26T11:12:19.037205" level="INFO">False</msg>
<arg>${json_data['results'][0]}</arg>
<arg>${key}</arg>
<doc>Fails if ``key`` is not found from ``dictionary``.</doc>
<status status="PASS" start="2024-05-26T11:12:19.036813" elapsed="0.000430"/>
</kw>
<kw name="Log" owner="BuiltIn">
<msg time="2024-05-26T11:12:19.037900" level="INFO">{'gender': 'male', 'name': {'title': 'Mr', 'first': 'Arnaud', 'last': 'Brar'}, 'location': {'street': {'number': 9022, 'name': 'St. Catherine St'}, 'city': 'Port Elgin', 'state': 'Saskatchewan', 'country': 'Canada', 'postcode': 'E0N 7A4', 'coordinates': {'latitude': '-67.9094', 'longitude': '-148.9993'}, 'timezone': {'offset': '-8:00', 'description': 'Pacific Time (US &amp; Canada)'}}, 'email': 'arnaud.brar@example.com', 'login': {'uuid': '112edae9-9229-4809-b46f-c48ac4038e8b', 'username': 'happyzebra782', 'password': 'donner', 'salt': 'KljLHcME', 'md5': 'b0f3b8857da76491ebd29b3b49e6293f', 'sha1': 'e77675baccc64e835f79c3183e1ae42431dd6f21', 'sha256': 'ba5d6306d72a29be43739ce8fc190bd86aa2390a1ad8a0bfc15255f7f96c0780'}, 'dob': {'date': '1962-05-05T06:20:05.362Z', 'age': 62}, 'registered': {'date': '2012-10-16T08:12:33.933Z', 'age': 11}, 'phone': 'T20 G59-5753', 'cell': 'E72 Y56-3916', 'id': {'name': 'SIN', 'value': '394910111'}, 'picture': {'large': 'https://randomuser.me/api/portraits/men/62.jpg', 'medium': 'https://randomuser.me/api/portraits/med/men/62.jpg', 'thumbnail': 'https://randomuser.me/api/portraits/thumb/men/62.jpg'}, 'nat': 'CA'}</msg>
<arg>${json_data['results'][0]}</arg>
<doc>Logs the given message with the given level.</doc>
<status status="PASS" start="2024-05-26T11:12:19.037539" elapsed="0.000417"/>
</kw>
<kw name="Log" owner="BuiltIn">
<msg time="2024-05-26T11:12:19.038376" level="INFO">email</msg>
<arg>${key}</arg>
<doc>Logs the given message with the given level.</doc>
<status status="PASS" start="2024-05-26T11:12:19.038248" elapsed="0.000166"/>
</kw>
<var name="${key}">email</var>
<status status="PASS" start="2024-05-26T11:12:19.036697" elapsed="0.001934"/>
</iter>
<iter>
<kw name="Dictionary Should Contain Key" owner="Collections">
<msg time="2024-05-26T11:12:19.039310" level="INFO">False</msg>
<arg>${json_data['results'][0]}</arg>
<arg>${key}</arg>
<doc>Fails if ``key`` is not found from ``dictionary``.</doc>
<status status="PASS" start="2024-05-26T11:12:19.038915" elapsed="0.000433"/>
</kw>
<kw name="Log" owner="BuiltIn">
<msg time="2024-05-26T11:12:19.040046" level="INFO">{'gender': 'male', 'name': {'title': 'Mr', 'first': 'Arnaud', 'last': 'Brar'}, 'location': {'street': {'number': 9022, 'name': 'St. Catherine St'}, 'city': 'Port Elgin', 'state': 'Saskatchewan', 'country': 'Canada', 'postcode': 'E0N 7A4', 'coordinates': {'latitude': '-67.9094', 'longitude': '-148.9993'}, 'timezone': {'offset': '-8:00', 'description': 'Pacific Time (US &amp; Canada)'}}, 'email': 'arnaud.brar@example.com', 'login': {'uuid': '112edae9-9229-4809-b46f-c48ac4038e8b', 'username': 'happyzebra782', 'password': 'donner', 'salt': 'KljLHcME', 'md5': 'b0f3b8857da76491ebd29b3b49e6293f', 'sha1': 'e77675baccc64e835f79c3183e1ae42431dd6f21', 'sha256': 'ba5d6306d72a29be43739ce8fc190bd86aa2390a1ad8a0bfc15255f7f96c0780'}, 'dob': {'date': '1962-05-05T06:20:05.362Z', 'age': 62}, 'registered': {'date': '2012-10-16T08:12:33.933Z', 'age': 11}, 'phone': 'T20 G59-5753', 'cell': 'E72 Y56-3916', 'id': {'name': 'SIN', 'value': '394910111'}, 'picture': {'large': 'https://randomuser.me/api/portraits/men/62.jpg', 'medium': 'https://randomuser.me/api/portraits/med/men/62.jpg', 'thumbnail': 'https://randomuser.me/api/portraits/thumb/men/62.jpg'}, 'nat': 'CA'}</msg>
<arg>${json_data['results'][0]}</arg>
<doc>Logs the given message with the given level.</doc>
<status status="PASS" start="2024-05-26T11:12:19.039645" elapsed="0.000462"/>
</kw>
<kw name="Log" owner="BuiltIn">
<msg time="2024-05-26T11:12:19.040531" level="INFO">login</msg>
<arg>${key}</arg>
<doc>Logs the given message with the given level.</doc>
<status status="PASS" start="2024-05-26T11:12:19.040404" elapsed="0.000165"/>
</kw>
<var name="${key}">login</var>
<status status="PASS" start="2024-05-26T11:12:19.038804" elapsed="0.002005"/>
</iter>
<var>${key}</var>
<value>@{expected_keys}</value>
<status status="PASS" start="2024-05-26T11:12:19.029995" elapsed="0.010944"/>
</for>
<kw name="Create List" owner="BuiltIn">
<msg time="2024-05-26T11:12:19.041282" level="INFO">${expected_keysTwo} = ['username', 'password']</msg>
<var>${expected_keysTwo}</var>
<arg>username</arg>
<arg>password</arg>
<doc>Returns a list containing given items.</doc>
<status status="PASS" start="2024-05-26T11:12:19.041140" elapsed="0.000166"/>
</kw>
<for flavor="IN">
<iter>
<kw name="Dictionary Should Contain Key" owner="Collections">
<msg time="2024-05-26T11:12:19.042187" level="INFO">False</msg>
<arg>${json_data['results'][0]['login']}</arg>
<arg>${keyTwo}</arg>
<doc>Fails if ``key`` is not found from ``dictionary``.</doc>
<status status="PASS" start="2024-05-26T11:12:19.041806" elapsed="0.000419"/>
</kw>
<kw name="Dictionary Should Contain Key" owner="Collections">
<msg time="2024-05-26T11:12:19.042923" level="INFO">False</msg>
<arg>${json_data['results'][0]['login']}</arg>
<arg>${keyTwo}</arg>
<doc>Fails if ``key`` is not found from ``dictionary``.</doc>
<status status="PASS" start="2024-05-26T11:12:19.042530" elapsed="0.000431"/>
</kw>
<kw name="Log" owner="BuiltIn">
<msg time="2024-05-26T11:12:19.043383" level="INFO">username</msg>
<arg>${keyTwo}</arg>
<doc>Logs the given message with the given level.</doc>
<status status="PASS" start="2024-05-26T11:12:19.043256" elapsed="0.000164"/>
</kw>
<var name="${keyTwo}">username</var>
<status status="PASS" start="2024-05-26T11:12:19.041695" elapsed="0.001940"/>
</iter>
<iter>
<kw name="Dictionary Should Contain Key" owner="Collections">
<msg time="2024-05-26T11:12:19.044336" level="INFO">False</msg>
<arg>${json_data['results'][0]['login']}</arg>
<arg>${keyTwo}</arg>
<doc>Fails if ``key`` is not found from ``dictionary``.</doc>
<status status="PASS" start="2024-05-26T11:12:19.043951" elapsed="0.000423"/>
</kw>
<kw name="Dictionary Should Contain Key" owner="Collections">
<msg time="2024-05-26T11:12:19.045127" level="INFO">False</msg>
<arg>${json_data['results'][0]['login']}</arg>
<arg>${keyTwo}</arg>
<doc>Fails if ``key`` is not found from ``dictionary``.</doc>
<status status="PASS" start="2024-05-26T11:12:19.044668" elapsed="0.000499"/>
</kw>
<kw name="Log" owner="BuiltIn">
<msg time="2024-05-26T11:12:19.045595" level="INFO">password</msg>
<arg>${keyTwo}</arg>
<doc>Logs the given message with the given level.</doc>
<status status="PASS" start="2024-05-26T11:12:19.045467" elapsed="0.000166"/>
</kw>
<var name="${keyTwo}">password</var>
<status status="PASS" start="2024-05-26T11:12:19.043804" elapsed="0.002044"/>
</iter>
<var>${keyTwo}</var>
<value>@{expected_keysTwo}</value>
<status status="PASS" start="2024-05-26T11:12:19.041543" elapsed="0.004425"/>
</for>
<status status="PASS" start="2024-05-26T11:12:18.915251" elapsed="0.130853"/>
</kw>
<doc>Testa a estrutura da resposta da API.</doc>
<tag>testeEstruturaResposta</tag>
<status status="PASS" start="2024-05-26T11:12:18.914763" elapsed="0.131491"/>
</test>
<test id="s1-s1-t4" name="Validar tipos de dados" line="28">
<kw name="Teste de Tipos de Dados" owner="random-user-service">
<kw name="GET On Session" owner="RequestsLibrary">
<msg time="2024-05-26T11:12:19.109785" level="INFO">GET Request : url=https://randomuser.me/api 
 path_url=/api 
 headers={'User-Agent': 'python-requests/2.32.2', 'Accept-Encoding': 'gzip, deflate', 'Accept': '*/*', 'Connection': 'keep-alive'} 
 body=None 
 </msg>
<msg time="2024-05-26T11:12:19.109873" level="INFO">GET Response : url=https://randomuser.me/api 
 status=200, reason=OK 
 headers={'Date': 'Sun, 26 May 2024 11:12:19 GMT', 'Content-Type': 'application/json; charset=utf-8', 'Transfer-Encoding': 'chunked', 'Connection': 'keep-alive', 'X-Powered-By': 'Express', 'Access-Control-Allow-Origin': '*', 'Cache-Control': 'no-cache', 'ETag': 'W/"489-ffOmqJ5bodVKKuYCzr52SB/ZfsE"', 'Vary': 'Accept-Encoding', 'Content-Encoding': 'gzip', 'CF-Cache-Status': 'DYNAMIC', 'Report-To': '{"endpoints":[{"url":"https:\\/\\/a.nel.cloudflare.com\\/report\\/v4?s=ixwFj3JFegZ%2BPZJZ06gQohDj1maOv0U4opt6UK%2BNkaz7XjCNH6DVHJ8Cn2%2BcgukrBjDa1IVrMW7%2FHyLgmlA%2B7GALsGQOUq0t3siX5IVnWORId4O0hdMj9ngWQoYSBZ1W"}],"group":"cf-nel","max_age":604800}', 'NEL': '{"success_fraction":0,"report_to":"cf-nel","max_age":604800}', 'Server': 'cloudflare', 'CF-RAY': '889d54570ca92d55-ORD', 'alt-svc': 'h3=":443"; ma=86400'} 
 body={"results":[{"gender":"male","name":{"title":"Mr","first":"Leo","last":"Wilson"},"location":{"street":{"number":5936,"name":"Dieppe Ave"},"city":"Greenwood","state":"Ontario","country":"Canada","postcode":"Z7P 3C0","coordinates":{"latitude":"-69.2783","longitude":"-163.8434"},"timezone":{"offset":"-6:00","description":"Central Time (US &amp; Canada), Mexico City"}},"email":"leo.wilson@example.com","login":{"uuid":"8f3956a2-092b-420f-86d8-8e1122a3ffe0","username":"ticklishlion563","password":"herbie","salt":"dJlRjb8W","md5":"6462693aaa1b18081c7dcbda7f1e6b9d","sha1":"3aa1302ca3ce01f8672b18eb5e6631d382ce9325","sha256":"e97a605486987d0fc0667d397f55fe0b1a509c5210672febd2396c3e41bc44f1"},"dob":{"date":"1995-07-04T12:02:50.273Z","age":28},"registered":{"date":"2004-01-24T22:45:27.832Z","age":20},"phone":"D16 F99-9018","cell":"N01 F60-5239","id":{"name":"SIN","value":"038556593"},"picture":{"large":"https://randomuser.me/api/portraits/men/7.jpg","medium":"https://randomuser.me/api/portraits/med/men/7.jpg","thumbnail":"https://randomuser.me/api/portraits/thumb/men/7.jpg"},"nat":"CA"}],"info":{"seed":"8f78058cedbe6055","results":1,"page":1,"version":"1.4"}} 
 </msg>
<msg time="2024-05-26T11:12:19.109963" level="INFO">/opt/hostedtoolcache/Python/3.12.3/x64/lib/python3.12/site-packages/urllib3/connectionpool.py:1103: InsecureRequestWarning: Unverified HTTPS request is being made to host 'randomuser.me'. Adding certificate verification is strongly advised. See: https://urllib3.readthedocs.io/en/latest/advanced-usage.html#tls-warnings
  warnings.warn(</msg>
<msg time="2024-05-26T11:12:19.110057" level="INFO">${response} = &lt;Response [200]&gt;</msg>
<var>${response}</var>
<arg>consultarAPI</arg>
<arg>/api</arg>
<doc>Sends a GET request on a previously created HTTP Session.</doc>
<status status="PASS" start="2024-05-26T11:12:19.048788" elapsed="0.061310"/>
</kw>
<kw name="Set Variable" owner="BuiltIn">
<msg time="2024-05-26T11:12:19.111124" level="INFO">${json_data} = {'results': [{'gender': 'male', 'name': {'title': 'Mr', 'first': 'Leo', 'last': 'Wilson'}, 'location': {'street': {'number': 5936, 'name': 'Dieppe Ave'}, 'city': 'Greenwood', 'state': 'Ontario', 'coun...</msg>
<var>${json_data}</var>
<arg>${response.json()}</arg>
<doc>Returns the given values which can then be assigned to a variables.</doc>
<status status="PASS" start="2024-05-26T11:12:19.110548" elapsed="0.000605"/>
</kw>
<kw name="Log" owner="BuiltIn">
<msg time="2024-05-26T11:12:19.111617" level="INFO">{'results': [{'gender': 'male', 'name': {'title': 'Mr', 'first': 'Leo', 'last': 'Wilson'}, 'location': {'street': {'number': 5936, 'name': 'Dieppe Ave'}, 'city': 'Greenwood', 'state': 'Ontario', 'country': 'Canada', 'postcode': 'Z7P 3C0', 'coordinates': {'latitude': '-69.2783', 'longitude': '-163.8434'}, 'timezone': {'offset': '-6:00', 'description': 'Central Time (US &amp; Canada), Mexico City'}}, 'email': 'leo.wilson@example.com', 'login': {'uuid': '8f3956a2-092b-420f-86d8-8e1122a3ffe0', 'username': 'ticklishlion563', 'password': 'herbie', 'salt': 'dJlRjb8W', 'md5': '6462693aaa1b18081c7dcbda7f1e6b9d', 'sha1': '3aa1302ca3ce01f8672b18eb5e6631d382ce9325', 'sha256': 'e97a605486987d0fc0667d397f55fe0b1a509c5210672febd2396c3e41bc44f1'}, 'dob': {'date': '1995-07-04T12:02:50.273Z', 'age': 28}, 'registered': {'date': '2004-01-24T22:45:27.832Z', 'age': 20}, 'phone': 'D16 F99-9018', 'cell': 'N01 F60-5239', 'id': {'name': 'SIN', 'value': '038556593'}, 'picture': {'large': 'https://randomuser.me/api/portraits/men/7.jpg', 'medium': 'https://randomuser.me/api/portraits/med/men/7.jpg', 'thumbnail': 'https://randomuser.me/api/portraits/thumb/men/7.jpg'}, 'nat': 'CA'}], 'info': {'seed': '8f78058cedbe6055', 'results': 1, 'page': 1, 'version': '1.4'}}</msg>
<arg>${json_data}</arg>
<doc>Logs the given message with the given level.</doc>
<status status="PASS" start="2024-05-26T11:12:19.111464" elapsed="0.000233"/>
</kw>
<kw name="Should Be String" owner="String">
<arg>${json_data['results'][0]['gender']}</arg>
<doc>Fails if the given ``item`` is not a string.</doc>
<status status="PASS" start="2024-05-26T11:12:19.112030" elapsed="0.000361"/>
</kw>
<kw name="Should Match Regexp" owner="BuiltIn">
<arg>${json_data['results'][0]['email']}</arg>
<arg>^[a-zA-Z0-9._%+-]+@[a-zA-Z0-9.-]+\.[a-zA-Z]{2,}$</arg>
<doc>Fails if ``string`` does not match ``pattern`` as a regular expression.</doc>
<status status="PASS" start="2024-05-26T11:12:19.112595" elapsed="0.000528"/>
</kw>
<kw name="Should Match Regexp" owner="BuiltIn">
<arg>${json_data['results'][0]['dob']['date']}</arg>
<arg>\\d{4}-\\d{2}-\\d{2}T\\d{2}:\\d{2}:\\d{2}\\.\\d{3}Z</arg>
<doc>Fails if ``string`` does not match ``pattern`` as a regular expression.</doc>
<status status="PASS" start="2024-05-26T11:12:19.113326" elapsed="0.000485"/>
</kw>
<kw name="Should Match Regexp" owner="BuiltIn">
<arg>${json_data['results'][0]['registered']['date']}</arg>
<arg>\\d{4}-\\d{2}-\\d{2}T\\d{2}:\\d{2}:\\d{2}\\.\\d{3}Z</arg>
<doc>Fails if ``string`` does not match ``pattern`` as a regular expression.</doc>
<status status="PASS" start="2024-05-26T11:12:19.114007" elapsed="0.000372"/>
</kw>
<kw name="Should Match Regexp" owner="BuiltIn">
<arg>${json_data['results'][0]['picture']['large']}</arg>
<arg>^https?://.*\.(?:png|jpe?g|gif|bmp)$</arg>
<doc>Fails if ``string`` does not match ``pattern`` as a regular expression.</doc>
<status status="PASS" start="2024-05-26T11:12:19.114570" elapsed="0.000465"/>
</kw>
<kw name="Should Match Regexp" owner="BuiltIn">
<arg>${json_data['results'][0]['picture']['medium']}</arg>
<arg>^https?://.*\.(?:png|jpe?g|gif|bmp)$</arg>
<doc>Fails if ``string`` does not match ``pattern`` as a regular expression.</doc>
<status status="PASS" start="2024-05-26T11:12:19.115229" elapsed="0.000359"/>
</kw>
<kw name="Should Match Regexp" owner="BuiltIn">
<arg>${json_data['results'][0]['picture']['thumbnail']}</arg>
<arg>^https?://.*\.(?:png|jpe?g|gif|bmp)$</arg>
<doc>Fails if ``string`` does not match ``pattern`` as a regular expression.</doc>
<status status="PASS" start="2024-05-26T11:12:19.115777" elapsed="0.000389"/>
</kw>
<kw name="Log" owner="BuiltIn">
<msg time="2024-05-26T11:12:19.116699" level="INFO">{'large': 'https://randomuser.me/api/portraits/men/7.jpg', 'medium': 'https://randomuser.me/api/portraits/med/men/7.jpg', 'thumbnail': 'https://randomuser.me/api/portraits/thumb/men/7.jpg'}</msg>
<arg>${json_data['results'][0]['picture']}</arg>
<doc>Logs the given message with the given level.</doc>
<status status="PASS" start="2024-05-26T11:12:19.116369" elapsed="0.000375"/>
</kw>
<status status="PASS" start="2024-05-26T11:12:19.048562" elapsed="0.068438"/>
</kw>
<kw name="Teste de Tipos de Dados - Postcode" owner="random-user-service">
<kw name="GET On Session" owner="RequestsLibrary">
<msg time="2024-05-26T11:12:19.207660" level="INFO">GET Request : url=https://randomuser.me/api 
 path_url=/api 
 headers={'User-Agent': 'python-requests/2.32.2', 'Accept-Encoding': 'gzip, deflate', 'Accept': '*/*', 'Connection': 'keep-alive'} 
 body=None 
 </msg>
<msg time="2024-05-26T11:12:19.207746" level="INFO">GET Response : url=https://randomuser.me/api 
 status=200, reason=OK 
 headers={'Date': 'Sun, 26 May 2024 11:12:19 GMT', 'Content-Type': 'application/json; charset=utf-8', 'Transfer-Encoding': 'chunked', 'Connection': 'keep-alive', 'X-Powered-By': 'Express', 'Access-Control-Allow-Origin': '*', 'Cache-Control': 'no-cache', 'ETag': 'W/"47a-JMCLQS3xgIryRSPax7TIDxKXRD4"', 'Vary': 'Accept-Encoding', 'Content-Encoding': 'gzip', 'CF-Cache-Status': 'DYNAMIC', 'Report-To': '{"endpoints":[{"url":"https:\\/\\/a.nel.cloudflare.com\\/report\\/v4?s=p1xgIQJoUcyb6SykD1LYWkwm5ZddMWoO0fxa3pBHZQuv%2FEFJRww3i2DGHNPSKL%2Bkc8s4aIn24orOxyg8DAS%2B%2FlUp%2Fo75PBSJL9z1JQt%2FWJHEmHKzdRGsOZ4zgtXde4v%2F"}],"group":"cf-nel","max_age":604800}', 'NEL': '{"success_fraction":0,"report_to":"cf-nel","max_age":604800}', 'Server': 'cloudflare', 'CF-RAY': '889d54577ce02d55-ORD', 'alt-svc': 'h3=":443"; ma=86400'} 
 body={"results":[{"gender":"female","name":{"title":"Ms","first":"Leta","last":"Cole"},"location":{"street":{"number":9902,"name":"W Gray St"},"city":"San Antonio","state":"Oklahoma","country":"United States","postcode":56700,"coordinates":{"latitude":"87.1381","longitude":"175.7317"},"timezone":{"offset":"-10:00","description":"Hawaii"}},"email":"leta.cole@example.com","login":{"uuid":"92d1fecb-801a-408d-82a7-988982ee59f3","username":"lazymeercat600","password":"napster","salt":"ceOcI2Gi","md5":"f5a79c4aa3d9c02b07a8198a872c9ee0","sha1":"456f084e3bd20d59654a089880c52d0e5c47f490","sha256":"0f67675d432135669d16ad6849639149ca5ea7386553f6c60aeb8814723361ba"},"dob":{"date":"1974-01-07T13:44:03.812Z","age":50},"registered":{"date":"2014-09-10T14:20:03.357Z","age":9},"phone":"(389) 459-2795","cell":"(832) 391-4100","id":{"name":"SSN","value":"442-75-8547"},"picture":{"large":"https://randomuser.me/api/portraits/women/52.jpg","medium":"https://randomuser.me/api/portraits/med/women/52.jpg","thumbnail":"https://randomuser.me/api/portraits/thumb/women/52.jpg"},"nat":"US"}],"info":{"seed":"3dca116939072a98","results":1,"page":1,"version":"1.4"}} 
 </msg>
<msg time="2024-05-26T11:12:19.207850" level="INFO">/opt/hostedtoolcache/Python/3.12.3/x64/lib/python3.12/site-packages/urllib3/connectionpool.py:1103: InsecureRequestWarning: Unverified HTTPS request is being made to host 'randomuser.me'. Adding certificate verification is strongly advised. See: https://urllib3.readthedocs.io/en/latest/advanced-usage.html#tls-warnings
  warnings.warn(</msg>
<msg time="2024-05-26T11:12:19.207973" level="INFO">${response} = &lt;Response [200]&gt;</msg>
<var>${response}</var>
<arg>consultarAPI</arg>
<arg>/api</arg>
<doc>Sends a GET request on a previously created HTTP Session.</doc>
<status status="PASS" start="2024-05-26T11:12:19.117468" elapsed="0.090544"/>
</kw>
<kw name="Set Variable" owner="BuiltIn">
<msg time="2024-05-26T11:12:19.209025" level="INFO">${json_data} = {'results': [{'gender': 'female', 'name': {'title': 'Ms', 'first': 'Leta', 'last': 'Cole'}, 'location': {'street': {'number': 9902, 'name': 'W Gray St'}, 'city': 'San Antonio', 'state': 'Oklahoma', 'c...</msg>
<var>${json_data}</var>
<arg>${response.json()}</arg>
<doc>Returns the given values which can then be assigned to a variables.</doc>
<status status="PASS" start="2024-05-26T11:12:19.208461" elapsed="0.000594"/>
</kw>
<kw name="Log" owner="BuiltIn">
<msg time="2024-05-26T11:12:19.209525" level="INFO">{'results': [{'gender': 'female', 'name': {'title': 'Ms', 'first': 'Leta', 'last': 'Cole'}, 'location': {'street': {'number': 9902, 'name': 'W Gray St'}, 'city': 'San Antonio', 'state': 'Oklahoma', 'country': 'United States', 'postcode': 56700, 'coordinates': {'latitude': '87.1381', 'longitude': '175.7317'}, 'timezone': {'offset': '-10:00', 'description': 'Hawaii'}}, 'email': 'leta.cole@example.com', 'login': {'uuid': '92d1fecb-801a-408d-82a7-988982ee59f3', 'username': 'lazymeercat600', 'password': 'napster', 'salt': 'ceOcI2Gi', 'md5': 'f5a79c4aa3d9c02b07a8198a872c9ee0', 'sha1': '456f084e3bd20d59654a089880c52d0e5c47f490', 'sha256': '0f67675d432135669d16ad6849639149ca5ea7386553f6c60aeb8814723361ba'}, 'dob': {'date': '1974-01-07T13:44:03.812Z', 'age': 50}, 'registered': {'date': '2014-09-10T14:20:03.357Z', 'age': 9}, 'phone': '(389) 459-2795', 'cell': '(832) 391-4100', 'id': {'name': 'SSN', 'value': '442-75-8547'}, 'picture': {'large': 'https://randomuser.me/api/portraits/women/52.jpg', 'medium': 'https://randomuser.me/api/portraits/med/women/52.jpg', 'thumbnail': 'https://randomuser.me/api/portraits/thumb/women/52.jpg'}, 'nat': 'US'}], 'info': {'seed': '3dca116939072a98', 'results': 1, 'page': 1, 'version': '1.4'}}</msg>
<arg>${json_data}</arg>
<doc>Logs the given message with the given level.</doc>
<status status="PASS" start="2024-05-26T11:12:19.209368" elapsed="0.000234"/>
</kw>
<kw name="Should Be Equal As Numbers" owner="BuiltIn">
<arg>${json_data['results'][0]['location']['postcode']}</arg>
<arg>${json_data['results'][0]['location']['postcode']}</arg>
<doc>Fails if objects are unequal after converting them to real numbers.</doc>
<status status="PASS" start="2024-05-26T11:12:19.209909" elapsed="0.000759"/>
</kw>
<kw name="Log" owner="BuiltIn">
<msg time="2024-05-26T11:12:19.211211" level="INFO">56700</msg>
<arg>${json_data['results'][0]['location']['postcode']}</arg>
<doc>Logs the given message with the given level.</doc>
<status status="PASS" start="2024-05-26T11:12:19.210868" elapsed="0.000385"/>
</kw>
<status status="PASS" start="2024-05-26T11:12:19.117213" elapsed="0.094295"/>
</kw>
<doc>Testa se os tipos de dados na resposta da API estão corretos.</doc>
<tag>testeTiposDados</tag>
<status status="PASS" start="2024-05-26T11:12:19.048032" elapsed="0.163635"/>
</test>
<test id="s1-s1-t5" name="Validar conteudo" line="35">
<kw name="Teste de Tipos de Conteudo" owner="random-user-service">
<kw name="GET On Session" owner="RequestsLibrary">
<msg time="2024-05-26T11:12:19.308919" level="INFO">GET Request : url=https://randomuser.me/api 
 path_url=/api 
 headers={'User-Agent': 'python-requests/2.32.2', 'Accept-Encoding': 'gzip, deflate', 'Accept': '*/*', 'Connection': 'keep-alive'} 
 body=None 
 </msg>
<msg time="2024-05-26T11:12:19.309005" level="INFO">GET Response : url=https://randomuser.me/api 
 status=200, reason=OK 
 headers={'Date': 'Sun, 26 May 2024 11:12:19 GMT', 'Content-Type': 'application/json; charset=utf-8', 'Transfer-Encoding': 'chunked', 'Connection': 'keep-alive', 'X-Powered-By': 'Express', 'Access-Control-Allow-Origin': '*', 'Cache-Control': 'no-cache', 'ETag': 'W/"45f-buFGQ0EkuCvOCpNvdkPWBVCMNOo"', 'Vary': 'Accept-Encoding', 'Content-Encoding': 'gzip', 'CF-Cache-Status': 'DYNAMIC', 'Report-To': '{"endpoints":[{"url":"https:\\/\\/a.nel.cloudflare.com\\/report\\/v4?s=n2wHkSVI5K2m%2BTzvQgIhj7KjcL%2FVZZ3LDVTfQ8qe0w82z%2BrK6KT5cXq3Z%2BAaRP6AAntf0dXbpJKdOIPAe7Hg1yfVnQZViEmtADhQVEccDiKEdn2NX5VCH979TiMFQ%2FuD"}],"group":"cf-nel","max_age":604800}', 'NEL': '{"success_fraction":0,"report_to":"cf-nel","max_age":604800}', 'Server': 'cloudflare', 'CF-RAY': '889d54581d142d55-ORD', 'alt-svc': 'h3=":443"; ma=86400'} 
 body={"results":[{"gender":"male","name":{"title":"Mr","first":"Gary","last":"West"},"location":{"street":{"number":6874,"name":"Denny Street"},"city":"Sallins","state":"Cavan","country":"Ireland","postcode":81692,"coordinates":{"latitude":"-3.7259","longitude":"-167.6204"},"timezone":{"offset":"-9:00","description":"Alaska"}},"email":"gary.west@example.com","login":{"uuid":"5f2a2d0c-88c1-4a4a-ae70-a28331851f4c","username":"heavybear708","password":"tucker","salt":"FGVeNqM6","md5":"6de61a2b293e8ee28e6ead19dbe41392","sha1":"295c92c7c45e210a8cc08b0cb9111839e20fb60e","sha256":"5fbb74fe8dbd43d91ed1d3531061451b8d76bd7e71d8f1af8bf6a34f2d1664bb"},"dob":{"date":"1954-06-21T09:57:00.269Z","age":69},"registered":{"date":"2012-07-05T07:10:19.180Z","age":11},"phone":"021-053-0927","cell":"081-260-9407","id":{"name":"PPS","value":"2787587T"},"picture":{"large":"https://randomuser.me/api/portraits/men/20.jpg","medium":"https://randomuser.me/api/portraits/med/men/20.jpg","thumbnail":"https://randomuser.me/api/portraits/thumb/men/20.jpg"},"nat":"IE"}],"info":{"seed":"1cf36a7a8c347bc7","results":1,"page":1,"version":"1.4"}} 
 </msg>
<msg time="2024-05-26T11:12:19.309077" level="INFO">/opt/hostedtoolcache/Python/3.12.3/x64/lib/python3.12/site-packages/urllib3/connectionpool.py:1103: InsecureRequestWarning: Unverified HTTPS request is being made to host 'randomuser.me'. Adding certificate verification is strongly advised. See: https://urllib3.readthedocs.io/en/latest/advanced-usage.html#tls-warnings
  warnings.warn(</msg>
<msg time="2024-05-26T11:12:19.309194" level="INFO">${response} = &lt;Response [200]&gt;</msg>
<var>${response}</var>
<arg>consultarAPI</arg>
<arg>/api</arg>
<doc>Sends a GET request on a previously created HTTP Session.</doc>
<status status="PASS" start="2024-05-26T11:12:19.214890" elapsed="0.094354"/>
</kw>
<kw name="Set Variable" owner="BuiltIn">
<msg time="2024-05-26T11:12:19.310164" level="INFO">${json_data} = {'results': [{'gender': 'male', 'name': {'title': 'Mr', 'first': 'Gary', 'last': 'West'}, 'location': {'street': {'number': 6874, 'name': 'Denny Street'}, 'city': 'Sallins', 'state': 'Cavan', 'country...</msg>
<var>${json_data}</var>
<arg>${response.json()}</arg>
<doc>Returns the given values which can then be assigned to a variables.</doc>
<status status="PASS" start="2024-05-26T11:12:19.309718" elapsed="0.000476"/>
</kw>
<kw name="Set Variable" owner="BuiltIn">
<msg time="2024-05-26T11:12:19.310904" level="INFO">${name_title} = Mr</msg>
<var>${name_title}</var>
<arg>${json_data["results"][0]["name"]["title"]}</arg>
<doc>Returns the given values which can then be assigned to a variables.</doc>
<status status="PASS" start="2024-05-26T11:12:19.310513" elapsed="0.000416"/>
</kw>
<kw name="Create List" owner="BuiltIn">
<msg time="2024-05-26T11:12:19.311413" level="INFO">${allowed_titles} = ['Mr', 'Ms', 'Miss', 'Mrs', 'Madame', 'Monsieur']</msg>
<var>${allowed_titles}</var>
<arg>Mr</arg>
<arg>Ms</arg>
<arg>Miss</arg>
<arg>Mrs</arg>
<arg>Madame</arg>
<arg>Monsieur</arg>
<doc>Returns a list containing given items.</doc>
<status status="PASS" start="2024-05-26T11:12:19.311238" elapsed="0.000207"/>
</kw>
<kw name="List Should Contain Value" owner="Collections">
<msg time="2024-05-26T11:12:19.311962" level="INFO">False</msg>
<arg>${allowed_titles}</arg>
<arg>${name_title}</arg>
<doc>Fails if the ``value`` is not found from ``list``.</doc>
<status status="PASS" start="2024-05-26T11:12:19.311751" elapsed="0.000252"/>
</kw>
<kw name="Set Variable" owner="BuiltIn">
<msg time="2024-05-26T11:12:19.312684" level="INFO">${name_country} = IE</msg>
<var>${name_country}</var>
<arg>${json_data["results"][0]["nat"]}</arg>
<doc>Returns the given values which can then be assigned to a variables.</doc>
<status status="PASS" start="2024-05-26T11:12:19.312304" elapsed="0.000405"/>
</kw>
<kw name="Create List" owner="BuiltIn">
<msg time="2024-05-26T11:12:19.313609" level="INFO">${list_country} = ['AD', 'AE', 'AF', 'AG', 'AI', 'AL', 'AM', 'AO', 'AQ', 'AR', 'AS', 'AT', 'AU', 'AW', 'AX', 'AZ', 'BA', 'BB', 'BD', 'BE', 'BF', 'BG', 'BH', 'BI', 'BJ', 'BL', 'BM', 'BN', 'BO', 'BQ', 'BR', 'BS', 'BT', '...</msg>
<var>${list_country}</var>
<arg>AD</arg>
<arg>AE</arg>
<arg>AF</arg>
<arg>AG</arg>
<arg>AI</arg>
<arg>AL</arg>
<arg>AM</arg>
<arg>AO</arg>
<arg>AQ</arg>
<arg>AR</arg>
<arg>AS</arg>
<arg>AT</arg>
<arg>AU</arg>
<arg>AW</arg>
<arg>AX</arg>
<arg>AZ</arg>
<arg>BA</arg>
<arg>BB</arg>
<arg>BD</arg>
<arg>BE</arg>
<arg>BF</arg>
<arg>BG</arg>
<arg>BH</arg>
<arg>BI</arg>
<arg>BJ</arg>
<arg>BL</arg>
<arg>BM</arg>
<arg>BN</arg>
<arg>BO</arg>
<arg>BQ</arg>
<arg>BR</arg>
<arg>BS</arg>
<arg>BT</arg>
<arg>BV</arg>
<arg>BW</arg>
<arg>BY</arg>
<arg>BZ</arg>
<arg>CA</arg>
<arg>CC</arg>
<arg>CD</arg>
<arg>CF</arg>
<arg>CG</arg>
<arg>CH</arg>
<arg>CI</arg>
<arg>CK</arg>
<arg>CL</arg>
<arg>CM</arg>
<arg>CN</arg>
<arg>CO</arg>
<arg>CR</arg>
<arg>CU</arg>
<arg>CV</arg>
<arg>CW</arg>
<arg>CX</arg>
<arg>CY</arg>
<arg>CZ</arg>
<arg>DE</arg>
<arg>DJ</arg>
<arg>DK</arg>
<arg>DM</arg>
<arg>DO</arg>
<arg>DZ</arg>
<arg>EC</arg>
<arg>EE</arg>
<arg>EG</arg>
<arg>EH</arg>
<arg>ER</arg>
<arg>ES</arg>
<arg>ET</arg>
<arg>FI</arg>
<arg>FJ</arg>
<arg>FK</arg>
<arg>FM</arg>
<arg>FO</arg>
<arg>FR</arg>
<arg>GA</arg>
<arg>GB</arg>
<arg>GD</arg>
<arg>GE</arg>
<arg>GF</arg>
<arg>GG</arg>
<arg>GH</arg>
<arg>GI</arg>
<arg>GL</arg>
<arg>GM</arg>
<arg>GN</arg>
<arg>GP</arg>
<arg>GQ</arg>
<arg>GR</arg>
<arg>GS</arg>
<arg>GT</arg>
<arg>GU</arg>
<arg>GW</arg>
<arg>GY</arg>
<arg>HK</arg>
<arg>HM</arg>
<arg>HN</arg>
<arg>HR</arg>
<arg>HT</arg>
<arg>HU</arg>
<arg>ID</arg>
<arg>IE</arg>
<arg>IL</arg>
<arg>IM</arg>
<arg>IN</arg>
<arg>IO</arg>
<arg>IQ</arg>
<arg>IR</arg>
<arg>IS</arg>
<arg>IT</arg>
<arg>JE</arg>
<arg>JM</arg>
<arg>JO</arg>
<arg>JP</arg>
<arg>KE</arg>
<arg>KG</arg>
<arg>KH</arg>
<arg>KI</arg>
<arg>KM</arg>
<arg>KN</arg>
<arg>KP</arg>
<arg>KR</arg>
<arg>KW</arg>
<arg>KY</arg>
<arg>KZ</arg>
<arg>LA</arg>
<arg>LB</arg>
<arg>LC</arg>
<arg>LI</arg>
<arg>LK</arg>
<arg>LR</arg>
<arg>LS</arg>
<arg>LT</arg>
<arg>LU</arg>
<arg>LV</arg>
<arg>LY</arg>
<arg>MA</arg>
<arg>MC</arg>
<arg>MD</arg>
<arg>ME</arg>
<arg>MF</arg>
<arg>MG</arg>
<arg>MH</arg>
<arg>MK</arg>
<arg>ML</arg>
<arg>MM</arg>
<arg>MN</arg>
<arg>MO</arg>
<arg>MP</arg>
<arg>MQ</arg>
<arg>MR</arg>
<arg>MS</arg>
<arg>MT</arg>
<arg>MU</arg>
<arg>MV</arg>
<arg>MW</arg>
<arg>MX</arg>
<arg>MY</arg>
<arg>MZ</arg>
<arg>NA</arg>
<arg>NC</arg>
<arg>NE</arg>
<arg>NF</arg>
<arg>NG</arg>
<arg>NI</arg>
<arg>NL</arg>
<arg>NO</arg>
<arg>NP</arg>
<arg>NR</arg>
<arg>NU</arg>
<arg>NZ</arg>
<arg>OM</arg>
<arg>PA</arg>
<arg>PE</arg>
<arg>PF</arg>
<arg>PG</arg>
<arg>PH</arg>
<arg>PK</arg>
<arg>PL</arg>
<arg>PM</arg>
<arg>PN</arg>
<arg>PR</arg>
<arg>PS</arg>
<arg>PT</arg>
<arg>PW</arg>
<arg>PY</arg>
<arg>QA</arg>
<arg>RE</arg>
<arg>RO</arg>
<arg>RS</arg>
<arg>RU</arg>
<arg>RW</arg>
<arg>SA</arg>
<arg>SB</arg>
<arg>SC</arg>
<arg>SD</arg>
<arg>SE</arg>
<arg>SG</arg>
<arg>SH</arg>
<arg>SI</arg>
<arg>SJ</arg>
<arg>SK</arg>
<arg>SL</arg>
<arg>SM</arg>
<arg>SN</arg>
<arg>SO</arg>
<arg>SR</arg>
<arg>SS</arg>
<arg>ST</arg>
<arg>SV</arg>
<arg>SX</arg>
<arg>SY</arg>
<arg>SZ</arg>
<arg>TC</arg>
<arg>TD</arg>
<arg>TF</arg>
<arg>TG</arg>
<arg>TH</arg>
<arg>TJ</arg>
<arg>TK</arg>
<arg>TL</arg>
<arg>TM</arg>
<arg>TN</arg>
<arg>TO</arg>
<arg>TR</arg>
<arg>TT</arg>
<arg>TV</arg>
<arg>TW</arg>
<arg>TZ</arg>
<arg>UA</arg>
<arg>UG</arg>
<arg>UM</arg>
<arg>US</arg>
<arg>UY</arg>
<arg>UZ</arg>
<arg>VA</arg>
<arg>VC</arg>
<arg>VE</arg>
<arg>VG</arg>
<arg>VI</arg>
<arg>VN</arg>
<arg>VU</arg>
<arg>WF</arg>
<arg>WS</arg>
<arg>XK</arg>
<arg>YE</arg>
<arg>YT</arg>
<arg>ZA</arg>
<arg>ZM</arg>
<arg>ZW</arg>
<doc>Returns a list containing given items.</doc>
<status status="PASS" start="2024-05-26T11:12:19.313011" elapsed="0.000624"/>
</kw>
<kw name="List Should Contain Value" owner="Collections">
<msg time="2024-05-26T11:12:19.314625" level="INFO">False</msg>
<arg>${list_country}</arg>
<arg>${name_country}</arg>
<doc>Fails if the ``value`` is not found from ``list``.</doc>
<status status="PASS" start="2024-05-26T11:12:19.314422" elapsed="0.000239"/>
</kw>
<kw name="Run Keyword If" owner="BuiltIn">
<kw name="Should Be True" owner="BuiltIn">
<arg>${True}</arg>
<doc>Fails if the given condition is not true.</doc>
<status status="PASS" start="2024-05-26T11:12:19.315720" elapsed="0.000171"/>
</kw>
<arg>${json_data["results"][0]["location"]["coordinates"]["latitude"]} &gt;= -90 and ${json_data["results"][0]["location"]["coordinates"]["latitude"]} &lt;= 90</arg>
<arg>Should Be True</arg>
<arg>${True}</arg>
<doc>Runs the given keyword with the given arguments, if ``condition`` is true.</doc>
<status status="PASS" start="2024-05-26T11:12:19.314973" elapsed="0.001048"/>
</kw>
<kw name="Run Keyword If" owner="BuiltIn">
<kw name="Should Be True" owner="BuiltIn">
<arg>${True}</arg>
<doc>Fails if the given condition is not true.</doc>
<status status="PASS" start="2024-05-26T11:12:19.316925" elapsed="0.000248"/>
</kw>
<arg>${json_data["results"][0]["location"]["coordinates"]["longitude"]} &gt;= -180 and ${json_data["results"][0]["location"]["coordinates"]["longitude"]} &lt;= 180</arg>
<arg>Should Be True</arg>
<arg>${True}</arg>
<doc>Runs the given keyword with the given arguments, if ``condition`` is true.</doc>
<status status="PASS" start="2024-05-26T11:12:19.316208" elapsed="0.001092"/>
</kw>
<status status="PASS" start="2024-05-26T11:12:19.214523" elapsed="0.102908"/>
</kw>
<doc>Testa o conteúdo específico dos campos retornados pela API.</doc>
<tag>testeConteudo</tag>
<status status="PASS" start="2024-05-26T11:12:19.213853" elapsed="0.103719"/>
</test>
<status status="PASS" start="2024-05-26T11:12:18.330792" elapsed="0.988644"/>
</suite>
<status status="PASS" start="2024-05-26T11:12:18.317381" elapsed="1.007188"/>
</suite>
<statistics>
<total>
<stat pass="5" fail="0" skip="0">All Tests</stat>
</total>
<tag>
<stat pass="1" fail="0" skip="0">testeConteudo</stat>
<stat pass="1" fail="0" skip="0">testeEstruturaResposta</stat>
<stat pass="1" fail="0" skip="0">testeRequisicaoBasica</stat>
<stat pass="1" fail="0" skip="0">testeTiposDados</stat>
</tag>
<suite>
<stat pass="5" fail="0" skip="0" id="s1" name="Tests">Tests</stat>
<stat pass="5" fail="0" skip="0" id="s1-s1" name="Random-User-Test">Tests.Random-User-Test</stat>
</suite>
</statistics>
<errors>
</errors>
</robot>
