<?xml version="1.0" encoding="UTF-8"?>
<robot generator="Robot 7.0 (Python 3.12.3 on linux)" generated="2024-05-16T21:14:05.249686" rpa="false" schemaversion="5">
<suite id="s1" name="Tests" source="/home/runner/work/DesafioQAItauRogerioJordao/DesafioQAItauRogerioJordao/RamdonUser/tests">
<suite id="s1-s1" name="Random-User-Test" source="/home/runner/work/DesafioQAItauRogerioJordao/DesafioQAItauRogerioJordao/RamdonUser/tests/random-user-test.robot">
<test id="s1-s1-t1" name="Conectar" line="13">
<kw name="Conectar API" owner="random-user-service">
<kw name="Create Session" owner="RequestsLibrary">
<msg time="2024-05-16T21:14:05.606852" level="INFO">Creating Session using : alias=consultarAPI, url=https://randomuser.me/, headers={},                     cookies={}, auth=None, timeout=None, proxies=None, verify=False,                     debug=0 </msg>
<arg>consultarAPI</arg>
<arg>${URL}</arg>
<doc>Create Session: create a HTTP session to a server</doc>
<status status="PASS" start="2024-05-16T21:14:05.606660" elapsed="0.000354"/>
</kw>
<status status="PASS" start="2024-05-16T21:14:05.605738" elapsed="0.001614"/>
</kw>
<status status="PASS" start="2024-05-16T21:14:05.605176" elapsed="0.002363"/>
</test>
<test id="s1-s1-t2" name="Validar retorno 200 e JSON Válido" line="16">
<kw name="Teste de Requisicao Basica" owner="random-user-service">
<kw name="GET On Session" owner="RequestsLibrary">
<msg time="2024-05-16T21:14:05.812741" level="INFO">GET Request : url=https://randomuser.me/api 
 path_url=/api 
 headers={'User-Agent': 'python-requests/2.31.0', 'Accept-Encoding': 'gzip, deflate', 'Accept': '*/*', 'Connection': 'keep-alive'} 
 body=None 
 </msg>
<msg time="2024-05-16T21:14:05.812845" level="INFO">GET Response : url=https://randomuser.me/api 
 status=200, reason=OK 
 headers={'Date': 'Thu, 16 May 2024 21:14:05 GMT', 'Content-Type': 'application/json; charset=utf-8', 'Transfer-Encoding': 'chunked', 'Connection': 'keep-alive', 'X-Powered-By': 'Express', 'Access-Control-Allow-Origin': '*', 'Cache-Control': 'no-cache', 'ETag': 'W/"4ad-0Ems40Bdi9CQpuhKCen3DQJ/yVY"', 'Vary': 'Accept-Encoding', 'Content-Encoding': 'gzip', 'CF-Cache-Status': 'DYNAMIC', 'Report-To': '{"endpoints":[{"url":"https:\\/\\/a.nel.cloudflare.com\\/report\\/v4?s=ZDlduHCqHkhnKELfCx%2F3WGD0Ifr8QIv36%2BmttIO4XkG10e0D25eQ3wmcTxMH1oipe9ZO4nbnufUAMEKjaMkIStmxDCi4VR9GV791SnlP2I%2F5hj7lruC3I24XO2UPTH7l"}],"group":"cf-nel","max_age":604800}', 'NEL': '{"success_fraction":0,"report_to":"cf-nel","max_age":604800}', 'Server': 'cloudflare', 'CF-RAY': '884e6019ed302412-IAD', 'alt-svc': 'h3=":443"; ma=86400'} 
 body={"results":[{"gender":"female","name":{"title":"Mrs","first":"Kayley","last":"Kuijs"},"location":{"street":{"number":3191,"name":"Jan van Gentlaan"},"city":"Beek Lb","state":"Noord-Brabant","country":"Netherlands","postcode":"6619 XC","coordinates":{"latitude":"31.4143","longitude":"112.7430"},"timezone":{"offset":"0:00","description":"Western Europe Time, London, Lisbon, Casablanca"}},"email":"kayley.kuijs@example.com","login":{"uuid":"76575d19-b70b-45c8-91a4-a9125df807ee","username":"crazyostrich645","password":"older","salt":"CbQtUHxf","md5":"8eee3a9287ab62b1972a62cd905190eb","sha1":"6c474466a49addfd6bf3ee847aa9ccf17a17724e","sha256":"687c4763cf4c127a5d3fab7e978379eb5fd1ea0aa55c65d56c991af79a28c369"},"dob":{"date":"1950-10-10T10:27:13.726Z","age":73},"registered":{"date":"2004-10-02T20:43:40.110Z","age":19},"phone":"(089) 5048956","cell":"(06) 90538110","id":{"name":"BSN","value":"18457382"},"picture":{"large":"https://randomuser.me/api/portraits/women/31.jpg","medium":"https://randomuser.me/api/portraits/med/women/31.jpg","thumbnail":"https://randomuser.me/api/portraits/thumb/women/31.jpg"},"nat":"NL"}],"info":{"seed":"5fdb750af59f3810","results":1,"page":1,"version":"1.4"}} 
 </msg>
<msg time="2024-05-16T21:14:05.812912" level="INFO">/opt/hostedtoolcache/Python/3.12.3/x64/lib/python3.12/site-packages/urllib3/connectionpool.py:1103: InsecureRequestWarning: Unverified HTTPS request is being made to host 'randomuser.me'. Adding certificate verification is strongly advised. See: https://urllib3.readthedocs.io/en/latest/advanced-usage.html#tls-warnings
  warnings.warn(</msg>
<msg time="2024-05-16T21:14:05.813018" level="INFO">${response} = &lt;Response [200]&gt;</msg>
<var>${response}</var>
<arg>consultarAPI</arg>
<arg>/api</arg>
<doc>Sends a GET request on a previously created HTTP Session.</doc>
<status status="PASS" start="2024-05-16T21:14:05.610245" elapsed="0.202814"/>
</kw>
<kw name="Should Be Equal As Numbers" owner="BuiltIn">
<msg time="2024-05-16T21:14:05.813932" level="INFO">Argument types are:
&lt;class 'int'&gt;
&lt;class 'str'&gt;</msg>
<arg>${response.status_code}</arg>
<arg>200</arg>
<doc>Fails if objects are unequal after converting them to real numbers.</doc>
<status status="PASS" start="2024-05-16T21:14:05.813518" elapsed="0.000477"/>
</kw>
<kw name="Log" owner="BuiltIn">
<msg time="2024-05-16T21:14:05.814693" level="INFO">200</msg>
<arg>${response.status_code}</arg>
<doc>Logs the given message with the given level.</doc>
<status status="PASS" start="2024-05-16T21:14:05.814341" elapsed="0.000394"/>
</kw>
<kw name="Set Variable" owner="BuiltIn">
<msg time="2024-05-16T21:14:05.815463" level="INFO">${json_data} = {'results': [{'gender': 'female', 'name': {'title': 'Mrs', 'first': 'Kayley', 'last': 'Kuijs'}, 'location': {'street': {'number': 3191, 'name': 'Jan van Gentlaan'}, 'city': 'Beek Lb', 'state': 'Noord-...</msg>
<var>${json_data}</var>
<arg>${response.json()}</arg>
<doc>Returns the given values which can then be assigned to a variables.</doc>
<status status="PASS" start="2024-05-16T21:14:05.815041" elapsed="0.000449"/>
</kw>
<kw name="Dictionary Should Contain Key" owner="Collections">
<msg time="2024-05-16T21:14:05.816004" level="INFO">False</msg>
<arg>${json_data}</arg>
<arg>results</arg>
<doc>Fails if ``key`` is not found from ``dictionary``.</doc>
<status status="PASS" start="2024-05-16T21:14:05.815787" elapsed="0.000259"/>
</kw>
<status status="PASS" start="2024-05-16T21:14:05.610006" elapsed="0.206303"/>
</kw>
<doc>Testa se a API responde corretamente e retorna um objeto JSON válido.</doc>
<tag>testeRequisicaoBasica</tag>
<status status="PASS" start="2024-05-16T21:14:05.609485" elapsed="0.206999"/>
</test>
<test id="s1-s1-t3" name="Validar estrutura de resposta" line="22">
<kw name="Teste de Estrutura de Resposta" owner="random-user-service">
<kw name="GET On Session" owner="RequestsLibrary">
<msg time="2024-05-16T21:14:05.912503" level="INFO">GET Request : url=https://randomuser.me/api 
 path_url=/api 
 headers={'User-Agent': 'python-requests/2.31.0', 'Accept-Encoding': 'gzip, deflate', 'Accept': '*/*', 'Connection': 'keep-alive'} 
 body=None 
 </msg>
<msg time="2024-05-16T21:14:05.912583" level="INFO">GET Response : url=https://randomuser.me/api 
 status=200, reason=OK 
 headers={'Date': 'Thu, 16 May 2024 21:14:05 GMT', 'Content-Type': 'application/json; charset=utf-8', 'Transfer-Encoding': 'chunked', 'Connection': 'keep-alive', 'X-Powered-By': 'Express', 'Access-Control-Allow-Origin': '*', 'Cache-Control': 'no-cache', 'ETag': 'W/"4b6-20bbToFaxM0KvCDnk1b6cCohcEo"', 'Vary': 'Accept-Encoding', 'Content-Encoding': 'gzip', 'CF-Cache-Status': 'DYNAMIC', 'Report-To': '{"endpoints":[{"url":"https:\\/\\/a.nel.cloudflare.com\\/report\\/v4?s=9mWI4fd0%2BSlG9gTl%2FBwopfIPqAzstmSodupxApP3SorFfJlrvAXuBLf2tEsgZfWF0LArYyXakwPfRyPX8UaT6fmFwD4ShPiL%2FWc%2FRvhcBni2dbnnIMbzp2xtoZmQVh5k"}],"group":"cf-nel","max_age":604800}', 'NEL': '{"success_fraction":0,"report_to":"cf-nel","max_age":604800}', 'Server': 'cloudflare', 'CF-RAY': '884e601a6dc22412-IAD', 'alt-svc': 'h3=":443"; ma=86400'} 
 body={"results":[{"gender":"female","name":{"title":"Mademoiselle","first":"Janine","last":"Mathieu"},"location":{"street":{"number":1113,"name":"Rue de Gerland"},"city":"Kirchdorf (Be)","state":"Aargau","country":"Switzerland","postcode":8359,"coordinates":{"latitude":"-59.0202","longitude":"127.6101"},"timezone":{"offset":"-6:00","description":"Central Time (US &amp; Canada), Mexico City"}},"email":"janine.mathieu@example.com","login":{"uuid":"7ac31870-46c1-4a47-87ea-6c8c56d02960","username":"purplegorilla813","password":"toejam","salt":"AVhPqDHE","md5":"887dbd4d29a1de36dec034e8007c508a","sha1":"48f3f8c80937c928a775a39fa01acdce24e532b8","sha256":"0d70153969dbf4d206593b38f2fa76b1c099bedfbab882dd26695dc6d74a966b"},"dob":{"date":"1976-01-30T19:41:27.434Z","age":48},"registered":{"date":"2017-07-25T04:05:52.303Z","age":6},"phone":"075 154 04 41","cell":"079 105 84 53","id":{"name":"AVS","value":"756.0981.2052.76"},"picture":{"large":"https://randomuser.me/api/portraits/women/30.jpg","medium":"https://randomuser.me/api/portraits/med/women/30.jpg","thumbnail":"https://randomuser.me/api/portraits/thumb/women/30.jpg"},"nat":"CH"}],"info":{"seed":"50c2f0e334f3bf2c","results":1,"page":1,"version":"1.4"}} 
 </msg>
<msg time="2024-05-16T21:14:05.912693" level="INFO">/opt/hostedtoolcache/Python/3.12.3/x64/lib/python3.12/site-packages/urllib3/connectionpool.py:1103: InsecureRequestWarning: Unverified HTTPS request is being made to host 'randomuser.me'. Adding certificate verification is strongly advised. See: https://urllib3.readthedocs.io/en/latest/advanced-usage.html#tls-warnings
  warnings.warn(</msg>
<msg time="2024-05-16T21:14:05.912819" level="INFO">${response} = &lt;Response [200]&gt;</msg>
<var>${response}</var>
<arg>consultarAPI</arg>
<arg>/api</arg>
<doc>Sends a GET request on a previously created HTTP Session.</doc>
<status status="PASS" start="2024-05-16T21:14:05.819052" elapsed="0.093817"/>
</kw>
<kw name="Set Variable" owner="BuiltIn">
<msg time="2024-05-16T21:14:05.913840" level="INFO">${json_data} = {'results': [{'gender': 'female', 'name': {'title': 'Mademoiselle', 'first': 'Janine', 'last': 'Mathieu'}, 'location': {'street': {'number': 1113, 'name': 'Rue de Gerland'}, 'city': 'Kirchdorf (Be)', ...</msg>
<var>${json_data}</var>
<arg>${response.json()}</arg>
<doc>Returns the given values which can then be assigned to a variables.</doc>
<status status="PASS" start="2024-05-16T21:14:05.913300" elapsed="0.000569"/>
</kw>
<kw name="Log" owner="BuiltIn">
<msg time="2024-05-16T21:14:05.914324" level="INFO">{'results': [{'gender': 'female', 'name': {'title': 'Mademoiselle', 'first': 'Janine', 'last': 'Mathieu'}, 'location': {'street': {'number': 1113, 'name': 'Rue de Gerland'}, 'city': 'Kirchdorf (Be)', 'state': 'Aargau', 'country': 'Switzerland', 'postcode': 8359, 'coordinates': {'latitude': '-59.0202', 'longitude': '127.6101'}, 'timezone': {'offset': '-6:00', 'description': 'Central Time (US &amp; Canada), Mexico City'}}, 'email': 'janine.mathieu@example.com', 'login': {'uuid': '7ac31870-46c1-4a47-87ea-6c8c56d02960', 'username': 'purplegorilla813', 'password': 'toejam', 'salt': 'AVhPqDHE', 'md5': '887dbd4d29a1de36dec034e8007c508a', 'sha1': '48f3f8c80937c928a775a39fa01acdce24e532b8', 'sha256': '0d70153969dbf4d206593b38f2fa76b1c099bedfbab882dd26695dc6d74a966b'}, 'dob': {'date': '1976-01-30T19:41:27.434Z', 'age': 48}, 'registered': {'date': '2017-07-25T04:05:52.303Z', 'age': 6}, 'phone': '075 154 04 41', 'cell': '079 105 84 53', 'id': {'name': 'AVS', 'value': '756.0981.2052.76'}, 'picture': {'large': 'https://randomuser.me/api/portraits/women/30.jpg', 'medium': 'https://randomuser.me/api/portraits/med/women/30.jpg', 'thumbnail': 'https://randomuser.me/api/portraits/thumb/women/30.jpg'}, 'nat': 'CH'}], 'info': {'seed': '50c2f0e334f3bf2c', 'results': 1, 'page': 1, 'version': '1.4'}}</msg>
<arg>${json_data}</arg>
<doc>Logs the given message with the given level.</doc>
<status status="PASS" start="2024-05-16T21:14:05.914172" elapsed="0.000200"/>
</kw>
<kw name="Dictionary Should Contain Key" owner="Collections">
<msg time="2024-05-16T21:14:05.914815" level="INFO">False</msg>
<arg>${json_data}</arg>
<arg>results</arg>
<doc>Fails if ``key`` is not found from ``dictionary``.</doc>
<status status="PASS" start="2024-05-16T21:14:05.914661" elapsed="0.000189"/>
</kw>
<kw name="Should Not Be Empty" owner="BuiltIn">
<msg time="2024-05-16T21:14:05.915268" level="INFO">Length is 2.</msg>
<arg>${json_data}</arg>
<doc>Verifies that the given item is not empty.</doc>
<status status="PASS" start="2024-05-16T21:14:05.915139" elapsed="0.000294"/>
</kw>
<kw name="Create List" owner="BuiltIn">
<msg time="2024-05-16T21:14:05.915917" level="INFO">${expected_keys} = ['gender', 'name', 'location', 'email', 'login']</msg>
<var>${expected_keys}</var>
<arg>gender</arg>
<arg>name</arg>
<arg>location</arg>
<arg>email</arg>
<arg>login</arg>
<doc>Returns a list containing given items.</doc>
<status status="PASS" start="2024-05-16T21:14:05.915727" elapsed="0.000215"/>
</kw>
<for flavor="IN">
<iter>
<kw name="Dictionary Should Contain Key" owner="Collections">
<msg time="2024-05-16T21:14:05.916897" level="INFO">False</msg>
<arg>${json_data['results'][0]}</arg>
<arg>${key}</arg>
<doc>Fails if ``key`` is not found from ``dictionary``.</doc>
<status status="PASS" start="2024-05-16T21:14:05.916503" elapsed="0.000441"/>
</kw>
<kw name="Log" owner="BuiltIn">
<msg time="2024-05-16T21:14:05.917609" level="INFO">{'gender': 'female', 'name': {'title': 'Mademoiselle', 'first': 'Janine', 'last': 'Mathieu'}, 'location': {'street': {'number': 1113, 'name': 'Rue de Gerland'}, 'city': 'Kirchdorf (Be)', 'state': 'Aargau', 'country': 'Switzerland', 'postcode': 8359, 'coordinates': {'latitude': '-59.0202', 'longitude': '127.6101'}, 'timezone': {'offset': '-6:00', 'description': 'Central Time (US &amp; Canada), Mexico City'}}, 'email': 'janine.mathieu@example.com', 'login': {'uuid': '7ac31870-46c1-4a47-87ea-6c8c56d02960', 'username': 'purplegorilla813', 'password': 'toejam', 'salt': 'AVhPqDHE', 'md5': '887dbd4d29a1de36dec034e8007c508a', 'sha1': '48f3f8c80937c928a775a39fa01acdce24e532b8', 'sha256': '0d70153969dbf4d206593b38f2fa76b1c099bedfbab882dd26695dc6d74a966b'}, 'dob': {'date': '1976-01-30T19:41:27.434Z', 'age': 48}, 'registered': {'date': '2017-07-25T04:05:52.303Z', 'age': 6}, 'phone': '075 154 04 41', 'cell': '079 105 84 53', 'id': {'name': 'AVS', 'value': '756.0981.2052.76'}, 'picture': {'large': 'https://randomuser.me/api/portraits/women/30.jpg', 'medium': 'https://randomuser.me/api/portraits/med/women/30.jpg', 'thumbnail': 'https://randomuser.me/api/portraits/thumb/women/30.jpg'}, 'nat': 'CH'}</msg>
<arg>${json_data['results'][0]}</arg>
<doc>Logs the given message with the given level.</doc>
<status status="PASS" start="2024-05-16T21:14:05.917251" elapsed="0.000408"/>
</kw>
<kw name="Log" owner="BuiltIn">
<msg time="2024-05-16T21:14:05.918081" level="INFO">gender</msg>
<arg>${key}</arg>
<doc>Logs the given message with the given level.</doc>
<status status="PASS" start="2024-05-16T21:14:05.917954" elapsed="0.000164"/>
</kw>
<var name="${key}">gender</var>
<status status="PASS" start="2024-05-16T21:14:05.916379" elapsed="0.001948"/>
</iter>
<iter>
<kw name="Dictionary Should Contain Key" owner="Collections">
<msg time="2024-05-16T21:14:05.918993" level="INFO">False</msg>
<arg>${json_data['results'][0]}</arg>
<arg>${key}</arg>
<doc>Fails if ``key`` is not found from ``dictionary``.</doc>
<status status="PASS" start="2024-05-16T21:14:05.918621" elapsed="0.000440"/>
</kw>
<kw name="Log" owner="BuiltIn">
<msg time="2024-05-16T21:14:05.919708" level="INFO">{'gender': 'female', 'name': {'title': 'Mademoiselle', 'first': 'Janine', 'last': 'Mathieu'}, 'location': {'street': {'number': 1113, 'name': 'Rue de Gerland'}, 'city': 'Kirchdorf (Be)', 'state': 'Aargau', 'country': 'Switzerland', 'postcode': 8359, 'coordinates': {'latitude': '-59.0202', 'longitude': '127.6101'}, 'timezone': {'offset': '-6:00', 'description': 'Central Time (US &amp; Canada), Mexico City'}}, 'email': 'janine.mathieu@example.com', 'login': {'uuid': '7ac31870-46c1-4a47-87ea-6c8c56d02960', 'username': 'purplegorilla813', 'password': 'toejam', 'salt': 'AVhPqDHE', 'md5': '887dbd4d29a1de36dec034e8007c508a', 'sha1': '48f3f8c80937c928a775a39fa01acdce24e532b8', 'sha256': '0d70153969dbf4d206593b38f2fa76b1c099bedfbab882dd26695dc6d74a966b'}, 'dob': {'date': '1976-01-30T19:41:27.434Z', 'age': 48}, 'registered': {'date': '2017-07-25T04:05:52.303Z', 'age': 6}, 'phone': '075 154 04 41', 'cell': '079 105 84 53', 'id': {'name': 'AVS', 'value': '756.0981.2052.76'}, 'picture': {'large': 'https://randomuser.me/api/portraits/women/30.jpg', 'medium': 'https://randomuser.me/api/portraits/med/women/30.jpg', 'thumbnail': 'https://randomuser.me/api/portraits/thumb/women/30.jpg'}, 'nat': 'CH'}</msg>
<arg>${json_data['results'][0]}</arg>
<doc>Logs the given message with the given level.</doc>
<status status="PASS" start="2024-05-16T21:14:05.919357" elapsed="0.000401"/>
</kw>
<kw name="Log" owner="BuiltIn">
<msg time="2024-05-16T21:14:05.920209" level="INFO">name</msg>
<arg>${key}</arg>
<doc>Logs the given message with the given level.</doc>
<status status="PASS" start="2024-05-16T21:14:05.920084" elapsed="0.000161"/>
</kw>
<var name="${key}">name</var>
<status status="PASS" start="2024-05-16T21:14:05.918509" elapsed="0.001949"/>
</iter>
<iter>
<kw name="Dictionary Should Contain Key" owner="Collections">
<msg time="2024-05-16T21:14:05.921168" level="INFO">False</msg>
<arg>${json_data['results'][0]}</arg>
<arg>${key}</arg>
<doc>Fails if ``key`` is not found from ``dictionary``.</doc>
<status status="PASS" start="2024-05-16T21:14:05.920743" elapsed="0.000465"/>
</kw>
<kw name="Log" owner="BuiltIn">
<msg time="2024-05-16T21:14:05.921868" level="INFO">{'gender': 'female', 'name': {'title': 'Mademoiselle', 'first': 'Janine', 'last': 'Mathieu'}, 'location': {'street': {'number': 1113, 'name': 'Rue de Gerland'}, 'city': 'Kirchdorf (Be)', 'state': 'Aargau', 'country': 'Switzerland', 'postcode': 8359, 'coordinates': {'latitude': '-59.0202', 'longitude': '127.6101'}, 'timezone': {'offset': '-6:00', 'description': 'Central Time (US &amp; Canada), Mexico City'}}, 'email': 'janine.mathieu@example.com', 'login': {'uuid': '7ac31870-46c1-4a47-87ea-6c8c56d02960', 'username': 'purplegorilla813', 'password': 'toejam', 'salt': 'AVhPqDHE', 'md5': '887dbd4d29a1de36dec034e8007c508a', 'sha1': '48f3f8c80937c928a775a39fa01acdce24e532b8', 'sha256': '0d70153969dbf4d206593b38f2fa76b1c099bedfbab882dd26695dc6d74a966b'}, 'dob': {'date': '1976-01-30T19:41:27.434Z', 'age': 48}, 'registered': {'date': '2017-07-25T04:05:52.303Z', 'age': 6}, 'phone': '075 154 04 41', 'cell': '079 105 84 53', 'id': {'name': 'AVS', 'value': '756.0981.2052.76'}, 'picture': {'large': 'https://randomuser.me/api/portraits/women/30.jpg', 'medium': 'https://randomuser.me/api/portraits/med/women/30.jpg', 'thumbnail': 'https://randomuser.me/api/portraits/thumb/women/30.jpg'}, 'nat': 'CH'}</msg>
<arg>${json_data['results'][0]}</arg>
<doc>Logs the given message with the given level.</doc>
<status status="PASS" start="2024-05-16T21:14:05.921511" elapsed="0.000406"/>
</kw>
<kw name="Log" owner="BuiltIn">
<msg time="2024-05-16T21:14:05.922332" level="INFO">location</msg>
<arg>${key}</arg>
<doc>Logs the given message with the given level.</doc>
<status status="PASS" start="2024-05-16T21:14:05.922209" elapsed="0.000160"/>
</kw>
<var name="${key}">location</var>
<status status="PASS" start="2024-05-16T21:14:05.920634" elapsed="0.001945"/>
</iter>
<iter>
<kw name="Dictionary Should Contain Key" owner="Collections">
<msg time="2024-05-16T21:14:05.923255" level="INFO">False</msg>
<arg>${json_data['results'][0]}</arg>
<arg>${key}</arg>
<doc>Fails if ``key`` is not found from ``dictionary``.</doc>
<status status="PASS" start="2024-05-16T21:14:05.922875" elapsed="0.000416"/>
</kw>
<kw name="Log" owner="BuiltIn">
<msg time="2024-05-16T21:14:05.923972" level="INFO">{'gender': 'female', 'name': {'title': 'Mademoiselle', 'first': 'Janine', 'last': 'Mathieu'}, 'location': {'street': {'number': 1113, 'name': 'Rue de Gerland'}, 'city': 'Kirchdorf (Be)', 'state': 'Aargau', 'country': 'Switzerland', 'postcode': 8359, 'coordinates': {'latitude': '-59.0202', 'longitude': '127.6101'}, 'timezone': {'offset': '-6:00', 'description': 'Central Time (US &amp; Canada), Mexico City'}}, 'email': 'janine.mathieu@example.com', 'login': {'uuid': '7ac31870-46c1-4a47-87ea-6c8c56d02960', 'username': 'purplegorilla813', 'password': 'toejam', 'salt': 'AVhPqDHE', 'md5': '887dbd4d29a1de36dec034e8007c508a', 'sha1': '48f3f8c80937c928a775a39fa01acdce24e532b8', 'sha256': '0d70153969dbf4d206593b38f2fa76b1c099bedfbab882dd26695dc6d74a966b'}, 'dob': {'date': '1976-01-30T19:41:27.434Z', 'age': 48}, 'registered': {'date': '2017-07-25T04:05:52.303Z', 'age': 6}, 'phone': '075 154 04 41', 'cell': '079 105 84 53', 'id': {'name': 'AVS', 'value': '756.0981.2052.76'}, 'picture': {'large': 'https://randomuser.me/api/portraits/women/30.jpg', 'medium': 'https://randomuser.me/api/portraits/med/women/30.jpg', 'thumbnail': 'https://randomuser.me/api/portraits/thumb/women/30.jpg'}, 'nat': 'CH'}</msg>
<arg>${json_data['results'][0]}</arg>
<doc>Logs the given message with the given level.</doc>
<status status="PASS" start="2024-05-16T21:14:05.923586" elapsed="0.000435"/>
</kw>
<kw name="Log" owner="BuiltIn">
<msg time="2024-05-16T21:14:05.924436" level="INFO">email</msg>
<arg>${key}</arg>
<doc>Logs the given message with the given level.</doc>
<status status="PASS" start="2024-05-16T21:14:05.924312" elapsed="0.000160"/>
</kw>
<var name="${key}">email</var>
<status status="PASS" start="2024-05-16T21:14:05.922748" elapsed="0.001934"/>
</iter>
<iter>
<kw name="Dictionary Should Contain Key" owner="Collections">
<msg time="2024-05-16T21:14:05.925335" level="INFO">False</msg>
<arg>${json_data['results'][0]}</arg>
<arg>${key}</arg>
<doc>Fails if ``key`` is not found from ``dictionary``.</doc>
<status status="PASS" start="2024-05-16T21:14:05.924958" elapsed="0.000414"/>
</kw>
<kw name="Log" owner="BuiltIn">
<msg time="2024-05-16T21:14:05.926021" level="INFO">{'gender': 'female', 'name': {'title': 'Mademoiselle', 'first': 'Janine', 'last': 'Mathieu'}, 'location': {'street': {'number': 1113, 'name': 'Rue de Gerland'}, 'city': 'Kirchdorf (Be)', 'state': 'Aargau', 'country': 'Switzerland', 'postcode': 8359, 'coordinates': {'latitude': '-59.0202', 'longitude': '127.6101'}, 'timezone': {'offset': '-6:00', 'description': 'Central Time (US &amp; Canada), Mexico City'}}, 'email': 'janine.mathieu@example.com', 'login': {'uuid': '7ac31870-46c1-4a47-87ea-6c8c56d02960', 'username': 'purplegorilla813', 'password': 'toejam', 'salt': 'AVhPqDHE', 'md5': '887dbd4d29a1de36dec034e8007c508a', 'sha1': '48f3f8c80937c928a775a39fa01acdce24e532b8', 'sha256': '0d70153969dbf4d206593b38f2fa76b1c099bedfbab882dd26695dc6d74a966b'}, 'dob': {'date': '1976-01-30T19:41:27.434Z', 'age': 48}, 'registered': {'date': '2017-07-25T04:05:52.303Z', 'age': 6}, 'phone': '075 154 04 41', 'cell': '079 105 84 53', 'id': {'name': 'AVS', 'value': '756.0981.2052.76'}, 'picture': {'large': 'https://randomuser.me/api/portraits/women/30.jpg', 'medium': 'https://randomuser.me/api/portraits/med/women/30.jpg', 'thumbnail': 'https://randomuser.me/api/portraits/thumb/women/30.jpg'}, 'nat': 'CH'}</msg>
<arg>${json_data['results'][0]}</arg>
<doc>Logs the given message with the given level.</doc>
<status status="PASS" start="2024-05-16T21:14:05.925666" elapsed="0.000403"/>
</kw>
<kw name="Log" owner="BuiltIn">
<msg time="2024-05-16T21:14:05.926507" level="INFO">login</msg>
<arg>${key}</arg>
<doc>Logs the given message with the given level.</doc>
<status status="PASS" start="2024-05-16T21:14:05.926381" elapsed="0.000162"/>
</kw>
<var name="${key}">login</var>
<status status="PASS" start="2024-05-16T21:14:05.924850" elapsed="0.001907"/>
</iter>
<var>${key}</var>
<value>@{expected_keys}</value>
<status status="PASS" start="2024-05-16T21:14:05.916201" elapsed="0.010677"/>
</for>
<kw name="Create List" owner="BuiltIn">
<msg time="2024-05-16T21:14:05.927197" level="INFO">${expected_keysTwo} = ['username', 'password']</msg>
<var>${expected_keysTwo}</var>
<arg>username</arg>
<arg>password</arg>
<doc>Returns a list containing given items.</doc>
<status status="PASS" start="2024-05-16T21:14:05.927065" elapsed="0.000154"/>
</kw>
<for flavor="IN">
<iter>
<kw name="Dictionary Should Contain Key" owner="Collections">
<msg time="2024-05-16T21:14:05.928117" level="INFO">False</msg>
<arg>${json_data['results'][0]['login']}</arg>
<arg>${keyTwo}</arg>
<doc>Fails if ``key`` is not found from ``dictionary``.</doc>
<status status="PASS" start="2024-05-16T21:14:05.927706" elapsed="0.000447"/>
</kw>
<kw name="Dictionary Should Contain Key" owner="Collections">
<msg time="2024-05-16T21:14:05.928817" level="INFO">False</msg>
<arg>${json_data['results'][0]['login']}</arg>
<arg>${keyTwo}</arg>
<doc>Fails if ``key`` is not found from ``dictionary``.</doc>
<status status="PASS" start="2024-05-16T21:14:05.928444" elapsed="0.000410"/>
</kw>
<kw name="Log" owner="BuiltIn">
<msg time="2024-05-16T21:14:05.929269" level="INFO">username</msg>
<arg>${keyTwo}</arg>
<doc>Logs the given message with the given level.</doc>
<status status="PASS" start="2024-05-16T21:14:05.929143" elapsed="0.000166"/>
</kw>
<var name="${keyTwo}">username</var>
<status status="PASS" start="2024-05-16T21:14:05.927598" elapsed="0.001922"/>
</iter>
<iter>
<kw name="Dictionary Should Contain Key" owner="Collections">
<msg time="2024-05-16T21:14:05.930248" level="INFO">False</msg>
<arg>${json_data['results'][0]['login']}</arg>
<arg>${keyTwo}</arg>
<doc>Fails if ``key`` is not found from ``dictionary``.</doc>
<status status="PASS" start="2024-05-16T21:14:05.929795" elapsed="0.000493"/>
</kw>
<kw name="Dictionary Should Contain Key" owner="Collections">
<msg time="2024-05-16T21:14:05.930951" level="INFO">False</msg>
<arg>${json_data['results'][0]['login']}</arg>
<arg>${keyTwo}</arg>
<doc>Fails if ``key`` is not found from ``dictionary``.</doc>
<status status="PASS" start="2024-05-16T21:14:05.930583" elapsed="0.000404"/>
</kw>
<kw name="Log" owner="BuiltIn">
<msg time="2024-05-16T21:14:05.931399" level="INFO">password</msg>
<arg>${keyTwo}</arg>
<doc>Logs the given message with the given level.</doc>
<status status="PASS" start="2024-05-16T21:14:05.931276" elapsed="0.000158"/>
</kw>
<var name="${keyTwo}">password</var>
<status status="PASS" start="2024-05-16T21:14:05.929687" elapsed="0.001958"/>
</iter>
<var>${keyTwo}</var>
<value>@{expected_keysTwo}</value>
<status status="PASS" start="2024-05-16T21:14:05.927451" elapsed="0.004312"/>
</for>
<status status="PASS" start="2024-05-16T21:14:05.818824" elapsed="0.113118"/>
</kw>
<doc>Testa a estrutura da resposta da API.</doc>
<tag>testeEstruturaResposta</tag>
<status status="PASS" start="2024-05-16T21:14:05.818277" elapsed="0.113813"/>
</test>
<test id="s1-s1-t4" name="Validar tipos de dados" line="28">
<kw name="Teste de Tipos de Dados" owner="random-user-service">
<kw name="GET On Session" owner="RequestsLibrary">
<msg time="2024-05-16T21:14:06.013764" level="INFO">GET Request : url=https://randomuser.me/api 
 path_url=/api 
 headers={'User-Agent': 'python-requests/2.31.0', 'Accept-Encoding': 'gzip, deflate', 'Accept': '*/*', 'Connection': 'keep-alive'} 
 body=None 
 </msg>
<msg time="2024-05-16T21:14:06.013844" level="INFO">GET Response : url=https://randomuser.me/api 
 status=200, reason=OK 
 headers={'Date': 'Thu, 16 May 2024 21:14:06 GMT', 'Content-Type': 'application/json; charset=utf-8', 'Transfer-Encoding': 'chunked', 'Connection': 'keep-alive', 'X-Powered-By': 'Express', 'Access-Control-Allow-Origin': '*', 'Cache-Control': 'no-cache', 'ETag': 'W/"4aa-wW9hPnH8Z2Y8Rr+D54Da4W1OjJA"', 'Vary': 'Accept-Encoding', 'Content-Encoding': 'gzip', 'CF-Cache-Status': 'DYNAMIC', 'Report-To': '{"endpoints":[{"url":"https:\\/\\/a.nel.cloudflare.com\\/report\\/v4?s=fsIK%2FbEI0WZRwOEUYKxS3HAM6F%2ByPMKWD7AqpdJ%2B9OlIL73CbLXM9qkPf6eMBLmKfnZnTPP1yQspeEt9KOifZoIg2ClxIXmZ%2FpDIaicc4XbMRAYzEiLk%2BEJw19S3HIUa"}],"group":"cf-nel","max_age":604800}', 'NEL': '{"success_fraction":0,"report_to":"cf-nel","max_age":604800}', 'Server': 'cloudflare', 'CF-RAY': '884e601b1ed22412-IAD', 'alt-svc': 'h3=":443"; ma=86400'} 
 body={"results":[{"gender":"female","name":{"title":"Mademoiselle","first":"Annelise","last":"Moreau"},"location":{"street":{"number":9934,"name":"Rue Louis-Blanqui"},"city":"Wolfenschiessen","state":"Valais","country":"Switzerland","postcode":3380,"coordinates":{"latitude":"-61.4728","longitude":"99.0736"},"timezone":{"offset":"-8:00","description":"Pacific Time (US &amp; Canada)"}},"email":"annelise.moreau@example.com","login":{"uuid":"1b62fefd-8040-4d5b-ac62-2aaf944d2af0","username":"blackcat681","password":"garrett","salt":"dsa2wTjW","md5":"c96bd15c54149365b5cb8c6ad0062272","sha1":"8663b3551770045dbb19a0cb2c17156ebbafd95c","sha256":"4e77666938859c4a885d7106540845375bed54dc7a6235d16b93f43802755c08"},"dob":{"date":"1983-04-24T17:52:27.561Z","age":41},"registered":{"date":"2021-04-17T12:19:27.759Z","age":3},"phone":"079 169 04 43","cell":"076 592 61 35","id":{"name":"AVS","value":"756.6835.6632.44"},"picture":{"large":"https://randomuser.me/api/portraits/women/58.jpg","medium":"https://randomuser.me/api/portraits/med/women/58.jpg","thumbnail":"https://randomuser.me/api/portraits/thumb/women/58.jpg"},"nat":"CH"}],"info":{"seed":"18a18994d988d109","results":1,"page":1,"version":"1.4"}} 
 </msg>
<msg time="2024-05-16T21:14:06.013918" level="INFO">/opt/hostedtoolcache/Python/3.12.3/x64/lib/python3.12/site-packages/urllib3/connectionpool.py:1103: InsecureRequestWarning: Unverified HTTPS request is being made to host 'randomuser.me'. Adding certificate verification is strongly advised. See: https://urllib3.readthedocs.io/en/latest/advanced-usage.html#tls-warnings
  warnings.warn(</msg>
<msg time="2024-05-16T21:14:06.014044" level="INFO">${response} = &lt;Response [200]&gt;</msg>
<var>${response}</var>
<arg>consultarAPI</arg>
<arg>/api</arg>
<doc>Sends a GET request on a previously created HTTP Session.</doc>
<status status="PASS" start="2024-05-16T21:14:05.934523" elapsed="0.079572"/>
</kw>
<kw name="Set Variable" owner="BuiltIn">
<msg time="2024-05-16T21:14:06.015058" level="INFO">${json_data} = {'results': [{'gender': 'female', 'name': {'title': 'Mademoiselle', 'first': 'Annelise', 'last': 'Moreau'}, 'location': {'street': {'number': 9934, 'name': 'Rue Louis-Blanqui'}, 'city': 'Wolfenschiess...</msg>
<var>${json_data}</var>
<arg>${response.json()}</arg>
<doc>Returns the given values which can then be assigned to a variables.</doc>
<status status="PASS" start="2024-05-16T21:14:06.014520" elapsed="0.000566"/>
</kw>
<kw name="Log" owner="BuiltIn">
<msg time="2024-05-16T21:14:06.015536" level="INFO">{'results': [{'gender': 'female', 'name': {'title': 'Mademoiselle', 'first': 'Annelise', 'last': 'Moreau'}, 'location': {'street': {'number': 9934, 'name': 'Rue Louis-Blanqui'}, 'city': 'Wolfenschiessen', 'state': 'Valais', 'country': 'Switzerland', 'postcode': 3380, 'coordinates': {'latitude': '-61.4728', 'longitude': '99.0736'}, 'timezone': {'offset': '-8:00', 'description': 'Pacific Time (US &amp; Canada)'}}, 'email': 'annelise.moreau@example.com', 'login': {'uuid': '1b62fefd-8040-4d5b-ac62-2aaf944d2af0', 'username': 'blackcat681', 'password': 'garrett', 'salt': 'dsa2wTjW', 'md5': 'c96bd15c54149365b5cb8c6ad0062272', 'sha1': '8663b3551770045dbb19a0cb2c17156ebbafd95c', 'sha256': '4e77666938859c4a885d7106540845375bed54dc7a6235d16b93f43802755c08'}, 'dob': {'date': '1983-04-24T17:52:27.561Z', 'age': 41}, 'registered': {'date': '2021-04-17T12:19:27.759Z', 'age': 3}, 'phone': '079 169 04 43', 'cell': '076 592 61 35', 'id': {'name': 'AVS', 'value': '756.6835.6632.44'}, 'picture': {'large': 'https://randomuser.me/api/portraits/women/58.jpg', 'medium': 'https://randomuser.me/api/portraits/med/women/58.jpg', 'thumbnail': 'https://randomuser.me/api/portraits/thumb/women/58.jpg'}, 'nat': 'CH'}], 'info': {'seed': '18a18994d988d109', 'results': 1, 'page': 1, 'version': '1.4'}}</msg>
<arg>${json_data}</arg>
<doc>Logs the given message with the given level.</doc>
<status status="PASS" start="2024-05-16T21:14:06.015387" elapsed="0.000232"/>
</kw>
<kw name="Should Be String" owner="String">
<arg>${json_data['results'][0]['gender']}</arg>
<doc>Fails if the given ``item`` is not a string.</doc>
<status status="PASS" start="2024-05-16T21:14:06.015956" elapsed="0.000355"/>
</kw>
<kw name="Should Match Regexp" owner="BuiltIn">
<arg>${json_data['results'][0]['email']}</arg>
<arg>^[a-zA-Z0-9._%+-]+@[a-zA-Z0-9.-]+\.[a-zA-Z]{2,}$</arg>
<doc>Fails if ``string`` does not match ``pattern`` as a regular expression.</doc>
<status status="PASS" start="2024-05-16T21:14:06.016501" elapsed="0.000494"/>
</kw>
<kw name="Should Match Regexp" owner="BuiltIn">
<arg>${json_data['results'][0]['dob']['date']}</arg>
<arg>\\d{4}-\\d{2}-\\d{2}T\\d{2}:\\d{2}:\\d{2}\\.\\d{3}Z</arg>
<doc>Fails if ``string`` does not match ``pattern`` as a regular expression.</doc>
<status status="PASS" start="2024-05-16T21:14:06.017187" elapsed="0.000475"/>
</kw>
<kw name="Should Match Regexp" owner="BuiltIn">
<arg>${json_data['results'][0]['registered']['date']}</arg>
<arg>\\d{4}-\\d{2}-\\d{2}T\\d{2}:\\d{2}:\\d{2}\\.\\d{3}Z</arg>
<doc>Fails if ``string`` does not match ``pattern`` as a regular expression.</doc>
<status status="PASS" start="2024-05-16T21:14:06.017852" elapsed="0.000364"/>
</kw>
<kw name="Should Match Regexp" owner="BuiltIn">
<arg>${json_data['results'][0]['picture']['large']}</arg>
<arg>^https?://.*\.(?:png|jpe?g|gif|bmp)$</arg>
<doc>Fails if ``string`` does not match ``pattern`` as a regular expression.</doc>
<status status="PASS" start="2024-05-16T21:14:06.018406" elapsed="0.000451"/>
</kw>
<kw name="Should Match Regexp" owner="BuiltIn">
<arg>${json_data['results'][0]['picture']['medium']}</arg>
<arg>^https?://.*\.(?:png|jpe?g|gif|bmp)$</arg>
<doc>Fails if ``string`` does not match ``pattern`` as a regular expression.</doc>
<status status="PASS" start="2024-05-16T21:14:06.019048" elapsed="0.000360"/>
</kw>
<kw name="Should Match Regexp" owner="BuiltIn">
<arg>${json_data['results'][0]['picture']['thumbnail']}</arg>
<arg>^https?://.*\.(?:png|jpe?g|gif|bmp)$</arg>
<doc>Fails if ``string`` does not match ``pattern`` as a regular expression.</doc>
<status status="PASS" start="2024-05-16T21:14:06.019609" elapsed="0.000377"/>
</kw>
<kw name="Log" owner="BuiltIn">
<msg time="2024-05-16T21:14:06.020485" level="INFO">{'large': 'https://randomuser.me/api/portraits/women/58.jpg', 'medium': 'https://randomuser.me/api/portraits/med/women/58.jpg', 'thumbnail': 'https://randomuser.me/api/portraits/thumb/women/58.jpg'}</msg>
<arg>${json_data['results'][0]['picture']}</arg>
<doc>Logs the given message with the given level.</doc>
<status status="PASS" start="2024-05-16T21:14:06.020169" elapsed="0.000358"/>
</kw>
<status status="PASS" start="2024-05-16T21:14:05.934305" elapsed="0.086470"/>
</kw>
<kw name="Teste de Tipos de Dados - Postcode" owner="random-user-service">
<kw name="GET On Session" owner="RequestsLibrary">
<msg time="2024-05-16T21:14:06.123540" level="INFO">GET Request : url=https://randomuser.me/api 
 path_url=/api 
 headers={'User-Agent': 'python-requests/2.31.0', 'Accept-Encoding': 'gzip, deflate', 'Accept': '*/*', 'Connection': 'keep-alive'} 
 body=None 
 </msg>
<msg time="2024-05-16T21:14:06.123615" level="INFO">GET Response : url=https://randomuser.me/api 
 status=200, reason=OK 
 headers={'Date': 'Thu, 16 May 2024 21:14:06 GMT', 'Content-Type': 'application/json; charset=utf-8', 'Transfer-Encoding': 'chunked', 'Connection': 'keep-alive', 'X-Powered-By': 'Express', 'Access-Control-Allow-Origin': '*', 'Cache-Control': 'no-cache', 'ETag': 'W/"49a-nL7GWf4l6tf+4PRIXczb7iy2fxs"', 'Vary': 'Accept-Encoding', 'Content-Encoding': 'gzip', 'CF-Cache-Status': 'DYNAMIC', 'Report-To': '{"endpoints":[{"url":"https:\\/\\/a.nel.cloudflare.com\\/report\\/v4?s=8ffoSffandgh9ZTNC1fDCYDB8SgonpMQdcAzkZsLypEgofwCmwhkooiczfUYQePrXuUOZlfrVKgS0rCBMXMeyKM6Gys1kNzV1YjFSWik56Ck4%2Fq3lyb61dnEMVGd8Tye"}],"group":"cf-nel","max_age":604800}', 'NEL': '{"success_fraction":0,"report_to":"cf-nel","max_age":604800}', 'Server': 'cloudflare', 'CF-RAY': '884e601baf782412-IAD', 'alt-svc': 'h3=":443"; ma=86400'} 
 body={"results":[{"gender":"male","name":{"title":"Mr","first":"Mikael","last":"Hakala"},"location":{"street":{"number":6842,"name":"Visiokatu"},"city":"Lumparland","state":"Ostrobothnia","country":"Finland","postcode":95058,"coordinates":{"latitude":"-28.9344","longitude":"-115.2879"},"timezone":{"offset":"-4:00","description":"Atlantic Time (Canada), Caracas, La Paz"}},"email":"mikael.hakala@example.com","login":{"uuid":"914af77f-a038-475c-b254-5e2d7dd7fda6","username":"goldenfish419","password":"bunker","salt":"QamIBtWT","md5":"9b40befb088af4ac5e1c85b259b806fb","sha1":"e4b62a5e533b7b192291af676cc1aa8d4b6fcb4b","sha256":"cd4f3c27201211a41c5fd84b41b3537d3d190bf13410846f56972da5cbb834e3"},"dob":{"date":"1995-03-05T13:22:52.784Z","age":29},"registered":{"date":"2005-03-12T12:19:19.274Z","age":19},"phone":"05-884-986","cell":"044-625-55-45","id":{"name":"HETU","value":"NaNNA039undefined"},"picture":{"large":"https://randomuser.me/api/portraits/men/84.jpg","medium":"https://randomuser.me/api/portraits/med/men/84.jpg","thumbnail":"https://randomuser.me/api/portraits/thumb/men/84.jpg"},"nat":"FI"}],"info":{"seed":"6885340698c49f17","results":1,"page":1,"version":"1.4"}} 
 </msg>
<msg time="2024-05-16T21:14:06.123681" level="INFO">/opt/hostedtoolcache/Python/3.12.3/x64/lib/python3.12/site-packages/urllib3/connectionpool.py:1103: InsecureRequestWarning: Unverified HTTPS request is being made to host 'randomuser.me'. Adding certificate verification is strongly advised. See: https://urllib3.readthedocs.io/en/latest/advanced-usage.html#tls-warnings
  warnings.warn(</msg>
<msg time="2024-05-16T21:14:06.123789" level="INFO">${response} = &lt;Response [200]&gt;</msg>
<var>${response}</var>
<arg>consultarAPI</arg>
<arg>/api</arg>
<doc>Sends a GET request on a previously created HTTP Session.</doc>
<status status="PASS" start="2024-05-16T21:14:06.021199" elapsed="0.102675"/>
</kw>
<kw name="Set Variable" owner="BuiltIn">
<msg time="2024-05-16T21:14:06.124913" level="INFO">${json_data} = {'results': [{'gender': 'male', 'name': {'title': 'Mr', 'first': 'Mikael', 'last': 'Hakala'}, 'location': {'street': {'number': 6842, 'name': 'Visiokatu'}, 'city': 'Lumparland', 'state': 'Ostrobothnia...</msg>
<var>${json_data}</var>
<arg>${response.json()}</arg>
<doc>Returns the given values which can then be assigned to a variables.</doc>
<status status="PASS" start="2024-05-16T21:14:06.124381" elapsed="0.000560"/>
</kw>
<kw name="Log" owner="BuiltIn">
<msg time="2024-05-16T21:14:06.125394" level="INFO">{'results': [{'gender': 'male', 'name': {'title': 'Mr', 'first': 'Mikael', 'last': 'Hakala'}, 'location': {'street': {'number': 6842, 'name': 'Visiokatu'}, 'city': 'Lumparland', 'state': 'Ostrobothnia', 'country': 'Finland', 'postcode': 95058, 'coordinates': {'latitude': '-28.9344', 'longitude': '-115.2879'}, 'timezone': {'offset': '-4:00', 'description': 'Atlantic Time (Canada), Caracas, La Paz'}}, 'email': 'mikael.hakala@example.com', 'login': {'uuid': '914af77f-a038-475c-b254-5e2d7dd7fda6', 'username': 'goldenfish419', 'password': 'bunker', 'salt': 'QamIBtWT', 'md5': '9b40befb088af4ac5e1c85b259b806fb', 'sha1': 'e4b62a5e533b7b192291af676cc1aa8d4b6fcb4b', 'sha256': 'cd4f3c27201211a41c5fd84b41b3537d3d190bf13410846f56972da5cbb834e3'}, 'dob': {'date': '1995-03-05T13:22:52.784Z', 'age': 29}, 'registered': {'date': '2005-03-12T12:19:19.274Z', 'age': 19}, 'phone': '05-884-986', 'cell': '044-625-55-45', 'id': {'name': 'HETU', 'value': 'NaNNA039undefined'}, 'picture': {'large': 'https://randomuser.me/api/portraits/men/84.jpg', 'medium': 'https://randomuser.me/api/portraits/med/men/84.jpg', 'thumbnail': 'https://randomuser.me/api/portraits/thumb/men/84.jpg'}, 'nat': 'FI'}], 'info': {'seed': '6885340698c49f17', 'results': 1, 'page': 1, 'version': '1.4'}}</msg>
<arg>${json_data}</arg>
<doc>Logs the given message with the given level.</doc>
<status status="PASS" start="2024-05-16T21:14:06.125245" elapsed="0.000224"/>
</kw>
<kw name="Should Be Equal As Numbers" owner="BuiltIn">
<arg>${json_data['results'][0]['location']['postcode']}</arg>
<arg>${json_data['results'][0]['location']['postcode']}</arg>
<doc>Fails if objects are unequal after converting them to real numbers.</doc>
<status status="PASS" start="2024-05-16T21:14:06.125887" elapsed="0.000603"/>
</kw>
<kw name="Log" owner="BuiltIn">
<msg time="2024-05-16T21:14:06.127011" level="INFO">95058</msg>
<arg>${json_data['results'][0]['location']['postcode']}</arg>
<doc>Logs the given message with the given level.</doc>
<status status="PASS" start="2024-05-16T21:14:06.126680" elapsed="0.000371"/>
</kw>
<status status="PASS" start="2024-05-16T21:14:06.020983" elapsed="0.106314"/>
</kw>
<doc>Testa se os tipos de dados na resposta da API estão corretos.</doc>
<tag>testeTiposDados</tag>
<status status="PASS" start="2024-05-16T21:14:05.933799" elapsed="0.193651"/>
</test>
<test id="s1-s1-t5" name="Validar conteudo" line="35">
<kw name="Teste de Tipos de Conteudo" owner="random-user-service">
<kw name="GET On Session" owner="RequestsLibrary">
<msg time="2024-05-16T21:14:06.209012" level="INFO">GET Request : url=https://randomuser.me/api 
 path_url=/api 
 headers={'User-Agent': 'python-requests/2.31.0', 'Accept-Encoding': 'gzip, deflate', 'Accept': '*/*', 'Connection': 'keep-alive'} 
 body=None 
 </msg>
<msg time="2024-05-16T21:14:06.209105" level="INFO">GET Response : url=https://randomuser.me/api 
 status=200, reason=OK 
 headers={'Date': 'Thu, 16 May 2024 21:14:06 GMT', 'Content-Type': 'application/json; charset=utf-8', 'Transfer-Encoding': 'chunked', 'Connection': 'keep-alive', 'X-Powered-By': 'Express', 'Access-Control-Allow-Origin': '*', 'Cache-Control': 'no-cache', 'ETag': 'W/"481-btPnkiUqB+PQCBi5KRxRJ5q9TAQ"', 'Vary': 'Accept-Encoding', 'Content-Encoding': 'gzip', 'CF-Cache-Status': 'DYNAMIC', 'Report-To': '{"endpoints":[{"url":"https:\\/\\/a.nel.cloudflare.com\\/report\\/v4?s=qT85JPKNLE9sAQXN74%2BenjKVnArgH3JRHWFwg6UNLogsriZ1fHQK%2FmXMUA%2FVPp5pj92czK82JID%2BYDe1j1C%2BMDD7aGof7o9f5cU9%2BSno6lQOocu30OlCDOhgyC8FAReE"}],"group":"cf-nel","max_age":604800}', 'NEL': '{"success_fraction":0,"report_to":"cf-nel","max_age":604800}', 'Server': 'cloudflare', 'CF-RAY': '884e601c58782412-IAD', 'alt-svc': 'h3=":443"; ma=86400'} 
 body={"results":[{"gender":"female","name":{"title":"Mrs","first":"Sara","last":"Petersen"},"location":{"street":{"number":378,"name":"Kastanie Alle"},"city":"Stenderup","state":"Danmark","country":"Denmark","postcode":72012,"coordinates":{"latitude":"-41.2237","longitude":"27.5672"},"timezone":{"offset":"+7:00","description":"Bangkok, Hanoi, Jakarta"}},"email":"sara.petersen@example.com","login":{"uuid":"cc7d06c1-b287-45f4-910f-b9b1a452f0de","username":"yellowpanda608","password":"100000","salt":"jFEw8pug","md5":"ff446b625445b6181fef1a256b638520","sha1":"fa4366fe443ab660a0795accd6a5869de31d4d91","sha256":"8e3a7d86c95a8986ea7d4a0283406362cf217fdf5d8e8dc6faa7134e83577331"},"dob":{"date":"1984-09-15T01:13:58.341Z","age":39},"registered":{"date":"2004-08-03T12:09:38.544Z","age":19},"phone":"23190883","cell":"27701724","id":{"name":"CPR","value":"140984-6029"},"picture":{"large":"https://randomuser.me/api/portraits/women/61.jpg","medium":"https://randomuser.me/api/portraits/med/women/61.jpg","thumbnail":"https://randomuser.me/api/portraits/thumb/women/61.jpg"},"nat":"DK"}],"info":{"seed":"7bcd4c7db1e7c746","results":1,"page":1,"version":"1.4"}} 
 </msg>
<msg time="2024-05-16T21:14:06.209176" level="INFO">/opt/hostedtoolcache/Python/3.12.3/x64/lib/python3.12/site-packages/urllib3/connectionpool.py:1103: InsecureRequestWarning: Unverified HTTPS request is being made to host 'randomuser.me'. Adding certificate verification is strongly advised. See: https://urllib3.readthedocs.io/en/latest/advanced-usage.html#tls-warnings
  warnings.warn(</msg>
<msg time="2024-05-16T21:14:06.209290" level="INFO">${response} = &lt;Response [200]&gt;</msg>
<var>${response}</var>
<arg>consultarAPI</arg>
<arg>/api</arg>
<doc>Sends a GET request on a previously created HTTP Session.</doc>
<status status="PASS" start="2024-05-16T21:14:06.129885" elapsed="0.079461"/>
</kw>
<kw name="Set Variable" owner="BuiltIn">
<msg time="2024-05-16T21:14:06.210357" level="INFO">${json_data} = {'results': [{'gender': 'female', 'name': {'title': 'Mrs', 'first': 'Sara', 'last': 'Petersen'}, 'location': {'street': {'number': 378, 'name': 'Kastanie Alle'}, 'city': 'Stenderup', 'state': 'Danmark...</msg>
<var>${json_data}</var>
<arg>${response.json()}</arg>
<doc>Returns the given values which can then be assigned to a variables.</doc>
<status status="PASS" start="2024-05-16T21:14:06.209815" elapsed="0.000572"/>
</kw>
<kw name="Set Variable" owner="BuiltIn">
<msg time="2024-05-16T21:14:06.211093" level="INFO">${name_title} = Mrs</msg>
<var>${name_title}</var>
<arg>${json_data["results"][0]["name"]["title"]}</arg>
<doc>Returns the given values which can then be assigned to a variables.</doc>
<status status="PASS" start="2024-05-16T21:14:06.210713" elapsed="0.000405"/>
</kw>
<kw name="Create List" owner="BuiltIn">
<msg time="2024-05-16T21:14:06.211565" level="INFO">${allowed_titles} = ['Mr', 'Ms', 'Miss', 'Mrs', 'Madame', 'Monsieur']</msg>
<var>${allowed_titles}</var>
<arg>Mr</arg>
<arg>Ms</arg>
<arg>Miss</arg>
<arg>Mrs</arg>
<arg>Madame</arg>
<arg>Monsieur</arg>
<doc>Returns a list containing given items.</doc>
<status status="PASS" start="2024-05-16T21:14:06.211418" elapsed="0.000171"/>
</kw>
<kw name="List Should Contain Value" owner="Collections">
<msg time="2024-05-16T21:14:06.212103" level="INFO">False</msg>
<arg>${allowed_titles}</arg>
<arg>${name_title}</arg>
<doc>Fails if the ``value`` is not found from ``list``.</doc>
<status status="PASS" start="2024-05-16T21:14:06.211922" elapsed="0.000215"/>
</kw>
<kw name="Set Variable" owner="BuiltIn">
<msg time="2024-05-16T21:14:06.212811" level="INFO">${name_country} = DK</msg>
<var>${name_country}</var>
<arg>${json_data["results"][0]["nat"]}</arg>
<doc>Returns the given values which can then be assigned to a variables.</doc>
<status status="PASS" start="2024-05-16T21:14:06.212431" elapsed="0.000405"/>
</kw>
<kw name="Create List" owner="BuiltIn">
<msg time="2024-05-16T21:14:06.213734" level="INFO">${list_country} = ['AD', 'AE', 'AF', 'AG', 'AI', 'AL', 'AM', 'AO', 'AQ', 'AR', 'AS', 'AT', 'AU', 'AW', 'AX', 'AZ', 'BA', 'BB', 'BD', 'BE', 'BF', 'BG', 'BH', 'BI', 'BJ', 'BL', 'BM', 'BN', 'BO', 'BQ', 'BR', 'BS', 'BT', '...</msg>
<var>${list_country}</var>
<arg>AD</arg>
<arg>AE</arg>
<arg>AF</arg>
<arg>AG</arg>
<arg>AI</arg>
<arg>AL</arg>
<arg>AM</arg>
<arg>AO</arg>
<arg>AQ</arg>
<arg>AR</arg>
<arg>AS</arg>
<arg>AT</arg>
<arg>AU</arg>
<arg>AW</arg>
<arg>AX</arg>
<arg>AZ</arg>
<arg>BA</arg>
<arg>BB</arg>
<arg>BD</arg>
<arg>BE</arg>
<arg>BF</arg>
<arg>BG</arg>
<arg>BH</arg>
<arg>BI</arg>
<arg>BJ</arg>
<arg>BL</arg>
<arg>BM</arg>
<arg>BN</arg>
<arg>BO</arg>
<arg>BQ</arg>
<arg>BR</arg>
<arg>BS</arg>
<arg>BT</arg>
<arg>BV</arg>
<arg>BW</arg>
<arg>BY</arg>
<arg>BZ</arg>
<arg>CA</arg>
<arg>CC</arg>
<arg>CD</arg>
<arg>CF</arg>
<arg>CG</arg>
<arg>CH</arg>
<arg>CI</arg>
<arg>CK</arg>
<arg>CL</arg>
<arg>CM</arg>
<arg>CN</arg>
<arg>CO</arg>
<arg>CR</arg>
<arg>CU</arg>
<arg>CV</arg>
<arg>CW</arg>
<arg>CX</arg>
<arg>CY</arg>
<arg>CZ</arg>
<arg>DE</arg>
<arg>DJ</arg>
<arg>DK</arg>
<arg>DM</arg>
<arg>DO</arg>
<arg>DZ</arg>
<arg>EC</arg>
<arg>EE</arg>
<arg>EG</arg>
<arg>EH</arg>
<arg>ER</arg>
<arg>ES</arg>
<arg>ET</arg>
<arg>FI</arg>
<arg>FJ</arg>
<arg>FK</arg>
<arg>FM</arg>
<arg>FO</arg>
<arg>FR</arg>
<arg>GA</arg>
<arg>GB</arg>
<arg>GD</arg>
<arg>GE</arg>
<arg>GF</arg>
<arg>GG</arg>
<arg>GH</arg>
<arg>GI</arg>
<arg>GL</arg>
<arg>GM</arg>
<arg>GN</arg>
<arg>GP</arg>
<arg>GQ</arg>
<arg>GR</arg>
<arg>GS</arg>
<arg>GT</arg>
<arg>GU</arg>
<arg>GW</arg>
<arg>GY</arg>
<arg>HK</arg>
<arg>HM</arg>
<arg>HN</arg>
<arg>HR</arg>
<arg>HT</arg>
<arg>HU</arg>
<arg>ID</arg>
<arg>IE</arg>
<arg>IL</arg>
<arg>IM</arg>
<arg>IN</arg>
<arg>IO</arg>
<arg>IQ</arg>
<arg>IR</arg>
<arg>IS</arg>
<arg>IT</arg>
<arg>JE</arg>
<arg>JM</arg>
<arg>JO</arg>
<arg>JP</arg>
<arg>KE</arg>
<arg>KG</arg>
<arg>KH</arg>
<arg>KI</arg>
<arg>KM</arg>
<arg>KN</arg>
<arg>KP</arg>
<arg>KR</arg>
<arg>KW</arg>
<arg>KY</arg>
<arg>KZ</arg>
<arg>LA</arg>
<arg>LB</arg>
<arg>LC</arg>
<arg>LI</arg>
<arg>LK</arg>
<arg>LR</arg>
<arg>LS</arg>
<arg>LT</arg>
<arg>LU</arg>
<arg>LV</arg>
<arg>LY</arg>
<arg>MA</arg>
<arg>MC</arg>
<arg>MD</arg>
<arg>ME</arg>
<arg>MF</arg>
<arg>MG</arg>
<arg>MH</arg>
<arg>MK</arg>
<arg>ML</arg>
<arg>MM</arg>
<arg>MN</arg>
<arg>MO</arg>
<arg>MP</arg>
<arg>MQ</arg>
<arg>MR</arg>
<arg>MS</arg>
<arg>MT</arg>
<arg>MU</arg>
<arg>MV</arg>
<arg>MW</arg>
<arg>MX</arg>
<arg>MY</arg>
<arg>MZ</arg>
<arg>NA</arg>
<arg>NC</arg>
<arg>NE</arg>
<arg>NF</arg>
<arg>NG</arg>
<arg>NI</arg>
<arg>NL</arg>
<arg>NO</arg>
<arg>NP</arg>
<arg>NR</arg>
<arg>NU</arg>
<arg>NZ</arg>
<arg>OM</arg>
<arg>PA</arg>
<arg>PE</arg>
<arg>PF</arg>
<arg>PG</arg>
<arg>PH</arg>
<arg>PK</arg>
<arg>PL</arg>
<arg>PM</arg>
<arg>PN</arg>
<arg>PR</arg>
<arg>PS</arg>
<arg>PT</arg>
<arg>PW</arg>
<arg>PY</arg>
<arg>QA</arg>
<arg>RE</arg>
<arg>RO</arg>
<arg>RS</arg>
<arg>RU</arg>
<arg>RW</arg>
<arg>SA</arg>
<arg>SB</arg>
<arg>SC</arg>
<arg>SD</arg>
<arg>SE</arg>
<arg>SG</arg>
<arg>SH</arg>
<arg>SI</arg>
<arg>SJ</arg>
<arg>SK</arg>
<arg>SL</arg>
<arg>SM</arg>
<arg>SN</arg>
<arg>SO</arg>
<arg>SR</arg>
<arg>SS</arg>
<arg>ST</arg>
<arg>SV</arg>
<arg>SX</arg>
<arg>SY</arg>
<arg>SZ</arg>
<arg>TC</arg>
<arg>TD</arg>
<arg>TF</arg>
<arg>TG</arg>
<arg>TH</arg>
<arg>TJ</arg>
<arg>TK</arg>
<arg>TL</arg>
<arg>TM</arg>
<arg>TN</arg>
<arg>TO</arg>
<arg>TR</arg>
<arg>TT</arg>
<arg>TV</arg>
<arg>TW</arg>
<arg>TZ</arg>
<arg>UA</arg>
<arg>UG</arg>
<arg>UM</arg>
<arg>US</arg>
<arg>UY</arg>
<arg>UZ</arg>
<arg>VA</arg>
<arg>VC</arg>
<arg>VE</arg>
<arg>VG</arg>
<arg>VI</arg>
<arg>VN</arg>
<arg>VU</arg>
<arg>WF</arg>
<arg>WS</arg>
<arg>XK</arg>
<arg>YE</arg>
<arg>YT</arg>
<arg>ZA</arg>
<arg>ZM</arg>
<arg>ZW</arg>
<doc>Returns a list containing given items.</doc>
<status status="PASS" start="2024-05-16T21:14:06.213136" elapsed="0.000623"/>
</kw>
<kw name="List Should Contain Value" owner="Collections">
<msg time="2024-05-16T21:14:06.214732" level="INFO">False</msg>
<arg>${list_country}</arg>
<arg>${name_country}</arg>
<doc>Fails if the ``value`` is not found from ``list``.</doc>
<status status="PASS" start="2024-05-16T21:14:06.214535" elapsed="0.000233"/>
</kw>
<kw name="Run Keyword If" owner="BuiltIn">
<kw name="Should Be True" owner="BuiltIn">
<arg>${True}</arg>
<doc>Fails if the given condition is not true.</doc>
<status status="PASS" start="2024-05-16T21:14:06.215816" elapsed="0.000268"/>
</kw>
<arg>${json_data["results"][0]["location"]["coordinates"]["latitude"]} &gt;= -90 and ${json_data["results"][0]["location"]["coordinates"]["latitude"]} &lt;= 90</arg>
<arg>Should Be True</arg>
<arg>${True}</arg>
<doc>Runs the given keyword with the given arguments, if ``condition`` is true.</doc>
<status status="PASS" start="2024-05-16T21:14:06.215081" elapsed="0.001137"/>
</kw>
<kw name="Run Keyword If" owner="BuiltIn">
<kw name="Should Be True" owner="BuiltIn">
<arg>${True}</arg>
<doc>Fails if the given condition is not true.</doc>
<status status="PASS" start="2024-05-16T21:14:06.217110" elapsed="0.000141"/>
</kw>
<arg>${json_data["results"][0]["location"]["coordinates"]["longitude"]} &gt;= -180 and ${json_data["results"][0]["location"]["coordinates"]["longitude"]} &lt;= 180</arg>
<arg>Should Be True</arg>
<arg>${True}</arg>
<doc>Runs the given keyword with the given arguments, if ``condition`` is true.</doc>
<status status="PASS" start="2024-05-16T21:14:06.216405" elapsed="0.000970"/>
</kw>
<status status="PASS" start="2024-05-16T21:14:06.129665" elapsed="0.087837"/>
</kw>
<doc>Testa o conteúdo específico dos campos retornados pela API.</doc>
<tag>testeConteudo</tag>
<status status="PASS" start="2024-05-16T21:14:06.129169" elapsed="0.088474"/>
</test>
<status status="PASS" start="2024-05-16T21:14:05.305902" elapsed="0.913639"/>
</suite>
<status status="PASS" start="2024-05-16T21:14:05.292718" elapsed="0.931994"/>
</suite>
<statistics>
<total>
<stat pass="5" fail="0" skip="0">All Tests</stat>
</total>
<tag>
<stat pass="1" fail="0" skip="0">testeConteudo</stat>
<stat pass="1" fail="0" skip="0">testeEstruturaResposta</stat>
<stat pass="1" fail="0" skip="0">testeRequisicaoBasica</stat>
<stat pass="1" fail="0" skip="0">testeTiposDados</stat>
</tag>
<suite>
<stat pass="5" fail="0" skip="0" id="s1" name="Tests">Tests</stat>
<stat pass="5" fail="0" skip="0" id="s1-s1" name="Random-User-Test">Tests.Random-User-Test</stat>
</suite>
</statistics>
<errors>
</errors>
</robot>
