<?xml version="1.0" encoding="UTF-8"?>
<robot generator="Robot 7.0 (Python 3.12.3 on linux)" generated="2024-06-08T23:14:55.000046" rpa="false" schemaversion="5">
<suite id="s1" name="Tests" source="/home/runner/work/ApiRandomUser/ApiRandomUser/RamdonUser/tests">
<suite id="s1-s1" name="Random-User-Test" source="/home/runner/work/ApiRandomUser/ApiRandomUser/RamdonUser/tests/random-user-test.robot">
<test id="s1-s1-t1" name="Conectar" line="13">
<kw name="Conectar API" owner="random-user-service">
<kw name="Create Session" owner="RequestsLibrary">
<msg time="2024-06-08T23:14:55.390717" level="INFO">Creating Session using : alias=consultarAPI, url=https://randomuser.me/, headers={},                     cookies={}, auth=None, timeout=None, proxies=None, verify=False,                     debug=0 </msg>
<arg>consultarAPI</arg>
<arg>${URL}</arg>
<doc>Create Session: create a HTTP session to a server</doc>
<status status="PASS" start="2024-06-08T23:14:55.390515" elapsed="0.000392"/>
</kw>
<status status="PASS" start="2024-06-08T23:14:55.389516" elapsed="0.001751"/>
</kw>
<status status="PASS" start="2024-06-08T23:14:55.388887" elapsed="0.002603"/>
</test>
<test id="s1-s1-t2" name="Validar retorno 200 e JSON Válido" line="16">
<kw name="Teste de Requisicao Basica" owner="random-user-service">
<kw name="GET On Session" owner="RequestsLibrary">
<msg time="2024-06-08T23:14:55.519475" level="INFO">GET Request : url=https://randomuser.me/api 
 path_url=/api 
 headers={'User-Agent': 'python-requests/2.32.3', 'Accept-Encoding': 'gzip, deflate', 'Accept': '*/*', 'Connection': 'keep-alive'} 
 body=None 
 </msg>
<msg time="2024-06-08T23:14:55.519629" level="INFO">GET Response : url=https://randomuser.me/api 
 status=200, reason=OK 
 headers={'Date': 'Sat, 08 Jun 2024 23:14:55 GMT', 'Content-Type': 'application/json; charset=utf-8', 'Transfer-Encoding': 'chunked', 'Connection': 'keep-alive', 'X-Powered-By': 'Express', 'Access-Control-Allow-Origin': '*', 'Cache-Control': 'no-cache', 'ETag': 'W/"496-MolYe3yYjWk5PUjRt3ou8Ho6zMo"', 'Vary': 'Accept-Encoding', 'Content-Encoding': 'gzip', 'CF-Cache-Status': 'DYNAMIC', 'Report-To': '{"endpoints":[{"url":"https:\\/\\/a.nel.cloudflare.com\\/report\\/v4?s=trnF9HtbknSD4lUir%2Btqaoqn3nTlI3%2FS8XwU%2FECfG%2FumHo33B9Gq%2FBKuIlZVZ%2BMhEHeDj3y6fVq8ADkJBjqJDrrTppSas7VSw5EcKZ87Wv1mMee6hNZE9eheu3gfUu3S"}],"group":"cf-nel","max_age":604800}', 'NEL': '{"success_fraction":0,"report_to":"cf-nel","max_age":604800}', 'Server': 'cloudflare', 'CF-RAY': '890c94b86e41f9f1-SJC', 'alt-svc': 'h3=":443"; ma=86400'} 
 body={"results":[{"gender":"female","name":{"title":"Mrs","first":"Milia","last":"Vikøren"},"location":{"street":{"number":9691,"name":"Nypeveien"},"city":"Østersund","state":"Sør-Trøndelag","country":"Norway","postcode":"7735","coordinates":{"latitude":"42.9876","longitude":"141.6792"},"timezone":{"offset":"+5:00","description":"Ekaterinburg, Islamabad, Karachi, Tashkent"}},"email":"milia.vikoren@example.com","login":{"uuid":"beaaf9fb-0e7a-4271-b5ea-2381dbdd09d6","username":"redcat304","password":"tigger2","salt":"4DQiDgRu","md5":"43ffc7630d35a3717d57a0c7d1cbeb4b","sha1":"808a01acd91bc78499bc224688bd5eab74a3eeb7","sha256":"91f51a2714f4677429df317758d73687422bfabf6196004058803e06e03e8820"},"dob":{"date":"1974-05-07T22:09:22.827Z","age":50},"registered":{"date":"2004-09-12T01:40:20.145Z","age":19},"phone":"78805840","cell":"49731337","id":{"name":"FN","value":"07057414493"},"picture":{"large":"https://randomuser.me/api/portraits/women/84.jpg","medium":"https://randomuser.me/api/portraits/med/women/84.jpg","thumbnail":"https://randomuser.me/api/portraits/thumb/women/84.jpg"},"nat":"NO"}],"info":{"seed":"bc34b2ccbb738d0f","results":1,"page":1,"version":"1.4"}} 
 </msg>
<msg time="2024-06-08T23:14:55.519715" level="INFO">/opt/hostedtoolcache/Python/3.12.3/x64/lib/python3.12/site-packages/urllib3/connectionpool.py:1103: InsecureRequestWarning: Unverified HTTPS request is being made to host 'randomuser.me'. Adding certificate verification is strongly advised. See: https://urllib3.readthedocs.io/en/latest/advanced-usage.html#tls-warnings
  warnings.warn(</msg>
<msg time="2024-06-08T23:14:55.519848" level="INFO">${response} = &lt;Response [200]&gt;</msg>
<var>${response}</var>
<arg>consultarAPI</arg>
<arg>/api</arg>
<doc>Sends a GET request on a previously created HTTP Session.</doc>
<status status="PASS" start="2024-06-08T23:14:55.394146" elapsed="0.125739"/>
</kw>
<kw name="Should Be Equal As Numbers" owner="BuiltIn">
<msg time="2024-06-08T23:14:55.520898" level="INFO">Argument types are:
&lt;class 'int'&gt;
&lt;class 'str'&gt;</msg>
<arg>${response.status_code}</arg>
<arg>200</arg>
<doc>Fails if objects are unequal after converting them to real numbers.</doc>
<status status="PASS" start="2024-06-08T23:14:55.520435" elapsed="0.000529"/>
</kw>
<kw name="Log" owner="BuiltIn">
<msg time="2024-06-08T23:14:55.521669" level="INFO">200</msg>
<arg>${response.status_code}</arg>
<doc>Logs the given message with the given level.</doc>
<status status="PASS" start="2024-06-08T23:14:55.521311" elapsed="0.000406"/>
</kw>
<kw name="Set Variable" owner="BuiltIn">
<msg time="2024-06-08T23:14:55.522492" level="INFO">${json_data} = {'results': [{'gender': 'female', 'name': {'title': 'Mrs', 'first': 'Milia', 'last': 'Vikøren'}, 'location': {'street': {'number': 9691, 'name': 'Nypeveien'}, 'city': 'Østersund', 'state': 'Sør-Trønde...</msg>
<var>${json_data}</var>
<arg>${response.json()}</arg>
<doc>Returns the given values which can then be assigned to a variables.</doc>
<status status="PASS" start="2024-06-08T23:14:55.522044" elapsed="0.000478"/>
</kw>
<kw name="Dictionary Should Contain Key" owner="Collections">
<msg time="2024-06-08T23:14:55.523001" level="INFO">False</msg>
<arg>${json_data}</arg>
<arg>results</arg>
<doc>Fails if ``key`` is not found from ``dictionary``.</doc>
<status status="PASS" start="2024-06-08T23:14:55.522830" elapsed="0.000211"/>
</kw>
<status status="PASS" start="2024-06-08T23:14:55.393905" elapsed="0.129398"/>
</kw>
<doc>Testa se a API responde corretamente e retorna um objeto JSON válido.</doc>
<tag>testeRequisicaoBasica</tag>
<status status="PASS" start="2024-06-08T23:14:55.393368" elapsed="0.130151"/>
</test>
<test id="s1-s1-t3" name="Validar estrutura de resposta" line="22">
<kw name="Teste de Estrutura de Resposta" owner="random-user-service">
<kw name="GET On Session" owner="RequestsLibrary">
<msg time="2024-06-08T23:14:55.760612" level="INFO">GET Request : url=https://randomuser.me/api 
 path_url=/api 
 headers={'User-Agent': 'python-requests/2.32.3', 'Accept-Encoding': 'gzip, deflate', 'Accept': '*/*', 'Connection': 'keep-alive'} 
 body=None 
 </msg>
<msg time="2024-06-08T23:14:55.760714" level="INFO">GET Response : url=https://randomuser.me/api 
 status=200, reason=OK 
 headers={'Date': 'Sat, 08 Jun 2024 23:14:55 GMT', 'Content-Type': 'application/json; charset=utf-8', 'Transfer-Encoding': 'chunked', 'Connection': 'keep-alive', 'X-Powered-By': 'Express', 'Access-Control-Allow-Origin': '*', 'Cache-Control': 'no-cache', 'ETag': 'W/"47f-+rrSQ9ftyzSo5tRgBhA6iTl6SkE"', 'Vary': 'Accept-Encoding', 'Content-Encoding': 'gzip', 'CF-Cache-Status': 'DYNAMIC', 'Report-To': '{"endpoints":[{"url":"https:\\/\\/a.nel.cloudflare.com\\/report\\/v4?s=YdWzPzny2Cuw%2BSnHCMHZ4XcovkotMG1db0ity7ig0BmX2NqnK4rXER2UT2YwAx%2FpV9bT4q0QArZSTY96x%2Fd6CmfEPaHnRJOZEdvRJM2pZKDVr73xP68pPwhCEJ%2BsbYcT"}],"group":"cf-nel","max_age":604800}', 'NEL': '{"success_fraction":0,"report_to":"cf-nel","max_age":604800}', 'Server': 'cloudflare', 'CF-RAY': '890c94b90eb6f9f1-SJC', 'alt-svc': 'h3=":443"; ma=86400'} 
 body={"results":[{"gender":"male","name":{"title":"Mr","first":"Jake","last":"Davies"},"location":{"street":{"number":1004,"name":"Herbert Street"},"city":"Upper Hutt","state":"Otago","country":"New Zealand","postcode":18793,"coordinates":{"latitude":"48.4078","longitude":"-5.3206"},"timezone":{"offset":"+7:00","description":"Bangkok, Hanoi, Jakarta"}},"email":"jake.davies@example.com","login":{"uuid":"82c15d91-f008-44b0-aa13-8bb549c3ef46","username":"beautifulelephant554","password":"passpass","salt":"0ccGtRaj","md5":"29a4734d8c44c74170eb9870f2792e76","sha1":"575ad3f060123ad08be64b3cbc75dfe6408bbcd4","sha256":"c6ffdbfa734da698d679d433afd1dd638e527f4dd87235ea687b5c062589343e"},"dob":{"date":"1985-04-09T11:21:17.862Z","age":39},"registered":{"date":"2016-07-27T22:47:46.258Z","age":7},"phone":"(257)-299-2318","cell":"(934)-926-0364","id":{"name":"","value":null},"picture":{"large":"https://randomuser.me/api/portraits/men/34.jpg","medium":"https://randomuser.me/api/portraits/med/men/34.jpg","thumbnail":"https://randomuser.me/api/portraits/thumb/men/34.jpg"},"nat":"NZ"}],"info":{"seed":"aa46b7b6622659b0","results":1,"page":1,"version":"1.4"}} 
 </msg>
<msg time="2024-06-08T23:14:55.760843" level="INFO">/opt/hostedtoolcache/Python/3.12.3/x64/lib/python3.12/site-packages/urllib3/connectionpool.py:1103: InsecureRequestWarning: Unverified HTTPS request is being made to host 'randomuser.me'. Adding certificate verification is strongly advised. See: https://urllib3.readthedocs.io/en/latest/advanced-usage.html#tls-warnings
  warnings.warn(</msg>
<msg time="2024-06-08T23:14:55.760977" level="INFO">${response} = &lt;Response [200]&gt;</msg>
<var>${response}</var>
<arg>consultarAPI</arg>
<arg>/api</arg>
<doc>Sends a GET request on a previously created HTTP Session.</doc>
<status status="PASS" start="2024-06-08T23:14:55.526125" elapsed="0.234895"/>
</kw>
<kw name="Set Variable" owner="BuiltIn">
<msg time="2024-06-08T23:14:55.762219" level="INFO">${json_data} = {'results': [{'gender': 'male', 'name': {'title': 'Mr', 'first': 'Jake', 'last': 'Davies'}, 'location': {'street': {'number': 1004, 'name': 'Herbert Street'}, 'city': 'Upper Hutt', 'state': 'Otago', '...</msg>
<var>${json_data}</var>
<arg>${response.json()}</arg>
<doc>Returns the given values which can then be assigned to a variables.</doc>
<status status="PASS" start="2024-06-08T23:14:55.761635" elapsed="0.000613"/>
</kw>
<kw name="Log" owner="BuiltIn">
<msg time="2024-06-08T23:14:55.762722" level="INFO">{'results': [{'gender': 'male', 'name': {'title': 'Mr', 'first': 'Jake', 'last': 'Davies'}, 'location': {'street': {'number': 1004, 'name': 'Herbert Street'}, 'city': 'Upper Hutt', 'state': 'Otago', 'country': 'New Zealand', 'postcode': 18793, 'coordinates': {'latitude': '48.4078', 'longitude': '-5.3206'}, 'timezone': {'offset': '+7:00', 'description': 'Bangkok, Hanoi, Jakarta'}}, 'email': 'jake.davies@example.com', 'login': {'uuid': '82c15d91-f008-44b0-aa13-8bb549c3ef46', 'username': 'beautifulelephant554', 'password': 'passpass', 'salt': '0ccGtRaj', 'md5': '29a4734d8c44c74170eb9870f2792e76', 'sha1': '575ad3f060123ad08be64b3cbc75dfe6408bbcd4', 'sha256': 'c6ffdbfa734da698d679d433afd1dd638e527f4dd87235ea687b5c062589343e'}, 'dob': {'date': '1985-04-09T11:21:17.862Z', 'age': 39}, 'registered': {'date': '2016-07-27T22:47:46.258Z', 'age': 7}, 'phone': '(257)-299-2318', 'cell': '(934)-926-0364', 'id': {'name': '', 'value': None}, 'picture': {'large': 'https://randomuser.me/api/portraits/men/34.jpg', 'medium': 'https://randomuser.me/api/portraits/med/men/34.jpg', 'thumbnail': 'https://randomuser.me/api/portraits/thumb/men/34.jpg'}, 'nat': 'NZ'}], 'info': {'seed': 'aa46b7b6622659b0', 'results': 1, 'page': 1, 'version': '1.4'}}</msg>
<arg>${json_data}</arg>
<doc>Logs the given message with the given level.</doc>
<status status="PASS" start="2024-06-08T23:14:55.762561" elapsed="0.000215"/>
</kw>
<kw name="Dictionary Should Contain Key" owner="Collections">
<msg time="2024-06-08T23:14:55.763234" level="INFO">False</msg>
<arg>${json_data}</arg>
<arg>results</arg>
<doc>Fails if ``key`` is not found from ``dictionary``.</doc>
<status status="PASS" start="2024-06-08T23:14:55.763074" elapsed="0.000200"/>
</kw>
<kw name="Should Not Be Empty" owner="BuiltIn">
<msg time="2024-06-08T23:14:55.763767" level="INFO">Length is 2.</msg>
<arg>${json_data}</arg>
<doc>Verifies that the given item is not empty.</doc>
<status status="PASS" start="2024-06-08T23:14:55.763625" elapsed="0.000181"/>
</kw>
<kw name="Create List" owner="BuiltIn">
<msg time="2024-06-08T23:14:55.764411" level="INFO">${expected_keys} = ['gender', 'name', 'location', 'email', 'login']</msg>
<var>${expected_keys}</var>
<arg>gender</arg>
<arg>name</arg>
<arg>location</arg>
<arg>email</arg>
<arg>login</arg>
<doc>Returns a list containing given items.</doc>
<status status="PASS" start="2024-06-08T23:14:55.764100" elapsed="0.000336"/>
</kw>
<for flavor="IN">
<iter>
<kw name="Dictionary Should Contain Key" owner="Collections">
<msg time="2024-06-08T23:14:55.765433" level="INFO">False</msg>
<arg>${json_data['results'][0]}</arg>
<arg>${key}</arg>
<doc>Fails if ``key`` is not found from ``dictionary``.</doc>
<status status="PASS" start="2024-06-08T23:14:55.765030" elapsed="0.000441"/>
</kw>
<kw name="Log" owner="BuiltIn">
<msg time="2024-06-08T23:14:55.766143" level="INFO">{'gender': 'male', 'name': {'title': 'Mr', 'first': 'Jake', 'last': 'Davies'}, 'location': {'street': {'number': 1004, 'name': 'Herbert Street'}, 'city': 'Upper Hutt', 'state': 'Otago', 'country': 'New Zealand', 'postcode': 18793, 'coordinates': {'latitude': '48.4078', 'longitude': '-5.3206'}, 'timezone': {'offset': '+7:00', 'description': 'Bangkok, Hanoi, Jakarta'}}, 'email': 'jake.davies@example.com', 'login': {'uuid': '82c15d91-f008-44b0-aa13-8bb549c3ef46', 'username': 'beautifulelephant554', 'password': 'passpass', 'salt': '0ccGtRaj', 'md5': '29a4734d8c44c74170eb9870f2792e76', 'sha1': '575ad3f060123ad08be64b3cbc75dfe6408bbcd4', 'sha256': 'c6ffdbfa734da698d679d433afd1dd638e527f4dd87235ea687b5c062589343e'}, 'dob': {'date': '1985-04-09T11:21:17.862Z', 'age': 39}, 'registered': {'date': '2016-07-27T22:47:46.258Z', 'age': 7}, 'phone': '(257)-299-2318', 'cell': '(934)-926-0364', 'id': {'name': '', 'value': None}, 'picture': {'large': 'https://randomuser.me/api/portraits/men/34.jpg', 'medium': 'https://randomuser.me/api/portraits/med/men/34.jpg', 'thumbnail': 'https://randomuser.me/api/portraits/thumb/men/34.jpg'}, 'nat': 'NZ'}</msg>
<arg>${json_data['results'][0]}</arg>
<doc>Logs the given message with the given level.</doc>
<status status="PASS" start="2024-06-08T23:14:55.765770" elapsed="0.000422"/>
</kw>
<kw name="Log" owner="BuiltIn">
<msg time="2024-06-08T23:14:55.766619" level="INFO">gender</msg>
<arg>${key}</arg>
<doc>Logs the given message with the given level.</doc>
<status status="PASS" start="2024-06-08T23:14:55.766489" elapsed="0.000167"/>
</kw>
<var name="${key}">gender</var>
<status status="PASS" start="2024-06-08T23:14:55.764903" elapsed="0.001968"/>
</iter>
<iter>
<kw name="Dictionary Should Contain Key" owner="Collections">
<msg time="2024-06-08T23:14:55.767599" level="INFO">False</msg>
<arg>${json_data['results'][0]}</arg>
<arg>${key}</arg>
<doc>Fails if ``key`` is not found from ``dictionary``.</doc>
<status status="PASS" start="2024-06-08T23:14:55.767176" elapsed="0.000462"/>
</kw>
<kw name="Log" owner="BuiltIn">
<msg time="2024-06-08T23:14:55.768326" level="INFO">{'gender': 'male', 'name': {'title': 'Mr', 'first': 'Jake', 'last': 'Davies'}, 'location': {'street': {'number': 1004, 'name': 'Herbert Street'}, 'city': 'Upper Hutt', 'state': 'Otago', 'country': 'New Zealand', 'postcode': 18793, 'coordinates': {'latitude': '48.4078', 'longitude': '-5.3206'}, 'timezone': {'offset': '+7:00', 'description': 'Bangkok, Hanoi, Jakarta'}}, 'email': 'jake.davies@example.com', 'login': {'uuid': '82c15d91-f008-44b0-aa13-8bb549c3ef46', 'username': 'beautifulelephant554', 'password': 'passpass', 'salt': '0ccGtRaj', 'md5': '29a4734d8c44c74170eb9870f2792e76', 'sha1': '575ad3f060123ad08be64b3cbc75dfe6408bbcd4', 'sha256': 'c6ffdbfa734da698d679d433afd1dd638e527f4dd87235ea687b5c062589343e'}, 'dob': {'date': '1985-04-09T11:21:17.862Z', 'age': 39}, 'registered': {'date': '2016-07-27T22:47:46.258Z', 'age': 7}, 'phone': '(257)-299-2318', 'cell': '(934)-926-0364', 'id': {'name': '', 'value': None}, 'picture': {'large': 'https://randomuser.me/api/portraits/men/34.jpg', 'medium': 'https://randomuser.me/api/portraits/med/men/34.jpg', 'thumbnail': 'https://randomuser.me/api/portraits/thumb/men/34.jpg'}, 'nat': 'NZ'}</msg>
<arg>${json_data['results'][0]}</arg>
<doc>Logs the given message with the given level.</doc>
<status status="PASS" start="2024-06-08T23:14:55.767965" elapsed="0.000409"/>
</kw>
<kw name="Log" owner="BuiltIn">
<msg time="2024-06-08T23:14:55.768797" level="INFO">name</msg>
<arg>${key}</arg>
<doc>Logs the given message with the given level.</doc>
<status status="PASS" start="2024-06-08T23:14:55.768669" elapsed="0.000165"/>
</kw>
<var name="${key}">name</var>
<status status="PASS" start="2024-06-08T23:14:55.767060" elapsed="0.001986"/>
</iter>
<iter>
<kw name="Dictionary Should Contain Key" owner="Collections">
<msg time="2024-06-08T23:14:55.769720" level="INFO">False</msg>
<arg>${json_data['results'][0]}</arg>
<arg>${key}</arg>
<doc>Fails if ``key`` is not found from ``dictionary``.</doc>
<status status="PASS" start="2024-06-08T23:14:55.769334" elapsed="0.000425"/>
</kw>
<kw name="Log" owner="BuiltIn">
<msg time="2024-06-08T23:14:55.770439" level="INFO">{'gender': 'male', 'name': {'title': 'Mr', 'first': 'Jake', 'last': 'Davies'}, 'location': {'street': {'number': 1004, 'name': 'Herbert Street'}, 'city': 'Upper Hutt', 'state': 'Otago', 'country': 'New Zealand', 'postcode': 18793, 'coordinates': {'latitude': '48.4078', 'longitude': '-5.3206'}, 'timezone': {'offset': '+7:00', 'description': 'Bangkok, Hanoi, Jakarta'}}, 'email': 'jake.davies@example.com', 'login': {'uuid': '82c15d91-f008-44b0-aa13-8bb549c3ef46', 'username': 'beautifulelephant554', 'password': 'passpass', 'salt': '0ccGtRaj', 'md5': '29a4734d8c44c74170eb9870f2792e76', 'sha1': '575ad3f060123ad08be64b3cbc75dfe6408bbcd4', 'sha256': 'c6ffdbfa734da698d679d433afd1dd638e527f4dd87235ea687b5c062589343e'}, 'dob': {'date': '1985-04-09T11:21:17.862Z', 'age': 39}, 'registered': {'date': '2016-07-27T22:47:46.258Z', 'age': 7}, 'phone': '(257)-299-2318', 'cell': '(934)-926-0364', 'id': {'name': '', 'value': None}, 'picture': {'large': 'https://randomuser.me/api/portraits/men/34.jpg', 'medium': 'https://randomuser.me/api/portraits/med/men/34.jpg', 'thumbnail': 'https://randomuser.me/api/portraits/thumb/men/34.jpg'}, 'nat': 'NZ'}</msg>
<arg>${json_data['results'][0]}</arg>
<doc>Logs the given message with the given level.</doc>
<status status="PASS" start="2024-06-08T23:14:55.770080" elapsed="0.000407"/>
</kw>
<kw name="Log" owner="BuiltIn">
<msg time="2024-06-08T23:14:55.770917" level="INFO">location</msg>
<arg>${key}</arg>
<doc>Logs the given message with the given level.</doc>
<status status="PASS" start="2024-06-08T23:14:55.770790" elapsed="0.000165"/>
</kw>
<var name="${key}">location</var>
<status status="PASS" start="2024-06-08T23:14:55.769223" elapsed="0.001949"/>
</iter>
<iter>
<kw name="Dictionary Should Contain Key" owner="Collections">
<msg time="2024-06-08T23:14:55.771883" level="INFO">False</msg>
<arg>${json_data['results'][0]}</arg>
<arg>${key}</arg>
<doc>Fails if ``key`` is not found from ``dictionary``.</doc>
<status status="PASS" start="2024-06-08T23:14:55.771486" elapsed="0.000434"/>
</kw>
<kw name="Log" owner="BuiltIn">
<msg time="2024-06-08T23:14:55.772571" level="INFO">{'gender': 'male', 'name': {'title': 'Mr', 'first': 'Jake', 'last': 'Davies'}, 'location': {'street': {'number': 1004, 'name': 'Herbert Street'}, 'city': 'Upper Hutt', 'state': 'Otago', 'country': 'New Zealand', 'postcode': 18793, 'coordinates': {'latitude': '48.4078', 'longitude': '-5.3206'}, 'timezone': {'offset': '+7:00', 'description': 'Bangkok, Hanoi, Jakarta'}}, 'email': 'jake.davies@example.com', 'login': {'uuid': '82c15d91-f008-44b0-aa13-8bb549c3ef46', 'username': 'beautifulelephant554', 'password': 'passpass', 'salt': '0ccGtRaj', 'md5': '29a4734d8c44c74170eb9870f2792e76', 'sha1': '575ad3f060123ad08be64b3cbc75dfe6408bbcd4', 'sha256': 'c6ffdbfa734da698d679d433afd1dd638e527f4dd87235ea687b5c062589343e'}, 'dob': {'date': '1985-04-09T11:21:17.862Z', 'age': 39}, 'registered': {'date': '2016-07-27T22:47:46.258Z', 'age': 7}, 'phone': '(257)-299-2318', 'cell': '(934)-926-0364', 'id': {'name': '', 'value': None}, 'picture': {'large': 'https://randomuser.me/api/portraits/men/34.jpg', 'medium': 'https://randomuser.me/api/portraits/med/men/34.jpg', 'thumbnail': 'https://randomuser.me/api/portraits/thumb/men/34.jpg'}, 'nat': 'NZ'}</msg>
<arg>${json_data['results'][0]}</arg>
<doc>Logs the given message with the given level.</doc>
<status status="PASS" start="2024-06-08T23:14:55.772217" elapsed="0.000402"/>
</kw>
<kw name="Log" owner="BuiltIn">
<msg time="2024-06-08T23:14:55.773044" level="INFO">email</msg>
<arg>${key}</arg>
<doc>Logs the given message with the given level.</doc>
<status status="PASS" start="2024-06-08T23:14:55.772916" elapsed="0.000173"/>
</kw>
<var name="${key}">email</var>
<status status="PASS" start="2024-06-08T23:14:55.771345" elapsed="0.001964"/>
</iter>
<iter>
<kw name="Dictionary Should Contain Key" owner="Collections">
<msg time="2024-06-08T23:14:55.773976" level="INFO">False</msg>
<arg>${json_data['results'][0]}</arg>
<arg>${key}</arg>
<doc>Fails if ``key`` is not found from ``dictionary``.</doc>
<status status="PASS" start="2024-06-08T23:14:55.773592" elapsed="0.000422"/>
</kw>
<kw name="Log" owner="BuiltIn">
<msg time="2024-06-08T23:14:55.774697" level="INFO">{'gender': 'male', 'name': {'title': 'Mr', 'first': 'Jake', 'last': 'Davies'}, 'location': {'street': {'number': 1004, 'name': 'Herbert Street'}, 'city': 'Upper Hutt', 'state': 'Otago', 'country': 'New Zealand', 'postcode': 18793, 'coordinates': {'latitude': '48.4078', 'longitude': '-5.3206'}, 'timezone': {'offset': '+7:00', 'description': 'Bangkok, Hanoi, Jakarta'}}, 'email': 'jake.davies@example.com', 'login': {'uuid': '82c15d91-f008-44b0-aa13-8bb549c3ef46', 'username': 'beautifulelephant554', 'password': 'passpass', 'salt': '0ccGtRaj', 'md5': '29a4734d8c44c74170eb9870f2792e76', 'sha1': '575ad3f060123ad08be64b3cbc75dfe6408bbcd4', 'sha256': 'c6ffdbfa734da698d679d433afd1dd638e527f4dd87235ea687b5c062589343e'}, 'dob': {'date': '1985-04-09T11:21:17.862Z', 'age': 39}, 'registered': {'date': '2016-07-27T22:47:46.258Z', 'age': 7}, 'phone': '(257)-299-2318', 'cell': '(934)-926-0364', 'id': {'name': '', 'value': None}, 'picture': {'large': 'https://randomuser.me/api/portraits/men/34.jpg', 'medium': 'https://randomuser.me/api/portraits/med/men/34.jpg', 'thumbnail': 'https://randomuser.me/api/portraits/thumb/men/34.jpg'}, 'nat': 'NZ'}</msg>
<arg>${json_data['results'][0]}</arg>
<doc>Logs the given message with the given level.</doc>
<status status="PASS" start="2024-06-08T23:14:55.774308" elapsed="0.000446"/>
</kw>
<kw name="Log" owner="BuiltIn">
<msg time="2024-06-08T23:14:55.775252" level="INFO">login</msg>
<arg>${key}</arg>
<doc>Logs the given message with the given level.</doc>
<status status="PASS" start="2024-06-08T23:14:55.775123" elapsed="0.000167"/>
</kw>
<var name="${key}">login</var>
<status status="PASS" start="2024-06-08T23:14:55.773482" elapsed="0.002060"/>
</iter>
<var>${key}</var>
<value>@{expected_keys}</value>
<status status="PASS" start="2024-06-08T23:14:55.764701" elapsed="0.010993"/>
</for>
<kw name="Create List" owner="BuiltIn">
<msg time="2024-06-08T23:14:55.776043" level="INFO">${expected_keysTwo} = ['username', 'password']</msg>
<var>${expected_keysTwo}</var>
<arg>username</arg>
<arg>password</arg>
<doc>Returns a list containing given items.</doc>
<status status="PASS" start="2024-06-08T23:14:55.775897" elapsed="0.000171"/>
</kw>
<for flavor="IN">
<iter>
<kw name="Dictionary Should Contain Key" owner="Collections">
<msg time="2024-06-08T23:14:55.776979" level="INFO">False</msg>
<arg>${json_data['results'][0]['login']}</arg>
<arg>${keyTwo}</arg>
<doc>Fails if ``key`` is not found from ``dictionary``.</doc>
<status status="PASS" start="2024-06-08T23:14:55.776593" elapsed="0.000423"/>
</kw>
<kw name="Dictionary Should Contain Key" owner="Collections">
<msg time="2024-06-08T23:14:55.777701" level="INFO">False</msg>
<arg>${json_data['results'][0]['login']}</arg>
<arg>${keyTwo}</arg>
<doc>Fails if ``key`` is not found from ``dictionary``.</doc>
<status status="PASS" start="2024-06-08T23:14:55.777312" elapsed="0.000427"/>
</kw>
<kw name="Log" owner="BuiltIn">
<msg time="2024-06-08T23:14:55.778164" level="INFO">username</msg>
<arg>${keyTwo}</arg>
<doc>Logs the given message with the given level.</doc>
<status status="PASS" start="2024-06-08T23:14:55.778034" elapsed="0.000168"/>
</kw>
<var name="${keyTwo}">username</var>
<status status="PASS" start="2024-06-08T23:14:55.776472" elapsed="0.001945"/>
</iter>
<iter>
<kw name="Dictionary Should Contain Key" owner="Collections">
<msg time="2024-06-08T23:14:55.779105" level="INFO">False</msg>
<arg>${json_data['results'][0]['login']}</arg>
<arg>${keyTwo}</arg>
<doc>Fails if ``key`` is not found from ``dictionary``.</doc>
<status status="PASS" start="2024-06-08T23:14:55.778716" elapsed="0.000427"/>
</kw>
<kw name="Dictionary Should Contain Key" owner="Collections">
<msg time="2024-06-08T23:14:55.779947" level="INFO">False</msg>
<arg>${json_data['results'][0]['login']}</arg>
<arg>${keyTwo}</arg>
<doc>Fails if ``key`` is not found from ``dictionary``.</doc>
<status status="PASS" start="2024-06-08T23:14:55.779471" elapsed="0.000516"/>
</kw>
<kw name="Log" owner="BuiltIn">
<msg time="2024-06-08T23:14:55.780415" level="INFO">password</msg>
<arg>${keyTwo}</arg>
<doc>Logs the given message with the given level.</doc>
<status status="PASS" start="2024-06-08T23:14:55.780286" elapsed="0.000166"/>
</kw>
<var name="${keyTwo}">password</var>
<status status="PASS" start="2024-06-08T23:14:55.778589" elapsed="0.002080"/>
</iter>
<var>${keyTwo}</var>
<value>@{expected_keysTwo}</value>
<status status="PASS" start="2024-06-08T23:14:55.776310" elapsed="0.004480"/>
</for>
<status status="PASS" start="2024-06-08T23:14:55.525878" elapsed="0.255055"/>
</kw>
<doc>Testa a estrutura da resposta da API.</doc>
<tag>testeEstruturaResposta</tag>
<status status="PASS" start="2024-06-08T23:14:55.525361" elapsed="0.255733"/>
</test>
<test id="s1-s1-t4" name="Validar tipos de dados" line="28">
<kw name="Teste de Tipos de Dados" owner="random-user-service">
<kw name="GET On Session" owner="RequestsLibrary">
<msg time="2024-06-08T23:14:55.873636" level="INFO">GET Request : url=https://randomuser.me/api 
 path_url=/api 
 headers={'User-Agent': 'python-requests/2.32.3', 'Accept-Encoding': 'gzip, deflate', 'Accept': '*/*', 'Connection': 'keep-alive'} 
 body=None 
 </msg>
<msg time="2024-06-08T23:14:55.873724" level="INFO">GET Response : url=https://randomuser.me/api 
 status=200, reason=OK 
 headers={'Date': 'Sat, 08 Jun 2024 23:14:55 GMT', 'Content-Type': 'application/json; charset=utf-8', 'Transfer-Encoding': 'chunked', 'Connection': 'keep-alive', 'X-Powered-By': 'Express', 'Access-Control-Allow-Origin': '*', 'Cache-Control': 'no-cache', 'ETag': 'W/"475-jD4kt6PuIiqSaeiIElIh+V8bXvE"', 'Vary': 'Accept-Encoding', 'Content-Encoding': 'gzip', 'CF-Cache-Status': 'DYNAMIC', 'Report-To': '{"endpoints":[{"url":"https:\\/\\/a.nel.cloudflare.com\\/report\\/v4?s=f%2BVg9KzsTRRxVP92rFOCU6f8qWj6I8F6xPAIO9erBCdvtaAlVrLGfO0v%2FPoOZqtRJx5Kcf2A34%2FHhwAb5qeF8UECYUUojXuQprUymKI9va%2BMsDkZ%2FBpNLmCaImQnNNj3"}],"group":"cf-nel","max_age":604800}', 'NEL': '{"success_fraction":0,"report_to":"cf-nel","max_age":604800}', 'Server': 'cloudflare', 'CF-RAY': '890c94baafbff9f1-SJC', 'alt-svc': 'h3=":443"; ma=86400'} 
 body={"results":[{"gender":"male","name":{"title":"Mr","first":"Jaxon","last":"Harris"},"location":{"street":{"number":7794,"name":"Pine Hill Road"},"city":"New Plymouth","state":"Southland","country":"New Zealand","postcode":43475,"coordinates":{"latitude":"47.6527","longitude":"-158.7570"},"timezone":{"offset":"-3:30","description":"Newfoundland"}},"email":"jaxon.harris@example.com","login":{"uuid":"845ca9a5-c6ba-4d1e-a60b-95c823ceb109","username":"angrypanda628","password":"helium","salt":"UASQ1f63","md5":"a8f9e4e4b12955730e00364a55d92833","sha1":"ef82eebd970843d5972953fb518ba87907a26e61","sha256":"5ede53951d50fc8aed14e381c3922451826b1ec88197201ee7b20b547bddad98"},"dob":{"date":"1965-01-12T06:50:03.118Z","age":59},"registered":{"date":"2018-04-26T00:44:30.425Z","age":6},"phone":"(127)-971-0585","cell":"(530)-437-3726","id":{"name":"","value":null},"picture":{"large":"https://randomuser.me/api/portraits/men/51.jpg","medium":"https://randomuser.me/api/portraits/med/men/51.jpg","thumbnail":"https://randomuser.me/api/portraits/thumb/men/51.jpg"},"nat":"NZ"}],"info":{"seed":"6ccb529bf87a1a16","results":1,"page":1,"version":"1.4"}} 
 </msg>
<msg time="2024-06-08T23:14:55.873789" level="INFO">/opt/hostedtoolcache/Python/3.12.3/x64/lib/python3.12/site-packages/urllib3/connectionpool.py:1103: InsecureRequestWarning: Unverified HTTPS request is being made to host 'randomuser.me'. Adding certificate verification is strongly advised. See: https://urllib3.readthedocs.io/en/latest/advanced-usage.html#tls-warnings
  warnings.warn(</msg>
<msg time="2024-06-08T23:14:55.873898" level="INFO">${response} = &lt;Response [200]&gt;</msg>
<var>${response}</var>
<arg>consultarAPI</arg>
<arg>/api</arg>
<doc>Sends a GET request on a previously created HTTP Session.</doc>
<status status="PASS" start="2024-06-08T23:14:55.783616" elapsed="0.090319"/>
</kw>
<kw name="Set Variable" owner="BuiltIn">
<msg time="2024-06-08T23:14:55.874945" level="INFO">${json_data} = {'results': [{'gender': 'male', 'name': {'title': 'Mr', 'first': 'Jaxon', 'last': 'Harris'}, 'location': {'street': {'number': 7794, 'name': 'Pine Hill Road'}, 'city': 'New Plymouth', 'state': 'Southl...</msg>
<var>${json_data}</var>
<arg>${response.json()}</arg>
<doc>Returns the given values which can then be assigned to a variables.</doc>
<status status="PASS" start="2024-06-08T23:14:55.874435" elapsed="0.000554"/>
</kw>
<kw name="Log" owner="BuiltIn">
<msg time="2024-06-08T23:14:55.875495" level="INFO">{'results': [{'gender': 'male', 'name': {'title': 'Mr', 'first': 'Jaxon', 'last': 'Harris'}, 'location': {'street': {'number': 7794, 'name': 'Pine Hill Road'}, 'city': 'New Plymouth', 'state': 'Southland', 'country': 'New Zealand', 'postcode': 43475, 'coordinates': {'latitude': '47.6527', 'longitude': '-158.7570'}, 'timezone': {'offset': '-3:30', 'description': 'Newfoundland'}}, 'email': 'jaxon.harris@example.com', 'login': {'uuid': '845ca9a5-c6ba-4d1e-a60b-95c823ceb109', 'username': 'angrypanda628', 'password': 'helium', 'salt': 'UASQ1f63', 'md5': 'a8f9e4e4b12955730e00364a55d92833', 'sha1': 'ef82eebd970843d5972953fb518ba87907a26e61', 'sha256': '5ede53951d50fc8aed14e381c3922451826b1ec88197201ee7b20b547bddad98'}, 'dob': {'date': '1965-01-12T06:50:03.118Z', 'age': 59}, 'registered': {'date': '2018-04-26T00:44:30.425Z', 'age': 6}, 'phone': '(127)-971-0585', 'cell': '(530)-437-3726', 'id': {'name': '', 'value': None}, 'picture': {'large': 'https://randomuser.me/api/portraits/men/51.jpg', 'medium': 'https://randomuser.me/api/portraits/med/men/51.jpg', 'thumbnail': 'https://randomuser.me/api/portraits/thumb/men/51.jpg'}, 'nat': 'NZ'}], 'info': {'seed': '6ccb529bf87a1a16', 'results': 1, 'page': 1, 'version': '1.4'}}</msg>
<arg>${json_data}</arg>
<doc>Logs the given message with the given level.</doc>
<status status="PASS" start="2024-06-08T23:14:55.875306" elapsed="0.000284"/>
</kw>
<kw name="Should Be String" owner="String">
<arg>${json_data['results'][0]['gender']}</arg>
<doc>Fails if the given ``item`` is not a string.</doc>
<status status="PASS" start="2024-06-08T23:14:55.875898" elapsed="0.000359"/>
</kw>
<kw name="Should Match Regexp" owner="BuiltIn">
<arg>${json_data['results'][0]['email']}</arg>
<arg>^[a-zA-Z0-9._%+-]+@[a-zA-Z0-9.-]+\.[a-zA-Z]{2,}$</arg>
<doc>Fails if ``string`` does not match ``pattern`` as a regular expression.</doc>
<status status="PASS" start="2024-06-08T23:14:55.876485" elapsed="0.000535"/>
</kw>
<kw name="Should Match Regexp" owner="BuiltIn">
<arg>${json_data['results'][0]['dob']['date']}</arg>
<arg>\\d{4}-\\d{2}-\\d{2}T\\d{2}:\\d{2}:\\d{2}\\.\\d{3}Z</arg>
<doc>Fails if ``string`` does not match ``pattern`` as a regular expression.</doc>
<status status="PASS" start="2024-06-08T23:14:55.877219" elapsed="0.000482"/>
</kw>
<kw name="Should Match Regexp" owner="BuiltIn">
<arg>${json_data['results'][0]['registered']['date']}</arg>
<arg>\\d{4}-\\d{2}-\\d{2}T\\d{2}:\\d{2}:\\d{2}\\.\\d{3}Z</arg>
<doc>Fails if ``string`` does not match ``pattern`` as a regular expression.</doc>
<status status="PASS" start="2024-06-08T23:14:55.877894" elapsed="0.000366"/>
</kw>
<kw name="Should Match Regexp" owner="BuiltIn">
<arg>${json_data['results'][0]['picture']['large']}</arg>
<arg>^https?://.*\.(?:png|jpe?g|gif|bmp)$</arg>
<doc>Fails if ``string`` does not match ``pattern`` as a regular expression.</doc>
<status status="PASS" start="2024-06-08T23:14:55.878452" elapsed="0.000457"/>
</kw>
<kw name="Should Match Regexp" owner="BuiltIn">
<arg>${json_data['results'][0]['picture']['medium']}</arg>
<arg>^https?://.*\.(?:png|jpe?g|gif|bmp)$</arg>
<doc>Fails if ``string`` does not match ``pattern`` as a regular expression.</doc>
<status status="PASS" start="2024-06-08T23:14:55.879100" elapsed="0.000390"/>
</kw>
<kw name="Should Match Regexp" owner="BuiltIn">
<arg>${json_data['results'][0]['picture']['thumbnail']}</arg>
<arg>^https?://.*\.(?:png|jpe?g|gif|bmp)$</arg>
<doc>Fails if ``string`` does not match ``pattern`` as a regular expression.</doc>
<status status="PASS" start="2024-06-08T23:14:55.879696" elapsed="0.000351"/>
</kw>
<kw name="Log" owner="BuiltIn">
<msg time="2024-06-08T23:14:55.880565" level="INFO">{'large': 'https://randomuser.me/api/portraits/men/51.jpg', 'medium': 'https://randomuser.me/api/portraits/med/men/51.jpg', 'thumbnail': 'https://randomuser.me/api/portraits/thumb/men/51.jpg'}</msg>
<arg>${json_data['results'][0]['picture']}</arg>
<doc>Logs the given message with the given level.</doc>
<status status="PASS" start="2024-06-08T23:14:55.880241" elapsed="0.000369"/>
</kw>
<status status="PASS" start="2024-06-08T23:14:55.783337" elapsed="0.097532"/>
</kw>
<kw name="Teste de Tipos de Dados - Postcode" owner="random-user-service">
<kw name="GET On Session" owner="RequestsLibrary">
<msg time="2024-06-08T23:14:55.990472" level="INFO">GET Request : url=https://randomuser.me/api 
 path_url=/api 
 headers={'User-Agent': 'python-requests/2.32.3', 'Accept-Encoding': 'gzip, deflate', 'Accept': '*/*', 'Connection': 'keep-alive'} 
 body=None 
 </msg>
<msg time="2024-06-08T23:14:55.990585" level="INFO">GET Response : url=https://randomuser.me/api 
 status=200, reason=OK 
 headers={'Date': 'Sat, 08 Jun 2024 23:14:55 GMT', 'Content-Type': 'application/json; charset=utf-8', 'Transfer-Encoding': 'chunked', 'Connection': 'keep-alive', 'X-Powered-By': 'Express', 'Access-Control-Allow-Origin': '*', 'Cache-Control': 'no-cache', 'ETag': 'W/"49d-0CN4LT8R8Ntx6tYJpTXaIneDN2Y"', 'Vary': 'Accept-Encoding', 'Content-Encoding': 'gzip', 'CF-Cache-Status': 'DYNAMIC', 'Report-To': '{"endpoints":[{"url":"https:\\/\\/a.nel.cloudflare.com\\/report\\/v4?s=OGCkZ4mUlxMPfV%2B0mc46QU2ZuXweWpuKLyNnGDsbiEm%2BsBwACKe2kgcynq333vHhUrJEADOpFCjv8pBHZGYzOgrSKwn23JslYBqi%2BHOvhWmC5FHbkw9%2F3xTh7BwiPUxu"}],"group":"cf-nel","max_age":604800}', 'NEL': '{"success_fraction":0,"report_to":"cf-nel","max_age":604800}', 'Server': 'cloudflare', 'CF-RAY': '890c94bb4822f9f1-SJC', 'alt-svc': 'h3=":443"; ma=86400'} 
 body={"results":[{"gender":"female","name":{"title":"Mrs","first":"Clara","last":"Angulo"},"location":{"street":{"number":8286,"name":"Calzada Sur Quiñónez"},"city":"Miraflores","state":"Nuevo Leon","country":"Mexico","postcode":43138,"coordinates":{"latitude":"27.9601","longitude":"108.0538"},"timezone":{"offset":"+7:00","description":"Bangkok, Hanoi, Jakarta"}},"email":"clara.angulo@example.com","login":{"uuid":"30add489-547c-44fb-9e13-dac7937c3a80","username":"brownsnake713","password":"barefoot","salt":"qEWq8Tu5","md5":"6eaf4e84f347bf0d728385fc3f22dc11","sha1":"7e94dedce9075fe819a79aa1507ba3f253a65b09","sha256":"c49c7dee0230a828afa3a0cfbb4e3ea73e3b1ea293400315bb34780c6df1a319"},"dob":{"date":"1987-08-29T17:08:35.197Z","age":36},"registered":{"date":"2012-03-18T17:05:47.133Z","age":12},"phone":"(624) 726 5068","cell":"(647) 764 8057","id":{"name":"NSS","value":"89 74 53 5491 6"},"picture":{"large":"https://randomuser.me/api/portraits/women/59.jpg","medium":"https://randomuser.me/api/portraits/med/women/59.jpg","thumbnail":"https://randomuser.me/api/portraits/thumb/women/59.jpg"},"nat":"MX"}],"info":{"seed":"6ba58c612127933b","results":1,"page":1,"version":"1.4"}} 
 </msg>
<msg time="2024-06-08T23:14:55.990669" level="INFO">/opt/hostedtoolcache/Python/3.12.3/x64/lib/python3.12/site-packages/urllib3/connectionpool.py:1103: InsecureRequestWarning: Unverified HTTPS request is being made to host 'randomuser.me'. Adding certificate verification is strongly advised. See: https://urllib3.readthedocs.io/en/latest/advanced-usage.html#tls-warnings
  warnings.warn(</msg>
<msg time="2024-06-08T23:14:55.990812" level="INFO">${response} = &lt;Response [200]&gt;</msg>
<var>${response}</var>
<arg>consultarAPI</arg>
<arg>/api</arg>
<doc>Sends a GET request on a previously created HTTP Session.</doc>
<status status="PASS" start="2024-06-08T23:14:55.881340" elapsed="0.109511"/>
</kw>
<kw name="Set Variable" owner="BuiltIn">
<msg time="2024-06-08T23:14:55.992113" level="INFO">${json_data} = {'results': [{'gender': 'female', 'name': {'title': 'Mrs', 'first': 'Clara', 'last': 'Angulo'}, 'location': {'street': {'number': 8286, 'name': 'Calzada Sur Quiñónez'}, 'city': 'Miraflores', 'state': ...</msg>
<var>${json_data}</var>
<arg>${response.json()}</arg>
<doc>Returns the given values which can then be assigned to a variables.</doc>
<status status="PASS" start="2024-06-08T23:14:55.991523" elapsed="0.000622"/>
</kw>
<kw name="Log" owner="BuiltIn">
<msg time="2024-06-08T23:14:55.992641" level="INFO">{'results': [{'gender': 'female', 'name': {'title': 'Mrs', 'first': 'Clara', 'last': 'Angulo'}, 'location': {'street': {'number': 8286, 'name': 'Calzada Sur Quiñónez'}, 'city': 'Miraflores', 'state': 'Nuevo Leon', 'country': 'Mexico', 'postcode': 43138, 'coordinates': {'latitude': '27.9601', 'longitude': '108.0538'}, 'timezone': {'offset': '+7:00', 'description': 'Bangkok, Hanoi, Jakarta'}}, 'email': 'clara.angulo@example.com', 'login': {'uuid': '30add489-547c-44fb-9e13-dac7937c3a80', 'username': 'brownsnake713', 'password': 'barefoot', 'salt': 'qEWq8Tu5', 'md5': '6eaf4e84f347bf0d728385fc3f22dc11', 'sha1': '7e94dedce9075fe819a79aa1507ba3f253a65b09', 'sha256': 'c49c7dee0230a828afa3a0cfbb4e3ea73e3b1ea293400315bb34780c6df1a319'}, 'dob': {'date': '1987-08-29T17:08:35.197Z', 'age': 36}, 'registered': {'date': '2012-03-18T17:05:47.133Z', 'age': 12}, 'phone': '(624) 726 5068', 'cell': '(647) 764 8057', 'id': {'name': 'NSS', 'value': '89 74 53 5491 6'}, 'picture': {'large': 'https://randomuser.me/api/portraits/women/59.jpg', 'medium': 'https://randomuser.me/api/portraits/med/women/59.jpg', 'thumbnail': 'https://randomuser.me/api/portraits/thumb/women/59.jpg'}, 'nat': 'MX'}], 'info': {'seed': '6ba58c612127933b', 'results': 1, 'page': 1, 'version': '1.4'}}</msg>
<arg>${json_data}</arg>
<doc>Logs the given message with the given level.</doc>
<status status="PASS" start="2024-06-08T23:14:55.992476" elapsed="0.000261"/>
</kw>
<kw name="Should Be Equal As Numbers" owner="BuiltIn">
<arg>${json_data['results'][0]['location']['postcode']}</arg>
<arg>${json_data['results'][0]['location']['postcode']}</arg>
<doc>Fails if objects are unequal after converting them to real numbers.</doc>
<status status="PASS" start="2024-06-08T23:14:55.993054" elapsed="0.000807"/>
</kw>
<kw name="Log" owner="BuiltIn">
<msg time="2024-06-08T23:14:55.994407" level="INFO">43138</msg>
<arg>${json_data['results'][0]['location']['postcode']}</arg>
<doc>Logs the given message with the given level.</doc>
<status status="PASS" start="2024-06-08T23:14:55.994063" elapsed="0.000386"/>
</kw>
<status status="PASS" start="2024-06-08T23:14:55.881098" elapsed="0.113617"/>
</kw>
<doc>Testa se os tipos de dados na resposta da API estão corretos.</doc>
<tag>testeTiposDados</tag>
<status status="PASS" start="2024-06-08T23:14:55.782860" elapsed="0.212026"/>
</test>
<test id="s1-s1-t5" name="Validar conteudo" line="35">
<kw name="Teste de Tipos de Conteudo" owner="random-user-service">
<kw name="GET On Session" owner="RequestsLibrary">
<msg time="2024-06-08T23:14:56.081869" level="INFO">GET Request : url=https://randomuser.me/api 
 path_url=/api 
 headers={'User-Agent': 'python-requests/2.32.3', 'Accept-Encoding': 'gzip, deflate', 'Accept': '*/*', 'Connection': 'keep-alive'} 
 body=None 
 </msg>
<msg time="2024-06-08T23:14:56.081982" level="INFO">GET Response : url=https://randomuser.me/api 
 status=200, reason=OK 
 headers={'Date': 'Sat, 08 Jun 2024 23:14:56 GMT', 'Content-Type': 'application/json; charset=utf-8', 'Transfer-Encoding': 'chunked', 'Connection': 'keep-alive', 'X-Powered-By': 'Express', 'Access-Control-Allow-Origin': '*', 'Cache-Control': 'no-cache', 'ETag': 'W/"48c-QZylXqSb6Thnqj7VsB1cOsK8r28"', 'Vary': 'Accept-Encoding', 'Content-Encoding': 'gzip', 'CF-Cache-Status': 'DYNAMIC', 'Report-To': '{"endpoints":[{"url":"https:\\/\\/a.nel.cloudflare.com\\/report\\/v4?s=QZya3wz4Nx5zpJikyzxVsgJsJXfEtneYKKWZcBWnDIWHQsZ0tmsuNt71M3X%2BTrLHXfHTdjirvG5mZKL55jaY05RaJ2BtMjIYp%2Bsq4CBra0VJypV4Qa%2FkynozMsbK7Ukd"}],"group":"cf-nel","max_age":604800}', 'NEL': '{"success_fraction":0,"report_to":"cf-nel","max_age":604800}', 'Server': 'cloudflare', 'CF-RAY': '890c94bbf89ef9f1-SJC', 'alt-svc': 'h3=":443"; ma=86400'} 
 body={"results":[{"gender":"male","name":{"title":"Mr","first":"Toivo","last":"Tanner"},"location":{"street":{"number":3777,"name":"Suvantokatu"},"city":"Eckerö","state":"Päijät-Häme","country":"Finland","postcode":35591,"coordinates":{"latitude":"-25.4715","longitude":"-97.7185"},"timezone":{"offset":"+7:00","description":"Bangkok, Hanoi, Jakarta"}},"email":"toivo.tanner@example.com","login":{"uuid":"ded6d094-d6a0-42a0-8a74-f5ea37727683","username":"heavyelephant962","password":"ncc1701a","salt":"2yObjObc","md5":"678b74741fc3b58285847c341584cc77","sha1":"cfe2196af8bf9b5ac1ffb1ebd3ffb24a3ed14eba","sha256":"b9eb9dd22be24aead601dcdfb889b62d1198f75370e1288537d01c340bc7504e"},"dob":{"date":"1965-06-13T14:47:12.195Z","age":58},"registered":{"date":"2020-11-03T15:27:37.479Z","age":3},"phone":"03-441-445","cell":"041-419-02-70","id":{"name":"HETU","value":"NaNNA123undefined"},"picture":{"large":"https://randomuser.me/api/portraits/men/63.jpg","medium":"https://randomuser.me/api/portraits/med/men/63.jpg","thumbnail":"https://randomuser.me/api/portraits/thumb/men/63.jpg"},"nat":"FI"}],"info":{"seed":"d5f94eef2cf10d97","results":1,"page":1,"version":"1.4"}} 
 </msg>
<msg time="2024-06-08T23:14:56.082064" level="INFO">/opt/hostedtoolcache/Python/3.12.3/x64/lib/python3.12/site-packages/urllib3/connectionpool.py:1103: InsecureRequestWarning: Unverified HTTPS request is being made to host 'randomuser.me'. Adding certificate verification is strongly advised. See: https://urllib3.readthedocs.io/en/latest/advanced-usage.html#tls-warnings
  warnings.warn(</msg>
<msg time="2024-06-08T23:14:56.082185" level="INFO">${response} = &lt;Response [200]&gt;</msg>
<var>${response}</var>
<arg>consultarAPI</arg>
<arg>/api</arg>
<doc>Sends a GET request on a previously created HTTP Session.</doc>
<status status="PASS" start="2024-06-08T23:14:55.997785" elapsed="0.084426"/>
</kw>
<kw name="Set Variable" owner="BuiltIn">
<msg time="2024-06-08T23:14:56.083280" level="INFO">${json_data} = {'results': [{'gender': 'male', 'name': {'title': 'Mr', 'first': 'Toivo', 'last': 'Tanner'}, 'location': {'street': {'number': 3777, 'name': 'Suvantokatu'}, 'city': 'Eckerö', 'state': 'Päijät-Häme', '...</msg>
<var>${json_data}</var>
<arg>${response.json()}</arg>
<doc>Returns the given values which can then be assigned to a variables.</doc>
<status status="PASS" start="2024-06-08T23:14:56.082757" elapsed="0.000554"/>
</kw>
<kw name="Set Variable" owner="BuiltIn">
<msg time="2024-06-08T23:14:56.084065" level="INFO">${name_title} = Mr</msg>
<var>${name_title}</var>
<arg>${json_data["results"][0]["name"]["title"]}</arg>
<doc>Returns the given values which can then be assigned to a variables.</doc>
<status status="PASS" start="2024-06-08T23:14:56.083670" elapsed="0.000422"/>
</kw>
<kw name="Create List" owner="BuiltIn">
<msg time="2024-06-08T23:14:56.084555" level="INFO">${allowed_titles} = ['Mr', 'Ms', 'Miss', 'Mrs', 'Madame', 'Monsieur']</msg>
<var>${allowed_titles}</var>
<arg>Mr</arg>
<arg>Ms</arg>
<arg>Miss</arg>
<arg>Mrs</arg>
<arg>Madame</arg>
<arg>Monsieur</arg>
<doc>Returns a list containing given items.</doc>
<status status="PASS" start="2024-06-08T23:14:56.084394" elapsed="0.000185"/>
</kw>
<kw name="List Should Contain Value" owner="Collections">
<msg time="2024-06-08T23:14:56.085066" level="INFO">False</msg>
<arg>${allowed_titles}</arg>
<arg>${name_title}</arg>
<doc>Fails if the ``value`` is not found from ``list``.</doc>
<status status="PASS" start="2024-06-08T23:14:56.084886" elapsed="0.000219"/>
</kw>
<kw name="Set Variable" owner="BuiltIn">
<msg time="2024-06-08T23:14:56.085786" level="INFO">${name_country} = FI</msg>
<var>${name_country}</var>
<arg>${json_data["results"][0]["nat"]}</arg>
<doc>Returns the given values which can then be assigned to a variables.</doc>
<status status="PASS" start="2024-06-08T23:14:56.085397" elapsed="0.000415"/>
</kw>
<kw name="Create List" owner="BuiltIn">
<msg time="2024-06-08T23:14:56.086747" level="INFO">${list_country} = ['AD', 'AE', 'AF', 'AG', 'AI', 'AL', 'AM', 'AO', 'AQ', 'AR', 'AS', 'AT', 'AU', 'AW', 'AX', 'AZ', 'BA', 'BB', 'BD', 'BE', 'BF', 'BG', 'BH', 'BI', 'BJ', 'BL', 'BM', 'BN', 'BO', 'BQ', 'BR', 'BS', 'BT', '...</msg>
<var>${list_country}</var>
<arg>AD</arg>
<arg>AE</arg>
<arg>AF</arg>
<arg>AG</arg>
<arg>AI</arg>
<arg>AL</arg>
<arg>AM</arg>
<arg>AO</arg>
<arg>AQ</arg>
<arg>AR</arg>
<arg>AS</arg>
<arg>AT</arg>
<arg>AU</arg>
<arg>AW</arg>
<arg>AX</arg>
<arg>AZ</arg>
<arg>BA</arg>
<arg>BB</arg>
<arg>BD</arg>
<arg>BE</arg>
<arg>BF</arg>
<arg>BG</arg>
<arg>BH</arg>
<arg>BI</arg>
<arg>BJ</arg>
<arg>BL</arg>
<arg>BM</arg>
<arg>BN</arg>
<arg>BO</arg>
<arg>BQ</arg>
<arg>BR</arg>
<arg>BS</arg>
<arg>BT</arg>
<arg>BV</arg>
<arg>BW</arg>
<arg>BY</arg>
<arg>BZ</arg>
<arg>CA</arg>
<arg>CC</arg>
<arg>CD</arg>
<arg>CF</arg>
<arg>CG</arg>
<arg>CH</arg>
<arg>CI</arg>
<arg>CK</arg>
<arg>CL</arg>
<arg>CM</arg>
<arg>CN</arg>
<arg>CO</arg>
<arg>CR</arg>
<arg>CU</arg>
<arg>CV</arg>
<arg>CW</arg>
<arg>CX</arg>
<arg>CY</arg>
<arg>CZ</arg>
<arg>DE</arg>
<arg>DJ</arg>
<arg>DK</arg>
<arg>DM</arg>
<arg>DO</arg>
<arg>DZ</arg>
<arg>EC</arg>
<arg>EE</arg>
<arg>EG</arg>
<arg>EH</arg>
<arg>ER</arg>
<arg>ES</arg>
<arg>ET</arg>
<arg>FI</arg>
<arg>FJ</arg>
<arg>FK</arg>
<arg>FM</arg>
<arg>FO</arg>
<arg>FR</arg>
<arg>GA</arg>
<arg>GB</arg>
<arg>GD</arg>
<arg>GE</arg>
<arg>GF</arg>
<arg>GG</arg>
<arg>GH</arg>
<arg>GI</arg>
<arg>GL</arg>
<arg>GM</arg>
<arg>GN</arg>
<arg>GP</arg>
<arg>GQ</arg>
<arg>GR</arg>
<arg>GS</arg>
<arg>GT</arg>
<arg>GU</arg>
<arg>GW</arg>
<arg>GY</arg>
<arg>HK</arg>
<arg>HM</arg>
<arg>HN</arg>
<arg>HR</arg>
<arg>HT</arg>
<arg>HU</arg>
<arg>ID</arg>
<arg>IE</arg>
<arg>IL</arg>
<arg>IM</arg>
<arg>IN</arg>
<arg>IO</arg>
<arg>IQ</arg>
<arg>IR</arg>
<arg>IS</arg>
<arg>IT</arg>
<arg>JE</arg>
<arg>JM</arg>
<arg>JO</arg>
<arg>JP</arg>
<arg>KE</arg>
<arg>KG</arg>
<arg>KH</arg>
<arg>KI</arg>
<arg>KM</arg>
<arg>KN</arg>
<arg>KP</arg>
<arg>KR</arg>
<arg>KW</arg>
<arg>KY</arg>
<arg>KZ</arg>
<arg>LA</arg>
<arg>LB</arg>
<arg>LC</arg>
<arg>LI</arg>
<arg>LK</arg>
<arg>LR</arg>
<arg>LS</arg>
<arg>LT</arg>
<arg>LU</arg>
<arg>LV</arg>
<arg>LY</arg>
<arg>MA</arg>
<arg>MC</arg>
<arg>MD</arg>
<arg>ME</arg>
<arg>MF</arg>
<arg>MG</arg>
<arg>MH</arg>
<arg>MK</arg>
<arg>ML</arg>
<arg>MM</arg>
<arg>MN</arg>
<arg>MO</arg>
<arg>MP</arg>
<arg>MQ</arg>
<arg>MR</arg>
<arg>MS</arg>
<arg>MT</arg>
<arg>MU</arg>
<arg>MV</arg>
<arg>MW</arg>
<arg>MX</arg>
<arg>MY</arg>
<arg>MZ</arg>
<arg>NA</arg>
<arg>NC</arg>
<arg>NE</arg>
<arg>NF</arg>
<arg>NG</arg>
<arg>NI</arg>
<arg>NL</arg>
<arg>NO</arg>
<arg>NP</arg>
<arg>NR</arg>
<arg>NU</arg>
<arg>NZ</arg>
<arg>OM</arg>
<arg>PA</arg>
<arg>PE</arg>
<arg>PF</arg>
<arg>PG</arg>
<arg>PH</arg>
<arg>PK</arg>
<arg>PL</arg>
<arg>PM</arg>
<arg>PN</arg>
<arg>PR</arg>
<arg>PS</arg>
<arg>PT</arg>
<arg>PW</arg>
<arg>PY</arg>
<arg>QA</arg>
<arg>RE</arg>
<arg>RO</arg>
<arg>RS</arg>
<arg>RU</arg>
<arg>RW</arg>
<arg>SA</arg>
<arg>SB</arg>
<arg>SC</arg>
<arg>SD</arg>
<arg>SE</arg>
<arg>SG</arg>
<arg>SH</arg>
<arg>SI</arg>
<arg>SJ</arg>
<arg>SK</arg>
<arg>SL</arg>
<arg>SM</arg>
<arg>SN</arg>
<arg>SO</arg>
<arg>SR</arg>
<arg>SS</arg>
<arg>ST</arg>
<arg>SV</arg>
<arg>SX</arg>
<arg>SY</arg>
<arg>SZ</arg>
<arg>TC</arg>
<arg>TD</arg>
<arg>TF</arg>
<arg>TG</arg>
<arg>TH</arg>
<arg>TJ</arg>
<arg>TK</arg>
<arg>TL</arg>
<arg>TM</arg>
<arg>TN</arg>
<arg>TO</arg>
<arg>TR</arg>
<arg>TT</arg>
<arg>TV</arg>
<arg>TW</arg>
<arg>TZ</arg>
<arg>UA</arg>
<arg>UG</arg>
<arg>UM</arg>
<arg>US</arg>
<arg>UY</arg>
<arg>UZ</arg>
<arg>VA</arg>
<arg>VC</arg>
<arg>VE</arg>
<arg>VG</arg>
<arg>VI</arg>
<arg>VN</arg>
<arg>VU</arg>
<arg>WF</arg>
<arg>WS</arg>
<arg>XK</arg>
<arg>YE</arg>
<arg>YT</arg>
<arg>ZA</arg>
<arg>ZM</arg>
<arg>ZW</arg>
<doc>Returns a list containing given items.</doc>
<status status="PASS" start="2024-06-08T23:14:56.086117" elapsed="0.000657"/>
</kw>
<kw name="List Should Contain Value" owner="Collections">
<msg time="2024-06-08T23:14:56.087803" level="INFO">False</msg>
<arg>${list_country}</arg>
<arg>${name_country}</arg>
<doc>Fails if the ``value`` is not found from ``list``.</doc>
<status status="PASS" start="2024-06-08T23:14:56.087592" elapsed="0.000249"/>
</kw>
<kw name="Run Keyword If" owner="BuiltIn">
<kw name="Should Be True" owner="BuiltIn">
<arg>${True}</arg>
<doc>Fails if the given condition is not true.</doc>
<status status="PASS" start="2024-06-08T23:14:56.088986" elapsed="0.000164"/>
</kw>
<arg>${json_data["results"][0]["location"]["coordinates"]["latitude"]} &gt;= -90 and ${json_data["results"][0]["location"]["coordinates"]["latitude"]} &lt;= 90</arg>
<arg>Should Be True</arg>
<arg>${True}</arg>
<doc>Runs the given keyword with the given arguments, if ``condition`` is true.</doc>
<status status="PASS" start="2024-06-08T23:14:56.088163" elapsed="0.001118"/>
</kw>
<kw name="Run Keyword If" owner="BuiltIn">
<kw name="Should Be True" owner="BuiltIn">
<arg>${True}</arg>
<doc>Fails if the given condition is not true.</doc>
<status status="PASS" start="2024-06-08T23:14:56.090167" elapsed="0.000262"/>
</kw>
<arg>${json_data["results"][0]["location"]["coordinates"]["longitude"]} &gt;= -180 and ${json_data["results"][0]["location"]["coordinates"]["longitude"]} &lt;= 180</arg>
<arg>Should Be True</arg>
<arg>${True}</arg>
<doc>Runs the given keyword with the given arguments, if ``condition`` is true.</doc>
<status status="PASS" start="2024-06-08T23:14:56.089468" elapsed="0.001089"/>
</kw>
<status status="PASS" start="2024-06-08T23:14:55.997405" elapsed="0.093287"/>
</kw>
<doc>Testa o conteúdo específico dos campos retornados pela API.</doc>
<tag>testeConteudo</tag>
<status status="PASS" start="2024-06-08T23:14:55.996719" elapsed="0.094126"/>
</test>
<status status="PASS" start="2024-06-08T23:14:55.057256" elapsed="1.035546"/>
</suite>
<status status="PASS" start="2024-06-08T23:14:55.043815" elapsed="1.054094"/>
</suite>
<statistics>
<total>
<stat pass="5" fail="0" skip="0">All Tests</stat>
</total>
<tag>
<stat pass="1" fail="0" skip="0">testeConteudo</stat>
<stat pass="1" fail="0" skip="0">testeEstruturaResposta</stat>
<stat pass="1" fail="0" skip="0">testeRequisicaoBasica</stat>
<stat pass="1" fail="0" skip="0">testeTiposDados</stat>
</tag>
<suite>
<stat pass="5" fail="0" skip="0" id="s1" name="Tests">Tests</stat>
<stat pass="5" fail="0" skip="0" id="s1-s1" name="Random-User-Test">Tests.Random-User-Test</stat>
</suite>
</statistics>
<errors>
</errors>
</robot>
