<?xml version="1.0" encoding="UTF-8"?>
<robot generator="Robot 7.0 (Python 3.12.2 on linux)" generated="2024-03-31T18:16:17.497239" rpa="false" schemaversion="5">
<suite id="s1" name="Tests" source="/home/runner/work/DesafioQAItauRogerioJordao/DesafioQAItauRogerioJordao/RamdonUser/tests">
<suite id="s1-s1" name="Random-User-Test" source="/home/runner/work/DesafioQAItauRogerioJordao/DesafioQAItauRogerioJordao/RamdonUser/tests/random-user-test.robot">
<test id="s1-s1-t1" name="Conectar" line="13">
<kw name="Conectar API" owner="random-user-service">
<kw name="Create Session" owner="RequestsLibrary">
<msg time="2024-03-31T18:16:17.927049" level="INFO">Creating Session using : alias=consultarAPI, url=https://randomuser.me/, headers={},                     cookies={}, auth=None, timeout=None, proxies=None, verify=False,                     debug=0 </msg>
<arg>consultarAPI</arg>
<arg>${URL}</arg>
<doc>Create Session: create a HTTP session to a server</doc>
<status status="PASS" start="2024-03-31T18:16:17.926836" elapsed="0.000388"/>
</kw>
<status status="PASS" start="2024-03-31T18:16:17.925695" elapsed="0.001904"/>
</kw>
<status status="PASS" start="2024-03-31T18:16:17.925131" elapsed="0.002671"/>
</test>
<test id="s1-s1-t2" name="Validar retorno 200 e JSON Válido" line="16">
<kw name="Teste de Requisicao Basica" owner="random-user-service">
<kw name="GET On Session" owner="RequestsLibrary">
<msg time="2024-03-31T18:16:18.013843" level="INFO">GET Request : url=https://randomuser.me/api 
 path_url=/api 
 headers={'User-Agent': 'python-requests/2.31.0', 'Accept-Encoding': 'gzip, deflate', 'Accept': '*/*', 'Connection': 'keep-alive'} 
 body=None 
 </msg>
<msg time="2024-03-31T18:16:18.014015" level="INFO">GET Response : url=https://randomuser.me/api 
 status=200, reason=OK 
 headers={'Date': 'Sun, 31 Mar 2024 18:16:18 GMT', 'Content-Type': 'application/json; charset=utf-8', 'Transfer-Encoding': 'chunked', 'Connection': 'keep-alive', 'X-Powered-By': 'Express', 'Access-Control-Allow-Origin': '*', 'Cache-Control': 'no-cache', 'ETag': 'W/"4a4-RAP1VFIE8cRUE9XWA9s/KKMBqtg"', 'Vary': 'Accept-Encoding', 'Content-Encoding': 'gzip', 'CF-Cache-Status': 'DYNAMIC', 'Report-To': '{"endpoints":[{"url":"https:\\/\\/a.nel.cloudflare.com\\/report\\/v4?s=sIULoMaXuMez0DEWhfWX%2FXDCAUG6IM%2FRo2DsHXhHundbgJwNtDNOQzQcJ8REwa8ysmdKOxDYPihd8glxHibojU%2FMGy7%2BmQ8PXhrF4E%2B8D7OFe45SFBgYuoaQl9%2FbUuSt"}],"group":"cf-nel","max_age":604800}', 'NEL': '{"success_fraction":0,"report_to":"cf-nel","max_age":604800}', 'Server': 'cloudflare', 'CF-RAY': '86d254684c142cb9-ORD', 'alt-svc': 'h3=":443"; ma=86400'} 
 body={"results":[{"gender":"female","name":{"title":"Mrs","first":"Ievfrosiniya","last":"Palazhchenko"},"location":{"street":{"number":7359,"name":"Blagovishchenska"},"city":"Polonne","state":"Hmelnicka","country":"Ukraine","postcode":56523,"coordinates":{"latitude":"80.2139","longitude":"54.8011"},"timezone":{"offset":"+1:00","description":"Brussels, Copenhagen, Madrid, Paris"}},"email":"ievfrosiniya.palazhchenko@example.com","login":{"uuid":"4a77b1be-8f1c-4bfa-b384-4718ae7edd4f","username":"crazyfrog533","password":"llll","salt":"8gXT0NBl","md5":"bb2d614a58c01cadd95ad7ebdc707218","sha1":"6eef46eb2cdf4e3e7c98d7bc3e7be4e0bb8ecfb6","sha256":"6e86623ce87c5441ab85de0ae834ee351b800d469bfda40fe8c49590f8d598a9"},"dob":{"date":"1950-12-12T23:07:05.450Z","age":73},"registered":{"date":"2012-06-02T05:29:53.392Z","age":11},"phone":"(099) L98-8290","cell":"(099) J35-2735","id":{"name":"","value":null},"picture":{"large":"https://randomuser.me/api/portraits/women/61.jpg","medium":"https://randomuser.me/api/portraits/med/women/61.jpg","thumbnail":"https://randomuser.me/api/portraits/thumb/women/61.jpg"},"nat":"UA"}],"info":{"seed":"d3183a85e3f7db2d","results":1,"page":1,"version":"1.4"}} 
 </msg>
<msg time="2024-03-31T18:16:18.014120" level="INFO">/opt/hostedtoolcache/Python/3.12.2/x64/lib/python3.12/site-packages/urllib3/connectionpool.py:1103: InsecureRequestWarning: Unverified HTTPS request is being made to host 'randomuser.me'. Adding certificate verification is strongly advised. See: https://urllib3.readthedocs.io/en/latest/advanced-usage.html#tls-warnings
  warnings.warn(</msg>
<msg time="2024-03-31T18:16:18.014254" level="INFO">${response} = &lt;Response [200]&gt;</msg>
<var>${response}</var>
<arg>consultarAPI</arg>
<arg>/api</arg>
<doc>Sends a GET request on a previously created HTTP Session.</doc>
<status status="PASS" start="2024-03-31T18:16:17.930376" elapsed="0.083921"/>
</kw>
<kw name="Should Be Equal As Numbers" owner="BuiltIn">
<msg time="2024-03-31T18:16:18.015304" level="INFO">Argument types are:
&lt;class 'int'&gt;
&lt;class 'str'&gt;</msg>
<arg>${response.status_code}</arg>
<arg>200</arg>
<doc>Fails if objects are unequal after converting them to real numbers.</doc>
<status status="PASS" start="2024-03-31T18:16:18.014844" elapsed="0.000526"/>
</kw>
<kw name="Log" owner="BuiltIn">
<msg time="2024-03-31T18:16:18.016047" level="INFO">200</msg>
<arg>${response.status_code}</arg>
<doc>Logs the given message with the given level.</doc>
<status status="PASS" start="2024-03-31T18:16:18.015689" elapsed="0.000401"/>
</kw>
<kw name="Set Variable" owner="BuiltIn">
<msg time="2024-03-31T18:16:18.016875" level="INFO">${json_data} = {'results': [{'gender': 'female', 'name': {'title': 'Mrs', 'first': 'Ievfrosiniya', 'last': 'Palazhchenko'}, 'location': {'street': {'number': 7359, 'name': 'Blagovishchenska'}, 'city': 'Polonne', 'st...</msg>
<var>${json_data}</var>
<arg>${response.json()}</arg>
<doc>Returns the given values which can then be assigned to a variables.</doc>
<status status="PASS" start="2024-03-31T18:16:18.016431" elapsed="0.000472"/>
</kw>
<kw name="Dictionary Should Contain Key" owner="Collections">
<msg time="2024-03-31T18:16:18.017385" level="INFO">False</msg>
<arg>${json_data}</arg>
<arg>results</arg>
<doc>Fails if ``key`` is not found from ``dictionary``.</doc>
<status status="PASS" start="2024-03-31T18:16:18.017207" elapsed="0.000217"/>
</kw>
<status status="PASS" start="2024-03-31T18:16:17.930124" elapsed="0.087560"/>
</kw>
<doc>Testa se a API responde corretamente e retorna um objeto JSON válido.</doc>
<tag>testeRequisicaoBasica</tag>
<status status="PASS" start="2024-03-31T18:16:17.929618" elapsed="0.088296"/>
</test>
<test id="s1-s1-t3" name="Validar estrutura de resposta" line="22">
<kw name="Teste de Estrutura de Resposta" owner="random-user-service">
<kw name="GET On Session" owner="RequestsLibrary">
<msg time="2024-03-31T18:16:18.118281" level="INFO">GET Request : url=https://randomuser.me/api 
 path_url=/api 
 headers={'User-Agent': 'python-requests/2.31.0', 'Accept-Encoding': 'gzip, deflate', 'Accept': '*/*', 'Connection': 'keep-alive'} 
 body=None 
 </msg>
<msg time="2024-03-31T18:16:18.118389" level="INFO">GET Response : url=https://randomuser.me/api 
 status=200, reason=OK 
 headers={'Date': 'Sun, 31 Mar 2024 18:16:18 GMT', 'Content-Type': 'application/json; charset=utf-8', 'Transfer-Encoding': 'chunked', 'Connection': 'keep-alive', 'X-Powered-By': 'Express', 'Access-Control-Allow-Origin': '*', 'Cache-Control': 'no-cache', 'ETag': 'W/"46e-5NL9JI8OPsDtVq+X2wYeH2kyslQ"', 'Vary': 'Accept-Encoding', 'Content-Encoding': 'gzip', 'CF-Cache-Status': 'DYNAMIC', 'Report-To': '{"endpoints":[{"url":"https:\\/\\/a.nel.cloudflare.com\\/report\\/v4?s=J%2Bw49%2FDF%2FRdHOKPqfiKkTVeOVU6UO8ciW5svB5Sw6v8nU5VKMOW9uXeCKbrJ5rQoHKz75jx%2FDY8QRs2%2F8elbMdg3uU0oYeh8gTNqO0yPKXj74Ic8ttKFhPkjkeWnbxqS"}],"group":"cf-nel","max_age":604800}', 'NEL': '{"success_fraction":0,"report_to":"cf-nel","max_age":604800}', 'Server': 'cloudflare', 'CF-RAY': '86d254689c632cb9-ORD', 'alt-svc': 'h3=":443"; ma=86400'} 
 body={"results":[{"gender":"male","name":{"title":"Mr","first":"Jorge","last":"Garrett"},"location":{"street":{"number":5859,"name":"George Street"},"city":"Cashel","state":"Longford","country":"Ireland","postcode":82692,"coordinates":{"latitude":"2.7114","longitude":"-36.3029"},"timezone":{"offset":"-2:00","description":"Mid-Atlantic"}},"email":"jorge.garrett@example.com","login":{"uuid":"8469338c-1eb0-47dd-b25d-16c202b85952","username":"greensnake177","password":"bigcat","salt":"g5RbE31C","md5":"e43b3f1b3731f1f007c97921350686ca","sha1":"3bcd05f57ba11ee03f64fc03590eee6200cb8a55","sha256":"2a9e51d51f6420295515c82bf81d1d1a72e650d931cf0bf4186c44f7b678f614"},"dob":{"date":"1966-09-22T14:36:33.983Z","age":57},"registered":{"date":"2018-04-21T18:49:42.279Z","age":5},"phone":"011-165-3531","cell":"081-360-0420","id":{"name":"PPS","value":"3695453T"},"picture":{"large":"https://randomuser.me/api/portraits/men/15.jpg","medium":"https://randomuser.me/api/portraits/med/men/15.jpg","thumbnail":"https://randomuser.me/api/portraits/thumb/men/15.jpg"},"nat":"IE"}],"info":{"seed":"3e02b9ebf7509950","results":1,"page":1,"version":"1.4"}} 
 </msg>
<msg time="2024-03-31T18:16:18.118543" level="INFO">/opt/hostedtoolcache/Python/3.12.2/x64/lib/python3.12/site-packages/urllib3/connectionpool.py:1103: InsecureRequestWarning: Unverified HTTPS request is being made to host 'randomuser.me'. Adding certificate verification is strongly advised. See: https://urllib3.readthedocs.io/en/latest/advanced-usage.html#tls-warnings
  warnings.warn(</msg>
<msg time="2024-03-31T18:16:18.118678" level="INFO">${response} = &lt;Response [200]&gt;</msg>
<var>${response}</var>
<arg>consultarAPI</arg>
<arg>/api</arg>
<doc>Sends a GET request on a previously created HTTP Session.</doc>
<status status="PASS" start="2024-03-31T18:16:18.020650" elapsed="0.098068"/>
</kw>
<kw name="Set Variable" owner="BuiltIn">
<msg time="2024-03-31T18:16:18.119828" level="INFO">${json_data} = {'results': [{'gender': 'male', 'name': {'title': 'Mr', 'first': 'Jorge', 'last': 'Garrett'}, 'location': {'street': {'number': 5859, 'name': 'George Street'}, 'city': 'Cashel', 'state': 'Longford', '...</msg>
<var>${json_data}</var>
<arg>${response.json()}</arg>
<doc>Returns the given values which can then be assigned to a variables.</doc>
<status status="PASS" start="2024-03-31T18:16:18.119272" elapsed="0.000586"/>
</kw>
<kw name="Log" owner="BuiltIn">
<msg time="2024-03-31T18:16:18.120457" level="INFO">{'results': [{'gender': 'male', 'name': {'title': 'Mr', 'first': 'Jorge', 'last': 'Garrett'}, 'location': {'street': {'number': 5859, 'name': 'George Street'}, 'city': 'Cashel', 'state': 'Longford', 'country': 'Ireland', 'postcode': 82692, 'coordinates': {'latitude': '2.7114', 'longitude': '-36.3029'}, 'timezone': {'offset': '-2:00', 'description': 'Mid-Atlantic'}}, 'email': 'jorge.garrett@example.com', 'login': {'uuid': '8469338c-1eb0-47dd-b25d-16c202b85952', 'username': 'greensnake177', 'password': 'bigcat', 'salt': 'g5RbE31C', 'md5': 'e43b3f1b3731f1f007c97921350686ca', 'sha1': '3bcd05f57ba11ee03f64fc03590eee6200cb8a55', 'sha256': '2a9e51d51f6420295515c82bf81d1d1a72e650d931cf0bf4186c44f7b678f614'}, 'dob': {'date': '1966-09-22T14:36:33.983Z', 'age': 57}, 'registered': {'date': '2018-04-21T18:49:42.279Z', 'age': 5}, 'phone': '011-165-3531', 'cell': '081-360-0420', 'id': {'name': 'PPS', 'value': '3695453T'}, 'picture': {'large': 'https://randomuser.me/api/portraits/men/15.jpg', 'medium': 'https://randomuser.me/api/portraits/med/men/15.jpg', 'thumbnail': 'https://randomuser.me/api/portraits/thumb/men/15.jpg'}, 'nat': 'IE'}], 'info': {'seed': '3e02b9ebf7509950', 'results': 1, 'page': 1, 'version': '1.4'}}</msg>
<arg>${json_data}</arg>
<doc>Logs the given message with the given level.</doc>
<status status="PASS" start="2024-03-31T18:16:18.120266" elapsed="0.000242"/>
</kw>
<kw name="Dictionary Should Contain Key" owner="Collections">
<msg time="2024-03-31T18:16:18.121047" level="INFO">False</msg>
<arg>${json_data}</arg>
<arg>results</arg>
<doc>Fails if ``key`` is not found from ``dictionary``.</doc>
<status status="PASS" start="2024-03-31T18:16:18.120865" elapsed="0.000220"/>
</kw>
<kw name="Should Not Be Empty" owner="BuiltIn">
<msg time="2024-03-31T18:16:18.121577" level="INFO">Length is 2.</msg>
<arg>${json_data}</arg>
<doc>Verifies that the given item is not empty.</doc>
<status status="PASS" start="2024-03-31T18:16:18.121423" elapsed="0.000195"/>
</kw>
<kw name="Create List" owner="BuiltIn">
<msg time="2024-03-31T18:16:18.122133" level="INFO">${expected_keys} = ['gender', 'name', 'location', 'email', 'login']</msg>
<var>${expected_keys}</var>
<arg>gender</arg>
<arg>name</arg>
<arg>location</arg>
<arg>email</arg>
<arg>login</arg>
<doc>Returns a list containing given items.</doc>
<status status="PASS" start="2024-03-31T18:16:18.121967" elapsed="0.000191"/>
</kw>
<for flavor="IN">
<iter>
<kw name="Dictionary Should Contain Key" owner="Collections">
<msg time="2024-03-31T18:16:18.123239" level="INFO">False</msg>
<arg>${json_data['results'][0]}</arg>
<arg>${key}</arg>
<doc>Fails if ``key`` is not found from ``dictionary``.</doc>
<status status="PASS" start="2024-03-31T18:16:18.122787" elapsed="0.000493"/>
</kw>
<kw name="Log" owner="BuiltIn">
<msg time="2024-03-31T18:16:18.124004" level="INFO">{'gender': 'male', 'name': {'title': 'Mr', 'first': 'Jorge', 'last': 'Garrett'}, 'location': {'street': {'number': 5859, 'name': 'George Street'}, 'city': 'Cashel', 'state': 'Longford', 'country': 'Ireland', 'postcode': 82692, 'coordinates': {'latitude': '2.7114', 'longitude': '-36.3029'}, 'timezone': {'offset': '-2:00', 'description': 'Mid-Atlantic'}}, 'email': 'jorge.garrett@example.com', 'login': {'uuid': '8469338c-1eb0-47dd-b25d-16c202b85952', 'username': 'greensnake177', 'password': 'bigcat', 'salt': 'g5RbE31C', 'md5': 'e43b3f1b3731f1f007c97921350686ca', 'sha1': '3bcd05f57ba11ee03f64fc03590eee6200cb8a55', 'sha256': '2a9e51d51f6420295515c82bf81d1d1a72e650d931cf0bf4186c44f7b678f614'}, 'dob': {'date': '1966-09-22T14:36:33.983Z', 'age': 57}, 'registered': {'date': '2018-04-21T18:49:42.279Z', 'age': 5}, 'phone': '011-165-3531', 'cell': '081-360-0420', 'id': {'name': 'PPS', 'value': '3695453T'}, 'picture': {'large': 'https://randomuser.me/api/portraits/men/15.jpg', 'medium': 'https://randomuser.me/api/portraits/med/men/15.jpg', 'thumbnail': 'https://randomuser.me/api/portraits/thumb/men/15.jpg'}, 'nat': 'IE'}</msg>
<arg>${json_data['results'][0]}</arg>
<doc>Logs the given message with the given level.</doc>
<status status="PASS" start="2024-03-31T18:16:18.123609" elapsed="0.000459"/>
</kw>
<kw name="Log" owner="BuiltIn">
<msg time="2024-03-31T18:16:18.124537" level="INFO">gender</msg>
<arg>${key}</arg>
<doc>Logs the given message with the given level.</doc>
<status status="PASS" start="2024-03-31T18:16:18.124400" elapsed="0.000178"/>
</kw>
<var name="${key}">gender</var>
<status status="PASS" start="2024-03-31T18:16:18.122647" elapsed="0.002162"/>
</iter>
<iter>
<kw name="Dictionary Should Contain Key" owner="Collections">
<msg time="2024-03-31T18:16:18.125563" level="INFO">False</msg>
<arg>${json_data['results'][0]}</arg>
<arg>${key}</arg>
<doc>Fails if ``key`` is not found from ``dictionary``.</doc>
<status status="PASS" start="2024-03-31T18:16:18.125147" elapsed="0.000455"/>
</kw>
<kw name="Log" owner="BuiltIn">
<msg time="2024-03-31T18:16:18.126355" level="INFO">{'gender': 'male', 'name': {'title': 'Mr', 'first': 'Jorge', 'last': 'Garrett'}, 'location': {'street': {'number': 5859, 'name': 'George Street'}, 'city': 'Cashel', 'state': 'Longford', 'country': 'Ireland', 'postcode': 82692, 'coordinates': {'latitude': '2.7114', 'longitude': '-36.3029'}, 'timezone': {'offset': '-2:00', 'description': 'Mid-Atlantic'}}, 'email': 'jorge.garrett@example.com', 'login': {'uuid': '8469338c-1eb0-47dd-b25d-16c202b85952', 'username': 'greensnake177', 'password': 'bigcat', 'salt': 'g5RbE31C', 'md5': 'e43b3f1b3731f1f007c97921350686ca', 'sha1': '3bcd05f57ba11ee03f64fc03590eee6200cb8a55', 'sha256': '2a9e51d51f6420295515c82bf81d1d1a72e650d931cf0bf4186c44f7b678f614'}, 'dob': {'date': '1966-09-22T14:36:33.983Z', 'age': 57}, 'registered': {'date': '2018-04-21T18:49:42.279Z', 'age': 5}, 'phone': '011-165-3531', 'cell': '081-360-0420', 'id': {'name': 'PPS', 'value': '3695453T'}, 'picture': {'large': 'https://randomuser.me/api/portraits/men/15.jpg', 'medium': 'https://randomuser.me/api/portraits/med/men/15.jpg', 'thumbnail': 'https://randomuser.me/api/portraits/thumb/men/15.jpg'}, 'nat': 'IE'}</msg>
<arg>${json_data['results'][0]}</arg>
<doc>Logs the given message with the given level.</doc>
<status status="PASS" start="2024-03-31T18:16:18.125971" elapsed="0.000432"/>
</kw>
<kw name="Log" owner="BuiltIn">
<msg time="2024-03-31T18:16:18.126849" level="INFO">name</msg>
<arg>${key}</arg>
<doc>Logs the given message with the given level.</doc>
<status status="PASS" start="2024-03-31T18:16:18.126715" elapsed="0.000173"/>
</kw>
<var name="${key}">name</var>
<status status="PASS" start="2024-03-31T18:16:18.125023" elapsed="0.002089"/>
</iter>
<iter>
<kw name="Dictionary Should Contain Key" owner="Collections">
<msg time="2024-03-31T18:16:18.127819" level="INFO">False</msg>
<arg>${json_data['results'][0]}</arg>
<arg>${key}</arg>
<doc>Fails if ``key`` is not found from ``dictionary``.</doc>
<status status="PASS" start="2024-03-31T18:16:18.127421" elapsed="0.000437"/>
</kw>
<kw name="Log" owner="BuiltIn">
<msg time="2024-03-31T18:16:18.128556" level="INFO">{'gender': 'male', 'name': {'title': 'Mr', 'first': 'Jorge', 'last': 'Garrett'}, 'location': {'street': {'number': 5859, 'name': 'George Street'}, 'city': 'Cashel', 'state': 'Longford', 'country': 'Ireland', 'postcode': 82692, 'coordinates': {'latitude': '2.7114', 'longitude': '-36.3029'}, 'timezone': {'offset': '-2:00', 'description': 'Mid-Atlantic'}}, 'email': 'jorge.garrett@example.com', 'login': {'uuid': '8469338c-1eb0-47dd-b25d-16c202b85952', 'username': 'greensnake177', 'password': 'bigcat', 'salt': 'g5RbE31C', 'md5': 'e43b3f1b3731f1f007c97921350686ca', 'sha1': '3bcd05f57ba11ee03f64fc03590eee6200cb8a55', 'sha256': '2a9e51d51f6420295515c82bf81d1d1a72e650d931cf0bf4186c44f7b678f614'}, 'dob': {'date': '1966-09-22T14:36:33.983Z', 'age': 57}, 'registered': {'date': '2018-04-21T18:49:42.279Z', 'age': 5}, 'phone': '011-165-3531', 'cell': '081-360-0420', 'id': {'name': 'PPS', 'value': '3695453T'}, 'picture': {'large': 'https://randomuser.me/api/portraits/men/15.jpg', 'medium': 'https://randomuser.me/api/portraits/med/men/15.jpg', 'thumbnail': 'https://randomuser.me/api/portraits/thumb/men/15.jpg'}, 'nat': 'IE'}</msg>
<arg>${json_data['results'][0]}</arg>
<doc>Logs the given message with the given level.</doc>
<status status="PASS" start="2024-03-31T18:16:18.128165" elapsed="0.000444"/>
</kw>
<kw name="Log" owner="BuiltIn">
<msg time="2024-03-31T18:16:18.129037" level="INFO">location</msg>
<arg>${key}</arg>
<doc>Logs the given message with the given level.</doc>
<status status="PASS" start="2024-03-31T18:16:18.128908" elapsed="0.000168"/>
</kw>
<var name="${key}">location</var>
<status status="PASS" start="2024-03-31T18:16:18.127303" elapsed="0.001991"/>
</iter>
<iter>
<kw name="Dictionary Should Contain Key" owner="Collections">
<msg time="2024-03-31T18:16:18.130000" level="INFO">False</msg>
<arg>${json_data['results'][0]}</arg>
<arg>${key}</arg>
<doc>Fails if ``key`` is not found from ``dictionary``.</doc>
<status status="PASS" start="2024-03-31T18:16:18.129590" elapsed="0.000448"/>
</kw>
<kw name="Log" owner="BuiltIn">
<msg time="2024-03-31T18:16:18.130711" level="INFO">{'gender': 'male', 'name': {'title': 'Mr', 'first': 'Jorge', 'last': 'Garrett'}, 'location': {'street': {'number': 5859, 'name': 'George Street'}, 'city': 'Cashel', 'state': 'Longford', 'country': 'Ireland', 'postcode': 82692, 'coordinates': {'latitude': '2.7114', 'longitude': '-36.3029'}, 'timezone': {'offset': '-2:00', 'description': 'Mid-Atlantic'}}, 'email': 'jorge.garrett@example.com', 'login': {'uuid': '8469338c-1eb0-47dd-b25d-16c202b85952', 'username': 'greensnake177', 'password': 'bigcat', 'salt': 'g5RbE31C', 'md5': 'e43b3f1b3731f1f007c97921350686ca', 'sha1': '3bcd05f57ba11ee03f64fc03590eee6200cb8a55', 'sha256': '2a9e51d51f6420295515c82bf81d1d1a72e650d931cf0bf4186c44f7b678f614'}, 'dob': {'date': '1966-09-22T14:36:33.983Z', 'age': 57}, 'registered': {'date': '2018-04-21T18:49:42.279Z', 'age': 5}, 'phone': '011-165-3531', 'cell': '081-360-0420', 'id': {'name': 'PPS', 'value': '3695453T'}, 'picture': {'large': 'https://randomuser.me/api/portraits/men/15.jpg', 'medium': 'https://randomuser.me/api/portraits/med/men/15.jpg', 'thumbnail': 'https://randomuser.me/api/portraits/thumb/men/15.jpg'}, 'nat': 'IE'}</msg>
<arg>${json_data['results'][0]}</arg>
<doc>Logs the given message with the given level.</doc>
<status status="PASS" start="2024-03-31T18:16:18.130341" elapsed="0.000417"/>
</kw>
<kw name="Log" owner="BuiltIn">
<msg time="2024-03-31T18:16:18.131179" level="INFO">email</msg>
<arg>${key}</arg>
<doc>Logs the given message with the given level.</doc>
<status status="PASS" start="2024-03-31T18:16:18.131050" elapsed="0.000166"/>
</kw>
<var name="${key}">email</var>
<status status="PASS" start="2024-03-31T18:16:18.129476" elapsed="0.001961"/>
</iter>
<iter>
<kw name="Dictionary Should Contain Key" owner="Collections">
<msg time="2024-03-31T18:16:18.132140" level="INFO">False</msg>
<arg>${json_data['results'][0]}</arg>
<arg>${key}</arg>
<doc>Fails if ``key`` is not found from ``dictionary``.</doc>
<status status="PASS" start="2024-03-31T18:16:18.131736" elapsed="0.000441"/>
</kw>
<kw name="Log" owner="BuiltIn">
<msg time="2024-03-31T18:16:18.132839" level="INFO">{'gender': 'male', 'name': {'title': 'Mr', 'first': 'Jorge', 'last': 'Garrett'}, 'location': {'street': {'number': 5859, 'name': 'George Street'}, 'city': 'Cashel', 'state': 'Longford', 'country': 'Ireland', 'postcode': 82692, 'coordinates': {'latitude': '2.7114', 'longitude': '-36.3029'}, 'timezone': {'offset': '-2:00', 'description': 'Mid-Atlantic'}}, 'email': 'jorge.garrett@example.com', 'login': {'uuid': '8469338c-1eb0-47dd-b25d-16c202b85952', 'username': 'greensnake177', 'password': 'bigcat', 'salt': 'g5RbE31C', 'md5': 'e43b3f1b3731f1f007c97921350686ca', 'sha1': '3bcd05f57ba11ee03f64fc03590eee6200cb8a55', 'sha256': '2a9e51d51f6420295515c82bf81d1d1a72e650d931cf0bf4186c44f7b678f614'}, 'dob': {'date': '1966-09-22T14:36:33.983Z', 'age': 57}, 'registered': {'date': '2018-04-21T18:49:42.279Z', 'age': 5}, 'phone': '011-165-3531', 'cell': '081-360-0420', 'id': {'name': 'PPS', 'value': '3695453T'}, 'picture': {'large': 'https://randomuser.me/api/portraits/men/15.jpg', 'medium': 'https://randomuser.me/api/portraits/med/men/15.jpg', 'thumbnail': 'https://randomuser.me/api/portraits/thumb/men/15.jpg'}, 'nat': 'IE'}</msg>
<arg>${json_data['results'][0]}</arg>
<doc>Logs the given message with the given level.</doc>
<status status="PASS" start="2024-03-31T18:16:18.132473" elapsed="0.000413"/>
</kw>
<kw name="Log" owner="BuiltIn">
<msg time="2024-03-31T18:16:18.133317" level="INFO">login</msg>
<arg>${key}</arg>
<doc>Logs the given message with the given level.</doc>
<status status="PASS" start="2024-03-31T18:16:18.133187" elapsed="0.000303"/>
</kw>
<var name="${key}">login</var>
<status status="PASS" start="2024-03-31T18:16:18.131614" elapsed="0.002147"/>
</iter>
<var>${key}</var>
<value>@{expected_keys}</value>
<status status="PASS" start="2024-03-31T18:16:18.122441" elapsed="0.011466"/>
</for>
<kw name="Create List" owner="BuiltIn">
<msg time="2024-03-31T18:16:18.134333" level="INFO">${expected_keysTwo} = ['username', 'password']</msg>
<var>${expected_keysTwo}</var>
<arg>username</arg>
<arg>password</arg>
<doc>Returns a list containing given items.</doc>
<status status="PASS" start="2024-03-31T18:16:18.134169" elapsed="0.000189"/>
</kw>
<for flavor="IN">
<iter>
<kw name="Dictionary Should Contain Key" owner="Collections">
<msg time="2024-03-31T18:16:18.135359" level="INFO">False</msg>
<arg>${json_data['results'][0]['login']}</arg>
<arg>${keyTwo}</arg>
<doc>Fails if ``key`` is not found from ``dictionary``.</doc>
<status status="PASS" start="2024-03-31T18:16:18.134947" elapsed="0.000459"/>
</kw>
<kw name="Dictionary Should Contain Key" owner="Collections">
<msg time="2024-03-31T18:16:18.136127" level="INFO">False</msg>
<arg>${json_data['results'][0]['login']}</arg>
<arg>${keyTwo}</arg>
<doc>Fails if ``key`` is not found from ``dictionary``.</doc>
<status status="PASS" start="2024-03-31T18:16:18.135731" elapsed="0.000434"/>
</kw>
<kw name="Log" owner="BuiltIn">
<msg time="2024-03-31T18:16:18.136643" level="INFO">username</msg>
<arg>${keyTwo}</arg>
<doc>Logs the given message with the given level.</doc>
<status status="PASS" start="2024-03-31T18:16:18.136499" elapsed="0.000186"/>
</kw>
<var name="${keyTwo}">username</var>
<status status="PASS" start="2024-03-31T18:16:18.134812" elapsed="0.002101"/>
</iter>
<iter>
<kw name="Dictionary Should Contain Key" owner="Collections">
<msg time="2024-03-31T18:16:18.137612" level="INFO">False</msg>
<arg>${json_data['results'][0]['login']}</arg>
<arg>${keyTwo}</arg>
<doc>Fails if ``key`` is not found from ``dictionary``.</doc>
<status status="PASS" start="2024-03-31T18:16:18.137220" elapsed="0.000435"/>
</kw>
<kw name="Dictionary Should Contain Key" owner="Collections">
<msg time="2024-03-31T18:16:18.138393" level="INFO">False</msg>
<arg>${json_data['results'][0]['login']}</arg>
<arg>${keyTwo}</arg>
<doc>Fails if ``key`` is not found from ``dictionary``.</doc>
<status status="PASS" start="2024-03-31T18:16:18.137995" elapsed="0.000436"/>
</kw>
<kw name="Log" owner="BuiltIn">
<msg time="2024-03-31T18:16:18.138874" level="INFO">password</msg>
<arg>${keyTwo}</arg>
<doc>Logs the given message with the given level.</doc>
<status status="PASS" start="2024-03-31T18:16:18.138738" elapsed="0.000179"/>
</kw>
<var name="${keyTwo}">password</var>
<status status="PASS" start="2024-03-31T18:16:18.137099" elapsed="0.002054"/>
</iter>
<var>${keyTwo}</var>
<value>@{expected_keysTwo}</value>
<status status="PASS" start="2024-03-31T18:16:18.134629" elapsed="0.004654"/>
</for>
<status status="PASS" start="2024-03-31T18:16:18.020410" elapsed="0.119022"/>
</kw>
<doc>Testa a estrutura da resposta da API.</doc>
<tag>testeEstruturaResposta</tag>
<status status="PASS" start="2024-03-31T18:16:18.019750" elapsed="0.119860"/>
</test>
<test id="s1-s1-t4" name="Validar tipos de dados" line="28">
<kw name="Teste de Tipos de Dados" owner="random-user-service">
<kw name="GET On Session" owner="RequestsLibrary">
<msg time="2024-03-31T18:16:18.209140" level="INFO">GET Request : url=https://randomuser.me/api 
 path_url=/api 
 headers={'User-Agent': 'python-requests/2.31.0', 'Accept-Encoding': 'gzip, deflate', 'Accept': '*/*', 'Connection': 'keep-alive'} 
 body=None 
 </msg>
<msg time="2024-03-31T18:16:18.209261" level="INFO">GET Response : url=https://randomuser.me/api 
 status=200, reason=OK 
 headers={'Date': 'Sun, 31 Mar 2024 18:16:18 GMT', 'Content-Type': 'application/json; charset=utf-8', 'Transfer-Encoding': 'chunked', 'Connection': 'keep-alive', 'X-Powered-By': 'Express', 'Access-Control-Allow-Origin': '*', 'Cache-Control': 'no-cache', 'ETag': 'W/"483-pBe1YS6AEZa7ZAiQEuVEaYubEzc"', 'Vary': 'Accept-Encoding', 'Content-Encoding': 'gzip', 'CF-Cache-Status': 'DYNAMIC', 'Report-To': '{"endpoints":[{"url":"https:\\/\\/a.nel.cloudflare.com\\/report\\/v4?s=5Bea26dBYrgs37vAFcryiYP1DifTL7mNkkNun6TcX11sNJMunEN4RMAvgU2ye6g6skNH9k4O34Ddq6R3LfhN%2BWnpJ%2BweY4tjKhoXOaDZgz6Zo72oghWVP0rkUWp73JtE"}],"group":"cf-nel","max_age":604800}', 'NEL': '{"success_fraction":0,"report_to":"cf-nel","max_age":604800}', 'Server': 'cloudflare', 'CF-RAY': '86d254695d6f2cb9-ORD', 'alt-svc': 'h3=":443"; ma=86400'} 
 body={"results":[{"gender":"male","name":{"title":"Mr","first":"Batur","last":"Koçyiğit"},"location":{"street":{"number":981,"name":"Atatürk Sk"},"city":"Samsun","state":"Yalova","country":"Turkey","postcode":48965,"coordinates":{"latitude":"69.4831","longitude":"-130.3916"},"timezone":{"offset":"+9:00","description":"Tokyo, Seoul, Osaka, Sapporo, Yakutsk"}},"email":"batur.kocyigit@example.com","login":{"uuid":"18e10af6-c8ff-4e24-a90a-92e94e459840","username":"angryostrich644","password":"metal","salt":"UG794lrx","md5":"e0331de4298f1871bc4365e8715f3633","sha1":"8de80c015e3a1397b0f83ec113134a4586e51c50","sha256":"d8ed38d97d20dee22b5abb985281d2e6a60cd22b51e51c70b79d30db66852fcf"},"dob":{"date":"1955-03-29T18:03:18.203Z","age":69},"registered":{"date":"2020-10-27T15:31:54.688Z","age":3},"phone":"(292)-355-2003","cell":"(209)-065-8025","id":{"name":"","value":null},"picture":{"large":"https://randomuser.me/api/portraits/men/61.jpg","medium":"https://randomuser.me/api/portraits/med/men/61.jpg","thumbnail":"https://randomuser.me/api/portraits/thumb/men/61.jpg"},"nat":"TR"}],"info":{"seed":"c68049c03f63b87c","results":1,"page":1,"version":"1.4"}} 
 </msg>
<msg time="2024-03-31T18:16:18.209362" level="INFO">/opt/hostedtoolcache/Python/3.12.2/x64/lib/python3.12/site-packages/urllib3/connectionpool.py:1103: InsecureRequestWarning: Unverified HTTPS request is being made to host 'randomuser.me'. Adding certificate verification is strongly advised. See: https://urllib3.readthedocs.io/en/latest/advanced-usage.html#tls-warnings
  warnings.warn(</msg>
<msg time="2024-03-31T18:16:18.209486" level="INFO">${response} = &lt;Response [200]&gt;</msg>
<var>${response}</var>
<arg>consultarAPI</arg>
<arg>/api</arg>
<doc>Sends a GET request on a previously created HTTP Session.</doc>
<status status="PASS" start="2024-03-31T18:16:18.142168" elapsed="0.067352"/>
</kw>
<kw name="Set Variable" owner="BuiltIn">
<msg time="2024-03-31T18:16:18.210712" level="INFO">${json_data} = {'results': [{'gender': 'male', 'name': {'title': 'Mr', 'first': 'Batur', 'last': 'Koçyiğit'}, 'location': {'street': {'number': 981, 'name': 'Atatürk Sk'}, 'city': 'Samsun', 'state': 'Yalova', 'count...</msg>
<var>${json_data}</var>
<arg>${response.json()}</arg>
<doc>Returns the given values which can then be assigned to a variables.</doc>
<status status="PASS" start="2024-03-31T18:16:18.210134" elapsed="0.000609"/>
</kw>
<kw name="Log" owner="BuiltIn">
<msg time="2024-03-31T18:16:18.211335" level="INFO">{'results': [{'gender': 'male', 'name': {'title': 'Mr', 'first': 'Batur', 'last': 'Koçyiğit'}, 'location': {'street': {'number': 981, 'name': 'Atatürk Sk'}, 'city': 'Samsun', 'state': 'Yalova', 'country': 'Turkey', 'postcode': 48965, 'coordinates': {'latitude': '69.4831', 'longitude': '-130.3916'}, 'timezone': {'offset': '+9:00', 'description': 'Tokyo, Seoul, Osaka, Sapporo, Yakutsk'}}, 'email': 'batur.kocyigit@example.com', 'login': {'uuid': '18e10af6-c8ff-4e24-a90a-92e94e459840', 'username': 'angryostrich644', 'password': 'metal', 'salt': 'UG794lrx', 'md5': 'e0331de4298f1871bc4365e8715f3633', 'sha1': '8de80c015e3a1397b0f83ec113134a4586e51c50', 'sha256': 'd8ed38d97d20dee22b5abb985281d2e6a60cd22b51e51c70b79d30db66852fcf'}, 'dob': {'date': '1955-03-29T18:03:18.203Z', 'age': 69}, 'registered': {'date': '2020-10-27T15:31:54.688Z', 'age': 3}, 'phone': '(292)-355-2003', 'cell': '(209)-065-8025', 'id': {'name': '', 'value': None}, 'picture': {'large': 'https://randomuser.me/api/portraits/men/61.jpg', 'medium': 'https://randomuser.me/api/portraits/med/men/61.jpg', 'thumbnail': 'https://randomuser.me/api/portraits/thumb/men/61.jpg'}, 'nat': 'TR'}], 'info': {'seed': 'c68049c03f63b87c', 'results': 1, 'page': 1, 'version': '1.4'}}</msg>
<arg>${json_data}</arg>
<doc>Logs the given message with the given level.</doc>
<status status="PASS" start="2024-03-31T18:16:18.211144" elapsed="0.000244"/>
</kw>
<kw name="Should Be String" owner="String">
<arg>${json_data['results'][0]['gender']}</arg>
<doc>Fails if the given ``item`` is not a string.</doc>
<status status="PASS" start="2024-03-31T18:16:18.211773" elapsed="0.000430"/>
</kw>
<kw name="Should Match Regexp" owner="BuiltIn">
<arg>${json_data['results'][0]['email']}</arg>
<arg>^[a-zA-Z0-9._%+-]+@[a-zA-Z0-9.-]+\.[a-zA-Z]{2,}$</arg>
<doc>Fails if ``string`` does not match ``pattern`` as a regular expression.</doc>
<status status="PASS" start="2024-03-31T18:16:18.212425" elapsed="0.000561"/>
</kw>
<kw name="Should Match Regexp" owner="BuiltIn">
<arg>${json_data['results'][0]['dob']['date']}</arg>
<arg>\\d{4}-\\d{2}-\\d{2}T\\d{2}:\\d{2}:\\d{2}\\.\\d{3}Z</arg>
<doc>Fails if ``string`` does not match ``pattern`` as a regular expression.</doc>
<status status="PASS" start="2024-03-31T18:16:18.213207" elapsed="0.000575"/>
</kw>
<kw name="Should Match Regexp" owner="BuiltIn">
<arg>${json_data['results'][0]['registered']['date']}</arg>
<arg>\\d{4}-\\d{2}-\\d{2}T\\d{2}:\\d{2}:\\d{2}\\.\\d{3}Z</arg>
<doc>Fails if ``string`` does not match ``pattern`` as a regular expression.</doc>
<status status="PASS" start="2024-03-31T18:16:18.214008" elapsed="0.000411"/>
</kw>
<kw name="Should Match Regexp" owner="BuiltIn">
<arg>${json_data['results'][0]['picture']['large']}</arg>
<arg>^https?://.*\.(?:png|jpe?g|gif|bmp)$</arg>
<doc>Fails if ``string`` does not match ``pattern`` as a regular expression.</doc>
<status status="PASS" start="2024-03-31T18:16:18.214625" elapsed="0.000492"/>
</kw>
<kw name="Should Match Regexp" owner="BuiltIn">
<arg>${json_data['results'][0]['picture']['medium']}</arg>
<arg>^https?://.*\.(?:png|jpe?g|gif|bmp)$</arg>
<doc>Fails if ``string`` does not match ``pattern`` as a regular expression.</doc>
<status status="PASS" start="2024-03-31T18:16:18.215318" elapsed="0.000375"/>
</kw>
<kw name="Should Match Regexp" owner="BuiltIn">
<arg>${json_data['results'][0]['picture']['thumbnail']}</arg>
<arg>^https?://.*\.(?:png|jpe?g|gif|bmp)$</arg>
<doc>Fails if ``string`` does not match ``pattern`` as a regular expression.</doc>
<status status="PASS" start="2024-03-31T18:16:18.215887" elapsed="0.000356"/>
</kw>
<kw name="Log" owner="BuiltIn">
<msg time="2024-03-31T18:16:18.216765" level="INFO">{'large': 'https://randomuser.me/api/portraits/men/61.jpg', 'medium': 'https://randomuser.me/api/portraits/med/men/61.jpg', 'thumbnail': 'https://randomuser.me/api/portraits/thumb/men/61.jpg'}</msg>
<arg>${json_data['results'][0]['picture']}</arg>
<doc>Logs the given message with the given level.</doc>
<status status="PASS" start="2024-03-31T18:16:18.216432" elapsed="0.000380"/>
</kw>
<status status="PASS" start="2024-03-31T18:16:18.141924" elapsed="0.075168"/>
</kw>
<kw name="Teste de Tipos de Dados - Postcode" owner="random-user-service">
<kw name="GET On Session" owner="RequestsLibrary">
<msg time="2024-03-31T18:16:18.320567" level="INFO">GET Request : url=https://randomuser.me/api 
 path_url=/api 
 headers={'User-Agent': 'python-requests/2.31.0', 'Accept-Encoding': 'gzip, deflate', 'Accept': '*/*', 'Connection': 'keep-alive'} 
 body=None 
 </msg>
<msg time="2024-03-31T18:16:18.320679" level="INFO">GET Response : url=https://randomuser.me/api 
 status=200, reason=OK 
 headers={'Date': 'Sun, 31 Mar 2024 18:16:18 GMT', 'Content-Type': 'application/json; charset=utf-8', 'Transfer-Encoding': 'chunked', 'Connection': 'keep-alive', 'X-Powered-By': 'Express', 'Access-Control-Allow-Origin': '*', 'Cache-Control': 'no-cache', 'ETag': 'W/"482-XP1u1rfsBVXIOK7iv0wyRy3TP4E"', 'Vary': 'Accept-Encoding', 'Content-Encoding': 'gzip', 'CF-Cache-Status': 'DYNAMIC', 'Report-To': '{"endpoints":[{"url":"https:\\/\\/a.nel.cloudflare.com\\/report\\/v4?s=TAPumLe9q6sFZzzrG5rS1OVgMi%2Fbv8YtU2FrGTjthVS0GQHBS8fQLQx4Nd1N4UOP1ZKvf3gIfeNsPR0U9zMdqT%2FbPIlOkDiDQDBlMDLghGD1zyg7PS5OyCEgMEzzJV4j"}],"group":"cf-nel","max_age":604800}', 'NEL': '{"success_fraction":0,"report_to":"cf-nel","max_age":604800}', 'Server': 'cloudflare', 'CF-RAY': '86d25469dde02cb9-ORD', 'alt-svc': 'h3=":443"; ma=86400'} 
 body={"results":[{"gender":"male","name":{"title":"Mr","first":"Lohit","last":"Kouser"},"location":{"street":{"number":4878,"name":"Gali Paranthe Wali"},"city":"Madhyamgram","state":"Goa","country":"India","postcode":64573,"coordinates":{"latitude":"10.0193","longitude":"-99.0483"},"timezone":{"offset":"-7:00","description":"Mountain Time (US &amp; Canada)"}},"email":"lohit.kouser@example.com","login":{"uuid":"97374849-d0d9-4a9d-8d26-8ba139dd0cda","username":"bluegorilla572","password":"slayer","salt":"2b3LNJYc","md5":"2460b48c84c43b02ba4c61a7dcb0c2ba","sha1":"74275058e48353dda9132119c758f6762c3ad930","sha256":"038e2a430eccecfd813d33b3156198312a547d8007852c5c7c6dc548c142eb4d"},"dob":{"date":"1986-07-20T11:25:13.224Z","age":37},"registered":{"date":"2014-11-21T16:52:17.286Z","age":9},"phone":"7688078641","cell":"8150015676","id":{"name":"UIDAI","value":"605021869085"},"picture":{"large":"https://randomuser.me/api/portraits/men/11.jpg","medium":"https://randomuser.me/api/portraits/med/men/11.jpg","thumbnail":"https://randomuser.me/api/portraits/thumb/men/11.jpg"},"nat":"IN"}],"info":{"seed":"9bae4876d3ad1a5f","results":1,"page":1,"version":"1.4"}} 
 </msg>
<msg time="2024-03-31T18:16:18.320782" level="INFO">/opt/hostedtoolcache/Python/3.12.2/x64/lib/python3.12/site-packages/urllib3/connectionpool.py:1103: InsecureRequestWarning: Unverified HTTPS request is being made to host 'randomuser.me'. Adding certificate verification is strongly advised. See: https://urllib3.readthedocs.io/en/latest/advanced-usage.html#tls-warnings
  warnings.warn(</msg>
<msg time="2024-03-31T18:16:18.320921" level="INFO">${response} = &lt;Response [200]&gt;</msg>
<var>${response}</var>
<arg>consultarAPI</arg>
<arg>/api</arg>
<doc>Sends a GET request on a previously created HTTP Session.</doc>
<status status="PASS" start="2024-03-31T18:16:18.217774" elapsed="0.103188"/>
</kw>
<kw name="Set Variable" owner="BuiltIn">
<msg time="2024-03-31T18:16:18.322118" level="INFO">${json_data} = {'results': [{'gender': 'male', 'name': {'title': 'Mr', 'first': 'Lohit', 'last': 'Kouser'}, 'location': {'street': {'number': 4878, 'name': 'Gali Paranthe Wali'}, 'city': 'Madhyamgram', 'state': 'Goa...</msg>
<var>${json_data}</var>
<arg>${response.json()}</arg>
<doc>Returns the given values which can then be assigned to a variables.</doc>
<status status="PASS" start="2024-03-31T18:16:18.321555" elapsed="0.000591"/>
</kw>
<kw name="Log" owner="BuiltIn">
<msg time="2024-03-31T18:16:18.322676" level="INFO">{'results': [{'gender': 'male', 'name': {'title': 'Mr', 'first': 'Lohit', 'last': 'Kouser'}, 'location': {'street': {'number': 4878, 'name': 'Gali Paranthe Wali'}, 'city': 'Madhyamgram', 'state': 'Goa', 'country': 'India', 'postcode': 64573, 'coordinates': {'latitude': '10.0193', 'longitude': '-99.0483'}, 'timezone': {'offset': '-7:00', 'description': 'Mountain Time (US &amp; Canada)'}}, 'email': 'lohit.kouser@example.com', 'login': {'uuid': '97374849-d0d9-4a9d-8d26-8ba139dd0cda', 'username': 'bluegorilla572', 'password': 'slayer', 'salt': '2b3LNJYc', 'md5': '2460b48c84c43b02ba4c61a7dcb0c2ba', 'sha1': '74275058e48353dda9132119c758f6762c3ad930', 'sha256': '038e2a430eccecfd813d33b3156198312a547d8007852c5c7c6dc548c142eb4d'}, 'dob': {'date': '1986-07-20T11:25:13.224Z', 'age': 37}, 'registered': {'date': '2014-11-21T16:52:17.286Z', 'age': 9}, 'phone': '7688078641', 'cell': '8150015676', 'id': {'name': 'UIDAI', 'value': '605021869085'}, 'picture': {'large': 'https://randomuser.me/api/portraits/men/11.jpg', 'medium': 'https://randomuser.me/api/portraits/med/men/11.jpg', 'thumbnail': 'https://randomuser.me/api/portraits/thumb/men/11.jpg'}, 'nat': 'IN'}], 'info': {'seed': '9bae4876d3ad1a5f', 'results': 1, 'page': 1, 'version': '1.4'}}</msg>
<arg>${json_data}</arg>
<doc>Logs the given message with the given level.</doc>
<status status="PASS" start="2024-03-31T18:16:18.322499" elapsed="0.000227"/>
</kw>
<kw name="Should Be Equal As Numbers" owner="BuiltIn">
<arg>${json_data['results'][0]['location']['postcode']}</arg>
<arg>${json_data['results'][0]['location']['postcode']}</arg>
<doc>Fails if objects are unequal after converting them to real numbers.</doc>
<status status="PASS" start="2024-03-31T18:16:18.323037" elapsed="0.000647"/>
</kw>
<kw name="Log" owner="BuiltIn">
<msg time="2024-03-31T18:16:18.324265" level="INFO">64573</msg>
<arg>${json_data['results'][0]['location']['postcode']}</arg>
<doc>Logs the given message with the given level.</doc>
<status status="PASS" start="2024-03-31T18:16:18.323920" elapsed="0.000387"/>
</kw>
<status status="PASS" start="2024-03-31T18:16:18.217339" elapsed="0.107232"/>
</kw>
<doc>Testa se os tipos de dados na resposta da API estão corretos.</doc>
<tag>testeTiposDados</tag>
<status status="PASS" start="2024-03-31T18:16:18.141413" elapsed="0.183336"/>
</test>
<test id="s1-s1-t5" name="Validar conteudo" line="35">
<kw name="Teste de Tipos de Conteudo" owner="random-user-service">
<kw name="GET On Session" owner="RequestsLibrary">
<msg time="2024-03-31T18:16:18.413707" level="INFO">GET Request : url=https://randomuser.me/api 
 path_url=/api 
 headers={'User-Agent': 'python-requests/2.31.0', 'Accept-Encoding': 'gzip, deflate', 'Accept': '*/*', 'Connection': 'keep-alive'} 
 body=None 
 </msg>
<msg time="2024-03-31T18:16:18.413855" level="INFO">GET Response : url=https://randomuser.me/api 
 status=200, reason=OK 
 headers={'Date': 'Sun, 31 Mar 2024 18:16:18 GMT', 'Content-Type': 'application/json; charset=utf-8', 'Transfer-Encoding': 'chunked', 'Connection': 'keep-alive', 'X-Powered-By': 'Express', 'Access-Control-Allow-Origin': '*', 'Cache-Control': 'no-cache', 'ETag': 'W/"4b8-NVTlGepv5Dlgj/IypotIf86bkPg"', 'Vary': 'Accept-Encoding', 'Content-Encoding': 'gzip', 'CF-Cache-Status': 'DYNAMIC', 'Report-To': '{"endpoints":[{"url":"https:\\/\\/a.nel.cloudflare.com\\/report\\/v4?s=yRl4A4TjAzERQilxeFPcdnHe%2BGdPYEQC08f8y04ixAJyU3klpqoS4Y%2BjNpvQMsfInUvpsDZ%2FII1199%2BkQvZdzf%2Bja4ALDR2WzGTLP3lizDvCJwoUPrde4cBxKWsxAMFK"}],"group":"cf-nel","max_age":604800}', 'NEL': '{"success_fraction":0,"report_to":"cf-nel","max_age":604800}', 'Server': 'cloudflare', 'CF-RAY': '86d2546a8e6f2cb9-ORD', 'alt-svc': 'h3=":443"; ma=86400'} 
 body={"results":[{"gender":"female","name":{"title":"Mrs","first":"Eleonora","last":"Lončarević"},"location":{"street":{"number":3438,"name":"Milana Ristanovića"},"city":"Petrovac na Mlavi","state":"Rasina","country":"Serbia","postcode":96036,"coordinates":{"latitude":"56.3337","longitude":"52.7313"},"timezone":{"offset":"0:00","description":"Western Europe Time, London, Lisbon, Casablanca"}},"email":"eleonora.loncarevic@example.com","login":{"uuid":"3567589b-f5fe-4d40-85d8-419f78c00a4e","username":"orangefish169","password":"starwars","salt":"t93Yrcru","md5":"3074ab2a00e9878c049644989d23581e","sha1":"ef9b2c98431d86870c8bb8a4f69d20a0228c0b70","sha256":"419cbea7e5e93aff01bec7451696ac66bd80e4d7e134af3e9d389d773a08f1f5"},"dob":{"date":"1978-04-11T01:54:10.743Z","age":45},"registered":{"date":"2021-05-03T12:32:37.997Z","age":2},"phone":"027-0062-999","cell":"068-3259-994","id":{"name":"SID","value":"412954497"},"picture":{"large":"https://randomuser.me/api/portraits/women/44.jpg","medium":"https://randomuser.me/api/portraits/med/women/44.jpg","thumbnail":"https://randomuser.me/api/portraits/thumb/women/44.jpg"},"nat":"RS"}],"info":{"seed":"8c3b57011bb6f6bf","results":1,"page":1,"version":"1.4"}} 
 </msg>
<msg time="2024-03-31T18:16:18.413934" level="INFO">/opt/hostedtoolcache/Python/3.12.2/x64/lib/python3.12/site-packages/urllib3/connectionpool.py:1103: InsecureRequestWarning: Unverified HTTPS request is being made to host 'randomuser.me'. Adding certificate verification is strongly advised. See: https://urllib3.readthedocs.io/en/latest/advanced-usage.html#tls-warnings
  warnings.warn(</msg>
<msg time="2024-03-31T18:16:18.414067" level="INFO">${response} = &lt;Response [200]&gt;</msg>
<var>${response}</var>
<arg>consultarAPI</arg>
<arg>/api</arg>
<doc>Sends a GET request on a previously created HTTP Session.</doc>
<status status="PASS" start="2024-03-31T18:16:18.327628" elapsed="0.086484"/>
</kw>
<kw name="Set Variable" owner="BuiltIn">
<msg time="2024-03-31T18:16:18.415336" level="INFO">${json_data} = {'results': [{'gender': 'female', 'name': {'title': 'Mrs', 'first': 'Eleonora', 'last': 'Lončarević'}, 'location': {'street': {'number': 3438, 'name': 'Milana Ristanovića'}, 'city': 'Petrovac na Mlavi...</msg>
<var>${json_data}</var>
<arg>${response.json()}</arg>
<doc>Returns the given values which can then be assigned to a variables.</doc>
<status status="PASS" start="2024-03-31T18:16:18.414768" elapsed="0.000599"/>
</kw>
<kw name="Set Variable" owner="BuiltIn">
<msg time="2024-03-31T18:16:18.416123" level="INFO">${name_title} = Mrs</msg>
<var>${name_title}</var>
<arg>${json_data["results"][0]["name"]["title"]}</arg>
<doc>Returns the given values which can then be assigned to a variables.</doc>
<status status="PASS" start="2024-03-31T18:16:18.415737" elapsed="0.000415"/>
</kw>
<kw name="Create List" owner="BuiltIn">
<msg time="2024-03-31T18:16:18.416640" level="INFO">${allowed_titles} = ['Mr', 'Ms', 'Miss', 'Mrs', 'Madame', 'Monsieur']</msg>
<var>${allowed_titles}</var>
<arg>Mr</arg>
<arg>Ms</arg>
<arg>Miss</arg>
<arg>Mrs</arg>
<arg>Madame</arg>
<arg>Monsieur</arg>
<doc>Returns a list containing given items.</doc>
<status status="PASS" start="2024-03-31T18:16:18.416474" elapsed="0.000190"/>
</kw>
<kw name="List Should Contain Value" owner="Collections">
<msg time="2024-03-31T18:16:18.417201" level="INFO">False</msg>
<arg>${allowed_titles}</arg>
<arg>${name_title}</arg>
<doc>Fails if the ``value`` is not found from ``list``.</doc>
<status status="PASS" start="2024-03-31T18:16:18.416983" elapsed="0.000254"/>
</kw>
<kw name="Set Variable" owner="BuiltIn">
<msg time="2024-03-31T18:16:18.417980" level="INFO">${name_country} = RS</msg>
<var>${name_country}</var>
<arg>${json_data["results"][0]["nat"]}</arg>
<doc>Returns the given values which can then be assigned to a variables.</doc>
<status status="PASS" start="2024-03-31T18:16:18.417553" elapsed="0.000454"/>
</kw>
<kw name="Create List" owner="BuiltIn">
<msg time="2024-03-31T18:16:18.418949" level="INFO">${list_country} = ['AD', 'AE', 'AF', 'AG', 'AI', 'AL', 'AM', 'AO', 'AQ', 'AR', 'AS', 'AT', 'AU', 'AW', 'AX', 'AZ', 'BA', 'BB', 'BD', 'BE', 'BF', 'BG', 'BH', 'BI', 'BJ', 'BL', 'BM', 'BN', 'BO', 'BQ', 'BR', 'BS', 'BT', '...</msg>
<var>${list_country}</var>
<arg>AD</arg>
<arg>AE</arg>
<arg>AF</arg>
<arg>AG</arg>
<arg>AI</arg>
<arg>AL</arg>
<arg>AM</arg>
<arg>AO</arg>
<arg>AQ</arg>
<arg>AR</arg>
<arg>AS</arg>
<arg>AT</arg>
<arg>AU</arg>
<arg>AW</arg>
<arg>AX</arg>
<arg>AZ</arg>
<arg>BA</arg>
<arg>BB</arg>
<arg>BD</arg>
<arg>BE</arg>
<arg>BF</arg>
<arg>BG</arg>
<arg>BH</arg>
<arg>BI</arg>
<arg>BJ</arg>
<arg>BL</arg>
<arg>BM</arg>
<arg>BN</arg>
<arg>BO</arg>
<arg>BQ</arg>
<arg>BR</arg>
<arg>BS</arg>
<arg>BT</arg>
<arg>BV</arg>
<arg>BW</arg>
<arg>BY</arg>
<arg>BZ</arg>
<arg>CA</arg>
<arg>CC</arg>
<arg>CD</arg>
<arg>CF</arg>
<arg>CG</arg>
<arg>CH</arg>
<arg>CI</arg>
<arg>CK</arg>
<arg>CL</arg>
<arg>CM</arg>
<arg>CN</arg>
<arg>CO</arg>
<arg>CR</arg>
<arg>CU</arg>
<arg>CV</arg>
<arg>CW</arg>
<arg>CX</arg>
<arg>CY</arg>
<arg>CZ</arg>
<arg>DE</arg>
<arg>DJ</arg>
<arg>DK</arg>
<arg>DM</arg>
<arg>DO</arg>
<arg>DZ</arg>
<arg>EC</arg>
<arg>EE</arg>
<arg>EG</arg>
<arg>EH</arg>
<arg>ER</arg>
<arg>ES</arg>
<arg>ET</arg>
<arg>FI</arg>
<arg>FJ</arg>
<arg>FK</arg>
<arg>FM</arg>
<arg>FO</arg>
<arg>FR</arg>
<arg>GA</arg>
<arg>GB</arg>
<arg>GD</arg>
<arg>GE</arg>
<arg>GF</arg>
<arg>GG</arg>
<arg>GH</arg>
<arg>GI</arg>
<arg>GL</arg>
<arg>GM</arg>
<arg>GN</arg>
<arg>GP</arg>
<arg>GQ</arg>
<arg>GR</arg>
<arg>GS</arg>
<arg>GT</arg>
<arg>GU</arg>
<arg>GW</arg>
<arg>GY</arg>
<arg>HK</arg>
<arg>HM</arg>
<arg>HN</arg>
<arg>HR</arg>
<arg>HT</arg>
<arg>HU</arg>
<arg>ID</arg>
<arg>IE</arg>
<arg>IL</arg>
<arg>IM</arg>
<arg>IN</arg>
<arg>IO</arg>
<arg>IQ</arg>
<arg>IR</arg>
<arg>IS</arg>
<arg>IT</arg>
<arg>JE</arg>
<arg>JM</arg>
<arg>JO</arg>
<arg>JP</arg>
<arg>KE</arg>
<arg>KG</arg>
<arg>KH</arg>
<arg>KI</arg>
<arg>KM</arg>
<arg>KN</arg>
<arg>KP</arg>
<arg>KR</arg>
<arg>KW</arg>
<arg>KY</arg>
<arg>KZ</arg>
<arg>LA</arg>
<arg>LB</arg>
<arg>LC</arg>
<arg>LI</arg>
<arg>LK</arg>
<arg>LR</arg>
<arg>LS</arg>
<arg>LT</arg>
<arg>LU</arg>
<arg>LV</arg>
<arg>LY</arg>
<arg>MA</arg>
<arg>MC</arg>
<arg>MD</arg>
<arg>ME</arg>
<arg>MF</arg>
<arg>MG</arg>
<arg>MH</arg>
<arg>MK</arg>
<arg>ML</arg>
<arg>MM</arg>
<arg>MN</arg>
<arg>MO</arg>
<arg>MP</arg>
<arg>MQ</arg>
<arg>MR</arg>
<arg>MS</arg>
<arg>MT</arg>
<arg>MU</arg>
<arg>MV</arg>
<arg>MW</arg>
<arg>MX</arg>
<arg>MY</arg>
<arg>MZ</arg>
<arg>NA</arg>
<arg>NC</arg>
<arg>NE</arg>
<arg>NF</arg>
<arg>NG</arg>
<arg>NI</arg>
<arg>NL</arg>
<arg>NO</arg>
<arg>NP</arg>
<arg>NR</arg>
<arg>NU</arg>
<arg>NZ</arg>
<arg>OM</arg>
<arg>PA</arg>
<arg>PE</arg>
<arg>PF</arg>
<arg>PG</arg>
<arg>PH</arg>
<arg>PK</arg>
<arg>PL</arg>
<arg>PM</arg>
<arg>PN</arg>
<arg>PR</arg>
<arg>PS</arg>
<arg>PT</arg>
<arg>PW</arg>
<arg>PY</arg>
<arg>QA</arg>
<arg>RE</arg>
<arg>RO</arg>
<arg>RS</arg>
<arg>RU</arg>
<arg>RW</arg>
<arg>SA</arg>
<arg>SB</arg>
<arg>SC</arg>
<arg>SD</arg>
<arg>SE</arg>
<arg>SG</arg>
<arg>SH</arg>
<arg>SI</arg>
<arg>SJ</arg>
<arg>SK</arg>
<arg>SL</arg>
<arg>SM</arg>
<arg>SN</arg>
<arg>SO</arg>
<arg>SR</arg>
<arg>SS</arg>
<arg>ST</arg>
<arg>SV</arg>
<arg>SX</arg>
<arg>SY</arg>
<arg>SZ</arg>
<arg>TC</arg>
<arg>TD</arg>
<arg>TF</arg>
<arg>TG</arg>
<arg>TH</arg>
<arg>TJ</arg>
<arg>TK</arg>
<arg>TL</arg>
<arg>TM</arg>
<arg>TN</arg>
<arg>TO</arg>
<arg>TR</arg>
<arg>TT</arg>
<arg>TV</arg>
<arg>TW</arg>
<arg>TZ</arg>
<arg>UA</arg>
<arg>UG</arg>
<arg>UM</arg>
<arg>US</arg>
<arg>UY</arg>
<arg>UZ</arg>
<arg>VA</arg>
<arg>VC</arg>
<arg>VE</arg>
<arg>VG</arg>
<arg>VI</arg>
<arg>VN</arg>
<arg>VU</arg>
<arg>WF</arg>
<arg>WS</arg>
<arg>XK</arg>
<arg>YE</arg>
<arg>YT</arg>
<arg>ZA</arg>
<arg>ZM</arg>
<arg>ZW</arg>
<doc>Returns a list containing given items.</doc>
<status status="PASS" start="2024-03-31T18:16:18.418332" elapsed="0.000643"/>
</kw>
<kw name="List Should Contain Value" owner="Collections">
<msg time="2024-03-31T18:16:18.420202" level="INFO">False</msg>
<arg>${list_country}</arg>
<arg>${name_country}</arg>
<doc>Fails if the ``value`` is not found from ``list``.</doc>
<status status="PASS" start="2024-03-31T18:16:18.419975" elapsed="0.000265"/>
</kw>
<kw name="Run Keyword If" owner="BuiltIn">
<kw name="Should Be True" owner="BuiltIn">
<arg>${True}</arg>
<doc>Fails if the given condition is not true.</doc>
<status status="PASS" start="2024-03-31T18:16:18.421341" elapsed="0.000148"/>
</kw>
<arg>${json_data["results"][0]["location"]["coordinates"]["latitude"]} &gt;= -90 and ${json_data["results"][0]["location"]["coordinates"]["latitude"]} &lt;= 90</arg>
<arg>Should Be True</arg>
<arg>${True}</arg>
<doc>Runs the given keyword with the given arguments, if ``condition`` is true.</doc>
<status status="PASS" start="2024-03-31T18:16:18.420565" elapsed="0.001054"/>
</kw>
<kw name="Run Keyword If" owner="BuiltIn">
<kw name="Should Be True" owner="BuiltIn">
<arg>${True}</arg>
<doc>Fails if the given condition is not true.</doc>
<status status="PASS" start="2024-03-31T18:16:18.422573" elapsed="0.000148"/>
</kw>
<arg>${json_data["results"][0]["location"]["coordinates"]["longitude"]} &gt;= -180 and ${json_data["results"][0]["location"]["coordinates"]["longitude"]} &lt;= 180</arg>
<arg>Should Be True</arg>
<arg>${True}</arg>
<doc>Runs the given keyword with the given arguments, if ``condition`` is true.</doc>
<status status="PASS" start="2024-03-31T18:16:18.421852" elapsed="0.001004"/>
</kw>
<status status="PASS" start="2024-03-31T18:16:18.327239" elapsed="0.095761"/>
</kw>
<doc>Testa o conteúdo específico dos campos retornados pela API.</doc>
<tag>testeConteudo</tag>
<status status="PASS" start="2024-03-31T18:16:18.326564" elapsed="0.096626"/>
</test>
<status status="PASS" start="2024-03-31T18:16:17.550730" elapsed="0.874446"/>
</suite>
<status status="PASS" start="2024-03-31T18:16:17.537060" elapsed="0.893733"/>
</suite>
<statistics>
<total>
<stat pass="5" fail="0" skip="0">All Tests</stat>
</total>
<tag>
<stat pass="1" fail="0" skip="0">testeConteudo</stat>
<stat pass="1" fail="0" skip="0">testeEstruturaResposta</stat>
<stat pass="1" fail="0" skip="0">testeRequisicaoBasica</stat>
<stat pass="1" fail="0" skip="0">testeTiposDados</stat>
</tag>
<suite>
<stat pass="5" fail="0" skip="0" id="s1" name="Tests">Tests</stat>
<stat pass="5" fail="0" skip="0" id="s1-s1" name="Random-User-Test">Tests.Random-User-Test</stat>
</suite>
</statistics>
<errors>
</errors>
</robot>
