<?xml version="1.0" encoding="UTF-8"?>
<robot generator="Robot 7.0 (Python 3.12.3 on linux)" generated="2024-05-31T04:18:56.273207" rpa="false" schemaversion="5">
<suite id="s1" name="Tests" source="/home/runner/work/ApiRandomUser/ApiRandomUser/RamdonUser/tests">
<suite id="s1-s1" name="Random-User-Test" source="/home/runner/work/ApiRandomUser/ApiRandomUser/RamdonUser/tests/random-user-test.robot">
<test id="s1-s1-t1" name="Conectar" line="13">
<kw name="Conectar API" owner="random-user-service">
<kw name="Create Session" owner="RequestsLibrary">
<msg time="2024-05-31T04:18:56.663255" level="INFO">Creating Session using : alias=consultarAPI, url=https://randomuser.me/, headers={},                     cookies={}, auth=None, timeout=None, proxies=None, verify=False,                     debug=0 </msg>
<arg>consultarAPI</arg>
<arg>${URL}</arg>
<doc>Create Session: create a HTTP session to a server</doc>
<status status="PASS" start="2024-05-31T04:18:56.663058" elapsed="0.000364"/>
</kw>
<status status="PASS" start="2024-05-31T04:18:56.662133" elapsed="0.001632"/>
</kw>
<status status="PASS" start="2024-05-31T04:18:56.661544" elapsed="0.002419"/>
</test>
<test id="s1-s1-t2" name="Validar retorno 200 e JSON Válido" line="16">
<kw name="Teste de Requisicao Basica" owner="random-user-service">
<kw name="GET On Session" owner="RequestsLibrary">
<msg time="2024-05-31T04:18:56.829332" level="INFO">GET Request : url=https://randomuser.me/api 
 path_url=/api 
 headers={'User-Agent': 'python-requests/2.32.3', 'Accept-Encoding': 'gzip, deflate', 'Accept': '*/*', 'Connection': 'keep-alive'} 
 body=None 
 </msg>
<msg time="2024-05-31T04:18:56.829466" level="INFO">GET Response : url=https://randomuser.me/api 
 status=200, reason=OK 
 headers={'Date': 'Fri, 31 May 2024 04:18:56 GMT', 'Content-Type': 'application/json; charset=utf-8', 'Transfer-Encoding': 'chunked', 'Connection': 'keep-alive', 'X-Powered-By': 'Express', 'Access-Control-Allow-Origin': '*', 'Cache-Control': 'no-cache', 'ETag': 'W/"484-VlviEy7fQK/59HxZGLbaqLscFZc"', 'Vary': 'Accept-Encoding', 'Content-Encoding': 'gzip', 'CF-Cache-Status': 'DYNAMIC', 'Report-To': '{"endpoints":[{"url":"https:\\/\\/a.nel.cloudflare.com\\/report\\/v4?s=3jbhXcfs7M0EIO4D8iOwaolGAor7Xcl1JIFGaSZE%2F0M2QnrBbh%2FyZroE%2BDLbBd1pl%2BXLg0ecNRmlO8%2F8iRJF840025oAWVrDUAbpZtGHJLJMODzR58eHEgNMrLmplZh7"}],"group":"cf-nel","max_age":604800}', 'NEL': '{"success_fraction":0,"report_to":"cf-nel","max_age":604800}', 'Server': 'cloudflare', 'CF-RAY': '88c429b0882c83fd-LAX', 'alt-svc': 'h3=":443"; ma=86400'} 
 body={"results":[{"gender":"male","name":{"title":"Mr","first":"Necati","last":"Okumuş"},"location":{"street":{"number":2253,"name":"Şehitler Cd"},"city":"Hakkâri","state":"Malatya","country":"Turkey","postcode":71544,"coordinates":{"latitude":"71.4322","longitude":"-40.4089"},"timezone":{"offset":"+9:00","description":"Tokyo, Seoul, Osaka, Sapporo, Yakutsk"}},"email":"necati.okumus@example.com","login":{"uuid":"bad3558a-1b20-47a6-bf96-60a89189b53e","username":"purplegorilla472","password":"weng","salt":"hRibBPy7","md5":"c79880a3b459af999e3fac5280721804","sha1":"24319ce492d603a175727dbfa7ea881bf1671439","sha256":"53beaf47e50f81b2f78bc72be73e763def35d1c266da7819c39cc69b19c15d91"},"dob":{"date":"1946-02-09T09:48:43.254Z","age":78},"registered":{"date":"2015-05-19T23:11:47.598Z","age":9},"phone":"(605)-573-2967","cell":"(718)-604-2651","id":{"name":"","value":null},"picture":{"large":"https://randomuser.me/api/portraits/men/53.jpg","medium":"https://randomuser.me/api/portraits/med/men/53.jpg","thumbnail":"https://randomuser.me/api/portraits/thumb/men/53.jpg"},"nat":"TR"}],"info":{"seed":"78b5e1a37360748b","results":1,"page":1,"version":"1.4"}} 
 </msg>
<msg time="2024-05-31T04:18:56.829542" level="INFO">/opt/hostedtoolcache/Python/3.12.3/x64/lib/python3.12/site-packages/urllib3/connectionpool.py:1103: InsecureRequestWarning: Unverified HTTPS request is being made to host 'randomuser.me'. Adding certificate verification is strongly advised. See: https://urllib3.readthedocs.io/en/latest/advanced-usage.html#tls-warnings
  warnings.warn(</msg>
<msg time="2024-05-31T04:18:56.829670" level="INFO">${response} = &lt;Response [200]&gt;</msg>
<var>${response}</var>
<arg>consultarAPI</arg>
<arg>/api</arg>
<doc>Sends a GET request on a previously created HTTP Session.</doc>
<status status="PASS" start="2024-05-31T04:18:56.666613" elapsed="0.163098"/>
</kw>
<kw name="Should Be Equal As Numbers" owner="BuiltIn">
<msg time="2024-05-31T04:18:56.830607" level="INFO">Argument types are:
&lt;class 'int'&gt;
&lt;class 'str'&gt;</msg>
<arg>${response.status_code}</arg>
<arg>200</arg>
<doc>Fails if objects are unequal after converting them to real numbers.</doc>
<status status="PASS" start="2024-05-31T04:18:56.830180" elapsed="0.000489"/>
</kw>
<kw name="Log" owner="BuiltIn">
<msg time="2024-05-31T04:18:56.831350" level="INFO">200</msg>
<arg>${response.status_code}</arg>
<doc>Logs the given message with the given level.</doc>
<status status="PASS" start="2024-05-31T04:18:56.831007" elapsed="0.000388"/>
</kw>
<kw name="Set Variable" owner="BuiltIn">
<msg time="2024-05-31T04:18:56.832123" level="INFO">${json_data} = {'results': [{'gender': 'male', 'name': {'title': 'Mr', 'first': 'Necati', 'last': 'Okumuş'}, 'location': {'street': {'number': 2253, 'name': 'Şehitler Cd'}, 'city': 'Hakkâri', 'state': 'Malatya', 'co...</msg>
<var>${json_data}</var>
<arg>${response.json()}</arg>
<doc>Returns the given values which can then be assigned to a variables.</doc>
<status status="PASS" start="2024-05-31T04:18:56.831692" elapsed="0.000462"/>
</kw>
<kw name="Dictionary Should Contain Key" owner="Collections">
<msg time="2024-05-31T04:18:56.832661" level="INFO">False</msg>
<arg>${json_data}</arg>
<arg>results</arg>
<doc>Fails if ``key`` is not found from ``dictionary``.</doc>
<status status="PASS" start="2024-05-31T04:18:56.832494" elapsed="0.000205"/>
</kw>
<status status="PASS" start="2024-05-31T04:18:56.666368" elapsed="0.166581"/>
</kw>
<doc>Testa se a API responde corretamente e retorna um objeto JSON válido.</doc>
<tag>testeRequisicaoBasica</tag>
<status status="PASS" start="2024-05-31T04:18:56.665831" elapsed="0.167294"/>
</test>
<test id="s1-s1-t3" name="Validar estrutura de resposta" line="22">
<kw name="Teste de Estrutura de Resposta" owner="random-user-service">
<kw name="GET On Session" owner="RequestsLibrary">
<msg time="2024-05-31T04:18:56.935027" level="INFO">GET Request : url=https://randomuser.me/api 
 path_url=/api 
 headers={'User-Agent': 'python-requests/2.32.3', 'Accept-Encoding': 'gzip, deflate', 'Accept': '*/*', 'Connection': 'keep-alive'} 
 body=None 
 </msg>
<msg time="2024-05-31T04:18:56.935115" level="INFO">GET Response : url=https://randomuser.me/api 
 status=200, reason=OK 
 headers={'Date': 'Fri, 31 May 2024 04:18:56 GMT', 'Content-Type': 'application/json; charset=utf-8', 'Transfer-Encoding': 'chunked', 'Connection': 'keep-alive', 'X-Powered-By': 'Express', 'Access-Control-Allow-Origin': '*', 'Cache-Control': 'no-cache', 'ETag': 'W/"4a0-VQ+pu5obOSm3+tbF5trAFCcIguU"', 'Vary': 'Accept-Encoding', 'Content-Encoding': 'gzip', 'CF-Cache-Status': 'DYNAMIC', 'Report-To': '{"endpoints":[{"url":"https:\\/\\/a.nel.cloudflare.com\\/report\\/v4?s=XB68RJuqiOzYUh7IYkGyZLI%2BEZrxmJu%2Bz8STZr1VMy5y0RUapJ2E8D7gJ4eadysSgJnChmWVCTvj0AumWgyGyZvoJiYi51JsjRXtC1zEmRlO4LEA8%2B8nF%2BX1rq8hw6q3"}],"group":"cf-nel","max_age":604800}', 'NEL': '{"success_fraction":0,"report_to":"cf-nel","max_age":604800}', 'Server': 'cloudflare', 'CF-RAY': '88c429b138ea83fd-LAX', 'alt-svc': 'h3=":443"; ma=86400'} 
 body={"results":[{"gender":"female","name":{"title":"Miss","first":"Iina","last":"Lampo"},"location":{"street":{"number":2815,"name":"Nordenskiöldinkatu"},"city":"Juankoski","state":"Satakunta","country":"Finland","postcode":32286,"coordinates":{"latitude":"-21.9685","longitude":"4.7051"},"timezone":{"offset":"-5:00","description":"Eastern Time (US &amp; Canada), Bogota, Lima"}},"email":"iina.lampo@example.com","login":{"uuid":"5713473a-31b1-4a00-9821-e4995cd99101","username":"bigtiger334","password":"blacky","salt":"hTgOdbwH","md5":"93057cd68436c1176cc08b9b6b6231cd","sha1":"9fc732ffaffcc9a5a25ee81877cc3bdc0bb5b3c8","sha256":"2c3e90a53fbfd16d783651b0d033dbb3096c810a85e1fd594a7f5ec1a93603e6"},"dob":{"date":"1977-02-04T09:29:44.498Z","age":47},"registered":{"date":"2014-05-24T05:58:45.954Z","age":10},"phone":"08-856-100","cell":"040-592-38-65","id":{"name":"HETU","value":"NaNNA844undefined"},"picture":{"large":"https://randomuser.me/api/portraits/women/30.jpg","medium":"https://randomuser.me/api/portraits/med/women/30.jpg","thumbnail":"https://randomuser.me/api/portraits/thumb/women/30.jpg"},"nat":"FI"}],"info":{"seed":"20037bf4f3a433ca","results":1,"page":1,"version":"1.4"}} 
 </msg>
<msg time="2024-05-31T04:18:56.935233" level="INFO">/opt/hostedtoolcache/Python/3.12.3/x64/lib/python3.12/site-packages/urllib3/connectionpool.py:1103: InsecureRequestWarning: Unverified HTTPS request is being made to host 'randomuser.me'. Adding certificate verification is strongly advised. See: https://urllib3.readthedocs.io/en/latest/advanced-usage.html#tls-warnings
  warnings.warn(</msg>
<msg time="2024-05-31T04:18:56.935336" level="INFO">${response} = &lt;Response [200]&gt;</msg>
<var>${response}</var>
<arg>consultarAPI</arg>
<arg>/api</arg>
<doc>Sends a GET request on a previously created HTTP Session.</doc>
<status status="PASS" start="2024-05-31T04:18:56.835624" elapsed="0.099750"/>
</kw>
<kw name="Set Variable" owner="BuiltIn">
<msg time="2024-05-31T04:18:56.936399" level="INFO">${json_data} = {'results': [{'gender': 'female', 'name': {'title': 'Miss', 'first': 'Iina', 'last': 'Lampo'}, 'location': {'street': {'number': 2815, 'name': 'Nordenskiöldinkatu'}, 'city': 'Juankoski', 'state': 'Sat...</msg>
<var>${json_data}</var>
<arg>${response.json()}</arg>
<doc>Returns the given values which can then be assigned to a variables.</doc>
<status status="PASS" start="2024-05-31T04:18:56.935806" elapsed="0.000623"/>
</kw>
<kw name="Log" owner="BuiltIn">
<msg time="2024-05-31T04:18:56.937024" level="INFO">{'results': [{'gender': 'female', 'name': {'title': 'Miss', 'first': 'Iina', 'last': 'Lampo'}, 'location': {'street': {'number': 2815, 'name': 'Nordenskiöldinkatu'}, 'city': 'Juankoski', 'state': 'Satakunta', 'country': 'Finland', 'postcode': 32286, 'coordinates': {'latitude': '-21.9685', 'longitude': '4.7051'}, 'timezone': {'offset': '-5:00', 'description': 'Eastern Time (US &amp; Canada), Bogota, Lima'}}, 'email': 'iina.lampo@example.com', 'login': {'uuid': '5713473a-31b1-4a00-9821-e4995cd99101', 'username': 'bigtiger334', 'password': 'blacky', 'salt': 'hTgOdbwH', 'md5': '93057cd68436c1176cc08b9b6b6231cd', 'sha1': '9fc732ffaffcc9a5a25ee81877cc3bdc0bb5b3c8', 'sha256': '2c3e90a53fbfd16d783651b0d033dbb3096c810a85e1fd594a7f5ec1a93603e6'}, 'dob': {'date': '1977-02-04T09:29:44.498Z', 'age': 47}, 'registered': {'date': '2014-05-24T05:58:45.954Z', 'age': 10}, 'phone': '08-856-100', 'cell': '040-592-38-65', 'id': {'name': 'HETU', 'value': 'NaNNA844undefined'}, 'picture': {'large': 'https://randomuser.me/api/portraits/women/30.jpg', 'medium': 'https://randomuser.me/api/portraits/med/women/30.jpg', 'thumbnail': 'https://randomuser.me/api/portraits/thumb/women/30.jpg'}, 'nat': 'FI'}], 'info': {'seed': '20037bf4f3a433ca', 'results': 1, 'page': 1, 'version': '1.4'}}</msg>
<arg>${json_data}</arg>
<doc>Logs the given message with the given level.</doc>
<status status="PASS" start="2024-05-31T04:18:56.936804" elapsed="0.000307"/>
</kw>
<kw name="Dictionary Should Contain Key" owner="Collections">
<msg time="2024-05-31T04:18:56.937645" level="INFO">False</msg>
<arg>${json_data}</arg>
<arg>results</arg>
<doc>Fails if ``key`` is not found from ``dictionary``.</doc>
<status status="PASS" start="2024-05-31T04:18:56.937489" elapsed="0.000194"/>
</kw>
<kw name="Should Not Be Empty" owner="BuiltIn">
<msg time="2024-05-31T04:18:56.938116" level="INFO">Length is 2.</msg>
<arg>${json_data}</arg>
<doc>Verifies that the given item is not empty.</doc>
<status status="PASS" start="2024-05-31T04:18:56.937979" elapsed="0.000175"/>
</kw>
<kw name="Create List" owner="BuiltIn">
<msg time="2024-05-31T04:18:56.938714" level="INFO">${expected_keys} = ['gender', 'name', 'location', 'email', 'login']</msg>
<var>${expected_keys}</var>
<arg>gender</arg>
<arg>name</arg>
<arg>location</arg>
<arg>email</arg>
<arg>login</arg>
<doc>Returns a list containing given items.</doc>
<status status="PASS" start="2024-05-31T04:18:56.938440" elapsed="0.000298"/>
</kw>
<for flavor="IN">
<iter>
<kw name="Dictionary Should Contain Key" owner="Collections">
<msg time="2024-05-31T04:18:56.939692" level="INFO">False</msg>
<arg>${json_data['results'][0]}</arg>
<arg>${key}</arg>
<doc>Fails if ``key`` is not found from ``dictionary``.</doc>
<status status="PASS" start="2024-05-31T04:18:56.939305" elapsed="0.000424"/>
</kw>
<kw name="Log" owner="BuiltIn">
<msg time="2024-05-31T04:18:56.940416" level="INFO">{'gender': 'female', 'name': {'title': 'Miss', 'first': 'Iina', 'last': 'Lampo'}, 'location': {'street': {'number': 2815, 'name': 'Nordenskiöldinkatu'}, 'city': 'Juankoski', 'state': 'Satakunta', 'country': 'Finland', 'postcode': 32286, 'coordinates': {'latitude': '-21.9685', 'longitude': '4.7051'}, 'timezone': {'offset': '-5:00', 'description': 'Eastern Time (US &amp; Canada), Bogota, Lima'}}, 'email': 'iina.lampo@example.com', 'login': {'uuid': '5713473a-31b1-4a00-9821-e4995cd99101', 'username': 'bigtiger334', 'password': 'blacky', 'salt': 'hTgOdbwH', 'md5': '93057cd68436c1176cc08b9b6b6231cd', 'sha1': '9fc732ffaffcc9a5a25ee81877cc3bdc0bb5b3c8', 'sha256': '2c3e90a53fbfd16d783651b0d033dbb3096c810a85e1fd594a7f5ec1a93603e6'}, 'dob': {'date': '1977-02-04T09:29:44.498Z', 'age': 47}, 'registered': {'date': '2014-05-24T05:58:45.954Z', 'age': 10}, 'phone': '08-856-100', 'cell': '040-592-38-65', 'id': {'name': 'HETU', 'value': 'NaNNA844undefined'}, 'picture': {'large': 'https://randomuser.me/api/portraits/women/30.jpg', 'medium': 'https://randomuser.me/api/portraits/med/women/30.jpg', 'thumbnail': 'https://randomuser.me/api/portraits/thumb/women/30.jpg'}, 'nat': 'FI'}</msg>
<arg>${json_data['results'][0]}</arg>
<doc>Logs the given message with the given level.</doc>
<status status="PASS" start="2024-05-31T04:18:56.940028" elapsed="0.000440"/>
</kw>
<kw name="Log" owner="BuiltIn">
<msg time="2024-05-31T04:18:56.940898" level="INFO">gender</msg>
<arg>${key}</arg>
<doc>Logs the given message with the given level.</doc>
<status status="PASS" start="2024-05-31T04:18:56.940766" elapsed="0.000169"/>
</kw>
<var name="${key}">gender</var>
<status status="PASS" start="2024-05-31T04:18:56.939182" elapsed="0.001966"/>
</iter>
<iter>
<kw name="Dictionary Should Contain Key" owner="Collections">
<msg time="2024-05-31T04:18:56.941825" level="INFO">False</msg>
<arg>${json_data['results'][0]}</arg>
<arg>${key}</arg>
<doc>Fails if ``key`` is not found from ``dictionary``.</doc>
<status status="PASS" start="2024-05-31T04:18:56.941445" elapsed="0.000416"/>
</kw>
<kw name="Log" owner="BuiltIn">
<msg time="2024-05-31T04:18:56.942532" level="INFO">{'gender': 'female', 'name': {'title': 'Miss', 'first': 'Iina', 'last': 'Lampo'}, 'location': {'street': {'number': 2815, 'name': 'Nordenskiöldinkatu'}, 'city': 'Juankoski', 'state': 'Satakunta', 'country': 'Finland', 'postcode': 32286, 'coordinates': {'latitude': '-21.9685', 'longitude': '4.7051'}, 'timezone': {'offset': '-5:00', 'description': 'Eastern Time (US &amp; Canada), Bogota, Lima'}}, 'email': 'iina.lampo@example.com', 'login': {'uuid': '5713473a-31b1-4a00-9821-e4995cd99101', 'username': 'bigtiger334', 'password': 'blacky', 'salt': 'hTgOdbwH', 'md5': '93057cd68436c1176cc08b9b6b6231cd', 'sha1': '9fc732ffaffcc9a5a25ee81877cc3bdc0bb5b3c8', 'sha256': '2c3e90a53fbfd16d783651b0d033dbb3096c810a85e1fd594a7f5ec1a93603e6'}, 'dob': {'date': '1977-02-04T09:29:44.498Z', 'age': 47}, 'registered': {'date': '2014-05-24T05:58:45.954Z', 'age': 10}, 'phone': '08-856-100', 'cell': '040-592-38-65', 'id': {'name': 'HETU', 'value': 'NaNNA844undefined'}, 'picture': {'large': 'https://randomuser.me/api/portraits/women/30.jpg', 'medium': 'https://randomuser.me/api/portraits/med/women/30.jpg', 'thumbnail': 'https://randomuser.me/api/portraits/thumb/women/30.jpg'}, 'nat': 'FI'}</msg>
<arg>${json_data['results'][0]}</arg>
<doc>Logs the given message with the given level.</doc>
<status status="PASS" start="2024-05-31T04:18:56.942178" elapsed="0.000403"/>
</kw>
<kw name="Log" owner="BuiltIn">
<msg time="2024-05-31T04:18:56.942998" level="INFO">name</msg>
<arg>${key}</arg>
<doc>Logs the given message with the given level.</doc>
<status status="PASS" start="2024-05-31T04:18:56.942875" elapsed="0.000158"/>
</kw>
<var name="${key}">name</var>
<status status="PASS" start="2024-05-31T04:18:56.941331" elapsed="0.001914"/>
</iter>
<iter>
<kw name="Dictionary Should Contain Key" owner="Collections">
<msg time="2024-05-31T04:18:56.943891" level="INFO">False</msg>
<arg>${json_data['results'][0]}</arg>
<arg>${key}</arg>
<doc>Fails if ``key`` is not found from ``dictionary``.</doc>
<status status="PASS" start="2024-05-31T04:18:56.943525" elapsed="0.000402"/>
</kw>
<kw name="Log" owner="BuiltIn">
<msg time="2024-05-31T04:18:56.944629" level="INFO">{'gender': 'female', 'name': {'title': 'Miss', 'first': 'Iina', 'last': 'Lampo'}, 'location': {'street': {'number': 2815, 'name': 'Nordenskiöldinkatu'}, 'city': 'Juankoski', 'state': 'Satakunta', 'country': 'Finland', 'postcode': 32286, 'coordinates': {'latitude': '-21.9685', 'longitude': '4.7051'}, 'timezone': {'offset': '-5:00', 'description': 'Eastern Time (US &amp; Canada), Bogota, Lima'}}, 'email': 'iina.lampo@example.com', 'login': {'uuid': '5713473a-31b1-4a00-9821-e4995cd99101', 'username': 'bigtiger334', 'password': 'blacky', 'salt': 'hTgOdbwH', 'md5': '93057cd68436c1176cc08b9b6b6231cd', 'sha1': '9fc732ffaffcc9a5a25ee81877cc3bdc0bb5b3c8', 'sha256': '2c3e90a53fbfd16d783651b0d033dbb3096c810a85e1fd594a7f5ec1a93603e6'}, 'dob': {'date': '1977-02-04T09:29:44.498Z', 'age': 47}, 'registered': {'date': '2014-05-24T05:58:45.954Z', 'age': 10}, 'phone': '08-856-100', 'cell': '040-592-38-65', 'id': {'name': 'HETU', 'value': 'NaNNA844undefined'}, 'picture': {'large': 'https://randomuser.me/api/portraits/women/30.jpg', 'medium': 'https://randomuser.me/api/portraits/med/women/30.jpg', 'thumbnail': 'https://randomuser.me/api/portraits/thumb/women/30.jpg'}, 'nat': 'FI'}</msg>
<arg>${json_data['results'][0]}</arg>
<doc>Logs the given message with the given level.</doc>
<status status="PASS" start="2024-05-31T04:18:56.944237" elapsed="0.000443"/>
</kw>
<kw name="Log" owner="BuiltIn">
<msg time="2024-05-31T04:18:56.945106" level="INFO">location</msg>
<arg>${key}</arg>
<doc>Logs the given message with the given level.</doc>
<status status="PASS" start="2024-05-31T04:18:56.944981" elapsed="0.000161"/>
</kw>
<var name="${key}">location</var>
<status status="PASS" start="2024-05-31T04:18:56.943416" elapsed="0.001937"/>
</iter>
<iter>
<kw name="Dictionary Should Contain Key" owner="Collections">
<msg time="2024-05-31T04:18:56.946010" level="INFO">False</msg>
<arg>${json_data['results'][0]}</arg>
<arg>${key}</arg>
<doc>Fails if ``key`` is not found from ``dictionary``.</doc>
<status status="PASS" start="2024-05-31T04:18:56.945633" elapsed="0.000413"/>
</kw>
<kw name="Log" owner="BuiltIn">
<msg time="2024-05-31T04:18:56.946690" level="INFO">{'gender': 'female', 'name': {'title': 'Miss', 'first': 'Iina', 'last': 'Lampo'}, 'location': {'street': {'number': 2815, 'name': 'Nordenskiöldinkatu'}, 'city': 'Juankoski', 'state': 'Satakunta', 'country': 'Finland', 'postcode': 32286, 'coordinates': {'latitude': '-21.9685', 'longitude': '4.7051'}, 'timezone': {'offset': '-5:00', 'description': 'Eastern Time (US &amp; Canada), Bogota, Lima'}}, 'email': 'iina.lampo@example.com', 'login': {'uuid': '5713473a-31b1-4a00-9821-e4995cd99101', 'username': 'bigtiger334', 'password': 'blacky', 'salt': 'hTgOdbwH', 'md5': '93057cd68436c1176cc08b9b6b6231cd', 'sha1': '9fc732ffaffcc9a5a25ee81877cc3bdc0bb5b3c8', 'sha256': '2c3e90a53fbfd16d783651b0d033dbb3096c810a85e1fd594a7f5ec1a93603e6'}, 'dob': {'date': '1977-02-04T09:29:44.498Z', 'age': 47}, 'registered': {'date': '2014-05-24T05:58:45.954Z', 'age': 10}, 'phone': '08-856-100', 'cell': '040-592-38-65', 'id': {'name': 'HETU', 'value': 'NaNNA844undefined'}, 'picture': {'large': 'https://randomuser.me/api/portraits/women/30.jpg', 'medium': 'https://randomuser.me/api/portraits/med/women/30.jpg', 'thumbnail': 'https://randomuser.me/api/portraits/thumb/women/30.jpg'}, 'nat': 'FI'}</msg>
<arg>${json_data['results'][0]}</arg>
<doc>Logs the given message with the given level.</doc>
<status status="PASS" start="2024-05-31T04:18:56.946337" elapsed="0.000404"/>
</kw>
<kw name="Log" owner="BuiltIn">
<msg time="2024-05-31T04:18:56.947165" level="INFO">email</msg>
<arg>${key}</arg>
<doc>Logs the given message with the given level.</doc>
<status status="PASS" start="2024-05-31T04:18:56.947039" elapsed="0.000163"/>
</kw>
<var name="${key}">email</var>
<status status="PASS" start="2024-05-31T04:18:56.945520" elapsed="0.001892"/>
</iter>
<iter>
<kw name="Dictionary Should Contain Key" owner="Collections">
<msg time="2024-05-31T04:18:56.948068" level="INFO">False</msg>
<arg>${json_data['results'][0]}</arg>
<arg>${key}</arg>
<doc>Fails if ``key`` is not found from ``dictionary``.</doc>
<status status="PASS" start="2024-05-31T04:18:56.947688" elapsed="0.000416"/>
</kw>
<kw name="Log" owner="BuiltIn">
<msg time="2024-05-31T04:18:56.948780" level="INFO">{'gender': 'female', 'name': {'title': 'Miss', 'first': 'Iina', 'last': 'Lampo'}, 'location': {'street': {'number': 2815, 'name': 'Nordenskiöldinkatu'}, 'city': 'Juankoski', 'state': 'Satakunta', 'country': 'Finland', 'postcode': 32286, 'coordinates': {'latitude': '-21.9685', 'longitude': '4.7051'}, 'timezone': {'offset': '-5:00', 'description': 'Eastern Time (US &amp; Canada), Bogota, Lima'}}, 'email': 'iina.lampo@example.com', 'login': {'uuid': '5713473a-31b1-4a00-9821-e4995cd99101', 'username': 'bigtiger334', 'password': 'blacky', 'salt': 'hTgOdbwH', 'md5': '93057cd68436c1176cc08b9b6b6231cd', 'sha1': '9fc732ffaffcc9a5a25ee81877cc3bdc0bb5b3c8', 'sha256': '2c3e90a53fbfd16d783651b0d033dbb3096c810a85e1fd594a7f5ec1a93603e6'}, 'dob': {'date': '1977-02-04T09:29:44.498Z', 'age': 47}, 'registered': {'date': '2014-05-24T05:58:45.954Z', 'age': 10}, 'phone': '08-856-100', 'cell': '040-592-38-65', 'id': {'name': 'HETU', 'value': 'NaNNA844undefined'}, 'picture': {'large': 'https://randomuser.me/api/portraits/women/30.jpg', 'medium': 'https://randomuser.me/api/portraits/med/women/30.jpg', 'thumbnail': 'https://randomuser.me/api/portraits/thumb/women/30.jpg'}, 'nat': 'FI'}</msg>
<arg>${json_data['results'][0]}</arg>
<doc>Logs the given message with the given level.</doc>
<status status="PASS" start="2024-05-31T04:18:56.948422" elapsed="0.000409"/>
</kw>
<kw name="Log" owner="BuiltIn">
<msg time="2024-05-31T04:18:56.949247" level="INFO">login</msg>
<arg>${key}</arg>
<doc>Logs the given message with the given level.</doc>
<status status="PASS" start="2024-05-31T04:18:56.949122" elapsed="0.000193"/>
</kw>
<var name="${key}">login</var>
<status status="PASS" start="2024-05-31T04:18:56.947579" elapsed="0.001971"/>
</iter>
<var>${key}</var>
<value>@{expected_keys}</value>
<status status="PASS" start="2024-05-31T04:18:56.938996" elapsed="0.010679"/>
</for>
<kw name="Create List" owner="BuiltIn">
<msg time="2024-05-31T04:18:56.950009" level="INFO">${expected_keysTwo} = ['username', 'password']</msg>
<var>${expected_keysTwo}</var>
<arg>username</arg>
<arg>password</arg>
<doc>Returns a list containing given items.</doc>
<status status="PASS" start="2024-05-31T04:18:56.949863" elapsed="0.000170"/>
</kw>
<for flavor="IN">
<iter>
<kw name="Dictionary Should Contain Key" owner="Collections">
<msg time="2024-05-31T04:18:56.950899" level="INFO">False</msg>
<arg>${json_data['results'][0]['login']}</arg>
<arg>${keyTwo}</arg>
<doc>Fails if ``key`` is not found from ``dictionary``.</doc>
<status status="PASS" start="2024-05-31T04:18:56.950521" elapsed="0.000414"/>
</kw>
<kw name="Dictionary Should Contain Key" owner="Collections">
<msg time="2024-05-31T04:18:56.951605" level="INFO">False</msg>
<arg>${json_data['results'][0]['login']}</arg>
<arg>${keyTwo}</arg>
<doc>Fails if ``key`` is not found from ``dictionary``.</doc>
<status status="PASS" start="2024-05-31T04:18:56.951226" elapsed="0.000415"/>
</kw>
<kw name="Log" owner="BuiltIn">
<msg time="2024-05-31T04:18:56.952064" level="INFO">username</msg>
<arg>${keyTwo}</arg>
<doc>Logs the given message with the given level.</doc>
<status status="PASS" start="2024-05-31T04:18:56.951929" elapsed="0.000170"/>
</kw>
<var name="${keyTwo}">username</var>
<status status="PASS" start="2024-05-31T04:18:56.950413" elapsed="0.001921"/>
</iter>
<iter>
<kw name="Dictionary Should Contain Key" owner="Collections">
<msg time="2024-05-31T04:18:56.952991" level="INFO">False</msg>
<arg>${json_data['results'][0]['login']}</arg>
<arg>${keyTwo}</arg>
<doc>Fails if ``key`` is not found from ``dictionary``.</doc>
<status status="PASS" start="2024-05-31T04:18:56.952624" elapsed="0.000402"/>
</kw>
<kw name="Dictionary Should Contain Key" owner="Collections">
<msg time="2024-05-31T04:18:56.953766" level="INFO">False</msg>
<arg>${json_data['results'][0]['login']}</arg>
<arg>${keyTwo}</arg>
<doc>Fails if ``key`` is not found from ``dictionary``.</doc>
<status status="PASS" start="2024-05-31T04:18:56.953314" elapsed="0.000490"/>
</kw>
<kw name="Log" owner="BuiltIn">
<msg time="2024-05-31T04:18:56.954231" level="INFO">password</msg>
<arg>${keyTwo}</arg>
<doc>Logs the given message with the given level.</doc>
<status status="PASS" start="2024-05-31T04:18:56.954107" elapsed="0.000160"/>
</kw>
<var name="${keyTwo}">password</var>
<status status="PASS" start="2024-05-31T04:18:56.952508" elapsed="0.001968"/>
</iter>
<var>${keyTwo}</var>
<value>@{expected_keysTwo}</value>
<status status="PASS" start="2024-05-31T04:18:56.950265" elapsed="0.004330"/>
</for>
<status status="PASS" start="2024-05-31T04:18:56.835388" elapsed="0.119339"/>
</kw>
<doc>Testa a estrutura da resposta da API.</doc>
<tag>testeEstruturaResposta</tag>
<status status="PASS" start="2024-05-31T04:18:56.834922" elapsed="0.119952"/>
</test>
<test id="s1-s1-t4" name="Validar tipos de dados" line="28">
<kw name="Teste de Tipos de Dados" owner="random-user-service">
<kw name="GET On Session" owner="RequestsLibrary">
<msg time="2024-05-31T04:18:57.064384" level="INFO">GET Request : url=https://randomuser.me/api 
 path_url=/api 
 headers={'User-Agent': 'python-requests/2.32.3', 'Accept-Encoding': 'gzip, deflate', 'Accept': '*/*', 'Connection': 'keep-alive'} 
 body=None 
 </msg>
<msg time="2024-05-31T04:18:57.064462" level="INFO">GET Response : url=https://randomuser.me/api 
 status=200, reason=OK 
 headers={'Date': 'Fri, 31 May 2024 04:18:57 GMT', 'Content-Type': 'application/json; charset=utf-8', 'Transfer-Encoding': 'chunked', 'Connection': 'keep-alive', 'X-Powered-By': 'Express', 'Access-Control-Allow-Origin': '*', 'Cache-Control': 'no-cache', 'ETag': 'W/"4a0-u5bbysHA1RXV/zwns9RBvscCOq8"', 'Vary': 'Accept-Encoding', 'Content-Encoding': 'gzip', 'CF-Cache-Status': 'DYNAMIC', 'Report-To': '{"endpoints":[{"url":"https:\\/\\/a.nel.cloudflare.com\\/report\\/v4?s=Rgp76giN7CTdR8DMcRKKjxugPweVPe4zG2CYhM%2F5TNJzYLI%2FKz9PhumoaG9u%2FjquVdJqpqfusLMkRjWNn0o7OHhBtNqNz733x02aZ5IiDTS%2BD4nQCkRyRGf94jH9jHNR"}],"group":"cf-nel","max_age":604800}', 'NEL': '{"success_fraction":0,"report_to":"cf-nel","max_age":604800}', 'Server': 'cloudflare', 'CF-RAY': '88c429b209cc83fd-LAX', 'alt-svc': 'h3=":443"; ma=86400'} 
 body={"results":[{"gender":"female","name":{"title":"Mrs","first":"Ella","last":"Honkala"},"location":{"street":{"number":29,"name":"Mechelininkatu"},"city":"Parkano","state":"Southern Ostrobothnia","country":"Finland","postcode":36537,"coordinates":{"latitude":"-29.9987","longitude":"111.5774"},"timezone":{"offset":"+1:00","description":"Brussels, Copenhagen, Madrid, Paris"}},"email":"ella.honkala@example.com","login":{"uuid":"2267069c-478b-4cf6-ace0-299e8dd36455","username":"angrydog622","password":"swim","salt":"CFSV9yyX","md5":"2e6da6dccf5c6ba4fce40f0cba3196ee","sha1":"ab1116b2cdba5b869da32299b329e2db913a9af3","sha256":"5b5e3b3654445992acfb0198845b6df3e5f987a0f6ac1994fa40fbe3136898af"},"dob":{"date":"1976-09-02T06:45:29.922Z","age":47},"registered":{"date":"2021-01-30T10:40:36.632Z","age":3},"phone":"08-824-233","cell":"045-613-68-16","id":{"name":"HETU","value":"NaNNA170undefined"},"picture":{"large":"https://randomuser.me/api/portraits/women/54.jpg","medium":"https://randomuser.me/api/portraits/med/women/54.jpg","thumbnail":"https://randomuser.me/api/portraits/thumb/women/54.jpg"},"nat":"FI"}],"info":{"seed":"da3417f803ae358c","results":1,"page":1,"version":"1.4"}} 
 </msg>
<msg time="2024-05-31T04:18:57.064518" level="INFO">/opt/hostedtoolcache/Python/3.12.3/x64/lib/python3.12/site-packages/urllib3/connectionpool.py:1103: InsecureRequestWarning: Unverified HTTPS request is being made to host 'randomuser.me'. Adding certificate verification is strongly advised. See: https://urllib3.readthedocs.io/en/latest/advanced-usage.html#tls-warnings
  warnings.warn(</msg>
<msg time="2024-05-31T04:18:57.064604" level="INFO">${response} = &lt;Response [200]&gt;</msg>
<var>${response}</var>
<arg>consultarAPI</arg>
<arg>/api</arg>
<doc>Sends a GET request on a previously created HTTP Session.</doc>
<status status="PASS" start="2024-05-31T04:18:56.957349" elapsed="0.107295"/>
</kw>
<kw name="Set Variable" owner="BuiltIn">
<msg time="2024-05-31T04:18:57.065686" level="INFO">${json_data} = {'results': [{'gender': 'female', 'name': {'title': 'Mrs', 'first': 'Ella', 'last': 'Honkala'}, 'location': {'street': {'number': 29, 'name': 'Mechelininkatu'}, 'city': 'Parkano', 'state': 'Southern O...</msg>
<var>${json_data}</var>
<arg>${response.json()}</arg>
<doc>Returns the given values which can then be assigned to a variables.</doc>
<status status="PASS" start="2024-05-31T04:18:57.065099" elapsed="0.000615"/>
</kw>
<kw name="Log" owner="BuiltIn">
<msg time="2024-05-31T04:18:57.066173" level="INFO">{'results': [{'gender': 'female', 'name': {'title': 'Mrs', 'first': 'Ella', 'last': 'Honkala'}, 'location': {'street': {'number': 29, 'name': 'Mechelininkatu'}, 'city': 'Parkano', 'state': 'Southern Ostrobothnia', 'country': 'Finland', 'postcode': 36537, 'coordinates': {'latitude': '-29.9987', 'longitude': '111.5774'}, 'timezone': {'offset': '+1:00', 'description': 'Brussels, Copenhagen, Madrid, Paris'}}, 'email': 'ella.honkala@example.com', 'login': {'uuid': '2267069c-478b-4cf6-ace0-299e8dd36455', 'username': 'angrydog622', 'password': 'swim', 'salt': 'CFSV9yyX', 'md5': '2e6da6dccf5c6ba4fce40f0cba3196ee', 'sha1': 'ab1116b2cdba5b869da32299b329e2db913a9af3', 'sha256': '5b5e3b3654445992acfb0198845b6df3e5f987a0f6ac1994fa40fbe3136898af'}, 'dob': {'date': '1976-09-02T06:45:29.922Z', 'age': 47}, 'registered': {'date': '2021-01-30T10:40:36.632Z', 'age': 3}, 'phone': '08-824-233', 'cell': '045-613-68-16', 'id': {'name': 'HETU', 'value': 'NaNNA170undefined'}, 'picture': {'large': 'https://randomuser.me/api/portraits/women/54.jpg', 'medium': 'https://randomuser.me/api/portraits/med/women/54.jpg', 'thumbnail': 'https://randomuser.me/api/portraits/thumb/women/54.jpg'}, 'nat': 'FI'}], 'info': {'seed': 'da3417f803ae358c', 'results': 1, 'page': 1, 'version': '1.4'}}</msg>
<arg>${json_data}</arg>
<doc>Logs the given message with the given level.</doc>
<status status="PASS" start="2024-05-31T04:18:57.066020" elapsed="0.000231"/>
</kw>
<kw name="Should Be String" owner="String">
<arg>${json_data['results'][0]['gender']}</arg>
<doc>Fails if the given ``item`` is not a string.</doc>
<status status="PASS" start="2024-05-31T04:18:57.066553" elapsed="0.000351"/>
</kw>
<kw name="Should Match Regexp" owner="BuiltIn">
<arg>${json_data['results'][0]['email']}</arg>
<arg>^[a-zA-Z0-9._%+-]+@[a-zA-Z0-9.-]+\.[a-zA-Z]{2,}$</arg>
<doc>Fails if ``string`` does not match ``pattern`` as a regular expression.</doc>
<status status="PASS" start="2024-05-31T04:18:57.067094" elapsed="0.000514"/>
</kw>
<kw name="Should Match Regexp" owner="BuiltIn">
<arg>${json_data['results'][0]['dob']['date']}</arg>
<arg>\\d{4}-\\d{2}-\\d{2}T\\d{2}:\\d{2}:\\d{2}\\.\\d{3}Z</arg>
<doc>Fails if ``string`` does not match ``pattern`` as a regular expression.</doc>
<status status="PASS" start="2024-05-31T04:18:57.067805" elapsed="0.000471"/>
</kw>
<kw name="Should Match Regexp" owner="BuiltIn">
<arg>${json_data['results'][0]['registered']['date']}</arg>
<arg>\\d{4}-\\d{2}-\\d{2}T\\d{2}:\\d{2}:\\d{2}\\.\\d{3}Z</arg>
<doc>Fails if ``string`` does not match ``pattern`` as a regular expression.</doc>
<status status="PASS" start="2024-05-31T04:18:57.068513" elapsed="0.000366"/>
</kw>
<kw name="Should Match Regexp" owner="BuiltIn">
<arg>${json_data['results'][0]['picture']['large']}</arg>
<arg>^https?://.*\.(?:png|jpe?g|gif|bmp)$</arg>
<doc>Fails if ``string`` does not match ``pattern`` as a regular expression.</doc>
<status status="PASS" start="2024-05-31T04:18:57.069070" elapsed="0.000467"/>
</kw>
<kw name="Should Match Regexp" owner="BuiltIn">
<arg>${json_data['results'][0]['picture']['medium']}</arg>
<arg>^https?://.*\.(?:png|jpe?g|gif|bmp)$</arg>
<doc>Fails if ``string`` does not match ``pattern`` as a regular expression.</doc>
<status status="PASS" start="2024-05-31T04:18:57.069727" elapsed="0.000347"/>
</kw>
<kw name="Should Match Regexp" owner="BuiltIn">
<arg>${json_data['results'][0]['picture']['thumbnail']}</arg>
<arg>^https?://.*\.(?:png|jpe?g|gif|bmp)$</arg>
<doc>Fails if ``string`` does not match ``pattern`` as a regular expression.</doc>
<status status="PASS" start="2024-05-31T04:18:57.070260" elapsed="0.000343"/>
</kw>
<kw name="Log" owner="BuiltIn">
<msg time="2024-05-31T04:18:57.071111" level="INFO">{'large': 'https://randomuser.me/api/portraits/women/54.jpg', 'medium': 'https://randomuser.me/api/portraits/med/women/54.jpg', 'thumbnail': 'https://randomuser.me/api/portraits/thumb/women/54.jpg'}</msg>
<arg>${json_data['results'][0]['picture']}</arg>
<doc>Logs the given message with the given level.</doc>
<status status="PASS" start="2024-05-31T04:18:57.070791" elapsed="0.000364"/>
</kw>
<status status="PASS" start="2024-05-31T04:18:56.957127" elapsed="0.114278"/>
</kw>
<kw name="Teste de Tipos de Dados - Postcode" owner="random-user-service">
<kw name="GET On Session" owner="RequestsLibrary">
<msg time="2024-05-31T04:18:57.175697" level="INFO">GET Request : url=https://randomuser.me/api 
 path_url=/api 
 headers={'User-Agent': 'python-requests/2.32.3', 'Accept-Encoding': 'gzip, deflate', 'Accept': '*/*', 'Connection': 'keep-alive'} 
 body=None 
 </msg>
<msg time="2024-05-31T04:18:57.175760" level="INFO">GET Response : url=https://randomuser.me/api 
 status=200, reason=OK 
 headers={'Date': 'Fri, 31 May 2024 04:18:57 GMT', 'Content-Type': 'application/json; charset=utf-8', 'Transfer-Encoding': 'chunked', 'Connection': 'keep-alive', 'X-Powered-By': 'Express', 'Access-Control-Allow-Origin': '*', 'Cache-Control': 'no-cache', 'ETag': 'W/"49e-oX6EhMjUtJYWHJgmk3SlkuHknkc"', 'Vary': 'Accept-Encoding', 'Content-Encoding': 'gzip', 'CF-Cache-Status': 'DYNAMIC', 'Report-To': '{"endpoints":[{"url":"https:\\/\\/a.nel.cloudflare.com\\/report\\/v4?s=tgbW8wYZgBH%2B5T0y3iEermOP%2B5KuD0V3XpstT1Z6WrSkMQxs2S70Uvj%2B19nnxgNOTH2Zw%2BIkGe2P8MHzy92mMe8Jbk9TavpIR%2BKk9vh%2FYldEsSNLO1uc2FRiYQy%2FbNsh"}],"group":"cf-nel","max_age":604800}', 'NEL': '{"success_fraction":0,"report_to":"cf-nel","max_age":604800}', 'Server': 'cloudflare', 'CF-RAY': '88c429b2bab783fd-LAX', 'alt-svc': 'h3=":443"; ma=86400'} 
 body={"results":[{"gender":"male","name":{"title":"Mr","first":"پارسا","last":"سلطانی نژاد"},"location":{"street":{"number":6499,"name":"میدان جمهوری"},"city":"پاکدشت","state":"قزوین","country":"Iran","postcode":16993,"coordinates":{"latitude":"20.8426","longitude":"-74.1106"},"timezone":{"offset":"+4:00","description":"Abu Dhabi, Muscat, Baku, Tbilisi"}},"email":"prs.sltnynjd@example.com","login":{"uuid":"e59abd81-2b1c-49ba-8b0e-61e8848fe70c","username":"angrytiger465","password":"porkchop","salt":"kSdWLUPt","md5":"9b839be97a680112da5fc23e7849545f","sha1":"e9629e515d58c5b77b3e09663ec9511fc365af08","sha256":"38fa1124827a716f95687cbfb83574c0542252de061927c9cf884ef6295eb595"},"dob":{"date":"1948-05-11T22:46:52.933Z","age":76},"registered":{"date":"2020-10-23T14:11:55.087Z","age":3},"phone":"052-59940765","cell":"0983-549-2486","id":{"name":"","value":null},"picture":{"large":"https://randomuser.me/api/portraits/men/53.jpg","medium":"https://randomuser.me/api/portraits/med/men/53.jpg","thumbnail":"https://randomuser.me/api/portraits/thumb/men/53.jpg"},"nat":"IR"}],"info":{"seed":"834801f53358075d","results":1,"page":1,"version":"1.4"}} 
 </msg>
<msg time="2024-05-31T04:18:57.175822" level="INFO">/opt/hostedtoolcache/Python/3.12.3/x64/lib/python3.12/site-packages/urllib3/connectionpool.py:1103: InsecureRequestWarning: Unverified HTTPS request is being made to host 'randomuser.me'. Adding certificate verification is strongly advised. See: https://urllib3.readthedocs.io/en/latest/advanced-usage.html#tls-warnings
  warnings.warn(</msg>
<msg time="2024-05-31T04:18:57.175908" level="INFO">${response} = &lt;Response [200]&gt;</msg>
<var>${response}</var>
<arg>consultarAPI</arg>
<arg>/api</arg>
<doc>Sends a GET request on a previously created HTTP Session.</doc>
<status status="PASS" start="2024-05-31T04:18:57.071829" elapsed="0.104117"/>
</kw>
<kw name="Set Variable" owner="BuiltIn">
<msg time="2024-05-31T04:18:57.176984" level="INFO">${json_data} = {'results': [{'gender': 'male', 'name': {'title': 'Mr', 'first': 'پارسا', 'last': 'سلطانی نژاد'}, 'location': {'street': {'number': 6499, 'name': 'میدان جمهوری'}, 'city': 'پاکدشت', 'state': 'قزوین', '...</msg>
<var>${json_data}</var>
<arg>${response.json()}</arg>
<doc>Returns the given values which can then be assigned to a variables.</doc>
<status status="PASS" start="2024-05-31T04:18:57.176420" elapsed="0.000595"/>
</kw>
<kw name="Log" owner="BuiltIn">
<msg time="2024-05-31T04:18:57.177477" level="INFO">{'results': [{'gender': 'male', 'name': {'title': 'Mr', 'first': 'پارسا', 'last': 'سلطانی نژاد'}, 'location': {'street': {'number': 6499, 'name': 'میدان جمهوری'}, 'city': 'پاکدشت', 'state': 'قزوین', 'country': 'Iran', 'postcode': 16993, 'coordinates': {'latitude': '20.8426', 'longitude': '-74.1106'}, 'timezone': {'offset': '+4:00', 'description': 'Abu Dhabi, Muscat, Baku, Tbilisi'}}, 'email': 'prs.sltnynjd@example.com', 'login': {'uuid': 'e59abd81-2b1c-49ba-8b0e-61e8848fe70c', 'username': 'angrytiger465', 'password': 'porkchop', 'salt': 'kSdWLUPt', 'md5': '9b839be97a680112da5fc23e7849545f', 'sha1': 'e9629e515d58c5b77b3e09663ec9511fc365af08', 'sha256': '38fa1124827a716f95687cbfb83574c0542252de061927c9cf884ef6295eb595'}, 'dob': {'date': '1948-05-11T22:46:52.933Z', 'age': 76}, 'registered': {'date': '2020-10-23T14:11:55.087Z', 'age': 3}, 'phone': '052-59940765', 'cell': '0983-549-2486', 'id': {'name': '', 'value': None}, 'picture': {'large': 'https://randomuser.me/api/portraits/men/53.jpg', 'medium': 'https://randomuser.me/api/portraits/med/men/53.jpg', 'thumbnail': 'https://randomuser.me/api/portraits/thumb/men/53.jpg'}, 'nat': 'IR'}], 'info': {'seed': '834801f53358075d', 'results': 1, 'page': 1, 'version': '1.4'}}</msg>
<arg>${json_data}</arg>
<doc>Logs the given message with the given level.</doc>
<status status="PASS" start="2024-05-31T04:18:57.177321" elapsed="0.000237"/>
</kw>
<kw name="Should Be Equal As Numbers" owner="BuiltIn">
<arg>${json_data['results'][0]['location']['postcode']}</arg>
<arg>${json_data['results'][0]['location']['postcode']}</arg>
<doc>Fails if objects are unequal after converting them to real numbers.</doc>
<status status="PASS" start="2024-05-31T04:18:57.177856" elapsed="0.000728"/>
</kw>
<kw name="Log" owner="BuiltIn">
<msg time="2024-05-31T04:18:57.179134" level="INFO">16993</msg>
<arg>${json_data['results'][0]['location']['postcode']}</arg>
<doc>Logs the given message with the given level.</doc>
<status status="PASS" start="2024-05-31T04:18:57.178802" elapsed="0.000372"/>
</kw>
<status status="PASS" start="2024-05-31T04:18:57.071614" elapsed="0.107805"/>
</kw>
<doc>Testa se os tipos de dados na resposta da API estão corretos.</doc>
<tag>testeTiposDados</tag>
<status status="PASS" start="2024-05-31T04:18:56.956611" elapsed="0.222962"/>
</test>
<test id="s1-s1-t5" name="Validar conteudo" line="35">
<kw name="Teste de Tipos de Conteudo" owner="random-user-service">
<kw name="GET On Session" owner="RequestsLibrary">
<msg time="2024-05-31T04:18:57.277337" level="INFO">GET Request : url=https://randomuser.me/api 
 path_url=/api 
 headers={'User-Agent': 'python-requests/2.32.3', 'Accept-Encoding': 'gzip, deflate', 'Accept': '*/*', 'Connection': 'keep-alive'} 
 body=None 
 </msg>
<msg time="2024-05-31T04:18:57.277412" level="INFO">GET Response : url=https://randomuser.me/api 
 status=200, reason=OK 
 headers={'Date': 'Fri, 31 May 2024 04:18:57 GMT', 'Content-Type': 'application/json; charset=utf-8', 'Transfer-Encoding': 'chunked', 'Connection': 'keep-alive', 'X-Powered-By': 'Express', 'Access-Control-Allow-Origin': '*', 'Cache-Control': 'no-cache', 'ETag': 'W/"47e-jaol385ZzAw24jXqDyvFbhE2pEY"', 'Vary': 'Accept-Encoding', 'Content-Encoding': 'gzip', 'CF-Cache-Status': 'DYNAMIC', 'Report-To': '{"endpoints":[{"url":"https:\\/\\/a.nel.cloudflare.com\\/report\\/v4?s=%2FoT1JMmHDBHEhFHLpdOyPaXEVNqWqCMZdl77q8vw1LeCsvbEp7l7B1G28ERKL%2BaKxdtUKZ9I7f%2FqAM9PKpjc1OqqekKR1dnFroRIqbwnFl7%2BpT9i5AU%2Fyt0I2p0JWVTC"}],"group":"cf-nel","max_age":604800}', 'NEL': '{"success_fraction":0,"report_to":"cf-nel","max_age":604800}', 'Server': 'cloudflare', 'CF-RAY': '88c429b36ba683fd-LAX', 'alt-svc': 'h3=":443"; ma=86400'} 
 body={"results":[{"gender":"male","name":{"title":"Mr","first":"Leslie","last":"Turner"},"location":{"street":{"number":185,"name":"Cackson St"},"city":"Tallahassee","state":"Illinois","country":"United States","postcode":20925,"coordinates":{"latitude":"89.1716","longitude":"-47.1405"},"timezone":{"offset":"-10:00","description":"Hawaii"}},"email":"leslie.turner@example.com","login":{"uuid":"9e101e41-3f2e-4cea-b6f6-ed87c28dde6a","username":"yellowgorilla905","password":"genesis1","salt":"o7j4V3NB","md5":"9fb3bc8d80654d3d92992dca8e58424b","sha1":"cba1c96ffd45e49bed100e53922e1e1ccb6439a3","sha256":"2a8bfef2847105b5878e27f06ba2a9f74a76e36cb8c4015fcb6b3decff61bd07"},"dob":{"date":"1991-11-01T22:09:56.491Z","age":32},"registered":{"date":"2012-07-31T05:37:31.099Z","age":11},"phone":"(815) 889-4659","cell":"(354) 581-8924","id":{"name":"SSN","value":"463-60-6207"},"picture":{"large":"https://randomuser.me/api/portraits/men/43.jpg","medium":"https://randomuser.me/api/portraits/med/men/43.jpg","thumbnail":"https://randomuser.me/api/portraits/thumb/men/43.jpg"},"nat":"US"}],"info":{"seed":"e1fe2d67d9681ffb","results":1,"page":1,"version":"1.4"}} 
 </msg>
<msg time="2024-05-31T04:18:57.277476" level="INFO">/opt/hostedtoolcache/Python/3.12.3/x64/lib/python3.12/site-packages/urllib3/connectionpool.py:1103: InsecureRequestWarning: Unverified HTTPS request is being made to host 'randomuser.me'. Adding certificate verification is strongly advised. See: https://urllib3.readthedocs.io/en/latest/advanced-usage.html#tls-warnings
  warnings.warn(</msg>
<msg time="2024-05-31T04:18:57.277594" level="INFO">${response} = &lt;Response [200]&gt;</msg>
<var>${response}</var>
<arg>consultarAPI</arg>
<arg>/api</arg>
<doc>Sends a GET request on a previously created HTTP Session.</doc>
<status status="PASS" start="2024-05-31T04:18:57.182014" elapsed="0.095625"/>
</kw>
<kw name="Set Variable" owner="BuiltIn">
<msg time="2024-05-31T04:18:57.278632" level="INFO">${json_data} = {'results': [{'gender': 'male', 'name': {'title': 'Mr', 'first': 'Leslie', 'last': 'Turner'}, 'location': {'street': {'number': 185, 'name': 'Cackson St'}, 'city': 'Tallahassee', 'state': 'Illinois', ...</msg>
<var>${json_data}</var>
<arg>${response.json()}</arg>
<doc>Returns the given values which can then be assigned to a variables.</doc>
<status status="PASS" start="2024-05-31T04:18:57.278091" elapsed="0.000569"/>
</kw>
<kw name="Set Variable" owner="BuiltIn">
<msg time="2024-05-31T04:18:57.279343" level="INFO">${name_title} = Mr</msg>
<var>${name_title}</var>
<arg>${json_data["results"][0]["name"]["title"]}</arg>
<doc>Returns the given values which can then be assigned to a variables.</doc>
<status status="PASS" start="2024-05-31T04:18:57.278963" elapsed="0.000405"/>
</kw>
<kw name="Create List" owner="BuiltIn">
<msg time="2024-05-31T04:18:57.279811" level="INFO">${allowed_titles} = ['Mr', 'Ms', 'Miss', 'Mrs', 'Madame', 'Monsieur']</msg>
<var>${allowed_titles}</var>
<arg>Mr</arg>
<arg>Ms</arg>
<arg>Miss</arg>
<arg>Mrs</arg>
<arg>Madame</arg>
<arg>Monsieur</arg>
<doc>Returns a list containing given items.</doc>
<status status="PASS" start="2024-05-31T04:18:57.279663" elapsed="0.000171"/>
</kw>
<kw name="List Should Contain Value" owner="Collections">
<msg time="2024-05-31T04:18:57.280335" level="INFO">False</msg>
<arg>${allowed_titles}</arg>
<arg>${name_title}</arg>
<doc>Fails if the ``value`` is not found from ``list``.</doc>
<status status="PASS" start="2024-05-31T04:18:57.280137" elapsed="0.000241"/>
</kw>
<kw name="Set Variable" owner="BuiltIn">
<msg time="2024-05-31T04:18:57.281051" level="INFO">${name_country} = US</msg>
<var>${name_country}</var>
<arg>${json_data["results"][0]["nat"]}</arg>
<doc>Returns the given values which can then be assigned to a variables.</doc>
<status status="PASS" start="2024-05-31T04:18:57.280679" elapsed="0.000397"/>
</kw>
<kw name="Create List" owner="BuiltIn">
<msg time="2024-05-31T04:18:57.281971" level="INFO">${list_country} = ['AD', 'AE', 'AF', 'AG', 'AI', 'AL', 'AM', 'AO', 'AQ', 'AR', 'AS', 'AT', 'AU', 'AW', 'AX', 'AZ', 'BA', 'BB', 'BD', 'BE', 'BF', 'BG', 'BH', 'BI', 'BJ', 'BL', 'BM', 'BN', 'BO', 'BQ', 'BR', 'BS', 'BT', '...</msg>
<var>${list_country}</var>
<arg>AD</arg>
<arg>AE</arg>
<arg>AF</arg>
<arg>AG</arg>
<arg>AI</arg>
<arg>AL</arg>
<arg>AM</arg>
<arg>AO</arg>
<arg>AQ</arg>
<arg>AR</arg>
<arg>AS</arg>
<arg>AT</arg>
<arg>AU</arg>
<arg>AW</arg>
<arg>AX</arg>
<arg>AZ</arg>
<arg>BA</arg>
<arg>BB</arg>
<arg>BD</arg>
<arg>BE</arg>
<arg>BF</arg>
<arg>BG</arg>
<arg>BH</arg>
<arg>BI</arg>
<arg>BJ</arg>
<arg>BL</arg>
<arg>BM</arg>
<arg>BN</arg>
<arg>BO</arg>
<arg>BQ</arg>
<arg>BR</arg>
<arg>BS</arg>
<arg>BT</arg>
<arg>BV</arg>
<arg>BW</arg>
<arg>BY</arg>
<arg>BZ</arg>
<arg>CA</arg>
<arg>CC</arg>
<arg>CD</arg>
<arg>CF</arg>
<arg>CG</arg>
<arg>CH</arg>
<arg>CI</arg>
<arg>CK</arg>
<arg>CL</arg>
<arg>CM</arg>
<arg>CN</arg>
<arg>CO</arg>
<arg>CR</arg>
<arg>CU</arg>
<arg>CV</arg>
<arg>CW</arg>
<arg>CX</arg>
<arg>CY</arg>
<arg>CZ</arg>
<arg>DE</arg>
<arg>DJ</arg>
<arg>DK</arg>
<arg>DM</arg>
<arg>DO</arg>
<arg>DZ</arg>
<arg>EC</arg>
<arg>EE</arg>
<arg>EG</arg>
<arg>EH</arg>
<arg>ER</arg>
<arg>ES</arg>
<arg>ET</arg>
<arg>FI</arg>
<arg>FJ</arg>
<arg>FK</arg>
<arg>FM</arg>
<arg>FO</arg>
<arg>FR</arg>
<arg>GA</arg>
<arg>GB</arg>
<arg>GD</arg>
<arg>GE</arg>
<arg>GF</arg>
<arg>GG</arg>
<arg>GH</arg>
<arg>GI</arg>
<arg>GL</arg>
<arg>GM</arg>
<arg>GN</arg>
<arg>GP</arg>
<arg>GQ</arg>
<arg>GR</arg>
<arg>GS</arg>
<arg>GT</arg>
<arg>GU</arg>
<arg>GW</arg>
<arg>GY</arg>
<arg>HK</arg>
<arg>HM</arg>
<arg>HN</arg>
<arg>HR</arg>
<arg>HT</arg>
<arg>HU</arg>
<arg>ID</arg>
<arg>IE</arg>
<arg>IL</arg>
<arg>IM</arg>
<arg>IN</arg>
<arg>IO</arg>
<arg>IQ</arg>
<arg>IR</arg>
<arg>IS</arg>
<arg>IT</arg>
<arg>JE</arg>
<arg>JM</arg>
<arg>JO</arg>
<arg>JP</arg>
<arg>KE</arg>
<arg>KG</arg>
<arg>KH</arg>
<arg>KI</arg>
<arg>KM</arg>
<arg>KN</arg>
<arg>KP</arg>
<arg>KR</arg>
<arg>KW</arg>
<arg>KY</arg>
<arg>KZ</arg>
<arg>LA</arg>
<arg>LB</arg>
<arg>LC</arg>
<arg>LI</arg>
<arg>LK</arg>
<arg>LR</arg>
<arg>LS</arg>
<arg>LT</arg>
<arg>LU</arg>
<arg>LV</arg>
<arg>LY</arg>
<arg>MA</arg>
<arg>MC</arg>
<arg>MD</arg>
<arg>ME</arg>
<arg>MF</arg>
<arg>MG</arg>
<arg>MH</arg>
<arg>MK</arg>
<arg>ML</arg>
<arg>MM</arg>
<arg>MN</arg>
<arg>MO</arg>
<arg>MP</arg>
<arg>MQ</arg>
<arg>MR</arg>
<arg>MS</arg>
<arg>MT</arg>
<arg>MU</arg>
<arg>MV</arg>
<arg>MW</arg>
<arg>MX</arg>
<arg>MY</arg>
<arg>MZ</arg>
<arg>NA</arg>
<arg>NC</arg>
<arg>NE</arg>
<arg>NF</arg>
<arg>NG</arg>
<arg>NI</arg>
<arg>NL</arg>
<arg>NO</arg>
<arg>NP</arg>
<arg>NR</arg>
<arg>NU</arg>
<arg>NZ</arg>
<arg>OM</arg>
<arg>PA</arg>
<arg>PE</arg>
<arg>PF</arg>
<arg>PG</arg>
<arg>PH</arg>
<arg>PK</arg>
<arg>PL</arg>
<arg>PM</arg>
<arg>PN</arg>
<arg>PR</arg>
<arg>PS</arg>
<arg>PT</arg>
<arg>PW</arg>
<arg>PY</arg>
<arg>QA</arg>
<arg>RE</arg>
<arg>RO</arg>
<arg>RS</arg>
<arg>RU</arg>
<arg>RW</arg>
<arg>SA</arg>
<arg>SB</arg>
<arg>SC</arg>
<arg>SD</arg>
<arg>SE</arg>
<arg>SG</arg>
<arg>SH</arg>
<arg>SI</arg>
<arg>SJ</arg>
<arg>SK</arg>
<arg>SL</arg>
<arg>SM</arg>
<arg>SN</arg>
<arg>SO</arg>
<arg>SR</arg>
<arg>SS</arg>
<arg>ST</arg>
<arg>SV</arg>
<arg>SX</arg>
<arg>SY</arg>
<arg>SZ</arg>
<arg>TC</arg>
<arg>TD</arg>
<arg>TF</arg>
<arg>TG</arg>
<arg>TH</arg>
<arg>TJ</arg>
<arg>TK</arg>
<arg>TL</arg>
<arg>TM</arg>
<arg>TN</arg>
<arg>TO</arg>
<arg>TR</arg>
<arg>TT</arg>
<arg>TV</arg>
<arg>TW</arg>
<arg>TZ</arg>
<arg>UA</arg>
<arg>UG</arg>
<arg>UM</arg>
<arg>US</arg>
<arg>UY</arg>
<arg>UZ</arg>
<arg>VA</arg>
<arg>VC</arg>
<arg>VE</arg>
<arg>VG</arg>
<arg>VI</arg>
<arg>VN</arg>
<arg>VU</arg>
<arg>WF</arg>
<arg>WS</arg>
<arg>XK</arg>
<arg>YE</arg>
<arg>YT</arg>
<arg>ZA</arg>
<arg>ZM</arg>
<arg>ZW</arg>
<doc>Returns a list containing given items.</doc>
<status status="PASS" start="2024-05-31T04:18:57.281376" elapsed="0.000620"/>
</kw>
<kw name="List Should Contain Value" owner="Collections">
<msg time="2024-05-31T04:18:57.282984" level="INFO">False</msg>
<arg>${list_country}</arg>
<arg>${name_country}</arg>
<doc>Fails if the ``value`` is not found from ``list``.</doc>
<status status="PASS" start="2024-05-31T04:18:57.282776" elapsed="0.000249"/>
</kw>
<kw name="Run Keyword If" owner="BuiltIn">
<kw name="Should Be True" owner="BuiltIn">
<arg>${True}</arg>
<doc>Fails if the given condition is not true.</doc>
<status status="PASS" start="2024-05-31T04:18:57.284063" elapsed="0.000140"/>
</kw>
<arg>${json_data["results"][0]["location"]["coordinates"]["latitude"]} &gt;= -90 and ${json_data["results"][0]["location"]["coordinates"]["latitude"]} &lt;= 90</arg>
<arg>Should Be True</arg>
<arg>${True}</arg>
<doc>Runs the given keyword with the given arguments, if ``condition`` is true.</doc>
<status status="PASS" start="2024-05-31T04:18:57.283331" elapsed="0.001032"/>
</kw>
<kw name="Run Keyword If" owner="BuiltIn">
<kw name="Should Be True" owner="BuiltIn">
<arg>${True}</arg>
<doc>Fails if the given condition is not true.</doc>
<status status="PASS" start="2024-05-31T04:18:57.285249" elapsed="0.000238"/>
</kw>
<arg>${json_data["results"][0]["location"]["coordinates"]["longitude"]} &gt;= -180 and ${json_data["results"][0]["location"]["coordinates"]["longitude"]} &lt;= 180</arg>
<arg>Should Be True</arg>
<arg>${True}</arg>
<doc>Runs the given keyword with the given arguments, if ``condition`` is true.</doc>
<status status="PASS" start="2024-05-31T04:18:57.284559" elapsed="0.001054"/>
</kw>
<status status="PASS" start="2024-05-31T04:18:57.181799" elapsed="0.103943"/>
</kw>
<doc>Testa o conteúdo específico dos campos retornados pela API.</doc>
<tag>testeConteudo</tag>
<status status="PASS" start="2024-05-31T04:18:57.181297" elapsed="0.104587"/>
</test>
<status status="PASS" start="2024-05-31T04:18:56.330747" elapsed="0.957038"/>
</suite>
<status status="PASS" start="2024-05-31T04:18:56.317296" elapsed="0.975659"/>
</suite>
<statistics>
<total>
<stat pass="5" fail="0" skip="0">All Tests</stat>
</total>
<tag>
<stat pass="1" fail="0" skip="0">testeConteudo</stat>
<stat pass="1" fail="0" skip="0">testeEstruturaResposta</stat>
<stat pass="1" fail="0" skip="0">testeRequisicaoBasica</stat>
<stat pass="1" fail="0" skip="0">testeTiposDados</stat>
</tag>
<suite>
<stat pass="5" fail="0" skip="0" id="s1" name="Tests">Tests</stat>
<stat pass="5" fail="0" skip="0" id="s1-s1" name="Random-User-Test">Tests.Random-User-Test</stat>
</suite>
</statistics>
<errors>
</errors>
</robot>
