<?xml version="1.0" encoding="UTF-8"?>
<robot generator="Robot 7.0 (Python 3.12.3 on linux)" generated="2024-05-23T14:13:37.797007" rpa="false" schemaversion="5">
<suite id="s1" name="Tests" source="/home/runner/work/DesafioQAItauRogerioJordao/DesafioQAItauRogerioJordao/RamdonUser/tests">
<suite id="s1-s1" name="Random-User-Test" source="/home/runner/work/DesafioQAItauRogerioJordao/DesafioQAItauRogerioJordao/RamdonUser/tests/random-user-test.robot">
<test id="s1-s1-t1" name="Conectar" line="13">
<kw name="Conectar API" owner="random-user-service">
<kw name="Create Session" owner="RequestsLibrary">
<msg time="2024-05-23T14:13:38.179911" level="INFO">Creating Session using : alias=consultarAPI, url=https://randomuser.me/, headers={},                     cookies={}, auth=None, timeout=None, proxies=None, verify=False,                     debug=0 </msg>
<arg>consultarAPI</arg>
<arg>${URL}</arg>
<doc>Create Session: create a HTTP session to a server</doc>
<status status="PASS" start="2024-05-23T14:13:38.179708" elapsed="0.000381"/>
</kw>
<status status="PASS" start="2024-05-23T14:13:38.178634" elapsed="0.001811"/>
</kw>
<status status="PASS" start="2024-05-23T14:13:38.178119" elapsed="0.002526"/>
</test>
<test id="s1-s1-t2" name="Validar retorno 200 e JSON Válido" line="16">
<kw name="Teste de Requisicao Basica" owner="random-user-service">
<kw name="GET On Session" owner="RequestsLibrary">
<msg time="2024-05-23T14:13:38.303597" level="INFO">GET Request : url=https://randomuser.me/api 
 path_url=/api 
 headers={'User-Agent': 'python-requests/2.32.2', 'Accept-Encoding': 'gzip, deflate', 'Accept': '*/*', 'Connection': 'keep-alive'} 
 body=None 
 </msg>
<msg time="2024-05-23T14:13:38.303756" level="INFO">GET Response : url=https://randomuser.me/api 
 status=200, reason=OK 
 headers={'Date': 'Thu, 23 May 2024 14:13:38 GMT', 'Content-Type': 'application/json; charset=utf-8', 'Transfer-Encoding': 'chunked', 'Connection': 'keep-alive', 'X-Powered-By': 'Express', 'Access-Control-Allow-Origin': '*', 'Cache-Control': 'no-cache', 'ETag': 'W/"490-hEywvdmkezaqsaLVQCbIYRCmPsU"', 'Vary': 'Accept-Encoding', 'Content-Encoding': 'gzip', 'CF-Cache-Status': 'DYNAMIC', 'Report-To': '{"endpoints":[{"url":"https:\\/\\/a.nel.cloudflare.com\\/report\\/v4?s=tTr%2FYs1Hp7BzmZxIt6yuTdoNAquITSE9brxIHUrYrmSZfe5kRtKO9Ni%2BHdkUVJmNqGfSOTEEb8Ias0t74NUF%2FHPJFKDLSW4hpVT1K7bQ%2BBu4WkWzEQxhcNmpe6ozWAv%2F"}],"group":"cf-nel","max_age":604800}', 'NEL': '{"success_fraction":0,"report_to":"cf-nel","max_age":604800}', 'Server': 'cloudflare', 'CF-RAY': '8885a5d1dd9b2548-SJC', 'alt-svc': 'h3=":443"; ma=86400'} 
 body={"results":[{"gender":"female","name":{"title":"Mrs","first":"Ülkü","last":"Akman"},"location":{"street":{"number":3369,"name":"Talak Göktepe Cd"},"city":"Yalova","state":"Adıyaman","country":"Turkey","postcode":53155,"coordinates":{"latitude":"71.0181","longitude":"130.1387"},"timezone":{"offset":"-6:00","description":"Central Time (US &amp; Canada), Mexico City"}},"email":"ulku.akman@example.com","login":{"uuid":"d18354f0-79da-45a0-8a97-5a382555d03e","username":"heavyfrog690","password":"meridian","salt":"MZPvPabN","md5":"3b7a8da190479029ad70cb4e3ac6475c","sha1":"fd1ae074198c6ef5e1efefdab3eb6873f67ba3eb","sha256":"8d7f4d67e11452ea6c0732c1cf32fc5f16363831dac9e1bf2bb8e39e576eb264"},"dob":{"date":"1956-10-25T16:50:20.967Z","age":67},"registered":{"date":"2013-07-14T00:17:03.123Z","age":10},"phone":"(333)-802-8512","cell":"(160)-629-2885","id":{"name":"","value":null},"picture":{"large":"https://randomuser.me/api/portraits/women/13.jpg","medium":"https://randomuser.me/api/portraits/med/women/13.jpg","thumbnail":"https://randomuser.me/api/portraits/thumb/women/13.jpg"},"nat":"TR"}],"info":{"seed":"f6adb3639e385938","results":1,"page":1,"version":"1.4"}} 
 </msg>
<msg time="2024-05-23T14:13:38.303850" level="INFO">/opt/hostedtoolcache/Python/3.12.3/x64/lib/python3.12/site-packages/urllib3/connectionpool.py:1103: InsecureRequestWarning: Unverified HTTPS request is being made to host 'randomuser.me'. Adding certificate verification is strongly advised. See: https://urllib3.readthedocs.io/en/latest/advanced-usage.html#tls-warnings
  warnings.warn(</msg>
<msg time="2024-05-23T14:13:38.303958" level="INFO">${response} = &lt;Response [200]&gt;</msg>
<var>${response}</var>
<arg>consultarAPI</arg>
<arg>/api</arg>
<doc>Sends a GET request on a previously created HTTP Session.</doc>
<status status="PASS" start="2024-05-23T14:13:38.183203" elapsed="0.120795"/>
</kw>
<kw name="Should Be Equal As Numbers" owner="BuiltIn">
<msg time="2024-05-23T14:13:38.304853" level="INFO">Argument types are:
&lt;class 'int'&gt;
&lt;class 'str'&gt;</msg>
<arg>${response.status_code}</arg>
<arg>200</arg>
<doc>Fails if objects are unequal after converting them to real numbers.</doc>
<status status="PASS" start="2024-05-23T14:13:38.304435" elapsed="0.000481"/>
</kw>
<kw name="Log" owner="BuiltIn">
<msg time="2024-05-23T14:13:38.305608" level="INFO">200</msg>
<arg>${response.status_code}</arg>
<doc>Logs the given message with the given level.</doc>
<status status="PASS" start="2024-05-23T14:13:38.305259" elapsed="0.000396"/>
</kw>
<kw name="Set Variable" owner="BuiltIn">
<msg time="2024-05-23T14:13:38.306404" level="INFO">${json_data} = {'results': [{'gender': 'female', 'name': {'title': 'Mrs', 'first': 'Ülkü', 'last': 'Akman'}, 'location': {'street': {'number': 3369, 'name': 'Talak Göktepe Cd'}, 'city': 'Yalova', 'state': 'Adıyaman'...</msg>
<var>${json_data}</var>
<arg>${response.json()}</arg>
<doc>Returns the given values which can then be assigned to a variables.</doc>
<status status="PASS" start="2024-05-23T14:13:38.305961" elapsed="0.000473"/>
</kw>
<kw name="Dictionary Should Contain Key" owner="Collections">
<msg time="2024-05-23T14:13:38.306904" level="INFO">False</msg>
<arg>${json_data}</arg>
<arg>results</arg>
<doc>Fails if ``key`` is not found from ``dictionary``.</doc>
<status status="PASS" start="2024-05-23T14:13:38.306736" elapsed="0.000343"/>
</kw>
<status status="PASS" start="2024-05-23T14:13:38.182957" elapsed="0.124383"/>
</kw>
<doc>Testa se a API responde corretamente e retorna um objeto JSON válido.</doc>
<tag>testeRequisicaoBasica</tag>
<status status="PASS" start="2024-05-23T14:13:38.182516" elapsed="0.125036"/>
</test>
<test id="s1-s1-t3" name="Validar estrutura de resposta" line="22">
<kw name="Teste de Estrutura de Resposta" owner="random-user-service">
<kw name="GET On Session" owner="RequestsLibrary">
<msg time="2024-05-23T14:13:38.416260" level="INFO">GET Request : url=https://randomuser.me/api 
 path_url=/api 
 headers={'User-Agent': 'python-requests/2.32.2', 'Accept-Encoding': 'gzip, deflate', 'Accept': '*/*', 'Connection': 'keep-alive'} 
 body=None 
 </msg>
<msg time="2024-05-23T14:13:38.416354" level="INFO">GET Response : url=https://randomuser.me/api 
 status=200, reason=OK 
 headers={'Date': 'Thu, 23 May 2024 14:13:38 GMT', 'Content-Type': 'application/json; charset=utf-8', 'Transfer-Encoding': 'chunked', 'Connection': 'keep-alive', 'X-Powered-By': 'Express', 'Access-Control-Allow-Origin': '*', 'Cache-Control': 'no-cache', 'ETag': 'W/"481-4gWmzlkYFLK5hNzNbYfFZJPm5jg"', 'Vary': 'Accept-Encoding', 'Content-Encoding': 'gzip', 'CF-Cache-Status': 'DYNAMIC', 'Report-To': '{"endpoints":[{"url":"https:\\/\\/a.nel.cloudflare.com\\/report\\/v4?s=3E%2FT9qTLLeS6rp7CQutmvyb4pNBWHlJBiCslYfwm4xkXEAS%2BRR60lfPqIjVQbYcvH36vM9szXwBVg4uonsMf0hcrOe3%2BvVoBbOOAJ9PDxRh%2BrVrtovuaJpt1weUeobx5"}],"group":"cf-nel","max_age":604800}', 'NEL': '{"success_fraction":0,"report_to":"cf-nel","max_age":604800}', 'Server': 'cloudflare', 'CF-RAY': '8885a5d27de92548-SJC', 'alt-svc': 'h3=":443"; ma=86400'} 
 body={"results":[{"gender":"male","name":{"title":"Mr","first":"Blake","last":"Gauthier"},"location":{"street":{"number":9993,"name":"Charles St"},"city":"Delta","state":"Saskatchewan","country":"Canada","postcode":"I4D 1J2","coordinates":{"latitude":"-65.2449","longitude":"-134.9037"},"timezone":{"offset":"-11:00","description":"Midway Island, Samoa"}},"email":"blake.gauthier@example.com","login":{"uuid":"250f44eb-bcd8-4d02-b19d-6cd612d21b7e","username":"purplesnake462","password":"andrew","salt":"RU2HZalC","md5":"b5a49ed3622a2d69628b8c6ff6d7fc70","sha1":"f25747c40ee34d4f594c543cc46618fa353c7626","sha256":"0a8e0ae09897899e338bd26969e2e75e923660fd3dce77b6f0a00dc4caae5361"},"dob":{"date":"1989-05-06T23:40:55.373Z","age":35},"registered":{"date":"2019-06-23T05:14:48.183Z","age":4},"phone":"B18 E06-4918","cell":"K34 H72-6733","id":{"name":"SIN","value":"043605708"},"picture":{"large":"https://randomuser.me/api/portraits/men/40.jpg","medium":"https://randomuser.me/api/portraits/med/men/40.jpg","thumbnail":"https://randomuser.me/api/portraits/thumb/men/40.jpg"},"nat":"CA"}],"info":{"seed":"794e4dbe1cde55cf","results":1,"page":1,"version":"1.4"}} 
 </msg>
<msg time="2024-05-23T14:13:38.416481" level="INFO">/opt/hostedtoolcache/Python/3.12.3/x64/lib/python3.12/site-packages/urllib3/connectionpool.py:1103: InsecureRequestWarning: Unverified HTTPS request is being made to host 'randomuser.me'. Adding certificate verification is strongly advised. See: https://urllib3.readthedocs.io/en/latest/advanced-usage.html#tls-warnings
  warnings.warn(</msg>
<msg time="2024-05-23T14:13:38.416612" level="INFO">${response} = &lt;Response [200]&gt;</msg>
<var>${response}</var>
<arg>consultarAPI</arg>
<arg>/api</arg>
<doc>Sends a GET request on a previously created HTTP Session.</doc>
<status status="PASS" start="2024-05-23T14:13:38.310221" elapsed="0.106438"/>
</kw>
<kw name="Set Variable" owner="BuiltIn">
<msg time="2024-05-23T14:13:38.417611" level="INFO">${json_data} = {'results': [{'gender': 'male', 'name': {'title': 'Mr', 'first': 'Blake', 'last': 'Gauthier'}, 'location': {'street': {'number': 9993, 'name': 'Charles St'}, 'city': 'Delta', 'state': 'Saskatchewan', ...</msg>
<var>${json_data}</var>
<arg>${response.json()}</arg>
<doc>Returns the given values which can then be assigned to a variables.</doc>
<status status="PASS" start="2024-05-23T14:13:38.417118" elapsed="0.000522"/>
</kw>
<kw name="Log" owner="BuiltIn">
<msg time="2024-05-23T14:13:38.418120" level="INFO">{'results': [{'gender': 'male', 'name': {'title': 'Mr', 'first': 'Blake', 'last': 'Gauthier'}, 'location': {'street': {'number': 9993, 'name': 'Charles St'}, 'city': 'Delta', 'state': 'Saskatchewan', 'country': 'Canada', 'postcode': 'I4D 1J2', 'coordinates': {'latitude': '-65.2449', 'longitude': '-134.9037'}, 'timezone': {'offset': '-11:00', 'description': 'Midway Island, Samoa'}}, 'email': 'blake.gauthier@example.com', 'login': {'uuid': '250f44eb-bcd8-4d02-b19d-6cd612d21b7e', 'username': 'purplesnake462', 'password': 'andrew', 'salt': 'RU2HZalC', 'md5': 'b5a49ed3622a2d69628b8c6ff6d7fc70', 'sha1': 'f25747c40ee34d4f594c543cc46618fa353c7626', 'sha256': '0a8e0ae09897899e338bd26969e2e75e923660fd3dce77b6f0a00dc4caae5361'}, 'dob': {'date': '1989-05-06T23:40:55.373Z', 'age': 35}, 'registered': {'date': '2019-06-23T05:14:48.183Z', 'age': 4}, 'phone': 'B18 E06-4918', 'cell': 'K34 H72-6733', 'id': {'name': 'SIN', 'value': '043605708'}, 'picture': {'large': 'https://randomuser.me/api/portraits/men/40.jpg', 'medium': 'https://randomuser.me/api/portraits/med/men/40.jpg', 'thumbnail': 'https://randomuser.me/api/portraits/thumb/men/40.jpg'}, 'nat': 'CA'}], 'info': {'seed': '794e4dbe1cde55cf', 'results': 1, 'page': 1, 'version': '1.4'}}</msg>
<arg>${json_data}</arg>
<doc>Logs the given message with the given level.</doc>
<status status="PASS" start="2024-05-23T14:13:38.417961" elapsed="0.000206"/>
</kw>
<kw name="Dictionary Should Contain Key" owner="Collections">
<msg time="2024-05-23T14:13:38.418613" level="INFO">False</msg>
<arg>${json_data}</arg>
<arg>results</arg>
<doc>Fails if ``key`` is not found from ``dictionary``.</doc>
<status status="PASS" start="2024-05-23T14:13:38.418460" elapsed="0.000189"/>
</kw>
<kw name="Should Not Be Empty" owner="BuiltIn">
<msg time="2024-05-23T14:13:38.419085" level="INFO">Length is 2.</msg>
<arg>${json_data}</arg>
<doc>Verifies that the given item is not empty.</doc>
<status status="PASS" start="2024-05-23T14:13:38.418948" elapsed="0.000175"/>
</kw>
<kw name="Create List" owner="BuiltIn">
<msg time="2024-05-23T14:13:38.419620" level="INFO">${expected_keys} = ['gender', 'name', 'location', 'email', 'login']</msg>
<var>${expected_keys}</var>
<arg>gender</arg>
<arg>name</arg>
<arg>location</arg>
<arg>email</arg>
<arg>login</arg>
<doc>Returns a list containing given items.</doc>
<status status="PASS" start="2024-05-23T14:13:38.419444" elapsed="0.000201"/>
</kw>
<for flavor="IN">
<iter>
<kw name="Dictionary Should Contain Key" owner="Collections">
<msg time="2024-05-23T14:13:38.420650" level="INFO">False</msg>
<arg>${json_data['results'][0]}</arg>
<arg>${key}</arg>
<doc>Fails if ``key`` is not found from ``dictionary``.</doc>
<status status="PASS" start="2024-05-23T14:13:38.420248" elapsed="0.000445"/>
</kw>
<kw name="Log" owner="BuiltIn">
<msg time="2024-05-23T14:13:38.421365" level="INFO">{'gender': 'male', 'name': {'title': 'Mr', 'first': 'Blake', 'last': 'Gauthier'}, 'location': {'street': {'number': 9993, 'name': 'Charles St'}, 'city': 'Delta', 'state': 'Saskatchewan', 'country': 'Canada', 'postcode': 'I4D 1J2', 'coordinates': {'latitude': '-65.2449', 'longitude': '-134.9037'}, 'timezone': {'offset': '-11:00', 'description': 'Midway Island, Samoa'}}, 'email': 'blake.gauthier@example.com', 'login': {'uuid': '250f44eb-bcd8-4d02-b19d-6cd612d21b7e', 'username': 'purplesnake462', 'password': 'andrew', 'salt': 'RU2HZalC', 'md5': 'b5a49ed3622a2d69628b8c6ff6d7fc70', 'sha1': 'f25747c40ee34d4f594c543cc46618fa353c7626', 'sha256': '0a8e0ae09897899e338bd26969e2e75e923660fd3dce77b6f0a00dc4caae5361'}, 'dob': {'date': '1989-05-06T23:40:55.373Z', 'age': 35}, 'registered': {'date': '2019-06-23T05:14:48.183Z', 'age': 4}, 'phone': 'B18 E06-4918', 'cell': 'K34 H72-6733', 'id': {'name': 'SIN', 'value': '043605708'}, 'picture': {'large': 'https://randomuser.me/api/portraits/men/40.jpg', 'medium': 'https://randomuser.me/api/portraits/med/men/40.jpg', 'thumbnail': 'https://randomuser.me/api/portraits/thumb/men/40.jpg'}, 'nat': 'CA'}</msg>
<arg>${json_data['results'][0]}</arg>
<doc>Logs the given message with the given level.</doc>
<status status="PASS" start="2024-05-23T14:13:38.420993" elapsed="0.000422"/>
</kw>
<kw name="Log" owner="BuiltIn">
<msg time="2024-05-23T14:13:38.421845" level="INFO">gender</msg>
<arg>${key}</arg>
<doc>Logs the given message with the given level.</doc>
<status status="PASS" start="2024-05-23T14:13:38.421716" elapsed="0.000167"/>
</kw>
<var name="${key}">gender</var>
<status status="PASS" start="2024-05-23T14:13:38.420121" elapsed="0.001987"/>
</iter>
<iter>
<kw name="Dictionary Should Contain Key" owner="Collections">
<msg time="2024-05-23T14:13:38.422797" level="INFO">False</msg>
<arg>${json_data['results'][0]}</arg>
<arg>${key}</arg>
<doc>Fails if ``key`` is not found from ``dictionary``.</doc>
<status status="PASS" start="2024-05-23T14:13:38.422412" elapsed="0.000424"/>
</kw>
<kw name="Log" owner="BuiltIn">
<msg time="2024-05-23T14:13:38.423551" level="INFO">{'gender': 'male', 'name': {'title': 'Mr', 'first': 'Blake', 'last': 'Gauthier'}, 'location': {'street': {'number': 9993, 'name': 'Charles St'}, 'city': 'Delta', 'state': 'Saskatchewan', 'country': 'Canada', 'postcode': 'I4D 1J2', 'coordinates': {'latitude': '-65.2449', 'longitude': '-134.9037'}, 'timezone': {'offset': '-11:00', 'description': 'Midway Island, Samoa'}}, 'email': 'blake.gauthier@example.com', 'login': {'uuid': '250f44eb-bcd8-4d02-b19d-6cd612d21b7e', 'username': 'purplesnake462', 'password': 'andrew', 'salt': 'RU2HZalC', 'md5': 'b5a49ed3622a2d69628b8c6ff6d7fc70', 'sha1': 'f25747c40ee34d4f594c543cc46618fa353c7626', 'sha256': '0a8e0ae09897899e338bd26969e2e75e923660fd3dce77b6f0a00dc4caae5361'}, 'dob': {'date': '1989-05-06T23:40:55.373Z', 'age': 35}, 'registered': {'date': '2019-06-23T05:14:48.183Z', 'age': 4}, 'phone': 'B18 E06-4918', 'cell': 'K34 H72-6733', 'id': {'name': 'SIN', 'value': '043605708'}, 'picture': {'large': 'https://randomuser.me/api/portraits/men/40.jpg', 'medium': 'https://randomuser.me/api/portraits/med/men/40.jpg', 'thumbnail': 'https://randomuser.me/api/portraits/thumb/men/40.jpg'}, 'nat': 'CA'}</msg>
<arg>${json_data['results'][0]}</arg>
<doc>Logs the given message with the given level.</doc>
<status status="PASS" start="2024-05-23T14:13:38.423161" elapsed="0.000438"/>
</kw>
<kw name="Log" owner="BuiltIn">
<msg time="2024-05-23T14:13:38.424032" level="INFO">name</msg>
<arg>${key}</arg>
<doc>Logs the given message with the given level.</doc>
<status status="PASS" start="2024-05-23T14:13:38.423899" elapsed="0.000171"/>
</kw>
<var name="${key}">name</var>
<status status="PASS" start="2024-05-23T14:13:38.422298" elapsed="0.001987"/>
</iter>
<iter>
<kw name="Dictionary Should Contain Key" owner="Collections">
<msg time="2024-05-23T14:13:38.424953" level="INFO">False</msg>
<arg>${json_data['results'][0]}</arg>
<arg>${key}</arg>
<doc>Fails if ``key`` is not found from ``dictionary``.</doc>
<status status="PASS" start="2024-05-23T14:13:38.424575" elapsed="0.000417"/>
</kw>
<kw name="Log" owner="BuiltIn">
<msg time="2024-05-23T14:13:38.425660" level="INFO">{'gender': 'male', 'name': {'title': 'Mr', 'first': 'Blake', 'last': 'Gauthier'}, 'location': {'street': {'number': 9993, 'name': 'Charles St'}, 'city': 'Delta', 'state': 'Saskatchewan', 'country': 'Canada', 'postcode': 'I4D 1J2', 'coordinates': {'latitude': '-65.2449', 'longitude': '-134.9037'}, 'timezone': {'offset': '-11:00', 'description': 'Midway Island, Samoa'}}, 'email': 'blake.gauthier@example.com', 'login': {'uuid': '250f44eb-bcd8-4d02-b19d-6cd612d21b7e', 'username': 'purplesnake462', 'password': 'andrew', 'salt': 'RU2HZalC', 'md5': 'b5a49ed3622a2d69628b8c6ff6d7fc70', 'sha1': 'f25747c40ee34d4f594c543cc46618fa353c7626', 'sha256': '0a8e0ae09897899e338bd26969e2e75e923660fd3dce77b6f0a00dc4caae5361'}, 'dob': {'date': '1989-05-06T23:40:55.373Z', 'age': 35}, 'registered': {'date': '2019-06-23T05:14:48.183Z', 'age': 4}, 'phone': 'B18 E06-4918', 'cell': 'K34 H72-6733', 'id': {'name': 'SIN', 'value': '043605708'}, 'picture': {'large': 'https://randomuser.me/api/portraits/men/40.jpg', 'medium': 'https://randomuser.me/api/portraits/med/men/40.jpg', 'thumbnail': 'https://randomuser.me/api/portraits/thumb/men/40.jpg'}, 'nat': 'CA'}</msg>
<arg>${json_data['results'][0]}</arg>
<doc>Logs the given message with the given level.</doc>
<status status="PASS" start="2024-05-23T14:13:38.425294" elapsed="0.000415"/>
</kw>
<kw name="Log" owner="BuiltIn">
<msg time="2024-05-23T14:13:38.426127" level="INFO">location</msg>
<arg>${key}</arg>
<doc>Logs the given message with the given level.</doc>
<status status="PASS" start="2024-05-23T14:13:38.426002" elapsed="0.000163"/>
</kw>
<var name="${key}">location</var>
<status status="PASS" start="2024-05-23T14:13:38.424464" elapsed="0.001929"/>
</iter>
<iter>
<kw name="Dictionary Should Contain Key" owner="Collections">
<msg time="2024-05-23T14:13:38.427163" level="INFO">False</msg>
<arg>${json_data['results'][0]}</arg>
<arg>${key}</arg>
<doc>Fails if ``key`` is not found from ``dictionary``.</doc>
<status status="PASS" start="2024-05-23T14:13:38.426677" elapsed="0.000525"/>
</kw>
<kw name="Log" owner="BuiltIn">
<msg time="2024-05-23T14:13:38.427880" level="INFO">{'gender': 'male', 'name': {'title': 'Mr', 'first': 'Blake', 'last': 'Gauthier'}, 'location': {'street': {'number': 9993, 'name': 'Charles St'}, 'city': 'Delta', 'state': 'Saskatchewan', 'country': 'Canada', 'postcode': 'I4D 1J2', 'coordinates': {'latitude': '-65.2449', 'longitude': '-134.9037'}, 'timezone': {'offset': '-11:00', 'description': 'Midway Island, Samoa'}}, 'email': 'blake.gauthier@example.com', 'login': {'uuid': '250f44eb-bcd8-4d02-b19d-6cd612d21b7e', 'username': 'purplesnake462', 'password': 'andrew', 'salt': 'RU2HZalC', 'md5': 'b5a49ed3622a2d69628b8c6ff6d7fc70', 'sha1': 'f25747c40ee34d4f594c543cc46618fa353c7626', 'sha256': '0a8e0ae09897899e338bd26969e2e75e923660fd3dce77b6f0a00dc4caae5361'}, 'dob': {'date': '1989-05-06T23:40:55.373Z', 'age': 35}, 'registered': {'date': '2019-06-23T05:14:48.183Z', 'age': 4}, 'phone': 'B18 E06-4918', 'cell': 'K34 H72-6733', 'id': {'name': 'SIN', 'value': '043605708'}, 'picture': {'large': 'https://randomuser.me/api/portraits/men/40.jpg', 'medium': 'https://randomuser.me/api/portraits/med/men/40.jpg', 'thumbnail': 'https://randomuser.me/api/portraits/thumb/men/40.jpg'}, 'nat': 'CA'}</msg>
<arg>${json_data['results'][0]}</arg>
<doc>Logs the given message with the given level.</doc>
<status status="PASS" start="2024-05-23T14:13:38.427521" elapsed="0.000417"/>
</kw>
<kw name="Log" owner="BuiltIn">
<msg time="2024-05-23T14:13:38.428362" level="INFO">email</msg>
<arg>${key}</arg>
<doc>Logs the given message with the given level.</doc>
<status status="PASS" start="2024-05-23T14:13:38.428235" elapsed="0.000165"/>
</kw>
<var name="${key}">email</var>
<status status="PASS" start="2024-05-23T14:13:38.426567" elapsed="0.002059"/>
</iter>
<iter>
<kw name="Dictionary Should Contain Key" owner="Collections">
<msg time="2024-05-23T14:13:38.429302" level="INFO">False</msg>
<arg>${json_data['results'][0]}</arg>
<arg>${key}</arg>
<doc>Fails if ``key`` is not found from ``dictionary``.</doc>
<status status="PASS" start="2024-05-23T14:13:38.428921" elapsed="0.000419"/>
</kw>
<kw name="Log" owner="BuiltIn">
<msg time="2024-05-23T14:13:38.430003" level="INFO">{'gender': 'male', 'name': {'title': 'Mr', 'first': 'Blake', 'last': 'Gauthier'}, 'location': {'street': {'number': 9993, 'name': 'Charles St'}, 'city': 'Delta', 'state': 'Saskatchewan', 'country': 'Canada', 'postcode': 'I4D 1J2', 'coordinates': {'latitude': '-65.2449', 'longitude': '-134.9037'}, 'timezone': {'offset': '-11:00', 'description': 'Midway Island, Samoa'}}, 'email': 'blake.gauthier@example.com', 'login': {'uuid': '250f44eb-bcd8-4d02-b19d-6cd612d21b7e', 'username': 'purplesnake462', 'password': 'andrew', 'salt': 'RU2HZalC', 'md5': 'b5a49ed3622a2d69628b8c6ff6d7fc70', 'sha1': 'f25747c40ee34d4f594c543cc46618fa353c7626', 'sha256': '0a8e0ae09897899e338bd26969e2e75e923660fd3dce77b6f0a00dc4caae5361'}, 'dob': {'date': '1989-05-06T23:40:55.373Z', 'age': 35}, 'registered': {'date': '2019-06-23T05:14:48.183Z', 'age': 4}, 'phone': 'B18 E06-4918', 'cell': 'K34 H72-6733', 'id': {'name': 'SIN', 'value': '043605708'}, 'picture': {'large': 'https://randomuser.me/api/portraits/men/40.jpg', 'medium': 'https://randomuser.me/api/portraits/med/men/40.jpg', 'thumbnail': 'https://randomuser.me/api/portraits/thumb/men/40.jpg'}, 'nat': 'CA'}</msg>
<arg>${json_data['results'][0]}</arg>
<doc>Logs the given message with the given level.</doc>
<status status="PASS" start="2024-05-23T14:13:38.429638" elapsed="0.000413"/>
</kw>
<kw name="Log" owner="BuiltIn">
<msg time="2024-05-23T14:13:38.430471" level="INFO">login</msg>
<arg>${key}</arg>
<doc>Logs the given message with the given level.</doc>
<status status="PASS" start="2024-05-23T14:13:38.430344" elapsed="0.000164"/>
</kw>
<var name="${key}">login</var>
<status status="PASS" start="2024-05-23T14:13:38.428809" elapsed="0.001914"/>
</iter>
<var>${key}</var>
<value>@{expected_keys}</value>
<status status="PASS" start="2024-05-23T14:13:38.419926" elapsed="0.010946"/>
</for>
<kw name="Create List" owner="BuiltIn">
<msg time="2024-05-23T14:13:38.431212" level="INFO">${expected_keysTwo} = ['username', 'password']</msg>
<var>${expected_keysTwo}</var>
<arg>username</arg>
<arg>password</arg>
<doc>Returns a list containing given items.</doc>
<status status="PASS" start="2024-05-23T14:13:38.431074" elapsed="0.000162"/>
</kw>
<for flavor="IN">
<iter>
<kw name="Dictionary Should Contain Key" owner="Collections">
<msg time="2024-05-23T14:13:38.432133" level="INFO">False</msg>
<arg>${json_data['results'][0]['login']}</arg>
<arg>${keyTwo}</arg>
<doc>Fails if ``key`` is not found from ``dictionary``.</doc>
<status status="PASS" start="2024-05-23T14:13:38.431756" elapsed="0.000415"/>
</kw>
<kw name="Dictionary Should Contain Key" owner="Collections">
<msg time="2024-05-23T14:13:38.432851" level="INFO">False</msg>
<arg>${json_data['results'][0]['login']}</arg>
<arg>${keyTwo}</arg>
<doc>Fails if ``key`` is not found from ``dictionary``.</doc>
<status status="PASS" start="2024-05-23T14:13:38.432470" elapsed="0.000419"/>
</kw>
<kw name="Log" owner="BuiltIn">
<msg time="2024-05-23T14:13:38.433306" level="INFO">username</msg>
<arg>${keyTwo}</arg>
<doc>Logs the given message with the given level.</doc>
<status status="PASS" start="2024-05-23T14:13:38.433179" elapsed="0.000164"/>
</kw>
<var name="${keyTwo}">username</var>
<status status="PASS" start="2024-05-23T14:13:38.431648" elapsed="0.001906"/>
</iter>
<iter>
<kw name="Dictionary Should Contain Key" owner="Collections">
<msg time="2024-05-23T14:13:38.434208" level="INFO">False</msg>
<arg>${json_data['results'][0]['login']}</arg>
<arg>${keyTwo}</arg>
<doc>Fails if ``key`` is not found from ``dictionary``.</doc>
<status status="PASS" start="2024-05-23T14:13:38.433832" elapsed="0.000413"/>
</kw>
<kw name="Dictionary Should Contain Key" owner="Collections">
<msg time="2024-05-23T14:13:38.434907" level="INFO">False</msg>
<arg>${json_data['results'][0]['login']}</arg>
<arg>${keyTwo}</arg>
<doc>Fails if ``key`` is not found from ``dictionary``.</doc>
<status status="PASS" start="2024-05-23T14:13:38.434537" elapsed="0.000406"/>
</kw>
<kw name="Log" owner="BuiltIn">
<msg time="2024-05-23T14:13:38.435361" level="INFO">password</msg>
<arg>${keyTwo}</arg>
<doc>Logs the given message with the given level.</doc>
<status status="PASS" start="2024-05-23T14:13:38.435233" elapsed="0.000168"/>
</kw>
<var name="${keyTwo}">password</var>
<status status="PASS" start="2024-05-23T14:13:38.433724" elapsed="0.001910"/>
</iter>
<var>${keyTwo}</var>
<value>@{expected_keysTwo}</value>
<status status="PASS" start="2024-05-23T14:13:38.431493" elapsed="0.004259"/>
</for>
<status status="PASS" start="2024-05-23T14:13:38.309984" elapsed="0.125907"/>
</kw>
<doc>Testa a estrutura da resposta da API.</doc>
<tag>testeEstruturaResposta</tag>
<status status="PASS" start="2024-05-23T14:13:38.309365" elapsed="0.126681"/>
</test>
<test id="s1-s1-t4" name="Validar tipos de dados" line="28">
<kw name="Teste de Tipos de Dados" owner="random-user-service">
<kw name="GET On Session" owner="RequestsLibrary">
<msg time="2024-05-23T14:13:38.533626" level="INFO">GET Request : url=https://randomuser.me/api 
 path_url=/api 
 headers={'User-Agent': 'python-requests/2.32.2', 'Accept-Encoding': 'gzip, deflate', 'Accept': '*/*', 'Connection': 'keep-alive'} 
 body=None 
 </msg>
<msg time="2024-05-23T14:13:38.533708" level="INFO">GET Response : url=https://randomuser.me/api 
 status=200, reason=OK 
 headers={'Date': 'Thu, 23 May 2024 14:13:38 GMT', 'Content-Type': 'application/json; charset=utf-8', 'Transfer-Encoding': 'chunked', 'Connection': 'keep-alive', 'X-Powered-By': 'Express', 'Access-Control-Allow-Origin': '*', 'Cache-Control': 'no-cache', 'ETag': 'W/"49e-9Uklg6hfU9xivGT8u7liQMs0nIM"', 'Vary': 'Accept-Encoding', 'Content-Encoding': 'gzip', 'CF-Cache-Status': 'DYNAMIC', 'Report-To': '{"endpoints":[{"url":"https:\\/\\/a.nel.cloudflare.com\\/report\\/v4?s=Wns4oeHIK6qebsGGsYDXXbLmx0dxnOBKPiKRxPON%2FFFT6vKoOcxBrfhA5DZtnTEaeIgCEHQgjMVCyE0jpXcBxNl7gQuv4dNbiAZBYPTKml7YKy8da3wETXYzbtyVqXXE"}],"group":"cf-nel","max_age":604800}', 'NEL': '{"success_fraction":0,"report_to":"cf-nel","max_age":604800}', 'Server': 'cloudflare', 'CF-RAY': '8885a5d34e5c2548-SJC', 'alt-svc': 'h3=":443"; ma=86400'} 
 body={"results":[{"gender":"female","name":{"title":"Miss","first":"Hayley","last":"Cooper"},"location":{"street":{"number":1976,"name":"Port Hills Road"},"city":"Porirua","state":"Bay of Plenty","country":"New Zealand","postcode":69203,"coordinates":{"latitude":"54.8088","longitude":"134.5603"},"timezone":{"offset":"-4:00","description":"Atlantic Time (Canada), Caracas, La Paz"}},"email":"hayley.cooper@example.com","login":{"uuid":"51243aa1-a795-4e12-a2d4-93977d1b8ee0","username":"crazymeercat284","password":"simple","salt":"DLt3ekNh","md5":"8933c126ed197df2988cf97017ad709f","sha1":"b562694b350cec7a2372378c4ed5852f06b480ab","sha256":"6b59f512d221f9e1ce23c050708ab64c4cd96766c95a02b9bd21d2fb1c586cbd"},"dob":{"date":"1980-01-22T06:52:39.054Z","age":44},"registered":{"date":"2011-04-27T23:37:59.676Z","age":13},"phone":"(816)-588-0983","cell":"(950)-428-6769","id":{"name":"","value":null},"picture":{"large":"https://randomuser.me/api/portraits/women/47.jpg","medium":"https://randomuser.me/api/portraits/med/women/47.jpg","thumbnail":"https://randomuser.me/api/portraits/thumb/women/47.jpg"},"nat":"NZ"}],"info":{"seed":"f8919c1d1dc50b61","results":1,"page":1,"version":"1.4"}} 
 </msg>
<msg time="2024-05-23T14:13:38.533785" level="INFO">/opt/hostedtoolcache/Python/3.12.3/x64/lib/python3.12/site-packages/urllib3/connectionpool.py:1103: InsecureRequestWarning: Unverified HTTPS request is being made to host 'randomuser.me'. Adding certificate verification is strongly advised. See: https://urllib3.readthedocs.io/en/latest/advanced-usage.html#tls-warnings
  warnings.warn(</msg>
<msg time="2024-05-23T14:13:38.533901" level="INFO">${response} = &lt;Response [200]&gt;</msg>
<var>${response}</var>
<arg>consultarAPI</arg>
<arg>/api</arg>
<doc>Sends a GET request on a previously created HTTP Session.</doc>
<status status="PASS" start="2024-05-23T14:13:38.438539" elapsed="0.095418"/>
</kw>
<kw name="Set Variable" owner="BuiltIn">
<msg time="2024-05-23T14:13:38.535142" level="INFO">${json_data} = {'results': [{'gender': 'female', 'name': {'title': 'Miss', 'first': 'Hayley', 'last': 'Cooper'}, 'location': {'street': {'number': 1976, 'name': 'Port Hills Road'}, 'city': 'Porirua', 'state': 'Bay o...</msg>
<var>${json_data}</var>
<arg>${response.json()}</arg>
<doc>Returns the given values which can then be assigned to a variables.</doc>
<status status="PASS" start="2024-05-23T14:13:38.534509" elapsed="0.000663"/>
</kw>
<kw name="Log" owner="BuiltIn">
<msg time="2024-05-23T14:13:38.535725" level="INFO">{'results': [{'gender': 'female', 'name': {'title': 'Miss', 'first': 'Hayley', 'last': 'Cooper'}, 'location': {'street': {'number': 1976, 'name': 'Port Hills Road'}, 'city': 'Porirua', 'state': 'Bay of Plenty', 'country': 'New Zealand', 'postcode': 69203, 'coordinates': {'latitude': '54.8088', 'longitude': '134.5603'}, 'timezone': {'offset': '-4:00', 'description': 'Atlantic Time (Canada), Caracas, La Paz'}}, 'email': 'hayley.cooper@example.com', 'login': {'uuid': '51243aa1-a795-4e12-a2d4-93977d1b8ee0', 'username': 'crazymeercat284', 'password': 'simple', 'salt': 'DLt3ekNh', 'md5': '8933c126ed197df2988cf97017ad709f', 'sha1': 'b562694b350cec7a2372378c4ed5852f06b480ab', 'sha256': '6b59f512d221f9e1ce23c050708ab64c4cd96766c95a02b9bd21d2fb1c586cbd'}, 'dob': {'date': '1980-01-22T06:52:39.054Z', 'age': 44}, 'registered': {'date': '2011-04-27T23:37:59.676Z', 'age': 13}, 'phone': '(816)-588-0983', 'cell': '(950)-428-6769', 'id': {'name': '', 'value': None}, 'picture': {'large': 'https://randomuser.me/api/portraits/women/47.jpg', 'medium': 'https://randomuser.me/api/portraits/med/women/47.jpg', 'thumbnail': 'https://randomuser.me/api/portraits/thumb/women/47.jpg'}, 'nat': 'NZ'}], 'info': {'seed': 'f8919c1d1dc50b61', 'results': 1, 'page': 1, 'version': '1.4'}}</msg>
<arg>${json_data}</arg>
<doc>Logs the given message with the given level.</doc>
<status status="PASS" start="2024-05-23T14:13:38.535526" elapsed="0.000294"/>
</kw>
<kw name="Should Be String" owner="String">
<arg>${json_data['results'][0]['gender']}</arg>
<doc>Fails if the given ``item`` is not a string.</doc>
<status status="PASS" start="2024-05-23T14:13:38.536151" elapsed="0.000359"/>
</kw>
<kw name="Should Match Regexp" owner="BuiltIn">
<arg>${json_data['results'][0]['email']}</arg>
<arg>^[a-zA-Z0-9._%+-]+@[a-zA-Z0-9.-]+\.[a-zA-Z]{2,}$</arg>
<doc>Fails if ``string`` does not match ``pattern`` as a regular expression.</doc>
<status status="PASS" start="2024-05-23T14:13:38.536703" elapsed="0.000637"/>
</kw>
<kw name="Should Match Regexp" owner="BuiltIn">
<arg>${json_data['results'][0]['dob']['date']}</arg>
<arg>\\d{4}-\\d{2}-\\d{2}T\\d{2}:\\d{2}:\\d{2}\\.\\d{3}Z</arg>
<doc>Fails if ``string`` does not match ``pattern`` as a regular expression.</doc>
<status status="PASS" start="2024-05-23T14:13:38.537539" elapsed="0.000481"/>
</kw>
<kw name="Should Match Regexp" owner="BuiltIn">
<arg>${json_data['results'][0]['registered']['date']}</arg>
<arg>\\d{4}-\\d{2}-\\d{2}T\\d{2}:\\d{2}:\\d{2}\\.\\d{3}Z</arg>
<doc>Fails if ``string`` does not match ``pattern`` as a regular expression.</doc>
<status status="PASS" start="2024-05-23T14:13:38.538212" elapsed="0.000363"/>
</kw>
<kw name="Should Match Regexp" owner="BuiltIn">
<arg>${json_data['results'][0]['picture']['large']}</arg>
<arg>^https?://.*\.(?:png|jpe?g|gif|bmp)$</arg>
<doc>Fails if ``string`` does not match ``pattern`` as a regular expression.</doc>
<status status="PASS" start="2024-05-23T14:13:38.538763" elapsed="0.000454"/>
</kw>
<kw name="Should Match Regexp" owner="BuiltIn">
<arg>${json_data['results'][0]['picture']['medium']}</arg>
<arg>^https?://.*\.(?:png|jpe?g|gif|bmp)$</arg>
<doc>Fails if ``string`` does not match ``pattern`` as a regular expression.</doc>
<status status="PASS" start="2024-05-23T14:13:38.539406" elapsed="0.000370"/>
</kw>
<kw name="Should Match Regexp" owner="BuiltIn">
<arg>${json_data['results'][0]['picture']['thumbnail']}</arg>
<arg>^https?://.*\.(?:png|jpe?g|gif|bmp)$</arg>
<doc>Fails if ``string`` does not match ``pattern`` as a regular expression.</doc>
<status status="PASS" start="2024-05-23T14:13:38.539969" elapsed="0.000344"/>
</kw>
<kw name="Log" owner="BuiltIn">
<msg time="2024-05-23T14:13:38.540811" level="INFO">{'large': 'https://randomuser.me/api/portraits/women/47.jpg', 'medium': 'https://randomuser.me/api/portraits/med/women/47.jpg', 'thumbnail': 'https://randomuser.me/api/portraits/thumb/women/47.jpg'}</msg>
<arg>${json_data['results'][0]['picture']}</arg>
<doc>Logs the given message with the given level.</doc>
<status status="PASS" start="2024-05-23T14:13:38.540492" elapsed="0.000361"/>
</kw>
<status status="PASS" start="2024-05-23T14:13:38.438301" elapsed="0.102803"/>
</kw>
<kw name="Teste de Tipos de Dados - Postcode" owner="random-user-service">
<kw name="GET On Session" owner="RequestsLibrary">
<msg time="2024-05-23T14:13:38.642059" level="INFO">GET Request : url=https://randomuser.me/api 
 path_url=/api 
 headers={'User-Agent': 'python-requests/2.32.2', 'Accept-Encoding': 'gzip, deflate', 'Accept': '*/*', 'Connection': 'keep-alive'} 
 body=None 
 </msg>
<msg time="2024-05-23T14:13:38.642143" level="INFO">GET Response : url=https://randomuser.me/api 
 status=200, reason=OK 
 headers={'Date': 'Thu, 23 May 2024 14:13:38 GMT', 'Content-Type': 'application/json; charset=utf-8', 'Transfer-Encoding': 'chunked', 'Connection': 'keep-alive', 'X-Powered-By': 'Express', 'Access-Control-Allow-Origin': '*', 'Cache-Control': 'no-cache', 'ETag': 'W/"481-8KRxg3dwhUJL75aB8S5LsmL0gPc"', 'Vary': 'Accept-Encoding', 'Content-Encoding': 'gzip', 'CF-Cache-Status': 'DYNAMIC', 'Report-To': '{"endpoints":[{"url":"https:\\/\\/a.nel.cloudflare.com\\/report\\/v4?s=9pOFH3vqT50DaFkswPTaIoTwUzkqEp8ZRbYS580jfuHnC9CmepHMQtWUUf06vmCtWOAq4KiPIdGsoi%2FXexebfeqBFLqdxuzWUM%2FWr9yKai1yvHbIP9zdu0zgVk6ul%2FD8"}],"group":"cf-nel","max_age":604800}', 'NEL': '{"success_fraction":0,"report_to":"cf-nel","max_age":604800}', 'Server': 'cloudflare', 'CF-RAY': '8885a5d3eecd2548-SJC', 'alt-svc': 'h3=":443"; ma=86400'} 
 body={"results":[{"gender":"male","name":{"title":"Mr","first":"Marvin","last":"Cole"},"location":{"street":{"number":3943,"name":"Central St"},"city":"Mobile","state":"Ohio","country":"United States","postcode":45074,"coordinates":{"latitude":"82.1766","longitude":"-168.7449"},"timezone":{"offset":"-8:00","description":"Pacific Time (US &amp; Canada)"}},"email":"marvin.cole@example.com","login":{"uuid":"a22619b6-c083-4550-a94f-8e2ab577fbc6","username":"crazyzebra586","password":"models","salt":"UaIowud3","md5":"e3ccc95850d439ab052f289356249a43","sha1":"463b8140b10fc828da360a9b6afb85d5a7d8d7a9","sha256":"b682576d3b7a709ae0459aa9839202c078f9ecbd2de17666ab8b9993e3716799"},"dob":{"date":"1995-06-06T11:07:09.780Z","age":28},"registered":{"date":"2005-02-02T11:56:37.420Z","age":19},"phone":"(734) 596-7482","cell":"(387) 631-3000","id":{"name":"SSN","value":"506-10-6786"},"picture":{"large":"https://randomuser.me/api/portraits/men/66.jpg","medium":"https://randomuser.me/api/portraits/med/men/66.jpg","thumbnail":"https://randomuser.me/api/portraits/thumb/men/66.jpg"},"nat":"US"}],"info":{"seed":"8be061b28cbfdbea","results":1,"page":1,"version":"1.4"}} 
 </msg>
<msg time="2024-05-23T14:13:38.642217" level="INFO">/opt/hostedtoolcache/Python/3.12.3/x64/lib/python3.12/site-packages/urllib3/connectionpool.py:1103: InsecureRequestWarning: Unverified HTTPS request is being made to host 'randomuser.me'. Adding certificate verification is strongly advised. See: https://urllib3.readthedocs.io/en/latest/advanced-usage.html#tls-warnings
  warnings.warn(</msg>
<msg time="2024-05-23T14:13:38.642330" level="INFO">${response} = &lt;Response [200]&gt;</msg>
<var>${response}</var>
<arg>consultarAPI</arg>
<arg>/api</arg>
<doc>Sends a GET request on a previously created HTTP Session.</doc>
<status status="PASS" start="2024-05-23T14:13:38.541535" elapsed="0.100840"/>
</kw>
<kw name="Set Variable" owner="BuiltIn">
<msg time="2024-05-23T14:13:38.643215" level="INFO">${json_data} = {'results': [{'gender': 'male', 'name': {'title': 'Mr', 'first': 'Marvin', 'last': 'Cole'}, 'location': {'street': {'number': 3943, 'name': 'Central St'}, 'city': 'Mobile', 'state': 'Ohio', 'country':...</msg>
<var>${json_data}</var>
<arg>${response.json()}</arg>
<doc>Returns the given values which can then be assigned to a variables.</doc>
<status status="PASS" start="2024-05-23T14:13:38.642742" elapsed="0.000502"/>
</kw>
<kw name="Log" owner="BuiltIn">
<msg time="2024-05-23T14:13:38.643744" level="INFO">{'results': [{'gender': 'male', 'name': {'title': 'Mr', 'first': 'Marvin', 'last': 'Cole'}, 'location': {'street': {'number': 3943, 'name': 'Central St'}, 'city': 'Mobile', 'state': 'Ohio', 'country': 'United States', 'postcode': 45074, 'coordinates': {'latitude': '82.1766', 'longitude': '-168.7449'}, 'timezone': {'offset': '-8:00', 'description': 'Pacific Time (US &amp; Canada)'}}, 'email': 'marvin.cole@example.com', 'login': {'uuid': 'a22619b6-c083-4550-a94f-8e2ab577fbc6', 'username': 'crazyzebra586', 'password': 'models', 'salt': 'UaIowud3', 'md5': 'e3ccc95850d439ab052f289356249a43', 'sha1': '463b8140b10fc828da360a9b6afb85d5a7d8d7a9', 'sha256': 'b682576d3b7a709ae0459aa9839202c078f9ecbd2de17666ab8b9993e3716799'}, 'dob': {'date': '1995-06-06T11:07:09.780Z', 'age': 28}, 'registered': {'date': '2005-02-02T11:56:37.420Z', 'age': 19}, 'phone': '(734) 596-7482', 'cell': '(387) 631-3000', 'id': {'name': 'SSN', 'value': '506-10-6786'}, 'picture': {'large': 'https://randomuser.me/api/portraits/men/66.jpg', 'medium': 'https://randomuser.me/api/portraits/med/men/66.jpg', 'thumbnail': 'https://randomuser.me/api/portraits/thumb/men/66.jpg'}, 'nat': 'US'}], 'info': {'seed': '8be061b28cbfdbea', 'results': 1, 'page': 1, 'version': '1.4'}}</msg>
<arg>${json_data}</arg>
<doc>Logs the given message with the given level.</doc>
<status status="PASS" start="2024-05-23T14:13:38.643588" elapsed="0.000234"/>
</kw>
<kw name="Should Be Equal As Numbers" owner="BuiltIn">
<arg>${json_data['results'][0]['location']['postcode']}</arg>
<arg>${json_data['results'][0]['location']['postcode']}</arg>
<doc>Fails if objects are unequal after converting them to real numbers.</doc>
<status status="PASS" start="2024-05-23T14:13:38.644127" elapsed="0.000621"/>
</kw>
<kw name="Log" owner="BuiltIn">
<msg time="2024-05-23T14:13:38.645290" level="INFO">45074</msg>
<arg>${json_data['results'][0]['location']['postcode']}</arg>
<doc>Logs the given message with the given level.</doc>
<status status="PASS" start="2024-05-23T14:13:38.644942" elapsed="0.000389"/>
</kw>
<status status="PASS" start="2024-05-23T14:13:38.541315" elapsed="0.104265"/>
</kw>
<doc>Testa se os tipos de dados na resposta da API estão corretos.</doc>
<tag>testeTiposDados</tag>
<status status="PASS" start="2024-05-23T14:13:38.437777" elapsed="0.207964"/>
</test>
<test id="s1-s1-t5" name="Validar conteudo" line="35">
<kw name="Teste de Tipos de Conteudo" owner="random-user-service">
<kw name="GET On Session" owner="RequestsLibrary">
<msg time="2024-05-23T14:13:38.736959" level="INFO">GET Request : url=https://randomuser.me/api 
 path_url=/api 
 headers={'User-Agent': 'python-requests/2.32.2', 'Accept-Encoding': 'gzip, deflate', 'Accept': '*/*', 'Connection': 'keep-alive'} 
 body=None 
 </msg>
<msg time="2024-05-23T14:13:38.737021" level="INFO">GET Response : url=https://randomuser.me/api 
 status=200, reason=OK 
 headers={'Date': 'Thu, 23 May 2024 14:13:38 GMT', 'Content-Type': 'application/json; charset=utf-8', 'Transfer-Encoding': 'chunked', 'Connection': 'keep-alive', 'X-Powered-By': 'Express', 'Access-Control-Allow-Origin': '*', 'Cache-Control': 'no-cache', 'ETag': 'W/"49f-8XzpiiEckaX/yBc91e85maXLTcs"', 'Vary': 'Accept-Encoding', 'Content-Encoding': 'gzip', 'CF-Cache-Status': 'DYNAMIC', 'Report-To': '{"endpoints":[{"url":"https:\\/\\/a.nel.cloudflare.com\\/report\\/v4?s=f1heZj9NVILyZbO2fWA%2BymACHOLgKfZDfkGDFGCDIy8H42FaLQ%2FSsVk%2BGn85YdcJ98w7Jv0z0I4944UMK4G1vt0g1PnpFv6snyJ8%2F%2FA0%2B4ytZ1d5N6Hfm5RRoO8w0Ifi"}],"group":"cf-nel","max_age":604800}', 'NEL': '{"success_fraction":0,"report_to":"cf-nel","max_age":604800}', 'Server': 'cloudflare', 'CF-RAY': '8885a5d49f202548-SJC', 'alt-svc': 'h3=":443"; ma=86400'} 
 body={"results":[{"gender":"female","name":{"title":"Miss","first":"Slavolyuba","last":"Skorubskiy"},"location":{"street":{"number":6074,"name":"Ozerna"},"city":"Piryatin","state":"Rivnenska","country":"Ukraine","postcode":74546,"coordinates":{"latitude":"74.0789","longitude":"102.9448"},"timezone":{"offset":"-5:00","description":"Eastern Time (US &amp; Canada), Bogota, Lima"}},"email":"slavolyuba.skorubskiy@example.com","login":{"uuid":"dc439aab-b0c3-47aa-b9ac-78967fbe8fd2","username":"silverladybug563","password":"never","salt":"cWoENOnL","md5":"98e2a543c0acd5198c3993f5362aa69d","sha1":"3eb51a1564f4a867c97a40d92f7b9b6b06fdb55b","sha256":"3d72e3a942feb6906ce26c4d897ab67775f83581d881e858078e896bf2699cc8"},"dob":{"date":"1979-02-16T18:23:02.153Z","age":45},"registered":{"date":"2010-03-18T07:34:19.809Z","age":14},"phone":"(099) S85-9812","cell":"(067) H31-1575","id":{"name":"","value":null},"picture":{"large":"https://randomuser.me/api/portraits/women/46.jpg","medium":"https://randomuser.me/api/portraits/med/women/46.jpg","thumbnail":"https://randomuser.me/api/portraits/thumb/women/46.jpg"},"nat":"UA"}],"info":{"seed":"f7eeefccc16a08a9","results":1,"page":1,"version":"1.4"}} 
 </msg>
<msg time="2024-05-23T14:13:38.737081" level="INFO">/opt/hostedtoolcache/Python/3.12.3/x64/lib/python3.12/site-packages/urllib3/connectionpool.py:1103: InsecureRequestWarning: Unverified HTTPS request is being made to host 'randomuser.me'. Adding certificate verification is strongly advised. See: https://urllib3.readthedocs.io/en/latest/advanced-usage.html#tls-warnings
  warnings.warn(</msg>
<msg time="2024-05-23T14:13:38.737172" level="INFO">${response} = &lt;Response [200]&gt;</msg>
<var>${response}</var>
<arg>consultarAPI</arg>
<arg>/api</arg>
<doc>Sends a GET request on a previously created HTTP Session.</doc>
<status status="PASS" start="2024-05-23T14:13:38.648221" elapsed="0.088992"/>
</kw>
<kw name="Set Variable" owner="BuiltIn">
<msg time="2024-05-23T14:13:38.738324" level="INFO">${json_data} = {'results': [{'gender': 'female', 'name': {'title': 'Miss', 'first': 'Slavolyuba', 'last': 'Skorubskiy'}, 'location': {'street': {'number': 6074, 'name': 'Ozerna'}, 'city': 'Piryatin', 'state': 'Rivne...</msg>
<var>${json_data}</var>
<arg>${response.json()}</arg>
<doc>Returns the given values which can then be assigned to a variables.</doc>
<status status="PASS" start="2024-05-23T14:13:38.737710" elapsed="0.000643"/>
</kw>
<kw name="Set Variable" owner="BuiltIn">
<msg time="2024-05-23T14:13:38.739033" level="INFO">${name_title} = Miss</msg>
<var>${name_title}</var>
<arg>${json_data["results"][0]["name"]["title"]}</arg>
<doc>Returns the given values which can then be assigned to a variables.</doc>
<status status="PASS" start="2024-05-23T14:13:38.738657" elapsed="0.000401"/>
</kw>
<kw name="Create List" owner="BuiltIn">
<msg time="2024-05-23T14:13:38.739537" level="INFO">${allowed_titles} = ['Mr', 'Ms', 'Miss', 'Mrs', 'Madame', 'Monsieur']</msg>
<var>${allowed_titles}</var>
<arg>Mr</arg>
<arg>Ms</arg>
<arg>Miss</arg>
<arg>Mrs</arg>
<arg>Madame</arg>
<arg>Monsieur</arg>
<doc>Returns a list containing given items.</doc>
<status status="PASS" start="2024-05-23T14:13:38.739353" elapsed="0.000210"/>
</kw>
<kw name="List Should Contain Value" owner="Collections">
<msg time="2024-05-23T14:13:38.740046" level="INFO">False</msg>
<arg>${allowed_titles}</arg>
<arg>${name_title}</arg>
<doc>Fails if the ``value`` is not found from ``list``.</doc>
<status status="PASS" start="2024-05-23T14:13:38.739869" elapsed="0.000214"/>
</kw>
<kw name="Set Variable" owner="BuiltIn">
<msg time="2024-05-23T14:13:38.740871" level="INFO">${name_country} = UA</msg>
<var>${name_country}</var>
<arg>${json_data["results"][0]["nat"]}</arg>
<doc>Returns the given values which can then be assigned to a variables.</doc>
<status status="PASS" start="2024-05-23T14:13:38.740367" elapsed="0.000530"/>
</kw>
<kw name="Create List" owner="BuiltIn">
<msg time="2024-05-23T14:13:38.741801" level="INFO">${list_country} = ['AD', 'AE', 'AF', 'AG', 'AI', 'AL', 'AM', 'AO', 'AQ', 'AR', 'AS', 'AT', 'AU', 'AW', 'AX', 'AZ', 'BA', 'BB', 'BD', 'BE', 'BF', 'BG', 'BH', 'BI', 'BJ', 'BL', 'BM', 'BN', 'BO', 'BQ', 'BR', 'BS', 'BT', '...</msg>
<var>${list_country}</var>
<arg>AD</arg>
<arg>AE</arg>
<arg>AF</arg>
<arg>AG</arg>
<arg>AI</arg>
<arg>AL</arg>
<arg>AM</arg>
<arg>AO</arg>
<arg>AQ</arg>
<arg>AR</arg>
<arg>AS</arg>
<arg>AT</arg>
<arg>AU</arg>
<arg>AW</arg>
<arg>AX</arg>
<arg>AZ</arg>
<arg>BA</arg>
<arg>BB</arg>
<arg>BD</arg>
<arg>BE</arg>
<arg>BF</arg>
<arg>BG</arg>
<arg>BH</arg>
<arg>BI</arg>
<arg>BJ</arg>
<arg>BL</arg>
<arg>BM</arg>
<arg>BN</arg>
<arg>BO</arg>
<arg>BQ</arg>
<arg>BR</arg>
<arg>BS</arg>
<arg>BT</arg>
<arg>BV</arg>
<arg>BW</arg>
<arg>BY</arg>
<arg>BZ</arg>
<arg>CA</arg>
<arg>CC</arg>
<arg>CD</arg>
<arg>CF</arg>
<arg>CG</arg>
<arg>CH</arg>
<arg>CI</arg>
<arg>CK</arg>
<arg>CL</arg>
<arg>CM</arg>
<arg>CN</arg>
<arg>CO</arg>
<arg>CR</arg>
<arg>CU</arg>
<arg>CV</arg>
<arg>CW</arg>
<arg>CX</arg>
<arg>CY</arg>
<arg>CZ</arg>
<arg>DE</arg>
<arg>DJ</arg>
<arg>DK</arg>
<arg>DM</arg>
<arg>DO</arg>
<arg>DZ</arg>
<arg>EC</arg>
<arg>EE</arg>
<arg>EG</arg>
<arg>EH</arg>
<arg>ER</arg>
<arg>ES</arg>
<arg>ET</arg>
<arg>FI</arg>
<arg>FJ</arg>
<arg>FK</arg>
<arg>FM</arg>
<arg>FO</arg>
<arg>FR</arg>
<arg>GA</arg>
<arg>GB</arg>
<arg>GD</arg>
<arg>GE</arg>
<arg>GF</arg>
<arg>GG</arg>
<arg>GH</arg>
<arg>GI</arg>
<arg>GL</arg>
<arg>GM</arg>
<arg>GN</arg>
<arg>GP</arg>
<arg>GQ</arg>
<arg>GR</arg>
<arg>GS</arg>
<arg>GT</arg>
<arg>GU</arg>
<arg>GW</arg>
<arg>GY</arg>
<arg>HK</arg>
<arg>HM</arg>
<arg>HN</arg>
<arg>HR</arg>
<arg>HT</arg>
<arg>HU</arg>
<arg>ID</arg>
<arg>IE</arg>
<arg>IL</arg>
<arg>IM</arg>
<arg>IN</arg>
<arg>IO</arg>
<arg>IQ</arg>
<arg>IR</arg>
<arg>IS</arg>
<arg>IT</arg>
<arg>JE</arg>
<arg>JM</arg>
<arg>JO</arg>
<arg>JP</arg>
<arg>KE</arg>
<arg>KG</arg>
<arg>KH</arg>
<arg>KI</arg>
<arg>KM</arg>
<arg>KN</arg>
<arg>KP</arg>
<arg>KR</arg>
<arg>KW</arg>
<arg>KY</arg>
<arg>KZ</arg>
<arg>LA</arg>
<arg>LB</arg>
<arg>LC</arg>
<arg>LI</arg>
<arg>LK</arg>
<arg>LR</arg>
<arg>LS</arg>
<arg>LT</arg>
<arg>LU</arg>
<arg>LV</arg>
<arg>LY</arg>
<arg>MA</arg>
<arg>MC</arg>
<arg>MD</arg>
<arg>ME</arg>
<arg>MF</arg>
<arg>MG</arg>
<arg>MH</arg>
<arg>MK</arg>
<arg>ML</arg>
<arg>MM</arg>
<arg>MN</arg>
<arg>MO</arg>
<arg>MP</arg>
<arg>MQ</arg>
<arg>MR</arg>
<arg>MS</arg>
<arg>MT</arg>
<arg>MU</arg>
<arg>MV</arg>
<arg>MW</arg>
<arg>MX</arg>
<arg>MY</arg>
<arg>MZ</arg>
<arg>NA</arg>
<arg>NC</arg>
<arg>NE</arg>
<arg>NF</arg>
<arg>NG</arg>
<arg>NI</arg>
<arg>NL</arg>
<arg>NO</arg>
<arg>NP</arg>
<arg>NR</arg>
<arg>NU</arg>
<arg>NZ</arg>
<arg>OM</arg>
<arg>PA</arg>
<arg>PE</arg>
<arg>PF</arg>
<arg>PG</arg>
<arg>PH</arg>
<arg>PK</arg>
<arg>PL</arg>
<arg>PM</arg>
<arg>PN</arg>
<arg>PR</arg>
<arg>PS</arg>
<arg>PT</arg>
<arg>PW</arg>
<arg>PY</arg>
<arg>QA</arg>
<arg>RE</arg>
<arg>RO</arg>
<arg>RS</arg>
<arg>RU</arg>
<arg>RW</arg>
<arg>SA</arg>
<arg>SB</arg>
<arg>SC</arg>
<arg>SD</arg>
<arg>SE</arg>
<arg>SG</arg>
<arg>SH</arg>
<arg>SI</arg>
<arg>SJ</arg>
<arg>SK</arg>
<arg>SL</arg>
<arg>SM</arg>
<arg>SN</arg>
<arg>SO</arg>
<arg>SR</arg>
<arg>SS</arg>
<arg>ST</arg>
<arg>SV</arg>
<arg>SX</arg>
<arg>SY</arg>
<arg>SZ</arg>
<arg>TC</arg>
<arg>TD</arg>
<arg>TF</arg>
<arg>TG</arg>
<arg>TH</arg>
<arg>TJ</arg>
<arg>TK</arg>
<arg>TL</arg>
<arg>TM</arg>
<arg>TN</arg>
<arg>TO</arg>
<arg>TR</arg>
<arg>TT</arg>
<arg>TV</arg>
<arg>TW</arg>
<arg>TZ</arg>
<arg>UA</arg>
<arg>UG</arg>
<arg>UM</arg>
<arg>US</arg>
<arg>UY</arg>
<arg>UZ</arg>
<arg>VA</arg>
<arg>VC</arg>
<arg>VE</arg>
<arg>VG</arg>
<arg>VI</arg>
<arg>VN</arg>
<arg>VU</arg>
<arg>WF</arg>
<arg>WS</arg>
<arg>XK</arg>
<arg>YE</arg>
<arg>YT</arg>
<arg>ZA</arg>
<arg>ZM</arg>
<arg>ZW</arg>
<doc>Returns a list containing given items.</doc>
<status status="PASS" start="2024-05-23T14:13:38.741204" elapsed="0.000622"/>
</kw>
<kw name="List Should Contain Value" owner="Collections">
<msg time="2024-05-23T14:13:38.742822" level="INFO">False</msg>
<arg>${list_country}</arg>
<arg>${name_country}</arg>
<doc>Fails if the ``value`` is not found from ``list``.</doc>
<status status="PASS" start="2024-05-23T14:13:38.742622" elapsed="0.000235"/>
</kw>
<kw name="Run Keyword If" owner="BuiltIn">
<kw name="Should Be True" owner="BuiltIn">
<arg>${True}</arg>
<doc>Fails if the given condition is not true.</doc>
<status status="PASS" start="2024-05-23T14:13:38.743937" elapsed="0.000142"/>
</kw>
<arg>${json_data["results"][0]["location"]["coordinates"]["latitude"]} &gt;= -90 and ${json_data["results"][0]["location"]["coordinates"]["latitude"]} &lt;= 90</arg>
<arg>Should Be True</arg>
<arg>${True}</arg>
<doc>Runs the given keyword with the given arguments, if ``condition`` is true.</doc>
<status status="PASS" start="2024-05-23T14:13:38.743164" elapsed="0.001039"/>
</kw>
<kw name="Run Keyword If" owner="BuiltIn">
<kw name="Should Be True" owner="BuiltIn">
<arg>${True}</arg>
<doc>Fails if the given condition is not true.</doc>
<status status="PASS" start="2024-05-23T14:13:38.745059" elapsed="0.000136"/>
</kw>
<arg>${json_data["results"][0]["location"]["coordinates"]["longitude"]} &gt;= -180 and ${json_data["results"][0]["location"]["coordinates"]["longitude"]} &lt;= 180</arg>
<arg>Should Be True</arg>
<arg>${True}</arg>
<doc>Runs the given keyword with the given arguments, if ``condition`` is true.</doc>
<status status="PASS" start="2024-05-23T14:13:38.744384" elapsed="0.000934"/>
</kw>
<status status="PASS" start="2024-05-23T14:13:38.647998" elapsed="0.097453"/>
</kw>
<doc>Testa o conteúdo específico dos campos retornados pela API.</doc>
<tag>testeConteudo</tag>
<status status="PASS" start="2024-05-23T14:13:38.647492" elapsed="0.098098"/>
</test>
<status status="PASS" start="2024-05-23T14:13:37.854028" elapsed="0.893484"/>
</suite>
<status status="PASS" start="2024-05-23T14:13:37.840190" elapsed="0.912574"/>
</suite>
<statistics>
<total>
<stat pass="5" fail="0" skip="0">All Tests</stat>
</total>
<tag>
<stat pass="1" fail="0" skip="0">testeConteudo</stat>
<stat pass="1" fail="0" skip="0">testeEstruturaResposta</stat>
<stat pass="1" fail="0" skip="0">testeRequisicaoBasica</stat>
<stat pass="1" fail="0" skip="0">testeTiposDados</stat>
</tag>
<suite>
<stat pass="5" fail="0" skip="0" id="s1" name="Tests">Tests</stat>
<stat pass="5" fail="0" skip="0" id="s1-s1" name="Random-User-Test">Tests.Random-User-Test</stat>
</suite>
</statistics>
<errors>
</errors>
</robot>
