<?xml version="1.0" encoding="UTF-8"?>
<robot generator="Robot 7.0 (Python 3.12.3 on linux)" generated="2024-04-21T23:13:59.211413" rpa="false" schemaversion="5">
<suite id="s1" name="Tests" source="/home/runner/work/DesafioQAItauRogerioJordao/DesafioQAItauRogerioJordao/RamdonUser/tests">
<suite id="s1-s1" name="Random-User-Test" source="/home/runner/work/DesafioQAItauRogerioJordao/DesafioQAItauRogerioJordao/RamdonUser/tests/random-user-test.robot">
<test id="s1-s1-t1" name="Conectar" line="13">
<kw name="Conectar API" owner="random-user-service">
<kw name="Create Session" owner="RequestsLibrary">
<msg time="2024-04-21T23:13:59.567841" level="INFO">Creating Session using : alias=consultarAPI, url=https://randomuser.me/, headers={},                     cookies={}, auth=None, timeout=None, proxies=None, verify=False,                     debug=0 </msg>
<arg>consultarAPI</arg>
<arg>${URL}</arg>
<doc>Create Session: create a HTTP session to a server</doc>
<status status="PASS" start="2024-04-21T23:13:59.567643" elapsed="0.000372"/>
</kw>
<status status="PASS" start="2024-04-21T23:13:59.566676" elapsed="0.001688"/>
</kw>
<status status="PASS" start="2024-04-21T23:13:59.566169" elapsed="0.002386"/>
</test>
<test id="s1-s1-t2" name="Validar retorno 200 e JSON Válido" line="16">
<kw name="Teste de Requisicao Basica" owner="random-user-service">
<kw name="GET On Session" owner="RequestsLibrary">
<msg time="2024-04-21T23:13:59.740876" level="INFO">GET Request : url=https://randomuser.me/api 
 path_url=/api 
 headers={'User-Agent': 'python-requests/2.31.0', 'Accept-Encoding': 'gzip, deflate', 'Accept': '*/*', 'Connection': 'keep-alive'} 
 body=None 
 </msg>
<msg time="2024-04-21T23:13:59.741043" level="INFO">GET Response : url=https://randomuser.me/api 
 status=200, reason=OK 
 headers={'Date': 'Sun, 21 Apr 2024 23:13:59 GMT', 'Content-Type': 'application/json; charset=utf-8', 'Transfer-Encoding': 'chunked', 'Connection': 'keep-alive', 'X-Powered-By': 'Express', 'Access-Control-Allow-Origin': '*', 'Cache-Control': 'no-cache', 'ETag': 'W/"49e-svEhtKi7rbQHDcw+Sg41t8tiXn8"', 'Vary': 'Accept-Encoding', 'Content-Encoding': 'gzip', 'CF-Cache-Status': 'DYNAMIC', 'Report-To': '{"endpoints":[{"url":"https:\\/\\/a.nel.cloudflare.com\\/report\\/v4?s=nw7UTq0vfg2fmN%2FsbYYOVTWXmi71GFYSCGqoLZGSwsilYscKUiYXcKc5NEooVTGNlZqUX6hfY8%2Bp8pN6ABA8%2BQn7Ty9dhPW1uHJAAZry%2BxeHVMpzPzCyH8%2FRIY%2FDpMRQ"}],"group":"cf-nel","max_age":604800}', 'NEL': '{"success_fraction":0,"report_to":"cf-nel","max_age":604800}', 'Server': 'cloudflare', 'CF-RAY': '8781115c2fac6fe9-IAD', 'alt-svc': 'h3=":443"; ma=86400'} 
 body={"results":[{"gender":"male","name":{"title":"Monsieur","first":"Hassan","last":"Martin"},"location":{"street":{"number":8920,"name":"Avenue Debrousse"},"city":"Hinwil","state":"Glarus","country":"Switzerland","postcode":6697,"coordinates":{"latitude":"-59.2149","longitude":"-60.8226"},"timezone":{"offset":"+3:00","description":"Baghdad, Riyadh, Moscow, St. Petersburg"}},"email":"hassan.martin@example.com","login":{"uuid":"6a8e0652-f6f8-4a98-872f-0735a90c28ad","username":"blackzebra147","password":"huai","salt":"9A9IQJHU","md5":"9ae48e9227fa757716b6dee6a06a8368","sha1":"47244748a913da550c7579e5dc07454d91cba9de","sha256":"ff732e4da69dfef9ecffa605b73035fba4795e1490ef5a614c8ce32b905863ad"},"dob":{"date":"1970-10-11T06:19:02.147Z","age":53},"registered":{"date":"2006-07-17T14:25:53.827Z","age":17},"phone":"077 071 56 83","cell":"078 322 89 71","id":{"name":"AVS","value":"756.3901.7284.02"},"picture":{"large":"https://randomuser.me/api/portraits/men/37.jpg","medium":"https://randomuser.me/api/portraits/med/men/37.jpg","thumbnail":"https://randomuser.me/api/portraits/thumb/men/37.jpg"},"nat":"CH"}],"info":{"seed":"46d151c59d08300d","results":1,"page":1,"version":"1.4"}} 
 </msg>
<msg time="2024-04-21T23:13:59.741137" level="INFO">/opt/hostedtoolcache/Python/3.12.3/x64/lib/python3.12/site-packages/urllib3/connectionpool.py:1103: InsecureRequestWarning: Unverified HTTPS request is being made to host 'randomuser.me'. Adding certificate verification is strongly advised. See: https://urllib3.readthedocs.io/en/latest/advanced-usage.html#tls-warnings
  warnings.warn(</msg>
<msg time="2024-04-21T23:13:59.741296" level="INFO">${response} = &lt;Response [200]&gt;</msg>
<var>${response}</var>
<arg>consultarAPI</arg>
<arg>/api</arg>
<doc>Sends a GET request on a previously created HTTP Session.</doc>
<status status="PASS" start="2024-04-21T23:13:59.571155" elapsed="0.170174"/>
</kw>
<kw name="Should Be Equal As Numbers" owner="BuiltIn">
<msg time="2024-04-21T23:13:59.742312" level="INFO">Argument types are:
&lt;class 'int'&gt;
&lt;class 'str'&gt;</msg>
<arg>${response.status_code}</arg>
<arg>200</arg>
<doc>Fails if objects are unequal after converting them to real numbers.</doc>
<status status="PASS" start="2024-04-21T23:13:59.741843" elapsed="0.000535"/>
</kw>
<kw name="Log" owner="BuiltIn">
<msg time="2024-04-21T23:13:59.743105" level="INFO">200</msg>
<arg>${response.status_code}</arg>
<doc>Logs the given message with the given level.</doc>
<status status="PASS" start="2024-04-21T23:13:59.742750" elapsed="0.000397"/>
</kw>
<kw name="Set Variable" owner="BuiltIn">
<msg time="2024-04-21T23:13:59.743904" level="INFO">${json_data} = {'results': [{'gender': 'male', 'name': {'title': 'Monsieur', 'first': 'Hassan', 'last': 'Martin'}, 'location': {'street': {'number': 8920, 'name': 'Avenue Debrousse'}, 'city': 'Hinwil', 'state': 'Gla...</msg>
<var>${json_data}</var>
<arg>${response.json()}</arg>
<doc>Returns the given values which can then be assigned to a variables.</doc>
<status status="PASS" start="2024-04-21T23:13:59.743461" elapsed="0.000471"/>
</kw>
<kw name="Dictionary Should Contain Key" owner="Collections">
<msg time="2024-04-21T23:13:59.744403" level="INFO">False</msg>
<arg>${json_data}</arg>
<arg>results</arg>
<doc>Fails if ``key`` is not found from ``dictionary``.</doc>
<status status="PASS" start="2024-04-21T23:13:59.744232" elapsed="0.000211"/>
</kw>
<status status="PASS" start="2024-04-21T23:13:59.570902" elapsed="0.173802"/>
</kw>
<doc>Testa se a API responde corretamente e retorna um objeto JSON válido.</doc>
<tag>testeRequisicaoBasica</tag>
<status status="PASS" start="2024-04-21T23:13:59.570431" elapsed="0.174457"/>
</test>
<test id="s1-s1-t3" name="Validar estrutura de resposta" line="22">
<kw name="Teste de Estrutura de Resposta" owner="random-user-service">
<kw name="GET On Session" owner="RequestsLibrary">
<msg time="2024-04-21T23:13:59.843087" level="INFO">GET Request : url=https://randomuser.me/api 
 path_url=/api 
 headers={'User-Agent': 'python-requests/2.31.0', 'Accept-Encoding': 'gzip, deflate', 'Accept': '*/*', 'Connection': 'keep-alive'} 
 body=None 
 </msg>
<msg time="2024-04-21T23:13:59.843187" level="INFO">GET Response : url=https://randomuser.me/api 
 status=200, reason=OK 
 headers={'Date': 'Sun, 21 Apr 2024 23:13:59 GMT', 'Content-Type': 'application/json; charset=utf-8', 'Transfer-Encoding': 'chunked', 'Connection': 'keep-alive', 'X-Powered-By': 'Express', 'Access-Control-Allow-Origin': '*', 'Cache-Control': 'no-cache', 'ETag': 'W/"497-7+KgtDU+Bmq3NTHkWSLV1xGI/1s"', 'Vary': 'Accept-Encoding', 'Content-Encoding': 'gzip', 'CF-Cache-Status': 'DYNAMIC', 'Report-To': '{"endpoints":[{"url":"https:\\/\\/a.nel.cloudflare.com\\/report\\/v4?s=MPjNH3%2FSAKEWyt5ZvhVd4%2BD19HQad14MglxdP1y6r9iDBoq2Bnh3OWxChTkmee7cvcSaFZ9XA4M1tI9uWWIObuW5ERAzyIiAzDMrcTRMtc2zRp2iXmgcfiRW9QuzjY5F"}],"group":"cf-nel","max_age":604800}', 'NEL': '{"success_fraction":0,"report_to":"cf-nel","max_age":604800}', 'Server': 'cloudflare', 'CF-RAY': '8781115c68196fe9-IAD', 'alt-svc': 'h3=":443"; ma=86400'} 
 body={"results":[{"gender":"male","name":{"title":"Mr","first":"Ramiro","last":"Yáñez"},"location":{"street":{"number":5605,"name":"Privada Olmos"},"city":"Tepatepec","state":"Durango","country":"Mexico","postcode":59520,"coordinates":{"latitude":"24.3214","longitude":"-89.4590"},"timezone":{"offset":"+8:00","description":"Beijing, Perth, Singapore, Hong Kong"}},"email":"ramiro.yanez@example.com","login":{"uuid":"cfd8dd48-bee8-4937-b74f-272b4a366110","username":"crazyzebra240","password":"iloveyou1","salt":"R46GKlD9","md5":"e71d20114e5f05e31a3e968cb3737173","sha1":"c9ca10e233a754e6b09824b76c5dc5cfe5f27039","sha256":"7cd5938aa91dfea62ed4b04c35024d59738a9bdf446bfe1752bb6af4751a208d"},"dob":{"date":"1970-07-30T16:34:48.317Z","age":53},"registered":{"date":"2005-12-25T10:51:32.996Z","age":18},"phone":"(626) 134 1006","cell":"(663) 962 7585","id":{"name":"NSS","value":"17 67 96 5467 1"},"picture":{"large":"https://randomuser.me/api/portraits/men/71.jpg","medium":"https://randomuser.me/api/portraits/med/men/71.jpg","thumbnail":"https://randomuser.me/api/portraits/thumb/men/71.jpg"},"nat":"MX"}],"info":{"seed":"1c7d9f02b3f06014","results":1,"page":1,"version":"1.4"}} 
 </msg>
<msg time="2024-04-21T23:13:59.843319" level="INFO">/opt/hostedtoolcache/Python/3.12.3/x64/lib/python3.12/site-packages/urllib3/connectionpool.py:1103: InsecureRequestWarning: Unverified HTTPS request is being made to host 'randomuser.me'. Adding certificate verification is strongly advised. See: https://urllib3.readthedocs.io/en/latest/advanced-usage.html#tls-warnings
  warnings.warn(</msg>
<msg time="2024-04-21T23:13:59.843457" level="INFO">${response} = &lt;Response [200]&gt;</msg>
<var>${response}</var>
<arg>consultarAPI</arg>
<arg>/api</arg>
<doc>Sends a GET request on a previously created HTTP Session.</doc>
<status status="PASS" start="2024-04-21T23:13:59.747634" elapsed="0.095867"/>
</kw>
<kw name="Set Variable" owner="BuiltIn">
<msg time="2024-04-21T23:13:59.844450" level="INFO">${json_data} = {'results': [{'gender': 'male', 'name': {'title': 'Mr', 'first': 'Ramiro', 'last': 'Yáñez'}, 'location': {'street': {'number': 5605, 'name': 'Privada Olmos'}, 'city': 'Tepatepec', 'state': 'Durango', ...</msg>
<var>${json_data}</var>
<arg>${response.json()}</arg>
<doc>Returns the given values which can then be assigned to a variables.</doc>
<status status="PASS" start="2024-04-21T23:13:59.843935" elapsed="0.000545"/>
</kw>
<kw name="Log" owner="BuiltIn">
<msg time="2024-04-21T23:13:59.844967" level="INFO">{'results': [{'gender': 'male', 'name': {'title': 'Mr', 'first': 'Ramiro', 'last': 'Yáñez'}, 'location': {'street': {'number': 5605, 'name': 'Privada Olmos'}, 'city': 'Tepatepec', 'state': 'Durango', 'country': 'Mexico', 'postcode': 59520, 'coordinates': {'latitude': '24.3214', 'longitude': '-89.4590'}, 'timezone': {'offset': '+8:00', 'description': 'Beijing, Perth, Singapore, Hong Kong'}}, 'email': 'ramiro.yanez@example.com', 'login': {'uuid': 'cfd8dd48-bee8-4937-b74f-272b4a366110', 'username': 'crazyzebra240', 'password': 'iloveyou1', 'salt': 'R46GKlD9', 'md5': 'e71d20114e5f05e31a3e968cb3737173', 'sha1': 'c9ca10e233a754e6b09824b76c5dc5cfe5f27039', 'sha256': '7cd5938aa91dfea62ed4b04c35024d59738a9bdf446bfe1752bb6af4751a208d'}, 'dob': {'date': '1970-07-30T16:34:48.317Z', 'age': 53}, 'registered': {'date': '2005-12-25T10:51:32.996Z', 'age': 18}, 'phone': '(626) 134 1006', 'cell': '(663) 962 7585', 'id': {'name': 'NSS', 'value': '17 67 96 5467 1'}, 'picture': {'large': 'https://randomuser.me/api/portraits/men/71.jpg', 'medium': 'https://randomuser.me/api/portraits/med/men/71.jpg', 'thumbnail': 'https://randomuser.me/api/portraits/thumb/men/71.jpg'}, 'nat': 'MX'}], 'info': {'seed': '1c7d9f02b3f06014', 'results': 1, 'page': 1, 'version': '1.4'}}</msg>
<arg>${json_data}</arg>
<doc>Logs the given message with the given level.</doc>
<status status="PASS" start="2024-04-21T23:13:59.844801" elapsed="0.000216"/>
</kw>
<kw name="Dictionary Should Contain Key" owner="Collections">
<msg time="2024-04-21T23:13:59.845480" level="INFO">False</msg>
<arg>${json_data}</arg>
<arg>results</arg>
<doc>Fails if ``key`` is not found from ``dictionary``.</doc>
<status status="PASS" start="2024-04-21T23:13:59.845317" elapsed="0.000200"/>
</kw>
<kw name="Should Not Be Empty" owner="BuiltIn">
<msg time="2024-04-21T23:13:59.845947" level="INFO">Length is 2.</msg>
<arg>${json_data}</arg>
<doc>Verifies that the given item is not empty.</doc>
<status status="PASS" start="2024-04-21T23:13:59.845812" elapsed="0.000330"/>
</kw>
<kw name="Create List" owner="BuiltIn">
<msg time="2024-04-21T23:13:59.846597" level="INFO">${expected_keys} = ['gender', 'name', 'location', 'email', 'login']</msg>
<var>${expected_keys}</var>
<arg>gender</arg>
<arg>name</arg>
<arg>location</arg>
<arg>email</arg>
<arg>login</arg>
<doc>Returns a list containing given items.</doc>
<status status="PASS" start="2024-04-21T23:13:59.846440" elapsed="0.000182"/>
</kw>
<for flavor="IN">
<iter>
<kw name="Dictionary Should Contain Key" owner="Collections">
<msg time="2024-04-21T23:13:59.847679" level="INFO">False</msg>
<arg>${json_data['results'][0]}</arg>
<arg>${key}</arg>
<doc>Fails if ``key`` is not found from ``dictionary``.</doc>
<status status="PASS" start="2024-04-21T23:13:59.847274" elapsed="0.000443"/>
</kw>
<kw name="Log" owner="BuiltIn">
<msg time="2024-04-21T23:13:59.848398" level="INFO">{'gender': 'male', 'name': {'title': 'Mr', 'first': 'Ramiro', 'last': 'Yáñez'}, 'location': {'street': {'number': 5605, 'name': 'Privada Olmos'}, 'city': 'Tepatepec', 'state': 'Durango', 'country': 'Mexico', 'postcode': 59520, 'coordinates': {'latitude': '24.3214', 'longitude': '-89.4590'}, 'timezone': {'offset': '+8:00', 'description': 'Beijing, Perth, Singapore, Hong Kong'}}, 'email': 'ramiro.yanez@example.com', 'login': {'uuid': 'cfd8dd48-bee8-4937-b74f-272b4a366110', 'username': 'crazyzebra240', 'password': 'iloveyou1', 'salt': 'R46GKlD9', 'md5': 'e71d20114e5f05e31a3e968cb3737173', 'sha1': 'c9ca10e233a754e6b09824b76c5dc5cfe5f27039', 'sha256': '7cd5938aa91dfea62ed4b04c35024d59738a9bdf446bfe1752bb6af4751a208d'}, 'dob': {'date': '1970-07-30T16:34:48.317Z', 'age': 53}, 'registered': {'date': '2005-12-25T10:51:32.996Z', 'age': 18}, 'phone': '(626) 134 1006', 'cell': '(663) 962 7585', 'id': {'name': 'NSS', 'value': '17 67 96 5467 1'}, 'picture': {'large': 'https://randomuser.me/api/portraits/men/71.jpg', 'medium': 'https://randomuser.me/api/portraits/med/men/71.jpg', 'thumbnail': 'https://randomuser.me/api/portraits/thumb/men/71.jpg'}, 'nat': 'MX'}</msg>
<arg>${json_data['results'][0]}</arg>
<doc>Logs the given message with the given level.</doc>
<status status="PASS" start="2024-04-21T23:13:59.848021" elapsed="0.000428"/>
</kw>
<kw name="Log" owner="BuiltIn">
<msg time="2024-04-21T23:13:59.848873" level="INFO">gender</msg>
<arg>${key}</arg>
<doc>Logs the given message with the given level.</doc>
<status status="PASS" start="2024-04-21T23:13:59.848745" elapsed="0.000165"/>
</kw>
<var name="${key}">gender</var>
<status status="PASS" start="2024-04-21T23:13:59.847145" elapsed="0.001978"/>
</iter>
<iter>
<kw name="Dictionary Should Contain Key" owner="Collections">
<msg time="2024-04-21T23:13:59.849812" level="INFO">False</msg>
<arg>${json_data['results'][0]}</arg>
<arg>${key}</arg>
<doc>Fails if ``key`` is not found from ``dictionary``.</doc>
<status status="PASS" start="2024-04-21T23:13:59.849426" elapsed="0.000422"/>
</kw>
<kw name="Log" owner="BuiltIn">
<msg time="2024-04-21T23:13:59.850537" level="INFO">{'gender': 'male', 'name': {'title': 'Mr', 'first': 'Ramiro', 'last': 'Yáñez'}, 'location': {'street': {'number': 5605, 'name': 'Privada Olmos'}, 'city': 'Tepatepec', 'state': 'Durango', 'country': 'Mexico', 'postcode': 59520, 'coordinates': {'latitude': '24.3214', 'longitude': '-89.4590'}, 'timezone': {'offset': '+8:00', 'description': 'Beijing, Perth, Singapore, Hong Kong'}}, 'email': 'ramiro.yanez@example.com', 'login': {'uuid': 'cfd8dd48-bee8-4937-b74f-272b4a366110', 'username': 'crazyzebra240', 'password': 'iloveyou1', 'salt': 'R46GKlD9', 'md5': 'e71d20114e5f05e31a3e968cb3737173', 'sha1': 'c9ca10e233a754e6b09824b76c5dc5cfe5f27039', 'sha256': '7cd5938aa91dfea62ed4b04c35024d59738a9bdf446bfe1752bb6af4751a208d'}, 'dob': {'date': '1970-07-30T16:34:48.317Z', 'age': 53}, 'registered': {'date': '2005-12-25T10:51:32.996Z', 'age': 18}, 'phone': '(626) 134 1006', 'cell': '(663) 962 7585', 'id': {'name': 'NSS', 'value': '17 67 96 5467 1'}, 'picture': {'large': 'https://randomuser.me/api/portraits/men/71.jpg', 'medium': 'https://randomuser.me/api/portraits/med/men/71.jpg', 'thumbnail': 'https://randomuser.me/api/portraits/thumb/men/71.jpg'}, 'nat': 'MX'}</msg>
<arg>${json_data['results'][0]}</arg>
<doc>Logs the given message with the given level.</doc>
<status status="PASS" start="2024-04-21T23:13:59.850166" elapsed="0.000421"/>
</kw>
<kw name="Log" owner="BuiltIn">
<msg time="2024-04-21T23:13:59.851039" level="INFO">name</msg>
<arg>${key}</arg>
<doc>Logs the given message with the given level.</doc>
<status status="PASS" start="2024-04-21T23:13:59.850912" elapsed="0.000164"/>
</kw>
<var name="${key}">name</var>
<status status="PASS" start="2024-04-21T23:13:59.849310" elapsed="0.001979"/>
</iter>
<iter>
<kw name="Dictionary Should Contain Key" owner="Collections">
<msg time="2024-04-21T23:13:59.851967" level="INFO">False</msg>
<arg>${json_data['results'][0]}</arg>
<arg>${key}</arg>
<doc>Fails if ``key`` is not found from ``dictionary``.</doc>
<status status="PASS" start="2024-04-21T23:13:59.851578" elapsed="0.000426"/>
</kw>
<kw name="Log" owner="BuiltIn">
<msg time="2024-04-21T23:13:59.852665" level="INFO">{'gender': 'male', 'name': {'title': 'Mr', 'first': 'Ramiro', 'last': 'Yáñez'}, 'location': {'street': {'number': 5605, 'name': 'Privada Olmos'}, 'city': 'Tepatepec', 'state': 'Durango', 'country': 'Mexico', 'postcode': 59520, 'coordinates': {'latitude': '24.3214', 'longitude': '-89.4590'}, 'timezone': {'offset': '+8:00', 'description': 'Beijing, Perth, Singapore, Hong Kong'}}, 'email': 'ramiro.yanez@example.com', 'login': {'uuid': 'cfd8dd48-bee8-4937-b74f-272b4a366110', 'username': 'crazyzebra240', 'password': 'iloveyou1', 'salt': 'R46GKlD9', 'md5': 'e71d20114e5f05e31a3e968cb3737173', 'sha1': 'c9ca10e233a754e6b09824b76c5dc5cfe5f27039', 'sha256': '7cd5938aa91dfea62ed4b04c35024d59738a9bdf446bfe1752bb6af4751a208d'}, 'dob': {'date': '1970-07-30T16:34:48.317Z', 'age': 53}, 'registered': {'date': '2005-12-25T10:51:32.996Z', 'age': 18}, 'phone': '(626) 134 1006', 'cell': '(663) 962 7585', 'id': {'name': 'NSS', 'value': '17 67 96 5467 1'}, 'picture': {'large': 'https://randomuser.me/api/portraits/men/71.jpg', 'medium': 'https://randomuser.me/api/portraits/med/men/71.jpg', 'thumbnail': 'https://randomuser.me/api/portraits/thumb/men/71.jpg'}, 'nat': 'MX'}</msg>
<arg>${json_data['results'][0]}</arg>
<doc>Logs the given message with the given level.</doc>
<status status="PASS" start="2024-04-21T23:13:59.852303" elapsed="0.000411"/>
</kw>
<kw name="Log" owner="BuiltIn">
<msg time="2024-04-21T23:13:59.853132" level="INFO">location</msg>
<arg>${key}</arg>
<doc>Logs the given message with the given level.</doc>
<status status="PASS" start="2024-04-21T23:13:59.853007" elapsed="0.000162"/>
</kw>
<var name="${key}">location</var>
<status status="PASS" start="2024-04-21T23:13:59.851467" elapsed="0.001916"/>
</iter>
<iter>
<kw name="Dictionary Should Contain Key" owner="Collections">
<msg time="2024-04-21T23:13:59.854053" level="INFO">False</msg>
<arg>${json_data['results'][0]}</arg>
<arg>${key}</arg>
<doc>Fails if ``key`` is not found from ``dictionary``.</doc>
<status status="PASS" start="2024-04-21T23:13:59.853667" elapsed="0.000423"/>
</kw>
<kw name="Log" owner="BuiltIn">
<msg time="2024-04-21T23:13:59.854800" level="INFO">{'gender': 'male', 'name': {'title': 'Mr', 'first': 'Ramiro', 'last': 'Yáñez'}, 'location': {'street': {'number': 5605, 'name': 'Privada Olmos'}, 'city': 'Tepatepec', 'state': 'Durango', 'country': 'Mexico', 'postcode': 59520, 'coordinates': {'latitude': '24.3214', 'longitude': '-89.4590'}, 'timezone': {'offset': '+8:00', 'description': 'Beijing, Perth, Singapore, Hong Kong'}}, 'email': 'ramiro.yanez@example.com', 'login': {'uuid': 'cfd8dd48-bee8-4937-b74f-272b4a366110', 'username': 'crazyzebra240', 'password': 'iloveyou1', 'salt': 'R46GKlD9', 'md5': 'e71d20114e5f05e31a3e968cb3737173', 'sha1': 'c9ca10e233a754e6b09824b76c5dc5cfe5f27039', 'sha256': '7cd5938aa91dfea62ed4b04c35024d59738a9bdf446bfe1752bb6af4751a208d'}, 'dob': {'date': '1970-07-30T16:34:48.317Z', 'age': 53}, 'registered': {'date': '2005-12-25T10:51:32.996Z', 'age': 18}, 'phone': '(626) 134 1006', 'cell': '(663) 962 7585', 'id': {'name': 'NSS', 'value': '17 67 96 5467 1'}, 'picture': {'large': 'https://randomuser.me/api/portraits/men/71.jpg', 'medium': 'https://randomuser.me/api/portraits/med/men/71.jpg', 'thumbnail': 'https://randomuser.me/api/portraits/thumb/men/71.jpg'}, 'nat': 'MX'}</msg>
<arg>${json_data['results'][0]}</arg>
<doc>Logs the given message with the given level.</doc>
<status status="PASS" start="2024-04-21T23:13:59.854386" elapsed="0.000467"/>
</kw>
<kw name="Log" owner="BuiltIn">
<msg time="2024-04-21T23:13:59.855276" level="INFO">email</msg>
<arg>${key}</arg>
<doc>Logs the given message with the given level.</doc>
<status status="PASS" start="2024-04-21T23:13:59.855150" elapsed="0.000163"/>
</kw>
<var name="${key}">email</var>
<status status="PASS" start="2024-04-21T23:13:59.853556" elapsed="0.001969"/>
</iter>
<iter>
<kw name="Dictionary Should Contain Key" owner="Collections">
<msg time="2024-04-21T23:13:59.856195" level="INFO">False</msg>
<arg>${json_data['results'][0]}</arg>
<arg>${key}</arg>
<doc>Fails if ``key`` is not found from ``dictionary``.</doc>
<status status="PASS" start="2024-04-21T23:13:59.855807" elapsed="0.000424"/>
</kw>
<kw name="Log" owner="BuiltIn">
<msg time="2024-04-21T23:13:59.856893" level="INFO">{'gender': 'male', 'name': {'title': 'Mr', 'first': 'Ramiro', 'last': 'Yáñez'}, 'location': {'street': {'number': 5605, 'name': 'Privada Olmos'}, 'city': 'Tepatepec', 'state': 'Durango', 'country': 'Mexico', 'postcode': 59520, 'coordinates': {'latitude': '24.3214', 'longitude': '-89.4590'}, 'timezone': {'offset': '+8:00', 'description': 'Beijing, Perth, Singapore, Hong Kong'}}, 'email': 'ramiro.yanez@example.com', 'login': {'uuid': 'cfd8dd48-bee8-4937-b74f-272b4a366110', 'username': 'crazyzebra240', 'password': 'iloveyou1', 'salt': 'R46GKlD9', 'md5': 'e71d20114e5f05e31a3e968cb3737173', 'sha1': 'c9ca10e233a754e6b09824b76c5dc5cfe5f27039', 'sha256': '7cd5938aa91dfea62ed4b04c35024d59738a9bdf446bfe1752bb6af4751a208d'}, 'dob': {'date': '1970-07-30T16:34:48.317Z', 'age': 53}, 'registered': {'date': '2005-12-25T10:51:32.996Z', 'age': 18}, 'phone': '(626) 134 1006', 'cell': '(663) 962 7585', 'id': {'name': 'NSS', 'value': '17 67 96 5467 1'}, 'picture': {'large': 'https://randomuser.me/api/portraits/men/71.jpg', 'medium': 'https://randomuser.me/api/portraits/med/men/71.jpg', 'thumbnail': 'https://randomuser.me/api/portraits/thumb/men/71.jpg'}, 'nat': 'MX'}</msg>
<arg>${json_data['results'][0]}</arg>
<doc>Logs the given message with the given level.</doc>
<status status="PASS" start="2024-04-21T23:13:59.856524" elapsed="0.000418"/>
</kw>
<kw name="Log" owner="BuiltIn">
<msg time="2024-04-21T23:13:59.857362" level="INFO">login</msg>
<arg>${key}</arg>
<doc>Logs the given message with the given level.</doc>
<status status="PASS" start="2024-04-21T23:13:59.857236" elapsed="0.000164"/>
</kw>
<var name="${key}">login</var>
<status status="PASS" start="2024-04-21T23:13:59.855696" elapsed="0.001939"/>
</iter>
<var>${key}</var>
<value>@{expected_keys}</value>
<status status="PASS" start="2024-04-21T23:13:59.846939" elapsed="0.010819"/>
</for>
<kw name="Create List" owner="BuiltIn">
<msg time="2024-04-21T23:13:59.858084" level="INFO">${expected_keysTwo} = ['username', 'password']</msg>
<var>${expected_keysTwo}</var>
<arg>username</arg>
<arg>password</arg>
<doc>Returns a list containing given items.</doc>
<status status="PASS" start="2024-04-21T23:13:59.857949" elapsed="0.000159"/>
</kw>
<for flavor="IN">
<iter>
<kw name="Dictionary Should Contain Key" owner="Collections">
<msg time="2024-04-21T23:13:59.859019" level="INFO">False</msg>
<arg>${json_data['results'][0]['login']}</arg>
<arg>${keyTwo}</arg>
<doc>Fails if ``key`` is not found from ``dictionary``.</doc>
<status status="PASS" start="2024-04-21T23:13:59.858607" elapsed="0.000449"/>
</kw>
<kw name="Dictionary Should Contain Key" owner="Collections">
<msg time="2024-04-21T23:13:59.859732" level="INFO">False</msg>
<arg>${json_data['results'][0]['login']}</arg>
<arg>${keyTwo}</arg>
<doc>Fails if ``key`` is not found from ``dictionary``.</doc>
<status status="PASS" start="2024-04-21T23:13:59.859348" elapsed="0.000421"/>
</kw>
<kw name="Log" owner="BuiltIn">
<msg time="2024-04-21T23:13:59.860184" level="INFO">username</msg>
<arg>${keyTwo}</arg>
<doc>Logs the given message with the given level.</doc>
<status status="PASS" start="2024-04-21T23:13:59.860057" elapsed="0.000169"/>
</kw>
<var name="${keyTwo}">username</var>
<status status="PASS" start="2024-04-21T23:13:59.858496" elapsed="0.001943"/>
</iter>
<iter>
<kw name="Dictionary Should Contain Key" owner="Collections">
<msg time="2024-04-21T23:13:59.861189" level="INFO">False</msg>
<arg>${json_data['results'][0]['login']}</arg>
<arg>${keyTwo}</arg>
<doc>Fails if ``key`` is not found from ``dictionary``.</doc>
<status status="PASS" start="2024-04-21T23:13:59.860724" elapsed="0.000513"/>
</kw>
<kw name="Dictionary Should Contain Key" owner="Collections">
<msg time="2024-04-21T23:13:59.861913" level="INFO">False</msg>
<arg>${json_data['results'][0]['login']}</arg>
<arg>${keyTwo}</arg>
<doc>Fails if ``key`` is not found from ``dictionary``.</doc>
<status status="PASS" start="2024-04-21T23:13:59.861533" elapsed="0.000416"/>
</kw>
<kw name="Log" owner="BuiltIn">
<msg time="2024-04-21T23:13:59.862363" level="INFO">password</msg>
<arg>${keyTwo}</arg>
<doc>Logs the given message with the given level.</doc>
<status status="PASS" start="2024-04-21T23:13:59.862239" elapsed="0.000162"/>
</kw>
<var name="${keyTwo}">password</var>
<status status="PASS" start="2024-04-21T23:13:59.860614" elapsed="0.001999"/>
</iter>
<var>${keyTwo}</var>
<value>@{expected_keysTwo}</value>
<status status="PASS" start="2024-04-21T23:13:59.858341" elapsed="0.004432"/>
</for>
<status status="PASS" start="2024-04-21T23:13:59.747397" elapsed="0.115519"/>
</kw>
<doc>Testa a estrutura da resposta da API.</doc>
<tag>testeEstruturaResposta</tag>
<status status="PASS" start="2024-04-21T23:13:59.746789" elapsed="0.116283"/>
</test>
<test id="s1-s1-t4" name="Validar tipos de dados" line="28">
<kw name="Teste de Tipos de Dados" owner="random-user-service">
<kw name="GET On Session" owner="RequestsLibrary">
<msg time="2024-04-21T23:13:59.947167" level="INFO">GET Request : url=https://randomuser.me/api 
 path_url=/api 
 headers={'User-Agent': 'python-requests/2.31.0', 'Accept-Encoding': 'gzip, deflate', 'Accept': '*/*', 'Connection': 'keep-alive'} 
 body=None 
 </msg>
<msg time="2024-04-21T23:13:59.947267" level="INFO">GET Response : url=https://randomuser.me/api 
 status=200, reason=OK 
 headers={'Date': 'Sun, 21 Apr 2024 23:13:59 GMT', 'Content-Type': 'application/json; charset=utf-8', 'Transfer-Encoding': 'chunked', 'Connection': 'keep-alive', 'X-Powered-By': 'Express', 'Access-Control-Allow-Origin': '*', 'Cache-Control': 'no-cache', 'ETag': 'W/"498-VitjMr2wvtirxVMkl5Gl0OgonYs"', 'Vary': 'Accept-Encoding', 'Content-Encoding': 'gzip', 'CF-Cache-Status': 'DYNAMIC', 'Report-To': '{"endpoints":[{"url":"https:\\/\\/a.nel.cloudflare.com\\/report\\/v4?s=EN0svT8Jwf4Z0ceQ%2B5Mf5b6BR4MJA%2FykptVF0wkB96ZIAUj%2FuqxjxMWBUVTDqwfANiiFPFKfcU8Rng3EXZd3W5VCgp023rIl%2BVaWq3zstocJ2ng169t6lvpyooZRkvZl"}],"group":"cf-nel","max_age":604800}', 'NEL': '{"success_fraction":0,"report_to":"cf-nel","max_age":604800}', 'Server': 'cloudflare', 'CF-RAY': '8781115d291a6fe9-IAD', 'alt-svc': 'h3=":443"; ma=86400'} 
 body={"results":[{"gender":"female","name":{"title":"Ms","first":"Grace","last":"Singh"},"location":{"street":{"number":4409,"name":"Napier-Hastings Expressway"},"city":"Wellington","state":"Waikato","country":"New Zealand","postcode":99742,"coordinates":{"latitude":"48.8571","longitude":"21.1179"},"timezone":{"offset":"+4:00","description":"Abu Dhabi, Muscat, Baku, Tbilisi"}},"email":"grace.singh@example.com","login":{"uuid":"5ac979ed-f8bd-41d6-9ed6-c1f1a1534b81","username":"happypeacock175","password":"skinny","salt":"GR3f1yZ5","md5":"50b6d45eaf0df743e302863889f5c185","sha1":"2515be655a6214798c1b919b4eaa6436c43ff7a1","sha256":"1bae838ccb4c901208a82c1b28f92c45f5a9cfb410b73dcdf33f340b4c8900e9"},"dob":{"date":"1999-03-31T01:05:25.659Z","age":25},"registered":{"date":"2003-10-02T18:22:16.907Z","age":20},"phone":"(031)-275-0218","cell":"(473)-055-8889","id":{"name":"","value":null},"picture":{"large":"https://randomuser.me/api/portraits/women/60.jpg","medium":"https://randomuser.me/api/portraits/med/women/60.jpg","thumbnail":"https://randomuser.me/api/portraits/thumb/women/60.jpg"},"nat":"NZ"}],"info":{"seed":"2a817fed28a65fa2","results":1,"page":1,"version":"1.4"}} 
 </msg>
<msg time="2024-04-21T23:13:59.947344" level="INFO">/opt/hostedtoolcache/Python/3.12.3/x64/lib/python3.12/site-packages/urllib3/connectionpool.py:1103: InsecureRequestWarning: Unverified HTTPS request is being made to host 'randomuser.me'. Adding certificate verification is strongly advised. See: https://urllib3.readthedocs.io/en/latest/advanced-usage.html#tls-warnings
  warnings.warn(</msg>
<msg time="2024-04-21T23:13:59.947496" level="INFO">${response} = &lt;Response [200]&gt;</msg>
<var>${response}</var>
<arg>consultarAPI</arg>
<arg>/api</arg>
<doc>Sends a GET request on a previously created HTTP Session.</doc>
<status status="PASS" start="2024-04-21T23:13:59.865620" elapsed="0.081919"/>
</kw>
<kw name="Set Variable" owner="BuiltIn">
<msg time="2024-04-21T23:13:59.948495" level="INFO">${json_data} = {'results': [{'gender': 'female', 'name': {'title': 'Ms', 'first': 'Grace', 'last': 'Singh'}, 'location': {'street': {'number': 4409, 'name': 'Napier-Hastings Expressway'}, 'city': 'Wellington', 'stat...</msg>
<var>${json_data}</var>
<arg>${response.json()}</arg>
<doc>Returns the given values which can then be assigned to a variables.</doc>
<status status="PASS" start="2024-04-21T23:13:59.947992" elapsed="0.000532"/>
</kw>
<kw name="Log" owner="BuiltIn">
<msg time="2024-04-21T23:13:59.949005" level="INFO">{'results': [{'gender': 'female', 'name': {'title': 'Ms', 'first': 'Grace', 'last': 'Singh'}, 'location': {'street': {'number': 4409, 'name': 'Napier-Hastings Expressway'}, 'city': 'Wellington', 'state': 'Waikato', 'country': 'New Zealand', 'postcode': 99742, 'coordinates': {'latitude': '48.8571', 'longitude': '21.1179'}, 'timezone': {'offset': '+4:00', 'description': 'Abu Dhabi, Muscat, Baku, Tbilisi'}}, 'email': 'grace.singh@example.com', 'login': {'uuid': '5ac979ed-f8bd-41d6-9ed6-c1f1a1534b81', 'username': 'happypeacock175', 'password': 'skinny', 'salt': 'GR3f1yZ5', 'md5': '50b6d45eaf0df743e302863889f5c185', 'sha1': '2515be655a6214798c1b919b4eaa6436c43ff7a1', 'sha256': '1bae838ccb4c901208a82c1b28f92c45f5a9cfb410b73dcdf33f340b4c8900e9'}, 'dob': {'date': '1999-03-31T01:05:25.659Z', 'age': 25}, 'registered': {'date': '2003-10-02T18:22:16.907Z', 'age': 20}, 'phone': '(031)-275-0218', 'cell': '(473)-055-8889', 'id': {'name': '', 'value': None}, 'picture': {'large': 'https://randomuser.me/api/portraits/women/60.jpg', 'medium': 'https://randomuser.me/api/portraits/med/women/60.jpg', 'thumbnail': 'https://randomuser.me/api/portraits/thumb/women/60.jpg'}, 'nat': 'NZ'}], 'info': {'seed': '2a817fed28a65fa2', 'results': 1, 'page': 1, 'version': '1.4'}}</msg>
<arg>${json_data}</arg>
<doc>Logs the given message with the given level.</doc>
<status status="PASS" start="2024-04-21T23:13:59.948847" elapsed="0.000241"/>
</kw>
<kw name="Should Be String" owner="String">
<arg>${json_data['results'][0]['gender']}</arg>
<doc>Fails if the given ``item`` is not a string.</doc>
<status status="PASS" start="2024-04-21T23:13:59.949389" elapsed="0.000363"/>
</kw>
<kw name="Should Match Regexp" owner="BuiltIn">
<arg>${json_data['results'][0]['email']}</arg>
<arg>^[a-zA-Z0-9._%+-]+@[a-zA-Z0-9.-]+\.[a-zA-Z]{2,}$</arg>
<doc>Fails if ``string`` does not match ``pattern`` as a regular expression.</doc>
<status status="PASS" start="2024-04-21T23:13:59.949944" elapsed="0.000535"/>
</kw>
<kw name="Should Match Regexp" owner="BuiltIn">
<arg>${json_data['results'][0]['dob']['date']}</arg>
<arg>\\d{4}-\\d{2}-\\d{2}T\\d{2}:\\d{2}:\\d{2}\\.\\d{3}Z</arg>
<doc>Fails if ``string`` does not match ``pattern`` as a regular expression.</doc>
<status status="PASS" start="2024-04-21T23:13:59.950678" elapsed="0.000522"/>
</kw>
<kw name="Should Match Regexp" owner="BuiltIn">
<arg>${json_data['results'][0]['registered']['date']}</arg>
<arg>\\d{4}-\\d{2}-\\d{2}T\\d{2}:\\d{2}:\\d{2}\\.\\d{3}Z</arg>
<doc>Fails if ``string`` does not match ``pattern`` as a regular expression.</doc>
<status status="PASS" start="2024-04-21T23:13:59.951392" elapsed="0.000368"/>
</kw>
<kw name="Should Match Regexp" owner="BuiltIn">
<arg>${json_data['results'][0]['picture']['large']}</arg>
<arg>^https?://.*\.(?:png|jpe?g|gif|bmp)$</arg>
<doc>Fails if ``string`` does not match ``pattern`` as a regular expression.</doc>
<status status="PASS" start="2024-04-21T23:13:59.951948" elapsed="0.000465"/>
</kw>
<kw name="Should Match Regexp" owner="BuiltIn">
<arg>${json_data['results'][0]['picture']['medium']}</arg>
<arg>^https?://.*\.(?:png|jpe?g|gif|bmp)$</arg>
<doc>Fails if ``string`` does not match ``pattern`` as a regular expression.</doc>
<status status="PASS" start="2024-04-21T23:13:59.952599" elapsed="0.000359"/>
</kw>
<kw name="Should Match Regexp" owner="BuiltIn">
<arg>${json_data['results'][0]['picture']['thumbnail']}</arg>
<arg>^https?://.*\.(?:png|jpe?g|gif|bmp)$</arg>
<doc>Fails if ``string`` does not match ``pattern`` as a regular expression.</doc>
<status status="PASS" start="2024-04-21T23:13:59.953144" elapsed="0.000350"/>
</kw>
<kw name="Log" owner="BuiltIn">
<msg time="2024-04-21T23:13:59.953996" level="INFO">{'large': 'https://randomuser.me/api/portraits/women/60.jpg', 'medium': 'https://randomuser.me/api/portraits/med/women/60.jpg', 'thumbnail': 'https://randomuser.me/api/portraits/thumb/women/60.jpg'}</msg>
<arg>${json_data['results'][0]['picture']}</arg>
<doc>Logs the given message with the given level.</doc>
<status status="PASS" start="2024-04-21T23:13:59.953674" elapsed="0.000363"/>
</kw>
<status status="PASS" start="2024-04-21T23:13:59.865393" elapsed="0.088900"/>
</kw>
<kw name="Teste de Tipos de Dados - Postcode" owner="random-user-service">
<kw name="GET On Session" owner="RequestsLibrary">
<msg time="2024-04-21T23:14:00.046186" level="INFO">GET Request : url=https://randomuser.me/api 
 path_url=/api 
 headers={'User-Agent': 'python-requests/2.31.0', 'Accept-Encoding': 'gzip, deflate', 'Accept': '*/*', 'Connection': 'keep-alive'} 
 body=None 
 </msg>
<msg time="2024-04-21T23:14:00.046297" level="INFO">GET Response : url=https://randomuser.me/api 
 status=200, reason=OK 
 headers={'Date': 'Sun, 21 Apr 2024 23:14:00 GMT', 'Content-Type': 'application/json; charset=utf-8', 'Transfer-Encoding': 'chunked', 'Connection': 'keep-alive', 'X-Powered-By': 'Express', 'Access-Control-Allow-Origin': '*', 'Cache-Control': 'no-cache', 'ETag': 'W/"495-cDoRgIg2Vy+MOuGrNo1tkAqZBMw"', 'Vary': 'Accept-Encoding', 'Content-Encoding': 'gzip', 'CF-Cache-Status': 'DYNAMIC', 'Report-To': '{"endpoints":[{"url":"https:\\/\\/a.nel.cloudflare.com\\/report\\/v4?s=kAQSb65xQPppJ3wRVTA8QwJv1gxBb4kDPTWfXbykAk0d7GF%2Bj3NQ8XrgXpF3LlbwV1%2F%2BElAP3fI7XiF9bIxH66E%2FJClqYo5j52zJsSbSPvySqastEgdHceQ6zrKreyj3"}],"group":"cf-nel","max_age":604800}', 'NEL': '{"success_fraction":0,"report_to":"cf-nel","max_age":604800}', 'Server': 'cloudflare', 'CF-RAY': '8781115db9b76fe9-IAD', 'alt-svc': 'h3=":443"; ma=86400'} 
 body={"results":[{"gender":"female","name":{"title":"Mrs","first":"مریم","last":"حیدری"},"location":{"street":{"number":6138,"name":"15 خرداد"},"city":"تبریز","state":"اردبیل","country":"Iran","postcode":54601,"coordinates":{"latitude":"12.8839","longitude":"49.6005"},"timezone":{"offset":"+5:00","description":"Ekaterinburg, Islamabad, Karachi, Tashkent"}},"email":"mrym.hydry@example.com","login":{"uuid":"a27b9041-76bb-4473-8e12-db9ff4697d5e","username":"blacksnake727","password":"barry1","salt":"zRTtBmb5","md5":"28076dedd5de6f9926849cb58a2aab1e","sha1":"c0be4154046e55bd54b7933ecb412481672494ac","sha256":"a02c10006ec818f8a2c612d4afc38190f7a7cc0d28619fe084f63372a69aa3f4"},"dob":{"date":"1977-11-24T09:27:03.640Z","age":46},"registered":{"date":"2021-10-01T10:38:30.719Z","age":2},"phone":"033-54839924","cell":"0902-859-7706","id":{"name":"","value":null},"picture":{"large":"https://randomuser.me/api/portraits/women/93.jpg","medium":"https://randomuser.me/api/portraits/med/women/93.jpg","thumbnail":"https://randomuser.me/api/portraits/thumb/women/93.jpg"},"nat":"IR"}],"info":{"seed":"a2413888c01513c3","results":1,"page":1,"version":"1.4"}} 
 </msg>
<msg time="2024-04-21T23:14:00.046389" level="INFO">/opt/hostedtoolcache/Python/3.12.3/x64/lib/python3.12/site-packages/urllib3/connectionpool.py:1103: InsecureRequestWarning: Unverified HTTPS request is being made to host 'randomuser.me'. Adding certificate verification is strongly advised. See: https://urllib3.readthedocs.io/en/latest/advanced-usage.html#tls-warnings
  warnings.warn(</msg>
<msg time="2024-04-21T23:14:00.046548" level="INFO">${response} = &lt;Response [200]&gt;</msg>
<var>${response}</var>
<arg>consultarAPI</arg>
<arg>/api</arg>
<doc>Sends a GET request on a previously created HTTP Session.</doc>
<status status="PASS" start="2024-04-21T23:13:59.954790" elapsed="0.091808"/>
</kw>
<kw name="Set Variable" owner="BuiltIn">
<msg time="2024-04-21T23:14:00.047704" level="INFO">${json_data} = {'results': [{'gender': 'female', 'name': {'title': 'Mrs', 'first': 'مریم', 'last': 'حیدری'}, 'location': {'street': {'number': 6138, 'name': '15 خرداد'}, 'city': 'تبریز', 'state': 'اردبیل', 'country'...</msg>
<var>${json_data}</var>
<arg>${response.json()}</arg>
<doc>Returns the given values which can then be assigned to a variables.</doc>
<status status="PASS" start="2024-04-21T23:14:00.047175" elapsed="0.000560"/>
</kw>
<kw name="Log" owner="BuiltIn">
<msg time="2024-04-21T23:14:00.048206" level="INFO">{'results': [{'gender': 'female', 'name': {'title': 'Mrs', 'first': 'مریم', 'last': 'حیدری'}, 'location': {'street': {'number': 6138, 'name': '15 خرداد'}, 'city': 'تبریز', 'state': 'اردبیل', 'country': 'Iran', 'postcode': 54601, 'coordinates': {'latitude': '12.8839', 'longitude': '49.6005'}, 'timezone': {'offset': '+5:00', 'description': 'Ekaterinburg, Islamabad, Karachi, Tashkent'}}, 'email': 'mrym.hydry@example.com', 'login': {'uuid': 'a27b9041-76bb-4473-8e12-db9ff4697d5e', 'username': 'blacksnake727', 'password': 'barry1', 'salt': 'zRTtBmb5', 'md5': '28076dedd5de6f9926849cb58a2aab1e', 'sha1': 'c0be4154046e55bd54b7933ecb412481672494ac', 'sha256': 'a02c10006ec818f8a2c612d4afc38190f7a7cc0d28619fe084f63372a69aa3f4'}, 'dob': {'date': '1977-11-24T09:27:03.640Z', 'age': 46}, 'registered': {'date': '2021-10-01T10:38:30.719Z', 'age': 2}, 'phone': '033-54839924', 'cell': '0902-859-7706', 'id': {'name': '', 'value': None}, 'picture': {'large': 'https://randomuser.me/api/portraits/women/93.jpg', 'medium': 'https://randomuser.me/api/portraits/med/women/93.jpg', 'thumbnail': 'https://randomuser.me/api/portraits/thumb/women/93.jpg'}, 'nat': 'IR'}], 'info': {'seed': 'a2413888c01513c3', 'results': 1, 'page': 1, 'version': '1.4'}}</msg>
<arg>${json_data}</arg>
<doc>Logs the given message with the given level.</doc>
<status status="PASS" start="2024-04-21T23:14:00.048045" elapsed="0.000248"/>
</kw>
<kw name="Should Be Equal As Numbers" owner="BuiltIn">
<arg>${json_data['results'][0]['location']['postcode']}</arg>
<arg>${json_data['results'][0]['location']['postcode']}</arg>
<doc>Fails if objects are unequal after converting them to real numbers.</doc>
<status status="PASS" start="2024-04-21T23:14:00.048772" elapsed="0.000625"/>
</kw>
<kw name="Log" owner="BuiltIn">
<msg time="2024-04-21T23:14:00.049929" level="INFO">54601</msg>
<arg>${json_data['results'][0]['location']['postcode']}</arg>
<doc>Logs the given message with the given level.</doc>
<status status="PASS" start="2024-04-21T23:14:00.049592" elapsed="0.000376"/>
</kw>
<status status="PASS" start="2024-04-21T23:13:59.954518" elapsed="0.095704"/>
</kw>
<doc>Testa se os tipos de dados na resposta da API estão corretos.</doc>
<tag>testeTiposDados</tag>
<status status="PASS" start="2024-04-21T23:13:59.864833" elapsed="0.185554"/>
</test>
<test id="s1-s1-t5" name="Validar conteudo" line="35">
<kw name="Teste de Tipos de Conteudo" owner="random-user-service">
<kw name="GET On Session" owner="RequestsLibrary">
<msg time="2024-04-21T23:14:00.144839" level="INFO">GET Request : url=https://randomuser.me/api 
 path_url=/api 
 headers={'User-Agent': 'python-requests/2.31.0', 'Accept-Encoding': 'gzip, deflate', 'Accept': '*/*', 'Connection': 'keep-alive'} 
 body=None 
 </msg>
<msg time="2024-04-21T23:14:00.144952" level="INFO">GET Response : url=https://randomuser.me/api 
 status=200, reason=OK 
 headers={'Date': 'Sun, 21 Apr 2024 23:14:00 GMT', 'Content-Type': 'application/json; charset=utf-8', 'Transfer-Encoding': 'chunked', 'Connection': 'keep-alive', 'X-Powered-By': 'Express', 'Access-Control-Allow-Origin': '*', 'Cache-Control': 'no-cache', 'ETag': 'W/"496-jiF2l+buY0aPjPxcy4Ei5vtQS6Q"', 'Vary': 'Accept-Encoding', 'Content-Encoding': 'gzip', 'CF-Cache-Status': 'DYNAMIC', 'Report-To': '{"endpoints":[{"url":"https:\\/\\/a.nel.cloudflare.com\\/report\\/v4?s=TB%2B5aMpEFm%2F0aRyx7CUTCHUTcJWafgctKTWYRCf8v1Gjkn0sQGG5Verwynym1MvIdXOA6oM2Ph%2FAFBfNMhXkA6W%2FNDQfazaeQuGmzrJ0k6sEYr8gAEBR7wYBlyJuincY"}],"group":"cf-nel","max_age":604800}', 'NEL': '{"success_fraction":0,"report_to":"cf-nel","max_age":604800}', 'Server': 'cloudflare', 'CF-RAY': '8781115e5a646fe9-IAD', 'alt-svc': 'h3=":443"; ma=86400'} 
 body={"results":[{"gender":"female","name":{"title":"Mrs","first":"Carolyn","last":"Murphy"},"location":{"street":{"number":2629,"name":"Avondale Ave"},"city":"Fort Wayne","state":"Indiana","country":"United States","postcode":98171,"coordinates":{"latitude":"88.0510","longitude":"37.3406"},"timezone":{"offset":"+7:00","description":"Bangkok, Hanoi, Jakarta"}},"email":"carolyn.murphy@example.com","login":{"uuid":"2a6c4054-fe00-4283-9129-12ee873a84f9","username":"organicbird225","password":"bulldog1","salt":"5daiFmLf","md5":"4930900d26647c3f75abca81984f976a","sha1":"2e5a78a764a019bdbc2a1c7b5bced9c378238785","sha256":"2128c80e4f5bac8e76dca2c02d1148a5552ed816d19ba40067012de8dc98ecaf"},"dob":{"date":"1995-03-11T04:25:02.841Z","age":29},"registered":{"date":"2020-03-02T19:17:09.514Z","age":4},"phone":"(516) 629-5826","cell":"(687) 218-4175","id":{"name":"SSN","value":"169-13-2096"},"picture":{"large":"https://randomuser.me/api/portraits/women/52.jpg","medium":"https://randomuser.me/api/portraits/med/women/52.jpg","thumbnail":"https://randomuser.me/api/portraits/thumb/women/52.jpg"},"nat":"US"}],"info":{"seed":"e3c9fe6c91b8fdf1","results":1,"page":1,"version":"1.4"}} 
 </msg>
<msg time="2024-04-21T23:14:00.145025" level="INFO">/opt/hostedtoolcache/Python/3.12.3/x64/lib/python3.12/site-packages/urllib3/connectionpool.py:1103: InsecureRequestWarning: Unverified HTTPS request is being made to host 'randomuser.me'. Adding certificate verification is strongly advised. See: https://urllib3.readthedocs.io/en/latest/advanced-usage.html#tls-warnings
  warnings.warn(</msg>
<msg time="2024-04-21T23:14:00.145160" level="INFO">${response} = &lt;Response [200]&gt;</msg>
<var>${response}</var>
<arg>consultarAPI</arg>
<arg>/api</arg>
<doc>Sends a GET request on a previously created HTTP Session.</doc>
<status status="PASS" start="2024-04-21T23:14:00.052956" elapsed="0.092246"/>
</kw>
<kw name="Set Variable" owner="BuiltIn">
<msg time="2024-04-21T23:14:00.146173" level="INFO">${json_data} = {'results': [{'gender': 'female', 'name': {'title': 'Mrs', 'first': 'Carolyn', 'last': 'Murphy'}, 'location': {'street': {'number': 2629, 'name': 'Avondale Ave'}, 'city': 'Fort Wayne', 'state': 'India...</msg>
<var>${json_data}</var>
<arg>${response.json()}</arg>
<doc>Returns the given values which can then be assigned to a variables.</doc>
<status status="PASS" start="2024-04-21T23:14:00.145669" elapsed="0.000532"/>
</kw>
<kw name="Set Variable" owner="BuiltIn">
<msg time="2024-04-21T23:14:00.146944" level="INFO">${name_title} = Mrs</msg>
<var>${name_title}</var>
<arg>${json_data["results"][0]["name"]["title"]}</arg>
<doc>Returns the given values which can then be assigned to a variables.</doc>
<status status="PASS" start="2024-04-21T23:14:00.146498" elapsed="0.000472"/>
</kw>
<kw name="Create List" owner="BuiltIn">
<msg time="2024-04-21T23:14:00.147432" level="INFO">${allowed_titles} = ['Mr', 'Ms', 'Miss', 'Mrs', 'Madame', 'Monsieur']</msg>
<var>${allowed_titles}</var>
<arg>Mr</arg>
<arg>Ms</arg>
<arg>Miss</arg>
<arg>Mrs</arg>
<arg>Madame</arg>
<arg>Monsieur</arg>
<doc>Returns a list containing given items.</doc>
<status status="PASS" start="2024-04-21T23:14:00.147282" elapsed="0.000173"/>
</kw>
<kw name="List Should Contain Value" owner="Collections">
<msg time="2024-04-21T23:14:00.147923" level="INFO">False</msg>
<arg>${allowed_titles}</arg>
<arg>${name_title}</arg>
<doc>Fails if the ``value`` is not found from ``list``.</doc>
<status status="PASS" start="2024-04-21T23:14:00.147750" elapsed="0.000209"/>
</kw>
<kw name="Set Variable" owner="BuiltIn">
<msg time="2024-04-21T23:14:00.148623" level="INFO">${name_country} = US</msg>
<var>${name_country}</var>
<arg>${json_data["results"][0]["nat"]}</arg>
<doc>Returns the given values which can then be assigned to a variables.</doc>
<status status="PASS" start="2024-04-21T23:14:00.148243" elapsed="0.000405"/>
</kw>
<kw name="Create List" owner="BuiltIn">
<msg time="2024-04-21T23:14:00.149542" level="INFO">${list_country} = ['AD', 'AE', 'AF', 'AG', 'AI', 'AL', 'AM', 'AO', 'AQ', 'AR', 'AS', 'AT', 'AU', 'AW', 'AX', 'AZ', 'BA', 'BB', 'BD', 'BE', 'BF', 'BG', 'BH', 'BI', 'BJ', 'BL', 'BM', 'BN', 'BO', 'BQ', 'BR', 'BS', 'BT', '...</msg>
<var>${list_country}</var>
<arg>AD</arg>
<arg>AE</arg>
<arg>AF</arg>
<arg>AG</arg>
<arg>AI</arg>
<arg>AL</arg>
<arg>AM</arg>
<arg>AO</arg>
<arg>AQ</arg>
<arg>AR</arg>
<arg>AS</arg>
<arg>AT</arg>
<arg>AU</arg>
<arg>AW</arg>
<arg>AX</arg>
<arg>AZ</arg>
<arg>BA</arg>
<arg>BB</arg>
<arg>BD</arg>
<arg>BE</arg>
<arg>BF</arg>
<arg>BG</arg>
<arg>BH</arg>
<arg>BI</arg>
<arg>BJ</arg>
<arg>BL</arg>
<arg>BM</arg>
<arg>BN</arg>
<arg>BO</arg>
<arg>BQ</arg>
<arg>BR</arg>
<arg>BS</arg>
<arg>BT</arg>
<arg>BV</arg>
<arg>BW</arg>
<arg>BY</arg>
<arg>BZ</arg>
<arg>CA</arg>
<arg>CC</arg>
<arg>CD</arg>
<arg>CF</arg>
<arg>CG</arg>
<arg>CH</arg>
<arg>CI</arg>
<arg>CK</arg>
<arg>CL</arg>
<arg>CM</arg>
<arg>CN</arg>
<arg>CO</arg>
<arg>CR</arg>
<arg>CU</arg>
<arg>CV</arg>
<arg>CW</arg>
<arg>CX</arg>
<arg>CY</arg>
<arg>CZ</arg>
<arg>DE</arg>
<arg>DJ</arg>
<arg>DK</arg>
<arg>DM</arg>
<arg>DO</arg>
<arg>DZ</arg>
<arg>EC</arg>
<arg>EE</arg>
<arg>EG</arg>
<arg>EH</arg>
<arg>ER</arg>
<arg>ES</arg>
<arg>ET</arg>
<arg>FI</arg>
<arg>FJ</arg>
<arg>FK</arg>
<arg>FM</arg>
<arg>FO</arg>
<arg>FR</arg>
<arg>GA</arg>
<arg>GB</arg>
<arg>GD</arg>
<arg>GE</arg>
<arg>GF</arg>
<arg>GG</arg>
<arg>GH</arg>
<arg>GI</arg>
<arg>GL</arg>
<arg>GM</arg>
<arg>GN</arg>
<arg>GP</arg>
<arg>GQ</arg>
<arg>GR</arg>
<arg>GS</arg>
<arg>GT</arg>
<arg>GU</arg>
<arg>GW</arg>
<arg>GY</arg>
<arg>HK</arg>
<arg>HM</arg>
<arg>HN</arg>
<arg>HR</arg>
<arg>HT</arg>
<arg>HU</arg>
<arg>ID</arg>
<arg>IE</arg>
<arg>IL</arg>
<arg>IM</arg>
<arg>IN</arg>
<arg>IO</arg>
<arg>IQ</arg>
<arg>IR</arg>
<arg>IS</arg>
<arg>IT</arg>
<arg>JE</arg>
<arg>JM</arg>
<arg>JO</arg>
<arg>JP</arg>
<arg>KE</arg>
<arg>KG</arg>
<arg>KH</arg>
<arg>KI</arg>
<arg>KM</arg>
<arg>KN</arg>
<arg>KP</arg>
<arg>KR</arg>
<arg>KW</arg>
<arg>KY</arg>
<arg>KZ</arg>
<arg>LA</arg>
<arg>LB</arg>
<arg>LC</arg>
<arg>LI</arg>
<arg>LK</arg>
<arg>LR</arg>
<arg>LS</arg>
<arg>LT</arg>
<arg>LU</arg>
<arg>LV</arg>
<arg>LY</arg>
<arg>MA</arg>
<arg>MC</arg>
<arg>MD</arg>
<arg>ME</arg>
<arg>MF</arg>
<arg>MG</arg>
<arg>MH</arg>
<arg>MK</arg>
<arg>ML</arg>
<arg>MM</arg>
<arg>MN</arg>
<arg>MO</arg>
<arg>MP</arg>
<arg>MQ</arg>
<arg>MR</arg>
<arg>MS</arg>
<arg>MT</arg>
<arg>MU</arg>
<arg>MV</arg>
<arg>MW</arg>
<arg>MX</arg>
<arg>MY</arg>
<arg>MZ</arg>
<arg>NA</arg>
<arg>NC</arg>
<arg>NE</arg>
<arg>NF</arg>
<arg>NG</arg>
<arg>NI</arg>
<arg>NL</arg>
<arg>NO</arg>
<arg>NP</arg>
<arg>NR</arg>
<arg>NU</arg>
<arg>NZ</arg>
<arg>OM</arg>
<arg>PA</arg>
<arg>PE</arg>
<arg>PF</arg>
<arg>PG</arg>
<arg>PH</arg>
<arg>PK</arg>
<arg>PL</arg>
<arg>PM</arg>
<arg>PN</arg>
<arg>PR</arg>
<arg>PS</arg>
<arg>PT</arg>
<arg>PW</arg>
<arg>PY</arg>
<arg>QA</arg>
<arg>RE</arg>
<arg>RO</arg>
<arg>RS</arg>
<arg>RU</arg>
<arg>RW</arg>
<arg>SA</arg>
<arg>SB</arg>
<arg>SC</arg>
<arg>SD</arg>
<arg>SE</arg>
<arg>SG</arg>
<arg>SH</arg>
<arg>SI</arg>
<arg>SJ</arg>
<arg>SK</arg>
<arg>SL</arg>
<arg>SM</arg>
<arg>SN</arg>
<arg>SO</arg>
<arg>SR</arg>
<arg>SS</arg>
<arg>ST</arg>
<arg>SV</arg>
<arg>SX</arg>
<arg>SY</arg>
<arg>SZ</arg>
<arg>TC</arg>
<arg>TD</arg>
<arg>TF</arg>
<arg>TG</arg>
<arg>TH</arg>
<arg>TJ</arg>
<arg>TK</arg>
<arg>TL</arg>
<arg>TM</arg>
<arg>TN</arg>
<arg>TO</arg>
<arg>TR</arg>
<arg>TT</arg>
<arg>TV</arg>
<arg>TW</arg>
<arg>TZ</arg>
<arg>UA</arg>
<arg>UG</arg>
<arg>UM</arg>
<arg>US</arg>
<arg>UY</arg>
<arg>UZ</arg>
<arg>VA</arg>
<arg>VC</arg>
<arg>VE</arg>
<arg>VG</arg>
<arg>VI</arg>
<arg>VN</arg>
<arg>VU</arg>
<arg>WF</arg>
<arg>WS</arg>
<arg>XK</arg>
<arg>YE</arg>
<arg>YT</arg>
<arg>ZA</arg>
<arg>ZM</arg>
<arg>ZW</arg>
<doc>Returns a list containing given items.</doc>
<status status="PASS" start="2024-04-21T23:14:00.148945" elapsed="0.000622"/>
</kw>
<kw name="List Should Contain Value" owner="Collections">
<msg time="2024-04-21T23:14:00.150547" level="INFO">False</msg>
<arg>${list_country}</arg>
<arg>${name_country}</arg>
<doc>Fails if the ``value`` is not found from ``list``.</doc>
<status status="PASS" start="2024-04-21T23:14:00.150350" elapsed="0.000233"/>
</kw>
<kw name="Run Keyword If" owner="BuiltIn">
<kw name="Should Be True" owner="BuiltIn">
<arg>${True}</arg>
<doc>Fails if the given condition is not true.</doc>
<status status="PASS" start="2024-04-21T23:14:00.151704" elapsed="0.000259"/>
</kw>
<arg>${json_data["results"][0]["location"]["coordinates"]["latitude"]} &gt;= -90 and ${json_data["results"][0]["location"]["coordinates"]["latitude"]} &lt;= 90</arg>
<arg>Should Be True</arg>
<arg>${True}</arg>
<doc>Runs the given keyword with the given arguments, if ``condition`` is true.</doc>
<status status="PASS" start="2024-04-21T23:14:00.150937" elapsed="0.001158"/>
</kw>
<kw name="Run Keyword If" owner="BuiltIn">
<kw name="Should Be True" owner="BuiltIn">
<arg>${True}</arg>
<doc>Fails if the given condition is not true.</doc>
<status status="PASS" start="2024-04-21T23:14:00.152977" elapsed="0.000137"/>
</kw>
<arg>${json_data["results"][0]["location"]["coordinates"]["longitude"]} &gt;= -180 and ${json_data["results"][0]["location"]["coordinates"]["longitude"]} &lt;= 180</arg>
<arg>Should Be True</arg>
<arg>${True}</arg>
<doc>Runs the given keyword with the given arguments, if ``condition`` is true.</doc>
<status status="PASS" start="2024-04-21T23:14:00.152279" elapsed="0.000957"/>
</kw>
<status status="PASS" start="2024-04-21T23:14:00.052729" elapsed="0.100638"/>
</kw>
<doc>Testa o conteúdo específico dos campos retornados pela API.</doc>
<tag>testeConteudo</tag>
<status status="PASS" start="2024-04-21T23:14:00.052196" elapsed="0.101321"/>
</test>
<status status="PASS" start="2024-04-21T23:13:59.268356" elapsed="0.887138"/>
</suite>
<status status="PASS" start="2024-04-21T23:13:59.254924" elapsed="0.905686"/>
</suite>
<statistics>
<total>
<stat pass="5" fail="0" skip="0">All Tests</stat>
</total>
<tag>
<stat pass="1" fail="0" skip="0">testeConteudo</stat>
<stat pass="1" fail="0" skip="0">testeEstruturaResposta</stat>
<stat pass="1" fail="0" skip="0">testeRequisicaoBasica</stat>
<stat pass="1" fail="0" skip="0">testeTiposDados</stat>
</tag>
<suite>
<stat pass="5" fail="0" skip="0" id="s1" name="Tests">Tests</stat>
<stat pass="5" fail="0" skip="0" id="s1-s1" name="Random-User-Test">Tests.Random-User-Test</stat>
</suite>
</statistics>
<errors>
</errors>
</robot>
