<?xml version="1.0" encoding="UTF-8"?>
<robot generator="Robot 7.0 (Python 3.12.3 on linux)" generated="2024-05-17T20:15:39.532851" rpa="false" schemaversion="5">
<suite id="s1" name="Tests" source="/home/runner/work/DesafioQAItauRogerioJordao/DesafioQAItauRogerioJordao/RamdonUser/tests">
<suite id="s1-s1" name="Random-User-Test" source="/home/runner/work/DesafioQAItauRogerioJordao/DesafioQAItauRogerioJordao/RamdonUser/tests/random-user-test.robot">
<test id="s1-s1-t1" name="Conectar" line="13">
<kw name="Conectar API" owner="random-user-service">
<kw name="Create Session" owner="RequestsLibrary">
<msg time="2024-05-17T20:15:39.895729" level="INFO">Creating Session using : alias=consultarAPI, url=https://randomuser.me/, headers={},                     cookies={}, auth=None, timeout=None, proxies=None, verify=False,                     debug=0 </msg>
<arg>consultarAPI</arg>
<arg>${URL}</arg>
<doc>Create Session: create a HTTP session to a server</doc>
<status status="PASS" start="2024-05-17T20:15:39.895515" elapsed="0.000406"/>
</kw>
<status status="PASS" start="2024-05-17T20:15:39.894478" elapsed="0.001817"/>
</kw>
<status status="PASS" start="2024-05-17T20:15:39.893928" elapsed="0.002571"/>
</test>
<test id="s1-s1-t2" name="Validar retorno 200 e JSON Válido" line="16">
<kw name="Teste de Requisicao Basica" owner="random-user-service">
<kw name="GET On Session" owner="RequestsLibrary">
<msg time="2024-05-17T20:15:39.973539" level="INFO">GET Request : url=https://randomuser.me/api 
 path_url=/api 
 headers={'User-Agent': 'python-requests/2.31.0', 'Accept-Encoding': 'gzip, deflate', 'Accept': '*/*', 'Connection': 'keep-alive'} 
 body=None 
 </msg>
<msg time="2024-05-17T20:15:39.973707" level="INFO">GET Response : url=https://randomuser.me/api 
 status=200, reason=OK 
 headers={'Date': 'Fri, 17 May 2024 20:15:39 GMT', 'Content-Type': 'application/json; charset=utf-8', 'Transfer-Encoding': 'chunked', 'Connection': 'keep-alive', 'X-Powered-By': 'Express', 'Access-Control-Allow-Origin': '*', 'Cache-Control': 'no-cache', 'ETag': 'W/"4bf-UqhdJtAdvnt0OFwAqEQRW2O0DEw"', 'Vary': 'Accept-Encoding', 'Content-Encoding': 'gzip', 'CF-Cache-Status': 'DYNAMIC', 'Report-To': '{"endpoints":[{"url":"https:\\/\\/a.nel.cloudflare.com\\/report\\/v4?s=QU6v3RTwI2chvBGMRwtHN7jKZS6sAmsyKG%2FbJ7H8ZN14XTLBl557vxXnRr0gP2jVH8J58yhvig5HaN%2F6OEgFFBrqX1ak0m8pelkDFUIDaNtd8rLEoWRDI2UGJEiJTPgN"}],"group":"cf-nel","max_age":604800}', 'NEL': '{"success_fraction":0,"report_to":"cf-nel","max_age":604800}', 'Server': 'cloudflare', 'CF-RAY': '885647e2a84d4b87-IAD', 'alt-svc': 'h3=":443"; ma=86400'} 
 body={"results":[{"gender":"male","name":{"title":"Mr","first":"Julio César","last":"Lebrón"},"location":{"street":{"number":8766,"name":"Avenida Baja California Sur"},"city":"San Pedro Atlapulco","state":"Chihuahua","country":"Mexico","postcode":36149,"coordinates":{"latitude":"22.2968","longitude":"-11.7228"},"timezone":{"offset":"+11:00","description":"Magadan, Solomon Islands, New Caledonia"}},"email":"juliocesar.lebron@example.com","login":{"uuid":"97fe1b24-fac1-4a1c-a5ce-d644f1d016b8","username":"smalltiger882","password":"einstein","salt":"9NWhOfUA","md5":"ea8d9bbefea25540aacf3172dabb5bee","sha1":"0d66ef202ff69d1e9438ed5c0cbc45472eba8002","sha256":"c200b3d023612de7ba102830cd8740d2f74b819c537e79257703e19fd42bb4e4"},"dob":{"date":"1967-11-14T08:57:38.497Z","age":56},"registered":{"date":"2007-05-22T00:28:41.452Z","age":16},"phone":"(690) 800 4657","cell":"(606) 469 9577","id":{"name":"NSS","value":"30 99 91 2384 9"},"picture":{"large":"https://randomuser.me/api/portraits/men/26.jpg","medium":"https://randomuser.me/api/portraits/med/men/26.jpg","thumbnail":"https://randomuser.me/api/portraits/thumb/men/26.jpg"},"nat":"MX"}],"info":{"seed":"f06d6ac227c41711","results":1,"page":1,"version":"1.4"}} 
 </msg>
<msg time="2024-05-17T20:15:39.973809" level="INFO">/opt/hostedtoolcache/Python/3.12.3/x64/lib/python3.12/site-packages/urllib3/connectionpool.py:1103: InsecureRequestWarning: Unverified HTTPS request is being made to host 'randomuser.me'. Adding certificate verification is strongly advised. See: https://urllib3.readthedocs.io/en/latest/advanced-usage.html#tls-warnings
  warnings.warn(</msg>
<msg time="2024-05-17T20:15:39.974002" level="INFO">${response} = &lt;Response [200]&gt;</msg>
<var>${response}</var>
<arg>consultarAPI</arg>
<arg>/api</arg>
<doc>Sends a GET request on a previously created HTTP Session.</doc>
<status status="PASS" start="2024-05-17T20:15:39.899265" elapsed="0.074780"/>
</kw>
<kw name="Should Be Equal As Numbers" owner="BuiltIn">
<msg time="2024-05-17T20:15:39.975051" level="INFO">Argument types are:
&lt;class 'int'&gt;
&lt;class 'str'&gt;</msg>
<arg>${response.status_code}</arg>
<arg>200</arg>
<doc>Fails if objects are unequal after converting them to real numbers.</doc>
<status status="PASS" start="2024-05-17T20:15:39.974584" elapsed="0.000536"/>
</kw>
<kw name="Log" owner="BuiltIn">
<msg time="2024-05-17T20:15:39.975924" level="INFO">200</msg>
<arg>${response.status_code}</arg>
<doc>Logs the given message with the given level.</doc>
<status status="PASS" start="2024-05-17T20:15:39.975542" elapsed="0.000425"/>
</kw>
<kw name="Set Variable" owner="BuiltIn">
<msg time="2024-05-17T20:15:39.976753" level="INFO">${json_data} = {'results': [{'gender': 'male', 'name': {'title': 'Mr', 'first': 'Julio César', 'last': 'Lebrón'}, 'location': {'street': {'number': 8766, 'name': 'Avenida Baja California Sur'}, 'city': 'San Pedro At...</msg>
<var>${json_data}</var>
<arg>${response.json()}</arg>
<doc>Returns the given values which can then be assigned to a variables.</doc>
<status status="PASS" start="2024-05-17T20:15:39.976297" elapsed="0.000486"/>
</kw>
<kw name="Dictionary Should Contain Key" owner="Collections">
<msg time="2024-05-17T20:15:39.977283" level="INFO">False</msg>
<arg>${json_data}</arg>
<arg>results</arg>
<doc>Fails if ``key`` is not found from ``dictionary``.</doc>
<status status="PASS" start="2024-05-17T20:15:39.977098" elapsed="0.000225"/>
</kw>
<status status="PASS" start="2024-05-17T20:15:39.898920" elapsed="0.078667"/>
</kw>
<doc>Testa se a API responde corretamente e retorna um objeto JSON válido.</doc>
<tag>testeRequisicaoBasica</tag>
<status status="PASS" start="2024-05-17T20:15:39.898424" elapsed="0.079353"/>
</test>
<test id="s1-s1-t3" name="Validar estrutura de resposta" line="22">
<kw name="Teste de Estrutura de Resposta" owner="random-user-service">
<kw name="GET On Session" owner="RequestsLibrary">
<msg time="2024-05-17T20:15:40.074486" level="INFO">GET Request : url=https://randomuser.me/api 
 path_url=/api 
 headers={'User-Agent': 'python-requests/2.31.0', 'Accept-Encoding': 'gzip, deflate', 'Accept': '*/*', 'Connection': 'keep-alive'} 
 body=None 
 </msg>
<msg time="2024-05-17T20:15:40.074580" level="INFO">GET Response : url=https://randomuser.me/api 
 status=200, reason=OK 
 headers={'Date': 'Fri, 17 May 2024 20:15:40 GMT', 'Content-Type': 'application/json; charset=utf-8', 'Transfer-Encoding': 'chunked', 'Connection': 'keep-alive', 'X-Powered-By': 'Express', 'Access-Control-Allow-Origin': '*', 'Cache-Control': 'no-cache', 'ETag': 'W/"483-s6dZ9M88t2j8NjN9EBQ3E2u5oF8"', 'Vary': 'Accept-Encoding', 'Content-Encoding': 'gzip', 'CF-Cache-Status': 'DYNAMIC', 'Report-To': '{"endpoints":[{"url":"https:\\/\\/a.nel.cloudflare.com\\/report\\/v4?s=wRScXTK7B0d2ibUSiSbd1YbOiWpwnN2zdy1vzC6utYO6BlFmH91mRyMUYZA61fBGOwuDnzacOk%2FGAVz74UOJ0U3zBPQtBVG6Dy0IrqYm5ZFC4VrdcmDr4CtKCQNCmy06"}],"group":"cf-nel","max_age":604800}', 'NEL': '{"success_fraction":0,"report_to":"cf-nel","max_age":604800}', 'Server': 'cloudflare', 'CF-RAY': '885647e2e88d4b87-IAD', 'alt-svc': 'h3=":443"; ma=86400'} 
 body={"results":[{"gender":"male","name":{"title":"Mr","first":"Dhruv","last":"Sullad"},"location":{"street":{"number":3484,"name":"Fontainhas"},"city":"Deoghar","state":"Dadra and Nagar Haveli","country":"India","postcode":63457,"coordinates":{"latitude":"10.6502","longitude":"-136.3810"},"timezone":{"offset":"+9:30","description":"Adelaide, Darwin"}},"email":"dhruv.sullad@example.com","login":{"uuid":"5ee54439-f959-42fd-9887-77ec559dd8ad","username":"orangeladybug505","password":"luckyone","salt":"9MxMk0YZ","md5":"f5445486cb0f3d0b87f2b6d4fac149f8","sha1":"184ed82a3d319a2f807aa1cd27e842fc86595c73","sha256":"08d0a993c14de9a23ea3ac64f1b8263f399e32e7c9a5aff4199d19724b6f34f9"},"dob":{"date":"1969-07-26T00:14:56.793Z","age":54},"registered":{"date":"2020-06-30T18:03:48.908Z","age":3},"phone":"8358856877","cell":"7963369213","id":{"name":"UIDAI","value":"373371142903"},"picture":{"large":"https://randomuser.me/api/portraits/men/78.jpg","medium":"https://randomuser.me/api/portraits/med/men/78.jpg","thumbnail":"https://randomuser.me/api/portraits/thumb/men/78.jpg"},"nat":"IN"}],"info":{"seed":"b31b8a5a4c9fc8af","results":1,"page":1,"version":"1.4"}} 
 </msg>
<msg time="2024-05-17T20:15:40.074712" level="INFO">/opt/hostedtoolcache/Python/3.12.3/x64/lib/python3.12/site-packages/urllib3/connectionpool.py:1103: InsecureRequestWarning: Unverified HTTPS request is being made to host 'randomuser.me'. Adding certificate verification is strongly advised. See: https://urllib3.readthedocs.io/en/latest/advanced-usage.html#tls-warnings
  warnings.warn(</msg>
<msg time="2024-05-17T20:15:40.074861" level="INFO">${response} = &lt;Response [200]&gt;</msg>
<var>${response}</var>
<arg>consultarAPI</arg>
<arg>/api</arg>
<doc>Sends a GET request on a previously created HTTP Session.</doc>
<status status="PASS" start="2024-05-17T20:15:39.980394" elapsed="0.094518"/>
</kw>
<kw name="Set Variable" owner="BuiltIn">
<msg time="2024-05-17T20:15:40.075916" level="INFO">${json_data} = {'results': [{'gender': 'male', 'name': {'title': 'Mr', 'first': 'Dhruv', 'last': 'Sullad'}, 'location': {'street': {'number': 3484, 'name': 'Fontainhas'}, 'city': 'Deoghar', 'state': 'Dadra and Nagar...</msg>
<var>${json_data}</var>
<arg>${response.json()}</arg>
<doc>Returns the given values which can then be assigned to a variables.</doc>
<status status="PASS" start="2024-05-17T20:15:40.075397" elapsed="0.000548"/>
</kw>
<kw name="Log" owner="BuiltIn">
<msg time="2024-05-17T20:15:40.076440" level="INFO">{'results': [{'gender': 'male', 'name': {'title': 'Mr', 'first': 'Dhruv', 'last': 'Sullad'}, 'location': {'street': {'number': 3484, 'name': 'Fontainhas'}, 'city': 'Deoghar', 'state': 'Dadra and Nagar Haveli', 'country': 'India', 'postcode': 63457, 'coordinates': {'latitude': '10.6502', 'longitude': '-136.3810'}, 'timezone': {'offset': '+9:30', 'description': 'Adelaide, Darwin'}}, 'email': 'dhruv.sullad@example.com', 'login': {'uuid': '5ee54439-f959-42fd-9887-77ec559dd8ad', 'username': 'orangeladybug505', 'password': 'luckyone', 'salt': '9MxMk0YZ', 'md5': 'f5445486cb0f3d0b87f2b6d4fac149f8', 'sha1': '184ed82a3d319a2f807aa1cd27e842fc86595c73', 'sha256': '08d0a993c14de9a23ea3ac64f1b8263f399e32e7c9a5aff4199d19724b6f34f9'}, 'dob': {'date': '1969-07-26T00:14:56.793Z', 'age': 54}, 'registered': {'date': '2020-06-30T18:03:48.908Z', 'age': 3}, 'phone': '8358856877', 'cell': '7963369213', 'id': {'name': 'UIDAI', 'value': '373371142903'}, 'picture': {'large': 'https://randomuser.me/api/portraits/men/78.jpg', 'medium': 'https://randomuser.me/api/portraits/med/men/78.jpg', 'thumbnail': 'https://randomuser.me/api/portraits/thumb/men/78.jpg'}, 'nat': 'IN'}], 'info': {'seed': 'b31b8a5a4c9fc8af', 'results': 1, 'page': 1, 'version': '1.4'}}</msg>
<arg>${json_data}</arg>
<doc>Logs the given message with the given level.</doc>
<status status="PASS" start="2024-05-17T20:15:40.076267" elapsed="0.000223"/>
</kw>
<kw name="Dictionary Should Contain Key" owner="Collections">
<msg time="2024-05-17T20:15:40.076957" level="INFO">False</msg>
<arg>${json_data}</arg>
<arg>results</arg>
<doc>Fails if ``key`` is not found from ``dictionary``.</doc>
<status status="PASS" start="2024-05-17T20:15:40.076798" elapsed="0.000197"/>
</kw>
<kw name="Should Not Be Empty" owner="BuiltIn">
<msg time="2024-05-17T20:15:40.077479" level="INFO">Length is 2.</msg>
<arg>${json_data}</arg>
<doc>Verifies that the given item is not empty.</doc>
<status status="PASS" start="2024-05-17T20:15:40.077323" elapsed="0.000198"/>
</kw>
<kw name="Create List" owner="BuiltIn">
<msg time="2024-05-17T20:15:40.078154" level="INFO">${expected_keys} = ['gender', 'name', 'location', 'email', 'login']</msg>
<var>${expected_keys}</var>
<arg>gender</arg>
<arg>name</arg>
<arg>location</arg>
<arg>email</arg>
<arg>login</arg>
<doc>Returns a list containing given items.</doc>
<status status="PASS" start="2024-05-17T20:15:40.077833" elapsed="0.000346"/>
</kw>
<for flavor="IN">
<iter>
<kw name="Dictionary Should Contain Key" owner="Collections">
<msg time="2024-05-17T20:15:40.079209" level="INFO">False</msg>
<arg>${json_data['results'][0]}</arg>
<arg>${key}</arg>
<doc>Fails if ``key`` is not found from ``dictionary``.</doc>
<status status="PASS" start="2024-05-17T20:15:40.078800" elapsed="0.000447"/>
</kw>
<kw name="Log" owner="BuiltIn">
<msg time="2024-05-17T20:15:40.079946" level="INFO">{'gender': 'male', 'name': {'title': 'Mr', 'first': 'Dhruv', 'last': 'Sullad'}, 'location': {'street': {'number': 3484, 'name': 'Fontainhas'}, 'city': 'Deoghar', 'state': 'Dadra and Nagar Haveli', 'country': 'India', 'postcode': 63457, 'coordinates': {'latitude': '10.6502', 'longitude': '-136.3810'}, 'timezone': {'offset': '+9:30', 'description': 'Adelaide, Darwin'}}, 'email': 'dhruv.sullad@example.com', 'login': {'uuid': '5ee54439-f959-42fd-9887-77ec559dd8ad', 'username': 'orangeladybug505', 'password': 'luckyone', 'salt': '9MxMk0YZ', 'md5': 'f5445486cb0f3d0b87f2b6d4fac149f8', 'sha1': '184ed82a3d319a2f807aa1cd27e842fc86595c73', 'sha256': '08d0a993c14de9a23ea3ac64f1b8263f399e32e7c9a5aff4199d19724b6f34f9'}, 'dob': {'date': '1969-07-26T00:14:56.793Z', 'age': 54}, 'registered': {'date': '2020-06-30T18:03:48.908Z', 'age': 3}, 'phone': '8358856877', 'cell': '7963369213', 'id': {'name': 'UIDAI', 'value': '373371142903'}, 'picture': {'large': 'https://randomuser.me/api/portraits/men/78.jpg', 'medium': 'https://randomuser.me/api/portraits/med/men/78.jpg', 'thumbnail': 'https://randomuser.me/api/portraits/thumb/men/78.jpg'}, 'nat': 'IN'}</msg>
<arg>${json_data['results'][0]}</arg>
<doc>Logs the given message with the given level.</doc>
<status status="PASS" start="2024-05-17T20:15:40.079579" elapsed="0.000416"/>
</kw>
<kw name="Log" owner="BuiltIn">
<msg time="2024-05-17T20:15:40.080423" level="INFO">gender</msg>
<arg>${key}</arg>
<doc>Logs the given message with the given level.</doc>
<status status="PASS" start="2024-05-17T20:15:40.080295" elapsed="0.000166"/>
</kw>
<var name="${key}">gender</var>
<status status="PASS" start="2024-05-17T20:15:40.078672" elapsed="0.002006"/>
</iter>
<iter>
<kw name="Dictionary Should Contain Key" owner="Collections">
<msg time="2024-05-17T20:15:40.081373" level="INFO">False</msg>
<arg>${json_data['results'][0]}</arg>
<arg>${key}</arg>
<doc>Fails if ``key`` is not found from ``dictionary``.</doc>
<status status="PASS" start="2024-05-17T20:15:40.080986" elapsed="0.000425"/>
</kw>
<kw name="Log" owner="BuiltIn">
<msg time="2024-05-17T20:15:40.082094" level="INFO">{'gender': 'male', 'name': {'title': 'Mr', 'first': 'Dhruv', 'last': 'Sullad'}, 'location': {'street': {'number': 3484, 'name': 'Fontainhas'}, 'city': 'Deoghar', 'state': 'Dadra and Nagar Haveli', 'country': 'India', 'postcode': 63457, 'coordinates': {'latitude': '10.6502', 'longitude': '-136.3810'}, 'timezone': {'offset': '+9:30', 'description': 'Adelaide, Darwin'}}, 'email': 'dhruv.sullad@example.com', 'login': {'uuid': '5ee54439-f959-42fd-9887-77ec559dd8ad', 'username': 'orangeladybug505', 'password': 'luckyone', 'salt': '9MxMk0YZ', 'md5': 'f5445486cb0f3d0b87f2b6d4fac149f8', 'sha1': '184ed82a3d319a2f807aa1cd27e842fc86595c73', 'sha256': '08d0a993c14de9a23ea3ac64f1b8263f399e32e7c9a5aff4199d19724b6f34f9'}, 'dob': {'date': '1969-07-26T00:14:56.793Z', 'age': 54}, 'registered': {'date': '2020-06-30T18:03:48.908Z', 'age': 3}, 'phone': '8358856877', 'cell': '7963369213', 'id': {'name': 'UIDAI', 'value': '373371142903'}, 'picture': {'large': 'https://randomuser.me/api/portraits/men/78.jpg', 'medium': 'https://randomuser.me/api/portraits/med/men/78.jpg', 'thumbnail': 'https://randomuser.me/api/portraits/thumb/men/78.jpg'}, 'nat': 'IN'}</msg>
<arg>${json_data['results'][0]}</arg>
<doc>Logs the given message with the given level.</doc>
<status status="PASS" start="2024-05-17T20:15:40.081736" elapsed="0.000406"/>
</kw>
<kw name="Log" owner="BuiltIn">
<msg time="2024-05-17T20:15:40.082565" level="INFO">name</msg>
<arg>${key}</arg>
<doc>Logs the given message with the given level.</doc>
<status status="PASS" start="2024-05-17T20:15:40.082437" elapsed="0.000165"/>
</kw>
<var name="${key}">name</var>
<status status="PASS" start="2024-05-17T20:15:40.080870" elapsed="0.001951"/>
</iter>
<iter>
<kw name="Dictionary Should Contain Key" owner="Collections">
<msg time="2024-05-17T20:15:40.083523" level="INFO">False</msg>
<arg>${json_data['results'][0]}</arg>
<arg>${key}</arg>
<doc>Fails if ``key`` is not found from ``dictionary``.</doc>
<status status="PASS" start="2024-05-17T20:15:40.083120" elapsed="0.000448"/>
</kw>
<kw name="Log" owner="BuiltIn">
<msg time="2024-05-17T20:15:40.084236" level="INFO">{'gender': 'male', 'name': {'title': 'Mr', 'first': 'Dhruv', 'last': 'Sullad'}, 'location': {'street': {'number': 3484, 'name': 'Fontainhas'}, 'city': 'Deoghar', 'state': 'Dadra and Nagar Haveli', 'country': 'India', 'postcode': 63457, 'coordinates': {'latitude': '10.6502', 'longitude': '-136.3810'}, 'timezone': {'offset': '+9:30', 'description': 'Adelaide, Darwin'}}, 'email': 'dhruv.sullad@example.com', 'login': {'uuid': '5ee54439-f959-42fd-9887-77ec559dd8ad', 'username': 'orangeladybug505', 'password': 'luckyone', 'salt': '9MxMk0YZ', 'md5': 'f5445486cb0f3d0b87f2b6d4fac149f8', 'sha1': '184ed82a3d319a2f807aa1cd27e842fc86595c73', 'sha256': '08d0a993c14de9a23ea3ac64f1b8263f399e32e7c9a5aff4199d19724b6f34f9'}, 'dob': {'date': '1969-07-26T00:14:56.793Z', 'age': 54}, 'registered': {'date': '2020-06-30T18:03:48.908Z', 'age': 3}, 'phone': '8358856877', 'cell': '7963369213', 'id': {'name': 'UIDAI', 'value': '373371142903'}, 'picture': {'large': 'https://randomuser.me/api/portraits/men/78.jpg', 'medium': 'https://randomuser.me/api/portraits/med/men/78.jpg', 'thumbnail': 'https://randomuser.me/api/portraits/thumb/men/78.jpg'}, 'nat': 'IN'}</msg>
<arg>${json_data['results'][0]}</arg>
<doc>Logs the given message with the given level.</doc>
<status status="PASS" start="2024-05-17T20:15:40.083874" elapsed="0.000420"/>
</kw>
<kw name="Log" owner="BuiltIn">
<msg time="2024-05-17T20:15:40.084717" level="INFO">location</msg>
<arg>${key}</arg>
<doc>Logs the given message with the given level.</doc>
<status status="PASS" start="2024-05-17T20:15:40.084591" elapsed="0.000164"/>
</kw>
<var name="${key}">location</var>
<status status="PASS" start="2024-05-17T20:15:40.083001" elapsed="0.001969"/>
</iter>
<iter>
<kw name="Dictionary Should Contain Key" owner="Collections">
<msg time="2024-05-17T20:15:40.085642" level="INFO">False</msg>
<arg>${json_data['results'][0]}</arg>
<arg>${key}</arg>
<doc>Fails if ``key`` is not found from ``dictionary``.</doc>
<status status="PASS" start="2024-05-17T20:15:40.085257" elapsed="0.000422"/>
</kw>
<kw name="Log" owner="BuiltIn">
<msg time="2024-05-17T20:15:40.086336" level="INFO">{'gender': 'male', 'name': {'title': 'Mr', 'first': 'Dhruv', 'last': 'Sullad'}, 'location': {'street': {'number': 3484, 'name': 'Fontainhas'}, 'city': 'Deoghar', 'state': 'Dadra and Nagar Haveli', 'country': 'India', 'postcode': 63457, 'coordinates': {'latitude': '10.6502', 'longitude': '-136.3810'}, 'timezone': {'offset': '+9:30', 'description': 'Adelaide, Darwin'}}, 'email': 'dhruv.sullad@example.com', 'login': {'uuid': '5ee54439-f959-42fd-9887-77ec559dd8ad', 'username': 'orangeladybug505', 'password': 'luckyone', 'salt': '9MxMk0YZ', 'md5': 'f5445486cb0f3d0b87f2b6d4fac149f8', 'sha1': '184ed82a3d319a2f807aa1cd27e842fc86595c73', 'sha256': '08d0a993c14de9a23ea3ac64f1b8263f399e32e7c9a5aff4199d19724b6f34f9'}, 'dob': {'date': '1969-07-26T00:14:56.793Z', 'age': 54}, 'registered': {'date': '2020-06-30T18:03:48.908Z', 'age': 3}, 'phone': '8358856877', 'cell': '7963369213', 'id': {'name': 'UIDAI', 'value': '373371142903'}, 'picture': {'large': 'https://randomuser.me/api/portraits/men/78.jpg', 'medium': 'https://randomuser.me/api/portraits/med/men/78.jpg', 'thumbnail': 'https://randomuser.me/api/portraits/thumb/men/78.jpg'}, 'nat': 'IN'}</msg>
<arg>${json_data['results'][0]}</arg>
<doc>Logs the given message with the given level.</doc>
<status status="PASS" start="2024-05-17T20:15:40.085976" elapsed="0.000409"/>
</kw>
<kw name="Log" owner="BuiltIn">
<msg time="2024-05-17T20:15:40.086808" level="INFO">email</msg>
<arg>${key}</arg>
<doc>Logs the given message with the given level.</doc>
<status status="PASS" start="2024-05-17T20:15:40.086680" elapsed="0.000165"/>
</kw>
<var name="${key}">email</var>
<status status="PASS" start="2024-05-17T20:15:40.085144" elapsed="0.001923"/>
</iter>
<iter>
<kw name="Dictionary Should Contain Key" owner="Collections">
<msg time="2024-05-17T20:15:40.087766" level="INFO">False</msg>
<arg>${json_data['results'][0]}</arg>
<arg>${key}</arg>
<doc>Fails if ``key`` is not found from ``dictionary``.</doc>
<status status="PASS" start="2024-05-17T20:15:40.087355" elapsed="0.000448"/>
</kw>
<kw name="Log" owner="BuiltIn">
<msg time="2024-05-17T20:15:40.088466" level="INFO">{'gender': 'male', 'name': {'title': 'Mr', 'first': 'Dhruv', 'last': 'Sullad'}, 'location': {'street': {'number': 3484, 'name': 'Fontainhas'}, 'city': 'Deoghar', 'state': 'Dadra and Nagar Haveli', 'country': 'India', 'postcode': 63457, 'coordinates': {'latitude': '10.6502', 'longitude': '-136.3810'}, 'timezone': {'offset': '+9:30', 'description': 'Adelaide, Darwin'}}, 'email': 'dhruv.sullad@example.com', 'login': {'uuid': '5ee54439-f959-42fd-9887-77ec559dd8ad', 'username': 'orangeladybug505', 'password': 'luckyone', 'salt': '9MxMk0YZ', 'md5': 'f5445486cb0f3d0b87f2b6d4fac149f8', 'sha1': '184ed82a3d319a2f807aa1cd27e842fc86595c73', 'sha256': '08d0a993c14de9a23ea3ac64f1b8263f399e32e7c9a5aff4199d19724b6f34f9'}, 'dob': {'date': '1969-07-26T00:14:56.793Z', 'age': 54}, 'registered': {'date': '2020-06-30T18:03:48.908Z', 'age': 3}, 'phone': '8358856877', 'cell': '7963369213', 'id': {'name': 'UIDAI', 'value': '373371142903'}, 'picture': {'large': 'https://randomuser.me/api/portraits/men/78.jpg', 'medium': 'https://randomuser.me/api/portraits/med/men/78.jpg', 'thumbnail': 'https://randomuser.me/api/portraits/thumb/men/78.jpg'}, 'nat': 'IN'}</msg>
<arg>${json_data['results'][0]}</arg>
<doc>Logs the given message with the given level.</doc>
<status status="PASS" start="2024-05-17T20:15:40.088104" elapsed="0.000410"/>
</kw>
<kw name="Log" owner="BuiltIn">
<msg time="2024-05-17T20:15:40.088937" level="INFO">login</msg>
<arg>${key}</arg>
<doc>Logs the given message with the given level.</doc>
<status status="PASS" start="2024-05-17T20:15:40.088811" elapsed="0.000163"/>
</kw>
<var name="${key}">login</var>
<status status="PASS" start="2024-05-17T20:15:40.087242" elapsed="0.001949"/>
</iter>
<var>${key}</var>
<value>@{expected_keys}</value>
<status status="PASS" start="2024-05-17T20:15:40.078473" elapsed="0.010866"/>
</for>
<kw name="Create List" owner="BuiltIn">
<msg time="2024-05-17T20:15:40.089678" level="INFO">${expected_keysTwo} = ['username', 'password']</msg>
<var>${expected_keysTwo}</var>
<arg>username</arg>
<arg>password</arg>
<doc>Returns a list containing given items.</doc>
<status status="PASS" start="2024-05-17T20:15:40.089542" elapsed="0.000160"/>
</kw>
<for flavor="IN">
<iter>
<kw name="Dictionary Should Contain Key" owner="Collections">
<msg time="2024-05-17T20:15:40.090592" level="INFO">False</msg>
<arg>${json_data['results'][0]['login']}</arg>
<arg>${keyTwo}</arg>
<doc>Fails if ``key`` is not found from ``dictionary``.</doc>
<status status="PASS" start="2024-05-17T20:15:40.090204" elapsed="0.000425"/>
</kw>
<kw name="Dictionary Should Contain Key" owner="Collections">
<msg time="2024-05-17T20:15:40.091300" level="INFO">False</msg>
<arg>${json_data['results'][0]['login']}</arg>
<arg>${keyTwo}</arg>
<doc>Fails if ``key`` is not found from ``dictionary``.</doc>
<status status="PASS" start="2024-05-17T20:15:40.090923" elapsed="0.000414"/>
</kw>
<kw name="Log" owner="BuiltIn">
<msg time="2024-05-17T20:15:40.091776" level="INFO">username</msg>
<arg>${keyTwo}</arg>
<doc>Logs the given message with the given level.</doc>
<status status="PASS" start="2024-05-17T20:15:40.091649" elapsed="0.000170"/>
</kw>
<var name="${keyTwo}">username</var>
<status status="PASS" start="2024-05-17T20:15:40.090094" elapsed="0.001945"/>
</iter>
<iter>
<kw name="Dictionary Should Contain Key" owner="Collections">
<msg time="2024-05-17T20:15:40.092700" level="INFO">False</msg>
<arg>${json_data['results'][0]['login']}</arg>
<arg>${keyTwo}</arg>
<doc>Fails if ``key`` is not found from ``dictionary``.</doc>
<status status="PASS" start="2024-05-17T20:15:40.092320" elapsed="0.000417"/>
</kw>
<kw name="Dictionary Should Contain Key" owner="Collections">
<msg time="2024-05-17T20:15:40.093494" level="INFO">False</msg>
<arg>${json_data['results'][0]['login']}</arg>
<arg>${keyTwo}</arg>
<doc>Fails if ``key`` is not found from ``dictionary``.</doc>
<status status="PASS" start="2024-05-17T20:15:40.093028" elapsed="0.000505"/>
</kw>
<kw name="Log" owner="BuiltIn">
<msg time="2024-05-17T20:15:40.093960" level="INFO">password</msg>
<arg>${keyTwo}</arg>
<doc>Logs the given message with the given level.</doc>
<status status="PASS" start="2024-05-17T20:15:40.093832" elapsed="0.000166"/>
</kw>
<var name="${keyTwo}">password</var>
<status status="PASS" start="2024-05-17T20:15:40.092209" elapsed="0.002006"/>
</iter>
<var>${keyTwo}</var>
<value>@{expected_keysTwo}</value>
<status status="PASS" start="2024-05-17T20:15:40.089941" elapsed="0.004398"/>
</for>
<status status="PASS" start="2024-05-17T20:15:39.980154" elapsed="0.114329"/>
</kw>
<doc>Testa a estrutura da resposta da API.</doc>
<tag>testeEstruturaResposta</tag>
<status status="PASS" start="2024-05-17T20:15:39.979644" elapsed="0.114996"/>
</test>
<test id="s1-s1-t4" name="Validar tipos de dados" line="28">
<kw name="Teste de Tipos de Dados" owner="random-user-service">
<kw name="GET On Session" owner="RequestsLibrary">
<msg time="2024-05-17T20:15:40.178034" level="INFO">GET Request : url=https://randomuser.me/api 
 path_url=/api 
 headers={'User-Agent': 'python-requests/2.31.0', 'Accept-Encoding': 'gzip, deflate', 'Accept': '*/*', 'Connection': 'keep-alive'} 
 body=None 
 </msg>
<msg time="2024-05-17T20:15:40.178120" level="INFO">GET Response : url=https://randomuser.me/api 
 status=200, reason=OK 
 headers={'Date': 'Fri, 17 May 2024 20:15:40 GMT', 'Content-Type': 'application/json; charset=utf-8', 'Transfer-Encoding': 'chunked', 'Connection': 'keep-alive', 'X-Powered-By': 'Express', 'Access-Control-Allow-Origin': '*', 'Cache-Control': 'no-cache', 'ETag': 'W/"484-HO/6yBIdMaMJlyONdmjIKxWHA2g"', 'Vary': 'Accept-Encoding', 'Content-Encoding': 'gzip', 'CF-Cache-Status': 'DYNAMIC', 'Report-To': '{"endpoints":[{"url":"https:\\/\\/a.nel.cloudflare.com\\/report\\/v4?s=iqWPKnAcObvJVSxcbzDMkOOXXr%2BiTtIObOFJXsivEJ%2FedIn%2FqCCu3ZEOcOk3J3ArmXqQpbdWOcPsdDcBle5jyUbAvqKVGBrbVP%2FMem%2FP8s%2BPiakzTLbW5CM6yNQexQhY"}],"group":"cf-nel","max_age":604800}', 'NEL': '{"success_fraction":0,"report_to":"cf-nel","max_age":604800}', 'Server': 'cloudflare', 'CF-RAY': '885647e3a9344b87-IAD', 'alt-svc': 'h3=":443"; ma=86400'} 
 body={"results":[{"gender":"female","name":{"title":"Ms","first":"Suhasini","last":"Holla"},"location":{"street":{"number":1655,"name":"Bhavani Peth"},"city":"Uluberia","state":"Manipur","country":"India","postcode":78634,"coordinates":{"latitude":"12.6363","longitude":"16.0544"},"timezone":{"offset":"-7:00","description":"Mountain Time (US &amp; Canada)"}},"email":"suhasini.holla@example.com","login":{"uuid":"d5b221f9-c3e5-4057-a2d1-5255c8fc86e5","username":"bigfrog238","password":"super","salt":"p6tdwChl","md5":"c8da9f65691040229a5d9525dd454730","sha1":"3f96b245b813b1c6813fa16e0b40cb1ebad13722","sha256":"229f2110173933d6f08bb4bd88dad1dd39c05462a2eba1a1d9a08fccb34e7de9"},"dob":{"date":"1964-02-12T13:40:20.302Z","age":60},"registered":{"date":"2008-12-14T12:22:05.228Z","age":15},"phone":"8975483278","cell":"8900814764","id":{"name":"UIDAI","value":"098522653052"},"picture":{"large":"https://randomuser.me/api/portraits/women/77.jpg","medium":"https://randomuser.me/api/portraits/med/women/77.jpg","thumbnail":"https://randomuser.me/api/portraits/thumb/women/77.jpg"},"nat":"IN"}],"info":{"seed":"94d506c0d026302c","results":1,"page":1,"version":"1.4"}} 
 </msg>
<msg time="2024-05-17T20:15:40.178190" level="INFO">/opt/hostedtoolcache/Python/3.12.3/x64/lib/python3.12/site-packages/urllib3/connectionpool.py:1103: InsecureRequestWarning: Unverified HTTPS request is being made to host 'randomuser.me'. Adding certificate verification is strongly advised. See: https://urllib3.readthedocs.io/en/latest/advanced-usage.html#tls-warnings
  warnings.warn(</msg>
<msg time="2024-05-17T20:15:40.178321" level="INFO">${response} = &lt;Response [200]&gt;</msg>
<var>${response}</var>
<arg>consultarAPI</arg>
<arg>/api</arg>
<doc>Sends a GET request on a previously created HTTP Session.</doc>
<status status="PASS" start="2024-05-17T20:15:40.097224" elapsed="0.081146"/>
</kw>
<kw name="Set Variable" owner="BuiltIn">
<msg time="2024-05-17T20:15:40.179262" level="INFO">${json_data} = {'results': [{'gender': 'female', 'name': {'title': 'Ms', 'first': 'Suhasini', 'last': 'Holla'}, 'location': {'street': {'number': 1655, 'name': 'Bhavani Peth'}, 'city': 'Uluberia', 'state': 'Manipur'...</msg>
<var>${json_data}</var>
<arg>${response.json()}</arg>
<doc>Returns the given values which can then be assigned to a variables.</doc>
<status status="PASS" start="2024-05-17T20:15:40.178801" elapsed="0.000489"/>
</kw>
<kw name="Log" owner="BuiltIn">
<msg time="2024-05-17T20:15:40.179787" level="INFO">{'results': [{'gender': 'female', 'name': {'title': 'Ms', 'first': 'Suhasini', 'last': 'Holla'}, 'location': {'street': {'number': 1655, 'name': 'Bhavani Peth'}, 'city': 'Uluberia', 'state': 'Manipur', 'country': 'India', 'postcode': 78634, 'coordinates': {'latitude': '12.6363', 'longitude': '16.0544'}, 'timezone': {'offset': '-7:00', 'description': 'Mountain Time (US &amp; Canada)'}}, 'email': 'suhasini.holla@example.com', 'login': {'uuid': 'd5b221f9-c3e5-4057-a2d1-5255c8fc86e5', 'username': 'bigfrog238', 'password': 'super', 'salt': 'p6tdwChl', 'md5': 'c8da9f65691040229a5d9525dd454730', 'sha1': '3f96b245b813b1c6813fa16e0b40cb1ebad13722', 'sha256': '229f2110173933d6f08bb4bd88dad1dd39c05462a2eba1a1d9a08fccb34e7de9'}, 'dob': {'date': '1964-02-12T13:40:20.302Z', 'age': 60}, 'registered': {'date': '2008-12-14T12:22:05.228Z', 'age': 15}, 'phone': '8975483278', 'cell': '8900814764', 'id': {'name': 'UIDAI', 'value': '098522653052'}, 'picture': {'large': 'https://randomuser.me/api/portraits/women/77.jpg', 'medium': 'https://randomuser.me/api/portraits/med/women/77.jpg', 'thumbnail': 'https://randomuser.me/api/portraits/thumb/women/77.jpg'}, 'nat': 'IN'}], 'info': {'seed': '94d506c0d026302c', 'results': 1, 'page': 1, 'version': '1.4'}}</msg>
<arg>${json_data}</arg>
<doc>Logs the given message with the given level.</doc>
<status status="PASS" start="2024-05-17T20:15:40.179630" elapsed="0.000239"/>
</kw>
<kw name="Should Be String" owner="String">
<arg>${json_data['results'][0]['gender']}</arg>
<doc>Fails if the given ``item`` is not a string.</doc>
<status status="PASS" start="2024-05-17T20:15:40.180174" elapsed="0.000367"/>
</kw>
<kw name="Should Match Regexp" owner="BuiltIn">
<arg>${json_data['results'][0]['email']}</arg>
<arg>^[a-zA-Z0-9._%+-]+@[a-zA-Z0-9.-]+\.[a-zA-Z]{2,}$</arg>
<doc>Fails if ``string`` does not match ``pattern`` as a regular expression.</doc>
<status status="PASS" start="2024-05-17T20:15:40.180735" elapsed="0.000510"/>
</kw>
<kw name="Should Match Regexp" owner="BuiltIn">
<arg>${json_data['results'][0]['dob']['date']}</arg>
<arg>\\d{4}-\\d{2}-\\d{2}T\\d{2}:\\d{2}:\\d{2}\\.\\d{3}Z</arg>
<doc>Fails if ``string`` does not match ``pattern`` as a regular expression.</doc>
<status status="PASS" start="2024-05-17T20:15:40.181454" elapsed="0.000499"/>
</kw>
<kw name="Should Match Regexp" owner="BuiltIn">
<arg>${json_data['results'][0]['registered']['date']}</arg>
<arg>\\d{4}-\\d{2}-\\d{2}T\\d{2}:\\d{2}:\\d{2}\\.\\d{3}Z</arg>
<doc>Fails if ``string`` does not match ``pattern`` as a regular expression.</doc>
<status status="PASS" start="2024-05-17T20:15:40.182145" elapsed="0.000369"/>
</kw>
<kw name="Should Match Regexp" owner="BuiltIn">
<arg>${json_data['results'][0]['picture']['large']}</arg>
<arg>^https?://.*\.(?:png|jpe?g|gif|bmp)$</arg>
<doc>Fails if ``string`` does not match ``pattern`` as a regular expression.</doc>
<status status="PASS" start="2024-05-17T20:15:40.182702" elapsed="0.000467"/>
</kw>
<kw name="Should Match Regexp" owner="BuiltIn">
<arg>${json_data['results'][0]['picture']['medium']}</arg>
<arg>^https?://.*\.(?:png|jpe?g|gif|bmp)$</arg>
<doc>Fails if ``string`` does not match ``pattern`` as a regular expression.</doc>
<status status="PASS" start="2024-05-17T20:15:40.183360" elapsed="0.000381"/>
</kw>
<kw name="Should Match Regexp" owner="BuiltIn">
<arg>${json_data['results'][0]['picture']['thumbnail']}</arg>
<arg>^https?://.*\.(?:png|jpe?g|gif|bmp)$</arg>
<doc>Fails if ``string`` does not match ``pattern`` as a regular expression.</doc>
<status status="PASS" start="2024-05-17T20:15:40.183935" elapsed="0.000353"/>
</kw>
<kw name="Log" owner="BuiltIn">
<msg time="2024-05-17T20:15:40.184792" level="INFO">{'large': 'https://randomuser.me/api/portraits/women/77.jpg', 'medium': 'https://randomuser.me/api/portraits/med/women/77.jpg', 'thumbnail': 'https://randomuser.me/api/portraits/thumb/women/77.jpg'}</msg>
<arg>${json_data['results'][0]['picture']}</arg>
<doc>Logs the given message with the given level.</doc>
<status status="PASS" start="2024-05-17T20:15:40.184471" elapsed="0.000362"/>
</kw>
<status status="PASS" start="2024-05-17T20:15:40.096994" elapsed="0.088094"/>
</kw>
<kw name="Teste de Tipos de Dados - Postcode" owner="random-user-service">
<kw name="GET On Session" owner="RequestsLibrary">
<msg time="2024-05-17T20:15:40.272624" level="INFO">GET Request : url=https://randomuser.me/api 
 path_url=/api 
 headers={'User-Agent': 'python-requests/2.31.0', 'Accept-Encoding': 'gzip, deflate', 'Accept': '*/*', 'Connection': 'keep-alive'} 
 body=None 
 </msg>
<msg time="2024-05-17T20:15:40.272693" level="INFO">GET Response : url=https://randomuser.me/api 
 status=200, reason=OK 
 headers={'Date': 'Fri, 17 May 2024 20:15:40 GMT', 'Content-Type': 'application/json; charset=utf-8', 'Transfer-Encoding': 'chunked', 'Connection': 'keep-alive', 'X-Powered-By': 'Express', 'Access-Control-Allow-Origin': '*', 'Cache-Control': 'no-cache', 'ETag': 'W/"49f-ud05DndKRZoW3dpl8ynG1yFLt6k"', 'Vary': 'Accept-Encoding', 'Content-Encoding': 'gzip', 'CF-Cache-Status': 'DYNAMIC', 'Report-To': '{"endpoints":[{"url":"https:\\/\\/a.nel.cloudflare.com\\/report\\/v4?s=p0dIXOH8P0L3dKJW9p2tO9Dv5yVwFYmhYXbMomtGfGToKJp%2F5fDBpFiZ2NibKBdHU2LmDzIdMrSYQzdQ2fMvr3L1%2B6oczVEhfMwoThq5VO0OKZDv3NUOVMTJ4CiCs3u5"}],"group":"cf-nel","max_age":604800}', 'NEL': '{"success_fraction":0,"report_to":"cf-nel","max_age":604800}', 'Server': 'cloudflare', 'CF-RAY': '885647e429ad4b87-IAD', 'alt-svc': 'h3=":443"; ma=86400'} 
 body={"results":[{"gender":"female","name":{"title":"Miss","first":"Lynn","last":"Morgan"},"location":{"street":{"number":180,"name":"Westheimer Rd"},"city":"Tucson","state":"California","country":"United States","postcode":22444,"coordinates":{"latitude":"84.8096","longitude":"165.2518"},"timezone":{"offset":"+9:00","description":"Tokyo, Seoul, Osaka, Sapporo, Yakutsk"}},"email":"lynn.morgan@example.com","login":{"uuid":"991e0fe1-2bbb-415f-a658-9bded666399d","username":"orangemeercat740","password":"franky","salt":"TRUfu85x","md5":"96fc8b5db7aa11db8ab54ed87c7d80bf","sha1":"bf7b28f67483e8e572c9d1039b9a52aa79258fea","sha256":"b3bfc8688879df56848cbe7980f251865ecfcb400c603287846fc0560b785e56"},"dob":{"date":"1991-06-18T06:37:26.248Z","age":32},"registered":{"date":"2020-05-31T05:05:48.906Z","age":3},"phone":"(543) 356-8639","cell":"(253) 963-7561","id":{"name":"SSN","value":"531-70-1852"},"picture":{"large":"https://randomuser.me/api/portraits/women/81.jpg","medium":"https://randomuser.me/api/portraits/med/women/81.jpg","thumbnail":"https://randomuser.me/api/portraits/thumb/women/81.jpg"},"nat":"US"}],"info":{"seed":"93e69a4ac39c93cc","results":1,"page":1,"version":"1.4"}} 
 </msg>
<msg time="2024-05-17T20:15:40.272750" level="INFO">/opt/hostedtoolcache/Python/3.12.3/x64/lib/python3.12/site-packages/urllib3/connectionpool.py:1103: InsecureRequestWarning: Unverified HTTPS request is being made to host 'randomuser.me'. Adding certificate verification is strongly advised. See: https://urllib3.readthedocs.io/en/latest/advanced-usage.html#tls-warnings
  warnings.warn(</msg>
<msg time="2024-05-17T20:15:40.272858" level="INFO">${response} = &lt;Response [200]&gt;</msg>
<var>${response}</var>
<arg>consultarAPI</arg>
<arg>/api</arg>
<doc>Sends a GET request on a previously created HTTP Session.</doc>
<status status="PASS" start="2024-05-17T20:15:40.185539" elapsed="0.087359"/>
</kw>
<kw name="Set Variable" owner="BuiltIn">
<msg time="2024-05-17T20:15:40.273709" level="INFO">${json_data} = {'results': [{'gender': 'female', 'name': {'title': 'Miss', 'first': 'Lynn', 'last': 'Morgan'}, 'location': {'street': {'number': 180, 'name': 'Westheimer Rd'}, 'city': 'Tucson', 'state': 'California'...</msg>
<var>${json_data}</var>
<arg>${response.json()}</arg>
<doc>Returns the given values which can then be assigned to a variables.</doc>
<status status="PASS" start="2024-05-17T20:15:40.273255" elapsed="0.000482"/>
</kw>
<kw name="Log" owner="BuiltIn">
<msg time="2024-05-17T20:15:40.274194" level="INFO">{'results': [{'gender': 'female', 'name': {'title': 'Miss', 'first': 'Lynn', 'last': 'Morgan'}, 'location': {'street': {'number': 180, 'name': 'Westheimer Rd'}, 'city': 'Tucson', 'state': 'California', 'country': 'United States', 'postcode': 22444, 'coordinates': {'latitude': '84.8096', 'longitude': '165.2518'}, 'timezone': {'offset': '+9:00', 'description': 'Tokyo, Seoul, Osaka, Sapporo, Yakutsk'}}, 'email': 'lynn.morgan@example.com', 'login': {'uuid': '991e0fe1-2bbb-415f-a658-9bded666399d', 'username': 'orangemeercat740', 'password': 'franky', 'salt': 'TRUfu85x', 'md5': '96fc8b5db7aa11db8ab54ed87c7d80bf', 'sha1': 'bf7b28f67483e8e572c9d1039b9a52aa79258fea', 'sha256': 'b3bfc8688879df56848cbe7980f251865ecfcb400c603287846fc0560b785e56'}, 'dob': {'date': '1991-06-18T06:37:26.248Z', 'age': 32}, 'registered': {'date': '2020-05-31T05:05:48.906Z', 'age': 3}, 'phone': '(543) 356-8639', 'cell': '(253) 963-7561', 'id': {'name': 'SSN', 'value': '531-70-1852'}, 'picture': {'large': 'https://randomuser.me/api/portraits/women/81.jpg', 'medium': 'https://randomuser.me/api/portraits/med/women/81.jpg', 'thumbnail': 'https://randomuser.me/api/portraits/thumb/women/81.jpg'}, 'nat': 'US'}], 'info': {'seed': '93e69a4ac39c93cc', 'results': 1, 'page': 1, 'version': '1.4'}}</msg>
<arg>${json_data}</arg>
<doc>Logs the given message with the given level.</doc>
<status status="PASS" start="2024-05-17T20:15:40.274043" elapsed="0.000232"/>
</kw>
<kw name="Should Be Equal As Numbers" owner="BuiltIn">
<arg>${json_data['results'][0]['location']['postcode']}</arg>
<arg>${json_data['results'][0]['location']['postcode']}</arg>
<doc>Fails if objects are unequal after converting them to real numbers.</doc>
<status status="PASS" start="2024-05-17T20:15:40.274581" elapsed="0.000765"/>
</kw>
<kw name="Log" owner="BuiltIn">
<msg time="2024-05-17T20:15:40.275912" level="INFO">22444</msg>
<arg>${json_data['results'][0]['location']['postcode']}</arg>
<doc>Logs the given message with the given level.</doc>
<status status="PASS" start="2024-05-17T20:15:40.275573" elapsed="0.000380"/>
</kw>
<status status="PASS" start="2024-05-17T20:15:40.185309" elapsed="0.090903"/>
</kw>
<doc>Testa se os tipos de dados na resposta da API estão corretos.</doc>
<tag>testeTiposDados</tag>
<status status="PASS" start="2024-05-17T20:15:40.096450" elapsed="0.179927"/>
</test>
<test id="s1-s1-t5" name="Validar conteudo" line="35">
<kw name="Teste de Tipos de Conteudo" owner="random-user-service">
<kw name="GET On Session" owner="RequestsLibrary">
<msg time="2024-05-17T20:15:40.372828" level="INFO">GET Request : url=https://randomuser.me/api 
 path_url=/api 
 headers={'User-Agent': 'python-requests/2.31.0', 'Accept-Encoding': 'gzip, deflate', 'Accept': '*/*', 'Connection': 'keep-alive'} 
 body=None 
 </msg>
<msg time="2024-05-17T20:15:40.372898" level="INFO">GET Response : url=https://randomuser.me/api 
 status=200, reason=OK 
 headers={'Date': 'Fri, 17 May 2024 20:15:40 GMT', 'Content-Type': 'application/json; charset=utf-8', 'Transfer-Encoding': 'chunked', 'Connection': 'keep-alive', 'X-Powered-By': 'Express', 'Access-Control-Allow-Origin': '*', 'Cache-Control': 'no-cache', 'ETag': 'W/"489-6zF17V8HXgzPjCDO3/7XC0VM2I0"', 'Vary': 'Accept-Encoding', 'Content-Encoding': 'gzip', 'CF-Cache-Status': 'DYNAMIC', 'Report-To': '{"endpoints":[{"url":"https:\\/\\/a.nel.cloudflare.com\\/report\\/v4?s=GmyFjsC9lfq02vziPYdseVNLt26U0QnulRD05VlSbAcOnLHRm4zUSKA364Ww763GZ80fMKHgyGR%2FbugwmOtOE4Cslgz%2F%2BnmcjErWSPeStAQseec%2BzOw7iww7KnA2twqa"}],"group":"cf-nel","max_age":604800}', 'NEL': '{"success_fraction":0,"report_to":"cf-nel","max_age":604800}', 'Server': 'cloudflare', 'CF-RAY': '885647e4ca254b87-IAD', 'alt-svc': 'h3=":443"; ma=86400'} 
 body={"results":[{"gender":"male","name":{"title":"Mr","first":"James","last":"Martin"},"location":{"street":{"number":4208,"name":"Victoria Road"},"city":"Letterkenny","state":"Monaghan","country":"Ireland","postcode":93878,"coordinates":{"latitude":"-2.9133","longitude":"-54.1208"},"timezone":{"offset":"+9:00","description":"Tokyo, Seoul, Osaka, Sapporo, Yakutsk"}},"email":"james.martin@example.com","login":{"uuid":"79e6e8ae-abb8-4be0-91ed-e2e47f453289","username":"tinysnake890","password":"abcde","salt":"PTRFS5cu","md5":"f8f16ee693c3ab99563604862c322b2d","sha1":"34ac68a72544e64e492e9ce9d1082421396757a7","sha256":"03115759ce1f3b8d5db08a4b95a26d2191541386c41695700e1d8f12f5c97dc3"},"dob":{"date":"1952-09-17T22:45:58.005Z","age":71},"registered":{"date":"2020-05-05T01:20:11.981Z","age":4},"phone":"041-933-2156","cell":"081-346-4856","id":{"name":"PPS","value":"1866301T"},"picture":{"large":"https://randomuser.me/api/portraits/men/26.jpg","medium":"https://randomuser.me/api/portraits/med/men/26.jpg","thumbnail":"https://randomuser.me/api/portraits/thumb/men/26.jpg"},"nat":"IE"}],"info":{"seed":"3ebae0b808850523","results":1,"page":1,"version":"1.4"}} 
 </msg>
<msg time="2024-05-17T20:15:40.372967" level="INFO">/opt/hostedtoolcache/Python/3.12.3/x64/lib/python3.12/site-packages/urllib3/connectionpool.py:1103: InsecureRequestWarning: Unverified HTTPS request is being made to host 'randomuser.me'. Adding certificate verification is strongly advised. See: https://urllib3.readthedocs.io/en/latest/advanced-usage.html#tls-warnings
  warnings.warn(</msg>
<msg time="2024-05-17T20:15:40.373080" level="INFO">${response} = &lt;Response [200]&gt;</msg>
<var>${response}</var>
<arg>consultarAPI</arg>
<arg>/api</arg>
<doc>Sends a GET request on a previously created HTTP Session.</doc>
<status status="PASS" start="2024-05-17T20:15:40.278893" elapsed="0.094230"/>
</kw>
<kw name="Set Variable" owner="BuiltIn">
<msg time="2024-05-17T20:15:40.373943" level="INFO">${json_data} = {'results': [{'gender': 'male', 'name': {'title': 'Mr', 'first': 'James', 'last': 'Martin'}, 'location': {'street': {'number': 4208, 'name': 'Victoria Road'}, 'city': 'Letterkenny', 'state': 'Monaghan...</msg>
<var>${json_data}</var>
<arg>${response.json()}</arg>
<doc>Returns the given values which can then be assigned to a variables.</doc>
<status status="PASS" start="2024-05-17T20:15:40.373501" elapsed="0.000472"/>
</kw>
<kw name="Set Variable" owner="BuiltIn">
<msg time="2024-05-17T20:15:40.374657" level="INFO">${name_title} = Mr</msg>
<var>${name_title}</var>
<arg>${json_data["results"][0]["name"]["title"]}</arg>
<doc>Returns the given values which can then be assigned to a variables.</doc>
<status status="PASS" start="2024-05-17T20:15:40.374276" elapsed="0.000406"/>
</kw>
<kw name="Create List" owner="BuiltIn">
<msg time="2024-05-17T20:15:40.375129" level="INFO">${allowed_titles} = ['Mr', 'Ms', 'Miss', 'Mrs', 'Madame', 'Monsieur']</msg>
<var>${allowed_titles}</var>
<arg>Mr</arg>
<arg>Ms</arg>
<arg>Miss</arg>
<arg>Mrs</arg>
<arg>Madame</arg>
<arg>Monsieur</arg>
<doc>Returns a list containing given items.</doc>
<status status="PASS" start="2024-05-17T20:15:40.374981" elapsed="0.000172"/>
</kw>
<kw name="List Should Contain Value" owner="Collections">
<msg time="2024-05-17T20:15:40.375661" level="INFO">False</msg>
<arg>${allowed_titles}</arg>
<arg>${name_title}</arg>
<doc>Fails if the ``value`` is not found from ``list``.</doc>
<status status="PASS" start="2024-05-17T20:15:40.375483" elapsed="0.000215"/>
</kw>
<kw name="Set Variable" owner="BuiltIn">
<msg time="2024-05-17T20:15:40.376372" level="INFO">${name_country} = IE</msg>
<var>${name_country}</var>
<arg>${json_data["results"][0]["nat"]}</arg>
<doc>Returns the given values which can then be assigned to a variables.</doc>
<status status="PASS" start="2024-05-17T20:15:40.375991" elapsed="0.000406"/>
</kw>
<kw name="Create List" owner="BuiltIn">
<msg time="2024-05-17T20:15:40.377288" level="INFO">${list_country} = ['AD', 'AE', 'AF', 'AG', 'AI', 'AL', 'AM', 'AO', 'AQ', 'AR', 'AS', 'AT', 'AU', 'AW', 'AX', 'AZ', 'BA', 'BB', 'BD', 'BE', 'BF', 'BG', 'BH', 'BI', 'BJ', 'BL', 'BM', 'BN', 'BO', 'BQ', 'BR', 'BS', 'BT', '...</msg>
<var>${list_country}</var>
<arg>AD</arg>
<arg>AE</arg>
<arg>AF</arg>
<arg>AG</arg>
<arg>AI</arg>
<arg>AL</arg>
<arg>AM</arg>
<arg>AO</arg>
<arg>AQ</arg>
<arg>AR</arg>
<arg>AS</arg>
<arg>AT</arg>
<arg>AU</arg>
<arg>AW</arg>
<arg>AX</arg>
<arg>AZ</arg>
<arg>BA</arg>
<arg>BB</arg>
<arg>BD</arg>
<arg>BE</arg>
<arg>BF</arg>
<arg>BG</arg>
<arg>BH</arg>
<arg>BI</arg>
<arg>BJ</arg>
<arg>BL</arg>
<arg>BM</arg>
<arg>BN</arg>
<arg>BO</arg>
<arg>BQ</arg>
<arg>BR</arg>
<arg>BS</arg>
<arg>BT</arg>
<arg>BV</arg>
<arg>BW</arg>
<arg>BY</arg>
<arg>BZ</arg>
<arg>CA</arg>
<arg>CC</arg>
<arg>CD</arg>
<arg>CF</arg>
<arg>CG</arg>
<arg>CH</arg>
<arg>CI</arg>
<arg>CK</arg>
<arg>CL</arg>
<arg>CM</arg>
<arg>CN</arg>
<arg>CO</arg>
<arg>CR</arg>
<arg>CU</arg>
<arg>CV</arg>
<arg>CW</arg>
<arg>CX</arg>
<arg>CY</arg>
<arg>CZ</arg>
<arg>DE</arg>
<arg>DJ</arg>
<arg>DK</arg>
<arg>DM</arg>
<arg>DO</arg>
<arg>DZ</arg>
<arg>EC</arg>
<arg>EE</arg>
<arg>EG</arg>
<arg>EH</arg>
<arg>ER</arg>
<arg>ES</arg>
<arg>ET</arg>
<arg>FI</arg>
<arg>FJ</arg>
<arg>FK</arg>
<arg>FM</arg>
<arg>FO</arg>
<arg>FR</arg>
<arg>GA</arg>
<arg>GB</arg>
<arg>GD</arg>
<arg>GE</arg>
<arg>GF</arg>
<arg>GG</arg>
<arg>GH</arg>
<arg>GI</arg>
<arg>GL</arg>
<arg>GM</arg>
<arg>GN</arg>
<arg>GP</arg>
<arg>GQ</arg>
<arg>GR</arg>
<arg>GS</arg>
<arg>GT</arg>
<arg>GU</arg>
<arg>GW</arg>
<arg>GY</arg>
<arg>HK</arg>
<arg>HM</arg>
<arg>HN</arg>
<arg>HR</arg>
<arg>HT</arg>
<arg>HU</arg>
<arg>ID</arg>
<arg>IE</arg>
<arg>IL</arg>
<arg>IM</arg>
<arg>IN</arg>
<arg>IO</arg>
<arg>IQ</arg>
<arg>IR</arg>
<arg>IS</arg>
<arg>IT</arg>
<arg>JE</arg>
<arg>JM</arg>
<arg>JO</arg>
<arg>JP</arg>
<arg>KE</arg>
<arg>KG</arg>
<arg>KH</arg>
<arg>KI</arg>
<arg>KM</arg>
<arg>KN</arg>
<arg>KP</arg>
<arg>KR</arg>
<arg>KW</arg>
<arg>KY</arg>
<arg>KZ</arg>
<arg>LA</arg>
<arg>LB</arg>
<arg>LC</arg>
<arg>LI</arg>
<arg>LK</arg>
<arg>LR</arg>
<arg>LS</arg>
<arg>LT</arg>
<arg>LU</arg>
<arg>LV</arg>
<arg>LY</arg>
<arg>MA</arg>
<arg>MC</arg>
<arg>MD</arg>
<arg>ME</arg>
<arg>MF</arg>
<arg>MG</arg>
<arg>MH</arg>
<arg>MK</arg>
<arg>ML</arg>
<arg>MM</arg>
<arg>MN</arg>
<arg>MO</arg>
<arg>MP</arg>
<arg>MQ</arg>
<arg>MR</arg>
<arg>MS</arg>
<arg>MT</arg>
<arg>MU</arg>
<arg>MV</arg>
<arg>MW</arg>
<arg>MX</arg>
<arg>MY</arg>
<arg>MZ</arg>
<arg>NA</arg>
<arg>NC</arg>
<arg>NE</arg>
<arg>NF</arg>
<arg>NG</arg>
<arg>NI</arg>
<arg>NL</arg>
<arg>NO</arg>
<arg>NP</arg>
<arg>NR</arg>
<arg>NU</arg>
<arg>NZ</arg>
<arg>OM</arg>
<arg>PA</arg>
<arg>PE</arg>
<arg>PF</arg>
<arg>PG</arg>
<arg>PH</arg>
<arg>PK</arg>
<arg>PL</arg>
<arg>PM</arg>
<arg>PN</arg>
<arg>PR</arg>
<arg>PS</arg>
<arg>PT</arg>
<arg>PW</arg>
<arg>PY</arg>
<arg>QA</arg>
<arg>RE</arg>
<arg>RO</arg>
<arg>RS</arg>
<arg>RU</arg>
<arg>RW</arg>
<arg>SA</arg>
<arg>SB</arg>
<arg>SC</arg>
<arg>SD</arg>
<arg>SE</arg>
<arg>SG</arg>
<arg>SH</arg>
<arg>SI</arg>
<arg>SJ</arg>
<arg>SK</arg>
<arg>SL</arg>
<arg>SM</arg>
<arg>SN</arg>
<arg>SO</arg>
<arg>SR</arg>
<arg>SS</arg>
<arg>ST</arg>
<arg>SV</arg>
<arg>SX</arg>
<arg>SY</arg>
<arg>SZ</arg>
<arg>TC</arg>
<arg>TD</arg>
<arg>TF</arg>
<arg>TG</arg>
<arg>TH</arg>
<arg>TJ</arg>
<arg>TK</arg>
<arg>TL</arg>
<arg>TM</arg>
<arg>TN</arg>
<arg>TO</arg>
<arg>TR</arg>
<arg>TT</arg>
<arg>TV</arg>
<arg>TW</arg>
<arg>TZ</arg>
<arg>UA</arg>
<arg>UG</arg>
<arg>UM</arg>
<arg>US</arg>
<arg>UY</arg>
<arg>UZ</arg>
<arg>VA</arg>
<arg>VC</arg>
<arg>VE</arg>
<arg>VG</arg>
<arg>VI</arg>
<arg>VN</arg>
<arg>VU</arg>
<arg>WF</arg>
<arg>WS</arg>
<arg>XK</arg>
<arg>YE</arg>
<arg>YT</arg>
<arg>ZA</arg>
<arg>ZM</arg>
<arg>ZW</arg>
<doc>Returns a list containing given items.</doc>
<status status="PASS" start="2024-05-17T20:15:40.376694" elapsed="0.000619"/>
</kw>
<kw name="List Should Contain Value" owner="Collections">
<msg time="2024-05-17T20:15:40.378297" level="INFO">False</msg>
<arg>${list_country}</arg>
<arg>${name_country}</arg>
<doc>Fails if the ``value`` is not found from ``list``.</doc>
<status status="PASS" start="2024-05-17T20:15:40.378097" elapsed="0.000235"/>
</kw>
<kw name="Run Keyword If" owner="BuiltIn">
<kw name="Should Be True" owner="BuiltIn">
<arg>${True}</arg>
<doc>Fails if the given condition is not true.</doc>
<status status="PASS" start="2024-05-17T20:15:40.379402" elapsed="0.000169"/>
</kw>
<arg>${json_data["results"][0]["location"]["coordinates"]["latitude"]} &gt;= -90 and ${json_data["results"][0]["location"]["coordinates"]["latitude"]} &lt;= 90</arg>
<arg>Should Be True</arg>
<arg>${True}</arg>
<doc>Runs the given keyword with the given arguments, if ``condition`` is true.</doc>
<status status="PASS" start="2024-05-17T20:15:40.378648" elapsed="0.001052"/>
</kw>
<kw name="Run Keyword If" owner="BuiltIn">
<kw name="Should Be True" owner="BuiltIn">
<arg>${True}</arg>
<doc>Fails if the given condition is not true.</doc>
<status status="PASS" start="2024-05-17T20:15:40.380577" elapsed="0.000245"/>
</kw>
<arg>${json_data["results"][0]["location"]["coordinates"]["longitude"]} &gt;= -180 and ${json_data["results"][0]["location"]["coordinates"]["longitude"]} &lt;= 180</arg>
<arg>Should Be True</arg>
<arg>${True}</arg>
<doc>Runs the given keyword with the given arguments, if ``condition`` is true.</doc>
<status status="PASS" start="2024-05-17T20:15:40.379884" elapsed="0.001065"/>
</kw>
<status status="PASS" start="2024-05-17T20:15:40.278667" elapsed="0.102416"/>
</kw>
<doc>Testa o conteúdo específico dos campos retornados pela API.</doc>
<tag>testeConteudo</tag>
<status status="PASS" start="2024-05-17T20:15:40.278148" elapsed="0.103081"/>
</test>
<status status="PASS" start="2024-05-17T20:15:39.590717" elapsed="0.792410"/>
</suite>
<status status="PASS" start="2024-05-17T20:15:39.577281" elapsed="0.810933"/>
</suite>
<statistics>
<total>
<stat pass="5" fail="0" skip="0">All Tests</stat>
</total>
<tag>
<stat pass="1" fail="0" skip="0">testeConteudo</stat>
<stat pass="1" fail="0" skip="0">testeEstruturaResposta</stat>
<stat pass="1" fail="0" skip="0">testeRequisicaoBasica</stat>
<stat pass="1" fail="0" skip="0">testeTiposDados</stat>
</tag>
<suite>
<stat pass="5" fail="0" skip="0" id="s1" name="Tests">Tests</stat>
<stat pass="5" fail="0" skip="0" id="s1-s1" name="Random-User-Test">Tests.Random-User-Test</stat>
</suite>
</statistics>
<errors>
</errors>
</robot>
