<?xml version="1.0" encoding="UTF-8"?>
<robot generator="Robot 7.0.1 (Python 3.12.4 on linux)" generated="2024-06-21T21:15:07.245303" rpa="false" schemaversion="5">
<suite id="s1" name="Tests" source="/home/runner/work/ApiRandomUser/ApiRandomUser/RamdonUser/tests">
<suite id="s1-s1" name="Random-User-Test" source="/home/runner/work/ApiRandomUser/ApiRandomUser/RamdonUser/tests/random-user-test.robot">
<test id="s1-s1-t1" name="Conectar" line="13">
<kw name="Conectar API" owner="random-user-service">
<kw name="Create Session" owner="RequestsLibrary">
<msg time="2024-06-21T21:15:07.636333" level="INFO">Creating Session using : alias=consultarAPI, url=https://randomuser.me/, headers={},                     cookies={}, auth=None, timeout=None, proxies=None, verify=False,                     debug=0 </msg>
<arg>consultarAPI</arg>
<arg>${URL}</arg>
<doc>Create Session: create a HTTP session to a server</doc>
<status status="PASS" start="2024-06-21T21:15:07.636141" elapsed="0.000355"/>
</kw>
<status status="PASS" start="2024-06-21T21:15:07.635211" elapsed="0.001632"/>
</kw>
<status status="PASS" start="2024-06-21T21:15:07.634681" elapsed="0.002353"/>
</test>
<test id="s1-s1-t2" name="Validar retorno 200 e JSON Válido" line="16">
<kw name="Teste de Requisicao Basica" owner="random-user-service">
<kw name="GET On Session" owner="RequestsLibrary">
<msg time="2024-06-21T21:15:07.828293" level="INFO">GET Request : url=https://randomuser.me/api 
 path_url=/api 
 headers={'User-Agent': 'python-requests/2.32.3', 'Accept-Encoding': 'gzip, deflate', 'Accept': '*/*', 'Connection': 'keep-alive'} 
 body=None 
 </msg>
<msg time="2024-06-21T21:15:07.828447" level="INFO">GET Response : url=https://randomuser.me/api 
 status=200, reason=OK 
 headers={'Date': 'Fri, 21 Jun 2024 21:15:07 GMT', 'Content-Type': 'application/json; charset=utf-8', 'Transfer-Encoding': 'chunked', 'Connection': 'keep-alive', 'X-Powered-By': 'Express', 'Access-Control-Allow-Origin': '*', 'Cache-Control': 'no-cache', 'ETag': 'W/"496-u21ISqTtX0STfzUXwuEkv2ZlSDQ"', 'Vary': 'Accept-Encoding', 'Content-Encoding': 'gzip', 'CF-Cache-Status': 'DYNAMIC', 'Report-To': '{"endpoints":[{"url":"https:\\/\\/a.nel.cloudflare.com\\/report\\/v4?s=S1fFtMuRE5%2BO6ZtLHwL%2FbU13YujuYwAE2tHK%2FGFK4D3otb1GbmKoMKrr5hnlIAOl1KCCaO9n4YnRzHMNmflavMWR9Utq4uW4Fs1a2lIsj7YmnO%2BDpVTLfL5JhnM%2BDT9G"}],"group":"cf-nel","max_age":604800}', 'NEL': '{"success_fraction":0,"report_to":"cf-nel","max_age":604800}', 'Server': 'cloudflare', 'CF-RAY': '8977031d9ce7083d-IAD', 'alt-svc': 'h3=":443"; ma=86400'} 
 body={"results":[{"gender":"male","name":{"title":"Monsieur","first":"Nicola","last":"Roux"},"location":{"street":{"number":5023,"name":"Rue Bossuet"},"city":"Châtel-Saint-Denis","state":"Zürich","country":"Switzerland","postcode":5403,"coordinates":{"latitude":"-58.7155","longitude":"-45.6450"},"timezone":{"offset":"-11:00","description":"Midway Island, Samoa"}},"email":"nicola.roux@example.com","login":{"uuid":"be0862f7-c5b6-4ccc-bcf8-59697168b70a","username":"whiteleopard392","password":"rhubarb","salt":"YwUxVXX7","md5":"5c427907c2fb68e04ab3f0845a120ee2","sha1":"11400e97bde900ff2c0ba4c4d8203ab5eafedc0c","sha256":"145e80347941cffe2e6647c3780ae4939a7000320cffe64e8871ddd9f6e750c3"},"dob":{"date":"1977-06-15T22:23:21.659Z","age":47},"registered":{"date":"2010-10-03T17:56:14.267Z","age":13},"phone":"075 457 40 69","cell":"079 442 17 34","id":{"name":"AVS","value":"756.6641.0554.40"},"picture":{"large":"https://randomuser.me/api/portraits/men/58.jpg","medium":"https://randomuser.me/api/portraits/med/men/58.jpg","thumbnail":"https://randomuser.me/api/portraits/thumb/men/58.jpg"},"nat":"CH"}],"info":{"seed":"9b4d7cb5b8dec697","results":1,"page":1,"version":"1.4"}} 
 </msg>
<msg time="2024-06-21T21:15:07.828535" level="INFO">/opt/hostedtoolcache/Python/3.12.4/x64/lib/python3.12/site-packages/urllib3/connectionpool.py:1099: InsecureRequestWarning: Unverified HTTPS request is being made to host 'randomuser.me'. Adding certificate verification is strongly advised. See: https://urllib3.readthedocs.io/en/latest/advanced-usage.html#tls-warnings
  warnings.warn(</msg>
<msg time="2024-06-21T21:15:07.828684" level="INFO">${response} = &lt;Response [200]&gt;</msg>
<var>${response}</var>
<arg>consultarAPI</arg>
<arg>/api</arg>
<doc>Sends a GET request on a previously created HTTP Session.</doc>
<status status="PASS" start="2024-06-21T21:15:07.639600" elapsed="0.189126"/>
</kw>
<kw name="Should Be Equal As Numbers" owner="BuiltIn">
<msg time="2024-06-21T21:15:07.829636" level="INFO">Argument types are:
&lt;class 'int'&gt;
&lt;class 'str'&gt;</msg>
<arg>${response.status_code}</arg>
<arg>200</arg>
<doc>Fails if objects are unequal after converting them to real numbers.</doc>
<status status="PASS" start="2024-06-21T21:15:07.829190" elapsed="0.000517"/>
</kw>
<kw name="Log" owner="BuiltIn">
<msg time="2024-06-21T21:15:07.830439" level="INFO">200</msg>
<arg>${response.status_code}</arg>
<doc>Logs the given message with the given level.</doc>
<status status="PASS" start="2024-06-21T21:15:07.830038" elapsed="0.000444"/>
</kw>
<kw name="Set Variable" owner="BuiltIn">
<msg time="2024-06-21T21:15:07.831235" level="INFO">${json_data} = {'results': [{'gender': 'male', 'name': {'title': 'Monsieur', 'first': 'Nicola', 'last': 'Roux'}, 'location': {'street': {'number': 5023, 'name': 'Rue Bossuet'}, 'city': 'Châtel-Saint-Denis', 'state':...</msg>
<var>${json_data}</var>
<arg>${response.json()}</arg>
<doc>Returns the given values which can then be assigned to a variables.</doc>
<status status="PASS" start="2024-06-21T21:15:07.830784" elapsed="0.000482"/>
</kw>
<kw name="Dictionary Should Contain Key" owner="Collections">
<arg>${json_data}</arg>
<arg>results</arg>
<doc>Fails if ``key`` is not found from ``dictionary``.</doc>
<status status="PASS" start="2024-06-21T21:15:07.831563" elapsed="0.000164"/>
</kw>
<status status="PASS" start="2024-06-21T21:15:07.639362" elapsed="0.192515"/>
</kw>
<doc>Testa se a API responde corretamente e retorna um objeto JSON válido.</doc>
<tag>testeRequisicaoBasica</tag>
<status status="PASS" start="2024-06-21T21:15:07.638908" elapsed="0.193143"/>
</test>
<test id="s1-s1-t3" name="Validar estrutura de resposta" line="22">
<kw name="Teste de Estrutura de Resposta" owner="random-user-service">
<kw name="GET On Session" owner="RequestsLibrary">
<msg time="2024-06-21T21:15:07.929647" level="INFO">GET Request : url=https://randomuser.me/api 
 path_url=/api 
 headers={'User-Agent': 'python-requests/2.32.3', 'Accept-Encoding': 'gzip, deflate', 'Accept': '*/*', 'Connection': 'keep-alive'} 
 body=None 
 </msg>
<msg time="2024-06-21T21:15:07.929745" level="INFO">GET Response : url=https://randomuser.me/api 
 status=200, reason=OK 
 headers={'Date': 'Fri, 21 Jun 2024 21:15:07 GMT', 'Content-Type': 'application/json; charset=utf-8', 'Transfer-Encoding': 'chunked', 'Connection': 'keep-alive', 'X-Powered-By': 'Express', 'Access-Control-Allow-Origin': '*', 'Cache-Control': 'no-cache', 'ETag': 'W/"480-LVl0U3NvtHo0W3td8ys4K1vf5PU"', 'Vary': 'Accept-Encoding', 'Content-Encoding': 'gzip', 'CF-Cache-Status': 'DYNAMIC', 'Report-To': '{"endpoints":[{"url":"https:\\/\\/a.nel.cloudflare.com\\/report\\/v4?s=Ys7WN8aAT5y0uNW74WE4jCOCPox%2BEGg0SQh2iz%2FmyJCiryFtwiCW4fbkKObR90miEER3mZ0H1yAENYcoJQzvp8TaQ8F2hJ%2BHs3W0L%2FjT8uqJ%2BROSFwCyWTtWeKokcSk7"}],"group":"cf-nel","max_age":604800}', 'NEL': '{"success_fraction":0,"report_to":"cf-nel","max_age":604800}', 'Server': 'cloudflare', 'CF-RAY': '8977031dfd64083d-IAD', 'alt-svc': 'h3=":443"; ma=86400'} 
 body={"results":[{"gender":"male","name":{"title":"Mr","first":"Ken","last":"Fitzpatrick"},"location":{"street":{"number":9800,"name":"Pearse Street"},"city":"Carlow","state":"Wicklow","country":"Ireland","postcode":26441,"coordinates":{"latitude":"0.4514","longitude":"-25.3334"},"timezone":{"offset":"-1:00","description":"Azores, Cape Verde Islands"}},"email":"ken.fitzpatrick@example.com","login":{"uuid":"946fa2f2-e6bd-4b9f-bac4-5c401ccaa379","username":"smallelephant403","password":"ninjas","salt":"3yT2UM99","md5":"3dd3fb8b46abf64c8aac4b5beac0d827","sha1":"beb60af42a9a671a30a233851fde499ab0d69b69","sha256":"378720b25b0570cf52702d06986c928d80b5f0d8b742996059b5a2546599ad77"},"dob":{"date":"1990-01-03T18:38:28.109Z","age":34},"registered":{"date":"2008-02-15T14:27:05.915Z","age":16},"phone":"011-776-6145","cell":"081-843-6220","id":{"name":"PPS","value":"8994028T"},"picture":{"large":"https://randomuser.me/api/portraits/men/2.jpg","medium":"https://randomuser.me/api/portraits/med/men/2.jpg","thumbnail":"https://randomuser.me/api/portraits/thumb/men/2.jpg"},"nat":"IE"}],"info":{"seed":"63da9776db5832f2","results":1,"page":1,"version":"1.4"}} 
 </msg>
<msg time="2024-06-21T21:15:07.929871" level="INFO">/opt/hostedtoolcache/Python/3.12.4/x64/lib/python3.12/site-packages/urllib3/connectionpool.py:1099: InsecureRequestWarning: Unverified HTTPS request is being made to host 'randomuser.me'. Adding certificate verification is strongly advised. See: https://urllib3.readthedocs.io/en/latest/advanced-usage.html#tls-warnings
  warnings.warn(</msg>
<msg time="2024-06-21T21:15:07.930024" level="INFO">${response} = &lt;Response [200]&gt;</msg>
<var>${response}</var>
<arg>consultarAPI</arg>
<arg>/api</arg>
<doc>Sends a GET request on a previously created HTTP Session.</doc>
<status status="PASS" start="2024-06-21T21:15:07.834586" elapsed="0.095485"/>
</kw>
<kw name="Set Variable" owner="BuiltIn">
<msg time="2024-06-21T21:15:07.931104" level="INFO">${json_data} = {'results': [{'gender': 'male', 'name': {'title': 'Mr', 'first': 'Ken', 'last': 'Fitzpatrick'}, 'location': {'street': {'number': 9800, 'name': 'Pearse Street'}, 'city': 'Carlow', 'state': 'Wicklow', ...</msg>
<var>${json_data}</var>
<arg>${response.json()}</arg>
<doc>Returns the given values which can then be assigned to a variables.</doc>
<status status="PASS" start="2024-06-21T21:15:07.930586" elapsed="0.000548"/>
</kw>
<kw name="Log" owner="BuiltIn">
<msg time="2024-06-21T21:15:07.931607" level="INFO">{'results': [{'gender': 'male', 'name': {'title': 'Mr', 'first': 'Ken', 'last': 'Fitzpatrick'}, 'location': {'street': {'number': 9800, 'name': 'Pearse Street'}, 'city': 'Carlow', 'state': 'Wicklow', 'country': 'Ireland', 'postcode': 26441, 'coordinates': {'latitude': '0.4514', 'longitude': '-25.3334'}, 'timezone': {'offset': '-1:00', 'description': 'Azores, Cape Verde Islands'}}, 'email': 'ken.fitzpatrick@example.com', 'login': {'uuid': '946fa2f2-e6bd-4b9f-bac4-5c401ccaa379', 'username': 'smallelephant403', 'password': 'ninjas', 'salt': '3yT2UM99', 'md5': '3dd3fb8b46abf64c8aac4b5beac0d827', 'sha1': 'beb60af42a9a671a30a233851fde499ab0d69b69', 'sha256': '378720b25b0570cf52702d06986c928d80b5f0d8b742996059b5a2546599ad77'}, 'dob': {'date': '1990-01-03T18:38:28.109Z', 'age': 34}, 'registered': {'date': '2008-02-15T14:27:05.915Z', 'age': 16}, 'phone': '011-776-6145', 'cell': '081-843-6220', 'id': {'name': 'PPS', 'value': '8994028T'}, 'picture': {'large': 'https://randomuser.me/api/portraits/men/2.jpg', 'medium': 'https://randomuser.me/api/portraits/med/men/2.jpg', 'thumbnail': 'https://randomuser.me/api/portraits/thumb/men/2.jpg'}, 'nat': 'IE'}], 'info': {'seed': '63da9776db5832f2', 'results': 1, 'page': 1, 'version': '1.4'}}</msg>
<arg>${json_data}</arg>
<doc>Logs the given message with the given level.</doc>
<status status="PASS" start="2024-06-21T21:15:07.931447" elapsed="0.000215"/>
</kw>
<kw name="Dictionary Should Contain Key" owner="Collections">
<arg>${json_data}</arg>
<arg>results</arg>
<doc>Fails if ``key`` is not found from ``dictionary``.</doc>
<status status="PASS" start="2024-06-21T21:15:07.931957" elapsed="0.000162"/>
</kw>
<kw name="Should Not Be Empty" owner="BuiltIn">
<msg time="2024-06-21T21:15:07.932440" level="INFO">Length is 2.</msg>
<arg>${json_data}</arg>
<doc>Verifies that the given item is not empty.</doc>
<status status="PASS" start="2024-06-21T21:15:07.932313" elapsed="0.000166"/>
</kw>
<kw name="Create List" owner="BuiltIn">
<msg time="2024-06-21T21:15:07.933082" level="INFO">${expected_keys} = ['gender', 'name', 'location', 'email', 'login']</msg>
<var>${expected_keys}</var>
<arg>gender</arg>
<arg>name</arg>
<arg>location</arg>
<arg>email</arg>
<arg>login</arg>
<doc>Returns a list containing given items.</doc>
<status status="PASS" start="2024-06-21T21:15:07.932769" elapsed="0.000338"/>
</kw>
<for flavor="IN">
<iter>
<kw name="Dictionary Should Contain Key" owner="Collections">
<arg>${json_data['results'][0]}</arg>
<arg>${key}</arg>
<doc>Fails if ``key`` is not found from ``dictionary``.</doc>
<status status="PASS" start="2024-06-21T21:15:07.933703" elapsed="0.000411"/>
</kw>
<kw name="Log" owner="BuiltIn">
<msg time="2024-06-21T21:15:07.934703" level="INFO">{'gender': 'male', 'name': {'title': 'Mr', 'first': 'Ken', 'last': 'Fitzpatrick'}, 'location': {'street': {'number': 9800, 'name': 'Pearse Street'}, 'city': 'Carlow', 'state': 'Wicklow', 'country': 'Ireland', 'postcode': 26441, 'coordinates': {'latitude': '0.4514', 'longitude': '-25.3334'}, 'timezone': {'offset': '-1:00', 'description': 'Azores, Cape Verde Islands'}}, 'email': 'ken.fitzpatrick@example.com', 'login': {'uuid': '946fa2f2-e6bd-4b9f-bac4-5c401ccaa379', 'username': 'smallelephant403', 'password': 'ninjas', 'salt': '3yT2UM99', 'md5': '3dd3fb8b46abf64c8aac4b5beac0d827', 'sha1': 'beb60af42a9a671a30a233851fde499ab0d69b69', 'sha256': '378720b25b0570cf52702d06986c928d80b5f0d8b742996059b5a2546599ad77'}, 'dob': {'date': '1990-01-03T18:38:28.109Z', 'age': 34}, 'registered': {'date': '2008-02-15T14:27:05.915Z', 'age': 16}, 'phone': '011-776-6145', 'cell': '081-843-6220', 'id': {'name': 'PPS', 'value': '8994028T'}, 'picture': {'large': 'https://randomuser.me/api/portraits/men/2.jpg', 'medium': 'https://randomuser.me/api/portraits/med/men/2.jpg', 'thumbnail': 'https://randomuser.me/api/portraits/thumb/men/2.jpg'}, 'nat': 'IE'}</msg>
<arg>${json_data['results'][0]}</arg>
<doc>Logs the given message with the given level.</doc>
<status status="PASS" start="2024-06-21T21:15:07.934344" elapsed="0.000408"/>
</kw>
<kw name="Log" owner="BuiltIn">
<msg time="2024-06-21T21:15:07.935178" level="INFO">gender</msg>
<arg>${key}</arg>
<doc>Logs the given message with the given level.</doc>
<status status="PASS" start="2024-06-21T21:15:07.935050" elapsed="0.000167"/>
</kw>
<var name="${key}">gender</var>
<status status="PASS" start="2024-06-21T21:15:07.933578" elapsed="0.001861"/>
</iter>
<iter>
<kw name="Dictionary Should Contain Key" owner="Collections">
<arg>${json_data['results'][0]}</arg>
<arg>${key}</arg>
<doc>Fails if ``key`` is not found from ``dictionary``.</doc>
<status status="PASS" start="2024-06-21T21:15:07.935735" elapsed="0.000380"/>
</kw>
<kw name="Log" owner="BuiltIn">
<msg time="2024-06-21T21:15:07.936660" level="INFO">{'gender': 'male', 'name': {'title': 'Mr', 'first': 'Ken', 'last': 'Fitzpatrick'}, 'location': {'street': {'number': 9800, 'name': 'Pearse Street'}, 'city': 'Carlow', 'state': 'Wicklow', 'country': 'Ireland', 'postcode': 26441, 'coordinates': {'latitude': '0.4514', 'longitude': '-25.3334'}, 'timezone': {'offset': '-1:00', 'description': 'Azores, Cape Verde Islands'}}, 'email': 'ken.fitzpatrick@example.com', 'login': {'uuid': '946fa2f2-e6bd-4b9f-bac4-5c401ccaa379', 'username': 'smallelephant403', 'password': 'ninjas', 'salt': '3yT2UM99', 'md5': '3dd3fb8b46abf64c8aac4b5beac0d827', 'sha1': 'beb60af42a9a671a30a233851fde499ab0d69b69', 'sha256': '378720b25b0570cf52702d06986c928d80b5f0d8b742996059b5a2546599ad77'}, 'dob': {'date': '1990-01-03T18:38:28.109Z', 'age': 34}, 'registered': {'date': '2008-02-15T14:27:05.915Z', 'age': 16}, 'phone': '011-776-6145', 'cell': '081-843-6220', 'id': {'name': 'PPS', 'value': '8994028T'}, 'picture': {'large': 'https://randomuser.me/api/portraits/men/2.jpg', 'medium': 'https://randomuser.me/api/portraits/med/men/2.jpg', 'thumbnail': 'https://randomuser.me/api/portraits/thumb/men/2.jpg'}, 'nat': 'IE'}</msg>
<arg>${json_data['results'][0]}</arg>
<doc>Logs the given message with the given level.</doc>
<status status="PASS" start="2024-06-21T21:15:07.936302" elapsed="0.000439"/>
</kw>
<kw name="Log" owner="BuiltIn">
<msg time="2024-06-21T21:15:07.937167" level="INFO">name</msg>
<arg>${key}</arg>
<doc>Logs the given message with the given level.</doc>
<status status="PASS" start="2024-06-21T21:15:07.937039" elapsed="0.000166"/>
</kw>
<var name="${key}">name</var>
<status status="PASS" start="2024-06-21T21:15:07.935624" elapsed="0.001799"/>
</iter>
<iter>
<kw name="Dictionary Should Contain Key" owner="Collections">
<arg>${json_data['results'][0]}</arg>
<arg>${key}</arg>
<doc>Fails if ``key`` is not found from ``dictionary``.</doc>
<status status="PASS" start="2024-06-21T21:15:07.937708" elapsed="0.000388"/>
</kw>
<kw name="Log" owner="BuiltIn">
<msg time="2024-06-21T21:15:07.938670" level="INFO">{'gender': 'male', 'name': {'title': 'Mr', 'first': 'Ken', 'last': 'Fitzpatrick'}, 'location': {'street': {'number': 9800, 'name': 'Pearse Street'}, 'city': 'Carlow', 'state': 'Wicklow', 'country': 'Ireland', 'postcode': 26441, 'coordinates': {'latitude': '0.4514', 'longitude': '-25.3334'}, 'timezone': {'offset': '-1:00', 'description': 'Azores, Cape Verde Islands'}}, 'email': 'ken.fitzpatrick@example.com', 'login': {'uuid': '946fa2f2-e6bd-4b9f-bac4-5c401ccaa379', 'username': 'smallelephant403', 'password': 'ninjas', 'salt': '3yT2UM99', 'md5': '3dd3fb8b46abf64c8aac4b5beac0d827', 'sha1': 'beb60af42a9a671a30a233851fde499ab0d69b69', 'sha256': '378720b25b0570cf52702d06986c928d80b5f0d8b742996059b5a2546599ad77'}, 'dob': {'date': '1990-01-03T18:38:28.109Z', 'age': 34}, 'registered': {'date': '2008-02-15T14:27:05.915Z', 'age': 16}, 'phone': '011-776-6145', 'cell': '081-843-6220', 'id': {'name': 'PPS', 'value': '8994028T'}, 'picture': {'large': 'https://randomuser.me/api/portraits/men/2.jpg', 'medium': 'https://randomuser.me/api/portraits/med/men/2.jpg', 'thumbnail': 'https://randomuser.me/api/portraits/thumb/men/2.jpg'}, 'nat': 'IE'}</msg>
<arg>${json_data['results'][0]}</arg>
<doc>Logs the given message with the given level.</doc>
<status status="PASS" start="2024-06-21T21:15:07.938316" elapsed="0.000403"/>
</kw>
<kw name="Log" owner="BuiltIn">
<msg time="2024-06-21T21:15:07.939139" level="INFO">location</msg>
<arg>${key}</arg>
<doc>Logs the given message with the given level.</doc>
<status status="PASS" start="2024-06-21T21:15:07.939014" elapsed="0.000183"/>
</kw>
<var name="${key}">location</var>
<status status="PASS" start="2024-06-21T21:15:07.937600" elapsed="0.001815"/>
</iter>
<iter>
<kw name="Dictionary Should Contain Key" owner="Collections">
<arg>${json_data['results'][0]}</arg>
<arg>${key}</arg>
<doc>Fails if ``key`` is not found from ``dictionary``.</doc>
<status status="PASS" start="2024-06-21T21:15:07.939700" elapsed="0.000381"/>
</kw>
<kw name="Log" owner="BuiltIn">
<msg time="2024-06-21T21:15:07.940632" level="INFO">{'gender': 'male', 'name': {'title': 'Mr', 'first': 'Ken', 'last': 'Fitzpatrick'}, 'location': {'street': {'number': 9800, 'name': 'Pearse Street'}, 'city': 'Carlow', 'state': 'Wicklow', 'country': 'Ireland', 'postcode': 26441, 'coordinates': {'latitude': '0.4514', 'longitude': '-25.3334'}, 'timezone': {'offset': '-1:00', 'description': 'Azores, Cape Verde Islands'}}, 'email': 'ken.fitzpatrick@example.com', 'login': {'uuid': '946fa2f2-e6bd-4b9f-bac4-5c401ccaa379', 'username': 'smallelephant403', 'password': 'ninjas', 'salt': '3yT2UM99', 'md5': '3dd3fb8b46abf64c8aac4b5beac0d827', 'sha1': 'beb60af42a9a671a30a233851fde499ab0d69b69', 'sha256': '378720b25b0570cf52702d06986c928d80b5f0d8b742996059b5a2546599ad77'}, 'dob': {'date': '1990-01-03T18:38:28.109Z', 'age': 34}, 'registered': {'date': '2008-02-15T14:27:05.915Z', 'age': 16}, 'phone': '011-776-6145', 'cell': '081-843-6220', 'id': {'name': 'PPS', 'value': '8994028T'}, 'picture': {'large': 'https://randomuser.me/api/portraits/men/2.jpg', 'medium': 'https://randomuser.me/api/portraits/med/men/2.jpg', 'thumbnail': 'https://randomuser.me/api/portraits/thumb/men/2.jpg'}, 'nat': 'IE'}</msg>
<arg>${json_data['results'][0]}</arg>
<doc>Logs the given message with the given level.</doc>
<status status="PASS" start="2024-06-21T21:15:07.940269" elapsed="0.000425"/>
</kw>
<kw name="Log" owner="BuiltIn">
<msg time="2024-06-21T21:15:07.941114" level="INFO">email</msg>
<arg>${key}</arg>
<doc>Logs the given message with the given level.</doc>
<status status="PASS" start="2024-06-21T21:15:07.940989" elapsed="0.000163"/>
</kw>
<var name="${key}">email</var>
<status status="PASS" start="2024-06-21T21:15:07.939593" elapsed="0.001772"/>
</iter>
<iter>
<kw name="Dictionary Should Contain Key" owner="Collections">
<arg>${json_data['results'][0]}</arg>
<arg>${key}</arg>
<doc>Fails if ``key`` is not found from ``dictionary``.</doc>
<status status="PASS" start="2024-06-21T21:15:07.941639" elapsed="0.000389"/>
</kw>
<kw name="Log" owner="BuiltIn">
<msg time="2024-06-21T21:15:07.942590" level="INFO">{'gender': 'male', 'name': {'title': 'Mr', 'first': 'Ken', 'last': 'Fitzpatrick'}, 'location': {'street': {'number': 9800, 'name': 'Pearse Street'}, 'city': 'Carlow', 'state': 'Wicklow', 'country': 'Ireland', 'postcode': 26441, 'coordinates': {'latitude': '0.4514', 'longitude': '-25.3334'}, 'timezone': {'offset': '-1:00', 'description': 'Azores, Cape Verde Islands'}}, 'email': 'ken.fitzpatrick@example.com', 'login': {'uuid': '946fa2f2-e6bd-4b9f-bac4-5c401ccaa379', 'username': 'smallelephant403', 'password': 'ninjas', 'salt': '3yT2UM99', 'md5': '3dd3fb8b46abf64c8aac4b5beac0d827', 'sha1': 'beb60af42a9a671a30a233851fde499ab0d69b69', 'sha256': '378720b25b0570cf52702d06986c928d80b5f0d8b742996059b5a2546599ad77'}, 'dob': {'date': '1990-01-03T18:38:28.109Z', 'age': 34}, 'registered': {'date': '2008-02-15T14:27:05.915Z', 'age': 16}, 'phone': '011-776-6145', 'cell': '081-843-6220', 'id': {'name': 'PPS', 'value': '8994028T'}, 'picture': {'large': 'https://randomuser.me/api/portraits/men/2.jpg', 'medium': 'https://randomuser.me/api/portraits/med/men/2.jpg', 'thumbnail': 'https://randomuser.me/api/portraits/thumb/men/2.jpg'}, 'nat': 'IE'}</msg>
<arg>${json_data['results'][0]}</arg>
<doc>Logs the given message with the given level.</doc>
<status status="PASS" start="2024-06-21T21:15:07.942234" elapsed="0.000402"/>
</kw>
<kw name="Log" owner="BuiltIn">
<msg time="2024-06-21T21:15:07.943058" level="INFO">login</msg>
<arg>${key}</arg>
<doc>Logs the given message with the given level.</doc>
<status status="PASS" start="2024-06-21T21:15:07.942930" elapsed="0.000166"/>
</kw>
<var name="${key}">login</var>
<status status="PASS" start="2024-06-21T21:15:07.941534" elapsed="0.001775"/>
</iter>
<var>${key}</var>
<value>@{expected_keys}</value>
<status status="PASS" start="2024-06-21T21:15:07.933377" elapsed="0.010052"/>
</for>
<kw name="Create List" owner="BuiltIn">
<msg time="2024-06-21T21:15:07.943750" level="INFO">${expected_keysTwo} = ['username', 'password']</msg>
<var>${expected_keysTwo}</var>
<arg>username</arg>
<arg>password</arg>
<doc>Returns a list containing given items.</doc>
<status status="PASS" start="2024-06-21T21:15:07.943615" elapsed="0.000159"/>
</kw>
<for flavor="IN">
<iter>
<kw name="Dictionary Should Contain Key" owner="Collections">
<arg>${json_data['results'][0]['login']}</arg>
<arg>${keyTwo}</arg>
<doc>Fails if ``key`` is not found from ``dictionary``.</doc>
<status status="PASS" start="2024-06-21T21:15:07.944291" elapsed="0.000387"/>
</kw>
<kw name="Dictionary Should Contain Key" owner="Collections">
<arg>${json_data['results'][0]['login']}</arg>
<arg>${keyTwo}</arg>
<doc>Fails if ``key`` is not found from ``dictionary``.</doc>
<status status="PASS" start="2024-06-21T21:15:07.944867" elapsed="0.000371"/>
</kw>
<kw name="Log" owner="BuiltIn">
<msg time="2024-06-21T21:15:07.945536" level="INFO">username</msg>
<arg>${keyTwo}</arg>
<doc>Logs the given message with the given level.</doc>
<status status="PASS" start="2024-06-21T21:15:07.945417" elapsed="0.000156"/>
</kw>
<var name="${keyTwo}">username</var>
<status status="PASS" start="2024-06-21T21:15:07.944184" elapsed="0.001612"/>
</iter>
<iter>
<kw name="Dictionary Should Contain Key" owner="Collections">
<arg>${json_data['results'][0]['login']}</arg>
<arg>${keyTwo}</arg>
<doc>Fails if ``key`` is not found from ``dictionary``.</doc>
<status status="PASS" start="2024-06-21T21:15:07.946072" elapsed="0.000431"/>
</kw>
<kw name="Dictionary Should Contain Key" owner="Collections">
<arg>${json_data['results'][0]['login']}</arg>
<arg>${keyTwo}</arg>
<doc>Fails if ``key`` is not found from ``dictionary``.</doc>
<status status="PASS" start="2024-06-21T21:15:07.946685" elapsed="0.000379"/>
</kw>
<kw name="Log" owner="BuiltIn">
<msg time="2024-06-21T21:15:07.947359" level="INFO">password</msg>
<arg>${keyTwo}</arg>
<doc>Logs the given message with the given level.</doc>
<status status="PASS" start="2024-06-21T21:15:07.947240" elapsed="0.000156"/>
</kw>
<var name="${keyTwo}">password</var>
<status status="PASS" start="2024-06-21T21:15:07.945967" elapsed="0.001740"/>
</iter>
<var>${keyTwo}</var>
<value>@{expected_keysTwo}</value>
<status status="PASS" start="2024-06-21T21:15:07.944034" elapsed="0.003795"/>
</for>
<status status="PASS" start="2024-06-21T21:15:07.834352" elapsed="0.113618"/>
</kw>
<doc>Testa a estrutura da resposta da API.</doc>
<tag>testeEstruturaResposta</tag>
<status status="PASS" start="2024-06-21T21:15:07.833831" elapsed="0.114293"/>
</test>
<test id="s1-s1-t4" name="Validar tipos de dados" line="28">
<kw name="Teste de Tipos de Dados" owner="random-user-service">
<kw name="GET On Session" owner="RequestsLibrary">
<msg time="2024-06-21T21:15:08.018226" level="INFO">GET Request : url=https://randomuser.me/api 
 path_url=/api 
 headers={'User-Agent': 'python-requests/2.32.3', 'Accept-Encoding': 'gzip, deflate', 'Accept': '*/*', 'Connection': 'keep-alive'} 
 body=None 
 </msg>
<msg time="2024-06-21T21:15:08.018333" level="INFO">GET Response : url=https://randomuser.me/api 
 status=200, reason=OK 
 headers={'Date': 'Fri, 21 Jun 2024 21:15:08 GMT', 'Content-Type': 'application/json; charset=utf-8', 'Transfer-Encoding': 'chunked', 'Connection': 'keep-alive', 'X-Powered-By': 'Express', 'Access-Control-Allow-Origin': '*', 'Cache-Control': 'no-cache', 'ETag': 'W/"482-1RGvTf6MFP1hRfwbqNNqsAk+aow"', 'Vary': 'Accept-Encoding', 'Content-Encoding': 'gzip', 'CF-Cache-Status': 'DYNAMIC', 'Report-To': '{"endpoints":[{"url":"https:\\/\\/a.nel.cloudflare.com\\/report\\/v4?s=zGez5Z4GTeLULRw4FVh%2FJFSXOQ%2FyxM64AIzAEKEdsdRDsuGTqpukfc2FSjotDIDCwKVIx1yurpKQdU2xuTo161GDucYz7Io2UsTTliYk67abgAoJUGpVVX21twSNAJme"}],"group":"cf-nel","max_age":604800}', 'NEL': '{"success_fraction":0,"report_to":"cf-nel","max_age":604800}', 'Server': 'cloudflare', 'CF-RAY': '8977031ebe38083d-IAD', 'alt-svc': 'h3=":443"; ma=86400'} 
 body={"results":[{"gender":"female","name":{"title":"Ms","first":"Geetha","last":"Singh"},"location":{"street":{"number":2314,"name":"Chimanlal Girdharlal Rd"},"city":"Vijayawada","state":"Uttarakhand","country":"India","postcode":71342,"coordinates":{"latitude":"10.3454","longitude":"135.6155"},"timezone":{"offset":"+5:45","description":"Kathmandu"}},"email":"geetha.singh@example.com","login":{"uuid":"3eab32ff-ad98-40de-823c-2715ac914809","username":"smalldog523","password":"claude","salt":"1JHb15bi","md5":"2259053d77c9722fa044e041e5c024fa","sha1":"85a1e1edb57472c890a6892723dfd120cea56d96","sha256":"29b30c4cce07531bf39d13d699e4d83c3ec32fa4e2d938a1d3f9ce0c2611a1f1"},"dob":{"date":"1950-03-08T15:01:04.030Z","age":74},"registered":{"date":"2009-06-25T20:59:55.499Z","age":14},"phone":"9503506761","cell":"7083800165","id":{"name":"UIDAI","value":"875291949365"},"picture":{"large":"https://randomuser.me/api/portraits/women/66.jpg","medium":"https://randomuser.me/api/portraits/med/women/66.jpg","thumbnail":"https://randomuser.me/api/portraits/thumb/women/66.jpg"},"nat":"IN"}],"info":{"seed":"3b8970dc520ae3e8","results":1,"page":1,"version":"1.4"}} 
 </msg>
<msg time="2024-06-21T21:15:08.018414" level="INFO">/opt/hostedtoolcache/Python/3.12.4/x64/lib/python3.12/site-packages/urllib3/connectionpool.py:1099: InsecureRequestWarning: Unverified HTTPS request is being made to host 'randomuser.me'. Adding certificate verification is strongly advised. See: https://urllib3.readthedocs.io/en/latest/advanced-usage.html#tls-warnings
  warnings.warn(</msg>
<msg time="2024-06-21T21:15:08.018571" level="INFO">${response} = &lt;Response [200]&gt;</msg>
<var>${response}</var>
<arg>consultarAPI</arg>
<arg>/api</arg>
<doc>Sends a GET request on a previously created HTTP Session.</doc>
<status status="PASS" start="2024-06-21T21:15:07.950586" elapsed="0.068035"/>
</kw>
<kw name="Set Variable" owner="BuiltIn">
<msg time="2024-06-21T21:15:08.019634" level="INFO">${json_data} = {'results': [{'gender': 'female', 'name': {'title': 'Ms', 'first': 'Geetha', 'last': 'Singh'}, 'location': {'street': {'number': 2314, 'name': 'Chimanlal Girdharlal Rd'}, 'city': 'Vijayawada', 'state'...</msg>
<var>${json_data}</var>
<arg>${response.json()}</arg>
<doc>Returns the given values which can then be assigned to a variables.</doc>
<status status="PASS" start="2024-06-21T21:15:08.019135" elapsed="0.000528"/>
</kw>
<kw name="Log" owner="BuiltIn">
<msg time="2024-06-21T21:15:08.020127" level="INFO">{'results': [{'gender': 'female', 'name': {'title': 'Ms', 'first': 'Geetha', 'last': 'Singh'}, 'location': {'street': {'number': 2314, 'name': 'Chimanlal Girdharlal Rd'}, 'city': 'Vijayawada', 'state': 'Uttarakhand', 'country': 'India', 'postcode': 71342, 'coordinates': {'latitude': '10.3454', 'longitude': '135.6155'}, 'timezone': {'offset': '+5:45', 'description': 'Kathmandu'}}, 'email': 'geetha.singh@example.com', 'login': {'uuid': '3eab32ff-ad98-40de-823c-2715ac914809', 'username': 'smalldog523', 'password': 'claude', 'salt': '1JHb15bi', 'md5': '2259053d77c9722fa044e041e5c024fa', 'sha1': '85a1e1edb57472c890a6892723dfd120cea56d96', 'sha256': '29b30c4cce07531bf39d13d699e4d83c3ec32fa4e2d938a1d3f9ce0c2611a1f1'}, 'dob': {'date': '1950-03-08T15:01:04.030Z', 'age': 74}, 'registered': {'date': '2009-06-25T20:59:55.499Z', 'age': 14}, 'phone': '9503506761', 'cell': '7083800165', 'id': {'name': 'UIDAI', 'value': '875291949365'}, 'picture': {'large': 'https://randomuser.me/api/portraits/women/66.jpg', 'medium': 'https://randomuser.me/api/portraits/med/women/66.jpg', 'thumbnail': 'https://randomuser.me/api/portraits/thumb/women/66.jpg'}, 'nat': 'IN'}], 'info': {'seed': '3b8970dc520ae3e8', 'results': 1, 'page': 1, 'version': '1.4'}}</msg>
<arg>${json_data}</arg>
<doc>Logs the given message with the given level.</doc>
<status status="PASS" start="2024-06-21T21:15:08.019967" elapsed="0.000210"/>
</kw>
<kw name="Should Be String" owner="String">
<arg>${json_data['results'][0]['gender']}</arg>
<doc>Fails if the given ``item`` is not a string.</doc>
<status status="PASS" start="2024-06-21T21:15:08.020464" elapsed="0.000367"/>
</kw>
<kw name="Should Match Regexp" owner="BuiltIn">
<arg>${json_data['results'][0]['email']}</arg>
<arg>^[a-zA-Z0-9._%+-]+@[a-zA-Z0-9.-]+\.[a-zA-Z]{2,}$</arg>
<doc>Fails if ``string`` does not match ``pattern`` as a regular expression.</doc>
<status status="PASS" start="2024-06-21T21:15:08.021017" elapsed="0.000522"/>
</kw>
<kw name="Should Match Regexp" owner="BuiltIn">
<arg>${json_data['results'][0]['dob']['date']}</arg>
<arg>\\d{4}-\\d{2}-\\d{2}T\\d{2}:\\d{2}:\\d{2}\\.\\d{3}Z</arg>
<doc>Fails if ``string`` does not match ``pattern`` as a regular expression.</doc>
<status status="PASS" start="2024-06-21T21:15:08.021769" elapsed="0.000520"/>
</kw>
<kw name="Should Match Regexp" owner="BuiltIn">
<arg>${json_data['results'][0]['registered']['date']}</arg>
<arg>\\d{4}-\\d{2}-\\d{2}T\\d{2}:\\d{2}:\\d{2}\\.\\d{3}Z</arg>
<doc>Fails if ``string`` does not match ``pattern`` as a regular expression.</doc>
<status status="PASS" start="2024-06-21T21:15:08.022482" elapsed="0.000374"/>
</kw>
<kw name="Should Match Regexp" owner="BuiltIn">
<arg>${json_data['results'][0]['picture']['large']}</arg>
<arg>^https?://.*\.(?:png|jpe?g|gif|bmp)$</arg>
<doc>Fails if ``string`` does not match ``pattern`` as a regular expression.</doc>
<status status="PASS" start="2024-06-21T21:15:08.023046" elapsed="0.000458"/>
</kw>
<kw name="Should Match Regexp" owner="BuiltIn">
<arg>${json_data['results'][0]['picture']['medium']}</arg>
<arg>^https?://.*\.(?:png|jpe?g|gif|bmp)$</arg>
<doc>Fails if ``string`` does not match ``pattern`` as a regular expression.</doc>
<status status="PASS" start="2024-06-21T21:15:08.023693" elapsed="0.000355"/>
</kw>
<kw name="Should Match Regexp" owner="BuiltIn">
<arg>${json_data['results'][0]['picture']['thumbnail']}</arg>
<arg>^https?://.*\.(?:png|jpe?g|gif|bmp)$</arg>
<doc>Fails if ``string`` does not match ``pattern`` as a regular expression.</doc>
<status status="PASS" start="2024-06-21T21:15:08.024232" elapsed="0.000358"/>
</kw>
<kw name="Log" owner="BuiltIn">
<msg time="2024-06-21T21:15:08.025102" level="INFO">{'large': 'https://randomuser.me/api/portraits/women/66.jpg', 'medium': 'https://randomuser.me/api/portraits/med/women/66.jpg', 'thumbnail': 'https://randomuser.me/api/portraits/thumb/women/66.jpg'}</msg>
<arg>${json_data['results'][0]['picture']}</arg>
<doc>Logs the given message with the given level.</doc>
<status status="PASS" start="2024-06-21T21:15:08.024773" elapsed="0.000373"/>
</kw>
<status status="PASS" start="2024-06-21T21:15:07.950365" elapsed="0.075042"/>
</kw>
<kw name="Teste de Tipos de Dados - Postcode" owner="random-user-service">
<kw name="GET On Session" owner="RequestsLibrary">
<msg time="2024-06-21T21:15:08.121200" level="INFO">GET Request : url=https://randomuser.me/api 
 path_url=/api 
 headers={'User-Agent': 'python-requests/2.32.3', 'Accept-Encoding': 'gzip, deflate', 'Accept': '*/*', 'Connection': 'keep-alive'} 
 body=None 
 </msg>
<msg time="2024-06-21T21:15:08.121296" level="INFO">GET Response : url=https://randomuser.me/api 
 status=200, reason=OK 
 headers={'Date': 'Fri, 21 Jun 2024 21:15:08 GMT', 'Content-Type': 'application/json; charset=utf-8', 'Transfer-Encoding': 'chunked', 'Connection': 'keep-alive', 'X-Powered-By': 'Express', 'Access-Control-Allow-Origin': '*', 'Cache-Control': 'no-cache', 'ETag': 'W/"46c-tMcUol/MX1/xN1nOsWJZ4IQYkGY"', 'Vary': 'Accept-Encoding', 'Content-Encoding': 'gzip', 'CF-Cache-Status': 'DYNAMIC', 'Report-To': '{"endpoints":[{"url":"https:\\/\\/a.nel.cloudflare.com\\/report\\/v4?s=p9oSGPfVkZQx3bAP0AHaURoNNa%2BzPUXUhZLg11Y15%2F1PjXi7YGkb2rATDJRH5b38PkcrDjnyQID1OI%2F3a0ODuYu4djkxu9vUSGYeO8XaYvzQXwBzNvu7HdvbfYyr0wam"}],"group":"cf-nel","max_age":604800}', 'NEL': '{"success_fraction":0,"report_to":"cf-nel","max_age":604800}', 'Server': 'cloudflare', 'CF-RAY': '8977031f2eba083d-IAD', 'alt-svc': 'h3=":443"; ma=86400'} 
 body={"results":[{"gender":"male","name":{"title":"Mr","first":"Finn","last":"Li"},"location":{"street":{"number":4273,"name":"Church Street"},"city":"Nelson","state":"Gisborne","country":"New Zealand","postcode":53021,"coordinates":{"latitude":"53.5303","longitude":"-28.5725"},"timezone":{"offset":"+6:00","description":"Almaty, Dhaka, Colombo"}},"email":"finn.li@example.com","login":{"uuid":"57c62837-21d2-4260-a8b7-34b73b073a55","username":"sadladybug294","password":"lucky1","salt":"igYijybz","md5":"9e851609be44621d831160c8002bb43c","sha1":"e53e4e36ce2a43982b027d599b18aa24239ff2cc","sha256":"63a2652e5380dd65209cf30972f5555cfd009ddc675c35f77c85c98bc597e4d7"},"dob":{"date":"1958-12-01T18:33:51.756Z","age":65},"registered":{"date":"2016-10-22T13:47:30.689Z","age":7},"phone":"(270)-426-3350","cell":"(617)-986-8609","id":{"name":"","value":null},"picture":{"large":"https://randomuser.me/api/portraits/men/49.jpg","medium":"https://randomuser.me/api/portraits/med/men/49.jpg","thumbnail":"https://randomuser.me/api/portraits/thumb/men/49.jpg"},"nat":"NZ"}],"info":{"seed":"82d807491dacf877","results":1,"page":1,"version":"1.4"}} 
 </msg>
<msg time="2024-06-21T21:15:08.121366" level="INFO">/opt/hostedtoolcache/Python/3.12.4/x64/lib/python3.12/site-packages/urllib3/connectionpool.py:1099: InsecureRequestWarning: Unverified HTTPS request is being made to host 'randomuser.me'. Adding certificate verification is strongly advised. See: https://urllib3.readthedocs.io/en/latest/advanced-usage.html#tls-warnings
  warnings.warn(</msg>
<msg time="2024-06-21T21:15:08.121504" level="INFO">${response} = &lt;Response [200]&gt;</msg>
<var>${response}</var>
<arg>consultarAPI</arg>
<arg>/api</arg>
<doc>Sends a GET request on a previously created HTTP Session.</doc>
<status status="PASS" start="2024-06-21T21:15:08.025857" elapsed="0.095692"/>
</kw>
<kw name="Set Variable" owner="BuiltIn">
<msg time="2024-06-21T21:15:08.122703" level="INFO">${json_data} = {'results': [{'gender': 'male', 'name': {'title': 'Mr', 'first': 'Finn', 'last': 'Li'}, 'location': {'street': {'number': 4273, 'name': 'Church Street'}, 'city': 'Nelson', 'state': 'Gisborne', 'countr...</msg>
<var>${json_data}</var>
<arg>${response.json()}</arg>
<doc>Returns the given values which can then be assigned to a variables.</doc>
<status status="PASS" start="2024-06-21T21:15:08.122139" elapsed="0.000593"/>
</kw>
<kw name="Log" owner="BuiltIn">
<msg time="2024-06-21T21:15:08.123197" level="INFO">{'results': [{'gender': 'male', 'name': {'title': 'Mr', 'first': 'Finn', 'last': 'Li'}, 'location': {'street': {'number': 4273, 'name': 'Church Street'}, 'city': 'Nelson', 'state': 'Gisborne', 'country': 'New Zealand', 'postcode': 53021, 'coordinates': {'latitude': '53.5303', 'longitude': '-28.5725'}, 'timezone': {'offset': '+6:00', 'description': 'Almaty, Dhaka, Colombo'}}, 'email': 'finn.li@example.com', 'login': {'uuid': '57c62837-21d2-4260-a8b7-34b73b073a55', 'username': 'sadladybug294', 'password': 'lucky1', 'salt': 'igYijybz', 'md5': '9e851609be44621d831160c8002bb43c', 'sha1': 'e53e4e36ce2a43982b027d599b18aa24239ff2cc', 'sha256': '63a2652e5380dd65209cf30972f5555cfd009ddc675c35f77c85c98bc597e4d7'}, 'dob': {'date': '1958-12-01T18:33:51.756Z', 'age': 65}, 'registered': {'date': '2016-10-22T13:47:30.689Z', 'age': 7}, 'phone': '(270)-426-3350', 'cell': '(617)-986-8609', 'id': {'name': '', 'value': None}, 'picture': {'large': 'https://randomuser.me/api/portraits/men/49.jpg', 'medium': 'https://randomuser.me/api/portraits/med/men/49.jpg', 'thumbnail': 'https://randomuser.me/api/portraits/thumb/men/49.jpg'}, 'nat': 'NZ'}], 'info': {'seed': '82d807491dacf877', 'results': 1, 'page': 1, 'version': '1.4'}}</msg>
<arg>${json_data}</arg>
<doc>Logs the given message with the given level.</doc>
<status status="PASS" start="2024-06-21T21:15:08.123041" elapsed="0.000214"/>
</kw>
<kw name="Should Be Equal As Numbers" owner="BuiltIn">
<arg>${json_data['results'][0]['location']['postcode']}</arg>
<arg>${json_data['results'][0]['location']['postcode']}</arg>
<doc>Fails if objects are unequal after converting them to real numbers.</doc>
<status status="PASS" start="2024-06-21T21:15:08.123551" elapsed="0.000631"/>
</kw>
<kw name="Log" owner="BuiltIn">
<msg time="2024-06-21T21:15:08.124884" level="INFO">53021</msg>
<arg>${json_data['results'][0]['location']['postcode']}</arg>
<doc>Logs the given message with the given level.</doc>
<status status="PASS" start="2024-06-21T21:15:08.124370" elapsed="0.000556"/>
</kw>
<status status="PASS" start="2024-06-21T21:15:08.025634" elapsed="0.099552"/>
</kw>
<doc>Testa se os tipos de dados na resposta da API estão corretos.</doc>
<tag>testeTiposDados</tag>
<status status="PASS" start="2024-06-21T21:15:07.949881" elapsed="0.175507"/>
</test>
<test id="s1-s1-t5" name="Validar conteudo" line="35">
<kw name="Teste de Tipos de Conteudo" owner="random-user-service">
<kw name="GET On Session" owner="RequestsLibrary">
<msg time="2024-06-21T21:15:08.219360" level="INFO">GET Request : url=https://randomuser.me/api 
 path_url=/api 
 headers={'User-Agent': 'python-requests/2.32.3', 'Accept-Encoding': 'gzip, deflate', 'Accept': '*/*', 'Connection': 'keep-alive'} 
 body=None 
 </msg>
<msg time="2024-06-21T21:15:08.219428" level="INFO">GET Response : url=https://randomuser.me/api 
 status=200, reason=OK 
 headers={'Date': 'Fri, 21 Jun 2024 21:15:08 GMT', 'Content-Type': 'application/json; charset=utf-8', 'Transfer-Encoding': 'chunked', 'Connection': 'keep-alive', 'X-Powered-By': 'Express', 'Access-Control-Allow-Origin': '*', 'Cache-Control': 'no-cache', 'ETag': 'W/"477-raDRAXQIdWsbB4C2IzMGBN9ogbs"', 'Vary': 'Accept-Encoding', 'Content-Encoding': 'gzip', 'CF-Cache-Status': 'DYNAMIC', 'Report-To': '{"endpoints":[{"url":"https:\\/\\/a.nel.cloudflare.com\\/report\\/v4?s=TKSxK2c4PkI25elhyP%2Beo%2B3Jaiw%2BRvST0PLkd6dFwutsNzFC%2BaO%2BgQAlGk0C4ACH93D6%2BRhjs8vqJUAFKqm6SkKfwP6SQ%2B4x8fWWyNlqMv55TzCWdMe60GffDJaHFWqY"}],"group":"cf-nel","max_age":604800}', 'NEL': '{"success_fraction":0,"report_to":"cf-nel","max_age":604800}', 'Server': 'cloudflare', 'CF-RAY': '8977031fcf75083d-IAD', 'alt-svc': 'h3=":443"; ma=86400'} 
 body={"results":[{"gender":"male","name":{"title":"Mr","first":"Jasper","last":"Patel"},"location":{"street":{"number":5792,"name":"Northgate"},"city":"Hastings","state":"Nelson","country":"New Zealand","postcode":44384,"coordinates":{"latitude":"47.9465","longitude":"-31.1526"},"timezone":{"offset":"+7:00","description":"Bangkok, Hanoi, Jakarta"}},"email":"jasper.patel@example.com","login":{"uuid":"89d99576-2116-4662-aa9b-46322f815388","username":"organicpanda331","password":"officer","salt":"jgexzyi4","md5":"7b1d59176ac9592feaa321319f4a3af7","sha1":"9b9b6443a48a9785d879e2190735d3b972da7a14","sha256":"147c4ab69a9716b12c5e7b14e5b0c9d285fdbf716625d1303a92080dfedb9027"},"dob":{"date":"1967-03-20T02:50:05.596Z","age":57},"registered":{"date":"2007-01-02T19:01:12.427Z","age":17},"phone":"(195)-131-5525","cell":"(597)-686-5867","id":{"name":"","value":null},"picture":{"large":"https://randomuser.me/api/portraits/men/16.jpg","medium":"https://randomuser.me/api/portraits/med/men/16.jpg","thumbnail":"https://randomuser.me/api/portraits/thumb/men/16.jpg"},"nat":"NZ"}],"info":{"seed":"ce55a3c4b34b9334","results":1,"page":1,"version":"1.4"}} 
 </msg>
<msg time="2024-06-21T21:15:08.219488" level="INFO">/opt/hostedtoolcache/Python/3.12.4/x64/lib/python3.12/site-packages/urllib3/connectionpool.py:1099: InsecureRequestWarning: Unverified HTTPS request is being made to host 'randomuser.me'. Adding certificate verification is strongly advised. See: https://urllib3.readthedocs.io/en/latest/advanced-usage.html#tls-warnings
  warnings.warn(</msg>
<msg time="2024-06-21T21:15:08.219601" level="INFO">${response} = &lt;Response [200]&gt;</msg>
<var>${response}</var>
<arg>consultarAPI</arg>
<arg>/api</arg>
<doc>Sends a GET request on a previously created HTTP Session.</doc>
<status status="PASS" start="2024-06-21T21:15:08.127999" elapsed="0.091641"/>
</kw>
<kw name="Set Variable" owner="BuiltIn">
<msg time="2024-06-21T21:15:08.220483" level="INFO">${json_data} = {'results': [{'gender': 'male', 'name': {'title': 'Mr', 'first': 'Jasper', 'last': 'Patel'}, 'location': {'street': {'number': 5792, 'name': 'Northgate'}, 'city': 'Hastings', 'state': 'Nelson', 'count...</msg>
<var>${json_data}</var>
<arg>${response.json()}</arg>
<doc>Returns the given values which can then be assigned to a variables.</doc>
<status status="PASS" start="2024-06-21T21:15:08.220016" elapsed="0.000496"/>
</kw>
<kw name="Set Variable" owner="BuiltIn">
<msg time="2024-06-21T21:15:08.221184" level="INFO">${name_title} = Mr</msg>
<var>${name_title}</var>
<arg>${json_data["results"][0]["name"]["title"]}</arg>
<doc>Returns the given values which can then be assigned to a variables.</doc>
<status status="PASS" start="2024-06-21T21:15:08.220811" elapsed="0.000398"/>
</kw>
<kw name="Create List" owner="BuiltIn">
<msg time="2024-06-21T21:15:08.221644" level="INFO">${allowed_titles} = ['Mr', 'Ms', 'Miss', 'Mrs', 'Madame', 'Monsieur']</msg>
<var>${allowed_titles}</var>
<arg>Mr</arg>
<arg>Ms</arg>
<arg>Miss</arg>
<arg>Mrs</arg>
<arg>Madame</arg>
<arg>Monsieur</arg>
<doc>Returns a list containing given items.</doc>
<status status="PASS" start="2024-06-21T21:15:08.221499" elapsed="0.000168"/>
</kw>
<kw name="List Should Contain Value" owner="Collections">
<arg>${allowed_titles}</arg>
<arg>${name_title}</arg>
<doc>Fails if the ``value`` is not found from ``list``.</doc>
<status status="PASS" start="2024-06-21T21:15:08.221969" elapsed="0.000177"/>
</kw>
<kw name="Set Variable" owner="BuiltIn">
<msg time="2024-06-21T21:15:08.222743" level="INFO">${name_country} = NZ</msg>
<var>${name_country}</var>
<arg>${json_data["results"][0]["nat"]}</arg>
<doc>Returns the given values which can then be assigned to a variables.</doc>
<status status="PASS" start="2024-06-21T21:15:08.222370" elapsed="0.000398"/>
</kw>
<kw name="Create List" owner="BuiltIn">
<msg time="2024-06-21T21:15:08.223649" level="INFO">${list_country} = ['AD', 'AE', 'AF', 'AG', 'AI', 'AL', 'AM', 'AO', 'AQ', 'AR', 'AS', 'AT', 'AU', 'AW', 'AX', 'AZ', 'BA', 'BB', 'BD', 'BE', 'BF', 'BG', 'BH', 'BI', 'BJ', 'BL', 'BM', 'BN', 'BO', 'BQ', 'BR', 'BS', 'BT', '...</msg>
<var>${list_country}</var>
<arg>AD</arg>
<arg>AE</arg>
<arg>AF</arg>
<arg>AG</arg>
<arg>AI</arg>
<arg>AL</arg>
<arg>AM</arg>
<arg>AO</arg>
<arg>AQ</arg>
<arg>AR</arg>
<arg>AS</arg>
<arg>AT</arg>
<arg>AU</arg>
<arg>AW</arg>
<arg>AX</arg>
<arg>AZ</arg>
<arg>BA</arg>
<arg>BB</arg>
<arg>BD</arg>
<arg>BE</arg>
<arg>BF</arg>
<arg>BG</arg>
<arg>BH</arg>
<arg>BI</arg>
<arg>BJ</arg>
<arg>BL</arg>
<arg>BM</arg>
<arg>BN</arg>
<arg>BO</arg>
<arg>BQ</arg>
<arg>BR</arg>
<arg>BS</arg>
<arg>BT</arg>
<arg>BV</arg>
<arg>BW</arg>
<arg>BY</arg>
<arg>BZ</arg>
<arg>CA</arg>
<arg>CC</arg>
<arg>CD</arg>
<arg>CF</arg>
<arg>CG</arg>
<arg>CH</arg>
<arg>CI</arg>
<arg>CK</arg>
<arg>CL</arg>
<arg>CM</arg>
<arg>CN</arg>
<arg>CO</arg>
<arg>CR</arg>
<arg>CU</arg>
<arg>CV</arg>
<arg>CW</arg>
<arg>CX</arg>
<arg>CY</arg>
<arg>CZ</arg>
<arg>DE</arg>
<arg>DJ</arg>
<arg>DK</arg>
<arg>DM</arg>
<arg>DO</arg>
<arg>DZ</arg>
<arg>EC</arg>
<arg>EE</arg>
<arg>EG</arg>
<arg>EH</arg>
<arg>ER</arg>
<arg>ES</arg>
<arg>ET</arg>
<arg>FI</arg>
<arg>FJ</arg>
<arg>FK</arg>
<arg>FM</arg>
<arg>FO</arg>
<arg>FR</arg>
<arg>GA</arg>
<arg>GB</arg>
<arg>GD</arg>
<arg>GE</arg>
<arg>GF</arg>
<arg>GG</arg>
<arg>GH</arg>
<arg>GI</arg>
<arg>GL</arg>
<arg>GM</arg>
<arg>GN</arg>
<arg>GP</arg>
<arg>GQ</arg>
<arg>GR</arg>
<arg>GS</arg>
<arg>GT</arg>
<arg>GU</arg>
<arg>GW</arg>
<arg>GY</arg>
<arg>HK</arg>
<arg>HM</arg>
<arg>HN</arg>
<arg>HR</arg>
<arg>HT</arg>
<arg>HU</arg>
<arg>ID</arg>
<arg>IE</arg>
<arg>IL</arg>
<arg>IM</arg>
<arg>IN</arg>
<arg>IO</arg>
<arg>IQ</arg>
<arg>IR</arg>
<arg>IS</arg>
<arg>IT</arg>
<arg>JE</arg>
<arg>JM</arg>
<arg>JO</arg>
<arg>JP</arg>
<arg>KE</arg>
<arg>KG</arg>
<arg>KH</arg>
<arg>KI</arg>
<arg>KM</arg>
<arg>KN</arg>
<arg>KP</arg>
<arg>KR</arg>
<arg>KW</arg>
<arg>KY</arg>
<arg>KZ</arg>
<arg>LA</arg>
<arg>LB</arg>
<arg>LC</arg>
<arg>LI</arg>
<arg>LK</arg>
<arg>LR</arg>
<arg>LS</arg>
<arg>LT</arg>
<arg>LU</arg>
<arg>LV</arg>
<arg>LY</arg>
<arg>MA</arg>
<arg>MC</arg>
<arg>MD</arg>
<arg>ME</arg>
<arg>MF</arg>
<arg>MG</arg>
<arg>MH</arg>
<arg>MK</arg>
<arg>ML</arg>
<arg>MM</arg>
<arg>MN</arg>
<arg>MO</arg>
<arg>MP</arg>
<arg>MQ</arg>
<arg>MR</arg>
<arg>MS</arg>
<arg>MT</arg>
<arg>MU</arg>
<arg>MV</arg>
<arg>MW</arg>
<arg>MX</arg>
<arg>MY</arg>
<arg>MZ</arg>
<arg>NA</arg>
<arg>NC</arg>
<arg>NE</arg>
<arg>NF</arg>
<arg>NG</arg>
<arg>NI</arg>
<arg>NL</arg>
<arg>NO</arg>
<arg>NP</arg>
<arg>NR</arg>
<arg>NU</arg>
<arg>NZ</arg>
<arg>OM</arg>
<arg>PA</arg>
<arg>PE</arg>
<arg>PF</arg>
<arg>PG</arg>
<arg>PH</arg>
<arg>PK</arg>
<arg>PL</arg>
<arg>PM</arg>
<arg>PN</arg>
<arg>PR</arg>
<arg>PS</arg>
<arg>PT</arg>
<arg>PW</arg>
<arg>PY</arg>
<arg>QA</arg>
<arg>RE</arg>
<arg>RO</arg>
<arg>RS</arg>
<arg>RU</arg>
<arg>RW</arg>
<arg>SA</arg>
<arg>SB</arg>
<arg>SC</arg>
<arg>SD</arg>
<arg>SE</arg>
<arg>SG</arg>
<arg>SH</arg>
<arg>SI</arg>
<arg>SJ</arg>
<arg>SK</arg>
<arg>SL</arg>
<arg>SM</arg>
<arg>SN</arg>
<arg>SO</arg>
<arg>SR</arg>
<arg>SS</arg>
<arg>ST</arg>
<arg>SV</arg>
<arg>SX</arg>
<arg>SY</arg>
<arg>SZ</arg>
<arg>TC</arg>
<arg>TD</arg>
<arg>TF</arg>
<arg>TG</arg>
<arg>TH</arg>
<arg>TJ</arg>
<arg>TK</arg>
<arg>TL</arg>
<arg>TM</arg>
<arg>TN</arg>
<arg>TO</arg>
<arg>TR</arg>
<arg>TT</arg>
<arg>TV</arg>
<arg>TW</arg>
<arg>TZ</arg>
<arg>UA</arg>
<arg>UG</arg>
<arg>UM</arg>
<arg>US</arg>
<arg>UY</arg>
<arg>UZ</arg>
<arg>VA</arg>
<arg>VC</arg>
<arg>VE</arg>
<arg>VG</arg>
<arg>VI</arg>
<arg>VN</arg>
<arg>VU</arg>
<arg>WF</arg>
<arg>WS</arg>
<arg>XK</arg>
<arg>YE</arg>
<arg>YT</arg>
<arg>ZA</arg>
<arg>ZM</arg>
<arg>ZW</arg>
<doc>Returns a list containing given items.</doc>
<status status="PASS" start="2024-06-21T21:15:08.223056" elapsed="0.000618"/>
</kw>
<kw name="List Should Contain Value" owner="Collections">
<arg>${list_country}</arg>
<arg>${name_country}</arg>
<doc>Fails if the ``value`` is not found from ``list``.</doc>
<status status="PASS" start="2024-06-21T21:15:08.224457" elapsed="0.000220"/>
</kw>
<kw name="Run Keyword If" owner="BuiltIn">
<kw name="Should Be True" owner="BuiltIn">
<arg>${True}</arg>
<doc>Fails if the given condition is not true.</doc>
<status status="PASS" start="2024-06-21T21:15:08.225619" elapsed="0.000140"/>
</kw>
<arg>${json_data["results"][0]["location"]["coordinates"]["latitude"]} &gt;= -90 and ${json_data["results"][0]["location"]["coordinates"]["latitude"]} &lt;= 90</arg>
<arg>Should Be True</arg>
<arg>${True}</arg>
<doc>Runs the given keyword with the given arguments, if ``condition`` is true.</doc>
<status status="PASS" start="2024-06-21T21:15:08.224878" elapsed="0.001006"/>
</kw>
<kw name="Run Keyword If" owner="BuiltIn">
<kw name="Should Be True" owner="BuiltIn">
<arg>${True}</arg>
<doc>Fails if the given condition is not true.</doc>
<status status="PASS" start="2024-06-21T21:15:08.226820" elapsed="0.000235"/>
</kw>
<arg>${json_data["results"][0]["location"]["coordinates"]["longitude"]} &gt;= -180 and ${json_data["results"][0]["location"]["coordinates"]["longitude"]} &lt;= 180</arg>
<arg>Should Be True</arg>
<arg>${True}</arg>
<doc>Runs the given keyword with the given arguments, if ``condition`` is true.</doc>
<status status="PASS" start="2024-06-21T21:15:08.226059" elapsed="0.001125"/>
</kw>
<status status="PASS" start="2024-06-21T21:15:08.127773" elapsed="0.099541"/>
</kw>
<doc>Testa o conteúdo específico dos campos retornados pela API.</doc>
<tag>testeConteudo</tag>
<status status="PASS" start="2024-06-21T21:15:08.127235" elapsed="0.100224"/>
</test>
<status status="PASS" start="2024-06-21T21:15:07.304846" elapsed="0.924576"/>
</suite>
<status status="PASS" start="2024-06-21T21:15:07.290308" elapsed="0.944268"/>
</suite>
<statistics>
<total>
<stat pass="5" fail="0" skip="0">All Tests</stat>
</total>
<tag>
<stat pass="1" fail="0" skip="0">testeConteudo</stat>
<stat pass="1" fail="0" skip="0">testeEstruturaResposta</stat>
<stat pass="1" fail="0" skip="0">testeRequisicaoBasica</stat>
<stat pass="1" fail="0" skip="0">testeTiposDados</stat>
</tag>
<suite>
<stat pass="5" fail="0" skip="0" id="s1" name="Tests">Tests</stat>
<stat pass="5" fail="0" skip="0" id="s1-s1" name="Random-User-Test">Tests.Random-User-Test</stat>
</suite>
</statistics>
<errors>
</errors>
</robot>
