<?xml version="1.0" encoding="UTF-8"?>
<robot generator="Robot 7.0.1 (Python 3.12.4 on linux)" generated="2024-08-04T22:14:52.042283" rpa="false" schemaversion="5">
<suite id="s1" name="Tests" source="/home/runner/work/ApiRandomUser/ApiRandomUser/RamdonUser/tests">
<suite id="s1-s1" name="Random-User-Test" source="/home/runner/work/ApiRandomUser/ApiRandomUser/RamdonUser/tests/random-user-test.robot">
<test id="s1-s1-t1" name="Conectar" line="13">
<kw name="Conectar API" owner="random-user-service">
<kw name="Create Session" owner="RequestsLibrary">
<msg time="2024-08-04T22:14:52.449024" level="INFO">Creating Session using : alias=consultarAPI, url=https://randomuser.me/, headers={},                     cookies={}, auth=None, timeout=None, proxies=None, verify=False,                     debug=0 </msg>
<arg>consultarAPI</arg>
<arg>${URL}</arg>
<doc>Create Session: create a HTTP session to a server</doc>
<status status="PASS" start="2024-08-04T22:14:52.448827" elapsed="0.000386"/>
</kw>
<status status="PASS" start="2024-08-04T22:14:52.447763" elapsed="0.001847"/>
</kw>
<status status="PASS" start="2024-08-04T22:14:52.447202" elapsed="0.002600"/>
</test>
<test id="s1-s1-t2" name="Validar retorno 200 e JSON Válido" line="16">
<kw name="Teste de Requisicao Basica" owner="random-user-service">
<kw name="GET On Session" owner="RequestsLibrary">
<msg time="2024-08-04T22:14:52.686657" level="INFO">GET Request : url=https://randomuser.me/api 
 path_url=/api 
 headers={'User-Agent': 'python-requests/2.32.3', 'Accept-Encoding': 'gzip, deflate', 'Accept': '*/*', 'Connection': 'keep-alive'} 
 body=None 
 </msg>
<msg time="2024-08-04T22:14:52.686810" level="INFO">GET Response : url=https://randomuser.me/api 
 status=200, reason=OK 
 headers={'Date': 'Sun, 04 Aug 2024 22:14:52 GMT', 'Content-Type': 'application/json; charset=utf-8', 'Transfer-Encoding': 'chunked', 'Connection': 'keep-alive', 'X-Powered-By': 'Express', 'Access-Control-Allow-Origin': '*', 'Cache-Control': 'no-cache', 'ETag': 'W/"491-jHUSyKXLjx6RaP/LrduLikKCugk"', 'Vary': 'Accept-Encoding', 'Content-Encoding': 'gzip', 'CF-Cache-Status': 'DYNAMIC', 'Report-To': '{"endpoints":[{"url":"https:\\/\\/a.nel.cloudflare.com\\/report\\/v4?s=lzFFZzDarl7EnWqaMFygkLHJbobjCNg8dDomMB6sTjvEqr0qAC7cIPKwAlY9cx28FiBEvHFmnMYQv%2BZHMrGStdG8Ak6%2BSXx6TiifeowQwTNJxcckO%2BJzryI7kiIaMaUI"}],"group":"cf-nel","max_age":604800}', 'NEL': '{"success_fraction":0,"report_to":"cf-nel","max_age":604800}', 'Server': 'cloudflare', 'CF-RAY': '8ae1e7229d8d9e65-SJC', 'alt-svc': 'h3=":443"; ma=86400'} 
 body={"results":[{"gender":"male","name":{"title":"Mr","first":"Oskari","last":"Kilpela"},"location":{"street":{"number":7119,"name":"Visiokatu"},"city":"Malax","state":"Lapland","country":"Finland","postcode":64438,"coordinates":{"latitude":"-28.9459","longitude":"-64.1935"},"timezone":{"offset":"-6:00","description":"Central Time (US &amp; Canada), Mexico City"}},"email":"oskari.kilpela@example.com","login":{"uuid":"b43bf749-c92c-42aa-886c-da23e52db7e1","username":"happyrabbit865","password":"louie","salt":"XLiViNQF","md5":"257806a9ace9441fd66a74579cd042e0","sha1":"868d8d4a4f904e99e3d35a467666bf71399c12a4","sha256":"4a22a2314e7bc3fb58b985f56a0b1a35a398d1f5e6199799607513ab7cccee86"},"dob":{"date":"1983-02-02T16:32:02.318Z","age":41},"registered":{"date":"2004-11-02T22:41:53.267Z","age":19},"phone":"09-318-649","cell":"040-735-46-71","id":{"name":"HETU","value":"NaNNA667undefined"},"picture":{"large":"https://randomuser.me/api/portraits/men/21.jpg","medium":"https://randomuser.me/api/portraits/med/men/21.jpg","thumbnail":"https://randomuser.me/api/portraits/thumb/men/21.jpg"},"nat":"FI"}],"info":{"seed":"f42cec156a19bede","results":1,"page":1,"version":"1.4"}} 
 </msg>
<msg time="2024-08-04T22:14:52.686894" level="INFO">/opt/hostedtoolcache/Python/3.12.4/x64/lib/python3.12/site-packages/urllib3/connectionpool.py:1099: InsecureRequestWarning: Unverified HTTPS request is being made to host 'randomuser.me'. Adding certificate verification is strongly advised. See: https://urllib3.readthedocs.io/en/latest/advanced-usage.html#tls-warnings
  warnings.warn(</msg>
<msg time="2024-08-04T22:14:52.687039" level="INFO">${response} = &lt;Response [200]&gt;</msg>
<var>${response}</var>
<arg>consultarAPI</arg>
<arg>/api</arg>
<doc>Sends a GET request on a previously created HTTP Session.</doc>
<status status="PASS" start="2024-08-04T22:14:52.452331" elapsed="0.234750"/>
</kw>
<kw name="Should Be Equal As Numbers" owner="BuiltIn">
<msg time="2024-08-04T22:14:52.688252" level="INFO">Argument types are:
&lt;class 'int'&gt;
&lt;class 'str'&gt;</msg>
<arg>${response.status_code}</arg>
<arg>200</arg>
<doc>Fails if objects are unequal after converting them to real numbers.</doc>
<status status="PASS" start="2024-08-04T22:14:52.687738" elapsed="0.000578"/>
</kw>
<kw name="Log" owner="BuiltIn">
<msg time="2024-08-04T22:14:52.688977" level="INFO">200</msg>
<arg>${response.status_code}</arg>
<doc>Logs the given message with the given level.</doc>
<status status="PASS" start="2024-08-04T22:14:52.688628" elapsed="0.000390"/>
</kw>
<kw name="Set Variable" owner="BuiltIn">
<msg time="2024-08-04T22:14:52.689784" level="INFO">${json_data} = {'results': [{'gender': 'male', 'name': {'title': 'Mr', 'first': 'Oskari', 'last': 'Kilpela'}, 'location': {'street': {'number': 7119, 'name': 'Visiokatu'}, 'city': 'Malax', 'state': 'Lapland', 'count...</msg>
<var>${json_data}</var>
<arg>${response.json()}</arg>
<doc>Returns the given values which can then be assigned to a variables.</doc>
<status status="PASS" start="2024-08-04T22:14:52.689353" elapsed="0.000460"/>
</kw>
<kw name="Dictionary Should Contain Key" owner="Collections">
<arg>${json_data}</arg>
<arg>results</arg>
<doc>Fails if ``key`` is not found from ``dictionary``.</doc>
<status status="PASS" start="2024-08-04T22:14:52.690113" elapsed="0.000336"/>
</kw>
<status status="PASS" start="2024-08-04T22:14:52.452082" elapsed="0.238522"/>
</kw>
<doc>Testa se a API responde corretamente e retorna um objeto JSON válido.</doc>
<tag>testeRequisicaoBasica</tag>
<status status="PASS" start="2024-08-04T22:14:52.451639" elapsed="0.239142"/>
</test>
<test id="s1-s1-t3" name="Validar estrutura de resposta" line="22">
<kw name="Teste de Estrutura de Resposta" owner="random-user-service">
<kw name="GET On Session" owner="RequestsLibrary">
<msg time="2024-08-04T22:14:52.822502" level="INFO">GET Request : url=https://randomuser.me/api 
 path_url=/api 
 headers={'User-Agent': 'python-requests/2.32.3', 'Accept-Encoding': 'gzip, deflate', 'Accept': '*/*', 'Connection': 'keep-alive'} 
 body=None 
 </msg>
<msg time="2024-08-04T22:14:52.822627" level="INFO">GET Response : url=https://randomuser.me/api 
 status=200, reason=OK 
 headers={'Date': 'Sun, 04 Aug 2024 22:14:52 GMT', 'Content-Type': 'application/json; charset=utf-8', 'Transfer-Encoding': 'chunked', 'Connection': 'keep-alive', 'X-Powered-By': 'Express', 'Access-Control-Allow-Origin': '*', 'Cache-Control': 'no-cache', 'ETag': 'W/"4aa-UTKFFCxOAxgNPlSd3x9zOqCVEDQ"', 'Vary': 'Accept-Encoding', 'Content-Encoding': 'gzip', 'CF-Cache-Status': 'DYNAMIC', 'Report-To': '{"endpoints":[{"url":"https:\\/\\/a.nel.cloudflare.com\\/report\\/v4?s=JGhnTb%2FVbaNIhxmuAW8YRE%2BtuaDsCxfS4gdcCRilezFb9S5h6fo75GUfb56miH%2FNBHEBra26zVqGZfdswrZK7OrX%2FtEIeVEMCWH7pZ3q7vM%2B9%2BZS%2Ffai2T1Cm7Ebf%2B5b"}],"group":"cf-nel","max_age":604800}', 'NEL': '{"success_fraction":0,"report_to":"cf-nel","max_age":604800}', 'Server': 'cloudflare', 'CF-RAY': '8ae1e7235e189e65-SJC', 'alt-svc': 'h3=":443"; ma=86400'} 
 body={"results":[{"gender":"male","name":{"title":"Mr","first":"Miljan","last":"Čabarkapa"},"location":{"street":{"number":1519,"name":"Žel Stanica Makiš Ranžirna"},"city":"Opovo","state":"Kosovska Mitrovica","country":"Serbia","postcode":54755,"coordinates":{"latitude":"56.3178","longitude":"-78.9304"},"timezone":{"offset":"+5:30","description":"Bombay, Calcutta, Madras, New Delhi"}},"email":"miljan.cabarkapa@example.com","login":{"uuid":"71b2f947-3f71-438d-a906-4f41a90e94d3","username":"beautifulgorilla337","password":"mohawk","salt":"m8DgmFYQ","md5":"a0d1b490640e0d4eeb806b43db6189fe","sha1":"d7d272f9256db18cbcfeda3a62b2631893136ad3","sha256":"993d2f5d12fd15f9ac7813da93a2393b1fd58bab33d49d0574b7a6a29bb3b8bf"},"dob":{"date":"2001-04-18T19:50:43.260Z","age":23},"registered":{"date":"2007-10-04T04:21:16.884Z","age":16},"phone":"025-0952-821","cell":"063-4735-126","id":{"name":"SID","value":"572687400"},"picture":{"large":"https://randomuser.me/api/portraits/men/9.jpg","medium":"https://randomuser.me/api/portraits/med/men/9.jpg","thumbnail":"https://randomuser.me/api/portraits/thumb/men/9.jpg"},"nat":"RS"}],"info":{"seed":"f70e9dfbf5561497","results":1,"page":1,"version":"1.4"}} 
 </msg>
<msg time="2024-08-04T22:14:52.822776" level="INFO">/opt/hostedtoolcache/Python/3.12.4/x64/lib/python3.12/site-packages/urllib3/connectionpool.py:1099: InsecureRequestWarning: Unverified HTTPS request is being made to host 'randomuser.me'. Adding certificate verification is strongly advised. See: https://urllib3.readthedocs.io/en/latest/advanced-usage.html#tls-warnings
  warnings.warn(</msg>
<msg time="2024-08-04T22:14:52.822928" level="INFO">${response} = &lt;Response [200]&gt;</msg>
<var>${response}</var>
<arg>consultarAPI</arg>
<arg>/api</arg>
<doc>Sends a GET request on a previously created HTTP Session.</doc>
<status status="PASS" start="2024-08-04T22:14:52.693349" elapsed="0.129624"/>
</kw>
<kw name="Set Variable" owner="BuiltIn">
<msg time="2024-08-04T22:14:52.824043" level="INFO">${json_data} = {'results': [{'gender': 'male', 'name': {'title': 'Mr', 'first': 'Miljan', 'last': 'Čabarkapa'}, 'location': {'street': {'number': 1519, 'name': 'Žel Stanica Makiš Ranžirna'}, 'city': 'Opovo', 'state'...</msg>
<var>${json_data}</var>
<arg>${response.json()}</arg>
<doc>Returns the given values which can then be assigned to a variables.</doc>
<status status="PASS" start="2024-08-04T22:14:52.823492" elapsed="0.000582"/>
</kw>
<kw name="Log" owner="BuiltIn">
<msg time="2024-08-04T22:14:52.824559" level="INFO">{'results': [{'gender': 'male', 'name': {'title': 'Mr', 'first': 'Miljan', 'last': 'Čabarkapa'}, 'location': {'street': {'number': 1519, 'name': 'Žel Stanica Makiš Ranžirna'}, 'city': 'Opovo', 'state': 'Kosovska Mitrovica', 'country': 'Serbia', 'postcode': 54755, 'coordinates': {'latitude': '56.3178', 'longitude': '-78.9304'}, 'timezone': {'offset': '+5:30', 'description': 'Bombay, Calcutta, Madras, New Delhi'}}, 'email': 'miljan.cabarkapa@example.com', 'login': {'uuid': '71b2f947-3f71-438d-a906-4f41a90e94d3', 'username': 'beautifulgorilla337', 'password': 'mohawk', 'salt': 'm8DgmFYQ', 'md5': 'a0d1b490640e0d4eeb806b43db6189fe', 'sha1': 'd7d272f9256db18cbcfeda3a62b2631893136ad3', 'sha256': '993d2f5d12fd15f9ac7813da93a2393b1fd58bab33d49d0574b7a6a29bb3b8bf'}, 'dob': {'date': '2001-04-18T19:50:43.260Z', 'age': 23}, 'registered': {'date': '2007-10-04T04:21:16.884Z', 'age': 16}, 'phone': '025-0952-821', 'cell': '063-4735-126', 'id': {'name': 'SID', 'value': '572687400'}, 'picture': {'large': 'https://randomuser.me/api/portraits/men/9.jpg', 'medium': 'https://randomuser.me/api/portraits/med/men/9.jpg', 'thumbnail': 'https://randomuser.me/api/portraits/thumb/men/9.jpg'}, 'nat': 'RS'}], 'info': {'seed': 'f70e9dfbf5561497', 'results': 1, 'page': 1, 'version': '1.4'}}</msg>
<arg>${json_data}</arg>
<doc>Logs the given message with the given level.</doc>
<status status="PASS" start="2024-08-04T22:14:52.824390" elapsed="0.000221"/>
</kw>
<kw name="Dictionary Should Contain Key" owner="Collections">
<arg>${json_data}</arg>
<arg>results</arg>
<doc>Fails if ``key`` is not found from ``dictionary``.</doc>
<status status="PASS" start="2024-08-04T22:14:52.824914" elapsed="0.000174"/>
</kw>
<kw name="Should Not Be Empty" owner="BuiltIn">
<msg time="2024-08-04T22:14:52.825445" level="INFO">Length is 2.</msg>
<arg>${json_data}</arg>
<doc>Verifies that the given item is not empty.</doc>
<status status="PASS" start="2024-08-04T22:14:52.825309" elapsed="0.000183"/>
</kw>
<kw name="Create List" owner="BuiltIn">
<msg time="2024-08-04T22:14:52.825935" level="INFO">${expected_keys} = ['gender', 'name', 'location', 'email', 'login']</msg>
<var>${expected_keys}</var>
<arg>gender</arg>
<arg>name</arg>
<arg>location</arg>
<arg>email</arg>
<arg>login</arg>
<doc>Returns a list containing given items.</doc>
<status status="PASS" start="2024-08-04T22:14:52.825785" elapsed="0.000176"/>
</kw>
<for flavor="IN">
<iter>
<kw name="Dictionary Should Contain Key" owner="Collections">
<arg>${json_data['results'][0]}</arg>
<arg>${key}</arg>
<doc>Fails if ``key`` is not found from ``dictionary``.</doc>
<status status="PASS" start="2024-08-04T22:14:52.826549" elapsed="0.000417"/>
</kw>
<kw name="Log" owner="BuiltIn">
<msg time="2024-08-04T22:14:52.827529" level="INFO">{'gender': 'male', 'name': {'title': 'Mr', 'first': 'Miljan', 'last': 'Čabarkapa'}, 'location': {'street': {'number': 1519, 'name': 'Žel Stanica Makiš Ranžirna'}, 'city': 'Opovo', 'state': 'Kosovska Mitrovica', 'country': 'Serbia', 'postcode': 54755, 'coordinates': {'latitude': '56.3178', 'longitude': '-78.9304'}, 'timezone': {'offset': '+5:30', 'description': 'Bombay, Calcutta, Madras, New Delhi'}}, 'email': 'miljan.cabarkapa@example.com', 'login': {'uuid': '71b2f947-3f71-438d-a906-4f41a90e94d3', 'username': 'beautifulgorilla337', 'password': 'mohawk', 'salt': 'm8DgmFYQ', 'md5': 'a0d1b490640e0d4eeb806b43db6189fe', 'sha1': 'd7d272f9256db18cbcfeda3a62b2631893136ad3', 'sha256': '993d2f5d12fd15f9ac7813da93a2393b1fd58bab33d49d0574b7a6a29bb3b8bf'}, 'dob': {'date': '2001-04-18T19:50:43.260Z', 'age': 23}, 'registered': {'date': '2007-10-04T04:21:16.884Z', 'age': 16}, 'phone': '025-0952-821', 'cell': '063-4735-126', 'id': {'name': 'SID', 'value': '572687400'}, 'picture': {'large': 'https://randomuser.me/api/portraits/men/9.jpg', 'medium': 'https://randomuser.me/api/portraits/med/men/9.jpg', 'thumbnail': 'https://randomuser.me/api/portraits/thumb/men/9.jpg'}, 'nat': 'RS'}</msg>
<arg>${json_data['results'][0]}</arg>
<doc>Logs the given message with the given level.</doc>
<status status="PASS" start="2024-08-04T22:14:52.827161" elapsed="0.000421"/>
</kw>
<kw name="Log" owner="BuiltIn">
<msg time="2024-08-04T22:14:52.828021" level="INFO">gender</msg>
<arg>${key}</arg>
<doc>Logs the given message with the given level.</doc>
<status status="PASS" start="2024-08-04T22:14:52.827887" elapsed="0.000174"/>
</kw>
<var name="${key}">gender</var>
<status status="PASS" start="2024-08-04T22:14:52.826419" elapsed="0.001870"/>
</iter>
<iter>
<kw name="Dictionary Should Contain Key" owner="Collections">
<arg>${json_data['results'][0]}</arg>
<arg>${key}</arg>
<doc>Fails if ``key`` is not found from ``dictionary``.</doc>
<status status="PASS" start="2024-08-04T22:14:52.828588" elapsed="0.000395"/>
</kw>
<kw name="Log" owner="BuiltIn">
<msg time="2024-08-04T22:14:52.829596" level="INFO">{'gender': 'male', 'name': {'title': 'Mr', 'first': 'Miljan', 'last': 'Čabarkapa'}, 'location': {'street': {'number': 1519, 'name': 'Žel Stanica Makiš Ranžirna'}, 'city': 'Opovo', 'state': 'Kosovska Mitrovica', 'country': 'Serbia', 'postcode': 54755, 'coordinates': {'latitude': '56.3178', 'longitude': '-78.9304'}, 'timezone': {'offset': '+5:30', 'description': 'Bombay, Calcutta, Madras, New Delhi'}}, 'email': 'miljan.cabarkapa@example.com', 'login': {'uuid': '71b2f947-3f71-438d-a906-4f41a90e94d3', 'username': 'beautifulgorilla337', 'password': 'mohawk', 'salt': 'm8DgmFYQ', 'md5': 'a0d1b490640e0d4eeb806b43db6189fe', 'sha1': 'd7d272f9256db18cbcfeda3a62b2631893136ad3', 'sha256': '993d2f5d12fd15f9ac7813da93a2393b1fd58bab33d49d0574b7a6a29bb3b8bf'}, 'dob': {'date': '2001-04-18T19:50:43.260Z', 'age': 23}, 'registered': {'date': '2007-10-04T04:21:16.884Z', 'age': 16}, 'phone': '025-0952-821', 'cell': '063-4735-126', 'id': {'name': 'SID', 'value': '572687400'}, 'picture': {'large': 'https://randomuser.me/api/portraits/men/9.jpg', 'medium': 'https://randomuser.me/api/portraits/med/men/9.jpg', 'thumbnail': 'https://randomuser.me/api/portraits/thumb/men/9.jpg'}, 'nat': 'RS'}</msg>
<arg>${json_data['results'][0]}</arg>
<doc>Logs the given message with the given level.</doc>
<status status="PASS" start="2024-08-04T22:14:52.829201" elapsed="0.000449"/>
</kw>
<kw name="Log" owner="BuiltIn">
<msg time="2024-08-04T22:14:52.830082" level="INFO">name</msg>
<arg>${key}</arg>
<doc>Logs the given message with the given level.</doc>
<status status="PASS" start="2024-08-04T22:14:52.829951" elapsed="0.000170"/>
</kw>
<var name="${key}">name</var>
<status status="PASS" start="2024-08-04T22:14:52.828477" elapsed="0.001863"/>
</iter>
<iter>
<kw name="Dictionary Should Contain Key" owner="Collections">
<arg>${json_data['results'][0]}</arg>
<arg>${key}</arg>
<doc>Fails if ``key`` is not found from ``dictionary``.</doc>
<status status="PASS" start="2024-08-04T22:14:52.830634" elapsed="0.000400"/>
</kw>
<kw name="Log" owner="BuiltIn">
<msg time="2024-08-04T22:14:52.831569" level="INFO">{'gender': 'male', 'name': {'title': 'Mr', 'first': 'Miljan', 'last': 'Čabarkapa'}, 'location': {'street': {'number': 1519, 'name': 'Žel Stanica Makiš Ranžirna'}, 'city': 'Opovo', 'state': 'Kosovska Mitrovica', 'country': 'Serbia', 'postcode': 54755, 'coordinates': {'latitude': '56.3178', 'longitude': '-78.9304'}, 'timezone': {'offset': '+5:30', 'description': 'Bombay, Calcutta, Madras, New Delhi'}}, 'email': 'miljan.cabarkapa@example.com', 'login': {'uuid': '71b2f947-3f71-438d-a906-4f41a90e94d3', 'username': 'beautifulgorilla337', 'password': 'mohawk', 'salt': 'm8DgmFYQ', 'md5': 'a0d1b490640e0d4eeb806b43db6189fe', 'sha1': 'd7d272f9256db18cbcfeda3a62b2631893136ad3', 'sha256': '993d2f5d12fd15f9ac7813da93a2393b1fd58bab33d49d0574b7a6a29bb3b8bf'}, 'dob': {'date': '2001-04-18T19:50:43.260Z', 'age': 23}, 'registered': {'date': '2007-10-04T04:21:16.884Z', 'age': 16}, 'phone': '025-0952-821', 'cell': '063-4735-126', 'id': {'name': 'SID', 'value': '572687400'}, 'picture': {'large': 'https://randomuser.me/api/portraits/men/9.jpg', 'medium': 'https://randomuser.me/api/portraits/med/men/9.jpg', 'thumbnail': 'https://randomuser.me/api/portraits/thumb/men/9.jpg'}, 'nat': 'RS'}</msg>
<arg>${json_data['results'][0]}</arg>
<doc>Logs the given message with the given level.</doc>
<status status="PASS" start="2024-08-04T22:14:52.831218" elapsed="0.000402"/>
</kw>
<kw name="Log" owner="BuiltIn">
<msg time="2024-08-04T22:14:52.832055" level="INFO">location</msg>
<arg>${key}</arg>
<doc>Logs the given message with the given level.</doc>
<status status="PASS" start="2024-08-04T22:14:52.831923" elapsed="0.000170"/>
</kw>
<var name="${key}">location</var>
<status status="PASS" start="2024-08-04T22:14:52.830524" elapsed="0.001796"/>
</iter>
<iter>
<kw name="Dictionary Should Contain Key" owner="Collections">
<arg>${json_data['results'][0]}</arg>
<arg>${key}</arg>
<doc>Fails if ``key`` is not found from ``dictionary``.</doc>
<status status="PASS" start="2024-08-04T22:14:52.832602" elapsed="0.000380"/>
</kw>
<kw name="Log" owner="BuiltIn">
<msg time="2024-08-04T22:14:52.833677" level="INFO">{'gender': 'male', 'name': {'title': 'Mr', 'first': 'Miljan', 'last': 'Čabarkapa'}, 'location': {'street': {'number': 1519, 'name': 'Žel Stanica Makiš Ranžirna'}, 'city': 'Opovo', 'state': 'Kosovska Mitrovica', 'country': 'Serbia', 'postcode': 54755, 'coordinates': {'latitude': '56.3178', 'longitude': '-78.9304'}, 'timezone': {'offset': '+5:30', 'description': 'Bombay, Calcutta, Madras, New Delhi'}}, 'email': 'miljan.cabarkapa@example.com', 'login': {'uuid': '71b2f947-3f71-438d-a906-4f41a90e94d3', 'username': 'beautifulgorilla337', 'password': 'mohawk', 'salt': 'm8DgmFYQ', 'md5': 'a0d1b490640e0d4eeb806b43db6189fe', 'sha1': 'd7d272f9256db18cbcfeda3a62b2631893136ad3', 'sha256': '993d2f5d12fd15f9ac7813da93a2393b1fd58bab33d49d0574b7a6a29bb3b8bf'}, 'dob': {'date': '2001-04-18T19:50:43.260Z', 'age': 23}, 'registered': {'date': '2007-10-04T04:21:16.884Z', 'age': 16}, 'phone': '025-0952-821', 'cell': '063-4735-126', 'id': {'name': 'SID', 'value': '572687400'}, 'picture': {'large': 'https://randomuser.me/api/portraits/men/9.jpg', 'medium': 'https://randomuser.me/api/portraits/med/men/9.jpg', 'thumbnail': 'https://randomuser.me/api/portraits/thumb/men/9.jpg'}, 'nat': 'RS'}</msg>
<arg>${json_data['results'][0]}</arg>
<doc>Logs the given message with the given level.</doc>
<status status="PASS" start="2024-08-04T22:14:52.833307" elapsed="0.000420"/>
</kw>
<kw name="Log" owner="BuiltIn">
<msg time="2024-08-04T22:14:52.834162" level="INFO">email</msg>
<arg>${key}</arg>
<doc>Logs the given message with the given level.</doc>
<status status="PASS" start="2024-08-04T22:14:52.834029" elapsed="0.000172"/>
</kw>
<var name="${key}">email</var>
<status status="PASS" start="2024-08-04T22:14:52.832495" elapsed="0.001924"/>
</iter>
<iter>
<kw name="Dictionary Should Contain Key" owner="Collections">
<arg>${json_data['results'][0]}</arg>
<arg>${key}</arg>
<doc>Fails if ``key`` is not found from ``dictionary``.</doc>
<status status="PASS" start="2024-08-04T22:14:52.834705" elapsed="0.000385"/>
</kw>
<kw name="Log" owner="BuiltIn">
<msg time="2024-08-04T22:14:52.835638" level="INFO">{'gender': 'male', 'name': {'title': 'Mr', 'first': 'Miljan', 'last': 'Čabarkapa'}, 'location': {'street': {'number': 1519, 'name': 'Žel Stanica Makiš Ranžirna'}, 'city': 'Opovo', 'state': 'Kosovska Mitrovica', 'country': 'Serbia', 'postcode': 54755, 'coordinates': {'latitude': '56.3178', 'longitude': '-78.9304'}, 'timezone': {'offset': '+5:30', 'description': 'Bombay, Calcutta, Madras, New Delhi'}}, 'email': 'miljan.cabarkapa@example.com', 'login': {'uuid': '71b2f947-3f71-438d-a906-4f41a90e94d3', 'username': 'beautifulgorilla337', 'password': 'mohawk', 'salt': 'm8DgmFYQ', 'md5': 'a0d1b490640e0d4eeb806b43db6189fe', 'sha1': 'd7d272f9256db18cbcfeda3a62b2631893136ad3', 'sha256': '993d2f5d12fd15f9ac7813da93a2393b1fd58bab33d49d0574b7a6a29bb3b8bf'}, 'dob': {'date': '2001-04-18T19:50:43.260Z', 'age': 23}, 'registered': {'date': '2007-10-04T04:21:16.884Z', 'age': 16}, 'phone': '025-0952-821', 'cell': '063-4735-126', 'id': {'name': 'SID', 'value': '572687400'}, 'picture': {'large': 'https://randomuser.me/api/portraits/men/9.jpg', 'medium': 'https://randomuser.me/api/portraits/med/men/9.jpg', 'thumbnail': 'https://randomuser.me/api/portraits/thumb/men/9.jpg'}, 'nat': 'RS'}</msg>
<arg>${json_data['results'][0]}</arg>
<doc>Logs the given message with the given level.</doc>
<status status="PASS" start="2024-08-04T22:14:52.835273" elapsed="0.000416"/>
</kw>
<kw name="Log" owner="BuiltIn">
<msg time="2024-08-04T22:14:52.836116" level="INFO">login</msg>
<arg>${key}</arg>
<doc>Logs the given message with the given level.</doc>
<status status="PASS" start="2024-08-04T22:14:52.835987" elapsed="0.000167"/>
</kw>
<var name="${key}">login</var>
<status status="PASS" start="2024-08-04T22:14:52.834596" elapsed="0.001772"/>
</iter>
<var>${key}</var>
<value>@{expected_keys}</value>
<status status="PASS" start="2024-08-04T22:14:52.826224" elapsed="0.010293"/>
</for>
<kw name="Create List" owner="BuiltIn">
<msg time="2024-08-04T22:14:52.836853" level="INFO">${expected_keysTwo} = ['username', 'password']</msg>
<var>${expected_keysTwo}</var>
<arg>username</arg>
<arg>password</arg>
<doc>Returns a list containing given items.</doc>
<status status="PASS" start="2024-08-04T22:14:52.836717" elapsed="0.000160"/>
</kw>
<for flavor="IN">
<iter>
<kw name="Dictionary Should Contain Key" owner="Collections">
<arg>${json_data['results'][0]['login']}</arg>
<arg>${keyTwo}</arg>
<doc>Fails if ``key`` is not found from ``dictionary``.</doc>
<status status="PASS" start="2024-08-04T22:14:52.837409" elapsed="0.000381"/>
</kw>
<kw name="Dictionary Should Contain Key" owner="Collections">
<arg>${json_data['results'][0]['login']}</arg>
<arg>${keyTwo}</arg>
<doc>Fails if ``key`` is not found from ``dictionary``.</doc>
<status status="PASS" start="2024-08-04T22:14:52.837969" elapsed="0.000378"/>
</kw>
<kw name="Log" owner="BuiltIn">
<msg time="2024-08-04T22:14:52.838646" level="INFO">username</msg>
<arg>${keyTwo}</arg>
<doc>Logs the given message with the given level.</doc>
<status status="PASS" start="2024-08-04T22:14:52.838525" elapsed="0.000159"/>
</kw>
<var name="${keyTwo}">username</var>
<status status="PASS" start="2024-08-04T22:14:52.837290" elapsed="0.001613"/>
</iter>
<iter>
<kw name="Dictionary Should Contain Key" owner="Collections">
<arg>${json_data['results'][0]['login']}</arg>
<arg>${keyTwo}</arg>
<doc>Fails if ``key`` is not found from ``dictionary``.</doc>
<status status="PASS" start="2024-08-04T22:14:52.839181" elapsed="0.000386"/>
</kw>
<kw name="Dictionary Should Contain Key" owner="Collections">
<arg>${json_data['results'][0]['login']}</arg>
<arg>${keyTwo}</arg>
<doc>Fails if ``key`` is not found from ``dictionary``.</doc>
<status status="PASS" start="2024-08-04T22:14:52.839746" elapsed="0.000368"/>
</kw>
<kw name="Log" owner="BuiltIn">
<msg time="2024-08-04T22:14:52.840414" level="INFO">password</msg>
<arg>${keyTwo}</arg>
<doc>Logs the given message with the given level.</doc>
<status status="PASS" start="2024-08-04T22:14:52.840289" elapsed="0.000163"/>
</kw>
<var name="${keyTwo}">password</var>
<status status="PASS" start="2024-08-04T22:14:52.839074" elapsed="0.001599"/>
</iter>
<var>${keyTwo}</var>
<value>@{expected_keysTwo}</value>
<status status="PASS" start="2024-08-04T22:14:52.837114" elapsed="0.003680"/>
</for>
<status status="PASS" start="2024-08-04T22:14:52.693092" elapsed="0.147847"/>
</kw>
<doc>Testa a estrutura da resposta da API.</doc>
<tag>testeEstruturaResposta</tag>
<status status="PASS" start="2024-08-04T22:14:52.692591" elapsed="0.148506"/>
</test>
<test id="s1-s1-t4" name="Validar tipos de dados" line="28">
<kw name="Teste de Tipos de Dados" owner="random-user-service">
<kw name="GET On Session" owner="RequestsLibrary">
<msg time="2024-08-04T22:14:52.944326" level="INFO">GET Request : url=https://randomuser.me/api 
 path_url=/api 
 headers={'User-Agent': 'python-requests/2.32.3', 'Accept-Encoding': 'gzip, deflate', 'Accept': '*/*', 'Connection': 'keep-alive'} 
 body=None 
 </msg>
<msg time="2024-08-04T22:14:52.944417" level="INFO">GET Response : url=https://randomuser.me/api 
 status=200, reason=OK 
 headers={'Date': 'Sun, 04 Aug 2024 22:14:52 GMT', 'Content-Type': 'application/json; charset=utf-8', 'Transfer-Encoding': 'chunked', 'Connection': 'keep-alive', 'X-Powered-By': 'Express', 'Access-Control-Allow-Origin': '*', 'Cache-Control': 'no-cache', 'ETag': 'W/"495-PmgdN2SFCmfggnUGvU3KjFZyBvc"', 'Vary': 'Accept-Encoding', 'Content-Encoding': 'gzip', 'CF-Cache-Status': 'DYNAMIC', 'Report-To': '{"endpoints":[{"url":"https:\\/\\/a.nel.cloudflare.com\\/report\\/v4?s=qt8Jy5JGDOWzvr0D1kr2%2Bq9u%2FYbQn2YSjJPyKFX5AedpwDCSM%2FF68g9tmb0Nw4b3xu8WhGrj1Xe2Ov6t439FtErvZMa8sclshoHcfapRjEf7BzUVo9J9C9lO%2FiT%2Bqrkn"}],"group":"cf-nel","max_age":604800}', 'NEL': '{"success_fraction":0,"report_to":"cf-nel","max_age":604800}', 'Server': 'cloudflare', 'CF-RAY': '8ae1e7244ee29e65-SJC', 'alt-svc': 'h3=":443"; ma=86400'} 
 body={"results":[{"gender":"male","name":{"title":"Mr","first":"Svitodar","last":"Silchenko"},"location":{"street":{"number":3675,"name":"Senomanskiy provulok"},"city":"Verhivceve","state":"Vinnicka","country":"Ukraine","postcode":56532,"coordinates":{"latitude":"77.9529","longitude":"-1.9686"},"timezone":{"offset":"+1:00","description":"Brussels, Copenhagen, Madrid, Paris"}},"email":"svitodar.silchenko@example.com","login":{"uuid":"cc75c218-4e16-492b-8e41-ca258ff6a20a","username":"crazybird817","password":"twiggy","salt":"t6dzJkSW","md5":"4fc175de8273d69006926afc6daf21fe","sha1":"66a96a1e3d16b943579bb37c7a6fbae5531db741","sha256":"a2bd94660467d468be3d385e76de41fb848d9897e1ab051e0d4f4082278ef048"},"dob":{"date":"1983-06-02T13:16:09.832Z","age":41},"registered":{"date":"2005-08-17T12:19:16.480Z","age":18},"phone":"(096) Z94-6106","cell":"(098) P09-3389","id":{"name":"","value":null},"picture":{"large":"https://randomuser.me/api/portraits/men/35.jpg","medium":"https://randomuser.me/api/portraits/med/men/35.jpg","thumbnail":"https://randomuser.me/api/portraits/thumb/men/35.jpg"},"nat":"UA"}],"info":{"seed":"b5306cee426cb396","results":1,"page":1,"version":"1.4"}} 
 </msg>
<msg time="2024-08-04T22:14:52.944484" level="INFO">/opt/hostedtoolcache/Python/3.12.4/x64/lib/python3.12/site-packages/urllib3/connectionpool.py:1099: InsecureRequestWarning: Unverified HTTPS request is being made to host 'randomuser.me'. Adding certificate verification is strongly advised. See: https://urllib3.readthedocs.io/en/latest/advanced-usage.html#tls-warnings
  warnings.warn(</msg>
<msg time="2024-08-04T22:14:52.944605" level="INFO">${response} = &lt;Response [200]&gt;</msg>
<var>${response}</var>
<arg>consultarAPI</arg>
<arg>/api</arg>
<doc>Sends a GET request on a previously created HTTP Session.</doc>
<status status="PASS" start="2024-08-04T22:14:52.843637" elapsed="0.101009"/>
</kw>
<kw name="Set Variable" owner="BuiltIn">
<msg time="2024-08-04T22:14:52.945860" level="INFO">${json_data} = {'results': [{'gender': 'male', 'name': {'title': 'Mr', 'first': 'Svitodar', 'last': 'Silchenko'}, 'location': {'street': {'number': 3675, 'name': 'Senomanskiy provulok'}, 'city': 'Verhivceve', 'state...</msg>
<var>${json_data}</var>
<arg>${response.json()}</arg>
<doc>Returns the given values which can then be assigned to a variables.</doc>
<status status="PASS" start="2024-08-04T22:14:52.945309" elapsed="0.000580"/>
</kw>
<kw name="Log" owner="BuiltIn">
<msg time="2024-08-04T22:14:52.946359" level="INFO">{'results': [{'gender': 'male', 'name': {'title': 'Mr', 'first': 'Svitodar', 'last': 'Silchenko'}, 'location': {'street': {'number': 3675, 'name': 'Senomanskiy provulok'}, 'city': 'Verhivceve', 'state': 'Vinnicka', 'country': 'Ukraine', 'postcode': 56532, 'coordinates': {'latitude': '77.9529', 'longitude': '-1.9686'}, 'timezone': {'offset': '+1:00', 'description': 'Brussels, Copenhagen, Madrid, Paris'}}, 'email': 'svitodar.silchenko@example.com', 'login': {'uuid': 'cc75c218-4e16-492b-8e41-ca258ff6a20a', 'username': 'crazybird817', 'password': 'twiggy', 'salt': 't6dzJkSW', 'md5': '4fc175de8273d69006926afc6daf21fe', 'sha1': '66a96a1e3d16b943579bb37c7a6fbae5531db741', 'sha256': 'a2bd94660467d468be3d385e76de41fb848d9897e1ab051e0d4f4082278ef048'}, 'dob': {'date': '1983-06-02T13:16:09.832Z', 'age': 41}, 'registered': {'date': '2005-08-17T12:19:16.480Z', 'age': 18}, 'phone': '(096) Z94-6106', 'cell': '(098) P09-3389', 'id': {'name': '', 'value': None}, 'picture': {'large': 'https://randomuser.me/api/portraits/men/35.jpg', 'medium': 'https://randomuser.me/api/portraits/med/men/35.jpg', 'thumbnail': 'https://randomuser.me/api/portraits/thumb/men/35.jpg'}, 'nat': 'UA'}], 'info': {'seed': 'b5306cee426cb396', 'results': 1, 'page': 1, 'version': '1.4'}}</msg>
<arg>${json_data}</arg>
<doc>Logs the given message with the given level.</doc>
<status status="PASS" start="2024-08-04T22:14:52.946202" elapsed="0.000205"/>
</kw>
<kw name="Should Be String" owner="String">
<arg>${json_data['results'][0]['gender']}</arg>
<doc>Fails if the given ``item`` is not a string.</doc>
<status status="PASS" start="2024-08-04T22:14:52.946702" elapsed="0.000368"/>
</kw>
<kw name="Should Match Regexp" owner="BuiltIn">
<arg>${json_data['results'][0]['email']}</arg>
<arg>^[a-zA-Z0-9._%+-]+@[a-zA-Z0-9.-]+\.[a-zA-Z]{2,}$</arg>
<doc>Fails if ``string`` does not match ``pattern`` as a regular expression.</doc>
<status status="PASS" start="2024-08-04T22:14:52.947301" elapsed="0.000521"/>
</kw>
<kw name="Should Match Regexp" owner="BuiltIn">
<arg>${json_data['results'][0]['dob']['date']}</arg>
<arg>\\d{4}-\\d{2}-\\d{2}T\\d{2}:\\d{2}:\\d{2}\\.\\d{3}Z</arg>
<doc>Fails if ``string`` does not match ``pattern`` as a regular expression.</doc>
<status status="PASS" start="2024-08-04T22:14:52.948018" elapsed="0.000637"/>
</kw>
<kw name="Should Match Regexp" owner="BuiltIn">
<arg>${json_data['results'][0]['registered']['date']}</arg>
<arg>\\d{4}-\\d{2}-\\d{2}T\\d{2}:\\d{2}:\\d{2}\\.\\d{3}Z</arg>
<doc>Fails if ``string`` does not match ``pattern`` as a regular expression.</doc>
<status status="PASS" start="2024-08-04T22:14:52.948848" elapsed="0.000371"/>
</kw>
<kw name="Should Match Regexp" owner="BuiltIn">
<arg>${json_data['results'][0]['picture']['large']}</arg>
<arg>^https?://.*\.(?:png|jpe?g|gif|bmp)$</arg>
<doc>Fails if ``string`` does not match ``pattern`` as a regular expression.</doc>
<status status="PASS" start="2024-08-04T22:14:52.949439" elapsed="0.000468"/>
</kw>
<kw name="Should Match Regexp" owner="BuiltIn">
<arg>${json_data['results'][0]['picture']['medium']}</arg>
<arg>^https?://.*\.(?:png|jpe?g|gif|bmp)$</arg>
<doc>Fails if ``string`` does not match ``pattern`` as a regular expression.</doc>
<status status="PASS" start="2024-08-04T22:14:52.950098" elapsed="0.000363"/>
</kw>
<kw name="Should Match Regexp" owner="BuiltIn">
<arg>${json_data['results'][0]['picture']['thumbnail']}</arg>
<arg>^https?://.*\.(?:png|jpe?g|gif|bmp)$</arg>
<doc>Fails if ``string`` does not match ``pattern`` as a regular expression.</doc>
<status status="PASS" start="2024-08-04T22:14:52.950657" elapsed="0.000350"/>
</kw>
<kw name="Log" owner="BuiltIn">
<msg time="2024-08-04T22:14:52.951503" level="INFO">{'large': 'https://randomuser.me/api/portraits/men/35.jpg', 'medium': 'https://randomuser.me/api/portraits/med/men/35.jpg', 'thumbnail': 'https://randomuser.me/api/portraits/thumb/men/35.jpg'}</msg>
<arg>${json_data['results'][0]['picture']}</arg>
<doc>Logs the given message with the given level.</doc>
<status status="PASS" start="2024-08-04T22:14:52.951185" elapsed="0.000361"/>
</kw>
<status status="PASS" start="2024-08-04T22:14:52.843415" elapsed="0.108389"/>
</kw>
<kw name="Teste de Tipos de Dados - Postcode" owner="random-user-service">
<kw name="GET On Session" owner="RequestsLibrary">
<msg time="2024-08-04T22:14:53.121114" level="INFO">GET Request : url=https://randomuser.me/api 
 path_url=/api 
 headers={'User-Agent': 'python-requests/2.32.3', 'Accept-Encoding': 'gzip, deflate', 'Accept': '*/*', 'Connection': 'keep-alive'} 
 body=None 
 </msg>
<msg time="2024-08-04T22:14:53.121216" level="INFO">GET Response : url=https://randomuser.me/api 
 status=200, reason=OK 
 headers={'Date': 'Sun, 04 Aug 2024 22:14:53 GMT', 'Content-Type': 'application/json; charset=utf-8', 'Transfer-Encoding': 'chunked', 'Connection': 'keep-alive', 'X-Powered-By': 'Express', 'Access-Control-Allow-Origin': '*', 'Cache-Control': 'no-cache', 'ETag': 'W/"483-c8KRTOmuN1LzQQqkVV7qiDksXIA"', 'Vary': 'Accept-Encoding', 'Content-Encoding': 'gzip', 'CF-Cache-Status': 'DYNAMIC', 'Report-To': '{"endpoints":[{"url":"https:\\/\\/a.nel.cloudflare.com\\/report\\/v4?s=BThTG1V7HvUnefGWrtUZmqMg3ekuLKzZnRD8YbRUIbqL6uhhkCEwb1i%2BqU82RuC00BLmycfp%2BfURdhKfzeHGOYuOpoJIdBKp7PC%2BL3R7YurvokzoS25Ms13SMimtb2MW"}],"group":"cf-nel","max_age":604800}', 'NEL': '{"success_fraction":0,"report_to":"cf-nel","max_age":604800}', 'Server': 'cloudflare', 'CF-RAY': '8ae1e724ff589e65-SJC', 'alt-svc': 'h3=":443"; ma=86400'} 
 body={"results":[{"gender":"female","name":{"title":"Mrs","first":"Katalina","last":"Šotra"},"location":{"street":{"number":2404,"name":"Letnička"},"city":"Opovo","state":"West Bačka","country":"Serbia","postcode":33732,"coordinates":{"latitude":"57.8990","longitude":"93.8954"},"timezone":{"offset":"+7:00","description":"Bangkok, Hanoi, Jakarta"}},"email":"katalina.sotra@example.com","login":{"uuid":"6b6d369e-4738-4e0a-9e8b-bc7a23ca4198","username":"sadpanda829","password":"labrador","salt":"CoG6dOI4","md5":"77a9cdcfee872c0575b6b1e78f99a252","sha1":"79db6aa094ad6d2eecf5d7d3a921c4b7a3960e6a","sha256":"8ee6d2cd51a116a78e62a67b3afa16c5fac1efb207ffdefb1a14319d6d23785f"},"dob":{"date":"1969-10-16T03:51:02.603Z","age":54},"registered":{"date":"2015-05-17T20:01:32.862Z","age":9},"phone":"017-6216-511","cell":"062-3547-588","id":{"name":"SID","value":"896374339"},"picture":{"large":"https://randomuser.me/api/portraits/women/15.jpg","medium":"https://randomuser.me/api/portraits/med/women/15.jpg","thumbnail":"https://randomuser.me/api/portraits/thumb/women/15.jpg"},"nat":"RS"}],"info":{"seed":"c92ee9a25c628484","results":1,"page":1,"version":"1.4"}} 
 </msg>
<msg time="2024-08-04T22:14:53.121339" level="INFO">/opt/hostedtoolcache/Python/3.12.4/x64/lib/python3.12/site-packages/urllib3/connectionpool.py:1099: InsecureRequestWarning: Unverified HTTPS request is being made to host 'randomuser.me'. Adding certificate verification is strongly advised. See: https://urllib3.readthedocs.io/en/latest/advanced-usage.html#tls-warnings
  warnings.warn(</msg>
<msg time="2024-08-04T22:14:53.121466" level="INFO">${response} = &lt;Response [200]&gt;</msg>
<var>${response}</var>
<arg>consultarAPI</arg>
<arg>/api</arg>
<doc>Sends a GET request on a previously created HTTP Session.</doc>
<status status="PASS" start="2024-08-04T22:14:52.952257" elapsed="0.169249"/>
</kw>
<kw name="Set Variable" owner="BuiltIn">
<msg time="2024-08-04T22:14:53.122695" level="INFO">${json_data} = {'results': [{'gender': 'female', 'name': {'title': 'Mrs', 'first': 'Katalina', 'last': 'Šotra'}, 'location': {'street': {'number': 2404, 'name': 'Letnička'}, 'city': 'Opovo', 'state': 'West Bačka', '...</msg>
<var>${json_data}</var>
<arg>${response.json()}</arg>
<doc>Returns the given values which can then be assigned to a variables.</doc>
<status status="PASS" start="2024-08-04T22:14:53.122139" elapsed="0.000587"/>
</kw>
<kw name="Log" owner="BuiltIn">
<msg time="2024-08-04T22:14:53.123201" level="INFO">{'results': [{'gender': 'female', 'name': {'title': 'Mrs', 'first': 'Katalina', 'last': 'Šotra'}, 'location': {'street': {'number': 2404, 'name': 'Letnička'}, 'city': 'Opovo', 'state': 'West Bačka', 'country': 'Serbia', 'postcode': 33732, 'coordinates': {'latitude': '57.8990', 'longitude': '93.8954'}, 'timezone': {'offset': '+7:00', 'description': 'Bangkok, Hanoi, Jakarta'}}, 'email': 'katalina.sotra@example.com', 'login': {'uuid': '6b6d369e-4738-4e0a-9e8b-bc7a23ca4198', 'username': 'sadpanda829', 'password': 'labrador', 'salt': 'CoG6dOI4', 'md5': '77a9cdcfee872c0575b6b1e78f99a252', 'sha1': '79db6aa094ad6d2eecf5d7d3a921c4b7a3960e6a', 'sha256': '8ee6d2cd51a116a78e62a67b3afa16c5fac1efb207ffdefb1a14319d6d23785f'}, 'dob': {'date': '1969-10-16T03:51:02.603Z', 'age': 54}, 'registered': {'date': '2015-05-17T20:01:32.862Z', 'age': 9}, 'phone': '017-6216-511', 'cell': '062-3547-588', 'id': {'name': 'SID', 'value': '896374339'}, 'picture': {'large': 'https://randomuser.me/api/portraits/women/15.jpg', 'medium': 'https://randomuser.me/api/portraits/med/women/15.jpg', 'thumbnail': 'https://randomuser.me/api/portraits/thumb/women/15.jpg'}, 'nat': 'RS'}], 'info': {'seed': 'c92ee9a25c628484', 'results': 1, 'page': 1, 'version': '1.4'}}</msg>
<arg>${json_data}</arg>
<doc>Logs the given message with the given level.</doc>
<status status="PASS" start="2024-08-04T22:14:53.123035" elapsed="0.000216"/>
</kw>
<kw name="Should Be Equal As Numbers" owner="BuiltIn">
<arg>${json_data['results'][0]['location']['postcode']}</arg>
<arg>${json_data['results'][0]['location']['postcode']}</arg>
<doc>Fails if objects are unequal after converting them to real numbers.</doc>
<status status="PASS" start="2024-08-04T22:14:53.123549" elapsed="0.000618"/>
</kw>
<kw name="Log" owner="BuiltIn">
<msg time="2024-08-04T22:14:53.124728" level="INFO">33732</msg>
<arg>${json_data['results'][0]['location']['postcode']}</arg>
<doc>Logs the given message with the given level.</doc>
<status status="PASS" start="2024-08-04T22:14:53.124390" elapsed="0.000378"/>
</kw>
<status status="PASS" start="2024-08-04T22:14:52.952027" elapsed="0.172998"/>
</kw>
<doc>Testa se os tipos de dados na resposta da API estão corretos.</doc>
<tag>testeTiposDados</tag>
<status status="PASS" start="2024-08-04T22:14:52.842957" elapsed="0.282240"/>
</test>
<test id="s1-s1-t5" name="Validar conteudo" line="35">
<kw name="Teste de Tipos de Conteudo" owner="random-user-service">
<kw name="GET On Session" owner="RequestsLibrary">
<msg time="2024-08-04T22:14:53.765711" level="INFO">GET Request : url=https://randomuser.me/api 
 path_url=/api 
 headers={'User-Agent': 'python-requests/2.32.3', 'Accept-Encoding': 'gzip, deflate', 'Accept': '*/*', 'Connection': 'keep-alive'} 
 body=None 
 </msg>
<msg time="2024-08-04T22:14:53.765811" level="INFO">GET Response : url=https://randomuser.me/api 
 status=200, reason=OK 
 headers={'Date': 'Sun, 04 Aug 2024 22:14:53 GMT', 'Content-Type': 'application/json; charset=utf-8', 'Transfer-Encoding': 'chunked', 'Connection': 'keep-alive', 'X-Powered-By': 'Express', 'Access-Control-Allow-Origin': '*', 'Cache-Control': 'no-cache', 'ETag': 'W/"4a5-RSE42CbE/TrEl2SiWdW5epO900Q"', 'Vary': 'Accept-Encoding', 'Content-Encoding': 'gzip', 'CF-Cache-Status': 'DYNAMIC', 'Report-To': '{"endpoints":[{"url":"https:\\/\\/a.nel.cloudflare.com\\/report\\/v4?s=NiZMe2ISnrox5wnmzGvifeoYjXD%2BwGqTaKVbRr0i8MktGlAqMgHA6Vjuc%2BViTQg11E45ZWW6x6Qpxfpq2Y5HTfblMVtBioXWO0ZsGRlHvTtL0GNK36AwI451v%2Fdxmx9D"}],"group":"cf-nel","max_age":604800}', 'NEL': '{"success_fraction":0,"report_to":"cf-nel","max_age":604800}', 'Server': 'cloudflare', 'CF-RAY': '8ae1e7261ffc9e65-SJC', 'alt-svc': 'h3=":443"; ma=86400'} 
 body={"results":[{"gender":"female","name":{"title":"Miss","first":"ستایش","last":"سهيلي راد"},"location":{"street":{"number":3081,"name":"شیخ فضل الله نوری"},"city":"سیرجان","state":"همدان","country":"Iran","postcode":87080,"coordinates":{"latitude":"16.1224","longitude":"17.3343"},"timezone":{"offset":"+2:00","description":"Kaliningrad, South Africa"}},"email":"stysh.shylyrd@example.com","login":{"uuid":"7628489b-d0cf-40c9-b501-9fcefe8955b4","username":"beautifulmouse983","password":"4444","salt":"cX9aWLSv","md5":"4ae227f5adcd6f0ccf9afdfa999860d6","sha1":"905d6a8e9f6f9a952a4854fbe62264219fc49a2f","sha256":"8b44b6daf6f10d8241dc78462350cabde976d892d53945df679c6a3ff353b87f"},"dob":{"date":"1989-05-01T07:15:14.400Z","age":35},"registered":{"date":"2020-07-04T03:57:40.121Z","age":4},"phone":"095-53372853","cell":"0988-256-3651","id":{"name":"","value":null},"picture":{"large":"https://randomuser.me/api/portraits/women/96.jpg","medium":"https://randomuser.me/api/portraits/med/women/96.jpg","thumbnail":"https://randomuser.me/api/portraits/thumb/women/96.jpg"},"nat":"IR"}],"info":{"seed":"5e709a201f167945","results":1,"page":1,"version":"1.4"}} 
 </msg>
<msg time="2024-08-04T22:14:53.765881" level="INFO">/opt/hostedtoolcache/Python/3.12.4/x64/lib/python3.12/site-packages/urllib3/connectionpool.py:1099: InsecureRequestWarning: Unverified HTTPS request is being made to host 'randomuser.me'. Adding certificate verification is strongly advised. See: https://urllib3.readthedocs.io/en/latest/advanced-usage.html#tls-warnings
  warnings.warn(</msg>
<msg time="2024-08-04T22:14:53.766023" level="INFO">${response} = &lt;Response [200]&gt;</msg>
<var>${response}</var>
<arg>consultarAPI</arg>
<arg>/api</arg>
<doc>Sends a GET request on a previously created HTTP Session.</doc>
<status status="PASS" start="2024-08-04T22:14:53.127704" elapsed="0.638360"/>
</kw>
<kw name="Set Variable" owner="BuiltIn">
<msg time="2024-08-04T22:14:53.767299" level="INFO">${json_data} = {'results': [{'gender': 'female', 'name': {'title': 'Miss', 'first': 'ستایش', 'last': 'سهيلي راد'}, 'location': {'street': {'number': 3081, 'name': 'شیخ فضل الله نوری'}, 'city': 'سیرجان', 'state': 'هم...</msg>
<var>${json_data}</var>
<arg>${response.json()}</arg>
<doc>Returns the given values which can then be assigned to a variables.</doc>
<status status="PASS" start="2024-08-04T22:14:53.766697" elapsed="0.000633"/>
</kw>
<kw name="Set Variable" owner="BuiltIn">
<msg time="2024-08-04T22:14:53.768025" level="INFO">${name_title} = Miss</msg>
<var>${name_title}</var>
<arg>${json_data["results"][0]["name"]["title"]}</arg>
<doc>Returns the given values which can then be assigned to a variables.</doc>
<status status="PASS" start="2024-08-04T22:14:53.767646" elapsed="0.000405"/>
</kw>
<kw name="Create List" owner="BuiltIn">
<msg time="2024-08-04T22:14:53.768501" level="INFO">${allowed_titles} = ['Mr', 'Ms', 'Miss', 'Mrs', 'Madame', 'Monsieur']</msg>
<var>${allowed_titles}</var>
<arg>Mr</arg>
<arg>Ms</arg>
<arg>Miss</arg>
<arg>Mrs</arg>
<arg>Madame</arg>
<arg>Monsieur</arg>
<doc>Returns a list containing given items.</doc>
<status status="PASS" start="2024-08-04T22:14:53.768354" elapsed="0.000172"/>
</kw>
<kw name="List Should Contain Value" owner="Collections">
<arg>${allowed_titles}</arg>
<arg>${name_title}</arg>
<doc>Fails if the ``value`` is not found from ``list``.</doc>
<status status="PASS" start="2024-08-04T22:14:53.768818" elapsed="0.000181"/>
</kw>
<kw name="Set Variable" owner="BuiltIn">
<msg time="2024-08-04T22:14:53.769582" level="INFO">${name_country} = IR</msg>
<var>${name_country}</var>
<arg>${json_data["results"][0]["nat"]}</arg>
<doc>Returns the given values which can then be assigned to a variables.</doc>
<status status="PASS" start="2024-08-04T22:14:53.769174" elapsed="0.000434"/>
</kw>
<kw name="Create List" owner="BuiltIn">
<msg time="2024-08-04T22:14:53.770499" level="INFO">${list_country} = ['AD', 'AE', 'AF', 'AG', 'AI', 'AL', 'AM', 'AO', 'AQ', 'AR', 'AS', 'AT', 'AU', 'AW', 'AX', 'AZ', 'BA', 'BB', 'BD', 'BE', 'BF', 'BG', 'BH', 'BI', 'BJ', 'BL', 'BM', 'BN', 'BO', 'BQ', 'BR', 'BS', 'BT', '...</msg>
<var>${list_country}</var>
<arg>AD</arg>
<arg>AE</arg>
<arg>AF</arg>
<arg>AG</arg>
<arg>AI</arg>
<arg>AL</arg>
<arg>AM</arg>
<arg>AO</arg>
<arg>AQ</arg>
<arg>AR</arg>
<arg>AS</arg>
<arg>AT</arg>
<arg>AU</arg>
<arg>AW</arg>
<arg>AX</arg>
<arg>AZ</arg>
<arg>BA</arg>
<arg>BB</arg>
<arg>BD</arg>
<arg>BE</arg>
<arg>BF</arg>
<arg>BG</arg>
<arg>BH</arg>
<arg>BI</arg>
<arg>BJ</arg>
<arg>BL</arg>
<arg>BM</arg>
<arg>BN</arg>
<arg>BO</arg>
<arg>BQ</arg>
<arg>BR</arg>
<arg>BS</arg>
<arg>BT</arg>
<arg>BV</arg>
<arg>BW</arg>
<arg>BY</arg>
<arg>BZ</arg>
<arg>CA</arg>
<arg>CC</arg>
<arg>CD</arg>
<arg>CF</arg>
<arg>CG</arg>
<arg>CH</arg>
<arg>CI</arg>
<arg>CK</arg>
<arg>CL</arg>
<arg>CM</arg>
<arg>CN</arg>
<arg>CO</arg>
<arg>CR</arg>
<arg>CU</arg>
<arg>CV</arg>
<arg>CW</arg>
<arg>CX</arg>
<arg>CY</arg>
<arg>CZ</arg>
<arg>DE</arg>
<arg>DJ</arg>
<arg>DK</arg>
<arg>DM</arg>
<arg>DO</arg>
<arg>DZ</arg>
<arg>EC</arg>
<arg>EE</arg>
<arg>EG</arg>
<arg>EH</arg>
<arg>ER</arg>
<arg>ES</arg>
<arg>ET</arg>
<arg>FI</arg>
<arg>FJ</arg>
<arg>FK</arg>
<arg>FM</arg>
<arg>FO</arg>
<arg>FR</arg>
<arg>GA</arg>
<arg>GB</arg>
<arg>GD</arg>
<arg>GE</arg>
<arg>GF</arg>
<arg>GG</arg>
<arg>GH</arg>
<arg>GI</arg>
<arg>GL</arg>
<arg>GM</arg>
<arg>GN</arg>
<arg>GP</arg>
<arg>GQ</arg>
<arg>GR</arg>
<arg>GS</arg>
<arg>GT</arg>
<arg>GU</arg>
<arg>GW</arg>
<arg>GY</arg>
<arg>HK</arg>
<arg>HM</arg>
<arg>HN</arg>
<arg>HR</arg>
<arg>HT</arg>
<arg>HU</arg>
<arg>ID</arg>
<arg>IE</arg>
<arg>IL</arg>
<arg>IM</arg>
<arg>IN</arg>
<arg>IO</arg>
<arg>IQ</arg>
<arg>IR</arg>
<arg>IS</arg>
<arg>IT</arg>
<arg>JE</arg>
<arg>JM</arg>
<arg>JO</arg>
<arg>JP</arg>
<arg>KE</arg>
<arg>KG</arg>
<arg>KH</arg>
<arg>KI</arg>
<arg>KM</arg>
<arg>KN</arg>
<arg>KP</arg>
<arg>KR</arg>
<arg>KW</arg>
<arg>KY</arg>
<arg>KZ</arg>
<arg>LA</arg>
<arg>LB</arg>
<arg>LC</arg>
<arg>LI</arg>
<arg>LK</arg>
<arg>LR</arg>
<arg>LS</arg>
<arg>LT</arg>
<arg>LU</arg>
<arg>LV</arg>
<arg>LY</arg>
<arg>MA</arg>
<arg>MC</arg>
<arg>MD</arg>
<arg>ME</arg>
<arg>MF</arg>
<arg>MG</arg>
<arg>MH</arg>
<arg>MK</arg>
<arg>ML</arg>
<arg>MM</arg>
<arg>MN</arg>
<arg>MO</arg>
<arg>MP</arg>
<arg>MQ</arg>
<arg>MR</arg>
<arg>MS</arg>
<arg>MT</arg>
<arg>MU</arg>
<arg>MV</arg>
<arg>MW</arg>
<arg>MX</arg>
<arg>MY</arg>
<arg>MZ</arg>
<arg>NA</arg>
<arg>NC</arg>
<arg>NE</arg>
<arg>NF</arg>
<arg>NG</arg>
<arg>NI</arg>
<arg>NL</arg>
<arg>NO</arg>
<arg>NP</arg>
<arg>NR</arg>
<arg>NU</arg>
<arg>NZ</arg>
<arg>OM</arg>
<arg>PA</arg>
<arg>PE</arg>
<arg>PF</arg>
<arg>PG</arg>
<arg>PH</arg>
<arg>PK</arg>
<arg>PL</arg>
<arg>PM</arg>
<arg>PN</arg>
<arg>PR</arg>
<arg>PS</arg>
<arg>PT</arg>
<arg>PW</arg>
<arg>PY</arg>
<arg>QA</arg>
<arg>RE</arg>
<arg>RO</arg>
<arg>RS</arg>
<arg>RU</arg>
<arg>RW</arg>
<arg>SA</arg>
<arg>SB</arg>
<arg>SC</arg>
<arg>SD</arg>
<arg>SE</arg>
<arg>SG</arg>
<arg>SH</arg>
<arg>SI</arg>
<arg>SJ</arg>
<arg>SK</arg>
<arg>SL</arg>
<arg>SM</arg>
<arg>SN</arg>
<arg>SO</arg>
<arg>SR</arg>
<arg>SS</arg>
<arg>ST</arg>
<arg>SV</arg>
<arg>SX</arg>
<arg>SY</arg>
<arg>SZ</arg>
<arg>TC</arg>
<arg>TD</arg>
<arg>TF</arg>
<arg>TG</arg>
<arg>TH</arg>
<arg>TJ</arg>
<arg>TK</arg>
<arg>TL</arg>
<arg>TM</arg>
<arg>TN</arg>
<arg>TO</arg>
<arg>TR</arg>
<arg>TT</arg>
<arg>TV</arg>
<arg>TW</arg>
<arg>TZ</arg>
<arg>UA</arg>
<arg>UG</arg>
<arg>UM</arg>
<arg>US</arg>
<arg>UY</arg>
<arg>UZ</arg>
<arg>VA</arg>
<arg>VC</arg>
<arg>VE</arg>
<arg>VG</arg>
<arg>VI</arg>
<arg>VN</arg>
<arg>VU</arg>
<arg>WF</arg>
<arg>WS</arg>
<arg>XK</arg>
<arg>YE</arg>
<arg>YT</arg>
<arg>ZA</arg>
<arg>ZM</arg>
<arg>ZW</arg>
<doc>Returns a list containing given items.</doc>
<status status="PASS" start="2024-08-04T22:14:53.769896" elapsed="0.000629"/>
</kw>
<kw name="List Should Contain Value" owner="Collections">
<arg>${list_country}</arg>
<arg>${name_country}</arg>
<doc>Fails if the ``value`` is not found from ``list``.</doc>
<status status="PASS" start="2024-08-04T22:14:53.771499" elapsed="0.000210"/>
</kw>
<kw name="Run Keyword If" owner="BuiltIn">
<kw name="Should Be True" owner="BuiltIn">
<arg>${True}</arg>
<doc>Fails if the given condition is not true.</doc>
<status status="PASS" start="2024-08-04T22:14:53.772647" elapsed="0.000145"/>
</kw>
<arg>${json_data["results"][0]["location"]["coordinates"]["latitude"]} &gt;= -90 and ${json_data["results"][0]["location"]["coordinates"]["latitude"]} &lt;= 90</arg>
<arg>Should Be True</arg>
<arg>${True}</arg>
<doc>Runs the given keyword with the given arguments, if ``condition`` is true.</doc>
<status status="PASS" start="2024-08-04T22:14:53.771905" elapsed="0.001012"/>
</kw>
<kw name="Run Keyword If" owner="BuiltIn">
<kw name="Should Be True" owner="BuiltIn">
<arg>${True}</arg>
<doc>Fails if the given condition is not true.</doc>
<status status="PASS" start="2024-08-04T22:14:53.773831" elapsed="0.000143"/>
</kw>
<arg>${json_data["results"][0]["location"]["coordinates"]["longitude"]} &gt;= -180 and ${json_data["results"][0]["location"]["coordinates"]["longitude"]} &lt;= 180</arg>
<arg>Should Be True</arg>
<arg>${True}</arg>
<doc>Runs the given keyword with the given arguments, if ``condition`` is true.</doc>
<status status="PASS" start="2024-08-04T22:14:53.773108" elapsed="0.000992"/>
</kw>
<status status="PASS" start="2024-08-04T22:14:53.127482" elapsed="0.646751"/>
</kw>
<doc>Testa o conteúdo específico dos campos retornados pela API.</doc>
<tag>testeConteudo</tag>
<status status="PASS" start="2024-08-04T22:14:53.127005" elapsed="0.647383"/>
</test>
<status status="PASS" start="2024-08-04T22:14:52.102346" elapsed="1.673939"/>
</suite>
<status status="PASS" start="2024-08-04T22:14:52.087950" elapsed="1.693362"/>
</suite>
<statistics>
<total>
<stat pass="5" fail="0" skip="0">All Tests</stat>
</total>
<tag>
<stat pass="1" fail="0" skip="0">testeConteudo</stat>
<stat pass="1" fail="0" skip="0">testeEstruturaResposta</stat>
<stat pass="1" fail="0" skip="0">testeRequisicaoBasica</stat>
<stat pass="1" fail="0" skip="0">testeTiposDados</stat>
</tag>
<suite>
<stat pass="5" fail="0" skip="0" id="s1" name="Tests">Tests</stat>
<stat pass="5" fail="0" skip="0" id="s1-s1" name="Random-User-Test">Tests.Random-User-Test</stat>
</suite>
</statistics>
<errors>
</errors>
</robot>
