<?xml version="1.0" encoding="UTF-8"?>
<robot generator="Robot 7.0 (Python 3.12.3 on linux)" generated="2024-06-02T19:11:25.678106" rpa="false" schemaversion="5">
<suite id="s1" name="Tests" source="/home/runner/work/ApiRandomUser/ApiRandomUser/RamdonUser/tests">
<suite id="s1-s1" name="Random-User-Test" source="/home/runner/work/ApiRandomUser/ApiRandomUser/RamdonUser/tests/random-user-test.robot">
<test id="s1-s1-t1" name="Conectar" line="13">
<kw name="Conectar API" owner="random-user-service">
<kw name="Create Session" owner="RequestsLibrary">
<msg time="2024-06-02T19:11:26.057816" level="INFO">Creating Session using : alias=consultarAPI, url=https://randomuser.me/, headers={},                     cookies={}, auth=None, timeout=None, proxies=None, verify=False,                     debug=0 </msg>
<arg>consultarAPI</arg>
<arg>${URL}</arg>
<doc>Create Session: create a HTTP session to a server</doc>
<status status="PASS" start="2024-06-02T19:11:26.057620" elapsed="0.000360"/>
</kw>
<status status="PASS" start="2024-06-02T19:11:26.056626" elapsed="0.001696"/>
</kw>
<status status="PASS" start="2024-06-02T19:11:26.056044" elapsed="0.002472"/>
</test>
<test id="s1-s1-t2" name="Validar retorno 200 e JSON Válido" line="16">
<kw name="Teste de Requisicao Basica" owner="random-user-service">
<kw name="GET On Session" owner="RequestsLibrary">
<msg time="2024-06-02T19:11:26.184835" level="INFO">GET Request : url=https://randomuser.me/api 
 path_url=/api 
 headers={'User-Agent': 'python-requests/2.32.3', 'Accept-Encoding': 'gzip, deflate', 'Accept': '*/*', 'Connection': 'keep-alive'} 
 body=None 
 </msg>
<msg time="2024-06-02T19:11:26.184965" level="INFO">GET Response : url=https://randomuser.me/api 
 status=200, reason=OK 
 headers={'Date': 'Sun, 02 Jun 2024 19:11:26 GMT', 'Content-Type': 'application/json; charset=utf-8', 'Transfer-Encoding': 'chunked', 'Connection': 'keep-alive', 'X-Powered-By': 'Express', 'Access-Control-Allow-Origin': '*', 'Cache-Control': 'no-cache', 'ETag': 'W/"47e-Ylqrx+M+V/zyHiBivjlgbeWzDCg"', 'Vary': 'Accept-Encoding', 'Content-Encoding': 'gzip', 'CF-Cache-Status': 'DYNAMIC', 'Report-To': '{"endpoints":[{"url":"https:\\/\\/a.nel.cloudflare.com\\/report\\/v4?s=6xaFO%2FYeslCbRRJgxzvOoCwy2ImIwaj4QUp2WzT7XzmEdnfpeBPLKWLwLgvDkVEpLfEkleoNma7LbQO%2BDTu3%2FCF1WZ8fAxbeSH4yyFmqVohehkzoj%2FWwdLwh2h0EaTsY"}],"group":"cf-nel","max_age":604800}', 'NEL': '{"success_fraction":0,"report_to":"cf-nel","max_age":604800}', 'Server': 'cloudflare', 'CF-RAY': '88d9bfcc0cf515ea-SJC', 'alt-svc': 'h3=":443"; ma=86400'} 
 body={"results":[{"gender":"male","name":{"title":"Mr","first":"Emre","last":"Bayındır"},"location":{"street":{"number":6212,"name":"Filistin Cd"},"city":"Afyonkarahisar","state":"Kilis","country":"Turkey","postcode":42112,"coordinates":{"latitude":"66.7057","longitude":"-111.8120"},"timezone":{"offset":"+7:00","description":"Bangkok, Hanoi, Jakarta"}},"email":"emre.bayindir@example.com","login":{"uuid":"53c990f5-b3c7-4802-b99c-a38f64931523","username":"organicpeacock691","password":"miles","salt":"RoXDGalo","md5":"223d8c3a50c8cb18637774ac5e303d4f","sha1":"c578187ded3aa44ba63d79f03267e90dc96eaaae","sha256":"ecb2dfc776cf621908206d5ba0199c684a288ac114099cca3fde0c3a46f30a75"},"dob":{"date":"1958-03-17T07:49:36.032Z","age":66},"registered":{"date":"2012-09-04T01:13:46.368Z","age":11},"phone":"(325)-113-1216","cell":"(314)-777-6085","id":{"name":"","value":null},"picture":{"large":"https://randomuser.me/api/portraits/men/99.jpg","medium":"https://randomuser.me/api/portraits/med/men/99.jpg","thumbnail":"https://randomuser.me/api/portraits/thumb/men/99.jpg"},"nat":"TR"}],"info":{"seed":"c15470791815e58a","results":1,"page":1,"version":"1.4"}} 
 </msg>
<msg time="2024-06-02T19:11:26.185052" level="INFO">/opt/hostedtoolcache/Python/3.12.3/x64/lib/python3.12/site-packages/urllib3/connectionpool.py:1103: InsecureRequestWarning: Unverified HTTPS request is being made to host 'randomuser.me'. Adding certificate verification is strongly advised. See: https://urllib3.readthedocs.io/en/latest/advanced-usage.html#tls-warnings
  warnings.warn(</msg>
<msg time="2024-06-02T19:11:26.185192" level="INFO">${response} = &lt;Response [200]&gt;</msg>
<var>${response}</var>
<arg>consultarAPI</arg>
<arg>/api</arg>
<doc>Sends a GET request on a previously created HTTP Session.</doc>
<status status="PASS" start="2024-06-02T19:11:26.061228" elapsed="0.124016"/>
</kw>
<kw name="Should Be Equal As Numbers" owner="BuiltIn">
<msg time="2024-06-02T19:11:26.186211" level="INFO">Argument types are:
&lt;class 'int'&gt;
&lt;class 'str'&gt;</msg>
<arg>${response.status_code}</arg>
<arg>200</arg>
<doc>Fails if objects are unequal after converting them to real numbers.</doc>
<status status="PASS" start="2024-06-02T19:11:26.185727" elapsed="0.000546"/>
</kw>
<kw name="Log" owner="BuiltIn">
<msg time="2024-06-02T19:11:26.186953" level="INFO">200</msg>
<arg>${response.status_code}</arg>
<doc>Logs the given message with the given level.</doc>
<status status="PASS" start="2024-06-02T19:11:26.186607" elapsed="0.000392"/>
</kw>
<kw name="Set Variable" owner="BuiltIn">
<msg time="2024-06-02T19:11:26.187733" level="INFO">${json_data} = {'results': [{'gender': 'male', 'name': {'title': 'Mr', 'first': 'Emre', 'last': 'Bayındır'}, 'location': {'street': {'number': 6212, 'name': 'Filistin Cd'}, 'city': 'Afyonkarahisar', 'state': 'Kilis'...</msg>
<var>${json_data}</var>
<arg>${response.json()}</arg>
<doc>Returns the given values which can then be assigned to a variables.</doc>
<status status="PASS" start="2024-06-02T19:11:26.187304" elapsed="0.000459"/>
</kw>
<kw name="Dictionary Should Contain Key" owner="Collections">
<msg time="2024-06-02T19:11:26.188271" level="INFO">False</msg>
<arg>${json_data}</arg>
<arg>results</arg>
<doc>Fails if ``key`` is not found from ``dictionary``.</doc>
<status status="PASS" start="2024-06-02T19:11:26.188101" elapsed="0.000336"/>
</kw>
<status status="PASS" start="2024-06-02T19:11:26.060989" elapsed="0.127711"/>
</kw>
<doc>Testa se a API responde corretamente e retorna um objeto JSON válido.</doc>
<tag>testeRequisicaoBasica</tag>
<status status="PASS" start="2024-06-02T19:11:26.060445" elapsed="0.128423"/>
</test>
<test id="s1-s1-t3" name="Validar estrutura de resposta" line="22">
<kw name="Teste de Estrutura de Resposta" owner="random-user-service">
<kw name="GET On Session" owner="RequestsLibrary">
<msg time="2024-06-02T19:11:26.291112" level="INFO">GET Request : url=https://randomuser.me/api 
 path_url=/api 
 headers={'User-Agent': 'python-requests/2.32.3', 'Accept-Encoding': 'gzip, deflate', 'Accept': '*/*', 'Connection': 'keep-alive'} 
 body=None 
 </msg>
<msg time="2024-06-02T19:11:26.291190" level="INFO">GET Response : url=https://randomuser.me/api 
 status=200, reason=OK 
 headers={'Date': 'Sun, 02 Jun 2024 19:11:26 GMT', 'Content-Type': 'application/json; charset=utf-8', 'Transfer-Encoding': 'chunked', 'Connection': 'keep-alive', 'X-Powered-By': 'Express', 'Access-Control-Allow-Origin': '*', 'Cache-Control': 'no-cache', 'ETag': 'W/"49c-kZwB7plvoVwiNTeTH0DCzThRlCk"', 'Vary': 'Accept-Encoding', 'Content-Encoding': 'gzip', 'CF-Cache-Status': 'DYNAMIC', 'Report-To': '{"endpoints":[{"url":"https:\\/\\/a.nel.cloudflare.com\\/report\\/v4?s=ZyDXJCrs7Mz0eMhg2lyQBxbGtAk0Kqd%2BRX%2FJJ2Pw35%2B37q5b2M3TSr0CtN%2Fn1tZuyfIv2sFVo6rJdgnrnTHAkrjbTtKPjJTFVnaMuvkXGnDJdz9W0V3vtOqSJTiu6FkF"}],"group":"cf-nel","max_age":604800}', 'NEL': '{"success_fraction":0,"report_to":"cf-nel","max_age":604800}', 'Server': 'cloudflare', 'CF-RAY': '88d9bfccbd8b15ea-SJC', 'alt-svc': 'h3=":443"; ma=86400'} 
 body={"results":[{"gender":"male","name":{"title":"Mr","first":"Vinesh","last":"Niehof"},"location":{"street":{"number":3812,"name":"De Konnighstraat"},"city":"Maasdijk","state":"Zeeland","country":"Netherlands","postcode":"5959 WI","coordinates":{"latitude":"33.3515","longitude":"-108.2153"},"timezone":{"offset":"+8:00","description":"Beijing, Perth, Singapore, Hong Kong"}},"email":"vinesh.niehof@example.com","login":{"uuid":"e8d658dc-f879-4b81-bf51-cc76543bd20c","username":"goldenbutterfly824","password":"zaqwsx","salt":"7ICJSGhm","md5":"386f9d1edd08f4695852cdf73258c8f5","sha1":"e97199d1f012f1bdfc08ca78c10d7b4fef5a1cda","sha256":"100df75a7429881be1b28b31753c7f3c100e9b75965eb2634711478048d24d40"},"dob":{"date":"1989-12-18T16:04:18.270Z","age":34},"registered":{"date":"2011-05-01T11:49:50.886Z","age":13},"phone":"(0270) 684403","cell":"(06) 99832232","id":{"name":"BSN","value":"80313046"},"picture":{"large":"https://randomuser.me/api/portraits/men/38.jpg","medium":"https://randomuser.me/api/portraits/med/men/38.jpg","thumbnail":"https://randomuser.me/api/portraits/thumb/men/38.jpg"},"nat":"NL"}],"info":{"seed":"3c6f90a9b4ae183f","results":1,"page":1,"version":"1.4"}} 
 </msg>
<msg time="2024-06-02T19:11:26.291301" level="INFO">/opt/hostedtoolcache/Python/3.12.3/x64/lib/python3.12/site-packages/urllib3/connectionpool.py:1103: InsecureRequestWarning: Unverified HTTPS request is being made to host 'randomuser.me'. Adding certificate verification is strongly advised. See: https://urllib3.readthedocs.io/en/latest/advanced-usage.html#tls-warnings
  warnings.warn(</msg>
<msg time="2024-06-02T19:11:26.291433" level="INFO">${response} = &lt;Response [200]&gt;</msg>
<var>${response}</var>
<arg>consultarAPI</arg>
<arg>/api</arg>
<doc>Sends a GET request on a previously created HTTP Session.</doc>
<status status="PASS" start="2024-06-02T19:11:26.191455" elapsed="0.100040"/>
</kw>
<kw name="Set Variable" owner="BuiltIn">
<msg time="2024-06-02T19:11:26.292498" level="INFO">${json_data} = {'results': [{'gender': 'male', 'name': {'title': 'Mr', 'first': 'Vinesh', 'last': 'Niehof'}, 'location': {'street': {'number': 3812, 'name': 'De Konnighstraat'}, 'city': 'Maasdijk', 'state': 'Zeeland...</msg>
<var>${json_data}</var>
<arg>${response.json()}</arg>
<doc>Returns the given values which can then be assigned to a variables.</doc>
<status status="PASS" start="2024-06-02T19:11:26.291961" elapsed="0.000566"/>
</kw>
<kw name="Log" owner="BuiltIn">
<msg time="2024-06-02T19:11:26.292992" level="INFO">{'results': [{'gender': 'male', 'name': {'title': 'Mr', 'first': 'Vinesh', 'last': 'Niehof'}, 'location': {'street': {'number': 3812, 'name': 'De Konnighstraat'}, 'city': 'Maasdijk', 'state': 'Zeeland', 'country': 'Netherlands', 'postcode': '5959 WI', 'coordinates': {'latitude': '33.3515', 'longitude': '-108.2153'}, 'timezone': {'offset': '+8:00', 'description': 'Beijing, Perth, Singapore, Hong Kong'}}, 'email': 'vinesh.niehof@example.com', 'login': {'uuid': 'e8d658dc-f879-4b81-bf51-cc76543bd20c', 'username': 'goldenbutterfly824', 'password': 'zaqwsx', 'salt': '7ICJSGhm', 'md5': '386f9d1edd08f4695852cdf73258c8f5', 'sha1': 'e97199d1f012f1bdfc08ca78c10d7b4fef5a1cda', 'sha256': '100df75a7429881be1b28b31753c7f3c100e9b75965eb2634711478048d24d40'}, 'dob': {'date': '1989-12-18T16:04:18.270Z', 'age': 34}, 'registered': {'date': '2011-05-01T11:49:50.886Z', 'age': 13}, 'phone': '(0270) 684403', 'cell': '(06) 99832232', 'id': {'name': 'BSN', 'value': '80313046'}, 'picture': {'large': 'https://randomuser.me/api/portraits/men/38.jpg', 'medium': 'https://randomuser.me/api/portraits/med/men/38.jpg', 'thumbnail': 'https://randomuser.me/api/portraits/thumb/men/38.jpg'}, 'nat': 'NL'}], 'info': {'seed': '3c6f90a9b4ae183f', 'results': 1, 'page': 1, 'version': '1.4'}}</msg>
<arg>${json_data}</arg>
<doc>Logs the given message with the given level.</doc>
<status status="PASS" start="2024-06-02T19:11:26.292839" elapsed="0.000200"/>
</kw>
<kw name="Dictionary Should Contain Key" owner="Collections">
<msg time="2024-06-02T19:11:26.293594" level="INFO">False</msg>
<arg>${json_data}</arg>
<arg>results</arg>
<doc>Fails if ``key`` is not found from ``dictionary``.</doc>
<status status="PASS" start="2024-06-02T19:11:26.293376" elapsed="0.000273"/>
</kw>
<kw name="Should Not Be Empty" owner="BuiltIn">
<msg time="2024-06-02T19:11:26.294105" level="INFO">Length is 2.</msg>
<arg>${json_data}</arg>
<doc>Verifies that the given item is not empty.</doc>
<status status="PASS" start="2024-06-02T19:11:26.293972" elapsed="0.000172"/>
</kw>
<kw name="Create List" owner="BuiltIn">
<msg time="2024-06-02T19:11:26.294581" level="INFO">${expected_keys} = ['gender', 'name', 'location', 'email', 'login']</msg>
<var>${expected_keys}</var>
<arg>gender</arg>
<arg>name</arg>
<arg>location</arg>
<arg>email</arg>
<arg>login</arg>
<doc>Returns a list containing given items.</doc>
<status status="PASS" start="2024-06-02T19:11:26.294435" elapsed="0.000171"/>
</kw>
<for flavor="IN">
<iter>
<kw name="Dictionary Should Contain Key" owner="Collections">
<msg time="2024-06-02T19:11:26.295556" level="INFO">False</msg>
<arg>${json_data['results'][0]}</arg>
<arg>${key}</arg>
<doc>Fails if ``key`` is not found from ``dictionary``.</doc>
<status status="PASS" start="2024-06-02T19:11:26.295151" elapsed="0.000448"/>
</kw>
<kw name="Log" owner="BuiltIn">
<msg time="2024-06-02T19:11:26.296314" level="INFO">{'gender': 'male', 'name': {'title': 'Mr', 'first': 'Vinesh', 'last': 'Niehof'}, 'location': {'street': {'number': 3812, 'name': 'De Konnighstraat'}, 'city': 'Maasdijk', 'state': 'Zeeland', 'country': 'Netherlands', 'postcode': '5959 WI', 'coordinates': {'latitude': '33.3515', 'longitude': '-108.2153'}, 'timezone': {'offset': '+8:00', 'description': 'Beijing, Perth, Singapore, Hong Kong'}}, 'email': 'vinesh.niehof@example.com', 'login': {'uuid': 'e8d658dc-f879-4b81-bf51-cc76543bd20c', 'username': 'goldenbutterfly824', 'password': 'zaqwsx', 'salt': '7ICJSGhm', 'md5': '386f9d1edd08f4695852cdf73258c8f5', 'sha1': 'e97199d1f012f1bdfc08ca78c10d7b4fef5a1cda', 'sha256': '100df75a7429881be1b28b31753c7f3c100e9b75965eb2634711478048d24d40'}, 'dob': {'date': '1989-12-18T16:04:18.270Z', 'age': 34}, 'registered': {'date': '2011-05-01T11:49:50.886Z', 'age': 13}, 'phone': '(0270) 684403', 'cell': '(06) 99832232', 'id': {'name': 'BSN', 'value': '80313046'}, 'picture': {'large': 'https://randomuser.me/api/portraits/men/38.jpg', 'medium': 'https://randomuser.me/api/portraits/med/men/38.jpg', 'thumbnail': 'https://randomuser.me/api/portraits/thumb/men/38.jpg'}, 'nat': 'NL'}</msg>
<arg>${json_data['results'][0]}</arg>
<doc>Logs the given message with the given level.</doc>
<status status="PASS" start="2024-06-02T19:11:26.295931" elapsed="0.000433"/>
</kw>
<kw name="Log" owner="BuiltIn">
<msg time="2024-06-02T19:11:26.296801" level="INFO">gender</msg>
<arg>${key}</arg>
<doc>Logs the given message with the given level.</doc>
<status status="PASS" start="2024-06-02T19:11:26.296669" elapsed="0.000171"/>
</kw>
<var name="${key}">gender</var>
<status status="PASS" start="2024-06-02T19:11:26.295030" elapsed="0.002029"/>
</iter>
<iter>
<kw name="Dictionary Should Contain Key" owner="Collections">
<msg time="2024-06-02T19:11:26.297743" level="INFO">False</msg>
<arg>${json_data['results'][0]}</arg>
<arg>${key}</arg>
<doc>Fails if ``key`` is not found from ``dictionary``.</doc>
<status status="PASS" start="2024-06-02T19:11:26.297359" elapsed="0.000422"/>
</kw>
<kw name="Log" owner="BuiltIn">
<msg time="2024-06-02T19:11:26.298462" level="INFO">{'gender': 'male', 'name': {'title': 'Mr', 'first': 'Vinesh', 'last': 'Niehof'}, 'location': {'street': {'number': 3812, 'name': 'De Konnighstraat'}, 'city': 'Maasdijk', 'state': 'Zeeland', 'country': 'Netherlands', 'postcode': '5959 WI', 'coordinates': {'latitude': '33.3515', 'longitude': '-108.2153'}, 'timezone': {'offset': '+8:00', 'description': 'Beijing, Perth, Singapore, Hong Kong'}}, 'email': 'vinesh.niehof@example.com', 'login': {'uuid': 'e8d658dc-f879-4b81-bf51-cc76543bd20c', 'username': 'goldenbutterfly824', 'password': 'zaqwsx', 'salt': '7ICJSGhm', 'md5': '386f9d1edd08f4695852cdf73258c8f5', 'sha1': 'e97199d1f012f1bdfc08ca78c10d7b4fef5a1cda', 'sha256': '100df75a7429881be1b28b31753c7f3c100e9b75965eb2634711478048d24d40'}, 'dob': {'date': '1989-12-18T16:04:18.270Z', 'age': 34}, 'registered': {'date': '2011-05-01T11:49:50.886Z', 'age': 13}, 'phone': '(0270) 684403', 'cell': '(06) 99832232', 'id': {'name': 'BSN', 'value': '80313046'}, 'picture': {'large': 'https://randomuser.me/api/portraits/men/38.jpg', 'medium': 'https://randomuser.me/api/portraits/med/men/38.jpg', 'thumbnail': 'https://randomuser.me/api/portraits/thumb/men/38.jpg'}, 'nat': 'NL'}</msg>
<arg>${json_data['results'][0]}</arg>
<doc>Logs the given message with the given level.</doc>
<status status="PASS" start="2024-06-02T19:11:26.298102" elapsed="0.000410"/>
</kw>
<kw name="Log" owner="BuiltIn">
<msg time="2024-06-02T19:11:26.298939" level="INFO">name</msg>
<arg>${key}</arg>
<doc>Logs the given message with the given level.</doc>
<status status="PASS" start="2024-06-02T19:11:26.298810" elapsed="0.000167"/>
</kw>
<var name="${key}">name</var>
<status status="PASS" start="2024-06-02T19:11:26.297244" elapsed="0.001953"/>
</iter>
<iter>
<kw name="Dictionary Should Contain Key" owner="Collections">
<msg time="2024-06-02T19:11:26.299869" level="INFO">False</msg>
<arg>${json_data['results'][0]}</arg>
<arg>${key}</arg>
<doc>Fails if ``key`` is not found from ``dictionary``.</doc>
<status status="PASS" start="2024-06-02T19:11:26.299490" elapsed="0.000447"/>
</kw>
<kw name="Log" owner="BuiltIn">
<msg time="2024-06-02T19:11:26.300623" level="INFO">{'gender': 'male', 'name': {'title': 'Mr', 'first': 'Vinesh', 'last': 'Niehof'}, 'location': {'street': {'number': 3812, 'name': 'De Konnighstraat'}, 'city': 'Maasdijk', 'state': 'Zeeland', 'country': 'Netherlands', 'postcode': '5959 WI', 'coordinates': {'latitude': '33.3515', 'longitude': '-108.2153'}, 'timezone': {'offset': '+8:00', 'description': 'Beijing, Perth, Singapore, Hong Kong'}}, 'email': 'vinesh.niehof@example.com', 'login': {'uuid': 'e8d658dc-f879-4b81-bf51-cc76543bd20c', 'username': 'goldenbutterfly824', 'password': 'zaqwsx', 'salt': '7ICJSGhm', 'md5': '386f9d1edd08f4695852cdf73258c8f5', 'sha1': 'e97199d1f012f1bdfc08ca78c10d7b4fef5a1cda', 'sha256': '100df75a7429881be1b28b31753c7f3c100e9b75965eb2634711478048d24d40'}, 'dob': {'date': '1989-12-18T16:04:18.270Z', 'age': 34}, 'registered': {'date': '2011-05-01T11:49:50.886Z', 'age': 13}, 'phone': '(0270) 684403', 'cell': '(06) 99832232', 'id': {'name': 'BSN', 'value': '80313046'}, 'picture': {'large': 'https://randomuser.me/api/portraits/men/38.jpg', 'medium': 'https://randomuser.me/api/portraits/med/men/38.jpg', 'thumbnail': 'https://randomuser.me/api/portraits/thumb/men/38.jpg'}, 'nat': 'NL'}</msg>
<arg>${json_data['results'][0]}</arg>
<doc>Logs the given message with the given level.</doc>
<status status="PASS" start="2024-06-02T19:11:26.300253" elapsed="0.000419"/>
</kw>
<kw name="Log" owner="BuiltIn">
<msg time="2024-06-02T19:11:26.301101" level="INFO">location</msg>
<arg>${key}</arg>
<doc>Logs the given message with the given level.</doc>
<status status="PASS" start="2024-06-02T19:11:26.300974" elapsed="0.000167"/>
</kw>
<var name="${key}">location</var>
<status status="PASS" start="2024-06-02T19:11:26.299377" elapsed="0.001980"/>
</iter>
<iter>
<kw name="Dictionary Should Contain Key" owner="Collections">
<msg time="2024-06-02T19:11:26.302123" level="INFO">False</msg>
<arg>${json_data['results'][0]}</arg>
<arg>${key}</arg>
<doc>Fails if ``key`` is not found from ``dictionary``.</doc>
<status status="PASS" start="2024-06-02T19:11:26.301643" elapsed="0.000518"/>
</kw>
<kw name="Log" owner="BuiltIn">
<msg time="2024-06-02T19:11:26.302817" level="INFO">{'gender': 'male', 'name': {'title': 'Mr', 'first': 'Vinesh', 'last': 'Niehof'}, 'location': {'street': {'number': 3812, 'name': 'De Konnighstraat'}, 'city': 'Maasdijk', 'state': 'Zeeland', 'country': 'Netherlands', 'postcode': '5959 WI', 'coordinates': {'latitude': '33.3515', 'longitude': '-108.2153'}, 'timezone': {'offset': '+8:00', 'description': 'Beijing, Perth, Singapore, Hong Kong'}}, 'email': 'vinesh.niehof@example.com', 'login': {'uuid': 'e8d658dc-f879-4b81-bf51-cc76543bd20c', 'username': 'goldenbutterfly824', 'password': 'zaqwsx', 'salt': '7ICJSGhm', 'md5': '386f9d1edd08f4695852cdf73258c8f5', 'sha1': 'e97199d1f012f1bdfc08ca78c10d7b4fef5a1cda', 'sha256': '100df75a7429881be1b28b31753c7f3c100e9b75965eb2634711478048d24d40'}, 'dob': {'date': '1989-12-18T16:04:18.270Z', 'age': 34}, 'registered': {'date': '2011-05-01T11:49:50.886Z', 'age': 13}, 'phone': '(0270) 684403', 'cell': '(06) 99832232', 'id': {'name': 'BSN', 'value': '80313046'}, 'picture': {'large': 'https://randomuser.me/api/portraits/men/38.jpg', 'medium': 'https://randomuser.me/api/portraits/med/men/38.jpg', 'thumbnail': 'https://randomuser.me/api/portraits/thumb/men/38.jpg'}, 'nat': 'NL'}</msg>
<arg>${json_data['results'][0]}</arg>
<doc>Logs the given message with the given level.</doc>
<status status="PASS" start="2024-06-02T19:11:26.302460" elapsed="0.000404"/>
</kw>
<kw name="Log" owner="BuiltIn">
<msg time="2024-06-02T19:11:26.303289" level="INFO">email</msg>
<arg>${key}</arg>
<doc>Logs the given message with the given level.</doc>
<status status="PASS" start="2024-06-02T19:11:26.303161" elapsed="0.000167"/>
</kw>
<var name="${key}">email</var>
<status status="PASS" start="2024-06-02T19:11:26.301532" elapsed="0.002012"/>
</iter>
<iter>
<kw name="Dictionary Should Contain Key" owner="Collections">
<msg time="2024-06-02T19:11:26.304246" level="INFO">False</msg>
<arg>${json_data['results'][0]}</arg>
<arg>${key}</arg>
<doc>Fails if ``key`` is not found from ``dictionary``.</doc>
<status status="PASS" start="2024-06-02T19:11:26.303832" elapsed="0.000452"/>
</kw>
<kw name="Log" owner="BuiltIn">
<msg time="2024-06-02T19:11:26.304942" level="INFO">{'gender': 'male', 'name': {'title': 'Mr', 'first': 'Vinesh', 'last': 'Niehof'}, 'location': {'street': {'number': 3812, 'name': 'De Konnighstraat'}, 'city': 'Maasdijk', 'state': 'Zeeland', 'country': 'Netherlands', 'postcode': '5959 WI', 'coordinates': {'latitude': '33.3515', 'longitude': '-108.2153'}, 'timezone': {'offset': '+8:00', 'description': 'Beijing, Perth, Singapore, Hong Kong'}}, 'email': 'vinesh.niehof@example.com', 'login': {'uuid': 'e8d658dc-f879-4b81-bf51-cc76543bd20c', 'username': 'goldenbutterfly824', 'password': 'zaqwsx', 'salt': '7ICJSGhm', 'md5': '386f9d1edd08f4695852cdf73258c8f5', 'sha1': 'e97199d1f012f1bdfc08ca78c10d7b4fef5a1cda', 'sha256': '100df75a7429881be1b28b31753c7f3c100e9b75965eb2634711478048d24d40'}, 'dob': {'date': '1989-12-18T16:04:18.270Z', 'age': 34}, 'registered': {'date': '2011-05-01T11:49:50.886Z', 'age': 13}, 'phone': '(0270) 684403', 'cell': '(06) 99832232', 'id': {'name': 'BSN', 'value': '80313046'}, 'picture': {'large': 'https://randomuser.me/api/portraits/men/38.jpg', 'medium': 'https://randomuser.me/api/portraits/med/men/38.jpg', 'thumbnail': 'https://randomuser.me/api/portraits/thumb/men/38.jpg'}, 'nat': 'NL'}</msg>
<arg>${json_data['results'][0]}</arg>
<doc>Logs the given message with the given level.</doc>
<status status="PASS" start="2024-06-02T19:11:26.304583" elapsed="0.000408"/>
</kw>
<kw name="Log" owner="BuiltIn">
<msg time="2024-06-02T19:11:26.305411" level="INFO">login</msg>
<arg>${key}</arg>
<doc>Logs the given message with the given level.</doc>
<status status="PASS" start="2024-06-02T19:11:26.305284" elapsed="0.000164"/>
</kw>
<var name="${key}">login</var>
<status status="PASS" start="2024-06-02T19:11:26.303720" elapsed="0.001968"/>
</iter>
<var>${key}</var>
<value>@{expected_keys}</value>
<status status="PASS" start="2024-06-02T19:11:26.294857" elapsed="0.010959"/>
</for>
<kw name="Create List" owner="BuiltIn">
<msg time="2024-06-02T19:11:26.306149" level="INFO">${expected_keysTwo} = ['username', 'password']</msg>
<var>${expected_keysTwo}</var>
<arg>username</arg>
<arg>password</arg>
<doc>Returns a list containing given items.</doc>
<status status="PASS" start="2024-06-02T19:11:26.306012" elapsed="0.000161"/>
</kw>
<for flavor="IN">
<iter>
<kw name="Dictionary Should Contain Key" owner="Collections">
<msg time="2024-06-02T19:11:26.307053" level="INFO">False</msg>
<arg>${json_data['results'][0]['login']}</arg>
<arg>${keyTwo}</arg>
<doc>Fails if ``key`` is not found from ``dictionary``.</doc>
<status status="PASS" start="2024-06-02T19:11:26.306671" elapsed="0.000420"/>
</kw>
<kw name="Dictionary Should Contain Key" owner="Collections">
<msg time="2024-06-02T19:11:26.307764" level="INFO">False</msg>
<arg>${json_data['results'][0]['login']}</arg>
<arg>${keyTwo}</arg>
<doc>Fails if ``key`` is not found from ``dictionary``.</doc>
<status status="PASS" start="2024-06-02T19:11:26.307387" elapsed="0.000414"/>
</kw>
<kw name="Log" owner="BuiltIn">
<msg time="2024-06-02T19:11:26.308252" level="INFO">username</msg>
<arg>${keyTwo}</arg>
<doc>Logs the given message with the given level.</doc>
<status status="PASS" start="2024-06-02T19:11:26.308124" elapsed="0.000166"/>
</kw>
<var name="${keyTwo}">username</var>
<status status="PASS" start="2024-06-02T19:11:26.306563" elapsed="0.001945"/>
</iter>
<iter>
<kw name="Dictionary Should Contain Key" owner="Collections">
<msg time="2024-06-02T19:11:26.309167" level="INFO">False</msg>
<arg>${json_data['results'][0]['login']}</arg>
<arg>${keyTwo}</arg>
<doc>Fails if ``key`` is not found from ``dictionary``.</doc>
<status status="PASS" start="2024-06-02T19:11:26.308791" elapsed="0.000414"/>
</kw>
<kw name="Dictionary Should Contain Key" owner="Collections">
<msg time="2024-06-02T19:11:26.309872" level="INFO">False</msg>
<arg>${json_data['results'][0]['login']}</arg>
<arg>${keyTwo}</arg>
<doc>Fails if ``key`` is not found from ``dictionary``.</doc>
<status status="PASS" start="2024-06-02T19:11:26.309498" elapsed="0.000412"/>
</kw>
<kw name="Log" owner="BuiltIn">
<msg time="2024-06-02T19:11:26.310335" level="INFO">password</msg>
<arg>${keyTwo}</arg>
<doc>Logs the given message with the given level.</doc>
<status status="PASS" start="2024-06-02T19:11:26.310203" elapsed="0.000171"/>
</kw>
<var name="${keyTwo}">password</var>
<status status="PASS" start="2024-06-02T19:11:26.308680" elapsed="0.001910"/>
</iter>
<var>${keyTwo}</var>
<value>@{expected_keysTwo}</value>
<status status="PASS" start="2024-06-02T19:11:26.306413" elapsed="0.004297"/>
</for>
<status status="PASS" start="2024-06-02T19:11:26.191223" elapsed="0.119623"/>
</kw>
<doc>Testa a estrutura da resposta da API.</doc>
<tag>testeEstruturaResposta</tag>
<status status="PASS" start="2024-06-02T19:11:26.190642" elapsed="0.120351"/>
</test>
<test id="s1-s1-t4" name="Validar tipos de dados" line="28">
<kw name="Teste de Tipos de Dados" owner="random-user-service">
<kw name="GET On Session" owner="RequestsLibrary">
<msg time="2024-06-02T19:11:26.727093" level="INFO">GET Request : url=https://randomuser.me/api 
 path_url=/api 
 headers={'User-Agent': 'python-requests/2.32.3', 'Accept-Encoding': 'gzip, deflate', 'Accept': '*/*', 'Connection': 'keep-alive'} 
 body=None 
 </msg>
<msg time="2024-06-02T19:11:26.727177" level="INFO">GET Response : url=https://randomuser.me/api 
 status=200, reason=OK 
 headers={'Date': 'Sun, 02 Jun 2024 19:11:26 GMT', 'Content-Type': 'application/json; charset=utf-8', 'Transfer-Encoding': 'chunked', 'Connection': 'keep-alive', 'X-Powered-By': 'Express', 'Access-Control-Allow-Origin': '*', 'Cache-Control': 'no-cache', 'ETag': 'W/"48e-1PlCu/qe05F4vqM+bEBH+fE5vpM"', 'Vary': 'Accept-Encoding', 'Content-Encoding': 'gzip', 'CF-Cache-Status': 'DYNAMIC', 'Report-To': '{"endpoints":[{"url":"https:\\/\\/a.nel.cloudflare.com\\/report\\/v4?s=3S8hYlRGiUTdANWlwFys1UBWFs6m9kyt9vUNky%2BL%2FODlvDMZdXyUCXBkbrXpC9SrdS78RLQKWFhz2wSyoe9o%2FfYsUKL0nVXhHT6gdLJMe8oVZZ0WRAE3kCJ0h83xDeX9"}],"group":"cf-nel","max_age":604800}', 'NEL': '{"success_fraction":0,"report_to":"cf-nel","max_age":604800}', 'Server': 'cloudflare', 'CF-RAY': '88d9bfcd7e1615ea-SJC', 'alt-svc': 'h3=":443"; ma=86400'} 
 body={"results":[{"gender":"male","name":{"title":"Mr","first":"Alberto","last":"Téllez"},"location":{"street":{"number":4007,"name":"Callejón Sur Vaca"},"city":"San Rafael","state":"Ciudad de Mexico","country":"Mexico","postcode":89969,"coordinates":{"latitude":"21.9022","longitude":"-5.3715"},"timezone":{"offset":"-2:00","description":"Mid-Atlantic"}},"email":"alberto.tellez@example.com","login":{"uuid":"0d564c3e-874d-463b-a9dd-62604aee7276","username":"ticklishswan456","password":"meatloaf","salt":"FDr2zoRA","md5":"3797d6052d310d1a9df4d81107ed5fa4","sha1":"c1e9d529b985bab09d36bd9f7d1e18faa5dd53cb","sha256":"4085b24f3d4808b49657ddca37ff91713a3069b038a339d9f708e437024c9de5"},"dob":{"date":"1953-09-17T08:40:31.180Z","age":70},"registered":{"date":"2010-08-27T15:38:39.831Z","age":13},"phone":"(626) 894 1445","cell":"(665) 783 7628","id":{"name":"NSS","value":"16 45 05 3317 5"},"picture":{"large":"https://randomuser.me/api/portraits/men/5.jpg","medium":"https://randomuser.me/api/portraits/med/men/5.jpg","thumbnail":"https://randomuser.me/api/portraits/thumb/men/5.jpg"},"nat":"MX"}],"info":{"seed":"73b9686de3cdeaf2","results":1,"page":1,"version":"1.4"}} 
 </msg>
<msg time="2024-06-02T19:11:26.727251" level="INFO">/opt/hostedtoolcache/Python/3.12.3/x64/lib/python3.12/site-packages/urllib3/connectionpool.py:1103: InsecureRequestWarning: Unverified HTTPS request is being made to host 'randomuser.me'. Adding certificate verification is strongly advised. See: https://urllib3.readthedocs.io/en/latest/advanced-usage.html#tls-warnings
  warnings.warn(</msg>
<msg time="2024-06-02T19:11:26.727356" level="INFO">${response} = &lt;Response [200]&gt;</msg>
<var>${response}</var>
<arg>consultarAPI</arg>
<arg>/api</arg>
<doc>Sends a GET request on a previously created HTTP Session.</doc>
<status status="PASS" start="2024-06-02T19:11:26.313517" elapsed="0.413880"/>
</kw>
<kw name="Set Variable" owner="BuiltIn">
<msg time="2024-06-02T19:11:26.728434" level="INFO">${json_data} = {'results': [{'gender': 'male', 'name': {'title': 'Mr', 'first': 'Alberto', 'last': 'Téllez'}, 'location': {'street': {'number': 4007, 'name': 'Callejón Sur Vaca'}, 'city': 'San Rafael', 'state': 'Ciu...</msg>
<var>${json_data}</var>
<arg>${response.json()}</arg>
<doc>Returns the given values which can then be assigned to a variables.</doc>
<status status="PASS" start="2024-06-02T19:11:26.727851" elapsed="0.000613"/>
</kw>
<kw name="Log" owner="BuiltIn">
<msg time="2024-06-02T19:11:26.728925" level="INFO">{'results': [{'gender': 'male', 'name': {'title': 'Mr', 'first': 'Alberto', 'last': 'Téllez'}, 'location': {'street': {'number': 4007, 'name': 'Callejón Sur Vaca'}, 'city': 'San Rafael', 'state': 'Ciudad de Mexico', 'country': 'Mexico', 'postcode': 89969, 'coordinates': {'latitude': '21.9022', 'longitude': '-5.3715'}, 'timezone': {'offset': '-2:00', 'description': 'Mid-Atlantic'}}, 'email': 'alberto.tellez@example.com', 'login': {'uuid': '0d564c3e-874d-463b-a9dd-62604aee7276', 'username': 'ticklishswan456', 'password': 'meatloaf', 'salt': 'FDr2zoRA', 'md5': '3797d6052d310d1a9df4d81107ed5fa4', 'sha1': 'c1e9d529b985bab09d36bd9f7d1e18faa5dd53cb', 'sha256': '4085b24f3d4808b49657ddca37ff91713a3069b038a339d9f708e437024c9de5'}, 'dob': {'date': '1953-09-17T08:40:31.180Z', 'age': 70}, 'registered': {'date': '2010-08-27T15:38:39.831Z', 'age': 13}, 'phone': '(626) 894 1445', 'cell': '(665) 783 7628', 'id': {'name': 'NSS', 'value': '16 45 05 3317 5'}, 'picture': {'large': 'https://randomuser.me/api/portraits/men/5.jpg', 'medium': 'https://randomuser.me/api/portraits/med/men/5.jpg', 'thumbnail': 'https://randomuser.me/api/portraits/thumb/men/5.jpg'}, 'nat': 'MX'}], 'info': {'seed': '73b9686de3cdeaf2', 'results': 1, 'page': 1, 'version': '1.4'}}</msg>
<arg>${json_data}</arg>
<doc>Logs the given message with the given level.</doc>
<status status="PASS" start="2024-06-02T19:11:26.728771" elapsed="0.000235"/>
</kw>
<kw name="Should Be String" owner="String">
<arg>${json_data['results'][0]['gender']}</arg>
<doc>Fails if the given ``item`` is not a string.</doc>
<status status="PASS" start="2024-06-02T19:11:26.729309" elapsed="0.000363"/>
</kw>
<kw name="Should Match Regexp" owner="BuiltIn">
<arg>${json_data['results'][0]['email']}</arg>
<arg>^[a-zA-Z0-9._%+-]+@[a-zA-Z0-9.-]+\.[a-zA-Z]{2,}$</arg>
<doc>Fails if ``string`` does not match ``pattern`` as a regular expression.</doc>
<status status="PASS" start="2024-06-02T19:11:26.729863" elapsed="0.000603"/>
</kw>
<kw name="Should Match Regexp" owner="BuiltIn">
<arg>${json_data['results'][0]['dob']['date']}</arg>
<arg>\\d{4}-\\d{2}-\\d{2}T\\d{2}:\\d{2}:\\d{2}\\.\\d{3}Z</arg>
<doc>Fails if ``string`` does not match ``pattern`` as a regular expression.</doc>
<status status="PASS" start="2024-06-02T19:11:26.730664" elapsed="0.000478"/>
</kw>
<kw name="Should Match Regexp" owner="BuiltIn">
<arg>${json_data['results'][0]['registered']['date']}</arg>
<arg>\\d{4}-\\d{2}-\\d{2}T\\d{2}:\\d{2}:\\d{2}\\.\\d{3}Z</arg>
<doc>Fails if ``string`` does not match ``pattern`` as a regular expression.</doc>
<status status="PASS" start="2024-06-02T19:11:26.731334" elapsed="0.000358"/>
</kw>
<kw name="Should Match Regexp" owner="BuiltIn">
<arg>${json_data['results'][0]['picture']['large']}</arg>
<arg>^https?://.*\.(?:png|jpe?g|gif|bmp)$</arg>
<doc>Fails if ``string`` does not match ``pattern`` as a regular expression.</doc>
<status status="PASS" start="2024-06-02T19:11:26.731880" elapsed="0.000493"/>
</kw>
<kw name="Should Match Regexp" owner="BuiltIn">
<arg>${json_data['results'][0]['picture']['medium']}</arg>
<arg>^https?://.*\.(?:png|jpe?g|gif|bmp)$</arg>
<doc>Fails if ``string`` does not match ``pattern`` as a regular expression.</doc>
<status status="PASS" start="2024-06-02T19:11:26.732561" elapsed="0.000346"/>
</kw>
<kw name="Should Match Regexp" owner="BuiltIn">
<arg>${json_data['results'][0]['picture']['thumbnail']}</arg>
<arg>^https?://.*\.(?:png|jpe?g|gif|bmp)$</arg>
<doc>Fails if ``string`` does not match ``pattern`` as a regular expression.</doc>
<status status="PASS" start="2024-06-02T19:11:26.733093" elapsed="0.000342"/>
</kw>
<kw name="Log" owner="BuiltIn">
<msg time="2024-06-02T19:11:26.733929" level="INFO">{'large': 'https://randomuser.me/api/portraits/men/5.jpg', 'medium': 'https://randomuser.me/api/portraits/med/men/5.jpg', 'thumbnail': 'https://randomuser.me/api/portraits/thumb/men/5.jpg'}</msg>
<arg>${json_data['results'][0]['picture']}</arg>
<doc>Logs the given message with the given level.</doc>
<status status="PASS" start="2024-06-02T19:11:26.733614" elapsed="0.000355"/>
</kw>
<status status="PASS" start="2024-06-02T19:11:26.313288" elapsed="0.420933"/>
</kw>
<kw name="Teste de Tipos de Dados - Postcode" owner="random-user-service">
<kw name="GET On Session" owner="RequestsLibrary">
<msg time="2024-06-02T19:11:26.871329" level="INFO">GET Request : url=https://randomuser.me/api 
 path_url=/api 
 headers={'User-Agent': 'python-requests/2.32.3', 'Accept-Encoding': 'gzip, deflate', 'Accept': '*/*', 'Connection': 'keep-alive'} 
 body=None 
 </msg>
<msg time="2024-06-02T19:11:26.871411" level="INFO">GET Response : url=https://randomuser.me/api 
 status=200, reason=OK 
 headers={'Date': 'Sun, 02 Jun 2024 19:11:26 GMT', 'Content-Type': 'application/json; charset=utf-8', 'Transfer-Encoding': 'chunked', 'Connection': 'keep-alive', 'X-Powered-By': 'Express', 'Access-Control-Allow-Origin': '*', 'Cache-Control': 'no-cache', 'ETag': 'W/"49a-IHChz4TOIjyoJ/o08Rd4+rCvk2w"', 'Vary': 'Accept-Encoding', 'Content-Encoding': 'gzip', 'CF-Cache-Status': 'DYNAMIC', 'Report-To': '{"endpoints":[{"url":"https:\\/\\/a.nel.cloudflare.com\\/report\\/v4?s=N3gph3zgTi3JIdaHjjPJ%2BZKZU6mUWn6zZIzGjO0Fa9sKYZvjGZbEq%2Fe84b6Ib559Ofqkz3QyrvRqpSlyf5Lc8pcVwcI8eJK1bpLbW%2FGTj2jsvF3ToVXkH1ddrx9ECAPm"}],"group":"cf-nel","max_age":604800}', 'NEL': '{"success_fraction":0,"report_to":"cf-nel","max_age":604800}', 'Server': 'cloudflare', 'CF-RAY': '88d9bfd0185a15ea-SJC', 'alt-svc': 'h3=":443"; ma=86400'} 
 body={"results":[{"gender":"female","name":{"title":"Madame","first":"Nadia","last":"Lopez"},"location":{"street":{"number":317,"name":"Rue de L'Abbaye"},"city":"Luterbach","state":"Neuchâtel","country":"Switzerland","postcode":1287,"coordinates":{"latitude":"-60.1453","longitude":"110.5074"},"timezone":{"offset":"+2:00","description":"Kaliningrad, South Africa"}},"email":"nadia.lopez@example.com","login":{"uuid":"b9d80887-b62f-4586-8a78-5d92ea018e4a","username":"orangefrog856","password":"johnboy","salt":"zj0tIxYP","md5":"84b3d902325dd4ebdf846da72c5c1a89","sha1":"558031d554066ef4b7481980ff90e94be4486bdd","sha256":"0646e45fd5b613308e2a8a40499eb3b3dbcb030cb72f43d278b2517139a18e90"},"dob":{"date":"1977-09-20T13:31:03.564Z","age":46},"registered":{"date":"2005-03-31T22:12:11.794Z","age":19},"phone":"075 582 69 87","cell":"079 701 24 41","id":{"name":"AVS","value":"756.5328.6808.84"},"picture":{"large":"https://randomuser.me/api/portraits/women/85.jpg","medium":"https://randomuser.me/api/portraits/med/women/85.jpg","thumbnail":"https://randomuser.me/api/portraits/thumb/women/85.jpg"},"nat":"CH"}],"info":{"seed":"735fa3beebabf030","results":1,"page":1,"version":"1.4"}} 
 </msg>
<msg time="2024-06-02T19:11:26.871483" level="INFO">/opt/hostedtoolcache/Python/3.12.3/x64/lib/python3.12/site-packages/urllib3/connectionpool.py:1103: InsecureRequestWarning: Unverified HTTPS request is being made to host 'randomuser.me'. Adding certificate verification is strongly advised. See: https://urllib3.readthedocs.io/en/latest/advanced-usage.html#tls-warnings
  warnings.warn(</msg>
<msg time="2024-06-02T19:11:26.871591" level="INFO">${response} = &lt;Response [200]&gt;</msg>
<var>${response}</var>
<arg>consultarAPI</arg>
<arg>/api</arg>
<doc>Sends a GET request on a previously created HTTP Session.</doc>
<status status="PASS" start="2024-06-02T19:11:26.734640" elapsed="0.136991"/>
</kw>
<kw name="Set Variable" owner="BuiltIn">
<msg time="2024-06-02T19:11:26.872665" level="INFO">${json_data} = {'results': [{'gender': 'female', 'name': {'title': 'Madame', 'first': 'Nadia', 'last': 'Lopez'}, 'location': {'street': {'number': 317, 'name': "Rue de L'Abbaye"}, 'city': 'Luterbach', 'state': 'Neuc...</msg>
<var>${json_data}</var>
<arg>${response.json()}</arg>
<doc>Returns the given values which can then be assigned to a variables.</doc>
<status status="PASS" start="2024-06-02T19:11:26.872111" elapsed="0.000583"/>
</kw>
<kw name="Log" owner="BuiltIn">
<msg time="2024-06-02T19:11:26.873157" level="INFO">{'results': [{'gender': 'female', 'name': {'title': 'Madame', 'first': 'Nadia', 'last': 'Lopez'}, 'location': {'street': {'number': 317, 'name': "Rue de L'Abbaye"}, 'city': 'Luterbach', 'state': 'Neuchâtel', 'country': 'Switzerland', 'postcode': 1287, 'coordinates': {'latitude': '-60.1453', 'longitude': '110.5074'}, 'timezone': {'offset': '+2:00', 'description': 'Kaliningrad, South Africa'}}, 'email': 'nadia.lopez@example.com', 'login': {'uuid': 'b9d80887-b62f-4586-8a78-5d92ea018e4a', 'username': 'orangefrog856', 'password': 'johnboy', 'salt': 'zj0tIxYP', 'md5': '84b3d902325dd4ebdf846da72c5c1a89', 'sha1': '558031d554066ef4b7481980ff90e94be4486bdd', 'sha256': '0646e45fd5b613308e2a8a40499eb3b3dbcb030cb72f43d278b2517139a18e90'}, 'dob': {'date': '1977-09-20T13:31:03.564Z', 'age': 46}, 'registered': {'date': '2005-03-31T22:12:11.794Z', 'age': 19}, 'phone': '075 582 69 87', 'cell': '079 701 24 41', 'id': {'name': 'AVS', 'value': '756.5328.6808.84'}, 'picture': {'large': 'https://randomuser.me/api/portraits/women/85.jpg', 'medium': 'https://randomuser.me/api/portraits/med/women/85.jpg', 'thumbnail': 'https://randomuser.me/api/portraits/thumb/women/85.jpg'}, 'nat': 'CH'}], 'info': {'seed': '735fa3beebabf030', 'results': 1, 'page': 1, 'version': '1.4'}}</msg>
<arg>${json_data}</arg>
<doc>Logs the given message with the given level.</doc>
<status status="PASS" start="2024-06-02T19:11:26.873001" elapsed="0.000234"/>
</kw>
<kw name="Should Be Equal As Numbers" owner="BuiltIn">
<arg>${json_data['results'][0]['location']['postcode']}</arg>
<arg>${json_data['results'][0]['location']['postcode']}</arg>
<doc>Fails if objects are unequal after converting them to real numbers.</doc>
<status status="PASS" start="2024-06-02T19:11:26.873534" elapsed="0.000616"/>
</kw>
<kw name="Log" owner="BuiltIn">
<msg time="2024-06-02T19:11:26.874677" level="INFO">1287</msg>
<arg>${json_data['results'][0]['location']['postcode']}</arg>
<doc>Logs the given message with the given level.</doc>
<status status="PASS" start="2024-06-02T19:11:26.874344" elapsed="0.000375"/>
</kw>
<status status="PASS" start="2024-06-02T19:11:26.734427" elapsed="0.140541"/>
</kw>
<doc>Testa se os tipos de dados na resposta da API estão corretos.</doc>
<tag>testeTiposDados</tag>
<status status="PASS" start="2024-06-02T19:11:26.312773" elapsed="0.562351"/>
</test>
<test id="s1-s1-t5" name="Validar conteudo" line="35">
<kw name="Teste de Tipos de Conteudo" owner="random-user-service">
<kw name="GET On Session" owner="RequestsLibrary">
<msg time="2024-06-02T19:11:26.962726" level="INFO">GET Request : url=https://randomuser.me/api 
 path_url=/api 
 headers={'User-Agent': 'python-requests/2.32.3', 'Accept-Encoding': 'gzip, deflate', 'Accept': '*/*', 'Connection': 'keep-alive'} 
 body=None 
 </msg>
<msg time="2024-06-02T19:11:26.962791" level="INFO">GET Response : url=https://randomuser.me/api 
 status=200, reason=OK 
 headers={'Date': 'Sun, 02 Jun 2024 19:11:26 GMT', 'Content-Type': 'application/json; charset=utf-8', 'Transfer-Encoding': 'chunked', 'Connection': 'keep-alive', 'X-Powered-By': 'Express', 'Access-Control-Allow-Origin': '*', 'Cache-Control': 'no-cache', 'ETag': 'W/"489-8X37JxyOs+EmLvAk3HEi+hR1hcg"', 'Vary': 'Accept-Encoding', 'Content-Encoding': 'gzip', 'CF-Cache-Status': 'DYNAMIC', 'Report-To': '{"endpoints":[{"url":"https:\\/\\/a.nel.cloudflare.com\\/report\\/v4?s=eHkV5W%2Frp0ChO9trPlROPYpNdiSo7WricJz6is0TKvxFC2htmLiPf2Jsd1RCGisOtrtoyOVHMfyUhXfvzXnDCBBxichw12lVaYe1rytTDYGZuGnLUW90aWgemkXgDSQY"}],"group":"cf-nel","max_age":604800}', 'NEL': '{"success_fraction":0,"report_to":"cf-nel","max_age":604800}', 'Server': 'cloudflare', 'CF-RAY': '88d9bfd1090115ea-SJC', 'alt-svc': 'h3=":443"; ma=86400'} 
 body={"results":[{"gender":"female","name":{"title":"Ms","first":"Malathy","last":"Shroff"},"location":{"street":{"number":5945,"name":"Sitabuldi Main Rd"},"city":"Kishanganj","state":"Lakshadweep","country":"India","postcode":69921,"coordinates":{"latitude":"4.3157","longitude":"61.6220"},"timezone":{"offset":"+9:30","description":"Adelaide, Darwin"}},"email":"malathy.shroff@example.com","login":{"uuid":"5ebe9e88-a663-4eee-b277-c8a68fe46d56","username":"heavyrabbit553","password":"jubilee","salt":"yzm653Tk","md5":"64840bdc23a1ae90eaf47581386b457e","sha1":"10806304345528b92ecd86994b8f33f9199290bb","sha256":"914ed67836a77f6bffe490b4827c4b19efafdbab03c30934fdf97f0188b7e6a9"},"dob":{"date":"1983-08-16T05:52:18.907Z","age":40},"registered":{"date":"2010-05-05T06:29:53.176Z","age":14},"phone":"9924833870","cell":"8093841123","id":{"name":"UIDAI","value":"300786813950"},"picture":{"large":"https://randomuser.me/api/portraits/women/49.jpg","medium":"https://randomuser.me/api/portraits/med/women/49.jpg","thumbnail":"https://randomuser.me/api/portraits/thumb/women/49.jpg"},"nat":"IN"}],"info":{"seed":"26ea1ff5765b7805","results":1,"page":1,"version":"1.4"}} 
 </msg>
<msg time="2024-06-02T19:11:26.962843" level="INFO">/opt/hostedtoolcache/Python/3.12.3/x64/lib/python3.12/site-packages/urllib3/connectionpool.py:1103: InsecureRequestWarning: Unverified HTTPS request is being made to host 'randomuser.me'. Adding certificate verification is strongly advised. See: https://urllib3.readthedocs.io/en/latest/advanced-usage.html#tls-warnings
  warnings.warn(</msg>
<msg time="2024-06-02T19:11:26.962951" level="INFO">${response} = &lt;Response [200]&gt;</msg>
<var>${response}</var>
<arg>consultarAPI</arg>
<arg>/api</arg>
<doc>Sends a GET request on a previously created HTTP Session.</doc>
<status status="PASS" start="2024-06-02T19:11:26.877624" elapsed="0.085363"/>
</kw>
<kw name="Set Variable" owner="BuiltIn">
<msg time="2024-06-02T19:11:26.963784" level="INFO">${json_data} = {'results': [{'gender': 'female', 'name': {'title': 'Ms', 'first': 'Malathy', 'last': 'Shroff'}, 'location': {'street': {'number': 5945, 'name': 'Sitabuldi Main Rd'}, 'city': 'Kishanganj', 'state': 'L...</msg>
<var>${json_data}</var>
<arg>${response.json()}</arg>
<doc>Returns the given values which can then be assigned to a variables.</doc>
<status status="PASS" start="2024-06-02T19:11:26.963340" elapsed="0.000472"/>
</kw>
<kw name="Set Variable" owner="BuiltIn">
<msg time="2024-06-02T19:11:26.964528" level="INFO">${name_title} = Ms</msg>
<var>${name_title}</var>
<arg>${json_data["results"][0]["name"]["title"]}</arg>
<doc>Returns the given values which can then be assigned to a variables.</doc>
<status status="PASS" start="2024-06-02T19:11:26.964152" elapsed="0.000401"/>
</kw>
<kw name="Create List" owner="BuiltIn">
<msg time="2024-06-02T19:11:26.964995" level="INFO">${allowed_titles} = ['Mr', 'Ms', 'Miss', 'Mrs', 'Madame', 'Monsieur']</msg>
<var>${allowed_titles}</var>
<arg>Mr</arg>
<arg>Ms</arg>
<arg>Miss</arg>
<arg>Mrs</arg>
<arg>Madame</arg>
<arg>Monsieur</arg>
<doc>Returns a list containing given items.</doc>
<status status="PASS" start="2024-06-02T19:11:26.964850" elapsed="0.000169"/>
</kw>
<kw name="List Should Contain Value" owner="Collections">
<msg time="2024-06-02T19:11:26.965491" level="INFO">False</msg>
<arg>${allowed_titles}</arg>
<arg>${name_title}</arg>
<doc>Fails if the ``value`` is not found from ``list``.</doc>
<status status="PASS" start="2024-06-02T19:11:26.965323" elapsed="0.000203"/>
</kw>
<kw name="Set Variable" owner="BuiltIn">
<msg time="2024-06-02T19:11:26.966318" level="INFO">${name_country} = IN</msg>
<var>${name_country}</var>
<arg>${json_data["results"][0]["nat"]}</arg>
<doc>Returns the given values which can then be assigned to a variables.</doc>
<status status="PASS" start="2024-06-02T19:11:26.965816" elapsed="0.000528"/>
</kw>
<kw name="Create List" owner="BuiltIn">
<msg time="2024-06-02T19:11:26.967243" level="INFO">${list_country} = ['AD', 'AE', 'AF', 'AG', 'AI', 'AL', 'AM', 'AO', 'AQ', 'AR', 'AS', 'AT', 'AU', 'AW', 'AX', 'AZ', 'BA', 'BB', 'BD', 'BE', 'BF', 'BG', 'BH', 'BI', 'BJ', 'BL', 'BM', 'BN', 'BO', 'BQ', 'BR', 'BS', 'BT', '...</msg>
<var>${list_country}</var>
<arg>AD</arg>
<arg>AE</arg>
<arg>AF</arg>
<arg>AG</arg>
<arg>AI</arg>
<arg>AL</arg>
<arg>AM</arg>
<arg>AO</arg>
<arg>AQ</arg>
<arg>AR</arg>
<arg>AS</arg>
<arg>AT</arg>
<arg>AU</arg>
<arg>AW</arg>
<arg>AX</arg>
<arg>AZ</arg>
<arg>BA</arg>
<arg>BB</arg>
<arg>BD</arg>
<arg>BE</arg>
<arg>BF</arg>
<arg>BG</arg>
<arg>BH</arg>
<arg>BI</arg>
<arg>BJ</arg>
<arg>BL</arg>
<arg>BM</arg>
<arg>BN</arg>
<arg>BO</arg>
<arg>BQ</arg>
<arg>BR</arg>
<arg>BS</arg>
<arg>BT</arg>
<arg>BV</arg>
<arg>BW</arg>
<arg>BY</arg>
<arg>BZ</arg>
<arg>CA</arg>
<arg>CC</arg>
<arg>CD</arg>
<arg>CF</arg>
<arg>CG</arg>
<arg>CH</arg>
<arg>CI</arg>
<arg>CK</arg>
<arg>CL</arg>
<arg>CM</arg>
<arg>CN</arg>
<arg>CO</arg>
<arg>CR</arg>
<arg>CU</arg>
<arg>CV</arg>
<arg>CW</arg>
<arg>CX</arg>
<arg>CY</arg>
<arg>CZ</arg>
<arg>DE</arg>
<arg>DJ</arg>
<arg>DK</arg>
<arg>DM</arg>
<arg>DO</arg>
<arg>DZ</arg>
<arg>EC</arg>
<arg>EE</arg>
<arg>EG</arg>
<arg>EH</arg>
<arg>ER</arg>
<arg>ES</arg>
<arg>ET</arg>
<arg>FI</arg>
<arg>FJ</arg>
<arg>FK</arg>
<arg>FM</arg>
<arg>FO</arg>
<arg>FR</arg>
<arg>GA</arg>
<arg>GB</arg>
<arg>GD</arg>
<arg>GE</arg>
<arg>GF</arg>
<arg>GG</arg>
<arg>GH</arg>
<arg>GI</arg>
<arg>GL</arg>
<arg>GM</arg>
<arg>GN</arg>
<arg>GP</arg>
<arg>GQ</arg>
<arg>GR</arg>
<arg>GS</arg>
<arg>GT</arg>
<arg>GU</arg>
<arg>GW</arg>
<arg>GY</arg>
<arg>HK</arg>
<arg>HM</arg>
<arg>HN</arg>
<arg>HR</arg>
<arg>HT</arg>
<arg>HU</arg>
<arg>ID</arg>
<arg>IE</arg>
<arg>IL</arg>
<arg>IM</arg>
<arg>IN</arg>
<arg>IO</arg>
<arg>IQ</arg>
<arg>IR</arg>
<arg>IS</arg>
<arg>IT</arg>
<arg>JE</arg>
<arg>JM</arg>
<arg>JO</arg>
<arg>JP</arg>
<arg>KE</arg>
<arg>KG</arg>
<arg>KH</arg>
<arg>KI</arg>
<arg>KM</arg>
<arg>KN</arg>
<arg>KP</arg>
<arg>KR</arg>
<arg>KW</arg>
<arg>KY</arg>
<arg>KZ</arg>
<arg>LA</arg>
<arg>LB</arg>
<arg>LC</arg>
<arg>LI</arg>
<arg>LK</arg>
<arg>LR</arg>
<arg>LS</arg>
<arg>LT</arg>
<arg>LU</arg>
<arg>LV</arg>
<arg>LY</arg>
<arg>MA</arg>
<arg>MC</arg>
<arg>MD</arg>
<arg>ME</arg>
<arg>MF</arg>
<arg>MG</arg>
<arg>MH</arg>
<arg>MK</arg>
<arg>ML</arg>
<arg>MM</arg>
<arg>MN</arg>
<arg>MO</arg>
<arg>MP</arg>
<arg>MQ</arg>
<arg>MR</arg>
<arg>MS</arg>
<arg>MT</arg>
<arg>MU</arg>
<arg>MV</arg>
<arg>MW</arg>
<arg>MX</arg>
<arg>MY</arg>
<arg>MZ</arg>
<arg>NA</arg>
<arg>NC</arg>
<arg>NE</arg>
<arg>NF</arg>
<arg>NG</arg>
<arg>NI</arg>
<arg>NL</arg>
<arg>NO</arg>
<arg>NP</arg>
<arg>NR</arg>
<arg>NU</arg>
<arg>NZ</arg>
<arg>OM</arg>
<arg>PA</arg>
<arg>PE</arg>
<arg>PF</arg>
<arg>PG</arg>
<arg>PH</arg>
<arg>PK</arg>
<arg>PL</arg>
<arg>PM</arg>
<arg>PN</arg>
<arg>PR</arg>
<arg>PS</arg>
<arg>PT</arg>
<arg>PW</arg>
<arg>PY</arg>
<arg>QA</arg>
<arg>RE</arg>
<arg>RO</arg>
<arg>RS</arg>
<arg>RU</arg>
<arg>RW</arg>
<arg>SA</arg>
<arg>SB</arg>
<arg>SC</arg>
<arg>SD</arg>
<arg>SE</arg>
<arg>SG</arg>
<arg>SH</arg>
<arg>SI</arg>
<arg>SJ</arg>
<arg>SK</arg>
<arg>SL</arg>
<arg>SM</arg>
<arg>SN</arg>
<arg>SO</arg>
<arg>SR</arg>
<arg>SS</arg>
<arg>ST</arg>
<arg>SV</arg>
<arg>SX</arg>
<arg>SY</arg>
<arg>SZ</arg>
<arg>TC</arg>
<arg>TD</arg>
<arg>TF</arg>
<arg>TG</arg>
<arg>TH</arg>
<arg>TJ</arg>
<arg>TK</arg>
<arg>TL</arg>
<arg>TM</arg>
<arg>TN</arg>
<arg>TO</arg>
<arg>TR</arg>
<arg>TT</arg>
<arg>TV</arg>
<arg>TW</arg>
<arg>TZ</arg>
<arg>UA</arg>
<arg>UG</arg>
<arg>UM</arg>
<arg>US</arg>
<arg>UY</arg>
<arg>UZ</arg>
<arg>VA</arg>
<arg>VC</arg>
<arg>VE</arg>
<arg>VG</arg>
<arg>VI</arg>
<arg>VN</arg>
<arg>VU</arg>
<arg>WF</arg>
<arg>WS</arg>
<arg>XK</arg>
<arg>YE</arg>
<arg>YT</arg>
<arg>ZA</arg>
<arg>ZM</arg>
<arg>ZW</arg>
<doc>Returns a list containing given items.</doc>
<status status="PASS" start="2024-06-02T19:11:26.966648" elapsed="0.000621"/>
</kw>
<kw name="List Should Contain Value" owner="Collections">
<msg time="2024-06-02T19:11:26.968291" level="INFO">False</msg>
<arg>${list_country}</arg>
<arg>${name_country}</arg>
<doc>Fails if the ``value`` is not found from ``list``.</doc>
<status status="PASS" start="2024-06-02T19:11:26.968088" elapsed="0.000239"/>
</kw>
<kw name="Run Keyword If" owner="BuiltIn">
<kw name="Should Be True" owner="BuiltIn">
<arg>${True}</arg>
<doc>Fails if the given condition is not true.</doc>
<status status="PASS" start="2024-06-02T19:11:26.969372" elapsed="0.000140"/>
</kw>
<arg>${json_data["results"][0]["location"]["coordinates"]["latitude"]} &gt;= -90 and ${json_data["results"][0]["location"]["coordinates"]["latitude"]} &lt;= 90</arg>
<arg>Should Be True</arg>
<arg>${True}</arg>
<doc>Runs the given keyword with the given arguments, if ``condition`` is true.</doc>
<status status="PASS" start="2024-06-02T19:11:26.968640" elapsed="0.000999"/>
</kw>
<kw name="Run Keyword If" owner="BuiltIn">
<kw name="Should Be True" owner="BuiltIn">
<arg>${True}</arg>
<doc>Fails if the given condition is not true.</doc>
<status status="PASS" start="2024-06-02T19:11:26.970518" elapsed="0.000136"/>
</kw>
<arg>${json_data["results"][0]["location"]["coordinates"]["longitude"]} &gt;= -180 and ${json_data["results"][0]["location"]["coordinates"]["longitude"]} &lt;= 180</arg>
<arg>Should Be True</arg>
<arg>${True}</arg>
<doc>Runs the given keyword with the given arguments, if ``condition`` is true.</doc>
<status status="PASS" start="2024-06-02T19:11:26.969828" elapsed="0.000951"/>
</kw>
<status status="PASS" start="2024-06-02T19:11:26.877401" elapsed="0.093505"/>
</kw>
<doc>Testa o conteúdo específico dos campos retornados pela API.</doc>
<tag>testeConteudo</tag>
<status status="PASS" start="2024-06-02T19:11:26.876976" elapsed="0.094068"/>
</test>
<status status="PASS" start="2024-06-02T19:11:25.734716" elapsed="1.238241"/>
</suite>
<status status="PASS" start="2024-06-02T19:11:25.721484" elapsed="1.256583"/>
</suite>
<statistics>
<total>
<stat pass="5" fail="0" skip="0">All Tests</stat>
</total>
<tag>
<stat pass="1" fail="0" skip="0">testeConteudo</stat>
<stat pass="1" fail="0" skip="0">testeEstruturaResposta</stat>
<stat pass="1" fail="0" skip="0">testeRequisicaoBasica</stat>
<stat pass="1" fail="0" skip="0">testeTiposDados</stat>
</tag>
<suite>
<stat pass="5" fail="0" skip="0" id="s1" name="Tests">Tests</stat>
<stat pass="5" fail="0" skip="0" id="s1-s1" name="Random-User-Test">Tests.Random-User-Test</stat>
</suite>
</statistics>
<errors>
</errors>
</robot>
