<?xml version="1.0" encoding="UTF-8"?>
<robot generator="Robot 7.0 (Python 3.12.3 on linux)" generated="2024-05-10T20:14:20.251689" rpa="false" schemaversion="5">
<suite id="s1" name="Tests" source="/home/runner/work/DesafioQAItauRogerioJordao/DesafioQAItauRogerioJordao/RamdonUser/tests">
<suite id="s1-s1" name="Random-User-Test" source="/home/runner/work/DesafioQAItauRogerioJordao/DesafioQAItauRogerioJordao/RamdonUser/tests/random-user-test.robot">
<test id="s1-s1-t1" name="Conectar" line="13">
<kw name="Conectar API" owner="random-user-service">
<kw name="Create Session" owner="RequestsLibrary">
<msg time="2024-05-10T20:14:20.606338" level="INFO">Creating Session using : alias=consultarAPI, url=https://randomuser.me/, headers={},                     cookies={}, auth=None, timeout=None, proxies=None, verify=False,                     debug=0 </msg>
<arg>consultarAPI</arg>
<arg>${URL}</arg>
<doc>Create Session: create a HTTP session to a server</doc>
<status status="PASS" start="2024-05-10T20:14:20.606162" elapsed="0.000336"/>
</kw>
<status status="PASS" start="2024-05-10T20:14:20.605245" elapsed="0.001570"/>
</kw>
<status status="PASS" start="2024-05-10T20:14:20.604683" elapsed="0.002315"/>
</test>
<test id="s1-s1-t2" name="Validar retorno 200 e JSON Válido" line="16">
<kw name="Teste de Requisicao Basica" owner="random-user-service">
<kw name="GET On Session" owner="RequestsLibrary">
<msg time="2024-05-10T20:14:20.702215" level="INFO">GET Request : url=https://randomuser.me/api 
 path_url=/api 
 headers={'User-Agent': 'python-requests/2.31.0', 'Accept-Encoding': 'gzip, deflate', 'Accept': '*/*', 'Connection': 'keep-alive'} 
 body=None 
 </msg>
<msg time="2024-05-10T20:14:20.702330" level="INFO">GET Response : url=https://randomuser.me/api 
 status=200, reason=OK 
 headers={'Date': 'Fri, 10 May 2024 20:14:20 GMT', 'Content-Type': 'application/json; charset=utf-8', 'Transfer-Encoding': 'chunked', 'Connection': 'keep-alive', 'X-Powered-By': 'Express', 'Access-Control-Allow-Origin': '*', 'Cache-Control': 'no-cache', 'ETag': 'W/"474-sg+qjmE5x5T7oEnvyWfja5b3UwQ"', 'Vary': 'Accept-Encoding', 'Content-Encoding': 'gzip', 'CF-Cache-Status': 'DYNAMIC', 'Report-To': '{"endpoints":[{"url":"https:\\/\\/a.nel.cloudflare.com\\/report\\/v4?s=IA81rHliDih4TfA5JXkN3%2Bxt7A4AE2XRwksFx4Ok%2Fc5442hsVjKvQFOnWQ4PSZWrr29W3%2FYJrP2qjRW5QnzX5AROl1yIfiBkUewFlszIEeeh%2BdroRfNyrRdgBPhxc7mE"}],"group":"cf-nel","max_age":604800}', 'NEL': '{"success_fraction":0,"report_to":"cf-nel","max_age":604800}', 'Server': 'cloudflare', 'CF-RAY': '881c985308dfa243-ORD', 'alt-svc': 'h3=":443"; ma=86400'} 
 body={"results":[{"gender":"male","name":{"title":"Mr","first":"Allen","last":"Bell"},"location":{"street":{"number":5201,"name":"Victoria Road"},"city":"Lusk","state":"Longford","country":"Ireland","postcode":90636,"coordinates":{"latitude":"1.4042","longitude":"-33.6967"},"timezone":{"offset":"+7:00","description":"Bangkok, Hanoi, Jakarta"}},"email":"allen.bell@example.com","login":{"uuid":"00d8e99e-4f8b-405a-b4d0-deb4086d9edd","username":"ticklishbird883","password":"deborah","salt":"r9IQbuOQ","md5":"b9d3c851bcdcefd248f1331408d32659","sha1":"6d8fa23bf8afd8dd6d979d9d0eddf1892adbe2c4","sha256":"cd77aaacd5600ff8fba3b2fb7965e107925a4816a44a21e2dc9b293a3ba76c08"},"dob":{"date":"1995-05-21T07:11:44.558Z","age":28},"registered":{"date":"2016-12-05T05:41:52.150Z","age":7},"phone":"011-538-5988","cell":"081-238-6103","id":{"name":"PPS","value":"5281056T"},"picture":{"large":"https://randomuser.me/api/portraits/men/25.jpg","medium":"https://randomuser.me/api/portraits/med/men/25.jpg","thumbnail":"https://randomuser.me/api/portraits/thumb/men/25.jpg"},"nat":"IE"}],"info":{"seed":"a00906b50ea135d9","results":1,"page":1,"version":"1.4"}} 
 </msg>
<msg time="2024-05-10T20:14:20.702397" level="INFO">/opt/hostedtoolcache/Python/3.12.3/x64/lib/python3.12/site-packages/urllib3/connectionpool.py:1103: InsecureRequestWarning: Unverified HTTPS request is being made to host 'randomuser.me'. Adding certificate verification is strongly advised. See: https://urllib3.readthedocs.io/en/latest/advanced-usage.html#tls-warnings
  warnings.warn(</msg>
<msg time="2024-05-10T20:14:20.702525" level="INFO">${response} = &lt;Response [200]&gt;</msg>
<var>${response}</var>
<arg>consultarAPI</arg>
<arg>/api</arg>
<doc>Sends a GET request on a previously created HTTP Session.</doc>
<status status="PASS" start="2024-05-10T20:14:20.609686" elapsed="0.092878"/>
</kw>
<kw name="Should Be Equal As Numbers" owner="BuiltIn">
<msg time="2024-05-10T20:14:20.703380" level="INFO">Argument types are:
&lt;class 'int'&gt;
&lt;class 'str'&gt;</msg>
<arg>${response.status_code}</arg>
<arg>200</arg>
<doc>Fails if objects are unequal after converting them to real numbers.</doc>
<status status="PASS" start="2024-05-10T20:14:20.702949" elapsed="0.000493"/>
</kw>
<kw name="Log" owner="BuiltIn">
<msg time="2024-05-10T20:14:20.704116" level="INFO">200</msg>
<arg>${response.status_code}</arg>
<doc>Logs the given message with the given level.</doc>
<status status="PASS" start="2024-05-10T20:14:20.703761" elapsed="0.000397"/>
</kw>
<kw name="Set Variable" owner="BuiltIn">
<msg time="2024-05-10T20:14:20.704896" level="INFO">${json_data} = {'results': [{'gender': 'male', 'name': {'title': 'Mr', 'first': 'Allen', 'last': 'Bell'}, 'location': {'street': {'number': 5201, 'name': 'Victoria Road'}, 'city': 'Lusk', 'state': 'Longford', 'count...</msg>
<var>${json_data}</var>
<arg>${response.json()}</arg>
<doc>Returns the given values which can then be assigned to a variables.</doc>
<status status="PASS" start="2024-05-10T20:14:20.704458" elapsed="0.000464"/>
</kw>
<kw name="Dictionary Should Contain Key" owner="Collections">
<msg time="2024-05-10T20:14:20.705382" level="INFO">False</msg>
<arg>${json_data}</arg>
<arg>results</arg>
<doc>Fails if ``key`` is not found from ``dictionary``.</doc>
<status status="PASS" start="2024-05-10T20:14:20.705219" elapsed="0.000201"/>
</kw>
<status status="PASS" start="2024-05-10T20:14:20.609446" elapsed="0.096222"/>
</kw>
<doc>Testa se a API responde corretamente e retorna um objeto JSON válido.</doc>
<tag>testeRequisicaoBasica</tag>
<status status="PASS" start="2024-05-10T20:14:20.608923" elapsed="0.096914"/>
</test>
<test id="s1-s1-t3" name="Validar estrutura de resposta" line="22">
<kw name="Teste de Estrutura de Resposta" owner="random-user-service">
<kw name="GET On Session" owner="RequestsLibrary">
<msg time="2024-05-10T20:14:20.791225" level="INFO">GET Request : url=https://randomuser.me/api 
 path_url=/api 
 headers={'User-Agent': 'python-requests/2.31.0', 'Accept-Encoding': 'gzip, deflate', 'Accept': '*/*', 'Connection': 'keep-alive'} 
 body=None 
 </msg>
<msg time="2024-05-10T20:14:20.791312" level="INFO">GET Response : url=https://randomuser.me/api 
 status=200, reason=OK 
 headers={'Date': 'Fri, 10 May 2024 20:14:20 GMT', 'Content-Type': 'application/json; charset=utf-8', 'Transfer-Encoding': 'chunked', 'Connection': 'keep-alive', 'X-Powered-By': 'Express', 'Access-Control-Allow-Origin': '*', 'Cache-Control': 'no-cache', 'ETag': 'W/"498-m8bt65bAbzck+3iTRtONLCzfcsI"', 'Vary': 'Accept-Encoding', 'Content-Encoding': 'gzip', 'CF-Cache-Status': 'DYNAMIC', 'Report-To': '{"endpoints":[{"url":"https:\\/\\/a.nel.cloudflare.com\\/report\\/v4?s=t4FA0xu2OU%2F%2BcCa0TtDp4MK61S5JkYjF7BpqEAv9m1wNjyVhmeL5CoFh6rnXzDrh5a4vfTjZN4JSQsuI9zFZtjIflbgKdTnaaWC4IQz7pkqvzyBeLKTEYpCnaE3Tvc%2FN"}],"group":"cf-nel","max_age":604800}', 'NEL': '{"success_fraction":0,"report_to":"cf-nel","max_age":604800}', 'Server': 'cloudflare', 'CF-RAY': '881c98537960a243-ORD', 'alt-svc': 'h3=":443"; ma=86400'} 
 body={"results":[{"gender":"male","name":{"title":"Mr","first":"Serafín","last":"Ayala"},"location":{"street":{"number":2046,"name":"Prolongación Albania"},"city":"Ciudad Mante","state":"Queretaro","country":"Mexico","postcode":25343,"coordinates":{"latitude":"24.4927","longitude":"-119.9913"},"timezone":{"offset":"-7:00","description":"Mountain Time (US &amp; Canada)"}},"email":"serafin.ayala@example.com","login":{"uuid":"e123d2a2-e6fd-4ad3-a924-8097751c1c9b","username":"blackfish553","password":"major","salt":"6x92NZmN","md5":"7b30a6694eb0527db422c1e58ae7d09c","sha1":"3af3b87a9994f4d733d6ec7d3d16c94346ffef24","sha256":"ab48d855ed4294d9b96d2148f950fbc4ab80b00c4678e91d8b12c875b67ebf45"},"dob":{"date":"1945-06-01T10:37:31.034Z","age":78},"registered":{"date":"2013-08-31T21:13:56.815Z","age":10},"phone":"(643) 171 7660","cell":"(684) 106 8705","id":{"name":"NSS","value":"79 13 99 0053 9"},"picture":{"large":"https://randomuser.me/api/portraits/men/46.jpg","medium":"https://randomuser.me/api/portraits/med/men/46.jpg","thumbnail":"https://randomuser.me/api/portraits/thumb/men/46.jpg"},"nat":"MX"}],"info":{"seed":"14a9dd48f87ecf62","results":1,"page":1,"version":"1.4"}} 
 </msg>
<msg time="2024-05-10T20:14:20.791436" level="INFO">/opt/hostedtoolcache/Python/3.12.3/x64/lib/python3.12/site-packages/urllib3/connectionpool.py:1103: InsecureRequestWarning: Unverified HTTPS request is being made to host 'randomuser.me'. Adding certificate verification is strongly advised. See: https://urllib3.readthedocs.io/en/latest/advanced-usage.html#tls-warnings
  warnings.warn(</msg>
<msg time="2024-05-10T20:14:20.791552" level="INFO">${response} = &lt;Response [200]&gt;</msg>
<var>${response}</var>
<arg>consultarAPI</arg>
<arg>/api</arg>
<doc>Sends a GET request on a previously created HTTP Session.</doc>
<status status="PASS" start="2024-05-10T20:14:20.708429" elapsed="0.083163"/>
</kw>
<kw name="Set Variable" owner="BuiltIn">
<msg time="2024-05-10T20:14:20.792377" level="INFO">${json_data} = {'results': [{'gender': 'male', 'name': {'title': 'Mr', 'first': 'Serafín', 'last': 'Ayala'}, 'location': {'street': {'number': 2046, 'name': 'Prolongación Albania'}, 'city': 'Ciudad Mante', 'state': ...</msg>
<var>${json_data}</var>
<arg>${response.json()}</arg>
<doc>Returns the given values which can then be assigned to a variables.</doc>
<status status="PASS" start="2024-05-10T20:14:20.791925" elapsed="0.000480"/>
</kw>
<kw name="Log" owner="BuiltIn">
<msg time="2024-05-10T20:14:20.792865" level="INFO">{'results': [{'gender': 'male', 'name': {'title': 'Mr', 'first': 'Serafín', 'last': 'Ayala'}, 'location': {'street': {'number': 2046, 'name': 'Prolongación Albania'}, 'city': 'Ciudad Mante', 'state': 'Queretaro', 'country': 'Mexico', 'postcode': 25343, 'coordinates': {'latitude': '24.4927', 'longitude': '-119.9913'}, 'timezone': {'offset': '-7:00', 'description': 'Mountain Time (US &amp; Canada)'}}, 'email': 'serafin.ayala@example.com', 'login': {'uuid': 'e123d2a2-e6fd-4ad3-a924-8097751c1c9b', 'username': 'blackfish553', 'password': 'major', 'salt': '6x92NZmN', 'md5': '7b30a6694eb0527db422c1e58ae7d09c', 'sha1': '3af3b87a9994f4d733d6ec7d3d16c94346ffef24', 'sha256': 'ab48d855ed4294d9b96d2148f950fbc4ab80b00c4678e91d8b12c875b67ebf45'}, 'dob': {'date': '1945-06-01T10:37:31.034Z', 'age': 78}, 'registered': {'date': '2013-08-31T21:13:56.815Z', 'age': 10}, 'phone': '(643) 171 7660', 'cell': '(684) 106 8705', 'id': {'name': 'NSS', 'value': '79 13 99 0053 9'}, 'picture': {'large': 'https://randomuser.me/api/portraits/men/46.jpg', 'medium': 'https://randomuser.me/api/portraits/med/men/46.jpg', 'thumbnail': 'https://randomuser.me/api/portraits/thumb/men/46.jpg'}, 'nat': 'MX'}], 'info': {'seed': '14a9dd48f87ecf62', 'results': 1, 'page': 1, 'version': '1.4'}}</msg>
<arg>${json_data}</arg>
<doc>Logs the given message with the given level.</doc>
<status status="PASS" start="2024-05-10T20:14:20.792704" elapsed="0.000212"/>
</kw>
<kw name="Dictionary Should Contain Key" owner="Collections">
<msg time="2024-05-10T20:14:20.793354" level="INFO">False</msg>
<arg>${json_data}</arg>
<arg>results</arg>
<doc>Fails if ``key`` is not found from ``dictionary``.</doc>
<status status="PASS" start="2024-05-10T20:14:20.793208" elapsed="0.000182"/>
</kw>
<kw name="Should Not Be Empty" owner="BuiltIn">
<msg time="2024-05-10T20:14:20.793804" level="INFO">Length is 2.</msg>
<arg>${json_data}</arg>
<doc>Verifies that the given item is not empty.</doc>
<status status="PASS" start="2024-05-10T20:14:20.793672" elapsed="0.000168"/>
</kw>
<kw name="Create List" owner="BuiltIn">
<msg time="2024-05-10T20:14:20.794388" level="INFO">${expected_keys} = ['gender', 'name', 'location', 'email', 'login']</msg>
<var>${expected_keys}</var>
<arg>gender</arg>
<arg>name</arg>
<arg>location</arg>
<arg>email</arg>
<arg>login</arg>
<doc>Returns a list containing given items.</doc>
<status status="PASS" start="2024-05-10T20:14:20.794122" elapsed="0.000291"/>
</kw>
<for flavor="IN">
<iter>
<kw name="Dictionary Should Contain Key" owner="Collections">
<msg time="2024-05-10T20:14:20.795388" level="INFO">False</msg>
<arg>${json_data['results'][0]}</arg>
<arg>${key}</arg>
<doc>Fails if ``key`` is not found from ``dictionary``.</doc>
<status status="PASS" start="2024-05-10T20:14:20.794968" elapsed="0.000458"/>
</kw>
<kw name="Log" owner="BuiltIn">
<msg time="2024-05-10T20:14:20.796096" level="INFO">{'gender': 'male', 'name': {'title': 'Mr', 'first': 'Serafín', 'last': 'Ayala'}, 'location': {'street': {'number': 2046, 'name': 'Prolongación Albania'}, 'city': 'Ciudad Mante', 'state': 'Queretaro', 'country': 'Mexico', 'postcode': 25343, 'coordinates': {'latitude': '24.4927', 'longitude': '-119.9913'}, 'timezone': {'offset': '-7:00', 'description': 'Mountain Time (US &amp; Canada)'}}, 'email': 'serafin.ayala@example.com', 'login': {'uuid': 'e123d2a2-e6fd-4ad3-a924-8097751c1c9b', 'username': 'blackfish553', 'password': 'major', 'salt': '6x92NZmN', 'md5': '7b30a6694eb0527db422c1e58ae7d09c', 'sha1': '3af3b87a9994f4d733d6ec7d3d16c94346ffef24', 'sha256': 'ab48d855ed4294d9b96d2148f950fbc4ab80b00c4678e91d8b12c875b67ebf45'}, 'dob': {'date': '1945-06-01T10:37:31.034Z', 'age': 78}, 'registered': {'date': '2013-08-31T21:13:56.815Z', 'age': 10}, 'phone': '(643) 171 7660', 'cell': '(684) 106 8705', 'id': {'name': 'NSS', 'value': '79 13 99 0053 9'}, 'picture': {'large': 'https://randomuser.me/api/portraits/men/46.jpg', 'medium': 'https://randomuser.me/api/portraits/med/men/46.jpg', 'thumbnail': 'https://randomuser.me/api/portraits/thumb/men/46.jpg'}, 'nat': 'MX'}</msg>
<arg>${json_data['results'][0]}</arg>
<doc>Logs the given message with the given level.</doc>
<status status="PASS" start="2024-05-10T20:14:20.795725" elapsed="0.000422"/>
</kw>
<kw name="Log" owner="BuiltIn">
<msg time="2024-05-10T20:14:20.796570" level="INFO">gender</msg>
<arg>${key}</arg>
<doc>Logs the given message with the given level.</doc>
<status status="PASS" start="2024-05-10T20:14:20.796444" elapsed="0.000163"/>
</kw>
<var name="${key}">gender</var>
<status status="PASS" start="2024-05-10T20:14:20.794847" elapsed="0.001974"/>
</iter>
<iter>
<kw name="Dictionary Should Contain Key" owner="Collections">
<msg time="2024-05-10T20:14:20.797501" level="INFO">False</msg>
<arg>${json_data['results'][0]}</arg>
<arg>${key}</arg>
<doc>Fails if ``key`` is not found from ``dictionary``.</doc>
<status status="PASS" start="2024-05-10T20:14:20.797119" elapsed="0.000418"/>
</kw>
<kw name="Log" owner="BuiltIn">
<msg time="2024-05-10T20:14:20.798214" level="INFO">{'gender': 'male', 'name': {'title': 'Mr', 'first': 'Serafín', 'last': 'Ayala'}, 'location': {'street': {'number': 2046, 'name': 'Prolongación Albania'}, 'city': 'Ciudad Mante', 'state': 'Queretaro', 'country': 'Mexico', 'postcode': 25343, 'coordinates': {'latitude': '24.4927', 'longitude': '-119.9913'}, 'timezone': {'offset': '-7:00', 'description': 'Mountain Time (US &amp; Canada)'}}, 'email': 'serafin.ayala@example.com', 'login': {'uuid': 'e123d2a2-e6fd-4ad3-a924-8097751c1c9b', 'username': 'blackfish553', 'password': 'major', 'salt': '6x92NZmN', 'md5': '7b30a6694eb0527db422c1e58ae7d09c', 'sha1': '3af3b87a9994f4d733d6ec7d3d16c94346ffef24', 'sha256': 'ab48d855ed4294d9b96d2148f950fbc4ab80b00c4678e91d8b12c875b67ebf45'}, 'dob': {'date': '1945-06-01T10:37:31.034Z', 'age': 78}, 'registered': {'date': '2013-08-31T21:13:56.815Z', 'age': 10}, 'phone': '(643) 171 7660', 'cell': '(684) 106 8705', 'id': {'name': 'NSS', 'value': '79 13 99 0053 9'}, 'picture': {'large': 'https://randomuser.me/api/portraits/men/46.jpg', 'medium': 'https://randomuser.me/api/portraits/med/men/46.jpg', 'thumbnail': 'https://randomuser.me/api/portraits/thumb/men/46.jpg'}, 'nat': 'MX'}</msg>
<arg>${json_data['results'][0]}</arg>
<doc>Logs the given message with the given level.</doc>
<status status="PASS" start="2024-05-10T20:14:20.797853" elapsed="0.000412"/>
</kw>
<kw name="Log" owner="BuiltIn">
<msg time="2024-05-10T20:14:20.798686" level="INFO">name</msg>
<arg>${key}</arg>
<doc>Logs the given message with the given level.</doc>
<status status="PASS" start="2024-05-10T20:14:20.798560" elapsed="0.000163"/>
</kw>
<var name="${key}">name</var>
<status status="PASS" start="2024-05-10T20:14:20.797005" elapsed="0.001929"/>
</iter>
<iter>
<kw name="Dictionary Should Contain Key" owner="Collections">
<msg time="2024-05-10T20:14:20.799630" level="INFO">False</msg>
<arg>${json_data['results'][0]}</arg>
<arg>${key}</arg>
<doc>Fails if ``key`` is not found from ``dictionary``.</doc>
<status status="PASS" start="2024-05-10T20:14:20.799243" elapsed="0.000423"/>
</kw>
<kw name="Log" owner="BuiltIn">
<msg time="2024-05-10T20:14:20.800329" level="INFO">{'gender': 'male', 'name': {'title': 'Mr', 'first': 'Serafín', 'last': 'Ayala'}, 'location': {'street': {'number': 2046, 'name': 'Prolongación Albania'}, 'city': 'Ciudad Mante', 'state': 'Queretaro', 'country': 'Mexico', 'postcode': 25343, 'coordinates': {'latitude': '24.4927', 'longitude': '-119.9913'}, 'timezone': {'offset': '-7:00', 'description': 'Mountain Time (US &amp; Canada)'}}, 'email': 'serafin.ayala@example.com', 'login': {'uuid': 'e123d2a2-e6fd-4ad3-a924-8097751c1c9b', 'username': 'blackfish553', 'password': 'major', 'salt': '6x92NZmN', 'md5': '7b30a6694eb0527db422c1e58ae7d09c', 'sha1': '3af3b87a9994f4d733d6ec7d3d16c94346ffef24', 'sha256': 'ab48d855ed4294d9b96d2148f950fbc4ab80b00c4678e91d8b12c875b67ebf45'}, 'dob': {'date': '1945-06-01T10:37:31.034Z', 'age': 78}, 'registered': {'date': '2013-08-31T21:13:56.815Z', 'age': 10}, 'phone': '(643) 171 7660', 'cell': '(684) 106 8705', 'id': {'name': 'NSS', 'value': '79 13 99 0053 9'}, 'picture': {'large': 'https://randomuser.me/api/portraits/men/46.jpg', 'medium': 'https://randomuser.me/api/portraits/med/men/46.jpg', 'thumbnail': 'https://randomuser.me/api/portraits/thumb/men/46.jpg'}, 'nat': 'MX'}</msg>
<arg>${json_data['results'][0]}</arg>
<doc>Logs the given message with the given level.</doc>
<status status="PASS" start="2024-05-10T20:14:20.799968" elapsed="0.000412"/>
</kw>
<kw name="Log" owner="BuiltIn">
<msg time="2024-05-10T20:14:20.800799" level="INFO">location</msg>
<arg>${key}</arg>
<doc>Logs the given message with the given level.</doc>
<status status="PASS" start="2024-05-10T20:14:20.800674" elapsed="0.000162"/>
</kw>
<var name="${key}">location</var>
<status status="PASS" start="2024-05-10T20:14:20.799129" elapsed="0.001919"/>
</iter>
<iter>
<kw name="Dictionary Should Contain Key" owner="Collections">
<msg time="2024-05-10T20:14:20.801712" level="INFO">False</msg>
<arg>${json_data['results'][0]}</arg>
<arg>${key}</arg>
<doc>Fails if ``key`` is not found from ``dictionary``.</doc>
<status status="PASS" start="2024-05-10T20:14:20.801328" elapsed="0.000422"/>
</kw>
<kw name="Log" owner="BuiltIn">
<msg time="2024-05-10T20:14:20.802405" level="INFO">{'gender': 'male', 'name': {'title': 'Mr', 'first': 'Serafín', 'last': 'Ayala'}, 'location': {'street': {'number': 2046, 'name': 'Prolongación Albania'}, 'city': 'Ciudad Mante', 'state': 'Queretaro', 'country': 'Mexico', 'postcode': 25343, 'coordinates': {'latitude': '24.4927', 'longitude': '-119.9913'}, 'timezone': {'offset': '-7:00', 'description': 'Mountain Time (US &amp; Canada)'}}, 'email': 'serafin.ayala@example.com', 'login': {'uuid': 'e123d2a2-e6fd-4ad3-a924-8097751c1c9b', 'username': 'blackfish553', 'password': 'major', 'salt': '6x92NZmN', 'md5': '7b30a6694eb0527db422c1e58ae7d09c', 'sha1': '3af3b87a9994f4d733d6ec7d3d16c94346ffef24', 'sha256': 'ab48d855ed4294d9b96d2148f950fbc4ab80b00c4678e91d8b12c875b67ebf45'}, 'dob': {'date': '1945-06-01T10:37:31.034Z', 'age': 78}, 'registered': {'date': '2013-08-31T21:13:56.815Z', 'age': 10}, 'phone': '(643) 171 7660', 'cell': '(684) 106 8705', 'id': {'name': 'NSS', 'value': '79 13 99 0053 9'}, 'picture': {'large': 'https://randomuser.me/api/portraits/men/46.jpg', 'medium': 'https://randomuser.me/api/portraits/med/men/46.jpg', 'thumbnail': 'https://randomuser.me/api/portraits/thumb/men/46.jpg'}, 'nat': 'MX'}</msg>
<arg>${json_data['results'][0]}</arg>
<doc>Logs the given message with the given level.</doc>
<status status="PASS" start="2024-05-10T20:14:20.802046" elapsed="0.000410"/>
</kw>
<kw name="Log" owner="BuiltIn">
<msg time="2024-05-10T20:14:20.802871" level="INFO">email</msg>
<arg>${key}</arg>
<doc>Logs the given message with the given level.</doc>
<status status="PASS" start="2024-05-10T20:14:20.802747" elapsed="0.000161"/>
</kw>
<var name="${key}">email</var>
<status status="PASS" start="2024-05-10T20:14:20.801220" elapsed="0.001942"/>
</iter>
<iter>
<kw name="Dictionary Should Contain Key" owner="Collections">
<msg time="2024-05-10T20:14:20.803840" level="INFO">False</msg>
<arg>${json_data['results'][0]}</arg>
<arg>${key}</arg>
<doc>Fails if ``key`` is not found from ``dictionary``.</doc>
<status status="PASS" start="2024-05-10T20:14:20.803452" elapsed="0.000425"/>
</kw>
<kw name="Log" owner="BuiltIn">
<msg time="2024-05-10T20:14:20.804537" level="INFO">{'gender': 'male', 'name': {'title': 'Mr', 'first': 'Serafín', 'last': 'Ayala'}, 'location': {'street': {'number': 2046, 'name': 'Prolongación Albania'}, 'city': 'Ciudad Mante', 'state': 'Queretaro', 'country': 'Mexico', 'postcode': 25343, 'coordinates': {'latitude': '24.4927', 'longitude': '-119.9913'}, 'timezone': {'offset': '-7:00', 'description': 'Mountain Time (US &amp; Canada)'}}, 'email': 'serafin.ayala@example.com', 'login': {'uuid': 'e123d2a2-e6fd-4ad3-a924-8097751c1c9b', 'username': 'blackfish553', 'password': 'major', 'salt': '6x92NZmN', 'md5': '7b30a6694eb0527db422c1e58ae7d09c', 'sha1': '3af3b87a9994f4d733d6ec7d3d16c94346ffef24', 'sha256': 'ab48d855ed4294d9b96d2148f950fbc4ab80b00c4678e91d8b12c875b67ebf45'}, 'dob': {'date': '1945-06-01T10:37:31.034Z', 'age': 78}, 'registered': {'date': '2013-08-31T21:13:56.815Z', 'age': 10}, 'phone': '(643) 171 7660', 'cell': '(684) 106 8705', 'id': {'name': 'NSS', 'value': '79 13 99 0053 9'}, 'picture': {'large': 'https://randomuser.me/api/portraits/men/46.jpg', 'medium': 'https://randomuser.me/api/portraits/med/men/46.jpg', 'thumbnail': 'https://randomuser.me/api/portraits/thumb/men/46.jpg'}, 'nat': 'MX'}</msg>
<arg>${json_data['results'][0]}</arg>
<doc>Logs the given message with the given level.</doc>
<status status="PASS" start="2024-05-10T20:14:20.804169" elapsed="0.000419"/>
</kw>
<kw name="Log" owner="BuiltIn">
<msg time="2024-05-10T20:14:20.805008" level="INFO">login</msg>
<arg>${key}</arg>
<doc>Logs the given message with the given level.</doc>
<status status="PASS" start="2024-05-10T20:14:20.804884" elapsed="0.000161"/>
</kw>
<var name="${key}">login</var>
<status status="PASS" start="2024-05-10T20:14:20.803342" elapsed="0.001939"/>
</iter>
<var>${key}</var>
<value>@{expected_keys}</value>
<status status="PASS" start="2024-05-10T20:14:20.794667" elapsed="0.010737"/>
</for>
<kw name="Create List" owner="BuiltIn">
<msg time="2024-05-10T20:14:20.805727" level="INFO">${expected_keysTwo} = ['username', 'password']</msg>
<var>${expected_keysTwo}</var>
<arg>username</arg>
<arg>password</arg>
<doc>Returns a list containing given items.</doc>
<status status="PASS" start="2024-05-10T20:14:20.805593" elapsed="0.000158"/>
</kw>
<for flavor="IN">
<iter>
<kw name="Dictionary Should Contain Key" owner="Collections">
<msg time="2024-05-10T20:14:20.806625" level="INFO">False</msg>
<arg>${json_data['results'][0]['login']}</arg>
<arg>${keyTwo}</arg>
<doc>Fails if ``key`` is not found from ``dictionary``.</doc>
<status status="PASS" start="2024-05-10T20:14:20.806241" elapsed="0.000420"/>
</kw>
<kw name="Dictionary Should Contain Key" owner="Collections">
<msg time="2024-05-10T20:14:20.807356" level="INFO">False</msg>
<arg>${json_data['results'][0]['login']}</arg>
<arg>${keyTwo}</arg>
<doc>Fails if ``key`` is not found from ``dictionary``.</doc>
<status status="PASS" start="2024-05-10T20:14:20.806951" elapsed="0.000443"/>
</kw>
<kw name="Log" owner="BuiltIn">
<msg time="2024-05-10T20:14:20.807813" level="INFO">username</msg>
<arg>${keyTwo}</arg>
<doc>Logs the given message with the given level.</doc>
<status status="PASS" start="2024-05-10T20:14:20.807686" elapsed="0.000168"/>
</kw>
<var name="${keyTwo}">username</var>
<status status="PASS" start="2024-05-10T20:14:20.806132" elapsed="0.001935"/>
</iter>
<iter>
<kw name="Dictionary Should Contain Key" owner="Collections">
<msg time="2024-05-10T20:14:20.808728" level="INFO">False</msg>
<arg>${json_data['results'][0]['login']}</arg>
<arg>${keyTwo}</arg>
<doc>Fails if ``key`` is not found from ``dictionary``.</doc>
<status status="PASS" start="2024-05-10T20:14:20.808348" elapsed="0.000417"/>
</kw>
<kw name="Dictionary Should Contain Key" owner="Collections">
<msg time="2024-05-10T20:14:20.809512" level="INFO">False</msg>
<arg>${json_data['results'][0]['login']}</arg>
<arg>${keyTwo}</arg>
<doc>Fails if ``key`` is not found from ``dictionary``.</doc>
<status status="PASS" start="2024-05-10T20:14:20.809051" elapsed="0.000499"/>
</kw>
<kw name="Log" owner="BuiltIn">
<msg time="2024-05-10T20:14:20.809975" level="INFO">password</msg>
<arg>${keyTwo}</arg>
<doc>Logs the given message with the given level.</doc>
<status status="PASS" start="2024-05-10T20:14:20.809847" elapsed="0.000164"/>
</kw>
<var name="${keyTwo}">password</var>
<status status="PASS" start="2024-05-10T20:14:20.808238" elapsed="0.001987"/>
</iter>
<var>${keyTwo}</var>
<value>@{expected_keysTwo}</value>
<status status="PASS" start="2024-05-10T20:14:20.805982" elapsed="0.004362"/>
</for>
<status status="PASS" start="2024-05-10T20:14:20.708201" elapsed="0.102280"/>
</kw>
<doc>Testa a estrutura da resposta da API.</doc>
<tag>testeEstruturaResposta</tag>
<status status="PASS" start="2024-05-10T20:14:20.707725" elapsed="0.102902"/>
</test>
<test id="s1-s1-t4" name="Validar tipos de dados" line="28">
<kw name="Teste de Tipos de Dados" owner="random-user-service">
<kw name="GET On Session" owner="RequestsLibrary">
<msg time="2024-05-10T20:14:20.891414" level="INFO">GET Request : url=https://randomuser.me/api 
 path_url=/api 
 headers={'User-Agent': 'python-requests/2.31.0', 'Accept-Encoding': 'gzip, deflate', 'Accept': '*/*', 'Connection': 'keep-alive'} 
 body=None 
 </msg>
<msg time="2024-05-10T20:14:20.891497" level="INFO">GET Response : url=https://randomuser.me/api 
 status=200, reason=OK 
 headers={'Date': 'Fri, 10 May 2024 20:14:20 GMT', 'Content-Type': 'application/json; charset=utf-8', 'Transfer-Encoding': 'chunked', 'Connection': 'keep-alive', 'X-Powered-By': 'Express', 'Access-Control-Allow-Origin': '*', 'Cache-Control': 'no-cache', 'ETag': 'W/"488-/mmn1Lc8jVoYLQGKEl/ms/lOz/o"', 'Vary': 'Accept-Encoding', 'Content-Encoding': 'gzip', 'CF-Cache-Status': 'DYNAMIC', 'Report-To': '{"endpoints":[{"url":"https:\\/\\/a.nel.cloudflare.com\\/report\\/v4?s=zeEEtMftsY8yYRUqxnWlmGUs%2Bn7G0MevymeAm3bAHeMZuqDOc7N%2F4Kr%2Fp8lxSRHm5JlEbCaGnmIXsYgGrqhr46yTjH%2FUdnEg06vhvEBAy8r7znrEurn6EEvICh%2B1mwUG"}],"group":"cf-nel","max_age":604800}', 'NEL': '{"success_fraction":0,"report_to":"cf-nel","max_age":604800}', 'Server': 'cloudflare', 'CF-RAY': '881c98541a43a243-ORD', 'alt-svc': 'h3=":443"; ma=86400'} 
 body={"results":[{"gender":"female","name":{"title":"Miss","first":"Tracey","last":"Stone"},"location":{"street":{"number":3145,"name":"Hillcrest Rd"},"city":"Palmdale","state":"Missouri","country":"United States","postcode":28934,"coordinates":{"latitude":"84.1453","longitude":"117.9491"},"timezone":{"offset":"-2:00","description":"Mid-Atlantic"}},"email":"tracey.stone@example.com","login":{"uuid":"fe4655a7-3adf-4b57-b16c-faeb4dbcee87","username":"silverzebra703","password":"gordon24","salt":"M29QtDCe","md5":"dc149e8a793cd830f029bf845fa01749","sha1":"15703c34d889fa3924f9a4e58ddec529e6eaa223","sha256":"8e56f023886a32bbe9c7a612ed638b31222a07a520c5e1179762632a499092d1"},"dob":{"date":"1995-01-20T20:35:27.213Z","age":29},"registered":{"date":"2016-12-13T15:09:35.125Z","age":7},"phone":"(867) 985-4467","cell":"(331) 800-1051","id":{"name":"SSN","value":"103-36-5336"},"picture":{"large":"https://randomuser.me/api/portraits/women/29.jpg","medium":"https://randomuser.me/api/portraits/med/women/29.jpg","thumbnail":"https://randomuser.me/api/portraits/thumb/women/29.jpg"},"nat":"US"}],"info":{"seed":"90643da8b7c87315","results":1,"page":1,"version":"1.4"}} 
 </msg>
<msg time="2024-05-10T20:14:20.891566" level="INFO">/opt/hostedtoolcache/Python/3.12.3/x64/lib/python3.12/site-packages/urllib3/connectionpool.py:1103: InsecureRequestWarning: Unverified HTTPS request is being made to host 'randomuser.me'. Adding certificate verification is strongly advised. See: https://urllib3.readthedocs.io/en/latest/advanced-usage.html#tls-warnings
  warnings.warn(</msg>
<msg time="2024-05-10T20:14:20.891686" level="INFO">${response} = &lt;Response [200]&gt;</msg>
<var>${response}</var>
<arg>consultarAPI</arg>
<arg>/api</arg>
<doc>Sends a GET request on a previously created HTTP Session.</doc>
<status status="PASS" start="2024-05-10T20:14:20.813047" elapsed="0.078676"/>
</kw>
<kw name="Set Variable" owner="BuiltIn">
<msg time="2024-05-10T20:14:20.892515" level="INFO">${json_data} = {'results': [{'gender': 'female', 'name': {'title': 'Miss', 'first': 'Tracey', 'last': 'Stone'}, 'location': {'street': {'number': 3145, 'name': 'Hillcrest Rd'}, 'city': 'Palmdale', 'state': 'Missouri...</msg>
<var>${json_data}</var>
<arg>${response.json()}</arg>
<doc>Returns the given values which can then be assigned to a variables.</doc>
<status status="PASS" start="2024-05-10T20:14:20.892074" elapsed="0.000469"/>
</kw>
<kw name="Log" owner="BuiltIn">
<msg time="2024-05-10T20:14:20.892989" level="INFO">{'results': [{'gender': 'female', 'name': {'title': 'Miss', 'first': 'Tracey', 'last': 'Stone'}, 'location': {'street': {'number': 3145, 'name': 'Hillcrest Rd'}, 'city': 'Palmdale', 'state': 'Missouri', 'country': 'United States', 'postcode': 28934, 'coordinates': {'latitude': '84.1453', 'longitude': '117.9491'}, 'timezone': {'offset': '-2:00', 'description': 'Mid-Atlantic'}}, 'email': 'tracey.stone@example.com', 'login': {'uuid': 'fe4655a7-3adf-4b57-b16c-faeb4dbcee87', 'username': 'silverzebra703', 'password': 'gordon24', 'salt': 'M29QtDCe', 'md5': 'dc149e8a793cd830f029bf845fa01749', 'sha1': '15703c34d889fa3924f9a4e58ddec529e6eaa223', 'sha256': '8e56f023886a32bbe9c7a612ed638b31222a07a520c5e1179762632a499092d1'}, 'dob': {'date': '1995-01-20T20:35:27.213Z', 'age': 29}, 'registered': {'date': '2016-12-13T15:09:35.125Z', 'age': 7}, 'phone': '(867) 985-4467', 'cell': '(331) 800-1051', 'id': {'name': 'SSN', 'value': '103-36-5336'}, 'picture': {'large': 'https://randomuser.me/api/portraits/women/29.jpg', 'medium': 'https://randomuser.me/api/portraits/med/women/29.jpg', 'thumbnail': 'https://randomuser.me/api/portraits/thumb/women/29.jpg'}, 'nat': 'US'}], 'info': {'seed': '90643da8b7c87315', 'results': 1, 'page': 1, 'version': '1.4'}}</msg>
<arg>${json_data}</arg>
<doc>Logs the given message with the given level.</doc>
<status status="PASS" start="2024-05-10T20:14:20.892839" elapsed="0.000228"/>
</kw>
<kw name="Should Be String" owner="String">
<arg>${json_data['results'][0]['gender']}</arg>
<doc>Fails if the given ``item`` is not a string.</doc>
<status status="PASS" start="2024-05-10T20:14:20.893363" elapsed="0.000359"/>
</kw>
<kw name="Should Match Regexp" owner="BuiltIn">
<arg>${json_data['results'][0]['email']}</arg>
<arg>^[a-zA-Z0-9._%+-]+@[a-zA-Z0-9.-]+\.[a-zA-Z]{2,}$</arg>
<doc>Fails if ``string`` does not match ``pattern`` as a regular expression.</doc>
<status status="PASS" start="2024-05-10T20:14:20.893913" elapsed="0.000497"/>
</kw>
<kw name="Should Match Regexp" owner="BuiltIn">
<arg>${json_data['results'][0]['dob']['date']}</arg>
<arg>\\d{4}-\\d{2}-\\d{2}T\\d{2}:\\d{2}:\\d{2}\\.\\d{3}Z</arg>
<doc>Fails if ``string`` does not match ``pattern`` as a regular expression.</doc>
<status status="PASS" start="2024-05-10T20:14:20.894605" elapsed="0.000482"/>
</kw>
<kw name="Should Match Regexp" owner="BuiltIn">
<arg>${json_data['results'][0]['registered']['date']}</arg>
<arg>\\d{4}-\\d{2}-\\d{2}T\\d{2}:\\d{2}:\\d{2}\\.\\d{3}Z</arg>
<doc>Fails if ``string`` does not match ``pattern`` as a regular expression.</doc>
<status status="PASS" start="2024-05-10T20:14:20.895312" elapsed="0.000371"/>
</kw>
<kw name="Should Match Regexp" owner="BuiltIn">
<arg>${json_data['results'][0]['picture']['large']}</arg>
<arg>^https?://.*\.(?:png|jpe?g|gif|bmp)$</arg>
<doc>Fails if ``string`` does not match ``pattern`` as a regular expression.</doc>
<status status="PASS" start="2024-05-10T20:14:20.895898" elapsed="0.000508"/>
</kw>
<kw name="Should Match Regexp" owner="BuiltIn">
<arg>${json_data['results'][0]['picture']['medium']}</arg>
<arg>^https?://.*\.(?:png|jpe?g|gif|bmp)$</arg>
<doc>Fails if ``string`` does not match ``pattern`` as a regular expression.</doc>
<status status="PASS" start="2024-05-10T20:14:20.896610" elapsed="0.000361"/>
</kw>
<kw name="Should Match Regexp" owner="BuiltIn">
<arg>${json_data['results'][0]['picture']['thumbnail']}</arg>
<arg>^https?://.*\.(?:png|jpe?g|gif|bmp)$</arg>
<doc>Fails if ``string`` does not match ``pattern`` as a regular expression.</doc>
<status status="PASS" start="2024-05-10T20:14:20.897161" elapsed="0.000348"/>
</kw>
<kw name="Log" owner="BuiltIn">
<msg time="2024-05-10T20:14:20.898011" level="INFO">{'large': 'https://randomuser.me/api/portraits/women/29.jpg', 'medium': 'https://randomuser.me/api/portraits/med/women/29.jpg', 'thumbnail': 'https://randomuser.me/api/portraits/thumb/women/29.jpg'}</msg>
<arg>${json_data['results'][0]['picture']}</arg>
<doc>Logs the given message with the given level.</doc>
<status status="PASS" start="2024-05-10T20:14:20.897690" elapsed="0.000361"/>
</kw>
<status status="PASS" start="2024-05-10T20:14:20.812830" elapsed="0.085472"/>
</kw>
<kw name="Teste de Tipos de Dados - Postcode" owner="random-user-service">
<kw name="GET On Session" owner="RequestsLibrary">
<msg time="2024-05-10T20:14:21.018244" level="INFO">GET Request : url=https://randomuser.me/api 
 path_url=/api 
 headers={'User-Agent': 'python-requests/2.31.0', 'Accept-Encoding': 'gzip, deflate', 'Accept': '*/*', 'Connection': 'keep-alive'} 
 body=None 
 </msg>
<msg time="2024-05-10T20:14:21.018330" level="INFO">GET Response : url=https://randomuser.me/api 
 status=200, reason=OK 
 headers={'Date': 'Fri, 10 May 2024 20:14:21 GMT', 'Content-Type': 'application/json; charset=utf-8', 'Transfer-Encoding': 'chunked', 'Connection': 'keep-alive', 'X-Powered-By': 'Express', 'Access-Control-Allow-Origin': '*', 'Cache-Control': 'no-cache', 'ETag': 'W/"4a6-y8I67D8an0MgLBD9ABWvMsQAXrc"', 'Vary': 'Accept-Encoding', 'Content-Encoding': 'gzip', 'CF-Cache-Status': 'DYNAMIC', 'Report-To': '{"endpoints":[{"url":"https:\\/\\/a.nel.cloudflare.com\\/report\\/v4?s=fJCTWWpYzhgBN%2FVJoaBaJiVxE48Rk7NovF5FCL7SwdNRaiI0eZ7nsIbMVBsrif0Rx1yJNVBCfPoavhKM%2Fmyuq1e9VGMStVSaKA0w41rdLG5dovRcakYQueZdXpmGrDiu"}],"group":"cf-nel","max_age":604800}', 'NEL': '{"success_fraction":0,"report_to":"cf-nel","max_age":604800}', 'Server': 'cloudflare', 'CF-RAY': '881c9854ab46a243-ORD', 'alt-svc': 'h3=":443"; ma=86400'} 
 body={"results":[{"gender":"female","name":{"title":"Miss","first":"فاطمه زهرا","last":"صدر"},"location":{"street":{"number":2551,"name":"برادران سلیمانی"},"city":"تهران","state":"اصفهان","country":"Iran","postcode":33750,"coordinates":{"latitude":"14.0412","longitude":"57.1164"},"timezone":{"offset":"+5:30","description":"Bombay, Calcutta, Madras, New Delhi"}},"email":"ftmhzhr.sdr@example.com","login":{"uuid":"962b4251-4521-4ff0-acdb-7f3a563aa1d9","username":"sadladybug949","password":"space","salt":"wle00a3W","md5":"9b608cb027fd22036b05c73ed7e98708","sha1":"58ad9abc49c06460cbbdc62ef986eaf3815c370c","sha256":"14acb2630c7c3188a812021614ff6103fbd0ea258fd066ed9dbd5564653e593e"},"dob":{"date":"1956-04-08T05:24:57.390Z","age":68},"registered":{"date":"2015-05-19T10:29:40.545Z","age":8},"phone":"042-66185630","cell":"0970-032-2992","id":{"name":"","value":null},"picture":{"large":"https://randomuser.me/api/portraits/women/30.jpg","medium":"https://randomuser.me/api/portraits/med/women/30.jpg","thumbnail":"https://randomuser.me/api/portraits/thumb/women/30.jpg"},"nat":"IR"}],"info":{"seed":"a552e2247ccc4147","results":1,"page":1,"version":"1.4"}} 
 </msg>
<msg time="2024-05-10T20:14:21.018409" level="INFO">/opt/hostedtoolcache/Python/3.12.3/x64/lib/python3.12/site-packages/urllib3/connectionpool.py:1103: InsecureRequestWarning: Unverified HTTPS request is being made to host 'randomuser.me'. Adding certificate verification is strongly advised. See: https://urllib3.readthedocs.io/en/latest/advanced-usage.html#tls-warnings
  warnings.warn(</msg>
<msg time="2024-05-10T20:14:21.018549" level="INFO">${response} = &lt;Response [200]&gt;</msg>
<var>${response}</var>
<arg>consultarAPI</arg>
<arg>/api</arg>
<doc>Sends a GET request on a previously created HTTP Session.</doc>
<status status="PASS" start="2024-05-10T20:14:20.898725" elapsed="0.119879"/>
</kw>
<kw name="Set Variable" owner="BuiltIn">
<msg time="2024-05-10T20:14:21.019484" level="INFO">${json_data} = {'results': [{'gender': 'female', 'name': {'title': 'Miss', 'first': 'فاطمه زهرا', 'last': 'صدر'}, 'location': {'street': {'number': 2551, 'name': 'برادران سلیمانی'}, 'city': 'تهران', 'state': 'اصفهان...</msg>
<var>${json_data}</var>
<arg>${response.json()}</arg>
<doc>Returns the given values which can then be assigned to a variables.</doc>
<status status="PASS" start="2024-05-10T20:14:21.019010" elapsed="0.000504"/>
</kw>
<kw name="Log" owner="BuiltIn">
<msg time="2024-05-10T20:14:21.019968" level="INFO">{'results': [{'gender': 'female', 'name': {'title': 'Miss', 'first': 'فاطمه زهرا', 'last': 'صدر'}, 'location': {'street': {'number': 2551, 'name': 'برادران سلیمانی'}, 'city': 'تهران', 'state': 'اصفهان', 'country': 'Iran', 'postcode': 33750, 'coordinates': {'latitude': '14.0412', 'longitude': '57.1164'}, 'timezone': {'offset': '+5:30', 'description': 'Bombay, Calcutta, Madras, New Delhi'}}, 'email': 'ftmhzhr.sdr@example.com', 'login': {'uuid': '962b4251-4521-4ff0-acdb-7f3a563aa1d9', 'username': 'sadladybug949', 'password': 'space', 'salt': 'wle00a3W', 'md5': '9b608cb027fd22036b05c73ed7e98708', 'sha1': '58ad9abc49c06460cbbdc62ef986eaf3815c370c', 'sha256': '14acb2630c7c3188a812021614ff6103fbd0ea258fd066ed9dbd5564653e593e'}, 'dob': {'date': '1956-04-08T05:24:57.390Z', 'age': 68}, 'registered': {'date': '2015-05-19T10:29:40.545Z', 'age': 8}, 'phone': '042-66185630', 'cell': '0970-032-2992', 'id': {'name': '', 'value': None}, 'picture': {'large': 'https://randomuser.me/api/portraits/women/30.jpg', 'medium': 'https://randomuser.me/api/portraits/med/women/30.jpg', 'thumbnail': 'https://randomuser.me/api/portraits/thumb/women/30.jpg'}, 'nat': 'IR'}], 'info': {'seed': 'a552e2247ccc4147', 'results': 1, 'page': 1, 'version': '1.4'}}</msg>
<arg>${json_data}</arg>
<doc>Logs the given message with the given level.</doc>
<status status="PASS" start="2024-05-10T20:14:21.019813" elapsed="0.000236"/>
</kw>
<kw name="Should Be Equal As Numbers" owner="BuiltIn">
<arg>${json_data['results'][0]['location']['postcode']}</arg>
<arg>${json_data['results'][0]['location']['postcode']}</arg>
<doc>Fails if objects are unequal after converting them to real numbers.</doc>
<status status="PASS" start="2024-05-10T20:14:21.020346" elapsed="0.000745"/>
</kw>
<kw name="Log" owner="BuiltIn">
<msg time="2024-05-10T20:14:21.021617" level="INFO">33750</msg>
<arg>${json_data['results'][0]['location']['postcode']}</arg>
<doc>Logs the given message with the given level.</doc>
<status status="PASS" start="2024-05-10T20:14:21.021283" elapsed="0.000373"/>
</kw>
<status status="PASS" start="2024-05-10T20:14:20.898510" elapsed="0.123393"/>
</kw>
<doc>Testa se os tipos de dados na resposta da API estão corretos.</doc>
<tag>testeTiposDados</tag>
<status status="PASS" start="2024-05-10T20:14:20.812406" elapsed="0.209650"/>
</test>
<test id="s1-s1-t5" name="Validar conteudo" line="35">
<kw name="Teste de Tipos de Conteudo" owner="random-user-service">
<kw name="GET On Session" owner="RequestsLibrary">
<msg time="2024-05-10T20:14:21.101325" level="INFO">GET Request : url=https://randomuser.me/api 
 path_url=/api 
 headers={'User-Agent': 'python-requests/2.31.0', 'Accept-Encoding': 'gzip, deflate', 'Accept': '*/*', 'Connection': 'keep-alive'} 
 body=None 
 </msg>
<msg time="2024-05-10T20:14:21.101387" level="INFO">GET Response : url=https://randomuser.me/api 
 status=200, reason=OK 
 headers={'Date': 'Fri, 10 May 2024 20:14:21 GMT', 'Content-Type': 'application/json; charset=utf-8', 'Transfer-Encoding': 'chunked', 'Connection': 'keep-alive', 'X-Powered-By': 'Express', 'Access-Control-Allow-Origin': '*', 'Cache-Control': 'no-cache', 'ETag': 'W/"477-giB95N+PiCHGbg7Yiu9REiElBtg"', 'Vary': 'Accept-Encoding', 'Content-Encoding': 'gzip', 'CF-Cache-Status': 'DYNAMIC', 'Report-To': '{"endpoints":[{"url":"https:\\/\\/a.nel.cloudflare.com\\/report\\/v4?s=Y9TcNjgQIwLJ5wcjWDCfo45T672PkZEkRPGD%2B4aBhRshJhthGXmikTJ98%2BAuYPwvm3EQLk57Cw3Fg4cW%2B68C6bpAaMpGz6mV3o3yJQhrqv2aa9WCI2X%2F%2Fy1D%2Fm5Wk4EX"}],"group":"cf-nel","max_age":604800}', 'NEL': '{"success_fraction":0,"report_to":"cf-nel","max_age":604800}', 'Server': 'cloudflare', 'CF-RAY': '881c98556c40a243-ORD', 'alt-svc': 'h3=":443"; ma=86400'} 
 body={"results":[{"gender":"female","name":{"title":"Ms","first":"Emilie","last":"Gagné"},"location":{"street":{"number":2356,"name":"Park Rd"},"city":"South River","state":"Yukon","country":"Canada","postcode":"V3C 3K8","coordinates":{"latitude":"-72.0975","longitude":"24.5306"},"timezone":{"offset":"+5:45","description":"Kathmandu"}},"email":"emilie.gagne@example.com","login":{"uuid":"65fc3acf-4e76-4d21-897a-e754dae98931","username":"purpletiger497","password":"iverson3","salt":"5EyZihFJ","md5":"989e7a7b9f4140030770c1d81d301d5e","sha1":"5a631eb4663afe2b4d91a393366bb06a3ef98e18","sha256":"70bcd90a5e6c467df0d096784227bebcd9659eb95c0ce97418170cf838a0206d"},"dob":{"date":"1964-04-14T20:47:13.505Z","age":60},"registered":{"date":"2007-10-26T15:38:07.112Z","age":16},"phone":"R95 O62-0154","cell":"H69 D20-4757","id":{"name":"SIN","value":"680606365"},"picture":{"large":"https://randomuser.me/api/portraits/women/79.jpg","medium":"https://randomuser.me/api/portraits/med/women/79.jpg","thumbnail":"https://randomuser.me/api/portraits/thumb/women/79.jpg"},"nat":"CA"}],"info":{"seed":"311045498643ea2a","results":1,"page":1,"version":"1.4"}} 
 </msg>
<msg time="2024-05-10T20:14:21.101441" level="INFO">/opt/hostedtoolcache/Python/3.12.3/x64/lib/python3.12/site-packages/urllib3/connectionpool.py:1103: InsecureRequestWarning: Unverified HTTPS request is being made to host 'randomuser.me'. Adding certificate verification is strongly advised. See: https://urllib3.readthedocs.io/en/latest/advanced-usage.html#tls-warnings
  warnings.warn(</msg>
<msg time="2024-05-10T20:14:21.101543" level="INFO">${response} = &lt;Response [200]&gt;</msg>
<var>${response}</var>
<arg>consultarAPI</arg>
<arg>/api</arg>
<doc>Sends a GET request on a previously created HTTP Session.</doc>
<status status="PASS" start="2024-05-10T20:14:21.024455" elapsed="0.077126"/>
</kw>
<kw name="Set Variable" owner="BuiltIn">
<msg time="2024-05-10T20:14:21.102368" level="INFO">${json_data} = {'results': [{'gender': 'female', 'name': {'title': 'Ms', 'first': 'Emilie', 'last': 'Gagné'}, 'location': {'street': {'number': 2356, 'name': 'Park Rd'}, 'city': 'South River', 'state': 'Yukon', 'cou...</msg>
<var>${json_data}</var>
<arg>${response.json()}</arg>
<doc>Returns the given values which can then be assigned to a variables.</doc>
<status status="PASS" start="2024-05-10T20:14:21.101931" elapsed="0.000465"/>
</kw>
<kw name="Set Variable" owner="BuiltIn">
<msg time="2024-05-10T20:14:21.103074" level="INFO">${name_title} = Ms</msg>
<var>${name_title}</var>
<arg>${json_data["results"][0]["name"]["title"]}</arg>
<doc>Returns the given values which can then be assigned to a variables.</doc>
<status status="PASS" start="2024-05-10T20:14:21.102698" elapsed="0.000401"/>
</kw>
<kw name="Create List" owner="BuiltIn">
<msg time="2024-05-10T20:14:21.103566" level="INFO">${allowed_titles} = ['Mr', 'Ms', 'Miss', 'Mrs', 'Madame', 'Monsieur']</msg>
<var>${allowed_titles}</var>
<arg>Mr</arg>
<arg>Ms</arg>
<arg>Miss</arg>
<arg>Mrs</arg>
<arg>Madame</arg>
<arg>Monsieur</arg>
<doc>Returns a list containing given items.</doc>
<status status="PASS" start="2024-05-10T20:14:21.103422" elapsed="0.000167"/>
</kw>
<kw name="List Should Contain Value" owner="Collections">
<msg time="2024-05-10T20:14:21.104043" level="INFO">False</msg>
<arg>${allowed_titles}</arg>
<arg>${name_title}</arg>
<doc>Fails if the ``value`` is not found from ``list``.</doc>
<status status="PASS" start="2024-05-10T20:14:21.103879" elapsed="0.000199"/>
</kw>
<kw name="Set Variable" owner="BuiltIn">
<msg time="2024-05-10T20:14:21.104740" level="INFO">${name_country} = CA</msg>
<var>${name_country}</var>
<arg>${json_data["results"][0]["nat"]}</arg>
<doc>Returns the given values which can then be assigned to a variables.</doc>
<status status="PASS" start="2024-05-10T20:14:21.104365" elapsed="0.000399"/>
</kw>
<kw name="Create List" owner="BuiltIn">
<msg time="2024-05-10T20:14:21.105644" level="INFO">${list_country} = ['AD', 'AE', 'AF', 'AG', 'AI', 'AL', 'AM', 'AO', 'AQ', 'AR', 'AS', 'AT', 'AU', 'AW', 'AX', 'AZ', 'BA', 'BB', 'BD', 'BE', 'BF', 'BG', 'BH', 'BI', 'BJ', 'BL', 'BM', 'BN', 'BO', 'BQ', 'BR', 'BS', 'BT', '...</msg>
<var>${list_country}</var>
<arg>AD</arg>
<arg>AE</arg>
<arg>AF</arg>
<arg>AG</arg>
<arg>AI</arg>
<arg>AL</arg>
<arg>AM</arg>
<arg>AO</arg>
<arg>AQ</arg>
<arg>AR</arg>
<arg>AS</arg>
<arg>AT</arg>
<arg>AU</arg>
<arg>AW</arg>
<arg>AX</arg>
<arg>AZ</arg>
<arg>BA</arg>
<arg>BB</arg>
<arg>BD</arg>
<arg>BE</arg>
<arg>BF</arg>
<arg>BG</arg>
<arg>BH</arg>
<arg>BI</arg>
<arg>BJ</arg>
<arg>BL</arg>
<arg>BM</arg>
<arg>BN</arg>
<arg>BO</arg>
<arg>BQ</arg>
<arg>BR</arg>
<arg>BS</arg>
<arg>BT</arg>
<arg>BV</arg>
<arg>BW</arg>
<arg>BY</arg>
<arg>BZ</arg>
<arg>CA</arg>
<arg>CC</arg>
<arg>CD</arg>
<arg>CF</arg>
<arg>CG</arg>
<arg>CH</arg>
<arg>CI</arg>
<arg>CK</arg>
<arg>CL</arg>
<arg>CM</arg>
<arg>CN</arg>
<arg>CO</arg>
<arg>CR</arg>
<arg>CU</arg>
<arg>CV</arg>
<arg>CW</arg>
<arg>CX</arg>
<arg>CY</arg>
<arg>CZ</arg>
<arg>DE</arg>
<arg>DJ</arg>
<arg>DK</arg>
<arg>DM</arg>
<arg>DO</arg>
<arg>DZ</arg>
<arg>EC</arg>
<arg>EE</arg>
<arg>EG</arg>
<arg>EH</arg>
<arg>ER</arg>
<arg>ES</arg>
<arg>ET</arg>
<arg>FI</arg>
<arg>FJ</arg>
<arg>FK</arg>
<arg>FM</arg>
<arg>FO</arg>
<arg>FR</arg>
<arg>GA</arg>
<arg>GB</arg>
<arg>GD</arg>
<arg>GE</arg>
<arg>GF</arg>
<arg>GG</arg>
<arg>GH</arg>
<arg>GI</arg>
<arg>GL</arg>
<arg>GM</arg>
<arg>GN</arg>
<arg>GP</arg>
<arg>GQ</arg>
<arg>GR</arg>
<arg>GS</arg>
<arg>GT</arg>
<arg>GU</arg>
<arg>GW</arg>
<arg>GY</arg>
<arg>HK</arg>
<arg>HM</arg>
<arg>HN</arg>
<arg>HR</arg>
<arg>HT</arg>
<arg>HU</arg>
<arg>ID</arg>
<arg>IE</arg>
<arg>IL</arg>
<arg>IM</arg>
<arg>IN</arg>
<arg>IO</arg>
<arg>IQ</arg>
<arg>IR</arg>
<arg>IS</arg>
<arg>IT</arg>
<arg>JE</arg>
<arg>JM</arg>
<arg>JO</arg>
<arg>JP</arg>
<arg>KE</arg>
<arg>KG</arg>
<arg>KH</arg>
<arg>KI</arg>
<arg>KM</arg>
<arg>KN</arg>
<arg>KP</arg>
<arg>KR</arg>
<arg>KW</arg>
<arg>KY</arg>
<arg>KZ</arg>
<arg>LA</arg>
<arg>LB</arg>
<arg>LC</arg>
<arg>LI</arg>
<arg>LK</arg>
<arg>LR</arg>
<arg>LS</arg>
<arg>LT</arg>
<arg>LU</arg>
<arg>LV</arg>
<arg>LY</arg>
<arg>MA</arg>
<arg>MC</arg>
<arg>MD</arg>
<arg>ME</arg>
<arg>MF</arg>
<arg>MG</arg>
<arg>MH</arg>
<arg>MK</arg>
<arg>ML</arg>
<arg>MM</arg>
<arg>MN</arg>
<arg>MO</arg>
<arg>MP</arg>
<arg>MQ</arg>
<arg>MR</arg>
<arg>MS</arg>
<arg>MT</arg>
<arg>MU</arg>
<arg>MV</arg>
<arg>MW</arg>
<arg>MX</arg>
<arg>MY</arg>
<arg>MZ</arg>
<arg>NA</arg>
<arg>NC</arg>
<arg>NE</arg>
<arg>NF</arg>
<arg>NG</arg>
<arg>NI</arg>
<arg>NL</arg>
<arg>NO</arg>
<arg>NP</arg>
<arg>NR</arg>
<arg>NU</arg>
<arg>NZ</arg>
<arg>OM</arg>
<arg>PA</arg>
<arg>PE</arg>
<arg>PF</arg>
<arg>PG</arg>
<arg>PH</arg>
<arg>PK</arg>
<arg>PL</arg>
<arg>PM</arg>
<arg>PN</arg>
<arg>PR</arg>
<arg>PS</arg>
<arg>PT</arg>
<arg>PW</arg>
<arg>PY</arg>
<arg>QA</arg>
<arg>RE</arg>
<arg>RO</arg>
<arg>RS</arg>
<arg>RU</arg>
<arg>RW</arg>
<arg>SA</arg>
<arg>SB</arg>
<arg>SC</arg>
<arg>SD</arg>
<arg>SE</arg>
<arg>SG</arg>
<arg>SH</arg>
<arg>SI</arg>
<arg>SJ</arg>
<arg>SK</arg>
<arg>SL</arg>
<arg>SM</arg>
<arg>SN</arg>
<arg>SO</arg>
<arg>SR</arg>
<arg>SS</arg>
<arg>ST</arg>
<arg>SV</arg>
<arg>SX</arg>
<arg>SY</arg>
<arg>SZ</arg>
<arg>TC</arg>
<arg>TD</arg>
<arg>TF</arg>
<arg>TG</arg>
<arg>TH</arg>
<arg>TJ</arg>
<arg>TK</arg>
<arg>TL</arg>
<arg>TM</arg>
<arg>TN</arg>
<arg>TO</arg>
<arg>TR</arg>
<arg>TT</arg>
<arg>TV</arg>
<arg>TW</arg>
<arg>TZ</arg>
<arg>UA</arg>
<arg>UG</arg>
<arg>UM</arg>
<arg>US</arg>
<arg>UY</arg>
<arg>UZ</arg>
<arg>VA</arg>
<arg>VC</arg>
<arg>VE</arg>
<arg>VG</arg>
<arg>VI</arg>
<arg>VN</arg>
<arg>VU</arg>
<arg>WF</arg>
<arg>WS</arg>
<arg>XK</arg>
<arg>YE</arg>
<arg>YT</arg>
<arg>ZA</arg>
<arg>ZM</arg>
<arg>ZW</arg>
<doc>Returns a list containing given items.</doc>
<status status="PASS" start="2024-05-10T20:14:21.105059" elapsed="0.000610"/>
</kw>
<kw name="List Should Contain Value" owner="Collections">
<msg time="2024-05-10T20:14:21.106647" level="INFO">False</msg>
<arg>${list_country}</arg>
<arg>${name_country}</arg>
<doc>Fails if the ``value`` is not found from ``list``.</doc>
<status status="PASS" start="2024-05-10T20:14:21.106452" elapsed="0.000232"/>
</kw>
<kw name="Run Keyword If" owner="BuiltIn">
<kw name="Should Be True" owner="BuiltIn">
<arg>${True}</arg>
<doc>Fails if the given condition is not true.</doc>
<status status="PASS" start="2024-05-10T20:14:21.107764" elapsed="0.000141"/>
</kw>
<arg>${json_data["results"][0]["location"]["coordinates"]["latitude"]} &gt;= -90 and ${json_data["results"][0]["location"]["coordinates"]["latitude"]} &lt;= 90</arg>
<arg>Should Be True</arg>
<arg>${True}</arg>
<doc>Runs the given keyword with the given arguments, if ``condition`` is true.</doc>
<status status="PASS" start="2024-05-10T20:14:21.106985" elapsed="0.001043"/>
</kw>
<kw name="Run Keyword If" owner="BuiltIn">
<kw name="Should Be True" owner="BuiltIn">
<arg>${True}</arg>
<doc>Fails if the given condition is not true.</doc>
<status status="PASS" start="2024-05-10T20:14:21.108901" elapsed="0.000235"/>
</kw>
<arg>${json_data["results"][0]["location"]["coordinates"]["longitude"]} &gt;= -180 and ${json_data["results"][0]["location"]["coordinates"]["longitude"]} &lt;= 180</arg>
<arg>Should Be True</arg>
<arg>${True}</arg>
<doc>Runs the given keyword with the given arguments, if ``condition`` is true.</doc>
<status status="PASS" start="2024-05-10T20:14:21.108209" elapsed="0.001052"/>
</kw>
<status status="PASS" start="2024-05-10T20:14:21.024239" elapsed="0.085150"/>
</kw>
<doc>Testa o conteúdo específico dos campos retornados pela API.</doc>
<tag>testeConteudo</tag>
<status status="PASS" start="2024-05-10T20:14:21.023828" elapsed="0.085699"/>
</test>
<status status="PASS" start="2024-05-10T20:14:20.308879" elapsed="0.802558"/>
</suite>
<status status="PASS" start="2024-05-10T20:14:20.295432" elapsed="0.821026"/>
</suite>
<statistics>
<total>
<stat pass="5" fail="0" skip="0">All Tests</stat>
</total>
<tag>
<stat pass="1" fail="0" skip="0">testeConteudo</stat>
<stat pass="1" fail="0" skip="0">testeEstruturaResposta</stat>
<stat pass="1" fail="0" skip="0">testeRequisicaoBasica</stat>
<stat pass="1" fail="0" skip="0">testeTiposDados</stat>
</tag>
<suite>
<stat pass="5" fail="0" skip="0" id="s1" name="Tests">Tests</stat>
<stat pass="5" fail="0" skip="0" id="s1-s1" name="Random-User-Test">Tests.Random-User-Test</stat>
</suite>
</statistics>
<errors>
</errors>
</robot>
