<?xml version="1.0" encoding="UTF-8"?>
<robot generator="Robot 7.0 (Python 3.12.3 on linux)" generated="2024-04-24T21:13:28.586742" rpa="false" schemaversion="5">
<suite id="s1" name="Tests" source="/home/runner/work/DesafioQAItauRogerioJordao/DesafioQAItauRogerioJordao/RamdonUser/tests">
<suite id="s1-s1" name="Random-User-Test" source="/home/runner/work/DesafioQAItauRogerioJordao/DesafioQAItauRogerioJordao/RamdonUser/tests/random-user-test.robot">
<test id="s1-s1-t1" name="Conectar" line="13">
<kw name="Conectar API" owner="random-user-service">
<kw name="Create Session" owner="RequestsLibrary">
<msg time="2024-04-24T21:13:28.983904" level="INFO">Creating Session using : alias=consultarAPI, url=https://randomuser.me/, headers={},                     cookies={}, auth=None, timeout=None, proxies=None, verify=False,                     debug=0 </msg>
<arg>consultarAPI</arg>
<arg>${URL}</arg>
<doc>Create Session: create a HTTP session to a server</doc>
<status status="PASS" start="2024-04-24T21:13:28.983679" elapsed="0.000484"/>
</kw>
<status status="PASS" start="2024-04-24T21:13:28.982592" elapsed="0.001996"/>
</kw>
<status status="PASS" start="2024-04-24T21:13:28.981825" elapsed="0.002963"/>
</test>
<test id="s1-s1-t2" name="Validar retorno 200 e JSON Válido" line="16">
<kw name="Teste de Requisicao Basica" owner="random-user-service">
<kw name="GET On Session" owner="RequestsLibrary">
<msg time="2024-04-24T21:13:29.097228" level="INFO">GET Request : url=https://randomuser.me/api 
 path_url=/api 
 headers={'User-Agent': 'python-requests/2.31.0', 'Accept-Encoding': 'gzip, deflate', 'Accept': '*/*', 'Connection': 'keep-alive'} 
 body=None 
 </msg>
<msg time="2024-04-24T21:13:29.097387" level="INFO">GET Response : url=https://randomuser.me/api 
 status=200, reason=OK 
 headers={'Date': 'Wed, 24 Apr 2024 21:13:29 GMT', 'Content-Type': 'application/json; charset=utf-8', 'Transfer-Encoding': 'chunked', 'Connection': 'keep-alive', 'X-Powered-By': 'Express', 'Access-Control-Allow-Origin': '*', 'Cache-Control': 'no-cache', 'ETag': 'W/"493-eXrCi4/9/Xw//AAPDW5kSr7dyXE"', 'Vary': 'Accept-Encoding', 'Content-Encoding': 'gzip', 'CF-Cache-Status': 'DYNAMIC', 'Report-To': '{"endpoints":[{"url":"https:\\/\\/a.nel.cloudflare.com\\/report\\/v4?s=4X8CWKpuZV0OeRK%2FNgJWxsgTT131Bl6sRUeYIZVya0R9YGqDE2s%2B%2BdS3lRYImLdanyfHR6jZmU5HIj8Oq%2B%2FOdBE5cGVOv90N%2BUOyCrk9fcaYF1Cf%2FzofK%2BZIuzWrEeEm"}],"group":"cf-nel","max_age":604800}', 'NEL': '{"success_fraction":0,"report_to":"cf-nel","max_age":604800}', 'Server': 'cloudflare', 'CF-RAY': '879918f45b5615da-SJC', 'alt-svc': 'h3=":443"; ma=86400'} 
 body={"results":[{"gender":"female","name":{"title":"Mrs","first":"Antonida","last":"Pavelko"},"location":{"street":{"number":6561,"name":"Abhazka"},"city":"Debalceve","state":"Chernivecka","country":"Ukraine","postcode":65421,"coordinates":{"latitude":"80.6540","longitude":"20.0650"},"timezone":{"offset":"+9:00","description":"Tokyo, Seoul, Osaka, Sapporo, Yakutsk"}},"email":"antonida.pavelko@example.com","login":{"uuid":"1a9da03f-9370-4c66-a8f7-c0d9b12b5988","username":"lazyrabbit106","password":"village","salt":"pEaVzxAG","md5":"dfb34b3c7c17c28e726cab0fb34a3589","sha1":"958c1e3d389b5924bda581eaf220bae7d06e3d2e","sha256":"3a16bc00d6fef4f40fce64f3ac8c8fe77792fd8975d391a689c6f5690f17a809"},"dob":{"date":"1994-02-23T22:10:44.289Z","age":30},"registered":{"date":"2013-10-27T21:16:00.349Z","age":10},"phone":"(066) E63-5558","cell":"(099) T16-1194","id":{"name":"","value":null},"picture":{"large":"https://randomuser.me/api/portraits/women/71.jpg","medium":"https://randomuser.me/api/portraits/med/women/71.jpg","thumbnail":"https://randomuser.me/api/portraits/thumb/women/71.jpg"},"nat":"UA"}],"info":{"seed":"7749ab60ef0f6a37","results":1,"page":1,"version":"1.4"}} 
 </msg>
<msg time="2024-04-24T21:13:29.097476" level="INFO">/opt/hostedtoolcache/Python/3.12.3/x64/lib/python3.12/site-packages/urllib3/connectionpool.py:1103: InsecureRequestWarning: Unverified HTTPS request is being made to host 'randomuser.me'. Adding certificate verification is strongly advised. See: https://urllib3.readthedocs.io/en/latest/advanced-usage.html#tls-warnings
  warnings.warn(</msg>
<msg time="2024-04-24T21:13:29.097644" level="INFO">${response} = &lt;Response [200]&gt;</msg>
<var>${response}</var>
<arg>consultarAPI</arg>
<arg>/api</arg>
<doc>Sends a GET request on a previously created HTTP Session.</doc>
<status status="PASS" start="2024-04-24T21:13:28.987627" elapsed="0.110062"/>
</kw>
<kw name="Should Be Equal As Numbers" owner="BuiltIn">
<msg time="2024-04-24T21:13:29.098741" level="INFO">Argument types are:
&lt;class 'int'&gt;
&lt;class 'str'&gt;</msg>
<arg>${response.status_code}</arg>
<arg>200</arg>
<doc>Fails if objects are unequal after converting them to real numbers.</doc>
<status status="PASS" start="2024-04-24T21:13:29.098271" elapsed="0.000536"/>
</kw>
<kw name="Log" owner="BuiltIn">
<msg time="2024-04-24T21:13:29.099526" level="INFO">200</msg>
<arg>${response.status_code}</arg>
<doc>Logs the given message with the given level.</doc>
<status status="PASS" start="2024-04-24T21:13:29.099168" elapsed="0.000403"/>
</kw>
<kw name="Set Variable" owner="BuiltIn">
<msg time="2024-04-24T21:13:29.100372" level="INFO">${json_data} = {'results': [{'gender': 'female', 'name': {'title': 'Mrs', 'first': 'Antonida', 'last': 'Pavelko'}, 'location': {'street': {'number': 6561, 'name': 'Abhazka'}, 'city': 'Debalceve', 'state': 'Chernivec...</msg>
<var>${json_data}</var>
<arg>${response.json()}</arg>
<doc>Returns the given values which can then be assigned to a variables.</doc>
<status status="PASS" start="2024-04-24T21:13:29.099885" elapsed="0.000516"/>
</kw>
<kw name="Dictionary Should Contain Key" owner="Collections">
<msg time="2024-04-24T21:13:29.100897" level="INFO">False</msg>
<arg>${json_data}</arg>
<arg>results</arg>
<doc>Fails if ``key`` is not found from ``dictionary``.</doc>
<status status="PASS" start="2024-04-24T21:13:29.100712" elapsed="0.000233"/>
</kw>
<status status="PASS" start="2024-04-24T21:13:28.987353" elapsed="0.113868"/>
</kw>
<doc>Testa se a API responde corretamente e retorna um objeto JSON válido.</doc>
<tag>testeRequisicaoBasica</tag>
<status status="PASS" start="2024-04-24T21:13:28.986738" elapsed="0.114667"/>
</test>
<test id="s1-s1-t3" name="Validar estrutura de resposta" line="22">
<kw name="Teste de Estrutura de Resposta" owner="random-user-service">
<kw name="GET On Session" owner="RequestsLibrary">
<msg time="2024-04-24T21:13:29.204821" level="INFO">GET Request : url=https://randomuser.me/api 
 path_url=/api 
 headers={'User-Agent': 'python-requests/2.31.0', 'Accept-Encoding': 'gzip, deflate', 'Accept': '*/*', 'Connection': 'keep-alive'} 
 body=None 
 </msg>
<msg time="2024-04-24T21:13:29.204947" level="INFO">GET Response : url=https://randomuser.me/api 
 status=200, reason=OK 
 headers={'Date': 'Wed, 24 Apr 2024 21:13:29 GMT', 'Content-Type': 'application/json; charset=utf-8', 'Transfer-Encoding': 'chunked', 'Connection': 'keep-alive', 'X-Powered-By': 'Express', 'Access-Control-Allow-Origin': '*', 'Cache-Control': 'no-cache', 'ETag': 'W/"470-mqDtTLj1GwV8aOKSHbo1WYNjayI"', 'Vary': 'Accept-Encoding', 'Content-Encoding': 'gzip', 'CF-Cache-Status': 'DYNAMIC', 'Report-To': '{"endpoints":[{"url":"https:\\/\\/a.nel.cloudflare.com\\/report\\/v4?s=fpYK0Yk%2FkLbgTU5wRuhd9sSKNiRq3lz637WcvjXjJLu6azeFq3SikYgfPPSLQ%2BzM71xZMRwCgSCpgwXI%2BoTzke3SknzhF3TdQ%2Bb1awfWg5i%2FKAIhN2XLUKgNlUBBxnm%2F"}],"group":"cf-nel","max_age":604800}', 'NEL': '{"success_fraction":0,"report_to":"cf-nel","max_age":604800}', 'Server': 'cloudflare', 'CF-RAY': '879918f4ebd915da-SJC', 'alt-svc': 'h3=":443"; ma=86400'} 
 body={"results":[{"gender":"male","name":{"title":"Mr","first":"Horácio","last":"Lima"},"location":{"street":{"number":5577,"name":"Rua São João "},"city":"Belém","state":"Alagoas","country":"Brazil","postcode":14726,"coordinates":{"latitude":"-79.7956","longitude":"-2.6476"},"timezone":{"offset":"-9:00","description":"Alaska"}},"email":"horacio.lima@example.com","login":{"uuid":"7818c100-08f0-4058-af40-45dcfa7f2ffd","username":"crazybear348","password":"vides","salt":"cF8ccvGx","md5":"d4f12e5e891407cd8e509ba4fd14341b","sha1":"79eb4dd13d4a7aa953162aec76b39a069832d390","sha256":"c6f8274c1c3074f769d393381471034b3747b4b4b10d6b0813890c12752093c8"},"dob":{"date":"1965-09-22T22:22:28.168Z","age":58},"registered":{"date":"2019-01-04T20:44:27.143Z","age":5},"phone":"(96) 4919-9824","cell":"(01) 8255-5675","id":{"name":"CPF","value":"156.563.934-40"},"picture":{"large":"https://randomuser.me/api/portraits/men/76.jpg","medium":"https://randomuser.me/api/portraits/med/men/76.jpg","thumbnail":"https://randomuser.me/api/portraits/thumb/men/76.jpg"},"nat":"BR"}],"info":{"seed":"9d9b946b1fa9d9d5","results":1,"page":1,"version":"1.4"}} 
 </msg>
<msg time="2024-04-24T21:13:29.205112" level="INFO">/opt/hostedtoolcache/Python/3.12.3/x64/lib/python3.12/site-packages/urllib3/connectionpool.py:1103: InsecureRequestWarning: Unverified HTTPS request is being made to host 'randomuser.me'. Adding certificate verification is strongly advised. See: https://urllib3.readthedocs.io/en/latest/advanced-usage.html#tls-warnings
  warnings.warn(</msg>
<msg time="2024-04-24T21:13:29.205275" level="INFO">${response} = &lt;Response [200]&gt;</msg>
<var>${response}</var>
<arg>consultarAPI</arg>
<arg>/api</arg>
<doc>Sends a GET request on a previously created HTTP Session.</doc>
<status status="PASS" start="2024-04-24T21:13:29.104421" elapsed="0.100898"/>
</kw>
<kw name="Set Variable" owner="BuiltIn">
<msg time="2024-04-24T21:13:29.206503" level="INFO">${json_data} = {'results': [{'gender': 'male', 'name': {'title': 'Mr', 'first': 'Horácio', 'last': 'Lima'}, 'location': {'street': {'number': 5577, 'name': 'Rua São João '}, 'city': 'Belém', 'state': 'Alagoas', 'cou...</msg>
<var>${json_data}</var>
<arg>${response.json()}</arg>
<doc>Returns the given values which can then be assigned to a variables.</doc>
<status status="PASS" start="2024-04-24T21:13:29.205917" elapsed="0.000617"/>
</kw>
<kw name="Log" owner="BuiltIn">
<msg time="2024-04-24T21:13:29.207024" level="INFO">{'results': [{'gender': 'male', 'name': {'title': 'Mr', 'first': 'Horácio', 'last': 'Lima'}, 'location': {'street': {'number': 5577, 'name': 'Rua São João '}, 'city': 'Belém', 'state': 'Alagoas', 'country': 'Brazil', 'postcode': 14726, 'coordinates': {'latitude': '-79.7956', 'longitude': '-2.6476'}, 'timezone': {'offset': '-9:00', 'description': 'Alaska'}}, 'email': 'horacio.lima@example.com', 'login': {'uuid': '7818c100-08f0-4058-af40-45dcfa7f2ffd', 'username': 'crazybear348', 'password': 'vides', 'salt': 'cF8ccvGx', 'md5': 'd4f12e5e891407cd8e509ba4fd14341b', 'sha1': '79eb4dd13d4a7aa953162aec76b39a069832d390', 'sha256': 'c6f8274c1c3074f769d393381471034b3747b4b4b10d6b0813890c12752093c8'}, 'dob': {'date': '1965-09-22T22:22:28.168Z', 'age': 58}, 'registered': {'date': '2019-01-04T20:44:27.143Z', 'age': 5}, 'phone': '(96) 4919-9824', 'cell': '(01) 8255-5675', 'id': {'name': 'CPF', 'value': '156.563.934-40'}, 'picture': {'large': 'https://randomuser.me/api/portraits/men/76.jpg', 'medium': 'https://randomuser.me/api/portraits/med/men/76.jpg', 'thumbnail': 'https://randomuser.me/api/portraits/thumb/men/76.jpg'}, 'nat': 'BR'}], 'info': {'seed': '9d9b946b1fa9d9d5', 'results': 1, 'page': 1, 'version': '1.4'}}</msg>
<arg>${json_data}</arg>
<doc>Logs the given message with the given level.</doc>
<status status="PASS" start="2024-04-24T21:13:29.206853" elapsed="0.000223"/>
</kw>
<kw name="Dictionary Should Contain Key" owner="Collections">
<msg time="2024-04-24T21:13:29.207547" level="INFO">False</msg>
<arg>${json_data}</arg>
<arg>results</arg>
<doc>Fails if ``key`` is not found from ``dictionary``.</doc>
<status status="PASS" start="2024-04-24T21:13:29.207381" elapsed="0.000204"/>
</kw>
<kw name="Should Not Be Empty" owner="BuiltIn">
<msg time="2024-04-24T21:13:29.208083" level="INFO">Length is 2.</msg>
<arg>${json_data}</arg>
<doc>Verifies that the given item is not empty.</doc>
<status status="PASS" start="2024-04-24T21:13:29.207885" elapsed="0.000411"/>
</kw>
<kw name="Create List" owner="BuiltIn">
<msg time="2024-04-24T21:13:29.208766" level="INFO">${expected_keys} = ['gender', 'name', 'location', 'email', 'login']</msg>
<var>${expected_keys}</var>
<arg>gender</arg>
<arg>name</arg>
<arg>location</arg>
<arg>email</arg>
<arg>login</arg>
<doc>Returns a list containing given items.</doc>
<status status="PASS" start="2024-04-24T21:13:29.208600" elapsed="0.000191"/>
</kw>
<for flavor="IN">
<iter>
<kw name="Dictionary Should Contain Key" owner="Collections">
<msg time="2024-04-24T21:13:29.209809" level="INFO">False</msg>
<arg>${json_data['results'][0]}</arg>
<arg>${key}</arg>
<doc>Fails if ``key`` is not found from ``dictionary``.</doc>
<status status="PASS" start="2024-04-24T21:13:29.209396" elapsed="0.000453"/>
</kw>
<kw name="Log" owner="BuiltIn">
<msg time="2024-04-24T21:13:29.210536" level="INFO">{'gender': 'male', 'name': {'title': 'Mr', 'first': 'Horácio', 'last': 'Lima'}, 'location': {'street': {'number': 5577, 'name': 'Rua São João '}, 'city': 'Belém', 'state': 'Alagoas', 'country': 'Brazil', 'postcode': 14726, 'coordinates': {'latitude': '-79.7956', 'longitude': '-2.6476'}, 'timezone': {'offset': '-9:00', 'description': 'Alaska'}}, 'email': 'horacio.lima@example.com', 'login': {'uuid': '7818c100-08f0-4058-af40-45dcfa7f2ffd', 'username': 'crazybear348', 'password': 'vides', 'salt': 'cF8ccvGx', 'md5': 'd4f12e5e891407cd8e509ba4fd14341b', 'sha1': '79eb4dd13d4a7aa953162aec76b39a069832d390', 'sha256': 'c6f8274c1c3074f769d393381471034b3747b4b4b10d6b0813890c12752093c8'}, 'dob': {'date': '1965-09-22T22:22:28.168Z', 'age': 58}, 'registered': {'date': '2019-01-04T20:44:27.143Z', 'age': 5}, 'phone': '(96) 4919-9824', 'cell': '(01) 8255-5675', 'id': {'name': 'CPF', 'value': '156.563.934-40'}, 'picture': {'large': 'https://randomuser.me/api/portraits/men/76.jpg', 'medium': 'https://randomuser.me/api/portraits/med/men/76.jpg', 'thumbnail': 'https://randomuser.me/api/portraits/thumb/men/76.jpg'}, 'nat': 'BR'}</msg>
<arg>${json_data['results'][0]}</arg>
<doc>Logs the given message with the given level.</doc>
<status status="PASS" start="2024-04-24T21:13:29.210156" elapsed="0.000430"/>
</kw>
<kw name="Log" owner="BuiltIn">
<msg time="2024-04-24T21:13:29.211021" level="INFO">gender</msg>
<arg>${key}</arg>
<doc>Logs the given message with the given level.</doc>
<status status="PASS" start="2024-04-24T21:13:29.210887" elapsed="0.000172"/>
</kw>
<var name="${key}">gender</var>
<status status="PASS" start="2024-04-24T21:13:29.209261" elapsed="0.002017"/>
</iter>
<iter>
<kw name="Dictionary Should Contain Key" owner="Collections">
<msg time="2024-04-24T21:13:29.211986" level="INFO">False</msg>
<arg>${json_data['results'][0]}</arg>
<arg>${key}</arg>
<doc>Fails if ``key`` is not found from ``dictionary``.</doc>
<status status="PASS" start="2024-04-24T21:13:29.211584" elapsed="0.000439"/>
</kw>
<kw name="Log" owner="BuiltIn">
<msg time="2024-04-24T21:13:29.212722" level="INFO">{'gender': 'male', 'name': {'title': 'Mr', 'first': 'Horácio', 'last': 'Lima'}, 'location': {'street': {'number': 5577, 'name': 'Rua São João '}, 'city': 'Belém', 'state': 'Alagoas', 'country': 'Brazil', 'postcode': 14726, 'coordinates': {'latitude': '-79.7956', 'longitude': '-2.6476'}, 'timezone': {'offset': '-9:00', 'description': 'Alaska'}}, 'email': 'horacio.lima@example.com', 'login': {'uuid': '7818c100-08f0-4058-af40-45dcfa7f2ffd', 'username': 'crazybear348', 'password': 'vides', 'salt': 'cF8ccvGx', 'md5': 'd4f12e5e891407cd8e509ba4fd14341b', 'sha1': '79eb4dd13d4a7aa953162aec76b39a069832d390', 'sha256': 'c6f8274c1c3074f769d393381471034b3747b4b4b10d6b0813890c12752093c8'}, 'dob': {'date': '1965-09-22T22:22:28.168Z', 'age': 58}, 'registered': {'date': '2019-01-04T20:44:27.143Z', 'age': 5}, 'phone': '(96) 4919-9824', 'cell': '(01) 8255-5675', 'id': {'name': 'CPF', 'value': '156.563.934-40'}, 'picture': {'large': 'https://randomuser.me/api/portraits/men/76.jpg', 'medium': 'https://randomuser.me/api/portraits/med/men/76.jpg', 'thumbnail': 'https://randomuser.me/api/portraits/thumb/men/76.jpg'}, 'nat': 'BR'}</msg>
<arg>${json_data['results'][0]}</arg>
<doc>Logs the given message with the given level.</doc>
<status status="PASS" start="2024-04-24T21:13:29.212347" elapsed="0.000425"/>
</kw>
<kw name="Log" owner="BuiltIn">
<msg time="2024-04-24T21:13:29.213205" level="INFO">name</msg>
<arg>${key}</arg>
<doc>Logs the given message with the given level.</doc>
<status status="PASS" start="2024-04-24T21:13:29.213071" elapsed="0.000171"/>
</kw>
<var name="${key}">name</var>
<status status="PASS" start="2024-04-24T21:13:29.211467" elapsed="0.001988"/>
</iter>
<iter>
<kw name="Dictionary Should Contain Key" owner="Collections">
<msg time="2024-04-24T21:13:29.214126" level="INFO">False</msg>
<arg>${json_data['results'][0]}</arg>
<arg>${key}</arg>
<doc>Fails if ``key`` is not found from ``dictionary``.</doc>
<status status="PASS" start="2024-04-24T21:13:29.213745" elapsed="0.000418"/>
</kw>
<kw name="Log" owner="BuiltIn">
<msg time="2024-04-24T21:13:29.214829" level="INFO">{'gender': 'male', 'name': {'title': 'Mr', 'first': 'Horácio', 'last': 'Lima'}, 'location': {'street': {'number': 5577, 'name': 'Rua São João '}, 'city': 'Belém', 'state': 'Alagoas', 'country': 'Brazil', 'postcode': 14726, 'coordinates': {'latitude': '-79.7956', 'longitude': '-2.6476'}, 'timezone': {'offset': '-9:00', 'description': 'Alaska'}}, 'email': 'horacio.lima@example.com', 'login': {'uuid': '7818c100-08f0-4058-af40-45dcfa7f2ffd', 'username': 'crazybear348', 'password': 'vides', 'salt': 'cF8ccvGx', 'md5': 'd4f12e5e891407cd8e509ba4fd14341b', 'sha1': '79eb4dd13d4a7aa953162aec76b39a069832d390', 'sha256': 'c6f8274c1c3074f769d393381471034b3747b4b4b10d6b0813890c12752093c8'}, 'dob': {'date': '1965-09-22T22:22:28.168Z', 'age': 58}, 'registered': {'date': '2019-01-04T20:44:27.143Z', 'age': 5}, 'phone': '(96) 4919-9824', 'cell': '(01) 8255-5675', 'id': {'name': 'CPF', 'value': '156.563.934-40'}, 'picture': {'large': 'https://randomuser.me/api/portraits/men/76.jpg', 'medium': 'https://randomuser.me/api/portraits/med/men/76.jpg', 'thumbnail': 'https://randomuser.me/api/portraits/thumb/men/76.jpg'}, 'nat': 'BR'}</msg>
<arg>${json_data['results'][0]}</arg>
<doc>Logs the given message with the given level.</doc>
<status status="PASS" start="2024-04-24T21:13:29.214463" elapsed="0.000421"/>
</kw>
<kw name="Log" owner="BuiltIn">
<msg time="2024-04-24T21:13:29.215307" level="INFO">location</msg>
<arg>${key}</arg>
<doc>Logs the given message with the given level.</doc>
<status status="PASS" start="2024-04-24T21:13:29.215180" elapsed="0.000165"/>
</kw>
<var name="${key}">location</var>
<status status="PASS" start="2024-04-24T21:13:29.213634" elapsed="0.001941"/>
</iter>
<iter>
<kw name="Dictionary Should Contain Key" owner="Collections">
<msg time="2024-04-24T21:13:29.216290" level="INFO">False</msg>
<arg>${json_data['results'][0]}</arg>
<arg>${key}</arg>
<doc>Fails if ``key`` is not found from ``dictionary``.</doc>
<status status="PASS" start="2024-04-24T21:13:29.215856" elapsed="0.000472"/>
</kw>
<kw name="Log" owner="BuiltIn">
<msg time="2024-04-24T21:13:29.217000" level="INFO">{'gender': 'male', 'name': {'title': 'Mr', 'first': 'Horácio', 'last': 'Lima'}, 'location': {'street': {'number': 5577, 'name': 'Rua São João '}, 'city': 'Belém', 'state': 'Alagoas', 'country': 'Brazil', 'postcode': 14726, 'coordinates': {'latitude': '-79.7956', 'longitude': '-2.6476'}, 'timezone': {'offset': '-9:00', 'description': 'Alaska'}}, 'email': 'horacio.lima@example.com', 'login': {'uuid': '7818c100-08f0-4058-af40-45dcfa7f2ffd', 'username': 'crazybear348', 'password': 'vides', 'salt': 'cF8ccvGx', 'md5': 'd4f12e5e891407cd8e509ba4fd14341b', 'sha1': '79eb4dd13d4a7aa953162aec76b39a069832d390', 'sha256': 'c6f8274c1c3074f769d393381471034b3747b4b4b10d6b0813890c12752093c8'}, 'dob': {'date': '1965-09-22T22:22:28.168Z', 'age': 58}, 'registered': {'date': '2019-01-04T20:44:27.143Z', 'age': 5}, 'phone': '(96) 4919-9824', 'cell': '(01) 8255-5675', 'id': {'name': 'CPF', 'value': '156.563.934-40'}, 'picture': {'large': 'https://randomuser.me/api/portraits/men/76.jpg', 'medium': 'https://randomuser.me/api/portraits/med/men/76.jpg', 'thumbnail': 'https://randomuser.me/api/portraits/thumb/men/76.jpg'}, 'nat': 'BR'}</msg>
<arg>${json_data['results'][0]}</arg>
<doc>Logs the given message with the given level.</doc>
<status status="PASS" start="2024-04-24T21:13:29.216639" elapsed="0.000410"/>
</kw>
<kw name="Log" owner="BuiltIn">
<msg time="2024-04-24T21:13:29.217493" level="INFO">email</msg>
<arg>${key}</arg>
<doc>Logs the given message with the given level.</doc>
<status status="PASS" start="2024-04-24T21:13:29.217365" elapsed="0.000166"/>
</kw>
<var name="${key}">email</var>
<status status="PASS" start="2024-04-24T21:13:29.215747" elapsed="0.002000"/>
</iter>
<iter>
<kw name="Dictionary Should Contain Key" owner="Collections">
<msg time="2024-04-24T21:13:29.218423" level="INFO">False</msg>
<arg>${json_data['results'][0]}</arg>
<arg>${key}</arg>
<doc>Fails if ``key`` is not found from ``dictionary``.</doc>
<status status="PASS" start="2024-04-24T21:13:29.218036" elapsed="0.000425"/>
</kw>
<kw name="Log" owner="BuiltIn">
<msg time="2024-04-24T21:13:29.219122" level="INFO">{'gender': 'male', 'name': {'title': 'Mr', 'first': 'Horácio', 'last': 'Lima'}, 'location': {'street': {'number': 5577, 'name': 'Rua São João '}, 'city': 'Belém', 'state': 'Alagoas', 'country': 'Brazil', 'postcode': 14726, 'coordinates': {'latitude': '-79.7956', 'longitude': '-2.6476'}, 'timezone': {'offset': '-9:00', 'description': 'Alaska'}}, 'email': 'horacio.lima@example.com', 'login': {'uuid': '7818c100-08f0-4058-af40-45dcfa7f2ffd', 'username': 'crazybear348', 'password': 'vides', 'salt': 'cF8ccvGx', 'md5': 'd4f12e5e891407cd8e509ba4fd14341b', 'sha1': '79eb4dd13d4a7aa953162aec76b39a069832d390', 'sha256': 'c6f8274c1c3074f769d393381471034b3747b4b4b10d6b0813890c12752093c8'}, 'dob': {'date': '1965-09-22T22:22:28.168Z', 'age': 58}, 'registered': {'date': '2019-01-04T20:44:27.143Z', 'age': 5}, 'phone': '(96) 4919-9824', 'cell': '(01) 8255-5675', 'id': {'name': 'CPF', 'value': '156.563.934-40'}, 'picture': {'large': 'https://randomuser.me/api/portraits/men/76.jpg', 'medium': 'https://randomuser.me/api/portraits/med/men/76.jpg', 'thumbnail': 'https://randomuser.me/api/portraits/thumb/men/76.jpg'}, 'nat': 'BR'}</msg>
<arg>${json_data['results'][0]}</arg>
<doc>Logs the given message with the given level.</doc>
<status status="PASS" start="2024-04-24T21:13:29.218753" elapsed="0.000419"/>
</kw>
<kw name="Log" owner="BuiltIn">
<msg time="2024-04-24T21:13:29.219607" level="INFO">login</msg>
<arg>${key}</arg>
<doc>Logs the given message with the given level.</doc>
<status status="PASS" start="2024-04-24T21:13:29.219479" elapsed="0.000165"/>
</kw>
<var name="${key}">login</var>
<status status="PASS" start="2024-04-24T21:13:29.217926" elapsed="0.001932"/>
</iter>
<var>${key}</var>
<value>@{expected_keys}</value>
<status status="PASS" start="2024-04-24T21:13:29.209058" elapsed="0.010944"/>
</for>
<kw name="Create List" owner="BuiltIn">
<msg time="2024-04-24T21:13:29.220375" level="INFO">${expected_keysTwo} = ['username', 'password']</msg>
<var>${expected_keysTwo}</var>
<arg>username</arg>
<arg>password</arg>
<doc>Returns a list containing given items.</doc>
<status status="PASS" start="2024-04-24T21:13:29.220229" elapsed="0.000170"/>
</kw>
<for flavor="IN">
<iter>
<kw name="Dictionary Should Contain Key" owner="Collections">
<msg time="2024-04-24T21:13:29.221292" level="INFO">False</msg>
<arg>${json_data['results'][0]['login']}</arg>
<arg>${keyTwo}</arg>
<doc>Fails if ``key`` is not found from ``dictionary``.</doc>
<status status="PASS" start="2024-04-24T21:13:29.220912" elapsed="0.000418"/>
</kw>
<kw name="Dictionary Should Contain Key" owner="Collections">
<msg time="2024-04-24T21:13:29.222018" level="INFO">False</msg>
<arg>${json_data['results'][0]['login']}</arg>
<arg>${keyTwo}</arg>
<doc>Fails if ``key`` is not found from ``dictionary``.</doc>
<status status="PASS" start="2024-04-24T21:13:29.221625" elapsed="0.000431"/>
</kw>
<kw name="Log" owner="BuiltIn">
<msg time="2024-04-24T21:13:29.222474" level="INFO">username</msg>
<arg>${keyTwo}</arg>
<doc>Logs the given message with the given level.</doc>
<status status="PASS" start="2024-04-24T21:13:29.222347" elapsed="0.000169"/>
</kw>
<var name="${keyTwo}">username</var>
<status status="PASS" start="2024-04-24T21:13:29.220802" elapsed="0.001933"/>
</iter>
<iter>
<kw name="Dictionary Should Contain Key" owner="Collections">
<msg time="2024-04-24T21:13:29.223479" level="INFO">False</msg>
<arg>${json_data['results'][0]['login']}</arg>
<arg>${keyTwo}</arg>
<doc>Fails if ``key`` is not found from ``dictionary``.</doc>
<status status="PASS" start="2024-04-24T21:13:29.223016" elapsed="0.000508"/>
</kw>
<kw name="Dictionary Should Contain Key" owner="Collections">
<msg time="2024-04-24T21:13:29.224240" level="INFO">False</msg>
<arg>${json_data['results'][0]['login']}</arg>
<arg>${keyTwo}</arg>
<doc>Fails if ``key`` is not found from ``dictionary``.</doc>
<status status="PASS" start="2024-04-24T21:13:29.223820" elapsed="0.000457"/>
</kw>
<kw name="Log" owner="BuiltIn">
<msg time="2024-04-24T21:13:29.224697" level="INFO">password</msg>
<arg>${keyTwo}</arg>
<doc>Logs the given message with the given level.</doc>
<status status="PASS" start="2024-04-24T21:13:29.224572" elapsed="0.000162"/>
</kw>
<var name="${keyTwo}">password</var>
<status status="PASS" start="2024-04-24T21:13:29.222906" elapsed="0.002047"/>
</iter>
<var>${keyTwo}</var>
<value>@{expected_keysTwo}</value>
<status status="PASS" start="2024-04-24T21:13:29.220643" elapsed="0.004430"/>
</for>
<status status="PASS" start="2024-04-24T21:13:29.104135" elapsed="0.121077"/>
</kw>
<doc>Testa a estrutura da resposta da API.</doc>
<tag>testeEstruturaResposta</tag>
<status status="PASS" start="2024-04-24T21:13:29.103395" elapsed="0.121978"/>
</test>
<test id="s1-s1-t4" name="Validar tipos de dados" line="28">
<kw name="Teste de Tipos de Dados" owner="random-user-service">
<kw name="GET On Session" owner="RequestsLibrary">
<msg time="2024-04-24T21:13:29.310524" level="INFO">GET Request : url=https://randomuser.me/api 
 path_url=/api 
 headers={'User-Agent': 'python-requests/2.31.0', 'Accept-Encoding': 'gzip, deflate', 'Accept': '*/*', 'Connection': 'keep-alive'} 
 body=None 
 </msg>
<msg time="2024-04-24T21:13:29.310625" level="INFO">GET Response : url=https://randomuser.me/api 
 status=200, reason=OK 
 headers={'Date': 'Wed, 24 Apr 2024 21:13:29 GMT', 'Content-Type': 'application/json; charset=utf-8', 'Transfer-Encoding': 'chunked', 'Connection': 'keep-alive', 'X-Powered-By': 'Express', 'Access-Control-Allow-Origin': '*', 'Cache-Control': 'no-cache', 'ETag': 'W/"48a-oqksGGSBcHuUKGlfNDntIDx+1NE"', 'Vary': 'Accept-Encoding', 'Content-Encoding': 'gzip', 'CF-Cache-Status': 'DYNAMIC', 'Report-To': '{"endpoints":[{"url":"https:\\/\\/a.nel.cloudflare.com\\/report\\/v4?s=icjpHV2hRJU7Dd3%2BdCtJJcce5qlXFPEeGWqLcrwca9rlyNGGIMmDELv6t2Gz1DqZt0Z%2Fka9nmCp2D2tpeOQ6gSQ5JFr3juCy6OUW52dKywj9uFgKukudahevhj%2Fb1MQZ"}],"group":"cf-nel","max_age":604800}', 'NEL': '{"success_fraction":0,"report_to":"cf-nel","max_age":604800}', 'Server': 'cloudflare', 'CF-RAY': '879918f5bc6715da-SJC', 'alt-svc': 'h3=":443"; ma=86400'} 
 body={"results":[{"gender":"female","name":{"title":"Ms","first":"Vesna","last":"Ćirić"},"location":{"street":{"number":7972,"name":"Ogista Bopa "},"city":"Bečej","state":"Raška","country":"Serbia","postcode":40387,"coordinates":{"latitude":"62.3701","longitude":"112.4966"},"timezone":{"offset":"+8:00","description":"Beijing, Perth, Singapore, Hong Kong"}},"email":"vesna.ciric@example.com","login":{"uuid":"e1edc91b-535d-49e9-ac0f-307d1418bbf7","username":"yellowduck153","password":"484848","salt":"muYM4JxV","md5":"d841c3ee82eb2f7d6e9be9afe93b6b97","sha1":"edfc49f4f16d31b021a90f933dba8ea614891861","sha256":"cfdf733d560a2dcf59b804e03866945012235866e4ad8b4e527076ac3535b8c2"},"dob":{"date":"1970-12-31T03:23:16.858Z","age":53},"registered":{"date":"2019-05-15T18:51:07.179Z","age":4},"phone":"010-5669-462","cell":"061-4665-958","id":{"name":"SID","value":"602803370"},"picture":{"large":"https://randomuser.me/api/portraits/women/11.jpg","medium":"https://randomuser.me/api/portraits/med/women/11.jpg","thumbnail":"https://randomuser.me/api/portraits/thumb/women/11.jpg"},"nat":"RS"}],"info":{"seed":"664cff3885c9d726","results":1,"page":1,"version":"1.4"}} 
 </msg>
<msg time="2024-04-24T21:13:29.310710" level="INFO">/opt/hostedtoolcache/Python/3.12.3/x64/lib/python3.12/site-packages/urllib3/connectionpool.py:1103: InsecureRequestWarning: Unverified HTTPS request is being made to host 'randomuser.me'. Adding certificate verification is strongly advised. See: https://urllib3.readthedocs.io/en/latest/advanced-usage.html#tls-warnings
  warnings.warn(</msg>
<msg time="2024-04-24T21:13:29.310854" level="INFO">${response} = &lt;Response [200]&gt;</msg>
<var>${response}</var>
<arg>consultarAPI</arg>
<arg>/api</arg>
<doc>Sends a GET request on a previously created HTTP Session.</doc>
<status status="PASS" start="2024-04-24T21:13:29.227856" elapsed="0.083039"/>
</kw>
<kw name="Set Variable" owner="BuiltIn">
<msg time="2024-04-24T21:13:29.312034" level="INFO">${json_data} = {'results': [{'gender': 'female', 'name': {'title': 'Ms', 'first': 'Vesna', 'last': 'Ćirić'}, 'location': {'street': {'number': 7972, 'name': 'Ogista Bopa '}, 'city': 'Bečej', 'state': 'Raška', 'count...</msg>
<var>${json_data}</var>
<arg>${response.json()}</arg>
<doc>Returns the given values which can then be assigned to a variables.</doc>
<status status="PASS" start="2024-04-24T21:13:29.311427" elapsed="0.000649"/>
</kw>
<kw name="Log" owner="BuiltIn">
<msg time="2024-04-24T21:13:29.312593" level="INFO">{'results': [{'gender': 'female', 'name': {'title': 'Ms', 'first': 'Vesna', 'last': 'Ćirić'}, 'location': {'street': {'number': 7972, 'name': 'Ogista Bopa '}, 'city': 'Bečej', 'state': 'Raška', 'country': 'Serbia', 'postcode': 40387, 'coordinates': {'latitude': '62.3701', 'longitude': '112.4966'}, 'timezone': {'offset': '+8:00', 'description': 'Beijing, Perth, Singapore, Hong Kong'}}, 'email': 'vesna.ciric@example.com', 'login': {'uuid': 'e1edc91b-535d-49e9-ac0f-307d1418bbf7', 'username': 'yellowduck153', 'password': '484848', 'salt': 'muYM4JxV', 'md5': 'd841c3ee82eb2f7d6e9be9afe93b6b97', 'sha1': 'edfc49f4f16d31b021a90f933dba8ea614891861', 'sha256': 'cfdf733d560a2dcf59b804e03866945012235866e4ad8b4e527076ac3535b8c2'}, 'dob': {'date': '1970-12-31T03:23:16.858Z', 'age': 53}, 'registered': {'date': '2019-05-15T18:51:07.179Z', 'age': 4}, 'phone': '010-5669-462', 'cell': '061-4665-958', 'id': {'name': 'SID', 'value': '602803370'}, 'picture': {'large': 'https://randomuser.me/api/portraits/women/11.jpg', 'medium': 'https://randomuser.me/api/portraits/med/women/11.jpg', 'thumbnail': 'https://randomuser.me/api/portraits/thumb/women/11.jpg'}, 'nat': 'RS'}], 'info': {'seed': '664cff3885c9d726', 'results': 1, 'page': 1, 'version': '1.4'}}</msg>
<arg>${json_data}</arg>
<doc>Logs the given message with the given level.</doc>
<status status="PASS" start="2024-04-24T21:13:29.312404" elapsed="0.000245"/>
</kw>
<kw name="Should Be String" owner="String">
<arg>${json_data['results'][0]['gender']}</arg>
<doc>Fails if the given ``item`` is not a string.</doc>
<status status="PASS" start="2024-04-24T21:13:29.312995" elapsed="0.000389"/>
</kw>
<kw name="Should Match Regexp" owner="BuiltIn">
<arg>${json_data['results'][0]['email']}</arg>
<arg>^[a-zA-Z0-9._%+-]+@[a-zA-Z0-9.-]+\.[a-zA-Z]{2,}$</arg>
<doc>Fails if ``string`` does not match ``pattern`` as a regular expression.</doc>
<status status="PASS" start="2024-04-24T21:13:29.313584" elapsed="0.000551"/>
</kw>
<kw name="Should Match Regexp" owner="BuiltIn">
<arg>${json_data['results'][0]['dob']['date']}</arg>
<arg>\\d{4}-\\d{2}-\\d{2}T\\d{2}:\\d{2}:\\d{2}\\.\\d{3}Z</arg>
<doc>Fails if ``string`` does not match ``pattern`` as a regular expression.</doc>
<status status="PASS" start="2024-04-24T21:13:29.314335" elapsed="0.000503"/>
</kw>
<kw name="Should Match Regexp" owner="BuiltIn">
<arg>${json_data['results'][0]['registered']['date']}</arg>
<arg>\\d{4}-\\d{2}-\\d{2}T\\d{2}:\\d{2}:\\d{2}\\.\\d{3}Z</arg>
<doc>Fails if ``string`` does not match ``pattern`` as a regular expression.</doc>
<status status="PASS" start="2024-04-24T21:13:29.315030" elapsed="0.000369"/>
</kw>
<kw name="Should Match Regexp" owner="BuiltIn">
<arg>${json_data['results'][0]['picture']['large']}</arg>
<arg>^https?://.*\.(?:png|jpe?g|gif|bmp)$</arg>
<doc>Fails if ``string`` does not match ``pattern`` as a regular expression.</doc>
<status status="PASS" start="2024-04-24T21:13:29.315589" elapsed="0.000499"/>
</kw>
<kw name="Should Match Regexp" owner="BuiltIn">
<arg>${json_data['results'][0]['picture']['medium']}</arg>
<arg>^https?://.*\.(?:png|jpe?g|gif|bmp)$</arg>
<doc>Fails if ``string`` does not match ``pattern`` as a regular expression.</doc>
<status status="PASS" start="2024-04-24T21:13:29.316300" elapsed="0.000374"/>
</kw>
<kw name="Should Match Regexp" owner="BuiltIn">
<arg>${json_data['results'][0]['picture']['thumbnail']}</arg>
<arg>^https?://.*\.(?:png|jpe?g|gif|bmp)$</arg>
<doc>Fails if ``string`` does not match ``pattern`` as a regular expression.</doc>
<status status="PASS" start="2024-04-24T21:13:29.316886" elapsed="0.000355"/>
</kw>
<kw name="Log" owner="BuiltIn">
<msg time="2024-04-24T21:13:29.317749" level="INFO">{'large': 'https://randomuser.me/api/portraits/women/11.jpg', 'medium': 'https://randomuser.me/api/portraits/med/women/11.jpg', 'thumbnail': 'https://randomuser.me/api/portraits/thumb/women/11.jpg'}</msg>
<arg>${json_data['results'][0]['picture']}</arg>
<doc>Logs the given message with the given level.</doc>
<status status="PASS" start="2024-04-24T21:13:29.317421" elapsed="0.000369"/>
</kw>
<status status="PASS" start="2024-04-24T21:13:29.227626" elapsed="0.090440"/>
</kw>
<kw name="Teste de Tipos de Dados - Postcode" owner="random-user-service">
<kw name="GET On Session" owner="RequestsLibrary">
<msg time="2024-04-24T21:13:29.423285" level="INFO">GET Request : url=https://randomuser.me/api 
 path_url=/api 
 headers={'User-Agent': 'python-requests/2.31.0', 'Accept-Encoding': 'gzip, deflate', 'Accept': '*/*', 'Connection': 'keep-alive'} 
 body=None 
 </msg>
<msg time="2024-04-24T21:13:29.423400" level="INFO">GET Response : url=https://randomuser.me/api 
 status=200, reason=OK 
 headers={'Date': 'Wed, 24 Apr 2024 21:13:29 GMT', 'Content-Type': 'application/json; charset=utf-8', 'Transfer-Encoding': 'chunked', 'Connection': 'keep-alive', 'X-Powered-By': 'Express', 'Access-Control-Allow-Origin': '*', 'Cache-Control': 'no-cache', 'ETag': 'W/"489-Z5lm75Tkc/qfCGEPYO8SaDG59JY"', 'Vary': 'Accept-Encoding', 'Content-Encoding': 'gzip', 'CF-Cache-Status': 'DYNAMIC', 'Report-To': '{"endpoints":[{"url":"https:\\/\\/a.nel.cloudflare.com\\/report\\/v4?s=yddoXpJ%2FngJHKZHdV4oSSrblVKODWYT6UYSrPELmXwdsJkfdOc23DaAmwevKPGjYTi%2BjGeGjVVLQheg65zp87Hri4Erqqy1Lu9CA4HlDgvuh6ZfaaeQ5u42Mjn%2BplOen"}],"group":"cf-nel","max_age":604800}', 'NEL': '{"success_fraction":0,"report_to":"cf-nel","max_age":604800}', 'Server': 'cloudflare', 'CF-RAY': '879918f64cd915da-SJC', 'alt-svc': 'h3=":443"; ma=86400'} 
 body={"results":[{"gender":"male","name":{"title":"Mr","first":"Max","last":"Shelton"},"location":{"street":{"number":5350,"name":"Spring St"},"city":"Ontario","state":"Ohio","country":"United States","postcode":40908,"coordinates":{"latitude":"88.3807","longitude":"-89.4492"},"timezone":{"offset":"+4:00","description":"Abu Dhabi, Muscat, Baku, Tbilisi"}},"email":"max.shelton@example.com","login":{"uuid":"bd98cab5-1ee8-43bf-b895-61892d51e0e2","username":"organicgoose462","password":"legolas","salt":"f44HoR7D","md5":"b331bcc306b39b8dd6a5a355381dd530","sha1":"496f56cc8c4cafc1efbf44d86b17375beb4d0543","sha256":"9e14191a2a57d0ac51c8853939d2fc9bdc2829582da37e677152d525651178cb"},"dob":{"date":"1951-08-16T08:14:26.497Z","age":72},"registered":{"date":"2012-11-21T01:50:57.405Z","age":11},"phone":"(383) 290-9158","cell":"(363) 639-4648","id":{"name":"SSN","value":"313-84-4466"},"picture":{"large":"https://randomuser.me/api/portraits/men/59.jpg","medium":"https://randomuser.me/api/portraits/med/men/59.jpg","thumbnail":"https://randomuser.me/api/portraits/thumb/men/59.jpg"},"nat":"US"}],"info":{"seed":"eec47994e58d895e","results":1,"page":1,"version":"1.4"}} 
 </msg>
<msg time="2024-04-24T21:13:29.423489" level="INFO">/opt/hostedtoolcache/Python/3.12.3/x64/lib/python3.12/site-packages/urllib3/connectionpool.py:1103: InsecureRequestWarning: Unverified HTTPS request is being made to host 'randomuser.me'. Adding certificate verification is strongly advised. See: https://urllib3.readthedocs.io/en/latest/advanced-usage.html#tls-warnings
  warnings.warn(</msg>
<msg time="2024-04-24T21:13:29.423641" level="INFO">${response} = &lt;Response [200]&gt;</msg>
<var>${response}</var>
<arg>consultarAPI</arg>
<arg>/api</arg>
<doc>Sends a GET request on a previously created HTTP Session.</doc>
<status status="PASS" start="2024-04-24T21:13:29.318565" elapsed="0.105114"/>
</kw>
<kw name="Set Variable" owner="BuiltIn">
<msg time="2024-04-24T21:13:29.424826" level="INFO">${json_data} = {'results': [{'gender': 'male', 'name': {'title': 'Mr', 'first': 'Max', 'last': 'Shelton'}, 'location': {'street': {'number': 5350, 'name': 'Spring St'}, 'city': 'Ontario', 'state': 'Ohio', 'country':...</msg>
<var>${json_data}</var>
<arg>${response.json()}</arg>
<doc>Returns the given values which can then be assigned to a variables.</doc>
<status status="PASS" start="2024-04-24T21:13:29.424284" elapsed="0.000571"/>
</kw>
<kw name="Log" owner="BuiltIn">
<msg time="2024-04-24T21:13:29.425354" level="INFO">{'results': [{'gender': 'male', 'name': {'title': 'Mr', 'first': 'Max', 'last': 'Shelton'}, 'location': {'street': {'number': 5350, 'name': 'Spring St'}, 'city': 'Ontario', 'state': 'Ohio', 'country': 'United States', 'postcode': 40908, 'coordinates': {'latitude': '88.3807', 'longitude': '-89.4492'}, 'timezone': {'offset': '+4:00', 'description': 'Abu Dhabi, Muscat, Baku, Tbilisi'}}, 'email': 'max.shelton@example.com', 'login': {'uuid': 'bd98cab5-1ee8-43bf-b895-61892d51e0e2', 'username': 'organicgoose462', 'password': 'legolas', 'salt': 'f44HoR7D', 'md5': 'b331bcc306b39b8dd6a5a355381dd530', 'sha1': '496f56cc8c4cafc1efbf44d86b17375beb4d0543', 'sha256': '9e14191a2a57d0ac51c8853939d2fc9bdc2829582da37e677152d525651178cb'}, 'dob': {'date': '1951-08-16T08:14:26.497Z', 'age': 72}, 'registered': {'date': '2012-11-21T01:50:57.405Z', 'age': 11}, 'phone': '(383) 290-9158', 'cell': '(363) 639-4648', 'id': {'name': 'SSN', 'value': '313-84-4466'}, 'picture': {'large': 'https://randomuser.me/api/portraits/men/59.jpg', 'medium': 'https://randomuser.me/api/portraits/med/men/59.jpg', 'thumbnail': 'https://randomuser.me/api/portraits/thumb/men/59.jpg'}, 'nat': 'US'}], 'info': {'seed': 'eec47994e58d895e', 'results': 1, 'page': 1, 'version': '1.4'}}</msg>
<arg>${json_data}</arg>
<doc>Logs the given message with the given level.</doc>
<status status="PASS" start="2024-04-24T21:13:29.425191" elapsed="0.000210"/>
</kw>
<kw name="Should Be Equal As Numbers" owner="BuiltIn">
<arg>${json_data['results'][0]['location']['postcode']}</arg>
<arg>${json_data['results'][0]['location']['postcode']}</arg>
<doc>Fails if objects are unequal after converting them to real numbers.</doc>
<status status="PASS" start="2024-04-24T21:13:29.425898" elapsed="0.000638"/>
</kw>
<kw name="Log" owner="BuiltIn">
<msg time="2024-04-24T21:13:29.427131" level="INFO">40908</msg>
<arg>${json_data['results'][0]['location']['postcode']}</arg>
<doc>Logs the given message with the given level.</doc>
<status status="PASS" start="2024-04-24T21:13:29.426792" elapsed="0.000379"/>
</kw>
<status status="PASS" start="2024-04-24T21:13:29.318305" elapsed="0.109127"/>
</kw>
<doc>Testa se os tipos de dados na resposta da API estão corretos.</doc>
<tag>testeTiposDados</tag>
<status status="PASS" start="2024-04-24T21:13:29.227170" elapsed="0.200430"/>
</test>
<test id="s1-s1-t5" name="Validar conteudo" line="35">
<kw name="Teste de Tipos de Conteudo" owner="random-user-service">
<kw name="GET On Session" owner="RequestsLibrary">
<msg time="2024-04-24T21:13:29.518231" level="INFO">GET Request : url=https://randomuser.me/api 
 path_url=/api 
 headers={'User-Agent': 'python-requests/2.31.0', 'Accept-Encoding': 'gzip, deflate', 'Accept': '*/*', 'Connection': 'keep-alive'} 
 body=None 
 </msg>
<msg time="2024-04-24T21:13:29.518349" level="INFO">GET Response : url=https://randomuser.me/api 
 status=200, reason=OK 
 headers={'Date': 'Wed, 24 Apr 2024 21:13:29 GMT', 'Content-Type': 'application/json; charset=utf-8', 'Transfer-Encoding': 'chunked', 'Connection': 'keep-alive', 'X-Powered-By': 'Express', 'Access-Control-Allow-Origin': '*', 'Cache-Control': 'no-cache', 'ETag': 'W/"493-sdeR6pbBX+RlcIsdox0hCa7Qq2Y"', 'Vary': 'Accept-Encoding', 'Content-Encoding': 'gzip', 'CF-Cache-Status': 'DYNAMIC', 'Report-To': '{"endpoints":[{"url":"https:\\/\\/a.nel.cloudflare.com\\/report\\/v4?s=tk7h%2Bg2odG1pxITQL2S01%2FDdNYjlGo%2FpmZZej1UMxAQZrD1d%2BZWheQyxvCPeaAoPfW1xwfdf7otDh4nJEDg5BM4xS6dfyOxvKdqD0odQWtgSQlRxiQkV%2FuTkLrDN%2FzLp"}],"group":"cf-nel","max_age":604800}', 'NEL': '{"success_fraction":0,"report_to":"cf-nel","max_age":604800}', 'Server': 'cloudflare', 'CF-RAY': '879918f6fd6f15da-SJC', 'alt-svc': 'h3=":443"; ma=86400'} 
 body={"results":[{"gender":"female","name":{"title":"Mrs","first":"Olja","last":"Borojević"},"location":{"street":{"number":3388,"name":"Georgija Letića"},"city":"Ljig","state":"Šumadija","country":"Serbia","postcode":79566,"coordinates":{"latitude":"57.2147","longitude":"139.0140"},"timezone":{"offset":"+9:00","description":"Tokyo, Seoul, Osaka, Sapporo, Yakutsk"}},"email":"olja.borojevic@example.com","login":{"uuid":"b15d546e-c966-46ca-aafb-a4c0b97f532c","username":"sadmouse336","password":"zach","salt":"KxzzWPzO","md5":"bc8e311e78fdc65695fb96aba2ec119e","sha1":"1f00a9b45fce4313af4c5d56245abc8b8662b4a6","sha256":"cfed6bab5852fe4ebc66a3baf6fa5656f0021538aa1e95cdfe527e087762ad5b"},"dob":{"date":"1989-05-02T13:17:44.423Z","age":34},"registered":{"date":"2002-04-02T14:09:29.178Z","age":22},"phone":"024-9311-748","cell":"069-4348-184","id":{"name":"SID","value":"627651268"},"picture":{"large":"https://randomuser.me/api/portraits/women/70.jpg","medium":"https://randomuser.me/api/portraits/med/women/70.jpg","thumbnail":"https://randomuser.me/api/portraits/thumb/women/70.jpg"},"nat":"RS"}],"info":{"seed":"845f03097b77762c","results":1,"page":1,"version":"1.4"}} 
 </msg>
<msg time="2024-04-24T21:13:29.518439" level="INFO">/opt/hostedtoolcache/Python/3.12.3/x64/lib/python3.12/site-packages/urllib3/connectionpool.py:1103: InsecureRequestWarning: Unverified HTTPS request is being made to host 'randomuser.me'. Adding certificate verification is strongly advised. See: https://urllib3.readthedocs.io/en/latest/advanced-usage.html#tls-warnings
  warnings.warn(</msg>
<msg time="2024-04-24T21:13:29.518603" level="INFO">${response} = &lt;Response [200]&gt;</msg>
<var>${response}</var>
<arg>consultarAPI</arg>
<arg>/api</arg>
<doc>Sends a GET request on a previously created HTTP Session.</doc>
<status status="PASS" start="2024-04-24T21:13:29.430131" elapsed="0.088527"/>
</kw>
<kw name="Set Variable" owner="BuiltIn">
<msg time="2024-04-24T21:13:29.519720" level="INFO">${json_data} = {'results': [{'gender': 'female', 'name': {'title': 'Mrs', 'first': 'Olja', 'last': 'Borojević'}, 'location': {'street': {'number': 3388, 'name': 'Georgija Letića'}, 'city': 'Ljig', 'state': 'Šumadija...</msg>
<var>${json_data}</var>
<arg>${response.json()}</arg>
<doc>Returns the given values which can then be assigned to a variables.</doc>
<status status="PASS" start="2024-04-24T21:13:29.519177" elapsed="0.000574"/>
</kw>
<kw name="Set Variable" owner="BuiltIn">
<msg time="2024-04-24T21:13:29.520516" level="INFO">${name_title} = Mrs</msg>
<var>${name_title}</var>
<arg>${json_data["results"][0]["name"]["title"]}</arg>
<doc>Returns the given values which can then be assigned to a variables.</doc>
<status status="PASS" start="2024-04-24T21:13:29.520112" elapsed="0.000430"/>
</kw>
<kw name="Create List" owner="BuiltIn">
<msg time="2024-04-24T21:13:29.520995" level="INFO">${allowed_titles} = ['Mr', 'Ms', 'Miss', 'Mrs', 'Madame', 'Monsieur']</msg>
<var>${allowed_titles}</var>
<arg>Mr</arg>
<arg>Ms</arg>
<arg>Miss</arg>
<arg>Mrs</arg>
<arg>Madame</arg>
<arg>Monsieur</arg>
<doc>Returns a list containing given items.</doc>
<status status="PASS" start="2024-04-24T21:13:29.520845" elapsed="0.000175"/>
</kw>
<kw name="List Should Contain Value" owner="Collections">
<msg time="2024-04-24T21:13:29.521490" level="INFO">False</msg>
<arg>${allowed_titles}</arg>
<arg>${name_title}</arg>
<doc>Fails if the ``value`` is not found from ``list``.</doc>
<status status="PASS" start="2024-04-24T21:13:29.521317" elapsed="0.000208"/>
</kw>
<kw name="Set Variable" owner="BuiltIn">
<msg time="2024-04-24T21:13:29.522203" level="INFO">${name_country} = RS</msg>
<var>${name_country}</var>
<arg>${json_data["results"][0]["nat"]}</arg>
<doc>Returns the given values which can then be assigned to a variables.</doc>
<status status="PASS" start="2024-04-24T21:13:29.521816" elapsed="0.000413"/>
</kw>
<kw name="Create List" owner="BuiltIn">
<msg time="2024-04-24T21:13:29.523124" level="INFO">${list_country} = ['AD', 'AE', 'AF', 'AG', 'AI', 'AL', 'AM', 'AO', 'AQ', 'AR', 'AS', 'AT', 'AU', 'AW', 'AX', 'AZ', 'BA', 'BB', 'BD', 'BE', 'BF', 'BG', 'BH', 'BI', 'BJ', 'BL', 'BM', 'BN', 'BO', 'BQ', 'BR', 'BS', 'BT', '...</msg>
<var>${list_country}</var>
<arg>AD</arg>
<arg>AE</arg>
<arg>AF</arg>
<arg>AG</arg>
<arg>AI</arg>
<arg>AL</arg>
<arg>AM</arg>
<arg>AO</arg>
<arg>AQ</arg>
<arg>AR</arg>
<arg>AS</arg>
<arg>AT</arg>
<arg>AU</arg>
<arg>AW</arg>
<arg>AX</arg>
<arg>AZ</arg>
<arg>BA</arg>
<arg>BB</arg>
<arg>BD</arg>
<arg>BE</arg>
<arg>BF</arg>
<arg>BG</arg>
<arg>BH</arg>
<arg>BI</arg>
<arg>BJ</arg>
<arg>BL</arg>
<arg>BM</arg>
<arg>BN</arg>
<arg>BO</arg>
<arg>BQ</arg>
<arg>BR</arg>
<arg>BS</arg>
<arg>BT</arg>
<arg>BV</arg>
<arg>BW</arg>
<arg>BY</arg>
<arg>BZ</arg>
<arg>CA</arg>
<arg>CC</arg>
<arg>CD</arg>
<arg>CF</arg>
<arg>CG</arg>
<arg>CH</arg>
<arg>CI</arg>
<arg>CK</arg>
<arg>CL</arg>
<arg>CM</arg>
<arg>CN</arg>
<arg>CO</arg>
<arg>CR</arg>
<arg>CU</arg>
<arg>CV</arg>
<arg>CW</arg>
<arg>CX</arg>
<arg>CY</arg>
<arg>CZ</arg>
<arg>DE</arg>
<arg>DJ</arg>
<arg>DK</arg>
<arg>DM</arg>
<arg>DO</arg>
<arg>DZ</arg>
<arg>EC</arg>
<arg>EE</arg>
<arg>EG</arg>
<arg>EH</arg>
<arg>ER</arg>
<arg>ES</arg>
<arg>ET</arg>
<arg>FI</arg>
<arg>FJ</arg>
<arg>FK</arg>
<arg>FM</arg>
<arg>FO</arg>
<arg>FR</arg>
<arg>GA</arg>
<arg>GB</arg>
<arg>GD</arg>
<arg>GE</arg>
<arg>GF</arg>
<arg>GG</arg>
<arg>GH</arg>
<arg>GI</arg>
<arg>GL</arg>
<arg>GM</arg>
<arg>GN</arg>
<arg>GP</arg>
<arg>GQ</arg>
<arg>GR</arg>
<arg>GS</arg>
<arg>GT</arg>
<arg>GU</arg>
<arg>GW</arg>
<arg>GY</arg>
<arg>HK</arg>
<arg>HM</arg>
<arg>HN</arg>
<arg>HR</arg>
<arg>HT</arg>
<arg>HU</arg>
<arg>ID</arg>
<arg>IE</arg>
<arg>IL</arg>
<arg>IM</arg>
<arg>IN</arg>
<arg>IO</arg>
<arg>IQ</arg>
<arg>IR</arg>
<arg>IS</arg>
<arg>IT</arg>
<arg>JE</arg>
<arg>JM</arg>
<arg>JO</arg>
<arg>JP</arg>
<arg>KE</arg>
<arg>KG</arg>
<arg>KH</arg>
<arg>KI</arg>
<arg>KM</arg>
<arg>KN</arg>
<arg>KP</arg>
<arg>KR</arg>
<arg>KW</arg>
<arg>KY</arg>
<arg>KZ</arg>
<arg>LA</arg>
<arg>LB</arg>
<arg>LC</arg>
<arg>LI</arg>
<arg>LK</arg>
<arg>LR</arg>
<arg>LS</arg>
<arg>LT</arg>
<arg>LU</arg>
<arg>LV</arg>
<arg>LY</arg>
<arg>MA</arg>
<arg>MC</arg>
<arg>MD</arg>
<arg>ME</arg>
<arg>MF</arg>
<arg>MG</arg>
<arg>MH</arg>
<arg>MK</arg>
<arg>ML</arg>
<arg>MM</arg>
<arg>MN</arg>
<arg>MO</arg>
<arg>MP</arg>
<arg>MQ</arg>
<arg>MR</arg>
<arg>MS</arg>
<arg>MT</arg>
<arg>MU</arg>
<arg>MV</arg>
<arg>MW</arg>
<arg>MX</arg>
<arg>MY</arg>
<arg>MZ</arg>
<arg>NA</arg>
<arg>NC</arg>
<arg>NE</arg>
<arg>NF</arg>
<arg>NG</arg>
<arg>NI</arg>
<arg>NL</arg>
<arg>NO</arg>
<arg>NP</arg>
<arg>NR</arg>
<arg>NU</arg>
<arg>NZ</arg>
<arg>OM</arg>
<arg>PA</arg>
<arg>PE</arg>
<arg>PF</arg>
<arg>PG</arg>
<arg>PH</arg>
<arg>PK</arg>
<arg>PL</arg>
<arg>PM</arg>
<arg>PN</arg>
<arg>PR</arg>
<arg>PS</arg>
<arg>PT</arg>
<arg>PW</arg>
<arg>PY</arg>
<arg>QA</arg>
<arg>RE</arg>
<arg>RO</arg>
<arg>RS</arg>
<arg>RU</arg>
<arg>RW</arg>
<arg>SA</arg>
<arg>SB</arg>
<arg>SC</arg>
<arg>SD</arg>
<arg>SE</arg>
<arg>SG</arg>
<arg>SH</arg>
<arg>SI</arg>
<arg>SJ</arg>
<arg>SK</arg>
<arg>SL</arg>
<arg>SM</arg>
<arg>SN</arg>
<arg>SO</arg>
<arg>SR</arg>
<arg>SS</arg>
<arg>ST</arg>
<arg>SV</arg>
<arg>SX</arg>
<arg>SY</arg>
<arg>SZ</arg>
<arg>TC</arg>
<arg>TD</arg>
<arg>TF</arg>
<arg>TG</arg>
<arg>TH</arg>
<arg>TJ</arg>
<arg>TK</arg>
<arg>TL</arg>
<arg>TM</arg>
<arg>TN</arg>
<arg>TO</arg>
<arg>TR</arg>
<arg>TT</arg>
<arg>TV</arg>
<arg>TW</arg>
<arg>TZ</arg>
<arg>UA</arg>
<arg>UG</arg>
<arg>UM</arg>
<arg>US</arg>
<arg>UY</arg>
<arg>UZ</arg>
<arg>VA</arg>
<arg>VC</arg>
<arg>VE</arg>
<arg>VG</arg>
<arg>VI</arg>
<arg>VN</arg>
<arg>VU</arg>
<arg>WF</arg>
<arg>WS</arg>
<arg>XK</arg>
<arg>YE</arg>
<arg>YT</arg>
<arg>ZA</arg>
<arg>ZM</arg>
<arg>ZW</arg>
<doc>Returns a list containing given items.</doc>
<status status="PASS" start="2024-04-24T21:13:29.522538" elapsed="0.000611"/>
</kw>
<kw name="List Should Contain Value" owner="Collections">
<msg time="2024-04-24T21:13:29.524178" level="INFO">False</msg>
<arg>${list_country}</arg>
<arg>${name_country}</arg>
<doc>Fails if the ``value`` is not found from ``list``.</doc>
<status status="PASS" start="2024-04-24T21:13:29.523976" elapsed="0.000239"/>
</kw>
<kw name="Run Keyword If" owner="BuiltIn">
<kw name="Should Be True" owner="BuiltIn">
<arg>${True}</arg>
<doc>Fails if the given condition is not true.</doc>
<status status="PASS" start="2024-04-24T21:13:29.525280" elapsed="0.000265"/>
</kw>
<arg>${json_data["results"][0]["location"]["coordinates"]["latitude"]} &gt;= -90 and ${json_data["results"][0]["location"]["coordinates"]["latitude"]} &lt;= 90</arg>
<arg>Should Be True</arg>
<arg>${True}</arg>
<doc>Runs the given keyword with the given arguments, if ``condition`` is true.</doc>
<status status="PASS" start="2024-04-24T21:13:29.524532" elapsed="0.001146"/>
</kw>
<kw name="Run Keyword If" owner="BuiltIn">
<kw name="Should Be True" owner="BuiltIn">
<arg>${True}</arg>
<doc>Fails if the given condition is not true.</doc>
<status status="PASS" start="2024-04-24T21:13:29.526573" elapsed="0.000145"/>
</kw>
<arg>${json_data["results"][0]["location"]["coordinates"]["longitude"]} &gt;= -180 and ${json_data["results"][0]["location"]["coordinates"]["longitude"]} &lt;= 180</arg>
<arg>Should Be True</arg>
<arg>${True}</arg>
<doc>Runs the given keyword with the given arguments, if ``condition`` is true.</doc>
<status status="PASS" start="2024-04-24T21:13:29.525868" elapsed="0.000973"/>
</kw>
<status status="PASS" start="2024-04-24T21:13:29.429901" elapsed="0.097071"/>
</kw>
<doc>Testa o conteúdo específico dos campos retornados pela API.</doc>
<tag>testeConteudo</tag>
<status status="PASS" start="2024-04-24T21:13:29.429420" elapsed="0.097703"/>
</test>
<status status="PASS" start="2024-04-24T21:13:28.647699" elapsed="0.881463"/>
</suite>
<status status="PASS" start="2024-04-24T21:13:28.633380" elapsed="0.900911"/>
</suite>
<statistics>
<total>
<stat pass="5" fail="0" skip="0">All Tests</stat>
</total>
<tag>
<stat pass="1" fail="0" skip="0">testeConteudo</stat>
<stat pass="1" fail="0" skip="0">testeEstruturaResposta</stat>
<stat pass="1" fail="0" skip="0">testeRequisicaoBasica</stat>
<stat pass="1" fail="0" skip="0">testeTiposDados</stat>
</tag>
<suite>
<stat pass="5" fail="0" skip="0" id="s1" name="Tests">Tests</stat>
<stat pass="5" fail="0" skip="0" id="s1-s1" name="Random-User-Test">Tests.Random-User-Test</stat>
</suite>
</statistics>
<errors>
</errors>
</robot>
