<?xml version="1.0" encoding="UTF-8"?>
<robot generator="Robot 7.0 (Python 3.12.3 on linux)" generated="2024-06-08T06:18:55.399742" rpa="false" schemaversion="5">
<suite id="s1" name="Tests" source="/home/runner/work/ApiRandomUser/ApiRandomUser/RamdonUser/tests">
<suite id="s1-s1" name="Random-User-Test" source="/home/runner/work/ApiRandomUser/ApiRandomUser/RamdonUser/tests/random-user-test.robot">
<test id="s1-s1-t1" name="Conectar" line="13">
<kw name="Conectar API" owner="random-user-service">
<kw name="Create Session" owner="RequestsLibrary">
<msg time="2024-06-08T06:18:55.800528" level="INFO">Creating Session using : alias=consultarAPI, url=https://randomuser.me/, headers={},                     cookies={}, auth=None, timeout=None, proxies=None, verify=False,                     debug=0 </msg>
<arg>consultarAPI</arg>
<arg>${URL}</arg>
<doc>Create Session: create a HTTP session to a server</doc>
<status status="PASS" start="2024-06-08T06:18:55.800315" elapsed="0.000389"/>
</kw>
<status status="PASS" start="2024-06-08T06:18:55.799247" elapsed="0.001824"/>
</kw>
<status status="PASS" start="2024-06-08T06:18:55.798624" elapsed="0.002643"/>
</test>
<test id="s1-s1-t2" name="Validar retorno 200 e JSON Válido" line="16">
<kw name="Teste de Requisicao Basica" owner="random-user-service">
<kw name="GET On Session" owner="RequestsLibrary">
<msg time="2024-06-08T06:18:55.849570" level="INFO">GET Request : url=https://randomuser.me/api 
 path_url=/api 
 headers={'User-Agent': 'python-requests/2.32.3', 'Accept-Encoding': 'gzip, deflate', 'Accept': '*/*', 'Connection': 'keep-alive'} 
 body=None 
 </msg>
<msg time="2024-06-08T06:18:55.849714" level="INFO">GET Response : url=https://randomuser.me/api 
 status=200, reason=OK 
 headers={'Date': 'Sat, 08 Jun 2024 06:18:55 GMT', 'Content-Type': 'application/json; charset=utf-8', 'Transfer-Encoding': 'chunked', 'Connection': 'keep-alive', 'X-Powered-By': 'Express', 'Access-Control-Allow-Origin': '*', 'Cache-Control': 'no-cache', 'ETag': 'W/"483-wsZ7FSGbgBJ3uV0MqFRh5E3cgBw"', 'Vary': 'Accept-Encoding', 'Content-Encoding': 'gzip', 'CF-Cache-Status': 'DYNAMIC', 'Report-To': '{"endpoints":[{"url":"https:\\/\\/a.nel.cloudflare.com\\/report\\/v4?s=nVQZ0hQEX0MdhncUuR6uSbsg3ngqe7ThkkSkQ8ZU%2Biua0mMnDjTjaVImvqAFATd69niXY7Vke3AXkYsbmX8oqw%2BfFS0XTq%2B1n0mCA61NibLqtP5ucBCrsMzxDpmo%2BZga"}],"group":"cf-nel","max_age":604800}', 'NEL': '{"success_fraction":0,"report_to":"cf-nel","max_age":604800}', 'Server': 'cloudflare', 'CF-RAY': '8906c472eb292054-IAD', 'alt-svc': 'h3=":443"; ma=86400'} 
 body={"results":[{"gender":"male","name":{"title":"Mr","first":"Vladimir","last":"Stošić"},"location":{"street":{"number":3384,"name":"Milana Puzića "},"city":"Lapovo","state":"Peć","country":"Serbia","postcode":95041,"coordinates":{"latitude":"59.0011","longitude":"-6.9484"},"timezone":{"offset":"+2:00","description":"Kaliningrad, South Africa"}},"email":"vladimir.stosic@example.com","login":{"uuid":"ec85867f-be47-4ad3-b501-49fc2862d2d0","username":"angrybutterfly330","password":"engine","salt":"T6sEN2mE","md5":"fe3d6b0187784e7bddd4aa03b8346bbe","sha1":"dae50dc7a3b38b6b10a4dac16445e46beb4206a7","sha256":"c28cb51664d300f50f1b5082f5fb426b1d42d35764c02b5a4fdeea749f257c96"},"dob":{"date":"1978-03-21T16:05:48.735Z","age":46},"registered":{"date":"2021-08-07T08:40:14.363Z","age":2},"phone":"015-3181-809","cell":"064-1346-232","id":{"name":"SID","value":"306974253"},"picture":{"large":"https://randomuser.me/api/portraits/men/76.jpg","medium":"https://randomuser.me/api/portraits/med/men/76.jpg","thumbnail":"https://randomuser.me/api/portraits/thumb/men/76.jpg"},"nat":"RS"}],"info":{"seed":"6cbc58711a1f1c23","results":1,"page":1,"version":"1.4"}} 
 </msg>
<msg time="2024-06-08T06:18:55.849811" level="INFO">/opt/hostedtoolcache/Python/3.12.3/x64/lib/python3.12/site-packages/urllib3/connectionpool.py:1103: InsecureRequestWarning: Unverified HTTPS request is being made to host 'randomuser.me'. Adding certificate verification is strongly advised. See: https://urllib3.readthedocs.io/en/latest/advanced-usage.html#tls-warnings
  warnings.warn(</msg>
<msg time="2024-06-08T06:18:55.849954" level="INFO">${response} = &lt;Response [200]&gt;</msg>
<var>${response}</var>
<arg>consultarAPI</arg>
<arg>/api</arg>
<doc>Sends a GET request on a previously created HTTP Session.</doc>
<status status="PASS" start="2024-06-08T06:18:55.803957" elapsed="0.046040"/>
</kw>
<kw name="Should Be Equal As Numbers" owner="BuiltIn">
<msg time="2024-06-08T06:18:55.851069" level="INFO">Argument types are:
&lt;class 'int'&gt;
&lt;class 'str'&gt;</msg>
<arg>${response.status_code}</arg>
<arg>200</arg>
<doc>Fails if objects are unequal after converting them to real numbers.</doc>
<status status="PASS" start="2024-06-08T06:18:55.850520" elapsed="0.000614"/>
</kw>
<kw name="Log" owner="BuiltIn">
<msg time="2024-06-08T06:18:55.851824" level="INFO">200</msg>
<arg>${response.status_code}</arg>
<doc>Logs the given message with the given level.</doc>
<status status="PASS" start="2024-06-08T06:18:55.851473" elapsed="0.000436"/>
</kw>
<kw name="Set Variable" owner="BuiltIn">
<msg time="2024-06-08T06:18:55.852661" level="INFO">${json_data} = {'results': [{'gender': 'male', 'name': {'title': 'Mr', 'first': 'Vladimir', 'last': 'Stošić'}, 'location': {'street': {'number': 3384, 'name': 'Milana Puzića '}, 'city': 'Lapovo', 'state': 'Peć', 'co...</msg>
<var>${json_data}</var>
<arg>${response.json()}</arg>
<doc>Returns the given values which can then be assigned to a variables.</doc>
<status status="PASS" start="2024-06-08T06:18:55.852222" elapsed="0.000469"/>
</kw>
<kw name="Dictionary Should Contain Key" owner="Collections">
<msg time="2024-06-08T06:18:55.853180" level="INFO">False</msg>
<arg>${json_data}</arg>
<arg>results</arg>
<doc>Fails if ``key`` is not found from ``dictionary``.</doc>
<status status="PASS" start="2024-06-08T06:18:55.853008" elapsed="0.000341"/>
</kw>
<status status="PASS" start="2024-06-08T06:18:55.803672" elapsed="0.049948"/>
</kw>
<doc>Testa se a API responde corretamente e retorna um objeto JSON válido.</doc>
<tag>testeRequisicaoBasica</tag>
<status status="PASS" start="2024-06-08T06:18:55.803148" elapsed="0.050641"/>
</test>
<test id="s1-s1-t3" name="Validar estrutura de resposta" line="22">
<kw name="Teste de Estrutura de Resposta" owner="random-user-service">
<kw name="GET On Session" owner="RequestsLibrary">
<msg time="2024-06-08T06:18:55.952157" level="INFO">GET Request : url=https://randomuser.me/api 
 path_url=/api 
 headers={'User-Agent': 'python-requests/2.32.3', 'Accept-Encoding': 'gzip, deflate', 'Accept': '*/*', 'Connection': 'keep-alive'} 
 body=None 
 </msg>
<msg time="2024-06-08T06:18:55.952225" level="INFO">GET Response : url=https://randomuser.me/api 
 status=200, reason=OK 
 headers={'Date': 'Sat, 08 Jun 2024 06:18:55 GMT', 'Content-Type': 'application/json; charset=utf-8', 'Transfer-Encoding': 'chunked', 'Connection': 'keep-alive', 'X-Powered-By': 'Express', 'Access-Control-Allow-Origin': '*', 'Cache-Control': 'no-cache', 'ETag': 'W/"4ae-+IGmo1AEr+D840BZXRUG4Bs0MXo"', 'Vary': 'Accept-Encoding', 'Content-Encoding': 'gzip', 'CF-Cache-Status': 'DYNAMIC', 'Report-To': '{"endpoints":[{"url":"https:\\/\\/a.nel.cloudflare.com\\/report\\/v4?s=%2B1k3z0iGxhsNSlOEkhBhMfFBIZAuiAIqfrNifVh0GXoEkr5%2BpfqyQpCznaKPIE6WFTO%2BcMgVAu1zqJIWxoiY%2B3qcvcZPCv6fB9H02tUJzA24lnNv1GoJ3%2BhyV9DZahrt"}],"group":"cf-nel","max_age":604800}', 'NEL': '{"success_fraction":0,"report_to":"cf-nel","max_age":604800}', 'Server': 'cloudflare', 'CF-RAY': '8906c4731b632054-IAD', 'alt-svc': 'h3=":443"; ma=86400'} 
 body={"results":[{"gender":"female","name":{"title":"Mrs","first":"Leonor","last":"Zúñiga"},"location":{"street":{"number":1371,"name":"Circuito Tabasco"},"city":"Amayuca","state":"Estado de Mexico","country":"Mexico","postcode":30369,"coordinates":{"latitude":"29.3393","longitude":"179.6303"},"timezone":{"offset":"-6:00","description":"Central Time (US &amp; Canada), Mexico City"}},"email":"leonor.zuniga@example.com","login":{"uuid":"8f632605-3f00-44b5-84b0-cf1b193e87a6","username":"angryrabbit952","password":"qqqqqqqq","salt":"9abtStUq","md5":"498764fb75188bcd75d78aee6681d7a6","sha1":"e49f1f02bb40b34e317be273e455f40189b09382","sha256":"b714d8dddf07b06d5c71da385776aa015929d611ec86bb66d4aa4175fdd3c798"},"dob":{"date":"1950-07-24T01:01:12.282Z","age":73},"registered":{"date":"2016-08-20T07:03:32.743Z","age":7},"phone":"(662) 954 6329","cell":"(673) 865 6832","id":{"name":"NSS","value":"90 71 56 4732 7"},"picture":{"large":"https://randomuser.me/api/portraits/women/12.jpg","medium":"https://randomuser.me/api/portraits/med/women/12.jpg","thumbnail":"https://randomuser.me/api/portraits/thumb/women/12.jpg"},"nat":"MX"}],"info":{"seed":"2d96b10d1a9b703b","results":1,"page":1,"version":"1.4"}} 
 </msg>
<msg time="2024-06-08T06:18:55.952326" level="INFO">/opt/hostedtoolcache/Python/3.12.3/x64/lib/python3.12/site-packages/urllib3/connectionpool.py:1103: InsecureRequestWarning: Unverified HTTPS request is being made to host 'randomuser.me'. Adding certificate verification is strongly advised. See: https://urllib3.readthedocs.io/en/latest/advanced-usage.html#tls-warnings
  warnings.warn(</msg>
<msg time="2024-06-08T06:18:55.952430" level="INFO">${response} = &lt;Response [200]&gt;</msg>
<var>${response}</var>
<arg>consultarAPI</arg>
<arg>/api</arg>
<doc>Sends a GET request on a previously created HTTP Session.</doc>
<status status="PASS" start="2024-06-08T06:18:55.856430" elapsed="0.096043"/>
</kw>
<kw name="Set Variable" owner="BuiltIn">
<msg time="2024-06-08T06:18:55.953559" level="INFO">${json_data} = {'results': [{'gender': 'female', 'name': {'title': 'Mrs', 'first': 'Leonor', 'last': 'Zúñiga'}, 'location': {'street': {'number': 1371, 'name': 'Circuito Tabasco'}, 'city': 'Amayuca', 'state': 'Estad...</msg>
<var>${json_data}</var>
<arg>${response.json()}</arg>
<doc>Returns the given values which can then be assigned to a variables.</doc>
<status status="PASS" start="2024-06-08T06:18:55.952951" elapsed="0.000638"/>
</kw>
<kw name="Log" owner="BuiltIn">
<msg time="2024-06-08T06:18:55.954082" level="INFO">{'results': [{'gender': 'female', 'name': {'title': 'Mrs', 'first': 'Leonor', 'last': 'Zúñiga'}, 'location': {'street': {'number': 1371, 'name': 'Circuito Tabasco'}, 'city': 'Amayuca', 'state': 'Estado de Mexico', 'country': 'Mexico', 'postcode': 30369, 'coordinates': {'latitude': '29.3393', 'longitude': '179.6303'}, 'timezone': {'offset': '-6:00', 'description': 'Central Time (US &amp; Canada), Mexico City'}}, 'email': 'leonor.zuniga@example.com', 'login': {'uuid': '8f632605-3f00-44b5-84b0-cf1b193e87a6', 'username': 'angryrabbit952', 'password': 'qqqqqqqq', 'salt': '9abtStUq', 'md5': '498764fb75188bcd75d78aee6681d7a6', 'sha1': 'e49f1f02bb40b34e317be273e455f40189b09382', 'sha256': 'b714d8dddf07b06d5c71da385776aa015929d611ec86bb66d4aa4175fdd3c798'}, 'dob': {'date': '1950-07-24T01:01:12.282Z', 'age': 73}, 'registered': {'date': '2016-08-20T07:03:32.743Z', 'age': 7}, 'phone': '(662) 954 6329', 'cell': '(673) 865 6832', 'id': {'name': 'NSS', 'value': '90 71 56 4732 7'}, 'picture': {'large': 'https://randomuser.me/api/portraits/women/12.jpg', 'medium': 'https://randomuser.me/api/portraits/med/women/12.jpg', 'thumbnail': 'https://randomuser.me/api/portraits/thumb/women/12.jpg'}, 'nat': 'MX'}], 'info': {'seed': '2d96b10d1a9b703b', 'results': 1, 'page': 1, 'version': '1.4'}}</msg>
<arg>${json_data}</arg>
<doc>Logs the given message with the given level.</doc>
<status status="PASS" start="2024-06-08T06:18:55.953922" elapsed="0.000210"/>
</kw>
<kw name="Dictionary Should Contain Key" owner="Collections">
<msg time="2024-06-08T06:18:55.954590" level="INFO">False</msg>
<arg>${json_data}</arg>
<arg>results</arg>
<doc>Fails if ``key`` is not found from ``dictionary``.</doc>
<status status="PASS" start="2024-06-08T06:18:55.954436" elapsed="0.000192"/>
</kw>
<kw name="Should Not Be Empty" owner="BuiltIn">
<msg time="2024-06-08T06:18:55.955060" level="INFO">Length is 2.</msg>
<arg>${json_data}</arg>
<doc>Verifies that the given item is not empty.</doc>
<status status="PASS" start="2024-06-08T06:18:55.954927" elapsed="0.000172"/>
</kw>
<kw name="Create List" owner="BuiltIn">
<msg time="2024-06-08T06:18:55.955556" level="INFO">${expected_keys} = ['gender', 'name', 'location', 'email', 'login']</msg>
<var>${expected_keys}</var>
<arg>gender</arg>
<arg>name</arg>
<arg>location</arg>
<arg>email</arg>
<arg>login</arg>
<doc>Returns a list containing given items.</doc>
<status status="PASS" start="2024-06-08T06:18:55.955400" elapsed="0.000179"/>
</kw>
<for flavor="IN">
<iter>
<kw name="Dictionary Should Contain Key" owner="Collections">
<msg time="2024-06-08T06:18:55.956599" level="INFO">False</msg>
<arg>${json_data['results'][0]}</arg>
<arg>${key}</arg>
<doc>Fails if ``key`` is not found from ``dictionary``.</doc>
<status status="PASS" start="2024-06-08T06:18:55.956189" elapsed="0.000454"/>
</kw>
<kw name="Log" owner="BuiltIn">
<msg time="2024-06-08T06:18:55.957320" level="INFO">{'gender': 'female', 'name': {'title': 'Mrs', 'first': 'Leonor', 'last': 'Zúñiga'}, 'location': {'street': {'number': 1371, 'name': 'Circuito Tabasco'}, 'city': 'Amayuca', 'state': 'Estado de Mexico', 'country': 'Mexico', 'postcode': 30369, 'coordinates': {'latitude': '29.3393', 'longitude': '179.6303'}, 'timezone': {'offset': '-6:00', 'description': 'Central Time (US &amp; Canada), Mexico City'}}, 'email': 'leonor.zuniga@example.com', 'login': {'uuid': '8f632605-3f00-44b5-84b0-cf1b193e87a6', 'username': 'angryrabbit952', 'password': 'qqqqqqqq', 'salt': '9abtStUq', 'md5': '498764fb75188bcd75d78aee6681d7a6', 'sha1': 'e49f1f02bb40b34e317be273e455f40189b09382', 'sha256': 'b714d8dddf07b06d5c71da385776aa015929d611ec86bb66d4aa4175fdd3c798'}, 'dob': {'date': '1950-07-24T01:01:12.282Z', 'age': 73}, 'registered': {'date': '2016-08-20T07:03:32.743Z', 'age': 7}, 'phone': '(662) 954 6329', 'cell': '(673) 865 6832', 'id': {'name': 'NSS', 'value': '90 71 56 4732 7'}, 'picture': {'large': 'https://randomuser.me/api/portraits/women/12.jpg', 'medium': 'https://randomuser.me/api/portraits/med/women/12.jpg', 'thumbnail': 'https://randomuser.me/api/portraits/thumb/women/12.jpg'}, 'nat': 'MX'}</msg>
<arg>${json_data['results'][0]}</arg>
<doc>Logs the given message with the given level.</doc>
<status status="PASS" start="2024-06-08T06:18:55.956949" elapsed="0.000425"/>
</kw>
<kw name="Log" owner="BuiltIn">
<msg time="2024-06-08T06:18:55.957825" level="INFO">gender</msg>
<arg>${key}</arg>
<doc>Logs the given message with the given level.</doc>
<status status="PASS" start="2024-06-08T06:18:55.957694" elapsed="0.000169"/>
</kw>
<var name="${key}">gender</var>
<status status="PASS" start="2024-06-08T06:18:55.956062" elapsed="0.002028"/>
</iter>
<iter>
<kw name="Dictionary Should Contain Key" owner="Collections">
<msg time="2024-06-08T06:18:55.958789" level="INFO">False</msg>
<arg>${json_data['results'][0]}</arg>
<arg>${key}</arg>
<doc>Fails if ``key`` is not found from ``dictionary``.</doc>
<status status="PASS" start="2024-06-08T06:18:55.958399" elapsed="0.000459"/>
</kw>
<kw name="Log" owner="BuiltIn">
<msg time="2024-06-08T06:18:55.959523" level="INFO">{'gender': 'female', 'name': {'title': 'Mrs', 'first': 'Leonor', 'last': 'Zúñiga'}, 'location': {'street': {'number': 1371, 'name': 'Circuito Tabasco'}, 'city': 'Amayuca', 'state': 'Estado de Mexico', 'country': 'Mexico', 'postcode': 30369, 'coordinates': {'latitude': '29.3393', 'longitude': '179.6303'}, 'timezone': {'offset': '-6:00', 'description': 'Central Time (US &amp; Canada), Mexico City'}}, 'email': 'leonor.zuniga@example.com', 'login': {'uuid': '8f632605-3f00-44b5-84b0-cf1b193e87a6', 'username': 'angryrabbit952', 'password': 'qqqqqqqq', 'salt': '9abtStUq', 'md5': '498764fb75188bcd75d78aee6681d7a6', 'sha1': 'e49f1f02bb40b34e317be273e455f40189b09382', 'sha256': 'b714d8dddf07b06d5c71da385776aa015929d611ec86bb66d4aa4175fdd3c798'}, 'dob': {'date': '1950-07-24T01:01:12.282Z', 'age': 73}, 'registered': {'date': '2016-08-20T07:03:32.743Z', 'age': 7}, 'phone': '(662) 954 6329', 'cell': '(673) 865 6832', 'id': {'name': 'NSS', 'value': '90 71 56 4732 7'}, 'picture': {'large': 'https://randomuser.me/api/portraits/women/12.jpg', 'medium': 'https://randomuser.me/api/portraits/med/women/12.jpg', 'thumbnail': 'https://randomuser.me/api/portraits/thumb/women/12.jpg'}, 'nat': 'MX'}</msg>
<arg>${json_data['results'][0]}</arg>
<doc>Logs the given message with the given level.</doc>
<status status="PASS" start="2024-06-08T06:18:55.959160" elapsed="0.000414"/>
</kw>
<kw name="Log" owner="BuiltIn">
<msg time="2024-06-08T06:18:55.960032" level="INFO">name</msg>
<arg>${key}</arg>
<doc>Logs the given message with the given level.</doc>
<status status="PASS" start="2024-06-08T06:18:55.959898" elapsed="0.000172"/>
</kw>
<var name="${key}">name</var>
<status status="PASS" start="2024-06-08T06:18:55.958282" elapsed="0.002015"/>
</iter>
<iter>
<kw name="Dictionary Should Contain Key" owner="Collections">
<msg time="2024-06-08T06:18:55.960975" level="INFO">False</msg>
<arg>${json_data['results'][0]}</arg>
<arg>${key}</arg>
<doc>Fails if ``key`` is not found from ``dictionary``.</doc>
<status status="PASS" start="2024-06-08T06:18:55.960594" elapsed="0.000423"/>
</kw>
<kw name="Log" owner="BuiltIn">
<msg time="2024-06-08T06:18:55.961694" level="INFO">{'gender': 'female', 'name': {'title': 'Mrs', 'first': 'Leonor', 'last': 'Zúñiga'}, 'location': {'street': {'number': 1371, 'name': 'Circuito Tabasco'}, 'city': 'Amayuca', 'state': 'Estado de Mexico', 'country': 'Mexico', 'postcode': 30369, 'coordinates': {'latitude': '29.3393', 'longitude': '179.6303'}, 'timezone': {'offset': '-6:00', 'description': 'Central Time (US &amp; Canada), Mexico City'}}, 'email': 'leonor.zuniga@example.com', 'login': {'uuid': '8f632605-3f00-44b5-84b0-cf1b193e87a6', 'username': 'angryrabbit952', 'password': 'qqqqqqqq', 'salt': '9abtStUq', 'md5': '498764fb75188bcd75d78aee6681d7a6', 'sha1': 'e49f1f02bb40b34e317be273e455f40189b09382', 'sha256': 'b714d8dddf07b06d5c71da385776aa015929d611ec86bb66d4aa4175fdd3c798'}, 'dob': {'date': '1950-07-24T01:01:12.282Z', 'age': 73}, 'registered': {'date': '2016-08-20T07:03:32.743Z', 'age': 7}, 'phone': '(662) 954 6329', 'cell': '(673) 865 6832', 'id': {'name': 'NSS', 'value': '90 71 56 4732 7'}, 'picture': {'large': 'https://randomuser.me/api/portraits/women/12.jpg', 'medium': 'https://randomuser.me/api/portraits/med/women/12.jpg', 'thumbnail': 'https://randomuser.me/api/portraits/thumb/women/12.jpg'}, 'nat': 'MX'}</msg>
<arg>${json_data['results'][0]}</arg>
<doc>Logs the given message with the given level.</doc>
<status status="PASS" start="2024-06-08T06:18:55.961321" elapsed="0.000425"/>
</kw>
<kw name="Log" owner="BuiltIn">
<msg time="2024-06-08T06:18:55.962175" level="INFO">location</msg>
<arg>${key}</arg>
<doc>Logs the given message with the given level.</doc>
<status status="PASS" start="2024-06-08T06:18:55.962047" elapsed="0.000167"/>
</kw>
<var name="${key}">location</var>
<status status="PASS" start="2024-06-08T06:18:55.960480" elapsed="0.001951"/>
</iter>
<iter>
<kw name="Dictionary Should Contain Key" owner="Collections">
<msg time="2024-06-08T06:18:55.963209" level="INFO">False</msg>
<arg>${json_data['results'][0]}</arg>
<arg>${key}</arg>
<doc>Fails if ``key`` is not found from ``dictionary``.</doc>
<status status="PASS" start="2024-06-08T06:18:55.962719" elapsed="0.000528"/>
</kw>
<kw name="Log" owner="BuiltIn">
<msg time="2024-06-08T06:18:55.963950" level="INFO">{'gender': 'female', 'name': {'title': 'Mrs', 'first': 'Leonor', 'last': 'Zúñiga'}, 'location': {'street': {'number': 1371, 'name': 'Circuito Tabasco'}, 'city': 'Amayuca', 'state': 'Estado de Mexico', 'country': 'Mexico', 'postcode': 30369, 'coordinates': {'latitude': '29.3393', 'longitude': '179.6303'}, 'timezone': {'offset': '-6:00', 'description': 'Central Time (US &amp; Canada), Mexico City'}}, 'email': 'leonor.zuniga@example.com', 'login': {'uuid': '8f632605-3f00-44b5-84b0-cf1b193e87a6', 'username': 'angryrabbit952', 'password': 'qqqqqqqq', 'salt': '9abtStUq', 'md5': '498764fb75188bcd75d78aee6681d7a6', 'sha1': 'e49f1f02bb40b34e317be273e455f40189b09382', 'sha256': 'b714d8dddf07b06d5c71da385776aa015929d611ec86bb66d4aa4175fdd3c798'}, 'dob': {'date': '1950-07-24T01:01:12.282Z', 'age': 73}, 'registered': {'date': '2016-08-20T07:03:32.743Z', 'age': 7}, 'phone': '(662) 954 6329', 'cell': '(673) 865 6832', 'id': {'name': 'NSS', 'value': '90 71 56 4732 7'}, 'picture': {'large': 'https://randomuser.me/api/portraits/women/12.jpg', 'medium': 'https://randomuser.me/api/portraits/med/women/12.jpg', 'thumbnail': 'https://randomuser.me/api/portraits/thumb/women/12.jpg'}, 'nat': 'MX'}</msg>
<arg>${json_data['results'][0]}</arg>
<doc>Logs the given message with the given level.</doc>
<status status="PASS" start="2024-06-08T06:18:55.963548" elapsed="0.000456"/>
</kw>
<kw name="Log" owner="BuiltIn">
<msg time="2024-06-08T06:18:55.964444" level="INFO">email</msg>
<arg>${key}</arg>
<doc>Logs the given message with the given level.</doc>
<status status="PASS" start="2024-06-08T06:18:55.964312" elapsed="0.000180"/>
</kw>
<var name="${key}">email</var>
<status status="PASS" start="2024-06-08T06:18:55.962606" elapsed="0.002104"/>
</iter>
<iter>
<kw name="Dictionary Should Contain Key" owner="Collections">
<msg time="2024-06-08T06:18:55.965387" level="INFO">False</msg>
<arg>${json_data['results'][0]}</arg>
<arg>${key}</arg>
<doc>Fails if ``key`` is not found from ``dictionary``.</doc>
<status status="PASS" start="2024-06-08T06:18:55.964999" elapsed="0.000425"/>
</kw>
<kw name="Log" owner="BuiltIn">
<msg time="2024-06-08T06:18:55.966085" level="INFO">{'gender': 'female', 'name': {'title': 'Mrs', 'first': 'Leonor', 'last': 'Zúñiga'}, 'location': {'street': {'number': 1371, 'name': 'Circuito Tabasco'}, 'city': 'Amayuca', 'state': 'Estado de Mexico', 'country': 'Mexico', 'postcode': 30369, 'coordinates': {'latitude': '29.3393', 'longitude': '179.6303'}, 'timezone': {'offset': '-6:00', 'description': 'Central Time (US &amp; Canada), Mexico City'}}, 'email': 'leonor.zuniga@example.com', 'login': {'uuid': '8f632605-3f00-44b5-84b0-cf1b193e87a6', 'username': 'angryrabbit952', 'password': 'qqqqqqqq', 'salt': '9abtStUq', 'md5': '498764fb75188bcd75d78aee6681d7a6', 'sha1': 'e49f1f02bb40b34e317be273e455f40189b09382', 'sha256': 'b714d8dddf07b06d5c71da385776aa015929d611ec86bb66d4aa4175fdd3c798'}, 'dob': {'date': '1950-07-24T01:01:12.282Z', 'age': 73}, 'registered': {'date': '2016-08-20T07:03:32.743Z', 'age': 7}, 'phone': '(662) 954 6329', 'cell': '(673) 865 6832', 'id': {'name': 'NSS', 'value': '90 71 56 4732 7'}, 'picture': {'large': 'https://randomuser.me/api/portraits/women/12.jpg', 'medium': 'https://randomuser.me/api/portraits/med/women/12.jpg', 'thumbnail': 'https://randomuser.me/api/portraits/thumb/women/12.jpg'}, 'nat': 'MX'}</msg>
<arg>${json_data['results'][0]}</arg>
<doc>Logs the given message with the given level.</doc>
<status status="PASS" start="2024-06-08T06:18:55.965722" elapsed="0.000413"/>
</kw>
<kw name="Log" owner="BuiltIn">
<msg time="2024-06-08T06:18:55.966592" level="INFO">login</msg>
<arg>${key}</arg>
<doc>Logs the given message with the given level.</doc>
<status status="PASS" start="2024-06-08T06:18:55.966459" elapsed="0.000171"/>
</kw>
<var name="${key}">login</var>
<status status="PASS" start="2024-06-08T06:18:55.964885" elapsed="0.001964"/>
</iter>
<var>${key}</var>
<value>@{expected_keys}</value>
<status status="PASS" start="2024-06-08T06:18:55.955865" elapsed="0.011108"/>
</for>
<kw name="Create List" owner="BuiltIn">
<msg time="2024-06-08T06:18:55.967301" level="INFO">${expected_keysTwo} = ['username', 'password']</msg>
<var>${expected_keysTwo}</var>
<arg>username</arg>
<arg>password</arg>
<doc>Returns a list containing given items.</doc>
<status status="PASS" start="2024-06-08T06:18:55.967164" elapsed="0.000161"/>
</kw>
<for flavor="IN">
<iter>
<kw name="Dictionary Should Contain Key" owner="Collections">
<msg time="2024-06-08T06:18:55.968248" level="INFO">False</msg>
<arg>${json_data['results'][0]['login']}</arg>
<arg>${keyTwo}</arg>
<doc>Fails if ``key`` is not found from ``dictionary``.</doc>
<status status="PASS" start="2024-06-08T06:18:55.967853" elapsed="0.000433"/>
</kw>
<kw name="Dictionary Should Contain Key" owner="Collections">
<msg time="2024-06-08T06:18:55.968959" level="INFO">False</msg>
<arg>${json_data['results'][0]['login']}</arg>
<arg>${keyTwo}</arg>
<doc>Fails if ``key`` is not found from ``dictionary``.</doc>
<status status="PASS" start="2024-06-08T06:18:55.968582" elapsed="0.000414"/>
</kw>
<kw name="Log" owner="BuiltIn">
<msg time="2024-06-08T06:18:55.969418" level="INFO">username</msg>
<arg>${keyTwo}</arg>
<doc>Logs the given message with the given level.</doc>
<status status="PASS" start="2024-06-08T06:18:55.969290" elapsed="0.000165"/>
</kw>
<var name="${keyTwo}">username</var>
<status status="PASS" start="2024-06-08T06:18:55.967719" elapsed="0.001951"/>
</iter>
<iter>
<kw name="Dictionary Should Contain Key" owner="Collections">
<msg time="2024-06-08T06:18:55.970330" level="INFO">False</msg>
<arg>${json_data['results'][0]['login']}</arg>
<arg>${keyTwo}</arg>
<doc>Fails if ``key`` is not found from ``dictionary``.</doc>
<status status="PASS" start="2024-06-08T06:18:55.969952" elapsed="0.000415"/>
</kw>
<kw name="Dictionary Should Contain Key" owner="Collections">
<msg time="2024-06-08T06:18:55.971048" level="INFO">False</msg>
<arg>${json_data['results'][0]['login']}</arg>
<arg>${keyTwo}</arg>
<doc>Fails if ``key`` is not found from ``dictionary``.</doc>
<status status="PASS" start="2024-06-08T06:18:55.970661" elapsed="0.000424"/>
</kw>
<kw name="Log" owner="BuiltIn">
<msg time="2024-06-08T06:18:55.971517" level="INFO">password</msg>
<arg>${keyTwo}</arg>
<doc>Logs the given message with the given level.</doc>
<status status="PASS" start="2024-06-08T06:18:55.971390" elapsed="0.000166"/>
</kw>
<var name="${keyTwo}">password</var>
<status status="PASS" start="2024-06-08T06:18:55.969842" elapsed="0.001927"/>
</iter>
<var>${keyTwo}</var>
<value>@{expected_keysTwo}</value>
<status status="PASS" start="2024-06-08T06:18:55.967564" elapsed="0.004364"/>
</for>
<status status="PASS" start="2024-06-08T06:18:55.856190" elapsed="0.115880"/>
</kw>
<doc>Testa a estrutura da resposta da API.</doc>
<tag>testeEstruturaResposta</tag>
<status status="PASS" start="2024-06-08T06:18:55.855588" elapsed="0.116630"/>
</test>
<test id="s1-s1-t4" name="Validar tipos de dados" line="28">
<kw name="Teste de Tipos de Dados" owner="random-user-service">
<kw name="GET On Session" owner="RequestsLibrary">
<msg time="2024-06-08T06:18:56.053794" level="INFO">GET Request : url=https://randomuser.me/api 
 path_url=/api 
 headers={'User-Agent': 'python-requests/2.32.3', 'Accept-Encoding': 'gzip, deflate', 'Accept': '*/*', 'Connection': 'keep-alive'} 
 body=None 
 </msg>
<msg time="2024-06-08T06:18:56.053869" level="INFO">GET Response : url=https://randomuser.me/api 
 status=200, reason=OK 
 headers={'Date': 'Sat, 08 Jun 2024 06:18:56 GMT', 'Content-Type': 'application/json; charset=utf-8', 'Transfer-Encoding': 'chunked', 'Connection': 'keep-alive', 'X-Powered-By': 'Express', 'Access-Control-Allow-Origin': '*', 'Cache-Control': 'no-cache', 'ETag': 'W/"489-e7qzSmNrfkL/HbBIPlVdLZf98Bk"', 'Vary': 'Accept-Encoding', 'Content-Encoding': 'gzip', 'CF-Cache-Status': 'DYNAMIC', 'Report-To': '{"endpoints":[{"url":"https:\\/\\/a.nel.cloudflare.com\\/report\\/v4?s=wSbxDfiMX1t8xfrAW3NJIrLybrzCZ2oe2rbbHEa0m2KeA75HajKyezAdAgDyL5%2FIQvH%2B5ADQ1D0XM1uXPXUWVrHW44fTLZcy%2BXRLEukVEQ%2FB%2BjoevbOyRXGFIiKQt4N9"}],"group":"cf-nel","max_age":604800}', 'NEL': '{"success_fraction":0,"report_to":"cf-nel","max_age":604800}', 'Server': 'cloudflare', 'CF-RAY': '8906c473dc3d2054-IAD', 'alt-svc': 'h3=":443"; ma=86400'} 
 body={"results":[{"gender":"female","name":{"title":"Mrs","first":"Lee","last":"Honcoop"},"location":{"street":{"number":7832,"name":"Frans Ter Gastlaan"},"city":"Marle","state":"Friesland","country":"Netherlands","postcode":"1928 PT","coordinates":{"latitude":"35.8967","longitude":"25.5202"},"timezone":{"offset":"+9:30","description":"Adelaide, Darwin"}},"email":"lee.honcoop@example.com","login":{"uuid":"847ec883-d8dc-4a64-abbd-f87e31b037da","username":"ticklishzebra586","password":"puppet","salt":"HZUPzsyT","md5":"dff19c5f408d05ef187334387a8ebb1e","sha1":"96a42ba308032120e7c817bcd7b65821699d701c","sha256":"3123ed840301646e85cc86798fb110a9e257c6527478ebde3caf1d59862bc15e"},"dob":{"date":"1970-01-04T09:09:07.101Z","age":54},"registered":{"date":"2020-06-12T01:45:59.719Z","age":3},"phone":"(0923) 310284","cell":"(06) 74247708","id":{"name":"BSN","value":"95964489"},"picture":{"large":"https://randomuser.me/api/portraits/women/18.jpg","medium":"https://randomuser.me/api/portraits/med/women/18.jpg","thumbnail":"https://randomuser.me/api/portraits/thumb/women/18.jpg"},"nat":"NL"}],"info":{"seed":"1f03c14e4f6e699a","results":1,"page":1,"version":"1.4"}} 
 </msg>
<msg time="2024-06-08T06:18:56.053939" level="INFO">/opt/hostedtoolcache/Python/3.12.3/x64/lib/python3.12/site-packages/urllib3/connectionpool.py:1103: InsecureRequestWarning: Unverified HTTPS request is being made to host 'randomuser.me'. Adding certificate verification is strongly advised. See: https://urllib3.readthedocs.io/en/latest/advanced-usage.html#tls-warnings
  warnings.warn(</msg>
<msg time="2024-06-08T06:18:56.054047" level="INFO">${response} = &lt;Response [200]&gt;</msg>
<var>${response}</var>
<arg>consultarAPI</arg>
<arg>/api</arg>
<doc>Sends a GET request on a previously created HTTP Session.</doc>
<status status="PASS" start="2024-06-08T06:18:55.974722" elapsed="0.079375"/>
</kw>
<kw name="Set Variable" owner="BuiltIn">
<msg time="2024-06-08T06:18:56.055235" level="INFO">${json_data} = {'results': [{'gender': 'female', 'name': {'title': 'Mrs', 'first': 'Lee', 'last': 'Honcoop'}, 'location': {'street': {'number': 7832, 'name': 'Frans Ter Gastlaan'}, 'city': 'Marle', 'state': 'Friesla...</msg>
<var>${json_data}</var>
<arg>${response.json()}</arg>
<doc>Returns the given values which can then be assigned to a variables.</doc>
<status status="PASS" start="2024-06-08T06:18:56.054607" elapsed="0.000657"/>
</kw>
<kw name="Log" owner="BuiltIn">
<msg time="2024-06-08T06:18:56.055900" level="INFO">{'results': [{'gender': 'female', 'name': {'title': 'Mrs', 'first': 'Lee', 'last': 'Honcoop'}, 'location': {'street': {'number': 7832, 'name': 'Frans Ter Gastlaan'}, 'city': 'Marle', 'state': 'Friesland', 'country': 'Netherlands', 'postcode': '1928 PT', 'coordinates': {'latitude': '35.8967', 'longitude': '25.5202'}, 'timezone': {'offset': '+9:30', 'description': 'Adelaide, Darwin'}}, 'email': 'lee.honcoop@example.com', 'login': {'uuid': '847ec883-d8dc-4a64-abbd-f87e31b037da', 'username': 'ticklishzebra586', 'password': 'puppet', 'salt': 'HZUPzsyT', 'md5': 'dff19c5f408d05ef187334387a8ebb1e', 'sha1': '96a42ba308032120e7c817bcd7b65821699d701c', 'sha256': '3123ed840301646e85cc86798fb110a9e257c6527478ebde3caf1d59862bc15e'}, 'dob': {'date': '1970-01-04T09:09:07.101Z', 'age': 54}, 'registered': {'date': '2020-06-12T01:45:59.719Z', 'age': 3}, 'phone': '(0923) 310284', 'cell': '(06) 74247708', 'id': {'name': 'BSN', 'value': '95964489'}, 'picture': {'large': 'https://randomuser.me/api/portraits/women/18.jpg', 'medium': 'https://randomuser.me/api/portraits/med/women/18.jpg', 'thumbnail': 'https://randomuser.me/api/portraits/thumb/women/18.jpg'}, 'nat': 'NL'}], 'info': {'seed': '1f03c14e4f6e699a', 'results': 1, 'page': 1, 'version': '1.4'}}</msg>
<arg>${json_data}</arg>
<doc>Logs the given message with the given level.</doc>
<status status="PASS" start="2024-06-08T06:18:56.055674" elapsed="0.000314"/>
</kw>
<kw name="Should Be String" owner="String">
<arg>${json_data['results'][0]['gender']}</arg>
<doc>Fails if the given ``item`` is not a string.</doc>
<status status="PASS" start="2024-06-08T06:18:56.056299" elapsed="0.000371"/>
</kw>
<kw name="Should Match Regexp" owner="BuiltIn">
<arg>${json_data['results'][0]['email']}</arg>
<arg>^[a-zA-Z0-9._%+-]+@[a-zA-Z0-9.-]+\.[a-zA-Z]{2,}$</arg>
<doc>Fails if ``string`` does not match ``pattern`` as a regular expression.</doc>
<status status="PASS" start="2024-06-08T06:18:56.056870" elapsed="0.000621"/>
</kw>
<kw name="Should Match Regexp" owner="BuiltIn">
<arg>${json_data['results'][0]['dob']['date']}</arg>
<arg>\\d{4}-\\d{2}-\\d{2}T\\d{2}:\\d{2}:\\d{2}\\.\\d{3}Z</arg>
<doc>Fails if ``string`` does not match ``pattern`` as a regular expression.</doc>
<status status="PASS" start="2024-06-08T06:18:56.057690" elapsed="0.000479"/>
</kw>
<kw name="Should Match Regexp" owner="BuiltIn">
<arg>${json_data['results'][0]['registered']['date']}</arg>
<arg>\\d{4}-\\d{2}-\\d{2}T\\d{2}:\\d{2}:\\d{2}\\.\\d{3}Z</arg>
<doc>Fails if ``string`` does not match ``pattern`` as a regular expression.</doc>
<status status="PASS" start="2024-06-08T06:18:56.058360" elapsed="0.000372"/>
</kw>
<kw name="Should Match Regexp" owner="BuiltIn">
<arg>${json_data['results'][0]['picture']['large']}</arg>
<arg>^https?://.*\.(?:png|jpe?g|gif|bmp)$</arg>
<doc>Fails if ``string`` does not match ``pattern`` as a regular expression.</doc>
<status status="PASS" start="2024-06-08T06:18:56.058916" elapsed="0.000460"/>
</kw>
<kw name="Should Match Regexp" owner="BuiltIn">
<arg>${json_data['results'][0]['picture']['medium']}</arg>
<arg>^https?://.*\.(?:png|jpe?g|gif|bmp)$</arg>
<doc>Fails if ``string`` does not match ``pattern`` as a regular expression.</doc>
<status status="PASS" start="2024-06-08T06:18:56.059562" elapsed="0.000386"/>
</kw>
<kw name="Should Match Regexp" owner="BuiltIn">
<arg>${json_data['results'][0]['picture']['thumbnail']}</arg>
<arg>^https?://.*\.(?:png|jpe?g|gif|bmp)$</arg>
<doc>Fails if ``string`` does not match ``pattern`` as a regular expression.</doc>
<status status="PASS" start="2024-06-08T06:18:56.060141" elapsed="0.000351"/>
</kw>
<kw name="Log" owner="BuiltIn">
<msg time="2024-06-08T06:18:56.061003" level="INFO">{'large': 'https://randomuser.me/api/portraits/women/18.jpg', 'medium': 'https://randomuser.me/api/portraits/med/women/18.jpg', 'thumbnail': 'https://randomuser.me/api/portraits/thumb/women/18.jpg'}</msg>
<arg>${json_data['results'][0]['picture']}</arg>
<doc>Logs the given message with the given level.</doc>
<status status="PASS" start="2024-06-08T06:18:56.060674" elapsed="0.000371"/>
</kw>
<status status="PASS" start="2024-06-08T06:18:55.974492" elapsed="0.086808"/>
</kw>
<kw name="Teste de Tipos de Dados - Postcode" owner="random-user-service">
<kw name="GET On Session" owner="RequestsLibrary">
<msg time="2024-06-08T06:18:56.152535" level="INFO">GET Request : url=https://randomuser.me/api 
 path_url=/api 
 headers={'User-Agent': 'python-requests/2.32.3', 'Accept-Encoding': 'gzip, deflate', 'Accept': '*/*', 'Connection': 'keep-alive'} 
 body=None 
 </msg>
<msg time="2024-06-08T06:18:56.152597" level="INFO">GET Response : url=https://randomuser.me/api 
 status=200, reason=OK 
 headers={'Date': 'Sat, 08 Jun 2024 06:18:56 GMT', 'Content-Type': 'application/json; charset=utf-8', 'Transfer-Encoding': 'chunked', 'Connection': 'keep-alive', 'X-Powered-By': 'Express', 'Access-Control-Allow-Origin': '*', 'Cache-Control': 'no-cache', 'ETag': 'W/"471-rHs/xixNFVHoFnBQbC71vCFoSnc"', 'Vary': 'Accept-Encoding', 'Content-Encoding': 'gzip', 'CF-Cache-Status': 'DYNAMIC', 'Report-To': '{"endpoints":[{"url":"https:\\/\\/a.nel.cloudflare.com\\/report\\/v4?s=ogO2X%2FAKAcEhlcjJiSxMmUuUjtz5g2IvQCRt7Ysahc6lGu1PtdDMCU7LpVv5v%2FaWOgarkIxT1rpNSbp9RcGTHtNb66ZCqLFWZGwDJmLxpMCZF7kfL5sprG5Vu9lK0tax"}],"group":"cf-nel","max_age":604800}', 'NEL': '{"success_fraction":0,"report_to":"cf-nel","max_age":604800}', 'Server': 'cloudflare', 'CF-RAY': '8906c4746ce32054-IAD', 'alt-svc': 'h3=":443"; ma=86400'} 
 body={"results":[{"gender":"female","name":{"title":"Mrs","first":"Nadiya","last":"Barilyak"},"location":{"street":{"number":3043,"name":"Ivana Le"},"city":"Shostka","state":"Lvivska","country":"Ukraine","postcode":40199,"coordinates":{"latitude":"81.2498","longitude":"41.7641"},"timezone":{"offset":"+9:30","description":"Adelaide, Darwin"}},"email":"nadiya.barilyak@example.com","login":{"uuid":"907e45f8-571a-43e6-ae3b-22d8165a9076","username":"saddog261","password":"chipmunk","salt":"DePl4Ax4","md5":"5edf3bf61312242ea6eabf20c7c1a541","sha1":"07542adcc62446c9ddb2b46ee15a27d3a1c809eb","sha256":"0f6b07b02b839d23772f52afb16b9ff674b5dbec0692029fa0fb95809a5c3b2f"},"dob":{"date":"1991-06-25T17:39:38.932Z","age":32},"registered":{"date":"2012-10-09T04:42:36.082Z","age":11},"phone":"(068) J65-0440","cell":"(098) I96-4942","id":{"name":"","value":null},"picture":{"large":"https://randomuser.me/api/portraits/women/7.jpg","medium":"https://randomuser.me/api/portraits/med/women/7.jpg","thumbnail":"https://randomuser.me/api/portraits/thumb/women/7.jpg"},"nat":"UA"}],"info":{"seed":"e590acdf73a71061","results":1,"page":1,"version":"1.4"}} 
 </msg>
<msg time="2024-06-08T06:18:56.152654" level="INFO">/opt/hostedtoolcache/Python/3.12.3/x64/lib/python3.12/site-packages/urllib3/connectionpool.py:1103: InsecureRequestWarning: Unverified HTTPS request is being made to host 'randomuser.me'. Adding certificate verification is strongly advised. See: https://urllib3.readthedocs.io/en/latest/advanced-usage.html#tls-warnings
  warnings.warn(</msg>
<msg time="2024-06-08T06:18:56.152737" level="INFO">${response} = &lt;Response [200]&gt;</msg>
<var>${response}</var>
<arg>consultarAPI</arg>
<arg>/api</arg>
<doc>Sends a GET request on a previously created HTTP Session.</doc>
<status status="PASS" start="2024-06-08T06:18:56.061737" elapsed="0.091040"/>
</kw>
<kw name="Set Variable" owner="BuiltIn">
<msg time="2024-06-08T06:18:56.153866" level="INFO">${json_data} = {'results': [{'gender': 'female', 'name': {'title': 'Mrs', 'first': 'Nadiya', 'last': 'Barilyak'}, 'location': {'street': {'number': 3043, 'name': 'Ivana Le'}, 'city': 'Shostka', 'state': 'Lvivska', '...</msg>
<var>${json_data}</var>
<arg>${response.json()}</arg>
<doc>Returns the given values which can then be assigned to a variables.</doc>
<status status="PASS" start="2024-06-08T06:18:56.153261" elapsed="0.000634"/>
</kw>
<kw name="Log" owner="BuiltIn">
<msg time="2024-06-08T06:18:56.154355" level="INFO">{'results': [{'gender': 'female', 'name': {'title': 'Mrs', 'first': 'Nadiya', 'last': 'Barilyak'}, 'location': {'street': {'number': 3043, 'name': 'Ivana Le'}, 'city': 'Shostka', 'state': 'Lvivska', 'country': 'Ukraine', 'postcode': 40199, 'coordinates': {'latitude': '81.2498', 'longitude': '41.7641'}, 'timezone': {'offset': '+9:30', 'description': 'Adelaide, Darwin'}}, 'email': 'nadiya.barilyak@example.com', 'login': {'uuid': '907e45f8-571a-43e6-ae3b-22d8165a9076', 'username': 'saddog261', 'password': 'chipmunk', 'salt': 'DePl4Ax4', 'md5': '5edf3bf61312242ea6eabf20c7c1a541', 'sha1': '07542adcc62446c9ddb2b46ee15a27d3a1c809eb', 'sha256': '0f6b07b02b839d23772f52afb16b9ff674b5dbec0692029fa0fb95809a5c3b2f'}, 'dob': {'date': '1991-06-25T17:39:38.932Z', 'age': 32}, 'registered': {'date': '2012-10-09T04:42:36.082Z', 'age': 11}, 'phone': '(068) J65-0440', 'cell': '(098) I96-4942', 'id': {'name': '', 'value': None}, 'picture': {'large': 'https://randomuser.me/api/portraits/women/7.jpg', 'medium': 'https://randomuser.me/api/portraits/med/women/7.jpg', 'thumbnail': 'https://randomuser.me/api/portraits/thumb/women/7.jpg'}, 'nat': 'UA'}], 'info': {'seed': 'e590acdf73a71061', 'results': 1, 'page': 1, 'version': '1.4'}}</msg>
<arg>${json_data}</arg>
<doc>Logs the given message with the given level.</doc>
<status status="PASS" start="2024-06-08T06:18:56.154203" elapsed="0.000231"/>
</kw>
<kw name="Should Be Equal As Numbers" owner="BuiltIn">
<arg>${json_data['results'][0]['location']['postcode']}</arg>
<arg>${json_data['results'][0]['location']['postcode']}</arg>
<doc>Fails if objects are unequal after converting them to real numbers.</doc>
<status status="PASS" start="2024-06-08T06:18:56.154735" elapsed="0.000621"/>
</kw>
<kw name="Log" owner="BuiltIn">
<msg time="2024-06-08T06:18:56.155939" level="INFO">40199</msg>
<arg>${json_data['results'][0]['location']['postcode']}</arg>
<doc>Logs the given message with the given level.</doc>
<status status="PASS" start="2024-06-08T06:18:56.155549" elapsed="0.000433"/>
</kw>
<status status="PASS" start="2024-06-08T06:18:56.061521" elapsed="0.094718"/>
</kw>
<doc>Testa se os tipos de dados na resposta da API estão corretos.</doc>
<tag>testeTiposDados</tag>
<status status="PASS" start="2024-06-08T06:18:55.973958" elapsed="0.182440"/>
</test>
<test id="s1-s1-t5" name="Validar conteudo" line="35">
<kw name="Teste de Tipos de Conteudo" owner="random-user-service">
<kw name="GET On Session" owner="RequestsLibrary">
<msg time="2024-06-08T06:18:56.252082" level="INFO">GET Request : url=https://randomuser.me/api 
 path_url=/api 
 headers={'User-Agent': 'python-requests/2.32.3', 'Accept-Encoding': 'gzip, deflate', 'Accept': '*/*', 'Connection': 'keep-alive'} 
 body=None 
 </msg>
<msg time="2024-06-08T06:18:56.252168" level="INFO">GET Response : url=https://randomuser.me/api 
 status=200, reason=OK 
 headers={'Date': 'Sat, 08 Jun 2024 06:18:56 GMT', 'Content-Type': 'application/json; charset=utf-8', 'Transfer-Encoding': 'chunked', 'Connection': 'keep-alive', 'X-Powered-By': 'Express', 'Access-Control-Allow-Origin': '*', 'Cache-Control': 'no-cache', 'ETag': 'W/"47e-8i5Jx8dYc5j/8yDeHJANaBodres"', 'Vary': 'Accept-Encoding', 'Content-Encoding': 'gzip', 'CF-Cache-Status': 'DYNAMIC', 'Report-To': '{"endpoints":[{"url":"https:\\/\\/a.nel.cloudflare.com\\/report\\/v4?s=Ao5vQFSqCfQUlghf2IG%2FVcRhZaPLOhhfGY%2FfWppX5UTrARE6kJJcWOoUvi8yRHLYmFh%2FzYN8mkib%2B6D1lzrFTI5RnT0snbY5%2BPe8hH0pZ3gFsr8JhwQ4Cb31GZoAujQk"}],"group":"cf-nel","max_age":604800}', 'NEL': '{"success_fraction":0,"report_to":"cf-nel","max_age":604800}', 'Server': 'cloudflare', 'CF-RAY': '8906c474fd8b2054-IAD', 'alt-svc': 'h3=":443"; ma=86400'} 
 body={"results":[{"gender":"male","name":{"title":"Mr","first":"Bozheyko","last":"Osadchiy"},"location":{"street":{"number":9358,"name":"Zatishniy provulok"},"city":"Merefa","state":"Rivnenska","country":"Ukraine","postcode":19954,"coordinates":{"latitude":"81.3459","longitude":"-25.9286"},"timezone":{"offset":"-11:00","description":"Midway Island, Samoa"}},"email":"bozheyko.osadchiy@example.com","login":{"uuid":"1a0e58a1-be3a-40d6-89b8-56d0875436f3","username":"redleopard419","password":"marley","salt":"R4mPb2yq","md5":"67da6127f0bc601e46fea69c2827252a","sha1":"363093f81978cdacf2aeb71bf9e5d7093d45bec4","sha256":"5746ffcdd6487aee645ccbd48dd948e958900bbda3c332702a5319074f3b2fe5"},"dob":{"date":"1967-11-10T21:40:35.975Z","age":56},"registered":{"date":"2019-05-21T01:14:02.466Z","age":5},"phone":"(096) L32-2492","cell":"(099) G27-1280","id":{"name":"","value":null},"picture":{"large":"https://randomuser.me/api/portraits/men/4.jpg","medium":"https://randomuser.me/api/portraits/med/men/4.jpg","thumbnail":"https://randomuser.me/api/portraits/thumb/men/4.jpg"},"nat":"UA"}],"info":{"seed":"5c789ee5c1ada16c","results":1,"page":1,"version":"1.4"}} 
 </msg>
<msg time="2024-06-08T06:18:56.252244" level="INFO">/opt/hostedtoolcache/Python/3.12.3/x64/lib/python3.12/site-packages/urllib3/connectionpool.py:1103: InsecureRequestWarning: Unverified HTTPS request is being made to host 'randomuser.me'. Adding certificate verification is strongly advised. See: https://urllib3.readthedocs.io/en/latest/advanced-usage.html#tls-warnings
  warnings.warn(</msg>
<msg time="2024-06-08T06:18:56.252370" level="INFO">${response} = &lt;Response [200]&gt;</msg>
<var>${response}</var>
<arg>consultarAPI</arg>
<arg>/api</arg>
<doc>Sends a GET request on a previously created HTTP Session.</doc>
<status status="PASS" start="2024-06-08T06:18:56.158850" elapsed="0.093576"/>
</kw>
<kw name="Set Variable" owner="BuiltIn">
<msg time="2024-06-08T06:18:56.253604" level="INFO">${json_data} = {'results': [{'gender': 'male', 'name': {'title': 'Mr', 'first': 'Bozheyko', 'last': 'Osadchiy'}, 'location': {'street': {'number': 9358, 'name': 'Zatishniy provulok'}, 'city': 'Merefa', 'state': 'Riv...</msg>
<var>${json_data}</var>
<arg>${response.json()}</arg>
<doc>Returns the given values which can then be assigned to a variables.</doc>
<status status="PASS" start="2024-06-08T06:18:56.252982" elapsed="0.000653"/>
</kw>
<kw name="Set Variable" owner="BuiltIn">
<msg time="2024-06-08T06:18:56.254322" level="INFO">${name_title} = Mr</msg>
<var>${name_title}</var>
<arg>${json_data["results"][0]["name"]["title"]}</arg>
<doc>Returns the given values which can then be assigned to a variables.</doc>
<status status="PASS" start="2024-06-08T06:18:56.253944" elapsed="0.000403"/>
</kw>
<kw name="Create List" owner="BuiltIn">
<msg time="2024-06-08T06:18:56.254789" level="INFO">${allowed_titles} = ['Mr', 'Ms', 'Miss', 'Mrs', 'Madame', 'Monsieur']</msg>
<var>${allowed_titles}</var>
<arg>Mr</arg>
<arg>Ms</arg>
<arg>Miss</arg>
<arg>Mrs</arg>
<arg>Madame</arg>
<arg>Monsieur</arg>
<doc>Returns a list containing given items.</doc>
<status status="PASS" start="2024-06-08T06:18:56.254642" elapsed="0.000171"/>
</kw>
<kw name="List Should Contain Value" owner="Collections">
<msg time="2024-06-08T06:18:56.255287" level="INFO">False</msg>
<arg>${allowed_titles}</arg>
<arg>${name_title}</arg>
<doc>Fails if the ``value`` is not found from ``list``.</doc>
<status status="PASS" start="2024-06-08T06:18:56.255116" elapsed="0.000207"/>
</kw>
<kw name="Set Variable" owner="BuiltIn">
<msg time="2024-06-08T06:18:56.256174" level="INFO">${name_country} = UA</msg>
<var>${name_country}</var>
<arg>${json_data["results"][0]["nat"]}</arg>
<doc>Returns the given values which can then be assigned to a variables.</doc>
<status status="PASS" start="2024-06-08T06:18:56.255619" elapsed="0.000580"/>
</kw>
<kw name="Create List" owner="BuiltIn">
<msg time="2024-06-08T06:18:56.257103" level="INFO">${list_country} = ['AD', 'AE', 'AF', 'AG', 'AI', 'AL', 'AM', 'AO', 'AQ', 'AR', 'AS', 'AT', 'AU', 'AW', 'AX', 'AZ', 'BA', 'BB', 'BD', 'BE', 'BF', 'BG', 'BH', 'BI', 'BJ', 'BL', 'BM', 'BN', 'BO', 'BQ', 'BR', 'BS', 'BT', '...</msg>
<var>${list_country}</var>
<arg>AD</arg>
<arg>AE</arg>
<arg>AF</arg>
<arg>AG</arg>
<arg>AI</arg>
<arg>AL</arg>
<arg>AM</arg>
<arg>AO</arg>
<arg>AQ</arg>
<arg>AR</arg>
<arg>AS</arg>
<arg>AT</arg>
<arg>AU</arg>
<arg>AW</arg>
<arg>AX</arg>
<arg>AZ</arg>
<arg>BA</arg>
<arg>BB</arg>
<arg>BD</arg>
<arg>BE</arg>
<arg>BF</arg>
<arg>BG</arg>
<arg>BH</arg>
<arg>BI</arg>
<arg>BJ</arg>
<arg>BL</arg>
<arg>BM</arg>
<arg>BN</arg>
<arg>BO</arg>
<arg>BQ</arg>
<arg>BR</arg>
<arg>BS</arg>
<arg>BT</arg>
<arg>BV</arg>
<arg>BW</arg>
<arg>BY</arg>
<arg>BZ</arg>
<arg>CA</arg>
<arg>CC</arg>
<arg>CD</arg>
<arg>CF</arg>
<arg>CG</arg>
<arg>CH</arg>
<arg>CI</arg>
<arg>CK</arg>
<arg>CL</arg>
<arg>CM</arg>
<arg>CN</arg>
<arg>CO</arg>
<arg>CR</arg>
<arg>CU</arg>
<arg>CV</arg>
<arg>CW</arg>
<arg>CX</arg>
<arg>CY</arg>
<arg>CZ</arg>
<arg>DE</arg>
<arg>DJ</arg>
<arg>DK</arg>
<arg>DM</arg>
<arg>DO</arg>
<arg>DZ</arg>
<arg>EC</arg>
<arg>EE</arg>
<arg>EG</arg>
<arg>EH</arg>
<arg>ER</arg>
<arg>ES</arg>
<arg>ET</arg>
<arg>FI</arg>
<arg>FJ</arg>
<arg>FK</arg>
<arg>FM</arg>
<arg>FO</arg>
<arg>FR</arg>
<arg>GA</arg>
<arg>GB</arg>
<arg>GD</arg>
<arg>GE</arg>
<arg>GF</arg>
<arg>GG</arg>
<arg>GH</arg>
<arg>GI</arg>
<arg>GL</arg>
<arg>GM</arg>
<arg>GN</arg>
<arg>GP</arg>
<arg>GQ</arg>
<arg>GR</arg>
<arg>GS</arg>
<arg>GT</arg>
<arg>GU</arg>
<arg>GW</arg>
<arg>GY</arg>
<arg>HK</arg>
<arg>HM</arg>
<arg>HN</arg>
<arg>HR</arg>
<arg>HT</arg>
<arg>HU</arg>
<arg>ID</arg>
<arg>IE</arg>
<arg>IL</arg>
<arg>IM</arg>
<arg>IN</arg>
<arg>IO</arg>
<arg>IQ</arg>
<arg>IR</arg>
<arg>IS</arg>
<arg>IT</arg>
<arg>JE</arg>
<arg>JM</arg>
<arg>JO</arg>
<arg>JP</arg>
<arg>KE</arg>
<arg>KG</arg>
<arg>KH</arg>
<arg>KI</arg>
<arg>KM</arg>
<arg>KN</arg>
<arg>KP</arg>
<arg>KR</arg>
<arg>KW</arg>
<arg>KY</arg>
<arg>KZ</arg>
<arg>LA</arg>
<arg>LB</arg>
<arg>LC</arg>
<arg>LI</arg>
<arg>LK</arg>
<arg>LR</arg>
<arg>LS</arg>
<arg>LT</arg>
<arg>LU</arg>
<arg>LV</arg>
<arg>LY</arg>
<arg>MA</arg>
<arg>MC</arg>
<arg>MD</arg>
<arg>ME</arg>
<arg>MF</arg>
<arg>MG</arg>
<arg>MH</arg>
<arg>MK</arg>
<arg>ML</arg>
<arg>MM</arg>
<arg>MN</arg>
<arg>MO</arg>
<arg>MP</arg>
<arg>MQ</arg>
<arg>MR</arg>
<arg>MS</arg>
<arg>MT</arg>
<arg>MU</arg>
<arg>MV</arg>
<arg>MW</arg>
<arg>MX</arg>
<arg>MY</arg>
<arg>MZ</arg>
<arg>NA</arg>
<arg>NC</arg>
<arg>NE</arg>
<arg>NF</arg>
<arg>NG</arg>
<arg>NI</arg>
<arg>NL</arg>
<arg>NO</arg>
<arg>NP</arg>
<arg>NR</arg>
<arg>NU</arg>
<arg>NZ</arg>
<arg>OM</arg>
<arg>PA</arg>
<arg>PE</arg>
<arg>PF</arg>
<arg>PG</arg>
<arg>PH</arg>
<arg>PK</arg>
<arg>PL</arg>
<arg>PM</arg>
<arg>PN</arg>
<arg>PR</arg>
<arg>PS</arg>
<arg>PT</arg>
<arg>PW</arg>
<arg>PY</arg>
<arg>QA</arg>
<arg>RE</arg>
<arg>RO</arg>
<arg>RS</arg>
<arg>RU</arg>
<arg>RW</arg>
<arg>SA</arg>
<arg>SB</arg>
<arg>SC</arg>
<arg>SD</arg>
<arg>SE</arg>
<arg>SG</arg>
<arg>SH</arg>
<arg>SI</arg>
<arg>SJ</arg>
<arg>SK</arg>
<arg>SL</arg>
<arg>SM</arg>
<arg>SN</arg>
<arg>SO</arg>
<arg>SR</arg>
<arg>SS</arg>
<arg>ST</arg>
<arg>SV</arg>
<arg>SX</arg>
<arg>SY</arg>
<arg>SZ</arg>
<arg>TC</arg>
<arg>TD</arg>
<arg>TF</arg>
<arg>TG</arg>
<arg>TH</arg>
<arg>TJ</arg>
<arg>TK</arg>
<arg>TL</arg>
<arg>TM</arg>
<arg>TN</arg>
<arg>TO</arg>
<arg>TR</arg>
<arg>TT</arg>
<arg>TV</arg>
<arg>TW</arg>
<arg>TZ</arg>
<arg>UA</arg>
<arg>UG</arg>
<arg>UM</arg>
<arg>US</arg>
<arg>UY</arg>
<arg>UZ</arg>
<arg>VA</arg>
<arg>VC</arg>
<arg>VE</arg>
<arg>VG</arg>
<arg>VI</arg>
<arg>VN</arg>
<arg>VU</arg>
<arg>WF</arg>
<arg>WS</arg>
<arg>XK</arg>
<arg>YE</arg>
<arg>YT</arg>
<arg>ZA</arg>
<arg>ZM</arg>
<arg>ZW</arg>
<doc>Returns a list containing given items.</doc>
<status status="PASS" start="2024-06-08T06:18:56.256507" elapsed="0.000620"/>
</kw>
<kw name="List Should Contain Value" owner="Collections">
<msg time="2024-06-08T06:18:56.258109" level="INFO">False</msg>
<arg>${list_country}</arg>
<arg>${name_country}</arg>
<doc>Fails if the ``value`` is not found from ``list``.</doc>
<status status="PASS" start="2024-06-08T06:18:56.257905" elapsed="0.000241"/>
</kw>
<kw name="Run Keyword If" owner="BuiltIn">
<kw name="Should Be True" owner="BuiltIn">
<arg>${True}</arg>
<doc>Fails if the given condition is not true.</doc>
<status status="PASS" start="2024-06-08T06:18:56.259212" elapsed="0.000143"/>
</kw>
<arg>${json_data["results"][0]["location"]["coordinates"]["latitude"]} &gt;= -90 and ${json_data["results"][0]["location"]["coordinates"]["latitude"]} &lt;= 90</arg>
<arg>Should Be True</arg>
<arg>${True}</arg>
<doc>Runs the given keyword with the given arguments, if ``condition`` is true.</doc>
<status status="PASS" start="2024-06-08T06:18:56.258460" elapsed="0.001024"/>
</kw>
<kw name="Run Keyword If" owner="BuiltIn">
<kw name="Should Be True" owner="BuiltIn">
<arg>${True}</arg>
<doc>Fails if the given condition is not true.</doc>
<status status="PASS" start="2024-06-08T06:18:56.260391" elapsed="0.000138"/>
</kw>
<arg>${json_data["results"][0]["location"]["coordinates"]["longitude"]} &gt;= -180 and ${json_data["results"][0]["location"]["coordinates"]["longitude"]} &lt;= 180</arg>
<arg>Should Be True</arg>
<arg>${True}</arg>
<doc>Runs the given keyword with the given arguments, if ``condition`` is true.</doc>
<status status="PASS" start="2024-06-08T06:18:56.259676" elapsed="0.000977"/>
</kw>
<status status="PASS" start="2024-06-08T06:18:56.158610" elapsed="0.102172"/>
</kw>
<doc>Testa o conteúdo específico dos campos retornados pela API.</doc>
<tag>testeConteudo</tag>
<status status="PASS" start="2024-06-08T06:18:56.158109" elapsed="0.102825"/>
</test>
<status status="PASS" start="2024-06-08T06:18:55.458529" elapsed="0.804315"/>
</suite>
<status status="PASS" start="2024-06-08T06:18:55.444676" elapsed="0.823345"/>
</suite>
<statistics>
<total>
<stat pass="5" fail="0" skip="0">All Tests</stat>
</total>
<tag>
<stat pass="1" fail="0" skip="0">testeConteudo</stat>
<stat pass="1" fail="0" skip="0">testeEstruturaResposta</stat>
<stat pass="1" fail="0" skip="0">testeRequisicaoBasica</stat>
<stat pass="1" fail="0" skip="0">testeTiposDados</stat>
</tag>
<suite>
<stat pass="5" fail="0" skip="0" id="s1" name="Tests">Tests</stat>
<stat pass="5" fail="0" skip="0" id="s1-s1" name="Random-User-Test">Tests.Random-User-Test</stat>
</suite>
</statistics>
<errors>
</errors>
</robot>
