<?xml version="1.0" encoding="UTF-8"?>
<robot generator="Robot 7.0.1 (Python 3.12.4 on linux)" generated="2024-06-20T23:16:41.614901" rpa="false" schemaversion="5">
<suite id="s1" name="Tests" source="/home/runner/work/ApiRandomUser/ApiRandomUser/RamdonUser/tests">
<suite id="s1-s1" name="Random-User-Test" source="/home/runner/work/ApiRandomUser/ApiRandomUser/RamdonUser/tests/random-user-test.robot">
<test id="s1-s1-t1" name="Conectar" line="13">
<kw name="Conectar API" owner="random-user-service">
<kw name="Create Session" owner="RequestsLibrary">
<msg time="2024-06-20T23:16:42.053791" level="INFO">Creating Session using : alias=consultarAPI, url=https://randomuser.me/, headers={},                     cookies={}, auth=None, timeout=None, proxies=None, verify=False,                     debug=0 </msg>
<arg>consultarAPI</arg>
<arg>${URL}</arg>
<doc>Create Session: create a HTTP session to a server</doc>
<status status="PASS" start="2024-06-20T23:16:42.053579" elapsed="0.000410"/>
</kw>
<status status="PASS" start="2024-06-20T23:16:42.052555" elapsed="0.001796"/>
</kw>
<status status="PASS" start="2024-06-20T23:16:42.051939" elapsed="0.002632"/>
</test>
<test id="s1-s1-t2" name="Validar retorno 200 e JSON Válido" line="16">
<kw name="Teste de Requisicao Basica" owner="random-user-service">
<kw name="GET On Session" owner="RequestsLibrary">
<msg time="2024-06-20T23:16:42.208636" level="INFO">GET Request : url=https://randomuser.me/api 
 path_url=/api 
 headers={'User-Agent': 'python-requests/2.32.3', 'Accept-Encoding': 'gzip, deflate', 'Accept': '*/*', 'Connection': 'keep-alive'} 
 body=None 
 </msg>
<msg time="2024-06-20T23:16:42.208795" level="INFO">GET Response : url=https://randomuser.me/api 
 status=200, reason=OK 
 headers={'Date': 'Thu, 20 Jun 2024 23:16:42 GMT', 'Content-Type': 'application/json; charset=utf-8', 'Transfer-Encoding': 'chunked', 'Connection': 'keep-alive', 'X-Powered-By': 'Express', 'Access-Control-Allow-Origin': '*', 'Cache-Control': 'no-cache', 'ETag': 'W/"488-0s29xUzcxbZrWuMANYbBD1vfumA"', 'Vary': 'Accept-Encoding', 'Content-Encoding': 'gzip', 'CF-Cache-Status': 'DYNAMIC', 'Report-To': '{"endpoints":[{"url":"https:\\/\\/a.nel.cloudflare.com\\/report\\/v4?s=Os3k%2FrysC65gmebxYdCSoZbKMqF39mgSe7Z%2B5wR9su7Xn2N4vI2VQN6MAO2TUl1LoxpHJTRnhAqIzCP5RAHcnUB8md6MCJRqbsDuQXUgsy%2FrVd%2FnKLx5%2BWXwRB1iA1nF"}],"group":"cf-nel","max_age":604800}', 'NEL': '{"success_fraction":0,"report_to":"cf-nel","max_age":604800}', 'Server': 'cloudflare', 'CF-RAY': '896f77d31aa3642e-SJC', 'alt-svc': 'h3=":443"; ma=86400'} 
 body={"results":[{"gender":"male","name":{"title":"Mr","first":"Dorogobug","last":"Kondratovich"},"location":{"street":{"number":5962,"name":"Gruntova"},"city":"Saki","state":"Luganska","country":"Ukraine","postcode":91910,"coordinates":{"latitude":"79.3682","longitude":"-161.3540"},"timezone":{"offset":"+4:00","description":"Abu Dhabi, Muscat, Baku, Tbilisi"}},"email":"dorogobug.kondratovich@example.com","login":{"uuid":"56994c7e-c081-4dfb-a49f-51c578e3c849","username":"purplewolf414","password":"dawg","salt":"VbHf17TQ","md5":"d91aab60d654e8da6fc3292f866c9fbe","sha1":"5a2bd6d35f1cc945983b0edcbb541f95d326190a","sha256":"e98b1fc0c4da8500c7746ba7f652402ad632c6cc76505b6041e51fd430651fa3"},"dob":{"date":"1951-03-24T18:33:23.008Z","age":73},"registered":{"date":"2017-07-24T22:08:37.965Z","age":6},"phone":"(096) N91-7525","cell":"(099) C59-4733","id":{"name":"","value":null},"picture":{"large":"https://randomuser.me/api/portraits/men/34.jpg","medium":"https://randomuser.me/api/portraits/med/men/34.jpg","thumbnail":"https://randomuser.me/api/portraits/thumb/men/34.jpg"},"nat":"UA"}],"info":{"seed":"815f065df483c892","results":1,"page":1,"version":"1.4"}} 
 </msg>
<msg time="2024-06-20T23:16:42.208879" level="INFO">/opt/hostedtoolcache/Python/3.12.4/x64/lib/python3.12/site-packages/urllib3/connectionpool.py:1099: InsecureRequestWarning: Unverified HTTPS request is being made to host 'randomuser.me'. Adding certificate verification is strongly advised. See: https://urllib3.readthedocs.io/en/latest/advanced-usage.html#tls-warnings
  warnings.warn(</msg>
<msg time="2024-06-20T23:16:42.209022" level="INFO">${response} = &lt;Response [200]&gt;</msg>
<var>${response}</var>
<arg>consultarAPI</arg>
<arg>/api</arg>
<doc>Sends a GET request on a previously created HTTP Session.</doc>
<status status="PASS" start="2024-06-20T23:16:42.057171" elapsed="0.151894"/>
</kw>
<kw name="Should Be Equal As Numbers" owner="BuiltIn">
<msg time="2024-06-20T23:16:42.210099" level="INFO">Argument types are:
&lt;class 'int'&gt;
&lt;class 'str'&gt;</msg>
<arg>${response.status_code}</arg>
<arg>200</arg>
<doc>Fails if objects are unequal after converting them to real numbers.</doc>
<status status="PASS" start="2024-06-20T23:16:42.209618" elapsed="0.000547"/>
</kw>
<kw name="Log" owner="BuiltIn">
<msg time="2024-06-20T23:16:42.210871" level="INFO">200</msg>
<arg>${response.status_code}</arg>
<doc>Logs the given message with the given level.</doc>
<status status="PASS" start="2024-06-20T23:16:42.210480" elapsed="0.000434"/>
</kw>
<kw name="Set Variable" owner="BuiltIn">
<msg time="2024-06-20T23:16:42.211675" level="INFO">${json_data} = {'results': [{'gender': 'male', 'name': {'title': 'Mr', 'first': 'Dorogobug', 'last': 'Kondratovich'}, 'location': {'street': {'number': 5962, 'name': 'Gruntova'}, 'city': 'Saki', 'state': 'Luganska',...</msg>
<var>${json_data}</var>
<arg>${response.json()}</arg>
<doc>Returns the given values which can then be assigned to a variables.</doc>
<status status="PASS" start="2024-06-20T23:16:42.211226" elapsed="0.000478"/>
</kw>
<kw name="Dictionary Should Contain Key" owner="Collections">
<arg>${json_data}</arg>
<arg>results</arg>
<doc>Fails if ``key`` is not found from ``dictionary``.</doc>
<status status="PASS" start="2024-06-20T23:16:42.212004" elapsed="0.000175"/>
</kw>
<status status="PASS" start="2024-06-20T23:16:42.056930" elapsed="0.155405"/>
</kw>
<doc>Testa se a API responde corretamente e retorna um objeto JSON válido.</doc>
<tag>testeRequisicaoBasica</tag>
<status status="PASS" start="2024-06-20T23:16:42.056461" elapsed="0.156051"/>
</test>
<test id="s1-s1-t3" name="Validar estrutura de resposta" line="22">
<kw name="Teste de Estrutura de Resposta" owner="random-user-service">
<kw name="GET On Session" owner="RequestsLibrary">
<msg time="2024-06-20T23:16:42.298672" level="INFO">GET Request : url=https://randomuser.me/api 
 path_url=/api 
 headers={'User-Agent': 'python-requests/2.32.3', 'Accept-Encoding': 'gzip, deflate', 'Accept': '*/*', 'Connection': 'keep-alive'} 
 body=None 
 </msg>
<msg time="2024-06-20T23:16:42.298799" level="INFO">GET Response : url=https://randomuser.me/api 
 status=200, reason=OK 
 headers={'Date': 'Thu, 20 Jun 2024 23:16:42 GMT', 'Content-Type': 'application/json; charset=utf-8', 'Transfer-Encoding': 'chunked', 'Connection': 'keep-alive', 'X-Powered-By': 'Express', 'Access-Control-Allow-Origin': '*', 'Cache-Control': 'no-cache', 'ETag': 'W/"471-ZtR8QTS+5/j90l1CngO5t/9MP0I"', 'Vary': 'Accept-Encoding', 'Content-Encoding': 'gzip', 'CF-Cache-Status': 'DYNAMIC', 'Report-To': '{"endpoints":[{"url":"https:\\/\\/a.nel.cloudflare.com\\/report\\/v4?s=ELezXWFI4W10BjRAQlY1z9FlpsP8keeggudFGEZhf2nzRUcPptq6Fmgm0ctUAuVOe5cBG9FE6Co%2BDYYQPK97lAeIeiFFEiPzV4wp%2F1BTL%2FfhMSumdg11BvK5GW6oQmkZ"}],"group":"cf-nel","max_age":604800}', 'NEL': '{"success_fraction":0,"report_to":"cf-nel","max_age":604800}', 'Server': 'cloudflare', 'CF-RAY': '896f77d3db44642e-SJC', 'alt-svc': 'h3=":443"; ma=86400'} 
 body={"results":[{"gender":"male","name":{"title":"Mr","first":"Julius","last":"Hakola"},"location":{"street":{"number":2699,"name":"Visiokatu"},"city":"Salo","state":"Tavastia Proper","country":"Finland","postcode":67501,"coordinates":{"latitude":"-27.4628","longitude":"-36.4509"},"timezone":{"offset":"-10:00","description":"Hawaii"}},"email":"julius.hakola@example.com","login":{"uuid":"6114fcda-9124-4d51-b5b0-c5a785492e89","username":"sadbear793","password":"flint","salt":"KeipZvfn","md5":"5b9b58548fd1202c29c64d96bc60becc","sha1":"ddcf94a762caf6a8013d27b9b7b9293269970ca1","sha256":"4c54cf0392860d73c4fbb9d4c13f1ea25a563b456833136300dfbdbf00bf1497"},"dob":{"date":"1964-07-25T14:35:16.065Z","age":59},"registered":{"date":"2015-07-04T01:08:11.162Z","age":8},"phone":"06-335-185","cell":"045-738-50-93","id":{"name":"HETU","value":"NaNNA273undefined"},"picture":{"large":"https://randomuser.me/api/portraits/men/46.jpg","medium":"https://randomuser.me/api/portraits/med/men/46.jpg","thumbnail":"https://randomuser.me/api/portraits/thumb/men/46.jpg"},"nat":"FI"}],"info":{"seed":"7a6889c2a42005ed","results":1,"page":1,"version":"1.4"}} 
 </msg>
<msg time="2024-06-20T23:16:42.298961" level="INFO">/opt/hostedtoolcache/Python/3.12.4/x64/lib/python3.12/site-packages/urllib3/connectionpool.py:1099: InsecureRequestWarning: Unverified HTTPS request is being made to host 'randomuser.me'. Adding certificate verification is strongly advised. See: https://urllib3.readthedocs.io/en/latest/advanced-usage.html#tls-warnings
  warnings.warn(</msg>
<msg time="2024-06-20T23:16:42.299093" level="INFO">${response} = &lt;Response [200]&gt;</msg>
<var>${response}</var>
<arg>consultarAPI</arg>
<arg>/api</arg>
<doc>Sends a GET request on a previously created HTTP Session.</doc>
<status status="PASS" start="2024-06-20T23:16:42.215492" elapsed="0.083643"/>
</kw>
<kw name="Set Variable" owner="BuiltIn">
<msg time="2024-06-20T23:16:42.300409" level="INFO">${json_data} = {'results': [{'gender': 'male', 'name': {'title': 'Mr', 'first': 'Julius', 'last': 'Hakola'}, 'location': {'street': {'number': 2699, 'name': 'Visiokatu'}, 'city': 'Salo', 'state': 'Tavastia Proper', ...</msg>
<var>${json_data}</var>
<arg>${response.json()}</arg>
<doc>Returns the given values which can then be assigned to a variables.</doc>
<status status="PASS" start="2024-06-20T23:16:42.299796" elapsed="0.000643"/>
</kw>
<kw name="Log" owner="BuiltIn">
<msg time="2024-06-20T23:16:42.300917" level="INFO">{'results': [{'gender': 'male', 'name': {'title': 'Mr', 'first': 'Julius', 'last': 'Hakola'}, 'location': {'street': {'number': 2699, 'name': 'Visiokatu'}, 'city': 'Salo', 'state': 'Tavastia Proper', 'country': 'Finland', 'postcode': 67501, 'coordinates': {'latitude': '-27.4628', 'longitude': '-36.4509'}, 'timezone': {'offset': '-10:00', 'description': 'Hawaii'}}, 'email': 'julius.hakola@example.com', 'login': {'uuid': '6114fcda-9124-4d51-b5b0-c5a785492e89', 'username': 'sadbear793', 'password': 'flint', 'salt': 'KeipZvfn', 'md5': '5b9b58548fd1202c29c64d96bc60becc', 'sha1': 'ddcf94a762caf6a8013d27b9b7b9293269970ca1', 'sha256': '4c54cf0392860d73c4fbb9d4c13f1ea25a563b456833136300dfbdbf00bf1497'}, 'dob': {'date': '1964-07-25T14:35:16.065Z', 'age': 59}, 'registered': {'date': '2015-07-04T01:08:11.162Z', 'age': 8}, 'phone': '06-335-185', 'cell': '045-738-50-93', 'id': {'name': 'HETU', 'value': 'NaNNA273undefined'}, 'picture': {'large': 'https://randomuser.me/api/portraits/men/46.jpg', 'medium': 'https://randomuser.me/api/portraits/med/men/46.jpg', 'thumbnail': 'https://randomuser.me/api/portraits/thumb/men/46.jpg'}, 'nat': 'FI'}], 'info': {'seed': '7a6889c2a42005ed', 'results': 1, 'page': 1, 'version': '1.4'}}</msg>
<arg>${json_data}</arg>
<doc>Logs the given message with the given level.</doc>
<status status="PASS" start="2024-06-20T23:16:42.300754" elapsed="0.000212"/>
</kw>
<kw name="Dictionary Should Contain Key" owner="Collections">
<arg>${json_data}</arg>
<arg>results</arg>
<doc>Fails if ``key`` is not found from ``dictionary``.</doc>
<status status="PASS" start="2024-06-20T23:16:42.301257" elapsed="0.000167"/>
</kw>
<kw name="Should Not Be Empty" owner="BuiltIn">
<msg time="2024-06-20T23:16:42.301758" level="INFO">Length is 2.</msg>
<arg>${json_data}</arg>
<doc>Verifies that the given item is not empty.</doc>
<status status="PASS" start="2024-06-20T23:16:42.301628" elapsed="0.000175"/>
</kw>
<kw name="Create List" owner="BuiltIn">
<msg time="2024-06-20T23:16:42.302251" level="INFO">${expected_keys} = ['gender', 'name', 'location', 'email', 'login']</msg>
<var>${expected_keys}</var>
<arg>gender</arg>
<arg>name</arg>
<arg>location</arg>
<arg>email</arg>
<arg>login</arg>
<doc>Returns a list containing given items.</doc>
<status status="PASS" start="2024-06-20T23:16:42.302103" elapsed="0.000173"/>
</kw>
<for flavor="IN">
<iter>
<kw name="Dictionary Should Contain Key" owner="Collections">
<arg>${json_data['results'][0]}</arg>
<arg>${key}</arg>
<doc>Fails if ``key`` is not found from ``dictionary``.</doc>
<status status="PASS" start="2024-06-20T23:16:42.303102" elapsed="0.000408"/>
</kw>
<kw name="Log" owner="BuiltIn">
<msg time="2024-06-20T23:16:42.304125" level="INFO">{'gender': 'male', 'name': {'title': 'Mr', 'first': 'Julius', 'last': 'Hakola'}, 'location': {'street': {'number': 2699, 'name': 'Visiokatu'}, 'city': 'Salo', 'state': 'Tavastia Proper', 'country': 'Finland', 'postcode': 67501, 'coordinates': {'latitude': '-27.4628', 'longitude': '-36.4509'}, 'timezone': {'offset': '-10:00', 'description': 'Hawaii'}}, 'email': 'julius.hakola@example.com', 'login': {'uuid': '6114fcda-9124-4d51-b5b0-c5a785492e89', 'username': 'sadbear793', 'password': 'flint', 'salt': 'KeipZvfn', 'md5': '5b9b58548fd1202c29c64d96bc60becc', 'sha1': 'ddcf94a762caf6a8013d27b9b7b9293269970ca1', 'sha256': '4c54cf0392860d73c4fbb9d4c13f1ea25a563b456833136300dfbdbf00bf1497'}, 'dob': {'date': '1964-07-25T14:35:16.065Z', 'age': 59}, 'registered': {'date': '2015-07-04T01:08:11.162Z', 'age': 8}, 'phone': '06-335-185', 'cell': '045-738-50-93', 'id': {'name': 'HETU', 'value': 'NaNNA273undefined'}, 'picture': {'large': 'https://randomuser.me/api/portraits/men/46.jpg', 'medium': 'https://randomuser.me/api/portraits/med/men/46.jpg', 'thumbnail': 'https://randomuser.me/api/portraits/thumb/men/46.jpg'}, 'nat': 'FI'}</msg>
<arg>${json_data['results'][0]}</arg>
<doc>Logs the given message with the given level.</doc>
<status status="PASS" start="2024-06-20T23:16:42.303729" elapsed="0.000453"/>
</kw>
<kw name="Log" owner="BuiltIn">
<msg time="2024-06-20T23:16:42.304614" level="INFO">gender</msg>
<arg>${key}</arg>
<doc>Logs the given message with the given level.</doc>
<status status="PASS" start="2024-06-20T23:16:42.304483" elapsed="0.000168"/>
</kw>
<var name="${key}">gender</var>
<status status="PASS" start="2024-06-20T23:16:42.302970" elapsed="0.001897"/>
</iter>
<iter>
<kw name="Dictionary Should Contain Key" owner="Collections">
<arg>${json_data['results'][0]}</arg>
<arg>${key}</arg>
<doc>Fails if ``key`` is not found from ``dictionary``.</doc>
<status status="PASS" start="2024-06-20T23:16:42.305166" elapsed="0.000382"/>
</kw>
<kw name="Log" owner="BuiltIn">
<msg time="2024-06-20T23:16:42.306115" level="INFO">{'gender': 'male', 'name': {'title': 'Mr', 'first': 'Julius', 'last': 'Hakola'}, 'location': {'street': {'number': 2699, 'name': 'Visiokatu'}, 'city': 'Salo', 'state': 'Tavastia Proper', 'country': 'Finland', 'postcode': 67501, 'coordinates': {'latitude': '-27.4628', 'longitude': '-36.4509'}, 'timezone': {'offset': '-10:00', 'description': 'Hawaii'}}, 'email': 'julius.hakola@example.com', 'login': {'uuid': '6114fcda-9124-4d51-b5b0-c5a785492e89', 'username': 'sadbear793', 'password': 'flint', 'salt': 'KeipZvfn', 'md5': '5b9b58548fd1202c29c64d96bc60becc', 'sha1': 'ddcf94a762caf6a8013d27b9b7b9293269970ca1', 'sha256': '4c54cf0392860d73c4fbb9d4c13f1ea25a563b456833136300dfbdbf00bf1497'}, 'dob': {'date': '1964-07-25T14:35:16.065Z', 'age': 59}, 'registered': {'date': '2015-07-04T01:08:11.162Z', 'age': 8}, 'phone': '06-335-185', 'cell': '045-738-50-93', 'id': {'name': 'HETU', 'value': 'NaNNA273undefined'}, 'picture': {'large': 'https://randomuser.me/api/portraits/men/46.jpg', 'medium': 'https://randomuser.me/api/portraits/med/men/46.jpg', 'thumbnail': 'https://randomuser.me/api/portraits/thumb/men/46.jpg'}, 'nat': 'FI'}</msg>
<arg>${json_data['results'][0]}</arg>
<doc>Logs the given message with the given level.</doc>
<status status="PASS" start="2024-06-20T23:16:42.305732" elapsed="0.000462"/>
</kw>
<kw name="Log" owner="BuiltIn">
<msg time="2024-06-20T23:16:42.306675" level="INFO">name</msg>
<arg>${key}</arg>
<doc>Logs the given message with the given level.</doc>
<status status="PASS" start="2024-06-20T23:16:42.306489" elapsed="0.000225"/>
</kw>
<var name="${key}">name</var>
<status status="PASS" start="2024-06-20T23:16:42.305055" elapsed="0.001878"/>
</iter>
<iter>
<kw name="Dictionary Should Contain Key" owner="Collections">
<arg>${json_data['results'][0]}</arg>
<arg>${key}</arg>
<doc>Fails if ``key`` is not found from ``dictionary``.</doc>
<status status="PASS" start="2024-06-20T23:16:42.307217" elapsed="0.000390"/>
</kw>
<kw name="Log" owner="BuiltIn">
<msg time="2024-06-20T23:16:42.308142" level="INFO">{'gender': 'male', 'name': {'title': 'Mr', 'first': 'Julius', 'last': 'Hakola'}, 'location': {'street': {'number': 2699, 'name': 'Visiokatu'}, 'city': 'Salo', 'state': 'Tavastia Proper', 'country': 'Finland', 'postcode': 67501, 'coordinates': {'latitude': '-27.4628', 'longitude': '-36.4509'}, 'timezone': {'offset': '-10:00', 'description': 'Hawaii'}}, 'email': 'julius.hakola@example.com', 'login': {'uuid': '6114fcda-9124-4d51-b5b0-c5a785492e89', 'username': 'sadbear793', 'password': 'flint', 'salt': 'KeipZvfn', 'md5': '5b9b58548fd1202c29c64d96bc60becc', 'sha1': 'ddcf94a762caf6a8013d27b9b7b9293269970ca1', 'sha256': '4c54cf0392860d73c4fbb9d4c13f1ea25a563b456833136300dfbdbf00bf1497'}, 'dob': {'date': '1964-07-25T14:35:16.065Z', 'age': 59}, 'registered': {'date': '2015-07-04T01:08:11.162Z', 'age': 8}, 'phone': '06-335-185', 'cell': '045-738-50-93', 'id': {'name': 'HETU', 'value': 'NaNNA273undefined'}, 'picture': {'large': 'https://randomuser.me/api/portraits/men/46.jpg', 'medium': 'https://randomuser.me/api/portraits/med/men/46.jpg', 'thumbnail': 'https://randomuser.me/api/portraits/thumb/men/46.jpg'}, 'nat': 'FI'}</msg>
<arg>${json_data['results'][0]}</arg>
<doc>Logs the given message with the given level.</doc>
<status status="PASS" start="2024-06-20T23:16:42.307788" elapsed="0.000402"/>
</kw>
<kw name="Log" owner="BuiltIn">
<msg time="2024-06-20T23:16:42.308607" level="INFO">location</msg>
<arg>${key}</arg>
<doc>Logs the given message with the given level.</doc>
<status status="PASS" start="2024-06-20T23:16:42.308480" elapsed="0.000164"/>
</kw>
<var name="${key}">location</var>
<status status="PASS" start="2024-06-20T23:16:42.307109" elapsed="0.001747"/>
</iter>
<iter>
<kw name="Dictionary Should Contain Key" owner="Collections">
<arg>${json_data['results'][0]}</arg>
<arg>${key}</arg>
<doc>Fails if ``key`` is not found from ``dictionary``.</doc>
<status status="PASS" start="2024-06-20T23:16:42.309128" elapsed="0.000375"/>
</kw>
<kw name="Log" owner="BuiltIn">
<msg time="2024-06-20T23:16:42.310045" level="INFO">{'gender': 'male', 'name': {'title': 'Mr', 'first': 'Julius', 'last': 'Hakola'}, 'location': {'street': {'number': 2699, 'name': 'Visiokatu'}, 'city': 'Salo', 'state': 'Tavastia Proper', 'country': 'Finland', 'postcode': 67501, 'coordinates': {'latitude': '-27.4628', 'longitude': '-36.4509'}, 'timezone': {'offset': '-10:00', 'description': 'Hawaii'}}, 'email': 'julius.hakola@example.com', 'login': {'uuid': '6114fcda-9124-4d51-b5b0-c5a785492e89', 'username': 'sadbear793', 'password': 'flint', 'salt': 'KeipZvfn', 'md5': '5b9b58548fd1202c29c64d96bc60becc', 'sha1': 'ddcf94a762caf6a8013d27b9b7b9293269970ca1', 'sha256': '4c54cf0392860d73c4fbb9d4c13f1ea25a563b456833136300dfbdbf00bf1497'}, 'dob': {'date': '1964-07-25T14:35:16.065Z', 'age': 59}, 'registered': {'date': '2015-07-04T01:08:11.162Z', 'age': 8}, 'phone': '06-335-185', 'cell': '045-738-50-93', 'id': {'name': 'HETU', 'value': 'NaNNA273undefined'}, 'picture': {'large': 'https://randomuser.me/api/portraits/men/46.jpg', 'medium': 'https://randomuser.me/api/portraits/med/men/46.jpg', 'thumbnail': 'https://randomuser.me/api/portraits/thumb/men/46.jpg'}, 'nat': 'FI'}</msg>
<arg>${json_data['results'][0]}</arg>
<doc>Logs the given message with the given level.</doc>
<status status="PASS" start="2024-06-20T23:16:42.309687" elapsed="0.000405"/>
</kw>
<kw name="Log" owner="BuiltIn">
<msg time="2024-06-20T23:16:42.310506" level="INFO">email</msg>
<arg>${key}</arg>
<doc>Logs the given message with the given level.</doc>
<status status="PASS" start="2024-06-20T23:16:42.310380" elapsed="0.000198"/>
</kw>
<var name="${key}">email</var>
<status status="PASS" start="2024-06-20T23:16:42.309022" elapsed="0.001782"/>
</iter>
<iter>
<kw name="Dictionary Should Contain Key" owner="Collections">
<arg>${json_data['results'][0]}</arg>
<arg>${key}</arg>
<doc>Fails if ``key`` is not found from ``dictionary``.</doc>
<status status="PASS" start="2024-06-20T23:16:42.311077" elapsed="0.000384"/>
</kw>
<kw name="Log" owner="BuiltIn">
<msg time="2024-06-20T23:16:42.311988" level="INFO">{'gender': 'male', 'name': {'title': 'Mr', 'first': 'Julius', 'last': 'Hakola'}, 'location': {'street': {'number': 2699, 'name': 'Visiokatu'}, 'city': 'Salo', 'state': 'Tavastia Proper', 'country': 'Finland', 'postcode': 67501, 'coordinates': {'latitude': '-27.4628', 'longitude': '-36.4509'}, 'timezone': {'offset': '-10:00', 'description': 'Hawaii'}}, 'email': 'julius.hakola@example.com', 'login': {'uuid': '6114fcda-9124-4d51-b5b0-c5a785492e89', 'username': 'sadbear793', 'password': 'flint', 'salt': 'KeipZvfn', 'md5': '5b9b58548fd1202c29c64d96bc60becc', 'sha1': 'ddcf94a762caf6a8013d27b9b7b9293269970ca1', 'sha256': '4c54cf0392860d73c4fbb9d4c13f1ea25a563b456833136300dfbdbf00bf1497'}, 'dob': {'date': '1964-07-25T14:35:16.065Z', 'age': 59}, 'registered': {'date': '2015-07-04T01:08:11.162Z', 'age': 8}, 'phone': '06-335-185', 'cell': '045-738-50-93', 'id': {'name': 'HETU', 'value': 'NaNNA273undefined'}, 'picture': {'large': 'https://randomuser.me/api/portraits/men/46.jpg', 'medium': 'https://randomuser.me/api/portraits/med/men/46.jpg', 'thumbnail': 'https://randomuser.me/api/portraits/thumb/men/46.jpg'}, 'nat': 'FI'}</msg>
<arg>${json_data['results'][0]}</arg>
<doc>Logs the given message with the given level.</doc>
<status status="PASS" start="2024-06-20T23:16:42.311643" elapsed="0.000392"/>
</kw>
<kw name="Log" owner="BuiltIn">
<msg time="2024-06-20T23:16:42.312461" level="INFO">login</msg>
<arg>${key}</arg>
<doc>Logs the given message with the given level.</doc>
<status status="PASS" start="2024-06-20T23:16:42.312330" elapsed="0.000168"/>
</kw>
<var name="${key}">login</var>
<status status="PASS" start="2024-06-20T23:16:42.310971" elapsed="0.001740"/>
</iter>
<var>${key}</var>
<value>@{expected_keys}</value>
<status status="PASS" start="2024-06-20T23:16:42.302768" elapsed="0.010061"/>
</for>
<kw name="Create List" owner="BuiltIn">
<msg time="2024-06-20T23:16:42.313153" level="INFO">${expected_keysTwo} = ['username', 'password']</msg>
<var>${expected_keysTwo}</var>
<arg>username</arg>
<arg>password</arg>
<doc>Returns a list containing given items.</doc>
<status status="PASS" start="2024-06-20T23:16:42.313019" elapsed="0.000157"/>
</kw>
<for flavor="IN">
<iter>
<kw name="Dictionary Should Contain Key" owner="Collections">
<arg>${json_data['results'][0]['login']}</arg>
<arg>${keyTwo}</arg>
<doc>Fails if ``key`` is not found from ``dictionary``.</doc>
<status status="PASS" start="2024-06-20T23:16:42.313694" elapsed="0.000390"/>
</kw>
<kw name="Dictionary Should Contain Key" owner="Collections">
<arg>${json_data['results'][0]['login']}</arg>
<arg>${keyTwo}</arg>
<doc>Fails if ``key`` is not found from ``dictionary``.</doc>
<status status="PASS" start="2024-06-20T23:16:42.314269" elapsed="0.000414"/>
</kw>
<kw name="Log" owner="BuiltIn">
<msg time="2024-06-20T23:16:42.314985" level="INFO">username</msg>
<arg>${keyTwo}</arg>
<doc>Logs the given message with the given level.</doc>
<status status="PASS" start="2024-06-20T23:16:42.314863" elapsed="0.000159"/>
</kw>
<var name="${keyTwo}">username</var>
<status status="PASS" start="2024-06-20T23:16:42.313589" elapsed="0.001649"/>
</iter>
<iter>
<kw name="Dictionary Should Contain Key" owner="Collections">
<arg>${json_data['results'][0]['login']}</arg>
<arg>${keyTwo}</arg>
<doc>Fails if ``key`` is not found from ``dictionary``.</doc>
<status status="PASS" start="2024-06-20T23:16:42.315508" elapsed="0.000386"/>
</kw>
<kw name="Dictionary Should Contain Key" owner="Collections">
<arg>${json_data['results'][0]['login']}</arg>
<arg>${keyTwo}</arg>
<doc>Fails if ``key`` is not found from ``dictionary``.</doc>
<status status="PASS" start="2024-06-20T23:16:42.316070" elapsed="0.000381"/>
</kw>
<kw name="Log" owner="BuiltIn">
<msg time="2024-06-20T23:16:42.316750" level="INFO">password</msg>
<arg>${keyTwo}</arg>
<doc>Logs the given message with the given level.</doc>
<status status="PASS" start="2024-06-20T23:16:42.316630" elapsed="0.000156"/>
</kw>
<var name="${keyTwo}">password</var>
<status status="PASS" start="2024-06-20T23:16:42.315405" elapsed="0.001600"/>
</iter>
<var>${keyTwo}</var>
<value>@{expected_keysTwo}</value>
<status status="PASS" start="2024-06-20T23:16:42.313436" elapsed="0.003687"/>
</for>
<status status="PASS" start="2024-06-20T23:16:42.215155" elapsed="0.102110"/>
</kw>
<doc>Testa a estrutura da resposta da API.</doc>
<tag>testeEstruturaResposta</tag>
<status status="PASS" start="2024-06-20T23:16:42.214353" elapsed="0.103067"/>
</test>
<test id="s1-s1-t4" name="Validar tipos de dados" line="28">
<kw name="Teste de Tipos de Dados" owner="random-user-service">
<kw name="GET On Session" owner="RequestsLibrary">
<msg time="2024-06-20T23:16:42.411972" level="INFO">GET Request : url=https://randomuser.me/api 
 path_url=/api 
 headers={'User-Agent': 'python-requests/2.32.3', 'Accept-Encoding': 'gzip, deflate', 'Accept': '*/*', 'Connection': 'keep-alive'} 
 body=None 
 </msg>
<msg time="2024-06-20T23:16:42.412084" level="INFO">GET Response : url=https://randomuser.me/api 
 status=200, reason=OK 
 headers={'Date': 'Thu, 20 Jun 2024 23:16:42 GMT', 'Content-Type': 'application/json; charset=utf-8', 'Transfer-Encoding': 'chunked', 'Connection': 'keep-alive', 'X-Powered-By': 'Express', 'Access-Control-Allow-Origin': '*', 'Cache-Control': 'no-cache', 'ETag': 'W/"47f-jWj2FJJe/WSe19IfApbfR2Xjc2o"', 'Vary': 'Accept-Encoding', 'Content-Encoding': 'gzip', 'CF-Cache-Status': 'DYNAMIC', 'Report-To': '{"endpoints":[{"url":"https:\\/\\/a.nel.cloudflare.com\\/report\\/v4?s=4%2BfrNpjTdtkeleqZ11kEeaxlNn5c6WvbjvHEfXQOdOQbprteI9ItHxDNqI8C1lB9DdvNz9YqpkbQiD7UhoBXidQgZscendBIblJIB27NAAr5XgV0VyFXtZlY%2Bjo0SmbX"}],"group":"cf-nel","max_age":604800}', 'NEL': '{"success_fraction":0,"report_to":"cf-nel","max_age":604800}', 'Server': 'cloudflare', 'CF-RAY': '896f77d48bd4642e-SJC', 'alt-svc': 'h3=":443"; ma=86400'} 
 body={"results":[{"gender":"female","name":{"title":"Mrs","first":"Caroline","last":"Montgomery"},"location":{"street":{"number":2881,"name":"Boghall Road"},"city":"Castlebar","state":"Kildare","country":"Ireland","postcode":67936,"coordinates":{"latitude":"1.2599","longitude":"39.3781"},"timezone":{"offset":"+3:30","description":"Tehran"}},"email":"caroline.montgomery@example.com","login":{"uuid":"39894036-a62d-448b-91ad-457d4965d292","username":"ticklishfish427","password":"pacman","salt":"AkZsFSte","md5":"520cd0f43acd2eae77a3f63c661f24b8","sha1":"dae965b8488a36de0a9e598b326746f717ce5bf3","sha256":"db4043a2da2c220423dd60b025579e22982c58e262bbf4645e53c440b21cf607"},"dob":{"date":"1970-10-22T12:22:40.142Z","age":53},"registered":{"date":"2018-12-21T05:26:33.903Z","age":5},"phone":"051-438-1513","cell":"081-529-5745","id":{"name":"PPS","value":"6786632T"},"picture":{"large":"https://randomuser.me/api/portraits/women/29.jpg","medium":"https://randomuser.me/api/portraits/med/women/29.jpg","thumbnail":"https://randomuser.me/api/portraits/thumb/women/29.jpg"},"nat":"IE"}],"info":{"seed":"dd4cf10494463515","results":1,"page":1,"version":"1.4"}} 
 </msg>
<msg time="2024-06-20T23:16:42.412158" level="INFO">/opt/hostedtoolcache/Python/3.12.4/x64/lib/python3.12/site-packages/urllib3/connectionpool.py:1099: InsecureRequestWarning: Unverified HTTPS request is being made to host 'randomuser.me'. Adding certificate verification is strongly advised. See: https://urllib3.readthedocs.io/en/latest/advanced-usage.html#tls-warnings
  warnings.warn(</msg>
<msg time="2024-06-20T23:16:42.412284" level="INFO">${response} = &lt;Response [200]&gt;</msg>
<var>${response}</var>
<arg>consultarAPI</arg>
<arg>/api</arg>
<doc>Sends a GET request on a previously created HTTP Session.</doc>
<status status="PASS" start="2024-06-20T23:16:42.320113" elapsed="0.092209"/>
</kw>
<kw name="Set Variable" owner="BuiltIn">
<msg time="2024-06-20T23:16:42.413587" level="INFO">${json_data} = {'results': [{'gender': 'female', 'name': {'title': 'Mrs', 'first': 'Caroline', 'last': 'Montgomery'}, 'location': {'street': {'number': 2881, 'name': 'Boghall Road'}, 'city': 'Castlebar', 'state': 'K...</msg>
<var>${json_data}</var>
<arg>${response.json()}</arg>
<doc>Returns the given values which can then be assigned to a variables.</doc>
<status status="PASS" start="2024-06-20T23:16:42.413004" elapsed="0.000611"/>
</kw>
<kw name="Log" owner="BuiltIn">
<msg time="2024-06-20T23:16:42.414095" level="INFO">{'results': [{'gender': 'female', 'name': {'title': 'Mrs', 'first': 'Caroline', 'last': 'Montgomery'}, 'location': {'street': {'number': 2881, 'name': 'Boghall Road'}, 'city': 'Castlebar', 'state': 'Kildare', 'country': 'Ireland', 'postcode': 67936, 'coordinates': {'latitude': '1.2599', 'longitude': '39.3781'}, 'timezone': {'offset': '+3:30', 'description': 'Tehran'}}, 'email': 'caroline.montgomery@example.com', 'login': {'uuid': '39894036-a62d-448b-91ad-457d4965d292', 'username': 'ticklishfish427', 'password': 'pacman', 'salt': 'AkZsFSte', 'md5': '520cd0f43acd2eae77a3f63c661f24b8', 'sha1': 'dae965b8488a36de0a9e598b326746f717ce5bf3', 'sha256': 'db4043a2da2c220423dd60b025579e22982c58e262bbf4645e53c440b21cf607'}, 'dob': {'date': '1970-10-22T12:22:40.142Z', 'age': 53}, 'registered': {'date': '2018-12-21T05:26:33.903Z', 'age': 5}, 'phone': '051-438-1513', 'cell': '081-529-5745', 'id': {'name': 'PPS', 'value': '6786632T'}, 'picture': {'large': 'https://randomuser.me/api/portraits/women/29.jpg', 'medium': 'https://randomuser.me/api/portraits/med/women/29.jpg', 'thumbnail': 'https://randomuser.me/api/portraits/thumb/women/29.jpg'}, 'nat': 'IE'}], 'info': {'seed': 'dd4cf10494463515', 'results': 1, 'page': 1, 'version': '1.4'}}</msg>
<arg>${json_data}</arg>
<doc>Logs the given message with the given level.</doc>
<status status="PASS" start="2024-06-20T23:16:42.413933" elapsed="0.000208"/>
</kw>
<kw name="Should Be String" owner="String">
<arg>${json_data['results'][0]['gender']}</arg>
<doc>Fails if the given ``item`` is not a string.</doc>
<status status="PASS" start="2024-06-20T23:16:42.414427" elapsed="0.000417"/>
</kw>
<kw name="Should Match Regexp" owner="BuiltIn">
<arg>${json_data['results'][0]['email']}</arg>
<arg>^[a-zA-Z0-9._%+-]+@[a-zA-Z0-9.-]+\.[a-zA-Z]{2,}$</arg>
<doc>Fails if ``string`` does not match ``pattern`` as a regular expression.</doc>
<status status="PASS" start="2024-06-20T23:16:42.415033" elapsed="0.000518"/>
</kw>
<kw name="Should Match Regexp" owner="BuiltIn">
<arg>${json_data['results'][0]['dob']['date']}</arg>
<arg>\\d{4}-\\d{2}-\\d{2}T\\d{2}:\\d{2}:\\d{2}\\.\\d{3}Z</arg>
<doc>Fails if ``string`` does not match ``pattern`` as a regular expression.</doc>
<status status="PASS" start="2024-06-20T23:16:42.415779" elapsed="0.000494"/>
</kw>
<kw name="Should Match Regexp" owner="BuiltIn">
<arg>${json_data['results'][0]['registered']['date']}</arg>
<arg>\\d{4}-\\d{2}-\\d{2}T\\d{2}:\\d{2}:\\d{2}\\.\\d{3}Z</arg>
<doc>Fails if ``string`` does not match ``pattern`` as a regular expression.</doc>
<status status="PASS" start="2024-06-20T23:16:42.416462" elapsed="0.000367"/>
</kw>
<kw name="Should Match Regexp" owner="BuiltIn">
<arg>${json_data['results'][0]['picture']['large']}</arg>
<arg>^https?://.*\.(?:png|jpe?g|gif|bmp)$</arg>
<doc>Fails if ``string`` does not match ``pattern`` as a regular expression.</doc>
<status status="PASS" start="2024-06-20T23:16:42.417014" elapsed="0.000458"/>
</kw>
<kw name="Should Match Regexp" owner="BuiltIn">
<arg>${json_data['results'][0]['picture']['medium']}</arg>
<arg>^https?://.*\.(?:png|jpe?g|gif|bmp)$</arg>
<doc>Fails if ``string`` does not match ``pattern`` as a regular expression.</doc>
<status status="PASS" start="2024-06-20T23:16:42.417657" elapsed="0.001098"/>
</kw>
<kw name="Should Match Regexp" owner="BuiltIn">
<arg>${json_data['results'][0]['picture']['thumbnail']}</arg>
<arg>^https?://.*\.(?:png|jpe?g|gif|bmp)$</arg>
<doc>Fails if ``string`` does not match ``pattern`` as a regular expression.</doc>
<status status="PASS" start="2024-06-20T23:16:42.419020" elapsed="0.000396"/>
</kw>
<kw name="Log" owner="BuiltIn">
<msg time="2024-06-20T23:16:42.419948" level="INFO">{'large': 'https://randomuser.me/api/portraits/women/29.jpg', 'medium': 'https://randomuser.me/api/portraits/med/women/29.jpg', 'thumbnail': 'https://randomuser.me/api/portraits/thumb/women/29.jpg'}</msg>
<arg>${json_data['results'][0]['picture']}</arg>
<doc>Logs the given message with the given level.</doc>
<status status="PASS" start="2024-06-20T23:16:42.419607" elapsed="0.000386"/>
</kw>
<status status="PASS" start="2024-06-20T23:16:42.319884" elapsed="0.100379"/>
</kw>
<kw name="Teste de Tipos de Dados - Postcode" owner="random-user-service">
<kw name="GET On Session" owner="RequestsLibrary">
<msg time="2024-06-20T23:16:42.550907" level="INFO">GET Request : url=https://randomuser.me/api 
 path_url=/api 
 headers={'User-Agent': 'python-requests/2.32.3', 'Accept-Encoding': 'gzip, deflate', 'Accept': '*/*', 'Connection': 'keep-alive'} 
 body=None 
 </msg>
<msg time="2024-06-20T23:16:42.551059" level="INFO">GET Response : url=https://randomuser.me/api 
 status=200, reason=OK 
 headers={'Date': 'Thu, 20 Jun 2024 23:16:42 GMT', 'Content-Type': 'application/json; charset=utf-8', 'Transfer-Encoding': 'chunked', 'Connection': 'keep-alive', 'X-Powered-By': 'Express', 'Access-Control-Allow-Origin': '*', 'Cache-Control': 'no-cache', 'ETag': 'W/"49f-pbeQQMr1PHsUjHMF7hRZhFDyoCQ"', 'Vary': 'Accept-Encoding', 'Content-Encoding': 'gzip', 'CF-Cache-Status': 'DYNAMIC', 'Report-To': '{"endpoints":[{"url":"https:\\/\\/a.nel.cloudflare.com\\/report\\/v4?s=ujoPNHk6xeLmNABWI5LBhk8Qmm4erSdmy9ZmKOno%2Bk1EaMjWiIy5VqllH%2BfbckiFq0dWls55iGatBSFc1faJhRtMkajpIxG9HlG8TCIWv7ZUg%2FhTpOwUcsJ%2BLTPr8Yfd"}],"group":"cf-nel","max_age":604800}', 'NEL': '{"success_fraction":0,"report_to":"cf-nel","max_age":604800}', 'Server': 'cloudflare', 'CF-RAY': '896f77d52c65642e-SJC', 'alt-svc': 'h3=":443"; ma=86400'} 
 body={"results":[{"gender":"female","name":{"title":"Miss","first":"Paulina","last":"Heins"},"location":{"street":{"number":5909,"name":"Birkenweg"},"city":"Bad Fallingbostel","state":"Berlin","country":"Germany","postcode":26346,"coordinates":{"latitude":"-51.7015","longitude":"154.4814"},"timezone":{"offset":"+10:00","description":"Eastern Australia, Guam, Vladivostok"}},"email":"paulina.heins@example.com","login":{"uuid":"c54f9202-272a-4553-8356-d033807c2f59","username":"heavysnake126","password":"fish","salt":"EjNwvmHp","md5":"ad1aee94fd1c646bff83265b898543af","sha1":"eef6c1ecb1cfd7da619dc0c3ee4dc3e556954d5b","sha256":"63e3fc23090660d5fb8e1dd9e571f5edcb42ff4c98d74504ee74db39ba126ca1"},"dob":{"date":"1957-10-07T23:47:15.276Z","age":66},"registered":{"date":"2006-03-24T11:31:47.042Z","age":18},"phone":"0047-1935306","cell":"0173-6666705","id":{"name":"SVNR","value":"04 071057 H 844"},"picture":{"large":"https://randomuser.me/api/portraits/women/49.jpg","medium":"https://randomuser.me/api/portraits/med/women/49.jpg","thumbnail":"https://randomuser.me/api/portraits/thumb/women/49.jpg"},"nat":"DE"}],"info":{"seed":"537f9d9e8d03323b","results":1,"page":1,"version":"1.4"}} 
 </msg>
<msg time="2024-06-20T23:16:42.551172" level="INFO">/opt/hostedtoolcache/Python/3.12.4/x64/lib/python3.12/site-packages/urllib3/connectionpool.py:1099: InsecureRequestWarning: Unverified HTTPS request is being made to host 'randomuser.me'. Adding certificate verification is strongly advised. See: https://urllib3.readthedocs.io/en/latest/advanced-usage.html#tls-warnings
  warnings.warn(</msg>
<msg time="2024-06-20T23:16:42.551359" level="INFO">${response} = &lt;Response [200]&gt;</msg>
<var>${response}</var>
<arg>consultarAPI</arg>
<arg>/api</arg>
<doc>Sends a GET request on a previously created HTTP Session.</doc>
<status status="PASS" start="2024-06-20T23:16:42.420721" elapsed="0.130719"/>
</kw>
<kw name="Set Variable" owner="BuiltIn">
<msg time="2024-06-20T23:16:42.552568" level="INFO">${json_data} = {'results': [{'gender': 'female', 'name': {'title': 'Miss', 'first': 'Paulina', 'last': 'Heins'}, 'location': {'street': {'number': 5909, 'name': 'Birkenweg'}, 'city': 'Bad Fallingbostel', 'state': 'B...</msg>
<var>${json_data}</var>
<arg>${response.json()}</arg>
<doc>Returns the given values which can then be assigned to a variables.</doc>
<status status="PASS" start="2024-06-20T23:16:42.552020" elapsed="0.000576"/>
</kw>
<kw name="Log" owner="BuiltIn">
<msg time="2024-06-20T23:16:42.553068" level="INFO">{'results': [{'gender': 'female', 'name': {'title': 'Miss', 'first': 'Paulina', 'last': 'Heins'}, 'location': {'street': {'number': 5909, 'name': 'Birkenweg'}, 'city': 'Bad Fallingbostel', 'state': 'Berlin', 'country': 'Germany', 'postcode': 26346, 'coordinates': {'latitude': '-51.7015', 'longitude': '154.4814'}, 'timezone': {'offset': '+10:00', 'description': 'Eastern Australia, Guam, Vladivostok'}}, 'email': 'paulina.heins@example.com', 'login': {'uuid': 'c54f9202-272a-4553-8356-d033807c2f59', 'username': 'heavysnake126', 'password': 'fish', 'salt': 'EjNwvmHp', 'md5': 'ad1aee94fd1c646bff83265b898543af', 'sha1': 'eef6c1ecb1cfd7da619dc0c3ee4dc3e556954d5b', 'sha256': '63e3fc23090660d5fb8e1dd9e571f5edcb42ff4c98d74504ee74db39ba126ca1'}, 'dob': {'date': '1957-10-07T23:47:15.276Z', 'age': 66}, 'registered': {'date': '2006-03-24T11:31:47.042Z', 'age': 18}, 'phone': '0047-1935306', 'cell': '0173-6666705', 'id': {'name': 'SVNR', 'value': '04 071057 H 844'}, 'picture': {'large': 'https://randomuser.me/api/portraits/women/49.jpg', 'medium': 'https://randomuser.me/api/portraits/med/women/49.jpg', 'thumbnail': 'https://randomuser.me/api/portraits/thumb/women/49.jpg'}, 'nat': 'DE'}], 'info': {'seed': '537f9d9e8d03323b', 'results': 1, 'page': 1, 'version': '1.4'}}</msg>
<arg>${json_data}</arg>
<doc>Logs the given message with the given level.</doc>
<status status="PASS" start="2024-06-20T23:16:42.552902" elapsed="0.000214"/>
</kw>
<kw name="Should Be Equal As Numbers" owner="BuiltIn">
<arg>${json_data['results'][0]['location']['postcode']}</arg>
<arg>${json_data['results'][0]['location']['postcode']}</arg>
<doc>Fails if objects are unequal after converting them to real numbers.</doc>
<status status="PASS" start="2024-06-20T23:16:42.553404" elapsed="0.000639"/>
</kw>
<kw name="Log" owner="BuiltIn">
<msg time="2024-06-20T23:16:42.554598" level="INFO">26346</msg>
<arg>${json_data['results'][0]['location']['postcode']}</arg>
<doc>Logs the given message with the given level.</doc>
<status status="PASS" start="2024-06-20T23:16:42.554234" elapsed="0.000404"/>
</kw>
<status status="PASS" start="2024-06-20T23:16:42.420492" elapsed="0.134432"/>
</kw>
<doc>Testa se os tipos de dados na resposta da API estão corretos.</doc>
<tag>testeTiposDados</tag>
<status status="PASS" start="2024-06-20T23:16:42.319215" elapsed="0.235881"/>
</test>
<test id="s1-s1-t5" name="Validar conteudo" line="35">
<kw name="Teste de Tipos de Conteudo" owner="random-user-service">
<kw name="GET On Session" owner="RequestsLibrary">
<msg time="2024-06-20T23:16:42.654174" level="INFO">GET Request : url=https://randomuser.me/api 
 path_url=/api 
 headers={'User-Agent': 'python-requests/2.32.3', 'Accept-Encoding': 'gzip, deflate', 'Accept': '*/*', 'Connection': 'keep-alive'} 
 body=None 
 </msg>
<msg time="2024-06-20T23:16:42.654289" level="INFO">GET Response : url=https://randomuser.me/api 
 status=200, reason=OK 
 headers={'Date': 'Thu, 20 Jun 2024 23:16:42 GMT', 'Content-Type': 'application/json; charset=utf-8', 'Transfer-Encoding': 'chunked', 'Connection': 'keep-alive', 'X-Powered-By': 'Express', 'Access-Control-Allow-Origin': '*', 'Cache-Control': 'no-cache', 'ETag': 'W/"48f-D5frD+cMlvR4EOwtNBf7XqvV3AA"', 'Vary': 'Accept-Encoding', 'Content-Encoding': 'gzip', 'CF-Cache-Status': 'DYNAMIC', 'Report-To': '{"endpoints":[{"url":"https:\\/\\/a.nel.cloudflare.com\\/report\\/v4?s=VK%2FvGHE6I29tG633%2BJC1j6qJnKDMwDPbbdYU9lZ2GkDOa1TdW8zphhBk0W2Khe%2BaAeuITI7SvrMst86x3l7UfM37U8UUEbI86lG9NW2VQcbyipo3iHDljdspGTibAZA6"}],"group":"cf-nel","max_age":604800}', 'NEL': '{"success_fraction":0,"report_to":"cf-nel","max_age":604800}', 'Server': 'cloudflare', 'CF-RAY': '896f77d60d12642e-SJC', 'alt-svc': 'h3=":443"; ma=86400'} 
 body={"results":[{"gender":"female","name":{"title":"Madame","first":"Katharina","last":"Moreau"},"location":{"street":{"number":4833,"name":"Avenue de L'Abbé-Roussel"},"city":"Berolle","state":"Valais","country":"Switzerland","postcode":3310,"coordinates":{"latitude":"-59.8914","longitude":"58.0720"},"timezone":{"offset":"-9:00","description":"Alaska"}},"email":"katharina.moreau@example.com","login":{"uuid":"8b11701d-20f9-4f46-b570-b64d1b439de1","username":"angrypanda439","password":"jiong","salt":"d0K8pz0v","md5":"d906cf3c18548bedb9bb7880dc1ee3a1","sha1":"0e799f3851da9a66b33ef52a9bddd4208f3a112e","sha256":"3bba42efe650b273f1db73693524bcdf726bd1b1c4a3d5942c7078582e13a7b2"},"dob":{"date":"1960-09-16T14:25:27.330Z","age":63},"registered":{"date":"2019-07-30T06:57:03.925Z","age":4},"phone":"076 588 15 27","cell":"079 466 30 21","id":{"name":"AVS","value":"756.8265.8325.23"},"picture":{"large":"https://randomuser.me/api/portraits/women/6.jpg","medium":"https://randomuser.me/api/portraits/med/women/6.jpg","thumbnail":"https://randomuser.me/api/portraits/thumb/women/6.jpg"},"nat":"CH"}],"info":{"seed":"7b51e31938cb30cf","results":1,"page":1,"version":"1.4"}} 
 </msg>
<msg time="2024-06-20T23:16:42.654396" level="INFO">/opt/hostedtoolcache/Python/3.12.4/x64/lib/python3.12/site-packages/urllib3/connectionpool.py:1099: InsecureRequestWarning: Unverified HTTPS request is being made to host 'randomuser.me'. Adding certificate verification is strongly advised. See: https://urllib3.readthedocs.io/en/latest/advanced-usage.html#tls-warnings
  warnings.warn(</msg>
<msg time="2024-06-20T23:16:42.654575" level="INFO">${response} = &lt;Response [200]&gt;</msg>
<var>${response}</var>
<arg>consultarAPI</arg>
<arg>/api</arg>
<doc>Sends a GET request on a previously created HTTP Session.</doc>
<status status="PASS" start="2024-06-20T23:16:42.558044" elapsed="0.096574"/>
</kw>
<kw name="Set Variable" owner="BuiltIn">
<msg time="2024-06-20T23:16:42.655723" level="INFO">${json_data} = {'results': [{'gender': 'female', 'name': {'title': 'Madame', 'first': 'Katharina', 'last': 'Moreau'}, 'location': {'street': {'number': 4833, 'name': "Avenue de L'Abbé-Roussel"}, 'city': 'Berolle', '...</msg>
<var>${json_data}</var>
<arg>${response.json()}</arg>
<doc>Returns the given values which can then be assigned to a variables.</doc>
<status status="PASS" start="2024-06-20T23:16:42.655176" elapsed="0.000576"/>
</kw>
<kw name="Set Variable" owner="BuiltIn">
<msg time="2024-06-20T23:16:42.656517" level="INFO">${name_title} = Madame</msg>
<var>${name_title}</var>
<arg>${json_data["results"][0]["name"]["title"]}</arg>
<doc>Returns the given values which can then be assigned to a variables.</doc>
<status status="PASS" start="2024-06-20T23:16:42.656056" elapsed="0.000498"/>
</kw>
<kw name="Create List" owner="BuiltIn">
<msg time="2024-06-20T23:16:42.657097" level="INFO">${allowed_titles} = ['Mr', 'Ms', 'Miss', 'Mrs', 'Madame', 'Monsieur']</msg>
<var>${allowed_titles}</var>
<arg>Mr</arg>
<arg>Ms</arg>
<arg>Miss</arg>
<arg>Mrs</arg>
<arg>Madame</arg>
<arg>Monsieur</arg>
<doc>Returns a list containing given items.</doc>
<status status="PASS" start="2024-06-20T23:16:42.656937" elapsed="0.000184"/>
</kw>
<kw name="List Should Contain Value" owner="Collections">
<arg>${allowed_titles}</arg>
<arg>${name_title}</arg>
<doc>Fails if the ``value`` is not found from ``list``.</doc>
<status status="PASS" start="2024-06-20T23:16:42.657441" elapsed="0.000233"/>
</kw>
<kw name="Set Variable" owner="BuiltIn">
<msg time="2024-06-20T23:16:42.658365" level="INFO">${name_country} = CH</msg>
<var>${name_country}</var>
<arg>${json_data["results"][0]["nat"]}</arg>
<doc>Returns the given values which can then be assigned to a variables.</doc>
<status status="PASS" start="2024-06-20T23:16:42.657920" elapsed="0.000472"/>
</kw>
<kw name="Create List" owner="BuiltIn">
<msg time="2024-06-20T23:16:42.659312" level="INFO">${list_country} = ['AD', 'AE', 'AF', 'AG', 'AI', 'AL', 'AM', 'AO', 'AQ', 'AR', 'AS', 'AT', 'AU', 'AW', 'AX', 'AZ', 'BA', 'BB', 'BD', 'BE', 'BF', 'BG', 'BH', 'BI', 'BJ', 'BL', 'BM', 'BN', 'BO', 'BQ', 'BR', 'BS', 'BT', '...</msg>
<var>${list_country}</var>
<arg>AD</arg>
<arg>AE</arg>
<arg>AF</arg>
<arg>AG</arg>
<arg>AI</arg>
<arg>AL</arg>
<arg>AM</arg>
<arg>AO</arg>
<arg>AQ</arg>
<arg>AR</arg>
<arg>AS</arg>
<arg>AT</arg>
<arg>AU</arg>
<arg>AW</arg>
<arg>AX</arg>
<arg>AZ</arg>
<arg>BA</arg>
<arg>BB</arg>
<arg>BD</arg>
<arg>BE</arg>
<arg>BF</arg>
<arg>BG</arg>
<arg>BH</arg>
<arg>BI</arg>
<arg>BJ</arg>
<arg>BL</arg>
<arg>BM</arg>
<arg>BN</arg>
<arg>BO</arg>
<arg>BQ</arg>
<arg>BR</arg>
<arg>BS</arg>
<arg>BT</arg>
<arg>BV</arg>
<arg>BW</arg>
<arg>BY</arg>
<arg>BZ</arg>
<arg>CA</arg>
<arg>CC</arg>
<arg>CD</arg>
<arg>CF</arg>
<arg>CG</arg>
<arg>CH</arg>
<arg>CI</arg>
<arg>CK</arg>
<arg>CL</arg>
<arg>CM</arg>
<arg>CN</arg>
<arg>CO</arg>
<arg>CR</arg>
<arg>CU</arg>
<arg>CV</arg>
<arg>CW</arg>
<arg>CX</arg>
<arg>CY</arg>
<arg>CZ</arg>
<arg>DE</arg>
<arg>DJ</arg>
<arg>DK</arg>
<arg>DM</arg>
<arg>DO</arg>
<arg>DZ</arg>
<arg>EC</arg>
<arg>EE</arg>
<arg>EG</arg>
<arg>EH</arg>
<arg>ER</arg>
<arg>ES</arg>
<arg>ET</arg>
<arg>FI</arg>
<arg>FJ</arg>
<arg>FK</arg>
<arg>FM</arg>
<arg>FO</arg>
<arg>FR</arg>
<arg>GA</arg>
<arg>GB</arg>
<arg>GD</arg>
<arg>GE</arg>
<arg>GF</arg>
<arg>GG</arg>
<arg>GH</arg>
<arg>GI</arg>
<arg>GL</arg>
<arg>GM</arg>
<arg>GN</arg>
<arg>GP</arg>
<arg>GQ</arg>
<arg>GR</arg>
<arg>GS</arg>
<arg>GT</arg>
<arg>GU</arg>
<arg>GW</arg>
<arg>GY</arg>
<arg>HK</arg>
<arg>HM</arg>
<arg>HN</arg>
<arg>HR</arg>
<arg>HT</arg>
<arg>HU</arg>
<arg>ID</arg>
<arg>IE</arg>
<arg>IL</arg>
<arg>IM</arg>
<arg>IN</arg>
<arg>IO</arg>
<arg>IQ</arg>
<arg>IR</arg>
<arg>IS</arg>
<arg>IT</arg>
<arg>JE</arg>
<arg>JM</arg>
<arg>JO</arg>
<arg>JP</arg>
<arg>KE</arg>
<arg>KG</arg>
<arg>KH</arg>
<arg>KI</arg>
<arg>KM</arg>
<arg>KN</arg>
<arg>KP</arg>
<arg>KR</arg>
<arg>KW</arg>
<arg>KY</arg>
<arg>KZ</arg>
<arg>LA</arg>
<arg>LB</arg>
<arg>LC</arg>
<arg>LI</arg>
<arg>LK</arg>
<arg>LR</arg>
<arg>LS</arg>
<arg>LT</arg>
<arg>LU</arg>
<arg>LV</arg>
<arg>LY</arg>
<arg>MA</arg>
<arg>MC</arg>
<arg>MD</arg>
<arg>ME</arg>
<arg>MF</arg>
<arg>MG</arg>
<arg>MH</arg>
<arg>MK</arg>
<arg>ML</arg>
<arg>MM</arg>
<arg>MN</arg>
<arg>MO</arg>
<arg>MP</arg>
<arg>MQ</arg>
<arg>MR</arg>
<arg>MS</arg>
<arg>MT</arg>
<arg>MU</arg>
<arg>MV</arg>
<arg>MW</arg>
<arg>MX</arg>
<arg>MY</arg>
<arg>MZ</arg>
<arg>NA</arg>
<arg>NC</arg>
<arg>NE</arg>
<arg>NF</arg>
<arg>NG</arg>
<arg>NI</arg>
<arg>NL</arg>
<arg>NO</arg>
<arg>NP</arg>
<arg>NR</arg>
<arg>NU</arg>
<arg>NZ</arg>
<arg>OM</arg>
<arg>PA</arg>
<arg>PE</arg>
<arg>PF</arg>
<arg>PG</arg>
<arg>PH</arg>
<arg>PK</arg>
<arg>PL</arg>
<arg>PM</arg>
<arg>PN</arg>
<arg>PR</arg>
<arg>PS</arg>
<arg>PT</arg>
<arg>PW</arg>
<arg>PY</arg>
<arg>QA</arg>
<arg>RE</arg>
<arg>RO</arg>
<arg>RS</arg>
<arg>RU</arg>
<arg>RW</arg>
<arg>SA</arg>
<arg>SB</arg>
<arg>SC</arg>
<arg>SD</arg>
<arg>SE</arg>
<arg>SG</arg>
<arg>SH</arg>
<arg>SI</arg>
<arg>SJ</arg>
<arg>SK</arg>
<arg>SL</arg>
<arg>SM</arg>
<arg>SN</arg>
<arg>SO</arg>
<arg>SR</arg>
<arg>SS</arg>
<arg>ST</arg>
<arg>SV</arg>
<arg>SX</arg>
<arg>SY</arg>
<arg>SZ</arg>
<arg>TC</arg>
<arg>TD</arg>
<arg>TF</arg>
<arg>TG</arg>
<arg>TH</arg>
<arg>TJ</arg>
<arg>TK</arg>
<arg>TL</arg>
<arg>TM</arg>
<arg>TN</arg>
<arg>TO</arg>
<arg>TR</arg>
<arg>TT</arg>
<arg>TV</arg>
<arg>TW</arg>
<arg>TZ</arg>
<arg>UA</arg>
<arg>UG</arg>
<arg>UM</arg>
<arg>US</arg>
<arg>UY</arg>
<arg>UZ</arg>
<arg>VA</arg>
<arg>VC</arg>
<arg>VE</arg>
<arg>VG</arg>
<arg>VI</arg>
<arg>VN</arg>
<arg>VU</arg>
<arg>WF</arg>
<arg>WS</arg>
<arg>XK</arg>
<arg>YE</arg>
<arg>YT</arg>
<arg>ZA</arg>
<arg>ZM</arg>
<arg>ZW</arg>
<doc>Returns a list containing given items.</doc>
<status status="PASS" start="2024-06-20T23:16:42.658713" elapsed="0.000625"/>
</kw>
<kw name="List Should Contain Value" owner="Collections">
<arg>${list_country}</arg>
<arg>${name_country}</arg>
<doc>Fails if the ``value`` is not found from ``list``.</doc>
<status status="PASS" start="2024-06-20T23:16:42.660462" elapsed="0.000297"/>
</kw>
<kw name="Run Keyword If" owner="BuiltIn">
<kw name="Should Be True" owner="BuiltIn">
<arg>${True}</arg>
<doc>Fails if the given condition is not true.</doc>
<status status="PASS" start="2024-06-20T23:16:42.661894" elapsed="0.000189"/>
</kw>
<arg>${json_data["results"][0]["location"]["coordinates"]["latitude"]} &gt;= -90 and ${json_data["results"][0]["location"]["coordinates"]["latitude"]} &lt;= 90</arg>
<arg>Should Be True</arg>
<arg>${True}</arg>
<doc>Runs the given keyword with the given arguments, if ``condition`` is true.</doc>
<status status="PASS" start="2024-06-20T23:16:42.661044" elapsed="0.001176"/>
</kw>
<kw name="Run Keyword If" owner="BuiltIn">
<kw name="Should Be True" owner="BuiltIn">
<arg>${True}</arg>
<doc>Fails if the given condition is not true.</doc>
<status status="PASS" start="2024-06-20T23:16:42.663159" elapsed="0.000136"/>
</kw>
<arg>${json_data["results"][0]["location"]["coordinates"]["longitude"]} &gt;= -180 and ${json_data["results"][0]["location"]["coordinates"]["longitude"]} &lt;= 180</arg>
<arg>Should Be True</arg>
<arg>${True}</arg>
<doc>Runs the given keyword with the given arguments, if ``condition`` is true.</doc>
<status status="PASS" start="2024-06-20T23:16:42.662416" elapsed="0.001002"/>
</kw>
<status status="PASS" start="2024-06-20T23:16:42.557637" elapsed="0.105923"/>
</kw>
<doc>Testa o conteúdo específico dos campos retornados pela API.</doc>
<tag>testeConteudo</tag>
<status status="PASS" start="2024-06-20T23:16:42.557097" elapsed="0.106694"/>
</test>
<status status="PASS" start="2024-06-20T23:16:41.678835" elapsed="0.987568"/>
</suite>
<status status="PASS" start="2024-06-20T23:16:41.663519" elapsed="1.008149"/>
</suite>
<statistics>
<total>
<stat pass="5" fail="0" skip="0">All Tests</stat>
</total>
<tag>
<stat pass="1" fail="0" skip="0">testeConteudo</stat>
<stat pass="1" fail="0" skip="0">testeEstruturaResposta</stat>
<stat pass="1" fail="0" skip="0">testeRequisicaoBasica</stat>
<stat pass="1" fail="0" skip="0">testeTiposDados</stat>
</tag>
<suite>
<stat pass="5" fail="0" skip="0" id="s1" name="Tests">Tests</stat>
<stat pass="5" fail="0" skip="0" id="s1-s1" name="Random-User-Test">Tests.Random-User-Test</stat>
</suite>
</statistics>
<errors>
</errors>
</robot>
