<?xml version="1.0" encoding="UTF-8"?>
<robot generator="Robot 7.0.1 (Python 3.12.4 on linux)" generated="2024-08-06T13:19:07.137132" rpa="false" schemaversion="5">
<suite id="s1" name="Tests" source="/home/runner/work/ApiRandomUser/ApiRandomUser/RamdonUser/tests">
<suite id="s1-s1" name="Random-User-Test" source="/home/runner/work/ApiRandomUser/ApiRandomUser/RamdonUser/tests/random-user-test.robot">
<test id="s1-s1-t1" name="Conectar" line="13">
<kw name="Conectar API" owner="random-user-service">
<kw name="Create Session" owner="RequestsLibrary">
<msg time="2024-08-06T13:19:07.534543" level="INFO">Creating Session using : alias=consultarAPI, url=https://randomuser.me/, headers={},                     cookies={}, auth=None, timeout=None, proxies=None, verify=False,                     debug=0 </msg>
<arg>consultarAPI</arg>
<arg>${URL}</arg>
<doc>Create Session: create a HTTP session to a server</doc>
<status status="PASS" start="2024-08-06T13:19:07.534345" elapsed="0.000382"/>
</kw>
<status status="PASS" start="2024-08-06T13:19:07.533297" elapsed="0.001798"/>
</kw>
<status status="PASS" start="2024-08-06T13:19:07.532658" elapsed="0.002662"/>
</test>
<test id="s1-s1-t2" name="Validar retorno 200 e JSON Válido" line="16">
<kw name="Teste de Requisicao Basica" owner="random-user-service">
<kw name="GET On Session" owner="RequestsLibrary">
<msg time="2024-08-06T13:19:07.835446" level="INFO">GET Request : url=https://randomuser.me/api 
 path_url=/api 
 headers={'User-Agent': 'python-requests/2.32.3', 'Accept-Encoding': 'gzip, deflate', 'Accept': '*/*', 'Connection': 'keep-alive'} 
 body=None 
 </msg>
<msg time="2024-08-06T13:19:07.835591" level="INFO">GET Response : url=https://randomuser.me/api 
 status=200, reason=OK 
 headers={'Date': 'Tue, 06 Aug 2024 13:19:07 GMT', 'Content-Type': 'application/json; charset=utf-8', 'Transfer-Encoding': 'chunked', 'Connection': 'keep-alive', 'X-Powered-By': 'Express', 'Access-Control-Allow-Origin': '*', 'Cache-Control': 'no-cache', 'ETag': 'W/"477-MDdXecekQNOUOyc5CKLNMhDcdpo"', 'Vary': 'Accept-Encoding', 'Content-Encoding': 'gzip', 'CF-Cache-Status': 'DYNAMIC', 'Report-To': '{"endpoints":[{"url":"https:\\/\\/a.nel.cloudflare.com\\/report\\/v4?s=7gwZ7WHrSgAApMgEI%2FbZ%2F4yencsAuTz%2BSTK5TiEz6tLufRhznLf2ewkzCvUS6JzLKbEMBwTmnuZ8L2LbQ7tMGBddP3Y4IxxBUoSCMEl2kbRfoB9cFUiVNRaYE6ej3rOh"}],"group":"cf-nel","max_age":604800}', 'NEL': '{"success_fraction":0,"report_to":"cf-nel","max_age":604800}', 'Server': 'cloudflare', 'CF-RAY': '8aef511949cb7cef-LAX', 'alt-svc': 'h3=":443"; ma=86400'} 
 body={"results":[{"gender":"female","name":{"title":"Mrs","first":"Nalan","last":"Balcı"},"location":{"street":{"number":2014,"name":"Vatan Cd"},"city":"Kilis","state":"Mardin","country":"Turkey","postcode":34980,"coordinates":{"latitude":"69.8860","longitude":"64.9131"},"timezone":{"offset":"+4:00","description":"Abu Dhabi, Muscat, Baku, Tbilisi"}},"email":"nalan.balci@example.com","login":{"uuid":"b3993ff9-4228-4053-b520-0d3b1a4113b2","username":"angrybird835","password":"bestbuy","salt":"hjHbvnnw","md5":"ea67512f01dda586eca9bd0c58b7814e","sha1":"c9b8e96025abe4d438024627652760786cfb0d4b","sha256":"7c6c7b346fe42486e4d0ed6c1e6eadba6fab5606ddb817de48df4aba74e0526b"},"dob":{"date":"1956-10-03T14:33:02.070Z","age":67},"registered":{"date":"2016-11-03T05:44:12.659Z","age":7},"phone":"(620)-127-1788","cell":"(546)-137-2846","id":{"name":"","value":null},"picture":{"large":"https://randomuser.me/api/portraits/women/9.jpg","medium":"https://randomuser.me/api/portraits/med/women/9.jpg","thumbnail":"https://randomuser.me/api/portraits/thumb/women/9.jpg"},"nat":"TR"}],"info":{"seed":"6309488c74e021f6","results":1,"page":1,"version":"1.4"}} 
 </msg>
<msg time="2024-08-06T13:19:07.835672" level="INFO">/opt/hostedtoolcache/Python/3.12.4/x64/lib/python3.12/site-packages/urllib3/connectionpool.py:1099: InsecureRequestWarning: Unverified HTTPS request is being made to host 'randomuser.me'. Adding certificate verification is strongly advised. See: https://urllib3.readthedocs.io/en/latest/advanced-usage.html#tls-warnings
  warnings.warn(</msg>
<msg time="2024-08-06T13:19:07.835804" level="INFO">${response} = &lt;Response [200]&gt;</msg>
<var>${response}</var>
<arg>consultarAPI</arg>
<arg>/api</arg>
<doc>Sends a GET request on a previously created HTTP Session.</doc>
<status status="PASS" start="2024-08-06T13:19:07.538161" elapsed="0.297683"/>
</kw>
<kw name="Should Be Equal As Numbers" owner="BuiltIn">
<msg time="2024-08-06T13:19:07.836814" level="INFO">Argument types are:
&lt;class 'int'&gt;
&lt;class 'str'&gt;</msg>
<arg>${response.status_code}</arg>
<arg>200</arg>
<doc>Fails if objects are unequal after converting them to real numbers.</doc>
<status status="PASS" start="2024-08-06T13:19:07.836357" elapsed="0.000522"/>
</kw>
<kw name="Log" owner="BuiltIn">
<msg time="2024-08-06T13:19:07.837536" level="INFO">200</msg>
<arg>${response.status_code}</arg>
<doc>Logs the given message with the given level.</doc>
<status status="PASS" start="2024-08-06T13:19:07.837194" elapsed="0.000383"/>
</kw>
<kw name="Set Variable" owner="BuiltIn">
<msg time="2024-08-06T13:19:07.838326" level="INFO">${json_data} = {'results': [{'gender': 'female', 'name': {'title': 'Mrs', 'first': 'Nalan', 'last': 'Balcı'}, 'location': {'street': {'number': 2014, 'name': 'Vatan Cd'}, 'city': 'Kilis', 'state': 'Mardin', 'country...</msg>
<var>${json_data}</var>
<arg>${response.json()}</arg>
<doc>Returns the given values which can then be assigned to a variables.</doc>
<status status="PASS" start="2024-08-06T13:19:07.837881" elapsed="0.000475"/>
</kw>
<kw name="Dictionary Should Contain Key" owner="Collections">
<arg>${json_data}</arg>
<arg>results</arg>
<doc>Fails if ``key`` is not found from ``dictionary``.</doc>
<status status="PASS" start="2024-08-06T13:19:07.838656" elapsed="0.000323"/>
</kw>
<status status="PASS" start="2024-08-06T13:19:07.537918" elapsed="0.301216"/>
</kw>
<doc>Testa se a API responde corretamente e retorna um objeto JSON válido.</doc>
<tag>testeRequisicaoBasica</tag>
<status status="PASS" start="2024-08-06T13:19:07.537386" elapsed="0.301946"/>
</test>
<test id="s1-s1-t3" name="Validar estrutura de resposta" line="22">
<kw name="Teste de Estrutura de Resposta" owner="random-user-service">
<kw name="GET On Session" owner="RequestsLibrary">
<msg time="2024-08-06T13:19:07.975269" level="INFO">GET Request : url=https://randomuser.me/api 
 path_url=/api 
 headers={'User-Agent': 'python-requests/2.32.3', 'Accept-Encoding': 'gzip, deflate', 'Accept': '*/*', 'Connection': 'keep-alive'} 
 body=None 
 </msg>
<msg time="2024-08-06T13:19:07.975402" level="INFO">GET Response : url=https://randomuser.me/api 
 status=200, reason=OK 
 headers={'Date': 'Tue, 06 Aug 2024 13:19:07 GMT', 'Content-Type': 'application/json; charset=utf-8', 'Transfer-Encoding': 'chunked', 'Connection': 'keep-alive', 'X-Powered-By': 'Express', 'Access-Control-Allow-Origin': '*', 'Cache-Control': 'no-cache', 'ETag': 'W/"48e-qRJpIwj/K4flYDJhxzrn0Z1Uwns"', 'Vary': 'Accept-Encoding', 'Content-Encoding': 'gzip', 'CF-Cache-Status': 'DYNAMIC', 'Report-To': '{"endpoints":[{"url":"https:\\/\\/a.nel.cloudflare.com\\/report\\/v4?s=UHvDsJ622yuNCKL3BnPVX0T%2Ffy8MUjCJkC5IxT9dz7tODkS7NnPBgpf6oCYg38cvcaRk9wrS8Ti%2BiJYh7Zp7w8sqCFSAO31Z3vKourONAzulTAb9FhpzGVToJCOr5PRd"}],"group":"cf-nel","max_age":604800}', 'NEL': '{"success_fraction":0,"report_to":"cf-nel","max_age":604800}', 'Server': 'cloudflare', 'CF-RAY': '8aef511a1a727cef-LAX', 'alt-svc': 'h3=":443"; ma=86400'} 
 body={"results":[{"gender":"male","name":{"title":"Mr","first":"Eemeli","last":"Kivi"},"location":{"street":{"number":997,"name":"Esplanadi"},"city":"Pieksämäki","state":"Southern Savonia","country":"Finland","postcode":38983,"coordinates":{"latitude":"-29.4427","longitude":"-148.6527"},"timezone":{"offset":"+7:00","description":"Bangkok, Hanoi, Jakarta"}},"email":"eemeli.kivi@example.com","login":{"uuid":"25c11ad5-1ca1-4a2d-abe9-f70b7f97ec5d","username":"tinymeercat945","password":"playtime","salt":"eYPePhY3","md5":"ea34bb019242a6446bba540f08ebddb4","sha1":"40ac7d718bbccfc7d5f7f41f6770f7dbc63d2c48","sha256":"09f762fc527404c7289d376d148b87a1f92211759c5f8f0c41c02c702e9266d9"},"dob":{"date":"1969-11-09T07:34:35.303Z","age":54},"registered":{"date":"2003-02-05T13:46:16.155Z","age":21},"phone":"05-964-873","cell":"048-714-10-98","id":{"name":"HETU","value":"NaNNA199undefined"},"picture":{"large":"https://randomuser.me/api/portraits/men/69.jpg","medium":"https://randomuser.me/api/portraits/med/men/69.jpg","thumbnail":"https://randomuser.me/api/portraits/thumb/men/69.jpg"},"nat":"FI"}],"info":{"seed":"77502c210b6685cc","results":1,"page":1,"version":"1.4"}} 
 </msg>
<msg time="2024-08-06T13:19:07.975535" level="INFO">/opt/hostedtoolcache/Python/3.12.4/x64/lib/python3.12/site-packages/urllib3/connectionpool.py:1099: InsecureRequestWarning: Unverified HTTPS request is being made to host 'randomuser.me'. Adding certificate verification is strongly advised. See: https://urllib3.readthedocs.io/en/latest/advanced-usage.html#tls-warnings
  warnings.warn(</msg>
<msg time="2024-08-06T13:19:07.975654" level="INFO">${response} = &lt;Response [200]&gt;</msg>
<var>${response}</var>
<arg>consultarAPI</arg>
<arg>/api</arg>
<doc>Sends a GET request on a previously created HTTP Session.</doc>
<status status="PASS" start="2024-08-06T13:19:07.841865" elapsed="0.133820"/>
</kw>
<kw name="Set Variable" owner="BuiltIn">
<msg time="2024-08-06T13:19:07.976608" level="INFO">${json_data} = {'results': [{'gender': 'male', 'name': {'title': 'Mr', 'first': 'Eemeli', 'last': 'Kivi'}, 'location': {'street': {'number': 997, 'name': 'Esplanadi'}, 'city': 'Pieksämäki', 'state': 'Southern Savoni...</msg>
<var>${json_data}</var>
<arg>${response.json()}</arg>
<doc>Returns the given values which can then be assigned to a variables.</doc>
<status status="PASS" start="2024-08-06T13:19:07.976140" elapsed="0.000497"/>
</kw>
<kw name="Log" owner="BuiltIn">
<msg time="2024-08-06T13:19:07.977105" level="INFO">{'results': [{'gender': 'male', 'name': {'title': 'Mr', 'first': 'Eemeli', 'last': 'Kivi'}, 'location': {'street': {'number': 997, 'name': 'Esplanadi'}, 'city': 'Pieksämäki', 'state': 'Southern Savonia', 'country': 'Finland', 'postcode': 38983, 'coordinates': {'latitude': '-29.4427', 'longitude': '-148.6527'}, 'timezone': {'offset': '+7:00', 'description': 'Bangkok, Hanoi, Jakarta'}}, 'email': 'eemeli.kivi@example.com', 'login': {'uuid': '25c11ad5-1ca1-4a2d-abe9-f70b7f97ec5d', 'username': 'tinymeercat945', 'password': 'playtime', 'salt': 'eYPePhY3', 'md5': 'ea34bb019242a6446bba540f08ebddb4', 'sha1': '40ac7d718bbccfc7d5f7f41f6770f7dbc63d2c48', 'sha256': '09f762fc527404c7289d376d148b87a1f92211759c5f8f0c41c02c702e9266d9'}, 'dob': {'date': '1969-11-09T07:34:35.303Z', 'age': 54}, 'registered': {'date': '2003-02-05T13:46:16.155Z', 'age': 21}, 'phone': '05-964-873', 'cell': '048-714-10-98', 'id': {'name': 'HETU', 'value': 'NaNNA199undefined'}, 'picture': {'large': 'https://randomuser.me/api/portraits/men/69.jpg', 'medium': 'https://randomuser.me/api/portraits/med/men/69.jpg', 'thumbnail': 'https://randomuser.me/api/portraits/thumb/men/69.jpg'}, 'nat': 'FI'}], 'info': {'seed': '77502c210b6685cc', 'results': 1, 'page': 1, 'version': '1.4'}}</msg>
<arg>${json_data}</arg>
<doc>Logs the given message with the given level.</doc>
<status status="PASS" start="2024-08-06T13:19:07.976945" elapsed="0.000207"/>
</kw>
<kw name="Dictionary Should Contain Key" owner="Collections">
<arg>${json_data}</arg>
<arg>results</arg>
<doc>Fails if ``key`` is not found from ``dictionary``.</doc>
<status status="PASS" start="2024-08-06T13:19:07.977442" elapsed="0.000159"/>
</kw>
<kw name="Should Not Be Empty" owner="BuiltIn">
<msg time="2024-08-06T13:19:07.977912" level="INFO">Length is 2.</msg>
<arg>${json_data}</arg>
<doc>Verifies that the given item is not empty.</doc>
<status status="PASS" start="2024-08-06T13:19:07.977788" elapsed="0.000162"/>
</kw>
<kw name="Create List" owner="BuiltIn">
<msg time="2024-08-06T13:19:07.978382" level="INFO">${expected_keys} = ['gender', 'name', 'location', 'email', 'login']</msg>
<var>${expected_keys}</var>
<arg>gender</arg>
<arg>name</arg>
<arg>location</arg>
<arg>email</arg>
<arg>login</arg>
<doc>Returns a list containing given items.</doc>
<status status="PASS" start="2024-08-06T13:19:07.978235" elapsed="0.000171"/>
</kw>
<for flavor="IN">
<iter>
<kw name="Dictionary Should Contain Key" owner="Collections">
<arg>${json_data['results'][0]}</arg>
<arg>${key}</arg>
<doc>Fails if ``key`` is not found from ``dictionary``.</doc>
<status status="PASS" start="2024-08-06T13:19:07.978972" elapsed="0.000435"/>
</kw>
<kw name="Log" owner="BuiltIn">
<msg time="2024-08-06T13:19:07.979962" level="INFO">{'gender': 'male', 'name': {'title': 'Mr', 'first': 'Eemeli', 'last': 'Kivi'}, 'location': {'street': {'number': 997, 'name': 'Esplanadi'}, 'city': 'Pieksämäki', 'state': 'Southern Savonia', 'country': 'Finland', 'postcode': 38983, 'coordinates': {'latitude': '-29.4427', 'longitude': '-148.6527'}, 'timezone': {'offset': '+7:00', 'description': 'Bangkok, Hanoi, Jakarta'}}, 'email': 'eemeli.kivi@example.com', 'login': {'uuid': '25c11ad5-1ca1-4a2d-abe9-f70b7f97ec5d', 'username': 'tinymeercat945', 'password': 'playtime', 'salt': 'eYPePhY3', 'md5': 'ea34bb019242a6446bba540f08ebddb4', 'sha1': '40ac7d718bbccfc7d5f7f41f6770f7dbc63d2c48', 'sha256': '09f762fc527404c7289d376d148b87a1f92211759c5f8f0c41c02c702e9266d9'}, 'dob': {'date': '1969-11-09T07:34:35.303Z', 'age': 54}, 'registered': {'date': '2003-02-05T13:46:16.155Z', 'age': 21}, 'phone': '05-964-873', 'cell': '048-714-10-98', 'id': {'name': 'HETU', 'value': 'NaNNA199undefined'}, 'picture': {'large': 'https://randomuser.me/api/portraits/men/69.jpg', 'medium': 'https://randomuser.me/api/portraits/med/men/69.jpg', 'thumbnail': 'https://randomuser.me/api/portraits/thumb/men/69.jpg'}, 'nat': 'FI'}</msg>
<arg>${json_data['results'][0]}</arg>
<doc>Logs the given message with the given level.</doc>
<status status="PASS" start="2024-08-06T13:19:07.979609" elapsed="0.000402"/>
</kw>
<kw name="Log" owner="BuiltIn">
<msg time="2024-08-06T13:19:07.980454" level="INFO">gender</msg>
<arg>${key}</arg>
<doc>Logs the given message with the given level.</doc>
<status status="PASS" start="2024-08-06T13:19:07.980314" elapsed="0.000178"/>
</kw>
<var name="${key}">gender</var>
<status status="PASS" start="2024-08-06T13:19:07.978849" elapsed="0.001861"/>
</iter>
<iter>
<kw name="Dictionary Should Contain Key" owner="Collections">
<arg>${json_data['results'][0]}</arg>
<arg>${key}</arg>
<doc>Fails if ``key`` is not found from ``dictionary``.</doc>
<status status="PASS" start="2024-08-06T13:19:07.981013" elapsed="0.000398"/>
</kw>
<kw name="Log" owner="BuiltIn">
<msg time="2024-08-06T13:19:07.981980" level="INFO">{'gender': 'male', 'name': {'title': 'Mr', 'first': 'Eemeli', 'last': 'Kivi'}, 'location': {'street': {'number': 997, 'name': 'Esplanadi'}, 'city': 'Pieksämäki', 'state': 'Southern Savonia', 'country': 'Finland', 'postcode': 38983, 'coordinates': {'latitude': '-29.4427', 'longitude': '-148.6527'}, 'timezone': {'offset': '+7:00', 'description': 'Bangkok, Hanoi, Jakarta'}}, 'email': 'eemeli.kivi@example.com', 'login': {'uuid': '25c11ad5-1ca1-4a2d-abe9-f70b7f97ec5d', 'username': 'tinymeercat945', 'password': 'playtime', 'salt': 'eYPePhY3', 'md5': 'ea34bb019242a6446bba540f08ebddb4', 'sha1': '40ac7d718bbccfc7d5f7f41f6770f7dbc63d2c48', 'sha256': '09f762fc527404c7289d376d148b87a1f92211759c5f8f0c41c02c702e9266d9'}, 'dob': {'date': '1969-11-09T07:34:35.303Z', 'age': 54}, 'registered': {'date': '2003-02-05T13:46:16.155Z', 'age': 21}, 'phone': '05-964-873', 'cell': '048-714-10-98', 'id': {'name': 'HETU', 'value': 'NaNNA199undefined'}, 'picture': {'large': 'https://randomuser.me/api/portraits/men/69.jpg', 'medium': 'https://randomuser.me/api/portraits/med/men/69.jpg', 'thumbnail': 'https://randomuser.me/api/portraits/thumb/men/69.jpg'}, 'nat': 'FI'}</msg>
<arg>${json_data['results'][0]}</arg>
<doc>Logs the given message with the given level.</doc>
<status status="PASS" start="2024-08-06T13:19:07.981605" elapsed="0.000465"/>
</kw>
<kw name="Log" owner="BuiltIn">
<msg time="2024-08-06T13:19:07.982500" level="INFO">name</msg>
<arg>${key}</arg>
<doc>Logs the given message with the given level.</doc>
<status status="PASS" start="2024-08-06T13:19:07.982371" elapsed="0.000167"/>
</kw>
<var name="${key}">name</var>
<status status="PASS" start="2024-08-06T13:19:07.980895" elapsed="0.001872"/>
</iter>
<iter>
<kw name="Dictionary Should Contain Key" owner="Collections">
<arg>${json_data['results'][0]}</arg>
<arg>${key}</arg>
<doc>Fails if ``key`` is not found from ``dictionary``.</doc>
<status status="PASS" start="2024-08-06T13:19:07.983055" elapsed="0.000410"/>
</kw>
<kw name="Log" owner="BuiltIn">
<msg time="2024-08-06T13:19:07.984006" level="INFO">{'gender': 'male', 'name': {'title': 'Mr', 'first': 'Eemeli', 'last': 'Kivi'}, 'location': {'street': {'number': 997, 'name': 'Esplanadi'}, 'city': 'Pieksämäki', 'state': 'Southern Savonia', 'country': 'Finland', 'postcode': 38983, 'coordinates': {'latitude': '-29.4427', 'longitude': '-148.6527'}, 'timezone': {'offset': '+7:00', 'description': 'Bangkok, Hanoi, Jakarta'}}, 'email': 'eemeli.kivi@example.com', 'login': {'uuid': '25c11ad5-1ca1-4a2d-abe9-f70b7f97ec5d', 'username': 'tinymeercat945', 'password': 'playtime', 'salt': 'eYPePhY3', 'md5': 'ea34bb019242a6446bba540f08ebddb4', 'sha1': '40ac7d718bbccfc7d5f7f41f6770f7dbc63d2c48', 'sha256': '09f762fc527404c7289d376d148b87a1f92211759c5f8f0c41c02c702e9266d9'}, 'dob': {'date': '1969-11-09T07:34:35.303Z', 'age': 54}, 'registered': {'date': '2003-02-05T13:46:16.155Z', 'age': 21}, 'phone': '05-964-873', 'cell': '048-714-10-98', 'id': {'name': 'HETU', 'value': 'NaNNA199undefined'}, 'picture': {'large': 'https://randomuser.me/api/portraits/men/69.jpg', 'medium': 'https://randomuser.me/api/portraits/med/men/69.jpg', 'thumbnail': 'https://randomuser.me/api/portraits/thumb/men/69.jpg'}, 'nat': 'FI'}</msg>
<arg>${json_data['results'][0]}</arg>
<doc>Logs the given message with the given level.</doc>
<status status="PASS" start="2024-08-06T13:19:07.983650" elapsed="0.000414"/>
</kw>
<kw name="Log" owner="BuiltIn">
<msg time="2024-08-06T13:19:07.984504" level="INFO">location</msg>
<arg>${key}</arg>
<doc>Logs the given message with the given level.</doc>
<status status="PASS" start="2024-08-06T13:19:07.984364" elapsed="0.000178"/>
</kw>
<var name="${key}">location</var>
<status status="PASS" start="2024-08-06T13:19:07.982944" elapsed="0.001825"/>
</iter>
<iter>
<kw name="Dictionary Should Contain Key" owner="Collections">
<arg>${json_data['results'][0]}</arg>
<arg>${key}</arg>
<doc>Fails if ``key`` is not found from ``dictionary``.</doc>
<status status="PASS" start="2024-08-06T13:19:07.985054" elapsed="0.000380"/>
</kw>
<kw name="Log" owner="BuiltIn">
<msg time="2024-08-06T13:19:07.986082" level="INFO">{'gender': 'male', 'name': {'title': 'Mr', 'first': 'Eemeli', 'last': 'Kivi'}, 'location': {'street': {'number': 997, 'name': 'Esplanadi'}, 'city': 'Pieksämäki', 'state': 'Southern Savonia', 'country': 'Finland', 'postcode': 38983, 'coordinates': {'latitude': '-29.4427', 'longitude': '-148.6527'}, 'timezone': {'offset': '+7:00', 'description': 'Bangkok, Hanoi, Jakarta'}}, 'email': 'eemeli.kivi@example.com', 'login': {'uuid': '25c11ad5-1ca1-4a2d-abe9-f70b7f97ec5d', 'username': 'tinymeercat945', 'password': 'playtime', 'salt': 'eYPePhY3', 'md5': 'ea34bb019242a6446bba540f08ebddb4', 'sha1': '40ac7d718bbccfc7d5f7f41f6770f7dbc63d2c48', 'sha256': '09f762fc527404c7289d376d148b87a1f92211759c5f8f0c41c02c702e9266d9'}, 'dob': {'date': '1969-11-09T07:34:35.303Z', 'age': 54}, 'registered': {'date': '2003-02-05T13:46:16.155Z', 'age': 21}, 'phone': '05-964-873', 'cell': '048-714-10-98', 'id': {'name': 'HETU', 'value': 'NaNNA199undefined'}, 'picture': {'large': 'https://randomuser.me/api/portraits/men/69.jpg', 'medium': 'https://randomuser.me/api/portraits/med/men/69.jpg', 'thumbnail': 'https://randomuser.me/api/portraits/thumb/men/69.jpg'}, 'nat': 'FI'}</msg>
<arg>${json_data['results'][0]}</arg>
<doc>Logs the given message with the given level.</doc>
<status status="PASS" start="2024-08-06T13:19:07.985727" elapsed="0.000404"/>
</kw>
<kw name="Log" owner="BuiltIn">
<msg time="2024-08-06T13:19:07.986567" level="INFO">email</msg>
<arg>${key}</arg>
<doc>Logs the given message with the given level.</doc>
<status status="PASS" start="2024-08-06T13:19:07.986437" elapsed="0.000170"/>
</kw>
<var name="${key}">email</var>
<status status="PASS" start="2024-08-06T13:19:07.984945" elapsed="0.001878"/>
</iter>
<iter>
<kw name="Dictionary Should Contain Key" owner="Collections">
<arg>${json_data['results'][0]}</arg>
<arg>${key}</arg>
<doc>Fails if ``key`` is not found from ``dictionary``.</doc>
<status status="PASS" start="2024-08-06T13:19:07.987122" elapsed="0.000422"/>
</kw>
<kw name="Log" owner="BuiltIn">
<msg time="2024-08-06T13:19:07.988089" level="INFO">{'gender': 'male', 'name': {'title': 'Mr', 'first': 'Eemeli', 'last': 'Kivi'}, 'location': {'street': {'number': 997, 'name': 'Esplanadi'}, 'city': 'Pieksämäki', 'state': 'Southern Savonia', 'country': 'Finland', 'postcode': 38983, 'coordinates': {'latitude': '-29.4427', 'longitude': '-148.6527'}, 'timezone': {'offset': '+7:00', 'description': 'Bangkok, Hanoi, Jakarta'}}, 'email': 'eemeli.kivi@example.com', 'login': {'uuid': '25c11ad5-1ca1-4a2d-abe9-f70b7f97ec5d', 'username': 'tinymeercat945', 'password': 'playtime', 'salt': 'eYPePhY3', 'md5': 'ea34bb019242a6446bba540f08ebddb4', 'sha1': '40ac7d718bbccfc7d5f7f41f6770f7dbc63d2c48', 'sha256': '09f762fc527404c7289d376d148b87a1f92211759c5f8f0c41c02c702e9266d9'}, 'dob': {'date': '1969-11-09T07:34:35.303Z', 'age': 54}, 'registered': {'date': '2003-02-05T13:46:16.155Z', 'age': 21}, 'phone': '05-964-873', 'cell': '048-714-10-98', 'id': {'name': 'HETU', 'value': 'NaNNA199undefined'}, 'picture': {'large': 'https://randomuser.me/api/portraits/men/69.jpg', 'medium': 'https://randomuser.me/api/portraits/med/men/69.jpg', 'thumbnail': 'https://randomuser.me/api/portraits/thumb/men/69.jpg'}, 'nat': 'FI'}</msg>
<arg>${json_data['results'][0]}</arg>
<doc>Logs the given message with the given level.</doc>
<status status="PASS" start="2024-08-06T13:19:07.987731" elapsed="0.000407"/>
</kw>
<kw name="Log" owner="BuiltIn">
<msg time="2024-08-06T13:19:07.988565" level="INFO">login</msg>
<arg>${key}</arg>
<doc>Logs the given message with the given level.</doc>
<status status="PASS" start="2024-08-06T13:19:07.988437" elapsed="0.000166"/>
</kw>
<var name="${key}">login</var>
<status status="PASS" start="2024-08-06T13:19:07.987001" elapsed="0.001819"/>
</iter>
<var>${key}</var>
<value>@{expected_keys}</value>
<status status="PASS" start="2024-08-06T13:19:07.978663" elapsed="0.010279"/>
</for>
<kw name="Create List" owner="BuiltIn">
<msg time="2024-08-06T13:19:07.989304" level="INFO">${expected_keysTwo} = ['username', 'password']</msg>
<var>${expected_keysTwo}</var>
<arg>username</arg>
<arg>password</arg>
<doc>Returns a list containing given items.</doc>
<status status="PASS" start="2024-08-06T13:19:07.989155" elapsed="0.000201"/>
</kw>
<for flavor="IN">
<iter>
<kw name="Dictionary Should Contain Key" owner="Collections">
<arg>${json_data['results'][0]['login']}</arg>
<arg>${keyTwo}</arg>
<doc>Fails if ``key`` is not found from ``dictionary``.</doc>
<status status="PASS" start="2024-08-06T13:19:07.989870" elapsed="0.000386"/>
</kw>
<kw name="Dictionary Should Contain Key" owner="Collections">
<arg>${json_data['results'][0]['login']}</arg>
<arg>${keyTwo}</arg>
<doc>Fails if ``key`` is not found from ``dictionary``.</doc>
<status status="PASS" start="2024-08-06T13:19:07.990438" elapsed="0.000377"/>
</kw>
<kw name="Log" owner="BuiltIn">
<msg time="2024-08-06T13:19:07.991111" level="INFO">username</msg>
<arg>${keyTwo}</arg>
<doc>Logs the given message with the given level.</doc>
<status status="PASS" start="2024-08-06T13:19:07.990992" elapsed="0.000156"/>
</kw>
<var name="${keyTwo}">username</var>
<status status="PASS" start="2024-08-06T13:19:07.989758" elapsed="0.001644"/>
</iter>
<iter>
<kw name="Dictionary Should Contain Key" owner="Collections">
<arg>${json_data['results'][0]['login']}</arg>
<arg>${keyTwo}</arg>
<doc>Fails if ``key`` is not found from ``dictionary``.</doc>
<status status="PASS" start="2024-08-06T13:19:07.991698" elapsed="0.000395"/>
</kw>
<kw name="Dictionary Should Contain Key" owner="Collections">
<arg>${json_data['results'][0]['login']}</arg>
<arg>${keyTwo}</arg>
<doc>Fails if ``key`` is not found from ``dictionary``.</doc>
<status status="PASS" start="2024-08-06T13:19:07.992271" elapsed="0.000380"/>
</kw>
<kw name="Log" owner="BuiltIn">
<msg time="2024-08-06T13:19:07.992950" level="INFO">password</msg>
<arg>${keyTwo}</arg>
<doc>Logs the given message with the given level.</doc>
<status status="PASS" start="2024-08-06T13:19:07.992830" elapsed="0.000156"/>
</kw>
<var name="${keyTwo}">password</var>
<status status="PASS" start="2024-08-06T13:19:07.991589" elapsed="0.001616"/>
</iter>
<var>${keyTwo}</var>
<value>@{expected_keysTwo}</value>
<status status="PASS" start="2024-08-06T13:19:07.989605" elapsed="0.003722"/>
</for>
<status status="PASS" start="2024-08-06T13:19:07.841635" elapsed="0.151833"/>
</kw>
<doc>Testa a estrutura da resposta da API.</doc>
<tag>testeEstruturaResposta</tag>
<status status="PASS" start="2024-08-06T13:19:07.841132" elapsed="0.152481"/>
</test>
<test id="s1-s1-t4" name="Validar tipos de dados" line="28">
<kw name="Teste de Tipos de Dados" owner="random-user-service">
<kw name="GET On Session" owner="RequestsLibrary">
<msg time="2024-08-06T13:19:08.121288" level="INFO">GET Request : url=https://randomuser.me/api 
 path_url=/api 
 headers={'User-Agent': 'python-requests/2.32.3', 'Accept-Encoding': 'gzip, deflate', 'Accept': '*/*', 'Connection': 'keep-alive'} 
 body=None 
 </msg>
<msg time="2024-08-06T13:19:08.121391" level="INFO">GET Response : url=https://randomuser.me/api 
 status=200, reason=OK 
 headers={'Date': 'Tue, 06 Aug 2024 13:19:08 GMT', 'Content-Type': 'application/json; charset=utf-8', 'Transfer-Encoding': 'chunked', 'Connection': 'keep-alive', 'X-Powered-By': 'Express', 'Access-Control-Allow-Origin': '*', 'Cache-Control': 'no-cache', 'ETag': 'W/"477-bplN6V1w42k23JE6ONCd7vP14cE"', 'Vary': 'Accept-Encoding', 'Content-Encoding': 'gzip', 'CF-Cache-Status': 'DYNAMIC', 'Report-To': '{"endpoints":[{"url":"https:\\/\\/a.nel.cloudflare.com\\/report\\/v4?s=YGzl3iqrnyYE%2BHJ8Cabqf4JiBNTBixWfhLDgMWXahpY1KVGhGzyqDruPt0h6YMYurtamvenVPvVhUcoPvc3cC2Gs5Ih4Iu5MzNCU5C%2B6izyONIKgLTnBPzzXq3wjiAr0"}],"group":"cf-nel","max_age":604800}', 'NEL': '{"success_fraction":0,"report_to":"cf-nel","max_age":604800}', 'Server': 'cloudflare', 'CF-RAY': '8aef511b0b067cef-LAX', 'alt-svc': 'h3=":443"; ma=86400'} 
 body={"results":[{"gender":"male","name":{"title":"Mr","first":"Babür","last":"Fahri"},"location":{"street":{"number":7906,"name":"Abanoz Sk"},"city":"Bilecik","state":"Hatay","country":"Turkey","postcode":56914,"coordinates":{"latitude":"69.9861","longitude":"-160.8787"},"timezone":{"offset":"+1:00","description":"Brussels, Copenhagen, Madrid, Paris"}},"email":"babur.fahri@example.com","login":{"uuid":"167c6268-5255-4f9b-afa5-861841c0604a","username":"redfrog594","password":"xxxxxx1","salt":"vivw8LR3","md5":"3c3bbec0a12afb54797cb585dc200c27","sha1":"47147d2c0b1fedc7ec2b4fe972536505a2030bea","sha256":"bd419804a76e6ceeeb4afdfd231c497742a19f12d9fab9df1f0bf5af0b67efda"},"dob":{"date":"1968-05-20T12:39:10.314Z","age":56},"registered":{"date":"2004-02-23T08:03:50.118Z","age":20},"phone":"(207)-030-2663","cell":"(076)-178-6938","id":{"name":"","value":null},"picture":{"large":"https://randomuser.me/api/portraits/men/54.jpg","medium":"https://randomuser.me/api/portraits/med/men/54.jpg","thumbnail":"https://randomuser.me/api/portraits/thumb/men/54.jpg"},"nat":"TR"}],"info":{"seed":"82144434f6aceb2e","results":1,"page":1,"version":"1.4"}} 
 </msg>
<msg time="2024-08-06T13:19:08.121473" level="INFO">/opt/hostedtoolcache/Python/3.12.4/x64/lib/python3.12/site-packages/urllib3/connectionpool.py:1099: InsecureRequestWarning: Unverified HTTPS request is being made to host 'randomuser.me'. Adding certificate verification is strongly advised. See: https://urllib3.readthedocs.io/en/latest/advanced-usage.html#tls-warnings
  warnings.warn(</msg>
<msg time="2024-08-06T13:19:08.121600" level="INFO">${response} = &lt;Response [200]&gt;</msg>
<var>${response}</var>
<arg>consultarAPI</arg>
<arg>/api</arg>
<doc>Sends a GET request on a previously created HTTP Session.</doc>
<status status="PASS" start="2024-08-06T13:19:07.995980" elapsed="0.125663"/>
</kw>
<kw name="Set Variable" owner="BuiltIn">
<msg time="2024-08-06T13:19:08.122810" level="INFO">${json_data} = {'results': [{'gender': 'male', 'name': {'title': 'Mr', 'first': 'Babür', 'last': 'Fahri'}, 'location': {'street': {'number': 7906, 'name': 'Abanoz Sk'}, 'city': 'Bilecik', 'state': 'Hatay', 'country'...</msg>
<var>${json_data}</var>
<arg>${response.json()}</arg>
<doc>Returns the given values which can then be assigned to a variables.</doc>
<status status="PASS" start="2024-08-06T13:19:08.122284" elapsed="0.000556"/>
</kw>
<kw name="Log" owner="BuiltIn">
<msg time="2024-08-06T13:19:08.123350" level="INFO">{'results': [{'gender': 'male', 'name': {'title': 'Mr', 'first': 'Babür', 'last': 'Fahri'}, 'location': {'street': {'number': 7906, 'name': 'Abanoz Sk'}, 'city': 'Bilecik', 'state': 'Hatay', 'country': 'Turkey', 'postcode': 56914, 'coordinates': {'latitude': '69.9861', 'longitude': '-160.8787'}, 'timezone': {'offset': '+1:00', 'description': 'Brussels, Copenhagen, Madrid, Paris'}}, 'email': 'babur.fahri@example.com', 'login': {'uuid': '167c6268-5255-4f9b-afa5-861841c0604a', 'username': 'redfrog594', 'password': 'xxxxxx1', 'salt': 'vivw8LR3', 'md5': '3c3bbec0a12afb54797cb585dc200c27', 'sha1': '47147d2c0b1fedc7ec2b4fe972536505a2030bea', 'sha256': 'bd419804a76e6ceeeb4afdfd231c497742a19f12d9fab9df1f0bf5af0b67efda'}, 'dob': {'date': '1968-05-20T12:39:10.314Z', 'age': 56}, 'registered': {'date': '2004-02-23T08:03:50.118Z', 'age': 20}, 'phone': '(207)-030-2663', 'cell': '(076)-178-6938', 'id': {'name': '', 'value': None}, 'picture': {'large': 'https://randomuser.me/api/portraits/men/54.jpg', 'medium': 'https://randomuser.me/api/portraits/med/men/54.jpg', 'thumbnail': 'https://randomuser.me/api/portraits/thumb/men/54.jpg'}, 'nat': 'TR'}], 'info': {'seed': '82144434f6aceb2e', 'results': 1, 'page': 1, 'version': '1.4'}}</msg>
<arg>${json_data}</arg>
<doc>Logs the given message with the given level.</doc>
<status status="PASS" start="2024-08-06T13:19:08.123153" elapsed="0.000250"/>
</kw>
<kw name="Should Be String" owner="String">
<arg>${json_data['results'][0]['gender']}</arg>
<doc>Fails if the given ``item`` is not a string.</doc>
<status status="PASS" start="2024-08-06T13:19:08.123712" elapsed="0.000374"/>
</kw>
<kw name="Should Match Regexp" owner="BuiltIn">
<arg>${json_data['results'][0]['email']}</arg>
<arg>^[a-zA-Z0-9._%+-]+@[a-zA-Z0-9.-]+\.[a-zA-Z]{2,}$</arg>
<doc>Fails if ``string`` does not match ``pattern`` as a regular expression.</doc>
<status status="PASS" start="2024-08-06T13:19:08.124284" elapsed="0.000532"/>
</kw>
<kw name="Should Match Regexp" owner="BuiltIn">
<arg>${json_data['results'][0]['dob']['date']}</arg>
<arg>\\d{4}-\\d{2}-\\d{2}T\\d{2}:\\d{2}:\\d{2}\\.\\d{3}Z</arg>
<doc>Fails if ``string`` does not match ``pattern`` as a regular expression.</doc>
<status status="PASS" start="2024-08-06T13:19:08.125055" elapsed="0.000644"/>
</kw>
<kw name="Should Match Regexp" owner="BuiltIn">
<arg>${json_data['results'][0]['registered']['date']}</arg>
<arg>\\d{4}-\\d{2}-\\d{2}T\\d{2}:\\d{2}:\\d{2}\\.\\d{3}Z</arg>
<doc>Fails if ``string`` does not match ``pattern`` as a regular expression.</doc>
<status status="PASS" start="2024-08-06T13:19:08.125902" elapsed="0.000382"/>
</kw>
<kw name="Should Match Regexp" owner="BuiltIn">
<arg>${json_data['results'][0]['picture']['large']}</arg>
<arg>^https?://.*\.(?:png|jpe?g|gif|bmp)$</arg>
<doc>Fails if ``string`` does not match ``pattern`` as a regular expression.</doc>
<status status="PASS" start="2024-08-06T13:19:08.126470" elapsed="0.000459"/>
</kw>
<kw name="Should Match Regexp" owner="BuiltIn">
<arg>${json_data['results'][0]['picture']['medium']}</arg>
<arg>^https?://.*\.(?:png|jpe?g|gif|bmp)$</arg>
<doc>Fails if ``string`` does not match ``pattern`` as a regular expression.</doc>
<status status="PASS" start="2024-08-06T13:19:08.127117" elapsed="0.000401"/>
</kw>
<kw name="Should Match Regexp" owner="BuiltIn">
<arg>${json_data['results'][0]['picture']['thumbnail']}</arg>
<arg>^https?://.*\.(?:png|jpe?g|gif|bmp)$</arg>
<doc>Fails if ``string`` does not match ``pattern`` as a regular expression.</doc>
<status status="PASS" start="2024-08-06T13:19:08.127705" elapsed="0.000354"/>
</kw>
<kw name="Log" owner="BuiltIn">
<msg time="2024-08-06T13:19:08.128565" level="INFO">{'large': 'https://randomuser.me/api/portraits/men/54.jpg', 'medium': 'https://randomuser.me/api/portraits/med/men/54.jpg', 'thumbnail': 'https://randomuser.me/api/portraits/thumb/men/54.jpg'}</msg>
<arg>${json_data['results'][0]['picture']}</arg>
<doc>Logs the given message with the given level.</doc>
<status status="PASS" start="2024-08-06T13:19:08.128240" elapsed="0.000367"/>
</kw>
<status status="PASS" start="2024-08-06T13:19:07.995763" elapsed="0.133105"/>
</kw>
<kw name="Teste de Tipos de Dados - Postcode" owner="random-user-service">
<kw name="GET On Session" owner="RequestsLibrary">
<msg time="2024-08-06T13:19:08.257589" level="INFO">GET Request : url=https://randomuser.me/api 
 path_url=/api 
 headers={'User-Agent': 'python-requests/2.32.3', 'Accept-Encoding': 'gzip, deflate', 'Accept': '*/*', 'Connection': 'keep-alive'} 
 body=None 
 </msg>
<msg time="2024-08-06T13:19:08.257675" level="INFO">GET Response : url=https://randomuser.me/api 
 status=200, reason=OK 
 headers={'Date': 'Tue, 06 Aug 2024 13:19:08 GMT', 'Content-Type': 'application/json; charset=utf-8', 'Transfer-Encoding': 'chunked', 'Connection': 'keep-alive', 'X-Powered-By': 'Express', 'Access-Control-Allow-Origin': '*', 'Cache-Control': 'no-cache', 'ETag': 'W/"48c-goDAAAsEUymh+dvJ08zn9X/+nqk"', 'Vary': 'Accept-Encoding', 'Content-Encoding': 'gzip', 'CF-Cache-Status': 'DYNAMIC', 'Report-To': '{"endpoints":[{"url":"https:\\/\\/a.nel.cloudflare.com\\/report\\/v4?s=kr7q1sevP0rnzBp6t%2FytuK9fziDmHwqQpGoquLzGsxYff%2Be%2FmhiaoyaiYUWurES03Vrc5NjQcGUnKjvuO%2BaTWvl3KLnbYesY7JsMfzxQPlf9j%2BzgxDWIoSNv4BbLfvW6"}],"group":"cf-nel","max_age":604800}', 'NEL': '{"success_fraction":0,"report_to":"cf-nel","max_age":604800}', 'Server': 'cloudflare', 'CF-RAY': '8aef511bebcc7cef-LAX', 'alt-svc': 'h3=":443"; ma=86400'} 
 body={"results":[{"gender":"female","name":{"title":"Mrs","first":"Eva","last":"Blanchard"},"location":{"street":{"number":9161,"name":"Rue de Gerland"},"city":"Le Havre","state":"Eure-et-Loir","country":"France","postcode":94576,"coordinates":{"latitude":"-13.5268","longitude":"97.2941"},"timezone":{"offset":"+9:30","description":"Adelaide, Darwin"}},"email":"eva.blanchard@example.com","login":{"uuid":"518ee864-fc99-4024-a091-27aaa9c4129a","username":"bigcat505","password":"malibu","salt":"XLLcirPc","md5":"cc3597d8b32303c2120194c4f1ea224c","sha1":"3bca177f1d3b3e13ffd86eba24017cc7c88a199d","sha256":"fd99de49aafca2c920b01ea29d96b10f0c5b30c1872a2f44209551700b0e0793"},"dob":{"date":"1982-02-16T04:29:33.216Z","age":42},"registered":{"date":"2015-10-02T11:54:14.701Z","age":8},"phone":"04-83-11-66-48","cell":"06-95-07-84-73","id":{"name":"INSEE","value":"2820152333515 91"},"picture":{"large":"https://randomuser.me/api/portraits/women/65.jpg","medium":"https://randomuser.me/api/portraits/med/women/65.jpg","thumbnail":"https://randomuser.me/api/portraits/thumb/women/65.jpg"},"nat":"FR"}],"info":{"seed":"eb3e0ac3106ac037","results":1,"page":1,"version":"1.4"}} 
 </msg>
<msg time="2024-08-06T13:19:08.257749" level="INFO">/opt/hostedtoolcache/Python/3.12.4/x64/lib/python3.12/site-packages/urllib3/connectionpool.py:1099: InsecureRequestWarning: Unverified HTTPS request is being made to host 'randomuser.me'. Adding certificate verification is strongly advised. See: https://urllib3.readthedocs.io/en/latest/advanced-usage.html#tls-warnings
  warnings.warn(</msg>
<msg time="2024-08-06T13:19:08.257870" level="INFO">${response} = &lt;Response [200]&gt;</msg>
<var>${response}</var>
<arg>consultarAPI</arg>
<arg>/api</arg>
<doc>Sends a GET request on a previously created HTTP Session.</doc>
<status status="PASS" start="2024-08-06T13:19:08.129320" elapsed="0.128600"/>
</kw>
<kw name="Set Variable" owner="BuiltIn">
<msg time="2024-08-06T13:19:08.258796" level="INFO">${json_data} = {'results': [{'gender': 'female', 'name': {'title': 'Mrs', 'first': 'Eva', 'last': 'Blanchard'}, 'location': {'street': {'number': 9161, 'name': 'Rue de Gerland'}, 'city': 'Le Havre', 'state': 'Eure-e...</msg>
<var>${json_data}</var>
<arg>${response.json()}</arg>
<doc>Returns the given values which can then be assigned to a variables.</doc>
<status status="PASS" start="2024-08-06T13:19:08.258348" elapsed="0.000476"/>
</kw>
<kw name="Log" owner="BuiltIn">
<msg time="2024-08-06T13:19:08.259304" level="INFO">{'results': [{'gender': 'female', 'name': {'title': 'Mrs', 'first': 'Eva', 'last': 'Blanchard'}, 'location': {'street': {'number': 9161, 'name': 'Rue de Gerland'}, 'city': 'Le Havre', 'state': 'Eure-et-Loir', 'country': 'France', 'postcode': 94576, 'coordinates': {'latitude': '-13.5268', 'longitude': '97.2941'}, 'timezone': {'offset': '+9:30', 'description': 'Adelaide, Darwin'}}, 'email': 'eva.blanchard@example.com', 'login': {'uuid': '518ee864-fc99-4024-a091-27aaa9c4129a', 'username': 'bigcat505', 'password': 'malibu', 'salt': 'XLLcirPc', 'md5': 'cc3597d8b32303c2120194c4f1ea224c', 'sha1': '3bca177f1d3b3e13ffd86eba24017cc7c88a199d', 'sha256': 'fd99de49aafca2c920b01ea29d96b10f0c5b30c1872a2f44209551700b0e0793'}, 'dob': {'date': '1982-02-16T04:29:33.216Z', 'age': 42}, 'registered': {'date': '2015-10-02T11:54:14.701Z', 'age': 8}, 'phone': '04-83-11-66-48', 'cell': '06-95-07-84-73', 'id': {'name': 'INSEE', 'value': '2820152333515 91'}, 'picture': {'large': 'https://randomuser.me/api/portraits/women/65.jpg', 'medium': 'https://randomuser.me/api/portraits/med/women/65.jpg', 'thumbnail': 'https://randomuser.me/api/portraits/thumb/women/65.jpg'}, 'nat': 'FR'}], 'info': {'seed': 'eb3e0ac3106ac037', 'results': 1, 'page': 1, 'version': '1.4'}}</msg>
<arg>${json_data}</arg>
<doc>Logs the given message with the given level.</doc>
<status status="PASS" start="2024-08-06T13:19:08.259125" elapsed="0.000230"/>
</kw>
<kw name="Should Be Equal As Numbers" owner="BuiltIn">
<arg>${json_data['results'][0]['location']['postcode']}</arg>
<arg>${json_data['results'][0]['location']['postcode']}</arg>
<doc>Fails if objects are unequal after converting them to real numbers.</doc>
<status status="PASS" start="2024-08-06T13:19:08.259666" elapsed="0.000617"/>
</kw>
<kw name="Log" owner="BuiltIn">
<msg time="2024-08-06T13:19:08.260804" level="INFO">94576</msg>
<arg>${json_data['results'][0]['location']['postcode']}</arg>
<doc>Logs the given message with the given level.</doc>
<status status="PASS" start="2024-08-06T13:19:08.260473" elapsed="0.000371"/>
</kw>
<status status="PASS" start="2024-08-06T13:19:08.129094" elapsed="0.132030"/>
</kw>
<doc>Testa se os tipos de dados na resposta da API estão corretos.</doc>
<tag>testeTiposDados</tag>
<status status="PASS" start="2024-08-06T13:19:07.995337" elapsed="0.265955"/>
</test>
<test id="s1-s1-t5" name="Validar conteudo" line="35">
<kw name="Teste de Tipos de Conteudo" owner="random-user-service">
<kw name="GET On Session" owner="RequestsLibrary">
<msg time="2024-08-06T13:19:08.366223" level="INFO">GET Request : url=https://randomuser.me/api 
 path_url=/api 
 headers={'User-Agent': 'python-requests/2.32.3', 'Accept-Encoding': 'gzip, deflate', 'Accept': '*/*', 'Connection': 'keep-alive'} 
 body=None 
 </msg>
<msg time="2024-08-06T13:19:08.366310" level="INFO">GET Response : url=https://randomuser.me/api 
 status=200, reason=OK 
 headers={'Date': 'Tue, 06 Aug 2024 13:19:08 GMT', 'Content-Type': 'application/json; charset=utf-8', 'Transfer-Encoding': 'chunked', 'Connection': 'keep-alive', 'X-Powered-By': 'Express', 'Access-Control-Allow-Origin': '*', 'Cache-Control': 'no-cache', 'ETag': 'W/"46f-QqBhap0my7JM+bTLbJ2cYbUf+Xo"', 'Vary': 'Accept-Encoding', 'Content-Encoding': 'gzip', 'CF-Cache-Status': 'DYNAMIC', 'Report-To': '{"endpoints":[{"url":"https:\\/\\/a.nel.cloudflare.com\\/report\\/v4?s=YdwmmlqSBSrKd6EUOtgLfINajoT%2B5QlsR9r0%2FA1PZztBRdzFqrrWDFC7I6USa9SIudoZEMPLIb6gd45wAFkVKtIFVg%2BVBHVb2%2BCIT1ENDs6EC6SHun%2BBXcLe6mpQH12D"}],"group":"cf-nel","max_age":604800}', 'NEL': '{"success_fraction":0,"report_to":"cf-nel","max_age":604800}', 'Server': 'cloudflare', 'CF-RAY': '8aef511cbc897cef-LAX', 'alt-svc': 'h3=":443"; ma=86400'} 
 body={"results":[{"gender":"female","name":{"title":"Miss","first":"Julie","last":"Madsen"},"location":{"street":{"number":8342,"name":"Rønne Alle"},"city":"Roedovre","state":"Hovedstaden","country":"Denmark","postcode":78480,"coordinates":{"latitude":"-44.9756","longitude":"20.3554"},"timezone":{"offset":"+3:30","description":"Tehran"}},"email":"julie.madsen@example.com","login":{"uuid":"7739daa4-c5b0-470f-833f-246523c6cc17","username":"yellowdog351","password":"collie","salt":"vRcCd0ro","md5":"7e86ee206ab370325dae4d4dec390b5a","sha1":"05d4221c1b22dbbb4c584258ad32fb4929a4dc7b","sha256":"45c5d55b193793b98f27d2069ea81fe9ee9eedf53621c63200fa2a0e9e479ec5"},"dob":{"date":"1966-08-30T14:45:00.083Z","age":57},"registered":{"date":"2009-05-20T07:38:59.874Z","age":15},"phone":"27377041","cell":"66034501","id":{"name":"CPR","value":"300866-2839"},"picture":{"large":"https://randomuser.me/api/portraits/women/16.jpg","medium":"https://randomuser.me/api/portraits/med/women/16.jpg","thumbnail":"https://randomuser.me/api/portraits/thumb/women/16.jpg"},"nat":"DK"}],"info":{"seed":"a339b6e53f19edcb","results":1,"page":1,"version":"1.4"}} 
 </msg>
<msg time="2024-08-06T13:19:08.366378" level="INFO">/opt/hostedtoolcache/Python/3.12.4/x64/lib/python3.12/site-packages/urllib3/connectionpool.py:1099: InsecureRequestWarning: Unverified HTTPS request is being made to host 'randomuser.me'. Adding certificate verification is strongly advised. See: https://urllib3.readthedocs.io/en/latest/advanced-usage.html#tls-warnings
  warnings.warn(</msg>
<msg time="2024-08-06T13:19:08.366473" level="INFO">${response} = &lt;Response [200]&gt;</msg>
<var>${response}</var>
<arg>consultarAPI</arg>
<arg>/api</arg>
<doc>Sends a GET request on a previously created HTTP Session.</doc>
<status status="PASS" start="2024-08-06T13:19:08.263808" elapsed="0.102700"/>
</kw>
<kw name="Set Variable" owner="BuiltIn">
<msg time="2024-08-06T13:19:08.367452" level="INFO">${json_data} = {'results': [{'gender': 'female', 'name': {'title': 'Miss', 'first': 'Julie', 'last': 'Madsen'}, 'location': {'street': {'number': 8342, 'name': 'Rønne Alle'}, 'city': 'Roedovre', 'state': 'Hovedstade...</msg>
<var>${json_data}</var>
<arg>${response.json()}</arg>
<doc>Returns the given values which can then be assigned to a variables.</doc>
<status status="PASS" start="2024-08-06T13:19:08.366925" elapsed="0.000557"/>
</kw>
<kw name="Set Variable" owner="BuiltIn">
<msg time="2024-08-06T13:19:08.368172" level="INFO">${name_title} = Miss</msg>
<var>${name_title}</var>
<arg>${json_data["results"][0]["name"]["title"]}</arg>
<doc>Returns the given values which can then be assigned to a variables.</doc>
<status status="PASS" start="2024-08-06T13:19:08.367787" elapsed="0.000411"/>
</kw>
<kw name="Create List" owner="BuiltIn">
<msg time="2024-08-06T13:19:08.368647" level="INFO">${allowed_titles} = ['Mr', 'Ms', 'Miss', 'Mrs', 'Madame', 'Monsieur']</msg>
<var>${allowed_titles}</var>
<arg>Mr</arg>
<arg>Ms</arg>
<arg>Miss</arg>
<arg>Mrs</arg>
<arg>Madame</arg>
<arg>Monsieur</arg>
<doc>Returns a list containing given items.</doc>
<status status="PASS" start="2024-08-06T13:19:08.368496" elapsed="0.000175"/>
</kw>
<kw name="List Should Contain Value" owner="Collections">
<arg>${allowed_titles}</arg>
<arg>${name_title}</arg>
<doc>Fails if the ``value`` is not found from ``list``.</doc>
<status status="PASS" start="2024-08-06T13:19:08.368972" elapsed="0.000183"/>
</kw>
<kw name="Set Variable" owner="BuiltIn">
<msg time="2024-08-06T13:19:08.369712" level="INFO">${name_country} = DK</msg>
<var>${name_country}</var>
<arg>${json_data["results"][0]["nat"]}</arg>
<doc>Returns the given values which can then be assigned to a variables.</doc>
<status status="PASS" start="2024-08-06T13:19:08.369342" elapsed="0.000396"/>
</kw>
<kw name="Create List" owner="BuiltIn">
<msg time="2024-08-06T13:19:08.370629" level="INFO">${list_country} = ['AD', 'AE', 'AF', 'AG', 'AI', 'AL', 'AM', 'AO', 'AQ', 'AR', 'AS', 'AT', 'AU', 'AW', 'AX', 'AZ', 'BA', 'BB', 'BD', 'BE', 'BF', 'BG', 'BH', 'BI', 'BJ', 'BL', 'BM', 'BN', 'BO', 'BQ', 'BR', 'BS', 'BT', '...</msg>
<var>${list_country}</var>
<arg>AD</arg>
<arg>AE</arg>
<arg>AF</arg>
<arg>AG</arg>
<arg>AI</arg>
<arg>AL</arg>
<arg>AM</arg>
<arg>AO</arg>
<arg>AQ</arg>
<arg>AR</arg>
<arg>AS</arg>
<arg>AT</arg>
<arg>AU</arg>
<arg>AW</arg>
<arg>AX</arg>
<arg>AZ</arg>
<arg>BA</arg>
<arg>BB</arg>
<arg>BD</arg>
<arg>BE</arg>
<arg>BF</arg>
<arg>BG</arg>
<arg>BH</arg>
<arg>BI</arg>
<arg>BJ</arg>
<arg>BL</arg>
<arg>BM</arg>
<arg>BN</arg>
<arg>BO</arg>
<arg>BQ</arg>
<arg>BR</arg>
<arg>BS</arg>
<arg>BT</arg>
<arg>BV</arg>
<arg>BW</arg>
<arg>BY</arg>
<arg>BZ</arg>
<arg>CA</arg>
<arg>CC</arg>
<arg>CD</arg>
<arg>CF</arg>
<arg>CG</arg>
<arg>CH</arg>
<arg>CI</arg>
<arg>CK</arg>
<arg>CL</arg>
<arg>CM</arg>
<arg>CN</arg>
<arg>CO</arg>
<arg>CR</arg>
<arg>CU</arg>
<arg>CV</arg>
<arg>CW</arg>
<arg>CX</arg>
<arg>CY</arg>
<arg>CZ</arg>
<arg>DE</arg>
<arg>DJ</arg>
<arg>DK</arg>
<arg>DM</arg>
<arg>DO</arg>
<arg>DZ</arg>
<arg>EC</arg>
<arg>EE</arg>
<arg>EG</arg>
<arg>EH</arg>
<arg>ER</arg>
<arg>ES</arg>
<arg>ET</arg>
<arg>FI</arg>
<arg>FJ</arg>
<arg>FK</arg>
<arg>FM</arg>
<arg>FO</arg>
<arg>FR</arg>
<arg>GA</arg>
<arg>GB</arg>
<arg>GD</arg>
<arg>GE</arg>
<arg>GF</arg>
<arg>GG</arg>
<arg>GH</arg>
<arg>GI</arg>
<arg>GL</arg>
<arg>GM</arg>
<arg>GN</arg>
<arg>GP</arg>
<arg>GQ</arg>
<arg>GR</arg>
<arg>GS</arg>
<arg>GT</arg>
<arg>GU</arg>
<arg>GW</arg>
<arg>GY</arg>
<arg>HK</arg>
<arg>HM</arg>
<arg>HN</arg>
<arg>HR</arg>
<arg>HT</arg>
<arg>HU</arg>
<arg>ID</arg>
<arg>IE</arg>
<arg>IL</arg>
<arg>IM</arg>
<arg>IN</arg>
<arg>IO</arg>
<arg>IQ</arg>
<arg>IR</arg>
<arg>IS</arg>
<arg>IT</arg>
<arg>JE</arg>
<arg>JM</arg>
<arg>JO</arg>
<arg>JP</arg>
<arg>KE</arg>
<arg>KG</arg>
<arg>KH</arg>
<arg>KI</arg>
<arg>KM</arg>
<arg>KN</arg>
<arg>KP</arg>
<arg>KR</arg>
<arg>KW</arg>
<arg>KY</arg>
<arg>KZ</arg>
<arg>LA</arg>
<arg>LB</arg>
<arg>LC</arg>
<arg>LI</arg>
<arg>LK</arg>
<arg>LR</arg>
<arg>LS</arg>
<arg>LT</arg>
<arg>LU</arg>
<arg>LV</arg>
<arg>LY</arg>
<arg>MA</arg>
<arg>MC</arg>
<arg>MD</arg>
<arg>ME</arg>
<arg>MF</arg>
<arg>MG</arg>
<arg>MH</arg>
<arg>MK</arg>
<arg>ML</arg>
<arg>MM</arg>
<arg>MN</arg>
<arg>MO</arg>
<arg>MP</arg>
<arg>MQ</arg>
<arg>MR</arg>
<arg>MS</arg>
<arg>MT</arg>
<arg>MU</arg>
<arg>MV</arg>
<arg>MW</arg>
<arg>MX</arg>
<arg>MY</arg>
<arg>MZ</arg>
<arg>NA</arg>
<arg>NC</arg>
<arg>NE</arg>
<arg>NF</arg>
<arg>NG</arg>
<arg>NI</arg>
<arg>NL</arg>
<arg>NO</arg>
<arg>NP</arg>
<arg>NR</arg>
<arg>NU</arg>
<arg>NZ</arg>
<arg>OM</arg>
<arg>PA</arg>
<arg>PE</arg>
<arg>PF</arg>
<arg>PG</arg>
<arg>PH</arg>
<arg>PK</arg>
<arg>PL</arg>
<arg>PM</arg>
<arg>PN</arg>
<arg>PR</arg>
<arg>PS</arg>
<arg>PT</arg>
<arg>PW</arg>
<arg>PY</arg>
<arg>QA</arg>
<arg>RE</arg>
<arg>RO</arg>
<arg>RS</arg>
<arg>RU</arg>
<arg>RW</arg>
<arg>SA</arg>
<arg>SB</arg>
<arg>SC</arg>
<arg>SD</arg>
<arg>SE</arg>
<arg>SG</arg>
<arg>SH</arg>
<arg>SI</arg>
<arg>SJ</arg>
<arg>SK</arg>
<arg>SL</arg>
<arg>SM</arg>
<arg>SN</arg>
<arg>SO</arg>
<arg>SR</arg>
<arg>SS</arg>
<arg>ST</arg>
<arg>SV</arg>
<arg>SX</arg>
<arg>SY</arg>
<arg>SZ</arg>
<arg>TC</arg>
<arg>TD</arg>
<arg>TF</arg>
<arg>TG</arg>
<arg>TH</arg>
<arg>TJ</arg>
<arg>TK</arg>
<arg>TL</arg>
<arg>TM</arg>
<arg>TN</arg>
<arg>TO</arg>
<arg>TR</arg>
<arg>TT</arg>
<arg>TV</arg>
<arg>TW</arg>
<arg>TZ</arg>
<arg>UA</arg>
<arg>UG</arg>
<arg>UM</arg>
<arg>US</arg>
<arg>UY</arg>
<arg>UZ</arg>
<arg>VA</arg>
<arg>VC</arg>
<arg>VE</arg>
<arg>VG</arg>
<arg>VI</arg>
<arg>VN</arg>
<arg>VU</arg>
<arg>WF</arg>
<arg>WS</arg>
<arg>XK</arg>
<arg>YE</arg>
<arg>YT</arg>
<arg>ZA</arg>
<arg>ZM</arg>
<arg>ZW</arg>
<doc>Returns a list containing given items.</doc>
<status status="PASS" start="2024-08-06T13:19:08.370027" elapsed="0.000627"/>
</kw>
<kw name="List Should Contain Value" owner="Collections">
<arg>${list_country}</arg>
<arg>${name_country}</arg>
<doc>Fails if the ``value`` is not found from ``list``.</doc>
<status status="PASS" start="2024-08-06T13:19:08.371633" elapsed="0.000209"/>
</kw>
<kw name="Run Keyword If" owner="BuiltIn">
<kw name="Should Be True" owner="BuiltIn">
<arg>${True}</arg>
<doc>Fails if the given condition is not true.</doc>
<status status="PASS" start="2024-08-06T13:19:08.372785" elapsed="0.000143"/>
</kw>
<arg>${json_data["results"][0]["location"]["coordinates"]["latitude"]} &gt;= -90 and ${json_data["results"][0]["location"]["coordinates"]["latitude"]} &lt;= 90</arg>
<arg>Should Be True</arg>
<arg>${True}</arg>
<doc>Runs the given keyword with the given arguments, if ``condition`` is true.</doc>
<status status="PASS" start="2024-08-06T13:19:08.372039" elapsed="0.001016"/>
</kw>
<kw name="Run Keyword If" owner="BuiltIn">
<kw name="Should Be True" owner="BuiltIn">
<arg>${True}</arg>
<doc>Fails if the given condition is not true.</doc>
<status status="PASS" start="2024-08-06T13:19:08.373923" elapsed="0.000136"/>
</kw>
<arg>${json_data["results"][0]["location"]["coordinates"]["longitude"]} &gt;= -180 and ${json_data["results"][0]["location"]["coordinates"]["longitude"]} &lt;= 180</arg>
<arg>Should Be True</arg>
<arg>${True}</arg>
<doc>Runs the given keyword with the given arguments, if ``condition`` is true.</doc>
<status status="PASS" start="2024-08-06T13:19:08.373235" elapsed="0.000946"/>
</kw>
<status status="PASS" start="2024-08-06T13:19:08.263589" elapsed="0.110725"/>
</kw>
<doc>Testa o conteúdo específico dos campos retornados pela API.</doc>
<tag>testeConteudo</tag>
<status status="PASS" start="2024-08-06T13:19:08.263034" elapsed="0.111426"/>
</test>
<status status="PASS" start="2024-08-06T13:19:07.196515" elapsed="1.179945"/>
</suite>
<status status="PASS" start="2024-08-06T13:19:07.182093" elapsed="1.199444"/>
</suite>
<statistics>
<total>
<stat pass="5" fail="0" skip="0">All Tests</stat>
</total>
<tag>
<stat pass="1" fail="0" skip="0">testeConteudo</stat>
<stat pass="1" fail="0" skip="0">testeEstruturaResposta</stat>
<stat pass="1" fail="0" skip="0">testeRequisicaoBasica</stat>
<stat pass="1" fail="0" skip="0">testeTiposDados</stat>
</tag>
<suite>
<stat pass="5" fail="0" skip="0" id="s1" name="Tests">Tests</stat>
<stat pass="5" fail="0" skip="0" id="s1-s1" name="Random-User-Test">Tests.Random-User-Test</stat>
</suite>
</statistics>
<errors>
</errors>
</robot>
