<?xml version="1.0" encoding="UTF-8"?>
<robot generator="Robot 7.0.1 (Python 3.12.4 on linux)" generated="2024-08-10T11:12:42.157128" rpa="false" schemaversion="5">
<suite id="s1" name="Tests" source="/home/runner/work/ApiRandomUser/ApiRandomUser/RamdonUser/tests">
<suite id="s1-s1" name="Random-User-Test" source="/home/runner/work/ApiRandomUser/ApiRandomUser/RamdonUser/tests/random-user-test.robot">
<test id="s1-s1-t1" name="Conectar" line="13">
<kw name="Conectar API" owner="random-user-service">
<kw name="Create Session" owner="RequestsLibrary">
<msg time="2024-08-10T11:12:42.556679" level="INFO">Creating Session using : alias=consultarAPI, url=https://randomuser.me/, headers={},                     cookies={}, auth=None, timeout=None, proxies=None, verify=False,                     debug=0 </msg>
<arg>consultarAPI</arg>
<arg>${URL}</arg>
<doc>Create Session: create a HTTP session to a server</doc>
<status status="PASS" start="2024-08-10T11:12:42.556476" elapsed="0.000366"/>
</kw>
<status status="PASS" start="2024-08-10T11:12:42.555417" elapsed="0.001769"/>
</kw>
<status status="PASS" start="2024-08-10T11:12:42.554899" elapsed="0.002482"/>
</test>
<test id="s1-s1-t2" name="Validar retorno 200 e JSON Válido" line="16">
<kw name="Teste de Requisicao Basica" owner="random-user-service">
<kw name="GET On Session" owner="RequestsLibrary">
<msg time="2024-08-10T11:12:42.908787" level="INFO">GET Request : url=https://randomuser.me/api 
 path_url=/api 
 headers={'User-Agent': 'python-requests/2.32.3', 'Accept-Encoding': 'gzip, deflate', 'Accept': '*/*', 'Connection': 'keep-alive'} 
 body=None 
 </msg>
<msg time="2024-08-10T11:12:42.908963" level="INFO">GET Response : url=https://randomuser.me/api 
 status=200, reason=OK 
 headers={'Date': 'Sat, 10 Aug 2024 11:12:42 GMT', 'Content-Type': 'application/json; charset=utf-8', 'Transfer-Encoding': 'chunked', 'Connection': 'keep-alive', 'X-Powered-By': 'Express', 'Access-Control-Allow-Origin': '*', 'Cache-Control': 'no-cache', 'ETag': 'W/"48a-dau4H5XFD+LCYC6G7mUNWC0hj3A"', 'Vary': 'Accept-Encoding', 'Content-Encoding': 'gzip', 'CF-Cache-Status': 'DYNAMIC', 'Report-To': '{"endpoints":[{"url":"https:\\/\\/a.nel.cloudflare.com\\/report\\/v4?s=HJ5trV0wkn5FhWSlREDM08V%2Bsze%2FJZvVBrkjQ7UDZVtOnhY3dDC%2BtBIFVwGvJuUDEbpARHYQwWF3v6E4hnTqf6r6FYm7rJQK4AV716Y3pw3jNL%2F7CwDHKVA0%2FEeq9fWs"}],"group":"cf-nel","max_age":604800}', 'NEL': '{"success_fraction":0,"report_to":"cf-nel","max_age":604800}', 'Server': 'cloudflare', 'CF-RAY': '8b0f8d6b29332bab-ORD', 'alt-svc': 'h3=":443"; ma=86400'} 
 body={"results":[{"gender":"female","name":{"title":"Ms","first":"Nivalda","last":"Ribeiro"},"location":{"street":{"number":4518,"name":"Rua Santa Catarina "},"city":"Santa Luzia","state":"Minas Gerais","country":"Brazil","postcode":28519,"coordinates":{"latitude":"-77.5250","longitude":"61.1811"},"timezone":{"offset":"+3:30","description":"Tehran"}},"email":"nivalda.ribeiro@example.com","login":{"uuid":"bdc979c7-31c9-4e64-8764-06bdb415cfe4","username":"crazybear491","password":"hans","salt":"gXJ5AtFB","md5":"9b05ec40e2b2f01855fb88da0d1fd57b","sha1":"3520a2472effb805a888b28749ea85906bc4c2a6","sha256":"8d9583eb6ead4dba0b227024489adecea986dbcee509d1aee983b9576de16cc6"},"dob":{"date":"1987-02-11T14:48:31.360Z","age":37},"registered":{"date":"2018-11-21T10:49:43.704Z","age":5},"phone":"(21) 3799-3360","cell":"(72) 4409-8181","id":{"name":"CPF","value":"689.115.422-64"},"picture":{"large":"https://randomuser.me/api/portraits/women/72.jpg","medium":"https://randomuser.me/api/portraits/med/women/72.jpg","thumbnail":"https://randomuser.me/api/portraits/thumb/women/72.jpg"},"nat":"BR"}],"info":{"seed":"ef34a21238cbe762","results":1,"page":1,"version":"1.4"}} 
 </msg>
<msg time="2024-08-10T11:12:42.909058" level="INFO">/opt/hostedtoolcache/Python/3.12.4/x64/lib/python3.12/site-packages/urllib3/connectionpool.py:1099: InsecureRequestWarning: Unverified HTTPS request is being made to host 'randomuser.me'. Adding certificate verification is strongly advised. See: https://urllib3.readthedocs.io/en/latest/advanced-usage.html#tls-warnings
  warnings.warn(</msg>
<msg time="2024-08-10T11:12:42.909215" level="INFO">${response} = &lt;Response [200]&gt;</msg>
<var>${response}</var>
<arg>consultarAPI</arg>
<arg>/api</arg>
<doc>Sends a GET request on a previously created HTTP Session.</doc>
<status status="PASS" start="2024-08-10T11:12:42.559904" elapsed="0.349355"/>
</kw>
<kw name="Should Be Equal As Numbers" owner="BuiltIn">
<msg time="2024-08-10T11:12:42.910193" level="INFO">Argument types are:
&lt;class 'int'&gt;
&lt;class 'str'&gt;</msg>
<arg>${response.status_code}</arg>
<arg>200</arg>
<doc>Fails if objects are unequal after converting them to real numbers.</doc>
<status status="PASS" start="2024-08-10T11:12:42.909741" elapsed="0.000527"/>
</kw>
<kw name="Log" owner="BuiltIn">
<msg time="2024-08-10T11:12:42.910940" level="INFO">200</msg>
<arg>${response.status_code}</arg>
<doc>Logs the given message with the given level.</doc>
<status status="PASS" start="2024-08-10T11:12:42.910580" elapsed="0.000402"/>
</kw>
<kw name="Set Variable" owner="BuiltIn">
<msg time="2024-08-10T11:12:42.911705" level="INFO">${json_data} = {'results': [{'gender': 'female', 'name': {'title': 'Ms', 'first': 'Nivalda', 'last': 'Ribeiro'}, 'location': {'street': {'number': 4518, 'name': 'Rua Santa Catarina '}, 'city': 'Santa Luzia', 'state'...</msg>
<var>${json_data}</var>
<arg>${response.json()}</arg>
<doc>Returns the given values which can then be assigned to a variables.</doc>
<status status="PASS" start="2024-08-10T11:12:42.911282" elapsed="0.000452"/>
</kw>
<kw name="Dictionary Should Contain Key" owner="Collections">
<arg>${json_data}</arg>
<arg>results</arg>
<doc>Fails if ``key`` is not found from ``dictionary``.</doc>
<status status="PASS" start="2024-08-10T11:12:42.912031" elapsed="0.000361"/>
</kw>
<status status="PASS" start="2024-08-10T11:12:42.559661" elapsed="0.352888"/>
</kw>
<doc>Testa se a API responde corretamente e retorna um objeto JSON válido.</doc>
<tag>testeRequisicaoBasica</tag>
<status status="PASS" start="2024-08-10T11:12:42.559208" elapsed="0.353508"/>
</test>
<test id="s1-s1-t3" name="Validar estrutura de resposta" line="22">
<kw name="Teste de Estrutura de Resposta" owner="random-user-service">
<kw name="GET On Session" owner="RequestsLibrary">
<msg time="2024-08-10T11:12:42.970560" level="INFO">GET Request : url=https://randomuser.me/api 
 path_url=/api 
 headers={'User-Agent': 'python-requests/2.32.3', 'Accept-Encoding': 'gzip, deflate', 'Accept': '*/*', 'Connection': 'keep-alive'} 
 body=None 
 </msg>
<msg time="2024-08-10T11:12:42.970664" level="INFO">GET Response : url=https://randomuser.me/api 
 status=200, reason=OK 
 headers={'Date': 'Sat, 10 Aug 2024 11:12:42 GMT', 'Content-Type': 'application/json; charset=utf-8', 'Transfer-Encoding': 'chunked', 'Connection': 'keep-alive', 'X-Powered-By': 'Express', 'Access-Control-Allow-Origin': '*', 'Cache-Control': 'no-cache', 'ETag': 'W/"498-DbXiJXosioNcW/VtjDFbQC0D450"', 'Vary': 'Accept-Encoding', 'Content-Encoding': 'gzip', 'CF-Cache-Status': 'DYNAMIC', 'Report-To': '{"endpoints":[{"url":"https:\\/\\/a.nel.cloudflare.com\\/report\\/v4?s=mFwKWmKX29EROYc6%2FdSNaCJhsv9%2FnUt%2BSehqN219GXh9bzqFrTritpZa2PDy6D3yK3AhrgjZDyWx1rxPrcG7H4DWwLv%2F47XRMJloKdewUO%2BHJdXI6IPi6vKRv3%2F%2FWNyF"}],"group":"cf-nel","max_age":604800}', 'NEL': '{"success_fraction":0,"report_to":"cf-nel","max_age":604800}', 'Server': 'cloudflare', 'CF-RAY': '8b0f8d6c3a352bab-ORD', 'alt-svc': 'h3=":443"; ma=86400'} 
 body={"results":[{"gender":"female","name":{"title":"Mrs","first":"Kate","last":"Wright"},"location":{"street":{"number":8730,"name":"Worcester Street"},"city":"Upper Hutt","state":"Waikato","country":"New Zealand","postcode":38982,"coordinates":{"latitude":"48.9562","longitude":"118.8839"},"timezone":{"offset":"-6:00","description":"Central Time (US &amp; Canada), Mexico City"}},"email":"kate.wright@example.com","login":{"uuid":"8f53dfdd-5343-4521-ad3e-798b45682529","username":"whiteladybug654","password":"coldplay","salt":"ltpxkgiZ","md5":"50a0a35edabe289efe19deda1d586836","sha1":"d204e498a85336e9a36180abb63d171e7b397b71","sha256":"b50c982fca01c1f990a3095c829adf81ed3220404947a172ad9ff1a2dc38d4e8"},"dob":{"date":"1973-10-31T14:37:09.276Z","age":50},"registered":{"date":"2016-09-02T03:10:09.024Z","age":7},"phone":"(345)-131-5006","cell":"(749)-892-5003","id":{"name":"","value":null},"picture":{"large":"https://randomuser.me/api/portraits/women/25.jpg","medium":"https://randomuser.me/api/portraits/med/women/25.jpg","thumbnail":"https://randomuser.me/api/portraits/thumb/women/25.jpg"},"nat":"NZ"}],"info":{"seed":"81eea990d2ace146","results":1,"page":1,"version":"1.4"}} 
 </msg>
<msg time="2024-08-10T11:12:42.970809" level="INFO">/opt/hostedtoolcache/Python/3.12.4/x64/lib/python3.12/site-packages/urllib3/connectionpool.py:1099: InsecureRequestWarning: Unverified HTTPS request is being made to host 'randomuser.me'. Adding certificate verification is strongly advised. See: https://urllib3.readthedocs.io/en/latest/advanced-usage.html#tls-warnings
  warnings.warn(</msg>
<msg time="2024-08-10T11:12:42.970979" level="INFO">${response} = &lt;Response [200]&gt;</msg>
<var>${response}</var>
<arg>consultarAPI</arg>
<arg>/api</arg>
<doc>Sends a GET request on a previously created HTTP Session.</doc>
<status status="PASS" start="2024-08-10T11:12:42.915234" elapsed="0.055804"/>
</kw>
<kw name="Set Variable" owner="BuiltIn">
<msg time="2024-08-10T11:12:42.971961" level="INFO">${json_data} = {'results': [{'gender': 'female', 'name': {'title': 'Mrs', 'first': 'Kate', 'last': 'Wright'}, 'location': {'street': {'number': 8730, 'name': 'Worcester Street'}, 'city': 'Upper Hutt', 'state': 'Waik...</msg>
<var>${json_data}</var>
<arg>${response.json()}</arg>
<doc>Returns the given values which can then be assigned to a variables.</doc>
<status status="PASS" start="2024-08-10T11:12:42.971476" elapsed="0.000513"/>
</kw>
<kw name="Log" owner="BuiltIn">
<msg time="2024-08-10T11:12:42.972503" level="INFO">{'results': [{'gender': 'female', 'name': {'title': 'Mrs', 'first': 'Kate', 'last': 'Wright'}, 'location': {'street': {'number': 8730, 'name': 'Worcester Street'}, 'city': 'Upper Hutt', 'state': 'Waikato', 'country': 'New Zealand', 'postcode': 38982, 'coordinates': {'latitude': '48.9562', 'longitude': '118.8839'}, 'timezone': {'offset': '-6:00', 'description': 'Central Time (US &amp; Canada), Mexico City'}}, 'email': 'kate.wright@example.com', 'login': {'uuid': '8f53dfdd-5343-4521-ad3e-798b45682529', 'username': 'whiteladybug654', 'password': 'coldplay', 'salt': 'ltpxkgiZ', 'md5': '50a0a35edabe289efe19deda1d586836', 'sha1': 'd204e498a85336e9a36180abb63d171e7b397b71', 'sha256': 'b50c982fca01c1f990a3095c829adf81ed3220404947a172ad9ff1a2dc38d4e8'}, 'dob': {'date': '1973-10-31T14:37:09.276Z', 'age': 50}, 'registered': {'date': '2016-09-02T03:10:09.024Z', 'age': 7}, 'phone': '(345)-131-5006', 'cell': '(749)-892-5003', 'id': {'name': '', 'value': None}, 'picture': {'large': 'https://randomuser.me/api/portraits/women/25.jpg', 'medium': 'https://randomuser.me/api/portraits/med/women/25.jpg', 'thumbnail': 'https://randomuser.me/api/portraits/thumb/women/25.jpg'}, 'nat': 'NZ'}], 'info': {'seed': '81eea990d2ace146', 'results': 1, 'page': 1, 'version': '1.4'}}</msg>
<arg>${json_data}</arg>
<doc>Logs the given message with the given level.</doc>
<status status="PASS" start="2024-08-10T11:12:42.972344" elapsed="0.000207"/>
</kw>
<kw name="Dictionary Should Contain Key" owner="Collections">
<arg>${json_data}</arg>
<arg>results</arg>
<doc>Fails if ``key`` is not found from ``dictionary``.</doc>
<status status="PASS" start="2024-08-10T11:12:42.972856" elapsed="0.000182"/>
</kw>
<kw name="Should Not Be Empty" owner="BuiltIn">
<msg time="2024-08-10T11:12:42.973345" level="INFO">Length is 2.</msg>
<arg>${json_data}</arg>
<doc>Verifies that the given item is not empty.</doc>
<status status="PASS" start="2024-08-10T11:12:42.973222" elapsed="0.000161"/>
</kw>
<kw name="Create List" owner="BuiltIn">
<msg time="2024-08-10T11:12:42.973816" level="INFO">${expected_keys} = ['gender', 'name', 'location', 'email', 'login']</msg>
<var>${expected_keys}</var>
<arg>gender</arg>
<arg>name</arg>
<arg>location</arg>
<arg>email</arg>
<arg>login</arg>
<doc>Returns a list containing given items.</doc>
<status status="PASS" start="2024-08-10T11:12:42.973670" elapsed="0.000170"/>
</kw>
<for flavor="IN">
<iter>
<kw name="Dictionary Should Contain Key" owner="Collections">
<arg>${json_data['results'][0]}</arg>
<arg>${key}</arg>
<doc>Fails if ``key`` is not found from ``dictionary``.</doc>
<status status="PASS" start="2024-08-10T11:12:42.974418" elapsed="0.000401"/>
</kw>
<kw name="Log" owner="BuiltIn">
<msg time="2024-08-10T11:12:42.975363" level="INFO">{'gender': 'female', 'name': {'title': 'Mrs', 'first': 'Kate', 'last': 'Wright'}, 'location': {'street': {'number': 8730, 'name': 'Worcester Street'}, 'city': 'Upper Hutt', 'state': 'Waikato', 'country': 'New Zealand', 'postcode': 38982, 'coordinates': {'latitude': '48.9562', 'longitude': '118.8839'}, 'timezone': {'offset': '-6:00', 'description': 'Central Time (US &amp; Canada), Mexico City'}}, 'email': 'kate.wright@example.com', 'login': {'uuid': '8f53dfdd-5343-4521-ad3e-798b45682529', 'username': 'whiteladybug654', 'password': 'coldplay', 'salt': 'ltpxkgiZ', 'md5': '50a0a35edabe289efe19deda1d586836', 'sha1': 'd204e498a85336e9a36180abb63d171e7b397b71', 'sha256': 'b50c982fca01c1f990a3095c829adf81ed3220404947a172ad9ff1a2dc38d4e8'}, 'dob': {'date': '1973-10-31T14:37:09.276Z', 'age': 50}, 'registered': {'date': '2016-09-02T03:10:09.024Z', 'age': 7}, 'phone': '(345)-131-5006', 'cell': '(749)-892-5003', 'id': {'name': '', 'value': None}, 'picture': {'large': 'https://randomuser.me/api/portraits/women/25.jpg', 'medium': 'https://randomuser.me/api/portraits/med/women/25.jpg', 'thumbnail': 'https://randomuser.me/api/portraits/thumb/women/25.jpg'}, 'nat': 'NZ'}</msg>
<arg>${json_data['results'][0]}</arg>
<doc>Logs the given message with the given level.</doc>
<status status="PASS" start="2024-08-10T11:12:42.975007" elapsed="0.000406"/>
</kw>
<kw name="Log" owner="BuiltIn">
<msg time="2024-08-10T11:12:42.975837" level="INFO">gender</msg>
<arg>${key}</arg>
<doc>Logs the given message with the given level.</doc>
<status status="PASS" start="2024-08-10T11:12:42.975708" elapsed="0.000167"/>
</kw>
<var name="${key}">gender</var>
<status status="PASS" start="2024-08-10T11:12:42.974294" elapsed="0.001796"/>
</iter>
<iter>
<kw name="Dictionary Should Contain Key" owner="Collections">
<arg>${json_data['results'][0]}</arg>
<arg>${key}</arg>
<doc>Fails if ``key`` is not found from ``dictionary``.</doc>
<status status="PASS" start="2024-08-10T11:12:42.976429" elapsed="0.000392"/>
</kw>
<kw name="Log" owner="BuiltIn">
<msg time="2024-08-10T11:12:42.977387" level="INFO">{'gender': 'female', 'name': {'title': 'Mrs', 'first': 'Kate', 'last': 'Wright'}, 'location': {'street': {'number': 8730, 'name': 'Worcester Street'}, 'city': 'Upper Hutt', 'state': 'Waikato', 'country': 'New Zealand', 'postcode': 38982, 'coordinates': {'latitude': '48.9562', 'longitude': '118.8839'}, 'timezone': {'offset': '-6:00', 'description': 'Central Time (US &amp; Canada), Mexico City'}}, 'email': 'kate.wright@example.com', 'login': {'uuid': '8f53dfdd-5343-4521-ad3e-798b45682529', 'username': 'whiteladybug654', 'password': 'coldplay', 'salt': 'ltpxkgiZ', 'md5': '50a0a35edabe289efe19deda1d586836', 'sha1': 'd204e498a85336e9a36180abb63d171e7b397b71', 'sha256': 'b50c982fca01c1f990a3095c829adf81ed3220404947a172ad9ff1a2dc38d4e8'}, 'dob': {'date': '1973-10-31T14:37:09.276Z', 'age': 50}, 'registered': {'date': '2016-09-02T03:10:09.024Z', 'age': 7}, 'phone': '(345)-131-5006', 'cell': '(749)-892-5003', 'id': {'name': '', 'value': None}, 'picture': {'large': 'https://randomuser.me/api/portraits/women/25.jpg', 'medium': 'https://randomuser.me/api/portraits/med/women/25.jpg', 'thumbnail': 'https://randomuser.me/api/portraits/thumb/women/25.jpg'}, 'nat': 'NZ'}</msg>
<arg>${json_data['results'][0]}</arg>
<doc>Logs the given message with the given level.</doc>
<status status="PASS" start="2024-08-10T11:12:42.977001" elapsed="0.000435"/>
</kw>
<kw name="Log" owner="BuiltIn">
<msg time="2024-08-10T11:12:42.977859" level="INFO">name</msg>
<arg>${key}</arg>
<doc>Logs the given message with the given level.</doc>
<status status="PASS" start="2024-08-10T11:12:42.977731" elapsed="0.000165"/>
</kw>
<var name="${key}">name</var>
<status status="PASS" start="2024-08-10T11:12:42.976296" elapsed="0.001815"/>
</iter>
<iter>
<kw name="Dictionary Should Contain Key" owner="Collections">
<arg>${json_data['results'][0]}</arg>
<arg>${key}</arg>
<doc>Fails if ``key`` is not found from ``dictionary``.</doc>
<status status="PASS" start="2024-08-10T11:12:42.978395" elapsed="0.000375"/>
</kw>
<kw name="Log" owner="BuiltIn">
<msg time="2024-08-10T11:12:42.979304" level="INFO">{'gender': 'female', 'name': {'title': 'Mrs', 'first': 'Kate', 'last': 'Wright'}, 'location': {'street': {'number': 8730, 'name': 'Worcester Street'}, 'city': 'Upper Hutt', 'state': 'Waikato', 'country': 'New Zealand', 'postcode': 38982, 'coordinates': {'latitude': '48.9562', 'longitude': '118.8839'}, 'timezone': {'offset': '-6:00', 'description': 'Central Time (US &amp; Canada), Mexico City'}}, 'email': 'kate.wright@example.com', 'login': {'uuid': '8f53dfdd-5343-4521-ad3e-798b45682529', 'username': 'whiteladybug654', 'password': 'coldplay', 'salt': 'ltpxkgiZ', 'md5': '50a0a35edabe289efe19deda1d586836', 'sha1': 'd204e498a85336e9a36180abb63d171e7b397b71', 'sha256': 'b50c982fca01c1f990a3095c829adf81ed3220404947a172ad9ff1a2dc38d4e8'}, 'dob': {'date': '1973-10-31T14:37:09.276Z', 'age': 50}, 'registered': {'date': '2016-09-02T03:10:09.024Z', 'age': 7}, 'phone': '(345)-131-5006', 'cell': '(749)-892-5003', 'id': {'name': '', 'value': None}, 'picture': {'large': 'https://randomuser.me/api/portraits/women/25.jpg', 'medium': 'https://randomuser.me/api/portraits/med/women/25.jpg', 'thumbnail': 'https://randomuser.me/api/portraits/thumb/women/25.jpg'}, 'nat': 'NZ'}</msg>
<arg>${json_data['results'][0]}</arg>
<doc>Logs the given message with the given level.</doc>
<status status="PASS" start="2024-08-10T11:12:42.978954" elapsed="0.000398"/>
</kw>
<kw name="Log" owner="BuiltIn">
<msg time="2024-08-10T11:12:42.979788" level="INFO">location</msg>
<arg>${key}</arg>
<doc>Logs the given message with the given level.</doc>
<status status="PASS" start="2024-08-10T11:12:42.979658" elapsed="0.000167"/>
</kw>
<var name="${key}">location</var>
<status status="PASS" start="2024-08-10T11:12:42.978285" elapsed="0.001763"/>
</iter>
<iter>
<kw name="Dictionary Should Contain Key" owner="Collections">
<arg>${json_data['results'][0]}</arg>
<arg>${key}</arg>
<doc>Fails if ``key`` is not found from ``dictionary``.</doc>
<status status="PASS" start="2024-08-10T11:12:42.980380" elapsed="0.000392"/>
</kw>
<kw name="Log" owner="BuiltIn">
<msg time="2024-08-10T11:12:42.981419" level="INFO">{'gender': 'female', 'name': {'title': 'Mrs', 'first': 'Kate', 'last': 'Wright'}, 'location': {'street': {'number': 8730, 'name': 'Worcester Street'}, 'city': 'Upper Hutt', 'state': 'Waikato', 'country': 'New Zealand', 'postcode': 38982, 'coordinates': {'latitude': '48.9562', 'longitude': '118.8839'}, 'timezone': {'offset': '-6:00', 'description': 'Central Time (US &amp; Canada), Mexico City'}}, 'email': 'kate.wright@example.com', 'login': {'uuid': '8f53dfdd-5343-4521-ad3e-798b45682529', 'username': 'whiteladybug654', 'password': 'coldplay', 'salt': 'ltpxkgiZ', 'md5': '50a0a35edabe289efe19deda1d586836', 'sha1': 'd204e498a85336e9a36180abb63d171e7b397b71', 'sha256': 'b50c982fca01c1f990a3095c829adf81ed3220404947a172ad9ff1a2dc38d4e8'}, 'dob': {'date': '1973-10-31T14:37:09.276Z', 'age': 50}, 'registered': {'date': '2016-09-02T03:10:09.024Z', 'age': 7}, 'phone': '(345)-131-5006', 'cell': '(749)-892-5003', 'id': {'name': '', 'value': None}, 'picture': {'large': 'https://randomuser.me/api/portraits/women/25.jpg', 'medium': 'https://randomuser.me/api/portraits/med/women/25.jpg', 'thumbnail': 'https://randomuser.me/api/portraits/thumb/women/25.jpg'}, 'nat': 'NZ'}</msg>
<arg>${json_data['results'][0]}</arg>
<doc>Logs the given message with the given level.</doc>
<status status="PASS" start="2024-08-10T11:12:42.981067" elapsed="0.000410"/>
</kw>
<kw name="Log" owner="BuiltIn">
<msg time="2024-08-10T11:12:42.981903" level="INFO">email</msg>
<arg>${key}</arg>
<doc>Logs the given message with the given level.</doc>
<status status="PASS" start="2024-08-10T11:12:42.981773" elapsed="0.000168"/>
</kw>
<var name="${key}">email</var>
<status status="PASS" start="2024-08-10T11:12:42.980261" elapsed="0.001895"/>
</iter>
<iter>
<kw name="Dictionary Should Contain Key" owner="Collections">
<arg>${json_data['results'][0]}</arg>
<arg>${key}</arg>
<doc>Fails if ``key`` is not found from ``dictionary``.</doc>
<status status="PASS" start="2024-08-10T11:12:42.982440" elapsed="0.000374"/>
</kw>
<kw name="Log" owner="BuiltIn">
<msg time="2024-08-10T11:12:42.983336" level="INFO">{'gender': 'female', 'name': {'title': 'Mrs', 'first': 'Kate', 'last': 'Wright'}, 'location': {'street': {'number': 8730, 'name': 'Worcester Street'}, 'city': 'Upper Hutt', 'state': 'Waikato', 'country': 'New Zealand', 'postcode': 38982, 'coordinates': {'latitude': '48.9562', 'longitude': '118.8839'}, 'timezone': {'offset': '-6:00', 'description': 'Central Time (US &amp; Canada), Mexico City'}}, 'email': 'kate.wright@example.com', 'login': {'uuid': '8f53dfdd-5343-4521-ad3e-798b45682529', 'username': 'whiteladybug654', 'password': 'coldplay', 'salt': 'ltpxkgiZ', 'md5': '50a0a35edabe289efe19deda1d586836', 'sha1': 'd204e498a85336e9a36180abb63d171e7b397b71', 'sha256': 'b50c982fca01c1f990a3095c829adf81ed3220404947a172ad9ff1a2dc38d4e8'}, 'dob': {'date': '1973-10-31T14:37:09.276Z', 'age': 50}, 'registered': {'date': '2016-09-02T03:10:09.024Z', 'age': 7}, 'phone': '(345)-131-5006', 'cell': '(749)-892-5003', 'id': {'name': '', 'value': None}, 'picture': {'large': 'https://randomuser.me/api/portraits/women/25.jpg', 'medium': 'https://randomuser.me/api/portraits/med/women/25.jpg', 'thumbnail': 'https://randomuser.me/api/portraits/thumb/women/25.jpg'}, 'nat': 'NZ'}</msg>
<arg>${json_data['results'][0]}</arg>
<doc>Logs the given message with the given level.</doc>
<status status="PASS" start="2024-08-10T11:12:42.982994" elapsed="0.000399"/>
</kw>
<kw name="Log" owner="BuiltIn">
<msg time="2024-08-10T11:12:42.983808" level="INFO">login</msg>
<arg>${key}</arg>
<doc>Logs the given message with the given level.</doc>
<status status="PASS" start="2024-08-10T11:12:42.983681" elapsed="0.000163"/>
</kw>
<var name="${key}">login</var>
<status status="PASS" start="2024-08-10T11:12:42.982331" elapsed="0.001729"/>
</iter>
<var>${key}</var>
<value>@{expected_keys}</value>
<status status="PASS" start="2024-08-10T11:12:42.974102" elapsed="0.010077"/>
</for>
<kw name="Create List" owner="BuiltIn">
<msg time="2024-08-10T11:12:42.984577" level="INFO">${expected_keysTwo} = ['username', 'password']</msg>
<var>${expected_keysTwo}</var>
<arg>username</arg>
<arg>password</arg>
<doc>Returns a list containing given items.</doc>
<status status="PASS" start="2024-08-10T11:12:42.984438" elapsed="0.000162"/>
</kw>
<for flavor="IN">
<iter>
<kw name="Dictionary Should Contain Key" owner="Collections">
<arg>${json_data['results'][0]['login']}</arg>
<arg>${keyTwo}</arg>
<doc>Fails if ``key`` is not found from ``dictionary``.</doc>
<status status="PASS" start="2024-08-10T11:12:42.985090" elapsed="0.000395"/>
</kw>
<kw name="Dictionary Should Contain Key" owner="Collections">
<arg>${json_data['results'][0]['login']}</arg>
<arg>${keyTwo}</arg>
<doc>Fails if ``key`` is not found from ``dictionary``.</doc>
<status status="PASS" start="2024-08-10T11:12:42.985666" elapsed="0.000370"/>
</kw>
<kw name="Log" owner="BuiltIn">
<msg time="2024-08-10T11:12:42.986327" level="INFO">username</msg>
<arg>${keyTwo}</arg>
<doc>Logs the given message with the given level.</doc>
<status status="PASS" start="2024-08-10T11:12:42.986210" elapsed="0.000154"/>
</kw>
<var name="${keyTwo}">username</var>
<status status="PASS" start="2024-08-10T11:12:42.984984" elapsed="0.001595"/>
</iter>
<iter>
<kw name="Dictionary Should Contain Key" owner="Collections">
<arg>${json_data['results'][0]['login']}</arg>
<arg>${keyTwo}</arg>
<doc>Fails if ``key`` is not found from ``dictionary``.</doc>
<status status="PASS" start="2024-08-10T11:12:42.986858" elapsed="0.000391"/>
</kw>
<kw name="Dictionary Should Contain Key" owner="Collections">
<arg>${json_data['results'][0]['login']}</arg>
<arg>${keyTwo}</arg>
<doc>Fails if ``key`` is not found from ``dictionary``.</doc>
<status status="PASS" start="2024-08-10T11:12:42.987427" elapsed="0.000368"/>
</kw>
<kw name="Log" owner="BuiltIn">
<msg time="2024-08-10T11:12:42.988088" level="INFO">password</msg>
<arg>${keyTwo}</arg>
<doc>Logs the given message with the given level.</doc>
<status status="PASS" start="2024-08-10T11:12:42.987971" elapsed="0.000154"/>
</kw>
<var name="${keyTwo}">password</var>
<status status="PASS" start="2024-08-10T11:12:42.986752" elapsed="0.001662"/>
</iter>
<var>${keyTwo}</var>
<value>@{expected_keysTwo}</value>
<status status="PASS" start="2024-08-10T11:12:42.984835" elapsed="0.003701"/>
</for>
<status status="PASS" start="2024-08-10T11:12:42.915000" elapsed="0.073677"/>
</kw>
<doc>Testa a estrutura da resposta da API.</doc>
<tag>testeEstruturaResposta</tag>
<status status="PASS" start="2024-08-10T11:12:42.914493" elapsed="0.074337"/>
</test>
<test id="s1-s1-t4" name="Validar tipos de dados" line="28">
<kw name="Teste de Tipos de Dados" owner="random-user-service">
<kw name="GET On Session" owner="RequestsLibrary">
<msg time="2024-08-10T11:12:43.053081" level="INFO">GET Request : url=https://randomuser.me/api 
 path_url=/api 
 headers={'User-Agent': 'python-requests/2.32.3', 'Accept-Encoding': 'gzip, deflate', 'Accept': '*/*', 'Connection': 'keep-alive'} 
 body=None 
 </msg>
<msg time="2024-08-10T11:12:43.053180" level="INFO">GET Response : url=https://randomuser.me/api 
 status=200, reason=OK 
 headers={'Date': 'Sat, 10 Aug 2024 11:12:43 GMT', 'Content-Type': 'application/json; charset=utf-8', 'Transfer-Encoding': 'chunked', 'Connection': 'keep-alive', 'X-Powered-By': 'Express', 'Access-Control-Allow-Origin': '*', 'Cache-Control': 'no-cache', 'ETag': 'W/"4ae-4wPsW9x1osYGMvgDQOIXyziG6o4"', 'Vary': 'Accept-Encoding', 'Content-Encoding': 'gzip', 'CF-Cache-Status': 'DYNAMIC', 'Report-To': '{"endpoints":[{"url":"https:\\/\\/a.nel.cloudflare.com\\/report\\/v4?s=SGkI6G6aGRKPrM9%2B%2FeXeorSieFef5KrJAeTukRY5AWw%2FUZiAlwDkzmDAhwoozJeo8k9YeFjw69uf3eGfgMqC1bFCNVCOBpF0UA3D9pFnYmBSqjhVzMpM6T9jOWlj%2FFhF"}],"group":"cf-nel","max_age":604800}', 'NEL': '{"success_fraction":0,"report_to":"cf-nel","max_age":604800}', 'Server': 'cloudflare', 'CF-RAY': '8b0f8d6cba772bab-ORD', 'alt-svc': 'h3=":443"; ma=86400'} 
 body={"results":[{"gender":"female","name":{"title":"Mrs","first":"Alice","last":"Faure"},"location":{"street":{"number":3312,"name":"Quai Charles-De-Gaulle"},"city":"Lille","state":"Seine-Maritime","country":"France","postcode":64211,"coordinates":{"latitude":"-18.0274","longitude":"69.6943"},"timezone":{"offset":"+9:00","description":"Tokyo, Seoul, Osaka, Sapporo, Yakutsk"}},"email":"alice.faure@example.com","login":{"uuid":"046d546d-95f8-48cb-a969-16144b9a9330","username":"organicbutterfly447","password":"hallo","salt":"t0GIVU5M","md5":"e545b5af0e5d432c522675624b5a8cdf","sha1":"be92ec7eb2746044f9a6a3fa02e8a6b2f9e48be8","sha256":"672daee386d5658f9bd45056f7c53d6b8fd2da18d46fd136b1916e1a0c3e3df0"},"dob":{"date":"1950-06-08T08:31:00.671Z","age":74},"registered":{"date":"2008-05-08T16:11:10.575Z","age":16},"phone":"04-56-52-20-69","cell":"06-93-45-48-51","id":{"name":"INSEE","value":"2500533167654 93"},"picture":{"large":"https://randomuser.me/api/portraits/women/30.jpg","medium":"https://randomuser.me/api/portraits/med/women/30.jpg","thumbnail":"https://randomuser.me/api/portraits/thumb/women/30.jpg"},"nat":"FR"}],"info":{"seed":"a2678b307ee40c13","results":1,"page":1,"version":"1.4"}} 
 </msg>
<msg time="2024-08-10T11:12:43.053256" level="INFO">/opt/hostedtoolcache/Python/3.12.4/x64/lib/python3.12/site-packages/urllib3/connectionpool.py:1099: InsecureRequestWarning: Unverified HTTPS request is being made to host 'randomuser.me'. Adding certificate verification is strongly advised. See: https://urllib3.readthedocs.io/en/latest/advanced-usage.html#tls-warnings
  warnings.warn(</msg>
<msg time="2024-08-10T11:12:43.053388" level="INFO">${response} = &lt;Response [200]&gt;</msg>
<var>${response}</var>
<arg>consultarAPI</arg>
<arg>/api</arg>
<doc>Sends a GET request on a previously created HTTP Session.</doc>
<status status="PASS" start="2024-08-10T11:12:42.991251" elapsed="0.062178"/>
</kw>
<kw name="Set Variable" owner="BuiltIn">
<msg time="2024-08-10T11:12:43.054409" level="INFO">${json_data} = {'results': [{'gender': 'female', 'name': {'title': 'Mrs', 'first': 'Alice', 'last': 'Faure'}, 'location': {'street': {'number': 3312, 'name': 'Quai Charles-De-Gaulle'}, 'city': 'Lille', 'state': 'Sei...</msg>
<var>${json_data}</var>
<arg>${response.json()}</arg>
<doc>Returns the given values which can then be assigned to a variables.</doc>
<status status="PASS" start="2024-08-10T11:12:43.053913" elapsed="0.000524"/>
</kw>
<kw name="Log" owner="BuiltIn">
<msg time="2024-08-10T11:12:43.054899" level="INFO">{'results': [{'gender': 'female', 'name': {'title': 'Mrs', 'first': 'Alice', 'last': 'Faure'}, 'location': {'street': {'number': 3312, 'name': 'Quai Charles-De-Gaulle'}, 'city': 'Lille', 'state': 'Seine-Maritime', 'country': 'France', 'postcode': 64211, 'coordinates': {'latitude': '-18.0274', 'longitude': '69.6943'}, 'timezone': {'offset': '+9:00', 'description': 'Tokyo, Seoul, Osaka, Sapporo, Yakutsk'}}, 'email': 'alice.faure@example.com', 'login': {'uuid': '046d546d-95f8-48cb-a969-16144b9a9330', 'username': 'organicbutterfly447', 'password': 'hallo', 'salt': 't0GIVU5M', 'md5': 'e545b5af0e5d432c522675624b5a8cdf', 'sha1': 'be92ec7eb2746044f9a6a3fa02e8a6b2f9e48be8', 'sha256': '672daee386d5658f9bd45056f7c53d6b8fd2da18d46fd136b1916e1a0c3e3df0'}, 'dob': {'date': '1950-06-08T08:31:00.671Z', 'age': 74}, 'registered': {'date': '2008-05-08T16:11:10.575Z', 'age': 16}, 'phone': '04-56-52-20-69', 'cell': '06-93-45-48-51', 'id': {'name': 'INSEE', 'value': '2500533167654 93'}, 'picture': {'large': 'https://randomuser.me/api/portraits/women/30.jpg', 'medium': 'https://randomuser.me/api/portraits/med/women/30.jpg', 'thumbnail': 'https://randomuser.me/api/portraits/thumb/women/30.jpg'}, 'nat': 'FR'}], 'info': {'seed': 'a2678b307ee40c13', 'results': 1, 'page': 1, 'version': '1.4'}}</msg>
<arg>${json_data}</arg>
<doc>Logs the given message with the given level.</doc>
<status status="PASS" start="2024-08-10T11:12:43.054744" elapsed="0.000208"/>
</kw>
<kw name="Should Be String" owner="String">
<arg>${json_data['results'][0]['gender']}</arg>
<doc>Fails if the given ``item`` is not a string.</doc>
<status status="PASS" start="2024-08-10T11:12:43.055240" elapsed="0.000366"/>
</kw>
<kw name="Should Match Regexp" owner="BuiltIn">
<arg>${json_data['results'][0]['email']}</arg>
<arg>^[a-zA-Z0-9._%+-]+@[a-zA-Z0-9.-]+\.[a-zA-Z]{2,}$</arg>
<doc>Fails if ``string`` does not match ``pattern`` as a regular expression.</doc>
<status status="PASS" start="2024-08-10T11:12:43.055834" elapsed="0.000567"/>
</kw>
<kw name="Should Match Regexp" owner="BuiltIn">
<arg>${json_data['results'][0]['dob']['date']}</arg>
<arg>\\d{4}-\\d{2}-\\d{2}T\\d{2}:\\d{2}:\\d{2}\\.\\d{3}Z</arg>
<doc>Fails if ``string`` does not match ``pattern`` as a regular expression.</doc>
<status status="PASS" start="2024-08-10T11:12:43.056600" elapsed="0.000663"/>
</kw>
<kw name="Should Match Regexp" owner="BuiltIn">
<arg>${json_data['results'][0]['registered']['date']}</arg>
<arg>\\d{4}-\\d{2}-\\d{2}T\\d{2}:\\d{2}:\\d{2}\\.\\d{3}Z</arg>
<doc>Fails if ``string`` does not match ``pattern`` as a regular expression.</doc>
<status status="PASS" start="2024-08-10T11:12:43.057463" elapsed="0.000375"/>
</kw>
<kw name="Should Match Regexp" owner="BuiltIn">
<arg>${json_data['results'][0]['picture']['large']}</arg>
<arg>^https?://.*\.(?:png|jpe?g|gif|bmp)$</arg>
<doc>Fails if ``string`` does not match ``pattern`` as a regular expression.</doc>
<status status="PASS" start="2024-08-10T11:12:43.058026" elapsed="0.000475"/>
</kw>
<kw name="Should Match Regexp" owner="BuiltIn">
<arg>${json_data['results'][0]['picture']['medium']}</arg>
<arg>^https?://.*\.(?:png|jpe?g|gif|bmp)$</arg>
<doc>Fails if ``string`` does not match ``pattern`` as a regular expression.</doc>
<status status="PASS" start="2024-08-10T11:12:43.058705" elapsed="0.000365"/>
</kw>
<kw name="Should Match Regexp" owner="BuiltIn">
<arg>${json_data['results'][0]['picture']['thumbnail']}</arg>
<arg>^https?://.*\.(?:png|jpe?g|gif|bmp)$</arg>
<doc>Fails if ``string`` does not match ``pattern`` as a regular expression.</doc>
<status status="PASS" start="2024-08-10T11:12:43.059252" elapsed="0.000348"/>
</kw>
<kw name="Log" owner="BuiltIn">
<msg time="2024-08-10T11:12:43.060103" level="INFO">{'large': 'https://randomuser.me/api/portraits/women/30.jpg', 'medium': 'https://randomuser.me/api/portraits/med/women/30.jpg', 'thumbnail': 'https://randomuser.me/api/portraits/thumb/women/30.jpg'}</msg>
<arg>${json_data['results'][0]['picture']}</arg>
<doc>Logs the given message with the given level.</doc>
<status status="PASS" start="2024-08-10T11:12:43.059781" elapsed="0.000364"/>
</kw>
<status status="PASS" start="2024-08-10T11:12:42.991030" elapsed="0.069401"/>
</kw>
<kw name="Teste de Tipos de Dados - Postcode" owner="random-user-service">
<kw name="GET On Session" owner="RequestsLibrary">
<msg time="2024-08-10T11:12:43.158190" level="INFO">GET Request : url=https://randomuser.me/api 
 path_url=/api 
 headers={'User-Agent': 'python-requests/2.32.3', 'Accept-Encoding': 'gzip, deflate', 'Accept': '*/*', 'Connection': 'keep-alive'} 
 body=None 
 </msg>
<msg time="2024-08-10T11:12:43.158281" level="INFO">GET Response : url=https://randomuser.me/api 
 status=200, reason=OK 
 headers={'Date': 'Sat, 10 Aug 2024 11:12:43 GMT', 'Content-Type': 'application/json; charset=utf-8', 'Transfer-Encoding': 'chunked', 'Connection': 'keep-alive', 'X-Powered-By': 'Express', 'Access-Control-Allow-Origin': '*', 'Cache-Control': 'no-cache', 'ETag': 'W/"4a6-GdtWAdDN5/WH6HUL/UPkyEPl8nM"', 'Vary': 'Accept-Encoding', 'Content-Encoding': 'gzip', 'CF-Cache-Status': 'DYNAMIC', 'Report-To': '{"endpoints":[{"url":"https:\\/\\/a.nel.cloudflare.com\\/report\\/v4?s=Q1BiDpTkabCwAIadCThDQISAI2hb4ZcW77FFxMin8NCk7NpNh3fB4YSpIhsFauI%2FGuqcVweSzspXitbkl38mz%2BAquFawZNgopsMpthdm7hKw%2FxigB0RwHeeV2f7KuCeo"}],"group":"cf-nel","max_age":604800}', 'NEL': '{"success_fraction":0,"report_to":"cf-nel","max_age":604800}', 'Server': 'cloudflare', 'CF-RAY': '8b0f8d6d2aaf2bab-ORD', 'alt-svc': 'h3=":443"; ma=86400'} 
 body={"results":[{"gender":"female","name":{"title":"Miss","first":"Jaqueline","last":"Velásquez"},"location":{"street":{"number":7689,"name":"Continuación Jamaica"},"city":"Copainala","state":"Nuevo Leon","country":"Mexico","postcode":78615,"coordinates":{"latitude":"23.1368","longitude":"84.2716"},"timezone":{"offset":"+9:30","description":"Adelaide, Darwin"}},"email":"jaqueline.velasquez@example.com","login":{"uuid":"8f3ec739-ccdc-4895-908f-47fb2468ad7d","username":"yellowelephant516","password":"kikimora","salt":"W2VGJtJb","md5":"11faf6cf860c0ef3fe6eda976aeda049","sha1":"e695ce50363092588d1a3f985bea61ddbb47bb42","sha256":"2fd0b5526db002392643e8f56218a5fe8c966cc919651b4511f000ae1504af65"},"dob":{"date":"2001-05-21T20:33:52.282Z","age":23},"registered":{"date":"2016-04-12T05:05:14.043Z","age":8},"phone":"(624) 568 4863","cell":"(611) 358 4071","id":{"name":"NSS","value":"97 59 44 1321 3"},"picture":{"large":"https://randomuser.me/api/portraits/women/13.jpg","medium":"https://randomuser.me/api/portraits/med/women/13.jpg","thumbnail":"https://randomuser.me/api/portraits/thumb/women/13.jpg"},"nat":"MX"}],"info":{"seed":"ae7e0507bd60db86","results":1,"page":1,"version":"1.4"}} 
 </msg>
<msg time="2024-08-10T11:12:43.158355" level="INFO">/opt/hostedtoolcache/Python/3.12.4/x64/lib/python3.12/site-packages/urllib3/connectionpool.py:1099: InsecureRequestWarning: Unverified HTTPS request is being made to host 'randomuser.me'. Adding certificate verification is strongly advised. See: https://urllib3.readthedocs.io/en/latest/advanced-usage.html#tls-warnings
  warnings.warn(</msg>
<msg time="2024-08-10T11:12:43.158495" level="INFO">${response} = &lt;Response [200]&gt;</msg>
<var>${response}</var>
<arg>consultarAPI</arg>
<arg>/api</arg>
<doc>Sends a GET request on a previously created HTTP Session.</doc>
<status status="PASS" start="2024-08-10T11:12:43.060886" elapsed="0.097650"/>
</kw>
<kw name="Set Variable" owner="BuiltIn">
<msg time="2024-08-10T11:12:43.159416" level="INFO">${json_data} = {'results': [{'gender': 'female', 'name': {'title': 'Miss', 'first': 'Jaqueline', 'last': 'Velásquez'}, 'location': {'street': {'number': 7689, 'name': 'Continuación Jamaica'}, 'city': 'Copainala', 's...</msg>
<var>${json_data}</var>
<arg>${response.json()}</arg>
<doc>Returns the given values which can then be assigned to a variables.</doc>
<status status="PASS" start="2024-08-10T11:12:43.158934" elapsed="0.000512"/>
</kw>
<kw name="Log" owner="BuiltIn">
<msg time="2024-08-10T11:12:43.159906" level="INFO">{'results': [{'gender': 'female', 'name': {'title': 'Miss', 'first': 'Jaqueline', 'last': 'Velásquez'}, 'location': {'street': {'number': 7689, 'name': 'Continuación Jamaica'}, 'city': 'Copainala', 'state': 'Nuevo Leon', 'country': 'Mexico', 'postcode': 78615, 'coordinates': {'latitude': '23.1368', 'longitude': '84.2716'}, 'timezone': {'offset': '+9:30', 'description': 'Adelaide, Darwin'}}, 'email': 'jaqueline.velasquez@example.com', 'login': {'uuid': '8f3ec739-ccdc-4895-908f-47fb2468ad7d', 'username': 'yellowelephant516', 'password': 'kikimora', 'salt': 'W2VGJtJb', 'md5': '11faf6cf860c0ef3fe6eda976aeda049', 'sha1': 'e695ce50363092588d1a3f985bea61ddbb47bb42', 'sha256': '2fd0b5526db002392643e8f56218a5fe8c966cc919651b4511f000ae1504af65'}, 'dob': {'date': '2001-05-21T20:33:52.282Z', 'age': 23}, 'registered': {'date': '2016-04-12T05:05:14.043Z', 'age': 8}, 'phone': '(624) 568 4863', 'cell': '(611) 358 4071', 'id': {'name': 'NSS', 'value': '97 59 44 1321 3'}, 'picture': {'large': 'https://randomuser.me/api/portraits/women/13.jpg', 'medium': 'https://randomuser.me/api/portraits/med/women/13.jpg', 'thumbnail': 'https://randomuser.me/api/portraits/thumb/women/13.jpg'}, 'nat': 'MX'}], 'info': {'seed': 'ae7e0507bd60db86', 'results': 1, 'page': 1, 'version': '1.4'}}</msg>
<arg>${json_data}</arg>
<doc>Logs the given message with the given level.</doc>
<status status="PASS" start="2024-08-10T11:12:43.159748" elapsed="0.000207"/>
</kw>
<kw name="Should Be Equal As Numbers" owner="BuiltIn">
<arg>${json_data['results'][0]['location']['postcode']}</arg>
<arg>${json_data['results'][0]['location']['postcode']}</arg>
<doc>Fails if objects are unequal after converting them to real numbers.</doc>
<status status="PASS" start="2024-08-10T11:12:43.160309" elapsed="0.000621"/>
</kw>
<kw name="Log" owner="BuiltIn">
<msg time="2024-08-10T11:12:43.161518" level="INFO">78615</msg>
<arg>${json_data['results'][0]['location']['postcode']}</arg>
<doc>Logs the given message with the given level.</doc>
<status status="PASS" start="2024-08-10T11:12:43.161162" elapsed="0.000397"/>
</kw>
<status status="PASS" start="2024-08-10T11:12:43.060659" elapsed="0.101153"/>
</kw>
<doc>Testa se os tipos de dados na resposta da API estão corretos.</doc>
<tag>testeTiposDados</tag>
<status status="PASS" start="2024-08-10T11:12:42.990579" elapsed="0.171399"/>
</test>
<test id="s1-s1-t5" name="Validar conteudo" line="35">
<kw name="Teste de Tipos de Conteudo" owner="random-user-service">
<kw name="GET On Session" owner="RequestsLibrary">
<msg time="2024-08-10T11:12:43.272556" level="INFO">GET Request : url=https://randomuser.me/api 
 path_url=/api 
 headers={'User-Agent': 'python-requests/2.32.3', 'Accept-Encoding': 'gzip, deflate', 'Accept': '*/*', 'Connection': 'keep-alive'} 
 body=None 
 </msg>
<msg time="2024-08-10T11:12:43.272650" level="INFO">GET Response : url=https://randomuser.me/api 
 status=200, reason=OK 
 headers={'Date': 'Sat, 10 Aug 2024 11:12:43 GMT', 'Content-Type': 'application/json; charset=utf-8', 'Transfer-Encoding': 'chunked', 'Connection': 'keep-alive', 'X-Powered-By': 'Express', 'Access-Control-Allow-Origin': '*', 'Cache-Control': 'no-cache', 'ETag': 'W/"4ad-mZgjpFtMnS9npZLJlamgw0Qow0w"', 'Vary': 'Accept-Encoding', 'Content-Encoding': 'gzip', 'CF-Cache-Status': 'DYNAMIC', 'Report-To': '{"endpoints":[{"url":"https:\\/\\/a.nel.cloudflare.com\\/report\\/v4?s=w2ZZTTMARiDYXTC7nyDD3j3rPBVSiw7VXevnXYOwp%2BtOaD5HIyZHnxlLH6nLcWVcj4X6UUCaPnNO7iwGtc%2BXnUNfvsJyTnPiu51hHwuM4vCga3WK6jfeT%2B%2BkBrmieaLn"}],"group":"cf-nel","max_age":604800}', 'NEL': '{"success_fraction":0,"report_to":"cf-nel","max_age":604800}', 'Server': 'cloudflare', 'CF-RAY': '8b0f8d6dcb012bab-ORD', 'alt-svc': 'h3=":443"; ma=86400'} 
 body={"results":[{"gender":"female","name":{"title":"Mrs","first":"Leonara","last":"Alves"},"location":{"street":{"number":8455,"name":"Rua Castro Alves "},"city":"Itapevi","state":"Rio Grande do Norte","country":"Brazil","postcode":35613,"coordinates":{"latitude":"-73.1168","longitude":"149.3651"},"timezone":{"offset":"-4:00","description":"Atlantic Time (Canada), Caracas, La Paz"}},"email":"leonara.alves@example.com","login":{"uuid":"8054d36b-491b-4675-a7e0-6451268e3500","username":"angrygoose354","password":"tasha","salt":"MhUyEwAC","md5":"0b6f9328b93f04382b2b3fd63ffb036c","sha1":"4cb24e6ce666c85dd888e7cf58e8ab040309e9c5","sha256":"38c6ff2238820fb5e31ba214d70ba9bf98deab04ff3ed94845a3f51a803d558a"},"dob":{"date":"1962-07-14T06:56:32.620Z","age":62},"registered":{"date":"2004-01-01T14:27:57.436Z","age":20},"phone":"(35) 9230-0666","cell":"(14) 8831-5328","id":{"name":"CPF","value":"039.211.561-03"},"picture":{"large":"https://randomuser.me/api/portraits/women/17.jpg","medium":"https://randomuser.me/api/portraits/med/women/17.jpg","thumbnail":"https://randomuser.me/api/portraits/thumb/women/17.jpg"},"nat":"BR"}],"info":{"seed":"fe6999a59dd4596e","results":1,"page":1,"version":"1.4"}} 
 </msg>
<msg time="2024-08-10T11:12:43.272731" level="INFO">/opt/hostedtoolcache/Python/3.12.4/x64/lib/python3.12/site-packages/urllib3/connectionpool.py:1099: InsecureRequestWarning: Unverified HTTPS request is being made to host 'randomuser.me'. Adding certificate verification is strongly advised. See: https://urllib3.readthedocs.io/en/latest/advanced-usage.html#tls-warnings
  warnings.warn(</msg>
<msg time="2024-08-10T11:12:43.272878" level="INFO">${response} = &lt;Response [200]&gt;</msg>
<var>${response}</var>
<arg>consultarAPI</arg>
<arg>/api</arg>
<doc>Sends a GET request on a previously created HTTP Session.</doc>
<status status="PASS" start="2024-08-10T11:12:43.164421" elapsed="0.108499"/>
</kw>
<kw name="Set Variable" owner="BuiltIn">
<msg time="2024-08-10T11:12:43.273796" level="INFO">${json_data} = {'results': [{'gender': 'female', 'name': {'title': 'Mrs', 'first': 'Leonara', 'last': 'Alves'}, 'location': {'street': {'number': 8455, 'name': 'Rua Castro Alves '}, 'city': 'Itapevi', 'state': 'Rio ...</msg>
<var>${json_data}</var>
<arg>${response.json()}</arg>
<doc>Returns the given values which can then be assigned to a variables.</doc>
<status status="PASS" start="2024-08-10T11:12:43.273330" elapsed="0.000494"/>
</kw>
<kw name="Set Variable" owner="BuiltIn">
<msg time="2024-08-10T11:12:43.274513" level="INFO">${name_title} = Mrs</msg>
<var>${name_title}</var>
<arg>${json_data["results"][0]["name"]["title"]}</arg>
<doc>Returns the given values which can then be assigned to a variables.</doc>
<status status="PASS" start="2024-08-10T11:12:43.274127" elapsed="0.000412"/>
</kw>
<kw name="Create List" owner="BuiltIn">
<msg time="2024-08-10T11:12:43.274990" level="INFO">${allowed_titles} = ['Mr', 'Ms', 'Miss', 'Mrs', 'Madame', 'Monsieur']</msg>
<var>${allowed_titles}</var>
<arg>Mr</arg>
<arg>Ms</arg>
<arg>Miss</arg>
<arg>Mrs</arg>
<arg>Madame</arg>
<arg>Monsieur</arg>
<doc>Returns a list containing given items.</doc>
<status status="PASS" start="2024-08-10T11:12:43.274840" elapsed="0.000175"/>
</kw>
<kw name="List Should Contain Value" owner="Collections">
<arg>${allowed_titles}</arg>
<arg>${name_title}</arg>
<doc>Fails if the ``value`` is not found from ``list``.</doc>
<status status="PASS" start="2024-08-10T11:12:43.275313" elapsed="0.000175"/>
</kw>
<kw name="Set Variable" owner="BuiltIn">
<msg time="2024-08-10T11:12:43.276044" level="INFO">${name_country} = BR</msg>
<var>${name_country}</var>
<arg>${json_data["results"][0]["nat"]}</arg>
<doc>Returns the given values which can then be assigned to a variables.</doc>
<status status="PASS" start="2024-08-10T11:12:43.275671" elapsed="0.000398"/>
</kw>
<kw name="Create List" owner="BuiltIn">
<msg time="2024-08-10T11:12:43.276998" level="INFO">${list_country} = ['AD', 'AE', 'AF', 'AG', 'AI', 'AL', 'AM', 'AO', 'AQ', 'AR', 'AS', 'AT', 'AU', 'AW', 'AX', 'AZ', 'BA', 'BB', 'BD', 'BE', 'BF', 'BG', 'BH', 'BI', 'BJ', 'BL', 'BM', 'BN', 'BO', 'BQ', 'BR', 'BS', 'BT', '...</msg>
<var>${list_country}</var>
<arg>AD</arg>
<arg>AE</arg>
<arg>AF</arg>
<arg>AG</arg>
<arg>AI</arg>
<arg>AL</arg>
<arg>AM</arg>
<arg>AO</arg>
<arg>AQ</arg>
<arg>AR</arg>
<arg>AS</arg>
<arg>AT</arg>
<arg>AU</arg>
<arg>AW</arg>
<arg>AX</arg>
<arg>AZ</arg>
<arg>BA</arg>
<arg>BB</arg>
<arg>BD</arg>
<arg>BE</arg>
<arg>BF</arg>
<arg>BG</arg>
<arg>BH</arg>
<arg>BI</arg>
<arg>BJ</arg>
<arg>BL</arg>
<arg>BM</arg>
<arg>BN</arg>
<arg>BO</arg>
<arg>BQ</arg>
<arg>BR</arg>
<arg>BS</arg>
<arg>BT</arg>
<arg>BV</arg>
<arg>BW</arg>
<arg>BY</arg>
<arg>BZ</arg>
<arg>CA</arg>
<arg>CC</arg>
<arg>CD</arg>
<arg>CF</arg>
<arg>CG</arg>
<arg>CH</arg>
<arg>CI</arg>
<arg>CK</arg>
<arg>CL</arg>
<arg>CM</arg>
<arg>CN</arg>
<arg>CO</arg>
<arg>CR</arg>
<arg>CU</arg>
<arg>CV</arg>
<arg>CW</arg>
<arg>CX</arg>
<arg>CY</arg>
<arg>CZ</arg>
<arg>DE</arg>
<arg>DJ</arg>
<arg>DK</arg>
<arg>DM</arg>
<arg>DO</arg>
<arg>DZ</arg>
<arg>EC</arg>
<arg>EE</arg>
<arg>EG</arg>
<arg>EH</arg>
<arg>ER</arg>
<arg>ES</arg>
<arg>ET</arg>
<arg>FI</arg>
<arg>FJ</arg>
<arg>FK</arg>
<arg>FM</arg>
<arg>FO</arg>
<arg>FR</arg>
<arg>GA</arg>
<arg>GB</arg>
<arg>GD</arg>
<arg>GE</arg>
<arg>GF</arg>
<arg>GG</arg>
<arg>GH</arg>
<arg>GI</arg>
<arg>GL</arg>
<arg>GM</arg>
<arg>GN</arg>
<arg>GP</arg>
<arg>GQ</arg>
<arg>GR</arg>
<arg>GS</arg>
<arg>GT</arg>
<arg>GU</arg>
<arg>GW</arg>
<arg>GY</arg>
<arg>HK</arg>
<arg>HM</arg>
<arg>HN</arg>
<arg>HR</arg>
<arg>HT</arg>
<arg>HU</arg>
<arg>ID</arg>
<arg>IE</arg>
<arg>IL</arg>
<arg>IM</arg>
<arg>IN</arg>
<arg>IO</arg>
<arg>IQ</arg>
<arg>IR</arg>
<arg>IS</arg>
<arg>IT</arg>
<arg>JE</arg>
<arg>JM</arg>
<arg>JO</arg>
<arg>JP</arg>
<arg>KE</arg>
<arg>KG</arg>
<arg>KH</arg>
<arg>KI</arg>
<arg>KM</arg>
<arg>KN</arg>
<arg>KP</arg>
<arg>KR</arg>
<arg>KW</arg>
<arg>KY</arg>
<arg>KZ</arg>
<arg>LA</arg>
<arg>LB</arg>
<arg>LC</arg>
<arg>LI</arg>
<arg>LK</arg>
<arg>LR</arg>
<arg>LS</arg>
<arg>LT</arg>
<arg>LU</arg>
<arg>LV</arg>
<arg>LY</arg>
<arg>MA</arg>
<arg>MC</arg>
<arg>MD</arg>
<arg>ME</arg>
<arg>MF</arg>
<arg>MG</arg>
<arg>MH</arg>
<arg>MK</arg>
<arg>ML</arg>
<arg>MM</arg>
<arg>MN</arg>
<arg>MO</arg>
<arg>MP</arg>
<arg>MQ</arg>
<arg>MR</arg>
<arg>MS</arg>
<arg>MT</arg>
<arg>MU</arg>
<arg>MV</arg>
<arg>MW</arg>
<arg>MX</arg>
<arg>MY</arg>
<arg>MZ</arg>
<arg>NA</arg>
<arg>NC</arg>
<arg>NE</arg>
<arg>NF</arg>
<arg>NG</arg>
<arg>NI</arg>
<arg>NL</arg>
<arg>NO</arg>
<arg>NP</arg>
<arg>NR</arg>
<arg>NU</arg>
<arg>NZ</arg>
<arg>OM</arg>
<arg>PA</arg>
<arg>PE</arg>
<arg>PF</arg>
<arg>PG</arg>
<arg>PH</arg>
<arg>PK</arg>
<arg>PL</arg>
<arg>PM</arg>
<arg>PN</arg>
<arg>PR</arg>
<arg>PS</arg>
<arg>PT</arg>
<arg>PW</arg>
<arg>PY</arg>
<arg>QA</arg>
<arg>RE</arg>
<arg>RO</arg>
<arg>RS</arg>
<arg>RU</arg>
<arg>RW</arg>
<arg>SA</arg>
<arg>SB</arg>
<arg>SC</arg>
<arg>SD</arg>
<arg>SE</arg>
<arg>SG</arg>
<arg>SH</arg>
<arg>SI</arg>
<arg>SJ</arg>
<arg>SK</arg>
<arg>SL</arg>
<arg>SM</arg>
<arg>SN</arg>
<arg>SO</arg>
<arg>SR</arg>
<arg>SS</arg>
<arg>ST</arg>
<arg>SV</arg>
<arg>SX</arg>
<arg>SY</arg>
<arg>SZ</arg>
<arg>TC</arg>
<arg>TD</arg>
<arg>TF</arg>
<arg>TG</arg>
<arg>TH</arg>
<arg>TJ</arg>
<arg>TK</arg>
<arg>TL</arg>
<arg>TM</arg>
<arg>TN</arg>
<arg>TO</arg>
<arg>TR</arg>
<arg>TT</arg>
<arg>TV</arg>
<arg>TW</arg>
<arg>TZ</arg>
<arg>UA</arg>
<arg>UG</arg>
<arg>UM</arg>
<arg>US</arg>
<arg>UY</arg>
<arg>UZ</arg>
<arg>VA</arg>
<arg>VC</arg>
<arg>VE</arg>
<arg>VG</arg>
<arg>VI</arg>
<arg>VN</arg>
<arg>VU</arg>
<arg>WF</arg>
<arg>WS</arg>
<arg>XK</arg>
<arg>YE</arg>
<arg>YT</arg>
<arg>ZA</arg>
<arg>ZM</arg>
<arg>ZW</arg>
<doc>Returns a list containing given items.</doc>
<status status="PASS" start="2024-08-10T11:12:43.276407" elapsed="0.000618"/>
</kw>
<kw name="List Should Contain Value" owner="Collections">
<arg>${list_country}</arg>
<arg>${name_country}</arg>
<doc>Fails if the ``value`` is not found from ``list``.</doc>
<status status="PASS" start="2024-08-10T11:12:43.277993" elapsed="0.000207"/>
</kw>
<kw name="Run Keyword If" owner="BuiltIn">
<kw name="Should Be True" owner="BuiltIn">
<arg>${True}</arg>
<doc>Fails if the given condition is not true.</doc>
<status status="PASS" start="2024-08-10T11:12:43.279150" elapsed="0.000143"/>
</kw>
<arg>${json_data["results"][0]["location"]["coordinates"]["latitude"]} &gt;= -90 and ${json_data["results"][0]["location"]["coordinates"]["latitude"]} &lt;= 90</arg>
<arg>Should Be True</arg>
<arg>${True}</arg>
<doc>Runs the given keyword with the given arguments, if ``condition`` is true.</doc>
<status status="PASS" start="2024-08-10T11:12:43.278400" elapsed="0.001017"/>
</kw>
<kw name="Run Keyword If" owner="BuiltIn">
<kw name="Should Be True" owner="BuiltIn">
<arg>${True}</arg>
<doc>Fails if the given condition is not true.</doc>
<status status="PASS" start="2024-08-10T11:12:43.280304" elapsed="0.000157"/>
</kw>
<arg>${json_data["results"][0]["location"]["coordinates"]["longitude"]} &gt;= -180 and ${json_data["results"][0]["location"]["coordinates"]["longitude"]} &lt;= 180</arg>
<arg>Should Be True</arg>
<arg>${True}</arg>
<doc>Runs the given keyword with the given arguments, if ``condition`` is true.</doc>
<status status="PASS" start="2024-08-10T11:12:43.279593" elapsed="0.000999"/>
</kw>
<status status="PASS" start="2024-08-10T11:12:43.164163" elapsed="0.116556"/>
</kw>
<doc>Testa o conteúdo específico dos campos retornados pela API.</doc>
<tag>testeConteudo</tag>
<status status="PASS" start="2024-08-10T11:12:43.163703" elapsed="0.117164"/>
</test>
<status status="PASS" start="2024-08-10T11:12:42.217461" elapsed="1.065317"/>
</suite>
<status status="PASS" start="2024-08-10T11:12:42.202852" elapsed="1.085057"/>
</suite>
<statistics>
<total>
<stat pass="5" fail="0" skip="0">All Tests</stat>
</total>
<tag>
<stat pass="1" fail="0" skip="0">testeConteudo</stat>
<stat pass="1" fail="0" skip="0">testeEstruturaResposta</stat>
<stat pass="1" fail="0" skip="0">testeRequisicaoBasica</stat>
<stat pass="1" fail="0" skip="0">testeTiposDados</stat>
</tag>
<suite>
<stat pass="5" fail="0" skip="0" id="s1" name="Tests">Tests</stat>
<stat pass="5" fail="0" skip="0" id="s1-s1" name="Random-User-Test">Tests.Random-User-Test</stat>
</suite>
</statistics>
<errors>
</errors>
</robot>
