<?xml version="1.0" encoding="UTF-8"?>
<robot generator="Robot 7.0.1 (Python 3.12.4 on linux)" generated="2024-06-19T17:15:32.259059" rpa="false" schemaversion="5">
<suite id="s1" name="Tests" source="/home/runner/work/ApiRandomUser/ApiRandomUser/RamdonUser/tests">
<suite id="s1-s1" name="Random-User-Test" source="/home/runner/work/ApiRandomUser/ApiRandomUser/RamdonUser/tests/random-user-test.robot">
<test id="s1-s1-t1" name="Conectar" line="13">
<kw name="Conectar API" owner="random-user-service">
<kw name="Create Session" owner="RequestsLibrary">
<msg time="2024-06-19T17:15:32.657678" level="INFO">Creating Session using : alias=consultarAPI, url=https://randomuser.me/, headers={},                     cookies={}, auth=None, timeout=None, proxies=None, verify=False,                     debug=0 </msg>
<arg>consultarAPI</arg>
<arg>${URL}</arg>
<doc>Create Session: create a HTTP session to a server</doc>
<status status="PASS" start="2024-06-19T17:15:32.657473" elapsed="0.000374"/>
</kw>
<status status="PASS" start="2024-06-19T17:15:32.656506" elapsed="0.001738"/>
</kw>
<status status="PASS" start="2024-06-19T17:15:32.655917" elapsed="0.002517"/>
</test>
<test id="s1-s1-t2" name="Validar retorno 200 e JSON Válido" line="16">
<kw name="Teste de Requisicao Basica" owner="random-user-service">
<kw name="GET On Session" owner="RequestsLibrary">
<msg time="2024-06-19T17:15:32.756077" level="INFO">GET Request : url=https://randomuser.me/api 
 path_url=/api 
 headers={'User-Agent': 'python-requests/2.32.3', 'Accept-Encoding': 'gzip, deflate', 'Accept': '*/*', 'Connection': 'keep-alive'} 
 body=None 
 </msg>
<msg time="2024-06-19T17:15:32.756184" level="INFO">GET Response : url=https://randomuser.me/api 
 status=200, reason=OK 
 headers={'Date': 'Wed, 19 Jun 2024 17:15:32 GMT', 'Content-Type': 'application/json; charset=utf-8', 'Transfer-Encoding': 'chunked', 'Connection': 'keep-alive', 'X-Powered-By': 'Express', 'Access-Control-Allow-Origin': '*', 'Cache-Control': 'no-cache', 'ETag': 'W/"48f-yv3cjVpAsY3EGkVzyighiIehztQ"', 'Vary': 'Accept-Encoding', 'Content-Encoding': 'gzip', 'CF-Cache-Status': 'DYNAMIC', 'Report-To': '{"endpoints":[{"url":"https:\\/\\/a.nel.cloudflare.com\\/report\\/v4?s=KCgNArmFHxAxdPgOZmgLl%2FJSC%2B8WKenWrAHvipKa0Lu5dd0bJtiP1MbDWsyCmiXbfEkQTiq6kvYJfq%2B7bzpl679iViqjbnse%2F43qX6c9dPUAhIX5w8AuuqM1OHSgY1Sq"}],"group":"cf-nel","max_age":604800}', 'NEL': '{"success_fraction":0,"report_to":"cf-nel","max_age":604800}', 'Server': 'cloudflare', 'CF-RAY': '896529695a1bb47a-ORD', 'alt-svc': 'h3=":443"; ma=86400'} 
 body={"results":[{"gender":"female","name":{"title":"Ms","first":"Nicoline","last":"Thomsen"},"location":{"street":{"number":6525,"name":"Strandgårdsvej"},"city":"Branderup J","state":"Hovedstaden","country":"Denmark","postcode":39468,"coordinates":{"latitude":"-41.1698","longitude":"102.7887"},"timezone":{"offset":"-11:00","description":"Midway Island, Samoa"}},"email":"nicoline.thomsen@example.com","login":{"uuid":"bfd0ac23-5775-4ae4-b345-a3186b036f4c","username":"goldenmouse321","password":"dorothy","salt":"CEwO3snn","md5":"6a1fd3f1208b295c7792eff56fd5fd66","sha1":"261158f122c6debfb59f1a36dd0659b278dc38a8","sha256":"11de4d7ff04554dfd27a5e4d5023e14242dec551de877785ac3455d0790a7125"},"dob":{"date":"1948-04-03T23:10:48.574Z","age":76},"registered":{"date":"2013-02-11T17:41:48.071Z","age":11},"phone":"70249270","cell":"64291100","id":{"name":"CPR","value":"030448-4057"},"picture":{"large":"https://randomuser.me/api/portraits/women/40.jpg","medium":"https://randomuser.me/api/portraits/med/women/40.jpg","thumbnail":"https://randomuser.me/api/portraits/thumb/women/40.jpg"},"nat":"DK"}],"info":{"seed":"2c8cfcf4fdc708fe","results":1,"page":1,"version":"1.4"}} 
 </msg>
<msg time="2024-06-19T17:15:32.756258" level="INFO">/opt/hostedtoolcache/Python/3.12.4/x64/lib/python3.12/site-packages/urllib3/connectionpool.py:1099: InsecureRequestWarning: Unverified HTTPS request is being made to host 'randomuser.me'. Adding certificate verification is strongly advised. See: https://urllib3.readthedocs.io/en/latest/advanced-usage.html#tls-warnings
  warnings.warn(</msg>
<msg time="2024-06-19T17:15:32.756374" level="INFO">${response} = &lt;Response [200]&gt;</msg>
<var>${response}</var>
<arg>consultarAPI</arg>
<arg>/api</arg>
<doc>Sends a GET request on a previously created HTTP Session.</doc>
<status status="PASS" start="2024-06-19T17:15:32.660974" elapsed="0.095440"/>
</kw>
<kw name="Should Be Equal As Numbers" owner="BuiltIn">
<msg time="2024-06-19T17:15:32.757409" level="INFO">Argument types are:
&lt;class 'int'&gt;
&lt;class 'str'&gt;</msg>
<arg>${response.status_code}</arg>
<arg>200</arg>
<doc>Fails if objects are unequal after converting them to real numbers.</doc>
<status status="PASS" start="2024-06-19T17:15:32.756921" elapsed="0.000555"/>
</kw>
<kw name="Log" owner="BuiltIn">
<msg time="2024-06-19T17:15:32.758183" level="INFO">200</msg>
<arg>${response.status_code}</arg>
<doc>Logs the given message with the given level.</doc>
<status status="PASS" start="2024-06-19T17:15:32.757799" elapsed="0.000426"/>
</kw>
<kw name="Set Variable" owner="BuiltIn">
<msg time="2024-06-19T17:15:32.758969" level="INFO">${json_data} = {'results': [{'gender': 'female', 'name': {'title': 'Ms', 'first': 'Nicoline', 'last': 'Thomsen'}, 'location': {'street': {'number': 6525, 'name': 'Strandgårdsvej'}, 'city': 'Branderup J', 'state': 'H...</msg>
<var>${json_data}</var>
<arg>${response.json()}</arg>
<doc>Returns the given values which can then be assigned to a variables.</doc>
<status status="PASS" start="2024-06-19T17:15:32.758531" elapsed="0.000467"/>
</kw>
<kw name="Dictionary Should Contain Key" owner="Collections">
<arg>${json_data}</arg>
<arg>results</arg>
<doc>Fails if ``key`` is not found from ``dictionary``.</doc>
<status status="PASS" start="2024-06-19T17:15:32.759293" elapsed="0.000162"/>
</kw>
<status status="PASS" start="2024-06-19T17:15:32.660732" elapsed="0.098863"/>
</kw>
<doc>Testa se a API responde corretamente e retorna um objeto JSON válido.</doc>
<tag>testeRequisicaoBasica</tag>
<status status="PASS" start="2024-06-19T17:15:32.660276" elapsed="0.099478"/>
</test>
<test id="s1-s1-t3" name="Validar estrutura de resposta" line="22">
<kw name="Teste de Estrutura de Resposta" owner="random-user-service">
<kw name="GET On Session" owner="RequestsLibrary">
<msg time="2024-06-19T17:15:32.913679" level="INFO">GET Request : url=https://randomuser.me/api 
 path_url=/api 
 headers={'User-Agent': 'python-requests/2.32.3', 'Accept-Encoding': 'gzip, deflate', 'Accept': '*/*', 'Connection': 'keep-alive'} 
 body=None 
 </msg>
<msg time="2024-06-19T17:15:32.913747" level="INFO">GET Response : url=https://randomuser.me/api 
 status=200, reason=OK 
 headers={'Date': 'Wed, 19 Jun 2024 17:15:32 GMT', 'Content-Type': 'application/json; charset=utf-8', 'Transfer-Encoding': 'chunked', 'Connection': 'keep-alive', 'X-Powered-By': 'Express', 'Access-Control-Allow-Origin': '*', 'Cache-Control': 'no-cache', 'ETag': 'W/"479-qLqWS21IvYGVWRUGeoN+RCXq62U"', 'Vary': 'Accept-Encoding', 'Content-Encoding': 'gzip', 'CF-Cache-Status': 'DYNAMIC', 'Report-To': '{"endpoints":[{"url":"https:\\/\\/a.nel.cloudflare.com\\/report\\/v4?s=kdHyi8mW4DguBTSWrwETNH6mJe%2ByrGo3A8zmz%2Fynk%2BhsWTC7dvXakyNFghkz5DF5wh%2BTUawBpZ2mpzhnJsCzCESg77WHV0MiWCcq32V2ayPhv5OwXdQy%2BzwFKzq8Xod%2B"}],"group":"cf-nel","max_age":604800}', 'NEL': '{"success_fraction":0,"report_to":"cf-nel","max_age":604800}', 'Server': 'cloudflare', 'CF-RAY': '89652969cab3b47a-ORD', 'alt-svc': 'h3=":443"; ma=86400'} 
 body={"results":[{"gender":"female","name":{"title":"Mrs","first":"Likera","last":"Ryaboshtan"},"location":{"street":{"number":9206,"name":"Teodoziyi Brizh"},"city":"Gorohiv","state":"Zhitomirska","country":"Ukraine","postcode":53523,"coordinates":{"latitude":"78.9148","longitude":"78.5163"},"timezone":{"offset":"+4:30","description":"Kabul"}},"email":"likera.ryaboshtan@example.com","login":{"uuid":"3b7ae133-72b4-4789-81b4-e66890e86a78","username":"crazytiger463","password":"picks","salt":"iSpDHKch","md5":"5df7875c619f1d40860ec63b9b96ab9b","sha1":"626209cc2cb1206098faa43c95a97c167f79fbe8","sha256":"281b4bc9306d3b0de90476d8702ad86b16b85659e2407931c37ab81ad417f5b9"},"dob":{"date":"1969-04-14T04:15:55.570Z","age":55},"registered":{"date":"2012-06-20T01:11:20.728Z","age":11},"phone":"(066) X53-6458","cell":"(096) P32-1904","id":{"name":"","value":null},"picture":{"large":"https://randomuser.me/api/portraits/women/60.jpg","medium":"https://randomuser.me/api/portraits/med/women/60.jpg","thumbnail":"https://randomuser.me/api/portraits/thumb/women/60.jpg"},"nat":"UA"}],"info":{"seed":"3a154a38827a5570","results":1,"page":1,"version":"1.4"}} 
 </msg>
<msg time="2024-06-19T17:15:32.913848" level="INFO">/opt/hostedtoolcache/Python/3.12.4/x64/lib/python3.12/site-packages/urllib3/connectionpool.py:1099: InsecureRequestWarning: Unverified HTTPS request is being made to host 'randomuser.me'. Adding certificate verification is strongly advised. See: https://urllib3.readthedocs.io/en/latest/advanced-usage.html#tls-warnings
  warnings.warn(</msg>
<msg time="2024-06-19T17:15:32.913975" level="INFO">${response} = &lt;Response [200]&gt;</msg>
<var>${response}</var>
<arg>consultarAPI</arg>
<arg>/api</arg>
<doc>Sends a GET request on a previously created HTTP Session.</doc>
<status status="PASS" start="2024-06-19T17:15:32.763111" elapsed="0.150905"/>
</kw>
<kw name="Set Variable" owner="BuiltIn">
<msg time="2024-06-19T17:15:32.915021" level="INFO">${json_data} = {'results': [{'gender': 'female', 'name': {'title': 'Mrs', 'first': 'Likera', 'last': 'Ryaboshtan'}, 'location': {'street': {'number': 9206, 'name': 'Teodoziyi Brizh'}, 'city': 'Gorohiv', 'state': 'Zh...</msg>
<var>${json_data}</var>
<arg>${response.json()}</arg>
<doc>Returns the given values which can then be assigned to a variables.</doc>
<status status="PASS" start="2024-06-19T17:15:32.914466" elapsed="0.000584"/>
</kw>
<kw name="Log" owner="BuiltIn">
<msg time="2024-06-19T17:15:32.915524" level="INFO">{'results': [{'gender': 'female', 'name': {'title': 'Mrs', 'first': 'Likera', 'last': 'Ryaboshtan'}, 'location': {'street': {'number': 9206, 'name': 'Teodoziyi Brizh'}, 'city': 'Gorohiv', 'state': 'Zhitomirska', 'country': 'Ukraine', 'postcode': 53523, 'coordinates': {'latitude': '78.9148', 'longitude': '78.5163'}, 'timezone': {'offset': '+4:30', 'description': 'Kabul'}}, 'email': 'likera.ryaboshtan@example.com', 'login': {'uuid': '3b7ae133-72b4-4789-81b4-e66890e86a78', 'username': 'crazytiger463', 'password': 'picks', 'salt': 'iSpDHKch', 'md5': '5df7875c619f1d40860ec63b9b96ab9b', 'sha1': '626209cc2cb1206098faa43c95a97c167f79fbe8', 'sha256': '281b4bc9306d3b0de90476d8702ad86b16b85659e2407931c37ab81ad417f5b9'}, 'dob': {'date': '1969-04-14T04:15:55.570Z', 'age': 55}, 'registered': {'date': '2012-06-20T01:11:20.728Z', 'age': 11}, 'phone': '(066) X53-6458', 'cell': '(096) P32-1904', 'id': {'name': '', 'value': None}, 'picture': {'large': 'https://randomuser.me/api/portraits/women/60.jpg', 'medium': 'https://randomuser.me/api/portraits/med/women/60.jpg', 'thumbnail': 'https://randomuser.me/api/portraits/thumb/women/60.jpg'}, 'nat': 'UA'}], 'info': {'seed': '3a154a38827a5570', 'results': 1, 'page': 1, 'version': '1.4'}}</msg>
<arg>${json_data}</arg>
<doc>Logs the given message with the given level.</doc>
<status status="PASS" start="2024-06-19T17:15:32.915361" elapsed="0.000211"/>
</kw>
<kw name="Dictionary Should Contain Key" owner="Collections">
<arg>${json_data}</arg>
<arg>results</arg>
<doc>Fails if ``key`` is not found from ``dictionary``.</doc>
<status status="PASS" start="2024-06-19T17:15:32.915863" elapsed="0.000157"/>
</kw>
<kw name="Should Not Be Empty" owner="BuiltIn">
<msg time="2024-06-19T17:15:32.916328" level="INFO">Length is 2.</msg>
<arg>${json_data}</arg>
<doc>Verifies that the given item is not empty.</doc>
<status status="PASS" start="2024-06-19T17:15:32.916202" elapsed="0.000164"/>
</kw>
<kw name="Create List" owner="BuiltIn">
<msg time="2024-06-19T17:15:32.916931" level="INFO">${expected_keys} = ['gender', 'name', 'location', 'email', 'login']</msg>
<var>${expected_keys}</var>
<arg>gender</arg>
<arg>name</arg>
<arg>location</arg>
<arg>email</arg>
<arg>login</arg>
<doc>Returns a list containing given items.</doc>
<status status="PASS" start="2024-06-19T17:15:32.916658" elapsed="0.000299"/>
</kw>
<for flavor="IN">
<iter>
<kw name="Dictionary Should Contain Key" owner="Collections">
<arg>${json_data['results'][0]}</arg>
<arg>${key}</arg>
<doc>Fails if ``key`` is not found from ``dictionary``.</doc>
<status status="PASS" start="2024-06-19T17:15:32.917525" elapsed="0.000402"/>
</kw>
<kw name="Log" owner="BuiltIn">
<msg time="2024-06-19T17:15:32.918540" level="INFO">{'gender': 'female', 'name': {'title': 'Mrs', 'first': 'Likera', 'last': 'Ryaboshtan'}, 'location': {'street': {'number': 9206, 'name': 'Teodoziyi Brizh'}, 'city': 'Gorohiv', 'state': 'Zhitomirska', 'country': 'Ukraine', 'postcode': 53523, 'coordinates': {'latitude': '78.9148', 'longitude': '78.5163'}, 'timezone': {'offset': '+4:30', 'description': 'Kabul'}}, 'email': 'likera.ryaboshtan@example.com', 'login': {'uuid': '3b7ae133-72b4-4789-81b4-e66890e86a78', 'username': 'crazytiger463', 'password': 'picks', 'salt': 'iSpDHKch', 'md5': '5df7875c619f1d40860ec63b9b96ab9b', 'sha1': '626209cc2cb1206098faa43c95a97c167f79fbe8', 'sha256': '281b4bc9306d3b0de90476d8702ad86b16b85659e2407931c37ab81ad417f5b9'}, 'dob': {'date': '1969-04-14T04:15:55.570Z', 'age': 55}, 'registered': {'date': '2012-06-20T01:11:20.728Z', 'age': 11}, 'phone': '(066) X53-6458', 'cell': '(096) P32-1904', 'id': {'name': '', 'value': None}, 'picture': {'large': 'https://randomuser.me/api/portraits/women/60.jpg', 'medium': 'https://randomuser.me/api/portraits/med/women/60.jpg', 'thumbnail': 'https://randomuser.me/api/portraits/thumb/women/60.jpg'}, 'nat': 'UA'}</msg>
<arg>${json_data['results'][0]}</arg>
<doc>Logs the given message with the given level.</doc>
<status status="PASS" start="2024-06-19T17:15:32.918176" elapsed="0.000414"/>
</kw>
<kw name="Log" owner="BuiltIn">
<msg time="2024-06-19T17:15:32.919025" level="INFO">gender</msg>
<arg>${key}</arg>
<doc>Logs the given message with the given level.</doc>
<status status="PASS" start="2024-06-19T17:15:32.918896" elapsed="0.000167"/>
</kw>
<var name="${key}">gender</var>
<status status="PASS" start="2024-06-19T17:15:32.917403" elapsed="0.001876"/>
</iter>
<iter>
<kw name="Dictionary Should Contain Key" owner="Collections">
<arg>${json_data['results'][0]}</arg>
<arg>${key}</arg>
<doc>Fails if ``key`` is not found from ``dictionary``.</doc>
<status status="PASS" start="2024-06-19T17:15:32.919572" elapsed="0.000390"/>
</kw>
<kw name="Log" owner="BuiltIn">
<msg time="2024-06-19T17:15:32.920499" level="INFO">{'gender': 'female', 'name': {'title': 'Mrs', 'first': 'Likera', 'last': 'Ryaboshtan'}, 'location': {'street': {'number': 9206, 'name': 'Teodoziyi Brizh'}, 'city': 'Gorohiv', 'state': 'Zhitomirska', 'country': 'Ukraine', 'postcode': 53523, 'coordinates': {'latitude': '78.9148', 'longitude': '78.5163'}, 'timezone': {'offset': '+4:30', 'description': 'Kabul'}}, 'email': 'likera.ryaboshtan@example.com', 'login': {'uuid': '3b7ae133-72b4-4789-81b4-e66890e86a78', 'username': 'crazytiger463', 'password': 'picks', 'salt': 'iSpDHKch', 'md5': '5df7875c619f1d40860ec63b9b96ab9b', 'sha1': '626209cc2cb1206098faa43c95a97c167f79fbe8', 'sha256': '281b4bc9306d3b0de90476d8702ad86b16b85659e2407931c37ab81ad417f5b9'}, 'dob': {'date': '1969-04-14T04:15:55.570Z', 'age': 55}, 'registered': {'date': '2012-06-20T01:11:20.728Z', 'age': 11}, 'phone': '(066) X53-6458', 'cell': '(096) P32-1904', 'id': {'name': '', 'value': None}, 'picture': {'large': 'https://randomuser.me/api/portraits/women/60.jpg', 'medium': 'https://randomuser.me/api/portraits/med/women/60.jpg', 'thumbnail': 'https://randomuser.me/api/portraits/thumb/women/60.jpg'}, 'nat': 'UA'}</msg>
<arg>${json_data['results'][0]}</arg>
<doc>Logs the given message with the given level.</doc>
<status status="PASS" start="2024-06-19T17:15:32.920148" elapsed="0.000431"/>
</kw>
<kw name="Log" owner="BuiltIn">
<msg time="2024-06-19T17:15:32.921003" level="INFO">name</msg>
<arg>${key}</arg>
<doc>Logs the given message with the given level.</doc>
<status status="PASS" start="2024-06-19T17:15:32.920875" elapsed="0.000167"/>
</kw>
<var name="${key}">name</var>
<status status="PASS" start="2024-06-19T17:15:32.919462" elapsed="0.001798"/>
</iter>
<iter>
<kw name="Dictionary Should Contain Key" owner="Collections">
<arg>${json_data['results'][0]}</arg>
<arg>${key}</arg>
<doc>Fails if ``key`` is not found from ``dictionary``.</doc>
<status status="PASS" start="2024-06-19T17:15:32.921548" elapsed="0.000411"/>
</kw>
<kw name="Log" owner="BuiltIn">
<msg time="2024-06-19T17:15:32.922506" level="INFO">{'gender': 'female', 'name': {'title': 'Mrs', 'first': 'Likera', 'last': 'Ryaboshtan'}, 'location': {'street': {'number': 9206, 'name': 'Teodoziyi Brizh'}, 'city': 'Gorohiv', 'state': 'Zhitomirska', 'country': 'Ukraine', 'postcode': 53523, 'coordinates': {'latitude': '78.9148', 'longitude': '78.5163'}, 'timezone': {'offset': '+4:30', 'description': 'Kabul'}}, 'email': 'likera.ryaboshtan@example.com', 'login': {'uuid': '3b7ae133-72b4-4789-81b4-e66890e86a78', 'username': 'crazytiger463', 'password': 'picks', 'salt': 'iSpDHKch', 'md5': '5df7875c619f1d40860ec63b9b96ab9b', 'sha1': '626209cc2cb1206098faa43c95a97c167f79fbe8', 'sha256': '281b4bc9306d3b0de90476d8702ad86b16b85659e2407931c37ab81ad417f5b9'}, 'dob': {'date': '1969-04-14T04:15:55.570Z', 'age': 55}, 'registered': {'date': '2012-06-20T01:11:20.728Z', 'age': 11}, 'phone': '(066) X53-6458', 'cell': '(096) P32-1904', 'id': {'name': '', 'value': None}, 'picture': {'large': 'https://randomuser.me/api/portraits/women/60.jpg', 'medium': 'https://randomuser.me/api/portraits/med/women/60.jpg', 'thumbnail': 'https://randomuser.me/api/portraits/thumb/women/60.jpg'}, 'nat': 'UA'}</msg>
<arg>${json_data['results'][0]}</arg>
<doc>Logs the given message with the given level.</doc>
<status status="PASS" start="2024-06-19T17:15:32.922152" elapsed="0.000403"/>
</kw>
<kw name="Log" owner="BuiltIn">
<msg time="2024-06-19T17:15:32.922974" level="INFO">location</msg>
<arg>${key}</arg>
<doc>Logs the given message with the given level.</doc>
<status status="PASS" start="2024-06-19T17:15:32.922847" elapsed="0.000164"/>
</kw>
<var name="${key}">location</var>
<status status="PASS" start="2024-06-19T17:15:32.921439" elapsed="0.001787"/>
</iter>
<iter>
<kw name="Dictionary Should Contain Key" owner="Collections">
<arg>${json_data['results'][0]}</arg>
<arg>${key}</arg>
<doc>Fails if ``key`` is not found from ``dictionary``.</doc>
<status status="PASS" start="2024-06-19T17:15:32.923508" elapsed="0.000385"/>
</kw>
<kw name="Log" owner="BuiltIn">
<msg time="2024-06-19T17:15:32.924429" level="INFO">{'gender': 'female', 'name': {'title': 'Mrs', 'first': 'Likera', 'last': 'Ryaboshtan'}, 'location': {'street': {'number': 9206, 'name': 'Teodoziyi Brizh'}, 'city': 'Gorohiv', 'state': 'Zhitomirska', 'country': 'Ukraine', 'postcode': 53523, 'coordinates': {'latitude': '78.9148', 'longitude': '78.5163'}, 'timezone': {'offset': '+4:30', 'description': 'Kabul'}}, 'email': 'likera.ryaboshtan@example.com', 'login': {'uuid': '3b7ae133-72b4-4789-81b4-e66890e86a78', 'username': 'crazytiger463', 'password': 'picks', 'salt': 'iSpDHKch', 'md5': '5df7875c619f1d40860ec63b9b96ab9b', 'sha1': '626209cc2cb1206098faa43c95a97c167f79fbe8', 'sha256': '281b4bc9306d3b0de90476d8702ad86b16b85659e2407931c37ab81ad417f5b9'}, 'dob': {'date': '1969-04-14T04:15:55.570Z', 'age': 55}, 'registered': {'date': '2012-06-20T01:11:20.728Z', 'age': 11}, 'phone': '(066) X53-6458', 'cell': '(096) P32-1904', 'id': {'name': '', 'value': None}, 'picture': {'large': 'https://randomuser.me/api/portraits/women/60.jpg', 'medium': 'https://randomuser.me/api/portraits/med/women/60.jpg', 'thumbnail': 'https://randomuser.me/api/portraits/thumb/women/60.jpg'}, 'nat': 'UA'}</msg>
<arg>${json_data['results'][0]}</arg>
<doc>Logs the given message with the given level.</doc>
<status status="PASS" start="2024-06-19T17:15:32.924079" elapsed="0.000410"/>
</kw>
<kw name="Log" owner="BuiltIn">
<msg time="2024-06-19T17:15:32.924905" level="INFO">email</msg>
<arg>${key}</arg>
<doc>Logs the given message with the given level.</doc>
<status status="PASS" start="2024-06-19T17:15:32.924779" elapsed="0.000164"/>
</kw>
<var name="${key}">email</var>
<status status="PASS" start="2024-06-19T17:15:32.923401" elapsed="0.001751"/>
</iter>
<iter>
<kw name="Dictionary Should Contain Key" owner="Collections">
<arg>${json_data['results'][0]}</arg>
<arg>${key}</arg>
<doc>Fails if ``key`` is not found from ``dictionary``.</doc>
<status status="PASS" start="2024-06-19T17:15:32.925427" elapsed="0.000386"/>
</kw>
<kw name="Log" owner="BuiltIn">
<msg time="2024-06-19T17:15:32.926370" level="INFO">{'gender': 'female', 'name': {'title': 'Mrs', 'first': 'Likera', 'last': 'Ryaboshtan'}, 'location': {'street': {'number': 9206, 'name': 'Teodoziyi Brizh'}, 'city': 'Gorohiv', 'state': 'Zhitomirska', 'country': 'Ukraine', 'postcode': 53523, 'coordinates': {'latitude': '78.9148', 'longitude': '78.5163'}, 'timezone': {'offset': '+4:30', 'description': 'Kabul'}}, 'email': 'likera.ryaboshtan@example.com', 'login': {'uuid': '3b7ae133-72b4-4789-81b4-e66890e86a78', 'username': 'crazytiger463', 'password': 'picks', 'salt': 'iSpDHKch', 'md5': '5df7875c619f1d40860ec63b9b96ab9b', 'sha1': '626209cc2cb1206098faa43c95a97c167f79fbe8', 'sha256': '281b4bc9306d3b0de90476d8702ad86b16b85659e2407931c37ab81ad417f5b9'}, 'dob': {'date': '1969-04-14T04:15:55.570Z', 'age': 55}, 'registered': {'date': '2012-06-20T01:11:20.728Z', 'age': 11}, 'phone': '(066) X53-6458', 'cell': '(096) P32-1904', 'id': {'name': '', 'value': None}, 'picture': {'large': 'https://randomuser.me/api/portraits/women/60.jpg', 'medium': 'https://randomuser.me/api/portraits/med/women/60.jpg', 'thumbnail': 'https://randomuser.me/api/portraits/thumb/women/60.jpg'}, 'nat': 'UA'}</msg>
<arg>${json_data['results'][0]}</arg>
<doc>Logs the given message with the given level.</doc>
<status status="PASS" start="2024-06-19T17:15:32.926012" elapsed="0.000413"/>
</kw>
<kw name="Log" owner="BuiltIn">
<msg time="2024-06-19T17:15:32.926846" level="INFO">login</msg>
<arg>${key}</arg>
<doc>Logs the given message with the given level.</doc>
<status status="PASS" start="2024-06-19T17:15:32.926720" elapsed="0.000163"/>
</kw>
<var name="${key}">login</var>
<status status="PASS" start="2024-06-19T17:15:32.925319" elapsed="0.001777"/>
</iter>
<var>${key}</var>
<value>@{expected_keys}</value>
<status status="PASS" start="2024-06-19T17:15:32.917217" elapsed="0.009996"/>
</for>
<kw name="Create List" owner="BuiltIn">
<msg time="2024-06-19T17:15:32.927527" level="INFO">${expected_keysTwo} = ['username', 'password']</msg>
<var>${expected_keysTwo}</var>
<arg>username</arg>
<arg>password</arg>
<doc>Returns a list containing given items.</doc>
<status status="PASS" start="2024-06-19T17:15:32.927395" elapsed="0.000156"/>
</kw>
<for flavor="IN">
<iter>
<kw name="Dictionary Should Contain Key" owner="Collections">
<arg>${json_data['results'][0]['login']}</arg>
<arg>${keyTwo}</arg>
<doc>Fails if ``key`` is not found from ``dictionary``.</doc>
<status status="PASS" start="2024-06-19T17:15:32.928066" elapsed="0.000379"/>
</kw>
<kw name="Dictionary Should Contain Key" owner="Collections">
<arg>${json_data['results'][0]['login']}</arg>
<arg>${keyTwo}</arg>
<doc>Fails if ``key`` is not found from ``dictionary``.</doc>
<status status="PASS" start="2024-06-19T17:15:32.928631" elapsed="0.000373"/>
</kw>
<kw name="Log" owner="BuiltIn">
<msg time="2024-06-19T17:15:32.929298" level="INFO">username</msg>
<arg>${keyTwo}</arg>
<doc>Logs the given message with the given level.</doc>
<status status="PASS" start="2024-06-19T17:15:32.929179" elapsed="0.000156"/>
</kw>
<var name="${keyTwo}">username</var>
<status status="PASS" start="2024-06-19T17:15:32.927960" elapsed="0.001597"/>
</iter>
<iter>
<kw name="Dictionary Should Contain Key" owner="Collections">
<arg>${json_data['results'][0]['login']}</arg>
<arg>${keyTwo}</arg>
<doc>Fails if ``key`` is not found from ``dictionary``.</doc>
<status status="PASS" start="2024-06-19T17:15:32.929833" elapsed="0.000403"/>
</kw>
<kw name="Dictionary Should Contain Key" owner="Collections">
<arg>${json_data['results'][0]['login']}</arg>
<arg>${keyTwo}</arg>
<doc>Fails if ``key`` is not found from ``dictionary``.</doc>
<status status="PASS" start="2024-06-19T17:15:32.930414" elapsed="0.000372"/>
</kw>
<kw name="Log" owner="BuiltIn">
<msg time="2024-06-19T17:15:32.931081" level="INFO">password</msg>
<arg>${keyTwo}</arg>
<doc>Logs the given message with the given level.</doc>
<status status="PASS" start="2024-06-19T17:15:32.930964" elapsed="0.000154"/>
</kw>
<var name="${keyTwo}">password</var>
<status status="PASS" start="2024-06-19T17:15:32.929727" elapsed="0.001707"/>
</iter>
<var>${keyTwo}</var>
<value>@{expected_keysTwo}</value>
<status status="PASS" start="2024-06-19T17:15:32.927807" elapsed="0.003747"/>
</for>
<status status="PASS" start="2024-06-19T17:15:32.762884" elapsed="0.168808"/>
</kw>
<doc>Testa a estrutura da resposta da API.</doc>
<tag>testeEstruturaResposta</tag>
<status status="PASS" start="2024-06-19T17:15:32.762324" elapsed="0.169514"/>
</test>
<test id="s1-s1-t4" name="Validar tipos de dados" line="28">
<kw name="Teste de Tipos de Dados" owner="random-user-service">
<kw name="GET On Session" owner="RequestsLibrary">
<msg time="2024-06-19T17:15:32.988319" level="INFO">GET Request : url=https://randomuser.me/api 
 path_url=/api 
 headers={'User-Agent': 'python-requests/2.32.3', 'Accept-Encoding': 'gzip, deflate', 'Accept': '*/*', 'Connection': 'keep-alive'} 
 body=None 
 </msg>
<msg time="2024-06-19T17:15:32.988381" level="INFO">GET Response : url=https://randomuser.me/api 
 status=200, reason=OK 
 headers={'Date': 'Wed, 19 Jun 2024 17:15:32 GMT', 'Content-Type': 'application/json; charset=utf-8', 'Transfer-Encoding': 'chunked', 'Connection': 'keep-alive', 'X-Powered-By': 'Express', 'Access-Control-Allow-Origin': '*', 'Cache-Control': 'no-cache', 'ETag': 'W/"487-dJbh+SUzBVjnkk9g4HjihHDuFkA"', 'Vary': 'Accept-Encoding', 'Content-Encoding': 'gzip', 'CF-Cache-Status': 'DYNAMIC', 'Report-To': '{"endpoints":[{"url":"https:\\/\\/a.nel.cloudflare.com\\/report\\/v4?s=vG4hAjIG2AcLnMHic2C%2BinCbL%2FyqZJBaZInEFk5YUqvRxyWSA1ssg3eAcBpPmHQX4lpG1Kd%2F%2FBG6DhRYBRvJODwSmuiByo4aLGF8oazbT7XH1KGOLkA3cbKqTZImjvAZ"}],"group":"cf-nel","max_age":604800}', 'NEL': '{"success_fraction":0,"report_to":"cf-nel","max_age":604800}', 'Server': 'cloudflare', 'CF-RAY': '8965296adc0fb47a-ORD', 'alt-svc': 'h3=":443"; ma=86400'} 
 body={"results":[{"gender":"female","name":{"title":"Miss","first":"Ragnhild","last":"Vestly"},"location":{"street":{"number":742,"name":"Myntfunnveien"},"city":"Rensvik","state":"Trøndelag","country":"Norway","postcode":"4802","coordinates":{"latitude":"46.0513","longitude":"167.5677"},"timezone":{"offset":"+7:00","description":"Bangkok, Hanoi, Jakarta"}},"email":"ragnhild.vestly@example.com","login":{"uuid":"ce4c19ad-d084-4c20-aa1f-e8c59b363621","username":"yellowtiger560","password":"bassman","salt":"dFqUjciQ","md5":"7ebbcd4160473704b95adaaa38688240","sha1":"97180ab34bea70601442f460dded8e7c110b3899","sha256":"98edbb0645aa79166d30e54825c5fcff17b8891127dd3a7dc9f7521335699e63"},"dob":{"date":"1988-07-23T17:30:35.922Z","age":35},"registered":{"date":"2009-03-05T09:56:19.773Z","age":15},"phone":"72323104","cell":"46727991","id":{"name":"FN","value":"23078822694"},"picture":{"large":"https://randomuser.me/api/portraits/women/55.jpg","medium":"https://randomuser.me/api/portraits/med/women/55.jpg","thumbnail":"https://randomuser.me/api/portraits/thumb/women/55.jpg"},"nat":"NO"}],"info":{"seed":"cfa262dcd644d7a3","results":1,"page":1,"version":"1.4"}} 
 </msg>
<msg time="2024-06-19T17:15:32.988438" level="INFO">/opt/hostedtoolcache/Python/3.12.4/x64/lib/python3.12/site-packages/urllib3/connectionpool.py:1099: InsecureRequestWarning: Unverified HTTPS request is being made to host 'randomuser.me'. Adding certificate verification is strongly advised. See: https://urllib3.readthedocs.io/en/latest/advanced-usage.html#tls-warnings
  warnings.warn(</msg>
<msg time="2024-06-19T17:15:32.988527" level="INFO">${response} = &lt;Response [200]&gt;</msg>
<var>${response}</var>
<arg>consultarAPI</arg>
<arg>/api</arg>
<doc>Sends a GET request on a previously created HTTP Session.</doc>
<status status="PASS" start="2024-06-19T17:15:32.934331" elapsed="0.054237"/>
</kw>
<kw name="Set Variable" owner="BuiltIn">
<msg time="2024-06-19T17:15:32.989585" level="INFO">${json_data} = {'results': [{'gender': 'female', 'name': {'title': 'Miss', 'first': 'Ragnhild', 'last': 'Vestly'}, 'location': {'street': {'number': 742, 'name': 'Myntfunnveien'}, 'city': 'Rensvik', 'state': 'Trønde...</msg>
<var>${json_data}</var>
<arg>${response.json()}</arg>
<doc>Returns the given values which can then be assigned to a variables.</doc>
<status status="PASS" start="2024-06-19T17:15:32.989018" elapsed="0.000596"/>
</kw>
<kw name="Log" owner="BuiltIn">
<msg time="2024-06-19T17:15:32.990112" level="INFO">{'results': [{'gender': 'female', 'name': {'title': 'Miss', 'first': 'Ragnhild', 'last': 'Vestly'}, 'location': {'street': {'number': 742, 'name': 'Myntfunnveien'}, 'city': 'Rensvik', 'state': 'Trøndelag', 'country': 'Norway', 'postcode': '4802', 'coordinates': {'latitude': '46.0513', 'longitude': '167.5677'}, 'timezone': {'offset': '+7:00', 'description': 'Bangkok, Hanoi, Jakarta'}}, 'email': 'ragnhild.vestly@example.com', 'login': {'uuid': 'ce4c19ad-d084-4c20-aa1f-e8c59b363621', 'username': 'yellowtiger560', 'password': 'bassman', 'salt': 'dFqUjciQ', 'md5': '7ebbcd4160473704b95adaaa38688240', 'sha1': '97180ab34bea70601442f460dded8e7c110b3899', 'sha256': '98edbb0645aa79166d30e54825c5fcff17b8891127dd3a7dc9f7521335699e63'}, 'dob': {'date': '1988-07-23T17:30:35.922Z', 'age': 35}, 'registered': {'date': '2009-03-05T09:56:19.773Z', 'age': 15}, 'phone': '72323104', 'cell': '46727991', 'id': {'name': 'FN', 'value': '23078822694'}, 'picture': {'large': 'https://randomuser.me/api/portraits/women/55.jpg', 'medium': 'https://randomuser.me/api/portraits/med/women/55.jpg', 'thumbnail': 'https://randomuser.me/api/portraits/thumb/women/55.jpg'}, 'nat': 'NO'}], 'info': {'seed': 'cfa262dcd644d7a3', 'results': 1, 'page': 1, 'version': '1.4'}}</msg>
<arg>${json_data}</arg>
<doc>Logs the given message with the given level.</doc>
<status status="PASS" start="2024-06-19T17:15:32.989916" elapsed="0.000245"/>
</kw>
<kw name="Should Be String" owner="String">
<arg>${json_data['results'][0]['gender']}</arg>
<doc>Fails if the given ``item`` is not a string.</doc>
<status status="PASS" start="2024-06-19T17:15:32.990457" elapsed="0.000366"/>
</kw>
<kw name="Should Match Regexp" owner="BuiltIn">
<arg>${json_data['results'][0]['email']}</arg>
<arg>^[a-zA-Z0-9._%+-]+@[a-zA-Z0-9.-]+\.[a-zA-Z]{2,}$</arg>
<doc>Fails if ``string`` does not match ``pattern`` as a regular expression.</doc>
<status status="PASS" start="2024-06-19T17:15:32.991010" elapsed="0.000503"/>
</kw>
<kw name="Should Match Regexp" owner="BuiltIn">
<arg>${json_data['results'][0]['dob']['date']}</arg>
<arg>\\d{4}-\\d{2}-\\d{2}T\\d{2}:\\d{2}:\\d{2}\\.\\d{3}Z</arg>
<doc>Fails if ``string`` does not match ``pattern`` as a regular expression.</doc>
<status status="PASS" start="2024-06-19T17:15:32.991738" elapsed="0.000491"/>
</kw>
<kw name="Should Match Regexp" owner="BuiltIn">
<arg>${json_data['results'][0]['registered']['date']}</arg>
<arg>\\d{4}-\\d{2}-\\d{2}T\\d{2}:\\d{2}:\\d{2}\\.\\d{3}Z</arg>
<doc>Fails if ``string`` does not match ``pattern`` as a regular expression.</doc>
<status status="PASS" start="2024-06-19T17:15:32.992418" elapsed="0.000369"/>
</kw>
<kw name="Should Match Regexp" owner="BuiltIn">
<arg>${json_data['results'][0]['picture']['large']}</arg>
<arg>^https?://.*\.(?:png|jpe?g|gif|bmp)$</arg>
<doc>Fails if ``string`` does not match ``pattern`` as a regular expression.</doc>
<status status="PASS" start="2024-06-19T17:15:32.992970" elapsed="0.000456"/>
</kw>
<kw name="Should Match Regexp" owner="BuiltIn">
<arg>${json_data['results'][0]['picture']['medium']}</arg>
<arg>^https?://.*\.(?:png|jpe?g|gif|bmp)$</arg>
<doc>Fails if ``string`` does not match ``pattern`` as a regular expression.</doc>
<status status="PASS" start="2024-06-19T17:15:32.993611" elapsed="0.000375"/>
</kw>
<kw name="Should Match Regexp" owner="BuiltIn">
<arg>${json_data['results'][0]['picture']['thumbnail']}</arg>
<arg>^https?://.*\.(?:png|jpe?g|gif|bmp)$</arg>
<doc>Fails if ``string`` does not match ``pattern`` as a regular expression.</doc>
<status status="PASS" start="2024-06-19T17:15:32.994175" elapsed="0.000349"/>
</kw>
<kw name="Log" owner="BuiltIn">
<msg time="2024-06-19T17:15:32.995038" level="INFO">{'large': 'https://randomuser.me/api/portraits/women/55.jpg', 'medium': 'https://randomuser.me/api/portraits/med/women/55.jpg', 'thumbnail': 'https://randomuser.me/api/portraits/thumb/women/55.jpg'}</msg>
<arg>${json_data['results'][0]['picture']}</arg>
<doc>Logs the given message with the given level.</doc>
<status status="PASS" start="2024-06-19T17:15:32.994708" elapsed="0.000381"/>
</kw>
<status status="PASS" start="2024-06-19T17:15:32.934112" elapsed="0.061277"/>
</kw>
<kw name="Teste de Tipos de Dados - Postcode" owner="random-user-service">
<kw name="GET On Session" owner="RequestsLibrary">
<msg time="2024-06-19T17:15:33.116558" level="INFO">GET Request : url=https://randomuser.me/api 
 path_url=/api 
 headers={'User-Agent': 'python-requests/2.32.3', 'Accept-Encoding': 'gzip, deflate', 'Accept': '*/*', 'Connection': 'keep-alive'} 
 body=None 
 </msg>
<msg time="2024-06-19T17:15:33.116636" level="INFO">GET Response : url=https://randomuser.me/api 
 status=200, reason=OK 
 headers={'Date': 'Wed, 19 Jun 2024 17:15:33 GMT', 'Content-Type': 'application/json; charset=utf-8', 'Transfer-Encoding': 'chunked', 'Connection': 'keep-alive', 'X-Powered-By': 'Express', 'Access-Control-Allow-Origin': '*', 'Cache-Control': 'no-cache', 'ETag': 'W/"4ad-brViGf8NFfgpqnK0tgGvjRJbYJQ"', 'Vary': 'Accept-Encoding', 'Content-Encoding': 'gzip', 'CF-Cache-Status': 'DYNAMIC', 'Report-To': '{"endpoints":[{"url":"https:\\/\\/a.nel.cloudflare.com\\/report\\/v4?s=d7INVF7ovyM9xqU2tdyuD2hejVtVpBO%2B7p4JxAVfdc0U79OLm9LOPYN3y0sCTdvPeKY163EfvHBNnri6ar4OuE4UCP5hscPti4ejDb0bhGliqHEo5BPbITrvGqtmtcvk"}],"group":"cf-nel","max_age":604800}', 'NEL': '{"success_fraction":0,"report_to":"cf-nel","max_age":604800}', 'Server': 'cloudflare', 'CF-RAY': '8965296b3c83b47a-ORD', 'alt-svc': 'h3=":443"; ma=86400'} 
 body={"results":[{"gender":"female","name":{"title":"Miss","first":"Violeta","last":"Robledo"},"location":{"street":{"number":3048,"name":"Corredor Rumania"},"city":"Esperanza","state":"Tabasco","country":"Mexico","postcode":83909,"coordinates":{"latitude":"27.2480","longitude":"80.8671"},"timezone":{"offset":"0:00","description":"Western Europe Time, London, Lisbon, Casablanca"}},"email":"violeta.robledo@example.com","login":{"uuid":"fc37484d-d3c0-4ce6-8932-06423c45e765","username":"blackbear483","password":"cabron","salt":"mVbW4yrK","md5":"27ca07311bf9d3b3fd2ec91e93d7eedf","sha1":"9a17142f5eada74e2fa5fba41c8463063c505632","sha256":"dddec59e3b91c4f77071ae7c3510f5f4e25e90173eb1da7208259da7c0bfcb59"},"dob":{"date":"1960-05-21T11:16:10.891Z","age":64},"registered":{"date":"2004-11-17T06:46:49.867Z","age":19},"phone":"(672) 394 3394","cell":"(643) 210 4899","id":{"name":"NSS","value":"82 10 37 8968 0"},"picture":{"large":"https://randomuser.me/api/portraits/women/20.jpg","medium":"https://randomuser.me/api/portraits/med/women/20.jpg","thumbnail":"https://randomuser.me/api/portraits/thumb/women/20.jpg"},"nat":"MX"}],"info":{"seed":"85235112c897fef0","results":1,"page":1,"version":"1.4"}} 
 </msg>
<msg time="2024-06-19T17:15:33.116704" level="INFO">/opt/hostedtoolcache/Python/3.12.4/x64/lib/python3.12/site-packages/urllib3/connectionpool.py:1099: InsecureRequestWarning: Unverified HTTPS request is being made to host 'randomuser.me'. Adding certificate verification is strongly advised. See: https://urllib3.readthedocs.io/en/latest/advanced-usage.html#tls-warnings
  warnings.warn(</msg>
<msg time="2024-06-19T17:15:33.116814" level="INFO">${response} = &lt;Response [200]&gt;</msg>
<var>${response}</var>
<arg>consultarAPI</arg>
<arg>/api</arg>
<doc>Sends a GET request on a previously created HTTP Session.</doc>
<status status="PASS" start="2024-06-19T17:15:32.995822" elapsed="0.121045"/>
</kw>
<kw name="Set Variable" owner="BuiltIn">
<msg time="2024-06-19T17:15:33.117895" level="INFO">${json_data} = {'results': [{'gender': 'female', 'name': {'title': 'Miss', 'first': 'Violeta', 'last': 'Robledo'}, 'location': {'street': {'number': 3048, 'name': 'Corredor Rumania'}, 'city': 'Esperanza', 'state': '...</msg>
<var>${json_data}</var>
<arg>${response.json()}</arg>
<doc>Returns the given values which can then be assigned to a variables.</doc>
<status status="PASS" start="2024-06-19T17:15:33.117328" elapsed="0.000596"/>
</kw>
<kw name="Log" owner="BuiltIn">
<msg time="2024-06-19T17:15:33.118418" level="INFO">{'results': [{'gender': 'female', 'name': {'title': 'Miss', 'first': 'Violeta', 'last': 'Robledo'}, 'location': {'street': {'number': 3048, 'name': 'Corredor Rumania'}, 'city': 'Esperanza', 'state': 'Tabasco', 'country': 'Mexico', 'postcode': 83909, 'coordinates': {'latitude': '27.2480', 'longitude': '80.8671'}, 'timezone': {'offset': '0:00', 'description': 'Western Europe Time, London, Lisbon, Casablanca'}}, 'email': 'violeta.robledo@example.com', 'login': {'uuid': 'fc37484d-d3c0-4ce6-8932-06423c45e765', 'username': 'blackbear483', 'password': 'cabron', 'salt': 'mVbW4yrK', 'md5': '27ca07311bf9d3b3fd2ec91e93d7eedf', 'sha1': '9a17142f5eada74e2fa5fba41c8463063c505632', 'sha256': 'dddec59e3b91c4f77071ae7c3510f5f4e25e90173eb1da7208259da7c0bfcb59'}, 'dob': {'date': '1960-05-21T11:16:10.891Z', 'age': 64}, 'registered': {'date': '2004-11-17T06:46:49.867Z', 'age': 19}, 'phone': '(672) 394 3394', 'cell': '(643) 210 4899', 'id': {'name': 'NSS', 'value': '82 10 37 8968 0'}, 'picture': {'large': 'https://randomuser.me/api/portraits/women/20.jpg', 'medium': 'https://randomuser.me/api/portraits/med/women/20.jpg', 'thumbnail': 'https://randomuser.me/api/portraits/thumb/women/20.jpg'}, 'nat': 'MX'}], 'info': {'seed': '85235112c897fef0', 'results': 1, 'page': 1, 'version': '1.4'}}</msg>
<arg>${json_data}</arg>
<doc>Logs the given message with the given level.</doc>
<status status="PASS" start="2024-06-19T17:15:33.118265" elapsed="0.000200"/>
</kw>
<kw name="Should Be Equal As Numbers" owner="BuiltIn">
<arg>${json_data['results'][0]['location']['postcode']}</arg>
<arg>${json_data['results'][0]['location']['postcode']}</arg>
<doc>Fails if objects are unequal after converting them to real numbers.</doc>
<status status="PASS" start="2024-06-19T17:15:33.118762" elapsed="0.000630"/>
</kw>
<kw name="Log" owner="BuiltIn">
<msg time="2024-06-19T17:15:33.120037" level="INFO">83909</msg>
<arg>${json_data['results'][0]['location']['postcode']}</arg>
<doc>Logs the given message with the given level.</doc>
<status status="PASS" start="2024-06-19T17:15:33.119579" elapsed="0.000500"/>
</kw>
<status status="PASS" start="2024-06-19T17:15:32.995610" elapsed="0.124747"/>
</kw>
<doc>Testa se os tipos de dados na resposta da API estão corretos.</doc>
<tag>testeTiposDados</tag>
<status status="PASS" start="2024-06-19T17:15:32.933569" elapsed="0.186945"/>
</test>
<test id="s1-s1-t5" name="Validar conteudo" line="35">
<kw name="Teste de Tipos de Conteudo" owner="random-user-service">
<kw name="GET On Session" owner="RequestsLibrary">
<msg time="2024-06-19T17:15:33.246083" level="INFO">GET Request : url=https://randomuser.me/api 
 path_url=/api 
 headers={'User-Agent': 'python-requests/2.32.3', 'Accept-Encoding': 'gzip, deflate', 'Accept': '*/*', 'Connection': 'keep-alive'} 
 body=None 
 </msg>
<msg time="2024-06-19T17:15:33.246163" level="INFO">GET Response : url=https://randomuser.me/api 
 status=200, reason=OK 
 headers={'Date': 'Wed, 19 Jun 2024 17:15:33 GMT', 'Content-Type': 'application/json; charset=utf-8', 'Transfer-Encoding': 'chunked', 'Connection': 'keep-alive', 'X-Powered-By': 'Express', 'Access-Control-Allow-Origin': '*', 'Cache-Control': 'no-cache', 'ETag': 'W/"49b-yqSNuo0nY4fpZ7bx9dlnjNVwpgI"', 'Vary': 'Accept-Encoding', 'Content-Encoding': 'gzip', 'CF-Cache-Status': 'DYNAMIC', 'Report-To': '{"endpoints":[{"url":"https:\\/\\/a.nel.cloudflare.com\\/report\\/v4?s=Z5MHdKTORElprcWxkCusMjfbhsVrQ41%2Bq39nUHnXqdOOw%2Ft18sMSSgWqWy7icJ7EUedgNXA9Ao5Yifg2TyIZk2DLyh3%2FlIdRtoN7yZSvXdQ01t4Tri9i%2FvqVO1F7pXG4"}],"group":"cf-nel","max_age":604800}', 'NEL': '{"success_fraction":0,"report_to":"cf-nel","max_age":604800}', 'Server': 'cloudflare', 'CF-RAY': '8965296c0d9cb47a-ORD', 'alt-svc': 'h3=":443"; ma=86400'} 
 body={"results":[{"gender":"female","name":{"title":"Ms","first":"درسا","last":"مرادی"},"location":{"street":{"number":2229,"name":"دیباجی"},"city":"بروجرد","state":"خراسان جنوبی","country":"Iran","postcode":27775,"coordinates":{"latitude":"18.4370","longitude":"95.5000"},"timezone":{"offset":"+9:00","description":"Tokyo, Seoul, Osaka, Sapporo, Yakutsk"}},"email":"drs.mrdy@example.com","login":{"uuid":"5aae3434-34a8-4098-ba2e-b929ff1387c0","username":"tinypanda624","password":"browning","salt":"pPHdMHRO","md5":"30b68e61f23992fc448c8f19b6bf93a0","sha1":"4262518b50ce528d03579b51bd69cfd54de11b0d","sha256":"a44161023c69e57c8ab1a54a81356e69a8dac2a8f2bd87c68c8e5d9e826111e5"},"dob":{"date":"1953-08-08T05:36:00.135Z","age":70},"registered":{"date":"2013-10-14T03:51:08.629Z","age":10},"phone":"090-15480349","cell":"0999-542-8782","id":{"name":"","value":null},"picture":{"large":"https://randomuser.me/api/portraits/women/96.jpg","medium":"https://randomuser.me/api/portraits/med/women/96.jpg","thumbnail":"https://randomuser.me/api/portraits/thumb/women/96.jpg"},"nat":"IR"}],"info":{"seed":"1b37263ca3da233c","results":1,"page":1,"version":"1.4"}} 
 </msg>
<msg time="2024-06-19T17:15:33.246222" level="INFO">/opt/hostedtoolcache/Python/3.12.4/x64/lib/python3.12/site-packages/urllib3/connectionpool.py:1099: InsecureRequestWarning: Unverified HTTPS request is being made to host 'randomuser.me'. Adding certificate verification is strongly advised. See: https://urllib3.readthedocs.io/en/latest/advanced-usage.html#tls-warnings
  warnings.warn(</msg>
<msg time="2024-06-19T17:15:33.246306" level="INFO">${response} = &lt;Response [200]&gt;</msg>
<var>${response}</var>
<arg>consultarAPI</arg>
<arg>/api</arg>
<doc>Sends a GET request on a previously created HTTP Session.</doc>
<status status="PASS" start="2024-06-19T17:15:33.122982" elapsed="0.123365"/>
</kw>
<kw name="Set Variable" owner="BuiltIn">
<msg time="2024-06-19T17:15:33.247365" level="INFO">${json_data} = {'results': [{'gender': 'female', 'name': {'title': 'Ms', 'first': 'درسا', 'last': 'مرادی'}, 'location': {'street': {'number': 2229, 'name': 'دیباجی'}, 'city': 'بروجرد', 'state': 'خراسان جنوبی', 'coun...</msg>
<var>${json_data}</var>
<arg>${response.json()}</arg>
<doc>Returns the given values which can then be assigned to a variables.</doc>
<status status="PASS" start="2024-06-19T17:15:33.246797" elapsed="0.000598"/>
</kw>
<kw name="Set Variable" owner="BuiltIn">
<msg time="2024-06-19T17:15:33.248073" level="INFO">${name_title} = Ms</msg>
<var>${name_title}</var>
<arg>${json_data["results"][0]["name"]["title"]}</arg>
<doc>Returns the given values which can then be assigned to a variables.</doc>
<status status="PASS" start="2024-06-19T17:15:33.247699" elapsed="0.000400"/>
</kw>
<kw name="Create List" owner="BuiltIn">
<msg time="2024-06-19T17:15:33.248534" level="INFO">${allowed_titles} = ['Mr', 'Ms', 'Miss', 'Mrs', 'Madame', 'Monsieur']</msg>
<var>${allowed_titles}</var>
<arg>Mr</arg>
<arg>Ms</arg>
<arg>Miss</arg>
<arg>Mrs</arg>
<arg>Madame</arg>
<arg>Monsieur</arg>
<doc>Returns a list containing given items.</doc>
<status status="PASS" start="2024-06-19T17:15:33.248388" elapsed="0.000170"/>
</kw>
<kw name="List Should Contain Value" owner="Collections">
<arg>${allowed_titles}</arg>
<arg>${name_title}</arg>
<doc>Fails if the ``value`` is not found from ``list``.</doc>
<status status="PASS" start="2024-06-19T17:15:33.248852" elapsed="0.000170"/>
</kw>
<kw name="Set Variable" owner="BuiltIn">
<msg time="2024-06-19T17:15:33.249566" level="INFO">${name_country} = IR</msg>
<var>${name_country}</var>
<arg>${json_data["results"][0]["nat"]}</arg>
<doc>Returns the given values which can then be assigned to a variables.</doc>
<status status="PASS" start="2024-06-19T17:15:33.249197" elapsed="0.000395"/>
</kw>
<kw name="Create List" owner="BuiltIn">
<msg time="2024-06-19T17:15:33.250510" level="INFO">${list_country} = ['AD', 'AE', 'AF', 'AG', 'AI', 'AL', 'AM', 'AO', 'AQ', 'AR', 'AS', 'AT', 'AU', 'AW', 'AX', 'AZ', 'BA', 'BB', 'BD', 'BE', 'BF', 'BG', 'BH', 'BI', 'BJ', 'BL', 'BM', 'BN', 'BO', 'BQ', 'BR', 'BS', 'BT', '...</msg>
<var>${list_country}</var>
<arg>AD</arg>
<arg>AE</arg>
<arg>AF</arg>
<arg>AG</arg>
<arg>AI</arg>
<arg>AL</arg>
<arg>AM</arg>
<arg>AO</arg>
<arg>AQ</arg>
<arg>AR</arg>
<arg>AS</arg>
<arg>AT</arg>
<arg>AU</arg>
<arg>AW</arg>
<arg>AX</arg>
<arg>AZ</arg>
<arg>BA</arg>
<arg>BB</arg>
<arg>BD</arg>
<arg>BE</arg>
<arg>BF</arg>
<arg>BG</arg>
<arg>BH</arg>
<arg>BI</arg>
<arg>BJ</arg>
<arg>BL</arg>
<arg>BM</arg>
<arg>BN</arg>
<arg>BO</arg>
<arg>BQ</arg>
<arg>BR</arg>
<arg>BS</arg>
<arg>BT</arg>
<arg>BV</arg>
<arg>BW</arg>
<arg>BY</arg>
<arg>BZ</arg>
<arg>CA</arg>
<arg>CC</arg>
<arg>CD</arg>
<arg>CF</arg>
<arg>CG</arg>
<arg>CH</arg>
<arg>CI</arg>
<arg>CK</arg>
<arg>CL</arg>
<arg>CM</arg>
<arg>CN</arg>
<arg>CO</arg>
<arg>CR</arg>
<arg>CU</arg>
<arg>CV</arg>
<arg>CW</arg>
<arg>CX</arg>
<arg>CY</arg>
<arg>CZ</arg>
<arg>DE</arg>
<arg>DJ</arg>
<arg>DK</arg>
<arg>DM</arg>
<arg>DO</arg>
<arg>DZ</arg>
<arg>EC</arg>
<arg>EE</arg>
<arg>EG</arg>
<arg>EH</arg>
<arg>ER</arg>
<arg>ES</arg>
<arg>ET</arg>
<arg>FI</arg>
<arg>FJ</arg>
<arg>FK</arg>
<arg>FM</arg>
<arg>FO</arg>
<arg>FR</arg>
<arg>GA</arg>
<arg>GB</arg>
<arg>GD</arg>
<arg>GE</arg>
<arg>GF</arg>
<arg>GG</arg>
<arg>GH</arg>
<arg>GI</arg>
<arg>GL</arg>
<arg>GM</arg>
<arg>GN</arg>
<arg>GP</arg>
<arg>GQ</arg>
<arg>GR</arg>
<arg>GS</arg>
<arg>GT</arg>
<arg>GU</arg>
<arg>GW</arg>
<arg>GY</arg>
<arg>HK</arg>
<arg>HM</arg>
<arg>HN</arg>
<arg>HR</arg>
<arg>HT</arg>
<arg>HU</arg>
<arg>ID</arg>
<arg>IE</arg>
<arg>IL</arg>
<arg>IM</arg>
<arg>IN</arg>
<arg>IO</arg>
<arg>IQ</arg>
<arg>IR</arg>
<arg>IS</arg>
<arg>IT</arg>
<arg>JE</arg>
<arg>JM</arg>
<arg>JO</arg>
<arg>JP</arg>
<arg>KE</arg>
<arg>KG</arg>
<arg>KH</arg>
<arg>KI</arg>
<arg>KM</arg>
<arg>KN</arg>
<arg>KP</arg>
<arg>KR</arg>
<arg>KW</arg>
<arg>KY</arg>
<arg>KZ</arg>
<arg>LA</arg>
<arg>LB</arg>
<arg>LC</arg>
<arg>LI</arg>
<arg>LK</arg>
<arg>LR</arg>
<arg>LS</arg>
<arg>LT</arg>
<arg>LU</arg>
<arg>LV</arg>
<arg>LY</arg>
<arg>MA</arg>
<arg>MC</arg>
<arg>MD</arg>
<arg>ME</arg>
<arg>MF</arg>
<arg>MG</arg>
<arg>MH</arg>
<arg>MK</arg>
<arg>ML</arg>
<arg>MM</arg>
<arg>MN</arg>
<arg>MO</arg>
<arg>MP</arg>
<arg>MQ</arg>
<arg>MR</arg>
<arg>MS</arg>
<arg>MT</arg>
<arg>MU</arg>
<arg>MV</arg>
<arg>MW</arg>
<arg>MX</arg>
<arg>MY</arg>
<arg>MZ</arg>
<arg>NA</arg>
<arg>NC</arg>
<arg>NE</arg>
<arg>NF</arg>
<arg>NG</arg>
<arg>NI</arg>
<arg>NL</arg>
<arg>NO</arg>
<arg>NP</arg>
<arg>NR</arg>
<arg>NU</arg>
<arg>NZ</arg>
<arg>OM</arg>
<arg>PA</arg>
<arg>PE</arg>
<arg>PF</arg>
<arg>PG</arg>
<arg>PH</arg>
<arg>PK</arg>
<arg>PL</arg>
<arg>PM</arg>
<arg>PN</arg>
<arg>PR</arg>
<arg>PS</arg>
<arg>PT</arg>
<arg>PW</arg>
<arg>PY</arg>
<arg>QA</arg>
<arg>RE</arg>
<arg>RO</arg>
<arg>RS</arg>
<arg>RU</arg>
<arg>RW</arg>
<arg>SA</arg>
<arg>SB</arg>
<arg>SC</arg>
<arg>SD</arg>
<arg>SE</arg>
<arg>SG</arg>
<arg>SH</arg>
<arg>SI</arg>
<arg>SJ</arg>
<arg>SK</arg>
<arg>SL</arg>
<arg>SM</arg>
<arg>SN</arg>
<arg>SO</arg>
<arg>SR</arg>
<arg>SS</arg>
<arg>ST</arg>
<arg>SV</arg>
<arg>SX</arg>
<arg>SY</arg>
<arg>SZ</arg>
<arg>TC</arg>
<arg>TD</arg>
<arg>TF</arg>
<arg>TG</arg>
<arg>TH</arg>
<arg>TJ</arg>
<arg>TK</arg>
<arg>TL</arg>
<arg>TM</arg>
<arg>TN</arg>
<arg>TO</arg>
<arg>TR</arg>
<arg>TT</arg>
<arg>TV</arg>
<arg>TW</arg>
<arg>TZ</arg>
<arg>UA</arg>
<arg>UG</arg>
<arg>UM</arg>
<arg>US</arg>
<arg>UY</arg>
<arg>UZ</arg>
<arg>VA</arg>
<arg>VC</arg>
<arg>VE</arg>
<arg>VG</arg>
<arg>VI</arg>
<arg>VN</arg>
<arg>VU</arg>
<arg>WF</arg>
<arg>WS</arg>
<arg>XK</arg>
<arg>YE</arg>
<arg>YT</arg>
<arg>ZA</arg>
<arg>ZM</arg>
<arg>ZW</arg>
<doc>Returns a list containing given items.</doc>
<status status="PASS" start="2024-06-19T17:15:33.249883" elapsed="0.000653"/>
</kw>
<kw name="List Should Contain Value" owner="Collections">
<arg>${list_country}</arg>
<arg>${name_country}</arg>
<doc>Fails if the ``value`` is not found from ``list``.</doc>
<status status="PASS" start="2024-06-19T17:15:33.251339" elapsed="0.000201"/>
</kw>
<kw name="Run Keyword If" owner="BuiltIn">
<kw name="Should Be True" owner="BuiltIn">
<arg>${True}</arg>
<doc>Fails if the given condition is not true.</doc>
<status status="PASS" start="2024-06-19T17:15:33.252464" elapsed="0.000143"/>
</kw>
<arg>${json_data["results"][0]["location"]["coordinates"]["latitude"]} &gt;= -90 and ${json_data["results"][0]["location"]["coordinates"]["latitude"]} &lt;= 90</arg>
<arg>Should Be True</arg>
<arg>${True}</arg>
<doc>Runs the given keyword with the given arguments, if ``condition`` is true.</doc>
<status status="PASS" start="2024-06-19T17:15:33.251735" elapsed="0.000996"/>
</kw>
<kw name="Run Keyword If" owner="BuiltIn">
<kw name="Should Be True" owner="BuiltIn">
<arg>${True}</arg>
<doc>Fails if the given condition is not true.</doc>
<status status="PASS" start="2024-06-19T17:15:33.253597" elapsed="0.000228"/>
</kw>
<arg>${json_data["results"][0]["location"]["coordinates"]["longitude"]} &gt;= -180 and ${json_data["results"][0]["location"]["coordinates"]["longitude"]} &lt;= 180</arg>
<arg>Should Be True</arg>
<arg>${True}</arg>
<doc>Runs the given keyword with the given arguments, if ``condition`` is true.</doc>
<status status="PASS" start="2024-06-19T17:15:33.252912" elapsed="0.001068"/>
</kw>
<status status="PASS" start="2024-06-19T17:15:33.122768" elapsed="0.131349"/>
</kw>
<doc>Testa o conteúdo específico dos campos retornados pela API.</doc>
<tag>testeConteudo</tag>
<status status="PASS" start="2024-06-19T17:15:33.122277" elapsed="0.131982"/>
</test>
<status status="PASS" start="2024-06-19T17:15:32.317614" elapsed="0.938552"/>
</suite>
<status status="PASS" start="2024-06-19T17:15:32.303286" elapsed="0.957924"/>
</suite>
<statistics>
<total>
<stat pass="5" fail="0" skip="0">All Tests</stat>
</total>
<tag>
<stat pass="1" fail="0" skip="0">testeConteudo</stat>
<stat pass="1" fail="0" skip="0">testeEstruturaResposta</stat>
<stat pass="1" fail="0" skip="0">testeRequisicaoBasica</stat>
<stat pass="1" fail="0" skip="0">testeTiposDados</stat>
</tag>
<suite>
<stat pass="5" fail="0" skip="0" id="s1" name="Tests">Tests</stat>
<stat pass="5" fail="0" skip="0" id="s1-s1" name="Random-User-Test">Tests.Random-User-Test</stat>
</suite>
</statistics>
<errors>
</errors>
</robot>
