<?xml version="1.0" encoding="UTF-8"?>
<robot generator="Robot 7.0.1 (Python 3.12.4 on linux)" generated="2024-07-05T02:30:58.864198" rpa="false" schemaversion="5">
<suite id="s1" name="Tests" source="/home/runner/work/ApiRandomUser/ApiRandomUser/RamdonUser/tests">
<suite id="s1-s1" name="Random-User-Test" source="/home/runner/work/ApiRandomUser/ApiRandomUser/RamdonUser/tests/random-user-test.robot">
<test id="s1-s1-t1" name="Conectar" line="13">
<kw name="Conectar API" owner="random-user-service">
<kw name="Create Session" owner="RequestsLibrary">
<msg time="2024-07-05T02:30:59.256117" level="INFO">Creating Session using : alias=consultarAPI, url=https://randomuser.me/, headers={},                     cookies={}, auth=None, timeout=None, proxies=None, verify=False,                     debug=0 </msg>
<arg>consultarAPI</arg>
<arg>${URL}</arg>
<doc>Create Session: create a HTTP session to a server</doc>
<status status="PASS" start="2024-07-05T02:30:59.255909" elapsed="0.000390"/>
</kw>
<status status="PASS" start="2024-07-05T02:30:59.254935" elapsed="0.001747"/>
</kw>
<status status="PASS" start="2024-07-05T02:30:59.254315" elapsed="0.002557"/>
</test>
<test id="s1-s1-t2" name="Validar retorno 200 e JSON Válido" line="16">
<kw name="Teste de Requisicao Basica" owner="random-user-service">
<kw name="GET On Session" owner="RequestsLibrary">
<msg time="2024-07-05T02:30:59.522268" level="INFO">GET Request : url=https://randomuser.me/api 
 path_url=/api 
 headers={'User-Agent': 'python-requests/2.32.3', 'Accept-Encoding': 'gzip, deflate', 'Accept': '*/*', 'Connection': 'keep-alive'} 
 body=None 
 </msg>
<msg time="2024-07-05T02:30:59.522422" level="INFO">GET Response : url=https://randomuser.me/api 
 status=200, reason=OK 
 headers={'Date': 'Fri, 05 Jul 2024 02:30:59 GMT', 'Content-Type': 'application/json; charset=utf-8', 'Transfer-Encoding': 'chunked', 'Connection': 'keep-alive', 'X-Powered-By': 'Express', 'Access-Control-Allow-Origin': '*', 'Cache-Control': 'no-cache', 'ETag': 'W/"49b-Lj43SA7Hym6IbVIurufW2IYWpm8"', 'Vary': 'Accept-Encoding', 'Content-Encoding': 'gzip', 'CF-Cache-Status': 'DYNAMIC', 'Report-To': '{"endpoints":[{"url":"https:\\/\\/a.nel.cloudflare.com\\/report\\/v4?s=u2xFGm%2B7xlMN8cETXCXO2nRrItx3JISxkp2HJ8EcKif7NVVoZhW5CGETdz%2FRh%2B5meg9%2BKt5IWViNi%2Be3k4z643cNiPkRSmeCV%2BDlBrzhN1o7s85E%2Bj%2FtjSsN4SzubSYx"}],"group":"cf-nel","max_age":604800}', 'NEL': '{"success_fraction":0,"report_to":"cf-nel","max_age":604800}', 'Server': 'cloudflare', 'CF-RAY': '89e3efad685215eb-SJC', 'alt-svc': 'h3=":443"; ma=86400'} 
 body={"results":[{"gender":"female","name":{"title":"Ms","first":"Josefina","last":"Bravo"},"location":{"street":{"number":5814,"name":"Calle de Pedro Bosch"},"city":"Sevilla","state":"País Vasco","country":"Spain","postcode":24111,"coordinates":{"latitude":"-35.4720","longitude":"113.8384"},"timezone":{"offset":"+8:00","description":"Beijing, Perth, Singapore, Hong Kong"}},"email":"josefina.bravo@example.com","login":{"uuid":"70fd99de-2357-4cf1-90af-3a9f6aee77fd","username":"whiteduck686","password":"newyear","salt":"ouEX8efb","md5":"f6c6ff6cde9b929c7b84aaf58818655c","sha1":"41eaf713ec1c7f16f6b80cb5ee7212c867dffa27","sha256":"56c8af4223b5356d56ca5e224220d18b9a7ff4600128031cf711d17c7601eba6"},"dob":{"date":"1978-12-20T11:25:35.346Z","age":45},"registered":{"date":"2021-11-21T12:29:48.204Z","age":2},"phone":"968-944-984","cell":"676-738-248","id":{"name":"DNI","value":"04446152-I"},"picture":{"large":"https://randomuser.me/api/portraits/women/39.jpg","medium":"https://randomuser.me/api/portraits/med/women/39.jpg","thumbnail":"https://randomuser.me/api/portraits/thumb/women/39.jpg"},"nat":"ES"}],"info":{"seed":"fd71a131a5020a9f","results":1,"page":1,"version":"1.4"}} 
 </msg>
<msg time="2024-07-05T02:30:59.522508" level="INFO">/opt/hostedtoolcache/Python/3.12.4/x64/lib/python3.12/site-packages/urllib3/connectionpool.py:1099: InsecureRequestWarning: Unverified HTTPS request is being made to host 'randomuser.me'. Adding certificate verification is strongly advised. See: https://urllib3.readthedocs.io/en/latest/advanced-usage.html#tls-warnings
  warnings.warn(</msg>
<msg time="2024-07-05T02:30:59.522660" level="INFO">${response} = &lt;Response [200]&gt;</msg>
<var>${response}</var>
<arg>consultarAPI</arg>
<arg>/api</arg>
<doc>Sends a GET request on a previously created HTTP Session.</doc>
<status status="PASS" start="2024-07-05T02:30:59.259504" elapsed="0.263202"/>
</kw>
<kw name="Should Be Equal As Numbers" owner="BuiltIn">
<msg time="2024-07-05T02:30:59.523739" level="INFO">Argument types are:
&lt;class 'int'&gt;
&lt;class 'str'&gt;</msg>
<arg>${response.status_code}</arg>
<arg>200</arg>
<doc>Fails if objects are unequal after converting them to real numbers.</doc>
<status status="PASS" start="2024-07-05T02:30:59.523264" elapsed="0.000543"/>
</kw>
<kw name="Log" owner="BuiltIn">
<msg time="2024-07-05T02:30:59.524521" level="INFO">200</msg>
<arg>${response.status_code}</arg>
<doc>Logs the given message with the given level.</doc>
<status status="PASS" start="2024-07-05T02:30:59.524130" elapsed="0.000442"/>
</kw>
<kw name="Set Variable" owner="BuiltIn">
<msg time="2024-07-05T02:30:59.525337" level="INFO">${json_data} = {'results': [{'gender': 'female', 'name': {'title': 'Ms', 'first': 'Josefina', 'last': 'Bravo'}, 'location': {'street': {'number': 5814, 'name': 'Calle de Pedro Bosch'}, 'city': 'Sevilla', 'state': 'P...</msg>
<var>${json_data}</var>
<arg>${response.json()}</arg>
<doc>Returns the given values which can then be assigned to a variables.</doc>
<status status="PASS" start="2024-07-05T02:30:59.524885" elapsed="0.000481"/>
</kw>
<kw name="Dictionary Should Contain Key" owner="Collections">
<arg>${json_data}</arg>
<arg>results</arg>
<doc>Fails if ``key`` is not found from ``dictionary``.</doc>
<status status="PASS" start="2024-07-05T02:30:59.525671" elapsed="0.000169"/>
</kw>
<status status="PASS" start="2024-07-05T02:30:59.259267" elapsed="0.266726"/>
</kw>
<doc>Testa se a API responde corretamente e retorna um objeto JSON válido.</doc>
<tag>testeRequisicaoBasica</tag>
<status status="PASS" start="2024-07-05T02:30:59.258742" elapsed="0.267430"/>
</test>
<test id="s1-s1-t3" name="Validar estrutura de resposta" line="22">
<kw name="Teste de Estrutura de Resposta" owner="random-user-service">
<kw name="GET On Session" owner="RequestsLibrary">
<msg time="2024-07-05T02:30:59.620693" level="INFO">GET Request : url=https://randomuser.me/api 
 path_url=/api 
 headers={'User-Agent': 'python-requests/2.32.3', 'Accept-Encoding': 'gzip, deflate', 'Accept': '*/*', 'Connection': 'keep-alive'} 
 body=None 
 </msg>
<msg time="2024-07-05T02:30:59.620778" level="INFO">GET Response : url=https://randomuser.me/api 
 status=200, reason=OK 
 headers={'Date': 'Fri, 05 Jul 2024 02:30:59 GMT', 'Content-Type': 'application/json; charset=utf-8', 'Transfer-Encoding': 'chunked', 'Connection': 'keep-alive', 'X-Powered-By': 'Express', 'Access-Control-Allow-Origin': '*', 'Cache-Control': 'no-cache', 'ETag': 'W/"4c0-KXmWiC2tL6T6r41+eWbeM18rmio"', 'Vary': 'Accept-Encoding', 'Content-Encoding': 'gzip', 'CF-Cache-Status': 'DYNAMIC', 'Report-To': '{"endpoints":[{"url":"https:\\/\\/a.nel.cloudflare.com\\/report\\/v4?s=PAL3djBOwpU93eTPzhZ6YZlLAv3n%2FLzdXAfi8Epgbsi6cw8xDmUqIORskaizkIAW0gpVu5Q32w2zj3%2FF0Y4ola7VE9o4kJ2BRktwi7wfXHmZmpK5McsYZe0DUiTWhOTI"}],"group":"cf-nel","max_age":604800}', 'NEL': '{"success_fraction":0,"report_to":"cf-nel","max_age":604800}', 'Server': 'cloudflare', 'CF-RAY': '89e3efae18c215eb-SJC', 'alt-svc': 'h3=":443"; ma=86400'} 
 body={"results":[{"gender":"female","name":{"title":"Miss","first":"Almina","last":"Van der Kolk"},"location":{"street":{"number":6889,"name":"Burgemeester Bramerstraat"},"city":"Krimpen aan de Lek","state":"Flevoland","country":"Netherlands","postcode":"1739 EU","coordinates":{"latitude":"37.0806","longitude":"118.8985"},"timezone":{"offset":"-5:00","description":"Eastern Time (US &amp; Canada), Bogota, Lima"}},"email":"almina.vanderkolk@example.com","login":{"uuid":"0c03b371-14b3-48f5-8c3f-2f2d91e33bea","username":"yellowdog955","password":"camel","salt":"qSoF0wIV","md5":"a31551f7b3bebba9f60e900ff3f63a29","sha1":"d9247b97535c02cb45dba607e0030d52e13952e2","sha256":"3284a1a43ef8e5f70974088cb31ad5b6713169e4701f0e5099a2fce771dd0f90"},"dob":{"date":"1953-02-04T11:37:05.621Z","age":71},"registered":{"date":"2018-09-29T12:21:15.348Z","age":5},"phone":"(0382) 561178","cell":"(06) 94736396","id":{"name":"BSN","value":"51859119"},"picture":{"large":"https://randomuser.me/api/portraits/women/58.jpg","medium":"https://randomuser.me/api/portraits/med/women/58.jpg","thumbnail":"https://randomuser.me/api/portraits/thumb/women/58.jpg"},"nat":"NL"}],"info":{"seed":"ded0a57fc991b74a","results":1,"page":1,"version":"1.4"}} 
 </msg>
<msg time="2024-07-05T02:30:59.620900" level="INFO">/opt/hostedtoolcache/Python/3.12.4/x64/lib/python3.12/site-packages/urllib3/connectionpool.py:1099: InsecureRequestWarning: Unverified HTTPS request is being made to host 'randomuser.me'. Adding certificate verification is strongly advised. See: https://urllib3.readthedocs.io/en/latest/advanced-usage.html#tls-warnings
  warnings.warn(</msg>
<msg time="2024-07-05T02:30:59.621012" level="INFO">${response} = &lt;Response [200]&gt;</msg>
<var>${response}</var>
<arg>consultarAPI</arg>
<arg>/api</arg>
<doc>Sends a GET request on a previously created HTTP Session.</doc>
<status status="PASS" start="2024-07-05T02:30:59.528805" elapsed="0.092249"/>
</kw>
<kw name="Set Variable" owner="BuiltIn">
<msg time="2024-07-05T02:30:59.621922" level="INFO">${json_data} = {'results': [{'gender': 'female', 'name': {'title': 'Miss', 'first': 'Almina', 'last': 'Van der Kolk'}, 'location': {'street': {'number': 6889, 'name': 'Burgemeester Bramerstraat'}, 'city': 'Krimpen a...</msg>
<var>${json_data}</var>
<arg>${response.json()}</arg>
<doc>Returns the given values which can then be assigned to a variables.</doc>
<status status="PASS" start="2024-07-05T02:30:59.621468" elapsed="0.000483"/>
</kw>
<kw name="Log" owner="BuiltIn">
<msg time="2024-07-05T02:30:59.622413" level="INFO">{'results': [{'gender': 'female', 'name': {'title': 'Miss', 'first': 'Almina', 'last': 'Van der Kolk'}, 'location': {'street': {'number': 6889, 'name': 'Burgemeester Bramerstraat'}, 'city': 'Krimpen aan de Lek', 'state': 'Flevoland', 'country': 'Netherlands', 'postcode': '1739 EU', 'coordinates': {'latitude': '37.0806', 'longitude': '118.8985'}, 'timezone': {'offset': '-5:00', 'description': 'Eastern Time (US &amp; Canada), Bogota, Lima'}}, 'email': 'almina.vanderkolk@example.com', 'login': {'uuid': '0c03b371-14b3-48f5-8c3f-2f2d91e33bea', 'username': 'yellowdog955', 'password': 'camel', 'salt': 'qSoF0wIV', 'md5': 'a31551f7b3bebba9f60e900ff3f63a29', 'sha1': 'd9247b97535c02cb45dba607e0030d52e13952e2', 'sha256': '3284a1a43ef8e5f70974088cb31ad5b6713169e4701f0e5099a2fce771dd0f90'}, 'dob': {'date': '1953-02-04T11:37:05.621Z', 'age': 71}, 'registered': {'date': '2018-09-29T12:21:15.348Z', 'age': 5}, 'phone': '(0382) 561178', 'cell': '(06) 94736396', 'id': {'name': 'BSN', 'value': '51859119'}, 'picture': {'large': 'https://randomuser.me/api/portraits/women/58.jpg', 'medium': 'https://randomuser.me/api/portraits/med/women/58.jpg', 'thumbnail': 'https://randomuser.me/api/portraits/thumb/women/58.jpg'}, 'nat': 'NL'}], 'info': {'seed': 'ded0a57fc991b74a', 'results': 1, 'page': 1, 'version': '1.4'}}</msg>
<arg>${json_data}</arg>
<doc>Logs the given message with the given level.</doc>
<status status="PASS" start="2024-07-05T02:30:59.622257" elapsed="0.000205"/>
</kw>
<kw name="Dictionary Should Contain Key" owner="Collections">
<arg>${json_data}</arg>
<arg>results</arg>
<doc>Fails if ``key`` is not found from ``dictionary``.</doc>
<status status="PASS" start="2024-07-05T02:30:59.622750" elapsed="0.000151"/>
</kw>
<kw name="Should Not Be Empty" owner="BuiltIn">
<msg time="2024-07-05T02:30:59.623200" level="INFO">Length is 2.</msg>
<arg>${json_data}</arg>
<doc>Verifies that the given item is not empty.</doc>
<status status="PASS" start="2024-07-05T02:30:59.623079" elapsed="0.000164"/>
</kw>
<kw name="Create List" owner="BuiltIn">
<msg time="2024-07-05T02:30:59.623824" level="INFO">${expected_keys} = ['gender', 'name', 'location', 'email', 'login']</msg>
<var>${expected_keys}</var>
<arg>gender</arg>
<arg>name</arg>
<arg>location</arg>
<arg>email</arg>
<arg>login</arg>
<doc>Returns a list containing given items.</doc>
<status status="PASS" start="2024-07-05T02:30:59.623531" elapsed="0.000318"/>
</kw>
<for flavor="IN">
<iter>
<kw name="Dictionary Should Contain Key" owner="Collections">
<arg>${json_data['results'][0]}</arg>
<arg>${key}</arg>
<doc>Fails if ``key`` is not found from ``dictionary``.</doc>
<status status="PASS" start="2024-07-05T02:30:59.624431" elapsed="0.000437"/>
</kw>
<kw name="Log" owner="BuiltIn">
<msg time="2024-07-05T02:30:59.625404" level="INFO">{'gender': 'female', 'name': {'title': 'Miss', 'first': 'Almina', 'last': 'Van der Kolk'}, 'location': {'street': {'number': 6889, 'name': 'Burgemeester Bramerstraat'}, 'city': 'Krimpen aan de Lek', 'state': 'Flevoland', 'country': 'Netherlands', 'postcode': '1739 EU', 'coordinates': {'latitude': '37.0806', 'longitude': '118.8985'}, 'timezone': {'offset': '-5:00', 'description': 'Eastern Time (US &amp; Canada), Bogota, Lima'}}, 'email': 'almina.vanderkolk@example.com', 'login': {'uuid': '0c03b371-14b3-48f5-8c3f-2f2d91e33bea', 'username': 'yellowdog955', 'password': 'camel', 'salt': 'qSoF0wIV', 'md5': 'a31551f7b3bebba9f60e900ff3f63a29', 'sha1': 'd9247b97535c02cb45dba607e0030d52e13952e2', 'sha256': '3284a1a43ef8e5f70974088cb31ad5b6713169e4701f0e5099a2fce771dd0f90'}, 'dob': {'date': '1953-02-04T11:37:05.621Z', 'age': 71}, 'registered': {'date': '2018-09-29T12:21:15.348Z', 'age': 5}, 'phone': '(0382) 561178', 'cell': '(06) 94736396', 'id': {'name': 'BSN', 'value': '51859119'}, 'picture': {'large': 'https://randomuser.me/api/portraits/women/58.jpg', 'medium': 'https://randomuser.me/api/portraits/med/women/58.jpg', 'thumbnail': 'https://randomuser.me/api/portraits/thumb/women/58.jpg'}, 'nat': 'NL'}</msg>
<arg>${json_data['results'][0]}</arg>
<doc>Logs the given message with the given level.</doc>
<status status="PASS" start="2024-07-05T02:30:59.625052" elapsed="0.000402"/>
</kw>
<kw name="Log" owner="BuiltIn">
<msg time="2024-07-05T02:30:59.625874" level="INFO">gender</msg>
<arg>${key}</arg>
<doc>Logs the given message with the given level.</doc>
<status status="PASS" start="2024-07-05T02:30:59.625747" elapsed="0.000165"/>
</kw>
<var name="${key}">gender</var>
<status status="PASS" start="2024-07-05T02:30:59.624306" elapsed="0.001820"/>
</iter>
<iter>
<kw name="Dictionary Should Contain Key" owner="Collections">
<arg>${json_data['results'][0]}</arg>
<arg>${key}</arg>
<doc>Fails if ``key`` is not found from ``dictionary``.</doc>
<status status="PASS" start="2024-07-05T02:30:59.626425" elapsed="0.000389"/>
</kw>
<kw name="Log" owner="BuiltIn">
<msg time="2024-07-05T02:30:59.627383" level="INFO">{'gender': 'female', 'name': {'title': 'Miss', 'first': 'Almina', 'last': 'Van der Kolk'}, 'location': {'street': {'number': 6889, 'name': 'Burgemeester Bramerstraat'}, 'city': 'Krimpen aan de Lek', 'state': 'Flevoland', 'country': 'Netherlands', 'postcode': '1739 EU', 'coordinates': {'latitude': '37.0806', 'longitude': '118.8985'}, 'timezone': {'offset': '-5:00', 'description': 'Eastern Time (US &amp; Canada), Bogota, Lima'}}, 'email': 'almina.vanderkolk@example.com', 'login': {'uuid': '0c03b371-14b3-48f5-8c3f-2f2d91e33bea', 'username': 'yellowdog955', 'password': 'camel', 'salt': 'qSoF0wIV', 'md5': 'a31551f7b3bebba9f60e900ff3f63a29', 'sha1': 'd9247b97535c02cb45dba607e0030d52e13952e2', 'sha256': '3284a1a43ef8e5f70974088cb31ad5b6713169e4701f0e5099a2fce771dd0f90'}, 'dob': {'date': '1953-02-04T11:37:05.621Z', 'age': 71}, 'registered': {'date': '2018-09-29T12:21:15.348Z', 'age': 5}, 'phone': '(0382) 561178', 'cell': '(06) 94736396', 'id': {'name': 'BSN', 'value': '51859119'}, 'picture': {'large': 'https://randomuser.me/api/portraits/women/58.jpg', 'medium': 'https://randomuser.me/api/portraits/med/women/58.jpg', 'thumbnail': 'https://randomuser.me/api/portraits/thumb/women/58.jpg'}, 'nat': 'NL'}</msg>
<arg>${json_data['results'][0]}</arg>
<doc>Logs the given message with the given level.</doc>
<status status="PASS" start="2024-07-05T02:30:59.627029" elapsed="0.000405"/>
</kw>
<kw name="Log" owner="BuiltIn">
<msg time="2024-07-05T02:30:59.627853" level="INFO">name</msg>
<arg>${key}</arg>
<doc>Logs the given message with the given level.</doc>
<status status="PASS" start="2024-07-05T02:30:59.627727" elapsed="0.000163"/>
</kw>
<var name="${key}">name</var>
<status status="PASS" start="2024-07-05T02:30:59.626308" elapsed="0.001793"/>
</iter>
<iter>
<kw name="Dictionary Should Contain Key" owner="Collections">
<arg>${json_data['results'][0]}</arg>
<arg>${key}</arg>
<doc>Fails if ``key`` is not found from ``dictionary``.</doc>
<status status="PASS" start="2024-07-05T02:30:59.628382" elapsed="0.000400"/>
</kw>
<kw name="Log" owner="BuiltIn">
<msg time="2024-07-05T02:30:59.629307" level="INFO">{'gender': 'female', 'name': {'title': 'Miss', 'first': 'Almina', 'last': 'Van der Kolk'}, 'location': {'street': {'number': 6889, 'name': 'Burgemeester Bramerstraat'}, 'city': 'Krimpen aan de Lek', 'state': 'Flevoland', 'country': 'Netherlands', 'postcode': '1739 EU', 'coordinates': {'latitude': '37.0806', 'longitude': '118.8985'}, 'timezone': {'offset': '-5:00', 'description': 'Eastern Time (US &amp; Canada), Bogota, Lima'}}, 'email': 'almina.vanderkolk@example.com', 'login': {'uuid': '0c03b371-14b3-48f5-8c3f-2f2d91e33bea', 'username': 'yellowdog955', 'password': 'camel', 'salt': 'qSoF0wIV', 'md5': 'a31551f7b3bebba9f60e900ff3f63a29', 'sha1': 'd9247b97535c02cb45dba607e0030d52e13952e2', 'sha256': '3284a1a43ef8e5f70974088cb31ad5b6713169e4701f0e5099a2fce771dd0f90'}, 'dob': {'date': '1953-02-04T11:37:05.621Z', 'age': 71}, 'registered': {'date': '2018-09-29T12:21:15.348Z', 'age': 5}, 'phone': '(0382) 561178', 'cell': '(06) 94736396', 'id': {'name': 'BSN', 'value': '51859119'}, 'picture': {'large': 'https://randomuser.me/api/portraits/women/58.jpg', 'medium': 'https://randomuser.me/api/portraits/med/women/58.jpg', 'thumbnail': 'https://randomuser.me/api/portraits/thumb/women/58.jpg'}, 'nat': 'NL'}</msg>
<arg>${json_data['results'][0]}</arg>
<doc>Logs the given message with the given level.</doc>
<status status="PASS" start="2024-07-05T02:30:59.628961" elapsed="0.000395"/>
</kw>
<kw name="Log" owner="BuiltIn">
<msg time="2024-07-05T02:30:59.629799" level="INFO">location</msg>
<arg>${key}</arg>
<doc>Logs the given message with the given level.</doc>
<status status="PASS" start="2024-07-05T02:30:59.629651" elapsed="0.000186"/>
</kw>
<var name="${key}">location</var>
<status status="PASS" start="2024-07-05T02:30:59.628274" elapsed="0.001773"/>
</iter>
<iter>
<kw name="Dictionary Should Contain Key" owner="Collections">
<arg>${json_data['results'][0]}</arg>
<arg>${key}</arg>
<doc>Fails if ``key`` is not found from ``dictionary``.</doc>
<status status="PASS" start="2024-07-05T02:30:59.630318" elapsed="0.000382"/>
</kw>
<kw name="Log" owner="BuiltIn">
<msg time="2024-07-05T02:30:59.631223" level="INFO">{'gender': 'female', 'name': {'title': 'Miss', 'first': 'Almina', 'last': 'Van der Kolk'}, 'location': {'street': {'number': 6889, 'name': 'Burgemeester Bramerstraat'}, 'city': 'Krimpen aan de Lek', 'state': 'Flevoland', 'country': 'Netherlands', 'postcode': '1739 EU', 'coordinates': {'latitude': '37.0806', 'longitude': '118.8985'}, 'timezone': {'offset': '-5:00', 'description': 'Eastern Time (US &amp; Canada), Bogota, Lima'}}, 'email': 'almina.vanderkolk@example.com', 'login': {'uuid': '0c03b371-14b3-48f5-8c3f-2f2d91e33bea', 'username': 'yellowdog955', 'password': 'camel', 'salt': 'qSoF0wIV', 'md5': 'a31551f7b3bebba9f60e900ff3f63a29', 'sha1': 'd9247b97535c02cb45dba607e0030d52e13952e2', 'sha256': '3284a1a43ef8e5f70974088cb31ad5b6713169e4701f0e5099a2fce771dd0f90'}, 'dob': {'date': '1953-02-04T11:37:05.621Z', 'age': 71}, 'registered': {'date': '2018-09-29T12:21:15.348Z', 'age': 5}, 'phone': '(0382) 561178', 'cell': '(06) 94736396', 'id': {'name': 'BSN', 'value': '51859119'}, 'picture': {'large': 'https://randomuser.me/api/portraits/women/58.jpg', 'medium': 'https://randomuser.me/api/portraits/med/women/58.jpg', 'thumbnail': 'https://randomuser.me/api/portraits/thumb/women/58.jpg'}, 'nat': 'NL'}</msg>
<arg>${json_data['results'][0]}</arg>
<doc>Logs the given message with the given level.</doc>
<status status="PASS" start="2024-07-05T02:30:59.630878" elapsed="0.000404"/>
</kw>
<kw name="Log" owner="BuiltIn">
<msg time="2024-07-05T02:30:59.631704" level="INFO">email</msg>
<arg>${key}</arg>
<doc>Logs the given message with the given level.</doc>
<status status="PASS" start="2024-07-05T02:30:59.631580" elapsed="0.000162"/>
</kw>
<var name="${key}">email</var>
<status status="PASS" start="2024-07-05T02:30:59.630212" elapsed="0.001753"/>
</iter>
<iter>
<kw name="Dictionary Should Contain Key" owner="Collections">
<arg>${json_data['results'][0]}</arg>
<arg>${key}</arg>
<doc>Fails if ``key`` is not found from ``dictionary``.</doc>
<status status="PASS" start="2024-07-05T02:30:59.632236" elapsed="0.000415"/>
</kw>
<kw name="Log" owner="BuiltIn">
<msg time="2024-07-05T02:30:59.633184" level="INFO">{'gender': 'female', 'name': {'title': 'Miss', 'first': 'Almina', 'last': 'Van der Kolk'}, 'location': {'street': {'number': 6889, 'name': 'Burgemeester Bramerstraat'}, 'city': 'Krimpen aan de Lek', 'state': 'Flevoland', 'country': 'Netherlands', 'postcode': '1739 EU', 'coordinates': {'latitude': '37.0806', 'longitude': '118.8985'}, 'timezone': {'offset': '-5:00', 'description': 'Eastern Time (US &amp; Canada), Bogota, Lima'}}, 'email': 'almina.vanderkolk@example.com', 'login': {'uuid': '0c03b371-14b3-48f5-8c3f-2f2d91e33bea', 'username': 'yellowdog955', 'password': 'camel', 'salt': 'qSoF0wIV', 'md5': 'a31551f7b3bebba9f60e900ff3f63a29', 'sha1': 'd9247b97535c02cb45dba607e0030d52e13952e2', 'sha256': '3284a1a43ef8e5f70974088cb31ad5b6713169e4701f0e5099a2fce771dd0f90'}, 'dob': {'date': '1953-02-04T11:37:05.621Z', 'age': 71}, 'registered': {'date': '2018-09-29T12:21:15.348Z', 'age': 5}, 'phone': '(0382) 561178', 'cell': '(06) 94736396', 'id': {'name': 'BSN', 'value': '51859119'}, 'picture': {'large': 'https://randomuser.me/api/portraits/women/58.jpg', 'medium': 'https://randomuser.me/api/portraits/med/women/58.jpg', 'thumbnail': 'https://randomuser.me/api/portraits/thumb/women/58.jpg'}, 'nat': 'NL'}</msg>
<arg>${json_data['results'][0]}</arg>
<doc>Logs the given message with the given level.</doc>
<status status="PASS" start="2024-07-05T02:30:59.632830" elapsed="0.000402"/>
</kw>
<kw name="Log" owner="BuiltIn">
<msg time="2024-07-05T02:30:59.633642" level="INFO">login</msg>
<arg>${key}</arg>
<doc>Logs the given message with the given level.</doc>
<status status="PASS" start="2024-07-05T02:30:59.633518" elapsed="0.000160"/>
</kw>
<var name="${key}">login</var>
<status status="PASS" start="2024-07-05T02:30:59.632131" elapsed="0.001782"/>
</iter>
<var>${key}</var>
<value>@{expected_keys}</value>
<status status="PASS" start="2024-07-05T02:30:59.624112" elapsed="0.009924"/>
</for>
<kw name="Create List" owner="BuiltIn">
<msg time="2024-07-05T02:30:59.634358" level="INFO">${expected_keysTwo} = ['username', 'password']</msg>
<var>${expected_keysTwo}</var>
<arg>username</arg>
<arg>password</arg>
<doc>Returns a list containing given items.</doc>
<status status="PASS" start="2024-07-05T02:30:59.634225" elapsed="0.000157"/>
</kw>
<for flavor="IN">
<iter>
<kw name="Dictionary Should Contain Key" owner="Collections">
<arg>${json_data['results'][0]['login']}</arg>
<arg>${keyTwo}</arg>
<doc>Fails if ``key`` is not found from ``dictionary``.</doc>
<status status="PASS" start="2024-07-05T02:30:59.634888" elapsed="0.000380"/>
</kw>
<kw name="Dictionary Should Contain Key" owner="Collections">
<arg>${json_data['results'][0]['login']}</arg>
<arg>${keyTwo}</arg>
<doc>Fails if ``key`` is not found from ``dictionary``.</doc>
<status status="PASS" start="2024-07-05T02:30:59.635447" elapsed="0.000376"/>
</kw>
<kw name="Log" owner="BuiltIn">
<msg time="2024-07-05T02:30:59.636125" level="INFO">username</msg>
<arg>${keyTwo}</arg>
<doc>Logs the given message with the given level.</doc>
<status status="PASS" start="2024-07-05T02:30:59.636005" elapsed="0.000157"/>
</kw>
<var name="${keyTwo}">username</var>
<status status="PASS" start="2024-07-05T02:30:59.634780" elapsed="0.001601"/>
</iter>
<iter>
<kw name="Dictionary Should Contain Key" owner="Collections">
<arg>${json_data['results'][0]['login']}</arg>
<arg>${keyTwo}</arg>
<doc>Fails if ``key`` is not found from ``dictionary``.</doc>
<status status="PASS" start="2024-07-05T02:30:59.636689" elapsed="0.000379"/>
</kw>
<kw name="Dictionary Should Contain Key" owner="Collections">
<arg>${json_data['results'][0]['login']}</arg>
<arg>${keyTwo}</arg>
<doc>Fails if ``key`` is not found from ``dictionary``.</doc>
<status status="PASS" start="2024-07-05T02:30:59.637245" elapsed="0.000362"/>
</kw>
<kw name="Log" owner="BuiltIn">
<msg time="2024-07-05T02:30:59.637895" level="INFO">password</msg>
<arg>${keyTwo}</arg>
<doc>Logs the given message with the given level.</doc>
<status status="PASS" start="2024-07-05T02:30:59.637779" elapsed="0.000151"/>
</kw>
<var name="${keyTwo}">password</var>
<status status="PASS" start="2024-07-05T02:30:59.636582" elapsed="0.001655"/>
</iter>
<var>${keyTwo}</var>
<value>@{expected_keysTwo}</value>
<status status="PASS" start="2024-07-05T02:30:59.634628" elapsed="0.003729"/>
</for>
<status status="PASS" start="2024-07-05T02:30:59.528570" elapsed="0.109923"/>
</kw>
<doc>Testa a estrutura da resposta da API.</doc>
<tag>testeEstruturaResposta</tag>
<status status="PASS" start="2024-07-05T02:30:59.528037" elapsed="0.110602"/>
</test>
<test id="s1-s1-t4" name="Validar tipos de dados" line="28">
<kw name="Teste de Tipos de Dados" owner="random-user-service">
<kw name="GET On Session" owner="RequestsLibrary">
<msg time="2024-07-05T02:30:59.730576" level="INFO">GET Request : url=https://randomuser.me/api 
 path_url=/api 
 headers={'User-Agent': 'python-requests/2.32.3', 'Accept-Encoding': 'gzip, deflate', 'Accept': '*/*', 'Connection': 'keep-alive'} 
 body=None 
 </msg>
<msg time="2024-07-05T02:30:59.730701" level="INFO">GET Response : url=https://randomuser.me/api 
 status=200, reason=OK 
 headers={'Date': 'Fri, 05 Jul 2024 02:30:59 GMT', 'Content-Type': 'application/json; charset=utf-8', 'Transfer-Encoding': 'chunked', 'Connection': 'keep-alive', 'X-Powered-By': 'Express', 'Access-Control-Allow-Origin': '*', 'Cache-Control': 'no-cache', 'ETag': 'W/"4a0-/2jkMD8Z0/cD9qp1Bnjc8dKKY9k"', 'Vary': 'Accept-Encoding', 'Content-Encoding': 'gzip', 'CF-Cache-Status': 'DYNAMIC', 'Report-To': '{"endpoints":[{"url":"https:\\/\\/a.nel.cloudflare.com\\/report\\/v4?s=3C6wyenxSoG%2BsNGUBmLCJBgidp40H8nldhmYmTaUlHcSooc4J%2F5nxaPEkLucEMqtafAi%2FXYiYVTSLNPOMSPM9QfGqhkQ7b7vh6OjdkFuzBox6TFvMsfCycXsub73ziZR"}],"group":"cf-nel","max_age":604800}', 'NEL': '{"success_fraction":0,"report_to":"cf-nel","max_age":604800}', 'Server': 'cloudflare', 'CF-RAY': '89e3efaec93915eb-SJC', 'alt-svc': 'h3=":443"; ma=86400'} 
 body={"results":[{"gender":"male","name":{"title":"Mr","first":"Zachary","last":"Robertson"},"location":{"street":{"number":202,"name":"Mcclellan Rd"},"city":"Orlando","state":"Connecticut","country":"United States","postcode":98005,"coordinates":{"latitude":"89.9762","longitude":"-66.9050"},"timezone":{"offset":"+9:00","description":"Tokyo, Seoul, Osaka, Sapporo, Yakutsk"}},"email":"zachary.robertson@example.com","login":{"uuid":"fcd07a2f-134d-4c80-af97-e3715f0b3f6b","username":"purpleladybug931","password":"warren","salt":"hopZWFcP","md5":"dee70288b333989ed3a1c84e778a7c77","sha1":"e9b0ddd2ac856db53920107cc0717c1c3e540c53","sha256":"67234923dace34b966c7fb6c901aaaf6e58f19e18ddf3ef91212975ef52cf3aa"},"dob":{"date":"1957-04-29T02:10:51.945Z","age":67},"registered":{"date":"2011-06-16T13:11:42.108Z","age":13},"phone":"(490) 729-4789","cell":"(290) 369-4249","id":{"name":"SSN","value":"491-52-1874"},"picture":{"large":"https://randomuser.me/api/portraits/men/7.jpg","medium":"https://randomuser.me/api/portraits/med/men/7.jpg","thumbnail":"https://randomuser.me/api/portraits/thumb/men/7.jpg"},"nat":"US"}],"info":{"seed":"e45f9b8553564965","results":1,"page":1,"version":"1.4"}} 
 </msg>
<msg time="2024-07-05T02:30:59.730804" level="INFO">/opt/hostedtoolcache/Python/3.12.4/x64/lib/python3.12/site-packages/urllib3/connectionpool.py:1099: InsecureRequestWarning: Unverified HTTPS request is being made to host 'randomuser.me'. Adding certificate verification is strongly advised. See: https://urllib3.readthedocs.io/en/latest/advanced-usage.html#tls-warnings
  warnings.warn(</msg>
<msg time="2024-07-05T02:30:59.730932" level="INFO">${response} = &lt;Response [200]&gt;</msg>
<var>${response}</var>
<arg>consultarAPI</arg>
<arg>/api</arg>
<doc>Sends a GET request on a previously created HTTP Session.</doc>
<status status="PASS" start="2024-07-05T02:30:59.641039" elapsed="0.089938"/>
</kw>
<kw name="Set Variable" owner="BuiltIn">
<msg time="2024-07-05T02:30:59.731901" level="INFO">${json_data} = {'results': [{'gender': 'male', 'name': {'title': 'Mr', 'first': 'Zachary', 'last': 'Robertson'}, 'location': {'street': {'number': 202, 'name': 'Mcclellan Rd'}, 'city': 'Orlando', 'state': 'Connectic...</msg>
<var>${json_data}</var>
<arg>${response.json()}</arg>
<doc>Returns the given values which can then be assigned to a variables.</doc>
<status status="PASS" start="2024-07-05T02:30:59.731434" elapsed="0.000501"/>
</kw>
<kw name="Log" owner="BuiltIn">
<msg time="2024-07-05T02:30:59.732388" level="INFO">{'results': [{'gender': 'male', 'name': {'title': 'Mr', 'first': 'Zachary', 'last': 'Robertson'}, 'location': {'street': {'number': 202, 'name': 'Mcclellan Rd'}, 'city': 'Orlando', 'state': 'Connecticut', 'country': 'United States', 'postcode': 98005, 'coordinates': {'latitude': '89.9762', 'longitude': '-66.9050'}, 'timezone': {'offset': '+9:00', 'description': 'Tokyo, Seoul, Osaka, Sapporo, Yakutsk'}}, 'email': 'zachary.robertson@example.com', 'login': {'uuid': 'fcd07a2f-134d-4c80-af97-e3715f0b3f6b', 'username': 'purpleladybug931', 'password': 'warren', 'salt': 'hopZWFcP', 'md5': 'dee70288b333989ed3a1c84e778a7c77', 'sha1': 'e9b0ddd2ac856db53920107cc0717c1c3e540c53', 'sha256': '67234923dace34b966c7fb6c901aaaf6e58f19e18ddf3ef91212975ef52cf3aa'}, 'dob': {'date': '1957-04-29T02:10:51.945Z', 'age': 67}, 'registered': {'date': '2011-06-16T13:11:42.108Z', 'age': 13}, 'phone': '(490) 729-4789', 'cell': '(290) 369-4249', 'id': {'name': 'SSN', 'value': '491-52-1874'}, 'picture': {'large': 'https://randomuser.me/api/portraits/men/7.jpg', 'medium': 'https://randomuser.me/api/portraits/med/men/7.jpg', 'thumbnail': 'https://randomuser.me/api/portraits/thumb/men/7.jpg'}, 'nat': 'US'}], 'info': {'seed': 'e45f9b8553564965', 'results': 1, 'page': 1, 'version': '1.4'}}</msg>
<arg>${json_data}</arg>
<doc>Logs the given message with the given level.</doc>
<status status="PASS" start="2024-07-05T02:30:59.732238" elapsed="0.000198"/>
</kw>
<kw name="Should Be String" owner="String">
<arg>${json_data['results'][0]['gender']}</arg>
<doc>Fails if the given ``item`` is not a string.</doc>
<status status="PASS" start="2024-07-05T02:30:59.732789" elapsed="0.000354"/>
</kw>
<kw name="Should Match Regexp" owner="BuiltIn">
<arg>${json_data['results'][0]['email']}</arg>
<arg>^[a-zA-Z0-9._%+-]+@[a-zA-Z0-9.-]+\.[a-zA-Z]{2,}$</arg>
<doc>Fails if ``string`` does not match ``pattern`` as a regular expression.</doc>
<status status="PASS" start="2024-07-05T02:30:59.733336" elapsed="0.000517"/>
</kw>
<kw name="Should Match Regexp" owner="BuiltIn">
<arg>${json_data['results'][0]['dob']['date']}</arg>
<arg>\\d{4}-\\d{2}-\\d{2}T\\d{2}:\\d{2}:\\d{2}\\.\\d{3}Z</arg>
<doc>Fails if ``string`` does not match ``pattern`` as a regular expression.</doc>
<status status="PASS" start="2024-07-05T02:30:59.734046" elapsed="0.000476"/>
</kw>
<kw name="Should Match Regexp" owner="BuiltIn">
<arg>${json_data['results'][0]['registered']['date']}</arg>
<arg>\\d{4}-\\d{2}-\\d{2}T\\d{2}:\\d{2}:\\d{2}\\.\\d{3}Z</arg>
<doc>Fails if ``string`` does not match ``pattern`` as a regular expression.</doc>
<status status="PASS" start="2024-07-05T02:30:59.734708" elapsed="0.000371"/>
</kw>
<kw name="Should Match Regexp" owner="BuiltIn">
<arg>${json_data['results'][0]['picture']['large']}</arg>
<arg>^https?://.*\.(?:png|jpe?g|gif|bmp)$</arg>
<doc>Fails if ``string`` does not match ``pattern`` as a regular expression.</doc>
<status status="PASS" start="2024-07-05T02:30:59.735262" elapsed="0.000450"/>
</kw>
<kw name="Should Match Regexp" owner="BuiltIn">
<arg>${json_data['results'][0]['picture']['medium']}</arg>
<arg>^https?://.*\.(?:png|jpe?g|gif|bmp)$</arg>
<doc>Fails if ``string`` does not match ``pattern`` as a regular expression.</doc>
<status status="PASS" start="2024-07-05T02:30:59.735894" elapsed="0.000347"/>
</kw>
<kw name="Should Match Regexp" owner="BuiltIn">
<arg>${json_data['results'][0]['picture']['thumbnail']}</arg>
<arg>^https?://.*\.(?:png|jpe?g|gif|bmp)$</arg>
<doc>Fails if ``string`` does not match ``pattern`` as a regular expression.</doc>
<status status="PASS" start="2024-07-05T02:30:59.736420" elapsed="0.000388"/>
</kw>
<kw name="Log" owner="BuiltIn">
<msg time="2024-07-05T02:30:59.737317" level="INFO">{'large': 'https://randomuser.me/api/portraits/men/7.jpg', 'medium': 'https://randomuser.me/api/portraits/med/men/7.jpg', 'thumbnail': 'https://randomuser.me/api/portraits/thumb/men/7.jpg'}</msg>
<arg>${json_data['results'][0]['picture']}</arg>
<doc>Logs the given message with the given level.</doc>
<status status="PASS" start="2024-07-05T02:30:59.736988" elapsed="0.000371"/>
</kw>
<status status="PASS" start="2024-07-05T02:30:59.640823" elapsed="0.096787"/>
</kw>
<kw name="Teste de Tipos de Dados - Postcode" owner="random-user-service">
<kw name="GET On Session" owner="RequestsLibrary">
<msg time="2024-07-05T02:30:59.828884" level="INFO">GET Request : url=https://randomuser.me/api 
 path_url=/api 
 headers={'User-Agent': 'python-requests/2.32.3', 'Accept-Encoding': 'gzip, deflate', 'Accept': '*/*', 'Connection': 'keep-alive'} 
 body=None 
 </msg>
<msg time="2024-07-05T02:30:59.828994" level="INFO">GET Response : url=https://randomuser.me/api 
 status=200, reason=OK 
 headers={'Date': 'Fri, 05 Jul 2024 02:30:59 GMT', 'Content-Type': 'application/json; charset=utf-8', 'Transfer-Encoding': 'chunked', 'Connection': 'keep-alive', 'X-Powered-By': 'Express', 'Access-Control-Allow-Origin': '*', 'Cache-Control': 'no-cache', 'ETag': 'W/"479-UiCYWbj1chxKuiMWLdC/MuesLC8"', 'Vary': 'Accept-Encoding', 'Content-Encoding': 'gzip', 'CF-Cache-Status': 'DYNAMIC', 'Report-To': '{"endpoints":[{"url":"https:\\/\\/a.nel.cloudflare.com\\/report\\/v4?s=zAOQzZnv2JjMoMim1Vzw%2BtUY5p8RVCOPuv%2FDqh5%2BfsvHAI0OzwwUMRib%2F1%2Bnd2r4zObyByk3PWSsYe3t21Hj39u4ySr3Q%2F5hHhMCZYBIOptTpurxx4kZjPSlP%2BLMVCR0"}],"group":"cf-nel","max_age":604800}', 'NEL': '{"success_fraction":0,"report_to":"cf-nel","max_age":604800}', 'Server': 'cloudflare', 'CF-RAY': '89e3efaf69b015eb-SJC', 'alt-svc': 'h3=":443"; ma=86400'} 
 body={"results":[{"gender":"male","name":{"title":"Mr","first":"Hugo","last":"Solís"},"location":{"street":{"number":6159,"name":"Pasaje Batista"},"city":"Coatetelco","state":"Estado de Mexico","country":"Mexico","postcode":35964,"coordinates":{"latitude":"22.7630","longitude":"-17.4574"},"timezone":{"offset":"+4:30","description":"Kabul"}},"email":"hugo.solis@example.com","login":{"uuid":"6da9a254-3f74-41d6-b115-1f55b7dbbce6","username":"biggoose185","password":"andrea","salt":"p7Cqe2BB","md5":"ff59ac53df38981da56ba03d7ea13c94","sha1":"83c4374b689b969974a95b0b23414814e5991d3b","sha256":"cd52230b3d335b436006d88f6bc0caac7a7b76cb6b1b0be852f2393699bf842b"},"dob":{"date":"1999-06-23T16:49:52.519Z","age":25},"registered":{"date":"2009-04-29T14:06:56.821Z","age":15},"phone":"(674) 876 7845","cell":"(630) 319 7407","id":{"name":"NSS","value":"54 92 68 9877 0"},"picture":{"large":"https://randomuser.me/api/portraits/men/32.jpg","medium":"https://randomuser.me/api/portraits/med/men/32.jpg","thumbnail":"https://randomuser.me/api/portraits/thumb/men/32.jpg"},"nat":"MX"}],"info":{"seed":"4697909921065ed7","results":1,"page":1,"version":"1.4"}} 
 </msg>
<msg time="2024-07-05T02:30:59.829078" level="INFO">/opt/hostedtoolcache/Python/3.12.4/x64/lib/python3.12/site-packages/urllib3/connectionpool.py:1099: InsecureRequestWarning: Unverified HTTPS request is being made to host 'randomuser.me'. Adding certificate verification is strongly advised. See: https://urllib3.readthedocs.io/en/latest/advanced-usage.html#tls-warnings
  warnings.warn(</msg>
<msg time="2024-07-05T02:30:59.829215" level="INFO">${response} = &lt;Response [200]&gt;</msg>
<var>${response}</var>
<arg>consultarAPI</arg>
<arg>/api</arg>
<doc>Sends a GET request on a previously created HTTP Session.</doc>
<status status="PASS" start="2024-07-05T02:30:59.738047" elapsed="0.091220"/>
</kw>
<kw name="Set Variable" owner="BuiltIn">
<msg time="2024-07-05T02:30:59.830324" level="INFO">${json_data} = {'results': [{'gender': 'male', 'name': {'title': 'Mr', 'first': 'Hugo', 'last': 'Solís'}, 'location': {'street': {'number': 6159, 'name': 'Pasaje Batista'}, 'city': 'Coatetelco', 'state': 'Estado de ...</msg>
<var>${json_data}</var>
<arg>${response.json()}</arg>
<doc>Returns the given values which can then be assigned to a variables.</doc>
<status status="PASS" start="2024-07-05T02:30:59.829807" elapsed="0.000548"/>
</kw>
<kw name="Log" owner="BuiltIn">
<msg time="2024-07-05T02:30:59.830901" level="INFO">{'results': [{'gender': 'male', 'name': {'title': 'Mr', 'first': 'Hugo', 'last': 'Solís'}, 'location': {'street': {'number': 6159, 'name': 'Pasaje Batista'}, 'city': 'Coatetelco', 'state': 'Estado de Mexico', 'country': 'Mexico', 'postcode': 35964, 'coordinates': {'latitude': '22.7630', 'longitude': '-17.4574'}, 'timezone': {'offset': '+4:30', 'description': 'Kabul'}}, 'email': 'hugo.solis@example.com', 'login': {'uuid': '6da9a254-3f74-41d6-b115-1f55b7dbbce6', 'username': 'biggoose185', 'password': 'andrea', 'salt': 'p7Cqe2BB', 'md5': 'ff59ac53df38981da56ba03d7ea13c94', 'sha1': '83c4374b689b969974a95b0b23414814e5991d3b', 'sha256': 'cd52230b3d335b436006d88f6bc0caac7a7b76cb6b1b0be852f2393699bf842b'}, 'dob': {'date': '1999-06-23T16:49:52.519Z', 'age': 25}, 'registered': {'date': '2009-04-29T14:06:56.821Z', 'age': 15}, 'phone': '(674) 876 7845', 'cell': '(630) 319 7407', 'id': {'name': 'NSS', 'value': '54 92 68 9877 0'}, 'picture': {'large': 'https://randomuser.me/api/portraits/men/32.jpg', 'medium': 'https://randomuser.me/api/portraits/med/men/32.jpg', 'thumbnail': 'https://randomuser.me/api/portraits/thumb/men/32.jpg'}, 'nat': 'MX'}], 'info': {'seed': '4697909921065ed7', 'results': 1, 'page': 1, 'version': '1.4'}}</msg>
<arg>${json_data}</arg>
<doc>Logs the given message with the given level.</doc>
<status status="PASS" start="2024-07-05T02:30:59.830694" elapsed="0.000264"/>
</kw>
<kw name="Should Be Equal As Numbers" owner="BuiltIn">
<arg>${json_data['results'][0]['location']['postcode']}</arg>
<arg>${json_data['results'][0]['location']['postcode']}</arg>
<doc>Fails if objects are unequal after converting them to real numbers.</doc>
<status status="PASS" start="2024-07-05T02:30:59.831324" elapsed="0.000788"/>
</kw>
<kw name="Log" owner="BuiltIn">
<msg time="2024-07-05T02:30:59.832985" level="INFO">35964</msg>
<arg>${json_data['results'][0]['location']['postcode']}</arg>
<doc>Logs the given message with the given level.</doc>
<status status="PASS" start="2024-07-05T02:30:59.832396" elapsed="0.000633"/>
</kw>
<status status="PASS" start="2024-07-05T02:30:59.737828" elapsed="0.095469"/>
</kw>
<doc>Testa se os tipos de dados na resposta da API estão corretos.</doc>
<tag>testeTiposDados</tag>
<status status="PASS" start="2024-07-05T02:30:59.640368" elapsed="0.193100"/>
</test>
<test id="s1-s1-t5" name="Validar conteudo" line="35">
<kw name="Teste de Tipos de Conteudo" owner="random-user-service">
<kw name="GET On Session" owner="RequestsLibrary">
<msg time="2024-07-05T02:30:59.930883" level="INFO">GET Request : url=https://randomuser.me/api 
 path_url=/api 
 headers={'User-Agent': 'python-requests/2.32.3', 'Accept-Encoding': 'gzip, deflate', 'Accept': '*/*', 'Connection': 'keep-alive'} 
 body=None 
 </msg>
<msg time="2024-07-05T02:30:59.930964" level="INFO">GET Response : url=https://randomuser.me/api 
 status=200, reason=OK 
 headers={'Date': 'Fri, 05 Jul 2024 02:30:59 GMT', 'Content-Type': 'application/json; charset=utf-8', 'Transfer-Encoding': 'chunked', 'Connection': 'keep-alive', 'X-Powered-By': 'Express', 'Access-Control-Allow-Origin': '*', 'Cache-Control': 'no-cache', 'ETag': 'W/"497-CqCDNW0IZTs20zI89wdAOCs1qaI"', 'Vary': 'Accept-Encoding', 'Content-Encoding': 'gzip', 'CF-Cache-Status': 'DYNAMIC', 'Report-To': '{"endpoints":[{"url":"https:\\/\\/a.nel.cloudflare.com\\/report\\/v4?s=l3ceohXmZTk%2BaFvpRr2Ln97ZGZGe2RhcfNlbtv74i3Y1xJmQzKlweQzHQo9Dt8Ck1Zz%2F9Tsp45C5LtG4EmczXj%2FSOGAlFE56HLtxERRrFksaE4x%2BKaI%2FGHIy3a0L1c4K"}],"group":"cf-nel","max_age":604800}', 'NEL': '{"success_fraction":0,"report_to":"cf-nel","max_age":604800}', 'Server': 'cloudflare', 'CF-RAY': '89e3efaffa2915eb-SJC', 'alt-svc': 'h3=":443"; ma=86400'} 
 body={"results":[{"gender":"male","name":{"title":"Mr","first":"Vishata","last":"Davidyuk"},"location":{"street":{"number":8298,"name":"Prospekt Lesya Kurbasa"},"city":"Verhivceve","state":"Sumska","country":"Ukraine","postcode":39743,"coordinates":{"latitude":"77.9648","longitude":"-170.9263"},"timezone":{"offset":"-6:00","description":"Central Time (US &amp; Canada), Mexico City"}},"email":"vishata.davidyuk@example.com","login":{"uuid":"233d72b5-4aa3-4cc5-b8b3-1c2f99457a27","username":"silverduck162","password":"kojak","salt":"sNPnVVwS","md5":"73ef61db61d15cafb857e1ba9c9b1d54","sha1":"8a88cbd45d7e5f28b6e253f2556bb91b0cd495e0","sha256":"66c696513d894f6c15ce1388670a6a59e9208c7de8421170c70e645be37dfd0e"},"dob":{"date":"1987-03-29T22:57:50.325Z","age":37},"registered":{"date":"2004-10-10T08:21:56.502Z","age":19},"phone":"(097) P23-4614","cell":"(099) U57-1790","id":{"name":"","value":null},"picture":{"large":"https://randomuser.me/api/portraits/men/98.jpg","medium":"https://randomuser.me/api/portraits/med/men/98.jpg","thumbnail":"https://randomuser.me/api/portraits/thumb/men/98.jpg"},"nat":"UA"}],"info":{"seed":"52cf9ad10944c58b","results":1,"page":1,"version":"1.4"}} 
 </msg>
<msg time="2024-07-05T02:30:59.931038" level="INFO">/opt/hostedtoolcache/Python/3.12.4/x64/lib/python3.12/site-packages/urllib3/connectionpool.py:1099: InsecureRequestWarning: Unverified HTTPS request is being made to host 'randomuser.me'. Adding certificate verification is strongly advised. See: https://urllib3.readthedocs.io/en/latest/advanced-usage.html#tls-warnings
  warnings.warn(</msg>
<msg time="2024-07-05T02:30:59.931144" level="INFO">${response} = &lt;Response [200]&gt;</msg>
<var>${response}</var>
<arg>consultarAPI</arg>
<arg>/api</arg>
<doc>Sends a GET request on a previously created HTTP Session.</doc>
<status status="PASS" start="2024-07-05T02:30:59.835907" elapsed="0.095275"/>
</kw>
<kw name="Set Variable" owner="BuiltIn">
<msg time="2024-07-05T02:30:59.932128" level="INFO">${json_data} = {'results': [{'gender': 'male', 'name': {'title': 'Mr', 'first': 'Vishata', 'last': 'Davidyuk'}, 'location': {'street': {'number': 8298, 'name': 'Prospekt Lesya Kurbasa'}, 'city': 'Verhivceve', 'state...</msg>
<var>${json_data}</var>
<arg>${response.json()}</arg>
<doc>Returns the given values which can then be assigned to a variables.</doc>
<status status="PASS" start="2024-07-05T02:30:59.931639" elapsed="0.000518"/>
</kw>
<kw name="Set Variable" owner="BuiltIn">
<msg time="2024-07-05T02:30:59.932898" level="INFO">${name_title} = Mr</msg>
<var>${name_title}</var>
<arg>${json_data["results"][0]["name"]["title"]}</arg>
<doc>Returns the given values which can then be assigned to a variables.</doc>
<status status="PASS" start="2024-07-05T02:30:59.932494" elapsed="0.000431"/>
</kw>
<kw name="Create List" owner="BuiltIn">
<msg time="2024-07-05T02:30:59.933377" level="INFO">${allowed_titles} = ['Mr', 'Ms', 'Miss', 'Mrs', 'Madame', 'Monsieur']</msg>
<var>${allowed_titles}</var>
<arg>Mr</arg>
<arg>Ms</arg>
<arg>Miss</arg>
<arg>Mrs</arg>
<arg>Madame</arg>
<arg>Monsieur</arg>
<doc>Returns a list containing given items.</doc>
<status status="PASS" start="2024-07-05T02:30:59.933225" elapsed="0.000177"/>
</kw>
<kw name="List Should Contain Value" owner="Collections">
<arg>${allowed_titles}</arg>
<arg>${name_title}</arg>
<doc>Fails if the ``value`` is not found from ``list``.</doc>
<status status="PASS" start="2024-07-05T02:30:59.933701" elapsed="0.000179"/>
</kw>
<kw name="Set Variable" owner="BuiltIn">
<msg time="2024-07-05T02:30:59.934449" level="INFO">${name_country} = UA</msg>
<var>${name_country}</var>
<arg>${json_data["results"][0]["nat"]}</arg>
<doc>Returns the given values which can then be assigned to a variables.</doc>
<status status="PASS" start="2024-07-05T02:30:59.934077" elapsed="0.000398"/>
</kw>
<kw name="Create List" owner="BuiltIn">
<msg time="2024-07-05T02:30:59.935359" level="INFO">${list_country} = ['AD', 'AE', 'AF', 'AG', 'AI', 'AL', 'AM', 'AO', 'AQ', 'AR', 'AS', 'AT', 'AU', 'AW', 'AX', 'AZ', 'BA', 'BB', 'BD', 'BE', 'BF', 'BG', 'BH', 'BI', 'BJ', 'BL', 'BM', 'BN', 'BO', 'BQ', 'BR', 'BS', 'BT', '...</msg>
<var>${list_country}</var>
<arg>AD</arg>
<arg>AE</arg>
<arg>AF</arg>
<arg>AG</arg>
<arg>AI</arg>
<arg>AL</arg>
<arg>AM</arg>
<arg>AO</arg>
<arg>AQ</arg>
<arg>AR</arg>
<arg>AS</arg>
<arg>AT</arg>
<arg>AU</arg>
<arg>AW</arg>
<arg>AX</arg>
<arg>AZ</arg>
<arg>BA</arg>
<arg>BB</arg>
<arg>BD</arg>
<arg>BE</arg>
<arg>BF</arg>
<arg>BG</arg>
<arg>BH</arg>
<arg>BI</arg>
<arg>BJ</arg>
<arg>BL</arg>
<arg>BM</arg>
<arg>BN</arg>
<arg>BO</arg>
<arg>BQ</arg>
<arg>BR</arg>
<arg>BS</arg>
<arg>BT</arg>
<arg>BV</arg>
<arg>BW</arg>
<arg>BY</arg>
<arg>BZ</arg>
<arg>CA</arg>
<arg>CC</arg>
<arg>CD</arg>
<arg>CF</arg>
<arg>CG</arg>
<arg>CH</arg>
<arg>CI</arg>
<arg>CK</arg>
<arg>CL</arg>
<arg>CM</arg>
<arg>CN</arg>
<arg>CO</arg>
<arg>CR</arg>
<arg>CU</arg>
<arg>CV</arg>
<arg>CW</arg>
<arg>CX</arg>
<arg>CY</arg>
<arg>CZ</arg>
<arg>DE</arg>
<arg>DJ</arg>
<arg>DK</arg>
<arg>DM</arg>
<arg>DO</arg>
<arg>DZ</arg>
<arg>EC</arg>
<arg>EE</arg>
<arg>EG</arg>
<arg>EH</arg>
<arg>ER</arg>
<arg>ES</arg>
<arg>ET</arg>
<arg>FI</arg>
<arg>FJ</arg>
<arg>FK</arg>
<arg>FM</arg>
<arg>FO</arg>
<arg>FR</arg>
<arg>GA</arg>
<arg>GB</arg>
<arg>GD</arg>
<arg>GE</arg>
<arg>GF</arg>
<arg>GG</arg>
<arg>GH</arg>
<arg>GI</arg>
<arg>GL</arg>
<arg>GM</arg>
<arg>GN</arg>
<arg>GP</arg>
<arg>GQ</arg>
<arg>GR</arg>
<arg>GS</arg>
<arg>GT</arg>
<arg>GU</arg>
<arg>GW</arg>
<arg>GY</arg>
<arg>HK</arg>
<arg>HM</arg>
<arg>HN</arg>
<arg>HR</arg>
<arg>HT</arg>
<arg>HU</arg>
<arg>ID</arg>
<arg>IE</arg>
<arg>IL</arg>
<arg>IM</arg>
<arg>IN</arg>
<arg>IO</arg>
<arg>IQ</arg>
<arg>IR</arg>
<arg>IS</arg>
<arg>IT</arg>
<arg>JE</arg>
<arg>JM</arg>
<arg>JO</arg>
<arg>JP</arg>
<arg>KE</arg>
<arg>KG</arg>
<arg>KH</arg>
<arg>KI</arg>
<arg>KM</arg>
<arg>KN</arg>
<arg>KP</arg>
<arg>KR</arg>
<arg>KW</arg>
<arg>KY</arg>
<arg>KZ</arg>
<arg>LA</arg>
<arg>LB</arg>
<arg>LC</arg>
<arg>LI</arg>
<arg>LK</arg>
<arg>LR</arg>
<arg>LS</arg>
<arg>LT</arg>
<arg>LU</arg>
<arg>LV</arg>
<arg>LY</arg>
<arg>MA</arg>
<arg>MC</arg>
<arg>MD</arg>
<arg>ME</arg>
<arg>MF</arg>
<arg>MG</arg>
<arg>MH</arg>
<arg>MK</arg>
<arg>ML</arg>
<arg>MM</arg>
<arg>MN</arg>
<arg>MO</arg>
<arg>MP</arg>
<arg>MQ</arg>
<arg>MR</arg>
<arg>MS</arg>
<arg>MT</arg>
<arg>MU</arg>
<arg>MV</arg>
<arg>MW</arg>
<arg>MX</arg>
<arg>MY</arg>
<arg>MZ</arg>
<arg>NA</arg>
<arg>NC</arg>
<arg>NE</arg>
<arg>NF</arg>
<arg>NG</arg>
<arg>NI</arg>
<arg>NL</arg>
<arg>NO</arg>
<arg>NP</arg>
<arg>NR</arg>
<arg>NU</arg>
<arg>NZ</arg>
<arg>OM</arg>
<arg>PA</arg>
<arg>PE</arg>
<arg>PF</arg>
<arg>PG</arg>
<arg>PH</arg>
<arg>PK</arg>
<arg>PL</arg>
<arg>PM</arg>
<arg>PN</arg>
<arg>PR</arg>
<arg>PS</arg>
<arg>PT</arg>
<arg>PW</arg>
<arg>PY</arg>
<arg>QA</arg>
<arg>RE</arg>
<arg>RO</arg>
<arg>RS</arg>
<arg>RU</arg>
<arg>RW</arg>
<arg>SA</arg>
<arg>SB</arg>
<arg>SC</arg>
<arg>SD</arg>
<arg>SE</arg>
<arg>SG</arg>
<arg>SH</arg>
<arg>SI</arg>
<arg>SJ</arg>
<arg>SK</arg>
<arg>SL</arg>
<arg>SM</arg>
<arg>SN</arg>
<arg>SO</arg>
<arg>SR</arg>
<arg>SS</arg>
<arg>ST</arg>
<arg>SV</arg>
<arg>SX</arg>
<arg>SY</arg>
<arg>SZ</arg>
<arg>TC</arg>
<arg>TD</arg>
<arg>TF</arg>
<arg>TG</arg>
<arg>TH</arg>
<arg>TJ</arg>
<arg>TK</arg>
<arg>TL</arg>
<arg>TM</arg>
<arg>TN</arg>
<arg>TO</arg>
<arg>TR</arg>
<arg>TT</arg>
<arg>TV</arg>
<arg>TW</arg>
<arg>TZ</arg>
<arg>UA</arg>
<arg>UG</arg>
<arg>UM</arg>
<arg>US</arg>
<arg>UY</arg>
<arg>UZ</arg>
<arg>VA</arg>
<arg>VC</arg>
<arg>VE</arg>
<arg>VG</arg>
<arg>VI</arg>
<arg>VN</arg>
<arg>VU</arg>
<arg>WF</arg>
<arg>WS</arg>
<arg>XK</arg>
<arg>YE</arg>
<arg>YT</arg>
<arg>ZA</arg>
<arg>ZM</arg>
<arg>ZW</arg>
<doc>Returns a list containing given items.</doc>
<status status="PASS" start="2024-07-05T02:30:59.934769" elapsed="0.000616"/>
</kw>
<kw name="List Should Contain Value" owner="Collections">
<arg>${list_country}</arg>
<arg>${name_country}</arg>
<doc>Fails if the ``value`` is not found from ``list``.</doc>
<status status="PASS" start="2024-07-05T02:30:59.936182" elapsed="0.000203"/>
</kw>
<kw name="Run Keyword If" owner="BuiltIn">
<kw name="Should Be True" owner="BuiltIn">
<arg>${True}</arg>
<doc>Fails if the given condition is not true.</doc>
<status status="PASS" start="2024-07-05T02:30:59.937358" elapsed="0.000142"/>
</kw>
<arg>${json_data["results"][0]["location"]["coordinates"]["latitude"]} &gt;= -90 and ${json_data["results"][0]["location"]["coordinates"]["latitude"]} &lt;= 90</arg>
<arg>Should Be True</arg>
<arg>${True}</arg>
<doc>Runs the given keyword with the given arguments, if ``condition`` is true.</doc>
<status status="PASS" start="2024-07-05T02:30:59.936612" elapsed="0.001020"/>
</kw>
<kw name="Run Keyword If" owner="BuiltIn">
<kw name="Should Be True" owner="BuiltIn">
<arg>${True}</arg>
<doc>Fails if the given condition is not true.</doc>
<status status="PASS" start="2024-07-05T02:30:59.938504" elapsed="0.000236"/>
</kw>
<arg>${json_data["results"][0]["location"]["coordinates"]["longitude"]} &gt;= -180 and ${json_data["results"][0]["location"]["coordinates"]["longitude"]} &lt;= 180</arg>
<arg>Should Be True</arg>
<arg>${True}</arg>
<doc>Runs the given keyword with the given arguments, if ``condition`` is true.</doc>
<status status="PASS" start="2024-07-05T02:30:59.937812" elapsed="0.001055"/>
</kw>
<status status="PASS" start="2024-07-05T02:30:59.835688" elapsed="0.103313"/>
</kw>
<doc>Testa o conteúdo específico dos campos retornados pela API.</doc>
<tag>testeConteudo</tag>
<status status="PASS" start="2024-07-05T02:30:59.835256" elapsed="0.103894"/>
</test>
<status status="PASS" start="2024-07-05T02:30:58.923069" elapsed="1.018050"/>
</suite>
<status status="PASS" start="2024-07-05T02:30:58.908751" elapsed="1.037315"/>
</suite>
<statistics>
<total>
<stat pass="5" fail="0" skip="0">All Tests</stat>
</total>
<tag>
<stat pass="1" fail="0" skip="0">testeConteudo</stat>
<stat pass="1" fail="0" skip="0">testeEstruturaResposta</stat>
<stat pass="1" fail="0" skip="0">testeRequisicaoBasica</stat>
<stat pass="1" fail="0" skip="0">testeTiposDados</stat>
</tag>
<suite>
<stat pass="5" fail="0" skip="0" id="s1" name="Tests">Tests</stat>
<stat pass="5" fail="0" skip="0" id="s1-s1" name="Random-User-Test">Tests.Random-User-Test</stat>
</suite>
</statistics>
<errors>
</errors>
</robot>
