<?xml version="1.0" encoding="UTF-8"?>
<robot generator="Robot 7.0 (Python 3.12.3 on linux)" generated="2024-04-27T14:11:29.893499" rpa="false" schemaversion="5">
<suite id="s1" name="Tests" source="/home/runner/work/DesafioQAItauRogerioJordao/DesafioQAItauRogerioJordao/RamdonUser/tests">
<suite id="s1-s1" name="Random-User-Test" source="/home/runner/work/DesafioQAItauRogerioJordao/DesafioQAItauRogerioJordao/RamdonUser/tests/random-user-test.robot">
<test id="s1-s1-t1" name="Conectar" line="13">
<kw name="Conectar API" owner="random-user-service">
<kw name="Create Session" owner="RequestsLibrary">
<msg time="2024-04-27T14:11:30.274962" level="INFO">Creating Session using : alias=consultarAPI, url=https://randomuser.me/, headers={},                     cookies={}, auth=None, timeout=None, proxies=None, verify=False,                     debug=0 </msg>
<arg>consultarAPI</arg>
<arg>${URL}</arg>
<doc>Create Session: create a HTTP session to a server</doc>
<status status="PASS" start="2024-04-27T14:11:30.274767" elapsed="0.000372"/>
</kw>
<status status="PASS" start="2024-04-27T14:11:30.273803" elapsed="0.001693"/>
</kw>
<status status="PASS" start="2024-04-27T14:11:30.273167" elapsed="0.002520"/>
</test>
<test id="s1-s1-t2" name="Validar retorno 200 e JSON Válido" line="16">
<kw name="Teste de Requisicao Basica" owner="random-user-service">
<kw name="GET On Session" owner="RequestsLibrary">
<msg time="2024-04-27T14:11:30.548539" level="INFO">GET Request : url=https://randomuser.me/api 
 path_url=/api 
 headers={'User-Agent': 'python-requests/2.31.0', 'Accept-Encoding': 'gzip, deflate', 'Accept': '*/*', 'Connection': 'keep-alive'} 
 body=None 
 </msg>
<msg time="2024-04-27T14:11:30.548682" level="INFO">GET Response : url=https://randomuser.me/api 
 status=200, reason=OK 
 headers={'Date': 'Sat, 27 Apr 2024 14:11:30 GMT', 'Content-Type': 'application/json; charset=utf-8', 'Transfer-Encoding': 'chunked', 'Connection': 'keep-alive', 'X-Powered-By': 'Express', 'Access-Control-Allow-Origin': '*', 'Cache-Control': 'no-cache', 'ETag': 'W/"47a-H0el71/QO1hxZCM/VCb3KQuKCoM"', 'Vary': 'Accept-Encoding', 'Content-Encoding': 'gzip', 'CF-Cache-Status': 'DYNAMIC', 'Report-To': '{"endpoints":[{"url":"https:\\/\\/a.nel.cloudflare.com\\/report\\/v4?s=AfzzBBf4tB0HoOB8wvX14lfYw%2BA7FMQWAcKdi4KMvBYpvlmJGVqqnDiqpjpi%2F3v1yjVLsgTcBAAPPpcqfLUmuGtkBSoi%2Fj%2F4sEftg8w58v%2Bz6p%2FUonMe87B2%2BqBG%2BA01"}],"group":"cf-nel","max_age":604800}', 'NEL': '{"success_fraction":0,"report_to":"cf-nel","max_age":604800}', 'Server': 'cloudflare', 'CF-RAY': '87af66f388262d5e-ORD', 'alt-svc': 'h3=":443"; ma=86400'} 
 body={"results":[{"gender":"male","name":{"title":"Mr","first":"Morris","last":"Lynch"},"location":{"street":{"number":1936,"name":"Grafton Street"},"city":"Sallins","state":"Kilkenny","country":"Ireland","postcode":79920,"coordinates":{"latitude":"1.5421","longitude":"-172.7765"},"timezone":{"offset":"-8:00","description":"Pacific Time (US &amp; Canada)"}},"email":"morris.lynch@example.com","login":{"uuid":"b8233d6c-32a9-4657-9180-fce08735dbe1","username":"lazybird980","password":"anything","salt":"mjPJxwB2","md5":"ac35660b66c1c6cf5a4b61343ac7328a","sha1":"c5dca9d8efb2e57da4552cf6458a3c6ed9859391","sha256":"ca894d2dc9988d03c574a79f970d6b9c012a43c1237776ab5e5868807664e39f"},"dob":{"date":"1989-05-15T07:33:46.674Z","age":34},"registered":{"date":"2020-09-22T15:32:35.425Z","age":3},"phone":"041-423-8780","cell":"081-834-0519","id":{"name":"PPS","value":"5741716T"},"picture":{"large":"https://randomuser.me/api/portraits/men/3.jpg","medium":"https://randomuser.me/api/portraits/med/men/3.jpg","thumbnail":"https://randomuser.me/api/portraits/thumb/men/3.jpg"},"nat":"IE"}],"info":{"seed":"fb4ba8b4375fad5b","results":1,"page":1,"version":"1.4"}} 
 </msg>
<msg time="2024-04-27T14:11:30.548761" level="INFO">/opt/hostedtoolcache/Python/3.12.3/x64/lib/python3.12/site-packages/urllib3/connectionpool.py:1103: InsecureRequestWarning: Unverified HTTPS request is being made to host 'randomuser.me'. Adding certificate verification is strongly advised. See: https://urllib3.readthedocs.io/en/latest/advanced-usage.html#tls-warnings
  warnings.warn(</msg>
<msg time="2024-04-27T14:11:30.548897" level="INFO">${response} = &lt;Response [200]&gt;</msg>
<var>${response}</var>
<arg>consultarAPI</arg>
<arg>/api</arg>
<doc>Sends a GET request on a previously created HTTP Session.</doc>
<status status="PASS" start="2024-04-27T14:11:30.278261" elapsed="0.270677"/>
</kw>
<kw name="Should Be Equal As Numbers" owner="BuiltIn">
<msg time="2024-04-27T14:11:30.549944" level="INFO">Argument types are:
&lt;class 'int'&gt;
&lt;class 'str'&gt;</msg>
<arg>${response.status_code}</arg>
<arg>200</arg>
<doc>Fails if objects are unequal after converting them to real numbers.</doc>
<status status="PASS" start="2024-04-27T14:11:30.549437" elapsed="0.000575"/>
</kw>
<kw name="Log" owner="BuiltIn">
<msg time="2024-04-27T14:11:30.550761" level="INFO">200</msg>
<arg>${response.status_code}</arg>
<doc>Logs the given message with the given level.</doc>
<status status="PASS" start="2024-04-27T14:11:30.550392" elapsed="0.000412"/>
</kw>
<kw name="Set Variable" owner="BuiltIn">
<msg time="2024-04-27T14:11:30.551571" level="INFO">${json_data} = {'results': [{'gender': 'male', 'name': {'title': 'Mr', 'first': 'Morris', 'last': 'Lynch'}, 'location': {'street': {'number': 1936, 'name': 'Grafton Street'}, 'city': 'Sallins', 'state': 'Kilkenny', ...</msg>
<var>${json_data}</var>
<arg>${response.json()}</arg>
<doc>Returns the given values which can then be assigned to a variables.</doc>
<status status="PASS" start="2024-04-27T14:11:30.551119" elapsed="0.000479"/>
</kw>
<kw name="Dictionary Should Contain Key" owner="Collections">
<msg time="2024-04-27T14:11:30.552071" level="INFO">False</msg>
<arg>${json_data}</arg>
<arg>results</arg>
<doc>Fails if ``key`` is not found from ``dictionary``.</doc>
<status status="PASS" start="2024-04-27T14:11:30.551899" elapsed="0.000213"/>
</kw>
<status status="PASS" start="2024-04-27T14:11:30.278019" elapsed="0.274356"/>
</kw>
<doc>Testa se a API responde corretamente e retorna um objeto JSON válido.</doc>
<tag>testeRequisicaoBasica</tag>
<status status="PASS" start="2024-04-27T14:11:30.277548" elapsed="0.275012"/>
</test>
<test id="s1-s1-t3" name="Validar estrutura de resposta" line="22">
<kw name="Teste de Estrutura de Resposta" owner="random-user-service">
<kw name="GET On Session" owner="RequestsLibrary">
<msg time="2024-04-27T14:11:30.645648" level="INFO">GET Request : url=https://randomuser.me/api 
 path_url=/api 
 headers={'User-Agent': 'python-requests/2.31.0', 'Accept-Encoding': 'gzip, deflate', 'Accept': '*/*', 'Connection': 'keep-alive'} 
 body=None 
 </msg>
<msg time="2024-04-27T14:11:30.645728" level="INFO">GET Response : url=https://randomuser.me/api 
 status=200, reason=OK 
 headers={'Date': 'Sat, 27 Apr 2024 14:11:30 GMT', 'Content-Type': 'application/json; charset=utf-8', 'Transfer-Encoding': 'chunked', 'Connection': 'keep-alive', 'X-Powered-By': 'Express', 'Access-Control-Allow-Origin': '*', 'Cache-Control': 'no-cache', 'ETag': 'W/"47b-ZmlvyMeufW0zdxIqYJdypcNyO1Q"', 'Vary': 'Accept-Encoding', 'Content-Encoding': 'gzip', 'CF-Cache-Status': 'DYNAMIC', 'Report-To': '{"endpoints":[{"url":"https:\\/\\/a.nel.cloudflare.com\\/report\\/v4?s=o1kjTUQcxrY%2FTuKMAe81tKJ9ZxAMFD1mjga1kia6OJU3gAV2zCOhJ83z7uOXAZux4EduOH21HsKQDwP4iWLa8yG1doCEhJ1RfKoMqwEa0OJoK%2BUoWgIbr2gYAtakisa0"}],"group":"cf-nel","max_age":604800}', 'NEL': '{"success_fraction":0,"report_to":"cf-nel","max_age":604800}', 'Server': 'cloudflare', 'CF-RAY': '87af66f3f8752d5e-ORD', 'alt-svc': 'h3=":443"; ma=86400'} 
 body={"results":[{"gender":"female","name":{"title":"Mrs","first":"Wilma","last":"Fields"},"location":{"street":{"number":6397,"name":"James St"},"city":"Warrnambool","state":"Western Australia","country":"Australia","postcode":242,"coordinates":{"latitude":"-89.5187","longitude":"168.0930"},"timezone":{"offset":"-2:00","description":"Mid-Atlantic"}},"email":"wilma.fields@example.com","login":{"uuid":"f386a6ff-03c5-4f0a-9c8e-8246133ae1a7","username":"tinylion255","password":"lane","salt":"oXu0cPJW","md5":"c5628d16179da59ff069298ed5dddcae","sha1":"096b6b8b79ff0fca928e456792a55a36a69ff642","sha256":"772f6abac2374a320540056d873335c0c2f5161a49b0763b21074d706ec41709"},"dob":{"date":"1962-02-18T08:07:36.762Z","age":62},"registered":{"date":"2010-08-09T07:59:25.482Z","age":13},"phone":"01-2690-6496","cell":"0423-096-867","id":{"name":"TFN","value":"736327784"},"picture":{"large":"https://randomuser.me/api/portraits/women/6.jpg","medium":"https://randomuser.me/api/portraits/med/women/6.jpg","thumbnail":"https://randomuser.me/api/portraits/thumb/women/6.jpg"},"nat":"AU"}],"info":{"seed":"619b4781d5fde8ac","results":1,"page":1,"version":"1.4"}} 
 </msg>
<msg time="2024-04-27T14:11:30.645837" level="INFO">/opt/hostedtoolcache/Python/3.12.3/x64/lib/python3.12/site-packages/urllib3/connectionpool.py:1103: InsecureRequestWarning: Unverified HTTPS request is being made to host 'randomuser.me'. Adding certificate verification is strongly advised. See: https://urllib3.readthedocs.io/en/latest/advanced-usage.html#tls-warnings
  warnings.warn(</msg>
<msg time="2024-04-27T14:11:30.645952" level="INFO">${response} = &lt;Response [200]&gt;</msg>
<var>${response}</var>
<arg>consultarAPI</arg>
<arg>/api</arg>
<doc>Sends a GET request on a previously created HTTP Session.</doc>
<status status="PASS" start="2024-04-27T14:11:30.555181" elapsed="0.090811"/>
</kw>
<kw name="Set Variable" owner="BuiltIn">
<msg time="2024-04-27T14:11:30.647056" level="INFO">${json_data} = {'results': [{'gender': 'female', 'name': {'title': 'Mrs', 'first': 'Wilma', 'last': 'Fields'}, 'location': {'street': {'number': 6397, 'name': 'James St'}, 'city': 'Warrnambool', 'state': 'Western Au...</msg>
<var>${json_data}</var>
<arg>${response.json()}</arg>
<doc>Returns the given values which can then be assigned to a variables.</doc>
<status status="PASS" start="2024-04-27T14:11:30.646498" elapsed="0.000587"/>
</kw>
<kw name="Log" owner="BuiltIn">
<msg time="2024-04-27T14:11:30.647571" level="INFO">{'results': [{'gender': 'female', 'name': {'title': 'Mrs', 'first': 'Wilma', 'last': 'Fields'}, 'location': {'street': {'number': 6397, 'name': 'James St'}, 'city': 'Warrnambool', 'state': 'Western Australia', 'country': 'Australia', 'postcode': 242, 'coordinates': {'latitude': '-89.5187', 'longitude': '168.0930'}, 'timezone': {'offset': '-2:00', 'description': 'Mid-Atlantic'}}, 'email': 'wilma.fields@example.com', 'login': {'uuid': 'f386a6ff-03c5-4f0a-9c8e-8246133ae1a7', 'username': 'tinylion255', 'password': 'lane', 'salt': 'oXu0cPJW', 'md5': 'c5628d16179da59ff069298ed5dddcae', 'sha1': '096b6b8b79ff0fca928e456792a55a36a69ff642', 'sha256': '772f6abac2374a320540056d873335c0c2f5161a49b0763b21074d706ec41709'}, 'dob': {'date': '1962-02-18T08:07:36.762Z', 'age': 62}, 'registered': {'date': '2010-08-09T07:59:25.482Z', 'age': 13}, 'phone': '01-2690-6496', 'cell': '0423-096-867', 'id': {'name': 'TFN', 'value': '736327784'}, 'picture': {'large': 'https://randomuser.me/api/portraits/women/6.jpg', 'medium': 'https://randomuser.me/api/portraits/med/women/6.jpg', 'thumbnail': 'https://randomuser.me/api/portraits/thumb/women/6.jpg'}, 'nat': 'AU'}], 'info': {'seed': '619b4781d5fde8ac', 'results': 1, 'page': 1, 'version': '1.4'}}</msg>
<arg>${json_data}</arg>
<doc>Logs the given message with the given level.</doc>
<status status="PASS" start="2024-04-27T14:11:30.647407" elapsed="0.000214"/>
</kw>
<kw name="Dictionary Should Contain Key" owner="Collections">
<msg time="2024-04-27T14:11:30.648085" level="INFO">False</msg>
<arg>${json_data}</arg>
<arg>results</arg>
<doc>Fails if ``key`` is not found from ``dictionary``.</doc>
<status status="PASS" start="2024-04-27T14:11:30.647921" elapsed="0.000203"/>
</kw>
<kw name="Should Not Be Empty" owner="BuiltIn">
<msg time="2024-04-27T14:11:30.648556" level="INFO">Length is 2.</msg>
<arg>${json_data}</arg>
<doc>Verifies that the given item is not empty.</doc>
<status status="PASS" start="2024-04-27T14:11:30.648422" elapsed="0.000336"/>
</kw>
<kw name="Create List" owner="BuiltIn">
<msg time="2024-04-27T14:11:30.649205" level="INFO">${expected_keys} = ['gender', 'name', 'location', 'email', 'login']</msg>
<var>${expected_keys}</var>
<arg>gender</arg>
<arg>name</arg>
<arg>location</arg>
<arg>email</arg>
<arg>login</arg>
<doc>Returns a list containing given items.</doc>
<status status="PASS" start="2024-04-27T14:11:30.649052" elapsed="0.000177"/>
</kw>
<for flavor="IN">
<iter>
<kw name="Dictionary Should Contain Key" owner="Collections">
<msg time="2024-04-27T14:11:30.650283" level="INFO">False</msg>
<arg>${json_data['results'][0]}</arg>
<arg>${key}</arg>
<doc>Fails if ``key`` is not found from ``dictionary``.</doc>
<status status="PASS" start="2024-04-27T14:11:30.649873" elapsed="0.000449"/>
</kw>
<kw name="Log" owner="BuiltIn">
<msg time="2024-04-27T14:11:30.650989" level="INFO">{'gender': 'female', 'name': {'title': 'Mrs', 'first': 'Wilma', 'last': 'Fields'}, 'location': {'street': {'number': 6397, 'name': 'James St'}, 'city': 'Warrnambool', 'state': 'Western Australia', 'country': 'Australia', 'postcode': 242, 'coordinates': {'latitude': '-89.5187', 'longitude': '168.0930'}, 'timezone': {'offset': '-2:00', 'description': 'Mid-Atlantic'}}, 'email': 'wilma.fields@example.com', 'login': {'uuid': 'f386a6ff-03c5-4f0a-9c8e-8246133ae1a7', 'username': 'tinylion255', 'password': 'lane', 'salt': 'oXu0cPJW', 'md5': 'c5628d16179da59ff069298ed5dddcae', 'sha1': '096b6b8b79ff0fca928e456792a55a36a69ff642', 'sha256': '772f6abac2374a320540056d873335c0c2f5161a49b0763b21074d706ec41709'}, 'dob': {'date': '1962-02-18T08:07:36.762Z', 'age': 62}, 'registered': {'date': '2010-08-09T07:59:25.482Z', 'age': 13}, 'phone': '01-2690-6496', 'cell': '0423-096-867', 'id': {'name': 'TFN', 'value': '736327784'}, 'picture': {'large': 'https://randomuser.me/api/portraits/women/6.jpg', 'medium': 'https://randomuser.me/api/portraits/med/women/6.jpg', 'thumbnail': 'https://randomuser.me/api/portraits/thumb/women/6.jpg'}, 'nat': 'AU'}</msg>
<arg>${json_data['results'][0]}</arg>
<doc>Logs the given message with the given level.</doc>
<status status="PASS" start="2024-04-27T14:11:30.650623" elapsed="0.000416"/>
</kw>
<kw name="Log" owner="BuiltIn">
<msg time="2024-04-27T14:11:30.651468" level="INFO">gender</msg>
<arg>${key}</arg>
<doc>Logs the given message with the given level.</doc>
<status status="PASS" start="2024-04-27T14:11:30.651337" elapsed="0.000168"/>
</kw>
<var name="${key}">gender</var>
<status status="PASS" start="2024-04-27T14:11:30.649744" elapsed="0.001974"/>
</iter>
<iter>
<kw name="Dictionary Should Contain Key" owner="Collections">
<msg time="2024-04-27T14:11:30.652401" level="INFO">False</msg>
<arg>${json_data['results'][0]}</arg>
<arg>${key}</arg>
<doc>Fails if ``key`` is not found from ``dictionary``.</doc>
<status status="PASS" start="2024-04-27T14:11:30.652018" elapsed="0.000420"/>
</kw>
<kw name="Log" owner="BuiltIn">
<msg time="2024-04-27T14:11:30.653120" level="INFO">{'gender': 'female', 'name': {'title': 'Mrs', 'first': 'Wilma', 'last': 'Fields'}, 'location': {'street': {'number': 6397, 'name': 'James St'}, 'city': 'Warrnambool', 'state': 'Western Australia', 'country': 'Australia', 'postcode': 242, 'coordinates': {'latitude': '-89.5187', 'longitude': '168.0930'}, 'timezone': {'offset': '-2:00', 'description': 'Mid-Atlantic'}}, 'email': 'wilma.fields@example.com', 'login': {'uuid': 'f386a6ff-03c5-4f0a-9c8e-8246133ae1a7', 'username': 'tinylion255', 'password': 'lane', 'salt': 'oXu0cPJW', 'md5': 'c5628d16179da59ff069298ed5dddcae', 'sha1': '096b6b8b79ff0fca928e456792a55a36a69ff642', 'sha256': '772f6abac2374a320540056d873335c0c2f5161a49b0763b21074d706ec41709'}, 'dob': {'date': '1962-02-18T08:07:36.762Z', 'age': 62}, 'registered': {'date': '2010-08-09T07:59:25.482Z', 'age': 13}, 'phone': '01-2690-6496', 'cell': '0423-096-867', 'id': {'name': 'TFN', 'value': '736327784'}, 'picture': {'large': 'https://randomuser.me/api/portraits/women/6.jpg', 'medium': 'https://randomuser.me/api/portraits/med/women/6.jpg', 'thumbnail': 'https://randomuser.me/api/portraits/thumb/women/6.jpg'}, 'nat': 'AU'}</msg>
<arg>${json_data['results'][0]}</arg>
<doc>Logs the given message with the given level.</doc>
<status status="PASS" start="2024-04-27T14:11:30.652759" elapsed="0.000408"/>
</kw>
<kw name="Log" owner="BuiltIn">
<msg time="2024-04-27T14:11:30.653625" level="INFO">name</msg>
<arg>${key}</arg>
<doc>Logs the given message with the given level.</doc>
<status status="PASS" start="2024-04-27T14:11:30.653462" elapsed="0.000202"/>
</kw>
<var name="${key}">name</var>
<status status="PASS" start="2024-04-27T14:11:30.651904" elapsed="0.001974"/>
</iter>
<iter>
<kw name="Dictionary Should Contain Key" owner="Collections">
<msg time="2024-04-27T14:11:30.654546" level="INFO">False</msg>
<arg>${json_data['results'][0]}</arg>
<arg>${key}</arg>
<doc>Fails if ``key`` is not found from ``dictionary``.</doc>
<status status="PASS" start="2024-04-27T14:11:30.654166" elapsed="0.000417"/>
</kw>
<kw name="Log" owner="BuiltIn">
<msg time="2024-04-27T14:11:30.655249" level="INFO">{'gender': 'female', 'name': {'title': 'Mrs', 'first': 'Wilma', 'last': 'Fields'}, 'location': {'street': {'number': 6397, 'name': 'James St'}, 'city': 'Warrnambool', 'state': 'Western Australia', 'country': 'Australia', 'postcode': 242, 'coordinates': {'latitude': '-89.5187', 'longitude': '168.0930'}, 'timezone': {'offset': '-2:00', 'description': 'Mid-Atlantic'}}, 'email': 'wilma.fields@example.com', 'login': {'uuid': 'f386a6ff-03c5-4f0a-9c8e-8246133ae1a7', 'username': 'tinylion255', 'password': 'lane', 'salt': 'oXu0cPJW', 'md5': 'c5628d16179da59ff069298ed5dddcae', 'sha1': '096b6b8b79ff0fca928e456792a55a36a69ff642', 'sha256': '772f6abac2374a320540056d873335c0c2f5161a49b0763b21074d706ec41709'}, 'dob': {'date': '1962-02-18T08:07:36.762Z', 'age': 62}, 'registered': {'date': '2010-08-09T07:59:25.482Z', 'age': 13}, 'phone': '01-2690-6496', 'cell': '0423-096-867', 'id': {'name': 'TFN', 'value': '736327784'}, 'picture': {'large': 'https://randomuser.me/api/portraits/women/6.jpg', 'medium': 'https://randomuser.me/api/portraits/med/women/6.jpg', 'thumbnail': 'https://randomuser.me/api/portraits/thumb/women/6.jpg'}, 'nat': 'AU'}</msg>
<arg>${json_data['results'][0]}</arg>
<doc>Logs the given message with the given level.</doc>
<status status="PASS" start="2024-04-27T14:11:30.654894" elapsed="0.000402"/>
</kw>
<kw name="Log" owner="BuiltIn">
<msg time="2024-04-27T14:11:30.655711" level="INFO">location</msg>
<arg>${key}</arg>
<doc>Logs the given message with the given level.</doc>
<status status="PASS" start="2024-04-27T14:11:30.655588" elapsed="0.000161"/>
</kw>
<var name="${key}">location</var>
<status status="PASS" start="2024-04-27T14:11:30.654054" elapsed="0.001904"/>
</iter>
<iter>
<kw name="Dictionary Should Contain Key" owner="Collections">
<msg time="2024-04-27T14:11:30.656619" level="INFO">False</msg>
<arg>${json_data['results'][0]}</arg>
<arg>${key}</arg>
<doc>Fails if ``key`` is not found from ``dictionary``.</doc>
<status status="PASS" start="2024-04-27T14:11:30.656238" elapsed="0.000418"/>
</kw>
<kw name="Log" owner="BuiltIn">
<msg time="2024-04-27T14:11:30.657333" level="INFO">{'gender': 'female', 'name': {'title': 'Mrs', 'first': 'Wilma', 'last': 'Fields'}, 'location': {'street': {'number': 6397, 'name': 'James St'}, 'city': 'Warrnambool', 'state': 'Western Australia', 'country': 'Australia', 'postcode': 242, 'coordinates': {'latitude': '-89.5187', 'longitude': '168.0930'}, 'timezone': {'offset': '-2:00', 'description': 'Mid-Atlantic'}}, 'email': 'wilma.fields@example.com', 'login': {'uuid': 'f386a6ff-03c5-4f0a-9c8e-8246133ae1a7', 'username': 'tinylion255', 'password': 'lane', 'salt': 'oXu0cPJW', 'md5': 'c5628d16179da59ff069298ed5dddcae', 'sha1': '096b6b8b79ff0fca928e456792a55a36a69ff642', 'sha256': '772f6abac2374a320540056d873335c0c2f5161a49b0763b21074d706ec41709'}, 'dob': {'date': '1962-02-18T08:07:36.762Z', 'age': 62}, 'registered': {'date': '2010-08-09T07:59:25.482Z', 'age': 13}, 'phone': '01-2690-6496', 'cell': '0423-096-867', 'id': {'name': 'TFN', 'value': '736327784'}, 'picture': {'large': 'https://randomuser.me/api/portraits/women/6.jpg', 'medium': 'https://randomuser.me/api/portraits/med/women/6.jpg', 'thumbnail': 'https://randomuser.me/api/portraits/thumb/women/6.jpg'}, 'nat': 'AU'}</msg>
<arg>${json_data['results'][0]}</arg>
<doc>Logs the given message with the given level.</doc>
<status status="PASS" start="2024-04-27T14:11:30.656970" elapsed="0.000411"/>
</kw>
<kw name="Log" owner="BuiltIn">
<msg time="2024-04-27T14:11:30.657850" level="INFO">email</msg>
<arg>${key}</arg>
<doc>Logs the given message with the given level.</doc>
<status status="PASS" start="2024-04-27T14:11:30.657721" elapsed="0.000166"/>
</kw>
<var name="${key}">email</var>
<status status="PASS" start="2024-04-27T14:11:30.656128" elapsed="0.001972"/>
</iter>
<iter>
<kw name="Dictionary Should Contain Key" owner="Collections">
<msg time="2024-04-27T14:11:30.658761" level="INFO">False</msg>
<arg>${json_data['results'][0]}</arg>
<arg>${key}</arg>
<doc>Fails if ``key`` is not found from ``dictionary``.</doc>
<status status="PASS" start="2024-04-27T14:11:30.658377" elapsed="0.000421"/>
</kw>
<kw name="Log" owner="BuiltIn">
<msg time="2024-04-27T14:11:30.659458" level="INFO">{'gender': 'female', 'name': {'title': 'Mrs', 'first': 'Wilma', 'last': 'Fields'}, 'location': {'street': {'number': 6397, 'name': 'James St'}, 'city': 'Warrnambool', 'state': 'Western Australia', 'country': 'Australia', 'postcode': 242, 'coordinates': {'latitude': '-89.5187', 'longitude': '168.0930'}, 'timezone': {'offset': '-2:00', 'description': 'Mid-Atlantic'}}, 'email': 'wilma.fields@example.com', 'login': {'uuid': 'f386a6ff-03c5-4f0a-9c8e-8246133ae1a7', 'username': 'tinylion255', 'password': 'lane', 'salt': 'oXu0cPJW', 'md5': 'c5628d16179da59ff069298ed5dddcae', 'sha1': '096b6b8b79ff0fca928e456792a55a36a69ff642', 'sha256': '772f6abac2374a320540056d873335c0c2f5161a49b0763b21074d706ec41709'}, 'dob': {'date': '1962-02-18T08:07:36.762Z', 'age': 62}, 'registered': {'date': '2010-08-09T07:59:25.482Z', 'age': 13}, 'phone': '01-2690-6496', 'cell': '0423-096-867', 'id': {'name': 'TFN', 'value': '736327784'}, 'picture': {'large': 'https://randomuser.me/api/portraits/women/6.jpg', 'medium': 'https://randomuser.me/api/portraits/med/women/6.jpg', 'thumbnail': 'https://randomuser.me/api/portraits/thumb/women/6.jpg'}, 'nat': 'AU'}</msg>
<arg>${json_data['results'][0]}</arg>
<doc>Logs the given message with the given level.</doc>
<status status="PASS" start="2024-04-27T14:11:30.659091" elapsed="0.000413"/>
</kw>
<kw name="Log" owner="BuiltIn">
<msg time="2024-04-27T14:11:30.659962" level="INFO">login</msg>
<arg>${key}</arg>
<doc>Logs the given message with the given level.</doc>
<status status="PASS" start="2024-04-27T14:11:30.659826" elapsed="0.000173"/>
</kw>
<var name="${key}">login</var>
<status status="PASS" start="2024-04-27T14:11:30.658268" elapsed="0.001944"/>
</iter>
<var>${key}</var>
<value>@{expected_keys}</value>
<status status="PASS" start="2024-04-27T14:11:30.649499" elapsed="0.010857"/>
</for>
<kw name="Create List" owner="BuiltIn">
<msg time="2024-04-27T14:11:30.660699" level="INFO">${expected_keysTwo} = ['username', 'password']</msg>
<var>${expected_keysTwo}</var>
<arg>username</arg>
<arg>password</arg>
<doc>Returns a list containing given items.</doc>
<status status="PASS" start="2024-04-27T14:11:30.660564" elapsed="0.000159"/>
</kw>
<for flavor="IN">
<iter>
<kw name="Dictionary Should Contain Key" owner="Collections">
<msg time="2024-04-27T14:11:30.661653" level="INFO">False</msg>
<arg>${json_data['results'][0]['login']}</arg>
<arg>${keyTwo}</arg>
<doc>Fails if ``key`` is not found from ``dictionary``.</doc>
<status status="PASS" start="2024-04-27T14:11:30.661227" elapsed="0.000466"/>
</kw>
<kw name="Dictionary Should Contain Key" owner="Collections">
<msg time="2024-04-27T14:11:30.662371" level="INFO">False</msg>
<arg>${json_data['results'][0]['login']}</arg>
<arg>${keyTwo}</arg>
<doc>Fails if ``key`` is not found from ``dictionary``.</doc>
<status status="PASS" start="2024-04-27T14:11:30.661988" elapsed="0.000421"/>
</kw>
<kw name="Log" owner="BuiltIn">
<msg time="2024-04-27T14:11:30.662827" level="INFO">username</msg>
<arg>${keyTwo}</arg>
<doc>Logs the given message with the given level.</doc>
<status status="PASS" start="2024-04-27T14:11:30.662701" elapsed="0.000169"/>
</kw>
<var name="${keyTwo}">username</var>
<status status="PASS" start="2024-04-27T14:11:30.661118" elapsed="0.001964"/>
</iter>
<iter>
<kw name="Dictionary Should Contain Key" owner="Collections">
<msg time="2024-04-27T14:11:30.663828" level="INFO">False</msg>
<arg>${json_data['results'][0]['login']}</arg>
<arg>${keyTwo}</arg>
<doc>Fails if ``key`` is not found from ``dictionary``.</doc>
<status status="PASS" start="2024-04-27T14:11:30.663361" elapsed="0.000511"/>
</kw>
<kw name="Dictionary Should Contain Key" owner="Collections">
<msg time="2024-04-27T14:11:30.664563" level="INFO">False</msg>
<arg>${json_data['results'][0]['login']}</arg>
<arg>${keyTwo}</arg>
<doc>Fails if ``key`` is not found from ``dictionary``.</doc>
<status status="PASS" start="2024-04-27T14:11:30.664183" elapsed="0.000417"/>
</kw>
<kw name="Log" owner="BuiltIn">
<msg time="2024-04-27T14:11:30.665030" level="INFO">password</msg>
<arg>${keyTwo}</arg>
<doc>Logs the given message with the given level.</doc>
<status status="PASS" start="2024-04-27T14:11:30.664897" elapsed="0.000170"/>
</kw>
<var name="${keyTwo}">password</var>
<status status="PASS" start="2024-04-27T14:11:30.663252" elapsed="0.002029"/>
</iter>
<var>${keyTwo}</var>
<value>@{expected_keysTwo}</value>
<status status="PASS" start="2024-04-27T14:11:30.660963" elapsed="0.004438"/>
</for>
<status status="PASS" start="2024-04-27T14:11:30.554933" elapsed="0.110632"/>
</kw>
<doc>Testa a estrutura da resposta da API.</doc>
<tag>testeEstruturaResposta</tag>
<status status="PASS" start="2024-04-27T14:11:30.554410" elapsed="0.111318"/>
</test>
<test id="s1-s1-t4" name="Validar tipos de dados" line="28">
<kw name="Teste de Tipos de Dados" owner="random-user-service">
<kw name="GET On Session" owner="RequestsLibrary">
<msg time="2024-04-27T14:11:30.732027" level="INFO">GET Request : url=https://randomuser.me/api 
 path_url=/api 
 headers={'User-Agent': 'python-requests/2.31.0', 'Accept-Encoding': 'gzip, deflate', 'Accept': '*/*', 'Connection': 'keep-alive'} 
 body=None 
 </msg>
<msg time="2024-04-27T14:11:30.732109" level="INFO">GET Response : url=https://randomuser.me/api 
 status=200, reason=OK 
 headers={'Date': 'Sat, 27 Apr 2024 14:11:30 GMT', 'Content-Type': 'application/json; charset=utf-8', 'Transfer-Encoding': 'chunked', 'Connection': 'keep-alive', 'X-Powered-By': 'Express', 'Access-Control-Allow-Origin': '*', 'Cache-Control': 'no-cache', 'ETag': 'W/"498-LAAyJkcwNPlxkEpFPx0efOTjOTU"', 'Vary': 'Accept-Encoding', 'Content-Encoding': 'gzip', 'CF-Cache-Status': 'DYNAMIC', 'Report-To': '{"endpoints":[{"url":"https:\\/\\/a.nel.cloudflare.com\\/report\\/v4?s=qgGeEiN8r4iBk%2FV%2FXXoWriqxAODm0zgyxnfG9egRWod93OwKRWd7eElRV4RYuJmrsYDYKWQ0zUJvYndqzXEeL4O9hsBnj68ctquPb%2BqxkVPMX4en%2BpMStAyCN%2Fk9y4ue"}],"group":"cf-nel","max_age":604800}', 'NEL': '{"success_fraction":0,"report_to":"cf-nel","max_age":604800}', 'Server': 'cloudflare', 'CF-RAY': '87af66f4b90d2d5e-ORD', 'alt-svc': 'h3=":443"; ma=86400'} 
 body={"results":[{"gender":"female","name":{"title":"Mrs","first":"Jenneke","last":"Berg"},"location":{"street":{"number":3733,"name":"Ericaduin"},"city":"Lijnden","state":"Gelderland","country":"Netherlands","postcode":"0397 DF","coordinates":{"latitude":"30.3111","longitude":"84.6336"},"timezone":{"offset":"+8:00","description":"Beijing, Perth, Singapore, Hong Kong"}},"email":"jenneke.berg@example.com","login":{"uuid":"608d5874-fdcc-452e-8e24-bcecb6eab054","username":"crazypanda819","password":"bonehead","salt":"1WYul3Y3","md5":"8f462bbfdcb3f2ec4779498187f43605","sha1":"824069d547dafef1c01015adc4a40438685cc64f","sha256":"550d4ea0c89c7c5a1a6df257e4bd484924838238eacc0bf4ec6b5a42c0091c2e"},"dob":{"date":"1997-06-24T17:19:24.491Z","age":26},"registered":{"date":"2017-10-12T09:29:45.730Z","age":6},"phone":"(049) 6703210","cell":"(06) 48838435","id":{"name":"BSN","value":"03314414"},"picture":{"large":"https://randomuser.me/api/portraits/women/70.jpg","medium":"https://randomuser.me/api/portraits/med/women/70.jpg","thumbnail":"https://randomuser.me/api/portraits/thumb/women/70.jpg"},"nat":"NL"}],"info":{"seed":"4f35597b77fe588b","results":1,"page":1,"version":"1.4"}} 
 </msg>
<msg time="2024-04-27T14:11:30.732184" level="INFO">/opt/hostedtoolcache/Python/3.12.3/x64/lib/python3.12/site-packages/urllib3/connectionpool.py:1103: InsecureRequestWarning: Unverified HTTPS request is being made to host 'randomuser.me'. Adding certificate verification is strongly advised. See: https://urllib3.readthedocs.io/en/latest/advanced-usage.html#tls-warnings
  warnings.warn(</msg>
<msg time="2024-04-27T14:11:30.732302" level="INFO">${response} = &lt;Response [200]&gt;</msg>
<var>${response}</var>
<arg>consultarAPI</arg>
<arg>/api</arg>
<doc>Sends a GET request on a previously created HTTP Session.</doc>
<status status="PASS" start="2024-04-27T14:11:30.668269" elapsed="0.064089"/>
</kw>
<kw name="Set Variable" owner="BuiltIn">
<msg time="2024-04-27T14:11:30.733464" level="INFO">${json_data} = {'results': [{'gender': 'female', 'name': {'title': 'Mrs', 'first': 'Jenneke', 'last': 'Berg'}, 'location': {'street': {'number': 3733, 'name': 'Ericaduin'}, 'city': 'Lijnden', 'state': 'Gelderland', ...</msg>
<var>${json_data}</var>
<arg>${response.json()}</arg>
<doc>Returns the given values which can then be assigned to a variables.</doc>
<status status="PASS" start="2024-04-27T14:11:30.732912" elapsed="0.000581"/>
</kw>
<kw name="Log" owner="BuiltIn">
<msg time="2024-04-27T14:11:30.733994" level="INFO">{'results': [{'gender': 'female', 'name': {'title': 'Mrs', 'first': 'Jenneke', 'last': 'Berg'}, 'location': {'street': {'number': 3733, 'name': 'Ericaduin'}, 'city': 'Lijnden', 'state': 'Gelderland', 'country': 'Netherlands', 'postcode': '0397 DF', 'coordinates': {'latitude': '30.3111', 'longitude': '84.6336'}, 'timezone': {'offset': '+8:00', 'description': 'Beijing, Perth, Singapore, Hong Kong'}}, 'email': 'jenneke.berg@example.com', 'login': {'uuid': '608d5874-fdcc-452e-8e24-bcecb6eab054', 'username': 'crazypanda819', 'password': 'bonehead', 'salt': '1WYul3Y3', 'md5': '8f462bbfdcb3f2ec4779498187f43605', 'sha1': '824069d547dafef1c01015adc4a40438685cc64f', 'sha256': '550d4ea0c89c7c5a1a6df257e4bd484924838238eacc0bf4ec6b5a42c0091c2e'}, 'dob': {'date': '1997-06-24T17:19:24.491Z', 'age': 26}, 'registered': {'date': '2017-10-12T09:29:45.730Z', 'age': 6}, 'phone': '(049) 6703210', 'cell': '(06) 48838435', 'id': {'name': 'BSN', 'value': '03314414'}, 'picture': {'large': 'https://randomuser.me/api/portraits/women/70.jpg', 'medium': 'https://randomuser.me/api/portraits/med/women/70.jpg', 'thumbnail': 'https://randomuser.me/api/portraits/thumb/women/70.jpg'}, 'nat': 'NL'}], 'info': {'seed': '4f35597b77fe588b', 'results': 1, 'page': 1, 'version': '1.4'}}</msg>
<arg>${json_data}</arg>
<doc>Logs the given message with the given level.</doc>
<status status="PASS" start="2024-04-27T14:11:30.733843" elapsed="0.000229"/>
</kw>
<kw name="Should Be String" owner="String">
<arg>${json_data['results'][0]['gender']}</arg>
<doc>Fails if the given ``item`` is not a string.</doc>
<status status="PASS" start="2024-04-27T14:11:30.734370" elapsed="0.000369"/>
</kw>
<kw name="Should Match Regexp" owner="BuiltIn">
<arg>${json_data['results'][0]['email']}</arg>
<arg>^[a-zA-Z0-9._%+-]+@[a-zA-Z0-9.-]+\.[a-zA-Z]{2,}$</arg>
<doc>Fails if ``string`` does not match ``pattern`` as a regular expression.</doc>
<status status="PASS" start="2024-04-27T14:11:30.734932" elapsed="0.000515"/>
</kw>
<kw name="Should Match Regexp" owner="BuiltIn">
<arg>${json_data['results'][0]['dob']['date']}</arg>
<arg>\\d{4}-\\d{2}-\\d{2}T\\d{2}:\\d{2}:\\d{2}\\.\\d{3}Z</arg>
<doc>Fails if ``string`` does not match ``pattern`` as a regular expression.</doc>
<status status="PASS" start="2024-04-27T14:11:30.735647" elapsed="0.000487"/>
</kw>
<kw name="Should Match Regexp" owner="BuiltIn">
<arg>${json_data['results'][0]['registered']['date']}</arg>
<arg>\\d{4}-\\d{2}-\\d{2}T\\d{2}:\\d{2}:\\d{2}\\.\\d{3}Z</arg>
<doc>Fails if ``string`` does not match ``pattern`` as a regular expression.</doc>
<status status="PASS" start="2024-04-27T14:11:30.736326" elapsed="0.000365"/>
</kw>
<kw name="Should Match Regexp" owner="BuiltIn">
<arg>${json_data['results'][0]['picture']['large']}</arg>
<arg>^https?://.*\.(?:png|jpe?g|gif|bmp)$</arg>
<doc>Fails if ``string`` does not match ``pattern`` as a regular expression.</doc>
<status status="PASS" start="2024-04-27T14:11:30.736878" elapsed="0.000463"/>
</kw>
<kw name="Should Match Regexp" owner="BuiltIn">
<arg>${json_data['results'][0]['picture']['medium']}</arg>
<arg>^https?://.*\.(?:png|jpe?g|gif|bmp)$</arg>
<doc>Fails if ``string`` does not match ``pattern`` as a regular expression.</doc>
<status status="PASS" start="2024-04-27T14:11:30.737555" elapsed="0.000374"/>
</kw>
<kw name="Should Match Regexp" owner="BuiltIn">
<arg>${json_data['results'][0]['picture']['thumbnail']}</arg>
<arg>^https?://.*\.(?:png|jpe?g|gif|bmp)$</arg>
<doc>Fails if ``string`` does not match ``pattern`` as a regular expression.</doc>
<status status="PASS" start="2024-04-27T14:11:30.738120" elapsed="0.000349"/>
</kw>
<kw name="Log" owner="BuiltIn">
<msg time="2024-04-27T14:11:30.738971" level="INFO">{'large': 'https://randomuser.me/api/portraits/women/70.jpg', 'medium': 'https://randomuser.me/api/portraits/med/women/70.jpg', 'thumbnail': 'https://randomuser.me/api/portraits/thumb/women/70.jpg'}</msg>
<arg>${json_data['results'][0]['picture']}</arg>
<doc>Logs the given message with the given level.</doc>
<status status="PASS" start="2024-04-27T14:11:30.738650" elapsed="0.000362"/>
</kw>
<status status="PASS" start="2024-04-27T14:11:30.668041" elapsed="0.071224"/>
</kw>
<kw name="Teste de Tipos de Dados - Postcode" owner="random-user-service">
<kw name="GET On Session" owner="RequestsLibrary">
<msg time="2024-04-27T14:11:30.875970" level="INFO">GET Request : url=https://randomuser.me/api 
 path_url=/api 
 headers={'User-Agent': 'python-requests/2.31.0', 'Accept-Encoding': 'gzip, deflate', 'Accept': '*/*', 'Connection': 'keep-alive'} 
 body=None 
 </msg>
<msg time="2024-04-27T14:11:30.876080" level="INFO">GET Response : url=https://randomuser.me/api 
 status=200, reason=OK 
 headers={'Date': 'Sat, 27 Apr 2024 14:11:30 GMT', 'Content-Type': 'application/json; charset=utf-8', 'Transfer-Encoding': 'chunked', 'Connection': 'keep-alive', 'X-Powered-By': 'Express', 'Access-Control-Allow-Origin': '*', 'Cache-Control': 'no-cache', 'ETag': 'W/"495-sdMShkK0bWENe8swUL9UGUbN6lk"', 'Vary': 'Accept-Encoding', 'Content-Encoding': 'gzip', 'CF-Cache-Status': 'DYNAMIC', 'Report-To': '{"endpoints":[{"url":"https:\\/\\/a.nel.cloudflare.com\\/report\\/v4?s=Z10BBVlMKLl65eAh0h9dyYLRoUzc%2FI0PvVUg%2BGWVdNu36D4Nyym9rDJzn7IXi7z7grfSi1%2B9UcEXbxycPKRIajTGnw64ZnoQVN1XZ6GR%2FwZ5z5BvXG2Xe3oMo1tvPFJ0"}],"group":"cf-nel","max_age":604800}', 'NEL': '{"success_fraction":0,"report_to":"cf-nel","max_age":604800}', 'Server': 'cloudflare', 'CF-RAY': '87af66f529692d5e-ORD', 'alt-svc': 'h3=":443"; ma=86400'} 
 body={"results":[{"gender":"female","name":{"title":"Ms","first":"Shabari","last":"Kavser"},"location":{"street":{"number":6981,"name":"Fontainhas"},"city":"Thane","state":"Haryana","country":"India","postcode":35520,"coordinates":{"latitude":"6.0833","longitude":"101.0176"},"timezone":{"offset":"-6:00","description":"Central Time (US &amp; Canada), Mexico City"}},"email":"shabari.kavser@example.com","login":{"uuid":"b6d3b4e5-41c9-4253-bc70-bf6b649fcbe4","username":"beautifulpeacock996","password":"iforget","salt":"gVLktnpV","md5":"a64f1235aa68d468fd4ba3f41ac34dde","sha1":"8ec627397b54c415e1c6041914fad6675273f76a","sha256":"6fe51d787b325a53a6baf9f24a69abb1ba41f1c6f8a28205e99c0203a21cadf6"},"dob":{"date":"1966-09-12T23:55:49.099Z","age":57},"registered":{"date":"2016-12-07T15:23:18.093Z","age":7},"phone":"7597792679","cell":"8620882317","id":{"name":"UIDAI","value":"958473951740"},"picture":{"large":"https://randomuser.me/api/portraits/women/39.jpg","medium":"https://randomuser.me/api/portraits/med/women/39.jpg","thumbnail":"https://randomuser.me/api/portraits/thumb/women/39.jpg"},"nat":"IN"}],"info":{"seed":"94da1b1cf4df9610","results":1,"page":1,"version":"1.4"}} 
 </msg>
<msg time="2024-04-27T14:11:30.876147" level="INFO">/opt/hostedtoolcache/Python/3.12.3/x64/lib/python3.12/site-packages/urllib3/connectionpool.py:1103: InsecureRequestWarning: Unverified HTTPS request is being made to host 'randomuser.me'. Adding certificate verification is strongly advised. See: https://urllib3.readthedocs.io/en/latest/advanced-usage.html#tls-warnings
  warnings.warn(</msg>
<msg time="2024-04-27T14:11:30.876266" level="INFO">${response} = &lt;Response [200]&gt;</msg>
<var>${response}</var>
<arg>consultarAPI</arg>
<arg>/api</arg>
<doc>Sends a GET request on a previously created HTTP Session.</doc>
<status status="PASS" start="2024-04-27T14:11:30.739718" elapsed="0.136587"/>
</kw>
<kw name="Set Variable" owner="BuiltIn">
<msg time="2024-04-27T14:11:30.877470" level="INFO">${json_data} = {'results': [{'gender': 'female', 'name': {'title': 'Ms', 'first': 'Shabari', 'last': 'Kavser'}, 'location': {'street': {'number': 6981, 'name': 'Fontainhas'}, 'city': 'Thane', 'state': 'Haryana', 'co...</msg>
<var>${json_data}</var>
<arg>${response.json()}</arg>
<doc>Returns the given values which can then be assigned to a variables.</doc>
<status status="PASS" start="2024-04-27T14:11:30.876913" elapsed="0.000584"/>
</kw>
<kw name="Log" owner="BuiltIn">
<msg time="2024-04-27T14:11:30.878021" level="INFO">{'results': [{'gender': 'female', 'name': {'title': 'Ms', 'first': 'Shabari', 'last': 'Kavser'}, 'location': {'street': {'number': 6981, 'name': 'Fontainhas'}, 'city': 'Thane', 'state': 'Haryana', 'country': 'India', 'postcode': 35520, 'coordinates': {'latitude': '6.0833', 'longitude': '101.0176'}, 'timezone': {'offset': '-6:00', 'description': 'Central Time (US &amp; Canada), Mexico City'}}, 'email': 'shabari.kavser@example.com', 'login': {'uuid': 'b6d3b4e5-41c9-4253-bc70-bf6b649fcbe4', 'username': 'beautifulpeacock996', 'password': 'iforget', 'salt': 'gVLktnpV', 'md5': 'a64f1235aa68d468fd4ba3f41ac34dde', 'sha1': '8ec627397b54c415e1c6041914fad6675273f76a', 'sha256': '6fe51d787b325a53a6baf9f24a69abb1ba41f1c6f8a28205e99c0203a21cadf6'}, 'dob': {'date': '1966-09-12T23:55:49.099Z', 'age': 57}, 'registered': {'date': '2016-12-07T15:23:18.093Z', 'age': 7}, 'phone': '7597792679', 'cell': '8620882317', 'id': {'name': 'UIDAI', 'value': '958473951740'}, 'picture': {'large': 'https://randomuser.me/api/portraits/women/39.jpg', 'medium': 'https://randomuser.me/api/portraits/med/women/39.jpg', 'thumbnail': 'https://randomuser.me/api/portraits/thumb/women/39.jpg'}, 'nat': 'IN'}], 'info': {'seed': '94da1b1cf4df9610', 'results': 1, 'page': 1, 'version': '1.4'}}</msg>
<arg>${json_data}</arg>
<doc>Logs the given message with the given level.</doc>
<status status="PASS" start="2024-04-27T14:11:30.877856" elapsed="0.000248"/>
</kw>
<kw name="Should Be Equal As Numbers" owner="BuiltIn">
<arg>${json_data['results'][0]['location']['postcode']}</arg>
<arg>${json_data['results'][0]['location']['postcode']}</arg>
<doc>Fails if objects are unequal after converting them to real numbers.</doc>
<status status="PASS" start="2024-04-27T14:11:30.878591" elapsed="0.000623"/>
</kw>
<kw name="Log" owner="BuiltIn">
<msg time="2024-04-27T14:11:30.879738" level="INFO">35520</msg>
<arg>${json_data['results'][0]['location']['postcode']}</arg>
<doc>Logs the given message with the given level.</doc>
<status status="PASS" start="2024-04-27T14:11:30.879405" elapsed="0.000372"/>
</kw>
<status status="PASS" start="2024-04-27T14:11:30.739480" elapsed="0.140554"/>
</kw>
<doc>Testa se os tipos de dados na resposta da API estão corretos.</doc>
<tag>testeTiposDados</tag>
<status status="PASS" start="2024-04-27T14:11:30.667480" elapsed="0.212720"/>
</test>
<test id="s1-s1-t5" name="Validar conteudo" line="35">
<kw name="Teste de Tipos de Conteudo" owner="random-user-service">
<kw name="GET On Session" owner="RequestsLibrary">
<msg time="2024-04-27T14:11:31.008676" level="INFO">GET Request : url=https://randomuser.me/api 
 path_url=/api 
 headers={'User-Agent': 'python-requests/2.31.0', 'Accept-Encoding': 'gzip, deflate', 'Accept': '*/*', 'Connection': 'keep-alive'} 
 body=None 
 </msg>
<msg time="2024-04-27T14:11:31.008770" level="INFO">GET Response : url=https://randomuser.me/api 
 status=200, reason=OK 
 headers={'Date': 'Sat, 27 Apr 2024 14:11:31 GMT', 'Content-Type': 'application/json; charset=utf-8', 'Transfer-Encoding': 'chunked', 'Connection': 'keep-alive', 'X-Powered-By': 'Express', 'Access-Control-Allow-Origin': '*', 'Cache-Control': 'no-cache', 'ETag': 'W/"495-97p+bTbFryo5njjoGiQM8QuD5/k"', 'Vary': 'Accept-Encoding', 'Content-Encoding': 'gzip', 'CF-Cache-Status': 'DYNAMIC', 'Report-To': '{"endpoints":[{"url":"https:\\/\\/a.nel.cloudflare.com\\/report\\/v4?s=BTUfR6rLAL4OYk39MILoKWz7q%2F77dTdvDnir59E4hEPvQ5brFB32cdIbSz%2F73D6vZvCQkejgso4tiMMff5921l%2FMTu3AgqVkWtJGLnQmSqGltyx%2BFQjd0r3XNgxDEGLY"}],"group":"cf-nel","max_age":604800}', 'NEL': '{"success_fraction":0,"report_to":"cf-nel","max_age":604800}', 'Server': 'cloudflare', 'CF-RAY': '87af66f60a062d5e-ORD', 'alt-svc': 'h3=":443"; ma=86400'} 
 body={"results":[{"gender":"male","name":{"title":"Mr","first":"Eberhard","last":"Rödiger"},"location":{"street":{"number":970,"name":"Ahornweg"},"city":"Lüchow (Wendland)","state":"Baden-Württemberg","country":"Germany","postcode":64988,"coordinates":{"latitude":"-55.1142","longitude":"-133.3217"},"timezone":{"offset":"-2:00","description":"Mid-Atlantic"}},"email":"eberhard.rodiger@example.com","login":{"uuid":"3b610809-da14-496d-9b62-b943e23ae70f","username":"happydog750","password":"pornographic","salt":"ZMfpMz2f","md5":"61dedc1e560fe78abff28c6db6d7e6ca","sha1":"e76324e3f23d5cc5a688c4db72d3e859e5412800","sha256":"be05729f5df0dc82afaa10dc0aca8769ad7c2b301b28f0c3ec76800df8d734ca"},"dob":{"date":"1976-09-01T21:42:30.635Z","age":47},"registered":{"date":"2007-06-23T09:18:36.549Z","age":16},"phone":"0912-6940939","cell":"0175-1012213","id":{"name":"SVNR","value":"04 010976 R 327"},"picture":{"large":"https://randomuser.me/api/portraits/men/21.jpg","medium":"https://randomuser.me/api/portraits/med/men/21.jpg","thumbnail":"https://randomuser.me/api/portraits/thumb/men/21.jpg"},"nat":"DE"}],"info":{"seed":"1dad0034d1225a9b","results":1,"page":1,"version":"1.4"}} 
 </msg>
<msg time="2024-04-27T14:11:31.008846" level="INFO">/opt/hostedtoolcache/Python/3.12.3/x64/lib/python3.12/site-packages/urllib3/connectionpool.py:1103: InsecureRequestWarning: Unverified HTTPS request is being made to host 'randomuser.me'. Adding certificate verification is strongly advised. See: https://urllib3.readthedocs.io/en/latest/advanced-usage.html#tls-warnings
  warnings.warn(</msg>
<msg time="2024-04-27T14:11:31.008963" level="INFO">${response} = &lt;Response [200]&gt;</msg>
<var>${response}</var>
<arg>consultarAPI</arg>
<arg>/api</arg>
<doc>Sends a GET request on a previously created HTTP Session.</doc>
<status status="PASS" start="2024-04-27T14:11:30.883301" elapsed="0.125706"/>
</kw>
<kw name="Set Variable" owner="BuiltIn">
<msg time="2024-04-27T14:11:31.010025" level="INFO">${json_data} = {'results': [{'gender': 'male', 'name': {'title': 'Mr', 'first': 'Eberhard', 'last': 'Rödiger'}, 'location': {'street': {'number': 970, 'name': 'Ahornweg'}, 'city': 'Lüchow (Wendland)', 'state': 'Bade...</msg>
<var>${json_data}</var>
<arg>${response.json()}</arg>
<doc>Returns the given values which can then be assigned to a variables.</doc>
<status status="PASS" start="2024-04-27T14:11:31.009498" elapsed="0.000556"/>
</kw>
<kw name="Set Variable" owner="BuiltIn">
<msg time="2024-04-27T14:11:31.010756" level="INFO">${name_title} = Mr</msg>
<var>${name_title}</var>
<arg>${json_data["results"][0]["name"]["title"]}</arg>
<doc>Returns the given values which can then be assigned to a variables.</doc>
<status status="PASS" start="2024-04-27T14:11:31.010366" elapsed="0.000415"/>
</kw>
<kw name="Create List" owner="BuiltIn">
<msg time="2024-04-27T14:11:31.011232" level="INFO">${allowed_titles} = ['Mr', 'Ms', 'Miss', 'Mrs', 'Madame', 'Monsieur']</msg>
<var>${allowed_titles}</var>
<arg>Mr</arg>
<arg>Ms</arg>
<arg>Miss</arg>
<arg>Mrs</arg>
<arg>Madame</arg>
<arg>Monsieur</arg>
<doc>Returns a list containing given items.</doc>
<status status="PASS" start="2024-04-27T14:11:31.011078" elapsed="0.000177"/>
</kw>
<kw name="List Should Contain Value" owner="Collections">
<msg time="2024-04-27T14:11:31.011721" level="INFO">False</msg>
<arg>${allowed_titles}</arg>
<arg>${name_title}</arg>
<doc>Fails if the ``value`` is not found from ``list``.</doc>
<status status="PASS" start="2024-04-27T14:11:31.011550" elapsed="0.000207"/>
</kw>
<kw name="Set Variable" owner="BuiltIn">
<msg time="2024-04-27T14:11:31.012418" level="INFO">${name_country} = DE</msg>
<var>${name_country}</var>
<arg>${json_data["results"][0]["nat"]}</arg>
<doc>Returns the given values which can then be assigned to a variables.</doc>
<status status="PASS" start="2024-04-27T14:11:31.012039" elapsed="0.000403"/>
</kw>
<kw name="Create List" owner="BuiltIn">
<msg time="2024-04-27T14:11:31.013320" level="INFO">${list_country} = ['AD', 'AE', 'AF', 'AG', 'AI', 'AL', 'AM', 'AO', 'AQ', 'AR', 'AS', 'AT', 'AU', 'AW', 'AX', 'AZ', 'BA', 'BB', 'BD', 'BE', 'BF', 'BG', 'BH', 'BI', 'BJ', 'BL', 'BM', 'BN', 'BO', 'BQ', 'BR', 'BS', 'BT', '...</msg>
<var>${list_country}</var>
<arg>AD</arg>
<arg>AE</arg>
<arg>AF</arg>
<arg>AG</arg>
<arg>AI</arg>
<arg>AL</arg>
<arg>AM</arg>
<arg>AO</arg>
<arg>AQ</arg>
<arg>AR</arg>
<arg>AS</arg>
<arg>AT</arg>
<arg>AU</arg>
<arg>AW</arg>
<arg>AX</arg>
<arg>AZ</arg>
<arg>BA</arg>
<arg>BB</arg>
<arg>BD</arg>
<arg>BE</arg>
<arg>BF</arg>
<arg>BG</arg>
<arg>BH</arg>
<arg>BI</arg>
<arg>BJ</arg>
<arg>BL</arg>
<arg>BM</arg>
<arg>BN</arg>
<arg>BO</arg>
<arg>BQ</arg>
<arg>BR</arg>
<arg>BS</arg>
<arg>BT</arg>
<arg>BV</arg>
<arg>BW</arg>
<arg>BY</arg>
<arg>BZ</arg>
<arg>CA</arg>
<arg>CC</arg>
<arg>CD</arg>
<arg>CF</arg>
<arg>CG</arg>
<arg>CH</arg>
<arg>CI</arg>
<arg>CK</arg>
<arg>CL</arg>
<arg>CM</arg>
<arg>CN</arg>
<arg>CO</arg>
<arg>CR</arg>
<arg>CU</arg>
<arg>CV</arg>
<arg>CW</arg>
<arg>CX</arg>
<arg>CY</arg>
<arg>CZ</arg>
<arg>DE</arg>
<arg>DJ</arg>
<arg>DK</arg>
<arg>DM</arg>
<arg>DO</arg>
<arg>DZ</arg>
<arg>EC</arg>
<arg>EE</arg>
<arg>EG</arg>
<arg>EH</arg>
<arg>ER</arg>
<arg>ES</arg>
<arg>ET</arg>
<arg>FI</arg>
<arg>FJ</arg>
<arg>FK</arg>
<arg>FM</arg>
<arg>FO</arg>
<arg>FR</arg>
<arg>GA</arg>
<arg>GB</arg>
<arg>GD</arg>
<arg>GE</arg>
<arg>GF</arg>
<arg>GG</arg>
<arg>GH</arg>
<arg>GI</arg>
<arg>GL</arg>
<arg>GM</arg>
<arg>GN</arg>
<arg>GP</arg>
<arg>GQ</arg>
<arg>GR</arg>
<arg>GS</arg>
<arg>GT</arg>
<arg>GU</arg>
<arg>GW</arg>
<arg>GY</arg>
<arg>HK</arg>
<arg>HM</arg>
<arg>HN</arg>
<arg>HR</arg>
<arg>HT</arg>
<arg>HU</arg>
<arg>ID</arg>
<arg>IE</arg>
<arg>IL</arg>
<arg>IM</arg>
<arg>IN</arg>
<arg>IO</arg>
<arg>IQ</arg>
<arg>IR</arg>
<arg>IS</arg>
<arg>IT</arg>
<arg>JE</arg>
<arg>JM</arg>
<arg>JO</arg>
<arg>JP</arg>
<arg>KE</arg>
<arg>KG</arg>
<arg>KH</arg>
<arg>KI</arg>
<arg>KM</arg>
<arg>KN</arg>
<arg>KP</arg>
<arg>KR</arg>
<arg>KW</arg>
<arg>KY</arg>
<arg>KZ</arg>
<arg>LA</arg>
<arg>LB</arg>
<arg>LC</arg>
<arg>LI</arg>
<arg>LK</arg>
<arg>LR</arg>
<arg>LS</arg>
<arg>LT</arg>
<arg>LU</arg>
<arg>LV</arg>
<arg>LY</arg>
<arg>MA</arg>
<arg>MC</arg>
<arg>MD</arg>
<arg>ME</arg>
<arg>MF</arg>
<arg>MG</arg>
<arg>MH</arg>
<arg>MK</arg>
<arg>ML</arg>
<arg>MM</arg>
<arg>MN</arg>
<arg>MO</arg>
<arg>MP</arg>
<arg>MQ</arg>
<arg>MR</arg>
<arg>MS</arg>
<arg>MT</arg>
<arg>MU</arg>
<arg>MV</arg>
<arg>MW</arg>
<arg>MX</arg>
<arg>MY</arg>
<arg>MZ</arg>
<arg>NA</arg>
<arg>NC</arg>
<arg>NE</arg>
<arg>NF</arg>
<arg>NG</arg>
<arg>NI</arg>
<arg>NL</arg>
<arg>NO</arg>
<arg>NP</arg>
<arg>NR</arg>
<arg>NU</arg>
<arg>NZ</arg>
<arg>OM</arg>
<arg>PA</arg>
<arg>PE</arg>
<arg>PF</arg>
<arg>PG</arg>
<arg>PH</arg>
<arg>PK</arg>
<arg>PL</arg>
<arg>PM</arg>
<arg>PN</arg>
<arg>PR</arg>
<arg>PS</arg>
<arg>PT</arg>
<arg>PW</arg>
<arg>PY</arg>
<arg>QA</arg>
<arg>RE</arg>
<arg>RO</arg>
<arg>RS</arg>
<arg>RU</arg>
<arg>RW</arg>
<arg>SA</arg>
<arg>SB</arg>
<arg>SC</arg>
<arg>SD</arg>
<arg>SE</arg>
<arg>SG</arg>
<arg>SH</arg>
<arg>SI</arg>
<arg>SJ</arg>
<arg>SK</arg>
<arg>SL</arg>
<arg>SM</arg>
<arg>SN</arg>
<arg>SO</arg>
<arg>SR</arg>
<arg>SS</arg>
<arg>ST</arg>
<arg>SV</arg>
<arg>SX</arg>
<arg>SY</arg>
<arg>SZ</arg>
<arg>TC</arg>
<arg>TD</arg>
<arg>TF</arg>
<arg>TG</arg>
<arg>TH</arg>
<arg>TJ</arg>
<arg>TK</arg>
<arg>TL</arg>
<arg>TM</arg>
<arg>TN</arg>
<arg>TO</arg>
<arg>TR</arg>
<arg>TT</arg>
<arg>TV</arg>
<arg>TW</arg>
<arg>TZ</arg>
<arg>UA</arg>
<arg>UG</arg>
<arg>UM</arg>
<arg>US</arg>
<arg>UY</arg>
<arg>UZ</arg>
<arg>VA</arg>
<arg>VC</arg>
<arg>VE</arg>
<arg>VG</arg>
<arg>VI</arg>
<arg>VN</arg>
<arg>VU</arg>
<arg>WF</arg>
<arg>WS</arg>
<arg>XK</arg>
<arg>YE</arg>
<arg>YT</arg>
<arg>ZA</arg>
<arg>ZM</arg>
<arg>ZW</arg>
<doc>Returns a list containing given items.</doc>
<status status="PASS" start="2024-04-27T14:11:31.012739" elapsed="0.000607"/>
</kw>
<kw name="List Should Contain Value" owner="Collections">
<msg time="2024-04-27T14:11:31.014354" level="INFO">False</msg>
<arg>${list_country}</arg>
<arg>${name_country}</arg>
<doc>Fails if the ``value`` is not found from ``list``.</doc>
<status status="PASS" start="2024-04-27T14:11:31.014156" elapsed="0.000234"/>
</kw>
<kw name="Run Keyword If" owner="BuiltIn">
<kw name="Should Be True" owner="BuiltIn">
<arg>${True}</arg>
<doc>Fails if the given condition is not true.</doc>
<status status="PASS" start="2024-04-27T14:11:31.015462" elapsed="0.000260"/>
</kw>
<arg>${json_data["results"][0]["location"]["coordinates"]["latitude"]} &gt;= -90 and ${json_data["results"][0]["location"]["coordinates"]["latitude"]} &lt;= 90</arg>
<arg>Should Be True</arg>
<arg>${True}</arg>
<doc>Runs the given keyword with the given arguments, if ``condition`` is true.</doc>
<status status="PASS" start="2024-04-27T14:11:31.014698" elapsed="0.001158"/>
</kw>
<kw name="Run Keyword If" owner="BuiltIn">
<kw name="Should Be True" owner="BuiltIn">
<arg>${True}</arg>
<doc>Fails if the given condition is not true.</doc>
<status status="PASS" start="2024-04-27T14:11:31.016743" elapsed="0.000136"/>
</kw>
<arg>${json_data["results"][0]["location"]["coordinates"]["longitude"]} &gt;= -180 and ${json_data["results"][0]["location"]["coordinates"]["longitude"]} &lt;= 180</arg>
<arg>Should Be True</arg>
<arg>${True}</arg>
<doc>Runs the given keyword with the given arguments, if ``condition`` is true.</doc>
<status status="PASS" start="2024-04-27T14:11:31.016040" elapsed="0.000961"/>
</kw>
<status status="PASS" start="2024-04-27T14:11:30.882924" elapsed="0.134205"/>
</kw>
<doc>Testa o conteúdo específico dos campos retornados pela API.</doc>
<tag>testeConteudo</tag>
<status status="PASS" start="2024-04-27T14:11:30.882208" elapsed="0.135067"/>
</test>
<status status="PASS" start="2024-04-27T14:11:29.951128" elapsed="1.068150"/>
</suite>
<status status="PASS" start="2024-04-27T14:11:29.937645" elapsed="1.086781"/>
</suite>
<statistics>
<total>
<stat pass="5" fail="0" skip="0">All Tests</stat>
</total>
<tag>
<stat pass="1" fail="0" skip="0">testeConteudo</stat>
<stat pass="1" fail="0" skip="0">testeEstruturaResposta</stat>
<stat pass="1" fail="0" skip="0">testeRequisicaoBasica</stat>
<stat pass="1" fail="0" skip="0">testeTiposDados</stat>
</tag>
<suite>
<stat pass="5" fail="0" skip="0" id="s1" name="Tests">Tests</stat>
<stat pass="5" fail="0" skip="0" id="s1-s1" name="Random-User-Test">Tests.Random-User-Test</stat>
</suite>
</statistics>
<errors>
</errors>
</robot>
