<?xml version="1.0" encoding="UTF-8"?>
<robot generator="Robot 7.0.1 (Python 3.12.4 on linux)" generated="2024-06-25T18:20:22.211473" rpa="false" schemaversion="5">
<suite id="s1" name="Tests" source="/home/runner/work/ApiRandomUser/ApiRandomUser/RamdonUser/tests">
<suite id="s1-s1" name="Random-User-Test" source="/home/runner/work/ApiRandomUser/ApiRandomUser/RamdonUser/tests/random-user-test.robot">
<test id="s1-s1-t1" name="Conectar" line="13">
<kw name="Conectar API" owner="random-user-service">
<kw name="Create Session" owner="RequestsLibrary">
<msg time="2024-06-25T18:20:22.619477" level="INFO">Creating Session using : alias=consultarAPI, url=https://randomuser.me/, headers={},                     cookies={}, auth=None, timeout=None, proxies=None, verify=False,                     debug=0 </msg>
<arg>consultarAPI</arg>
<arg>${URL}</arg>
<doc>Create Session: create a HTTP session to a server</doc>
<status status="PASS" start="2024-06-25T18:20:22.619266" elapsed="0.000412"/>
</kw>
<status status="PASS" start="2024-06-25T18:20:22.618278" elapsed="0.001773"/>
</kw>
<status status="PASS" start="2024-06-25T18:20:22.617688" elapsed="0.002556"/>
</test>
<test id="s1-s1-t2" name="Validar retorno 200 e JSON Válido" line="16">
<kw name="Teste de Requisicao Basica" owner="random-user-service">
<kw name="GET On Session" owner="RequestsLibrary">
<msg time="2024-06-25T18:20:22.867350" level="INFO">GET Request : url=https://randomuser.me/api 
 path_url=/api 
 headers={'User-Agent': 'python-requests/2.32.3', 'Accept-Encoding': 'gzip, deflate', 'Accept': '*/*', 'Connection': 'keep-alive'} 
 body=None 
 </msg>
<msg time="2024-06-25T18:20:22.867517" level="INFO">GET Response : url=https://randomuser.me/api 
 status=200, reason=OK 
 headers={'Date': 'Tue, 25 Jun 2024 18:20:22 GMT', 'Content-Type': 'application/json; charset=utf-8', 'Transfer-Encoding': 'chunked', 'Connection': 'keep-alive', 'X-Powered-By': 'Express', 'Access-Control-Allow-Origin': '*', 'Cache-Control': 'no-cache', 'ETag': 'W/"4af-lIKOMlLKdsIat62KKKYOKyMoQJo"', 'Vary': 'Accept-Encoding', 'Content-Encoding': 'gzip', 'CF-Cache-Status': 'DYNAMIC', 'Report-To': '{"endpoints":[{"url":"https:\\/\\/a.nel.cloudflare.com\\/report\\/v4?s=KjVfc4tbHj7evaDRuC1BMAKprB7fi8g%2FlZactsorSRQQog5N6vEhsFpo%2FLUzMHvsVXJfA1huCLIPfdzc%2F%2FCjAiGbqnG%2BxNC%2FooUew62kDnOG2ylrsTM5y6eSle43U%2F17"}],"group":"cf-nel","max_age":604800}', 'NEL': '{"success_fraction":0,"report_to":"cf-nel","max_age":604800}', 'Server': 'cloudflare', 'CF-RAY': '8996f8a28db96205-ORD', 'alt-svc': 'h3=":443"; ma=86400'} 
 body={"results":[{"gender":"male","name":{"title":"Monsieur","first":"Giovanni","last":"Bourgeois"},"location":{"street":{"number":9862,"name":"Rue Louis-Blanqui"},"city":"Wolhusen","state":"Zug","country":"Switzerland","postcode":9850,"coordinates":{"latitude":"-58.2103","longitude":"-124.7351"},"timezone":{"offset":"+9:00","description":"Tokyo, Seoul, Osaka, Sapporo, Yakutsk"}},"email":"giovanni.bourgeois@example.com","login":{"uuid":"51efeff8-16fa-4ee3-80c4-e998f3932137","username":"silverelephant903","password":"1michael","salt":"fA0Q37or","md5":"d46565a5e50b081024652b7e16b7905f","sha1":"e42bef8bfbd1d94651eb17016ab53bc3c58c3407","sha256":"d37608f02292d7067431ea4be92c85782d22e8ff90058fcd71f168841810e687"},"dob":{"date":"1977-08-05T21:45:42.150Z","age":46},"registered":{"date":"2014-06-04T12:53:19.386Z","age":10},"phone":"076 521 11 48","cell":"079 903 29 72","id":{"name":"AVS","value":"756.5756.9595.42"},"picture":{"large":"https://randomuser.me/api/portraits/men/51.jpg","medium":"https://randomuser.me/api/portraits/med/men/51.jpg","thumbnail":"https://randomuser.me/api/portraits/thumb/men/51.jpg"},"nat":"CH"}],"info":{"seed":"165217b96d3857df","results":1,"page":1,"version":"1.4"}} 
 </msg>
<msg time="2024-06-25T18:20:22.867601" level="INFO">/opt/hostedtoolcache/Python/3.12.4/x64/lib/python3.12/site-packages/urllib3/connectionpool.py:1099: InsecureRequestWarning: Unverified HTTPS request is being made to host 'randomuser.me'. Adding certificate verification is strongly advised. See: https://urllib3.readthedocs.io/en/latest/advanced-usage.html#tls-warnings
  warnings.warn(</msg>
<msg time="2024-06-25T18:20:22.867770" level="INFO">${response} = &lt;Response [200]&gt;</msg>
<var>${response}</var>
<arg>consultarAPI</arg>
<arg>/api</arg>
<doc>Sends a GET request on a previously created HTTP Session.</doc>
<status status="PASS" start="2024-06-25T18:20:22.622884" elapsed="0.244929"/>
</kw>
<kw name="Should Be Equal As Numbers" owner="BuiltIn">
<msg time="2024-06-25T18:20:22.868973" level="INFO">Argument types are:
&lt;class 'int'&gt;
&lt;class 'str'&gt;</msg>
<arg>${response.status_code}</arg>
<arg>200</arg>
<doc>Fails if objects are unequal after converting them to real numbers.</doc>
<status status="PASS" start="2024-06-25T18:20:22.868474" elapsed="0.000564"/>
</kw>
<kw name="Log" owner="BuiltIn">
<msg time="2024-06-25T18:20:22.869717" level="INFO">200</msg>
<arg>${response.status_code}</arg>
<doc>Logs the given message with the given level.</doc>
<status status="PASS" start="2024-06-25T18:20:22.869358" elapsed="0.000405"/>
</kw>
<kw name="Set Variable" owner="BuiltIn">
<msg time="2024-06-25T18:20:22.870502" level="INFO">${json_data} = {'results': [{'gender': 'male', 'name': {'title': 'Monsieur', 'first': 'Giovanni', 'last': 'Bourgeois'}, 'location': {'street': {'number': 9862, 'name': 'Rue Louis-Blanqui'}, 'city': 'Wolhusen', 'stat...</msg>
<var>${json_data}</var>
<arg>${response.json()}</arg>
<doc>Returns the given values which can then be assigned to a variables.</doc>
<status status="PASS" start="2024-06-25T18:20:22.870064" elapsed="0.000466"/>
</kw>
<kw name="Dictionary Should Contain Key" owner="Collections">
<arg>${json_data}</arg>
<arg>results</arg>
<doc>Fails if ``key`` is not found from ``dictionary``.</doc>
<status status="PASS" start="2024-06-25T18:20:22.870832" elapsed="0.000175"/>
</kw>
<status status="PASS" start="2024-06-25T18:20:22.622636" elapsed="0.248525"/>
</kw>
<doc>Testa se a API responde corretamente e retorna um objeto JSON válido.</doc>
<tag>testeRequisicaoBasica</tag>
<status status="PASS" start="2024-06-25T18:20:22.622156" elapsed="0.249192"/>
</test>
<test id="s1-s1-t3" name="Validar estrutura de resposta" line="22">
<kw name="Teste de Estrutura de Resposta" owner="random-user-service">
<kw name="GET On Session" owner="RequestsLibrary">
<msg time="2024-06-25T18:20:22.964688" level="INFO">GET Request : url=https://randomuser.me/api 
 path_url=/api 
 headers={'User-Agent': 'python-requests/2.32.3', 'Accept-Encoding': 'gzip, deflate', 'Accept': '*/*', 'Connection': 'keep-alive'} 
 body=None 
 </msg>
<msg time="2024-06-25T18:20:22.964803" level="INFO">GET Response : url=https://randomuser.me/api 
 status=200, reason=OK 
 headers={'Date': 'Tue, 25 Jun 2024 18:20:22 GMT', 'Content-Type': 'application/json; charset=utf-8', 'Transfer-Encoding': 'chunked', 'Connection': 'keep-alive', 'X-Powered-By': 'Express', 'Access-Control-Allow-Origin': '*', 'Cache-Control': 'no-cache', 'ETag': 'W/"476-ZlJhMWeycsbX8nBQawFEDpE+zy0"', 'Vary': 'Accept-Encoding', 'Content-Encoding': 'gzip', 'CF-Cache-Status': 'DYNAMIC', 'Report-To': '{"endpoints":[{"url":"https:\\/\\/a.nel.cloudflare.com\\/report\\/v4?s=%2BwqdiOnc1DbiytrhRdbIHdfCjJWczb9jJ%2F1wwud9fe2FWcae5%2BugmCFFioEbZzr3TsZ8PR1DdYHgTFEuTeP81a7fNjECeNEPTLFzGnQS0xYPQvacU7sICMIsY5I7sVRs"}],"group":"cf-nel","max_age":604800}', 'NEL': '{"success_fraction":0,"report_to":"cf-nel","max_age":604800}', 'Server': 'cloudflare', 'CF-RAY': '8996f8a2fe446205-ORD', 'alt-svc': 'h3=":443"; ma=86400'} 
 body={"results":[{"gender":"male","name":{"title":"Mr","first":"Macit","last":"Gönültaş"},"location":{"street":{"number":239,"name":"Necatibey Cd"},"city":"Denizli","state":"Artvin","country":"Turkey","postcode":32730,"coordinates":{"latitude":"71.0468","longitude":"-116.3536"},"timezone":{"offset":"+6:00","description":"Almaty, Dhaka, Colombo"}},"email":"macit.gonultas@example.com","login":{"uuid":"a6c08314-8b0c-4da9-806b-50fac7a35e38","username":"greenpeacock390","password":"7007","salt":"HScV2QLV","md5":"f925354f33d6a809f7be32bf8ff6f895","sha1":"853e6ac87969a7fffbd372f13876564265749c5f","sha256":"44cefae6c13d572a378b9b3d9151f138e1e6644c1b71cad979e38be8aa1cbe42"},"dob":{"date":"1945-06-28T12:26:59.764Z","age":78},"registered":{"date":"2022-02-17T13:03:36.000Z","age":2},"phone":"(746)-239-2524","cell":"(247)-857-3254","id":{"name":"","value":null},"picture":{"large":"https://randomuser.me/api/portraits/men/67.jpg","medium":"https://randomuser.me/api/portraits/med/men/67.jpg","thumbnail":"https://randomuser.me/api/portraits/thumb/men/67.jpg"},"nat":"TR"}],"info":{"seed":"841b750d22191d56","results":1,"page":1,"version":"1.4"}} 
 </msg>
<msg time="2024-06-25T18:20:22.964953" level="INFO">/opt/hostedtoolcache/Python/3.12.4/x64/lib/python3.12/site-packages/urllib3/connectionpool.py:1099: InsecureRequestWarning: Unverified HTTPS request is being made to host 'randomuser.me'. Adding certificate verification is strongly advised. See: https://urllib3.readthedocs.io/en/latest/advanced-usage.html#tls-warnings
  warnings.warn(</msg>
<msg time="2024-06-25T18:20:22.965099" level="INFO">${response} = &lt;Response [200]&gt;</msg>
<var>${response}</var>
<arg>consultarAPI</arg>
<arg>/api</arg>
<doc>Sends a GET request on a previously created HTTP Session.</doc>
<status status="PASS" start="2024-06-25T18:20:22.874693" elapsed="0.090454"/>
</kw>
<kw name="Set Variable" owner="BuiltIn">
<msg time="2024-06-25T18:20:22.966448" level="INFO">${json_data} = {'results': [{'gender': 'male', 'name': {'title': 'Mr', 'first': 'Macit', 'last': 'Gönültaş'}, 'location': {'street': {'number': 239, 'name': 'Necatibey Cd'}, 'city': 'Denizli', 'state': 'Artvin', 'co...</msg>
<var>${json_data}</var>
<arg>${response.json()}</arg>
<doc>Returns the given values which can then be assigned to a variables.</doc>
<status status="PASS" start="2024-06-25T18:20:22.965835" elapsed="0.000644"/>
</kw>
<kw name="Log" owner="BuiltIn">
<msg time="2024-06-25T18:20:22.967037" level="INFO">{'results': [{'gender': 'male', 'name': {'title': 'Mr', 'first': 'Macit', 'last': 'Gönültaş'}, 'location': {'street': {'number': 239, 'name': 'Necatibey Cd'}, 'city': 'Denizli', 'state': 'Artvin', 'country': 'Turkey', 'postcode': 32730, 'coordinates': {'latitude': '71.0468', 'longitude': '-116.3536'}, 'timezone': {'offset': '+6:00', 'description': 'Almaty, Dhaka, Colombo'}}, 'email': 'macit.gonultas@example.com', 'login': {'uuid': 'a6c08314-8b0c-4da9-806b-50fac7a35e38', 'username': 'greenpeacock390', 'password': '7007', 'salt': 'HScV2QLV', 'md5': 'f925354f33d6a809f7be32bf8ff6f895', 'sha1': '853e6ac87969a7fffbd372f13876564265749c5f', 'sha256': '44cefae6c13d572a378b9b3d9151f138e1e6644c1b71cad979e38be8aa1cbe42'}, 'dob': {'date': '1945-06-28T12:26:59.764Z', 'age': 78}, 'registered': {'date': '2022-02-17T13:03:36.000Z', 'age': 2}, 'phone': '(746)-239-2524', 'cell': '(247)-857-3254', 'id': {'name': '', 'value': None}, 'picture': {'large': 'https://randomuser.me/api/portraits/men/67.jpg', 'medium': 'https://randomuser.me/api/portraits/med/men/67.jpg', 'thumbnail': 'https://randomuser.me/api/portraits/thumb/men/67.jpg'}, 'nat': 'TR'}], 'info': {'seed': '841b750d22191d56', 'results': 1, 'page': 1, 'version': '1.4'}}</msg>
<arg>${json_data}</arg>
<doc>Logs the given message with the given level.</doc>
<status status="PASS" start="2024-06-25T18:20:22.966855" elapsed="0.000237"/>
</kw>
<kw name="Dictionary Should Contain Key" owner="Collections">
<arg>${json_data}</arg>
<arg>results</arg>
<doc>Fails if ``key`` is not found from ``dictionary``.</doc>
<status status="PASS" start="2024-06-25T18:20:22.967409" elapsed="0.000168"/>
</kw>
<kw name="Should Not Be Empty" owner="BuiltIn">
<msg time="2024-06-25T18:20:22.967901" level="INFO">Length is 2.</msg>
<arg>${json_data}</arg>
<doc>Verifies that the given item is not empty.</doc>
<status status="PASS" start="2024-06-25T18:20:22.967772" elapsed="0.000173"/>
</kw>
<kw name="Create List" owner="BuiltIn">
<msg time="2024-06-25T18:20:22.968623" level="INFO">${expected_keys} = ['gender', 'name', 'location', 'email', 'login']</msg>
<var>${expected_keys}</var>
<arg>gender</arg>
<arg>name</arg>
<arg>location</arg>
<arg>email</arg>
<arg>login</arg>
<doc>Returns a list containing given items.</doc>
<status status="PASS" start="2024-06-25T18:20:22.968255" elapsed="0.000395"/>
</kw>
<for flavor="IN">
<iter>
<kw name="Dictionary Should Contain Key" owner="Collections">
<arg>${json_data['results'][0]}</arg>
<arg>${key}</arg>
<doc>Fails if ``key`` is not found from ``dictionary``.</doc>
<status status="PASS" start="2024-06-25T18:20:22.969271" elapsed="0.000426"/>
</kw>
<kw name="Log" owner="BuiltIn">
<msg time="2024-06-25T18:20:22.970262" level="INFO">{'gender': 'male', 'name': {'title': 'Mr', 'first': 'Macit', 'last': 'Gönültaş'}, 'location': {'street': {'number': 239, 'name': 'Necatibey Cd'}, 'city': 'Denizli', 'state': 'Artvin', 'country': 'Turkey', 'postcode': 32730, 'coordinates': {'latitude': '71.0468', 'longitude': '-116.3536'}, 'timezone': {'offset': '+6:00', 'description': 'Almaty, Dhaka, Colombo'}}, 'email': 'macit.gonultas@example.com', 'login': {'uuid': 'a6c08314-8b0c-4da9-806b-50fac7a35e38', 'username': 'greenpeacock390', 'password': '7007', 'salt': 'HScV2QLV', 'md5': 'f925354f33d6a809f7be32bf8ff6f895', 'sha1': '853e6ac87969a7fffbd372f13876564265749c5f', 'sha256': '44cefae6c13d572a378b9b3d9151f138e1e6644c1b71cad979e38be8aa1cbe42'}, 'dob': {'date': '1945-06-28T12:26:59.764Z', 'age': 78}, 'registered': {'date': '2022-02-17T13:03:36.000Z', 'age': 2}, 'phone': '(746)-239-2524', 'cell': '(247)-857-3254', 'id': {'name': '', 'value': None}, 'picture': {'large': 'https://randomuser.me/api/portraits/men/67.jpg', 'medium': 'https://randomuser.me/api/portraits/med/men/67.jpg', 'thumbnail': 'https://randomuser.me/api/portraits/thumb/men/67.jpg'}, 'nat': 'TR'}</msg>
<arg>${json_data['results'][0]}</arg>
<doc>Logs the given message with the given level.</doc>
<status status="PASS" start="2024-06-25T18:20:22.969887" elapsed="0.000427"/>
</kw>
<kw name="Log" owner="BuiltIn">
<msg time="2024-06-25T18:20:22.970762" level="INFO">gender</msg>
<arg>${key}</arg>
<doc>Logs the given message with the given level.</doc>
<status status="PASS" start="2024-06-25T18:20:22.970623" elapsed="0.000178"/>
</kw>
<var name="${key}">gender</var>
<status status="PASS" start="2024-06-25T18:20:22.969140" elapsed="0.001879"/>
</iter>
<iter>
<kw name="Dictionary Should Contain Key" owner="Collections">
<arg>${json_data['results'][0]}</arg>
<arg>${key}</arg>
<doc>Fails if ``key`` is not found from ``dictionary``.</doc>
<status status="PASS" start="2024-06-25T18:20:22.971317" elapsed="0.000394"/>
</kw>
<kw name="Log" owner="BuiltIn">
<msg time="2024-06-25T18:20:22.972245" level="INFO">{'gender': 'male', 'name': {'title': 'Mr', 'first': 'Macit', 'last': 'Gönültaş'}, 'location': {'street': {'number': 239, 'name': 'Necatibey Cd'}, 'city': 'Denizli', 'state': 'Artvin', 'country': 'Turkey', 'postcode': 32730, 'coordinates': {'latitude': '71.0468', 'longitude': '-116.3536'}, 'timezone': {'offset': '+6:00', 'description': 'Almaty, Dhaka, Colombo'}}, 'email': 'macit.gonultas@example.com', 'login': {'uuid': 'a6c08314-8b0c-4da9-806b-50fac7a35e38', 'username': 'greenpeacock390', 'password': '7007', 'salt': 'HScV2QLV', 'md5': 'f925354f33d6a809f7be32bf8ff6f895', 'sha1': '853e6ac87969a7fffbd372f13876564265749c5f', 'sha256': '44cefae6c13d572a378b9b3d9151f138e1e6644c1b71cad979e38be8aa1cbe42'}, 'dob': {'date': '1945-06-28T12:26:59.764Z', 'age': 78}, 'registered': {'date': '2022-02-17T13:03:36.000Z', 'age': 2}, 'phone': '(746)-239-2524', 'cell': '(247)-857-3254', 'id': {'name': '', 'value': None}, 'picture': {'large': 'https://randomuser.me/api/portraits/men/67.jpg', 'medium': 'https://randomuser.me/api/portraits/med/men/67.jpg', 'thumbnail': 'https://randomuser.me/api/portraits/thumb/men/67.jpg'}, 'nat': 'TR'}</msg>
<arg>${json_data['results'][0]}</arg>
<doc>Logs the given message with the given level.</doc>
<status status="PASS" start="2024-06-25T18:20:22.971894" elapsed="0.000437"/>
</kw>
<kw name="Log" owner="BuiltIn">
<msg time="2024-06-25T18:20:22.972794" level="INFO">name</msg>
<arg>${key}</arg>
<doc>Logs the given message with the given level.</doc>
<status status="PASS" start="2024-06-25T18:20:22.972662" elapsed="0.000171"/>
</kw>
<var name="${key}">name</var>
<status status="PASS" start="2024-06-25T18:20:22.971205" elapsed="0.001846"/>
</iter>
<iter>
<kw name="Dictionary Should Contain Key" owner="Collections">
<arg>${json_data['results'][0]}</arg>
<arg>${key}</arg>
<doc>Fails if ``key`` is not found from ``dictionary``.</doc>
<status status="PASS" start="2024-06-25T18:20:22.973337" elapsed="0.000384"/>
</kw>
<kw name="Log" owner="BuiltIn">
<msg time="2024-06-25T18:20:22.974252" level="INFO">{'gender': 'male', 'name': {'title': 'Mr', 'first': 'Macit', 'last': 'Gönültaş'}, 'location': {'street': {'number': 239, 'name': 'Necatibey Cd'}, 'city': 'Denizli', 'state': 'Artvin', 'country': 'Turkey', 'postcode': 32730, 'coordinates': {'latitude': '71.0468', 'longitude': '-116.3536'}, 'timezone': {'offset': '+6:00', 'description': 'Almaty, Dhaka, Colombo'}}, 'email': 'macit.gonultas@example.com', 'login': {'uuid': 'a6c08314-8b0c-4da9-806b-50fac7a35e38', 'username': 'greenpeacock390', 'password': '7007', 'salt': 'HScV2QLV', 'md5': 'f925354f33d6a809f7be32bf8ff6f895', 'sha1': '853e6ac87969a7fffbd372f13876564265749c5f', 'sha256': '44cefae6c13d572a378b9b3d9151f138e1e6644c1b71cad979e38be8aa1cbe42'}, 'dob': {'date': '1945-06-28T12:26:59.764Z', 'age': 78}, 'registered': {'date': '2022-02-17T13:03:36.000Z', 'age': 2}, 'phone': '(746)-239-2524', 'cell': '(247)-857-3254', 'id': {'name': '', 'value': None}, 'picture': {'large': 'https://randomuser.me/api/portraits/men/67.jpg', 'medium': 'https://randomuser.me/api/portraits/med/men/67.jpg', 'thumbnail': 'https://randomuser.me/api/portraits/thumb/men/67.jpg'}, 'nat': 'TR'}</msg>
<arg>${json_data['results'][0]}</arg>
<doc>Logs the given message with the given level.</doc>
<status status="PASS" start="2024-06-25T18:20:22.973903" elapsed="0.000399"/>
</kw>
<kw name="Log" owner="BuiltIn">
<msg time="2024-06-25T18:20:22.974728" level="INFO">location</msg>
<arg>${key}</arg>
<doc>Logs the given message with the given level.</doc>
<status status="PASS" start="2024-06-25T18:20:22.974601" elapsed="0.000164"/>
</kw>
<var name="${key}">location</var>
<status status="PASS" start="2024-06-25T18:20:22.973229" elapsed="0.001749"/>
</iter>
<iter>
<kw name="Dictionary Should Contain Key" owner="Collections">
<arg>${json_data['results'][0]}</arg>
<arg>${key}</arg>
<doc>Fails if ``key`` is not found from ``dictionary``.</doc>
<status status="PASS" start="2024-06-25T18:20:22.975250" elapsed="0.000395"/>
</kw>
<kw name="Log" owner="BuiltIn">
<msg time="2024-06-25T18:20:22.976183" level="INFO">{'gender': 'male', 'name': {'title': 'Mr', 'first': 'Macit', 'last': 'Gönültaş'}, 'location': {'street': {'number': 239, 'name': 'Necatibey Cd'}, 'city': 'Denizli', 'state': 'Artvin', 'country': 'Turkey', 'postcode': 32730, 'coordinates': {'latitude': '71.0468', 'longitude': '-116.3536'}, 'timezone': {'offset': '+6:00', 'description': 'Almaty, Dhaka, Colombo'}}, 'email': 'macit.gonultas@example.com', 'login': {'uuid': 'a6c08314-8b0c-4da9-806b-50fac7a35e38', 'username': 'greenpeacock390', 'password': '7007', 'salt': 'HScV2QLV', 'md5': 'f925354f33d6a809f7be32bf8ff6f895', 'sha1': '853e6ac87969a7fffbd372f13876564265749c5f', 'sha256': '44cefae6c13d572a378b9b3d9151f138e1e6644c1b71cad979e38be8aa1cbe42'}, 'dob': {'date': '1945-06-28T12:26:59.764Z', 'age': 78}, 'registered': {'date': '2022-02-17T13:03:36.000Z', 'age': 2}, 'phone': '(746)-239-2524', 'cell': '(247)-857-3254', 'id': {'name': '', 'value': None}, 'picture': {'large': 'https://randomuser.me/api/portraits/men/67.jpg', 'medium': 'https://randomuser.me/api/portraits/med/men/67.jpg', 'thumbnail': 'https://randomuser.me/api/portraits/thumb/men/67.jpg'}, 'nat': 'TR'}</msg>
<arg>${json_data['results'][0]}</arg>
<doc>Logs the given message with the given level.</doc>
<status status="PASS" start="2024-06-25T18:20:22.975828" elapsed="0.000407"/>
</kw>
<kw name="Log" owner="BuiltIn">
<msg time="2024-06-25T18:20:22.976706" level="INFO">email</msg>
<arg>${key}</arg>
<doc>Logs the given message with the given level.</doc>
<status status="PASS" start="2024-06-25T18:20:22.976564" elapsed="0.000182"/>
</kw>
<var name="${key}">email</var>
<status status="PASS" start="2024-06-25T18:20:22.975145" elapsed="0.001817"/>
</iter>
<iter>
<kw name="Dictionary Should Contain Key" owner="Collections">
<arg>${json_data['results'][0]}</arg>
<arg>${key}</arg>
<doc>Fails if ``key`` is not found from ``dictionary``.</doc>
<status status="PASS" start="2024-06-25T18:20:22.977238" elapsed="0.000396"/>
</kw>
<kw name="Log" owner="BuiltIn">
<msg time="2024-06-25T18:20:22.978171" level="INFO">{'gender': 'male', 'name': {'title': 'Mr', 'first': 'Macit', 'last': 'Gönültaş'}, 'location': {'street': {'number': 239, 'name': 'Necatibey Cd'}, 'city': 'Denizli', 'state': 'Artvin', 'country': 'Turkey', 'postcode': 32730, 'coordinates': {'latitude': '71.0468', 'longitude': '-116.3536'}, 'timezone': {'offset': '+6:00', 'description': 'Almaty, Dhaka, Colombo'}}, 'email': 'macit.gonultas@example.com', 'login': {'uuid': 'a6c08314-8b0c-4da9-806b-50fac7a35e38', 'username': 'greenpeacock390', 'password': '7007', 'salt': 'HScV2QLV', 'md5': 'f925354f33d6a809f7be32bf8ff6f895', 'sha1': '853e6ac87969a7fffbd372f13876564265749c5f', 'sha256': '44cefae6c13d572a378b9b3d9151f138e1e6644c1b71cad979e38be8aa1cbe42'}, 'dob': {'date': '1945-06-28T12:26:59.764Z', 'age': 78}, 'registered': {'date': '2022-02-17T13:03:36.000Z', 'age': 2}, 'phone': '(746)-239-2524', 'cell': '(247)-857-3254', 'id': {'name': '', 'value': None}, 'picture': {'large': 'https://randomuser.me/api/portraits/men/67.jpg', 'medium': 'https://randomuser.me/api/portraits/med/men/67.jpg', 'thumbnail': 'https://randomuser.me/api/portraits/thumb/men/67.jpg'}, 'nat': 'TR'}</msg>
<arg>${json_data['results'][0]}</arg>
<doc>Logs the given message with the given level.</doc>
<status status="PASS" start="2024-06-25T18:20:22.977815" elapsed="0.000409"/>
</kw>
<kw name="Log" owner="BuiltIn">
<msg time="2024-06-25T18:20:22.978652" level="INFO">login</msg>
<arg>${key}</arg>
<doc>Logs the given message with the given level.</doc>
<status status="PASS" start="2024-06-25T18:20:22.978524" elapsed="0.000165"/>
</kw>
<var name="${key}">login</var>
<status status="PASS" start="2024-06-25T18:20:22.977132" elapsed="0.001769"/>
</iter>
<var>${key}</var>
<value>@{expected_keys}</value>
<status status="PASS" start="2024-06-25T18:20:22.968933" elapsed="0.010088"/>
</for>
<kw name="Create List" owner="BuiltIn">
<msg time="2024-06-25T18:20:22.979348" level="INFO">${expected_keysTwo} = ['username', 'password']</msg>
<var>${expected_keysTwo}</var>
<arg>username</arg>
<arg>password</arg>
<doc>Returns a list containing given items.</doc>
<status status="PASS" start="2024-06-25T18:20:22.979214" elapsed="0.000157"/>
</kw>
<for flavor="IN">
<iter>
<kw name="Dictionary Should Contain Key" owner="Collections">
<arg>${json_data['results'][0]['login']}</arg>
<arg>${keyTwo}</arg>
<doc>Fails if ``key`` is not found from ``dictionary``.</doc>
<status status="PASS" start="2024-06-25T18:20:22.979907" elapsed="0.000384"/>
</kw>
<kw name="Dictionary Should Contain Key" owner="Collections">
<arg>${json_data['results'][0]['login']}</arg>
<arg>${keyTwo}</arg>
<doc>Fails if ``key`` is not found from ``dictionary``.</doc>
<status status="PASS" start="2024-06-25T18:20:22.980472" elapsed="0.000420"/>
</kw>
<kw name="Log" owner="BuiltIn">
<msg time="2024-06-25T18:20:22.981191" level="INFO">username</msg>
<arg>${keyTwo}</arg>
<doc>Logs the given message with the given level.</doc>
<status status="PASS" start="2024-06-25T18:20:22.981070" elapsed="0.000159"/>
</kw>
<var name="${keyTwo}">username</var>
<status status="PASS" start="2024-06-25T18:20:22.979798" elapsed="0.001657"/>
</iter>
<iter>
<kw name="Dictionary Should Contain Key" owner="Collections">
<arg>${json_data['results'][0]['login']}</arg>
<arg>${keyTwo}</arg>
<doc>Fails if ``key`` is not found from ``dictionary``.</doc>
<status status="PASS" start="2024-06-25T18:20:22.981733" elapsed="0.000380"/>
</kw>
<kw name="Dictionary Should Contain Key" owner="Collections">
<arg>${json_data['results'][0]['login']}</arg>
<arg>${keyTwo}</arg>
<doc>Fails if ``key`` is not found from ``dictionary``.</doc>
<status status="PASS" start="2024-06-25T18:20:22.982290" elapsed="0.000365"/>
</kw>
<kw name="Log" owner="BuiltIn">
<msg time="2024-06-25T18:20:22.982950" level="INFO">password</msg>
<arg>${keyTwo}</arg>
<doc>Logs the given message with the given level.</doc>
<status status="PASS" start="2024-06-25T18:20:22.982831" elapsed="0.000155"/>
</kw>
<var name="${keyTwo}">password</var>
<status status="PASS" start="2024-06-25T18:20:22.981624" elapsed="0.001671"/>
</iter>
<var>${keyTwo}</var>
<value>@{expected_keysTwo}</value>
<status status="PASS" start="2024-06-25T18:20:22.979637" elapsed="0.003777"/>
</for>
<status status="PASS" start="2024-06-25T18:20:22.874255" elapsed="0.109299"/>
</kw>
<doc>Testa a estrutura da resposta da API.</doc>
<tag>testeEstruturaResposta</tag>
<status status="PASS" start="2024-06-25T18:20:22.873342" elapsed="0.110367"/>
</test>
<test id="s1-s1-t4" name="Validar tipos de dados" line="28">
<kw name="Teste de Tipos de Dados" owner="random-user-service">
<kw name="GET On Session" owner="RequestsLibrary">
<msg time="2024-06-25T18:20:23.066715" level="INFO">GET Request : url=https://randomuser.me/api 
 path_url=/api 
 headers={'User-Agent': 'python-requests/2.32.3', 'Accept-Encoding': 'gzip, deflate', 'Accept': '*/*', 'Connection': 'keep-alive'} 
 body=None 
 </msg>
<msg time="2024-06-25T18:20:23.066831" level="INFO">GET Response : url=https://randomuser.me/api 
 status=200, reason=OK 
 headers={'Date': 'Tue, 25 Jun 2024 18:20:23 GMT', 'Content-Type': 'application/json; charset=utf-8', 'Transfer-Encoding': 'chunked', 'Connection': 'keep-alive', 'X-Powered-By': 'Express', 'Access-Control-Allow-Origin': '*', 'Cache-Control': 'no-cache', 'ETag': 'W/"469-HNJAEXhGh9MyBLhpahyBjJZLn7A"', 'Vary': 'Accept-Encoding', 'Content-Encoding': 'gzip', 'CF-Cache-Status': 'DYNAMIC', 'Report-To': '{"endpoints":[{"url":"https:\\/\\/a.nel.cloudflare.com\\/report\\/v4?s=0Mevntj4uC%2B6NyLNhFFO4AxAfe43UJuS4Uj3LTzI3g1grq8lvWgh29h9CNbRarRCchTBVn1gEgrHTQOwDUXNZ3msbBCpY1rFLflG7GbgPlSKkM3cGyd5mCKun7Ypna%2BF"}],"group":"cf-nel","max_age":604800}', 'NEL': '{"success_fraction":0,"report_to":"cf-nel","max_age":604800}', 'Server': 'cloudflare', 'CF-RAY': '8996f8a3af216205-ORD', 'alt-svc': 'h3=":443"; ma=86400'} 
 body={"results":[{"gender":"male","name":{"title":"Mr","first":"Marius","last":"Møller"},"location":{"street":{"number":9321,"name":"Hovvej"},"city":"Nørre Sundby","state":"Danmark","country":"Denmark","postcode":97988,"coordinates":{"latitude":"-39.3143","longitude":"-20.7115"},"timezone":{"offset":"+3:30","description":"Tehran"}},"email":"marius.moller@example.com","login":{"uuid":"999e581f-d93e-4e82-89f8-ebd74bf3d3d2","username":"whiteleopard941","password":"magnolia","salt":"1Km55FkW","md5":"49febd2ff4e6b02f9cad1a84cc5e76ff","sha1":"e87227e481643384bff56ce3836e5b8ac9301ed9","sha256":"52642b025b64115b8a7d8b8574ee8a319a18671ea48f897d15ef4fef32b051c6"},"dob":{"date":"1986-10-17T02:29:11.023Z","age":37},"registered":{"date":"2019-07-09T02:10:30.309Z","age":4},"phone":"26928281","cell":"62298584","id":{"name":"CPR","value":"161086-5521"},"picture":{"large":"https://randomuser.me/api/portraits/men/47.jpg","medium":"https://randomuser.me/api/portraits/med/men/47.jpg","thumbnail":"https://randomuser.me/api/portraits/thumb/men/47.jpg"},"nat":"DK"}],"info":{"seed":"896fe900227511af","results":1,"page":1,"version":"1.4"}} 
 </msg>
<msg time="2024-06-25T18:20:23.066908" level="INFO">/opt/hostedtoolcache/Python/3.12.4/x64/lib/python3.12/site-packages/urllib3/connectionpool.py:1099: InsecureRequestWarning: Unverified HTTPS request is being made to host 'randomuser.me'. Adding certificate verification is strongly advised. See: https://urllib3.readthedocs.io/en/latest/advanced-usage.html#tls-warnings
  warnings.warn(</msg>
<msg time="2024-06-25T18:20:23.067038" level="INFO">${response} = &lt;Response [200]&gt;</msg>
<var>${response}</var>
<arg>consultarAPI</arg>
<arg>/api</arg>
<doc>Sends a GET request on a previously created HTTP Session.</doc>
<status status="PASS" start="2024-06-25T18:20:22.986329" elapsed="0.080751"/>
</kw>
<kw name="Set Variable" owner="BuiltIn">
<msg time="2024-06-25T18:20:23.068312" level="INFO">${json_data} = {'results': [{'gender': 'male', 'name': {'title': 'Mr', 'first': 'Marius', 'last': 'Møller'}, 'location': {'street': {'number': 9321, 'name': 'Hovvej'}, 'city': 'Nørre Sundby', 'state': 'Danmark', 'co...</msg>
<var>${json_data}</var>
<arg>${response.json()}</arg>
<doc>Returns the given values which can then be assigned to a variables.</doc>
<status status="PASS" start="2024-06-25T18:20:23.067736" elapsed="0.000605"/>
</kw>
<kw name="Log" owner="BuiltIn">
<msg time="2024-06-25T18:20:23.068850" level="INFO">{'results': [{'gender': 'male', 'name': {'title': 'Mr', 'first': 'Marius', 'last': 'Møller'}, 'location': {'street': {'number': 9321, 'name': 'Hovvej'}, 'city': 'Nørre Sundby', 'state': 'Danmark', 'country': 'Denmark', 'postcode': 97988, 'coordinates': {'latitude': '-39.3143', 'longitude': '-20.7115'}, 'timezone': {'offset': '+3:30', 'description': 'Tehran'}}, 'email': 'marius.moller@example.com', 'login': {'uuid': '999e581f-d93e-4e82-89f8-ebd74bf3d3d2', 'username': 'whiteleopard941', 'password': 'magnolia', 'salt': '1Km55FkW', 'md5': '49febd2ff4e6b02f9cad1a84cc5e76ff', 'sha1': 'e87227e481643384bff56ce3836e5b8ac9301ed9', 'sha256': '52642b025b64115b8a7d8b8574ee8a319a18671ea48f897d15ef4fef32b051c6'}, 'dob': {'date': '1986-10-17T02:29:11.023Z', 'age': 37}, 'registered': {'date': '2019-07-09T02:10:30.309Z', 'age': 4}, 'phone': '26928281', 'cell': '62298584', 'id': {'name': 'CPR', 'value': '161086-5521'}, 'picture': {'large': 'https://randomuser.me/api/portraits/men/47.jpg', 'medium': 'https://randomuser.me/api/portraits/med/men/47.jpg', 'thumbnail': 'https://randomuser.me/api/portraits/thumb/men/47.jpg'}, 'nat': 'DK'}], 'info': {'seed': '896fe900227511af', 'results': 1, 'page': 1, 'version': '1.4'}}</msg>
<arg>${json_data}</arg>
<doc>Logs the given message with the given level.</doc>
<status status="PASS" start="2024-06-25T18:20:23.068680" elapsed="0.000220"/>
</kw>
<kw name="Should Be String" owner="String">
<arg>${json_data['results'][0]['gender']}</arg>
<doc>Fails if the given ``item`` is not a string.</doc>
<status status="PASS" start="2024-06-25T18:20:23.069194" elapsed="0.000369"/>
</kw>
<kw name="Should Match Regexp" owner="BuiltIn">
<arg>${json_data['results'][0]['email']}</arg>
<arg>^[a-zA-Z0-9._%+-]+@[a-zA-Z0-9.-]+\.[a-zA-Z]{2,}$</arg>
<doc>Fails if ``string`` does not match ``pattern`` as a regular expression.</doc>
<status status="PASS" start="2024-06-25T18:20:23.069754" elapsed="0.000520"/>
</kw>
<kw name="Should Match Regexp" owner="BuiltIn">
<arg>${json_data['results'][0]['dob']['date']}</arg>
<arg>\\d{4}-\\d{2}-\\d{2}T\\d{2}:\\d{2}:\\d{2}\\.\\d{3}Z</arg>
<doc>Fails if ``string`` does not match ``pattern`` as a regular expression.</doc>
<status status="PASS" start="2024-06-25T18:20:23.070505" elapsed="0.000493"/>
</kw>
<kw name="Should Match Regexp" owner="BuiltIn">
<arg>${json_data['results'][0]['registered']['date']}</arg>
<arg>\\d{4}-\\d{2}-\\d{2}T\\d{2}:\\d{2}:\\d{2}\\.\\d{3}Z</arg>
<doc>Fails if ``string`` does not match ``pattern`` as a regular expression.</doc>
<status status="PASS" start="2024-06-25T18:20:23.071189" elapsed="0.000366"/>
</kw>
<kw name="Should Match Regexp" owner="BuiltIn">
<arg>${json_data['results'][0]['picture']['large']}</arg>
<arg>^https?://.*\.(?:png|jpe?g|gif|bmp)$</arg>
<doc>Fails if ``string`` does not match ``pattern`` as a regular expression.</doc>
<status status="PASS" start="2024-06-25T18:20:23.071750" elapsed="0.000457"/>
</kw>
<kw name="Should Match Regexp" owner="BuiltIn">
<arg>${json_data['results'][0]['picture']['medium']}</arg>
<arg>^https?://.*\.(?:png|jpe?g|gif|bmp)$</arg>
<doc>Fails if ``string`` does not match ``pattern`` as a regular expression.</doc>
<status status="PASS" start="2024-06-25T18:20:23.072392" elapsed="0.000387"/>
</kw>
<kw name="Should Match Regexp" owner="BuiltIn">
<arg>${json_data['results'][0]['picture']['thumbnail']}</arg>
<arg>^https?://.*\.(?:png|jpe?g|gif|bmp)$</arg>
<doc>Fails if ``string`` does not match ``pattern`` as a regular expression.</doc>
<status status="PASS" start="2024-06-25T18:20:23.072964" elapsed="0.000348"/>
</kw>
<kw name="Log" owner="BuiltIn">
<msg time="2024-06-25T18:20:23.073821" level="INFO">{'large': 'https://randomuser.me/api/portraits/men/47.jpg', 'medium': 'https://randomuser.me/api/portraits/med/men/47.jpg', 'thumbnail': 'https://randomuser.me/api/portraits/thumb/men/47.jpg'}</msg>
<arg>${json_data['results'][0]['picture']}</arg>
<doc>Logs the given message with the given level.</doc>
<status status="PASS" start="2024-06-25T18:20:23.073493" elapsed="0.000372"/>
</kw>
<status status="PASS" start="2024-06-25T18:20:22.986092" elapsed="0.088033"/>
</kw>
<kw name="Teste de Tipos de Dados - Postcode" owner="random-user-service">
<kw name="GET On Session" owner="RequestsLibrary">
<msg time="2024-06-25T18:20:23.165877" level="INFO">GET Request : url=https://randomuser.me/api 
 path_url=/api 
 headers={'User-Agent': 'python-requests/2.32.3', 'Accept-Encoding': 'gzip, deflate', 'Accept': '*/*', 'Connection': 'keep-alive'} 
 body=None 
 </msg>
<msg time="2024-06-25T18:20:23.165988" level="INFO">GET Response : url=https://randomuser.me/api 
 status=200, reason=OK 
 headers={'Date': 'Tue, 25 Jun 2024 18:20:23 GMT', 'Content-Type': 'application/json; charset=utf-8', 'Transfer-Encoding': 'chunked', 'Connection': 'keep-alive', 'X-Powered-By': 'Express', 'Access-Control-Allow-Origin': '*', 'Cache-Control': 'no-cache', 'ETag': 'W/"496-gBUiB30rxNFLElzRRJ1Z6zWeTKE"', 'Vary': 'Accept-Encoding', 'Content-Encoding': 'gzip', 'CF-Cache-Status': 'DYNAMIC', 'Report-To': '{"endpoints":[{"url":"https:\\/\\/a.nel.cloudflare.com\\/report\\/v4?s=0ySsfLEMJK2LvuNTeNZuDDmlmXPX%2FqUj8fnhlJLgGDEk4gfxM%2F7e3%2B0oywrGR1PBBSjaHYmO%2BCT5Y5MJb66U%2BYAe95hgSvYnd30J0ZnotLtKXhXFImLXyVEizmBrh5%2Fj"}],"group":"cf-nel","max_age":604800}', 'NEL': '{"success_fraction":0,"report_to":"cf-nel","max_age":604800}', 'Server': 'cloudflare', 'CF-RAY': '8996f8a43ff16205-ORD', 'alt-svc': 'h3=":443"; ma=86400'} 
 body={"results":[{"gender":"male","name":{"title":"Mr","first":"Emilio","last":"Vargas"},"location":{"street":{"number":5083,"name":"Avenida de Andalucía"},"city":"Elche","state":"Castilla y León","country":"Spain","postcode":16465,"coordinates":{"latitude":"-34.9548","longitude":"-5.6894"},"timezone":{"offset":"-6:00","description":"Central Time (US &amp; Canada), Mexico City"}},"email":"emilio.vargas@example.com","login":{"uuid":"4f380351-01c6-4cbf-868e-4f21e5b74802","username":"orangetiger362","password":"helene","salt":"bhVzUU8b","md5":"462cd9e5c0288e64f6f58b10878d9491","sha1":"52c1eea4278b32c85ec134ff655a39b47e1d524b","sha256":"b0d6c194339784ac50bc10eb225272180859052c815988b5245bb4f3778e7244"},"dob":{"date":"1999-08-30T18:45:46.485Z","age":24},"registered":{"date":"2005-10-04T02:16:07.946Z","age":18},"phone":"993-742-501","cell":"625-213-516","id":{"name":"DNI","value":"88619492-I"},"picture":{"large":"https://randomuser.me/api/portraits/men/7.jpg","medium":"https://randomuser.me/api/portraits/med/men/7.jpg","thumbnail":"https://randomuser.me/api/portraits/thumb/men/7.jpg"},"nat":"ES"}],"info":{"seed":"23f6d3744fd1bf34","results":1,"page":1,"version":"1.4"}} 
 </msg>
<msg time="2024-06-25T18:20:23.166063" level="INFO">/opt/hostedtoolcache/Python/3.12.4/x64/lib/python3.12/site-packages/urllib3/connectionpool.py:1099: InsecureRequestWarning: Unverified HTTPS request is being made to host 'randomuser.me'. Adding certificate verification is strongly advised. See: https://urllib3.readthedocs.io/en/latest/advanced-usage.html#tls-warnings
  warnings.warn(</msg>
<msg time="2024-06-25T18:20:23.166191" level="INFO">${response} = &lt;Response [200]&gt;</msg>
<var>${response}</var>
<arg>consultarAPI</arg>
<arg>/api</arg>
<doc>Sends a GET request on a previously created HTTP Session.</doc>
<status status="PASS" start="2024-06-25T18:20:23.074583" elapsed="0.091648"/>
</kw>
<kw name="Set Variable" owner="BuiltIn">
<msg time="2024-06-25T18:20:23.167444" level="INFO">${json_data} = {'results': [{'gender': 'male', 'name': {'title': 'Mr', 'first': 'Emilio', 'last': 'Vargas'}, 'location': {'street': {'number': 5083, 'name': 'Avenida de Andalucía'}, 'city': 'Elche', 'state': 'Castil...</msg>
<var>${json_data}</var>
<arg>${response.json()}</arg>
<doc>Returns the given values which can then be assigned to a variables.</doc>
<status status="PASS" start="2024-06-25T18:20:23.166866" elapsed="0.000608"/>
</kw>
<kw name="Log" owner="BuiltIn">
<msg time="2024-06-25T18:20:23.167948" level="INFO">{'results': [{'gender': 'male', 'name': {'title': 'Mr', 'first': 'Emilio', 'last': 'Vargas'}, 'location': {'street': {'number': 5083, 'name': 'Avenida de Andalucía'}, 'city': 'Elche', 'state': 'Castilla y León', 'country': 'Spain', 'postcode': 16465, 'coordinates': {'latitude': '-34.9548', 'longitude': '-5.6894'}, 'timezone': {'offset': '-6:00', 'description': 'Central Time (US &amp; Canada), Mexico City'}}, 'email': 'emilio.vargas@example.com', 'login': {'uuid': '4f380351-01c6-4cbf-868e-4f21e5b74802', 'username': 'orangetiger362', 'password': 'helene', 'salt': 'bhVzUU8b', 'md5': '462cd9e5c0288e64f6f58b10878d9491', 'sha1': '52c1eea4278b32c85ec134ff655a39b47e1d524b', 'sha256': 'b0d6c194339784ac50bc10eb225272180859052c815988b5245bb4f3778e7244'}, 'dob': {'date': '1999-08-30T18:45:46.485Z', 'age': 24}, 'registered': {'date': '2005-10-04T02:16:07.946Z', 'age': 18}, 'phone': '993-742-501', 'cell': '625-213-516', 'id': {'name': 'DNI', 'value': '88619492-I'}, 'picture': {'large': 'https://randomuser.me/api/portraits/men/7.jpg', 'medium': 'https://randomuser.me/api/portraits/med/men/7.jpg', 'thumbnail': 'https://randomuser.me/api/portraits/thumb/men/7.jpg'}, 'nat': 'ES'}], 'info': {'seed': '23f6d3744fd1bf34', 'results': 1, 'page': 1, 'version': '1.4'}}</msg>
<arg>${json_data}</arg>
<doc>Logs the given message with the given level.</doc>
<status status="PASS" start="2024-06-25T18:20:23.167786" elapsed="0.000214"/>
</kw>
<kw name="Should Be Equal As Numbers" owner="BuiltIn">
<arg>${json_data['results'][0]['location']['postcode']}</arg>
<arg>${json_data['results'][0]['location']['postcode']}</arg>
<doc>Fails if objects are unequal after converting them to real numbers.</doc>
<status status="PASS" start="2024-06-25T18:20:23.168297" elapsed="0.000675"/>
</kw>
<kw name="Log" owner="BuiltIn">
<msg time="2024-06-25T18:20:23.169676" level="INFO">16465</msg>
<arg>${json_data['results'][0]['location']['postcode']}</arg>
<doc>Logs the given message with the given level.</doc>
<status status="PASS" start="2024-06-25T18:20:23.169162" elapsed="0.000556"/>
</kw>
<status status="PASS" start="2024-06-25T18:20:23.074351" elapsed="0.095693"/>
</kw>
<doc>Testa se os tipos de dados na resposta da API estão corretos.</doc>
<tag>testeTiposDados</tag>
<status status="PASS" start="2024-06-25T18:20:22.985496" elapsed="0.184717"/>
</test>
<test id="s1-s1-t5" name="Validar conteudo" line="35">
<kw name="Teste de Tipos de Conteudo" owner="random-user-service">
<kw name="GET On Session" owner="RequestsLibrary">
<msg time="2024-06-25T18:20:23.263626" level="INFO">GET Request : url=https://randomuser.me/api 
 path_url=/api 
 headers={'User-Agent': 'python-requests/2.32.3', 'Accept-Encoding': 'gzip, deflate', 'Accept': '*/*', 'Connection': 'keep-alive'} 
 body=None 
 </msg>
<msg time="2024-06-25T18:20:23.263737" level="INFO">GET Response : url=https://randomuser.me/api 
 status=200, reason=OK 
 headers={'Date': 'Tue, 25 Jun 2024 18:20:23 GMT', 'Content-Type': 'application/json; charset=utf-8', 'Transfer-Encoding': 'chunked', 'Connection': 'keep-alive', 'X-Powered-By': 'Express', 'Access-Control-Allow-Origin': '*', 'Cache-Control': 'no-cache', 'ETag': 'W/"480-grG6JKV9v3sHrHvvFARTzY1v2jI"', 'Vary': 'Accept-Encoding', 'Content-Encoding': 'gzip', 'CF-Cache-Status': 'DYNAMIC', 'Report-To': '{"endpoints":[{"url":"https:\\/\\/a.nel.cloudflare.com\\/report\\/v4?s=TSinQMie2L33GC3zy0PnKwwb%2BVEEKDiwed1T9xbbCYatlqwUjdNgTfz4DCtk2w3Wf4FP9l3Ds3myJMoqBquqJnM6Epic2E0ri2LDntEy2OR7jLj%2BPAWn9SYgJguV8tos"}],"group":"cf-nel","max_age":604800}', 'NEL': '{"success_fraction":0,"report_to":"cf-nel","max_age":604800}', 'Server': 'cloudflare', 'CF-RAY': '8996f8a4d8d96205-ORD', 'alt-svc': 'h3=":443"; ma=86400'} 
 body={"results":[{"gender":"male","name":{"title":"Mr","first":"Novak","last":"Đokić"},"location":{"street":{"number":7663,"name":"Ðure Nikolića"},"city":"Kuršumlija","state":"Podunavlje","country":"Serbia","postcode":44075,"coordinates":{"latitude":"63.7189","longitude":"-103.8919"},"timezone":{"offset":"+9:30","description":"Adelaide, Darwin"}},"email":"novak.dokic@example.com","login":{"uuid":"92ec3686-596b-4885-a551-f67877ed2e07","username":"goldenbutterfly976","password":"fudge","salt":"wJyTGGwP","md5":"c438aa416a98738004089a4dd99c5e7f","sha1":"9e6ac4f5786e169082f934063a0504f6153bde6f","sha256":"32ce30b8e5adc24db23d802e1a3a907712199ca8a4e4ae4676a2b35c0cab654d"},"dob":{"date":"1968-01-03T15:17:55.749Z","age":56},"registered":{"date":"2012-04-06T13:28:45.479Z","age":12},"phone":"024-9818-048","cell":"061-7634-274","id":{"name":"SID","value":"559053373"},"picture":{"large":"https://randomuser.me/api/portraits/men/52.jpg","medium":"https://randomuser.me/api/portraits/med/men/52.jpg","thumbnail":"https://randomuser.me/api/portraits/thumb/men/52.jpg"},"nat":"RS"}],"info":{"seed":"ed895ac14109446a","results":1,"page":1,"version":"1.4"}} 
 </msg>
<msg time="2024-06-25T18:20:23.263825" level="INFO">/opt/hostedtoolcache/Python/3.12.4/x64/lib/python3.12/site-packages/urllib3/connectionpool.py:1099: InsecureRequestWarning: Unverified HTTPS request is being made to host 'randomuser.me'. Adding certificate verification is strongly advised. See: https://urllib3.readthedocs.io/en/latest/advanced-usage.html#tls-warnings
  warnings.warn(</msg>
<msg time="2024-06-25T18:20:23.263958" level="INFO">${response} = &lt;Response [200]&gt;</msg>
<var>${response}</var>
<arg>consultarAPI</arg>
<arg>/api</arg>
<doc>Sends a GET request on a previously created HTTP Session.</doc>
<status status="PASS" start="2024-06-25T18:20:23.173505" elapsed="0.090491"/>
</kw>
<kw name="Set Variable" owner="BuiltIn">
<msg time="2024-06-25T18:20:23.265158" level="INFO">${json_data} = {'results': [{'gender': 'male', 'name': {'title': 'Mr', 'first': 'Novak', 'last': 'Đokić'}, 'location': {'street': {'number': 7663, 'name': 'Ðure Nikolića'}, 'city': 'Kuršumlija', 'state': 'Podunavlje...</msg>
<var>${json_data}</var>
<arg>${response.json()}</arg>
<doc>Returns the given values which can then be assigned to a variables.</doc>
<status status="PASS" start="2024-06-25T18:20:23.264623" elapsed="0.000572"/>
</kw>
<kw name="Set Variable" owner="BuiltIn">
<msg time="2024-06-25T18:20:23.265890" level="INFO">${name_title} = Mr</msg>
<var>${name_title}</var>
<arg>${json_data["results"][0]["name"]["title"]}</arg>
<doc>Returns the given values which can then be assigned to a variables.</doc>
<status status="PASS" start="2024-06-25T18:20:23.265511" elapsed="0.000412"/>
</kw>
<kw name="Create List" owner="BuiltIn">
<msg time="2024-06-25T18:20:23.266374" level="INFO">${allowed_titles} = ['Mr', 'Ms', 'Miss', 'Mrs', 'Madame', 'Monsieur']</msg>
<var>${allowed_titles}</var>
<arg>Mr</arg>
<arg>Ms</arg>
<arg>Miss</arg>
<arg>Mrs</arg>
<arg>Madame</arg>
<arg>Monsieur</arg>
<doc>Returns a list containing given items.</doc>
<status status="PASS" start="2024-06-25T18:20:23.266226" elapsed="0.000173"/>
</kw>
<kw name="List Should Contain Value" owner="Collections">
<arg>${allowed_titles}</arg>
<arg>${name_title}</arg>
<doc>Fails if the ``value`` is not found from ``list``.</doc>
<status status="PASS" start="2024-06-25T18:20:23.266711" elapsed="0.000185"/>
</kw>
<kw name="Set Variable" owner="BuiltIn">
<msg time="2024-06-25T18:20:23.267433" level="INFO">${name_country} = RS</msg>
<var>${name_country}</var>
<arg>${json_data["results"][0]["nat"]}</arg>
<doc>Returns the given values which can then be assigned to a variables.</doc>
<status status="PASS" start="2024-06-25T18:20:23.267072" elapsed="0.000385"/>
</kw>
<kw name="Create List" owner="BuiltIn">
<msg time="2024-06-25T18:20:23.268333" level="INFO">${list_country} = ['AD', 'AE', 'AF', 'AG', 'AI', 'AL', 'AM', 'AO', 'AQ', 'AR', 'AS', 'AT', 'AU', 'AW', 'AX', 'AZ', 'BA', 'BB', 'BD', 'BE', 'BF', 'BG', 'BH', 'BI', 'BJ', 'BL', 'BM', 'BN', 'BO', 'BQ', 'BR', 'BS', 'BT', '...</msg>
<var>${list_country}</var>
<arg>AD</arg>
<arg>AE</arg>
<arg>AF</arg>
<arg>AG</arg>
<arg>AI</arg>
<arg>AL</arg>
<arg>AM</arg>
<arg>AO</arg>
<arg>AQ</arg>
<arg>AR</arg>
<arg>AS</arg>
<arg>AT</arg>
<arg>AU</arg>
<arg>AW</arg>
<arg>AX</arg>
<arg>AZ</arg>
<arg>BA</arg>
<arg>BB</arg>
<arg>BD</arg>
<arg>BE</arg>
<arg>BF</arg>
<arg>BG</arg>
<arg>BH</arg>
<arg>BI</arg>
<arg>BJ</arg>
<arg>BL</arg>
<arg>BM</arg>
<arg>BN</arg>
<arg>BO</arg>
<arg>BQ</arg>
<arg>BR</arg>
<arg>BS</arg>
<arg>BT</arg>
<arg>BV</arg>
<arg>BW</arg>
<arg>BY</arg>
<arg>BZ</arg>
<arg>CA</arg>
<arg>CC</arg>
<arg>CD</arg>
<arg>CF</arg>
<arg>CG</arg>
<arg>CH</arg>
<arg>CI</arg>
<arg>CK</arg>
<arg>CL</arg>
<arg>CM</arg>
<arg>CN</arg>
<arg>CO</arg>
<arg>CR</arg>
<arg>CU</arg>
<arg>CV</arg>
<arg>CW</arg>
<arg>CX</arg>
<arg>CY</arg>
<arg>CZ</arg>
<arg>DE</arg>
<arg>DJ</arg>
<arg>DK</arg>
<arg>DM</arg>
<arg>DO</arg>
<arg>DZ</arg>
<arg>EC</arg>
<arg>EE</arg>
<arg>EG</arg>
<arg>EH</arg>
<arg>ER</arg>
<arg>ES</arg>
<arg>ET</arg>
<arg>FI</arg>
<arg>FJ</arg>
<arg>FK</arg>
<arg>FM</arg>
<arg>FO</arg>
<arg>FR</arg>
<arg>GA</arg>
<arg>GB</arg>
<arg>GD</arg>
<arg>GE</arg>
<arg>GF</arg>
<arg>GG</arg>
<arg>GH</arg>
<arg>GI</arg>
<arg>GL</arg>
<arg>GM</arg>
<arg>GN</arg>
<arg>GP</arg>
<arg>GQ</arg>
<arg>GR</arg>
<arg>GS</arg>
<arg>GT</arg>
<arg>GU</arg>
<arg>GW</arg>
<arg>GY</arg>
<arg>HK</arg>
<arg>HM</arg>
<arg>HN</arg>
<arg>HR</arg>
<arg>HT</arg>
<arg>HU</arg>
<arg>ID</arg>
<arg>IE</arg>
<arg>IL</arg>
<arg>IM</arg>
<arg>IN</arg>
<arg>IO</arg>
<arg>IQ</arg>
<arg>IR</arg>
<arg>IS</arg>
<arg>IT</arg>
<arg>JE</arg>
<arg>JM</arg>
<arg>JO</arg>
<arg>JP</arg>
<arg>KE</arg>
<arg>KG</arg>
<arg>KH</arg>
<arg>KI</arg>
<arg>KM</arg>
<arg>KN</arg>
<arg>KP</arg>
<arg>KR</arg>
<arg>KW</arg>
<arg>KY</arg>
<arg>KZ</arg>
<arg>LA</arg>
<arg>LB</arg>
<arg>LC</arg>
<arg>LI</arg>
<arg>LK</arg>
<arg>LR</arg>
<arg>LS</arg>
<arg>LT</arg>
<arg>LU</arg>
<arg>LV</arg>
<arg>LY</arg>
<arg>MA</arg>
<arg>MC</arg>
<arg>MD</arg>
<arg>ME</arg>
<arg>MF</arg>
<arg>MG</arg>
<arg>MH</arg>
<arg>MK</arg>
<arg>ML</arg>
<arg>MM</arg>
<arg>MN</arg>
<arg>MO</arg>
<arg>MP</arg>
<arg>MQ</arg>
<arg>MR</arg>
<arg>MS</arg>
<arg>MT</arg>
<arg>MU</arg>
<arg>MV</arg>
<arg>MW</arg>
<arg>MX</arg>
<arg>MY</arg>
<arg>MZ</arg>
<arg>NA</arg>
<arg>NC</arg>
<arg>NE</arg>
<arg>NF</arg>
<arg>NG</arg>
<arg>NI</arg>
<arg>NL</arg>
<arg>NO</arg>
<arg>NP</arg>
<arg>NR</arg>
<arg>NU</arg>
<arg>NZ</arg>
<arg>OM</arg>
<arg>PA</arg>
<arg>PE</arg>
<arg>PF</arg>
<arg>PG</arg>
<arg>PH</arg>
<arg>PK</arg>
<arg>PL</arg>
<arg>PM</arg>
<arg>PN</arg>
<arg>PR</arg>
<arg>PS</arg>
<arg>PT</arg>
<arg>PW</arg>
<arg>PY</arg>
<arg>QA</arg>
<arg>RE</arg>
<arg>RO</arg>
<arg>RS</arg>
<arg>RU</arg>
<arg>RW</arg>
<arg>SA</arg>
<arg>SB</arg>
<arg>SC</arg>
<arg>SD</arg>
<arg>SE</arg>
<arg>SG</arg>
<arg>SH</arg>
<arg>SI</arg>
<arg>SJ</arg>
<arg>SK</arg>
<arg>SL</arg>
<arg>SM</arg>
<arg>SN</arg>
<arg>SO</arg>
<arg>SR</arg>
<arg>SS</arg>
<arg>ST</arg>
<arg>SV</arg>
<arg>SX</arg>
<arg>SY</arg>
<arg>SZ</arg>
<arg>TC</arg>
<arg>TD</arg>
<arg>TF</arg>
<arg>TG</arg>
<arg>TH</arg>
<arg>TJ</arg>
<arg>TK</arg>
<arg>TL</arg>
<arg>TM</arg>
<arg>TN</arg>
<arg>TO</arg>
<arg>TR</arg>
<arg>TT</arg>
<arg>TV</arg>
<arg>TW</arg>
<arg>TZ</arg>
<arg>UA</arg>
<arg>UG</arg>
<arg>UM</arg>
<arg>US</arg>
<arg>UY</arg>
<arg>UZ</arg>
<arg>VA</arg>
<arg>VC</arg>
<arg>VE</arg>
<arg>VG</arg>
<arg>VI</arg>
<arg>VN</arg>
<arg>VU</arg>
<arg>WF</arg>
<arg>WS</arg>
<arg>XK</arg>
<arg>YE</arg>
<arg>YT</arg>
<arg>ZA</arg>
<arg>ZM</arg>
<arg>ZW</arg>
<doc>Returns a list containing given items.</doc>
<status status="PASS" start="2024-06-25T18:20:23.267741" elapsed="0.000616"/>
</kw>
<kw name="List Should Contain Value" owner="Collections">
<arg>${list_country}</arg>
<arg>${name_country}</arg>
<doc>Fails if the ``value`` is not found from ``list``.</doc>
<status status="PASS" start="2024-06-25T18:20:23.269164" elapsed="0.000203"/>
</kw>
<kw name="Run Keyword If" owner="BuiltIn">
<kw name="Should Be True" owner="BuiltIn">
<arg>${True}</arg>
<doc>Fails if the given condition is not true.</doc>
<status status="PASS" start="2024-06-25T18:20:23.270305" elapsed="0.000143"/>
</kw>
<arg>${json_data["results"][0]["location"]["coordinates"]["latitude"]} &gt;= -90 and ${json_data["results"][0]["location"]["coordinates"]["latitude"]} &lt;= 90</arg>
<arg>Should Be True</arg>
<arg>${True}</arg>
<doc>Runs the given keyword with the given arguments, if ``condition`` is true.</doc>
<status status="PASS" start="2024-06-25T18:20:23.269562" elapsed="0.001010"/>
</kw>
<kw name="Run Keyword If" owner="BuiltIn">
<kw name="Should Be True" owner="BuiltIn">
<arg>${True}</arg>
<doc>Fails if the given condition is not true.</doc>
<status status="PASS" start="2024-06-25T18:20:23.271432" elapsed="0.000243"/>
</kw>
<arg>${json_data["results"][0]["location"]["coordinates"]["longitude"]} &gt;= -180 and ${json_data["results"][0]["location"]["coordinates"]["longitude"]} &lt;= 180</arg>
<arg>Should Be True</arg>
<arg>${True}</arg>
<doc>Runs the given keyword with the given arguments, if ``condition`` is true.</doc>
<status status="PASS" start="2024-06-25T18:20:23.270750" elapsed="0.001051"/>
</kw>
<status status="PASS" start="2024-06-25T18:20:23.173135" elapsed="0.098805"/>
</kw>
<doc>Testa o conteúdo específico dos campos retornados pela API.</doc>
<tag>testeConteudo</tag>
<status status="PASS" start="2024-06-25T18:20:23.172390" elapsed="0.099705"/>
</test>
<status status="PASS" start="2024-06-25T18:20:22.270654" elapsed="1.003415"/>
</suite>
<status status="PASS" start="2024-06-25T18:20:22.256209" elapsed="1.022905"/>
</suite>
<statistics>
<total>
<stat pass="5" fail="0" skip="0">All Tests</stat>
</total>
<tag>
<stat pass="1" fail="0" skip="0">testeConteudo</stat>
<stat pass="1" fail="0" skip="0">testeEstruturaResposta</stat>
<stat pass="1" fail="0" skip="0">testeRequisicaoBasica</stat>
<stat pass="1" fail="0" skip="0">testeTiposDados</stat>
</tag>
<suite>
<stat pass="5" fail="0" skip="0" id="s1" name="Tests">Tests</stat>
<stat pass="5" fail="0" skip="0" id="s1-s1" name="Random-User-Test">Tests.Random-User-Test</stat>
</suite>
</statistics>
<errors>
</errors>
</robot>
