<?xml version="1.0" encoding="UTF-8"?>
<robot generator="Robot 7.0.1 (Python 3.12.4 on linux)" generated="2024-06-25T14:15:54.238407" rpa="false" schemaversion="5">
<suite id="s1" name="Tests" source="/home/runner/work/ApiRandomUser/ApiRandomUser/RamdonUser/tests">
<suite id="s1-s1" name="Random-User-Test" source="/home/runner/work/ApiRandomUser/ApiRandomUser/RamdonUser/tests/random-user-test.robot">
<test id="s1-s1-t1" name="Conectar" line="13">
<kw name="Conectar API" owner="random-user-service">
<kw name="Create Session" owner="RequestsLibrary">
<msg time="2024-06-25T14:15:54.691996" level="INFO">Creating Session using : alias=consultarAPI, url=https://randomuser.me/, headers={},                     cookies={}, auth=None, timeout=None, proxies=None, verify=False,                     debug=0 </msg>
<arg>consultarAPI</arg>
<arg>${URL}</arg>
<doc>Create Session: create a HTTP session to a server</doc>
<status status="PASS" start="2024-06-25T14:15:54.691774" elapsed="0.000423"/>
</kw>
<status status="PASS" start="2024-06-25T14:15:54.690715" elapsed="0.001870"/>
</kw>
<status status="PASS" start="2024-06-25T14:15:54.690103" elapsed="0.002689"/>
</test>
<test id="s1-s1-t2" name="Validar retorno 200 e JSON Válido" line="16">
<kw name="Teste de Requisicao Basica" owner="random-user-service">
<kw name="GET On Session" owner="RequestsLibrary">
<msg time="2024-06-25T14:15:54.915755" level="INFO">GET Request : url=https://randomuser.me/api 
 path_url=/api 
 headers={'User-Agent': 'python-requests/2.32.3', 'Accept-Encoding': 'gzip, deflate', 'Accept': '*/*', 'Connection': 'keep-alive'} 
 body=None 
 </msg>
<msg time="2024-06-25T14:15:54.915934" level="INFO">GET Response : url=https://randomuser.me/api 
 status=200, reason=OK 
 headers={'Date': 'Tue, 25 Jun 2024 14:15:54 GMT', 'Content-Type': 'application/json; charset=utf-8', 'Transfer-Encoding': 'chunked', 'Connection': 'keep-alive', 'X-Powered-By': 'Express', 'Access-Control-Allow-Origin': '*', 'Cache-Control': 'no-cache', 'ETag': 'W/"498-ZlxiWwOVtRVIJr6kWrY4qZeEquE"', 'Vary': 'Accept-Encoding', 'Content-Encoding': 'gzip', 'CF-Cache-Status': 'DYNAMIC', 'Report-To': '{"endpoints":[{"url":"https:\\/\\/a.nel.cloudflare.com\\/report\\/v4?s=v4nvItCSX%2BdOXcJWRD%2BL06j0lTeeUju96ptDMJKDtlDURbhb8fyXx55W9ZmhySB%2F2CxTsySA84WBMlACLr1XRVWqC3x0I9QoFnNHvIhs2UecNxWOtExoJdC54Jlo%2Bdvg"}],"group":"cf-nel","max_age":604800}', 'NEL': '{"success_fraction":0,"report_to":"cf-nel","max_age":604800}', 'Server': 'cloudflare', 'CF-RAY': '8995928708162364-SJC', 'alt-svc': 'h3=":443"; ma=86400'} 
 body={"results":[{"gender":"male","name":{"title":"Mr","first":"Andrew","last":"Ross"},"location":{"street":{"number":9472,"name":"North Street"},"city":"Truro","state":"Merseyside","country":"United Kingdom","postcode":"LG8G 1LQ","coordinates":{"latitude":"-10.8366","longitude":"-45.3334"},"timezone":{"offset":"+10:00","description":"Eastern Australia, Guam, Vladivostok"}},"email":"andrew.ross@example.com","login":{"uuid":"0cff8e94-652b-4b88-9ceb-27bcdc3e188a","username":"tinypanda260","password":"rsalinas","salt":"xvlRTGH2","md5":"9a5e81ee7afb1f5df419dfd0d55de943","sha1":"bb00e4a74cf71dcb6801d0492b4b345bae1aaae3","sha256":"1345325314deeb5c571a126e2cf52b6db12f7744a29072c555906a63a0408b47"},"dob":{"date":"1970-06-25T02:23:41.696Z","age":54},"registered":{"date":"2016-06-24T09:27:42.377Z","age":8},"phone":"016977 44488","cell":"07066 813462","id":{"name":"NINO","value":"HG 77 73 33 Q"},"picture":{"large":"https://randomuser.me/api/portraits/men/79.jpg","medium":"https://randomuser.me/api/portraits/med/men/79.jpg","thumbnail":"https://randomuser.me/api/portraits/thumb/men/79.jpg"},"nat":"GB"}],"info":{"seed":"157a2bef173ab4f5","results":1,"page":1,"version":"1.4"}} 
 </msg>
<msg time="2024-06-25T14:15:54.916039" level="INFO">/opt/hostedtoolcache/Python/3.12.4/x64/lib/python3.12/site-packages/urllib3/connectionpool.py:1099: InsecureRequestWarning: Unverified HTTPS request is being made to host 'randomuser.me'. Adding certificate verification is strongly advised. See: https://urllib3.readthedocs.io/en/latest/advanced-usage.html#tls-warnings
  warnings.warn(</msg>
<msg time="2024-06-25T14:15:54.916196" level="INFO">${response} = &lt;Response [200]&gt;</msg>
<var>${response}</var>
<arg>consultarAPI</arg>
<arg>/api</arg>
<doc>Sends a GET request on a previously created HTTP Session.</doc>
<status status="PASS" start="2024-06-25T14:15:54.695640" elapsed="0.220606"/>
</kw>
<kw name="Should Be Equal As Numbers" owner="BuiltIn">
<msg time="2024-06-25T14:15:54.917333" level="INFO">Argument types are:
&lt;class 'int'&gt;
&lt;class 'str'&gt;</msg>
<arg>${response.status_code}</arg>
<arg>200</arg>
<doc>Fails if objects are unequal after converting them to real numbers.</doc>
<status status="PASS" start="2024-06-25T14:15:54.916819" elapsed="0.000582"/>
</kw>
<kw name="Log" owner="BuiltIn">
<msg time="2024-06-25T14:15:54.918115" level="INFO">200</msg>
<arg>${response.status_code}</arg>
<doc>Logs the given message with the given level.</doc>
<status status="PASS" start="2024-06-25T14:15:54.917734" elapsed="0.000425"/>
</kw>
<kw name="Set Variable" owner="BuiltIn">
<msg time="2024-06-25T14:15:54.918933" level="INFO">${json_data} = {'results': [{'gender': 'male', 'name': {'title': 'Mr', 'first': 'Andrew', 'last': 'Ross'}, 'location': {'street': {'number': 9472, 'name': 'North Street'}, 'city': 'Truro', 'state': 'Merseyside', 'co...</msg>
<var>${json_data}</var>
<arg>${response.json()}</arg>
<doc>Returns the given values which can then be assigned to a variables.</doc>
<status status="PASS" start="2024-06-25T14:15:54.918474" elapsed="0.000488"/>
</kw>
<kw name="Dictionary Should Contain Key" owner="Collections">
<arg>${json_data}</arg>
<arg>results</arg>
<doc>Fails if ``key`` is not found from ``dictionary``.</doc>
<status status="PASS" start="2024-06-25T14:15:54.919262" elapsed="0.000193"/>
</kw>
<status status="PASS" start="2024-06-25T14:15:54.695332" elapsed="0.224291"/>
</kw>
<doc>Testa se a API responde corretamente e retorna um objeto JSON válido.</doc>
<tag>testeRequisicaoBasica</tag>
<status status="PASS" start="2024-06-25T14:15:54.694844" elapsed="0.224960"/>
</test>
<test id="s1-s1-t3" name="Validar estrutura de resposta" line="22">
<kw name="Teste de Estrutura de Resposta" owner="random-user-service">
<kw name="GET On Session" owner="RequestsLibrary">
<msg time="2024-06-25T14:15:55.066394" level="INFO">GET Request : url=https://randomuser.me/api 
 path_url=/api 
 headers={'User-Agent': 'python-requests/2.32.3', 'Accept-Encoding': 'gzip, deflate', 'Accept': '*/*', 'Connection': 'keep-alive'} 
 body=None 
 </msg>
<msg time="2024-06-25T14:15:55.066506" level="INFO">GET Response : url=https://randomuser.me/api 
 status=200, reason=OK 
 headers={'Date': 'Tue, 25 Jun 2024 14:15:55 GMT', 'Content-Type': 'application/json; charset=utf-8', 'Transfer-Encoding': 'chunked', 'Connection': 'keep-alive', 'X-Powered-By': 'Express', 'Access-Control-Allow-Origin': '*', 'Cache-Control': 'no-cache', 'ETag': 'W/"485-VvFo8VnXXr8ucVzxhI9iC7MFyG4"', 'Vary': 'Accept-Encoding', 'Content-Encoding': 'gzip', 'CF-Cache-Status': 'DYNAMIC', 'Report-To': '{"endpoints":[{"url":"https:\\/\\/a.nel.cloudflare.com\\/report\\/v4?s=HO0wWE3mB9PSzPfYOeHa3az%2Bu5%2Fl5366mAuTbI3cBfVD1%2Bff9iQrVeLmSagocTswz%2FRS4D6PhFc0dG9gR5j00iA7wvjglVSK0Sy1Q8rXFjyQabAANlf8xVIQ8suymh3y"}],"group":"cf-nel","max_age":604800}', 'NEL': '{"success_fraction":0,"report_to":"cf-nel","max_age":604800}', 'Server': 'cloudflare', 'CF-RAY': '8995928849372364-SJC', 'alt-svc': 'h3=":443"; ma=86400'} 
 body={"results":[{"gender":"male","name":{"title":"Mr","first":"Rasmus","last":"Kangas"},"location":{"street":{"number":5801,"name":"Korkeavuorenkatu"},"city":"Jämsä","state":"South Karelia","country":"Finland","postcode":86338,"coordinates":{"latitude":"-27.7046","longitude":"-58.6293"},"timezone":{"offset":"+5:45","description":"Kathmandu"}},"email":"rasmus.kangas@example.com","login":{"uuid":"c4b953bd-223f-44e9-8e41-091b63f2aba8","username":"crazybutterfly145","password":"tiffany","salt":"lin9s4Kp","md5":"92a5a0eddc8963c2844bef185c06b0ef","sha1":"40340a75a525cfa0f1d3fb8ef853d6b9756d3464","sha256":"4efad57ff64b0d2c0b2685fc1b0e0748e94411b9f1e944ab7a3c8297bcb08b54"},"dob":{"date":"1978-01-05T16:07:48.434Z","age":46},"registered":{"date":"2004-01-20T17:22:30.558Z","age":20},"phone":"05-191-676","cell":"045-546-65-39","id":{"name":"HETU","value":"NaNNA389undefined"},"picture":{"large":"https://randomuser.me/api/portraits/men/69.jpg","medium":"https://randomuser.me/api/portraits/med/men/69.jpg","thumbnail":"https://randomuser.me/api/portraits/thumb/men/69.jpg"},"nat":"FI"}],"info":{"seed":"a5cc50b09e96f32e","results":1,"page":1,"version":"1.4"}} 
 </msg>
<msg time="2024-06-25T14:15:55.066645" level="INFO">/opt/hostedtoolcache/Python/3.12.4/x64/lib/python3.12/site-packages/urllib3/connectionpool.py:1099: InsecureRequestWarning: Unverified HTTPS request is being made to host 'randomuser.me'. Adding certificate verification is strongly advised. See: https://urllib3.readthedocs.io/en/latest/advanced-usage.html#tls-warnings
  warnings.warn(</msg>
<msg time="2024-06-25T14:15:55.066783" level="INFO">${response} = &lt;Response [200]&gt;</msg>
<var>${response}</var>
<arg>consultarAPI</arg>
<arg>/api</arg>
<doc>Sends a GET request on a previously created HTTP Session.</doc>
<status status="PASS" start="2024-06-25T14:15:54.922548" elapsed="0.144280"/>
</kw>
<kw name="Set Variable" owner="BuiltIn">
<msg time="2024-06-25T14:15:55.067971" level="INFO">${json_data} = {'results': [{'gender': 'male', 'name': {'title': 'Mr', 'first': 'Rasmus', 'last': 'Kangas'}, 'location': {'street': {'number': 5801, 'name': 'Korkeavuorenkatu'}, 'city': 'Jämsä', 'state': 'South Kare...</msg>
<var>${json_data}</var>
<arg>${response.json()}</arg>
<doc>Returns the given values which can then be assigned to a variables.</doc>
<status status="PASS" start="2024-06-25T14:15:55.067364" elapsed="0.000639"/>
</kw>
<kw name="Log" owner="BuiltIn">
<msg time="2024-06-25T14:15:55.068496" level="INFO">{'results': [{'gender': 'male', 'name': {'title': 'Mr', 'first': 'Rasmus', 'last': 'Kangas'}, 'location': {'street': {'number': 5801, 'name': 'Korkeavuorenkatu'}, 'city': 'Jämsä', 'state': 'South Karelia', 'country': 'Finland', 'postcode': 86338, 'coordinates': {'latitude': '-27.7046', 'longitude': '-58.6293'}, 'timezone': {'offset': '+5:45', 'description': 'Kathmandu'}}, 'email': 'rasmus.kangas@example.com', 'login': {'uuid': 'c4b953bd-223f-44e9-8e41-091b63f2aba8', 'username': 'crazybutterfly145', 'password': 'tiffany', 'salt': 'lin9s4Kp', 'md5': '92a5a0eddc8963c2844bef185c06b0ef', 'sha1': '40340a75a525cfa0f1d3fb8ef853d6b9756d3464', 'sha256': '4efad57ff64b0d2c0b2685fc1b0e0748e94411b9f1e944ab7a3c8297bcb08b54'}, 'dob': {'date': '1978-01-05T16:07:48.434Z', 'age': 46}, 'registered': {'date': '2004-01-20T17:22:30.558Z', 'age': 20}, 'phone': '05-191-676', 'cell': '045-546-65-39', 'id': {'name': 'HETU', 'value': 'NaNNA389undefined'}, 'picture': {'large': 'https://randomuser.me/api/portraits/men/69.jpg', 'medium': 'https://randomuser.me/api/portraits/med/men/69.jpg', 'thumbnail': 'https://randomuser.me/api/portraits/thumb/men/69.jpg'}, 'nat': 'FI'}], 'info': {'seed': 'a5cc50b09e96f32e', 'results': 1, 'page': 1, 'version': '1.4'}}</msg>
<arg>${json_data}</arg>
<doc>Logs the given message with the given level.</doc>
<status status="PASS" start="2024-06-25T14:15:55.068329" elapsed="0.000220"/>
</kw>
<kw name="Dictionary Should Contain Key" owner="Collections">
<arg>${json_data}</arg>
<arg>results</arg>
<doc>Fails if ``key`` is not found from ``dictionary``.</doc>
<status status="PASS" start="2024-06-25T14:15:55.068859" elapsed="0.000164"/>
</kw>
<kw name="Should Not Be Empty" owner="BuiltIn">
<msg time="2024-06-25T14:15:55.069350" level="INFO">Length is 2.</msg>
<arg>${json_data}</arg>
<doc>Verifies that the given item is not empty.</doc>
<status status="PASS" start="2024-06-25T14:15:55.069213" elapsed="0.000179"/>
</kw>
<kw name="Create List" owner="BuiltIn">
<msg time="2024-06-25T14:15:55.069857" level="INFO">${expected_keys} = ['gender', 'name', 'location', 'email', 'login']</msg>
<var>${expected_keys}</var>
<arg>gender</arg>
<arg>name</arg>
<arg>location</arg>
<arg>email</arg>
<arg>login</arg>
<doc>Returns a list containing given items.</doc>
<status status="PASS" start="2024-06-25T14:15:55.069695" elapsed="0.000187"/>
</kw>
<for flavor="IN">
<iter>
<kw name="Dictionary Should Contain Key" owner="Collections">
<arg>${json_data['results'][0]}</arg>
<arg>${key}</arg>
<doc>Fails if ``key`` is not found from ``dictionary``.</doc>
<status status="PASS" start="2024-06-25T14:15:55.070679" elapsed="0.000409"/>
</kw>
<kw name="Log" owner="BuiltIn">
<msg time="2024-06-25T14:15:55.071677" level="INFO">{'gender': 'male', 'name': {'title': 'Mr', 'first': 'Rasmus', 'last': 'Kangas'}, 'location': {'street': {'number': 5801, 'name': 'Korkeavuorenkatu'}, 'city': 'Jämsä', 'state': 'South Karelia', 'country': 'Finland', 'postcode': 86338, 'coordinates': {'latitude': '-27.7046', 'longitude': '-58.6293'}, 'timezone': {'offset': '+5:45', 'description': 'Kathmandu'}}, 'email': 'rasmus.kangas@example.com', 'login': {'uuid': 'c4b953bd-223f-44e9-8e41-091b63f2aba8', 'username': 'crazybutterfly145', 'password': 'tiffany', 'salt': 'lin9s4Kp', 'md5': '92a5a0eddc8963c2844bef185c06b0ef', 'sha1': '40340a75a525cfa0f1d3fb8ef853d6b9756d3464', 'sha256': '4efad57ff64b0d2c0b2685fc1b0e0748e94411b9f1e944ab7a3c8297bcb08b54'}, 'dob': {'date': '1978-01-05T16:07:48.434Z', 'age': 46}, 'registered': {'date': '2004-01-20T17:22:30.558Z', 'age': 20}, 'phone': '05-191-676', 'cell': '045-546-65-39', 'id': {'name': 'HETU', 'value': 'NaNNA389undefined'}, 'picture': {'large': 'https://randomuser.me/api/portraits/men/69.jpg', 'medium': 'https://randomuser.me/api/portraits/med/men/69.jpg', 'thumbnail': 'https://randomuser.me/api/portraits/thumb/men/69.jpg'}, 'nat': 'FI'}</msg>
<arg>${json_data['results'][0]}</arg>
<doc>Logs the given message with the given level.</doc>
<status status="PASS" start="2024-06-25T14:15:55.071281" elapsed="0.000447"/>
</kw>
<kw name="Log" owner="BuiltIn">
<msg time="2024-06-25T14:15:55.072159" level="INFO">gender</msg>
<arg>${key}</arg>
<doc>Logs the given message with the given level.</doc>
<status status="PASS" start="2024-06-25T14:15:55.072030" elapsed="0.000167"/>
</kw>
<var name="${key}">gender</var>
<status status="PASS" start="2024-06-25T14:15:55.070553" elapsed="0.001866"/>
</iter>
<iter>
<kw name="Dictionary Should Contain Key" owner="Collections">
<arg>${json_data['results'][0]}</arg>
<arg>${key}</arg>
<doc>Fails if ``key`` is not found from ``dictionary``.</doc>
<status status="PASS" start="2024-06-25T14:15:55.072719" elapsed="0.000401"/>
</kw>
<kw name="Log" owner="BuiltIn">
<msg time="2024-06-25T14:15:55.073666" level="INFO">{'gender': 'male', 'name': {'title': 'Mr', 'first': 'Rasmus', 'last': 'Kangas'}, 'location': {'street': {'number': 5801, 'name': 'Korkeavuorenkatu'}, 'city': 'Jämsä', 'state': 'South Karelia', 'country': 'Finland', 'postcode': 86338, 'coordinates': {'latitude': '-27.7046', 'longitude': '-58.6293'}, 'timezone': {'offset': '+5:45', 'description': 'Kathmandu'}}, 'email': 'rasmus.kangas@example.com', 'login': {'uuid': 'c4b953bd-223f-44e9-8e41-091b63f2aba8', 'username': 'crazybutterfly145', 'password': 'tiffany', 'salt': 'lin9s4Kp', 'md5': '92a5a0eddc8963c2844bef185c06b0ef', 'sha1': '40340a75a525cfa0f1d3fb8ef853d6b9756d3464', 'sha256': '4efad57ff64b0d2c0b2685fc1b0e0748e94411b9f1e944ab7a3c8297bcb08b54'}, 'dob': {'date': '1978-01-05T16:07:48.434Z', 'age': 46}, 'registered': {'date': '2004-01-20T17:22:30.558Z', 'age': 20}, 'phone': '05-191-676', 'cell': '045-546-65-39', 'id': {'name': 'HETU', 'value': 'NaNNA389undefined'}, 'picture': {'large': 'https://randomuser.me/api/portraits/men/69.jpg', 'medium': 'https://randomuser.me/api/portraits/med/men/69.jpg', 'thumbnail': 'https://randomuser.me/api/portraits/thumb/men/69.jpg'}, 'nat': 'FI'}</msg>
<arg>${json_data['results'][0]}</arg>
<doc>Logs the given message with the given level.</doc>
<status status="PASS" start="2024-06-25T14:15:55.073304" elapsed="0.000442"/>
</kw>
<kw name="Log" owner="BuiltIn">
<msg time="2024-06-25T14:15:55.074175" level="INFO">name</msg>
<arg>${key}</arg>
<doc>Logs the given message with the given level.</doc>
<status status="PASS" start="2024-06-25T14:15:55.074045" elapsed="0.000169"/>
</kw>
<var name="${key}">name</var>
<status status="PASS" start="2024-06-25T14:15:55.072608" elapsed="0.001823"/>
</iter>
<iter>
<kw name="Dictionary Should Contain Key" owner="Collections">
<arg>${json_data['results'][0]}</arg>
<arg>${key}</arg>
<doc>Fails if ``key`` is not found from ``dictionary``.</doc>
<status status="PASS" start="2024-06-25T14:15:55.074718" elapsed="0.000393"/>
</kw>
<kw name="Log" owner="BuiltIn">
<msg time="2024-06-25T14:15:55.075703" level="INFO">{'gender': 'male', 'name': {'title': 'Mr', 'first': 'Rasmus', 'last': 'Kangas'}, 'location': {'street': {'number': 5801, 'name': 'Korkeavuorenkatu'}, 'city': 'Jämsä', 'state': 'South Karelia', 'country': 'Finland', 'postcode': 86338, 'coordinates': {'latitude': '-27.7046', 'longitude': '-58.6293'}, 'timezone': {'offset': '+5:45', 'description': 'Kathmandu'}}, 'email': 'rasmus.kangas@example.com', 'login': {'uuid': 'c4b953bd-223f-44e9-8e41-091b63f2aba8', 'username': 'crazybutterfly145', 'password': 'tiffany', 'salt': 'lin9s4Kp', 'md5': '92a5a0eddc8963c2844bef185c06b0ef', 'sha1': '40340a75a525cfa0f1d3fb8ef853d6b9756d3464', 'sha256': '4efad57ff64b0d2c0b2685fc1b0e0748e94411b9f1e944ab7a3c8297bcb08b54'}, 'dob': {'date': '1978-01-05T16:07:48.434Z', 'age': 46}, 'registered': {'date': '2004-01-20T17:22:30.558Z', 'age': 20}, 'phone': '05-191-676', 'cell': '045-546-65-39', 'id': {'name': 'HETU', 'value': 'NaNNA389undefined'}, 'picture': {'large': 'https://randomuser.me/api/portraits/men/69.jpg', 'medium': 'https://randomuser.me/api/portraits/med/men/69.jpg', 'thumbnail': 'https://randomuser.me/api/portraits/thumb/men/69.jpg'}, 'nat': 'FI'}</msg>
<arg>${json_data['results'][0]}</arg>
<doc>Logs the given message with the given level.</doc>
<status status="PASS" start="2024-06-25T14:15:55.075295" elapsed="0.000469"/>
</kw>
<kw name="Log" owner="BuiltIn">
<msg time="2024-06-25T14:15:55.076195" level="INFO">location</msg>
<arg>${key}</arg>
<doc>Logs the given message with the given level.</doc>
<status status="PASS" start="2024-06-25T14:15:55.076065" elapsed="0.000168"/>
</kw>
<var name="${key}">location</var>
<status status="PASS" start="2024-06-25T14:15:55.074611" elapsed="0.001842"/>
</iter>
<iter>
<kw name="Dictionary Should Contain Key" owner="Collections">
<arg>${json_data['results'][0]}</arg>
<arg>${key}</arg>
<doc>Fails if ``key`` is not found from ``dictionary``.</doc>
<status status="PASS" start="2024-06-25T14:15:55.076734" elapsed="0.000393"/>
</kw>
<kw name="Log" owner="BuiltIn">
<msg time="2024-06-25T14:15:55.077664" level="INFO">{'gender': 'male', 'name': {'title': 'Mr', 'first': 'Rasmus', 'last': 'Kangas'}, 'location': {'street': {'number': 5801, 'name': 'Korkeavuorenkatu'}, 'city': 'Jämsä', 'state': 'South Karelia', 'country': 'Finland', 'postcode': 86338, 'coordinates': {'latitude': '-27.7046', 'longitude': '-58.6293'}, 'timezone': {'offset': '+5:45', 'description': 'Kathmandu'}}, 'email': 'rasmus.kangas@example.com', 'login': {'uuid': 'c4b953bd-223f-44e9-8e41-091b63f2aba8', 'username': 'crazybutterfly145', 'password': 'tiffany', 'salt': 'lin9s4Kp', 'md5': '92a5a0eddc8963c2844bef185c06b0ef', 'sha1': '40340a75a525cfa0f1d3fb8ef853d6b9756d3464', 'sha256': '4efad57ff64b0d2c0b2685fc1b0e0748e94411b9f1e944ab7a3c8297bcb08b54'}, 'dob': {'date': '1978-01-05T16:07:48.434Z', 'age': 46}, 'registered': {'date': '2004-01-20T17:22:30.558Z', 'age': 20}, 'phone': '05-191-676', 'cell': '045-546-65-39', 'id': {'name': 'HETU', 'value': 'NaNNA389undefined'}, 'picture': {'large': 'https://randomuser.me/api/portraits/men/69.jpg', 'medium': 'https://randomuser.me/api/portraits/med/men/69.jpg', 'thumbnail': 'https://randomuser.me/api/portraits/thumb/men/69.jpg'}, 'nat': 'FI'}</msg>
<arg>${json_data['results'][0]}</arg>
<doc>Logs the given message with the given level.</doc>
<status status="PASS" start="2024-06-25T14:15:55.077310" elapsed="0.000413"/>
</kw>
<kw name="Log" owner="BuiltIn">
<msg time="2024-06-25T14:15:55.078148" level="INFO">email</msg>
<arg>${key}</arg>
<doc>Logs the given message with the given level.</doc>
<status status="PASS" start="2024-06-25T14:15:55.078020" elapsed="0.000167"/>
</kw>
<var name="${key}">email</var>
<status status="PASS" start="2024-06-25T14:15:55.076627" elapsed="0.001779"/>
</iter>
<iter>
<kw name="Dictionary Should Contain Key" owner="Collections">
<arg>${json_data['results'][0]}</arg>
<arg>${key}</arg>
<doc>Fails if ``key`` is not found from ``dictionary``.</doc>
<status status="PASS" start="2024-06-25T14:15:55.078685" elapsed="0.000394"/>
</kw>
<kw name="Log" owner="BuiltIn">
<msg time="2024-06-25T14:15:55.079651" level="INFO">{'gender': 'male', 'name': {'title': 'Mr', 'first': 'Rasmus', 'last': 'Kangas'}, 'location': {'street': {'number': 5801, 'name': 'Korkeavuorenkatu'}, 'city': 'Jämsä', 'state': 'South Karelia', 'country': 'Finland', 'postcode': 86338, 'coordinates': {'latitude': '-27.7046', 'longitude': '-58.6293'}, 'timezone': {'offset': '+5:45', 'description': 'Kathmandu'}}, 'email': 'rasmus.kangas@example.com', 'login': {'uuid': 'c4b953bd-223f-44e9-8e41-091b63f2aba8', 'username': 'crazybutterfly145', 'password': 'tiffany', 'salt': 'lin9s4Kp', 'md5': '92a5a0eddc8963c2844bef185c06b0ef', 'sha1': '40340a75a525cfa0f1d3fb8ef853d6b9756d3464', 'sha256': '4efad57ff64b0d2c0b2685fc1b0e0748e94411b9f1e944ab7a3c8297bcb08b54'}, 'dob': {'date': '1978-01-05T16:07:48.434Z', 'age': 46}, 'registered': {'date': '2004-01-20T17:22:30.558Z', 'age': 20}, 'phone': '05-191-676', 'cell': '045-546-65-39', 'id': {'name': 'HETU', 'value': 'NaNNA389undefined'}, 'picture': {'large': 'https://randomuser.me/api/portraits/men/69.jpg', 'medium': 'https://randomuser.me/api/portraits/med/men/69.jpg', 'thumbnail': 'https://randomuser.me/api/portraits/thumb/men/69.jpg'}, 'nat': 'FI'}</msg>
<arg>${json_data['results'][0]}</arg>
<doc>Logs the given message with the given level.</doc>
<status status="PASS" start="2024-06-25T14:15:55.079261" elapsed="0.000451"/>
</kw>
<kw name="Log" owner="BuiltIn">
<msg time="2024-06-25T14:15:55.080145" level="INFO">login</msg>
<arg>${key}</arg>
<doc>Logs the given message with the given level.</doc>
<status status="PASS" start="2024-06-25T14:15:55.080006" elapsed="0.000177"/>
</kw>
<var name="${key}">login</var>
<status status="PASS" start="2024-06-25T14:15:55.078578" elapsed="0.001824"/>
</iter>
<var>${key}</var>
<value>@{expected_keys}</value>
<status status="PASS" start="2024-06-25T14:15:55.070347" elapsed="0.010175"/>
</for>
<kw name="Create List" owner="BuiltIn">
<msg time="2024-06-25T14:15:55.080851" level="INFO">${expected_keysTwo} = ['username', 'password']</msg>
<var>${expected_keysTwo}</var>
<arg>username</arg>
<arg>password</arg>
<doc>Returns a list containing given items.</doc>
<status status="PASS" start="2024-06-25T14:15:55.080712" elapsed="0.000163"/>
</kw>
<for flavor="IN">
<iter>
<kw name="Dictionary Should Contain Key" owner="Collections">
<arg>${json_data['results'][0]['login']}</arg>
<arg>${keyTwo}</arg>
<doc>Fails if ``key`` is not found from ``dictionary``.</doc>
<status status="PASS" start="2024-06-25T14:15:55.081393" elapsed="0.000380"/>
</kw>
<kw name="Dictionary Should Contain Key" owner="Collections">
<arg>${json_data['results'][0]['login']}</arg>
<arg>${keyTwo}</arg>
<doc>Fails if ``key`` is not found from ``dictionary``.</doc>
<status status="PASS" start="2024-06-25T14:15:55.081953" elapsed="0.000379"/>
</kw>
<kw name="Log" owner="BuiltIn">
<msg time="2024-06-25T14:15:55.082627" level="INFO">username</msg>
<arg>${keyTwo}</arg>
<doc>Logs the given message with the given level.</doc>
<status status="PASS" start="2024-06-25T14:15:55.082508" elapsed="0.000156"/>
</kw>
<var name="${keyTwo}">username</var>
<status status="PASS" start="2024-06-25T14:15:55.081288" elapsed="0.001597"/>
</iter>
<iter>
<kw name="Dictionary Should Contain Key" owner="Collections">
<arg>${json_data['results'][0]['login']}</arg>
<arg>${keyTwo}</arg>
<doc>Fails if ``key`` is not found from ``dictionary``.</doc>
<status status="PASS" start="2024-06-25T14:15:55.083169" elapsed="0.000432"/>
</kw>
<kw name="Dictionary Should Contain Key" owner="Collections">
<arg>${json_data['results'][0]['login']}</arg>
<arg>${keyTwo}</arg>
<doc>Fails if ``key`` is not found from ``dictionary``.</doc>
<status status="PASS" start="2024-06-25T14:15:55.083781" elapsed="0.000367"/>
</kw>
<kw name="Log" owner="BuiltIn">
<msg time="2024-06-25T14:15:55.084445" level="INFO">password</msg>
<arg>${keyTwo}</arg>
<doc>Logs the given message with the given level.</doc>
<status status="PASS" start="2024-06-25T14:15:55.084324" elapsed="0.000164"/>
</kw>
<var name="${keyTwo}">password</var>
<status status="PASS" start="2024-06-25T14:15:55.083058" elapsed="0.001654"/>
</iter>
<var>${keyTwo}</var>
<value>@{expected_keysTwo}</value>
<status status="PASS" start="2024-06-25T14:15:55.081134" elapsed="0.003697"/>
</for>
<status status="PASS" start="2024-06-25T14:15:54.922310" elapsed="0.162663"/>
</kw>
<doc>Testa a estrutura da resposta da API.</doc>
<tag>testeEstruturaResposta</tag>
<status status="PASS" start="2024-06-25T14:15:54.921763" elapsed="0.163365"/>
</test>
<test id="s1-s1-t4" name="Validar tipos de dados" line="28">
<kw name="Teste de Tipos de Dados" owner="random-user-service">
<kw name="GET On Session" owner="RequestsLibrary">
<msg time="2024-06-25T14:15:55.216718" level="INFO">GET Request : url=https://randomuser.me/api 
 path_url=/api 
 headers={'User-Agent': 'python-requests/2.32.3', 'Accept-Encoding': 'gzip, deflate', 'Accept': '*/*', 'Connection': 'keep-alive'} 
 body=None 
 </msg>
<msg time="2024-06-25T14:15:55.216838" level="INFO">GET Response : url=https://randomuser.me/api 
 status=200, reason=OK 
 headers={'Date': 'Tue, 25 Jun 2024 14:15:55 GMT', 'Content-Type': 'application/json; charset=utf-8', 'Transfer-Encoding': 'chunked', 'Connection': 'keep-alive', 'X-Powered-By': 'Express', 'Access-Control-Allow-Origin': '*', 'Cache-Control': 'no-cache', 'ETag': 'W/"477-ndDYPlcMiK7fGFBBnbLKfYL6U1Q"', 'Vary': 'Accept-Encoding', 'Content-Encoding': 'gzip', 'CF-Cache-Status': 'DYNAMIC', 'Report-To': '{"endpoints":[{"url":"https:\\/\\/a.nel.cloudflare.com\\/report\\/v4?s=M%2FC5M2YTWY7CixZdC4y87KnTMfozCGetXIGIwoyFnb%2BK0LaZvLnxyy%2BeX%2FhixoBfrbOyth43XUow6yZmQ9jEbw9mqcm71lNYcoz%2BA0tjP3VNfva4OV3fO9JxVGyMoW%2Bs"}],"group":"cf-nel","max_age":604800}', 'NEL': '{"success_fraction":0,"report_to":"cf-nel","max_age":604800}', 'Server': 'cloudflare', 'CF-RAY': '899592895a492364-SJC', 'alt-svc': 'h3=":443"; ma=86400'} 
 body={"results":[{"gender":"male","name":{"title":"Mr","first":"Đuro","last":"Vilotić"},"location":{"street":{"number":1389,"name":"Dušana Golumbovskog"},"city":"Ruma","state":"Kosovo","country":"Serbia","postcode":70660,"coordinates":{"latitude":"61.9132","longitude":"-107.9944"},"timezone":{"offset":"-2:00","description":"Mid-Atlantic"}},"email":"duro.vilotic@example.com","login":{"uuid":"4e623b2a-9c8d-4f41-a469-32bd31740262","username":"greenmeercat300","password":"contains","salt":"JXIY0sfP","md5":"568e904d2cf74fe7102b8215f7b9b57b","sha1":"d19e4a6038b5bd52409d86466f7e10646fd9a6fd","sha256":"bdd6fc4f4e4745dc91781c321af1f3cb61de5613fa76c90ca25869d7ca1a8e72"},"dob":{"date":"1952-01-20T03:26:49.587Z","age":72},"registered":{"date":"2016-06-07T03:33:12.170Z","age":8},"phone":"011-4301-319","cell":"064-0589-389","id":{"name":"SID","value":"632314803"},"picture":{"large":"https://randomuser.me/api/portraits/men/82.jpg","medium":"https://randomuser.me/api/portraits/med/men/82.jpg","thumbnail":"https://randomuser.me/api/portraits/thumb/men/82.jpg"},"nat":"RS"}],"info":{"seed":"76eb0a6e3248e493","results":1,"page":1,"version":"1.4"}} 
 </msg>
<msg time="2024-06-25T14:15:55.216938" level="INFO">/opt/hostedtoolcache/Python/3.12.4/x64/lib/python3.12/site-packages/urllib3/connectionpool.py:1099: InsecureRequestWarning: Unverified HTTPS request is being made to host 'randomuser.me'. Adding certificate verification is strongly advised. See: https://urllib3.readthedocs.io/en/latest/advanced-usage.html#tls-warnings
  warnings.warn(</msg>
<msg time="2024-06-25T14:15:55.217077" level="INFO">${response} = &lt;Response [200]&gt;</msg>
<var>${response}</var>
<arg>consultarAPI</arg>
<arg>/api</arg>
<doc>Sends a GET request on a previously created HTTP Session.</doc>
<status status="PASS" start="2024-06-25T14:15:55.087755" elapsed="0.129362"/>
</kw>
<kw name="Set Variable" owner="BuiltIn">
<msg time="2024-06-25T14:15:55.218435" level="INFO">${json_data} = {'results': [{'gender': 'male', 'name': {'title': 'Mr', 'first': 'Đuro', 'last': 'Vilotić'}, 'location': {'street': {'number': 1389, 'name': 'Dušana Golumbovskog'}, 'city': 'Ruma', 'state': 'Kosovo', ...</msg>
<var>${json_data}</var>
<arg>${response.json()}</arg>
<doc>Returns the given values which can then be assigned to a variables.</doc>
<status status="PASS" start="2024-06-25T14:15:55.217811" elapsed="0.000655"/>
</kw>
<kw name="Log" owner="BuiltIn">
<msg time="2024-06-25T14:15:55.218948" level="INFO">{'results': [{'gender': 'male', 'name': {'title': 'Mr', 'first': 'Đuro', 'last': 'Vilotić'}, 'location': {'street': {'number': 1389, 'name': 'Dušana Golumbovskog'}, 'city': 'Ruma', 'state': 'Kosovo', 'country': 'Serbia', 'postcode': 70660, 'coordinates': {'latitude': '61.9132', 'longitude': '-107.9944'}, 'timezone': {'offset': '-2:00', 'description': 'Mid-Atlantic'}}, 'email': 'duro.vilotic@example.com', 'login': {'uuid': '4e623b2a-9c8d-4f41-a469-32bd31740262', 'username': 'greenmeercat300', 'password': 'contains', 'salt': 'JXIY0sfP', 'md5': '568e904d2cf74fe7102b8215f7b9b57b', 'sha1': 'd19e4a6038b5bd52409d86466f7e10646fd9a6fd', 'sha256': 'bdd6fc4f4e4745dc91781c321af1f3cb61de5613fa76c90ca25869d7ca1a8e72'}, 'dob': {'date': '1952-01-20T03:26:49.587Z', 'age': 72}, 'registered': {'date': '2016-06-07T03:33:12.170Z', 'age': 8}, 'phone': '011-4301-319', 'cell': '064-0589-389', 'id': {'name': 'SID', 'value': '632314803'}, 'picture': {'large': 'https://randomuser.me/api/portraits/men/82.jpg', 'medium': 'https://randomuser.me/api/portraits/med/men/82.jpg', 'thumbnail': 'https://randomuser.me/api/portraits/thumb/men/82.jpg'}, 'nat': 'RS'}], 'info': {'seed': '76eb0a6e3248e493', 'results': 1, 'page': 1, 'version': '1.4'}}</msg>
<arg>${json_data}</arg>
<doc>Logs the given message with the given level.</doc>
<status status="PASS" start="2024-06-25T14:15:55.218783" elapsed="0.000219"/>
</kw>
<kw name="Should Be String" owner="String">
<arg>${json_data['results'][0]['gender']}</arg>
<doc>Fails if the given ``item`` is not a string.</doc>
<status status="PASS" start="2024-06-25T14:15:55.219303" elapsed="0.000436"/>
</kw>
<kw name="Should Match Regexp" owner="BuiltIn">
<arg>${json_data['results'][0]['email']}</arg>
<arg>^[a-zA-Z0-9._%+-]+@[a-zA-Z0-9.-]+\.[a-zA-Z]{2,}$</arg>
<doc>Fails if ``string`` does not match ``pattern`` as a regular expression.</doc>
<status status="PASS" start="2024-06-25T14:15:55.219927" elapsed="0.000521"/>
</kw>
<kw name="Should Match Regexp" owner="BuiltIn">
<arg>${json_data['results'][0]['dob']['date']}</arg>
<arg>\\d{4}-\\d{2}-\\d{2}T\\d{2}:\\d{2}:\\d{2}\\.\\d{3}Z</arg>
<doc>Fails if ``string`` does not match ``pattern`` as a regular expression.</doc>
<status status="PASS" start="2024-06-25T14:15:55.220676" elapsed="0.000497"/>
</kw>
<kw name="Should Match Regexp" owner="BuiltIn">
<arg>${json_data['results'][0]['registered']['date']}</arg>
<arg>\\d{4}-\\d{2}-\\d{2}T\\d{2}:\\d{2}:\\d{2}\\.\\d{3}Z</arg>
<doc>Fails if ``string`` does not match ``pattern`` as a regular expression.</doc>
<status status="PASS" start="2024-06-25T14:15:55.221362" elapsed="0.000365"/>
</kw>
<kw name="Should Match Regexp" owner="BuiltIn">
<arg>${json_data['results'][0]['picture']['large']}</arg>
<arg>^https?://.*\.(?:png|jpe?g|gif|bmp)$</arg>
<doc>Fails if ``string`` does not match ``pattern`` as a regular expression.</doc>
<status status="PASS" start="2024-06-25T14:15:55.221910" elapsed="0.000457"/>
</kw>
<kw name="Should Match Regexp" owner="BuiltIn">
<arg>${json_data['results'][0]['picture']['medium']}</arg>
<arg>^https?://.*\.(?:png|jpe?g|gif|bmp)$</arg>
<doc>Fails if ``string`` does not match ``pattern`` as a regular expression.</doc>
<status status="PASS" start="2024-06-25T14:15:55.222561" elapsed="0.000350"/>
</kw>
<kw name="Should Match Regexp" owner="BuiltIn">
<arg>${json_data['results'][0]['picture']['thumbnail']}</arg>
<arg>^https?://.*\.(?:png|jpe?g|gif|bmp)$</arg>
<doc>Fails if ``string`` does not match ``pattern`` as a regular expression.</doc>
<status status="PASS" start="2024-06-25T14:15:55.223092" elapsed="0.000366"/>
</kw>
<kw name="Log" owner="BuiltIn">
<msg time="2024-06-25T14:15:55.223978" level="INFO">{'large': 'https://randomuser.me/api/portraits/men/82.jpg', 'medium': 'https://randomuser.me/api/portraits/med/men/82.jpg', 'thumbnail': 'https://randomuser.me/api/portraits/thumb/men/82.jpg'}</msg>
<arg>${json_data['results'][0]['picture']}</arg>
<doc>Logs the given message with the given level.</doc>
<status status="PASS" start="2024-06-25T14:15:55.223640" elapsed="0.000382"/>
</kw>
<status status="PASS" start="2024-06-25T14:15:55.087524" elapsed="0.136763"/>
</kw>
<kw name="Teste de Tipos de Dados - Postcode" owner="random-user-service">
<kw name="GET On Session" owner="RequestsLibrary">
<msg time="2024-06-25T14:15:55.338353" level="INFO">GET Request : url=https://randomuser.me/api 
 path_url=/api 
 headers={'User-Agent': 'python-requests/2.32.3', 'Accept-Encoding': 'gzip, deflate', 'Accept': '*/*', 'Connection': 'keep-alive'} 
 body=None 
 </msg>
<msg time="2024-06-25T14:15:55.338486" level="INFO">GET Response : url=https://randomuser.me/api 
 status=200, reason=OK 
 headers={'Date': 'Tue, 25 Jun 2024 14:15:55 GMT', 'Content-Type': 'application/json; charset=utf-8', 'Transfer-Encoding': 'chunked', 'Connection': 'keep-alive', 'X-Powered-By': 'Express', 'Access-Control-Allow-Origin': '*', 'Cache-Control': 'no-cache', 'ETag': 'W/"488-actxJ/cFO+FdQH/JP17GFt+9vws"', 'Vary': 'Accept-Encoding', 'Content-Encoding': 'gzip', 'CF-Cache-Status': 'DYNAMIC', 'Report-To': '{"endpoints":[{"url":"https:\\/\\/a.nel.cloudflare.com\\/report\\/v4?s=argvTBano20%2FiP7Qcuzx9NaXL2KN8pnaL39ifCOyNQH5aLVqT3V%2FeQklCRkdNrQq0KYJb2KMfZvWItAeKa3vn%2BUxrpQfwn1E5voDR3P5MF5g7x4np%2F1%2FV0RvTm1rHRAQ"}],"group":"cf-nel","max_age":604800}', 'NEL': '{"success_fraction":0,"report_to":"cf-nel","max_age":604800}', 'Server': 'cloudflare', 'CF-RAY': '8995928a2b142364-SJC', 'alt-svc': 'h3=":443"; ma=86400'} 
 body={"results":[{"gender":"male","name":{"title":"Mr","first":"Jakov","last":"Erceg"},"location":{"street":{"number":7721,"name":"Ane Krasojević"},"city":"Mali Zvornik","state":"Nišava","country":"Serbia","postcode":74939,"coordinates":{"latitude":"62.8399","longitude":"-10.2883"},"timezone":{"offset":"+1:00","description":"Brussels, Copenhagen, Madrid, Paris"}},"email":"jakov.erceg@example.com","login":{"uuid":"527c075b-59e7-4dde-a6f6-bf4655f3b10c","username":"whitegoose732","password":"hakr","salt":"vK4EZ14O","md5":"9f8c5115b89b329c24ccc59413d6dafc","sha1":"7402a1a329c4f802c4672450ee500520c230b866","sha256":"043d1fbcb573ff1b25e08984eff6520ca0e5821ac80162e9a4be4cecd8120a1e"},"dob":{"date":"1998-06-23T23:20:10.358Z","age":26},"registered":{"date":"2008-06-20T03:32:52.499Z","age":16},"phone":"023-9271-071","cell":"060-3226-193","id":{"name":"SID","value":"048478129"},"picture":{"large":"https://randomuser.me/api/portraits/men/38.jpg","medium":"https://randomuser.me/api/portraits/med/men/38.jpg","thumbnail":"https://randomuser.me/api/portraits/thumb/men/38.jpg"},"nat":"RS"}],"info":{"seed":"0278b0fe25c101b9","results":1,"page":1,"version":"1.4"}} 
 </msg>
<msg time="2024-06-25T14:15:55.338600" level="INFO">/opt/hostedtoolcache/Python/3.12.4/x64/lib/python3.12/site-packages/urllib3/connectionpool.py:1099: InsecureRequestWarning: Unverified HTTPS request is being made to host 'randomuser.me'. Adding certificate verification is strongly advised. See: https://urllib3.readthedocs.io/en/latest/advanced-usage.html#tls-warnings
  warnings.warn(</msg>
<msg time="2024-06-25T14:15:55.338738" level="INFO">${response} = &lt;Response [200]&gt;</msg>
<var>${response}</var>
<arg>consultarAPI</arg>
<arg>/api</arg>
<doc>Sends a GET request on a previously created HTTP Session.</doc>
<status status="PASS" start="2024-06-25T14:15:55.224771" elapsed="0.114021"/>
</kw>
<kw name="Set Variable" owner="BuiltIn">
<msg time="2024-06-25T14:15:55.340103" level="INFO">${json_data} = {'results': [{'gender': 'male', 'name': {'title': 'Mr', 'first': 'Jakov', 'last': 'Erceg'}, 'location': {'street': {'number': 7721, 'name': 'Ane Krasojević'}, 'city': 'Mali Zvornik', 'state': 'Nišava'...</msg>
<var>${json_data}</var>
<arg>${response.json()}</arg>
<doc>Returns the given values which can then be assigned to a variables.</doc>
<status status="PASS" start="2024-06-25T14:15:55.339518" elapsed="0.000616"/>
</kw>
<kw name="Log" owner="BuiltIn">
<msg time="2024-06-25T14:15:55.340631" level="INFO">{'results': [{'gender': 'male', 'name': {'title': 'Mr', 'first': 'Jakov', 'last': 'Erceg'}, 'location': {'street': {'number': 7721, 'name': 'Ane Krasojević'}, 'city': 'Mali Zvornik', 'state': 'Nišava', 'country': 'Serbia', 'postcode': 74939, 'coordinates': {'latitude': '62.8399', 'longitude': '-10.2883'}, 'timezone': {'offset': '+1:00', 'description': 'Brussels, Copenhagen, Madrid, Paris'}}, 'email': 'jakov.erceg@example.com', 'login': {'uuid': '527c075b-59e7-4dde-a6f6-bf4655f3b10c', 'username': 'whitegoose732', 'password': 'hakr', 'salt': 'vK4EZ14O', 'md5': '9f8c5115b89b329c24ccc59413d6dafc', 'sha1': '7402a1a329c4f802c4672450ee500520c230b866', 'sha256': '043d1fbcb573ff1b25e08984eff6520ca0e5821ac80162e9a4be4cecd8120a1e'}, 'dob': {'date': '1998-06-23T23:20:10.358Z', 'age': 26}, 'registered': {'date': '2008-06-20T03:32:52.499Z', 'age': 16}, 'phone': '023-9271-071', 'cell': '060-3226-193', 'id': {'name': 'SID', 'value': '048478129'}, 'picture': {'large': 'https://randomuser.me/api/portraits/men/38.jpg', 'medium': 'https://randomuser.me/api/portraits/med/men/38.jpg', 'thumbnail': 'https://randomuser.me/api/portraits/thumb/men/38.jpg'}, 'nat': 'RS'}], 'info': {'seed': '0278b0fe25c101b9', 'results': 1, 'page': 1, 'version': '1.4'}}</msg>
<arg>${json_data}</arg>
<doc>Logs the given message with the given level.</doc>
<status status="PASS" start="2024-06-25T14:15:55.340461" elapsed="0.000223"/>
</kw>
<kw name="Should Be Equal As Numbers" owner="BuiltIn">
<arg>${json_data['results'][0]['location']['postcode']}</arg>
<arg>${json_data['results'][0]['location']['postcode']}</arg>
<doc>Fails if objects are unequal after converting them to real numbers.</doc>
<status status="PASS" start="2024-06-25T14:15:55.340982" elapsed="0.000671"/>
</kw>
<kw name="Log" owner="BuiltIn">
<msg time="2024-06-25T14:15:55.342175" level="INFO">74939</msg>
<arg>${json_data['results'][0]['location']['postcode']}</arg>
<doc>Logs the given message with the given level.</doc>
<status status="PASS" start="2024-06-25T14:15:55.341840" elapsed="0.000375"/>
</kw>
<status status="PASS" start="2024-06-25T14:15:55.224526" elapsed="0.117973"/>
</kw>
<doc>Testa se os tipos de dados na resposta da API estão corretos.</doc>
<tag>testeTiposDados</tag>
<status status="PASS" start="2024-06-25T14:15:55.086916" elapsed="0.255752"/>
</test>
<test id="s1-s1-t5" name="Validar conteudo" line="35">
<kw name="Teste de Tipos de Conteudo" owner="random-user-service">
<kw name="GET On Session" owner="RequestsLibrary">
<msg time="2024-06-25T14:15:55.439142" level="INFO">GET Request : url=https://randomuser.me/api 
 path_url=/api 
 headers={'User-Agent': 'python-requests/2.32.3', 'Accept-Encoding': 'gzip, deflate', 'Accept': '*/*', 'Connection': 'keep-alive'} 
 body=None 
 </msg>
<msg time="2024-06-25T14:15:55.439256" level="INFO">GET Response : url=https://randomuser.me/api 
 status=200, reason=OK 
 headers={'Date': 'Tue, 25 Jun 2024 14:15:55 GMT', 'Content-Type': 'application/json; charset=utf-8', 'Transfer-Encoding': 'chunked', 'Connection': 'keep-alive', 'X-Powered-By': 'Express', 'Access-Control-Allow-Origin': '*', 'Cache-Control': 'no-cache', 'ETag': 'W/"49d-EVWUJkdiDWuVjZVs/fqPu3ujjBc"', 'Vary': 'Accept-Encoding', 'Content-Encoding': 'gzip', 'CF-Cache-Status': 'DYNAMIC', 'Report-To': '{"endpoints":[{"url":"https:\\/\\/a.nel.cloudflare.com\\/report\\/v4?s=G7Blg3%2FVSIQnsiSiLAz104v7wpOauODXJiJB%2BhPRxsfH%2FFusFrFKg0KBMJTL8kJJ%2B9e%2FcTemSFXqKVvxtMTg7xha6fXEqZv%2B0iI9E1rn2hUsNlK7%2FHD%2FehzGJ6dn6%2BZK"}],"group":"cf-nel","max_age":604800}', 'NEL': '{"success_fraction":0,"report_to":"cf-nel","max_age":604800}', 'Server': 'cloudflare', 'CF-RAY': '8995928aeba62364-SJC', 'alt-svc': 'h3=":443"; ma=86400'} 
 body={"results":[{"gender":"male","name":{"title":"Mr","first":"Tristan","last":"Patel"},"location":{"street":{"number":7003,"name":"22nd Ave"},"city":"Russell","state":"Prince Edward Island","country":"Canada","postcode":"P7Q 1J6","coordinates":{"latitude":"-71.4039","longitude":"-133.7470"},"timezone":{"offset":"-4:00","description":"Atlantic Time (Canada), Caracas, La Paz"}},"email":"tristan.patel@example.com","login":{"uuid":"eb4b0bcc-3b24-4f82-96d7-d666d434e883","username":"ticklishladybug850","password":"happy","salt":"lRkr9Fif","md5":"dd14ec67165ce1ca9bd914fd561a09ee","sha1":"8d88761b518d360631e80b4512dbfd136bf53b05","sha256":"3e4d1e1e27164e743bf8ca7ddb339fb4f759a1a0e1063be52bc3d4f61ec07442"},"dob":{"date":"1966-06-23T13:35:35.148Z","age":58},"registered":{"date":"2010-09-16T10:14:32.529Z","age":13},"phone":"V22 G95-5278","cell":"S38 F92-2687","id":{"name":"SIN","value":"954542528"},"picture":{"large":"https://randomuser.me/api/portraits/men/42.jpg","medium":"https://randomuser.me/api/portraits/med/men/42.jpg","thumbnail":"https://randomuser.me/api/portraits/thumb/men/42.jpg"},"nat":"CA"}],"info":{"seed":"b2c4469a5641102f","results":1,"page":1,"version":"1.4"}} 
 </msg>
<msg time="2024-06-25T14:15:55.439359" level="INFO">/opt/hostedtoolcache/Python/3.12.4/x64/lib/python3.12/site-packages/urllib3/connectionpool.py:1099: InsecureRequestWarning: Unverified HTTPS request is being made to host 'randomuser.me'. Adding certificate verification is strongly advised. See: https://urllib3.readthedocs.io/en/latest/advanced-usage.html#tls-warnings
  warnings.warn(</msg>
<msg time="2024-06-25T14:15:55.439511" level="INFO">${response} = &lt;Response [200]&gt;</msg>
<var>${response}</var>
<arg>consultarAPI</arg>
<arg>/api</arg>
<doc>Sends a GET request on a previously created HTTP Session.</doc>
<status status="PASS" start="2024-06-25T14:15:55.345749" elapsed="0.093806"/>
</kw>
<kw name="Set Variable" owner="BuiltIn">
<msg time="2024-06-25T14:15:55.440709" level="INFO">${json_data} = {'results': [{'gender': 'male', 'name': {'title': 'Mr', 'first': 'Tristan', 'last': 'Patel'}, 'location': {'street': {'number': 7003, 'name': '22nd Ave'}, 'city': 'Russell', 'state': 'Prince Edward Is...</msg>
<var>${json_data}</var>
<arg>${response.json()}</arg>
<doc>Returns the given values which can then be assigned to a variables.</doc>
<status status="PASS" start="2024-06-25T14:15:55.440115" elapsed="0.000627"/>
</kw>
<kw name="Set Variable" owner="BuiltIn">
<msg time="2024-06-25T14:15:55.441455" level="INFO">${name_title} = Mr</msg>
<var>${name_title}</var>
<arg>${json_data["results"][0]["name"]["title"]}</arg>
<doc>Returns the given values which can then be assigned to a variables.</doc>
<status status="PASS" start="2024-06-25T14:15:55.441061" elapsed="0.000421"/>
</kw>
<kw name="Create List" owner="BuiltIn">
<msg time="2024-06-25T14:15:55.441937" level="INFO">${allowed_titles} = ['Mr', 'Ms', 'Miss', 'Mrs', 'Madame', 'Monsieur']</msg>
<var>${allowed_titles}</var>
<arg>Mr</arg>
<arg>Ms</arg>
<arg>Miss</arg>
<arg>Mrs</arg>
<arg>Madame</arg>
<arg>Monsieur</arg>
<doc>Returns a list containing given items.</doc>
<status status="PASS" start="2024-06-25T14:15:55.441787" elapsed="0.000175"/>
</kw>
<kw name="List Should Contain Value" owner="Collections">
<arg>${allowed_titles}</arg>
<arg>${name_title}</arg>
<doc>Fails if the ``value`` is not found from ``list``.</doc>
<status status="PASS" start="2024-06-25T14:15:55.442259" elapsed="0.000182"/>
</kw>
<kw name="Set Variable" owner="BuiltIn">
<msg time="2024-06-25T14:15:55.442992" level="INFO">${name_country} = CA</msg>
<var>${name_country}</var>
<arg>${json_data["results"][0]["nat"]}</arg>
<doc>Returns the given values which can then be assigned to a variables.</doc>
<status status="PASS" start="2024-06-25T14:15:55.442620" elapsed="0.000397"/>
</kw>
<kw name="Create List" owner="BuiltIn">
<msg time="2024-06-25T14:15:55.443962" level="INFO">${list_country} = ['AD', 'AE', 'AF', 'AG', 'AI', 'AL', 'AM', 'AO', 'AQ', 'AR', 'AS', 'AT', 'AU', 'AW', 'AX', 'AZ', 'BA', 'BB', 'BD', 'BE', 'BF', 'BG', 'BH', 'BI', 'BJ', 'BL', 'BM', 'BN', 'BO', 'BQ', 'BR', 'BS', 'BT', '...</msg>
<var>${list_country}</var>
<arg>AD</arg>
<arg>AE</arg>
<arg>AF</arg>
<arg>AG</arg>
<arg>AI</arg>
<arg>AL</arg>
<arg>AM</arg>
<arg>AO</arg>
<arg>AQ</arg>
<arg>AR</arg>
<arg>AS</arg>
<arg>AT</arg>
<arg>AU</arg>
<arg>AW</arg>
<arg>AX</arg>
<arg>AZ</arg>
<arg>BA</arg>
<arg>BB</arg>
<arg>BD</arg>
<arg>BE</arg>
<arg>BF</arg>
<arg>BG</arg>
<arg>BH</arg>
<arg>BI</arg>
<arg>BJ</arg>
<arg>BL</arg>
<arg>BM</arg>
<arg>BN</arg>
<arg>BO</arg>
<arg>BQ</arg>
<arg>BR</arg>
<arg>BS</arg>
<arg>BT</arg>
<arg>BV</arg>
<arg>BW</arg>
<arg>BY</arg>
<arg>BZ</arg>
<arg>CA</arg>
<arg>CC</arg>
<arg>CD</arg>
<arg>CF</arg>
<arg>CG</arg>
<arg>CH</arg>
<arg>CI</arg>
<arg>CK</arg>
<arg>CL</arg>
<arg>CM</arg>
<arg>CN</arg>
<arg>CO</arg>
<arg>CR</arg>
<arg>CU</arg>
<arg>CV</arg>
<arg>CW</arg>
<arg>CX</arg>
<arg>CY</arg>
<arg>CZ</arg>
<arg>DE</arg>
<arg>DJ</arg>
<arg>DK</arg>
<arg>DM</arg>
<arg>DO</arg>
<arg>DZ</arg>
<arg>EC</arg>
<arg>EE</arg>
<arg>EG</arg>
<arg>EH</arg>
<arg>ER</arg>
<arg>ES</arg>
<arg>ET</arg>
<arg>FI</arg>
<arg>FJ</arg>
<arg>FK</arg>
<arg>FM</arg>
<arg>FO</arg>
<arg>FR</arg>
<arg>GA</arg>
<arg>GB</arg>
<arg>GD</arg>
<arg>GE</arg>
<arg>GF</arg>
<arg>GG</arg>
<arg>GH</arg>
<arg>GI</arg>
<arg>GL</arg>
<arg>GM</arg>
<arg>GN</arg>
<arg>GP</arg>
<arg>GQ</arg>
<arg>GR</arg>
<arg>GS</arg>
<arg>GT</arg>
<arg>GU</arg>
<arg>GW</arg>
<arg>GY</arg>
<arg>HK</arg>
<arg>HM</arg>
<arg>HN</arg>
<arg>HR</arg>
<arg>HT</arg>
<arg>HU</arg>
<arg>ID</arg>
<arg>IE</arg>
<arg>IL</arg>
<arg>IM</arg>
<arg>IN</arg>
<arg>IO</arg>
<arg>IQ</arg>
<arg>IR</arg>
<arg>IS</arg>
<arg>IT</arg>
<arg>JE</arg>
<arg>JM</arg>
<arg>JO</arg>
<arg>JP</arg>
<arg>KE</arg>
<arg>KG</arg>
<arg>KH</arg>
<arg>KI</arg>
<arg>KM</arg>
<arg>KN</arg>
<arg>KP</arg>
<arg>KR</arg>
<arg>KW</arg>
<arg>KY</arg>
<arg>KZ</arg>
<arg>LA</arg>
<arg>LB</arg>
<arg>LC</arg>
<arg>LI</arg>
<arg>LK</arg>
<arg>LR</arg>
<arg>LS</arg>
<arg>LT</arg>
<arg>LU</arg>
<arg>LV</arg>
<arg>LY</arg>
<arg>MA</arg>
<arg>MC</arg>
<arg>MD</arg>
<arg>ME</arg>
<arg>MF</arg>
<arg>MG</arg>
<arg>MH</arg>
<arg>MK</arg>
<arg>ML</arg>
<arg>MM</arg>
<arg>MN</arg>
<arg>MO</arg>
<arg>MP</arg>
<arg>MQ</arg>
<arg>MR</arg>
<arg>MS</arg>
<arg>MT</arg>
<arg>MU</arg>
<arg>MV</arg>
<arg>MW</arg>
<arg>MX</arg>
<arg>MY</arg>
<arg>MZ</arg>
<arg>NA</arg>
<arg>NC</arg>
<arg>NE</arg>
<arg>NF</arg>
<arg>NG</arg>
<arg>NI</arg>
<arg>NL</arg>
<arg>NO</arg>
<arg>NP</arg>
<arg>NR</arg>
<arg>NU</arg>
<arg>NZ</arg>
<arg>OM</arg>
<arg>PA</arg>
<arg>PE</arg>
<arg>PF</arg>
<arg>PG</arg>
<arg>PH</arg>
<arg>PK</arg>
<arg>PL</arg>
<arg>PM</arg>
<arg>PN</arg>
<arg>PR</arg>
<arg>PS</arg>
<arg>PT</arg>
<arg>PW</arg>
<arg>PY</arg>
<arg>QA</arg>
<arg>RE</arg>
<arg>RO</arg>
<arg>RS</arg>
<arg>RU</arg>
<arg>RW</arg>
<arg>SA</arg>
<arg>SB</arg>
<arg>SC</arg>
<arg>SD</arg>
<arg>SE</arg>
<arg>SG</arg>
<arg>SH</arg>
<arg>SI</arg>
<arg>SJ</arg>
<arg>SK</arg>
<arg>SL</arg>
<arg>SM</arg>
<arg>SN</arg>
<arg>SO</arg>
<arg>SR</arg>
<arg>SS</arg>
<arg>ST</arg>
<arg>SV</arg>
<arg>SX</arg>
<arg>SY</arg>
<arg>SZ</arg>
<arg>TC</arg>
<arg>TD</arg>
<arg>TF</arg>
<arg>TG</arg>
<arg>TH</arg>
<arg>TJ</arg>
<arg>TK</arg>
<arg>TL</arg>
<arg>TM</arg>
<arg>TN</arg>
<arg>TO</arg>
<arg>TR</arg>
<arg>TT</arg>
<arg>TV</arg>
<arg>TW</arg>
<arg>TZ</arg>
<arg>UA</arg>
<arg>UG</arg>
<arg>UM</arg>
<arg>US</arg>
<arg>UY</arg>
<arg>UZ</arg>
<arg>VA</arg>
<arg>VC</arg>
<arg>VE</arg>
<arg>VG</arg>
<arg>VI</arg>
<arg>VN</arg>
<arg>VU</arg>
<arg>WF</arg>
<arg>WS</arg>
<arg>XK</arg>
<arg>YE</arg>
<arg>YT</arg>
<arg>ZA</arg>
<arg>ZM</arg>
<arg>ZW</arg>
<doc>Returns a list containing given items.</doc>
<status status="PASS" start="2024-06-25T14:15:55.443308" elapsed="0.000681"/>
</kw>
<kw name="List Should Contain Value" owner="Collections">
<arg>${list_country}</arg>
<arg>${name_country}</arg>
<doc>Fails if the ``value`` is not found from ``list``.</doc>
<status status="PASS" start="2024-06-25T14:15:55.444793" elapsed="0.000204"/>
</kw>
<kw name="Run Keyword If" owner="BuiltIn">
<kw name="Should Be True" owner="BuiltIn">
<arg>${True}</arg>
<doc>Fails if the given condition is not true.</doc>
<status status="PASS" start="2024-06-25T14:15:55.445934" elapsed="0.000140"/>
</kw>
<arg>${json_data["results"][0]["location"]["coordinates"]["latitude"]} &gt;= -90 and ${json_data["results"][0]["location"]["coordinates"]["latitude"]} &lt;= 90</arg>
<arg>Should Be True</arg>
<arg>${True}</arg>
<doc>Runs the given keyword with the given arguments, if ``condition`` is true.</doc>
<status status="PASS" start="2024-06-25T14:15:55.445194" elapsed="0.001006"/>
</kw>
<kw name="Run Keyword If" owner="BuiltIn">
<kw name="Should Be True" owner="BuiltIn">
<arg>${True}</arg>
<doc>Fails if the given condition is not true.</doc>
<status status="PASS" start="2024-06-25T14:15:55.447081" elapsed="0.000135"/>
</kw>
<arg>${json_data["results"][0]["location"]["coordinates"]["longitude"]} &gt;= -180 and ${json_data["results"][0]["location"]["coordinates"]["longitude"]} &lt;= 180</arg>
<arg>Should Be True</arg>
<arg>${True}</arg>
<doc>Runs the given keyword with the given arguments, if ``condition`` is true.</doc>
<status status="PASS" start="2024-06-25T14:15:55.446380" elapsed="0.000959"/>
</kw>
<status status="PASS" start="2024-06-25T14:15:55.345148" elapsed="0.102352"/>
</kw>
<doc>Testa o conteúdo específico dos campos retornados pela API.</doc>
<tag>testeConteudo</tag>
<status status="PASS" start="2024-06-25T14:15:55.344463" elapsed="0.103201"/>
</test>
<status status="PASS" start="2024-06-25T14:15:54.299098" elapsed="1.150500"/>
</suite>
<status status="PASS" start="2024-06-25T14:15:54.284529" elapsed="1.170320"/>
</suite>
<statistics>
<total>
<stat pass="5" fail="0" skip="0">All Tests</stat>
</total>
<tag>
<stat pass="1" fail="0" skip="0">testeConteudo</stat>
<stat pass="1" fail="0" skip="0">testeEstruturaResposta</stat>
<stat pass="1" fail="0" skip="0">testeRequisicaoBasica</stat>
<stat pass="1" fail="0" skip="0">testeTiposDados</stat>
</tag>
<suite>
<stat pass="5" fail="0" skip="0" id="s1" name="Tests">Tests</stat>
<stat pass="5" fail="0" skip="0" id="s1-s1" name="Random-User-Test">Tests.Random-User-Test</stat>
</suite>
</statistics>
<errors>
</errors>
</robot>
