<?xml version="1.0" encoding="UTF-8"?>
<robot generator="Robot 7.0 (Python 3.12.3 on linux)" generated="2024-05-28T04:19:23.275880" rpa="false" schemaversion="5">
<suite id="s1" name="Tests" source="/home/runner/work/ApiRandomUser/ApiRandomUser/RamdonUser/tests">
<suite id="s1-s1" name="Random-User-Test" source="/home/runner/work/ApiRandomUser/ApiRandomUser/RamdonUser/tests/random-user-test.robot">
<test id="s1-s1-t1" name="Conectar" line="13">
<kw name="Conectar API" owner="random-user-service">
<kw name="Create Session" owner="RequestsLibrary">
<msg time="2024-05-28T04:19:23.674204" level="INFO">Creating Session using : alias=consultarAPI, url=https://randomuser.me/, headers={},                     cookies={}, auth=None, timeout=None, proxies=None, verify=False,                     debug=0 </msg>
<arg>consultarAPI</arg>
<arg>${URL}</arg>
<doc>Create Session: create a HTTP session to a server</doc>
<status status="PASS" start="2024-05-28T04:19:23.674000" elapsed="0.000371"/>
</kw>
<status status="PASS" start="2024-05-28T04:19:23.672940" elapsed="0.001783"/>
</kw>
<status status="PASS" start="2024-05-28T04:19:23.672363" elapsed="0.002556"/>
</test>
<test id="s1-s1-t2" name="Validar retorno 200 e JSON Válido" line="16">
<kw name="Teste de Requisicao Basica" owner="random-user-service">
<kw name="GET On Session" owner="RequestsLibrary">
<msg time="2024-05-28T04:19:23.880155" level="INFO">GET Request : url=https://randomuser.me/api 
 path_url=/api 
 headers={'User-Agent': 'python-requests/2.32.2', 'Accept-Encoding': 'gzip, deflate', 'Accept': '*/*', 'Connection': 'keep-alive'} 
 body=None 
 </msg>
<msg time="2024-05-28T04:19:23.880322" level="INFO">GET Response : url=https://randomuser.me/api 
 status=200, reason=OK 
 headers={'Date': 'Tue, 28 May 2024 04:19:23 GMT', 'Content-Type': 'application/json; charset=utf-8', 'Transfer-Encoding': 'chunked', 'Connection': 'keep-alive', 'X-Powered-By': 'Express', 'Access-Control-Allow-Origin': '*', 'Cache-Control': 'no-cache', 'ETag': 'W/"49b-j/2hpkrddnmycLxmRoM/8jeLYM8"', 'Vary': 'Accept-Encoding', 'Content-Encoding': 'gzip', 'CF-Cache-Status': 'DYNAMIC', 'Report-To': '{"endpoints":[{"url":"https:\\/\\/a.nel.cloudflare.com\\/report\\/v4?s=VR8fyJMQZKWyhLXPShWJrm4K2Puj0YoB68CsEUWMPFAQsDqJDvpFNi32bCtQjPwlH77MdbGMUbQR8XQrQNY8FW6AWrTkbOeDMMVixPDYyf5P3MbYjMdhUOe%2BN4D6ykYP"}],"group":"cf-nel","max_age":604800}', 'NEL': '{"success_fraction":0,"report_to":"cf-nel","max_age":604800}', 'Server': 'cloudflare', 'CF-RAY': '88ab7239efcd8266-IAD', 'alt-svc': 'h3=":443"; ma=86400'} 
 body={"results":[{"gender":"male","name":{"title":"Mr","first":"Abdelouahid","last":"De Blok"},"location":{"street":{"number":6485,"name":"Cezannestraat"},"city":"Schiedam","state":"Friesland","country":"Netherlands","postcode":"4308 BA","coordinates":{"latitude":"32.2541","longitude":"-124.9608"},"timezone":{"offset":"-7:00","description":"Mountain Time (US &amp; Canada)"}},"email":"abdelouahid.deblok@example.com","login":{"uuid":"022a4c36-e308-4f5e-8917-af7dfd6c80b6","username":"beautifulkoala693","password":"mindy","salt":"5ncH7t4a","md5":"f6943e49c4dad12e9b95a99261322d1a","sha1":"1789f781b40db283ab10c5c294d17f093971be3d","sha256":"c508602614edf682e80245f777fc5a0341b008f300486a9f54f34faf4d5f37e1"},"dob":{"date":"2000-03-24T19:55:36.916Z","age":24},"registered":{"date":"2011-11-28T01:25:53.876Z","age":12},"phone":"(0927) 411867","cell":"(06) 25150135","id":{"name":"BSN","value":"20828039"},"picture":{"large":"https://randomuser.me/api/portraits/men/85.jpg","medium":"https://randomuser.me/api/portraits/med/men/85.jpg","thumbnail":"https://randomuser.me/api/portraits/thumb/men/85.jpg"},"nat":"NL"}],"info":{"seed":"7bdf982f3391cf9d","results":1,"page":1,"version":"1.4"}} 
 </msg>
<msg time="2024-05-28T04:19:23.880417" level="INFO">/opt/hostedtoolcache/Python/3.12.3/x64/lib/python3.12/site-packages/urllib3/connectionpool.py:1103: InsecureRequestWarning: Unverified HTTPS request is being made to host 'randomuser.me'. Adding certificate verification is strongly advised. See: https://urllib3.readthedocs.io/en/latest/advanced-usage.html#tls-warnings
  warnings.warn(</msg>
<msg time="2024-05-28T04:19:23.880578" level="INFO">${response} = &lt;Response [200]&gt;</msg>
<var>${response}</var>
<arg>consultarAPI</arg>
<arg>/api</arg>
<doc>Sends a GET request on a previously created HTTP Session.</doc>
<status status="PASS" start="2024-05-28T04:19:23.677620" elapsed="0.203012"/>
</kw>
<kw name="Should Be Equal As Numbers" owner="BuiltIn">
<msg time="2024-05-28T04:19:23.881605" level="INFO">Argument types are:
&lt;class 'int'&gt;
&lt;class 'str'&gt;</msg>
<arg>${response.status_code}</arg>
<arg>200</arg>
<doc>Fails if objects are unequal after converting them to real numbers.</doc>
<status status="PASS" start="2024-05-28T04:19:23.881180" elapsed="0.000491"/>
</kw>
<kw name="Log" owner="BuiltIn">
<msg time="2024-05-28T04:19:23.882409" level="INFO">200</msg>
<arg>${response.status_code}</arg>
<doc>Logs the given message with the given level.</doc>
<status status="PASS" start="2024-05-28T04:19:23.882055" elapsed="0.000403"/>
</kw>
<kw name="Set Variable" owner="BuiltIn">
<msg time="2024-05-28T04:19:23.883195" level="INFO">${json_data} = {'results': [{'gender': 'male', 'name': {'title': 'Mr', 'first': 'Abdelouahid', 'last': 'De Blok'}, 'location': {'street': {'number': 6485, 'name': 'Cezannestraat'}, 'city': 'Schiedam', 'state': 'Frie...</msg>
<var>${json_data}</var>
<arg>${response.json()}</arg>
<doc>Returns the given values which can then be assigned to a variables.</doc>
<status status="PASS" start="2024-05-28T04:19:23.882770" elapsed="0.000455"/>
</kw>
<kw name="Dictionary Should Contain Key" owner="Collections">
<msg time="2024-05-28T04:19:23.883698" level="INFO">False</msg>
<arg>${json_data}</arg>
<arg>results</arg>
<doc>Fails if ``key`` is not found from ``dictionary``.</doc>
<status status="PASS" start="2024-05-28T04:19:23.883526" elapsed="0.000358"/>
</kw>
<status status="PASS" start="2024-05-28T04:19:23.677366" elapsed="0.206794"/>
</kw>
<doc>Testa se a API responde corretamente e retorna um objeto JSON válido.</doc>
<tag>testeRequisicaoBasica</tag>
<status status="PASS" start="2024-05-28T04:19:23.676790" elapsed="0.207549"/>
</test>
<test id="s1-s1-t3" name="Validar estrutura de resposta" line="22">
<kw name="Teste de Estrutura de Resposta" owner="random-user-service">
<kw name="GET On Session" owner="RequestsLibrary">
<msg time="2024-05-28T04:19:23.957955" level="INFO">GET Request : url=https://randomuser.me/api 
 path_url=/api 
 headers={'User-Agent': 'python-requests/2.32.2', 'Accept-Encoding': 'gzip, deflate', 'Accept': '*/*', 'Connection': 'keep-alive'} 
 body=None 
 </msg>
<msg time="2024-05-28T04:19:23.958045" level="INFO">GET Response : url=https://randomuser.me/api 
 status=200, reason=OK 
 headers={'Date': 'Tue, 28 May 2024 04:19:23 GMT', 'Content-Type': 'application/json; charset=utf-8', 'Transfer-Encoding': 'chunked', 'Connection': 'keep-alive', 'X-Powered-By': 'Express', 'Access-Control-Allow-Origin': '*', 'Cache-Control': 'no-cache', 'ETag': 'W/"488-wbLaT9oktWxH/HjFb7aFuxZjiQw"', 'Vary': 'Accept-Encoding', 'Content-Encoding': 'gzip', 'CF-Cache-Status': 'DYNAMIC', 'Report-To': '{"endpoints":[{"url":"https:\\/\\/a.nel.cloudflare.com\\/report\\/v4?s=bVjpOVg7ZjVgkTmVclwxacxQW7jrmtumlcp0Jeby6J4JwL7bbiuKbNorT6C8txQxsbU6sT%2Bch6B15ezIe835wELgPy4G3d41Q4ls67BwqiuKw3z60P0QXEcruxcBi8eD"}],"group":"cf-nel","max_age":604800}', 'NEL': '{"success_fraction":0,"report_to":"cf-nel","max_age":604800}', 'Server': 'cloudflare', 'CF-RAY': '88ab723a585b8266-IAD', 'alt-svc': 'h3=":443"; ma=86400'} 
 body={"results":[{"gender":"male","name":{"title":"Mr","first":"Kenan","last":"Tahincioğlu"},"location":{"street":{"number":452,"name":"Mevlana Cd"},"city":"Tokat","state":"Bursa","country":"Turkey","postcode":34266,"coordinates":{"latitude":"64.9604","longitude":"-104.3193"},"timezone":{"offset":"+11:00","description":"Magadan, Solomon Islands, New Caledonia"}},"email":"kenan.tahincioglu@example.com","login":{"uuid":"8cf0eb34-41d6-4128-8748-108c3b0f4853","username":"brownleopard206","password":"home","salt":"qeYAejGa","md5":"2d63957a05b70fbe6bcce127427d224f","sha1":"9b1db21dbddde2ac9c3d4828c53d4bfeaad44842","sha256":"a97391cce72dc4a637e747d056b8d169f7e710e5a8bf1e9ec63cb8cea4116d06"},"dob":{"date":"1945-11-12T05:37:37.081Z","age":78},"registered":{"date":"2013-01-12T23:54:38.096Z","age":11},"phone":"(170)-925-3223","cell":"(704)-161-0886","id":{"name":"","value":null},"picture":{"large":"https://randomuser.me/api/portraits/men/75.jpg","medium":"https://randomuser.me/api/portraits/med/men/75.jpg","thumbnail":"https://randomuser.me/api/portraits/thumb/men/75.jpg"},"nat":"TR"}],"info":{"seed":"3b482cea25bc9351","results":1,"page":1,"version":"1.4"}} 
 </msg>
<msg time="2024-05-28T04:19:23.958172" level="INFO">/opt/hostedtoolcache/Python/3.12.3/x64/lib/python3.12/site-packages/urllib3/connectionpool.py:1103: InsecureRequestWarning: Unverified HTTPS request is being made to host 'randomuser.me'. Adding certificate verification is strongly advised. See: https://urllib3.readthedocs.io/en/latest/advanced-usage.html#tls-warnings
  warnings.warn(</msg>
<msg time="2024-05-28T04:19:23.958294" level="INFO">${response} = &lt;Response [200]&gt;</msg>
<var>${response}</var>
<arg>consultarAPI</arg>
<arg>/api</arg>
<doc>Sends a GET request on a previously created HTTP Session.</doc>
<status status="PASS" start="2024-05-28T04:19:23.887287" elapsed="0.071051"/>
</kw>
<kw name="Set Variable" owner="BuiltIn">
<msg time="2024-05-28T04:19:23.959246" level="INFO">${json_data} = {'results': [{'gender': 'male', 'name': {'title': 'Mr', 'first': 'Kenan', 'last': 'Tahincioğlu'}, 'location': {'street': {'number': 452, 'name': 'Mevlana Cd'}, 'city': 'Tokat', 'state': 'Bursa', 'coun...</msg>
<var>${json_data}</var>
<arg>${response.json()}</arg>
<doc>Returns the given values which can then be assigned to a variables.</doc>
<status status="PASS" start="2024-05-28T04:19:23.958783" elapsed="0.000495"/>
</kw>
<kw name="Log" owner="BuiltIn">
<msg time="2024-05-28T04:19:23.959744" level="INFO">{'results': [{'gender': 'male', 'name': {'title': 'Mr', 'first': 'Kenan', 'last': 'Tahincioğlu'}, 'location': {'street': {'number': 452, 'name': 'Mevlana Cd'}, 'city': 'Tokat', 'state': 'Bursa', 'country': 'Turkey', 'postcode': 34266, 'coordinates': {'latitude': '64.9604', 'longitude': '-104.3193'}, 'timezone': {'offset': '+11:00', 'description': 'Magadan, Solomon Islands, New Caledonia'}}, 'email': 'kenan.tahincioglu@example.com', 'login': {'uuid': '8cf0eb34-41d6-4128-8748-108c3b0f4853', 'username': 'brownleopard206', 'password': 'home', 'salt': 'qeYAejGa', 'md5': '2d63957a05b70fbe6bcce127427d224f', 'sha1': '9b1db21dbddde2ac9c3d4828c53d4bfeaad44842', 'sha256': 'a97391cce72dc4a637e747d056b8d169f7e710e5a8bf1e9ec63cb8cea4116d06'}, 'dob': {'date': '1945-11-12T05:37:37.081Z', 'age': 78}, 'registered': {'date': '2013-01-12T23:54:38.096Z', 'age': 11}, 'phone': '(170)-925-3223', 'cell': '(704)-161-0886', 'id': {'name': '', 'value': None}, 'picture': {'large': 'https://randomuser.me/api/portraits/men/75.jpg', 'medium': 'https://randomuser.me/api/portraits/med/men/75.jpg', 'thumbnail': 'https://randomuser.me/api/portraits/thumb/men/75.jpg'}, 'nat': 'TR'}], 'info': {'seed': '3b482cea25bc9351', 'results': 1, 'page': 1, 'version': '1.4'}}</msg>
<arg>${json_data}</arg>
<doc>Logs the given message with the given level.</doc>
<status status="PASS" start="2024-05-28T04:19:23.959586" elapsed="0.000208"/>
</kw>
<kw name="Dictionary Should Contain Key" owner="Collections">
<msg time="2024-05-28T04:19:23.960241" level="INFO">False</msg>
<arg>${json_data}</arg>
<arg>results</arg>
<doc>Fails if ``key`` is not found from ``dictionary``.</doc>
<status status="PASS" start="2024-05-28T04:19:23.960088" elapsed="0.000190"/>
</kw>
<kw name="Should Not Be Empty" owner="BuiltIn">
<msg time="2024-05-28T04:19:23.960707" level="INFO">Length is 2.</msg>
<arg>${json_data}</arg>
<doc>Verifies that the given item is not empty.</doc>
<status status="PASS" start="2024-05-28T04:19:23.960570" elapsed="0.000175"/>
</kw>
<kw name="Create List" owner="BuiltIn">
<msg time="2024-05-28T04:19:23.961186" level="INFO">${expected_keys} = ['gender', 'name', 'location', 'email', 'login']</msg>
<var>${expected_keys}</var>
<arg>gender</arg>
<arg>name</arg>
<arg>location</arg>
<arg>email</arg>
<arg>login</arg>
<doc>Returns a list containing given items.</doc>
<status status="PASS" start="2024-05-28T04:19:23.961034" elapsed="0.000177"/>
</kw>
<for flavor="IN">
<iter>
<kw name="Dictionary Should Contain Key" owner="Collections">
<msg time="2024-05-28T04:19:23.962223" level="INFO">False</msg>
<arg>${json_data['results'][0]}</arg>
<arg>${key}</arg>
<doc>Fails if ``key`` is not found from ``dictionary``.</doc>
<status status="PASS" start="2024-05-28T04:19:23.961809" elapsed="0.000454"/>
</kw>
<kw name="Log" owner="BuiltIn">
<msg time="2024-05-28T04:19:23.962938" level="INFO">{'gender': 'male', 'name': {'title': 'Mr', 'first': 'Kenan', 'last': 'Tahincioğlu'}, 'location': {'street': {'number': 452, 'name': 'Mevlana Cd'}, 'city': 'Tokat', 'state': 'Bursa', 'country': 'Turkey', 'postcode': 34266, 'coordinates': {'latitude': '64.9604', 'longitude': '-104.3193'}, 'timezone': {'offset': '+11:00', 'description': 'Magadan, Solomon Islands, New Caledonia'}}, 'email': 'kenan.tahincioglu@example.com', 'login': {'uuid': '8cf0eb34-41d6-4128-8748-108c3b0f4853', 'username': 'brownleopard206', 'password': 'home', 'salt': 'qeYAejGa', 'md5': '2d63957a05b70fbe6bcce127427d224f', 'sha1': '9b1db21dbddde2ac9c3d4828c53d4bfeaad44842', 'sha256': 'a97391cce72dc4a637e747d056b8d169f7e710e5a8bf1e9ec63cb8cea4116d06'}, 'dob': {'date': '1945-11-12T05:37:37.081Z', 'age': 78}, 'registered': {'date': '2013-01-12T23:54:38.096Z', 'age': 11}, 'phone': '(170)-925-3223', 'cell': '(704)-161-0886', 'id': {'name': '', 'value': None}, 'picture': {'large': 'https://randomuser.me/api/portraits/men/75.jpg', 'medium': 'https://randomuser.me/api/portraits/med/men/75.jpg', 'thumbnail': 'https://randomuser.me/api/portraits/thumb/men/75.jpg'}, 'nat': 'TR'}</msg>
<arg>${json_data['results'][0]}</arg>
<doc>Logs the given message with the given level.</doc>
<status status="PASS" start="2024-05-28T04:19:23.962564" elapsed="0.000436"/>
</kw>
<kw name="Log" owner="BuiltIn">
<msg time="2024-05-28T04:19:23.963446" level="INFO">gender</msg>
<arg>${key}</arg>
<doc>Logs the given message with the given level.</doc>
<status status="PASS" start="2024-05-28T04:19:23.963318" elapsed="0.000166"/>
</kw>
<var name="${key}">gender</var>
<status status="PASS" start="2024-05-28T04:19:23.961649" elapsed="0.002050"/>
</iter>
<iter>
<kw name="Dictionary Should Contain Key" owner="Collections">
<msg time="2024-05-28T04:19:23.964391" level="INFO">False</msg>
<arg>${json_data['results'][0]}</arg>
<arg>${key}</arg>
<doc>Fails if ``key`` is not found from ``dictionary``.</doc>
<status status="PASS" start="2024-05-28T04:19:23.964002" elapsed="0.000428"/>
</kw>
<kw name="Log" owner="BuiltIn">
<msg time="2024-05-28T04:19:23.965117" level="INFO">{'gender': 'male', 'name': {'title': 'Mr', 'first': 'Kenan', 'last': 'Tahincioğlu'}, 'location': {'street': {'number': 452, 'name': 'Mevlana Cd'}, 'city': 'Tokat', 'state': 'Bursa', 'country': 'Turkey', 'postcode': 34266, 'coordinates': {'latitude': '64.9604', 'longitude': '-104.3193'}, 'timezone': {'offset': '+11:00', 'description': 'Magadan, Solomon Islands, New Caledonia'}}, 'email': 'kenan.tahincioglu@example.com', 'login': {'uuid': '8cf0eb34-41d6-4128-8748-108c3b0f4853', 'username': 'brownleopard206', 'password': 'home', 'salt': 'qeYAejGa', 'md5': '2d63957a05b70fbe6bcce127427d224f', 'sha1': '9b1db21dbddde2ac9c3d4828c53d4bfeaad44842', 'sha256': 'a97391cce72dc4a637e747d056b8d169f7e710e5a8bf1e9ec63cb8cea4116d06'}, 'dob': {'date': '1945-11-12T05:37:37.081Z', 'age': 78}, 'registered': {'date': '2013-01-12T23:54:38.096Z', 'age': 11}, 'phone': '(170)-925-3223', 'cell': '(704)-161-0886', 'id': {'name': '', 'value': None}, 'picture': {'large': 'https://randomuser.me/api/portraits/men/75.jpg', 'medium': 'https://randomuser.me/api/portraits/med/men/75.jpg', 'thumbnail': 'https://randomuser.me/api/portraits/thumb/men/75.jpg'}, 'nat': 'TR'}</msg>
<arg>${json_data['results'][0]}</arg>
<doc>Logs the given message with the given level.</doc>
<status status="PASS" start="2024-05-28T04:19:23.964756" elapsed="0.000414"/>
</kw>
<kw name="Log" owner="BuiltIn">
<msg time="2024-05-28T04:19:23.965592" level="INFO">name</msg>
<arg>${key}</arg>
<doc>Logs the given message with the given level.</doc>
<status status="PASS" start="2024-05-28T04:19:23.965466" elapsed="0.000164"/>
</kw>
<var name="${key}">name</var>
<status status="PASS" start="2024-05-28T04:19:23.963887" elapsed="0.001998"/>
</iter>
<iter>
<kw name="Dictionary Should Contain Key" owner="Collections">
<msg time="2024-05-28T04:19:23.966561" level="INFO">False</msg>
<arg>${json_data['results'][0]}</arg>
<arg>${key}</arg>
<doc>Fails if ``key`` is not found from ``dictionary``.</doc>
<status status="PASS" start="2024-05-28T04:19:23.966177" elapsed="0.000421"/>
</kw>
<kw name="Log" owner="BuiltIn">
<msg time="2024-05-28T04:19:23.967267" level="INFO">{'gender': 'male', 'name': {'title': 'Mr', 'first': 'Kenan', 'last': 'Tahincioğlu'}, 'location': {'street': {'number': 452, 'name': 'Mevlana Cd'}, 'city': 'Tokat', 'state': 'Bursa', 'country': 'Turkey', 'postcode': 34266, 'coordinates': {'latitude': '64.9604', 'longitude': '-104.3193'}, 'timezone': {'offset': '+11:00', 'description': 'Magadan, Solomon Islands, New Caledonia'}}, 'email': 'kenan.tahincioglu@example.com', 'login': {'uuid': '8cf0eb34-41d6-4128-8748-108c3b0f4853', 'username': 'brownleopard206', 'password': 'home', 'salt': 'qeYAejGa', 'md5': '2d63957a05b70fbe6bcce127427d224f', 'sha1': '9b1db21dbddde2ac9c3d4828c53d4bfeaad44842', 'sha256': 'a97391cce72dc4a637e747d056b8d169f7e710e5a8bf1e9ec63cb8cea4116d06'}, 'dob': {'date': '1945-11-12T05:37:37.081Z', 'age': 78}, 'registered': {'date': '2013-01-12T23:54:38.096Z', 'age': 11}, 'phone': '(170)-925-3223', 'cell': '(704)-161-0886', 'id': {'name': '', 'value': None}, 'picture': {'large': 'https://randomuser.me/api/portraits/men/75.jpg', 'medium': 'https://randomuser.me/api/portraits/med/men/75.jpg', 'thumbnail': 'https://randomuser.me/api/portraits/thumb/men/75.jpg'}, 'nat': 'TR'}</msg>
<arg>${json_data['results'][0]}</arg>
<doc>Logs the given message with the given level.</doc>
<status status="PASS" start="2024-05-28T04:19:23.966901" elapsed="0.000417"/>
</kw>
<kw name="Log" owner="BuiltIn">
<msg time="2024-05-28T04:19:23.967743" level="INFO">location</msg>
<arg>${key}</arg>
<doc>Logs the given message with the given level.</doc>
<status status="PASS" start="2024-05-28T04:19:23.967618" elapsed="0.000163"/>
</kw>
<var name="${key}">location</var>
<status status="PASS" start="2024-05-28T04:19:23.966064" elapsed="0.001934"/>
</iter>
<iter>
<kw name="Dictionary Should Contain Key" owner="Collections">
<msg time="2024-05-28T04:19:23.968759" level="INFO">False</msg>
<arg>${json_data['results'][0]}</arg>
<arg>${key}</arg>
<doc>Fails if ``key`` is not found from ``dictionary``.</doc>
<status status="PASS" start="2024-05-28T04:19:23.968282" elapsed="0.000517"/>
</kw>
<kw name="Log" owner="BuiltIn">
<msg time="2024-05-28T04:19:23.969462" level="INFO">{'gender': 'male', 'name': {'title': 'Mr', 'first': 'Kenan', 'last': 'Tahincioğlu'}, 'location': {'street': {'number': 452, 'name': 'Mevlana Cd'}, 'city': 'Tokat', 'state': 'Bursa', 'country': 'Turkey', 'postcode': 34266, 'coordinates': {'latitude': '64.9604', 'longitude': '-104.3193'}, 'timezone': {'offset': '+11:00', 'description': 'Magadan, Solomon Islands, New Caledonia'}}, 'email': 'kenan.tahincioglu@example.com', 'login': {'uuid': '8cf0eb34-41d6-4128-8748-108c3b0f4853', 'username': 'brownleopard206', 'password': 'home', 'salt': 'qeYAejGa', 'md5': '2d63957a05b70fbe6bcce127427d224f', 'sha1': '9b1db21dbddde2ac9c3d4828c53d4bfeaad44842', 'sha256': 'a97391cce72dc4a637e747d056b8d169f7e710e5a8bf1e9ec63cb8cea4116d06'}, 'dob': {'date': '1945-11-12T05:37:37.081Z', 'age': 78}, 'registered': {'date': '2013-01-12T23:54:38.096Z', 'age': 11}, 'phone': '(170)-925-3223', 'cell': '(704)-161-0886', 'id': {'name': '', 'value': None}, 'picture': {'large': 'https://randomuser.me/api/portraits/men/75.jpg', 'medium': 'https://randomuser.me/api/portraits/med/men/75.jpg', 'thumbnail': 'https://randomuser.me/api/portraits/thumb/men/75.jpg'}, 'nat': 'TR'}</msg>
<arg>${json_data['results'][0]}</arg>
<doc>Logs the given message with the given level.</doc>
<status status="PASS" start="2024-05-28T04:19:23.969096" elapsed="0.000418"/>
</kw>
<kw name="Log" owner="BuiltIn">
<msg time="2024-05-28T04:19:23.969968" level="INFO">email</msg>
<arg>${key}</arg>
<doc>Logs the given message with the given level.</doc>
<status status="PASS" start="2024-05-28T04:19:23.969838" elapsed="0.000168"/>
</kw>
<var name="${key}">email</var>
<status status="PASS" start="2024-05-28T04:19:23.968171" elapsed="0.002049"/>
</iter>
<iter>
<kw name="Dictionary Should Contain Key" owner="Collections">
<msg time="2024-05-28T04:19:23.970880" level="INFO">False</msg>
<arg>${json_data['results'][0]}</arg>
<arg>${key}</arg>
<doc>Fails if ``key`` is not found from ``dictionary``.</doc>
<status status="PASS" start="2024-05-28T04:19:23.970507" elapsed="0.000411"/>
</kw>
<kw name="Log" owner="BuiltIn">
<msg time="2024-05-28T04:19:23.971575" level="INFO">{'gender': 'male', 'name': {'title': 'Mr', 'first': 'Kenan', 'last': 'Tahincioğlu'}, 'location': {'street': {'number': 452, 'name': 'Mevlana Cd'}, 'city': 'Tokat', 'state': 'Bursa', 'country': 'Turkey', 'postcode': 34266, 'coordinates': {'latitude': '64.9604', 'longitude': '-104.3193'}, 'timezone': {'offset': '+11:00', 'description': 'Magadan, Solomon Islands, New Caledonia'}}, 'email': 'kenan.tahincioglu@example.com', 'login': {'uuid': '8cf0eb34-41d6-4128-8748-108c3b0f4853', 'username': 'brownleopard206', 'password': 'home', 'salt': 'qeYAejGa', 'md5': '2d63957a05b70fbe6bcce127427d224f', 'sha1': '9b1db21dbddde2ac9c3d4828c53d4bfeaad44842', 'sha256': 'a97391cce72dc4a637e747d056b8d169f7e710e5a8bf1e9ec63cb8cea4116d06'}, 'dob': {'date': '1945-11-12T05:37:37.081Z', 'age': 78}, 'registered': {'date': '2013-01-12T23:54:38.096Z', 'age': 11}, 'phone': '(170)-925-3223', 'cell': '(704)-161-0886', 'id': {'name': '', 'value': None}, 'picture': {'large': 'https://randomuser.me/api/portraits/men/75.jpg', 'medium': 'https://randomuser.me/api/portraits/med/men/75.jpg', 'thumbnail': 'https://randomuser.me/api/portraits/thumb/men/75.jpg'}, 'nat': 'TR'}</msg>
<arg>${json_data['results'][0]}</arg>
<doc>Logs the given message with the given level.</doc>
<status status="PASS" start="2024-05-28T04:19:23.971210" elapsed="0.000417"/>
</kw>
<kw name="Log" owner="BuiltIn">
<msg time="2024-05-28T04:19:23.972051" level="INFO">login</msg>
<arg>${key}</arg>
<doc>Logs the given message with the given level.</doc>
<status status="PASS" start="2024-05-28T04:19:23.971923" elapsed="0.000166"/>
</kw>
<var name="${key}">login</var>
<status status="PASS" start="2024-05-28T04:19:23.970395" elapsed="0.001934"/>
</iter>
<var>${key}</var>
<value>@{expected_keys}</value>
<status status="PASS" start="2024-05-28T04:19:23.961463" elapsed="0.010991"/>
</for>
<kw name="Create List" owner="BuiltIn">
<msg time="2024-05-28T04:19:23.972780" level="INFO">${expected_keysTwo} = ['username', 'password']</msg>
<var>${expected_keysTwo}</var>
<arg>username</arg>
<arg>password</arg>
<doc>Returns a list containing given items.</doc>
<status status="PASS" start="2024-05-28T04:19:23.972644" elapsed="0.000160"/>
</kw>
<for flavor="IN">
<iter>
<kw name="Dictionary Should Contain Key" owner="Collections">
<msg time="2024-05-28T04:19:23.973681" level="INFO">False</msg>
<arg>${json_data['results'][0]['login']}</arg>
<arg>${keyTwo}</arg>
<doc>Fails if ``key`` is not found from ``dictionary``.</doc>
<status status="PASS" start="2024-05-28T04:19:23.973299" elapsed="0.000443"/>
</kw>
<kw name="Dictionary Should Contain Key" owner="Collections">
<msg time="2024-05-28T04:19:23.974424" level="INFO">False</msg>
<arg>${json_data['results'][0]['login']}</arg>
<arg>${keyTwo}</arg>
<doc>Fails if ``key`` is not found from ``dictionary``.</doc>
<status status="PASS" start="2024-05-28T04:19:23.974048" elapsed="0.000415"/>
</kw>
<kw name="Log" owner="BuiltIn">
<msg time="2024-05-28T04:19:23.974883" level="INFO">username</msg>
<arg>${keyTwo}</arg>
<doc>Logs the given message with the given level.</doc>
<status status="PASS" start="2024-05-28T04:19:23.974756" elapsed="0.000165"/>
</kw>
<var name="${keyTwo}">username</var>
<status status="PASS" start="2024-05-28T04:19:23.973188" elapsed="0.001947"/>
</iter>
<iter>
<kw name="Dictionary Should Contain Key" owner="Collections">
<msg time="2024-05-28T04:19:23.975801" level="INFO">False</msg>
<arg>${json_data['results'][0]['login']}</arg>
<arg>${keyTwo}</arg>
<doc>Fails if ``key`` is not found from ``dictionary``.</doc>
<status status="PASS" start="2024-05-28T04:19:23.975418" elapsed="0.000422"/>
</kw>
<kw name="Dictionary Should Contain Key" owner="Collections">
<msg time="2024-05-28T04:19:23.976506" level="INFO">False</msg>
<arg>${json_data['results'][0]['login']}</arg>
<arg>${keyTwo}</arg>
<doc>Fails if ``key`` is not found from ``dictionary``.</doc>
<status status="PASS" start="2024-05-28T04:19:23.976130" elapsed="0.000415"/>
</kw>
<kw name="Log" owner="BuiltIn">
<msg time="2024-05-28T04:19:23.976959" level="INFO">password</msg>
<arg>${keyTwo}</arg>
<doc>Logs the given message with the given level.</doc>
<status status="PASS" start="2024-05-28T04:19:23.976834" elapsed="0.000162"/>
</kw>
<var name="${keyTwo}">password</var>
<status status="PASS" start="2024-05-28T04:19:23.975307" elapsed="0.001904"/>
</iter>
<var>${keyTwo}</var>
<value>@{expected_keysTwo}</value>
<status status="PASS" start="2024-05-28T04:19:23.973037" elapsed="0.004291"/>
</for>
<status status="PASS" start="2024-05-28T04:19:23.886943" elapsed="0.090523"/>
</kw>
<doc>Testa a estrutura da resposta da API.</doc>
<tag>testeEstruturaResposta</tag>
<status status="PASS" start="2024-05-28T04:19:23.886170" elapsed="0.091441"/>
</test>
<test id="s1-s1-t4" name="Validar tipos de dados" line="28">
<kw name="Teste de Tipos de Dados" owner="random-user-service">
<kw name="GET On Session" owner="RequestsLibrary">
<msg time="2024-05-28T04:19:24.058331" level="INFO">GET Request : url=https://randomuser.me/api 
 path_url=/api 
 headers={'User-Agent': 'python-requests/2.32.2', 'Accept-Encoding': 'gzip, deflate', 'Accept': '*/*', 'Connection': 'keep-alive'} 
 body=None 
 </msg>
<msg time="2024-05-28T04:19:24.058407" level="INFO">GET Response : url=https://randomuser.me/api 
 status=200, reason=OK 
 headers={'Date': 'Tue, 28 May 2024 04:19:24 GMT', 'Content-Type': 'application/json; charset=utf-8', 'Transfer-Encoding': 'chunked', 'Connection': 'keep-alive', 'X-Powered-By': 'Express', 'Access-Control-Allow-Origin': '*', 'Cache-Control': 'no-cache', 'ETag': 'W/"4ac-pHCtV8wfKLyT1+O6lLU2R7ONBGM"', 'Vary': 'Accept-Encoding', 'Content-Encoding': 'gzip', 'CF-Cache-Status': 'DYNAMIC', 'Report-To': '{"endpoints":[{"url":"https:\\/\\/a.nel.cloudflare.com\\/report\\/v4?s=25HWILOU0kMlaOySPvhggFTAtUFK49xiae%2BMOtl8nQySJNVTBK%2BHVvEfph9CUNByC%2F2601OamdQGNRau%2BtPUcc2BWEgXMgUN6DkpMmZ1tMBJRk%2BWLgpAYQp1g30BGUqf"}],"group":"cf-nel","max_age":604800}', 'NEL': '{"success_fraction":0,"report_to":"cf-nel","max_age":604800}', 'Server': 'cloudflare', 'CF-RAY': '88ab723ae92f8266-IAD', 'alt-svc': 'h3=":443"; ma=86400'} 
 body={"results":[{"gender":"female","name":{"title":"Ms","first":"Svitolika","last":"Skripchenko"},"location":{"street":{"number":759,"name":"Ozerniy provulok"},"city":"Irmino","state":"Ternopilska","country":"Ukraine","postcode":40088,"coordinates":{"latitude":"78.1346","longitude":"166.7876"},"timezone":{"offset":"0:00","description":"Western Europe Time, London, Lisbon, Casablanca"}},"email":"svitolika.skripchenko@example.com","login":{"uuid":"cce61a5c-51d2-45c3-937b-185c2d931ce7","username":"sadbutterfly591","password":"ipswich","salt":"hZjwWmfp","md5":"c3d5f10f0109d0b9dea10788330f6043","sha1":"b3c8e4d1870bdf985cc414284f11241feca13d99","sha256":"23c50b80cb5785731c1142760ae3861d7649d3e98a2684459c0216e5831704ee"},"dob":{"date":"1965-03-28T19:35:57.898Z","age":59},"registered":{"date":"2018-04-09T12:29:52.308Z","age":6},"phone":"(098) O20-8940","cell":"(068) A20-7383","id":{"name":"","value":null},"picture":{"large":"https://randomuser.me/api/portraits/women/13.jpg","medium":"https://randomuser.me/api/portraits/med/women/13.jpg","thumbnail":"https://randomuser.me/api/portraits/thumb/women/13.jpg"},"nat":"UA"}],"info":{"seed":"b6ff2bed251f27fd","results":1,"page":1,"version":"1.4"}} 
 </msg>
<msg time="2024-05-28T04:19:24.058474" level="INFO">/opt/hostedtoolcache/Python/3.12.3/x64/lib/python3.12/site-packages/urllib3/connectionpool.py:1103: InsecureRequestWarning: Unverified HTTPS request is being made to host 'randomuser.me'. Adding certificate verification is strongly advised. See: https://urllib3.readthedocs.io/en/latest/advanced-usage.html#tls-warnings
  warnings.warn(</msg>
<msg time="2024-05-28T04:19:24.058573" level="INFO">${response} = &lt;Response [200]&gt;</msg>
<var>${response}</var>
<arg>consultarAPI</arg>
<arg>/api</arg>
<doc>Sends a GET request on a previously created HTTP Session.</doc>
<status status="PASS" start="2024-05-28T04:19:23.980103" elapsed="0.078506"/>
</kw>
<kw name="Set Variable" owner="BuiltIn">
<msg time="2024-05-28T04:19:24.059475" level="INFO">${json_data} = {'results': [{'gender': 'female', 'name': {'title': 'Ms', 'first': 'Svitolika', 'last': 'Skripchenko'}, 'location': {'street': {'number': 759, 'name': 'Ozerniy provulok'}, 'city': 'Irmino', 'state': '...</msg>
<var>${json_data}</var>
<arg>${response.json()}</arg>
<doc>Returns the given values which can then be assigned to a variables.</doc>
<status status="PASS" start="2024-05-28T04:19:24.059035" elapsed="0.000468"/>
</kw>
<kw name="Log" owner="BuiltIn">
<msg time="2024-05-28T04:19:24.059962" level="INFO">{'results': [{'gender': 'female', 'name': {'title': 'Ms', 'first': 'Svitolika', 'last': 'Skripchenko'}, 'location': {'street': {'number': 759, 'name': 'Ozerniy provulok'}, 'city': 'Irmino', 'state': 'Ternopilska', 'country': 'Ukraine', 'postcode': 40088, 'coordinates': {'latitude': '78.1346', 'longitude': '166.7876'}, 'timezone': {'offset': '0:00', 'description': 'Western Europe Time, London, Lisbon, Casablanca'}}, 'email': 'svitolika.skripchenko@example.com', 'login': {'uuid': 'cce61a5c-51d2-45c3-937b-185c2d931ce7', 'username': 'sadbutterfly591', 'password': 'ipswich', 'salt': 'hZjwWmfp', 'md5': 'c3d5f10f0109d0b9dea10788330f6043', 'sha1': 'b3c8e4d1870bdf985cc414284f11241feca13d99', 'sha256': '23c50b80cb5785731c1142760ae3861d7649d3e98a2684459c0216e5831704ee'}, 'dob': {'date': '1965-03-28T19:35:57.898Z', 'age': 59}, 'registered': {'date': '2018-04-09T12:29:52.308Z', 'age': 6}, 'phone': '(098) O20-8940', 'cell': '(068) A20-7383', 'id': {'name': '', 'value': None}, 'picture': {'large': 'https://randomuser.me/api/portraits/women/13.jpg', 'medium': 'https://randomuser.me/api/portraits/med/women/13.jpg', 'thumbnail': 'https://randomuser.me/api/portraits/thumb/women/13.jpg'}, 'nat': 'UA'}], 'info': {'seed': 'b6ff2bed251f27fd', 'results': 1, 'page': 1, 'version': '1.4'}}</msg>
<arg>${json_data}</arg>
<doc>Logs the given message with the given level.</doc>
<status status="PASS" start="2024-05-28T04:19:24.059811" elapsed="0.000232"/>
</kw>
<kw name="Should Be String" owner="String">
<arg>${json_data['results'][0]['gender']}</arg>
<doc>Fails if the given ``item`` is not a string.</doc>
<status status="PASS" start="2024-05-28T04:19:24.060341" elapsed="0.000355"/>
</kw>
<kw name="Should Match Regexp" owner="BuiltIn">
<arg>${json_data['results'][0]['email']}</arg>
<arg>^[a-zA-Z0-9._%+-]+@[a-zA-Z0-9.-]+\.[a-zA-Z]{2,}$</arg>
<doc>Fails if ``string`` does not match ``pattern`` as a regular expression.</doc>
<status status="PASS" start="2024-05-28T04:19:24.060886" elapsed="0.000610"/>
</kw>
<kw name="Should Match Regexp" owner="BuiltIn">
<arg>${json_data['results'][0]['dob']['date']}</arg>
<arg>\\d{4}-\\d{2}-\\d{2}T\\d{2}:\\d{2}:\\d{2}\\.\\d{3}Z</arg>
<doc>Fails if ``string`` does not match ``pattern`` as a regular expression.</doc>
<status status="PASS" start="2024-05-28T04:19:24.061731" elapsed="0.000500"/>
</kw>
<kw name="Should Match Regexp" owner="BuiltIn">
<arg>${json_data['results'][0]['registered']['date']}</arg>
<arg>\\d{4}-\\d{2}-\\d{2}T\\d{2}:\\d{2}:\\d{2}\\.\\d{3}Z</arg>
<doc>Fails if ``string`` does not match ``pattern`` as a regular expression.</doc>
<status status="PASS" start="2024-05-28T04:19:24.062427" elapsed="0.000373"/>
</kw>
<kw name="Should Match Regexp" owner="BuiltIn">
<arg>${json_data['results'][0]['picture']['large']}</arg>
<arg>^https?://.*\.(?:png|jpe?g|gif|bmp)$</arg>
<doc>Fails if ``string`` does not match ``pattern`` as a regular expression.</doc>
<status status="PASS" start="2024-05-28T04:19:24.062987" elapsed="0.000456"/>
</kw>
<kw name="Should Match Regexp" owner="BuiltIn">
<arg>${json_data['results'][0]['picture']['medium']}</arg>
<arg>^https?://.*\.(?:png|jpe?g|gif|bmp)$</arg>
<doc>Fails if ``string`` does not match ``pattern`` as a regular expression.</doc>
<status status="PASS" start="2024-05-28T04:19:24.063633" elapsed="0.000349"/>
</kw>
<kw name="Should Match Regexp" owner="BuiltIn">
<arg>${json_data['results'][0]['picture']['thumbnail']}</arg>
<arg>^https?://.*\.(?:png|jpe?g|gif|bmp)$</arg>
<doc>Fails if ``string`` does not match ``pattern`` as a regular expression.</doc>
<status status="PASS" start="2024-05-28T04:19:24.064170" elapsed="0.000344"/>
</kw>
<kw name="Log" owner="BuiltIn">
<msg time="2024-05-28T04:19:24.065015" level="INFO">{'large': 'https://randomuser.me/api/portraits/women/13.jpg', 'medium': 'https://randomuser.me/api/portraits/med/women/13.jpg', 'thumbnail': 'https://randomuser.me/api/portraits/thumb/women/13.jpg'}</msg>
<arg>${json_data['results'][0]['picture']}</arg>
<doc>Logs the given message with the given level.</doc>
<status status="PASS" start="2024-05-28T04:19:24.064698" elapsed="0.000358"/>
</kw>
<status status="PASS" start="2024-05-28T04:19:23.979869" elapsed="0.085436"/>
</kw>
<kw name="Teste de Tipos de Dados - Postcode" owner="random-user-service">
<kw name="GET On Session" owner="RequestsLibrary">
<msg time="2024-05-28T04:19:24.159324" level="INFO">GET Request : url=https://randomuser.me/api 
 path_url=/api 
 headers={'User-Agent': 'python-requests/2.32.2', 'Accept-Encoding': 'gzip, deflate', 'Accept': '*/*', 'Connection': 'keep-alive'} 
 body=None 
 </msg>
<msg time="2024-05-28T04:19:24.159407" level="INFO">GET Response : url=https://randomuser.me/api 
 status=200, reason=OK 
 headers={'Date': 'Tue, 28 May 2024 04:19:24 GMT', 'Content-Type': 'application/json; charset=utf-8', 'Transfer-Encoding': 'chunked', 'Connection': 'keep-alive', 'X-Powered-By': 'Express', 'Access-Control-Allow-Origin': '*', 'Cache-Control': 'no-cache', 'ETag': 'W/"4a0-Jf3xzJb16eakjZWZsryIl1FT8LM"', 'Vary': 'Accept-Encoding', 'Content-Encoding': 'gzip', 'CF-Cache-Status': 'DYNAMIC', 'Report-To': '{"endpoints":[{"url":"https:\\/\\/a.nel.cloudflare.com\\/report\\/v4?s=t2AKlFhkNjVLSqsuurk8SD5b5JJX29EnVO3ZOafSkA6lFBFcVfYr2GoOLLrwbluMUf5XBJG8Hw6HRYq38qYXBTFuKclEbhrpuGcc5oEn7ItUku4zJ86MkuDLj6hRiBuY"}],"group":"cf-nel","max_age":604800}', 'NEL': '{"success_fraction":0,"report_to":"cf-nel","max_age":604800}', 'Server': 'cloudflare', 'CF-RAY': '88ab723b79b18266-IAD', 'alt-svc': 'h3=":443"; ma=86400'} 
 body={"results":[{"gender":"female","name":{"title":"Mrs","first":"Nellie","last":"Fernandez"},"location":{"street":{"number":4693,"name":"Hamilton Ave"},"city":"Arvada","state":"Delaware","country":"United States","postcode":73978,"coordinates":{"latitude":"89.4876","longitude":"126.3164"},"timezone":{"offset":"+8:00","description":"Beijing, Perth, Singapore, Hong Kong"}},"email":"nellie.fernandez@example.com","login":{"uuid":"b39d7502-bb3d-4425-aa1a-d5abde51cc0f","username":"redsnake388","password":"auburn","salt":"To2rkwyP","md5":"1a2bed43e5ebe0d85966ae0836268d13","sha1":"74567042cd1b7d70410c49769825500236c4fe21","sha256":"f38002082f0c98dbbba50a051cdc5c57db99c25ac7b1a4a207c9e68b409b7942"},"dob":{"date":"1983-05-07T07:29:21.029Z","age":41},"registered":{"date":"2017-02-03T13:14:26.568Z","age":7},"phone":"(930) 870-9297","cell":"(917) 652-5574","id":{"name":"SSN","value":"829-54-5798"},"picture":{"large":"https://randomuser.me/api/portraits/women/80.jpg","medium":"https://randomuser.me/api/portraits/med/women/80.jpg","thumbnail":"https://randomuser.me/api/portraits/thumb/women/80.jpg"},"nat":"US"}],"info":{"seed":"6ab322912f7c42d9","results":1,"page":1,"version":"1.4"}} 
 </msg>
<msg time="2024-05-28T04:19:24.159477" level="INFO">/opt/hostedtoolcache/Python/3.12.3/x64/lib/python3.12/site-packages/urllib3/connectionpool.py:1103: InsecureRequestWarning: Unverified HTTPS request is being made to host 'randomuser.me'. Adding certificate verification is strongly advised. See: https://urllib3.readthedocs.io/en/latest/advanced-usage.html#tls-warnings
  warnings.warn(</msg>
<msg time="2024-05-28T04:19:24.159588" level="INFO">${response} = &lt;Response [200]&gt;</msg>
<var>${response}</var>
<arg>consultarAPI</arg>
<arg>/api</arg>
<doc>Sends a GET request on a previously created HTTP Session.</doc>
<status status="PASS" start="2024-05-28T04:19:24.065757" elapsed="0.093871"/>
</kw>
<kw name="Set Variable" owner="BuiltIn">
<msg time="2024-05-28T04:19:24.160523" level="INFO">${json_data} = {'results': [{'gender': 'female', 'name': {'title': 'Mrs', 'first': 'Nellie', 'last': 'Fernandez'}, 'location': {'street': {'number': 4693, 'name': 'Hamilton Ave'}, 'city': 'Arvada', 'state': 'Delawar...</msg>
<var>${json_data}</var>
<arg>${response.json()}</arg>
<doc>Returns the given values which can then be assigned to a variables.</doc>
<status status="PASS" start="2024-05-28T04:19:24.160090" elapsed="0.000460"/>
</kw>
<kw name="Log" owner="BuiltIn">
<msg time="2024-05-28T04:19:24.161006" level="INFO">{'results': [{'gender': 'female', 'name': {'title': 'Mrs', 'first': 'Nellie', 'last': 'Fernandez'}, 'location': {'street': {'number': 4693, 'name': 'Hamilton Ave'}, 'city': 'Arvada', 'state': 'Delaware', 'country': 'United States', 'postcode': 73978, 'coordinates': {'latitude': '89.4876', 'longitude': '126.3164'}, 'timezone': {'offset': '+8:00', 'description': 'Beijing, Perth, Singapore, Hong Kong'}}, 'email': 'nellie.fernandez@example.com', 'login': {'uuid': 'b39d7502-bb3d-4425-aa1a-d5abde51cc0f', 'username': 'redsnake388', 'password': 'auburn', 'salt': 'To2rkwyP', 'md5': '1a2bed43e5ebe0d85966ae0836268d13', 'sha1': '74567042cd1b7d70410c49769825500236c4fe21', 'sha256': 'f38002082f0c98dbbba50a051cdc5c57db99c25ac7b1a4a207c9e68b409b7942'}, 'dob': {'date': '1983-05-07T07:29:21.029Z', 'age': 41}, 'registered': {'date': '2017-02-03T13:14:26.568Z', 'age': 7}, 'phone': '(930) 870-9297', 'cell': '(917) 652-5574', 'id': {'name': 'SSN', 'value': '829-54-5798'}, 'picture': {'large': 'https://randomuser.me/api/portraits/women/80.jpg', 'medium': 'https://randomuser.me/api/portraits/med/women/80.jpg', 'thumbnail': 'https://randomuser.me/api/portraits/thumb/women/80.jpg'}, 'nat': 'US'}], 'info': {'seed': '6ab322912f7c42d9', 'results': 1, 'page': 1, 'version': '1.4'}}</msg>
<arg>${json_data}</arg>
<doc>Logs the given message with the given level.</doc>
<status status="PASS" start="2024-05-28T04:19:24.160854" elapsed="0.000228"/>
</kw>
<kw name="Should Be Equal As Numbers" owner="BuiltIn">
<arg>${json_data['results'][0]['location']['postcode']}</arg>
<arg>${json_data['results'][0]['location']['postcode']}</arg>
<doc>Fails if objects are unequal after converting them to real numbers.</doc>
<status status="PASS" start="2024-05-28T04:19:24.161380" elapsed="0.000659"/>
</kw>
<kw name="Log" owner="BuiltIn">
<msg time="2024-05-28T04:19:24.162570" level="INFO">73978</msg>
<arg>${json_data['results'][0]['location']['postcode']}</arg>
<doc>Logs the given message with the given level.</doc>
<status status="PASS" start="2024-05-28T04:19:24.162237" elapsed="0.000374"/>
</kw>
<status status="PASS" start="2024-05-28T04:19:24.065514" elapsed="0.097347"/>
</kw>
<doc>Testa se os tipos de dados na resposta da API estão corretos.</doc>
<tag>testeTiposDados</tag>
<status status="PASS" start="2024-05-28T04:19:23.979396" elapsed="0.183620"/>
</test>
<test id="s1-s1-t5" name="Validar conteudo" line="35">
<kw name="Teste de Tipos de Conteudo" owner="random-user-service">
<kw name="GET On Session" owner="RequestsLibrary">
<msg time="2024-05-28T04:19:24.258198" level="INFO">GET Request : url=https://randomuser.me/api 
 path_url=/api 
 headers={'User-Agent': 'python-requests/2.32.2', 'Accept-Encoding': 'gzip, deflate', 'Accept': '*/*', 'Connection': 'keep-alive'} 
 body=None 
 </msg>
<msg time="2024-05-28T04:19:24.258261" level="INFO">GET Response : url=https://randomuser.me/api 
 status=200, reason=OK 
 headers={'Date': 'Tue, 28 May 2024 04:19:24 GMT', 'Content-Type': 'application/json; charset=utf-8', 'Transfer-Encoding': 'chunked', 'Connection': 'keep-alive', 'X-Powered-By': 'Express', 'Access-Control-Allow-Origin': '*', 'Cache-Control': 'no-cache', 'ETag': 'W/"483-W8DwSkeMuYeCAWngmqiPaR4edik"', 'Vary': 'Accept-Encoding', 'Content-Encoding': 'gzip', 'CF-Cache-Status': 'DYNAMIC', 'Report-To': '{"endpoints":[{"url":"https:\\/\\/a.nel.cloudflare.com\\/report\\/v4?s=%2FSz7gZp10CezAM6GmN5t7%2FAukGYUOukp%2BXbWKyjXIgjizH%2FDlEWtfLq5zUsoCiNSjjHq0EUbmZNg9GZA%2FsWyBMPiRbTYPnZyr4NlXsjhyU21lEnqlBMhKYg8FPJ%2BWFLx"}],"group":"cf-nel","max_age":604800}', 'NEL': '{"success_fraction":0,"report_to":"cf-nel","max_age":604800}', 'Server': 'cloudflare', 'CF-RAY': '88ab723c1a718266-IAD', 'alt-svc': 'h3=":443"; ma=86400'} 
 body={"results":[{"gender":"female","name":{"title":"Ms","first":"Zoya","last":"Gromiko"},"location":{"street":{"number":2530,"name":"Demohina"},"city":"Tarashcha","state":"Chernivecka","country":"Ukraine","postcode":84129,"coordinates":{"latitude":"77.9545","longitude":"138.4219"},"timezone":{"offset":"-8:00","description":"Pacific Time (US &amp; Canada)"}},"email":"zoya.gromiko@example.com","login":{"uuid":"53d244df-de98-4ff9-9377-8782a41d38f7","username":"heavyleopard509","password":"jabroni","salt":"5JG90M2l","md5":"25dc91db6551c74930521437fc981d49","sha1":"17a5fb06915ee2a83ddfcb8f1c9382f5ef1e9ef8","sha256":"1d10ccac17ff317bbbf56ce4ebec2e96bd21a226bbce38656bc5f303a0784499"},"dob":{"date":"1973-01-28T00:49:48.575Z","age":51},"registered":{"date":"2005-10-06T11:16:26.700Z","age":18},"phone":"(067) B81-5942","cell":"(067) W24-9422","id":{"name":"","value":null},"picture":{"large":"https://randomuser.me/api/portraits/women/64.jpg","medium":"https://randomuser.me/api/portraits/med/women/64.jpg","thumbnail":"https://randomuser.me/api/portraits/thumb/women/64.jpg"},"nat":"UA"}],"info":{"seed":"fa49f3c92ccf66d7","results":1,"page":1,"version":"1.4"}} 
 </msg>
<msg time="2024-05-28T04:19:24.258319" level="INFO">/opt/hostedtoolcache/Python/3.12.3/x64/lib/python3.12/site-packages/urllib3/connectionpool.py:1103: InsecureRequestWarning: Unverified HTTPS request is being made to host 'randomuser.me'. Adding certificate verification is strongly advised. See: https://urllib3.readthedocs.io/en/latest/advanced-usage.html#tls-warnings
  warnings.warn(</msg>
<msg time="2024-05-28T04:19:24.258401" level="INFO">${response} = &lt;Response [200]&gt;</msg>
<var>${response}</var>
<arg>consultarAPI</arg>
<arg>/api</arg>
<doc>Sends a GET request on a previously created HTTP Session.</doc>
<status status="PASS" start="2024-05-28T04:19:24.165410" elapsed="0.093016"/>
</kw>
<kw name="Set Variable" owner="BuiltIn">
<msg time="2024-05-28T04:19:24.259238" level="INFO">${json_data} = {'results': [{'gender': 'female', 'name': {'title': 'Ms', 'first': 'Zoya', 'last': 'Gromiko'}, 'location': {'street': {'number': 2530, 'name': 'Demohina'}, 'city': 'Tarashcha', 'state': 'Chernivecka',...</msg>
<var>${json_data}</var>
<arg>${response.json()}</arg>
<doc>Returns the given values which can then be assigned to a variables.</doc>
<status status="PASS" start="2024-05-28T04:19:24.258798" elapsed="0.000468"/>
</kw>
<kw name="Set Variable" owner="BuiltIn">
<msg time="2024-05-28T04:19:24.259948" level="INFO">${name_title} = Ms</msg>
<var>${name_title}</var>
<arg>${json_data["results"][0]["name"]["title"]}</arg>
<doc>Returns the given values which can then be assigned to a variables.</doc>
<status status="PASS" start="2024-05-28T04:19:24.259570" elapsed="0.000404"/>
</kw>
<kw name="Create List" owner="BuiltIn">
<msg time="2024-05-28T04:19:24.260410" level="INFO">${allowed_titles} = ['Mr', 'Ms', 'Miss', 'Mrs', 'Madame', 'Monsieur']</msg>
<var>${allowed_titles}</var>
<arg>Mr</arg>
<arg>Ms</arg>
<arg>Miss</arg>
<arg>Mrs</arg>
<arg>Madame</arg>
<arg>Monsieur</arg>
<doc>Returns a list containing given items.</doc>
<status status="PASS" start="2024-05-28T04:19:24.260265" elapsed="0.000169"/>
</kw>
<kw name="List Should Contain Value" owner="Collections">
<msg time="2024-05-28T04:19:24.260913" level="INFO">False</msg>
<arg>${allowed_titles}</arg>
<arg>${name_title}</arg>
<doc>Fails if the ``value`` is not found from ``list``.</doc>
<status status="PASS" start="2024-05-28T04:19:24.260734" elapsed="0.000216"/>
</kw>
<kw name="Set Variable" owner="BuiltIn">
<msg time="2024-05-28T04:19:24.261791" level="INFO">${name_country} = UA</msg>
<var>${name_country}</var>
<arg>${json_data["results"][0]["nat"]}</arg>
<doc>Returns the given values which can then be assigned to a variables.</doc>
<status status="PASS" start="2024-05-28T04:19:24.261243" elapsed="0.000574"/>
</kw>
<kw name="Create List" owner="BuiltIn">
<msg time="2024-05-28T04:19:24.262737" level="INFO">${list_country} = ['AD', 'AE', 'AF', 'AG', 'AI', 'AL', 'AM', 'AO', 'AQ', 'AR', 'AS', 'AT', 'AU', 'AW', 'AX', 'AZ', 'BA', 'BB', 'BD', 'BE', 'BF', 'BG', 'BH', 'BI', 'BJ', 'BL', 'BM', 'BN', 'BO', 'BQ', 'BR', 'BS', 'BT', '...</msg>
<var>${list_country}</var>
<arg>AD</arg>
<arg>AE</arg>
<arg>AF</arg>
<arg>AG</arg>
<arg>AI</arg>
<arg>AL</arg>
<arg>AM</arg>
<arg>AO</arg>
<arg>AQ</arg>
<arg>AR</arg>
<arg>AS</arg>
<arg>AT</arg>
<arg>AU</arg>
<arg>AW</arg>
<arg>AX</arg>
<arg>AZ</arg>
<arg>BA</arg>
<arg>BB</arg>
<arg>BD</arg>
<arg>BE</arg>
<arg>BF</arg>
<arg>BG</arg>
<arg>BH</arg>
<arg>BI</arg>
<arg>BJ</arg>
<arg>BL</arg>
<arg>BM</arg>
<arg>BN</arg>
<arg>BO</arg>
<arg>BQ</arg>
<arg>BR</arg>
<arg>BS</arg>
<arg>BT</arg>
<arg>BV</arg>
<arg>BW</arg>
<arg>BY</arg>
<arg>BZ</arg>
<arg>CA</arg>
<arg>CC</arg>
<arg>CD</arg>
<arg>CF</arg>
<arg>CG</arg>
<arg>CH</arg>
<arg>CI</arg>
<arg>CK</arg>
<arg>CL</arg>
<arg>CM</arg>
<arg>CN</arg>
<arg>CO</arg>
<arg>CR</arg>
<arg>CU</arg>
<arg>CV</arg>
<arg>CW</arg>
<arg>CX</arg>
<arg>CY</arg>
<arg>CZ</arg>
<arg>DE</arg>
<arg>DJ</arg>
<arg>DK</arg>
<arg>DM</arg>
<arg>DO</arg>
<arg>DZ</arg>
<arg>EC</arg>
<arg>EE</arg>
<arg>EG</arg>
<arg>EH</arg>
<arg>ER</arg>
<arg>ES</arg>
<arg>ET</arg>
<arg>FI</arg>
<arg>FJ</arg>
<arg>FK</arg>
<arg>FM</arg>
<arg>FO</arg>
<arg>FR</arg>
<arg>GA</arg>
<arg>GB</arg>
<arg>GD</arg>
<arg>GE</arg>
<arg>GF</arg>
<arg>GG</arg>
<arg>GH</arg>
<arg>GI</arg>
<arg>GL</arg>
<arg>GM</arg>
<arg>GN</arg>
<arg>GP</arg>
<arg>GQ</arg>
<arg>GR</arg>
<arg>GS</arg>
<arg>GT</arg>
<arg>GU</arg>
<arg>GW</arg>
<arg>GY</arg>
<arg>HK</arg>
<arg>HM</arg>
<arg>HN</arg>
<arg>HR</arg>
<arg>HT</arg>
<arg>HU</arg>
<arg>ID</arg>
<arg>IE</arg>
<arg>IL</arg>
<arg>IM</arg>
<arg>IN</arg>
<arg>IO</arg>
<arg>IQ</arg>
<arg>IR</arg>
<arg>IS</arg>
<arg>IT</arg>
<arg>JE</arg>
<arg>JM</arg>
<arg>JO</arg>
<arg>JP</arg>
<arg>KE</arg>
<arg>KG</arg>
<arg>KH</arg>
<arg>KI</arg>
<arg>KM</arg>
<arg>KN</arg>
<arg>KP</arg>
<arg>KR</arg>
<arg>KW</arg>
<arg>KY</arg>
<arg>KZ</arg>
<arg>LA</arg>
<arg>LB</arg>
<arg>LC</arg>
<arg>LI</arg>
<arg>LK</arg>
<arg>LR</arg>
<arg>LS</arg>
<arg>LT</arg>
<arg>LU</arg>
<arg>LV</arg>
<arg>LY</arg>
<arg>MA</arg>
<arg>MC</arg>
<arg>MD</arg>
<arg>ME</arg>
<arg>MF</arg>
<arg>MG</arg>
<arg>MH</arg>
<arg>MK</arg>
<arg>ML</arg>
<arg>MM</arg>
<arg>MN</arg>
<arg>MO</arg>
<arg>MP</arg>
<arg>MQ</arg>
<arg>MR</arg>
<arg>MS</arg>
<arg>MT</arg>
<arg>MU</arg>
<arg>MV</arg>
<arg>MW</arg>
<arg>MX</arg>
<arg>MY</arg>
<arg>MZ</arg>
<arg>NA</arg>
<arg>NC</arg>
<arg>NE</arg>
<arg>NF</arg>
<arg>NG</arg>
<arg>NI</arg>
<arg>NL</arg>
<arg>NO</arg>
<arg>NP</arg>
<arg>NR</arg>
<arg>NU</arg>
<arg>NZ</arg>
<arg>OM</arg>
<arg>PA</arg>
<arg>PE</arg>
<arg>PF</arg>
<arg>PG</arg>
<arg>PH</arg>
<arg>PK</arg>
<arg>PL</arg>
<arg>PM</arg>
<arg>PN</arg>
<arg>PR</arg>
<arg>PS</arg>
<arg>PT</arg>
<arg>PW</arg>
<arg>PY</arg>
<arg>QA</arg>
<arg>RE</arg>
<arg>RO</arg>
<arg>RS</arg>
<arg>RU</arg>
<arg>RW</arg>
<arg>SA</arg>
<arg>SB</arg>
<arg>SC</arg>
<arg>SD</arg>
<arg>SE</arg>
<arg>SG</arg>
<arg>SH</arg>
<arg>SI</arg>
<arg>SJ</arg>
<arg>SK</arg>
<arg>SL</arg>
<arg>SM</arg>
<arg>SN</arg>
<arg>SO</arg>
<arg>SR</arg>
<arg>SS</arg>
<arg>ST</arg>
<arg>SV</arg>
<arg>SX</arg>
<arg>SY</arg>
<arg>SZ</arg>
<arg>TC</arg>
<arg>TD</arg>
<arg>TF</arg>
<arg>TG</arg>
<arg>TH</arg>
<arg>TJ</arg>
<arg>TK</arg>
<arg>TL</arg>
<arg>TM</arg>
<arg>TN</arg>
<arg>TO</arg>
<arg>TR</arg>
<arg>TT</arg>
<arg>TV</arg>
<arg>TW</arg>
<arg>TZ</arg>
<arg>UA</arg>
<arg>UG</arg>
<arg>UM</arg>
<arg>US</arg>
<arg>UY</arg>
<arg>UZ</arg>
<arg>VA</arg>
<arg>VC</arg>
<arg>VE</arg>
<arg>VG</arg>
<arg>VI</arg>
<arg>VN</arg>
<arg>VU</arg>
<arg>WF</arg>
<arg>WS</arg>
<arg>XK</arg>
<arg>YE</arg>
<arg>YT</arg>
<arg>ZA</arg>
<arg>ZM</arg>
<arg>ZW</arg>
<doc>Returns a list containing given items.</doc>
<status status="PASS" start="2024-05-28T04:19:24.262125" elapsed="0.000640"/>
</kw>
<kw name="List Should Contain Value" owner="Collections">
<msg time="2024-05-28T04:19:24.263753" level="INFO">False</msg>
<arg>${list_country}</arg>
<arg>${name_country}</arg>
<doc>Fails if the ``value`` is not found from ``list``.</doc>
<status status="PASS" start="2024-05-28T04:19:24.263550" elapsed="0.000239"/>
</kw>
<kw name="Run Keyword If" owner="BuiltIn">
<kw name="Should Be True" owner="BuiltIn">
<arg>${True}</arg>
<doc>Fails if the given condition is not true.</doc>
<status status="PASS" start="2024-05-28T04:19:24.264836" elapsed="0.000144"/>
</kw>
<arg>${json_data["results"][0]["location"]["coordinates"]["latitude"]} &gt;= -90 and ${json_data["results"][0]["location"]["coordinates"]["latitude"]} &lt;= 90</arg>
<arg>Should Be True</arg>
<arg>${True}</arg>
<doc>Runs the given keyword with the given arguments, if ``condition`` is true.</doc>
<status status="PASS" start="2024-05-28T04:19:24.264098" elapsed="0.001009"/>
</kw>
<kw name="Run Keyword If" owner="BuiltIn">
<kw name="Should Be True" owner="BuiltIn">
<arg>${True}</arg>
<doc>Fails if the given condition is not true.</doc>
<status status="PASS" start="2024-05-28T04:19:24.266018" elapsed="0.000138"/>
</kw>
<arg>${json_data["results"][0]["location"]["coordinates"]["longitude"]} &gt;= -180 and ${json_data["results"][0]["location"]["coordinates"]["longitude"]} &lt;= 180</arg>
<arg>Should Be True</arg>
<arg>${True}</arg>
<doc>Runs the given keyword with the given arguments, if ``condition`` is true.</doc>
<status status="PASS" start="2024-05-28T04:19:24.265290" elapsed="0.000989"/>
</kw>
<status status="PASS" start="2024-05-28T04:19:24.165188" elapsed="0.101219"/>
</kw>
<doc>Testa o conteúdo específico dos campos retornados pela API.</doc>
<tag>testeConteudo</tag>
<status status="PASS" start="2024-05-28T04:19:24.164726" elapsed="0.101823"/>
</test>
<status status="PASS" start="2024-05-28T04:19:23.332735" elapsed="0.935668"/>
</suite>
<status status="PASS" start="2024-05-28T04:19:23.319313" elapsed="0.954163"/>
</suite>
<statistics>
<total>
<stat pass="5" fail="0" skip="0">All Tests</stat>
</total>
<tag>
<stat pass="1" fail="0" skip="0">testeConteudo</stat>
<stat pass="1" fail="0" skip="0">testeEstruturaResposta</stat>
<stat pass="1" fail="0" skip="0">testeRequisicaoBasica</stat>
<stat pass="1" fail="0" skip="0">testeTiposDados</stat>
</tag>
<suite>
<stat pass="5" fail="0" skip="0" id="s1" name="Tests">Tests</stat>
<stat pass="5" fail="0" skip="0" id="s1-s1" name="Random-User-Test">Tests.Random-User-Test</stat>
</suite>
</statistics>
<errors>
</errors>
</robot>
