<?xml version="1.0" encoding="UTF-8"?>
<robot generator="Robot 7.0.1 (Python 3.12.4 on linux)" generated="2024-06-23T11:11:21.063890" rpa="false" schemaversion="5">
<suite id="s1" name="Tests" source="/home/runner/work/ApiRandomUser/ApiRandomUser/RamdonUser/tests">
<suite id="s1-s1" name="Random-User-Test" source="/home/runner/work/ApiRandomUser/ApiRandomUser/RamdonUser/tests/random-user-test.robot">
<test id="s1-s1-t1" name="Conectar" line="13">
<kw name="Conectar API" owner="random-user-service">
<kw name="Create Session" owner="RequestsLibrary">
<msg time="2024-06-23T11:11:21.460066" level="INFO">Creating Session using : alias=consultarAPI, url=https://randomuser.me/, headers={},                     cookies={}, auth=None, timeout=None, proxies=None, verify=False,                     debug=0 </msg>
<arg>consultarAPI</arg>
<arg>${URL}</arg>
<doc>Create Session: create a HTTP session to a server</doc>
<status status="PASS" start="2024-06-23T11:11:21.459856" elapsed="0.000382"/>
</kw>
<status status="PASS" start="2024-06-23T11:11:21.458851" elapsed="0.001747"/>
</kw>
<status status="PASS" start="2024-06-23T11:11:21.458226" elapsed="0.002566"/>
</test>
<test id="s1-s1-t2" name="Validar retorno 200 e JSON Válido" line="16">
<kw name="Teste de Requisicao Basica" owner="random-user-service">
<kw name="GET On Session" owner="RequestsLibrary">
<msg time="2024-06-23T11:11:21.956199" level="INFO">GET Request : url=https://randomuser.me/api 
 path_url=/api 
 headers={'User-Agent': 'python-requests/2.32.3', 'Accept-Encoding': 'gzip, deflate', 'Accept': '*/*', 'Connection': 'keep-alive'} 
 body=None 
 </msg>
<msg time="2024-06-23T11:11:21.956357" level="INFO">GET Response : url=https://randomuser.me/api 
 status=200, reason=OK 
 headers={'Date': 'Sun, 23 Jun 2024 11:11:21 GMT', 'Content-Type': 'application/json; charset=utf-8', 'Transfer-Encoding': 'chunked', 'Connection': 'keep-alive', 'X-Powered-By': 'Express', 'Access-Control-Allow-Origin': '*', 'Cache-Control': 'no-cache', 'ETag': 'W/"494-5qj0aBUNPIbjH7RU5Z023rmz7Io"', 'Vary': 'Accept-Encoding', 'Content-Encoding': 'gzip', 'CF-Cache-Status': 'DYNAMIC', 'Report-To': '{"endpoints":[{"url":"https:\\/\\/a.nel.cloudflare.com\\/report\\/v4?s=f7gvXC3I76XF5SNRsEYn4yxSwwOYTU6m19GD4ut9mkyqfDTOio7Ozhe8yZ5QJdgVEpmpMga35dmqekcgb5L%2F7lPFSefPqfQAOC3fscZ54LyNf1%2BK8Ql85aV%2BGg%2BbwP2B"}],"group":"cf-nel","max_age":604800}', 'NEL': '{"success_fraction":0,"report_to":"cf-nel","max_age":604800}', 'Server': 'cloudflare', 'CF-RAY': '8984097058da0ff3-LAX', 'alt-svc': 'h3=":443"; ma=86400'} 
 body={"results":[{"gender":"female","name":{"title":"Ms","first":"Elizabeth","last":"Lee"},"location":{"street":{"number":1757,"name":"Main Street West"},"city":"Wellington","state":"West Coast","country":"New Zealand","postcode":19019,"coordinates":{"latitude":"48.3414","longitude":"74.6646"},"timezone":{"offset":"+1:00","description":"Brussels, Copenhagen, Madrid, Paris"}},"email":"elizabeth.lee@example.com","login":{"uuid":"36c728ef-1362-4fa0-a556-2749511aee35","username":"greendog501","password":"enrico","salt":"pAk0Pcxw","md5":"1b70172c5d3eca9f609c0b8c1420d6b8","sha1":"95add2ac165084aa665bd2ced9a86f17f001371b","sha256":"52c76390189ea130463c4fc58f3ca16d1a2ce6ae39dfd70bbfbbee3afb1e01c9"},"dob":{"date":"1959-07-18T15:57:30.092Z","age":64},"registered":{"date":"2014-01-10T04:57:05.826Z","age":10},"phone":"(016)-982-3197","cell":"(295)-622-4434","id":{"name":"","value":null},"picture":{"large":"https://randomuser.me/api/portraits/women/35.jpg","medium":"https://randomuser.me/api/portraits/med/women/35.jpg","thumbnail":"https://randomuser.me/api/portraits/thumb/women/35.jpg"},"nat":"NZ"}],"info":{"seed":"e7ff7a9c0889f0c8","results":1,"page":1,"version":"1.4"}} 
 </msg>
<msg time="2024-06-23T11:11:21.956445" level="INFO">/opt/hostedtoolcache/Python/3.12.4/x64/lib/python3.12/site-packages/urllib3/connectionpool.py:1099: InsecureRequestWarning: Unverified HTTPS request is being made to host 'randomuser.me'. Adding certificate verification is strongly advised. See: https://urllib3.readthedocs.io/en/latest/advanced-usage.html#tls-warnings
  warnings.warn(</msg>
<msg time="2024-06-23T11:11:21.956586" level="INFO">${response} = &lt;Response [200]&gt;</msg>
<var>${response}</var>
<arg>consultarAPI</arg>
<arg>/api</arg>
<doc>Sends a GET request on a previously created HTTP Session.</doc>
<status status="PASS" start="2024-06-23T11:11:21.463430" elapsed="0.493198"/>
</kw>
<kw name="Should Be Equal As Numbers" owner="BuiltIn">
<msg time="2024-06-23T11:11:21.957635" level="INFO">Argument types are:
&lt;class 'int'&gt;
&lt;class 'str'&gt;</msg>
<arg>${response.status_code}</arg>
<arg>200</arg>
<doc>Fails if objects are unequal after converting them to real numbers.</doc>
<status status="PASS" start="2024-06-23T11:11:21.957165" elapsed="0.000533"/>
</kw>
<kw name="Log" owner="BuiltIn">
<msg time="2024-06-23T11:11:21.958345" level="INFO">200</msg>
<arg>${response.status_code}</arg>
<doc>Logs the given message with the given level.</doc>
<status status="PASS" start="2024-06-23T11:11:21.958003" elapsed="0.000383"/>
</kw>
<kw name="Set Variable" owner="BuiltIn">
<msg time="2024-06-23T11:11:21.959158" level="INFO">${json_data} = {'results': [{'gender': 'female', 'name': {'title': 'Ms', 'first': 'Elizabeth', 'last': 'Lee'}, 'location': {'street': {'number': 1757, 'name': 'Main Street West'}, 'city': 'Wellington', 'state': 'Wes...</msg>
<var>${json_data}</var>
<arg>${response.json()}</arg>
<doc>Returns the given values which can then be assigned to a variables.</doc>
<status status="PASS" start="2024-06-23T11:11:21.958690" elapsed="0.000496"/>
</kw>
<kw name="Dictionary Should Contain Key" owner="Collections">
<arg>${json_data}</arg>
<arg>results</arg>
<doc>Fails if ``key`` is not found from ``dictionary``.</doc>
<status status="PASS" start="2024-06-23T11:11:21.959479" elapsed="0.000164"/>
</kw>
<status status="PASS" start="2024-06-23T11:11:21.463183" elapsed="0.496608"/>
</kw>
<doc>Testa se a API responde corretamente e retorna um objeto JSON válido.</doc>
<tag>testeRequisicaoBasica</tag>
<status status="PASS" start="2024-06-23T11:11:21.462673" elapsed="0.497289"/>
</test>
<test id="s1-s1-t3" name="Validar estrutura de resposta" line="22">
<kw name="Teste de Estrutura de Resposta" owner="random-user-service">
<kw name="GET On Session" owner="RequestsLibrary">
<msg time="2024-06-23T11:11:22.056950" level="INFO">GET Request : url=https://randomuser.me/api 
 path_url=/api 
 headers={'User-Agent': 'python-requests/2.32.3', 'Accept-Encoding': 'gzip, deflate', 'Accept': '*/*', 'Connection': 'keep-alive'} 
 body=None 
 </msg>
<msg time="2024-06-23T11:11:22.057041" level="INFO">GET Response : url=https://randomuser.me/api 
 status=200, reason=OK 
 headers={'Date': 'Sun, 23 Jun 2024 11:11:22 GMT', 'Content-Type': 'application/json; charset=utf-8', 'Transfer-Encoding': 'chunked', 'Connection': 'keep-alive', 'X-Powered-By': 'Express', 'Access-Control-Allow-Origin': '*', 'Cache-Control': 'no-cache', 'ETag': 'W/"4af-Olr0INhQccwo8ycbLfY9a9HXBqs"', 'Vary': 'Accept-Encoding', 'Content-Encoding': 'gzip', 'CF-Cache-Status': 'DYNAMIC', 'Report-To': '{"endpoints":[{"url":"https:\\/\\/a.nel.cloudflare.com\\/report\\/v4?s=1OuD6GZscpMihSlADszBKzpwF1wwttERxLiMOFdNRO%2BN4gKZiu2jFDMRMnNERHVHWXuKi%2BaJF67PgCHQZ5oRlK023wL0GFogvYGCAY4qzfWhBgPMp9dCm7UP%2B6vgjzYK"}],"group":"cf-nel","max_age":604800}', 'NEL': '{"success_fraction":0,"report_to":"cf-nel","max_age":604800}', 'Server': 'cloudflare', 'CF-RAY': '898409724a890ff3-LAX', 'alt-svc': 'h3=":443"; ma=86400'} 
 body={"results":[{"gender":"female","name":{"title":"Miss","first":"Kimberly","last":"Carlson"},"location":{"street":{"number":8175,"name":"Windsor Road"},"city":"Inverness","state":"Wiltshire","country":"United Kingdom","postcode":"RW87 4UF","coordinates":{"latitude":"-12.6445","longitude":"139.1240"},"timezone":{"offset":"-4:00","description":"Atlantic Time (Canada), Caracas, La Paz"}},"email":"kimberly.carlson@example.com","login":{"uuid":"9124df6f-47eb-4e1d-b6e8-4ae55d6fe69e","username":"orangefish664","password":"tuna","salt":"E3T7fYSz","md5":"f32acf06c9ad14dac48a6eef4e01f516","sha1":"90481bac70865ee59d55a506ed9051c1b5af0a7f","sha256":"f852e77b228fe0bc6e623224d3eb7ca94431f0e16e0940c8e29e0e86f0223341"},"dob":{"date":"1994-04-28T20:44:22.467Z","age":30},"registered":{"date":"2009-08-05T23:09:03.833Z","age":14},"phone":"015242 82417","cell":"07747 341769","id":{"name":"NINO","value":"JK 90 80 84 W"},"picture":{"large":"https://randomuser.me/api/portraits/women/32.jpg","medium":"https://randomuser.me/api/portraits/med/women/32.jpg","thumbnail":"https://randomuser.me/api/portraits/thumb/women/32.jpg"},"nat":"GB"}],"info":{"seed":"c822464a107d6c33","results":1,"page":1,"version":"1.4"}} 
 </msg>
<msg time="2024-06-23T11:11:22.057165" level="INFO">/opt/hostedtoolcache/Python/3.12.4/x64/lib/python3.12/site-packages/urllib3/connectionpool.py:1099: InsecureRequestWarning: Unverified HTTPS request is being made to host 'randomuser.me'. Adding certificate verification is strongly advised. See: https://urllib3.readthedocs.io/en/latest/advanced-usage.html#tls-warnings
  warnings.warn(</msg>
<msg time="2024-06-23T11:11:22.057270" level="INFO">${response} = &lt;Response [200]&gt;</msg>
<var>${response}</var>
<arg>consultarAPI</arg>
<arg>/api</arg>
<doc>Sends a GET request on a previously created HTTP Session.</doc>
<status status="PASS" start="2024-06-23T11:11:21.962506" elapsed="0.094795"/>
</kw>
<kw name="Set Variable" owner="BuiltIn">
<msg time="2024-06-23T11:11:22.058221" level="INFO">${json_data} = {'results': [{'gender': 'female', 'name': {'title': 'Miss', 'first': 'Kimberly', 'last': 'Carlson'}, 'location': {'street': {'number': 8175, 'name': 'Windsor Road'}, 'city': 'Inverness', 'state': 'Wil...</msg>
<var>${json_data}</var>
<arg>${response.json()}</arg>
<doc>Returns the given values which can then be assigned to a variables.</doc>
<status status="PASS" start="2024-06-23T11:11:22.057731" elapsed="0.000521"/>
</kw>
<kw name="Log" owner="BuiltIn">
<msg time="2024-06-23T11:11:22.058726" level="INFO">{'results': [{'gender': 'female', 'name': {'title': 'Miss', 'first': 'Kimberly', 'last': 'Carlson'}, 'location': {'street': {'number': 8175, 'name': 'Windsor Road'}, 'city': 'Inverness', 'state': 'Wiltshire', 'country': 'United Kingdom', 'postcode': 'RW87 4UF', 'coordinates': {'latitude': '-12.6445', 'longitude': '139.1240'}, 'timezone': {'offset': '-4:00', 'description': 'Atlantic Time (Canada), Caracas, La Paz'}}, 'email': 'kimberly.carlson@example.com', 'login': {'uuid': '9124df6f-47eb-4e1d-b6e8-4ae55d6fe69e', 'username': 'orangefish664', 'password': 'tuna', 'salt': 'E3T7fYSz', 'md5': 'f32acf06c9ad14dac48a6eef4e01f516', 'sha1': '90481bac70865ee59d55a506ed9051c1b5af0a7f', 'sha256': 'f852e77b228fe0bc6e623224d3eb7ca94431f0e16e0940c8e29e0e86f0223341'}, 'dob': {'date': '1994-04-28T20:44:22.467Z', 'age': 30}, 'registered': {'date': '2009-08-05T23:09:03.833Z', 'age': 14}, 'phone': '015242 82417', 'cell': '07747 341769', 'id': {'name': 'NINO', 'value': 'JK 90 80 84 W'}, 'picture': {'large': 'https://randomuser.me/api/portraits/women/32.jpg', 'medium': 'https://randomuser.me/api/portraits/med/women/32.jpg', 'thumbnail': 'https://randomuser.me/api/portraits/thumb/women/32.jpg'}, 'nat': 'GB'}], 'info': {'seed': 'c822464a107d6c33', 'results': 1, 'page': 1, 'version': '1.4'}}</msg>
<arg>${json_data}</arg>
<doc>Logs the given message with the given level.</doc>
<status status="PASS" start="2024-06-23T11:11:22.058564" elapsed="0.000216"/>
</kw>
<kw name="Dictionary Should Contain Key" owner="Collections">
<arg>${json_data}</arg>
<arg>results</arg>
<doc>Fails if ``key`` is not found from ``dictionary``.</doc>
<status status="PASS" start="2024-06-23T11:11:22.059115" elapsed="0.000164"/>
</kw>
<kw name="Should Not Be Empty" owner="BuiltIn">
<msg time="2024-06-23T11:11:22.059596" level="INFO">Length is 2.</msg>
<arg>${json_data}</arg>
<doc>Verifies that the given item is not empty.</doc>
<status status="PASS" start="2024-06-23T11:11:22.059468" elapsed="0.000171"/>
</kw>
<kw name="Create List" owner="BuiltIn">
<msg time="2024-06-23T11:11:22.060083" level="INFO">${expected_keys} = ['gender', 'name', 'location', 'email', 'login']</msg>
<var>${expected_keys}</var>
<arg>gender</arg>
<arg>name</arg>
<arg>location</arg>
<arg>email</arg>
<arg>login</arg>
<doc>Returns a list containing given items.</doc>
<status status="PASS" start="2024-06-23T11:11:22.059935" elapsed="0.000172"/>
</kw>
<for flavor="IN">
<iter>
<kw name="Dictionary Should Contain Key" owner="Collections">
<arg>${json_data['results'][0]}</arg>
<arg>${key}</arg>
<doc>Fails if ``key`` is not found from ``dictionary``.</doc>
<status status="PASS" start="2024-06-23T11:11:22.060838" elapsed="0.000408"/>
</kw>
<kw name="Log" owner="BuiltIn">
<msg time="2024-06-23T11:11:22.061795" level="INFO">{'gender': 'female', 'name': {'title': 'Miss', 'first': 'Kimberly', 'last': 'Carlson'}, 'location': {'street': {'number': 8175, 'name': 'Windsor Road'}, 'city': 'Inverness', 'state': 'Wiltshire', 'country': 'United Kingdom', 'postcode': 'RW87 4UF', 'coordinates': {'latitude': '-12.6445', 'longitude': '139.1240'}, 'timezone': {'offset': '-4:00', 'description': 'Atlantic Time (Canada), Caracas, La Paz'}}, 'email': 'kimberly.carlson@example.com', 'login': {'uuid': '9124df6f-47eb-4e1d-b6e8-4ae55d6fe69e', 'username': 'orangefish664', 'password': 'tuna', 'salt': 'E3T7fYSz', 'md5': 'f32acf06c9ad14dac48a6eef4e01f516', 'sha1': '90481bac70865ee59d55a506ed9051c1b5af0a7f', 'sha256': 'f852e77b228fe0bc6e623224d3eb7ca94431f0e16e0940c8e29e0e86f0223341'}, 'dob': {'date': '1994-04-28T20:44:22.467Z', 'age': 30}, 'registered': {'date': '2009-08-05T23:09:03.833Z', 'age': 14}, 'phone': '015242 82417', 'cell': '07747 341769', 'id': {'name': 'NINO', 'value': 'JK 90 80 84 W'}, 'picture': {'large': 'https://randomuser.me/api/portraits/women/32.jpg', 'medium': 'https://randomuser.me/api/portraits/med/women/32.jpg', 'thumbnail': 'https://randomuser.me/api/portraits/thumb/women/32.jpg'}, 'nat': 'GB'}</msg>
<arg>${json_data['results'][0]}</arg>
<doc>Logs the given message with the given level.</doc>
<status status="PASS" start="2024-06-23T11:11:22.061430" elapsed="0.000413"/>
</kw>
<kw name="Log" owner="BuiltIn">
<msg time="2024-06-23T11:11:22.062277" level="INFO">gender</msg>
<arg>${key}</arg>
<doc>Logs the given message with the given level.</doc>
<status status="PASS" start="2024-06-23T11:11:22.062148" elapsed="0.000167"/>
</kw>
<var name="${key}">gender</var>
<status status="PASS" start="2024-06-23T11:11:22.060707" elapsed="0.001823"/>
</iter>
<iter>
<kw name="Dictionary Should Contain Key" owner="Collections">
<arg>${json_data['results'][0]}</arg>
<arg>${key}</arg>
<doc>Fails if ``key`` is not found from ``dictionary``.</doc>
<status status="PASS" start="2024-06-23T11:11:22.062824" elapsed="0.000415"/>
</kw>
<kw name="Log" owner="BuiltIn">
<msg time="2024-06-23T11:11:22.063825" level="INFO">{'gender': 'female', 'name': {'title': 'Miss', 'first': 'Kimberly', 'last': 'Carlson'}, 'location': {'street': {'number': 8175, 'name': 'Windsor Road'}, 'city': 'Inverness', 'state': 'Wiltshire', 'country': 'United Kingdom', 'postcode': 'RW87 4UF', 'coordinates': {'latitude': '-12.6445', 'longitude': '139.1240'}, 'timezone': {'offset': '-4:00', 'description': 'Atlantic Time (Canada), Caracas, La Paz'}}, 'email': 'kimberly.carlson@example.com', 'login': {'uuid': '9124df6f-47eb-4e1d-b6e8-4ae55d6fe69e', 'username': 'orangefish664', 'password': 'tuna', 'salt': 'E3T7fYSz', 'md5': 'f32acf06c9ad14dac48a6eef4e01f516', 'sha1': '90481bac70865ee59d55a506ed9051c1b5af0a7f', 'sha256': 'f852e77b228fe0bc6e623224d3eb7ca94431f0e16e0940c8e29e0e86f0223341'}, 'dob': {'date': '1994-04-28T20:44:22.467Z', 'age': 30}, 'registered': {'date': '2009-08-05T23:09:03.833Z', 'age': 14}, 'phone': '015242 82417', 'cell': '07747 341769', 'id': {'name': 'NINO', 'value': 'JK 90 80 84 W'}, 'picture': {'large': 'https://randomuser.me/api/portraits/women/32.jpg', 'medium': 'https://randomuser.me/api/portraits/med/women/32.jpg', 'thumbnail': 'https://randomuser.me/api/portraits/thumb/women/32.jpg'}, 'nat': 'GB'}</msg>
<arg>${json_data['results'][0]}</arg>
<doc>Logs the given message with the given level.</doc>
<status status="PASS" start="2024-06-23T11:11:22.063454" elapsed="0.000421"/>
</kw>
<kw name="Log" owner="BuiltIn">
<msg time="2024-06-23T11:11:22.064299" level="INFO">name</msg>
<arg>${key}</arg>
<doc>Logs the given message with the given level.</doc>
<status status="PASS" start="2024-06-23T11:11:22.064171" elapsed="0.000166"/>
</kw>
<var name="${key}">name</var>
<status status="PASS" start="2024-06-23T11:11:22.062711" elapsed="0.001841"/>
</iter>
<iter>
<kw name="Dictionary Should Contain Key" owner="Collections">
<arg>${json_data['results'][0]}</arg>
<arg>${key}</arg>
<doc>Fails if ``key`` is not found from ``dictionary``.</doc>
<status status="PASS" start="2024-06-23T11:11:22.064834" elapsed="0.000389"/>
</kw>
<kw name="Log" owner="BuiltIn">
<msg time="2024-06-23T11:11:22.065761" level="INFO">{'gender': 'female', 'name': {'title': 'Miss', 'first': 'Kimberly', 'last': 'Carlson'}, 'location': {'street': {'number': 8175, 'name': 'Windsor Road'}, 'city': 'Inverness', 'state': 'Wiltshire', 'country': 'United Kingdom', 'postcode': 'RW87 4UF', 'coordinates': {'latitude': '-12.6445', 'longitude': '139.1240'}, 'timezone': {'offset': '-4:00', 'description': 'Atlantic Time (Canada), Caracas, La Paz'}}, 'email': 'kimberly.carlson@example.com', 'login': {'uuid': '9124df6f-47eb-4e1d-b6e8-4ae55d6fe69e', 'username': 'orangefish664', 'password': 'tuna', 'salt': 'E3T7fYSz', 'md5': 'f32acf06c9ad14dac48a6eef4e01f516', 'sha1': '90481bac70865ee59d55a506ed9051c1b5af0a7f', 'sha256': 'f852e77b228fe0bc6e623224d3eb7ca94431f0e16e0940c8e29e0e86f0223341'}, 'dob': {'date': '1994-04-28T20:44:22.467Z', 'age': 30}, 'registered': {'date': '2009-08-05T23:09:03.833Z', 'age': 14}, 'phone': '015242 82417', 'cell': '07747 341769', 'id': {'name': 'NINO', 'value': 'JK 90 80 84 W'}, 'picture': {'large': 'https://randomuser.me/api/portraits/women/32.jpg', 'medium': 'https://randomuser.me/api/portraits/med/women/32.jpg', 'thumbnail': 'https://randomuser.me/api/portraits/thumb/women/32.jpg'}, 'nat': 'GB'}</msg>
<arg>${json_data['results'][0]}</arg>
<doc>Logs the given message with the given level.</doc>
<status status="PASS" start="2024-06-23T11:11:22.065403" elapsed="0.000416"/>
</kw>
<kw name="Log" owner="BuiltIn">
<msg time="2024-06-23T11:11:22.066236" level="INFO">location</msg>
<arg>${key}</arg>
<doc>Logs the given message with the given level.</doc>
<status status="PASS" start="2024-06-23T11:11:22.066109" elapsed="0.000165"/>
</kw>
<var name="${key}">location</var>
<status status="PASS" start="2024-06-23T11:11:22.064726" elapsed="0.001762"/>
</iter>
<iter>
<kw name="Dictionary Should Contain Key" owner="Collections">
<arg>${json_data['results'][0]}</arg>
<arg>${key}</arg>
<doc>Fails if ``key`` is not found from ``dictionary``.</doc>
<status status="PASS" start="2024-06-23T11:11:22.066763" elapsed="0.000430"/>
</kw>
<kw name="Log" owner="BuiltIn">
<msg time="2024-06-23T11:11:22.067736" level="INFO">{'gender': 'female', 'name': {'title': 'Miss', 'first': 'Kimberly', 'last': 'Carlson'}, 'location': {'street': {'number': 8175, 'name': 'Windsor Road'}, 'city': 'Inverness', 'state': 'Wiltshire', 'country': 'United Kingdom', 'postcode': 'RW87 4UF', 'coordinates': {'latitude': '-12.6445', 'longitude': '139.1240'}, 'timezone': {'offset': '-4:00', 'description': 'Atlantic Time (Canada), Caracas, La Paz'}}, 'email': 'kimberly.carlson@example.com', 'login': {'uuid': '9124df6f-47eb-4e1d-b6e8-4ae55d6fe69e', 'username': 'orangefish664', 'password': 'tuna', 'salt': 'E3T7fYSz', 'md5': 'f32acf06c9ad14dac48a6eef4e01f516', 'sha1': '90481bac70865ee59d55a506ed9051c1b5af0a7f', 'sha256': 'f852e77b228fe0bc6e623224d3eb7ca94431f0e16e0940c8e29e0e86f0223341'}, 'dob': {'date': '1994-04-28T20:44:22.467Z', 'age': 30}, 'registered': {'date': '2009-08-05T23:09:03.833Z', 'age': 14}, 'phone': '015242 82417', 'cell': '07747 341769', 'id': {'name': 'NINO', 'value': 'JK 90 80 84 W'}, 'picture': {'large': 'https://randomuser.me/api/portraits/women/32.jpg', 'medium': 'https://randomuser.me/api/portraits/med/women/32.jpg', 'thumbnail': 'https://randomuser.me/api/portraits/thumb/women/32.jpg'}, 'nat': 'GB'}</msg>
<arg>${json_data['results'][0]}</arg>
<doc>Logs the given message with the given level.</doc>
<status status="PASS" start="2024-06-23T11:11:22.067379" elapsed="0.000408"/>
</kw>
<kw name="Log" owner="BuiltIn">
<msg time="2024-06-23T11:11:22.068203" level="INFO">email</msg>
<arg>${key}</arg>
<doc>Logs the given message with the given level.</doc>
<status status="PASS" start="2024-06-23T11:11:22.068078" elapsed="0.000163"/>
</kw>
<var name="${key}">email</var>
<status status="PASS" start="2024-06-23T11:11:22.066656" elapsed="0.001796"/>
</iter>
<iter>
<kw name="Dictionary Should Contain Key" owner="Collections">
<arg>${json_data['results'][0]}</arg>
<arg>${key}</arg>
<doc>Fails if ``key`` is not found from ``dictionary``.</doc>
<status status="PASS" start="2024-06-23T11:11:22.068724" elapsed="0.000384"/>
</kw>
<kw name="Log" owner="BuiltIn">
<msg time="2024-06-23T11:11:22.069634" level="INFO">{'gender': 'female', 'name': {'title': 'Miss', 'first': 'Kimberly', 'last': 'Carlson'}, 'location': {'street': {'number': 8175, 'name': 'Windsor Road'}, 'city': 'Inverness', 'state': 'Wiltshire', 'country': 'United Kingdom', 'postcode': 'RW87 4UF', 'coordinates': {'latitude': '-12.6445', 'longitude': '139.1240'}, 'timezone': {'offset': '-4:00', 'description': 'Atlantic Time (Canada), Caracas, La Paz'}}, 'email': 'kimberly.carlson@example.com', 'login': {'uuid': '9124df6f-47eb-4e1d-b6e8-4ae55d6fe69e', 'username': 'orangefish664', 'password': 'tuna', 'salt': 'E3T7fYSz', 'md5': 'f32acf06c9ad14dac48a6eef4e01f516', 'sha1': '90481bac70865ee59d55a506ed9051c1b5af0a7f', 'sha256': 'f852e77b228fe0bc6e623224d3eb7ca94431f0e16e0940c8e29e0e86f0223341'}, 'dob': {'date': '1994-04-28T20:44:22.467Z', 'age': 30}, 'registered': {'date': '2009-08-05T23:09:03.833Z', 'age': 14}, 'phone': '015242 82417', 'cell': '07747 341769', 'id': {'name': 'NINO', 'value': 'JK 90 80 84 W'}, 'picture': {'large': 'https://randomuser.me/api/portraits/women/32.jpg', 'medium': 'https://randomuser.me/api/portraits/med/women/32.jpg', 'thumbnail': 'https://randomuser.me/api/portraits/thumb/women/32.jpg'}, 'nat': 'GB'}</msg>
<arg>${json_data['results'][0]}</arg>
<doc>Logs the given message with the given level.</doc>
<status status="PASS" start="2024-06-23T11:11:22.069286" elapsed="0.000398"/>
</kw>
<kw name="Log" owner="BuiltIn">
<msg time="2024-06-23T11:11:22.070104" level="INFO">login</msg>
<arg>${key}</arg>
<doc>Logs the given message with the given level.</doc>
<status status="PASS" start="2024-06-23T11:11:22.069976" elapsed="0.000165"/>
</kw>
<var name="${key}">login</var>
<status status="PASS" start="2024-06-23T11:11:22.068618" elapsed="0.001733"/>
</iter>
<var>${key}</var>
<value>@{expected_keys}</value>
<status status="PASS" start="2024-06-23T11:11:22.060513" elapsed="0.009982"/>
</for>
<kw name="Create List" owner="BuiltIn">
<msg time="2024-06-23T11:11:22.070827" level="INFO">${expected_keysTwo} = ['username', 'password']</msg>
<var>${expected_keysTwo}</var>
<arg>username</arg>
<arg>password</arg>
<doc>Returns a list containing given items.</doc>
<status status="PASS" start="2024-06-23T11:11:22.070691" elapsed="0.000160"/>
</kw>
<for flavor="IN">
<iter>
<kw name="Dictionary Should Contain Key" owner="Collections">
<arg>${json_data['results'][0]['login']}</arg>
<arg>${keyTwo}</arg>
<doc>Fails if ``key`` is not found from ``dictionary``.</doc>
<status status="PASS" start="2024-06-23T11:11:22.071385" elapsed="0.000393"/>
</kw>
<kw name="Dictionary Should Contain Key" owner="Collections">
<arg>${json_data['results'][0]['login']}</arg>
<arg>${keyTwo}</arg>
<doc>Fails if ``key`` is not found from ``dictionary``.</doc>
<status status="PASS" start="2024-06-23T11:11:22.071955" elapsed="0.000379"/>
</kw>
<kw name="Log" owner="BuiltIn">
<msg time="2024-06-23T11:11:22.072625" level="INFO">username</msg>
<arg>${keyTwo}</arg>
<doc>Logs the given message with the given level.</doc>
<status status="PASS" start="2024-06-23T11:11:22.072508" elapsed="0.000155"/>
</kw>
<var name="${keyTwo}">username</var>
<status status="PASS" start="2024-06-23T11:11:22.071277" elapsed="0.001599"/>
</iter>
<iter>
<kw name="Dictionary Should Contain Key" owner="Collections">
<arg>${json_data['results'][0]['login']}</arg>
<arg>${keyTwo}</arg>
<doc>Fails if ``key`` is not found from ``dictionary``.</doc>
<status status="PASS" start="2024-06-23T11:11:22.073154" elapsed="0.000380"/>
</kw>
<kw name="Dictionary Should Contain Key" owner="Collections">
<arg>${json_data['results'][0]['login']}</arg>
<arg>${keyTwo}</arg>
<doc>Fails if ``key`` is not found from ``dictionary``.</doc>
<status status="PASS" start="2024-06-23T11:11:22.073718" elapsed="0.000378"/>
</kw>
<kw name="Log" owner="BuiltIn">
<msg time="2024-06-23T11:11:22.074388" level="INFO">password</msg>
<arg>${keyTwo}</arg>
<doc>Logs the given message with the given level.</doc>
<status status="PASS" start="2024-06-23T11:11:22.074270" elapsed="0.000154"/>
</kw>
<var name="${keyTwo}">password</var>
<status status="PASS" start="2024-06-23T11:11:22.073041" elapsed="0.001597"/>
</iter>
<var>${keyTwo}</var>
<value>@{expected_keysTwo}</value>
<status status="PASS" start="2024-06-23T11:11:22.071114" elapsed="0.003641"/>
</for>
<status status="PASS" start="2024-06-23T11:11:21.962279" elapsed="0.112612"/>
</kw>
<doc>Testa a estrutura da resposta da API.</doc>
<tag>testeEstruturaResposta</tag>
<status status="PASS" start="2024-06-23T11:11:21.961772" elapsed="0.113305"/>
</test>
<test id="s1-s1-t4" name="Validar tipos de dados" line="28">
<kw name="Teste de Tipos de Dados" owner="random-user-service">
<kw name="GET On Session" owner="RequestsLibrary">
<msg time="2024-06-23T11:11:22.215451" level="INFO">GET Request : url=https://randomuser.me/api 
 path_url=/api 
 headers={'User-Agent': 'python-requests/2.32.3', 'Accept-Encoding': 'gzip, deflate', 'Accept': '*/*', 'Connection': 'keep-alive'} 
 body=None 
 </msg>
<msg time="2024-06-23T11:11:22.215522" level="INFO">GET Response : url=https://randomuser.me/api 
 status=200, reason=OK 
 headers={'Date': 'Sun, 23 Jun 2024 11:11:22 GMT', 'Content-Type': 'application/json; charset=utf-8', 'Transfer-Encoding': 'chunked', 'Connection': 'keep-alive', 'X-Powered-By': 'Express', 'Access-Control-Allow-Origin': '*', 'Cache-Control': 'no-cache', 'ETag': 'W/"488-qaSj0bMqPoT1jOpZcVjTn4tgIJ0"', 'Vary': 'Accept-Encoding', 'Content-Encoding': 'gzip', 'CF-Cache-Status': 'DYNAMIC', 'Report-To': '{"endpoints":[{"url":"https:\\/\\/a.nel.cloudflare.com\\/report\\/v4?s=agp8H1IJd2r3XCwhEgX5xB01Vy7K7J0K02cB20UMejfvWTj1Od3LSkn6i4p5YEyxWJYwCeNzW9ZcGMSPS%2BpBbM2lqfooeqh1ocAfofyLMHbnjaB2iE67QrfKNidnxouK"}],"group":"cf-nel","max_age":604800}', 'NEL': '{"success_fraction":0,"report_to":"cf-nel","max_age":604800}', 'Server': 'cloudflare', 'CF-RAY': '898409730b000ff3-LAX', 'alt-svc': 'h3=":443"; ma=86400'} 
 body={"results":[{"gender":"female","name":{"title":"Ms","first":"Amna","last":"Evenrud"},"location":{"street":{"number":4873,"name":"Linaaes gate"},"city":"Misje","state":"Rogaland","country":"Norway","postcode":"2015","coordinates":{"latitude":"41.2542","longitude":"10.6489"},"timezone":{"offset":"+10:00","description":"Eastern Australia, Guam, Vladivostok"}},"email":"amna.evenrud@example.com","login":{"uuid":"12af788a-cad9-49a5-af57-a204b9553003","username":"heavymouse262","password":"dutchess","salt":"PYLKNvQ7","md5":"690ebd030c299f783341b89dc414785e","sha1":"424c7589cca3d5b4270bd78a715a73427cf0593e","sha256":"367e74d017af2fcf69ea6f91bfba9232144865de60f58282276cac5b9ca979ab"},"dob":{"date":"1945-05-13T09:32:50.164Z","age":79},"registered":{"date":"2008-05-21T22:23:47.809Z","age":16},"phone":"63320029","cell":"93142206","id":{"name":"FN","value":"13054511064"},"picture":{"large":"https://randomuser.me/api/portraits/women/68.jpg","medium":"https://randomuser.me/api/portraits/med/women/68.jpg","thumbnail":"https://randomuser.me/api/portraits/thumb/women/68.jpg"},"nat":"NO"}],"info":{"seed":"0bcef9463e08d34e","results":1,"page":1,"version":"1.4"}} 
 </msg>
<msg time="2024-06-23T11:11:22.215583" level="INFO">/opt/hostedtoolcache/Python/3.12.4/x64/lib/python3.12/site-packages/urllib3/connectionpool.py:1099: InsecureRequestWarning: Unverified HTTPS request is being made to host 'randomuser.me'. Adding certificate verification is strongly advised. See: https://urllib3.readthedocs.io/en/latest/advanced-usage.html#tls-warnings
  warnings.warn(</msg>
<msg time="2024-06-23T11:11:22.215685" level="INFO">${response} = &lt;Response [200]&gt;</msg>
<var>${response}</var>
<arg>consultarAPI</arg>
<arg>/api</arg>
<doc>Sends a GET request on a previously created HTTP Session.</doc>
<status status="PASS" start="2024-06-23T11:11:22.077621" elapsed="0.138105"/>
</kw>
<kw name="Set Variable" owner="BuiltIn">
<msg time="2024-06-23T11:11:22.216775" level="INFO">${json_data} = {'results': [{'gender': 'female', 'name': {'title': 'Ms', 'first': 'Amna', 'last': 'Evenrud'}, 'location': {'street': {'number': 4873, 'name': 'Linaaes gate'}, 'city': 'Misje', 'state': 'Rogaland', 'c...</msg>
<var>${json_data}</var>
<arg>${response.json()}</arg>
<doc>Returns the given values which can then be assigned to a variables.</doc>
<status status="PASS" start="2024-06-23T11:11:22.216213" elapsed="0.000591"/>
</kw>
<kw name="Log" owner="BuiltIn">
<msg time="2024-06-23T11:11:22.217260" level="INFO">{'results': [{'gender': 'female', 'name': {'title': 'Ms', 'first': 'Amna', 'last': 'Evenrud'}, 'location': {'street': {'number': 4873, 'name': 'Linaaes gate'}, 'city': 'Misje', 'state': 'Rogaland', 'country': 'Norway', 'postcode': '2015', 'coordinates': {'latitude': '41.2542', 'longitude': '10.6489'}, 'timezone': {'offset': '+10:00', 'description': 'Eastern Australia, Guam, Vladivostok'}}, 'email': 'amna.evenrud@example.com', 'login': {'uuid': '12af788a-cad9-49a5-af57-a204b9553003', 'username': 'heavymouse262', 'password': 'dutchess', 'salt': 'PYLKNvQ7', 'md5': '690ebd030c299f783341b89dc414785e', 'sha1': '424c7589cca3d5b4270bd78a715a73427cf0593e', 'sha256': '367e74d017af2fcf69ea6f91bfba9232144865de60f58282276cac5b9ca979ab'}, 'dob': {'date': '1945-05-13T09:32:50.164Z', 'age': 79}, 'registered': {'date': '2008-05-21T22:23:47.809Z', 'age': 16}, 'phone': '63320029', 'cell': '93142206', 'id': {'name': 'FN', 'value': '13054511064'}, 'picture': {'large': 'https://randomuser.me/api/portraits/women/68.jpg', 'medium': 'https://randomuser.me/api/portraits/med/women/68.jpg', 'thumbnail': 'https://randomuser.me/api/portraits/thumb/women/68.jpg'}, 'nat': 'NO'}], 'info': {'seed': '0bcef9463e08d34e', 'results': 1, 'page': 1, 'version': '1.4'}}</msg>
<arg>${json_data}</arg>
<doc>Logs the given message with the given level.</doc>
<status status="PASS" start="2024-06-23T11:11:22.217109" elapsed="0.000201"/>
</kw>
<kw name="Should Be String" owner="String">
<arg>${json_data['results'][0]['gender']}</arg>
<doc>Fails if the given ``item`` is not a string.</doc>
<status status="PASS" start="2024-06-23T11:11:22.217597" elapsed="0.000398"/>
</kw>
<kw name="Should Match Regexp" owner="BuiltIn">
<arg>${json_data['results'][0]['email']}</arg>
<arg>^[a-zA-Z0-9._%+-]+@[a-zA-Z0-9.-]+\.[a-zA-Z]{2,}$</arg>
<doc>Fails if ``string`` does not match ``pattern`` as a regular expression.</doc>
<status status="PASS" start="2024-06-23T11:11:22.218182" elapsed="0.000520"/>
</kw>
<kw name="Should Match Regexp" owner="BuiltIn">
<arg>${json_data['results'][0]['dob']['date']}</arg>
<arg>\\d{4}-\\d{2}-\\d{2}T\\d{2}:\\d{2}:\\d{2}\\.\\d{3}Z</arg>
<doc>Fails if ``string`` does not match ``pattern`` as a regular expression.</doc>
<status status="PASS" start="2024-06-23T11:11:22.218892" elapsed="0.000571"/>
</kw>
<kw name="Should Match Regexp" owner="BuiltIn">
<arg>${json_data['results'][0]['registered']['date']}</arg>
<arg>\\d{4}-\\d{2}-\\d{2}T\\d{2}:\\d{2}:\\d{2}\\.\\d{3}Z</arg>
<doc>Fails if ``string`` does not match ``pattern`` as a regular expression.</doc>
<status status="PASS" start="2024-06-23T11:11:22.219653" elapsed="0.000387"/>
</kw>
<kw name="Should Match Regexp" owner="BuiltIn">
<arg>${json_data['results'][0]['picture']['large']}</arg>
<arg>^https?://.*\.(?:png|jpe?g|gif|bmp)$</arg>
<doc>Fails if ``string`` does not match ``pattern`` as a regular expression.</doc>
<status status="PASS" start="2024-06-23T11:11:22.220265" elapsed="0.000462"/>
</kw>
<kw name="Should Match Regexp" owner="BuiltIn">
<arg>${json_data['results'][0]['picture']['medium']}</arg>
<arg>^https?://.*\.(?:png|jpe?g|gif|bmp)$</arg>
<doc>Fails if ``string`` does not match ``pattern`` as a regular expression.</doc>
<status status="PASS" start="2024-06-23T11:11:22.220912" elapsed="0.000359"/>
</kw>
<kw name="Should Match Regexp" owner="BuiltIn">
<arg>${json_data['results'][0]['picture']['thumbnail']}</arg>
<arg>^https?://.*\.(?:png|jpe?g|gif|bmp)$</arg>
<doc>Fails if ``string`` does not match ``pattern`` as a regular expression.</doc>
<status status="PASS" start="2024-06-23T11:11:22.221450" elapsed="0.000344"/>
</kw>
<kw name="Log" owner="BuiltIn">
<msg time="2024-06-23T11:11:22.222286" level="INFO">{'large': 'https://randomuser.me/api/portraits/women/68.jpg', 'medium': 'https://randomuser.me/api/portraits/med/women/68.jpg', 'thumbnail': 'https://randomuser.me/api/portraits/thumb/women/68.jpg'}</msg>
<arg>${json_data['results'][0]['picture']}</arg>
<doc>Logs the given message with the given level.</doc>
<status status="PASS" start="2024-06-23T11:11:22.221968" elapsed="0.000361"/>
</kw>
<status status="PASS" start="2024-06-23T11:11:22.077395" elapsed="0.145188"/>
</kw>
<kw name="Teste de Tipos de Dados - Postcode" owner="random-user-service">
<kw name="GET On Session" owner="RequestsLibrary">
<msg time="2024-06-23T11:11:22.333673" level="INFO">GET Request : url=https://randomuser.me/api 
 path_url=/api 
 headers={'User-Agent': 'python-requests/2.32.3', 'Accept-Encoding': 'gzip, deflate', 'Accept': '*/*', 'Connection': 'keep-alive'} 
 body=None 
 </msg>
<msg time="2024-06-23T11:11:22.333740" level="INFO">GET Response : url=https://randomuser.me/api 
 status=200, reason=OK 
 headers={'Date': 'Sun, 23 Jun 2024 11:11:22 GMT', 'Content-Type': 'application/json; charset=utf-8', 'Transfer-Encoding': 'chunked', 'Connection': 'keep-alive', 'X-Powered-By': 'Express', 'Access-Control-Allow-Origin': '*', 'Cache-Control': 'no-cache', 'ETag': 'W/"473-pxywshu+7kJctm9/M4GuBW8KLDE"', 'Vary': 'Accept-Encoding', 'Content-Encoding': 'gzip', 'CF-Cache-Status': 'DYNAMIC', 'Report-To': '{"endpoints":[{"url":"https:\\/\\/a.nel.cloudflare.com\\/report\\/v4?s=%2FULYh2tEjObmD5nai2Ibqv%2F2B86GejlmzJDiETARi00OUb4idwe%2FciSQCnZktvt%2FeOwKDl8UGmtDRI8inZPqyukAV7DPVFO53j1qv0Z445QFwmR1CLjTFUqHKxJq645r"}],"group":"cf-nel","max_age":604800}', 'NEL': '{"success_fraction":0,"report_to":"cf-nel","max_age":604800}', 'Server': 'cloudflare', 'CF-RAY': '89840973ebf70ff3-LAX', 'alt-svc': 'h3=":443"; ma=86400'} 
 body={"results":[{"gender":"male","name":{"title":"Mr","first":"Brian","last":"Bishop"},"location":{"street":{"number":1593,"name":"Miller Ave"},"city":"Ballarat","state":"Western Australia","country":"Australia","postcode":6065,"coordinates":{"latitude":"-86.7949","longitude":"-39.8318"},"timezone":{"offset":"+3:30","description":"Tehran"}},"email":"brian.bishop@example.com","login":{"uuid":"119281e1-5214-46bc-8592-c98f2fddf748","username":"organicdog801","password":"eleven","salt":"wjfpBQUG","md5":"1d5f3719e346b3b5222b02c6700cf79c","sha1":"07fd70ae12212816c007ca43f42dfa1ac7a20541","sha256":"ab60e9b5fe9ac5a43d88fa2d0c53851e4461eff7c87ba38b9f7420ece1dec38b"},"dob":{"date":"1979-02-08T22:02:28.150Z","age":45},"registered":{"date":"2013-05-13T12:48:15.159Z","age":11},"phone":"01-9889-4259","cell":"0406-912-480","id":{"name":"TFN","value":"827447558"},"picture":{"large":"https://randomuser.me/api/portraits/men/94.jpg","medium":"https://randomuser.me/api/portraits/med/men/94.jpg","thumbnail":"https://randomuser.me/api/portraits/thumb/men/94.jpg"},"nat":"AU"}],"info":{"seed":"e4bdbce905bd72f6","results":1,"page":1,"version":"1.4"}} 
 </msg>
<msg time="2024-06-23T11:11:22.333798" level="INFO">/opt/hostedtoolcache/Python/3.12.4/x64/lib/python3.12/site-packages/urllib3/connectionpool.py:1099: InsecureRequestWarning: Unverified HTTPS request is being made to host 'randomuser.me'. Adding certificate verification is strongly advised. See: https://urllib3.readthedocs.io/en/latest/advanced-usage.html#tls-warnings
  warnings.warn(</msg>
<msg time="2024-06-23T11:11:22.333893" level="INFO">${response} = &lt;Response [200]&gt;</msg>
<var>${response}</var>
<arg>consultarAPI</arg>
<arg>/api</arg>
<doc>Sends a GET request on a previously created HTTP Session.</doc>
<status status="PASS" start="2024-06-23T11:11:22.223037" elapsed="0.110897"/>
</kw>
<kw name="Set Variable" owner="BuiltIn">
<msg time="2024-06-23T11:11:22.334981" level="INFO">${json_data} = {'results': [{'gender': 'male', 'name': {'title': 'Mr', 'first': 'Brian', 'last': 'Bishop'}, 'location': {'street': {'number': 1593, 'name': 'Miller Ave'}, 'city': 'Ballarat', 'state': 'Western Austra...</msg>
<var>${json_data}</var>
<arg>${response.json()}</arg>
<doc>Returns the given values which can then be assigned to a variables.</doc>
<status status="PASS" start="2024-06-23T11:11:22.334395" elapsed="0.000630"/>
</kw>
<kw name="Log" owner="BuiltIn">
<msg time="2024-06-23T11:11:22.335481" level="INFO">{'results': [{'gender': 'male', 'name': {'title': 'Mr', 'first': 'Brian', 'last': 'Bishop'}, 'location': {'street': {'number': 1593, 'name': 'Miller Ave'}, 'city': 'Ballarat', 'state': 'Western Australia', 'country': 'Australia', 'postcode': 6065, 'coordinates': {'latitude': '-86.7949', 'longitude': '-39.8318'}, 'timezone': {'offset': '+3:30', 'description': 'Tehran'}}, 'email': 'brian.bishop@example.com', 'login': {'uuid': '119281e1-5214-46bc-8592-c98f2fddf748', 'username': 'organicdog801', 'password': 'eleven', 'salt': 'wjfpBQUG', 'md5': '1d5f3719e346b3b5222b02c6700cf79c', 'sha1': '07fd70ae12212816c007ca43f42dfa1ac7a20541', 'sha256': 'ab60e9b5fe9ac5a43d88fa2d0c53851e4461eff7c87ba38b9f7420ece1dec38b'}, 'dob': {'date': '1979-02-08T22:02:28.150Z', 'age': 45}, 'registered': {'date': '2013-05-13T12:48:15.159Z', 'age': 11}, 'phone': '01-9889-4259', 'cell': '0406-912-480', 'id': {'name': 'TFN', 'value': '827447558'}, 'picture': {'large': 'https://randomuser.me/api/portraits/men/94.jpg', 'medium': 'https://randomuser.me/api/portraits/med/men/94.jpg', 'thumbnail': 'https://randomuser.me/api/portraits/thumb/men/94.jpg'}, 'nat': 'AU'}], 'info': {'seed': 'e4bdbce905bd72f6', 'results': 1, 'page': 1, 'version': '1.4'}}</msg>
<arg>${json_data}</arg>
<doc>Logs the given message with the given level.</doc>
<status status="PASS" start="2024-06-23T11:11:22.335328" elapsed="0.000199"/>
</kw>
<kw name="Should Be Equal As Numbers" owner="BuiltIn">
<arg>${json_data['results'][0]['location']['postcode']}</arg>
<arg>${json_data['results'][0]['location']['postcode']}</arg>
<doc>Fails if objects are unequal after converting them to real numbers.</doc>
<status status="PASS" start="2024-06-23T11:11:22.335818" elapsed="0.000630"/>
</kw>
<kw name="Log" owner="BuiltIn">
<msg time="2024-06-23T11:11:22.337009" level="INFO">6065</msg>
<arg>${json_data['results'][0]['location']['postcode']}</arg>
<doc>Logs the given message with the given level.</doc>
<status status="PASS" start="2024-06-23T11:11:22.336666" elapsed="0.000384"/>
</kw>
<status status="PASS" start="2024-06-23T11:11:22.222797" elapsed="0.114506"/>
</kw>
<doc>Testa se os tipos de dados na resposta da API estão corretos.</doc>
<tag>testeTiposDados</tag>
<status status="PASS" start="2024-06-23T11:11:22.076832" elapsed="0.260634"/>
</test>
<test id="s1-s1-t5" name="Validar conteudo" line="35">
<kw name="Teste de Tipos de Conteudo" owner="random-user-service">
<kw name="GET On Session" owner="RequestsLibrary">
<msg time="2024-06-23T11:11:22.462669" level="INFO">GET Request : url=https://randomuser.me/api 
 path_url=/api 
 headers={'User-Agent': 'python-requests/2.32.3', 'Accept-Encoding': 'gzip, deflate', 'Accept': '*/*', 'Connection': 'keep-alive'} 
 body=None 
 </msg>
<msg time="2024-06-23T11:11:22.462777" level="INFO">GET Response : url=https://randomuser.me/api 
 status=200, reason=OK 
 headers={'Date': 'Sun, 23 Jun 2024 11:11:22 GMT', 'Content-Type': 'application/json; charset=utf-8', 'Transfer-Encoding': 'chunked', 'Connection': 'keep-alive', 'X-Powered-By': 'Express', 'Access-Control-Allow-Origin': '*', 'Cache-Control': 'no-cache', 'ETag': 'W/"478-C2IYQhhliCENam8/Qxmd+AadjP4"', 'Vary': 'Accept-Encoding', 'Content-Encoding': 'gzip', 'CF-Cache-Status': 'DYNAMIC', 'Report-To': '{"endpoints":[{"url":"https:\\/\\/a.nel.cloudflare.com\\/report\\/v4?s=xvfJasJ8ICcDz4O%2Fc7oqb6%2B%2B%2FUq8o1vyFQQHsVE0HXUREvGF7FEuObF5gmqf0bOzb4sBXRVLzpsRNqVQ8GTEHq4q0vMXsJNVxRzloCxjlVP4kfnNTdhMAbMkjtoIyjQt"}],"group":"cf-nel","max_age":604800}', 'NEL': '{"success_fraction":0,"report_to":"cf-nel","max_age":604800}', 'Server': 'cloudflare', 'CF-RAY': '89840974ac770ff3-LAX', 'alt-svc': 'h3=":443"; ma=86400'} 
 body={"results":[{"gender":"female","name":{"title":"Miss","first":"Elif","last":"Avan"},"location":{"street":{"number":3305,"name":"Bağdat Cd"},"city":"Mardin","state":"Zonguldak","country":"Turkey","postcode":84419,"coordinates":{"latitude":"69.0690","longitude":"9.0687"},"timezone":{"offset":"+7:00","description":"Bangkok, Hanoi, Jakarta"}},"email":"elif.avan@example.com","login":{"uuid":"522c5d9d-d80a-465b-89f8-93343cd7df24","username":"orangemeercat301","password":"yogibear","salt":"HbNAwRFM","md5":"cfd99ae0aac9eee66d72dbee736b82e0","sha1":"99e9d3ca66842c0d01ae42de8c8229b25cb5cbd1","sha256":"e3609cad3533232419815537aa50c8d00490de28d071913ae934761aabfd830f"},"dob":{"date":"1955-06-03T02:44:11.354Z","age":69},"registered":{"date":"2008-02-09T02:50:59.181Z","age":16},"phone":"(784)-891-2892","cell":"(155)-857-6999","id":{"name":"","value":null},"picture":{"large":"https://randomuser.me/api/portraits/women/21.jpg","medium":"https://randomuser.me/api/portraits/med/women/21.jpg","thumbnail":"https://randomuser.me/api/portraits/thumb/women/21.jpg"},"nat":"TR"}],"info":{"seed":"00d38efdc77f65e9","results":1,"page":1,"version":"1.4"}} 
 </msg>
<msg time="2024-06-23T11:11:22.462881" level="INFO">/opt/hostedtoolcache/Python/3.12.4/x64/lib/python3.12/site-packages/urllib3/connectionpool.py:1099: InsecureRequestWarning: Unverified HTTPS request is being made to host 'randomuser.me'. Adding certificate verification is strongly advised. See: https://urllib3.readthedocs.io/en/latest/advanced-usage.html#tls-warnings
  warnings.warn(</msg>
<msg time="2024-06-23T11:11:22.463022" level="INFO">${response} = &lt;Response [200]&gt;</msg>
<var>${response}</var>
<arg>consultarAPI</arg>
<arg>/api</arg>
<doc>Sends a GET request on a previously created HTTP Session.</doc>
<status status="PASS" start="2024-06-23T11:11:22.340491" elapsed="0.122573"/>
</kw>
<kw name="Set Variable" owner="BuiltIn">
<msg time="2024-06-23T11:11:22.464092" level="INFO">${json_data} = {'results': [{'gender': 'female', 'name': {'title': 'Miss', 'first': 'Elif', 'last': 'Avan'}, 'location': {'street': {'number': 3305, 'name': 'Bağdat Cd'}, 'city': 'Mardin', 'state': 'Zonguldak', 'cou...</msg>
<var>${json_data}</var>
<arg>${response.json()}</arg>
<doc>Returns the given values which can then be assigned to a variables.</doc>
<status status="PASS" start="2024-06-23T11:11:22.463574" elapsed="0.000548"/>
</kw>
<kw name="Set Variable" owner="BuiltIn">
<msg time="2024-06-23T11:11:22.464810" level="INFO">${name_title} = Miss</msg>
<var>${name_title}</var>
<arg>${json_data["results"][0]["name"]["title"]}</arg>
<doc>Returns the given values which can then be assigned to a variables.</doc>
<status status="PASS" start="2024-06-23T11:11:22.464426" elapsed="0.000409"/>
</kw>
<kw name="Create List" owner="BuiltIn">
<msg time="2024-06-23T11:11:22.465282" level="INFO">${allowed_titles} = ['Mr', 'Ms', 'Miss', 'Mrs', 'Madame', 'Monsieur']</msg>
<var>${allowed_titles}</var>
<arg>Mr</arg>
<arg>Ms</arg>
<arg>Miss</arg>
<arg>Mrs</arg>
<arg>Madame</arg>
<arg>Monsieur</arg>
<doc>Returns a list containing given items.</doc>
<status status="PASS" start="2024-06-23T11:11:22.465130" elapsed="0.000175"/>
</kw>
<kw name="List Should Contain Value" owner="Collections">
<arg>${allowed_titles}</arg>
<arg>${name_title}</arg>
<doc>Fails if the ``value`` is not found from ``list``.</doc>
<status status="PASS" start="2024-06-23T11:11:22.465606" elapsed="0.000185"/>
</kw>
<kw name="Set Variable" owner="BuiltIn">
<msg time="2024-06-23T11:11:22.466337" level="INFO">${name_country} = TR</msg>
<var>${name_country}</var>
<arg>${json_data["results"][0]["nat"]}</arg>
<doc>Returns the given values which can then be assigned to a variables.</doc>
<status status="PASS" start="2024-06-23T11:11:22.465969" elapsed="0.000393"/>
</kw>
<kw name="Create List" owner="BuiltIn">
<msg time="2024-06-23T11:11:22.467273" level="INFO">${list_country} = ['AD', 'AE', 'AF', 'AG', 'AI', 'AL', 'AM', 'AO', 'AQ', 'AR', 'AS', 'AT', 'AU', 'AW', 'AX', 'AZ', 'BA', 'BB', 'BD', 'BE', 'BF', 'BG', 'BH', 'BI', 'BJ', 'BL', 'BM', 'BN', 'BO', 'BQ', 'BR', 'BS', 'BT', '...</msg>
<var>${list_country}</var>
<arg>AD</arg>
<arg>AE</arg>
<arg>AF</arg>
<arg>AG</arg>
<arg>AI</arg>
<arg>AL</arg>
<arg>AM</arg>
<arg>AO</arg>
<arg>AQ</arg>
<arg>AR</arg>
<arg>AS</arg>
<arg>AT</arg>
<arg>AU</arg>
<arg>AW</arg>
<arg>AX</arg>
<arg>AZ</arg>
<arg>BA</arg>
<arg>BB</arg>
<arg>BD</arg>
<arg>BE</arg>
<arg>BF</arg>
<arg>BG</arg>
<arg>BH</arg>
<arg>BI</arg>
<arg>BJ</arg>
<arg>BL</arg>
<arg>BM</arg>
<arg>BN</arg>
<arg>BO</arg>
<arg>BQ</arg>
<arg>BR</arg>
<arg>BS</arg>
<arg>BT</arg>
<arg>BV</arg>
<arg>BW</arg>
<arg>BY</arg>
<arg>BZ</arg>
<arg>CA</arg>
<arg>CC</arg>
<arg>CD</arg>
<arg>CF</arg>
<arg>CG</arg>
<arg>CH</arg>
<arg>CI</arg>
<arg>CK</arg>
<arg>CL</arg>
<arg>CM</arg>
<arg>CN</arg>
<arg>CO</arg>
<arg>CR</arg>
<arg>CU</arg>
<arg>CV</arg>
<arg>CW</arg>
<arg>CX</arg>
<arg>CY</arg>
<arg>CZ</arg>
<arg>DE</arg>
<arg>DJ</arg>
<arg>DK</arg>
<arg>DM</arg>
<arg>DO</arg>
<arg>DZ</arg>
<arg>EC</arg>
<arg>EE</arg>
<arg>EG</arg>
<arg>EH</arg>
<arg>ER</arg>
<arg>ES</arg>
<arg>ET</arg>
<arg>FI</arg>
<arg>FJ</arg>
<arg>FK</arg>
<arg>FM</arg>
<arg>FO</arg>
<arg>FR</arg>
<arg>GA</arg>
<arg>GB</arg>
<arg>GD</arg>
<arg>GE</arg>
<arg>GF</arg>
<arg>GG</arg>
<arg>GH</arg>
<arg>GI</arg>
<arg>GL</arg>
<arg>GM</arg>
<arg>GN</arg>
<arg>GP</arg>
<arg>GQ</arg>
<arg>GR</arg>
<arg>GS</arg>
<arg>GT</arg>
<arg>GU</arg>
<arg>GW</arg>
<arg>GY</arg>
<arg>HK</arg>
<arg>HM</arg>
<arg>HN</arg>
<arg>HR</arg>
<arg>HT</arg>
<arg>HU</arg>
<arg>ID</arg>
<arg>IE</arg>
<arg>IL</arg>
<arg>IM</arg>
<arg>IN</arg>
<arg>IO</arg>
<arg>IQ</arg>
<arg>IR</arg>
<arg>IS</arg>
<arg>IT</arg>
<arg>JE</arg>
<arg>JM</arg>
<arg>JO</arg>
<arg>JP</arg>
<arg>KE</arg>
<arg>KG</arg>
<arg>KH</arg>
<arg>KI</arg>
<arg>KM</arg>
<arg>KN</arg>
<arg>KP</arg>
<arg>KR</arg>
<arg>KW</arg>
<arg>KY</arg>
<arg>KZ</arg>
<arg>LA</arg>
<arg>LB</arg>
<arg>LC</arg>
<arg>LI</arg>
<arg>LK</arg>
<arg>LR</arg>
<arg>LS</arg>
<arg>LT</arg>
<arg>LU</arg>
<arg>LV</arg>
<arg>LY</arg>
<arg>MA</arg>
<arg>MC</arg>
<arg>MD</arg>
<arg>ME</arg>
<arg>MF</arg>
<arg>MG</arg>
<arg>MH</arg>
<arg>MK</arg>
<arg>ML</arg>
<arg>MM</arg>
<arg>MN</arg>
<arg>MO</arg>
<arg>MP</arg>
<arg>MQ</arg>
<arg>MR</arg>
<arg>MS</arg>
<arg>MT</arg>
<arg>MU</arg>
<arg>MV</arg>
<arg>MW</arg>
<arg>MX</arg>
<arg>MY</arg>
<arg>MZ</arg>
<arg>NA</arg>
<arg>NC</arg>
<arg>NE</arg>
<arg>NF</arg>
<arg>NG</arg>
<arg>NI</arg>
<arg>NL</arg>
<arg>NO</arg>
<arg>NP</arg>
<arg>NR</arg>
<arg>NU</arg>
<arg>NZ</arg>
<arg>OM</arg>
<arg>PA</arg>
<arg>PE</arg>
<arg>PF</arg>
<arg>PG</arg>
<arg>PH</arg>
<arg>PK</arg>
<arg>PL</arg>
<arg>PM</arg>
<arg>PN</arg>
<arg>PR</arg>
<arg>PS</arg>
<arg>PT</arg>
<arg>PW</arg>
<arg>PY</arg>
<arg>QA</arg>
<arg>RE</arg>
<arg>RO</arg>
<arg>RS</arg>
<arg>RU</arg>
<arg>RW</arg>
<arg>SA</arg>
<arg>SB</arg>
<arg>SC</arg>
<arg>SD</arg>
<arg>SE</arg>
<arg>SG</arg>
<arg>SH</arg>
<arg>SI</arg>
<arg>SJ</arg>
<arg>SK</arg>
<arg>SL</arg>
<arg>SM</arg>
<arg>SN</arg>
<arg>SO</arg>
<arg>SR</arg>
<arg>SS</arg>
<arg>ST</arg>
<arg>SV</arg>
<arg>SX</arg>
<arg>SY</arg>
<arg>SZ</arg>
<arg>TC</arg>
<arg>TD</arg>
<arg>TF</arg>
<arg>TG</arg>
<arg>TH</arg>
<arg>TJ</arg>
<arg>TK</arg>
<arg>TL</arg>
<arg>TM</arg>
<arg>TN</arg>
<arg>TO</arg>
<arg>TR</arg>
<arg>TT</arg>
<arg>TV</arg>
<arg>TW</arg>
<arg>TZ</arg>
<arg>UA</arg>
<arg>UG</arg>
<arg>UM</arg>
<arg>US</arg>
<arg>UY</arg>
<arg>UZ</arg>
<arg>VA</arg>
<arg>VC</arg>
<arg>VE</arg>
<arg>VG</arg>
<arg>VI</arg>
<arg>VN</arg>
<arg>VU</arg>
<arg>WF</arg>
<arg>WS</arg>
<arg>XK</arg>
<arg>YE</arg>
<arg>YT</arg>
<arg>ZA</arg>
<arg>ZM</arg>
<arg>ZW</arg>
<doc>Returns a list containing given items.</doc>
<status status="PASS" start="2024-06-23T11:11:22.466653" elapsed="0.000647"/>
</kw>
<kw name="List Should Contain Value" owner="Collections">
<arg>${list_country}</arg>
<arg>${name_country}</arg>
<doc>Fails if the ``value`` is not found from ``list``.</doc>
<status status="PASS" start="2024-06-23T11:11:22.468100" elapsed="0.000203"/>
</kw>
<kw name="Run Keyword If" owner="BuiltIn">
<kw name="Should Be True" owner="BuiltIn">
<arg>${True}</arg>
<doc>Fails if the given condition is not true.</doc>
<status status="PASS" start="2024-06-23T11:11:22.469232" elapsed="0.000141"/>
</kw>
<arg>${json_data["results"][0]["location"]["coordinates"]["latitude"]} &gt;= -90 and ${json_data["results"][0]["location"]["coordinates"]["latitude"]} &lt;= 90</arg>
<arg>Should Be True</arg>
<arg>${True}</arg>
<doc>Runs the given keyword with the given arguments, if ``condition`` is true.</doc>
<status status="PASS" start="2024-06-23T11:11:22.468498" elapsed="0.000999"/>
</kw>
<kw name="Run Keyword If" owner="BuiltIn">
<kw name="Should Be True" owner="BuiltIn">
<arg>${True}</arg>
<doc>Fails if the given condition is not true.</doc>
<status status="PASS" start="2024-06-23T11:11:22.470365" elapsed="0.000135"/>
</kw>
<arg>${json_data["results"][0]["location"]["coordinates"]["longitude"]} &gt;= -180 and ${json_data["results"][0]["location"]["coordinates"]["longitude"]} &lt;= 180</arg>
<arg>Should Be True</arg>
<arg>${True}</arg>
<doc>Runs the given keyword with the given arguments, if ``condition`` is true.</doc>
<status status="PASS" start="2024-06-23T11:11:22.469675" elapsed="0.000947"/>
</kw>
<status status="PASS" start="2024-06-23T11:11:22.339922" elapsed="0.130835"/>
</kw>
<doc>Testa o conteúdo específico dos campos retornados pela API.</doc>
<tag>testeConteudo</tag>
<status status="PASS" start="2024-06-23T11:11:22.339264" elapsed="0.131645"/>
</test>
<status status="PASS" start="2024-06-23T11:11:21.122199" elapsed="1.350646"/>
</suite>
<status status="PASS" start="2024-06-23T11:11:21.107969" elapsed="1.370028"/>
</suite>
<statistics>
<total>
<stat pass="5" fail="0" skip="0">All Tests</stat>
</total>
<tag>
<stat pass="1" fail="0" skip="0">testeConteudo</stat>
<stat pass="1" fail="0" skip="0">testeEstruturaResposta</stat>
<stat pass="1" fail="0" skip="0">testeRequisicaoBasica</stat>
<stat pass="1" fail="0" skip="0">testeTiposDados</stat>
</tag>
<suite>
<stat pass="5" fail="0" skip="0" id="s1" name="Tests">Tests</stat>
<stat pass="5" fail="0" skip="0" id="s1-s1" name="Random-User-Test">Tests.Random-User-Test</stat>
</suite>
</statistics>
<errors>
</errors>
</robot>
