<?xml version="1.0" encoding="UTF-8"?>
<robot generator="Robot 7.0.1 (Python 3.12.4 on linux)" generated="2024-07-30T23:13:43.660595" rpa="false" schemaversion="5">
<suite id="s1" name="Tests" source="/home/runner/work/ApiRandomUser/ApiRandomUser/RamdonUser/tests">
<suite id="s1-s1" name="Random-User-Test" source="/home/runner/work/ApiRandomUser/ApiRandomUser/RamdonUser/tests/random-user-test.robot">
<test id="s1-s1-t1" name="Conectar" line="13">
<kw name="Conectar API" owner="random-user-service">
<kw name="Create Session" owner="RequestsLibrary">
<msg time="2024-07-30T23:13:44.112837" level="INFO">Creating Session using : alias=consultarAPI, url=https://randomuser.me/, headers={},                     cookies={}, auth=None, timeout=None, proxies=None, verify=False,                     debug=0 </msg>
<arg>consultarAPI</arg>
<arg>${URL}</arg>
<doc>Create Session: create a HTTP session to a server</doc>
<status status="PASS" start="2024-07-30T23:13:44.112627" elapsed="0.000395"/>
</kw>
<status status="PASS" start="2024-07-30T23:13:44.111504" elapsed="0.001878"/>
</kw>
<status status="PASS" start="2024-07-30T23:13:44.110864" elapsed="0.002717"/>
</test>
<test id="s1-s1-t2" name="Validar retorno 200 e JSON Válido" line="16">
<kw name="Teste de Requisicao Basica" owner="random-user-service">
<kw name="GET On Session" owner="RequestsLibrary">
<msg time="2024-07-30T23:13:44.306221" level="INFO">GET Request : url=https://randomuser.me/api 
 path_url=/api 
 headers={'User-Agent': 'python-requests/2.32.3', 'Accept-Encoding': 'gzip, deflate', 'Accept': '*/*', 'Connection': 'keep-alive'} 
 body=None 
 </msg>
<msg time="2024-07-30T23:13:44.306370" level="INFO">GET Response : url=https://randomuser.me/api 
 status=200, reason=OK 
 headers={'Date': 'Tue, 30 Jul 2024 23:13:44 GMT', 'Content-Type': 'application/json; charset=utf-8', 'Transfer-Encoding': 'chunked', 'Connection': 'keep-alive', 'X-Powered-By': 'Express', 'Access-Control-Allow-Origin': '*', 'Cache-Control': 'no-cache', 'ETag': 'W/"4a6-mOdgS/lYDT+zWj4Y06eRGPcAwk8"', 'Vary': 'Accept-Encoding', 'Content-Encoding': 'gzip', 'CF-Cache-Status': 'DYNAMIC', 'Report-To': '{"endpoints":[{"url":"https:\\/\\/a.nel.cloudflare.com\\/report\\/v4?s=j8kW98Y4kpnW1JHlI8QeyzQnhviOMCgDlRdjjoHQBEB16yMKOoSY5KgthfVxUtSrX%2FlnQpL%2F5v2zoT7UATFRdQ2SmwatTB3vXU8pKQ%2Fnn8W7km8kb1ktdajN2hLgKjrh"}],"group":"cf-nel","max_age":604800}', 'NEL': '{"success_fraction":0,"report_to":"cf-nel","max_age":604800}', 'Server': 'cloudflare', 'CF-RAY': '8ab90a7ba83d2a90-ORD', 'alt-svc': 'h3=":443"; ma=86400'} 
 body={"results":[{"gender":"female","name":{"title":"Ms","first":"Elda","last":"Lopes"},"location":{"street":{"number":7647,"name":"Rua José Bonifácio "},"city":"Serra","state":"Pernambuco","country":"Brazil","postcode":46826,"coordinates":{"latitude":"-80.0198","longitude":"26.2734"},"timezone":{"offset":"0:00","description":"Western Europe Time, London, Lisbon, Casablanca"}},"email":"elda.lopes@example.com","login":{"uuid":"48b7c5c9-61e1-4add-b310-b51c4580afcf","username":"angrypanda423","password":"aaliyah","salt":"f4hP1YDo","md5":"bbef8f43ca72e69ebe173b3925cd9f29","sha1":"d2f78158d46d0a18c07fc7a18fb8995262823af4","sha256":"223466da463592443f3093cfeea4c69094121fa4dc1bb6c0486d2ffcf72bbb81"},"dob":{"date":"1949-07-11T03:58:22.448Z","age":75},"registered":{"date":"2017-09-13T01:56:40.541Z","age":6},"phone":"(35) 0697-9524","cell":"(46) 5202-9835","id":{"name":"CPF","value":"338.134.160-47"},"picture":{"large":"https://randomuser.me/api/portraits/women/29.jpg","medium":"https://randomuser.me/api/portraits/med/women/29.jpg","thumbnail":"https://randomuser.me/api/portraits/thumb/women/29.jpg"},"nat":"BR"}],"info":{"seed":"6308aaeb5614dba0","results":1,"page":1,"version":"1.4"}} 
 </msg>
<msg time="2024-07-30T23:13:44.306455" level="INFO">/opt/hostedtoolcache/Python/3.12.4/x64/lib/python3.12/site-packages/urllib3/connectionpool.py:1099: InsecureRequestWarning: Unverified HTTPS request is being made to host 'randomuser.me'. Adding certificate verification is strongly advised. See: https://urllib3.readthedocs.io/en/latest/advanced-usage.html#tls-warnings
  warnings.warn(</msg>
<msg time="2024-07-30T23:13:44.306591" level="INFO">${response} = &lt;Response [200]&gt;</msg>
<var>${response}</var>
<arg>consultarAPI</arg>
<arg>/api</arg>
<doc>Sends a GET request on a previously created HTTP Session.</doc>
<status status="PASS" start="2024-07-30T23:13:44.116275" elapsed="0.190357"/>
</kw>
<kw name="Should Be Equal As Numbers" owner="BuiltIn">
<msg time="2024-07-30T23:13:44.307793" level="INFO">Argument types are:
&lt;class 'int'&gt;
&lt;class 'str'&gt;</msg>
<arg>${response.status_code}</arg>
<arg>200</arg>
<doc>Fails if objects are unequal after converting them to real numbers.</doc>
<status status="PASS" start="2024-07-30T23:13:44.307285" elapsed="0.000577"/>
</kw>
<kw name="Log" owner="BuiltIn">
<msg time="2024-07-30T23:13:44.308591" level="INFO">200</msg>
<arg>${response.status_code}</arg>
<doc>Logs the given message with the given level.</doc>
<status status="PASS" start="2024-07-30T23:13:44.308215" elapsed="0.000419"/>
</kw>
<kw name="Set Variable" owner="BuiltIn">
<msg time="2024-07-30T23:13:44.309404" level="INFO">${json_data} = {'results': [{'gender': 'female', 'name': {'title': 'Ms', 'first': 'Elda', 'last': 'Lopes'}, 'location': {'street': {'number': 7647, 'name': 'Rua José Bonifácio '}, 'city': 'Serra', 'state': 'Pernambu...</msg>
<var>${json_data}</var>
<arg>${response.json()}</arg>
<doc>Returns the given values which can then be assigned to a variables.</doc>
<status status="PASS" start="2024-07-30T23:13:44.308952" elapsed="0.000483"/>
</kw>
<kw name="Dictionary Should Contain Key" owner="Collections">
<arg>${json_data}</arg>
<arg>results</arg>
<doc>Fails if ``key`` is not found from ``dictionary``.</doc>
<status status="PASS" start="2024-07-30T23:13:44.309744" elapsed="0.000331"/>
</kw>
<status status="PASS" start="2024-07-30T23:13:44.115996" elapsed="0.194233"/>
</kw>
<doc>Testa se a API responde corretamente e retorna um objeto JSON válido.</doc>
<tag>testeRequisicaoBasica</tag>
<status status="PASS" start="2024-07-30T23:13:44.115463" elapsed="0.194939"/>
</test>
<test id="s1-s1-t3" name="Validar estrutura de resposta" line="22">
<kw name="Teste de Estrutura de Resposta" owner="random-user-service">
<kw name="GET On Session" owner="RequestsLibrary">
<msg time="2024-07-30T23:13:44.403075" level="INFO">GET Request : url=https://randomuser.me/api 
 path_url=/api 
 headers={'User-Agent': 'python-requests/2.32.3', 'Accept-Encoding': 'gzip, deflate', 'Accept': '*/*', 'Connection': 'keep-alive'} 
 body=None 
 </msg>
<msg time="2024-07-30T23:13:44.403182" level="INFO">GET Response : url=https://randomuser.me/api 
 status=200, reason=OK 
 headers={'Date': 'Tue, 30 Jul 2024 23:13:44 GMT', 'Content-Type': 'application/json; charset=utf-8', 'Transfer-Encoding': 'chunked', 'Connection': 'keep-alive', 'X-Powered-By': 'Express', 'Access-Control-Allow-Origin': '*', 'Cache-Control': 'no-cache', 'ETag': 'W/"464-L02wOTUn/R3FIG+ZkQ5J4zamRAM"', 'Vary': 'Accept-Encoding', 'Content-Encoding': 'gzip', 'CF-Cache-Status': 'DYNAMIC', 'Report-To': '{"endpoints":[{"url":"https:\\/\\/a.nel.cloudflare.com\\/report\\/v4?s=L7BL%2F8ORaFRqCBJupXFwoSDfBcyMnQgj1NaQET59%2BaGYJ1tergpTpkqei5oDgyUAe2hbRZl5k1k5xLcwDOWyBXAr1Xb01hfX%2Bi0bfmPMXHvV9w0IPVXuj%2BiQ5Y8JpXK0"}],"group":"cf-nel","max_age":604800}', 'NEL': '{"success_fraction":0,"report_to":"cf-nel","max_age":604800}', 'Server': 'cloudflare', 'CF-RAY': '8ab90a7c088f2a90-ORD', 'alt-svc': 'h3=":443"; ma=86400'} 
 body={"results":[{"gender":"male","name":{"title":"Mr","first":"Praneel","last":"Saniel"},"location":{"street":{"number":8870,"name":"Hazratganj"},"city":"Bhopal","state":"Assam","country":"India","postcode":55746,"coordinates":{"latitude":"5.7381","longitude":"-34.8855"},"timezone":{"offset":"+4:30","description":"Kabul"}},"email":"praneel.saniel@example.com","login":{"uuid":"bcae5218-5990-434e-b803-6fa60932cb4e","username":"angryelephant458","password":"liao","salt":"xMMdnr60","md5":"46fabd75b7adad9aa255bdd609912d29","sha1":"280ba1e8366355edbe7f0ead5e636ac9c1843c94","sha256":"136a237279f8a9f699e4dc2b366dcb04581c4d6dbc9488e01992161faac1d90e"},"dob":{"date":"1998-09-21T05:11:38.720Z","age":25},"registered":{"date":"2015-08-20T00:09:45.819Z","age":8},"phone":"7521772907","cell":"7489933532","id":{"name":"UIDAI","value":"175548676178"},"picture":{"large":"https://randomuser.me/api/portraits/men/43.jpg","medium":"https://randomuser.me/api/portraits/med/men/43.jpg","thumbnail":"https://randomuser.me/api/portraits/thumb/men/43.jpg"},"nat":"IN"}],"info":{"seed":"9d070b31a5c0b9be","results":1,"page":1,"version":"1.4"}} 
 </msg>
<msg time="2024-07-30T23:13:44.403314" level="INFO">/opt/hostedtoolcache/Python/3.12.4/x64/lib/python3.12/site-packages/urllib3/connectionpool.py:1099: InsecureRequestWarning: Unverified HTTPS request is being made to host 'randomuser.me'. Adding certificate verification is strongly advised. See: https://urllib3.readthedocs.io/en/latest/advanced-usage.html#tls-warnings
  warnings.warn(</msg>
<msg time="2024-07-30T23:13:44.403445" level="INFO">${response} = &lt;Response [200]&gt;</msg>
<var>${response}</var>
<arg>consultarAPI</arg>
<arg>/api</arg>
<doc>Sends a GET request on a previously created HTTP Session.</doc>
<status status="PASS" start="2024-07-30T23:13:44.313143" elapsed="0.090344"/>
</kw>
<kw name="Set Variable" owner="BuiltIn">
<msg time="2024-07-30T23:13:44.404680" level="INFO">${json_data} = {'results': [{'gender': 'male', 'name': {'title': 'Mr', 'first': 'Praneel', 'last': 'Saniel'}, 'location': {'street': {'number': 8870, 'name': 'Hazratganj'}, 'city': 'Bhopal', 'state': 'Assam', 'count...</msg>
<var>${json_data}</var>
<arg>${response.json()}</arg>
<doc>Returns the given values which can then be assigned to a variables.</doc>
<status status="PASS" start="2024-07-30T23:13:44.404142" elapsed="0.000567"/>
</kw>
<kw name="Log" owner="BuiltIn">
<msg time="2024-07-30T23:13:44.405231" level="INFO">{'results': [{'gender': 'male', 'name': {'title': 'Mr', 'first': 'Praneel', 'last': 'Saniel'}, 'location': {'street': {'number': 8870, 'name': 'Hazratganj'}, 'city': 'Bhopal', 'state': 'Assam', 'country': 'India', 'postcode': 55746, 'coordinates': {'latitude': '5.7381', 'longitude': '-34.8855'}, 'timezone': {'offset': '+4:30', 'description': 'Kabul'}}, 'email': 'praneel.saniel@example.com', 'login': {'uuid': 'bcae5218-5990-434e-b803-6fa60932cb4e', 'username': 'angryelephant458', 'password': 'liao', 'salt': 'xMMdnr60', 'md5': '46fabd75b7adad9aa255bdd609912d29', 'sha1': '280ba1e8366355edbe7f0ead5e636ac9c1843c94', 'sha256': '136a237279f8a9f699e4dc2b366dcb04581c4d6dbc9488e01992161faac1d90e'}, 'dob': {'date': '1998-09-21T05:11:38.720Z', 'age': 25}, 'registered': {'date': '2015-08-20T00:09:45.819Z', 'age': 8}, 'phone': '7521772907', 'cell': '7489933532', 'id': {'name': 'UIDAI', 'value': '175548676178'}, 'picture': {'large': 'https://randomuser.me/api/portraits/men/43.jpg', 'medium': 'https://randomuser.me/api/portraits/med/men/43.jpg', 'thumbnail': 'https://randomuser.me/api/portraits/thumb/men/43.jpg'}, 'nat': 'IN'}], 'info': {'seed': '9d070b31a5c0b9be', 'results': 1, 'page': 1, 'version': '1.4'}}</msg>
<arg>${json_data}</arg>
<doc>Logs the given message with the given level.</doc>
<status status="PASS" start="2024-07-30T23:13:44.405057" elapsed="0.000226"/>
</kw>
<kw name="Dictionary Should Contain Key" owner="Collections">
<arg>${json_data}</arg>
<arg>results</arg>
<doc>Fails if ``key`` is not found from ``dictionary``.</doc>
<status status="PASS" start="2024-07-30T23:13:44.405589" elapsed="0.000171"/>
</kw>
<kw name="Should Not Be Empty" owner="BuiltIn">
<msg time="2024-07-30T23:13:44.406081" level="INFO">Length is 2.</msg>
<arg>${json_data}</arg>
<doc>Verifies that the given item is not empty.</doc>
<status status="PASS" start="2024-07-30T23:13:44.405950" elapsed="0.000170"/>
</kw>
<kw name="Create List" owner="BuiltIn">
<msg time="2024-07-30T23:13:44.406576" level="INFO">${expected_keys} = ['gender', 'name', 'location', 'email', 'login']</msg>
<var>${expected_keys}</var>
<arg>gender</arg>
<arg>name</arg>
<arg>location</arg>
<arg>email</arg>
<arg>login</arg>
<doc>Returns a list containing given items.</doc>
<status status="PASS" start="2024-07-30T23:13:44.406420" elapsed="0.000181"/>
</kw>
<for flavor="IN">
<iter>
<kw name="Dictionary Should Contain Key" owner="Collections">
<arg>${json_data['results'][0]}</arg>
<arg>${key}</arg>
<doc>Fails if ``key`` is not found from ``dictionary``.</doc>
<status status="PASS" start="2024-07-30T23:13:44.407197" elapsed="0.000424"/>
</kw>
<kw name="Log" owner="BuiltIn">
<msg time="2024-07-30T23:13:44.408243" level="INFO">{'gender': 'male', 'name': {'title': 'Mr', 'first': 'Praneel', 'last': 'Saniel'}, 'location': {'street': {'number': 8870, 'name': 'Hazratganj'}, 'city': 'Bhopal', 'state': 'Assam', 'country': 'India', 'postcode': 55746, 'coordinates': {'latitude': '5.7381', 'longitude': '-34.8855'}, 'timezone': {'offset': '+4:30', 'description': 'Kabul'}}, 'email': 'praneel.saniel@example.com', 'login': {'uuid': 'bcae5218-5990-434e-b803-6fa60932cb4e', 'username': 'angryelephant458', 'password': 'liao', 'salt': 'xMMdnr60', 'md5': '46fabd75b7adad9aa255bdd609912d29', 'sha1': '280ba1e8366355edbe7f0ead5e636ac9c1843c94', 'sha256': '136a237279f8a9f699e4dc2b366dcb04581c4d6dbc9488e01992161faac1d90e'}, 'dob': {'date': '1998-09-21T05:11:38.720Z', 'age': 25}, 'registered': {'date': '2015-08-20T00:09:45.819Z', 'age': 8}, 'phone': '7521772907', 'cell': '7489933532', 'id': {'name': 'UIDAI', 'value': '175548676178'}, 'picture': {'large': 'https://randomuser.me/api/portraits/men/43.jpg', 'medium': 'https://randomuser.me/api/portraits/med/men/43.jpg', 'thumbnail': 'https://randomuser.me/api/portraits/thumb/men/43.jpg'}, 'nat': 'IN'}</msg>
<arg>${json_data['results'][0]}</arg>
<doc>Logs the given message with the given level.</doc>
<status status="PASS" start="2024-07-30T23:13:44.407873" elapsed="0.000420"/>
</kw>
<kw name="Log" owner="BuiltIn">
<msg time="2024-07-30T23:13:44.408728" level="INFO">gender</msg>
<arg>${key}</arg>
<doc>Logs the given message with the given level.</doc>
<status status="PASS" start="2024-07-30T23:13:44.408598" elapsed="0.000168"/>
</kw>
<var name="${key}">gender</var>
<status status="PASS" start="2024-07-30T23:13:44.407063" elapsed="0.001921"/>
</iter>
<iter>
<kw name="Dictionary Should Contain Key" owner="Collections">
<arg>${json_data['results'][0]}</arg>
<arg>${key}</arg>
<doc>Fails if ``key`` is not found from ``dictionary``.</doc>
<status status="PASS" start="2024-07-30T23:13:44.409287" elapsed="0.000399"/>
</kw>
<kw name="Log" owner="BuiltIn">
<msg time="2024-07-30T23:13:44.410230" level="INFO">{'gender': 'male', 'name': {'title': 'Mr', 'first': 'Praneel', 'last': 'Saniel'}, 'location': {'street': {'number': 8870, 'name': 'Hazratganj'}, 'city': 'Bhopal', 'state': 'Assam', 'country': 'India', 'postcode': 55746, 'coordinates': {'latitude': '5.7381', 'longitude': '-34.8855'}, 'timezone': {'offset': '+4:30', 'description': 'Kabul'}}, 'email': 'praneel.saniel@example.com', 'login': {'uuid': 'bcae5218-5990-434e-b803-6fa60932cb4e', 'username': 'angryelephant458', 'password': 'liao', 'salt': 'xMMdnr60', 'md5': '46fabd75b7adad9aa255bdd609912d29', 'sha1': '280ba1e8366355edbe7f0ead5e636ac9c1843c94', 'sha256': '136a237279f8a9f699e4dc2b366dcb04581c4d6dbc9488e01992161faac1d90e'}, 'dob': {'date': '1998-09-21T05:11:38.720Z', 'age': 25}, 'registered': {'date': '2015-08-20T00:09:45.819Z', 'age': 8}, 'phone': '7521772907', 'cell': '7489933532', 'id': {'name': 'UIDAI', 'value': '175548676178'}, 'picture': {'large': 'https://randomuser.me/api/portraits/men/43.jpg', 'medium': 'https://randomuser.me/api/portraits/med/men/43.jpg', 'thumbnail': 'https://randomuser.me/api/portraits/thumb/men/43.jpg'}, 'nat': 'IN'}</msg>
<arg>${json_data['results'][0]}</arg>
<doc>Logs the given message with the given level.</doc>
<status status="PASS" start="2024-07-30T23:13:44.409874" elapsed="0.000437"/>
</kw>
<kw name="Log" owner="BuiltIn">
<msg time="2024-07-30T23:13:44.410737" level="INFO">name</msg>
<arg>${key}</arg>
<doc>Logs the given message with the given level.</doc>
<status status="PASS" start="2024-07-30T23:13:44.410610" elapsed="0.000165"/>
</kw>
<var name="${key}">name</var>
<status status="PASS" start="2024-07-30T23:13:44.409174" elapsed="0.001817"/>
</iter>
<iter>
<kw name="Dictionary Should Contain Key" owner="Collections">
<arg>${json_data['results'][0]}</arg>
<arg>${key}</arg>
<doc>Fails if ``key`` is not found from ``dictionary``.</doc>
<status status="PASS" start="2024-07-30T23:13:44.411280" elapsed="0.000388"/>
</kw>
<kw name="Log" owner="BuiltIn">
<msg time="2024-07-30T23:13:44.412252" level="INFO">{'gender': 'male', 'name': {'title': 'Mr', 'first': 'Praneel', 'last': 'Saniel'}, 'location': {'street': {'number': 8870, 'name': 'Hazratganj'}, 'city': 'Bhopal', 'state': 'Assam', 'country': 'India', 'postcode': 55746, 'coordinates': {'latitude': '5.7381', 'longitude': '-34.8855'}, 'timezone': {'offset': '+4:30', 'description': 'Kabul'}}, 'email': 'praneel.saniel@example.com', 'login': {'uuid': 'bcae5218-5990-434e-b803-6fa60932cb4e', 'username': 'angryelephant458', 'password': 'liao', 'salt': 'xMMdnr60', 'md5': '46fabd75b7adad9aa255bdd609912d29', 'sha1': '280ba1e8366355edbe7f0ead5e636ac9c1843c94', 'sha256': '136a237279f8a9f699e4dc2b366dcb04581c4d6dbc9488e01992161faac1d90e'}, 'dob': {'date': '1998-09-21T05:11:38.720Z', 'age': 25}, 'registered': {'date': '2015-08-20T00:09:45.819Z', 'age': 8}, 'phone': '7521772907', 'cell': '7489933532', 'id': {'name': 'UIDAI', 'value': '175548676178'}, 'picture': {'large': 'https://randomuser.me/api/portraits/men/43.jpg', 'medium': 'https://randomuser.me/api/portraits/med/men/43.jpg', 'thumbnail': 'https://randomuser.me/api/portraits/thumb/men/43.jpg'}, 'nat': 'IN'}</msg>
<arg>${json_data['results'][0]}</arg>
<doc>Logs the given message with the given level.</doc>
<status status="PASS" start="2024-07-30T23:13:44.411900" elapsed="0.000400"/>
</kw>
<kw name="Log" owner="BuiltIn">
<msg time="2024-07-30T23:13:44.412739" level="INFO">location</msg>
<arg>${key}</arg>
<doc>Logs the given message with the given level.</doc>
<status status="PASS" start="2024-07-30T23:13:44.412609" elapsed="0.000169"/>
</kw>
<var name="${key}">location</var>
<status status="PASS" start="2024-07-30T23:13:44.411171" elapsed="0.001831"/>
</iter>
<iter>
<kw name="Dictionary Should Contain Key" owner="Collections">
<arg>${json_data['results'][0]}</arg>
<arg>${key}</arg>
<doc>Fails if ``key`` is not found from ``dictionary``.</doc>
<status status="PASS" start="2024-07-30T23:13:44.413282" elapsed="0.000379"/>
</kw>
<kw name="Log" owner="BuiltIn">
<msg time="2024-07-30T23:13:44.414322" level="INFO">{'gender': 'male', 'name': {'title': 'Mr', 'first': 'Praneel', 'last': 'Saniel'}, 'location': {'street': {'number': 8870, 'name': 'Hazratganj'}, 'city': 'Bhopal', 'state': 'Assam', 'country': 'India', 'postcode': 55746, 'coordinates': {'latitude': '5.7381', 'longitude': '-34.8855'}, 'timezone': {'offset': '+4:30', 'description': 'Kabul'}}, 'email': 'praneel.saniel@example.com', 'login': {'uuid': 'bcae5218-5990-434e-b803-6fa60932cb4e', 'username': 'angryelephant458', 'password': 'liao', 'salt': 'xMMdnr60', 'md5': '46fabd75b7adad9aa255bdd609912d29', 'sha1': '280ba1e8366355edbe7f0ead5e636ac9c1843c94', 'sha256': '136a237279f8a9f699e4dc2b366dcb04581c4d6dbc9488e01992161faac1d90e'}, 'dob': {'date': '1998-09-21T05:11:38.720Z', 'age': 25}, 'registered': {'date': '2015-08-20T00:09:45.819Z', 'age': 8}, 'phone': '7521772907', 'cell': '7489933532', 'id': {'name': 'UIDAI', 'value': '175548676178'}, 'picture': {'large': 'https://randomuser.me/api/portraits/men/43.jpg', 'medium': 'https://randomuser.me/api/portraits/med/men/43.jpg', 'thumbnail': 'https://randomuser.me/api/portraits/thumb/men/43.jpg'}, 'nat': 'IN'}</msg>
<arg>${json_data['results'][0]}</arg>
<doc>Logs the given message with the given level.</doc>
<status status="PASS" start="2024-07-30T23:13:44.413970" elapsed="0.000410"/>
</kw>
<kw name="Log" owner="BuiltIn">
<msg time="2024-07-30T23:13:44.414803" level="INFO">email</msg>
<arg>${key}</arg>
<doc>Logs the given message with the given level.</doc>
<status status="PASS" start="2024-07-30T23:13:44.414673" elapsed="0.000169"/>
</kw>
<var name="${key}">email</var>
<status status="PASS" start="2024-07-30T23:13:44.413174" elapsed="0.001881"/>
</iter>
<iter>
<kw name="Dictionary Should Contain Key" owner="Collections">
<arg>${json_data['results'][0]}</arg>
<arg>${key}</arg>
<doc>Fails if ``key`` is not found from ``dictionary``.</doc>
<status status="PASS" start="2024-07-30T23:13:44.415336" elapsed="0.000417"/>
</kw>
<kw name="Log" owner="BuiltIn">
<msg time="2024-07-30T23:13:44.416302" level="INFO">{'gender': 'male', 'name': {'title': 'Mr', 'first': 'Praneel', 'last': 'Saniel'}, 'location': {'street': {'number': 8870, 'name': 'Hazratganj'}, 'city': 'Bhopal', 'state': 'Assam', 'country': 'India', 'postcode': 55746, 'coordinates': {'latitude': '5.7381', 'longitude': '-34.8855'}, 'timezone': {'offset': '+4:30', 'description': 'Kabul'}}, 'email': 'praneel.saniel@example.com', 'login': {'uuid': 'bcae5218-5990-434e-b803-6fa60932cb4e', 'username': 'angryelephant458', 'password': 'liao', 'salt': 'xMMdnr60', 'md5': '46fabd75b7adad9aa255bdd609912d29', 'sha1': '280ba1e8366355edbe7f0ead5e636ac9c1843c94', 'sha256': '136a237279f8a9f699e4dc2b366dcb04581c4d6dbc9488e01992161faac1d90e'}, 'dob': {'date': '1998-09-21T05:11:38.720Z', 'age': 25}, 'registered': {'date': '2015-08-20T00:09:45.819Z', 'age': 8}, 'phone': '7521772907', 'cell': '7489933532', 'id': {'name': 'UIDAI', 'value': '175548676178'}, 'picture': {'large': 'https://randomuser.me/api/portraits/men/43.jpg', 'medium': 'https://randomuser.me/api/portraits/med/men/43.jpg', 'thumbnail': 'https://randomuser.me/api/portraits/thumb/men/43.jpg'}, 'nat': 'IN'}</msg>
<arg>${json_data['results'][0]}</arg>
<doc>Logs the given message with the given level.</doc>
<status status="PASS" start="2024-07-30T23:13:44.415946" elapsed="0.000403"/>
</kw>
<kw name="Log" owner="BuiltIn">
<msg time="2024-07-30T23:13:44.416770" level="INFO">login</msg>
<arg>${key}</arg>
<doc>Logs the given message with the given level.</doc>
<status status="PASS" start="2024-07-30T23:13:44.416642" elapsed="0.000165"/>
</kw>
<var name="${key}">login</var>
<status status="PASS" start="2024-07-30T23:13:44.415227" elapsed="0.001792"/>
</iter>
<var>${key}</var>
<value>@{expected_keys}</value>
<status status="PASS" start="2024-07-30T23:13:44.406866" elapsed="0.010273"/>
</for>
<kw name="Create List" owner="BuiltIn">
<msg time="2024-07-30T23:13:44.417464" level="INFO">${expected_keysTwo} = ['username', 'password']</msg>
<var>${expected_keysTwo}</var>
<arg>username</arg>
<arg>password</arg>
<doc>Returns a list containing given items.</doc>
<status status="PASS" start="2024-07-30T23:13:44.417328" elapsed="0.000160"/>
</kw>
<for flavor="IN">
<iter>
<kw name="Dictionary Should Contain Key" owner="Collections">
<arg>${json_data['results'][0]['login']}</arg>
<arg>${keyTwo}</arg>
<doc>Fails if ``key`` is not found from ``dictionary``.</doc>
<status status="PASS" start="2024-07-30T23:13:44.418012" elapsed="0.000382"/>
</kw>
<kw name="Dictionary Should Contain Key" owner="Collections">
<arg>${json_data['results'][0]['login']}</arg>
<arg>${keyTwo}</arg>
<doc>Fails if ``key`` is not found from ``dictionary``.</doc>
<status status="PASS" start="2024-07-30T23:13:44.418585" elapsed="0.000366"/>
</kw>
<kw name="Log" owner="BuiltIn">
<msg time="2024-07-30T23:13:44.419257" level="INFO">username</msg>
<arg>${keyTwo}</arg>
<doc>Logs the given message with the given level.</doc>
<status status="PASS" start="2024-07-30T23:13:44.419129" elapsed="0.000165"/>
</kw>
<var name="${keyTwo}">username</var>
<status status="PASS" start="2024-07-30T23:13:44.417905" elapsed="0.001610"/>
</iter>
<iter>
<kw name="Dictionary Should Contain Key" owner="Collections">
<arg>${json_data['results'][0]['login']}</arg>
<arg>${keyTwo}</arg>
<doc>Fails if ``key`` is not found from ``dictionary``.</doc>
<status status="PASS" start="2024-07-30T23:13:44.419847" elapsed="0.000386"/>
</kw>
<kw name="Dictionary Should Contain Key" owner="Collections">
<arg>${json_data['results'][0]['login']}</arg>
<arg>${keyTwo}</arg>
<doc>Fails if ``key`` is not found from ``dictionary``.</doc>
<status status="PASS" start="2024-07-30T23:13:44.420410" elapsed="0.000371"/>
</kw>
<kw name="Log" owner="BuiltIn">
<msg time="2024-07-30T23:13:44.421078" level="INFO">password</msg>
<arg>${keyTwo}</arg>
<doc>Logs the given message with the given level.</doc>
<status status="PASS" start="2024-07-30T23:13:44.420954" elapsed="0.000161"/>
</kw>
<var name="${keyTwo}">password</var>
<status status="PASS" start="2024-07-30T23:13:44.419723" elapsed="0.001621"/>
</iter>
<var>${keyTwo}</var>
<value>@{expected_keysTwo}</value>
<status status="PASS" start="2024-07-30T23:13:44.417750" elapsed="0.003716"/>
</for>
<status status="PASS" start="2024-07-30T23:13:44.312901" elapsed="0.108708"/>
</kw>
<doc>Testa a estrutura da resposta da API.</doc>
<tag>testeEstruturaResposta</tag>
<status status="PASS" start="2024-07-30T23:13:44.312295" elapsed="0.109471"/>
</test>
<test id="s1-s1-t4" name="Validar tipos de dados" line="28">
<kw name="Teste de Tipos de Dados" owner="random-user-service">
<kw name="GET On Session" owner="RequestsLibrary">
<msg time="2024-07-30T23:13:44.499958" level="INFO">GET Request : url=https://randomuser.me/api 
 path_url=/api 
 headers={'User-Agent': 'python-requests/2.32.3', 'Accept-Encoding': 'gzip, deflate', 'Accept': '*/*', 'Connection': 'keep-alive'} 
 body=None 
 </msg>
<msg time="2024-07-30T23:13:44.500067" level="INFO">GET Response : url=https://randomuser.me/api 
 status=200, reason=OK 
 headers={'Date': 'Tue, 30 Jul 2024 23:13:44 GMT', 'Content-Type': 'application/json; charset=utf-8', 'Transfer-Encoding': 'chunked', 'Connection': 'keep-alive', 'X-Powered-By': 'Express', 'Access-Control-Allow-Origin': '*', 'Cache-Control': 'no-cache', 'ETag': 'W/"486-p3J/4enNwkBF6l4bUx/YRtVCgRk"', 'Vary': 'Accept-Encoding', 'Content-Encoding': 'gzip', 'CF-Cache-Status': 'DYNAMIC', 'Report-To': '{"endpoints":[{"url":"https:\\/\\/a.nel.cloudflare.com\\/report\\/v4?s=YQ7b8lB1rK5bWsHI0NFXjL3H19Bt638Pr%2B%2BwaM1tz5%2BELIWqzsqnyzgB0N29XjKhJlZ8OIJ7AEfzq6eyp1Ae1uOyR2%2BWCDWnFTrkaEtYKCJQqpktBggeEhLR2JGzux7m"}],"group":"cf-nel","max_age":604800}', 'NEL': '{"success_fraction":0,"report_to":"cf-nel","max_age":604800}', 'Server': 'cloudflare', 'CF-RAY': '8ab90a7cb9582a90-ORD', 'alt-svc': 'h3=":443"; ma=86400'} 
 body={"results":[{"gender":"male","name":{"title":"Mr","first":"Sigmund","last":"Bächle"},"location":{"street":{"number":9308,"name":"Marktplatz"},"city":"Homburg","state":"Bremen","country":"Germany","postcode":36180,"coordinates":{"latitude":"-53.6081","longitude":"-39.5657"},"timezone":{"offset":"-12:00","description":"Eniwetok, Kwajalein"}},"email":"sigmund.bachle@example.com","login":{"uuid":"d10ea644-4f60-4740-8ac1-ce5436080e54","username":"silverbutterfly820","password":"needles","salt":"s0ybCsbI","md5":"404e83755fff905fc84b9db265655bf4","sha1":"52e73c893fe4dedf237c03848849dd05ad928ea4","sha256":"b7cd9fb03d3cc616786c3ab3e89ed5ca7a6ca4a0efaea686aadc8d2d6ff514fa"},"dob":{"date":"1996-12-17T12:55:48.118Z","age":27},"registered":{"date":"2009-06-17T07:52:44.397Z","age":15},"phone":"0230-5093207","cell":"0176-1512186","id":{"name":"SVNR","value":"52 171296 B 288"},"picture":{"large":"https://randomuser.me/api/portraits/men/25.jpg","medium":"https://randomuser.me/api/portraits/med/men/25.jpg","thumbnail":"https://randomuser.me/api/portraits/thumb/men/25.jpg"},"nat":"DE"}],"info":{"seed":"c50dcc850bb368c0","results":1,"page":1,"version":"1.4"}} 
 </msg>
<msg time="2024-07-30T23:13:44.500154" level="INFO">/opt/hostedtoolcache/Python/3.12.4/x64/lib/python3.12/site-packages/urllib3/connectionpool.py:1099: InsecureRequestWarning: Unverified HTTPS request is being made to host 'randomuser.me'. Adding certificate verification is strongly advised. See: https://urllib3.readthedocs.io/en/latest/advanced-usage.html#tls-warnings
  warnings.warn(</msg>
<msg time="2024-07-30T23:13:44.500283" level="INFO">${response} = &lt;Response [200]&gt;</msg>
<var>${response}</var>
<arg>consultarAPI</arg>
<arg>/api</arg>
<doc>Sends a GET request on a previously created HTTP Session.</doc>
<status status="PASS" start="2024-07-30T23:13:44.424364" elapsed="0.075961"/>
</kw>
<kw name="Set Variable" owner="BuiltIn">
<msg time="2024-07-30T23:13:44.501540" level="INFO">${json_data} = {'results': [{'gender': 'male', 'name': {'title': 'Mr', 'first': 'Sigmund', 'last': 'Bächle'}, 'location': {'street': {'number': 9308, 'name': 'Marktplatz'}, 'city': 'Homburg', 'state': 'Bremen', 'cou...</msg>
<var>${json_data}</var>
<arg>${response.json()}</arg>
<doc>Returns the given values which can then be assigned to a variables.</doc>
<status status="PASS" start="2024-07-30T23:13:44.500987" elapsed="0.000583"/>
</kw>
<kw name="Log" owner="BuiltIn">
<msg time="2024-07-30T23:13:44.502094" level="INFO">{'results': [{'gender': 'male', 'name': {'title': 'Mr', 'first': 'Sigmund', 'last': 'Bächle'}, 'location': {'street': {'number': 9308, 'name': 'Marktplatz'}, 'city': 'Homburg', 'state': 'Bremen', 'country': 'Germany', 'postcode': 36180, 'coordinates': {'latitude': '-53.6081', 'longitude': '-39.5657'}, 'timezone': {'offset': '-12:00', 'description': 'Eniwetok, Kwajalein'}}, 'email': 'sigmund.bachle@example.com', 'login': {'uuid': 'd10ea644-4f60-4740-8ac1-ce5436080e54', 'username': 'silverbutterfly820', 'password': 'needles', 'salt': 's0ybCsbI', 'md5': '404e83755fff905fc84b9db265655bf4', 'sha1': '52e73c893fe4dedf237c03848849dd05ad928ea4', 'sha256': 'b7cd9fb03d3cc616786c3ab3e89ed5ca7a6ca4a0efaea686aadc8d2d6ff514fa'}, 'dob': {'date': '1996-12-17T12:55:48.118Z', 'age': 27}, 'registered': {'date': '2009-06-17T07:52:44.397Z', 'age': 15}, 'phone': '0230-5093207', 'cell': '0176-1512186', 'id': {'name': 'SVNR', 'value': '52 171296 B 288'}, 'picture': {'large': 'https://randomuser.me/api/portraits/men/25.jpg', 'medium': 'https://randomuser.me/api/portraits/med/men/25.jpg', 'thumbnail': 'https://randomuser.me/api/portraits/thumb/men/25.jpg'}, 'nat': 'DE'}], 'info': {'seed': 'c50dcc850bb368c0', 'results': 1, 'page': 1, 'version': '1.4'}}</msg>
<arg>${json_data}</arg>
<doc>Logs the given message with the given level.</doc>
<status status="PASS" start="2024-07-30T23:13:44.501925" elapsed="0.000219"/>
</kw>
<kw name="Should Be String" owner="String">
<arg>${json_data['results'][0]['gender']}</arg>
<doc>Fails if the given ``item`` is not a string.</doc>
<status status="PASS" start="2024-07-30T23:13:44.502452" elapsed="0.000380"/>
</kw>
<kw name="Should Match Regexp" owner="BuiltIn">
<arg>${json_data['results'][0]['email']}</arg>
<arg>^[a-zA-Z0-9._%+-]+@[a-zA-Z0-9.-]+\.[a-zA-Z]{2,}$</arg>
<doc>Fails if ``string`` does not match ``pattern`` as a regular expression.</doc>
<status status="PASS" start="2024-07-30T23:13:44.503023" elapsed="0.000519"/>
</kw>
<kw name="Should Match Regexp" owner="BuiltIn">
<arg>${json_data['results'][0]['dob']['date']}</arg>
<arg>\\d{4}-\\d{2}-\\d{2}T\\d{2}:\\d{2}:\\d{2}\\.\\d{3}Z</arg>
<doc>Fails if ``string`` does not match ``pattern`` as a regular expression.</doc>
<status status="PASS" start="2024-07-30T23:13:44.503825" elapsed="0.000650"/>
</kw>
<kw name="Should Match Regexp" owner="BuiltIn">
<arg>${json_data['results'][0]['registered']['date']}</arg>
<arg>\\d{4}-\\d{2}-\\d{2}T\\d{2}:\\d{2}:\\d{2}\\.\\d{3}Z</arg>
<doc>Fails if ``string`` does not match ``pattern`` as a regular expression.</doc>
<status status="PASS" start="2024-07-30T23:13:44.504670" elapsed="0.000369"/>
</kw>
<kw name="Should Match Regexp" owner="BuiltIn">
<arg>${json_data['results'][0]['picture']['large']}</arg>
<arg>^https?://.*\.(?:png|jpe?g|gif|bmp)$</arg>
<doc>Fails if ``string`` does not match ``pattern`` as a regular expression.</doc>
<status status="PASS" start="2024-07-30T23:13:44.505226" elapsed="0.000458"/>
</kw>
<kw name="Should Match Regexp" owner="BuiltIn">
<arg>${json_data['results'][0]['picture']['medium']}</arg>
<arg>^https?://.*\.(?:png|jpe?g|gif|bmp)$</arg>
<doc>Fails if ``string`` does not match ``pattern`` as a regular expression.</doc>
<status status="PASS" start="2024-07-30T23:13:44.505872" elapsed="0.000359"/>
</kw>
<kw name="Should Match Regexp" owner="BuiltIn">
<arg>${json_data['results'][0]['picture']['thumbnail']}</arg>
<arg>^https?://.*\.(?:png|jpe?g|gif|bmp)$</arg>
<doc>Fails if ``string`` does not match ``pattern`` as a regular expression.</doc>
<status status="PASS" start="2024-07-30T23:13:44.506418" elapsed="0.000366"/>
</kw>
<kw name="Log" owner="BuiltIn">
<msg time="2024-07-30T23:13:44.507287" level="INFO">{'large': 'https://randomuser.me/api/portraits/men/25.jpg', 'medium': 'https://randomuser.me/api/portraits/med/men/25.jpg', 'thumbnail': 'https://randomuser.me/api/portraits/thumb/men/25.jpg'}</msg>
<arg>${json_data['results'][0]['picture']}</arg>
<doc>Logs the given message with the given level.</doc>
<status status="PASS" start="2024-07-30T23:13:44.506964" elapsed="0.000366"/>
</kw>
<status status="PASS" start="2024-07-30T23:13:44.424133" elapsed="0.083464"/>
</kw>
<kw name="Teste de Tipos de Dados - Postcode" owner="random-user-service">
<kw name="GET On Session" owner="RequestsLibrary">
<msg time="2024-07-30T23:13:44.601496" level="INFO">GET Request : url=https://randomuser.me/api 
 path_url=/api 
 headers={'User-Agent': 'python-requests/2.32.3', 'Accept-Encoding': 'gzip, deflate', 'Accept': '*/*', 'Connection': 'keep-alive'} 
 body=None 
 </msg>
<msg time="2024-07-30T23:13:44.601593" level="INFO">GET Response : url=https://randomuser.me/api 
 status=200, reason=OK 
 headers={'Date': 'Tue, 30 Jul 2024 23:13:44 GMT', 'Content-Type': 'application/json; charset=utf-8', 'Transfer-Encoding': 'chunked', 'Connection': 'keep-alive', 'X-Powered-By': 'Express', 'Access-Control-Allow-Origin': '*', 'Cache-Control': 'no-cache', 'ETag': 'W/"498-0XQVuz6Vl349C2yf4Je0a4HGg5Q"', 'Vary': 'Accept-Encoding', 'Content-Encoding': 'gzip', 'CF-Cache-Status': 'DYNAMIC', 'Report-To': '{"endpoints":[{"url":"https:\\/\\/a.nel.cloudflare.com\\/report\\/v4?s=WfAv58iD3Sx8RhNZcuzSOoMuxyvXivMJJ897BvCCiO3pf1PQsFdiCNZ4%2Buu%2F0%2BxKxm8H25fML4t7zuZKXP5rOwHsy8UYPZJbvnFFY59EGXsXnbUWNZdU3eS0gYqkjtA2"}],"group":"cf-nel","max_age":604800}', 'NEL': '{"success_fraction":0,"report_to":"cf-nel","max_age":604800}', 'Server': 'cloudflare', 'CF-RAY': '8ab90a7d39b92a90-ORD', 'alt-svc': 'h3=":443"; ma=86400'} 
 body={"results":[{"gender":"female","name":{"title":"Miss","first":"Tonya","last":"Peters"},"location":{"street":{"number":3240,"name":"Taylor St"},"city":"Nampa","state":"Virginia","country":"United States","postcode":86078,"coordinates":{"latitude":"83.1832","longitude":"4.4018"},"timezone":{"offset":"-4:00","description":"Atlantic Time (Canada), Caracas, La Paz"}},"email":"tonya.peters@example.com","login":{"uuid":"fb245d9e-d40a-4f21-b4f9-ba69b06154af","username":"organicpanda668","password":"yong","salt":"rcN9jg9s","md5":"6dc6bc0f5b8482ebb08a91fe65b30afa","sha1":"3945500331973b54596e115f7275838e6891f6f8","sha256":"491cb8729da30008079db4a0390982ea4e5e6aa262bb5113d3a344757ba8263a"},"dob":{"date":"1968-12-04T01:58:43.282Z","age":55},"registered":{"date":"2014-08-07T12:15:40.348Z","age":9},"phone":"(240) 436-9064","cell":"(380) 712-6204","id":{"name":"SSN","value":"859-28-9235"},"picture":{"large":"https://randomuser.me/api/portraits/women/71.jpg","medium":"https://randomuser.me/api/portraits/med/women/71.jpg","thumbnail":"https://randomuser.me/api/portraits/thumb/women/71.jpg"},"nat":"US"}],"info":{"seed":"073c11a2535ed1a5","results":1,"page":1,"version":"1.4"}} 
 </msg>
<msg time="2024-07-30T23:13:44.601663" level="INFO">/opt/hostedtoolcache/Python/3.12.4/x64/lib/python3.12/site-packages/urllib3/connectionpool.py:1099: InsecureRequestWarning: Unverified HTTPS request is being made to host 'randomuser.me'. Adding certificate verification is strongly advised. See: https://urllib3.readthedocs.io/en/latest/advanced-usage.html#tls-warnings
  warnings.warn(</msg>
<msg time="2024-07-30T23:13:44.601795" level="INFO">${response} = &lt;Response [200]&gt;</msg>
<var>${response}</var>
<arg>consultarAPI</arg>
<arg>/api</arg>
<doc>Sends a GET request on a previously created HTTP Session.</doc>
<status status="PASS" start="2024-07-30T23:13:44.508111" elapsed="0.093738"/>
</kw>
<kw name="Set Variable" owner="BuiltIn">
<msg time="2024-07-30T23:13:44.603030" level="INFO">${json_data} = {'results': [{'gender': 'female', 'name': {'title': 'Miss', 'first': 'Tonya', 'last': 'Peters'}, 'location': {'street': {'number': 3240, 'name': 'Taylor St'}, 'city': 'Nampa', 'state': 'Virginia', 'co...</msg>
<var>${json_data}</var>
<arg>${response.json()}</arg>
<doc>Returns the given values which can then be assigned to a variables.</doc>
<status status="PASS" start="2024-07-30T23:13:44.602499" elapsed="0.000560"/>
</kw>
<kw name="Log" owner="BuiltIn">
<msg time="2024-07-30T23:13:44.603566" level="INFO">{'results': [{'gender': 'female', 'name': {'title': 'Miss', 'first': 'Tonya', 'last': 'Peters'}, 'location': {'street': {'number': 3240, 'name': 'Taylor St'}, 'city': 'Nampa', 'state': 'Virginia', 'country': 'United States', 'postcode': 86078, 'coordinates': {'latitude': '83.1832', 'longitude': '4.4018'}, 'timezone': {'offset': '-4:00', 'description': 'Atlantic Time (Canada), Caracas, La Paz'}}, 'email': 'tonya.peters@example.com', 'login': {'uuid': 'fb245d9e-d40a-4f21-b4f9-ba69b06154af', 'username': 'organicpanda668', 'password': 'yong', 'salt': 'rcN9jg9s', 'md5': '6dc6bc0f5b8482ebb08a91fe65b30afa', 'sha1': '3945500331973b54596e115f7275838e6891f6f8', 'sha256': '491cb8729da30008079db4a0390982ea4e5e6aa262bb5113d3a344757ba8263a'}, 'dob': {'date': '1968-12-04T01:58:43.282Z', 'age': 55}, 'registered': {'date': '2014-08-07T12:15:40.348Z', 'age': 9}, 'phone': '(240) 436-9064', 'cell': '(380) 712-6204', 'id': {'name': 'SSN', 'value': '859-28-9235'}, 'picture': {'large': 'https://randomuser.me/api/portraits/women/71.jpg', 'medium': 'https://randomuser.me/api/portraits/med/women/71.jpg', 'thumbnail': 'https://randomuser.me/api/portraits/thumb/women/71.jpg'}, 'nat': 'US'}], 'info': {'seed': '073c11a2535ed1a5', 'results': 1, 'page': 1, 'version': '1.4'}}</msg>
<arg>${json_data}</arg>
<doc>Logs the given message with the given level.</doc>
<status status="PASS" start="2024-07-30T23:13:44.603401" elapsed="0.000213"/>
</kw>
<kw name="Should Be Equal As Numbers" owner="BuiltIn">
<arg>${json_data['results'][0]['location']['postcode']}</arg>
<arg>${json_data['results'][0]['location']['postcode']}</arg>
<doc>Fails if objects are unequal after converting them to real numbers.</doc>
<status status="PASS" start="2024-07-30T23:13:44.603978" elapsed="0.000639"/>
</kw>
<kw name="Log" owner="BuiltIn">
<msg time="2024-07-30T23:13:44.605147" level="INFO">86078</msg>
<arg>${json_data['results'][0]['location']['postcode']}</arg>
<doc>Logs the given message with the given level.</doc>
<status status="PASS" start="2024-07-30T23:13:44.604813" elapsed="0.000374"/>
</kw>
<status status="PASS" start="2024-07-30T23:13:44.507871" elapsed="0.097574"/>
</kw>
<doc>Testa se os tipos de dados na resposta da API estão corretos.</doc>
<tag>testeTiposDados</tag>
<status status="PASS" start="2024-07-30T23:13:44.423518" elapsed="0.182139"/>
</test>
<test id="s1-s1-t5" name="Validar conteudo" line="35">
<kw name="Teste de Tipos de Conteudo" owner="random-user-service">
<kw name="GET On Session" owner="RequestsLibrary">
<msg time="2024-07-30T23:13:44.699538" level="INFO">GET Request : url=https://randomuser.me/api 
 path_url=/api 
 headers={'User-Agent': 'python-requests/2.32.3', 'Accept-Encoding': 'gzip, deflate', 'Accept': '*/*', 'Connection': 'keep-alive'} 
 body=None 
 </msg>
<msg time="2024-07-30T23:13:44.699639" level="INFO">GET Response : url=https://randomuser.me/api 
 status=200, reason=OK 
 headers={'Date': 'Tue, 30 Jul 2024 23:13:44 GMT', 'Content-Type': 'application/json; charset=utf-8', 'Transfer-Encoding': 'chunked', 'Connection': 'keep-alive', 'X-Powered-By': 'Express', 'Access-Control-Allow-Origin': '*', 'Cache-Control': 'no-cache', 'ETag': 'W/"47a-Yrox+3pZt3LowO40QoKYBzZDm4M"', 'Vary': 'Accept-Encoding', 'Content-Encoding': 'gzip', 'CF-Cache-Status': 'DYNAMIC', 'Report-To': '{"endpoints":[{"url":"https:\\/\\/a.nel.cloudflare.com\\/report\\/v4?s=NUvRx11rxKxKXE7JEjrn0tWlOyJFwzSvD70JlwS0ZZNcq1sTsAoPKPsUvFM6fxgeKuFTmMkKOLsWXNAS9GVDx0fAjfanVdr5WP6ybEJrNRJ7mKga6tRQIIlSFt6BbZ21"}],"group":"cf-nel","max_age":604800}', 'NEL': '{"success_fraction":0,"report_to":"cf-nel","max_age":604800}', 'Server': 'cloudflare', 'CF-RAY': '8ab90a7dda3b2a90-ORD', 'alt-svc': 'h3=":443"; ma=86400'} 
 body={"results":[{"gender":"male","name":{"title":"Mr","first":"Callum","last":"Webb"},"location":{"street":{"number":1723,"name":"Mill Lane"},"city":"Newport","state":"Fife","country":"United Kingdom","postcode":"M7W 6ZA","coordinates":{"latitude":"-12.4406","longitude":"-86.9117"},"timezone":{"offset":"-3:30","description":"Newfoundland"}},"email":"callum.webb@example.com","login":{"uuid":"2f52796b-06bb-4523-a3b5-dd958efcefcd","username":"sadgoose880","password":"charlene","salt":"azSRwjok","md5":"d5f55e29fe082fb914d93dda8e1e5bdb","sha1":"9776b1f9f9dfb8ba77ea655d4d4a5c86724f024e","sha256":"7b4d4a9a1c9a45aff87c150fb6a9abbbea2b3839bef03d3f4f66106d5a826648"},"dob":{"date":"1991-12-08T16:46:11.515Z","age":32},"registered":{"date":"2014-08-03T18:20:58.850Z","age":9},"phone":"0113073 697 3667","cell":"07185 770210","id":{"name":"NINO","value":"TP 72 64 71 I"},"picture":{"large":"https://randomuser.me/api/portraits/men/33.jpg","medium":"https://randomuser.me/api/portraits/med/men/33.jpg","thumbnail":"https://randomuser.me/api/portraits/thumb/men/33.jpg"},"nat":"GB"}],"info":{"seed":"be03c1f1df3a0f1f","results":1,"page":1,"version":"1.4"}} 
 </msg>
<msg time="2024-07-30T23:13:44.699731" level="INFO">/opt/hostedtoolcache/Python/3.12.4/x64/lib/python3.12/site-packages/urllib3/connectionpool.py:1099: InsecureRequestWarning: Unverified HTTPS request is being made to host 'randomuser.me'. Adding certificate verification is strongly advised. See: https://urllib3.readthedocs.io/en/latest/advanced-usage.html#tls-warnings
  warnings.warn(</msg>
<msg time="2024-07-30T23:13:44.699840" level="INFO">${response} = &lt;Response [200]&gt;</msg>
<var>${response}</var>
<arg>consultarAPI</arg>
<arg>/api</arg>
<doc>Sends a GET request on a previously created HTTP Session.</doc>
<status status="PASS" start="2024-07-30T23:13:44.608448" elapsed="0.091434"/>
</kw>
<kw name="Set Variable" owner="BuiltIn">
<msg time="2024-07-30T23:13:44.700879" level="INFO">${json_data} = {'results': [{'gender': 'male', 'name': {'title': 'Mr', 'first': 'Callum', 'last': 'Webb'}, 'location': {'street': {'number': 1723, 'name': 'Mill Lane'}, 'city': 'Newport', 'state': 'Fife', 'country':...</msg>
<var>${json_data}</var>
<arg>${response.json()}</arg>
<doc>Returns the given values which can then be assigned to a variables.</doc>
<status status="PASS" start="2024-07-30T23:13:44.700379" elapsed="0.000528"/>
</kw>
<kw name="Set Variable" owner="BuiltIn">
<msg time="2024-07-30T23:13:44.701596" level="INFO">${name_title} = Mr</msg>
<var>${name_title}</var>
<arg>${json_data["results"][0]["name"]["title"]}</arg>
<doc>Returns the given values which can then be assigned to a variables.</doc>
<status status="PASS" start="2024-07-30T23:13:44.701212" elapsed="0.000409"/>
</kw>
<kw name="Create List" owner="BuiltIn">
<msg time="2024-07-30T23:13:44.702067" level="INFO">${allowed_titles} = ['Mr', 'Ms', 'Miss', 'Mrs', 'Madame', 'Monsieur']</msg>
<var>${allowed_titles}</var>
<arg>Mr</arg>
<arg>Ms</arg>
<arg>Miss</arg>
<arg>Mrs</arg>
<arg>Madame</arg>
<arg>Monsieur</arg>
<doc>Returns a list containing given items.</doc>
<status status="PASS" start="2024-07-30T23:13:44.701916" elapsed="0.000176"/>
</kw>
<kw name="List Should Contain Value" owner="Collections">
<arg>${allowed_titles}</arg>
<arg>${name_title}</arg>
<doc>Fails if the ``value`` is not found from ``list``.</doc>
<status status="PASS" start="2024-07-30T23:13:44.702391" elapsed="0.000177"/>
</kw>
<kw name="Set Variable" owner="BuiltIn">
<msg time="2024-07-30T23:13:44.703124" level="INFO">${name_country} = GB</msg>
<var>${name_country}</var>
<arg>${json_data["results"][0]["nat"]}</arg>
<doc>Returns the given values which can then be assigned to a variables.</doc>
<status status="PASS" start="2024-07-30T23:13:44.702755" elapsed="0.000395"/>
</kw>
<kw name="Create List" owner="BuiltIn">
<msg time="2024-07-30T23:13:44.704061" level="INFO">${list_country} = ['AD', 'AE', 'AF', 'AG', 'AI', 'AL', 'AM', 'AO', 'AQ', 'AR', 'AS', 'AT', 'AU', 'AW', 'AX', 'AZ', 'BA', 'BB', 'BD', 'BE', 'BF', 'BG', 'BH', 'BI', 'BJ', 'BL', 'BM', 'BN', 'BO', 'BQ', 'BR', 'BS', 'BT', '...</msg>
<var>${list_country}</var>
<arg>AD</arg>
<arg>AE</arg>
<arg>AF</arg>
<arg>AG</arg>
<arg>AI</arg>
<arg>AL</arg>
<arg>AM</arg>
<arg>AO</arg>
<arg>AQ</arg>
<arg>AR</arg>
<arg>AS</arg>
<arg>AT</arg>
<arg>AU</arg>
<arg>AW</arg>
<arg>AX</arg>
<arg>AZ</arg>
<arg>BA</arg>
<arg>BB</arg>
<arg>BD</arg>
<arg>BE</arg>
<arg>BF</arg>
<arg>BG</arg>
<arg>BH</arg>
<arg>BI</arg>
<arg>BJ</arg>
<arg>BL</arg>
<arg>BM</arg>
<arg>BN</arg>
<arg>BO</arg>
<arg>BQ</arg>
<arg>BR</arg>
<arg>BS</arg>
<arg>BT</arg>
<arg>BV</arg>
<arg>BW</arg>
<arg>BY</arg>
<arg>BZ</arg>
<arg>CA</arg>
<arg>CC</arg>
<arg>CD</arg>
<arg>CF</arg>
<arg>CG</arg>
<arg>CH</arg>
<arg>CI</arg>
<arg>CK</arg>
<arg>CL</arg>
<arg>CM</arg>
<arg>CN</arg>
<arg>CO</arg>
<arg>CR</arg>
<arg>CU</arg>
<arg>CV</arg>
<arg>CW</arg>
<arg>CX</arg>
<arg>CY</arg>
<arg>CZ</arg>
<arg>DE</arg>
<arg>DJ</arg>
<arg>DK</arg>
<arg>DM</arg>
<arg>DO</arg>
<arg>DZ</arg>
<arg>EC</arg>
<arg>EE</arg>
<arg>EG</arg>
<arg>EH</arg>
<arg>ER</arg>
<arg>ES</arg>
<arg>ET</arg>
<arg>FI</arg>
<arg>FJ</arg>
<arg>FK</arg>
<arg>FM</arg>
<arg>FO</arg>
<arg>FR</arg>
<arg>GA</arg>
<arg>GB</arg>
<arg>GD</arg>
<arg>GE</arg>
<arg>GF</arg>
<arg>GG</arg>
<arg>GH</arg>
<arg>GI</arg>
<arg>GL</arg>
<arg>GM</arg>
<arg>GN</arg>
<arg>GP</arg>
<arg>GQ</arg>
<arg>GR</arg>
<arg>GS</arg>
<arg>GT</arg>
<arg>GU</arg>
<arg>GW</arg>
<arg>GY</arg>
<arg>HK</arg>
<arg>HM</arg>
<arg>HN</arg>
<arg>HR</arg>
<arg>HT</arg>
<arg>HU</arg>
<arg>ID</arg>
<arg>IE</arg>
<arg>IL</arg>
<arg>IM</arg>
<arg>IN</arg>
<arg>IO</arg>
<arg>IQ</arg>
<arg>IR</arg>
<arg>IS</arg>
<arg>IT</arg>
<arg>JE</arg>
<arg>JM</arg>
<arg>JO</arg>
<arg>JP</arg>
<arg>KE</arg>
<arg>KG</arg>
<arg>KH</arg>
<arg>KI</arg>
<arg>KM</arg>
<arg>KN</arg>
<arg>KP</arg>
<arg>KR</arg>
<arg>KW</arg>
<arg>KY</arg>
<arg>KZ</arg>
<arg>LA</arg>
<arg>LB</arg>
<arg>LC</arg>
<arg>LI</arg>
<arg>LK</arg>
<arg>LR</arg>
<arg>LS</arg>
<arg>LT</arg>
<arg>LU</arg>
<arg>LV</arg>
<arg>LY</arg>
<arg>MA</arg>
<arg>MC</arg>
<arg>MD</arg>
<arg>ME</arg>
<arg>MF</arg>
<arg>MG</arg>
<arg>MH</arg>
<arg>MK</arg>
<arg>ML</arg>
<arg>MM</arg>
<arg>MN</arg>
<arg>MO</arg>
<arg>MP</arg>
<arg>MQ</arg>
<arg>MR</arg>
<arg>MS</arg>
<arg>MT</arg>
<arg>MU</arg>
<arg>MV</arg>
<arg>MW</arg>
<arg>MX</arg>
<arg>MY</arg>
<arg>MZ</arg>
<arg>NA</arg>
<arg>NC</arg>
<arg>NE</arg>
<arg>NF</arg>
<arg>NG</arg>
<arg>NI</arg>
<arg>NL</arg>
<arg>NO</arg>
<arg>NP</arg>
<arg>NR</arg>
<arg>NU</arg>
<arg>NZ</arg>
<arg>OM</arg>
<arg>PA</arg>
<arg>PE</arg>
<arg>PF</arg>
<arg>PG</arg>
<arg>PH</arg>
<arg>PK</arg>
<arg>PL</arg>
<arg>PM</arg>
<arg>PN</arg>
<arg>PR</arg>
<arg>PS</arg>
<arg>PT</arg>
<arg>PW</arg>
<arg>PY</arg>
<arg>QA</arg>
<arg>RE</arg>
<arg>RO</arg>
<arg>RS</arg>
<arg>RU</arg>
<arg>RW</arg>
<arg>SA</arg>
<arg>SB</arg>
<arg>SC</arg>
<arg>SD</arg>
<arg>SE</arg>
<arg>SG</arg>
<arg>SH</arg>
<arg>SI</arg>
<arg>SJ</arg>
<arg>SK</arg>
<arg>SL</arg>
<arg>SM</arg>
<arg>SN</arg>
<arg>SO</arg>
<arg>SR</arg>
<arg>SS</arg>
<arg>ST</arg>
<arg>SV</arg>
<arg>SX</arg>
<arg>SY</arg>
<arg>SZ</arg>
<arg>TC</arg>
<arg>TD</arg>
<arg>TF</arg>
<arg>TG</arg>
<arg>TH</arg>
<arg>TJ</arg>
<arg>TK</arg>
<arg>TL</arg>
<arg>TM</arg>
<arg>TN</arg>
<arg>TO</arg>
<arg>TR</arg>
<arg>TT</arg>
<arg>TV</arg>
<arg>TW</arg>
<arg>TZ</arg>
<arg>UA</arg>
<arg>UG</arg>
<arg>UM</arg>
<arg>US</arg>
<arg>UY</arg>
<arg>UZ</arg>
<arg>VA</arg>
<arg>VC</arg>
<arg>VE</arg>
<arg>VG</arg>
<arg>VI</arg>
<arg>VN</arg>
<arg>VU</arg>
<arg>WF</arg>
<arg>WS</arg>
<arg>XK</arg>
<arg>YE</arg>
<arg>YT</arg>
<arg>ZA</arg>
<arg>ZM</arg>
<arg>ZW</arg>
<doc>Returns a list containing given items.</doc>
<status status="PASS" start="2024-07-30T23:13:44.703434" elapsed="0.000653"/>
</kw>
<kw name="List Should Contain Value" owner="Collections">
<arg>${list_country}</arg>
<arg>${name_country}</arg>
<doc>Fails if the ``value`` is not found from ``list``.</doc>
<status status="PASS" start="2024-07-30T23:13:44.705062" elapsed="0.000210"/>
</kw>
<kw name="Run Keyword If" owner="BuiltIn">
<kw name="Should Be True" owner="BuiltIn">
<arg>${True}</arg>
<doc>Fails if the given condition is not true.</doc>
<status status="PASS" start="2024-07-30T23:13:44.706225" elapsed="0.000144"/>
</kw>
<arg>${json_data["results"][0]["location"]["coordinates"]["latitude"]} &gt;= -90 and ${json_data["results"][0]["location"]["coordinates"]["latitude"]} &lt;= 90</arg>
<arg>Should Be True</arg>
<arg>${True}</arg>
<doc>Runs the given keyword with the given arguments, if ``condition`` is true.</doc>
<status status="PASS" start="2024-07-30T23:13:44.705473" elapsed="0.001019"/>
</kw>
<kw name="Run Keyword If" owner="BuiltIn">
<kw name="Should Be True" owner="BuiltIn">
<arg>${True}</arg>
<doc>Fails if the given condition is not true.</doc>
<status status="PASS" start="2024-07-30T23:13:44.707356" elapsed="0.000136"/>
</kw>
<arg>${json_data["results"][0]["location"]["coordinates"]["longitude"]} &gt;= -180 and ${json_data["results"][0]["location"]["coordinates"]["longitude"]} &lt;= 180</arg>
<arg>Should Be True</arg>
<arg>${True}</arg>
<doc>Runs the given keyword with the given arguments, if ``condition`` is true.</doc>
<status status="PASS" start="2024-07-30T23:13:44.706671" elapsed="0.000944"/>
</kw>
<status status="PASS" start="2024-07-30T23:13:44.608105" elapsed="0.099669"/>
</kw>
<doc>Testa o conteúdo específico dos campos retornados pela API.</doc>
<tag>testeConteudo</tag>
<status status="PASS" start="2024-07-30T23:13:44.607431" elapsed="0.100496"/>
</test>
<status status="PASS" start="2024-07-30T23:13:43.720347" elapsed="0.989552"/>
</suite>
<status status="PASS" start="2024-07-30T23:13:43.705671" elapsed="1.010150"/>
</suite>
<statistics>
<total>
<stat pass="5" fail="0" skip="0">All Tests</stat>
</total>
<tag>
<stat pass="1" fail="0" skip="0">testeConteudo</stat>
<stat pass="1" fail="0" skip="0">testeEstruturaResposta</stat>
<stat pass="1" fail="0" skip="0">testeRequisicaoBasica</stat>
<stat pass="1" fail="0" skip="0">testeTiposDados</stat>
</tag>
<suite>
<stat pass="5" fail="0" skip="0" id="s1" name="Tests">Tests</stat>
<stat pass="5" fail="0" skip="0" id="s1-s1" name="Random-User-Test">Tests.Random-User-Test</stat>
</suite>
</statistics>
<errors>
</errors>
</robot>
