<?xml version="1.0" encoding="UTF-8"?>
<robot generator="Robot 7.0.1 (Python 3.12.4 on linux)" generated="2024-07-12T09:17:09.120157" rpa="false" schemaversion="5">
<suite id="s1" name="Tests" source="/home/runner/work/ApiRandomUser/ApiRandomUser/RamdonUser/tests">
<suite id="s1-s1" name="Random-User-Test" source="/home/runner/work/ApiRandomUser/ApiRandomUser/RamdonUser/tests/random-user-test.robot">
<test id="s1-s1-t1" name="Conectar" line="13">
<kw name="Conectar API" owner="random-user-service">
<kw name="Create Session" owner="RequestsLibrary">
<msg time="2024-07-12T09:17:09.514863" level="INFO">Creating Session using : alias=consultarAPI, url=https://randomuser.me/, headers={},                     cookies={}, auth=None, timeout=None, proxies=None, verify=False,                     debug=0 </msg>
<arg>consultarAPI</arg>
<arg>${URL}</arg>
<doc>Create Session: create a HTTP session to a server</doc>
<status status="PASS" start="2024-07-12T09:17:09.514638" elapsed="0.000396"/>
</kw>
<status status="PASS" start="2024-07-12T09:17:09.513687" elapsed="0.001702"/>
</kw>
<status status="PASS" start="2024-07-12T09:17:09.513093" elapsed="0.002495"/>
</test>
<test id="s1-s1-t2" name="Validar retorno 200 e JSON Válido" line="16">
<kw name="Teste de Requisicao Basica" owner="random-user-service">
<kw name="GET On Session" owner="RequestsLibrary">
<msg time="2024-07-12T09:17:09.640154" level="INFO">GET Request : url=https://randomuser.me/api 
 path_url=/api 
 headers={'User-Agent': 'python-requests/2.32.3', 'Accept-Encoding': 'gzip, deflate', 'Accept': '*/*', 'Connection': 'keep-alive'} 
 body=None 
 </msg>
<msg time="2024-07-12T09:17:09.640266" level="INFO">GET Response : url=https://randomuser.me/api 
 status=200, reason=OK 
 headers={'Date': 'Fri, 12 Jul 2024 09:17:09 GMT', 'Content-Type': 'application/json; charset=utf-8', 'Transfer-Encoding': 'chunked', 'Connection': 'keep-alive', 'X-Powered-By': 'Express', 'Access-Control-Allow-Origin': '*', 'Cache-Control': 'no-cache', 'ETag': 'W/"490-mzJ8Jd7NGymk+g9hQY6W5YvbMtA"', 'Vary': 'Accept-Encoding', 'Content-Encoding': 'gzip', 'CF-Cache-Status': 'DYNAMIC', 'Report-To': '{"endpoints":[{"url":"https:\\/\\/a.nel.cloudflare.com\\/report\\/v4?s=mIaN9mldn1fgoR3gNmkcyx8sXH%2BpMJwQiY3RxS5uQCPhbnOUxBqb8VfTudufbvfWarl%2FT5STrOKnDv6%2ByfbTNc8YrrLtrtB2GPnWLyBTrHrYDow1MCCbIyeBWMRtVGMY"}],"group":"cf-nel","max_age":604800}', 'NEL': '{"success_fraction":0,"report_to":"cf-nel","max_age":604800}', 'Server': 'cloudflare', 'CF-RAY': '8a1ff046ab252522-SJC', 'alt-svc': 'h3=":443"; ma=86400'} 
 body={"results":[{"gender":"female","name":{"title":"Mrs","first":"Laila","last":"Zimmerer"},"location":{"street":{"number":8442,"name":"Rosenweg"},"city":"Sondershausen","state":"Rheinland-Pfalz","country":"Germany","postcode":46181,"coordinates":{"latitude":"-49.7522","longitude":"83.0970"},"timezone":{"offset":"+9:30","description":"Adelaide, Darwin"}},"email":"laila.zimmerer@example.com","login":{"uuid":"9f6edcda-6d48-4b1f-b4ec-afd1539ea4d1","username":"smallmouse944","password":"tights","salt":"2sHSf7or","md5":"3b4bc5dcc72d13424bb05daa85b07a9c","sha1":"73bf33acaa4c080850911941b0093f3726a583ed","sha256":"3aeed7ba25030ba44077a5593fb9864fdb7e1422daabbe9eb7c61d02c377ee28"},"dob":{"date":"1993-10-20T05:34:39.144Z","age":30},"registered":{"date":"2003-08-20T01:44:40.777Z","age":20},"phone":"0258-6280866","cell":"0176-3258671","id":{"name":"SVNR","value":"76 201093 Z 896"},"picture":{"large":"https://randomuser.me/api/portraits/women/35.jpg","medium":"https://randomuser.me/api/portraits/med/women/35.jpg","thumbnail":"https://randomuser.me/api/portraits/thumb/women/35.jpg"},"nat":"DE"}],"info":{"seed":"cdcddd10df20ec4f","results":1,"page":1,"version":"1.4"}} 
 </msg>
<msg time="2024-07-12T09:17:09.640341" level="INFO">/opt/hostedtoolcache/Python/3.12.4/x64/lib/python3.12/site-packages/urllib3/connectionpool.py:1099: InsecureRequestWarning: Unverified HTTPS request is being made to host 'randomuser.me'. Adding certificate verification is strongly advised. See: https://urllib3.readthedocs.io/en/latest/advanced-usage.html#tls-warnings
  warnings.warn(</msg>
<msg time="2024-07-12T09:17:09.640477" level="INFO">${response} = &lt;Response [200]&gt;</msg>
<var>${response}</var>
<arg>consultarAPI</arg>
<arg>/api</arg>
<doc>Sends a GET request on a previously created HTTP Session.</doc>
<status status="PASS" start="2024-07-12T09:17:09.518209" elapsed="0.122314"/>
</kw>
<kw name="Should Be Equal As Numbers" owner="BuiltIn">
<msg time="2024-07-12T09:17:09.641594" level="INFO">Argument types are:
&lt;class 'int'&gt;
&lt;class 'str'&gt;</msg>
<arg>${response.status_code}</arg>
<arg>200</arg>
<doc>Fails if objects are unequal after converting them to real numbers.</doc>
<status status="PASS" start="2024-07-12T09:17:09.640992" elapsed="0.000669"/>
</kw>
<kw name="Log" owner="BuiltIn">
<msg time="2024-07-12T09:17:09.642367" level="INFO">200</msg>
<arg>${response.status_code}</arg>
<doc>Logs the given message with the given level.</doc>
<status status="PASS" start="2024-07-12T09:17:09.641994" elapsed="0.000418"/>
</kw>
<kw name="Set Variable" owner="BuiltIn">
<msg time="2024-07-12T09:17:09.643228" level="INFO">${json_data} = {'results': [{'gender': 'female', 'name': {'title': 'Mrs', 'first': 'Laila', 'last': 'Zimmerer'}, 'location': {'street': {'number': 8442, 'name': 'Rosenweg'}, 'city': 'Sondershausen', 'state': 'Rheinl...</msg>
<var>${json_data}</var>
<arg>${response.json()}</arg>
<doc>Returns the given values which can then be assigned to a variables.</doc>
<status status="PASS" start="2024-07-12T09:17:09.642783" elapsed="0.000474"/>
</kw>
<kw name="Dictionary Should Contain Key" owner="Collections">
<arg>${json_data}</arg>
<arg>results</arg>
<doc>Fails if ``key`` is not found from ``dictionary``.</doc>
<status status="PASS" start="2024-07-12T09:17:09.643569" elapsed="0.000168"/>
</kw>
<status status="PASS" start="2024-07-12T09:17:09.517965" elapsed="0.125915"/>
</kw>
<doc>Testa se a API responde corretamente e retorna um objeto JSON válido.</doc>
<tag>testeRequisicaoBasica</tag>
<status status="PASS" start="2024-07-12T09:17:09.517434" elapsed="0.126627"/>
</test>
<test id="s1-s1-t3" name="Validar estrutura de resposta" line="22">
<kw name="Teste de Estrutura de Resposta" owner="random-user-service">
<kw name="GET On Session" owner="RequestsLibrary">
<msg time="2024-07-12T09:17:09.739754" level="INFO">GET Request : url=https://randomuser.me/api 
 path_url=/api 
 headers={'User-Agent': 'python-requests/2.32.3', 'Accept-Encoding': 'gzip, deflate', 'Accept': '*/*', 'Connection': 'keep-alive'} 
 body=None 
 </msg>
<msg time="2024-07-12T09:17:09.739837" level="INFO">GET Response : url=https://randomuser.me/api 
 status=200, reason=OK 
 headers={'Date': 'Fri, 12 Jul 2024 09:17:09 GMT', 'Content-Type': 'application/json; charset=utf-8', 'Transfer-Encoding': 'chunked', 'Connection': 'keep-alive', 'X-Powered-By': 'Express', 'Access-Control-Allow-Origin': '*', 'Cache-Control': 'no-cache', 'ETag': 'W/"46f-kfdu7F5Rgvn+Dnn4ogFUaX74CWo"', 'Vary': 'Accept-Encoding', 'Content-Encoding': 'gzip', 'CF-Cache-Status': 'DYNAMIC', 'Report-To': '{"endpoints":[{"url":"https:\\/\\/a.nel.cloudflare.com\\/report\\/v4?s=9bMYuJgp1AgaefuVM4Qer04CKtcw79HrXgOpv2X65NBPNWbR6iVDP%2Be1uJsztlAboEQMTuaNakrgJoRk%2B2%2FX4WtiymAOSh9h33749qTQ1%2BUlz8wjF%2B9St3jZRhRMjf14"}],"group":"cf-nel","max_age":604800}', 'NEL': '{"success_fraction":0,"report_to":"cf-nel","max_age":604800}', 'Server': 'cloudflare', 'CF-RAY': '8a1ff0474b992522-SJC', 'alt-svc': 'h3=":443"; ma=86400'} 
 body={"results":[{"gender":"male","name":{"title":"Mr","first":"Dragutin","last":"Kralj"},"location":{"street":{"number":7195,"name":"Omladinska"},"city":"Temerin","state":"Šumadija","country":"Serbia","postcode":48883,"coordinates":{"latitude":"62.8242","longitude":"-24.9460"},"timezone":{"offset":"-10:00","description":"Hawaii"}},"email":"dragutin.kralj@example.com","login":{"uuid":"451b9de6-b026-48c4-b79e-017ca903d4ab","username":"organictiger129","password":"hotmail","salt":"SakxFUqm","md5":"2c1fedf6846154bb04fc2441a8151f6c","sha1":"1adebbe42dda26309e42c1f25fddc7b19dc9c87b","sha256":"849aac99476ff74ad6dd89a0e93f74ae6e37f2ece076513268f2a8251457fc30"},"dob":{"date":"1950-03-30T01:39:23.496Z","age":74},"registered":{"date":"2011-10-17T19:57:49.676Z","age":12},"phone":"025-0282-663","cell":"065-5083-485","id":{"name":"SID","value":"212539158"},"picture":{"large":"https://randomuser.me/api/portraits/men/77.jpg","medium":"https://randomuser.me/api/portraits/med/men/77.jpg","thumbnail":"https://randomuser.me/api/portraits/thumb/men/77.jpg"},"nat":"RS"}],"info":{"seed":"7cdd6c1909ea9b45","results":1,"page":1,"version":"1.4"}} 
 </msg>
<msg time="2024-07-12T09:17:09.739962" level="INFO">/opt/hostedtoolcache/Python/3.12.4/x64/lib/python3.12/site-packages/urllib3/connectionpool.py:1099: InsecureRequestWarning: Unverified HTTPS request is being made to host 'randomuser.me'. Adding certificate verification is strongly advised. See: https://urllib3.readthedocs.io/en/latest/advanced-usage.html#tls-warnings
  warnings.warn(</msg>
<msg time="2024-07-12T09:17:09.740101" level="INFO">${response} = &lt;Response [200]&gt;</msg>
<var>${response}</var>
<arg>consultarAPI</arg>
<arg>/api</arg>
<doc>Sends a GET request on a previously created HTTP Session.</doc>
<status status="PASS" start="2024-07-12T09:17:09.646742" elapsed="0.093413"/>
</kw>
<kw name="Set Variable" owner="BuiltIn">
<msg time="2024-07-12T09:17:09.741001" level="INFO">${json_data} = {'results': [{'gender': 'male', 'name': {'title': 'Mr', 'first': 'Dragutin', 'last': 'Kralj'}, 'location': {'street': {'number': 7195, 'name': 'Omladinska'}, 'city': 'Temerin', 'state': 'Šumadija', 'c...</msg>
<var>${json_data}</var>
<arg>${response.json()}</arg>
<doc>Returns the given values which can then be assigned to a variables.</doc>
<status status="PASS" start="2024-07-12T09:17:09.740548" elapsed="0.000483"/>
</kw>
<kw name="Log" owner="BuiltIn">
<msg time="2024-07-12T09:17:09.741492" level="INFO">{'results': [{'gender': 'male', 'name': {'title': 'Mr', 'first': 'Dragutin', 'last': 'Kralj'}, 'location': {'street': {'number': 7195, 'name': 'Omladinska'}, 'city': 'Temerin', 'state': 'Šumadija', 'country': 'Serbia', 'postcode': 48883, 'coordinates': {'latitude': '62.8242', 'longitude': '-24.9460'}, 'timezone': {'offset': '-10:00', 'description': 'Hawaii'}}, 'email': 'dragutin.kralj@example.com', 'login': {'uuid': '451b9de6-b026-48c4-b79e-017ca903d4ab', 'username': 'organictiger129', 'password': 'hotmail', 'salt': 'SakxFUqm', 'md5': '2c1fedf6846154bb04fc2441a8151f6c', 'sha1': '1adebbe42dda26309e42c1f25fddc7b19dc9c87b', 'sha256': '849aac99476ff74ad6dd89a0e93f74ae6e37f2ece076513268f2a8251457fc30'}, 'dob': {'date': '1950-03-30T01:39:23.496Z', 'age': 74}, 'registered': {'date': '2011-10-17T19:57:49.676Z', 'age': 12}, 'phone': '025-0282-663', 'cell': '065-5083-485', 'id': {'name': 'SID', 'value': '212539158'}, 'picture': {'large': 'https://randomuser.me/api/portraits/men/77.jpg', 'medium': 'https://randomuser.me/api/portraits/med/men/77.jpg', 'thumbnail': 'https://randomuser.me/api/portraits/thumb/men/77.jpg'}, 'nat': 'RS'}], 'info': {'seed': '7cdd6c1909ea9b45', 'results': 1, 'page': 1, 'version': '1.4'}}</msg>
<arg>${json_data}</arg>
<doc>Logs the given message with the given level.</doc>
<status status="PASS" start="2024-07-12T09:17:09.741335" elapsed="0.000209"/>
</kw>
<kw name="Dictionary Should Contain Key" owner="Collections">
<arg>${json_data}</arg>
<arg>results</arg>
<doc>Fails if ``key`` is not found from ``dictionary``.</doc>
<status status="PASS" start="2024-07-12T09:17:09.741837" elapsed="0.000162"/>
</kw>
<kw name="Should Not Be Empty" owner="BuiltIn">
<msg time="2024-07-12T09:17:09.742307" level="INFO">Length is 2.</msg>
<arg>${json_data}</arg>
<doc>Verifies that the given item is not empty.</doc>
<status status="PASS" start="2024-07-12T09:17:09.742185" elapsed="0.000160"/>
</kw>
<kw name="Create List" owner="BuiltIn">
<msg time="2024-07-12T09:17:09.742826" level="INFO">${expected_keys} = ['gender', 'name', 'location', 'email', 'login']</msg>
<var>${expected_keys}</var>
<arg>gender</arg>
<arg>name</arg>
<arg>location</arg>
<arg>email</arg>
<arg>login</arg>
<doc>Returns a list containing given items.</doc>
<status status="PASS" start="2024-07-12T09:17:09.742631" elapsed="0.000221"/>
</kw>
<for flavor="IN">
<iter>
<kw name="Dictionary Should Contain Key" owner="Collections">
<arg>${json_data['results'][0]}</arg>
<arg>${key}</arg>
<doc>Fails if ``key`` is not found from ``dictionary``.</doc>
<status status="PASS" start="2024-07-12T09:17:09.743552" elapsed="0.000402"/>
</kw>
<kw name="Log" owner="BuiltIn">
<msg time="2024-07-12T09:17:09.744516" level="INFO">{'gender': 'male', 'name': {'title': 'Mr', 'first': 'Dragutin', 'last': 'Kralj'}, 'location': {'street': {'number': 7195, 'name': 'Omladinska'}, 'city': 'Temerin', 'state': 'Šumadija', 'country': 'Serbia', 'postcode': 48883, 'coordinates': {'latitude': '62.8242', 'longitude': '-24.9460'}, 'timezone': {'offset': '-10:00', 'description': 'Hawaii'}}, 'email': 'dragutin.kralj@example.com', 'login': {'uuid': '451b9de6-b026-48c4-b79e-017ca903d4ab', 'username': 'organictiger129', 'password': 'hotmail', 'salt': 'SakxFUqm', 'md5': '2c1fedf6846154bb04fc2441a8151f6c', 'sha1': '1adebbe42dda26309e42c1f25fddc7b19dc9c87b', 'sha256': '849aac99476ff74ad6dd89a0e93f74ae6e37f2ece076513268f2a8251457fc30'}, 'dob': {'date': '1950-03-30T01:39:23.496Z', 'age': 74}, 'registered': {'date': '2011-10-17T19:57:49.676Z', 'age': 12}, 'phone': '025-0282-663', 'cell': '065-5083-485', 'id': {'name': 'SID', 'value': '212539158'}, 'picture': {'large': 'https://randomuser.me/api/portraits/men/77.jpg', 'medium': 'https://randomuser.me/api/portraits/med/men/77.jpg', 'thumbnail': 'https://randomuser.me/api/portraits/thumb/men/77.jpg'}, 'nat': 'RS'}</msg>
<arg>${json_data['results'][0]}</arg>
<doc>Logs the given message with the given level.</doc>
<status status="PASS" start="2024-07-12T09:17:09.744153" elapsed="0.000416"/>
</kw>
<kw name="Log" owner="BuiltIn">
<msg time="2024-07-12T09:17:09.745001" level="INFO">gender</msg>
<arg>${key}</arg>
<doc>Logs the given message with the given level.</doc>
<status status="PASS" start="2024-07-12T09:17:09.744872" elapsed="0.000167"/>
</kw>
<var name="${key}">gender</var>
<status status="PASS" start="2024-07-12T09:17:09.743430" elapsed="0.001824"/>
</iter>
<iter>
<kw name="Dictionary Should Contain Key" owner="Collections">
<arg>${json_data['results'][0]}</arg>
<arg>${key}</arg>
<doc>Fails if ``key`` is not found from ``dictionary``.</doc>
<status status="PASS" start="2024-07-12T09:17:09.745548" elapsed="0.000389"/>
</kw>
<kw name="Log" owner="BuiltIn">
<msg time="2024-07-12T09:17:09.746470" level="INFO">{'gender': 'male', 'name': {'title': 'Mr', 'first': 'Dragutin', 'last': 'Kralj'}, 'location': {'street': {'number': 7195, 'name': 'Omladinska'}, 'city': 'Temerin', 'state': 'Šumadija', 'country': 'Serbia', 'postcode': 48883, 'coordinates': {'latitude': '62.8242', 'longitude': '-24.9460'}, 'timezone': {'offset': '-10:00', 'description': 'Hawaii'}}, 'email': 'dragutin.kralj@example.com', 'login': {'uuid': '451b9de6-b026-48c4-b79e-017ca903d4ab', 'username': 'organictiger129', 'password': 'hotmail', 'salt': 'SakxFUqm', 'md5': '2c1fedf6846154bb04fc2441a8151f6c', 'sha1': '1adebbe42dda26309e42c1f25fddc7b19dc9c87b', 'sha256': '849aac99476ff74ad6dd89a0e93f74ae6e37f2ece076513268f2a8251457fc30'}, 'dob': {'date': '1950-03-30T01:39:23.496Z', 'age': 74}, 'registered': {'date': '2011-10-17T19:57:49.676Z', 'age': 12}, 'phone': '025-0282-663', 'cell': '065-5083-485', 'id': {'name': 'SID', 'value': '212539158'}, 'picture': {'large': 'https://randomuser.me/api/portraits/men/77.jpg', 'medium': 'https://randomuser.me/api/portraits/med/men/77.jpg', 'thumbnail': 'https://randomuser.me/api/portraits/thumb/men/77.jpg'}, 'nat': 'RS'}</msg>
<arg>${json_data['results'][0]}</arg>
<doc>Logs the given message with the given level.</doc>
<status status="PASS" start="2024-07-12T09:17:09.746118" elapsed="0.000437"/>
</kw>
<kw name="Log" owner="BuiltIn">
<msg time="2024-07-12T09:17:09.747017" level="INFO">name</msg>
<arg>${key}</arg>
<doc>Logs the given message with the given level.</doc>
<status status="PASS" start="2024-07-12T09:17:09.746889" elapsed="0.000166"/>
</kw>
<var name="${key}">name</var>
<status status="PASS" start="2024-07-12T09:17:09.745437" elapsed="0.001837"/>
</iter>
<iter>
<kw name="Dictionary Should Contain Key" owner="Collections">
<arg>${json_data['results'][0]}</arg>
<arg>${key}</arg>
<doc>Fails if ``key`` is not found from ``dictionary``.</doc>
<status status="PASS" start="2024-07-12T09:17:09.747567" elapsed="0.000372"/>
</kw>
<kw name="Log" owner="BuiltIn">
<msg time="2024-07-12T09:17:09.748512" level="INFO">{'gender': 'male', 'name': {'title': 'Mr', 'first': 'Dragutin', 'last': 'Kralj'}, 'location': {'street': {'number': 7195, 'name': 'Omladinska'}, 'city': 'Temerin', 'state': 'Šumadija', 'country': 'Serbia', 'postcode': 48883, 'coordinates': {'latitude': '62.8242', 'longitude': '-24.9460'}, 'timezone': {'offset': '-10:00', 'description': 'Hawaii'}}, 'email': 'dragutin.kralj@example.com', 'login': {'uuid': '451b9de6-b026-48c4-b79e-017ca903d4ab', 'username': 'organictiger129', 'password': 'hotmail', 'salt': 'SakxFUqm', 'md5': '2c1fedf6846154bb04fc2441a8151f6c', 'sha1': '1adebbe42dda26309e42c1f25fddc7b19dc9c87b', 'sha256': '849aac99476ff74ad6dd89a0e93f74ae6e37f2ece076513268f2a8251457fc30'}, 'dob': {'date': '1950-03-30T01:39:23.496Z', 'age': 74}, 'registered': {'date': '2011-10-17T19:57:49.676Z', 'age': 12}, 'phone': '025-0282-663', 'cell': '065-5083-485', 'id': {'name': 'SID', 'value': '212539158'}, 'picture': {'large': 'https://randomuser.me/api/portraits/men/77.jpg', 'medium': 'https://randomuser.me/api/portraits/med/men/77.jpg', 'thumbnail': 'https://randomuser.me/api/portraits/thumb/men/77.jpg'}, 'nat': 'RS'}</msg>
<arg>${json_data['results'][0]}</arg>
<doc>Logs the given message with the given level.</doc>
<status status="PASS" start="2024-07-12T09:17:09.748129" elapsed="0.000435"/>
</kw>
<kw name="Log" owner="BuiltIn">
<msg time="2024-07-12T09:17:09.749013" level="INFO">location</msg>
<arg>${key}</arg>
<doc>Logs the given message with the given level.</doc>
<status status="PASS" start="2024-07-12T09:17:09.748885" elapsed="0.000170"/>
</kw>
<var name="${key}">location</var>
<status status="PASS" start="2024-07-12T09:17:09.747458" elapsed="0.001811"/>
</iter>
<iter>
<kw name="Dictionary Should Contain Key" owner="Collections">
<arg>${json_data['results'][0]}</arg>
<arg>${key}</arg>
<doc>Fails if ``key`` is not found from ``dictionary``.</doc>
<status status="PASS" start="2024-07-12T09:17:09.749544" elapsed="0.000376"/>
</kw>
<kw name="Log" owner="BuiltIn">
<msg time="2024-07-12T09:17:09.750451" level="INFO">{'gender': 'male', 'name': {'title': 'Mr', 'first': 'Dragutin', 'last': 'Kralj'}, 'location': {'street': {'number': 7195, 'name': 'Omladinska'}, 'city': 'Temerin', 'state': 'Šumadija', 'country': 'Serbia', 'postcode': 48883, 'coordinates': {'latitude': '62.8242', 'longitude': '-24.9460'}, 'timezone': {'offset': '-10:00', 'description': 'Hawaii'}}, 'email': 'dragutin.kralj@example.com', 'login': {'uuid': '451b9de6-b026-48c4-b79e-017ca903d4ab', 'username': 'organictiger129', 'password': 'hotmail', 'salt': 'SakxFUqm', 'md5': '2c1fedf6846154bb04fc2441a8151f6c', 'sha1': '1adebbe42dda26309e42c1f25fddc7b19dc9c87b', 'sha256': '849aac99476ff74ad6dd89a0e93f74ae6e37f2ece076513268f2a8251457fc30'}, 'dob': {'date': '1950-03-30T01:39:23.496Z', 'age': 74}, 'registered': {'date': '2011-10-17T19:57:49.676Z', 'age': 12}, 'phone': '025-0282-663', 'cell': '065-5083-485', 'id': {'name': 'SID', 'value': '212539158'}, 'picture': {'large': 'https://randomuser.me/api/portraits/men/77.jpg', 'medium': 'https://randomuser.me/api/portraits/med/men/77.jpg', 'thumbnail': 'https://randomuser.me/api/portraits/thumb/men/77.jpg'}, 'nat': 'RS'}</msg>
<arg>${json_data['results'][0]}</arg>
<doc>Logs the given message with the given level.</doc>
<status status="PASS" start="2024-07-12T09:17:09.750106" elapsed="0.000396"/>
</kw>
<kw name="Log" owner="BuiltIn">
<msg time="2024-07-12T09:17:09.750966" level="INFO">email</msg>
<arg>${key}</arg>
<doc>Logs the given message with the given level.</doc>
<status status="PASS" start="2024-07-12T09:17:09.750834" elapsed="0.000171"/>
</kw>
<var name="${key}">email</var>
<status status="PASS" start="2024-07-12T09:17:09.749437" elapsed="0.001787"/>
</iter>
<iter>
<kw name="Dictionary Should Contain Key" owner="Collections">
<arg>${json_data['results'][0]}</arg>
<arg>${key}</arg>
<doc>Fails if ``key`` is not found from ``dictionary``.</doc>
<status status="PASS" start="2024-07-12T09:17:09.751506" elapsed="0.000388"/>
</kw>
<kw name="Log" owner="BuiltIn">
<msg time="2024-07-12T09:17:09.752420" level="INFO">{'gender': 'male', 'name': {'title': 'Mr', 'first': 'Dragutin', 'last': 'Kralj'}, 'location': {'street': {'number': 7195, 'name': 'Omladinska'}, 'city': 'Temerin', 'state': 'Šumadija', 'country': 'Serbia', 'postcode': 48883, 'coordinates': {'latitude': '62.8242', 'longitude': '-24.9460'}, 'timezone': {'offset': '-10:00', 'description': 'Hawaii'}}, 'email': 'dragutin.kralj@example.com', 'login': {'uuid': '451b9de6-b026-48c4-b79e-017ca903d4ab', 'username': 'organictiger129', 'password': 'hotmail', 'salt': 'SakxFUqm', 'md5': '2c1fedf6846154bb04fc2441a8151f6c', 'sha1': '1adebbe42dda26309e42c1f25fddc7b19dc9c87b', 'sha256': '849aac99476ff74ad6dd89a0e93f74ae6e37f2ece076513268f2a8251457fc30'}, 'dob': {'date': '1950-03-30T01:39:23.496Z', 'age': 74}, 'registered': {'date': '2011-10-17T19:57:49.676Z', 'age': 12}, 'phone': '025-0282-663', 'cell': '065-5083-485', 'id': {'name': 'SID', 'value': '212539158'}, 'picture': {'large': 'https://randomuser.me/api/portraits/men/77.jpg', 'medium': 'https://randomuser.me/api/portraits/med/men/77.jpg', 'thumbnail': 'https://randomuser.me/api/portraits/thumb/men/77.jpg'}, 'nat': 'RS'}</msg>
<arg>${json_data['results'][0]}</arg>
<doc>Logs the given message with the given level.</doc>
<status status="PASS" start="2024-07-12T09:17:09.752075" elapsed="0.000397"/>
</kw>
<kw name="Log" owner="BuiltIn">
<msg time="2024-07-12T09:17:09.752892" level="INFO">login</msg>
<arg>${key}</arg>
<doc>Logs the given message with the given level.</doc>
<status status="PASS" start="2024-07-12T09:17:09.752767" elapsed="0.000162"/>
</kw>
<var name="${key}">login</var>
<status status="PASS" start="2024-07-12T09:17:09.751394" elapsed="0.001752"/>
</iter>
<var>${key}</var>
<value>@{expected_keys}</value>
<status status="PASS" start="2024-07-12T09:17:09.743249" elapsed="0.010017"/>
</for>
<kw name="Create List" owner="BuiltIn">
<msg time="2024-07-12T09:17:09.753585" level="INFO">${expected_keysTwo} = ['username', 'password']</msg>
<var>${expected_keysTwo}</var>
<arg>username</arg>
<arg>password</arg>
<doc>Returns a list containing given items.</doc>
<status status="PASS" start="2024-07-12T09:17:09.753453" elapsed="0.000156"/>
</kw>
<for flavor="IN">
<iter>
<kw name="Dictionary Should Contain Key" owner="Collections">
<arg>${json_data['results'][0]['login']}</arg>
<arg>${keyTwo}</arg>
<doc>Fails if ``key`` is not found from ``dictionary``.</doc>
<status status="PASS" start="2024-07-12T09:17:09.754181" elapsed="0.000658"/>
</kw>
<kw name="Dictionary Should Contain Key" owner="Collections">
<arg>${json_data['results'][0]['login']}</arg>
<arg>${keyTwo}</arg>
<doc>Fails if ``key`` is not found from ``dictionary``.</doc>
<status status="PASS" start="2024-07-12T09:17:09.755119" elapsed="0.000550"/>
</kw>
<kw name="Log" owner="BuiltIn">
<msg time="2024-07-12T09:17:09.756001" level="INFO">username</msg>
<arg>${keyTwo}</arg>
<doc>Logs the given message with the given level.</doc>
<status status="PASS" start="2024-07-12T09:17:09.755865" elapsed="0.000174"/>
</kw>
<var name="${keyTwo}">username</var>
<status status="PASS" start="2024-07-12T09:17:09.754020" elapsed="0.002244"/>
</iter>
<iter>
<kw name="Dictionary Should Contain Key" owner="Collections">
<arg>${json_data['results'][0]['login']}</arg>
<arg>${keyTwo}</arg>
<doc>Fails if ``key`` is not found from ``dictionary``.</doc>
<status status="PASS" start="2024-07-12T09:17:09.756544" elapsed="0.000379"/>
</kw>
<kw name="Dictionary Should Contain Key" owner="Collections">
<arg>${json_data['results'][0]['login']}</arg>
<arg>${keyTwo}</arg>
<doc>Fails if ``key`` is not found from ``dictionary``.</doc>
<status status="PASS" start="2024-07-12T09:17:09.757102" elapsed="0.000371"/>
</kw>
<kw name="Log" owner="BuiltIn">
<msg time="2024-07-12T09:17:09.757771" level="INFO">password</msg>
<arg>${keyTwo}</arg>
<doc>Logs the given message with the given level.</doc>
<status status="PASS" start="2024-07-12T09:17:09.757652" elapsed="0.000161"/>
</kw>
<var name="${keyTwo}">password</var>
<status status="PASS" start="2024-07-12T09:17:09.756436" elapsed="0.001597"/>
</iter>
<var>${keyTwo}</var>
<value>@{expected_keysTwo}</value>
<status status="PASS" start="2024-07-12T09:17:09.753869" elapsed="0.004285"/>
</for>
<status status="PASS" start="2024-07-12T09:17:09.646487" elapsed="0.111804"/>
</kw>
<doc>Testa a estrutura da resposta da API.</doc>
<tag>testeEstruturaResposta</tag>
<status status="PASS" start="2024-07-12T09:17:09.645920" elapsed="0.112518"/>
</test>
<test id="s1-s1-t4" name="Validar tipos de dados" line="28">
<kw name="Teste de Tipos de Dados" owner="random-user-service">
<kw name="GET On Session" owner="RequestsLibrary">
<msg time="2024-07-12T09:17:09.854497" level="INFO">GET Request : url=https://randomuser.me/api 
 path_url=/api 
 headers={'User-Agent': 'python-requests/2.32.3', 'Accept-Encoding': 'gzip, deflate', 'Accept': '*/*', 'Connection': 'keep-alive'} 
 body=None 
 </msg>
<msg time="2024-07-12T09:17:09.854571" level="INFO">GET Response : url=https://randomuser.me/api 
 status=200, reason=OK 
 headers={'Date': 'Fri, 12 Jul 2024 09:17:09 GMT', 'Content-Type': 'application/json; charset=utf-8', 'Transfer-Encoding': 'chunked', 'Connection': 'keep-alive', 'X-Powered-By': 'Express', 'Access-Control-Allow-Origin': '*', 'Cache-Control': 'no-cache', 'ETag': 'W/"493-evFhCMCaS8OzGBZcMX/KFqrM0NA"', 'Vary': 'Accept-Encoding', 'Content-Encoding': 'gzip', 'CF-Cache-Status': 'DYNAMIC', 'Report-To': '{"endpoints":[{"url":"https:\\/\\/a.nel.cloudflare.com\\/report\\/v4?s=WePcBRjJhMtFjU5CiH2xME8A5cS%2BaGysI9%2FFP0Q5h%2FLOzrqngEfEYpb8srHU4E2MF5Z98DPi%2BR0Mn8aauhzpWnpuR%2Feh4isF5bft8IVzLZp5v%2BEz2c%2F5WEx2EoU%2FlwPm"}],"group":"cf-nel","max_age":604800}', 'NEL': '{"success_fraction":0,"report_to":"cf-nel","max_age":604800}', 'Server': 'cloudflare', 'CF-RAY': '8a1ff0480c2a2522-SJC', 'alt-svc': 'h3=":443"; ma=86400'} 
 body={"results":[{"gender":"female","name":{"title":"Mrs","first":"Cathy","last":"Bennett"},"location":{"street":{"number":4727,"name":"The Green"},"city":"Sheffield","state":"Borders","country":"United Kingdom","postcode":"KJ95 1FZ","coordinates":{"latitude":"-10.5461","longitude":"119.7963"},"timezone":{"offset":"-7:00","description":"Mountain Time (US &amp; Canada)"}},"email":"cathy.bennett@example.com","login":{"uuid":"30537eb0-42c9-4c5e-873b-9f1c8f333a54","username":"redlion996","password":"carol","salt":"kWJVv5pC","md5":"e737e1cab08086aa275f8ae56929f342","sha1":"3218300097d9ba49d6d4fa82daae97b6b4576f7c","sha256":"b9f0f7c74e27864453b7c13fc668c33d0f74fa5819b86221a06afaa55834bdbd"},"dob":{"date":"1950-05-10T17:43:02.007Z","age":74},"registered":{"date":"2017-12-29T12:06:40.137Z","age":6},"phone":"01912 26333","cell":"07188 173321","id":{"name":"NINO","value":"KY 05 32 51 H"},"picture":{"large":"https://randomuser.me/api/portraits/women/49.jpg","medium":"https://randomuser.me/api/portraits/med/women/49.jpg","thumbnail":"https://randomuser.me/api/portraits/thumb/women/49.jpg"},"nat":"GB"}],"info":{"seed":"79e4108750c35ed6","results":1,"page":1,"version":"1.4"}} 
 </msg>
<msg time="2024-07-12T09:17:09.854630" level="INFO">/opt/hostedtoolcache/Python/3.12.4/x64/lib/python3.12/site-packages/urllib3/connectionpool.py:1099: InsecureRequestWarning: Unverified HTTPS request is being made to host 'randomuser.me'. Adding certificate verification is strongly advised. See: https://urllib3.readthedocs.io/en/latest/advanced-usage.html#tls-warnings
  warnings.warn(</msg>
<msg time="2024-07-12T09:17:09.854764" level="INFO">${response} = &lt;Response [200]&gt;</msg>
<var>${response}</var>
<arg>consultarAPI</arg>
<arg>/api</arg>
<doc>Sends a GET request on a previously created HTTP Session.</doc>
<status status="PASS" start="2024-07-12T09:17:09.761040" elapsed="0.093768"/>
</kw>
<kw name="Set Variable" owner="BuiltIn">
<msg time="2024-07-12T09:17:09.855614" level="INFO">${json_data} = {'results': [{'gender': 'female', 'name': {'title': 'Mrs', 'first': 'Cathy', 'last': 'Bennett'}, 'location': {'street': {'number': 4727, 'name': 'The Green'}, 'city': 'Sheffield', 'state': 'Borders', ...</msg>
<var>${json_data}</var>
<arg>${response.json()}</arg>
<doc>Returns the given values which can then be assigned to a variables.</doc>
<status status="PASS" start="2024-07-12T09:17:09.855166" elapsed="0.000477"/>
</kw>
<kw name="Log" owner="BuiltIn">
<msg time="2024-07-12T09:17:09.856095" level="INFO">{'results': [{'gender': 'female', 'name': {'title': 'Mrs', 'first': 'Cathy', 'last': 'Bennett'}, 'location': {'street': {'number': 4727, 'name': 'The Green'}, 'city': 'Sheffield', 'state': 'Borders', 'country': 'United Kingdom', 'postcode': 'KJ95 1FZ', 'coordinates': {'latitude': '-10.5461', 'longitude': '119.7963'}, 'timezone': {'offset': '-7:00', 'description': 'Mountain Time (US &amp; Canada)'}}, 'email': 'cathy.bennett@example.com', 'login': {'uuid': '30537eb0-42c9-4c5e-873b-9f1c8f333a54', 'username': 'redlion996', 'password': 'carol', 'salt': 'kWJVv5pC', 'md5': 'e737e1cab08086aa275f8ae56929f342', 'sha1': '3218300097d9ba49d6d4fa82daae97b6b4576f7c', 'sha256': 'b9f0f7c74e27864453b7c13fc668c33d0f74fa5819b86221a06afaa55834bdbd'}, 'dob': {'date': '1950-05-10T17:43:02.007Z', 'age': 74}, 'registered': {'date': '2017-12-29T12:06:40.137Z', 'age': 6}, 'phone': '01912 26333', 'cell': '07188 173321', 'id': {'name': 'NINO', 'value': 'KY 05 32 51 H'}, 'picture': {'large': 'https://randomuser.me/api/portraits/women/49.jpg', 'medium': 'https://randomuser.me/api/portraits/med/women/49.jpg', 'thumbnail': 'https://randomuser.me/api/portraits/thumb/women/49.jpg'}, 'nat': 'GB'}], 'info': {'seed': '79e4108750c35ed6', 'results': 1, 'page': 1, 'version': '1.4'}}</msg>
<arg>${json_data}</arg>
<doc>Logs the given message with the given level.</doc>
<status status="PASS" start="2024-07-12T09:17:09.855943" elapsed="0.000213"/>
</kw>
<kw name="Should Be String" owner="String">
<arg>${json_data['results'][0]['gender']}</arg>
<doc>Fails if the given ``item`` is not a string.</doc>
<status status="PASS" start="2024-07-12T09:17:09.856448" elapsed="0.000364"/>
</kw>
<kw name="Should Match Regexp" owner="BuiltIn">
<arg>${json_data['results'][0]['email']}</arg>
<arg>^[a-zA-Z0-9._%+-]+@[a-zA-Z0-9.-]+\.[a-zA-Z]{2,}$</arg>
<doc>Fails if ``string`` does not match ``pattern`` as a regular expression.</doc>
<status status="PASS" start="2024-07-12T09:17:09.857000" elapsed="0.000497"/>
</kw>
<kw name="Should Match Regexp" owner="BuiltIn">
<arg>${json_data['results'][0]['dob']['date']}</arg>
<arg>\\d{4}-\\d{2}-\\d{2}T\\d{2}:\\d{2}:\\d{2}\\.\\d{3}Z</arg>
<doc>Fails if ``string`` does not match ``pattern`` as a regular expression.</doc>
<status status="PASS" start="2024-07-12T09:17:09.857723" elapsed="0.000489"/>
</kw>
<kw name="Should Match Regexp" owner="BuiltIn">
<arg>${json_data['results'][0]['registered']['date']}</arg>
<arg>\\d{4}-\\d{2}-\\d{2}T\\d{2}:\\d{2}:\\d{2}\\.\\d{3}Z</arg>
<doc>Fails if ``string`` does not match ``pattern`` as a regular expression.</doc>
<status status="PASS" start="2024-07-12T09:17:09.858404" elapsed="0.000411"/>
</kw>
<kw name="Should Match Regexp" owner="BuiltIn">
<arg>${json_data['results'][0]['picture']['large']}</arg>
<arg>^https?://.*\.(?:png|jpe?g|gif|bmp)$</arg>
<doc>Fails if ``string`` does not match ``pattern`` as a regular expression.</doc>
<status status="PASS" start="2024-07-12T09:17:09.859013" elapsed="0.000460"/>
</kw>
<kw name="Should Match Regexp" owner="BuiltIn">
<arg>${json_data['results'][0]['picture']['medium']}</arg>
<arg>^https?://.*\.(?:png|jpe?g|gif|bmp)$</arg>
<doc>Fails if ``string`` does not match ``pattern`` as a regular expression.</doc>
<status status="PASS" start="2024-07-12T09:17:09.859664" elapsed="0.000375"/>
</kw>
<kw name="Should Match Regexp" owner="BuiltIn">
<arg>${json_data['results'][0]['picture']['thumbnail']}</arg>
<arg>^https?://.*\.(?:png|jpe?g|gif|bmp)$</arg>
<doc>Fails if ``string`` does not match ``pattern`` as a regular expression.</doc>
<status status="PASS" start="2024-07-12T09:17:09.860224" elapsed="0.000347"/>
</kw>
<kw name="Log" owner="BuiltIn">
<msg time="2024-07-12T09:17:09.861088" level="INFO">{'large': 'https://randomuser.me/api/portraits/women/49.jpg', 'medium': 'https://randomuser.me/api/portraits/med/women/49.jpg', 'thumbnail': 'https://randomuser.me/api/portraits/thumb/women/49.jpg'}</msg>
<arg>${json_data['results'][0]['picture']}</arg>
<doc>Logs the given message with the given level.</doc>
<status status="PASS" start="2024-07-12T09:17:09.860760" elapsed="0.000372"/>
</kw>
<status status="PASS" start="2024-07-12T09:17:09.760821" elapsed="0.100562"/>
</kw>
<kw name="Teste de Tipos de Dados - Postcode" owner="random-user-service">
<kw name="GET On Session" owner="RequestsLibrary">
<msg time="2024-07-12T09:17:09.956092" level="INFO">GET Request : url=https://randomuser.me/api 
 path_url=/api 
 headers={'User-Agent': 'python-requests/2.32.3', 'Accept-Encoding': 'gzip, deflate', 'Accept': '*/*', 'Connection': 'keep-alive'} 
 body=None 
 </msg>
<msg time="2024-07-12T09:17:09.956170" level="INFO">GET Response : url=https://randomuser.me/api 
 status=200, reason=OK 
 headers={'Date': 'Fri, 12 Jul 2024 09:17:09 GMT', 'Content-Type': 'application/json; charset=utf-8', 'Transfer-Encoding': 'chunked', 'Connection': 'keep-alive', 'X-Powered-By': 'Express', 'Access-Control-Allow-Origin': '*', 'Cache-Control': 'no-cache', 'ETag': 'W/"47c-Nit8azgeH/XqARnUWNzphOr2Xlo"', 'Vary': 'Accept-Encoding', 'Content-Encoding': 'gzip', 'CF-Cache-Status': 'DYNAMIC', 'Report-To': '{"endpoints":[{"url":"https:\\/\\/a.nel.cloudflare.com\\/report\\/v4?s=EV5IPKsEem318%2BCvQcf4XClQAP%2FSfLHGXzLhd3%2F64YjoYFhC7HNPenZXti3R0e5JNGxVze3eORiRY%2Bt9UOXloQcPLnzne%2F9NFUepOdci0TK4tdr5S0%2FSDEZV%2B6eQDDVS"}],"group":"cf-nel","max_age":604800}', 'NEL': '{"success_fraction":0,"report_to":"cf-nel","max_age":604800}', 'Server': 'cloudflare', 'CF-RAY': '8a1ff048acb22522-SJC', 'alt-svc': 'h3=":443"; ma=86400'} 
 body={"results":[{"gender":"male","name":{"title":"Monsieur","first":"Nando","last":"Lefebvre"},"location":{"street":{"number":3591,"name":"Rue Duquesne"},"city":"Fontenais","state":"Bern","country":"Switzerland","postcode":8218,"coordinates":{"latitude":"-63.8213","longitude":"-56.8581"},"timezone":{"offset":"+4:30","description":"Kabul"}},"email":"nando.lefebvre@example.com","login":{"uuid":"b8a5e43e-2d7a-4e9f-acca-b360c8537a6d","username":"smallostrich757","password":"russia","salt":"iZCO3K8P","md5":"6bb89e2465fce2c71fc3cb6b11af3350","sha1":"817d247b646a10c5788b90ed078ab2e17782e87d","sha256":"7e43bfd84c6910ff53be7ef7a42eb90b7c9257cc89d5db6af7e9e85e1b4c8bd0"},"dob":{"date":"1956-09-29T21:53:54.831Z","age":67},"registered":{"date":"2010-04-08T23:57:07.549Z","age":14},"phone":"077 324 63 80","cell":"077 942 73 99","id":{"name":"AVS","value":"756.4117.6945.74"},"picture":{"large":"https://randomuser.me/api/portraits/men/6.jpg","medium":"https://randomuser.me/api/portraits/med/men/6.jpg","thumbnail":"https://randomuser.me/api/portraits/thumb/men/6.jpg"},"nat":"CH"}],"info":{"seed":"54dcdc768626c2b4","results":1,"page":1,"version":"1.4"}} 
 </msg>
<msg time="2024-07-12T09:17:09.956241" level="INFO">/opt/hostedtoolcache/Python/3.12.4/x64/lib/python3.12/site-packages/urllib3/connectionpool.py:1099: InsecureRequestWarning: Unverified HTTPS request is being made to host 'randomuser.me'. Adding certificate verification is strongly advised. See: https://urllib3.readthedocs.io/en/latest/advanced-usage.html#tls-warnings
  warnings.warn(</msg>
<msg time="2024-07-12T09:17:09.956371" level="INFO">${response} = &lt;Response [200]&gt;</msg>
<var>${response}</var>
<arg>consultarAPI</arg>
<arg>/api</arg>
<doc>Sends a GET request on a previously created HTTP Session.</doc>
<status status="PASS" start="2024-07-12T09:17:09.861804" elapsed="0.094615"/>
</kw>
<kw name="Set Variable" owner="BuiltIn">
<msg time="2024-07-12T09:17:09.957269" level="INFO">${json_data} = {'results': [{'gender': 'male', 'name': {'title': 'Monsieur', 'first': 'Nando', 'last': 'Lefebvre'}, 'location': {'street': {'number': 3591, 'name': 'Rue Duquesne'}, 'city': 'Fontenais', 'state': 'Ber...</msg>
<var>${json_data}</var>
<arg>${response.json()}</arg>
<doc>Returns the given values which can then be assigned to a variables.</doc>
<status status="PASS" start="2024-07-12T09:17:09.956829" elapsed="0.000470"/>
</kw>
<kw name="Log" owner="BuiltIn">
<msg time="2024-07-12T09:17:09.957769" level="INFO">{'results': [{'gender': 'male', 'name': {'title': 'Monsieur', 'first': 'Nando', 'last': 'Lefebvre'}, 'location': {'street': {'number': 3591, 'name': 'Rue Duquesne'}, 'city': 'Fontenais', 'state': 'Bern', 'country': 'Switzerland', 'postcode': 8218, 'coordinates': {'latitude': '-63.8213', 'longitude': '-56.8581'}, 'timezone': {'offset': '+4:30', 'description': 'Kabul'}}, 'email': 'nando.lefebvre@example.com', 'login': {'uuid': 'b8a5e43e-2d7a-4e9f-acca-b360c8537a6d', 'username': 'smallostrich757', 'password': 'russia', 'salt': 'iZCO3K8P', 'md5': '6bb89e2465fce2c71fc3cb6b11af3350', 'sha1': '817d247b646a10c5788b90ed078ab2e17782e87d', 'sha256': '7e43bfd84c6910ff53be7ef7a42eb90b7c9257cc89d5db6af7e9e85e1b4c8bd0'}, 'dob': {'date': '1956-09-29T21:53:54.831Z', 'age': 67}, 'registered': {'date': '2010-04-08T23:57:07.549Z', 'age': 14}, 'phone': '077 324 63 80', 'cell': '077 942 73 99', 'id': {'name': 'AVS', 'value': '756.4117.6945.74'}, 'picture': {'large': 'https://randomuser.me/api/portraits/men/6.jpg', 'medium': 'https://randomuser.me/api/portraits/med/men/6.jpg', 'thumbnail': 'https://randomuser.me/api/portraits/thumb/men/6.jpg'}, 'nat': 'CH'}], 'info': {'seed': '54dcdc768626c2b4', 'results': 1, 'page': 1, 'version': '1.4'}}</msg>
<arg>${json_data}</arg>
<doc>Logs the given message with the given level.</doc>
<status status="PASS" start="2024-07-12T09:17:09.957608" elapsed="0.000211"/>
</kw>
<kw name="Should Be Equal As Numbers" owner="BuiltIn">
<arg>${json_data['results'][0]['location']['postcode']}</arg>
<arg>${json_data['results'][0]['location']['postcode']}</arg>
<doc>Fails if objects are unequal after converting them to real numbers.</doc>
<status status="PASS" start="2024-07-12T09:17:09.958113" elapsed="0.000662"/>
</kw>
<kw name="Log" owner="BuiltIn">
<msg time="2024-07-12T09:17:09.959321" level="INFO">8218</msg>
<arg>${json_data['results'][0]['location']['postcode']}</arg>
<doc>Logs the given message with the given level.</doc>
<status status="PASS" start="2024-07-12T09:17:09.958978" elapsed="0.000384"/>
</kw>
<status status="PASS" start="2024-07-12T09:17:09.861590" elapsed="0.098022"/>
</kw>
<doc>Testa se os tipos de dados na resposta da API estão corretos.</doc>
<tag>testeTiposDados</tag>
<status status="PASS" start="2024-07-12T09:17:09.760224" elapsed="0.199579"/>
</test>
<test id="s1-s1-t5" name="Validar conteudo" line="35">
<kw name="Teste de Tipos de Conteudo" owner="random-user-service">
<kw name="GET On Session" owner="RequestsLibrary">
<msg time="2024-07-12T09:17:10.078029" level="INFO">GET Request : url=https://randomuser.me/api 
 path_url=/api 
 headers={'User-Agent': 'python-requests/2.32.3', 'Accept-Encoding': 'gzip, deflate', 'Accept': '*/*', 'Connection': 'keep-alive'} 
 body=None 
 </msg>
<msg time="2024-07-12T09:17:10.078091" level="INFO">GET Response : url=https://randomuser.me/api 
 status=200, reason=OK 
 headers={'Date': 'Fri, 12 Jul 2024 09:17:10 GMT', 'Content-Type': 'application/json; charset=utf-8', 'Transfer-Encoding': 'chunked', 'Connection': 'keep-alive', 'X-Powered-By': 'Express', 'Access-Control-Allow-Origin': '*', 'Cache-Control': 'no-cache', 'ETag': 'W/"489-L753RRIi9gWp0AhDY+AsuB77sRk"', 'Vary': 'Accept-Encoding', 'Content-Encoding': 'gzip', 'CF-Cache-Status': 'DYNAMIC', 'Report-To': '{"endpoints":[{"url":"https:\\/\\/a.nel.cloudflare.com\\/report\\/v4?s=jdyXAUs32ROx0w9bjD6CC7gb%2FSWAZA4I%2BKwYZoT4l7wepBly%2Fg8QxWryMuFbD%2FO2YdmT6ZspAueRLtiqyRjqOVTSNlUHwkpUCfzYBxOQOBsUavAo6vR%2Fi6mit5QRs0gQ"}],"group":"cf-nel","max_age":604800}', 'NEL': '{"success_fraction":0,"report_to":"cf-nel","max_age":604800}', 'Server': 'cloudflare', 'CF-RAY': '8a1ff0494d4f2522-SJC', 'alt-svc': 'h3=":443"; ma=86400'} 
 body={"results":[{"gender":"male","name":{"title":"Mr","first":"Simon","last":"Sørensen"},"location":{"street":{"number":3103,"name":"Kastanievej"},"city":"Brondby","state":"Syddanmark","country":"Denmark","postcode":84728,"coordinates":{"latitude":"-39.8702","longitude":"-84.3964"},"timezone":{"offset":"-5:00","description":"Eastern Time (US &amp; Canada), Bogota, Lima"}},"email":"simon.sorensen@example.com","login":{"uuid":"df4462ed-3c9d-4e94-b335-4ee982dacd80","username":"bluefrog368","password":"candle","salt":"nYJ15Lqp","md5":"2ae88fee7c8889e9859adfe388aa5f22","sha1":"b6f82ddf32e059508c528c810186e690bd8d538b","sha256":"20fc10d1179c57a40a33e568f0d8c41006593bebff801c0d3f74a4fd869be897"},"dob":{"date":"1995-06-20T02:28:21.804Z","age":29},"registered":{"date":"2020-09-24T12:19:42.934Z","age":3},"phone":"51867850","cell":"50895453","id":{"name":"CPR","value":"190695-4777"},"picture":{"large":"https://randomuser.me/api/portraits/men/61.jpg","medium":"https://randomuser.me/api/portraits/med/men/61.jpg","thumbnail":"https://randomuser.me/api/portraits/thumb/men/61.jpg"},"nat":"DK"}],"info":{"seed":"b1e44ac5382b4731","results":1,"page":1,"version":"1.4"}} 
 </msg>
<msg time="2024-07-12T09:17:10.078162" level="INFO">/opt/hostedtoolcache/Python/3.12.4/x64/lib/python3.12/site-packages/urllib3/connectionpool.py:1099: InsecureRequestWarning: Unverified HTTPS request is being made to host 'randomuser.me'. Adding certificate verification is strongly advised. See: https://urllib3.readthedocs.io/en/latest/advanced-usage.html#tls-warnings
  warnings.warn(</msg>
<msg time="2024-07-12T09:17:10.078248" level="INFO">${response} = &lt;Response [200]&gt;</msg>
<var>${response}</var>
<arg>consultarAPI</arg>
<arg>/api</arg>
<doc>Sends a GET request on a previously created HTTP Session.</doc>
<status status="PASS" start="2024-07-12T09:17:09.962946" elapsed="0.115334"/>
</kw>
<kw name="Set Variable" owner="BuiltIn">
<msg time="2024-07-12T09:17:10.079122" level="INFO">${json_data} = {'results': [{'gender': 'male', 'name': {'title': 'Mr', 'first': 'Simon', 'last': 'Sørensen'}, 'location': {'street': {'number': 3103, 'name': 'Kastanievej'}, 'city': 'Brondby', 'state': 'Syddanmark',...</msg>
<var>${json_data}</var>
<arg>${response.json()}</arg>
<doc>Returns the given values which can then be assigned to a variables.</doc>
<status status="PASS" start="2024-07-12T09:17:10.078649" elapsed="0.000502"/>
</kw>
<kw name="Set Variable" owner="BuiltIn">
<msg time="2024-07-12T09:17:10.079820" level="INFO">${name_title} = Mr</msg>
<var>${name_title}</var>
<arg>${json_data["results"][0]["name"]["title"]}</arg>
<doc>Returns the given values which can then be assigned to a variables.</doc>
<status status="PASS" start="2024-07-12T09:17:10.079452" elapsed="0.000394"/>
</kw>
<kw name="Create List" owner="BuiltIn">
<msg time="2024-07-12T09:17:10.080291" level="INFO">${allowed_titles} = ['Mr', 'Ms', 'Miss', 'Mrs', 'Madame', 'Monsieur']</msg>
<var>${allowed_titles}</var>
<arg>Mr</arg>
<arg>Ms</arg>
<arg>Miss</arg>
<arg>Mrs</arg>
<arg>Madame</arg>
<arg>Monsieur</arg>
<doc>Returns a list containing given items.</doc>
<status status="PASS" start="2024-07-12T09:17:10.080146" elapsed="0.000169"/>
</kw>
<kw name="List Should Contain Value" owner="Collections">
<arg>${allowed_titles}</arg>
<arg>${name_title}</arg>
<doc>Fails if the ``value`` is not found from ``list``.</doc>
<status status="PASS" start="2024-07-12T09:17:10.080606" elapsed="0.000168"/>
</kw>
<kw name="Set Variable" owner="BuiltIn">
<msg time="2024-07-12T09:17:10.081310" level="INFO">${name_country} = DK</msg>
<var>${name_country}</var>
<arg>${json_data["results"][0]["nat"]}</arg>
<doc>Returns the given values which can then be assigned to a variables.</doc>
<status status="PASS" start="2024-07-12T09:17:10.080951" elapsed="0.000383"/>
</kw>
<kw name="Create List" owner="BuiltIn">
<msg time="2024-07-12T09:17:10.082213" level="INFO">${list_country} = ['AD', 'AE', 'AF', 'AG', 'AI', 'AL', 'AM', 'AO', 'AQ', 'AR', 'AS', 'AT', 'AU', 'AW', 'AX', 'AZ', 'BA', 'BB', 'BD', 'BE', 'BF', 'BG', 'BH', 'BI', 'BJ', 'BL', 'BM', 'BN', 'BO', 'BQ', 'BR', 'BS', 'BT', '...</msg>
<var>${list_country}</var>
<arg>AD</arg>
<arg>AE</arg>
<arg>AF</arg>
<arg>AG</arg>
<arg>AI</arg>
<arg>AL</arg>
<arg>AM</arg>
<arg>AO</arg>
<arg>AQ</arg>
<arg>AR</arg>
<arg>AS</arg>
<arg>AT</arg>
<arg>AU</arg>
<arg>AW</arg>
<arg>AX</arg>
<arg>AZ</arg>
<arg>BA</arg>
<arg>BB</arg>
<arg>BD</arg>
<arg>BE</arg>
<arg>BF</arg>
<arg>BG</arg>
<arg>BH</arg>
<arg>BI</arg>
<arg>BJ</arg>
<arg>BL</arg>
<arg>BM</arg>
<arg>BN</arg>
<arg>BO</arg>
<arg>BQ</arg>
<arg>BR</arg>
<arg>BS</arg>
<arg>BT</arg>
<arg>BV</arg>
<arg>BW</arg>
<arg>BY</arg>
<arg>BZ</arg>
<arg>CA</arg>
<arg>CC</arg>
<arg>CD</arg>
<arg>CF</arg>
<arg>CG</arg>
<arg>CH</arg>
<arg>CI</arg>
<arg>CK</arg>
<arg>CL</arg>
<arg>CM</arg>
<arg>CN</arg>
<arg>CO</arg>
<arg>CR</arg>
<arg>CU</arg>
<arg>CV</arg>
<arg>CW</arg>
<arg>CX</arg>
<arg>CY</arg>
<arg>CZ</arg>
<arg>DE</arg>
<arg>DJ</arg>
<arg>DK</arg>
<arg>DM</arg>
<arg>DO</arg>
<arg>DZ</arg>
<arg>EC</arg>
<arg>EE</arg>
<arg>EG</arg>
<arg>EH</arg>
<arg>ER</arg>
<arg>ES</arg>
<arg>ET</arg>
<arg>FI</arg>
<arg>FJ</arg>
<arg>FK</arg>
<arg>FM</arg>
<arg>FO</arg>
<arg>FR</arg>
<arg>GA</arg>
<arg>GB</arg>
<arg>GD</arg>
<arg>GE</arg>
<arg>GF</arg>
<arg>GG</arg>
<arg>GH</arg>
<arg>GI</arg>
<arg>GL</arg>
<arg>GM</arg>
<arg>GN</arg>
<arg>GP</arg>
<arg>GQ</arg>
<arg>GR</arg>
<arg>GS</arg>
<arg>GT</arg>
<arg>GU</arg>
<arg>GW</arg>
<arg>GY</arg>
<arg>HK</arg>
<arg>HM</arg>
<arg>HN</arg>
<arg>HR</arg>
<arg>HT</arg>
<arg>HU</arg>
<arg>ID</arg>
<arg>IE</arg>
<arg>IL</arg>
<arg>IM</arg>
<arg>IN</arg>
<arg>IO</arg>
<arg>IQ</arg>
<arg>IR</arg>
<arg>IS</arg>
<arg>IT</arg>
<arg>JE</arg>
<arg>JM</arg>
<arg>JO</arg>
<arg>JP</arg>
<arg>KE</arg>
<arg>KG</arg>
<arg>KH</arg>
<arg>KI</arg>
<arg>KM</arg>
<arg>KN</arg>
<arg>KP</arg>
<arg>KR</arg>
<arg>KW</arg>
<arg>KY</arg>
<arg>KZ</arg>
<arg>LA</arg>
<arg>LB</arg>
<arg>LC</arg>
<arg>LI</arg>
<arg>LK</arg>
<arg>LR</arg>
<arg>LS</arg>
<arg>LT</arg>
<arg>LU</arg>
<arg>LV</arg>
<arg>LY</arg>
<arg>MA</arg>
<arg>MC</arg>
<arg>MD</arg>
<arg>ME</arg>
<arg>MF</arg>
<arg>MG</arg>
<arg>MH</arg>
<arg>MK</arg>
<arg>ML</arg>
<arg>MM</arg>
<arg>MN</arg>
<arg>MO</arg>
<arg>MP</arg>
<arg>MQ</arg>
<arg>MR</arg>
<arg>MS</arg>
<arg>MT</arg>
<arg>MU</arg>
<arg>MV</arg>
<arg>MW</arg>
<arg>MX</arg>
<arg>MY</arg>
<arg>MZ</arg>
<arg>NA</arg>
<arg>NC</arg>
<arg>NE</arg>
<arg>NF</arg>
<arg>NG</arg>
<arg>NI</arg>
<arg>NL</arg>
<arg>NO</arg>
<arg>NP</arg>
<arg>NR</arg>
<arg>NU</arg>
<arg>NZ</arg>
<arg>OM</arg>
<arg>PA</arg>
<arg>PE</arg>
<arg>PF</arg>
<arg>PG</arg>
<arg>PH</arg>
<arg>PK</arg>
<arg>PL</arg>
<arg>PM</arg>
<arg>PN</arg>
<arg>PR</arg>
<arg>PS</arg>
<arg>PT</arg>
<arg>PW</arg>
<arg>PY</arg>
<arg>QA</arg>
<arg>RE</arg>
<arg>RO</arg>
<arg>RS</arg>
<arg>RU</arg>
<arg>RW</arg>
<arg>SA</arg>
<arg>SB</arg>
<arg>SC</arg>
<arg>SD</arg>
<arg>SE</arg>
<arg>SG</arg>
<arg>SH</arg>
<arg>SI</arg>
<arg>SJ</arg>
<arg>SK</arg>
<arg>SL</arg>
<arg>SM</arg>
<arg>SN</arg>
<arg>SO</arg>
<arg>SR</arg>
<arg>SS</arg>
<arg>ST</arg>
<arg>SV</arg>
<arg>SX</arg>
<arg>SY</arg>
<arg>SZ</arg>
<arg>TC</arg>
<arg>TD</arg>
<arg>TF</arg>
<arg>TG</arg>
<arg>TH</arg>
<arg>TJ</arg>
<arg>TK</arg>
<arg>TL</arg>
<arg>TM</arg>
<arg>TN</arg>
<arg>TO</arg>
<arg>TR</arg>
<arg>TT</arg>
<arg>TV</arg>
<arg>TW</arg>
<arg>TZ</arg>
<arg>UA</arg>
<arg>UG</arg>
<arg>UM</arg>
<arg>US</arg>
<arg>UY</arg>
<arg>UZ</arg>
<arg>VA</arg>
<arg>VC</arg>
<arg>VE</arg>
<arg>VG</arg>
<arg>VI</arg>
<arg>VN</arg>
<arg>VU</arg>
<arg>WF</arg>
<arg>WS</arg>
<arg>XK</arg>
<arg>YE</arg>
<arg>YT</arg>
<arg>ZA</arg>
<arg>ZM</arg>
<arg>ZW</arg>
<doc>Returns a list containing given items.</doc>
<status status="PASS" start="2024-07-12T09:17:10.081627" elapsed="0.000611"/>
</kw>
<kw name="List Should Contain Value" owner="Collections">
<arg>${list_country}</arg>
<arg>${name_country}</arg>
<doc>Fails if the ``value`` is not found from ``list``.</doc>
<status status="PASS" start="2024-07-12T09:17:10.083055" elapsed="0.000203"/>
</kw>
<kw name="Run Keyword If" owner="BuiltIn">
<kw name="Should Be True" owner="BuiltIn">
<arg>${True}</arg>
<doc>Fails if the given condition is not true.</doc>
<status status="PASS" start="2024-07-12T09:17:10.084176" elapsed="0.000137"/>
</kw>
<arg>${json_data["results"][0]["location"]["coordinates"]["latitude"]} &gt;= -90 and ${json_data["results"][0]["location"]["coordinates"]["latitude"]} &lt;= 90</arg>
<arg>Should Be True</arg>
<arg>${True}</arg>
<doc>Runs the given keyword with the given arguments, if ``condition`` is true.</doc>
<status status="PASS" start="2024-07-12T09:17:10.083452" elapsed="0.000986"/>
</kw>
<kw name="Run Keyword If" owner="BuiltIn">
<kw name="Should Be True" owner="BuiltIn">
<arg>${True}</arg>
<doc>Fails if the given condition is not true.</doc>
<status status="PASS" start="2024-07-12T09:17:10.085296" elapsed="0.000133"/>
</kw>
<arg>${json_data["results"][0]["location"]["coordinates"]["longitude"]} &gt;= -180 and ${json_data["results"][0]["location"]["coordinates"]["longitude"]} &lt;= 180</arg>
<arg>Should Be True</arg>
<arg>${True}</arg>
<doc>Runs the given keyword with the given arguments, if ``condition`` is true.</doc>
<status status="PASS" start="2024-07-12T09:17:10.084617" elapsed="0.000934"/>
</kw>
<status status="PASS" start="2024-07-12T09:17:09.962355" elapsed="0.123321"/>
</kw>
<doc>Testa o conteúdo específico dos campos retornados pela API.</doc>
<tag>testeConteudo</tag>
<status status="PASS" start="2024-07-12T09:17:09.961704" elapsed="0.124109"/>
</test>
<status status="PASS" start="2024-07-12T09:17:09.178041" elapsed="0.909690"/>
</suite>
<status status="PASS" start="2024-07-12T09:17:09.163746" elapsed="0.928976"/>
</suite>
<statistics>
<total>
<stat pass="5" fail="0" skip="0">All Tests</stat>
</total>
<tag>
<stat pass="1" fail="0" skip="0">testeConteudo</stat>
<stat pass="1" fail="0" skip="0">testeEstruturaResposta</stat>
<stat pass="1" fail="0" skip="0">testeRequisicaoBasica</stat>
<stat pass="1" fail="0" skip="0">testeTiposDados</stat>
</tag>
<suite>
<stat pass="5" fail="0" skip="0" id="s1" name="Tests">Tests</stat>
<stat pass="5" fail="0" skip="0" id="s1-s1" name="Random-User-Test">Tests.Random-User-Test</stat>
</suite>
</statistics>
<errors>
</errors>
</robot>
