<?xml version="1.0" encoding="UTF-8"?>
<robot generator="Robot 7.0 (Python 3.12.3 on linux)" generated="2024-05-11T23:14:11.806018" rpa="false" schemaversion="5">
<suite id="s1" name="Tests" source="/home/runner/work/DesafioQAItauRogerioJordao/DesafioQAItauRogerioJordao/RamdonUser/tests">
<suite id="s1-s1" name="Random-User-Test" source="/home/runner/work/DesafioQAItauRogerioJordao/DesafioQAItauRogerioJordao/RamdonUser/tests/random-user-test.robot">
<test id="s1-s1-t1" name="Conectar" line="13">
<kw name="Conectar API" owner="random-user-service">
<kw name="Create Session" owner="RequestsLibrary">
<msg time="2024-05-11T23:14:12.167859" level="INFO">Creating Session using : alias=consultarAPI, url=https://randomuser.me/, headers={},                     cookies={}, auth=None, timeout=None, proxies=None, verify=False,                     debug=0 </msg>
<arg>consultarAPI</arg>
<arg>${URL}</arg>
<doc>Create Session: create a HTTP session to a server</doc>
<status status="PASS" start="2024-05-11T23:14:12.167662" elapsed="0.000375"/>
</kw>
<status status="PASS" start="2024-05-11T23:14:12.166684" elapsed="0.001709"/>
</kw>
<status status="PASS" start="2024-05-11T23:14:12.166122" elapsed="0.002502"/>
</test>
<test id="s1-s1-t2" name="Validar retorno 200 e JSON Válido" line="16">
<kw name="Teste de Requisicao Basica" owner="random-user-service">
<kw name="GET On Session" owner="RequestsLibrary">
<msg time="2024-05-11T23:14:12.420509" level="INFO">GET Request : url=https://randomuser.me/api 
 path_url=/api 
 headers={'User-Agent': 'python-requests/2.31.0', 'Accept-Encoding': 'gzip, deflate', 'Accept': '*/*', 'Connection': 'keep-alive'} 
 body=None 
 </msg>
<msg time="2024-05-11T23:14:12.420676" level="INFO">GET Response : url=https://randomuser.me/api 
 status=200, reason=OK 
 headers={'Date': 'Sat, 11 May 2024 23:14:12 GMT', 'Content-Type': 'application/json; charset=utf-8', 'Transfer-Encoding': 'chunked', 'Connection': 'keep-alive', 'X-Powered-By': 'Express', 'Access-Control-Allow-Origin': '*', 'Cache-Control': 'no-cache', 'ETag': 'W/"496-j0HC5nRR3DCbFT6PgVByNjb1IMc"', 'Vary': 'Accept-Encoding', 'Content-Encoding': 'gzip', 'CF-Cache-Status': 'DYNAMIC', 'Report-To': '{"endpoints":[{"url":"https:\\/\\/a.nel.cloudflare.com\\/report\\/v4?s=oMRoDjpyHoMhSmdrt8ySBF17kz7lZvvJdTP3yHBntRvVPga169RsU%2Bx3rMkLUnUrsqd2XEVt%2F3PZhaLuza0ktyxmDmNs59K7dFNpFmM%2BHRAzqkaDxib%2BRIOZBxMKSkk3"}],"group":"cf-nel","max_age":604800}', 'NEL': '{"success_fraction":0,"report_to":"cf-nel","max_age":604800}', 'Server': 'cloudflare', 'CF-RAY': '8825dd2b6e2f828c-IAD', 'alt-svc': 'h3=":443"; ma=86400'} 
 body={"results":[{"gender":"female","name":{"title":"Ms","first":"Nelli","last":"Savela"},"location":{"street":{"number":9599,"name":"Suvantokatu"},"city":"Tohmajärvi","state":"Kainuu","country":"Finland","postcode":12024,"coordinates":{"latitude":"-25.7002","longitude":"108.4932"},"timezone":{"offset":"+8:00","description":"Beijing, Perth, Singapore, Hong Kong"}},"email":"nelli.savela@example.com","login":{"uuid":"adfdfde2-0527-457e-bd7a-4256d680c667","username":"redfish218","password":"isaiah","salt":"vjDtC59Z","md5":"0c2defe214d7b789952544d538b92b4d","sha1":"2f843dab4fabdcba9532704008fc4d5bdddad254","sha256":"a4be173d9b32f3671c0e7aa8d6396010ec967177b184cd6d869748440c8febe5"},"dob":{"date":"1962-12-05T02:26:21.849Z","age":61},"registered":{"date":"2010-07-28T13:29:33.958Z","age":13},"phone":"05-507-444","cell":"049-275-07-17","id":{"name":"HETU","value":"NaNNA758undefined"},"picture":{"large":"https://randomuser.me/api/portraits/women/81.jpg","medium":"https://randomuser.me/api/portraits/med/women/81.jpg","thumbnail":"https://randomuser.me/api/portraits/thumb/women/81.jpg"},"nat":"FI"}],"info":{"seed":"c73a2026f1c1baf4","results":1,"page":1,"version":"1.4"}} 
 </msg>
<msg time="2024-05-11T23:14:12.420780" level="INFO">/opt/hostedtoolcache/Python/3.12.3/x64/lib/python3.12/site-packages/urllib3/connectionpool.py:1103: InsecureRequestWarning: Unverified HTTPS request is being made to host 'randomuser.me'. Adding certificate verification is strongly advised. See: https://urllib3.readthedocs.io/en/latest/advanced-usage.html#tls-warnings
  warnings.warn(</msg>
<msg time="2024-05-11T23:14:12.420928" level="INFO">${response} = &lt;Response [200]&gt;</msg>
<var>${response}</var>
<arg>consultarAPI</arg>
<arg>/api</arg>
<doc>Sends a GET request on a previously created HTTP Session.</doc>
<status status="PASS" start="2024-05-11T23:14:12.171276" elapsed="0.249692"/>
</kw>
<kw name="Should Be Equal As Numbers" owner="BuiltIn">
<msg time="2024-05-11T23:14:12.422123" level="INFO">Argument types are:
&lt;class 'int'&gt;
&lt;class 'str'&gt;</msg>
<arg>${response.status_code}</arg>
<arg>200</arg>
<doc>Fails if objects are unequal after converting them to real numbers.</doc>
<status status="PASS" start="2024-05-11T23:14:12.421604" elapsed="0.000586"/>
</kw>
<kw name="Log" owner="BuiltIn">
<msg time="2024-05-11T23:14:12.422975" level="INFO">200</msg>
<arg>${response.status_code}</arg>
<doc>Logs the given message with the given level.</doc>
<status status="PASS" start="2024-05-11T23:14:12.422532" elapsed="0.000505"/>
</kw>
<kw name="Set Variable" owner="BuiltIn">
<msg time="2024-05-11T23:14:12.423973" level="INFO">${json_data} = {'results': [{'gender': 'female', 'name': {'title': 'Ms', 'first': 'Nelli', 'last': 'Savela'}, 'location': {'street': {'number': 9599, 'name': 'Suvantokatu'}, 'city': 'Tohmajärvi', 'state': 'Kainuu', ...</msg>
<var>${json_data}</var>
<arg>${response.json()}</arg>
<doc>Returns the given values which can then be assigned to a variables.</doc>
<status status="PASS" start="2024-05-11T23:14:12.423455" elapsed="0.000548"/>
</kw>
<kw name="Dictionary Should Contain Key" owner="Collections">
<msg time="2024-05-11T23:14:12.424518" level="INFO">False</msg>
<arg>${json_data}</arg>
<arg>results</arg>
<doc>Fails if ``key`` is not found from ``dictionary``.</doc>
<status status="PASS" start="2024-05-11T23:14:12.424318" elapsed="0.000241"/>
</kw>
<status status="PASS" start="2024-05-11T23:14:12.171032" elapsed="0.253791"/>
</kw>
<doc>Testa se a API responde corretamente e retorna um objeto JSON válido.</doc>
<tag>testeRequisicaoBasica</tag>
<status status="PASS" start="2024-05-11T23:14:12.170547" elapsed="0.254464"/>
</test>
<test id="s1-s1-t3" name="Validar estrutura de resposta" line="22">
<kw name="Teste de Estrutura de Resposta" owner="random-user-service">
<kw name="GET On Session" owner="RequestsLibrary">
<msg time="2024-05-11T23:14:12.522877" level="INFO">GET Request : url=https://randomuser.me/api 
 path_url=/api 
 headers={'User-Agent': 'python-requests/2.31.0', 'Accept-Encoding': 'gzip, deflate', 'Accept': '*/*', 'Connection': 'keep-alive'} 
 body=None 
 </msg>
<msg time="2024-05-11T23:14:12.522986" level="INFO">GET Response : url=https://randomuser.me/api 
 status=200, reason=OK 
 headers={'Date': 'Sat, 11 May 2024 23:14:12 GMT', 'Content-Type': 'application/json; charset=utf-8', 'Transfer-Encoding': 'chunked', 'Connection': 'keep-alive', 'X-Powered-By': 'Express', 'Access-Control-Allow-Origin': '*', 'Cache-Control': 'no-cache', 'ETag': 'W/"47c-imRjHj8kwoH0FKnVbKiKz5vCxGI"', 'Vary': 'Accept-Encoding', 'Content-Encoding': 'gzip', 'CF-Cache-Status': 'DYNAMIC', 'Report-To': '{"endpoints":[{"url":"https:\\/\\/a.nel.cloudflare.com\\/report\\/v4?s=pEa410x1afapkkupRiZiS%2FFr%2Fz2TcooGIJXYZsQH%2B8E6CiJ1gMJEKBTZKYjthSgIE8gj%2BUy1ODqBvjoW99Jc3MSxBttVnpEEVYEmyVlrstlSpFKrI%2BxeWltXn3DHashZ"}],"group":"cf-nel","max_age":604800}', 'NEL': '{"success_fraction":0,"report_to":"cf-nel","max_age":604800}', 'Server': 'cloudflare', 'CF-RAY': '8825dd2bae77828c-IAD', 'alt-svc': 'h3=":443"; ma=86400'} 
 body={"results":[{"gender":"female","name":{"title":"Miss","first":"سوگند","last":"کامروا"},"location":{"street":{"number":9239,"name":"قدس"},"city":"خمینی‌شهر","state":"اصفهان","country":"Iran","postcode":85876,"coordinates":{"latitude":"20.6683","longitude":"145.0622"},"timezone":{"offset":"+3:30","description":"Tehran"}},"email":"swgnd.khmrw@example.com","login":{"uuid":"8d39e952-d0a4-4d2d-a6b7-0d1687cf9151","username":"heavybird851","password":"pingpong","salt":"dNt1lZxy","md5":"f021b1985b0ddeff685b8b0ae5a8a9d7","sha1":"d3e99d9f4412e2baaa0e534d03398c83abd42a2c","sha256":"6bfd1553c0d6ec66836c5d869d1c0aa533a8b8617016c62bc221a1ff7624a028"},"dob":{"date":"1950-01-03T09:29:27.090Z","age":74},"registered":{"date":"2010-09-09T09:06:22.064Z","age":13},"phone":"048-96130069","cell":"0948-416-9961","id":{"name":"","value":null},"picture":{"large":"https://randomuser.me/api/portraits/women/53.jpg","medium":"https://randomuser.me/api/portraits/med/women/53.jpg","thumbnail":"https://randomuser.me/api/portraits/thumb/women/53.jpg"},"nat":"IR"}],"info":{"seed":"9114d3a1b27a47c5","results":1,"page":1,"version":"1.4"}} 
 </msg>
<msg time="2024-05-11T23:14:12.523107" level="INFO">/opt/hostedtoolcache/Python/3.12.3/x64/lib/python3.12/site-packages/urllib3/connectionpool.py:1103: InsecureRequestWarning: Unverified HTTPS request is being made to host 'randomuser.me'. Adding certificate verification is strongly advised. See: https://urllib3.readthedocs.io/en/latest/advanced-usage.html#tls-warnings
  warnings.warn(</msg>
<msg time="2024-05-11T23:14:12.523223" level="INFO">${response} = &lt;Response [200]&gt;</msg>
<var>${response}</var>
<arg>consultarAPI</arg>
<arg>/api</arg>
<doc>Sends a GET request on a previously created HTTP Session.</doc>
<status status="PASS" start="2024-05-11T23:14:12.427644" elapsed="0.095620"/>
</kw>
<kw name="Set Variable" owner="BuiltIn">
<msg time="2024-05-11T23:14:12.524379" level="INFO">${json_data} = {'results': [{'gender': 'female', 'name': {'title': 'Miss', 'first': 'سوگند', 'last': 'کامروا'}, 'location': {'street': {'number': 9239, 'name': 'قدس'}, 'city': 'خمینی\u200cشهر', 'state': 'اصفهان', 'c...</msg>
<var>${json_data}</var>
<arg>${response.json()}</arg>
<doc>Returns the given values which can then be assigned to a variables.</doc>
<status status="PASS" start="2024-05-11T23:14:12.523803" elapsed="0.000639"/>
</kw>
<kw name="Log" owner="BuiltIn">
<msg time="2024-05-11T23:14:12.524929" level="INFO">{'results': [{'gender': 'female', 'name': {'title': 'Miss', 'first': 'سوگند', 'last': 'کامروا'}, 'location': {'street': {'number': 9239, 'name': 'قدس'}, 'city': 'خمینی\u200cشهر', 'state': 'اصفهان', 'country': 'Iran', 'postcode': 85876, 'coordinates': {'latitude': '20.6683', 'longitude': '145.0622'}, 'timezone': {'offset': '+3:30', 'description': 'Tehran'}}, 'email': 'swgnd.khmrw@example.com', 'login': {'uuid': '8d39e952-d0a4-4d2d-a6b7-0d1687cf9151', 'username': 'heavybird851', 'password': 'pingpong', 'salt': 'dNt1lZxy', 'md5': 'f021b1985b0ddeff685b8b0ae5a8a9d7', 'sha1': 'd3e99d9f4412e2baaa0e534d03398c83abd42a2c', 'sha256': '6bfd1553c0d6ec66836c5d869d1c0aa533a8b8617016c62bc221a1ff7624a028'}, 'dob': {'date': '1950-01-03T09:29:27.090Z', 'age': 74}, 'registered': {'date': '2010-09-09T09:06:22.064Z', 'age': 13}, 'phone': '048-96130069', 'cell': '0948-416-9961', 'id': {'name': '', 'value': None}, 'picture': {'large': 'https://randomuser.me/api/portraits/women/53.jpg', 'medium': 'https://randomuser.me/api/portraits/med/women/53.jpg', 'thumbnail': 'https://randomuser.me/api/portraits/thumb/women/53.jpg'}, 'nat': 'IR'}], 'info': {'seed': '9114d3a1b27a47c5', 'results': 1, 'page': 1, 'version': '1.4'}}</msg>
<arg>${json_data}</arg>
<doc>Logs the given message with the given level.</doc>
<status status="PASS" start="2024-05-11T23:14:12.524765" elapsed="0.000213"/>
</kw>
<kw name="Dictionary Should Contain Key" owner="Collections">
<msg time="2024-05-11T23:14:12.525544" level="INFO">False</msg>
<arg>${json_data}</arg>
<arg>results</arg>
<doc>Fails if ``key`` is not found from ``dictionary``.</doc>
<status status="PASS" start="2024-05-11T23:14:12.525375" elapsed="0.000206"/>
</kw>
<kw name="Should Not Be Empty" owner="BuiltIn">
<msg time="2024-05-11T23:14:12.526009" level="INFO">Length is 2.</msg>
<arg>${json_data}</arg>
<doc>Verifies that the given item is not empty.</doc>
<status status="PASS" start="2024-05-11T23:14:12.525879" elapsed="0.000318"/>
</kw>
<kw name="Create List" owner="BuiltIn">
<msg time="2024-05-11T23:14:12.526648" level="INFO">${expected_keys} = ['gender', 'name', 'location', 'email', 'login']</msg>
<var>${expected_keys}</var>
<arg>gender</arg>
<arg>name</arg>
<arg>location</arg>
<arg>email</arg>
<arg>login</arg>
<doc>Returns a list containing given items.</doc>
<status status="PASS" start="2024-05-11T23:14:12.526493" elapsed="0.000179"/>
</kw>
<for flavor="IN">
<iter>
<kw name="Dictionary Should Contain Key" owner="Collections">
<msg time="2024-05-11T23:14:12.527655" level="INFO">False</msg>
<arg>${json_data['results'][0]}</arg>
<arg>${key}</arg>
<doc>Fails if ``key`` is not found from ``dictionary``.</doc>
<status status="PASS" start="2024-05-11T23:14:12.527253" elapsed="0.000440"/>
</kw>
<kw name="Log" owner="BuiltIn">
<msg time="2024-05-11T23:14:12.528357" level="INFO">{'gender': 'female', 'name': {'title': 'Miss', 'first': 'سوگند', 'last': 'کامروا'}, 'location': {'street': {'number': 9239, 'name': 'قدس'}, 'city': 'خمینی\u200cشهر', 'state': 'اصفهان', 'country': 'Iran', 'postcode': 85876, 'coordinates': {'latitude': '20.6683', 'longitude': '145.0622'}, 'timezone': {'offset': '+3:30', 'description': 'Tehran'}}, 'email': 'swgnd.khmrw@example.com', 'login': {'uuid': '8d39e952-d0a4-4d2d-a6b7-0d1687cf9151', 'username': 'heavybird851', 'password': 'pingpong', 'salt': 'dNt1lZxy', 'md5': 'f021b1985b0ddeff685b8b0ae5a8a9d7', 'sha1': 'd3e99d9f4412e2baaa0e534d03398c83abd42a2c', 'sha256': '6bfd1553c0d6ec66836c5d869d1c0aa533a8b8617016c62bc221a1ff7624a028'}, 'dob': {'date': '1950-01-03T09:29:27.090Z', 'age': 74}, 'registered': {'date': '2010-09-09T09:06:22.064Z', 'age': 13}, 'phone': '048-96130069', 'cell': '0948-416-9961', 'id': {'name': '', 'value': None}, 'picture': {'large': 'https://randomuser.me/api/portraits/women/53.jpg', 'medium': 'https://randomuser.me/api/portraits/med/women/53.jpg', 'thumbnail': 'https://randomuser.me/api/portraits/thumb/women/53.jpg'}, 'nat': 'IR'}</msg>
<arg>${json_data['results'][0]}</arg>
<doc>Logs the given message with the given level.</doc>
<status status="PASS" start="2024-05-11T23:14:12.527991" elapsed="0.000444"/>
</kw>
<kw name="Log" owner="BuiltIn">
<msg time="2024-05-11T23:14:12.528869" level="INFO">gender</msg>
<arg>${key}</arg>
<doc>Logs the given message with the given level.</doc>
<status status="PASS" start="2024-05-11T23:14:12.528742" elapsed="0.000163"/>
</kw>
<var name="${key}">gender</var>
<status status="PASS" start="2024-05-11T23:14:12.527129" elapsed="0.001989"/>
</iter>
<iter>
<kw name="Dictionary Should Contain Key" owner="Collections">
<msg time="2024-05-11T23:14:12.529803" level="INFO">False</msg>
<arg>${json_data['results'][0]}</arg>
<arg>${key}</arg>
<doc>Fails if ``key`` is not found from ``dictionary``.</doc>
<status status="PASS" start="2024-05-11T23:14:12.529418" elapsed="0.000422"/>
</kw>
<kw name="Log" owner="BuiltIn">
<msg time="2024-05-11T23:14:12.530531" level="INFO">{'gender': 'female', 'name': {'title': 'Miss', 'first': 'سوگند', 'last': 'کامروا'}, 'location': {'street': {'number': 9239, 'name': 'قدس'}, 'city': 'خمینی\u200cشهر', 'state': 'اصفهان', 'country': 'Iran', 'postcode': 85876, 'coordinates': {'latitude': '20.6683', 'longitude': '145.0622'}, 'timezone': {'offset': '+3:30', 'description': 'Tehran'}}, 'email': 'swgnd.khmrw@example.com', 'login': {'uuid': '8d39e952-d0a4-4d2d-a6b7-0d1687cf9151', 'username': 'heavybird851', 'password': 'pingpong', 'salt': 'dNt1lZxy', 'md5': 'f021b1985b0ddeff685b8b0ae5a8a9d7', 'sha1': 'd3e99d9f4412e2baaa0e534d03398c83abd42a2c', 'sha256': '6bfd1553c0d6ec66836c5d869d1c0aa533a8b8617016c62bc221a1ff7624a028'}, 'dob': {'date': '1950-01-03T09:29:27.090Z', 'age': 74}, 'registered': {'date': '2010-09-09T09:06:22.064Z', 'age': 13}, 'phone': '048-96130069', 'cell': '0948-416-9961', 'id': {'name': '', 'value': None}, 'picture': {'large': 'https://randomuser.me/api/portraits/women/53.jpg', 'medium': 'https://randomuser.me/api/portraits/med/women/53.jpg', 'thumbnail': 'https://randomuser.me/api/portraits/thumb/women/53.jpg'}, 'nat': 'IR'}</msg>
<arg>${json_data['results'][0]}</arg>
<doc>Logs the given message with the given level.</doc>
<status status="PASS" start="2024-05-11T23:14:12.530162" elapsed="0.000420"/>
</kw>
<kw name="Log" owner="BuiltIn">
<msg time="2024-05-11T23:14:12.531029" level="INFO">name</msg>
<arg>${key}</arg>
<doc>Logs the given message with the given level.</doc>
<status status="PASS" start="2024-05-11T23:14:12.530896" elapsed="0.000169"/>
</kw>
<var name="${key}">name</var>
<status status="PASS" start="2024-05-11T23:14:12.529304" elapsed="0.001973"/>
</iter>
<iter>
<kw name="Dictionary Should Contain Key" owner="Collections">
<msg time="2024-05-11T23:14:12.531952" level="INFO">False</msg>
<arg>${json_data['results'][0]}</arg>
<arg>${key}</arg>
<doc>Fails if ``key`` is not found from ``dictionary``.</doc>
<status status="PASS" start="2024-05-11T23:14:12.531562" elapsed="0.000426"/>
</kw>
<kw name="Log" owner="BuiltIn">
<msg time="2024-05-11T23:14:12.532696" level="INFO">{'gender': 'female', 'name': {'title': 'Miss', 'first': 'سوگند', 'last': 'کامروا'}, 'location': {'street': {'number': 9239, 'name': 'قدس'}, 'city': 'خمینی\u200cشهر', 'state': 'اصفهان', 'country': 'Iran', 'postcode': 85876, 'coordinates': {'latitude': '20.6683', 'longitude': '145.0622'}, 'timezone': {'offset': '+3:30', 'description': 'Tehran'}}, 'email': 'swgnd.khmrw@example.com', 'login': {'uuid': '8d39e952-d0a4-4d2d-a6b7-0d1687cf9151', 'username': 'heavybird851', 'password': 'pingpong', 'salt': 'dNt1lZxy', 'md5': 'f021b1985b0ddeff685b8b0ae5a8a9d7', 'sha1': 'd3e99d9f4412e2baaa0e534d03398c83abd42a2c', 'sha256': '6bfd1553c0d6ec66836c5d869d1c0aa533a8b8617016c62bc221a1ff7624a028'}, 'dob': {'date': '1950-01-03T09:29:27.090Z', 'age': 74}, 'registered': {'date': '2010-09-09T09:06:22.064Z', 'age': 13}, 'phone': '048-96130069', 'cell': '0948-416-9961', 'id': {'name': '', 'value': None}, 'picture': {'large': 'https://randomuser.me/api/portraits/women/53.jpg', 'medium': 'https://randomuser.me/api/portraits/med/women/53.jpg', 'thumbnail': 'https://randomuser.me/api/portraits/thumb/women/53.jpg'}, 'nat': 'IR'}</msg>
<arg>${json_data['results'][0]}</arg>
<doc>Logs the given message with the given level.</doc>
<status status="PASS" start="2024-05-11T23:14:12.532294" elapsed="0.000453"/>
</kw>
<kw name="Log" owner="BuiltIn">
<msg time="2024-05-11T23:14:12.533172" level="INFO">location</msg>
<arg>${key}</arg>
<doc>Logs the given message with the given level.</doc>
<status status="PASS" start="2024-05-11T23:14:12.533046" elapsed="0.000164"/>
</kw>
<var name="${key}">location</var>
<status status="PASS" start="2024-05-11T23:14:12.531452" elapsed="0.001968"/>
</iter>
<iter>
<kw name="Dictionary Should Contain Key" owner="Collections">
<msg time="2024-05-11T23:14:12.534090" level="INFO">False</msg>
<arg>${json_data['results'][0]}</arg>
<arg>${key}</arg>
<doc>Fails if ``key`` is not found from ``dictionary``.</doc>
<status status="PASS" start="2024-05-11T23:14:12.533703" elapsed="0.000424"/>
</kw>
<kw name="Log" owner="BuiltIn">
<msg time="2024-05-11T23:14:12.534793" level="INFO">{'gender': 'female', 'name': {'title': 'Miss', 'first': 'سوگند', 'last': 'کامروا'}, 'location': {'street': {'number': 9239, 'name': 'قدس'}, 'city': 'خمینی\u200cشهر', 'state': 'اصفهان', 'country': 'Iran', 'postcode': 85876, 'coordinates': {'latitude': '20.6683', 'longitude': '145.0622'}, 'timezone': {'offset': '+3:30', 'description': 'Tehran'}}, 'email': 'swgnd.khmrw@example.com', 'login': {'uuid': '8d39e952-d0a4-4d2d-a6b7-0d1687cf9151', 'username': 'heavybird851', 'password': 'pingpong', 'salt': 'dNt1lZxy', 'md5': 'f021b1985b0ddeff685b8b0ae5a8a9d7', 'sha1': 'd3e99d9f4412e2baaa0e534d03398c83abd42a2c', 'sha256': '6bfd1553c0d6ec66836c5d869d1c0aa533a8b8617016c62bc221a1ff7624a028'}, 'dob': {'date': '1950-01-03T09:29:27.090Z', 'age': 74}, 'registered': {'date': '2010-09-09T09:06:22.064Z', 'age': 13}, 'phone': '048-96130069', 'cell': '0948-416-9961', 'id': {'name': '', 'value': None}, 'picture': {'large': 'https://randomuser.me/api/portraits/women/53.jpg', 'medium': 'https://randomuser.me/api/portraits/med/women/53.jpg', 'thumbnail': 'https://randomuser.me/api/portraits/thumb/women/53.jpg'}, 'nat': 'IR'}</msg>
<arg>${json_data['results'][0]}</arg>
<doc>Logs the given message with the given level.</doc>
<status status="PASS" start="2024-05-11T23:14:12.534424" elapsed="0.000419"/>
</kw>
<kw name="Log" owner="BuiltIn">
<msg time="2024-05-11T23:14:12.535285" level="INFO">email</msg>
<arg>${key}</arg>
<doc>Logs the given message with the given level.</doc>
<status status="PASS" start="2024-05-11T23:14:12.535158" elapsed="0.000164"/>
</kw>
<var name="${key}">email</var>
<status status="PASS" start="2024-05-11T23:14:12.533593" elapsed="0.001945"/>
</iter>
<iter>
<kw name="Dictionary Should Contain Key" owner="Collections">
<msg time="2024-05-11T23:14:12.536203" level="INFO">False</msg>
<arg>${json_data['results'][0]}</arg>
<arg>${key}</arg>
<doc>Fails if ``key`` is not found from ``dictionary``.</doc>
<status status="PASS" start="2024-05-11T23:14:12.535822" elapsed="0.000417"/>
</kw>
<kw name="Log" owner="BuiltIn">
<msg time="2024-05-11T23:14:12.536939" level="INFO">{'gender': 'female', 'name': {'title': 'Miss', 'first': 'سوگند', 'last': 'کامروا'}, 'location': {'street': {'number': 9239, 'name': 'قدس'}, 'city': 'خمینی\u200cشهر', 'state': 'اصفهان', 'country': 'Iran', 'postcode': 85876, 'coordinates': {'latitude': '20.6683', 'longitude': '145.0622'}, 'timezone': {'offset': '+3:30', 'description': 'Tehran'}}, 'email': 'swgnd.khmrw@example.com', 'login': {'uuid': '8d39e952-d0a4-4d2d-a6b7-0d1687cf9151', 'username': 'heavybird851', 'password': 'pingpong', 'salt': 'dNt1lZxy', 'md5': 'f021b1985b0ddeff685b8b0ae5a8a9d7', 'sha1': 'd3e99d9f4412e2baaa0e534d03398c83abd42a2c', 'sha256': '6bfd1553c0d6ec66836c5d869d1c0aa533a8b8617016c62bc221a1ff7624a028'}, 'dob': {'date': '1950-01-03T09:29:27.090Z', 'age': 74}, 'registered': {'date': '2010-09-09T09:06:22.064Z', 'age': 13}, 'phone': '048-96130069', 'cell': '0948-416-9961', 'id': {'name': '', 'value': None}, 'picture': {'large': 'https://randomuser.me/api/portraits/women/53.jpg', 'medium': 'https://randomuser.me/api/portraits/med/women/53.jpg', 'thumbnail': 'https://randomuser.me/api/portraits/thumb/women/53.jpg'}, 'nat': 'IR'}</msg>
<arg>${json_data['results'][0]}</arg>
<doc>Logs the given message with the given level.</doc>
<status status="PASS" start="2024-05-11T23:14:12.536570" elapsed="0.000418"/>
</kw>
<kw name="Log" owner="BuiltIn">
<msg time="2024-05-11T23:14:12.537410" level="INFO">login</msg>
<arg>${key}</arg>
<doc>Logs the given message with the given level.</doc>
<status status="PASS" start="2024-05-11T23:14:12.537285" elapsed="0.000161"/>
</kw>
<var name="${key}">login</var>
<status status="PASS" start="2024-05-11T23:14:12.535712" elapsed="0.001951"/>
</iter>
<var>${key}</var>
<value>@{expected_keys}</value>
<status status="PASS" start="2024-05-11T23:14:12.526939" elapsed="0.010874"/>
</for>
<kw name="Create List" owner="BuiltIn">
<msg time="2024-05-11T23:14:12.538143" level="INFO">${expected_keysTwo} = ['username', 'password']</msg>
<var>${expected_keysTwo}</var>
<arg>username</arg>
<arg>password</arg>
<doc>Returns a list containing given items.</doc>
<status status="PASS" start="2024-05-11T23:14:12.538009" elapsed="0.000157"/>
</kw>
<for flavor="IN">
<iter>
<kw name="Dictionary Should Contain Key" owner="Collections">
<msg time="2024-05-11T23:14:12.539053" level="INFO">False</msg>
<arg>${json_data['results'][0]['login']}</arg>
<arg>${keyTwo}</arg>
<doc>Fails if ``key`` is not found from ``dictionary``.</doc>
<status status="PASS" start="2024-05-11T23:14:12.538665" elapsed="0.000424"/>
</kw>
<kw name="Dictionary Should Contain Key" owner="Collections">
<msg time="2024-05-11T23:14:12.539777" level="INFO">False</msg>
<arg>${json_data['results'][0]['login']}</arg>
<arg>${keyTwo}</arg>
<doc>Fails if ``key`` is not found from ``dictionary``.</doc>
<status status="PASS" start="2024-05-11T23:14:12.539393" elapsed="0.000420"/>
</kw>
<kw name="Log" owner="BuiltIn">
<msg time="2024-05-11T23:14:12.540230" level="INFO">username</msg>
<arg>${keyTwo}</arg>
<doc>Logs the given message with the given level.</doc>
<status status="PASS" start="2024-05-11T23:14:12.540103" elapsed="0.000169"/>
</kw>
<var name="${keyTwo}">username</var>
<status status="PASS" start="2024-05-11T23:14:12.538556" elapsed="0.001950"/>
</iter>
<iter>
<kw name="Dictionary Should Contain Key" owner="Collections">
<msg time="2024-05-11T23:14:12.541270" level="INFO">False</msg>
<arg>${json_data['results'][0]['login']}</arg>
<arg>${keyTwo}</arg>
<doc>Fails if ``key`` is not found from ``dictionary``.</doc>
<status status="PASS" start="2024-05-11T23:14:12.540800" elapsed="0.000510"/>
</kw>
<kw name="Dictionary Should Contain Key" owner="Collections">
<msg time="2024-05-11T23:14:12.541983" level="INFO">False</msg>
<arg>${json_data['results'][0]['login']}</arg>
<arg>${keyTwo}</arg>
<doc>Fails if ``key`` is not found from ``dictionary``.</doc>
<status status="PASS" start="2024-05-11T23:14:12.541605" elapsed="0.000414"/>
</kw>
<kw name="Log" owner="BuiltIn">
<msg time="2024-05-11T23:14:12.542436" level="INFO">password</msg>
<arg>${keyTwo}</arg>
<doc>Logs the given message with the given level.</doc>
<status status="PASS" start="2024-05-11T23:14:12.542311" elapsed="0.000161"/>
</kw>
<var name="${keyTwo}">password</var>
<status status="PASS" start="2024-05-11T23:14:12.540690" elapsed="0.001996"/>
</iter>
<var>${keyTwo}</var>
<value>@{expected_keysTwo}</value>
<status status="PASS" start="2024-05-11T23:14:12.538404" elapsed="0.004402"/>
</for>
<status status="PASS" start="2024-05-11T23:14:12.427404" elapsed="0.115540"/>
</kw>
<doc>Testa a estrutura da resposta da API.</doc>
<tag>testeEstruturaResposta</tag>
<status status="PASS" start="2024-05-11T23:14:12.426880" elapsed="0.116218"/>
</test>
<test id="s1-s1-t4" name="Validar tipos de dados" line="28">
<kw name="Teste de Tipos de Dados" owner="random-user-service">
<kw name="GET On Session" owner="RequestsLibrary">
<msg time="2024-05-11T23:14:12.625776" level="INFO">GET Request : url=https://randomuser.me/api 
 path_url=/api 
 headers={'User-Agent': 'python-requests/2.31.0', 'Accept-Encoding': 'gzip, deflate', 'Accept': '*/*', 'Connection': 'keep-alive'} 
 body=None 
 </msg>
<msg time="2024-05-11T23:14:12.625856" level="INFO">GET Response : url=https://randomuser.me/api 
 status=200, reason=OK 
 headers={'Date': 'Sat, 11 May 2024 23:14:12 GMT', 'Content-Type': 'application/json; charset=utf-8', 'Transfer-Encoding': 'chunked', 'Connection': 'keep-alive', 'X-Powered-By': 'Express', 'Access-Control-Allow-Origin': '*', 'Cache-Control': 'no-cache', 'ETag': 'W/"484-R0Dj3OQG19h6MrjvR9/Y1iGtpMI"', 'Vary': 'Accept-Encoding', 'Content-Encoding': 'gzip', 'CF-Cache-Status': 'DYNAMIC', 'Report-To': '{"endpoints":[{"url":"https:\\/\\/a.nel.cloudflare.com\\/report\\/v4?s=TKmHy6PSqqGrl8Ja4Plq3XGQ72HKTRJjRF5HjtmAxCw00U18AkCZOdsCtB9FXb2xJO1t7X1v5ZgUh0YWc0sjIiF03ekDYaGGGRXra11Y4cmSJ7Xz5R5d6knDLqZCDxic"}],"group":"cf-nel","max_age":604800}', 'NEL': '{"success_fraction":0,"report_to":"cf-nel","max_age":604800}', 'Server': 'cloudflare', 'CF-RAY': '8825dd2c6f25828c-IAD', 'alt-svc': 'h3=":443"; ma=86400'} 
 body={"results":[{"gender":"male","name":{"title":"Mr","first":"Oğuzhan","last":"Numanoğlu"},"location":{"street":{"number":353,"name":"Filistin Cd"},"city":"Uşak","state":"Nevşehir","country":"Turkey","postcode":23056,"coordinates":{"latitude":"71.0145","longitude":"-26.0950"},"timezone":{"offset":"+1:00","description":"Brussels, Copenhagen, Madrid, Paris"}},"email":"oguzhan.numanoglu@example.com","login":{"uuid":"ca709c92-6f67-4bd7-a8b2-516292bd5d34","username":"sadcat412","password":"kokomo","salt":"z8yDR2Ej","md5":"7a0bb255e616ccde7fd1a032e0521af9","sha1":"82d4bf1f0f72aced6a5d7e37575da170c505481f","sha256":"dddd21def64b2297e964f61be343a47cb9707cce976ee80a6e3d75340e908bc0"},"dob":{"date":"1949-09-18T22:38:44.510Z","age":74},"registered":{"date":"2010-09-09T08:17:05.410Z","age":13},"phone":"(517)-838-2222","cell":"(018)-544-8178","id":{"name":"","value":null},"picture":{"large":"https://randomuser.me/api/portraits/men/17.jpg","medium":"https://randomuser.me/api/portraits/med/men/17.jpg","thumbnail":"https://randomuser.me/api/portraits/thumb/men/17.jpg"},"nat":"TR"}],"info":{"seed":"03898e54a66e926a","results":1,"page":1,"version":"1.4"}} 
 </msg>
<msg time="2024-05-11T23:14:12.625927" level="INFO">/opt/hostedtoolcache/Python/3.12.3/x64/lib/python3.12/site-packages/urllib3/connectionpool.py:1103: InsecureRequestWarning: Unverified HTTPS request is being made to host 'randomuser.me'. Adding certificate verification is strongly advised. See: https://urllib3.readthedocs.io/en/latest/advanced-usage.html#tls-warnings
  warnings.warn(</msg>
<msg time="2024-05-11T23:14:12.626032" level="INFO">${response} = &lt;Response [200]&gt;</msg>
<var>${response}</var>
<arg>consultarAPI</arg>
<arg>/api</arg>
<doc>Sends a GET request on a previously created HTTP Session.</doc>
<status status="PASS" start="2024-05-11T23:14:12.545886" elapsed="0.080194"/>
</kw>
<kw name="Set Variable" owner="BuiltIn">
<msg time="2024-05-11T23:14:12.627156" level="INFO">${json_data} = {'results': [{'gender': 'male', 'name': {'title': 'Mr', 'first': 'Oğuzhan', 'last': 'Numanoğlu'}, 'location': {'street': {'number': 353, 'name': 'Filistin Cd'}, 'city': 'Uşak', 'state': 'Nevşehir', 'c...</msg>
<var>${json_data}</var>
<arg>${response.json()}</arg>
<doc>Returns the given values which can then be assigned to a variables.</doc>
<status status="PASS" start="2024-05-11T23:14:12.626565" elapsed="0.000621"/>
</kw>
<kw name="Log" owner="BuiltIn">
<msg time="2024-05-11T23:14:12.627652" level="INFO">{'results': [{'gender': 'male', 'name': {'title': 'Mr', 'first': 'Oğuzhan', 'last': 'Numanoğlu'}, 'location': {'street': {'number': 353, 'name': 'Filistin Cd'}, 'city': 'Uşak', 'state': 'Nevşehir', 'country': 'Turkey', 'postcode': 23056, 'coordinates': {'latitude': '71.0145', 'longitude': '-26.0950'}, 'timezone': {'offset': '+1:00', 'description': 'Brussels, Copenhagen, Madrid, Paris'}}, 'email': 'oguzhan.numanoglu@example.com', 'login': {'uuid': 'ca709c92-6f67-4bd7-a8b2-516292bd5d34', 'username': 'sadcat412', 'password': 'kokomo', 'salt': 'z8yDR2Ej', 'md5': '7a0bb255e616ccde7fd1a032e0521af9', 'sha1': '82d4bf1f0f72aced6a5d7e37575da170c505481f', 'sha256': 'dddd21def64b2297e964f61be343a47cb9707cce976ee80a6e3d75340e908bc0'}, 'dob': {'date': '1949-09-18T22:38:44.510Z', 'age': 74}, 'registered': {'date': '2010-09-09T08:17:05.410Z', 'age': 13}, 'phone': '(517)-838-2222', 'cell': '(018)-544-8178', 'id': {'name': '', 'value': None}, 'picture': {'large': 'https://randomuser.me/api/portraits/men/17.jpg', 'medium': 'https://randomuser.me/api/portraits/med/men/17.jpg', 'thumbnail': 'https://randomuser.me/api/portraits/thumb/men/17.jpg'}, 'nat': 'TR'}], 'info': {'seed': '03898e54a66e926a', 'results': 1, 'page': 1, 'version': '1.4'}}</msg>
<arg>${json_data}</arg>
<doc>Logs the given message with the given level.</doc>
<status status="PASS" start="2024-05-11T23:14:12.627495" elapsed="0.000237"/>
</kw>
<kw name="Should Be String" owner="String">
<arg>${json_data['results'][0]['gender']}</arg>
<doc>Fails if the given ``item`` is not a string.</doc>
<status status="PASS" start="2024-05-11T23:14:12.628034" elapsed="0.000398"/>
</kw>
<kw name="Should Match Regexp" owner="BuiltIn">
<arg>${json_data['results'][0]['email']}</arg>
<arg>^[a-zA-Z0-9._%+-]+@[a-zA-Z0-9.-]+\.[a-zA-Z]{2,}$</arg>
<doc>Fails if ``string`` does not match ``pattern`` as a regular expression.</doc>
<status status="PASS" start="2024-05-11T23:14:12.628647" elapsed="0.000514"/>
</kw>
<kw name="Should Match Regexp" owner="BuiltIn">
<arg>${json_data['results'][0]['dob']['date']}</arg>
<arg>\\d{4}-\\d{2}-\\d{2}T\\d{2}:\\d{2}:\\d{2}\\.\\d{3}Z</arg>
<doc>Fails if ``string`` does not match ``pattern`` as a regular expression.</doc>
<status status="PASS" start="2024-05-11T23:14:12.629364" elapsed="0.000494"/>
</kw>
<kw name="Should Match Regexp" owner="BuiltIn">
<arg>${json_data['results'][0]['registered']['date']}</arg>
<arg>\\d{4}-\\d{2}-\\d{2}T\\d{2}:\\d{2}:\\d{2}\\.\\d{3}Z</arg>
<doc>Fails if ``string`` does not match ``pattern`` as a regular expression.</doc>
<status status="PASS" start="2024-05-11T23:14:12.630050" elapsed="0.000368"/>
</kw>
<kw name="Should Match Regexp" owner="BuiltIn">
<arg>${json_data['results'][0]['picture']['large']}</arg>
<arg>^https?://.*\.(?:png|jpe?g|gif|bmp)$</arg>
<doc>Fails if ``string`` does not match ``pattern`` as a regular expression.</doc>
<status status="PASS" start="2024-05-11T23:14:12.630610" elapsed="0.000459"/>
</kw>
<kw name="Should Match Regexp" owner="BuiltIn">
<arg>${json_data['results'][0]['picture']['medium']}</arg>
<arg>^https?://.*\.(?:png|jpe?g|gif|bmp)$</arg>
<doc>Fails if ``string`` does not match ``pattern`` as a regular expression.</doc>
<status status="PASS" start="2024-05-11T23:14:12.631256" elapsed="0.000359"/>
</kw>
<kw name="Should Match Regexp" owner="BuiltIn">
<arg>${json_data['results'][0]['picture']['thumbnail']}</arg>
<arg>^https?://.*\.(?:png|jpe?g|gif|bmp)$</arg>
<doc>Fails if ``string`` does not match ``pattern`` as a regular expression.</doc>
<status status="PASS" start="2024-05-11T23:14:12.631805" elapsed="0.000358"/>
</kw>
<kw name="Log" owner="BuiltIn">
<msg time="2024-05-11T23:14:12.632696" level="INFO">{'large': 'https://randomuser.me/api/portraits/men/17.jpg', 'medium': 'https://randomuser.me/api/portraits/med/men/17.jpg', 'thumbnail': 'https://randomuser.me/api/portraits/thumb/men/17.jpg'}</msg>
<arg>${json_data['results'][0]['picture']}</arg>
<doc>Logs the given message with the given level.</doc>
<status status="PASS" start="2024-05-11T23:14:12.632341" elapsed="0.000396"/>
</kw>
<status status="PASS" start="2024-05-11T23:14:12.545657" elapsed="0.087334"/>
</kw>
<kw name="Teste de Tipos de Dados - Postcode" owner="random-user-service">
<kw name="GET On Session" owner="RequestsLibrary">
<msg time="2024-05-11T23:14:12.721059" level="INFO">GET Request : url=https://randomuser.me/api 
 path_url=/api 
 headers={'User-Agent': 'python-requests/2.31.0', 'Accept-Encoding': 'gzip, deflate', 'Accept': '*/*', 'Connection': 'keep-alive'} 
 body=None 
 </msg>
<msg time="2024-05-11T23:14:12.721142" level="INFO">GET Response : url=https://randomuser.me/api 
 status=200, reason=OK 
 headers={'Date': 'Sat, 11 May 2024 23:14:12 GMT', 'Content-Type': 'application/json; charset=utf-8', 'Transfer-Encoding': 'chunked', 'Connection': 'keep-alive', 'X-Powered-By': 'Express', 'Access-Control-Allow-Origin': '*', 'Cache-Control': 'no-cache', 'ETag': 'W/"497-iivoIzfUiwWcxd9ASzEsoG/ARBM"', 'Vary': 'Accept-Encoding', 'Content-Encoding': 'gzip', 'CF-Cache-Status': 'DYNAMIC', 'Report-To': '{"endpoints":[{"url":"https:\\/\\/a.nel.cloudflare.com\\/report\\/v4?s=n6eASZSF6i4d5CjdSpcG9YYJQGynDza%2B1G5%2BnPKyY9QstZyczE3Lp%2Ba64wvMnXenqQRnIPQwnTqEQ6BFke8vdwKh2eUCSoPv8eob4xzuSoa04yl2t9sXxKTVRC%2FnGhxU"}],"group":"cf-nel","max_age":604800}', 'NEL': '{"success_fraction":0,"report_to":"cf-nel","max_age":604800}', 'Server': 'cloudflare', 'CF-RAY': '8825dd2cffeb828c-IAD', 'alt-svc': 'h3=":443"; ma=86400'} 
 body={"results":[{"gender":"female","name":{"title":"Mrs","first":"Chaitra","last":"Bansal"},"location":{"street":{"number":5828,"name":"Dwaraka Nagar"},"city":"Rajkot","state":"Andhra Pradesh","country":"India","postcode":25910,"coordinates":{"latitude":"8.4305","longitude":"72.5303"},"timezone":{"offset":"+4:00","description":"Abu Dhabi, Muscat, Baku, Tbilisi"}},"email":"chaitra.bansal@example.com","login":{"uuid":"218994c0-2134-4aa1-831e-138ac0dc11bf","username":"tinybutterfly291","password":"antelope","salt":"hnqNPhan","md5":"64f9ba1e92330421cc91a7db7bbf2999","sha1":"8a8862e1183e18ca62bc0530b5c1c533756cdcf5","sha256":"d5da7b2df4dbd1751381d37c37874e750f499435ecff72cabbaf418891b0a807"},"dob":{"date":"1976-07-07T18:10:46.208Z","age":47},"registered":{"date":"2016-01-03T00:01:49.243Z","age":8},"phone":"7871079345","cell":"8627643745","id":{"name":"UIDAI","value":"395462456845"},"picture":{"large":"https://randomuser.me/api/portraits/women/73.jpg","medium":"https://randomuser.me/api/portraits/med/women/73.jpg","thumbnail":"https://randomuser.me/api/portraits/thumb/women/73.jpg"},"nat":"IN"}],"info":{"seed":"5fa33ae8113a7be9","results":1,"page":1,"version":"1.4"}} 
 </msg>
<msg time="2024-05-11T23:14:12.721211" level="INFO">/opt/hostedtoolcache/Python/3.12.3/x64/lib/python3.12/site-packages/urllib3/connectionpool.py:1103: InsecureRequestWarning: Unverified HTTPS request is being made to host 'randomuser.me'. Adding certificate verification is strongly advised. See: https://urllib3.readthedocs.io/en/latest/advanced-usage.html#tls-warnings
  warnings.warn(</msg>
<msg time="2024-05-11T23:14:12.721323" level="INFO">${response} = &lt;Response [200]&gt;</msg>
<var>${response}</var>
<arg>consultarAPI</arg>
<arg>/api</arg>
<doc>Sends a GET request on a previously created HTTP Session.</doc>
<status status="PASS" start="2024-05-11T23:14:12.633428" elapsed="0.087940"/>
</kw>
<kw name="Set Variable" owner="BuiltIn">
<msg time="2024-05-11T23:14:12.722426" level="INFO">${json_data} = {'results': [{'gender': 'female', 'name': {'title': 'Mrs', 'first': 'Chaitra', 'last': 'Bansal'}, 'location': {'street': {'number': 5828, 'name': 'Dwaraka Nagar'}, 'city': 'Rajkot', 'state': 'Andhra P...</msg>
<var>${json_data}</var>
<arg>${response.json()}</arg>
<doc>Returns the given values which can then be assigned to a variables.</doc>
<status status="PASS" start="2024-05-11T23:14:12.721861" elapsed="0.000592"/>
</kw>
<kw name="Log" owner="BuiltIn">
<msg time="2024-05-11T23:14:12.722915" level="INFO">{'results': [{'gender': 'female', 'name': {'title': 'Mrs', 'first': 'Chaitra', 'last': 'Bansal'}, 'location': {'street': {'number': 5828, 'name': 'Dwaraka Nagar'}, 'city': 'Rajkot', 'state': 'Andhra Pradesh', 'country': 'India', 'postcode': 25910, 'coordinates': {'latitude': '8.4305', 'longitude': '72.5303'}, 'timezone': {'offset': '+4:00', 'description': 'Abu Dhabi, Muscat, Baku, Tbilisi'}}, 'email': 'chaitra.bansal@example.com', 'login': {'uuid': '218994c0-2134-4aa1-831e-138ac0dc11bf', 'username': 'tinybutterfly291', 'password': 'antelope', 'salt': 'hnqNPhan', 'md5': '64f9ba1e92330421cc91a7db7bbf2999', 'sha1': '8a8862e1183e18ca62bc0530b5c1c533756cdcf5', 'sha256': 'd5da7b2df4dbd1751381d37c37874e750f499435ecff72cabbaf418891b0a807'}, 'dob': {'date': '1976-07-07T18:10:46.208Z', 'age': 47}, 'registered': {'date': '2016-01-03T00:01:49.243Z', 'age': 8}, 'phone': '7871079345', 'cell': '8627643745', 'id': {'name': 'UIDAI', 'value': '395462456845'}, 'picture': {'large': 'https://randomuser.me/api/portraits/women/73.jpg', 'medium': 'https://randomuser.me/api/portraits/med/women/73.jpg', 'thumbnail': 'https://randomuser.me/api/portraits/thumb/women/73.jpg'}, 'nat': 'IN'}], 'info': {'seed': '5fa33ae8113a7be9', 'results': 1, 'page': 1, 'version': '1.4'}}</msg>
<arg>${json_data}</arg>
<doc>Logs the given message with the given level.</doc>
<status status="PASS" start="2024-05-11T23:14:12.722763" elapsed="0.000230"/>
</kw>
<kw name="Should Be Equal As Numbers" owner="BuiltIn">
<arg>${json_data['results'][0]['location']['postcode']}</arg>
<arg>${json_data['results'][0]['location']['postcode']}</arg>
<doc>Fails if objects are unequal after converting them to real numbers.</doc>
<status status="PASS" start="2024-05-11T23:14:12.723438" elapsed="0.000612"/>
</kw>
<kw name="Log" owner="BuiltIn">
<msg time="2024-05-11T23:14:12.724632" level="INFO">25910</msg>
<arg>${json_data['results'][0]['location']['postcode']}</arg>
<doc>Logs the given message with the given level.</doc>
<status status="PASS" start="2024-05-11T23:14:12.724241" elapsed="0.000432"/>
</kw>
<status status="PASS" start="2024-05-11T23:14:12.633207" elapsed="0.091720"/>
</kw>
<doc>Testa se os tipos de dados na resposta da API estão corretos.</doc>
<tag>testeTiposDados</tag>
<status status="PASS" start="2024-05-11T23:14:12.545205" elapsed="0.179887"/>
</test>
<test id="s1-s1-t5" name="Validar conteudo" line="35">
<kw name="Teste de Tipos de Conteudo" owner="random-user-service">
<kw name="GET On Session" owner="RequestsLibrary">
<msg time="2024-05-11T23:14:12.825531" level="INFO">GET Request : url=https://randomuser.me/api 
 path_url=/api 
 headers={'User-Agent': 'python-requests/2.31.0', 'Accept-Encoding': 'gzip, deflate', 'Accept': '*/*', 'Connection': 'keep-alive'} 
 body=None 
 </msg>
<msg time="2024-05-11T23:14:12.825613" level="INFO">GET Response : url=https://randomuser.me/api 
 status=200, reason=OK 
 headers={'Date': 'Sat, 11 May 2024 23:14:12 GMT', 'Content-Type': 'application/json; charset=utf-8', 'Transfer-Encoding': 'chunked', 'Connection': 'keep-alive', 'X-Powered-By': 'Express', 'Access-Control-Allow-Origin': '*', 'Cache-Control': 'no-cache', 'ETag': 'W/"489-f4Y4TWrtj4tAmfRZnScBlRQ0b5s"', 'Vary': 'Accept-Encoding', 'Content-Encoding': 'gzip', 'CF-Cache-Status': 'DYNAMIC', 'Report-To': '{"endpoints":[{"url":"https:\\/\\/a.nel.cloudflare.com\\/report\\/v4?s=6h4vMKLM3YKs56%2FsqYfSYz2NrWdPRxMY8nt5TipPq2JtH34A6Fldhiq8sFZaBbZTzZPdfPXnTpx3%2FewqB8zMV8xVuW2tz7DFqQvkD4LzZsY5dfmDfLEBXO4axOgsaO8m"}],"group":"cf-nel","max_age":604800}', 'NEL': '{"success_fraction":0,"report_to":"cf-nel","max_age":604800}', 'Server': 'cloudflare', 'CF-RAY': '8825dd2d8895828c-IAD', 'alt-svc': 'h3=":443"; ma=86400'} 
 body={"results":[{"gender":"male","name":{"title":"Mr","first":"عباس","last":"سالاری"},"location":{"street":{"number":1478,"name":"بلوار کشاورز"},"city":"آبادان","state":"خراسان رضوی","country":"Iran","postcode":59940,"coordinates":{"latitude":"16.6799","longitude":"-173.2793"},"timezone":{"offset":"+9:30","description":"Adelaide, Darwin"}},"email":"aabs.slry@example.com","login":{"uuid":"84e22048-abc1-465b-bf51-fef71f7efcdd","username":"goldenbird968","password":"xyzzy","salt":"NUVexwRn","md5":"83eda7659a48d17f013877698216d884","sha1":"71daca8e1da986d89692e17bc8a994a985430adb","sha256":"0f3ea168b34036c2d836cadf0cdcd2471abdea3c94cb7d094a4ffef0fb6774cd"},"dob":{"date":"1994-08-22T18:20:02.520Z","age":29},"registered":{"date":"2021-03-17T03:29:47.143Z","age":3},"phone":"009-49978890","cell":"0927-293-3302","id":{"name":"","value":null},"picture":{"large":"https://randomuser.me/api/portraits/men/45.jpg","medium":"https://randomuser.me/api/portraits/med/men/45.jpg","thumbnail":"https://randomuser.me/api/portraits/thumb/men/45.jpg"},"nat":"IR"}],"info":{"seed":"46ea03aa3ff73534","results":1,"page":1,"version":"1.4"}} 
 </msg>
<msg time="2024-05-11T23:14:12.825678" level="INFO">/opt/hostedtoolcache/Python/3.12.3/x64/lib/python3.12/site-packages/urllib3/connectionpool.py:1103: InsecureRequestWarning: Unverified HTTPS request is being made to host 'randomuser.me'. Adding certificate verification is strongly advised. See: https://urllib3.readthedocs.io/en/latest/advanced-usage.html#tls-warnings
  warnings.warn(</msg>
<msg time="2024-05-11T23:14:12.825790" level="INFO">${response} = &lt;Response [200]&gt;</msg>
<var>${response}</var>
<arg>consultarAPI</arg>
<arg>/api</arg>
<doc>Sends a GET request on a previously created HTTP Session.</doc>
<status status="PASS" start="2024-05-11T23:14:12.727535" elapsed="0.098294"/>
</kw>
<kw name="Set Variable" owner="BuiltIn">
<msg time="2024-05-11T23:14:12.826996" level="INFO">${json_data} = {'results': [{'gender': 'male', 'name': {'title': 'Mr', 'first': 'عباس', 'last': 'سالاری'}, 'location': {'street': {'number': 1478, 'name': 'بلوار کشاورز'}, 'city': 'آبادان', 'state': 'خراسان رضوی', '...</msg>
<var>${json_data}</var>
<arg>${response.json()}</arg>
<doc>Returns the given values which can then be assigned to a variables.</doc>
<status status="PASS" start="2024-05-11T23:14:12.826373" elapsed="0.000653"/>
</kw>
<kw name="Set Variable" owner="BuiltIn">
<msg time="2024-05-11T23:14:12.827726" level="INFO">${name_title} = Mr</msg>
<var>${name_title}</var>
<arg>${json_data["results"][0]["name"]["title"]}</arg>
<doc>Returns the given values which can then be assigned to a variables.</doc>
<status status="PASS" start="2024-05-11T23:14:12.827339" elapsed="0.000420"/>
</kw>
<kw name="Create List" owner="BuiltIn">
<msg time="2024-05-11T23:14:12.828213" level="INFO">${allowed_titles} = ['Mr', 'Ms', 'Miss', 'Mrs', 'Madame', 'Monsieur']</msg>
<var>${allowed_titles}</var>
<arg>Mr</arg>
<arg>Ms</arg>
<arg>Miss</arg>
<arg>Mrs</arg>
<arg>Madame</arg>
<arg>Monsieur</arg>
<doc>Returns a list containing given items.</doc>
<status status="PASS" start="2024-05-11T23:14:12.828065" elapsed="0.000172"/>
</kw>
<kw name="List Should Contain Value" owner="Collections">
<msg time="2024-05-11T23:14:12.828758" level="INFO">False</msg>
<arg>${allowed_titles}</arg>
<arg>${name_title}</arg>
<doc>Fails if the ``value`` is not found from ``list``.</doc>
<status status="PASS" start="2024-05-11T23:14:12.828571" elapsed="0.000224"/>
</kw>
<kw name="Set Variable" owner="BuiltIn">
<msg time="2024-05-11T23:14:12.829472" level="INFO">${name_country} = IR</msg>
<var>${name_country}</var>
<arg>${json_data["results"][0]["nat"]}</arg>
<doc>Returns the given values which can then be assigned to a variables.</doc>
<status status="PASS" start="2024-05-11T23:14:12.829090" elapsed="0.000407"/>
</kw>
<kw name="Create List" owner="BuiltIn">
<msg time="2024-05-11T23:14:12.830387" level="INFO">${list_country} = ['AD', 'AE', 'AF', 'AG', 'AI', 'AL', 'AM', 'AO', 'AQ', 'AR', 'AS', 'AT', 'AU', 'AW', 'AX', 'AZ', 'BA', 'BB', 'BD', 'BE', 'BF', 'BG', 'BH', 'BI', 'BJ', 'BL', 'BM', 'BN', 'BO', 'BQ', 'BR', 'BS', 'BT', '...</msg>
<var>${list_country}</var>
<arg>AD</arg>
<arg>AE</arg>
<arg>AF</arg>
<arg>AG</arg>
<arg>AI</arg>
<arg>AL</arg>
<arg>AM</arg>
<arg>AO</arg>
<arg>AQ</arg>
<arg>AR</arg>
<arg>AS</arg>
<arg>AT</arg>
<arg>AU</arg>
<arg>AW</arg>
<arg>AX</arg>
<arg>AZ</arg>
<arg>BA</arg>
<arg>BB</arg>
<arg>BD</arg>
<arg>BE</arg>
<arg>BF</arg>
<arg>BG</arg>
<arg>BH</arg>
<arg>BI</arg>
<arg>BJ</arg>
<arg>BL</arg>
<arg>BM</arg>
<arg>BN</arg>
<arg>BO</arg>
<arg>BQ</arg>
<arg>BR</arg>
<arg>BS</arg>
<arg>BT</arg>
<arg>BV</arg>
<arg>BW</arg>
<arg>BY</arg>
<arg>BZ</arg>
<arg>CA</arg>
<arg>CC</arg>
<arg>CD</arg>
<arg>CF</arg>
<arg>CG</arg>
<arg>CH</arg>
<arg>CI</arg>
<arg>CK</arg>
<arg>CL</arg>
<arg>CM</arg>
<arg>CN</arg>
<arg>CO</arg>
<arg>CR</arg>
<arg>CU</arg>
<arg>CV</arg>
<arg>CW</arg>
<arg>CX</arg>
<arg>CY</arg>
<arg>CZ</arg>
<arg>DE</arg>
<arg>DJ</arg>
<arg>DK</arg>
<arg>DM</arg>
<arg>DO</arg>
<arg>DZ</arg>
<arg>EC</arg>
<arg>EE</arg>
<arg>EG</arg>
<arg>EH</arg>
<arg>ER</arg>
<arg>ES</arg>
<arg>ET</arg>
<arg>FI</arg>
<arg>FJ</arg>
<arg>FK</arg>
<arg>FM</arg>
<arg>FO</arg>
<arg>FR</arg>
<arg>GA</arg>
<arg>GB</arg>
<arg>GD</arg>
<arg>GE</arg>
<arg>GF</arg>
<arg>GG</arg>
<arg>GH</arg>
<arg>GI</arg>
<arg>GL</arg>
<arg>GM</arg>
<arg>GN</arg>
<arg>GP</arg>
<arg>GQ</arg>
<arg>GR</arg>
<arg>GS</arg>
<arg>GT</arg>
<arg>GU</arg>
<arg>GW</arg>
<arg>GY</arg>
<arg>HK</arg>
<arg>HM</arg>
<arg>HN</arg>
<arg>HR</arg>
<arg>HT</arg>
<arg>HU</arg>
<arg>ID</arg>
<arg>IE</arg>
<arg>IL</arg>
<arg>IM</arg>
<arg>IN</arg>
<arg>IO</arg>
<arg>IQ</arg>
<arg>IR</arg>
<arg>IS</arg>
<arg>IT</arg>
<arg>JE</arg>
<arg>JM</arg>
<arg>JO</arg>
<arg>JP</arg>
<arg>KE</arg>
<arg>KG</arg>
<arg>KH</arg>
<arg>KI</arg>
<arg>KM</arg>
<arg>KN</arg>
<arg>KP</arg>
<arg>KR</arg>
<arg>KW</arg>
<arg>KY</arg>
<arg>KZ</arg>
<arg>LA</arg>
<arg>LB</arg>
<arg>LC</arg>
<arg>LI</arg>
<arg>LK</arg>
<arg>LR</arg>
<arg>LS</arg>
<arg>LT</arg>
<arg>LU</arg>
<arg>LV</arg>
<arg>LY</arg>
<arg>MA</arg>
<arg>MC</arg>
<arg>MD</arg>
<arg>ME</arg>
<arg>MF</arg>
<arg>MG</arg>
<arg>MH</arg>
<arg>MK</arg>
<arg>ML</arg>
<arg>MM</arg>
<arg>MN</arg>
<arg>MO</arg>
<arg>MP</arg>
<arg>MQ</arg>
<arg>MR</arg>
<arg>MS</arg>
<arg>MT</arg>
<arg>MU</arg>
<arg>MV</arg>
<arg>MW</arg>
<arg>MX</arg>
<arg>MY</arg>
<arg>MZ</arg>
<arg>NA</arg>
<arg>NC</arg>
<arg>NE</arg>
<arg>NF</arg>
<arg>NG</arg>
<arg>NI</arg>
<arg>NL</arg>
<arg>NO</arg>
<arg>NP</arg>
<arg>NR</arg>
<arg>NU</arg>
<arg>NZ</arg>
<arg>OM</arg>
<arg>PA</arg>
<arg>PE</arg>
<arg>PF</arg>
<arg>PG</arg>
<arg>PH</arg>
<arg>PK</arg>
<arg>PL</arg>
<arg>PM</arg>
<arg>PN</arg>
<arg>PR</arg>
<arg>PS</arg>
<arg>PT</arg>
<arg>PW</arg>
<arg>PY</arg>
<arg>QA</arg>
<arg>RE</arg>
<arg>RO</arg>
<arg>RS</arg>
<arg>RU</arg>
<arg>RW</arg>
<arg>SA</arg>
<arg>SB</arg>
<arg>SC</arg>
<arg>SD</arg>
<arg>SE</arg>
<arg>SG</arg>
<arg>SH</arg>
<arg>SI</arg>
<arg>SJ</arg>
<arg>SK</arg>
<arg>SL</arg>
<arg>SM</arg>
<arg>SN</arg>
<arg>SO</arg>
<arg>SR</arg>
<arg>SS</arg>
<arg>ST</arg>
<arg>SV</arg>
<arg>SX</arg>
<arg>SY</arg>
<arg>SZ</arg>
<arg>TC</arg>
<arg>TD</arg>
<arg>TF</arg>
<arg>TG</arg>
<arg>TH</arg>
<arg>TJ</arg>
<arg>TK</arg>
<arg>TL</arg>
<arg>TM</arg>
<arg>TN</arg>
<arg>TO</arg>
<arg>TR</arg>
<arg>TT</arg>
<arg>TV</arg>
<arg>TW</arg>
<arg>TZ</arg>
<arg>UA</arg>
<arg>UG</arg>
<arg>UM</arg>
<arg>US</arg>
<arg>UY</arg>
<arg>UZ</arg>
<arg>VA</arg>
<arg>VC</arg>
<arg>VE</arg>
<arg>VG</arg>
<arg>VI</arg>
<arg>VN</arg>
<arg>VU</arg>
<arg>WF</arg>
<arg>WS</arg>
<arg>XK</arg>
<arg>YE</arg>
<arg>YT</arg>
<arg>ZA</arg>
<arg>ZM</arg>
<arg>ZW</arg>
<doc>Returns a list containing given items.</doc>
<status status="PASS" start="2024-05-11T23:14:12.829796" elapsed="0.000616"/>
</kw>
<kw name="List Should Contain Value" owner="Collections">
<msg time="2024-05-11T23:14:12.831414" level="INFO">False</msg>
<arg>${list_country}</arg>
<arg>${name_country}</arg>
<doc>Fails if the ``value`` is not found from ``list``.</doc>
<status status="PASS" start="2024-05-11T23:14:12.831214" elapsed="0.000236"/>
</kw>
<kw name="Run Keyword If" owner="BuiltIn">
<kw name="Should Be True" owner="BuiltIn">
<arg>${True}</arg>
<doc>Fails if the given condition is not true.</doc>
<status status="PASS" start="2024-05-11T23:14:12.832549" elapsed="0.000257"/>
</kw>
<arg>${json_data["results"][0]["location"]["coordinates"]["latitude"]} &gt;= -90 and ${json_data["results"][0]["location"]["coordinates"]["latitude"]} &lt;= 90</arg>
<arg>Should Be True</arg>
<arg>${True}</arg>
<doc>Runs the given keyword with the given arguments, if ``condition`` is true.</doc>
<status status="PASS" start="2024-05-11T23:14:12.831763" elapsed="0.001176"/>
</kw>
<kw name="Run Keyword If" owner="BuiltIn">
<kw name="Should Be True" owner="BuiltIn">
<arg>${True}</arg>
<doc>Fails if the given condition is not true.</doc>
<status status="PASS" start="2024-05-11T23:14:12.833841" elapsed="0.000137"/>
</kw>
<arg>${json_data["results"][0]["location"]["coordinates"]["longitude"]} &gt;= -180 and ${json_data["results"][0]["location"]["coordinates"]["longitude"]} &lt;= 180</arg>
<arg>Should Be True</arg>
<arg>${True}</arg>
<doc>Runs the given keyword with the given arguments, if ``condition`` is true.</doc>
<status status="PASS" start="2024-05-11T23:14:12.833127" elapsed="0.000974"/>
</kw>
<status status="PASS" start="2024-05-11T23:14:12.727312" elapsed="0.106921"/>
</kw>
<doc>Testa o conteúdo específico dos campos retornados pela API.</doc>
<tag>testeConteudo</tag>
<status status="PASS" start="2024-05-11T23:14:12.726855" elapsed="0.107527"/>
</test>
<status status="PASS" start="2024-05-11T23:14:11.863515" elapsed="0.972781"/>
</suite>
<status status="PASS" start="2024-05-11T23:14:11.849805" elapsed="0.991671"/>
</suite>
<statistics>
<total>
<stat pass="5" fail="0" skip="0">All Tests</stat>
</total>
<tag>
<stat pass="1" fail="0" skip="0">testeConteudo</stat>
<stat pass="1" fail="0" skip="0">testeEstruturaResposta</stat>
<stat pass="1" fail="0" skip="0">testeRequisicaoBasica</stat>
<stat pass="1" fail="0" skip="0">testeTiposDados</stat>
</tag>
<suite>
<stat pass="5" fail="0" skip="0" id="s1" name="Tests">Tests</stat>
<stat pass="5" fail="0" skip="0" id="s1-s1" name="Random-User-Test">Tests.Random-User-Test</stat>
</suite>
</statistics>
<errors>
</errors>
</robot>
