<?xml version="1.0" encoding="UTF-8"?>
<robot generator="Robot 7.0.1 (Python 3.12.4 on linux)" generated="2024-06-21T17:15:17.003530" rpa="false" schemaversion="5">
<suite id="s1" name="Tests" source="/home/runner/work/ApiRandomUser/ApiRandomUser/RamdonUser/tests">
<suite id="s1-s1" name="Random-User-Test" source="/home/runner/work/ApiRandomUser/ApiRandomUser/RamdonUser/tests/random-user-test.robot">
<test id="s1-s1-t1" name="Conectar" line="13">
<kw name="Conectar API" owner="random-user-service">
<kw name="Create Session" owner="RequestsLibrary">
<msg time="2024-06-21T17:15:17.429133" level="INFO">Creating Session using : alias=consultarAPI, url=https://randomuser.me/, headers={},                     cookies={}, auth=None, timeout=None, proxies=None, verify=False,                     debug=0 </msg>
<arg>consultarAPI</arg>
<arg>${URL}</arg>
<doc>Create Session: create a HTTP session to a server</doc>
<status status="PASS" start="2024-06-21T17:15:17.428923" elapsed="0.000426"/>
</kw>
<status status="PASS" start="2024-06-21T17:15:17.427939" elapsed="0.001776"/>
</kw>
<status status="PASS" start="2024-06-21T17:15:17.427327" elapsed="0.002580"/>
</test>
<test id="s1-s1-t2" name="Validar retorno 200 e JSON Válido" line="16">
<kw name="Teste de Requisicao Basica" owner="random-user-service">
<kw name="GET On Session" owner="RequestsLibrary">
<msg time="2024-06-21T17:15:17.549355" level="INFO">GET Request : url=https://randomuser.me/api 
 path_url=/api 
 headers={'User-Agent': 'python-requests/2.32.3', 'Accept-Encoding': 'gzip, deflate', 'Accept': '*/*', 'Connection': 'keep-alive'} 
 body=None 
 </msg>
<msg time="2024-06-21T17:15:17.549506" level="INFO">GET Response : url=https://randomuser.me/api 
 status=200, reason=OK 
 headers={'Date': 'Fri, 21 Jun 2024 17:15:17 GMT', 'Content-Type': 'application/json; charset=utf-8', 'Transfer-Encoding': 'chunked', 'Connection': 'keep-alive', 'X-Powered-By': 'Express', 'Access-Control-Allow-Origin': '*', 'Cache-Control': 'no-cache', 'ETag': 'W/"48a-peJuGQeXobDNovJD17l1UaEyv5c"', 'Vary': 'Accept-Encoding', 'Content-Encoding': 'gzip', 'CF-Cache-Status': 'DYNAMIC', 'Report-To': '{"endpoints":[{"url":"https:\\/\\/a.nel.cloudflare.com\\/report\\/v4?s=IUo3gSdn3MKmvYbODxnDjMbrnNWa%2BjxoD6fJPMZ4sXWD4yqRQZcouZy4UL4nD%2BFpE0Brjpi%2FM5ZLj4rgXLKRrRhKJoV1Zfd4%2BGKU7SnodQ6wzaR8IdgU01RCu80drowY"}],"group":"cf-nel","max_age":604800}', 'NEL': '{"success_fraction":0,"report_to":"cf-nel","max_age":604800}', 'Server': 'cloudflare', 'CF-RAY': '8975a3ca292167f9-SJC', 'alt-svc': 'h3=":443"; ma=86400'} 
 body={"results":[{"gender":"female","name":{"title":"Miss","first":"Diana","last":"Laureano"},"location":{"street":{"number":4633,"name":"Periférico Sur Anguiano"},"city":"Yuriria","state":"Nayarit","country":"Mexico","postcode":54643,"coordinates":{"latitude":"24.3738","longitude":"154.6029"},"timezone":{"offset":"+4:30","description":"Kabul"}},"email":"diana.laureano@example.com","login":{"uuid":"472a7cf8-79a2-4ab9-80c9-1f93dd6165e1","username":"organiccat971","password":"rhodes","salt":"MNjORJsa","md5":"7b8bf1c41934737f80fc83ce001a16db","sha1":"7f140019407143ab8de8f2408b8a30f2ba8cc8f2","sha256":"0855df9a957b8df1c4bb3a94c62f71694877d252fbf9893e6d3d03f658100302"},"dob":{"date":"1978-08-14T10:28:23.126Z","age":45},"registered":{"date":"2007-03-09T18:37:05.614Z","age":17},"phone":"(683) 033 9090","cell":"(656) 672 5200","id":{"name":"NSS","value":"43 30 87 8288 8"},"picture":{"large":"https://randomuser.me/api/portraits/women/83.jpg","medium":"https://randomuser.me/api/portraits/med/women/83.jpg","thumbnail":"https://randomuser.me/api/portraits/thumb/women/83.jpg"},"nat":"MX"}],"info":{"seed":"3da7f43eae948cfd","results":1,"page":1,"version":"1.4"}} 
 </msg>
<msg time="2024-06-21T17:15:17.549590" level="INFO">/opt/hostedtoolcache/Python/3.12.4/x64/lib/python3.12/site-packages/urllib3/connectionpool.py:1099: InsecureRequestWarning: Unverified HTTPS request is being made to host 'randomuser.me'. Adding certificate verification is strongly advised. See: https://urllib3.readthedocs.io/en/latest/advanced-usage.html#tls-warnings
  warnings.warn(</msg>
<msg time="2024-06-21T17:15:17.549722" level="INFO">${response} = &lt;Response [200]&gt;</msg>
<var>${response}</var>
<arg>consultarAPI</arg>
<arg>/api</arg>
<doc>Sends a GET request on a previously created HTTP Session.</doc>
<status status="PASS" start="2024-06-21T17:15:17.432524" elapsed="0.117239"/>
</kw>
<kw name="Should Be Equal As Numbers" owner="BuiltIn">
<msg time="2024-06-21T17:15:17.550764" level="INFO">Argument types are:
&lt;class 'int'&gt;
&lt;class 'str'&gt;</msg>
<arg>${response.status_code}</arg>
<arg>200</arg>
<doc>Fails if objects are unequal after converting them to real numbers.</doc>
<status status="PASS" start="2024-06-21T17:15:17.550274" elapsed="0.000556"/>
</kw>
<kw name="Log" owner="BuiltIn">
<msg time="2024-06-21T17:15:17.551490" level="INFO">200</msg>
<arg>${response.status_code}</arg>
<doc>Logs the given message with the given level.</doc>
<status status="PASS" start="2024-06-21T17:15:17.551145" elapsed="0.000387"/>
</kw>
<kw name="Set Variable" owner="BuiltIn">
<msg time="2024-06-21T17:15:17.552280" level="INFO">${json_data} = {'results': [{'gender': 'female', 'name': {'title': 'Miss', 'first': 'Diana', 'last': 'Laureano'}, 'location': {'street': {'number': 4633, 'name': 'Periférico Sur Anguiano'}, 'city': 'Yuriria', 'state...</msg>
<var>${json_data}</var>
<arg>${response.json()}</arg>
<doc>Returns the given values which can then be assigned to a variables.</doc>
<status status="PASS" start="2024-06-21T17:15:17.551834" elapsed="0.000478"/>
</kw>
<kw name="Dictionary Should Contain Key" owner="Collections">
<arg>${json_data}</arg>
<arg>results</arg>
<doc>Fails if ``key`` is not found from ``dictionary``.</doc>
<status status="PASS" start="2024-06-21T17:15:17.552618" elapsed="0.000165"/>
</kw>
<status status="PASS" start="2024-06-21T17:15:17.432278" elapsed="0.120658"/>
</kw>
<doc>Testa se a API responde corretamente e retorna um objeto JSON válido.</doc>
<tag>testeRequisicaoBasica</tag>
<status status="PASS" start="2024-06-21T17:15:17.431775" elapsed="0.121342"/>
</test>
<test id="s1-s1-t3" name="Validar estrutura de resposta" line="22">
<kw name="Teste de Estrutura de Resposta" owner="random-user-service">
<kw name="GET On Session" owner="RequestsLibrary">
<msg time="2024-06-21T17:15:17.672214" level="INFO">GET Request : url=https://randomuser.me/api 
 path_url=/api 
 headers={'User-Agent': 'python-requests/2.32.3', 'Accept-Encoding': 'gzip, deflate', 'Accept': '*/*', 'Connection': 'keep-alive'} 
 body=None 
 </msg>
<msg time="2024-06-21T17:15:17.672308" level="INFO">GET Response : url=https://randomuser.me/api 
 status=200, reason=OK 
 headers={'Date': 'Fri, 21 Jun 2024 17:15:17 GMT', 'Content-Type': 'application/json; charset=utf-8', 'Transfer-Encoding': 'chunked', 'Connection': 'keep-alive', 'X-Powered-By': 'Express', 'Access-Control-Allow-Origin': '*', 'Cache-Control': 'no-cache', 'ETag': 'W/"485-VjDVo8wFlkQfoBji7vHnZkkuZRA"', 'Vary': 'Accept-Encoding', 'Content-Encoding': 'gzip', 'CF-Cache-Status': 'DYNAMIC', 'Report-To': '{"endpoints":[{"url":"https:\\/\\/a.nel.cloudflare.com\\/report\\/v4?s=bVCI25kGzgNKTttB%2FZ14exhPQQhcILf0F7TJoZp4J5hXsv1YM0hSWLxk%2BFUVGjHTCQ7hh7cK85m1pqZKJCnpJLvNkPvkiqG%2BBCMV1IESxfMjCk090hwmeOVwmdnirdmz"}],"group":"cf-nel","max_age":604800}', 'NEL': '{"success_fraction":0,"report_to":"cf-nel","max_age":604800}', 'Server': 'cloudflare', 'CF-RAY': '8975a3cab99967f9-SJC', 'alt-svc': 'h3=":443"; ma=86400'} 
 body={"results":[{"gender":"male","name":{"title":"Mr","first":"Danilo","last":"Rašić"},"location":{"street":{"number":6931,"name":"Prvog Maja"},"city":"Zaječar","state":"Kosovo","country":"Serbia","postcode":42234,"coordinates":{"latitude":"55.9164","longitude":"-23.9822"},"timezone":{"offset":"+11:00","description":"Magadan, Solomon Islands, New Caledonia"}},"email":"danilo.rasic@example.com","login":{"uuid":"29fbbf35-b0f0-4190-96b3-b7c190319403","username":"sadelephant733","password":"fuzzy","salt":"Rb8ahKdw","md5":"5646e89b83e30128718bcac3283d5e89","sha1":"47bc1f1b111688537690c12b2aae65df3919102c","sha256":"5fdca2b30a071b3929b8329d647fbb6d1c646ab8524f10f4fb3bf29aa8006787"},"dob":{"date":"1972-07-31T23:29:04.085Z","age":51},"registered":{"date":"2018-07-04T20:37:33.408Z","age":5},"phone":"020-2062-027","cell":"065-6906-590","id":{"name":"SID","value":"096625669"},"picture":{"large":"https://randomuser.me/api/portraits/men/7.jpg","medium":"https://randomuser.me/api/portraits/med/men/7.jpg","thumbnail":"https://randomuser.me/api/portraits/thumb/men/7.jpg"},"nat":"RS"}],"info":{"seed":"712a31dfd653fcfb","results":1,"page":1,"version":"1.4"}} 
 </msg>
<msg time="2024-06-21T17:15:17.672438" level="INFO">/opt/hostedtoolcache/Python/3.12.4/x64/lib/python3.12/site-packages/urllib3/connectionpool.py:1099: InsecureRequestWarning: Unverified HTTPS request is being made to host 'randomuser.me'. Adding certificate verification is strongly advised. See: https://urllib3.readthedocs.io/en/latest/advanced-usage.html#tls-warnings
  warnings.warn(</msg>
<msg time="2024-06-21T17:15:17.672544" level="INFO">${response} = &lt;Response [200]&gt;</msg>
<var>${response}</var>
<arg>consultarAPI</arg>
<arg>/api</arg>
<doc>Sends a GET request on a previously created HTTP Session.</doc>
<status status="PASS" start="2024-06-21T17:15:17.555843" elapsed="0.116743"/>
</kw>
<kw name="Set Variable" owner="BuiltIn">
<msg time="2024-06-21T17:15:17.673665" level="INFO">${json_data} = {'results': [{'gender': 'male', 'name': {'title': 'Mr', 'first': 'Danilo', 'last': 'Rašić'}, 'location': {'street': {'number': 6931, 'name': 'Prvog Maja'}, 'city': 'Zaječar', 'state': 'Kosovo', 'count...</msg>
<var>${json_data}</var>
<arg>${response.json()}</arg>
<doc>Returns the given values which can then be assigned to a variables.</doc>
<status status="PASS" start="2024-06-21T17:15:17.673060" elapsed="0.000636"/>
</kw>
<kw name="Log" owner="BuiltIn">
<msg time="2024-06-21T17:15:17.674176" level="INFO">{'results': [{'gender': 'male', 'name': {'title': 'Mr', 'first': 'Danilo', 'last': 'Rašić'}, 'location': {'street': {'number': 6931, 'name': 'Prvog Maja'}, 'city': 'Zaječar', 'state': 'Kosovo', 'country': 'Serbia', 'postcode': 42234, 'coordinates': {'latitude': '55.9164', 'longitude': '-23.9822'}, 'timezone': {'offset': '+11:00', 'description': 'Magadan, Solomon Islands, New Caledonia'}}, 'email': 'danilo.rasic@example.com', 'login': {'uuid': '29fbbf35-b0f0-4190-96b3-b7c190319403', 'username': 'sadelephant733', 'password': 'fuzzy', 'salt': 'Rb8ahKdw', 'md5': '5646e89b83e30128718bcac3283d5e89', 'sha1': '47bc1f1b111688537690c12b2aae65df3919102c', 'sha256': '5fdca2b30a071b3929b8329d647fbb6d1c646ab8524f10f4fb3bf29aa8006787'}, 'dob': {'date': '1972-07-31T23:29:04.085Z', 'age': 51}, 'registered': {'date': '2018-07-04T20:37:33.408Z', 'age': 5}, 'phone': '020-2062-027', 'cell': '065-6906-590', 'id': {'name': 'SID', 'value': '096625669'}, 'picture': {'large': 'https://randomuser.me/api/portraits/men/7.jpg', 'medium': 'https://randomuser.me/api/portraits/med/men/7.jpg', 'thumbnail': 'https://randomuser.me/api/portraits/thumb/men/7.jpg'}, 'nat': 'RS'}], 'info': {'seed': '712a31dfd653fcfb', 'results': 1, 'page': 1, 'version': '1.4'}}</msg>
<arg>${json_data}</arg>
<doc>Logs the given message with the given level.</doc>
<status status="PASS" start="2024-06-21T17:15:17.674009" elapsed="0.000218"/>
</kw>
<kw name="Dictionary Should Contain Key" owner="Collections">
<arg>${json_data}</arg>
<arg>results</arg>
<doc>Fails if ``key`` is not found from ``dictionary``.</doc>
<status status="PASS" start="2024-06-21T17:15:17.674519" elapsed="0.000155"/>
</kw>
<kw name="Should Not Be Empty" owner="BuiltIn">
<msg time="2024-06-21T17:15:17.674982" level="INFO">Length is 2.</msg>
<arg>${json_data}</arg>
<doc>Verifies that the given item is not empty.</doc>
<status status="PASS" start="2024-06-21T17:15:17.674856" elapsed="0.000174"/>
</kw>
<kw name="Create List" owner="BuiltIn">
<msg time="2024-06-21T17:15:17.675465" level="INFO">${expected_keys} = ['gender', 'name', 'location', 'email', 'login']</msg>
<var>${expected_keys}</var>
<arg>gender</arg>
<arg>name</arg>
<arg>location</arg>
<arg>email</arg>
<arg>login</arg>
<doc>Returns a list containing given items.</doc>
<status status="PASS" start="2024-06-21T17:15:17.675319" elapsed="0.000170"/>
</kw>
<for flavor="IN">
<iter>
<kw name="Dictionary Should Contain Key" owner="Collections">
<arg>${json_data['results'][0]}</arg>
<arg>${key}</arg>
<doc>Fails if ``key`` is not found from ``dictionary``.</doc>
<status status="PASS" start="2024-06-21T17:15:17.676200" elapsed="0.000416"/>
</kw>
<kw name="Log" owner="BuiltIn">
<msg time="2024-06-21T17:15:17.677189" level="INFO">{'gender': 'male', 'name': {'title': 'Mr', 'first': 'Danilo', 'last': 'Rašić'}, 'location': {'street': {'number': 6931, 'name': 'Prvog Maja'}, 'city': 'Zaječar', 'state': 'Kosovo', 'country': 'Serbia', 'postcode': 42234, 'coordinates': {'latitude': '55.9164', 'longitude': '-23.9822'}, 'timezone': {'offset': '+11:00', 'description': 'Magadan, Solomon Islands, New Caledonia'}}, 'email': 'danilo.rasic@example.com', 'login': {'uuid': '29fbbf35-b0f0-4190-96b3-b7c190319403', 'username': 'sadelephant733', 'password': 'fuzzy', 'salt': 'Rb8ahKdw', 'md5': '5646e89b83e30128718bcac3283d5e89', 'sha1': '47bc1f1b111688537690c12b2aae65df3919102c', 'sha256': '5fdca2b30a071b3929b8329d647fbb6d1c646ab8524f10f4fb3bf29aa8006787'}, 'dob': {'date': '1972-07-31T23:29:04.085Z', 'age': 51}, 'registered': {'date': '2018-07-04T20:37:33.408Z', 'age': 5}, 'phone': '020-2062-027', 'cell': '065-6906-590', 'id': {'name': 'SID', 'value': '096625669'}, 'picture': {'large': 'https://randomuser.me/api/portraits/men/7.jpg', 'medium': 'https://randomuser.me/api/portraits/med/men/7.jpg', 'thumbnail': 'https://randomuser.me/api/portraits/thumb/men/7.jpg'}, 'nat': 'RS'}</msg>
<arg>${json_data['results'][0]}</arg>
<doc>Logs the given message with the given level.</doc>
<status status="PASS" start="2024-06-21T17:15:17.676802" elapsed="0.000449"/>
</kw>
<kw name="Log" owner="BuiltIn">
<msg time="2024-06-21T17:15:17.677688" level="INFO">gender</msg>
<arg>${key}</arg>
<doc>Logs the given message with the given level.</doc>
<status status="PASS" start="2024-06-21T17:15:17.677558" elapsed="0.000169"/>
</kw>
<var name="${key}">gender</var>
<status status="PASS" start="2024-06-21T17:15:17.676073" elapsed="0.001870"/>
</iter>
<iter>
<kw name="Dictionary Should Contain Key" owner="Collections">
<arg>${json_data['results'][0]}</arg>
<arg>${key}</arg>
<doc>Fails if ``key`` is not found from ``dictionary``.</doc>
<status status="PASS" start="2024-06-21T17:15:17.678235" elapsed="0.000390"/>
</kw>
<kw name="Log" owner="BuiltIn">
<msg time="2024-06-21T17:15:17.679166" level="INFO">{'gender': 'male', 'name': {'title': 'Mr', 'first': 'Danilo', 'last': 'Rašić'}, 'location': {'street': {'number': 6931, 'name': 'Prvog Maja'}, 'city': 'Zaječar', 'state': 'Kosovo', 'country': 'Serbia', 'postcode': 42234, 'coordinates': {'latitude': '55.9164', 'longitude': '-23.9822'}, 'timezone': {'offset': '+11:00', 'description': 'Magadan, Solomon Islands, New Caledonia'}}, 'email': 'danilo.rasic@example.com', 'login': {'uuid': '29fbbf35-b0f0-4190-96b3-b7c190319403', 'username': 'sadelephant733', 'password': 'fuzzy', 'salt': 'Rb8ahKdw', 'md5': '5646e89b83e30128718bcac3283d5e89', 'sha1': '47bc1f1b111688537690c12b2aae65df3919102c', 'sha256': '5fdca2b30a071b3929b8329d647fbb6d1c646ab8524f10f4fb3bf29aa8006787'}, 'dob': {'date': '1972-07-31T23:29:04.085Z', 'age': 51}, 'registered': {'date': '2018-07-04T20:37:33.408Z', 'age': 5}, 'phone': '020-2062-027', 'cell': '065-6906-590', 'id': {'name': 'SID', 'value': '096625669'}, 'picture': {'large': 'https://randomuser.me/api/portraits/men/7.jpg', 'medium': 'https://randomuser.me/api/portraits/med/men/7.jpg', 'thumbnail': 'https://randomuser.me/api/portraits/thumb/men/7.jpg'}, 'nat': 'RS'}</msg>
<arg>${json_data['results'][0]}</arg>
<doc>Logs the given message with the given level.</doc>
<status status="PASS" start="2024-06-21T17:15:17.678810" elapsed="0.000441"/>
</kw>
<kw name="Log" owner="BuiltIn">
<msg time="2024-06-21T17:15:17.679675" level="INFO">name</msg>
<arg>${key}</arg>
<doc>Logs the given message with the given level.</doc>
<status status="PASS" start="2024-06-21T17:15:17.679549" elapsed="0.000164"/>
</kw>
<var name="${key}">name</var>
<status status="PASS" start="2024-06-21T17:15:17.678125" elapsed="0.001800"/>
</iter>
<iter>
<kw name="Dictionary Should Contain Key" owner="Collections">
<arg>${json_data['results'][0]}</arg>
<arg>${key}</arg>
<doc>Fails if ``key`` is not found from ``dictionary``.</doc>
<status status="PASS" start="2024-06-21T17:15:17.680204" elapsed="0.000388"/>
</kw>
<kw name="Log" owner="BuiltIn">
<msg time="2024-06-21T17:15:17.681122" level="INFO">{'gender': 'male', 'name': {'title': 'Mr', 'first': 'Danilo', 'last': 'Rašić'}, 'location': {'street': {'number': 6931, 'name': 'Prvog Maja'}, 'city': 'Zaječar', 'state': 'Kosovo', 'country': 'Serbia', 'postcode': 42234, 'coordinates': {'latitude': '55.9164', 'longitude': '-23.9822'}, 'timezone': {'offset': '+11:00', 'description': 'Magadan, Solomon Islands, New Caledonia'}}, 'email': 'danilo.rasic@example.com', 'login': {'uuid': '29fbbf35-b0f0-4190-96b3-b7c190319403', 'username': 'sadelephant733', 'password': 'fuzzy', 'salt': 'Rb8ahKdw', 'md5': '5646e89b83e30128718bcac3283d5e89', 'sha1': '47bc1f1b111688537690c12b2aae65df3919102c', 'sha256': '5fdca2b30a071b3929b8329d647fbb6d1c646ab8524f10f4fb3bf29aa8006787'}, 'dob': {'date': '1972-07-31T23:29:04.085Z', 'age': 51}, 'registered': {'date': '2018-07-04T20:37:33.408Z', 'age': 5}, 'phone': '020-2062-027', 'cell': '065-6906-590', 'id': {'name': 'SID', 'value': '096625669'}, 'picture': {'large': 'https://randomuser.me/api/portraits/men/7.jpg', 'medium': 'https://randomuser.me/api/portraits/med/men/7.jpg', 'thumbnail': 'https://randomuser.me/api/portraits/thumb/men/7.jpg'}, 'nat': 'RS'}</msg>
<arg>${json_data['results'][0]}</arg>
<doc>Logs the given message with the given level.</doc>
<status status="PASS" start="2024-06-21T17:15:17.680770" elapsed="0.000421"/>
</kw>
<kw name="Log" owner="BuiltIn">
<msg time="2024-06-21T17:15:17.681617" level="INFO">location</msg>
<arg>${key}</arg>
<doc>Logs the given message with the given level.</doc>
<status status="PASS" start="2024-06-21T17:15:17.681490" elapsed="0.000164"/>
</kw>
<var name="${key}">location</var>
<status status="PASS" start="2024-06-21T17:15:17.680097" elapsed="0.001770"/>
</iter>
<iter>
<kw name="Dictionary Should Contain Key" owner="Collections">
<arg>${json_data['results'][0]}</arg>
<arg>${key}</arg>
<doc>Fails if ``key`` is not found from ``dictionary``.</doc>
<status status="PASS" start="2024-06-21T17:15:17.682139" elapsed="0.000375"/>
</kw>
<kw name="Log" owner="BuiltIn">
<msg time="2024-06-21T17:15:17.683072" level="INFO">{'gender': 'male', 'name': {'title': 'Mr', 'first': 'Danilo', 'last': 'Rašić'}, 'location': {'street': {'number': 6931, 'name': 'Prvog Maja'}, 'city': 'Zaječar', 'state': 'Kosovo', 'country': 'Serbia', 'postcode': 42234, 'coordinates': {'latitude': '55.9164', 'longitude': '-23.9822'}, 'timezone': {'offset': '+11:00', 'description': 'Magadan, Solomon Islands, New Caledonia'}}, 'email': 'danilo.rasic@example.com', 'login': {'uuid': '29fbbf35-b0f0-4190-96b3-b7c190319403', 'username': 'sadelephant733', 'password': 'fuzzy', 'salt': 'Rb8ahKdw', 'md5': '5646e89b83e30128718bcac3283d5e89', 'sha1': '47bc1f1b111688537690c12b2aae65df3919102c', 'sha256': '5fdca2b30a071b3929b8329d647fbb6d1c646ab8524f10f4fb3bf29aa8006787'}, 'dob': {'date': '1972-07-31T23:29:04.085Z', 'age': 51}, 'registered': {'date': '2018-07-04T20:37:33.408Z', 'age': 5}, 'phone': '020-2062-027', 'cell': '065-6906-590', 'id': {'name': 'SID', 'value': '096625669'}, 'picture': {'large': 'https://randomuser.me/api/portraits/men/7.jpg', 'medium': 'https://randomuser.me/api/portraits/med/men/7.jpg', 'thumbnail': 'https://randomuser.me/api/portraits/thumb/men/7.jpg'}, 'nat': 'RS'}</msg>
<arg>${json_data['results'][0]}</arg>
<doc>Logs the given message with the given level.</doc>
<status status="PASS" start="2024-06-21T17:15:17.682696" elapsed="0.000427"/>
</kw>
<kw name="Log" owner="BuiltIn">
<msg time="2024-06-21T17:15:17.683540" level="INFO">email</msg>
<arg>${key}</arg>
<doc>Logs the given message with the given level.</doc>
<status status="PASS" start="2024-06-21T17:15:17.683414" elapsed="0.000163"/>
</kw>
<var name="${key}">email</var>
<status status="PASS" start="2024-06-21T17:15:17.682035" elapsed="0.001755"/>
</iter>
<iter>
<kw name="Dictionary Should Contain Key" owner="Collections">
<arg>${json_data['results'][0]}</arg>
<arg>${key}</arg>
<doc>Fails if ``key`` is not found from ``dictionary``.</doc>
<status status="PASS" start="2024-06-21T17:15:17.684061" elapsed="0.000383"/>
</kw>
<kw name="Log" owner="BuiltIn">
<msg time="2024-06-21T17:15:17.684969" level="INFO">{'gender': 'male', 'name': {'title': 'Mr', 'first': 'Danilo', 'last': 'Rašić'}, 'location': {'street': {'number': 6931, 'name': 'Prvog Maja'}, 'city': 'Zaječar', 'state': 'Kosovo', 'country': 'Serbia', 'postcode': 42234, 'coordinates': {'latitude': '55.9164', 'longitude': '-23.9822'}, 'timezone': {'offset': '+11:00', 'description': 'Magadan, Solomon Islands, New Caledonia'}}, 'email': 'danilo.rasic@example.com', 'login': {'uuid': '29fbbf35-b0f0-4190-96b3-b7c190319403', 'username': 'sadelephant733', 'password': 'fuzzy', 'salt': 'Rb8ahKdw', 'md5': '5646e89b83e30128718bcac3283d5e89', 'sha1': '47bc1f1b111688537690c12b2aae65df3919102c', 'sha256': '5fdca2b30a071b3929b8329d647fbb6d1c646ab8524f10f4fb3bf29aa8006787'}, 'dob': {'date': '1972-07-31T23:29:04.085Z', 'age': 51}, 'registered': {'date': '2018-07-04T20:37:33.408Z', 'age': 5}, 'phone': '020-2062-027', 'cell': '065-6906-590', 'id': {'name': 'SID', 'value': '096625669'}, 'picture': {'large': 'https://randomuser.me/api/portraits/men/7.jpg', 'medium': 'https://randomuser.me/api/portraits/med/men/7.jpg', 'thumbnail': 'https://randomuser.me/api/portraits/thumb/men/7.jpg'}, 'nat': 'RS'}</msg>
<arg>${json_data['results'][0]}</arg>
<doc>Logs the given message with the given level.</doc>
<status status="PASS" start="2024-06-21T17:15:17.684621" elapsed="0.000396"/>
</kw>
<kw name="Log" owner="BuiltIn">
<msg time="2024-06-21T17:15:17.685471" level="INFO">login</msg>
<arg>${key}</arg>
<doc>Logs the given message with the given level.</doc>
<status status="PASS" start="2024-06-21T17:15:17.685337" elapsed="0.000171"/>
</kw>
<var name="${key}">login</var>
<status status="PASS" start="2024-06-21T17:15:17.683956" elapsed="0.001779"/>
</iter>
<var>${key}</var>
<value>@{expected_keys}</value>
<status status="PASS" start="2024-06-21T17:15:17.675887" elapsed="0.009968"/>
</for>
<kw name="Create List" owner="BuiltIn">
<msg time="2024-06-21T17:15:17.686200" level="INFO">${expected_keysTwo} = ['username', 'password']</msg>
<var>${expected_keysTwo}</var>
<arg>username</arg>
<arg>password</arg>
<doc>Returns a list containing given items.</doc>
<status status="PASS" start="2024-06-21T17:15:17.686066" elapsed="0.000158"/>
</kw>
<for flavor="IN">
<iter>
<kw name="Dictionary Should Contain Key" owner="Collections">
<arg>${json_data['results'][0]['login']}</arg>
<arg>${keyTwo}</arg>
<doc>Fails if ``key`` is not found from ``dictionary``.</doc>
<status status="PASS" start="2024-06-21T17:15:17.686752" elapsed="0.000389"/>
</kw>
<kw name="Dictionary Should Contain Key" owner="Collections">
<arg>${json_data['results'][0]['login']}</arg>
<arg>${keyTwo}</arg>
<doc>Fails if ``key`` is not found from ``dictionary``.</doc>
<status status="PASS" start="2024-06-21T17:15:17.687320" elapsed="0.000371"/>
</kw>
<kw name="Log" owner="BuiltIn">
<msg time="2024-06-21T17:15:17.687986" level="INFO">username</msg>
<arg>${keyTwo}</arg>
<doc>Logs the given message with the given level.</doc>
<status status="PASS" start="2024-06-21T17:15:17.687868" elapsed="0.000155"/>
</kw>
<var name="${keyTwo}">username</var>
<status status="PASS" start="2024-06-21T17:15:17.686644" elapsed="0.001593"/>
</iter>
<iter>
<kw name="Dictionary Should Contain Key" owner="Collections">
<arg>${json_data['results'][0]['login']}</arg>
<arg>${keyTwo}</arg>
<doc>Fails if ``key`` is not found from ``dictionary``.</doc>
<status status="PASS" start="2024-06-21T17:15:17.688510" elapsed="0.000379"/>
</kw>
<kw name="Dictionary Should Contain Key" owner="Collections">
<arg>${json_data['results'][0]['login']}</arg>
<arg>${keyTwo}</arg>
<doc>Fails if ``key`` is not found from ``dictionary``.</doc>
<status status="PASS" start="2024-06-21T17:15:17.689065" elapsed="0.000397"/>
</kw>
<kw name="Log" owner="BuiltIn">
<msg time="2024-06-21T17:15:17.689760" level="INFO">password</msg>
<arg>${keyTwo}</arg>
<doc>Logs the given message with the given level.</doc>
<status status="PASS" start="2024-06-21T17:15:17.689640" elapsed="0.000156"/>
</kw>
<var name="${keyTwo}">password</var>
<status status="PASS" start="2024-06-21T17:15:17.688406" elapsed="0.001608"/>
</iter>
<var>${keyTwo}</var>
<value>@{expected_keysTwo}</value>
<status status="PASS" start="2024-06-21T17:15:17.686483" elapsed="0.003647"/>
</for>
<status status="PASS" start="2024-06-21T17:15:17.555610" elapsed="0.134655"/>
</kw>
<doc>Testa a estrutura da resposta da API.</doc>
<tag>testeEstruturaResposta</tag>
<status status="PASS" start="2024-06-21T17:15:17.554972" elapsed="0.135438"/>
</test>
<test id="s1-s1-t4" name="Validar tipos de dados" line="28">
<kw name="Teste de Tipos de Dados" owner="random-user-service">
<kw name="GET On Session" owner="RequestsLibrary">
<msg time="2024-06-21T17:15:17.780147" level="INFO">GET Request : url=https://randomuser.me/api 
 path_url=/api 
 headers={'User-Agent': 'python-requests/2.32.3', 'Accept-Encoding': 'gzip, deflate', 'Accept': '*/*', 'Connection': 'keep-alive'} 
 body=None 
 </msg>
<msg time="2024-06-21T17:15:17.780236" level="INFO">GET Response : url=https://randomuser.me/api 
 status=200, reason=OK 
 headers={'Date': 'Fri, 21 Jun 2024 17:15:17 GMT', 'Content-Type': 'application/json; charset=utf-8', 'Transfer-Encoding': 'chunked', 'Connection': 'keep-alive', 'X-Powered-By': 'Express', 'Access-Control-Allow-Origin': '*', 'Cache-Control': 'no-cache', 'ETag': 'W/"48f-e+GRF6pCsF40vasGbzDSXCVlafA"', 'Vary': 'Accept-Encoding', 'Content-Encoding': 'gzip', 'CF-Cache-Status': 'DYNAMIC', 'Report-To': '{"endpoints":[{"url":"https:\\/\\/a.nel.cloudflare.com\\/report\\/v4?s=Mx5Dq26l%2FDg4lNk73ohCUw3lJ7wz2%2BqFE4PAgwuvfnhm1GWmk846zid67RLDYnxJhZncdLEhb2pmcRia1kgLMWol5MJmCqbpvC7kgpMFjOtQRIC57cC9MnvDu%2FMRYQFl"}],"group":"cf-nel","max_age":604800}', 'NEL': '{"success_fraction":0,"report_to":"cf-nel","max_age":604800}', 'Server': 'cloudflare', 'CF-RAY': '8975a3cb9a9867f9-SJC', 'alt-svc': 'h3=":443"; ma=86400'} 
 body={"results":[{"gender":"female","name":{"title":"Ms","first":"باران","last":"رضاییان"},"location":{"street":{"number":3931,"name":"شهید صابونچی"},"city":"بوشهر","state":"البرز","country":"Iran","postcode":40617,"coordinates":{"latitude":"14.8853","longitude":"165.6744"},"timezone":{"offset":"-11:00","description":"Midway Island, Samoa"}},"email":"brn.rdyyn@example.com","login":{"uuid":"33c06742-54ca-4b75-9d62-7e5cd3f3e707","username":"blackladybug915","password":"gofast","salt":"qWNUEvZ3","md5":"9c3646ffde62aa980e731efc5097c2aa","sha1":"d5712f9b9d7e846243419e94090323588880edd2","sha256":"6d531e2c8084556689f97fe1b7c182b95f5b3ba708391aefada0e79d8deec484"},"dob":{"date":"1963-11-19T00:04:50.085Z","age":60},"registered":{"date":"2017-05-16T06:48:12.934Z","age":7},"phone":"029-19404224","cell":"0934-161-1044","id":{"name":"","value":null},"picture":{"large":"https://randomuser.me/api/portraits/women/84.jpg","medium":"https://randomuser.me/api/portraits/med/women/84.jpg","thumbnail":"https://randomuser.me/api/portraits/thumb/women/84.jpg"},"nat":"IR"}],"info":{"seed":"b6e6f911e3c84b84","results":1,"page":1,"version":"1.4"}} 
 </msg>
<msg time="2024-06-21T17:15:17.780313" level="INFO">/opt/hostedtoolcache/Python/3.12.4/x64/lib/python3.12/site-packages/urllib3/connectionpool.py:1099: InsecureRequestWarning: Unverified HTTPS request is being made to host 'randomuser.me'. Adding certificate verification is strongly advised. See: https://urllib3.readthedocs.io/en/latest/advanced-usage.html#tls-warnings
  warnings.warn(</msg>
<msg time="2024-06-21T17:15:17.780432" level="INFO">${response} = &lt;Response [200]&gt;</msg>
<var>${response}</var>
<arg>consultarAPI</arg>
<arg>/api</arg>
<doc>Sends a GET request on a previously created HTTP Session.</doc>
<status status="PASS" start="2024-06-21T17:15:17.692979" elapsed="0.087504"/>
</kw>
<kw name="Set Variable" owner="BuiltIn">
<msg time="2024-06-21T17:15:17.781663" level="INFO">${json_data} = {'results': [{'gender': 'female', 'name': {'title': 'Ms', 'first': 'باران', 'last': 'رضاییان'}, 'location': {'street': {'number': 3931, 'name': 'شهید صابونچی'}, 'city': 'بوشهر', 'state': 'البرز', 'cou...</msg>
<var>${json_data}</var>
<arg>${response.json()}</arg>
<doc>Returns the given values which can then be assigned to a variables.</doc>
<status status="PASS" start="2024-06-21T17:15:17.781046" elapsed="0.000649"/>
</kw>
<kw name="Log" owner="BuiltIn">
<msg time="2024-06-21T17:15:17.782207" level="INFO">{'results': [{'gender': 'female', 'name': {'title': 'Ms', 'first': 'باران', 'last': 'رضاییان'}, 'location': {'street': {'number': 3931, 'name': 'شهید صابونچی'}, 'city': 'بوشهر', 'state': 'البرز', 'country': 'Iran', 'postcode': 40617, 'coordinates': {'latitude': '14.8853', 'longitude': '165.6744'}, 'timezone': {'offset': '-11:00', 'description': 'Midway Island, Samoa'}}, 'email': 'brn.rdyyn@example.com', 'login': {'uuid': '33c06742-54ca-4b75-9d62-7e5cd3f3e707', 'username': 'blackladybug915', 'password': 'gofast', 'salt': 'qWNUEvZ3', 'md5': '9c3646ffde62aa980e731efc5097c2aa', 'sha1': 'd5712f9b9d7e846243419e94090323588880edd2', 'sha256': '6d531e2c8084556689f97fe1b7c182b95f5b3ba708391aefada0e79d8deec484'}, 'dob': {'date': '1963-11-19T00:04:50.085Z', 'age': 60}, 'registered': {'date': '2017-05-16T06:48:12.934Z', 'age': 7}, 'phone': '029-19404224', 'cell': '0934-161-1044', 'id': {'name': '', 'value': None}, 'picture': {'large': 'https://randomuser.me/api/portraits/women/84.jpg', 'medium': 'https://randomuser.me/api/portraits/med/women/84.jpg', 'thumbnail': 'https://randomuser.me/api/portraits/thumb/women/84.jpg'}, 'nat': 'IR'}], 'info': {'seed': 'b6e6f911e3c84b84', 'results': 1, 'page': 1, 'version': '1.4'}}</msg>
<arg>${json_data}</arg>
<doc>Logs the given message with the given level.</doc>
<status status="PASS" start="2024-06-21T17:15:17.782046" elapsed="0.000216"/>
</kw>
<kw name="Should Be String" owner="String">
<arg>${json_data['results'][0]['gender']}</arg>
<doc>Fails if the given ``item`` is not a string.</doc>
<status status="PASS" start="2024-06-21T17:15:17.782558" elapsed="0.000377"/>
</kw>
<kw name="Should Match Regexp" owner="BuiltIn">
<arg>${json_data['results'][0]['email']}</arg>
<arg>^[a-zA-Z0-9._%+-]+@[a-zA-Z0-9.-]+\.[a-zA-Z]{2,}$</arg>
<doc>Fails if ``string`` does not match ``pattern`` as a regular expression.</doc>
<status status="PASS" start="2024-06-21T17:15:17.783121" elapsed="0.000525"/>
</kw>
<kw name="Should Match Regexp" owner="BuiltIn">
<arg>${json_data['results'][0]['dob']['date']}</arg>
<arg>\\d{4}-\\d{2}-\\d{2}T\\d{2}:\\d{2}:\\d{2}\\.\\d{3}Z</arg>
<doc>Fails if ``string`` does not match ``pattern`` as a regular expression.</doc>
<status status="PASS" start="2024-06-21T17:15:17.783874" elapsed="0.000505"/>
</kw>
<kw name="Should Match Regexp" owner="BuiltIn">
<arg>${json_data['results'][0]['registered']['date']}</arg>
<arg>\\d{4}-\\d{2}-\\d{2}T\\d{2}:\\d{2}:\\d{2}\\.\\d{3}Z</arg>
<doc>Fails if ``string`` does not match ``pattern`` as a regular expression.</doc>
<status status="PASS" start="2024-06-21T17:15:17.784567" elapsed="0.000373"/>
</kw>
<kw name="Should Match Regexp" owner="BuiltIn">
<arg>${json_data['results'][0]['picture']['large']}</arg>
<arg>^https?://.*\.(?:png|jpe?g|gif|bmp)$</arg>
<doc>Fails if ``string`` does not match ``pattern`` as a regular expression.</doc>
<status status="PASS" start="2024-06-21T17:15:17.785124" elapsed="0.000508"/>
</kw>
<kw name="Should Match Regexp" owner="BuiltIn">
<arg>${json_data['results'][0]['picture']['medium']}</arg>
<arg>^https?://.*\.(?:png|jpe?g|gif|bmp)$</arg>
<doc>Fails if ``string`` does not match ``pattern`` as a regular expression.</doc>
<status status="PASS" start="2024-06-21T17:15:17.785822" elapsed="0.000399"/>
</kw>
<kw name="Should Match Regexp" owner="BuiltIn">
<arg>${json_data['results'][0]['picture']['thumbnail']}</arg>
<arg>^https?://.*\.(?:png|jpe?g|gif|bmp)$</arg>
<doc>Fails if ``string`` does not match ``pattern`` as a regular expression.</doc>
<status status="PASS" start="2024-06-21T17:15:17.786407" elapsed="0.000388"/>
</kw>
<kw name="Log" owner="BuiltIn">
<msg time="2024-06-21T17:15:17.787304" level="INFO">{'large': 'https://randomuser.me/api/portraits/women/84.jpg', 'medium': 'https://randomuser.me/api/portraits/med/women/84.jpg', 'thumbnail': 'https://randomuser.me/api/portraits/thumb/women/84.jpg'}</msg>
<arg>${json_data['results'][0]['picture']}</arg>
<doc>Logs the given message with the given level.</doc>
<status status="PASS" start="2024-06-21T17:15:17.786978" elapsed="0.000370"/>
</kw>
<status status="PASS" start="2024-06-21T17:15:17.692759" elapsed="0.094846"/>
</kw>
<kw name="Teste de Tipos de Dados - Postcode" owner="random-user-service">
<kw name="GET On Session" owner="RequestsLibrary">
<msg time="2024-06-21T17:15:17.886453" level="INFO">GET Request : url=https://randomuser.me/api 
 path_url=/api 
 headers={'User-Agent': 'python-requests/2.32.3', 'Accept-Encoding': 'gzip, deflate', 'Accept': '*/*', 'Connection': 'keep-alive'} 
 body=None 
 </msg>
<msg time="2024-06-21T17:15:17.886535" level="INFO">GET Response : url=https://randomuser.me/api 
 status=200, reason=OK 
 headers={'Date': 'Fri, 21 Jun 2024 17:15:17 GMT', 'Content-Type': 'application/json; charset=utf-8', 'Transfer-Encoding': 'chunked', 'Connection': 'keep-alive', 'X-Powered-By': 'Express', 'Access-Control-Allow-Origin': '*', 'Cache-Control': 'no-cache', 'ETag': 'W/"461-zpUQbzZQeq+vjoe1ya6T/6ylGIg"', 'Vary': 'Accept-Encoding', 'Content-Encoding': 'gzip', 'CF-Cache-Status': 'DYNAMIC', 'Report-To': '{"endpoints":[{"url":"https:\\/\\/a.nel.cloudflare.com\\/report\\/v4?s=p%2BSZ4JaEO0TGBxX1MvUYtqaocdRZCBEfMFQC8RLdc5azaDDbOC8ekVeQX4eP%2Bcpz4bOSnOnZKAvu0346O%2BZisilbo7glv0JMWJ4LpZZByToZyNB7PzLpqHbmjdiO0ujd"}],"group":"cf-nel","max_age":604800}', 'NEL': '{"success_fraction":0,"report_to":"cf-nel","max_age":604800}', 'Server': 'cloudflare', 'CF-RAY': '8975a3cc3b2967f9-SJC', 'alt-svc': 'h3=":443"; ma=86400'} 
 body={"results":[{"gender":"male","name":{"title":"Mr","first":"Çetin","last":"Doğan"},"location":{"street":{"number":4053,"name":"Anafartalar Cd"},"city":"Tokat","state":"Aksaray","country":"Turkey","postcode":30619,"coordinates":{"latitude":"65.8963","longitude":"-66.9137"},"timezone":{"offset":"-10:00","description":"Hawaii"}},"email":"cetin.dogan@example.com","login":{"uuid":"34161bd3-0fe4-4bcf-89a7-b32557bc8cbc","username":"redkoala756","password":"magpies","salt":"d84rTV7W","md5":"4661fa9994a02c8def1c17368671000c","sha1":"d0aec48f13eb4bf04e47c006b55ab0008c61add6","sha256":"60ec7752736d849f000dad5379e0a53a25bc53cd00924c1990c531e8709d7251"},"dob":{"date":"1957-03-28T07:11:32.829Z","age":67},"registered":{"date":"2005-11-24T19:58:10.071Z","age":18},"phone":"(347)-757-7764","cell":"(116)-072-5771","id":{"name":"","value":null},"picture":{"large":"https://randomuser.me/api/portraits/men/33.jpg","medium":"https://randomuser.me/api/portraits/med/men/33.jpg","thumbnail":"https://randomuser.me/api/portraits/thumb/men/33.jpg"},"nat":"TR"}],"info":{"seed":"6b280dbe655c809e","results":1,"page":1,"version":"1.4"}} 
 </msg>
<msg time="2024-06-21T17:15:17.886609" level="INFO">/opt/hostedtoolcache/Python/3.12.4/x64/lib/python3.12/site-packages/urllib3/connectionpool.py:1099: InsecureRequestWarning: Unverified HTTPS request is being made to host 'randomuser.me'. Adding certificate verification is strongly advised. See: https://urllib3.readthedocs.io/en/latest/advanced-usage.html#tls-warnings
  warnings.warn(</msg>
<msg time="2024-06-21T17:15:17.886718" level="INFO">${response} = &lt;Response [200]&gt;</msg>
<var>${response}</var>
<arg>consultarAPI</arg>
<arg>/api</arg>
<doc>Sends a GET request on a previously created HTTP Session.</doc>
<status status="PASS" start="2024-06-21T17:15:17.788041" elapsed="0.098724"/>
</kw>
<kw name="Set Variable" owner="BuiltIn">
<msg time="2024-06-21T17:15:17.887632" level="INFO">${json_data} = {'results': [{'gender': 'male', 'name': {'title': 'Mr', 'first': 'Çetin', 'last': 'Doğan'}, 'location': {'street': {'number': 4053, 'name': 'Anafartalar Cd'}, 'city': 'Tokat', 'state': 'Aksaray', 'cou...</msg>
<var>${json_data}</var>
<arg>${response.json()}</arg>
<doc>Returns the given values which can then be assigned to a variables.</doc>
<status status="PASS" start="2024-06-21T17:15:17.887170" elapsed="0.000492"/>
</kw>
<kw name="Log" owner="BuiltIn">
<msg time="2024-06-21T17:15:17.888120" level="INFO">{'results': [{'gender': 'male', 'name': {'title': 'Mr', 'first': 'Çetin', 'last': 'Doğan'}, 'location': {'street': {'number': 4053, 'name': 'Anafartalar Cd'}, 'city': 'Tokat', 'state': 'Aksaray', 'country': 'Turkey', 'postcode': 30619, 'coordinates': {'latitude': '65.8963', 'longitude': '-66.9137'}, 'timezone': {'offset': '-10:00', 'description': 'Hawaii'}}, 'email': 'cetin.dogan@example.com', 'login': {'uuid': '34161bd3-0fe4-4bcf-89a7-b32557bc8cbc', 'username': 'redkoala756', 'password': 'magpies', 'salt': 'd84rTV7W', 'md5': '4661fa9994a02c8def1c17368671000c', 'sha1': 'd0aec48f13eb4bf04e47c006b55ab0008c61add6', 'sha256': '60ec7752736d849f000dad5379e0a53a25bc53cd00924c1990c531e8709d7251'}, 'dob': {'date': '1957-03-28T07:11:32.829Z', 'age': 67}, 'registered': {'date': '2005-11-24T19:58:10.071Z', 'age': 18}, 'phone': '(347)-757-7764', 'cell': '(116)-072-5771', 'id': {'name': '', 'value': None}, 'picture': {'large': 'https://randomuser.me/api/portraits/men/33.jpg', 'medium': 'https://randomuser.me/api/portraits/med/men/33.jpg', 'thumbnail': 'https://randomuser.me/api/portraits/thumb/men/33.jpg'}, 'nat': 'TR'}], 'info': {'seed': '6b280dbe655c809e', 'results': 1, 'page': 1, 'version': '1.4'}}</msg>
<arg>${json_data}</arg>
<doc>Logs the given message with the given level.</doc>
<status status="PASS" start="2024-06-21T17:15:17.887965" elapsed="0.000203"/>
</kw>
<kw name="Should Be Equal As Numbers" owner="BuiltIn">
<arg>${json_data['results'][0]['location']['postcode']}</arg>
<arg>${json_data['results'][0]['location']['postcode']}</arg>
<doc>Fails if objects are unequal after converting them to real numbers.</doc>
<status status="PASS" start="2024-06-21T17:15:17.888462" elapsed="0.000655"/>
</kw>
<kw name="Log" owner="BuiltIn">
<msg time="2024-06-21T17:15:17.889681" level="INFO">30619</msg>
<arg>${json_data['results'][0]['location']['postcode']}</arg>
<doc>Logs the given message with the given level.</doc>
<status status="PASS" start="2024-06-21T17:15:17.889343" elapsed="0.000378"/>
</kw>
<status status="PASS" start="2024-06-21T17:15:17.787822" elapsed="0.102181"/>
</kw>
<doc>Testa se os tipos de dados na resposta da API estão corretos.</doc>
<tag>testeTiposDados</tag>
<status status="PASS" start="2024-06-21T17:15:17.692122" elapsed="0.198048"/>
</test>
<test id="s1-s1-t5" name="Validar conteudo" line="35">
<kw name="Teste de Tipos de Conteudo" owner="random-user-service">
<kw name="GET On Session" owner="RequestsLibrary">
<msg time="2024-06-21T17:15:17.995052" level="INFO">GET Request : url=https://randomuser.me/api 
 path_url=/api 
 headers={'User-Agent': 'python-requests/2.32.3', 'Accept-Encoding': 'gzip, deflate', 'Accept': '*/*', 'Connection': 'keep-alive'} 
 body=None 
 </msg>
<msg time="2024-06-21T17:15:17.995151" level="INFO">GET Response : url=https://randomuser.me/api 
 status=200, reason=OK 
 headers={'Date': 'Fri, 21 Jun 2024 17:15:17 GMT', 'Content-Type': 'application/json; charset=utf-8', 'Transfer-Encoding': 'chunked', 'Connection': 'keep-alive', 'X-Powered-By': 'Express', 'Access-Control-Allow-Origin': '*', 'Cache-Control': 'no-cache', 'ETag': 'W/"492-khffwdY28Hjz3yg76DRN6IRhzT4"', 'Vary': 'Accept-Encoding', 'Content-Encoding': 'gzip', 'CF-Cache-Status': 'DYNAMIC', 'Report-To': '{"endpoints":[{"url":"https:\\/\\/a.nel.cloudflare.com\\/report\\/v4?s=Fag0CQ2wdRzNzNCmyL52lqfJGtcSCuGcbkaWdD698tijxPKsMHNum0dI2FrV27z4pUaSp%2FUuUv5mgKNAZnfGdOsPzHYF4ArQBpEHF631mSBZzp7s0%2BTf9j8fiPIVEhiA"}],"group":"cf-nel","max_age":604800}', 'NEL': '{"success_fraction":0,"report_to":"cf-nel","max_age":604800}', 'Server': 'cloudflare', 'CF-RAY': '8975a3ccdbaf67f9-SJC', 'alt-svc': 'h3=":443"; ma=86400'} 
 body={"results":[{"gender":"male","name":{"title":"Mr","first":"Cléo","last":"Fleury"},"location":{"street":{"number":4551,"name":"Rue Abel-Gance"},"city":"Lille","state":"Charente","country":"France","postcode":84215,"coordinates":{"latitude":"-14.2350","longitude":"-16.6344"},"timezone":{"offset":"-5:00","description":"Eastern Time (US &amp; Canada), Bogota, Lima"}},"email":"cleo.fleury@example.com","login":{"uuid":"2437562d-4e03-4c37-ab74-24101d69416f","username":"heavyfish241","password":"poppy","salt":"s6cnXnEj","md5":"a77370a9869253df2ac35d528e855860","sha1":"deba2b3eda98ca4c2983acd3539931399dcbea18","sha256":"aec5e950d2d8ec07c205d9d999144d39418df23c0c4c92f5a7757b7ab873c30a"},"dob":{"date":"1960-08-09T15:46:54.230Z","age":63},"registered":{"date":"2003-07-19T05:35:52.253Z","age":20},"phone":"01-83-52-04-94","cell":"06-73-69-61-75","id":{"name":"INSEE","value":"1600792535671 33"},"picture":{"large":"https://randomuser.me/api/portraits/men/2.jpg","medium":"https://randomuser.me/api/portraits/med/men/2.jpg","thumbnail":"https://randomuser.me/api/portraits/thumb/men/2.jpg"},"nat":"FR"}],"info":{"seed":"0601a4ad4f175a17","results":1,"page":1,"version":"1.4"}} 
 </msg>
<msg time="2024-06-21T17:15:17.995242" level="INFO">/opt/hostedtoolcache/Python/3.12.4/x64/lib/python3.12/site-packages/urllib3/connectionpool.py:1099: InsecureRequestWarning: Unverified HTTPS request is being made to host 'randomuser.me'. Adding certificate verification is strongly advised. See: https://urllib3.readthedocs.io/en/latest/advanced-usage.html#tls-warnings
  warnings.warn(</msg>
<msg time="2024-06-21T17:15:17.995360" level="INFO">${response} = &lt;Response [200]&gt;</msg>
<var>${response}</var>
<arg>consultarAPI</arg>
<arg>/api</arg>
<doc>Sends a GET request on a previously created HTTP Session.</doc>
<status status="PASS" start="2024-06-21T17:15:17.892830" elapsed="0.102556"/>
</kw>
<kw name="Set Variable" owner="BuiltIn">
<msg time="2024-06-21T17:15:17.996447" level="INFO">${json_data} = {'results': [{'gender': 'male', 'name': {'title': 'Mr', 'first': 'Cléo', 'last': 'Fleury'}, 'location': {'street': {'number': 4551, 'name': 'Rue Abel-Gance'}, 'city': 'Lille', 'state': 'Charente', 'co...</msg>
<var>${json_data}</var>
<arg>${response.json()}</arg>
<doc>Returns the given values which can then be assigned to a variables.</doc>
<status status="PASS" start="2024-06-21T17:15:17.995939" elapsed="0.000540"/>
</kw>
<kw name="Set Variable" owner="BuiltIn">
<msg time="2024-06-21T17:15:17.997184" level="INFO">${name_title} = Mr</msg>
<var>${name_title}</var>
<arg>${json_data["results"][0]["name"]["title"]}</arg>
<doc>Returns the given values which can then be assigned to a variables.</doc>
<status status="PASS" start="2024-06-21T17:15:17.996781" elapsed="0.000433"/>
</kw>
<kw name="Create List" owner="BuiltIn">
<msg time="2024-06-21T17:15:17.997663" level="INFO">${allowed_titles} = ['Mr', 'Ms', 'Miss', 'Mrs', 'Madame', 'Monsieur']</msg>
<var>${allowed_titles}</var>
<arg>Mr</arg>
<arg>Ms</arg>
<arg>Miss</arg>
<arg>Mrs</arg>
<arg>Madame</arg>
<arg>Monsieur</arg>
<doc>Returns a list containing given items.</doc>
<status status="PASS" start="2024-06-21T17:15:17.997516" elapsed="0.000171"/>
</kw>
<kw name="List Should Contain Value" owner="Collections">
<arg>${allowed_titles}</arg>
<arg>${name_title}</arg>
<doc>Fails if the ``value`` is not found from ``list``.</doc>
<status status="PASS" start="2024-06-21T17:15:17.997983" elapsed="0.000181"/>
</kw>
<kw name="Set Variable" owner="BuiltIn">
<msg time="2024-06-21T17:15:17.998706" level="INFO">${name_country} = FR</msg>
<var>${name_country}</var>
<arg>${json_data["results"][0]["nat"]}</arg>
<doc>Returns the given values which can then be assigned to a variables.</doc>
<status status="PASS" start="2024-06-21T17:15:17.998346" elapsed="0.000385"/>
</kw>
<kw name="Create List" owner="BuiltIn">
<msg time="2024-06-21T17:15:17.999610" level="INFO">${list_country} = ['AD', 'AE', 'AF', 'AG', 'AI', 'AL', 'AM', 'AO', 'AQ', 'AR', 'AS', 'AT', 'AU', 'AW', 'AX', 'AZ', 'BA', 'BB', 'BD', 'BE', 'BF', 'BG', 'BH', 'BI', 'BJ', 'BL', 'BM', 'BN', 'BO', 'BQ', 'BR', 'BS', 'BT', '...</msg>
<var>${list_country}</var>
<arg>AD</arg>
<arg>AE</arg>
<arg>AF</arg>
<arg>AG</arg>
<arg>AI</arg>
<arg>AL</arg>
<arg>AM</arg>
<arg>AO</arg>
<arg>AQ</arg>
<arg>AR</arg>
<arg>AS</arg>
<arg>AT</arg>
<arg>AU</arg>
<arg>AW</arg>
<arg>AX</arg>
<arg>AZ</arg>
<arg>BA</arg>
<arg>BB</arg>
<arg>BD</arg>
<arg>BE</arg>
<arg>BF</arg>
<arg>BG</arg>
<arg>BH</arg>
<arg>BI</arg>
<arg>BJ</arg>
<arg>BL</arg>
<arg>BM</arg>
<arg>BN</arg>
<arg>BO</arg>
<arg>BQ</arg>
<arg>BR</arg>
<arg>BS</arg>
<arg>BT</arg>
<arg>BV</arg>
<arg>BW</arg>
<arg>BY</arg>
<arg>BZ</arg>
<arg>CA</arg>
<arg>CC</arg>
<arg>CD</arg>
<arg>CF</arg>
<arg>CG</arg>
<arg>CH</arg>
<arg>CI</arg>
<arg>CK</arg>
<arg>CL</arg>
<arg>CM</arg>
<arg>CN</arg>
<arg>CO</arg>
<arg>CR</arg>
<arg>CU</arg>
<arg>CV</arg>
<arg>CW</arg>
<arg>CX</arg>
<arg>CY</arg>
<arg>CZ</arg>
<arg>DE</arg>
<arg>DJ</arg>
<arg>DK</arg>
<arg>DM</arg>
<arg>DO</arg>
<arg>DZ</arg>
<arg>EC</arg>
<arg>EE</arg>
<arg>EG</arg>
<arg>EH</arg>
<arg>ER</arg>
<arg>ES</arg>
<arg>ET</arg>
<arg>FI</arg>
<arg>FJ</arg>
<arg>FK</arg>
<arg>FM</arg>
<arg>FO</arg>
<arg>FR</arg>
<arg>GA</arg>
<arg>GB</arg>
<arg>GD</arg>
<arg>GE</arg>
<arg>GF</arg>
<arg>GG</arg>
<arg>GH</arg>
<arg>GI</arg>
<arg>GL</arg>
<arg>GM</arg>
<arg>GN</arg>
<arg>GP</arg>
<arg>GQ</arg>
<arg>GR</arg>
<arg>GS</arg>
<arg>GT</arg>
<arg>GU</arg>
<arg>GW</arg>
<arg>GY</arg>
<arg>HK</arg>
<arg>HM</arg>
<arg>HN</arg>
<arg>HR</arg>
<arg>HT</arg>
<arg>HU</arg>
<arg>ID</arg>
<arg>IE</arg>
<arg>IL</arg>
<arg>IM</arg>
<arg>IN</arg>
<arg>IO</arg>
<arg>IQ</arg>
<arg>IR</arg>
<arg>IS</arg>
<arg>IT</arg>
<arg>JE</arg>
<arg>JM</arg>
<arg>JO</arg>
<arg>JP</arg>
<arg>KE</arg>
<arg>KG</arg>
<arg>KH</arg>
<arg>KI</arg>
<arg>KM</arg>
<arg>KN</arg>
<arg>KP</arg>
<arg>KR</arg>
<arg>KW</arg>
<arg>KY</arg>
<arg>KZ</arg>
<arg>LA</arg>
<arg>LB</arg>
<arg>LC</arg>
<arg>LI</arg>
<arg>LK</arg>
<arg>LR</arg>
<arg>LS</arg>
<arg>LT</arg>
<arg>LU</arg>
<arg>LV</arg>
<arg>LY</arg>
<arg>MA</arg>
<arg>MC</arg>
<arg>MD</arg>
<arg>ME</arg>
<arg>MF</arg>
<arg>MG</arg>
<arg>MH</arg>
<arg>MK</arg>
<arg>ML</arg>
<arg>MM</arg>
<arg>MN</arg>
<arg>MO</arg>
<arg>MP</arg>
<arg>MQ</arg>
<arg>MR</arg>
<arg>MS</arg>
<arg>MT</arg>
<arg>MU</arg>
<arg>MV</arg>
<arg>MW</arg>
<arg>MX</arg>
<arg>MY</arg>
<arg>MZ</arg>
<arg>NA</arg>
<arg>NC</arg>
<arg>NE</arg>
<arg>NF</arg>
<arg>NG</arg>
<arg>NI</arg>
<arg>NL</arg>
<arg>NO</arg>
<arg>NP</arg>
<arg>NR</arg>
<arg>NU</arg>
<arg>NZ</arg>
<arg>OM</arg>
<arg>PA</arg>
<arg>PE</arg>
<arg>PF</arg>
<arg>PG</arg>
<arg>PH</arg>
<arg>PK</arg>
<arg>PL</arg>
<arg>PM</arg>
<arg>PN</arg>
<arg>PR</arg>
<arg>PS</arg>
<arg>PT</arg>
<arg>PW</arg>
<arg>PY</arg>
<arg>QA</arg>
<arg>RE</arg>
<arg>RO</arg>
<arg>RS</arg>
<arg>RU</arg>
<arg>RW</arg>
<arg>SA</arg>
<arg>SB</arg>
<arg>SC</arg>
<arg>SD</arg>
<arg>SE</arg>
<arg>SG</arg>
<arg>SH</arg>
<arg>SI</arg>
<arg>SJ</arg>
<arg>SK</arg>
<arg>SL</arg>
<arg>SM</arg>
<arg>SN</arg>
<arg>SO</arg>
<arg>SR</arg>
<arg>SS</arg>
<arg>ST</arg>
<arg>SV</arg>
<arg>SX</arg>
<arg>SY</arg>
<arg>SZ</arg>
<arg>TC</arg>
<arg>TD</arg>
<arg>TF</arg>
<arg>TG</arg>
<arg>TH</arg>
<arg>TJ</arg>
<arg>TK</arg>
<arg>TL</arg>
<arg>TM</arg>
<arg>TN</arg>
<arg>TO</arg>
<arg>TR</arg>
<arg>TT</arg>
<arg>TV</arg>
<arg>TW</arg>
<arg>TZ</arg>
<arg>UA</arg>
<arg>UG</arg>
<arg>UM</arg>
<arg>US</arg>
<arg>UY</arg>
<arg>UZ</arg>
<arg>VA</arg>
<arg>VC</arg>
<arg>VE</arg>
<arg>VG</arg>
<arg>VI</arg>
<arg>VN</arg>
<arg>VU</arg>
<arg>WF</arg>
<arg>WS</arg>
<arg>XK</arg>
<arg>YE</arg>
<arg>YT</arg>
<arg>ZA</arg>
<arg>ZM</arg>
<arg>ZW</arg>
<doc>Returns a list containing given items.</doc>
<status status="PASS" start="2024-06-21T17:15:17.999013" elapsed="0.000625"/>
</kw>
<kw name="List Should Contain Value" owner="Collections">
<arg>${list_country}</arg>
<arg>${name_country}</arg>
<doc>Fails if the ``value`` is not found from ``list``.</doc>
<status status="PASS" start="2024-06-21T17:15:18.000430" elapsed="0.000201"/>
</kw>
<kw name="Run Keyword If" owner="BuiltIn">
<kw name="Should Be True" owner="BuiltIn">
<arg>${True}</arg>
<doc>Fails if the given condition is not true.</doc>
<status status="PASS" start="2024-06-21T17:15:18.001589" elapsed="0.000141"/>
</kw>
<arg>${json_data["results"][0]["location"]["coordinates"]["latitude"]} &gt;= -90 and ${json_data["results"][0]["location"]["coordinates"]["latitude"]} &lt;= 90</arg>
<arg>Should Be True</arg>
<arg>${True}</arg>
<doc>Runs the given keyword with the given arguments, if ``condition`` is true.</doc>
<status status="PASS" start="2024-06-21T17:15:18.000825" elapsed="0.001029"/>
</kw>
<kw name="Run Keyword If" owner="BuiltIn">
<kw name="Should Be True" owner="BuiltIn">
<arg>${True}</arg>
<doc>Fails if the given condition is not true.</doc>
<status status="PASS" start="2024-06-21T17:15:18.002714" elapsed="0.000133"/>
</kw>
<arg>${json_data["results"][0]["location"]["coordinates"]["longitude"]} &gt;= -180 and ${json_data["results"][0]["location"]["coordinates"]["longitude"]} &lt;= 180</arg>
<arg>Should Be True</arg>
<arg>${True}</arg>
<doc>Runs the given keyword with the given arguments, if ``condition`` is true.</doc>
<status status="PASS" start="2024-06-21T17:15:18.002032" elapsed="0.000934"/>
</kw>
<status status="PASS" start="2024-06-21T17:15:17.892471" elapsed="0.110625"/>
</kw>
<doc>Testa o conteúdo específico dos campos retornados pela API.</doc>
<tag>testeConteudo</tag>
<status status="PASS" start="2024-06-21T17:15:17.891954" elapsed="0.111294"/>
</test>
<status status="PASS" start="2024-06-21T17:15:17.076037" elapsed="0.929207"/>
</suite>
<status status="PASS" start="2024-06-21T17:15:17.054296" elapsed="0.956225"/>
</suite>
<statistics>
<total>
<stat pass="5" fail="0" skip="0">All Tests</stat>
</total>
<tag>
<stat pass="1" fail="0" skip="0">testeConteudo</stat>
<stat pass="1" fail="0" skip="0">testeEstruturaResposta</stat>
<stat pass="1" fail="0" skip="0">testeRequisicaoBasica</stat>
<stat pass="1" fail="0" skip="0">testeTiposDados</stat>
</tag>
<suite>
<stat pass="5" fail="0" skip="0" id="s1" name="Tests">Tests</stat>
<stat pass="5" fail="0" skip="0" id="s1-s1" name="Random-User-Test">Tests.Random-User-Test</stat>
</suite>
</statistics>
<errors>
</errors>
</robot>
