<?xml version="1.0" encoding="UTF-8"?>
<robot generator="Robot 7.0 (Python 3.12.3 on linux)" generated="2024-06-08T19:12:13.022440" rpa="false" schemaversion="5">
<suite id="s1" name="Tests" source="/home/runner/work/ApiRandomUser/ApiRandomUser/RamdonUser/tests">
<suite id="s1-s1" name="Random-User-Test" source="/home/runner/work/ApiRandomUser/ApiRandomUser/RamdonUser/tests/random-user-test.robot">
<test id="s1-s1-t1" name="Conectar" line="13">
<kw name="Conectar API" owner="random-user-service">
<kw name="Create Session" owner="RequestsLibrary">
<msg time="2024-06-08T19:12:13.424107" level="INFO">Creating Session using : alias=consultarAPI, url=https://randomuser.me/, headers={},                     cookies={}, auth=None, timeout=None, proxies=None, verify=False,                     debug=0 </msg>
<arg>consultarAPI</arg>
<arg>${URL}</arg>
<doc>Create Session: create a HTTP session to a server</doc>
<status status="PASS" start="2024-06-08T19:12:13.423904" elapsed="0.000374"/>
</kw>
<status status="PASS" start="2024-06-08T19:12:13.422877" elapsed="0.001782"/>
</kw>
<status status="PASS" start="2024-06-08T19:12:13.422296" elapsed="0.002559"/>
</test>
<test id="s1-s1-t2" name="Validar retorno 200 e JSON Válido" line="16">
<kw name="Teste de Requisicao Basica" owner="random-user-service">
<kw name="GET On Session" owner="RequestsLibrary">
<msg time="2024-06-08T19:12:13.497899" level="INFO">GET Request : url=https://randomuser.me/api 
 path_url=/api 
 headers={'User-Agent': 'python-requests/2.32.3', 'Accept-Encoding': 'gzip, deflate', 'Accept': '*/*', 'Connection': 'keep-alive'} 
 body=None 
 </msg>
<msg time="2024-06-08T19:12:13.498003" level="INFO">GET Response : url=https://randomuser.me/api 
 status=200, reason=OK 
 headers={'Date': 'Sat, 08 Jun 2024 19:12:13 GMT', 'Content-Type': 'application/json; charset=utf-8', 'Transfer-Encoding': 'chunked', 'Connection': 'keep-alive', 'X-Powered-By': 'Express', 'Access-Control-Allow-Origin': '*', 'Cache-Control': 'no-cache', 'ETag': 'W/"4a8-MMVOfPFVhAXqun6I3ko5J5DC/10"', 'Vary': 'Accept-Encoding', 'Content-Encoding': 'gzip', 'CF-Cache-Status': 'DYNAMIC', 'Report-To': '{"endpoints":[{"url":"https:\\/\\/a.nel.cloudflare.com\\/report\\/v4?s=xJn0U%2B8S%2FvKkv7aBoue5W1OFaWcwVH9WBzwCj2Td5%2BBWFBjav3AkiTso%2FgohV25kZ%2FYT4y6BI8%2F3XY08F6pltSKDFyWZcfD2AuLDoFRMn4qqXbMMVc%2BXG2GEMhW%2F9VPb"}],"group":"cf-nel","max_age":604800}', 'NEL': '{"success_fraction":0,"report_to":"cf-nel","max_age":604800}', 'Server': 'cloudflare', 'CF-RAY': '890b31342ce6397a-IAD', 'alt-svc': 'h3=":443"; ma=86400'} 
 body={"results":[{"gender":"female","name":{"title":"Mrs","first":"Bobbie","last":"Fleming"},"location":{"street":{"number":8261,"name":"Valley View Ln"},"city":"Gladstone","state":"Northern Territory","country":"Australia","postcode":3648,"coordinates":{"latitude":"-81.5712","longitude":"103.7822"},"timezone":{"offset":"-5:00","description":"Eastern Time (US &amp; Canada), Bogota, Lima"}},"email":"bobbie.fleming@example.com","login":{"uuid":"1493dd64-ef1a-4edb-8830-227ef53ac1c7","username":"beautifuldog259","password":"caddy","salt":"9eP41SbH","md5":"34a8fd1975ea7bf267692a6e8e22061c","sha1":"ea69cdabb77b01fc518315b7c6f6bbbedc02546f","sha256":"a2512a463852cfa879348d6185852fb6924a6bf11672c563d90930d36e1f3632"},"dob":{"date":"1970-02-13T06:19:11.783Z","age":54},"registered":{"date":"2020-10-31T16:27:05.880Z","age":3},"phone":"03-2671-7401","cell":"0496-517-436","id":{"name":"TFN","value":"088677150"},"picture":{"large":"https://randomuser.me/api/portraits/women/95.jpg","medium":"https://randomuser.me/api/portraits/med/women/95.jpg","thumbnail":"https://randomuser.me/api/portraits/thumb/women/95.jpg"},"nat":"AU"}],"info":{"seed":"746a73995d78f034","results":1,"page":1,"version":"1.4"}} 
 </msg>
<msg time="2024-06-08T19:12:13.498069" level="INFO">/opt/hostedtoolcache/Python/3.12.3/x64/lib/python3.12/site-packages/urllib3/connectionpool.py:1103: InsecureRequestWarning: Unverified HTTPS request is being made to host 'randomuser.me'. Adding certificate verification is strongly advised. See: https://urllib3.readthedocs.io/en/latest/advanced-usage.html#tls-warnings
  warnings.warn(</msg>
<msg time="2024-06-08T19:12:13.498186" level="INFO">${response} = &lt;Response [200]&gt;</msg>
<var>${response}</var>
<arg>consultarAPI</arg>
<arg>/api</arg>
<doc>Sends a GET request on a previously created HTTP Session.</doc>
<status status="PASS" start="2024-06-08T19:12:13.427438" elapsed="0.070787"/>
</kw>
<kw name="Should Be Equal As Numbers" owner="BuiltIn">
<msg time="2024-06-08T19:12:13.499188" level="INFO">Argument types are:
&lt;class 'int'&gt;
&lt;class 'str'&gt;</msg>
<arg>${response.status_code}</arg>
<arg>200</arg>
<doc>Fails if objects are unequal after converting them to real numbers.</doc>
<status status="PASS" start="2024-06-08T19:12:13.498696" elapsed="0.000555"/>
</kw>
<kw name="Log" owner="BuiltIn">
<msg time="2024-06-08T19:12:13.499930" level="INFO">200</msg>
<arg>${response.status_code}</arg>
<doc>Logs the given message with the given level.</doc>
<status status="PASS" start="2024-06-08T19:12:13.499588" elapsed="0.000389"/>
</kw>
<kw name="Set Variable" owner="BuiltIn">
<msg time="2024-06-08T19:12:13.500749" level="INFO">${json_data} = {'results': [{'gender': 'female', 'name': {'title': 'Mrs', 'first': 'Bobbie', 'last': 'Fleming'}, 'location': {'street': {'number': 8261, 'name': 'Valley View Ln'}, 'city': 'Gladstone', 'state': 'Nort...</msg>
<var>${json_data}</var>
<arg>${response.json()}</arg>
<doc>Returns the given values which can then be assigned to a variables.</doc>
<status status="PASS" start="2024-06-08T19:12:13.500281" elapsed="0.000499"/>
</kw>
<kw name="Dictionary Should Contain Key" owner="Collections">
<msg time="2024-06-08T19:12:13.501256" level="INFO">False</msg>
<arg>${json_data}</arg>
<arg>results</arg>
<doc>Fails if ``key`` is not found from ``dictionary``.</doc>
<status status="PASS" start="2024-06-08T19:12:13.501087" elapsed="0.000327"/>
</kw>
<status status="PASS" start="2024-06-08T19:12:13.427215" elapsed="0.074460"/>
</kw>
<doc>Testa se a API responde corretamente e retorna um objeto JSON válido.</doc>
<tag>testeRequisicaoBasica</tag>
<status status="PASS" start="2024-06-08T19:12:13.426721" elapsed="0.075121"/>
</test>
<test id="s1-s1-t3" name="Validar estrutura de resposta" line="22">
<kw name="Teste de Estrutura de Resposta" owner="random-user-service">
<kw name="GET On Session" owner="RequestsLibrary">
<msg time="2024-06-08T19:12:13.597858" level="INFO">GET Request : url=https://randomuser.me/api 
 path_url=/api 
 headers={'User-Agent': 'python-requests/2.32.3', 'Accept-Encoding': 'gzip, deflate', 'Accept': '*/*', 'Connection': 'keep-alive'} 
 body=None 
 </msg>
<msg time="2024-06-08T19:12:13.597923" level="INFO">GET Response : url=https://randomuser.me/api 
 status=200, reason=OK 
 headers={'Date': 'Sat, 08 Jun 2024 19:12:13 GMT', 'Content-Type': 'application/json; charset=utf-8', 'Transfer-Encoding': 'chunked', 'Connection': 'keep-alive', 'X-Powered-By': 'Express', 'Access-Control-Allow-Origin': '*', 'Cache-Control': 'no-cache', 'ETag': 'W/"48d-JlkHVn4at86QD7QyK+MOrVYp4ug"', 'Vary': 'Accept-Encoding', 'Content-Encoding': 'gzip', 'CF-Cache-Status': 'DYNAMIC', 'Report-To': '{"endpoints":[{"url":"https:\\/\\/a.nel.cloudflare.com\\/report\\/v4?s=uZdzyLqIFebsH4KiIPh2gwue4h8S8pL3qib%2FeCr6TdIjBn8mok7lyLEkAMUGQb55PhfZeeZjh3pykFjTGGPUuSH6iOywpbo0Z3sz4o7d57BYo0W7BPXbis0y%2FX7S20Zi"}],"group":"cf-nel","max_age":604800}', 'NEL': '{"success_fraction":0,"report_to":"cf-nel","max_age":604800}', 'Server': 'cloudflare', 'CF-RAY': '890b31346d20397a-IAD', 'alt-svc': 'h3=":443"; ma=86400'} 
 body={"results":[{"gender":"male","name":{"title":"Mr","first":"Bryan","last":"Burke"},"location":{"street":{"number":6632,"name":"Edwards Rd"},"city":"Gladstone","state":"Queensland","country":"Australia","postcode":4938,"coordinates":{"latitude":"-88.4332","longitude":"-56.2709"},"timezone":{"offset":"-6:00","description":"Central Time (US &amp; Canada), Mexico City"}},"email":"bryan.burke@example.com","login":{"uuid":"213a367b-bdae-4723-8146-6f1f64d53b8e","username":"crazygorilla450","password":"baker","salt":"S1Q3DlnX","md5":"9ea03fe942295968e0421659a7ce8b82","sha1":"bbde1103f7f7590c5d1d7fd085a5e04f6aabb736","sha256":"4fa0c82848173f1113dcd57b8e4b06c500940fd72a95a26ff05f35a7c0912f26"},"dob":{"date":"2000-11-08T03:42:39.964Z","age":23},"registered":{"date":"2004-02-17T19:17:56.350Z","age":20},"phone":"04-3832-7592","cell":"0471-495-390","id":{"name":"TFN","value":"527551150"},"picture":{"large":"https://randomuser.me/api/portraits/men/96.jpg","medium":"https://randomuser.me/api/portraits/med/men/96.jpg","thumbnail":"https://randomuser.me/api/portraits/thumb/men/96.jpg"},"nat":"AU"}],"info":{"seed":"f9bf22eda895712e","results":1,"page":1,"version":"1.4"}} 
 </msg>
<msg time="2024-06-08T19:12:13.598013" level="INFO">/opt/hostedtoolcache/Python/3.12.3/x64/lib/python3.12/site-packages/urllib3/connectionpool.py:1103: InsecureRequestWarning: Unverified HTTPS request is being made to host 'randomuser.me'. Adding certificate verification is strongly advised. See: https://urllib3.readthedocs.io/en/latest/advanced-usage.html#tls-warnings
  warnings.warn(</msg>
<msg time="2024-06-08T19:12:13.598107" level="INFO">${response} = &lt;Response [200]&gt;</msg>
<var>${response}</var>
<arg>consultarAPI</arg>
<arg>/api</arg>
<doc>Sends a GET request on a previously created HTTP Session.</doc>
<status status="PASS" start="2024-06-08T19:12:13.504745" elapsed="0.093400"/>
</kw>
<kw name="Set Variable" owner="BuiltIn">
<msg time="2024-06-08T19:12:13.598942" level="INFO">${json_data} = {'results': [{'gender': 'male', 'name': {'title': 'Mr', 'first': 'Bryan', 'last': 'Burke'}, 'location': {'street': {'number': 6632, 'name': 'Edwards Rd'}, 'city': 'Gladstone', 'state': 'Queensland', '...</msg>
<var>${json_data}</var>
<arg>${response.json()}</arg>
<doc>Returns the given values which can then be assigned to a variables.</doc>
<status status="PASS" start="2024-06-08T19:12:13.598501" elapsed="0.000472"/>
</kw>
<kw name="Log" owner="BuiltIn">
<msg time="2024-06-08T19:12:13.599426" level="INFO">{'results': [{'gender': 'male', 'name': {'title': 'Mr', 'first': 'Bryan', 'last': 'Burke'}, 'location': {'street': {'number': 6632, 'name': 'Edwards Rd'}, 'city': 'Gladstone', 'state': 'Queensland', 'country': 'Australia', 'postcode': 4938, 'coordinates': {'latitude': '-88.4332', 'longitude': '-56.2709'}, 'timezone': {'offset': '-6:00', 'description': 'Central Time (US &amp; Canada), Mexico City'}}, 'email': 'bryan.burke@example.com', 'login': {'uuid': '213a367b-bdae-4723-8146-6f1f64d53b8e', 'username': 'crazygorilla450', 'password': 'baker', 'salt': 'S1Q3DlnX', 'md5': '9ea03fe942295968e0421659a7ce8b82', 'sha1': 'bbde1103f7f7590c5d1d7fd085a5e04f6aabb736', 'sha256': '4fa0c82848173f1113dcd57b8e4b06c500940fd72a95a26ff05f35a7c0912f26'}, 'dob': {'date': '2000-11-08T03:42:39.964Z', 'age': 23}, 'registered': {'date': '2004-02-17T19:17:56.350Z', 'age': 20}, 'phone': '04-3832-7592', 'cell': '0471-495-390', 'id': {'name': 'TFN', 'value': '527551150'}, 'picture': {'large': 'https://randomuser.me/api/portraits/men/96.jpg', 'medium': 'https://randomuser.me/api/portraits/med/men/96.jpg', 'thumbnail': 'https://randomuser.me/api/portraits/thumb/men/96.jpg'}, 'nat': 'AU'}], 'info': {'seed': 'f9bf22eda895712e', 'results': 1, 'page': 1, 'version': '1.4'}}</msg>
<arg>${json_data}</arg>
<doc>Logs the given message with the given level.</doc>
<status status="PASS" start="2024-06-08T19:12:13.599273" elapsed="0.000201"/>
</kw>
<kw name="Dictionary Should Contain Key" owner="Collections">
<msg time="2024-06-08T19:12:13.599915" level="INFO">False</msg>
<arg>${json_data}</arg>
<arg>results</arg>
<doc>Fails if ``key`` is not found from ``dictionary``.</doc>
<status status="PASS" start="2024-06-08T19:12:13.599766" elapsed="0.000185"/>
</kw>
<kw name="Should Not Be Empty" owner="BuiltIn">
<msg time="2024-06-08T19:12:13.600372" level="INFO">Length is 2.</msg>
<arg>${json_data}</arg>
<doc>Verifies that the given item is not empty.</doc>
<status status="PASS" start="2024-06-08T19:12:13.600238" elapsed="0.000202"/>
</kw>
<kw name="Create List" owner="BuiltIn">
<msg time="2024-06-08T19:12:13.600900" level="INFO">${expected_keys} = ['gender', 'name', 'location', 'email', 'login']</msg>
<var>${expected_keys}</var>
<arg>gender</arg>
<arg>name</arg>
<arg>location</arg>
<arg>email</arg>
<arg>login</arg>
<doc>Returns a list containing given items.</doc>
<status status="PASS" start="2024-06-08T19:12:13.600747" elapsed="0.000177"/>
</kw>
<for flavor="IN">
<iter>
<kw name="Dictionary Should Contain Key" owner="Collections">
<msg time="2024-06-08T19:12:13.601872" level="INFO">False</msg>
<arg>${json_data['results'][0]}</arg>
<arg>${key}</arg>
<doc>Fails if ``key`` is not found from ``dictionary``.</doc>
<status status="PASS" start="2024-06-08T19:12:13.601475" elapsed="0.000440"/>
</kw>
<kw name="Log" owner="BuiltIn">
<msg time="2024-06-08T19:12:13.602575" level="INFO">{'gender': 'male', 'name': {'title': 'Mr', 'first': 'Bryan', 'last': 'Burke'}, 'location': {'street': {'number': 6632, 'name': 'Edwards Rd'}, 'city': 'Gladstone', 'state': 'Queensland', 'country': 'Australia', 'postcode': 4938, 'coordinates': {'latitude': '-88.4332', 'longitude': '-56.2709'}, 'timezone': {'offset': '-6:00', 'description': 'Central Time (US &amp; Canada), Mexico City'}}, 'email': 'bryan.burke@example.com', 'login': {'uuid': '213a367b-bdae-4723-8146-6f1f64d53b8e', 'username': 'crazygorilla450', 'password': 'baker', 'salt': 'S1Q3DlnX', 'md5': '9ea03fe942295968e0421659a7ce8b82', 'sha1': 'bbde1103f7f7590c5d1d7fd085a5e04f6aabb736', 'sha256': '4fa0c82848173f1113dcd57b8e4b06c500940fd72a95a26ff05f35a7c0912f26'}, 'dob': {'date': '2000-11-08T03:42:39.964Z', 'age': 23}, 'registered': {'date': '2004-02-17T19:17:56.350Z', 'age': 20}, 'phone': '04-3832-7592', 'cell': '0471-495-390', 'id': {'name': 'TFN', 'value': '527551150'}, 'picture': {'large': 'https://randomuser.me/api/portraits/men/96.jpg', 'medium': 'https://randomuser.me/api/portraits/med/men/96.jpg', 'thumbnail': 'https://randomuser.me/api/portraits/thumb/men/96.jpg'}, 'nat': 'AU'}</msg>
<arg>${json_data['results'][0]}</arg>
<doc>Logs the given message with the given level.</doc>
<status status="PASS" start="2024-06-08T19:12:13.602211" elapsed="0.000414"/>
</kw>
<kw name="Log" owner="BuiltIn">
<msg time="2024-06-08T19:12:13.603053" level="INFO">gender</msg>
<arg>${key}</arg>
<doc>Logs the given message with the given level.</doc>
<status status="PASS" start="2024-06-08T19:12:13.602924" elapsed="0.000165"/>
</kw>
<var name="${key}">gender</var>
<status status="PASS" start="2024-06-08T19:12:13.601352" elapsed="0.001950"/>
</iter>
<iter>
<kw name="Dictionary Should Contain Key" owner="Collections">
<msg time="2024-06-08T19:12:13.603974" level="INFO">False</msg>
<arg>${json_data['results'][0]}</arg>
<arg>${key}</arg>
<doc>Fails if ``key`` is not found from ``dictionary``.</doc>
<status status="PASS" start="2024-06-08T19:12:13.603596" elapsed="0.000414"/>
</kw>
<kw name="Log" owner="BuiltIn">
<msg time="2024-06-08T19:12:13.604724" level="INFO">{'gender': 'male', 'name': {'title': 'Mr', 'first': 'Bryan', 'last': 'Burke'}, 'location': {'street': {'number': 6632, 'name': 'Edwards Rd'}, 'city': 'Gladstone', 'state': 'Queensland', 'country': 'Australia', 'postcode': 4938, 'coordinates': {'latitude': '-88.4332', 'longitude': '-56.2709'}, 'timezone': {'offset': '-6:00', 'description': 'Central Time (US &amp; Canada), Mexico City'}}, 'email': 'bryan.burke@example.com', 'login': {'uuid': '213a367b-bdae-4723-8146-6f1f64d53b8e', 'username': 'crazygorilla450', 'password': 'baker', 'salt': 'S1Q3DlnX', 'md5': '9ea03fe942295968e0421659a7ce8b82', 'sha1': 'bbde1103f7f7590c5d1d7fd085a5e04f6aabb736', 'sha256': '4fa0c82848173f1113dcd57b8e4b06c500940fd72a95a26ff05f35a7c0912f26'}, 'dob': {'date': '2000-11-08T03:42:39.964Z', 'age': 23}, 'registered': {'date': '2004-02-17T19:17:56.350Z', 'age': 20}, 'phone': '04-3832-7592', 'cell': '0471-495-390', 'id': {'name': 'TFN', 'value': '527551150'}, 'picture': {'large': 'https://randomuser.me/api/portraits/men/96.jpg', 'medium': 'https://randomuser.me/api/portraits/med/men/96.jpg', 'thumbnail': 'https://randomuser.me/api/portraits/thumb/men/96.jpg'}, 'nat': 'AU'}</msg>
<arg>${json_data['results'][0]}</arg>
<doc>Logs the given message with the given level.</doc>
<status status="PASS" start="2024-06-08T19:12:13.604332" elapsed="0.000452"/>
</kw>
<kw name="Log" owner="BuiltIn">
<msg time="2024-06-08T19:12:13.605213" level="INFO">name</msg>
<arg>${key}</arg>
<doc>Logs the given message with the given level.</doc>
<status status="PASS" start="2024-06-08T19:12:13.605087" elapsed="0.000163"/>
</kw>
<var name="${key}">name</var>
<status status="PASS" start="2024-06-08T19:12:13.603483" elapsed="0.001984"/>
</iter>
<iter>
<kw name="Dictionary Should Contain Key" owner="Collections">
<msg time="2024-06-08T19:12:13.606129" level="INFO">False</msg>
<arg>${json_data['results'][0]}</arg>
<arg>${key}</arg>
<doc>Fails if ``key`` is not found from ``dictionary``.</doc>
<status status="PASS" start="2024-06-08T19:12:13.605757" elapsed="0.000409"/>
</kw>
<kw name="Log" owner="BuiltIn">
<msg time="2024-06-08T19:12:13.606828" level="INFO">{'gender': 'male', 'name': {'title': 'Mr', 'first': 'Bryan', 'last': 'Burke'}, 'location': {'street': {'number': 6632, 'name': 'Edwards Rd'}, 'city': 'Gladstone', 'state': 'Queensland', 'country': 'Australia', 'postcode': 4938, 'coordinates': {'latitude': '-88.4332', 'longitude': '-56.2709'}, 'timezone': {'offset': '-6:00', 'description': 'Central Time (US &amp; Canada), Mexico City'}}, 'email': 'bryan.burke@example.com', 'login': {'uuid': '213a367b-bdae-4723-8146-6f1f64d53b8e', 'username': 'crazygorilla450', 'password': 'baker', 'salt': 'S1Q3DlnX', 'md5': '9ea03fe942295968e0421659a7ce8b82', 'sha1': 'bbde1103f7f7590c5d1d7fd085a5e04f6aabb736', 'sha256': '4fa0c82848173f1113dcd57b8e4b06c500940fd72a95a26ff05f35a7c0912f26'}, 'dob': {'date': '2000-11-08T03:42:39.964Z', 'age': 23}, 'registered': {'date': '2004-02-17T19:17:56.350Z', 'age': 20}, 'phone': '04-3832-7592', 'cell': '0471-495-390', 'id': {'name': 'TFN', 'value': '527551150'}, 'picture': {'large': 'https://randomuser.me/api/portraits/men/96.jpg', 'medium': 'https://randomuser.me/api/portraits/med/men/96.jpg', 'thumbnail': 'https://randomuser.me/api/portraits/thumb/men/96.jpg'}, 'nat': 'AU'}</msg>
<arg>${json_data['results'][0]}</arg>
<doc>Logs the given message with the given level.</doc>
<status status="PASS" start="2024-06-08T19:12:13.606467" elapsed="0.000410"/>
</kw>
<kw name="Log" owner="BuiltIn">
<msg time="2024-06-08T19:12:13.607296" level="INFO">location</msg>
<arg>${key}</arg>
<doc>Logs the given message with the given level.</doc>
<status status="PASS" start="2024-06-08T19:12:13.607171" elapsed="0.000162"/>
</kw>
<var name="${key}">location</var>
<status status="PASS" start="2024-06-08T19:12:13.605645" elapsed="0.001899"/>
</iter>
<iter>
<kw name="Dictionary Should Contain Key" owner="Collections">
<msg time="2024-06-08T19:12:13.608308" level="INFO">False</msg>
<arg>${json_data['results'][0]}</arg>
<arg>${key}</arg>
<doc>Fails if ``key`` is not found from ``dictionary``.</doc>
<status status="PASS" start="2024-06-08T19:12:13.607830" elapsed="0.000514"/>
</kw>
<kw name="Log" owner="BuiltIn">
<msg time="2024-06-08T19:12:13.609032" level="INFO">{'gender': 'male', 'name': {'title': 'Mr', 'first': 'Bryan', 'last': 'Burke'}, 'location': {'street': {'number': 6632, 'name': 'Edwards Rd'}, 'city': 'Gladstone', 'state': 'Queensland', 'country': 'Australia', 'postcode': 4938, 'coordinates': {'latitude': '-88.4332', 'longitude': '-56.2709'}, 'timezone': {'offset': '-6:00', 'description': 'Central Time (US &amp; Canada), Mexico City'}}, 'email': 'bryan.burke@example.com', 'login': {'uuid': '213a367b-bdae-4723-8146-6f1f64d53b8e', 'username': 'crazygorilla450', 'password': 'baker', 'salt': 'S1Q3DlnX', 'md5': '9ea03fe942295968e0421659a7ce8b82', 'sha1': 'bbde1103f7f7590c5d1d7fd085a5e04f6aabb736', 'sha256': '4fa0c82848173f1113dcd57b8e4b06c500940fd72a95a26ff05f35a7c0912f26'}, 'dob': {'date': '2000-11-08T03:42:39.964Z', 'age': 23}, 'registered': {'date': '2004-02-17T19:17:56.350Z', 'age': 20}, 'phone': '04-3832-7592', 'cell': '0471-495-390', 'id': {'name': 'TFN', 'value': '527551150'}, 'picture': {'large': 'https://randomuser.me/api/portraits/men/96.jpg', 'medium': 'https://randomuser.me/api/portraits/med/men/96.jpg', 'thumbnail': 'https://randomuser.me/api/portraits/thumb/men/96.jpg'}, 'nat': 'AU'}</msg>
<arg>${json_data['results'][0]}</arg>
<doc>Logs the given message with the given level.</doc>
<status status="PASS" start="2024-06-08T19:12:13.608678" elapsed="0.000404"/>
</kw>
<kw name="Log" owner="BuiltIn">
<msg time="2024-06-08T19:12:13.609500" level="INFO">email</msg>
<arg>${key}</arg>
<doc>Logs the given message with the given level.</doc>
<status status="PASS" start="2024-06-08T19:12:13.609373" elapsed="0.000164"/>
</kw>
<var name="${key}">email</var>
<status status="PASS" start="2024-06-08T19:12:13.607720" elapsed="0.002028"/>
</iter>
<iter>
<kw name="Dictionary Should Contain Key" owner="Collections">
<msg time="2024-06-08T19:12:13.610410" level="INFO">False</msg>
<arg>${json_data['results'][0]}</arg>
<arg>${key}</arg>
<doc>Fails if ``key`` is not found from ``dictionary``.</doc>
<status status="PASS" start="2024-06-08T19:12:13.610032" elapsed="0.000414"/>
</kw>
<kw name="Log" owner="BuiltIn">
<msg time="2024-06-08T19:12:13.611093" level="INFO">{'gender': 'male', 'name': {'title': 'Mr', 'first': 'Bryan', 'last': 'Burke'}, 'location': {'street': {'number': 6632, 'name': 'Edwards Rd'}, 'city': 'Gladstone', 'state': 'Queensland', 'country': 'Australia', 'postcode': 4938, 'coordinates': {'latitude': '-88.4332', 'longitude': '-56.2709'}, 'timezone': {'offset': '-6:00', 'description': 'Central Time (US &amp; Canada), Mexico City'}}, 'email': 'bryan.burke@example.com', 'login': {'uuid': '213a367b-bdae-4723-8146-6f1f64d53b8e', 'username': 'crazygorilla450', 'password': 'baker', 'salt': 'S1Q3DlnX', 'md5': '9ea03fe942295968e0421659a7ce8b82', 'sha1': 'bbde1103f7f7590c5d1d7fd085a5e04f6aabb736', 'sha256': '4fa0c82848173f1113dcd57b8e4b06c500940fd72a95a26ff05f35a7c0912f26'}, 'dob': {'date': '2000-11-08T03:42:39.964Z', 'age': 23}, 'registered': {'date': '2004-02-17T19:17:56.350Z', 'age': 20}, 'phone': '04-3832-7592', 'cell': '0471-495-390', 'id': {'name': 'TFN', 'value': '527551150'}, 'picture': {'large': 'https://randomuser.me/api/portraits/men/96.jpg', 'medium': 'https://randomuser.me/api/portraits/med/men/96.jpg', 'thumbnail': 'https://randomuser.me/api/portraits/thumb/men/96.jpg'}, 'nat': 'AU'}</msg>
<arg>${json_data['results'][0]}</arg>
<doc>Logs the given message with the given level.</doc>
<status status="PASS" start="2024-06-08T19:12:13.610742" elapsed="0.000408"/>
</kw>
<kw name="Log" owner="BuiltIn">
<msg time="2024-06-08T19:12:13.611562" level="INFO">login</msg>
<arg>${key}</arg>
<doc>Logs the given message with the given level.</doc>
<status status="PASS" start="2024-06-08T19:12:13.611438" elapsed="0.000160"/>
</kw>
<var name="${key}">login</var>
<status status="PASS" start="2024-06-08T19:12:13.609922" elapsed="0.001911"/>
</iter>
<var>${key}</var>
<value>@{expected_keys}</value>
<status status="PASS" start="2024-06-08T19:12:13.601174" elapsed="0.010784"/>
</for>
<kw name="Create List" owner="BuiltIn">
<msg time="2024-06-08T19:12:13.612284" level="INFO">${expected_keysTwo} = ['username', 'password']</msg>
<var>${expected_keysTwo}</var>
<arg>username</arg>
<arg>password</arg>
<doc>Returns a list containing given items.</doc>
<status status="PASS" start="2024-06-08T19:12:13.612149" elapsed="0.000158"/>
</kw>
<for flavor="IN">
<iter>
<kw name="Dictionary Should Contain Key" owner="Collections">
<msg time="2024-06-08T19:12:13.613194" level="INFO">False</msg>
<arg>${json_data['results'][0]['login']}</arg>
<arg>${keyTwo}</arg>
<doc>Fails if ``key`` is not found from ``dictionary``.</doc>
<status status="PASS" start="2024-06-08T19:12:13.612823" elapsed="0.000407"/>
</kw>
<kw name="Dictionary Should Contain Key" owner="Collections">
<msg time="2024-06-08T19:12:13.613896" level="INFO">False</msg>
<arg>${json_data['results'][0]['login']}</arg>
<arg>${keyTwo}</arg>
<doc>Fails if ``key`` is not found from ``dictionary``.</doc>
<status status="PASS" start="2024-06-08T19:12:13.613521" elapsed="0.000412"/>
</kw>
<kw name="Log" owner="BuiltIn">
<msg time="2024-06-08T19:12:13.614347" level="INFO">username</msg>
<arg>${keyTwo}</arg>
<doc>Logs the given message with the given level.</doc>
<status status="PASS" start="2024-06-08T19:12:13.614222" elapsed="0.000161"/>
</kw>
<var name="${keyTwo}">username</var>
<status status="PASS" start="2024-06-08T19:12:13.612713" elapsed="0.001879"/>
</iter>
<iter>
<kw name="Dictionary Should Contain Key" owner="Collections">
<msg time="2024-06-08T19:12:13.615250" level="INFO">False</msg>
<arg>${json_data['results'][0]['login']}</arg>
<arg>${keyTwo}</arg>
<doc>Fails if ``key`` is not found from ``dictionary``.</doc>
<status status="PASS" start="2024-06-08T19:12:13.614874" elapsed="0.000412"/>
</kw>
<kw name="Dictionary Should Contain Key" owner="Collections">
<msg time="2024-06-08T19:12:13.615980" level="INFO">False</msg>
<arg>${json_data['results'][0]['login']}</arg>
<arg>${keyTwo}</arg>
<doc>Fails if ``key`` is not found from ``dictionary``.</doc>
<status status="PASS" start="2024-06-08T19:12:13.615598" elapsed="0.000418"/>
</kw>
<kw name="Log" owner="BuiltIn">
<msg time="2024-06-08T19:12:13.616470" level="INFO">password</msg>
<arg>${keyTwo}</arg>
<doc>Logs the given message with the given level.</doc>
<status status="PASS" start="2024-06-08T19:12:13.616307" elapsed="0.000206"/>
</kw>
<var name="${keyTwo}">password</var>
<status status="PASS" start="2024-06-08T19:12:13.614764" elapsed="0.001973"/>
</iter>
<var>${keyTwo}</var>
<value>@{expected_keysTwo}</value>
<status status="PASS" start="2024-06-08T19:12:13.612564" elapsed="0.004293"/>
</for>
<status status="PASS" start="2024-06-08T19:12:13.504377" elapsed="0.112613"/>
</kw>
<doc>Testa a estrutura da resposta da API.</doc>
<tag>testeEstruturaResposta</tag>
<status status="PASS" start="2024-06-08T19:12:13.503646" elapsed="0.113487"/>
</test>
<test id="s1-s1-t4" name="Validar tipos de dados" line="28">
<kw name="Teste de Tipos de Dados" owner="random-user-service">
<kw name="GET On Session" owner="RequestsLibrary">
<msg time="2024-06-08T19:12:13.701315" level="INFO">GET Request : url=https://randomuser.me/api 
 path_url=/api 
 headers={'User-Agent': 'python-requests/2.32.3', 'Accept-Encoding': 'gzip, deflate', 'Accept': '*/*', 'Connection': 'keep-alive'} 
 body=None 
 </msg>
<msg time="2024-06-08T19:12:13.701371" level="INFO">GET Response : url=https://randomuser.me/api 
 status=200, reason=OK 
 headers={'Date': 'Sat, 08 Jun 2024 19:12:13 GMT', 'Content-Type': 'application/json; charset=utf-8', 'Transfer-Encoding': 'chunked', 'Connection': 'keep-alive', 'X-Powered-By': 'Express', 'Access-Control-Allow-Origin': '*', 'Cache-Control': 'no-cache', 'ETag': 'W/"4a6-6CWoFdm5pfJdXUuW9d6nDsUb0mU"', 'Vary': 'Accept-Encoding', 'Content-Encoding': 'gzip', 'CF-Cache-Status': 'DYNAMIC', 'Report-To': '{"endpoints":[{"url":"https:\\/\\/a.nel.cloudflare.com\\/report\\/v4?s=3d6NWYnvJ6g996OpvKGBAxBoicIx5u6pLnvE6pKEljSh%2BeF4XQJt%2BYGSeqYgHmn6XNWh0J33u2xssaan8P%2Bp7NG6%2Bw%2FJOwszsAQqH00GbVjkR%2Fvkz5FNRVCSsPG2lbOk"}],"group":"cf-nel","max_age":604800}', 'NEL': '{"success_fraction":0,"report_to":"cf-nel","max_age":604800}', 'Server': 'cloudflare', 'CF-RAY': '890b31352dd6397a-IAD', 'alt-svc': 'h3=":443"; ma=86400'} 
 body={"results":[{"gender":"female","name":{"title":"Ms","first":"Aubree","last":"Gauthier"},"location":{"street":{"number":3880,"name":"Lake of Bays Road"},"city":"Odessa","state":"British Columbia","country":"Canada","postcode":"J3V 8T4","coordinates":{"latitude":"-72.6908","longitude":"65.9903"},"timezone":{"offset":"+8:00","description":"Beijing, Perth, Singapore, Hong Kong"}},"email":"aubree.gauthier@example.com","login":{"uuid":"25bd69a1-650d-4406-be79-63460e6417e3","username":"purplegorilla323","password":"hotgirls","salt":"xb2rcy05","md5":"8702c2568092262aee5fa9eea1c032d1","sha1":"20f2c3abfadbd0473bd6813657b745881b47544a","sha256":"d377ca25ca2b2b7aeacebe8753900a5dbdef361cf853695820a34ec74f08677f"},"dob":{"date":"1961-11-12T16:29:26.308Z","age":62},"registered":{"date":"2010-07-22T08:39:28.422Z","age":13},"phone":"W42 C48-1484","cell":"H74 J14-0837","id":{"name":"SIN","value":"614418242"},"picture":{"large":"https://randomuser.me/api/portraits/women/5.jpg","medium":"https://randomuser.me/api/portraits/med/women/5.jpg","thumbnail":"https://randomuser.me/api/portraits/thumb/women/5.jpg"},"nat":"CA"}],"info":{"seed":"444e6f1862afafef","results":1,"page":1,"version":"1.4"}} 
 </msg>
<msg time="2024-06-08T19:12:13.701422" level="INFO">/opt/hostedtoolcache/Python/3.12.3/x64/lib/python3.12/site-packages/urllib3/connectionpool.py:1103: InsecureRequestWarning: Unverified HTTPS request is being made to host 'randomuser.me'. Adding certificate verification is strongly advised. See: https://urllib3.readthedocs.io/en/latest/advanced-usage.html#tls-warnings
  warnings.warn(</msg>
<msg time="2024-06-08T19:12:13.701511" level="INFO">${response} = &lt;Response [200]&gt;</msg>
<var>${response}</var>
<arg>consultarAPI</arg>
<arg>/api</arg>
<doc>Sends a GET request on a previously created HTTP Session.</doc>
<status status="PASS" start="2024-06-08T19:12:13.619602" elapsed="0.081945"/>
</kw>
<kw name="Set Variable" owner="BuiltIn">
<msg time="2024-06-08T19:12:13.702342" level="INFO">${json_data} = {'results': [{'gender': 'female', 'name': {'title': 'Ms', 'first': 'Aubree', 'last': 'Gauthier'}, 'location': {'street': {'number': 3880, 'name': 'Lake of Bays Road'}, 'city': 'Odessa', 'state': 'Brit...</msg>
<var>${json_data}</var>
<arg>${response.json()}</arg>
<doc>Returns the given values which can then be assigned to a variables.</doc>
<status status="PASS" start="2024-06-08T19:12:13.701897" elapsed="0.000475"/>
</kw>
<kw name="Log" owner="BuiltIn">
<msg time="2024-06-08T19:12:13.702834" level="INFO">{'results': [{'gender': 'female', 'name': {'title': 'Ms', 'first': 'Aubree', 'last': 'Gauthier'}, 'location': {'street': {'number': 3880, 'name': 'Lake of Bays Road'}, 'city': 'Odessa', 'state': 'British Columbia', 'country': 'Canada', 'postcode': 'J3V 8T4', 'coordinates': {'latitude': '-72.6908', 'longitude': '65.9903'}, 'timezone': {'offset': '+8:00', 'description': 'Beijing, Perth, Singapore, Hong Kong'}}, 'email': 'aubree.gauthier@example.com', 'login': {'uuid': '25bd69a1-650d-4406-be79-63460e6417e3', 'username': 'purplegorilla323', 'password': 'hotgirls', 'salt': 'xb2rcy05', 'md5': '8702c2568092262aee5fa9eea1c032d1', 'sha1': '20f2c3abfadbd0473bd6813657b745881b47544a', 'sha256': 'd377ca25ca2b2b7aeacebe8753900a5dbdef361cf853695820a34ec74f08677f'}, 'dob': {'date': '1961-11-12T16:29:26.308Z', 'age': 62}, 'registered': {'date': '2010-07-22T08:39:28.422Z', 'age': 13}, 'phone': 'W42 C48-1484', 'cell': 'H74 J14-0837', 'id': {'name': 'SIN', 'value': '614418242'}, 'picture': {'large': 'https://randomuser.me/api/portraits/women/5.jpg', 'medium': 'https://randomuser.me/api/portraits/med/women/5.jpg', 'thumbnail': 'https://randomuser.me/api/portraits/thumb/women/5.jpg'}, 'nat': 'CA'}], 'info': {'seed': '444e6f1862afafef', 'results': 1, 'page': 1, 'version': '1.4'}}</msg>
<arg>${json_data}</arg>
<doc>Logs the given message with the given level.</doc>
<status status="PASS" start="2024-06-08T19:12:13.702679" elapsed="0.000234"/>
</kw>
<kw name="Should Be String" owner="String">
<arg>${json_data['results'][0]['gender']}</arg>
<doc>Fails if the given ``item`` is not a string.</doc>
<status status="PASS" start="2024-06-08T19:12:13.703206" elapsed="0.000332"/>
</kw>
<kw name="Should Match Regexp" owner="BuiltIn">
<arg>${json_data['results'][0]['email']}</arg>
<arg>^[a-zA-Z0-9._%+-]+@[a-zA-Z0-9.-]+\.[a-zA-Z]{2,}$</arg>
<doc>Fails if ``string`` does not match ``pattern`` as a regular expression.</doc>
<status status="PASS" start="2024-06-08T19:12:13.703713" elapsed="0.000622"/>
</kw>
<kw name="Should Match Regexp" owner="BuiltIn">
<arg>${json_data['results'][0]['dob']['date']}</arg>
<arg>\\d{4}-\\d{2}-\\d{2}T\\d{2}:\\d{2}:\\d{2}\\.\\d{3}Z</arg>
<doc>Fails if ``string`` does not match ``pattern`` as a regular expression.</doc>
<status status="PASS" start="2024-06-08T19:12:13.704578" elapsed="0.000492"/>
</kw>
<kw name="Should Match Regexp" owner="BuiltIn">
<arg>${json_data['results'][0]['registered']['date']}</arg>
<arg>\\d{4}-\\d{2}-\\d{2}T\\d{2}:\\d{2}:\\d{2}\\.\\d{3}Z</arg>
<doc>Fails if ``string`` does not match ``pattern`` as a regular expression.</doc>
<status status="PASS" start="2024-06-08T19:12:13.705267" elapsed="0.000366"/>
</kw>
<kw name="Should Match Regexp" owner="BuiltIn">
<arg>${json_data['results'][0]['picture']['large']}</arg>
<arg>^https?://.*\.(?:png|jpe?g|gif|bmp)$</arg>
<doc>Fails if ``string`` does not match ``pattern`` as a regular expression.</doc>
<status status="PASS" start="2024-06-08T19:12:13.705820" elapsed="0.000449"/>
</kw>
<kw name="Should Match Regexp" owner="BuiltIn">
<arg>${json_data['results'][0]['picture']['medium']}</arg>
<arg>^https?://.*\.(?:png|jpe?g|gif|bmp)$</arg>
<doc>Fails if ``string`` does not match ``pattern`` as a regular expression.</doc>
<status status="PASS" start="2024-06-08T19:12:13.706475" elapsed="0.000342"/>
</kw>
<kw name="Should Match Regexp" owner="BuiltIn">
<arg>${json_data['results'][0]['picture']['thumbnail']}</arg>
<arg>^https?://.*\.(?:png|jpe?g|gif|bmp)$</arg>
<doc>Fails if ``string`` does not match ``pattern`` as a regular expression.</doc>
<status status="PASS" start="2024-06-08T19:12:13.707007" elapsed="0.000347"/>
</kw>
<kw name="Log" owner="BuiltIn">
<msg time="2024-06-08T19:12:13.707854" level="INFO">{'large': 'https://randomuser.me/api/portraits/women/5.jpg', 'medium': 'https://randomuser.me/api/portraits/med/women/5.jpg', 'thumbnail': 'https://randomuser.me/api/portraits/thumb/women/5.jpg'}</msg>
<arg>${json_data['results'][0]['picture']}</arg>
<doc>Logs the given message with the given level.</doc>
<status status="PASS" start="2024-06-08T19:12:13.707536" elapsed="0.000359"/>
</kw>
<status status="PASS" start="2024-06-08T19:12:13.619378" elapsed="0.088765"/>
</kw>
<kw name="Teste de Tipos de Dados - Postcode" owner="random-user-service">
<kw name="GET On Session" owner="RequestsLibrary">
<msg time="2024-06-08T19:12:13.800589" level="INFO">GET Request : url=https://randomuser.me/api 
 path_url=/api 
 headers={'User-Agent': 'python-requests/2.32.3', 'Accept-Encoding': 'gzip, deflate', 'Accept': '*/*', 'Connection': 'keep-alive'} 
 body=None 
 </msg>
<msg time="2024-06-08T19:12:13.800674" level="INFO">GET Response : url=https://randomuser.me/api 
 status=200, reason=OK 
 headers={'Date': 'Sat, 08 Jun 2024 19:12:13 GMT', 'Content-Type': 'application/json; charset=utf-8', 'Transfer-Encoding': 'chunked', 'Connection': 'keep-alive', 'X-Powered-By': 'Express', 'Access-Control-Allow-Origin': '*', 'Cache-Control': 'no-cache', 'ETag': 'W/"4b4-Bc6GIEW1yluVcrE+lcXMmT22qcE"', 'Vary': 'Accept-Encoding', 'Content-Encoding': 'gzip', 'CF-Cache-Status': 'DYNAMIC', 'Report-To': '{"endpoints":[{"url":"https:\\/\\/a.nel.cloudflare.com\\/report\\/v4?s=23PbnY1WJYk6bbKYy%2BaYXS%2F6lm0fGwNl4f07tKQGDTxSkXh0SPnJF4eEmEThtlD7AqTX69rNfuLSe9fsp9GJnwxpi5b%2FymTQkBoNog18%2BUHfCKoB%2B%2BHWP4wy8c0ck3cO"}],"group":"cf-nel","max_age":604800}', 'NEL': '{"success_fraction":0,"report_to":"cf-nel","max_age":604800}', 'Server': 'cloudflare', 'CF-RAY': '890b3135be6d397a-IAD', 'alt-svc': 'h3=":443"; ma=86400'} 
 body={"results":[{"gender":"female","name":{"title":"Mrs","first":"Ana Luisa","last":"Guerrero"},"location":{"street":{"number":6370,"name":"Diagonal Sur Bañuelos"},"city":"Sasabe","state":"San Luis Potosí","country":"Mexico","postcode":72084,"coordinates":{"latitude":"24.5598","longitude":"119.5930"},"timezone":{"offset":"+9:00","description":"Tokyo, Seoul, Osaka, Sapporo, Yakutsk"}},"email":"analuisa.guerrero@example.com","login":{"uuid":"167da9cb-bba3-4eb5-9522-2517ef50e1ac","username":"bluecat425","password":"bronson","salt":"ROo4Swwx","md5":"89caaf9b32a010480b38260b61389339","sha1":"54782b0e71d5c110dec7e4b27d477faa9c20926f","sha256":"7908fe7214d58fd5a801ef7cc1ee2aa1defaa9ef7b61d8e497937e6dbfb3dec7"},"dob":{"date":"1950-12-15T23:55:44.341Z","age":73},"registered":{"date":"2011-01-31T11:42:29.718Z","age":13},"phone":"(693) 090 6793","cell":"(606) 553 9124","id":{"name":"NSS","value":"00 72 44 7726 7"},"picture":{"large":"https://randomuser.me/api/portraits/women/87.jpg","medium":"https://randomuser.me/api/portraits/med/women/87.jpg","thumbnail":"https://randomuser.me/api/portraits/thumb/women/87.jpg"},"nat":"MX"}],"info":{"seed":"5953f4a1acae0e7e","results":1,"page":1,"version":"1.4"}} 
 </msg>
<msg time="2024-06-08T19:12:13.800747" level="INFO">/opt/hostedtoolcache/Python/3.12.3/x64/lib/python3.12/site-packages/urllib3/connectionpool.py:1103: InsecureRequestWarning: Unverified HTTPS request is being made to host 'randomuser.me'. Adding certificate verification is strongly advised. See: https://urllib3.readthedocs.io/en/latest/advanced-usage.html#tls-warnings
  warnings.warn(</msg>
<msg time="2024-06-08T19:12:13.800856" level="INFO">${response} = &lt;Response [200]&gt;</msg>
<var>${response}</var>
<arg>consultarAPI</arg>
<arg>/api</arg>
<doc>Sends a GET request on a previously created HTTP Session.</doc>
<status status="PASS" start="2024-06-08T19:12:13.708608" elapsed="0.092315"/>
</kw>
<kw name="Set Variable" owner="BuiltIn">
<msg time="2024-06-08T19:12:13.801812" level="INFO">${json_data} = {'results': [{'gender': 'female', 'name': {'title': 'Mrs', 'first': 'Ana Luisa', 'last': 'Guerrero'}, 'location': {'street': {'number': 6370, 'name': 'Diagonal Sur Bañuelos'}, 'city': 'Sasabe', 'state...</msg>
<var>${json_data}</var>
<arg>${response.json()}</arg>
<doc>Returns the given values which can then be assigned to a variables.</doc>
<status status="PASS" start="2024-06-08T19:12:13.801371" elapsed="0.000470"/>
</kw>
<kw name="Log" owner="BuiltIn">
<msg time="2024-06-08T19:12:13.802299" level="INFO">{'results': [{'gender': 'female', 'name': {'title': 'Mrs', 'first': 'Ana Luisa', 'last': 'Guerrero'}, 'location': {'street': {'number': 6370, 'name': 'Diagonal Sur Bañuelos'}, 'city': 'Sasabe', 'state': 'San Luis Potosí', 'country': 'Mexico', 'postcode': 72084, 'coordinates': {'latitude': '24.5598', 'longitude': '119.5930'}, 'timezone': {'offset': '+9:00', 'description': 'Tokyo, Seoul, Osaka, Sapporo, Yakutsk'}}, 'email': 'analuisa.guerrero@example.com', 'login': {'uuid': '167da9cb-bba3-4eb5-9522-2517ef50e1ac', 'username': 'bluecat425', 'password': 'bronson', 'salt': 'ROo4Swwx', 'md5': '89caaf9b32a010480b38260b61389339', 'sha1': '54782b0e71d5c110dec7e4b27d477faa9c20926f', 'sha256': '7908fe7214d58fd5a801ef7cc1ee2aa1defaa9ef7b61d8e497937e6dbfb3dec7'}, 'dob': {'date': '1950-12-15T23:55:44.341Z', 'age': 73}, 'registered': {'date': '2011-01-31T11:42:29.718Z', 'age': 13}, 'phone': '(693) 090 6793', 'cell': '(606) 553 9124', 'id': {'name': 'NSS', 'value': '00 72 44 7726 7'}, 'picture': {'large': 'https://randomuser.me/api/portraits/women/87.jpg', 'medium': 'https://randomuser.me/api/portraits/med/women/87.jpg', 'thumbnail': 'https://randomuser.me/api/portraits/thumb/women/87.jpg'}, 'nat': 'MX'}], 'info': {'seed': '5953f4a1acae0e7e', 'results': 1, 'page': 1, 'version': '1.4'}}</msg>
<arg>${json_data}</arg>
<doc>Logs the given message with the given level.</doc>
<status status="PASS" start="2024-06-08T19:12:13.802145" elapsed="0.000234"/>
</kw>
<kw name="Should Be Equal As Numbers" owner="BuiltIn">
<arg>${json_data['results'][0]['location']['postcode']}</arg>
<arg>${json_data['results'][0]['location']['postcode']}</arg>
<doc>Fails if objects are unequal after converting them to real numbers.</doc>
<status status="PASS" start="2024-06-08T19:12:13.802679" elapsed="0.000610"/>
</kw>
<kw name="Log" owner="BuiltIn">
<msg time="2024-06-08T19:12:13.803777" level="INFO">72084</msg>
<arg>${json_data['results'][0]['location']['postcode']}</arg>
<doc>Logs the given message with the given level.</doc>
<status status="PASS" start="2024-06-08T19:12:13.803464" elapsed="0.000350"/>
</kw>
<status status="PASS" start="2024-06-08T19:12:13.708350" elapsed="0.095691"/>
</kw>
<doc>Testa se os tipos de dados na resposta da API estão corretos.</doc>
<tag>testeTiposDados</tag>
<status status="PASS" start="2024-06-08T19:12:13.618865" elapsed="0.185325"/>
</test>
<test id="s1-s1-t5" name="Validar conteudo" line="35">
<kw name="Teste de Tipos de Conteudo" owner="random-user-service">
<kw name="GET On Session" owner="RequestsLibrary">
<msg time="2024-06-08T19:12:13.901724" level="INFO">GET Request : url=https://randomuser.me/api 
 path_url=/api 
 headers={'User-Agent': 'python-requests/2.32.3', 'Accept-Encoding': 'gzip, deflate', 'Accept': '*/*', 'Connection': 'keep-alive'} 
 body=None 
 </msg>
<msg time="2024-06-08T19:12:13.901781" level="INFO">GET Response : url=https://randomuser.me/api 
 status=200, reason=OK 
 headers={'Date': 'Sat, 08 Jun 2024 19:12:13 GMT', 'Content-Type': 'application/json; charset=utf-8', 'Transfer-Encoding': 'chunked', 'Connection': 'keep-alive', 'X-Powered-By': 'Express', 'Access-Control-Allow-Origin': '*', 'Cache-Control': 'no-cache', 'ETag': 'W/"49e-429pxS+IfiYVX6NwaHiiW+KqMWw"', 'Vary': 'Accept-Encoding', 'Content-Encoding': 'gzip', 'CF-Cache-Status': 'DYNAMIC', 'Report-To': '{"endpoints":[{"url":"https:\\/\\/a.nel.cloudflare.com\\/report\\/v4?s=ACr6Q4YB7HK8%2Fgt96lGVPOOSXOA3jH3r3DMQNRO2uHLcmw7gEWxvaesgCfMcMiHiutW3jeORONZhtwIxkADrATSQj07ieOZRo2xTZSA0ShO%2FnzK8fl4JKO9sZaZyy6Rm"}],"group":"cf-nel","max_age":604800}', 'NEL': '{"success_fraction":0,"report_to":"cf-nel","max_age":604800}', 'Server': 'cloudflare', 'CF-RAY': '890b31364f29397a-IAD', 'alt-svc': 'h3=":443"; ma=86400'} 
 body={"results":[{"gender":"male","name":{"title":"Mr","first":"Gregório","last":"da Paz"},"location":{"street":{"number":5447,"name":"Rua Primeiro de Maio "},"city":"Petrolina","state":"Goiás","country":"Brazil","postcode":63171,"coordinates":{"latitude":"-73.8858","longitude":"-44.3088"},"timezone":{"offset":"+9:00","description":"Tokyo, Seoul, Osaka, Sapporo, Yakutsk"}},"email":"gregorio.dapaz@example.com","login":{"uuid":"74e88a49-4b75-4827-abfc-bd81a2e55787","username":"yellowsnake725","password":"quincy","salt":"qUEwIjCP","md5":"0feca6a76360fb376910f5e01faddaf6","sha1":"9a700160d078e3ed0648da42dd7301d4f244732d","sha256":"27f614da8ece8fc96623b9e52444031615af4df78e02ee969c88f63991233a3a"},"dob":{"date":"1993-12-09T15:11:12.630Z","age":30},"registered":{"date":"2013-02-26T01:12:51.803Z","age":11},"phone":"(61) 9334-5478","cell":"(26) 5677-8252","id":{"name":"CPF","value":"004.249.149-89"},"picture":{"large":"https://randomuser.me/api/portraits/men/9.jpg","medium":"https://randomuser.me/api/portraits/med/men/9.jpg","thumbnail":"https://randomuser.me/api/portraits/thumb/men/9.jpg"},"nat":"BR"}],"info":{"seed":"b0069b0215c80ab1","results":1,"page":1,"version":"1.4"}} 
 </msg>
<msg time="2024-06-08T19:12:13.901831" level="INFO">/opt/hostedtoolcache/Python/3.12.3/x64/lib/python3.12/site-packages/urllib3/connectionpool.py:1103: InsecureRequestWarning: Unverified HTTPS request is being made to host 'randomuser.me'. Adding certificate verification is strongly advised. See: https://urllib3.readthedocs.io/en/latest/advanced-usage.html#tls-warnings
  warnings.warn(</msg>
<msg time="2024-06-08T19:12:13.901916" level="INFO">${response} = &lt;Response [200]&gt;</msg>
<var>${response}</var>
<arg>consultarAPI</arg>
<arg>/api</arg>
<doc>Sends a GET request on a previously created HTTP Session.</doc>
<status status="PASS" start="2024-06-08T19:12:13.806741" elapsed="0.095210"/>
</kw>
<kw name="Set Variable" owner="BuiltIn">
<msg time="2024-06-08T19:12:13.902687" level="INFO">${json_data} = {'results': [{'gender': 'male', 'name': {'title': 'Mr', 'first': 'Gregório', 'last': 'da Paz'}, 'location': {'street': {'number': 5447, 'name': 'Rua Primeiro de Maio '}, 'city': 'Petrolina', 'state': ...</msg>
<var>${json_data}</var>
<arg>${response.json()}</arg>
<doc>Returns the given values which can then be assigned to a variables.</doc>
<status status="PASS" start="2024-06-08T19:12:13.902282" elapsed="0.000431"/>
</kw>
<kw name="Set Variable" owner="BuiltIn">
<msg time="2024-06-08T19:12:13.903336" level="INFO">${name_title} = Mr</msg>
<var>${name_title}</var>
<arg>${json_data["results"][0]["name"]["title"]}</arg>
<doc>Returns the given values which can then be assigned to a variables.</doc>
<status status="PASS" start="2024-06-08T19:12:13.902989" elapsed="0.000370"/>
</kw>
<kw name="Create List" owner="BuiltIn">
<msg time="2024-06-08T19:12:13.903797" level="INFO">${allowed_titles} = ['Mr', 'Ms', 'Miss', 'Mrs', 'Madame', 'Monsieur']</msg>
<var>${allowed_titles}</var>
<arg>Mr</arg>
<arg>Ms</arg>
<arg>Miss</arg>
<arg>Mrs</arg>
<arg>Madame</arg>
<arg>Monsieur</arg>
<doc>Returns a list containing given items.</doc>
<status status="PASS" start="2024-06-08T19:12:13.903652" elapsed="0.000169"/>
</kw>
<kw name="List Should Contain Value" owner="Collections">
<msg time="2024-06-08T19:12:13.904287" level="INFO">False</msg>
<arg>${allowed_titles}</arg>
<arg>${name_title}</arg>
<doc>Fails if the ``value`` is not found from ``list``.</doc>
<status status="PASS" start="2024-06-08T19:12:13.904122" elapsed="0.000201"/>
</kw>
<kw name="Set Variable" owner="BuiltIn">
<msg time="2024-06-08T19:12:13.905167" level="INFO">${name_country} = BR</msg>
<var>${name_country}</var>
<arg>${json_data["results"][0]["nat"]}</arg>
<doc>Returns the given values which can then be assigned to a variables.</doc>
<status status="PASS" start="2024-06-08T19:12:13.904656" elapsed="0.000536"/>
</kw>
<kw name="Create List" owner="BuiltIn">
<msg time="2024-06-08T19:12:13.906091" level="INFO">${list_country} = ['AD', 'AE', 'AF', 'AG', 'AI', 'AL', 'AM', 'AO', 'AQ', 'AR', 'AS', 'AT', 'AU', 'AW', 'AX', 'AZ', 'BA', 'BB', 'BD', 'BE', 'BF', 'BG', 'BH', 'BI', 'BJ', 'BL', 'BM', 'BN', 'BO', 'BQ', 'BR', 'BS', 'BT', '...</msg>
<var>${list_country}</var>
<arg>AD</arg>
<arg>AE</arg>
<arg>AF</arg>
<arg>AG</arg>
<arg>AI</arg>
<arg>AL</arg>
<arg>AM</arg>
<arg>AO</arg>
<arg>AQ</arg>
<arg>AR</arg>
<arg>AS</arg>
<arg>AT</arg>
<arg>AU</arg>
<arg>AW</arg>
<arg>AX</arg>
<arg>AZ</arg>
<arg>BA</arg>
<arg>BB</arg>
<arg>BD</arg>
<arg>BE</arg>
<arg>BF</arg>
<arg>BG</arg>
<arg>BH</arg>
<arg>BI</arg>
<arg>BJ</arg>
<arg>BL</arg>
<arg>BM</arg>
<arg>BN</arg>
<arg>BO</arg>
<arg>BQ</arg>
<arg>BR</arg>
<arg>BS</arg>
<arg>BT</arg>
<arg>BV</arg>
<arg>BW</arg>
<arg>BY</arg>
<arg>BZ</arg>
<arg>CA</arg>
<arg>CC</arg>
<arg>CD</arg>
<arg>CF</arg>
<arg>CG</arg>
<arg>CH</arg>
<arg>CI</arg>
<arg>CK</arg>
<arg>CL</arg>
<arg>CM</arg>
<arg>CN</arg>
<arg>CO</arg>
<arg>CR</arg>
<arg>CU</arg>
<arg>CV</arg>
<arg>CW</arg>
<arg>CX</arg>
<arg>CY</arg>
<arg>CZ</arg>
<arg>DE</arg>
<arg>DJ</arg>
<arg>DK</arg>
<arg>DM</arg>
<arg>DO</arg>
<arg>DZ</arg>
<arg>EC</arg>
<arg>EE</arg>
<arg>EG</arg>
<arg>EH</arg>
<arg>ER</arg>
<arg>ES</arg>
<arg>ET</arg>
<arg>FI</arg>
<arg>FJ</arg>
<arg>FK</arg>
<arg>FM</arg>
<arg>FO</arg>
<arg>FR</arg>
<arg>GA</arg>
<arg>GB</arg>
<arg>GD</arg>
<arg>GE</arg>
<arg>GF</arg>
<arg>GG</arg>
<arg>GH</arg>
<arg>GI</arg>
<arg>GL</arg>
<arg>GM</arg>
<arg>GN</arg>
<arg>GP</arg>
<arg>GQ</arg>
<arg>GR</arg>
<arg>GS</arg>
<arg>GT</arg>
<arg>GU</arg>
<arg>GW</arg>
<arg>GY</arg>
<arg>HK</arg>
<arg>HM</arg>
<arg>HN</arg>
<arg>HR</arg>
<arg>HT</arg>
<arg>HU</arg>
<arg>ID</arg>
<arg>IE</arg>
<arg>IL</arg>
<arg>IM</arg>
<arg>IN</arg>
<arg>IO</arg>
<arg>IQ</arg>
<arg>IR</arg>
<arg>IS</arg>
<arg>IT</arg>
<arg>JE</arg>
<arg>JM</arg>
<arg>JO</arg>
<arg>JP</arg>
<arg>KE</arg>
<arg>KG</arg>
<arg>KH</arg>
<arg>KI</arg>
<arg>KM</arg>
<arg>KN</arg>
<arg>KP</arg>
<arg>KR</arg>
<arg>KW</arg>
<arg>KY</arg>
<arg>KZ</arg>
<arg>LA</arg>
<arg>LB</arg>
<arg>LC</arg>
<arg>LI</arg>
<arg>LK</arg>
<arg>LR</arg>
<arg>LS</arg>
<arg>LT</arg>
<arg>LU</arg>
<arg>LV</arg>
<arg>LY</arg>
<arg>MA</arg>
<arg>MC</arg>
<arg>MD</arg>
<arg>ME</arg>
<arg>MF</arg>
<arg>MG</arg>
<arg>MH</arg>
<arg>MK</arg>
<arg>ML</arg>
<arg>MM</arg>
<arg>MN</arg>
<arg>MO</arg>
<arg>MP</arg>
<arg>MQ</arg>
<arg>MR</arg>
<arg>MS</arg>
<arg>MT</arg>
<arg>MU</arg>
<arg>MV</arg>
<arg>MW</arg>
<arg>MX</arg>
<arg>MY</arg>
<arg>MZ</arg>
<arg>NA</arg>
<arg>NC</arg>
<arg>NE</arg>
<arg>NF</arg>
<arg>NG</arg>
<arg>NI</arg>
<arg>NL</arg>
<arg>NO</arg>
<arg>NP</arg>
<arg>NR</arg>
<arg>NU</arg>
<arg>NZ</arg>
<arg>OM</arg>
<arg>PA</arg>
<arg>PE</arg>
<arg>PF</arg>
<arg>PG</arg>
<arg>PH</arg>
<arg>PK</arg>
<arg>PL</arg>
<arg>PM</arg>
<arg>PN</arg>
<arg>PR</arg>
<arg>PS</arg>
<arg>PT</arg>
<arg>PW</arg>
<arg>PY</arg>
<arg>QA</arg>
<arg>RE</arg>
<arg>RO</arg>
<arg>RS</arg>
<arg>RU</arg>
<arg>RW</arg>
<arg>SA</arg>
<arg>SB</arg>
<arg>SC</arg>
<arg>SD</arg>
<arg>SE</arg>
<arg>SG</arg>
<arg>SH</arg>
<arg>SI</arg>
<arg>SJ</arg>
<arg>SK</arg>
<arg>SL</arg>
<arg>SM</arg>
<arg>SN</arg>
<arg>SO</arg>
<arg>SR</arg>
<arg>SS</arg>
<arg>ST</arg>
<arg>SV</arg>
<arg>SX</arg>
<arg>SY</arg>
<arg>SZ</arg>
<arg>TC</arg>
<arg>TD</arg>
<arg>TF</arg>
<arg>TG</arg>
<arg>TH</arg>
<arg>TJ</arg>
<arg>TK</arg>
<arg>TL</arg>
<arg>TM</arg>
<arg>TN</arg>
<arg>TO</arg>
<arg>TR</arg>
<arg>TT</arg>
<arg>TV</arg>
<arg>TW</arg>
<arg>TZ</arg>
<arg>UA</arg>
<arg>UG</arg>
<arg>UM</arg>
<arg>US</arg>
<arg>UY</arg>
<arg>UZ</arg>
<arg>VA</arg>
<arg>VC</arg>
<arg>VE</arg>
<arg>VG</arg>
<arg>VI</arg>
<arg>VN</arg>
<arg>VU</arg>
<arg>WF</arg>
<arg>WS</arg>
<arg>XK</arg>
<arg>YE</arg>
<arg>YT</arg>
<arg>ZA</arg>
<arg>ZM</arg>
<arg>ZW</arg>
<doc>Returns a list containing given items.</doc>
<status status="PASS" start="2024-06-08T19:12:13.905498" elapsed="0.000619"/>
</kw>
<kw name="List Should Contain Value" owner="Collections">
<msg time="2024-06-08T19:12:13.907070" level="INFO">False</msg>
<arg>${list_country}</arg>
<arg>${name_country}</arg>
<doc>Fails if the ``value`` is not found from ``list``.</doc>
<status status="PASS" start="2024-06-08T19:12:13.906872" elapsed="0.000233"/>
</kw>
<kw name="Run Keyword If" owner="BuiltIn">
<kw name="Should Be True" owner="BuiltIn">
<arg>${True}</arg>
<doc>Fails if the given condition is not true.</doc>
<status status="PASS" start="2024-06-08T19:12:13.908150" elapsed="0.000144"/>
</kw>
<arg>${json_data["results"][0]["location"]["coordinates"]["latitude"]} &gt;= -90 and ${json_data["results"][0]["location"]["coordinates"]["latitude"]} &lt;= 90</arg>
<arg>Should Be True</arg>
<arg>${True}</arg>
<doc>Runs the given keyword with the given arguments, if ``condition`` is true.</doc>
<status status="PASS" start="2024-06-08T19:12:13.907412" elapsed="0.001037"/>
</kw>
<kw name="Run Keyword If" owner="BuiltIn">
<kw name="Should Be True" owner="BuiltIn">
<arg>${True}</arg>
<doc>Fails if the given condition is not true.</doc>
<status status="PASS" start="2024-06-08T19:12:13.909337" elapsed="0.000137"/>
</kw>
<arg>${json_data["results"][0]["location"]["coordinates"]["longitude"]} &gt;= -180 and ${json_data["results"][0]["location"]["coordinates"]["longitude"]} &lt;= 180</arg>
<arg>Should Be True</arg>
<arg>${True}</arg>
<doc>Runs the given keyword with the given arguments, if ``condition`` is true.</doc>
<status status="PASS" start="2024-06-08T19:12:13.908651" elapsed="0.000944"/>
</kw>
<status status="PASS" start="2024-06-08T19:12:13.806529" elapsed="0.103192"/>
</kw>
<doc>Testa o conteúdo específico dos campos retornados pela API.</doc>
<tag>testeConteudo</tag>
<status status="PASS" start="2024-06-08T19:12:13.805999" elapsed="0.103860"/>
</test>
<status status="PASS" start="2024-06-08T19:12:13.080533" elapsed="0.831203"/>
</suite>
<status status="PASS" start="2024-06-08T19:12:13.067158" elapsed="0.849730"/>
</suite>
<statistics>
<total>
<stat pass="5" fail="0" skip="0">All Tests</stat>
</total>
<tag>
<stat pass="1" fail="0" skip="0">testeConteudo</stat>
<stat pass="1" fail="0" skip="0">testeEstruturaResposta</stat>
<stat pass="1" fail="0" skip="0">testeRequisicaoBasica</stat>
<stat pass="1" fail="0" skip="0">testeTiposDados</stat>
</tag>
<suite>
<stat pass="5" fail="0" skip="0" id="s1" name="Tests">Tests</stat>
<stat pass="5" fail="0" skip="0" id="s1-s1" name="Random-User-Test">Tests.Random-User-Test</stat>
</suite>
</statistics>
<errors>
</errors>
</robot>
