<?xml version="1.0" encoding="UTF-8"?>
<robot generator="Robot 7.0.1 (Python 3.12.4 on linux)" generated="2024-07-07T10:14:06.329425" rpa="false" schemaversion="5">
<suite id="s1" name="Tests" source="/home/runner/work/ApiRandomUser/ApiRandomUser/RamdonUser/tests">
<suite id="s1-s1" name="Random-User-Test" source="/home/runner/work/ApiRandomUser/ApiRandomUser/RamdonUser/tests/random-user-test.robot">
<test id="s1-s1-t1" name="Conectar" line="13">
<kw name="Conectar API" owner="random-user-service">
<kw name="Create Session" owner="RequestsLibrary">
<msg time="2024-07-07T10:14:06.728386" level="INFO">Creating Session using : alias=consultarAPI, url=https://randomuser.me/, headers={},                     cookies={}, auth=None, timeout=None, proxies=None, verify=False,                     debug=0 </msg>
<arg>consultarAPI</arg>
<arg>${URL}</arg>
<doc>Create Session: create a HTTP session to a server</doc>
<status status="PASS" start="2024-07-07T10:14:06.728176" elapsed="0.000406"/>
</kw>
<status status="PASS" start="2024-07-07T10:14:06.727184" elapsed="0.001762"/>
</kw>
<status status="PASS" start="2024-07-07T10:14:06.726562" elapsed="0.002575"/>
</test>
<test id="s1-s1-t2" name="Validar retorno 200 e JSON Válido" line="16">
<kw name="Teste de Requisicao Basica" owner="random-user-service">
<kw name="GET On Session" owner="RequestsLibrary">
<msg time="2024-07-07T10:14:06.853636" level="INFO">GET Request : url=https://randomuser.me/api 
 path_url=/api 
 headers={'User-Agent': 'python-requests/2.32.3', 'Accept-Encoding': 'gzip, deflate', 'Accept': '*/*', 'Connection': 'keep-alive'} 
 body=None 
 </msg>
<msg time="2024-07-07T10:14:06.853785" level="INFO">GET Response : url=https://randomuser.me/api 
 status=200, reason=OK 
 headers={'Date': 'Sun, 07 Jul 2024 10:14:06 GMT', 'Content-Type': 'application/json; charset=utf-8', 'Transfer-Encoding': 'chunked', 'Connection': 'keep-alive', 'X-Powered-By': 'Express', 'Access-Control-Allow-Origin': '*', 'Cache-Control': 'no-cache', 'ETag': 'W/"488-6p2R/qjbCuJ2yj42bGkXTLM2ljs"', 'Vary': 'Accept-Encoding', 'Content-Encoding': 'gzip', 'CF-Cache-Status': 'DYNAMIC', 'Report-To': '{"endpoints":[{"url":"https:\\/\\/a.nel.cloudflare.com\\/report\\/v4?s=rF76c%2BMYSF0BE5NPxgR3sP8WjizjkQObHK1V%2BPLlukp5MzpmkIx1vn1ZZru6izCFupFVs2eVEKwcWj7eM8Qklvk49xQMWtD1ESKCzwGtE8a4iiEuBR5dFY6cFy6onZK5"}],"group":"cf-nel","max_age":604800}', 'NEL': '{"success_fraction":0,"report_to":"cf-nel","max_age":604800}', 'Server': 'cloudflare', 'CF-RAY': '89f710d439db2712-SJC', 'alt-svc': 'h3=":443"; ma=86400'} 
 body={"results":[{"gender":"male","name":{"title":"Mr","first":"Vognedar","last":"Semeniv"},"location":{"street":{"number":9412,"name":"Pid Goloskom"},"city":"Herson","state":"Lvivska","country":"Ukraine","postcode":90142,"coordinates":{"latitude":"77.8274","longitude":"-59.0062"},"timezone":{"offset":"+8:00","description":"Beijing, Perth, Singapore, Hong Kong"}},"email":"vognedar.semeniv@example.com","login":{"uuid":"3cdfae8e-772b-4eca-87e3-19cb104412bf","username":"tinyelephant157","password":"jewels","salt":"EEkS4WQd","md5":"31726af70f36f98b03a032e56ccae1ab","sha1":"a85085db6e97ee593d457b19f5a5eeae1f0d45fe","sha256":"a7460b008fed5259b0fe4cb426d421bca06376f09da8381b6540a179bc4768dd"},"dob":{"date":"1978-10-12T15:39:52.794Z","age":45},"registered":{"date":"2018-01-27T00:23:21.479Z","age":6},"phone":"(066) B22-0179","cell":"(099) U31-9176","id":{"name":"","value":null},"picture":{"large":"https://randomuser.me/api/portraits/men/71.jpg","medium":"https://randomuser.me/api/portraits/med/men/71.jpg","thumbnail":"https://randomuser.me/api/portraits/thumb/men/71.jpg"},"nat":"UA"}],"info":{"seed":"7a41018c2ecbe45f","results":1,"page":1,"version":"1.4"}} 
 </msg>
<msg time="2024-07-07T10:14:06.853866" level="INFO">/opt/hostedtoolcache/Python/3.12.4/x64/lib/python3.12/site-packages/urllib3/connectionpool.py:1099: InsecureRequestWarning: Unverified HTTPS request is being made to host 'randomuser.me'. Adding certificate verification is strongly advised. See: https://urllib3.readthedocs.io/en/latest/advanced-usage.html#tls-warnings
  warnings.warn(</msg>
<msg time="2024-07-07T10:14:06.854004" level="INFO">${response} = &lt;Response [200]&gt;</msg>
<var>${response}</var>
<arg>consultarAPI</arg>
<arg>/api</arg>
<doc>Sends a GET request on a previously created HTTP Session.</doc>
<status status="PASS" start="2024-07-07T10:14:06.731743" elapsed="0.122305"/>
</kw>
<kw name="Should Be Equal As Numbers" owner="BuiltIn">
<msg time="2024-07-07T10:14:06.855085" level="INFO">Argument types are:
&lt;class 'int'&gt;
&lt;class 'str'&gt;</msg>
<arg>${response.status_code}</arg>
<arg>200</arg>
<doc>Fails if objects are unequal after converting them to real numbers.</doc>
<status status="PASS" start="2024-07-07T10:14:06.854572" elapsed="0.000578"/>
</kw>
<kw name="Log" owner="BuiltIn">
<msg time="2024-07-07T10:14:06.855822" level="INFO">200</msg>
<arg>${response.status_code}</arg>
<doc>Logs the given message with the given level.</doc>
<status status="PASS" start="2024-07-07T10:14:06.855473" elapsed="0.000392"/>
</kw>
<kw name="Set Variable" owner="BuiltIn">
<msg time="2024-07-07T10:14:06.856607" level="INFO">${json_data} = {'results': [{'gender': 'male', 'name': {'title': 'Mr', 'first': 'Vognedar', 'last': 'Semeniv'}, 'location': {'street': {'number': 9412, 'name': 'Pid Goloskom'}, 'city': 'Herson', 'state': 'Lvivska', ...</msg>
<var>${json_data}</var>
<arg>${response.json()}</arg>
<doc>Returns the given values which can then be assigned to a variables.</doc>
<status status="PASS" start="2024-07-07T10:14:06.856171" elapsed="0.000464"/>
</kw>
<kw name="Dictionary Should Contain Key" owner="Collections">
<arg>${json_data}</arg>
<arg>results</arg>
<doc>Fails if ``key`` is not found from ``dictionary``.</doc>
<status status="PASS" start="2024-07-07T10:14:06.856935" elapsed="0.000167"/>
</kw>
<status status="PASS" start="2024-07-07T10:14:06.731473" elapsed="0.125787"/>
</kw>
<doc>Testa se a API responde corretamente e retorna um objeto JSON válido.</doc>
<tag>testeRequisicaoBasica</tag>
<status status="PASS" start="2024-07-07T10:14:06.731014" elapsed="0.126426"/>
</test>
<test id="s1-s1-t3" name="Validar estrutura de resposta" line="22">
<kw name="Teste de Estrutura de Resposta" owner="random-user-service">
<kw name="GET On Session" owner="RequestsLibrary">
<msg time="2024-07-07T10:14:06.951615" level="INFO">GET Request : url=https://randomuser.me/api 
 path_url=/api 
 headers={'User-Agent': 'python-requests/2.32.3', 'Accept-Encoding': 'gzip, deflate', 'Accept': '*/*', 'Connection': 'keep-alive'} 
 body=None 
 </msg>
<msg time="2024-07-07T10:14:06.951732" level="INFO">GET Response : url=https://randomuser.me/api 
 status=200, reason=OK 
 headers={'Date': 'Sun, 07 Jul 2024 10:14:06 GMT', 'Content-Type': 'application/json; charset=utf-8', 'Transfer-Encoding': 'chunked', 'Connection': 'keep-alive', 'X-Powered-By': 'Express', 'Access-Control-Allow-Origin': '*', 'Cache-Control': 'no-cache', 'ETag': 'W/"4aa-0+WdOfhyjvX96U49V4dogLXL3eA"', 'Vary': 'Accept-Encoding', 'Content-Encoding': 'gzip', 'CF-Cache-Status': 'DYNAMIC', 'Report-To': '{"endpoints":[{"url":"https:\\/\\/a.nel.cloudflare.com\\/report\\/v4?s=%2F3B4l%2BbeekLqIkuesjXD%2BCyWCh2gGD1sDz62bpNjRcm0UGJzViXTAbfA6iFtWhiWzbKQ2pqPnNTv08XGydf3qbus3q1S4%2FZQ0xE8qfib2cVuMIGvYGKhdD0F1kxjOyPe"}],"group":"cf-nel","max_age":604800}', 'NEL': '{"success_fraction":0,"report_to":"cf-nel","max_age":604800}', 'Server': 'cloudflare', 'CF-RAY': '89f710d4ea2f2712-SJC', 'alt-svc': 'h3=":443"; ma=86400'} 
 body={"results":[{"gender":"female","name":{"title":"Mrs","first":"Cassandra","last":"Graham"},"location":{"street":{"number":7020,"name":"Photinia Ave"},"city":"Australian Capital Territory","state":"Western Australia","country":"Australia","postcode":8961,"coordinates":{"latitude":"-85.5409","longitude":"72.4094"},"timezone":{"offset":"+7:00","description":"Bangkok, Hanoi, Jakarta"}},"email":"cassandra.graham@example.com","login":{"uuid":"259cba1e-d4ce-42fb-a82e-cf7c8e0771d7","username":"whiterabbit990","password":"bobbob","salt":"pX4k0RjG","md5":"719a6f205911fe512a60d5f682c7c9e0","sha1":"78a4df2da5a0e93b619a1713be0c9a0c27dc657e","sha256":"fe87641f3552e6cc210bbbeb371e87d2ad3eb11ace6608ba75a305cb7d158cf5"},"dob":{"date":"1971-09-20T13:10:31.847Z","age":52},"registered":{"date":"2017-11-30T17:38:16.405Z","age":6},"phone":"09-0440-8430","cell":"0408-751-742","id":{"name":"TFN","value":"978234678"},"picture":{"large":"https://randomuser.me/api/portraits/women/51.jpg","medium":"https://randomuser.me/api/portraits/med/women/51.jpg","thumbnail":"https://randomuser.me/api/portraits/thumb/women/51.jpg"},"nat":"AU"}],"info":{"seed":"ba316e198026a349","results":1,"page":1,"version":"1.4"}} 
 </msg>
<msg time="2024-07-07T10:14:06.951890" level="INFO">/opt/hostedtoolcache/Python/3.12.4/x64/lib/python3.12/site-packages/urllib3/connectionpool.py:1099: InsecureRequestWarning: Unverified HTTPS request is being made to host 'randomuser.me'. Adding certificate verification is strongly advised. See: https://urllib3.readthedocs.io/en/latest/advanced-usage.html#tls-warnings
  warnings.warn(</msg>
<msg time="2024-07-07T10:14:06.952021" level="INFO">${response} = &lt;Response [200]&gt;</msg>
<var>${response}</var>
<arg>consultarAPI</arg>
<arg>/api</arg>
<doc>Sends a GET request on a previously created HTTP Session.</doc>
<status status="PASS" start="2024-07-07T10:14:06.860145" elapsed="0.091919"/>
</kw>
<kw name="Set Variable" owner="BuiltIn">
<msg time="2024-07-07T10:14:06.953078" level="INFO">${json_data} = {'results': [{'gender': 'female', 'name': {'title': 'Mrs', 'first': 'Cassandra', 'last': 'Graham'}, 'location': {'street': {'number': 7020, 'name': 'Photinia Ave'}, 'city': 'Australian Capital Territo...</msg>
<var>${json_data}</var>
<arg>${response.json()}</arg>
<doc>Returns the given values which can then be assigned to a variables.</doc>
<status status="PASS" start="2024-07-07T10:14:06.952566" elapsed="0.000541"/>
</kw>
<kw name="Log" owner="BuiltIn">
<msg time="2024-07-07T10:14:06.953572" level="INFO">{'results': [{'gender': 'female', 'name': {'title': 'Mrs', 'first': 'Cassandra', 'last': 'Graham'}, 'location': {'street': {'number': 7020, 'name': 'Photinia Ave'}, 'city': 'Australian Capital Territory', 'state': 'Western Australia', 'country': 'Australia', 'postcode': 8961, 'coordinates': {'latitude': '-85.5409', 'longitude': '72.4094'}, 'timezone': {'offset': '+7:00', 'description': 'Bangkok, Hanoi, Jakarta'}}, 'email': 'cassandra.graham@example.com', 'login': {'uuid': '259cba1e-d4ce-42fb-a82e-cf7c8e0771d7', 'username': 'whiterabbit990', 'password': 'bobbob', 'salt': 'pX4k0RjG', 'md5': '719a6f205911fe512a60d5f682c7c9e0', 'sha1': '78a4df2da5a0e93b619a1713be0c9a0c27dc657e', 'sha256': 'fe87641f3552e6cc210bbbeb371e87d2ad3eb11ace6608ba75a305cb7d158cf5'}, 'dob': {'date': '1971-09-20T13:10:31.847Z', 'age': 52}, 'registered': {'date': '2017-11-30T17:38:16.405Z', 'age': 6}, 'phone': '09-0440-8430', 'cell': '0408-751-742', 'id': {'name': 'TFN', 'value': '978234678'}, 'picture': {'large': 'https://randomuser.me/api/portraits/women/51.jpg', 'medium': 'https://randomuser.me/api/portraits/med/women/51.jpg', 'thumbnail': 'https://randomuser.me/api/portraits/thumb/women/51.jpg'}, 'nat': 'AU'}], 'info': {'seed': 'ba316e198026a349', 'results': 1, 'page': 1, 'version': '1.4'}}</msg>
<arg>${json_data}</arg>
<doc>Logs the given message with the given level.</doc>
<status status="PASS" start="2024-07-07T10:14:06.953413" elapsed="0.000210"/>
</kw>
<kw name="Dictionary Should Contain Key" owner="Collections">
<arg>${json_data}</arg>
<arg>results</arg>
<doc>Fails if ``key`` is not found from ``dictionary``.</doc>
<status status="PASS" start="2024-07-07T10:14:06.953913" elapsed="0.000163"/>
</kw>
<kw name="Should Not Be Empty" owner="BuiltIn">
<msg time="2024-07-07T10:14:06.954396" level="INFO">Length is 2.</msg>
<arg>${json_data}</arg>
<doc>Verifies that the given item is not empty.</doc>
<status status="PASS" start="2024-07-07T10:14:06.954261" elapsed="0.000174"/>
</kw>
<kw name="Create List" owner="BuiltIn">
<msg time="2024-07-07T10:14:06.954915" level="INFO">${expected_keys} = ['gender', 'name', 'location', 'email', 'login']</msg>
<var>${expected_keys}</var>
<arg>gender</arg>
<arg>name</arg>
<arg>location</arg>
<arg>email</arg>
<arg>login</arg>
<doc>Returns a list containing given items.</doc>
<status status="PASS" start="2024-07-07T10:14:06.954729" elapsed="0.000215"/>
</kw>
<for flavor="IN">
<iter>
<kw name="Dictionary Should Contain Key" owner="Collections">
<arg>${json_data['results'][0]}</arg>
<arg>${key}</arg>
<doc>Fails if ``key`` is not found from ``dictionary``.</doc>
<status status="PASS" start="2024-07-07T10:14:06.955699" elapsed="0.000396"/>
</kw>
<kw name="Log" owner="BuiltIn">
<msg time="2024-07-07T10:14:06.956653" level="INFO">{'gender': 'female', 'name': {'title': 'Mrs', 'first': 'Cassandra', 'last': 'Graham'}, 'location': {'street': {'number': 7020, 'name': 'Photinia Ave'}, 'city': 'Australian Capital Territory', 'state': 'Western Australia', 'country': 'Australia', 'postcode': 8961, 'coordinates': {'latitude': '-85.5409', 'longitude': '72.4094'}, 'timezone': {'offset': '+7:00', 'description': 'Bangkok, Hanoi, Jakarta'}}, 'email': 'cassandra.graham@example.com', 'login': {'uuid': '259cba1e-d4ce-42fb-a82e-cf7c8e0771d7', 'username': 'whiterabbit990', 'password': 'bobbob', 'salt': 'pX4k0RjG', 'md5': '719a6f205911fe512a60d5f682c7c9e0', 'sha1': '78a4df2da5a0e93b619a1713be0c9a0c27dc657e', 'sha256': 'fe87641f3552e6cc210bbbeb371e87d2ad3eb11ace6608ba75a305cb7d158cf5'}, 'dob': {'date': '1971-09-20T13:10:31.847Z', 'age': 52}, 'registered': {'date': '2017-11-30T17:38:16.405Z', 'age': 6}, 'phone': '09-0440-8430', 'cell': '0408-751-742', 'id': {'name': 'TFN', 'value': '978234678'}, 'picture': {'large': 'https://randomuser.me/api/portraits/women/51.jpg', 'medium': 'https://randomuser.me/api/portraits/med/women/51.jpg', 'thumbnail': 'https://randomuser.me/api/portraits/thumb/women/51.jpg'}, 'nat': 'AU'}</msg>
<arg>${json_data['results'][0]}</arg>
<doc>Logs the given message with the given level.</doc>
<status status="PASS" start="2024-07-07T10:14:06.956287" elapsed="0.000416"/>
</kw>
<kw name="Log" owner="BuiltIn">
<msg time="2024-07-07T10:14:06.957129" level="INFO">gender</msg>
<arg>${key}</arg>
<doc>Logs the given message with the given level.</doc>
<status status="PASS" start="2024-07-07T10:14:06.957000" elapsed="0.000167"/>
</kw>
<var name="${key}">gender</var>
<status status="PASS" start="2024-07-07T10:14:06.955575" elapsed="0.001809"/>
</iter>
<iter>
<kw name="Dictionary Should Contain Key" owner="Collections">
<arg>${json_data['results'][0]}</arg>
<arg>${key}</arg>
<doc>Fails if ``key`` is not found from ``dictionary``.</doc>
<status status="PASS" start="2024-07-07T10:14:06.957684" elapsed="0.000389"/>
</kw>
<kw name="Log" owner="BuiltIn">
<msg time="2024-07-07T10:14:06.958649" level="INFO">{'gender': 'female', 'name': {'title': 'Mrs', 'first': 'Cassandra', 'last': 'Graham'}, 'location': {'street': {'number': 7020, 'name': 'Photinia Ave'}, 'city': 'Australian Capital Territory', 'state': 'Western Australia', 'country': 'Australia', 'postcode': 8961, 'coordinates': {'latitude': '-85.5409', 'longitude': '72.4094'}, 'timezone': {'offset': '+7:00', 'description': 'Bangkok, Hanoi, Jakarta'}}, 'email': 'cassandra.graham@example.com', 'login': {'uuid': '259cba1e-d4ce-42fb-a82e-cf7c8e0771d7', 'username': 'whiterabbit990', 'password': 'bobbob', 'salt': 'pX4k0RjG', 'md5': '719a6f205911fe512a60d5f682c7c9e0', 'sha1': '78a4df2da5a0e93b619a1713be0c9a0c27dc657e', 'sha256': 'fe87641f3552e6cc210bbbeb371e87d2ad3eb11ace6608ba75a305cb7d158cf5'}, 'dob': {'date': '1971-09-20T13:10:31.847Z', 'age': 52}, 'registered': {'date': '2017-11-30T17:38:16.405Z', 'age': 6}, 'phone': '09-0440-8430', 'cell': '0408-751-742', 'id': {'name': 'TFN', 'value': '978234678'}, 'picture': {'large': 'https://randomuser.me/api/portraits/women/51.jpg', 'medium': 'https://randomuser.me/api/portraits/med/women/51.jpg', 'thumbnail': 'https://randomuser.me/api/portraits/thumb/women/51.jpg'}, 'nat': 'AU'}</msg>
<arg>${json_data['results'][0]}</arg>
<doc>Logs the given message with the given level.</doc>
<status status="PASS" start="2024-07-07T10:14:06.958291" elapsed="0.000408"/>
</kw>
<kw name="Log" owner="BuiltIn">
<msg time="2024-07-07T10:14:06.959178" level="INFO">name</msg>
<arg>${key}</arg>
<doc>Logs the given message with the given level.</doc>
<status status="PASS" start="2024-07-07T10:14:06.959023" elapsed="0.000202"/>
</kw>
<var name="${key}">name</var>
<status status="PASS" start="2024-07-07T10:14:06.957567" elapsed="0.001905"/>
</iter>
<iter>
<kw name="Dictionary Should Contain Key" owner="Collections">
<arg>${json_data['results'][0]}</arg>
<arg>${key}</arg>
<doc>Fails if ``key`` is not found from ``dictionary``.</doc>
<status status="PASS" start="2024-07-07T10:14:06.959759" elapsed="0.000388"/>
</kw>
<kw name="Log" owner="BuiltIn">
<msg time="2024-07-07T10:14:06.960683" level="INFO">{'gender': 'female', 'name': {'title': 'Mrs', 'first': 'Cassandra', 'last': 'Graham'}, 'location': {'street': {'number': 7020, 'name': 'Photinia Ave'}, 'city': 'Australian Capital Territory', 'state': 'Western Australia', 'country': 'Australia', 'postcode': 8961, 'coordinates': {'latitude': '-85.5409', 'longitude': '72.4094'}, 'timezone': {'offset': '+7:00', 'description': 'Bangkok, Hanoi, Jakarta'}}, 'email': 'cassandra.graham@example.com', 'login': {'uuid': '259cba1e-d4ce-42fb-a82e-cf7c8e0771d7', 'username': 'whiterabbit990', 'password': 'bobbob', 'salt': 'pX4k0RjG', 'md5': '719a6f205911fe512a60d5f682c7c9e0', 'sha1': '78a4df2da5a0e93b619a1713be0c9a0c27dc657e', 'sha256': 'fe87641f3552e6cc210bbbeb371e87d2ad3eb11ace6608ba75a305cb7d158cf5'}, 'dob': {'date': '1971-09-20T13:10:31.847Z', 'age': 52}, 'registered': {'date': '2017-11-30T17:38:16.405Z', 'age': 6}, 'phone': '09-0440-8430', 'cell': '0408-751-742', 'id': {'name': 'TFN', 'value': '978234678'}, 'picture': {'large': 'https://randomuser.me/api/portraits/women/51.jpg', 'medium': 'https://randomuser.me/api/portraits/med/women/51.jpg', 'thumbnail': 'https://randomuser.me/api/portraits/thumb/women/51.jpg'}, 'nat': 'AU'}</msg>
<arg>${json_data['results'][0]}</arg>
<doc>Logs the given message with the given level.</doc>
<status status="PASS" start="2024-07-07T10:14:06.960331" elapsed="0.000401"/>
</kw>
<kw name="Log" owner="BuiltIn">
<msg time="2024-07-07T10:14:06.961159" level="INFO">location</msg>
<arg>${key}</arg>
<doc>Logs the given message with the given level.</doc>
<status status="PASS" start="2024-07-07T10:14:06.961031" elapsed="0.000165"/>
</kw>
<var name="${key}">location</var>
<status status="PASS" start="2024-07-07T10:14:06.959650" elapsed="0.001766"/>
</iter>
<iter>
<kw name="Dictionary Should Contain Key" owner="Collections">
<arg>${json_data['results'][0]}</arg>
<arg>${key}</arg>
<doc>Fails if ``key`` is not found from ``dictionary``.</doc>
<status status="PASS" start="2024-07-07T10:14:06.961699" elapsed="0.000399"/>
</kw>
<kw name="Log" owner="BuiltIn">
<msg time="2024-07-07T10:14:06.962642" level="INFO">{'gender': 'female', 'name': {'title': 'Mrs', 'first': 'Cassandra', 'last': 'Graham'}, 'location': {'street': {'number': 7020, 'name': 'Photinia Ave'}, 'city': 'Australian Capital Territory', 'state': 'Western Australia', 'country': 'Australia', 'postcode': 8961, 'coordinates': {'latitude': '-85.5409', 'longitude': '72.4094'}, 'timezone': {'offset': '+7:00', 'description': 'Bangkok, Hanoi, Jakarta'}}, 'email': 'cassandra.graham@example.com', 'login': {'uuid': '259cba1e-d4ce-42fb-a82e-cf7c8e0771d7', 'username': 'whiterabbit990', 'password': 'bobbob', 'salt': 'pX4k0RjG', 'md5': '719a6f205911fe512a60d5f682c7c9e0', 'sha1': '78a4df2da5a0e93b619a1713be0c9a0c27dc657e', 'sha256': 'fe87641f3552e6cc210bbbeb371e87d2ad3eb11ace6608ba75a305cb7d158cf5'}, 'dob': {'date': '1971-09-20T13:10:31.847Z', 'age': 52}, 'registered': {'date': '2017-11-30T17:38:16.405Z', 'age': 6}, 'phone': '09-0440-8430', 'cell': '0408-751-742', 'id': {'name': 'TFN', 'value': '978234678'}, 'picture': {'large': 'https://randomuser.me/api/portraits/women/51.jpg', 'medium': 'https://randomuser.me/api/portraits/med/women/51.jpg', 'thumbnail': 'https://randomuser.me/api/portraits/thumb/women/51.jpg'}, 'nat': 'AU'}</msg>
<arg>${json_data['results'][0]}</arg>
<doc>Logs the given message with the given level.</doc>
<status status="PASS" start="2024-07-07T10:14:06.962289" elapsed="0.000403"/>
</kw>
<kw name="Log" owner="BuiltIn">
<msg time="2024-07-07T10:14:06.963205" level="INFO">email</msg>
<arg>${key}</arg>
<doc>Logs the given message with the given level.</doc>
<status status="PASS" start="2024-07-07T10:14:06.963077" elapsed="0.000165"/>
</kw>
<var name="${key}">email</var>
<status status="PASS" start="2024-07-07T10:14:06.961591" elapsed="0.001879"/>
</iter>
<iter>
<kw name="Dictionary Should Contain Key" owner="Collections">
<arg>${json_data['results'][0]}</arg>
<arg>${key}</arg>
<doc>Fails if ``key`` is not found from ``dictionary``.</doc>
<status status="PASS" start="2024-07-07T10:14:06.963756" elapsed="0.000389"/>
</kw>
<kw name="Log" owner="BuiltIn">
<msg time="2024-07-07T10:14:06.964681" level="INFO">{'gender': 'female', 'name': {'title': 'Mrs', 'first': 'Cassandra', 'last': 'Graham'}, 'location': {'street': {'number': 7020, 'name': 'Photinia Ave'}, 'city': 'Australian Capital Territory', 'state': 'Western Australia', 'country': 'Australia', 'postcode': 8961, 'coordinates': {'latitude': '-85.5409', 'longitude': '72.4094'}, 'timezone': {'offset': '+7:00', 'description': 'Bangkok, Hanoi, Jakarta'}}, 'email': 'cassandra.graham@example.com', 'login': {'uuid': '259cba1e-d4ce-42fb-a82e-cf7c8e0771d7', 'username': 'whiterabbit990', 'password': 'bobbob', 'salt': 'pX4k0RjG', 'md5': '719a6f205911fe512a60d5f682c7c9e0', 'sha1': '78a4df2da5a0e93b619a1713be0c9a0c27dc657e', 'sha256': 'fe87641f3552e6cc210bbbeb371e87d2ad3eb11ace6608ba75a305cb7d158cf5'}, 'dob': {'date': '1971-09-20T13:10:31.847Z', 'age': 52}, 'registered': {'date': '2017-11-30T17:38:16.405Z', 'age': 6}, 'phone': '09-0440-8430', 'cell': '0408-751-742', 'id': {'name': 'TFN', 'value': '978234678'}, 'picture': {'large': 'https://randomuser.me/api/portraits/women/51.jpg', 'medium': 'https://randomuser.me/api/portraits/med/women/51.jpg', 'thumbnail': 'https://randomuser.me/api/portraits/thumb/women/51.jpg'}, 'nat': 'AU'}</msg>
<arg>${json_data['results'][0]}</arg>
<doc>Logs the given message with the given level.</doc>
<status status="PASS" start="2024-07-07T10:14:06.964331" elapsed="0.000398"/>
</kw>
<kw name="Log" owner="BuiltIn">
<msg time="2024-07-07T10:14:06.965146" level="INFO">login</msg>
<arg>${key}</arg>
<doc>Logs the given message with the given level.</doc>
<status status="PASS" start="2024-07-07T10:14:06.965020" elapsed="0.000162"/>
</kw>
<var name="${key}">login</var>
<status status="PASS" start="2024-07-07T10:14:06.963642" elapsed="0.001758"/>
</iter>
<var>${key}</var>
<value>@{expected_keys}</value>
<status status="PASS" start="2024-07-07T10:14:06.955380" elapsed="0.010167"/>
</for>
<kw name="Create List" owner="BuiltIn">
<msg time="2024-07-07T10:14:06.965878" level="INFO">${expected_keysTwo} = ['username', 'password']</msg>
<var>${expected_keysTwo}</var>
<arg>username</arg>
<arg>password</arg>
<doc>Returns a list containing given items.</doc>
<status status="PASS" start="2024-07-07T10:14:06.965742" elapsed="0.000161"/>
</kw>
<for flavor="IN">
<iter>
<kw name="Dictionary Should Contain Key" owner="Collections">
<arg>${json_data['results'][0]['login']}</arg>
<arg>${keyTwo}</arg>
<doc>Fails if ``key`` is not found from ``dictionary``.</doc>
<status status="PASS" start="2024-07-07T10:14:06.966397" elapsed="0.000384"/>
</kw>
<kw name="Dictionary Should Contain Key" owner="Collections">
<arg>${json_data['results'][0]['login']}</arg>
<arg>${keyTwo}</arg>
<doc>Fails if ``key`` is not found from ``dictionary``.</doc>
<status status="PASS" start="2024-07-07T10:14:06.966994" elapsed="0.000379"/>
</kw>
<kw name="Log" owner="BuiltIn">
<msg time="2024-07-07T10:14:06.967685" level="INFO">username</msg>
<arg>${keyTwo}</arg>
<doc>Logs the given message with the given level.</doc>
<status status="PASS" start="2024-07-07T10:14:06.967558" elapsed="0.000166"/>
</kw>
<var name="${keyTwo}">username</var>
<status status="PASS" start="2024-07-07T10:14:06.966290" elapsed="0.001651"/>
</iter>
<iter>
<kw name="Dictionary Should Contain Key" owner="Collections">
<arg>${json_data['results'][0]['login']}</arg>
<arg>${keyTwo}</arg>
<doc>Fails if ``key`` is not found from ``dictionary``.</doc>
<status status="PASS" start="2024-07-07T10:14:06.968220" elapsed="0.000378"/>
</kw>
<kw name="Dictionary Should Contain Key" owner="Collections">
<arg>${json_data['results'][0]['login']}</arg>
<arg>${keyTwo}</arg>
<doc>Fails if ``key`` is not found from ``dictionary``.</doc>
<status status="PASS" start="2024-07-07T10:14:06.968775" elapsed="0.000366"/>
</kw>
<kw name="Log" owner="BuiltIn">
<msg time="2024-07-07T10:14:06.969439" level="INFO">password</msg>
<arg>${keyTwo}</arg>
<doc>Logs the given message with the given level.</doc>
<status status="PASS" start="2024-07-07T10:14:06.969321" elapsed="0.000160"/>
</kw>
<var name="${keyTwo}">password</var>
<status status="PASS" start="2024-07-07T10:14:06.968113" elapsed="0.001589"/>
</iter>
<var>${keyTwo}</var>
<value>@{expected_keysTwo}</value>
<status status="PASS" start="2024-07-07T10:14:06.966140" elapsed="0.003681"/>
</for>
<status status="PASS" start="2024-07-07T10:14:06.859914" elapsed="0.110048"/>
</kw>
<doc>Testa a estrutura da resposta da API.</doc>
<tag>testeEstruturaResposta</tag>
<status status="PASS" start="2024-07-07T10:14:06.859324" elapsed="0.110796"/>
</test>
<test id="s1-s1-t4" name="Validar tipos de dados" line="28">
<kw name="Teste de Tipos de Dados" owner="random-user-service">
<kw name="GET On Session" owner="RequestsLibrary">
<msg time="2024-07-07T10:14:07.056412" level="INFO">GET Request : url=https://randomuser.me/api 
 path_url=/api 
 headers={'User-Agent': 'python-requests/2.32.3', 'Accept-Encoding': 'gzip, deflate', 'Accept': '*/*', 'Connection': 'keep-alive'} 
 body=None 
 </msg>
<msg time="2024-07-07T10:14:07.056523" level="INFO">GET Response : url=https://randomuser.me/api 
 status=200, reason=OK 
 headers={'Date': 'Sun, 07 Jul 2024 10:14:07 GMT', 'Content-Type': 'application/json; charset=utf-8', 'Transfer-Encoding': 'chunked', 'Connection': 'keep-alive', 'X-Powered-By': 'Express', 'Access-Control-Allow-Origin': '*', 'Cache-Control': 'no-cache', 'ETag': 'W/"49e-hvef0h3MIyWeagjKdSqSaSNI0gk"', 'Vary': 'Accept-Encoding', 'Content-Encoding': 'gzip', 'CF-Cache-Status': 'DYNAMIC', 'Report-To': '{"endpoints":[{"url":"https:\\/\\/a.nel.cloudflare.com\\/report\\/v4?s=7LIuGjvSsibNjLhIbGv%2Foprll2dJglwiLqIuLbMgG3Aa8VJBQRrl5XZTq8GUr4u6yzw8OYfO%2BzKkkEUthOpYn2JNbtIzGlZRbjG5DoN0UmJo01AOowIbG2ZfnAUGgCWh"}],"group":"cf-nel","max_age":604800}', 'NEL': '{"success_fraction":0,"report_to":"cf-nel","max_age":604800}', 'Server': 'cloudflare', 'CF-RAY': '89f710d59a852712-SJC', 'alt-svc': 'h3=":443"; ma=86400'} 
 body={"results":[{"gender":"female","name":{"title":"Mrs","first":"Kathleen","last":"Crawford"},"location":{"street":{"number":4787,"name":"Mill Road"},"city":"Ballinasloe","state":"Sligo","country":"Ireland","postcode":35998,"coordinates":{"latitude":"2.0270","longitude":"65.1978"},"timezone":{"offset":"+5:00","description":"Ekaterinburg, Islamabad, Karachi, Tashkent"}},"email":"kathleen.crawford@example.com","login":{"uuid":"829a761c-46e1-481d-8167-72b12fe9775b","username":"heavyladybug220","password":"grendel","salt":"y3eFh1Vg","md5":"c9e6d15d20dc630993df6f082a86885c","sha1":"f77607388e35d8076e59c8e77ebfee26f8e27866","sha256":"7fbbcffccc11a087c3bf9b894197eb16b615baf6674bb43b951bd8d2970cfee2"},"dob":{"date":"1985-10-01T10:47:14.430Z","age":38},"registered":{"date":"2004-06-27T17:34:28.576Z","age":20},"phone":"071-854-4371","cell":"081-269-1155","id":{"name":"PPS","value":"2944015T"},"picture":{"large":"https://randomuser.me/api/portraits/women/15.jpg","medium":"https://randomuser.me/api/portraits/med/women/15.jpg","thumbnail":"https://randomuser.me/api/portraits/thumb/women/15.jpg"},"nat":"IE"}],"info":{"seed":"79d0a05e29509e00","results":1,"page":1,"version":"1.4"}} 
 </msg>
<msg time="2024-07-07T10:14:07.056603" level="INFO">/opt/hostedtoolcache/Python/3.12.4/x64/lib/python3.12/site-packages/urllib3/connectionpool.py:1099: InsecureRequestWarning: Unverified HTTPS request is being made to host 'randomuser.me'. Adding certificate verification is strongly advised. See: https://urllib3.readthedocs.io/en/latest/advanced-usage.html#tls-warnings
  warnings.warn(</msg>
<msg time="2024-07-07T10:14:07.056750" level="INFO">${response} = &lt;Response [200]&gt;</msg>
<var>${response}</var>
<arg>consultarAPI</arg>
<arg>/api</arg>
<doc>Sends a GET request on a previously created HTTP Session.</doc>
<status status="PASS" start="2024-07-07T10:14:06.972685" elapsed="0.084113"/>
</kw>
<kw name="Set Variable" owner="BuiltIn">
<msg time="2024-07-07T10:14:07.057852" level="INFO">${json_data} = {'results': [{'gender': 'female', 'name': {'title': 'Mrs', 'first': 'Kathleen', 'last': 'Crawford'}, 'location': {'street': {'number': 4787, 'name': 'Mill Road'}, 'city': 'Ballinasloe', 'state': 'Slig...</msg>
<var>${json_data}</var>
<arg>${response.json()}</arg>
<doc>Returns the given values which can then be assigned to a variables.</doc>
<status status="PASS" start="2024-07-07T10:14:07.057338" elapsed="0.000546"/>
</kw>
<kw name="Log" owner="BuiltIn">
<msg time="2024-07-07T10:14:07.058352" level="INFO">{'results': [{'gender': 'female', 'name': {'title': 'Mrs', 'first': 'Kathleen', 'last': 'Crawford'}, 'location': {'street': {'number': 4787, 'name': 'Mill Road'}, 'city': 'Ballinasloe', 'state': 'Sligo', 'country': 'Ireland', 'postcode': 35998, 'coordinates': {'latitude': '2.0270', 'longitude': '65.1978'}, 'timezone': {'offset': '+5:00', 'description': 'Ekaterinburg, Islamabad, Karachi, Tashkent'}}, 'email': 'kathleen.crawford@example.com', 'login': {'uuid': '829a761c-46e1-481d-8167-72b12fe9775b', 'username': 'heavyladybug220', 'password': 'grendel', 'salt': 'y3eFh1Vg', 'md5': 'c9e6d15d20dc630993df6f082a86885c', 'sha1': 'f77607388e35d8076e59c8e77ebfee26f8e27866', 'sha256': '7fbbcffccc11a087c3bf9b894197eb16b615baf6674bb43b951bd8d2970cfee2'}, 'dob': {'date': '1985-10-01T10:47:14.430Z', 'age': 38}, 'registered': {'date': '2004-06-27T17:34:28.576Z', 'age': 20}, 'phone': '071-854-4371', 'cell': '081-269-1155', 'id': {'name': 'PPS', 'value': '2944015T'}, 'picture': {'large': 'https://randomuser.me/api/portraits/women/15.jpg', 'medium': 'https://randomuser.me/api/portraits/med/women/15.jpg', 'thumbnail': 'https://randomuser.me/api/portraits/thumb/women/15.jpg'}, 'nat': 'IE'}], 'info': {'seed': '79d0a05e29509e00', 'results': 1, 'page': 1, 'version': '1.4'}}</msg>
<arg>${json_data}</arg>
<doc>Logs the given message with the given level.</doc>
<status status="PASS" start="2024-07-07T10:14:07.058193" elapsed="0.000209"/>
</kw>
<kw name="Should Be String" owner="String">
<arg>${json_data['results'][0]['gender']}</arg>
<doc>Fails if the given ``item`` is not a string.</doc>
<status status="PASS" start="2024-07-07T10:14:07.058696" elapsed="0.000409"/>
</kw>
<kw name="Should Match Regexp" owner="BuiltIn">
<arg>${json_data['results'][0]['email']}</arg>
<arg>^[a-zA-Z0-9._%+-]+@[a-zA-Z0-9.-]+\.[a-zA-Z]{2,}$</arg>
<doc>Fails if ``string`` does not match ``pattern`` as a regular expression.</doc>
<status status="PASS" start="2024-07-07T10:14:07.059339" elapsed="0.000528"/>
</kw>
<kw name="Should Match Regexp" owner="BuiltIn">
<arg>${json_data['results'][0]['dob']['date']}</arg>
<arg>\\d{4}-\\d{2}-\\d{2}T\\d{2}:\\d{2}:\\d{2}\\.\\d{3}Z</arg>
<doc>Fails if ``string`` does not match ``pattern`` as a regular expression.</doc>
<status status="PASS" start="2024-07-07T10:14:07.060060" elapsed="0.000478"/>
</kw>
<kw name="Should Match Regexp" owner="BuiltIn">
<arg>${json_data['results'][0]['registered']['date']}</arg>
<arg>\\d{4}-\\d{2}-\\d{2}T\\d{2}:\\d{2}:\\d{2}\\.\\d{3}Z</arg>
<doc>Fails if ``string`` does not match ``pattern`` as a regular expression.</doc>
<status status="PASS" start="2024-07-07T10:14:07.060730" elapsed="0.000370"/>
</kw>
<kw name="Should Match Regexp" owner="BuiltIn">
<arg>${json_data['results'][0]['picture']['large']}</arg>
<arg>^https?://.*\.(?:png|jpe?g|gif|bmp)$</arg>
<doc>Fails if ``string`` does not match ``pattern`` as a regular expression.</doc>
<status status="PASS" start="2024-07-07T10:14:07.061282" elapsed="0.000452"/>
</kw>
<kw name="Should Match Regexp" owner="BuiltIn">
<arg>${json_data['results'][0]['picture']['medium']}</arg>
<arg>^https?://.*\.(?:png|jpe?g|gif|bmp)$</arg>
<doc>Fails if ``string`` does not match ``pattern`` as a regular expression.</doc>
<status status="PASS" start="2024-07-07T10:14:07.061919" elapsed="0.000349"/>
</kw>
<kw name="Should Match Regexp" owner="BuiltIn">
<arg>${json_data['results'][0]['picture']['thumbnail']}</arg>
<arg>^https?://.*\.(?:png|jpe?g|gif|bmp)$</arg>
<doc>Fails if ``string`` does not match ``pattern`` as a regular expression.</doc>
<status status="PASS" start="2024-07-07T10:14:07.062450" elapsed="0.000353"/>
</kw>
<kw name="Log" owner="BuiltIn">
<msg time="2024-07-07T10:14:07.063363" level="INFO">{'large': 'https://randomuser.me/api/portraits/women/15.jpg', 'medium': 'https://randomuser.me/api/portraits/med/women/15.jpg', 'thumbnail': 'https://randomuser.me/api/portraits/thumb/women/15.jpg'}</msg>
<arg>${json_data['results'][0]['picture']}</arg>
<doc>Logs the given message with the given level.</doc>
<status status="PASS" start="2024-07-07T10:14:07.063024" elapsed="0.000382"/>
</kw>
<status status="PASS" start="2024-07-07T10:14:06.972458" elapsed="0.091221"/>
</kw>
<kw name="Teste de Tipos de Dados - Postcode" owner="random-user-service">
<kw name="GET On Session" owner="RequestsLibrary">
<msg time="2024-07-07T10:14:07.158469" level="INFO">GET Request : url=https://randomuser.me/api 
 path_url=/api 
 headers={'User-Agent': 'python-requests/2.32.3', 'Accept-Encoding': 'gzip, deflate', 'Accept': '*/*', 'Connection': 'keep-alive'} 
 body=None 
 </msg>
<msg time="2024-07-07T10:14:07.158561" level="INFO">GET Response : url=https://randomuser.me/api 
 status=200, reason=OK 
 headers={'Date': 'Sun, 07 Jul 2024 10:14:07 GMT', 'Content-Type': 'application/json; charset=utf-8', 'Transfer-Encoding': 'chunked', 'Connection': 'keep-alive', 'X-Powered-By': 'Express', 'Access-Control-Allow-Origin': '*', 'Cache-Control': 'no-cache', 'ETag': 'W/"494-Ls3+q9Q57wICtf1zrz3ZFE9237Q"', 'Vary': 'Accept-Encoding', 'Content-Encoding': 'gzip', 'CF-Cache-Status': 'DYNAMIC', 'Report-To': '{"endpoints":[{"url":"https:\\/\\/a.nel.cloudflare.com\\/report\\/v4?s=FGLJheg0vIYlvce9wPVYiuNK170JfIPfB6mdjCyNUyiwcJ8vM53f1p5UEce3onJPJ9cmXpyJI4R%2BkgqJPTM7q66h%2BlCs2djXuhyq5lCywIS8IHg1lQ4dacR5OLbEJZgW"}],"group":"cf-nel","max_age":604800}', 'NEL': '{"success_fraction":0,"report_to":"cf-nel","max_age":604800}', 'Server': 'cloudflare', 'CF-RAY': '89f710d62af22712-SJC', 'alt-svc': 'h3=":443"; ma=86400'} 
 body={"results":[{"gender":"female","name":{"title":"Ms","first":"Melina","last":"Santos"},"location":{"street":{"number":4571,"name":"Rua Das Flores "},"city":"Crato","state":"Bahia","country":"Brazil","postcode":36723,"coordinates":{"latitude":"-73.1474","longitude":"125.3720"},"timezone":{"offset":"+5:30","description":"Bombay, Calcutta, Madras, New Delhi"}},"email":"melina.santos@example.com","login":{"uuid":"aeeb7342-48ff-449a-b34f-db1218c61048","username":"whitesnake744","password":"dillon","salt":"G78rMQnn","md5":"a4bbd39adb30bb16b9313a7c36d6ef1a","sha1":"a29cae89793a3bab5dec7c1673bd7d3829802281","sha256":"09dcf55c6aacff2b47a7286d0cfaa854439f4dba808a6ca57de10d56aecf9993"},"dob":{"date":"1950-01-09T16:23:34.738Z","age":74},"registered":{"date":"2005-04-27T14:20:31.550Z","age":19},"phone":"(57) 3002-5476","cell":"(07) 9105-6735","id":{"name":"CPF","value":"413.496.899-44"},"picture":{"large":"https://randomuser.me/api/portraits/women/8.jpg","medium":"https://randomuser.me/api/portraits/med/women/8.jpg","thumbnail":"https://randomuser.me/api/portraits/thumb/women/8.jpg"},"nat":"BR"}],"info":{"seed":"0a49368243066238","results":1,"page":1,"version":"1.4"}} 
 </msg>
<msg time="2024-07-07T10:14:07.158629" level="INFO">/opt/hostedtoolcache/Python/3.12.4/x64/lib/python3.12/site-packages/urllib3/connectionpool.py:1099: InsecureRequestWarning: Unverified HTTPS request is being made to host 'randomuser.me'. Adding certificate verification is strongly advised. See: https://urllib3.readthedocs.io/en/latest/advanced-usage.html#tls-warnings
  warnings.warn(</msg>
<msg time="2024-07-07T10:14:07.158750" level="INFO">${response} = &lt;Response [200]&gt;</msg>
<var>${response}</var>
<arg>consultarAPI</arg>
<arg>/api</arg>
<doc>Sends a GET request on a previously created HTTP Session.</doc>
<status status="PASS" start="2024-07-07T10:14:07.064140" elapsed="0.094650"/>
</kw>
<kw name="Set Variable" owner="BuiltIn">
<msg time="2024-07-07T10:14:07.159958" level="INFO">${json_data} = {'results': [{'gender': 'female', 'name': {'title': 'Ms', 'first': 'Melina', 'last': 'Santos'}, 'location': {'street': {'number': 4571, 'name': 'Rua Das Flores '}, 'city': 'Crato', 'state': 'Bahia', '...</msg>
<var>${json_data}</var>
<arg>${response.json()}</arg>
<doc>Returns the given values which can then be assigned to a variables.</doc>
<status status="PASS" start="2024-07-07T10:14:07.159401" elapsed="0.000586"/>
</kw>
<kw name="Log" owner="BuiltIn">
<msg time="2024-07-07T10:14:07.160468" level="INFO">{'results': [{'gender': 'female', 'name': {'title': 'Ms', 'first': 'Melina', 'last': 'Santos'}, 'location': {'street': {'number': 4571, 'name': 'Rua Das Flores '}, 'city': 'Crato', 'state': 'Bahia', 'country': 'Brazil', 'postcode': 36723, 'coordinates': {'latitude': '-73.1474', 'longitude': '125.3720'}, 'timezone': {'offset': '+5:30', 'description': 'Bombay, Calcutta, Madras, New Delhi'}}, 'email': 'melina.santos@example.com', 'login': {'uuid': 'aeeb7342-48ff-449a-b34f-db1218c61048', 'username': 'whitesnake744', 'password': 'dillon', 'salt': 'G78rMQnn', 'md5': 'a4bbd39adb30bb16b9313a7c36d6ef1a', 'sha1': 'a29cae89793a3bab5dec7c1673bd7d3829802281', 'sha256': '09dcf55c6aacff2b47a7286d0cfaa854439f4dba808a6ca57de10d56aecf9993'}, 'dob': {'date': '1950-01-09T16:23:34.738Z', 'age': 74}, 'registered': {'date': '2005-04-27T14:20:31.550Z', 'age': 19}, 'phone': '(57) 3002-5476', 'cell': '(07) 9105-6735', 'id': {'name': 'CPF', 'value': '413.496.899-44'}, 'picture': {'large': 'https://randomuser.me/api/portraits/women/8.jpg', 'medium': 'https://randomuser.me/api/portraits/med/women/8.jpg', 'thumbnail': 'https://randomuser.me/api/portraits/thumb/women/8.jpg'}, 'nat': 'BR'}], 'info': {'seed': '0a49368243066238', 'results': 1, 'page': 1, 'version': '1.4'}}</msg>
<arg>${json_data}</arg>
<doc>Logs the given message with the given level.</doc>
<status status="PASS" start="2024-07-07T10:14:07.160307" elapsed="0.000212"/>
</kw>
<kw name="Should Be Equal As Numbers" owner="BuiltIn">
<arg>${json_data['results'][0]['location']['postcode']}</arg>
<arg>${json_data['results'][0]['location']['postcode']}</arg>
<doc>Fails if objects are unequal after converting them to real numbers.</doc>
<status status="PASS" start="2024-07-07T10:14:07.160815" elapsed="0.000632"/>
</kw>
<kw name="Log" owner="BuiltIn">
<msg time="2024-07-07T10:14:07.162020" level="INFO">36723</msg>
<arg>${json_data['results'][0]['location']['postcode']}</arg>
<doc>Logs the given message with the given level.</doc>
<status status="PASS" start="2024-07-07T10:14:07.161679" elapsed="0.000382"/>
</kw>
<status status="PASS" start="2024-07-07T10:14:07.063909" elapsed="0.098413"/>
</kw>
<doc>Testa se os tipos de dados na resposta da API estão corretos.</doc>
<tag>testeTiposDados</tag>
<status status="PASS" start="2024-07-07T10:14:06.971898" elapsed="0.190601"/>
</test>
<test id="s1-s1-t5" name="Validar conteudo" line="35">
<kw name="Teste de Tipos de Conteudo" owner="random-user-service">
<kw name="GET On Session" owner="RequestsLibrary">
<msg time="2024-07-07T10:14:07.267166" level="INFO">GET Request : url=https://randomuser.me/api 
 path_url=/api 
 headers={'User-Agent': 'python-requests/2.32.3', 'Accept-Encoding': 'gzip, deflate', 'Accept': '*/*', 'Connection': 'keep-alive'} 
 body=None 
 </msg>
<msg time="2024-07-07T10:14:07.267281" level="INFO">GET Response : url=https://randomuser.me/api 
 status=200, reason=OK 
 headers={'Date': 'Sun, 07 Jul 2024 10:14:07 GMT', 'Content-Type': 'application/json; charset=utf-8', 'Transfer-Encoding': 'chunked', 'Connection': 'keep-alive', 'X-Powered-By': 'Express', 'Access-Control-Allow-Origin': '*', 'Cache-Control': 'no-cache', 'ETag': 'W/"4a9-sczSnw6+rBTC52/CyLjeSBiTC1w"', 'Vary': 'Accept-Encoding', 'Content-Encoding': 'gzip', 'CF-Cache-Status': 'DYNAMIC', 'Report-To': '{"endpoints":[{"url":"https:\\/\\/a.nel.cloudflare.com\\/report\\/v4?s=JUMc%2FTQQpPZB%2FrLl3T1x7suJA8skgi%2FzmXs2xt%2BJqkNFqv%2BofZyr1FInAbSMAbHDyCmW7dwlf57L30OjCUaUz6O8lY2%2B7LLI0tcTCB%2BtMBjUJx5%2BOyGzAV4UMrwDNiLL"}],"group":"cf-nel","max_age":604800}', 'NEL': '{"success_fraction":0,"report_to":"cf-nel","max_age":604800}', 'Server': 'cloudflare', 'CF-RAY': '89f710d6cb4e2712-SJC', 'alt-svc': 'h3=":443"; ma=86400'} 
 body={"results":[{"gender":"female","name":{"title":"Miss","first":"درسا","last":"کوتی"},"location":{"street":{"number":4303,"name":"میدان شهید نامجو"},"city":"زاهدان","state":"خوزستان","country":"Iran","postcode":58126,"coordinates":{"latitude":"18.4841","longitude":"19.6282"},"timezone":{"offset":"-5:00","description":"Eastern Time (US &amp; Canada), Bogota, Lima"}},"email":"drs.khwty@example.com","login":{"uuid":"5e336c75-8ced-411d-b2fb-18dd5c97bce0","username":"redbutterfly573","password":"whisper","salt":"U5YhdZ7i","md5":"1828b00446c51415035b5e7e98cab1dc","sha1":"cbb630eaea775eda5e0d10fe4e6269df4ea8b00b","sha256":"3b75436db109b1befe9e4e3c9dcdfc8696a0555cad208a47477bdbc8559ef679"},"dob":{"date":"1993-07-22T18:17:46.730Z","age":30},"registered":{"date":"2018-10-12T10:02:29.100Z","age":5},"phone":"076-47780091","cell":"0944-949-5209","id":{"name":"","value":null},"picture":{"large":"https://randomuser.me/api/portraits/women/36.jpg","medium":"https://randomuser.me/api/portraits/med/women/36.jpg","thumbnail":"https://randomuser.me/api/portraits/thumb/women/36.jpg"},"nat":"IR"}],"info":{"seed":"aa60ab846673a64c","results":1,"page":1,"version":"1.4"}} 
 </msg>
<msg time="2024-07-07T10:14:07.267387" level="INFO">/opt/hostedtoolcache/Python/3.12.4/x64/lib/python3.12/site-packages/urllib3/connectionpool.py:1099: InsecureRequestWarning: Unverified HTTPS request is being made to host 'randomuser.me'. Adding certificate verification is strongly advised. See: https://urllib3.readthedocs.io/en/latest/advanced-usage.html#tls-warnings
  warnings.warn(</msg>
<msg time="2024-07-07T10:14:07.267520" level="INFO">${response} = &lt;Response [200]&gt;</msg>
<var>${response}</var>
<arg>consultarAPI</arg>
<arg>/api</arg>
<doc>Sends a GET request on a previously created HTTP Session.</doc>
<status status="PASS" start="2024-07-07T10:14:07.165302" elapsed="0.102258"/>
</kw>
<kw name="Set Variable" owner="BuiltIn">
<msg time="2024-07-07T10:14:07.268743" level="INFO">${json_data} = {'results': [{'gender': 'female', 'name': {'title': 'Miss', 'first': 'درسا', 'last': 'کوتی'}, 'location': {'street': {'number': 4303, 'name': 'میدان شهید نامجو'}, 'city': 'زاهدان', 'state': 'خوزستان',...</msg>
<var>${json_data}</var>
<arg>${response.json()}</arg>
<doc>Returns the given values which can then be assigned to a variables.</doc>
<status status="PASS" start="2024-07-07T10:14:07.268176" elapsed="0.000599"/>
</kw>
<kw name="Set Variable" owner="BuiltIn">
<msg time="2024-07-07T10:14:07.269481" level="INFO">${name_title} = Miss</msg>
<var>${name_title}</var>
<arg>${json_data["results"][0]["name"]["title"]}</arg>
<doc>Returns the given values which can then be assigned to a variables.</doc>
<status status="PASS" start="2024-07-07T10:14:07.269094" elapsed="0.000413"/>
</kw>
<kw name="Create List" owner="BuiltIn">
<msg time="2024-07-07T10:14:07.269957" level="INFO">${allowed_titles} = ['Mr', 'Ms', 'Miss', 'Mrs', 'Madame', 'Monsieur']</msg>
<var>${allowed_titles}</var>
<arg>Mr</arg>
<arg>Ms</arg>
<arg>Miss</arg>
<arg>Mrs</arg>
<arg>Madame</arg>
<arg>Monsieur</arg>
<doc>Returns a list containing given items.</doc>
<status status="PASS" start="2024-07-07T10:14:07.269805" elapsed="0.000177"/>
</kw>
<kw name="List Should Contain Value" owner="Collections">
<arg>${allowed_titles}</arg>
<arg>${name_title}</arg>
<doc>Fails if the ``value`` is not found from ``list``.</doc>
<status status="PASS" start="2024-07-07T10:14:07.270284" elapsed="0.000177"/>
</kw>
<kw name="Set Variable" owner="BuiltIn">
<msg time="2024-07-07T10:14:07.271042" level="INFO">${name_country} = IR</msg>
<var>${name_country}</var>
<arg>${json_data["results"][0]["nat"]}</arg>
<doc>Returns the given values which can then be assigned to a variables.</doc>
<status status="PASS" start="2024-07-07T10:14:07.270639" elapsed="0.000429"/>
</kw>
<kw name="Create List" owner="BuiltIn">
<msg time="2024-07-07T10:14:07.271969" level="INFO">${list_country} = ['AD', 'AE', 'AF', 'AG', 'AI', 'AL', 'AM', 'AO', 'AQ', 'AR', 'AS', 'AT', 'AU', 'AW', 'AX', 'AZ', 'BA', 'BB', 'BD', 'BE', 'BF', 'BG', 'BH', 'BI', 'BJ', 'BL', 'BM', 'BN', 'BO', 'BQ', 'BR', 'BS', 'BT', '...</msg>
<var>${list_country}</var>
<arg>AD</arg>
<arg>AE</arg>
<arg>AF</arg>
<arg>AG</arg>
<arg>AI</arg>
<arg>AL</arg>
<arg>AM</arg>
<arg>AO</arg>
<arg>AQ</arg>
<arg>AR</arg>
<arg>AS</arg>
<arg>AT</arg>
<arg>AU</arg>
<arg>AW</arg>
<arg>AX</arg>
<arg>AZ</arg>
<arg>BA</arg>
<arg>BB</arg>
<arg>BD</arg>
<arg>BE</arg>
<arg>BF</arg>
<arg>BG</arg>
<arg>BH</arg>
<arg>BI</arg>
<arg>BJ</arg>
<arg>BL</arg>
<arg>BM</arg>
<arg>BN</arg>
<arg>BO</arg>
<arg>BQ</arg>
<arg>BR</arg>
<arg>BS</arg>
<arg>BT</arg>
<arg>BV</arg>
<arg>BW</arg>
<arg>BY</arg>
<arg>BZ</arg>
<arg>CA</arg>
<arg>CC</arg>
<arg>CD</arg>
<arg>CF</arg>
<arg>CG</arg>
<arg>CH</arg>
<arg>CI</arg>
<arg>CK</arg>
<arg>CL</arg>
<arg>CM</arg>
<arg>CN</arg>
<arg>CO</arg>
<arg>CR</arg>
<arg>CU</arg>
<arg>CV</arg>
<arg>CW</arg>
<arg>CX</arg>
<arg>CY</arg>
<arg>CZ</arg>
<arg>DE</arg>
<arg>DJ</arg>
<arg>DK</arg>
<arg>DM</arg>
<arg>DO</arg>
<arg>DZ</arg>
<arg>EC</arg>
<arg>EE</arg>
<arg>EG</arg>
<arg>EH</arg>
<arg>ER</arg>
<arg>ES</arg>
<arg>ET</arg>
<arg>FI</arg>
<arg>FJ</arg>
<arg>FK</arg>
<arg>FM</arg>
<arg>FO</arg>
<arg>FR</arg>
<arg>GA</arg>
<arg>GB</arg>
<arg>GD</arg>
<arg>GE</arg>
<arg>GF</arg>
<arg>GG</arg>
<arg>GH</arg>
<arg>GI</arg>
<arg>GL</arg>
<arg>GM</arg>
<arg>GN</arg>
<arg>GP</arg>
<arg>GQ</arg>
<arg>GR</arg>
<arg>GS</arg>
<arg>GT</arg>
<arg>GU</arg>
<arg>GW</arg>
<arg>GY</arg>
<arg>HK</arg>
<arg>HM</arg>
<arg>HN</arg>
<arg>HR</arg>
<arg>HT</arg>
<arg>HU</arg>
<arg>ID</arg>
<arg>IE</arg>
<arg>IL</arg>
<arg>IM</arg>
<arg>IN</arg>
<arg>IO</arg>
<arg>IQ</arg>
<arg>IR</arg>
<arg>IS</arg>
<arg>IT</arg>
<arg>JE</arg>
<arg>JM</arg>
<arg>JO</arg>
<arg>JP</arg>
<arg>KE</arg>
<arg>KG</arg>
<arg>KH</arg>
<arg>KI</arg>
<arg>KM</arg>
<arg>KN</arg>
<arg>KP</arg>
<arg>KR</arg>
<arg>KW</arg>
<arg>KY</arg>
<arg>KZ</arg>
<arg>LA</arg>
<arg>LB</arg>
<arg>LC</arg>
<arg>LI</arg>
<arg>LK</arg>
<arg>LR</arg>
<arg>LS</arg>
<arg>LT</arg>
<arg>LU</arg>
<arg>LV</arg>
<arg>LY</arg>
<arg>MA</arg>
<arg>MC</arg>
<arg>MD</arg>
<arg>ME</arg>
<arg>MF</arg>
<arg>MG</arg>
<arg>MH</arg>
<arg>MK</arg>
<arg>ML</arg>
<arg>MM</arg>
<arg>MN</arg>
<arg>MO</arg>
<arg>MP</arg>
<arg>MQ</arg>
<arg>MR</arg>
<arg>MS</arg>
<arg>MT</arg>
<arg>MU</arg>
<arg>MV</arg>
<arg>MW</arg>
<arg>MX</arg>
<arg>MY</arg>
<arg>MZ</arg>
<arg>NA</arg>
<arg>NC</arg>
<arg>NE</arg>
<arg>NF</arg>
<arg>NG</arg>
<arg>NI</arg>
<arg>NL</arg>
<arg>NO</arg>
<arg>NP</arg>
<arg>NR</arg>
<arg>NU</arg>
<arg>NZ</arg>
<arg>OM</arg>
<arg>PA</arg>
<arg>PE</arg>
<arg>PF</arg>
<arg>PG</arg>
<arg>PH</arg>
<arg>PK</arg>
<arg>PL</arg>
<arg>PM</arg>
<arg>PN</arg>
<arg>PR</arg>
<arg>PS</arg>
<arg>PT</arg>
<arg>PW</arg>
<arg>PY</arg>
<arg>QA</arg>
<arg>RE</arg>
<arg>RO</arg>
<arg>RS</arg>
<arg>RU</arg>
<arg>RW</arg>
<arg>SA</arg>
<arg>SB</arg>
<arg>SC</arg>
<arg>SD</arg>
<arg>SE</arg>
<arg>SG</arg>
<arg>SH</arg>
<arg>SI</arg>
<arg>SJ</arg>
<arg>SK</arg>
<arg>SL</arg>
<arg>SM</arg>
<arg>SN</arg>
<arg>SO</arg>
<arg>SR</arg>
<arg>SS</arg>
<arg>ST</arg>
<arg>SV</arg>
<arg>SX</arg>
<arg>SY</arg>
<arg>SZ</arg>
<arg>TC</arg>
<arg>TD</arg>
<arg>TF</arg>
<arg>TG</arg>
<arg>TH</arg>
<arg>TJ</arg>
<arg>TK</arg>
<arg>TL</arg>
<arg>TM</arg>
<arg>TN</arg>
<arg>TO</arg>
<arg>TR</arg>
<arg>TT</arg>
<arg>TV</arg>
<arg>TW</arg>
<arg>TZ</arg>
<arg>UA</arg>
<arg>UG</arg>
<arg>UM</arg>
<arg>US</arg>
<arg>UY</arg>
<arg>UZ</arg>
<arg>VA</arg>
<arg>VC</arg>
<arg>VE</arg>
<arg>VG</arg>
<arg>VI</arg>
<arg>VN</arg>
<arg>VU</arg>
<arg>WF</arg>
<arg>WS</arg>
<arg>XK</arg>
<arg>YE</arg>
<arg>YT</arg>
<arg>ZA</arg>
<arg>ZM</arg>
<arg>ZW</arg>
<doc>Returns a list containing given items.</doc>
<status status="PASS" start="2024-07-07T10:14:07.271372" elapsed="0.000623"/>
</kw>
<kw name="List Should Contain Value" owner="Collections">
<arg>${list_country}</arg>
<arg>${name_country}</arg>
<doc>Fails if the ``value`` is not found from ``list``.</doc>
<status status="PASS" start="2024-07-07T10:14:07.272793" elapsed="0.000203"/>
</kw>
<kw name="Run Keyword If" owner="BuiltIn">
<kw name="Should Be True" owner="BuiltIn">
<arg>${True}</arg>
<doc>Fails if the given condition is not true.</doc>
<status status="PASS" start="2024-07-07T10:14:07.273932" elapsed="0.000142"/>
</kw>
<arg>${json_data["results"][0]["location"]["coordinates"]["latitude"]} &gt;= -90 and ${json_data["results"][0]["location"]["coordinates"]["latitude"]} &lt;= 90</arg>
<arg>Should Be True</arg>
<arg>${True}</arg>
<doc>Runs the given keyword with the given arguments, if ``condition`` is true.</doc>
<status status="PASS" start="2024-07-07T10:14:07.273194" elapsed="0.001006"/>
</kw>
<kw name="Run Keyword If" owner="BuiltIn">
<kw name="Should Be True" owner="BuiltIn">
<arg>${True}</arg>
<doc>Fails if the given condition is not true.</doc>
<status status="PASS" start="2024-07-07T10:14:07.275138" elapsed="0.000141"/>
</kw>
<arg>${json_data["results"][0]["location"]["coordinates"]["longitude"]} &gt;= -180 and ${json_data["results"][0]["location"]["coordinates"]["longitude"]} &lt;= 180</arg>
<arg>Should Be True</arg>
<arg>${True}</arg>
<doc>Runs the given keyword with the given arguments, if ``condition`` is true.</doc>
<status status="PASS" start="2024-07-07T10:14:07.274381" elapsed="0.001025"/>
</kw>
<status status="PASS" start="2024-07-07T10:14:07.164913" elapsed="0.110629"/>
</kw>
<doc>Testa o conteúdo específico dos campos retornados pela API.</doc>
<tag>testeConteudo</tag>
<status status="PASS" start="2024-07-07T10:14:07.164354" elapsed="0.111347"/>
</test>
<status status="PASS" start="2024-07-07T10:14:06.389347" elapsed="0.888348"/>
</suite>
<status status="PASS" start="2024-07-07T10:14:06.374626" elapsed="0.908220"/>
</suite>
<statistics>
<total>
<stat pass="5" fail="0" skip="0">All Tests</stat>
</total>
<tag>
<stat pass="1" fail="0" skip="0">testeConteudo</stat>
<stat pass="1" fail="0" skip="0">testeEstruturaResposta</stat>
<stat pass="1" fail="0" skip="0">testeRequisicaoBasica</stat>
<stat pass="1" fail="0" skip="0">testeTiposDados</stat>
</tag>
<suite>
<stat pass="5" fail="0" skip="0" id="s1" name="Tests">Tests</stat>
<stat pass="5" fail="0" skip="0" id="s1-s1" name="Random-User-Test">Tests.Random-User-Test</stat>
</suite>
</statistics>
<errors>
</errors>
</robot>
