<?xml version="1.0" encoding="UTF-8"?>
<robot generator="Robot 7.0 (Python 3.12.3 on linux)" generated="2024-05-21T07:13:49.980401" rpa="false" schemaversion="5">
<suite id="s1" name="Tests" source="/home/runner/work/DesafioQAItauRogerioJordao/DesafioQAItauRogerioJordao/RamdonUser/tests">
<suite id="s1-s1" name="Random-User-Test" source="/home/runner/work/DesafioQAItauRogerioJordao/DesafioQAItauRogerioJordao/RamdonUser/tests/random-user-test.robot">
<test id="s1-s1-t1" name="Conectar" line="13">
<kw name="Conectar API" owner="random-user-service">
<kw name="Create Session" owner="RequestsLibrary">
<msg time="2024-05-21T07:13:50.392378" level="INFO">Creating Session using : alias=consultarAPI, url=https://randomuser.me/, headers={},                     cookies={}, auth=None, timeout=None, proxies=None, verify=False,                     debug=0 </msg>
<arg>consultarAPI</arg>
<arg>${URL}</arg>
<doc>Create Session: create a HTTP session to a server</doc>
<status status="PASS" start="2024-05-21T07:13:50.392171" elapsed="0.000403"/>
</kw>
<status status="PASS" start="2024-05-21T07:13:50.391127" elapsed="0.001817"/>
</kw>
<status status="PASS" start="2024-05-21T07:13:50.390570" elapsed="0.002567"/>
</test>
<test id="s1-s1-t2" name="Validar retorno 200 e JSON Válido" line="16">
<kw name="Teste de Requisicao Basica" owner="random-user-service">
<kw name="GET On Session" owner="RequestsLibrary">
<msg time="2024-05-21T07:13:50.510833" level="INFO">GET Request : url=https://randomuser.me/api 
 path_url=/api 
 headers={'User-Agent': 'python-requests/2.32.1', 'Accept-Encoding': 'gzip, deflate', 'Accept': '*/*', 'Connection': 'keep-alive'} 
 body=None 
 </msg>
<msg time="2024-05-21T07:13:50.510988" level="INFO">GET Response : url=https://randomuser.me/api 
 status=200, reason=OK 
 headers={'Date': 'Tue, 21 May 2024 07:13:50 GMT', 'Content-Type': 'application/json; charset=utf-8', 'Transfer-Encoding': 'chunked', 'Connection': 'keep-alive', 'X-Powered-By': 'Express', 'Access-Control-Allow-Origin': '*', 'Cache-Control': 'no-cache', 'ETag': 'W/"4ac-58g4DYcU4d8H0LSiGGnKxtwLVvU"', 'Vary': 'Accept-Encoding', 'Content-Encoding': 'gzip', 'CF-Cache-Status': 'DYNAMIC', 'Report-To': '{"endpoints":[{"url":"https:\\/\\/a.nel.cloudflare.com\\/report\\/v4?s=rtVCMb6VrF%2F%2FONAJRIC4cxPFaGeBBZj3out8ljm1AxphH2zbE%2BkegwBewHAEWRDBhRxdE8v0%2BSMWrqXUIdGPu6a50LgiwfEIG%2FLvC1erE9myOLveJ8fE7KVy%2FZaYssu4"}],"group":"cf-nel","max_age":604800}', 'NEL': '{"success_fraction":0,"report_to":"cf-nel","max_age":604800}', 'Server': 'cloudflare', 'CF-RAY': '8872c4221b8cd035-SJC', 'alt-svc': 'h3=":443"; ma=86400'} 
 body={"results":[{"gender":"female","name":{"title":"Ms","first":"Amelie","last":"Manders"},"location":{"street":{"number":3289,"name":"Berkendijk"},"city":"Drouwen","state":"Noord-Holland","country":"Netherlands","postcode":"0738 ON","coordinates":{"latitude":"33.2894","longitude":"66.7188"},"timezone":{"offset":"+5:00","description":"Ekaterinburg, Islamabad, Karachi, Tashkent"}},"email":"amelie.manders@example.com","login":{"uuid":"07fb523a-c8f4-46d4-bead-32e77df0024e","username":"ticklishelephant241","password":"peterbil","salt":"H0qx2qT5","md5":"26bb6035d5215a62eaa15961730cdd14","sha1":"4240d2afb82a0001c0b74b7fff21ff791d7bebeb","sha256":"cc56ef2ff2a76f512575934eb08db19ace28d3c980de06b19b572fe96b46cd09"},"dob":{"date":"1995-11-07T10:42:32.332Z","age":28},"registered":{"date":"2011-04-08T07:41:56.317Z","age":13},"phone":"(0227) 023073","cell":"(06) 05346677","id":{"name":"BSN","value":"50886183"},"picture":{"large":"https://randomuser.me/api/portraits/women/47.jpg","medium":"https://randomuser.me/api/portraits/med/women/47.jpg","thumbnail":"https://randomuser.me/api/portraits/thumb/women/47.jpg"},"nat":"NL"}],"info":{"seed":"78ee2aa8160e123f","results":1,"page":1,"version":"1.4"}} 
 </msg>
<msg time="2024-05-21T07:13:50.511072" level="INFO">/opt/hostedtoolcache/Python/3.12.3/x64/lib/python3.12/site-packages/urllib3/connectionpool.py:1103: InsecureRequestWarning: Unverified HTTPS request is being made to host 'randomuser.me'. Adding certificate verification is strongly advised. See: https://urllib3.readthedocs.io/en/latest/advanced-usage.html#tls-warnings
  warnings.warn(</msg>
<msg time="2024-05-21T07:13:50.511222" level="INFO">${response} = &lt;Response [200]&gt;</msg>
<var>${response}</var>
<arg>consultarAPI</arg>
<arg>/api</arg>
<doc>Sends a GET request on a previously created HTTP Session.</doc>
<status status="PASS" start="2024-05-21T07:13:50.395699" elapsed="0.115565"/>
</kw>
<kw name="Should Be Equal As Numbers" owner="BuiltIn">
<msg time="2024-05-21T07:13:50.512332" level="INFO">Argument types are:
&lt;class 'int'&gt;
&lt;class 'str'&gt;</msg>
<arg>${response.status_code}</arg>
<arg>200</arg>
<doc>Fails if objects are unequal after converting them to real numbers.</doc>
<status status="PASS" start="2024-05-21T07:13:50.511875" elapsed="0.000523"/>
</kw>
<kw name="Log" owner="BuiltIn">
<msg time="2024-05-21T07:13:50.513063" level="INFO">200</msg>
<arg>${response.status_code}</arg>
<doc>Logs the given message with the given level.</doc>
<status status="PASS" start="2024-05-21T07:13:50.512719" elapsed="0.000386"/>
</kw>
<kw name="Set Variable" owner="BuiltIn">
<msg time="2024-05-21T07:13:50.513839" level="INFO">${json_data} = {'results': [{'gender': 'female', 'name': {'title': 'Ms', 'first': 'Amelie', 'last': 'Manders'}, 'location': {'street': {'number': 3289, 'name': 'Berkendijk'}, 'city': 'Drouwen', 'state': 'Noord-Holla...</msg>
<var>${json_data}</var>
<arg>${response.json()}</arg>
<doc>Returns the given values which can then be assigned to a variables.</doc>
<status status="PASS" start="2024-05-21T07:13:50.513408" elapsed="0.000460"/>
</kw>
<kw name="Dictionary Should Contain Key" owner="Collections">
<msg time="2024-05-21T07:13:50.514333" level="INFO">False</msg>
<arg>${json_data}</arg>
<arg>results</arg>
<doc>Fails if ``key`` is not found from ``dictionary``.</doc>
<status status="PASS" start="2024-05-21T07:13:50.514167" elapsed="0.000205"/>
</kw>
<status status="PASS" start="2024-05-21T07:13:50.395446" elapsed="0.119184"/>
</kw>
<doc>Testa se a API responde corretamente e retorna um objeto JSON válido.</doc>
<tag>testeRequisicaoBasica</tag>
<status status="PASS" start="2024-05-21T07:13:50.394988" elapsed="0.119825"/>
</test>
<test id="s1-s1-t3" name="Validar estrutura de resposta" line="22">
<kw name="Teste de Estrutura de Resposta" owner="random-user-service">
<kw name="GET On Session" owner="RequestsLibrary">
<msg time="2024-05-21T07:13:50.618152" level="INFO">GET Request : url=https://randomuser.me/api 
 path_url=/api 
 headers={'User-Agent': 'python-requests/2.32.1', 'Accept-Encoding': 'gzip, deflate', 'Accept': '*/*', 'Connection': 'keep-alive'} 
 body=None 
 </msg>
<msg time="2024-05-21T07:13:50.618265" level="INFO">GET Response : url=https://randomuser.me/api 
 status=200, reason=OK 
 headers={'Date': 'Tue, 21 May 2024 07:13:50 GMT', 'Content-Type': 'application/json; charset=utf-8', 'Transfer-Encoding': 'chunked', 'Connection': 'keep-alive', 'X-Powered-By': 'Express', 'Access-Control-Allow-Origin': '*', 'Cache-Control': 'no-cache', 'ETag': 'W/"49d-JFt4cF8Y3Y3YzUkZUrXL85Swgo8"', 'Vary': 'Accept-Encoding', 'Content-Encoding': 'gzip', 'CF-Cache-Status': 'DYNAMIC', 'Report-To': '{"endpoints":[{"url":"https:\\/\\/a.nel.cloudflare.com\\/report\\/v4?s=pCBj1SLv4MbXWRbUtT%2FXbrJ0c6%2FDazAoRDCss%2FUu5ZnkUixMvyFLyOkx8OY%2Bq%2FTg2OYySJ3070yE7d0lMhX%2F463QGPLPz3bjTeEKN%2BUDX8QXN5g5e7GYd3Is9auNuSFn"}],"group":"cf-nel","max_age":604800}', 'NEL': '{"success_fraction":0,"report_to":"cf-nel","max_age":604800}', 'Server': 'cloudflare', 'CF-RAY': '8872c422cbf1d035-SJC', 'alt-svc': 'h3=":443"; ma=86400'} 
 body={"results":[{"gender":"male","name":{"title":"Mr","first":"Osmomisl","last":"Hristich"},"location":{"street":{"number":1557,"name":"Provulok Amurskiy"},"city":"Rzhishchiv","state":"Zhitomirska","country":"Ukraine","postcode":18439,"coordinates":{"latitude":"73.5001","longitude":"-3.0549"},"timezone":{"offset":"0:00","description":"Western Europe Time, London, Lisbon, Casablanca"}},"email":"osmomisl.hristich@example.com","login":{"uuid":"ae720b31-f89d-400b-9566-c2b988efe09d","username":"happykoala792","password":"eddie","salt":"0HJZbcUd","md5":"e967afec23a0b2110e03c4332308a975","sha1":"cd4e166fd8b25a1756418e02bd5fda8cf1c0cfc4","sha256":"03203b96aa9e31a5e1c4b68697d4f963be09de9cb7c5585e4897156d7592bdc6"},"dob":{"date":"1954-04-01T21:01:55.023Z","age":70},"registered":{"date":"2017-04-12T22:08:02.514Z","age":7},"phone":"(096) O89-8068","cell":"(067) F89-6195","id":{"name":"","value":null},"picture":{"large":"https://randomuser.me/api/portraits/men/59.jpg","medium":"https://randomuser.me/api/portraits/med/men/59.jpg","thumbnail":"https://randomuser.me/api/portraits/thumb/men/59.jpg"},"nat":"UA"}],"info":{"seed":"dc6cd9123973793b","results":1,"page":1,"version":"1.4"}} 
 </msg>
<msg time="2024-05-21T07:13:50.618403" level="INFO">/opt/hostedtoolcache/Python/3.12.3/x64/lib/python3.12/site-packages/urllib3/connectionpool.py:1103: InsecureRequestWarning: Unverified HTTPS request is being made to host 'randomuser.me'. Adding certificate verification is strongly advised. See: https://urllib3.readthedocs.io/en/latest/advanced-usage.html#tls-warnings
  warnings.warn(</msg>
<msg time="2024-05-21T07:13:50.618530" level="INFO">${response} = &lt;Response [200]&gt;</msg>
<var>${response}</var>
<arg>consultarAPI</arg>
<arg>/api</arg>
<doc>Sends a GET request on a previously created HTTP Session.</doc>
<status status="PASS" start="2024-05-21T07:13:50.517424" elapsed="0.101145"/>
</kw>
<kw name="Set Variable" owner="BuiltIn">
<msg time="2024-05-21T07:13:50.619588" level="INFO">${json_data} = {'results': [{'gender': 'male', 'name': {'title': 'Mr', 'first': 'Osmomisl', 'last': 'Hristich'}, 'location': {'street': {'number': 1557, 'name': 'Provulok Amurskiy'}, 'city': 'Rzhishchiv', 'state': '...</msg>
<var>${json_data}</var>
<arg>${response.json()}</arg>
<doc>Returns the given values which can then be assigned to a variables.</doc>
<status status="PASS" start="2024-05-21T07:13:50.619072" elapsed="0.000545"/>
</kw>
<kw name="Log" owner="BuiltIn">
<msg time="2024-05-21T07:13:50.620155" level="INFO">{'results': [{'gender': 'male', 'name': {'title': 'Mr', 'first': 'Osmomisl', 'last': 'Hristich'}, 'location': {'street': {'number': 1557, 'name': 'Provulok Amurskiy'}, 'city': 'Rzhishchiv', 'state': 'Zhitomirska', 'country': 'Ukraine', 'postcode': 18439, 'coordinates': {'latitude': '73.5001', 'longitude': '-3.0549'}, 'timezone': {'offset': '0:00', 'description': 'Western Europe Time, London, Lisbon, Casablanca'}}, 'email': 'osmomisl.hristich@example.com', 'login': {'uuid': 'ae720b31-f89d-400b-9566-c2b988efe09d', 'username': 'happykoala792', 'password': 'eddie', 'salt': '0HJZbcUd', 'md5': 'e967afec23a0b2110e03c4332308a975', 'sha1': 'cd4e166fd8b25a1756418e02bd5fda8cf1c0cfc4', 'sha256': '03203b96aa9e31a5e1c4b68697d4f963be09de9cb7c5585e4897156d7592bdc6'}, 'dob': {'date': '1954-04-01T21:01:55.023Z', 'age': 70}, 'registered': {'date': '2017-04-12T22:08:02.514Z', 'age': 7}, 'phone': '(096) O89-8068', 'cell': '(067) F89-6195', 'id': {'name': '', 'value': None}, 'picture': {'large': 'https://randomuser.me/api/portraits/men/59.jpg', 'medium': 'https://randomuser.me/api/portraits/med/men/59.jpg', 'thumbnail': 'https://randomuser.me/api/portraits/thumb/men/59.jpg'}, 'nat': 'UA'}], 'info': {'seed': 'dc6cd9123973793b', 'results': 1, 'page': 1, 'version': '1.4'}}</msg>
<arg>${json_data}</arg>
<doc>Logs the given message with the given level.</doc>
<status status="PASS" start="2024-05-21T07:13:50.619990" elapsed="0.000213"/>
</kw>
<kw name="Dictionary Should Contain Key" owner="Collections">
<msg time="2024-05-21T07:13:50.620654" level="INFO">False</msg>
<arg>${json_data}</arg>
<arg>results</arg>
<doc>Fails if ``key`` is not found from ``dictionary``.</doc>
<status status="PASS" start="2024-05-21T07:13:50.620497" elapsed="0.000193"/>
</kw>
<kw name="Should Not Be Empty" owner="BuiltIn">
<msg time="2024-05-21T07:13:50.621118" level="INFO">Length is 2.</msg>
<arg>${json_data}</arg>
<doc>Verifies that the given item is not empty.</doc>
<status status="PASS" start="2024-05-21T07:13:50.620987" elapsed="0.000168"/>
</kw>
<kw name="Create List" owner="BuiltIn">
<msg time="2024-05-21T07:13:50.621753" level="INFO">${expected_keys} = ['gender', 'name', 'location', 'email', 'login']</msg>
<var>${expected_keys}</var>
<arg>gender</arg>
<arg>name</arg>
<arg>location</arg>
<arg>email</arg>
<arg>login</arg>
<doc>Returns a list containing given items.</doc>
<status status="PASS" start="2024-05-21T07:13:50.621447" elapsed="0.000331"/>
</kw>
<for flavor="IN">
<iter>
<kw name="Dictionary Should Contain Key" owner="Collections">
<msg time="2024-05-21T07:13:50.622752" level="INFO">False</msg>
<arg>${json_data['results'][0]}</arg>
<arg>${key}</arg>
<doc>Fails if ``key`` is not found from ``dictionary``.</doc>
<status status="PASS" start="2024-05-21T07:13:50.622362" elapsed="0.000427"/>
</kw>
<kw name="Log" owner="BuiltIn">
<msg time="2024-05-21T07:13:50.623443" level="INFO">{'gender': 'male', 'name': {'title': 'Mr', 'first': 'Osmomisl', 'last': 'Hristich'}, 'location': {'street': {'number': 1557, 'name': 'Provulok Amurskiy'}, 'city': 'Rzhishchiv', 'state': 'Zhitomirska', 'country': 'Ukraine', 'postcode': 18439, 'coordinates': {'latitude': '73.5001', 'longitude': '-3.0549'}, 'timezone': {'offset': '0:00', 'description': 'Western Europe Time, London, Lisbon, Casablanca'}}, 'email': 'osmomisl.hristich@example.com', 'login': {'uuid': 'ae720b31-f89d-400b-9566-c2b988efe09d', 'username': 'happykoala792', 'password': 'eddie', 'salt': '0HJZbcUd', 'md5': 'e967afec23a0b2110e03c4332308a975', 'sha1': 'cd4e166fd8b25a1756418e02bd5fda8cf1c0cfc4', 'sha256': '03203b96aa9e31a5e1c4b68697d4f963be09de9cb7c5585e4897156d7592bdc6'}, 'dob': {'date': '1954-04-01T21:01:55.023Z', 'age': 70}, 'registered': {'date': '2017-04-12T22:08:02.514Z', 'age': 7}, 'phone': '(096) O89-8068', 'cell': '(067) F89-6195', 'id': {'name': '', 'value': None}, 'picture': {'large': 'https://randomuser.me/api/portraits/men/59.jpg', 'medium': 'https://randomuser.me/api/portraits/med/men/59.jpg', 'thumbnail': 'https://randomuser.me/api/portraits/thumb/men/59.jpg'}, 'nat': 'UA'}</msg>
<arg>${json_data['results'][0]}</arg>
<doc>Logs the given message with the given level.</doc>
<status status="PASS" start="2024-05-21T07:13:50.623085" elapsed="0.000405"/>
</kw>
<kw name="Log" owner="BuiltIn">
<msg time="2024-05-21T07:13:50.623948" level="INFO">gender</msg>
<arg>${key}</arg>
<doc>Logs the given message with the given level.</doc>
<status status="PASS" start="2024-05-21T07:13:50.623815" elapsed="0.000170"/>
</kw>
<var name="${key}">gender</var>
<status status="PASS" start="2024-05-21T07:13:50.622238" elapsed="0.001961"/>
</iter>
<iter>
<kw name="Dictionary Should Contain Key" owner="Collections">
<msg time="2024-05-21T07:13:50.624885" level="INFO">False</msg>
<arg>${json_data['results'][0]}</arg>
<arg>${key}</arg>
<doc>Fails if ``key`` is not found from ``dictionary``.</doc>
<status status="PASS" start="2024-05-21T07:13:50.624500" elapsed="0.000421"/>
</kw>
<kw name="Log" owner="BuiltIn">
<msg time="2024-05-21T07:13:50.625601" level="INFO">{'gender': 'male', 'name': {'title': 'Mr', 'first': 'Osmomisl', 'last': 'Hristich'}, 'location': {'street': {'number': 1557, 'name': 'Provulok Amurskiy'}, 'city': 'Rzhishchiv', 'state': 'Zhitomirska', 'country': 'Ukraine', 'postcode': 18439, 'coordinates': {'latitude': '73.5001', 'longitude': '-3.0549'}, 'timezone': {'offset': '0:00', 'description': 'Western Europe Time, London, Lisbon, Casablanca'}}, 'email': 'osmomisl.hristich@example.com', 'login': {'uuid': 'ae720b31-f89d-400b-9566-c2b988efe09d', 'username': 'happykoala792', 'password': 'eddie', 'salt': '0HJZbcUd', 'md5': 'e967afec23a0b2110e03c4332308a975', 'sha1': 'cd4e166fd8b25a1756418e02bd5fda8cf1c0cfc4', 'sha256': '03203b96aa9e31a5e1c4b68697d4f963be09de9cb7c5585e4897156d7592bdc6'}, 'dob': {'date': '1954-04-01T21:01:55.023Z', 'age': 70}, 'registered': {'date': '2017-04-12T22:08:02.514Z', 'age': 7}, 'phone': '(096) O89-8068', 'cell': '(067) F89-6195', 'id': {'name': '', 'value': None}, 'picture': {'large': 'https://randomuser.me/api/portraits/men/59.jpg', 'medium': 'https://randomuser.me/api/portraits/med/men/59.jpg', 'thumbnail': 'https://randomuser.me/api/portraits/thumb/men/59.jpg'}, 'nat': 'UA'}</msg>
<arg>${json_data['results'][0]}</arg>
<doc>Logs the given message with the given level.</doc>
<status status="PASS" start="2024-05-21T07:13:50.625245" elapsed="0.000404"/>
</kw>
<kw name="Log" owner="BuiltIn">
<msg time="2024-05-21T07:13:50.626069" level="INFO">name</msg>
<arg>${key}</arg>
<doc>Logs the given message with the given level.</doc>
<status status="PASS" start="2024-05-21T07:13:50.625942" elapsed="0.000162"/>
</kw>
<var name="${key}">name</var>
<status status="PASS" start="2024-05-21T07:13:50.624384" elapsed="0.001933"/>
</iter>
<iter>
<kw name="Dictionary Should Contain Key" owner="Collections">
<msg time="2024-05-21T07:13:50.626983" level="INFO">False</msg>
<arg>${json_data['results'][0]}</arg>
<arg>${key}</arg>
<doc>Fails if ``key`` is not found from ``dictionary``.</doc>
<status status="PASS" start="2024-05-21T07:13:50.626603" elapsed="0.000418"/>
</kw>
<kw name="Log" owner="BuiltIn">
<msg time="2024-05-21T07:13:50.627700" level="INFO">{'gender': 'male', 'name': {'title': 'Mr', 'first': 'Osmomisl', 'last': 'Hristich'}, 'location': {'street': {'number': 1557, 'name': 'Provulok Amurskiy'}, 'city': 'Rzhishchiv', 'state': 'Zhitomirska', 'country': 'Ukraine', 'postcode': 18439, 'coordinates': {'latitude': '73.5001', 'longitude': '-3.0549'}, 'timezone': {'offset': '0:00', 'description': 'Western Europe Time, London, Lisbon, Casablanca'}}, 'email': 'osmomisl.hristich@example.com', 'login': {'uuid': 'ae720b31-f89d-400b-9566-c2b988efe09d', 'username': 'happykoala792', 'password': 'eddie', 'salt': '0HJZbcUd', 'md5': 'e967afec23a0b2110e03c4332308a975', 'sha1': 'cd4e166fd8b25a1756418e02bd5fda8cf1c0cfc4', 'sha256': '03203b96aa9e31a5e1c4b68697d4f963be09de9cb7c5585e4897156d7592bdc6'}, 'dob': {'date': '1954-04-01T21:01:55.023Z', 'age': 70}, 'registered': {'date': '2017-04-12T22:08:02.514Z', 'age': 7}, 'phone': '(096) O89-8068', 'cell': '(067) F89-6195', 'id': {'name': '', 'value': None}, 'picture': {'large': 'https://randomuser.me/api/portraits/men/59.jpg', 'medium': 'https://randomuser.me/api/portraits/med/men/59.jpg', 'thumbnail': 'https://randomuser.me/api/portraits/thumb/men/59.jpg'}, 'nat': 'UA'}</msg>
<arg>${json_data['results'][0]}</arg>
<doc>Logs the given message with the given level.</doc>
<status status="PASS" start="2024-05-21T07:13:50.627335" elapsed="0.000453"/>
</kw>
<kw name="Log" owner="BuiltIn">
<msg time="2024-05-21T07:13:50.628220" level="INFO">location</msg>
<arg>${key}</arg>
<doc>Logs the given message with the given level.</doc>
<status status="PASS" start="2024-05-21T07:13:50.628092" elapsed="0.000166"/>
</kw>
<var name="${key}">location</var>
<status status="PASS" start="2024-05-21T07:13:50.626492" elapsed="0.001982"/>
</iter>
<iter>
<kw name="Dictionary Should Contain Key" owner="Collections">
<msg time="2024-05-21T07:13:50.629138" level="INFO">False</msg>
<arg>${json_data['results'][0]}</arg>
<arg>${key}</arg>
<doc>Fails if ``key`` is not found from ``dictionary``.</doc>
<status status="PASS" start="2024-05-21T07:13:50.628759" elapsed="0.000416"/>
</kw>
<kw name="Log" owner="BuiltIn">
<msg time="2024-05-21T07:13:50.629837" level="INFO">{'gender': 'male', 'name': {'title': 'Mr', 'first': 'Osmomisl', 'last': 'Hristich'}, 'location': {'street': {'number': 1557, 'name': 'Provulok Amurskiy'}, 'city': 'Rzhishchiv', 'state': 'Zhitomirska', 'country': 'Ukraine', 'postcode': 18439, 'coordinates': {'latitude': '73.5001', 'longitude': '-3.0549'}, 'timezone': {'offset': '0:00', 'description': 'Western Europe Time, London, Lisbon, Casablanca'}}, 'email': 'osmomisl.hristich@example.com', 'login': {'uuid': 'ae720b31-f89d-400b-9566-c2b988efe09d', 'username': 'happykoala792', 'password': 'eddie', 'salt': '0HJZbcUd', 'md5': 'e967afec23a0b2110e03c4332308a975', 'sha1': 'cd4e166fd8b25a1756418e02bd5fda8cf1c0cfc4', 'sha256': '03203b96aa9e31a5e1c4b68697d4f963be09de9cb7c5585e4897156d7592bdc6'}, 'dob': {'date': '1954-04-01T21:01:55.023Z', 'age': 70}, 'registered': {'date': '2017-04-12T22:08:02.514Z', 'age': 7}, 'phone': '(096) O89-8068', 'cell': '(067) F89-6195', 'id': {'name': '', 'value': None}, 'picture': {'large': 'https://randomuser.me/api/portraits/men/59.jpg', 'medium': 'https://randomuser.me/api/portraits/med/men/59.jpg', 'thumbnail': 'https://randomuser.me/api/portraits/thumb/men/59.jpg'}, 'nat': 'UA'}</msg>
<arg>${json_data['results'][0]}</arg>
<doc>Logs the given message with the given level.</doc>
<status status="PASS" start="2024-05-21T07:13:50.629473" elapsed="0.000413"/>
</kw>
<kw name="Log" owner="BuiltIn">
<msg time="2024-05-21T07:13:50.630313" level="INFO">email</msg>
<arg>${key}</arg>
<doc>Logs the given message with the given level.</doc>
<status status="PASS" start="2024-05-21T07:13:50.630187" elapsed="0.000164"/>
</kw>
<var name="${key}">email</var>
<status status="PASS" start="2024-05-21T07:13:50.628646" elapsed="0.001921"/>
</iter>
<iter>
<kw name="Dictionary Should Contain Key" owner="Collections">
<msg time="2024-05-21T07:13:50.631231" level="INFO">False</msg>
<arg>${json_data['results'][0]}</arg>
<arg>${key}</arg>
<doc>Fails if ``key`` is not found from ``dictionary``.</doc>
<status status="PASS" start="2024-05-21T07:13:50.630851" elapsed="0.000418"/>
</kw>
<kw name="Log" owner="BuiltIn">
<msg time="2024-05-21T07:13:50.631978" level="INFO">{'gender': 'male', 'name': {'title': 'Mr', 'first': 'Osmomisl', 'last': 'Hristich'}, 'location': {'street': {'number': 1557, 'name': 'Provulok Amurskiy'}, 'city': 'Rzhishchiv', 'state': 'Zhitomirska', 'country': 'Ukraine', 'postcode': 18439, 'coordinates': {'latitude': '73.5001', 'longitude': '-3.0549'}, 'timezone': {'offset': '0:00', 'description': 'Western Europe Time, London, Lisbon, Casablanca'}}, 'email': 'osmomisl.hristich@example.com', 'login': {'uuid': 'ae720b31-f89d-400b-9566-c2b988efe09d', 'username': 'happykoala792', 'password': 'eddie', 'salt': '0HJZbcUd', 'md5': 'e967afec23a0b2110e03c4332308a975', 'sha1': 'cd4e166fd8b25a1756418e02bd5fda8cf1c0cfc4', 'sha256': '03203b96aa9e31a5e1c4b68697d4f963be09de9cb7c5585e4897156d7592bdc6'}, 'dob': {'date': '1954-04-01T21:01:55.023Z', 'age': 70}, 'registered': {'date': '2017-04-12T22:08:02.514Z', 'age': 7}, 'phone': '(096) O89-8068', 'cell': '(067) F89-6195', 'id': {'name': '', 'value': None}, 'picture': {'large': 'https://randomuser.me/api/portraits/men/59.jpg', 'medium': 'https://randomuser.me/api/portraits/med/men/59.jpg', 'thumbnail': 'https://randomuser.me/api/portraits/thumb/men/59.jpg'}, 'nat': 'UA'}</msg>
<arg>${json_data['results'][0]}</arg>
<doc>Logs the given message with the given level.</doc>
<status status="PASS" start="2024-05-21T07:13:50.631577" elapsed="0.000450"/>
</kw>
<kw name="Log" owner="BuiltIn">
<msg time="2024-05-21T07:13:50.632464" level="INFO">login</msg>
<arg>${key}</arg>
<doc>Logs the given message with the given level.</doc>
<status status="PASS" start="2024-05-21T07:13:50.632335" elapsed="0.000167"/>
</kw>
<var name="${key}">login</var>
<status status="PASS" start="2024-05-21T07:13:50.630738" elapsed="0.002006"/>
</iter>
<var>${key}</var>
<value>@{expected_keys}</value>
<status status="PASS" start="2024-05-21T07:13:50.622048" elapsed="0.010819"/>
</for>
<kw name="Create List" owner="BuiltIn">
<msg time="2024-05-21T07:13:50.633196" level="INFO">${expected_keysTwo} = ['username', 'password']</msg>
<var>${expected_keysTwo}</var>
<arg>username</arg>
<arg>password</arg>
<doc>Returns a list containing given items.</doc>
<status status="PASS" start="2024-05-21T07:13:50.633060" elapsed="0.000159"/>
</kw>
<for flavor="IN">
<iter>
<kw name="Dictionary Should Contain Key" owner="Collections">
<msg time="2024-05-21T07:13:50.634110" level="INFO">False</msg>
<arg>${json_data['results'][0]['login']}</arg>
<arg>${keyTwo}</arg>
<doc>Fails if ``key`` is not found from ``dictionary``.</doc>
<status status="PASS" start="2024-05-21T07:13:50.633719" elapsed="0.000429"/>
</kw>
<kw name="Dictionary Should Contain Key" owner="Collections">
<msg time="2024-05-21T07:13:50.634816" level="INFO">False</msg>
<arg>${json_data['results'][0]['login']}</arg>
<arg>${keyTwo}</arg>
<doc>Fails if ``key`` is not found from ``dictionary``.</doc>
<status status="PASS" start="2024-05-21T07:13:50.634444" elapsed="0.000409"/>
</kw>
<kw name="Log" owner="BuiltIn">
<msg time="2024-05-21T07:13:50.635270" level="INFO">username</msg>
<arg>${keyTwo}</arg>
<doc>Logs the given message with the given level.</doc>
<status status="PASS" start="2024-05-21T07:13:50.635143" elapsed="0.000166"/>
</kw>
<var name="${keyTwo}">username</var>
<status status="PASS" start="2024-05-21T07:13:50.633609" elapsed="0.001915"/>
</iter>
<iter>
<kw name="Dictionary Should Contain Key" owner="Collections">
<msg time="2024-05-21T07:13:50.636286" level="INFO">False</msg>
<arg>${json_data['results'][0]['login']}</arg>
<arg>${keyTwo}</arg>
<doc>Fails if ``key`` is not found from ``dictionary``.</doc>
<status status="PASS" start="2024-05-21T07:13:50.635840" elapsed="0.000502"/>
</kw>
<kw name="Dictionary Should Contain Key" owner="Collections">
<msg time="2024-05-21T07:13:50.637192" level="INFO">False</msg>
<arg>${json_data['results'][0]['login']}</arg>
<arg>${keyTwo}</arg>
<doc>Fails if ``key`` is not found from ``dictionary``.</doc>
<status status="PASS" start="2024-05-21T07:13:50.636718" elapsed="0.000514"/>
</kw>
<kw name="Log" owner="BuiltIn">
<msg time="2024-05-21T07:13:50.637685" level="INFO">password</msg>
<arg>${keyTwo}</arg>
<doc>Logs the given message with the given level.</doc>
<status status="PASS" start="2024-05-21T07:13:50.637554" elapsed="0.000169"/>
</kw>
<var name="${keyTwo}">password</var>
<status status="PASS" start="2024-05-21T07:13:50.635694" elapsed="0.002247"/>
</iter>
<var>${keyTwo}</var>
<value>@{expected_keysTwo}</value>
<status status="PASS" start="2024-05-21T07:13:50.633458" elapsed="0.004603"/>
</for>
<status status="PASS" start="2024-05-21T07:13:50.517193" elapsed="0.121008"/>
</kw>
<doc>Testa a estrutura da resposta da API.</doc>
<tag>testeEstruturaResposta</tag>
<status status="PASS" start="2024-05-21T07:13:50.516691" elapsed="0.121662"/>
</test>
<test id="s1-s1-t4" name="Validar tipos de dados" line="28">
<kw name="Teste de Tipos de Dados" owner="random-user-service">
<kw name="GET On Session" owner="RequestsLibrary">
<msg time="2024-05-21T07:13:50.731566" level="INFO">GET Request : url=https://randomuser.me/api 
 path_url=/api 
 headers={'User-Agent': 'python-requests/2.32.1', 'Accept-Encoding': 'gzip, deflate', 'Accept': '*/*', 'Connection': 'keep-alive'} 
 body=None 
 </msg>
<msg time="2024-05-21T07:13:50.731659" level="INFO">GET Response : url=https://randomuser.me/api 
 status=200, reason=OK 
 headers={'Date': 'Tue, 21 May 2024 07:13:50 GMT', 'Content-Type': 'application/json; charset=utf-8', 'Transfer-Encoding': 'chunked', 'Connection': 'keep-alive', 'X-Powered-By': 'Express', 'Access-Control-Allow-Origin': '*', 'Cache-Control': 'no-cache', 'ETag': 'W/"47e-HzJHpJag7Mp6G8ZB4VJ46q9rAdc"', 'Vary': 'Accept-Encoding', 'Content-Encoding': 'gzip', 'CF-Cache-Status': 'DYNAMIC', 'Report-To': '{"endpoints":[{"url":"https:\\/\\/a.nel.cloudflare.com\\/report\\/v4?s=Ht9cnvQgAiwV%2B%2BJyhXQvAcypXczvyhHDf7h%2B2eAWnHQ0GKrdAikgWUTM6IooI2cMN1fAFa7xSn%2Bp3mrGW4QvPSC1XQh1Ox3teaeCIwHZRYXxo7du1ArsaUPnJUxlZ0H0"}],"group":"cf-nel","max_age":604800}', 'NEL': '{"success_fraction":0,"report_to":"cf-nel","max_age":604800}', 'Server': 'cloudflare', 'CF-RAY': '8872c4238cb2d035-SJC', 'alt-svc': 'h3=":443"; ma=86400'} 
 body={"results":[{"gender":"male","name":{"title":"Mr","first":"Justian","last":"Coomans"},"location":{"street":{"number":2275,"name":"Kwikstaarthoek"},"city":"Leuken","state":"Limburg","country":"Netherlands","postcode":"6972 XA","coordinates":{"latitude":"31.2491","longitude":"-158.3223"},"timezone":{"offset":"-2:00","description":"Mid-Atlantic"}},"email":"justian.coomans@example.com","login":{"uuid":"7153f77c-1683-436f-a626-44c09085805c","username":"blackgorilla351","password":"general","salt":"hzFoox8i","md5":"3ea715b822aeaeb25d7d3e4de13244b4","sha1":"18c6b6f0d3bf69d052b7f9b36fdde48a0d172ebb","sha256":"48ce96b818835cfcfe1bc7439883646fc81c54bcdb5da17e6f091a0e98d45a7e"},"dob":{"date":"1960-07-30T02:45:50.751Z","age":63},"registered":{"date":"2017-09-01T19:44:18.335Z","age":6},"phone":"(0014) 604697","cell":"(06) 31453467","id":{"name":"BSN","value":"72503143"},"picture":{"large":"https://randomuser.me/api/portraits/men/4.jpg","medium":"https://randomuser.me/api/portraits/med/men/4.jpg","thumbnail":"https://randomuser.me/api/portraits/thumb/men/4.jpg"},"nat":"NL"}],"info":{"seed":"e0dcb67b16099949","results":1,"page":1,"version":"1.4"}} 
 </msg>
<msg time="2024-05-21T07:13:50.731758" level="INFO">/opt/hostedtoolcache/Python/3.12.3/x64/lib/python3.12/site-packages/urllib3/connectionpool.py:1103: InsecureRequestWarning: Unverified HTTPS request is being made to host 'randomuser.me'. Adding certificate verification is strongly advised. See: https://urllib3.readthedocs.io/en/latest/advanced-usage.html#tls-warnings
  warnings.warn(</msg>
<msg time="2024-05-21T07:13:50.731889" level="INFO">${response} = &lt;Response [200]&gt;</msg>
<var>${response}</var>
<arg>consultarAPI</arg>
<arg>/api</arg>
<doc>Sends a GET request on a previously created HTTP Session.</doc>
<status status="PASS" start="2024-05-21T07:13:50.640938" elapsed="0.090992"/>
</kw>
<kw name="Set Variable" owner="BuiltIn">
<msg time="2024-05-21T07:13:50.733183" level="INFO">${json_data} = {'results': [{'gender': 'male', 'name': {'title': 'Mr', 'first': 'Justian', 'last': 'Coomans'}, 'location': {'street': {'number': 2275, 'name': 'Kwikstaarthoek'}, 'city': 'Leuken', 'state': 'Limburg',...</msg>
<var>${json_data}</var>
<arg>${response.json()}</arg>
<doc>Returns the given values which can then be assigned to a variables.</doc>
<status status="PASS" start="2024-05-21T07:13:50.732567" elapsed="0.000645"/>
</kw>
<kw name="Log" owner="BuiltIn">
<msg time="2024-05-21T07:13:50.733723" level="INFO">{'results': [{'gender': 'male', 'name': {'title': 'Mr', 'first': 'Justian', 'last': 'Coomans'}, 'location': {'street': {'number': 2275, 'name': 'Kwikstaarthoek'}, 'city': 'Leuken', 'state': 'Limburg', 'country': 'Netherlands', 'postcode': '6972 XA', 'coordinates': {'latitude': '31.2491', 'longitude': '-158.3223'}, 'timezone': {'offset': '-2:00', 'description': 'Mid-Atlantic'}}, 'email': 'justian.coomans@example.com', 'login': {'uuid': '7153f77c-1683-436f-a626-44c09085805c', 'username': 'blackgorilla351', 'password': 'general', 'salt': 'hzFoox8i', 'md5': '3ea715b822aeaeb25d7d3e4de13244b4', 'sha1': '18c6b6f0d3bf69d052b7f9b36fdde48a0d172ebb', 'sha256': '48ce96b818835cfcfe1bc7439883646fc81c54bcdb5da17e6f091a0e98d45a7e'}, 'dob': {'date': '1960-07-30T02:45:50.751Z', 'age': 63}, 'registered': {'date': '2017-09-01T19:44:18.335Z', 'age': 6}, 'phone': '(0014) 604697', 'cell': '(06) 31453467', 'id': {'name': 'BSN', 'value': '72503143'}, 'picture': {'large': 'https://randomuser.me/api/portraits/men/4.jpg', 'medium': 'https://randomuser.me/api/portraits/med/men/4.jpg', 'thumbnail': 'https://randomuser.me/api/portraits/thumb/men/4.jpg'}, 'nat': 'NL'}], 'info': {'seed': 'e0dcb67b16099949', 'results': 1, 'page': 1, 'version': '1.4'}}</msg>
<arg>${json_data}</arg>
<doc>Logs the given message with the given level.</doc>
<status status="PASS" start="2024-05-21T07:13:50.733557" elapsed="0.000254"/>
</kw>
<kw name="Should Be String" owner="String">
<arg>${json_data['results'][0]['gender']}</arg>
<doc>Fails if the given ``item`` is not a string.</doc>
<status status="PASS" start="2024-05-21T07:13:50.734129" elapsed="0.000381"/>
</kw>
<kw name="Should Match Regexp" owner="BuiltIn">
<arg>${json_data['results'][0]['email']}</arg>
<arg>^[a-zA-Z0-9._%+-]+@[a-zA-Z0-9.-]+\.[a-zA-Z]{2,}$</arg>
<doc>Fails if ``string`` does not match ``pattern`` as a regular expression.</doc>
<status status="PASS" start="2024-05-21T07:13:50.734709" elapsed="0.000526"/>
</kw>
<kw name="Should Match Regexp" owner="BuiltIn">
<arg>${json_data['results'][0]['dob']['date']}</arg>
<arg>\\d{4}-\\d{2}-\\d{2}T\\d{2}:\\d{2}:\\d{2}\\.\\d{3}Z</arg>
<doc>Fails if ``string`` does not match ``pattern`` as a regular expression.</doc>
<status status="PASS" start="2024-05-21T07:13:50.735435" elapsed="0.000551"/>
</kw>
<kw name="Should Match Regexp" owner="BuiltIn">
<arg>${json_data['results'][0]['registered']['date']}</arg>
<arg>\\d{4}-\\d{2}-\\d{2}T\\d{2}:\\d{2}:\\d{2}\\.\\d{3}Z</arg>
<doc>Fails if ``string`` does not match ``pattern`` as a regular expression.</doc>
<status status="PASS" start="2024-05-21T07:13:50.736191" elapsed="0.000377"/>
</kw>
<kw name="Should Match Regexp" owner="BuiltIn">
<arg>${json_data['results'][0]['picture']['large']}</arg>
<arg>^https?://.*\.(?:png|jpe?g|gif|bmp)$</arg>
<doc>Fails if ``string`` does not match ``pattern`` as a regular expression.</doc>
<status status="PASS" start="2024-05-21T07:13:50.736759" elapsed="0.000461"/>
</kw>
<kw name="Should Match Regexp" owner="BuiltIn">
<arg>${json_data['results'][0]['picture']['medium']}</arg>
<arg>^https?://.*\.(?:png|jpe?g|gif|bmp)$</arg>
<doc>Fails if ``string`` does not match ``pattern`` as a regular expression.</doc>
<status status="PASS" start="2024-05-21T07:13:50.737411" elapsed="0.000364"/>
</kw>
<kw name="Should Match Regexp" owner="BuiltIn">
<arg>${json_data['results'][0]['picture']['thumbnail']}</arg>
<arg>^https?://.*\.(?:png|jpe?g|gif|bmp)$</arg>
<doc>Fails if ``string`` does not match ``pattern`` as a regular expression.</doc>
<status status="PASS" start="2024-05-21T07:13:50.737964" elapsed="0.000350"/>
</kw>
<kw name="Log" owner="BuiltIn">
<msg time="2024-05-21T07:13:50.738822" level="INFO">{'large': 'https://randomuser.me/api/portraits/men/4.jpg', 'medium': 'https://randomuser.me/api/portraits/med/men/4.jpg', 'thumbnail': 'https://randomuser.me/api/portraits/thumb/men/4.jpg'}</msg>
<arg>${json_data['results'][0]['picture']}</arg>
<doc>Logs the given message with the given level.</doc>
<status status="PASS" start="2024-05-21T07:13:50.738498" elapsed="0.000369"/>
</kw>
<status status="PASS" start="2024-05-21T07:13:50.640703" elapsed="0.098428"/>
</kw>
<kw name="Teste de Tipos de Dados - Postcode" owner="random-user-service">
<kw name="GET On Session" owner="RequestsLibrary">
<msg time="2024-05-21T07:13:50.834055" level="INFO">GET Request : url=https://randomuser.me/api 
 path_url=/api 
 headers={'User-Agent': 'python-requests/2.32.1', 'Accept-Encoding': 'gzip, deflate', 'Accept': '*/*', 'Connection': 'keep-alive'} 
 body=None 
 </msg>
<msg time="2024-05-21T07:13:50.834154" level="INFO">GET Response : url=https://randomuser.me/api 
 status=200, reason=OK 
 headers={'Date': 'Tue, 21 May 2024 07:13:50 GMT', 'Content-Type': 'application/json; charset=utf-8', 'Transfer-Encoding': 'chunked', 'Connection': 'keep-alive', 'X-Powered-By': 'Express', 'Access-Control-Allow-Origin': '*', 'Cache-Control': 'no-cache', 'ETag': 'W/"4b0-Rr6mB0wM4dRuJy6wWImNbChoSNk"', 'Vary': 'Accept-Encoding', 'Content-Encoding': 'gzip', 'CF-Cache-Status': 'DYNAMIC', 'Report-To': '{"endpoints":[{"url":"https:\\/\\/a.nel.cloudflare.com\\/report\\/v4?s=4wkRrwg8ZACif9e%2B3XjwNcTf16GO32uNR6o2zdiBUjwYJnRGQLPleJrOC44DHrWX2UhValGMGFHKvvHtGEPNeVkSu5no9dW6O2coDeISc14ThCpO4vyTQBHGwgRvMEV0"}],"group":"cf-nel","max_age":604800}', 'NEL': '{"success_fraction":0,"report_to":"cf-nel","max_age":604800}', 'Server': 'cloudflare', 'CF-RAY': '8872c4242d20d035-SJC', 'alt-svc': 'h3=":443"; ma=86400'} 
 body={"results":[{"gender":"male","name":{"title":"Monsieur","first":"Niklaus","last":"Perez"},"location":{"street":{"number":8387,"name":"Avenue du Château"},"city":"Rain","state":"Appenzell Ausserrhoden","country":"Switzerland","postcode":1926,"coordinates":{"latitude":"-56.4014","longitude":"-176.9765"},"timezone":{"offset":"+11:00","description":"Magadan, Solomon Islands, New Caledonia"}},"email":"niklaus.perez@example.com","login":{"uuid":"bcfd0a04-6892-470f-a652-5f5a1146807f","username":"greencat412","password":"gerbil","salt":"BHMkBd0A","md5":"2abdaf52116741e3af57bf5048df494c","sha1":"58a383284f0ab385fb5a7f89397744a3fc221168","sha256":"b16483a2093ed668a0daa162597fc96bcd4ca655778a37878cf9f5a9567b88fd"},"dob":{"date":"2000-12-27T21:00:07.812Z","age":23},"registered":{"date":"2008-08-19T02:06:00.992Z","age":15},"phone":"075 335 04 90","cell":"077 918 55 87","id":{"name":"AVS","value":"756.4239.7950.60"},"picture":{"large":"https://randomuser.me/api/portraits/men/65.jpg","medium":"https://randomuser.me/api/portraits/med/men/65.jpg","thumbnail":"https://randomuser.me/api/portraits/thumb/men/65.jpg"},"nat":"CH"}],"info":{"seed":"4dc05cdabaf5887c","results":1,"page":1,"version":"1.4"}} 
 </msg>
<msg time="2024-05-21T07:13:50.834226" level="INFO">/opt/hostedtoolcache/Python/3.12.3/x64/lib/python3.12/site-packages/urllib3/connectionpool.py:1103: InsecureRequestWarning: Unverified HTTPS request is being made to host 'randomuser.me'. Adding certificate verification is strongly advised. See: https://urllib3.readthedocs.io/en/latest/advanced-usage.html#tls-warnings
  warnings.warn(</msg>
<msg time="2024-05-21T07:13:50.834344" level="INFO">${response} = &lt;Response [200]&gt;</msg>
<var>${response}</var>
<arg>consultarAPI</arg>
<arg>/api</arg>
<doc>Sends a GET request on a previously created HTTP Session.</doc>
<status status="PASS" start="2024-05-21T07:13:50.739620" elapsed="0.094749"/>
</kw>
<kw name="Set Variable" owner="BuiltIn">
<msg time="2024-05-21T07:13:50.835526" level="INFO">${json_data} = {'results': [{'gender': 'male', 'name': {'title': 'Monsieur', 'first': 'Niklaus', 'last': 'Perez'}, 'location': {'street': {'number': 8387, 'name': 'Avenue du Château'}, 'city': 'Rain', 'state': 'Appe...</msg>
<var>${json_data}</var>
<arg>${response.json()}</arg>
<doc>Returns the given values which can then be assigned to a variables.</doc>
<status status="PASS" start="2024-05-21T07:13:50.834992" elapsed="0.000564"/>
</kw>
<kw name="Log" owner="BuiltIn">
<msg time="2024-05-21T07:13:50.836108" level="INFO">{'results': [{'gender': 'male', 'name': {'title': 'Monsieur', 'first': 'Niklaus', 'last': 'Perez'}, 'location': {'street': {'number': 8387, 'name': 'Avenue du Château'}, 'city': 'Rain', 'state': 'Appenzell Ausserrhoden', 'country': 'Switzerland', 'postcode': 1926, 'coordinates': {'latitude': '-56.4014', 'longitude': '-176.9765'}, 'timezone': {'offset': '+11:00', 'description': 'Magadan, Solomon Islands, New Caledonia'}}, 'email': 'niklaus.perez@example.com', 'login': {'uuid': 'bcfd0a04-6892-470f-a652-5f5a1146807f', 'username': 'greencat412', 'password': 'gerbil', 'salt': 'BHMkBd0A', 'md5': '2abdaf52116741e3af57bf5048df494c', 'sha1': '58a383284f0ab385fb5a7f89397744a3fc221168', 'sha256': 'b16483a2093ed668a0daa162597fc96bcd4ca655778a37878cf9f5a9567b88fd'}, 'dob': {'date': '2000-12-27T21:00:07.812Z', 'age': 23}, 'registered': {'date': '2008-08-19T02:06:00.992Z', 'age': 15}, 'phone': '075 335 04 90', 'cell': '077 918 55 87', 'id': {'name': 'AVS', 'value': '756.4239.7950.60'}, 'picture': {'large': 'https://randomuser.me/api/portraits/men/65.jpg', 'medium': 'https://randomuser.me/api/portraits/med/men/65.jpg', 'thumbnail': 'https://randomuser.me/api/portraits/thumb/men/65.jpg'}, 'nat': 'CH'}], 'info': {'seed': '4dc05cdabaf5887c', 'results': 1, 'page': 1, 'version': '1.4'}}</msg>
<arg>${json_data}</arg>
<doc>Logs the given message with the given level.</doc>
<status status="PASS" start="2024-05-21T07:13:50.835944" elapsed="0.000247"/>
</kw>
<kw name="Should Be Equal As Numbers" owner="BuiltIn">
<arg>${json_data['results'][0]['location']['postcode']}</arg>
<arg>${json_data['results'][0]['location']['postcode']}</arg>
<doc>Fails if objects are unequal after converting them to real numbers.</doc>
<status status="PASS" start="2024-05-21T07:13:50.836497" elapsed="0.000814"/>
</kw>
<kw name="Log" owner="BuiltIn">
<msg time="2024-05-21T07:13:50.837846" level="INFO">1926</msg>
<arg>${json_data['results'][0]['location']['postcode']}</arg>
<doc>Logs the given message with the given level.</doc>
<status status="PASS" start="2024-05-21T07:13:50.837505" elapsed="0.000381"/>
</kw>
<status status="PASS" start="2024-05-21T07:13:50.739358" elapsed="0.098785"/>
</kw>
<doc>Testa se os tipos de dados na resposta da API estão corretos.</doc>
<tag>testeTiposDados</tag>
<status status="PASS" start="2024-05-21T07:13:50.640170" elapsed="0.198141"/>
</test>
<test id="s1-s1-t5" name="Validar conteudo" line="35">
<kw name="Teste de Tipos de Conteudo" owner="random-user-service">
<kw name="GET On Session" owner="RequestsLibrary">
<msg time="2024-05-21T07:13:50.942281" level="INFO">GET Request : url=https://randomuser.me/api 
 path_url=/api 
 headers={'User-Agent': 'python-requests/2.32.1', 'Accept-Encoding': 'gzip, deflate', 'Accept': '*/*', 'Connection': 'keep-alive'} 
 body=None 
 </msg>
<msg time="2024-05-21T07:13:50.942381" level="INFO">GET Response : url=https://randomuser.me/api 
 status=200, reason=OK 
 headers={'Date': 'Tue, 21 May 2024 07:13:50 GMT', 'Content-Type': 'application/json; charset=utf-8', 'Transfer-Encoding': 'chunked', 'Connection': 'keep-alive', 'X-Powered-By': 'Express', 'Access-Control-Allow-Origin': '*', 'Cache-Control': 'no-cache', 'ETag': 'W/"4ac-emBr8AWwbfOlrXD2Z8h8H6rzWxg"', 'Vary': 'Accept-Encoding', 'Content-Encoding': 'gzip', 'CF-Cache-Status': 'DYNAMIC', 'Report-To': '{"endpoints":[{"url":"https:\\/\\/a.nel.cloudflare.com\\/report\\/v4?s=6YmHXJTnd6pKvjGe0UNu26IU7W%2FSAGTd3jk%2B9RUCU%2B6YGmBkSaEIbLmrZ%2FMTztAJHGptCLKu5J5y2xzK7ymbEkzUjVxdilmkm5P0lYq%2FWMpQbafmQ7qZwl7KOmBGD%2BAD"}],"group":"cf-nel","max_age":604800}', 'NEL': '{"success_fraction":0,"report_to":"cf-nel","max_age":604800}', 'Server': 'cloudflare', 'CF-RAY': '8872c424cd8ed035-SJC', 'alt-svc': 'h3=":443"; ma=86400'} 
 body={"results":[{"gender":"male","name":{"title":"Mr","first":"Gonzalo","last":"Guzmán"},"location":{"street":{"number":2827,"name":"Ampliación Sur Zapata"},"city":"San Juan Atenco","state":"Michoacan","country":"Mexico","postcode":46122,"coordinates":{"latitude":"27.6593","longitude":"-171.2961"},"timezone":{"offset":"-6:00","description":"Central Time (US &amp; Canada), Mexico City"}},"email":"gonzalo.guzman@example.com","login":{"uuid":"56340b76-cb69-4869-944c-2ee6e082d1d3","username":"crazyrabbit266","password":"denver","salt":"VRyMFyMZ","md5":"91938f802e51c522dffc2b5644dbc548","sha1":"060874094aa6351586ad710f2ae68907662bbfe7","sha256":"2c89490a496862836b3fd16669f274829b4fade7b6f1d696f9a1dfe5c15b8f2c"},"dob":{"date":"1997-11-06T23:31:55.499Z","age":26},"registered":{"date":"2020-03-09T19:53:35.630Z","age":4},"phone":"(680) 518 1827","cell":"(694) 834 2672","id":{"name":"NSS","value":"50 00 49 4616 0"},"picture":{"large":"https://randomuser.me/api/portraits/men/43.jpg","medium":"https://randomuser.me/api/portraits/med/men/43.jpg","thumbnail":"https://randomuser.me/api/portraits/thumb/men/43.jpg"},"nat":"MX"}],"info":{"seed":"1c586fa0ce26464a","results":1,"page":1,"version":"1.4"}} 
 </msg>
<msg time="2024-05-21T07:13:50.942457" level="INFO">/opt/hostedtoolcache/Python/3.12.3/x64/lib/python3.12/site-packages/urllib3/connectionpool.py:1103: InsecureRequestWarning: Unverified HTTPS request is being made to host 'randomuser.me'. Adding certificate verification is strongly advised. See: https://urllib3.readthedocs.io/en/latest/advanced-usage.html#tls-warnings
  warnings.warn(</msg>
<msg time="2024-05-21T07:13:50.942594" level="INFO">${response} = &lt;Response [200]&gt;</msg>
<var>${response}</var>
<arg>consultarAPI</arg>
<arg>/api</arg>
<doc>Sends a GET request on a previously created HTTP Session.</doc>
<status status="PASS" start="2024-05-21T07:13:50.841110" elapsed="0.101527"/>
</kw>
<kw name="Set Variable" owner="BuiltIn">
<msg time="2024-05-21T07:13:50.943916" level="INFO">${json_data} = {'results': [{'gender': 'male', 'name': {'title': 'Mr', 'first': 'Gonzalo', 'last': 'Guzmán'}, 'location': {'street': {'number': 2827, 'name': 'Ampliación Sur Zapata'}, 'city': 'San Juan Atenco', 'sta...</msg>
<var>${json_data}</var>
<arg>${response.json()}</arg>
<doc>Returns the given values which can then be assigned to a variables.</doc>
<status status="PASS" start="2024-05-21T07:13:50.943279" elapsed="0.000668"/>
</kw>
<kw name="Set Variable" owner="BuiltIn">
<msg time="2024-05-21T07:13:50.944671" level="INFO">${name_title} = Mr</msg>
<var>${name_title}</var>
<arg>${json_data["results"][0]["name"]["title"]}</arg>
<doc>Returns the given values which can then be assigned to a variables.</doc>
<status status="PASS" start="2024-05-21T07:13:50.944277" elapsed="0.000420"/>
</kw>
<kw name="Create List" owner="BuiltIn">
<msg time="2024-05-21T07:13:50.945156" level="INFO">${allowed_titles} = ['Mr', 'Ms', 'Miss', 'Mrs', 'Madame', 'Monsieur']</msg>
<var>${allowed_titles}</var>
<arg>Mr</arg>
<arg>Ms</arg>
<arg>Miss</arg>
<arg>Mrs</arg>
<arg>Madame</arg>
<arg>Monsieur</arg>
<doc>Returns a list containing given items.</doc>
<status status="PASS" start="2024-05-21T07:13:50.945005" elapsed="0.000175"/>
</kw>
<kw name="List Should Contain Value" owner="Collections">
<msg time="2024-05-21T07:13:50.945663" level="INFO">False</msg>
<arg>${allowed_titles}</arg>
<arg>${name_title}</arg>
<doc>Fails if the ``value`` is not found from ``list``.</doc>
<status status="PASS" start="2024-05-21T07:13:50.945487" elapsed="0.000213"/>
</kw>
<kw name="Set Variable" owner="BuiltIn">
<msg time="2024-05-21T07:13:50.946373" level="INFO">${name_country} = MX</msg>
<var>${name_country}</var>
<arg>${json_data["results"][0]["nat"]}</arg>
<doc>Returns the given values which can then be assigned to a variables.</doc>
<status status="PASS" start="2024-05-21T07:13:50.945995" elapsed="0.000403"/>
</kw>
<kw name="Create List" owner="BuiltIn">
<msg time="2024-05-21T07:13:50.947300" level="INFO">${list_country} = ['AD', 'AE', 'AF', 'AG', 'AI', 'AL', 'AM', 'AO', 'AQ', 'AR', 'AS', 'AT', 'AU', 'AW', 'AX', 'AZ', 'BA', 'BB', 'BD', 'BE', 'BF', 'BG', 'BH', 'BI', 'BJ', 'BL', 'BM', 'BN', 'BO', 'BQ', 'BR', 'BS', 'BT', '...</msg>
<var>${list_country}</var>
<arg>AD</arg>
<arg>AE</arg>
<arg>AF</arg>
<arg>AG</arg>
<arg>AI</arg>
<arg>AL</arg>
<arg>AM</arg>
<arg>AO</arg>
<arg>AQ</arg>
<arg>AR</arg>
<arg>AS</arg>
<arg>AT</arg>
<arg>AU</arg>
<arg>AW</arg>
<arg>AX</arg>
<arg>AZ</arg>
<arg>BA</arg>
<arg>BB</arg>
<arg>BD</arg>
<arg>BE</arg>
<arg>BF</arg>
<arg>BG</arg>
<arg>BH</arg>
<arg>BI</arg>
<arg>BJ</arg>
<arg>BL</arg>
<arg>BM</arg>
<arg>BN</arg>
<arg>BO</arg>
<arg>BQ</arg>
<arg>BR</arg>
<arg>BS</arg>
<arg>BT</arg>
<arg>BV</arg>
<arg>BW</arg>
<arg>BY</arg>
<arg>BZ</arg>
<arg>CA</arg>
<arg>CC</arg>
<arg>CD</arg>
<arg>CF</arg>
<arg>CG</arg>
<arg>CH</arg>
<arg>CI</arg>
<arg>CK</arg>
<arg>CL</arg>
<arg>CM</arg>
<arg>CN</arg>
<arg>CO</arg>
<arg>CR</arg>
<arg>CU</arg>
<arg>CV</arg>
<arg>CW</arg>
<arg>CX</arg>
<arg>CY</arg>
<arg>CZ</arg>
<arg>DE</arg>
<arg>DJ</arg>
<arg>DK</arg>
<arg>DM</arg>
<arg>DO</arg>
<arg>DZ</arg>
<arg>EC</arg>
<arg>EE</arg>
<arg>EG</arg>
<arg>EH</arg>
<arg>ER</arg>
<arg>ES</arg>
<arg>ET</arg>
<arg>FI</arg>
<arg>FJ</arg>
<arg>FK</arg>
<arg>FM</arg>
<arg>FO</arg>
<arg>FR</arg>
<arg>GA</arg>
<arg>GB</arg>
<arg>GD</arg>
<arg>GE</arg>
<arg>GF</arg>
<arg>GG</arg>
<arg>GH</arg>
<arg>GI</arg>
<arg>GL</arg>
<arg>GM</arg>
<arg>GN</arg>
<arg>GP</arg>
<arg>GQ</arg>
<arg>GR</arg>
<arg>GS</arg>
<arg>GT</arg>
<arg>GU</arg>
<arg>GW</arg>
<arg>GY</arg>
<arg>HK</arg>
<arg>HM</arg>
<arg>HN</arg>
<arg>HR</arg>
<arg>HT</arg>
<arg>HU</arg>
<arg>ID</arg>
<arg>IE</arg>
<arg>IL</arg>
<arg>IM</arg>
<arg>IN</arg>
<arg>IO</arg>
<arg>IQ</arg>
<arg>IR</arg>
<arg>IS</arg>
<arg>IT</arg>
<arg>JE</arg>
<arg>JM</arg>
<arg>JO</arg>
<arg>JP</arg>
<arg>KE</arg>
<arg>KG</arg>
<arg>KH</arg>
<arg>KI</arg>
<arg>KM</arg>
<arg>KN</arg>
<arg>KP</arg>
<arg>KR</arg>
<arg>KW</arg>
<arg>KY</arg>
<arg>KZ</arg>
<arg>LA</arg>
<arg>LB</arg>
<arg>LC</arg>
<arg>LI</arg>
<arg>LK</arg>
<arg>LR</arg>
<arg>LS</arg>
<arg>LT</arg>
<arg>LU</arg>
<arg>LV</arg>
<arg>LY</arg>
<arg>MA</arg>
<arg>MC</arg>
<arg>MD</arg>
<arg>ME</arg>
<arg>MF</arg>
<arg>MG</arg>
<arg>MH</arg>
<arg>MK</arg>
<arg>ML</arg>
<arg>MM</arg>
<arg>MN</arg>
<arg>MO</arg>
<arg>MP</arg>
<arg>MQ</arg>
<arg>MR</arg>
<arg>MS</arg>
<arg>MT</arg>
<arg>MU</arg>
<arg>MV</arg>
<arg>MW</arg>
<arg>MX</arg>
<arg>MY</arg>
<arg>MZ</arg>
<arg>NA</arg>
<arg>NC</arg>
<arg>NE</arg>
<arg>NF</arg>
<arg>NG</arg>
<arg>NI</arg>
<arg>NL</arg>
<arg>NO</arg>
<arg>NP</arg>
<arg>NR</arg>
<arg>NU</arg>
<arg>NZ</arg>
<arg>OM</arg>
<arg>PA</arg>
<arg>PE</arg>
<arg>PF</arg>
<arg>PG</arg>
<arg>PH</arg>
<arg>PK</arg>
<arg>PL</arg>
<arg>PM</arg>
<arg>PN</arg>
<arg>PR</arg>
<arg>PS</arg>
<arg>PT</arg>
<arg>PW</arg>
<arg>PY</arg>
<arg>QA</arg>
<arg>RE</arg>
<arg>RO</arg>
<arg>RS</arg>
<arg>RU</arg>
<arg>RW</arg>
<arg>SA</arg>
<arg>SB</arg>
<arg>SC</arg>
<arg>SD</arg>
<arg>SE</arg>
<arg>SG</arg>
<arg>SH</arg>
<arg>SI</arg>
<arg>SJ</arg>
<arg>SK</arg>
<arg>SL</arg>
<arg>SM</arg>
<arg>SN</arg>
<arg>SO</arg>
<arg>SR</arg>
<arg>SS</arg>
<arg>ST</arg>
<arg>SV</arg>
<arg>SX</arg>
<arg>SY</arg>
<arg>SZ</arg>
<arg>TC</arg>
<arg>TD</arg>
<arg>TF</arg>
<arg>TG</arg>
<arg>TH</arg>
<arg>TJ</arg>
<arg>TK</arg>
<arg>TL</arg>
<arg>TM</arg>
<arg>TN</arg>
<arg>TO</arg>
<arg>TR</arg>
<arg>TT</arg>
<arg>TV</arg>
<arg>TW</arg>
<arg>TZ</arg>
<arg>UA</arg>
<arg>UG</arg>
<arg>UM</arg>
<arg>US</arg>
<arg>UY</arg>
<arg>UZ</arg>
<arg>VA</arg>
<arg>VC</arg>
<arg>VE</arg>
<arg>VG</arg>
<arg>VI</arg>
<arg>VN</arg>
<arg>VU</arg>
<arg>WF</arg>
<arg>WS</arg>
<arg>XK</arg>
<arg>YE</arg>
<arg>YT</arg>
<arg>ZA</arg>
<arg>ZM</arg>
<arg>ZW</arg>
<doc>Returns a list containing given items.</doc>
<status status="PASS" start="2024-05-21T07:13:50.946699" elapsed="0.000626"/>
</kw>
<kw name="List Should Contain Value" owner="Collections">
<msg time="2024-05-21T07:13:50.948337" level="INFO">False</msg>
<arg>${list_country}</arg>
<arg>${name_country}</arg>
<doc>Fails if the ``value`` is not found from ``list``.</doc>
<status status="PASS" start="2024-05-21T07:13:50.948134" elapsed="0.000239"/>
</kw>
<kw name="Run Keyword If" owner="BuiltIn">
<kw name="Should Be True" owner="BuiltIn">
<arg>${True}</arg>
<doc>Fails if the given condition is not true.</doc>
<status status="PASS" start="2024-05-21T07:13:50.949443" elapsed="0.000141"/>
</kw>
<arg>${json_data["results"][0]["location"]["coordinates"]["latitude"]} &gt;= -90 and ${json_data["results"][0]["location"]["coordinates"]["latitude"]} &lt;= 90</arg>
<arg>Should Be True</arg>
<arg>${True}</arg>
<doc>Runs the given keyword with the given arguments, if ``condition`` is true.</doc>
<status status="PASS" start="2024-05-21T07:13:50.948692" elapsed="0.001016"/>
</kw>
<kw name="Run Keyword If" owner="BuiltIn">
<kw name="Should Be True" owner="BuiltIn">
<arg>${True}</arg>
<doc>Fails if the given condition is not true.</doc>
<status status="PASS" start="2024-05-21T07:13:50.950619" elapsed="0.000262"/>
</kw>
<arg>${json_data["results"][0]["location"]["coordinates"]["longitude"]} &gt;= -180 and ${json_data["results"][0]["location"]["coordinates"]["longitude"]} &lt;= 180</arg>
<arg>Should Be True</arg>
<arg>${True}</arg>
<doc>Runs the given keyword with the given arguments, if ``condition`` is true.</doc>
<status status="PASS" start="2024-05-21T07:13:50.949892" elapsed="0.001119"/>
</kw>
<status status="PASS" start="2024-05-21T07:13:50.840731" elapsed="0.110413"/>
</kw>
<doc>Testa o conteúdo específico dos campos retornados pela API.</doc>
<tag>testeConteudo</tag>
<status status="PASS" start="2024-05-21T07:13:50.840083" elapsed="0.111212"/>
</test>
<status status="PASS" start="2024-05-21T07:13:50.038309" elapsed="0.914987"/>
</suite>
<status status="PASS" start="2024-05-21T07:13:50.024817" elapsed="0.933704"/>
</suite>
<statistics>
<total>
<stat pass="5" fail="0" skip="0">All Tests</stat>
</total>
<tag>
<stat pass="1" fail="0" skip="0">testeConteudo</stat>
<stat pass="1" fail="0" skip="0">testeEstruturaResposta</stat>
<stat pass="1" fail="0" skip="0">testeRequisicaoBasica</stat>
<stat pass="1" fail="0" skip="0">testeTiposDados</stat>
</tag>
<suite>
<stat pass="5" fail="0" skip="0" id="s1" name="Tests">Tests</stat>
<stat pass="5" fail="0" skip="0" id="s1-s1" name="Random-User-Test">Tests.Random-User-Test</stat>
</suite>
</statistics>
<errors>
</errors>
</robot>
