<?xml version="1.0" encoding="UTF-8"?>
<robot generator="Robot 7.0.1 (Python 3.12.4 on linux)" generated="2024-06-29T08:18:03.642837" rpa="false" schemaversion="5">
<suite id="s1" name="Tests" source="/home/runner/work/ApiRandomUser/ApiRandomUser/RamdonUser/tests">
<suite id="s1-s1" name="Random-User-Test" source="/home/runner/work/ApiRandomUser/ApiRandomUser/RamdonUser/tests/random-user-test.robot">
<test id="s1-s1-t1" name="Conectar" line="13">
<kw name="Conectar API" owner="random-user-service">
<kw name="Create Session" owner="RequestsLibrary">
<msg time="2024-06-29T08:18:04.073228" level="INFO">Creating Session using : alias=consultarAPI, url=https://randomuser.me/, headers={},                     cookies={}, auth=None, timeout=None, proxies=None, verify=False,                     debug=0 </msg>
<arg>consultarAPI</arg>
<arg>${URL}</arg>
<doc>Create Session: create a HTTP session to a server</doc>
<status status="PASS" start="2024-06-29T08:18:04.073024" elapsed="0.000397"/>
</kw>
<status status="PASS" start="2024-06-29T08:18:04.072050" elapsed="0.001750"/>
</kw>
<status status="PASS" start="2024-06-29T08:18:04.071494" elapsed="0.002501"/>
</test>
<test id="s1-s1-t2" name="Validar retorno 200 e JSON Válido" line="16">
<kw name="Teste de Requisicao Basica" owner="random-user-service">
<kw name="GET On Session" owner="RequestsLibrary">
<msg time="2024-06-29T08:18:04.394576" level="INFO">GET Request : url=https://randomuser.me/api 
 path_url=/api 
 headers={'User-Agent': 'python-requests/2.32.3', 'Accept-Encoding': 'gzip, deflate', 'Accept': '*/*', 'Connection': 'keep-alive'} 
 body=None 
 </msg>
<msg time="2024-06-29T08:18:04.394734" level="INFO">GET Response : url=https://randomuser.me/api 
 status=200, reason=OK 
 headers={'Date': 'Sat, 29 Jun 2024 08:18:04 GMT', 'Content-Type': 'application/json; charset=utf-8', 'Transfer-Encoding': 'chunked', 'Connection': 'keep-alive', 'X-Powered-By': 'Express', 'Access-Control-Allow-Origin': '*', 'Cache-Control': 'no-cache', 'ETag': 'W/"487-yeZkFgEYpLfEB4HQi9PIV2P+xOY"', 'Vary': 'Accept-Encoding', 'Content-Encoding': 'gzip', 'CF-Cache-Status': 'DYNAMIC', 'Report-To': '{"endpoints":[{"url":"https:\\/\\/a.nel.cloudflare.com\\/report\\/v4?s=lgbEKB6dK5ZGtpcbAk9yHG88E25H3Hkb6Mpd%2Fbk5o5P1rgESe0FLkS2oXNWpmlkcjbPEmpDWoGOOuByGerOOQZnTJ762LKIVOajL1QnqjBO9HvMGniP4gSacw70DNDMM"}],"group":"cf-nel","max_age":604800}', 'NEL': '{"success_fraction":0,"report_to":"cf-nel","max_age":604800}', 'Server': 'cloudflare', 'CF-RAY': '89b47bd7a91d174e-SJC', 'alt-svc': 'h3=":443"; ma=86400'} 
 body={"results":[{"gender":"male","name":{"title":"Mr","first":"Jeremy","last":"Singh"},"location":{"street":{"number":6273,"name":"Victoria Ave"},"city":"Dorchester","state":"Ontario","country":"Canada","postcode":"J5A 3Q0","coordinates":{"latitude":"-65.1740","longitude":"-24.6070"},"timezone":{"offset":"+4:00","description":"Abu Dhabi, Muscat, Baku, Tbilisi"}},"email":"jeremy.singh@example.com","login":{"uuid":"7d9ae4a5-7170-4608-8bf5-a571c108cf2a","username":"whitegoose696","password":"pickles","salt":"ChDaydIH","md5":"ae05c4ce58cc9abbf2e927a1869f82be","sha1":"b4620a1b7c18f4ff19c2ecf33e9c20b0e8f7a309","sha256":"e5e0137091545c66f400de3dd5863684d86d6468f75282e27d8aa30f0c03a8d5"},"dob":{"date":"1962-06-13T02:47:23.368Z","age":62},"registered":{"date":"2011-09-29T04:13:53.206Z","age":12},"phone":"U00 O79-1655","cell":"O90 W87-2839","id":{"name":"SIN","value":"208517714"},"picture":{"large":"https://randomuser.me/api/portraits/men/7.jpg","medium":"https://randomuser.me/api/portraits/med/men/7.jpg","thumbnail":"https://randomuser.me/api/portraits/thumb/men/7.jpg"},"nat":"CA"}],"info":{"seed":"27b1afb372216b84","results":1,"page":1,"version":"1.4"}} 
 </msg>
<msg time="2024-06-29T08:18:04.394817" level="INFO">/opt/hostedtoolcache/Python/3.12.4/x64/lib/python3.12/site-packages/urllib3/connectionpool.py:1099: InsecureRequestWarning: Unverified HTTPS request is being made to host 'randomuser.me'. Adding certificate verification is strongly advised. See: https://urllib3.readthedocs.io/en/latest/advanced-usage.html#tls-warnings
  warnings.warn(</msg>
<msg time="2024-06-29T08:18:04.394976" level="INFO">${response} = &lt;Response [200]&gt;</msg>
<var>${response}</var>
<arg>consultarAPI</arg>
<arg>/api</arg>
<doc>Sends a GET request on a previously created HTTP Session.</doc>
<status status="PASS" start="2024-06-29T08:18:04.076743" elapsed="0.318278"/>
</kw>
<kw name="Should Be Equal As Numbers" owner="BuiltIn">
<msg time="2024-06-29T08:18:04.396044" level="INFO">Argument types are:
&lt;class 'int'&gt;
&lt;class 'str'&gt;</msg>
<arg>${response.status_code}</arg>
<arg>200</arg>
<doc>Fails if objects are unequal after converting them to real numbers.</doc>
<status status="PASS" start="2024-06-29T08:18:04.395590" elapsed="0.000514"/>
</kw>
<kw name="Log" owner="BuiltIn">
<msg time="2024-06-29T08:18:04.396756" level="INFO">200</msg>
<arg>${response.status_code}</arg>
<doc>Logs the given message with the given level.</doc>
<status status="PASS" start="2024-06-29T08:18:04.396415" elapsed="0.000382"/>
</kw>
<kw name="Set Variable" owner="BuiltIn">
<msg time="2024-06-29T08:18:04.397516" level="INFO">${json_data} = {'results': [{'gender': 'male', 'name': {'title': 'Mr', 'first': 'Jeremy', 'last': 'Singh'}, 'location': {'street': {'number': 6273, 'name': 'Victoria Ave'}, 'city': 'Dorchester', 'state': 'Ontario', ...</msg>
<var>${json_data}</var>
<arg>${response.json()}</arg>
<doc>Returns the given values which can then be assigned to a variables.</doc>
<status status="PASS" start="2024-06-29T08:18:04.397094" elapsed="0.000450"/>
</kw>
<kw name="Dictionary Should Contain Key" owner="Collections">
<arg>${json_data}</arg>
<arg>results</arg>
<doc>Fails if ``key`` is not found from ``dictionary``.</doc>
<status status="PASS" start="2024-06-29T08:18:04.397831" elapsed="0.000161"/>
</kw>
<status status="PASS" start="2024-06-29T08:18:04.076495" elapsed="0.321644"/>
</kw>
<doc>Testa se a API responde corretamente e retorna um objeto JSON válido.</doc>
<tag>testeRequisicaoBasica</tag>
<status status="PASS" start="2024-06-29T08:18:04.075921" elapsed="0.322390"/>
</test>
<test id="s1-s1-t3" name="Validar estrutura de resposta" line="22">
<kw name="Teste de Estrutura de Resposta" owner="random-user-service">
<kw name="GET On Session" owner="RequestsLibrary">
<msg time="2024-06-29T08:18:04.493501" level="INFO">GET Request : url=https://randomuser.me/api 
 path_url=/api 
 headers={'User-Agent': 'python-requests/2.32.3', 'Accept-Encoding': 'gzip, deflate', 'Accept': '*/*', 'Connection': 'keep-alive'} 
 body=None 
 </msg>
<msg time="2024-06-29T08:18:04.493591" level="INFO">GET Response : url=https://randomuser.me/api 
 status=200, reason=OK 
 headers={'Date': 'Sat, 29 Jun 2024 08:18:04 GMT', 'Content-Type': 'application/json; charset=utf-8', 'Transfer-Encoding': 'chunked', 'Connection': 'keep-alive', 'X-Powered-By': 'Express', 'Access-Control-Allow-Origin': '*', 'Cache-Control': 'no-cache', 'ETag': 'W/"4a5-wXt+NSkr/WloEBOOBj1SlyhLYQg"', 'Vary': 'Accept-Encoding', 'Content-Encoding': 'gzip', 'CF-Cache-Status': 'DYNAMIC', 'Report-To': '{"endpoints":[{"url":"https:\\/\\/a.nel.cloudflare.com\\/report\\/v4?s=v7BbDm97NVGlawL2r5MupILiCy7dgo%2F9wUQwj4MgerPODk8rdTTKkacpsq7QJTg3GigNfeOQDcnuIHzw4LNiVnrZrwQs70WXxT%2FLWbh2m1OXqgyoJ6QqEsC1u6Nq3P%2FT"}],"group":"cf-nel","max_age":604800}', 'NEL': '{"success_fraction":0,"report_to":"cf-nel","max_age":604800}', 'Server': 'cloudflare', 'CF-RAY': '89b47bd98a89174e-SJC', 'alt-svc': 'h3=":443"; ma=86400'} 
 body={"results":[{"gender":"female","name":{"title":"Ms","first":"Julia","last":"Riojas"},"location":{"street":{"number":7752,"name":"Continuación Iraq"},"city":"San Francisco Coacalco","state":"Baja California Sur","country":"Mexico","postcode":37893,"coordinates":{"latitude":"26.7836","longitude":"109.3355"},"timezone":{"offset":"-12:00","description":"Eniwetok, Kwajalein"}},"email":"julia.riojas@example.com","login":{"uuid":"8cf0c7a1-4935-42b3-b384-34c5bec08cea","username":"crazyduck347","password":"kiss","salt":"IpxiRoTo","md5":"18721e763c11c417c1c4e6440eb7f4ee","sha1":"0a502d9f4051177ee38fb6c3fee5db6b629547f0","sha256":"e4857ebc884193e52a939f9aac50ff4ff79150edaaa123d66f68969d48cf6264"},"dob":{"date":"1989-08-22T14:15:19.248Z","age":34},"registered":{"date":"2008-09-11T14:35:36.487Z","age":15},"phone":"(687) 057 9639","cell":"(693) 178 0998","id":{"name":"NSS","value":"14 55 82 1242 1"},"picture":{"large":"https://randomuser.me/api/portraits/women/66.jpg","medium":"https://randomuser.me/api/portraits/med/women/66.jpg","thumbnail":"https://randomuser.me/api/portraits/thumb/women/66.jpg"},"nat":"MX"}],"info":{"seed":"873eca98e8a4e45b","results":1,"page":1,"version":"1.4"}} 
 </msg>
<msg time="2024-06-29T08:18:04.493717" level="INFO">/opt/hostedtoolcache/Python/3.12.4/x64/lib/python3.12/site-packages/urllib3/connectionpool.py:1099: InsecureRequestWarning: Unverified HTTPS request is being made to host 'randomuser.me'. Adding certificate verification is strongly advised. See: https://urllib3.readthedocs.io/en/latest/advanced-usage.html#tls-warnings
  warnings.warn(</msg>
<msg time="2024-06-29T08:18:04.493852" level="INFO">${response} = &lt;Response [200]&gt;</msg>
<var>${response}</var>
<arg>consultarAPI</arg>
<arg>/api</arg>
<doc>Sends a GET request on a previously created HTTP Session.</doc>
<status status="PASS" start="2024-06-29T08:18:04.400881" elapsed="0.093015"/>
</kw>
<kw name="Set Variable" owner="BuiltIn">
<msg time="2024-06-29T08:18:04.494783" level="INFO">${json_data} = {'results': [{'gender': 'female', 'name': {'title': 'Ms', 'first': 'Julia', 'last': 'Riojas'}, 'location': {'street': {'number': 7752, 'name': 'Continuación Iraq'}, 'city': 'San Francisco Coacalco', '...</msg>
<var>${json_data}</var>
<arg>${response.json()}</arg>
<doc>Returns the given values which can then be assigned to a variables.</doc>
<status status="PASS" start="2024-06-29T08:18:04.494316" elapsed="0.000496"/>
</kw>
<kw name="Log" owner="BuiltIn">
<msg time="2024-06-29T08:18:04.495320" level="INFO">{'results': [{'gender': 'female', 'name': {'title': 'Ms', 'first': 'Julia', 'last': 'Riojas'}, 'location': {'street': {'number': 7752, 'name': 'Continuación Iraq'}, 'city': 'San Francisco Coacalco', 'state': 'Baja California Sur', 'country': 'Mexico', 'postcode': 37893, 'coordinates': {'latitude': '26.7836', 'longitude': '109.3355'}, 'timezone': {'offset': '-12:00', 'description': 'Eniwetok, Kwajalein'}}, 'email': 'julia.riojas@example.com', 'login': {'uuid': '8cf0c7a1-4935-42b3-b384-34c5bec08cea', 'username': 'crazyduck347', 'password': 'kiss', 'salt': 'IpxiRoTo', 'md5': '18721e763c11c417c1c4e6440eb7f4ee', 'sha1': '0a502d9f4051177ee38fb6c3fee5db6b629547f0', 'sha256': 'e4857ebc884193e52a939f9aac50ff4ff79150edaaa123d66f68969d48cf6264'}, 'dob': {'date': '1989-08-22T14:15:19.248Z', 'age': 34}, 'registered': {'date': '2008-09-11T14:35:36.487Z', 'age': 15}, 'phone': '(687) 057 9639', 'cell': '(693) 178 0998', 'id': {'name': 'NSS', 'value': '14 55 82 1242 1'}, 'picture': {'large': 'https://randomuser.me/api/portraits/women/66.jpg', 'medium': 'https://randomuser.me/api/portraits/med/women/66.jpg', 'thumbnail': 'https://randomuser.me/api/portraits/thumb/women/66.jpg'}, 'nat': 'MX'}], 'info': {'seed': '873eca98e8a4e45b', 'results': 1, 'page': 1, 'version': '1.4'}}</msg>
<arg>${json_data}</arg>
<doc>Logs the given message with the given level.</doc>
<status status="PASS" start="2024-06-29T08:18:04.495120" elapsed="0.000249"/>
</kw>
<kw name="Dictionary Should Contain Key" owner="Collections">
<arg>${json_data}</arg>
<arg>results</arg>
<doc>Fails if ``key`` is not found from ``dictionary``.</doc>
<status status="PASS" start="2024-06-29T08:18:04.495661" elapsed="0.000151"/>
</kw>
<kw name="Should Not Be Empty" owner="BuiltIn">
<msg time="2024-06-29T08:18:04.496116" level="INFO">Length is 2.</msg>
<arg>${json_data}</arg>
<doc>Verifies that the given item is not empty.</doc>
<status status="PASS" start="2024-06-29T08:18:04.495988" elapsed="0.000165"/>
</kw>
<kw name="Create List" owner="BuiltIn">
<msg time="2024-06-29T08:18:04.496721" level="INFO">${expected_keys} = ['gender', 'name', 'location', 'email', 'login']</msg>
<var>${expected_keys}</var>
<arg>gender</arg>
<arg>name</arg>
<arg>location</arg>
<arg>email</arg>
<arg>login</arg>
<doc>Returns a list containing given items.</doc>
<status status="PASS" start="2024-06-29T08:18:04.496442" elapsed="0.000303"/>
</kw>
<for flavor="IN">
<iter>
<kw name="Dictionary Should Contain Key" owner="Collections">
<arg>${json_data['results'][0]}</arg>
<arg>${key}</arg>
<doc>Fails if ``key`` is not found from ``dictionary``.</doc>
<status status="PASS" start="2024-06-29T08:18:04.497304" elapsed="0.000398"/>
</kw>
<kw name="Log" owner="BuiltIn">
<msg time="2024-06-29T08:18:04.498245" level="INFO">{'gender': 'female', 'name': {'title': 'Ms', 'first': 'Julia', 'last': 'Riojas'}, 'location': {'street': {'number': 7752, 'name': 'Continuación Iraq'}, 'city': 'San Francisco Coacalco', 'state': 'Baja California Sur', 'country': 'Mexico', 'postcode': 37893, 'coordinates': {'latitude': '26.7836', 'longitude': '109.3355'}, 'timezone': {'offset': '-12:00', 'description': 'Eniwetok, Kwajalein'}}, 'email': 'julia.riojas@example.com', 'login': {'uuid': '8cf0c7a1-4935-42b3-b384-34c5bec08cea', 'username': 'crazyduck347', 'password': 'kiss', 'salt': 'IpxiRoTo', 'md5': '18721e763c11c417c1c4e6440eb7f4ee', 'sha1': '0a502d9f4051177ee38fb6c3fee5db6b629547f0', 'sha256': 'e4857ebc884193e52a939f9aac50ff4ff79150edaaa123d66f68969d48cf6264'}, 'dob': {'date': '1989-08-22T14:15:19.248Z', 'age': 34}, 'registered': {'date': '2008-09-11T14:35:36.487Z', 'age': 15}, 'phone': '(687) 057 9639', 'cell': '(693) 178 0998', 'id': {'name': 'NSS', 'value': '14 55 82 1242 1'}, 'picture': {'large': 'https://randomuser.me/api/portraits/women/66.jpg', 'medium': 'https://randomuser.me/api/portraits/med/women/66.jpg', 'thumbnail': 'https://randomuser.me/api/portraits/thumb/women/66.jpg'}, 'nat': 'MX'}</msg>
<arg>${json_data['results'][0]}</arg>
<doc>Logs the given message with the given level.</doc>
<status status="PASS" start="2024-06-29T08:18:04.497885" elapsed="0.000409"/>
</kw>
<kw name="Log" owner="BuiltIn">
<msg time="2024-06-29T08:18:04.498716" level="INFO">gender</msg>
<arg>${key}</arg>
<doc>Logs the given message with the given level.</doc>
<status status="PASS" start="2024-06-29T08:18:04.498589" elapsed="0.000164"/>
</kw>
<var name="${key}">gender</var>
<status status="PASS" start="2024-06-29T08:18:04.497184" elapsed="0.001787"/>
</iter>
<iter>
<kw name="Dictionary Should Contain Key" owner="Collections">
<arg>${json_data['results'][0]}</arg>
<arg>${key}</arg>
<doc>Fails if ``key`` is not found from ``dictionary``.</doc>
<status status="PASS" start="2024-06-29T08:18:04.499282" elapsed="0.000385"/>
</kw>
<kw name="Log" owner="BuiltIn">
<msg time="2024-06-29T08:18:04.500232" level="INFO">{'gender': 'female', 'name': {'title': 'Ms', 'first': 'Julia', 'last': 'Riojas'}, 'location': {'street': {'number': 7752, 'name': 'Continuación Iraq'}, 'city': 'San Francisco Coacalco', 'state': 'Baja California Sur', 'country': 'Mexico', 'postcode': 37893, 'coordinates': {'latitude': '26.7836', 'longitude': '109.3355'}, 'timezone': {'offset': '-12:00', 'description': 'Eniwetok, Kwajalein'}}, 'email': 'julia.riojas@example.com', 'login': {'uuid': '8cf0c7a1-4935-42b3-b384-34c5bec08cea', 'username': 'crazyduck347', 'password': 'kiss', 'salt': 'IpxiRoTo', 'md5': '18721e763c11c417c1c4e6440eb7f4ee', 'sha1': '0a502d9f4051177ee38fb6c3fee5db6b629547f0', 'sha256': 'e4857ebc884193e52a939f9aac50ff4ff79150edaaa123d66f68969d48cf6264'}, 'dob': {'date': '1989-08-22T14:15:19.248Z', 'age': 34}, 'registered': {'date': '2008-09-11T14:35:36.487Z', 'age': 15}, 'phone': '(687) 057 9639', 'cell': '(693) 178 0998', 'id': {'name': 'NSS', 'value': '14 55 82 1242 1'}, 'picture': {'large': 'https://randomuser.me/api/portraits/women/66.jpg', 'medium': 'https://randomuser.me/api/portraits/med/women/66.jpg', 'thumbnail': 'https://randomuser.me/api/portraits/thumb/women/66.jpg'}, 'nat': 'MX'}</msg>
<arg>${json_data['results'][0]}</arg>
<doc>Logs the given message with the given level.</doc>
<status status="PASS" start="2024-06-29T08:18:04.499845" elapsed="0.000435"/>
</kw>
<kw name="Log" owner="BuiltIn">
<msg time="2024-06-29T08:18:04.500698" level="INFO">name</msg>
<arg>${key}</arg>
<doc>Logs the given message with the given level.</doc>
<status status="PASS" start="2024-06-29T08:18:04.500572" elapsed="0.000163"/>
</kw>
<var name="${key}">name</var>
<status status="PASS" start="2024-06-29T08:18:04.499170" elapsed="0.001778"/>
</iter>
<iter>
<kw name="Dictionary Should Contain Key" owner="Collections">
<arg>${json_data['results'][0]}</arg>
<arg>${key}</arg>
<doc>Fails if ``key`` is not found from ``dictionary``.</doc>
<status status="PASS" start="2024-06-29T08:18:04.501224" elapsed="0.000372"/>
</kw>
<kw name="Log" owner="BuiltIn">
<msg time="2024-06-29T08:18:04.502120" level="INFO">{'gender': 'female', 'name': {'title': 'Ms', 'first': 'Julia', 'last': 'Riojas'}, 'location': {'street': {'number': 7752, 'name': 'Continuación Iraq'}, 'city': 'San Francisco Coacalco', 'state': 'Baja California Sur', 'country': 'Mexico', 'postcode': 37893, 'coordinates': {'latitude': '26.7836', 'longitude': '109.3355'}, 'timezone': {'offset': '-12:00', 'description': 'Eniwetok, Kwajalein'}}, 'email': 'julia.riojas@example.com', 'login': {'uuid': '8cf0c7a1-4935-42b3-b384-34c5bec08cea', 'username': 'crazyduck347', 'password': 'kiss', 'salt': 'IpxiRoTo', 'md5': '18721e763c11c417c1c4e6440eb7f4ee', 'sha1': '0a502d9f4051177ee38fb6c3fee5db6b629547f0', 'sha256': 'e4857ebc884193e52a939f9aac50ff4ff79150edaaa123d66f68969d48cf6264'}, 'dob': {'date': '1989-08-22T14:15:19.248Z', 'age': 34}, 'registered': {'date': '2008-09-11T14:35:36.487Z', 'age': 15}, 'phone': '(687) 057 9639', 'cell': '(693) 178 0998', 'id': {'name': 'NSS', 'value': '14 55 82 1242 1'}, 'picture': {'large': 'https://randomuser.me/api/portraits/women/66.jpg', 'medium': 'https://randomuser.me/api/portraits/med/women/66.jpg', 'thumbnail': 'https://randomuser.me/api/portraits/thumb/women/66.jpg'}, 'nat': 'MX'}</msg>
<arg>${json_data['results'][0]}</arg>
<doc>Logs the given message with the given level.</doc>
<status status="PASS" start="2024-06-29T08:18:04.501775" elapsed="0.000394"/>
</kw>
<kw name="Log" owner="BuiltIn">
<msg time="2024-06-29T08:18:04.502585" level="INFO">location</msg>
<arg>${key}</arg>
<doc>Logs the given message with the given level.</doc>
<status status="PASS" start="2024-06-29T08:18:04.502460" elapsed="0.000160"/>
</kw>
<var name="${key}">location</var>
<status status="PASS" start="2024-06-29T08:18:04.501118" elapsed="0.001711"/>
</iter>
<iter>
<kw name="Dictionary Should Contain Key" owner="Collections">
<arg>${json_data['results'][0]}</arg>
<arg>${key}</arg>
<doc>Fails if ``key`` is not found from ``dictionary``.</doc>
<status status="PASS" start="2024-06-29T08:18:04.503102" elapsed="0.000402"/>
</kw>
<kw name="Log" owner="BuiltIn">
<msg time="2024-06-29T08:18:04.504027" level="INFO">{'gender': 'female', 'name': {'title': 'Ms', 'first': 'Julia', 'last': 'Riojas'}, 'location': {'street': {'number': 7752, 'name': 'Continuación Iraq'}, 'city': 'San Francisco Coacalco', 'state': 'Baja California Sur', 'country': 'Mexico', 'postcode': 37893, 'coordinates': {'latitude': '26.7836', 'longitude': '109.3355'}, 'timezone': {'offset': '-12:00', 'description': 'Eniwetok, Kwajalein'}}, 'email': 'julia.riojas@example.com', 'login': {'uuid': '8cf0c7a1-4935-42b3-b384-34c5bec08cea', 'username': 'crazyduck347', 'password': 'kiss', 'salt': 'IpxiRoTo', 'md5': '18721e763c11c417c1c4e6440eb7f4ee', 'sha1': '0a502d9f4051177ee38fb6c3fee5db6b629547f0', 'sha256': 'e4857ebc884193e52a939f9aac50ff4ff79150edaaa123d66f68969d48cf6264'}, 'dob': {'date': '1989-08-22T14:15:19.248Z', 'age': 34}, 'registered': {'date': '2008-09-11T14:35:36.487Z', 'age': 15}, 'phone': '(687) 057 9639', 'cell': '(693) 178 0998', 'id': {'name': 'NSS', 'value': '14 55 82 1242 1'}, 'picture': {'large': 'https://randomuser.me/api/portraits/women/66.jpg', 'medium': 'https://randomuser.me/api/portraits/med/women/66.jpg', 'thumbnail': 'https://randomuser.me/api/portraits/thumb/women/66.jpg'}, 'nat': 'MX'}</msg>
<arg>${json_data['results'][0]}</arg>
<doc>Logs the given message with the given level.</doc>
<status status="PASS" start="2024-06-29T08:18:04.503680" elapsed="0.000394"/>
</kw>
<kw name="Log" owner="BuiltIn">
<msg time="2024-06-29T08:18:04.504494" level="INFO">email</msg>
<arg>${key}</arg>
<doc>Logs the given message with the given level.</doc>
<status status="PASS" start="2024-06-29T08:18:04.504370" elapsed="0.000161"/>
</kw>
<var name="${key}">email</var>
<status status="PASS" start="2024-06-29T08:18:04.502997" elapsed="0.001751"/>
</iter>
<iter>
<kw name="Dictionary Should Contain Key" owner="Collections">
<arg>${json_data['results'][0]}</arg>
<arg>${key}</arg>
<doc>Fails if ``key`` is not found from ``dictionary``.</doc>
<status status="PASS" start="2024-06-29T08:18:04.505030" elapsed="0.000382"/>
</kw>
<kw name="Log" owner="BuiltIn">
<msg time="2024-06-29T08:18:04.505933" level="INFO">{'gender': 'female', 'name': {'title': 'Ms', 'first': 'Julia', 'last': 'Riojas'}, 'location': {'street': {'number': 7752, 'name': 'Continuación Iraq'}, 'city': 'San Francisco Coacalco', 'state': 'Baja California Sur', 'country': 'Mexico', 'postcode': 37893, 'coordinates': {'latitude': '26.7836', 'longitude': '109.3355'}, 'timezone': {'offset': '-12:00', 'description': 'Eniwetok, Kwajalein'}}, 'email': 'julia.riojas@example.com', 'login': {'uuid': '8cf0c7a1-4935-42b3-b384-34c5bec08cea', 'username': 'crazyduck347', 'password': 'kiss', 'salt': 'IpxiRoTo', 'md5': '18721e763c11c417c1c4e6440eb7f4ee', 'sha1': '0a502d9f4051177ee38fb6c3fee5db6b629547f0', 'sha256': 'e4857ebc884193e52a939f9aac50ff4ff79150edaaa123d66f68969d48cf6264'}, 'dob': {'date': '1989-08-22T14:15:19.248Z', 'age': 34}, 'registered': {'date': '2008-09-11T14:35:36.487Z', 'age': 15}, 'phone': '(687) 057 9639', 'cell': '(693) 178 0998', 'id': {'name': 'NSS', 'value': '14 55 82 1242 1'}, 'picture': {'large': 'https://randomuser.me/api/portraits/women/66.jpg', 'medium': 'https://randomuser.me/api/portraits/med/women/66.jpg', 'thumbnail': 'https://randomuser.me/api/portraits/thumb/women/66.jpg'}, 'nat': 'MX'}</msg>
<arg>${json_data['results'][0]}</arg>
<doc>Logs the given message with the given level.</doc>
<status status="PASS" start="2024-06-29T08:18:04.505588" elapsed="0.000392"/>
</kw>
<kw name="Log" owner="BuiltIn">
<msg time="2024-06-29T08:18:04.506390" level="INFO">login</msg>
<arg>${key}</arg>
<doc>Logs the given message with the given level.</doc>
<status status="PASS" start="2024-06-29T08:18:04.506266" elapsed="0.000160"/>
</kw>
<var name="${key}">login</var>
<status status="PASS" start="2024-06-29T08:18:04.504915" elapsed="0.001721"/>
</iter>
<var>${key}</var>
<value>@{expected_keys}</value>
<status status="PASS" start="2024-06-29T08:18:04.497000" elapsed="0.009754"/>
</for>
<kw name="Create List" owner="BuiltIn">
<msg time="2024-06-29T08:18:04.507108" level="INFO">${expected_keysTwo} = ['username', 'password']</msg>
<var>${expected_keysTwo}</var>
<arg>username</arg>
<arg>password</arg>
<doc>Returns a list containing given items.</doc>
<status status="PASS" start="2024-06-29T08:18:04.506968" elapsed="0.000164"/>
</kw>
<for flavor="IN">
<iter>
<kw name="Dictionary Should Contain Key" owner="Collections">
<arg>${json_data['results'][0]['login']}</arg>
<arg>${keyTwo}</arg>
<doc>Fails if ``key`` is not found from ``dictionary``.</doc>
<status status="PASS" start="2024-06-29T08:18:04.507645" elapsed="0.000381"/>
</kw>
<kw name="Dictionary Should Contain Key" owner="Collections">
<arg>${json_data['results'][0]['login']}</arg>
<arg>${keyTwo}</arg>
<doc>Fails if ``key`` is not found from ``dictionary``.</doc>
<status status="PASS" start="2024-06-29T08:18:04.508202" elapsed="0.000374"/>
</kw>
<kw name="Log" owner="BuiltIn">
<msg time="2024-06-29T08:18:04.508873" level="INFO">username</msg>
<arg>${keyTwo}</arg>
<doc>Logs the given message with the given level.</doc>
<status status="PASS" start="2024-06-29T08:18:04.508755" elapsed="0.000153"/>
</kw>
<var name="${keyTwo}">username</var>
<status status="PASS" start="2024-06-29T08:18:04.507538" elapsed="0.001591"/>
</iter>
<iter>
<kw name="Dictionary Should Contain Key" owner="Collections">
<arg>${json_data['results'][0]['login']}</arg>
<arg>${keyTwo}</arg>
<doc>Fails if ``key`` is not found from ``dictionary``.</doc>
<status status="PASS" start="2024-06-29T08:18:04.509405" elapsed="0.000381"/>
</kw>
<kw name="Dictionary Should Contain Key" owner="Collections">
<arg>${json_data['results'][0]['login']}</arg>
<arg>${keyTwo}</arg>
<doc>Fails if ``key`` is not found from ``dictionary``.</doc>
<status status="PASS" start="2024-06-29T08:18:04.509961" elapsed="0.000358"/>
</kw>
<kw name="Log" owner="BuiltIn">
<msg time="2024-06-29T08:18:04.510605" level="INFO">password</msg>
<arg>${keyTwo}</arg>
<doc>Logs the given message with the given level.</doc>
<status status="PASS" start="2024-06-29T08:18:04.510490" elapsed="0.000155"/>
</kw>
<var name="${keyTwo}">password</var>
<status status="PASS" start="2024-06-29T08:18:04.509301" elapsed="0.001649"/>
</iter>
<var>${keyTwo}</var>
<value>@{expected_keysTwo}</value>
<status status="PASS" start="2024-06-29T08:18:04.507389" elapsed="0.003680"/>
</for>
<status status="PASS" start="2024-06-29T08:18:04.400652" elapsed="0.110580"/>
</kw>
<doc>Testa a estrutura da resposta da API.</doc>
<tag>testeEstruturaResposta</tag>
<status status="PASS" start="2024-06-29T08:18:04.400151" elapsed="0.111236"/>
</test>
<test id="s1-s1-t4" name="Validar tipos de dados" line="28">
<kw name="Teste de Tipos de Dados" owner="random-user-service">
<kw name="GET On Session" owner="RequestsLibrary">
<msg time="2024-06-29T08:18:04.602520" level="INFO">GET Request : url=https://randomuser.me/api 
 path_url=/api 
 headers={'User-Agent': 'python-requests/2.32.3', 'Accept-Encoding': 'gzip, deflate', 'Accept': '*/*', 'Connection': 'keep-alive'} 
 body=None 
 </msg>
<msg time="2024-06-29T08:18:04.602627" level="INFO">GET Response : url=https://randomuser.me/api 
 status=200, reason=OK 
 headers={'Date': 'Sat, 29 Jun 2024 08:18:04 GMT', 'Content-Type': 'application/json; charset=utf-8', 'Transfer-Encoding': 'chunked', 'Connection': 'keep-alive', 'X-Powered-By': 'Express', 'Access-Control-Allow-Origin': '*', 'Cache-Control': 'no-cache', 'ETag': 'W/"4a6-xW8u8NW/88XErl4uPB//2W1uEgI"', 'Vary': 'Accept-Encoding', 'Content-Encoding': 'gzip', 'CF-Cache-Status': 'DYNAMIC', 'Report-To': '{"endpoints":[{"url":"https:\\/\\/a.nel.cloudflare.com\\/report\\/v4?s=toAcVIIsCQeAiaazTXcJ%2BBniDcr3dEm0jz6zqxj96xMtJTy2bYSOJnGSBHdNIFL%2FUVuB8L9DM%2FBV8x6i9VgwXLcpPdjUFFfInPexlSy%2FXyiXs68Lrx9jzNqV0Iz4LTHc"}],"group":"cf-nel","max_age":604800}', 'NEL': '{"success_fraction":0,"report_to":"cf-nel","max_age":604800}', 'Server': 'cloudflare', 'CF-RAY': '89b47bda3af9174e-SJC', 'alt-svc': 'h3=":443"; ma=86400'} 
 body={"results":[{"gender":"female","name":{"title":"Ms","first":"Petra","last":"Haberl"},"location":{"street":{"number":9144,"name":"Römerstraße"},"city":"Beerfelden","state":"Thüringen","country":"Germany","postcode":46274,"coordinates":{"latitude":"-49.8210","longitude":"107.1443"},"timezone":{"offset":"0:00","description":"Western Europe Time, London, Lisbon, Casablanca"}},"email":"petra.haberl@example.com","login":{"uuid":"c4d7ed1f-6084-4a9e-a790-f90a86fbd960","username":"angryzebra621","password":"mirage","salt":"aGrPK44D","md5":"2dfa256a9e8feb91f4d361f7aa23d898","sha1":"677a6bb2d4fa839a59375a173b3dc9e55a731864","sha256":"d0edb50ae50f7d3c4848681f920e9bcc27738e3b16789ba3542ea467c748aa01"},"dob":{"date":"1944-09-22T20:38:45.999Z","age":79},"registered":{"date":"2014-12-11T23:26:46.505Z","age":9},"phone":"0497-8540537","cell":"0179-9485562","id":{"name":"SVNR","value":"03 220944 H 576"},"picture":{"large":"https://randomuser.me/api/portraits/women/52.jpg","medium":"https://randomuser.me/api/portraits/med/women/52.jpg","thumbnail":"https://randomuser.me/api/portraits/thumb/women/52.jpg"},"nat":"DE"}],"info":{"seed":"b31a466a5efa553a","results":1,"page":1,"version":"1.4"}} 
 </msg>
<msg time="2024-06-29T08:18:04.602709" level="INFO">/opt/hostedtoolcache/Python/3.12.4/x64/lib/python3.12/site-packages/urllib3/connectionpool.py:1099: InsecureRequestWarning: Unverified HTTPS request is being made to host 'randomuser.me'. Adding certificate verification is strongly advised. See: https://urllib3.readthedocs.io/en/latest/advanced-usage.html#tls-warnings
  warnings.warn(</msg>
<msg time="2024-06-29T08:18:04.602869" level="INFO">${response} = &lt;Response [200]&gt;</msg>
<var>${response}</var>
<arg>consultarAPI</arg>
<arg>/api</arg>
<doc>Sends a GET request on a previously created HTTP Session.</doc>
<status status="PASS" start="2024-06-29T08:18:04.513746" elapsed="0.089177"/>
</kw>
<kw name="Set Variable" owner="BuiltIn">
<msg time="2024-06-29T08:18:04.604030" level="INFO">${json_data} = {'results': [{'gender': 'female', 'name': {'title': 'Ms', 'first': 'Petra', 'last': 'Haberl'}, 'location': {'street': {'number': 9144, 'name': 'Römerstraße'}, 'city': 'Beerfelden', 'state': 'Thüringen...</msg>
<var>${json_data}</var>
<arg>${response.json()}</arg>
<doc>Returns the given values which can then be assigned to a variables.</doc>
<status status="PASS" start="2024-06-29T08:18:04.603507" elapsed="0.000556"/>
</kw>
<kw name="Log" owner="BuiltIn">
<msg time="2024-06-29T08:18:04.604535" level="INFO">{'results': [{'gender': 'female', 'name': {'title': 'Ms', 'first': 'Petra', 'last': 'Haberl'}, 'location': {'street': {'number': 9144, 'name': 'Römerstraße'}, 'city': 'Beerfelden', 'state': 'Thüringen', 'country': 'Germany', 'postcode': 46274, 'coordinates': {'latitude': '-49.8210', 'longitude': '107.1443'}, 'timezone': {'offset': '0:00', 'description': 'Western Europe Time, London, Lisbon, Casablanca'}}, 'email': 'petra.haberl@example.com', 'login': {'uuid': 'c4d7ed1f-6084-4a9e-a790-f90a86fbd960', 'username': 'angryzebra621', 'password': 'mirage', 'salt': 'aGrPK44D', 'md5': '2dfa256a9e8feb91f4d361f7aa23d898', 'sha1': '677a6bb2d4fa839a59375a173b3dc9e55a731864', 'sha256': 'd0edb50ae50f7d3c4848681f920e9bcc27738e3b16789ba3542ea467c748aa01'}, 'dob': {'date': '1944-09-22T20:38:45.999Z', 'age': 79}, 'registered': {'date': '2014-12-11T23:26:46.505Z', 'age': 9}, 'phone': '0497-8540537', 'cell': '0179-9485562', 'id': {'name': 'SVNR', 'value': '03 220944 H 576'}, 'picture': {'large': 'https://randomuser.me/api/portraits/women/52.jpg', 'medium': 'https://randomuser.me/api/portraits/med/women/52.jpg', 'thumbnail': 'https://randomuser.me/api/portraits/thumb/women/52.jpg'}, 'nat': 'DE'}], 'info': {'seed': 'b31a466a5efa553a', 'results': 1, 'page': 1, 'version': '1.4'}}</msg>
<arg>${json_data}</arg>
<doc>Logs the given message with the given level.</doc>
<status status="PASS" start="2024-06-29T08:18:04.604372" elapsed="0.000213"/>
</kw>
<kw name="Should Be String" owner="String">
<arg>${json_data['results'][0]['gender']}</arg>
<doc>Fails if the given ``item`` is not a string.</doc>
<status status="PASS" start="2024-06-29T08:18:04.604879" elapsed="0.000356"/>
</kw>
<kw name="Should Match Regexp" owner="BuiltIn">
<arg>${json_data['results'][0]['email']}</arg>
<arg>^[a-zA-Z0-9._%+-]+@[a-zA-Z0-9.-]+\.[a-zA-Z]{2,}$</arg>
<doc>Fails if ``string`` does not match ``pattern`` as a regular expression.</doc>
<status status="PASS" start="2024-06-29T08:18:04.605456" elapsed="0.000509"/>
</kw>
<kw name="Should Match Regexp" owner="BuiltIn">
<arg>${json_data['results'][0]['dob']['date']}</arg>
<arg>\\d{4}-\\d{2}-\\d{2}T\\d{2}:\\d{2}:\\d{2}\\.\\d{3}Z</arg>
<doc>Fails if ``string`` does not match ``pattern`` as a regular expression.</doc>
<status status="PASS" start="2024-06-29T08:18:04.606153" elapsed="0.000471"/>
</kw>
<kw name="Should Match Regexp" owner="BuiltIn">
<arg>${json_data['results'][0]['registered']['date']}</arg>
<arg>\\d{4}-\\d{2}-\\d{2}T\\d{2}:\\d{2}:\\d{2}\\.\\d{3}Z</arg>
<doc>Fails if ``string`` does not match ``pattern`` as a regular expression.</doc>
<status status="PASS" start="2024-06-29T08:18:04.606810" elapsed="0.000396"/>
</kw>
<kw name="Should Match Regexp" owner="BuiltIn">
<arg>${json_data['results'][0]['picture']['large']}</arg>
<arg>^https?://.*\.(?:png|jpe?g|gif|bmp)$</arg>
<doc>Fails if ``string`` does not match ``pattern`` as a regular expression.</doc>
<status status="PASS" start="2024-06-29T08:18:04.607392" elapsed="0.000456"/>
</kw>
<kw name="Should Match Regexp" owner="BuiltIn">
<arg>${json_data['results'][0]['picture']['medium']}</arg>
<arg>^https?://.*\.(?:png|jpe?g|gif|bmp)$</arg>
<doc>Fails if ``string`` does not match ``pattern`` as a regular expression.</doc>
<status status="PASS" start="2024-06-29T08:18:04.608029" elapsed="0.000344"/>
</kw>
<kw name="Should Match Regexp" owner="BuiltIn">
<arg>${json_data['results'][0]['picture']['thumbnail']}</arg>
<arg>^https?://.*\.(?:png|jpe?g|gif|bmp)$</arg>
<doc>Fails if ``string`` does not match ``pattern`` as a regular expression.</doc>
<status status="PASS" start="2024-06-29T08:18:04.608551" elapsed="0.000347"/>
</kw>
<kw name="Log" owner="BuiltIn">
<msg time="2024-06-29T08:18:04.609407" level="INFO">{'large': 'https://randomuser.me/api/portraits/women/52.jpg', 'medium': 'https://randomuser.me/api/portraits/med/women/52.jpg', 'thumbnail': 'https://randomuser.me/api/portraits/thumb/women/52.jpg'}</msg>
<arg>${json_data['results'][0]['picture']}</arg>
<doc>Logs the given message with the given level.</doc>
<status status="PASS" start="2024-06-29T08:18:04.609079" elapsed="0.000369"/>
</kw>
<status status="PASS" start="2024-06-29T08:18:04.513531" elapsed="0.096174"/>
</kw>
<kw name="Teste de Tipos de Dados - Postcode" owner="random-user-service">
<kw name="GET On Session" owner="RequestsLibrary">
<msg time="2024-06-29T08:18:04.700113" level="INFO">GET Request : url=https://randomuser.me/api 
 path_url=/api 
 headers={'User-Agent': 'python-requests/2.32.3', 'Accept-Encoding': 'gzip, deflate', 'Accept': '*/*', 'Connection': 'keep-alive'} 
 body=None 
 </msg>
<msg time="2024-06-29T08:18:04.700223" level="INFO">GET Response : url=https://randomuser.me/api 
 status=200, reason=OK 
 headers={'Date': 'Sat, 29 Jun 2024 08:18:04 GMT', 'Content-Type': 'application/json; charset=utf-8', 'Transfer-Encoding': 'chunked', 'Connection': 'keep-alive', 'X-Powered-By': 'Express', 'Access-Control-Allow-Origin': '*', 'Cache-Control': 'no-cache', 'ETag': 'W/"48c-NDHox8IG74Bx+st2osiKvP5IBQ4"', 'Vary': 'Accept-Encoding', 'Content-Encoding': 'gzip', 'CF-Cache-Status': 'DYNAMIC', 'Report-To': '{"endpoints":[{"url":"https:\\/\\/a.nel.cloudflare.com\\/report\\/v4?s=FdKrBHBK9fuW6kFhl%2FN3FXinrpDFl1n7byW1Eccjsp7%2Bxi4VzCuk3KFOBY3geXsPi6qApg%2FvZDBSkgO%2Be6l3j0rqo5s5kWWUkyyHwMDgVIkFBwNxn2JrilzAxWopUZUi"}],"group":"cf-nel","max_age":604800}', 'NEL': '{"success_fraction":0,"report_to":"cf-nel","max_age":604800}', 'Server': 'cloudflare', 'CF-RAY': '89b47bdadb5f174e-SJC', 'alt-svc': 'h3=":443"; ma=86400'} 
 body={"results":[{"gender":"female","name":{"title":"Mrs","first":"Anni","last":"Justi"},"location":{"street":{"number":9809,"name":"Pispalan Valtatie"},"city":"Juupajoki","state":"Päijät-Häme","country":"Finland","postcode":61782,"coordinates":{"latitude":"-25.8317","longitude":"28.3315"},"timezone":{"offset":"+9:30","description":"Adelaide, Darwin"}},"email":"anni.justi@example.com","login":{"uuid":"138ef939-95b6-4c8d-ae51-a680610735a2","username":"bigmouse480","password":"flyfish","salt":"wTyWGYy6","md5":"4e131e9155624e46360df7d62bc4d14c","sha1":"c72a3634b6202e325c6f43a45e7f9865b5e33838","sha256":"0634bbe073dea8d85352e34e00804f3713f7e33430b11b8fcc513b7a09fcc63b"},"dob":{"date":"1976-01-15T21:57:27.688Z","age":48},"registered":{"date":"2002-04-04T22:01:06.908Z","age":22},"phone":"02-041-361","cell":"049-652-03-29","id":{"name":"HETU","value":"NaNNA466undefined"},"picture":{"large":"https://randomuser.me/api/portraits/women/36.jpg","medium":"https://randomuser.me/api/portraits/med/women/36.jpg","thumbnail":"https://randomuser.me/api/portraits/thumb/women/36.jpg"},"nat":"FI"}],"info":{"seed":"55de7e64bc6c4d41","results":1,"page":1,"version":"1.4"}} 
 </msg>
<msg time="2024-06-29T08:18:04.700304" level="INFO">/opt/hostedtoolcache/Python/3.12.4/x64/lib/python3.12/site-packages/urllib3/connectionpool.py:1099: InsecureRequestWarning: Unverified HTTPS request is being made to host 'randomuser.me'. Adding certificate verification is strongly advised. See: https://urllib3.readthedocs.io/en/latest/advanced-usage.html#tls-warnings
  warnings.warn(</msg>
<msg time="2024-06-29T08:18:04.700459" level="INFO">${response} = &lt;Response [200]&gt;</msg>
<var>${response}</var>
<arg>consultarAPI</arg>
<arg>/api</arg>
<doc>Sends a GET request on a previously created HTTP Session.</doc>
<status status="PASS" start="2024-06-29T08:18:04.610156" elapsed="0.090355"/>
</kw>
<kw name="Set Variable" owner="BuiltIn">
<msg time="2024-06-29T08:18:04.701605" level="INFO">${json_data} = {'results': [{'gender': 'female', 'name': {'title': 'Mrs', 'first': 'Anni', 'last': 'Justi'}, 'location': {'street': {'number': 9809, 'name': 'Pispalan Valtatie'}, 'city': 'Juupajoki', 'state': 'Päijä...</msg>
<var>${json_data}</var>
<arg>${response.json()}</arg>
<doc>Returns the given values which can then be assigned to a variables.</doc>
<status status="PASS" start="2024-06-29T08:18:04.701101" elapsed="0.000533"/>
</kw>
<kw name="Log" owner="BuiltIn">
<msg time="2024-06-29T08:18:04.702099" level="INFO">{'results': [{'gender': 'female', 'name': {'title': 'Mrs', 'first': 'Anni', 'last': 'Justi'}, 'location': {'street': {'number': 9809, 'name': 'Pispalan Valtatie'}, 'city': 'Juupajoki', 'state': 'Päijät-Häme', 'country': 'Finland', 'postcode': 61782, 'coordinates': {'latitude': '-25.8317', 'longitude': '28.3315'}, 'timezone': {'offset': '+9:30', 'description': 'Adelaide, Darwin'}}, 'email': 'anni.justi@example.com', 'login': {'uuid': '138ef939-95b6-4c8d-ae51-a680610735a2', 'username': 'bigmouse480', 'password': 'flyfish', 'salt': 'wTyWGYy6', 'md5': '4e131e9155624e46360df7d62bc4d14c', 'sha1': 'c72a3634b6202e325c6f43a45e7f9865b5e33838', 'sha256': '0634bbe073dea8d85352e34e00804f3713f7e33430b11b8fcc513b7a09fcc63b'}, 'dob': {'date': '1976-01-15T21:57:27.688Z', 'age': 48}, 'registered': {'date': '2002-04-04T22:01:06.908Z', 'age': 22}, 'phone': '02-041-361', 'cell': '049-652-03-29', 'id': {'name': 'HETU', 'value': 'NaNNA466undefined'}, 'picture': {'large': 'https://randomuser.me/api/portraits/women/36.jpg', 'medium': 'https://randomuser.me/api/portraits/med/women/36.jpg', 'thumbnail': 'https://randomuser.me/api/portraits/thumb/women/36.jpg'}, 'nat': 'FI'}], 'info': {'seed': '55de7e64bc6c4d41', 'results': 1, 'page': 1, 'version': '1.4'}}</msg>
<arg>${json_data}</arg>
<doc>Logs the given message with the given level.</doc>
<status status="PASS" start="2024-06-29T08:18:04.701939" elapsed="0.000209"/>
</kw>
<kw name="Should Be Equal As Numbers" owner="BuiltIn">
<arg>${json_data['results'][0]['location']['postcode']}</arg>
<arg>${json_data['results'][0]['location']['postcode']}</arg>
<doc>Fails if objects are unequal after converting them to real numbers.</doc>
<status status="PASS" start="2024-06-29T08:18:04.702439" elapsed="0.000616"/>
</kw>
<kw name="Log" owner="BuiltIn">
<msg time="2024-06-29T08:18:04.703818" level="INFO">61782</msg>
<arg>${json_data['results'][0]['location']['postcode']}</arg>
<doc>Logs the given message with the given level.</doc>
<status status="PASS" start="2024-06-29T08:18:04.703320" elapsed="0.000539"/>
</kw>
<status status="PASS" start="2024-06-29T08:18:04.609931" elapsed="0.094181"/>
</kw>
<doc>Testa se os tipos de dados na resposta da API estão corretos.</doc>
<tag>testeTiposDados</tag>
<status status="PASS" start="2024-06-29T08:18:04.513102" elapsed="0.191174"/>
</test>
<test id="s1-s1-t5" name="Validar conteudo" line="35">
<kw name="Teste de Tipos de Conteudo" owner="random-user-service">
<kw name="GET On Session" owner="RequestsLibrary">
<msg time="2024-06-29T08:18:04.802902" level="INFO">GET Request : url=https://randomuser.me/api 
 path_url=/api 
 headers={'User-Agent': 'python-requests/2.32.3', 'Accept-Encoding': 'gzip, deflate', 'Accept': '*/*', 'Connection': 'keep-alive'} 
 body=None 
 </msg>
<msg time="2024-06-29T08:18:04.803011" level="INFO">GET Response : url=https://randomuser.me/api 
 status=200, reason=OK 
 headers={'Date': 'Sat, 29 Jun 2024 08:18:04 GMT', 'Content-Type': 'application/json; charset=utf-8', 'Transfer-Encoding': 'chunked', 'Connection': 'keep-alive', 'X-Powered-By': 'Express', 'Access-Control-Allow-Origin': '*', 'Cache-Control': 'no-cache', 'ETag': 'W/"4a4-FnaFnFys3ZeIyjWsocgxhwUUdx4"', 'Vary': 'Accept-Encoding', 'Content-Encoding': 'gzip', 'CF-Cache-Status': 'DYNAMIC', 'Report-To': '{"endpoints":[{"url":"https:\\/\\/a.nel.cloudflare.com\\/report\\/v4?s=STeh8qatRFFGgJTN%2B%2BMFCjkwb6mGs6noO6Y2RJinEKuYY6i7kJPzMZtKWbTsCHRb8eh0b8Oid9BHSBp66aa3FWoNdqNCgCtkc1dbCskh12yekDC1%2BtaTRvJ0hjVbIyZe"}],"group":"cf-nel","max_age":604800}', 'NEL': '{"success_fraction":0,"report_to":"cf-nel","max_age":604800}', 'Server': 'cloudflare', 'CF-RAY': '89b47bdb7bd4174e-SJC', 'alt-svc': 'h3=":443"; ma=86400'} 
 body={"results":[{"gender":"female","name":{"title":"Mrs","first":"Sophie","last":"Ambrose"},"location":{"street":{"number":2866,"name":"Coastal Highway"},"city":"Cornwall","state":"Newfoundland and Labrador","country":"Canada","postcode":"K1G 8W4","coordinates":{"latitude":"-68.1712","longitude":"36.3608"},"timezone":{"offset":"-8:00","description":"Pacific Time (US &amp; Canada)"}},"email":"sophie.ambrose@example.com","login":{"uuid":"f0824436-823f-40f7-b2a8-ce1496c29914","username":"orangerabbit941","password":"mutant","salt":"in7c7C0i","md5":"92160fa98a05555fcbf6b867a57d25e8","sha1":"e4969371903b827003033d6438d5a12e6c93e979","sha256":"3bd4a5bbeb8b00bd88ff0001367e50458af7e839e1c8c58a8f2ff79b686f5219"},"dob":{"date":"1949-05-09T05:27:04.722Z","age":75},"registered":{"date":"2008-04-29T08:33:07.262Z","age":16},"phone":"L71 P50-2446","cell":"V25 F82-2027","id":{"name":"SIN","value":"925547978"},"picture":{"large":"https://randomuser.me/api/portraits/women/55.jpg","medium":"https://randomuser.me/api/portraits/med/women/55.jpg","thumbnail":"https://randomuser.me/api/portraits/thumb/women/55.jpg"},"nat":"CA"}],"info":{"seed":"80b0e9a5c8269fc8","results":1,"page":1,"version":"1.4"}} 
 </msg>
<msg time="2024-06-29T08:18:04.803092" level="INFO">/opt/hostedtoolcache/Python/3.12.4/x64/lib/python3.12/site-packages/urllib3/connectionpool.py:1099: InsecureRequestWarning: Unverified HTTPS request is being made to host 'randomuser.me'. Adding certificate verification is strongly advised. See: https://urllib3.readthedocs.io/en/latest/advanced-usage.html#tls-warnings
  warnings.warn(</msg>
<msg time="2024-06-29T08:18:04.803267" level="INFO">${response} = &lt;Response [200]&gt;</msg>
<var>${response}</var>
<arg>consultarAPI</arg>
<arg>/api</arg>
<doc>Sends a GET request on a previously created HTTP Session.</doc>
<status status="PASS" start="2024-06-29T08:18:04.706653" elapsed="0.096666"/>
</kw>
<kw name="Set Variable" owner="BuiltIn">
<msg time="2024-06-29T08:18:04.804269" level="INFO">${json_data} = {'results': [{'gender': 'female', 'name': {'title': 'Mrs', 'first': 'Sophie', 'last': 'Ambrose'}, 'location': {'street': {'number': 2866, 'name': 'Coastal Highway'}, 'city': 'Cornwall', 'state': 'Newf...</msg>
<var>${json_data}</var>
<arg>${response.json()}</arg>
<doc>Returns the given values which can then be assigned to a variables.</doc>
<status status="PASS" start="2024-06-29T08:18:04.803790" elapsed="0.000507"/>
</kw>
<kw name="Set Variable" owner="BuiltIn">
<msg time="2024-06-29T08:18:04.804964" level="INFO">${name_title} = Mrs</msg>
<var>${name_title}</var>
<arg>${json_data["results"][0]["name"]["title"]}</arg>
<doc>Returns the given values which can then be assigned to a variables.</doc>
<status status="PASS" start="2024-06-29T08:18:04.804593" elapsed="0.000396"/>
</kw>
<kw name="Create List" owner="BuiltIn">
<msg time="2024-06-29T08:18:04.805420" level="INFO">${allowed_titles} = ['Mr', 'Ms', 'Miss', 'Mrs', 'Madame', 'Monsieur']</msg>
<var>${allowed_titles}</var>
<arg>Mr</arg>
<arg>Ms</arg>
<arg>Miss</arg>
<arg>Mrs</arg>
<arg>Madame</arg>
<arg>Monsieur</arg>
<doc>Returns a list containing given items.</doc>
<status status="PASS" start="2024-06-29T08:18:04.805276" elapsed="0.000167"/>
</kw>
<kw name="List Should Contain Value" owner="Collections">
<arg>${allowed_titles}</arg>
<arg>${name_title}</arg>
<doc>Fails if the ``value`` is not found from ``list``.</doc>
<status status="PASS" start="2024-06-29T08:18:04.805736" elapsed="0.000179"/>
</kw>
<kw name="Set Variable" owner="BuiltIn">
<msg time="2024-06-29T08:18:04.806452" level="INFO">${name_country} = CA</msg>
<var>${name_country}</var>
<arg>${json_data["results"][0]["nat"]}</arg>
<doc>Returns the given values which can then be assigned to a variables.</doc>
<status status="PASS" start="2024-06-29T08:18:04.806093" elapsed="0.000382"/>
</kw>
<kw name="Create List" owner="BuiltIn">
<msg time="2024-06-29T08:18:04.807393" level="INFO">${list_country} = ['AD', 'AE', 'AF', 'AG', 'AI', 'AL', 'AM', 'AO', 'AQ', 'AR', 'AS', 'AT', 'AU', 'AW', 'AX', 'AZ', 'BA', 'BB', 'BD', 'BE', 'BF', 'BG', 'BH', 'BI', 'BJ', 'BL', 'BM', 'BN', 'BO', 'BQ', 'BR', 'BS', 'BT', '...</msg>
<var>${list_country}</var>
<arg>AD</arg>
<arg>AE</arg>
<arg>AF</arg>
<arg>AG</arg>
<arg>AI</arg>
<arg>AL</arg>
<arg>AM</arg>
<arg>AO</arg>
<arg>AQ</arg>
<arg>AR</arg>
<arg>AS</arg>
<arg>AT</arg>
<arg>AU</arg>
<arg>AW</arg>
<arg>AX</arg>
<arg>AZ</arg>
<arg>BA</arg>
<arg>BB</arg>
<arg>BD</arg>
<arg>BE</arg>
<arg>BF</arg>
<arg>BG</arg>
<arg>BH</arg>
<arg>BI</arg>
<arg>BJ</arg>
<arg>BL</arg>
<arg>BM</arg>
<arg>BN</arg>
<arg>BO</arg>
<arg>BQ</arg>
<arg>BR</arg>
<arg>BS</arg>
<arg>BT</arg>
<arg>BV</arg>
<arg>BW</arg>
<arg>BY</arg>
<arg>BZ</arg>
<arg>CA</arg>
<arg>CC</arg>
<arg>CD</arg>
<arg>CF</arg>
<arg>CG</arg>
<arg>CH</arg>
<arg>CI</arg>
<arg>CK</arg>
<arg>CL</arg>
<arg>CM</arg>
<arg>CN</arg>
<arg>CO</arg>
<arg>CR</arg>
<arg>CU</arg>
<arg>CV</arg>
<arg>CW</arg>
<arg>CX</arg>
<arg>CY</arg>
<arg>CZ</arg>
<arg>DE</arg>
<arg>DJ</arg>
<arg>DK</arg>
<arg>DM</arg>
<arg>DO</arg>
<arg>DZ</arg>
<arg>EC</arg>
<arg>EE</arg>
<arg>EG</arg>
<arg>EH</arg>
<arg>ER</arg>
<arg>ES</arg>
<arg>ET</arg>
<arg>FI</arg>
<arg>FJ</arg>
<arg>FK</arg>
<arg>FM</arg>
<arg>FO</arg>
<arg>FR</arg>
<arg>GA</arg>
<arg>GB</arg>
<arg>GD</arg>
<arg>GE</arg>
<arg>GF</arg>
<arg>GG</arg>
<arg>GH</arg>
<arg>GI</arg>
<arg>GL</arg>
<arg>GM</arg>
<arg>GN</arg>
<arg>GP</arg>
<arg>GQ</arg>
<arg>GR</arg>
<arg>GS</arg>
<arg>GT</arg>
<arg>GU</arg>
<arg>GW</arg>
<arg>GY</arg>
<arg>HK</arg>
<arg>HM</arg>
<arg>HN</arg>
<arg>HR</arg>
<arg>HT</arg>
<arg>HU</arg>
<arg>ID</arg>
<arg>IE</arg>
<arg>IL</arg>
<arg>IM</arg>
<arg>IN</arg>
<arg>IO</arg>
<arg>IQ</arg>
<arg>IR</arg>
<arg>IS</arg>
<arg>IT</arg>
<arg>JE</arg>
<arg>JM</arg>
<arg>JO</arg>
<arg>JP</arg>
<arg>KE</arg>
<arg>KG</arg>
<arg>KH</arg>
<arg>KI</arg>
<arg>KM</arg>
<arg>KN</arg>
<arg>KP</arg>
<arg>KR</arg>
<arg>KW</arg>
<arg>KY</arg>
<arg>KZ</arg>
<arg>LA</arg>
<arg>LB</arg>
<arg>LC</arg>
<arg>LI</arg>
<arg>LK</arg>
<arg>LR</arg>
<arg>LS</arg>
<arg>LT</arg>
<arg>LU</arg>
<arg>LV</arg>
<arg>LY</arg>
<arg>MA</arg>
<arg>MC</arg>
<arg>MD</arg>
<arg>ME</arg>
<arg>MF</arg>
<arg>MG</arg>
<arg>MH</arg>
<arg>MK</arg>
<arg>ML</arg>
<arg>MM</arg>
<arg>MN</arg>
<arg>MO</arg>
<arg>MP</arg>
<arg>MQ</arg>
<arg>MR</arg>
<arg>MS</arg>
<arg>MT</arg>
<arg>MU</arg>
<arg>MV</arg>
<arg>MW</arg>
<arg>MX</arg>
<arg>MY</arg>
<arg>MZ</arg>
<arg>NA</arg>
<arg>NC</arg>
<arg>NE</arg>
<arg>NF</arg>
<arg>NG</arg>
<arg>NI</arg>
<arg>NL</arg>
<arg>NO</arg>
<arg>NP</arg>
<arg>NR</arg>
<arg>NU</arg>
<arg>NZ</arg>
<arg>OM</arg>
<arg>PA</arg>
<arg>PE</arg>
<arg>PF</arg>
<arg>PG</arg>
<arg>PH</arg>
<arg>PK</arg>
<arg>PL</arg>
<arg>PM</arg>
<arg>PN</arg>
<arg>PR</arg>
<arg>PS</arg>
<arg>PT</arg>
<arg>PW</arg>
<arg>PY</arg>
<arg>QA</arg>
<arg>RE</arg>
<arg>RO</arg>
<arg>RS</arg>
<arg>RU</arg>
<arg>RW</arg>
<arg>SA</arg>
<arg>SB</arg>
<arg>SC</arg>
<arg>SD</arg>
<arg>SE</arg>
<arg>SG</arg>
<arg>SH</arg>
<arg>SI</arg>
<arg>SJ</arg>
<arg>SK</arg>
<arg>SL</arg>
<arg>SM</arg>
<arg>SN</arg>
<arg>SO</arg>
<arg>SR</arg>
<arg>SS</arg>
<arg>ST</arg>
<arg>SV</arg>
<arg>SX</arg>
<arg>SY</arg>
<arg>SZ</arg>
<arg>TC</arg>
<arg>TD</arg>
<arg>TF</arg>
<arg>TG</arg>
<arg>TH</arg>
<arg>TJ</arg>
<arg>TK</arg>
<arg>TL</arg>
<arg>TM</arg>
<arg>TN</arg>
<arg>TO</arg>
<arg>TR</arg>
<arg>TT</arg>
<arg>TV</arg>
<arg>TW</arg>
<arg>TZ</arg>
<arg>UA</arg>
<arg>UG</arg>
<arg>UM</arg>
<arg>US</arg>
<arg>UY</arg>
<arg>UZ</arg>
<arg>VA</arg>
<arg>VC</arg>
<arg>VE</arg>
<arg>VG</arg>
<arg>VI</arg>
<arg>VN</arg>
<arg>VU</arg>
<arg>WF</arg>
<arg>WS</arg>
<arg>XK</arg>
<arg>YE</arg>
<arg>YT</arg>
<arg>ZA</arg>
<arg>ZM</arg>
<arg>ZW</arg>
<doc>Returns a list containing given items.</doc>
<status status="PASS" start="2024-06-29T08:18:04.806755" elapsed="0.000663"/>
</kw>
<kw name="List Should Contain Value" owner="Collections">
<arg>${list_country}</arg>
<arg>${name_country}</arg>
<doc>Fails if the ``value`` is not found from ``list``.</doc>
<status status="PASS" start="2024-06-29T08:18:04.808211" elapsed="0.000198"/>
</kw>
<kw name="Run Keyword If" owner="BuiltIn">
<kw name="Should Be True" owner="BuiltIn">
<arg>${True}</arg>
<doc>Fails if the given condition is not true.</doc>
<status status="PASS" start="2024-06-29T08:18:04.809340" elapsed="0.000139"/>
</kw>
<arg>${json_data["results"][0]["location"]["coordinates"]["latitude"]} &gt;= -90 and ${json_data["results"][0]["location"]["coordinates"]["latitude"]} &lt;= 90</arg>
<arg>Should Be True</arg>
<arg>${True}</arg>
<doc>Runs the given keyword with the given arguments, if ``condition`` is true.</doc>
<status status="PASS" start="2024-06-29T08:18:04.808600" elapsed="0.001002"/>
</kw>
<kw name="Run Keyword If" owner="BuiltIn">
<kw name="Should Be True" owner="BuiltIn">
<arg>${True}</arg>
<doc>Fails if the given condition is not true.</doc>
<status status="PASS" start="2024-06-29T08:18:04.810454" elapsed="0.000235"/>
</kw>
<arg>${json_data["results"][0]["location"]["coordinates"]["longitude"]} &gt;= -180 and ${json_data["results"][0]["location"]["coordinates"]["longitude"]} &lt;= 180</arg>
<arg>Should Be True</arg>
<arg>${True}</arg>
<doc>Runs the given keyword with the given arguments, if ``condition`` is true.</doc>
<status status="PASS" start="2024-06-29T08:18:04.809777" elapsed="0.001035"/>
</kw>
<status status="PASS" start="2024-06-29T08:18:04.706434" elapsed="0.104506"/>
</kw>
<doc>Testa o conteúdo específico dos campos retornados pela API.</doc>
<tag>testeConteudo</tag>
<status status="PASS" start="2024-06-29T08:18:04.705986" elapsed="0.105101"/>
</test>
<status status="PASS" start="2024-06-29T08:18:03.701278" elapsed="1.111744"/>
</suite>
<status status="PASS" start="2024-06-29T08:18:03.686944" elapsed="1.131076"/>
</suite>
<statistics>
<total>
<stat pass="5" fail="0" skip="0">All Tests</stat>
</total>
<tag>
<stat pass="1" fail="0" skip="0">testeConteudo</stat>
<stat pass="1" fail="0" skip="0">testeEstruturaResposta</stat>
<stat pass="1" fail="0" skip="0">testeRequisicaoBasica</stat>
<stat pass="1" fail="0" skip="0">testeTiposDados</stat>
</tag>
<suite>
<stat pass="5" fail="0" skip="0" id="s1" name="Tests">Tests</stat>
<stat pass="5" fail="0" skip="0" id="s1-s1" name="Random-User-Test">Tests.Random-User-Test</stat>
</suite>
</statistics>
<errors>
</errors>
</robot>
