<?xml version="1.0" encoding="UTF-8"?>
<robot generator="Robot 7.0 (Python 3.12.3 on linux)" generated="2024-05-14T02:26:16.693062" rpa="false" schemaversion="5">
<suite id="s1" name="Tests" source="/home/runner/work/DesafioQAItauRogerioJordao/DesafioQAItauRogerioJordao/RamdonUser/tests">
<suite id="s1-s1" name="Random-User-Test" source="/home/runner/work/DesafioQAItauRogerioJordao/DesafioQAItauRogerioJordao/RamdonUser/tests/random-user-test.robot">
<test id="s1-s1-t1" name="Conectar" line="13">
<kw name="Conectar API" owner="random-user-service">
<kw name="Create Session" owner="RequestsLibrary">
<msg time="2024-05-14T02:26:17.065853" level="INFO">Creating Session using : alias=consultarAPI, url=https://randomuser.me/, headers={},                     cookies={}, auth=None, timeout=None, proxies=None, verify=False,                     debug=0 </msg>
<arg>consultarAPI</arg>
<arg>${URL}</arg>
<doc>Create Session: create a HTTP session to a server</doc>
<status status="PASS" start="2024-05-14T02:26:17.065648" elapsed="0.000393"/>
</kw>
<status status="PASS" start="2024-05-14T02:26:17.064657" elapsed="0.001750"/>
</kw>
<status status="PASS" start="2024-05-14T02:26:17.064036" elapsed="0.002569"/>
</test>
<test id="s1-s1-t2" name="Validar retorno 200 e JSON Válido" line="16">
<kw name="Teste de Requisicao Basica" owner="random-user-service">
<kw name="GET On Session" owner="RequestsLibrary">
<msg time="2024-05-14T02:26:17.209174" level="INFO">GET Request : url=https://randomuser.me/api 
 path_url=/api 
 headers={'User-Agent': 'python-requests/2.31.0', 'Accept-Encoding': 'gzip, deflate', 'Accept': '*/*', 'Connection': 'keep-alive'} 
 body=None 
 </msg>
<msg time="2024-05-14T02:26:17.209322" level="INFO">GET Response : url=https://randomuser.me/api 
 status=200, reason=OK 
 headers={'Date': 'Tue, 14 May 2024 02:26:17 GMT', 'Content-Type': 'application/json; charset=utf-8', 'Transfer-Encoding': 'chunked', 'Connection': 'keep-alive', 'X-Powered-By': 'Express', 'Access-Control-Allow-Origin': '*', 'Cache-Control': 'no-cache', 'ETag': 'W/"487-ta9DwNbcdEn3q+atJvXIggOKJg4"', 'Vary': 'Accept-Encoding', 'Content-Encoding': 'gzip', 'CF-Cache-Status': 'DYNAMIC', 'Report-To': '{"endpoints":[{"url":"https:\\/\\/a.nel.cloudflare.com\\/report\\/v4?s=yWLDp2qleDf9G69GACz4zP2mUjrrahF0BIeofzyvjVa3qHX75631DhuXof56wFwe8AJszKPvq5m%2Bl6bANocc4fl5sGk6diZxx2Au7gsrbvyzbaTGf9IBkFIcXectBBRi"}],"group":"cf-nel","max_age":604800}', 'NEL': '{"success_fraction":0,"report_to":"cf-nel","max_age":604800}', 'Server': 'cloudflare', 'CF-RAY': '88377148e8bf1183-ORD', 'alt-svc': 'h3=":443"; ma=86400'} 
 body={"results":[{"gender":"male","name":{"title":"Mr","first":"Bryan","last":"Boyd"},"location":{"street":{"number":934,"name":"Lone Wolf Trail"},"city":"Warren","state":"California","country":"United States","postcode":55478,"coordinates":{"latitude":"82.1828","longitude":"-91.8524"},"timezone":{"offset":"+7:00","description":"Bangkok, Hanoi, Jakarta"}},"email":"bryan.boyd@example.com","login":{"uuid":"21d17f18-dab5-4a88-a269-d414fecee980","username":"happymeercat831","password":"blue99","salt":"2NTwOHHN","md5":"4f4b0c1bf3457fa28a61d6ed66e906c8","sha1":"5aa1d95311580e719e2c057a33ffaca049a91939","sha256":"79fedde3e9f2a2cff2f443c20313e608450ce0f73eeced5ef6ffb6b87f8457df"},"dob":{"date":"1960-05-14T02:52:10.838Z","age":63},"registered":{"date":"2004-05-01T04:50:16.655Z","age":20},"phone":"(987) 995-5086","cell":"(606) 292-2343","id":{"name":"SSN","value":"739-62-3886"},"picture":{"large":"https://randomuser.me/api/portraits/men/31.jpg","medium":"https://randomuser.me/api/portraits/med/men/31.jpg","thumbnail":"https://randomuser.me/api/portraits/thumb/men/31.jpg"},"nat":"US"}],"info":{"seed":"abb24e056a857578","results":1,"page":1,"version":"1.4"}} 
 </msg>
<msg time="2024-05-14T02:26:17.209404" level="INFO">/opt/hostedtoolcache/Python/3.12.3/x64/lib/python3.12/site-packages/urllib3/connectionpool.py:1103: InsecureRequestWarning: Unverified HTTPS request is being made to host 'randomuser.me'. Adding certificate verification is strongly advised. See: https://urllib3.readthedocs.io/en/latest/advanced-usage.html#tls-warnings
  warnings.warn(</msg>
<msg time="2024-05-14T02:26:17.209569" level="INFO">${response} = &lt;Response [200]&gt;</msg>
<var>${response}</var>
<arg>consultarAPI</arg>
<arg>/api</arg>
<doc>Sends a GET request on a previously created HTTP Session.</doc>
<status status="PASS" start="2024-05-14T02:26:17.069399" elapsed="0.140215"/>
</kw>
<kw name="Should Be Equal As Numbers" owner="BuiltIn">
<msg time="2024-05-14T02:26:17.210642" level="INFO">Argument types are:
&lt;class 'int'&gt;
&lt;class 'str'&gt;</msg>
<arg>${response.status_code}</arg>
<arg>200</arg>
<doc>Fails if objects are unequal after converting them to real numbers.</doc>
<status status="PASS" start="2024-05-14T02:26:17.210173" elapsed="0.000536"/>
</kw>
<kw name="Log" owner="BuiltIn">
<msg time="2024-05-14T02:26:17.211421" level="INFO">200</msg>
<arg>${response.status_code}</arg>
<doc>Logs the given message with the given level.</doc>
<status status="PASS" start="2024-05-14T02:26:17.211066" elapsed="0.000398"/>
</kw>
<kw name="Set Variable" owner="BuiltIn">
<msg time="2024-05-14T02:26:17.212259" level="INFO">${json_data} = {'results': [{'gender': 'male', 'name': {'title': 'Mr', 'first': 'Bryan', 'last': 'Boyd'}, 'location': {'street': {'number': 934, 'name': 'Lone Wolf Trail'}, 'city': 'Warren', 'state': 'California', '...</msg>
<var>${json_data}</var>
<arg>${response.json()}</arg>
<doc>Returns the given values which can then be assigned to a variables.</doc>
<status status="PASS" start="2024-05-14T02:26:17.211771" elapsed="0.000516"/>
</kw>
<kw name="Dictionary Should Contain Key" owner="Collections">
<msg time="2024-05-14T02:26:17.212766" level="INFO">False</msg>
<arg>${json_data}</arg>
<arg>results</arg>
<doc>Fails if ``key`` is not found from ``dictionary``.</doc>
<status status="PASS" start="2024-05-14T02:26:17.212593" elapsed="0.000214"/>
</kw>
<status status="PASS" start="2024-05-14T02:26:17.069150" elapsed="0.143916"/>
</kw>
<doc>Testa se a API responde corretamente e retorna um objeto JSON válido.</doc>
<tag>testeRequisicaoBasica</tag>
<status status="PASS" start="2024-05-14T02:26:17.068620" elapsed="0.144635"/>
</test>
<test id="s1-s1-t3" name="Validar estrutura de resposta" line="22">
<kw name="Teste de Estrutura de Resposta" owner="random-user-service">
<kw name="GET On Session" owner="RequestsLibrary">
<msg time="2024-05-14T02:26:17.272715" level="INFO">GET Request : url=https://randomuser.me/api 
 path_url=/api 
 headers={'User-Agent': 'python-requests/2.31.0', 'Accept-Encoding': 'gzip, deflate', 'Accept': '*/*', 'Connection': 'keep-alive'} 
 body=None 
 </msg>
<msg time="2024-05-14T02:26:17.272838" level="INFO">GET Response : url=https://randomuser.me/api 
 status=200, reason=OK 
 headers={'Date': 'Tue, 14 May 2024 02:26:17 GMT', 'Content-Type': 'application/json; charset=utf-8', 'Transfer-Encoding': 'chunked', 'Connection': 'keep-alive', 'X-Powered-By': 'Express', 'Access-Control-Allow-Origin': '*', 'Cache-Control': 'no-cache', 'ETag': 'W/"49b-4o6IjpKSZhEm05DACSCwG7+0Mcw"', 'Vary': 'Accept-Encoding', 'Content-Encoding': 'gzip', 'CF-Cache-Status': 'DYNAMIC', 'Report-To': '{"endpoints":[{"url":"https:\\/\\/a.nel.cloudflare.com\\/report\\/v4?s=TOIb7TVpdVPB4ZrmB1jKbjSGwHMtphwv9gtxd6kih%2FE8ZRZa%2F3ShyB%2FIPF%2BM1375Pa4JHB6wEK%2BNCaZ%2BEDXDT3dsR8ORmbSV%2BwHCCGPEpgShKWGgi96mgw33YQX%2Bj7F4"}],"group":"cf-nel","max_age":604800}', 'NEL': '{"success_fraction":0,"report_to":"cf-nel","max_age":604800}', 'Server': 'cloudflare', 'CF-RAY': '8837714999f11183-ORD', 'alt-svc': 'h3=":443"; ma=86400'} 
 body={"results":[{"gender":"male","name":{"title":"Mr","first":"Karsten","last":"Post"},"location":{"street":{"number":6894,"name":"Rosenweg"},"city":"Steinau an der Straße","state":"Saarland","country":"Germany","postcode":95319,"coordinates":{"latitude":"-49.9770","longitude":"-42.3346"},"timezone":{"offset":"+11:00","description":"Magadan, Solomon Islands, New Caledonia"}},"email":"karsten.post@example.com","login":{"uuid":"9afbcdbf-2dda-4426-a524-d4b15477a28d","username":"blackfish843","password":"fastball","salt":"hY2Opjx4","md5":"05097829a995207b39ba690a9a8217c7","sha1":"607fa2a61fc7c916c149b046dd0842cc9b1c1fdd","sha256":"f324112ad40f0d153436e2488760748ab650be8a575aee1c694d1c67c6680892"},"dob":{"date":"1959-03-09T12:36:48.324Z","age":65},"registered":{"date":"2016-08-19T11:48:28.793Z","age":7},"phone":"0324-4615895","cell":"0171-5238787","id":{"name":"SVNR","value":"57 090359 P 074"},"picture":{"large":"https://randomuser.me/api/portraits/men/7.jpg","medium":"https://randomuser.me/api/portraits/med/men/7.jpg","thumbnail":"https://randomuser.me/api/portraits/thumb/men/7.jpg"},"nat":"DE"}],"info":{"seed":"2ae1cccca93ea833","results":1,"page":1,"version":"1.4"}} 
 </msg>
<msg time="2024-05-14T02:26:17.272982" level="INFO">/opt/hostedtoolcache/Python/3.12.3/x64/lib/python3.12/site-packages/urllib3/connectionpool.py:1103: InsecureRequestWarning: Unverified HTTPS request is being made to host 'randomuser.me'. Adding certificate verification is strongly advised. See: https://urllib3.readthedocs.io/en/latest/advanced-usage.html#tls-warnings
  warnings.warn(</msg>
<msg time="2024-05-14T02:26:17.273156" level="INFO">${response} = &lt;Response [200]&gt;</msg>
<var>${response}</var>
<arg>consultarAPI</arg>
<arg>/api</arg>
<doc>Sends a GET request on a previously created HTTP Session.</doc>
<status status="PASS" start="2024-05-14T02:26:17.216318" elapsed="0.056886"/>
</kw>
<kw name="Set Variable" owner="BuiltIn">
<msg time="2024-05-14T02:26:17.274248" level="INFO">${json_data} = {'results': [{'gender': 'male', 'name': {'title': 'Mr', 'first': 'Karsten', 'last': 'Post'}, 'location': {'street': {'number': 6894, 'name': 'Rosenweg'}, 'city': 'Steinau an der Straße', 'state': 'Saa...</msg>
<var>${json_data}</var>
<arg>${response.json()}</arg>
<doc>Returns the given values which can then be assigned to a variables.</doc>
<status status="PASS" start="2024-05-14T02:26:17.273712" elapsed="0.000566"/>
</kw>
<kw name="Log" owner="BuiltIn">
<msg time="2024-05-14T02:26:17.274767" level="INFO">{'results': [{'gender': 'male', 'name': {'title': 'Mr', 'first': 'Karsten', 'last': 'Post'}, 'location': {'street': {'number': 6894, 'name': 'Rosenweg'}, 'city': 'Steinau an der Straße', 'state': 'Saarland', 'country': 'Germany', 'postcode': 95319, 'coordinates': {'latitude': '-49.9770', 'longitude': '-42.3346'}, 'timezone': {'offset': '+11:00', 'description': 'Magadan, Solomon Islands, New Caledonia'}}, 'email': 'karsten.post@example.com', 'login': {'uuid': '9afbcdbf-2dda-4426-a524-d4b15477a28d', 'username': 'blackfish843', 'password': 'fastball', 'salt': 'hY2Opjx4', 'md5': '05097829a995207b39ba690a9a8217c7', 'sha1': '607fa2a61fc7c916c149b046dd0842cc9b1c1fdd', 'sha256': 'f324112ad40f0d153436e2488760748ab650be8a575aee1c694d1c67c6680892'}, 'dob': {'date': '1959-03-09T12:36:48.324Z', 'age': 65}, 'registered': {'date': '2016-08-19T11:48:28.793Z', 'age': 7}, 'phone': '0324-4615895', 'cell': '0171-5238787', 'id': {'name': 'SVNR', 'value': '57 090359 P 074'}, 'picture': {'large': 'https://randomuser.me/api/portraits/men/7.jpg', 'medium': 'https://randomuser.me/api/portraits/med/men/7.jpg', 'thumbnail': 'https://randomuser.me/api/portraits/thumb/men/7.jpg'}, 'nat': 'DE'}], 'info': {'seed': '2ae1cccca93ea833', 'results': 1, 'page': 1, 'version': '1.4'}}</msg>
<arg>${json_data}</arg>
<doc>Logs the given message with the given level.</doc>
<status status="PASS" start="2024-05-14T02:26:17.274600" elapsed="0.000218"/>
</kw>
<kw name="Dictionary Should Contain Key" owner="Collections">
<msg time="2024-05-14T02:26:17.275285" level="INFO">False</msg>
<arg>${json_data}</arg>
<arg>results</arg>
<doc>Fails if ``key`` is not found from ``dictionary``.</doc>
<status status="PASS" start="2024-05-14T02:26:17.275120" elapsed="0.000204"/>
</kw>
<kw name="Should Not Be Empty" owner="BuiltIn">
<msg time="2024-05-14T02:26:17.275761" level="INFO">Length is 2.</msg>
<arg>${json_data}</arg>
<doc>Verifies that the given item is not empty.</doc>
<status status="PASS" start="2024-05-14T02:26:17.275627" elapsed="0.000382"/>
</kw>
<kw name="Create List" owner="BuiltIn">
<msg time="2024-05-14T02:26:17.276486" level="INFO">${expected_keys} = ['gender', 'name', 'location', 'email', 'login']</msg>
<var>${expected_keys}</var>
<arg>gender</arg>
<arg>name</arg>
<arg>location</arg>
<arg>email</arg>
<arg>login</arg>
<doc>Returns a list containing given items.</doc>
<status status="PASS" start="2024-05-14T02:26:17.276327" elapsed="0.000184"/>
</kw>
<for flavor="IN">
<iter>
<kw name="Dictionary Should Contain Key" owner="Collections">
<msg time="2024-05-14T02:26:17.277536" level="INFO">False</msg>
<arg>${json_data['results'][0]}</arg>
<arg>${key}</arg>
<doc>Fails if ``key`` is not found from ``dictionary``.</doc>
<status status="PASS" start="2024-05-14T02:26:17.277117" elapsed="0.000460"/>
</kw>
<kw name="Log" owner="BuiltIn">
<msg time="2024-05-14T02:26:17.278265" level="INFO">{'gender': 'male', 'name': {'title': 'Mr', 'first': 'Karsten', 'last': 'Post'}, 'location': {'street': {'number': 6894, 'name': 'Rosenweg'}, 'city': 'Steinau an der Straße', 'state': 'Saarland', 'country': 'Germany', 'postcode': 95319, 'coordinates': {'latitude': '-49.9770', 'longitude': '-42.3346'}, 'timezone': {'offset': '+11:00', 'description': 'Magadan, Solomon Islands, New Caledonia'}}, 'email': 'karsten.post@example.com', 'login': {'uuid': '9afbcdbf-2dda-4426-a524-d4b15477a28d', 'username': 'blackfish843', 'password': 'fastball', 'salt': 'hY2Opjx4', 'md5': '05097829a995207b39ba690a9a8217c7', 'sha1': '607fa2a61fc7c916c149b046dd0842cc9b1c1fdd', 'sha256': 'f324112ad40f0d153436e2488760748ab650be8a575aee1c694d1c67c6680892'}, 'dob': {'date': '1959-03-09T12:36:48.324Z', 'age': 65}, 'registered': {'date': '2016-08-19T11:48:28.793Z', 'age': 7}, 'phone': '0324-4615895', 'cell': '0171-5238787', 'id': {'name': 'SVNR', 'value': '57 090359 P 074'}, 'picture': {'large': 'https://randomuser.me/api/portraits/men/7.jpg', 'medium': 'https://randomuser.me/api/portraits/med/men/7.jpg', 'thumbnail': 'https://randomuser.me/api/portraits/thumb/men/7.jpg'}, 'nat': 'DE'}</msg>
<arg>${json_data['results'][0]}</arg>
<doc>Logs the given message with the given level.</doc>
<status status="PASS" start="2024-05-14T02:26:17.277885" elapsed="0.000432"/>
</kw>
<kw name="Log" owner="BuiltIn">
<msg time="2024-05-14T02:26:17.278750" level="INFO">gender</msg>
<arg>${key}</arg>
<doc>Logs the given message with the given level.</doc>
<status status="PASS" start="2024-05-14T02:26:17.278620" elapsed="0.000169"/>
</kw>
<var name="${key}">gender</var>
<status status="PASS" start="2024-05-14T02:26:17.276979" elapsed="0.002024"/>
</iter>
<iter>
<kw name="Dictionary Should Contain Key" owner="Collections">
<msg time="2024-05-14T02:26:17.279696" level="INFO">False</msg>
<arg>${json_data['results'][0]}</arg>
<arg>${key}</arg>
<doc>Fails if ``key`` is not found from ``dictionary``.</doc>
<status status="PASS" start="2024-05-14T02:26:17.279307" elapsed="0.000427"/>
</kw>
<kw name="Log" owner="BuiltIn">
<msg time="2024-05-14T02:26:17.280483" level="INFO">{'gender': 'male', 'name': {'title': 'Mr', 'first': 'Karsten', 'last': 'Post'}, 'location': {'street': {'number': 6894, 'name': 'Rosenweg'}, 'city': 'Steinau an der Straße', 'state': 'Saarland', 'country': 'Germany', 'postcode': 95319, 'coordinates': {'latitude': '-49.9770', 'longitude': '-42.3346'}, 'timezone': {'offset': '+11:00', 'description': 'Magadan, Solomon Islands, New Caledonia'}}, 'email': 'karsten.post@example.com', 'login': {'uuid': '9afbcdbf-2dda-4426-a524-d4b15477a28d', 'username': 'blackfish843', 'password': 'fastball', 'salt': 'hY2Opjx4', 'md5': '05097829a995207b39ba690a9a8217c7', 'sha1': '607fa2a61fc7c916c149b046dd0842cc9b1c1fdd', 'sha256': 'f324112ad40f0d153436e2488760748ab650be8a575aee1c694d1c67c6680892'}, 'dob': {'date': '1959-03-09T12:36:48.324Z', 'age': 65}, 'registered': {'date': '2016-08-19T11:48:28.793Z', 'age': 7}, 'phone': '0324-4615895', 'cell': '0171-5238787', 'id': {'name': 'SVNR', 'value': '57 090359 P 074'}, 'picture': {'large': 'https://randomuser.me/api/portraits/men/7.jpg', 'medium': 'https://randomuser.me/api/portraits/med/men/7.jpg', 'thumbnail': 'https://randomuser.me/api/portraits/thumb/men/7.jpg'}, 'nat': 'DE'}</msg>
<arg>${json_data['results'][0]}</arg>
<doc>Logs the given message with the given level.</doc>
<status status="PASS" start="2024-05-14T02:26:17.280107" elapsed="0.000427"/>
</kw>
<kw name="Log" owner="BuiltIn">
<msg time="2024-05-14T02:26:17.280965" level="INFO">name</msg>
<arg>${key}</arg>
<doc>Logs the given message with the given level.</doc>
<status status="PASS" start="2024-05-14T02:26:17.280836" elapsed="0.000167"/>
</kw>
<var name="${key}">name</var>
<status status="PASS" start="2024-05-14T02:26:17.279191" elapsed="0.002031"/>
</iter>
<iter>
<kw name="Dictionary Should Contain Key" owner="Collections">
<msg time="2024-05-14T02:26:17.281902" level="INFO">False</msg>
<arg>${json_data['results'][0]}</arg>
<arg>${key}</arg>
<doc>Fails if ``key`` is not found from ``dictionary``.</doc>
<status status="PASS" start="2024-05-14T02:26:17.281516" elapsed="0.000424"/>
</kw>
<kw name="Log" owner="BuiltIn">
<msg time="2024-05-14T02:26:17.282605" level="INFO">{'gender': 'male', 'name': {'title': 'Mr', 'first': 'Karsten', 'last': 'Post'}, 'location': {'street': {'number': 6894, 'name': 'Rosenweg'}, 'city': 'Steinau an der Straße', 'state': 'Saarland', 'country': 'Germany', 'postcode': 95319, 'coordinates': {'latitude': '-49.9770', 'longitude': '-42.3346'}, 'timezone': {'offset': '+11:00', 'description': 'Magadan, Solomon Islands, New Caledonia'}}, 'email': 'karsten.post@example.com', 'login': {'uuid': '9afbcdbf-2dda-4426-a524-d4b15477a28d', 'username': 'blackfish843', 'password': 'fastball', 'salt': 'hY2Opjx4', 'md5': '05097829a995207b39ba690a9a8217c7', 'sha1': '607fa2a61fc7c916c149b046dd0842cc9b1c1fdd', 'sha256': 'f324112ad40f0d153436e2488760748ab650be8a575aee1c694d1c67c6680892'}, 'dob': {'date': '1959-03-09T12:36:48.324Z', 'age': 65}, 'registered': {'date': '2016-08-19T11:48:28.793Z', 'age': 7}, 'phone': '0324-4615895', 'cell': '0171-5238787', 'id': {'name': 'SVNR', 'value': '57 090359 P 074'}, 'picture': {'large': 'https://randomuser.me/api/portraits/men/7.jpg', 'medium': 'https://randomuser.me/api/portraits/med/men/7.jpg', 'thumbnail': 'https://randomuser.me/api/portraits/thumb/men/7.jpg'}, 'nat': 'DE'}</msg>
<arg>${json_data['results'][0]}</arg>
<doc>Logs the given message with the given level.</doc>
<status status="PASS" start="2024-05-14T02:26:17.282237" elapsed="0.000419"/>
</kw>
<kw name="Log" owner="BuiltIn">
<msg time="2024-05-14T02:26:17.283080" level="INFO">location</msg>
<arg>${key}</arg>
<doc>Logs the given message with the given level.</doc>
<status status="PASS" start="2024-05-14T02:26:17.282952" elapsed="0.000166"/>
</kw>
<var name="${key}">location</var>
<status status="PASS" start="2024-05-14T02:26:17.281403" elapsed="0.001928"/>
</iter>
<iter>
<kw name="Dictionary Should Contain Key" owner="Collections">
<msg time="2024-05-14T02:26:17.284040" level="INFO">False</msg>
<arg>${json_data['results'][0]}</arg>
<arg>${key}</arg>
<doc>Fails if ``key`` is not found from ``dictionary``.</doc>
<status status="PASS" start="2024-05-14T02:26:17.283613" elapsed="0.000467"/>
</kw>
<kw name="Log" owner="BuiltIn">
<msg time="2024-05-14T02:26:17.284748" level="INFO">{'gender': 'male', 'name': {'title': 'Mr', 'first': 'Karsten', 'last': 'Post'}, 'location': {'street': {'number': 6894, 'name': 'Rosenweg'}, 'city': 'Steinau an der Straße', 'state': 'Saarland', 'country': 'Germany', 'postcode': 95319, 'coordinates': {'latitude': '-49.9770', 'longitude': '-42.3346'}, 'timezone': {'offset': '+11:00', 'description': 'Magadan, Solomon Islands, New Caledonia'}}, 'email': 'karsten.post@example.com', 'login': {'uuid': '9afbcdbf-2dda-4426-a524-d4b15477a28d', 'username': 'blackfish843', 'password': 'fastball', 'salt': 'hY2Opjx4', 'md5': '05097829a995207b39ba690a9a8217c7', 'sha1': '607fa2a61fc7c916c149b046dd0842cc9b1c1fdd', 'sha256': 'f324112ad40f0d153436e2488760748ab650be8a575aee1c694d1c67c6680892'}, 'dob': {'date': '1959-03-09T12:36:48.324Z', 'age': 65}, 'registered': {'date': '2016-08-19T11:48:28.793Z', 'age': 7}, 'phone': '0324-4615895', 'cell': '0171-5238787', 'id': {'name': 'SVNR', 'value': '57 090359 P 074'}, 'picture': {'large': 'https://randomuser.me/api/portraits/men/7.jpg', 'medium': 'https://randomuser.me/api/portraits/med/men/7.jpg', 'thumbnail': 'https://randomuser.me/api/portraits/thumb/men/7.jpg'}, 'nat': 'DE'}</msg>
<arg>${json_data['results'][0]}</arg>
<doc>Logs the given message with the given level.</doc>
<status status="PASS" start="2024-05-14T02:26:17.284384" elapsed="0.000414"/>
</kw>
<kw name="Log" owner="BuiltIn">
<msg time="2024-05-14T02:26:17.285231" level="INFO">email</msg>
<arg>${key}</arg>
<doc>Logs the given message with the given level.</doc>
<status status="PASS" start="2024-05-14T02:26:17.285095" elapsed="0.000174"/>
</kw>
<var name="${key}">email</var>
<status status="PASS" start="2024-05-14T02:26:17.283503" elapsed="0.001977"/>
</iter>
<iter>
<kw name="Dictionary Should Contain Key" owner="Collections">
<msg time="2024-05-14T02:26:17.286200" level="INFO">False</msg>
<arg>${json_data['results'][0]}</arg>
<arg>${key}</arg>
<doc>Fails if ``key`` is not found from ``dictionary``.</doc>
<status status="PASS" start="2024-05-14T02:26:17.285764" elapsed="0.000490"/>
</kw>
<kw name="Log" owner="BuiltIn">
<msg time="2024-05-14T02:26:17.287255" level="INFO">{'gender': 'male', 'name': {'title': 'Mr', 'first': 'Karsten', 'last': 'Post'}, 'location': {'street': {'number': 6894, 'name': 'Rosenweg'}, 'city': 'Steinau an der Straße', 'state': 'Saarland', 'country': 'Germany', 'postcode': 95319, 'coordinates': {'latitude': '-49.9770', 'longitude': '-42.3346'}, 'timezone': {'offset': '+11:00', 'description': 'Magadan, Solomon Islands, New Caledonia'}}, 'email': 'karsten.post@example.com', 'login': {'uuid': '9afbcdbf-2dda-4426-a524-d4b15477a28d', 'username': 'blackfish843', 'password': 'fastball', 'salt': 'hY2Opjx4', 'md5': '05097829a995207b39ba690a9a8217c7', 'sha1': '607fa2a61fc7c916c149b046dd0842cc9b1c1fdd', 'sha256': 'f324112ad40f0d153436e2488760748ab650be8a575aee1c694d1c67c6680892'}, 'dob': {'date': '1959-03-09T12:36:48.324Z', 'age': 65}, 'registered': {'date': '2016-08-19T11:48:28.793Z', 'age': 7}, 'phone': '0324-4615895', 'cell': '0171-5238787', 'id': {'name': 'SVNR', 'value': '57 090359 P 074'}, 'picture': {'large': 'https://randomuser.me/api/portraits/men/7.jpg', 'medium': 'https://randomuser.me/api/portraits/med/men/7.jpg', 'thumbnail': 'https://randomuser.me/api/portraits/thumb/men/7.jpg'}, 'nat': 'DE'}</msg>
<arg>${json_data['results'][0]}</arg>
<doc>Logs the given message with the given level.</doc>
<status status="PASS" start="2024-05-14T02:26:17.286603" elapsed="0.000732"/>
</kw>
<kw name="Log" owner="BuiltIn">
<msg time="2024-05-14T02:26:17.288006" level="INFO">login</msg>
<arg>${key}</arg>
<doc>Logs the given message with the given level.</doc>
<status status="PASS" start="2024-05-14T02:26:17.287777" elapsed="0.000294"/>
</kw>
<var name="${key}">login</var>
<status status="PASS" start="2024-05-14T02:26:17.285653" elapsed="0.002802"/>
</iter>
<var>${key}</var>
<value>@{expected_keys}</value>
<status status="PASS" start="2024-05-14T02:26:17.276782" elapsed="0.011887"/>
</for>
<kw name="Create List" owner="BuiltIn">
<msg time="2024-05-14T02:26:17.289237" level="INFO">${expected_keysTwo} = ['username', 'password']</msg>
<var>${expected_keysTwo}</var>
<arg>username</arg>
<arg>password</arg>
<doc>Returns a list containing given items.</doc>
<status status="PASS" start="2024-05-14T02:26:17.289012" elapsed="0.000265"/>
</kw>
<for flavor="IN">
<iter>
<kw name="Dictionary Should Contain Key" owner="Collections">
<msg time="2024-05-14T02:26:17.290747" level="INFO">False</msg>
<arg>${json_data['results'][0]['login']}</arg>
<arg>${keyTwo}</arg>
<doc>Fails if ``key`` is not found from ``dictionary``.</doc>
<status status="PASS" start="2024-05-14T02:26:17.290066" elapsed="0.000743"/>
</kw>
<kw name="Dictionary Should Contain Key" owner="Collections">
<msg time="2024-05-14T02:26:17.291864" level="INFO">False</msg>
<arg>${json_data['results'][0]['login']}</arg>
<arg>${keyTwo}</arg>
<doc>Fails if ``key`` is not found from ``dictionary``.</doc>
<status status="PASS" start="2024-05-14T02:26:17.291243" elapsed="0.000716"/>
</kw>
<kw name="Log" owner="BuiltIn">
<msg time="2024-05-14T02:26:17.292620" level="INFO">username</msg>
<arg>${keyTwo}</arg>
<doc>Logs the given message with the given level.</doc>
<status status="PASS" start="2024-05-14T02:26:17.292432" elapsed="0.000254"/>
</kw>
<var name="${keyTwo}">username</var>
<status status="PASS" start="2024-05-14T02:26:17.289891" elapsed="0.003127"/>
</iter>
<iter>
<kw name="Dictionary Should Contain Key" owner="Collections">
<msg time="2024-05-14T02:26:17.294293" level="INFO">False</msg>
<arg>${json_data['results'][0]['login']}</arg>
<arg>${keyTwo}</arg>
<doc>Fails if ``key`` is not found from ``dictionary``.</doc>
<status status="PASS" start="2024-05-14T02:26:17.293498" elapsed="0.000861"/>
</kw>
<kw name="Dictionary Should Contain Key" owner="Collections">
<msg time="2024-05-14T02:26:17.295453" level="INFO">False</msg>
<arg>${json_data['results'][0]['login']}</arg>
<arg>${keyTwo}</arg>
<doc>Fails if ``key`` is not found from ``dictionary``.</doc>
<status status="PASS" start="2024-05-14T02:26:17.294810" elapsed="0.000702"/>
</kw>
<kw name="Log" owner="BuiltIn">
<msg time="2024-05-14T02:26:17.296173" level="INFO">password</msg>
<arg>${keyTwo}</arg>
<doc>Logs the given message with the given level.</doc>
<status status="PASS" start="2024-05-14T02:26:17.295978" elapsed="0.000263"/>
</kw>
<var name="${keyTwo}">password</var>
<status status="PASS" start="2024-05-14T02:26:17.293321" elapsed="0.003272"/>
</iter>
<var>${keyTwo}</var>
<value>@{expected_keysTwo}</value>
<status status="PASS" start="2024-05-14T02:26:17.289639" elapsed="0.007167"/>
</for>
<status status="PASS" start="2024-05-14T02:26:17.215971" elapsed="0.081098"/>
</kw>
<doc>Testa a estrutura da resposta da API.</doc>
<tag>testeEstruturaResposta</tag>
<status status="PASS" start="2024-05-14T02:26:17.215150" elapsed="0.082208"/>
</test>
<test id="s1-s1-t4" name="Validar tipos de dados" line="28">
<kw name="Teste de Tipos de Dados" owner="random-user-service">
<kw name="GET On Session" owner="RequestsLibrary">
<msg time="2024-05-14T02:26:17.357300" level="INFO">GET Request : url=https://randomuser.me/api 
 path_url=/api 
 headers={'User-Agent': 'python-requests/2.31.0', 'Accept-Encoding': 'gzip, deflate', 'Accept': '*/*', 'Connection': 'keep-alive'} 
 body=None 
 </msg>
<msg time="2024-05-14T02:26:17.357410" level="INFO">GET Response : url=https://randomuser.me/api 
 status=200, reason=OK 
 headers={'Date': 'Tue, 14 May 2024 02:26:17 GMT', 'Content-Type': 'application/json; charset=utf-8', 'Transfer-Encoding': 'chunked', 'Connection': 'keep-alive', 'X-Powered-By': 'Express', 'Access-Control-Allow-Origin': '*', 'Cache-Control': 'no-cache', 'ETag': 'W/"497-7DqwYJg+mBqoN9iIXnqIQEqqFO0"', 'Vary': 'Accept-Encoding', 'Content-Encoding': 'gzip', 'CF-Cache-Status': 'DYNAMIC', 'Report-To': '{"endpoints":[{"url":"https:\\/\\/a.nel.cloudflare.com\\/report\\/v4?s=0FtWLCfF1cX42Kiq1f3LkQCNyqHzkWyQeDkI7DFEoRmetEgqemfsWw5iEark6vk8SsRzPB%2F2Q2xI2XqpC2BRmQYmnSup7JlDX1jYMCJRD1GPGGr6j38WkzFzekMisPtg"}],"group":"cf-nel","max_age":604800}', 'NEL': '{"success_fraction":0,"report_to":"cf-nel","max_age":604800}', 'Server': 'cloudflare', 'CF-RAY': '8837714a2aa91183-ORD', 'alt-svc': 'h3=":443"; ma=86400'} 
 body={"results":[{"gender":"male","name":{"title":"Mr","first":"Nelson","last":"Campos"},"location":{"street":{"number":2413,"name":"Rua Vinte E Um"},"city":"Uberlândia","state":"Distrito Federal","country":"Brazil","postcode":22458,"coordinates":{"latitude":"-79.2526","longitude":"-19.8868"},"timezone":{"offset":"+6:00","description":"Almaty, Dhaka, Colombo"}},"email":"nelson.campos@example.com","login":{"uuid":"b1c3ff32-25c8-418b-b704-f1317696c6cd","username":"angryelephant989","password":"japanees","salt":"kuVHeHT7","md5":"56dc86e4694fc29439760d584c520630","sha1":"1fe1090fad7493c8e986587208ffee8d4e0f7914","sha256":"cbd23dc6f2c57e8d4b3965f839908ad3c8912e7695ebd46bc736c6f2f1dd32ed"},"dob":{"date":"1950-12-06T23:38:18.790Z","age":73},"registered":{"date":"2006-04-14T23:13:45.587Z","age":18},"phone":"(43) 5473-7842","cell":"(38) 6787-4821","id":{"name":"CPF","value":"711.569.985-74"},"picture":{"large":"https://randomuser.me/api/portraits/men/11.jpg","medium":"https://randomuser.me/api/portraits/med/men/11.jpg","thumbnail":"https://randomuser.me/api/portraits/thumb/men/11.jpg"},"nat":"BR"}],"info":{"seed":"6825435eb34cf7b4","results":1,"page":1,"version":"1.4"}} 
 </msg>
<msg time="2024-05-14T02:26:17.357510" level="INFO">/opt/hostedtoolcache/Python/3.12.3/x64/lib/python3.12/site-packages/urllib3/connectionpool.py:1103: InsecureRequestWarning: Unverified HTTPS request is being made to host 'randomuser.me'. Adding certificate verification is strongly advised. See: https://urllib3.readthedocs.io/en/latest/advanced-usage.html#tls-warnings
  warnings.warn(</msg>
<msg time="2024-05-14T02:26:17.357645" level="INFO">${response} = &lt;Response [200]&gt;</msg>
<var>${response}</var>
<arg>consultarAPI</arg>
<arg>/api</arg>
<doc>Sends a GET request on a previously created HTTP Session.</doc>
<status status="PASS" start="2024-05-14T02:26:17.301332" elapsed="0.056347"/>
</kw>
<kw name="Set Variable" owner="BuiltIn">
<msg time="2024-05-14T02:26:17.358594" level="INFO">${json_data} = {'results': [{'gender': 'male', 'name': {'title': 'Mr', 'first': 'Nelson', 'last': 'Campos'}, 'location': {'street': {'number': 2413, 'name': 'Rua Vinte E Um'}, 'city': 'Uberlândia', 'state': 'Distrit...</msg>
<var>${json_data}</var>
<arg>${response.json()}</arg>
<doc>Returns the given values which can then be assigned to a variables.</doc>
<status status="PASS" start="2024-05-14T02:26:17.358091" elapsed="0.000533"/>
</kw>
<kw name="Log" owner="BuiltIn">
<msg time="2024-05-14T02:26:17.359095" level="INFO">{'results': [{'gender': 'male', 'name': {'title': 'Mr', 'first': 'Nelson', 'last': 'Campos'}, 'location': {'street': {'number': 2413, 'name': 'Rua Vinte E Um'}, 'city': 'Uberlândia', 'state': 'Distrito Federal', 'country': 'Brazil', 'postcode': 22458, 'coordinates': {'latitude': '-79.2526', 'longitude': '-19.8868'}, 'timezone': {'offset': '+6:00', 'description': 'Almaty, Dhaka, Colombo'}}, 'email': 'nelson.campos@example.com', 'login': {'uuid': 'b1c3ff32-25c8-418b-b704-f1317696c6cd', 'username': 'angryelephant989', 'password': 'japanees', 'salt': 'kuVHeHT7', 'md5': '56dc86e4694fc29439760d584c520630', 'sha1': '1fe1090fad7493c8e986587208ffee8d4e0f7914', 'sha256': 'cbd23dc6f2c57e8d4b3965f839908ad3c8912e7695ebd46bc736c6f2f1dd32ed'}, 'dob': {'date': '1950-12-06T23:38:18.790Z', 'age': 73}, 'registered': {'date': '2006-04-14T23:13:45.587Z', 'age': 18}, 'phone': '(43) 5473-7842', 'cell': '(38) 6787-4821', 'id': {'name': 'CPF', 'value': '711.569.985-74'}, 'picture': {'large': 'https://randomuser.me/api/portraits/men/11.jpg', 'medium': 'https://randomuser.me/api/portraits/med/men/11.jpg', 'thumbnail': 'https://randomuser.me/api/portraits/thumb/men/11.jpg'}, 'nat': 'BR'}], 'info': {'seed': '6825435eb34cf7b4', 'results': 1, 'page': 1, 'version': '1.4'}}</msg>
<arg>${json_data}</arg>
<doc>Logs the given message with the given level.</doc>
<status status="PASS" start="2024-05-14T02:26:17.358934" elapsed="0.000246"/>
</kw>
<kw name="Should Be String" owner="String">
<arg>${json_data['results'][0]['gender']}</arg>
<doc>Fails if the given ``item`` is not a string.</doc>
<status status="PASS" start="2024-05-14T02:26:17.359485" elapsed="0.000369"/>
</kw>
<kw name="Should Match Regexp" owner="BuiltIn">
<arg>${json_data['results'][0]['email']}</arg>
<arg>^[a-zA-Z0-9._%+-]+@[a-zA-Z0-9.-]+\.[a-zA-Z]{2,}$</arg>
<doc>Fails if ``string`` does not match ``pattern`` as a regular expression.</doc>
<status status="PASS" start="2024-05-14T02:26:17.360093" elapsed="0.000531"/>
</kw>
<kw name="Should Match Regexp" owner="BuiltIn">
<arg>${json_data['results'][0]['dob']['date']}</arg>
<arg>\\d{4}-\\d{2}-\\d{2}T\\d{2}:\\d{2}:\\d{2}\\.\\d{3}Z</arg>
<doc>Fails if ``string`` does not match ``pattern`` as a regular expression.</doc>
<status status="PASS" start="2024-05-14T02:26:17.360825" elapsed="0.000502"/>
</kw>
<kw name="Should Match Regexp" owner="BuiltIn">
<arg>${json_data['results'][0]['registered']['date']}</arg>
<arg>\\d{4}-\\d{2}-\\d{2}T\\d{2}:\\d{2}:\\d{2}\\.\\d{3}Z</arg>
<doc>Fails if ``string`` does not match ``pattern`` as a regular expression.</doc>
<status status="PASS" start="2024-05-14T02:26:17.361521" elapsed="0.000371"/>
</kw>
<kw name="Should Match Regexp" owner="BuiltIn">
<arg>${json_data['results'][0]['picture']['large']}</arg>
<arg>^https?://.*\.(?:png|jpe?g|gif|bmp)$</arg>
<doc>Fails if ``string`` does not match ``pattern`` as a regular expression.</doc>
<status status="PASS" start="2024-05-14T02:26:17.362086" elapsed="0.000459"/>
</kw>
<kw name="Should Match Regexp" owner="BuiltIn">
<arg>${json_data['results'][0]['picture']['medium']}</arg>
<arg>^https?://.*\.(?:png|jpe?g|gif|bmp)$</arg>
<doc>Fails if ``string`` does not match ``pattern`` as a regular expression.</doc>
<status status="PASS" start="2024-05-14T02:26:17.362735" elapsed="0.000360"/>
</kw>
<kw name="Should Match Regexp" owner="BuiltIn">
<arg>${json_data['results'][0]['picture']['thumbnail']}</arg>
<arg>^https?://.*\.(?:png|jpe?g|gif|bmp)$</arg>
<doc>Fails if ``string`` does not match ``pattern`` as a regular expression.</doc>
<status status="PASS" start="2024-05-14T02:26:17.363286" elapsed="0.000354"/>
</kw>
<kw name="Log" owner="BuiltIn">
<msg time="2024-05-14T02:26:17.364180" level="INFO">{'large': 'https://randomuser.me/api/portraits/men/11.jpg', 'medium': 'https://randomuser.me/api/portraits/med/men/11.jpg', 'thumbnail': 'https://randomuser.me/api/portraits/thumb/men/11.jpg'}</msg>
<arg>${json_data['results'][0]['picture']}</arg>
<doc>Logs the given message with the given level.</doc>
<status status="PASS" start="2024-05-14T02:26:17.363820" elapsed="0.000403"/>
</kw>
<status status="PASS" start="2024-05-14T02:26:17.301099" elapsed="0.063383"/>
</kw>
<kw name="Teste de Tipos de Dados - Postcode" owner="random-user-service">
<kw name="GET On Session" owner="RequestsLibrary">
<msg time="2024-05-14T02:26:17.462549" level="INFO">GET Request : url=https://randomuser.me/api 
 path_url=/api 
 headers={'User-Agent': 'python-requests/2.31.0', 'Accept-Encoding': 'gzip, deflate', 'Accept': '*/*', 'Connection': 'keep-alive'} 
 body=None 
 </msg>
<msg time="2024-05-14T02:26:17.462638" level="INFO">GET Response : url=https://randomuser.me/api 
 status=200, reason=OK 
 headers={'Date': 'Tue, 14 May 2024 02:26:17 GMT', 'Content-Type': 'application/json; charset=utf-8', 'Transfer-Encoding': 'chunked', 'Connection': 'keep-alive', 'X-Powered-By': 'Express', 'Access-Control-Allow-Origin': '*', 'Cache-Control': 'no-cache', 'ETag': 'W/"49f-NhJC2n7shWhVCb7nUKJg0HFRhUg"', 'Vary': 'Accept-Encoding', 'Content-Encoding': 'gzip', 'CF-Cache-Status': 'DYNAMIC', 'Report-To': '{"endpoints":[{"url":"https:\\/\\/a.nel.cloudflare.com\\/report\\/v4?s=LQzK2rEfbzaycUdTLVBCLg6AoqO%2FA3ZloKENwQBVdPcD7JTRKwIsD0noinke60ERD2ihfdkDSSBkTdnPoXmUa9zyuqHRb4H58%2FnYtzPkn1jO6J7iJUBMkdZ77LxkkaC1"}],"group":"cf-nel","max_age":604800}', 'NEL': '{"success_fraction":0,"report_to":"cf-nel","max_age":604800}', 'Server': 'cloudflare', 'CF-RAY': '8837714a8b561183-ORD', 'alt-svc': 'h3=":443"; ma=86400'} 
 body={"results":[{"gender":"female","name":{"title":"Mrs","first":"Ceylan","last":"Nalbantoğlu"},"location":{"street":{"number":1988,"name":"Şehitler Cd"},"city":"Siirt","state":"Kahramanmaraş","country":"Turkey","postcode":31082,"coordinates":{"latitude":"71.5312","longitude":"139.4915"},"timezone":{"offset":"+1:00","description":"Brussels, Copenhagen, Madrid, Paris"}},"email":"ceylan.nalbantoglu@example.com","login":{"uuid":"3a5735b9-3899-4183-b364-1a5486a49cc7","username":"goldenbutterfly662","password":"hawkins","salt":"IJJhFpop","md5":"13913705bb0409699c167f8c25334e88","sha1":"ca102daca22b6c6da701bdde4d0d892098d87ea0","sha256":"046ac7cc074ea3ad08d58608f4cf8085089eef35380d8f3aa0c6b4bd6dfe9103"},"dob":{"date":"1962-09-12T12:05:01.217Z","age":61},"registered":{"date":"2008-05-18T17:50:08.478Z","age":15},"phone":"(462)-677-4522","cell":"(802)-175-2592","id":{"name":"","value":null},"picture":{"large":"https://randomuser.me/api/portraits/women/51.jpg","medium":"https://randomuser.me/api/portraits/med/women/51.jpg","thumbnail":"https://randomuser.me/api/portraits/thumb/women/51.jpg"},"nat":"TR"}],"info":{"seed":"73c445cf5a45293c","results":1,"page":1,"version":"1.4"}} 
 </msg>
<msg time="2024-05-14T02:26:17.462714" level="INFO">/opt/hostedtoolcache/Python/3.12.3/x64/lib/python3.12/site-packages/urllib3/connectionpool.py:1103: InsecureRequestWarning: Unverified HTTPS request is being made to host 'randomuser.me'. Adding certificate verification is strongly advised. See: https://urllib3.readthedocs.io/en/latest/advanced-usage.html#tls-warnings
  warnings.warn(</msg>
<msg time="2024-05-14T02:26:17.462842" level="INFO">${response} = &lt;Response [200]&gt;</msg>
<var>${response}</var>
<arg>consultarAPI</arg>
<arg>/api</arg>
<doc>Sends a GET request on a previously created HTTP Session.</doc>
<status status="PASS" start="2024-05-14T02:26:17.364938" elapsed="0.097947"/>
</kw>
<kw name="Set Variable" owner="BuiltIn">
<msg time="2024-05-14T02:26:17.463878" level="INFO">${json_data} = {'results': [{'gender': 'female', 'name': {'title': 'Mrs', 'first': 'Ceylan', 'last': 'Nalbantoğlu'}, 'location': {'street': {'number': 1988, 'name': 'Şehitler Cd'}, 'city': 'Siirt', 'state': 'Kahrama...</msg>
<var>${json_data}</var>
<arg>${response.json()}</arg>
<doc>Returns the given values which can then be assigned to a variables.</doc>
<status status="PASS" start="2024-05-14T02:26:17.463351" elapsed="0.000558"/>
</kw>
<kw name="Log" owner="BuiltIn">
<msg time="2024-05-14T02:26:17.464441" level="INFO">{'results': [{'gender': 'female', 'name': {'title': 'Mrs', 'first': 'Ceylan', 'last': 'Nalbantoğlu'}, 'location': {'street': {'number': 1988, 'name': 'Şehitler Cd'}, 'city': 'Siirt', 'state': 'Kahramanmaraş', 'country': 'Turkey', 'postcode': 31082, 'coordinates': {'latitude': '71.5312', 'longitude': '139.4915'}, 'timezone': {'offset': '+1:00', 'description': 'Brussels, Copenhagen, Madrid, Paris'}}, 'email': 'ceylan.nalbantoglu@example.com', 'login': {'uuid': '3a5735b9-3899-4183-b364-1a5486a49cc7', 'username': 'goldenbutterfly662', 'password': 'hawkins', 'salt': 'IJJhFpop', 'md5': '13913705bb0409699c167f8c25334e88', 'sha1': 'ca102daca22b6c6da701bdde4d0d892098d87ea0', 'sha256': '046ac7cc074ea3ad08d58608f4cf8085089eef35380d8f3aa0c6b4bd6dfe9103'}, 'dob': {'date': '1962-09-12T12:05:01.217Z', 'age': 61}, 'registered': {'date': '2008-05-18T17:50:08.478Z', 'age': 15}, 'phone': '(462)-677-4522', 'cell': '(802)-175-2592', 'id': {'name': '', 'value': None}, 'picture': {'large': 'https://randomuser.me/api/portraits/women/51.jpg', 'medium': 'https://randomuser.me/api/portraits/med/women/51.jpg', 'thumbnail': 'https://randomuser.me/api/portraits/thumb/women/51.jpg'}, 'nat': 'TR'}], 'info': {'seed': '73c445cf5a45293c', 'results': 1, 'page': 1, 'version': '1.4'}}</msg>
<arg>${json_data}</arg>
<doc>Logs the given message with the given level.</doc>
<status status="PASS" start="2024-05-14T02:26:17.464278" elapsed="0.000248"/>
</kw>
<kw name="Should Be Equal As Numbers" owner="BuiltIn">
<arg>${json_data['results'][0]['location']['postcode']}</arg>
<arg>${json_data['results'][0]['location']['postcode']}</arg>
<doc>Fails if objects are unequal after converting them to real numbers.</doc>
<status status="PASS" start="2024-05-14T02:26:17.465004" elapsed="0.000634"/>
</kw>
<kw name="Log" owner="BuiltIn">
<msg time="2024-05-14T02:26:17.466175" level="INFO">31082</msg>
<arg>${json_data['results'][0]['location']['postcode']}</arg>
<doc>Logs the given message with the given level.</doc>
<status status="PASS" start="2024-05-14T02:26:17.465834" elapsed="0.000382"/>
</kw>
<status status="PASS" start="2024-05-14T02:26:17.364709" elapsed="0.101768"/>
</kw>
<doc>Testa se os tipos de dados na resposta da API estão corretos.</doc>
<tag>testeTiposDados</tag>
<status status="PASS" start="2024-05-14T02:26:17.300635" elapsed="0.166013"/>
</test>
<test id="s1-s1-t5" name="Validar conteudo" line="35">
<kw name="Teste de Tipos de Conteudo" owner="random-user-service">
<kw name="GET On Session" owner="RequestsLibrary">
<msg time="2024-05-14T02:26:17.575684" level="INFO">GET Request : url=https://randomuser.me/api 
 path_url=/api 
 headers={'User-Agent': 'python-requests/2.31.0', 'Accept-Encoding': 'gzip, deflate', 'Accept': '*/*', 'Connection': 'keep-alive'} 
 body=None 
 </msg>
<msg time="2024-05-14T02:26:17.575794" level="INFO">GET Response : url=https://randomuser.me/api 
 status=200, reason=OK 
 headers={'Date': 'Tue, 14 May 2024 02:26:17 GMT', 'Content-Type': 'application/json; charset=utf-8', 'Transfer-Encoding': 'chunked', 'Connection': 'keep-alive', 'X-Powered-By': 'Express', 'Access-Control-Allow-Origin': '*', 'Cache-Control': 'no-cache', 'ETag': 'W/"465-DOIVNXczeCVJPulQtSvedL7ABr0"', 'Vary': 'Accept-Encoding', 'Content-Encoding': 'gzip', 'CF-Cache-Status': 'DYNAMIC', 'Report-To': '{"endpoints":[{"url":"https:\\/\\/a.nel.cloudflare.com\\/report\\/v4?s=Zr2MqBxXcIQmdprJmUoaLOx59gjOWi0kVpxJi82WA1nbmXr%2FW7TRl%2BTGzTla9di4NR5KReqkK3sLK%2F%2BIa12o6ik1X8bszcFpXVubwjaIhM1IxS024MX25AGYXGOb40hd"}],"group":"cf-nel","max_age":604800}', 'NEL': '{"success_fraction":0,"report_to":"cf-nel","max_age":604800}', 'Server': 'cloudflare', 'CF-RAY': '8837714b3ca51183-ORD', 'alt-svc': 'h3=":443"; ma=86400'} 
 body={"results":[{"gender":"male","name":{"title":"Mr","first":"Lucas","last":"Lo"},"location":{"street":{"number":3056,"name":"Main St"},"city":"Bath","state":"Alberta","country":"Canada","postcode":"O1K 4D6","coordinates":{"latitude":"-69.0036","longitude":"-89.9832"},"timezone":{"offset":"-2:00","description":"Mid-Atlantic"}},"email":"lucas.lo@example.com","login":{"uuid":"98649008-d678-4212-a76c-eff3367b8403","username":"happypeacock934","password":"hotgirls","salt":"1yEGjejA","md5":"95d8cba890c8c02c797b192b14a57c6c","sha1":"0d7f1905202bb029187b30c6ef4d4ea3f5aa6a16","sha256":"a71a074d2478743cf4a93ea7162026ac958bf19f95be91cef9eb624dd8b9cd1e"},"dob":{"date":"1999-06-02T02:39:22.677Z","age":24},"registered":{"date":"2021-08-03T03:52:25.257Z","age":2},"phone":"F34 S52-0102","cell":"Y07 R54-6313","id":{"name":"SIN","value":"340323666"},"picture":{"large":"https://randomuser.me/api/portraits/men/20.jpg","medium":"https://randomuser.me/api/portraits/med/men/20.jpg","thumbnail":"https://randomuser.me/api/portraits/thumb/men/20.jpg"},"nat":"CA"}],"info":{"seed":"22dfefd1deeb48be","results":1,"page":1,"version":"1.4"}} 
 </msg>
<msg time="2024-05-14T02:26:17.575863" level="INFO">/opt/hostedtoolcache/Python/3.12.3/x64/lib/python3.12/site-packages/urllib3/connectionpool.py:1103: InsecureRequestWarning: Unverified HTTPS request is being made to host 'randomuser.me'. Adding certificate verification is strongly advised. See: https://urllib3.readthedocs.io/en/latest/advanced-usage.html#tls-warnings
  warnings.warn(</msg>
<msg time="2024-05-14T02:26:17.576029" level="INFO">${response} = &lt;Response [200]&gt;</msg>
<var>${response}</var>
<arg>consultarAPI</arg>
<arg>/api</arg>
<doc>Sends a GET request on a previously created HTTP Session.</doc>
<status status="PASS" start="2024-05-14T02:26:17.469703" elapsed="0.106372"/>
</kw>
<kw name="Set Variable" owner="BuiltIn">
<msg time="2024-05-14T02:26:17.577127" level="INFO">${json_data} = {'results': [{'gender': 'male', 'name': {'title': 'Mr', 'first': 'Lucas', 'last': 'Lo'}, 'location': {'street': {'number': 3056, 'name': 'Main St'}, 'city': 'Bath', 'state': 'Alberta', 'country': 'Can...</msg>
<var>${json_data}</var>
<arg>${response.json()}</arg>
<doc>Returns the given values which can then be assigned to a variables.</doc>
<status status="PASS" start="2024-05-14T02:26:17.576604" elapsed="0.000552"/>
</kw>
<kw name="Set Variable" owner="BuiltIn">
<msg time="2024-05-14T02:26:17.577860" level="INFO">${name_title} = Mr</msg>
<var>${name_title}</var>
<arg>${json_data["results"][0]["name"]["title"]}</arg>
<doc>Returns the given values which can then be assigned to a variables.</doc>
<status status="PASS" start="2024-05-14T02:26:17.577466" elapsed="0.000420"/>
</kw>
<kw name="Create List" owner="BuiltIn">
<msg time="2024-05-14T02:26:17.578344" level="INFO">${allowed_titles} = ['Mr', 'Ms', 'Miss', 'Mrs', 'Madame', 'Monsieur']</msg>
<var>${allowed_titles}</var>
<arg>Mr</arg>
<arg>Ms</arg>
<arg>Miss</arg>
<arg>Mrs</arg>
<arg>Madame</arg>
<arg>Monsieur</arg>
<doc>Returns a list containing given items.</doc>
<status status="PASS" start="2024-05-14T02:26:17.578192" elapsed="0.000177"/>
</kw>
<kw name="List Should Contain Value" owner="Collections">
<msg time="2024-05-14T02:26:17.578852" level="INFO">False</msg>
<arg>${allowed_titles}</arg>
<arg>${name_title}</arg>
<doc>Fails if the ``value`` is not found from ``list``.</doc>
<status status="PASS" start="2024-05-14T02:26:17.578672" elapsed="0.000219"/>
</kw>
<kw name="Set Variable" owner="BuiltIn">
<msg time="2024-05-14T02:26:17.579578" level="INFO">${name_country} = CA</msg>
<var>${name_country}</var>
<arg>${json_data["results"][0]["nat"]}</arg>
<doc>Returns the given values which can then be assigned to a variables.</doc>
<status status="PASS" start="2024-05-14T02:26:17.579190" elapsed="0.000413"/>
</kw>
<kw name="Create List" owner="BuiltIn">
<msg time="2024-05-14T02:26:17.580543" level="INFO">${list_country} = ['AD', 'AE', 'AF', 'AG', 'AI', 'AL', 'AM', 'AO', 'AQ', 'AR', 'AS', 'AT', 'AU', 'AW', 'AX', 'AZ', 'BA', 'BB', 'BD', 'BE', 'BF', 'BG', 'BH', 'BI', 'BJ', 'BL', 'BM', 'BN', 'BO', 'BQ', 'BR', 'BS', 'BT', '...</msg>
<var>${list_country}</var>
<arg>AD</arg>
<arg>AE</arg>
<arg>AF</arg>
<arg>AG</arg>
<arg>AI</arg>
<arg>AL</arg>
<arg>AM</arg>
<arg>AO</arg>
<arg>AQ</arg>
<arg>AR</arg>
<arg>AS</arg>
<arg>AT</arg>
<arg>AU</arg>
<arg>AW</arg>
<arg>AX</arg>
<arg>AZ</arg>
<arg>BA</arg>
<arg>BB</arg>
<arg>BD</arg>
<arg>BE</arg>
<arg>BF</arg>
<arg>BG</arg>
<arg>BH</arg>
<arg>BI</arg>
<arg>BJ</arg>
<arg>BL</arg>
<arg>BM</arg>
<arg>BN</arg>
<arg>BO</arg>
<arg>BQ</arg>
<arg>BR</arg>
<arg>BS</arg>
<arg>BT</arg>
<arg>BV</arg>
<arg>BW</arg>
<arg>BY</arg>
<arg>BZ</arg>
<arg>CA</arg>
<arg>CC</arg>
<arg>CD</arg>
<arg>CF</arg>
<arg>CG</arg>
<arg>CH</arg>
<arg>CI</arg>
<arg>CK</arg>
<arg>CL</arg>
<arg>CM</arg>
<arg>CN</arg>
<arg>CO</arg>
<arg>CR</arg>
<arg>CU</arg>
<arg>CV</arg>
<arg>CW</arg>
<arg>CX</arg>
<arg>CY</arg>
<arg>CZ</arg>
<arg>DE</arg>
<arg>DJ</arg>
<arg>DK</arg>
<arg>DM</arg>
<arg>DO</arg>
<arg>DZ</arg>
<arg>EC</arg>
<arg>EE</arg>
<arg>EG</arg>
<arg>EH</arg>
<arg>ER</arg>
<arg>ES</arg>
<arg>ET</arg>
<arg>FI</arg>
<arg>FJ</arg>
<arg>FK</arg>
<arg>FM</arg>
<arg>FO</arg>
<arg>FR</arg>
<arg>GA</arg>
<arg>GB</arg>
<arg>GD</arg>
<arg>GE</arg>
<arg>GF</arg>
<arg>GG</arg>
<arg>GH</arg>
<arg>GI</arg>
<arg>GL</arg>
<arg>GM</arg>
<arg>GN</arg>
<arg>GP</arg>
<arg>GQ</arg>
<arg>GR</arg>
<arg>GS</arg>
<arg>GT</arg>
<arg>GU</arg>
<arg>GW</arg>
<arg>GY</arg>
<arg>HK</arg>
<arg>HM</arg>
<arg>HN</arg>
<arg>HR</arg>
<arg>HT</arg>
<arg>HU</arg>
<arg>ID</arg>
<arg>IE</arg>
<arg>IL</arg>
<arg>IM</arg>
<arg>IN</arg>
<arg>IO</arg>
<arg>IQ</arg>
<arg>IR</arg>
<arg>IS</arg>
<arg>IT</arg>
<arg>JE</arg>
<arg>JM</arg>
<arg>JO</arg>
<arg>JP</arg>
<arg>KE</arg>
<arg>KG</arg>
<arg>KH</arg>
<arg>KI</arg>
<arg>KM</arg>
<arg>KN</arg>
<arg>KP</arg>
<arg>KR</arg>
<arg>KW</arg>
<arg>KY</arg>
<arg>KZ</arg>
<arg>LA</arg>
<arg>LB</arg>
<arg>LC</arg>
<arg>LI</arg>
<arg>LK</arg>
<arg>LR</arg>
<arg>LS</arg>
<arg>LT</arg>
<arg>LU</arg>
<arg>LV</arg>
<arg>LY</arg>
<arg>MA</arg>
<arg>MC</arg>
<arg>MD</arg>
<arg>ME</arg>
<arg>MF</arg>
<arg>MG</arg>
<arg>MH</arg>
<arg>MK</arg>
<arg>ML</arg>
<arg>MM</arg>
<arg>MN</arg>
<arg>MO</arg>
<arg>MP</arg>
<arg>MQ</arg>
<arg>MR</arg>
<arg>MS</arg>
<arg>MT</arg>
<arg>MU</arg>
<arg>MV</arg>
<arg>MW</arg>
<arg>MX</arg>
<arg>MY</arg>
<arg>MZ</arg>
<arg>NA</arg>
<arg>NC</arg>
<arg>NE</arg>
<arg>NF</arg>
<arg>NG</arg>
<arg>NI</arg>
<arg>NL</arg>
<arg>NO</arg>
<arg>NP</arg>
<arg>NR</arg>
<arg>NU</arg>
<arg>NZ</arg>
<arg>OM</arg>
<arg>PA</arg>
<arg>PE</arg>
<arg>PF</arg>
<arg>PG</arg>
<arg>PH</arg>
<arg>PK</arg>
<arg>PL</arg>
<arg>PM</arg>
<arg>PN</arg>
<arg>PR</arg>
<arg>PS</arg>
<arg>PT</arg>
<arg>PW</arg>
<arg>PY</arg>
<arg>QA</arg>
<arg>RE</arg>
<arg>RO</arg>
<arg>RS</arg>
<arg>RU</arg>
<arg>RW</arg>
<arg>SA</arg>
<arg>SB</arg>
<arg>SC</arg>
<arg>SD</arg>
<arg>SE</arg>
<arg>SG</arg>
<arg>SH</arg>
<arg>SI</arg>
<arg>SJ</arg>
<arg>SK</arg>
<arg>SL</arg>
<arg>SM</arg>
<arg>SN</arg>
<arg>SO</arg>
<arg>SR</arg>
<arg>SS</arg>
<arg>ST</arg>
<arg>SV</arg>
<arg>SX</arg>
<arg>SY</arg>
<arg>SZ</arg>
<arg>TC</arg>
<arg>TD</arg>
<arg>TF</arg>
<arg>TG</arg>
<arg>TH</arg>
<arg>TJ</arg>
<arg>TK</arg>
<arg>TL</arg>
<arg>TM</arg>
<arg>TN</arg>
<arg>TO</arg>
<arg>TR</arg>
<arg>TT</arg>
<arg>TV</arg>
<arg>TW</arg>
<arg>TZ</arg>
<arg>UA</arg>
<arg>UG</arg>
<arg>UM</arg>
<arg>US</arg>
<arg>UY</arg>
<arg>UZ</arg>
<arg>VA</arg>
<arg>VC</arg>
<arg>VE</arg>
<arg>VG</arg>
<arg>VI</arg>
<arg>VN</arg>
<arg>VU</arg>
<arg>WF</arg>
<arg>WS</arg>
<arg>XK</arg>
<arg>YE</arg>
<arg>YT</arg>
<arg>ZA</arg>
<arg>ZM</arg>
<arg>ZW</arg>
<doc>Returns a list containing given items.</doc>
<status status="PASS" start="2024-05-14T02:26:17.579911" elapsed="0.000658"/>
</kw>
<kw name="List Should Contain Value" owner="Collections">
<msg time="2024-05-14T02:26:17.581572" level="INFO">False</msg>
<arg>${list_country}</arg>
<arg>${name_country}</arg>
<doc>Fails if the ``value`` is not found from ``list``.</doc>
<status status="PASS" start="2024-05-14T02:26:17.581372" elapsed="0.000237"/>
</kw>
<kw name="Run Keyword If" owner="BuiltIn">
<kw name="Should Be True" owner="BuiltIn">
<arg>${True}</arg>
<doc>Fails if the given condition is not true.</doc>
<status status="PASS" start="2024-05-14T02:26:17.582690" elapsed="0.000264"/>
</kw>
<arg>${json_data["results"][0]["location"]["coordinates"]["latitude"]} &gt;= -90 and ${json_data["results"][0]["location"]["coordinates"]["latitude"]} &lt;= 90</arg>
<arg>Should Be True</arg>
<arg>${True}</arg>
<doc>Runs the given keyword with the given arguments, if ``condition`` is true.</doc>
<status status="PASS" start="2024-05-14T02:26:17.581922" elapsed="0.001165"/>
</kw>
<kw name="Run Keyword If" owner="BuiltIn">
<kw name="Should Be True" owner="BuiltIn">
<arg>${True}</arg>
<doc>Fails if the given condition is not true.</doc>
<status status="PASS" start="2024-05-14T02:26:17.584015" elapsed="0.000145"/>
</kw>
<arg>${json_data["results"][0]["location"]["coordinates"]["longitude"]} &gt;= -180 and ${json_data["results"][0]["location"]["coordinates"]["longitude"]} &lt;= 180</arg>
<arg>Should Be True</arg>
<arg>${True}</arg>
<doc>Runs the given keyword with the given arguments, if ``condition`` is true.</doc>
<status status="PASS" start="2024-05-14T02:26:17.583279" elapsed="0.001008"/>
</kw>
<status status="PASS" start="2024-05-14T02:26:17.469329" elapsed="0.115093"/>
</kw>
<doc>Testa o conteúdo específico dos campos retornados pela API.</doc>
<tag>testeConteudo</tag>
<status status="PASS" start="2024-05-14T02:26:17.468614" elapsed="0.115961"/>
</test>
<status status="PASS" start="2024-05-14T02:26:16.751130" elapsed="0.835418"/>
</suite>
<status status="PASS" start="2024-05-14T02:26:16.737486" elapsed="0.854236"/>
</suite>
<statistics>
<total>
<stat pass="5" fail="0" skip="0">All Tests</stat>
</total>
<tag>
<stat pass="1" fail="0" skip="0">testeConteudo</stat>
<stat pass="1" fail="0" skip="0">testeEstruturaResposta</stat>
<stat pass="1" fail="0" skip="0">testeRequisicaoBasica</stat>
<stat pass="1" fail="0" skip="0">testeTiposDados</stat>
</tag>
<suite>
<stat pass="5" fail="0" skip="0" id="s1" name="Tests">Tests</stat>
<stat pass="5" fail="0" skip="0" id="s1-s1" name="Random-User-Test">Tests.Random-User-Test</stat>
</suite>
</statistics>
<errors>
</errors>
</robot>
