<?xml version="1.0" encoding="UTF-8"?>
<robot generator="Robot 7.0 (Python 3.12.3 on linux)" generated="2024-05-06T03:16:55.078571" rpa="false" schemaversion="5">
<suite id="s1" name="Tests" source="/home/runner/work/DesafioQAItauRogerioJordao/DesafioQAItauRogerioJordao/RamdonUser/tests">
<suite id="s1-s1" name="Random-User-Test" source="/home/runner/work/DesafioQAItauRogerioJordao/DesafioQAItauRogerioJordao/RamdonUser/tests/random-user-test.robot">
<test id="s1-s1-t1" name="Conectar" line="13">
<kw name="Conectar API" owner="random-user-service">
<kw name="Create Session" owner="RequestsLibrary">
<msg time="2024-05-06T03:16:55.461188" level="INFO">Creating Session using : alias=consultarAPI, url=https://randomuser.me/, headers={},                     cookies={}, auth=None, timeout=None, proxies=None, verify=False,                     debug=0 </msg>
<arg>consultarAPI</arg>
<arg>${URL}</arg>
<doc>Create Session: create a HTTP session to a server</doc>
<status status="PASS" start="2024-05-06T03:16:55.460963" elapsed="0.000425"/>
</kw>
<status status="PASS" start="2024-05-06T03:16:55.459869" elapsed="0.001912"/>
</kw>
<status status="PASS" start="2024-05-06T03:16:55.459271" elapsed="0.002728"/>
</test>
<test id="s1-s1-t2" name="Validar retorno 200 e JSON Válido" line="16">
<kw name="Teste de Requisicao Basica" owner="random-user-service">
<kw name="GET On Session" owner="RequestsLibrary">
<msg time="2024-05-06T03:16:55.551628" level="INFO">GET Request : url=https://randomuser.me/api 
 path_url=/api 
 headers={'User-Agent': 'python-requests/2.31.0', 'Accept-Encoding': 'gzip, deflate', 'Accept': '*/*', 'Connection': 'keep-alive'} 
 body=None 
 </msg>
<msg time="2024-05-06T03:16:55.551784" level="INFO">GET Response : url=https://randomuser.me/api 
 status=200, reason=OK 
 headers={'Date': 'Mon, 06 May 2024 03:16:55 GMT', 'Content-Type': 'application/json; charset=utf-8', 'Transfer-Encoding': 'chunked', 'Connection': 'keep-alive', 'X-Powered-By': 'Express', 'Access-Control-Allow-Origin': '*', 'Cache-Control': 'no-cache', 'ETag': 'W/"48c-8LmBGlk9LYl0MAj63j2aXWsKNxA"', 'Vary': 'Accept-Encoding', 'Content-Encoding': 'gzip', 'CF-Cache-Status': 'DYNAMIC', 'Report-To': '{"endpoints":[{"url":"https:\\/\\/a.nel.cloudflare.com\\/report\\/v4?s=0u9PsD%2BpQMcbicNZrLNtW112LZi6goV2wEkMLfLLMaOnn1kij5G8yFhpzWiAAefzIONWdvYml4f40St8lQddqL7MbuOWi8ZJGop1FF6gW53G%2F2wthtgK7bOfhtrke%2BbT"}],"group":"cf-nel","max_age":604800}', 'NEL': '{"success_fraction":0,"report_to":"cf-nel","max_age":604800}', 'Server': 'cloudflare', 'CF-RAY': '87f5d076e8572901-ORD', 'alt-svc': 'h3=":443"; ma=86400'} 
 body={"results":[{"gender":"male","name":{"title":"Mr","first":"Owen","last":"Bélanger"},"location":{"street":{"number":1000,"name":"Vimy St"},"city":"Maidstone","state":"Northwest Territories","country":"Canada","postcode":"X8J 8C8","coordinates":{"latitude":"-67.2370","longitude":"-30.6256"},"timezone":{"offset":"-8:00","description":"Pacific Time (US &amp; Canada)"}},"email":"owen.belanger@example.com","login":{"uuid":"b221e960-3856-4915-a48e-a381cc068e70","username":"orangetiger686","password":"cruise","salt":"lFwyKfwi","md5":"599122c173c4a7a368ac4a223b39480b","sha1":"401e5e335f466eee77e875f5c24b5ddbf4515373","sha256":"2676b6d5c98d2484944ca58038e2d17ba74c0072c0f3cbeb1f2d4e8f34750d0f"},"dob":{"date":"1956-06-07T15:48:02.407Z","age":67},"registered":{"date":"2013-01-04T18:04:43.339Z","age":11},"phone":"T70 K59-4002","cell":"A23 F20-0239","id":{"name":"SIN","value":"550072185"},"picture":{"large":"https://randomuser.me/api/portraits/men/8.jpg","medium":"https://randomuser.me/api/portraits/med/men/8.jpg","thumbnail":"https://randomuser.me/api/portraits/thumb/men/8.jpg"},"nat":"CA"}],"info":{"seed":"a29b1b7e6becb5eb","results":1,"page":1,"version":"1.4"}} 
 </msg>
<msg time="2024-05-06T03:16:55.551878" level="INFO">/opt/hostedtoolcache/Python/3.12.3/x64/lib/python3.12/site-packages/urllib3/connectionpool.py:1103: InsecureRequestWarning: Unverified HTTPS request is being made to host 'randomuser.me'. Adding certificate verification is strongly advised. See: https://urllib3.readthedocs.io/en/latest/advanced-usage.html#tls-warnings
  warnings.warn(</msg>
<msg time="2024-05-06T03:16:55.552034" level="INFO">${response} = &lt;Response [200]&gt;</msg>
<var>${response}</var>
<arg>consultarAPI</arg>
<arg>/api</arg>
<doc>Sends a GET request on a previously created HTTP Session.</doc>
<status status="PASS" start="2024-05-06T03:16:55.464852" elapsed="0.087230"/>
</kw>
<kw name="Should Be Equal As Numbers" owner="BuiltIn">
<msg time="2024-05-06T03:16:55.553349" level="INFO">Argument types are:
&lt;class 'int'&gt;
&lt;class 'str'&gt;</msg>
<arg>${response.status_code}</arg>
<arg>200</arg>
<doc>Fails if objects are unequal after converting them to real numbers.</doc>
<status status="PASS" start="2024-05-06T03:16:55.552822" elapsed="0.000601"/>
</kw>
<kw name="Log" owner="BuiltIn">
<msg time="2024-05-06T03:16:55.554216" level="INFO">200</msg>
<arg>${response.status_code}</arg>
<doc>Logs the given message with the given level.</doc>
<status status="PASS" start="2024-05-06T03:16:55.553815" elapsed="0.000449"/>
</kw>
<kw name="Set Variable" owner="BuiltIn">
<msg time="2024-05-06T03:16:55.555086" level="INFO">${json_data} = {'results': [{'gender': 'male', 'name': {'title': 'Mr', 'first': 'Owen', 'last': 'Bélanger'}, 'location': {'street': {'number': 1000, 'name': 'Vimy St'}, 'city': 'Maidstone', 'state': 'Northwest Terri...</msg>
<var>${json_data}</var>
<arg>${response.json()}</arg>
<doc>Returns the given values which can then be assigned to a variables.</doc>
<status status="PASS" start="2024-05-06T03:16:55.554597" elapsed="0.000520"/>
</kw>
<kw name="Dictionary Should Contain Key" owner="Collections">
<msg time="2024-05-06T03:16:55.555637" level="INFO">False</msg>
<arg>${json_data}</arg>
<arg>results</arg>
<doc>Fails if ``key`` is not found from ``dictionary``.</doc>
<status status="PASS" start="2024-05-06T03:16:55.555450" elapsed="0.000231"/>
</kw>
<status status="PASS" start="2024-05-06T03:16:55.464544" elapsed="0.091413"/>
</kw>
<doc>Testa se a API responde corretamente e retorna um objeto JSON válido.</doc>
<tag>testeRequisicaoBasica</tag>
<status status="PASS" start="2024-05-06T03:16:55.464035" elapsed="0.092122"/>
</test>
<test id="s1-s1-t3" name="Validar estrutura de resposta" line="22">
<kw name="Teste de Estrutura de Resposta" owner="random-user-service">
<kw name="GET On Session" owner="RequestsLibrary">
<msg time="2024-05-06T03:16:55.668646" level="INFO">GET Request : url=https://randomuser.me/api 
 path_url=/api 
 headers={'User-Agent': 'python-requests/2.31.0', 'Accept-Encoding': 'gzip, deflate', 'Accept': '*/*', 'Connection': 'keep-alive'} 
 body=None 
 </msg>
<msg time="2024-05-06T03:16:55.668800" level="INFO">GET Response : url=https://randomuser.me/api 
 status=200, reason=OK 
 headers={'Date': 'Mon, 06 May 2024 03:16:55 GMT', 'Content-Type': 'application/json; charset=utf-8', 'Transfer-Encoding': 'chunked', 'Connection': 'keep-alive', 'X-Powered-By': 'Express', 'Access-Control-Allow-Origin': '*', 'Cache-Control': 'no-cache', 'ETag': 'W/"46f-o13RKyPw1yKURK2UL2LpLHwseuE"', 'Vary': 'Accept-Encoding', 'Content-Encoding': 'gzip', 'CF-Cache-Status': 'DYNAMIC', 'Report-To': '{"endpoints":[{"url":"https:\\/\\/a.nel.cloudflare.com\\/report\\/v4?s=v0PI0JTg6GK9r0bRzePCpw%2BzYPVAy4MxIVjasS3SrhIsllwn217MOef48M5e5ntRNvNlfsVOuC%2BLK4FJ19IKx6iHl94djqvmjU%2BWxgOnNrysSE2RWRH4oI20uwcjbCcs"}],"group":"cf-nel","max_age":604800}', 'NEL': '{"success_fraction":0,"report_to":"cf-nel","max_age":604800}', 'Server': 'cloudflare', 'CF-RAY': '87f5d07748b52901-ORD', 'alt-svc': 'h3=":443"; ma=86400'} 
 body={"results":[{"gender":"female","name":{"title":"Mrs","first":"Freya","last":"Rein"},"location":{"street":{"number":3829,"name":"Elveliveien"},"city":"Kapp","state":"Bergen","country":"Norway","postcode":"0153","coordinates":{"latitude":"40.8701","longitude":"117.2460"},"timezone":{"offset":"+9:30","description":"Adelaide, Darwin"}},"email":"freya.rein@example.com","login":{"uuid":"5a9e6251-058c-4b00-8432-86d58ab53a2a","username":"blackleopard468","password":"columbus","salt":"vGVUccps","md5":"999e52d03d4e7a0512fc74bfc12fb88f","sha1":"28b617f636d69f6c10fcba3979b92ee8f197cf90","sha256":"ea6aec79c0362f0fafe2ae7d3885d4861eec1b2c43e504dbfc97179facd80685"},"dob":{"date":"1993-02-08T17:32:06.854Z","age":31},"registered":{"date":"2009-01-09T21:21:09.803Z","age":15},"phone":"67326166","cell":"90056317","id":{"name":"FN","value":"08029349291"},"picture":{"large":"https://randomuser.me/api/portraits/women/53.jpg","medium":"https://randomuser.me/api/portraits/med/women/53.jpg","thumbnail":"https://randomuser.me/api/portraits/thumb/women/53.jpg"},"nat":"NO"}],"info":{"seed":"b5bc7f55e8b7209c","results":1,"page":1,"version":"1.4"}} 
 </msg>
<msg time="2024-05-06T03:16:55.668943" level="INFO">/opt/hostedtoolcache/Python/3.12.3/x64/lib/python3.12/site-packages/urllib3/connectionpool.py:1103: InsecureRequestWarning: Unverified HTTPS request is being made to host 'randomuser.me'. Adding certificate verification is strongly advised. See: https://urllib3.readthedocs.io/en/latest/advanced-usage.html#tls-warnings
  warnings.warn(</msg>
<msg time="2024-05-06T03:16:55.669086" level="INFO">${response} = &lt;Response [200]&gt;</msg>
<var>${response}</var>
<arg>consultarAPI</arg>
<arg>/api</arg>
<doc>Sends a GET request on a previously created HTTP Session.</doc>
<status status="PASS" start="2024-05-06T03:16:55.558986" elapsed="0.110140"/>
</kw>
<kw name="Set Variable" owner="BuiltIn">
<msg time="2024-05-06T03:16:55.670227" level="INFO">${json_data} = {'results': [{'gender': 'female', 'name': {'title': 'Mrs', 'first': 'Freya', 'last': 'Rein'}, 'location': {'street': {'number': 3829, 'name': 'Elveliveien'}, 'city': 'Kapp', 'state': 'Bergen', 'countr...</msg>
<var>${json_data}</var>
<arg>${response.json()}</arg>
<doc>Returns the given values which can then be assigned to a variables.</doc>
<status status="PASS" start="2024-05-06T03:16:55.669658" elapsed="0.000599"/>
</kw>
<kw name="Log" owner="BuiltIn">
<msg time="2024-05-06T03:16:55.670810" level="INFO">{'results': [{'gender': 'female', 'name': {'title': 'Mrs', 'first': 'Freya', 'last': 'Rein'}, 'location': {'street': {'number': 3829, 'name': 'Elveliveien'}, 'city': 'Kapp', 'state': 'Bergen', 'country': 'Norway', 'postcode': '0153', 'coordinates': {'latitude': '40.8701', 'longitude': '117.2460'}, 'timezone': {'offset': '+9:30', 'description': 'Adelaide, Darwin'}}, 'email': 'freya.rein@example.com', 'login': {'uuid': '5a9e6251-058c-4b00-8432-86d58ab53a2a', 'username': 'blackleopard468', 'password': 'columbus', 'salt': 'vGVUccps', 'md5': '999e52d03d4e7a0512fc74bfc12fb88f', 'sha1': '28b617f636d69f6c10fcba3979b92ee8f197cf90', 'sha256': 'ea6aec79c0362f0fafe2ae7d3885d4861eec1b2c43e504dbfc97179facd80685'}, 'dob': {'date': '1993-02-08T17:32:06.854Z', 'age': 31}, 'registered': {'date': '2009-01-09T21:21:09.803Z', 'age': 15}, 'phone': '67326166', 'cell': '90056317', 'id': {'name': 'FN', 'value': '08029349291'}, 'picture': {'large': 'https://randomuser.me/api/portraits/women/53.jpg', 'medium': 'https://randomuser.me/api/portraits/med/women/53.jpg', 'thumbnail': 'https://randomuser.me/api/portraits/thumb/women/53.jpg'}, 'nat': 'NO'}], 'info': {'seed': 'b5bc7f55e8b7209c', 'results': 1, 'page': 1, 'version': '1.4'}}</msg>
<arg>${json_data}</arg>
<doc>Logs the given message with the given level.</doc>
<status status="PASS" start="2024-05-06T03:16:55.670628" elapsed="0.000237"/>
</kw>
<kw name="Dictionary Should Contain Key" owner="Collections">
<msg time="2024-05-06T03:16:55.671386" level="INFO">False</msg>
<arg>${json_data}</arg>
<arg>results</arg>
<doc>Fails if ``key`` is not found from ``dictionary``.</doc>
<status status="PASS" start="2024-05-06T03:16:55.671206" elapsed="0.000221"/>
</kw>
<kw name="Should Not Be Empty" owner="BuiltIn">
<msg time="2024-05-06T03:16:55.671897" level="INFO">Length is 2.</msg>
<arg>${json_data}</arg>
<doc>Verifies that the given item is not empty.</doc>
<status status="PASS" start="2024-05-06T03:16:55.671747" elapsed="0.000367"/>
</kw>
<kw name="Create List" owner="BuiltIn">
<msg time="2024-05-06T03:16:55.672602" level="INFO">${expected_keys} = ['gender', 'name', 'location', 'email', 'login']</msg>
<var>${expected_keys}</var>
<arg>gender</arg>
<arg>name</arg>
<arg>location</arg>
<arg>email</arg>
<arg>login</arg>
<doc>Returns a list containing given items.</doc>
<status status="PASS" start="2024-05-06T03:16:55.672435" elapsed="0.000194"/>
</kw>
<for flavor="IN">
<iter>
<kw name="Dictionary Should Contain Key" owner="Collections">
<msg time="2024-05-06T03:16:55.673736" level="INFO">False</msg>
<arg>${json_data['results'][0]}</arg>
<arg>${key}</arg>
<doc>Fails if ``key`` is not found from ``dictionary``.</doc>
<status status="PASS" start="2024-05-06T03:16:55.673287" elapsed="0.000491"/>
</kw>
<kw name="Log" owner="BuiltIn">
<msg time="2024-05-06T03:16:55.674490" level="INFO">{'gender': 'female', 'name': {'title': 'Mrs', 'first': 'Freya', 'last': 'Rein'}, 'location': {'street': {'number': 3829, 'name': 'Elveliveien'}, 'city': 'Kapp', 'state': 'Bergen', 'country': 'Norway', 'postcode': '0153', 'coordinates': {'latitude': '40.8701', 'longitude': '117.2460'}, 'timezone': {'offset': '+9:30', 'description': 'Adelaide, Darwin'}}, 'email': 'freya.rein@example.com', 'login': {'uuid': '5a9e6251-058c-4b00-8432-86d58ab53a2a', 'username': 'blackleopard468', 'password': 'columbus', 'salt': 'vGVUccps', 'md5': '999e52d03d4e7a0512fc74bfc12fb88f', 'sha1': '28b617f636d69f6c10fcba3979b92ee8f197cf90', 'sha256': 'ea6aec79c0362f0fafe2ae7d3885d4861eec1b2c43e504dbfc97179facd80685'}, 'dob': {'date': '1993-02-08T17:32:06.854Z', 'age': 31}, 'registered': {'date': '2009-01-09T21:21:09.803Z', 'age': 15}, 'phone': '67326166', 'cell': '90056317', 'id': {'name': 'FN', 'value': '08029349291'}, 'picture': {'large': 'https://randomuser.me/api/portraits/women/53.jpg', 'medium': 'https://randomuser.me/api/portraits/med/women/53.jpg', 'thumbnail': 'https://randomuser.me/api/portraits/thumb/women/53.jpg'}, 'nat': 'NO'}</msg>
<arg>${json_data['results'][0]}</arg>
<doc>Logs the given message with the given level.</doc>
<status status="PASS" start="2024-05-06T03:16:55.674095" elapsed="0.000447"/>
</kw>
<kw name="Log" owner="BuiltIn">
<msg time="2024-05-06T03:16:55.674992" level="INFO">gender</msg>
<arg>${key}</arg>
<doc>Logs the given message with the given level.</doc>
<status status="PASS" start="2024-05-06T03:16:55.674859" elapsed="0.000172"/>
</kw>
<var name="${key}">gender</var>
<status status="PASS" start="2024-05-06T03:16:55.673152" elapsed="0.002103"/>
</iter>
<iter>
<kw name="Dictionary Should Contain Key" owner="Collections">
<msg time="2024-05-06T03:16:55.675990" level="INFO">False</msg>
<arg>${json_data['results'][0]}</arg>
<arg>${key}</arg>
<doc>Fails if ``key`` is not found from ``dictionary``.</doc>
<status status="PASS" start="2024-05-06T03:16:55.675583" elapsed="0.000447"/>
</kw>
<kw name="Log" owner="BuiltIn">
<msg time="2024-05-06T03:16:55.676775" level="INFO">{'gender': 'female', 'name': {'title': 'Mrs', 'first': 'Freya', 'last': 'Rein'}, 'location': {'street': {'number': 3829, 'name': 'Elveliveien'}, 'city': 'Kapp', 'state': 'Bergen', 'country': 'Norway', 'postcode': '0153', 'coordinates': {'latitude': '40.8701', 'longitude': '117.2460'}, 'timezone': {'offset': '+9:30', 'description': 'Adelaide, Darwin'}}, 'email': 'freya.rein@example.com', 'login': {'uuid': '5a9e6251-058c-4b00-8432-86d58ab53a2a', 'username': 'blackleopard468', 'password': 'columbus', 'salt': 'vGVUccps', 'md5': '999e52d03d4e7a0512fc74bfc12fb88f', 'sha1': '28b617f636d69f6c10fcba3979b92ee8f197cf90', 'sha256': 'ea6aec79c0362f0fafe2ae7d3885d4861eec1b2c43e504dbfc97179facd80685'}, 'dob': {'date': '1993-02-08T17:32:06.854Z', 'age': 31}, 'registered': {'date': '2009-01-09T21:21:09.803Z', 'age': 15}, 'phone': '67326166', 'cell': '90056317', 'id': {'name': 'FN', 'value': '08029349291'}, 'picture': {'large': 'https://randomuser.me/api/portraits/women/53.jpg', 'medium': 'https://randomuser.me/api/portraits/med/women/53.jpg', 'thumbnail': 'https://randomuser.me/api/portraits/thumb/women/53.jpg'}, 'nat': 'NO'}</msg>
<arg>${json_data['results'][0]}</arg>
<doc>Logs the given message with the given level.</doc>
<status status="PASS" start="2024-05-06T03:16:55.676370" elapsed="0.000458"/>
</kw>
<kw name="Log" owner="BuiltIn">
<msg time="2024-05-06T03:16:55.677276" level="INFO">name</msg>
<arg>${key}</arg>
<doc>Logs the given message with the given level.</doc>
<status status="PASS" start="2024-05-06T03:16:55.677142" elapsed="0.000174"/>
</kw>
<var name="${key}">name</var>
<status status="PASS" start="2024-05-06T03:16:55.675459" elapsed="0.002080"/>
</iter>
<iter>
<kw name="Dictionary Should Contain Key" owner="Collections">
<msg time="2024-05-06T03:16:55.678263" level="INFO">False</msg>
<arg>${json_data['results'][0]}</arg>
<arg>${key}</arg>
<doc>Fails if ``key`` is not found from ``dictionary``.</doc>
<status status="PASS" start="2024-05-06T03:16:55.677851" elapsed="0.000452"/>
</kw>
<kw name="Log" owner="BuiltIn">
<msg time="2024-05-06T03:16:55.679020" level="INFO">{'gender': 'female', 'name': {'title': 'Mrs', 'first': 'Freya', 'last': 'Rein'}, 'location': {'street': {'number': 3829, 'name': 'Elveliveien'}, 'city': 'Kapp', 'state': 'Bergen', 'country': 'Norway', 'postcode': '0153', 'coordinates': {'latitude': '40.8701', 'longitude': '117.2460'}, 'timezone': {'offset': '+9:30', 'description': 'Adelaide, Darwin'}}, 'email': 'freya.rein@example.com', 'login': {'uuid': '5a9e6251-058c-4b00-8432-86d58ab53a2a', 'username': 'blackleopard468', 'password': 'columbus', 'salt': 'vGVUccps', 'md5': '999e52d03d4e7a0512fc74bfc12fb88f', 'sha1': '28b617f636d69f6c10fcba3979b92ee8f197cf90', 'sha256': 'ea6aec79c0362f0fafe2ae7d3885d4861eec1b2c43e504dbfc97179facd80685'}, 'dob': {'date': '1993-02-08T17:32:06.854Z', 'age': 31}, 'registered': {'date': '2009-01-09T21:21:09.803Z', 'age': 15}, 'phone': '67326166', 'cell': '90056317', 'id': {'name': 'FN', 'value': '08029349291'}, 'picture': {'large': 'https://randomuser.me/api/portraits/women/53.jpg', 'medium': 'https://randomuser.me/api/portraits/med/women/53.jpg', 'thumbnail': 'https://randomuser.me/api/portraits/thumb/women/53.jpg'}, 'nat': 'NO'}</msg>
<arg>${json_data['results'][0]}</arg>
<doc>Logs the given message with the given level.</doc>
<status status="PASS" start="2024-05-06T03:16:55.678641" elapsed="0.000431"/>
</kw>
<kw name="Log" owner="BuiltIn">
<msg time="2024-05-06T03:16:55.679514" level="INFO">location</msg>
<arg>${key}</arg>
<doc>Logs the given message with the given level.</doc>
<status status="PASS" start="2024-05-06T03:16:55.679381" elapsed="0.000174"/>
</kw>
<var name="${key}">location</var>
<status status="PASS" start="2024-05-06T03:16:55.677731" elapsed="0.002053"/>
</iter>
<iter>
<kw name="Dictionary Should Contain Key" owner="Collections">
<msg time="2024-05-06T03:16:55.680496" level="INFO">False</msg>
<arg>${json_data['results'][0]}</arg>
<arg>${key}</arg>
<doc>Fails if ``key`` is not found from ``dictionary``.</doc>
<status status="PASS" start="2024-05-06T03:16:55.680087" elapsed="0.000449"/>
</kw>
<kw name="Log" owner="BuiltIn">
<msg time="2024-05-06T03:16:55.681262" level="INFO">{'gender': 'female', 'name': {'title': 'Mrs', 'first': 'Freya', 'last': 'Rein'}, 'location': {'street': {'number': 3829, 'name': 'Elveliveien'}, 'city': 'Kapp', 'state': 'Bergen', 'country': 'Norway', 'postcode': '0153', 'coordinates': {'latitude': '40.8701', 'longitude': '117.2460'}, 'timezone': {'offset': '+9:30', 'description': 'Adelaide, Darwin'}}, 'email': 'freya.rein@example.com', 'login': {'uuid': '5a9e6251-058c-4b00-8432-86d58ab53a2a', 'username': 'blackleopard468', 'password': 'columbus', 'salt': 'vGVUccps', 'md5': '999e52d03d4e7a0512fc74bfc12fb88f', 'sha1': '28b617f636d69f6c10fcba3979b92ee8f197cf90', 'sha256': 'ea6aec79c0362f0fafe2ae7d3885d4861eec1b2c43e504dbfc97179facd80685'}, 'dob': {'date': '1993-02-08T17:32:06.854Z', 'age': 31}, 'registered': {'date': '2009-01-09T21:21:09.803Z', 'age': 15}, 'phone': '67326166', 'cell': '90056317', 'id': {'name': 'FN', 'value': '08029349291'}, 'picture': {'large': 'https://randomuser.me/api/portraits/women/53.jpg', 'medium': 'https://randomuser.me/api/portraits/med/women/53.jpg', 'thumbnail': 'https://randomuser.me/api/portraits/thumb/women/53.jpg'}, 'nat': 'NO'}</msg>
<arg>${json_data['results'][0]}</arg>
<doc>Logs the given message with the given level.</doc>
<status status="PASS" start="2024-05-06T03:16:55.680869" elapsed="0.000443"/>
</kw>
<kw name="Log" owner="BuiltIn">
<msg time="2024-05-06T03:16:55.681754" level="INFO">email</msg>
<arg>${key}</arg>
<doc>Logs the given message with the given level.</doc>
<status status="PASS" start="2024-05-06T03:16:55.681622" elapsed="0.000172"/>
</kw>
<var name="${key}">email</var>
<status status="PASS" start="2024-05-06T03:16:55.679970" elapsed="0.002051"/>
</iter>
<iter>
<kw name="Dictionary Should Contain Key" owner="Collections">
<msg time="2024-05-06T03:16:55.682731" level="INFO">False</msg>
<arg>${json_data['results'][0]}</arg>
<arg>${key}</arg>
<doc>Fails if ``key`` is not found from ``dictionary``.</doc>
<status status="PASS" start="2024-05-06T03:16:55.682320" elapsed="0.000453"/>
</kw>
<kw name="Log" owner="BuiltIn">
<msg time="2024-05-06T03:16:55.683469" level="INFO">{'gender': 'female', 'name': {'title': 'Mrs', 'first': 'Freya', 'last': 'Rein'}, 'location': {'street': {'number': 3829, 'name': 'Elveliveien'}, 'city': 'Kapp', 'state': 'Bergen', 'country': 'Norway', 'postcode': '0153', 'coordinates': {'latitude': '40.8701', 'longitude': '117.2460'}, 'timezone': {'offset': '+9:30', 'description': 'Adelaide, Darwin'}}, 'email': 'freya.rein@example.com', 'login': {'uuid': '5a9e6251-058c-4b00-8432-86d58ab53a2a', 'username': 'blackleopard468', 'password': 'columbus', 'salt': 'vGVUccps', 'md5': '999e52d03d4e7a0512fc74bfc12fb88f', 'sha1': '28b617f636d69f6c10fcba3979b92ee8f197cf90', 'sha256': 'ea6aec79c0362f0fafe2ae7d3885d4861eec1b2c43e504dbfc97179facd80685'}, 'dob': {'date': '1993-02-08T17:32:06.854Z', 'age': 31}, 'registered': {'date': '2009-01-09T21:21:09.803Z', 'age': 15}, 'phone': '67326166', 'cell': '90056317', 'id': {'name': 'FN', 'value': '08029349291'}, 'picture': {'large': 'https://randomuser.me/api/portraits/women/53.jpg', 'medium': 'https://randomuser.me/api/portraits/med/women/53.jpg', 'thumbnail': 'https://randomuser.me/api/portraits/thumb/women/53.jpg'}, 'nat': 'NO'}</msg>
<arg>${json_data['results'][0]}</arg>
<doc>Logs the given message with the given level.</doc>
<status status="PASS" start="2024-05-06T03:16:55.683085" elapsed="0.000434"/>
</kw>
<kw name="Log" owner="BuiltIn">
<msg time="2024-05-06T03:16:55.683964" level="INFO">login</msg>
<arg>${key}</arg>
<doc>Logs the given message with the given level.</doc>
<status status="PASS" start="2024-05-06T03:16:55.683831" elapsed="0.000174"/>
</kw>
<var name="${key}">login</var>
<status status="PASS" start="2024-05-06T03:16:55.682204" elapsed="0.002032"/>
</iter>
<var>${key}</var>
<value>@{expected_keys}</value>
<status status="PASS" start="2024-05-06T03:16:55.672939" elapsed="0.011427"/>
</for>
<kw name="Create List" owner="BuiltIn">
<msg time="2024-05-06T03:16:55.684788" level="INFO">${expected_keysTwo} = ['username', 'password']</msg>
<var>${expected_keysTwo}</var>
<arg>username</arg>
<arg>password</arg>
<doc>Returns a list containing given items.</doc>
<status status="PASS" start="2024-05-06T03:16:55.684614" elapsed="0.000200"/>
</kw>
<for flavor="IN">
<iter>
<kw name="Dictionary Should Contain Key" owner="Collections">
<msg time="2024-05-06T03:16:55.685765" level="INFO">False</msg>
<arg>${json_data['results'][0]['login']}</arg>
<arg>${keyTwo}</arg>
<doc>Fails if ``key`` is not found from ``dictionary``.</doc>
<status status="PASS" start="2024-05-06T03:16:55.685353" elapsed="0.000452"/>
</kw>
<kw name="Dictionary Should Contain Key" owner="Collections">
<msg time="2024-05-06T03:16:55.686521" level="INFO">False</msg>
<arg>${json_data['results'][0]['login']}</arg>
<arg>${keyTwo}</arg>
<doc>Fails if ``key`` is not found from ``dictionary``.</doc>
<status status="PASS" start="2024-05-06T03:16:55.686123" elapsed="0.000438"/>
</kw>
<kw name="Log" owner="BuiltIn">
<msg time="2024-05-06T03:16:55.687002" level="INFO">username</msg>
<arg>${keyTwo}</arg>
<doc>Logs the given message with the given level.</doc>
<status status="PASS" start="2024-05-06T03:16:55.686867" elapsed="0.000179"/>
</kw>
<var name="${keyTwo}">username</var>
<status status="PASS" start="2024-05-06T03:16:55.685236" elapsed="0.002034"/>
</iter>
<iter>
<kw name="Dictionary Should Contain Key" owner="Collections">
<msg time="2024-05-06T03:16:55.688060" level="INFO">False</msg>
<arg>${json_data['results'][0]['login']}</arg>
<arg>${keyTwo}</arg>
<doc>Fails if ``key`` is not found from ``dictionary``.</doc>
<status status="PASS" start="2024-05-06T03:16:55.687569" elapsed="0.000533"/>
</kw>
<kw name="Dictionary Should Contain Key" owner="Collections">
<msg time="2024-05-06T03:16:55.688846" level="INFO">False</msg>
<arg>${json_data['results'][0]['login']}</arg>
<arg>${keyTwo}</arg>
<doc>Fails if ``key`` is not found from ``dictionary``.</doc>
<status status="PASS" start="2024-05-06T03:16:55.688415" elapsed="0.000471"/>
</kw>
<kw name="Log" owner="BuiltIn">
<msg time="2024-05-06T03:16:55.689331" level="INFO">password</msg>
<arg>${keyTwo}</arg>
<doc>Logs the given message with the given level.</doc>
<status status="PASS" start="2024-05-06T03:16:55.689196" elapsed="0.000175"/>
</kw>
<var name="${keyTwo}">password</var>
<status status="PASS" start="2024-05-06T03:16:55.687453" elapsed="0.002147"/>
</iter>
<var>${keyTwo}</var>
<value>@{expected_keysTwo}</value>
<status status="PASS" start="2024-05-06T03:16:55.685068" elapsed="0.004661"/>
</for>
<status status="PASS" start="2024-05-06T03:16:55.558732" elapsed="0.131152"/>
</kw>
<doc>Testa a estrutura da resposta da API.</doc>
<tag>testeEstruturaResposta</tag>
<status status="PASS" start="2024-05-06T03:16:55.558170" elapsed="0.131896"/>
</test>
<test id="s1-s1-t4" name="Validar tipos de dados" line="28">
<kw name="Teste de Tipos de Dados" owner="random-user-service">
<kw name="GET On Session" owner="RequestsLibrary">
<msg time="2024-05-06T03:16:55.762012" level="INFO">GET Request : url=https://randomuser.me/api 
 path_url=/api 
 headers={'User-Agent': 'python-requests/2.31.0', 'Accept-Encoding': 'gzip, deflate', 'Accept': '*/*', 'Connection': 'keep-alive'} 
 body=None 
 </msg>
<msg time="2024-05-06T03:16:55.762124" level="INFO">GET Response : url=https://randomuser.me/api 
 status=200, reason=OK 
 headers={'Date': 'Mon, 06 May 2024 03:16:55 GMT', 'Content-Type': 'application/json; charset=utf-8', 'Transfer-Encoding': 'chunked', 'Connection': 'keep-alive', 'X-Powered-By': 'Express', 'Access-Control-Allow-Origin': '*', 'Cache-Control': 'no-cache', 'ETag': 'W/"487-2s/EZt0fYyE/hM3ksCxEVhV6Eaw"', 'Vary': 'Accept-Encoding', 'Content-Encoding': 'gzip', 'CF-Cache-Status': 'DYNAMIC', 'Report-To': '{"endpoints":[{"url":"https:\\/\\/a.nel.cloudflare.com\\/report\\/v4?s=ILQj%2BNKo%2FoYCgRFZNILIk79Pr4MQKIUyFRBiT2b2Gud9j1%2BQJyL1e6uyHTomPgcvJec6hWE2Tv8t4P%2BLuy5EH%2F7K0Pi%2FW9OnysxHd03xUisf652ER7r5viIjjOlMEPei"}],"group":"cf-nel","max_age":604800}', 'NEL': '{"success_fraction":0,"report_to":"cf-nel","max_age":604800}', 'Server': 'cloudflare', 'CF-RAY': '87f5d078196f2901-ORD', 'alt-svc': 'h3=":443"; ma=86400'} 
 body={"results":[{"gender":"female","name":{"title":"Ms","first":"Maria","last":"Johnson"},"location":{"street":{"number":3096,"name":"Hereford Street"},"city":"Blenheim","state":"Hawke'S Bay","country":"New Zealand","postcode":65357,"coordinates":{"latitude":"55.5844","longitude":"66.7821"},"timezone":{"offset":"+6:00","description":"Almaty, Dhaka, Colombo"}},"email":"maria.johnson@example.com","login":{"uuid":"a5bc4514-9394-471a-9652-7fe3fc6250b9","username":"blueladybug990","password":"fresh","salt":"lKqEfQey","md5":"680464b364a08e118d9699e5be4f58e6","sha1":"b6be8dbbe30d8921b1711085b92855af2ebc746d","sha256":"bd6e42104483c5be1fa47df54e40a01f358d2c5ee5703972f5d6f8034bc26508"},"dob":{"date":"1994-11-30T19:38:52.762Z","age":29},"registered":{"date":"2006-08-16T07:18:50.681Z","age":17},"phone":"(841)-307-5117","cell":"(624)-181-9670","id":{"name":"","value":null},"picture":{"large":"https://randomuser.me/api/portraits/women/96.jpg","medium":"https://randomuser.me/api/portraits/med/women/96.jpg","thumbnail":"https://randomuser.me/api/portraits/thumb/women/96.jpg"},"nat":"NZ"}],"info":{"seed":"b3b55525c8a9a11e","results":1,"page":1,"version":"1.4"}} 
 </msg>
<msg time="2024-05-06T03:16:55.762211" level="INFO">/opt/hostedtoolcache/Python/3.12.3/x64/lib/python3.12/site-packages/urllib3/connectionpool.py:1103: InsecureRequestWarning: Unverified HTTPS request is being made to host 'randomuser.me'. Adding certificate verification is strongly advised. See: https://urllib3.readthedocs.io/en/latest/advanced-usage.html#tls-warnings
  warnings.warn(</msg>
<msg time="2024-05-06T03:16:55.762350" level="INFO">${response} = &lt;Response [200]&gt;</msg>
<var>${response}</var>
<arg>consultarAPI</arg>
<arg>/api</arg>
<doc>Sends a GET request on a previously created HTTP Session.</doc>
<status status="PASS" start="2024-05-06T03:16:55.692791" elapsed="0.069615"/>
</kw>
<kw name="Set Variable" owner="BuiltIn">
<msg time="2024-05-06T03:16:55.763609" level="INFO">${json_data} = {'results': [{'gender': 'female', 'name': {'title': 'Ms', 'first': 'Maria', 'last': 'Johnson'}, 'location': {'street': {'number': 3096, 'name': 'Hereford Street'}, 'city': 'Blenheim', 'state': "Hawke'...</msg>
<var>${json_data}</var>
<arg>${response.json()}</arg>
<doc>Returns the given values which can then be assigned to a variables.</doc>
<status status="PASS" start="2024-05-06T03:16:55.763026" elapsed="0.000614"/>
</kw>
<kw name="Log" owner="BuiltIn">
<msg time="2024-05-06T03:16:55.764219" level="INFO">{'results': [{'gender': 'female', 'name': {'title': 'Ms', 'first': 'Maria', 'last': 'Johnson'}, 'location': {'street': {'number': 3096, 'name': 'Hereford Street'}, 'city': 'Blenheim', 'state': "Hawke'S Bay", 'country': 'New Zealand', 'postcode': 65357, 'coordinates': {'latitude': '55.5844', 'longitude': '66.7821'}, 'timezone': {'offset': '+6:00', 'description': 'Almaty, Dhaka, Colombo'}}, 'email': 'maria.johnson@example.com', 'login': {'uuid': 'a5bc4514-9394-471a-9652-7fe3fc6250b9', 'username': 'blueladybug990', 'password': 'fresh', 'salt': 'lKqEfQey', 'md5': '680464b364a08e118d9699e5be4f58e6', 'sha1': 'b6be8dbbe30d8921b1711085b92855af2ebc746d', 'sha256': 'bd6e42104483c5be1fa47df54e40a01f358d2c5ee5703972f5d6f8034bc26508'}, 'dob': {'date': '1994-11-30T19:38:52.762Z', 'age': 29}, 'registered': {'date': '2006-08-16T07:18:50.681Z', 'age': 17}, 'phone': '(841)-307-5117', 'cell': '(624)-181-9670', 'id': {'name': '', 'value': None}, 'picture': {'large': 'https://randomuser.me/api/portraits/women/96.jpg', 'medium': 'https://randomuser.me/api/portraits/med/women/96.jpg', 'thumbnail': 'https://randomuser.me/api/portraits/thumb/women/96.jpg'}, 'nat': 'NZ'}], 'info': {'seed': 'b3b55525c8a9a11e', 'results': 1, 'page': 1, 'version': '1.4'}}</msg>
<arg>${json_data}</arg>
<doc>Logs the given message with the given level.</doc>
<status status="PASS" start="2024-05-06T03:16:55.764031" elapsed="0.000240"/>
</kw>
<kw name="Should Be String" owner="String">
<arg>${json_data['results'][0]['gender']}</arg>
<doc>Fails if the given ``item`` is not a string.</doc>
<status status="PASS" start="2024-05-06T03:16:55.764646" elapsed="0.000490"/>
</kw>
<kw name="Should Match Regexp" owner="BuiltIn">
<arg>${json_data['results'][0]['email']}</arg>
<arg>^[a-zA-Z0-9._%+-]+@[a-zA-Z0-9.-]+\.[a-zA-Z]{2,}$</arg>
<doc>Fails if ``string`` does not match ``pattern`` as a regular expression.</doc>
<status status="PASS" start="2024-05-06T03:16:55.765354" elapsed="0.000570"/>
</kw>
<kw name="Should Match Regexp" owner="BuiltIn">
<arg>${json_data['results'][0]['dob']['date']}</arg>
<arg>\\d{4}-\\d{2}-\\d{2}T\\d{2}:\\d{2}:\\d{2}\\.\\d{3}Z</arg>
<doc>Fails if ``string`` does not match ``pattern`` as a regular expression.</doc>
<status status="PASS" start="2024-05-06T03:16:55.766148" elapsed="0.000542"/>
</kw>
<kw name="Should Match Regexp" owner="BuiltIn">
<arg>${json_data['results'][0]['registered']['date']}</arg>
<arg>\\d{4}-\\d{2}-\\d{2}T\\d{2}:\\d{2}:\\d{2}\\.\\d{3}Z</arg>
<doc>Fails if ``string`` does not match ``pattern`` as a regular expression.</doc>
<status status="PASS" start="2024-05-06T03:16:55.766900" elapsed="0.000390"/>
</kw>
<kw name="Should Match Regexp" owner="BuiltIn">
<arg>${json_data['results'][0]['picture']['large']}</arg>
<arg>^https?://.*\.(?:png|jpe?g|gif|bmp)$</arg>
<doc>Fails if ``string`` does not match ``pattern`` as a regular expression.</doc>
<status status="PASS" start="2024-05-06T03:16:55.767502" elapsed="0.000492"/>
</kw>
<kw name="Should Match Regexp" owner="BuiltIn">
<arg>${json_data['results'][0]['picture']['medium']}</arg>
<arg>^https?://.*\.(?:png|jpe?g|gif|bmp)$</arg>
<doc>Fails if ``string`` does not match ``pattern`` as a regular expression.</doc>
<status status="PASS" start="2024-05-06T03:16:55.768198" elapsed="0.000378"/>
</kw>
<kw name="Should Match Regexp" owner="BuiltIn">
<arg>${json_data['results'][0]['picture']['thumbnail']}</arg>
<arg>^https?://.*\.(?:png|jpe?g|gif|bmp)$</arg>
<doc>Fails if ``string`` does not match ``pattern`` as a regular expression.</doc>
<status status="PASS" start="2024-05-06T03:16:55.768831" elapsed="0.000381"/>
</kw>
<kw name="Log" owner="BuiltIn">
<msg time="2024-05-06T03:16:55.769749" level="INFO">{'large': 'https://randomuser.me/api/portraits/women/96.jpg', 'medium': 'https://randomuser.me/api/portraits/med/women/96.jpg', 'thumbnail': 'https://randomuser.me/api/portraits/thumb/women/96.jpg'}</msg>
<arg>${json_data['results'][0]['picture']}</arg>
<doc>Logs the given message with the given level.</doc>
<status status="PASS" start="2024-05-06T03:16:55.769408" elapsed="0.000386"/>
</kw>
<status status="PASS" start="2024-05-06T03:16:55.692493" elapsed="0.077587"/>
</kw>
<kw name="Teste de Tipos de Dados - Postcode" owner="random-user-service">
<kw name="GET On Session" owner="RequestsLibrary">
<msg time="2024-05-06T03:16:55.852697" level="INFO">GET Request : url=https://randomuser.me/api 
 path_url=/api 
 headers={'User-Agent': 'python-requests/2.31.0', 'Accept-Encoding': 'gzip, deflate', 'Accept': '*/*', 'Connection': 'keep-alive'} 
 body=None 
 </msg>
<msg time="2024-05-06T03:16:55.852802" level="INFO">GET Response : url=https://randomuser.me/api 
 status=200, reason=OK 
 headers={'Date': 'Mon, 06 May 2024 03:16:55 GMT', 'Content-Type': 'application/json; charset=utf-8', 'Transfer-Encoding': 'chunked', 'Connection': 'keep-alive', 'X-Powered-By': 'Express', 'Access-Control-Allow-Origin': '*', 'Cache-Control': 'no-cache', 'ETag': 'W/"46f-VPQyZcv9JQYgsCHiCCA9Wdx22kU"', 'Vary': 'Accept-Encoding', 'Content-Encoding': 'gzip', 'CF-Cache-Status': 'DYNAMIC', 'Report-To': '{"endpoints":[{"url":"https:\\/\\/a.nel.cloudflare.com\\/report\\/v4?s=7ofQ9%2F5HKAa804IC6%2BBUT9Sym0OXndhnzAsdRqhEYVOHlBqHreoau9TjFou8TUzNwZOwMJmjvC9PsdOTM5Hh3hpfCCGJNTVx3vvu0P1faXjbvdpJhvdk17tpZnwcq%2BaL"}],"group":"cf-nel","max_age":604800}', 'NEL': '{"success_fraction":0,"report_to":"cf-nel","max_age":604800}', 'Server': 'cloudflare', 'CF-RAY': '87f5d07899f22901-ORD', 'alt-svc': 'h3=":443"; ma=86400'} 
 body={"results":[{"gender":"male","name":{"title":"Mr","first":"Tanish","last":"Kavser"},"location":{"street":{"number":3929,"name":"Coaker's Walk"},"city":"Shahjahanpur","state":"Mizoram","country":"India","postcode":86458,"coordinates":{"latitude":"8.3777","longitude":"-134.9449"},"timezone":{"offset":"-10:00","description":"Hawaii"}},"email":"tanish.kavser@example.com","login":{"uuid":"e6163dad-1578-45d9-beed-adfdd9d33c04","username":"tinysnake717","password":"treetop","salt":"huEGt1IS","md5":"bdaf9cad20926d7a5092a9ff767016d4","sha1":"49e82c9a4f5febe5db8bf40f02d11719ddec000a","sha256":"bb378274c0afdfc6c3d7ec12c2a31305c61fdbeac17f763ed7efedb68f82ace0"},"dob":{"date":"1992-09-15T07:31:23.491Z","age":31},"registered":{"date":"2022-01-11T05:32:46.662Z","age":2},"phone":"9582270275","cell":"9512489274","id":{"name":"UIDAI","value":"014997688834"},"picture":{"large":"https://randomuser.me/api/portraits/men/84.jpg","medium":"https://randomuser.me/api/portraits/med/men/84.jpg","thumbnail":"https://randomuser.me/api/portraits/thumb/men/84.jpg"},"nat":"IN"}],"info":{"seed":"c223a24995e07600","results":1,"page":1,"version":"1.4"}} 
 </msg>
<msg time="2024-05-06T03:16:55.852887" level="INFO">/opt/hostedtoolcache/Python/3.12.3/x64/lib/python3.12/site-packages/urllib3/connectionpool.py:1103: InsecureRequestWarning: Unverified HTTPS request is being made to host 'randomuser.me'. Adding certificate verification is strongly advised. See: https://urllib3.readthedocs.io/en/latest/advanced-usage.html#tls-warnings
  warnings.warn(</msg>
<msg time="2024-05-06T03:16:55.853014" level="INFO">${response} = &lt;Response [200]&gt;</msg>
<var>${response}</var>
<arg>consultarAPI</arg>
<arg>/api</arg>
<doc>Sends a GET request on a previously created HTTP Session.</doc>
<status status="PASS" start="2024-05-06T03:16:55.770593" elapsed="0.082469"/>
</kw>
<kw name="Set Variable" owner="BuiltIn">
<msg time="2024-05-06T03:16:55.854111" level="INFO">${json_data} = {'results': [{'gender': 'male', 'name': {'title': 'Mr', 'first': 'Tanish', 'last': 'Kavser'}, 'location': {'street': {'number': 3929, 'name': "Coaker's Walk"}, 'city': 'Shahjahanpur', 'state': 'Mizora...</msg>
<var>${json_data}</var>
<arg>${response.json()}</arg>
<doc>Returns the given values which can then be assigned to a variables.</doc>
<status status="PASS" start="2024-05-06T03:16:55.853569" elapsed="0.000572"/>
</kw>
<kw name="Log" owner="BuiltIn">
<msg time="2024-05-06T03:16:55.854682" level="INFO">{'results': [{'gender': 'male', 'name': {'title': 'Mr', 'first': 'Tanish', 'last': 'Kavser'}, 'location': {'street': {'number': 3929, 'name': "Coaker's Walk"}, 'city': 'Shahjahanpur', 'state': 'Mizoram', 'country': 'India', 'postcode': 86458, 'coordinates': {'latitude': '8.3777', 'longitude': '-134.9449'}, 'timezone': {'offset': '-10:00', 'description': 'Hawaii'}}, 'email': 'tanish.kavser@example.com', 'login': {'uuid': 'e6163dad-1578-45d9-beed-adfdd9d33c04', 'username': 'tinysnake717', 'password': 'treetop', 'salt': 'huEGt1IS', 'md5': 'bdaf9cad20926d7a5092a9ff767016d4', 'sha1': '49e82c9a4f5febe5db8bf40f02d11719ddec000a', 'sha256': 'bb378274c0afdfc6c3d7ec12c2a31305c61fdbeac17f763ed7efedb68f82ace0'}, 'dob': {'date': '1992-09-15T07:31:23.491Z', 'age': 31}, 'registered': {'date': '2022-01-11T05:32:46.662Z', 'age': 2}, 'phone': '9582270275', 'cell': '9512489274', 'id': {'name': 'UIDAI', 'value': '014997688834'}, 'picture': {'large': 'https://randomuser.me/api/portraits/men/84.jpg', 'medium': 'https://randomuser.me/api/portraits/med/men/84.jpg', 'thumbnail': 'https://randomuser.me/api/portraits/thumb/men/84.jpg'}, 'nat': 'IN'}], 'info': {'seed': 'c223a24995e07600', 'results': 1, 'page': 1, 'version': '1.4'}}</msg>
<arg>${json_data}</arg>
<doc>Logs the given message with the given level.</doc>
<status status="PASS" start="2024-05-06T03:16:55.854503" elapsed="0.000230"/>
</kw>
<kw name="Should Be Equal As Numbers" owner="BuiltIn">
<arg>${json_data['results'][0]['location']['postcode']}</arg>
<arg>${json_data['results'][0]['location']['postcode']}</arg>
<doc>Fails if objects are unequal after converting them to real numbers.</doc>
<status status="PASS" start="2024-05-06T03:16:55.855253" elapsed="0.000693"/>
</kw>
<kw name="Log" owner="BuiltIn">
<msg time="2024-05-06T03:16:55.856562" level="INFO">86458</msg>
<arg>${json_data['results'][0]['location']['postcode']}</arg>
<doc>Logs the given message with the given level.</doc>
<status status="PASS" start="2024-05-06T03:16:55.856201" elapsed="0.000405"/>
</kw>
<status status="PASS" start="2024-05-06T03:16:55.770336" elapsed="0.086588"/>
</kw>
<doc>Testa se os tipos de dados na resposta da API estão corretos.</doc>
<tag>testeTiposDados</tag>
<status status="PASS" start="2024-05-06T03:16:55.691989" elapsed="0.165123"/>
</test>
<test id="s1-s1-t5" name="Validar conteudo" line="35">
<kw name="Teste de Tipos de Conteudo" owner="random-user-service">
<kw name="GET On Session" owner="RequestsLibrary">
<msg time="2024-05-06T03:16:55.954167" level="INFO">GET Request : url=https://randomuser.me/api 
 path_url=/api 
 headers={'User-Agent': 'python-requests/2.31.0', 'Accept-Encoding': 'gzip, deflate', 'Accept': '*/*', 'Connection': 'keep-alive'} 
 body=None 
 </msg>
<msg time="2024-05-06T03:16:55.954282" level="INFO">GET Response : url=https://randomuser.me/api 
 status=200, reason=OK 
 headers={'Date': 'Mon, 06 May 2024 03:16:55 GMT', 'Content-Type': 'application/json; charset=utf-8', 'Transfer-Encoding': 'chunked', 'Connection': 'keep-alive', 'X-Powered-By': 'Express', 'Access-Control-Allow-Origin': '*', 'Cache-Control': 'no-cache', 'ETag': 'W/"486-VWhhrbXc1AkCQDDIJXDdvu68ubM"', 'Vary': 'Accept-Encoding', 'Content-Encoding': 'gzip', 'CF-Cache-Status': 'DYNAMIC', 'Report-To': '{"endpoints":[{"url":"https:\\/\\/a.nel.cloudflare.com\\/report\\/v4?s=XDWhRR76EM5guRQySyzvOQqhIJg39mows50eSvktrOuQhPlwAXNz9V7Ph3Y%2FHTkqL5I%2FEytowWamtwdpk17A9R%2B5MkE5Wd816J%2FPNre4W5OajsAhmspBdbTkIsYSoAB1"}],"group":"cf-nel","max_age":604800}', 'NEL': '{"success_fraction":0,"report_to":"cf-nel","max_age":604800}', 'Server': 'cloudflare', 'CF-RAY': '87f5d0792a682901-ORD', 'alt-svc': 'h3=":443"; ma=86400'} 
 body={"results":[{"gender":"male","name":{"title":"Mr","first":"Tinius","last":"Milde"},"location":{"street":{"number":8646,"name":"Ole Vigs gate"},"city":"Blæstadgrenda","state":"Finnmark - Finnmárku","country":"Norway","postcode":"0034","coordinates":{"latitude":"46.1882","longitude":"-168.7086"},"timezone":{"offset":"+6:00","description":"Almaty, Dhaka, Colombo"}},"email":"tinius.milde@example.com","login":{"uuid":"e8cda135-1e02-45fd-a905-ef8fe9e53617","username":"angryfrog918","password":"mason","salt":"g5cju0Z4","md5":"ff4b06986906ed059e3457aae67d5d55","sha1":"9772d7c65e2a22f988df64df230ab503a2e3fc49","sha256":"c39576e942718b45eebfe89a41a399d8ae76f3725aaa24e2e36cf7230e004711"},"dob":{"date":"2000-11-28T04:47:57.448Z","age":23},"registered":{"date":"2012-10-01T13:15:31.391Z","age":11},"phone":"86932304","cell":"43620849","id":{"name":"FN","value":"28110075504"},"picture":{"large":"https://randomuser.me/api/portraits/men/98.jpg","medium":"https://randomuser.me/api/portraits/med/men/98.jpg","thumbnail":"https://randomuser.me/api/portraits/thumb/men/98.jpg"},"nat":"NO"}],"info":{"seed":"b2e2de02b01ad78e","results":1,"page":1,"version":"1.4"}} 
 </msg>
<msg time="2024-05-06T03:16:55.954373" level="INFO">/opt/hostedtoolcache/Python/3.12.3/x64/lib/python3.12/site-packages/urllib3/connectionpool.py:1103: InsecureRequestWarning: Unverified HTTPS request is being made to host 'randomuser.me'. Adding certificate verification is strongly advised. See: https://urllib3.readthedocs.io/en/latest/advanced-usage.html#tls-warnings
  warnings.warn(</msg>
<msg time="2024-05-06T03:16:55.954511" level="INFO">${response} = &lt;Response [200]&gt;</msg>
<var>${response}</var>
<arg>consultarAPI</arg>
<arg>/api</arg>
<doc>Sends a GET request on a previously created HTTP Session.</doc>
<status status="PASS" start="2024-05-06T03:16:55.860163" elapsed="0.094379"/>
</kw>
<kw name="Set Variable" owner="BuiltIn">
<msg time="2024-05-06T03:16:55.955735" level="INFO">${json_data} = {'results': [{'gender': 'male', 'name': {'title': 'Mr', 'first': 'Tinius', 'last': 'Milde'}, 'location': {'street': {'number': 8646, 'name': 'Ole Vigs gate'}, 'city': 'Blæstadgrenda', 'state': 'Finnma...</msg>
<var>${json_data}</var>
<arg>${response.json()}</arg>
<doc>Returns the given values which can then be assigned to a variables.</doc>
<status status="PASS" start="2024-05-06T03:16:55.955161" elapsed="0.000608"/>
</kw>
<kw name="Set Variable" owner="BuiltIn">
<msg time="2024-05-06T03:16:55.956605" level="INFO">${name_title} = Mr</msg>
<var>${name_title}</var>
<arg>${json_data["results"][0]["name"]["title"]}</arg>
<doc>Returns the given values which can then be assigned to a variables.</doc>
<status status="PASS" start="2024-05-06T03:16:55.956157" elapsed="0.000476"/>
</kw>
<kw name="Create List" owner="BuiltIn">
<msg time="2024-05-06T03:16:55.957193" level="INFO">${allowed_titles} = ['Mr', 'Ms', 'Miss', 'Mrs', 'Madame', 'Monsieur']</msg>
<var>${allowed_titles}</var>
<arg>Mr</arg>
<arg>Ms</arg>
<arg>Miss</arg>
<arg>Mrs</arg>
<arg>Madame</arg>
<arg>Monsieur</arg>
<doc>Returns a list containing given items.</doc>
<status status="PASS" start="2024-05-06T03:16:55.957024" elapsed="0.000195"/>
</kw>
<kw name="List Should Contain Value" owner="Collections">
<msg time="2024-05-06T03:16:55.957743" level="INFO">False</msg>
<arg>${allowed_titles}</arg>
<arg>${name_title}</arg>
<doc>Fails if the ``value`` is not found from ``list``.</doc>
<status status="PASS" start="2024-05-06T03:16:55.957549" elapsed="0.000235"/>
</kw>
<kw name="Set Variable" owner="BuiltIn">
<msg time="2024-05-06T03:16:55.958516" level="INFO">${name_country} = NO</msg>
<var>${name_country}</var>
<arg>${json_data["results"][0]["nat"]}</arg>
<doc>Returns the given values which can then be assigned to a variables.</doc>
<status status="PASS" start="2024-05-06T03:16:55.958098" elapsed="0.000445"/>
</kw>
<kw name="Create List" owner="BuiltIn">
<msg time="2024-05-06T03:16:55.959474" level="INFO">${list_country} = ['AD', 'AE', 'AF', 'AG', 'AI', 'AL', 'AM', 'AO', 'AQ', 'AR', 'AS', 'AT', 'AU', 'AW', 'AX', 'AZ', 'BA', 'BB', 'BD', 'BE', 'BF', 'BG', 'BH', 'BI', 'BJ', 'BL', 'BM', 'BN', 'BO', 'BQ', 'BR', 'BS', 'BT', '...</msg>
<var>${list_country}</var>
<arg>AD</arg>
<arg>AE</arg>
<arg>AF</arg>
<arg>AG</arg>
<arg>AI</arg>
<arg>AL</arg>
<arg>AM</arg>
<arg>AO</arg>
<arg>AQ</arg>
<arg>AR</arg>
<arg>AS</arg>
<arg>AT</arg>
<arg>AU</arg>
<arg>AW</arg>
<arg>AX</arg>
<arg>AZ</arg>
<arg>BA</arg>
<arg>BB</arg>
<arg>BD</arg>
<arg>BE</arg>
<arg>BF</arg>
<arg>BG</arg>
<arg>BH</arg>
<arg>BI</arg>
<arg>BJ</arg>
<arg>BL</arg>
<arg>BM</arg>
<arg>BN</arg>
<arg>BO</arg>
<arg>BQ</arg>
<arg>BR</arg>
<arg>BS</arg>
<arg>BT</arg>
<arg>BV</arg>
<arg>BW</arg>
<arg>BY</arg>
<arg>BZ</arg>
<arg>CA</arg>
<arg>CC</arg>
<arg>CD</arg>
<arg>CF</arg>
<arg>CG</arg>
<arg>CH</arg>
<arg>CI</arg>
<arg>CK</arg>
<arg>CL</arg>
<arg>CM</arg>
<arg>CN</arg>
<arg>CO</arg>
<arg>CR</arg>
<arg>CU</arg>
<arg>CV</arg>
<arg>CW</arg>
<arg>CX</arg>
<arg>CY</arg>
<arg>CZ</arg>
<arg>DE</arg>
<arg>DJ</arg>
<arg>DK</arg>
<arg>DM</arg>
<arg>DO</arg>
<arg>DZ</arg>
<arg>EC</arg>
<arg>EE</arg>
<arg>EG</arg>
<arg>EH</arg>
<arg>ER</arg>
<arg>ES</arg>
<arg>ET</arg>
<arg>FI</arg>
<arg>FJ</arg>
<arg>FK</arg>
<arg>FM</arg>
<arg>FO</arg>
<arg>FR</arg>
<arg>GA</arg>
<arg>GB</arg>
<arg>GD</arg>
<arg>GE</arg>
<arg>GF</arg>
<arg>GG</arg>
<arg>GH</arg>
<arg>GI</arg>
<arg>GL</arg>
<arg>GM</arg>
<arg>GN</arg>
<arg>GP</arg>
<arg>GQ</arg>
<arg>GR</arg>
<arg>GS</arg>
<arg>GT</arg>
<arg>GU</arg>
<arg>GW</arg>
<arg>GY</arg>
<arg>HK</arg>
<arg>HM</arg>
<arg>HN</arg>
<arg>HR</arg>
<arg>HT</arg>
<arg>HU</arg>
<arg>ID</arg>
<arg>IE</arg>
<arg>IL</arg>
<arg>IM</arg>
<arg>IN</arg>
<arg>IO</arg>
<arg>IQ</arg>
<arg>IR</arg>
<arg>IS</arg>
<arg>IT</arg>
<arg>JE</arg>
<arg>JM</arg>
<arg>JO</arg>
<arg>JP</arg>
<arg>KE</arg>
<arg>KG</arg>
<arg>KH</arg>
<arg>KI</arg>
<arg>KM</arg>
<arg>KN</arg>
<arg>KP</arg>
<arg>KR</arg>
<arg>KW</arg>
<arg>KY</arg>
<arg>KZ</arg>
<arg>LA</arg>
<arg>LB</arg>
<arg>LC</arg>
<arg>LI</arg>
<arg>LK</arg>
<arg>LR</arg>
<arg>LS</arg>
<arg>LT</arg>
<arg>LU</arg>
<arg>LV</arg>
<arg>LY</arg>
<arg>MA</arg>
<arg>MC</arg>
<arg>MD</arg>
<arg>ME</arg>
<arg>MF</arg>
<arg>MG</arg>
<arg>MH</arg>
<arg>MK</arg>
<arg>ML</arg>
<arg>MM</arg>
<arg>MN</arg>
<arg>MO</arg>
<arg>MP</arg>
<arg>MQ</arg>
<arg>MR</arg>
<arg>MS</arg>
<arg>MT</arg>
<arg>MU</arg>
<arg>MV</arg>
<arg>MW</arg>
<arg>MX</arg>
<arg>MY</arg>
<arg>MZ</arg>
<arg>NA</arg>
<arg>NC</arg>
<arg>NE</arg>
<arg>NF</arg>
<arg>NG</arg>
<arg>NI</arg>
<arg>NL</arg>
<arg>NO</arg>
<arg>NP</arg>
<arg>NR</arg>
<arg>NU</arg>
<arg>NZ</arg>
<arg>OM</arg>
<arg>PA</arg>
<arg>PE</arg>
<arg>PF</arg>
<arg>PG</arg>
<arg>PH</arg>
<arg>PK</arg>
<arg>PL</arg>
<arg>PM</arg>
<arg>PN</arg>
<arg>PR</arg>
<arg>PS</arg>
<arg>PT</arg>
<arg>PW</arg>
<arg>PY</arg>
<arg>QA</arg>
<arg>RE</arg>
<arg>RO</arg>
<arg>RS</arg>
<arg>RU</arg>
<arg>RW</arg>
<arg>SA</arg>
<arg>SB</arg>
<arg>SC</arg>
<arg>SD</arg>
<arg>SE</arg>
<arg>SG</arg>
<arg>SH</arg>
<arg>SI</arg>
<arg>SJ</arg>
<arg>SK</arg>
<arg>SL</arg>
<arg>SM</arg>
<arg>SN</arg>
<arg>SO</arg>
<arg>SR</arg>
<arg>SS</arg>
<arg>ST</arg>
<arg>SV</arg>
<arg>SX</arg>
<arg>SY</arg>
<arg>SZ</arg>
<arg>TC</arg>
<arg>TD</arg>
<arg>TF</arg>
<arg>TG</arg>
<arg>TH</arg>
<arg>TJ</arg>
<arg>TK</arg>
<arg>TL</arg>
<arg>TM</arg>
<arg>TN</arg>
<arg>TO</arg>
<arg>TR</arg>
<arg>TT</arg>
<arg>TV</arg>
<arg>TW</arg>
<arg>TZ</arg>
<arg>UA</arg>
<arg>UG</arg>
<arg>UM</arg>
<arg>US</arg>
<arg>UY</arg>
<arg>UZ</arg>
<arg>VA</arg>
<arg>VC</arg>
<arg>VE</arg>
<arg>VG</arg>
<arg>VI</arg>
<arg>VN</arg>
<arg>VU</arg>
<arg>WF</arg>
<arg>WS</arg>
<arg>XK</arg>
<arg>YE</arg>
<arg>YT</arg>
<arg>ZA</arg>
<arg>ZM</arg>
<arg>ZW</arg>
<doc>Returns a list containing given items.</doc>
<status status="PASS" start="2024-05-06T03:16:55.958869" elapsed="0.000633"/>
</kw>
<kw name="List Should Contain Value" owner="Collections">
<msg time="2024-05-06T03:16:55.960541" level="INFO">False</msg>
<arg>${list_country}</arg>
<arg>${name_country}</arg>
<doc>Fails if the ``value`` is not found from ``list``.</doc>
<status status="PASS" start="2024-05-06T03:16:55.960321" elapsed="0.000260"/>
</kw>
<kw name="Run Keyword If" owner="BuiltIn">
<kw name="Should Be True" owner="BuiltIn">
<arg>${True}</arg>
<doc>Fails if the given condition is not true.</doc>
<status status="PASS" start="2024-05-06T03:16:55.961757" elapsed="0.000273"/>
</kw>
<arg>${json_data["results"][0]["location"]["coordinates"]["latitude"]} &gt;= -90 and ${json_data["results"][0]["location"]["coordinates"]["latitude"]} &lt;= 90</arg>
<arg>Should Be True</arg>
<arg>${True}</arg>
<doc>Runs the given keyword with the given arguments, if ``condition`` is true.</doc>
<status status="PASS" start="2024-05-06T03:16:55.960954" elapsed="0.001216"/>
</kw>
<kw name="Run Keyword If" owner="BuiltIn">
<kw name="Should Be True" owner="BuiltIn">
<arg>${True}</arg>
<doc>Fails if the given condition is not true.</doc>
<status status="PASS" start="2024-05-06T03:16:55.963122" elapsed="0.000148"/>
</kw>
<arg>${json_data["results"][0]["location"]["coordinates"]["longitude"]} &gt;= -180 and ${json_data["results"][0]["location"]["coordinates"]["longitude"]} &lt;= 180</arg>
<arg>Should Be True</arg>
<arg>${True}</arg>
<doc>Runs the given keyword with the given arguments, if ``condition`` is true.</doc>
<status status="PASS" start="2024-05-06T03:16:55.962374" elapsed="0.001028"/>
</kw>
<status status="PASS" start="2024-05-06T03:16:55.859760" elapsed="0.103785"/>
</kw>
<doc>Testa o conteúdo específico dos campos retornados pela API.</doc>
<tag>testeConteudo</tag>
<status status="PASS" start="2024-05-06T03:16:55.859030" elapsed="0.104684"/>
</test>
<status status="PASS" start="2024-05-06T03:16:55.139414" elapsed="0.826465"/>
</suite>
<status status="PASS" start="2024-05-06T03:16:55.124922" elapsed="0.846403"/>
</suite>
<statistics>
<total>
<stat pass="5" fail="0" skip="0">All Tests</stat>
</total>
<tag>
<stat pass="1" fail="0" skip="0">testeConteudo</stat>
<stat pass="1" fail="0" skip="0">testeEstruturaResposta</stat>
<stat pass="1" fail="0" skip="0">testeRequisicaoBasica</stat>
<stat pass="1" fail="0" skip="0">testeTiposDados</stat>
</tag>
<suite>
<stat pass="5" fail="0" skip="0" id="s1" name="Tests">Tests</stat>
<stat pass="5" fail="0" skip="0" id="s1-s1" name="Random-User-Test">Tests.Random-User-Test</stat>
</suite>
</statistics>
<errors>
</errors>
</robot>
