<?xml version="1.0" encoding="UTF-8"?>
<robot generator="Robot 7.0 (Python 3.12.3 on linux)" generated="2024-05-25T16:16:22.016695" rpa="false" schemaversion="5">
<suite id="s1" name="Tests" source="/home/runner/work/DesafioQAItauRogerioJordao/DesafioQAItauRogerioJordao/RamdonUser/tests">
<suite id="s1-s1" name="Random-User-Test" source="/home/runner/work/DesafioQAItauRogerioJordao/DesafioQAItauRogerioJordao/RamdonUser/tests/random-user-test.robot">
<test id="s1-s1-t1" name="Conectar" line="13">
<kw name="Conectar API" owner="random-user-service">
<kw name="Create Session" owner="RequestsLibrary">
<msg time="2024-05-25T16:16:22.398029" level="INFO">Creating Session using : alias=consultarAPI, url=https://randomuser.me/, headers={},                     cookies={}, auth=None, timeout=None, proxies=None, verify=False,                     debug=0 </msg>
<arg>consultarAPI</arg>
<arg>${URL}</arg>
<doc>Create Session: create a HTTP session to a server</doc>
<status status="PASS" start="2024-05-25T16:16:22.397825" elapsed="0.000377"/>
</kw>
<status status="PASS" start="2024-05-25T16:16:22.396771" elapsed="0.001786"/>
</kw>
<status status="PASS" start="2024-05-25T16:16:22.396205" elapsed="0.002549"/>
</test>
<test id="s1-s1-t2" name="Validar retorno 200 e JSON Válido" line="16">
<kw name="Teste de Requisicao Basica" owner="random-user-service">
<kw name="GET On Session" owner="RequestsLibrary">
<msg time="2024-05-25T16:16:22.585660" level="INFO">GET Request : url=https://randomuser.me/api 
 path_url=/api 
 headers={'User-Agent': 'python-requests/2.32.2', 'Accept-Encoding': 'gzip, deflate', 'Accept': '*/*', 'Connection': 'keep-alive'} 
 body=None 
 </msg>
<msg time="2024-05-25T16:16:22.585866" level="INFO">GET Response : url=https://randomuser.me/api 
 status=200, reason=OK 
 headers={'Date': 'Sat, 25 May 2024 16:16:22 GMT', 'Content-Type': 'application/json; charset=utf-8', 'Transfer-Encoding': 'chunked', 'Connection': 'keep-alive', 'X-Powered-By': 'Express', 'Access-Control-Allow-Origin': '*', 'Cache-Control': 'no-cache', 'ETag': 'W/"48d-vbAXroEM/801d6b0kC1tecAy8lM"', 'Vary': 'Accept-Encoding', 'Content-Encoding': 'gzip', 'CF-Cache-Status': 'DYNAMIC', 'Report-To': '{"endpoints":[{"url":"https:\\/\\/a.nel.cloudflare.com\\/report\\/v4?s=U4bzzlowT%2Bgk1S1K9trU4AL2O%2F3433NW%2BVaybzp1JpttT1NrcYKDun92nKAaR0uzOBYMzW9BkPu3zkKgAu1dCT%2BkHiWgY0LIAMsf64fZNcCl%2F50qVSsREEVtlrYr80pI"}],"group":"cf-nel","max_age":604800}', 'NEL': '{"success_fraction":0,"report_to":"cf-nel","max_age":604800}', 'Server': 'cloudflare', 'CF-RAY': '8896d45ced6e81c1-IAD', 'alt-svc': 'h3=":443"; ma=86400'} 
 body={"results":[{"gender":"male","name":{"title":"Mr","first":"Christian","last":"Larsen"},"location":{"street":{"number":9804,"name":"Arendalsvej"},"city":"Randers Nø","state":"Sjælland","country":"Denmark","postcode":30806,"coordinates":{"latitude":"-40.3968","longitude":"-130.1139"},"timezone":{"offset":"+4:00","description":"Abu Dhabi, Muscat, Baku, Tbilisi"}},"email":"christian.larsen@example.com","login":{"uuid":"369f0ab3-5931-4c14-a4fb-92e6b6d504e7","username":"whitepeacock619","password":"cowboy1","salt":"vLmgXgrP","md5":"68aa5d96f213440e38b7c3e3d4232b4e","sha1":"d8ab90d86e2688c81a3465e20551954e60fcdbdc","sha256":"bd116239350d38b0c8c073e5ef3574dfbd0d59de2de83c77ccb66cd8b09bb5ee"},"dob":{"date":"1954-12-05T23:47:30.650Z","age":69},"registered":{"date":"2020-05-06T17:32:22.199Z","age":4},"phone":"74830294","cell":"08367818","id":{"name":"CPR","value":"051254-9342"},"picture":{"large":"https://randomuser.me/api/portraits/men/39.jpg","medium":"https://randomuser.me/api/portraits/med/men/39.jpg","thumbnail":"https://randomuser.me/api/portraits/thumb/men/39.jpg"},"nat":"DK"}],"info":{"seed":"f0766b1a090ee275","results":1,"page":1,"version":"1.4"}} 
 </msg>
<msg time="2024-05-25T16:16:22.585963" level="INFO">/opt/hostedtoolcache/Python/3.12.3/x64/lib/python3.12/site-packages/urllib3/connectionpool.py:1103: InsecureRequestWarning: Unverified HTTPS request is being made to host 'randomuser.me'. Adding certificate verification is strongly advised. See: https://urllib3.readthedocs.io/en/latest/advanced-usage.html#tls-warnings
  warnings.warn(</msg>
<msg time="2024-05-25T16:16:22.586141" level="INFO">${response} = &lt;Response [200]&gt;</msg>
<var>${response}</var>
<arg>consultarAPI</arg>
<arg>/api</arg>
<doc>Sends a GET request on a previously created HTTP Session.</doc>
<status status="PASS" start="2024-05-25T16:16:22.401388" elapsed="0.184802"/>
</kw>
<kw name="Should Be Equal As Numbers" owner="BuiltIn">
<msg time="2024-05-25T16:16:22.587144" level="INFO">Argument types are:
&lt;class 'int'&gt;
&lt;class 'str'&gt;</msg>
<arg>${response.status_code}</arg>
<arg>200</arg>
<doc>Fails if objects are unequal after converting them to real numbers.</doc>
<status status="PASS" start="2024-05-25T16:16:22.586682" elapsed="0.000528"/>
</kw>
<kw name="Log" owner="BuiltIn">
<msg time="2024-05-25T16:16:22.587888" level="INFO">200</msg>
<arg>${response.status_code}</arg>
<doc>Logs the given message with the given level.</doc>
<status status="PASS" start="2024-05-25T16:16:22.587536" elapsed="0.000401"/>
</kw>
<kw name="Set Variable" owner="BuiltIn">
<msg time="2024-05-25T16:16:22.588693" level="INFO">${json_data} = {'results': [{'gender': 'male', 'name': {'title': 'Mr', 'first': 'Christian', 'last': 'Larsen'}, 'location': {'street': {'number': 9804, 'name': 'Arendalsvej'}, 'city': 'Randers Nø', 'state': 'Sjællan...</msg>
<var>${json_data}</var>
<arg>${response.json()}</arg>
<doc>Returns the given values which can then be assigned to a variables.</doc>
<status status="PASS" start="2024-05-25T16:16:22.588251" elapsed="0.000471"/>
</kw>
<kw name="Dictionary Should Contain Key" owner="Collections">
<msg time="2024-05-25T16:16:22.589205" level="INFO">False</msg>
<arg>${json_data}</arg>
<arg>results</arg>
<doc>Fails if ``key`` is not found from ``dictionary``.</doc>
<status status="PASS" start="2024-05-25T16:16:22.589030" elapsed="0.000367"/>
</kw>
<status status="PASS" start="2024-05-25T16:16:22.401131" elapsed="0.188536"/>
</kw>
<doc>Testa se a API responde corretamente e retorna um objeto JSON válido.</doc>
<tag>testeRequisicaoBasica</tag>
<status status="PASS" start="2024-05-25T16:16:22.400623" elapsed="0.189273"/>
</test>
<test id="s1-s1-t3" name="Validar estrutura de resposta" line="22">
<kw name="Teste de Estrutura de Resposta" owner="random-user-service">
<kw name="GET On Session" owner="RequestsLibrary">
<msg time="2024-05-25T16:16:22.687402" level="INFO">GET Request : url=https://randomuser.me/api 
 path_url=/api 
 headers={'User-Agent': 'python-requests/2.32.2', 'Accept-Encoding': 'gzip, deflate', 'Accept': '*/*', 'Connection': 'keep-alive'} 
 body=None 
 </msg>
<msg time="2024-05-25T16:16:22.687469" level="INFO">GET Response : url=https://randomuser.me/api 
 status=200, reason=OK 
 headers={'Date': 'Sat, 25 May 2024 16:16:22 GMT', 'Content-Type': 'application/json; charset=utf-8', 'Transfer-Encoding': 'chunked', 'Connection': 'keep-alive', 'X-Powered-By': 'Express', 'Access-Control-Allow-Origin': '*', 'Cache-Control': 'no-cache', 'ETag': 'W/"492-8eCJe0rr7I5xW7aAaultP6zUGQs"', 'Vary': 'Accept-Encoding', 'Content-Encoding': 'gzip', 'CF-Cache-Status': 'DYNAMIC', 'Report-To': '{"endpoints":[{"url":"https:\\/\\/a.nel.cloudflare.com\\/report\\/v4?s=JHxKBZI1hvqatC38zaOgnvOv938VKdxodKpPvuboG9ZkYzfq8F8%2BrlM5KEtaD1JzqGNeSvlfxvy7RNVQYIerSmx3TJRnUEIENdb2z8rGZK%2Fp4bIjrw3kjglG3igY3bYW"}],"group":"cf-nel","max_age":604800}', 'NEL': '{"success_fraction":0,"report_to":"cf-nel","max_age":604800}', 'Server': 'cloudflare', 'CF-RAY': '8896d45d3de081c1-IAD', 'alt-svc': 'h3=":443"; ma=86400'} 
 body={"results":[{"gender":"male","name":{"title":"Mr","first":"Hartmuth","last":"Dehn"},"location":{"street":{"number":1480,"name":"Hauptstraße"},"city":"Schmallenberg","state":"Brandenburg","country":"Germany","postcode":41741,"coordinates":{"latitude":"-50.5227","longitude":"-11.3867"},"timezone":{"offset":"-3:00","description":"Brazil, Buenos Aires, Georgetown"}},"email":"hartmuth.dehn@example.com","login":{"uuid":"62526c35-6585-41f8-a5e5-a7b25f57d962","username":"tinyfrog718","password":"flyer","salt":"AvHuh8I6","md5":"b50d222b4fed6c3a4b4c12690b662c70","sha1":"b2beb5fcff1086518fba0c22c3c3e21d1ba463b0","sha256":"806ac86129013c1c7fed92de0f0b66947d5ea290a856c3cef1492b81a283349b"},"dob":{"date":"1970-11-03T00:41:29.722Z","age":53},"registered":{"date":"2016-02-25T17:38:07.672Z","age":8},"phone":"0393-4854149","cell":"0178-0230218","id":{"name":"SVNR","value":"47 021170 D 184"},"picture":{"large":"https://randomuser.me/api/portraits/men/13.jpg","medium":"https://randomuser.me/api/portraits/med/men/13.jpg","thumbnail":"https://randomuser.me/api/portraits/thumb/men/13.jpg"},"nat":"DE"}],"info":{"seed":"456f6162a7fc08ab","results":1,"page":1,"version":"1.4"}} 
 </msg>
<msg time="2024-05-25T16:16:22.687569" level="INFO">/opt/hostedtoolcache/Python/3.12.3/x64/lib/python3.12/site-packages/urllib3/connectionpool.py:1103: InsecureRequestWarning: Unverified HTTPS request is being made to host 'randomuser.me'. Adding certificate verification is strongly advised. See: https://urllib3.readthedocs.io/en/latest/advanced-usage.html#tls-warnings
  warnings.warn(</msg>
<msg time="2024-05-25T16:16:22.687683" level="INFO">${response} = &lt;Response [200]&gt;</msg>
<var>${response}</var>
<arg>consultarAPI</arg>
<arg>/api</arg>
<doc>Sends a GET request on a previously created HTTP Session.</doc>
<status status="PASS" start="2024-05-25T16:16:22.592590" elapsed="0.095123"/>
</kw>
<kw name="Set Variable" owner="BuiltIn">
<msg time="2024-05-25T16:16:22.688517" level="INFO">${json_data} = {'results': [{'gender': 'male', 'name': {'title': 'Mr', 'first': 'Hartmuth', 'last': 'Dehn'}, 'location': {'street': {'number': 1480, 'name': 'Hauptstraße'}, 'city': 'Schmallenberg', 'state': 'Branden...</msg>
<var>${json_data}</var>
<arg>${response.json()}</arg>
<doc>Returns the given values which can then be assigned to a variables.</doc>
<status status="PASS" start="2024-05-25T16:16:22.688058" elapsed="0.000491"/>
</kw>
<kw name="Log" owner="BuiltIn">
<msg time="2024-05-25T16:16:22.689023" level="INFO">{'results': [{'gender': 'male', 'name': {'title': 'Mr', 'first': 'Hartmuth', 'last': 'Dehn'}, 'location': {'street': {'number': 1480, 'name': 'Hauptstraße'}, 'city': 'Schmallenberg', 'state': 'Brandenburg', 'country': 'Germany', 'postcode': 41741, 'coordinates': {'latitude': '-50.5227', 'longitude': '-11.3867'}, 'timezone': {'offset': '-3:00', 'description': 'Brazil, Buenos Aires, Georgetown'}}, 'email': 'hartmuth.dehn@example.com', 'login': {'uuid': '62526c35-6585-41f8-a5e5-a7b25f57d962', 'username': 'tinyfrog718', 'password': 'flyer', 'salt': 'AvHuh8I6', 'md5': 'b50d222b4fed6c3a4b4c12690b662c70', 'sha1': 'b2beb5fcff1086518fba0c22c3c3e21d1ba463b0', 'sha256': '806ac86129013c1c7fed92de0f0b66947d5ea290a856c3cef1492b81a283349b'}, 'dob': {'date': '1970-11-03T00:41:29.722Z', 'age': 53}, 'registered': {'date': '2016-02-25T17:38:07.672Z', 'age': 8}, 'phone': '0393-4854149', 'cell': '0178-0230218', 'id': {'name': 'SVNR', 'value': '47 021170 D 184'}, 'picture': {'large': 'https://randomuser.me/api/portraits/men/13.jpg', 'medium': 'https://randomuser.me/api/portraits/med/men/13.jpg', 'thumbnail': 'https://randomuser.me/api/portraits/thumb/men/13.jpg'}, 'nat': 'DE'}], 'info': {'seed': '456f6162a7fc08ab', 'results': 1, 'page': 1, 'version': '1.4'}}</msg>
<arg>${json_data}</arg>
<doc>Logs the given message with the given level.</doc>
<status status="PASS" start="2024-05-25T16:16:22.688862" elapsed="0.000222"/>
</kw>
<kw name="Dictionary Should Contain Key" owner="Collections">
<msg time="2024-05-25T16:16:22.689555" level="INFO">False</msg>
<arg>${json_data}</arg>
<arg>results</arg>
<doc>Fails if ``key`` is not found from ``dictionary``.</doc>
<status status="PASS" start="2024-05-25T16:16:22.689396" elapsed="0.000218"/>
</kw>
<kw name="Should Not Be Empty" owner="BuiltIn">
<msg time="2024-05-25T16:16:22.690104" level="INFO">Length is 2.</msg>
<arg>${json_data}</arg>
<doc>Verifies that the given item is not empty.</doc>
<status status="PASS" start="2024-05-25T16:16:22.689961" elapsed="0.000183"/>
</kw>
<kw name="Create List" owner="BuiltIn">
<msg time="2024-05-25T16:16:22.690602" level="INFO">${expected_keys} = ['gender', 'name', 'location', 'email', 'login']</msg>
<var>${expected_keys}</var>
<arg>gender</arg>
<arg>name</arg>
<arg>location</arg>
<arg>email</arg>
<arg>login</arg>
<doc>Returns a list containing given items.</doc>
<status status="PASS" start="2024-05-25T16:16:22.690445" elapsed="0.000182"/>
</kw>
<for flavor="IN">
<iter>
<kw name="Dictionary Should Contain Key" owner="Collections">
<msg time="2024-05-25T16:16:22.691623" level="INFO">False</msg>
<arg>${json_data['results'][0]}</arg>
<arg>${key}</arg>
<doc>Fails if ``key`` is not found from ``dictionary``.</doc>
<status status="PASS" start="2024-05-25T16:16:22.691210" elapsed="0.000457"/>
</kw>
<kw name="Log" owner="BuiltIn">
<msg time="2024-05-25T16:16:22.692340" level="INFO">{'gender': 'male', 'name': {'title': 'Mr', 'first': 'Hartmuth', 'last': 'Dehn'}, 'location': {'street': {'number': 1480, 'name': 'Hauptstraße'}, 'city': 'Schmallenberg', 'state': 'Brandenburg', 'country': 'Germany', 'postcode': 41741, 'coordinates': {'latitude': '-50.5227', 'longitude': '-11.3867'}, 'timezone': {'offset': '-3:00', 'description': 'Brazil, Buenos Aires, Georgetown'}}, 'email': 'hartmuth.dehn@example.com', 'login': {'uuid': '62526c35-6585-41f8-a5e5-a7b25f57d962', 'username': 'tinyfrog718', 'password': 'flyer', 'salt': 'AvHuh8I6', 'md5': 'b50d222b4fed6c3a4b4c12690b662c70', 'sha1': 'b2beb5fcff1086518fba0c22c3c3e21d1ba463b0', 'sha256': '806ac86129013c1c7fed92de0f0b66947d5ea290a856c3cef1492b81a283349b'}, 'dob': {'date': '1970-11-03T00:41:29.722Z', 'age': 53}, 'registered': {'date': '2016-02-25T17:38:07.672Z', 'age': 8}, 'phone': '0393-4854149', 'cell': '0178-0230218', 'id': {'name': 'SVNR', 'value': '47 021170 D 184'}, 'picture': {'large': 'https://randomuser.me/api/portraits/men/13.jpg', 'medium': 'https://randomuser.me/api/portraits/med/men/13.jpg', 'thumbnail': 'https://randomuser.me/api/portraits/thumb/men/13.jpg'}, 'nat': 'DE'}</msg>
<arg>${json_data['results'][0]}</arg>
<doc>Logs the given message with the given level.</doc>
<status status="PASS" start="2024-05-25T16:16:22.691969" elapsed="0.000423"/>
</kw>
<kw name="Log" owner="BuiltIn">
<msg time="2024-05-25T16:16:22.692828" level="INFO">gender</msg>
<arg>${key}</arg>
<doc>Logs the given message with the given level.</doc>
<status status="PASS" start="2024-05-25T16:16:22.692697" elapsed="0.000169"/>
</kw>
<var name="${key}">gender</var>
<status status="PASS" start="2024-05-25T16:16:22.691081" elapsed="0.002005"/>
</iter>
<iter>
<kw name="Dictionary Should Contain Key" owner="Collections">
<msg time="2024-05-25T16:16:22.693813" level="INFO">False</msg>
<arg>${json_data['results'][0]}</arg>
<arg>${key}</arg>
<doc>Fails if ``key`` is not found from ``dictionary``.</doc>
<status status="PASS" start="2024-05-25T16:16:22.693394" elapsed="0.000458"/>
</kw>
<kw name="Log" owner="BuiltIn">
<msg time="2024-05-25T16:16:22.694551" level="INFO">{'gender': 'male', 'name': {'title': 'Mr', 'first': 'Hartmuth', 'last': 'Dehn'}, 'location': {'street': {'number': 1480, 'name': 'Hauptstraße'}, 'city': 'Schmallenberg', 'state': 'Brandenburg', 'country': 'Germany', 'postcode': 41741, 'coordinates': {'latitude': '-50.5227', 'longitude': '-11.3867'}, 'timezone': {'offset': '-3:00', 'description': 'Brazil, Buenos Aires, Georgetown'}}, 'email': 'hartmuth.dehn@example.com', 'login': {'uuid': '62526c35-6585-41f8-a5e5-a7b25f57d962', 'username': 'tinyfrog718', 'password': 'flyer', 'salt': 'AvHuh8I6', 'md5': 'b50d222b4fed6c3a4b4c12690b662c70', 'sha1': 'b2beb5fcff1086518fba0c22c3c3e21d1ba463b0', 'sha256': '806ac86129013c1c7fed92de0f0b66947d5ea290a856c3cef1492b81a283349b'}, 'dob': {'date': '1970-11-03T00:41:29.722Z', 'age': 53}, 'registered': {'date': '2016-02-25T17:38:07.672Z', 'age': 8}, 'phone': '0393-4854149', 'cell': '0178-0230218', 'id': {'name': 'SVNR', 'value': '47 021170 D 184'}, 'picture': {'large': 'https://randomuser.me/api/portraits/men/13.jpg', 'medium': 'https://randomuser.me/api/portraits/med/men/13.jpg', 'thumbnail': 'https://randomuser.me/api/portraits/thumb/men/13.jpg'}, 'nat': 'DE'}</msg>
<arg>${json_data['results'][0]}</arg>
<doc>Logs the given message with the given level.</doc>
<status status="PASS" start="2024-05-25T16:16:22.694184" elapsed="0.000428"/>
</kw>
<kw name="Log" owner="BuiltIn">
<msg time="2024-05-25T16:16:22.695051" level="INFO">name</msg>
<arg>${key}</arg>
<doc>Logs the given message with the given level.</doc>
<status status="PASS" start="2024-05-25T16:16:22.694919" elapsed="0.000170"/>
</kw>
<var name="${key}">name</var>
<status status="PASS" start="2024-05-25T16:16:22.693277" elapsed="0.002040"/>
</iter>
<iter>
<kw name="Dictionary Should Contain Key" owner="Collections">
<msg time="2024-05-25T16:16:22.696001" level="INFO">False</msg>
<arg>${json_data['results'][0]}</arg>
<arg>${key}</arg>
<doc>Fails if ``key`` is not found from ``dictionary``.</doc>
<status status="PASS" start="2024-05-25T16:16:22.695619" elapsed="0.000420"/>
</kw>
<kw name="Log" owner="BuiltIn">
<msg time="2024-05-25T16:16:22.696711" level="INFO">{'gender': 'male', 'name': {'title': 'Mr', 'first': 'Hartmuth', 'last': 'Dehn'}, 'location': {'street': {'number': 1480, 'name': 'Hauptstraße'}, 'city': 'Schmallenberg', 'state': 'Brandenburg', 'country': 'Germany', 'postcode': 41741, 'coordinates': {'latitude': '-50.5227', 'longitude': '-11.3867'}, 'timezone': {'offset': '-3:00', 'description': 'Brazil, Buenos Aires, Georgetown'}}, 'email': 'hartmuth.dehn@example.com', 'login': {'uuid': '62526c35-6585-41f8-a5e5-a7b25f57d962', 'username': 'tinyfrog718', 'password': 'flyer', 'salt': 'AvHuh8I6', 'md5': 'b50d222b4fed6c3a4b4c12690b662c70', 'sha1': 'b2beb5fcff1086518fba0c22c3c3e21d1ba463b0', 'sha256': '806ac86129013c1c7fed92de0f0b66947d5ea290a856c3cef1492b81a283349b'}, 'dob': {'date': '1970-11-03T00:41:29.722Z', 'age': 53}, 'registered': {'date': '2016-02-25T17:38:07.672Z', 'age': 8}, 'phone': '0393-4854149', 'cell': '0178-0230218', 'id': {'name': 'SVNR', 'value': '47 021170 D 184'}, 'picture': {'large': 'https://randomuser.me/api/portraits/men/13.jpg', 'medium': 'https://randomuser.me/api/portraits/med/men/13.jpg', 'thumbnail': 'https://randomuser.me/api/portraits/thumb/men/13.jpg'}, 'nat': 'DE'}</msg>
<arg>${json_data['results'][0]}</arg>
<doc>Logs the given message with the given level.</doc>
<status status="PASS" start="2024-05-25T16:16:22.696340" elapsed="0.000422"/>
</kw>
<kw name="Log" owner="BuiltIn">
<msg time="2024-05-25T16:16:22.697191" level="INFO">location</msg>
<arg>${key}</arg>
<doc>Logs the given message with the given level.</doc>
<status status="PASS" start="2024-05-25T16:16:22.697062" elapsed="0.000168"/>
</kw>
<var name="${key}">location</var>
<status status="PASS" start="2024-05-25T16:16:22.695503" elapsed="0.001952"/>
</iter>
<iter>
<kw name="Dictionary Should Contain Key" owner="Collections">
<msg time="2024-05-25T16:16:22.698253" level="INFO">False</msg>
<arg>${json_data['results'][0]}</arg>
<arg>${key}</arg>
<doc>Fails if ``key`` is not found from ``dictionary``.</doc>
<status status="PASS" start="2024-05-25T16:16:22.697762" elapsed="0.000531"/>
</kw>
<kw name="Log" owner="BuiltIn">
<msg time="2024-05-25T16:16:22.698971" level="INFO">{'gender': 'male', 'name': {'title': 'Mr', 'first': 'Hartmuth', 'last': 'Dehn'}, 'location': {'street': {'number': 1480, 'name': 'Hauptstraße'}, 'city': 'Schmallenberg', 'state': 'Brandenburg', 'country': 'Germany', 'postcode': 41741, 'coordinates': {'latitude': '-50.5227', 'longitude': '-11.3867'}, 'timezone': {'offset': '-3:00', 'description': 'Brazil, Buenos Aires, Georgetown'}}, 'email': 'hartmuth.dehn@example.com', 'login': {'uuid': '62526c35-6585-41f8-a5e5-a7b25f57d962', 'username': 'tinyfrog718', 'password': 'flyer', 'salt': 'AvHuh8I6', 'md5': 'b50d222b4fed6c3a4b4c12690b662c70', 'sha1': 'b2beb5fcff1086518fba0c22c3c3e21d1ba463b0', 'sha256': '806ac86129013c1c7fed92de0f0b66947d5ea290a856c3cef1492b81a283349b'}, 'dob': {'date': '1970-11-03T00:41:29.722Z', 'age': 53}, 'registered': {'date': '2016-02-25T17:38:07.672Z', 'age': 8}, 'phone': '0393-4854149', 'cell': '0178-0230218', 'id': {'name': 'SVNR', 'value': '47 021170 D 184'}, 'picture': {'large': 'https://randomuser.me/api/portraits/men/13.jpg', 'medium': 'https://randomuser.me/api/portraits/med/men/13.jpg', 'thumbnail': 'https://randomuser.me/api/portraits/thumb/men/13.jpg'}, 'nat': 'DE'}</msg>
<arg>${json_data['results'][0]}</arg>
<doc>Logs the given message with the given level.</doc>
<status status="PASS" start="2024-05-25T16:16:22.698598" elapsed="0.000434"/>
</kw>
<kw name="Log" owner="BuiltIn">
<msg time="2024-05-25T16:16:22.699469" level="INFO">email</msg>
<arg>${key}</arg>
<doc>Logs the given message with the given level.</doc>
<status status="PASS" start="2024-05-25T16:16:22.699338" elapsed="0.000170"/>
</kw>
<var name="${key}">email</var>
<status status="PASS" start="2024-05-25T16:16:22.697630" elapsed="0.002098"/>
</iter>
<iter>
<kw name="Dictionary Should Contain Key" owner="Collections">
<msg time="2024-05-25T16:16:22.700409" level="INFO">False</msg>
<arg>${json_data['results'][0]}</arg>
<arg>${key}</arg>
<doc>Fails if ``key`` is not found from ``dictionary``.</doc>
<status status="PASS" start="2024-05-25T16:16:22.700028" elapsed="0.000419"/>
</kw>
<kw name="Log" owner="BuiltIn">
<msg time="2024-05-25T16:16:22.701119" level="INFO">{'gender': 'male', 'name': {'title': 'Mr', 'first': 'Hartmuth', 'last': 'Dehn'}, 'location': {'street': {'number': 1480, 'name': 'Hauptstraße'}, 'city': 'Schmallenberg', 'state': 'Brandenburg', 'country': 'Germany', 'postcode': 41741, 'coordinates': {'latitude': '-50.5227', 'longitude': '-11.3867'}, 'timezone': {'offset': '-3:00', 'description': 'Brazil, Buenos Aires, Georgetown'}}, 'email': 'hartmuth.dehn@example.com', 'login': {'uuid': '62526c35-6585-41f8-a5e5-a7b25f57d962', 'username': 'tinyfrog718', 'password': 'flyer', 'salt': 'AvHuh8I6', 'md5': 'b50d222b4fed6c3a4b4c12690b662c70', 'sha1': 'b2beb5fcff1086518fba0c22c3c3e21d1ba463b0', 'sha256': '806ac86129013c1c7fed92de0f0b66947d5ea290a856c3cef1492b81a283349b'}, 'dob': {'date': '1970-11-03T00:41:29.722Z', 'age': 53}, 'registered': {'date': '2016-02-25T17:38:07.672Z', 'age': 8}, 'phone': '0393-4854149', 'cell': '0178-0230218', 'id': {'name': 'SVNR', 'value': '47 021170 D 184'}, 'picture': {'large': 'https://randomuser.me/api/portraits/men/13.jpg', 'medium': 'https://randomuser.me/api/portraits/med/men/13.jpg', 'thumbnail': 'https://randomuser.me/api/portraits/thumb/men/13.jpg'}, 'nat': 'DE'}</msg>
<arg>${json_data['results'][0]}</arg>
<doc>Logs the given message with the given level.</doc>
<status status="PASS" start="2024-05-25T16:16:22.700751" elapsed="0.000418"/>
</kw>
<kw name="Log" owner="BuiltIn">
<msg time="2024-05-25T16:16:22.701594" level="INFO">login</msg>
<arg>${key}</arg>
<doc>Logs the given message with the given level.</doc>
<status status="PASS" start="2024-05-25T16:16:22.701467" elapsed="0.000166"/>
</kw>
<var name="${key}">login</var>
<status status="PASS" start="2024-05-25T16:16:22.699914" elapsed="0.001997"/>
</iter>
<var>${key}</var>
<value>@{expected_keys}</value>
<status status="PASS" start="2024-05-25T16:16:22.690889" elapsed="0.011153"/>
</for>
<kw name="Create List" owner="BuiltIn">
<msg time="2024-05-25T16:16:22.702375" level="INFO">${expected_keysTwo} = ['username', 'password']</msg>
<var>${expected_keysTwo}</var>
<arg>username</arg>
<arg>password</arg>
<doc>Returns a list containing given items.</doc>
<status status="PASS" start="2024-05-25T16:16:22.702239" elapsed="0.000160"/>
</kw>
<for flavor="IN">
<iter>
<kw name="Dictionary Should Contain Key" owner="Collections">
<msg time="2024-05-25T16:16:22.703292" level="INFO">False</msg>
<arg>${json_data['results'][0]['login']}</arg>
<arg>${keyTwo}</arg>
<doc>Fails if ``key`` is not found from ``dictionary``.</doc>
<status status="PASS" start="2024-05-25T16:16:22.702902" elapsed="0.000427"/>
</kw>
<kw name="Dictionary Should Contain Key" owner="Collections">
<msg time="2024-05-25T16:16:22.704004" level="INFO">False</msg>
<arg>${json_data['results'][0]['login']}</arg>
<arg>${keyTwo}</arg>
<doc>Fails if ``key`` is not found from ``dictionary``.</doc>
<status status="PASS" start="2024-05-25T16:16:22.703628" elapsed="0.000413"/>
</kw>
<kw name="Log" owner="BuiltIn">
<msg time="2024-05-25T16:16:22.704461" level="INFO">username</msg>
<arg>${keyTwo}</arg>
<doc>Logs the given message with the given level.</doc>
<status status="PASS" start="2024-05-25T16:16:22.704334" elapsed="0.000165"/>
</kw>
<var name="${keyTwo}">username</var>
<status status="PASS" start="2024-05-25T16:16:22.702791" elapsed="0.001922"/>
</iter>
<iter>
<kw name="Dictionary Should Contain Key" owner="Collections">
<msg time="2024-05-25T16:16:22.705409" level="INFO">False</msg>
<arg>${json_data['results'][0]['login']}</arg>
<arg>${keyTwo}</arg>
<doc>Fails if ``key`` is not found from ``dictionary``.</doc>
<status status="PASS" start="2024-05-25T16:16:22.705008" elapsed="0.000440"/>
</kw>
<kw name="Dictionary Should Contain Key" owner="Collections">
<msg time="2024-05-25T16:16:22.706148" level="INFO">False</msg>
<arg>${json_data['results'][0]['login']}</arg>
<arg>${keyTwo}</arg>
<doc>Fails if ``key`` is not found from ``dictionary``.</doc>
<status status="PASS" start="2024-05-25T16:16:22.705765" elapsed="0.000419"/>
</kw>
<kw name="Log" owner="BuiltIn">
<msg time="2024-05-25T16:16:22.706605" level="INFO">password</msg>
<arg>${keyTwo}</arg>
<doc>Logs the given message with the given level.</doc>
<status status="PASS" start="2024-05-25T16:16:22.706478" elapsed="0.000164"/>
</kw>
<var name="${keyTwo}">password</var>
<status status="PASS" start="2024-05-25T16:16:22.704892" elapsed="0.001964"/>
</iter>
<var>${keyTwo}</var>
<value>@{expected_keysTwo}</value>
<status status="PASS" start="2024-05-25T16:16:22.702638" elapsed="0.004340"/>
</for>
<status status="PASS" start="2024-05-25T16:16:22.592346" elapsed="0.114773"/>
</kw>
<doc>Testa a estrutura da resposta da API.</doc>
<tag>testeEstruturaResposta</tag>
<status status="PASS" start="2024-05-25T16:16:22.591742" elapsed="0.115529"/>
</test>
<test id="s1-s1-t4" name="Validar tipos de dados" line="28">
<kw name="Teste de Tipos de Dados" owner="random-user-service">
<kw name="GET On Session" owner="RequestsLibrary">
<msg time="2024-05-25T16:16:22.786959" level="INFO">GET Request : url=https://randomuser.me/api 
 path_url=/api 
 headers={'User-Agent': 'python-requests/2.32.2', 'Accept-Encoding': 'gzip, deflate', 'Accept': '*/*', 'Connection': 'keep-alive'} 
 body=None 
 </msg>
<msg time="2024-05-25T16:16:22.787044" level="INFO">GET Response : url=https://randomuser.me/api 
 status=200, reason=OK 
 headers={'Date': 'Sat, 25 May 2024 16:16:22 GMT', 'Content-Type': 'application/json; charset=utf-8', 'Transfer-Encoding': 'chunked', 'Connection': 'keep-alive', 'X-Powered-By': 'Express', 'Access-Control-Allow-Origin': '*', 'Cache-Control': 'no-cache', 'ETag': 'W/"4af-t1L69anpgZJDf/8XTgDZ0a50FJs"', 'Vary': 'Accept-Encoding', 'Content-Encoding': 'gzip', 'CF-Cache-Status': 'DYNAMIC', 'Report-To': '{"endpoints":[{"url":"https:\\/\\/a.nel.cloudflare.com\\/report\\/v4?s=6UMxq5S4%2B%2FcqU7FskGGAhYfWEKRACqzV7ho2uOk8uxJhmG4k8kaTRKmd7UsihuCDRCvdY9BSF64mlDM44jXMU6f%2FzcO1iHE27gmDbWqojEXRgnPVrS4K4q5%2FXe56KfYV"}],"group":"cf-nel","max_age":604800}', 'NEL': '{"success_fraction":0,"report_to":"cf-nel","max_age":604800}', 'Server': 'cloudflare', 'CF-RAY': '8896d45dfec681c1-IAD', 'alt-svc': 'h3=":443"; ma=86400'} 
 body={"results":[{"gender":"female","name":{"title":"Madame","first":"Christel","last":"Gauthier"},"location":{"street":{"number":6157,"name":"Boulevard de la Duchère"},"city":"Egnach","state":"Bern","country":"Switzerland","postcode":3462,"coordinates":{"latitude":"-58.6153","longitude":"6.2349"},"timezone":{"offset":"+10:00","description":"Eastern Australia, Guam, Vladivostok"}},"email":"christel.gauthier@example.com","login":{"uuid":"25cf9243-08d1-4806-8df4-09a7af4548cd","username":"brownbear633","password":"xanadu","salt":"G2hGcBbZ","md5":"774c227b682ad2d03e3543b6425b9766","sha1":"95ae02cf653378f9210fc28db43be6e88a997825","sha256":"4794ab82d10a9831a4912a4145b8603d316d41aa6725595116de27b93e5187a9"},"dob":{"date":"1982-08-07T06:01:02.671Z","age":41},"registered":{"date":"2011-10-15T23:34:17.792Z","age":12},"phone":"076 358 84 85","cell":"077 735 00 33","id":{"name":"AVS","value":"756.4931.8799.48"},"picture":{"large":"https://randomuser.me/api/portraits/women/65.jpg","medium":"https://randomuser.me/api/portraits/med/women/65.jpg","thumbnail":"https://randomuser.me/api/portraits/thumb/women/65.jpg"},"nat":"CH"}],"info":{"seed":"8547ff844921e32c","results":1,"page":1,"version":"1.4"}} 
 </msg>
<msg time="2024-05-25T16:16:22.787119" level="INFO">/opt/hostedtoolcache/Python/3.12.3/x64/lib/python3.12/site-packages/urllib3/connectionpool.py:1103: InsecureRequestWarning: Unverified HTTPS request is being made to host 'randomuser.me'. Adding certificate verification is strongly advised. See: https://urllib3.readthedocs.io/en/latest/advanced-usage.html#tls-warnings
  warnings.warn(</msg>
<msg time="2024-05-25T16:16:22.787258" level="INFO">${response} = &lt;Response [200]&gt;</msg>
<var>${response}</var>
<arg>consultarAPI</arg>
<arg>/api</arg>
<doc>Sends a GET request on a previously created HTTP Session.</doc>
<status status="PASS" start="2024-05-25T16:16:22.709798" elapsed="0.077499"/>
</kw>
<kw name="Set Variable" owner="BuiltIn">
<msg time="2024-05-25T16:16:22.788156" level="INFO">${json_data} = {'results': [{'gender': 'female', 'name': {'title': 'Madame', 'first': 'Christel', 'last': 'Gauthier'}, 'location': {'street': {'number': 6157, 'name': 'Boulevard de la Duchère'}, 'city': 'Egnach', 's...</msg>
<var>${json_data}</var>
<arg>${response.json()}</arg>
<doc>Returns the given values which can then be assigned to a variables.</doc>
<status status="PASS" start="2024-05-25T16:16:22.787707" elapsed="0.000480"/>
</kw>
<kw name="Log" owner="BuiltIn">
<msg time="2024-05-25T16:16:22.788653" level="INFO">{'results': [{'gender': 'female', 'name': {'title': 'Madame', 'first': 'Christel', 'last': 'Gauthier'}, 'location': {'street': {'number': 6157, 'name': 'Boulevard de la Duchère'}, 'city': 'Egnach', 'state': 'Bern', 'country': 'Switzerland', 'postcode': 3462, 'coordinates': {'latitude': '-58.6153', 'longitude': '6.2349'}, 'timezone': {'offset': '+10:00', 'description': 'Eastern Australia, Guam, Vladivostok'}}, 'email': 'christel.gauthier@example.com', 'login': {'uuid': '25cf9243-08d1-4806-8df4-09a7af4548cd', 'username': 'brownbear633', 'password': 'xanadu', 'salt': 'G2hGcBbZ', 'md5': '774c227b682ad2d03e3543b6425b9766', 'sha1': '95ae02cf653378f9210fc28db43be6e88a997825', 'sha256': '4794ab82d10a9831a4912a4145b8603d316d41aa6725595116de27b93e5187a9'}, 'dob': {'date': '1982-08-07T06:01:02.671Z', 'age': 41}, 'registered': {'date': '2011-10-15T23:34:17.792Z', 'age': 12}, 'phone': '076 358 84 85', 'cell': '077 735 00 33', 'id': {'name': 'AVS', 'value': '756.4931.8799.48'}, 'picture': {'large': 'https://randomuser.me/api/portraits/women/65.jpg', 'medium': 'https://randomuser.me/api/portraits/med/women/65.jpg', 'thumbnail': 'https://randomuser.me/api/portraits/thumb/women/65.jpg'}, 'nat': 'CH'}], 'info': {'seed': '8547ff844921e32c', 'results': 1, 'page': 1, 'version': '1.4'}}</msg>
<arg>${json_data}</arg>
<doc>Logs the given message with the given level.</doc>
<status status="PASS" start="2024-05-25T16:16:22.788496" elapsed="0.000250"/>
</kw>
<kw name="Should Be String" owner="String">
<arg>${json_data['results'][0]['gender']}</arg>
<doc>Fails if the given ``item`` is not a string.</doc>
<status status="PASS" start="2024-05-25T16:16:22.789049" elapsed="0.000365"/>
</kw>
<kw name="Should Match Regexp" owner="BuiltIn">
<arg>${json_data['results'][0]['email']}</arg>
<arg>^[a-zA-Z0-9._%+-]+@[a-zA-Z0-9.-]+\.[a-zA-Z]{2,}$</arg>
<doc>Fails if ``string`` does not match ``pattern`` as a regular expression.</doc>
<status status="PASS" start="2024-05-25T16:16:22.789607" elapsed="0.000674"/>
</kw>
<kw name="Should Match Regexp" owner="BuiltIn">
<arg>${json_data['results'][0]['dob']['date']}</arg>
<arg>\\d{4}-\\d{2}-\\d{2}T\\d{2}:\\d{2}:\\d{2}\\.\\d{3}Z</arg>
<doc>Fails if ``string`` does not match ``pattern`` as a regular expression.</doc>
<status status="PASS" start="2024-05-25T16:16:22.790484" elapsed="0.000490"/>
</kw>
<kw name="Should Match Regexp" owner="BuiltIn">
<arg>${json_data['results'][0]['registered']['date']}</arg>
<arg>\\d{4}-\\d{2}-\\d{2}T\\d{2}:\\d{2}:\\d{2}\\.\\d{3}Z</arg>
<doc>Fails if ``string`` does not match ``pattern`` as a regular expression.</doc>
<status status="PASS" start="2024-05-25T16:16:22.791170" elapsed="0.000366"/>
</kw>
<kw name="Should Match Regexp" owner="BuiltIn">
<arg>${json_data['results'][0]['picture']['large']}</arg>
<arg>^https?://.*\.(?:png|jpe?g|gif|bmp)$</arg>
<doc>Fails if ``string`` does not match ``pattern`` as a regular expression.</doc>
<status status="PASS" start="2024-05-25T16:16:22.791725" elapsed="0.000459"/>
</kw>
<kw name="Should Match Regexp" owner="BuiltIn">
<arg>${json_data['results'][0]['picture']['medium']}</arg>
<arg>^https?://.*\.(?:png|jpe?g|gif|bmp)$</arg>
<doc>Fails if ``string`` does not match ``pattern`` as a regular expression.</doc>
<status status="PASS" start="2024-05-25T16:16:22.792371" elapsed="0.000357"/>
</kw>
<kw name="Should Match Regexp" owner="BuiltIn">
<arg>${json_data['results'][0]['picture']['thumbnail']}</arg>
<arg>^https?://.*\.(?:png|jpe?g|gif|bmp)$</arg>
<doc>Fails if ``string`` does not match ``pattern`` as a regular expression.</doc>
<status status="PASS" start="2024-05-25T16:16:22.792915" elapsed="0.000352"/>
</kw>
<kw name="Log" owner="BuiltIn">
<msg time="2024-05-25T16:16:22.793795" level="INFO">{'large': 'https://randomuser.me/api/portraits/women/65.jpg', 'medium': 'https://randomuser.me/api/portraits/med/women/65.jpg', 'thumbnail': 'https://randomuser.me/api/portraits/thumb/women/65.jpg'}</msg>
<arg>${json_data['results'][0]['picture']}</arg>
<doc>Logs the given message with the given level.</doc>
<status status="PASS" start="2024-05-25T16:16:22.793449" elapsed="0.000390"/>
</kw>
<status status="PASS" start="2024-05-25T16:16:22.709526" elapsed="0.084569"/>
</kw>
<kw name="Teste de Tipos de Dados - Postcode" owner="random-user-service">
<kw name="GET On Session" owner="RequestsLibrary">
<msg time="2024-05-25T16:16:22.877002" level="INFO">GET Request : url=https://randomuser.me/api 
 path_url=/api 
 headers={'User-Agent': 'python-requests/2.32.2', 'Accept-Encoding': 'gzip, deflate', 'Accept': '*/*', 'Connection': 'keep-alive'} 
 body=None 
 </msg>
<msg time="2024-05-25T16:16:22.877064" level="INFO">GET Response : url=https://randomuser.me/api 
 status=200, reason=OK 
 headers={'Date': 'Sat, 25 May 2024 16:16:22 GMT', 'Content-Type': 'application/json; charset=utf-8', 'Transfer-Encoding': 'chunked', 'Connection': 'keep-alive', 'X-Powered-By': 'Express', 'Access-Control-Allow-Origin': '*', 'Cache-Control': 'no-cache', 'ETag': 'W/"49c-YXgZ4l4nwAioI/XSsNEfsTgGuaY"', 'Vary': 'Accept-Encoding', 'Content-Encoding': 'gzip', 'CF-Cache-Status': 'DYNAMIC', 'Report-To': '{"endpoints":[{"url":"https:\\/\\/a.nel.cloudflare.com\\/report\\/v4?s=bnYxWI9IRbXF8W45Mk5TZRIcbm6LKcEijRS6Ta7ebsYVpj%2FhFTkg0WM3ZiHiiOng5ryA2Fe63aRmqzRjt9s6QQVvCWQecT4Gi%2BPC8gO6Q4QoRFJ13x3lX%2FITWFraIPBN"}],"group":"cf-nel","max_age":604800}', 'NEL': '{"success_fraction":0,"report_to":"cf-nel","max_age":604800}', 'Server': 'cloudflare', 'CF-RAY': '8896d45e7f6381c1-IAD', 'alt-svc': 'h3=":443"; ma=86400'} 
 body={"results":[{"gender":"female","name":{"title":"Mrs","first":"Olivia","last":"Hokkanen"},"location":{"street":{"number":3170,"name":"Aleksanterinkatu"},"city":"Toivakka","state":"Päijät-Häme","country":"Finland","postcode":40663,"coordinates":{"latitude":"-28.8170","longitude":"73.4506"},"timezone":{"offset":"-7:00","description":"Mountain Time (US &amp; Canada)"}},"email":"olivia.hokkanen@example.com","login":{"uuid":"b2a250e9-555e-4f50-87ea-4b42a50cdf3c","username":"redfrog725","password":"tahoe","salt":"tx40tdaC","md5":"d29a0dcdae4ee07d3a93d9c44fb98946","sha1":"aa2eb675b0e5052e261f4d8b4ee05a61b819a5f7","sha256":"6a48d0c740a5107d8f2b90a711ced4b3d75f1881fbf296a7fc4ac8ca5d16958e"},"dob":{"date":"1959-07-06T19:05:07.305Z","age":64},"registered":{"date":"2004-11-23T13:47:42.559Z","age":19},"phone":"04-078-927","cell":"048-372-10-73","id":{"name":"HETU","value":"NaNNA572undefined"},"picture":{"large":"https://randomuser.me/api/portraits/women/64.jpg","medium":"https://randomuser.me/api/portraits/med/women/64.jpg","thumbnail":"https://randomuser.me/api/portraits/thumb/women/64.jpg"},"nat":"FI"}],"info":{"seed":"a8c16dec9fcd4cc7","results":1,"page":1,"version":"1.4"}} 
 </msg>
<msg time="2024-05-25T16:16:22.877121" level="INFO">/opt/hostedtoolcache/Python/3.12.3/x64/lib/python3.12/site-packages/urllib3/connectionpool.py:1103: InsecureRequestWarning: Unverified HTTPS request is being made to host 'randomuser.me'. Adding certificate verification is strongly advised. See: https://urllib3.readthedocs.io/en/latest/advanced-usage.html#tls-warnings
  warnings.warn(</msg>
<msg time="2024-05-25T16:16:22.877223" level="INFO">${response} = &lt;Response [200]&gt;</msg>
<var>${response}</var>
<arg>consultarAPI</arg>
<arg>/api</arg>
<doc>Sends a GET request on a previously created HTTP Session.</doc>
<status status="PASS" start="2024-05-25T16:16:22.794531" elapsed="0.082732"/>
</kw>
<kw name="Set Variable" owner="BuiltIn">
<msg time="2024-05-25T16:16:22.878083" level="INFO">${json_data} = {'results': [{'gender': 'female', 'name': {'title': 'Mrs', 'first': 'Olivia', 'last': 'Hokkanen'}, 'location': {'street': {'number': 3170, 'name': 'Aleksanterinkatu'}, 'city': 'Toivakka', 'state': 'Pä...</msg>
<var>${json_data}</var>
<arg>${response.json()}</arg>
<doc>Returns the given values which can then be assigned to a variables.</doc>
<status status="PASS" start="2024-05-25T16:16:22.877606" elapsed="0.000507"/>
</kw>
<kw name="Log" owner="BuiltIn">
<msg time="2024-05-25T16:16:22.878584" level="INFO">{'results': [{'gender': 'female', 'name': {'title': 'Mrs', 'first': 'Olivia', 'last': 'Hokkanen'}, 'location': {'street': {'number': 3170, 'name': 'Aleksanterinkatu'}, 'city': 'Toivakka', 'state': 'Päijät-Häme', 'country': 'Finland', 'postcode': 40663, 'coordinates': {'latitude': '-28.8170', 'longitude': '73.4506'}, 'timezone': {'offset': '-7:00', 'description': 'Mountain Time (US &amp; Canada)'}}, 'email': 'olivia.hokkanen@example.com', 'login': {'uuid': 'b2a250e9-555e-4f50-87ea-4b42a50cdf3c', 'username': 'redfrog725', 'password': 'tahoe', 'salt': 'tx40tdaC', 'md5': 'd29a0dcdae4ee07d3a93d9c44fb98946', 'sha1': 'aa2eb675b0e5052e261f4d8b4ee05a61b819a5f7', 'sha256': '6a48d0c740a5107d8f2b90a711ced4b3d75f1881fbf296a7fc4ac8ca5d16958e'}, 'dob': {'date': '1959-07-06T19:05:07.305Z', 'age': 64}, 'registered': {'date': '2004-11-23T13:47:42.559Z', 'age': 19}, 'phone': '04-078-927', 'cell': '048-372-10-73', 'id': {'name': 'HETU', 'value': 'NaNNA572undefined'}, 'picture': {'large': 'https://randomuser.me/api/portraits/women/64.jpg', 'medium': 'https://randomuser.me/api/portraits/med/women/64.jpg', 'thumbnail': 'https://randomuser.me/api/portraits/thumb/women/64.jpg'}, 'nat': 'FI'}], 'info': {'seed': 'a8c16dec9fcd4cc7', 'results': 1, 'page': 1, 'version': '1.4'}}</msg>
<arg>${json_data}</arg>
<doc>Logs the given message with the given level.</doc>
<status status="PASS" start="2024-05-25T16:16:22.878425" elapsed="0.000255"/>
</kw>
<kw name="Should Be Equal As Numbers" owner="BuiltIn">
<arg>${json_data['results'][0]['location']['postcode']}</arg>
<arg>${json_data['results'][0]['location']['postcode']}</arg>
<doc>Fails if objects are unequal after converting them to real numbers.</doc>
<status status="PASS" start="2024-05-25T16:16:22.878984" elapsed="0.000624"/>
</kw>
<kw name="Log" owner="BuiltIn">
<msg time="2024-05-25T16:16:22.880129" level="INFO">40663</msg>
<arg>${json_data['results'][0]['location']['postcode']}</arg>
<doc>Logs the given message with the given level.</doc>
<status status="PASS" start="2024-05-25T16:16:22.879797" elapsed="0.000373"/>
</kw>
<status status="PASS" start="2024-05-25T16:16:22.794310" elapsed="0.086113"/>
</kw>
<doc>Testa se os tipos de dados na resposta da API estão corretos.</doc>
<tag>testeTiposDados</tag>
<status status="PASS" start="2024-05-25T16:16:22.709008" elapsed="0.171575"/>
</test>
<test id="s1-s1-t5" name="Validar conteudo" line="35">
<kw name="Teste de Tipos de Conteudo" owner="random-user-service">
<kw name="GET On Session" owner="RequestsLibrary">
<msg time="2024-05-25T16:16:22.974855" level="INFO">GET Request : url=https://randomuser.me/api 
 path_url=/api 
 headers={'User-Agent': 'python-requests/2.32.2', 'Accept-Encoding': 'gzip, deflate', 'Accept': '*/*', 'Connection': 'keep-alive'} 
 body=None 
 </msg>
<msg time="2024-05-25T16:16:22.974938" level="INFO">GET Response : url=https://randomuser.me/api 
 status=200, reason=OK 
 headers={'Date': 'Sat, 25 May 2024 16:16:22 GMT', 'Content-Type': 'application/json; charset=utf-8', 'Transfer-Encoding': 'chunked', 'Connection': 'keep-alive', 'X-Powered-By': 'Express', 'Access-Control-Allow-Origin': '*', 'Cache-Control': 'no-cache', 'ETag': 'W/"491-6oL2zBjDjXl6amExZluPGVKL46k"', 'Vary': 'Accept-Encoding', 'Content-Encoding': 'gzip', 'CF-Cache-Status': 'DYNAMIC', 'Report-To': '{"endpoints":[{"url":"https:\\/\\/a.nel.cloudflare.com\\/report\\/v4?s=IjgeQjBIoKqZba8G%2Bj9GKZs3OKSoiEmncOOTfE73%2Bt6bD338aagytp%2FQvQ7FxwaDhr%2BRYqVR3RNtlIKJUu1oru%2Fnbg5ehi%2BE8mhYGwNMIVjTNE5THQcm7qJsIeXkn6kh"}],"group":"cf-nel","max_age":604800}', 'NEL': '{"success_fraction":0,"report_to":"cf-nel","max_age":604800}', 'Server': 'cloudflare', 'CF-RAY': '8896d45f0ff881c1-IAD', 'alt-svc': 'h3=":443"; ma=86400'} 
 body={"results":[{"gender":"female","name":{"title":"Ms","first":"Shambhavi","last":"Bhoja"},"location":{"street":{"number":7370,"name":"Ashoka Rd"},"city":"Belgaum","state":"Lakshadweep","country":"India","postcode":69160,"coordinates":{"latitude":"8.0530","longitude":"98.6173"},"timezone":{"offset":"+9:00","description":"Tokyo, Seoul, Osaka, Sapporo, Yakutsk"}},"email":"shambhavi.bhoja@example.com","login":{"uuid":"b2eeb018-a1ec-4690-ab81-fffbc5ddfab1","username":"bigzebra970","password":"lantern","salt":"e5UyKc3R","md5":"860a2a05f8f7b1f831a32ea9ed1c2c11","sha1":"024ec718d8e0ac39b40dd8f8a4d4a662c0f97448","sha256":"78f0609b25672d24b0a770d020c427f5f7b4dbd2ef76dc214321b710a892200a"},"dob":{"date":"1997-12-01T19:59:02.165Z","age":26},"registered":{"date":"2016-04-10T12:28:24.015Z","age":8},"phone":"7889670836","cell":"7207688943","id":{"name":"UIDAI","value":"040607051285"},"picture":{"large":"https://randomuser.me/api/portraits/women/77.jpg","medium":"https://randomuser.me/api/portraits/med/women/77.jpg","thumbnail":"https://randomuser.me/api/portraits/thumb/women/77.jpg"},"nat":"IN"}],"info":{"seed":"6bf9329f38a0456e","results":1,"page":1,"version":"1.4"}} 
 </msg>
<msg time="2024-05-25T16:16:22.975010" level="INFO">/opt/hostedtoolcache/Python/3.12.3/x64/lib/python3.12/site-packages/urllib3/connectionpool.py:1103: InsecureRequestWarning: Unverified HTTPS request is being made to host 'randomuser.me'. Adding certificate verification is strongly advised. See: https://urllib3.readthedocs.io/en/latest/advanced-usage.html#tls-warnings
  warnings.warn(</msg>
<msg time="2024-05-25T16:16:22.975155" level="INFO">${response} = &lt;Response [200]&gt;</msg>
<var>${response}</var>
<arg>consultarAPI</arg>
<arg>/api</arg>
<doc>Sends a GET request on a previously created HTTP Session.</doc>
<status status="PASS" start="2024-05-25T16:16:22.883097" elapsed="0.092117"/>
</kw>
<kw name="Set Variable" owner="BuiltIn">
<msg time="2024-05-25T16:16:22.976084" level="INFO">${json_data} = {'results': [{'gender': 'female', 'name': {'title': 'Ms', 'first': 'Shambhavi', 'last': 'Bhoja'}, 'location': {'street': {'number': 7370, 'name': 'Ashoka Rd'}, 'city': 'Belgaum', 'state': 'Lakshadweep...</msg>
<var>${json_data}</var>
<arg>${response.json()}</arg>
<doc>Returns the given values which can then be assigned to a variables.</doc>
<status status="PASS" start="2024-05-25T16:16:22.975644" elapsed="0.000468"/>
</kw>
<kw name="Set Variable" owner="BuiltIn">
<msg time="2024-05-25T16:16:22.976807" level="INFO">${name_title} = Ms</msg>
<var>${name_title}</var>
<arg>${json_data["results"][0]["name"]["title"]}</arg>
<doc>Returns the given values which can then be assigned to a variables.</doc>
<status status="PASS" start="2024-05-25T16:16:22.976426" elapsed="0.000407"/>
</kw>
<kw name="Create List" owner="BuiltIn">
<msg time="2024-05-25T16:16:22.977278" level="INFO">${allowed_titles} = ['Mr', 'Ms', 'Miss', 'Mrs', 'Madame', 'Monsieur']</msg>
<var>${allowed_titles}</var>
<arg>Mr</arg>
<arg>Ms</arg>
<arg>Miss</arg>
<arg>Mrs</arg>
<arg>Madame</arg>
<arg>Monsieur</arg>
<doc>Returns a list containing given items.</doc>
<status status="PASS" start="2024-05-25T16:16:22.977129" elapsed="0.000173"/>
</kw>
<kw name="List Should Contain Value" owner="Collections">
<msg time="2024-05-25T16:16:22.977812" level="INFO">False</msg>
<arg>${allowed_titles}</arg>
<arg>${name_title}</arg>
<doc>Fails if the ``value`` is not found from ``list``.</doc>
<status status="PASS" start="2024-05-25T16:16:22.977602" elapsed="0.000253"/>
</kw>
<kw name="Set Variable" owner="BuiltIn">
<msg time="2024-05-25T16:16:22.978720" level="INFO">${name_country} = IN</msg>
<var>${name_country}</var>
<arg>${json_data["results"][0]["nat"]}</arg>
<doc>Returns the given values which can then be assigned to a variables.</doc>
<status status="PASS" start="2024-05-25T16:16:22.978152" elapsed="0.000595"/>
</kw>
<kw name="Create List" owner="BuiltIn">
<msg time="2024-05-25T16:16:22.979656" level="INFO">${list_country} = ['AD', 'AE', 'AF', 'AG', 'AI', 'AL', 'AM', 'AO', 'AQ', 'AR', 'AS', 'AT', 'AU', 'AW', 'AX', 'AZ', 'BA', 'BB', 'BD', 'BE', 'BF', 'BG', 'BH', 'BI', 'BJ', 'BL', 'BM', 'BN', 'BO', 'BQ', 'BR', 'BS', 'BT', '...</msg>
<var>${list_country}</var>
<arg>AD</arg>
<arg>AE</arg>
<arg>AF</arg>
<arg>AG</arg>
<arg>AI</arg>
<arg>AL</arg>
<arg>AM</arg>
<arg>AO</arg>
<arg>AQ</arg>
<arg>AR</arg>
<arg>AS</arg>
<arg>AT</arg>
<arg>AU</arg>
<arg>AW</arg>
<arg>AX</arg>
<arg>AZ</arg>
<arg>BA</arg>
<arg>BB</arg>
<arg>BD</arg>
<arg>BE</arg>
<arg>BF</arg>
<arg>BG</arg>
<arg>BH</arg>
<arg>BI</arg>
<arg>BJ</arg>
<arg>BL</arg>
<arg>BM</arg>
<arg>BN</arg>
<arg>BO</arg>
<arg>BQ</arg>
<arg>BR</arg>
<arg>BS</arg>
<arg>BT</arg>
<arg>BV</arg>
<arg>BW</arg>
<arg>BY</arg>
<arg>BZ</arg>
<arg>CA</arg>
<arg>CC</arg>
<arg>CD</arg>
<arg>CF</arg>
<arg>CG</arg>
<arg>CH</arg>
<arg>CI</arg>
<arg>CK</arg>
<arg>CL</arg>
<arg>CM</arg>
<arg>CN</arg>
<arg>CO</arg>
<arg>CR</arg>
<arg>CU</arg>
<arg>CV</arg>
<arg>CW</arg>
<arg>CX</arg>
<arg>CY</arg>
<arg>CZ</arg>
<arg>DE</arg>
<arg>DJ</arg>
<arg>DK</arg>
<arg>DM</arg>
<arg>DO</arg>
<arg>DZ</arg>
<arg>EC</arg>
<arg>EE</arg>
<arg>EG</arg>
<arg>EH</arg>
<arg>ER</arg>
<arg>ES</arg>
<arg>ET</arg>
<arg>FI</arg>
<arg>FJ</arg>
<arg>FK</arg>
<arg>FM</arg>
<arg>FO</arg>
<arg>FR</arg>
<arg>GA</arg>
<arg>GB</arg>
<arg>GD</arg>
<arg>GE</arg>
<arg>GF</arg>
<arg>GG</arg>
<arg>GH</arg>
<arg>GI</arg>
<arg>GL</arg>
<arg>GM</arg>
<arg>GN</arg>
<arg>GP</arg>
<arg>GQ</arg>
<arg>GR</arg>
<arg>GS</arg>
<arg>GT</arg>
<arg>GU</arg>
<arg>GW</arg>
<arg>GY</arg>
<arg>HK</arg>
<arg>HM</arg>
<arg>HN</arg>
<arg>HR</arg>
<arg>HT</arg>
<arg>HU</arg>
<arg>ID</arg>
<arg>IE</arg>
<arg>IL</arg>
<arg>IM</arg>
<arg>IN</arg>
<arg>IO</arg>
<arg>IQ</arg>
<arg>IR</arg>
<arg>IS</arg>
<arg>IT</arg>
<arg>JE</arg>
<arg>JM</arg>
<arg>JO</arg>
<arg>JP</arg>
<arg>KE</arg>
<arg>KG</arg>
<arg>KH</arg>
<arg>KI</arg>
<arg>KM</arg>
<arg>KN</arg>
<arg>KP</arg>
<arg>KR</arg>
<arg>KW</arg>
<arg>KY</arg>
<arg>KZ</arg>
<arg>LA</arg>
<arg>LB</arg>
<arg>LC</arg>
<arg>LI</arg>
<arg>LK</arg>
<arg>LR</arg>
<arg>LS</arg>
<arg>LT</arg>
<arg>LU</arg>
<arg>LV</arg>
<arg>LY</arg>
<arg>MA</arg>
<arg>MC</arg>
<arg>MD</arg>
<arg>ME</arg>
<arg>MF</arg>
<arg>MG</arg>
<arg>MH</arg>
<arg>MK</arg>
<arg>ML</arg>
<arg>MM</arg>
<arg>MN</arg>
<arg>MO</arg>
<arg>MP</arg>
<arg>MQ</arg>
<arg>MR</arg>
<arg>MS</arg>
<arg>MT</arg>
<arg>MU</arg>
<arg>MV</arg>
<arg>MW</arg>
<arg>MX</arg>
<arg>MY</arg>
<arg>MZ</arg>
<arg>NA</arg>
<arg>NC</arg>
<arg>NE</arg>
<arg>NF</arg>
<arg>NG</arg>
<arg>NI</arg>
<arg>NL</arg>
<arg>NO</arg>
<arg>NP</arg>
<arg>NR</arg>
<arg>NU</arg>
<arg>NZ</arg>
<arg>OM</arg>
<arg>PA</arg>
<arg>PE</arg>
<arg>PF</arg>
<arg>PG</arg>
<arg>PH</arg>
<arg>PK</arg>
<arg>PL</arg>
<arg>PM</arg>
<arg>PN</arg>
<arg>PR</arg>
<arg>PS</arg>
<arg>PT</arg>
<arg>PW</arg>
<arg>PY</arg>
<arg>QA</arg>
<arg>RE</arg>
<arg>RO</arg>
<arg>RS</arg>
<arg>RU</arg>
<arg>RW</arg>
<arg>SA</arg>
<arg>SB</arg>
<arg>SC</arg>
<arg>SD</arg>
<arg>SE</arg>
<arg>SG</arg>
<arg>SH</arg>
<arg>SI</arg>
<arg>SJ</arg>
<arg>SK</arg>
<arg>SL</arg>
<arg>SM</arg>
<arg>SN</arg>
<arg>SO</arg>
<arg>SR</arg>
<arg>SS</arg>
<arg>ST</arg>
<arg>SV</arg>
<arg>SX</arg>
<arg>SY</arg>
<arg>SZ</arg>
<arg>TC</arg>
<arg>TD</arg>
<arg>TF</arg>
<arg>TG</arg>
<arg>TH</arg>
<arg>TJ</arg>
<arg>TK</arg>
<arg>TL</arg>
<arg>TM</arg>
<arg>TN</arg>
<arg>TO</arg>
<arg>TR</arg>
<arg>TT</arg>
<arg>TV</arg>
<arg>TW</arg>
<arg>TZ</arg>
<arg>UA</arg>
<arg>UG</arg>
<arg>UM</arg>
<arg>US</arg>
<arg>UY</arg>
<arg>UZ</arg>
<arg>VA</arg>
<arg>VC</arg>
<arg>VE</arg>
<arg>VG</arg>
<arg>VI</arg>
<arg>VN</arg>
<arg>VU</arg>
<arg>WF</arg>
<arg>WS</arg>
<arg>XK</arg>
<arg>YE</arg>
<arg>YT</arg>
<arg>ZA</arg>
<arg>ZM</arg>
<arg>ZW</arg>
<doc>Returns a list containing given items.</doc>
<status status="PASS" start="2024-05-25T16:16:22.979061" elapsed="0.000620"/>
</kw>
<kw name="List Should Contain Value" owner="Collections">
<msg time="2024-05-25T16:16:22.980671" level="INFO">False</msg>
<arg>${list_country}</arg>
<arg>${name_country}</arg>
<doc>Fails if the ``value`` is not found from ``list``.</doc>
<status status="PASS" start="2024-05-25T16:16:22.980466" elapsed="0.000242"/>
</kw>
<kw name="Run Keyword If" owner="BuiltIn">
<kw name="Should Be True" owner="BuiltIn">
<arg>${True}</arg>
<doc>Fails if the given condition is not true.</doc>
<status status="PASS" start="2024-05-25T16:16:22.981796" elapsed="0.000157"/>
</kw>
<arg>${json_data["results"][0]["location"]["coordinates"]["latitude"]} &gt;= -90 and ${json_data["results"][0]["location"]["coordinates"]["latitude"]} &lt;= 90</arg>
<arg>Should Be True</arg>
<arg>${True}</arg>
<doc>Runs the given keyword with the given arguments, if ``condition`` is true.</doc>
<status status="PASS" start="2024-05-25T16:16:22.981021" elapsed="0.001060"/>
</kw>
<kw name="Run Keyword If" owner="BuiltIn">
<kw name="Should Be True" owner="BuiltIn">
<arg>${True}</arg>
<doc>Fails if the given condition is not true.</doc>
<status status="PASS" start="2024-05-25T16:16:22.982957" elapsed="0.000139"/>
</kw>
<arg>${json_data["results"][0]["location"]["coordinates"]["longitude"]} &gt;= -180 and ${json_data["results"][0]["location"]["coordinates"]["longitude"]} &lt;= 180</arg>
<arg>Should Be True</arg>
<arg>${True}</arg>
<doc>Runs the given keyword with the given arguments, if ``condition`` is true.</doc>
<status status="PASS" start="2024-05-25T16:16:22.982267" elapsed="0.000951"/>
</kw>
<status status="PASS" start="2024-05-25T16:16:22.882876" elapsed="0.100468"/>
</kw>
<doc>Testa o conteúdo específico dos campos retornados pela API.</doc>
<tag>testeConteudo</tag>
<status status="PASS" start="2024-05-25T16:16:22.882377" elapsed="0.101108"/>
</test>
<status status="PASS" start="2024-05-25T16:16:22.073692" elapsed="0.911700"/>
</suite>
<status status="PASS" start="2024-05-25T16:16:22.060249" elapsed="0.930337"/>
</suite>
<statistics>
<total>
<stat pass="5" fail="0" skip="0">All Tests</stat>
</total>
<tag>
<stat pass="1" fail="0" skip="0">testeConteudo</stat>
<stat pass="1" fail="0" skip="0">testeEstruturaResposta</stat>
<stat pass="1" fail="0" skip="0">testeRequisicaoBasica</stat>
<stat pass="1" fail="0" skip="0">testeTiposDados</stat>
</tag>
<suite>
<stat pass="5" fail="0" skip="0" id="s1" name="Tests">Tests</stat>
<stat pass="5" fail="0" skip="0" id="s1-s1" name="Random-User-Test">Tests.Random-User-Test</stat>
</suite>
</statistics>
<errors>
</errors>
</robot>
