<?xml version="1.0" encoding="UTF-8"?>
<robot generator="Robot 7.0 (Python 3.12.2 on linux)" generated="2024-04-02T16:17:37.476281" rpa="false" schemaversion="5">
<suite id="s1" name="Tests" source="/home/runner/work/DesafioQAItauRogerioJordao/DesafioQAItauRogerioJordao/RamdonUser/tests">
<suite id="s1-s1" name="Random-User-Test" source="/home/runner/work/DesafioQAItauRogerioJordao/DesafioQAItauRogerioJordao/RamdonUser/tests/random-user-test.robot">
<test id="s1-s1-t1" name="Conectar" line="13">
<kw name="Conectar API" owner="random-user-service">
<kw name="Create Session" owner="RequestsLibrary">
<msg time="2024-04-02T16:17:37.830697" level="INFO">Creating Session using : alias=consultarAPI, url=https://randomuser.me/, headers={},                     cookies={}, auth=None, timeout=None, proxies=None, verify=False,                     debug=0 </msg>
<arg>consultarAPI</arg>
<arg>${URL}</arg>
<doc>Create Session: create a HTTP session to a server</doc>
<status status="PASS" start="2024-04-02T16:17:37.830490" elapsed="0.000377"/>
</kw>
<status status="PASS" start="2024-04-02T16:17:37.829464" elapsed="0.001766"/>
</kw>
<status status="PASS" start="2024-04-02T16:17:37.828924" elapsed="0.002512"/>
</test>
<test id="s1-s1-t2" name="Validar retorno 200 e JSON Válido" line="16">
<kw name="Teste de Requisicao Basica" owner="random-user-service">
<kw name="GET On Session" owner="RequestsLibrary">
<msg time="2024-04-02T16:17:38.048723" level="INFO">GET Request : url=https://randomuser.me/api 
 path_url=/api 
 headers={'User-Agent': 'python-requests/2.31.0', 'Accept-Encoding': 'gzip, deflate', 'Accept': '*/*', 'Connection': 'keep-alive'} 
 body=None 
 </msg>
<msg time="2024-04-02T16:17:38.048861" level="INFO">GET Response : url=https://randomuser.me/api 
 status=200, reason=OK 
 headers={'Date': 'Tue, 02 Apr 2024 16:17:38 GMT', 'Content-Type': 'application/json; charset=utf-8', 'Transfer-Encoding': 'chunked', 'Connection': 'keep-alive', 'X-Powered-By': 'Express', 'Access-Control-Allow-Origin': '*', 'Cache-Control': 'no-cache', 'ETag': 'W/"486-b0rhIB90pfrTUFTJlc3KvUM/N40"', 'Vary': 'Accept-Encoding', 'Content-Encoding': 'gzip', 'CF-Cache-Status': 'DYNAMIC', 'Report-To': '{"endpoints":[{"url":"https:\\/\\/a.nel.cloudflare.com\\/report\\/v4?s=%2FCpXzD5qsCHAC%2FuIfoj70ti9v1TrDhaE0amb6vBbDn9LE2qXkJKhuV8iKvkoQ%2FcGHXKW4jLiRZ1AFfrYp1WylitTJPKu3itww8lDyOJkC0bfaco9MaT6VRUw9Dx69z%2FY"}],"group":"cf-nel","max_age":604800}', 'NEL': '{"success_fraction":0,"report_to":"cf-nel","max_age":604800}', 'Server': 'cloudflare', 'CF-RAY': '86e221543951968f-SJC', 'alt-svc': 'h3=":443"; ma=86400'} 
 body={"results":[{"gender":"female","name":{"title":"Mrs","first":"Suzy","last":"Lord"},"location":{"street":{"number":160,"name":"London Road"},"city":"Sunderland","state":"West Sussex","country":"United Kingdom","postcode":"LZ36 4WQ","coordinates":{"latitude":"-7.8572","longitude":"126.3740"},"timezone":{"offset":"-3:30","description":"Newfoundland"}},"email":"suzy.lord@example.com","login":{"uuid":"e87505df-6eb6-41b5-a53c-ede43d48afeb","username":"smallswan854","password":"champ1","salt":"6TAfRwQu","md5":"6b86867850ec615b148c443cfafe7cc7","sha1":"7101cc987ec13dbd65b078995984f417e142cf09","sha256":"b5f850b1ab11e75ed4bc3175ef3b16c956008dbcc10f83d2471ac23080ffb15d"},"dob":{"date":"1997-10-12T12:40:24.862Z","age":26},"registered":{"date":"2008-05-02T13:56:46.088Z","age":15},"phone":"016973 84911","cell":"07787 168235","id":{"name":"NINO","value":"AB 32 27 09 K"},"picture":{"large":"https://randomuser.me/api/portraits/women/22.jpg","medium":"https://randomuser.me/api/portraits/med/women/22.jpg","thumbnail":"https://randomuser.me/api/portraits/thumb/women/22.jpg"},"nat":"GB"}],"info":{"seed":"caed7148fbdc6cf4","results":1,"page":1,"version":"1.4"}} 
 </msg>
<msg time="2024-04-02T16:17:38.048985" level="INFO">/opt/hostedtoolcache/Python/3.12.2/x64/lib/python3.12/site-packages/urllib3/connectionpool.py:1103: InsecureRequestWarning: Unverified HTTPS request is being made to host 'randomuser.me'. Adding certificate verification is strongly advised. See: https://urllib3.readthedocs.io/en/latest/advanced-usage.html#tls-warnings
  warnings.warn(</msg>
<msg time="2024-04-02T16:17:38.049131" level="INFO">${response} = &lt;Response [200]&gt;</msg>
<var>${response}</var>
<arg>consultarAPI</arg>
<arg>/api</arg>
<doc>Sends a GET request on a previously created HTTP Session.</doc>
<status status="PASS" start="2024-04-02T16:17:37.834029" elapsed="0.215146"/>
</kw>
<kw name="Should Be Equal As Numbers" owner="BuiltIn">
<msg time="2024-04-02T16:17:38.050299" level="INFO">Argument types are:
&lt;class 'int'&gt;
&lt;class 'str'&gt;</msg>
<arg>${response.status_code}</arg>
<arg>200</arg>
<doc>Fails if objects are unequal after converting them to real numbers.</doc>
<status status="PASS" start="2024-04-02T16:17:38.049755" elapsed="0.000610"/>
</kw>
<kw name="Log" owner="BuiltIn">
<msg time="2024-04-02T16:17:38.051067" level="INFO">200</msg>
<arg>${response.status_code}</arg>
<doc>Logs the given message with the given level.</doc>
<status status="PASS" start="2024-04-02T16:17:38.050702" elapsed="0.000408"/>
</kw>
<kw name="Set Variable" owner="BuiltIn">
<msg time="2024-04-02T16:17:38.051886" level="INFO">${json_data} = {'results': [{'gender': 'female', 'name': {'title': 'Mrs', 'first': 'Suzy', 'last': 'Lord'}, 'location': {'street': {'number': 160, 'name': 'London Road'}, 'city': 'Sunderland', 'state': 'West Sussex'...</msg>
<var>${json_data}</var>
<arg>${response.json()}</arg>
<doc>Returns the given values which can then be assigned to a variables.</doc>
<status status="PASS" start="2024-04-02T16:17:38.051448" elapsed="0.000466"/>
</kw>
<kw name="Dictionary Should Contain Key" owner="Collections">
<msg time="2024-04-02T16:17:38.052439" level="INFO">False</msg>
<arg>${json_data}</arg>
<arg>results</arg>
<doc>Fails if ``key`` is not found from ``dictionary``.</doc>
<status status="PASS" start="2024-04-02T16:17:38.052268" elapsed="0.000220"/>
</kw>
<status status="PASS" start="2024-04-02T16:17:37.833774" elapsed="0.218977"/>
</kw>
<doc>Testa se a API responde corretamente e retorna um objeto JSON válido.</doc>
<tag>testeRequisicaoBasica</tag>
<status status="PASS" start="2024-04-02T16:17:37.833316" elapsed="0.219617"/>
</test>
<test id="s1-s1-t3" name="Validar estrutura de resposta" line="22">
<kw name="Teste de Estrutura de Resposta" owner="random-user-service">
<kw name="GET On Session" owner="RequestsLibrary">
<msg time="2024-04-02T16:17:38.153998" level="INFO">GET Request : url=https://randomuser.me/api 
 path_url=/api 
 headers={'User-Agent': 'python-requests/2.31.0', 'Accept-Encoding': 'gzip, deflate', 'Accept': '*/*', 'Connection': 'keep-alive'} 
 body=None 
 </msg>
<msg time="2024-04-02T16:17:38.154081" level="INFO">GET Response : url=https://randomuser.me/api 
 status=200, reason=OK 
 headers={'Date': 'Tue, 02 Apr 2024 16:17:38 GMT', 'Content-Type': 'application/json; charset=utf-8', 'Transfer-Encoding': 'chunked', 'Connection': 'keep-alive', 'X-Powered-By': 'Express', 'Access-Control-Allow-Origin': '*', 'Cache-Control': 'no-cache', 'ETag': 'W/"482-pJRDDnV25CWFsi6OYz330jdb49Y"', 'Vary': 'Accept-Encoding', 'Content-Encoding': 'gzip', 'CF-Cache-Status': 'DYNAMIC', 'Report-To': '{"endpoints":[{"url":"https:\\/\\/a.nel.cloudflare.com\\/report\\/v4?s=D%2B5%2FUseosK0BJhusAIW2G6Vo5i9Z9TFxyxF2F8q2rG6qEOX3%2FCzz9V1c9MRPlKk0rR4S8FlkRsfQHqOXKIxlrvek0A1dcxlwV%2BL4Tq3qV7pCKotHjB3ijz4%2Bs9%2Bt%2FKg%2F"}],"group":"cf-nel","max_age":604800}', 'NEL': '{"success_fraction":0,"report_to":"cf-nel","max_age":604800}', 'Server': 'cloudflare', 'CF-RAY': '86e22154da04968f-SJC', 'alt-svc': 'h3=":443"; ma=86400'} 
 body={"results":[{"gender":"male","name":{"title":"Mr","first":"عباس","last":"کوتی"},"location":{"street":{"number":2459,"name":"واعظی"},"city":"ملارد","state":"خوزستان","country":"Iran","postcode":13218,"coordinates":{"latitude":"17.1564","longitude":"-71.8116"},"timezone":{"offset":"-7:00","description":"Mountain Time (US &amp; Canada)"}},"email":"aabs.khwty@example.com","login":{"uuid":"9e23dc60-6038-4771-9101-1a15b4d8592c","username":"angrybutterfly180","password":"a1b2c3d4","salt":"zaoIBCf2","md5":"2caa81bd434037b1aa3b244422878cf8","sha1":"b386c3de512b97d416372515679083ac140a556f","sha256":"44f4e23af0f051ed6646d985401a919efddebc00f55facb2b735ae07d5094441"},"dob":{"date":"1980-04-24T04:13:04.836Z","age":43},"registered":{"date":"2004-02-10T13:21:10.941Z","age":20},"phone":"062-85361829","cell":"0955-751-0899","id":{"name":"","value":null},"picture":{"large":"https://randomuser.me/api/portraits/men/34.jpg","medium":"https://randomuser.me/api/portraits/med/men/34.jpg","thumbnail":"https://randomuser.me/api/portraits/thumb/men/34.jpg"},"nat":"IR"}],"info":{"seed":"37e26ab68033d3a9","results":1,"page":1,"version":"1.4"}} 
 </msg>
<msg time="2024-04-02T16:17:38.154218" level="INFO">/opt/hostedtoolcache/Python/3.12.2/x64/lib/python3.12/site-packages/urllib3/connectionpool.py:1103: InsecureRequestWarning: Unverified HTTPS request is being made to host 'randomuser.me'. Adding certificate verification is strongly advised. See: https://urllib3.readthedocs.io/en/latest/advanced-usage.html#tls-warnings
  warnings.warn(</msg>
<msg time="2024-04-02T16:17:38.154339" level="INFO">${response} = &lt;Response [200]&gt;</msg>
<var>${response}</var>
<arg>consultarAPI</arg>
<arg>/api</arg>
<doc>Sends a GET request on a previously created HTTP Session.</doc>
<status status="PASS" start="2024-04-02T16:17:38.055740" elapsed="0.098655"/>
</kw>
<kw name="Set Variable" owner="BuiltIn">
<msg time="2024-04-02T16:17:38.155637" level="INFO">${json_data} = {'results': [{'gender': 'male', 'name': {'title': 'Mr', 'first': 'عباس', 'last': 'کوتی'}, 'location': {'street': {'number': 2459, 'name': 'واعظی'}, 'city': 'ملارد', 'state': 'خوزستان', 'country': 'Ira...</msg>
<var>${json_data}</var>
<arg>${response.json()}</arg>
<doc>Returns the given values which can then be assigned to a variables.</doc>
<status status="PASS" start="2024-04-02T16:17:38.155010" elapsed="0.000656"/>
</kw>
<kw name="Log" owner="BuiltIn">
<msg time="2024-04-02T16:17:38.156176" level="INFO">{'results': [{'gender': 'male', 'name': {'title': 'Mr', 'first': 'عباس', 'last': 'کوتی'}, 'location': {'street': {'number': 2459, 'name': 'واعظی'}, 'city': 'ملارد', 'state': 'خوزستان', 'country': 'Iran', 'postcode': 13218, 'coordinates': {'latitude': '17.1564', 'longitude': '-71.8116'}, 'timezone': {'offset': '-7:00', 'description': 'Mountain Time (US &amp; Canada)'}}, 'email': 'aabs.khwty@example.com', 'login': {'uuid': '9e23dc60-6038-4771-9101-1a15b4d8592c', 'username': 'angrybutterfly180', 'password': 'a1b2c3d4', 'salt': 'zaoIBCf2', 'md5': '2caa81bd434037b1aa3b244422878cf8', 'sha1': 'b386c3de512b97d416372515679083ac140a556f', 'sha256': '44f4e23af0f051ed6646d985401a919efddebc00f55facb2b735ae07d5094441'}, 'dob': {'date': '1980-04-24T04:13:04.836Z', 'age': 43}, 'registered': {'date': '2004-02-10T13:21:10.941Z', 'age': 20}, 'phone': '062-85361829', 'cell': '0955-751-0899', 'id': {'name': '', 'value': None}, 'picture': {'large': 'https://randomuser.me/api/portraits/men/34.jpg', 'medium': 'https://randomuser.me/api/portraits/med/men/34.jpg', 'thumbnail': 'https://randomuser.me/api/portraits/thumb/men/34.jpg'}, 'nat': 'IR'}], 'info': {'seed': '37e26ab68033d3a9', 'results': 1, 'page': 1, 'version': '1.4'}}</msg>
<arg>${json_data}</arg>
<doc>Logs the given message with the given level.</doc>
<status status="PASS" start="2024-04-02T16:17:38.155980" elapsed="0.000252"/>
</kw>
<kw name="Dictionary Should Contain Key" owner="Collections">
<msg time="2024-04-02T16:17:38.156700" level="INFO">False</msg>
<arg>${json_data}</arg>
<arg>results</arg>
<doc>Fails if ``key`` is not found from ``dictionary``.</doc>
<status status="PASS" start="2024-04-02T16:17:38.156546" elapsed="0.000190"/>
</kw>
<kw name="Should Not Be Empty" owner="BuiltIn">
<msg time="2024-04-02T16:17:38.157162" level="INFO">Length is 2.</msg>
<arg>${json_data}</arg>
<doc>Verifies that the given item is not empty.</doc>
<status status="PASS" start="2024-04-02T16:17:38.157030" elapsed="0.000170"/>
</kw>
<kw name="Create List" owner="BuiltIn">
<msg time="2024-04-02T16:17:38.157637" level="INFO">${expected_keys} = ['gender', 'name', 'location', 'email', 'login']</msg>
<var>${expected_keys}</var>
<arg>gender</arg>
<arg>name</arg>
<arg>location</arg>
<arg>email</arg>
<arg>login</arg>
<doc>Returns a list containing given items.</doc>
<status status="PASS" start="2024-04-02T16:17:38.157489" elapsed="0.000172"/>
</kw>
<for flavor="IN">
<iter>
<kw name="Dictionary Should Contain Key" owner="Collections">
<msg time="2024-04-02T16:17:38.158637" level="INFO">False</msg>
<arg>${json_data['results'][0]}</arg>
<arg>${key}</arg>
<doc>Fails if ``key`` is not found from ``dictionary``.</doc>
<status status="PASS" start="2024-04-02T16:17:38.158226" elapsed="0.000451"/>
</kw>
<kw name="Log" owner="BuiltIn">
<msg time="2024-04-02T16:17:38.159358" level="INFO">{'gender': 'male', 'name': {'title': 'Mr', 'first': 'عباس', 'last': 'کوتی'}, 'location': {'street': {'number': 2459, 'name': 'واعظی'}, 'city': 'ملارد', 'state': 'خوزستان', 'country': 'Iran', 'postcode': 13218, 'coordinates': {'latitude': '17.1564', 'longitude': '-71.8116'}, 'timezone': {'offset': '-7:00', 'description': 'Mountain Time (US &amp; Canada)'}}, 'email': 'aabs.khwty@example.com', 'login': {'uuid': '9e23dc60-6038-4771-9101-1a15b4d8592c', 'username': 'angrybutterfly180', 'password': 'a1b2c3d4', 'salt': 'zaoIBCf2', 'md5': '2caa81bd434037b1aa3b244422878cf8', 'sha1': 'b386c3de512b97d416372515679083ac140a556f', 'sha256': '44f4e23af0f051ed6646d985401a919efddebc00f55facb2b735ae07d5094441'}, 'dob': {'date': '1980-04-24T04:13:04.836Z', 'age': 43}, 'registered': {'date': '2004-02-10T13:21:10.941Z', 'age': 20}, 'phone': '062-85361829', 'cell': '0955-751-0899', 'id': {'name': '', 'value': None}, 'picture': {'large': 'https://randomuser.me/api/portraits/men/34.jpg', 'medium': 'https://randomuser.me/api/portraits/med/men/34.jpg', 'thumbnail': 'https://randomuser.me/api/portraits/thumb/men/34.jpg'}, 'nat': 'IR'}</msg>
<arg>${json_data['results'][0]}</arg>
<doc>Logs the given message with the given level.</doc>
<status status="PASS" start="2024-04-02T16:17:38.158991" elapsed="0.000425"/>
</kw>
<kw name="Log" owner="BuiltIn">
<msg time="2024-04-02T16:17:38.159848" level="INFO">gender</msg>
<arg>${key}</arg>
<doc>Logs the given message with the given level.</doc>
<status status="PASS" start="2024-04-02T16:17:38.159719" elapsed="0.000167"/>
</kw>
<var name="${key}">gender</var>
<status status="PASS" start="2024-04-02T16:17:38.158102" elapsed="0.002051"/>
</iter>
<iter>
<kw name="Dictionary Should Contain Key" owner="Collections">
<msg time="2024-04-02T16:17:38.160849" level="INFO">False</msg>
<arg>${json_data['results'][0]}</arg>
<arg>${key}</arg>
<doc>Fails if ``key`` is not found from ``dictionary``.</doc>
<status status="PASS" start="2024-04-02T16:17:38.160461" elapsed="0.000426"/>
</kw>
<kw name="Log" owner="BuiltIn">
<msg time="2024-04-02T16:17:38.161574" level="INFO">{'gender': 'male', 'name': {'title': 'Mr', 'first': 'عباس', 'last': 'کوتی'}, 'location': {'street': {'number': 2459, 'name': 'واعظی'}, 'city': 'ملارد', 'state': 'خوزستان', 'country': 'Iran', 'postcode': 13218, 'coordinates': {'latitude': '17.1564', 'longitude': '-71.8116'}, 'timezone': {'offset': '-7:00', 'description': 'Mountain Time (US &amp; Canada)'}}, 'email': 'aabs.khwty@example.com', 'login': {'uuid': '9e23dc60-6038-4771-9101-1a15b4d8592c', 'username': 'angrybutterfly180', 'password': 'a1b2c3d4', 'salt': 'zaoIBCf2', 'md5': '2caa81bd434037b1aa3b244422878cf8', 'sha1': 'b386c3de512b97d416372515679083ac140a556f', 'sha256': '44f4e23af0f051ed6646d985401a919efddebc00f55facb2b735ae07d5094441'}, 'dob': {'date': '1980-04-24T04:13:04.836Z', 'age': 43}, 'registered': {'date': '2004-02-10T13:21:10.941Z', 'age': 20}, 'phone': '062-85361829', 'cell': '0955-751-0899', 'id': {'name': '', 'value': None}, 'picture': {'large': 'https://randomuser.me/api/portraits/men/34.jpg', 'medium': 'https://randomuser.me/api/portraits/med/men/34.jpg', 'thumbnail': 'https://randomuser.me/api/portraits/thumb/men/34.jpg'}, 'nat': 'IR'}</msg>
<arg>${json_data['results'][0]}</arg>
<doc>Logs the given message with the given level.</doc>
<status status="PASS" start="2024-04-02T16:17:38.161216" elapsed="0.000409"/>
</kw>
<kw name="Log" owner="BuiltIn">
<msg time="2024-04-02T16:17:38.162051" level="INFO">name</msg>
<arg>${key}</arg>
<doc>Logs the given message with the given level.</doc>
<status status="PASS" start="2024-04-02T16:17:38.161925" elapsed="0.000164"/>
</kw>
<var name="${key}">name</var>
<status status="PASS" start="2024-04-02T16:17:38.160345" elapsed="0.001959"/>
</iter>
<iter>
<kw name="Dictionary Should Contain Key" owner="Collections">
<msg time="2024-04-02T16:17:38.162963" level="INFO">False</msg>
<arg>${json_data['results'][0]}</arg>
<arg>${key}</arg>
<doc>Fails if ``key`` is not found from ``dictionary``.</doc>
<status status="PASS" start="2024-04-02T16:17:38.162592" elapsed="0.000408"/>
</kw>
<kw name="Log" owner="BuiltIn">
<msg time="2024-04-02T16:17:38.163662" level="INFO">{'gender': 'male', 'name': {'title': 'Mr', 'first': 'عباس', 'last': 'کوتی'}, 'location': {'street': {'number': 2459, 'name': 'واعظی'}, 'city': 'ملارد', 'state': 'خوزستان', 'country': 'Iran', 'postcode': 13218, 'coordinates': {'latitude': '17.1564', 'longitude': '-71.8116'}, 'timezone': {'offset': '-7:00', 'description': 'Mountain Time (US &amp; Canada)'}}, 'email': 'aabs.khwty@example.com', 'login': {'uuid': '9e23dc60-6038-4771-9101-1a15b4d8592c', 'username': 'angrybutterfly180', 'password': 'a1b2c3d4', 'salt': 'zaoIBCf2', 'md5': '2caa81bd434037b1aa3b244422878cf8', 'sha1': 'b386c3de512b97d416372515679083ac140a556f', 'sha256': '44f4e23af0f051ed6646d985401a919efddebc00f55facb2b735ae07d5094441'}, 'dob': {'date': '1980-04-24T04:13:04.836Z', 'age': 43}, 'registered': {'date': '2004-02-10T13:21:10.941Z', 'age': 20}, 'phone': '062-85361829', 'cell': '0955-751-0899', 'id': {'name': '', 'value': None}, 'picture': {'large': 'https://randomuser.me/api/portraits/men/34.jpg', 'medium': 'https://randomuser.me/api/portraits/med/men/34.jpg', 'thumbnail': 'https://randomuser.me/api/portraits/thumb/men/34.jpg'}, 'nat': 'IR'}</msg>
<arg>${json_data['results'][0]}</arg>
<doc>Logs the given message with the given level.</doc>
<status status="PASS" start="2024-04-02T16:17:38.163299" elapsed="0.000419"/>
</kw>
<kw name="Log" owner="BuiltIn">
<msg time="2024-04-02T16:17:38.164169" level="INFO">location</msg>
<arg>${key}</arg>
<doc>Logs the given message with the given level.</doc>
<status status="PASS" start="2024-04-02T16:17:38.164016" elapsed="0.000201"/>
</kw>
<var name="${key}">location</var>
<status status="PASS" start="2024-04-02T16:17:38.162481" elapsed="0.001958"/>
</iter>
<iter>
<kw name="Dictionary Should Contain Key" owner="Collections">
<msg time="2024-04-02T16:17:38.165089" level="INFO">False</msg>
<arg>${json_data['results'][0]}</arg>
<arg>${key}</arg>
<doc>Fails if ``key`` is not found from ``dictionary``.</doc>
<status status="PASS" start="2024-04-02T16:17:38.164721" elapsed="0.000406"/>
</kw>
<kw name="Log" owner="BuiltIn">
<msg time="2024-04-02T16:17:38.165783" level="INFO">{'gender': 'male', 'name': {'title': 'Mr', 'first': 'عباس', 'last': 'کوتی'}, 'location': {'street': {'number': 2459, 'name': 'واعظی'}, 'city': 'ملارد', 'state': 'خوزستان', 'country': 'Iran', 'postcode': 13218, 'coordinates': {'latitude': '17.1564', 'longitude': '-71.8116'}, 'timezone': {'offset': '-7:00', 'description': 'Mountain Time (US &amp; Canada)'}}, 'email': 'aabs.khwty@example.com', 'login': {'uuid': '9e23dc60-6038-4771-9101-1a15b4d8592c', 'username': 'angrybutterfly180', 'password': 'a1b2c3d4', 'salt': 'zaoIBCf2', 'md5': '2caa81bd434037b1aa3b244422878cf8', 'sha1': 'b386c3de512b97d416372515679083ac140a556f', 'sha256': '44f4e23af0f051ed6646d985401a919efddebc00f55facb2b735ae07d5094441'}, 'dob': {'date': '1980-04-24T04:13:04.836Z', 'age': 43}, 'registered': {'date': '2004-02-10T13:21:10.941Z', 'age': 20}, 'phone': '062-85361829', 'cell': '0955-751-0899', 'id': {'name': '', 'value': None}, 'picture': {'large': 'https://randomuser.me/api/portraits/men/34.jpg', 'medium': 'https://randomuser.me/api/portraits/med/men/34.jpg', 'thumbnail': 'https://randomuser.me/api/portraits/thumb/men/34.jpg'}, 'nat': 'IR'}</msg>
<arg>${json_data['results'][0]}</arg>
<doc>Logs the given message with the given level.</doc>
<status status="PASS" start="2024-04-02T16:17:38.165424" elapsed="0.000411"/>
</kw>
<kw name="Log" owner="BuiltIn">
<msg time="2024-04-02T16:17:38.166257" level="INFO">email</msg>
<arg>${key}</arg>
<doc>Logs the given message with the given level.</doc>
<status status="PASS" start="2024-04-02T16:17:38.166130" elapsed="0.000164"/>
</kw>
<var name="${key}">email</var>
<status status="PASS" start="2024-04-02T16:17:38.164611" elapsed="0.001896"/>
</iter>
<iter>
<kw name="Dictionary Should Contain Key" owner="Collections">
<msg time="2024-04-02T16:17:38.167185" level="INFO">False</msg>
<arg>${json_data['results'][0]}</arg>
<arg>${key}</arg>
<doc>Fails if ``key`` is not found from ``dictionary``.</doc>
<status status="PASS" start="2024-04-02T16:17:38.166806" elapsed="0.000415"/>
</kw>
<kw name="Log" owner="BuiltIn">
<msg time="2024-04-02T16:17:38.167876" level="INFO">{'gender': 'male', 'name': {'title': 'Mr', 'first': 'عباس', 'last': 'کوتی'}, 'location': {'street': {'number': 2459, 'name': 'واعظی'}, 'city': 'ملارد', 'state': 'خوزستان', 'country': 'Iran', 'postcode': 13218, 'coordinates': {'latitude': '17.1564', 'longitude': '-71.8116'}, 'timezone': {'offset': '-7:00', 'description': 'Mountain Time (US &amp; Canada)'}}, 'email': 'aabs.khwty@example.com', 'login': {'uuid': '9e23dc60-6038-4771-9101-1a15b4d8592c', 'username': 'angrybutterfly180', 'password': 'a1b2c3d4', 'salt': 'zaoIBCf2', 'md5': '2caa81bd434037b1aa3b244422878cf8', 'sha1': 'b386c3de512b97d416372515679083ac140a556f', 'sha256': '44f4e23af0f051ed6646d985401a919efddebc00f55facb2b735ae07d5094441'}, 'dob': {'date': '1980-04-24T04:13:04.836Z', 'age': 43}, 'registered': {'date': '2004-02-10T13:21:10.941Z', 'age': 20}, 'phone': '062-85361829', 'cell': '0955-751-0899', 'id': {'name': '', 'value': None}, 'picture': {'large': 'https://randomuser.me/api/portraits/men/34.jpg', 'medium': 'https://randomuser.me/api/portraits/med/men/34.jpg', 'thumbnail': 'https://randomuser.me/api/portraits/thumb/men/34.jpg'}, 'nat': 'IR'}</msg>
<arg>${json_data['results'][0]}</arg>
<doc>Logs the given message with the given level.</doc>
<status status="PASS" start="2024-04-02T16:17:38.167513" elapsed="0.000414"/>
</kw>
<kw name="Log" owner="BuiltIn">
<msg time="2024-04-02T16:17:38.168378" level="INFO">login</msg>
<arg>${key}</arg>
<doc>Logs the given message with the given level.</doc>
<status status="PASS" start="2024-04-02T16:17:38.168249" elapsed="0.000275"/>
</kw>
<var name="${key}">login</var>
<status status="PASS" start="2024-04-02T16:17:38.166679" elapsed="0.002071"/>
</iter>
<var>${key}</var>
<value>@{expected_keys}</value>
<status status="PASS" start="2024-04-02T16:17:38.157916" elapsed="0.010985"/>
</for>
<kw name="Create List" owner="BuiltIn">
<msg time="2024-04-02T16:17:38.169237" level="INFO">${expected_keysTwo} = ['username', 'password']</msg>
<var>${expected_keysTwo}</var>
<arg>username</arg>
<arg>password</arg>
<doc>Returns a list containing given items.</doc>
<status status="PASS" start="2024-04-02T16:17:38.169099" elapsed="0.000161"/>
</kw>
<for flavor="IN">
<iter>
<kw name="Dictionary Should Contain Key" owner="Collections">
<msg time="2024-04-02T16:17:38.170141" level="INFO">False</msg>
<arg>${json_data['results'][0]['login']}</arg>
<arg>${keyTwo}</arg>
<doc>Fails if ``key`` is not found from ``dictionary``.</doc>
<status status="PASS" start="2024-04-02T16:17:38.169757" elapsed="0.000421"/>
</kw>
<kw name="Dictionary Should Contain Key" owner="Collections">
<msg time="2024-04-02T16:17:38.170861" level="INFO">False</msg>
<arg>${json_data['results'][0]['login']}</arg>
<arg>${keyTwo}</arg>
<doc>Fails if ``key`` is not found from ``dictionary``.</doc>
<status status="PASS" start="2024-04-02T16:17:38.170477" elapsed="0.000421"/>
</kw>
<kw name="Log" owner="BuiltIn">
<msg time="2024-04-02T16:17:38.171317" level="INFO">username</msg>
<arg>${keyTwo}</arg>
<doc>Logs the given message with the given level.</doc>
<status status="PASS" start="2024-04-02T16:17:38.171190" elapsed="0.000164"/>
</kw>
<var name="${keyTwo}">username</var>
<status status="PASS" start="2024-04-02T16:17:38.169647" elapsed="0.001920"/>
</iter>
<iter>
<kw name="Dictionary Should Contain Key" owner="Collections">
<msg time="2024-04-02T16:17:38.172257" level="INFO">False</msg>
<arg>${json_data['results'][0]['login']}</arg>
<arg>${keyTwo}</arg>
<doc>Fails if ``key`` is not found from ``dictionary``.</doc>
<status status="PASS" start="2024-04-02T16:17:38.171849" elapsed="0.000446"/>
</kw>
<kw name="Dictionary Should Contain Key" owner="Collections">
<msg time="2024-04-02T16:17:38.172966" level="INFO">False</msg>
<arg>${json_data['results'][0]['login']}</arg>
<arg>${keyTwo}</arg>
<doc>Fails if ``key`` is not found from ``dictionary``.</doc>
<status status="PASS" start="2024-04-02T16:17:38.172591" elapsed="0.000412"/>
</kw>
<kw name="Log" owner="BuiltIn">
<msg time="2024-04-02T16:17:38.173432" level="INFO">password</msg>
<arg>${keyTwo}</arg>
<doc>Logs the given message with the given level.</doc>
<status status="PASS" start="2024-04-02T16:17:38.173295" elapsed="0.000175"/>
</kw>
<var name="${keyTwo}">password</var>
<status status="PASS" start="2024-04-02T16:17:38.171740" elapsed="0.001948"/>
</iter>
<var>${keyTwo}</var>
<value>@{expected_keysTwo}</value>
<status status="PASS" start="2024-04-02T16:17:38.169498" elapsed="0.004311"/>
</for>
<status status="PASS" start="2024-04-02T16:17:38.055501" elapsed="0.118448"/>
</kw>
<doc>Testa a estrutura da resposta da API.</doc>
<tag>testeEstruturaResposta</tag>
<status status="PASS" start="2024-04-02T16:17:38.054751" elapsed="0.119350"/>
</test>
<test id="s1-s1-t4" name="Validar tipos de dados" line="28">
<kw name="Teste de Tipos de Dados" owner="random-user-service">
<kw name="GET On Session" owner="RequestsLibrary">
<msg time="2024-04-02T16:17:38.264064" level="INFO">GET Request : url=https://randomuser.me/api 
 path_url=/api 
 headers={'User-Agent': 'python-requests/2.31.0', 'Accept-Encoding': 'gzip, deflate', 'Accept': '*/*', 'Connection': 'keep-alive'} 
 body=None 
 </msg>
<msg time="2024-04-02T16:17:38.264156" level="INFO">GET Response : url=https://randomuser.me/api 
 status=200, reason=OK 
 headers={'Date': 'Tue, 02 Apr 2024 16:17:38 GMT', 'Content-Type': 'application/json; charset=utf-8', 'Transfer-Encoding': 'chunked', 'Connection': 'keep-alive', 'X-Powered-By': 'Express', 'Access-Control-Allow-Origin': '*', 'Cache-Control': 'no-cache', 'ETag': 'W/"490-aQlkjRs/HObGzL4KP/XeUtqYTgA"', 'Vary': 'Accept-Encoding', 'Content-Encoding': 'gzip', 'CF-Cache-Status': 'DYNAMIC', 'Report-To': '{"endpoints":[{"url":"https:\\/\\/a.nel.cloudflare.com\\/report\\/v4?s=ftXnVVrvIT2ybVl0tg2Dw1Ups6uHrkfe%2FmBAJRJVLmSN17hEHrPgn5eUyR8H01CUCJzRezeb6tXDBkA4d40qzzfdOfLNyKAmTMBI1G7yLj1bWghwchiI%2B4xD4f%2BFinxf"}],"group":"cf-nel","max_age":604800}', 'NEL': '{"success_fraction":0,"report_to":"cf-nel","max_age":604800}', 'Server': 'cloudflare', 'CF-RAY': '86e221559aae968f-SJC', 'alt-svc': 'h3=":443"; ma=86400'} 
 body={"results":[{"gender":"female","name":{"title":"Mrs","first":"Laura","last":"Olsen"},"location":{"street":{"number":6755,"name":"Nyborgvej"},"city":"Nimtofte","state":"Hovedstaden","country":"Denmark","postcode":63502,"coordinates":{"latitude":"-46.9525","longitude":"63.3814"},"timezone":{"offset":"0:00","description":"Western Europe Time, London, Lisbon, Casablanca"}},"email":"laura.olsen@example.com","login":{"uuid":"8a87a984-948f-4f6e-9e30-3c9ecebe27e5","username":"angrydog819","password":"cabron","salt":"qH00A7g4","md5":"eee97eb17e0af20ce867a401ba113b4b","sha1":"1da52d6ee0149f2f406bfd560e8bfd2babecb149","sha256":"ebf97296d352e9f83c0a51c585a12b3a3e08374379d15c2528d3b0a4876032cc"},"dob":{"date":"1979-03-26T18:34:25.808Z","age":45},"registered":{"date":"2020-10-08T00:13:22.394Z","age":3},"phone":"97814936","cell":"52750990","id":{"name":"CPR","value":"260379-3806"},"picture":{"large":"https://randomuser.me/api/portraits/women/76.jpg","medium":"https://randomuser.me/api/portraits/med/women/76.jpg","thumbnail":"https://randomuser.me/api/portraits/thumb/women/76.jpg"},"nat":"DK"}],"info":{"seed":"00de74b1c94067e3","results":1,"page":1,"version":"1.4"}} 
 </msg>
<msg time="2024-04-02T16:17:38.264215" level="INFO">/opt/hostedtoolcache/Python/3.12.2/x64/lib/python3.12/site-packages/urllib3/connectionpool.py:1103: InsecureRequestWarning: Unverified HTTPS request is being made to host 'randomuser.me'. Adding certificate verification is strongly advised. See: https://urllib3.readthedocs.io/en/latest/advanced-usage.html#tls-warnings
  warnings.warn(</msg>
<msg time="2024-04-02T16:17:38.264309" level="INFO">${response} = &lt;Response [200]&gt;</msg>
<var>${response}</var>
<arg>consultarAPI</arg>
<arg>/api</arg>
<doc>Sends a GET request on a previously created HTTP Session.</doc>
<status status="PASS" start="2024-04-02T16:17:38.176618" elapsed="0.087731"/>
</kw>
<kw name="Set Variable" owner="BuiltIn">
<msg time="2024-04-02T16:17:38.265364" level="INFO">${json_data} = {'results': [{'gender': 'female', 'name': {'title': 'Mrs', 'first': 'Laura', 'last': 'Olsen'}, 'location': {'street': {'number': 6755, 'name': 'Nyborgvej'}, 'city': 'Nimtofte', 'state': 'Hovedstaden',...</msg>
<var>${json_data}</var>
<arg>${response.json()}</arg>
<doc>Returns the given values which can then be assigned to a variables.</doc>
<status status="PASS" start="2024-04-02T16:17:38.264808" elapsed="0.000585"/>
</kw>
<kw name="Log" owner="BuiltIn">
<msg time="2024-04-02T16:17:38.265857" level="INFO">{'results': [{'gender': 'female', 'name': {'title': 'Mrs', 'first': 'Laura', 'last': 'Olsen'}, 'location': {'street': {'number': 6755, 'name': 'Nyborgvej'}, 'city': 'Nimtofte', 'state': 'Hovedstaden', 'country': 'Denmark', 'postcode': 63502, 'coordinates': {'latitude': '-46.9525', 'longitude': '63.3814'}, 'timezone': {'offset': '0:00', 'description': 'Western Europe Time, London, Lisbon, Casablanca'}}, 'email': 'laura.olsen@example.com', 'login': {'uuid': '8a87a984-948f-4f6e-9e30-3c9ecebe27e5', 'username': 'angrydog819', 'password': 'cabron', 'salt': 'qH00A7g4', 'md5': 'eee97eb17e0af20ce867a401ba113b4b', 'sha1': '1da52d6ee0149f2f406bfd560e8bfd2babecb149', 'sha256': 'ebf97296d352e9f83c0a51c585a12b3a3e08374379d15c2528d3b0a4876032cc'}, 'dob': {'date': '1979-03-26T18:34:25.808Z', 'age': 45}, 'registered': {'date': '2020-10-08T00:13:22.394Z', 'age': 3}, 'phone': '97814936', 'cell': '52750990', 'id': {'name': 'CPR', 'value': '260379-3806'}, 'picture': {'large': 'https://randomuser.me/api/portraits/women/76.jpg', 'medium': 'https://randomuser.me/api/portraits/med/women/76.jpg', 'thumbnail': 'https://randomuser.me/api/portraits/thumb/women/76.jpg'}, 'nat': 'DK'}], 'info': {'seed': '00de74b1c94067e3', 'results': 1, 'page': 1, 'version': '1.4'}}</msg>
<arg>${json_data}</arg>
<doc>Logs the given message with the given level.</doc>
<status status="PASS" start="2024-04-02T16:17:38.265705" elapsed="0.000232"/>
</kw>
<kw name="Should Be String" owner="String">
<arg>${json_data['results'][0]['gender']}</arg>
<doc>Fails if the given ``item`` is not a string.</doc>
<status status="PASS" start="2024-04-02T16:17:38.266251" elapsed="0.000363"/>
</kw>
<kw name="Should Match Regexp" owner="BuiltIn">
<arg>${json_data['results'][0]['email']}</arg>
<arg>^[a-zA-Z0-9._%+-]+@[a-zA-Z0-9.-]+\.[a-zA-Z]{2,}$</arg>
<doc>Fails if ``string`` does not match ``pattern`` as a regular expression.</doc>
<status status="PASS" start="2024-04-02T16:17:38.266808" elapsed="0.000510"/>
</kw>
<kw name="Should Match Regexp" owner="BuiltIn">
<arg>${json_data['results'][0]['dob']['date']}</arg>
<arg>\\d{4}-\\d{2}-\\d{2}T\\d{2}:\\d{2}:\\d{2}\\.\\d{3}Z</arg>
<doc>Fails if ``string`` does not match ``pattern`` as a regular expression.</doc>
<status status="PASS" start="2024-04-02T16:17:38.267516" elapsed="0.000486"/>
</kw>
<kw name="Should Match Regexp" owner="BuiltIn">
<arg>${json_data['results'][0]['registered']['date']}</arg>
<arg>\\d{4}-\\d{2}-\\d{2}T\\d{2}:\\d{2}:\\d{2}\\.\\d{3}Z</arg>
<doc>Fails if ``string`` does not match ``pattern`` as a regular expression.</doc>
<status status="PASS" start="2024-04-02T16:17:38.268229" elapsed="0.000380"/>
</kw>
<kw name="Should Match Regexp" owner="BuiltIn">
<arg>${json_data['results'][0]['picture']['large']}</arg>
<arg>^https?://.*\.(?:png|jpe?g|gif|bmp)$</arg>
<doc>Fails if ``string`` does not match ``pattern`` as a regular expression.</doc>
<status status="PASS" start="2024-04-02T16:17:38.268798" elapsed="0.000472"/>
</kw>
<kw name="Should Match Regexp" owner="BuiltIn">
<arg>${json_data['results'][0]['picture']['medium']}</arg>
<arg>^https?://.*\.(?:png|jpe?g|gif|bmp)$</arg>
<doc>Fails if ``string`` does not match ``pattern`` as a regular expression.</doc>
<status status="PASS" start="2024-04-02T16:17:38.269461" elapsed="0.000358"/>
</kw>
<kw name="Should Match Regexp" owner="BuiltIn">
<arg>${json_data['results'][0]['picture']['thumbnail']}</arg>
<arg>^https?://.*\.(?:png|jpe?g|gif|bmp)$</arg>
<doc>Fails if ``string`` does not match ``pattern`` as a regular expression.</doc>
<status status="PASS" start="2024-04-02T16:17:38.270002" elapsed="0.000346"/>
</kw>
<kw name="Log" owner="BuiltIn">
<msg time="2024-04-02T16:17:38.270857" level="INFO">{'large': 'https://randomuser.me/api/portraits/women/76.jpg', 'medium': 'https://randomuser.me/api/portraits/med/women/76.jpg', 'thumbnail': 'https://randomuser.me/api/portraits/thumb/women/76.jpg'}</msg>
<arg>${json_data['results'][0]['picture']}</arg>
<doc>Logs the given message with the given level.</doc>
<status status="PASS" start="2024-04-02T16:17:38.270530" elapsed="0.000374"/>
</kw>
<status status="PASS" start="2024-04-02T16:17:38.176387" elapsed="0.094774"/>
</kw>
<kw name="Teste de Tipos de Dados - Postcode" owner="random-user-service">
<kw name="GET On Session" owner="RequestsLibrary">
<msg time="2024-04-02T16:17:38.362562" level="INFO">GET Request : url=https://randomuser.me/api 
 path_url=/api 
 headers={'User-Agent': 'python-requests/2.31.0', 'Accept-Encoding': 'gzip, deflate', 'Accept': '*/*', 'Connection': 'keep-alive'} 
 body=None 
 </msg>
<msg time="2024-04-02T16:17:38.362685" level="INFO">GET Response : url=https://randomuser.me/api 
 status=200, reason=OK 
 headers={'Date': 'Tue, 02 Apr 2024 16:17:38 GMT', 'Content-Type': 'application/json; charset=utf-8', 'Transfer-Encoding': 'chunked', 'Connection': 'keep-alive', 'X-Powered-By': 'Express', 'Access-Control-Allow-Origin': '*', 'Cache-Control': 'no-cache', 'ETag': 'W/"47a-y/mK3ppPbIjupcse8AcglCED6k4"', 'Vary': 'Accept-Encoding', 'Content-Encoding': 'gzip', 'CF-Cache-Status': 'DYNAMIC', 'Report-To': '{"endpoints":[{"url":"https:\\/\\/a.nel.cloudflare.com\\/report\\/v4?s=VLQ90YTJEnr6HSQ%2BBFQO1kbvnRLhUrb3OUvjYv%2FqKOBQwnWp7xxmtsrn%2FHFCs%2FqTjS3%2BeD8LRSpfke8mkgzgN5ykz%2FhQ%2Fx%2Bj6bk9PK2MJ3Amc%2BroHJp4EuLfY5bvnhQn"}],"group":"cf-nel","max_age":604800}', 'NEL': '{"success_fraction":0,"report_to":"cf-nel","max_age":604800}', 'Server': 'cloudflare', 'CF-RAY': '86e221563b14968f-SJC', 'alt-svc': 'h3=":443"; ma=86400'} 
 body={"results":[{"gender":"female","name":{"title":"Miss","first":"Andrijana","last":"Ivanović"},"location":{"street":{"number":2579,"name":"Potpećka"},"city":"Krupanj","state":"Peć","country":"Serbia","postcode":16505,"coordinates":{"latitude":"62.6772","longitude":"32.2040"},"timezone":{"offset":"-9:00","description":"Alaska"}},"email":"andrijana.ivanovic@example.com","login":{"uuid":"03114b57-1ea1-4f0e-97ef-60d6b53e42ce","username":"whitegorilla153","password":"thesims","salt":"3Qh8b6wC","md5":"8b82ceff38e098c877d638d1c5f3a0d5","sha1":"64d1de8407cfd8080fdd867dcd651878ebfd7a83","sha256":"a0cf397e084a3fea91e533ec92bac41c52d8a12c6f2bcd1acf2134d8a6929f03"},"dob":{"date":"1992-09-30T12:26:08.481Z","age":31},"registered":{"date":"2010-06-27T02:07:08.098Z","age":13},"phone":"022-8217-976","cell":"069-5315-362","id":{"name":"SID","value":"792770950"},"picture":{"large":"https://randomuser.me/api/portraits/women/71.jpg","medium":"https://randomuser.me/api/portraits/med/women/71.jpg","thumbnail":"https://randomuser.me/api/portraits/thumb/women/71.jpg"},"nat":"RS"}],"info":{"seed":"1c418fadd5fc7f99","results":1,"page":1,"version":"1.4"}} 
 </msg>
<msg time="2024-04-02T16:17:38.362809" level="INFO">/opt/hostedtoolcache/Python/3.12.2/x64/lib/python3.12/site-packages/urllib3/connectionpool.py:1103: InsecureRequestWarning: Unverified HTTPS request is being made to host 'randomuser.me'. Adding certificate verification is strongly advised. See: https://urllib3.readthedocs.io/en/latest/advanced-usage.html#tls-warnings
  warnings.warn(</msg>
<msg time="2024-04-02T16:17:38.362960" level="INFO">${response} = &lt;Response [200]&gt;</msg>
<var>${response}</var>
<arg>consultarAPI</arg>
<arg>/api</arg>
<doc>Sends a GET request on a previously created HTTP Session.</doc>
<status status="PASS" start="2024-04-02T16:17:38.271726" elapsed="0.091265"/>
</kw>
<kw name="Set Variable" owner="BuiltIn">
<msg time="2024-04-02T16:17:38.364306" level="INFO">${json_data} = {'results': [{'gender': 'female', 'name': {'title': 'Miss', 'first': 'Andrijana', 'last': 'Ivanović'}, 'location': {'street': {'number': 2579, 'name': 'Potpećka'}, 'city': 'Krupanj', 'state': 'Peć', '...</msg>
<var>${json_data}</var>
<arg>${response.json()}</arg>
<doc>Returns the given values which can then be assigned to a variables.</doc>
<status status="PASS" start="2024-04-02T16:17:38.363585" elapsed="0.000763"/>
</kw>
<kw name="Log" owner="BuiltIn">
<msg time="2024-04-02T16:17:38.364978" level="INFO">{'results': [{'gender': 'female', 'name': {'title': 'Miss', 'first': 'Andrijana', 'last': 'Ivanović'}, 'location': {'street': {'number': 2579, 'name': 'Potpećka'}, 'city': 'Krupanj', 'state': 'Peć', 'country': 'Serbia', 'postcode': 16505, 'coordinates': {'latitude': '62.6772', 'longitude': '32.2040'}, 'timezone': {'offset': '-9:00', 'description': 'Alaska'}}, 'email': 'andrijana.ivanovic@example.com', 'login': {'uuid': '03114b57-1ea1-4f0e-97ef-60d6b53e42ce', 'username': 'whitegorilla153', 'password': 'thesims', 'salt': '3Qh8b6wC', 'md5': '8b82ceff38e098c877d638d1c5f3a0d5', 'sha1': '64d1de8407cfd8080fdd867dcd651878ebfd7a83', 'sha256': 'a0cf397e084a3fea91e533ec92bac41c52d8a12c6f2bcd1acf2134d8a6929f03'}, 'dob': {'date': '1992-09-30T12:26:08.481Z', 'age': 31}, 'registered': {'date': '2010-06-27T02:07:08.098Z', 'age': 13}, 'phone': '022-8217-976', 'cell': '069-5315-362', 'id': {'name': 'SID', 'value': '792770950'}, 'picture': {'large': 'https://randomuser.me/api/portraits/women/71.jpg', 'medium': 'https://randomuser.me/api/portraits/med/women/71.jpg', 'thumbnail': 'https://randomuser.me/api/portraits/thumb/women/71.jpg'}, 'nat': 'RS'}], 'info': {'seed': '1c418fadd5fc7f99', 'results': 1, 'page': 1, 'version': '1.4'}}</msg>
<arg>${json_data}</arg>
<doc>Logs the given message with the given level.</doc>
<status status="PASS" start="2024-04-02T16:17:38.364763" elapsed="0.000332"/>
</kw>
<kw name="Should Be Equal As Numbers" owner="BuiltIn">
<arg>${json_data['results'][0]['location']['postcode']}</arg>
<arg>${json_data['results'][0]['location']['postcode']}</arg>
<doc>Fails if objects are unequal after converting them to real numbers.</doc>
<status status="PASS" start="2024-04-02T16:17:38.365493" elapsed="0.000888"/>
</kw>
<kw name="Log" owner="BuiltIn">
<msg time="2024-04-02T16:17:38.367114" level="INFO">16505</msg>
<arg>${json_data['results'][0]['location']['postcode']}</arg>
<doc>Logs the given message with the given level.</doc>
<status status="PASS" start="2024-04-02T16:17:38.366646" elapsed="0.000524"/>
</kw>
<status status="PASS" start="2024-04-02T16:17:38.271376" elapsed="0.096124"/>
</kw>
<doc>Testa se os tipos de dados na resposta da API estão corretos.</doc>
<tag>testeTiposDados</tag>
<status status="PASS" start="2024-04-02T16:17:38.175824" elapsed="0.191912"/>
</test>
<test id="s1-s1-t5" name="Validar conteudo" line="35">
<kw name="Teste de Tipos de Conteudo" owner="random-user-service">
<kw name="GET On Session" owner="RequestsLibrary">
<msg time="2024-04-02T16:17:38.463153" level="INFO">GET Request : url=https://randomuser.me/api 
 path_url=/api 
 headers={'User-Agent': 'python-requests/2.31.0', 'Accept-Encoding': 'gzip, deflate', 'Accept': '*/*', 'Connection': 'keep-alive'} 
 body=None 
 </msg>
<msg time="2024-04-02T16:17:38.463256" level="INFO">GET Response : url=https://randomuser.me/api 
 status=200, reason=OK 
 headers={'Date': 'Tue, 02 Apr 2024 16:17:38 GMT', 'Content-Type': 'application/json; charset=utf-8', 'Transfer-Encoding': 'chunked', 'Connection': 'keep-alive', 'X-Powered-By': 'Express', 'Access-Control-Allow-Origin': '*', 'Cache-Control': 'no-cache', 'ETag': 'W/"49d-6XbG/OMOXBlaYlie38aDzEJ/bRM"', 'Vary': 'Accept-Encoding', 'Content-Encoding': 'gzip', 'CF-Cache-Status': 'DYNAMIC', 'Report-To': '{"endpoints":[{"url":"https:\\/\\/a.nel.cloudflare.com\\/report\\/v4?s=7ZVS9TV79%2F3ZNHabq4qSBmfXIzem2gIQMkbNOTj21GCIAcVprZ2xTdwmt7hSI2tHsuTKFCJPgu4tRvga2%2FJOQP4EkQZlX6dH3mot%2FACc7CQFZyHrhsbGBR0vJymE6nz5"}],"group":"cf-nel","max_age":604800}', 'NEL': '{"success_fraction":0,"report_to":"cf-nel","max_age":604800}', 'Server': 'cloudflare', 'CF-RAY': '86e22156db8a968f-SJC', 'alt-svc': 'h3=":443"; ma=86400'} 
 body={"results":[{"gender":"male","name":{"title":"Mr","first":"Albert","last":"Kelly"},"location":{"street":{"number":4009,"name":"Blossom Hill Rd"},"city":"Long Beach","state":"New Hampshire","country":"United States","postcode":96956,"coordinates":{"latitude":"86.1399","longitude":"-153.8486"},"timezone":{"offset":"+11:00","description":"Magadan, Solomon Islands, New Caledonia"}},"email":"albert.kelly@example.com","login":{"uuid":"07f6089f-760f-4e40-8811-94d2ce669f8a","username":"bigbird617","password":"kong","salt":"Eyb06qbb","md5":"3d0dc7cd8af6f195e53ece1d1bf37945","sha1":"932668b23c85a7a7eb17484aa4282efc30f372f3","sha256":"31acef964880e68d52cd9ab4fab07cccb29460b0510a315bd498995e34d863bf"},"dob":{"date":"1959-10-11T00:36:06.540Z","age":64},"registered":{"date":"2018-11-14T10:29:13.395Z","age":5},"phone":"(893) 569-5698","cell":"(565) 754-4424","id":{"name":"SSN","value":"651-71-6994"},"picture":{"large":"https://randomuser.me/api/portraits/men/15.jpg","medium":"https://randomuser.me/api/portraits/med/men/15.jpg","thumbnail":"https://randomuser.me/api/portraits/thumb/men/15.jpg"},"nat":"US"}],"info":{"seed":"a7c14712437fbc5e","results":1,"page":1,"version":"1.4"}} 
 </msg>
<msg time="2024-04-02T16:17:38.463329" level="INFO">/opt/hostedtoolcache/Python/3.12.2/x64/lib/python3.12/site-packages/urllib3/connectionpool.py:1103: InsecureRequestWarning: Unverified HTTPS request is being made to host 'randomuser.me'. Adding certificate verification is strongly advised. See: https://urllib3.readthedocs.io/en/latest/advanced-usage.html#tls-warnings
  warnings.warn(</msg>
<msg time="2024-04-02T16:17:38.463468" level="INFO">${response} = &lt;Response [200]&gt;</msg>
<var>${response}</var>
<arg>consultarAPI</arg>
<arg>/api</arg>
<doc>Sends a GET request on a previously created HTTP Session.</doc>
<status status="PASS" start="2024-04-02T16:17:38.370626" elapsed="0.092889"/>
</kw>
<kw name="Set Variable" owner="BuiltIn">
<msg time="2024-04-02T16:17:38.464840" level="INFO">${json_data} = {'results': [{'gender': 'male', 'name': {'title': 'Mr', 'first': 'Albert', 'last': 'Kelly'}, 'location': {'street': {'number': 4009, 'name': 'Blossom Hill Rd'}, 'city': 'Long Beach', 'state': 'New Ham...</msg>
<var>${json_data}</var>
<arg>${response.json()}</arg>
<doc>Returns the given values which can then be assigned to a variables.</doc>
<status status="PASS" start="2024-04-02T16:17:38.464206" elapsed="0.000664"/>
</kw>
<kw name="Set Variable" owner="BuiltIn">
<msg time="2024-04-02T16:17:38.465568" level="INFO">${name_title} = Mr</msg>
<var>${name_title}</var>
<arg>${json_data["results"][0]["name"]["title"]}</arg>
<doc>Returns the given values which can then be assigned to a variables.</doc>
<status status="PASS" start="2024-04-02T16:17:38.465186" elapsed="0.000408"/>
</kw>
<kw name="Create List" owner="BuiltIn">
<msg time="2024-04-02T16:17:38.466055" level="INFO">${allowed_titles} = ['Mr', 'Ms', 'Miss', 'Mrs', 'Madame', 'Monsieur']</msg>
<var>${allowed_titles}</var>
<arg>Mr</arg>
<arg>Ms</arg>
<arg>Miss</arg>
<arg>Mrs</arg>
<arg>Madame</arg>
<arg>Monsieur</arg>
<doc>Returns a list containing given items.</doc>
<status status="PASS" start="2024-04-02T16:17:38.465903" elapsed="0.000177"/>
</kw>
<kw name="List Should Contain Value" owner="Collections">
<msg time="2024-04-02T16:17:38.466586" level="INFO">False</msg>
<arg>${allowed_titles}</arg>
<arg>${name_title}</arg>
<doc>Fails if the ``value`` is not found from ``list``.</doc>
<status status="PASS" start="2024-04-02T16:17:38.466403" elapsed="0.000221"/>
</kw>
<kw name="Set Variable" owner="BuiltIn">
<msg time="2024-04-02T16:17:38.467308" level="INFO">${name_country} = US</msg>
<var>${name_country}</var>
<arg>${json_data["results"][0]["nat"]}</arg>
<doc>Returns the given values which can then be assigned to a variables.</doc>
<status status="PASS" start="2024-04-02T16:17:38.466919" elapsed="0.000415"/>
</kw>
<kw name="Create List" owner="BuiltIn">
<msg time="2024-04-02T16:17:38.468284" level="INFO">${list_country} = ['AD', 'AE', 'AF', 'AG', 'AI', 'AL', 'AM', 'AO', 'AQ', 'AR', 'AS', 'AT', 'AU', 'AW', 'AX', 'AZ', 'BA', 'BB', 'BD', 'BE', 'BF', 'BG', 'BH', 'BI', 'BJ', 'BL', 'BM', 'BN', 'BO', 'BQ', 'BR', 'BS', 'BT', '...</msg>
<var>${list_country}</var>
<arg>AD</arg>
<arg>AE</arg>
<arg>AF</arg>
<arg>AG</arg>
<arg>AI</arg>
<arg>AL</arg>
<arg>AM</arg>
<arg>AO</arg>
<arg>AQ</arg>
<arg>AR</arg>
<arg>AS</arg>
<arg>AT</arg>
<arg>AU</arg>
<arg>AW</arg>
<arg>AX</arg>
<arg>AZ</arg>
<arg>BA</arg>
<arg>BB</arg>
<arg>BD</arg>
<arg>BE</arg>
<arg>BF</arg>
<arg>BG</arg>
<arg>BH</arg>
<arg>BI</arg>
<arg>BJ</arg>
<arg>BL</arg>
<arg>BM</arg>
<arg>BN</arg>
<arg>BO</arg>
<arg>BQ</arg>
<arg>BR</arg>
<arg>BS</arg>
<arg>BT</arg>
<arg>BV</arg>
<arg>BW</arg>
<arg>BY</arg>
<arg>BZ</arg>
<arg>CA</arg>
<arg>CC</arg>
<arg>CD</arg>
<arg>CF</arg>
<arg>CG</arg>
<arg>CH</arg>
<arg>CI</arg>
<arg>CK</arg>
<arg>CL</arg>
<arg>CM</arg>
<arg>CN</arg>
<arg>CO</arg>
<arg>CR</arg>
<arg>CU</arg>
<arg>CV</arg>
<arg>CW</arg>
<arg>CX</arg>
<arg>CY</arg>
<arg>CZ</arg>
<arg>DE</arg>
<arg>DJ</arg>
<arg>DK</arg>
<arg>DM</arg>
<arg>DO</arg>
<arg>DZ</arg>
<arg>EC</arg>
<arg>EE</arg>
<arg>EG</arg>
<arg>EH</arg>
<arg>ER</arg>
<arg>ES</arg>
<arg>ET</arg>
<arg>FI</arg>
<arg>FJ</arg>
<arg>FK</arg>
<arg>FM</arg>
<arg>FO</arg>
<arg>FR</arg>
<arg>GA</arg>
<arg>GB</arg>
<arg>GD</arg>
<arg>GE</arg>
<arg>GF</arg>
<arg>GG</arg>
<arg>GH</arg>
<arg>GI</arg>
<arg>GL</arg>
<arg>GM</arg>
<arg>GN</arg>
<arg>GP</arg>
<arg>GQ</arg>
<arg>GR</arg>
<arg>GS</arg>
<arg>GT</arg>
<arg>GU</arg>
<arg>GW</arg>
<arg>GY</arg>
<arg>HK</arg>
<arg>HM</arg>
<arg>HN</arg>
<arg>HR</arg>
<arg>HT</arg>
<arg>HU</arg>
<arg>ID</arg>
<arg>IE</arg>
<arg>IL</arg>
<arg>IM</arg>
<arg>IN</arg>
<arg>IO</arg>
<arg>IQ</arg>
<arg>IR</arg>
<arg>IS</arg>
<arg>IT</arg>
<arg>JE</arg>
<arg>JM</arg>
<arg>JO</arg>
<arg>JP</arg>
<arg>KE</arg>
<arg>KG</arg>
<arg>KH</arg>
<arg>KI</arg>
<arg>KM</arg>
<arg>KN</arg>
<arg>KP</arg>
<arg>KR</arg>
<arg>KW</arg>
<arg>KY</arg>
<arg>KZ</arg>
<arg>LA</arg>
<arg>LB</arg>
<arg>LC</arg>
<arg>LI</arg>
<arg>LK</arg>
<arg>LR</arg>
<arg>LS</arg>
<arg>LT</arg>
<arg>LU</arg>
<arg>LV</arg>
<arg>LY</arg>
<arg>MA</arg>
<arg>MC</arg>
<arg>MD</arg>
<arg>ME</arg>
<arg>MF</arg>
<arg>MG</arg>
<arg>MH</arg>
<arg>MK</arg>
<arg>ML</arg>
<arg>MM</arg>
<arg>MN</arg>
<arg>MO</arg>
<arg>MP</arg>
<arg>MQ</arg>
<arg>MR</arg>
<arg>MS</arg>
<arg>MT</arg>
<arg>MU</arg>
<arg>MV</arg>
<arg>MW</arg>
<arg>MX</arg>
<arg>MY</arg>
<arg>MZ</arg>
<arg>NA</arg>
<arg>NC</arg>
<arg>NE</arg>
<arg>NF</arg>
<arg>NG</arg>
<arg>NI</arg>
<arg>NL</arg>
<arg>NO</arg>
<arg>NP</arg>
<arg>NR</arg>
<arg>NU</arg>
<arg>NZ</arg>
<arg>OM</arg>
<arg>PA</arg>
<arg>PE</arg>
<arg>PF</arg>
<arg>PG</arg>
<arg>PH</arg>
<arg>PK</arg>
<arg>PL</arg>
<arg>PM</arg>
<arg>PN</arg>
<arg>PR</arg>
<arg>PS</arg>
<arg>PT</arg>
<arg>PW</arg>
<arg>PY</arg>
<arg>QA</arg>
<arg>RE</arg>
<arg>RO</arg>
<arg>RS</arg>
<arg>RU</arg>
<arg>RW</arg>
<arg>SA</arg>
<arg>SB</arg>
<arg>SC</arg>
<arg>SD</arg>
<arg>SE</arg>
<arg>SG</arg>
<arg>SH</arg>
<arg>SI</arg>
<arg>SJ</arg>
<arg>SK</arg>
<arg>SL</arg>
<arg>SM</arg>
<arg>SN</arg>
<arg>SO</arg>
<arg>SR</arg>
<arg>SS</arg>
<arg>ST</arg>
<arg>SV</arg>
<arg>SX</arg>
<arg>SY</arg>
<arg>SZ</arg>
<arg>TC</arg>
<arg>TD</arg>
<arg>TF</arg>
<arg>TG</arg>
<arg>TH</arg>
<arg>TJ</arg>
<arg>TK</arg>
<arg>TL</arg>
<arg>TM</arg>
<arg>TN</arg>
<arg>TO</arg>
<arg>TR</arg>
<arg>TT</arg>
<arg>TV</arg>
<arg>TW</arg>
<arg>TZ</arg>
<arg>UA</arg>
<arg>UG</arg>
<arg>UM</arg>
<arg>US</arg>
<arg>UY</arg>
<arg>UZ</arg>
<arg>VA</arg>
<arg>VC</arg>
<arg>VE</arg>
<arg>VG</arg>
<arg>VI</arg>
<arg>VN</arg>
<arg>VU</arg>
<arg>WF</arg>
<arg>WS</arg>
<arg>XK</arg>
<arg>YE</arg>
<arg>YT</arg>
<arg>ZA</arg>
<arg>ZM</arg>
<arg>ZW</arg>
<doc>Returns a list containing given items.</doc>
<status status="PASS" start="2024-04-02T16:17:38.467654" elapsed="0.000657"/>
</kw>
<kw name="List Should Contain Value" owner="Collections">
<msg time="2024-04-02T16:17:38.469452" level="INFO">False</msg>
<arg>${list_country}</arg>
<arg>${name_country}</arg>
<doc>Fails if the ``value`` is not found from ``list``.</doc>
<status status="PASS" start="2024-04-02T16:17:38.469244" elapsed="0.000245"/>
</kw>
<kw name="Run Keyword If" owner="BuiltIn">
<kw name="Should Be True" owner="BuiltIn">
<arg>${True}</arg>
<doc>Fails if the given condition is not true.</doc>
<status status="PASS" start="2024-04-02T16:17:38.470588" elapsed="0.000148"/>
</kw>
<arg>${json_data["results"][0]["location"]["coordinates"]["latitude"]} &gt;= -90 and ${json_data["results"][0]["location"]["coordinates"]["latitude"]} &lt;= 90</arg>
<arg>Should Be True</arg>
<arg>${True}</arg>
<doc>Runs the given keyword with the given arguments, if ``condition`` is true.</doc>
<status status="PASS" start="2024-04-02T16:17:38.469808" elapsed="0.001062"/>
</kw>
<kw name="Run Keyword If" owner="BuiltIn">
<kw name="Should Be True" owner="BuiltIn">
<arg>${True}</arg>
<doc>Fails if the given condition is not true.</doc>
<status status="PASS" start="2024-04-02T16:17:38.471767" elapsed="0.000140"/>
</kw>
<arg>${json_data["results"][0]["location"]["coordinates"]["longitude"]} &gt;= -180 and ${json_data["results"][0]["location"]["coordinates"]["longitude"]} &lt;= 180</arg>
<arg>Should Be True</arg>
<arg>${True}</arg>
<doc>Runs the given keyword with the given arguments, if ``condition`` is true.</doc>
<status status="PASS" start="2024-04-02T16:17:38.471061" elapsed="0.000973"/>
</kw>
<status status="PASS" start="2024-04-02T16:17:38.370394" elapsed="0.101812"/>
</kw>
<doc>Testa o conteúdo específico dos campos retornados pela API.</doc>
<tag>testeConteudo</tag>
<status status="PASS" start="2024-04-02T16:17:38.369941" elapsed="0.102426"/>
</test>
<status status="PASS" start="2024-04-02T16:17:37.528897" elapsed="0.945396"/>
</suite>
<status status="PASS" start="2024-04-02T16:17:37.515040" elapsed="0.964695"/>
</suite>
<statistics>
<total>
<stat pass="5" fail="0" skip="0">All Tests</stat>
</total>
<tag>
<stat pass="1" fail="0" skip="0">testeConteudo</stat>
<stat pass="1" fail="0" skip="0">testeEstruturaResposta</stat>
<stat pass="1" fail="0" skip="0">testeRequisicaoBasica</stat>
<stat pass="1" fail="0" skip="0">testeTiposDados</stat>
</tag>
<suite>
<stat pass="5" fail="0" skip="0" id="s1" name="Tests">Tests</stat>
<stat pass="5" fail="0" skip="0" id="s1-s1" name="Random-User-Test">Tests.Random-User-Test</stat>
</suite>
</statistics>
<errors>
</errors>
</robot>
