<?xml version="1.0" encoding="UTF-8"?>
<robot generator="Robot 7.0.1 (Python 3.12.4 on linux)" generated="2024-07-22T23:14:59.267863" rpa="false" schemaversion="5">
<suite id="s1" name="Tests" source="/home/runner/work/ApiRandomUser/ApiRandomUser/RamdonUser/tests">
<suite id="s1-s1" name="Random-User-Test" source="/home/runner/work/ApiRandomUser/ApiRandomUser/RamdonUser/tests/random-user-test.robot">
<test id="s1-s1-t1" name="Conectar" line="13">
<kw name="Conectar API" owner="random-user-service">
<kw name="Create Session" owner="RequestsLibrary">
<msg time="2024-07-22T23:14:59.658900" level="INFO">Creating Session using : alias=consultarAPI, url=https://randomuser.me/, headers={},                     cookies={}, auth=None, timeout=None, proxies=None, verify=False,                     debug=0 </msg>
<arg>consultarAPI</arg>
<arg>${URL}</arg>
<doc>Create Session: create a HTTP session to a server</doc>
<status status="PASS" start="2024-07-22T23:14:59.658692" elapsed="0.000386"/>
</kw>
<status status="PASS" start="2024-07-22T23:14:59.657630" elapsed="0.001810"/>
</kw>
<status status="PASS" start="2024-07-22T23:14:59.657029" elapsed="0.002604"/>
</test>
<test id="s1-s1-t2" name="Validar retorno 200 e JSON Válido" line="16">
<kw name="Teste de Requisicao Basica" owner="random-user-service">
<kw name="GET On Session" owner="RequestsLibrary">
<msg time="2024-07-22T23:14:59.848475" level="INFO">GET Request : url=https://randomuser.me/api 
 path_url=/api 
 headers={'User-Agent': 'python-requests/2.32.3', 'Accept-Encoding': 'gzip, deflate', 'Accept': '*/*', 'Connection': 'keep-alive'} 
 body=None 
 </msg>
<msg time="2024-07-22T23:14:59.848627" level="INFO">GET Response : url=https://randomuser.me/api 
 status=200, reason=OK 
 headers={'Date': 'Mon, 22 Jul 2024 23:14:59 GMT', 'Content-Type': 'application/json; charset=utf-8', 'Transfer-Encoding': 'chunked', 'Connection': 'keep-alive', 'X-Powered-By': 'Express', 'Access-Control-Allow-Origin': '*', 'Cache-Control': 'no-cache', 'ETag': 'W/"4a0-MhwilAa4EkkmKQZmXsfanIS5COk"', 'Vary': 'Accept-Encoding', 'Content-Encoding': 'gzip', 'CF-Cache-Status': 'DYNAMIC', 'Report-To': '{"endpoints":[{"url":"https:\\/\\/a.nel.cloudflare.com\\/report\\/v4?s=%2FMfr1PZPhw3aABpcNCLEvYTFqhqtVOkJKsJgXAYktTaSzR6IUdQxsGRrGuRTMGsPWu47plMlB9RPQ3FcH779bjYqVfDXom88l0Pq75LV4WzX1xv%2FCCBL5ovyR%2FaPkqPA"}],"group":"cf-nel","max_age":604800}', 'NEL': '{"success_fraction":0,"report_to":"cf-nel","max_age":604800}', 'Server': 'cloudflare', 'CF-RAY': '8a772153ceb8064d-IAD', 'alt-svc': 'h3=":443"; ma=86400'} 
 body={"results":[{"gender":"male","name":{"title":"Mr","first":"Renato","last":"Bröcker"},"location":{"street":{"number":3167,"name":"Poststraße"},"city":"Geyer","state":"Schleswig-Holstein","country":"Germany","postcode":50997,"coordinates":{"latitude":"-49.8557","longitude":"-69.1975"},"timezone":{"offset":"-6:00","description":"Central Time (US &amp; Canada), Mexico City"}},"email":"renato.brocker@example.com","login":{"uuid":"c135c4e7-003d-4a48-9446-99ef30541e7f","username":"browngorilla652","password":"dragons","salt":"ddm1NtGZ","md5":"9dd75c583e90234a48f900e82adb7bec","sha1":"2f63ea865fe52c627b0b66bdea5b5ee6e03f2d88","sha256":"befe90bc055e913c89a38a090ac2125a9f467839a62ae79636b12ba3eb2dcf99"},"dob":{"date":"1977-11-30T04:21:49.695Z","age":46},"registered":{"date":"2020-12-09T02:56:38.345Z","age":3},"phone":"0103-2194991","cell":"0179-4392961","id":{"name":"SVNR","value":"48 291177 B 405"},"picture":{"large":"https://randomuser.me/api/portraits/men/98.jpg","medium":"https://randomuser.me/api/portraits/med/men/98.jpg","thumbnail":"https://randomuser.me/api/portraits/thumb/men/98.jpg"},"nat":"DE"}],"info":{"seed":"74fac2f06d250108","results":1,"page":1,"version":"1.4"}} 
 </msg>
<msg time="2024-07-22T23:14:59.848717" level="INFO">/opt/hostedtoolcache/Python/3.12.4/x64/lib/python3.12/site-packages/urllib3/connectionpool.py:1099: InsecureRequestWarning: Unverified HTTPS request is being made to host 'randomuser.me'. Adding certificate verification is strongly advised. See: https://urllib3.readthedocs.io/en/latest/advanced-usage.html#tls-warnings
  warnings.warn(</msg>
<msg time="2024-07-22T23:14:59.848868" level="INFO">${response} = &lt;Response [200]&gt;</msg>
<var>${response}</var>
<arg>consultarAPI</arg>
<arg>/api</arg>
<doc>Sends a GET request on a previously created HTTP Session.</doc>
<status status="PASS" start="2024-07-22T23:14:59.662297" elapsed="0.186619"/>
</kw>
<kw name="Should Be Equal As Numbers" owner="BuiltIn">
<msg time="2024-07-22T23:14:59.850129" level="INFO">Argument types are:
&lt;class 'int'&gt;
&lt;class 'str'&gt;</msg>
<arg>${response.status_code}</arg>
<arg>200</arg>
<doc>Fails if objects are unequal after converting them to real numbers.</doc>
<status status="PASS" start="2024-07-22T23:14:59.849597" elapsed="0.000602"/>
</kw>
<kw name="Log" owner="BuiltIn">
<msg time="2024-07-22T23:14:59.850954" level="INFO">200</msg>
<arg>${response.status_code}</arg>
<doc>Logs the given message with the given level.</doc>
<status status="PASS" start="2024-07-22T23:14:59.850553" elapsed="0.000447"/>
</kw>
<kw name="Set Variable" owner="BuiltIn">
<msg time="2024-07-22T23:14:59.851776" level="INFO">${json_data} = {'results': [{'gender': 'male', 'name': {'title': 'Mr', 'first': 'Renato', 'last': 'Bröcker'}, 'location': {'street': {'number': 3167, 'name': 'Poststraße'}, 'city': 'Geyer', 'state': 'Schleswig-Holst...</msg>
<var>${json_data}</var>
<arg>${response.json()}</arg>
<doc>Returns the given values which can then be assigned to a variables.</doc>
<status status="PASS" start="2024-07-22T23:14:59.851317" elapsed="0.000488"/>
</kw>
<kw name="Dictionary Should Contain Key" owner="Collections">
<arg>${json_data}</arg>
<arg>results</arg>
<doc>Fails if ``key`` is not found from ``dictionary``.</doc>
<status status="PASS" start="2024-07-22T23:14:59.852117" elapsed="0.000338"/>
</kw>
<status status="PASS" start="2024-07-22T23:14:59.662049" elapsed="0.190562"/>
</kw>
<doc>Testa se a API responde corretamente e retorna um objeto JSON válido.</doc>
<tag>testeRequisicaoBasica</tag>
<status status="PASS" start="2024-07-22T23:14:59.661529" elapsed="0.191257"/>
</test>
<test id="s1-s1-t3" name="Validar estrutura de resposta" line="22">
<kw name="Teste de Estrutura de Resposta" owner="random-user-service">
<kw name="GET On Session" owner="RequestsLibrary">
<msg time="2024-07-22T23:14:59.964922" level="INFO">GET Request : url=https://randomuser.me/api 
 path_url=/api 
 headers={'User-Agent': 'python-requests/2.32.3', 'Accept-Encoding': 'gzip, deflate', 'Accept': '*/*', 'Connection': 'keep-alive'} 
 body=None 
 </msg>
<msg time="2024-07-22T23:14:59.965011" level="INFO">GET Response : url=https://randomuser.me/api 
 status=200, reason=OK 
 headers={'Date': 'Mon, 22 Jul 2024 23:14:59 GMT', 'Content-Type': 'application/json; charset=utf-8', 'Transfer-Encoding': 'chunked', 'Connection': 'keep-alive', 'X-Powered-By': 'Express', 'Access-Control-Allow-Origin': '*', 'Cache-Control': 'no-cache', 'ETag': 'W/"48a-Wzx0QWl8DKXyn6cLC3X2lKk1p6Y"', 'Vary': 'Accept-Encoding', 'Content-Encoding': 'gzip', 'CF-Cache-Status': 'DYNAMIC', 'Report-To': '{"endpoints":[{"url":"https:\\/\\/a.nel.cloudflare.com\\/report\\/v4?s=l83kl5YLc0gPZYQenGjNu0M3gAIbI%2FSAPECw%2FPW4XoG%2B%2FtdWAuLfERCbHihjxvYIFGCqsth2WbdSql2lzPYrS1mPBir82IMn7EWse6OWA7o%2Buer%2FTCBFCDi4LX2M1xPH"}],"group":"cf-nel","max_age":604800}', 'NEL': '{"success_fraction":0,"report_to":"cf-nel","max_age":604800}', 'Server': 'cloudflare', 'CF-RAY': '8a7721541f57064d-IAD', 'alt-svc': 'h3=":443"; ma=86400'} 
 body={"results":[{"gender":"male","name":{"title":"Mr","first":"Rasmus","last":"Møller"},"location":{"street":{"number":9873,"name":"Blommehaven"},"city":"Askeby","state":"Hovedstaden","country":"Denmark","postcode":51981,"coordinates":{"latitude":"-46.2832","longitude":"-15.8221"},"timezone":{"offset":"-6:00","description":"Central Time (US &amp; Canada), Mexico City"}},"email":"rasmus.moller@example.com","login":{"uuid":"c93f1147-12c7-4b84-a0df-74c7ae90f66c","username":"ticklishwolf516","password":"505050","salt":"ejXEUGsx","md5":"e842362bee2c8c9c406c3579a9103921","sha1":"01921175b895699f06394a2e416a2d28a911fec7","sha256":"c72bf36fccf2723f7a79ff7ee3a22157f145d671c16caf49f2f33796c2f7f0c1"},"dob":{"date":"1961-08-20T20:49:40.311Z","age":62},"registered":{"date":"2017-09-24T03:56:24.888Z","age":6},"phone":"69509347","cell":"07464764","id":{"name":"CPR","value":"200861-7763"},"picture":{"large":"https://randomuser.me/api/portraits/men/45.jpg","medium":"https://randomuser.me/api/portraits/med/men/45.jpg","thumbnail":"https://randomuser.me/api/portraits/thumb/men/45.jpg"},"nat":"DK"}],"info":{"seed":"a6260b0b340ccbdb","results":1,"page":1,"version":"1.4"}} 
 </msg>
<msg time="2024-07-22T23:14:59.965133" level="INFO">/opt/hostedtoolcache/Python/3.12.4/x64/lib/python3.12/site-packages/urllib3/connectionpool.py:1099: InsecureRequestWarning: Unverified HTTPS request is being made to host 'randomuser.me'. Adding certificate verification is strongly advised. See: https://urllib3.readthedocs.io/en/latest/advanced-usage.html#tls-warnings
  warnings.warn(</msg>
<msg time="2024-07-22T23:14:59.965267" level="INFO">${response} = &lt;Response [200]&gt;</msg>
<var>${response}</var>
<arg>consultarAPI</arg>
<arg>/api</arg>
<doc>Sends a GET request on a previously created HTTP Session.</doc>
<status status="PASS" start="2024-07-22T23:14:59.855543" elapsed="0.109770"/>
</kw>
<kw name="Set Variable" owner="BuiltIn">
<msg time="2024-07-22T23:14:59.966497" level="INFO">${json_data} = {'results': [{'gender': 'male', 'name': {'title': 'Mr', 'first': 'Rasmus', 'last': 'Møller'}, 'location': {'street': {'number': 9873, 'name': 'Blommehaven'}, 'city': 'Askeby', 'state': 'Hovedstaden', ...</msg>
<var>${json_data}</var>
<arg>${response.json()}</arg>
<doc>Returns the given values which can then be assigned to a variables.</doc>
<status status="PASS" start="2024-07-22T23:14:59.965885" elapsed="0.000645"/>
</kw>
<kw name="Log" owner="BuiltIn">
<msg time="2024-07-22T23:14:59.967081" level="INFO">{'results': [{'gender': 'male', 'name': {'title': 'Mr', 'first': 'Rasmus', 'last': 'Møller'}, 'location': {'street': {'number': 9873, 'name': 'Blommehaven'}, 'city': 'Askeby', 'state': 'Hovedstaden', 'country': 'Denmark', 'postcode': 51981, 'coordinates': {'latitude': '-46.2832', 'longitude': '-15.8221'}, 'timezone': {'offset': '-6:00', 'description': 'Central Time (US &amp; Canada), Mexico City'}}, 'email': 'rasmus.moller@example.com', 'login': {'uuid': 'c93f1147-12c7-4b84-a0df-74c7ae90f66c', 'username': 'ticklishwolf516', 'password': '505050', 'salt': 'ejXEUGsx', 'md5': 'e842362bee2c8c9c406c3579a9103921', 'sha1': '01921175b895699f06394a2e416a2d28a911fec7', 'sha256': 'c72bf36fccf2723f7a79ff7ee3a22157f145d671c16caf49f2f33796c2f7f0c1'}, 'dob': {'date': '1961-08-20T20:49:40.311Z', 'age': 62}, 'registered': {'date': '2017-09-24T03:56:24.888Z', 'age': 6}, 'phone': '69509347', 'cell': '07464764', 'id': {'name': 'CPR', 'value': '200861-7763'}, 'picture': {'large': 'https://randomuser.me/api/portraits/men/45.jpg', 'medium': 'https://randomuser.me/api/portraits/med/men/45.jpg', 'thumbnail': 'https://randomuser.me/api/portraits/thumb/men/45.jpg'}, 'nat': 'DK'}], 'info': {'seed': 'a6260b0b340ccbdb', 'results': 1, 'page': 1, 'version': '1.4'}}</msg>
<arg>${json_data}</arg>
<doc>Logs the given message with the given level.</doc>
<status status="PASS" start="2024-07-22T23:14:59.966908" elapsed="0.000228"/>
</kw>
<kw name="Dictionary Should Contain Key" owner="Collections">
<arg>${json_data}</arg>
<arg>results</arg>
<doc>Fails if ``key`` is not found from ``dictionary``.</doc>
<status status="PASS" start="2024-07-22T23:14:59.967437" elapsed="0.000171"/>
</kw>
<kw name="Should Not Be Empty" owner="BuiltIn">
<msg time="2024-07-22T23:14:59.967922" level="INFO">Length is 2.</msg>
<arg>${json_data}</arg>
<doc>Verifies that the given item is not empty.</doc>
<status status="PASS" start="2024-07-22T23:14:59.967796" elapsed="0.000165"/>
</kw>
<kw name="Create List" owner="BuiltIn">
<msg time="2024-07-22T23:14:59.968402" level="INFO">${expected_keys} = ['gender', 'name', 'location', 'email', 'login']</msg>
<var>${expected_keys}</var>
<arg>gender</arg>
<arg>name</arg>
<arg>location</arg>
<arg>email</arg>
<arg>login</arg>
<doc>Returns a list containing given items.</doc>
<status status="PASS" start="2024-07-22T23:14:59.968251" elapsed="0.000176"/>
</kw>
<for flavor="IN">
<iter>
<kw name="Dictionary Should Contain Key" owner="Collections">
<arg>${json_data['results'][0]}</arg>
<arg>${key}</arg>
<doc>Fails if ``key`` is not found from ``dictionary``.</doc>
<status status="PASS" start="2024-07-22T23:14:59.969021" elapsed="0.000415"/>
</kw>
<kw name="Log" owner="BuiltIn">
<msg time="2024-07-22T23:14:59.970007" level="INFO">{'gender': 'male', 'name': {'title': 'Mr', 'first': 'Rasmus', 'last': 'Møller'}, 'location': {'street': {'number': 9873, 'name': 'Blommehaven'}, 'city': 'Askeby', 'state': 'Hovedstaden', 'country': 'Denmark', 'postcode': 51981, 'coordinates': {'latitude': '-46.2832', 'longitude': '-15.8221'}, 'timezone': {'offset': '-6:00', 'description': 'Central Time (US &amp; Canada), Mexico City'}}, 'email': 'rasmus.moller@example.com', 'login': {'uuid': 'c93f1147-12c7-4b84-a0df-74c7ae90f66c', 'username': 'ticklishwolf516', 'password': '505050', 'salt': 'ejXEUGsx', 'md5': 'e842362bee2c8c9c406c3579a9103921', 'sha1': '01921175b895699f06394a2e416a2d28a911fec7', 'sha256': 'c72bf36fccf2723f7a79ff7ee3a22157f145d671c16caf49f2f33796c2f7f0c1'}, 'dob': {'date': '1961-08-20T20:49:40.311Z', 'age': 62}, 'registered': {'date': '2017-09-24T03:56:24.888Z', 'age': 6}, 'phone': '69509347', 'cell': '07464764', 'id': {'name': 'CPR', 'value': '200861-7763'}, 'picture': {'large': 'https://randomuser.me/api/portraits/men/45.jpg', 'medium': 'https://randomuser.me/api/portraits/med/men/45.jpg', 'thumbnail': 'https://randomuser.me/api/portraits/thumb/men/45.jpg'}, 'nat': 'DK'}</msg>
<arg>${json_data['results'][0]}</arg>
<doc>Logs the given message with the given level.</doc>
<status status="PASS" start="2024-07-22T23:14:59.969634" elapsed="0.000429"/>
</kw>
<kw name="Log" owner="BuiltIn">
<msg time="2024-07-22T23:14:59.970493" level="INFO">gender</msg>
<arg>${key}</arg>
<doc>Logs the given message with the given level.</doc>
<status status="PASS" start="2024-07-22T23:14:59.970364" elapsed="0.000168"/>
</kw>
<var name="${key}">gender</var>
<status status="PASS" start="2024-07-22T23:14:59.968891" elapsed="0.001886"/>
</iter>
<iter>
<kw name="Dictionary Should Contain Key" owner="Collections">
<arg>${json_data['results'][0]}</arg>
<arg>${key}</arg>
<doc>Fails if ``key`` is not found from ``dictionary``.</doc>
<status status="PASS" start="2024-07-22T23:14:59.971080" elapsed="0.000394"/>
</kw>
<kw name="Log" owner="BuiltIn">
<msg time="2024-07-22T23:14:59.972018" level="INFO">{'gender': 'male', 'name': {'title': 'Mr', 'first': 'Rasmus', 'last': 'Møller'}, 'location': {'street': {'number': 9873, 'name': 'Blommehaven'}, 'city': 'Askeby', 'state': 'Hovedstaden', 'country': 'Denmark', 'postcode': 51981, 'coordinates': {'latitude': '-46.2832', 'longitude': '-15.8221'}, 'timezone': {'offset': '-6:00', 'description': 'Central Time (US &amp; Canada), Mexico City'}}, 'email': 'rasmus.moller@example.com', 'login': {'uuid': 'c93f1147-12c7-4b84-a0df-74c7ae90f66c', 'username': 'ticklishwolf516', 'password': '505050', 'salt': 'ejXEUGsx', 'md5': 'e842362bee2c8c9c406c3579a9103921', 'sha1': '01921175b895699f06394a2e416a2d28a911fec7', 'sha256': 'c72bf36fccf2723f7a79ff7ee3a22157f145d671c16caf49f2f33796c2f7f0c1'}, 'dob': {'date': '1961-08-20T20:49:40.311Z', 'age': 62}, 'registered': {'date': '2017-09-24T03:56:24.888Z', 'age': 6}, 'phone': '69509347', 'cell': '07464764', 'id': {'name': 'CPR', 'value': '200861-7763'}, 'picture': {'large': 'https://randomuser.me/api/portraits/men/45.jpg', 'medium': 'https://randomuser.me/api/portraits/med/men/45.jpg', 'thumbnail': 'https://randomuser.me/api/portraits/thumb/men/45.jpg'}, 'nat': 'DK'}</msg>
<arg>${json_data['results'][0]}</arg>
<doc>Logs the given message with the given level.</doc>
<status status="PASS" start="2024-07-22T23:14:59.971658" elapsed="0.000447"/>
</kw>
<kw name="Log" owner="BuiltIn">
<msg time="2024-07-22T23:14:59.972531" level="INFO">name</msg>
<arg>${key}</arg>
<doc>Logs the given message with the given level.</doc>
<status status="PASS" start="2024-07-22T23:14:59.972403" elapsed="0.000178"/>
</kw>
<var name="${key}">name</var>
<status status="PASS" start="2024-07-22T23:14:59.970966" elapsed="0.001856"/>
</iter>
<iter>
<kw name="Dictionary Should Contain Key" owner="Collections">
<arg>${json_data['results'][0]}</arg>
<arg>${key}</arg>
<doc>Fails if ``key`` is not found from ``dictionary``.</doc>
<status status="PASS" start="2024-07-22T23:14:59.973106" elapsed="0.000389"/>
</kw>
<kw name="Log" owner="BuiltIn">
<msg time="2024-07-22T23:14:59.974035" level="INFO">{'gender': 'male', 'name': {'title': 'Mr', 'first': 'Rasmus', 'last': 'Møller'}, 'location': {'street': {'number': 9873, 'name': 'Blommehaven'}, 'city': 'Askeby', 'state': 'Hovedstaden', 'country': 'Denmark', 'postcode': 51981, 'coordinates': {'latitude': '-46.2832', 'longitude': '-15.8221'}, 'timezone': {'offset': '-6:00', 'description': 'Central Time (US &amp; Canada), Mexico City'}}, 'email': 'rasmus.moller@example.com', 'login': {'uuid': 'c93f1147-12c7-4b84-a0df-74c7ae90f66c', 'username': 'ticklishwolf516', 'password': '505050', 'salt': 'ejXEUGsx', 'md5': 'e842362bee2c8c9c406c3579a9103921', 'sha1': '01921175b895699f06394a2e416a2d28a911fec7', 'sha256': 'c72bf36fccf2723f7a79ff7ee3a22157f145d671c16caf49f2f33796c2f7f0c1'}, 'dob': {'date': '1961-08-20T20:49:40.311Z', 'age': 62}, 'registered': {'date': '2017-09-24T03:56:24.888Z', 'age': 6}, 'phone': '69509347', 'cell': '07464764', 'id': {'name': 'CPR', 'value': '200861-7763'}, 'picture': {'large': 'https://randomuser.me/api/portraits/men/45.jpg', 'medium': 'https://randomuser.me/api/portraits/med/men/45.jpg', 'thumbnail': 'https://randomuser.me/api/portraits/thumb/men/45.jpg'}, 'nat': 'DK'}</msg>
<arg>${json_data['results'][0]}</arg>
<doc>Logs the given message with the given level.</doc>
<status status="PASS" start="2024-07-22T23:14:59.973685" elapsed="0.000404"/>
</kw>
<kw name="Log" owner="BuiltIn">
<msg time="2024-07-22T23:14:59.974517" level="INFO">location</msg>
<arg>${key}</arg>
<doc>Logs the given message with the given level.</doc>
<status status="PASS" start="2024-07-22T23:14:59.974389" elapsed="0.000167"/>
</kw>
<var name="${key}">location</var>
<status status="PASS" start="2024-07-22T23:14:59.972998" elapsed="0.001807"/>
</iter>
<iter>
<kw name="Dictionary Should Contain Key" owner="Collections">
<arg>${json_data['results'][0]}</arg>
<arg>${key}</arg>
<doc>Fails if ``key`` is not found from ``dictionary``.</doc>
<status status="PASS" start="2024-07-22T23:14:59.975085" elapsed="0.000378"/>
</kw>
<kw name="Log" owner="BuiltIn">
<msg time="2024-07-22T23:14:59.976130" level="INFO">{'gender': 'male', 'name': {'title': 'Mr', 'first': 'Rasmus', 'last': 'Møller'}, 'location': {'street': {'number': 9873, 'name': 'Blommehaven'}, 'city': 'Askeby', 'state': 'Hovedstaden', 'country': 'Denmark', 'postcode': 51981, 'coordinates': {'latitude': '-46.2832', 'longitude': '-15.8221'}, 'timezone': {'offset': '-6:00', 'description': 'Central Time (US &amp; Canada), Mexico City'}}, 'email': 'rasmus.moller@example.com', 'login': {'uuid': 'c93f1147-12c7-4b84-a0df-74c7ae90f66c', 'username': 'ticklishwolf516', 'password': '505050', 'salt': 'ejXEUGsx', 'md5': 'e842362bee2c8c9c406c3579a9103921', 'sha1': '01921175b895699f06394a2e416a2d28a911fec7', 'sha256': 'c72bf36fccf2723f7a79ff7ee3a22157f145d671c16caf49f2f33796c2f7f0c1'}, 'dob': {'date': '1961-08-20T20:49:40.311Z', 'age': 62}, 'registered': {'date': '2017-09-24T03:56:24.888Z', 'age': 6}, 'phone': '69509347', 'cell': '07464764', 'id': {'name': 'CPR', 'value': '200861-7763'}, 'picture': {'large': 'https://randomuser.me/api/portraits/men/45.jpg', 'medium': 'https://randomuser.me/api/portraits/med/men/45.jpg', 'thumbnail': 'https://randomuser.me/api/portraits/thumb/men/45.jpg'}, 'nat': 'DK'}</msg>
<arg>${json_data['results'][0]}</arg>
<doc>Logs the given message with the given level.</doc>
<status status="PASS" start="2024-07-22T23:14:59.975771" elapsed="0.000413"/>
</kw>
<kw name="Log" owner="BuiltIn">
<msg time="2024-07-22T23:14:59.976611" level="INFO">email</msg>
<arg>${key}</arg>
<doc>Logs the given message with the given level.</doc>
<status status="PASS" start="2024-07-22T23:14:59.976482" elapsed="0.000167"/>
</kw>
<var name="${key}">email</var>
<status status="PASS" start="2024-07-22T23:14:59.974977" elapsed="0.001890"/>
</iter>
<iter>
<kw name="Dictionary Should Contain Key" owner="Collections">
<arg>${json_data['results'][0]}</arg>
<arg>${key}</arg>
<doc>Fails if ``key`` is not found from ``dictionary``.</doc>
<status status="PASS" start="2024-07-22T23:14:59.977146" elapsed="0.000372"/>
</kw>
<kw name="Log" owner="BuiltIn">
<msg time="2024-07-22T23:14:59.978055" level="INFO">{'gender': 'male', 'name': {'title': 'Mr', 'first': 'Rasmus', 'last': 'Møller'}, 'location': {'street': {'number': 9873, 'name': 'Blommehaven'}, 'city': 'Askeby', 'state': 'Hovedstaden', 'country': 'Denmark', 'postcode': 51981, 'coordinates': {'latitude': '-46.2832', 'longitude': '-15.8221'}, 'timezone': {'offset': '-6:00', 'description': 'Central Time (US &amp; Canada), Mexico City'}}, 'email': 'rasmus.moller@example.com', 'login': {'uuid': 'c93f1147-12c7-4b84-a0df-74c7ae90f66c', 'username': 'ticklishwolf516', 'password': '505050', 'salt': 'ejXEUGsx', 'md5': 'e842362bee2c8c9c406c3579a9103921', 'sha1': '01921175b895699f06394a2e416a2d28a911fec7', 'sha256': 'c72bf36fccf2723f7a79ff7ee3a22157f145d671c16caf49f2f33796c2f7f0c1'}, 'dob': {'date': '1961-08-20T20:49:40.311Z', 'age': 62}, 'registered': {'date': '2017-09-24T03:56:24.888Z', 'age': 6}, 'phone': '69509347', 'cell': '07464764', 'id': {'name': 'CPR', 'value': '200861-7763'}, 'picture': {'large': 'https://randomuser.me/api/portraits/men/45.jpg', 'medium': 'https://randomuser.me/api/portraits/med/men/45.jpg', 'thumbnail': 'https://randomuser.me/api/portraits/thumb/men/45.jpg'}, 'nat': 'DK'}</msg>
<arg>${json_data['results'][0]}</arg>
<doc>Logs the given message with the given level.</doc>
<status status="PASS" start="2024-07-22T23:14:59.977699" elapsed="0.000409"/>
</kw>
<kw name="Log" owner="BuiltIn">
<msg time="2024-07-22T23:14:59.978530" level="INFO">login</msg>
<arg>${key}</arg>
<doc>Logs the given message with the given level.</doc>
<status status="PASS" start="2024-07-22T23:14:59.978404" elapsed="0.000163"/>
</kw>
<var name="${key}">login</var>
<status status="PASS" start="2024-07-22T23:14:59.977038" elapsed="0.001779"/>
</iter>
<var>${key}</var>
<value>@{expected_keys}</value>
<status status="PASS" start="2024-07-22T23:14:59.968698" elapsed="0.010240"/>
</for>
<kw name="Create List" owner="BuiltIn">
<msg time="2024-07-22T23:14:59.979262" level="INFO">${expected_keysTwo} = ['username', 'password']</msg>
<var>${expected_keysTwo}</var>
<arg>username</arg>
<arg>password</arg>
<doc>Returns a list containing given items.</doc>
<status status="PASS" start="2024-07-22T23:14:59.979129" elapsed="0.000185"/>
</kw>
<for flavor="IN">
<iter>
<kw name="Dictionary Should Contain Key" owner="Collections">
<arg>${json_data['results'][0]['login']}</arg>
<arg>${keyTwo}</arg>
<doc>Fails if ``key`` is not found from ``dictionary``.</doc>
<status status="PASS" start="2024-07-22T23:14:59.979815" elapsed="0.000380"/>
</kw>
<kw name="Dictionary Should Contain Key" owner="Collections">
<arg>${json_data['results'][0]['login']}</arg>
<arg>${keyTwo}</arg>
<doc>Fails if ``key`` is not found from ``dictionary``.</doc>
<status status="PASS" start="2024-07-22T23:14:59.980375" elapsed="0.000369"/>
</kw>
<kw name="Log" owner="BuiltIn">
<msg time="2024-07-22T23:14:59.981041" level="INFO">username</msg>
<arg>${keyTwo}</arg>
<doc>Logs the given message with the given level.</doc>
<status status="PASS" start="2024-07-22T23:14:59.980921" elapsed="0.000158"/>
</kw>
<var name="${keyTwo}">username</var>
<status status="PASS" start="2024-07-22T23:14:59.979709" elapsed="0.001591"/>
</iter>
<iter>
<kw name="Dictionary Should Contain Key" owner="Collections">
<arg>${json_data['results'][0]['login']}</arg>
<arg>${keyTwo}</arg>
<doc>Fails if ``key`` is not found from ``dictionary``.</doc>
<status status="PASS" start="2024-07-22T23:14:59.981581" elapsed="0.000383"/>
</kw>
<kw name="Dictionary Should Contain Key" owner="Collections">
<arg>${json_data['results'][0]['login']}</arg>
<arg>${keyTwo}</arg>
<doc>Fails if ``key`` is not found from ``dictionary``.</doc>
<status status="PASS" start="2024-07-22T23:14:59.982143" elapsed="0.000375"/>
</kw>
<kw name="Log" owner="BuiltIn">
<msg time="2024-07-22T23:14:59.982862" level="INFO">password</msg>
<arg>${keyTwo}</arg>
<doc>Logs the given message with the given level.</doc>
<status status="PASS" start="2024-07-22T23:14:59.982730" elapsed="0.000170"/>
</kw>
<var name="${keyTwo}">password</var>
<status status="PASS" start="2024-07-22T23:14:59.981469" elapsed="0.001654"/>
</iter>
<var>${keyTwo}</var>
<value>@{expected_keysTwo}</value>
<status status="PASS" start="2024-07-22T23:14:59.979558" elapsed="0.003687"/>
</for>
<status status="PASS" start="2024-07-22T23:14:59.855304" elapsed="0.128082"/>
</kw>
<doc>Testa a estrutura da resposta da API.</doc>
<tag>testeEstruturaResposta</tag>
<status status="PASS" start="2024-07-22T23:14:59.854691" elapsed="0.128850"/>
</test>
<test id="s1-s1-t4" name="Validar tipos de dados" line="28">
<kw name="Teste de Tipos de Dados" owner="random-user-service">
<kw name="GET On Session" owner="RequestsLibrary">
<msg time="2024-07-22T23:15:00.076527" level="INFO">GET Request : url=https://randomuser.me/api 
 path_url=/api 
 headers={'User-Agent': 'python-requests/2.32.3', 'Accept-Encoding': 'gzip, deflate', 'Accept': '*/*', 'Connection': 'keep-alive'} 
 body=None 
 </msg>
<msg time="2024-07-22T23:15:00.076626" level="INFO">GET Response : url=https://randomuser.me/api 
 status=200, reason=OK 
 headers={'Date': 'Mon, 22 Jul 2024 23:15:00 GMT', 'Content-Type': 'application/json; charset=utf-8', 'Transfer-Encoding': 'chunked', 'Connection': 'keep-alive', 'X-Powered-By': 'Express', 'Access-Control-Allow-Origin': '*', 'Cache-Control': 'no-cache', 'ETag': 'W/"48f-dLx/6lP5EeW7P9laWoaGvXq2IR0"', 'Vary': 'Accept-Encoding', 'Content-Encoding': 'gzip', 'CF-Cache-Status': 'DYNAMIC', 'Report-To': '{"endpoints":[{"url":"https:\\/\\/a.nel.cloudflare.com\\/report\\/v4?s=7nWfFFpV9WJsYF87VFsBnAvhQjVpScme7KFwhVnZf9IxnlSv3Q1w7HuqnL77hB2Vd%2Ba5oCbvnPowK5OBKW%2BZbIrUY8lzOnhYrH%2FN633caJRDc2y6h18IHsEHyuzLzaA3"}],"group":"cf-nel","max_age":604800}', 'NEL': '{"success_fraction":0,"report_to":"cf-nel","max_age":604800}', 'Server': 'cloudflare', 'CF-RAY': '8a772154e845064d-IAD', 'alt-svc': 'h3=":443"; ma=86400'} 
 body={"results":[{"gender":"male","name":{"title":"Mr","first":"Oliver","last":"Miller"},"location":{"street":{"number":699,"name":"Argyle St"},"city":"Borden","state":"New Brunswick","country":"Canada","postcode":"M8C 8U2","coordinates":{"latitude":"-70.0816","longitude":"-160.5924"},"timezone":{"offset":"+10:00","description":"Eastern Australia, Guam, Vladivostok"}},"email":"oliver.miller@example.com","login":{"uuid":"baf12142-93f8-4e98-a72b-f3a7779fd55a","username":"bluepeacock959","password":"jjjjjj","salt":"Ko7G6MHi","md5":"6e5a08c758e1781d761ce475ba2bd358","sha1":"9356cdf4dfdc2e2bed5637b4fb1fdb5312daee7a","sha256":"cc90e270d8b8b0327d74007dbe7d6e6b8228113775cf15bb2c8c1066d1b63c12"},"dob":{"date":"1956-12-15T07:09:20.486Z","age":67},"registered":{"date":"2014-12-01T02:28:44.812Z","age":9},"phone":"M45 Y83-3689","cell":"X09 I07-8343","id":{"name":"SIN","value":"063491278"},"picture":{"large":"https://randomuser.me/api/portraits/men/48.jpg","medium":"https://randomuser.me/api/portraits/med/men/48.jpg","thumbnail":"https://randomuser.me/api/portraits/thumb/men/48.jpg"},"nat":"CA"}],"info":{"seed":"b2b14b39c507f2a9","results":1,"page":1,"version":"1.4"}} 
 </msg>
<msg time="2024-07-22T23:15:00.076705" level="INFO">/opt/hostedtoolcache/Python/3.12.4/x64/lib/python3.12/site-packages/urllib3/connectionpool.py:1099: InsecureRequestWarning: Unverified HTTPS request is being made to host 'randomuser.me'. Adding certificate verification is strongly advised. See: https://urllib3.readthedocs.io/en/latest/advanced-usage.html#tls-warnings
  warnings.warn(</msg>
<msg time="2024-07-22T23:15:00.076838" level="INFO">${response} = &lt;Response [200]&gt;</msg>
<var>${response}</var>
<arg>consultarAPI</arg>
<arg>/api</arg>
<doc>Sends a GET request on a previously created HTTP Session.</doc>
<status status="PASS" start="2024-07-22T23:14:59.986114" elapsed="0.090772"/>
</kw>
<kw name="Set Variable" owner="BuiltIn">
<msg time="2024-07-22T23:15:00.078191" level="INFO">${json_data} = {'results': [{'gender': 'male', 'name': {'title': 'Mr', 'first': 'Oliver', 'last': 'Miller'}, 'location': {'street': {'number': 699, 'name': 'Argyle St'}, 'city': 'Borden', 'state': 'New Brunswick', '...</msg>
<var>${json_data}</var>
<arg>${response.json()}</arg>
<doc>Returns the given values which can then be assigned to a variables.</doc>
<status status="PASS" start="2024-07-22T23:15:00.077568" elapsed="0.000653"/>
</kw>
<kw name="Log" owner="BuiltIn">
<msg time="2024-07-22T23:15:00.078777" level="INFO">{'results': [{'gender': 'male', 'name': {'title': 'Mr', 'first': 'Oliver', 'last': 'Miller'}, 'location': {'street': {'number': 699, 'name': 'Argyle St'}, 'city': 'Borden', 'state': 'New Brunswick', 'country': 'Canada', 'postcode': 'M8C 8U2', 'coordinates': {'latitude': '-70.0816', 'longitude': '-160.5924'}, 'timezone': {'offset': '+10:00', 'description': 'Eastern Australia, Guam, Vladivostok'}}, 'email': 'oliver.miller@example.com', 'login': {'uuid': 'baf12142-93f8-4e98-a72b-f3a7779fd55a', 'username': 'bluepeacock959', 'password': 'jjjjjj', 'salt': 'Ko7G6MHi', 'md5': '6e5a08c758e1781d761ce475ba2bd358', 'sha1': '9356cdf4dfdc2e2bed5637b4fb1fdb5312daee7a', 'sha256': 'cc90e270d8b8b0327d74007dbe7d6e6b8228113775cf15bb2c8c1066d1b63c12'}, 'dob': {'date': '1956-12-15T07:09:20.486Z', 'age': 67}, 'registered': {'date': '2014-12-01T02:28:44.812Z', 'age': 9}, 'phone': 'M45 Y83-3689', 'cell': 'X09 I07-8343', 'id': {'name': 'SIN', 'value': '063491278'}, 'picture': {'large': 'https://randomuser.me/api/portraits/men/48.jpg', 'medium': 'https://randomuser.me/api/portraits/med/men/48.jpg', 'thumbnail': 'https://randomuser.me/api/portraits/thumb/men/48.jpg'}, 'nat': 'CA'}], 'info': {'seed': 'b2b14b39c507f2a9', 'results': 1, 'page': 1, 'version': '1.4'}}</msg>
<arg>${json_data}</arg>
<doc>Logs the given message with the given level.</doc>
<status status="PASS" start="2024-07-22T23:15:00.078573" elapsed="0.000256"/>
</kw>
<kw name="Should Be String" owner="String">
<arg>${json_data['results'][0]['gender']}</arg>
<doc>Fails if the given ``item`` is not a string.</doc>
<status status="PASS" start="2024-07-22T23:15:00.079139" elapsed="0.000385"/>
</kw>
<kw name="Should Match Regexp" owner="BuiltIn">
<arg>${json_data['results'][0]['email']}</arg>
<arg>^[a-zA-Z0-9._%+-]+@[a-zA-Z0-9.-]+\.[a-zA-Z]{2,}$</arg>
<doc>Fails if ``string`` does not match ``pattern`` as a regular expression.</doc>
<status status="PASS" start="2024-07-22T23:15:00.079717" elapsed="0.000574"/>
</kw>
<kw name="Should Match Regexp" owner="BuiltIn">
<arg>${json_data['results'][0]['dob']['date']}</arg>
<arg>\\d{4}-\\d{2}-\\d{2}T\\d{2}:\\d{2}:\\d{2}\\.\\d{3}Z</arg>
<doc>Fails if ``string`` does not match ``pattern`` as a regular expression.</doc>
<status status="PASS" start="2024-07-22T23:15:00.080491" elapsed="0.000647"/>
</kw>
<kw name="Should Match Regexp" owner="BuiltIn">
<arg>${json_data['results'][0]['registered']['date']}</arg>
<arg>\\d{4}-\\d{2}-\\d{2}T\\d{2}:\\d{2}:\\d{2}\\.\\d{3}Z</arg>
<doc>Fails if ``string`` does not match ``pattern`` as a regular expression.</doc>
<status status="PASS" start="2024-07-22T23:15:00.081335" elapsed="0.000375"/>
</kw>
<kw name="Should Match Regexp" owner="BuiltIn">
<arg>${json_data['results'][0]['picture']['large']}</arg>
<arg>^https?://.*\.(?:png|jpe?g|gif|bmp)$</arg>
<doc>Fails if ``string`` does not match ``pattern`` as a regular expression.</doc>
<status status="PASS" start="2024-07-22T23:15:00.081898" elapsed="0.000462"/>
</kw>
<kw name="Should Match Regexp" owner="BuiltIn">
<arg>${json_data['results'][0]['picture']['medium']}</arg>
<arg>^https?://.*\.(?:png|jpe?g|gif|bmp)$</arg>
<doc>Fails if ``string`` does not match ``pattern`` as a regular expression.</doc>
<status status="PASS" start="2024-07-22T23:15:00.082554" elapsed="0.000401"/>
</kw>
<kw name="Should Match Regexp" owner="BuiltIn">
<arg>${json_data['results'][0]['picture']['thumbnail']}</arg>
<arg>^https?://.*\.(?:png|jpe?g|gif|bmp)$</arg>
<doc>Fails if ``string`` does not match ``pattern`` as a regular expression.</doc>
<status status="PASS" start="2024-07-22T23:15:00.083146" elapsed="0.000357"/>
</kw>
<kw name="Log" owner="BuiltIn">
<msg time="2024-07-22T23:15:00.084017" level="INFO">{'large': 'https://randomuser.me/api/portraits/men/48.jpg', 'medium': 'https://randomuser.me/api/portraits/med/men/48.jpg', 'thumbnail': 'https://randomuser.me/api/portraits/thumb/men/48.jpg'}</msg>
<arg>${json_data['results'][0]['picture']}</arg>
<doc>Logs the given message with the given level.</doc>
<status status="PASS" start="2024-07-22T23:15:00.083688" elapsed="0.000371"/>
</kw>
<status status="PASS" start="2024-07-22T23:14:59.985889" elapsed="0.098436"/>
</kw>
<kw name="Teste de Tipos de Dados - Postcode" owner="random-user-service">
<kw name="GET On Session" owner="RequestsLibrary">
<msg time="2024-07-22T23:15:00.151112" level="INFO">GET Request : url=https://randomuser.me/api 
 path_url=/api 
 headers={'User-Agent': 'python-requests/2.32.3', 'Accept-Encoding': 'gzip, deflate', 'Accept': '*/*', 'Connection': 'keep-alive'} 
 body=None 
 </msg>
<msg time="2024-07-22T23:15:00.151181" level="INFO">GET Response : url=https://randomuser.me/api 
 status=200, reason=OK 
 headers={'Date': 'Mon, 22 Jul 2024 23:15:00 GMT', 'Content-Type': 'application/json; charset=utf-8', 'Transfer-Encoding': 'chunked', 'Connection': 'keep-alive', 'X-Powered-By': 'Express', 'Access-Control-Allow-Origin': '*', 'Cache-Control': 'no-cache', 'ETag': 'W/"4bd-WP1z1KpzwNVqkRmNmFIaV6ezyVo"', 'Vary': 'Accept-Encoding', 'Content-Encoding': 'gzip', 'CF-Cache-Status': 'DYNAMIC', 'Report-To': '{"endpoints":[{"url":"https:\\/\\/a.nel.cloudflare.com\\/report\\/v4?s=zPsv83aSiVr1npTyYmiqnT3HaCsd%2FxdZKp1k8E%2FjSwEJa%2F5iXEt44A%2FnBE4cLd2q3wTqW2JueVPX0xrg8KlsIQjJwKdMZGUqVd%2B17MkLgyhVICUbH9ngpwFIB7E7hlVy"}],"group":"cf-nel","max_age":604800}', 'NEL': '{"success_fraction":0,"report_to":"cf-nel","max_age":604800}', 'Server': 'cloudflare', 'CF-RAY': '8a77215588fb064d-IAD', 'alt-svc': 'h3=":443"; ma=86400'} 
 body={"results":[{"gender":"female","name":{"title":"Miss","first":"Débora","last":"Téllez"},"location":{"street":{"number":750,"name":"Diagonal Veracruz de Ignacio de la Llave"},"city":"Monterrey","state":"Zacatecas","country":"Mexico","postcode":45253,"coordinates":{"latitude":"23.8025","longitude":"40.4443"},"timezone":{"offset":"+8:00","description":"Beijing, Perth, Singapore, Hong Kong"}},"email":"debora.tellez@example.com","login":{"uuid":"4d2d198f-60b4-47fd-91a5-9bdd33f49df6","username":"goldenmeercat719","password":"norman","salt":"bQsB72gf","md5":"95541ecc37a8a6c066e98c3654bd36ef","sha1":"c5c7c0932596b0d6a1e06e0aabb3d0d067edced0","sha256":"da3ecb4297f5f3d4323f6dc535d3861df0e423236a71716f414b72cc810aa67c"},"dob":{"date":"1993-01-27T06:52:52.006Z","age":31},"registered":{"date":"2018-08-12T23:44:31.225Z","age":5},"phone":"(629) 268 9422","cell":"(622) 521 2542","id":{"name":"NSS","value":"09 27 09 7462 1"},"picture":{"large":"https://randomuser.me/api/portraits/women/20.jpg","medium":"https://randomuser.me/api/portraits/med/women/20.jpg","thumbnail":"https://randomuser.me/api/portraits/thumb/women/20.jpg"},"nat":"MX"}],"info":{"seed":"736bda3aa8500192","results":1,"page":1,"version":"1.4"}} 
 </msg>
<msg time="2024-07-22T23:15:00.151248" level="INFO">/opt/hostedtoolcache/Python/3.12.4/x64/lib/python3.12/site-packages/urllib3/connectionpool.py:1099: InsecureRequestWarning: Unverified HTTPS request is being made to host 'randomuser.me'. Adding certificate verification is strongly advised. See: https://urllib3.readthedocs.io/en/latest/advanced-usage.html#tls-warnings
  warnings.warn(</msg>
<msg time="2024-07-22T23:15:00.151343" level="INFO">${response} = &lt;Response [200]&gt;</msg>
<var>${response}</var>
<arg>consultarAPI</arg>
<arg>/api</arg>
<doc>Sends a GET request on a previously created HTTP Session.</doc>
<status status="PASS" start="2024-07-22T23:15:00.084790" elapsed="0.066592"/>
</kw>
<kw name="Set Variable" owner="BuiltIn">
<msg time="2024-07-22T23:15:00.152535" level="INFO">${json_data} = {'results': [{'gender': 'female', 'name': {'title': 'Miss', 'first': 'Débora', 'last': 'Téllez'}, 'location': {'street': {'number': 750, 'name': 'Diagonal Veracruz de Ignacio de la Llave'}, 'city': 'M...</msg>
<var>${json_data}</var>
<arg>${response.json()}</arg>
<doc>Returns the given values which can then be assigned to a variables.</doc>
<status status="PASS" start="2024-07-22T23:15:00.151890" elapsed="0.000676"/>
</kw>
<kw name="Log" owner="BuiltIn">
<msg time="2024-07-22T23:15:00.153041" level="INFO">{'results': [{'gender': 'female', 'name': {'title': 'Miss', 'first': 'Débora', 'last': 'Téllez'}, 'location': {'street': {'number': 750, 'name': 'Diagonal Veracruz de Ignacio de la Llave'}, 'city': 'Monterrey', 'state': 'Zacatecas', 'country': 'Mexico', 'postcode': 45253, 'coordinates': {'latitude': '23.8025', 'longitude': '40.4443'}, 'timezone': {'offset': '+8:00', 'description': 'Beijing, Perth, Singapore, Hong Kong'}}, 'email': 'debora.tellez@example.com', 'login': {'uuid': '4d2d198f-60b4-47fd-91a5-9bdd33f49df6', 'username': 'goldenmeercat719', 'password': 'norman', 'salt': 'bQsB72gf', 'md5': '95541ecc37a8a6c066e98c3654bd36ef', 'sha1': 'c5c7c0932596b0d6a1e06e0aabb3d0d067edced0', 'sha256': 'da3ecb4297f5f3d4323f6dc535d3861df0e423236a71716f414b72cc810aa67c'}, 'dob': {'date': '1993-01-27T06:52:52.006Z', 'age': 31}, 'registered': {'date': '2018-08-12T23:44:31.225Z', 'age': 5}, 'phone': '(629) 268 9422', 'cell': '(622) 521 2542', 'id': {'name': 'NSS', 'value': '09 27 09 7462 1'}, 'picture': {'large': 'https://randomuser.me/api/portraits/women/20.jpg', 'medium': 'https://randomuser.me/api/portraits/med/women/20.jpg', 'thumbnail': 'https://randomuser.me/api/portraits/thumb/women/20.jpg'}, 'nat': 'MX'}], 'info': {'seed': '736bda3aa8500192', 'results': 1, 'page': 1, 'version': '1.4'}}</msg>
<arg>${json_data}</arg>
<doc>Logs the given message with the given level.</doc>
<status status="PASS" start="2024-07-22T23:15:00.152879" elapsed="0.000211"/>
</kw>
<kw name="Should Be Equal As Numbers" owner="BuiltIn">
<arg>${json_data['results'][0]['location']['postcode']}</arg>
<arg>${json_data['results'][0]['location']['postcode']}</arg>
<doc>Fails if objects are unequal after converting them to real numbers.</doc>
<status status="PASS" start="2024-07-22T23:15:00.153389" elapsed="0.000627"/>
</kw>
<kw name="Log" owner="BuiltIn">
<msg time="2024-07-22T23:15:00.154590" level="INFO">45253</msg>
<arg>${json_data['results'][0]['location']['postcode']}</arg>
<doc>Logs the given message with the given level.</doc>
<status status="PASS" start="2024-07-22T23:15:00.154212" elapsed="0.000452"/>
</kw>
<status status="PASS" start="2024-07-22T23:15:00.084557" elapsed="0.070388"/>
</kw>
<doc>Testa se os tipos de dados na resposta da API estão corretos.</doc>
<tag>testeTiposDados</tag>
<status status="PASS" start="2024-07-22T23:14:59.985322" elapsed="0.169791"/>
</test>
<test id="s1-s1-t5" name="Validar conteudo" line="35">
<kw name="Teste de Tipos de Conteudo" owner="random-user-service">
<kw name="GET On Session" owner="RequestsLibrary">
<msg time="2024-07-22T23:15:00.285674" level="INFO">GET Request : url=https://randomuser.me/api 
 path_url=/api 
 headers={'User-Agent': 'python-requests/2.32.3', 'Accept-Encoding': 'gzip, deflate', 'Accept': '*/*', 'Connection': 'keep-alive'} 
 body=None 
 </msg>
<msg time="2024-07-22T23:15:00.285771" level="INFO">GET Response : url=https://randomuser.me/api 
 status=200, reason=OK 
 headers={'Date': 'Mon, 22 Jul 2024 23:15:00 GMT', 'Content-Type': 'application/json; charset=utf-8', 'Transfer-Encoding': 'chunked', 'Connection': 'keep-alive', 'X-Powered-By': 'Express', 'Access-Control-Allow-Origin': '*', 'Cache-Control': 'no-cache', 'ETag': 'W/"486-oKCGi2k1M1gu3DLO2XobXqX6zf4"', 'Vary': 'Accept-Encoding', 'Content-Encoding': 'gzip', 'CF-Cache-Status': 'DYNAMIC', 'Report-To': '{"endpoints":[{"url":"https:\\/\\/a.nel.cloudflare.com\\/report\\/v4?s=0L15mZSa1z3CtWe%2Bfa42fRRwYOFJxbn5Pb2VFMqQ4YBqhMgQIqXROBXvuAFt0E15ezQwSm5du7f1wUjxDLKTI3EazN8aj12MaDon99Vsq7uvr2vU8FECXDbuGizaygLr"}],"group":"cf-nel","max_age":604800}', 'NEL': '{"success_fraction":0,"report_to":"cf-nel","max_age":604800}', 'Server': 'cloudflare', 'CF-RAY': '8a7721560971064d-IAD', 'alt-svc': 'h3=":443"; ma=86400'} 
 body={"results":[{"gender":"male","name":{"title":"Mr","first":"Sandro","last":"Caldeira"},"location":{"street":{"number":6334,"name":"Travessa dos Martírios"},"city":"Santo André","state":"Alagoas","country":"Brazil","postcode":17860,"coordinates":{"latitude":"-73.5891","longitude":"-172.3316"},"timezone":{"offset":"+3:30","description":"Tehran"}},"email":"sandro.caldeira@example.com","login":{"uuid":"d19afc01-30c8-4fe8-a550-0d4619076617","username":"greenbird115","password":"ellie","salt":"pbVF85GO","md5":"602ac7838113cff4eeefefd257707241","sha1":"9100c72ea318e327d74d429f02657a40c48739d4","sha256":"cb86a33883b106a2eb96df07a660d68cdbc12f6572096d1e0aa677fd3d5c03e6"},"dob":{"date":"1993-09-16T13:10:34.342Z","age":30},"registered":{"date":"2008-06-21T09:16:15.353Z","age":16},"phone":"(05) 0444-1439","cell":"(74) 8246-1908","id":{"name":"CPF","value":"792.542.021-76"},"picture":{"large":"https://randomuser.me/api/portraits/men/37.jpg","medium":"https://randomuser.me/api/portraits/med/men/37.jpg","thumbnail":"https://randomuser.me/api/portraits/thumb/men/37.jpg"},"nat":"BR"}],"info":{"seed":"8ad3488cae72e8a6","results":1,"page":1,"version":"1.4"}} 
 </msg>
<msg time="2024-07-22T23:15:00.285856" level="INFO">/opt/hostedtoolcache/Python/3.12.4/x64/lib/python3.12/site-packages/urllib3/connectionpool.py:1099: InsecureRequestWarning: Unverified HTTPS request is being made to host 'randomuser.me'. Adding certificate verification is strongly advised. See: https://urllib3.readthedocs.io/en/latest/advanced-usage.html#tls-warnings
  warnings.warn(</msg>
<msg time="2024-07-22T23:15:00.285976" level="INFO">${response} = &lt;Response [200]&gt;</msg>
<var>${response}</var>
<arg>consultarAPI</arg>
<arg>/api</arg>
<doc>Sends a GET request on a previously created HTTP Session.</doc>
<status status="PASS" start="2024-07-22T23:15:00.157677" elapsed="0.128343"/>
</kw>
<kw name="Set Variable" owner="BuiltIn">
<msg time="2024-07-22T23:15:00.287055" level="INFO">${json_data} = {'results': [{'gender': 'male', 'name': {'title': 'Mr', 'first': 'Sandro', 'last': 'Caldeira'}, 'location': {'street': {'number': 6334, 'name': 'Travessa dos Martírios'}, 'city': 'Santo André', 'state...</msg>
<var>${json_data}</var>
<arg>${response.json()}</arg>
<doc>Returns the given values which can then be assigned to a variables.</doc>
<status status="PASS" start="2024-07-22T23:15:00.286513" elapsed="0.000573"/>
</kw>
<kw name="Set Variable" owner="BuiltIn">
<msg time="2024-07-22T23:15:00.287817" level="INFO">${name_title} = Mr</msg>
<var>${name_title}</var>
<arg>${json_data["results"][0]["name"]["title"]}</arg>
<doc>Returns the given values which can then be assigned to a variables.</doc>
<status status="PASS" start="2024-07-22T23:15:00.287415" elapsed="0.000440"/>
</kw>
<kw name="Create List" owner="BuiltIn">
<msg time="2024-07-22T23:15:00.288313" level="INFO">${allowed_titles} = ['Mr', 'Ms', 'Miss', 'Mrs', 'Madame', 'Monsieur']</msg>
<var>${allowed_titles}</var>
<arg>Mr</arg>
<arg>Ms</arg>
<arg>Miss</arg>
<arg>Mrs</arg>
<arg>Madame</arg>
<arg>Monsieur</arg>
<doc>Returns a list containing given items.</doc>
<status status="PASS" start="2024-07-22T23:15:00.288165" elapsed="0.000173"/>
</kw>
<kw name="List Should Contain Value" owner="Collections">
<arg>${allowed_titles}</arg>
<arg>${name_title}</arg>
<doc>Fails if the ``value`` is not found from ``list``.</doc>
<status status="PASS" start="2024-07-22T23:15:00.288633" elapsed="0.000184"/>
</kw>
<kw name="Set Variable" owner="BuiltIn">
<msg time="2024-07-22T23:15:00.289364" level="INFO">${name_country} = BR</msg>
<var>${name_country}</var>
<arg>${json_data["results"][0]["nat"]}</arg>
<doc>Returns the given values which can then be assigned to a variables.</doc>
<status status="PASS" start="2024-07-22T23:15:00.288995" elapsed="0.000394"/>
</kw>
<kw name="Create List" owner="BuiltIn">
<msg time="2024-07-22T23:15:00.290276" level="INFO">${list_country} = ['AD', 'AE', 'AF', 'AG', 'AI', 'AL', 'AM', 'AO', 'AQ', 'AR', 'AS', 'AT', 'AU', 'AW', 'AX', 'AZ', 'BA', 'BB', 'BD', 'BE', 'BF', 'BG', 'BH', 'BI', 'BJ', 'BL', 'BM', 'BN', 'BO', 'BQ', 'BR', 'BS', 'BT', '...</msg>
<var>${list_country}</var>
<arg>AD</arg>
<arg>AE</arg>
<arg>AF</arg>
<arg>AG</arg>
<arg>AI</arg>
<arg>AL</arg>
<arg>AM</arg>
<arg>AO</arg>
<arg>AQ</arg>
<arg>AR</arg>
<arg>AS</arg>
<arg>AT</arg>
<arg>AU</arg>
<arg>AW</arg>
<arg>AX</arg>
<arg>AZ</arg>
<arg>BA</arg>
<arg>BB</arg>
<arg>BD</arg>
<arg>BE</arg>
<arg>BF</arg>
<arg>BG</arg>
<arg>BH</arg>
<arg>BI</arg>
<arg>BJ</arg>
<arg>BL</arg>
<arg>BM</arg>
<arg>BN</arg>
<arg>BO</arg>
<arg>BQ</arg>
<arg>BR</arg>
<arg>BS</arg>
<arg>BT</arg>
<arg>BV</arg>
<arg>BW</arg>
<arg>BY</arg>
<arg>BZ</arg>
<arg>CA</arg>
<arg>CC</arg>
<arg>CD</arg>
<arg>CF</arg>
<arg>CG</arg>
<arg>CH</arg>
<arg>CI</arg>
<arg>CK</arg>
<arg>CL</arg>
<arg>CM</arg>
<arg>CN</arg>
<arg>CO</arg>
<arg>CR</arg>
<arg>CU</arg>
<arg>CV</arg>
<arg>CW</arg>
<arg>CX</arg>
<arg>CY</arg>
<arg>CZ</arg>
<arg>DE</arg>
<arg>DJ</arg>
<arg>DK</arg>
<arg>DM</arg>
<arg>DO</arg>
<arg>DZ</arg>
<arg>EC</arg>
<arg>EE</arg>
<arg>EG</arg>
<arg>EH</arg>
<arg>ER</arg>
<arg>ES</arg>
<arg>ET</arg>
<arg>FI</arg>
<arg>FJ</arg>
<arg>FK</arg>
<arg>FM</arg>
<arg>FO</arg>
<arg>FR</arg>
<arg>GA</arg>
<arg>GB</arg>
<arg>GD</arg>
<arg>GE</arg>
<arg>GF</arg>
<arg>GG</arg>
<arg>GH</arg>
<arg>GI</arg>
<arg>GL</arg>
<arg>GM</arg>
<arg>GN</arg>
<arg>GP</arg>
<arg>GQ</arg>
<arg>GR</arg>
<arg>GS</arg>
<arg>GT</arg>
<arg>GU</arg>
<arg>GW</arg>
<arg>GY</arg>
<arg>HK</arg>
<arg>HM</arg>
<arg>HN</arg>
<arg>HR</arg>
<arg>HT</arg>
<arg>HU</arg>
<arg>ID</arg>
<arg>IE</arg>
<arg>IL</arg>
<arg>IM</arg>
<arg>IN</arg>
<arg>IO</arg>
<arg>IQ</arg>
<arg>IR</arg>
<arg>IS</arg>
<arg>IT</arg>
<arg>JE</arg>
<arg>JM</arg>
<arg>JO</arg>
<arg>JP</arg>
<arg>KE</arg>
<arg>KG</arg>
<arg>KH</arg>
<arg>KI</arg>
<arg>KM</arg>
<arg>KN</arg>
<arg>KP</arg>
<arg>KR</arg>
<arg>KW</arg>
<arg>KY</arg>
<arg>KZ</arg>
<arg>LA</arg>
<arg>LB</arg>
<arg>LC</arg>
<arg>LI</arg>
<arg>LK</arg>
<arg>LR</arg>
<arg>LS</arg>
<arg>LT</arg>
<arg>LU</arg>
<arg>LV</arg>
<arg>LY</arg>
<arg>MA</arg>
<arg>MC</arg>
<arg>MD</arg>
<arg>ME</arg>
<arg>MF</arg>
<arg>MG</arg>
<arg>MH</arg>
<arg>MK</arg>
<arg>ML</arg>
<arg>MM</arg>
<arg>MN</arg>
<arg>MO</arg>
<arg>MP</arg>
<arg>MQ</arg>
<arg>MR</arg>
<arg>MS</arg>
<arg>MT</arg>
<arg>MU</arg>
<arg>MV</arg>
<arg>MW</arg>
<arg>MX</arg>
<arg>MY</arg>
<arg>MZ</arg>
<arg>NA</arg>
<arg>NC</arg>
<arg>NE</arg>
<arg>NF</arg>
<arg>NG</arg>
<arg>NI</arg>
<arg>NL</arg>
<arg>NO</arg>
<arg>NP</arg>
<arg>NR</arg>
<arg>NU</arg>
<arg>NZ</arg>
<arg>OM</arg>
<arg>PA</arg>
<arg>PE</arg>
<arg>PF</arg>
<arg>PG</arg>
<arg>PH</arg>
<arg>PK</arg>
<arg>PL</arg>
<arg>PM</arg>
<arg>PN</arg>
<arg>PR</arg>
<arg>PS</arg>
<arg>PT</arg>
<arg>PW</arg>
<arg>PY</arg>
<arg>QA</arg>
<arg>RE</arg>
<arg>RO</arg>
<arg>RS</arg>
<arg>RU</arg>
<arg>RW</arg>
<arg>SA</arg>
<arg>SB</arg>
<arg>SC</arg>
<arg>SD</arg>
<arg>SE</arg>
<arg>SG</arg>
<arg>SH</arg>
<arg>SI</arg>
<arg>SJ</arg>
<arg>SK</arg>
<arg>SL</arg>
<arg>SM</arg>
<arg>SN</arg>
<arg>SO</arg>
<arg>SR</arg>
<arg>SS</arg>
<arg>ST</arg>
<arg>SV</arg>
<arg>SX</arg>
<arg>SY</arg>
<arg>SZ</arg>
<arg>TC</arg>
<arg>TD</arg>
<arg>TF</arg>
<arg>TG</arg>
<arg>TH</arg>
<arg>TJ</arg>
<arg>TK</arg>
<arg>TL</arg>
<arg>TM</arg>
<arg>TN</arg>
<arg>TO</arg>
<arg>TR</arg>
<arg>TT</arg>
<arg>TV</arg>
<arg>TW</arg>
<arg>TZ</arg>
<arg>UA</arg>
<arg>UG</arg>
<arg>UM</arg>
<arg>US</arg>
<arg>UY</arg>
<arg>UZ</arg>
<arg>VA</arg>
<arg>VC</arg>
<arg>VE</arg>
<arg>VG</arg>
<arg>VI</arg>
<arg>VN</arg>
<arg>VU</arg>
<arg>WF</arg>
<arg>WS</arg>
<arg>XK</arg>
<arg>YE</arg>
<arg>YT</arg>
<arg>ZA</arg>
<arg>ZM</arg>
<arg>ZW</arg>
<doc>Returns a list containing given items.</doc>
<status status="PASS" start="2024-07-22T23:15:00.289682" elapsed="0.000620"/>
</kw>
<kw name="List Should Contain Value" owner="Collections">
<arg>${list_country}</arg>
<arg>${name_country}</arg>
<doc>Fails if the ``value`` is not found from ``list``.</doc>
<status status="PASS" start="2024-07-22T23:15:00.291285" elapsed="0.000205"/>
</kw>
<kw name="Run Keyword If" owner="BuiltIn">
<kw name="Should Be True" owner="BuiltIn">
<arg>${True}</arg>
<doc>Fails if the given condition is not true.</doc>
<status status="PASS" start="2024-07-22T23:15:00.292434" elapsed="0.000140"/>
</kw>
<arg>${json_data["results"][0]["location"]["coordinates"]["latitude"]} &gt;= -90 and ${json_data["results"][0]["location"]["coordinates"]["latitude"]} &lt;= 90</arg>
<arg>Should Be True</arg>
<arg>${True}</arg>
<doc>Runs the given keyword with the given arguments, if ``condition`` is true.</doc>
<status status="PASS" start="2024-07-22T23:15:00.291691" elapsed="0.001009"/>
</kw>
<kw name="Run Keyword If" owner="BuiltIn">
<kw name="Should Be True" owner="BuiltIn">
<arg>${True}</arg>
<doc>Fails if the given condition is not true.</doc>
<status status="PASS" start="2024-07-22T23:15:00.293567" elapsed="0.000136"/>
</kw>
<arg>${json_data["results"][0]["location"]["coordinates"]["longitude"]} &gt;= -180 and ${json_data["results"][0]["location"]["coordinates"]["longitude"]} &lt;= 180</arg>
<arg>Should Be True</arg>
<arg>${True}</arg>
<doc>Runs the given keyword with the given arguments, if ``condition`` is true.</doc>
<status status="PASS" start="2024-07-22T23:15:00.292880" elapsed="0.000946"/>
</kw>
<status status="PASS" start="2024-07-22T23:15:00.157450" elapsed="0.136507"/>
</kw>
<doc>Testa o conteúdo específico dos campos retornados pela API.</doc>
<tag>testeConteudo</tag>
<status status="PASS" start="2024-07-22T23:15:00.156907" elapsed="0.137197"/>
</test>
<status status="PASS" start="2024-07-22T23:14:59.326351" elapsed="0.969717"/>
</suite>
<status status="PASS" start="2024-07-22T23:14:59.312015" elapsed="0.988975"/>
</suite>
<statistics>
<total>
<stat pass="5" fail="0" skip="0">All Tests</stat>
</total>
<tag>
<stat pass="1" fail="0" skip="0">testeConteudo</stat>
<stat pass="1" fail="0" skip="0">testeEstruturaResposta</stat>
<stat pass="1" fail="0" skip="0">testeRequisicaoBasica</stat>
<stat pass="1" fail="0" skip="0">testeTiposDados</stat>
</tag>
<suite>
<stat pass="5" fail="0" skip="0" id="s1" name="Tests">Tests</stat>
<stat pass="5" fail="0" skip="0" id="s1-s1" name="Random-User-Test">Tests.Random-User-Test</stat>
</suite>
</statistics>
<errors>
</errors>
</robot>
