<?xml version="1.0" encoding="UTF-8"?>
<robot generator="Robot 7.0.1 (Python 3.12.3 on linux)" generated="2024-06-19T11:13:42.816536" rpa="false" schemaversion="5">
<suite id="s1" name="Tests" source="/home/runner/work/ApiRandomUser/ApiRandomUser/RamdonUser/tests">
<suite id="s1-s1" name="Random-User-Test" source="/home/runner/work/ApiRandomUser/ApiRandomUser/RamdonUser/tests/random-user-test.robot">
<test id="s1-s1-t1" name="Conectar" line="13">
<kw name="Conectar API" owner="random-user-service">
<kw name="Create Session" owner="RequestsLibrary">
<msg time="2024-06-19T11:13:43.251483" level="INFO">Creating Session using : alias=consultarAPI, url=https://randomuser.me/, headers={},                     cookies={}, auth=None, timeout=None, proxies=None, verify=False,                     debug=0 </msg>
<arg>consultarAPI</arg>
<arg>${URL}</arg>
<doc>Create Session: create a HTTP session to a server</doc>
<status status="PASS" start="2024-06-19T11:13:43.251243" elapsed="0.000436"/>
</kw>
<status status="PASS" start="2024-06-19T11:13:43.250254" elapsed="0.001797"/>
</kw>
<status status="PASS" start="2024-06-19T11:13:43.249686" elapsed="0.002566"/>
</test>
<test id="s1-s1-t2" name="Validar retorno 200 e JSON Válido" line="16">
<kw name="Teste de Requisicao Basica" owner="random-user-service">
<kw name="GET On Session" owner="RequestsLibrary">
<msg time="2024-06-19T11:13:43.588480" level="INFO">GET Request : url=https://randomuser.me/api 
 path_url=/api 
 headers={'User-Agent': 'python-requests/2.32.3', 'Accept-Encoding': 'gzip, deflate', 'Accept': '*/*', 'Connection': 'keep-alive'} 
 body=None 
 </msg>
<msg time="2024-06-19T11:13:43.588638" level="INFO">GET Response : url=https://randomuser.me/api 
 status=200, reason=OK 
 headers={'Date': 'Wed, 19 Jun 2024 11:13:43 GMT', 'Content-Type': 'application/json; charset=utf-8', 'Transfer-Encoding': 'chunked', 'Connection': 'keep-alive', 'X-Powered-By': 'Express', 'Access-Control-Allow-Origin': '*', 'Cache-Control': 'no-cache', 'ETag': 'W/"4a8-8P3Cz3uOvFIKxWKdVZKNRZojN+U"', 'Vary': 'Accept-Encoding', 'Content-Encoding': 'gzip', 'CF-Cache-Status': 'DYNAMIC', 'Report-To': '{"endpoints":[{"url":"https:\\/\\/a.nel.cloudflare.com\\/report\\/v4?s=W4Doyfda87htgn6gPAyB%2BB8Y5Gja7usJ2HBHF%2B1k0Y0eu5YSGq%2FuSWVMwbQvT1N4AmRgL1Dyhr96xE0B2fnwZzlSYykeOSBpo8P1JzHWjyX2HUCBTAN6aZH0blKwoOqK"}],"group":"cf-nel","max_age":604800}', 'NEL': '{"success_fraction":0,"report_to":"cf-nel","max_age":604800}', 'Server': 'cloudflare', 'CF-RAY': '896317659ce79c76-IAD', 'alt-svc': 'h3=":443"; ma=86400'} 
 body={"results":[{"gender":"female","name":{"title":"Miss","first":"Louise","last":"Michel"},"location":{"street":{"number":4010,"name":"Rue du Bon-Pasteur"},"city":"Le Mans","state":"Nièvre","country":"France","postcode":98585,"coordinates":{"latitude":"-18.4097","longitude":"101.6238"},"timezone":{"offset":"+3:00","description":"Baghdad, Riyadh, Moscow, St. Petersburg"}},"email":"louise.michel@example.com","login":{"uuid":"9b486c6b-f8fc-4a35-9439-2573d471e37d","username":"organiccat389","password":"cafc91","salt":"G0VNmvfs","md5":"150b58daf592150299deb2d49ed1b705","sha1":"b064ca9d9a76dcc31a479236dcdaeeec8871733e","sha256":"f4b8c63d5ff92e4fe2a7047df596f39ed7d3c7885be64eb429dfc28865485c35"},"dob":{"date":"1971-08-06T07:24:40.513Z","age":52},"registered":{"date":"2006-04-28T11:35:08.666Z","age":18},"phone":"02-40-81-48-76","cell":"06-19-01-72-28","id":{"name":"INSEE","value":"2710719477531 94"},"picture":{"large":"https://randomuser.me/api/portraits/women/82.jpg","medium":"https://randomuser.me/api/portraits/med/women/82.jpg","thumbnail":"https://randomuser.me/api/portraits/thumb/women/82.jpg"},"nat":"FR"}],"info":{"seed":"a14e2956596826b1","results":1,"page":1,"version":"1.4"}} 
 </msg>
<msg time="2024-06-19T11:13:43.588730" level="INFO">/opt/hostedtoolcache/Python/3.12.3/x64/lib/python3.12/site-packages/urllib3/connectionpool.py:1099: InsecureRequestWarning: Unverified HTTPS request is being made to host 'randomuser.me'. Adding certificate verification is strongly advised. See: https://urllib3.readthedocs.io/en/latest/advanced-usage.html#tls-warnings
  warnings.warn(</msg>
<msg time="2024-06-19T11:13:43.588883" level="INFO">${response} = &lt;Response [200]&gt;</msg>
<var>${response}</var>
<arg>consultarAPI</arg>
<arg>/api</arg>
<doc>Sends a GET request on a previously created HTTP Session.</doc>
<status status="PASS" start="2024-06-19T11:13:43.254849" elapsed="0.334077"/>
</kw>
<kw name="Should Be Equal As Numbers" owner="BuiltIn">
<msg time="2024-06-19T11:13:43.589906" level="INFO">Argument types are:
&lt;class 'int'&gt;
&lt;class 'str'&gt;</msg>
<arg>${response.status_code}</arg>
<arg>200</arg>
<doc>Fails if objects are unequal after converting them to real numbers.</doc>
<status status="PASS" start="2024-06-19T11:13:43.589462" elapsed="0.000509"/>
</kw>
<kw name="Log" owner="BuiltIn">
<msg time="2024-06-19T11:13:43.590658" level="INFO">200</msg>
<arg>${response.status_code}</arg>
<doc>Logs the given message with the given level.</doc>
<status status="PASS" start="2024-06-19T11:13:43.590306" elapsed="0.000393"/>
</kw>
<kw name="Set Variable" owner="BuiltIn">
<msg time="2024-06-19T11:13:43.591476" level="INFO">${json_data} = {'results': [{'gender': 'female', 'name': {'title': 'Miss', 'first': 'Louise', 'last': 'Michel'}, 'location': {'street': {'number': 4010, 'name': 'Rue du Bon-Pasteur'}, 'city': 'Le Mans', 'state': 'Ni...</msg>
<var>${json_data}</var>
<arg>${response.json()}</arg>
<doc>Returns the given values which can then be assigned to a variables.</doc>
<status status="PASS" start="2024-06-19T11:13:43.591007" elapsed="0.000498"/>
</kw>
<kw name="Dictionary Should Contain Key" owner="Collections">
<arg>${json_data}</arg>
<arg>results</arg>
<doc>Fails if ``key`` is not found from ``dictionary``.</doc>
<status status="PASS" start="2024-06-19T11:13:43.591806" elapsed="0.000164"/>
</kw>
<status status="PASS" start="2024-06-19T11:13:43.254608" elapsed="0.337513"/>
</kw>
<doc>Testa se a API responde corretamente e retorna um objeto JSON válido.</doc>
<tag>testeRequisicaoBasica</tag>
<status status="PASS" start="2024-06-19T11:13:43.254134" elapsed="0.338163"/>
</test>
<test id="s1-s1-t3" name="Validar estrutura de resposta" line="22">
<kw name="Teste de Estrutura de Resposta" owner="random-user-service">
<kw name="GET On Session" owner="RequestsLibrary">
<msg time="2024-06-19T11:13:43.777513" level="INFO">GET Request : url=https://randomuser.me/api 
 path_url=/api 
 headers={'User-Agent': 'python-requests/2.32.3', 'Accept-Encoding': 'gzip, deflate', 'Accept': '*/*', 'Connection': 'keep-alive'} 
 body=None 
 </msg>
<msg time="2024-06-19T11:13:43.777615" level="INFO">GET Response : url=https://randomuser.me/api 
 status=200, reason=OK 
 headers={'Date': 'Wed, 19 Jun 2024 11:13:43 GMT', 'Content-Type': 'application/json; charset=utf-8', 'Transfer-Encoding': 'chunked', 'Connection': 'keep-alive', 'X-Powered-By': 'Express', 'Access-Control-Allow-Origin': '*', 'Cache-Control': 'no-cache', 'ETag': 'W/"47b-LPtTO/J/9AxuMOTPeWpLxhn1L6o"', 'Vary': 'Accept-Encoding', 'Content-Encoding': 'gzip', 'CF-Cache-Status': 'DYNAMIC', 'Report-To': '{"endpoints":[{"url":"https:\\/\\/a.nel.cloudflare.com\\/report\\/v4?s=tMAxkJZ%2BRtsntIcVH3wdC%2FG4lbdQCEE1iREouwfmV0qtTEh6Z3iYxzV2s4Mzw7ej8DXpF%2F1sRHSCCjEv86HGdVYnkzhwZqZXbRiNynXIP9hcHj46dblC7POuMGNm0kGQ"}],"group":"cf-nel","max_age":604800}', 'NEL': '{"success_fraction":0,"report_to":"cf-nel","max_age":604800}', 'Server': 'cloudflare', 'CF-RAY': '896317677f0a9c76-IAD', 'alt-svc': 'h3=":443"; ma=86400'} 
 body={"results":[{"gender":"male","name":{"title":"Mr","first":"Cory","last":"Vargas"},"location":{"street":{"number":759,"name":"Hickory Creek Dr"},"city":"Geelong","state":"Victoria","country":"Australia","postcode":6900,"coordinates":{"latitude":"-83.6334","longitude":"-10.6514"},"timezone":{"offset":"-7:00","description":"Mountain Time (US &amp; Canada)"}},"email":"cory.vargas@example.com","login":{"uuid":"3e2156dc-5143-48de-a540-f6f1db554cf3","username":"brownbear958","password":"fatty","salt":"thplGZ5j","md5":"3c1a597535b7a2d5371959a70365465c","sha1":"319970490e702720b6e673e8595d88d94c96d59d","sha256":"ef024cdff3a1f7ddb256ce6f8b05fd176049f6d0c0e142eb1d929ed82d998810"},"dob":{"date":"1967-02-27T21:52:00.854Z","age":57},"registered":{"date":"2021-03-18T20:00:49.564Z","age":3},"phone":"08-7332-7920","cell":"0420-617-581","id":{"name":"TFN","value":"831550806"},"picture":{"large":"https://randomuser.me/api/portraits/men/9.jpg","medium":"https://randomuser.me/api/portraits/med/men/9.jpg","thumbnail":"https://randomuser.me/api/portraits/thumb/men/9.jpg"},"nat":"AU"}],"info":{"seed":"d52959b22c5ab250","results":1,"page":1,"version":"1.4"}} 
 </msg>
<msg time="2024-06-19T11:13:43.777752" level="INFO">/opt/hostedtoolcache/Python/3.12.3/x64/lib/python3.12/site-packages/urllib3/connectionpool.py:1099: InsecureRequestWarning: Unverified HTTPS request is being made to host 'randomuser.me'. Adding certificate verification is strongly advised. See: https://urllib3.readthedocs.io/en/latest/advanced-usage.html#tls-warnings
  warnings.warn(</msg>
<msg time="2024-06-19T11:13:43.777885" level="INFO">${response} = &lt;Response [200]&gt;</msg>
<var>${response}</var>
<arg>consultarAPI</arg>
<arg>/api</arg>
<doc>Sends a GET request on a previously created HTTP Session.</doc>
<status status="PASS" start="2024-06-19T11:13:43.594924" elapsed="0.183003"/>
</kw>
<kw name="Set Variable" owner="BuiltIn">
<msg time="2024-06-19T11:13:43.779149" level="INFO">${json_data} = {'results': [{'gender': 'male', 'name': {'title': 'Mr', 'first': 'Cory', 'last': 'Vargas'}, 'location': {'street': {'number': 759, 'name': 'Hickory Creek Dr'}, 'city': 'Geelong', 'state': 'Victoria', ...</msg>
<var>${json_data}</var>
<arg>${response.json()}</arg>
<doc>Returns the given values which can then be assigned to a variables.</doc>
<status status="PASS" start="2024-06-19T11:13:43.778556" elapsed="0.000621"/>
</kw>
<kw name="Log" owner="BuiltIn">
<msg time="2024-06-19T11:13:43.779687" level="INFO">{'results': [{'gender': 'male', 'name': {'title': 'Mr', 'first': 'Cory', 'last': 'Vargas'}, 'location': {'street': {'number': 759, 'name': 'Hickory Creek Dr'}, 'city': 'Geelong', 'state': 'Victoria', 'country': 'Australia', 'postcode': 6900, 'coordinates': {'latitude': '-83.6334', 'longitude': '-10.6514'}, 'timezone': {'offset': '-7:00', 'description': 'Mountain Time (US &amp; Canada)'}}, 'email': 'cory.vargas@example.com', 'login': {'uuid': '3e2156dc-5143-48de-a540-f6f1db554cf3', 'username': 'brownbear958', 'password': 'fatty', 'salt': 'thplGZ5j', 'md5': '3c1a597535b7a2d5371959a70365465c', 'sha1': '319970490e702720b6e673e8595d88d94c96d59d', 'sha256': 'ef024cdff3a1f7ddb256ce6f8b05fd176049f6d0c0e142eb1d929ed82d998810'}, 'dob': {'date': '1967-02-27T21:52:00.854Z', 'age': 57}, 'registered': {'date': '2021-03-18T20:00:49.564Z', 'age': 3}, 'phone': '08-7332-7920', 'cell': '0420-617-581', 'id': {'name': 'TFN', 'value': '831550806'}, 'picture': {'large': 'https://randomuser.me/api/portraits/men/9.jpg', 'medium': 'https://randomuser.me/api/portraits/med/men/9.jpg', 'thumbnail': 'https://randomuser.me/api/portraits/thumb/men/9.jpg'}, 'nat': 'AU'}], 'info': {'seed': 'd52959b22c5ab250', 'results': 1, 'page': 1, 'version': '1.4'}}</msg>
<arg>${json_data}</arg>
<doc>Logs the given message with the given level.</doc>
<status status="PASS" start="2024-06-19T11:13:43.779519" elapsed="0.000221"/>
</kw>
<kw name="Dictionary Should Contain Key" owner="Collections">
<arg>${json_data}</arg>
<arg>results</arg>
<doc>Fails if ``key`` is not found from ``dictionary``.</doc>
<status status="PASS" start="2024-06-19T11:13:43.780032" elapsed="0.000158"/>
</kw>
<kw name="Should Not Be Empty" owner="BuiltIn">
<msg time="2024-06-19T11:13:43.780507" level="INFO">Length is 2.</msg>
<arg>${json_data}</arg>
<doc>Verifies that the given item is not empty.</doc>
<status status="PASS" start="2024-06-19T11:13:43.780372" elapsed="0.000177"/>
</kw>
<kw name="Create List" owner="BuiltIn">
<msg time="2024-06-19T11:13:43.780977" level="INFO">${expected_keys} = ['gender', 'name', 'location', 'email', 'login']</msg>
<var>${expected_keys}</var>
<arg>gender</arg>
<arg>name</arg>
<arg>location</arg>
<arg>email</arg>
<arg>login</arg>
<doc>Returns a list containing given items.</doc>
<status status="PASS" start="2024-06-19T11:13:43.780834" elapsed="0.000166"/>
</kw>
<for flavor="IN">
<iter>
<kw name="Dictionary Should Contain Key" owner="Collections">
<arg>${json_data['results'][0]}</arg>
<arg>${key}</arg>
<doc>Fails if ``key`` is not found from ``dictionary``.</doc>
<status status="PASS" start="2024-06-19T11:13:43.781746" elapsed="0.000400"/>
</kw>
<kw name="Log" owner="BuiltIn">
<msg time="2024-06-19T11:13:43.782683" level="INFO">{'gender': 'male', 'name': {'title': 'Mr', 'first': 'Cory', 'last': 'Vargas'}, 'location': {'street': {'number': 759, 'name': 'Hickory Creek Dr'}, 'city': 'Geelong', 'state': 'Victoria', 'country': 'Australia', 'postcode': 6900, 'coordinates': {'latitude': '-83.6334', 'longitude': '-10.6514'}, 'timezone': {'offset': '-7:00', 'description': 'Mountain Time (US &amp; Canada)'}}, 'email': 'cory.vargas@example.com', 'login': {'uuid': '3e2156dc-5143-48de-a540-f6f1db554cf3', 'username': 'brownbear958', 'password': 'fatty', 'salt': 'thplGZ5j', 'md5': '3c1a597535b7a2d5371959a70365465c', 'sha1': '319970490e702720b6e673e8595d88d94c96d59d', 'sha256': 'ef024cdff3a1f7ddb256ce6f8b05fd176049f6d0c0e142eb1d929ed82d998810'}, 'dob': {'date': '1967-02-27T21:52:00.854Z', 'age': 57}, 'registered': {'date': '2021-03-18T20:00:49.564Z', 'age': 3}, 'phone': '08-7332-7920', 'cell': '0420-617-581', 'id': {'name': 'TFN', 'value': '831550806'}, 'picture': {'large': 'https://randomuser.me/api/portraits/men/9.jpg', 'medium': 'https://randomuser.me/api/portraits/med/men/9.jpg', 'thumbnail': 'https://randomuser.me/api/portraits/thumb/men/9.jpg'}, 'nat': 'AU'}</msg>
<arg>${json_data['results'][0]}</arg>
<doc>Logs the given message with the given level.</doc>
<status status="PASS" start="2024-06-19T11:13:43.782332" elapsed="0.000409"/>
</kw>
<kw name="Log" owner="BuiltIn">
<msg time="2024-06-19T11:13:43.783164" level="INFO">gender</msg>
<arg>${key}</arg>
<doc>Logs the given message with the given level.</doc>
<status status="PASS" start="2024-06-19T11:13:43.783036" elapsed="0.000166"/>
</kw>
<var name="${key}">gender</var>
<status status="PASS" start="2024-06-19T11:13:43.781615" elapsed="0.001829"/>
</iter>
<iter>
<kw name="Dictionary Should Contain Key" owner="Collections">
<arg>${json_data['results'][0]}</arg>
<arg>${key}</arg>
<doc>Fails if ``key`` is not found from ``dictionary``.</doc>
<status status="PASS" start="2024-06-19T11:13:43.783755" elapsed="0.000391"/>
</kw>
<kw name="Log" owner="BuiltIn">
<msg time="2024-06-19T11:13:43.784686" level="INFO">{'gender': 'male', 'name': {'title': 'Mr', 'first': 'Cory', 'last': 'Vargas'}, 'location': {'street': {'number': 759, 'name': 'Hickory Creek Dr'}, 'city': 'Geelong', 'state': 'Victoria', 'country': 'Australia', 'postcode': 6900, 'coordinates': {'latitude': '-83.6334', 'longitude': '-10.6514'}, 'timezone': {'offset': '-7:00', 'description': 'Mountain Time (US &amp; Canada)'}}, 'email': 'cory.vargas@example.com', 'login': {'uuid': '3e2156dc-5143-48de-a540-f6f1db554cf3', 'username': 'brownbear958', 'password': 'fatty', 'salt': 'thplGZ5j', 'md5': '3c1a597535b7a2d5371959a70365465c', 'sha1': '319970490e702720b6e673e8595d88d94c96d59d', 'sha256': 'ef024cdff3a1f7ddb256ce6f8b05fd176049f6d0c0e142eb1d929ed82d998810'}, 'dob': {'date': '1967-02-27T21:52:00.854Z', 'age': 57}, 'registered': {'date': '2021-03-18T20:00:49.564Z', 'age': 3}, 'phone': '08-7332-7920', 'cell': '0420-617-581', 'id': {'name': 'TFN', 'value': '831550806'}, 'picture': {'large': 'https://randomuser.me/api/portraits/men/9.jpg', 'medium': 'https://randomuser.me/api/portraits/med/men/9.jpg', 'thumbnail': 'https://randomuser.me/api/portraits/thumb/men/9.jpg'}, 'nat': 'AU'}</msg>
<arg>${json_data['results'][0]}</arg>
<doc>Logs the given message with the given level.</doc>
<status status="PASS" start="2024-06-19T11:13:43.784337" elapsed="0.000428"/>
</kw>
<kw name="Log" owner="BuiltIn">
<msg time="2024-06-19T11:13:43.785196" level="INFO">name</msg>
<arg>${key}</arg>
<doc>Logs the given message with the given level.</doc>
<status status="PASS" start="2024-06-19T11:13:43.785067" elapsed="0.000167"/>
</kw>
<var name="${key}">name</var>
<status status="PASS" start="2024-06-19T11:13:43.783642" elapsed="0.001808"/>
</iter>
<iter>
<kw name="Dictionary Should Contain Key" owner="Collections">
<arg>${json_data['results'][0]}</arg>
<arg>${key}</arg>
<doc>Fails if ``key`` is not found from ``dictionary``.</doc>
<status status="PASS" start="2024-06-19T11:13:43.785741" elapsed="0.000378"/>
</kw>
<kw name="Log" owner="BuiltIn">
<msg time="2024-06-19T11:13:43.786648" level="INFO">{'gender': 'male', 'name': {'title': 'Mr', 'first': 'Cory', 'last': 'Vargas'}, 'location': {'street': {'number': 759, 'name': 'Hickory Creek Dr'}, 'city': 'Geelong', 'state': 'Victoria', 'country': 'Australia', 'postcode': 6900, 'coordinates': {'latitude': '-83.6334', 'longitude': '-10.6514'}, 'timezone': {'offset': '-7:00', 'description': 'Mountain Time (US &amp; Canada)'}}, 'email': 'cory.vargas@example.com', 'login': {'uuid': '3e2156dc-5143-48de-a540-f6f1db554cf3', 'username': 'brownbear958', 'password': 'fatty', 'salt': 'thplGZ5j', 'md5': '3c1a597535b7a2d5371959a70365465c', 'sha1': '319970490e702720b6e673e8595d88d94c96d59d', 'sha256': 'ef024cdff3a1f7ddb256ce6f8b05fd176049f6d0c0e142eb1d929ed82d998810'}, 'dob': {'date': '1967-02-27T21:52:00.854Z', 'age': 57}, 'registered': {'date': '2021-03-18T20:00:49.564Z', 'age': 3}, 'phone': '08-7332-7920', 'cell': '0420-617-581', 'id': {'name': 'TFN', 'value': '831550806'}, 'picture': {'large': 'https://randomuser.me/api/portraits/men/9.jpg', 'medium': 'https://randomuser.me/api/portraits/med/men/9.jpg', 'thumbnail': 'https://randomuser.me/api/portraits/thumb/men/9.jpg'}, 'nat': 'AU'}</msg>
<arg>${json_data['results'][0]}</arg>
<doc>Logs the given message with the given level.</doc>
<status status="PASS" start="2024-06-19T11:13:43.786301" elapsed="0.000396"/>
</kw>
<kw name="Log" owner="BuiltIn">
<msg time="2024-06-19T11:13:43.787116" level="INFO">location</msg>
<arg>${key}</arg>
<doc>Logs the given message with the given level.</doc>
<status status="PASS" start="2024-06-19T11:13:43.786989" elapsed="0.000163"/>
</kw>
<var name="${key}">location</var>
<status status="PASS" start="2024-06-19T11:13:43.785631" elapsed="0.001769"/>
</iter>
<iter>
<kw name="Dictionary Should Contain Key" owner="Collections">
<arg>${json_data['results'][0]}</arg>
<arg>${key}</arg>
<doc>Fails if ``key`` is not found from ``dictionary``.</doc>
<status status="PASS" start="2024-06-19T11:13:43.787691" elapsed="0.000390"/>
</kw>
<kw name="Log" owner="BuiltIn">
<msg time="2024-06-19T11:13:43.788618" level="INFO">{'gender': 'male', 'name': {'title': 'Mr', 'first': 'Cory', 'last': 'Vargas'}, 'location': {'street': {'number': 759, 'name': 'Hickory Creek Dr'}, 'city': 'Geelong', 'state': 'Victoria', 'country': 'Australia', 'postcode': 6900, 'coordinates': {'latitude': '-83.6334', 'longitude': '-10.6514'}, 'timezone': {'offset': '-7:00', 'description': 'Mountain Time (US &amp; Canada)'}}, 'email': 'cory.vargas@example.com', 'login': {'uuid': '3e2156dc-5143-48de-a540-f6f1db554cf3', 'username': 'brownbear958', 'password': 'fatty', 'salt': 'thplGZ5j', 'md5': '3c1a597535b7a2d5371959a70365465c', 'sha1': '319970490e702720b6e673e8595d88d94c96d59d', 'sha256': 'ef024cdff3a1f7ddb256ce6f8b05fd176049f6d0c0e142eb1d929ed82d998810'}, 'dob': {'date': '1967-02-27T21:52:00.854Z', 'age': 57}, 'registered': {'date': '2021-03-18T20:00:49.564Z', 'age': 3}, 'phone': '08-7332-7920', 'cell': '0420-617-581', 'id': {'name': 'TFN', 'value': '831550806'}, 'picture': {'large': 'https://randomuser.me/api/portraits/men/9.jpg', 'medium': 'https://randomuser.me/api/portraits/med/men/9.jpg', 'thumbnail': 'https://randomuser.me/api/portraits/thumb/men/9.jpg'}, 'nat': 'AU'}</msg>
<arg>${json_data['results'][0]}</arg>
<doc>Logs the given message with the given level.</doc>
<status status="PASS" start="2024-06-19T11:13:43.788266" elapsed="0.000409"/>
</kw>
<kw name="Log" owner="BuiltIn">
<msg time="2024-06-19T11:13:43.789090" level="INFO">email</msg>
<arg>${key}</arg>
<doc>Logs the given message with the given level.</doc>
<status status="PASS" start="2024-06-19T11:13:43.788963" elapsed="0.000164"/>
</kw>
<var name="${key}">email</var>
<status status="PASS" start="2024-06-19T11:13:43.787583" elapsed="0.001754"/>
</iter>
<iter>
<kw name="Dictionary Should Contain Key" owner="Collections">
<arg>${json_data['results'][0]}</arg>
<arg>${key}</arg>
<doc>Fails if ``key`` is not found from ``dictionary``.</doc>
<status status="PASS" start="2024-06-19T11:13:43.789625" elapsed="0.000376"/>
</kw>
<kw name="Log" owner="BuiltIn">
<msg time="2024-06-19T11:13:43.790547" level="INFO">{'gender': 'male', 'name': {'title': 'Mr', 'first': 'Cory', 'last': 'Vargas'}, 'location': {'street': {'number': 759, 'name': 'Hickory Creek Dr'}, 'city': 'Geelong', 'state': 'Victoria', 'country': 'Australia', 'postcode': 6900, 'coordinates': {'latitude': '-83.6334', 'longitude': '-10.6514'}, 'timezone': {'offset': '-7:00', 'description': 'Mountain Time (US &amp; Canada)'}}, 'email': 'cory.vargas@example.com', 'login': {'uuid': '3e2156dc-5143-48de-a540-f6f1db554cf3', 'username': 'brownbear958', 'password': 'fatty', 'salt': 'thplGZ5j', 'md5': '3c1a597535b7a2d5371959a70365465c', 'sha1': '319970490e702720b6e673e8595d88d94c96d59d', 'sha256': 'ef024cdff3a1f7ddb256ce6f8b05fd176049f6d0c0e142eb1d929ed82d998810'}, 'dob': {'date': '1967-02-27T21:52:00.854Z', 'age': 57}, 'registered': {'date': '2021-03-18T20:00:49.564Z', 'age': 3}, 'phone': '08-7332-7920', 'cell': '0420-617-581', 'id': {'name': 'TFN', 'value': '831550806'}, 'picture': {'large': 'https://randomuser.me/api/portraits/men/9.jpg', 'medium': 'https://randomuser.me/api/portraits/med/men/9.jpg', 'thumbnail': 'https://randomuser.me/api/portraits/thumb/men/9.jpg'}, 'nat': 'AU'}</msg>
<arg>${json_data['results'][0]}</arg>
<doc>Logs the given message with the given level.</doc>
<status status="PASS" start="2024-06-19T11:13:43.790186" elapsed="0.000410"/>
</kw>
<kw name="Log" owner="BuiltIn">
<msg time="2024-06-19T11:13:43.791012" level="INFO">login</msg>
<arg>${key}</arg>
<doc>Logs the given message with the given level.</doc>
<status status="PASS" start="2024-06-19T11:13:43.790886" elapsed="0.000162"/>
</kw>
<var name="${key}">login</var>
<status status="PASS" start="2024-06-19T11:13:43.789507" elapsed="0.001752"/>
</iter>
<var>${key}</var>
<value>@{expected_keys}</value>
<status status="PASS" start="2024-06-19T11:13:43.781417" elapsed="0.009997"/>
</for>
<kw name="Create List" owner="BuiltIn">
<msg time="2024-06-19T11:13:43.791749" level="INFO">${expected_keysTwo} = ['username', 'password']</msg>
<var>${expected_keysTwo}</var>
<arg>username</arg>
<arg>password</arg>
<doc>Returns a list containing given items.</doc>
<status status="PASS" start="2024-06-19T11:13:43.791610" elapsed="0.000162"/>
</kw>
<for flavor="IN">
<iter>
<kw name="Dictionary Should Contain Key" owner="Collections">
<arg>${json_data['results'][0]['login']}</arg>
<arg>${keyTwo}</arg>
<doc>Fails if ``key`` is not found from ``dictionary``.</doc>
<status status="PASS" start="2024-06-19T11:13:43.792293" elapsed="0.000387"/>
</kw>
<kw name="Dictionary Should Contain Key" owner="Collections">
<arg>${json_data['results'][0]['login']}</arg>
<arg>${keyTwo}</arg>
<doc>Fails if ``key`` is not found from ``dictionary``.</doc>
<status status="PASS" start="2024-06-19T11:13:43.792863" elapsed="0.000377"/>
</kw>
<kw name="Log" owner="BuiltIn">
<msg time="2024-06-19T11:13:43.793535" level="INFO">username</msg>
<arg>${keyTwo}</arg>
<doc>Logs the given message with the given level.</doc>
<status status="PASS" start="2024-06-19T11:13:43.793416" elapsed="0.000161"/>
</kw>
<var name="${keyTwo}">username</var>
<status status="PASS" start="2024-06-19T11:13:43.792186" elapsed="0.001614"/>
</iter>
<iter>
<kw name="Dictionary Should Contain Key" owner="Collections">
<arg>${json_data['results'][0]['login']}</arg>
<arg>${keyTwo}</arg>
<doc>Fails if ``key`` is not found from ``dictionary``.</doc>
<status status="PASS" start="2024-06-19T11:13:43.794076" elapsed="0.000379"/>
</kw>
<kw name="Dictionary Should Contain Key" owner="Collections">
<arg>${json_data['results'][0]['login']}</arg>
<arg>${keyTwo}</arg>
<doc>Fails if ``key`` is not found from ``dictionary``.</doc>
<status status="PASS" start="2024-06-19T11:13:43.794630" elapsed="0.000367"/>
</kw>
<kw name="Log" owner="BuiltIn">
<msg time="2024-06-19T11:13:43.795295" level="INFO">password</msg>
<arg>${keyTwo}</arg>
<doc>Logs the given message with the given level.</doc>
<status status="PASS" start="2024-06-19T11:13:43.795177" elapsed="0.000177"/>
</kw>
<var name="${keyTwo}">password</var>
<status status="PASS" start="2024-06-19T11:13:43.793971" elapsed="0.001610"/>
</iter>
<var>${keyTwo}</var>
<value>@{expected_keysTwo}</value>
<status status="PASS" start="2024-06-19T11:13:43.792032" elapsed="0.003667"/>
</for>
<status status="PASS" start="2024-06-19T11:13:43.594678" elapsed="0.201158"/>
</kw>
<doc>Testa a estrutura da resposta da API.</doc>
<tag>testeEstruturaResposta</tag>
<status status="PASS" start="2024-06-19T11:13:43.594126" elapsed="0.201867"/>
</test>
<test id="s1-s1-t4" name="Validar tipos de dados" line="28">
<kw name="Teste de Tipos de Dados" owner="random-user-service">
<kw name="GET On Session" owner="RequestsLibrary">
<msg time="2024-06-19T11:13:43.932263" level="INFO">GET Request : url=https://randomuser.me/api 
 path_url=/api 
 headers={'User-Agent': 'python-requests/2.32.3', 'Accept-Encoding': 'gzip, deflate', 'Accept': '*/*', 'Connection': 'keep-alive'} 
 body=None 
 </msg>
<msg time="2024-06-19T11:13:43.932352" level="INFO">GET Response : url=https://randomuser.me/api 
 status=200, reason=OK 
 headers={'Date': 'Wed, 19 Jun 2024 11:13:43 GMT', 'Content-Type': 'application/json; charset=utf-8', 'Transfer-Encoding': 'chunked', 'Connection': 'keep-alive', 'X-Powered-By': 'Express', 'Access-Control-Allow-Origin': '*', 'Cache-Control': 'no-cache', 'ETag': 'W/"498-q1oVvbMyv4xkU1159KXCnkY3tGc"', 'Vary': 'Accept-Encoding', 'Content-Encoding': 'gzip', 'CF-Cache-Status': 'DYNAMIC', 'Report-To': '{"endpoints":[{"url":"https:\\/\\/a.nel.cloudflare.com\\/report\\/v4?s=ph0GzHq2SjYdH3iowkqFZ7ilLuorWvESS4%2Bafi1fXiJ6MyBfX3FyT8tduPVsNT7XqoLeWKOHgvod3AP2qVUndBC2aOCW5Ir4zqOyvHgJvgmNffxK8nGzru64AI9UXqrA"}],"group":"cf-nel","max_age":604800}', 'NEL': '{"success_fraction":0,"report_to":"cf-nel","max_age":604800}', 'Server': 'cloudflare', 'CF-RAY': '89631768c8ca9c76-IAD', 'alt-svc': 'h3=":443"; ma=86400'} 
 body={"results":[{"gender":"female","name":{"title":"Miss","first":"Concepción","last":"Castro"},"location":{"street":{"number":4790,"name":"Calle Covadonga"},"city":"Mérida","state":"Asturias","country":"Spain","postcode":91219,"coordinates":{"latitude":"-33.3589","longitude":"151.3024"},"timezone":{"offset":"+1:00","description":"Brussels, Copenhagen, Madrid, Paris"}},"email":"concepcion.castro@example.com","login":{"uuid":"32177392-e0fe-4d0e-acc1-d0acbc83b9d2","username":"bigsnake117","password":"sales","salt":"b861c4iX","md5":"6726101a6ff3efa824c2fb41105dcb8c","sha1":"7890df1d657d99a8bfc571925c14631b5d933354","sha256":"df894eddc30229366bae03402011fc37efd9aaafff2d7ba6b9902d6c7cccb77c"},"dob":{"date":"1981-05-18T17:05:21.631Z","age":43},"registered":{"date":"2018-02-01T23:03:23.051Z","age":6},"phone":"975-275-812","cell":"678-734-938","id":{"name":"DNI","value":"04359125-Y"},"picture":{"large":"https://randomuser.me/api/portraits/women/72.jpg","medium":"https://randomuser.me/api/portraits/med/women/72.jpg","thumbnail":"https://randomuser.me/api/portraits/thumb/women/72.jpg"},"nat":"ES"}],"info":{"seed":"df3dc10399295330","results":1,"page":1,"version":"1.4"}} 
 </msg>
<msg time="2024-06-19T11:13:43.932434" level="INFO">/opt/hostedtoolcache/Python/3.12.3/x64/lib/python3.12/site-packages/urllib3/connectionpool.py:1099: InsecureRequestWarning: Unverified HTTPS request is being made to host 'randomuser.me'. Adding certificate verification is strongly advised. See: https://urllib3.readthedocs.io/en/latest/advanced-usage.html#tls-warnings
  warnings.warn(</msg>
<msg time="2024-06-19T11:13:43.932546" level="INFO">${response} = &lt;Response [200]&gt;</msg>
<var>${response}</var>
<arg>consultarAPI</arg>
<arg>/api</arg>
<doc>Sends a GET request on a previously created HTTP Session.</doc>
<status status="PASS" start="2024-06-19T11:13:43.798572" elapsed="0.134016"/>
</kw>
<kw name="Set Variable" owner="BuiltIn">
<msg time="2024-06-19T11:13:43.933498" level="INFO">${json_data} = {'results': [{'gender': 'female', 'name': {'title': 'Miss', 'first': 'Concepción', 'last': 'Castro'}, 'location': {'street': {'number': 4790, 'name': 'Calle Covadonga'}, 'city': 'Mérida', 'state': 'As...</msg>
<var>${json_data}</var>
<arg>${response.json()}</arg>
<doc>Returns the given values which can then be assigned to a variables.</doc>
<status status="PASS" start="2024-06-19T11:13:43.933023" elapsed="0.000505"/>
</kw>
<kw name="Log" owner="BuiltIn">
<msg time="2024-06-19T11:13:43.933994" level="INFO">{'results': [{'gender': 'female', 'name': {'title': 'Miss', 'first': 'Concepción', 'last': 'Castro'}, 'location': {'street': {'number': 4790, 'name': 'Calle Covadonga'}, 'city': 'Mérida', 'state': 'Asturias', 'country': 'Spain', 'postcode': 91219, 'coordinates': {'latitude': '-33.3589', 'longitude': '151.3024'}, 'timezone': {'offset': '+1:00', 'description': 'Brussels, Copenhagen, Madrid, Paris'}}, 'email': 'concepcion.castro@example.com', 'login': {'uuid': '32177392-e0fe-4d0e-acc1-d0acbc83b9d2', 'username': 'bigsnake117', 'password': 'sales', 'salt': 'b861c4iX', 'md5': '6726101a6ff3efa824c2fb41105dcb8c', 'sha1': '7890df1d657d99a8bfc571925c14631b5d933354', 'sha256': 'df894eddc30229366bae03402011fc37efd9aaafff2d7ba6b9902d6c7cccb77c'}, 'dob': {'date': '1981-05-18T17:05:21.631Z', 'age': 43}, 'registered': {'date': '2018-02-01T23:03:23.051Z', 'age': 6}, 'phone': '975-275-812', 'cell': '678-734-938', 'id': {'name': 'DNI', 'value': '04359125-Y'}, 'picture': {'large': 'https://randomuser.me/api/portraits/women/72.jpg', 'medium': 'https://randomuser.me/api/portraits/med/women/72.jpg', 'thumbnail': 'https://randomuser.me/api/portraits/thumb/women/72.jpg'}, 'nat': 'ES'}], 'info': {'seed': 'df3dc10399295330', 'results': 1, 'page': 1, 'version': '1.4'}}</msg>
<arg>${json_data}</arg>
<doc>Logs the given message with the given level.</doc>
<status status="PASS" start="2024-06-19T11:13:43.933837" elapsed="0.000205"/>
</kw>
<kw name="Should Be String" owner="String">
<arg>${json_data['results'][0]['gender']}</arg>
<doc>Fails if the given ``item`` is not a string.</doc>
<status status="PASS" start="2024-06-19T11:13:43.934331" elapsed="0.000359"/>
</kw>
<kw name="Should Match Regexp" owner="BuiltIn">
<arg>${json_data['results'][0]['email']}</arg>
<arg>^[a-zA-Z0-9._%+-]+@[a-zA-Z0-9.-]+\.[a-zA-Z]{2,}$</arg>
<doc>Fails if ``string`` does not match ``pattern`` as a regular expression.</doc>
<status status="PASS" start="2024-06-19T11:13:43.934877" elapsed="0.000542"/>
</kw>
<kw name="Should Match Regexp" owner="BuiltIn">
<arg>${json_data['results'][0]['dob']['date']}</arg>
<arg>\\d{4}-\\d{2}-\\d{2}T\\d{2}:\\d{2}:\\d{2}\\.\\d{3}Z</arg>
<doc>Fails if ``string`` does not match ``pattern`` as a regular expression.</doc>
<status status="PASS" start="2024-06-19T11:13:43.935663" elapsed="0.000488"/>
</kw>
<kw name="Should Match Regexp" owner="BuiltIn">
<arg>${json_data['results'][0]['registered']['date']}</arg>
<arg>\\d{4}-\\d{2}-\\d{2}T\\d{2}:\\d{2}:\\d{2}\\.\\d{3}Z</arg>
<doc>Fails if ``string`` does not match ``pattern`` as a regular expression.</doc>
<status status="PASS" start="2024-06-19T11:13:43.936344" elapsed="0.000365"/>
</kw>
<kw name="Should Match Regexp" owner="BuiltIn">
<arg>${json_data['results'][0]['picture']['large']}</arg>
<arg>^https?://.*\.(?:png|jpe?g|gif|bmp)$</arg>
<doc>Fails if ``string`` does not match ``pattern`` as a regular expression.</doc>
<status status="PASS" start="2024-06-19T11:13:43.936900" elapsed="0.000454"/>
</kw>
<kw name="Should Match Regexp" owner="BuiltIn">
<arg>${json_data['results'][0]['picture']['medium']}</arg>
<arg>^https?://.*\.(?:png|jpe?g|gif|bmp)$</arg>
<doc>Fails if ``string`` does not match ``pattern`` as a regular expression.</doc>
<status status="PASS" start="2024-06-19T11:13:43.937540" elapsed="0.000355"/>
</kw>
<kw name="Should Match Regexp" owner="BuiltIn">
<arg>${json_data['results'][0]['picture']['thumbnail']}</arg>
<arg>^https?://.*\.(?:png|jpe?g|gif|bmp)$</arg>
<doc>Fails if ``string`` does not match ``pattern`` as a regular expression.</doc>
<status status="PASS" start="2024-06-19T11:13:43.938076" elapsed="0.000343"/>
</kw>
<kw name="Log" owner="BuiltIn">
<msg time="2024-06-19T11:13:43.938927" level="INFO">{'large': 'https://randomuser.me/api/portraits/women/72.jpg', 'medium': 'https://randomuser.me/api/portraits/med/women/72.jpg', 'thumbnail': 'https://randomuser.me/api/portraits/thumb/women/72.jpg'}</msg>
<arg>${json_data['results'][0]['picture']}</arg>
<doc>Logs the given message with the given level.</doc>
<status status="PASS" start="2024-06-19T11:13:43.938600" elapsed="0.000368"/>
</kw>
<status status="PASS" start="2024-06-19T11:13:43.798340" elapsed="0.140881"/>
</kw>
<kw name="Teste de Tipos de Dados - Postcode" owner="random-user-service">
<kw name="GET On Session" owner="RequestsLibrary">
<msg time="2024-06-19T11:13:44.018949" level="INFO">GET Request : url=https://randomuser.me/api 
 path_url=/api 
 headers={'User-Agent': 'python-requests/2.32.3', 'Accept-Encoding': 'gzip, deflate', 'Accept': '*/*', 'Connection': 'keep-alive'} 
 body=None 
 </msg>
<msg time="2024-06-19T11:13:44.019023" level="INFO">GET Response : url=https://randomuser.me/api 
 status=200, reason=OK 
 headers={'Date': 'Wed, 19 Jun 2024 11:13:44 GMT', 'Content-Type': 'application/json; charset=utf-8', 'Transfer-Encoding': 'chunked', 'Connection': 'keep-alive', 'X-Powered-By': 'Express', 'Access-Control-Allow-Origin': '*', 'Cache-Control': 'no-cache', 'ETag': 'W/"471-BycZSphN0vRUohvsMP69KlktBiY"', 'Vary': 'Accept-Encoding', 'Content-Encoding': 'gzip', 'CF-Cache-Status': 'DYNAMIC', 'Report-To': '{"endpoints":[{"url":"https:\\/\\/a.nel.cloudflare.com\\/report\\/v4?s=8pXIy6LZBgeIR61OrAEYsXSVisXfBwgG4WTLSM10zrqrFZUmOLAPv5uD4FiPYKWektn%2BbFevb8ry6U%2FfZm4c1HyXq2hOje%2FFDGxixJN8jVntgcQGZ9iK2H6b99ZVxla6"}],"group":"cf-nel","max_age":604800}', 'NEL': '{"success_fraction":0,"report_to":"cf-nel","max_age":604800}', 'Server': 'cloudflare', 'CF-RAY': '89631769a9d79c76-IAD', 'alt-svc': 'h3=":443"; ma=86400'} 
 body={"results":[{"gender":"female","name":{"title":"Mrs","first":"Amelija","last":"Diesen"},"location":{"street":{"number":9286,"name":"Skøyenstubben"},"city":"Rophus","state":"Aust-Agder","country":"Norway","postcode":"8009","coordinates":{"latitude":"41.7959","longitude":"173.4891"},"timezone":{"offset":"-10:00","description":"Hawaii"}},"email":"amelija.diesen@example.com","login":{"uuid":"1291eca1-b62f-4908-a4d1-38a8ab6572d7","username":"bigduck603","password":"slugger","salt":"xi0JaIzr","md5":"d5da55409f41bed240585d1da2b10aa0","sha1":"d25bd829861a6e02f1950b8ca21531eb2eeaf051","sha256":"42bb6229a376bab2ec8bbbdcb8fcde04e4aacb36c5f6ea5e90e03908c0588ea5"},"dob":{"date":"1981-04-03T06:41:31.990Z","age":43},"registered":{"date":"2013-01-09T02:39:05.555Z","age":11},"phone":"74341842","cell":"48898794","id":{"name":"FN","value":"03048128407"},"picture":{"large":"https://randomuser.me/api/portraits/women/61.jpg","medium":"https://randomuser.me/api/portraits/med/women/61.jpg","thumbnail":"https://randomuser.me/api/portraits/thumb/women/61.jpg"},"nat":"NO"}],"info":{"seed":"5a2e5e6849aa3c7f","results":1,"page":1,"version":"1.4"}} 
 </msg>
<msg time="2024-06-19T11:13:44.019085" level="INFO">/opt/hostedtoolcache/Python/3.12.3/x64/lib/python3.12/site-packages/urllib3/connectionpool.py:1099: InsecureRequestWarning: Unverified HTTPS request is being made to host 'randomuser.me'. Adding certificate verification is strongly advised. See: https://urllib3.readthedocs.io/en/latest/advanced-usage.html#tls-warnings
  warnings.warn(</msg>
<msg time="2024-06-19T11:13:44.019181" level="INFO">${response} = &lt;Response [200]&gt;</msg>
<var>${response}</var>
<arg>consultarAPI</arg>
<arg>/api</arg>
<doc>Sends a GET request on a previously created HTTP Session.</doc>
<status status="PASS" start="2024-06-19T11:13:43.939702" elapsed="0.079509"/>
</kw>
<kw name="Set Variable" owner="BuiltIn">
<msg time="2024-06-19T11:13:44.020165" level="INFO">${json_data} = {'results': [{'gender': 'female', 'name': {'title': 'Mrs', 'first': 'Amelija', 'last': 'Diesen'}, 'location': {'street': {'number': 9286, 'name': 'Skøyenstubben'}, 'city': 'Rophus', 'state': 'Aust-Agd...</msg>
<var>${json_data}</var>
<arg>${response.json()}</arg>
<doc>Returns the given values which can then be assigned to a variables.</doc>
<status status="PASS" start="2024-06-19T11:13:44.019660" elapsed="0.000534"/>
</kw>
<kw name="Log" owner="BuiltIn">
<msg time="2024-06-19T11:13:44.020648" level="INFO">{'results': [{'gender': 'female', 'name': {'title': 'Mrs', 'first': 'Amelija', 'last': 'Diesen'}, 'location': {'street': {'number': 9286, 'name': 'Skøyenstubben'}, 'city': 'Rophus', 'state': 'Aust-Agder', 'country': 'Norway', 'postcode': '8009', 'coordinates': {'latitude': '41.7959', 'longitude': '173.4891'}, 'timezone': {'offset': '-10:00', 'description': 'Hawaii'}}, 'email': 'amelija.diesen@example.com', 'login': {'uuid': '1291eca1-b62f-4908-a4d1-38a8ab6572d7', 'username': 'bigduck603', 'password': 'slugger', 'salt': 'xi0JaIzr', 'md5': 'd5da55409f41bed240585d1da2b10aa0', 'sha1': 'd25bd829861a6e02f1950b8ca21531eb2eeaf051', 'sha256': '42bb6229a376bab2ec8bbbdcb8fcde04e4aacb36c5f6ea5e90e03908c0588ea5'}, 'dob': {'date': '1981-04-03T06:41:31.990Z', 'age': 43}, 'registered': {'date': '2013-01-09T02:39:05.555Z', 'age': 11}, 'phone': '74341842', 'cell': '48898794', 'id': {'name': 'FN', 'value': '03048128407'}, 'picture': {'large': 'https://randomuser.me/api/portraits/women/61.jpg', 'medium': 'https://randomuser.me/api/portraits/med/women/61.jpg', 'thumbnail': 'https://randomuser.me/api/portraits/thumb/women/61.jpg'}, 'nat': 'NO'}], 'info': {'seed': '5a2e5e6849aa3c7f', 'results': 1, 'page': 1, 'version': '1.4'}}</msg>
<arg>${json_data}</arg>
<doc>Logs the given message with the given level.</doc>
<status status="PASS" start="2024-06-19T11:13:44.020492" elapsed="0.000204"/>
</kw>
<kw name="Should Be Equal As Numbers" owner="BuiltIn">
<arg>${json_data['results'][0]['location']['postcode']}</arg>
<arg>${json_data['results'][0]['location']['postcode']}</arg>
<doc>Fails if objects are unequal after converting them to real numbers.</doc>
<status status="PASS" start="2024-06-19T11:13:44.021029" elapsed="0.000610"/>
</kw>
<kw name="Log" owner="BuiltIn">
<msg time="2024-06-19T11:13:44.022168" level="INFO">8009</msg>
<arg>${json_data['results'][0]['location']['postcode']}</arg>
<doc>Logs the given message with the given level.</doc>
<status status="PASS" start="2024-06-19T11:13:44.021834" elapsed="0.000373"/>
</kw>
<status status="PASS" start="2024-06-19T11:13:43.939474" elapsed="0.083010"/>
</kw>
<doc>Testa se os tipos de dados na resposta da API estão corretos.</doc>
<tag>testeTiposDados</tag>
<status status="PASS" start="2024-06-19T11:13:43.797767" elapsed="0.224884"/>
</test>
<test id="s1-s1-t5" name="Validar conteudo" line="35">
<kw name="Teste de Tipos de Conteudo" owner="random-user-service">
<kw name="GET On Session" owner="RequestsLibrary">
<msg time="2024-06-19T11:13:44.166839" level="INFO">GET Request : url=https://randomuser.me/api 
 path_url=/api 
 headers={'User-Agent': 'python-requests/2.32.3', 'Accept-Encoding': 'gzip, deflate', 'Accept': '*/*', 'Connection': 'keep-alive'} 
 body=None 
 </msg>
<msg time="2024-06-19T11:13:44.166951" level="INFO">GET Response : url=https://randomuser.me/api 
 status=200, reason=OK 
 headers={'Date': 'Wed, 19 Jun 2024 11:13:44 GMT', 'Content-Type': 'application/json; charset=utf-8', 'Transfer-Encoding': 'chunked', 'Connection': 'keep-alive', 'X-Powered-By': 'Express', 'Access-Control-Allow-Origin': '*', 'Cache-Control': 'no-cache', 'ETag': 'W/"48b-1WOKF6QMLJRhgSPHd1+Qcucf7Sw"', 'Vary': 'Accept-Encoding', 'Content-Encoding': 'gzip', 'CF-Cache-Status': 'DYNAMIC', 'Report-To': '{"endpoints":[{"url":"https:\\/\\/a.nel.cloudflare.com\\/report\\/v4?s=dOgMlj%2Fr%2F4ANPQ6aOyvnb4fWmfEk2t4%2B8x83HwVVX8pBzWQoTHhUxoWfdz7XUeDFCa3fzja0vhM4YIEbxOWckkLrDlovIleY9s6DoSPgvtre2%2FL5w4KI6DC7Xo%2FtxXlW"}],"group":"cf-nel","max_age":604800}', 'NEL': '{"success_fraction":0,"report_to":"cf-nel","max_age":604800}', 'Server': 'cloudflare', 'CF-RAY': '8963176a2a559c76-IAD', 'alt-svc': 'h3=":443"; ma=86400'} 
 body={"results":[{"gender":"male","name":{"title":"Mr","first":"Marshall","last":"Knight"},"location":{"street":{"number":5744,"name":"North Road"},"city":"Skerries","state":"Mayo","country":"Ireland","postcode":29260,"coordinates":{"latitude":"2.0924","longitude":"-159.1553"},"timezone":{"offset":"+9:00","description":"Tokyo, Seoul, Osaka, Sapporo, Yakutsk"}},"email":"marshall.knight@example.com","login":{"uuid":"a8e97da3-8ab8-4e81-a478-1c41cbcb3fb6","username":"lazyleopard173","password":"crawford","salt":"FPSH6IgP","md5":"34fe2d73e8d860e65d91aa4b51b32249","sha1":"6b12d38a38a86bf51d8821b7ebc672b14431a5b8","sha256":"3da11d955f7efc8cfda0da3d441436699c2003c98f25650c5e3b5637368dd58c"},"dob":{"date":"1990-06-18T01:58:29.627Z","age":34},"registered":{"date":"2007-05-23T09:40:42.135Z","age":17},"phone":"061-777-1973","cell":"081-249-2221","id":{"name":"PPS","value":"7400063T"},"picture":{"large":"https://randomuser.me/api/portraits/men/10.jpg","medium":"https://randomuser.me/api/portraits/med/men/10.jpg","thumbnail":"https://randomuser.me/api/portraits/thumb/men/10.jpg"},"nat":"IE"}],"info":{"seed":"e344921f589cef48","results":1,"page":1,"version":"1.4"}} 
 </msg>
<msg time="2024-06-19T11:13:44.167050" level="INFO">/opt/hostedtoolcache/Python/3.12.3/x64/lib/python3.12/site-packages/urllib3/connectionpool.py:1099: InsecureRequestWarning: Unverified HTTPS request is being made to host 'randomuser.me'. Adding certificate verification is strongly advised. See: https://urllib3.readthedocs.io/en/latest/advanced-usage.html#tls-warnings
  warnings.warn(</msg>
<msg time="2024-06-19T11:13:44.167175" level="INFO">${response} = &lt;Response [200]&gt;</msg>
<var>${response}</var>
<arg>consultarAPI</arg>
<arg>/api</arg>
<doc>Sends a GET request on a previously created HTTP Session.</doc>
<status status="PASS" start="2024-06-19T11:13:44.025264" elapsed="0.141937"/>
</kw>
<kw name="Set Variable" owner="BuiltIn">
<msg time="2024-06-19T11:13:44.168272" level="INFO">${json_data} = {'results': [{'gender': 'male', 'name': {'title': 'Mr', 'first': 'Marshall', 'last': 'Knight'}, 'location': {'street': {'number': 5744, 'name': 'North Road'}, 'city': 'Skerries', 'state': 'Mayo', 'cou...</msg>
<var>${json_data}</var>
<arg>${response.json()}</arg>
<doc>Returns the given values which can then be assigned to a variables.</doc>
<status status="PASS" start="2024-06-19T11:13:44.167771" elapsed="0.000531"/>
</kw>
<kw name="Set Variable" owner="BuiltIn">
<msg time="2024-06-19T11:13:44.168978" level="INFO">${name_title} = Mr</msg>
<var>${name_title}</var>
<arg>${json_data["results"][0]["name"]["title"]}</arg>
<doc>Returns the given values which can then be assigned to a variables.</doc>
<status status="PASS" start="2024-06-19T11:13:44.168601" elapsed="0.000402"/>
</kw>
<kw name="Create List" owner="BuiltIn">
<msg time="2024-06-19T11:13:44.169443" level="INFO">${allowed_titles} = ['Mr', 'Ms', 'Miss', 'Mrs', 'Madame', 'Monsieur']</msg>
<var>${allowed_titles}</var>
<arg>Mr</arg>
<arg>Ms</arg>
<arg>Miss</arg>
<arg>Mrs</arg>
<arg>Madame</arg>
<arg>Monsieur</arg>
<doc>Returns a list containing given items.</doc>
<status status="PASS" start="2024-06-19T11:13:44.169294" elapsed="0.000173"/>
</kw>
<kw name="List Should Contain Value" owner="Collections">
<arg>${allowed_titles}</arg>
<arg>${name_title}</arg>
<doc>Fails if the ``value`` is not found from ``list``.</doc>
<status status="PASS" start="2024-06-19T11:13:44.169764" elapsed="0.000177"/>
</kw>
<kw name="Set Variable" owner="BuiltIn">
<msg time="2024-06-19T11:13:44.170480" level="INFO">${name_country} = IE</msg>
<var>${name_country}</var>
<arg>${json_data["results"][0]["nat"]}</arg>
<doc>Returns the given values which can then be assigned to a variables.</doc>
<status status="PASS" start="2024-06-19T11:13:44.170118" elapsed="0.000387"/>
</kw>
<kw name="Create List" owner="BuiltIn">
<msg time="2024-06-19T11:13:44.171429" level="INFO">${list_country} = ['AD', 'AE', 'AF', 'AG', 'AI', 'AL', 'AM', 'AO', 'AQ', 'AR', 'AS', 'AT', 'AU', 'AW', 'AX', 'AZ', 'BA', 'BB', 'BD', 'BE', 'BF', 'BG', 'BH', 'BI', 'BJ', 'BL', 'BM', 'BN', 'BO', 'BQ', 'BR', 'BS', 'BT', '...</msg>
<var>${list_country}</var>
<arg>AD</arg>
<arg>AE</arg>
<arg>AF</arg>
<arg>AG</arg>
<arg>AI</arg>
<arg>AL</arg>
<arg>AM</arg>
<arg>AO</arg>
<arg>AQ</arg>
<arg>AR</arg>
<arg>AS</arg>
<arg>AT</arg>
<arg>AU</arg>
<arg>AW</arg>
<arg>AX</arg>
<arg>AZ</arg>
<arg>BA</arg>
<arg>BB</arg>
<arg>BD</arg>
<arg>BE</arg>
<arg>BF</arg>
<arg>BG</arg>
<arg>BH</arg>
<arg>BI</arg>
<arg>BJ</arg>
<arg>BL</arg>
<arg>BM</arg>
<arg>BN</arg>
<arg>BO</arg>
<arg>BQ</arg>
<arg>BR</arg>
<arg>BS</arg>
<arg>BT</arg>
<arg>BV</arg>
<arg>BW</arg>
<arg>BY</arg>
<arg>BZ</arg>
<arg>CA</arg>
<arg>CC</arg>
<arg>CD</arg>
<arg>CF</arg>
<arg>CG</arg>
<arg>CH</arg>
<arg>CI</arg>
<arg>CK</arg>
<arg>CL</arg>
<arg>CM</arg>
<arg>CN</arg>
<arg>CO</arg>
<arg>CR</arg>
<arg>CU</arg>
<arg>CV</arg>
<arg>CW</arg>
<arg>CX</arg>
<arg>CY</arg>
<arg>CZ</arg>
<arg>DE</arg>
<arg>DJ</arg>
<arg>DK</arg>
<arg>DM</arg>
<arg>DO</arg>
<arg>DZ</arg>
<arg>EC</arg>
<arg>EE</arg>
<arg>EG</arg>
<arg>EH</arg>
<arg>ER</arg>
<arg>ES</arg>
<arg>ET</arg>
<arg>FI</arg>
<arg>FJ</arg>
<arg>FK</arg>
<arg>FM</arg>
<arg>FO</arg>
<arg>FR</arg>
<arg>GA</arg>
<arg>GB</arg>
<arg>GD</arg>
<arg>GE</arg>
<arg>GF</arg>
<arg>GG</arg>
<arg>GH</arg>
<arg>GI</arg>
<arg>GL</arg>
<arg>GM</arg>
<arg>GN</arg>
<arg>GP</arg>
<arg>GQ</arg>
<arg>GR</arg>
<arg>GS</arg>
<arg>GT</arg>
<arg>GU</arg>
<arg>GW</arg>
<arg>GY</arg>
<arg>HK</arg>
<arg>HM</arg>
<arg>HN</arg>
<arg>HR</arg>
<arg>HT</arg>
<arg>HU</arg>
<arg>ID</arg>
<arg>IE</arg>
<arg>IL</arg>
<arg>IM</arg>
<arg>IN</arg>
<arg>IO</arg>
<arg>IQ</arg>
<arg>IR</arg>
<arg>IS</arg>
<arg>IT</arg>
<arg>JE</arg>
<arg>JM</arg>
<arg>JO</arg>
<arg>JP</arg>
<arg>KE</arg>
<arg>KG</arg>
<arg>KH</arg>
<arg>KI</arg>
<arg>KM</arg>
<arg>KN</arg>
<arg>KP</arg>
<arg>KR</arg>
<arg>KW</arg>
<arg>KY</arg>
<arg>KZ</arg>
<arg>LA</arg>
<arg>LB</arg>
<arg>LC</arg>
<arg>LI</arg>
<arg>LK</arg>
<arg>LR</arg>
<arg>LS</arg>
<arg>LT</arg>
<arg>LU</arg>
<arg>LV</arg>
<arg>LY</arg>
<arg>MA</arg>
<arg>MC</arg>
<arg>MD</arg>
<arg>ME</arg>
<arg>MF</arg>
<arg>MG</arg>
<arg>MH</arg>
<arg>MK</arg>
<arg>ML</arg>
<arg>MM</arg>
<arg>MN</arg>
<arg>MO</arg>
<arg>MP</arg>
<arg>MQ</arg>
<arg>MR</arg>
<arg>MS</arg>
<arg>MT</arg>
<arg>MU</arg>
<arg>MV</arg>
<arg>MW</arg>
<arg>MX</arg>
<arg>MY</arg>
<arg>MZ</arg>
<arg>NA</arg>
<arg>NC</arg>
<arg>NE</arg>
<arg>NF</arg>
<arg>NG</arg>
<arg>NI</arg>
<arg>NL</arg>
<arg>NO</arg>
<arg>NP</arg>
<arg>NR</arg>
<arg>NU</arg>
<arg>NZ</arg>
<arg>OM</arg>
<arg>PA</arg>
<arg>PE</arg>
<arg>PF</arg>
<arg>PG</arg>
<arg>PH</arg>
<arg>PK</arg>
<arg>PL</arg>
<arg>PM</arg>
<arg>PN</arg>
<arg>PR</arg>
<arg>PS</arg>
<arg>PT</arg>
<arg>PW</arg>
<arg>PY</arg>
<arg>QA</arg>
<arg>RE</arg>
<arg>RO</arg>
<arg>RS</arg>
<arg>RU</arg>
<arg>RW</arg>
<arg>SA</arg>
<arg>SB</arg>
<arg>SC</arg>
<arg>SD</arg>
<arg>SE</arg>
<arg>SG</arg>
<arg>SH</arg>
<arg>SI</arg>
<arg>SJ</arg>
<arg>SK</arg>
<arg>SL</arg>
<arg>SM</arg>
<arg>SN</arg>
<arg>SO</arg>
<arg>SR</arg>
<arg>SS</arg>
<arg>ST</arg>
<arg>SV</arg>
<arg>SX</arg>
<arg>SY</arg>
<arg>SZ</arg>
<arg>TC</arg>
<arg>TD</arg>
<arg>TF</arg>
<arg>TG</arg>
<arg>TH</arg>
<arg>TJ</arg>
<arg>TK</arg>
<arg>TL</arg>
<arg>TM</arg>
<arg>TN</arg>
<arg>TO</arg>
<arg>TR</arg>
<arg>TT</arg>
<arg>TV</arg>
<arg>TW</arg>
<arg>TZ</arg>
<arg>UA</arg>
<arg>UG</arg>
<arg>UM</arg>
<arg>US</arg>
<arg>UY</arg>
<arg>UZ</arg>
<arg>VA</arg>
<arg>VC</arg>
<arg>VE</arg>
<arg>VG</arg>
<arg>VI</arg>
<arg>VN</arg>
<arg>VU</arg>
<arg>WF</arg>
<arg>WS</arg>
<arg>XK</arg>
<arg>YE</arg>
<arg>YT</arg>
<arg>ZA</arg>
<arg>ZM</arg>
<arg>ZW</arg>
<doc>Returns a list containing given items.</doc>
<status status="PASS" start="2024-06-19T11:13:44.170791" elapsed="0.000664"/>
</kw>
<kw name="List Should Contain Value" owner="Collections">
<arg>${list_country}</arg>
<arg>${name_country}</arg>
<doc>Fails if the ``value`` is not found from ``list``.</doc>
<status status="PASS" start="2024-06-19T11:13:44.172251" elapsed="0.000201"/>
</kw>
<kw name="Run Keyword If" owner="BuiltIn">
<kw name="Should Be True" owner="BuiltIn">
<arg>${True}</arg>
<doc>Fails if the given condition is not true.</doc>
<status status="PASS" start="2024-06-19T11:13:44.173371" elapsed="0.000140"/>
</kw>
<arg>${json_data["results"][0]["location"]["coordinates"]["latitude"]} &gt;= -90 and ${json_data["results"][0]["location"]["coordinates"]["latitude"]} &lt;= 90</arg>
<arg>Should Be True</arg>
<arg>${True}</arg>
<doc>Runs the given keyword with the given arguments, if ``condition`` is true.</doc>
<status status="PASS" start="2024-06-19T11:13:44.172645" elapsed="0.000990"/>
</kw>
<kw name="Run Keyword If" owner="BuiltIn">
<kw name="Should Be True" owner="BuiltIn">
<arg>${True}</arg>
<doc>Fails if the given condition is not true.</doc>
<status status="PASS" start="2024-06-19T11:13:44.174506" elapsed="0.000144"/>
</kw>
<arg>${json_data["results"][0]["location"]["coordinates"]["longitude"]} &gt;= -180 and ${json_data["results"][0]["location"]["coordinates"]["longitude"]} &lt;= 180</arg>
<arg>Should Be True</arg>
<arg>${True}</arg>
<doc>Runs the given keyword with the given arguments, if ``condition`` is true.</doc>
<status status="PASS" start="2024-06-19T11:13:44.173816" elapsed="0.000957"/>
</kw>
<status status="PASS" start="2024-06-19T11:13:44.024898" elapsed="0.150005"/>
</kw>
<doc>Testa o conteúdo específico dos campos retornados pela API.</doc>
<tag>testeConteudo</tag>
<status status="PASS" start="2024-06-19T11:13:44.024454" elapsed="0.150602"/>
</test>
<status status="PASS" start="2024-06-19T11:13:42.883811" elapsed="1.293201"/>
</suite>
<status status="PASS" start="2024-06-19T11:13:42.860933" elapsed="1.321184"/>
</suite>
<statistics>
<total>
<stat pass="5" fail="0" skip="0">All Tests</stat>
</total>
<tag>
<stat pass="1" fail="0" skip="0">testeConteudo</stat>
<stat pass="1" fail="0" skip="0">testeEstruturaResposta</stat>
<stat pass="1" fail="0" skip="0">testeRequisicaoBasica</stat>
<stat pass="1" fail="0" skip="0">testeTiposDados</stat>
</tag>
<suite>
<stat pass="5" fail="0" skip="0" id="s1" name="Tests">Tests</stat>
<stat pass="5" fail="0" skip="0" id="s1-s1" name="Random-User-Test">Tests.Random-User-Test</stat>
</suite>
</statistics>
<errors>
</errors>
</robot>
