<?xml version="1.0" encoding="UTF-8"?>
<robot generator="Robot 7.0.1 (Python 3.12.4 on linux)" generated="2024-07-24T09:16:07.860059" rpa="false" schemaversion="5">
<suite id="s1" name="Tests" source="/home/runner/work/ApiRandomUser/ApiRandomUser/RamdonUser/tests">
<suite id="s1-s1" name="Random-User-Test" source="/home/runner/work/ApiRandomUser/ApiRandomUser/RamdonUser/tests/random-user-test.robot">
<test id="s1-s1-t1" name="Conectar" line="13">
<kw name="Conectar API" owner="random-user-service">
<kw name="Create Session" owner="RequestsLibrary">
<msg time="2024-07-24T09:16:08.246370" level="INFO">Creating Session using : alias=consultarAPI, url=https://randomuser.me/, headers={},                     cookies={}, auth=None, timeout=None, proxies=None, verify=False,                     debug=0 </msg>
<arg>consultarAPI</arg>
<arg>${URL}</arg>
<doc>Create Session: create a HTTP session to a server</doc>
<status status="PASS" start="2024-07-24T09:16:08.246175" elapsed="0.000367"/>
</kw>
<status status="PASS" start="2024-07-24T09:16:08.245133" elapsed="0.001754"/>
</kw>
<status status="PASS" start="2024-07-24T09:16:08.244537" elapsed="0.002544"/>
</test>
<test id="s1-s1-t2" name="Validar retorno 200 e JSON Válido" line="16">
<kw name="Teste de Requisicao Basica" owner="random-user-service">
<kw name="GET On Session" owner="RequestsLibrary">
<msg time="2024-07-24T09:16:08.413873" level="INFO">GET Request : url=https://randomuser.me/api 
 path_url=/api 
 headers={'User-Agent': 'python-requests/2.32.3', 'Accept-Encoding': 'gzip, deflate', 'Accept': '*/*', 'Connection': 'keep-alive'} 
 body=None 
 </msg>
<msg time="2024-07-24T09:16:08.414004" level="INFO">GET Response : url=https://randomuser.me/api 
 status=200, reason=OK 
 headers={'Date': 'Wed, 24 Jul 2024 09:16:08 GMT', 'Content-Type': 'application/json; charset=utf-8', 'Transfer-Encoding': 'chunked', 'Connection': 'keep-alive', 'X-Powered-By': 'Express', 'Access-Control-Allow-Origin': '*', 'Cache-Control': 'no-cache', 'ETag': 'W/"4a7-3wOb5+/UydqB0tR0OR/FDb3OnyE"', 'Vary': 'Accept-Encoding', 'Content-Encoding': 'gzip', 'CF-Cache-Status': 'DYNAMIC', 'Report-To': '{"endpoints":[{"url":"https:\\/\\/a.nel.cloudflare.com\\/report\\/v4?s=PUmb6fhDQ2x6a5MRcRn7hLE%2FEQdwjlvBtjg8k%2F6198pXRMOC87dZQBaTEYYl1zEUKKX5cQgShDRVjqY3N5q2nhb4%2FB20rWll3QOMi6wu4rRb6OrhUoEJIZdDtG01C6lU"}],"group":"cf-nel","max_age":604800}', 'NEL': '{"success_fraction":0,"report_to":"cf-nel","max_age":604800}', 'Server': 'cloudflare', 'CF-RAY': '8a82cf486e1a3898-IAD', 'alt-svc': 'h3=":443"; ma=86400'} 
 body={"results":[{"gender":"female","name":{"title":"Ms","first":"Sonia","last":"Narváez"},"location":{"street":{"number":3859,"name":"Calzada Hidalgo"},"city":"San Pedro Amuzgos","state":"Quintana Roo","country":"Mexico","postcode":15679,"coordinates":{"latitude":"28.9567","longitude":"90.9612"},"timezone":{"offset":"-1:00","description":"Azores, Cape Verde Islands"}},"email":"sonia.narvaez@example.com","login":{"uuid":"e9f664bb-18f0-4627-94bd-a48763499ee9","username":"ticklishostrich358","password":"photoes","salt":"F8cyiE1r","md5":"770d9b1d2a882751390a26fb7f09c46b","sha1":"c5d91caf4c5da7e65373ec451492d9f428f35a9d","sha256":"900297ef9cc95e5770862d9a9bc44b608500a40152df62d65fb09666df608aaa"},"dob":{"date":"1975-07-27T15:09:56.324Z","age":48},"registered":{"date":"2011-02-03T01:47:36.862Z","age":13},"phone":"(623) 559 9517","cell":"(614) 403 5509","id":{"name":"NSS","value":"82 43 00 5156 5"},"picture":{"large":"https://randomuser.me/api/portraits/women/39.jpg","medium":"https://randomuser.me/api/portraits/med/women/39.jpg","thumbnail":"https://randomuser.me/api/portraits/thumb/women/39.jpg"},"nat":"MX"}],"info":{"seed":"d44913c21c94dfce","results":1,"page":1,"version":"1.4"}} 
 </msg>
<msg time="2024-07-24T09:16:08.414108" level="INFO">/opt/hostedtoolcache/Python/3.12.4/x64/lib/python3.12/site-packages/urllib3/connectionpool.py:1099: InsecureRequestWarning: Unverified HTTPS request is being made to host 'randomuser.me'. Adding certificate verification is strongly advised. See: https://urllib3.readthedocs.io/en/latest/advanced-usage.html#tls-warnings
  warnings.warn(</msg>
<msg time="2024-07-24T09:16:08.414250" level="INFO">${response} = &lt;Response [200]&gt;</msg>
<var>${response}</var>
<arg>consultarAPI</arg>
<arg>/api</arg>
<doc>Sends a GET request on a previously created HTTP Session.</doc>
<status status="PASS" start="2024-07-24T09:16:08.249699" elapsed="0.164581"/>
</kw>
<kw name="Should Be Equal As Numbers" owner="BuiltIn">
<msg time="2024-07-24T09:16:08.415172" level="INFO">Argument types are:
&lt;class 'int'&gt;
&lt;class 'str'&gt;</msg>
<arg>${response.status_code}</arg>
<arg>200</arg>
<doc>Fails if objects are unequal after converting them to real numbers.</doc>
<status status="PASS" start="2024-07-24T09:16:08.414722" elapsed="0.000514"/>
</kw>
<kw name="Log" owner="BuiltIn">
<msg time="2024-07-24T09:16:08.415911" level="INFO">200</msg>
<arg>${response.status_code}</arg>
<doc>Logs the given message with the given level.</doc>
<status status="PASS" start="2024-07-24T09:16:08.415553" elapsed="0.000400"/>
</kw>
<kw name="Set Variable" owner="BuiltIn">
<msg time="2024-07-24T09:16:08.416693" level="INFO">${json_data} = {'results': [{'gender': 'female', 'name': {'title': 'Ms', 'first': 'Sonia', 'last': 'Narváez'}, 'location': {'street': {'number': 3859, 'name': 'Calzada Hidalgo'}, 'city': 'San Pedro Amuzgos', 'state'...</msg>
<var>${json_data}</var>
<arg>${response.json()}</arg>
<doc>Returns the given values which can then be assigned to a variables.</doc>
<status status="PASS" start="2024-07-24T09:16:08.416255" elapsed="0.000468"/>
</kw>
<kw name="Dictionary Should Contain Key" owner="Collections">
<arg>${json_data}</arg>
<arg>results</arg>
<doc>Fails if ``key`` is not found from ``dictionary``.</doc>
<status status="PASS" start="2024-07-24T09:16:08.417029" elapsed="0.000312"/>
</kw>
<status status="PASS" start="2024-07-24T09:16:08.249461" elapsed="0.168034"/>
</kw>
<doc>Testa se a API responde corretamente e retorna um objeto JSON válido.</doc>
<tag>testeRequisicaoBasica</tag>
<status status="PASS" start="2024-07-24T09:16:08.248944" elapsed="0.168719"/>
</test>
<test id="s1-s1-t3" name="Validar estrutura de resposta" line="22">
<kw name="Teste de Estrutura de Resposta" owner="random-user-service">
<kw name="GET On Session" owner="RequestsLibrary">
<msg time="2024-07-24T09:16:08.521299" level="INFO">GET Request : url=https://randomuser.me/api 
 path_url=/api 
 headers={'User-Agent': 'python-requests/2.32.3', 'Accept-Encoding': 'gzip, deflate', 'Accept': '*/*', 'Connection': 'keep-alive'} 
 body=None 
 </msg>
<msg time="2024-07-24T09:16:08.521387" level="INFO">GET Response : url=https://randomuser.me/api 
 status=200, reason=OK 
 headers={'Date': 'Wed, 24 Jul 2024 09:16:08 GMT', 'Content-Type': 'application/json; charset=utf-8', 'Transfer-Encoding': 'chunked', 'Connection': 'keep-alive', 'X-Powered-By': 'Express', 'Access-Control-Allow-Origin': '*', 'Cache-Control': 'no-cache', 'ETag': 'W/"49a-wc9ev4hzZmWnMk9unbgJcnAtQb8"', 'Vary': 'Accept-Encoding', 'Content-Encoding': 'gzip', 'CF-Cache-Status': 'DYNAMIC', 'Report-To': '{"endpoints":[{"url":"https:\\/\\/a.nel.cloudflare.com\\/report\\/v4?s=s4hX%2BnFDWH36vwu5ff1LUfDeVGn8wUnKF4jWkNy1HdcPLZHIb6IBp0NNxG3iNmtj5SOnxWGiDEN1rpV2KBtxr9zexMhBgmUoOKYgHzJexNLL0AcnI0MmH%2F7mo0Al9wqX"}],"group":"cf-nel","max_age":604800}', 'NEL': '{"success_fraction":0,"report_to":"cf-nel","max_age":604800}', 'Server': 'cloudflare', 'CF-RAY': '8a82cf48ae483898-IAD', 'alt-svc': 'h3=":443"; ma=86400'} 
 body={"results":[{"gender":"male","name":{"title":"Mr","first":"Mylan","last":"Nicolas"},"location":{"street":{"number":7195,"name":"Rue Saint-Georges"},"city":"Rennes","state":"Jura","country":"France","postcode":65585,"coordinates":{"latitude":"-20.9555","longitude":"-152.6346"},"timezone":{"offset":"+3:00","description":"Baghdad, Riyadh, Moscow, St. Petersburg"}},"email":"mylan.nicolas@example.com","login":{"uuid":"bc8bfb89-3fb8-4b23-9b38-40a2ed99cf5c","username":"brownleopard354","password":"puppy","salt":"n7SFRkoh","md5":"dfdd74fab5e97c98a451aa09dfc279df","sha1":"814a21db7e56cfff7a6f18396ed92b5f29e32155","sha256":"7edc25daf8a7e3c251b41f6a524b2012055e667efebcbedb325cab673663ba2a"},"dob":{"date":"1946-03-21T10:07:42.546Z","age":78},"registered":{"date":"2015-02-07T11:59:24.399Z","age":9},"phone":"05-85-57-93-79","cell":"06-47-00-66-89","id":{"name":"INSEE","value":"1460274437532 33"},"picture":{"large":"https://randomuser.me/api/portraits/men/18.jpg","medium":"https://randomuser.me/api/portraits/med/men/18.jpg","thumbnail":"https://randomuser.me/api/portraits/thumb/men/18.jpg"},"nat":"FR"}],"info":{"seed":"98e54aeff72952c9","results":1,"page":1,"version":"1.4"}} 
 </msg>
<msg time="2024-07-24T09:16:08.521517" level="INFO">/opt/hostedtoolcache/Python/3.12.4/x64/lib/python3.12/site-packages/urllib3/connectionpool.py:1099: InsecureRequestWarning: Unverified HTTPS request is being made to host 'randomuser.me'. Adding certificate verification is strongly advised. See: https://urllib3.readthedocs.io/en/latest/advanced-usage.html#tls-warnings
  warnings.warn(</msg>
<msg time="2024-07-24T09:16:08.521671" level="INFO">${response} = &lt;Response [200]&gt;</msg>
<var>${response}</var>
<arg>consultarAPI</arg>
<arg>/api</arg>
<doc>Sends a GET request on a previously created HTTP Session.</doc>
<status status="PASS" start="2024-07-24T09:16:08.420238" elapsed="0.101498"/>
</kw>
<kw name="Set Variable" owner="BuiltIn">
<msg time="2024-07-24T09:16:08.522651" level="INFO">${json_data} = {'results': [{'gender': 'male', 'name': {'title': 'Mr', 'first': 'Mylan', 'last': 'Nicolas'}, 'location': {'street': {'number': 7195, 'name': 'Rue Saint-Georges'}, 'city': 'Rennes', 'state': 'Jura', '...</msg>
<var>${json_data}</var>
<arg>${response.json()}</arg>
<doc>Returns the given values which can then be assigned to a variables.</doc>
<status status="PASS" start="2024-07-24T09:16:08.522219" elapsed="0.000461"/>
</kw>
<kw name="Log" owner="BuiltIn">
<msg time="2024-07-24T09:16:08.523140" level="INFO">{'results': [{'gender': 'male', 'name': {'title': 'Mr', 'first': 'Mylan', 'last': 'Nicolas'}, 'location': {'street': {'number': 7195, 'name': 'Rue Saint-Georges'}, 'city': 'Rennes', 'state': 'Jura', 'country': 'France', 'postcode': 65585, 'coordinates': {'latitude': '-20.9555', 'longitude': '-152.6346'}, 'timezone': {'offset': '+3:00', 'description': 'Baghdad, Riyadh, Moscow, St. Petersburg'}}, 'email': 'mylan.nicolas@example.com', 'login': {'uuid': 'bc8bfb89-3fb8-4b23-9b38-40a2ed99cf5c', 'username': 'brownleopard354', 'password': 'puppy', 'salt': 'n7SFRkoh', 'md5': 'dfdd74fab5e97c98a451aa09dfc279df', 'sha1': '814a21db7e56cfff7a6f18396ed92b5f29e32155', 'sha256': '7edc25daf8a7e3c251b41f6a524b2012055e667efebcbedb325cab673663ba2a'}, 'dob': {'date': '1946-03-21T10:07:42.546Z', 'age': 78}, 'registered': {'date': '2015-02-07T11:59:24.399Z', 'age': 9}, 'phone': '05-85-57-93-79', 'cell': '06-47-00-66-89', 'id': {'name': 'INSEE', 'value': '1460274437532 33'}, 'picture': {'large': 'https://randomuser.me/api/portraits/men/18.jpg', 'medium': 'https://randomuser.me/api/portraits/med/men/18.jpg', 'thumbnail': 'https://randomuser.me/api/portraits/thumb/men/18.jpg'}, 'nat': 'FR'}], 'info': {'seed': '98e54aeff72952c9', 'results': 1, 'page': 1, 'version': '1.4'}}</msg>
<arg>${json_data}</arg>
<doc>Logs the given message with the given level.</doc>
<status status="PASS" start="2024-07-24T09:16:08.522982" elapsed="0.000206"/>
</kw>
<kw name="Dictionary Should Contain Key" owner="Collections">
<arg>${json_data}</arg>
<arg>results</arg>
<doc>Fails if ``key`` is not found from ``dictionary``.</doc>
<status status="PASS" start="2024-07-24T09:16:08.523474" elapsed="0.000158"/>
</kw>
<kw name="Should Not Be Empty" owner="BuiltIn">
<msg time="2024-07-24T09:16:08.523954" level="INFO">Length is 2.</msg>
<arg>${json_data}</arg>
<doc>Verifies that the given item is not empty.</doc>
<status status="PASS" start="2024-07-24T09:16:08.523821" elapsed="0.000171"/>
</kw>
<kw name="Create List" owner="BuiltIn">
<msg time="2024-07-24T09:16:08.524427" level="INFO">${expected_keys} = ['gender', 'name', 'location', 'email', 'login']</msg>
<var>${expected_keys}</var>
<arg>gender</arg>
<arg>name</arg>
<arg>location</arg>
<arg>email</arg>
<arg>login</arg>
<doc>Returns a list containing given items.</doc>
<status status="PASS" start="2024-07-24T09:16:08.524277" elapsed="0.000174"/>
</kw>
<for flavor="IN">
<iter>
<kw name="Dictionary Should Contain Key" owner="Collections">
<arg>${json_data['results'][0]}</arg>
<arg>${key}</arg>
<doc>Fails if ``key`` is not found from ``dictionary``.</doc>
<status status="PASS" start="2024-07-24T09:16:08.525025" elapsed="0.000412"/>
</kw>
<kw name="Log" owner="BuiltIn">
<msg time="2024-07-24T09:16:08.525975" level="INFO">{'gender': 'male', 'name': {'title': 'Mr', 'first': 'Mylan', 'last': 'Nicolas'}, 'location': {'street': {'number': 7195, 'name': 'Rue Saint-Georges'}, 'city': 'Rennes', 'state': 'Jura', 'country': 'France', 'postcode': 65585, 'coordinates': {'latitude': '-20.9555', 'longitude': '-152.6346'}, 'timezone': {'offset': '+3:00', 'description': 'Baghdad, Riyadh, Moscow, St. Petersburg'}}, 'email': 'mylan.nicolas@example.com', 'login': {'uuid': 'bc8bfb89-3fb8-4b23-9b38-40a2ed99cf5c', 'username': 'brownleopard354', 'password': 'puppy', 'salt': 'n7SFRkoh', 'md5': 'dfdd74fab5e97c98a451aa09dfc279df', 'sha1': '814a21db7e56cfff7a6f18396ed92b5f29e32155', 'sha256': '7edc25daf8a7e3c251b41f6a524b2012055e667efebcbedb325cab673663ba2a'}, 'dob': {'date': '1946-03-21T10:07:42.546Z', 'age': 78}, 'registered': {'date': '2015-02-07T11:59:24.399Z', 'age': 9}, 'phone': '05-85-57-93-79', 'cell': '06-47-00-66-89', 'id': {'name': 'INSEE', 'value': '1460274437532 33'}, 'picture': {'large': 'https://randomuser.me/api/portraits/men/18.jpg', 'medium': 'https://randomuser.me/api/portraits/med/men/18.jpg', 'thumbnail': 'https://randomuser.me/api/portraits/thumb/men/18.jpg'}, 'nat': 'FR'}</msg>
<arg>${json_data['results'][0]}</arg>
<doc>Logs the given message with the given level.</doc>
<status status="PASS" start="2024-07-24T09:16:08.525623" elapsed="0.000403"/>
</kw>
<kw name="Log" owner="BuiltIn">
<msg time="2024-07-24T09:16:08.526475" level="INFO">gender</msg>
<arg>${key}</arg>
<doc>Logs the given message with the given level.</doc>
<status status="PASS" start="2024-07-24T09:16:08.526347" elapsed="0.000167"/>
</kw>
<var name="${key}">gender</var>
<status status="PASS" start="2024-07-24T09:16:08.524900" elapsed="0.001829"/>
</iter>
<iter>
<kw name="Dictionary Should Contain Key" owner="Collections">
<arg>${json_data['results'][0]}</arg>
<arg>${key}</arg>
<doc>Fails if ``key`` is not found from ``dictionary``.</doc>
<status status="PASS" start="2024-07-24T09:16:08.527024" elapsed="0.000388"/>
</kw>
<kw name="Log" owner="BuiltIn">
<msg time="2024-07-24T09:16:08.527948" level="INFO">{'gender': 'male', 'name': {'title': 'Mr', 'first': 'Mylan', 'last': 'Nicolas'}, 'location': {'street': {'number': 7195, 'name': 'Rue Saint-Georges'}, 'city': 'Rennes', 'state': 'Jura', 'country': 'France', 'postcode': 65585, 'coordinates': {'latitude': '-20.9555', 'longitude': '-152.6346'}, 'timezone': {'offset': '+3:00', 'description': 'Baghdad, Riyadh, Moscow, St. Petersburg'}}, 'email': 'mylan.nicolas@example.com', 'login': {'uuid': 'bc8bfb89-3fb8-4b23-9b38-40a2ed99cf5c', 'username': 'brownleopard354', 'password': 'puppy', 'salt': 'n7SFRkoh', 'md5': 'dfdd74fab5e97c98a451aa09dfc279df', 'sha1': '814a21db7e56cfff7a6f18396ed92b5f29e32155', 'sha256': '7edc25daf8a7e3c251b41f6a524b2012055e667efebcbedb325cab673663ba2a'}, 'dob': {'date': '1946-03-21T10:07:42.546Z', 'age': 78}, 'registered': {'date': '2015-02-07T11:59:24.399Z', 'age': 9}, 'phone': '05-85-57-93-79', 'cell': '06-47-00-66-89', 'id': {'name': 'INSEE', 'value': '1460274437532 33'}, 'picture': {'large': 'https://randomuser.me/api/portraits/men/18.jpg', 'medium': 'https://randomuser.me/api/portraits/med/men/18.jpg', 'thumbnail': 'https://randomuser.me/api/portraits/thumb/men/18.jpg'}, 'nat': 'FR'}</msg>
<arg>${json_data['results'][0]}</arg>
<doc>Logs the given message with the given level.</doc>
<status status="PASS" start="2024-07-24T09:16:08.527594" elapsed="0.000434"/>
</kw>
<kw name="Log" owner="BuiltIn">
<msg time="2024-07-24T09:16:08.528447" level="INFO">name</msg>
<arg>${key}</arg>
<doc>Logs the given message with the given level.</doc>
<status status="PASS" start="2024-07-24T09:16:08.528322" elapsed="0.000162"/>
</kw>
<var name="${key}">name</var>
<status status="PASS" start="2024-07-24T09:16:08.526914" elapsed="0.001784"/>
</iter>
<iter>
<kw name="Dictionary Should Contain Key" owner="Collections">
<arg>${json_data['results'][0]}</arg>
<arg>${key}</arg>
<doc>Fails if ``key`` is not found from ``dictionary``.</doc>
<status status="PASS" start="2024-07-24T09:16:08.528981" elapsed="0.000379"/>
</kw>
<kw name="Log" owner="BuiltIn">
<msg time="2024-07-24T09:16:08.529895" level="INFO">{'gender': 'male', 'name': {'title': 'Mr', 'first': 'Mylan', 'last': 'Nicolas'}, 'location': {'street': {'number': 7195, 'name': 'Rue Saint-Georges'}, 'city': 'Rennes', 'state': 'Jura', 'country': 'France', 'postcode': 65585, 'coordinates': {'latitude': '-20.9555', 'longitude': '-152.6346'}, 'timezone': {'offset': '+3:00', 'description': 'Baghdad, Riyadh, Moscow, St. Petersburg'}}, 'email': 'mylan.nicolas@example.com', 'login': {'uuid': 'bc8bfb89-3fb8-4b23-9b38-40a2ed99cf5c', 'username': 'brownleopard354', 'password': 'puppy', 'salt': 'n7SFRkoh', 'md5': 'dfdd74fab5e97c98a451aa09dfc279df', 'sha1': '814a21db7e56cfff7a6f18396ed92b5f29e32155', 'sha256': '7edc25daf8a7e3c251b41f6a524b2012055e667efebcbedb325cab673663ba2a'}, 'dob': {'date': '1946-03-21T10:07:42.546Z', 'age': 78}, 'registered': {'date': '2015-02-07T11:59:24.399Z', 'age': 9}, 'phone': '05-85-57-93-79', 'cell': '06-47-00-66-89', 'id': {'name': 'INSEE', 'value': '1460274437532 33'}, 'picture': {'large': 'https://randomuser.me/api/portraits/men/18.jpg', 'medium': 'https://randomuser.me/api/portraits/med/men/18.jpg', 'thumbnail': 'https://randomuser.me/api/portraits/thumb/men/18.jpg'}, 'nat': 'FR'}</msg>
<arg>${json_data['results'][0]}</arg>
<doc>Logs the given message with the given level.</doc>
<status status="PASS" start="2024-07-24T09:16:08.529548" elapsed="0.000396"/>
</kw>
<kw name="Log" owner="BuiltIn">
<msg time="2024-07-24T09:16:08.530386" level="INFO">location</msg>
<arg>${key}</arg>
<doc>Logs the given message with the given level.</doc>
<status status="PASS" start="2024-07-24T09:16:08.530260" elapsed="0.000164"/>
</kw>
<var name="${key}">location</var>
<status status="PASS" start="2024-07-24T09:16:08.528875" elapsed="0.001763"/>
</iter>
<iter>
<kw name="Dictionary Should Contain Key" owner="Collections">
<arg>${json_data['results'][0]}</arg>
<arg>${key}</arg>
<doc>Fails if ``key`` is not found from ``dictionary``.</doc>
<status status="PASS" start="2024-07-24T09:16:08.530913" elapsed="0.000387"/>
</kw>
<kw name="Log" owner="BuiltIn">
<msg time="2024-07-24T09:16:08.531948" level="INFO">{'gender': 'male', 'name': {'title': 'Mr', 'first': 'Mylan', 'last': 'Nicolas'}, 'location': {'street': {'number': 7195, 'name': 'Rue Saint-Georges'}, 'city': 'Rennes', 'state': 'Jura', 'country': 'France', 'postcode': 65585, 'coordinates': {'latitude': '-20.9555', 'longitude': '-152.6346'}, 'timezone': {'offset': '+3:00', 'description': 'Baghdad, Riyadh, Moscow, St. Petersburg'}}, 'email': 'mylan.nicolas@example.com', 'login': {'uuid': 'bc8bfb89-3fb8-4b23-9b38-40a2ed99cf5c', 'username': 'brownleopard354', 'password': 'puppy', 'salt': 'n7SFRkoh', 'md5': 'dfdd74fab5e97c98a451aa09dfc279df', 'sha1': '814a21db7e56cfff7a6f18396ed92b5f29e32155', 'sha256': '7edc25daf8a7e3c251b41f6a524b2012055e667efebcbedb325cab673663ba2a'}, 'dob': {'date': '1946-03-21T10:07:42.546Z', 'age': 78}, 'registered': {'date': '2015-02-07T11:59:24.399Z', 'age': 9}, 'phone': '05-85-57-93-79', 'cell': '06-47-00-66-89', 'id': {'name': 'INSEE', 'value': '1460274437532 33'}, 'picture': {'large': 'https://randomuser.me/api/portraits/men/18.jpg', 'medium': 'https://randomuser.me/api/portraits/med/men/18.jpg', 'thumbnail': 'https://randomuser.me/api/portraits/thumb/men/18.jpg'}, 'nat': 'FR'}</msg>
<arg>${json_data['results'][0]}</arg>
<doc>Logs the given message with the given level.</doc>
<status status="PASS" start="2024-07-24T09:16:08.531594" elapsed="0.000403"/>
</kw>
<kw name="Log" owner="BuiltIn">
<msg time="2024-07-24T09:16:08.532418" level="INFO">email</msg>
<arg>${key}</arg>
<doc>Logs the given message with the given level.</doc>
<status status="PASS" start="2024-07-24T09:16:08.532290" elapsed="0.000165"/>
</kw>
<var name="${key}">email</var>
<status status="PASS" start="2024-07-24T09:16:08.530808" elapsed="0.001859"/>
</iter>
<iter>
<kw name="Dictionary Should Contain Key" owner="Collections">
<arg>${json_data['results'][0]}</arg>
<arg>${key}</arg>
<doc>Fails if ``key`` is not found from ``dictionary``.</doc>
<status status="PASS" start="2024-07-24T09:16:08.532946" elapsed="0.000373"/>
</kw>
<kw name="Log" owner="BuiltIn">
<msg time="2024-07-24T09:16:08.533864" level="INFO">{'gender': 'male', 'name': {'title': 'Mr', 'first': 'Mylan', 'last': 'Nicolas'}, 'location': {'street': {'number': 7195, 'name': 'Rue Saint-Georges'}, 'city': 'Rennes', 'state': 'Jura', 'country': 'France', 'postcode': 65585, 'coordinates': {'latitude': '-20.9555', 'longitude': '-152.6346'}, 'timezone': {'offset': '+3:00', 'description': 'Baghdad, Riyadh, Moscow, St. Petersburg'}}, 'email': 'mylan.nicolas@example.com', 'login': {'uuid': 'bc8bfb89-3fb8-4b23-9b38-40a2ed99cf5c', 'username': 'brownleopard354', 'password': 'puppy', 'salt': 'n7SFRkoh', 'md5': 'dfdd74fab5e97c98a451aa09dfc279df', 'sha1': '814a21db7e56cfff7a6f18396ed92b5f29e32155', 'sha256': '7edc25daf8a7e3c251b41f6a524b2012055e667efebcbedb325cab673663ba2a'}, 'dob': {'date': '1946-03-21T10:07:42.546Z', 'age': 78}, 'registered': {'date': '2015-02-07T11:59:24.399Z', 'age': 9}, 'phone': '05-85-57-93-79', 'cell': '06-47-00-66-89', 'id': {'name': 'INSEE', 'value': '1460274437532 33'}, 'picture': {'large': 'https://randomuser.me/api/portraits/men/18.jpg', 'medium': 'https://randomuser.me/api/portraits/med/men/18.jpg', 'thumbnail': 'https://randomuser.me/api/portraits/thumb/men/18.jpg'}, 'nat': 'FR'}</msg>
<arg>${json_data['results'][0]}</arg>
<doc>Logs the given message with the given level.</doc>
<status status="PASS" start="2024-07-24T09:16:08.533498" elapsed="0.000430"/>
</kw>
<kw name="Log" owner="BuiltIn">
<msg time="2024-07-24T09:16:08.534368" level="INFO">login</msg>
<arg>${key}</arg>
<doc>Logs the given message with the given level.</doc>
<status status="PASS" start="2024-07-24T09:16:08.534242" elapsed="0.000162"/>
</kw>
<var name="${key}">login</var>
<status status="PASS" start="2024-07-24T09:16:08.532840" elapsed="0.001776"/>
</iter>
<var>${key}</var>
<value>@{expected_keys}</value>
<status status="PASS" start="2024-07-24T09:16:08.524710" elapsed="0.010026"/>
</for>
<kw name="Create List" owner="BuiltIn">
<msg time="2024-07-24T09:16:08.535092" level="INFO">${expected_keysTwo} = ['username', 'password']</msg>
<var>${expected_keysTwo}</var>
<arg>username</arg>
<arg>password</arg>
<doc>Returns a list containing given items.</doc>
<status status="PASS" start="2024-07-24T09:16:08.534926" elapsed="0.000190"/>
</kw>
<for flavor="IN">
<iter>
<kw name="Dictionary Should Contain Key" owner="Collections">
<arg>${json_data['results'][0]['login']}</arg>
<arg>${keyTwo}</arg>
<doc>Fails if ``key`` is not found from ``dictionary``.</doc>
<status status="PASS" start="2024-07-24T09:16:08.535608" elapsed="0.000387"/>
</kw>
<kw name="Dictionary Should Contain Key" owner="Collections">
<arg>${json_data['results'][0]['login']}</arg>
<arg>${keyTwo}</arg>
<doc>Fails if ``key`` is not found from ``dictionary``.</doc>
<status status="PASS" start="2024-07-24T09:16:08.536175" elapsed="0.000373"/>
</kw>
<kw name="Log" owner="BuiltIn">
<msg time="2024-07-24T09:16:08.536845" level="INFO">username</msg>
<arg>${keyTwo}</arg>
<doc>Logs the given message with the given level.</doc>
<status status="PASS" start="2024-07-24T09:16:08.536725" elapsed="0.000157"/>
</kw>
<var name="${keyTwo}">username</var>
<status status="PASS" start="2024-07-24T09:16:08.535503" elapsed="0.001596"/>
</iter>
<iter>
<kw name="Dictionary Should Contain Key" owner="Collections">
<arg>${json_data['results'][0]['login']}</arg>
<arg>${keyTwo}</arg>
<doc>Fails if ``key`` is not found from ``dictionary``.</doc>
<status status="PASS" start="2024-07-24T09:16:08.537380" elapsed="0.000389"/>
</kw>
<kw name="Dictionary Should Contain Key" owner="Collections">
<arg>${json_data['results'][0]['login']}</arg>
<arg>${keyTwo}</arg>
<doc>Fails if ``key`` is not found from ``dictionary``.</doc>
<status status="PASS" start="2024-07-24T09:16:08.537948" elapsed="0.000396"/>
</kw>
<kw name="Log" owner="BuiltIn">
<msg time="2024-07-24T09:16:08.538647" level="INFO">password</msg>
<arg>${keyTwo}</arg>
<doc>Logs the given message with the given level.</doc>
<status status="PASS" start="2024-07-24T09:16:08.538520" elapsed="0.000164"/>
</kw>
<var name="${keyTwo}">password</var>
<status status="PASS" start="2024-07-24T09:16:08.537269" elapsed="0.001636"/>
</iter>
<var>${keyTwo}</var>
<value>@{expected_keysTwo}</value>
<status status="PASS" start="2024-07-24T09:16:08.535352" elapsed="0.003674"/>
</for>
<status status="PASS" start="2024-07-24T09:16:08.420006" elapsed="0.119157"/>
</kw>
<doc>Testa a estrutura da resposta da API.</doc>
<tag>testeEstruturaResposta</tag>
<status status="PASS" start="2024-07-24T09:16:08.419528" elapsed="0.119781"/>
</test>
<test id="s1-s1-t4" name="Validar tipos de dados" line="28">
<kw name="Teste de Tipos de Dados" owner="random-user-service">
<kw name="GET On Session" owner="RequestsLibrary">
<msg time="2024-07-24T09:16:08.612180" level="INFO">GET Request : url=https://randomuser.me/api 
 path_url=/api 
 headers={'User-Agent': 'python-requests/2.32.3', 'Accept-Encoding': 'gzip, deflate', 'Accept': '*/*', 'Connection': 'keep-alive'} 
 body=None 
 </msg>
<msg time="2024-07-24T09:16:08.612267" level="INFO">GET Response : url=https://randomuser.me/api 
 status=200, reason=OK 
 headers={'Date': 'Wed, 24 Jul 2024 09:16:08 GMT', 'Content-Type': 'application/json; charset=utf-8', 'Transfer-Encoding': 'chunked', 'Connection': 'keep-alive', 'X-Powered-By': 'Express', 'Access-Control-Allow-Origin': '*', 'Cache-Control': 'no-cache', 'ETag': 'W/"46f-uufmi6EaAC+pNDqsmCczAUokDzY"', 'Vary': 'Accept-Encoding', 'Content-Encoding': 'gzip', 'CF-Cache-Status': 'DYNAMIC', 'Report-To': '{"endpoints":[{"url":"https:\\/\\/a.nel.cloudflare.com\\/report\\/v4?s=IGIbKt0ol%2BuZ9BdUAYrXjADHy9y8PFFfdKSfcx41vWJED2iwdlEyhF5ngb63EUI6WgUhG5fDbJyBVKTtyxuLMpiwrwyMW%2BByKy2tIGZwJUQSwkfzOLRUwGAXgtf60%2FqY"}],"group":"cf-nel","max_age":604800}', 'NEL': '{"success_fraction":0,"report_to":"cf-nel","max_age":604800}', 'Server': 'cloudflare', 'CF-RAY': '8a82cf496eec3898-IAD', 'alt-svc': 'h3=":443"; ma=86400'} 
 body={"results":[{"gender":"male","name":{"title":"Mr","first":"Lennox","last":"Langørgen"},"location":{"street":{"number":8413,"name":"Bolette Brygge"},"city":"Leknes","state":"Bergen","country":"Norway","postcode":"9615","coordinates":{"latitude":"43.8935","longitude":"-168.0102"},"timezone":{"offset":"-10:00","description":"Hawaii"}},"email":"lennox.langorgen@example.com","login":{"uuid":"871d1726-741e-41ba-bf44-94d325ea55ae","username":"brownelephant639","password":"weed420","salt":"Dtg6fTNp","md5":"7fd48d4c76557c5abc39d268d5bbeb46","sha1":"ef9956b77a0c22cd409e27bc02475e74b741e6d1","sha256":"1c9595460cc70e835f5634b6b667d5c991381731e093cfe3071af11ffc942266"},"dob":{"date":"1960-04-25T04:49:15.047Z","age":64},"registered":{"date":"2018-10-30T01:25:21.782Z","age":5},"phone":"23963369","cell":"45738121","id":{"name":"FN","value":"25046036916"},"picture":{"large":"https://randomuser.me/api/portraits/men/19.jpg","medium":"https://randomuser.me/api/portraits/med/men/19.jpg","thumbnail":"https://randomuser.me/api/portraits/thumb/men/19.jpg"},"nat":"NO"}],"info":{"seed":"470ee1ba306d40a8","results":1,"page":1,"version":"1.4"}} 
 </msg>
<msg time="2024-07-24T09:16:08.612324" level="INFO">/opt/hostedtoolcache/Python/3.12.4/x64/lib/python3.12/site-packages/urllib3/connectionpool.py:1099: InsecureRequestWarning: Unverified HTTPS request is being made to host 'randomuser.me'. Adding certificate verification is strongly advised. See: https://urllib3.readthedocs.io/en/latest/advanced-usage.html#tls-warnings
  warnings.warn(</msg>
<msg time="2024-07-24T09:16:08.612432" level="INFO">${response} = &lt;Response [200]&gt;</msg>
<var>${response}</var>
<arg>consultarAPI</arg>
<arg>/api</arg>
<doc>Sends a GET request on a previously created HTTP Session.</doc>
<status status="PASS" start="2024-07-24T09:16:08.541654" elapsed="0.070817"/>
</kw>
<kw name="Set Variable" owner="BuiltIn">
<msg time="2024-07-24T09:16:08.613276" level="INFO">${json_data} = {'results': [{'gender': 'male', 'name': {'title': 'Mr', 'first': 'Lennox', 'last': 'Langørgen'}, 'location': {'street': {'number': 8413, 'name': 'Bolette Brygge'}, 'city': 'Leknes', 'state': 'Bergen',...</msg>
<var>${json_data}</var>
<arg>${response.json()}</arg>
<doc>Returns the given values which can then be assigned to a variables.</doc>
<status status="PASS" start="2024-07-24T09:16:08.612818" elapsed="0.000486"/>
</kw>
<kw name="Log" owner="BuiltIn">
<msg time="2024-07-24T09:16:08.613761" level="INFO">{'results': [{'gender': 'male', 'name': {'title': 'Mr', 'first': 'Lennox', 'last': 'Langørgen'}, 'location': {'street': {'number': 8413, 'name': 'Bolette Brygge'}, 'city': 'Leknes', 'state': 'Bergen', 'country': 'Norway', 'postcode': '9615', 'coordinates': {'latitude': '43.8935', 'longitude': '-168.0102'}, 'timezone': {'offset': '-10:00', 'description': 'Hawaii'}}, 'email': 'lennox.langorgen@example.com', 'login': {'uuid': '871d1726-741e-41ba-bf44-94d325ea55ae', 'username': 'brownelephant639', 'password': 'weed420', 'salt': 'Dtg6fTNp', 'md5': '7fd48d4c76557c5abc39d268d5bbeb46', 'sha1': 'ef9956b77a0c22cd409e27bc02475e74b741e6d1', 'sha256': '1c9595460cc70e835f5634b6b667d5c991381731e093cfe3071af11ffc942266'}, 'dob': {'date': '1960-04-25T04:49:15.047Z', 'age': 64}, 'registered': {'date': '2018-10-30T01:25:21.782Z', 'age': 5}, 'phone': '23963369', 'cell': '45738121', 'id': {'name': 'FN', 'value': '25046036916'}, 'picture': {'large': 'https://randomuser.me/api/portraits/men/19.jpg', 'medium': 'https://randomuser.me/api/portraits/med/men/19.jpg', 'thumbnail': 'https://randomuser.me/api/portraits/thumb/men/19.jpg'}, 'nat': 'NO'}], 'info': {'seed': '470ee1ba306d40a8', 'results': 1, 'page': 1, 'version': '1.4'}}</msg>
<arg>${json_data}</arg>
<doc>Logs the given message with the given level.</doc>
<status status="PASS" start="2024-07-24T09:16:08.613609" elapsed="0.000200"/>
</kw>
<kw name="Should Be String" owner="String">
<arg>${json_data['results'][0]['gender']}</arg>
<doc>Fails if the given ``item`` is not a string.</doc>
<status status="PASS" start="2024-07-24T09:16:08.614125" elapsed="0.000375"/>
</kw>
<kw name="Should Match Regexp" owner="BuiltIn">
<arg>${json_data['results'][0]['email']}</arg>
<arg>^[a-zA-Z0-9._%+-]+@[a-zA-Z0-9.-]+\.[a-zA-Z]{2,}$</arg>
<doc>Fails if ``string`` does not match ``pattern`` as a regular expression.</doc>
<status status="PASS" start="2024-07-24T09:16:08.614688" elapsed="0.000509"/>
</kw>
<kw name="Should Match Regexp" owner="BuiltIn">
<arg>${json_data['results'][0]['dob']['date']}</arg>
<arg>\\d{4}-\\d{2}-\\d{2}T\\d{2}:\\d{2}:\\d{2}\\.\\d{3}Z</arg>
<doc>Fails if ``string`` does not match ``pattern`` as a regular expression.</doc>
<status status="PASS" start="2024-07-24T09:16:08.615429" elapsed="0.000603"/>
</kw>
<kw name="Should Match Regexp" owner="BuiltIn">
<arg>${json_data['results'][0]['registered']['date']}</arg>
<arg>\\d{4}-\\d{2}-\\d{2}T\\d{2}:\\d{2}:\\d{2}\\.\\d{3}Z</arg>
<doc>Fails if ``string`` does not match ``pattern`` as a regular expression.</doc>
<status status="PASS" start="2024-07-24T09:16:08.616225" elapsed="0.000373"/>
</kw>
<kw name="Should Match Regexp" owner="BuiltIn">
<arg>${json_data['results'][0]['picture']['large']}</arg>
<arg>^https?://.*\.(?:png|jpe?g|gif|bmp)$</arg>
<doc>Fails if ``string`` does not match ``pattern`` as a regular expression.</doc>
<status status="PASS" start="2024-07-24T09:16:08.616784" elapsed="0.000454"/>
</kw>
<kw name="Should Match Regexp" owner="BuiltIn">
<arg>${json_data['results'][0]['picture']['medium']}</arg>
<arg>^https?://.*\.(?:png|jpe?g|gif|bmp)$</arg>
<doc>Fails if ``string`` does not match ``pattern`` as a regular expression.</doc>
<status status="PASS" start="2024-07-24T09:16:08.617424" elapsed="0.000349"/>
</kw>
<kw name="Should Match Regexp" owner="BuiltIn">
<arg>${json_data['results'][0]['picture']['thumbnail']}</arg>
<arg>^https?://.*\.(?:png|jpe?g|gif|bmp)$</arg>
<doc>Fails if ``string`` does not match ``pattern`` as a regular expression.</doc>
<status status="PASS" start="2024-07-24T09:16:08.617955" elapsed="0.000378"/>
</kw>
<kw name="Log" owner="BuiltIn">
<msg time="2024-07-24T09:16:08.618849" level="INFO">{'large': 'https://randomuser.me/api/portraits/men/19.jpg', 'medium': 'https://randomuser.me/api/portraits/med/men/19.jpg', 'thumbnail': 'https://randomuser.me/api/portraits/thumb/men/19.jpg'}</msg>
<arg>${json_data['results'][0]['picture']}</arg>
<doc>Logs the given message with the given level.</doc>
<status status="PASS" start="2024-07-24T09:16:08.618523" elapsed="0.000369"/>
</kw>
<status status="PASS" start="2024-07-24T09:16:08.541437" elapsed="0.077709"/>
</kw>
<kw name="Teste de Tipos de Dados - Postcode" owner="random-user-service">
<kw name="GET On Session" owner="RequestsLibrary">
<msg time="2024-07-24T09:16:08.713915" level="INFO">GET Request : url=https://randomuser.me/api 
 path_url=/api 
 headers={'User-Agent': 'python-requests/2.32.3', 'Accept-Encoding': 'gzip, deflate', 'Accept': '*/*', 'Connection': 'keep-alive'} 
 body=None 
 </msg>
<msg time="2024-07-24T09:16:08.713998" level="INFO">GET Response : url=https://randomuser.me/api 
 status=200, reason=OK 
 headers={'Date': 'Wed, 24 Jul 2024 09:16:08 GMT', 'Content-Type': 'application/json; charset=utf-8', 'Transfer-Encoding': 'chunked', 'Connection': 'keep-alive', 'X-Powered-By': 'Express', 'Access-Control-Allow-Origin': '*', 'Cache-Control': 'no-cache', 'ETag': 'W/"486-xg9q1wDB0cOw7/2IPv17zKFskls"', 'Vary': 'Accept-Encoding', 'Content-Encoding': 'gzip', 'CF-Cache-Status': 'DYNAMIC', 'Report-To': '{"endpoints":[{"url":"https:\\/\\/a.nel.cloudflare.com\\/report\\/v4?s=8FGhLtVVNUWdK2PNOOCaluoG2%2BDDmsvZKfB8w%2FZwTVbNPLbzVqRdYl1VNBeRLj%2BUWCjkDnyRH4ZGch5JxERTospqXs6n3nGxSgcCCFLajqzKX4w91cEYd%2BwXckAnTK6j"}],"group":"cf-nel","max_age":604800}', 'NEL': '{"success_fraction":0,"report_to":"cf-nel","max_age":604800}', 'Server': 'cloudflare', 'CF-RAY': '8a82cf49ef6d3898-IAD', 'alt-svc': 'h3=":443"; ma=86400'} 
 body={"results":[{"gender":"female","name":{"title":"Mademoiselle","first":"Sonja","last":"Caron"},"location":{"street":{"number":6797,"name":"Grande Rue"},"city":"Udligenswil","state":"Glarus","country":"Switzerland","postcode":9495,"coordinates":{"latitude":"-56.4756","longitude":"81.1624"},"timezone":{"offset":"+3:30","description":"Tehran"}},"email":"sonja.caron@example.com","login":{"uuid":"e2f9a2e5-b869-49c1-ae70-a80f93f84b7e","username":"angryostrich582","password":"jerome","salt":"HxLJVe54","md5":"dc48f29bd1740d7ee23eec57ca1a8c07","sha1":"5705e1195f01cde2d8f013ba025801920d6b0f4f","sha256":"1c2a43c5684eadc6454bf2fed08d938b1cad6ca8aa0ab43dc8394cf110c11dc0"},"dob":{"date":"1946-10-15T20:57:34.481Z","age":77},"registered":{"date":"2021-10-21T19:46:49.516Z","age":2},"phone":"077 274 81 91","cell":"078 063 80 16","id":{"name":"AVS","value":"756.3185.4457.59"},"picture":{"large":"https://randomuser.me/api/portraits/women/58.jpg","medium":"https://randomuser.me/api/portraits/med/women/58.jpg","thumbnail":"https://randomuser.me/api/portraits/thumb/women/58.jpg"},"nat":"CH"}],"info":{"seed":"871eadcaf1e151f3","results":1,"page":1,"version":"1.4"}} 
 </msg>
<msg time="2024-07-24T09:16:08.714098" level="INFO">/opt/hostedtoolcache/Python/3.12.4/x64/lib/python3.12/site-packages/urllib3/connectionpool.py:1099: InsecureRequestWarning: Unverified HTTPS request is being made to host 'randomuser.me'. Adding certificate verification is strongly advised. See: https://urllib3.readthedocs.io/en/latest/advanced-usage.html#tls-warnings
  warnings.warn(</msg>
<msg time="2024-07-24T09:16:08.714240" level="INFO">${response} = &lt;Response [200]&gt;</msg>
<var>${response}</var>
<arg>consultarAPI</arg>
<arg>/api</arg>
<doc>Sends a GET request on a previously created HTTP Session.</doc>
<status status="PASS" start="2024-07-24T09:16:08.619590" elapsed="0.094705"/>
</kw>
<kw name="Set Variable" owner="BuiltIn">
<msg time="2024-07-24T09:16:08.715107" level="INFO">${json_data} = {'results': [{'gender': 'female', 'name': {'title': 'Mademoiselle', 'first': 'Sonja', 'last': 'Caron'}, 'location': {'street': {'number': 6797, 'name': 'Grande Rue'}, 'city': 'Udligenswil', 'state': '...</msg>
<var>${json_data}</var>
<arg>${response.json()}</arg>
<doc>Returns the given values which can then be assigned to a variables.</doc>
<status status="PASS" start="2024-07-24T09:16:08.714673" elapsed="0.000462"/>
</kw>
<kw name="Log" owner="BuiltIn">
<msg time="2024-07-24T09:16:08.715582" level="INFO">{'results': [{'gender': 'female', 'name': {'title': 'Mademoiselle', 'first': 'Sonja', 'last': 'Caron'}, 'location': {'street': {'number': 6797, 'name': 'Grande Rue'}, 'city': 'Udligenswil', 'state': 'Glarus', 'country': 'Switzerland', 'postcode': 9495, 'coordinates': {'latitude': '-56.4756', 'longitude': '81.1624'}, 'timezone': {'offset': '+3:30', 'description': 'Tehran'}}, 'email': 'sonja.caron@example.com', 'login': {'uuid': 'e2f9a2e5-b869-49c1-ae70-a80f93f84b7e', 'username': 'angryostrich582', 'password': 'jerome', 'salt': 'HxLJVe54', 'md5': 'dc48f29bd1740d7ee23eec57ca1a8c07', 'sha1': '5705e1195f01cde2d8f013ba025801920d6b0f4f', 'sha256': '1c2a43c5684eadc6454bf2fed08d938b1cad6ca8aa0ab43dc8394cf110c11dc0'}, 'dob': {'date': '1946-10-15T20:57:34.481Z', 'age': 77}, 'registered': {'date': '2021-10-21T19:46:49.516Z', 'age': 2}, 'phone': '077 274 81 91', 'cell': '078 063 80 16', 'id': {'name': 'AVS', 'value': '756.3185.4457.59'}, 'picture': {'large': 'https://randomuser.me/api/portraits/women/58.jpg', 'medium': 'https://randomuser.me/api/portraits/med/women/58.jpg', 'thumbnail': 'https://randomuser.me/api/portraits/thumb/women/58.jpg'}, 'nat': 'CH'}], 'info': {'seed': '871eadcaf1e151f3', 'results': 1, 'page': 1, 'version': '1.4'}}</msg>
<arg>${json_data}</arg>
<doc>Logs the given message with the given level.</doc>
<status status="PASS" start="2024-07-24T09:16:08.715431" elapsed="0.000196"/>
</kw>
<kw name="Should Be Equal As Numbers" owner="BuiltIn">
<arg>${json_data['results'][0]['location']['postcode']}</arg>
<arg>${json_data['results'][0]['location']['postcode']}</arg>
<doc>Fails if objects are unequal after converting them to real numbers.</doc>
<status status="PASS" start="2024-07-24T09:16:08.715918" elapsed="0.000621"/>
</kw>
<kw name="Log" owner="BuiltIn">
<msg time="2024-07-24T09:16:08.717060" level="INFO">9495</msg>
<arg>${json_data['results'][0]['location']['postcode']}</arg>
<doc>Logs the given message with the given level.</doc>
<status status="PASS" start="2024-07-24T09:16:08.716727" elapsed="0.000372"/>
</kw>
<status status="PASS" start="2024-07-24T09:16:08.619363" elapsed="0.098006"/>
</kw>
<doc>Testa se os tipos de dados na resposta da API estão corretos.</doc>
<tag>testeTiposDados</tag>
<status status="PASS" start="2024-07-24T09:16:08.541022" elapsed="0.176506"/>
</test>
<test id="s1-s1-t5" name="Validar conteudo" line="35">
<kw name="Teste de Tipos de Conteudo" owner="random-user-service">
<kw name="GET On Session" owner="RequestsLibrary">
<msg time="2024-07-24T09:16:08.823741" level="INFO">GET Request : url=https://randomuser.me/api 
 path_url=/api 
 headers={'User-Agent': 'python-requests/2.32.3', 'Accept-Encoding': 'gzip, deflate', 'Accept': '*/*', 'Connection': 'keep-alive'} 
 body=None 
 </msg>
<msg time="2024-07-24T09:16:08.823803" level="INFO">GET Response : url=https://randomuser.me/api 
 status=200, reason=OK 
 headers={'Date': 'Wed, 24 Jul 2024 09:16:08 GMT', 'Content-Type': 'application/json; charset=utf-8', 'Transfer-Encoding': 'chunked', 'Connection': 'keep-alive', 'X-Powered-By': 'Express', 'Access-Control-Allow-Origin': '*', 'Cache-Control': 'no-cache', 'ETag': 'W/"4ab-Ja0e5ZgfUhdNXHk+Aham3razLGY"', 'Vary': 'Accept-Encoding', 'Content-Encoding': 'gzip', 'CF-Cache-Status': 'DYNAMIC', 'Report-To': '{"endpoints":[{"url":"https:\\/\\/a.nel.cloudflare.com\\/report\\/v4?s=I7YmVmnSrSrdIwtr2mdoTrjCo1rmrux1T%2BkIvHpZqfFGaaDv2gm9j6Cq1bpSfodYLBjvSKwj1SSYUwpftmiU8iOwvDGugX4PSnOynNYlJspUrqz0I6C5mEaFJ0oJ5s3i"}],"group":"cf-nel","max_age":604800}', 'NEL': '{"success_fraction":0,"report_to":"cf-nel","max_age":604800}', 'Server': 'cloudflare', 'CF-RAY': '8a82cf4a8ff13898-IAD', 'alt-svc': 'h3=":443"; ma=86400'} 
 body={"results":[{"gender":"male","name":{"title":"Monsieur","first":"Raffaele","last":"Roger"},"location":{"street":{"number":493,"name":"Rue Courbet"},"city":"Laufenburg","state":"Appenzell Innerrhoden","country":"Switzerland","postcode":8415,"coordinates":{"latitude":"-57.8106","longitude":"-66.0362"},"timezone":{"offset":"-3:00","description":"Brazil, Buenos Aires, Georgetown"}},"email":"raffaele.roger@example.com","login":{"uuid":"ce507711-2abc-4590-ac63-4d6fdc673eee","username":"happyelephant351","password":"sidney","salt":"iQRVtIbj","md5":"c309b1996ec23d0f5886f7760bb3cd20","sha1":"fc04535115a8a7aea62c0c2c0dcf8f5b3b327ea7","sha256":"1f9e048ccabfd0f4762e86a52fdedf31669ce1cda8b7b6b0fd92132e9dfff8e1"},"dob":{"date":"1993-12-22T11:47:07.412Z","age":30},"registered":{"date":"2009-11-05T19:27:22.527Z","age":14},"phone":"079 342 98 96","cell":"077 245 36 83","id":{"name":"AVS","value":"756.7481.0628.01"},"picture":{"large":"https://randomuser.me/api/portraits/men/95.jpg","medium":"https://randomuser.me/api/portraits/med/men/95.jpg","thumbnail":"https://randomuser.me/api/portraits/thumb/men/95.jpg"},"nat":"CH"}],"info":{"seed":"f436236d5d6647f5","results":1,"page":1,"version":"1.4"}} 
 </msg>
<msg time="2024-07-24T09:16:08.823855" level="INFO">/opt/hostedtoolcache/Python/3.12.4/x64/lib/python3.12/site-packages/urllib3/connectionpool.py:1099: InsecureRequestWarning: Unverified HTTPS request is being made to host 'randomuser.me'. Adding certificate verification is strongly advised. See: https://urllib3.readthedocs.io/en/latest/advanced-usage.html#tls-warnings
  warnings.warn(</msg>
<msg time="2024-07-24T09:16:08.823958" level="INFO">${response} = &lt;Response [200]&gt;</msg>
<var>${response}</var>
<arg>consultarAPI</arg>
<arg>/api</arg>
<doc>Sends a GET request on a previously created HTTP Session.</doc>
<status status="PASS" start="2024-07-24T09:16:08.719911" elapsed="0.104090"/>
</kw>
<kw name="Set Variable" owner="BuiltIn">
<msg time="2024-07-24T09:16:08.824809" level="INFO">${json_data} = {'results': [{'gender': 'male', 'name': {'title': 'Monsieur', 'first': 'Raffaele', 'last': 'Roger'}, 'location': {'street': {'number': 493, 'name': 'Rue Courbet'}, 'city': 'Laufenburg', 'state': 'Appe...</msg>
<var>${json_data}</var>
<arg>${response.json()}</arg>
<doc>Returns the given values which can then be assigned to a variables.</doc>
<status status="PASS" start="2024-07-24T09:16:08.824369" elapsed="0.000469"/>
</kw>
<kw name="Set Variable" owner="BuiltIn">
<msg time="2024-07-24T09:16:08.825516" level="INFO">${name_title} = Monsieur</msg>
<var>${name_title}</var>
<arg>${json_data["results"][0]["name"]["title"]}</arg>
<doc>Returns the given values which can then be assigned to a variables.</doc>
<status status="PASS" start="2024-07-24T09:16:08.825137" elapsed="0.000403"/>
</kw>
<kw name="Create List" owner="BuiltIn">
<msg time="2024-07-24T09:16:08.825979" level="INFO">${allowed_titles} = ['Mr', 'Ms', 'Miss', 'Mrs', 'Madame', 'Monsieur']</msg>
<var>${allowed_titles}</var>
<arg>Mr</arg>
<arg>Ms</arg>
<arg>Miss</arg>
<arg>Mrs</arg>
<arg>Madame</arg>
<arg>Monsieur</arg>
<doc>Returns a list containing given items.</doc>
<status status="PASS" start="2024-07-24T09:16:08.825832" elapsed="0.000170"/>
</kw>
<kw name="List Should Contain Value" owner="Collections">
<arg>${allowed_titles}</arg>
<arg>${name_title}</arg>
<doc>Fails if the ``value`` is not found from ``list``.</doc>
<status status="PASS" start="2024-07-24T09:16:08.826339" elapsed="0.000175"/>
</kw>
<kw name="Set Variable" owner="BuiltIn">
<msg time="2024-07-24T09:16:08.827071" level="INFO">${name_country} = CH</msg>
<var>${name_country}</var>
<arg>${json_data["results"][0]["nat"]}</arg>
<doc>Returns the given values which can then be assigned to a variables.</doc>
<status status="PASS" start="2024-07-24T09:16:08.826697" elapsed="0.000398"/>
</kw>
<kw name="Create List" owner="BuiltIn">
<msg time="2024-07-24T09:16:08.827976" level="INFO">${list_country} = ['AD', 'AE', 'AF', 'AG', 'AI', 'AL', 'AM', 'AO', 'AQ', 'AR', 'AS', 'AT', 'AU', 'AW', 'AX', 'AZ', 'BA', 'BB', 'BD', 'BE', 'BF', 'BG', 'BH', 'BI', 'BJ', 'BL', 'BM', 'BN', 'BO', 'BQ', 'BR', 'BS', 'BT', '...</msg>
<var>${list_country}</var>
<arg>AD</arg>
<arg>AE</arg>
<arg>AF</arg>
<arg>AG</arg>
<arg>AI</arg>
<arg>AL</arg>
<arg>AM</arg>
<arg>AO</arg>
<arg>AQ</arg>
<arg>AR</arg>
<arg>AS</arg>
<arg>AT</arg>
<arg>AU</arg>
<arg>AW</arg>
<arg>AX</arg>
<arg>AZ</arg>
<arg>BA</arg>
<arg>BB</arg>
<arg>BD</arg>
<arg>BE</arg>
<arg>BF</arg>
<arg>BG</arg>
<arg>BH</arg>
<arg>BI</arg>
<arg>BJ</arg>
<arg>BL</arg>
<arg>BM</arg>
<arg>BN</arg>
<arg>BO</arg>
<arg>BQ</arg>
<arg>BR</arg>
<arg>BS</arg>
<arg>BT</arg>
<arg>BV</arg>
<arg>BW</arg>
<arg>BY</arg>
<arg>BZ</arg>
<arg>CA</arg>
<arg>CC</arg>
<arg>CD</arg>
<arg>CF</arg>
<arg>CG</arg>
<arg>CH</arg>
<arg>CI</arg>
<arg>CK</arg>
<arg>CL</arg>
<arg>CM</arg>
<arg>CN</arg>
<arg>CO</arg>
<arg>CR</arg>
<arg>CU</arg>
<arg>CV</arg>
<arg>CW</arg>
<arg>CX</arg>
<arg>CY</arg>
<arg>CZ</arg>
<arg>DE</arg>
<arg>DJ</arg>
<arg>DK</arg>
<arg>DM</arg>
<arg>DO</arg>
<arg>DZ</arg>
<arg>EC</arg>
<arg>EE</arg>
<arg>EG</arg>
<arg>EH</arg>
<arg>ER</arg>
<arg>ES</arg>
<arg>ET</arg>
<arg>FI</arg>
<arg>FJ</arg>
<arg>FK</arg>
<arg>FM</arg>
<arg>FO</arg>
<arg>FR</arg>
<arg>GA</arg>
<arg>GB</arg>
<arg>GD</arg>
<arg>GE</arg>
<arg>GF</arg>
<arg>GG</arg>
<arg>GH</arg>
<arg>GI</arg>
<arg>GL</arg>
<arg>GM</arg>
<arg>GN</arg>
<arg>GP</arg>
<arg>GQ</arg>
<arg>GR</arg>
<arg>GS</arg>
<arg>GT</arg>
<arg>GU</arg>
<arg>GW</arg>
<arg>GY</arg>
<arg>HK</arg>
<arg>HM</arg>
<arg>HN</arg>
<arg>HR</arg>
<arg>HT</arg>
<arg>HU</arg>
<arg>ID</arg>
<arg>IE</arg>
<arg>IL</arg>
<arg>IM</arg>
<arg>IN</arg>
<arg>IO</arg>
<arg>IQ</arg>
<arg>IR</arg>
<arg>IS</arg>
<arg>IT</arg>
<arg>JE</arg>
<arg>JM</arg>
<arg>JO</arg>
<arg>JP</arg>
<arg>KE</arg>
<arg>KG</arg>
<arg>KH</arg>
<arg>KI</arg>
<arg>KM</arg>
<arg>KN</arg>
<arg>KP</arg>
<arg>KR</arg>
<arg>KW</arg>
<arg>KY</arg>
<arg>KZ</arg>
<arg>LA</arg>
<arg>LB</arg>
<arg>LC</arg>
<arg>LI</arg>
<arg>LK</arg>
<arg>LR</arg>
<arg>LS</arg>
<arg>LT</arg>
<arg>LU</arg>
<arg>LV</arg>
<arg>LY</arg>
<arg>MA</arg>
<arg>MC</arg>
<arg>MD</arg>
<arg>ME</arg>
<arg>MF</arg>
<arg>MG</arg>
<arg>MH</arg>
<arg>MK</arg>
<arg>ML</arg>
<arg>MM</arg>
<arg>MN</arg>
<arg>MO</arg>
<arg>MP</arg>
<arg>MQ</arg>
<arg>MR</arg>
<arg>MS</arg>
<arg>MT</arg>
<arg>MU</arg>
<arg>MV</arg>
<arg>MW</arg>
<arg>MX</arg>
<arg>MY</arg>
<arg>MZ</arg>
<arg>NA</arg>
<arg>NC</arg>
<arg>NE</arg>
<arg>NF</arg>
<arg>NG</arg>
<arg>NI</arg>
<arg>NL</arg>
<arg>NO</arg>
<arg>NP</arg>
<arg>NR</arg>
<arg>NU</arg>
<arg>NZ</arg>
<arg>OM</arg>
<arg>PA</arg>
<arg>PE</arg>
<arg>PF</arg>
<arg>PG</arg>
<arg>PH</arg>
<arg>PK</arg>
<arg>PL</arg>
<arg>PM</arg>
<arg>PN</arg>
<arg>PR</arg>
<arg>PS</arg>
<arg>PT</arg>
<arg>PW</arg>
<arg>PY</arg>
<arg>QA</arg>
<arg>RE</arg>
<arg>RO</arg>
<arg>RS</arg>
<arg>RU</arg>
<arg>RW</arg>
<arg>SA</arg>
<arg>SB</arg>
<arg>SC</arg>
<arg>SD</arg>
<arg>SE</arg>
<arg>SG</arg>
<arg>SH</arg>
<arg>SI</arg>
<arg>SJ</arg>
<arg>SK</arg>
<arg>SL</arg>
<arg>SM</arg>
<arg>SN</arg>
<arg>SO</arg>
<arg>SR</arg>
<arg>SS</arg>
<arg>ST</arg>
<arg>SV</arg>
<arg>SX</arg>
<arg>SY</arg>
<arg>SZ</arg>
<arg>TC</arg>
<arg>TD</arg>
<arg>TF</arg>
<arg>TG</arg>
<arg>TH</arg>
<arg>TJ</arg>
<arg>TK</arg>
<arg>TL</arg>
<arg>TM</arg>
<arg>TN</arg>
<arg>TO</arg>
<arg>TR</arg>
<arg>TT</arg>
<arg>TV</arg>
<arg>TW</arg>
<arg>TZ</arg>
<arg>UA</arg>
<arg>UG</arg>
<arg>UM</arg>
<arg>US</arg>
<arg>UY</arg>
<arg>UZ</arg>
<arg>VA</arg>
<arg>VC</arg>
<arg>VE</arg>
<arg>VG</arg>
<arg>VI</arg>
<arg>VN</arg>
<arg>VU</arg>
<arg>WF</arg>
<arg>WS</arg>
<arg>XK</arg>
<arg>YE</arg>
<arg>YT</arg>
<arg>ZA</arg>
<arg>ZM</arg>
<arg>ZW</arg>
<doc>Returns a list containing given items.</doc>
<status status="PASS" start="2024-07-24T09:16:08.827386" elapsed="0.000616"/>
</kw>
<kw name="List Should Contain Value" owner="Collections">
<arg>${list_country}</arg>
<arg>${name_country}</arg>
<doc>Fails if the ``value`` is not found from ``list``.</doc>
<status status="PASS" start="2024-07-24T09:16:08.828926" elapsed="0.000205"/>
</kw>
<kw name="Run Keyword If" owner="BuiltIn">
<kw name="Should Be True" owner="BuiltIn">
<arg>${True}</arg>
<doc>Fails if the given condition is not true.</doc>
<status status="PASS" start="2024-07-24T09:16:08.830086" elapsed="0.000152"/>
</kw>
<arg>${json_data["results"][0]["location"]["coordinates"]["latitude"]} &gt;= -90 and ${json_data["results"][0]["location"]["coordinates"]["latitude"]} &lt;= 90</arg>
<arg>Should Be True</arg>
<arg>${True}</arg>
<doc>Runs the given keyword with the given arguments, if ``condition`` is true.</doc>
<status status="PASS" start="2024-07-24T09:16:08.829327" elapsed="0.001038"/>
</kw>
<kw name="Run Keyword If" owner="BuiltIn">
<kw name="Should Be True" owner="BuiltIn">
<arg>${True}</arg>
<doc>Fails if the given condition is not true.</doc>
<status status="PASS" start="2024-07-24T09:16:08.831230" elapsed="0.000136"/>
</kw>
<arg>${json_data["results"][0]["location"]["coordinates"]["longitude"]} &gt;= -180 and ${json_data["results"][0]["location"]["coordinates"]["longitude"]} &lt;= 180</arg>
<arg>Should Be True</arg>
<arg>${True}</arg>
<doc>Runs the given keyword with the given arguments, if ``condition`` is true.</doc>
<status status="PASS" start="2024-07-24T09:16:08.830546" elapsed="0.000943"/>
</kw>
<status status="PASS" start="2024-07-24T09:16:08.719701" elapsed="0.111915"/>
</kw>
<doc>Testa o conteúdo específico dos campos retornados pela API.</doc>
<tag>testeConteudo</tag>
<status status="PASS" start="2024-07-24T09:16:08.719273" elapsed="0.112484"/>
</test>
<status status="PASS" start="2024-07-24T09:16:07.918219" elapsed="0.915414"/>
</suite>
<status status="PASS" start="2024-07-24T09:16:07.903979" elapsed="0.934609"/>
</suite>
<statistics>
<total>
<stat pass="5" fail="0" skip="0">All Tests</stat>
</total>
<tag>
<stat pass="1" fail="0" skip="0">testeConteudo</stat>
<stat pass="1" fail="0" skip="0">testeEstruturaResposta</stat>
<stat pass="1" fail="0" skip="0">testeRequisicaoBasica</stat>
<stat pass="1" fail="0" skip="0">testeTiposDados</stat>
</tag>
<suite>
<stat pass="5" fail="0" skip="0" id="s1" name="Tests">Tests</stat>
<stat pass="5" fail="0" skip="0" id="s1-s1" name="Random-User-Test">Tests.Random-User-Test</stat>
</suite>
</statistics>
<errors>
</errors>
</robot>
