<?xml version="1.0" encoding="UTF-8"?>
<robot generator="Robot 7.0 (Python 3.12.3 on linux)" generated="2024-05-28T14:13:51.310492" rpa="false" schemaversion="5">
<suite id="s1" name="Tests" source="/home/runner/work/ApiRandomUser/ApiRandomUser/RamdonUser/tests">
<suite id="s1-s1" name="Random-User-Test" source="/home/runner/work/ApiRandomUser/ApiRandomUser/RamdonUser/tests/random-user-test.robot">
<test id="s1-s1-t1" name="Conectar" line="13">
<kw name="Conectar API" owner="random-user-service">
<kw name="Create Session" owner="RequestsLibrary">
<msg time="2024-05-28T14:13:51.736170" level="INFO">Creating Session using : alias=consultarAPI, url=https://randomuser.me/, headers={},                     cookies={}, auth=None, timeout=None, proxies=None, verify=False,                     debug=0 </msg>
<arg>consultarAPI</arg>
<arg>${URL}</arg>
<doc>Create Session: create a HTTP session to a server</doc>
<status status="PASS" start="2024-05-28T14:13:51.735953" elapsed="0.000411"/>
</kw>
<status status="PASS" start="2024-05-28T14:13:51.734838" elapsed="0.001895"/>
</kw>
<status status="PASS" start="2024-05-28T14:13:51.734264" elapsed="0.002668"/>
</test>
<test id="s1-s1-t2" name="Validar retorno 200 e JSON Válido" line="16">
<kw name="Teste de Requisicao Basica" owner="random-user-service">
<kw name="GET On Session" owner="RequestsLibrary">
<msg time="2024-05-28T14:13:51.954724" level="INFO">GET Request : url=https://randomuser.me/api 
 path_url=/api 
 headers={'User-Agent': 'python-requests/2.32.2', 'Accept-Encoding': 'gzip, deflate', 'Accept': '*/*', 'Connection': 'keep-alive'} 
 body=None 
 </msg>
<msg time="2024-05-28T14:13:51.954903" level="INFO">GET Response : url=https://randomuser.me/api 
 status=200, reason=OK 
 headers={'Date': 'Tue, 28 May 2024 14:13:51 GMT', 'Content-Type': 'application/json; charset=utf-8', 'Transfer-Encoding': 'chunked', 'Connection': 'keep-alive', 'X-Powered-By': 'Express', 'Access-Control-Allow-Origin': '*', 'Cache-Control': 'no-cache', 'ETag': 'W/"47b-Q6rWVXrUoPDg0YSfka6K5EjF6b8"', 'Vary': 'Accept-Encoding', 'Content-Encoding': 'gzip', 'CF-Cache-Status': 'DYNAMIC', 'Report-To': '{"endpoints":[{"url":"https:\\/\\/a.nel.cloudflare.com\\/report\\/v4?s=0aV%2FpG%2FUaWFnBwqwdOPvs2UDakKALNAqRFM%2B8jQanIQzaRi%2FJxeLFZLsxXC%2FRNruVGiYn5pQ1NQ14dvN6VyEeEZMYTXxzBeQRn94JU67DLC%2BCnomWfIyKY4juw4q3qqJ"}],"group":"cf-nel","max_age":604800}', 'NEL': '{"success_fraction":0,"report_to":"cf-nel","max_age":604800}', 'Server': 'cloudflare', 'CF-RAY': '88aed906889f15cc-SJC', 'alt-svc': 'h3=":443"; ma=86400'} 
 body={"results":[{"gender":"female","name":{"title":"Mrs","first":"Regine","last":"Mohamed"},"location":{"street":{"number":135,"name":"Lauvlundveien"},"city":"Skjeggestadåsen","state":"Hedmark","country":"Norway","postcode":"7509","coordinates":{"latitude":"46.6362","longitude":"28.2223"},"timezone":{"offset":"+9:30","description":"Adelaide, Darwin"}},"email":"regine.mohamed@example.com","login":{"uuid":"c85e07b4-216f-44c7-b6d2-222c44bd9efb","username":"blackcat254","password":"skip","salt":"eA0sVEEy","md5":"c0ec786ab67c00d09639b83ad1b2e0ed","sha1":"a6778e6b03bde2af608e62083ba0e96275358172","sha256":"553855cc8608d097aaf6b97251c1e3e4402ba63609fb4304b8900d011817a665"},"dob":{"date":"1952-09-06T02:35:38.607Z","age":71},"registered":{"date":"2017-11-05T08:17:51.347Z","age":6},"phone":"37868964","cell":"91711535","id":{"name":"FN","value":"06095236462"},"picture":{"large":"https://randomuser.me/api/portraits/women/26.jpg","medium":"https://randomuser.me/api/portraits/med/women/26.jpg","thumbnail":"https://randomuser.me/api/portraits/thumb/women/26.jpg"},"nat":"NO"}],"info":{"seed":"1bbd8d56ea65cf73","results":1,"page":1,"version":"1.4"}} 
 </msg>
<msg time="2024-05-28T14:13:51.955005" level="INFO">/opt/hostedtoolcache/Python/3.12.3/x64/lib/python3.12/site-packages/urllib3/connectionpool.py:1103: InsecureRequestWarning: Unverified HTTPS request is being made to host 'randomuser.me'. Adding certificate verification is strongly advised. See: https://urllib3.readthedocs.io/en/latest/advanced-usage.html#tls-warnings
  warnings.warn(</msg>
<msg time="2024-05-28T14:13:51.955212" level="INFO">${response} = &lt;Response [200]&gt;</msg>
<var>${response}</var>
<arg>consultarAPI</arg>
<arg>/api</arg>
<doc>Sends a GET request on a previously created HTTP Session.</doc>
<status status="PASS" start="2024-05-28T14:13:51.739582" elapsed="0.215666"/>
</kw>
<kw name="Should Be Equal As Numbers" owner="BuiltIn">
<msg time="2024-05-28T14:13:51.956369" level="INFO">Argument types are:
&lt;class 'int'&gt;
&lt;class 'str'&gt;</msg>
<arg>${response.status_code}</arg>
<arg>200</arg>
<doc>Fails if objects are unequal after converting them to real numbers.</doc>
<status status="PASS" start="2024-05-28T14:13:51.955845" elapsed="0.000596"/>
</kw>
<kw name="Log" owner="BuiltIn">
<msg time="2024-05-28T14:13:51.957187" level="INFO">200</msg>
<arg>${response.status_code}</arg>
<doc>Logs the given message with the given level.</doc>
<status status="PASS" start="2024-05-28T14:13:51.956814" elapsed="0.000424"/>
</kw>
<kw name="Set Variable" owner="BuiltIn">
<msg time="2024-05-28T14:13:51.958003" level="INFO">${json_data} = {'results': [{'gender': 'female', 'name': {'title': 'Mrs', 'first': 'Regine', 'last': 'Mohamed'}, 'location': {'street': {'number': 135, 'name': 'Lauvlundveien'}, 'city': 'Skjeggestadåsen', 'state': '...</msg>
<var>${json_data}</var>
<arg>${response.json()}</arg>
<doc>Returns the given values which can then be assigned to a variables.</doc>
<status status="PASS" start="2024-05-28T14:13:51.957552" elapsed="0.000483"/>
</kw>
<kw name="Dictionary Should Contain Key" owner="Collections">
<msg time="2024-05-28T14:13:51.958524" level="INFO">False</msg>
<arg>${json_data}</arg>
<arg>results</arg>
<doc>Fails if ``key`` is not found from ``dictionary``.</doc>
<status status="PASS" start="2024-05-28T14:13:51.958348" elapsed="0.000393"/>
</kw>
<status status="PASS" start="2024-05-28T14:13:51.739329" elapsed="0.219681"/>
</kw>
<doc>Testa se a API responde corretamente e retorna um objeto JSON válido.</doc>
<tag>testeRequisicaoBasica</tag>
<status status="PASS" start="2024-05-28T14:13:51.738811" elapsed="0.220423"/>
</test>
<test id="s1-s1-t3" name="Validar estrutura de resposta" line="22">
<kw name="Teste de Estrutura de Resposta" owner="random-user-service">
<kw name="GET On Session" owner="RequestsLibrary">
<msg time="2024-05-28T14:13:52.091955" level="INFO">GET Request : url=https://randomuser.me/api 
 path_url=/api 
 headers={'User-Agent': 'python-requests/2.32.2', 'Accept-Encoding': 'gzip, deflate', 'Accept': '*/*', 'Connection': 'keep-alive'} 
 body=None 
 </msg>
<msg time="2024-05-28T14:13:52.092069" level="INFO">GET Response : url=https://randomuser.me/api 
 status=200, reason=OK 
 headers={'Date': 'Tue, 28 May 2024 14:13:52 GMT', 'Content-Type': 'application/json; charset=utf-8', 'Transfer-Encoding': 'chunked', 'Connection': 'keep-alive', 'X-Powered-By': 'Express', 'Access-Control-Allow-Origin': '*', 'Cache-Control': 'no-cache', 'ETag': 'W/"490-d4Sdv7hgeGi0lgow0zDs8mb2Y78"', 'Vary': 'Accept-Encoding', 'Content-Encoding': 'gzip', 'CF-Cache-Status': 'DYNAMIC', 'Report-To': '{"endpoints":[{"url":"https:\\/\\/a.nel.cloudflare.com\\/report\\/v4?s=1nehW4vJg%2F9ylXmjyghxpUzV76yDdO849zuk2XiB%2FLtuavXP%2B5Ehnw9yhHlZ6BT40uNguv2kASN6GB59%2BWSoOeb1CQmVaPyRm2SCyWvTOGWLDsNzPiTcp3EvIsnVWNlr"}],"group":"cf-nel","max_age":604800}', 'NEL': '{"success_fraction":0,"report_to":"cf-nel","max_age":604800}', 'Server': 'cloudflare', 'CF-RAY': '88aed907c9c215cc-SJC', 'alt-svc': 'h3=":443"; ma=86400'} 
 body={"results":[{"gender":"male","name":{"title":"Mr","first":"Jayden","last":"Wright"},"location":{"street":{"number":59,"name":"Rangitikei Street"},"city":"New Plymouth","state":"Southland","country":"New Zealand","postcode":10276,"coordinates":{"latitude":"53.3237","longitude":"-13.4947"},"timezone":{"offset":"+9:00","description":"Tokyo, Seoul, Osaka, Sapporo, Yakutsk"}},"email":"jayden.wright@example.com","login":{"uuid":"8fd0b8a0-b3f6-4362-b922-2b85ae66c33b","username":"blackdog218","password":"mercury","salt":"To0yoxjp","md5":"7eea454daa7a9c3c8eb49834487577bb","sha1":"f030214d7aa752373b2f6ffa0642550b00601478","sha256":"67729ddee264aa87697fc8b5bc0f0cb32a6f4a2e13aa25c0c019988e080b8653"},"dob":{"date":"1984-02-28T21:28:29.325Z","age":40},"registered":{"date":"2012-12-01T00:14:15.998Z","age":11},"phone":"(693)-472-1660","cell":"(058)-439-5470","id":{"name":"","value":null},"picture":{"large":"https://randomuser.me/api/portraits/men/36.jpg","medium":"https://randomuser.me/api/portraits/med/men/36.jpg","thumbnail":"https://randomuser.me/api/portraits/thumb/men/36.jpg"},"nat":"NZ"}],"info":{"seed":"4f62fb32348c4a0e","results":1,"page":1,"version":"1.4"}} 
 </msg>
<msg time="2024-05-28T14:13:52.092214" level="INFO">/opt/hostedtoolcache/Python/3.12.3/x64/lib/python3.12/site-packages/urllib3/connectionpool.py:1103: InsecureRequestWarning: Unverified HTTPS request is being made to host 'randomuser.me'. Adding certificate verification is strongly advised. See: https://urllib3.readthedocs.io/en/latest/advanced-usage.html#tls-warnings
  warnings.warn(</msg>
<msg time="2024-05-28T14:13:52.092351" level="INFO">${response} = &lt;Response [200]&gt;</msg>
<var>${response}</var>
<arg>consultarAPI</arg>
<arg>/api</arg>
<doc>Sends a GET request on a previously created HTTP Session.</doc>
<status status="PASS" start="2024-05-28T14:13:51.961981" elapsed="0.130400"/>
</kw>
<kw name="Set Variable" owner="BuiltIn">
<msg time="2024-05-28T14:13:52.093539" level="INFO">${json_data} = {'results': [{'gender': 'male', 'name': {'title': 'Mr', 'first': 'Jayden', 'last': 'Wright'}, 'location': {'street': {'number': 59, 'name': 'Rangitikei Street'}, 'city': 'New Plymouth', 'state': 'Sout...</msg>
<var>${json_data}</var>
<arg>${response.json()}</arg>
<doc>Returns the given values which can then be assigned to a variables.</doc>
<status status="PASS" start="2024-05-28T14:13:52.092961" elapsed="0.000608"/>
</kw>
<kw name="Log" owner="BuiltIn">
<msg time="2024-05-28T14:13:52.094053" level="INFO">{'results': [{'gender': 'male', 'name': {'title': 'Mr', 'first': 'Jayden', 'last': 'Wright'}, 'location': {'street': {'number': 59, 'name': 'Rangitikei Street'}, 'city': 'New Plymouth', 'state': 'Southland', 'country': 'New Zealand', 'postcode': 10276, 'coordinates': {'latitude': '53.3237', 'longitude': '-13.4947'}, 'timezone': {'offset': '+9:00', 'description': 'Tokyo, Seoul, Osaka, Sapporo, Yakutsk'}}, 'email': 'jayden.wright@example.com', 'login': {'uuid': '8fd0b8a0-b3f6-4362-b922-2b85ae66c33b', 'username': 'blackdog218', 'password': 'mercury', 'salt': 'To0yoxjp', 'md5': '7eea454daa7a9c3c8eb49834487577bb', 'sha1': 'f030214d7aa752373b2f6ffa0642550b00601478', 'sha256': '67729ddee264aa87697fc8b5bc0f0cb32a6f4a2e13aa25c0c019988e080b8653'}, 'dob': {'date': '1984-02-28T21:28:29.325Z', 'age': 40}, 'registered': {'date': '2012-12-01T00:14:15.998Z', 'age': 11}, 'phone': '(693)-472-1660', 'cell': '(058)-439-5470', 'id': {'name': '', 'value': None}, 'picture': {'large': 'https://randomuser.me/api/portraits/men/36.jpg', 'medium': 'https://randomuser.me/api/portraits/med/men/36.jpg', 'thumbnail': 'https://randomuser.me/api/portraits/thumb/men/36.jpg'}, 'nat': 'NZ'}], 'info': {'seed': '4f62fb32348c4a0e', 'results': 1, 'page': 1, 'version': '1.4'}}</msg>
<arg>${json_data}</arg>
<doc>Logs the given message with the given level.</doc>
<status status="PASS" start="2024-05-28T14:13:52.093894" elapsed="0.000208"/>
</kw>
<kw name="Dictionary Should Contain Key" owner="Collections">
<msg time="2024-05-28T14:13:52.094552" level="INFO">False</msg>
<arg>${json_data}</arg>
<arg>results</arg>
<doc>Fails if ``key`` is not found from ``dictionary``.</doc>
<status status="PASS" start="2024-05-28T14:13:52.094395" elapsed="0.000194"/>
</kw>
<kw name="Should Not Be Empty" owner="BuiltIn">
<msg time="2024-05-28T14:13:52.095015" level="INFO">Length is 2.</msg>
<arg>${json_data}</arg>
<doc>Verifies that the given item is not empty.</doc>
<status status="PASS" start="2024-05-28T14:13:52.094887" elapsed="0.000197"/>
</kw>
<kw name="Create List" owner="BuiltIn">
<msg time="2024-05-28T14:13:52.095533" level="INFO">${expected_keys} = ['gender', 'name', 'location', 'email', 'login']</msg>
<var>${expected_keys}</var>
<arg>gender</arg>
<arg>name</arg>
<arg>location</arg>
<arg>email</arg>
<arg>login</arg>
<doc>Returns a list containing given items.</doc>
<status status="PASS" start="2024-05-28T14:13:52.095380" elapsed="0.000177"/>
</kw>
<for flavor="IN">
<iter>
<kw name="Dictionary Should Contain Key" owner="Collections">
<msg time="2024-05-28T14:13:52.096634" level="INFO">False</msg>
<arg>${json_data['results'][0]}</arg>
<arg>${key}</arg>
<doc>Fails if ``key`` is not found from ``dictionary``.</doc>
<status status="PASS" start="2024-05-28T14:13:52.096208" elapsed="0.000465"/>
</kw>
<kw name="Log" owner="BuiltIn">
<msg time="2024-05-28T14:13:52.097336" level="INFO">{'gender': 'male', 'name': {'title': 'Mr', 'first': 'Jayden', 'last': 'Wright'}, 'location': {'street': {'number': 59, 'name': 'Rangitikei Street'}, 'city': 'New Plymouth', 'state': 'Southland', 'country': 'New Zealand', 'postcode': 10276, 'coordinates': {'latitude': '53.3237', 'longitude': '-13.4947'}, 'timezone': {'offset': '+9:00', 'description': 'Tokyo, Seoul, Osaka, Sapporo, Yakutsk'}}, 'email': 'jayden.wright@example.com', 'login': {'uuid': '8fd0b8a0-b3f6-4362-b922-2b85ae66c33b', 'username': 'blackdog218', 'password': 'mercury', 'salt': 'To0yoxjp', 'md5': '7eea454daa7a9c3c8eb49834487577bb', 'sha1': 'f030214d7aa752373b2f6ffa0642550b00601478', 'sha256': '67729ddee264aa87697fc8b5bc0f0cb32a6f4a2e13aa25c0c019988e080b8653'}, 'dob': {'date': '1984-02-28T21:28:29.325Z', 'age': 40}, 'registered': {'date': '2012-12-01T00:14:15.998Z', 'age': 11}, 'phone': '(693)-472-1660', 'cell': '(058)-439-5470', 'id': {'name': '', 'value': None}, 'picture': {'large': 'https://randomuser.me/api/portraits/men/36.jpg', 'medium': 'https://randomuser.me/api/portraits/med/men/36.jpg', 'thumbnail': 'https://randomuser.me/api/portraits/thumb/men/36.jpg'}, 'nat': 'NZ'}</msg>
<arg>${json_data['results'][0]}</arg>
<doc>Logs the given message with the given level.</doc>
<status status="PASS" start="2024-05-28T14:13:52.096973" elapsed="0.000411"/>
</kw>
<kw name="Log" owner="BuiltIn">
<msg time="2024-05-28T14:13:52.097809" level="INFO">gender</msg>
<arg>${key}</arg>
<doc>Logs the given message with the given level.</doc>
<status status="PASS" start="2024-05-28T14:13:52.097682" elapsed="0.000163"/>
</kw>
<var name="${key}">gender</var>
<status status="PASS" start="2024-05-28T14:13:52.096074" elapsed="0.002005"/>
</iter>
<iter>
<kw name="Dictionary Should Contain Key" owner="Collections">
<msg time="2024-05-28T14:13:52.098758" level="INFO">False</msg>
<arg>${json_data['results'][0]}</arg>
<arg>${key}</arg>
<doc>Fails if ``key`` is not found from ``dictionary``.</doc>
<status status="PASS" start="2024-05-28T14:13:52.098379" elapsed="0.000416"/>
</kw>
<kw name="Log" owner="BuiltIn">
<msg time="2024-05-28T14:13:52.099514" level="INFO">{'gender': 'male', 'name': {'title': 'Mr', 'first': 'Jayden', 'last': 'Wright'}, 'location': {'street': {'number': 59, 'name': 'Rangitikei Street'}, 'city': 'New Plymouth', 'state': 'Southland', 'country': 'New Zealand', 'postcode': 10276, 'coordinates': {'latitude': '53.3237', 'longitude': '-13.4947'}, 'timezone': {'offset': '+9:00', 'description': 'Tokyo, Seoul, Osaka, Sapporo, Yakutsk'}}, 'email': 'jayden.wright@example.com', 'login': {'uuid': '8fd0b8a0-b3f6-4362-b922-2b85ae66c33b', 'username': 'blackdog218', 'password': 'mercury', 'salt': 'To0yoxjp', 'md5': '7eea454daa7a9c3c8eb49834487577bb', 'sha1': 'f030214d7aa752373b2f6ffa0642550b00601478', 'sha256': '67729ddee264aa87697fc8b5bc0f0cb32a6f4a2e13aa25c0c019988e080b8653'}, 'dob': {'date': '1984-02-28T21:28:29.325Z', 'age': 40}, 'registered': {'date': '2012-12-01T00:14:15.998Z', 'age': 11}, 'phone': '(693)-472-1660', 'cell': '(058)-439-5470', 'id': {'name': '', 'value': None}, 'picture': {'large': 'https://randomuser.me/api/portraits/men/36.jpg', 'medium': 'https://randomuser.me/api/portraits/med/men/36.jpg', 'thumbnail': 'https://randomuser.me/api/portraits/thumb/men/36.jpg'}, 'nat': 'NZ'}</msg>
<arg>${json_data['results'][0]}</arg>
<doc>Logs the given message with the given level.</doc>
<status status="PASS" start="2024-05-28T14:13:52.099153" elapsed="0.000418"/>
</kw>
<kw name="Log" owner="BuiltIn">
<msg time="2024-05-28T14:13:52.099990" level="INFO">name</msg>
<arg>${key}</arg>
<doc>Logs the given message with the given level.</doc>
<status status="PASS" start="2024-05-28T14:13:52.099866" elapsed="0.000160"/>
</kw>
<var name="${key}">name</var>
<status status="PASS" start="2024-05-28T14:13:52.098263" elapsed="0.002001"/>
</iter>
<iter>
<kw name="Dictionary Should Contain Key" owner="Collections">
<msg time="2024-05-28T14:13:52.100947" level="INFO">False</msg>
<arg>${json_data['results'][0]}</arg>
<arg>${key}</arg>
<doc>Fails if ``key`` is not found from ``dictionary``.</doc>
<status status="PASS" start="2024-05-28T14:13:52.100574" elapsed="0.000410"/>
</kw>
<kw name="Log" owner="BuiltIn">
<msg time="2024-05-28T14:13:52.101649" level="INFO">{'gender': 'male', 'name': {'title': 'Mr', 'first': 'Jayden', 'last': 'Wright'}, 'location': {'street': {'number': 59, 'name': 'Rangitikei Street'}, 'city': 'New Plymouth', 'state': 'Southland', 'country': 'New Zealand', 'postcode': 10276, 'coordinates': {'latitude': '53.3237', 'longitude': '-13.4947'}, 'timezone': {'offset': '+9:00', 'description': 'Tokyo, Seoul, Osaka, Sapporo, Yakutsk'}}, 'email': 'jayden.wright@example.com', 'login': {'uuid': '8fd0b8a0-b3f6-4362-b922-2b85ae66c33b', 'username': 'blackdog218', 'password': 'mercury', 'salt': 'To0yoxjp', 'md5': '7eea454daa7a9c3c8eb49834487577bb', 'sha1': 'f030214d7aa752373b2f6ffa0642550b00601478', 'sha256': '67729ddee264aa87697fc8b5bc0f0cb32a6f4a2e13aa25c0c019988e080b8653'}, 'dob': {'date': '1984-02-28T21:28:29.325Z', 'age': 40}, 'registered': {'date': '2012-12-01T00:14:15.998Z', 'age': 11}, 'phone': '(693)-472-1660', 'cell': '(058)-439-5470', 'id': {'name': '', 'value': None}, 'picture': {'large': 'https://randomuser.me/api/portraits/men/36.jpg', 'medium': 'https://randomuser.me/api/portraits/med/men/36.jpg', 'thumbnail': 'https://randomuser.me/api/portraits/thumb/men/36.jpg'}, 'nat': 'NZ'}</msg>
<arg>${json_data['results'][0]}</arg>
<doc>Logs the given message with the given level.</doc>
<status status="PASS" start="2024-05-28T14:13:52.101287" elapsed="0.000419"/>
</kw>
<kw name="Log" owner="BuiltIn">
<msg time="2024-05-28T14:13:52.102130" level="INFO">location</msg>
<arg>${key}</arg>
<doc>Logs the given message with the given level.</doc>
<status status="PASS" start="2024-05-28T14:13:52.102004" elapsed="0.000164"/>
</kw>
<var name="${key}">location</var>
<status status="PASS" start="2024-05-28T14:13:52.100450" elapsed="0.001937"/>
</iter>
<iter>
<kw name="Dictionary Should Contain Key" owner="Collections">
<msg time="2024-05-28T14:13:52.103248" level="INFO">False</msg>
<arg>${json_data['results'][0]}</arg>
<arg>${key}</arg>
<doc>Fails if ``key`` is not found from ``dictionary``.</doc>
<status status="PASS" start="2024-05-28T14:13:52.102708" elapsed="0.000590"/>
</kw>
<kw name="Log" owner="BuiltIn">
<msg time="2024-05-28T14:13:52.103962" level="INFO">{'gender': 'male', 'name': {'title': 'Mr', 'first': 'Jayden', 'last': 'Wright'}, 'location': {'street': {'number': 59, 'name': 'Rangitikei Street'}, 'city': 'New Plymouth', 'state': 'Southland', 'country': 'New Zealand', 'postcode': 10276, 'coordinates': {'latitude': '53.3237', 'longitude': '-13.4947'}, 'timezone': {'offset': '+9:00', 'description': 'Tokyo, Seoul, Osaka, Sapporo, Yakutsk'}}, 'email': 'jayden.wright@example.com', 'login': {'uuid': '8fd0b8a0-b3f6-4362-b922-2b85ae66c33b', 'username': 'blackdog218', 'password': 'mercury', 'salt': 'To0yoxjp', 'md5': '7eea454daa7a9c3c8eb49834487577bb', 'sha1': 'f030214d7aa752373b2f6ffa0642550b00601478', 'sha256': '67729ddee264aa87697fc8b5bc0f0cb32a6f4a2e13aa25c0c019988e080b8653'}, 'dob': {'date': '1984-02-28T21:28:29.325Z', 'age': 40}, 'registered': {'date': '2012-12-01T00:14:15.998Z', 'age': 11}, 'phone': '(693)-472-1660', 'cell': '(058)-439-5470', 'id': {'name': '', 'value': None}, 'picture': {'large': 'https://randomuser.me/api/portraits/men/36.jpg', 'medium': 'https://randomuser.me/api/portraits/med/men/36.jpg', 'thumbnail': 'https://randomuser.me/api/portraits/thumb/men/36.jpg'}, 'nat': 'NZ'}</msg>
<arg>${json_data['results'][0]}</arg>
<doc>Logs the given message with the given level.</doc>
<status status="PASS" start="2024-05-28T14:13:52.103606" elapsed="0.000404"/>
</kw>
<kw name="Log" owner="BuiltIn">
<msg time="2024-05-28T14:13:52.104426" level="INFO">email</msg>
<arg>${key}</arg>
<doc>Logs the given message with the given level.</doc>
<status status="PASS" start="2024-05-28T14:13:52.104301" elapsed="0.000161"/>
</kw>
<var name="${key}">email</var>
<status status="PASS" start="2024-05-28T14:13:52.102567" elapsed="0.002107"/>
</iter>
<iter>
<kw name="Dictionary Should Contain Key" owner="Collections">
<msg time="2024-05-28T14:13:52.105351" level="INFO">False</msg>
<arg>${json_data['results'][0]}</arg>
<arg>${key}</arg>
<doc>Fails if ``key`` is not found from ``dictionary``.</doc>
<status status="PASS" start="2024-05-28T14:13:52.104974" elapsed="0.000414"/>
</kw>
<kw name="Log" owner="BuiltIn">
<msg time="2024-05-28T14:13:52.106036" level="INFO">{'gender': 'male', 'name': {'title': 'Mr', 'first': 'Jayden', 'last': 'Wright'}, 'location': {'street': {'number': 59, 'name': 'Rangitikei Street'}, 'city': 'New Plymouth', 'state': 'Southland', 'country': 'New Zealand', 'postcode': 10276, 'coordinates': {'latitude': '53.3237', 'longitude': '-13.4947'}, 'timezone': {'offset': '+9:00', 'description': 'Tokyo, Seoul, Osaka, Sapporo, Yakutsk'}}, 'email': 'jayden.wright@example.com', 'login': {'uuid': '8fd0b8a0-b3f6-4362-b922-2b85ae66c33b', 'username': 'blackdog218', 'password': 'mercury', 'salt': 'To0yoxjp', 'md5': '7eea454daa7a9c3c8eb49834487577bb', 'sha1': 'f030214d7aa752373b2f6ffa0642550b00601478', 'sha256': '67729ddee264aa87697fc8b5bc0f0cb32a6f4a2e13aa25c0c019988e080b8653'}, 'dob': {'date': '1984-02-28T21:28:29.325Z', 'age': 40}, 'registered': {'date': '2012-12-01T00:14:15.998Z', 'age': 11}, 'phone': '(693)-472-1660', 'cell': '(058)-439-5470', 'id': {'name': '', 'value': None}, 'picture': {'large': 'https://randomuser.me/api/portraits/men/36.jpg', 'medium': 'https://randomuser.me/api/portraits/med/men/36.jpg', 'thumbnail': 'https://randomuser.me/api/portraits/thumb/men/36.jpg'}, 'nat': 'NZ'}</msg>
<arg>${json_data['results'][0]}</arg>
<doc>Logs the given message with the given level.</doc>
<status status="PASS" start="2024-05-28T14:13:52.105683" elapsed="0.000400"/>
</kw>
<kw name="Log" owner="BuiltIn">
<msg time="2024-05-28T14:13:52.106500" level="INFO">login</msg>
<arg>${key}</arg>
<doc>Logs the given message with the given level.</doc>
<status status="PASS" start="2024-05-28T14:13:52.106375" elapsed="0.000162"/>
</kw>
<var name="${key}">login</var>
<status status="PASS" start="2024-05-28T14:13:52.104861" elapsed="0.001914"/>
</iter>
<var>${key}</var>
<value>@{expected_keys}</value>
<status status="PASS" start="2024-05-28T14:13:52.095832" elapsed="0.011068"/>
</for>
<kw name="Create List" owner="BuiltIn">
<msg time="2024-05-28T14:13:52.107296" level="INFO">${expected_keysTwo} = ['username', 'password']</msg>
<var>${expected_keysTwo}</var>
<arg>username</arg>
<arg>password</arg>
<doc>Returns a list containing given items.</doc>
<status status="PASS" start="2024-05-28T14:13:52.107158" elapsed="0.000161"/>
</kw>
<for flavor="IN">
<iter>
<kw name="Dictionary Should Contain Key" owner="Collections">
<msg time="2024-05-28T14:13:52.108209" level="INFO">False</msg>
<arg>${json_data['results'][0]['login']}</arg>
<arg>${keyTwo}</arg>
<doc>Fails if ``key`` is not found from ``dictionary``.</doc>
<status status="PASS" start="2024-05-28T14:13:52.107827" elapsed="0.000418"/>
</kw>
<kw name="Dictionary Should Contain Key" owner="Collections">
<msg time="2024-05-28T14:13:52.108922" level="INFO">False</msg>
<arg>${json_data['results'][0]['login']}</arg>
<arg>${keyTwo}</arg>
<doc>Fails if ``key`` is not found from ``dictionary``.</doc>
<status status="PASS" start="2024-05-28T14:13:52.108541" elapsed="0.000419"/>
</kw>
<kw name="Log" owner="BuiltIn">
<msg time="2024-05-28T14:13:52.109406" level="INFO">username</msg>
<arg>${keyTwo}</arg>
<doc>Logs the given message with the given level.</doc>
<status status="PASS" start="2024-05-28T14:13:52.109277" elapsed="0.000166"/>
</kw>
<var name="${keyTwo}">username</var>
<status status="PASS" start="2024-05-28T14:13:52.107717" elapsed="0.001945"/>
</iter>
<iter>
<kw name="Dictionary Should Contain Key" owner="Collections">
<msg time="2024-05-28T14:13:52.110329" level="INFO">False</msg>
<arg>${json_data['results'][0]['login']}</arg>
<arg>${keyTwo}</arg>
<doc>Fails if ``key`` is not found from ``dictionary``.</doc>
<status status="PASS" start="2024-05-28T14:13:52.109955" elapsed="0.000411"/>
</kw>
<kw name="Dictionary Should Contain Key" owner="Collections">
<msg time="2024-05-28T14:13:52.111047" level="INFO">False</msg>
<arg>${json_data['results'][0]['login']}</arg>
<arg>${keyTwo}</arg>
<doc>Fails if ``key`` is not found from ``dictionary``.</doc>
<status status="PASS" start="2024-05-28T14:13:52.110654" elapsed="0.000435"/>
</kw>
<kw name="Log" owner="BuiltIn">
<msg time="2024-05-28T14:13:52.111529" level="INFO">password</msg>
<arg>${keyTwo}</arg>
<doc>Logs the given message with the given level.</doc>
<status status="PASS" start="2024-05-28T14:13:52.111397" elapsed="0.000170"/>
</kw>
<var name="${keyTwo}">password</var>
<status status="PASS" start="2024-05-28T14:13:52.109844" elapsed="0.001941"/>
</iter>
<var>${keyTwo}</var>
<value>@{expected_keysTwo}</value>
<status status="PASS" start="2024-05-28T14:13:52.107563" elapsed="0.004342"/>
</for>
<status status="PASS" start="2024-05-28T14:13:51.961735" elapsed="0.150319"/>
</kw>
<doc>Testa a estrutura da resposta da API.</doc>
<tag>testeEstruturaResposta</tag>
<status status="PASS" start="2024-05-28T14:13:51.961119" elapsed="0.151095"/>
</test>
<test id="s1-s1-t4" name="Validar tipos de dados" line="28">
<kw name="Teste de Tipos de Dados" owner="random-user-service">
<kw name="GET On Session" owner="RequestsLibrary">
<msg time="2024-05-28T14:13:52.266058" level="INFO">GET Request : url=https://randomuser.me/api 
 path_url=/api 
 headers={'User-Agent': 'python-requests/2.32.2', 'Accept-Encoding': 'gzip, deflate', 'Accept': '*/*', 'Connection': 'keep-alive'} 
 body=None 
 </msg>
<msg time="2024-05-28T14:13:52.266169" level="INFO">GET Response : url=https://randomuser.me/api 
 status=200, reason=OK 
 headers={'Date': 'Tue, 28 May 2024 14:13:52 GMT', 'Content-Type': 'application/json; charset=utf-8', 'Transfer-Encoding': 'chunked', 'Connection': 'keep-alive', 'X-Powered-By': 'Express', 'Access-Control-Allow-Origin': '*', 'Cache-Control': 'no-cache', 'ETag': 'W/"493-T8ZzUHlvlYpQpxgJ9hSBMdABu7U"', 'Vary': 'Accept-Encoding', 'Content-Encoding': 'gzip', 'CF-Cache-Status': 'DYNAMIC', 'Report-To': '{"endpoints":[{"url":"https:\\/\\/a.nel.cloudflare.com\\/report\\/v4?s=Av48lu42%2FSXjYqw5wiAEPUOggc3MpaCEgS7gEQj3PcjAKjvgJzljON6emivrecWs6kxdAL5pY0EqR%2B62jgAOkeRdX2SwS4z2I1IN1FW5XYdg2ir9ZH9sJWenovU%2Bpc6%2F"}],"group":"cf-nel","max_age":604800}', 'NEL': '{"success_fraction":0,"report_to":"cf-nel","max_age":604800}', 'Server': 'cloudflare', 'CF-RAY': '88aed908ba7415cc-SJC', 'alt-svc': 'h3=":443"; ma=86400'} 
 body={"results":[{"gender":"female","name":{"title":"Mrs","first":"Katrine","last":"Hansen"},"location":{"street":{"number":6933,"name":"Ribe Landevej"},"city":"Esbjerg V","state":"Sjælland","country":"Denmark","postcode":46673,"coordinates":{"latitude":"-47.0973","longitude":"127.0058"},"timezone":{"offset":"+3:00","description":"Baghdad, Riyadh, Moscow, St. Petersburg"}},"email":"katrine.hansen@example.com","login":{"uuid":"7268ba3c-61a1-4115-9518-4bdbd2a001ca","username":"orangefish732","password":"abby","salt":"gPehgvMu","md5":"e0c9f54d016ba6811bbe83a7e0d7cdff","sha1":"2c4833e069726e6bdc5c709f3983be78bf073985","sha256":"527445b981353a9272e8540e48476419341f6d15a48baa9bda2adf14180d85b4"},"dob":{"date":"1991-12-24T18:46:42.976Z","age":32},"registered":{"date":"2016-06-19T20:24:49.461Z","age":7},"phone":"16000764","cell":"47286833","id":{"name":"CPR","value":"241291-7532"},"picture":{"large":"https://randomuser.me/api/portraits/women/80.jpg","medium":"https://randomuser.me/api/portraits/med/women/80.jpg","thumbnail":"https://randomuser.me/api/portraits/thumb/women/80.jpg"},"nat":"DK"}],"info":{"seed":"1ab506467e03bf9f","results":1,"page":1,"version":"1.4"}} 
 </msg>
<msg time="2024-05-28T14:13:52.266260" level="INFO">/opt/hostedtoolcache/Python/3.12.3/x64/lib/python3.12/site-packages/urllib3/connectionpool.py:1103: InsecureRequestWarning: Unverified HTTPS request is being made to host 'randomuser.me'. Adding certificate verification is strongly advised. See: https://urllib3.readthedocs.io/en/latest/advanced-usage.html#tls-warnings
  warnings.warn(</msg>
<msg time="2024-05-28T14:13:52.266377" level="INFO">${response} = &lt;Response [200]&gt;</msg>
<var>${response}</var>
<arg>consultarAPI</arg>
<arg>/api</arg>
<doc>Sends a GET request on a previously created HTTP Session.</doc>
<status status="PASS" start="2024-05-28T14:13:52.114746" elapsed="0.151659"/>
</kw>
<kw name="Set Variable" owner="BuiltIn">
<msg time="2024-05-28T14:13:52.267572" level="INFO">${json_data} = {'results': [{'gender': 'female', 'name': {'title': 'Mrs', 'first': 'Katrine', 'last': 'Hansen'}, 'location': {'street': {'number': 6933, 'name': 'Ribe Landevej'}, 'city': 'Esbjerg V', 'state': 'Sjæll...</msg>
<var>${json_data}</var>
<arg>${response.json()}</arg>
<doc>Returns the given values which can then be assigned to a variables.</doc>
<status status="PASS" start="2024-05-28T14:13:52.266971" elapsed="0.000633"/>
</kw>
<kw name="Log" owner="BuiltIn">
<msg time="2024-05-28T14:13:52.268075" level="INFO">{'results': [{'gender': 'female', 'name': {'title': 'Mrs', 'first': 'Katrine', 'last': 'Hansen'}, 'location': {'street': {'number': 6933, 'name': 'Ribe Landevej'}, 'city': 'Esbjerg V', 'state': 'Sjælland', 'country': 'Denmark', 'postcode': 46673, 'coordinates': {'latitude': '-47.0973', 'longitude': '127.0058'}, 'timezone': {'offset': '+3:00', 'description': 'Baghdad, Riyadh, Moscow, St. Petersburg'}}, 'email': 'katrine.hansen@example.com', 'login': {'uuid': '7268ba3c-61a1-4115-9518-4bdbd2a001ca', 'username': 'orangefish732', 'password': 'abby', 'salt': 'gPehgvMu', 'md5': 'e0c9f54d016ba6811bbe83a7e0d7cdff', 'sha1': '2c4833e069726e6bdc5c709f3983be78bf073985', 'sha256': '527445b981353a9272e8540e48476419341f6d15a48baa9bda2adf14180d85b4'}, 'dob': {'date': '1991-12-24T18:46:42.976Z', 'age': 32}, 'registered': {'date': '2016-06-19T20:24:49.461Z', 'age': 7}, 'phone': '16000764', 'cell': '47286833', 'id': {'name': 'CPR', 'value': '241291-7532'}, 'picture': {'large': 'https://randomuser.me/api/portraits/women/80.jpg', 'medium': 'https://randomuser.me/api/portraits/med/women/80.jpg', 'thumbnail': 'https://randomuser.me/api/portraits/thumb/women/80.jpg'}, 'nat': 'DK'}], 'info': {'seed': '1ab506467e03bf9f', 'results': 1, 'page': 1, 'version': '1.4'}}</msg>
<arg>${json_data}</arg>
<doc>Logs the given message with the given level.</doc>
<status status="PASS" start="2024-05-28T14:13:52.267914" elapsed="0.000249"/>
</kw>
<kw name="Should Be String" owner="String">
<arg>${json_data['results'][0]['gender']}</arg>
<doc>Fails if the given ``item`` is not a string.</doc>
<status status="PASS" start="2024-05-28T14:13:52.268466" elapsed="0.000368"/>
</kw>
<kw name="Should Match Regexp" owner="BuiltIn">
<arg>${json_data['results'][0]['email']}</arg>
<arg>^[a-zA-Z0-9._%+-]+@[a-zA-Z0-9.-]+\.[a-zA-Z]{2,}$</arg>
<doc>Fails if ``string`` does not match ``pattern`` as a regular expression.</doc>
<status status="PASS" start="2024-05-28T14:13:52.269027" elapsed="0.000655"/>
</kw>
<kw name="Should Match Regexp" owner="BuiltIn">
<arg>${json_data['results'][0]['dob']['date']}</arg>
<arg>\\d{4}-\\d{2}-\\d{2}T\\d{2}:\\d{2}:\\d{2}\\.\\d{3}Z</arg>
<doc>Fails if ``string`` does not match ``pattern`` as a regular expression.</doc>
<status status="PASS" start="2024-05-28T14:13:52.269886" elapsed="0.000479"/>
</kw>
<kw name="Should Match Regexp" owner="BuiltIn">
<arg>${json_data['results'][0]['registered']['date']}</arg>
<arg>\\d{4}-\\d{2}-\\d{2}T\\d{2}:\\d{2}:\\d{2}\\.\\d{3}Z</arg>
<doc>Fails if ``string`` does not match ``pattern`` as a regular expression.</doc>
<status status="PASS" start="2024-05-28T14:13:52.270558" elapsed="0.000371"/>
</kw>
<kw name="Should Match Regexp" owner="BuiltIn">
<arg>${json_data['results'][0]['picture']['large']}</arg>
<arg>^https?://.*\.(?:png|jpe?g|gif|bmp)$</arg>
<doc>Fails if ``string`` does not match ``pattern`` as a regular expression.</doc>
<status status="PASS" start="2024-05-28T14:13:52.271145" elapsed="0.000461"/>
</kw>
<kw name="Should Match Regexp" owner="BuiltIn">
<arg>${json_data['results'][0]['picture']['medium']}</arg>
<arg>^https?://.*\.(?:png|jpe?g|gif|bmp)$</arg>
<doc>Fails if ``string`` does not match ``pattern`` as a regular expression.</doc>
<status status="PASS" start="2024-05-28T14:13:52.271799" elapsed="0.000356"/>
</kw>
<kw name="Should Match Regexp" owner="BuiltIn">
<arg>${json_data['results'][0]['picture']['thumbnail']}</arg>
<arg>^https?://.*\.(?:png|jpe?g|gif|bmp)$</arg>
<doc>Fails if ``string`` does not match ``pattern`` as a regular expression.</doc>
<status status="PASS" start="2024-05-28T14:13:52.272344" elapsed="0.000343"/>
</kw>
<kw name="Log" owner="BuiltIn">
<msg time="2024-05-28T14:13:52.273194" level="INFO">{'large': 'https://randomuser.me/api/portraits/women/80.jpg', 'medium': 'https://randomuser.me/api/portraits/med/women/80.jpg', 'thumbnail': 'https://randomuser.me/api/portraits/thumb/women/80.jpg'}</msg>
<arg>${json_data['results'][0]['picture']}</arg>
<doc>Logs the given message with the given level.</doc>
<status status="PASS" start="2024-05-28T14:13:52.272869" elapsed="0.000365"/>
</kw>
<status status="PASS" start="2024-05-28T14:13:52.114510" elapsed="0.158981"/>
</kw>
<kw name="Teste de Tipos de Dados - Postcode" owner="random-user-service">
<kw name="GET On Session" owner="RequestsLibrary">
<msg time="2024-05-28T14:13:52.370730" level="INFO">GET Request : url=https://randomuser.me/api 
 path_url=/api 
 headers={'User-Agent': 'python-requests/2.32.2', 'Accept-Encoding': 'gzip, deflate', 'Accept': '*/*', 'Connection': 'keep-alive'} 
 body=None 
 </msg>
<msg time="2024-05-28T14:13:52.370830" level="INFO">GET Response : url=https://randomuser.me/api 
 status=200, reason=OK 
 headers={'Date': 'Tue, 28 May 2024 14:13:52 GMT', 'Content-Type': 'application/json; charset=utf-8', 'Transfer-Encoding': 'chunked', 'Connection': 'keep-alive', 'X-Powered-By': 'Express', 'Access-Control-Allow-Origin': '*', 'Cache-Control': 'no-cache', 'ETag': 'W/"495-NbC7Xj/Zsb0zobAz44HDqIUZsIc"', 'Vary': 'Accept-Encoding', 'Content-Encoding': 'gzip', 'CF-Cache-Status': 'DYNAMIC', 'Report-To': '{"endpoints":[{"url":"https:\\/\\/a.nel.cloudflare.com\\/report\\/v4?s=HOuqEUSFFdnoTdQXi2tXFBzS1eSaovoW0Gv%2BVrKh8P56RtMe6%2FyfmnSSyJ04u%2BmQqjNiW6bHmiE3uPxB0AvGrsEc%2FuHP%2BDRIObHm8nyceJ1yCUgpZxsQiWE6NPSQ37Uj"}],"group":"cf-nel","max_age":604800}', 'NEL': '{"success_fraction":0,"report_to":"cf-nel","max_age":604800}', 'Server': 'cloudflare', 'CF-RAY': '88aed909bb2215cc-SJC', 'alt-svc': 'h3=":443"; ma=86400'} 
 body={"results":[{"gender":"male","name":{"title":"Mr","first":"Darrell","last":"Russell"},"location":{"street":{"number":5903,"name":"Brown Terrace"},"city":"Sunshine Coast","state":"Australian Capital Territory","country":"Australia","postcode":3180,"coordinates":{"latitude":"-82.9197","longitude":"-130.9507"},"timezone":{"offset":"+3:30","description":"Tehran"}},"email":"darrell.russell@example.com","login":{"uuid":"3c990c09-4f2e-4529-b719-018ecdd70212","username":"beautifulmeercat141","password":"justice","salt":"s7i5uiMm","md5":"b38424e583847f10da6f81a8632f9de9","sha1":"893f240eba07d6a5501e6c5f2a51f19ca27302f3","sha256":"e27e4807791ce7ab8e6c0b922d523b56287ff8eea6e408a7f4a67ba5804d992c"},"dob":{"date":"1949-11-26T00:10:08.896Z","age":74},"registered":{"date":"2012-11-03T21:44:21.125Z","age":11},"phone":"07-8840-1011","cell":"0468-219-342","id":{"name":"TFN","value":"222930915"},"picture":{"large":"https://randomuser.me/api/portraits/men/89.jpg","medium":"https://randomuser.me/api/portraits/med/men/89.jpg","thumbnail":"https://randomuser.me/api/portraits/thumb/men/89.jpg"},"nat":"AU"}],"info":{"seed":"713ade12e94aa0d6","results":1,"page":1,"version":"1.4"}} 
 </msg>
<msg time="2024-05-28T14:13:52.370904" level="INFO">/opt/hostedtoolcache/Python/3.12.3/x64/lib/python3.12/site-packages/urllib3/connectionpool.py:1103: InsecureRequestWarning: Unverified HTTPS request is being made to host 'randomuser.me'. Adding certificate verification is strongly advised. See: https://urllib3.readthedocs.io/en/latest/advanced-usage.html#tls-warnings
  warnings.warn(</msg>
<msg time="2024-05-28T14:13:52.371061" level="INFO">${response} = &lt;Response [200]&gt;</msg>
<var>${response}</var>
<arg>consultarAPI</arg>
<arg>/api</arg>
<doc>Sends a GET request on a previously created HTTP Session.</doc>
<status status="PASS" start="2024-05-28T14:13:52.273954" elapsed="0.097138"/>
</kw>
<kw name="Set Variable" owner="BuiltIn">
<msg time="2024-05-28T14:13:52.372201" level="INFO">${json_data} = {'results': [{'gender': 'male', 'name': {'title': 'Mr', 'first': 'Darrell', 'last': 'Russell'}, 'location': {'street': {'number': 5903, 'name': 'Brown Terrace'}, 'city': 'Sunshine Coast', 'state': 'Au...</msg>
<var>${json_data}</var>
<arg>${response.json()}</arg>
<doc>Returns the given values which can then be assigned to a variables.</doc>
<status status="PASS" start="2024-05-28T14:13:52.371660" elapsed="0.000569"/>
</kw>
<kw name="Log" owner="BuiltIn">
<msg time="2024-05-28T14:13:52.372705" level="INFO">{'results': [{'gender': 'male', 'name': {'title': 'Mr', 'first': 'Darrell', 'last': 'Russell'}, 'location': {'street': {'number': 5903, 'name': 'Brown Terrace'}, 'city': 'Sunshine Coast', 'state': 'Australian Capital Territory', 'country': 'Australia', 'postcode': 3180, 'coordinates': {'latitude': '-82.9197', 'longitude': '-130.9507'}, 'timezone': {'offset': '+3:30', 'description': 'Tehran'}}, 'email': 'darrell.russell@example.com', 'login': {'uuid': '3c990c09-4f2e-4529-b719-018ecdd70212', 'username': 'beautifulmeercat141', 'password': 'justice', 'salt': 's7i5uiMm', 'md5': 'b38424e583847f10da6f81a8632f9de9', 'sha1': '893f240eba07d6a5501e6c5f2a51f19ca27302f3', 'sha256': 'e27e4807791ce7ab8e6c0b922d523b56287ff8eea6e408a7f4a67ba5804d992c'}, 'dob': {'date': '1949-11-26T00:10:08.896Z', 'age': 74}, 'registered': {'date': '2012-11-03T21:44:21.125Z', 'age': 11}, 'phone': '07-8840-1011', 'cell': '0468-219-342', 'id': {'name': 'TFN', 'value': '222930915'}, 'picture': {'large': 'https://randomuser.me/api/portraits/men/89.jpg', 'medium': 'https://randomuser.me/api/portraits/med/men/89.jpg', 'thumbnail': 'https://randomuser.me/api/portraits/thumb/men/89.jpg'}, 'nat': 'AU'}], 'info': {'seed': '713ade12e94aa0d6', 'results': 1, 'page': 1, 'version': '1.4'}}</msg>
<arg>${json_data}</arg>
<doc>Logs the given message with the given level.</doc>
<status status="PASS" start="2024-05-28T14:13:52.372542" elapsed="0.000246"/>
</kw>
<kw name="Should Be Equal As Numbers" owner="BuiltIn">
<arg>${json_data['results'][0]['location']['postcode']}</arg>
<arg>${json_data['results'][0]['location']['postcode']}</arg>
<doc>Fails if objects are unequal after converting them to real numbers.</doc>
<status status="PASS" start="2024-05-28T14:13:52.373091" elapsed="0.000639"/>
</kw>
<kw name="Log" owner="BuiltIn">
<msg time="2024-05-28T14:13:52.374253" level="INFO">3180</msg>
<arg>${json_data['results'][0]['location']['postcode']}</arg>
<doc>Logs the given message with the given level.</doc>
<status status="PASS" start="2024-05-28T14:13:52.373921" elapsed="0.000372"/>
</kw>
<status status="PASS" start="2024-05-28T14:13:52.273717" elapsed="0.100830"/>
</kw>
<doc>Testa se os tipos de dados na resposta da API estão corretos.</doc>
<tag>testeTiposDados</tag>
<status status="PASS" start="2024-05-28T14:13:52.113999" elapsed="0.260716"/>
</test>
<test id="s1-s1-t5" name="Validar conteudo" line="35">
<kw name="Teste de Tipos de Conteudo" owner="random-user-service">
<kw name="GET On Session" owner="RequestsLibrary">
<msg time="2024-05-28T14:13:52.467291" level="INFO">GET Request : url=https://randomuser.me/api 
 path_url=/api 
 headers={'User-Agent': 'python-requests/2.32.2', 'Accept-Encoding': 'gzip, deflate', 'Accept': '*/*', 'Connection': 'keep-alive'} 
 body=None 
 </msg>
<msg time="2024-05-28T14:13:52.467406" level="INFO">GET Response : url=https://randomuser.me/api 
 status=200, reason=OK 
 headers={'Date': 'Tue, 28 May 2024 14:13:52 GMT', 'Content-Type': 'application/json; charset=utf-8', 'Transfer-Encoding': 'chunked', 'Connection': 'keep-alive', 'X-Powered-By': 'Express', 'Access-Control-Allow-Origin': '*', 'Cache-Control': 'no-cache', 'ETag': 'W/"480-SDpUTTqxt/NtefVsS02yGlNeyo8"', 'Vary': 'Accept-Encoding', 'Content-Encoding': 'gzip', 'CF-Cache-Status': 'DYNAMIC', 'Report-To': '{"endpoints":[{"url":"https:\\/\\/a.nel.cloudflare.com\\/report\\/v4?s=NM9jZ%2Bxf6aP3EbLKKQ6JtKkVQmG1kWrcaz4BoB7HrPQTz4CuKBi0gT5Fhez20Ned0Gd3AhMkXhamQg2GT1ET43yHs%2Bhh1ZHVjc%2FvJIP5Ju2PkkR%2BH%2FzVRhrFygifnzKC"}],"group":"cf-nel","max_age":604800}', 'NEL': '{"success_fraction":0,"report_to":"cf-nel","max_age":604800}', 'Server': 'cloudflare', 'CF-RAY': '88aed90a6b9215cc-SJC', 'alt-svc': 'h3=":443"; ma=86400'} 
 body={"results":[{"gender":"male","name":{"title":"Mr","first":"Yarovid","last":"Ishchuk"},"location":{"street":{"number":5534,"name":"Polskiy uzviz"},"city":"Lohvicya","state":"Odeska","country":"Ukraine","postcode":89766,"coordinates":{"latitude":"73.2327","longitude":"-24.0858"},"timezone":{"offset":"-7:00","description":"Mountain Time (US &amp; Canada)"}},"email":"yarovid.ishchuk@example.com","login":{"uuid":"f528b89e-a31b-4319-ae78-2896c982099c","username":"heavyleopard265","password":"taylor","salt":"OlgUogK6","md5":"784af8e2c66a58f6a49d30e569327f36","sha1":"b6e374a1a6c7574be34c95ebfa1067317d419359","sha256":"4ea3c39b3bcbf8a61ce010b2695d980a4954134871531f80814feee4d7eff399"},"dob":{"date":"1974-04-25T06:37:06.407Z","age":50},"registered":{"date":"2013-10-26T02:07:46.457Z","age":10},"phone":"(098) P51-0658","cell":"(097) H24-5272","id":{"name":"","value":null},"picture":{"large":"https://randomuser.me/api/portraits/men/43.jpg","medium":"https://randomuser.me/api/portraits/med/men/43.jpg","thumbnail":"https://randomuser.me/api/portraits/thumb/men/43.jpg"},"nat":"UA"}],"info":{"seed":"6e4e1dfcf3446434","results":1,"page":1,"version":"1.4"}} 
 </msg>
<msg time="2024-05-28T14:13:52.467500" level="INFO">/opt/hostedtoolcache/Python/3.12.3/x64/lib/python3.12/site-packages/urllib3/connectionpool.py:1103: InsecureRequestWarning: Unverified HTTPS request is being made to host 'randomuser.me'. Adding certificate verification is strongly advised. See: https://urllib3.readthedocs.io/en/latest/advanced-usage.html#tls-warnings
  warnings.warn(</msg>
<msg time="2024-05-28T14:13:52.467639" level="INFO">${response} = &lt;Response [200]&gt;</msg>
<var>${response}</var>
<arg>consultarAPI</arg>
<arg>/api</arg>
<doc>Sends a GET request on a previously created HTTP Session.</doc>
<status status="PASS" start="2024-05-28T14:13:52.377312" elapsed="0.090354"/>
</kw>
<kw name="Set Variable" owner="BuiltIn">
<msg time="2024-05-28T14:13:52.468804" level="INFO">${json_data} = {'results': [{'gender': 'male', 'name': {'title': 'Mr', 'first': 'Yarovid', 'last': 'Ishchuk'}, 'location': {'street': {'number': 5534, 'name': 'Polskiy uzviz'}, 'city': 'Lohvicya', 'state': 'Odeska',...</msg>
<var>${json_data}</var>
<arg>${response.json()}</arg>
<doc>Returns the given values which can then be assigned to a variables.</doc>
<status status="PASS" start="2024-05-28T14:13:52.468249" elapsed="0.000584"/>
</kw>
<kw name="Set Variable" owner="BuiltIn">
<msg time="2024-05-28T14:13:52.469541" level="INFO">${name_title} = Mr</msg>
<var>${name_title}</var>
<arg>${json_data["results"][0]["name"]["title"]}</arg>
<doc>Returns the given values which can then be assigned to a variables.</doc>
<status status="PASS" start="2024-05-28T14:13:52.469153" elapsed="0.000413"/>
</kw>
<kw name="Create List" owner="BuiltIn">
<msg time="2024-05-28T14:13:52.470014" level="INFO">${allowed_titles} = ['Mr', 'Ms', 'Miss', 'Mrs', 'Madame', 'Monsieur']</msg>
<var>${allowed_titles}</var>
<arg>Mr</arg>
<arg>Ms</arg>
<arg>Miss</arg>
<arg>Mrs</arg>
<arg>Madame</arg>
<arg>Monsieur</arg>
<doc>Returns a list containing given items.</doc>
<status status="PASS" start="2024-05-28T14:13:52.469864" elapsed="0.000174"/>
</kw>
<kw name="List Should Contain Value" owner="Collections">
<msg time="2024-05-28T14:13:52.470531" level="INFO">False</msg>
<arg>${allowed_titles}</arg>
<arg>${name_title}</arg>
<doc>Fails if the ``value`` is not found from ``list``.</doc>
<status status="PASS" start="2024-05-28T14:13:52.470346" elapsed="0.000223"/>
</kw>
<kw name="Set Variable" owner="BuiltIn">
<msg time="2024-05-28T14:13:52.471472" level="INFO">${name_country} = UA</msg>
<var>${name_country}</var>
<arg>${json_data["results"][0]["nat"]}</arg>
<doc>Returns the given values which can then be assigned to a variables.</doc>
<status status="PASS" start="2024-05-28T14:13:52.470864" elapsed="0.000634"/>
</kw>
<kw name="Create List" owner="BuiltIn">
<msg time="2024-05-28T14:13:52.472408" level="INFO">${list_country} = ['AD', 'AE', 'AF', 'AG', 'AI', 'AL', 'AM', 'AO', 'AQ', 'AR', 'AS', 'AT', 'AU', 'AW', 'AX', 'AZ', 'BA', 'BB', 'BD', 'BE', 'BF', 'BG', 'BH', 'BI', 'BJ', 'BL', 'BM', 'BN', 'BO', 'BQ', 'BR', 'BS', 'BT', '...</msg>
<var>${list_country}</var>
<arg>AD</arg>
<arg>AE</arg>
<arg>AF</arg>
<arg>AG</arg>
<arg>AI</arg>
<arg>AL</arg>
<arg>AM</arg>
<arg>AO</arg>
<arg>AQ</arg>
<arg>AR</arg>
<arg>AS</arg>
<arg>AT</arg>
<arg>AU</arg>
<arg>AW</arg>
<arg>AX</arg>
<arg>AZ</arg>
<arg>BA</arg>
<arg>BB</arg>
<arg>BD</arg>
<arg>BE</arg>
<arg>BF</arg>
<arg>BG</arg>
<arg>BH</arg>
<arg>BI</arg>
<arg>BJ</arg>
<arg>BL</arg>
<arg>BM</arg>
<arg>BN</arg>
<arg>BO</arg>
<arg>BQ</arg>
<arg>BR</arg>
<arg>BS</arg>
<arg>BT</arg>
<arg>BV</arg>
<arg>BW</arg>
<arg>BY</arg>
<arg>BZ</arg>
<arg>CA</arg>
<arg>CC</arg>
<arg>CD</arg>
<arg>CF</arg>
<arg>CG</arg>
<arg>CH</arg>
<arg>CI</arg>
<arg>CK</arg>
<arg>CL</arg>
<arg>CM</arg>
<arg>CN</arg>
<arg>CO</arg>
<arg>CR</arg>
<arg>CU</arg>
<arg>CV</arg>
<arg>CW</arg>
<arg>CX</arg>
<arg>CY</arg>
<arg>CZ</arg>
<arg>DE</arg>
<arg>DJ</arg>
<arg>DK</arg>
<arg>DM</arg>
<arg>DO</arg>
<arg>DZ</arg>
<arg>EC</arg>
<arg>EE</arg>
<arg>EG</arg>
<arg>EH</arg>
<arg>ER</arg>
<arg>ES</arg>
<arg>ET</arg>
<arg>FI</arg>
<arg>FJ</arg>
<arg>FK</arg>
<arg>FM</arg>
<arg>FO</arg>
<arg>FR</arg>
<arg>GA</arg>
<arg>GB</arg>
<arg>GD</arg>
<arg>GE</arg>
<arg>GF</arg>
<arg>GG</arg>
<arg>GH</arg>
<arg>GI</arg>
<arg>GL</arg>
<arg>GM</arg>
<arg>GN</arg>
<arg>GP</arg>
<arg>GQ</arg>
<arg>GR</arg>
<arg>GS</arg>
<arg>GT</arg>
<arg>GU</arg>
<arg>GW</arg>
<arg>GY</arg>
<arg>HK</arg>
<arg>HM</arg>
<arg>HN</arg>
<arg>HR</arg>
<arg>HT</arg>
<arg>HU</arg>
<arg>ID</arg>
<arg>IE</arg>
<arg>IL</arg>
<arg>IM</arg>
<arg>IN</arg>
<arg>IO</arg>
<arg>IQ</arg>
<arg>IR</arg>
<arg>IS</arg>
<arg>IT</arg>
<arg>JE</arg>
<arg>JM</arg>
<arg>JO</arg>
<arg>JP</arg>
<arg>KE</arg>
<arg>KG</arg>
<arg>KH</arg>
<arg>KI</arg>
<arg>KM</arg>
<arg>KN</arg>
<arg>KP</arg>
<arg>KR</arg>
<arg>KW</arg>
<arg>KY</arg>
<arg>KZ</arg>
<arg>LA</arg>
<arg>LB</arg>
<arg>LC</arg>
<arg>LI</arg>
<arg>LK</arg>
<arg>LR</arg>
<arg>LS</arg>
<arg>LT</arg>
<arg>LU</arg>
<arg>LV</arg>
<arg>LY</arg>
<arg>MA</arg>
<arg>MC</arg>
<arg>MD</arg>
<arg>ME</arg>
<arg>MF</arg>
<arg>MG</arg>
<arg>MH</arg>
<arg>MK</arg>
<arg>ML</arg>
<arg>MM</arg>
<arg>MN</arg>
<arg>MO</arg>
<arg>MP</arg>
<arg>MQ</arg>
<arg>MR</arg>
<arg>MS</arg>
<arg>MT</arg>
<arg>MU</arg>
<arg>MV</arg>
<arg>MW</arg>
<arg>MX</arg>
<arg>MY</arg>
<arg>MZ</arg>
<arg>NA</arg>
<arg>NC</arg>
<arg>NE</arg>
<arg>NF</arg>
<arg>NG</arg>
<arg>NI</arg>
<arg>NL</arg>
<arg>NO</arg>
<arg>NP</arg>
<arg>NR</arg>
<arg>NU</arg>
<arg>NZ</arg>
<arg>OM</arg>
<arg>PA</arg>
<arg>PE</arg>
<arg>PF</arg>
<arg>PG</arg>
<arg>PH</arg>
<arg>PK</arg>
<arg>PL</arg>
<arg>PM</arg>
<arg>PN</arg>
<arg>PR</arg>
<arg>PS</arg>
<arg>PT</arg>
<arg>PW</arg>
<arg>PY</arg>
<arg>QA</arg>
<arg>RE</arg>
<arg>RO</arg>
<arg>RS</arg>
<arg>RU</arg>
<arg>RW</arg>
<arg>SA</arg>
<arg>SB</arg>
<arg>SC</arg>
<arg>SD</arg>
<arg>SE</arg>
<arg>SG</arg>
<arg>SH</arg>
<arg>SI</arg>
<arg>SJ</arg>
<arg>SK</arg>
<arg>SL</arg>
<arg>SM</arg>
<arg>SN</arg>
<arg>SO</arg>
<arg>SR</arg>
<arg>SS</arg>
<arg>ST</arg>
<arg>SV</arg>
<arg>SX</arg>
<arg>SY</arg>
<arg>SZ</arg>
<arg>TC</arg>
<arg>TD</arg>
<arg>TF</arg>
<arg>TG</arg>
<arg>TH</arg>
<arg>TJ</arg>
<arg>TK</arg>
<arg>TL</arg>
<arg>TM</arg>
<arg>TN</arg>
<arg>TO</arg>
<arg>TR</arg>
<arg>TT</arg>
<arg>TV</arg>
<arg>TW</arg>
<arg>TZ</arg>
<arg>UA</arg>
<arg>UG</arg>
<arg>UM</arg>
<arg>US</arg>
<arg>UY</arg>
<arg>UZ</arg>
<arg>VA</arg>
<arg>VC</arg>
<arg>VE</arg>
<arg>VG</arg>
<arg>VI</arg>
<arg>VN</arg>
<arg>VU</arg>
<arg>WF</arg>
<arg>WS</arg>
<arg>XK</arg>
<arg>YE</arg>
<arg>YT</arg>
<arg>ZA</arg>
<arg>ZM</arg>
<arg>ZW</arg>
<doc>Returns a list containing given items.</doc>
<status status="PASS" start="2024-05-28T14:13:52.471815" elapsed="0.000619"/>
</kw>
<kw name="List Should Contain Value" owner="Collections">
<msg time="2024-05-28T14:13:52.473464" level="INFO">False</msg>
<arg>${list_country}</arg>
<arg>${name_country}</arg>
<doc>Fails if the ``value`` is not found from ``list``.</doc>
<status status="PASS" start="2024-05-28T14:13:52.473241" elapsed="0.000260"/>
</kw>
<kw name="Run Keyword If" owner="BuiltIn">
<kw name="Should Be True" owner="BuiltIn">
<arg>${True}</arg>
<doc>Fails if the given condition is not true.</doc>
<status status="PASS" start="2024-05-28T14:13:52.474579" elapsed="0.000145"/>
</kw>
<arg>${json_data["results"][0]["location"]["coordinates"]["latitude"]} &gt;= -90 and ${json_data["results"][0]["location"]["coordinates"]["latitude"]} &lt;= 90</arg>
<arg>Should Be True</arg>
<arg>${True}</arg>
<doc>Runs the given keyword with the given arguments, if ``condition`` is true.</doc>
<status status="PASS" start="2024-05-28T14:13:52.473822" elapsed="0.001031"/>
</kw>
<kw name="Run Keyword If" owner="BuiltIn">
<kw name="Should Be True" owner="BuiltIn">
<arg>${True}</arg>
<doc>Fails if the given condition is not true.</doc>
<status status="PASS" start="2024-05-28T14:13:52.475782" elapsed="0.000138"/>
</kw>
<arg>${json_data["results"][0]["location"]["coordinates"]["longitude"]} &gt;= -180 and ${json_data["results"][0]["location"]["coordinates"]["longitude"]} &lt;= 180</arg>
<arg>Should Be True</arg>
<arg>${True}</arg>
<doc>Runs the given keyword with the given arguments, if ``condition`` is true.</doc>
<status status="PASS" start="2024-05-28T14:13:52.475071" elapsed="0.000974"/>
</kw>
<status status="PASS" start="2024-05-28T14:13:52.377073" elapsed="0.099107"/>
</kw>
<doc>Testa o conteúdo específico dos campos retornados pela API.</doc>
<tag>testeConteudo</tag>
<status status="PASS" start="2024-05-28T14:13:52.376514" elapsed="0.099817"/>
</test>
<status status="PASS" start="2024-05-28T14:13:51.370424" elapsed="1.107945"/>
</suite>
<status status="PASS" start="2024-05-28T14:13:51.356625" elapsed="1.126947"/>
</suite>
<statistics>
<total>
<stat pass="5" fail="0" skip="0">All Tests</stat>
</total>
<tag>
<stat pass="1" fail="0" skip="0">testeConteudo</stat>
<stat pass="1" fail="0" skip="0">testeEstruturaResposta</stat>
<stat pass="1" fail="0" skip="0">testeRequisicaoBasica</stat>
<stat pass="1" fail="0" skip="0">testeTiposDados</stat>
</tag>
<suite>
<stat pass="5" fail="0" skip="0" id="s1" name="Tests">Tests</stat>
<stat pass="5" fail="0" skip="0" id="s1-s1" name="Random-User-Test">Tests.Random-User-Test</stat>
</suite>
</statistics>
<errors>
</errors>
</robot>
