<?xml version="1.0" encoding="UTF-8"?>
<robot generator="Robot 7.0 (Python 3.12.2 on linux)" generated="2024-04-13T21:11:15.490087" rpa="false" schemaversion="5">
<suite id="s1" name="Tests" source="/home/runner/work/DesafioQAItauRogerioJordao/DesafioQAItauRogerioJordao/RamdonUser/tests">
<suite id="s1-s1" name="Random-User-Test" source="/home/runner/work/DesafioQAItauRogerioJordao/DesafioQAItauRogerioJordao/RamdonUser/tests/random-user-test.robot">
<test id="s1-s1-t1" name="Conectar" line="13">
<kw name="Conectar API" owner="random-user-service">
<kw name="Create Session" owner="RequestsLibrary">
<msg time="2024-04-13T21:11:15.869641" level="INFO">Creating Session using : alias=consultarAPI, url=https://randomuser.me/, headers={},                     cookies={}, auth=None, timeout=None, proxies=None, verify=False,                     debug=0 </msg>
<arg>consultarAPI</arg>
<arg>${URL}</arg>
<doc>Create Session: create a HTTP session to a server</doc>
<status status="PASS" start="2024-04-13T21:11:15.869439" elapsed="0.000386"/>
</kw>
<status status="PASS" start="2024-04-13T21:11:15.868396" elapsed="0.001790"/>
</kw>
<status status="PASS" start="2024-04-13T21:11:15.867776" elapsed="0.002614"/>
</test>
<test id="s1-s1-t2" name="Validar retorno 200 e JSON Válido" line="16">
<kw name="Teste de Requisicao Basica" owner="random-user-service">
<kw name="GET On Session" owner="RequestsLibrary">
<msg time="2024-04-13T21:11:16.251025" level="INFO">GET Request : url=https://randomuser.me/api 
 path_url=/api 
 headers={'User-Agent': 'python-requests/2.31.0', 'Accept-Encoding': 'gzip, deflate', 'Accept': '*/*', 'Connection': 'keep-alive'} 
 body=None 
 </msg>
<msg time="2024-04-13T21:11:16.251162" level="INFO">GET Response : url=https://randomuser.me/api 
 status=200, reason=OK 
 headers={'Date': 'Sat, 13 Apr 2024 21:11:16 GMT', 'Content-Type': 'application/json; charset=utf-8', 'Transfer-Encoding': 'chunked', 'Connection': 'keep-alive', 'X-Powered-By': 'Express', 'Access-Control-Allow-Origin': '*', 'Cache-Control': 'no-cache', 'ETag': 'W/"49a-bgqMe+rCgRcWbnz07RtHH65JvFg"', 'Vary': 'Accept-Encoding', 'Content-Encoding': 'gzip', 'CF-Cache-Status': 'DYNAMIC', 'Report-To': '{"endpoints":[{"url":"https:\\/\\/a.nel.cloudflare.com\\/report\\/v4?s=NYeF67L8ru0IE1kG%2FlTH%2Bl0NEj34cfJNwETno299khJtwtdvNzaseBr%2BWTSvQZkMmpUZjhA4XWMC3Jyio99CJPmgT3S1xhgaSCQd4YW4Oskan%2FCeOrUh%2BTvxCEaL5pYN"}],"group":"cf-nel","max_age":604800}', 'NEL': '{"success_fraction":0,"report_to":"cf-nel","max_age":604800}', 'Server': 'cloudflare', 'CF-RAY': '873e72946e6f10af-ORD', 'alt-svc': 'h3=":443"; ma=86400'} 
 body={"results":[{"gender":"female","name":{"title":"Mrs","first":"Cristina","last":"Ríos"},"location":{"street":{"number":6874,"name":"Cerrada Madrigal"},"city":"San José Iturbide","state":"Zacatecas","country":"Mexico","postcode":55322,"coordinates":{"latitude":"28.1731","longitude":"7.8213"},"timezone":{"offset":"+6:00","description":"Almaty, Dhaka, Colombo"}},"email":"cristina.rios@example.com","login":{"uuid":"4c6ca5bf-8cfe-4ceb-b0b2-7bf0d9d705e4","username":"blackkoala731","password":"piao","salt":"V06V4Spc","md5":"128703c048e5ca9b81d72413cec6c5cc","sha1":"1a0309e1787a41b9346aaef59d85e0916b81ce66","sha256":"0c93f00702cffdc57bd421259e2bf38785ceb9bfb26601fe4b8778b1baa310ea"},"dob":{"date":"1999-08-11T02:02:50.805Z","age":24},"registered":{"date":"2002-06-04T13:59:18.388Z","age":21},"phone":"(658) 403 8321","cell":"(643) 626 9050","id":{"name":"NSS","value":"06 50 50 9587 7"},"picture":{"large":"https://randomuser.me/api/portraits/women/81.jpg","medium":"https://randomuser.me/api/portraits/med/women/81.jpg","thumbnail":"https://randomuser.me/api/portraits/thumb/women/81.jpg"},"nat":"MX"}],"info":{"seed":"97928f8d304d3df4","results":1,"page":1,"version":"1.4"}} 
 </msg>
<msg time="2024-04-13T21:11:16.251241" level="INFO">/opt/hostedtoolcache/Python/3.12.2/x64/lib/python3.12/site-packages/urllib3/connectionpool.py:1103: InsecureRequestWarning: Unverified HTTPS request is being made to host 'randomuser.me'. Adding certificate verification is strongly advised. See: https://urllib3.readthedocs.io/en/latest/advanced-usage.html#tls-warnings
  warnings.warn(</msg>
<msg time="2024-04-13T21:11:16.251421" level="INFO">${response} = &lt;Response [200]&gt;</msg>
<var>${response}</var>
<arg>consultarAPI</arg>
<arg>/api</arg>
<doc>Sends a GET request on a previously created HTTP Session.</doc>
<status status="PASS" start="2024-04-13T21:11:15.873159" elapsed="0.378295"/>
</kw>
<kw name="Should Be Equal As Numbers" owner="BuiltIn">
<msg time="2024-04-13T21:11:16.252426" level="INFO">Argument types are:
&lt;class 'int'&gt;
&lt;class 'str'&gt;</msg>
<arg>${response.status_code}</arg>
<arg>200</arg>
<doc>Fails if objects are unequal after converting them to real numbers.</doc>
<status status="PASS" start="2024-04-13T21:11:16.251983" elapsed="0.000516"/>
</kw>
<kw name="Log" owner="BuiltIn">
<msg time="2024-04-13T21:11:16.253175" level="INFO">200</msg>
<arg>${response.status_code}</arg>
<doc>Logs the given message with the given level.</doc>
<status status="PASS" start="2024-04-13T21:11:16.252823" elapsed="0.000395"/>
</kw>
<kw name="Set Variable" owner="BuiltIn">
<msg time="2024-04-13T21:11:16.254002" level="INFO">${json_data} = {'results': [{'gender': 'female', 'name': {'title': 'Mrs', 'first': 'Cristina', 'last': 'Ríos'}, 'location': {'street': {'number': 6874, 'name': 'Cerrada Madrigal'}, 'city': 'San José Iturbide', 'stat...</msg>
<var>${json_data}</var>
<arg>${response.json()}</arg>
<doc>Returns the given values which can then be assigned to a variables.</doc>
<status status="PASS" start="2024-04-13T21:11:16.253556" elapsed="0.000475"/>
</kw>
<kw name="Dictionary Should Contain Key" owner="Collections">
<msg time="2024-04-13T21:11:16.254509" level="INFO">False</msg>
<arg>${json_data}</arg>
<arg>results</arg>
<doc>Fails if ``key`` is not found from ``dictionary``.</doc>
<status status="PASS" start="2024-04-13T21:11:16.254340" elapsed="0.000214"/>
</kw>
<status status="PASS" start="2024-04-13T21:11:15.872893" elapsed="0.381925"/>
</kw>
<doc>Testa se a API responde corretamente e retorna um objeto JSON válido.</doc>
<tag>testeRequisicaoBasica</tag>
<status status="PASS" start="2024-04-13T21:11:15.872277" elapsed="0.382727"/>
</test>
<test id="s1-s1-t3" name="Validar estrutura de resposta" line="22">
<kw name="Teste de Estrutura de Resposta" owner="random-user-service">
<kw name="GET On Session" owner="RequestsLibrary">
<msg time="2024-04-13T21:11:16.349630" level="INFO">GET Request : url=https://randomuser.me/api 
 path_url=/api 
 headers={'User-Agent': 'python-requests/2.31.0', 'Accept-Encoding': 'gzip, deflate', 'Accept': '*/*', 'Connection': 'keep-alive'} 
 body=None 
 </msg>
<msg time="2024-04-13T21:11:16.349718" level="INFO">GET Response : url=https://randomuser.me/api 
 status=200, reason=OK 
 headers={'Date': 'Sat, 13 Apr 2024 21:11:16 GMT', 'Content-Type': 'application/json; charset=utf-8', 'Transfer-Encoding': 'chunked', 'Connection': 'keep-alive', 'X-Powered-By': 'Express', 'Access-Control-Allow-Origin': '*', 'Cache-Control': 'no-cache', 'ETag': 'W/"49b-8CsR1Y6ey7AnkQUjhXSO3oVRRxc"', 'Vary': 'Accept-Encoding', 'Content-Encoding': 'gzip', 'CF-Cache-Status': 'DYNAMIC', 'Report-To': '{"endpoints":[{"url":"https:\\/\\/a.nel.cloudflare.com\\/report\\/v4?s=Rlm3biVBlkuTcEf9yiNEO1UpIbWt3HnnkPRfKuM%2Fk5dvDQxmKfwCH%2BoWwCeCwZIbEG6BUokMZDvdgiq5papUEhi841Q3FlTgnRhjHodTFDfWmHPNWMONJM3hHiI9j8Y4"}],"group":"cf-nel","max_age":604800}', 'NEL': '{"success_fraction":0,"report_to":"cf-nel","max_age":604800}', 'Server': 'cloudflare', 'CF-RAY': '873e7296991910af-ORD', 'alt-svc': 'h3=":443"; ma=86400'} 
 body={"results":[{"gender":"male","name":{"title":"Mr","first":"Sidi","last":"Slegers"},"location":{"street":{"number":428,"name":"Dr. Langeveldplein"},"city":"Eede Zld","state":"Gelderland","country":"Netherlands","postcode":"6001 CF","coordinates":{"latitude":"38.0461","longitude":"-159.6702"},"timezone":{"offset":"+8:00","description":"Beijing, Perth, Singapore, Hong Kong"}},"email":"sidi.slegers@example.com","login":{"uuid":"dad0735f-7579-4fc4-8569-acdc45fae653","username":"happymeercat677","password":"elliott","salt":"BuEJ8Wsq","md5":"f54cec7691021609d3ada34ee1745730","sha1":"f0d8d8a0dee96949bf2cc0a79bf268c86f8ab3a9","sha256":"2b14af7343722e8981251fc4eef9ac40ffdbdd9a6a0cf819ea903f982129648c"},"dob":{"date":"1990-05-31T05:35:49.686Z","age":33},"registered":{"date":"2019-02-28T14:46:35.747Z","age":5},"phone":"(023) 9693322","cell":"(06) 69745558","id":{"name":"BSN","value":"47893575"},"picture":{"large":"https://randomuser.me/api/portraits/men/78.jpg","medium":"https://randomuser.me/api/portraits/med/men/78.jpg","thumbnail":"https://randomuser.me/api/portraits/thumb/men/78.jpg"},"nat":"NL"}],"info":{"seed":"308ebb65e6b195a5","results":1,"page":1,"version":"1.4"}} 
 </msg>
<msg time="2024-04-13T21:11:16.349859" level="INFO">/opt/hostedtoolcache/Python/3.12.2/x64/lib/python3.12/site-packages/urllib3/connectionpool.py:1103: InsecureRequestWarning: Unverified HTTPS request is being made to host 'randomuser.me'. Adding certificate verification is strongly advised. See: https://urllib3.readthedocs.io/en/latest/advanced-usage.html#tls-warnings
  warnings.warn(</msg>
<msg time="2024-04-13T21:11:16.350011" level="INFO">${response} = &lt;Response [200]&gt;</msg>
<var>${response}</var>
<arg>consultarAPI</arg>
<arg>/api</arg>
<doc>Sends a GET request on a previously created HTTP Session.</doc>
<status status="PASS" start="2024-04-13T21:11:16.257797" elapsed="0.092267"/>
</kw>
<kw name="Set Variable" owner="BuiltIn">
<msg time="2024-04-13T21:11:16.350931" level="INFO">${json_data} = {'results': [{'gender': 'male', 'name': {'title': 'Mr', 'first': 'Sidi', 'last': 'Slegers'}, 'location': {'street': {'number': 428, 'name': 'Dr. Langeveldplein'}, 'city': 'Eede Zld', 'state': 'Gelderl...</msg>
<var>${json_data}</var>
<arg>${response.json()}</arg>
<doc>Returns the given values which can then be assigned to a variables.</doc>
<status status="PASS" start="2024-04-13T21:11:16.350482" elapsed="0.000477"/>
</kw>
<kw name="Log" owner="BuiltIn">
<msg time="2024-04-13T21:11:16.351479" level="INFO">{'results': [{'gender': 'male', 'name': {'title': 'Mr', 'first': 'Sidi', 'last': 'Slegers'}, 'location': {'street': {'number': 428, 'name': 'Dr. Langeveldplein'}, 'city': 'Eede Zld', 'state': 'Gelderland', 'country': 'Netherlands', 'postcode': '6001 CF', 'coordinates': {'latitude': '38.0461', 'longitude': '-159.6702'}, 'timezone': {'offset': '+8:00', 'description': 'Beijing, Perth, Singapore, Hong Kong'}}, 'email': 'sidi.slegers@example.com', 'login': {'uuid': 'dad0735f-7579-4fc4-8569-acdc45fae653', 'username': 'happymeercat677', 'password': 'elliott', 'salt': 'BuEJ8Wsq', 'md5': 'f54cec7691021609d3ada34ee1745730', 'sha1': 'f0d8d8a0dee96949bf2cc0a79bf268c86f8ab3a9', 'sha256': '2b14af7343722e8981251fc4eef9ac40ffdbdd9a6a0cf819ea903f982129648c'}, 'dob': {'date': '1990-05-31T05:35:49.686Z', 'age': 33}, 'registered': {'date': '2019-02-28T14:46:35.747Z', 'age': 5}, 'phone': '(023) 9693322', 'cell': '(06) 69745558', 'id': {'name': 'BSN', 'value': '47893575'}, 'picture': {'large': 'https://randomuser.me/api/portraits/men/78.jpg', 'medium': 'https://randomuser.me/api/portraits/med/men/78.jpg', 'thumbnail': 'https://randomuser.me/api/portraits/thumb/men/78.jpg'}, 'nat': 'NL'}], 'info': {'seed': '308ebb65e6b195a5', 'results': 1, 'page': 1, 'version': '1.4'}}</msg>
<arg>${json_data}</arg>
<doc>Logs the given message with the given level.</doc>
<status status="PASS" start="2024-04-13T21:11:16.351304" elapsed="0.000223"/>
</kw>
<kw name="Dictionary Should Contain Key" owner="Collections">
<msg time="2024-04-13T21:11:16.351983" level="INFO">False</msg>
<arg>${json_data}</arg>
<arg>results</arg>
<doc>Fails if ``key`` is not found from ``dictionary``.</doc>
<status status="PASS" start="2024-04-13T21:11:16.351828" elapsed="0.000191"/>
</kw>
<kw name="Should Not Be Empty" owner="BuiltIn">
<msg time="2024-04-13T21:11:16.352444" level="INFO">Length is 2.</msg>
<arg>${json_data}</arg>
<doc>Verifies that the given item is not empty.</doc>
<status status="PASS" start="2024-04-13T21:11:16.352311" elapsed="0.000178"/>
</kw>
<kw name="Create List" owner="BuiltIn">
<msg time="2024-04-13T21:11:16.352934" level="INFO">${expected_keys} = ['gender', 'name', 'location', 'email', 'login']</msg>
<var>${expected_keys}</var>
<arg>gender</arg>
<arg>name</arg>
<arg>location</arg>
<arg>email</arg>
<arg>login</arg>
<doc>Returns a list containing given items.</doc>
<status status="PASS" start="2024-04-13T21:11:16.352784" elapsed="0.000175"/>
</kw>
<for flavor="IN">
<iter>
<kw name="Dictionary Should Contain Key" owner="Collections">
<msg time="2024-04-13T21:11:16.353929" level="INFO">False</msg>
<arg>${json_data['results'][0]}</arg>
<arg>${key}</arg>
<doc>Fails if ``key`` is not found from ``dictionary``.</doc>
<status status="PASS" start="2024-04-13T21:11:16.353524" elapsed="0.000443"/>
</kw>
<kw name="Log" owner="BuiltIn">
<msg time="2024-04-13T21:11:16.354626" level="INFO">{'gender': 'male', 'name': {'title': 'Mr', 'first': 'Sidi', 'last': 'Slegers'}, 'location': {'street': {'number': 428, 'name': 'Dr. Langeveldplein'}, 'city': 'Eede Zld', 'state': 'Gelderland', 'country': 'Netherlands', 'postcode': '6001 CF', 'coordinates': {'latitude': '38.0461', 'longitude': '-159.6702'}, 'timezone': {'offset': '+8:00', 'description': 'Beijing, Perth, Singapore, Hong Kong'}}, 'email': 'sidi.slegers@example.com', 'login': {'uuid': 'dad0735f-7579-4fc4-8569-acdc45fae653', 'username': 'happymeercat677', 'password': 'elliott', 'salt': 'BuEJ8Wsq', 'md5': 'f54cec7691021609d3ada34ee1745730', 'sha1': 'f0d8d8a0dee96949bf2cc0a79bf268c86f8ab3a9', 'sha256': '2b14af7343722e8981251fc4eef9ac40ffdbdd9a6a0cf819ea903f982129648c'}, 'dob': {'date': '1990-05-31T05:35:49.686Z', 'age': 33}, 'registered': {'date': '2019-02-28T14:46:35.747Z', 'age': 5}, 'phone': '(023) 9693322', 'cell': '(06) 69745558', 'id': {'name': 'BSN', 'value': '47893575'}, 'picture': {'large': 'https://randomuser.me/api/portraits/men/78.jpg', 'medium': 'https://randomuser.me/api/portraits/med/men/78.jpg', 'thumbnail': 'https://randomuser.me/api/portraits/thumb/men/78.jpg'}, 'nat': 'NL'}</msg>
<arg>${json_data['results'][0]}</arg>
<doc>Logs the given message with the given level.</doc>
<status status="PASS" start="2024-04-13T21:11:16.354268" elapsed="0.000406"/>
</kw>
<kw name="Log" owner="BuiltIn">
<msg time="2024-04-13T21:11:16.355099" level="INFO">gender</msg>
<arg>${key}</arg>
<doc>Logs the given message with the given level.</doc>
<status status="PASS" start="2024-04-13T21:11:16.354970" elapsed="0.000167"/>
</kw>
<var name="${key}">gender</var>
<status status="PASS" start="2024-04-13T21:11:16.353402" elapsed="0.001988"/>
</iter>
<iter>
<kw name="Dictionary Should Contain Key" owner="Collections">
<msg time="2024-04-13T21:11:16.356078" level="INFO">False</msg>
<arg>${json_data['results'][0]}</arg>
<arg>${key}</arg>
<doc>Fails if ``key`` is not found from ``dictionary``.</doc>
<status status="PASS" start="2024-04-13T21:11:16.355693" elapsed="0.000422"/>
</kw>
<kw name="Log" owner="BuiltIn">
<msg time="2024-04-13T21:11:16.356832" level="INFO">{'gender': 'male', 'name': {'title': 'Mr', 'first': 'Sidi', 'last': 'Slegers'}, 'location': {'street': {'number': 428, 'name': 'Dr. Langeveldplein'}, 'city': 'Eede Zld', 'state': 'Gelderland', 'country': 'Netherlands', 'postcode': '6001 CF', 'coordinates': {'latitude': '38.0461', 'longitude': '-159.6702'}, 'timezone': {'offset': '+8:00', 'description': 'Beijing, Perth, Singapore, Hong Kong'}}, 'email': 'sidi.slegers@example.com', 'login': {'uuid': 'dad0735f-7579-4fc4-8569-acdc45fae653', 'username': 'happymeercat677', 'password': 'elliott', 'salt': 'BuEJ8Wsq', 'md5': 'f54cec7691021609d3ada34ee1745730', 'sha1': 'f0d8d8a0dee96949bf2cc0a79bf268c86f8ab3a9', 'sha256': '2b14af7343722e8981251fc4eef9ac40ffdbdd9a6a0cf819ea903f982129648c'}, 'dob': {'date': '1990-05-31T05:35:49.686Z', 'age': 33}, 'registered': {'date': '2019-02-28T14:46:35.747Z', 'age': 5}, 'phone': '(023) 9693322', 'cell': '(06) 69745558', 'id': {'name': 'BSN', 'value': '47893575'}, 'picture': {'large': 'https://randomuser.me/api/portraits/men/78.jpg', 'medium': 'https://randomuser.me/api/portraits/med/men/78.jpg', 'thumbnail': 'https://randomuser.me/api/portraits/thumb/men/78.jpg'}, 'nat': 'NL'}</msg>
<arg>${json_data['results'][0]}</arg>
<doc>Logs the given message with the given level.</doc>
<status status="PASS" start="2024-04-13T21:11:16.356441" elapsed="0.000443"/>
</kw>
<kw name="Log" owner="BuiltIn">
<msg time="2024-04-13T21:11:16.357320" level="INFO">name</msg>
<arg>${key}</arg>
<doc>Logs the given message with the given level.</doc>
<status status="PASS" start="2024-04-13T21:11:16.357190" elapsed="0.000168"/>
</kw>
<var name="${key}">name</var>
<status status="PASS" start="2024-04-13T21:11:16.355578" elapsed="0.001999"/>
</iter>
<iter>
<kw name="Dictionary Should Contain Key" owner="Collections">
<msg time="2024-04-13T21:11:16.358251" level="INFO">False</msg>
<arg>${json_data['results'][0]}</arg>
<arg>${key}</arg>
<doc>Fails if ``key`` is not found from ``dictionary``.</doc>
<status status="PASS" start="2024-04-13T21:11:16.357867" elapsed="0.000422"/>
</kw>
<kw name="Log" owner="BuiltIn">
<msg time="2024-04-13T21:11:16.358946" level="INFO">{'gender': 'male', 'name': {'title': 'Mr', 'first': 'Sidi', 'last': 'Slegers'}, 'location': {'street': {'number': 428, 'name': 'Dr. Langeveldplein'}, 'city': 'Eede Zld', 'state': 'Gelderland', 'country': 'Netherlands', 'postcode': '6001 CF', 'coordinates': {'latitude': '38.0461', 'longitude': '-159.6702'}, 'timezone': {'offset': '+8:00', 'description': 'Beijing, Perth, Singapore, Hong Kong'}}, 'email': 'sidi.slegers@example.com', 'login': {'uuid': 'dad0735f-7579-4fc4-8569-acdc45fae653', 'username': 'happymeercat677', 'password': 'elliott', 'salt': 'BuEJ8Wsq', 'md5': 'f54cec7691021609d3ada34ee1745730', 'sha1': 'f0d8d8a0dee96949bf2cc0a79bf268c86f8ab3a9', 'sha256': '2b14af7343722e8981251fc4eef9ac40ffdbdd9a6a0cf819ea903f982129648c'}, 'dob': {'date': '1990-05-31T05:35:49.686Z', 'age': 33}, 'registered': {'date': '2019-02-28T14:46:35.747Z', 'age': 5}, 'phone': '(023) 9693322', 'cell': '(06) 69745558', 'id': {'name': 'BSN', 'value': '47893575'}, 'picture': {'large': 'https://randomuser.me/api/portraits/men/78.jpg', 'medium': 'https://randomuser.me/api/portraits/med/men/78.jpg', 'thumbnail': 'https://randomuser.me/api/portraits/thumb/men/78.jpg'}, 'nat': 'NL'}</msg>
<arg>${json_data['results'][0]}</arg>
<doc>Logs the given message with the given level.</doc>
<status status="PASS" start="2024-04-13T21:11:16.358585" elapsed="0.000408"/>
</kw>
<kw name="Log" owner="BuiltIn">
<msg time="2024-04-13T21:11:16.359453" level="INFO">location</msg>
<arg>${key}</arg>
<doc>Logs the given message with the given level.</doc>
<status status="PASS" start="2024-04-13T21:11:16.359313" elapsed="0.000179"/>
</kw>
<var name="${key}">location</var>
<status status="PASS" start="2024-04-13T21:11:16.357756" elapsed="0.001955"/>
</iter>
<iter>
<kw name="Dictionary Should Contain Key" owner="Collections">
<msg time="2024-04-13T21:11:16.360417" level="INFO">False</msg>
<arg>${json_data['results'][0]}</arg>
<arg>${key}</arg>
<doc>Fails if ``key`` is not found from ``dictionary``.</doc>
<status status="PASS" start="2024-04-13T21:11:16.360027" elapsed="0.000433"/>
</kw>
<kw name="Log" owner="BuiltIn">
<msg time="2024-04-13T21:11:16.361136" level="INFO">{'gender': 'male', 'name': {'title': 'Mr', 'first': 'Sidi', 'last': 'Slegers'}, 'location': {'street': {'number': 428, 'name': 'Dr. Langeveldplein'}, 'city': 'Eede Zld', 'state': 'Gelderland', 'country': 'Netherlands', 'postcode': '6001 CF', 'coordinates': {'latitude': '38.0461', 'longitude': '-159.6702'}, 'timezone': {'offset': '+8:00', 'description': 'Beijing, Perth, Singapore, Hong Kong'}}, 'email': 'sidi.slegers@example.com', 'login': {'uuid': 'dad0735f-7579-4fc4-8569-acdc45fae653', 'username': 'happymeercat677', 'password': 'elliott', 'salt': 'BuEJ8Wsq', 'md5': 'f54cec7691021609d3ada34ee1745730', 'sha1': 'f0d8d8a0dee96949bf2cc0a79bf268c86f8ab3a9', 'sha256': '2b14af7343722e8981251fc4eef9ac40ffdbdd9a6a0cf819ea903f982129648c'}, 'dob': {'date': '1990-05-31T05:35:49.686Z', 'age': 33}, 'registered': {'date': '2019-02-28T14:46:35.747Z', 'age': 5}, 'phone': '(023) 9693322', 'cell': '(06) 69745558', 'id': {'name': 'BSN', 'value': '47893575'}, 'picture': {'large': 'https://randomuser.me/api/portraits/men/78.jpg', 'medium': 'https://randomuser.me/api/portraits/med/men/78.jpg', 'thumbnail': 'https://randomuser.me/api/portraits/thumb/men/78.jpg'}, 'nat': 'NL'}</msg>
<arg>${json_data['results'][0]}</arg>
<doc>Logs the given message with the given level.</doc>
<status status="PASS" start="2024-04-13T21:11:16.360771" elapsed="0.000411"/>
</kw>
<kw name="Log" owner="BuiltIn">
<msg time="2024-04-13T21:11:16.361612" level="INFO">email</msg>
<arg>${key}</arg>
<doc>Logs the given message with the given level.</doc>
<status status="PASS" start="2024-04-13T21:11:16.361485" elapsed="0.000165"/>
</kw>
<var name="${key}">email</var>
<status status="PASS" start="2024-04-13T21:11:16.359913" elapsed="0.001952"/>
</iter>
<iter>
<kw name="Dictionary Should Contain Key" owner="Collections">
<msg time="2024-04-13T21:11:16.362514" level="INFO">False</msg>
<arg>${json_data['results'][0]}</arg>
<arg>${key}</arg>
<doc>Fails if ``key`` is not found from ``dictionary``.</doc>
<status status="PASS" start="2024-04-13T21:11:16.362146" elapsed="0.000405"/>
</kw>
<kw name="Log" owner="BuiltIn">
<msg time="2024-04-13T21:11:16.363262" level="INFO">{'gender': 'male', 'name': {'title': 'Mr', 'first': 'Sidi', 'last': 'Slegers'}, 'location': {'street': {'number': 428, 'name': 'Dr. Langeveldplein'}, 'city': 'Eede Zld', 'state': 'Gelderland', 'country': 'Netherlands', 'postcode': '6001 CF', 'coordinates': {'latitude': '38.0461', 'longitude': '-159.6702'}, 'timezone': {'offset': '+8:00', 'description': 'Beijing, Perth, Singapore, Hong Kong'}}, 'email': 'sidi.slegers@example.com', 'login': {'uuid': 'dad0735f-7579-4fc4-8569-acdc45fae653', 'username': 'happymeercat677', 'password': 'elliott', 'salt': 'BuEJ8Wsq', 'md5': 'f54cec7691021609d3ada34ee1745730', 'sha1': 'f0d8d8a0dee96949bf2cc0a79bf268c86f8ab3a9', 'sha256': '2b14af7343722e8981251fc4eef9ac40ffdbdd9a6a0cf819ea903f982129648c'}, 'dob': {'date': '1990-05-31T05:35:49.686Z', 'age': 33}, 'registered': {'date': '2019-02-28T14:46:35.747Z', 'age': 5}, 'phone': '(023) 9693322', 'cell': '(06) 69745558', 'id': {'name': 'BSN', 'value': '47893575'}, 'picture': {'large': 'https://randomuser.me/api/portraits/men/78.jpg', 'medium': 'https://randomuser.me/api/portraits/med/men/78.jpg', 'thumbnail': 'https://randomuser.me/api/portraits/thumb/men/78.jpg'}, 'nat': 'NL'}</msg>
<arg>${json_data['results'][0]}</arg>
<doc>Logs the given message with the given level.</doc>
<status status="PASS" start="2024-04-13T21:11:16.362857" elapsed="0.000463"/>
</kw>
<kw name="Log" owner="BuiltIn">
<msg time="2024-04-13T21:11:16.363750" level="INFO">login</msg>
<arg>${key}</arg>
<doc>Logs the given message with the given level.</doc>
<status status="PASS" start="2024-04-13T21:11:16.363622" elapsed="0.000166"/>
</kw>
<var name="${key}">login</var>
<status status="PASS" start="2024-04-13T21:11:16.362036" elapsed="0.001999"/>
</iter>
<var>${key}</var>
<value>@{expected_keys}</value>
<status status="PASS" start="2024-04-13T21:11:16.353216" elapsed="0.010946"/>
</for>
<kw name="Create List" owner="BuiltIn">
<msg time="2024-04-13T21:11:16.364493" level="INFO">${expected_keysTwo} = ['username', 'password']</msg>
<var>${expected_keysTwo}</var>
<arg>username</arg>
<arg>password</arg>
<doc>Returns a list containing given items.</doc>
<status status="PASS" start="2024-04-13T21:11:16.364355" elapsed="0.000161"/>
</kw>
<for flavor="IN">
<iter>
<kw name="Dictionary Should Contain Key" owner="Collections">
<msg time="2024-04-13T21:11:16.365502" level="INFO">False</msg>
<arg>${json_data['results'][0]['login']}</arg>
<arg>${keyTwo}</arg>
<doc>Fails if ``key`` is not found from ``dictionary``.</doc>
<status status="PASS" start="2024-04-13T21:11:16.365123" elapsed="0.000416"/>
</kw>
<kw name="Dictionary Should Contain Key" owner="Collections">
<msg time="2024-04-13T21:11:16.366214" level="INFO">False</msg>
<arg>${json_data['results'][0]['login']}</arg>
<arg>${keyTwo}</arg>
<doc>Fails if ``key`` is not found from ``dictionary``.</doc>
<status status="PASS" start="2024-04-13T21:11:16.365837" elapsed="0.000414"/>
</kw>
<kw name="Log" owner="BuiltIn">
<msg time="2024-04-13T21:11:16.366673" level="INFO">username</msg>
<arg>${keyTwo}</arg>
<doc>Logs the given message with the given level.</doc>
<status status="PASS" start="2024-04-13T21:11:16.366546" elapsed="0.000164"/>
</kw>
<var name="${keyTwo}">username</var>
<status status="PASS" start="2024-04-13T21:11:16.365011" elapsed="0.001912"/>
</iter>
<iter>
<kw name="Dictionary Should Contain Key" owner="Collections">
<msg time="2024-04-13T21:11:16.367599" level="INFO">False</msg>
<arg>${json_data['results'][0]['login']}</arg>
<arg>${keyTwo}</arg>
<doc>Fails if ``key`` is not found from ``dictionary``.</doc>
<status status="PASS" start="2024-04-13T21:11:16.367201" elapsed="0.000435"/>
</kw>
<kw name="Dictionary Should Contain Key" owner="Collections">
<msg time="2024-04-13T21:11:16.368320" level="INFO">False</msg>
<arg>${json_data['results'][0]['login']}</arg>
<arg>${keyTwo}</arg>
<doc>Fails if ``key`` is not found from ``dictionary``.</doc>
<status status="PASS" start="2024-04-13T21:11:16.367936" elapsed="0.000420"/>
</kw>
<kw name="Log" owner="BuiltIn">
<msg time="2024-04-13T21:11:16.368775" level="INFO">password</msg>
<arg>${keyTwo}</arg>
<doc>Logs the given message with the given level.</doc>
<status status="PASS" start="2024-04-13T21:11:16.368651" elapsed="0.000160"/>
</kw>
<var name="${keyTwo}">password</var>
<status status="PASS" start="2024-04-13T21:11:16.367092" elapsed="0.001931"/>
</iter>
<var>${keyTwo}</var>
<value>@{expected_keysTwo}</value>
<status status="PASS" start="2024-04-13T21:11:16.364763" elapsed="0.004380"/>
</for>
<status status="PASS" start="2024-04-13T21:11:16.257558" elapsed="0.111727"/>
</kw>
<doc>Testa a estrutura da resposta da API.</doc>
<tag>testeEstruturaResposta</tag>
<status status="PASS" start="2024-04-13T21:11:16.256883" elapsed="0.112553"/>
</test>
<test id="s1-s1-t4" name="Validar tipos de dados" line="28">
<kw name="Teste de Tipos de Dados" owner="random-user-service">
<kw name="GET On Session" owner="RequestsLibrary">
<msg time="2024-04-13T21:11:16.434556" level="INFO">GET Request : url=https://randomuser.me/api 
 path_url=/api 
 headers={'User-Agent': 'python-requests/2.31.0', 'Accept-Encoding': 'gzip, deflate', 'Accept': '*/*', 'Connection': 'keep-alive'} 
 body=None 
 </msg>
<msg time="2024-04-13T21:11:16.434631" level="INFO">GET Response : url=https://randomuser.me/api 
 status=200, reason=OK 
 headers={'Date': 'Sat, 13 Apr 2024 21:11:16 GMT', 'Content-Type': 'application/json; charset=utf-8', 'Transfer-Encoding': 'chunked', 'Connection': 'keep-alive', 'X-Powered-By': 'Express', 'Access-Control-Allow-Origin': '*', 'Cache-Control': 'no-cache', 'ETag': 'W/"4a0-eoLw+GFhGA2f/Qn3/3bVodwCchY"', 'Vary': 'Accept-Encoding', 'Content-Encoding': 'gzip', 'CF-Cache-Status': 'DYNAMIC', 'Report-To': '{"endpoints":[{"url":"https:\\/\\/a.nel.cloudflare.com\\/report\\/v4?s=LQ%2BFNP9W%2Bzxqcp074%2FKCcSbnb4pO643sa%2FkKK7so0i31u%2FwXhVw%2B9w%2BYlSAM6x83r71lKInVv1O%2FJ%2FoFALia6wQbrkL6Wo7aawLe6ei4Gec%2BRkuxhDdkH8D0FDx42Rcq"}],"group":"cf-nel","max_age":604800}', 'NEL': '{"success_fraction":0,"report_to":"cf-nel","max_age":604800}', 'Server': 'cloudflare', 'CF-RAY': '873e72975a0710af-ORD', 'alt-svc': 'h3=":443"; ma=86400'} 
 body={"results":[{"gender":"female","name":{"title":"Madame","first":"Suzanne","last":"Nicolas"},"location":{"street":{"number":8035,"name":"Rue de Bonnel"},"city":"Mötschwil","state":"Appenzell Ausserrhoden","country":"Switzerland","postcode":8446,"coordinates":{"latitude":"-62.9588","longitude":"125.4745"},"timezone":{"offset":"-2:00","description":"Mid-Atlantic"}},"email":"suzanne.nicolas@example.com","login":{"uuid":"ec76c790-fd04-4491-87ae-9e8c8bde2621","username":"tinymeercat894","password":"pacman","salt":"ZdrrKhpC","md5":"f8fad097495f5c7963af697b7879e5c7","sha1":"f6a9b1edecd9787e2807d28fc5a8f120b056e14b","sha256":"7e59b9b4c28c0239d13095c63ec84bcb40e4d49f730137bf459d346517c14369"},"dob":{"date":"1975-01-03T22:53:10.343Z","age":49},"registered":{"date":"2018-01-02T13:19:28.231Z","age":6},"phone":"079 131 00 50","cell":"078 982 97 22","id":{"name":"AVS","value":"756.3645.5159.33"},"picture":{"large":"https://randomuser.me/api/portraits/women/49.jpg","medium":"https://randomuser.me/api/portraits/med/women/49.jpg","thumbnail":"https://randomuser.me/api/portraits/thumb/women/49.jpg"},"nat":"CH"}],"info":{"seed":"bdeab34ae14c5cab","results":1,"page":1,"version":"1.4"}} 
 </msg>
<msg time="2024-04-13T21:11:16.434700" level="INFO">/opt/hostedtoolcache/Python/3.12.2/x64/lib/python3.12/site-packages/urllib3/connectionpool.py:1103: InsecureRequestWarning: Unverified HTTPS request is being made to host 'randomuser.me'. Adding certificate verification is strongly advised. See: https://urllib3.readthedocs.io/en/latest/advanced-usage.html#tls-warnings
  warnings.warn(</msg>
<msg time="2024-04-13T21:11:16.434800" level="INFO">${response} = &lt;Response [200]&gt;</msg>
<var>${response}</var>
<arg>consultarAPI</arg>
<arg>/api</arg>
<doc>Sends a GET request on a previously created HTTP Session.</doc>
<status status="PASS" start="2024-04-13T21:11:16.371862" elapsed="0.062975"/>
</kw>
<kw name="Set Variable" owner="BuiltIn">
<msg time="2024-04-13T21:11:16.435753" level="INFO">${json_data} = {'results': [{'gender': 'female', 'name': {'title': 'Madame', 'first': 'Suzanne', 'last': 'Nicolas'}, 'location': {'street': {'number': 8035, 'name': 'Rue de Bonnel'}, 'city': 'Mötschwil', 'state': 'A...</msg>
<var>${json_data}</var>
<arg>${response.json()}</arg>
<doc>Returns the given values which can then be assigned to a variables.</doc>
<status status="PASS" start="2024-04-13T21:11:16.435313" elapsed="0.000469"/>
</kw>
<kw name="Log" owner="BuiltIn">
<msg time="2024-04-13T21:11:16.436243" level="INFO">{'results': [{'gender': 'female', 'name': {'title': 'Madame', 'first': 'Suzanne', 'last': 'Nicolas'}, 'location': {'street': {'number': 8035, 'name': 'Rue de Bonnel'}, 'city': 'Mötschwil', 'state': 'Appenzell Ausserrhoden', 'country': 'Switzerland', 'postcode': 8446, 'coordinates': {'latitude': '-62.9588', 'longitude': '125.4745'}, 'timezone': {'offset': '-2:00', 'description': 'Mid-Atlantic'}}, 'email': 'suzanne.nicolas@example.com', 'login': {'uuid': 'ec76c790-fd04-4491-87ae-9e8c8bde2621', 'username': 'tinymeercat894', 'password': 'pacman', 'salt': 'ZdrrKhpC', 'md5': 'f8fad097495f5c7963af697b7879e5c7', 'sha1': 'f6a9b1edecd9787e2807d28fc5a8f120b056e14b', 'sha256': '7e59b9b4c28c0239d13095c63ec84bcb40e4d49f730137bf459d346517c14369'}, 'dob': {'date': '1975-01-03T22:53:10.343Z', 'age': 49}, 'registered': {'date': '2018-01-02T13:19:28.231Z', 'age': 6}, 'phone': '079 131 00 50', 'cell': '078 982 97 22', 'id': {'name': 'AVS', 'value': '756.3645.5159.33'}, 'picture': {'large': 'https://randomuser.me/api/portraits/women/49.jpg', 'medium': 'https://randomuser.me/api/portraits/med/women/49.jpg', 'thumbnail': 'https://randomuser.me/api/portraits/thumb/women/49.jpg'}, 'nat': 'CH'}], 'info': {'seed': 'bdeab34ae14c5cab', 'results': 1, 'page': 1, 'version': '1.4'}}</msg>
<arg>${json_data}</arg>
<doc>Logs the given message with the given level.</doc>
<status status="PASS" start="2024-04-13T21:11:16.436084" elapsed="0.000240"/>
</kw>
<kw name="Should Be String" owner="String">
<arg>${json_data['results'][0]['gender']}</arg>
<doc>Fails if the given ``item`` is not a string.</doc>
<status status="PASS" start="2024-04-13T21:11:16.436624" elapsed="0.000358"/>
</kw>
<kw name="Should Match Regexp" owner="BuiltIn">
<arg>${json_data['results'][0]['email']}</arg>
<arg>^[a-zA-Z0-9._%+-]+@[a-zA-Z0-9.-]+\.[a-zA-Z]{2,}$</arg>
<doc>Fails if ``string`` does not match ``pattern`` as a regular expression.</doc>
<status status="PASS" start="2024-04-13T21:11:16.437174" elapsed="0.000523"/>
</kw>
<kw name="Should Match Regexp" owner="BuiltIn">
<arg>${json_data['results'][0]['dob']['date']}</arg>
<arg>\\d{4}-\\d{2}-\\d{2}T\\d{2}:\\d{2}:\\d{2}\\.\\d{3}Z</arg>
<doc>Fails if ``string`` does not match ``pattern`` as a regular expression.</doc>
<status status="PASS" start="2024-04-13T21:11:16.437892" elapsed="0.000484"/>
</kw>
<kw name="Should Match Regexp" owner="BuiltIn">
<arg>${json_data['results'][0]['registered']['date']}</arg>
<arg>\\d{4}-\\d{2}-\\d{2}T\\d{2}:\\d{2}:\\d{2}\\.\\d{3}Z</arg>
<doc>Fails if ``string`` does not match ``pattern`` as a regular expression.</doc>
<status status="PASS" start="2024-04-13T21:11:16.438573" elapsed="0.000365"/>
</kw>
<kw name="Should Match Regexp" owner="BuiltIn">
<arg>${json_data['results'][0]['picture']['large']}</arg>
<arg>^https?://.*\.(?:png|jpe?g|gif|bmp)$</arg>
<doc>Fails if ``string`` does not match ``pattern`` as a regular expression.</doc>
<status status="PASS" start="2024-04-13T21:11:16.439122" elapsed="0.000477"/>
</kw>
<kw name="Should Match Regexp" owner="BuiltIn">
<arg>${json_data['results'][0]['picture']['medium']}</arg>
<arg>^https?://.*\.(?:png|jpe?g|gif|bmp)$</arg>
<doc>Fails if ``string`` does not match ``pattern`` as a regular expression.</doc>
<status status="PASS" start="2024-04-13T21:11:16.439788" elapsed="0.000352"/>
</kw>
<kw name="Should Match Regexp" owner="BuiltIn">
<arg>${json_data['results'][0]['picture']['thumbnail']}</arg>
<arg>^https?://.*\.(?:png|jpe?g|gif|bmp)$</arg>
<doc>Fails if ``string`` does not match ``pattern`` as a regular expression.</doc>
<status status="PASS" start="2024-04-13T21:11:16.440325" elapsed="0.000352"/>
</kw>
<kw name="Log" owner="BuiltIn">
<msg time="2024-04-13T21:11:16.441193" level="INFO">{'large': 'https://randomuser.me/api/portraits/women/49.jpg', 'medium': 'https://randomuser.me/api/portraits/med/women/49.jpg', 'thumbnail': 'https://randomuser.me/api/portraits/thumb/women/49.jpg'}</msg>
<arg>${json_data['results'][0]['picture']}</arg>
<doc>Logs the given message with the given level.</doc>
<status status="PASS" start="2024-04-13T21:11:16.440857" elapsed="0.000378"/>
</kw>
<status status="PASS" start="2024-04-13T21:11:16.371632" elapsed="0.069863"/>
</kw>
<kw name="Teste de Tipos de Dados - Postcode" owner="random-user-service">
<kw name="GET On Session" owner="RequestsLibrary">
<msg time="2024-04-13T21:11:16.531032" level="INFO">GET Request : url=https://randomuser.me/api 
 path_url=/api 
 headers={'User-Agent': 'python-requests/2.31.0', 'Accept-Encoding': 'gzip, deflate', 'Accept': '*/*', 'Connection': 'keep-alive'} 
 body=None 
 </msg>
<msg time="2024-04-13T21:11:16.531107" level="INFO">GET Response : url=https://randomuser.me/api 
 status=200, reason=OK 
 headers={'Date': 'Sat, 13 Apr 2024 21:11:16 GMT', 'Content-Type': 'application/json; charset=utf-8', 'Transfer-Encoding': 'chunked', 'Connection': 'keep-alive', 'X-Powered-By': 'Express', 'Access-Control-Allow-Origin': '*', 'Cache-Control': 'no-cache', 'ETag': 'W/"48b-o2ZTxX6XmXBcK9jyh/rdU88L984"', 'Vary': 'Accept-Encoding', 'Content-Encoding': 'gzip', 'CF-Cache-Status': 'DYNAMIC', 'Report-To': '{"endpoints":[{"url":"https:\\/\\/a.nel.cloudflare.com\\/report\\/v4?s=ej9col78TTn7zK5lTdGYUz0xeianhVN8iZNwEhrLfndz94CrHxuLUD%2BMndU1y5ZYkk32l1Q7qhnGKCASP%2FE68zjOiqTAf%2FugO5mHC%2BErVNFsXwU0FgvsFxhPQY%2FcxRW3"}],"group":"cf-nel","max_age":604800}', 'NEL': '{"success_fraction":0,"report_to":"cf-nel","max_age":604800}', 'Server': 'cloudflare', 'CF-RAY': '873e7297cacc10af-ORD', 'alt-svc': 'h3=":443"; ma=86400'} 
 body={"results":[{"gender":"male","name":{"title":"Mr","first":"Herbert","last":"Williams"},"location":{"street":{"number":1587,"name":"Richmond Park"},"city":"Mallow","state":"Mayo","country":"Ireland","postcode":19206,"coordinates":{"latitude":"-3.0743","longitude":"-123.5821"},"timezone":{"offset":"+8:00","description":"Beijing, Perth, Singapore, Hong Kong"}},"email":"herbert.williams@example.com","login":{"uuid":"6fd2a991-5da7-4bae-9f6d-881af79278c8","username":"greenswan576","password":"windows","salt":"tZQDTP5x","md5":"5e005d34c83d2870d435437a83a8f365","sha1":"30af236f5744a08d51162ba225f5b7b2cd270165","sha256":"883c8b1846a0b8def696e83670449b135560bc9a27b0f94d53c2a778d607f8fd"},"dob":{"date":"1975-01-14T12:21:03.103Z","age":49},"registered":{"date":"2004-09-09T19:00:40.442Z","age":19},"phone":"071-461-4585","cell":"081-286-2788","id":{"name":"PPS","value":"9186113T"},"picture":{"large":"https://randomuser.me/api/portraits/men/68.jpg","medium":"https://randomuser.me/api/portraits/med/men/68.jpg","thumbnail":"https://randomuser.me/api/portraits/thumb/men/68.jpg"},"nat":"IE"}],"info":{"seed":"0e6008e9e56a507f","results":1,"page":1,"version":"1.4"}} 
 </msg>
<msg time="2024-04-13T21:11:16.531185" level="INFO">/opt/hostedtoolcache/Python/3.12.2/x64/lib/python3.12/site-packages/urllib3/connectionpool.py:1103: InsecureRequestWarning: Unverified HTTPS request is being made to host 'randomuser.me'. Adding certificate verification is strongly advised. See: https://urllib3.readthedocs.io/en/latest/advanced-usage.html#tls-warnings
  warnings.warn(</msg>
<msg time="2024-04-13T21:11:16.531330" level="INFO">${response} = &lt;Response [200]&gt;</msg>
<var>${response}</var>
<arg>consultarAPI</arg>
<arg>/api</arg>
<doc>Sends a GET request on a previously created HTTP Session.</doc>
<status status="PASS" start="2024-04-13T21:11:16.441939" elapsed="0.089440"/>
</kw>
<kw name="Set Variable" owner="BuiltIn">
<msg time="2024-04-13T21:11:16.532362" level="INFO">${json_data} = {'results': [{'gender': 'male', 'name': {'title': 'Mr', 'first': 'Herbert', 'last': 'Williams'}, 'location': {'street': {'number': 1587, 'name': 'Richmond Park'}, 'city': 'Mallow', 'state': 'Mayo', 'c...</msg>
<var>${json_data}</var>
<arg>${response.json()}</arg>
<doc>Returns the given values which can then be assigned to a variables.</doc>
<status status="PASS" start="2024-04-13T21:11:16.531829" elapsed="0.000562"/>
</kw>
<kw name="Log" owner="BuiltIn">
<msg time="2024-04-13T21:11:16.532848" level="INFO">{'results': [{'gender': 'male', 'name': {'title': 'Mr', 'first': 'Herbert', 'last': 'Williams'}, 'location': {'street': {'number': 1587, 'name': 'Richmond Park'}, 'city': 'Mallow', 'state': 'Mayo', 'country': 'Ireland', 'postcode': 19206, 'coordinates': {'latitude': '-3.0743', 'longitude': '-123.5821'}, 'timezone': {'offset': '+8:00', 'description': 'Beijing, Perth, Singapore, Hong Kong'}}, 'email': 'herbert.williams@example.com', 'login': {'uuid': '6fd2a991-5da7-4bae-9f6d-881af79278c8', 'username': 'greenswan576', 'password': 'windows', 'salt': 'tZQDTP5x', 'md5': '5e005d34c83d2870d435437a83a8f365', 'sha1': '30af236f5744a08d51162ba225f5b7b2cd270165', 'sha256': '883c8b1846a0b8def696e83670449b135560bc9a27b0f94d53c2a778d607f8fd'}, 'dob': {'date': '1975-01-14T12:21:03.103Z', 'age': 49}, 'registered': {'date': '2004-09-09T19:00:40.442Z', 'age': 19}, 'phone': '071-461-4585', 'cell': '081-286-2788', 'id': {'name': 'PPS', 'value': '9186113T'}, 'picture': {'large': 'https://randomuser.me/api/portraits/men/68.jpg', 'medium': 'https://randomuser.me/api/portraits/med/men/68.jpg', 'thumbnail': 'https://randomuser.me/api/portraits/thumb/men/68.jpg'}, 'nat': 'IE'}], 'info': {'seed': '0e6008e9e56a507f', 'results': 1, 'page': 1, 'version': '1.4'}}</msg>
<arg>${json_data}</arg>
<doc>Logs the given message with the given level.</doc>
<status status="PASS" start="2024-04-13T21:11:16.532696" elapsed="0.000229"/>
</kw>
<kw name="Should Be Equal As Numbers" owner="BuiltIn">
<arg>${json_data['results'][0]['location']['postcode']}</arg>
<arg>${json_data['results'][0]['location']['postcode']}</arg>
<doc>Fails if objects are unequal after converting them to real numbers.</doc>
<status status="PASS" start="2024-04-13T21:11:16.533239" elapsed="0.000616"/>
</kw>
<kw name="Log" owner="BuiltIn">
<msg time="2024-04-13T21:11:16.534380" level="INFO">19206</msg>
<arg>${json_data['results'][0]['location']['postcode']}</arg>
<doc>Logs the given message with the given level.</doc>
<status status="PASS" start="2024-04-13T21:11:16.534047" elapsed="0.000374"/>
</kw>
<status status="PASS" start="2024-04-13T21:11:16.441713" elapsed="0.092959"/>
</kw>
<doc>Testa se os tipos de dados na resposta da API estão corretos.</doc>
<tag>testeTiposDados</tag>
<status status="PASS" start="2024-04-13T21:11:16.371176" elapsed="0.163658"/>
</test>
<test id="s1-s1-t5" name="Validar conteudo" line="35">
<kw name="Teste de Tipos de Conteudo" owner="random-user-service">
<kw name="GET On Session" owner="RequestsLibrary">
<msg time="2024-04-13T21:11:16.627654" level="INFO">GET Request : url=https://randomuser.me/api 
 path_url=/api 
 headers={'User-Agent': 'python-requests/2.31.0', 'Accept-Encoding': 'gzip, deflate', 'Accept': '*/*', 'Connection': 'keep-alive'} 
 body=None 
 </msg>
<msg time="2024-04-13T21:11:16.627721" level="INFO">GET Response : url=https://randomuser.me/api 
 status=200, reason=OK 
 headers={'Date': 'Sat, 13 Apr 2024 21:11:16 GMT', 'Content-Type': 'application/json; charset=utf-8', 'Transfer-Encoding': 'chunked', 'Connection': 'keep-alive', 'X-Powered-By': 'Express', 'Access-Control-Allow-Origin': '*', 'Cache-Control': 'no-cache', 'ETag': 'W/"488-7C8c9w/6vA6jaAuMyALHQXA+yAM"', 'Vary': 'Accept-Encoding', 'Content-Encoding': 'gzip', 'CF-Cache-Status': 'DYNAMIC', 'Report-To': '{"endpoints":[{"url":"https:\\/\\/a.nel.cloudflare.com\\/report\\/v4?s=GIHQdfgGiiz6UIQMojBB%2FBveIc%2BnKHw%2BzEZdkpZyeUbFUMv7OARclcvHJJS0728T5Au%2FiaLi802tKCtDPux1aEIUBN2SxBIPHIhWzXcu7%2B85NugsD8ZFDBmxKeu%2FHMiq"}],"group":"cf-nel","max_age":604800}', 'NEL': '{"success_fraction":0,"report_to":"cf-nel","max_age":604800}', 'Server': 'cloudflare', 'CF-RAY': '873e72985b9410af-ORD', 'alt-svc': 'h3=":443"; ma=86400'} 
 body={"results":[{"gender":"female","name":{"title":"Mrs","first":"Mestan","last":"Numanoğlu"},"location":{"street":{"number":2102,"name":"Filistin Cd"},"city":"Balıkesir","state":"Balıkesir","country":"Turkey","postcode":14997,"coordinates":{"latitude":"70.3994","longitude":"3.8019"},"timezone":{"offset":"-8:00","description":"Pacific Time (US &amp; Canada)"}},"email":"mestan.numanoglu@example.com","login":{"uuid":"9a623911-038b-4923-a0bb-0ff025b1d014","username":"redbear956","password":"rabbits","salt":"nHSLjnxc","md5":"03bbb204c0b4fc361f4a24b99ade395e","sha1":"14fbd280e120d84fa9d1e1109892521bc7098d0e","sha256":"e955fcca0bc45d1f9de555050462aedd53e6ad74b33da20c0d4c25bf8b53ae62"},"dob":{"date":"1998-11-23T01:24:04.382Z","age":25},"registered":{"date":"2002-06-02T16:57:45.791Z","age":21},"phone":"(370)-801-2201","cell":"(558)-905-8003","id":{"name":"","value":null},"picture":{"large":"https://randomuser.me/api/portraits/women/15.jpg","medium":"https://randomuser.me/api/portraits/med/women/15.jpg","thumbnail":"https://randomuser.me/api/portraits/thumb/women/15.jpg"},"nat":"TR"}],"info":{"seed":"cd8c86fa9f13eb75","results":1,"page":1,"version":"1.4"}} 
 </msg>
<msg time="2024-04-13T21:11:16.627783" level="INFO">/opt/hostedtoolcache/Python/3.12.2/x64/lib/python3.12/site-packages/urllib3/connectionpool.py:1103: InsecureRequestWarning: Unverified HTTPS request is being made to host 'randomuser.me'. Adding certificate verification is strongly advised. See: https://urllib3.readthedocs.io/en/latest/advanced-usage.html#tls-warnings
  warnings.warn(</msg>
<msg time="2024-04-13T21:11:16.627885" level="INFO">${response} = &lt;Response [200]&gt;</msg>
<var>${response}</var>
<arg>consultarAPI</arg>
<arg>/api</arg>
<doc>Sends a GET request on a previously created HTTP Session.</doc>
<status status="PASS" start="2024-04-13T21:11:16.537222" elapsed="0.090702"/>
</kw>
<kw name="Set Variable" owner="BuiltIn">
<msg time="2024-04-13T21:11:16.628941" level="INFO">${json_data} = {'results': [{'gender': 'female', 'name': {'title': 'Mrs', 'first': 'Mestan', 'last': 'Numanoğlu'}, 'location': {'street': {'number': 2102, 'name': 'Filistin Cd'}, 'city': 'Balıkesir', 'state': 'Balık...</msg>
<var>${json_data}</var>
<arg>${response.json()}</arg>
<doc>Returns the given values which can then be assigned to a variables.</doc>
<status status="PASS" start="2024-04-13T21:11:16.628391" elapsed="0.000582"/>
</kw>
<kw name="Set Variable" owner="BuiltIn">
<msg time="2024-04-13T21:11:16.629664" level="INFO">${name_title} = Mrs</msg>
<var>${name_title}</var>
<arg>${json_data["results"][0]["name"]["title"]}</arg>
<doc>Returns the given values which can then be assigned to a variables.</doc>
<status status="PASS" start="2024-04-13T21:11:16.629281" elapsed="0.000410"/>
</kw>
<kw name="Create List" owner="BuiltIn">
<msg time="2024-04-13T21:11:16.630142" level="INFO">${allowed_titles} = ['Mr', 'Ms', 'Miss', 'Mrs', 'Madame', 'Monsieur']</msg>
<var>${allowed_titles}</var>
<arg>Mr</arg>
<arg>Ms</arg>
<arg>Miss</arg>
<arg>Mrs</arg>
<arg>Madame</arg>
<arg>Monsieur</arg>
<doc>Returns a list containing given items.</doc>
<status status="PASS" start="2024-04-13T21:11:16.629992" elapsed="0.000175"/>
</kw>
<kw name="List Should Contain Value" owner="Collections">
<msg time="2024-04-13T21:11:16.630644" level="INFO">False</msg>
<arg>${allowed_titles}</arg>
<arg>${name_title}</arg>
<doc>Fails if the ``value`` is not found from ``list``.</doc>
<status status="PASS" start="2024-04-13T21:11:16.630472" elapsed="0.000210"/>
</kw>
<kw name="Set Variable" owner="BuiltIn">
<msg time="2024-04-13T21:11:16.631388" level="INFO">${name_country} = TR</msg>
<var>${name_country}</var>
<arg>${json_data["results"][0]["nat"]}</arg>
<doc>Returns the given values which can then be assigned to a variables.</doc>
<status status="PASS" start="2024-04-13T21:11:16.630973" elapsed="0.000442"/>
</kw>
<kw name="Create List" owner="BuiltIn">
<msg time="2024-04-13T21:11:16.632323" level="INFO">${list_country} = ['AD', 'AE', 'AF', 'AG', 'AI', 'AL', 'AM', 'AO', 'AQ', 'AR', 'AS', 'AT', 'AU', 'AW', 'AX', 'AZ', 'BA', 'BB', 'BD', 'BE', 'BF', 'BG', 'BH', 'BI', 'BJ', 'BL', 'BM', 'BN', 'BO', 'BQ', 'BR', 'BS', 'BT', '...</msg>
<var>${list_country}</var>
<arg>AD</arg>
<arg>AE</arg>
<arg>AF</arg>
<arg>AG</arg>
<arg>AI</arg>
<arg>AL</arg>
<arg>AM</arg>
<arg>AO</arg>
<arg>AQ</arg>
<arg>AR</arg>
<arg>AS</arg>
<arg>AT</arg>
<arg>AU</arg>
<arg>AW</arg>
<arg>AX</arg>
<arg>AZ</arg>
<arg>BA</arg>
<arg>BB</arg>
<arg>BD</arg>
<arg>BE</arg>
<arg>BF</arg>
<arg>BG</arg>
<arg>BH</arg>
<arg>BI</arg>
<arg>BJ</arg>
<arg>BL</arg>
<arg>BM</arg>
<arg>BN</arg>
<arg>BO</arg>
<arg>BQ</arg>
<arg>BR</arg>
<arg>BS</arg>
<arg>BT</arg>
<arg>BV</arg>
<arg>BW</arg>
<arg>BY</arg>
<arg>BZ</arg>
<arg>CA</arg>
<arg>CC</arg>
<arg>CD</arg>
<arg>CF</arg>
<arg>CG</arg>
<arg>CH</arg>
<arg>CI</arg>
<arg>CK</arg>
<arg>CL</arg>
<arg>CM</arg>
<arg>CN</arg>
<arg>CO</arg>
<arg>CR</arg>
<arg>CU</arg>
<arg>CV</arg>
<arg>CW</arg>
<arg>CX</arg>
<arg>CY</arg>
<arg>CZ</arg>
<arg>DE</arg>
<arg>DJ</arg>
<arg>DK</arg>
<arg>DM</arg>
<arg>DO</arg>
<arg>DZ</arg>
<arg>EC</arg>
<arg>EE</arg>
<arg>EG</arg>
<arg>EH</arg>
<arg>ER</arg>
<arg>ES</arg>
<arg>ET</arg>
<arg>FI</arg>
<arg>FJ</arg>
<arg>FK</arg>
<arg>FM</arg>
<arg>FO</arg>
<arg>FR</arg>
<arg>GA</arg>
<arg>GB</arg>
<arg>GD</arg>
<arg>GE</arg>
<arg>GF</arg>
<arg>GG</arg>
<arg>GH</arg>
<arg>GI</arg>
<arg>GL</arg>
<arg>GM</arg>
<arg>GN</arg>
<arg>GP</arg>
<arg>GQ</arg>
<arg>GR</arg>
<arg>GS</arg>
<arg>GT</arg>
<arg>GU</arg>
<arg>GW</arg>
<arg>GY</arg>
<arg>HK</arg>
<arg>HM</arg>
<arg>HN</arg>
<arg>HR</arg>
<arg>HT</arg>
<arg>HU</arg>
<arg>ID</arg>
<arg>IE</arg>
<arg>IL</arg>
<arg>IM</arg>
<arg>IN</arg>
<arg>IO</arg>
<arg>IQ</arg>
<arg>IR</arg>
<arg>IS</arg>
<arg>IT</arg>
<arg>JE</arg>
<arg>JM</arg>
<arg>JO</arg>
<arg>JP</arg>
<arg>KE</arg>
<arg>KG</arg>
<arg>KH</arg>
<arg>KI</arg>
<arg>KM</arg>
<arg>KN</arg>
<arg>KP</arg>
<arg>KR</arg>
<arg>KW</arg>
<arg>KY</arg>
<arg>KZ</arg>
<arg>LA</arg>
<arg>LB</arg>
<arg>LC</arg>
<arg>LI</arg>
<arg>LK</arg>
<arg>LR</arg>
<arg>LS</arg>
<arg>LT</arg>
<arg>LU</arg>
<arg>LV</arg>
<arg>LY</arg>
<arg>MA</arg>
<arg>MC</arg>
<arg>MD</arg>
<arg>ME</arg>
<arg>MF</arg>
<arg>MG</arg>
<arg>MH</arg>
<arg>MK</arg>
<arg>ML</arg>
<arg>MM</arg>
<arg>MN</arg>
<arg>MO</arg>
<arg>MP</arg>
<arg>MQ</arg>
<arg>MR</arg>
<arg>MS</arg>
<arg>MT</arg>
<arg>MU</arg>
<arg>MV</arg>
<arg>MW</arg>
<arg>MX</arg>
<arg>MY</arg>
<arg>MZ</arg>
<arg>NA</arg>
<arg>NC</arg>
<arg>NE</arg>
<arg>NF</arg>
<arg>NG</arg>
<arg>NI</arg>
<arg>NL</arg>
<arg>NO</arg>
<arg>NP</arg>
<arg>NR</arg>
<arg>NU</arg>
<arg>NZ</arg>
<arg>OM</arg>
<arg>PA</arg>
<arg>PE</arg>
<arg>PF</arg>
<arg>PG</arg>
<arg>PH</arg>
<arg>PK</arg>
<arg>PL</arg>
<arg>PM</arg>
<arg>PN</arg>
<arg>PR</arg>
<arg>PS</arg>
<arg>PT</arg>
<arg>PW</arg>
<arg>PY</arg>
<arg>QA</arg>
<arg>RE</arg>
<arg>RO</arg>
<arg>RS</arg>
<arg>RU</arg>
<arg>RW</arg>
<arg>SA</arg>
<arg>SB</arg>
<arg>SC</arg>
<arg>SD</arg>
<arg>SE</arg>
<arg>SG</arg>
<arg>SH</arg>
<arg>SI</arg>
<arg>SJ</arg>
<arg>SK</arg>
<arg>SL</arg>
<arg>SM</arg>
<arg>SN</arg>
<arg>SO</arg>
<arg>SR</arg>
<arg>SS</arg>
<arg>ST</arg>
<arg>SV</arg>
<arg>SX</arg>
<arg>SY</arg>
<arg>SZ</arg>
<arg>TC</arg>
<arg>TD</arg>
<arg>TF</arg>
<arg>TG</arg>
<arg>TH</arg>
<arg>TJ</arg>
<arg>TK</arg>
<arg>TL</arg>
<arg>TM</arg>
<arg>TN</arg>
<arg>TO</arg>
<arg>TR</arg>
<arg>TT</arg>
<arg>TV</arg>
<arg>TW</arg>
<arg>TZ</arg>
<arg>UA</arg>
<arg>UG</arg>
<arg>UM</arg>
<arg>US</arg>
<arg>UY</arg>
<arg>UZ</arg>
<arg>VA</arg>
<arg>VC</arg>
<arg>VE</arg>
<arg>VG</arg>
<arg>VI</arg>
<arg>VN</arg>
<arg>VU</arg>
<arg>WF</arg>
<arg>WS</arg>
<arg>XK</arg>
<arg>YE</arg>
<arg>YT</arg>
<arg>ZA</arg>
<arg>ZM</arg>
<arg>ZW</arg>
<doc>Returns a list containing given items.</doc>
<status status="PASS" start="2024-04-13T21:11:16.631725" elapsed="0.000624"/>
</kw>
<kw name="List Should Contain Value" owner="Collections">
<msg time="2024-04-13T21:11:16.633336" level="INFO">False</msg>
<arg>${list_country}</arg>
<arg>${name_country}</arg>
<doc>Fails if the ``value`` is not found from ``list``.</doc>
<status status="PASS" start="2024-04-13T21:11:16.633132" elapsed="0.000241"/>
</kw>
<kw name="Run Keyword If" owner="BuiltIn">
<kw name="Should Be True" owner="BuiltIn">
<arg>${True}</arg>
<doc>Fails if the given condition is not true.</doc>
<status status="PASS" start="2024-04-13T21:11:16.634601" elapsed="0.000148"/>
</kw>
<arg>${json_data["results"][0]["location"]["coordinates"]["latitude"]} &gt;= -90 and ${json_data["results"][0]["location"]["coordinates"]["latitude"]} &lt;= 90</arg>
<arg>Should Be True</arg>
<arg>${True}</arg>
<doc>Runs the given keyword with the given arguments, if ``condition`` is true.</doc>
<status status="PASS" start="2024-04-13T21:11:16.633691" elapsed="0.001190"/>
</kw>
<kw name="Run Keyword If" owner="BuiltIn">
<kw name="Should Be True" owner="BuiltIn">
<arg>${True}</arg>
<doc>Fails if the given condition is not true.</doc>
<status status="PASS" start="2024-04-13T21:11:16.635822" elapsed="0.000143"/>
</kw>
<arg>${json_data["results"][0]["location"]["coordinates"]["longitude"]} &gt;= -180 and ${json_data["results"][0]["location"]["coordinates"]["longitude"]} &lt;= 180</arg>
<arg>Should Be True</arg>
<arg>${True}</arg>
<doc>Runs the given keyword with the given arguments, if ``condition`` is true.</doc>
<status status="PASS" start="2024-04-13T21:11:16.635070" elapsed="0.001022"/>
</kw>
<status status="PASS" start="2024-04-13T21:11:16.537003" elapsed="0.099220"/>
</kw>
<doc>Testa o conteúdo específico dos campos retornados pela API.</doc>
<tag>testeConteudo</tag>
<status status="PASS" start="2024-04-13T21:11:16.536591" elapsed="0.099782"/>
</test>
<status status="PASS" start="2024-04-13T21:11:15.542651" elapsed="1.095610"/>
</suite>
<status status="PASS" start="2024-04-13T21:11:15.528620" elapsed="1.114919"/>
</suite>
<statistics>
<total>
<stat pass="5" fail="0" skip="0">All Tests</stat>
</total>
<tag>
<stat pass="1" fail="0" skip="0">testeConteudo</stat>
<stat pass="1" fail="0" skip="0">testeEstruturaResposta</stat>
<stat pass="1" fail="0" skip="0">testeRequisicaoBasica</stat>
<stat pass="1" fail="0" skip="0">testeTiposDados</stat>
</tag>
<suite>
<stat pass="5" fail="0" skip="0" id="s1" name="Tests">Tests</stat>
<stat pass="5" fail="0" skip="0" id="s1-s1" name="Random-User-Test">Tests.Random-User-Test</stat>
</suite>
</statistics>
<errors>
</errors>
</robot>
