<?xml version="1.0" encoding="UTF-8"?>
<robot generator="Robot 7.0.1 (Python 3.12.4 on linux)" generated="2024-06-29T15:14:06.007863" rpa="false" schemaversion="5">
<suite id="s1" name="Tests" source="/home/runner/work/ApiRandomUser/ApiRandomUser/RamdonUser/tests">
<suite id="s1-s1" name="Random-User-Test" source="/home/runner/work/ApiRandomUser/ApiRandomUser/RamdonUser/tests/random-user-test.robot">
<test id="s1-s1-t1" name="Conectar" line="13">
<kw name="Conectar API" owner="random-user-service">
<kw name="Create Session" owner="RequestsLibrary">
<msg time="2024-06-29T15:14:06.398088" level="INFO">Creating Session using : alias=consultarAPI, url=https://randomuser.me/, headers={},                     cookies={}, auth=None, timeout=None, proxies=None, verify=False,                     debug=0 </msg>
<arg>consultarAPI</arg>
<arg>${URL}</arg>
<doc>Create Session: create a HTTP session to a server</doc>
<status status="PASS" start="2024-06-29T15:14:06.397883" elapsed="0.000376"/>
</kw>
<status status="PASS" start="2024-06-29T15:14:06.396917" elapsed="0.001689"/>
</kw>
<status status="PASS" start="2024-06-29T15:14:06.396309" elapsed="0.002489"/>
</test>
<test id="s1-s1-t2" name="Validar retorno 200 e JSON Válido" line="16">
<kw name="Teste de Requisicao Basica" owner="random-user-service">
<kw name="GET On Session" owner="RequestsLibrary">
<msg time="2024-06-29T15:14:06.587616" level="INFO">GET Request : url=https://randomuser.me/api 
 path_url=/api 
 headers={'User-Agent': 'python-requests/2.32.3', 'Accept-Encoding': 'gzip, deflate', 'Accept': '*/*', 'Connection': 'keep-alive'} 
 body=None 
 </msg>
<msg time="2024-06-29T15:14:06.587795" level="INFO">GET Response : url=https://randomuser.me/api 
 status=200, reason=OK 
 headers={'Date': 'Sat, 29 Jun 2024 15:14:06 GMT', 'Content-Type': 'application/json; charset=utf-8', 'Transfer-Encoding': 'chunked', 'Connection': 'keep-alive', 'X-Powered-By': 'Express', 'Access-Control-Allow-Origin': '*', 'Cache-Control': 'no-cache', 'ETag': 'W/"496-m5NcZW5fjx6aeYV4Wi7GuzBl2vs"', 'Vary': 'Accept-Encoding', 'Content-Encoding': 'gzip', 'CF-Cache-Status': 'DYNAMIC', 'Report-To': '{"endpoints":[{"url":"https:\\/\\/a.nel.cloudflare.com\\/report\\/v4?s=HmL%2B8IN0zBobTje7GXH4bY8BxnAADubp3aSxy1gskQTQb1q7dSbdGAJ9d9ns3YOsjobufmBAe%2Fh%2FvtQRUy5RzVkLGZcfh6x4ZdYg0mjHgfZBqaY3IzZGA6Uv20jg8CHo"}],"group":"cf-nel","max_age":604800}', 'NEL': '{"success_fraction":0,"report_to":"cf-nel","max_age":604800}', 'Server': 'cloudflare', 'CF-RAY': '89b6dd46ef2b05a4-IAD', 'alt-svc': 'h3=":443"; ma=86400'} 
 body={"results":[{"gender":"male","name":{"title":"Mr","first":"Adrian","last":"Nguyen"},"location":{"street":{"number":1190,"name":"Forest Ln"},"city":"San Jose","state":"Indiana","country":"United States","postcode":19626,"coordinates":{"latitude":"84.1020","longitude":"-28.1723"},"timezone":{"offset":"+11:00","description":"Magadan, Solomon Islands, New Caledonia"}},"email":"adrian.nguyen@example.com","login":{"uuid":"0af14c41-0096-4ff0-a10d-4805fdee53d8","username":"angryswan345","password":"aaliyah","salt":"adKA08dO","md5":"417a7b6a50e073426eb5c109d0913d04","sha1":"dbeabd0d7cbd1d8ed0ebf7af798e8f4bb631b534","sha256":"e16260521fc26de88377f5ab45ddfe790dd8c10ccba9796a6836cfd16093f622"},"dob":{"date":"1973-02-16T14:09:37.674Z","age":51},"registered":{"date":"2002-08-04T00:10:46.706Z","age":21},"phone":"(989) 932-8505","cell":"(478) 458-7184","id":{"name":"SSN","value":"201-58-4771"},"picture":{"large":"https://randomuser.me/api/portraits/men/35.jpg","medium":"https://randomuser.me/api/portraits/med/men/35.jpg","thumbnail":"https://randomuser.me/api/portraits/thumb/men/35.jpg"},"nat":"US"}],"info":{"seed":"23822f5090cad434","results":1,"page":1,"version":"1.4"}} 
 </msg>
<msg time="2024-06-29T15:14:06.587903" level="INFO">/opt/hostedtoolcache/Python/3.12.4/x64/lib/python3.12/site-packages/urllib3/connectionpool.py:1099: InsecureRequestWarning: Unverified HTTPS request is being made to host 'randomuser.me'. Adding certificate verification is strongly advised. See: https://urllib3.readthedocs.io/en/latest/advanced-usage.html#tls-warnings
  warnings.warn(</msg>
<msg time="2024-06-29T15:14:06.588066" level="INFO">${response} = &lt;Response [200]&gt;</msg>
<var>${response}</var>
<arg>consultarAPI</arg>
<arg>/api</arg>
<doc>Sends a GET request on a previously created HTTP Session.</doc>
<status status="PASS" start="2024-06-29T15:14:06.401524" elapsed="0.186586"/>
</kw>
<kw name="Should Be Equal As Numbers" owner="BuiltIn">
<msg time="2024-06-29T15:14:06.589185" level="INFO">Argument types are:
&lt;class 'int'&gt;
&lt;class 'str'&gt;</msg>
<arg>${response.status_code}</arg>
<arg>200</arg>
<doc>Fails if objects are unequal after converting them to real numbers.</doc>
<status status="PASS" start="2024-06-29T15:14:06.588679" elapsed="0.000605"/>
</kw>
<kw name="Log" owner="BuiltIn">
<msg time="2024-06-29T15:14:06.590017" level="INFO">200</msg>
<arg>${response.status_code}</arg>
<doc>Logs the given message with the given level.</doc>
<status status="PASS" start="2024-06-29T15:14:06.589643" elapsed="0.000420"/>
</kw>
<kw name="Set Variable" owner="BuiltIn">
<msg time="2024-06-29T15:14:06.590834" level="INFO">${json_data} = {'results': [{'gender': 'male', 'name': {'title': 'Mr', 'first': 'Adrian', 'last': 'Nguyen'}, 'location': {'street': {'number': 1190, 'name': 'Forest Ln'}, 'city': 'San Jose', 'state': 'Indiana', 'cou...</msg>
<var>${json_data}</var>
<arg>${response.json()}</arg>
<doc>Returns the given values which can then be assigned to a variables.</doc>
<status status="PASS" start="2024-06-29T15:14:06.590391" elapsed="0.000471"/>
</kw>
<kw name="Dictionary Should Contain Key" owner="Collections">
<arg>${json_data}</arg>
<arg>results</arg>
<doc>Fails if ``key`` is not found from ``dictionary``.</doc>
<status status="PASS" start="2024-06-29T15:14:06.591171" elapsed="0.000166"/>
</kw>
<status status="PASS" start="2024-06-29T15:14:06.401261" elapsed="0.190230"/>
</kw>
<doc>Testa se a API responde corretamente e retorna um objeto JSON válido.</doc>
<tag>testeRequisicaoBasica</tag>
<status status="PASS" start="2024-06-29T15:14:06.400658" elapsed="0.191011"/>
</test>
<test id="s1-s1-t3" name="Validar estrutura de resposta" line="22">
<kw name="Teste de Estrutura de Resposta" owner="random-user-service">
<kw name="GET On Session" owner="RequestsLibrary">
<msg time="2024-06-29T15:14:06.671807" level="INFO">GET Request : url=https://randomuser.me/api 
 path_url=/api 
 headers={'User-Agent': 'python-requests/2.32.3', 'Accept-Encoding': 'gzip, deflate', 'Accept': '*/*', 'Connection': 'keep-alive'} 
 body=None 
 </msg>
<msg time="2024-06-29T15:14:06.671876" level="INFO">GET Response : url=https://randomuser.me/api 
 status=200, reason=OK 
 headers={'Date': 'Sat, 29 Jun 2024 15:14:06 GMT', 'Content-Type': 'application/json; charset=utf-8', 'Transfer-Encoding': 'chunked', 'Connection': 'keep-alive', 'X-Powered-By': 'Express', 'Access-Control-Allow-Origin': '*', 'Cache-Control': 'no-cache', 'ETag': 'W/"486-xzbbNCVit8EKN3kFIaIOG0zLjsg"', 'Vary': 'Accept-Encoding', 'Content-Encoding': 'gzip', 'CF-Cache-Status': 'DYNAMIC', 'Report-To': '{"endpoints":[{"url":"https:\\/\\/a.nel.cloudflare.com\\/report\\/v4?s=whIUaabib5Vw8WqeebjOxYmTVRoen5ZPBzKc92gaw%2BxgzySckIfzy18RIPHzk7PpKKEwNlCTmZAy37SSpr5qC8m7h0RX%2FvDDeRo7enF1NIkWs0%2BGZWpGyWArjZGyWAKk"}],"group":"cf-nel","max_age":604800}', 'NEL': '{"success_fraction":0,"report_to":"cf-nel","max_age":604800}', 'Server': 'cloudflare', 'CF-RAY': '89b6dd473f6d05a4-IAD', 'alt-svc': 'h3=":443"; ma=86400'} 
 body={"results":[{"gender":"male","name":{"title":"Mr","first":"Reynaldo","last":"Solís"},"location":{"street":{"number":3,"name":"Corredor Tlaxcala"},"city":"Navarrete","state":"Baja California Sur","country":"Mexico","postcode":84361,"coordinates":{"latitude":"29.8847","longitude":"-156.1310"},"timezone":{"offset":"+3:30","description":"Tehran"}},"email":"reynaldo.solis@example.com","login":{"uuid":"dd90881d-1c36-49ac-866a-87e8f9eda4d3","username":"happymouse588","password":"hidden","salt":"eYmxJPXp","md5":"1477210c351a85d21d43cc89c2d908bc","sha1":"62ab93527c4019e785192a1724725303deab9ad2","sha256":"b5667bc27952a16825ed5416e64a57c90bff82123ca7e770d37c4540041ed769"},"dob":{"date":"1970-09-29T19:53:15.817Z","age":53},"registered":{"date":"2020-09-10T12:09:03.357Z","age":3},"phone":"(695) 886 3828","cell":"(683) 653 9952","id":{"name":"NSS","value":"25 58 12 7549 4"},"picture":{"large":"https://randomuser.me/api/portraits/men/51.jpg","medium":"https://randomuser.me/api/portraits/med/men/51.jpg","thumbnail":"https://randomuser.me/api/portraits/thumb/men/51.jpg"},"nat":"MX"}],"info":{"seed":"e1024fb053a74884","results":1,"page":1,"version":"1.4"}} 
 </msg>
<msg time="2024-06-29T15:14:06.671982" level="INFO">/opt/hostedtoolcache/Python/3.12.4/x64/lib/python3.12/site-packages/urllib3/connectionpool.py:1099: InsecureRequestWarning: Unverified HTTPS request is being made to host 'randomuser.me'. Adding certificate verification is strongly advised. See: https://urllib3.readthedocs.io/en/latest/advanced-usage.html#tls-warnings
  warnings.warn(</msg>
<msg time="2024-06-29T15:14:06.672081" level="INFO">${response} = &lt;Response [200]&gt;</msg>
<var>${response}</var>
<arg>consultarAPI</arg>
<arg>/api</arg>
<doc>Sends a GET request on a previously created HTTP Session.</doc>
<status status="PASS" start="2024-06-29T15:14:06.594290" elapsed="0.077830"/>
</kw>
<kw name="Set Variable" owner="BuiltIn">
<msg time="2024-06-29T15:14:06.672951" level="INFO">${json_data} = {'results': [{'gender': 'male', 'name': {'title': 'Mr', 'first': 'Reynaldo', 'last': 'Solís'}, 'location': {'street': {'number': 3, 'name': 'Corredor Tlaxcala'}, 'city': 'Navarrete', 'state': 'Baja Ca...</msg>
<var>${json_data}</var>
<arg>${response.json()}</arg>
<doc>Returns the given values which can then be assigned to a variables.</doc>
<status status="PASS" start="2024-06-29T15:14:06.672494" elapsed="0.000486"/>
</kw>
<kw name="Log" owner="BuiltIn">
<msg time="2024-06-29T15:14:06.673508" level="INFO">{'results': [{'gender': 'male', 'name': {'title': 'Mr', 'first': 'Reynaldo', 'last': 'Solís'}, 'location': {'street': {'number': 3, 'name': 'Corredor Tlaxcala'}, 'city': 'Navarrete', 'state': 'Baja California Sur', 'country': 'Mexico', 'postcode': 84361, 'coordinates': {'latitude': '29.8847', 'longitude': '-156.1310'}, 'timezone': {'offset': '+3:30', 'description': 'Tehran'}}, 'email': 'reynaldo.solis@example.com', 'login': {'uuid': 'dd90881d-1c36-49ac-866a-87e8f9eda4d3', 'username': 'happymouse588', 'password': 'hidden', 'salt': 'eYmxJPXp', 'md5': '1477210c351a85d21d43cc89c2d908bc', 'sha1': '62ab93527c4019e785192a1724725303deab9ad2', 'sha256': 'b5667bc27952a16825ed5416e64a57c90bff82123ca7e770d37c4540041ed769'}, 'dob': {'date': '1970-09-29T19:53:15.817Z', 'age': 53}, 'registered': {'date': '2020-09-10T12:09:03.357Z', 'age': 3}, 'phone': '(695) 886 3828', 'cell': '(683) 653 9952', 'id': {'name': 'NSS', 'value': '25 58 12 7549 4'}, 'picture': {'large': 'https://randomuser.me/api/portraits/men/51.jpg', 'medium': 'https://randomuser.me/api/portraits/med/men/51.jpg', 'thumbnail': 'https://randomuser.me/api/portraits/thumb/men/51.jpg'}, 'nat': 'MX'}], 'info': {'seed': 'e1024fb053a74884', 'results': 1, 'page': 1, 'version': '1.4'}}</msg>
<arg>${json_data}</arg>
<doc>Logs the given message with the given level.</doc>
<status status="PASS" start="2024-06-29T15:14:06.673342" elapsed="0.000217"/>
</kw>
<kw name="Dictionary Should Contain Key" owner="Collections">
<arg>${json_data}</arg>
<arg>results</arg>
<doc>Fails if ``key`` is not found from ``dictionary``.</doc>
<status status="PASS" start="2024-06-29T15:14:06.673858" elapsed="0.000157"/>
</kw>
<kw name="Should Not Be Empty" owner="BuiltIn">
<msg time="2024-06-29T15:14:06.674330" level="INFO">Length is 2.</msg>
<arg>${json_data}</arg>
<doc>Verifies that the given item is not empty.</doc>
<status status="PASS" start="2024-06-29T15:14:06.674201" elapsed="0.000173"/>
</kw>
<kw name="Create List" owner="BuiltIn">
<msg time="2024-06-29T15:14:06.674957" level="INFO">${expected_keys} = ['gender', 'name', 'location', 'email', 'login']</msg>
<var>${expected_keys}</var>
<arg>gender</arg>
<arg>name</arg>
<arg>location</arg>
<arg>email</arg>
<arg>login</arg>
<doc>Returns a list containing given items.</doc>
<status status="PASS" start="2024-06-29T15:14:06.674670" elapsed="0.000313"/>
</kw>
<for flavor="IN">
<iter>
<kw name="Dictionary Should Contain Key" owner="Collections">
<arg>${json_data['results'][0]}</arg>
<arg>${key}</arg>
<doc>Fails if ``key`` is not found from ``dictionary``.</doc>
<status status="PASS" start="2024-06-29T15:14:06.675558" elapsed="0.000402"/>
</kw>
<kw name="Log" owner="BuiltIn">
<msg time="2024-06-29T15:14:06.676503" level="INFO">{'gender': 'male', 'name': {'title': 'Mr', 'first': 'Reynaldo', 'last': 'Solís'}, 'location': {'street': {'number': 3, 'name': 'Corredor Tlaxcala'}, 'city': 'Navarrete', 'state': 'Baja California Sur', 'country': 'Mexico', 'postcode': 84361, 'coordinates': {'latitude': '29.8847', 'longitude': '-156.1310'}, 'timezone': {'offset': '+3:30', 'description': 'Tehran'}}, 'email': 'reynaldo.solis@example.com', 'login': {'uuid': 'dd90881d-1c36-49ac-866a-87e8f9eda4d3', 'username': 'happymouse588', 'password': 'hidden', 'salt': 'eYmxJPXp', 'md5': '1477210c351a85d21d43cc89c2d908bc', 'sha1': '62ab93527c4019e785192a1724725303deab9ad2', 'sha256': 'b5667bc27952a16825ed5416e64a57c90bff82123ca7e770d37c4540041ed769'}, 'dob': {'date': '1970-09-29T19:53:15.817Z', 'age': 53}, 'registered': {'date': '2020-09-10T12:09:03.357Z', 'age': 3}, 'phone': '(695) 886 3828', 'cell': '(683) 653 9952', 'id': {'name': 'NSS', 'value': '25 58 12 7549 4'}, 'picture': {'large': 'https://randomuser.me/api/portraits/men/51.jpg', 'medium': 'https://randomuser.me/api/portraits/med/men/51.jpg', 'thumbnail': 'https://randomuser.me/api/portraits/thumb/men/51.jpg'}, 'nat': 'MX'}</msg>
<arg>${json_data['results'][0]}</arg>
<doc>Logs the given message with the given level.</doc>
<status status="PASS" start="2024-06-29T15:14:06.676147" elapsed="0.000407"/>
</kw>
<kw name="Log" owner="BuiltIn">
<msg time="2024-06-29T15:14:06.677001" level="INFO">gender</msg>
<arg>${key}</arg>
<doc>Logs the given message with the given level.</doc>
<status status="PASS" start="2024-06-29T15:14:06.676862" elapsed="0.000179"/>
</kw>
<var name="${key}">gender</var>
<status status="PASS" start="2024-06-29T15:14:06.675437" elapsed="0.001843"/>
</iter>
<iter>
<kw name="Dictionary Should Contain Key" owner="Collections">
<arg>${json_data['results'][0]}</arg>
<arg>${key}</arg>
<doc>Fails if ``key`` is not found from ``dictionary``.</doc>
<status status="PASS" start="2024-06-29T15:14:06.677581" elapsed="0.000395"/>
</kw>
<kw name="Log" owner="BuiltIn">
<msg time="2024-06-29T15:14:06.678508" level="INFO">{'gender': 'male', 'name': {'title': 'Mr', 'first': 'Reynaldo', 'last': 'Solís'}, 'location': {'street': {'number': 3, 'name': 'Corredor Tlaxcala'}, 'city': 'Navarrete', 'state': 'Baja California Sur', 'country': 'Mexico', 'postcode': 84361, 'coordinates': {'latitude': '29.8847', 'longitude': '-156.1310'}, 'timezone': {'offset': '+3:30', 'description': 'Tehran'}}, 'email': 'reynaldo.solis@example.com', 'login': {'uuid': 'dd90881d-1c36-49ac-866a-87e8f9eda4d3', 'username': 'happymouse588', 'password': 'hidden', 'salt': 'eYmxJPXp', 'md5': '1477210c351a85d21d43cc89c2d908bc', 'sha1': '62ab93527c4019e785192a1724725303deab9ad2', 'sha256': 'b5667bc27952a16825ed5416e64a57c90bff82123ca7e770d37c4540041ed769'}, 'dob': {'date': '1970-09-29T19:53:15.817Z', 'age': 53}, 'registered': {'date': '2020-09-10T12:09:03.357Z', 'age': 3}, 'phone': '(695) 886 3828', 'cell': '(683) 653 9952', 'id': {'name': 'NSS', 'value': '25 58 12 7549 4'}, 'picture': {'large': 'https://randomuser.me/api/portraits/men/51.jpg', 'medium': 'https://randomuser.me/api/portraits/med/men/51.jpg', 'thumbnail': 'https://randomuser.me/api/portraits/thumb/men/51.jpg'}, 'nat': 'MX'}</msg>
<arg>${json_data['results'][0]}</arg>
<doc>Logs the given message with the given level.</doc>
<status status="PASS" start="2024-06-29T15:14:06.678159" elapsed="0.000431"/>
</kw>
<kw name="Log" owner="BuiltIn">
<msg time="2024-06-29T15:14:06.679020" level="INFO">name</msg>
<arg>${key}</arg>
<doc>Logs the given message with the given level.</doc>
<status status="PASS" start="2024-06-29T15:14:06.678891" elapsed="0.000167"/>
</kw>
<var name="${key}">name</var>
<status status="PASS" start="2024-06-29T15:14:06.677468" elapsed="0.001809"/>
</iter>
<iter>
<kw name="Dictionary Should Contain Key" owner="Collections">
<arg>${json_data['results'][0]}</arg>
<arg>${key}</arg>
<doc>Fails if ``key`` is not found from ``dictionary``.</doc>
<status status="PASS" start="2024-06-29T15:14:06.679562" elapsed="0.000377"/>
</kw>
<kw name="Log" owner="BuiltIn">
<msg time="2024-06-29T15:14:06.680471" level="INFO">{'gender': 'male', 'name': {'title': 'Mr', 'first': 'Reynaldo', 'last': 'Solís'}, 'location': {'street': {'number': 3, 'name': 'Corredor Tlaxcala'}, 'city': 'Navarrete', 'state': 'Baja California Sur', 'country': 'Mexico', 'postcode': 84361, 'coordinates': {'latitude': '29.8847', 'longitude': '-156.1310'}, 'timezone': {'offset': '+3:30', 'description': 'Tehran'}}, 'email': 'reynaldo.solis@example.com', 'login': {'uuid': 'dd90881d-1c36-49ac-866a-87e8f9eda4d3', 'username': 'happymouse588', 'password': 'hidden', 'salt': 'eYmxJPXp', 'md5': '1477210c351a85d21d43cc89c2d908bc', 'sha1': '62ab93527c4019e785192a1724725303deab9ad2', 'sha256': 'b5667bc27952a16825ed5416e64a57c90bff82123ca7e770d37c4540041ed769'}, 'dob': {'date': '1970-09-29T19:53:15.817Z', 'age': 53}, 'registered': {'date': '2020-09-10T12:09:03.357Z', 'age': 3}, 'phone': '(695) 886 3828', 'cell': '(683) 653 9952', 'id': {'name': 'NSS', 'value': '25 58 12 7549 4'}, 'picture': {'large': 'https://randomuser.me/api/portraits/men/51.jpg', 'medium': 'https://randomuser.me/api/portraits/med/men/51.jpg', 'thumbnail': 'https://randomuser.me/api/portraits/thumb/men/51.jpg'}, 'nat': 'MX'}</msg>
<arg>${json_data['results'][0]}</arg>
<doc>Logs the given message with the given level.</doc>
<status status="PASS" start="2024-06-29T15:14:06.680123" elapsed="0.000398"/>
</kw>
<kw name="Log" owner="BuiltIn">
<msg time="2024-06-29T15:14:06.680952" level="INFO">location</msg>
<arg>${key}</arg>
<doc>Logs the given message with the given level.</doc>
<status status="PASS" start="2024-06-29T15:14:06.680824" elapsed="0.000165"/>
</kw>
<var name="${key}">location</var>
<status status="PASS" start="2024-06-29T15:14:06.679454" elapsed="0.001750"/>
</iter>
<iter>
<kw name="Dictionary Should Contain Key" owner="Collections">
<arg>${json_data['results'][0]}</arg>
<arg>${key}</arg>
<doc>Fails if ``key`` is not found from ``dictionary``.</doc>
<status status="PASS" start="2024-06-29T15:14:06.681524" elapsed="0.000396"/>
</kw>
<kw name="Log" owner="BuiltIn">
<msg time="2024-06-29T15:14:06.682455" level="INFO">{'gender': 'male', 'name': {'title': 'Mr', 'first': 'Reynaldo', 'last': 'Solís'}, 'location': {'street': {'number': 3, 'name': 'Corredor Tlaxcala'}, 'city': 'Navarrete', 'state': 'Baja California Sur', 'country': 'Mexico', 'postcode': 84361, 'coordinates': {'latitude': '29.8847', 'longitude': '-156.1310'}, 'timezone': {'offset': '+3:30', 'description': 'Tehran'}}, 'email': 'reynaldo.solis@example.com', 'login': {'uuid': 'dd90881d-1c36-49ac-866a-87e8f9eda4d3', 'username': 'happymouse588', 'password': 'hidden', 'salt': 'eYmxJPXp', 'md5': '1477210c351a85d21d43cc89c2d908bc', 'sha1': '62ab93527c4019e785192a1724725303deab9ad2', 'sha256': 'b5667bc27952a16825ed5416e64a57c90bff82123ca7e770d37c4540041ed769'}, 'dob': {'date': '1970-09-29T19:53:15.817Z', 'age': 53}, 'registered': {'date': '2020-09-10T12:09:03.357Z', 'age': 3}, 'phone': '(695) 886 3828', 'cell': '(683) 653 9952', 'id': {'name': 'NSS', 'value': '25 58 12 7549 4'}, 'picture': {'large': 'https://randomuser.me/api/portraits/men/51.jpg', 'medium': 'https://randomuser.me/api/portraits/med/men/51.jpg', 'thumbnail': 'https://randomuser.me/api/portraits/thumb/men/51.jpg'}, 'nat': 'MX'}</msg>
<arg>${json_data['results'][0]}</arg>
<doc>Logs the given message with the given level.</doc>
<status status="PASS" start="2024-06-29T15:14:06.682103" elapsed="0.000401"/>
</kw>
<kw name="Log" owner="BuiltIn">
<msg time="2024-06-29T15:14:06.682938" level="INFO">email</msg>
<arg>${key}</arg>
<doc>Logs the given message with the given level.</doc>
<status status="PASS" start="2024-06-29T15:14:06.682800" elapsed="0.000177"/>
</kw>
<var name="${key}">email</var>
<status status="PASS" start="2024-06-29T15:14:06.681416" elapsed="0.001783"/>
</iter>
<iter>
<kw name="Dictionary Should Contain Key" owner="Collections">
<arg>${json_data['results'][0]}</arg>
<arg>${key}</arg>
<doc>Fails if ``key`` is not found from ``dictionary``.</doc>
<status status="PASS" start="2024-06-29T15:14:06.683486" elapsed="0.000386"/>
</kw>
<kw name="Log" owner="BuiltIn">
<msg time="2024-06-29T15:14:06.684414" level="INFO">{'gender': 'male', 'name': {'title': 'Mr', 'first': 'Reynaldo', 'last': 'Solís'}, 'location': {'street': {'number': 3, 'name': 'Corredor Tlaxcala'}, 'city': 'Navarrete', 'state': 'Baja California Sur', 'country': 'Mexico', 'postcode': 84361, 'coordinates': {'latitude': '29.8847', 'longitude': '-156.1310'}, 'timezone': {'offset': '+3:30', 'description': 'Tehran'}}, 'email': 'reynaldo.solis@example.com', 'login': {'uuid': 'dd90881d-1c36-49ac-866a-87e8f9eda4d3', 'username': 'happymouse588', 'password': 'hidden', 'salt': 'eYmxJPXp', 'md5': '1477210c351a85d21d43cc89c2d908bc', 'sha1': '62ab93527c4019e785192a1724725303deab9ad2', 'sha256': 'b5667bc27952a16825ed5416e64a57c90bff82123ca7e770d37c4540041ed769'}, 'dob': {'date': '1970-09-29T19:53:15.817Z', 'age': 53}, 'registered': {'date': '2020-09-10T12:09:03.357Z', 'age': 3}, 'phone': '(695) 886 3828', 'cell': '(683) 653 9952', 'id': {'name': 'NSS', 'value': '25 58 12 7549 4'}, 'picture': {'large': 'https://randomuser.me/api/portraits/men/51.jpg', 'medium': 'https://randomuser.me/api/portraits/med/men/51.jpg', 'thumbnail': 'https://randomuser.me/api/portraits/thumb/men/51.jpg'}, 'nat': 'MX'}</msg>
<arg>${json_data['results'][0]}</arg>
<doc>Logs the given message with the given level.</doc>
<status status="PASS" start="2024-06-29T15:14:06.684056" elapsed="0.000408"/>
</kw>
<kw name="Log" owner="BuiltIn">
<msg time="2024-06-29T15:14:06.684885" level="INFO">login</msg>
<arg>${key}</arg>
<doc>Logs the given message with the given level.</doc>
<status status="PASS" start="2024-06-29T15:14:06.684757" elapsed="0.000166"/>
</kw>
<var name="${key}">login</var>
<status status="PASS" start="2024-06-29T15:14:06.683370" elapsed="0.001769"/>
</iter>
<var>${key}</var>
<value>@{expected_keys}</value>
<status status="PASS" start="2024-06-29T15:14:06.675247" elapsed="0.010039"/>
</for>
<kw name="Create List" owner="BuiltIn">
<msg time="2024-06-29T15:14:06.685620" level="INFO">${expected_keysTwo} = ['username', 'password']</msg>
<var>${expected_keysTwo}</var>
<arg>username</arg>
<arg>password</arg>
<doc>Returns a list containing given items.</doc>
<status status="PASS" start="2024-06-29T15:14:06.685479" elapsed="0.000165"/>
</kw>
<for flavor="IN">
<iter>
<kw name="Dictionary Should Contain Key" owner="Collections">
<arg>${json_data['results'][0]['login']}</arg>
<arg>${keyTwo}</arg>
<doc>Fails if ``key`` is not found from ``dictionary``.</doc>
<status status="PASS" start="2024-06-29T15:14:06.686172" elapsed="0.000381"/>
</kw>
<kw name="Dictionary Should Contain Key" owner="Collections">
<arg>${json_data['results'][0]['login']}</arg>
<arg>${keyTwo}</arg>
<doc>Fails if ``key`` is not found from ``dictionary``.</doc>
<status status="PASS" start="2024-06-29T15:14:06.686732" elapsed="0.000376"/>
</kw>
<kw name="Log" owner="BuiltIn">
<msg time="2024-06-29T15:14:06.687413" level="INFO">username</msg>
<arg>${keyTwo}</arg>
<doc>Logs the given message with the given level.</doc>
<status status="PASS" start="2024-06-29T15:14:06.687292" elapsed="0.000159"/>
</kw>
<var name="${keyTwo}">username</var>
<status status="PASS" start="2024-06-29T15:14:06.686066" elapsed="0.001610"/>
</iter>
<iter>
<kw name="Dictionary Should Contain Key" owner="Collections">
<arg>${json_data['results'][0]['login']}</arg>
<arg>${keyTwo}</arg>
<doc>Fails if ``key`` is not found from ``dictionary``.</doc>
<status status="PASS" start="2024-06-29T15:14:06.687957" elapsed="0.000387"/>
</kw>
<kw name="Dictionary Should Contain Key" owner="Collections">
<arg>${json_data['results'][0]['login']}</arg>
<arg>${keyTwo}</arg>
<doc>Fails if ``key`` is not found from ``dictionary``.</doc>
<status status="PASS" start="2024-06-29T15:14:06.688523" elapsed="0.000373"/>
</kw>
<kw name="Log" owner="BuiltIn">
<msg time="2024-06-29T15:14:06.689192" level="INFO">password</msg>
<arg>${keyTwo}</arg>
<doc>Logs the given message with the given level.</doc>
<status status="PASS" start="2024-06-29T15:14:06.689073" elapsed="0.000189"/>
</kw>
<var name="${keyTwo}">password</var>
<status status="PASS" start="2024-06-29T15:14:06.687850" elapsed="0.001743"/>
</iter>
<var>${keyTwo}</var>
<value>@{expected_keysTwo}</value>
<status status="PASS" start="2024-06-29T15:14:06.685910" elapsed="0.003807"/>
</for>
<status status="PASS" start="2024-06-29T15:14:06.594050" elapsed="0.095809"/>
</kw>
<doc>Testa a estrutura da resposta da API.</doc>
<tag>testeEstruturaResposta</tag>
<status status="PASS" start="2024-06-29T15:14:06.593538" elapsed="0.096469"/>
</test>
<test id="s1-s1-t4" name="Validar tipos de dados" line="28">
<kw name="Teste de Tipos de Dados" owner="random-user-service">
<kw name="GET On Session" owner="RequestsLibrary">
<msg time="2024-06-29T15:14:06.777421" level="INFO">GET Request : url=https://randomuser.me/api 
 path_url=/api 
 headers={'User-Agent': 'python-requests/2.32.3', 'Accept-Encoding': 'gzip, deflate', 'Accept': '*/*', 'Connection': 'keep-alive'} 
 body=None 
 </msg>
<msg time="2024-06-29T15:14:06.777513" level="INFO">GET Response : url=https://randomuser.me/api 
 status=200, reason=OK 
 headers={'Date': 'Sat, 29 Jun 2024 15:14:06 GMT', 'Content-Type': 'application/json; charset=utf-8', 'Transfer-Encoding': 'chunked', 'Connection': 'keep-alive', 'X-Powered-By': 'Express', 'Access-Control-Allow-Origin': '*', 'Cache-Control': 'no-cache', 'ETag': 'W/"479-Kpn2qn8XM89HewroAQN2jgQU3U8"', 'Vary': 'Accept-Encoding', 'Content-Encoding': 'gzip', 'CF-Cache-Status': 'DYNAMIC', 'Report-To': '{"endpoints":[{"url":"https:\\/\\/a.nel.cloudflare.com\\/report\\/v4?s=fbNVAo3e2uyF5UClky0MfTeyzFKzWMnUG7ZcAjqulztRh9XcFLEcOo4%2Fxjud6PDSokY1iTgM2SXjHNJ4cIjxR4rMFfj%2FDsvt32bDYwICbrUE1bXAXc38D8FGTkWaIU3d"}],"group":"cf-nel","max_age":604800}', 'NEL': '{"success_fraction":0,"report_to":"cf-nel","max_age":604800}', 'Server': 'cloudflare', 'CF-RAY': '89b6dd47dffd05a4-IAD', 'alt-svc': 'h3=":443"; ma=86400'} 
 body={"results":[{"gender":"female","name":{"title":"Ms","first":"Kimaya","last":"Pai"},"location":{"street":{"number":6254,"name":"Naiduthota"},"city":"Uluberia","state":"Sikkim","country":"India","postcode":70768,"coordinates":{"latitude":"9.7989","longitude":"27.6659"},"timezone":{"offset":"+7:00","description":"Bangkok, Hanoi, Jakarta"}},"email":"kimaya.pai@example.com","login":{"uuid":"5afda9fd-a7e9-4c78-8e7c-c947a1576f63","username":"smallrabbit627","password":"hiziad","salt":"D3LVCHq6","md5":"5fd3849fa1a95159964d0a3cef70ccb2","sha1":"aced8dbf7cb28376e758bc3b15338fccb0979472","sha256":"b751b20deb3b0f35121613479d240db430b63e2c4e598b500af6d94e1ae606fc"},"dob":{"date":"1961-08-20T12:09:01.326Z","age":62},"registered":{"date":"2011-06-21T08:59:12.766Z","age":13},"phone":"7343941237","cell":"7494538505","id":{"name":"UIDAI","value":"301318092953"},"picture":{"large":"https://randomuser.me/api/portraits/women/66.jpg","medium":"https://randomuser.me/api/portraits/med/women/66.jpg","thumbnail":"https://randomuser.me/api/portraits/thumb/women/66.jpg"},"nat":"IN"}],"info":{"seed":"4ae0932ed5b22b85","results":1,"page":1,"version":"1.4"}} 
 </msg>
<msg time="2024-06-29T15:14:06.777592" level="INFO">/opt/hostedtoolcache/Python/3.12.4/x64/lib/python3.12/site-packages/urllib3/connectionpool.py:1099: InsecureRequestWarning: Unverified HTTPS request is being made to host 'randomuser.me'. Adding certificate verification is strongly advised. See: https://urllib3.readthedocs.io/en/latest/advanced-usage.html#tls-warnings
  warnings.warn(</msg>
<msg time="2024-06-29T15:14:06.777709" level="INFO">${response} = &lt;Response [200]&gt;</msg>
<var>${response}</var>
<arg>consultarAPI</arg>
<arg>/api</arg>
<doc>Sends a GET request on a previously created HTTP Session.</doc>
<status status="PASS" start="2024-06-29T15:14:06.692440" elapsed="0.085313"/>
</kw>
<kw name="Set Variable" owner="BuiltIn">
<msg time="2024-06-29T15:14:06.778679" level="INFO">${json_data} = {'results': [{'gender': 'female', 'name': {'title': 'Ms', 'first': 'Kimaya', 'last': 'Pai'}, 'location': {'street': {'number': 6254, 'name': 'Naiduthota'}, 'city': 'Uluberia', 'state': 'Sikkim', 'coun...</msg>
<var>${json_data}</var>
<arg>${response.json()}</arg>
<doc>Returns the given values which can then be assigned to a variables.</doc>
<status status="PASS" start="2024-06-29T15:14:06.778211" elapsed="0.000495"/>
</kw>
<kw name="Log" owner="BuiltIn">
<msg time="2024-06-29T15:14:06.779178" level="INFO">{'results': [{'gender': 'female', 'name': {'title': 'Ms', 'first': 'Kimaya', 'last': 'Pai'}, 'location': {'street': {'number': 6254, 'name': 'Naiduthota'}, 'city': 'Uluberia', 'state': 'Sikkim', 'country': 'India', 'postcode': 70768, 'coordinates': {'latitude': '9.7989', 'longitude': '27.6659'}, 'timezone': {'offset': '+7:00', 'description': 'Bangkok, Hanoi, Jakarta'}}, 'email': 'kimaya.pai@example.com', 'login': {'uuid': '5afda9fd-a7e9-4c78-8e7c-c947a1576f63', 'username': 'smallrabbit627', 'password': 'hiziad', 'salt': 'D3LVCHq6', 'md5': '5fd3849fa1a95159964d0a3cef70ccb2', 'sha1': 'aced8dbf7cb28376e758bc3b15338fccb0979472', 'sha256': 'b751b20deb3b0f35121613479d240db430b63e2c4e598b500af6d94e1ae606fc'}, 'dob': {'date': '1961-08-20T12:09:01.326Z', 'age': 62}, 'registered': {'date': '2011-06-21T08:59:12.766Z', 'age': 13}, 'phone': '7343941237', 'cell': '7494538505', 'id': {'name': 'UIDAI', 'value': '301318092953'}, 'picture': {'large': 'https://randomuser.me/api/portraits/women/66.jpg', 'medium': 'https://randomuser.me/api/portraits/med/women/66.jpg', 'thumbnail': 'https://randomuser.me/api/portraits/thumb/women/66.jpg'}, 'nat': 'IN'}], 'info': {'seed': '4ae0932ed5b22b85', 'results': 1, 'page': 1, 'version': '1.4'}}</msg>
<arg>${json_data}</arg>
<doc>Logs the given message with the given level.</doc>
<status status="PASS" start="2024-06-29T15:14:06.779023" elapsed="0.000204"/>
</kw>
<kw name="Should Be String" owner="String">
<arg>${json_data['results'][0]['gender']}</arg>
<doc>Fails if the given ``item`` is not a string.</doc>
<status status="PASS" start="2024-06-29T15:14:06.779517" elapsed="0.000361"/>
</kw>
<kw name="Should Match Regexp" owner="BuiltIn">
<arg>${json_data['results'][0]['email']}</arg>
<arg>^[a-zA-Z0-9._%+-]+@[a-zA-Z0-9.-]+\.[a-zA-Z]{2,}$</arg>
<doc>Fails if ``string`` does not match ``pattern`` as a regular expression.</doc>
<status status="PASS" start="2024-06-29T15:14:06.780064" elapsed="0.000513"/>
</kw>
<kw name="Should Match Regexp" owner="BuiltIn">
<arg>${json_data['results'][0]['dob']['date']}</arg>
<arg>\\d{4}-\\d{2}-\\d{2}T\\d{2}:\\d{2}:\\d{2}\\.\\d{3}Z</arg>
<doc>Fails if ``string`` does not match ``pattern`` as a regular expression.</doc>
<status status="PASS" start="2024-06-29T15:14:06.780805" elapsed="0.000513"/>
</kw>
<kw name="Should Match Regexp" owner="BuiltIn">
<arg>${json_data['results'][0]['registered']['date']}</arg>
<arg>\\d{4}-\\d{2}-\\d{2}T\\d{2}:\\d{2}:\\d{2}\\.\\d{3}Z</arg>
<doc>Fails if ``string`` does not match ``pattern`` as a regular expression.</doc>
<status status="PASS" start="2024-06-29T15:14:06.781520" elapsed="0.000370"/>
</kw>
<kw name="Should Match Regexp" owner="BuiltIn">
<arg>${json_data['results'][0]['picture']['large']}</arg>
<arg>^https?://.*\.(?:png|jpe?g|gif|bmp)$</arg>
<doc>Fails if ``string`` does not match ``pattern`` as a regular expression.</doc>
<status status="PASS" start="2024-06-29T15:14:06.782074" elapsed="0.000460"/>
</kw>
<kw name="Should Match Regexp" owner="BuiltIn">
<arg>${json_data['results'][0]['picture']['medium']}</arg>
<arg>^https?://.*\.(?:png|jpe?g|gif|bmp)$</arg>
<doc>Fails if ``string`` does not match ``pattern`` as a regular expression.</doc>
<status status="PASS" start="2024-06-29T15:14:06.782720" elapsed="0.000350"/>
</kw>
<kw name="Should Match Regexp" owner="BuiltIn">
<arg>${json_data['results'][0]['picture']['thumbnail']}</arg>
<arg>^https?://.*\.(?:png|jpe?g|gif|bmp)$</arg>
<doc>Fails if ``string`` does not match ``pattern`` as a regular expression.</doc>
<status status="PASS" start="2024-06-29T15:14:06.783251" elapsed="0.000348"/>
</kw>
<kw name="Log" owner="BuiltIn">
<msg time="2024-06-29T15:14:06.784119" level="INFO">{'large': 'https://randomuser.me/api/portraits/women/66.jpg', 'medium': 'https://randomuser.me/api/portraits/med/women/66.jpg', 'thumbnail': 'https://randomuser.me/api/portraits/thumb/women/66.jpg'}</msg>
<arg>${json_data['results'][0]['picture']}</arg>
<doc>Logs the given message with the given level.</doc>
<status status="PASS" start="2024-06-29T15:14:06.783782" elapsed="0.000379"/>
</kw>
<status status="PASS" start="2024-06-29T15:14:06.692217" elapsed="0.092199"/>
</kw>
<kw name="Teste de Tipos de Dados - Postcode" owner="random-user-service">
<kw name="GET On Session" owner="RequestsLibrary">
<msg time="2024-06-29T15:14:06.880131" level="INFO">GET Request : url=https://randomuser.me/api 
 path_url=/api 
 headers={'User-Agent': 'python-requests/2.32.3', 'Accept-Encoding': 'gzip, deflate', 'Accept': '*/*', 'Connection': 'keep-alive'} 
 body=None 
 </msg>
<msg time="2024-06-29T15:14:06.880197" level="INFO">GET Response : url=https://randomuser.me/api 
 status=200, reason=OK 
 headers={'Date': 'Sat, 29 Jun 2024 15:14:06 GMT', 'Content-Type': 'application/json; charset=utf-8', 'Transfer-Encoding': 'chunked', 'Connection': 'keep-alive', 'X-Powered-By': 'Express', 'Access-Control-Allow-Origin': '*', 'Cache-Control': 'no-cache', 'ETag': 'W/"477-jZuSB4usuOz14LY2/nyfJekzJ5M"', 'Vary': 'Accept-Encoding', 'Content-Encoding': 'gzip', 'CF-Cache-Status': 'DYNAMIC', 'Report-To': '{"endpoints":[{"url":"https:\\/\\/a.nel.cloudflare.com\\/report\\/v4?s=pYSv5%2BU6pZ04D3XJFKmSxiPuOFKImOE2K1JVm5y28Q0J5QhEQ7neLlZrdbf9nDXzDQWSNHugIGguNa%2FlHncEWHn8DIv3JIEKQdb41ukHp32%2BhhMQeWtaSnC4SHe5B5oj"}],"group":"cf-nel","max_age":604800}', 'NEL': '{"success_fraction":0,"report_to":"cf-nel","max_age":604800}', 'Server': 'cloudflare', 'CF-RAY': '89b6dd48687c05a4-IAD', 'alt-svc': 'h3=":443"; ma=86400'} 
 body={"results":[{"gender":"female","name":{"title":"Mrs","first":"Zuzanna","last":"Mørkved"},"location":{"street":{"number":5043,"name":"Hafrsfjordgata"},"city":"Osøyro","state":"Buskerud","country":"Norway","postcode":"6792","coordinates":{"latitude":"44.7331","longitude":"100.0701"},"timezone":{"offset":"-3:30","description":"Newfoundland"}},"email":"zuzanna.morkved@example.com","login":{"uuid":"f9958492-dbe1-48f2-a101-c3423f42babf","username":"bigrabbit305","password":"1024","salt":"S6fG7lAh","md5":"6c06f5d86c27c47fb157d327da3c5140","sha1":"b45c075367e253b8f51fd16ee9191238890cbf86","sha256":"cad67258fc3b8e12ef95efdd13736c92452f3f99bb92302beba8e20c78293c46"},"dob":{"date":"1959-06-04T23:30:42.654Z","age":65},"registered":{"date":"2005-07-07T18:54:46.899Z","age":18},"phone":"82176794","cell":"95539138","id":{"name":"FN","value":"04065910069"},"picture":{"large":"https://randomuser.me/api/portraits/women/18.jpg","medium":"https://randomuser.me/api/portraits/med/women/18.jpg","thumbnail":"https://randomuser.me/api/portraits/thumb/women/18.jpg"},"nat":"NO"}],"info":{"seed":"ec3349c9079982fd","results":1,"page":1,"version":"1.4"}} 
 </msg>
<msg time="2024-06-29T15:14:06.880257" level="INFO">/opt/hostedtoolcache/Python/3.12.4/x64/lib/python3.12/site-packages/urllib3/connectionpool.py:1099: InsecureRequestWarning: Unverified HTTPS request is being made to host 'randomuser.me'. Adding certificate verification is strongly advised. See: https://urllib3.readthedocs.io/en/latest/advanced-usage.html#tls-warnings
  warnings.warn(</msg>
<msg time="2024-06-29T15:14:06.880342" level="INFO">${response} = &lt;Response [200]&gt;</msg>
<var>${response}</var>
<arg>consultarAPI</arg>
<arg>/api</arg>
<doc>Sends a GET request on a previously created HTTP Session.</doc>
<status status="PASS" start="2024-06-29T15:14:06.784853" elapsed="0.095520"/>
</kw>
<kw name="Set Variable" owner="BuiltIn">
<msg time="2024-06-29T15:14:06.881245" level="INFO">${json_data} = {'results': [{'gender': 'female', 'name': {'title': 'Mrs', 'first': 'Zuzanna', 'last': 'Mørkved'}, 'location': {'street': {'number': 5043, 'name': 'Hafrsfjordgata'}, 'city': 'Osøyro', 'state': 'Busker...</msg>
<var>${json_data}</var>
<arg>${response.json()}</arg>
<doc>Returns the given values which can then be assigned to a variables.</doc>
<status status="PASS" start="2024-06-29T15:14:06.880769" elapsed="0.000509"/>
</kw>
<kw name="Log" owner="BuiltIn">
<msg time="2024-06-29T15:14:06.881740" level="INFO">{'results': [{'gender': 'female', 'name': {'title': 'Mrs', 'first': 'Zuzanna', 'last': 'Mørkved'}, 'location': {'street': {'number': 5043, 'name': 'Hafrsfjordgata'}, 'city': 'Osøyro', 'state': 'Buskerud', 'country': 'Norway', 'postcode': '6792', 'coordinates': {'latitude': '44.7331', 'longitude': '100.0701'}, 'timezone': {'offset': '-3:30', 'description': 'Newfoundland'}}, 'email': 'zuzanna.morkved@example.com', 'login': {'uuid': 'f9958492-dbe1-48f2-a101-c3423f42babf', 'username': 'bigrabbit305', 'password': '1024', 'salt': 'S6fG7lAh', 'md5': '6c06f5d86c27c47fb157d327da3c5140', 'sha1': 'b45c075367e253b8f51fd16ee9191238890cbf86', 'sha256': 'cad67258fc3b8e12ef95efdd13736c92452f3f99bb92302beba8e20c78293c46'}, 'dob': {'date': '1959-06-04T23:30:42.654Z', 'age': 65}, 'registered': {'date': '2005-07-07T18:54:46.899Z', 'age': 18}, 'phone': '82176794', 'cell': '95539138', 'id': {'name': 'FN', 'value': '04065910069'}, 'picture': {'large': 'https://randomuser.me/api/portraits/women/18.jpg', 'medium': 'https://randomuser.me/api/portraits/med/women/18.jpg', 'thumbnail': 'https://randomuser.me/api/portraits/thumb/women/18.jpg'}, 'nat': 'NO'}], 'info': {'seed': 'ec3349c9079982fd', 'results': 1, 'page': 1, 'version': '1.4'}}</msg>
<arg>${json_data}</arg>
<doc>Logs the given message with the given level.</doc>
<status status="PASS" start="2024-06-29T15:14:06.881587" elapsed="0.000201"/>
</kw>
<kw name="Should Be Equal As Numbers" owner="BuiltIn">
<arg>${json_data['results'][0]['location']['postcode']}</arg>
<arg>${json_data['results'][0]['location']['postcode']}</arg>
<doc>Fails if objects are unequal after converting them to real numbers.</doc>
<status status="PASS" start="2024-06-29T15:14:06.882074" elapsed="0.000616"/>
</kw>
<kw name="Log" owner="BuiltIn">
<msg time="2024-06-29T15:14:06.883335" level="INFO">6792</msg>
<arg>${json_data['results'][0]['location']['postcode']}</arg>
<doc>Logs the given message with the given level.</doc>
<status status="PASS" start="2024-06-29T15:14:06.882879" elapsed="0.000497"/>
</kw>
<status status="PASS" start="2024-06-29T15:14:06.784635" elapsed="0.099019"/>
</kw>
<doc>Testa se os tipos de dados na resposta da API estão corretos.</doc>
<tag>testeTiposDados</tag>
<status status="PASS" start="2024-06-29T15:14:06.691777" elapsed="0.192037"/>
</test>
<test id="s1-s1-t5" name="Validar conteudo" line="35">
<kw name="Teste de Tipos de Conteudo" owner="random-user-service">
<kw name="GET On Session" owner="RequestsLibrary">
<msg time="2024-06-29T15:14:06.971755" level="INFO">GET Request : url=https://randomuser.me/api 
 path_url=/api 
 headers={'User-Agent': 'python-requests/2.32.3', 'Accept-Encoding': 'gzip, deflate', 'Accept': '*/*', 'Connection': 'keep-alive'} 
 body=None 
 </msg>
<msg time="2024-06-29T15:14:06.971840" level="INFO">GET Response : url=https://randomuser.me/api 
 status=200, reason=OK 
 headers={'Date': 'Sat, 29 Jun 2024 15:14:06 GMT', 'Content-Type': 'application/json; charset=utf-8', 'Transfer-Encoding': 'chunked', 'Connection': 'keep-alive', 'X-Powered-By': 'Express', 'Access-Control-Allow-Origin': '*', 'Cache-Control': 'no-cache', 'ETag': 'W/"48b-0YkbuaU1YCmmyAlJx8VkE85WP70"', 'Vary': 'Accept-Encoding', 'Content-Encoding': 'gzip', 'CF-Cache-Status': 'DYNAMIC', 'Report-To': '{"endpoints":[{"url":"https:\\/\\/a.nel.cloudflare.com\\/report\\/v4?s=T5So44DRZeD1Ar5RnB4h43JDp9NGvuLjPM9R8zbtmrhO7JrxsqPxmLYuy062My%2BL161rpPxIov66ihtrjndYHI7YNEpnEOYgYlpLAbU%2B3LtRiUhUdjrgTZE4du1vxCph"}],"group":"cf-nel","max_age":604800}', 'NEL': '{"success_fraction":0,"report_to":"cf-nel","max_age":604800}', 'Server': 'cloudflare', 'CF-RAY': '89b6dd49090605a4-IAD', 'alt-svc': 'h3=":443"; ma=86400'} 
 body={"results":[{"gender":"female","name":{"title":"Mrs","first":"Olivia","last":"Gagnon"},"location":{"street":{"number":3178,"name":"Grand Ave"},"city":"Richmond","state":"Saskatchewan","country":"Canada","postcode":"E5X 6A9","coordinates":{"latitude":"-65.5705","longitude":"147.5541"},"timezone":{"offset":"-7:00","description":"Mountain Time (US &amp; Canada)"}},"email":"olivia.gagnon@example.com","login":{"uuid":"e47258bd-1668-4bf6-9c28-38c359e7b07d","username":"lazyduck596","password":"blam","salt":"zxHQ0zLX","md5":"c0df14ab3323bb0fc5ec32ca372e64cf","sha1":"5d13a001709a0efc75e540e8193ea49c4dc2ad8f","sha256":"1867e4a5dbcad8426ed1895137d98d3e90042e313b16768f4082a90e7b3f9db3"},"dob":{"date":"1987-08-13T08:29:05.942Z","age":36},"registered":{"date":"2006-07-15T23:23:58.910Z","age":17},"phone":"O94 T04-8594","cell":"Z51 O22-6409","id":{"name":"SIN","value":"156915563"},"picture":{"large":"https://randomuser.me/api/portraits/women/30.jpg","medium":"https://randomuser.me/api/portraits/med/women/30.jpg","thumbnail":"https://randomuser.me/api/portraits/thumb/women/30.jpg"},"nat":"CA"}],"info":{"seed":"7db92e51f08b0932","results":1,"page":1,"version":"1.4"}} 
 </msg>
<msg time="2024-06-29T15:14:06.971907" level="INFO">/opt/hostedtoolcache/Python/3.12.4/x64/lib/python3.12/site-packages/urllib3/connectionpool.py:1099: InsecureRequestWarning: Unverified HTTPS request is being made to host 'randomuser.me'. Adding certificate verification is strongly advised. See: https://urllib3.readthedocs.io/en/latest/advanced-usage.html#tls-warnings
  warnings.warn(</msg>
<msg time="2024-06-29T15:14:06.972032" level="INFO">${response} = &lt;Response [200]&gt;</msg>
<var>${response}</var>
<arg>consultarAPI</arg>
<arg>/api</arg>
<doc>Sends a GET request on a previously created HTTP Session.</doc>
<status status="PASS" start="2024-06-29T15:14:06.886239" elapsed="0.085845"/>
</kw>
<kw name="Set Variable" owner="BuiltIn">
<msg time="2024-06-29T15:14:06.972914" level="INFO">${json_data} = {'results': [{'gender': 'female', 'name': {'title': 'Mrs', 'first': 'Olivia', 'last': 'Gagnon'}, 'location': {'street': {'number': 3178, 'name': 'Grand Ave'}, 'city': 'Richmond', 'state': 'Saskatchewa...</msg>
<var>${json_data}</var>
<arg>${response.json()}</arg>
<doc>Returns the given values which can then be assigned to a variables.</doc>
<status status="PASS" start="2024-06-29T15:14:06.972467" elapsed="0.000475"/>
</kw>
<kw name="Set Variable" owner="BuiltIn">
<msg time="2024-06-29T15:14:06.973651" level="INFO">${name_title} = Mrs</msg>
<var>${name_title}</var>
<arg>${json_data["results"][0]["name"]["title"]}</arg>
<doc>Returns the given values which can then be assigned to a variables.</doc>
<status status="PASS" start="2024-06-29T15:14:06.973272" elapsed="0.000404"/>
</kw>
<kw name="Create List" owner="BuiltIn">
<msg time="2024-06-29T15:14:06.974119" level="INFO">${allowed_titles} = ['Mr', 'Ms', 'Miss', 'Mrs', 'Madame', 'Monsieur']</msg>
<var>${allowed_titles}</var>
<arg>Mr</arg>
<arg>Ms</arg>
<arg>Miss</arg>
<arg>Mrs</arg>
<arg>Madame</arg>
<arg>Monsieur</arg>
<doc>Returns a list containing given items.</doc>
<status status="PASS" start="2024-06-29T15:14:06.973964" elapsed="0.000179"/>
</kw>
<kw name="List Should Contain Value" owner="Collections">
<arg>${allowed_titles}</arg>
<arg>${name_title}</arg>
<doc>Fails if the ``value`` is not found from ``list``.</doc>
<status status="PASS" start="2024-06-29T15:14:06.974433" elapsed="0.000171"/>
</kw>
<kw name="Set Variable" owner="BuiltIn">
<msg time="2024-06-29T15:14:06.975156" level="INFO">${name_country} = CA</msg>
<var>${name_country}</var>
<arg>${json_data["results"][0]["nat"]}</arg>
<doc>Returns the given values which can then be assigned to a variables.</doc>
<status status="PASS" start="2024-06-29T15:14:06.974779" elapsed="0.000401"/>
</kw>
<kw name="Create List" owner="BuiltIn">
<msg time="2024-06-29T15:14:06.976063" level="INFO">${list_country} = ['AD', 'AE', 'AF', 'AG', 'AI', 'AL', 'AM', 'AO', 'AQ', 'AR', 'AS', 'AT', 'AU', 'AW', 'AX', 'AZ', 'BA', 'BB', 'BD', 'BE', 'BF', 'BG', 'BH', 'BI', 'BJ', 'BL', 'BM', 'BN', 'BO', 'BQ', 'BR', 'BS', 'BT', '...</msg>
<var>${list_country}</var>
<arg>AD</arg>
<arg>AE</arg>
<arg>AF</arg>
<arg>AG</arg>
<arg>AI</arg>
<arg>AL</arg>
<arg>AM</arg>
<arg>AO</arg>
<arg>AQ</arg>
<arg>AR</arg>
<arg>AS</arg>
<arg>AT</arg>
<arg>AU</arg>
<arg>AW</arg>
<arg>AX</arg>
<arg>AZ</arg>
<arg>BA</arg>
<arg>BB</arg>
<arg>BD</arg>
<arg>BE</arg>
<arg>BF</arg>
<arg>BG</arg>
<arg>BH</arg>
<arg>BI</arg>
<arg>BJ</arg>
<arg>BL</arg>
<arg>BM</arg>
<arg>BN</arg>
<arg>BO</arg>
<arg>BQ</arg>
<arg>BR</arg>
<arg>BS</arg>
<arg>BT</arg>
<arg>BV</arg>
<arg>BW</arg>
<arg>BY</arg>
<arg>BZ</arg>
<arg>CA</arg>
<arg>CC</arg>
<arg>CD</arg>
<arg>CF</arg>
<arg>CG</arg>
<arg>CH</arg>
<arg>CI</arg>
<arg>CK</arg>
<arg>CL</arg>
<arg>CM</arg>
<arg>CN</arg>
<arg>CO</arg>
<arg>CR</arg>
<arg>CU</arg>
<arg>CV</arg>
<arg>CW</arg>
<arg>CX</arg>
<arg>CY</arg>
<arg>CZ</arg>
<arg>DE</arg>
<arg>DJ</arg>
<arg>DK</arg>
<arg>DM</arg>
<arg>DO</arg>
<arg>DZ</arg>
<arg>EC</arg>
<arg>EE</arg>
<arg>EG</arg>
<arg>EH</arg>
<arg>ER</arg>
<arg>ES</arg>
<arg>ET</arg>
<arg>FI</arg>
<arg>FJ</arg>
<arg>FK</arg>
<arg>FM</arg>
<arg>FO</arg>
<arg>FR</arg>
<arg>GA</arg>
<arg>GB</arg>
<arg>GD</arg>
<arg>GE</arg>
<arg>GF</arg>
<arg>GG</arg>
<arg>GH</arg>
<arg>GI</arg>
<arg>GL</arg>
<arg>GM</arg>
<arg>GN</arg>
<arg>GP</arg>
<arg>GQ</arg>
<arg>GR</arg>
<arg>GS</arg>
<arg>GT</arg>
<arg>GU</arg>
<arg>GW</arg>
<arg>GY</arg>
<arg>HK</arg>
<arg>HM</arg>
<arg>HN</arg>
<arg>HR</arg>
<arg>HT</arg>
<arg>HU</arg>
<arg>ID</arg>
<arg>IE</arg>
<arg>IL</arg>
<arg>IM</arg>
<arg>IN</arg>
<arg>IO</arg>
<arg>IQ</arg>
<arg>IR</arg>
<arg>IS</arg>
<arg>IT</arg>
<arg>JE</arg>
<arg>JM</arg>
<arg>JO</arg>
<arg>JP</arg>
<arg>KE</arg>
<arg>KG</arg>
<arg>KH</arg>
<arg>KI</arg>
<arg>KM</arg>
<arg>KN</arg>
<arg>KP</arg>
<arg>KR</arg>
<arg>KW</arg>
<arg>KY</arg>
<arg>KZ</arg>
<arg>LA</arg>
<arg>LB</arg>
<arg>LC</arg>
<arg>LI</arg>
<arg>LK</arg>
<arg>LR</arg>
<arg>LS</arg>
<arg>LT</arg>
<arg>LU</arg>
<arg>LV</arg>
<arg>LY</arg>
<arg>MA</arg>
<arg>MC</arg>
<arg>MD</arg>
<arg>ME</arg>
<arg>MF</arg>
<arg>MG</arg>
<arg>MH</arg>
<arg>MK</arg>
<arg>ML</arg>
<arg>MM</arg>
<arg>MN</arg>
<arg>MO</arg>
<arg>MP</arg>
<arg>MQ</arg>
<arg>MR</arg>
<arg>MS</arg>
<arg>MT</arg>
<arg>MU</arg>
<arg>MV</arg>
<arg>MW</arg>
<arg>MX</arg>
<arg>MY</arg>
<arg>MZ</arg>
<arg>NA</arg>
<arg>NC</arg>
<arg>NE</arg>
<arg>NF</arg>
<arg>NG</arg>
<arg>NI</arg>
<arg>NL</arg>
<arg>NO</arg>
<arg>NP</arg>
<arg>NR</arg>
<arg>NU</arg>
<arg>NZ</arg>
<arg>OM</arg>
<arg>PA</arg>
<arg>PE</arg>
<arg>PF</arg>
<arg>PG</arg>
<arg>PH</arg>
<arg>PK</arg>
<arg>PL</arg>
<arg>PM</arg>
<arg>PN</arg>
<arg>PR</arg>
<arg>PS</arg>
<arg>PT</arg>
<arg>PW</arg>
<arg>PY</arg>
<arg>QA</arg>
<arg>RE</arg>
<arg>RO</arg>
<arg>RS</arg>
<arg>RU</arg>
<arg>RW</arg>
<arg>SA</arg>
<arg>SB</arg>
<arg>SC</arg>
<arg>SD</arg>
<arg>SE</arg>
<arg>SG</arg>
<arg>SH</arg>
<arg>SI</arg>
<arg>SJ</arg>
<arg>SK</arg>
<arg>SL</arg>
<arg>SM</arg>
<arg>SN</arg>
<arg>SO</arg>
<arg>SR</arg>
<arg>SS</arg>
<arg>ST</arg>
<arg>SV</arg>
<arg>SX</arg>
<arg>SY</arg>
<arg>SZ</arg>
<arg>TC</arg>
<arg>TD</arg>
<arg>TF</arg>
<arg>TG</arg>
<arg>TH</arg>
<arg>TJ</arg>
<arg>TK</arg>
<arg>TL</arg>
<arg>TM</arg>
<arg>TN</arg>
<arg>TO</arg>
<arg>TR</arg>
<arg>TT</arg>
<arg>TV</arg>
<arg>TW</arg>
<arg>TZ</arg>
<arg>UA</arg>
<arg>UG</arg>
<arg>UM</arg>
<arg>US</arg>
<arg>UY</arg>
<arg>UZ</arg>
<arg>VA</arg>
<arg>VC</arg>
<arg>VE</arg>
<arg>VG</arg>
<arg>VI</arg>
<arg>VN</arg>
<arg>VU</arg>
<arg>WF</arg>
<arg>WS</arg>
<arg>XK</arg>
<arg>YE</arg>
<arg>YT</arg>
<arg>ZA</arg>
<arg>ZM</arg>
<arg>ZW</arg>
<doc>Returns a list containing given items.</doc>
<status status="PASS" start="2024-06-29T15:14:06.975472" elapsed="0.000616"/>
</kw>
<kw name="List Should Contain Value" owner="Collections">
<arg>${list_country}</arg>
<arg>${name_country}</arg>
<doc>Fails if the ``value`` is not found from ``list``.</doc>
<status status="PASS" start="2024-06-29T15:14:06.976874" elapsed="0.000198"/>
</kw>
<kw name="Run Keyword If" owner="BuiltIn">
<kw name="Should Be True" owner="BuiltIn">
<arg>${True}</arg>
<doc>Fails if the given condition is not true.</doc>
<status status="PASS" start="2024-06-29T15:14:06.978024" elapsed="0.000139"/>
</kw>
<arg>${json_data["results"][0]["location"]["coordinates"]["latitude"]} &gt;= -90 and ${json_data["results"][0]["location"]["coordinates"]["latitude"]} &lt;= 90</arg>
<arg>Should Be True</arg>
<arg>${True}</arg>
<doc>Runs the given keyword with the given arguments, if ``condition`` is true.</doc>
<status status="PASS" start="2024-06-29T15:14:06.977289" elapsed="0.000996"/>
</kw>
<kw name="Run Keyword If" owner="BuiltIn">
<kw name="Should Be True" owner="BuiltIn">
<arg>${True}</arg>
<doc>Fails if the given condition is not true.</doc>
<status status="PASS" start="2024-06-29T15:14:06.979138" elapsed="0.000226"/>
</kw>
<arg>${json_data["results"][0]["location"]["coordinates"]["longitude"]} &gt;= -180 and ${json_data["results"][0]["location"]["coordinates"]["longitude"]} &lt;= 180</arg>
<arg>Should Be True</arg>
<arg>${True}</arg>
<doc>Runs the given keyword with the given arguments, if ``condition`` is true.</doc>
<status status="PASS" start="2024-06-29T15:14:06.978459" elapsed="0.001031"/>
</kw>
<status status="PASS" start="2024-06-29T15:14:06.886025" elapsed="0.093591"/>
</kw>
<doc>Testa o conteúdo específico dos campos retornados pela API.</doc>
<tag>testeConteudo</tag>
<status status="PASS" start="2024-06-29T15:14:06.885586" elapsed="0.094170"/>
</test>
<status status="PASS" start="2024-06-29T15:14:06.066208" elapsed="0.915415"/>
</suite>
<status status="PASS" start="2024-06-29T15:14:06.051939" elapsed="0.934688"/>
</suite>
<statistics>
<total>
<stat pass="5" fail="0" skip="0">All Tests</stat>
</total>
<tag>
<stat pass="1" fail="0" skip="0">testeConteudo</stat>
<stat pass="1" fail="0" skip="0">testeEstruturaResposta</stat>
<stat pass="1" fail="0" skip="0">testeRequisicaoBasica</stat>
<stat pass="1" fail="0" skip="0">testeTiposDados</stat>
</tag>
<suite>
<stat pass="5" fail="0" skip="0" id="s1" name="Tests">Tests</stat>
<stat pass="5" fail="0" skip="0" id="s1-s1" name="Random-User-Test">Tests.Random-User-Test</stat>
</suite>
</statistics>
<errors>
</errors>
</robot>
