<?xml version="1.0" encoding="UTF-8"?>
<robot generator="Robot 7.0.1 (Python 3.12.4 on linux)" generated="2024-07-15T15:17:42.799763" rpa="false" schemaversion="5">
<suite id="s1" name="Tests" source="/home/runner/work/ApiRandomUser/ApiRandomUser/RamdonUser/tests">
<suite id="s1-s1" name="Random-User-Test" source="/home/runner/work/ApiRandomUser/ApiRandomUser/RamdonUser/tests/random-user-test.robot">
<test id="s1-s1-t1" name="Conectar" line="13">
<kw name="Conectar API" owner="random-user-service">
<kw name="Create Session" owner="RequestsLibrary">
<msg time="2024-07-15T15:17:43.208245" level="INFO">Creating Session using : alias=consultarAPI, url=https://randomuser.me/, headers={},                     cookies={}, auth=None, timeout=None, proxies=None, verify=False,                     debug=0 </msg>
<arg>consultarAPI</arg>
<arg>${URL}</arg>
<doc>Create Session: create a HTTP session to a server</doc>
<status status="PASS" start="2024-07-15T15:17:43.208027" elapsed="0.000419"/>
</kw>
<status status="PASS" start="2024-07-15T15:17:43.207009" elapsed="0.001818"/>
</kw>
<status status="PASS" start="2024-07-15T15:17:43.206329" elapsed="0.002696"/>
</test>
<test id="s1-s1-t2" name="Validar retorno 200 e JSON Válido" line="16">
<kw name="Teste de Requisicao Basica" owner="random-user-service">
<kw name="GET On Session" owner="RequestsLibrary">
<msg time="2024-07-15T15:17:43.446414" level="INFO">GET Request : url=https://randomuser.me/api 
 path_url=/api 
 headers={'User-Agent': 'python-requests/2.32.3', 'Accept-Encoding': 'gzip, deflate', 'Accept': '*/*', 'Connection': 'keep-alive'} 
 body=None 
 </msg>
<msg time="2024-07-15T15:17:43.446577" level="INFO">GET Response : url=https://randomuser.me/api 
 status=200, reason=OK 
 headers={'Date': 'Mon, 15 Jul 2024 15:17:43 GMT', 'Content-Type': 'application/json; charset=utf-8', 'Transfer-Encoding': 'chunked', 'Connection': 'keep-alive', 'X-Powered-By': 'Express', 'Access-Control-Allow-Origin': '*', 'Cache-Control': 'no-cache', 'ETag': 'W/"467-foCBmO6EEokNJR9o3Ll+vHH6vQ4"', 'Vary': 'Accept-Encoding', 'Content-Encoding': 'gzip', 'CF-Cache-Status': 'DYNAMIC', 'Report-To': '{"endpoints":[{"url":"https:\\/\\/a.nel.cloudflare.com\\/report\\/v4?s=mb2Xbc2GuWBTX3uN3uUQAjKNqjJjf%2BHmOVJeRsYeBq64HfPVsgysxLpUphclJiHfpr7Zxq20LoLCHio0hevBxFimW3u%2FnQtKoUv%2FykYBwGkhhnvlcxGA6%2FAflsP9wETm"}],"group":"cf-nel","max_age":604800}', 'NEL': '{"success_fraction":0,"report_to":"cf-nel","max_age":604800}', 'Server': 'cloudflare', 'CF-RAY': '8a3ab8916eb381c9-IAD', 'alt-svc': 'h3=":443"; ma=86400'} 
 body={"results":[{"gender":"female","name":{"title":"Mrs","first":"Signe","last":"Jensen"},"location":{"street":{"number":4219,"name":"Mellemgade"},"city":"Assens","state":"Nordjylland","country":"Denmark","postcode":37289,"coordinates":{"latitude":"-40.9237","longitude":"23.0222"},"timezone":{"offset":"+4:30","description":"Kabul"}},"email":"signe.jensen@example.com","login":{"uuid":"d38a6818-49ab-4cad-a001-0d9240831ca7","username":"bigbird882","password":"49ers","salt":"LQUVOZjb","md5":"63877427c96e6c3732836dc17d700a45","sha1":"9dd932490ff715dd14fc17dbe3797ed27cf59708","sha256":"6e90a2b1ee3d3025ce43e845cdfc6e91b246775c819195c4e82bc700ebf30723"},"dob":{"date":"1976-11-13T23:13:47.097Z","age":47},"registered":{"date":"2005-12-22T03:45:37.919Z","age":18},"phone":"05207648","cell":"38620383","id":{"name":"CPR","value":"131176-2763"},"picture":{"large":"https://randomuser.me/api/portraits/women/28.jpg","medium":"https://randomuser.me/api/portraits/med/women/28.jpg","thumbnail":"https://randomuser.me/api/portraits/thumb/women/28.jpg"},"nat":"DK"}],"info":{"seed":"e5df2b418c47282b","results":1,"page":1,"version":"1.4"}} 
 </msg>
<msg time="2024-07-15T15:17:43.446666" level="INFO">/opt/hostedtoolcache/Python/3.12.4/x64/lib/python3.12/site-packages/urllib3/connectionpool.py:1099: InsecureRequestWarning: Unverified HTTPS request is being made to host 'randomuser.me'. Adding certificate verification is strongly advised. See: https://urllib3.readthedocs.io/en/latest/advanced-usage.html#tls-warnings
  warnings.warn(</msg>
<msg time="2024-07-15T15:17:43.446811" level="INFO">${response} = &lt;Response [200]&gt;</msg>
<var>${response}</var>
<arg>consultarAPI</arg>
<arg>/api</arg>
<doc>Sends a GET request on a previously created HTTP Session.</doc>
<status status="PASS" start="2024-07-15T15:17:43.211835" elapsed="0.235018"/>
</kw>
<kw name="Should Be Equal As Numbers" owner="BuiltIn">
<msg time="2024-07-15T15:17:43.447913" level="INFO">Argument types are:
&lt;class 'int'&gt;
&lt;class 'str'&gt;</msg>
<arg>${response.status_code}</arg>
<arg>200</arg>
<doc>Fails if objects are unequal after converting them to real numbers.</doc>
<status status="PASS" start="2024-07-15T15:17:43.447440" elapsed="0.000539"/>
</kw>
<kw name="Log" owner="BuiltIn">
<msg time="2024-07-15T15:17:43.448661" level="INFO">200</msg>
<arg>${response.status_code}</arg>
<doc>Logs the given message with the given level.</doc>
<status status="PASS" start="2024-07-15T15:17:43.448301" elapsed="0.000404"/>
</kw>
<kw name="Set Variable" owner="BuiltIn">
<msg time="2024-07-15T15:17:43.449492" level="INFO">${json_data} = {'results': [{'gender': 'female', 'name': {'title': 'Mrs', 'first': 'Signe', 'last': 'Jensen'}, 'location': {'street': {'number': 4219, 'name': 'Mellemgade'}, 'city': 'Assens', 'state': 'Nordjylland',...</msg>
<var>${json_data}</var>
<arg>${response.json()}</arg>
<doc>Returns the given values which can then be assigned to a variables.</doc>
<status status="PASS" start="2024-07-15T15:17:43.449016" elapsed="0.000505"/>
</kw>
<kw name="Dictionary Should Contain Key" owner="Collections">
<arg>${json_data}</arg>
<arg>results</arg>
<doc>Fails if ``key`` is not found from ``dictionary``.</doc>
<status status="PASS" start="2024-07-15T15:17:43.449823" elapsed="0.000170"/>
</kw>
<status status="PASS" start="2024-07-15T15:17:43.211566" elapsed="0.238584"/>
</kw>
<doc>Testa se a API responde corretamente e retorna um objeto JSON válido.</doc>
<tag>testeRequisicaoBasica</tag>
<status status="PASS" start="2024-07-15T15:17:43.210993" elapsed="0.239347"/>
</test>
<test id="s1-s1-t3" name="Validar estrutura de resposta" line="22">
<kw name="Teste de Estrutura de Resposta" owner="random-user-service">
<kw name="GET On Session" owner="RequestsLibrary">
<msg time="2024-07-15T15:17:43.529928" level="INFO">GET Request : url=https://randomuser.me/api 
 path_url=/api 
 headers={'User-Agent': 'python-requests/2.32.3', 'Accept-Encoding': 'gzip, deflate', 'Accept': '*/*', 'Connection': 'keep-alive'} 
 body=None 
 </msg>
<msg time="2024-07-15T15:17:43.530046" level="INFO">GET Response : url=https://randomuser.me/api 
 status=200, reason=OK 
 headers={'Date': 'Mon, 15 Jul 2024 15:17:43 GMT', 'Content-Type': 'application/json; charset=utf-8', 'Transfer-Encoding': 'chunked', 'Connection': 'keep-alive', 'X-Powered-By': 'Express', 'Access-Control-Allow-Origin': '*', 'Cache-Control': 'no-cache', 'ETag': 'W/"48d-TLXe+hZhdQYp04BYTAx4H90Khzs"', 'Vary': 'Accept-Encoding', 'Content-Encoding': 'gzip', 'CF-Cache-Status': 'DYNAMIC', 'Report-To': '{"endpoints":[{"url":"https:\\/\\/a.nel.cloudflare.com\\/report\\/v4?s=WCJ%2FTngWzCBi%2FsYWJ4r7Wzi4OrnZfnjmooy27oUwiPVz5Z4hwHXnqyQWOot4hXuJwxDwgzyUukzCBXOfpVu2pAG5HYfd3kPrlU4NxsIUGbjGTDJrCv49MBOLDnnMNpmd"}],"group":"cf-nel","max_age":604800}', 'NEL': '{"success_fraction":0,"report_to":"cf-nel","max_age":604800}', 'Server': 'cloudflare', 'CF-RAY': '8a3ab892988081c9-IAD', 'alt-svc': 'h3=":443"; ma=86400'} 
 body={"results":[{"gender":"female","name":{"title":"Madame","first":"Yvette","last":"Adam"},"location":{"street":{"number":6065,"name":"Rue de Cuire"},"city":"Wimmis","state":"Graubünden","country":"Switzerland","postcode":7227,"coordinates":{"latitude":"-56.5825","longitude":"52.3839"},"timezone":{"offset":"+6:00","description":"Almaty, Dhaka, Colombo"}},"email":"yvette.adam@example.com","login":{"uuid":"f0ec97f5-fdb5-432f-b14b-3069bcb15866","username":"saddog112","password":"dragon1","salt":"1Uumj7Dg","md5":"260ff09493bf7e9892bccf49c46ba079","sha1":"3d6ee3acd5181789e38e16c4331c80055731cc3a","sha256":"00107c4adaa2b7eb516943ea991eea587e3eeb12d4fdd4119eeb744747d41643"},"dob":{"date":"1968-07-28T15:39:52.910Z","age":55},"registered":{"date":"2014-10-09T21:29:34.107Z","age":9},"phone":"075 354 31 78","cell":"079 569 58 28","id":{"name":"AVS","value":"756.6721.0851.86"},"picture":{"large":"https://randomuser.me/api/portraits/women/72.jpg","medium":"https://randomuser.me/api/portraits/med/women/72.jpg","thumbnail":"https://randomuser.me/api/portraits/thumb/women/72.jpg"},"nat":"CH"}],"info":{"seed":"aaef50e917441410","results":1,"page":1,"version":"1.4"}} 
 </msg>
<msg time="2024-07-15T15:17:43.530198" level="INFO">/opt/hostedtoolcache/Python/3.12.4/x64/lib/python3.12/site-packages/urllib3/connectionpool.py:1099: InsecureRequestWarning: Unverified HTTPS request is being made to host 'randomuser.me'. Adding certificate verification is strongly advised. See: https://urllib3.readthedocs.io/en/latest/advanced-usage.html#tls-warnings
  warnings.warn(</msg>
<msg time="2024-07-15T15:17:43.530336" level="INFO">${response} = &lt;Response [200]&gt;</msg>
<var>${response}</var>
<arg>consultarAPI</arg>
<arg>/api</arg>
<doc>Sends a GET request on a previously created HTTP Session.</doc>
<status status="PASS" start="2024-07-15T15:17:43.453346" elapsed="0.077034"/>
</kw>
<kw name="Set Variable" owner="BuiltIn">
<msg time="2024-07-15T15:17:43.531634" level="INFO">${json_data} = {'results': [{'gender': 'female', 'name': {'title': 'Madame', 'first': 'Yvette', 'last': 'Adam'}, 'location': {'street': {'number': 6065, 'name': 'Rue de Cuire'}, 'city': 'Wimmis', 'state': 'Graubünde...</msg>
<var>${json_data}</var>
<arg>${response.json()}</arg>
<doc>Returns the given values which can then be assigned to a variables.</doc>
<status status="PASS" start="2024-07-15T15:17:43.531037" elapsed="0.000628"/>
</kw>
<kw name="Log" owner="BuiltIn">
<msg time="2024-07-15T15:17:43.532146" level="INFO">{'results': [{'gender': 'female', 'name': {'title': 'Madame', 'first': 'Yvette', 'last': 'Adam'}, 'location': {'street': {'number': 6065, 'name': 'Rue de Cuire'}, 'city': 'Wimmis', 'state': 'Graubünden', 'country': 'Switzerland', 'postcode': 7227, 'coordinates': {'latitude': '-56.5825', 'longitude': '52.3839'}, 'timezone': {'offset': '+6:00', 'description': 'Almaty, Dhaka, Colombo'}}, 'email': 'yvette.adam@example.com', 'login': {'uuid': 'f0ec97f5-fdb5-432f-b14b-3069bcb15866', 'username': 'saddog112', 'password': 'dragon1', 'salt': '1Uumj7Dg', 'md5': '260ff09493bf7e9892bccf49c46ba079', 'sha1': '3d6ee3acd5181789e38e16c4331c80055731cc3a', 'sha256': '00107c4adaa2b7eb516943ea991eea587e3eeb12d4fdd4119eeb744747d41643'}, 'dob': {'date': '1968-07-28T15:39:52.910Z', 'age': 55}, 'registered': {'date': '2014-10-09T21:29:34.107Z', 'age': 9}, 'phone': '075 354 31 78', 'cell': '079 569 58 28', 'id': {'name': 'AVS', 'value': '756.6721.0851.86'}, 'picture': {'large': 'https://randomuser.me/api/portraits/women/72.jpg', 'medium': 'https://randomuser.me/api/portraits/med/women/72.jpg', 'thumbnail': 'https://randomuser.me/api/portraits/thumb/women/72.jpg'}, 'nat': 'CH'}], 'info': {'seed': 'aaef50e917441410', 'results': 1, 'page': 1, 'version': '1.4'}}</msg>
<arg>${json_data}</arg>
<doc>Logs the given message with the given level.</doc>
<status status="PASS" start="2024-07-15T15:17:43.531981" elapsed="0.000216"/>
</kw>
<kw name="Dictionary Should Contain Key" owner="Collections">
<arg>${json_data}</arg>
<arg>results</arg>
<doc>Fails if ``key`` is not found from ``dictionary``.</doc>
<status status="PASS" start="2024-07-15T15:17:43.532493" elapsed="0.000166"/>
</kw>
<kw name="Should Not Be Empty" owner="BuiltIn">
<msg time="2024-07-15T15:17:43.532976" level="INFO">Length is 2.</msg>
<arg>${json_data}</arg>
<doc>Verifies that the given item is not empty.</doc>
<status status="PASS" start="2024-07-15T15:17:43.532846" elapsed="0.000170"/>
</kw>
<kw name="Create List" owner="BuiltIn">
<msg time="2024-07-15T15:17:43.533508" level="INFO">${expected_keys} = ['gender', 'name', 'location', 'email', 'login']</msg>
<var>${expected_keys}</var>
<arg>gender</arg>
<arg>name</arg>
<arg>location</arg>
<arg>email</arg>
<arg>login</arg>
<doc>Returns a list containing given items.</doc>
<status status="PASS" start="2024-07-15T15:17:43.533347" elapsed="0.000186"/>
</kw>
<for flavor="IN">
<iter>
<kw name="Dictionary Should Contain Key" owner="Collections">
<arg>${json_data['results'][0]}</arg>
<arg>${key}</arg>
<doc>Fails if ``key`` is not found from ``dictionary``.</doc>
<status status="PASS" start="2024-07-15T15:17:43.534289" elapsed="0.000402"/>
</kw>
<kw name="Log" owner="BuiltIn">
<msg time="2024-07-15T15:17:43.535263" level="INFO">{'gender': 'female', 'name': {'title': 'Madame', 'first': 'Yvette', 'last': 'Adam'}, 'location': {'street': {'number': 6065, 'name': 'Rue de Cuire'}, 'city': 'Wimmis', 'state': 'Graubünden', 'country': 'Switzerland', 'postcode': 7227, 'coordinates': {'latitude': '-56.5825', 'longitude': '52.3839'}, 'timezone': {'offset': '+6:00', 'description': 'Almaty, Dhaka, Colombo'}}, 'email': 'yvette.adam@example.com', 'login': {'uuid': 'f0ec97f5-fdb5-432f-b14b-3069bcb15866', 'username': 'saddog112', 'password': 'dragon1', 'salt': '1Uumj7Dg', 'md5': '260ff09493bf7e9892bccf49c46ba079', 'sha1': '3d6ee3acd5181789e38e16c4331c80055731cc3a', 'sha256': '00107c4adaa2b7eb516943ea991eea587e3eeb12d4fdd4119eeb744747d41643'}, 'dob': {'date': '1968-07-28T15:39:52.910Z', 'age': 55}, 'registered': {'date': '2014-10-09T21:29:34.107Z', 'age': 9}, 'phone': '075 354 31 78', 'cell': '079 569 58 28', 'id': {'name': 'AVS', 'value': '756.6721.0851.86'}, 'picture': {'large': 'https://randomuser.me/api/portraits/women/72.jpg', 'medium': 'https://randomuser.me/api/portraits/med/women/72.jpg', 'thumbnail': 'https://randomuser.me/api/portraits/thumb/women/72.jpg'}, 'nat': 'CH'}</msg>
<arg>${json_data['results'][0]}</arg>
<doc>Logs the given message with the given level.</doc>
<status status="PASS" start="2024-07-15T15:17:43.534891" elapsed="0.000425"/>
</kw>
<kw name="Log" owner="BuiltIn">
<msg time="2024-07-15T15:17:43.535752" level="INFO">gender</msg>
<arg>${key}</arg>
<doc>Logs the given message with the given level.</doc>
<status status="PASS" start="2024-07-15T15:17:43.535621" elapsed="0.000170"/>
</kw>
<var name="${key}">gender</var>
<status status="PASS" start="2024-07-15T15:17:43.534163" elapsed="0.001856"/>
</iter>
<iter>
<kw name="Dictionary Should Contain Key" owner="Collections">
<arg>${json_data['results'][0]}</arg>
<arg>${key}</arg>
<doc>Fails if ``key`` is not found from ``dictionary``.</doc>
<status status="PASS" start="2024-07-15T15:17:43.536319" elapsed="0.000394"/>
</kw>
<kw name="Log" owner="BuiltIn">
<msg time="2024-07-15T15:17:43.537257" level="INFO">{'gender': 'female', 'name': {'title': 'Madame', 'first': 'Yvette', 'last': 'Adam'}, 'location': {'street': {'number': 6065, 'name': 'Rue de Cuire'}, 'city': 'Wimmis', 'state': 'Graubünden', 'country': 'Switzerland', 'postcode': 7227, 'coordinates': {'latitude': '-56.5825', 'longitude': '52.3839'}, 'timezone': {'offset': '+6:00', 'description': 'Almaty, Dhaka, Colombo'}}, 'email': 'yvette.adam@example.com', 'login': {'uuid': 'f0ec97f5-fdb5-432f-b14b-3069bcb15866', 'username': 'saddog112', 'password': 'dragon1', 'salt': '1Uumj7Dg', 'md5': '260ff09493bf7e9892bccf49c46ba079', 'sha1': '3d6ee3acd5181789e38e16c4331c80055731cc3a', 'sha256': '00107c4adaa2b7eb516943ea991eea587e3eeb12d4fdd4119eeb744747d41643'}, 'dob': {'date': '1968-07-28T15:39:52.910Z', 'age': 55}, 'registered': {'date': '2014-10-09T21:29:34.107Z', 'age': 9}, 'phone': '075 354 31 78', 'cell': '079 569 58 28', 'id': {'name': 'AVS', 'value': '756.6721.0851.86'}, 'picture': {'large': 'https://randomuser.me/api/portraits/women/72.jpg', 'medium': 'https://randomuser.me/api/portraits/med/women/72.jpg', 'thumbnail': 'https://randomuser.me/api/portraits/thumb/women/72.jpg'}, 'nat': 'CH'}</msg>
<arg>${json_data['results'][0]}</arg>
<doc>Logs the given message with the given level.</doc>
<status status="PASS" start="2024-07-15T15:17:43.536897" elapsed="0.000476"/>
</kw>
<kw name="Log" owner="BuiltIn">
<msg time="2024-07-15T15:17:43.537805" level="INFO">name</msg>
<arg>${key}</arg>
<doc>Logs the given message with the given level.</doc>
<status status="PASS" start="2024-07-15T15:17:43.537677" elapsed="0.000167"/>
</kw>
<var name="${key}">name</var>
<status status="PASS" start="2024-07-15T15:17:43.536205" elapsed="0.001856"/>
</iter>
<iter>
<kw name="Dictionary Should Contain Key" owner="Collections">
<arg>${json_data['results'][0]}</arg>
<arg>${key}</arg>
<doc>Fails if ``key`` is not found from ``dictionary``.</doc>
<status status="PASS" start="2024-07-15T15:17:43.538350" elapsed="0.000383"/>
</kw>
<kw name="Log" owner="BuiltIn">
<msg time="2024-07-15T15:17:43.539269" level="INFO">{'gender': 'female', 'name': {'title': 'Madame', 'first': 'Yvette', 'last': 'Adam'}, 'location': {'street': {'number': 6065, 'name': 'Rue de Cuire'}, 'city': 'Wimmis', 'state': 'Graubünden', 'country': 'Switzerland', 'postcode': 7227, 'coordinates': {'latitude': '-56.5825', 'longitude': '52.3839'}, 'timezone': {'offset': '+6:00', 'description': 'Almaty, Dhaka, Colombo'}}, 'email': 'yvette.adam@example.com', 'login': {'uuid': 'f0ec97f5-fdb5-432f-b14b-3069bcb15866', 'username': 'saddog112', 'password': 'dragon1', 'salt': '1Uumj7Dg', 'md5': '260ff09493bf7e9892bccf49c46ba079', 'sha1': '3d6ee3acd5181789e38e16c4331c80055731cc3a', 'sha256': '00107c4adaa2b7eb516943ea991eea587e3eeb12d4fdd4119eeb744747d41643'}, 'dob': {'date': '1968-07-28T15:39:52.910Z', 'age': 55}, 'registered': {'date': '2014-10-09T21:29:34.107Z', 'age': 9}, 'phone': '075 354 31 78', 'cell': '079 569 58 28', 'id': {'name': 'AVS', 'value': '756.6721.0851.86'}, 'picture': {'large': 'https://randomuser.me/api/portraits/women/72.jpg', 'medium': 'https://randomuser.me/api/portraits/med/women/72.jpg', 'thumbnail': 'https://randomuser.me/api/portraits/thumb/women/72.jpg'}, 'nat': 'CH'}</msg>
<arg>${json_data['results'][0]}</arg>
<doc>Logs the given message with the given level.</doc>
<status status="PASS" start="2024-07-15T15:17:43.538915" elapsed="0.000405"/>
</kw>
<kw name="Log" owner="BuiltIn">
<msg time="2024-07-15T15:17:43.539749" level="INFO">location</msg>
<arg>${key}</arg>
<doc>Logs the given message with the given level.</doc>
<status status="PASS" start="2024-07-15T15:17:43.539621" elapsed="0.000165"/>
</kw>
<var name="${key}">location</var>
<status status="PASS" start="2024-07-15T15:17:43.538241" elapsed="0.001760"/>
</iter>
<iter>
<kw name="Dictionary Should Contain Key" owner="Collections">
<arg>${json_data['results'][0]}</arg>
<arg>${key}</arg>
<doc>Fails if ``key`` is not found from ``dictionary``.</doc>
<status status="PASS" start="2024-07-15T15:17:43.540282" elapsed="0.000397"/>
</kw>
<kw name="Log" owner="BuiltIn">
<msg time="2024-07-15T15:17:43.541218" level="INFO">{'gender': 'female', 'name': {'title': 'Madame', 'first': 'Yvette', 'last': 'Adam'}, 'location': {'street': {'number': 6065, 'name': 'Rue de Cuire'}, 'city': 'Wimmis', 'state': 'Graubünden', 'country': 'Switzerland', 'postcode': 7227, 'coordinates': {'latitude': '-56.5825', 'longitude': '52.3839'}, 'timezone': {'offset': '+6:00', 'description': 'Almaty, Dhaka, Colombo'}}, 'email': 'yvette.adam@example.com', 'login': {'uuid': 'f0ec97f5-fdb5-432f-b14b-3069bcb15866', 'username': 'saddog112', 'password': 'dragon1', 'salt': '1Uumj7Dg', 'md5': '260ff09493bf7e9892bccf49c46ba079', 'sha1': '3d6ee3acd5181789e38e16c4331c80055731cc3a', 'sha256': '00107c4adaa2b7eb516943ea991eea587e3eeb12d4fdd4119eeb744747d41643'}, 'dob': {'date': '1968-07-28T15:39:52.910Z', 'age': 55}, 'registered': {'date': '2014-10-09T21:29:34.107Z', 'age': 9}, 'phone': '075 354 31 78', 'cell': '079 569 58 28', 'id': {'name': 'AVS', 'value': '756.6721.0851.86'}, 'picture': {'large': 'https://randomuser.me/api/portraits/women/72.jpg', 'medium': 'https://randomuser.me/api/portraits/med/women/72.jpg', 'thumbnail': 'https://randomuser.me/api/portraits/thumb/women/72.jpg'}, 'nat': 'CH'}</msg>
<arg>${json_data['results'][0]}</arg>
<doc>Logs the given message with the given level.</doc>
<status status="PASS" start="2024-07-15T15:17:43.540866" elapsed="0.000404"/>
</kw>
<kw name="Log" owner="BuiltIn">
<msg time="2024-07-15T15:17:43.541716" level="INFO">email</msg>
<arg>${key}</arg>
<doc>Logs the given message with the given level.</doc>
<status status="PASS" start="2024-07-15T15:17:43.541589" elapsed="0.000166"/>
</kw>
<var name="${key}">email</var>
<status status="PASS" start="2024-07-15T15:17:43.540174" elapsed="0.001802"/>
</iter>
<iter>
<kw name="Dictionary Should Contain Key" owner="Collections">
<arg>${json_data['results'][0]}</arg>
<arg>${key}</arg>
<doc>Fails if ``key`` is not found from ``dictionary``.</doc>
<status status="PASS" start="2024-07-15T15:17:43.542259" elapsed="0.000394"/>
</kw>
<kw name="Log" owner="BuiltIn">
<msg time="2024-07-15T15:17:43.543199" level="INFO">{'gender': 'female', 'name': {'title': 'Madame', 'first': 'Yvette', 'last': 'Adam'}, 'location': {'street': {'number': 6065, 'name': 'Rue de Cuire'}, 'city': 'Wimmis', 'state': 'Graubünden', 'country': 'Switzerland', 'postcode': 7227, 'coordinates': {'latitude': '-56.5825', 'longitude': '52.3839'}, 'timezone': {'offset': '+6:00', 'description': 'Almaty, Dhaka, Colombo'}}, 'email': 'yvette.adam@example.com', 'login': {'uuid': 'f0ec97f5-fdb5-432f-b14b-3069bcb15866', 'username': 'saddog112', 'password': 'dragon1', 'salt': '1Uumj7Dg', 'md5': '260ff09493bf7e9892bccf49c46ba079', 'sha1': '3d6ee3acd5181789e38e16c4331c80055731cc3a', 'sha256': '00107c4adaa2b7eb516943ea991eea587e3eeb12d4fdd4119eeb744747d41643'}, 'dob': {'date': '1968-07-28T15:39:52.910Z', 'age': 55}, 'registered': {'date': '2014-10-09T21:29:34.107Z', 'age': 9}, 'phone': '075 354 31 78', 'cell': '079 569 58 28', 'id': {'name': 'AVS', 'value': '756.6721.0851.86'}, 'picture': {'large': 'https://randomuser.me/api/portraits/women/72.jpg', 'medium': 'https://randomuser.me/api/portraits/med/women/72.jpg', 'thumbnail': 'https://randomuser.me/api/portraits/thumb/women/72.jpg'}, 'nat': 'CH'}</msg>
<arg>${json_data['results'][0]}</arg>
<doc>Logs the given message with the given level.</doc>
<status status="PASS" start="2024-07-15T15:17:43.542838" elapsed="0.000412"/>
</kw>
<kw name="Log" owner="BuiltIn">
<msg time="2024-07-15T15:17:43.543681" level="INFO">login</msg>
<arg>${key}</arg>
<doc>Logs the given message with the given level.</doc>
<status status="PASS" start="2024-07-15T15:17:43.543552" elapsed="0.000168"/>
</kw>
<var name="${key}">login</var>
<status status="PASS" start="2024-07-15T15:17:43.542146" elapsed="0.001798"/>
</iter>
<var>${key}</var>
<value>@{expected_keys}</value>
<status status="PASS" start="2024-07-15T15:17:43.533966" elapsed="0.010101"/>
</for>
<kw name="Create List" owner="BuiltIn">
<msg time="2024-07-15T15:17:43.544546" level="INFO">${expected_keysTwo} = ['username', 'password']</msg>
<var>${expected_keysTwo}</var>
<arg>username</arg>
<arg>password</arg>
<doc>Returns a list containing given items.</doc>
<status status="PASS" start="2024-07-15T15:17:43.544346" elapsed="0.000272"/>
</kw>
<for flavor="IN">
<iter>
<kw name="Dictionary Should Contain Key" owner="Collections">
<arg>${json_data['results'][0]['login']}</arg>
<arg>${keyTwo}</arg>
<doc>Fails if ``key`` is not found from ``dictionary``.</doc>
<status status="PASS" start="2024-07-15T15:17:43.545339" elapsed="0.000403"/>
</kw>
<kw name="Dictionary Should Contain Key" owner="Collections">
<arg>${json_data['results'][0]['login']}</arg>
<arg>${keyTwo}</arg>
<doc>Fails if ``key`` is not found from ``dictionary``.</doc>
<status status="PASS" start="2024-07-15T15:17:43.545929" elapsed="0.000384"/>
</kw>
<kw name="Log" owner="BuiltIn">
<msg time="2024-07-15T15:17:43.546621" level="INFO">username</msg>
<arg>${keyTwo}</arg>
<doc>Logs the given message with the given level.</doc>
<status status="PASS" start="2024-07-15T15:17:43.546498" elapsed="0.000160"/>
</kw>
<var name="${keyTwo}">username</var>
<status status="PASS" start="2024-07-15T15:17:43.545178" elapsed="0.001705"/>
</iter>
<iter>
<kw name="Dictionary Should Contain Key" owner="Collections">
<arg>${json_data['results'][0]['login']}</arg>
<arg>${keyTwo}</arg>
<doc>Fails if ``key`` is not found from ``dictionary``.</doc>
<status status="PASS" start="2024-07-15T15:17:43.547164" elapsed="0.000384"/>
</kw>
<kw name="Dictionary Should Contain Key" owner="Collections">
<arg>${json_data['results'][0]['login']}</arg>
<arg>${keyTwo}</arg>
<doc>Fails if ``key`` is not found from ``dictionary``.</doc>
<status status="PASS" start="2024-07-15T15:17:43.547729" elapsed="0.000371"/>
</kw>
<kw name="Log" owner="BuiltIn">
<msg time="2024-07-15T15:17:43.548401" level="INFO">password</msg>
<arg>${keyTwo}</arg>
<doc>Logs the given message with the given level.</doc>
<status status="PASS" start="2024-07-15T15:17:43.548280" elapsed="0.000164"/>
</kw>
<var name="${keyTwo}">password</var>
<status status="PASS" start="2024-07-15T15:17:43.547055" elapsed="0.001610"/>
</iter>
<var>${keyTwo}</var>
<value>@{expected_keysTwo}</value>
<status status="PASS" start="2024-07-15T15:17:43.544955" elapsed="0.003832"/>
</for>
<status status="PASS" start="2024-07-15T15:17:43.452978" elapsed="0.095951"/>
</kw>
<doc>Testa a estrutura da resposta da API.</doc>
<tag>testeEstruturaResposta</tag>
<status status="PASS" start="2024-07-15T15:17:43.452189" elapsed="0.096898"/>
</test>
<test id="s1-s1-t4" name="Validar tipos de dados" line="28">
<kw name="Teste de Tipos de Dados" owner="random-user-service">
<kw name="GET On Session" owner="RequestsLibrary">
<msg time="2024-07-15T15:17:43.604149" level="INFO">GET Request : url=https://randomuser.me/api 
 path_url=/api 
 headers={'User-Agent': 'python-requests/2.32.3', 'Accept-Encoding': 'gzip, deflate', 'Accept': '*/*', 'Connection': 'keep-alive'} 
 body=None 
 </msg>
<msg time="2024-07-15T15:17:43.604224" level="INFO">GET Response : url=https://randomuser.me/api 
 status=200, reason=OK 
 headers={'Date': 'Mon, 15 Jul 2024 15:17:43 GMT', 'Content-Type': 'application/json; charset=utf-8', 'Transfer-Encoding': 'chunked', 'Connection': 'keep-alive', 'X-Powered-By': 'Express', 'Access-Control-Allow-Origin': '*', 'Cache-Control': 'no-cache', 'ETag': 'W/"4b1-xLyHB7U8rrC4CYTZMvDi8nVCiuA"', 'Vary': 'Accept-Encoding', 'Content-Encoding': 'gzip', 'CF-Cache-Status': 'DYNAMIC', 'Report-To': '{"endpoints":[{"url":"https:\\/\\/a.nel.cloudflare.com\\/report\\/v4?s=kcI7a%2FzDQyV57MF1QV9QQqI7l%2B9LD3rjcn2PsNQaoGTDSd266NJLZfNPEsUQL1XRocnfsdZ1ncVGGvNcbbjTxujkCnxYn5pCmDSATtv2roe0gPyau2wpHTJAGfYxeNNp"}],"group":"cf-nel","max_age":604800}', 'NEL': '{"success_fraction":0,"report_to":"cf-nel","max_age":604800}', 'Server': 'cloudflare', 'CF-RAY': '8a3ab893397881c9-IAD', 'alt-svc': 'h3=":443"; ma=86400'} 
 body={"results":[{"gender":"female","name":{"title":"Mrs","first":"Aubrey","last":"Burton"},"location":{"street":{"number":612,"name":"Avondale Ave"},"city":"Australian Capital Territory","state":"Victoria","country":"Australia","postcode":7609,"coordinates":{"latitude":"-83.2445","longitude":"160.8296"},"timezone":{"offset":"-6:00","description":"Central Time (US &amp; Canada), Mexico City"}},"email":"aubrey.burton@example.com","login":{"uuid":"1173001c-27da-4ecc-98df-32f8b7404a1d","username":"yellowelephant240","password":"spanking","salt":"D1N4UUZH","md5":"2889916c68eca4534e3c9184086fa507","sha1":"f54dde51c78a4130ce8d0278473279ffc6eee7a1","sha256":"be685c45dca49d061b402d009c52ca5ccb6d0c614f9b33e7b03d5087f38c3553"},"dob":{"date":"1997-11-26T19:15:23.279Z","age":26},"registered":{"date":"2012-07-16T13:01:06.571Z","age":11},"phone":"04-2026-0817","cell":"0427-299-431","id":{"name":"TFN","value":"544199301"},"picture":{"large":"https://randomuser.me/api/portraits/women/68.jpg","medium":"https://randomuser.me/api/portraits/med/women/68.jpg","thumbnail":"https://randomuser.me/api/portraits/thumb/women/68.jpg"},"nat":"AU"}],"info":{"seed":"6fbb2f380c667fc1","results":1,"page":1,"version":"1.4"}} 
 </msg>
<msg time="2024-07-15T15:17:43.604287" level="INFO">/opt/hostedtoolcache/Python/3.12.4/x64/lib/python3.12/site-packages/urllib3/connectionpool.py:1099: InsecureRequestWarning: Unverified HTTPS request is being made to host 'randomuser.me'. Adding certificate verification is strongly advised. See: https://urllib3.readthedocs.io/en/latest/advanced-usage.html#tls-warnings
  warnings.warn(</msg>
<msg time="2024-07-15T15:17:43.604400" level="INFO">${response} = &lt;Response [200]&gt;</msg>
<var>${response}</var>
<arg>consultarAPI</arg>
<arg>/api</arg>
<doc>Sends a GET request on a previously created HTTP Session.</doc>
<status status="PASS" start="2024-07-15T15:17:43.551767" elapsed="0.052675"/>
</kw>
<kw name="Set Variable" owner="BuiltIn">
<msg time="2024-07-15T15:17:43.605561" level="INFO">${json_data} = {'results': [{'gender': 'female', 'name': {'title': 'Mrs', 'first': 'Aubrey', 'last': 'Burton'}, 'location': {'street': {'number': 612, 'name': 'Avondale Ave'}, 'city': 'Australian Capital Territory',...</msg>
<var>${json_data}</var>
<arg>${response.json()}</arg>
<doc>Returns the given values which can then be assigned to a variables.</doc>
<status status="PASS" start="2024-07-15T15:17:43.604952" elapsed="0.000638"/>
</kw>
<kw name="Log" owner="BuiltIn">
<msg time="2024-07-15T15:17:43.606059" level="INFO">{'results': [{'gender': 'female', 'name': {'title': 'Mrs', 'first': 'Aubrey', 'last': 'Burton'}, 'location': {'street': {'number': 612, 'name': 'Avondale Ave'}, 'city': 'Australian Capital Territory', 'state': 'Victoria', 'country': 'Australia', 'postcode': 7609, 'coordinates': {'latitude': '-83.2445', 'longitude': '160.8296'}, 'timezone': {'offset': '-6:00', 'description': 'Central Time (US &amp; Canada), Mexico City'}}, 'email': 'aubrey.burton@example.com', 'login': {'uuid': '1173001c-27da-4ecc-98df-32f8b7404a1d', 'username': 'yellowelephant240', 'password': 'spanking', 'salt': 'D1N4UUZH', 'md5': '2889916c68eca4534e3c9184086fa507', 'sha1': 'f54dde51c78a4130ce8d0278473279ffc6eee7a1', 'sha256': 'be685c45dca49d061b402d009c52ca5ccb6d0c614f9b33e7b03d5087f38c3553'}, 'dob': {'date': '1997-11-26T19:15:23.279Z', 'age': 26}, 'registered': {'date': '2012-07-16T13:01:06.571Z', 'age': 11}, 'phone': '04-2026-0817', 'cell': '0427-299-431', 'id': {'name': 'TFN', 'value': '544199301'}, 'picture': {'large': 'https://randomuser.me/api/portraits/women/68.jpg', 'medium': 'https://randomuser.me/api/portraits/med/women/68.jpg', 'thumbnail': 'https://randomuser.me/api/portraits/thumb/women/68.jpg'}, 'nat': 'AU'}], 'info': {'seed': '6fbb2f380c667fc1', 'results': 1, 'page': 1, 'version': '1.4'}}</msg>
<arg>${json_data}</arg>
<doc>Logs the given message with the given level.</doc>
<status status="PASS" start="2024-07-15T15:17:43.605903" elapsed="0.000205"/>
</kw>
<kw name="Should Be String" owner="String">
<arg>${json_data['results'][0]['gender']}</arg>
<doc>Fails if the given ``item`` is not a string.</doc>
<status status="PASS" start="2024-07-15T15:17:43.606403" elapsed="0.000365"/>
</kw>
<kw name="Should Match Regexp" owner="BuiltIn">
<arg>${json_data['results'][0]['email']}</arg>
<arg>^[a-zA-Z0-9._%+-]+@[a-zA-Z0-9.-]+\.[a-zA-Z]{2,}$</arg>
<doc>Fails if ``string`` does not match ``pattern`` as a regular expression.</doc>
<status status="PASS" start="2024-07-15T15:17:43.606993" elapsed="0.000520"/>
</kw>
<kw name="Should Match Regexp" owner="BuiltIn">
<arg>${json_data['results'][0]['dob']['date']}</arg>
<arg>\\d{4}-\\d{2}-\\d{2}T\\d{2}:\\d{2}:\\d{2}\\.\\d{3}Z</arg>
<doc>Fails if ``string`` does not match ``pattern`` as a regular expression.</doc>
<status status="PASS" start="2024-07-15T15:17:43.607712" elapsed="0.000493"/>
</kw>
<kw name="Should Match Regexp" owner="BuiltIn">
<arg>${json_data['results'][0]['registered']['date']}</arg>
<arg>\\d{4}-\\d{2}-\\d{2}T\\d{2}:\\d{2}:\\d{2}\\.\\d{3}Z</arg>
<doc>Fails if ``string`` does not match ``pattern`` as a regular expression.</doc>
<status status="PASS" start="2024-07-15T15:17:43.608401" elapsed="0.000367"/>
</kw>
<kw name="Should Match Regexp" owner="BuiltIn">
<arg>${json_data['results'][0]['picture']['large']}</arg>
<arg>^https?://.*\.(?:png|jpe?g|gif|bmp)$</arg>
<doc>Fails if ``string`` does not match ``pattern`` as a regular expression.</doc>
<status status="PASS" start="2024-07-15T15:17:43.608955" elapsed="0.000490"/>
</kw>
<kw name="Should Match Regexp" owner="BuiltIn">
<arg>${json_data['results'][0]['picture']['medium']}</arg>
<arg>^https?://.*\.(?:png|jpe?g|gif|bmp)$</arg>
<doc>Fails if ``string`` does not match ``pattern`` as a regular expression.</doc>
<status status="PASS" start="2024-07-15T15:17:43.609642" elapsed="0.000360"/>
</kw>
<kw name="Should Match Regexp" owner="BuiltIn">
<arg>${json_data['results'][0]['picture']['thumbnail']}</arg>
<arg>^https?://.*\.(?:png|jpe?g|gif|bmp)$</arg>
<doc>Fails if ``string`` does not match ``pattern`` as a regular expression.</doc>
<status status="PASS" start="2024-07-15T15:17:43.610185" elapsed="0.000355"/>
</kw>
<kw name="Log" owner="BuiltIn">
<msg time="2024-07-15T15:17:43.611067" level="INFO">{'large': 'https://randomuser.me/api/portraits/women/68.jpg', 'medium': 'https://randomuser.me/api/portraits/med/women/68.jpg', 'thumbnail': 'https://randomuser.me/api/portraits/thumb/women/68.jpg'}</msg>
<arg>${json_data['results'][0]['picture']}</arg>
<doc>Logs the given message with the given level.</doc>
<status status="PASS" start="2024-07-15T15:17:43.610727" elapsed="0.000384"/>
</kw>
<status status="PASS" start="2024-07-15T15:17:43.551539" elapsed="0.059832"/>
</kw>
<kw name="Teste de Tipos de Dados - Postcode" owner="random-user-service">
<kw name="GET On Session" owner="RequestsLibrary">
<msg time="2024-07-15T15:17:43.717487" level="INFO">GET Request : url=https://randomuser.me/api 
 path_url=/api 
 headers={'User-Agent': 'python-requests/2.32.3', 'Accept-Encoding': 'gzip, deflate', 'Accept': '*/*', 'Connection': 'keep-alive'} 
 body=None 
 </msg>
<msg time="2024-07-15T15:17:43.717624" level="INFO">GET Response : url=https://randomuser.me/api 
 status=200, reason=OK 
 headers={'Date': 'Mon, 15 Jul 2024 15:17:43 GMT', 'Content-Type': 'application/json; charset=utf-8', 'Transfer-Encoding': 'chunked', 'Connection': 'keep-alive', 'X-Powered-By': 'Express', 'Access-Control-Allow-Origin': '*', 'Cache-Control': 'no-cache', 'ETag': 'W/"49a-3/I9Q49tSxVHLD1pYJGPy6VwlnQ"', 'Vary': 'Accept-Encoding', 'Content-Encoding': 'gzip', 'CF-Cache-Status': 'DYNAMIC', 'Report-To': '{"endpoints":[{"url":"https:\\/\\/a.nel.cloudflare.com\\/report\\/v4?s=dz1of0etmeVFwfxXiTBIXPnd5u7AhveFIJZeyMtdsSJblUi8NKst2J9RfjB%2B5trBGibUqN7%2FAf%2FmFKHbZPCKephvrUCl5z0JaiJ8nv8KLHYeTs3C15ZNvnc4fNvR9hh3"}],"group":"cf-nel","max_age":604800}', 'NEL': '{"success_fraction":0,"report_to":"cf-nel","max_age":604800}', 'Server': 'cloudflare', 'CF-RAY': '8a3ab8939a0c81c9-IAD', 'alt-svc': 'h3=":443"; ma=86400'} 
 body={"results":[{"gender":"male","name":{"title":"Mr","first":"Alan","last":"Romero"},"location":{"street":{"number":3153,"name":"Mockingbird Hill"},"city":"Victorville","state":"Wyoming","country":"United States","postcode":64371,"coordinates":{"latitude":"87.4823","longitude":"-175.6733"},"timezone":{"offset":"+1:00","description":"Brussels, Copenhagen, Madrid, Paris"}},"email":"alan.romero@example.com","login":{"uuid":"0c758ff9-f995-42d7-9696-37315618b1f4","username":"organicgoose274","password":"heynow","salt":"9LJti2Bf","md5":"228bc9e943f3a5ab131440f7d1b81977","sha1":"b5ba04b8822bdfda81221555aad248f752fa2aad","sha256":"33a7229ffe23a546dbc6479f03319e8891e2962c7c03a91a2298cf2e47837fc1"},"dob":{"date":"1972-03-02T12:10:07.994Z","age":52},"registered":{"date":"2006-11-18T08:43:32.098Z","age":17},"phone":"(440) 670-9201","cell":"(279) 459-4795","id":{"name":"SSN","value":"328-67-9283"},"picture":{"large":"https://randomuser.me/api/portraits/men/10.jpg","medium":"https://randomuser.me/api/portraits/med/men/10.jpg","thumbnail":"https://randomuser.me/api/portraits/thumb/men/10.jpg"},"nat":"US"}],"info":{"seed":"81ac2596edbb78ed","results":1,"page":1,"version":"1.4"}} 
 </msg>
<msg time="2024-07-15T15:17:43.717736" level="INFO">/opt/hostedtoolcache/Python/3.12.4/x64/lib/python3.12/site-packages/urllib3/connectionpool.py:1099: InsecureRequestWarning: Unverified HTTPS request is being made to host 'randomuser.me'. Adding certificate verification is strongly advised. See: https://urllib3.readthedocs.io/en/latest/advanced-usage.html#tls-warnings
  warnings.warn(</msg>
<msg time="2024-07-15T15:17:43.717904" level="INFO">${response} = &lt;Response [200]&gt;</msg>
<var>${response}</var>
<arg>consultarAPI</arg>
<arg>/api</arg>
<doc>Sends a GET request on a previously created HTTP Session.</doc>
<status status="PASS" start="2024-07-15T15:17:43.611823" elapsed="0.106128"/>
</kw>
<kw name="Set Variable" owner="BuiltIn">
<msg time="2024-07-15T15:17:43.719372" level="INFO">${json_data} = {'results': [{'gender': 'male', 'name': {'title': 'Mr', 'first': 'Alan', 'last': 'Romero'}, 'location': {'street': {'number': 3153, 'name': 'Mockingbird Hill'}, 'city': 'Victorville', 'state': 'Wyomin...</msg>
<var>${json_data}</var>
<arg>${response.json()}</arg>
<doc>Returns the given values which can then be assigned to a variables.</doc>
<status status="PASS" start="2024-07-15T15:17:43.718646" elapsed="0.000770"/>
</kw>
<kw name="Log" owner="BuiltIn">
<msg time="2024-07-15T15:17:43.720142" level="INFO">{'results': [{'gender': 'male', 'name': {'title': 'Mr', 'first': 'Alan', 'last': 'Romero'}, 'location': {'street': {'number': 3153, 'name': 'Mockingbird Hill'}, 'city': 'Victorville', 'state': 'Wyoming', 'country': 'United States', 'postcode': 64371, 'coordinates': {'latitude': '87.4823', 'longitude': '-175.6733'}, 'timezone': {'offset': '+1:00', 'description': 'Brussels, Copenhagen, Madrid, Paris'}}, 'email': 'alan.romero@example.com', 'login': {'uuid': '0c758ff9-f995-42d7-9696-37315618b1f4', 'username': 'organicgoose274', 'password': 'heynow', 'salt': '9LJti2Bf', 'md5': '228bc9e943f3a5ab131440f7d1b81977', 'sha1': 'b5ba04b8822bdfda81221555aad248f752fa2aad', 'sha256': '33a7229ffe23a546dbc6479f03319e8891e2962c7c03a91a2298cf2e47837fc1'}, 'dob': {'date': '1972-03-02T12:10:07.994Z', 'age': 52}, 'registered': {'date': '2006-11-18T08:43:32.098Z', 'age': 17}, 'phone': '(440) 670-9201', 'cell': '(279) 459-4795', 'id': {'name': 'SSN', 'value': '328-67-9283'}, 'picture': {'large': 'https://randomuser.me/api/portraits/men/10.jpg', 'medium': 'https://randomuser.me/api/portraits/med/men/10.jpg', 'thumbnail': 'https://randomuser.me/api/portraits/thumb/men/10.jpg'}, 'nat': 'US'}], 'info': {'seed': '81ac2596edbb78ed', 'results': 1, 'page': 1, 'version': '1.4'}}</msg>
<arg>${json_data}</arg>
<doc>Logs the given message with the given level.</doc>
<status status="PASS" start="2024-07-15T15:17:43.719901" elapsed="0.000325"/>
</kw>
<kw name="Should Be Equal As Numbers" owner="BuiltIn">
<arg>${json_data['results'][0]['location']['postcode']}</arg>
<arg>${json_data['results'][0]['location']['postcode']}</arg>
<doc>Fails if objects are unequal after converting them to real numbers.</doc>
<status status="PASS" start="2024-07-15T15:17:43.720703" elapsed="0.001121"/>
</kw>
<kw name="Log" owner="BuiltIn">
<msg time="2024-07-15T15:17:43.722762" level="INFO">64371</msg>
<arg>${json_data['results'][0]['location']['postcode']}</arg>
<doc>Logs the given message with the given level.</doc>
<status status="PASS" start="2024-07-15T15:17:43.722180" elapsed="0.000656"/>
</kw>
<status status="PASS" start="2024-07-15T15:17:43.611593" elapsed="0.111624"/>
</kw>
<doc>Testa se os tipos de dados na resposta da API estão corretos.</doc>
<tag>testeTiposDados</tag>
<status status="PASS" start="2024-07-15T15:17:43.550907" elapsed="0.172574"/>
</test>
<test id="s1-s1-t5" name="Validar conteudo" line="35">
<kw name="Teste de Tipos de Conteudo" owner="random-user-service">
<kw name="GET On Session" owner="RequestsLibrary">
<msg time="2024-07-15T15:17:43.798557" level="INFO">GET Request : url=https://randomuser.me/api 
 path_url=/api 
 headers={'User-Agent': 'python-requests/2.32.3', 'Accept-Encoding': 'gzip, deflate', 'Accept': '*/*', 'Connection': 'keep-alive'} 
 body=None 
 </msg>
<msg time="2024-07-15T15:17:43.798665" level="INFO">GET Response : url=https://randomuser.me/api 
 status=200, reason=OK 
 headers={'Date': 'Mon, 15 Jul 2024 15:17:43 GMT', 'Content-Type': 'application/json; charset=utf-8', 'Transfer-Encoding': 'chunked', 'Connection': 'keep-alive', 'X-Powered-By': 'Express', 'Access-Control-Allow-Origin': '*', 'Cache-Control': 'no-cache', 'ETag': 'W/"4a9-4YGlfdlvLtEUrrtxS5vF8Q0u2TA"', 'Vary': 'Accept-Encoding', 'Content-Encoding': 'gzip', 'CF-Cache-Status': 'DYNAMIC', 'Report-To': '{"endpoints":[{"url":"https:\\/\\/a.nel.cloudflare.com\\/report\\/v4?s=V4otg2WkwkzeB%2BM9lfA0Z0wWUU0bKiXYLe0tIMtqJr5Vy77pgtxB6LIcrz2jh9h%2BV7CD%2BXvuxjfB1cVEsy%2FcQRLiFOqOuyMSzYFKSI9Xf1S%2B2EOAb30sz7%2BmKbPZUWF2"}],"group":"cf-nel","max_age":604800}', 'NEL': '{"success_fraction":0,"report_to":"cf-nel","max_age":604800}', 'Server': 'cloudflare', 'CF-RAY': '8a3ab8945b0981c9-IAD', 'alt-svc': 'h3=":443"; ma=86400'} 
 body={"results":[{"gender":"female","name":{"title":"Ms","first":"Solène","last":"Guillot"},"location":{"street":{"number":9946,"name":"Avenue de l'Abbé-Roussel"},"city":"Villeurbanne","state":"Haute-Corse","country":"France","postcode":75001,"coordinates":{"latitude":"-18.4725","longitude":"87.5334"},"timezone":{"offset":"-8:00","description":"Pacific Time (US &amp; Canada)"}},"email":"solene.guillot@example.com","login":{"uuid":"e6c2f0f5-bb57-42f8-aa03-beb4a58012a7","username":"brownpanda926","password":"1029","salt":"UvDi9FkM","md5":"077a750588f626a89d7690b6387a894b","sha1":"825fb51364a49ece61f216534ef5f86c808fba1f","sha256":"e6917e1ced9de531b26e55d29c6e353369ffc59677a58f6d04802056f19eb312"},"dob":{"date":"1984-04-08T14:34:01.568Z","age":40},"registered":{"date":"2008-07-07T20:37:18.001Z","age":16},"phone":"02-50-01-64-04","cell":"06-75-07-29-26","id":{"name":"INSEE","value":"2840392577062 32"},"picture":{"large":"https://randomuser.me/api/portraits/women/61.jpg","medium":"https://randomuser.me/api/portraits/med/women/61.jpg","thumbnail":"https://randomuser.me/api/portraits/thumb/women/61.jpg"},"nat":"FR"}],"info":{"seed":"d43d8452f2ecdd96","results":1,"page":1,"version":"1.4"}} 
 </msg>
<msg time="2024-07-15T15:17:43.798760" level="INFO">/opt/hostedtoolcache/Python/3.12.4/x64/lib/python3.12/site-packages/urllib3/connectionpool.py:1099: InsecureRequestWarning: Unverified HTTPS request is being made to host 'randomuser.me'. Adding certificate verification is strongly advised. See: https://urllib3.readthedocs.io/en/latest/advanced-usage.html#tls-warnings
  warnings.warn(</msg>
<msg time="2024-07-15T15:17:43.798914" level="INFO">${response} = &lt;Response [200]&gt;</msg>
<var>${response}</var>
<arg>consultarAPI</arg>
<arg>/api</arg>
<doc>Sends a GET request on a previously created HTTP Session.</doc>
<status status="PASS" start="2024-07-15T15:17:43.727986" elapsed="0.070966"/>
</kw>
<kw name="Set Variable" owner="BuiltIn">
<msg time="2024-07-15T15:17:43.800057" level="INFO">${json_data} = {'results': [{'gender': 'female', 'name': {'title': 'Ms', 'first': 'Solène', 'last': 'Guillot'}, 'location': {'street': {'number': 9946, 'name': "Avenue de l'Abbé-Roussel"}, 'city': 'Villeurbanne', 's...</msg>
<var>${json_data}</var>
<arg>${response.json()}</arg>
<doc>Returns the given values which can then be assigned to a variables.</doc>
<status status="PASS" start="2024-07-15T15:17:43.799518" elapsed="0.000570"/>
</kw>
<kw name="Set Variable" owner="BuiltIn">
<msg time="2024-07-15T15:17:43.800800" level="INFO">${name_title} = Ms</msg>
<var>${name_title}</var>
<arg>${json_data["results"][0]["name"]["title"]}</arg>
<doc>Returns the given values which can then be assigned to a variables.</doc>
<status status="PASS" start="2024-07-15T15:17:43.800407" elapsed="0.000419"/>
</kw>
<kw name="Create List" owner="BuiltIn">
<msg time="2024-07-15T15:17:43.801288" level="INFO">${allowed_titles} = ['Mr', 'Ms', 'Miss', 'Mrs', 'Madame', 'Monsieur']</msg>
<var>${allowed_titles}</var>
<arg>Mr</arg>
<arg>Ms</arg>
<arg>Miss</arg>
<arg>Mrs</arg>
<arg>Madame</arg>
<arg>Monsieur</arg>
<doc>Returns a list containing given items.</doc>
<status status="PASS" start="2024-07-15T15:17:43.801133" elapsed="0.000208"/>
</kw>
<kw name="List Should Contain Value" owner="Collections">
<arg>${allowed_titles}</arg>
<arg>${name_title}</arg>
<doc>Fails if the ``value`` is not found from ``list``.</doc>
<status status="PASS" start="2024-07-15T15:17:43.801666" elapsed="0.000183"/>
</kw>
<kw name="Set Variable" owner="BuiltIn">
<msg time="2024-07-15T15:17:43.802414" level="INFO">${name_country} = FR</msg>
<var>${name_country}</var>
<arg>${json_data["results"][0]["nat"]}</arg>
<doc>Returns the given values which can then be assigned to a variables.</doc>
<status status="PASS" start="2024-07-15T15:17:43.802040" elapsed="0.000399"/>
</kw>
<kw name="Create List" owner="BuiltIn">
<msg time="2024-07-15T15:17:43.803343" level="INFO">${list_country} = ['AD', 'AE', 'AF', 'AG', 'AI', 'AL', 'AM', 'AO', 'AQ', 'AR', 'AS', 'AT', 'AU', 'AW', 'AX', 'AZ', 'BA', 'BB', 'BD', 'BE', 'BF', 'BG', 'BH', 'BI', 'BJ', 'BL', 'BM', 'BN', 'BO', 'BQ', 'BR', 'BS', 'BT', '...</msg>
<var>${list_country}</var>
<arg>AD</arg>
<arg>AE</arg>
<arg>AF</arg>
<arg>AG</arg>
<arg>AI</arg>
<arg>AL</arg>
<arg>AM</arg>
<arg>AO</arg>
<arg>AQ</arg>
<arg>AR</arg>
<arg>AS</arg>
<arg>AT</arg>
<arg>AU</arg>
<arg>AW</arg>
<arg>AX</arg>
<arg>AZ</arg>
<arg>BA</arg>
<arg>BB</arg>
<arg>BD</arg>
<arg>BE</arg>
<arg>BF</arg>
<arg>BG</arg>
<arg>BH</arg>
<arg>BI</arg>
<arg>BJ</arg>
<arg>BL</arg>
<arg>BM</arg>
<arg>BN</arg>
<arg>BO</arg>
<arg>BQ</arg>
<arg>BR</arg>
<arg>BS</arg>
<arg>BT</arg>
<arg>BV</arg>
<arg>BW</arg>
<arg>BY</arg>
<arg>BZ</arg>
<arg>CA</arg>
<arg>CC</arg>
<arg>CD</arg>
<arg>CF</arg>
<arg>CG</arg>
<arg>CH</arg>
<arg>CI</arg>
<arg>CK</arg>
<arg>CL</arg>
<arg>CM</arg>
<arg>CN</arg>
<arg>CO</arg>
<arg>CR</arg>
<arg>CU</arg>
<arg>CV</arg>
<arg>CW</arg>
<arg>CX</arg>
<arg>CY</arg>
<arg>CZ</arg>
<arg>DE</arg>
<arg>DJ</arg>
<arg>DK</arg>
<arg>DM</arg>
<arg>DO</arg>
<arg>DZ</arg>
<arg>EC</arg>
<arg>EE</arg>
<arg>EG</arg>
<arg>EH</arg>
<arg>ER</arg>
<arg>ES</arg>
<arg>ET</arg>
<arg>FI</arg>
<arg>FJ</arg>
<arg>FK</arg>
<arg>FM</arg>
<arg>FO</arg>
<arg>FR</arg>
<arg>GA</arg>
<arg>GB</arg>
<arg>GD</arg>
<arg>GE</arg>
<arg>GF</arg>
<arg>GG</arg>
<arg>GH</arg>
<arg>GI</arg>
<arg>GL</arg>
<arg>GM</arg>
<arg>GN</arg>
<arg>GP</arg>
<arg>GQ</arg>
<arg>GR</arg>
<arg>GS</arg>
<arg>GT</arg>
<arg>GU</arg>
<arg>GW</arg>
<arg>GY</arg>
<arg>HK</arg>
<arg>HM</arg>
<arg>HN</arg>
<arg>HR</arg>
<arg>HT</arg>
<arg>HU</arg>
<arg>ID</arg>
<arg>IE</arg>
<arg>IL</arg>
<arg>IM</arg>
<arg>IN</arg>
<arg>IO</arg>
<arg>IQ</arg>
<arg>IR</arg>
<arg>IS</arg>
<arg>IT</arg>
<arg>JE</arg>
<arg>JM</arg>
<arg>JO</arg>
<arg>JP</arg>
<arg>KE</arg>
<arg>KG</arg>
<arg>KH</arg>
<arg>KI</arg>
<arg>KM</arg>
<arg>KN</arg>
<arg>KP</arg>
<arg>KR</arg>
<arg>KW</arg>
<arg>KY</arg>
<arg>KZ</arg>
<arg>LA</arg>
<arg>LB</arg>
<arg>LC</arg>
<arg>LI</arg>
<arg>LK</arg>
<arg>LR</arg>
<arg>LS</arg>
<arg>LT</arg>
<arg>LU</arg>
<arg>LV</arg>
<arg>LY</arg>
<arg>MA</arg>
<arg>MC</arg>
<arg>MD</arg>
<arg>ME</arg>
<arg>MF</arg>
<arg>MG</arg>
<arg>MH</arg>
<arg>MK</arg>
<arg>ML</arg>
<arg>MM</arg>
<arg>MN</arg>
<arg>MO</arg>
<arg>MP</arg>
<arg>MQ</arg>
<arg>MR</arg>
<arg>MS</arg>
<arg>MT</arg>
<arg>MU</arg>
<arg>MV</arg>
<arg>MW</arg>
<arg>MX</arg>
<arg>MY</arg>
<arg>MZ</arg>
<arg>NA</arg>
<arg>NC</arg>
<arg>NE</arg>
<arg>NF</arg>
<arg>NG</arg>
<arg>NI</arg>
<arg>NL</arg>
<arg>NO</arg>
<arg>NP</arg>
<arg>NR</arg>
<arg>NU</arg>
<arg>NZ</arg>
<arg>OM</arg>
<arg>PA</arg>
<arg>PE</arg>
<arg>PF</arg>
<arg>PG</arg>
<arg>PH</arg>
<arg>PK</arg>
<arg>PL</arg>
<arg>PM</arg>
<arg>PN</arg>
<arg>PR</arg>
<arg>PS</arg>
<arg>PT</arg>
<arg>PW</arg>
<arg>PY</arg>
<arg>QA</arg>
<arg>RE</arg>
<arg>RO</arg>
<arg>RS</arg>
<arg>RU</arg>
<arg>RW</arg>
<arg>SA</arg>
<arg>SB</arg>
<arg>SC</arg>
<arg>SD</arg>
<arg>SE</arg>
<arg>SG</arg>
<arg>SH</arg>
<arg>SI</arg>
<arg>SJ</arg>
<arg>SK</arg>
<arg>SL</arg>
<arg>SM</arg>
<arg>SN</arg>
<arg>SO</arg>
<arg>SR</arg>
<arg>SS</arg>
<arg>ST</arg>
<arg>SV</arg>
<arg>SX</arg>
<arg>SY</arg>
<arg>SZ</arg>
<arg>TC</arg>
<arg>TD</arg>
<arg>TF</arg>
<arg>TG</arg>
<arg>TH</arg>
<arg>TJ</arg>
<arg>TK</arg>
<arg>TL</arg>
<arg>TM</arg>
<arg>TN</arg>
<arg>TO</arg>
<arg>TR</arg>
<arg>TT</arg>
<arg>TV</arg>
<arg>TW</arg>
<arg>TZ</arg>
<arg>UA</arg>
<arg>UG</arg>
<arg>UM</arg>
<arg>US</arg>
<arg>UY</arg>
<arg>UZ</arg>
<arg>VA</arg>
<arg>VC</arg>
<arg>VE</arg>
<arg>VG</arg>
<arg>VI</arg>
<arg>VN</arg>
<arg>VU</arg>
<arg>WF</arg>
<arg>WS</arg>
<arg>XK</arg>
<arg>YE</arg>
<arg>YT</arg>
<arg>ZA</arg>
<arg>ZM</arg>
<arg>ZW</arg>
<doc>Returns a list containing given items.</doc>
<status status="PASS" start="2024-07-15T15:17:43.802739" elapsed="0.000630"/>
</kw>
<kw name="List Should Contain Value" owner="Collections">
<arg>${list_country}</arg>
<arg>${name_country}</arg>
<doc>Fails if the ``value`` is not found from ``list``.</doc>
<status status="PASS" start="2024-07-15T15:17:43.804171" elapsed="0.000206"/>
</kw>
<kw name="Run Keyword If" owner="BuiltIn">
<kw name="Should Be True" owner="BuiltIn">
<arg>${True}</arg>
<doc>Fails if the given condition is not true.</doc>
<status status="PASS" start="2024-07-15T15:17:43.805363" elapsed="0.000154"/>
</kw>
<arg>${json_data["results"][0]["location"]["coordinates"]["latitude"]} &gt;= -90 and ${json_data["results"][0]["location"]["coordinates"]["latitude"]} &lt;= 90</arg>
<arg>Should Be True</arg>
<arg>${True}</arg>
<doc>Runs the given keyword with the given arguments, if ``condition`` is true.</doc>
<status status="PASS" start="2024-07-15T15:17:43.804579" elapsed="0.001067"/>
</kw>
<kw name="Run Keyword If" owner="BuiltIn">
<kw name="Should Be True" owner="BuiltIn">
<arg>${True}</arg>
<doc>Fails if the given condition is not true.</doc>
<status status="PASS" start="2024-07-15T15:17:43.806540" elapsed="0.000139"/>
</kw>
<arg>${json_data["results"][0]["location"]["coordinates"]["longitude"]} &gt;= -180 and ${json_data["results"][0]["location"]["coordinates"]["longitude"]} &lt;= 180</arg>
<arg>Should Be True</arg>
<arg>${True}</arg>
<doc>Runs the given keyword with the given arguments, if ``condition`` is true.</doc>
<status status="PASS" start="2024-07-15T15:17:43.805831" elapsed="0.000982"/>
</kw>
<status status="PASS" start="2024-07-15T15:17:43.727372" elapsed="0.079578"/>
</kw>
<doc>Testa o conteúdo específico dos campos retornados pela API.</doc>
<tag>testeConteudo</tag>
<status status="PASS" start="2024-07-15T15:17:43.726663" elapsed="0.080443"/>
</test>
<status status="PASS" start="2024-07-15T15:17:42.868370" elapsed="0.940778"/>
</suite>
<status status="PASS" start="2024-07-15T15:17:42.853746" elapsed="0.960662"/>
</suite>
<statistics>
<total>
<stat pass="5" fail="0" skip="0">All Tests</stat>
</total>
<tag>
<stat pass="1" fail="0" skip="0">testeConteudo</stat>
<stat pass="1" fail="0" skip="0">testeEstruturaResposta</stat>
<stat pass="1" fail="0" skip="0">testeRequisicaoBasica</stat>
<stat pass="1" fail="0" skip="0">testeTiposDados</stat>
</tag>
<suite>
<stat pass="5" fail="0" skip="0" id="s1" name="Tests">Tests</stat>
<stat pass="5" fail="0" skip="0" id="s1-s1" name="Random-User-Test">Tests.Random-User-Test</stat>
</suite>
</statistics>
<errors>
</errors>
</robot>
