<?xml version="1.0" encoding="UTF-8"?>
<robot generator="Robot 7.0.1 (Python 3.12.4 on linux)" generated="2024-07-16T08:19:52.708846" rpa="false" schemaversion="5">
<suite id="s1" name="Tests" source="/home/runner/work/ApiRandomUser/ApiRandomUser/RamdonUser/tests">
<suite id="s1-s1" name="Random-User-Test" source="/home/runner/work/ApiRandomUser/ApiRandomUser/RamdonUser/tests/random-user-test.robot">
<test id="s1-s1-t1" name="Conectar" line="13">
<kw name="Conectar API" owner="random-user-service">
<kw name="Create Session" owner="RequestsLibrary">
<msg time="2024-07-16T08:19:53.123237" level="INFO">Creating Session using : alias=consultarAPI, url=https://randomuser.me/, headers={},                     cookies={}, auth=None, timeout=None, proxies=None, verify=False,                     debug=0 </msg>
<arg>consultarAPI</arg>
<arg>${URL}</arg>
<doc>Create Session: create a HTTP session to a server</doc>
<status status="PASS" start="2024-07-16T08:19:53.123026" elapsed="0.000411"/>
</kw>
<status status="PASS" start="2024-07-16T08:19:53.122021" elapsed="0.001786"/>
</kw>
<status status="PASS" start="2024-07-16T08:19:53.121370" elapsed="0.002666"/>
</test>
<test id="s1-s1-t2" name="Validar retorno 200 e JSON Válido" line="16">
<kw name="Teste de Requisicao Basica" owner="random-user-service">
<kw name="GET On Session" owner="RequestsLibrary">
<msg time="2024-07-16T08:19:53.229718" level="INFO">GET Request : url=https://randomuser.me/api 
 path_url=/api 
 headers={'User-Agent': 'python-requests/2.32.3', 'Accept-Encoding': 'gzip, deflate', 'Accept': '*/*', 'Connection': 'keep-alive'} 
 body=None 
 </msg>
<msg time="2024-07-16T08:19:53.229873" level="INFO">GET Response : url=https://randomuser.me/api 
 status=200, reason=OK 
 headers={'Date': 'Tue, 16 Jul 2024 08:19:53 GMT', 'Content-Type': 'application/json; charset=utf-8', 'Transfer-Encoding': 'chunked', 'Connection': 'keep-alive', 'X-Powered-By': 'Express', 'Access-Control-Allow-Origin': '*', 'Cache-Control': 'no-cache', 'ETag': 'W/"476-jQBoaJ2Bk9MF3n8cJCO+pEQEyXs"', 'Vary': 'Accept-Encoding', 'Content-Encoding': 'gzip', 'CF-Cache-Status': 'DYNAMIC', 'Report-To': '{"endpoints":[{"url":"https:\\/\\/a.nel.cloudflare.com\\/report\\/v4?s=tk8Z7FEgbWZIJ9YzJm%2F8YDgEhoC9w0BBj5fFkTaqAWh6hg1SCDizm93HBhRV99y2yiSKisJaY1sm1W09w4ImSrdc%2FXaizYDv0W4e5hEGWUi3RaBr35WPXKo%2BcybhQHnY"}],"group":"cf-nel","max_age":604800}', 'NEL': '{"success_fraction":0,"report_to":"cf-nel","max_age":604800}', 'Server': 'cloudflare', 'CF-RAY': '8a4091e1489507bc-IAD', 'alt-svc': 'h3=":443"; ma=86400'} 
 body={"results":[{"gender":"female","name":{"title":"Ms","first":"Selma","last":"Christensen"},"location":{"street":{"number":6019,"name":"Østerbrogade"},"city":"Billum","state":"Midtjylland","country":"Denmark","postcode":54752,"coordinates":{"latitude":"-41.2817","longitude":"9.7159"},"timezone":{"offset":"+3:30","description":"Tehran"}},"email":"selma.christensen@example.com","login":{"uuid":"d1b99f25-795e-44a6-9b00-caf8544dbf18","username":"angryrabbit674","password":"3030","salt":"Mw5rNA1R","md5":"49e90ff2f145d330fc17b79e43765a0d","sha1":"1fb61770eab04d77f91ca6be42e58b29293409c2","sha256":"864d287f60719a2d9203670e43c885c80fe487c2a7f6bc1a24c129026ad85038"},"dob":{"date":"1998-07-06T02:35:46.389Z","age":26},"registered":{"date":"2013-03-27T12:29:17.846Z","age":11},"phone":"22869153","cell":"83615676","id":{"name":"CPR","value":"050798-8764"},"picture":{"large":"https://randomuser.me/api/portraits/women/33.jpg","medium":"https://randomuser.me/api/portraits/med/women/33.jpg","thumbnail":"https://randomuser.me/api/portraits/thumb/women/33.jpg"},"nat":"DK"}],"info":{"seed":"089ec1ec9095828c","results":1,"page":1,"version":"1.4"}} 
 </msg>
<msg time="2024-07-16T08:19:53.229963" level="INFO">/opt/hostedtoolcache/Python/3.12.4/x64/lib/python3.12/site-packages/urllib3/connectionpool.py:1099: InsecureRequestWarning: Unverified HTTPS request is being made to host 'randomuser.me'. Adding certificate verification is strongly advised. See: https://urllib3.readthedocs.io/en/latest/advanced-usage.html#tls-warnings
  warnings.warn(</msg>
<msg time="2024-07-16T08:19:53.230119" level="INFO">${response} = &lt;Response [200]&gt;</msg>
<var>${response}</var>
<arg>consultarAPI</arg>
<arg>/api</arg>
<doc>Sends a GET request on a previously created HTTP Session.</doc>
<status status="PASS" start="2024-07-16T08:19:53.126720" elapsed="0.103448"/>
</kw>
<kw name="Should Be Equal As Numbers" owner="BuiltIn">
<msg time="2024-07-16T08:19:53.231344" level="INFO">Argument types are:
&lt;class 'int'&gt;
&lt;class 'str'&gt;</msg>
<arg>${response.status_code}</arg>
<arg>200</arg>
<doc>Fails if objects are unequal after converting them to real numbers.</doc>
<status status="PASS" start="2024-07-16T08:19:53.230833" elapsed="0.000576"/>
</kw>
<kw name="Log" owner="BuiltIn">
<msg time="2024-07-16T08:19:53.232127" level="INFO">200</msg>
<arg>${response.status_code}</arg>
<doc>Logs the given message with the given level.</doc>
<status status="PASS" start="2024-07-16T08:19:53.231733" elapsed="0.000436"/>
</kw>
<kw name="Set Variable" owner="BuiltIn">
<msg time="2024-07-16T08:19:53.232917" level="INFO">${json_data} = {'results': [{'gender': 'female', 'name': {'title': 'Ms', 'first': 'Selma', 'last': 'Christensen'}, 'location': {'street': {'number': 6019, 'name': 'Østerbrogade'}, 'city': 'Billum', 'state': 'Midtjyl...</msg>
<var>${json_data}</var>
<arg>${response.json()}</arg>
<doc>Returns the given values which can then be assigned to a variables.</doc>
<status status="PASS" start="2024-07-16T08:19:53.232475" elapsed="0.000471"/>
</kw>
<kw name="Dictionary Should Contain Key" owner="Collections">
<arg>${json_data}</arg>
<arg>results</arg>
<doc>Fails if ``key`` is not found from ``dictionary``.</doc>
<status status="PASS" start="2024-07-16T08:19:53.233247" elapsed="0.000172"/>
</kw>
<status status="PASS" start="2024-07-16T08:19:53.126463" elapsed="0.107106"/>
</kw>
<doc>Testa se a API responde corretamente e retorna um objeto JSON válido.</doc>
<tag>testeRequisicaoBasica</tag>
<status status="PASS" start="2024-07-16T08:19:53.125924" elapsed="0.107826"/>
</test>
<test id="s1-s1-t3" name="Validar estrutura de resposta" line="22">
<kw name="Teste de Estrutura de Resposta" owner="random-user-service">
<kw name="GET On Session" owner="RequestsLibrary">
<msg time="2024-07-16T08:19:53.295927" level="INFO">GET Request : url=https://randomuser.me/api 
 path_url=/api 
 headers={'User-Agent': 'python-requests/2.32.3', 'Accept-Encoding': 'gzip, deflate', 'Accept': '*/*', 'Connection': 'keep-alive'} 
 body=None 
 </msg>
<msg time="2024-07-16T08:19:53.296036" level="INFO">GET Response : url=https://randomuser.me/api 
 status=200, reason=OK 
 headers={'Date': 'Tue, 16 Jul 2024 08:19:53 GMT', 'Content-Type': 'application/json; charset=utf-8', 'Transfer-Encoding': 'chunked', 'Connection': 'keep-alive', 'X-Powered-By': 'Express', 'Access-Control-Allow-Origin': '*', 'Cache-Control': 'no-cache', 'ETag': 'W/"488-bJ0jNIkSENGyhsW0xh20IgZT27M"', 'Vary': 'Accept-Encoding', 'Content-Encoding': 'gzip', 'CF-Cache-Status': 'DYNAMIC', 'Report-To': '{"endpoints":[{"url":"https:\\/\\/a.nel.cloudflare.com\\/report\\/v4?s=plses45TotgaTvoM41np6P20WsXGOfiu377KlHtk1dAs%2F8%2B%2Fb1Vh2Ck46ST%2BxZrlTcw5JRzsuPeRq7L17pqNKj%2Fw1rhECawabLEPEpdwp188Mw%2BK2Ak%2BrX0ySPjrLcK9"}],"group":"cf-nel","max_age":604800}', 'NEL': '{"success_fraction":0,"report_to":"cf-nel","max_age":604800}', 'Server': 'cloudflare', 'CF-RAY': '8a4091e1c90207bc-IAD', 'alt-svc': 'h3=":443"; ma=86400'} 
 body={"results":[{"gender":"male","name":{"title":"Mr","first":"Aiden","last":"Long"},"location":{"street":{"number":3396,"name":"Park Road"},"city":"Roscommon","state":"Galway City","country":"Ireland","postcode":64377,"coordinates":{"latitude":"2.8021","longitude":"-154.8427"},"timezone":{"offset":"+10:00","description":"Eastern Australia, Guam, Vladivostok"}},"email":"aiden.long@example.com","login":{"uuid":"08f5ac59-e002-4c27-93fb-1524765a893f","username":"yellowpeacock168","password":"chris1","salt":"4dbjYiDg","md5":"a0b1cb7d722c230ec27d6daca6a185b8","sha1":"8af3e4d2c2b2097c829802d5af9463695bcecd41","sha256":"53f15e88febd96928d46bcb8d057aeed010a602f7ee8c17fbe3bc7904404753f"},"dob":{"date":"1965-01-25T08:40:05.547Z","age":59},"registered":{"date":"2005-12-31T15:34:08.052Z","age":18},"phone":"041-436-5529","cell":"081-661-4398","id":{"name":"PPS","value":"8151047T"},"picture":{"large":"https://randomuser.me/api/portraits/men/25.jpg","medium":"https://randomuser.me/api/portraits/med/men/25.jpg","thumbnail":"https://randomuser.me/api/portraits/thumb/men/25.jpg"},"nat":"IE"}],"info":{"seed":"96c140aabdf151bf","results":1,"page":1,"version":"1.4"}} 
 </msg>
<msg time="2024-07-16T08:19:53.296177" level="INFO">/opt/hostedtoolcache/Python/3.12.4/x64/lib/python3.12/site-packages/urllib3/connectionpool.py:1099: InsecureRequestWarning: Unverified HTTPS request is being made to host 'randomuser.me'. Adding certificate verification is strongly advised. See: https://urllib3.readthedocs.io/en/latest/advanced-usage.html#tls-warnings
  warnings.warn(</msg>
<msg time="2024-07-16T08:19:53.296305" level="INFO">${response} = &lt;Response [200]&gt;</msg>
<var>${response}</var>
<arg>consultarAPI</arg>
<arg>/api</arg>
<doc>Sends a GET request on a previously created HTTP Session.</doc>
<status status="PASS" start="2024-07-16T08:19:53.236508" elapsed="0.059834"/>
</kw>
<kw name="Set Variable" owner="BuiltIn">
<msg time="2024-07-16T08:19:53.297450" level="INFO">${json_data} = {'results': [{'gender': 'male', 'name': {'title': 'Mr', 'first': 'Aiden', 'last': 'Long'}, 'location': {'street': {'number': 3396, 'name': 'Park Road'}, 'city': 'Roscommon', 'state': 'Galway City', 'c...</msg>
<var>${json_data}</var>
<arg>${response.json()}</arg>
<doc>Returns the given values which can then be assigned to a variables.</doc>
<status status="PASS" start="2024-07-16T08:19:53.296889" elapsed="0.000591"/>
</kw>
<kw name="Log" owner="BuiltIn">
<msg time="2024-07-16T08:19:53.297972" level="INFO">{'results': [{'gender': 'male', 'name': {'title': 'Mr', 'first': 'Aiden', 'last': 'Long'}, 'location': {'street': {'number': 3396, 'name': 'Park Road'}, 'city': 'Roscommon', 'state': 'Galway City', 'country': 'Ireland', 'postcode': 64377, 'coordinates': {'latitude': '2.8021', 'longitude': '-154.8427'}, 'timezone': {'offset': '+10:00', 'description': 'Eastern Australia, Guam, Vladivostok'}}, 'email': 'aiden.long@example.com', 'login': {'uuid': '08f5ac59-e002-4c27-93fb-1524765a893f', 'username': 'yellowpeacock168', 'password': 'chris1', 'salt': '4dbjYiDg', 'md5': 'a0b1cb7d722c230ec27d6daca6a185b8', 'sha1': '8af3e4d2c2b2097c829802d5af9463695bcecd41', 'sha256': '53f15e88febd96928d46bcb8d057aeed010a602f7ee8c17fbe3bc7904404753f'}, 'dob': {'date': '1965-01-25T08:40:05.547Z', 'age': 59}, 'registered': {'date': '2005-12-31T15:34:08.052Z', 'age': 18}, 'phone': '041-436-5529', 'cell': '081-661-4398', 'id': {'name': 'PPS', 'value': '8151047T'}, 'picture': {'large': 'https://randomuser.me/api/portraits/men/25.jpg', 'medium': 'https://randomuser.me/api/portraits/med/men/25.jpg', 'thumbnail': 'https://randomuser.me/api/portraits/thumb/men/25.jpg'}, 'nat': 'IE'}], 'info': {'seed': '96c140aabdf151bf', 'results': 1, 'page': 1, 'version': '1.4'}}</msg>
<arg>${json_data}</arg>
<doc>Logs the given message with the given level.</doc>
<status status="PASS" start="2024-07-16T08:19:53.297806" elapsed="0.000218"/>
</kw>
<kw name="Dictionary Should Contain Key" owner="Collections">
<arg>${json_data}</arg>
<arg>results</arg>
<doc>Fails if ``key`` is not found from ``dictionary``.</doc>
<status status="PASS" start="2024-07-16T08:19:53.298324" elapsed="0.000171"/>
</kw>
<kw name="Should Not Be Empty" owner="BuiltIn">
<msg time="2024-07-16T08:19:53.298820" level="INFO">Length is 2.</msg>
<arg>${json_data}</arg>
<doc>Verifies that the given item is not empty.</doc>
<status status="PASS" start="2024-07-16T08:19:53.298683" elapsed="0.000179"/>
</kw>
<kw name="Create List" owner="BuiltIn">
<msg time="2024-07-16T08:19:53.299479" level="INFO">${expected_keys} = ['gender', 'name', 'location', 'email', 'login']</msg>
<var>${expected_keys}</var>
<arg>gender</arg>
<arg>name</arg>
<arg>location</arg>
<arg>email</arg>
<arg>login</arg>
<doc>Returns a list containing given items.</doc>
<status status="PASS" start="2024-07-16T08:19:53.299159" elapsed="0.000347"/>
</kw>
<for flavor="IN">
<iter>
<kw name="Dictionary Should Contain Key" owner="Collections">
<arg>${json_data['results'][0]}</arg>
<arg>${key}</arg>
<doc>Fails if ``key`` is not found from ``dictionary``.</doc>
<status status="PASS" start="2024-07-16T08:19:53.300159" elapsed="0.000426"/>
</kw>
<kw name="Log" owner="BuiltIn">
<msg time="2024-07-16T08:19:53.301136" level="INFO">{'gender': 'male', 'name': {'title': 'Mr', 'first': 'Aiden', 'last': 'Long'}, 'location': {'street': {'number': 3396, 'name': 'Park Road'}, 'city': 'Roscommon', 'state': 'Galway City', 'country': 'Ireland', 'postcode': 64377, 'coordinates': {'latitude': '2.8021', 'longitude': '-154.8427'}, 'timezone': {'offset': '+10:00', 'description': 'Eastern Australia, Guam, Vladivostok'}}, 'email': 'aiden.long@example.com', 'login': {'uuid': '08f5ac59-e002-4c27-93fb-1524765a893f', 'username': 'yellowpeacock168', 'password': 'chris1', 'salt': '4dbjYiDg', 'md5': 'a0b1cb7d722c230ec27d6daca6a185b8', 'sha1': '8af3e4d2c2b2097c829802d5af9463695bcecd41', 'sha256': '53f15e88febd96928d46bcb8d057aeed010a602f7ee8c17fbe3bc7904404753f'}, 'dob': {'date': '1965-01-25T08:40:05.547Z', 'age': 59}, 'registered': {'date': '2005-12-31T15:34:08.052Z', 'age': 18}, 'phone': '041-436-5529', 'cell': '081-661-4398', 'id': {'name': 'PPS', 'value': '8151047T'}, 'picture': {'large': 'https://randomuser.me/api/portraits/men/25.jpg', 'medium': 'https://randomuser.me/api/portraits/med/men/25.jpg', 'thumbnail': 'https://randomuser.me/api/portraits/thumb/men/25.jpg'}, 'nat': 'IE'}</msg>
<arg>${json_data['results'][0]}</arg>
<doc>Logs the given message with the given level.</doc>
<status status="PASS" start="2024-07-16T08:19:53.300777" elapsed="0.000410"/>
</kw>
<kw name="Log" owner="BuiltIn">
<msg time="2024-07-16T08:19:53.301622" level="INFO">gender</msg>
<arg>${key}</arg>
<doc>Logs the given message with the given level.</doc>
<status status="PASS" start="2024-07-16T08:19:53.301492" elapsed="0.000169"/>
</kw>
<var name="${key}">gender</var>
<status status="PASS" start="2024-07-16T08:19:53.300024" elapsed="0.001858"/>
</iter>
<iter>
<kw name="Dictionary Should Contain Key" owner="Collections">
<arg>${json_data['results'][0]}</arg>
<arg>${key}</arg>
<doc>Fails if ``key`` is not found from ``dictionary``.</doc>
<status status="PASS" start="2024-07-16T08:19:53.302188" elapsed="0.000399"/>
</kw>
<kw name="Log" owner="BuiltIn">
<msg time="2024-07-16T08:19:53.303146" level="INFO">{'gender': 'male', 'name': {'title': 'Mr', 'first': 'Aiden', 'last': 'Long'}, 'location': {'street': {'number': 3396, 'name': 'Park Road'}, 'city': 'Roscommon', 'state': 'Galway City', 'country': 'Ireland', 'postcode': 64377, 'coordinates': {'latitude': '2.8021', 'longitude': '-154.8427'}, 'timezone': {'offset': '+10:00', 'description': 'Eastern Australia, Guam, Vladivostok'}}, 'email': 'aiden.long@example.com', 'login': {'uuid': '08f5ac59-e002-4c27-93fb-1524765a893f', 'username': 'yellowpeacock168', 'password': 'chris1', 'salt': '4dbjYiDg', 'md5': 'a0b1cb7d722c230ec27d6daca6a185b8', 'sha1': '8af3e4d2c2b2097c829802d5af9463695bcecd41', 'sha256': '53f15e88febd96928d46bcb8d057aeed010a602f7ee8c17fbe3bc7904404753f'}, 'dob': {'date': '1965-01-25T08:40:05.547Z', 'age': 59}, 'registered': {'date': '2005-12-31T15:34:08.052Z', 'age': 18}, 'phone': '041-436-5529', 'cell': '081-661-4398', 'id': {'name': 'PPS', 'value': '8151047T'}, 'picture': {'large': 'https://randomuser.me/api/portraits/men/25.jpg', 'medium': 'https://randomuser.me/api/portraits/med/men/25.jpg', 'thumbnail': 'https://randomuser.me/api/portraits/thumb/men/25.jpg'}, 'nat': 'IE'}</msg>
<arg>${json_data['results'][0]}</arg>
<doc>Logs the given message with the given level.</doc>
<status status="PASS" start="2024-07-16T08:19:53.302774" elapsed="0.000459"/>
</kw>
<kw name="Log" owner="BuiltIn">
<msg time="2024-07-16T08:19:53.303665" level="INFO">name</msg>
<arg>${key}</arg>
<doc>Logs the given message with the given level.</doc>
<status status="PASS" start="2024-07-16T08:19:53.303536" elapsed="0.000168"/>
</kw>
<var name="${key}">name</var>
<status status="PASS" start="2024-07-16T08:19:53.302071" elapsed="0.001879"/>
</iter>
<iter>
<kw name="Dictionary Should Contain Key" owner="Collections">
<arg>${json_data['results'][0]}</arg>
<arg>${key}</arg>
<doc>Fails if ``key`` is not found from ``dictionary``.</doc>
<status status="PASS" start="2024-07-16T08:19:53.304250" elapsed="0.000386"/>
</kw>
<kw name="Log" owner="BuiltIn">
<msg time="2024-07-16T08:19:53.305173" level="INFO">{'gender': 'male', 'name': {'title': 'Mr', 'first': 'Aiden', 'last': 'Long'}, 'location': {'street': {'number': 3396, 'name': 'Park Road'}, 'city': 'Roscommon', 'state': 'Galway City', 'country': 'Ireland', 'postcode': 64377, 'coordinates': {'latitude': '2.8021', 'longitude': '-154.8427'}, 'timezone': {'offset': '+10:00', 'description': 'Eastern Australia, Guam, Vladivostok'}}, 'email': 'aiden.long@example.com', 'login': {'uuid': '08f5ac59-e002-4c27-93fb-1524765a893f', 'username': 'yellowpeacock168', 'password': 'chris1', 'salt': '4dbjYiDg', 'md5': 'a0b1cb7d722c230ec27d6daca6a185b8', 'sha1': '8af3e4d2c2b2097c829802d5af9463695bcecd41', 'sha256': '53f15e88febd96928d46bcb8d057aeed010a602f7ee8c17fbe3bc7904404753f'}, 'dob': {'date': '1965-01-25T08:40:05.547Z', 'age': 59}, 'registered': {'date': '2005-12-31T15:34:08.052Z', 'age': 18}, 'phone': '041-436-5529', 'cell': '081-661-4398', 'id': {'name': 'PPS', 'value': '8151047T'}, 'picture': {'large': 'https://randomuser.me/api/portraits/men/25.jpg', 'medium': 'https://randomuser.me/api/portraits/med/men/25.jpg', 'thumbnail': 'https://randomuser.me/api/portraits/thumb/men/25.jpg'}, 'nat': 'IE'}</msg>
<arg>${json_data['results'][0]}</arg>
<doc>Logs the given message with the given level.</doc>
<status status="PASS" start="2024-07-16T08:19:53.304822" elapsed="0.000401"/>
</kw>
<kw name="Log" owner="BuiltIn">
<msg time="2024-07-16T08:19:53.305653" level="INFO">location</msg>
<arg>${key}</arg>
<doc>Logs the given message with the given level.</doc>
<status status="PASS" start="2024-07-16T08:19:53.305525" elapsed="0.000167"/>
</kw>
<var name="${key}">location</var>
<status status="PASS" start="2024-07-16T08:19:53.304139" elapsed="0.001769"/>
</iter>
<iter>
<kw name="Dictionary Should Contain Key" owner="Collections">
<arg>${json_data['results'][0]}</arg>
<arg>${key}</arg>
<doc>Fails if ``key`` is not found from ``dictionary``.</doc>
<status status="PASS" start="2024-07-16T08:19:53.306189" elapsed="0.000388"/>
</kw>
<kw name="Log" owner="BuiltIn">
<msg time="2024-07-16T08:19:53.307117" level="INFO">{'gender': 'male', 'name': {'title': 'Mr', 'first': 'Aiden', 'last': 'Long'}, 'location': {'street': {'number': 3396, 'name': 'Park Road'}, 'city': 'Roscommon', 'state': 'Galway City', 'country': 'Ireland', 'postcode': 64377, 'coordinates': {'latitude': '2.8021', 'longitude': '-154.8427'}, 'timezone': {'offset': '+10:00', 'description': 'Eastern Australia, Guam, Vladivostok'}}, 'email': 'aiden.long@example.com', 'login': {'uuid': '08f5ac59-e002-4c27-93fb-1524765a893f', 'username': 'yellowpeacock168', 'password': 'chris1', 'salt': '4dbjYiDg', 'md5': 'a0b1cb7d722c230ec27d6daca6a185b8', 'sha1': '8af3e4d2c2b2097c829802d5af9463695bcecd41', 'sha256': '53f15e88febd96928d46bcb8d057aeed010a602f7ee8c17fbe3bc7904404753f'}, 'dob': {'date': '1965-01-25T08:40:05.547Z', 'age': 59}, 'registered': {'date': '2005-12-31T15:34:08.052Z', 'age': 18}, 'phone': '041-436-5529', 'cell': '081-661-4398', 'id': {'name': 'PPS', 'value': '8151047T'}, 'picture': {'large': 'https://randomuser.me/api/portraits/men/25.jpg', 'medium': 'https://randomuser.me/api/portraits/med/men/25.jpg', 'thumbnail': 'https://randomuser.me/api/portraits/thumb/men/25.jpg'}, 'nat': 'IE'}</msg>
<arg>${json_data['results'][0]}</arg>
<doc>Logs the given message with the given level.</doc>
<status status="PASS" start="2024-07-16T08:19:53.306761" elapsed="0.000406"/>
</kw>
<kw name="Log" owner="BuiltIn">
<msg time="2024-07-16T08:19:53.307602" level="INFO">email</msg>
<arg>${key}</arg>
<doc>Logs the given message with the given level.</doc>
<status status="PASS" start="2024-07-16T08:19:53.307468" elapsed="0.000173"/>
</kw>
<var name="${key}">email</var>
<status status="PASS" start="2024-07-16T08:19:53.306081" elapsed="0.001773"/>
</iter>
<iter>
<kw name="Dictionary Should Contain Key" owner="Collections">
<arg>${json_data['results'][0]}</arg>
<arg>${key}</arg>
<doc>Fails if ``key`` is not found from ``dictionary``.</doc>
<status status="PASS" start="2024-07-16T08:19:53.308162" elapsed="0.000392"/>
</kw>
<kw name="Log" owner="BuiltIn">
<msg time="2024-07-16T08:19:53.309079" level="INFO">{'gender': 'male', 'name': {'title': 'Mr', 'first': 'Aiden', 'last': 'Long'}, 'location': {'street': {'number': 3396, 'name': 'Park Road'}, 'city': 'Roscommon', 'state': 'Galway City', 'country': 'Ireland', 'postcode': 64377, 'coordinates': {'latitude': '2.8021', 'longitude': '-154.8427'}, 'timezone': {'offset': '+10:00', 'description': 'Eastern Australia, Guam, Vladivostok'}}, 'email': 'aiden.long@example.com', 'login': {'uuid': '08f5ac59-e002-4c27-93fb-1524765a893f', 'username': 'yellowpeacock168', 'password': 'chris1', 'salt': '4dbjYiDg', 'md5': 'a0b1cb7d722c230ec27d6daca6a185b8', 'sha1': '8af3e4d2c2b2097c829802d5af9463695bcecd41', 'sha256': '53f15e88febd96928d46bcb8d057aeed010a602f7ee8c17fbe3bc7904404753f'}, 'dob': {'date': '1965-01-25T08:40:05.547Z', 'age': 59}, 'registered': {'date': '2005-12-31T15:34:08.052Z', 'age': 18}, 'phone': '041-436-5529', 'cell': '081-661-4398', 'id': {'name': 'PPS', 'value': '8151047T'}, 'picture': {'large': 'https://randomuser.me/api/portraits/men/25.jpg', 'medium': 'https://randomuser.me/api/portraits/med/men/25.jpg', 'thumbnail': 'https://randomuser.me/api/portraits/thumb/men/25.jpg'}, 'nat': 'IE'}</msg>
<arg>${json_data['results'][0]}</arg>
<doc>Logs the given message with the given level.</doc>
<status status="PASS" start="2024-07-16T08:19:53.308735" elapsed="0.000394"/>
</kw>
<kw name="Log" owner="BuiltIn">
<msg time="2024-07-16T08:19:53.309547" level="INFO">login</msg>
<arg>${key}</arg>
<doc>Logs the given message with the given level.</doc>
<status status="PASS" start="2024-07-16T08:19:53.309420" elapsed="0.000165"/>
</kw>
<var name="${key}">login</var>
<status status="PASS" start="2024-07-16T08:19:53.308048" elapsed="0.001760"/>
</iter>
<var>${key}</var>
<value>@{expected_keys}</value>
<status status="PASS" start="2024-07-16T08:19:53.299783" elapsed="0.010149"/>
</for>
<kw name="Create List" owner="BuiltIn">
<msg time="2024-07-16T08:19:53.310282" level="INFO">${expected_keysTwo} = ['username', 'password']</msg>
<var>${expected_keysTwo}</var>
<arg>username</arg>
<arg>password</arg>
<doc>Returns a list containing given items.</doc>
<status status="PASS" start="2024-07-16T08:19:53.310135" elapsed="0.000171"/>
</kw>
<for flavor="IN">
<iter>
<kw name="Dictionary Should Contain Key" owner="Collections">
<arg>${json_data['results'][0]['login']}</arg>
<arg>${keyTwo}</arg>
<doc>Fails if ``key`` is not found from ``dictionary``.</doc>
<status status="PASS" start="2024-07-16T08:19:53.310853" elapsed="0.000389"/>
</kw>
<kw name="Dictionary Should Contain Key" owner="Collections">
<arg>${json_data['results'][0]['login']}</arg>
<arg>${keyTwo}</arg>
<doc>Fails if ``key`` is not found from ``dictionary``.</doc>
<status status="PASS" start="2024-07-16T08:19:53.311425" elapsed="0.000380"/>
</kw>
<kw name="Log" owner="BuiltIn">
<msg time="2024-07-16T08:19:53.312144" level="INFO">username</msg>
<arg>${keyTwo}</arg>
<doc>Logs the given message with the given level.</doc>
<status status="PASS" start="2024-07-16T08:19:53.312022" elapsed="0.000161"/>
</kw>
<var name="${keyTwo}">username</var>
<status status="PASS" start="2024-07-16T08:19:53.310745" elapsed="0.001658"/>
</iter>
<iter>
<kw name="Dictionary Should Contain Key" owner="Collections">
<arg>${json_data['results'][0]['login']}</arg>
<arg>${keyTwo}</arg>
<doc>Fails if ``key`` is not found from ``dictionary``.</doc>
<status status="PASS" start="2024-07-16T08:19:53.312684" elapsed="0.000392"/>
</kw>
<kw name="Dictionary Should Contain Key" owner="Collections">
<arg>${json_data['results'][0]['login']}</arg>
<arg>${keyTwo}</arg>
<doc>Fails if ``key`` is not found from ``dictionary``.</doc>
<status status="PASS" start="2024-07-16T08:19:53.313257" elapsed="0.000368"/>
</kw>
<kw name="Log" owner="BuiltIn">
<msg time="2024-07-16T08:19:53.313922" level="INFO">password</msg>
<arg>${keyTwo}</arg>
<doc>Logs the given message with the given level.</doc>
<status status="PASS" start="2024-07-16T08:19:53.313803" elapsed="0.000161"/>
</kw>
<var name="${keyTwo}">password</var>
<status status="PASS" start="2024-07-16T08:19:53.312578" elapsed="0.001711"/>
</iter>
<var>${keyTwo}</var>
<value>@{expected_keysTwo}</value>
<status status="PASS" start="2024-07-16T08:19:53.310581" elapsed="0.003832"/>
</for>
<status status="PASS" start="2024-07-16T08:19:53.236270" elapsed="0.078289"/>
</kw>
<doc>Testa a estrutura da resposta da API.</doc>
<tag>testeEstruturaResposta</tag>
<status status="PASS" start="2024-07-16T08:19:53.235632" elapsed="0.079088"/>
</test>
<test id="s1-s1-t4" name="Validar tipos de dados" line="28">
<kw name="Teste de Tipos de Dados" owner="random-user-service">
<kw name="GET On Session" owner="RequestsLibrary">
<msg time="2024-07-16T08:19:53.399318" level="INFO">GET Request : url=https://randomuser.me/api 
 path_url=/api 
 headers={'User-Agent': 'python-requests/2.32.3', 'Accept-Encoding': 'gzip, deflate', 'Accept': '*/*', 'Connection': 'keep-alive'} 
 body=None 
 </msg>
<msg time="2024-07-16T08:19:53.399417" level="INFO">GET Response : url=https://randomuser.me/api 
 status=200, reason=OK 
 headers={'Date': 'Tue, 16 Jul 2024 08:19:53 GMT', 'Content-Type': 'application/json; charset=utf-8', 'Transfer-Encoding': 'chunked', 'Connection': 'keep-alive', 'X-Powered-By': 'Express', 'Access-Control-Allow-Origin': '*', 'Cache-Control': 'no-cache', 'ETag': 'W/"487-Oc40MwRPHsDwkx9EF5+0FjvwSJk"', 'Vary': 'Accept-Encoding', 'Content-Encoding': 'gzip', 'CF-Cache-Status': 'DYNAMIC', 'Report-To': '{"endpoints":[{"url":"https:\\/\\/a.nel.cloudflare.com\\/report\\/v4?s=iDGjJ7UXYRxhptg5EjwxLfqV210%2BjByP8kthMl1Ux4VoGM1NMZTLo4GUhXo3jHkUYaI3Suv4gImfEJVzIbxUlMn%2BueO9fy6eUcFEPg1elDqRjsX%2FPgLdOAa4aKncBKpm"}],"group":"cf-nel","max_age":604800}', 'NEL': '{"success_fraction":0,"report_to":"cf-nel","max_age":604800}', 'Server': 'cloudflare', 'CF-RAY': '8a4091e2496207bc-IAD', 'alt-svc': 'h3=":443"; ma=86400'} 
 body={"results":[{"gender":"male","name":{"title":"Mr","first":"William","last":"Walker"},"location":{"street":{"number":5187,"name":"Nelson Street"},"city":"Rotorua","state":"Manawatu-Wanganui","country":"New Zealand","postcode":81301,"coordinates":{"latitude":"54.6837","longitude":"-148.7812"},"timezone":{"offset":"+6:00","description":"Almaty, Dhaka, Colombo"}},"email":"william.walker@example.com","login":{"uuid":"fdc89a5c-7c80-4129-a7f5-d4d68f1b250a","username":"yellowgoose848","password":"justin1","salt":"DWIbfkIz","md5":"6456e0c6c926a9ed7857e3972e4e5c12","sha1":"d601ba4d486bcd56b751e64b7e2e375e1a77a3ef","sha256":"d3c22208f7088c0cf84ca4665f277a8a7dd1ac7ebdf85757b1abd1d136058217"},"dob":{"date":"1962-04-13T04:55:13.299Z","age":62},"registered":{"date":"2019-10-08T06:14:14.657Z","age":4},"phone":"(591)-713-0690","cell":"(179)-425-7046","id":{"name":"","value":null},"picture":{"large":"https://randomuser.me/api/portraits/men/42.jpg","medium":"https://randomuser.me/api/portraits/med/men/42.jpg","thumbnail":"https://randomuser.me/api/portraits/thumb/men/42.jpg"},"nat":"NZ"}],"info":{"seed":"26468a4566204740","results":1,"page":1,"version":"1.4"}} 
 </msg>
<msg time="2024-07-16T08:19:53.399485" level="INFO">/opt/hostedtoolcache/Python/3.12.4/x64/lib/python3.12/site-packages/urllib3/connectionpool.py:1099: InsecureRequestWarning: Unverified HTTPS request is being made to host 'randomuser.me'. Adding certificate verification is strongly advised. See: https://urllib3.readthedocs.io/en/latest/advanced-usage.html#tls-warnings
  warnings.warn(</msg>
<msg time="2024-07-16T08:19:53.399604" level="INFO">${response} = &lt;Response [200]&gt;</msg>
<var>${response}</var>
<arg>consultarAPI</arg>
<arg>/api</arg>
<doc>Sends a GET request on a previously created HTTP Session.</doc>
<status status="PASS" start="2024-07-16T08:19:53.317358" elapsed="0.082280"/>
</kw>
<kw name="Set Variable" owner="BuiltIn">
<msg time="2024-07-16T08:19:53.400759" level="INFO">${json_data} = {'results': [{'gender': 'male', 'name': {'title': 'Mr', 'first': 'William', 'last': 'Walker'}, 'location': {'street': {'number': 5187, 'name': 'Nelson Street'}, 'city': 'Rotorua', 'state': 'Manawatu-W...</msg>
<var>${json_data}</var>
<arg>${response.json()}</arg>
<doc>Returns the given values which can then be assigned to a variables.</doc>
<status status="PASS" start="2024-07-16T08:19:53.400216" elapsed="0.000573"/>
</kw>
<kw name="Log" owner="BuiltIn">
<msg time="2024-07-16T08:19:53.401259" level="INFO">{'results': [{'gender': 'male', 'name': {'title': 'Mr', 'first': 'William', 'last': 'Walker'}, 'location': {'street': {'number': 5187, 'name': 'Nelson Street'}, 'city': 'Rotorua', 'state': 'Manawatu-Wanganui', 'country': 'New Zealand', 'postcode': 81301, 'coordinates': {'latitude': '54.6837', 'longitude': '-148.7812'}, 'timezone': {'offset': '+6:00', 'description': 'Almaty, Dhaka, Colombo'}}, 'email': 'william.walker@example.com', 'login': {'uuid': 'fdc89a5c-7c80-4129-a7f5-d4d68f1b250a', 'username': 'yellowgoose848', 'password': 'justin1', 'salt': 'DWIbfkIz', 'md5': '6456e0c6c926a9ed7857e3972e4e5c12', 'sha1': 'd601ba4d486bcd56b751e64b7e2e375e1a77a3ef', 'sha256': 'd3c22208f7088c0cf84ca4665f277a8a7dd1ac7ebdf85757b1abd1d136058217'}, 'dob': {'date': '1962-04-13T04:55:13.299Z', 'age': 62}, 'registered': {'date': '2019-10-08T06:14:14.657Z', 'age': 4}, 'phone': '(591)-713-0690', 'cell': '(179)-425-7046', 'id': {'name': '', 'value': None}, 'picture': {'large': 'https://randomuser.me/api/portraits/men/42.jpg', 'medium': 'https://randomuser.me/api/portraits/med/men/42.jpg', 'thumbnail': 'https://randomuser.me/api/portraits/thumb/men/42.jpg'}, 'nat': 'NZ'}], 'info': {'seed': '26468a4566204740', 'results': 1, 'page': 1, 'version': '1.4'}}</msg>
<arg>${json_data}</arg>
<doc>Logs the given message with the given level.</doc>
<status status="PASS" start="2024-07-16T08:19:53.401099" elapsed="0.000209"/>
</kw>
<kw name="Should Be String" owner="String">
<arg>${json_data['results'][0]['gender']}</arg>
<doc>Fails if the given ``item`` is not a string.</doc>
<status status="PASS" start="2024-07-16T08:19:53.401600" elapsed="0.000370"/>
</kw>
<kw name="Should Match Regexp" owner="BuiltIn">
<arg>${json_data['results'][0]['email']}</arg>
<arg>^[a-zA-Z0-9._%+-]+@[a-zA-Z0-9.-]+\.[a-zA-Z]{2,}$</arg>
<doc>Fails if ``string`` does not match ``pattern`` as a regular expression.</doc>
<status status="PASS" start="2024-07-16T08:19:53.402161" elapsed="0.000522"/>
</kw>
<kw name="Should Match Regexp" owner="BuiltIn">
<arg>${json_data['results'][0]['dob']['date']}</arg>
<arg>\\d{4}-\\d{2}-\\d{2}T\\d{2}:\\d{2}:\\d{2}\\.\\d{3}Z</arg>
<doc>Fails if ``string`` does not match ``pattern`` as a regular expression.</doc>
<status status="PASS" start="2024-07-16T08:19:53.402917" elapsed="0.000492"/>
</kw>
<kw name="Should Match Regexp" owner="BuiltIn">
<arg>${json_data['results'][0]['registered']['date']}</arg>
<arg>\\d{4}-\\d{2}-\\d{2}T\\d{2}:\\d{2}:\\d{2}\\.\\d{3}Z</arg>
<doc>Fails if ``string`` does not match ``pattern`` as a regular expression.</doc>
<status status="PASS" start="2024-07-16T08:19:53.403603" elapsed="0.000401"/>
</kw>
<kw name="Should Match Regexp" owner="BuiltIn">
<arg>${json_data['results'][0]['picture']['large']}</arg>
<arg>^https?://.*\.(?:png|jpe?g|gif|bmp)$</arg>
<doc>Fails if ``string`` does not match ``pattern`` as a regular expression.</doc>
<status status="PASS" start="2024-07-16T08:19:53.404206" elapsed="0.000470"/>
</kw>
<kw name="Should Match Regexp" owner="BuiltIn">
<arg>${json_data['results'][0]['picture']['medium']}</arg>
<arg>^https?://.*\.(?:png|jpe?g|gif|bmp)$</arg>
<doc>Fails if ``string`` does not match ``pattern`` as a regular expression.</doc>
<status status="PASS" start="2024-07-16T08:19:53.404866" elapsed="0.000356"/>
</kw>
<kw name="Should Match Regexp" owner="BuiltIn">
<arg>${json_data['results'][0]['picture']['thumbnail']}</arg>
<arg>^https?://.*\.(?:png|jpe?g|gif|bmp)$</arg>
<doc>Fails if ``string`` does not match ``pattern`` as a regular expression.</doc>
<status status="PASS" start="2024-07-16T08:19:53.405407" elapsed="0.000359"/>
</kw>
<kw name="Log" owner="BuiltIn">
<msg time="2024-07-16T08:19:53.406281" level="INFO">{'large': 'https://randomuser.me/api/portraits/men/42.jpg', 'medium': 'https://randomuser.me/api/portraits/med/men/42.jpg', 'thumbnail': 'https://randomuser.me/api/portraits/thumb/men/42.jpg'}</msg>
<arg>${json_data['results'][0]['picture']}</arg>
<doc>Logs the given message with the given level.</doc>
<status status="PASS" start="2024-07-16T08:19:53.405950" elapsed="0.000376"/>
</kw>
<status status="PASS" start="2024-07-16T08:19:53.317126" elapsed="0.089463"/>
</kw>
<kw name="Teste de Tipos de Dados - Postcode" owner="random-user-service">
<kw name="GET On Session" owner="RequestsLibrary">
<msg time="2024-07-16T08:19:53.508624" level="INFO">GET Request : url=https://randomuser.me/api 
 path_url=/api 
 headers={'User-Agent': 'python-requests/2.32.3', 'Accept-Encoding': 'gzip, deflate', 'Accept': '*/*', 'Connection': 'keep-alive'} 
 body=None 
 </msg>
<msg time="2024-07-16T08:19:53.508724" level="INFO">GET Response : url=https://randomuser.me/api 
 status=200, reason=OK 
 headers={'Date': 'Tue, 16 Jul 2024 08:19:53 GMT', 'Content-Type': 'application/json; charset=utf-8', 'Transfer-Encoding': 'chunked', 'Connection': 'keep-alive', 'X-Powered-By': 'Express', 'Access-Control-Allow-Origin': '*', 'Cache-Control': 'no-cache', 'ETag': 'W/"484-RxG2aQ+LAIzUqWTOI7KAlb6n/ik"', 'Vary': 'Accept-Encoding', 'Content-Encoding': 'gzip', 'CF-Cache-Status': 'DYNAMIC', 'Report-To': '{"endpoints":[{"url":"https:\\/\\/a.nel.cloudflare.com\\/report\\/v4?s=uYK%2B16s5xhPe97oQDsW5WHes21ogCgygxDss%2FpiFGUMQTdHGYVgxLwEbxpZBmWMrBtyQs%2BqtPfVInPKJXSRJUrm763ej%2FniasXgpqSIplTY7baIqq9Bgg2Xc9a8Ld18U"}],"group":"cf-nel","max_age":604800}', 'NEL': '{"success_fraction":0,"report_to":"cf-nel","max_age":604800}', 'Server': 'cloudflare', 'CF-RAY': '8a4091e2d9de07bc-IAD', 'alt-svc': 'h3=":443"; ma=86400'} 
 body={"results":[{"gender":"female","name":{"title":"Mrs","first":"Debbie","last":"Bryant"},"location":{"street":{"number":7825,"name":"Blossom Hill Rd"},"city":"Seagoville","state":"Wisconsin","country":"United States","postcode":62677,"coordinates":{"latitude":"81.9279","longitude":"97.6353"},"timezone":{"offset":"+5:45","description":"Kathmandu"}},"email":"debbie.bryant@example.com","login":{"uuid":"316bc0df-9eb9-4fe9-b337-65b8170b6319","username":"lazygoose431","password":"clean","salt":"6TM94MDp","md5":"484783024ce404f257db7e6b3da9c3a4","sha1":"333466dd3ce51c6bb3a7369615e5755698a36740","sha256":"4096a36ac286772f0f055f70b87adea6f80ad552c6e0b4459fe894ca897bd8fb"},"dob":{"date":"1985-01-15T01:42:53.372Z","age":39},"registered":{"date":"2013-03-27T01:11:44.807Z","age":11},"phone":"(507) 520-6918","cell":"(932) 296-6145","id":{"name":"SSN","value":"667-08-7311"},"picture":{"large":"https://randomuser.me/api/portraits/women/6.jpg","medium":"https://randomuser.me/api/portraits/med/women/6.jpg","thumbnail":"https://randomuser.me/api/portraits/thumb/women/6.jpg"},"nat":"US"}],"info":{"seed":"8614e989f33cb62d","results":1,"page":1,"version":"1.4"}} 
 </msg>
<msg time="2024-07-16T08:19:53.508793" level="INFO">/opt/hostedtoolcache/Python/3.12.4/x64/lib/python3.12/site-packages/urllib3/connectionpool.py:1099: InsecureRequestWarning: Unverified HTTPS request is being made to host 'randomuser.me'. Adding certificate verification is strongly advised. See: https://urllib3.readthedocs.io/en/latest/advanced-usage.html#tls-warnings
  warnings.warn(</msg>
<msg time="2024-07-16T08:19:53.508918" level="INFO">${response} = &lt;Response [200]&gt;</msg>
<var>${response}</var>
<arg>consultarAPI</arg>
<arg>/api</arg>
<doc>Sends a GET request on a previously created HTTP Session.</doc>
<status status="PASS" start="2024-07-16T08:19:53.407055" elapsed="0.101890"/>
</kw>
<kw name="Set Variable" owner="BuiltIn">
<msg time="2024-07-16T08:19:53.510072" level="INFO">${json_data} = {'results': [{'gender': 'female', 'name': {'title': 'Mrs', 'first': 'Debbie', 'last': 'Bryant'}, 'location': {'street': {'number': 7825, 'name': 'Blossom Hill Rd'}, 'city': 'Seagoville', 'state': 'Wis...</msg>
<var>${json_data}</var>
<arg>${response.json()}</arg>
<doc>Returns the given values which can then be assigned to a variables.</doc>
<status status="PASS" start="2024-07-16T08:19:53.509544" elapsed="0.000557"/>
</kw>
<kw name="Log" owner="BuiltIn">
<msg time="2024-07-16T08:19:53.510574" level="INFO">{'results': [{'gender': 'female', 'name': {'title': 'Mrs', 'first': 'Debbie', 'last': 'Bryant'}, 'location': {'street': {'number': 7825, 'name': 'Blossom Hill Rd'}, 'city': 'Seagoville', 'state': 'Wisconsin', 'country': 'United States', 'postcode': 62677, 'coordinates': {'latitude': '81.9279', 'longitude': '97.6353'}, 'timezone': {'offset': '+5:45', 'description': 'Kathmandu'}}, 'email': 'debbie.bryant@example.com', 'login': {'uuid': '316bc0df-9eb9-4fe9-b337-65b8170b6319', 'username': 'lazygoose431', 'password': 'clean', 'salt': '6TM94MDp', 'md5': '484783024ce404f257db7e6b3da9c3a4', 'sha1': '333466dd3ce51c6bb3a7369615e5755698a36740', 'sha256': '4096a36ac286772f0f055f70b87adea6f80ad552c6e0b4459fe894ca897bd8fb'}, 'dob': {'date': '1985-01-15T01:42:53.372Z', 'age': 39}, 'registered': {'date': '2013-03-27T01:11:44.807Z', 'age': 11}, 'phone': '(507) 520-6918', 'cell': '(932) 296-6145', 'id': {'name': 'SSN', 'value': '667-08-7311'}, 'picture': {'large': 'https://randomuser.me/api/portraits/women/6.jpg', 'medium': 'https://randomuser.me/api/portraits/med/women/6.jpg', 'thumbnail': 'https://randomuser.me/api/portraits/thumb/women/6.jpg'}, 'nat': 'US'}], 'info': {'seed': '8614e989f33cb62d', 'results': 1, 'page': 1, 'version': '1.4'}}</msg>
<arg>${json_data}</arg>
<doc>Logs the given message with the given level.</doc>
<status status="PASS" start="2024-07-16T08:19:53.510416" elapsed="0.000208"/>
</kw>
<kw name="Should Be Equal As Numbers" owner="BuiltIn">
<arg>${json_data['results'][0]['location']['postcode']}</arg>
<arg>${json_data['results'][0]['location']['postcode']}</arg>
<doc>Fails if objects are unequal after converting them to real numbers.</doc>
<status status="PASS" start="2024-07-16T08:19:53.510916" elapsed="0.000637"/>
</kw>
<kw name="Log" owner="BuiltIn">
<msg time="2024-07-16T08:19:53.512324" level="INFO">62677</msg>
<arg>${json_data['results'][0]['location']['postcode']}</arg>
<doc>Logs the given message with the given level.</doc>
<status status="PASS" start="2024-07-16T08:19:53.511744" elapsed="0.000624"/>
</kw>
<status status="PASS" start="2024-07-16T08:19:53.406824" elapsed="0.105834"/>
</kw>
<doc>Testa se os tipos de dados na resposta da API estão corretos.</doc>
<tag>testeTiposDados</tag>
<status status="PASS" start="2024-07-16T08:19:53.316540" elapsed="0.196291"/>
</test>
<test id="s1-s1-t5" name="Validar conteudo" line="35">
<kw name="Teste de Tipos de Conteudo" owner="random-user-service">
<kw name="GET On Session" owner="RequestsLibrary">
<msg time="2024-07-16T08:19:53.596400" level="INFO">GET Request : url=https://randomuser.me/api 
 path_url=/api 
 headers={'User-Agent': 'python-requests/2.32.3', 'Accept-Encoding': 'gzip, deflate', 'Accept': '*/*', 'Connection': 'keep-alive'} 
 body=None 
 </msg>
<msg time="2024-07-16T08:19:53.596513" level="INFO">GET Response : url=https://randomuser.me/api 
 status=200, reason=OK 
 headers={'Date': 'Tue, 16 Jul 2024 08:19:53 GMT', 'Content-Type': 'application/json; charset=utf-8', 'Transfer-Encoding': 'chunked', 'Connection': 'keep-alive', 'X-Powered-By': 'Express', 'Access-Control-Allow-Origin': '*', 'Cache-Control': 'no-cache', 'ETag': 'W/"49b-0/zyZcPJQlwdtygxpoXW07p7+lE"', 'Vary': 'Accept-Encoding', 'Content-Encoding': 'gzip', 'CF-Cache-Status': 'DYNAMIC', 'Report-To': '{"endpoints":[{"url":"https:\\/\\/a.nel.cloudflare.com\\/report\\/v4?s=eC3v3EH22II6DHxTk76h6Rx1psQdh0ApZEeLdDrwQ7txVFVfv7loYDQSCTmOEcrHGS1EKmaxJh7pdTmoP8alrnu65lxc%2FOsNoExud7aXh4tuAB5u%2Fat7im%2BVOyRc2Yjs"}],"group":"cf-nel","max_age":604800}', 'NEL': '{"success_fraction":0,"report_to":"cf-nel","max_age":604800}', 'Server': 'cloudflare', 'CF-RAY': '8a4091e37a6c07bc-IAD', 'alt-svc': 'h3=":443"; ma=86400'} 
 body={"results":[{"gender":"male","name":{"title":"Mr","first":"Felix","last":"Steward"},"location":{"street":{"number":6866,"name":"North Street"},"city":"Oxford","state":"Central","country":"United Kingdom","postcode":"B9 3LQ","coordinates":{"latitude":"-10.9460","longitude":"-178.6559"},"timezone":{"offset":"+9:00","description":"Tokyo, Seoul, Osaka, Sapporo, Yakutsk"}},"email":"felix.steward@example.com","login":{"uuid":"5dea891a-d121-4d62-bafc-200e612c303a","username":"yellowrabbit252","password":"naruto","salt":"1glf2xk7","md5":"5e83aa81c71a0fc9bca6f8069855801b","sha1":"0421ed120cb62ab3eb99177ae67fbb595df0f173","sha256":"dbc6e55e7aa8ca9f22e9e3453113a82a04310b33d67e06282bda19fdac95272e"},"dob":{"date":"1946-03-28T01:02:54.665Z","age":78},"registered":{"date":"2002-06-23T11:08:47.071Z","age":22},"phone":"01843 761382","cell":"07086 181803","id":{"name":"NINO","value":"SC 61 03 60 U"},"picture":{"large":"https://randomuser.me/api/portraits/men/92.jpg","medium":"https://randomuser.me/api/portraits/med/men/92.jpg","thumbnail":"https://randomuser.me/api/portraits/thumb/men/92.jpg"},"nat":"GB"}],"info":{"seed":"a745e974f4a3aede","results":1,"page":1,"version":"1.4"}} 
 </msg>
<msg time="2024-07-16T08:19:53.596581" level="INFO">/opt/hostedtoolcache/Python/3.12.4/x64/lib/python3.12/site-packages/urllib3/connectionpool.py:1099: InsecureRequestWarning: Unverified HTTPS request is being made to host 'randomuser.me'. Adding certificate verification is strongly advised. See: https://urllib3.readthedocs.io/en/latest/advanced-usage.html#tls-warnings
  warnings.warn(</msg>
<msg time="2024-07-16T08:19:53.596699" level="INFO">${response} = &lt;Response [200]&gt;</msg>
<var>${response}</var>
<arg>consultarAPI</arg>
<arg>/api</arg>
<doc>Sends a GET request on a previously created HTTP Session.</doc>
<status status="PASS" start="2024-07-16T08:19:53.515831" elapsed="0.080901"/>
</kw>
<kw name="Set Variable" owner="BuiltIn">
<msg time="2024-07-16T08:19:53.597834" level="INFO">${json_data} = {'results': [{'gender': 'male', 'name': {'title': 'Mr', 'first': 'Felix', 'last': 'Steward'}, 'location': {'street': {'number': 6866, 'name': 'North Street'}, 'city': 'Oxford', 'state': 'Central', 'co...</msg>
<var>${json_data}</var>
<arg>${response.json()}</arg>
<doc>Returns the given values which can then be assigned to a variables.</doc>
<status status="PASS" start="2024-07-16T08:19:53.597290" elapsed="0.000574"/>
</kw>
<kw name="Set Variable" owner="BuiltIn">
<msg time="2024-07-16T08:19:53.598593" level="INFO">${name_title} = Mr</msg>
<var>${name_title}</var>
<arg>${json_data["results"][0]["name"]["title"]}</arg>
<doc>Returns the given values which can then be assigned to a variables.</doc>
<status status="PASS" start="2024-07-16T08:19:53.598187" elapsed="0.000433"/>
</kw>
<kw name="Create List" owner="BuiltIn">
<msg time="2024-07-16T08:19:53.599100" level="INFO">${allowed_titles} = ['Mr', 'Ms', 'Miss', 'Mrs', 'Madame', 'Monsieur']</msg>
<var>${allowed_titles}</var>
<arg>Mr</arg>
<arg>Ms</arg>
<arg>Miss</arg>
<arg>Mrs</arg>
<arg>Madame</arg>
<arg>Monsieur</arg>
<doc>Returns a list containing given items.</doc>
<status status="PASS" start="2024-07-16T08:19:53.598936" elapsed="0.000189"/>
</kw>
<kw name="List Should Contain Value" owner="Collections">
<arg>${allowed_titles}</arg>
<arg>${name_title}</arg>
<doc>Fails if the ``value`` is not found from ``list``.</doc>
<status status="PASS" start="2024-07-16T08:19:53.599438" elapsed="0.000185"/>
</kw>
<kw name="Set Variable" owner="BuiltIn">
<msg time="2024-07-16T08:19:53.600219" level="INFO">${name_country} = GB</msg>
<var>${name_country}</var>
<arg>${json_data["results"][0]["nat"]}</arg>
<doc>Returns the given values which can then be assigned to a variables.</doc>
<status status="PASS" start="2024-07-16T08:19:53.599807" elapsed="0.000438"/>
</kw>
<kw name="Create List" owner="BuiltIn">
<msg time="2024-07-16T08:19:53.601154" level="INFO">${list_country} = ['AD', 'AE', 'AF', 'AG', 'AI', 'AL', 'AM', 'AO', 'AQ', 'AR', 'AS', 'AT', 'AU', 'AW', 'AX', 'AZ', 'BA', 'BB', 'BD', 'BE', 'BF', 'BG', 'BH', 'BI', 'BJ', 'BL', 'BM', 'BN', 'BO', 'BQ', 'BR', 'BS', 'BT', '...</msg>
<var>${list_country}</var>
<arg>AD</arg>
<arg>AE</arg>
<arg>AF</arg>
<arg>AG</arg>
<arg>AI</arg>
<arg>AL</arg>
<arg>AM</arg>
<arg>AO</arg>
<arg>AQ</arg>
<arg>AR</arg>
<arg>AS</arg>
<arg>AT</arg>
<arg>AU</arg>
<arg>AW</arg>
<arg>AX</arg>
<arg>AZ</arg>
<arg>BA</arg>
<arg>BB</arg>
<arg>BD</arg>
<arg>BE</arg>
<arg>BF</arg>
<arg>BG</arg>
<arg>BH</arg>
<arg>BI</arg>
<arg>BJ</arg>
<arg>BL</arg>
<arg>BM</arg>
<arg>BN</arg>
<arg>BO</arg>
<arg>BQ</arg>
<arg>BR</arg>
<arg>BS</arg>
<arg>BT</arg>
<arg>BV</arg>
<arg>BW</arg>
<arg>BY</arg>
<arg>BZ</arg>
<arg>CA</arg>
<arg>CC</arg>
<arg>CD</arg>
<arg>CF</arg>
<arg>CG</arg>
<arg>CH</arg>
<arg>CI</arg>
<arg>CK</arg>
<arg>CL</arg>
<arg>CM</arg>
<arg>CN</arg>
<arg>CO</arg>
<arg>CR</arg>
<arg>CU</arg>
<arg>CV</arg>
<arg>CW</arg>
<arg>CX</arg>
<arg>CY</arg>
<arg>CZ</arg>
<arg>DE</arg>
<arg>DJ</arg>
<arg>DK</arg>
<arg>DM</arg>
<arg>DO</arg>
<arg>DZ</arg>
<arg>EC</arg>
<arg>EE</arg>
<arg>EG</arg>
<arg>EH</arg>
<arg>ER</arg>
<arg>ES</arg>
<arg>ET</arg>
<arg>FI</arg>
<arg>FJ</arg>
<arg>FK</arg>
<arg>FM</arg>
<arg>FO</arg>
<arg>FR</arg>
<arg>GA</arg>
<arg>GB</arg>
<arg>GD</arg>
<arg>GE</arg>
<arg>GF</arg>
<arg>GG</arg>
<arg>GH</arg>
<arg>GI</arg>
<arg>GL</arg>
<arg>GM</arg>
<arg>GN</arg>
<arg>GP</arg>
<arg>GQ</arg>
<arg>GR</arg>
<arg>GS</arg>
<arg>GT</arg>
<arg>GU</arg>
<arg>GW</arg>
<arg>GY</arg>
<arg>HK</arg>
<arg>HM</arg>
<arg>HN</arg>
<arg>HR</arg>
<arg>HT</arg>
<arg>HU</arg>
<arg>ID</arg>
<arg>IE</arg>
<arg>IL</arg>
<arg>IM</arg>
<arg>IN</arg>
<arg>IO</arg>
<arg>IQ</arg>
<arg>IR</arg>
<arg>IS</arg>
<arg>IT</arg>
<arg>JE</arg>
<arg>JM</arg>
<arg>JO</arg>
<arg>JP</arg>
<arg>KE</arg>
<arg>KG</arg>
<arg>KH</arg>
<arg>KI</arg>
<arg>KM</arg>
<arg>KN</arg>
<arg>KP</arg>
<arg>KR</arg>
<arg>KW</arg>
<arg>KY</arg>
<arg>KZ</arg>
<arg>LA</arg>
<arg>LB</arg>
<arg>LC</arg>
<arg>LI</arg>
<arg>LK</arg>
<arg>LR</arg>
<arg>LS</arg>
<arg>LT</arg>
<arg>LU</arg>
<arg>LV</arg>
<arg>LY</arg>
<arg>MA</arg>
<arg>MC</arg>
<arg>MD</arg>
<arg>ME</arg>
<arg>MF</arg>
<arg>MG</arg>
<arg>MH</arg>
<arg>MK</arg>
<arg>ML</arg>
<arg>MM</arg>
<arg>MN</arg>
<arg>MO</arg>
<arg>MP</arg>
<arg>MQ</arg>
<arg>MR</arg>
<arg>MS</arg>
<arg>MT</arg>
<arg>MU</arg>
<arg>MV</arg>
<arg>MW</arg>
<arg>MX</arg>
<arg>MY</arg>
<arg>MZ</arg>
<arg>NA</arg>
<arg>NC</arg>
<arg>NE</arg>
<arg>NF</arg>
<arg>NG</arg>
<arg>NI</arg>
<arg>NL</arg>
<arg>NO</arg>
<arg>NP</arg>
<arg>NR</arg>
<arg>NU</arg>
<arg>NZ</arg>
<arg>OM</arg>
<arg>PA</arg>
<arg>PE</arg>
<arg>PF</arg>
<arg>PG</arg>
<arg>PH</arg>
<arg>PK</arg>
<arg>PL</arg>
<arg>PM</arg>
<arg>PN</arg>
<arg>PR</arg>
<arg>PS</arg>
<arg>PT</arg>
<arg>PW</arg>
<arg>PY</arg>
<arg>QA</arg>
<arg>RE</arg>
<arg>RO</arg>
<arg>RS</arg>
<arg>RU</arg>
<arg>RW</arg>
<arg>SA</arg>
<arg>SB</arg>
<arg>SC</arg>
<arg>SD</arg>
<arg>SE</arg>
<arg>SG</arg>
<arg>SH</arg>
<arg>SI</arg>
<arg>SJ</arg>
<arg>SK</arg>
<arg>SL</arg>
<arg>SM</arg>
<arg>SN</arg>
<arg>SO</arg>
<arg>SR</arg>
<arg>SS</arg>
<arg>ST</arg>
<arg>SV</arg>
<arg>SX</arg>
<arg>SY</arg>
<arg>SZ</arg>
<arg>TC</arg>
<arg>TD</arg>
<arg>TF</arg>
<arg>TG</arg>
<arg>TH</arg>
<arg>TJ</arg>
<arg>TK</arg>
<arg>TL</arg>
<arg>TM</arg>
<arg>TN</arg>
<arg>TO</arg>
<arg>TR</arg>
<arg>TT</arg>
<arg>TV</arg>
<arg>TW</arg>
<arg>TZ</arg>
<arg>UA</arg>
<arg>UG</arg>
<arg>UM</arg>
<arg>US</arg>
<arg>UY</arg>
<arg>UZ</arg>
<arg>VA</arg>
<arg>VC</arg>
<arg>VE</arg>
<arg>VG</arg>
<arg>VI</arg>
<arg>VN</arg>
<arg>VU</arg>
<arg>WF</arg>
<arg>WS</arg>
<arg>XK</arg>
<arg>YE</arg>
<arg>YT</arg>
<arg>ZA</arg>
<arg>ZM</arg>
<arg>ZW</arg>
<doc>Returns a list containing given items.</doc>
<status status="PASS" start="2024-07-16T08:19:53.600552" elapsed="0.000629"/>
</kw>
<kw name="List Should Contain Value" owner="Collections">
<arg>${list_country}</arg>
<arg>${name_country}</arg>
<doc>Fails if the ``value`` is not found from ``list``.</doc>
<status status="PASS" start="2024-07-16T08:19:53.601990" elapsed="0.000208"/>
</kw>
<kw name="Run Keyword If" owner="BuiltIn">
<kw name="Should Be True" owner="BuiltIn">
<arg>${True}</arg>
<doc>Fails if the given condition is not true.</doc>
<status status="PASS" start="2024-07-16T08:19:53.603155" elapsed="0.000146"/>
</kw>
<arg>${json_data["results"][0]["location"]["coordinates"]["latitude"]} &gt;= -90 and ${json_data["results"][0]["location"]["coordinates"]["latitude"]} &lt;= 90</arg>
<arg>Should Be True</arg>
<arg>${True}</arg>
<doc>Runs the given keyword with the given arguments, if ``condition`` is true.</doc>
<status status="PASS" start="2024-07-16T08:19:53.602396" elapsed="0.001036"/>
</kw>
<kw name="Run Keyword If" owner="BuiltIn">
<kw name="Should Be True" owner="BuiltIn">
<arg>${True}</arg>
<doc>Fails if the given condition is not true.</doc>
<status status="PASS" start="2024-07-16T08:19:53.604364" elapsed="0.000257"/>
</kw>
<arg>${json_data["results"][0]["location"]["coordinates"]["longitude"]} &gt;= -180 and ${json_data["results"][0]["location"]["coordinates"]["longitude"]} &lt;= 180</arg>
<arg>Should Be True</arg>
<arg>${True}</arg>
<doc>Runs the given keyword with the given arguments, if ``condition`` is true.</doc>
<status status="PASS" start="2024-07-16T08:19:53.603620" elapsed="0.001134"/>
</kw>
<status status="PASS" start="2024-07-16T08:19:53.515456" elapsed="0.089436"/>
</kw>
<doc>Testa o conteúdo específico dos campos retornados pela API.</doc>
<tag>testeConteudo</tag>
<status status="PASS" start="2024-07-16T08:19:53.514740" elapsed="0.090307"/>
</test>
<status status="PASS" start="2024-07-16T08:19:52.768818" elapsed="0.838233"/>
</suite>
<status status="PASS" start="2024-07-16T08:19:52.754092" elapsed="0.858092"/>
</suite>
<statistics>
<total>
<stat pass="5" fail="0" skip="0">All Tests</stat>
</total>
<tag>
<stat pass="1" fail="0" skip="0">testeConteudo</stat>
<stat pass="1" fail="0" skip="0">testeEstruturaResposta</stat>
<stat pass="1" fail="0" skip="0">testeRequisicaoBasica</stat>
<stat pass="1" fail="0" skip="0">testeTiposDados</stat>
</tag>
<suite>
<stat pass="5" fail="0" skip="0" id="s1" name="Tests">Tests</stat>
<stat pass="5" fail="0" skip="0" id="s1-s1" name="Random-User-Test">Tests.Random-User-Test</stat>
</suite>
</statistics>
<errors>
</errors>
</robot>
