<?xml version="1.0" encoding="UTF-8"?>
<robot generator="Robot 7.0 (Python 3.12.3 on linux)" generated="2024-04-26T20:15:22.005645" rpa="false" schemaversion="5">
<suite id="s1" name="Tests" source="/home/runner/work/DesafioQAItauRogerioJordao/DesafioQAItauRogerioJordao/RamdonUser/tests">
<suite id="s1-s1" name="Random-User-Test" source="/home/runner/work/DesafioQAItauRogerioJordao/DesafioQAItauRogerioJordao/RamdonUser/tests/random-user-test.robot">
<test id="s1-s1-t1" name="Conectar" line="13">
<kw name="Conectar API" owner="random-user-service">
<kw name="Create Session" owner="RequestsLibrary">
<msg time="2024-04-26T20:15:22.406422" level="INFO">Creating Session using : alias=consultarAPI, url=https://randomuser.me/, headers={},                     cookies={}, auth=None, timeout=None, proxies=None, verify=False,                     debug=0 </msg>
<arg>consultarAPI</arg>
<arg>${URL}</arg>
<doc>Create Session: create a HTTP session to a server</doc>
<status status="PASS" start="2024-04-26T20:15:22.406212" elapsed="0.000424"/>
</kw>
<status status="PASS" start="2024-04-26T20:15:22.405182" elapsed="0.001841"/>
</kw>
<status status="PASS" start="2024-04-26T20:15:22.404589" elapsed="0.002632"/>
</test>
<test id="s1-s1-t2" name="Validar retorno 200 e JSON Válido" line="16">
<kw name="Teste de Requisicao Basica" owner="random-user-service">
<kw name="GET On Session" owner="RequestsLibrary">
<msg time="2024-04-26T20:15:22.512762" level="INFO">GET Request : url=https://randomuser.me/api 
 path_url=/api 
 headers={'User-Agent': 'python-requests/2.31.0', 'Accept-Encoding': 'gzip, deflate', 'Accept': '*/*', 'Connection': 'keep-alive'} 
 body=None 
 </msg>
<msg time="2024-04-26T20:15:22.512929" level="INFO">GET Response : url=https://randomuser.me/api 
 status=200, reason=OK 
 headers={'Date': 'Fri, 26 Apr 2024 20:15:22 GMT', 'Content-Type': 'application/json; charset=utf-8', 'Transfer-Encoding': 'chunked', 'Connection': 'keep-alive', 'X-Powered-By': 'Express', 'Access-Control-Allow-Origin': '*', 'Cache-Control': 'no-cache', 'ETag': 'W/"49c-Bp1/CW6aR+W0pCDCHXNkwyK4FDw"', 'Vary': 'Accept-Encoding', 'Content-Encoding': 'gzip', 'CF-Cache-Status': 'DYNAMIC', 'Report-To': '{"endpoints":[{"url":"https:\\/\\/a.nel.cloudflare.com\\/report\\/v4?s=5wg0FB54y3iLMrcOvVTTVJmuutqwIf%2BYQEMPH7Ru5gJuC8dlx7yLQsIMQEhaO049ZVZNp6Rp8W0QrC6qqqHHo8YklvFpyCemypfXsCTuU%2FMgZoUwDk0Saqiobl%2Fn0fvh"}],"group":"cf-nel","max_age":604800}', 'NEL': '{"success_fraction":0,"report_to":"cf-nel","max_age":604800}', 'Server': 'cloudflare', 'CF-RAY': '87a93e955bde2262-ORD', 'alt-svc': 'h3=":443"; ma=86400'} 
 body={"results":[{"gender":"female","name":{"title":"Mademoiselle","first":"Amandine","last":"Giraud"},"location":{"street":{"number":1410,"name":"Place de L'Église"},"city":"Lignerolle","state":"Thurgau","country":"Switzerland","postcode":1864,"coordinates":{"latitude":"-60.9478","longitude":"153.8367"},"timezone":{"offset":"+9:30","description":"Adelaide, Darwin"}},"email":"amandine.giraud@example.com","login":{"uuid":"062e238b-5261-48df-883b-cefe1611ad35","username":"sadrabbit915","password":"calibra","salt":"lyeG28GI","md5":"31eff56f283909fa6023f4e6ba99a0d9","sha1":"63668f10816401c28468386bc1e303038f5f13f2","sha256":"63c40bc01b1bf6e881b14af0303d6f7ac4fd4dabba2c5a29384e723a46e5b00a"},"dob":{"date":"1999-06-21T03:41:15.904Z","age":24},"registered":{"date":"2020-10-03T15:00:35.749Z","age":3},"phone":"075 682 36 40","cell":"076 209 07 60","id":{"name":"AVS","value":"756.2786.5355.75"},"picture":{"large":"https://randomuser.me/api/portraits/women/6.jpg","medium":"https://randomuser.me/api/portraits/med/women/6.jpg","thumbnail":"https://randomuser.me/api/portraits/thumb/women/6.jpg"},"nat":"CH"}],"info":{"seed":"1be0cc542ca80e56","results":1,"page":1,"version":"1.4"}} 
 </msg>
<msg time="2024-04-26T20:15:22.513021" level="INFO">/opt/hostedtoolcache/Python/3.12.3/x64/lib/python3.12/site-packages/urllib3/connectionpool.py:1103: InsecureRequestWarning: Unverified HTTPS request is being made to host 'randomuser.me'. Adding certificate verification is strongly advised. See: https://urllib3.readthedocs.io/en/latest/advanced-usage.html#tls-warnings
  warnings.warn(</msg>
<msg time="2024-04-26T20:15:22.513183" level="INFO">${response} = &lt;Response [200]&gt;</msg>
<var>${response}</var>
<arg>consultarAPI</arg>
<arg>/api</arg>
<doc>Sends a GET request on a previously created HTTP Session.</doc>
<status status="PASS" start="2024-04-26T20:15:22.409962" elapsed="0.103267"/>
</kw>
<kw name="Should Be Equal As Numbers" owner="BuiltIn">
<msg time="2024-04-26T20:15:22.514578" level="INFO">Argument types are:
&lt;class 'int'&gt;
&lt;class 'str'&gt;</msg>
<arg>${response.status_code}</arg>
<arg>200</arg>
<doc>Fails if objects are unequal after converting them to real numbers.</doc>
<status status="PASS" start="2024-04-26T20:15:22.513968" elapsed="0.000688"/>
</kw>
<kw name="Log" owner="BuiltIn">
<msg time="2024-04-26T20:15:22.515382" level="INFO">200</msg>
<arg>${response.status_code}</arg>
<doc>Logs the given message with the given level.</doc>
<status status="PASS" start="2024-04-26T20:15:22.515018" elapsed="0.000407"/>
</kw>
<kw name="Set Variable" owner="BuiltIn">
<msg time="2024-04-26T20:15:22.516215" level="INFO">${json_data} = {'results': [{'gender': 'female', 'name': {'title': 'Mademoiselle', 'first': 'Amandine', 'last': 'Giraud'}, 'location': {'street': {'number': 1410, 'name': "Place de L'Église"}, 'city': 'Lignerolle', ...</msg>
<var>${json_data}</var>
<arg>${response.json()}</arg>
<doc>Returns the given values which can then be assigned to a variables.</doc>
<status status="PASS" start="2024-04-26T20:15:22.515736" elapsed="0.000514"/>
</kw>
<kw name="Dictionary Should Contain Key" owner="Collections">
<msg time="2024-04-26T20:15:22.516735" level="INFO">False</msg>
<arg>${json_data}</arg>
<arg>results</arg>
<doc>Fails if ``key`` is not found from ``dictionary``.</doc>
<status status="PASS" start="2024-04-26T20:15:22.516563" elapsed="0.000213"/>
</kw>
<status status="PASS" start="2024-04-26T20:15:22.409692" elapsed="0.107352"/>
</kw>
<doc>Testa se a API responde corretamente e retorna um objeto JSON válido.</doc>
<tag>testeRequisicaoBasica</tag>
<status status="PASS" start="2024-04-26T20:15:22.409191" elapsed="0.108042"/>
</test>
<test id="s1-s1-t3" name="Validar estrutura de resposta" line="22">
<kw name="Teste de Estrutura de Resposta" owner="random-user-service">
<kw name="GET On Session" owner="RequestsLibrary">
<msg time="2024-04-26T20:15:22.609911" level="INFO">GET Request : url=https://randomuser.me/api 
 path_url=/api 
 headers={'User-Agent': 'python-requests/2.31.0', 'Accept-Encoding': 'gzip, deflate', 'Accept': '*/*', 'Connection': 'keep-alive'} 
 body=None 
 </msg>
<msg time="2024-04-26T20:15:22.610016" level="INFO">GET Response : url=https://randomuser.me/api 
 status=200, reason=OK 
 headers={'Date': 'Fri, 26 Apr 2024 20:15:22 GMT', 'Content-Type': 'application/json; charset=utf-8', 'Transfer-Encoding': 'chunked', 'Connection': 'keep-alive', 'X-Powered-By': 'Express', 'Access-Control-Allow-Origin': '*', 'Cache-Control': 'no-cache', 'ETag': 'W/"4a1-dmJ5mJxdAPtW2a8HLY9gyezY6JQ"', 'Vary': 'Accept-Encoding', 'Content-Encoding': 'gzip', 'CF-Cache-Status': 'DYNAMIC', 'Report-To': '{"endpoints":[{"url":"https:\\/\\/a.nel.cloudflare.com\\/report\\/v4?s=l%2F%2B7%2BV7OpLVjqtzj4jQmTrvf%2F9wqGvoHh%2FLOboKNJ%2FDn7U5Xe5ZNS5NXMxvCNCk%2FVnZUtCN6134uUfKN%2Fr30hP4onmSjwwrUsgSc2oIw2zpeHIZet5bipH9QitZaizzs"}],"group":"cf-nel","max_age":604800}', 'NEL': '{"success_fraction":0,"report_to":"cf-nel","max_age":604800}', 'Server': 'cloudflare', 'CF-RAY': '87a93e95cc862262-ORD', 'alt-svc': 'h3=":443"; ma=86400'} 
 body={"results":[{"gender":"female","name":{"title":"Mrs","first":"Zoraida","last":"Martins"},"location":{"street":{"number":5028,"name":"Rua Doze "},"city":"Guarulhos","state":"Goiás","country":"Brazil","postcode":80967,"coordinates":{"latitude":"-73.3835","longitude":"165.8559"},"timezone":{"offset":"+3:00","description":"Baghdad, Riyadh, Moscow, St. Petersburg"}},"email":"zoraida.martins@example.com","login":{"uuid":"f8788555-c9d3-4e18-82b0-dc9f49533798","username":"beautifulswan776","password":"pinky1","salt":"LYo3eIYk","md5":"19eb4948bdd4c940df6367963c74d467","sha1":"347a4e021c413507f26247e8f8f7a06001487383","sha256":"fe7023b1c8d36692753ff7de46501d8fb79fb79951f2851f7d5e9845ac5b9acc"},"dob":{"date":"1979-11-16T06:19:47.562Z","age":44},"registered":{"date":"2021-03-07T16:20:12.568Z","age":3},"phone":"(53) 2245-5607","cell":"(51) 7215-7689","id":{"name":"CPF","value":"990.640.233-63"},"picture":{"large":"https://randomuser.me/api/portraits/women/27.jpg","medium":"https://randomuser.me/api/portraits/med/women/27.jpg","thumbnail":"https://randomuser.me/api/portraits/thumb/women/27.jpg"},"nat":"BR"}],"info":{"seed":"68243ac2fbcfb730","results":1,"page":1,"version":"1.4"}} 
 </msg>
<msg time="2024-04-26T20:15:22.610154" level="INFO">/opt/hostedtoolcache/Python/3.12.3/x64/lib/python3.12/site-packages/urllib3/connectionpool.py:1103: InsecureRequestWarning: Unverified HTTPS request is being made to host 'randomuser.me'. Adding certificate verification is strongly advised. See: https://urllib3.readthedocs.io/en/latest/advanced-usage.html#tls-warnings
  warnings.warn(</msg>
<msg time="2024-04-26T20:15:22.610296" level="INFO">${response} = &lt;Response [200]&gt;</msg>
<var>${response}</var>
<arg>consultarAPI</arg>
<arg>/api</arg>
<doc>Sends a GET request on a previously created HTTP Session.</doc>
<status status="PASS" start="2024-04-26T20:15:22.520022" elapsed="0.090318"/>
</kw>
<kw name="Set Variable" owner="BuiltIn">
<msg time="2024-04-26T20:15:22.611655" level="INFO">${json_data} = {'results': [{'gender': 'female', 'name': {'title': 'Mrs', 'first': 'Zoraida', 'last': 'Martins'}, 'location': {'street': {'number': 5028, 'name': 'Rua Doze '}, 'city': 'Guarulhos', 'state': 'Goiás', ...</msg>
<var>${json_data}</var>
<arg>${response.json()}</arg>
<doc>Returns the given values which can then be assigned to a variables.</doc>
<status status="PASS" start="2024-04-26T20:15:22.611042" elapsed="0.000643"/>
</kw>
<kw name="Log" owner="BuiltIn">
<msg time="2024-04-26T20:15:22.612174" level="INFO">{'results': [{'gender': 'female', 'name': {'title': 'Mrs', 'first': 'Zoraida', 'last': 'Martins'}, 'location': {'street': {'number': 5028, 'name': 'Rua Doze '}, 'city': 'Guarulhos', 'state': 'Goiás', 'country': 'Brazil', 'postcode': 80967, 'coordinates': {'latitude': '-73.3835', 'longitude': '165.8559'}, 'timezone': {'offset': '+3:00', 'description': 'Baghdad, Riyadh, Moscow, St. Petersburg'}}, 'email': 'zoraida.martins@example.com', 'login': {'uuid': 'f8788555-c9d3-4e18-82b0-dc9f49533798', 'username': 'beautifulswan776', 'password': 'pinky1', 'salt': 'LYo3eIYk', 'md5': '19eb4948bdd4c940df6367963c74d467', 'sha1': '347a4e021c413507f26247e8f8f7a06001487383', 'sha256': 'fe7023b1c8d36692753ff7de46501d8fb79fb79951f2851f7d5e9845ac5b9acc'}, 'dob': {'date': '1979-11-16T06:19:47.562Z', 'age': 44}, 'registered': {'date': '2021-03-07T16:20:12.568Z', 'age': 3}, 'phone': '(53) 2245-5607', 'cell': '(51) 7215-7689', 'id': {'name': 'CPF', 'value': '990.640.233-63'}, 'picture': {'large': 'https://randomuser.me/api/portraits/women/27.jpg', 'medium': 'https://randomuser.me/api/portraits/med/women/27.jpg', 'thumbnail': 'https://randomuser.me/api/portraits/thumb/women/27.jpg'}, 'nat': 'BR'}], 'info': {'seed': '68243ac2fbcfb730', 'results': 1, 'page': 1, 'version': '1.4'}}</msg>
<arg>${json_data}</arg>
<doc>Logs the given message with the given level.</doc>
<status status="PASS" start="2024-04-26T20:15:22.612007" elapsed="0.000277"/>
</kw>
<kw name="Dictionary Should Contain Key" owner="Collections">
<msg time="2024-04-26T20:15:22.612769" level="INFO">False</msg>
<arg>${json_data}</arg>
<arg>results</arg>
<doc>Fails if ``key`` is not found from ``dictionary``.</doc>
<status status="PASS" start="2024-04-26T20:15:22.612607" elapsed="0.000201"/>
</kw>
<kw name="Should Not Be Empty" owner="BuiltIn">
<msg time="2024-04-26T20:15:22.613238" level="INFO">Length is 2.</msg>
<arg>${json_data}</arg>
<doc>Verifies that the given item is not empty.</doc>
<status status="PASS" start="2024-04-26T20:15:22.613106" elapsed="0.000171"/>
</kw>
<kw name="Create List" owner="BuiltIn">
<msg time="2024-04-26T20:15:22.613884" level="INFO">${expected_keys} = ['gender', 'name', 'location', 'email', 'login']</msg>
<var>${expected_keys}</var>
<arg>gender</arg>
<arg>name</arg>
<arg>location</arg>
<arg>email</arg>
<arg>login</arg>
<doc>Returns a list containing given items.</doc>
<status status="PASS" start="2024-04-26T20:15:22.613570" elapsed="0.000340"/>
</kw>
<for flavor="IN">
<iter>
<kw name="Dictionary Should Contain Key" owner="Collections">
<msg time="2024-04-26T20:15:22.614939" level="INFO">False</msg>
<arg>${json_data['results'][0]}</arg>
<arg>${key}</arg>
<doc>Fails if ``key`` is not found from ``dictionary``.</doc>
<status status="PASS" start="2024-04-26T20:15:22.614530" elapsed="0.000449"/>
</kw>
<kw name="Log" owner="BuiltIn">
<msg time="2024-04-26T20:15:22.615656" level="INFO">{'gender': 'female', 'name': {'title': 'Mrs', 'first': 'Zoraida', 'last': 'Martins'}, 'location': {'street': {'number': 5028, 'name': 'Rua Doze '}, 'city': 'Guarulhos', 'state': 'Goiás', 'country': 'Brazil', 'postcode': 80967, 'coordinates': {'latitude': '-73.3835', 'longitude': '165.8559'}, 'timezone': {'offset': '+3:00', 'description': 'Baghdad, Riyadh, Moscow, St. Petersburg'}}, 'email': 'zoraida.martins@example.com', 'login': {'uuid': 'f8788555-c9d3-4e18-82b0-dc9f49533798', 'username': 'beautifulswan776', 'password': 'pinky1', 'salt': 'LYo3eIYk', 'md5': '19eb4948bdd4c940df6367963c74d467', 'sha1': '347a4e021c413507f26247e8f8f7a06001487383', 'sha256': 'fe7023b1c8d36692753ff7de46501d8fb79fb79951f2851f7d5e9845ac5b9acc'}, 'dob': {'date': '1979-11-16T06:19:47.562Z', 'age': 44}, 'registered': {'date': '2021-03-07T16:20:12.568Z', 'age': 3}, 'phone': '(53) 2245-5607', 'cell': '(51) 7215-7689', 'id': {'name': 'CPF', 'value': '990.640.233-63'}, 'picture': {'large': 'https://randomuser.me/api/portraits/women/27.jpg', 'medium': 'https://randomuser.me/api/portraits/med/women/27.jpg', 'thumbnail': 'https://randomuser.me/api/portraits/thumb/women/27.jpg'}, 'nat': 'BR'}</msg>
<arg>${json_data['results'][0]}</arg>
<doc>Logs the given message with the given level.</doc>
<status status="PASS" start="2024-04-26T20:15:22.615286" elapsed="0.000420"/>
</kw>
<kw name="Log" owner="BuiltIn">
<msg time="2024-04-26T20:15:22.616136" level="INFO">gender</msg>
<arg>${key}</arg>
<doc>Logs the given message with the given level.</doc>
<status status="PASS" start="2024-04-26T20:15:22.616006" elapsed="0.000167"/>
</kw>
<var name="${key}">gender</var>
<status status="PASS" start="2024-04-26T20:15:22.614402" elapsed="0.002035"/>
</iter>
<iter>
<kw name="Dictionary Should Contain Key" owner="Collections">
<msg time="2024-04-26T20:15:22.617135" level="INFO">False</msg>
<arg>${json_data['results'][0]}</arg>
<arg>${key}</arg>
<doc>Fails if ``key`` is not found from ``dictionary``.</doc>
<status status="PASS" start="2024-04-26T20:15:22.616743" elapsed="0.000429"/>
</kw>
<kw name="Log" owner="BuiltIn">
<msg time="2024-04-26T20:15:22.617870" level="INFO">{'gender': 'female', 'name': {'title': 'Mrs', 'first': 'Zoraida', 'last': 'Martins'}, 'location': {'street': {'number': 5028, 'name': 'Rua Doze '}, 'city': 'Guarulhos', 'state': 'Goiás', 'country': 'Brazil', 'postcode': 80967, 'coordinates': {'latitude': '-73.3835', 'longitude': '165.8559'}, 'timezone': {'offset': '+3:00', 'description': 'Baghdad, Riyadh, Moscow, St. Petersburg'}}, 'email': 'zoraida.martins@example.com', 'login': {'uuid': 'f8788555-c9d3-4e18-82b0-dc9f49533798', 'username': 'beautifulswan776', 'password': 'pinky1', 'salt': 'LYo3eIYk', 'md5': '19eb4948bdd4c940df6367963c74d467', 'sha1': '347a4e021c413507f26247e8f8f7a06001487383', 'sha256': 'fe7023b1c8d36692753ff7de46501d8fb79fb79951f2851f7d5e9845ac5b9acc'}, 'dob': {'date': '1979-11-16T06:19:47.562Z', 'age': 44}, 'registered': {'date': '2021-03-07T16:20:12.568Z', 'age': 3}, 'phone': '(53) 2245-5607', 'cell': '(51) 7215-7689', 'id': {'name': 'CPF', 'value': '990.640.233-63'}, 'picture': {'large': 'https://randomuser.me/api/portraits/women/27.jpg', 'medium': 'https://randomuser.me/api/portraits/med/women/27.jpg', 'thumbnail': 'https://randomuser.me/api/portraits/thumb/women/27.jpg'}, 'nat': 'BR'}</msg>
<arg>${json_data['results'][0]}</arg>
<doc>Logs the given message with the given level.</doc>
<status status="PASS" start="2024-04-26T20:15:22.617496" elapsed="0.000424"/>
</kw>
<kw name="Log" owner="BuiltIn">
<msg time="2024-04-26T20:15:22.618349" level="INFO">name</msg>
<arg>${key}</arg>
<doc>Logs the given message with the given level.</doc>
<status status="PASS" start="2024-04-26T20:15:22.618219" elapsed="0.000168"/>
</kw>
<var name="${key}">name</var>
<status status="PASS" start="2024-04-26T20:15:22.616627" elapsed="0.001978"/>
</iter>
<iter>
<kw name="Dictionary Should Contain Key" owner="Collections">
<msg time="2024-04-26T20:15:22.619294" level="INFO">False</msg>
<arg>${json_data['results'][0]}</arg>
<arg>${key}</arg>
<doc>Fails if ``key`` is not found from ``dictionary``.</doc>
<status status="PASS" start="2024-04-26T20:15:22.618900" elapsed="0.000432"/>
</kw>
<kw name="Log" owner="BuiltIn">
<msg time="2024-04-26T20:15:22.619994" level="INFO">{'gender': 'female', 'name': {'title': 'Mrs', 'first': 'Zoraida', 'last': 'Martins'}, 'location': {'street': {'number': 5028, 'name': 'Rua Doze '}, 'city': 'Guarulhos', 'state': 'Goiás', 'country': 'Brazil', 'postcode': 80967, 'coordinates': {'latitude': '-73.3835', 'longitude': '165.8559'}, 'timezone': {'offset': '+3:00', 'description': 'Baghdad, Riyadh, Moscow, St. Petersburg'}}, 'email': 'zoraida.martins@example.com', 'login': {'uuid': 'f8788555-c9d3-4e18-82b0-dc9f49533798', 'username': 'beautifulswan776', 'password': 'pinky1', 'salt': 'LYo3eIYk', 'md5': '19eb4948bdd4c940df6367963c74d467', 'sha1': '347a4e021c413507f26247e8f8f7a06001487383', 'sha256': 'fe7023b1c8d36692753ff7de46501d8fb79fb79951f2851f7d5e9845ac5b9acc'}, 'dob': {'date': '1979-11-16T06:19:47.562Z', 'age': 44}, 'registered': {'date': '2021-03-07T16:20:12.568Z', 'age': 3}, 'phone': '(53) 2245-5607', 'cell': '(51) 7215-7689', 'id': {'name': 'CPF', 'value': '990.640.233-63'}, 'picture': {'large': 'https://randomuser.me/api/portraits/women/27.jpg', 'medium': 'https://randomuser.me/api/portraits/med/women/27.jpg', 'thumbnail': 'https://randomuser.me/api/portraits/thumb/women/27.jpg'}, 'nat': 'BR'}</msg>
<arg>${json_data['results'][0]}</arg>
<doc>Logs the given message with the given level.</doc>
<status status="PASS" start="2024-04-26T20:15:22.619630" elapsed="0.000414"/>
</kw>
<kw name="Log" owner="BuiltIn">
<msg time="2024-04-26T20:15:22.620510" level="INFO">location</msg>
<arg>${key}</arg>
<doc>Logs the given message with the given level.</doc>
<status status="PASS" start="2024-04-26T20:15:22.620380" elapsed="0.000169"/>
</kw>
<var name="${key}">location</var>
<status status="PASS" start="2024-04-26T20:15:22.618786" elapsed="0.001983"/>
</iter>
<iter>
<kw name="Dictionary Should Contain Key" owner="Collections">
<msg time="2024-04-26T20:15:22.621459" level="INFO">False</msg>
<arg>${json_data['results'][0]}</arg>
<arg>${key}</arg>
<doc>Fails if ``key`` is not found from ``dictionary``.</doc>
<status status="PASS" start="2024-04-26T20:15:22.621059" elapsed="0.000439"/>
</kw>
<kw name="Log" owner="BuiltIn">
<msg time="2024-04-26T20:15:22.622161" level="INFO">{'gender': 'female', 'name': {'title': 'Mrs', 'first': 'Zoraida', 'last': 'Martins'}, 'location': {'street': {'number': 5028, 'name': 'Rua Doze '}, 'city': 'Guarulhos', 'state': 'Goiás', 'country': 'Brazil', 'postcode': 80967, 'coordinates': {'latitude': '-73.3835', 'longitude': '165.8559'}, 'timezone': {'offset': '+3:00', 'description': 'Baghdad, Riyadh, Moscow, St. Petersburg'}}, 'email': 'zoraida.martins@example.com', 'login': {'uuid': 'f8788555-c9d3-4e18-82b0-dc9f49533798', 'username': 'beautifulswan776', 'password': 'pinky1', 'salt': 'LYo3eIYk', 'md5': '19eb4948bdd4c940df6367963c74d467', 'sha1': '347a4e021c413507f26247e8f8f7a06001487383', 'sha256': 'fe7023b1c8d36692753ff7de46501d8fb79fb79951f2851f7d5e9845ac5b9acc'}, 'dob': {'date': '1979-11-16T06:19:47.562Z', 'age': 44}, 'registered': {'date': '2021-03-07T16:20:12.568Z', 'age': 3}, 'phone': '(53) 2245-5607', 'cell': '(51) 7215-7689', 'id': {'name': 'CPF', 'value': '990.640.233-63'}, 'picture': {'large': 'https://randomuser.me/api/portraits/women/27.jpg', 'medium': 'https://randomuser.me/api/portraits/med/women/27.jpg', 'thumbnail': 'https://randomuser.me/api/portraits/thumb/women/27.jpg'}, 'nat': 'BR'}</msg>
<arg>${json_data['results'][0]}</arg>
<doc>Logs the given message with the given level.</doc>
<status status="PASS" start="2024-04-26T20:15:22.621798" elapsed="0.000415"/>
</kw>
<kw name="Log" owner="BuiltIn">
<msg time="2024-04-26T20:15:22.622636" level="INFO">email</msg>
<arg>${key}</arg>
<doc>Logs the given message with the given level.</doc>
<status status="PASS" start="2024-04-26T20:15:22.622508" elapsed="0.000166"/>
</kw>
<var name="${key}">email</var>
<status status="PASS" start="2024-04-26T20:15:22.620946" elapsed="0.001949"/>
</iter>
<iter>
<kw name="Dictionary Should Contain Key" owner="Collections">
<msg time="2024-04-26T20:15:22.623574" level="INFO">False</msg>
<arg>${json_data['results'][0]}</arg>
<arg>${key}</arg>
<doc>Fails if ``key`` is not found from ``dictionary``.</doc>
<status status="PASS" start="2024-04-26T20:15:22.623183" elapsed="0.000429"/>
</kw>
<kw name="Log" owner="BuiltIn">
<msg time="2024-04-26T20:15:22.624326" level="INFO">{'gender': 'female', 'name': {'title': 'Mrs', 'first': 'Zoraida', 'last': 'Martins'}, 'location': {'street': {'number': 5028, 'name': 'Rua Doze '}, 'city': 'Guarulhos', 'state': 'Goiás', 'country': 'Brazil', 'postcode': 80967, 'coordinates': {'latitude': '-73.3835', 'longitude': '165.8559'}, 'timezone': {'offset': '+3:00', 'description': 'Baghdad, Riyadh, Moscow, St. Petersburg'}}, 'email': 'zoraida.martins@example.com', 'login': {'uuid': 'f8788555-c9d3-4e18-82b0-dc9f49533798', 'username': 'beautifulswan776', 'password': 'pinky1', 'salt': 'LYo3eIYk', 'md5': '19eb4948bdd4c940df6367963c74d467', 'sha1': '347a4e021c413507f26247e8f8f7a06001487383', 'sha256': 'fe7023b1c8d36692753ff7de46501d8fb79fb79951f2851f7d5e9845ac5b9acc'}, 'dob': {'date': '1979-11-16T06:19:47.562Z', 'age': 44}, 'registered': {'date': '2021-03-07T16:20:12.568Z', 'age': 3}, 'phone': '(53) 2245-5607', 'cell': '(51) 7215-7689', 'id': {'name': 'CPF', 'value': '990.640.233-63'}, 'picture': {'large': 'https://randomuser.me/api/portraits/women/27.jpg', 'medium': 'https://randomuser.me/api/portraits/med/women/27.jpg', 'thumbnail': 'https://randomuser.me/api/portraits/thumb/women/27.jpg'}, 'nat': 'BR'}</msg>
<arg>${json_data['results'][0]}</arg>
<doc>Logs the given message with the given level.</doc>
<status status="PASS" start="2024-04-26T20:15:22.623908" elapsed="0.000470"/>
</kw>
<kw name="Log" owner="BuiltIn">
<msg time="2024-04-26T20:15:22.624822" level="INFO">login</msg>
<arg>${key}</arg>
<doc>Logs the given message with the given level.</doc>
<status status="PASS" start="2024-04-26T20:15:22.624683" elapsed="0.000208"/>
</kw>
<var name="${key}">login</var>
<status status="PASS" start="2024-04-26T20:15:22.623070" elapsed="0.002044"/>
</iter>
<var>${key}</var>
<value>@{expected_keys}</value>
<status status="PASS" start="2024-04-26T20:15:22.614188" elapsed="0.011050"/>
</for>
<kw name="Create List" owner="BuiltIn">
<msg time="2024-04-26T20:15:22.625570" level="INFO">${expected_keysTwo} = ['username', 'password']</msg>
<var>${expected_keysTwo}</var>
<arg>username</arg>
<arg>password</arg>
<doc>Returns a list containing given items.</doc>
<status status="PASS" start="2024-04-26T20:15:22.625432" elapsed="0.000162"/>
</kw>
<for flavor="IN">
<iter>
<kw name="Dictionary Should Contain Key" owner="Collections">
<msg time="2024-04-26T20:15:22.626488" level="INFO">False</msg>
<arg>${json_data['results'][0]['login']}</arg>
<arg>${keyTwo}</arg>
<doc>Fails if ``key`` is not found from ``dictionary``.</doc>
<status status="PASS" start="2024-04-26T20:15:22.626096" elapsed="0.000430"/>
</kw>
<kw name="Dictionary Should Contain Key" owner="Collections">
<msg time="2024-04-26T20:15:22.627219" level="INFO">False</msg>
<arg>${json_data['results'][0]['login']}</arg>
<arg>${keyTwo}</arg>
<doc>Fails if ``key`` is not found from ``dictionary``.</doc>
<status status="PASS" start="2024-04-26T20:15:22.626825" elapsed="0.000432"/>
</kw>
<kw name="Log" owner="BuiltIn">
<msg time="2024-04-26T20:15:22.627680" level="INFO">username</msg>
<arg>${keyTwo}</arg>
<doc>Logs the given message with the given level.</doc>
<status status="PASS" start="2024-04-26T20:15:22.627551" elapsed="0.000172"/>
</kw>
<var name="${keyTwo}">username</var>
<status status="PASS" start="2024-04-26T20:15:22.625985" elapsed="0.001954"/>
</iter>
<iter>
<kw name="Dictionary Should Contain Key" owner="Collections">
<msg time="2024-04-26T20:15:22.628666" level="INFO">False</msg>
<arg>${json_data['results'][0]['login']}</arg>
<arg>${keyTwo}</arg>
<doc>Fails if ``key`` is not found from ``dictionary``.</doc>
<status status="PASS" start="2024-04-26T20:15:22.628257" elapsed="0.000456"/>
</kw>
<kw name="Dictionary Should Contain Key" owner="Collections">
<msg time="2024-04-26T20:15:22.629477" level="INFO">False</msg>
<arg>${json_data['results'][0]['login']}</arg>
<arg>${keyTwo}</arg>
<doc>Fails if ``key`` is not found from ``dictionary``.</doc>
<status status="PASS" start="2024-04-26T20:15:22.629009" elapsed="0.000506"/>
</kw>
<kw name="Log" owner="BuiltIn">
<msg time="2024-04-26T20:15:22.629943" level="INFO">password</msg>
<arg>${keyTwo}</arg>
<doc>Logs the given message with the given level.</doc>
<status status="PASS" start="2024-04-26T20:15:22.629814" elapsed="0.000166"/>
</kw>
<var name="${keyTwo}">password</var>
<status status="PASS" start="2024-04-26T20:15:22.628111" elapsed="0.002085"/>
</iter>
<var>${keyTwo}</var>
<value>@{expected_keysTwo}</value>
<status status="PASS" start="2024-04-26T20:15:22.625833" elapsed="0.004487"/>
</for>
<status status="PASS" start="2024-04-26T20:15:22.519766" elapsed="0.110696"/>
</kw>
<doc>Testa a estrutura da resposta da API.</doc>
<tag>testeEstruturaResposta</tag>
<status status="PASS" start="2024-04-26T20:15:22.519128" elapsed="0.111495"/>
</test>
<test id="s1-s1-t4" name="Validar tipos de dados" line="28">
<kw name="Teste de Tipos de Dados" owner="random-user-service">
<kw name="GET On Session" owner="RequestsLibrary">
<msg time="2024-04-26T20:15:22.714506" level="INFO">GET Request : url=https://randomuser.me/api 
 path_url=/api 
 headers={'User-Agent': 'python-requests/2.31.0', 'Accept-Encoding': 'gzip, deflate', 'Accept': '*/*', 'Connection': 'keep-alive'} 
 body=None 
 </msg>
<msg time="2024-04-26T20:15:22.714605" level="INFO">GET Response : url=https://randomuser.me/api 
 status=200, reason=OK 
 headers={'Date': 'Fri, 26 Apr 2024 20:15:22 GMT', 'Content-Type': 'application/json; charset=utf-8', 'Transfer-Encoding': 'chunked', 'Connection': 'keep-alive', 'X-Powered-By': 'Express', 'Access-Control-Allow-Origin': '*', 'Cache-Control': 'no-cache', 'ETag': 'W/"479-dsBP8fpfrIteS/g8dJO9vLCPSAU"', 'Vary': 'Accept-Encoding', 'Content-Encoding': 'gzip', 'CF-Cache-Status': 'DYNAMIC', 'Report-To': '{"endpoints":[{"url":"https:\\/\\/a.nel.cloudflare.com\\/report\\/v4?s=JRQaQ5U3mKvLa%2BwNxW4wqAC6EfOrDoaVXI12Kmj5sWFRkZlDXH1Qvh0HXgNVXnPUHg60EJtJ6GJZclGryxlbWnS0fcFsWpsDJ8uDdPC9x1%2F0b1Ikokg6paDIgOjPyaDd"}],"group":"cf-nel","max_age":604800}', 'NEL': '{"success_fraction":0,"report_to":"cf-nel","max_age":604800}', 'Server': 'cloudflare', 'CF-RAY': '87a93e967d7a2262-ORD', 'alt-svc': 'h3=":443"; ma=86400'} 
 body={"results":[{"gender":"female","name":{"title":"Ms","first":"Kaitlin","last":"Odonoghue"},"location":{"street":{"number":978,"name":"Herbert Road"},"city":"Tullow","state":"Offaly","country":"Ireland","postcode":57667,"coordinates":{"latitude":"1.8124","longitude":"102.6913"},"timezone":{"offset":"+5:45","description":"Kathmandu"}},"email":"kaitlin.odonoghue@example.com","login":{"uuid":"8acb14fb-8b5e-4c70-ad65-a5c68da87f5d","username":"greenmouse383","password":"giorgio","salt":"Sv6VBdiZ","md5":"34fe2b95e028b2e7e600a3c1e34227cf","sha1":"7e7854e2c8923f118bdce9518120056ebfa2457c","sha256":"8c912358564402ec12aef30277a601bb3f90da2674bfe7fdbddd4dfcdaa6b070"},"dob":{"date":"1988-07-04T19:31:22.403Z","age":35},"registered":{"date":"2009-12-22T07:31:48.401Z","age":14},"phone":"071-654-9385","cell":"081-709-0879","id":{"name":"PPS","value":"6482488T"},"picture":{"large":"https://randomuser.me/api/portraits/women/48.jpg","medium":"https://randomuser.me/api/portraits/med/women/48.jpg","thumbnail":"https://randomuser.me/api/portraits/thumb/women/48.jpg"},"nat":"IE"}],"info":{"seed":"c79952bdd6fcbd53","results":1,"page":1,"version":"1.4"}} 
 </msg>
<msg time="2024-04-26T20:15:22.714688" level="INFO">/opt/hostedtoolcache/Python/3.12.3/x64/lib/python3.12/site-packages/urllib3/connectionpool.py:1103: InsecureRequestWarning: Unverified HTTPS request is being made to host 'randomuser.me'. Adding certificate verification is strongly advised. See: https://urllib3.readthedocs.io/en/latest/advanced-usage.html#tls-warnings
  warnings.warn(</msg>
<msg time="2024-04-26T20:15:22.714837" level="INFO">${response} = &lt;Response [200]&gt;</msg>
<var>${response}</var>
<arg>consultarAPI</arg>
<arg>/api</arg>
<doc>Sends a GET request on a previously created HTTP Session.</doc>
<status status="PASS" start="2024-04-26T20:15:22.633272" elapsed="0.081606"/>
</kw>
<kw name="Set Variable" owner="BuiltIn">
<msg time="2024-04-26T20:15:22.715987" level="INFO">${json_data} = {'results': [{'gender': 'female', 'name': {'title': 'Ms', 'first': 'Kaitlin', 'last': 'Odonoghue'}, 'location': {'street': {'number': 978, 'name': 'Herbert Road'}, 'city': 'Tullow', 'state': 'Offaly',...</msg>
<var>${json_data}</var>
<arg>${response.json()}</arg>
<doc>Returns the given values which can then be assigned to a variables.</doc>
<status status="PASS" start="2024-04-26T20:15:22.715462" elapsed="0.000554"/>
</kw>
<kw name="Log" owner="BuiltIn">
<msg time="2024-04-26T20:15:22.716527" level="INFO">{'results': [{'gender': 'female', 'name': {'title': 'Ms', 'first': 'Kaitlin', 'last': 'Odonoghue'}, 'location': {'street': {'number': 978, 'name': 'Herbert Road'}, 'city': 'Tullow', 'state': 'Offaly', 'country': 'Ireland', 'postcode': 57667, 'coordinates': {'latitude': '1.8124', 'longitude': '102.6913'}, 'timezone': {'offset': '+5:45', 'description': 'Kathmandu'}}, 'email': 'kaitlin.odonoghue@example.com', 'login': {'uuid': '8acb14fb-8b5e-4c70-ad65-a5c68da87f5d', 'username': 'greenmouse383', 'password': 'giorgio', 'salt': 'Sv6VBdiZ', 'md5': '34fe2b95e028b2e7e600a3c1e34227cf', 'sha1': '7e7854e2c8923f118bdce9518120056ebfa2457c', 'sha256': '8c912358564402ec12aef30277a601bb3f90da2674bfe7fdbddd4dfcdaa6b070'}, 'dob': {'date': '1988-07-04T19:31:22.403Z', 'age': 35}, 'registered': {'date': '2009-12-22T07:31:48.401Z', 'age': 14}, 'phone': '071-654-9385', 'cell': '081-709-0879', 'id': {'name': 'PPS', 'value': '6482488T'}, 'picture': {'large': 'https://randomuser.me/api/portraits/women/48.jpg', 'medium': 'https://randomuser.me/api/portraits/med/women/48.jpg', 'thumbnail': 'https://randomuser.me/api/portraits/thumb/women/48.jpg'}, 'nat': 'IE'}], 'info': {'seed': 'c79952bdd6fcbd53', 'results': 1, 'page': 1, 'version': '1.4'}}</msg>
<arg>${json_data}</arg>
<doc>Logs the given message with the given level.</doc>
<status status="PASS" start="2024-04-26T20:15:22.716368" elapsed="0.000245"/>
</kw>
<kw name="Should Be String" owner="String">
<arg>${json_data['results'][0]['gender']}</arg>
<doc>Fails if the given ``item`` is not a string.</doc>
<status status="PASS" start="2024-04-26T20:15:22.716916" elapsed="0.000364"/>
</kw>
<kw name="Should Match Regexp" owner="BuiltIn">
<arg>${json_data['results'][0]['email']}</arg>
<arg>^[a-zA-Z0-9._%+-]+@[a-zA-Z0-9.-]+\.[a-zA-Z]{2,}$</arg>
<doc>Fails if ``string`` does not match ``pattern`` as a regular expression.</doc>
<status status="PASS" start="2024-04-26T20:15:22.717474" elapsed="0.000526"/>
</kw>
<kw name="Should Match Regexp" owner="BuiltIn">
<arg>${json_data['results'][0]['dob']['date']}</arg>
<arg>\\d{4}-\\d{2}-\\d{2}T\\d{2}:\\d{2}:\\d{2}\\.\\d{3}Z</arg>
<doc>Fails if ``string`` does not match ``pattern`` as a regular expression.</doc>
<status status="PASS" start="2024-04-26T20:15:22.718195" elapsed="0.000487"/>
</kw>
<kw name="Should Match Regexp" owner="BuiltIn">
<arg>${json_data['results'][0]['registered']['date']}</arg>
<arg>\\d{4}-\\d{2}-\\d{2}T\\d{2}:\\d{2}:\\d{2}\\.\\d{3}Z</arg>
<doc>Fails if ``string`` does not match ``pattern`` as a regular expression.</doc>
<status status="PASS" start="2024-04-26T20:15:22.718872" elapsed="0.000366"/>
</kw>
<kw name="Should Match Regexp" owner="BuiltIn">
<arg>${json_data['results'][0]['picture']['large']}</arg>
<arg>^https?://.*\.(?:png|jpe?g|gif|bmp)$</arg>
<doc>Fails if ``string`` does not match ``pattern`` as a regular expression.</doc>
<status status="PASS" start="2024-04-26T20:15:22.719426" elapsed="0.000461"/>
</kw>
<kw name="Should Match Regexp" owner="BuiltIn">
<arg>${json_data['results'][0]['picture']['medium']}</arg>
<arg>^https?://.*\.(?:png|jpe?g|gif|bmp)$</arg>
<doc>Fails if ``string`` does not match ``pattern`` as a regular expression.</doc>
<status status="PASS" start="2024-04-26T20:15:22.720079" elapsed="0.000412"/>
</kw>
<kw name="Should Match Regexp" owner="BuiltIn">
<arg>${json_data['results'][0]['picture']['thumbnail']}</arg>
<arg>^https?://.*\.(?:png|jpe?g|gif|bmp)$</arg>
<doc>Fails if ``string`` does not match ``pattern`` as a regular expression.</doc>
<status status="PASS" start="2024-04-26T20:15:22.720684" elapsed="0.000363"/>
</kw>
<kw name="Log" owner="BuiltIn">
<msg time="2024-04-26T20:15:22.721555" level="INFO">{'large': 'https://randomuser.me/api/portraits/women/48.jpg', 'medium': 'https://randomuser.me/api/portraits/med/women/48.jpg', 'thumbnail': 'https://randomuser.me/api/portraits/thumb/women/48.jpg'}</msg>
<arg>${json_data['results'][0]['picture']}</arg>
<doc>Logs the given message with the given level.</doc>
<status status="PASS" start="2024-04-26T20:15:22.721231" elapsed="0.000367"/>
</kw>
<status status="PASS" start="2024-04-26T20:15:22.633037" elapsed="0.088822"/>
</kw>
<kw name="Teste de Tipos de Dados - Postcode" owner="random-user-service">
<kw name="GET On Session" owner="RequestsLibrary">
<msg time="2024-04-26T20:15:22.824452" level="INFO">GET Request : url=https://randomuser.me/api 
 path_url=/api 
 headers={'User-Agent': 'python-requests/2.31.0', 'Accept-Encoding': 'gzip, deflate', 'Accept': '*/*', 'Connection': 'keep-alive'} 
 body=None 
 </msg>
<msg time="2024-04-26T20:15:22.824563" level="INFO">GET Response : url=https://randomuser.me/api 
 status=200, reason=OK 
 headers={'Date': 'Fri, 26 Apr 2024 20:15:22 GMT', 'Content-Type': 'application/json; charset=utf-8', 'Transfer-Encoding': 'chunked', 'Connection': 'keep-alive', 'X-Powered-By': 'Express', 'Access-Control-Allow-Origin': '*', 'Cache-Control': 'no-cache', 'ETag': 'W/"4a0-EOnCG4mm5te7xgH2iwrZhIPNVj0"', 'Vary': 'Accept-Encoding', 'Content-Encoding': 'gzip', 'CF-Cache-Status': 'DYNAMIC', 'Report-To': '{"endpoints":[{"url":"https:\\/\\/a.nel.cloudflare.com\\/report\\/v4?s=ZZTDGmZMru%2FO%2FK0TuaqaZi3irNlEnIIGsF0ZDN6vuNla%2BAHhqhmFV3MDrUjIPo87g%2F%2FIS6NN12IwD1Axk5IjCQXmfkpOvy0dvBRZn0%2BwtWC%2B9syxiQLeJ7v4J%2BGEevRu"}],"group":"cf-nel","max_age":604800}', 'NEL': '{"success_fraction":0,"report_to":"cf-nel","max_age":604800}', 'Server': 'cloudflare', 'CF-RAY': '87a93e970e432262-ORD', 'alt-svc': 'h3=":443"; ma=86400'} 
 body={"results":[{"gender":"female","name":{"title":"Mrs","first":"Helena","last":"Sotelo"},"location":{"street":{"number":7479,"name":"Cerrada Tlaxcala"},"city":"Zacatelco","state":"Oaxaca","country":"Mexico","postcode":95227,"coordinates":{"latitude":"22.5687","longitude":"140.8773"},"timezone":{"offset":"-6:00","description":"Central Time (US &amp; Canada), Mexico City"}},"email":"helena.sotelo@example.com","login":{"uuid":"7d73b5f9-fd02-4c25-b1fc-529a87266e5b","username":"silverfrog223","password":"wives","salt":"1bjViwlh","md5":"c4b919a81832ce1625ef152bf69c6c4b","sha1":"2a69c1e37b466059316f67a0abbe2262cd3aa11a","sha256":"fcbe003c32e107886c19a625bb5908e220bb739abe31cc209362c2cf44fc1199"},"dob":{"date":"1977-06-07T01:22:06.920Z","age":46},"registered":{"date":"2015-09-17T02:51:43.133Z","age":8},"phone":"(641) 348 3677","cell":"(632) 985 0408","id":{"name":"NSS","value":"35 25 83 7242 3"},"picture":{"large":"https://randomuser.me/api/portraits/women/54.jpg","medium":"https://randomuser.me/api/portraits/med/women/54.jpg","thumbnail":"https://randomuser.me/api/portraits/thumb/women/54.jpg"},"nat":"MX"}],"info":{"seed":"7fd3fa84d8a8f3cb","results":1,"page":1,"version":"1.4"}} 
 </msg>
<msg time="2024-04-26T20:15:22.824638" level="INFO">/opt/hostedtoolcache/Python/3.12.3/x64/lib/python3.12/site-packages/urllib3/connectionpool.py:1103: InsecureRequestWarning: Unverified HTTPS request is being made to host 'randomuser.me'. Adding certificate verification is strongly advised. See: https://urllib3.readthedocs.io/en/latest/advanced-usage.html#tls-warnings
  warnings.warn(</msg>
<msg time="2024-04-26T20:15:22.824775" level="INFO">${response} = &lt;Response [200]&gt;</msg>
<var>${response}</var>
<arg>consultarAPI</arg>
<arg>/api</arg>
<doc>Sends a GET request on a previously created HTTP Session.</doc>
<status status="PASS" start="2024-04-26T20:15:22.722336" elapsed="0.102480"/>
</kw>
<kw name="Set Variable" owner="BuiltIn">
<msg time="2024-04-26T20:15:22.825890" level="INFO">${json_data} = {'results': [{'gender': 'female', 'name': {'title': 'Mrs', 'first': 'Helena', 'last': 'Sotelo'}, 'location': {'street': {'number': 7479, 'name': 'Cerrada Tlaxcala'}, 'city': 'Zacatelco', 'state': 'Oax...</msg>
<var>${json_data}</var>
<arg>${response.json()}</arg>
<doc>Returns the given values which can then be assigned to a variables.</doc>
<status status="PASS" start="2024-04-26T20:15:22.825360" elapsed="0.000558"/>
</kw>
<kw name="Log" owner="BuiltIn">
<msg time="2024-04-26T20:15:22.826414" level="INFO">{'results': [{'gender': 'female', 'name': {'title': 'Mrs', 'first': 'Helena', 'last': 'Sotelo'}, 'location': {'street': {'number': 7479, 'name': 'Cerrada Tlaxcala'}, 'city': 'Zacatelco', 'state': 'Oaxaca', 'country': 'Mexico', 'postcode': 95227, 'coordinates': {'latitude': '22.5687', 'longitude': '140.8773'}, 'timezone': {'offset': '-6:00', 'description': 'Central Time (US &amp; Canada), Mexico City'}}, 'email': 'helena.sotelo@example.com', 'login': {'uuid': '7d73b5f9-fd02-4c25-b1fc-529a87266e5b', 'username': 'silverfrog223', 'password': 'wives', 'salt': '1bjViwlh', 'md5': 'c4b919a81832ce1625ef152bf69c6c4b', 'sha1': '2a69c1e37b466059316f67a0abbe2262cd3aa11a', 'sha256': 'fcbe003c32e107886c19a625bb5908e220bb739abe31cc209362c2cf44fc1199'}, 'dob': {'date': '1977-06-07T01:22:06.920Z', 'age': 46}, 'registered': {'date': '2015-09-17T02:51:43.133Z', 'age': 8}, 'phone': '(641) 348 3677', 'cell': '(632) 985 0408', 'id': {'name': 'NSS', 'value': '35 25 83 7242 3'}, 'picture': {'large': 'https://randomuser.me/api/portraits/women/54.jpg', 'medium': 'https://randomuser.me/api/portraits/med/women/54.jpg', 'thumbnail': 'https://randomuser.me/api/portraits/thumb/women/54.jpg'}, 'nat': 'MX'}], 'info': {'seed': '7fd3fa84d8a8f3cb', 'results': 1, 'page': 1, 'version': '1.4'}}</msg>
<arg>${json_data}</arg>
<doc>Logs the given message with the given level.</doc>
<status status="PASS" start="2024-04-26T20:15:22.826256" elapsed="0.000246"/>
</kw>
<kw name="Should Be Equal As Numbers" owner="BuiltIn">
<arg>${json_data['results'][0]['location']['postcode']}</arg>
<arg>${json_data['results'][0]['location']['postcode']}</arg>
<doc>Fails if objects are unequal after converting them to real numbers.</doc>
<status status="PASS" start="2024-04-26T20:15:22.826810" elapsed="0.000819"/>
</kw>
<kw name="Log" owner="BuiltIn">
<msg time="2024-04-26T20:15:22.828167" level="INFO">95227</msg>
<arg>${json_data['results'][0]['location']['postcode']}</arg>
<doc>Logs the given message with the given level.</doc>
<status status="PASS" start="2024-04-26T20:15:22.827825" elapsed="0.000424"/>
</kw>
<status status="PASS" start="2024-04-26T20:15:22.722092" elapsed="0.106439"/>
</kw>
<doc>Testa se os tipos de dados na resposta da API estão corretos.</doc>
<tag>testeTiposDados</tag>
<status status="PASS" start="2024-04-26T20:15:22.632457" elapsed="0.196248"/>
</test>
<test id="s1-s1-t5" name="Validar conteudo" line="35">
<kw name="Teste de Tipos de Conteudo" owner="random-user-service">
<kw name="GET On Session" owner="RequestsLibrary">
<msg time="2024-04-26T20:15:22.923803" level="INFO">GET Request : url=https://randomuser.me/api 
 path_url=/api 
 headers={'User-Agent': 'python-requests/2.31.0', 'Accept-Encoding': 'gzip, deflate', 'Accept': '*/*', 'Connection': 'keep-alive'} 
 body=None 
 </msg>
<msg time="2024-04-26T20:15:22.923903" level="INFO">GET Response : url=https://randomuser.me/api 
 status=200, reason=OK 
 headers={'Date': 'Fri, 26 Apr 2024 20:15:22 GMT', 'Content-Type': 'application/json; charset=utf-8', 'Transfer-Encoding': 'chunked', 'Connection': 'keep-alive', 'X-Powered-By': 'Express', 'Access-Control-Allow-Origin': '*', 'Cache-Control': 'no-cache', 'ETag': 'W/"499-WoudTmL9XZB6/+ufKpoEyHo1ifM"', 'Vary': 'Accept-Encoding', 'Content-Encoding': 'gzip', 'CF-Cache-Status': 'DYNAMIC', 'Report-To': '{"endpoints":[{"url":"https:\\/\\/a.nel.cloudflare.com\\/report\\/v4?s=D%2BlvXkOKEoMPBe65V932JZCD1856ZeJLkKqeMb3X93mB8OX5p5WWcDoCSg4w4itQrmFCYYrG88h9kcMaV8DK4NNwst%2F0bcUXU5EiQ8O1C9wz7je2fTAVh8YukQSalNqL"}],"group":"cf-nel","max_age":604800}', 'NEL': '{"success_fraction":0,"report_to":"cf-nel","max_age":604800}', 'Server': 'cloudflare', 'CF-RAY': '87a93e97bf5c2262-ORD', 'alt-svc': 'h3=":443"; ma=86400'} 
 body={"results":[{"gender":"female","name":{"title":"Miss","first":"Live","last":"Skailand"},"location":{"street":{"number":8311,"name":"Fjørtofts gate"},"city":"Dalemarka","state":"Møre og Romsdal","country":"Norway","postcode":"1363","coordinates":{"latitude":"44.2806","longitude":"43.1775"},"timezone":{"offset":"-5:00","description":"Eastern Time (US &amp; Canada), Bogota, Lima"}},"email":"live.skailand@example.com","login":{"uuid":"9c13d316-cd10-4c88-beda-f1251a0c7603","username":"redzebra168","password":"straight","salt":"2gdUIF86","md5":"894c62e60f877e9433b915628b417cb3","sha1":"bfbf6edb3e3ec12ed177fa24ebd519518e731f15","sha256":"2ace7b8ea788b6cc8b1be5d37f1b45b3b1af5e0b07024c3c705ff97b66e39811"},"dob":{"date":"1953-10-28T15:34:17.971Z","age":70},"registered":{"date":"2009-07-13T20:21:05.193Z","age":14},"phone":"60743021","cell":"93771317","id":{"name":"FN","value":"28105343851"},"picture":{"large":"https://randomuser.me/api/portraits/women/8.jpg","medium":"https://randomuser.me/api/portraits/med/women/8.jpg","thumbnail":"https://randomuser.me/api/portraits/thumb/women/8.jpg"},"nat":"NO"}],"info":{"seed":"3305fd983fd1e2ea","results":1,"page":1,"version":"1.4"}} 
 </msg>
<msg time="2024-04-26T20:15:22.923979" level="INFO">/opt/hostedtoolcache/Python/3.12.3/x64/lib/python3.12/site-packages/urllib3/connectionpool.py:1103: InsecureRequestWarning: Unverified HTTPS request is being made to host 'randomuser.me'. Adding certificate verification is strongly advised. See: https://urllib3.readthedocs.io/en/latest/advanced-usage.html#tls-warnings
  warnings.warn(</msg>
<msg time="2024-04-26T20:15:22.924120" level="INFO">${response} = &lt;Response [200]&gt;</msg>
<var>${response}</var>
<arg>consultarAPI</arg>
<arg>/api</arg>
<doc>Sends a GET request on a previously created HTTP Session.</doc>
<status status="PASS" start="2024-04-26T20:15:22.831249" elapsed="0.092914"/>
</kw>
<kw name="Set Variable" owner="BuiltIn">
<msg time="2024-04-26T20:15:22.925252" level="INFO">${json_data} = {'results': [{'gender': 'female', 'name': {'title': 'Miss', 'first': 'Live', 'last': 'Skailand'}, 'location': {'street': {'number': 8311, 'name': 'Fjørtofts gate'}, 'city': 'Dalemarka', 'state': 'Møre...</msg>
<var>${json_data}</var>
<arg>${response.json()}</arg>
<doc>Returns the given values which can then be assigned to a variables.</doc>
<status status="PASS" start="2024-04-26T20:15:22.924725" elapsed="0.000558"/>
</kw>
<kw name="Set Variable" owner="BuiltIn">
<msg time="2024-04-26T20:15:22.925992" level="INFO">${name_title} = Miss</msg>
<var>${name_title}</var>
<arg>${json_data["results"][0]["name"]["title"]}</arg>
<doc>Returns the given values which can then be assigned to a variables.</doc>
<status status="PASS" start="2024-04-26T20:15:22.925603" elapsed="0.000414"/>
</kw>
<kw name="Create List" owner="BuiltIn">
<msg time="2024-04-26T20:15:22.926464" level="INFO">${allowed_titles} = ['Mr', 'Ms', 'Miss', 'Mrs', 'Madame', 'Monsieur']</msg>
<var>${allowed_titles}</var>
<arg>Mr</arg>
<arg>Ms</arg>
<arg>Miss</arg>
<arg>Mrs</arg>
<arg>Madame</arg>
<arg>Monsieur</arg>
<doc>Returns a list containing given items.</doc>
<status status="PASS" start="2024-04-26T20:15:22.926315" elapsed="0.000173"/>
</kw>
<kw name="List Should Contain Value" owner="Collections">
<msg time="2024-04-26T20:15:22.926962" level="INFO">False</msg>
<arg>${allowed_titles}</arg>
<arg>${name_title}</arg>
<doc>Fails if the ``value`` is not found from ``list``.</doc>
<status status="PASS" start="2024-04-26T20:15:22.926786" elapsed="0.000213"/>
</kw>
<kw name="Set Variable" owner="BuiltIn">
<msg time="2024-04-26T20:15:22.927663" level="INFO">${name_country} = NO</msg>
<var>${name_country}</var>
<arg>${json_data["results"][0]["nat"]}</arg>
<doc>Returns the given values which can then be assigned to a variables.</doc>
<status status="PASS" start="2024-04-26T20:15:22.927284" elapsed="0.000404"/>
</kw>
<kw name="Create List" owner="BuiltIn">
<msg time="2024-04-26T20:15:22.928606" level="INFO">${list_country} = ['AD', 'AE', 'AF', 'AG', 'AI', 'AL', 'AM', 'AO', 'AQ', 'AR', 'AS', 'AT', 'AU', 'AW', 'AX', 'AZ', 'BA', 'BB', 'BD', 'BE', 'BF', 'BG', 'BH', 'BI', 'BJ', 'BL', 'BM', 'BN', 'BO', 'BQ', 'BR', 'BS', 'BT', '...</msg>
<var>${list_country}</var>
<arg>AD</arg>
<arg>AE</arg>
<arg>AF</arg>
<arg>AG</arg>
<arg>AI</arg>
<arg>AL</arg>
<arg>AM</arg>
<arg>AO</arg>
<arg>AQ</arg>
<arg>AR</arg>
<arg>AS</arg>
<arg>AT</arg>
<arg>AU</arg>
<arg>AW</arg>
<arg>AX</arg>
<arg>AZ</arg>
<arg>BA</arg>
<arg>BB</arg>
<arg>BD</arg>
<arg>BE</arg>
<arg>BF</arg>
<arg>BG</arg>
<arg>BH</arg>
<arg>BI</arg>
<arg>BJ</arg>
<arg>BL</arg>
<arg>BM</arg>
<arg>BN</arg>
<arg>BO</arg>
<arg>BQ</arg>
<arg>BR</arg>
<arg>BS</arg>
<arg>BT</arg>
<arg>BV</arg>
<arg>BW</arg>
<arg>BY</arg>
<arg>BZ</arg>
<arg>CA</arg>
<arg>CC</arg>
<arg>CD</arg>
<arg>CF</arg>
<arg>CG</arg>
<arg>CH</arg>
<arg>CI</arg>
<arg>CK</arg>
<arg>CL</arg>
<arg>CM</arg>
<arg>CN</arg>
<arg>CO</arg>
<arg>CR</arg>
<arg>CU</arg>
<arg>CV</arg>
<arg>CW</arg>
<arg>CX</arg>
<arg>CY</arg>
<arg>CZ</arg>
<arg>DE</arg>
<arg>DJ</arg>
<arg>DK</arg>
<arg>DM</arg>
<arg>DO</arg>
<arg>DZ</arg>
<arg>EC</arg>
<arg>EE</arg>
<arg>EG</arg>
<arg>EH</arg>
<arg>ER</arg>
<arg>ES</arg>
<arg>ET</arg>
<arg>FI</arg>
<arg>FJ</arg>
<arg>FK</arg>
<arg>FM</arg>
<arg>FO</arg>
<arg>FR</arg>
<arg>GA</arg>
<arg>GB</arg>
<arg>GD</arg>
<arg>GE</arg>
<arg>GF</arg>
<arg>GG</arg>
<arg>GH</arg>
<arg>GI</arg>
<arg>GL</arg>
<arg>GM</arg>
<arg>GN</arg>
<arg>GP</arg>
<arg>GQ</arg>
<arg>GR</arg>
<arg>GS</arg>
<arg>GT</arg>
<arg>GU</arg>
<arg>GW</arg>
<arg>GY</arg>
<arg>HK</arg>
<arg>HM</arg>
<arg>HN</arg>
<arg>HR</arg>
<arg>HT</arg>
<arg>HU</arg>
<arg>ID</arg>
<arg>IE</arg>
<arg>IL</arg>
<arg>IM</arg>
<arg>IN</arg>
<arg>IO</arg>
<arg>IQ</arg>
<arg>IR</arg>
<arg>IS</arg>
<arg>IT</arg>
<arg>JE</arg>
<arg>JM</arg>
<arg>JO</arg>
<arg>JP</arg>
<arg>KE</arg>
<arg>KG</arg>
<arg>KH</arg>
<arg>KI</arg>
<arg>KM</arg>
<arg>KN</arg>
<arg>KP</arg>
<arg>KR</arg>
<arg>KW</arg>
<arg>KY</arg>
<arg>KZ</arg>
<arg>LA</arg>
<arg>LB</arg>
<arg>LC</arg>
<arg>LI</arg>
<arg>LK</arg>
<arg>LR</arg>
<arg>LS</arg>
<arg>LT</arg>
<arg>LU</arg>
<arg>LV</arg>
<arg>LY</arg>
<arg>MA</arg>
<arg>MC</arg>
<arg>MD</arg>
<arg>ME</arg>
<arg>MF</arg>
<arg>MG</arg>
<arg>MH</arg>
<arg>MK</arg>
<arg>ML</arg>
<arg>MM</arg>
<arg>MN</arg>
<arg>MO</arg>
<arg>MP</arg>
<arg>MQ</arg>
<arg>MR</arg>
<arg>MS</arg>
<arg>MT</arg>
<arg>MU</arg>
<arg>MV</arg>
<arg>MW</arg>
<arg>MX</arg>
<arg>MY</arg>
<arg>MZ</arg>
<arg>NA</arg>
<arg>NC</arg>
<arg>NE</arg>
<arg>NF</arg>
<arg>NG</arg>
<arg>NI</arg>
<arg>NL</arg>
<arg>NO</arg>
<arg>NP</arg>
<arg>NR</arg>
<arg>NU</arg>
<arg>NZ</arg>
<arg>OM</arg>
<arg>PA</arg>
<arg>PE</arg>
<arg>PF</arg>
<arg>PG</arg>
<arg>PH</arg>
<arg>PK</arg>
<arg>PL</arg>
<arg>PM</arg>
<arg>PN</arg>
<arg>PR</arg>
<arg>PS</arg>
<arg>PT</arg>
<arg>PW</arg>
<arg>PY</arg>
<arg>QA</arg>
<arg>RE</arg>
<arg>RO</arg>
<arg>RS</arg>
<arg>RU</arg>
<arg>RW</arg>
<arg>SA</arg>
<arg>SB</arg>
<arg>SC</arg>
<arg>SD</arg>
<arg>SE</arg>
<arg>SG</arg>
<arg>SH</arg>
<arg>SI</arg>
<arg>SJ</arg>
<arg>SK</arg>
<arg>SL</arg>
<arg>SM</arg>
<arg>SN</arg>
<arg>SO</arg>
<arg>SR</arg>
<arg>SS</arg>
<arg>ST</arg>
<arg>SV</arg>
<arg>SX</arg>
<arg>SY</arg>
<arg>SZ</arg>
<arg>TC</arg>
<arg>TD</arg>
<arg>TF</arg>
<arg>TG</arg>
<arg>TH</arg>
<arg>TJ</arg>
<arg>TK</arg>
<arg>TL</arg>
<arg>TM</arg>
<arg>TN</arg>
<arg>TO</arg>
<arg>TR</arg>
<arg>TT</arg>
<arg>TV</arg>
<arg>TW</arg>
<arg>TZ</arg>
<arg>UA</arg>
<arg>UG</arg>
<arg>UM</arg>
<arg>US</arg>
<arg>UY</arg>
<arg>UZ</arg>
<arg>VA</arg>
<arg>VC</arg>
<arg>VE</arg>
<arg>VG</arg>
<arg>VI</arg>
<arg>VN</arg>
<arg>VU</arg>
<arg>WF</arg>
<arg>WS</arg>
<arg>XK</arg>
<arg>YE</arg>
<arg>YT</arg>
<arg>ZA</arg>
<arg>ZM</arg>
<arg>ZW</arg>
<doc>Returns a list containing given items.</doc>
<status status="PASS" start="2024-04-26T20:15:22.927987" elapsed="0.000645"/>
</kw>
<kw name="List Should Contain Value" owner="Collections">
<msg time="2024-04-26T20:15:22.929630" level="INFO">False</msg>
<arg>${list_country}</arg>
<arg>${name_country}</arg>
<doc>Fails if the ``value`` is not found from ``list``.</doc>
<status status="PASS" start="2024-04-26T20:15:22.929428" elapsed="0.000238"/>
</kw>
<kw name="Run Keyword If" owner="BuiltIn">
<kw name="Should Be True" owner="BuiltIn">
<arg>${True}</arg>
<doc>Fails if the given condition is not true.</doc>
<status status="PASS" start="2024-04-26T20:15:22.930743" elapsed="0.000172"/>
</kw>
<arg>${json_data["results"][0]["location"]["coordinates"]["latitude"]} &gt;= -90 and ${json_data["results"][0]["location"]["coordinates"]["latitude"]} &lt;= 90</arg>
<arg>Should Be True</arg>
<arg>${True}</arg>
<doc>Runs the given keyword with the given arguments, if ``condition`` is true.</doc>
<status status="PASS" start="2024-04-26T20:15:22.929978" elapsed="0.001068"/>
</kw>
<kw name="Run Keyword If" owner="BuiltIn">
<kw name="Should Be True" owner="BuiltIn">
<arg>${True}</arg>
<doc>Fails if the given condition is not true.</doc>
<status status="PASS" start="2024-04-26T20:15:22.931938" elapsed="0.000295"/>
</kw>
<arg>${json_data["results"][0]["location"]["coordinates"]["longitude"]} &gt;= -180 and ${json_data["results"][0]["location"]["coordinates"]["longitude"]} &lt;= 180</arg>
<arg>Should Be True</arg>
<arg>${True}</arg>
<doc>Runs the given keyword with the given arguments, if ``condition`` is true.</doc>
<status status="PASS" start="2024-04-26T20:15:22.931237" elapsed="0.001131"/>
</kw>
<status status="PASS" start="2024-04-26T20:15:22.830998" elapsed="0.101510"/>
</kw>
<doc>Testa o conteúdo específico dos campos retornados pela API.</doc>
<tag>testeConteudo</tag>
<status status="PASS" start="2024-04-26T20:15:22.830493" elapsed="0.102170"/>
</test>
<status status="PASS" start="2024-04-26T20:15:22.072938" elapsed="0.861738"/>
</suite>
<status status="PASS" start="2024-04-26T20:15:22.054105" elapsed="0.885723"/>
</suite>
<statistics>
<total>
<stat pass="5" fail="0" skip="0">All Tests</stat>
</total>
<tag>
<stat pass="1" fail="0" skip="0">testeConteudo</stat>
<stat pass="1" fail="0" skip="0">testeEstruturaResposta</stat>
<stat pass="1" fail="0" skip="0">testeRequisicaoBasica</stat>
<stat pass="1" fail="0" skip="0">testeTiposDados</stat>
</tag>
<suite>
<stat pass="5" fail="0" skip="0" id="s1" name="Tests">Tests</stat>
<stat pass="5" fail="0" skip="0" id="s1-s1" name="Random-User-Test">Tests.Random-User-Test</stat>
</suite>
</statistics>
<errors>
</errors>
</robot>
