<?xml version="1.0" encoding="UTF-8"?>
<robot generator="Robot 7.0 (Python 3.12.2 on linux)" generated="2024-04-04T10:14:18.606808" rpa="false" schemaversion="5">
<suite id="s1" name="Tests" source="/home/runner/work/DesafioQAItauRogerioJordao/DesafioQAItauRogerioJordao/RamdonUser/tests">
<suite id="s1-s1" name="Random-User-Test" source="/home/runner/work/DesafioQAItauRogerioJordao/DesafioQAItauRogerioJordao/RamdonUser/tests/random-user-test.robot">
<test id="s1-s1-t1" name="Conectar" line="13">
<kw name="Conectar API" owner="random-user-service">
<kw name="Create Session" owner="RequestsLibrary">
<msg time="2024-04-04T10:14:18.960602" level="INFO">Creating Session using : alias=consultarAPI, url=https://randomuser.me/, headers={},                     cookies={}, auth=None, timeout=None, proxies=None, verify=False,                     debug=0 </msg>
<arg>consultarAPI</arg>
<arg>${URL}</arg>
<doc>Create Session: create a HTTP session to a server</doc>
<status status="PASS" start="2024-04-04T10:14:18.960402" elapsed="0.000430"/>
</kw>
<status status="PASS" start="2024-04-04T10:14:18.959405" elapsed="0.001785"/>
</kw>
<status status="PASS" start="2024-04-04T10:14:18.958893" elapsed="0.002500"/>
</test>
<test id="s1-s1-t2" name="Validar retorno 200 e JSON Válido" line="16">
<kw name="Teste de Requisicao Basica" owner="random-user-service">
<kw name="GET On Session" owner="RequestsLibrary">
<msg time="2024-04-04T10:14:19.168208" level="INFO">GET Request : url=https://randomuser.me/api 
 path_url=/api 
 headers={'User-Agent': 'python-requests/2.31.0', 'Accept-Encoding': 'gzip, deflate', 'Accept': '*/*', 'Connection': 'keep-alive'} 
 body=None 
 </msg>
<msg time="2024-04-04T10:14:19.168318" level="INFO">GET Response : url=https://randomuser.me/api 
 status=200, reason=OK 
 headers={'Date': 'Thu, 04 Apr 2024 10:14:19 GMT', 'Content-Type': 'application/json; charset=utf-8', 'Transfer-Encoding': 'chunked', 'Connection': 'keep-alive', 'X-Powered-By': 'Express', 'Access-Control-Allow-Origin': '*', 'Cache-Control': 'no-cache', 'ETag': 'W/"47e-5EpOc815WKA1Z5BP6AL7FAre0EI"', 'Vary': 'Accept-Encoding', 'Content-Encoding': 'gzip', 'CF-Cache-Status': 'DYNAMIC', 'Report-To': '{"endpoints":[{"url":"https:\\/\\/a.nel.cloudflare.com\\/report\\/v4?s=84s82jB32hcdJ2xQtgmSuUlmQd%2BhHmXGjQHI%2FkgVuP6WXII3NEh8zEF%2FX1LXWSc6C%2BCv56%2BCjZok4a56R40F6H2LRvcl6x3kmRHyO0DpjfoSGT72B5RYNIU9UsobVT27"}],"group":"cf-nel","max_age":604800}', 'NEL': '{"success_fraction":0,"report_to":"cf-nel","max_age":604800}', 'Server': 'cloudflare', 'CF-RAY': '86f087e19c2b6380-ORD', 'alt-svc': 'h3=":443"; ma=86400'} 
 body={"results":[{"gender":"male","name":{"title":"Mr","first":"Manuel","last":"Torres"},"location":{"street":{"number":9834,"name":"Calle Covadonga"},"city":"Cuenca","state":"Asturias","country":"Spain","postcode":24869,"coordinates":{"latitude":"-36.7819","longitude":"-77.1590"},"timezone":{"offset":"-1:00","description":"Azores, Cape Verde Islands"}},"email":"manuel.torres@example.com","login":{"uuid":"be6f3322-2638-4105-b1e6-74edb72fd793","username":"tinygorilla511","password":"barry","salt":"kynGgatQ","md5":"61806fd2afc6525c6c3ac75b86e73ebd","sha1":"d7da1950a66cf61985db89c40de5556e581b10c3","sha256":"f5889e549d4ccaaf113659076988948fe4562099ba70768fca7537707e6b27b2"},"dob":{"date":"1959-08-03T22:38:39.162Z","age":64},"registered":{"date":"2020-04-07T14:10:59.281Z","age":3},"phone":"974-198-462","cell":"675-855-893","id":{"name":"DNI","value":"35633504-K"},"picture":{"large":"https://randomuser.me/api/portraits/men/82.jpg","medium":"https://randomuser.me/api/portraits/med/men/82.jpg","thumbnail":"https://randomuser.me/api/portraits/thumb/men/82.jpg"},"nat":"ES"}],"info":{"seed":"a782f28fe8283964","results":1,"page":1,"version":"1.4"}} 
 </msg>
<msg time="2024-04-04T10:14:19.168411" level="INFO">/opt/hostedtoolcache/Python/3.12.2/x64/lib/python3.12/site-packages/urllib3/connectionpool.py:1103: InsecureRequestWarning: Unverified HTTPS request is being made to host 'randomuser.me'. Adding certificate verification is strongly advised. See: https://urllib3.readthedocs.io/en/latest/advanced-usage.html#tls-warnings
  warnings.warn(</msg>
<msg time="2024-04-04T10:14:19.168534" level="INFO">${response} = &lt;Response [200]&gt;</msg>
<var>${response}</var>
<arg>consultarAPI</arg>
<arg>/api</arg>
<doc>Sends a GET request on a previously created HTTP Session.</doc>
<status status="PASS" start="2024-04-04T10:14:18.964008" elapsed="0.204567"/>
</kw>
<kw name="Should Be Equal As Numbers" owner="BuiltIn">
<msg time="2024-04-04T10:14:19.169598" level="INFO">Argument types are:
&lt;class 'int'&gt;
&lt;class 'str'&gt;</msg>
<arg>${response.status_code}</arg>
<arg>200</arg>
<doc>Fails if objects are unequal after converting them to real numbers.</doc>
<status status="PASS" start="2024-04-04T10:14:19.169118" elapsed="0.000543"/>
</kw>
<kw name="Log" owner="BuiltIn">
<msg time="2024-04-04T10:14:19.170332" level="INFO">200</msg>
<arg>${response.status_code}</arg>
<doc>Logs the given message with the given level.</doc>
<status status="PASS" start="2024-04-04T10:14:19.169978" elapsed="0.000396"/>
</kw>
<kw name="Set Variable" owner="BuiltIn">
<msg time="2024-04-04T10:14:19.171139" level="INFO">${json_data} = {'results': [{'gender': 'male', 'name': {'title': 'Mr', 'first': 'Manuel', 'last': 'Torres'}, 'location': {'street': {'number': 9834, 'name': 'Calle Covadonga'}, 'city': 'Cuenca', 'state': 'Asturias',...</msg>
<var>${json_data}</var>
<arg>${response.json()}</arg>
<doc>Returns the given values which can then be assigned to a variables.</doc>
<status status="PASS" start="2024-04-04T10:14:19.170709" elapsed="0.000458"/>
</kw>
<kw name="Dictionary Should Contain Key" owner="Collections">
<msg time="2024-04-04T10:14:19.171633" level="INFO">False</msg>
<arg>${json_data}</arg>
<arg>results</arg>
<doc>Fails if ``key`` is not found from ``dictionary``.</doc>
<status status="PASS" start="2024-04-04T10:14:19.171468" elapsed="0.000204"/>
</kw>
<status status="PASS" start="2024-04-04T10:14:18.963760" elapsed="0.208165"/>
</kw>
<doc>Testa se a API responde corretamente e retorna um objeto JSON válido.</doc>
<tag>testeRequisicaoBasica</tag>
<status status="PASS" start="2024-04-04T10:14:18.963309" elapsed="0.208794"/>
</test>
<test id="s1-s1-t3" name="Validar estrutura de resposta" line="22">
<kw name="Teste de Estrutura de Resposta" owner="random-user-service">
<kw name="GET On Session" owner="RequestsLibrary">
<msg time="2024-04-04T10:14:19.270065" level="INFO">GET Request : url=https://randomuser.me/api 
 path_url=/api 
 headers={'User-Agent': 'python-requests/2.31.0', 'Accept-Encoding': 'gzip, deflate', 'Accept': '*/*', 'Connection': 'keep-alive'} 
 body=None 
 </msg>
<msg time="2024-04-04T10:14:19.270150" level="INFO">GET Response : url=https://randomuser.me/api 
 status=200, reason=OK 
 headers={'Date': 'Thu, 04 Apr 2024 10:14:19 GMT', 'Content-Type': 'application/json; charset=utf-8', 'Transfer-Encoding': 'chunked', 'Connection': 'keep-alive', 'X-Powered-By': 'Express', 'Access-Control-Allow-Origin': '*', 'Cache-Control': 'no-cache', 'ETag': 'W/"477-3fUdX7YuBCFejFJbi6o1CYIi/oI"', 'Vary': 'Accept-Encoding', 'Content-Encoding': 'gzip', 'CF-Cache-Status': 'DYNAMIC', 'Report-To': '{"endpoints":[{"url":"https:\\/\\/a.nel.cloudflare.com\\/report\\/v4?s=kK8Xq2xhZB9i02IHPheIbX9X8G5R%2B0k5xDNcloXI5ewTT%2FpIp8MGJRzoSx24sTb4Dz0O9ES%2BSkkeJnAIHz0Yz%2BpC5wGI7X%2F2hCB4R8%2FweNUAFSc9iasK1%2BWnuTpWyQjY"}],"group":"cf-nel","max_age":604800}', 'NEL': '{"success_fraction":0,"report_to":"cf-nel","max_age":604800}', 'Server': 'cloudflare', 'CF-RAY': '86f087e1dc566380-ORD', 'alt-svc': 'h3=":443"; ma=86400'} 
 body={"results":[{"gender":"female","name":{"title":"Mrs","first":"Urte","last":"Huang"},"location":{"street":{"number":993,"name":"Seljeveien"},"city":"Sundbyfoss","state":"Vestfold","country":"Norway","postcode":"9365","coordinates":{"latitude":"44.1407","longitude":"6.0479"},"timezone":{"offset":"+7:00","description":"Bangkok, Hanoi, Jakarta"}},"email":"urte.huang@example.com","login":{"uuid":"f5ac1bcf-64b1-43c4-8f75-7064d3e6ba34","username":"goldenladybug107","password":"jeff","salt":"sQepXqt9","md5":"e0d4f9057715675b8854c9b14b19fa97","sha1":"4fdfcbd99a882c8c75ded8496f405762cd611f7e","sha256":"79dc82565071022356158fa15259ca41d7910368c6205d47a725c2f4def37694"},"dob":{"date":"1968-10-24T00:39:32.262Z","age":55},"registered":{"date":"2008-06-18T23:49:56.002Z","age":15},"phone":"39476228","cell":"97599332","id":{"name":"FN","value":"24106813406"},"picture":{"large":"https://randomuser.me/api/portraits/women/81.jpg","medium":"https://randomuser.me/api/portraits/med/women/81.jpg","thumbnail":"https://randomuser.me/api/portraits/thumb/women/81.jpg"},"nat":"NO"}],"info":{"seed":"3c8826680339bf99","results":1,"page":1,"version":"1.4"}} 
 </msg>
<msg time="2024-04-04T10:14:19.270284" level="INFO">/opt/hostedtoolcache/Python/3.12.2/x64/lib/python3.12/site-packages/urllib3/connectionpool.py:1103: InsecureRequestWarning: Unverified HTTPS request is being made to host 'randomuser.me'. Adding certificate verification is strongly advised. See: https://urllib3.readthedocs.io/en/latest/advanced-usage.html#tls-warnings
  warnings.warn(</msg>
<msg time="2024-04-04T10:14:19.270400" level="INFO">${response} = &lt;Response [200]&gt;</msg>
<var>${response}</var>
<arg>consultarAPI</arg>
<arg>/api</arg>
<doc>Sends a GET request on a previously created HTTP Session.</doc>
<status status="PASS" start="2024-04-04T10:14:19.174793" elapsed="0.095647"/>
</kw>
<kw name="Set Variable" owner="BuiltIn">
<msg time="2024-04-04T10:14:19.271425" level="INFO">${json_data} = {'results': [{'gender': 'female', 'name': {'title': 'Mrs', 'first': 'Urte', 'last': 'Huang'}, 'location': {'street': {'number': 993, 'name': 'Seljeveien'}, 'city': 'Sundbyfoss', 'state': 'Vestfold', '...</msg>
<var>${json_data}</var>
<arg>${response.json()}</arg>
<doc>Returns the given values which can then be assigned to a variables.</doc>
<status status="PASS" start="2024-04-04T10:14:19.270882" elapsed="0.000572"/>
</kw>
<kw name="Log" owner="BuiltIn">
<msg time="2024-04-04T10:14:19.271917" level="INFO">{'results': [{'gender': 'female', 'name': {'title': 'Mrs', 'first': 'Urte', 'last': 'Huang'}, 'location': {'street': {'number': 993, 'name': 'Seljeveien'}, 'city': 'Sundbyfoss', 'state': 'Vestfold', 'country': 'Norway', 'postcode': '9365', 'coordinates': {'latitude': '44.1407', 'longitude': '6.0479'}, 'timezone': {'offset': '+7:00', 'description': 'Bangkok, Hanoi, Jakarta'}}, 'email': 'urte.huang@example.com', 'login': {'uuid': 'f5ac1bcf-64b1-43c4-8f75-7064d3e6ba34', 'username': 'goldenladybug107', 'password': 'jeff', 'salt': 'sQepXqt9', 'md5': 'e0d4f9057715675b8854c9b14b19fa97', 'sha1': '4fdfcbd99a882c8c75ded8496f405762cd611f7e', 'sha256': '79dc82565071022356158fa15259ca41d7910368c6205d47a725c2f4def37694'}, 'dob': {'date': '1968-10-24T00:39:32.262Z', 'age': 55}, 'registered': {'date': '2008-06-18T23:49:56.002Z', 'age': 15}, 'phone': '39476228', 'cell': '97599332', 'id': {'name': 'FN', 'value': '24106813406'}, 'picture': {'large': 'https://randomuser.me/api/portraits/women/81.jpg', 'medium': 'https://randomuser.me/api/portraits/med/women/81.jpg', 'thumbnail': 'https://randomuser.me/api/portraits/thumb/women/81.jpg'}, 'nat': 'NO'}], 'info': {'seed': '3c8826680339bf99', 'results': 1, 'page': 1, 'version': '1.4'}}</msg>
<arg>${json_data}</arg>
<doc>Logs the given message with the given level.</doc>
<status status="PASS" start="2024-04-04T10:14:19.271760" elapsed="0.000203"/>
</kw>
<kw name="Dictionary Should Contain Key" owner="Collections">
<msg time="2024-04-04T10:14:19.272408" level="INFO">False</msg>
<arg>${json_data}</arg>
<arg>results</arg>
<doc>Fails if ``key`` is not found from ``dictionary``.</doc>
<status status="PASS" start="2024-04-04T10:14:19.272259" elapsed="0.000187"/>
</kw>
<kw name="Should Not Be Empty" owner="BuiltIn">
<msg time="2024-04-04T10:14:19.272906" level="INFO">Length is 2.</msg>
<arg>${json_data}</arg>
<doc>Verifies that the given item is not empty.</doc>
<status status="PASS" start="2024-04-04T10:14:19.272771" elapsed="0.000174"/>
</kw>
<kw name="Create List" owner="BuiltIn">
<msg time="2024-04-04T10:14:19.273385" level="INFO">${expected_keys} = ['gender', 'name', 'location', 'email', 'login']</msg>
<var>${expected_keys}</var>
<arg>gender</arg>
<arg>name</arg>
<arg>location</arg>
<arg>email</arg>
<arg>login</arg>
<doc>Returns a list containing given items.</doc>
<status status="PASS" start="2024-04-04T10:14:19.273236" elapsed="0.000172"/>
</kw>
<for flavor="IN">
<iter>
<kw name="Dictionary Should Contain Key" owner="Collections">
<msg time="2024-04-04T10:14:19.274374" level="INFO">False</msg>
<arg>${json_data['results'][0]}</arg>
<arg>${key}</arg>
<doc>Fails if ``key`` is not found from ``dictionary``.</doc>
<status status="PASS" start="2024-04-04T10:14:19.273968" elapsed="0.000445"/>
</kw>
<kw name="Log" owner="BuiltIn">
<msg time="2024-04-04T10:14:19.275092" level="INFO">{'gender': 'female', 'name': {'title': 'Mrs', 'first': 'Urte', 'last': 'Huang'}, 'location': {'street': {'number': 993, 'name': 'Seljeveien'}, 'city': 'Sundbyfoss', 'state': 'Vestfold', 'country': 'Norway', 'postcode': '9365', 'coordinates': {'latitude': '44.1407', 'longitude': '6.0479'}, 'timezone': {'offset': '+7:00', 'description': 'Bangkok, Hanoi, Jakarta'}}, 'email': 'urte.huang@example.com', 'login': {'uuid': 'f5ac1bcf-64b1-43c4-8f75-7064d3e6ba34', 'username': 'goldenladybug107', 'password': 'jeff', 'salt': 'sQepXqt9', 'md5': 'e0d4f9057715675b8854c9b14b19fa97', 'sha1': '4fdfcbd99a882c8c75ded8496f405762cd611f7e', 'sha256': '79dc82565071022356158fa15259ca41d7910368c6205d47a725c2f4def37694'}, 'dob': {'date': '1968-10-24T00:39:32.262Z', 'age': 55}, 'registered': {'date': '2008-06-18T23:49:56.002Z', 'age': 15}, 'phone': '39476228', 'cell': '97599332', 'id': {'name': 'FN', 'value': '24106813406'}, 'picture': {'large': 'https://randomuser.me/api/portraits/women/81.jpg', 'medium': 'https://randomuser.me/api/portraits/med/women/81.jpg', 'thumbnail': 'https://randomuser.me/api/portraits/thumb/women/81.jpg'}, 'nat': 'NO'}</msg>
<arg>${json_data['results'][0]}</arg>
<doc>Logs the given message with the given level.</doc>
<status status="PASS" start="2024-04-04T10:14:19.274720" elapsed="0.000431"/>
</kw>
<kw name="Log" owner="BuiltIn">
<msg time="2024-04-04T10:14:19.275587" level="INFO">gender</msg>
<arg>${key}</arg>
<doc>Logs the given message with the given level.</doc>
<status status="PASS" start="2024-04-04T10:14:19.275455" elapsed="0.000171"/>
</kw>
<var name="${key}">gender</var>
<status status="PASS" start="2024-04-04T10:14:19.273844" elapsed="0.002004"/>
</iter>
<iter>
<kw name="Dictionary Should Contain Key" owner="Collections">
<msg time="2024-04-04T10:14:19.276537" level="INFO">False</msg>
<arg>${json_data['results'][0]}</arg>
<arg>${key}</arg>
<doc>Fails if ``key`` is not found from ``dictionary``.</doc>
<status status="PASS" start="2024-04-04T10:14:19.276151" elapsed="0.000424"/>
</kw>
<kw name="Log" owner="BuiltIn">
<msg time="2024-04-04T10:14:19.277290" level="INFO">{'gender': 'female', 'name': {'title': 'Mrs', 'first': 'Urte', 'last': 'Huang'}, 'location': {'street': {'number': 993, 'name': 'Seljeveien'}, 'city': 'Sundbyfoss', 'state': 'Vestfold', 'country': 'Norway', 'postcode': '9365', 'coordinates': {'latitude': '44.1407', 'longitude': '6.0479'}, 'timezone': {'offset': '+7:00', 'description': 'Bangkok, Hanoi, Jakarta'}}, 'email': 'urte.huang@example.com', 'login': {'uuid': 'f5ac1bcf-64b1-43c4-8f75-7064d3e6ba34', 'username': 'goldenladybug107', 'password': 'jeff', 'salt': 'sQepXqt9', 'md5': 'e0d4f9057715675b8854c9b14b19fa97', 'sha1': '4fdfcbd99a882c8c75ded8496f405762cd611f7e', 'sha256': '79dc82565071022356158fa15259ca41d7910368c6205d47a725c2f4def37694'}, 'dob': {'date': '1968-10-24T00:39:32.262Z', 'age': 55}, 'registered': {'date': '2008-06-18T23:49:56.002Z', 'age': 15}, 'phone': '39476228', 'cell': '97599332', 'id': {'name': 'FN', 'value': '24106813406'}, 'picture': {'large': 'https://randomuser.me/api/portraits/women/81.jpg', 'medium': 'https://randomuser.me/api/portraits/med/women/81.jpg', 'thumbnail': 'https://randomuser.me/api/portraits/thumb/women/81.jpg'}, 'nat': 'NO'}</msg>
<arg>${json_data['results'][0]}</arg>
<doc>Logs the given message with the given level.</doc>
<status status="PASS" start="2024-04-04T10:14:19.276924" elapsed="0.000415"/>
</kw>
<kw name="Log" owner="BuiltIn">
<msg time="2024-04-04T10:14:19.277776" level="INFO">name</msg>
<arg>${key}</arg>
<doc>Logs the given message with the given level.</doc>
<status status="PASS" start="2024-04-04T10:14:19.277647" elapsed="0.000168"/>
</kw>
<var name="${key}">name</var>
<status status="PASS" start="2024-04-04T10:14:19.276035" elapsed="0.001997"/>
</iter>
<iter>
<kw name="Dictionary Should Contain Key" owner="Collections">
<msg time="2024-04-04T10:14:19.278710" level="INFO">False</msg>
<arg>${json_data['results'][0]}</arg>
<arg>${key}</arg>
<doc>Fails if ``key`` is not found from ``dictionary``.</doc>
<status status="PASS" start="2024-04-04T10:14:19.278324" elapsed="0.000423"/>
</kw>
<kw name="Log" owner="BuiltIn">
<msg time="2024-04-04T10:14:19.279407" level="INFO">{'gender': 'female', 'name': {'title': 'Mrs', 'first': 'Urte', 'last': 'Huang'}, 'location': {'street': {'number': 993, 'name': 'Seljeveien'}, 'city': 'Sundbyfoss', 'state': 'Vestfold', 'country': 'Norway', 'postcode': '9365', 'coordinates': {'latitude': '44.1407', 'longitude': '6.0479'}, 'timezone': {'offset': '+7:00', 'description': 'Bangkok, Hanoi, Jakarta'}}, 'email': 'urte.huang@example.com', 'login': {'uuid': 'f5ac1bcf-64b1-43c4-8f75-7064d3e6ba34', 'username': 'goldenladybug107', 'password': 'jeff', 'salt': 'sQepXqt9', 'md5': 'e0d4f9057715675b8854c9b14b19fa97', 'sha1': '4fdfcbd99a882c8c75ded8496f405762cd611f7e', 'sha256': '79dc82565071022356158fa15259ca41d7910368c6205d47a725c2f4def37694'}, 'dob': {'date': '1968-10-24T00:39:32.262Z', 'age': 55}, 'registered': {'date': '2008-06-18T23:49:56.002Z', 'age': 15}, 'phone': '39476228', 'cell': '97599332', 'id': {'name': 'FN', 'value': '24106813406'}, 'picture': {'large': 'https://randomuser.me/api/portraits/women/81.jpg', 'medium': 'https://randomuser.me/api/portraits/med/women/81.jpg', 'thumbnail': 'https://randomuser.me/api/portraits/thumb/women/81.jpg'}, 'nat': 'NO'}</msg>
<arg>${json_data['results'][0]}</arg>
<doc>Logs the given message with the given level.</doc>
<status status="PASS" start="2024-04-04T10:14:19.279045" elapsed="0.000414"/>
</kw>
<kw name="Log" owner="BuiltIn">
<msg time="2024-04-04T10:14:19.279880" level="INFO">location</msg>
<arg>${key}</arg>
<doc>Logs the given message with the given level.</doc>
<status status="PASS" start="2024-04-04T10:14:19.279753" elapsed="0.000165"/>
</kw>
<var name="${key}">location</var>
<status status="PASS" start="2024-04-04T10:14:19.278212" elapsed="0.001922"/>
</iter>
<iter>
<kw name="Dictionary Should Contain Key" owner="Collections">
<msg time="2024-04-04T10:14:19.280841" level="INFO">False</msg>
<arg>${json_data['results'][0]}</arg>
<arg>${key}</arg>
<doc>Fails if ``key`` is not found from ``dictionary``.</doc>
<status status="PASS" start="2024-04-04T10:14:19.280418" elapsed="0.000460"/>
</kw>
<kw name="Log" owner="BuiltIn">
<msg time="2024-04-04T10:14:19.281538" level="INFO">{'gender': 'female', 'name': {'title': 'Mrs', 'first': 'Urte', 'last': 'Huang'}, 'location': {'street': {'number': 993, 'name': 'Seljeveien'}, 'city': 'Sundbyfoss', 'state': 'Vestfold', 'country': 'Norway', 'postcode': '9365', 'coordinates': {'latitude': '44.1407', 'longitude': '6.0479'}, 'timezone': {'offset': '+7:00', 'description': 'Bangkok, Hanoi, Jakarta'}}, 'email': 'urte.huang@example.com', 'login': {'uuid': 'f5ac1bcf-64b1-43c4-8f75-7064d3e6ba34', 'username': 'goldenladybug107', 'password': 'jeff', 'salt': 'sQepXqt9', 'md5': 'e0d4f9057715675b8854c9b14b19fa97', 'sha1': '4fdfcbd99a882c8c75ded8496f405762cd611f7e', 'sha256': '79dc82565071022356158fa15259ca41d7910368c6205d47a725c2f4def37694'}, 'dob': {'date': '1968-10-24T00:39:32.262Z', 'age': 55}, 'registered': {'date': '2008-06-18T23:49:56.002Z', 'age': 15}, 'phone': '39476228', 'cell': '97599332', 'id': {'name': 'FN', 'value': '24106813406'}, 'picture': {'large': 'https://randomuser.me/api/portraits/women/81.jpg', 'medium': 'https://randomuser.me/api/portraits/med/women/81.jpg', 'thumbnail': 'https://randomuser.me/api/portraits/thumb/women/81.jpg'}, 'nat': 'NO'}</msg>
<arg>${json_data['results'][0]}</arg>
<doc>Logs the given message with the given level.</doc>
<status status="PASS" start="2024-04-04T10:14:19.281183" elapsed="0.000402"/>
</kw>
<kw name="Log" owner="BuiltIn">
<msg time="2024-04-04T10:14:19.282006" level="INFO">email</msg>
<arg>${key}</arg>
<doc>Logs the given message with the given level.</doc>
<status status="PASS" start="2024-04-04T10:14:19.281879" elapsed="0.000165"/>
</kw>
<var name="${key}">email</var>
<status status="PASS" start="2024-04-04T10:14:19.280306" elapsed="0.001953"/>
</iter>
<iter>
<kw name="Dictionary Should Contain Key" owner="Collections">
<msg time="2024-04-04T10:14:19.282932" level="INFO">False</msg>
<arg>${json_data['results'][0]}</arg>
<arg>${key}</arg>
<doc>Fails if ``key`` is not found from ``dictionary``.</doc>
<status status="PASS" start="2024-04-04T10:14:19.282547" elapsed="0.000422"/>
</kw>
<kw name="Log" owner="BuiltIn">
<msg time="2024-04-04T10:14:19.283614" level="INFO">{'gender': 'female', 'name': {'title': 'Mrs', 'first': 'Urte', 'last': 'Huang'}, 'location': {'street': {'number': 993, 'name': 'Seljeveien'}, 'city': 'Sundbyfoss', 'state': 'Vestfold', 'country': 'Norway', 'postcode': '9365', 'coordinates': {'latitude': '44.1407', 'longitude': '6.0479'}, 'timezone': {'offset': '+7:00', 'description': 'Bangkok, Hanoi, Jakarta'}}, 'email': 'urte.huang@example.com', 'login': {'uuid': 'f5ac1bcf-64b1-43c4-8f75-7064d3e6ba34', 'username': 'goldenladybug107', 'password': 'jeff', 'salt': 'sQepXqt9', 'md5': 'e0d4f9057715675b8854c9b14b19fa97', 'sha1': '4fdfcbd99a882c8c75ded8496f405762cd611f7e', 'sha256': '79dc82565071022356158fa15259ca41d7910368c6205d47a725c2f4def37694'}, 'dob': {'date': '1968-10-24T00:39:32.262Z', 'age': 55}, 'registered': {'date': '2008-06-18T23:49:56.002Z', 'age': 15}, 'phone': '39476228', 'cell': '97599332', 'id': {'name': 'FN', 'value': '24106813406'}, 'picture': {'large': 'https://randomuser.me/api/portraits/women/81.jpg', 'medium': 'https://randomuser.me/api/portraits/med/women/81.jpg', 'thumbnail': 'https://randomuser.me/api/portraits/thumb/women/81.jpg'}, 'nat': 'NO'}</msg>
<arg>${json_data['results'][0]}</arg>
<doc>Logs the given message with the given level.</doc>
<status status="PASS" start="2024-04-04T10:14:19.283260" elapsed="0.000399"/>
</kw>
<kw name="Log" owner="BuiltIn">
<msg time="2024-04-04T10:14:19.284076" level="INFO">login</msg>
<arg>${key}</arg>
<doc>Logs the given message with the given level.</doc>
<status status="PASS" start="2024-04-04T10:14:19.283949" elapsed="0.000266"/>
</kw>
<var name="${key}">login</var>
<status status="PASS" start="2024-04-04T10:14:19.282432" elapsed="0.002007"/>
</iter>
<var>${key}</var>
<value>@{expected_keys}</value>
<status status="PASS" start="2024-04-04T10:14:19.273662" elapsed="0.010899"/>
</for>
<kw name="Create List" owner="BuiltIn">
<msg time="2024-04-04T10:14:19.284955" level="INFO">${expected_keysTwo} = ['username', 'password']</msg>
<var>${expected_keysTwo}</var>
<arg>username</arg>
<arg>password</arg>
<doc>Returns a list containing given items.</doc>
<status status="PASS" start="2024-04-04T10:14:19.284812" elapsed="0.000166"/>
</kw>
<for flavor="IN">
<iter>
<kw name="Dictionary Should Contain Key" owner="Collections">
<msg time="2024-04-04T10:14:19.285869" level="INFO">False</msg>
<arg>${json_data['results'][0]['login']}</arg>
<arg>${keyTwo}</arg>
<doc>Fails if ``key`` is not found from ``dictionary``.</doc>
<status status="PASS" start="2024-04-04T10:14:19.285480" elapsed="0.000426"/>
</kw>
<kw name="Dictionary Should Contain Key" owner="Collections">
<msg time="2024-04-04T10:14:19.286578" level="INFO">False</msg>
<arg>${json_data['results'][0]['login']}</arg>
<arg>${keyTwo}</arg>
<doc>Fails if ``key`` is not found from ``dictionary``.</doc>
<status status="PASS" start="2024-04-04T10:14:19.286201" elapsed="0.000413"/>
</kw>
<kw name="Log" owner="BuiltIn">
<msg time="2024-04-04T10:14:19.287038" level="INFO">username</msg>
<arg>${keyTwo}</arg>
<doc>Logs the given message with the given level.</doc>
<status status="PASS" start="2024-04-04T10:14:19.286910" elapsed="0.000165"/>
</kw>
<var name="${keyTwo}">username</var>
<status status="PASS" start="2024-04-04T10:14:19.285367" elapsed="0.001921"/>
</iter>
<iter>
<kw name="Dictionary Should Contain Key" owner="Collections">
<msg time="2024-04-04T10:14:19.287944" level="INFO">False</msg>
<arg>${json_data['results'][0]['login']}</arg>
<arg>${keyTwo}</arg>
<doc>Fails if ``key`` is not found from ``dictionary``.</doc>
<status status="PASS" start="2024-04-04T10:14:19.287571" elapsed="0.000410"/>
</kw>
<kw name="Dictionary Should Contain Key" owner="Collections">
<msg time="2024-04-04T10:14:19.288660" level="INFO">False</msg>
<arg>${json_data['results'][0]['login']}</arg>
<arg>${keyTwo}</arg>
<doc>Fails if ``key`` is not found from ``dictionary``.</doc>
<status status="PASS" start="2024-04-04T10:14:19.288272" elapsed="0.000443"/>
</kw>
<kw name="Log" owner="BuiltIn">
<msg time="2024-04-04T10:14:19.289142" level="INFO">password</msg>
<arg>${keyTwo}</arg>
<doc>Logs the given message with the given level.</doc>
<status status="PASS" start="2024-04-04T10:14:19.289013" elapsed="0.000166"/>
</kw>
<var name="${keyTwo}">password</var>
<status status="PASS" start="2024-04-04T10:14:19.287461" elapsed="0.001935"/>
</iter>
<var>${keyTwo}</var>
<value>@{expected_keysTwo}</value>
<status status="PASS" start="2024-04-04T10:14:19.285217" elapsed="0.004300"/>
</for>
<status status="PASS" start="2024-04-04T10:14:19.174565" elapsed="0.115091"/>
</kw>
<doc>Testa a estrutura da resposta da API.</doc>
<tag>testeEstruturaResposta</tag>
<status status="PASS" start="2024-04-04T10:14:19.173964" elapsed="0.115844"/>
</test>
<test id="s1-s1-t4" name="Validar tipos de dados" line="28">
<kw name="Teste de Tipos de Dados" owner="random-user-service">
<kw name="GET On Session" owner="RequestsLibrary">
<msg time="2024-04-04T10:14:19.371924" level="INFO">GET Request : url=https://randomuser.me/api 
 path_url=/api 
 headers={'User-Agent': 'python-requests/2.31.0', 'Accept-Encoding': 'gzip, deflate', 'Accept': '*/*', 'Connection': 'keep-alive'} 
 body=None 
 </msg>
<msg time="2024-04-04T10:14:19.372005" level="INFO">GET Response : url=https://randomuser.me/api 
 status=200, reason=OK 
 headers={'Date': 'Thu, 04 Apr 2024 10:14:19 GMT', 'Content-Type': 'application/json; charset=utf-8', 'Transfer-Encoding': 'chunked', 'Connection': 'keep-alive', 'X-Powered-By': 'Express', 'Access-Control-Allow-Origin': '*', 'Cache-Control': 'no-cache', 'ETag': 'W/"477-PpjqimThastXz4UmaraJiZYy4zY"', 'Vary': 'Accept-Encoding', 'Content-Encoding': 'gzip', 'CF-Cache-Status': 'DYNAMIC', 'Report-To': '{"endpoints":[{"url":"https:\\/\\/a.nel.cloudflare.com\\/report\\/v4?s=GNjXrfEZ9Ju%2BZOb3iMtligMAL8xsqDTSEk7%2BOLWQGFB%2FS8KiBkF6NS7uh9RFSfqKfdPc0P%2FwAOKp%2B7hZOrWAuIhvdyX3r29wb%2FRfP%2BmSEe1EAz%2F1Vee6FbWqtFiPpPMa"}],"group":"cf-nel","max_age":604800}', 'NEL': '{"success_fraction":0,"report_to":"cf-nel","max_age":604800}', 'Server': 'cloudflare', 'CF-RAY': '86f087e29cb66380-ORD', 'alt-svc': 'h3=":443"; ma=86400'} 
 body={"results":[{"gender":"male","name":{"title":"Mr","first":"Benjamin","last":"Wright"},"location":{"street":{"number":340,"name":"Elles Road"},"city":"Palmerston North","state":"Otago","country":"New Zealand","postcode":83151,"coordinates":{"latitude":"51.7111","longitude":"-44.3141"},"timezone":{"offset":"-3:30","description":"Newfoundland"}},"email":"benjamin.wright@example.com","login":{"uuid":"2f50399d-b0d9-4c51-a34f-b535cc9fa95e","username":"crazyzebra765","password":"central","salt":"Sd3JYwfO","md5":"6503ee08b8a1740f0d4e73009adc60e2","sha1":"54deea25f2fce4e0198426184c529bf87d34f89b","sha256":"1597f627157b8765ecd79f60b4d7e27d0fe3569e5efa643697d3d150deed233c"},"dob":{"date":"1963-09-24T19:05:31.953Z","age":60},"registered":{"date":"2007-03-31T03:48:05.345Z","age":17},"phone":"(876)-965-3824","cell":"(988)-077-8967","id":{"name":"","value":null},"picture":{"large":"https://randomuser.me/api/portraits/men/31.jpg","medium":"https://randomuser.me/api/portraits/med/men/31.jpg","thumbnail":"https://randomuser.me/api/portraits/thumb/men/31.jpg"},"nat":"NZ"}],"info":{"seed":"ba79c90d9449f0cf","results":1,"page":1,"version":"1.4"}} 
 </msg>
<msg time="2024-04-04T10:14:19.372075" level="INFO">/opt/hostedtoolcache/Python/3.12.2/x64/lib/python3.12/site-packages/urllib3/connectionpool.py:1103: InsecureRequestWarning: Unverified HTTPS request is being made to host 'randomuser.me'. Adding certificate verification is strongly advised. See: https://urllib3.readthedocs.io/en/latest/advanced-usage.html#tls-warnings
  warnings.warn(</msg>
<msg time="2024-04-04T10:14:19.372190" level="INFO">${response} = &lt;Response [200]&gt;</msg>
<var>${response}</var>
<arg>consultarAPI</arg>
<arg>/api</arg>
<doc>Sends a GET request on a previously created HTTP Session.</doc>
<status status="PASS" start="2024-04-04T10:14:19.292188" elapsed="0.080056"/>
</kw>
<kw name="Set Variable" owner="BuiltIn">
<msg time="2024-04-04T10:14:19.373343" level="INFO">${json_data} = {'results': [{'gender': 'male', 'name': {'title': 'Mr', 'first': 'Benjamin', 'last': 'Wright'}, 'location': {'street': {'number': 340, 'name': 'Elles Road'}, 'city': 'Palmerston North', 'state': 'Otag...</msg>
<var>${json_data}</var>
<arg>${response.json()}</arg>
<doc>Returns the given values which can then be assigned to a variables.</doc>
<status status="PASS" start="2024-04-04T10:14:19.372795" elapsed="0.000576"/>
</kw>
<kw name="Log" owner="BuiltIn">
<msg time="2024-04-04T10:14:19.373832" level="INFO">{'results': [{'gender': 'male', 'name': {'title': 'Mr', 'first': 'Benjamin', 'last': 'Wright'}, 'location': {'street': {'number': 340, 'name': 'Elles Road'}, 'city': 'Palmerston North', 'state': 'Otago', 'country': 'New Zealand', 'postcode': 83151, 'coordinates': {'latitude': '51.7111', 'longitude': '-44.3141'}, 'timezone': {'offset': '-3:30', 'description': 'Newfoundland'}}, 'email': 'benjamin.wright@example.com', 'login': {'uuid': '2f50399d-b0d9-4c51-a34f-b535cc9fa95e', 'username': 'crazyzebra765', 'password': 'central', 'salt': 'Sd3JYwfO', 'md5': '6503ee08b8a1740f0d4e73009adc60e2', 'sha1': '54deea25f2fce4e0198426184c529bf87d34f89b', 'sha256': '1597f627157b8765ecd79f60b4d7e27d0fe3569e5efa643697d3d150deed233c'}, 'dob': {'date': '1963-09-24T19:05:31.953Z', 'age': 60}, 'registered': {'date': '2007-03-31T03:48:05.345Z', 'age': 17}, 'phone': '(876)-965-3824', 'cell': '(988)-077-8967', 'id': {'name': '', 'value': None}, 'picture': {'large': 'https://randomuser.me/api/portraits/men/31.jpg', 'medium': 'https://randomuser.me/api/portraits/med/men/31.jpg', 'thumbnail': 'https://randomuser.me/api/portraits/thumb/men/31.jpg'}, 'nat': 'NZ'}], 'info': {'seed': 'ba79c90d9449f0cf', 'results': 1, 'page': 1, 'version': '1.4'}}</msg>
<arg>${json_data}</arg>
<doc>Logs the given message with the given level.</doc>
<status status="PASS" start="2024-04-04T10:14:19.373679" elapsed="0.000198"/>
</kw>
<kw name="Should Be String" owner="String">
<arg>${json_data['results'][0]['gender']}</arg>
<doc>Fails if the given ``item`` is not a string.</doc>
<status status="PASS" start="2024-04-04T10:14:19.374197" elapsed="0.000365"/>
</kw>
<kw name="Should Match Regexp" owner="BuiltIn">
<arg>${json_data['results'][0]['email']}</arg>
<arg>^[a-zA-Z0-9._%+-]+@[a-zA-Z0-9.-]+\.[a-zA-Z]{2,}$</arg>
<doc>Fails if ``string`` does not match ``pattern`` as a regular expression.</doc>
<status status="PASS" start="2024-04-04T10:14:19.374755" elapsed="0.000500"/>
</kw>
<kw name="Should Match Regexp" owner="BuiltIn">
<arg>${json_data['results'][0]['dob']['date']}</arg>
<arg>\\d{4}-\\d{2}-\\d{2}T\\d{2}:\\d{2}:\\d{2}\\.\\d{3}Z</arg>
<doc>Fails if ``string`` does not match ``pattern`` as a regular expression.</doc>
<status status="PASS" start="2024-04-04T10:14:19.375448" elapsed="0.000483"/>
</kw>
<kw name="Should Match Regexp" owner="BuiltIn">
<arg>${json_data['results'][0]['registered']['date']}</arg>
<arg>\\d{4}-\\d{2}-\\d{2}T\\d{2}:\\d{2}:\\d{2}\\.\\d{3}Z</arg>
<doc>Fails if ``string`` does not match ``pattern`` as a regular expression.</doc>
<status status="PASS" start="2024-04-04T10:14:19.376122" elapsed="0.000363"/>
</kw>
<kw name="Should Match Regexp" owner="BuiltIn">
<arg>${json_data['results'][0]['picture']['large']}</arg>
<arg>^https?://.*\.(?:png|jpe?g|gif|bmp)$</arg>
<doc>Fails if ``string`` does not match ``pattern`` as a regular expression.</doc>
<status status="PASS" start="2024-04-04T10:14:19.376673" elapsed="0.000506"/>
</kw>
<kw name="Should Match Regexp" owner="BuiltIn">
<arg>${json_data['results'][0]['picture']['medium']}</arg>
<arg>^https?://.*\.(?:png|jpe?g|gif|bmp)$</arg>
<doc>Fails if ``string`` does not match ``pattern`` as a regular expression.</doc>
<status status="PASS" start="2024-04-04T10:14:19.377369" elapsed="0.000358"/>
</kw>
<kw name="Should Match Regexp" owner="BuiltIn">
<arg>${json_data['results'][0]['picture']['thumbnail']}</arg>
<arg>^https?://.*\.(?:png|jpe?g|gif|bmp)$</arg>
<doc>Fails if ``string`` does not match ``pattern`` as a regular expression.</doc>
<status status="PASS" start="2024-04-04T10:14:19.377910" elapsed="0.000344"/>
</kw>
<kw name="Log" owner="BuiltIn">
<msg time="2024-04-04T10:14:19.378759" level="INFO">{'large': 'https://randomuser.me/api/portraits/men/31.jpg', 'medium': 'https://randomuser.me/api/portraits/med/men/31.jpg', 'thumbnail': 'https://randomuser.me/api/portraits/thumb/men/31.jpg'}</msg>
<arg>${json_data['results'][0]['picture']}</arg>
<doc>Logs the given message with the given level.</doc>
<status status="PASS" start="2024-04-04T10:14:19.378430" elapsed="0.000375"/>
</kw>
<status status="PASS" start="2024-04-04T10:14:19.291966" elapsed="0.087088"/>
</kw>
<kw name="Teste de Tipos de Dados - Postcode" owner="random-user-service">
<kw name="GET On Session" owner="RequestsLibrary">
<msg time="2024-04-04T10:14:19.473088" level="INFO">GET Request : url=https://randomuser.me/api 
 path_url=/api 
 headers={'User-Agent': 'python-requests/2.31.0', 'Accept-Encoding': 'gzip, deflate', 'Accept': '*/*', 'Connection': 'keep-alive'} 
 body=None 
 </msg>
<msg time="2024-04-04T10:14:19.473172" level="INFO">GET Response : url=https://randomuser.me/api 
 status=200, reason=OK 
 headers={'Date': 'Thu, 04 Apr 2024 10:14:19 GMT', 'Content-Type': 'application/json; charset=utf-8', 'Transfer-Encoding': 'chunked', 'Connection': 'keep-alive', 'X-Powered-By': 'Express', 'Access-Control-Allow-Origin': '*', 'Cache-Control': 'no-cache', 'ETag': 'W/"497-Zch70wTlrGNYFX7l9Ci2g03WquU"', 'Vary': 'Accept-Encoding', 'Content-Encoding': 'gzip', 'CF-Cache-Status': 'DYNAMIC', 'Report-To': '{"endpoints":[{"url":"https:\\/\\/a.nel.cloudflare.com\\/report\\/v4?s=jWNOiKToPUvK9WxZRUD6yGkTUBrzj%2BETTiNC9ghs0M%2FtGEWbuiYrOwELij3fgF8v9pqxJ2qsxm%2ByMg64utdj%2By0Duo9RXVeX1MuAM8IN%2FA84hW6mLMJnnrbvnjHGmoWL"}],"group":"cf-nel","max_age":604800}', 'NEL': '{"success_fraction":0,"report_to":"cf-nel","max_age":604800}', 'Server': 'cloudflare', 'CF-RAY': '86f087e32cf46380-ORD', 'alt-svc': 'h3=":443"; ma=86400'} 
 body={"results":[{"gender":"male","name":{"title":"Mr","first":"نيما","last":"جعفری"},"location":{"street":{"number":7600,"name":"میدان انقلاب"},"city":"ملارد","state":"سیستان و بلوچستان","country":"Iran","postcode":57660,"coordinates":{"latitude":"15.0560","longitude":"-168.7278"},"timezone":{"offset":"-12:00","description":"Eniwetok, Kwajalein"}},"email":"nym.jaafry@example.com","login":{"uuid":"e10cab78-bb65-41b8-bfb2-8e26ec8194f4","username":"silverdog580","password":"workout","salt":"TSyveRFD","md5":"e142713052ce1edf402092504ed58620","sha1":"4fd4a2f390c4138787a02d7447f479247f9f69f4","sha256":"29cbd7155f031d742ccd5d95855a9d5468fea1db32a786af21521a66877c0717"},"dob":{"date":"1995-04-13T01:54:20.753Z","age":28},"registered":{"date":"2005-02-24T09:44:58.560Z","age":19},"phone":"087-51639286","cell":"0921-850-1376","id":{"name":"","value":null},"picture":{"large":"https://randomuser.me/api/portraits/men/41.jpg","medium":"https://randomuser.me/api/portraits/med/men/41.jpg","thumbnail":"https://randomuser.me/api/portraits/thumb/men/41.jpg"},"nat":"IR"}],"info":{"seed":"aa91684c1daec533","results":1,"page":1,"version":"1.4"}} 
 </msg>
<msg time="2024-04-04T10:14:19.473260" level="INFO">/opt/hostedtoolcache/Python/3.12.2/x64/lib/python3.12/site-packages/urllib3/connectionpool.py:1103: InsecureRequestWarning: Unverified HTTPS request is being made to host 'randomuser.me'. Adding certificate verification is strongly advised. See: https://urllib3.readthedocs.io/en/latest/advanced-usage.html#tls-warnings
  warnings.warn(</msg>
<msg time="2024-04-04T10:14:19.473377" level="INFO">${response} = &lt;Response [200]&gt;</msg>
<var>${response}</var>
<arg>consultarAPI</arg>
<arg>/api</arg>
<doc>Sends a GET request on a previously created HTTP Session.</doc>
<status status="PASS" start="2024-04-04T10:14:19.379599" elapsed="0.093832"/>
</kw>
<kw name="Set Variable" owner="BuiltIn">
<msg time="2024-04-04T10:14:19.474516" level="INFO">${json_data} = {'results': [{'gender': 'male', 'name': {'title': 'Mr', 'first': 'نيما', 'last': 'جعفری'}, 'location': {'street': {'number': 7600, 'name': 'میدان انقلاب'}, 'city': 'ملارد', 'state': 'سیستان و بلوچستان...</msg>
<var>${json_data}</var>
<arg>${response.json()}</arg>
<doc>Returns the given values which can then be assigned to a variables.</doc>
<status status="PASS" start="2024-04-04T10:14:19.473963" elapsed="0.000583"/>
</kw>
<kw name="Log" owner="BuiltIn">
<msg time="2024-04-04T10:14:19.475013" level="INFO">{'results': [{'gender': 'male', 'name': {'title': 'Mr', 'first': 'نيما', 'last': 'جعفری'}, 'location': {'street': {'number': 7600, 'name': 'میدان انقلاب'}, 'city': 'ملارد', 'state': 'سیستان و بلوچستان', 'country': 'Iran', 'postcode': 57660, 'coordinates': {'latitude': '15.0560', 'longitude': '-168.7278'}, 'timezone': {'offset': '-12:00', 'description': 'Eniwetok, Kwajalein'}}, 'email': 'nym.jaafry@example.com', 'login': {'uuid': 'e10cab78-bb65-41b8-bfb2-8e26ec8194f4', 'username': 'silverdog580', 'password': 'workout', 'salt': 'TSyveRFD', 'md5': 'e142713052ce1edf402092504ed58620', 'sha1': '4fd4a2f390c4138787a02d7447f479247f9f69f4', 'sha256': '29cbd7155f031d742ccd5d95855a9d5468fea1db32a786af21521a66877c0717'}, 'dob': {'date': '1995-04-13T01:54:20.753Z', 'age': 28}, 'registered': {'date': '2005-02-24T09:44:58.560Z', 'age': 19}, 'phone': '087-51639286', 'cell': '0921-850-1376', 'id': {'name': '', 'value': None}, 'picture': {'large': 'https://randomuser.me/api/portraits/men/41.jpg', 'medium': 'https://randomuser.me/api/portraits/med/men/41.jpg', 'thumbnail': 'https://randomuser.me/api/portraits/thumb/men/41.jpg'}, 'nat': 'IR'}], 'info': {'seed': 'aa91684c1daec533', 'results': 1, 'page': 1, 'version': '1.4'}}</msg>
<arg>${json_data}</arg>
<doc>Logs the given message with the given level.</doc>
<status status="PASS" start="2024-04-04T10:14:19.474854" elapsed="0.000208"/>
</kw>
<kw name="Should Be Equal As Numbers" owner="BuiltIn">
<arg>${json_data['results'][0]['location']['postcode']}</arg>
<arg>${json_data['results'][0]['location']['postcode']}</arg>
<doc>Fails if objects are unequal after converting them to real numbers.</doc>
<status status="PASS" start="2024-04-04T10:14:19.475383" elapsed="0.000627"/>
</kw>
<kw name="Log" owner="BuiltIn">
<msg time="2024-04-04T10:14:19.476539" level="INFO">57660</msg>
<arg>${json_data['results'][0]['location']['postcode']}</arg>
<doc>Logs the given message with the given level.</doc>
<status status="PASS" start="2024-04-04T10:14:19.476203" elapsed="0.000377"/>
</kw>
<status status="PASS" start="2024-04-04T10:14:19.379262" elapsed="0.097609"/>
</kw>
<doc>Testa se os tipos de dados na resposta da API estão corretos.</doc>
<tag>testeTiposDados</tag>
<status status="PASS" start="2024-04-04T10:14:19.291540" elapsed="0.185493"/>
</test>
<test id="s1-s1-t5" name="Validar conteudo" line="35">
<kw name="Teste de Tipos de Conteudo" owner="random-user-service">
<kw name="GET On Session" owner="RequestsLibrary">
<msg time="2024-04-04T10:14:19.569977" level="INFO">GET Request : url=https://randomuser.me/api 
 path_url=/api 
 headers={'User-Agent': 'python-requests/2.31.0', 'Accept-Encoding': 'gzip, deflate', 'Accept': '*/*', 'Connection': 'keep-alive'} 
 body=None 
 </msg>
<msg time="2024-04-04T10:14:19.570039" level="INFO">GET Response : url=https://randomuser.me/api 
 status=200, reason=OK 
 headers={'Date': 'Thu, 04 Apr 2024 10:14:19 GMT', 'Content-Type': 'application/json; charset=utf-8', 'Transfer-Encoding': 'chunked', 'Connection': 'keep-alive', 'X-Powered-By': 'Express', 'Access-Control-Allow-Origin': '*', 'Cache-Control': 'no-cache', 'ETag': 'W/"4a3-zCwEsll3AD1hOP5xrRRTlA4DPKw"', 'Vary': 'Accept-Encoding', 'Content-Encoding': 'gzip', 'CF-Cache-Status': 'DYNAMIC', 'Report-To': '{"endpoints":[{"url":"https:\\/\\/a.nel.cloudflare.com\\/report\\/v4?s=yfxDeaJx9a%2BFqFW08%2FN%2FgS9l2ipP7EAbf6MEySi%2Biad%2FsK859gaw2cDaG%2BiTnS5E8bLB2y66zg8AYeHn0aoWyGFnddAuaL%2BtMOFa0ar1FddT%2F2of%2Bo7Ky6ynCdc6ZA5d"}],"group":"cf-nel","max_age":604800}', 'NEL': '{"success_fraction":0,"report_to":"cf-nel","max_age":604800}', 'Server': 'cloudflare', 'CF-RAY': '86f087e3cd436380-ORD', 'alt-svc': 'h3=":443"; ma=86400'} 
 body={"results":[{"gender":"male","name":{"title":"Mr","first":"Xavier","last":"Melgar"},"location":{"street":{"number":85,"name":"Viaducto Quintana Roo"},"city":"Cerro Azul","state":"Queretaro","country":"Mexico","postcode":83342,"coordinates":{"latitude":"28.7138","longitude":"-169.9634"},"timezone":{"offset":"+5:00","description":"Ekaterinburg, Islamabad, Karachi, Tashkent"}},"email":"xavier.melgar@example.com","login":{"uuid":"f8a0f2ad-7ac1-45a1-8fee-2d433236858b","username":"whitewolf253","password":"yvette","salt":"BQXfuQfb","md5":"84017ccc05f6797267e27dce0031336d","sha1":"a75a2d7b5b9595aedb05be373f06052ccbe133bd","sha256":"0e51b71dcfed42d954e1e68e636956546115007dc498f564f5ea52227b35c7f6"},"dob":{"date":"1992-02-09T21:58:24.218Z","age":32},"registered":{"date":"2007-09-06T23:12:50.198Z","age":16},"phone":"(621) 245 3577","cell":"(645) 238 6277","id":{"name":"NSS","value":"27 80 01 0958 0"},"picture":{"large":"https://randomuser.me/api/portraits/men/22.jpg","medium":"https://randomuser.me/api/portraits/med/men/22.jpg","thumbnail":"https://randomuser.me/api/portraits/thumb/men/22.jpg"},"nat":"MX"}],"info":{"seed":"cc04beac776012af","results":1,"page":1,"version":"1.4"}} 
 </msg>
<msg time="2024-04-04T10:14:19.570092" level="INFO">/opt/hostedtoolcache/Python/3.12.2/x64/lib/python3.12/site-packages/urllib3/connectionpool.py:1103: InsecureRequestWarning: Unverified HTTPS request is being made to host 'randomuser.me'. Adding certificate verification is strongly advised. See: https://urllib3.readthedocs.io/en/latest/advanced-usage.html#tls-warnings
  warnings.warn(</msg>
<msg time="2024-04-04T10:14:19.570175" level="INFO">${response} = &lt;Response [200]&gt;</msg>
<var>${response}</var>
<arg>consultarAPI</arg>
<arg>/api</arg>
<doc>Sends a GET request on a previously created HTTP Session.</doc>
<status status="PASS" start="2024-04-04T10:14:19.479798" elapsed="0.090416"/>
</kw>
<kw name="Set Variable" owner="BuiltIn">
<msg time="2024-04-04T10:14:19.571204" level="INFO">${json_data} = {'results': [{'gender': 'male', 'name': {'title': 'Mr', 'first': 'Xavier', 'last': 'Melgar'}, 'location': {'street': {'number': 85, 'name': 'Viaducto Quintana Roo'}, 'city': 'Cerro Azul', 'state': 'Qu...</msg>
<var>${json_data}</var>
<arg>${response.json()}</arg>
<doc>Returns the given values which can then be assigned to a variables.</doc>
<status status="PASS" start="2024-04-04T10:14:19.570665" elapsed="0.000567"/>
</kw>
<kw name="Set Variable" owner="BuiltIn">
<msg time="2024-04-04T10:14:19.571915" level="INFO">${name_title} = Mr</msg>
<var>${name_title}</var>
<arg>${json_data["results"][0]["name"]["title"]}</arg>
<doc>Returns the given values which can then be assigned to a variables.</doc>
<status status="PASS" start="2024-04-04T10:14:19.571537" elapsed="0.000403"/>
</kw>
<kw name="Create List" owner="BuiltIn">
<msg time="2024-04-04T10:14:19.572388" level="INFO">${allowed_titles} = ['Mr', 'Ms', 'Miss', 'Mrs', 'Madame', 'Monsieur']</msg>
<var>${allowed_titles}</var>
<arg>Mr</arg>
<arg>Ms</arg>
<arg>Miss</arg>
<arg>Mrs</arg>
<arg>Madame</arg>
<arg>Monsieur</arg>
<doc>Returns a list containing given items.</doc>
<status status="PASS" start="2024-04-04T10:14:19.572239" elapsed="0.000173"/>
</kw>
<kw name="List Should Contain Value" owner="Collections">
<msg time="2024-04-04T10:14:19.572926" level="INFO">False</msg>
<arg>${allowed_titles}</arg>
<arg>${name_title}</arg>
<doc>Fails if the ``value`` is not found from ``list``.</doc>
<status status="PASS" start="2024-04-04T10:14:19.572744" elapsed="0.000219"/>
</kw>
<kw name="Set Variable" owner="BuiltIn">
<msg time="2024-04-04T10:14:19.573644" level="INFO">${name_country} = MX</msg>
<var>${name_country}</var>
<arg>${json_data["results"][0]["nat"]}</arg>
<doc>Returns the given values which can then be assigned to a variables.</doc>
<status status="PASS" start="2024-04-04T10:14:19.573262" elapsed="0.000407"/>
</kw>
<kw name="Create List" owner="BuiltIn">
<msg time="2024-04-04T10:14:19.574573" level="INFO">${list_country} = ['AD', 'AE', 'AF', 'AG', 'AI', 'AL', 'AM', 'AO', 'AQ', 'AR', 'AS', 'AT', 'AU', 'AW', 'AX', 'AZ', 'BA', 'BB', 'BD', 'BE', 'BF', 'BG', 'BH', 'BI', 'BJ', 'BL', 'BM', 'BN', 'BO', 'BQ', 'BR', 'BS', 'BT', '...</msg>
<var>${list_country}</var>
<arg>AD</arg>
<arg>AE</arg>
<arg>AF</arg>
<arg>AG</arg>
<arg>AI</arg>
<arg>AL</arg>
<arg>AM</arg>
<arg>AO</arg>
<arg>AQ</arg>
<arg>AR</arg>
<arg>AS</arg>
<arg>AT</arg>
<arg>AU</arg>
<arg>AW</arg>
<arg>AX</arg>
<arg>AZ</arg>
<arg>BA</arg>
<arg>BB</arg>
<arg>BD</arg>
<arg>BE</arg>
<arg>BF</arg>
<arg>BG</arg>
<arg>BH</arg>
<arg>BI</arg>
<arg>BJ</arg>
<arg>BL</arg>
<arg>BM</arg>
<arg>BN</arg>
<arg>BO</arg>
<arg>BQ</arg>
<arg>BR</arg>
<arg>BS</arg>
<arg>BT</arg>
<arg>BV</arg>
<arg>BW</arg>
<arg>BY</arg>
<arg>BZ</arg>
<arg>CA</arg>
<arg>CC</arg>
<arg>CD</arg>
<arg>CF</arg>
<arg>CG</arg>
<arg>CH</arg>
<arg>CI</arg>
<arg>CK</arg>
<arg>CL</arg>
<arg>CM</arg>
<arg>CN</arg>
<arg>CO</arg>
<arg>CR</arg>
<arg>CU</arg>
<arg>CV</arg>
<arg>CW</arg>
<arg>CX</arg>
<arg>CY</arg>
<arg>CZ</arg>
<arg>DE</arg>
<arg>DJ</arg>
<arg>DK</arg>
<arg>DM</arg>
<arg>DO</arg>
<arg>DZ</arg>
<arg>EC</arg>
<arg>EE</arg>
<arg>EG</arg>
<arg>EH</arg>
<arg>ER</arg>
<arg>ES</arg>
<arg>ET</arg>
<arg>FI</arg>
<arg>FJ</arg>
<arg>FK</arg>
<arg>FM</arg>
<arg>FO</arg>
<arg>FR</arg>
<arg>GA</arg>
<arg>GB</arg>
<arg>GD</arg>
<arg>GE</arg>
<arg>GF</arg>
<arg>GG</arg>
<arg>GH</arg>
<arg>GI</arg>
<arg>GL</arg>
<arg>GM</arg>
<arg>GN</arg>
<arg>GP</arg>
<arg>GQ</arg>
<arg>GR</arg>
<arg>GS</arg>
<arg>GT</arg>
<arg>GU</arg>
<arg>GW</arg>
<arg>GY</arg>
<arg>HK</arg>
<arg>HM</arg>
<arg>HN</arg>
<arg>HR</arg>
<arg>HT</arg>
<arg>HU</arg>
<arg>ID</arg>
<arg>IE</arg>
<arg>IL</arg>
<arg>IM</arg>
<arg>IN</arg>
<arg>IO</arg>
<arg>IQ</arg>
<arg>IR</arg>
<arg>IS</arg>
<arg>IT</arg>
<arg>JE</arg>
<arg>JM</arg>
<arg>JO</arg>
<arg>JP</arg>
<arg>KE</arg>
<arg>KG</arg>
<arg>KH</arg>
<arg>KI</arg>
<arg>KM</arg>
<arg>KN</arg>
<arg>KP</arg>
<arg>KR</arg>
<arg>KW</arg>
<arg>KY</arg>
<arg>KZ</arg>
<arg>LA</arg>
<arg>LB</arg>
<arg>LC</arg>
<arg>LI</arg>
<arg>LK</arg>
<arg>LR</arg>
<arg>LS</arg>
<arg>LT</arg>
<arg>LU</arg>
<arg>LV</arg>
<arg>LY</arg>
<arg>MA</arg>
<arg>MC</arg>
<arg>MD</arg>
<arg>ME</arg>
<arg>MF</arg>
<arg>MG</arg>
<arg>MH</arg>
<arg>MK</arg>
<arg>ML</arg>
<arg>MM</arg>
<arg>MN</arg>
<arg>MO</arg>
<arg>MP</arg>
<arg>MQ</arg>
<arg>MR</arg>
<arg>MS</arg>
<arg>MT</arg>
<arg>MU</arg>
<arg>MV</arg>
<arg>MW</arg>
<arg>MX</arg>
<arg>MY</arg>
<arg>MZ</arg>
<arg>NA</arg>
<arg>NC</arg>
<arg>NE</arg>
<arg>NF</arg>
<arg>NG</arg>
<arg>NI</arg>
<arg>NL</arg>
<arg>NO</arg>
<arg>NP</arg>
<arg>NR</arg>
<arg>NU</arg>
<arg>NZ</arg>
<arg>OM</arg>
<arg>PA</arg>
<arg>PE</arg>
<arg>PF</arg>
<arg>PG</arg>
<arg>PH</arg>
<arg>PK</arg>
<arg>PL</arg>
<arg>PM</arg>
<arg>PN</arg>
<arg>PR</arg>
<arg>PS</arg>
<arg>PT</arg>
<arg>PW</arg>
<arg>PY</arg>
<arg>QA</arg>
<arg>RE</arg>
<arg>RO</arg>
<arg>RS</arg>
<arg>RU</arg>
<arg>RW</arg>
<arg>SA</arg>
<arg>SB</arg>
<arg>SC</arg>
<arg>SD</arg>
<arg>SE</arg>
<arg>SG</arg>
<arg>SH</arg>
<arg>SI</arg>
<arg>SJ</arg>
<arg>SK</arg>
<arg>SL</arg>
<arg>SM</arg>
<arg>SN</arg>
<arg>SO</arg>
<arg>SR</arg>
<arg>SS</arg>
<arg>ST</arg>
<arg>SV</arg>
<arg>SX</arg>
<arg>SY</arg>
<arg>SZ</arg>
<arg>TC</arg>
<arg>TD</arg>
<arg>TF</arg>
<arg>TG</arg>
<arg>TH</arg>
<arg>TJ</arg>
<arg>TK</arg>
<arg>TL</arg>
<arg>TM</arg>
<arg>TN</arg>
<arg>TO</arg>
<arg>TR</arg>
<arg>TT</arg>
<arg>TV</arg>
<arg>TW</arg>
<arg>TZ</arg>
<arg>UA</arg>
<arg>UG</arg>
<arg>UM</arg>
<arg>US</arg>
<arg>UY</arg>
<arg>UZ</arg>
<arg>VA</arg>
<arg>VC</arg>
<arg>VE</arg>
<arg>VG</arg>
<arg>VI</arg>
<arg>VN</arg>
<arg>VU</arg>
<arg>WF</arg>
<arg>WS</arg>
<arg>XK</arg>
<arg>YE</arg>
<arg>YT</arg>
<arg>ZA</arg>
<arg>ZM</arg>
<arg>ZW</arg>
<doc>Returns a list containing given items.</doc>
<status status="PASS" start="2024-04-04T10:14:19.573972" elapsed="0.000627"/>
</kw>
<kw name="List Should Contain Value" owner="Collections">
<msg time="2024-04-04T10:14:19.575704" level="INFO">False</msg>
<arg>${list_country}</arg>
<arg>${name_country}</arg>
<doc>Fails if the ``value`` is not found from ``list``.</doc>
<status status="PASS" start="2024-04-04T10:14:19.575498" elapsed="0.000242"/>
</kw>
<kw name="Run Keyword If" owner="BuiltIn">
<kw name="Should Be True" owner="BuiltIn">
<arg>${True}</arg>
<doc>Fails if the given condition is not true.</doc>
<status status="PASS" start="2024-04-04T10:14:19.576820" elapsed="0.000146"/>
</kw>
<arg>${json_data["results"][0]["location"]["coordinates"]["latitude"]} &gt;= -90 and ${json_data["results"][0]["location"]["coordinates"]["latitude"]} &lt;= 90</arg>
<arg>Should Be True</arg>
<arg>${True}</arg>
<doc>Runs the given keyword with the given arguments, if ``condition`` is true.</doc>
<status status="PASS" start="2024-04-04T10:14:19.576050" elapsed="0.001043"/>
</kw>
<kw name="Run Keyword If" owner="BuiltIn">
<kw name="Should Be True" owner="BuiltIn">
<arg>${True}</arg>
<doc>Fails if the given condition is not true.</doc>
<status status="PASS" start="2024-04-04T10:14:19.577982" elapsed="0.000140"/>
</kw>
<arg>${json_data["results"][0]["location"]["coordinates"]["longitude"]} &gt;= -180 and ${json_data["results"][0]["location"]["coordinates"]["longitude"]} &lt;= 180</arg>
<arg>Should Be True</arg>
<arg>${True}</arg>
<doc>Runs the given keyword with the given arguments, if ``condition`` is true.</doc>
<status status="PASS" start="2024-04-04T10:14:19.577279" elapsed="0.000969"/>
</kw>
<status status="PASS" start="2024-04-04T10:14:19.479432" elapsed="0.098945"/>
</kw>
<doc>Testa o conteúdo específico dos campos retornados pela API.</doc>
<tag>testeConteudo</tag>
<status status="PASS" start="2024-04-04T10:14:19.478765" elapsed="0.099756"/>
</test>
<status status="PASS" start="2024-04-04T10:14:18.662085" elapsed="0.918327"/>
</suite>
<status status="PASS" start="2024-04-04T10:14:18.648454" elapsed="0.937316"/>
</suite>
<statistics>
<total>
<stat pass="5" fail="0" skip="0">All Tests</stat>
</total>
<tag>
<stat pass="1" fail="0" skip="0">testeConteudo</stat>
<stat pass="1" fail="0" skip="0">testeEstruturaResposta</stat>
<stat pass="1" fail="0" skip="0">testeRequisicaoBasica</stat>
<stat pass="1" fail="0" skip="0">testeTiposDados</stat>
</tag>
<suite>
<stat pass="5" fail="0" skip="0" id="s1" name="Tests">Tests</stat>
<stat pass="5" fail="0" skip="0" id="s1-s1" name="Random-User-Test">Tests.Random-User-Test</stat>
</suite>
</statistics>
<errors>
</errors>
</robot>
