<?xml version="1.0" encoding="UTF-8"?>
<robot generator="Robot 7.0 (Python 3.12.3 on linux)" generated="2024-04-23T18:17:28.210307" rpa="false" schemaversion="5">
<suite id="s1" name="Tests" source="/home/runner/work/DesafioQAItauRogerioJordao/DesafioQAItauRogerioJordao/RamdonUser/tests">
<suite id="s1-s1" name="Random-User-Test" source="/home/runner/work/DesafioQAItauRogerioJordao/DesafioQAItauRogerioJordao/RamdonUser/tests/random-user-test.robot">
<test id="s1-s1-t1" name="Conectar" line="13">
<kw name="Conectar API" owner="random-user-service">
<kw name="Create Session" owner="RequestsLibrary">
<msg time="2024-04-23T18:17:28.648437" level="INFO">Creating Session using : alias=consultarAPI, url=https://randomuser.me/, headers={},                     cookies={}, auth=None, timeout=None, proxies=None, verify=False,                     debug=0 </msg>
<arg>consultarAPI</arg>
<arg>${URL}</arg>
<doc>Create Session: create a HTTP session to a server</doc>
<status status="PASS" start="2024-04-23T18:17:28.648243" elapsed="0.000361"/>
</kw>
<status status="PASS" start="2024-04-23T18:17:28.647305" elapsed="0.001647"/>
</kw>
<status status="PASS" start="2024-04-23T18:17:28.646722" elapsed="0.002422"/>
</test>
<test id="s1-s1-t2" name="Validar retorno 200 e JSON Válido" line="16">
<kw name="Teste de Requisicao Basica" owner="random-user-service">
<kw name="GET On Session" owner="RequestsLibrary">
<msg time="2024-04-23T18:17:29.078545" level="INFO">GET Request : url=https://randomuser.me/api 
 path_url=/api 
 headers={'User-Agent': 'python-requests/2.31.0', 'Accept-Encoding': 'gzip, deflate', 'Accept': '*/*', 'Connection': 'keep-alive'} 
 body=None 
 </msg>
<msg time="2024-04-23T18:17:29.078724" level="INFO">GET Response : url=https://randomuser.me/api 
 status=200, reason=OK 
 headers={'Date': 'Tue, 23 Apr 2024 18:17:29 GMT', 'Content-Type': 'application/json; charset=utf-8', 'Transfer-Encoding': 'chunked', 'Connection': 'keep-alive', 'X-Powered-By': 'Express', 'Access-Control-Allow-Origin': '*', 'Cache-Control': 'no-cache', 'ETag': 'W/"4a7-jBUHuSMDJ9n8/SMbP8qcg9ADkgk"', 'Vary': 'Accept-Encoding', 'Content-Encoding': 'gzip', 'CF-Cache-Status': 'DYNAMIC', 'Report-To': '{"endpoints":[{"url":"https:\\/\\/a.nel.cloudflare.com\\/report\\/v4?s=UPWt9vk0uvo7%2Bw7sWwa7msq%2Bqf8E7j%2BOaSj42K5bWDDX1HnzKTXdn5O24YfWUmutRpv%2FNRRHy9zukShYARrcWEXLqyT9TcpmK004cUyWDISJxkmkgc7hJqcY47oX7IKq"}],"group":"cf-nel","max_age":604800}', 'NEL': '{"success_fraction":0,"report_to":"cf-nel","max_age":604800}', 'Server': 'cloudflare', 'CF-RAY': '878fd9c26ee37cc2-LAX', 'alt-svc': 'h3=":443"; ma=86400'} 
 body={"results":[{"gender":"male","name":{"title":"Mr","first":"Srđan","last":"Aleksić"},"location":{"street":{"number":8100,"name":"Generala Mihaila Jovanovića"},"city":"Smederevo","state":"West Bačka","country":"Serbia","postcode":10626,"coordinates":{"latitude":"60.5039","longitude":"-152.1999"},"timezone":{"offset":"-4:00","description":"Atlantic Time (Canada), Caracas, La Paz"}},"email":"srdan.aleksic@example.com","login":{"uuid":"b04c4cf0-e928-4b3e-9e29-15266d534f9f","username":"blackmeercat200","password":"tickling","salt":"5MhGRp6e","md5":"cbc5848db2e3c8463de134d18ddaa44f","sha1":"56438454cffda85661506363185b8046b584ca13","sha256":"23632c4d6ef4dffaf1a6c3a5b1ddcac814651b7bd6fb66f1d7455cd81bef9d68"},"dob":{"date":"1962-09-26T04:22:03.164Z","age":61},"registered":{"date":"2004-12-08T11:36:50.268Z","age":19},"phone":"028-3229-697","cell":"063-9056-726","id":{"name":"SID","value":"565087037"},"picture":{"large":"https://randomuser.me/api/portraits/men/38.jpg","medium":"https://randomuser.me/api/portraits/med/men/38.jpg","thumbnail":"https://randomuser.me/api/portraits/thumb/men/38.jpg"},"nat":"RS"}],"info":{"seed":"7af22da665d962ec","results":1,"page":1,"version":"1.4"}} 
 </msg>
<msg time="2024-04-23T18:17:29.078824" level="INFO">/opt/hostedtoolcache/Python/3.12.3/x64/lib/python3.12/site-packages/urllib3/connectionpool.py:1103: InsecureRequestWarning: Unverified HTTPS request is being made to host 'randomuser.me'. Adding certificate verification is strongly advised. See: https://urllib3.readthedocs.io/en/latest/advanced-usage.html#tls-warnings
  warnings.warn(</msg>
<msg time="2024-04-23T18:17:29.078980" level="INFO">${response} = &lt;Response [200]&gt;</msg>
<var>${response}</var>
<arg>consultarAPI</arg>
<arg>/api</arg>
<doc>Sends a GET request on a previously created HTTP Session.</doc>
<status status="PASS" start="2024-04-23T18:17:28.651834" elapsed="0.427189"/>
</kw>
<kw name="Should Be Equal As Numbers" owner="BuiltIn">
<msg time="2024-04-23T18:17:29.080251" level="INFO">Argument types are:
&lt;class 'int'&gt;
&lt;class 'str'&gt;</msg>
<arg>${response.status_code}</arg>
<arg>200</arg>
<doc>Fails if objects are unequal after converting them to real numbers.</doc>
<status status="PASS" start="2024-04-23T18:17:29.079763" elapsed="0.000554"/>
</kw>
<kw name="Log" owner="BuiltIn">
<msg time="2024-04-23T18:17:29.081038" level="INFO">200</msg>
<arg>${response.status_code}</arg>
<doc>Logs the given message with the given level.</doc>
<status status="PASS" start="2024-04-23T18:17:29.080683" elapsed="0.000398"/>
</kw>
<kw name="Set Variable" owner="BuiltIn">
<msg time="2024-04-23T18:17:29.081849" level="INFO">${json_data} = {'results': [{'gender': 'male', 'name': {'title': 'Mr', 'first': 'Srđan', 'last': 'Aleksić'}, 'location': {'street': {'number': 8100, 'name': 'Generala Mihaila Jovanovića'}, 'city': 'Smederevo', 'stat...</msg>
<var>${json_data}</var>
<arg>${response.json()}</arg>
<doc>Returns the given values which can then be assigned to a variables.</doc>
<status status="PASS" start="2024-04-23T18:17:29.081388" elapsed="0.000491"/>
</kw>
<kw name="Dictionary Should Contain Key" owner="Collections">
<msg time="2024-04-23T18:17:29.082358" level="INFO">False</msg>
<arg>${json_data}</arg>
<arg>results</arg>
<doc>Fails if ``key`` is not found from ``dictionary``.</doc>
<status status="PASS" start="2024-04-23T18:17:29.082182" elapsed="0.000217"/>
</kw>
<status status="PASS" start="2024-04-23T18:17:28.651586" elapsed="0.431074"/>
</kw>
<doc>Testa se a API responde corretamente e retorna um objeto JSON válido.</doc>
<tag>testeRequisicaoBasica</tag>
<status status="PASS" start="2024-04-23T18:17:28.651025" elapsed="0.431823"/>
</test>
<test id="s1-s1-t3" name="Validar estrutura de resposta" line="22">
<kw name="Teste de Estrutura de Resposta" owner="random-user-service">
<kw name="GET On Session" owner="RequestsLibrary">
<msg time="2024-04-23T18:17:29.228454" level="INFO">GET Request : url=https://randomuser.me/api 
 path_url=/api 
 headers={'User-Agent': 'python-requests/2.31.0', 'Accept-Encoding': 'gzip, deflate', 'Accept': '*/*', 'Connection': 'keep-alive'} 
 body=None 
 </msg>
<msg time="2024-04-23T18:17:29.228541" level="INFO">GET Response : url=https://randomuser.me/api 
 status=200, reason=OK 
 headers={'Date': 'Tue, 23 Apr 2024 18:17:29 GMT', 'Content-Type': 'application/json; charset=utf-8', 'Transfer-Encoding': 'chunked', 'Connection': 'keep-alive', 'X-Powered-By': 'Express', 'Access-Control-Allow-Origin': '*', 'Cache-Control': 'no-cache', 'ETag': 'W/"4a2-d5aO9T+2hwg/lW/iggwF05HhTOw"', 'Vary': 'Accept-Encoding', 'Content-Encoding': 'gzip', 'CF-Cache-Status': 'DYNAMIC', 'Report-To': '{"endpoints":[{"url":"https:\\/\\/a.nel.cloudflare.com\\/report\\/v4?s=r2Fa0BZb9K4LH6rDcFedTLlXGBarRxwjkX8tXyPXOY2rFioFrNpWXzWAd3d8%2FCVQszkssWDRo%2BywPUWWtNPKrkiVspe943NvhyGr81QB%2BhSJMHtjOxTix7z1yulymuTB"}],"group":"cf-nel","max_age":604800}', 'NEL': '{"success_fraction":0,"report_to":"cf-nel","max_age":604800}', 'Server': 'cloudflare', 'CF-RAY': '878fd9c4c91b7cc2-LAX', 'alt-svc': 'h3=":443"; ma=86400'} 
 body={"results":[{"gender":"male","name":{"title":"Mr","first":"Emiliano","last":"Rodríquez"},"location":{"street":{"number":9245,"name":"Prolongación Ríos"},"city":"Piñicuaro","state":"Nuevo Leon","country":"Mexico","postcode":86942,"coordinates":{"latitude":"26.2040","longitude":"-138.1336"},"timezone":{"offset":"+4:00","description":"Abu Dhabi, Muscat, Baku, Tbilisi"}},"email":"emiliano.rodriquez@example.com","login":{"uuid":"3c9ee99d-da05-489c-8baf-8d56895b94d6","username":"redwolf580","password":"queen","salt":"1NbuFKXd","md5":"08a13e39b0df649a8f12f165369c3baa","sha1":"cfa639ce31ec0acb6406a59d047324e9f6cfdea9","sha256":"85696dcdd33949861ca7d88e0dfb74a5bd34f8e1882d3f596fee758219cfee8b"},"dob":{"date":"1992-11-16T04:18:41.010Z","age":31},"registered":{"date":"2009-06-27T08:27:23.499Z","age":14},"phone":"(655) 376 2835","cell":"(684) 004 7457","id":{"name":"NSS","value":"84 21 29 5492 9"},"picture":{"large":"https://randomuser.me/api/portraits/men/40.jpg","medium":"https://randomuser.me/api/portraits/med/men/40.jpg","thumbnail":"https://randomuser.me/api/portraits/thumb/men/40.jpg"},"nat":"MX"}],"info":{"seed":"f23c2afa8d84ede0","results":1,"page":1,"version":"1.4"}} 
 </msg>
<msg time="2024-04-23T18:17:29.228667" level="INFO">/opt/hostedtoolcache/Python/3.12.3/x64/lib/python3.12/site-packages/urllib3/connectionpool.py:1103: InsecureRequestWarning: Unverified HTTPS request is being made to host 'randomuser.me'. Adding certificate verification is strongly advised. See: https://urllib3.readthedocs.io/en/latest/advanced-usage.html#tls-warnings
  warnings.warn(</msg>
<msg time="2024-04-23T18:17:29.228789" level="INFO">${response} = &lt;Response [200]&gt;</msg>
<var>${response}</var>
<arg>consultarAPI</arg>
<arg>/api</arg>
<doc>Sends a GET request on a previously created HTTP Session.</doc>
<status status="PASS" start="2024-04-23T18:17:29.085608" elapsed="0.143231"/>
</kw>
<kw name="Set Variable" owner="BuiltIn">
<msg time="2024-04-23T18:17:29.230108" level="INFO">${json_data} = {'results': [{'gender': 'male', 'name': {'title': 'Mr', 'first': 'Emiliano', 'last': 'Rodríquez'}, 'location': {'street': {'number': 9245, 'name': 'Prolongación Ríos'}, 'city': 'Piñicuaro', 'state': '...</msg>
<var>${json_data}</var>
<arg>${response.json()}</arg>
<doc>Returns the given values which can then be assigned to a variables.</doc>
<status status="PASS" start="2024-04-23T18:17:29.229409" elapsed="0.000730"/>
</kw>
<kw name="Log" owner="BuiltIn">
<msg time="2024-04-23T18:17:29.230613" level="INFO">{'results': [{'gender': 'male', 'name': {'title': 'Mr', 'first': 'Emiliano', 'last': 'Rodríquez'}, 'location': {'street': {'number': 9245, 'name': 'Prolongación Ríos'}, 'city': 'Piñicuaro', 'state': 'Nuevo Leon', 'country': 'Mexico', 'postcode': 86942, 'coordinates': {'latitude': '26.2040', 'longitude': '-138.1336'}, 'timezone': {'offset': '+4:00', 'description': 'Abu Dhabi, Muscat, Baku, Tbilisi'}}, 'email': 'emiliano.rodriquez@example.com', 'login': {'uuid': '3c9ee99d-da05-489c-8baf-8d56895b94d6', 'username': 'redwolf580', 'password': 'queen', 'salt': '1NbuFKXd', 'md5': '08a13e39b0df649a8f12f165369c3baa', 'sha1': 'cfa639ce31ec0acb6406a59d047324e9f6cfdea9', 'sha256': '85696dcdd33949861ca7d88e0dfb74a5bd34f8e1882d3f596fee758219cfee8b'}, 'dob': {'date': '1992-11-16T04:18:41.010Z', 'age': 31}, 'registered': {'date': '2009-06-27T08:27:23.499Z', 'age': 14}, 'phone': '(655) 376 2835', 'cell': '(684) 004 7457', 'id': {'name': 'NSS', 'value': '84 21 29 5492 9'}, 'picture': {'large': 'https://randomuser.me/api/portraits/men/40.jpg', 'medium': 'https://randomuser.me/api/portraits/med/men/40.jpg', 'thumbnail': 'https://randomuser.me/api/portraits/thumb/men/40.jpg'}, 'nat': 'MX'}], 'info': {'seed': 'f23c2afa8d84ede0', 'results': 1, 'page': 1, 'version': '1.4'}}</msg>
<arg>${json_data}</arg>
<doc>Logs the given message with the given level.</doc>
<status status="PASS" start="2024-04-23T18:17:29.230454" elapsed="0.000207"/>
</kw>
<kw name="Dictionary Should Contain Key" owner="Collections">
<msg time="2024-04-23T18:17:29.231118" level="INFO">False</msg>
<arg>${json_data}</arg>
<arg>results</arg>
<doc>Fails if ``key`` is not found from ``dictionary``.</doc>
<status status="PASS" start="2024-04-23T18:17:29.230958" elapsed="0.000196"/>
</kw>
<kw name="Should Not Be Empty" owner="BuiltIn">
<msg time="2024-04-23T18:17:29.231628" level="INFO">Length is 2.</msg>
<arg>${json_data}</arg>
<doc>Verifies that the given item is not empty.</doc>
<status status="PASS" start="2024-04-23T18:17:29.231483" elapsed="0.000325"/>
</kw>
<kw name="Create List" owner="BuiltIn">
<msg time="2024-04-23T18:17:29.232260" level="INFO">${expected_keys} = ['gender', 'name', 'location', 'email', 'login']</msg>
<var>${expected_keys}</var>
<arg>gender</arg>
<arg>name</arg>
<arg>location</arg>
<arg>email</arg>
<arg>login</arg>
<doc>Returns a list containing given items.</doc>
<status status="PASS" start="2024-04-23T18:17:29.232107" elapsed="0.000177"/>
</kw>
<for flavor="IN">
<iter>
<kw name="Dictionary Should Contain Key" owner="Collections">
<msg time="2024-04-23T18:17:29.233250" level="INFO">False</msg>
<arg>${json_data['results'][0]}</arg>
<arg>${key}</arg>
<doc>Fails if ``key`` is not found from ``dictionary``.</doc>
<status status="PASS" start="2024-04-23T18:17:29.232850" elapsed="0.000438"/>
</kw>
<kw name="Log" owner="BuiltIn">
<msg time="2024-04-23T18:17:29.233952" level="INFO">{'gender': 'male', 'name': {'title': 'Mr', 'first': 'Emiliano', 'last': 'Rodríquez'}, 'location': {'street': {'number': 9245, 'name': 'Prolongación Ríos'}, 'city': 'Piñicuaro', 'state': 'Nuevo Leon', 'country': 'Mexico', 'postcode': 86942, 'coordinates': {'latitude': '26.2040', 'longitude': '-138.1336'}, 'timezone': {'offset': '+4:00', 'description': 'Abu Dhabi, Muscat, Baku, Tbilisi'}}, 'email': 'emiliano.rodriquez@example.com', 'login': {'uuid': '3c9ee99d-da05-489c-8baf-8d56895b94d6', 'username': 'redwolf580', 'password': 'queen', 'salt': '1NbuFKXd', 'md5': '08a13e39b0df649a8f12f165369c3baa', 'sha1': 'cfa639ce31ec0acb6406a59d047324e9f6cfdea9', 'sha256': '85696dcdd33949861ca7d88e0dfb74a5bd34f8e1882d3f596fee758219cfee8b'}, 'dob': {'date': '1992-11-16T04:18:41.010Z', 'age': 31}, 'registered': {'date': '2009-06-27T08:27:23.499Z', 'age': 14}, 'phone': '(655) 376 2835', 'cell': '(684) 004 7457', 'id': {'name': 'NSS', 'value': '84 21 29 5492 9'}, 'picture': {'large': 'https://randomuser.me/api/portraits/men/40.jpg', 'medium': 'https://randomuser.me/api/portraits/med/men/40.jpg', 'thumbnail': 'https://randomuser.me/api/portraits/thumb/men/40.jpg'}, 'nat': 'MX'}</msg>
<arg>${json_data['results'][0]}</arg>
<doc>Logs the given message with the given level.</doc>
<status status="PASS" start="2024-04-23T18:17:29.233586" elapsed="0.000416"/>
</kw>
<kw name="Log" owner="BuiltIn">
<msg time="2024-04-23T18:17:29.234422" level="INFO">gender</msg>
<arg>${key}</arg>
<doc>Logs the given message with the given level.</doc>
<status status="PASS" start="2024-04-23T18:17:29.234296" elapsed="0.000162"/>
</kw>
<var name="${key}">gender</var>
<status status="PASS" start="2024-04-23T18:17:29.232726" elapsed="0.001945"/>
</iter>
<iter>
<kw name="Dictionary Should Contain Key" owner="Collections">
<msg time="2024-04-23T18:17:29.235357" level="INFO">False</msg>
<arg>${json_data['results'][0]}</arg>
<arg>${key}</arg>
<doc>Fails if ``key`` is not found from ``dictionary``.</doc>
<status status="PASS" start="2024-04-23T18:17:29.234967" elapsed="0.000455"/>
</kw>
<kw name="Log" owner="BuiltIn">
<msg time="2024-04-23T18:17:29.236123" level="INFO">{'gender': 'male', 'name': {'title': 'Mr', 'first': 'Emiliano', 'last': 'Rodríquez'}, 'location': {'street': {'number': 9245, 'name': 'Prolongación Ríos'}, 'city': 'Piñicuaro', 'state': 'Nuevo Leon', 'country': 'Mexico', 'postcode': 86942, 'coordinates': {'latitude': '26.2040', 'longitude': '-138.1336'}, 'timezone': {'offset': '+4:00', 'description': 'Abu Dhabi, Muscat, Baku, Tbilisi'}}, 'email': 'emiliano.rodriquez@example.com', 'login': {'uuid': '3c9ee99d-da05-489c-8baf-8d56895b94d6', 'username': 'redwolf580', 'password': 'queen', 'salt': '1NbuFKXd', 'md5': '08a13e39b0df649a8f12f165369c3baa', 'sha1': 'cfa639ce31ec0acb6406a59d047324e9f6cfdea9', 'sha256': '85696dcdd33949861ca7d88e0dfb74a5bd34f8e1882d3f596fee758219cfee8b'}, 'dob': {'date': '1992-11-16T04:18:41.010Z', 'age': 31}, 'registered': {'date': '2009-06-27T08:27:23.499Z', 'age': 14}, 'phone': '(655) 376 2835', 'cell': '(684) 004 7457', 'id': {'name': 'NSS', 'value': '84 21 29 5492 9'}, 'picture': {'large': 'https://randomuser.me/api/portraits/men/40.jpg', 'medium': 'https://randomuser.me/api/portraits/med/men/40.jpg', 'thumbnail': 'https://randomuser.me/api/portraits/thumb/men/40.jpg'}, 'nat': 'MX'}</msg>
<arg>${json_data['results'][0]}</arg>
<doc>Logs the given message with the given level.</doc>
<status status="PASS" start="2024-04-23T18:17:29.235761" elapsed="0.000413"/>
</kw>
<kw name="Log" owner="BuiltIn">
<msg time="2024-04-23T18:17:29.236592" level="INFO">name</msg>
<arg>${key}</arg>
<doc>Logs the given message with the given level.</doc>
<status status="PASS" start="2024-04-23T18:17:29.236467" elapsed="0.000162"/>
</kw>
<var name="${key}">name</var>
<status status="PASS" start="2024-04-23T18:17:29.234854" elapsed="0.001987"/>
</iter>
<iter>
<kw name="Dictionary Should Contain Key" owner="Collections">
<msg time="2024-04-23T18:17:29.237504" level="INFO">False</msg>
<arg>${json_data['results'][0]}</arg>
<arg>${key}</arg>
<doc>Fails if ``key`` is not found from ``dictionary``.</doc>
<status status="PASS" start="2024-04-23T18:17:29.237124" elapsed="0.000417"/>
</kw>
<kw name="Log" owner="BuiltIn">
<msg time="2024-04-23T18:17:29.238204" level="INFO">{'gender': 'male', 'name': {'title': 'Mr', 'first': 'Emiliano', 'last': 'Rodríquez'}, 'location': {'street': {'number': 9245, 'name': 'Prolongación Ríos'}, 'city': 'Piñicuaro', 'state': 'Nuevo Leon', 'country': 'Mexico', 'postcode': 86942, 'coordinates': {'latitude': '26.2040', 'longitude': '-138.1336'}, 'timezone': {'offset': '+4:00', 'description': 'Abu Dhabi, Muscat, Baku, Tbilisi'}}, 'email': 'emiliano.rodriquez@example.com', 'login': {'uuid': '3c9ee99d-da05-489c-8baf-8d56895b94d6', 'username': 'redwolf580', 'password': 'queen', 'salt': '1NbuFKXd', 'md5': '08a13e39b0df649a8f12f165369c3baa', 'sha1': 'cfa639ce31ec0acb6406a59d047324e9f6cfdea9', 'sha256': '85696dcdd33949861ca7d88e0dfb74a5bd34f8e1882d3f596fee758219cfee8b'}, 'dob': {'date': '1992-11-16T04:18:41.010Z', 'age': 31}, 'registered': {'date': '2009-06-27T08:27:23.499Z', 'age': 14}, 'phone': '(655) 376 2835', 'cell': '(684) 004 7457', 'id': {'name': 'NSS', 'value': '84 21 29 5492 9'}, 'picture': {'large': 'https://randomuser.me/api/portraits/men/40.jpg', 'medium': 'https://randomuser.me/api/portraits/med/men/40.jpg', 'thumbnail': 'https://randomuser.me/api/portraits/thumb/men/40.jpg'}, 'nat': 'MX'}</msg>
<arg>${json_data['results'][0]}</arg>
<doc>Logs the given message with the given level.</doc>
<status status="PASS" start="2024-04-23T18:17:29.237838" elapsed="0.000416"/>
</kw>
<kw name="Log" owner="BuiltIn">
<msg time="2024-04-23T18:17:29.238671" level="INFO">location</msg>
<arg>${key}</arg>
<doc>Logs the given message with the given level.</doc>
<status status="PASS" start="2024-04-23T18:17:29.238548" elapsed="0.000161"/>
</kw>
<var name="${key}">location</var>
<status status="PASS" start="2024-04-23T18:17:29.237014" elapsed="0.001907"/>
</iter>
<iter>
<kw name="Dictionary Should Contain Key" owner="Collections">
<msg time="2024-04-23T18:17:29.239613" level="INFO">False</msg>
<arg>${json_data['results'][0]}</arg>
<arg>${key}</arg>
<doc>Fails if ``key`` is not found from ``dictionary``.</doc>
<status status="PASS" start="2024-04-23T18:17:29.239199" elapsed="0.000451"/>
</kw>
<kw name="Log" owner="BuiltIn">
<msg time="2024-04-23T18:17:29.240497" level="INFO">{'gender': 'male', 'name': {'title': 'Mr', 'first': 'Emiliano', 'last': 'Rodríquez'}, 'location': {'street': {'number': 9245, 'name': 'Prolongación Ríos'}, 'city': 'Piñicuaro', 'state': 'Nuevo Leon', 'country': 'Mexico', 'postcode': 86942, 'coordinates': {'latitude': '26.2040', 'longitude': '-138.1336'}, 'timezone': {'offset': '+4:00', 'description': 'Abu Dhabi, Muscat, Baku, Tbilisi'}}, 'email': 'emiliano.rodriquez@example.com', 'login': {'uuid': '3c9ee99d-da05-489c-8baf-8d56895b94d6', 'username': 'redwolf580', 'password': 'queen', 'salt': '1NbuFKXd', 'md5': '08a13e39b0df649a8f12f165369c3baa', 'sha1': 'cfa639ce31ec0acb6406a59d047324e9f6cfdea9', 'sha256': '85696dcdd33949861ca7d88e0dfb74a5bd34f8e1882d3f596fee758219cfee8b'}, 'dob': {'date': '1992-11-16T04:18:41.010Z', 'age': 31}, 'registered': {'date': '2009-06-27T08:27:23.499Z', 'age': 14}, 'phone': '(655) 376 2835', 'cell': '(684) 004 7457', 'id': {'name': 'NSS', 'value': '84 21 29 5492 9'}, 'picture': {'large': 'https://randomuser.me/api/portraits/men/40.jpg', 'medium': 'https://randomuser.me/api/portraits/med/men/40.jpg', 'thumbnail': 'https://randomuser.me/api/portraits/thumb/men/40.jpg'}, 'nat': 'MX'}</msg>
<arg>${json_data['results'][0]}</arg>
<doc>Logs the given message with the given level.</doc>
<status status="PASS" start="2024-04-23T18:17:29.239982" elapsed="0.000565"/>
</kw>
<kw name="Log" owner="BuiltIn">
<msg time="2024-04-23T18:17:29.240974" level="INFO">email</msg>
<arg>${key}</arg>
<doc>Logs the given message with the given level.</doc>
<status status="PASS" start="2024-04-23T18:17:29.240846" elapsed="0.000165"/>
</kw>
<var name="${key}">email</var>
<status status="PASS" start="2024-04-23T18:17:29.239091" elapsed="0.002131"/>
</iter>
<iter>
<kw name="Dictionary Should Contain Key" owner="Collections">
<msg time="2024-04-23T18:17:29.241886" level="INFO">False</msg>
<arg>${json_data['results'][0]}</arg>
<arg>${key}</arg>
<doc>Fails if ``key`` is not found from ``dictionary``.</doc>
<status status="PASS" start="2024-04-23T18:17:29.241499" elapsed="0.000424"/>
</kw>
<kw name="Log" owner="BuiltIn">
<msg time="2024-04-23T18:17:29.242586" level="INFO">{'gender': 'male', 'name': {'title': 'Mr', 'first': 'Emiliano', 'last': 'Rodríquez'}, 'location': {'street': {'number': 9245, 'name': 'Prolongación Ríos'}, 'city': 'Piñicuaro', 'state': 'Nuevo Leon', 'country': 'Mexico', 'postcode': 86942, 'coordinates': {'latitude': '26.2040', 'longitude': '-138.1336'}, 'timezone': {'offset': '+4:00', 'description': 'Abu Dhabi, Muscat, Baku, Tbilisi'}}, 'email': 'emiliano.rodriquez@example.com', 'login': {'uuid': '3c9ee99d-da05-489c-8baf-8d56895b94d6', 'username': 'redwolf580', 'password': 'queen', 'salt': '1NbuFKXd', 'md5': '08a13e39b0df649a8f12f165369c3baa', 'sha1': 'cfa639ce31ec0acb6406a59d047324e9f6cfdea9', 'sha256': '85696dcdd33949861ca7d88e0dfb74a5bd34f8e1882d3f596fee758219cfee8b'}, 'dob': {'date': '1992-11-16T04:18:41.010Z', 'age': 31}, 'registered': {'date': '2009-06-27T08:27:23.499Z', 'age': 14}, 'phone': '(655) 376 2835', 'cell': '(684) 004 7457', 'id': {'name': 'NSS', 'value': '84 21 29 5492 9'}, 'picture': {'large': 'https://randomuser.me/api/portraits/men/40.jpg', 'medium': 'https://randomuser.me/api/portraits/med/men/40.jpg', 'thumbnail': 'https://randomuser.me/api/portraits/thumb/men/40.jpg'}, 'nat': 'MX'}</msg>
<arg>${json_data['results'][0]}</arg>
<doc>Logs the given message with the given level.</doc>
<status status="PASS" start="2024-04-23T18:17:29.242215" elapsed="0.000420"/>
</kw>
<kw name="Log" owner="BuiltIn">
<msg time="2024-04-23T18:17:29.243056" level="INFO">login</msg>
<arg>${key}</arg>
<doc>Logs the given message with the given level.</doc>
<status status="PASS" start="2024-04-23T18:17:29.242930" elapsed="0.000193"/>
</kw>
<var name="${key}">login</var>
<status status="PASS" start="2024-04-23T18:17:29.241389" elapsed="0.001955"/>
</iter>
<var>${key}</var>
<value>@{expected_keys}</value>
<status status="PASS" start="2024-04-23T18:17:29.232539" elapsed="0.010954"/>
</for>
<kw name="Create List" owner="BuiltIn">
<msg time="2024-04-23T18:17:29.243820" level="INFO">${expected_keysTwo} = ['username', 'password']</msg>
<var>${expected_keysTwo}</var>
<arg>username</arg>
<arg>password</arg>
<doc>Returns a list containing given items.</doc>
<status status="PASS" start="2024-04-23T18:17:29.243683" elapsed="0.000160"/>
</kw>
<for flavor="IN">
<iter>
<kw name="Dictionary Should Contain Key" owner="Collections">
<msg time="2024-04-23T18:17:29.244727" level="INFO">False</msg>
<arg>${json_data['results'][0]['login']}</arg>
<arg>${keyTwo}</arg>
<doc>Fails if ``key`` is not found from ``dictionary``.</doc>
<status status="PASS" start="2024-04-23T18:17:29.244339" elapsed="0.000424"/>
</kw>
<kw name="Dictionary Should Contain Key" owner="Collections">
<msg time="2024-04-23T18:17:29.245432" level="INFO">False</msg>
<arg>${json_data['results'][0]['login']}</arg>
<arg>${keyTwo}</arg>
<doc>Fails if ``key`` is not found from ``dictionary``.</doc>
<status status="PASS" start="2024-04-23T18:17:29.245055" elapsed="0.000412"/>
</kw>
<kw name="Log" owner="BuiltIn">
<msg time="2024-04-23T18:17:29.245879" level="INFO">username</msg>
<arg>${keyTwo}</arg>
<doc>Logs the given message with the given level.</doc>
<status status="PASS" start="2024-04-23T18:17:29.245753" elapsed="0.000167"/>
</kw>
<var name="${keyTwo}">username</var>
<status status="PASS" start="2024-04-23T18:17:29.244230" elapsed="0.001903"/>
</iter>
<iter>
<kw name="Dictionary Should Contain Key" owner="Collections">
<msg time="2024-04-23T18:17:29.246875" level="INFO">False</msg>
<arg>${json_data['results'][0]['login']}</arg>
<arg>${keyTwo}</arg>
<doc>Fails if ``key`` is not found from ``dictionary``.</doc>
<status status="PASS" start="2024-04-23T18:17:29.246412" elapsed="0.000507"/>
</kw>
<kw name="Dictionary Should Contain Key" owner="Collections">
<msg time="2024-04-23T18:17:29.247635" level="INFO">False</msg>
<arg>${json_data['results'][0]['login']}</arg>
<arg>${keyTwo}</arg>
<doc>Fails if ``key`` is not found from ``dictionary``.</doc>
<status status="PASS" start="2024-04-23T18:17:29.247216" elapsed="0.000457"/>
</kw>
<kw name="Log" owner="BuiltIn">
<msg time="2024-04-23T18:17:29.248095" level="INFO">password</msg>
<arg>${keyTwo}</arg>
<doc>Logs the given message with the given level.</doc>
<status status="PASS" start="2024-04-23T18:17:29.247968" elapsed="0.000163"/>
</kw>
<var name="${keyTwo}">password</var>
<status status="PASS" start="2024-04-23T18:17:29.246304" elapsed="0.002041"/>
</iter>
<var>${keyTwo}</var>
<value>@{expected_keysTwo}</value>
<status status="PASS" start="2024-04-23T18:17:29.244079" elapsed="0.004386"/>
</for>
<status status="PASS" start="2024-04-23T18:17:29.085367" elapsed="0.163235"/>
</kw>
<doc>Testa a estrutura da resposta da API.</doc>
<tag>testeEstruturaResposta</tag>
<status status="PASS" start="2024-04-23T18:17:29.084749" elapsed="0.164004"/>
</test>
<test id="s1-s1-t4" name="Validar tipos de dados" line="28">
<kw name="Teste de Tipos de Dados" owner="random-user-service">
<kw name="GET On Session" owner="RequestsLibrary">
<msg time="2024-04-23T18:17:29.367816" level="INFO">GET Request : url=https://randomuser.me/api 
 path_url=/api 
 headers={'User-Agent': 'python-requests/2.31.0', 'Accept-Encoding': 'gzip, deflate', 'Accept': '*/*', 'Connection': 'keep-alive'} 
 body=None 
 </msg>
<msg time="2024-04-23T18:17:29.367894" level="INFO">GET Response : url=https://randomuser.me/api 
 status=200, reason=OK 
 headers={'Date': 'Tue, 23 Apr 2024 18:17:29 GMT', 'Content-Type': 'application/json; charset=utf-8', 'Transfer-Encoding': 'chunked', 'Connection': 'keep-alive', 'X-Powered-By': 'Express', 'Access-Control-Allow-Origin': '*', 'Cache-Control': 'no-cache', 'ETag': 'W/"47f-8p5GJlCJ/mUnBHDzE6AUkgyKJcU"', 'Vary': 'Accept-Encoding', 'Content-Encoding': 'gzip', 'CF-Cache-Status': 'DYNAMIC', 'Report-To': '{"endpoints":[{"url":"https:\\/\\/a.nel.cloudflare.com\\/report\\/v4?s=8dTCIrTNCqqUYP2i5HF5694Ke7XPyg9xR30rdJv0jfAVNYhDnlLTdjR8r75yFhWvwS5TML5Vn5Kgc4a6FFuCVcjSiUZNp6MPQOsNHn1Va81kbxhyne5SLmkKSFJc%2Fr7%2B"}],"group":"cf-nel","max_age":604800}', 'NEL': '{"success_fraction":0,"report_to":"cf-nel","max_age":604800}', 'Server': 'cloudflare', 'CF-RAY': '878fd9c5da227cc2-LAX', 'alt-svc': 'h3=":443"; ma=86400'} 
 body={"results":[{"gender":"female","name":{"title":"Mrs","first":"Annabelle","last":"Ambrose"},"location":{"street":{"number":7669,"name":"36th Ave"},"city":"Red Rock","state":"Saskatchewan","country":"Canada","postcode":"V8D 8F2","coordinates":{"latitude":"-70.1850","longitude":"166.0642"},"timezone":{"offset":"+5:45","description":"Kathmandu"}},"email":"annabelle.ambrose@example.com","login":{"uuid":"207cc1ae-9b86-4a13-8f7b-de46023da077","username":"sadsnake916","password":"horace","salt":"SHxNemG0","md5":"e842463e3a03d5aaedd38a6438b779f3","sha1":"78d7d13e2d5cb1dba66c605f48a587fd171bdc0d","sha256":"ae3a089ba82f3e10743e59ca538d277de0fc3f21a74915c6f1ee69621957e3fd"},"dob":{"date":"1962-04-07T17:44:23.343Z","age":62},"registered":{"date":"2010-06-20T17:14:56.325Z","age":13},"phone":"E28 Q04-4188","cell":"A10 Q50-3012","id":{"name":"SIN","value":"453066292"},"picture":{"large":"https://randomuser.me/api/portraits/women/0.jpg","medium":"https://randomuser.me/api/portraits/med/women/0.jpg","thumbnail":"https://randomuser.me/api/portraits/thumb/women/0.jpg"},"nat":"CA"}],"info":{"seed":"666d5a5e98f0cf6c","results":1,"page":1,"version":"1.4"}} 
 </msg>
<msg time="2024-04-23T18:17:29.367967" level="INFO">/opt/hostedtoolcache/Python/3.12.3/x64/lib/python3.12/site-packages/urllib3/connectionpool.py:1103: InsecureRequestWarning: Unverified HTTPS request is being made to host 'randomuser.me'. Adding certificate verification is strongly advised. See: https://urllib3.readthedocs.io/en/latest/advanced-usage.html#tls-warnings
  warnings.warn(</msg>
<msg time="2024-04-23T18:17:29.368079" level="INFO">${response} = &lt;Response [200]&gt;</msg>
<var>${response}</var>
<arg>consultarAPI</arg>
<arg>/api</arg>
<doc>Sends a GET request on a previously created HTTP Session.</doc>
<status status="PASS" start="2024-04-23T18:17:29.251295" elapsed="0.116834"/>
</kw>
<kw name="Set Variable" owner="BuiltIn">
<msg time="2024-04-23T18:17:29.369367" level="INFO">${json_data} = {'results': [{'gender': 'female', 'name': {'title': 'Mrs', 'first': 'Annabelle', 'last': 'Ambrose'}, 'location': {'street': {'number': 7669, 'name': '36th Ave'}, 'city': 'Red Rock', 'state': 'Saskatch...</msg>
<var>${json_data}</var>
<arg>${response.json()}</arg>
<doc>Returns the given values which can then be assigned to a variables.</doc>
<status status="PASS" start="2024-04-23T18:17:29.368680" elapsed="0.000715"/>
</kw>
<kw name="Log" owner="BuiltIn">
<msg time="2024-04-23T18:17:29.369845" level="INFO">{'results': [{'gender': 'female', 'name': {'title': 'Mrs', 'first': 'Annabelle', 'last': 'Ambrose'}, 'location': {'street': {'number': 7669, 'name': '36th Ave'}, 'city': 'Red Rock', 'state': 'Saskatchewan', 'country': 'Canada', 'postcode': 'V8D 8F2', 'coordinates': {'latitude': '-70.1850', 'longitude': '166.0642'}, 'timezone': {'offset': '+5:45', 'description': 'Kathmandu'}}, 'email': 'annabelle.ambrose@example.com', 'login': {'uuid': '207cc1ae-9b86-4a13-8f7b-de46023da077', 'username': 'sadsnake916', 'password': 'horace', 'salt': 'SHxNemG0', 'md5': 'e842463e3a03d5aaedd38a6438b779f3', 'sha1': '78d7d13e2d5cb1dba66c605f48a587fd171bdc0d', 'sha256': 'ae3a089ba82f3e10743e59ca538d277de0fc3f21a74915c6f1ee69621957e3fd'}, 'dob': {'date': '1962-04-07T17:44:23.343Z', 'age': 62}, 'registered': {'date': '2010-06-20T17:14:56.325Z', 'age': 13}, 'phone': 'E28 Q04-4188', 'cell': 'A10 Q50-3012', 'id': {'name': 'SIN', 'value': '453066292'}, 'picture': {'large': 'https://randomuser.me/api/portraits/women/0.jpg', 'medium': 'https://randomuser.me/api/portraits/med/women/0.jpg', 'thumbnail': 'https://randomuser.me/api/portraits/thumb/women/0.jpg'}, 'nat': 'CA'}], 'info': {'seed': '666d5a5e98f0cf6c', 'results': 1, 'page': 1, 'version': '1.4'}}</msg>
<arg>${json_data}</arg>
<doc>Logs the given message with the given level.</doc>
<status status="PASS" start="2024-04-23T18:17:29.369696" elapsed="0.000226"/>
</kw>
<kw name="Should Be String" owner="String">
<arg>${json_data['results'][0]['gender']}</arg>
<doc>Fails if the given ``item`` is not a string.</doc>
<status status="PASS" start="2024-04-23T18:17:29.370214" elapsed="0.000354"/>
</kw>
<kw name="Should Match Regexp" owner="BuiltIn">
<arg>${json_data['results'][0]['email']}</arg>
<arg>^[a-zA-Z0-9._%+-]+@[a-zA-Z0-9.-]+\.[a-zA-Z]{2,}$</arg>
<doc>Fails if ``string`` does not match ``pattern`` as a regular expression.</doc>
<status status="PASS" start="2024-04-23T18:17:29.370757" elapsed="0.000517"/>
</kw>
<kw name="Should Match Regexp" owner="BuiltIn">
<arg>${json_data['results'][0]['dob']['date']}</arg>
<arg>\\d{4}-\\d{2}-\\d{2}T\\d{2}:\\d{2}:\\d{2}\\.\\d{3}Z</arg>
<doc>Fails if ``string`` does not match ``pattern`` as a regular expression.</doc>
<status status="PASS" start="2024-04-23T18:17:29.371500" elapsed="0.000499"/>
</kw>
<kw name="Should Match Regexp" owner="BuiltIn">
<arg>${json_data['results'][0]['registered']['date']}</arg>
<arg>\\d{4}-\\d{2}-\\d{2}T\\d{2}:\\d{2}:\\d{2}\\.\\d{3}Z</arg>
<doc>Fails if ``string`` does not match ``pattern`` as a regular expression.</doc>
<status status="PASS" start="2024-04-23T18:17:29.372187" elapsed="0.000372"/>
</kw>
<kw name="Should Match Regexp" owner="BuiltIn">
<arg>${json_data['results'][0]['picture']['large']}</arg>
<arg>^https?://.*\.(?:png|jpe?g|gif|bmp)$</arg>
<doc>Fails if ``string`` does not match ``pattern`` as a regular expression.</doc>
<status status="PASS" start="2024-04-23T18:17:29.372743" elapsed="0.000460"/>
</kw>
<kw name="Should Match Regexp" owner="BuiltIn">
<arg>${json_data['results'][0]['picture']['medium']}</arg>
<arg>^https?://.*\.(?:png|jpe?g|gif|bmp)$</arg>
<doc>Fails if ``string`` does not match ``pattern`` as a regular expression.</doc>
<status status="PASS" start="2024-04-23T18:17:29.373387" elapsed="0.000359"/>
</kw>
<kw name="Should Match Regexp" owner="BuiltIn">
<arg>${json_data['results'][0]['picture']['thumbnail']}</arg>
<arg>^https?://.*\.(?:png|jpe?g|gif|bmp)$</arg>
<doc>Fails if ``string`` does not match ``pattern`` as a regular expression.</doc>
<status status="PASS" start="2024-04-23T18:17:29.373935" elapsed="0.000345"/>
</kw>
<kw name="Log" owner="BuiltIn">
<msg time="2024-04-23T18:17:29.374772" level="INFO">{'large': 'https://randomuser.me/api/portraits/women/0.jpg', 'medium': 'https://randomuser.me/api/portraits/med/women/0.jpg', 'thumbnail': 'https://randomuser.me/api/portraits/thumb/women/0.jpg'}</msg>
<arg>${json_data['results'][0]['picture']}</arg>
<doc>Logs the given message with the given level.</doc>
<status status="PASS" start="2024-04-23T18:17:29.374455" elapsed="0.000358"/>
</kw>
<status status="PASS" start="2024-04-23T18:17:29.251069" elapsed="0.123988"/>
</kw>
<kw name="Teste de Tipos de Dados - Postcode" owner="random-user-service">
<kw name="GET On Session" owner="RequestsLibrary">
<msg time="2024-04-23T18:17:29.481257" level="INFO">GET Request : url=https://randomuser.me/api 
 path_url=/api 
 headers={'User-Agent': 'python-requests/2.31.0', 'Accept-Encoding': 'gzip, deflate', 'Accept': '*/*', 'Connection': 'keep-alive'} 
 body=None 
 </msg>
<msg time="2024-04-23T18:17:29.481334" level="INFO">GET Response : url=https://randomuser.me/api 
 status=200, reason=OK 
 headers={'Date': 'Tue, 23 Apr 2024 18:17:29 GMT', 'Content-Type': 'application/json; charset=utf-8', 'Transfer-Encoding': 'chunked', 'Connection': 'keep-alive', 'X-Powered-By': 'Express', 'Access-Control-Allow-Origin': '*', 'Cache-Control': 'no-cache', 'ETag': 'W/"472-ydWvHd8B5OLJkoyFSRIipUX2Hys"', 'Vary': 'Accept-Encoding', 'Content-Encoding': 'gzip', 'CF-Cache-Status': 'DYNAMIC', 'Report-To': '{"endpoints":[{"url":"https:\\/\\/a.nel.cloudflare.com\\/report\\/v4?s=k4aD%2F9ubR22xyadBgs%2BFQ%2Fu1%2B%2B9OZWNclMdulGI0bQ%2BFSo11%2FbajGhBo42PPiFblCmdZDeKRCMt4tLMfoWx2OA3tIA0vwGnV1SEMXlDXNynnPS3gaZMHAGqC5CwjGaoF"}],"group":"cf-nel","max_age":604800}', 'NEL': '{"success_fraction":0,"report_to":"cf-nel","max_age":604800}', 'Server': 'cloudflare', 'CF-RAY': '878fd9c69ad57cc2-LAX', 'alt-svc': 'h3=":443"; ma=86400'} 
 body={"results":[{"gender":"male","name":{"title":"Mr","first":"Sudislav","last":"Vovchenko"},"location":{"street":{"number":8775,"name":"Ostapa Vishni"},"city":"Shargorod","state":"Chernivecka","country":"Ukraine","postcode":73254,"coordinates":{"latitude":"79.9921","longitude":"-38.5575"},"timezone":{"offset":"-9:00","description":"Alaska"}},"email":"sudislav.vovchenko@example.com","login":{"uuid":"d21e2ffb-e766-4183-ae61-9c0d07b86c13","username":"happybird661","password":"test","salt":"6DAAfHoi","md5":"5431df7f93d706fd0a595406090798de","sha1":"f9ba7efa5bb0a6808498e9127a2df3650e54d137","sha256":"2e99d7350447802afd62d48047faed7cb84468ef1b4b0dec7ffa8565befc318c"},"dob":{"date":"1989-12-15T02:22:06.280Z","age":34},"registered":{"date":"2002-10-24T21:53:01.481Z","age":21},"phone":"(066) M75-3712","cell":"(067) Z70-6565","id":{"name":"","value":null},"picture":{"large":"https://randomuser.me/api/portraits/men/82.jpg","medium":"https://randomuser.me/api/portraits/med/men/82.jpg","thumbnail":"https://randomuser.me/api/portraits/thumb/men/82.jpg"},"nat":"UA"}],"info":{"seed":"ce107b2818a2f569","results":1,"page":1,"version":"1.4"}} 
 </msg>
<msg time="2024-04-23T18:17:29.481407" level="INFO">/opt/hostedtoolcache/Python/3.12.3/x64/lib/python3.12/site-packages/urllib3/connectionpool.py:1103: InsecureRequestWarning: Unverified HTTPS request is being made to host 'randomuser.me'. Adding certificate verification is strongly advised. See: https://urllib3.readthedocs.io/en/latest/advanced-usage.html#tls-warnings
  warnings.warn(</msg>
<msg time="2024-04-23T18:17:29.481513" level="INFO">${response} = &lt;Response [200]&gt;</msg>
<var>${response}</var>
<arg>consultarAPI</arg>
<arg>/api</arg>
<doc>Sends a GET request on a previously created HTTP Session.</doc>
<status status="PASS" start="2024-04-23T18:17:29.375528" elapsed="0.106035"/>
</kw>
<kw name="Set Variable" owner="BuiltIn">
<msg time="2024-04-23T18:17:29.482678" level="INFO">${json_data} = {'results': [{'gender': 'male', 'name': {'title': 'Mr', 'first': 'Sudislav', 'last': 'Vovchenko'}, 'location': {'street': {'number': 8775, 'name': 'Ostapa Vishni'}, 'city': 'Shargorod', 'state': 'Cher...</msg>
<var>${json_data}</var>
<arg>${response.json()}</arg>
<doc>Returns the given values which can then be assigned to a variables.</doc>
<status status="PASS" start="2024-04-23T18:17:29.482053" elapsed="0.000653"/>
</kw>
<kw name="Log" owner="BuiltIn">
<msg time="2024-04-23T18:17:29.483164" level="INFO">{'results': [{'gender': 'male', 'name': {'title': 'Mr', 'first': 'Sudislav', 'last': 'Vovchenko'}, 'location': {'street': {'number': 8775, 'name': 'Ostapa Vishni'}, 'city': 'Shargorod', 'state': 'Chernivecka', 'country': 'Ukraine', 'postcode': 73254, 'coordinates': {'latitude': '79.9921', 'longitude': '-38.5575'}, 'timezone': {'offset': '-9:00', 'description': 'Alaska'}}, 'email': 'sudislav.vovchenko@example.com', 'login': {'uuid': 'd21e2ffb-e766-4183-ae61-9c0d07b86c13', 'username': 'happybird661', 'password': 'test', 'salt': '6DAAfHoi', 'md5': '5431df7f93d706fd0a595406090798de', 'sha1': 'f9ba7efa5bb0a6808498e9127a2df3650e54d137', 'sha256': '2e99d7350447802afd62d48047faed7cb84468ef1b4b0dec7ffa8565befc318c'}, 'dob': {'date': '1989-12-15T02:22:06.280Z', 'age': 34}, 'registered': {'date': '2002-10-24T21:53:01.481Z', 'age': 21}, 'phone': '(066) M75-3712', 'cell': '(067) Z70-6565', 'id': {'name': '', 'value': None}, 'picture': {'large': 'https://randomuser.me/api/portraits/men/82.jpg', 'medium': 'https://randomuser.me/api/portraits/med/men/82.jpg', 'thumbnail': 'https://randomuser.me/api/portraits/thumb/men/82.jpg'}, 'nat': 'UA'}], 'info': {'seed': 'ce107b2818a2f569', 'results': 1, 'page': 1, 'version': '1.4'}}</msg>
<arg>${json_data}</arg>
<doc>Logs the given message with the given level.</doc>
<status status="PASS" start="2024-04-23T18:17:29.483013" elapsed="0.000228"/>
</kw>
<kw name="Should Be Equal As Numbers" owner="BuiltIn">
<arg>${json_data['results'][0]['location']['postcode']}</arg>
<arg>${json_data['results'][0]['location']['postcode']}</arg>
<doc>Fails if objects are unequal after converting them to real numbers.</doc>
<status status="PASS" start="2024-04-23T18:17:29.483701" elapsed="0.000613"/>
</kw>
<kw name="Log" owner="BuiltIn">
<msg time="2024-04-23T18:17:29.484837" level="INFO">73254</msg>
<arg>${json_data['results'][0]['location']['postcode']}</arg>
<doc>Logs the given message with the given level.</doc>
<status status="PASS" start="2024-04-23T18:17:29.484505" elapsed="0.000371"/>
</kw>
<status status="PASS" start="2024-04-23T18:17:29.375272" elapsed="0.109851"/>
</kw>
<doc>Testa se os tipos de dados na resposta da API estão corretos.</doc>
<tag>testeTiposDados</tag>
<status status="PASS" start="2024-04-23T18:17:29.250524" elapsed="0.234755"/>
</test>
<test id="s1-s1-t5" name="Validar conteudo" line="35">
<kw name="Teste de Tipos de Conteudo" owner="random-user-service">
<kw name="GET On Session" owner="RequestsLibrary">
<msg time="2024-04-23T18:17:29.580252" level="INFO">GET Request : url=https://randomuser.me/api 
 path_url=/api 
 headers={'User-Agent': 'python-requests/2.31.0', 'Accept-Encoding': 'gzip, deflate', 'Accept': '*/*', 'Connection': 'keep-alive'} 
 body=None 
 </msg>
<msg time="2024-04-23T18:17:29.580328" level="INFO">GET Response : url=https://randomuser.me/api 
 status=200, reason=OK 
 headers={'Date': 'Tue, 23 Apr 2024 18:17:29 GMT', 'Content-Type': 'application/json; charset=utf-8', 'Transfer-Encoding': 'chunked', 'Connection': 'keep-alive', 'X-Powered-By': 'Express', 'Access-Control-Allow-Origin': '*', 'Cache-Control': 'no-cache', 'ETag': 'W/"47b-3drFusMaDa11u7wDIgOLSSq9t9E"', 'Vary': 'Accept-Encoding', 'Content-Encoding': 'gzip', 'CF-Cache-Status': 'DYNAMIC', 'Report-To': '{"endpoints":[{"url":"https:\\/\\/a.nel.cloudflare.com\\/report\\/v4?s=HE3gDLUMxhu4aEJUf8yrZXdjUU857PGSfIackwjGyTTCXyIOtq8OpktK0F0e7bBtJa9QfQVlugp3c62KQvsyOKk2UrZILaWYX55TmcL2Bz1r8Nyn%2BAEIGv%2FqC92fmoEM"}],"group":"cf-nel","max_age":604800}', 'NEL': '{"success_fraction":0,"report_to":"cf-nel","max_age":604800}', 'Server': 'cloudflare', 'CF-RAY': '878fd9c75b817cc2-LAX', 'alt-svc': 'h3=":443"; ma=86400'} 
 body={"results":[{"gender":"male","name":{"title":"Mr","first":"Jesse","last":"Tuomi"},"location":{"street":{"number":7203,"name":"Otavalankatu"},"city":"Heinola","state":"Pirkanmaa","country":"Finland","postcode":33244,"coordinates":{"latitude":"-22.3380","longitude":"-65.5583"},"timezone":{"offset":"+9:30","description":"Adelaide, Darwin"}},"email":"jesse.tuomi@example.com","login":{"uuid":"4eeb8184-34e0-4915-976c-af08beec47b1","username":"greenrabbit682","password":"jimmy","salt":"pp5dJewe","md5":"9cf47e3883f1489c97a2c84332c19699","sha1":"5bcb758d80ba78f6dc5f0c19d64675b8b37f9fa2","sha256":"b5ac4c7ae5aca1a7821f1f5fab1ff82613845c6b4f090d08d67967b7a4852187"},"dob":{"date":"2001-02-25T12:50:57.918Z","age":23},"registered":{"date":"2003-05-22T14:15:08.292Z","age":20},"phone":"07-997-347","cell":"040-750-41-51","id":{"name":"HETU","value":"NaNNA859undefined"},"picture":{"large":"https://randomuser.me/api/portraits/men/55.jpg","medium":"https://randomuser.me/api/portraits/med/men/55.jpg","thumbnail":"https://randomuser.me/api/portraits/thumb/men/55.jpg"},"nat":"FI"}],"info":{"seed":"8ef64fb8f290725c","results":1,"page":1,"version":"1.4"}} 
 </msg>
<msg time="2024-04-23T18:17:29.580395" level="INFO">/opt/hostedtoolcache/Python/3.12.3/x64/lib/python3.12/site-packages/urllib3/connectionpool.py:1103: InsecureRequestWarning: Unverified HTTPS request is being made to host 'randomuser.me'. Adding certificate verification is strongly advised. See: https://urllib3.readthedocs.io/en/latest/advanced-usage.html#tls-warnings
  warnings.warn(</msg>
<msg time="2024-04-23T18:17:29.580511" level="INFO">${response} = &lt;Response [200]&gt;</msg>
<var>${response}</var>
<arg>consultarAPI</arg>
<arg>/api</arg>
<doc>Sends a GET request on a previously created HTTP Session.</doc>
<status status="PASS" start="2024-04-23T18:17:29.487739" elapsed="0.092821"/>
</kw>
<kw name="Set Variable" owner="BuiltIn">
<msg time="2024-04-23T18:17:29.581569" level="INFO">${json_data} = {'results': [{'gender': 'male', 'name': {'title': 'Mr', 'first': 'Jesse', 'last': 'Tuomi'}, 'location': {'street': {'number': 7203, 'name': 'Otavalankatu'}, 'city': 'Heinola', 'state': 'Pirkanmaa', 'c...</msg>
<var>${json_data}</var>
<arg>${response.json()}</arg>
<doc>Returns the given values which can then be assigned to a variables.</doc>
<status status="PASS" start="2024-04-23T18:17:29.581026" elapsed="0.000571"/>
</kw>
<kw name="Set Variable" owner="BuiltIn">
<msg time="2024-04-23T18:17:29.582282" level="INFO">${name_title} = Mr</msg>
<var>${name_title}</var>
<arg>${json_data["results"][0]["name"]["title"]}</arg>
<doc>Returns the given values which can then be assigned to a variables.</doc>
<status status="PASS" start="2024-04-23T18:17:29.581902" elapsed="0.000406"/>
</kw>
<kw name="Create List" owner="BuiltIn">
<msg time="2024-04-23T18:17:29.582746" level="INFO">${allowed_titles} = ['Mr', 'Ms', 'Miss', 'Mrs', 'Madame', 'Monsieur']</msg>
<var>${allowed_titles}</var>
<arg>Mr</arg>
<arg>Ms</arg>
<arg>Miss</arg>
<arg>Mrs</arg>
<arg>Madame</arg>
<arg>Monsieur</arg>
<doc>Returns a list containing given items.</doc>
<status status="PASS" start="2024-04-23T18:17:29.582601" elapsed="0.000168"/>
</kw>
<kw name="List Should Contain Value" owner="Collections">
<msg time="2024-04-23T18:17:29.583234" level="INFO">False</msg>
<arg>${allowed_titles}</arg>
<arg>${name_title}</arg>
<doc>Fails if the ``value`` is not found from ``list``.</doc>
<status status="PASS" start="2024-04-23T18:17:29.583068" elapsed="0.000202"/>
</kw>
<kw name="Set Variable" owner="BuiltIn">
<msg time="2024-04-23T18:17:29.583973" level="INFO">${name_country} = FI</msg>
<var>${name_country}</var>
<arg>${json_data["results"][0]["nat"]}</arg>
<doc>Returns the given values which can then be assigned to a variables.</doc>
<status status="PASS" start="2024-04-23T18:17:29.583588" elapsed="0.000409"/>
</kw>
<kw name="Create List" owner="BuiltIn">
<msg time="2024-04-23T18:17:29.584887" level="INFO">${list_country} = ['AD', 'AE', 'AF', 'AG', 'AI', 'AL', 'AM', 'AO', 'AQ', 'AR', 'AS', 'AT', 'AU', 'AW', 'AX', 'AZ', 'BA', 'BB', 'BD', 'BE', 'BF', 'BG', 'BH', 'BI', 'BJ', 'BL', 'BM', 'BN', 'BO', 'BQ', 'BR', 'BS', 'BT', '...</msg>
<var>${list_country}</var>
<arg>AD</arg>
<arg>AE</arg>
<arg>AF</arg>
<arg>AG</arg>
<arg>AI</arg>
<arg>AL</arg>
<arg>AM</arg>
<arg>AO</arg>
<arg>AQ</arg>
<arg>AR</arg>
<arg>AS</arg>
<arg>AT</arg>
<arg>AU</arg>
<arg>AW</arg>
<arg>AX</arg>
<arg>AZ</arg>
<arg>BA</arg>
<arg>BB</arg>
<arg>BD</arg>
<arg>BE</arg>
<arg>BF</arg>
<arg>BG</arg>
<arg>BH</arg>
<arg>BI</arg>
<arg>BJ</arg>
<arg>BL</arg>
<arg>BM</arg>
<arg>BN</arg>
<arg>BO</arg>
<arg>BQ</arg>
<arg>BR</arg>
<arg>BS</arg>
<arg>BT</arg>
<arg>BV</arg>
<arg>BW</arg>
<arg>BY</arg>
<arg>BZ</arg>
<arg>CA</arg>
<arg>CC</arg>
<arg>CD</arg>
<arg>CF</arg>
<arg>CG</arg>
<arg>CH</arg>
<arg>CI</arg>
<arg>CK</arg>
<arg>CL</arg>
<arg>CM</arg>
<arg>CN</arg>
<arg>CO</arg>
<arg>CR</arg>
<arg>CU</arg>
<arg>CV</arg>
<arg>CW</arg>
<arg>CX</arg>
<arg>CY</arg>
<arg>CZ</arg>
<arg>DE</arg>
<arg>DJ</arg>
<arg>DK</arg>
<arg>DM</arg>
<arg>DO</arg>
<arg>DZ</arg>
<arg>EC</arg>
<arg>EE</arg>
<arg>EG</arg>
<arg>EH</arg>
<arg>ER</arg>
<arg>ES</arg>
<arg>ET</arg>
<arg>FI</arg>
<arg>FJ</arg>
<arg>FK</arg>
<arg>FM</arg>
<arg>FO</arg>
<arg>FR</arg>
<arg>GA</arg>
<arg>GB</arg>
<arg>GD</arg>
<arg>GE</arg>
<arg>GF</arg>
<arg>GG</arg>
<arg>GH</arg>
<arg>GI</arg>
<arg>GL</arg>
<arg>GM</arg>
<arg>GN</arg>
<arg>GP</arg>
<arg>GQ</arg>
<arg>GR</arg>
<arg>GS</arg>
<arg>GT</arg>
<arg>GU</arg>
<arg>GW</arg>
<arg>GY</arg>
<arg>HK</arg>
<arg>HM</arg>
<arg>HN</arg>
<arg>HR</arg>
<arg>HT</arg>
<arg>HU</arg>
<arg>ID</arg>
<arg>IE</arg>
<arg>IL</arg>
<arg>IM</arg>
<arg>IN</arg>
<arg>IO</arg>
<arg>IQ</arg>
<arg>IR</arg>
<arg>IS</arg>
<arg>IT</arg>
<arg>JE</arg>
<arg>JM</arg>
<arg>JO</arg>
<arg>JP</arg>
<arg>KE</arg>
<arg>KG</arg>
<arg>KH</arg>
<arg>KI</arg>
<arg>KM</arg>
<arg>KN</arg>
<arg>KP</arg>
<arg>KR</arg>
<arg>KW</arg>
<arg>KY</arg>
<arg>KZ</arg>
<arg>LA</arg>
<arg>LB</arg>
<arg>LC</arg>
<arg>LI</arg>
<arg>LK</arg>
<arg>LR</arg>
<arg>LS</arg>
<arg>LT</arg>
<arg>LU</arg>
<arg>LV</arg>
<arg>LY</arg>
<arg>MA</arg>
<arg>MC</arg>
<arg>MD</arg>
<arg>ME</arg>
<arg>MF</arg>
<arg>MG</arg>
<arg>MH</arg>
<arg>MK</arg>
<arg>ML</arg>
<arg>MM</arg>
<arg>MN</arg>
<arg>MO</arg>
<arg>MP</arg>
<arg>MQ</arg>
<arg>MR</arg>
<arg>MS</arg>
<arg>MT</arg>
<arg>MU</arg>
<arg>MV</arg>
<arg>MW</arg>
<arg>MX</arg>
<arg>MY</arg>
<arg>MZ</arg>
<arg>NA</arg>
<arg>NC</arg>
<arg>NE</arg>
<arg>NF</arg>
<arg>NG</arg>
<arg>NI</arg>
<arg>NL</arg>
<arg>NO</arg>
<arg>NP</arg>
<arg>NR</arg>
<arg>NU</arg>
<arg>NZ</arg>
<arg>OM</arg>
<arg>PA</arg>
<arg>PE</arg>
<arg>PF</arg>
<arg>PG</arg>
<arg>PH</arg>
<arg>PK</arg>
<arg>PL</arg>
<arg>PM</arg>
<arg>PN</arg>
<arg>PR</arg>
<arg>PS</arg>
<arg>PT</arg>
<arg>PW</arg>
<arg>PY</arg>
<arg>QA</arg>
<arg>RE</arg>
<arg>RO</arg>
<arg>RS</arg>
<arg>RU</arg>
<arg>RW</arg>
<arg>SA</arg>
<arg>SB</arg>
<arg>SC</arg>
<arg>SD</arg>
<arg>SE</arg>
<arg>SG</arg>
<arg>SH</arg>
<arg>SI</arg>
<arg>SJ</arg>
<arg>SK</arg>
<arg>SL</arg>
<arg>SM</arg>
<arg>SN</arg>
<arg>SO</arg>
<arg>SR</arg>
<arg>SS</arg>
<arg>ST</arg>
<arg>SV</arg>
<arg>SX</arg>
<arg>SY</arg>
<arg>SZ</arg>
<arg>TC</arg>
<arg>TD</arg>
<arg>TF</arg>
<arg>TG</arg>
<arg>TH</arg>
<arg>TJ</arg>
<arg>TK</arg>
<arg>TL</arg>
<arg>TM</arg>
<arg>TN</arg>
<arg>TO</arg>
<arg>TR</arg>
<arg>TT</arg>
<arg>TV</arg>
<arg>TW</arg>
<arg>TZ</arg>
<arg>UA</arg>
<arg>UG</arg>
<arg>UM</arg>
<arg>US</arg>
<arg>UY</arg>
<arg>UZ</arg>
<arg>VA</arg>
<arg>VC</arg>
<arg>VE</arg>
<arg>VG</arg>
<arg>VI</arg>
<arg>VN</arg>
<arg>VU</arg>
<arg>WF</arg>
<arg>WS</arg>
<arg>XK</arg>
<arg>YE</arg>
<arg>YT</arg>
<arg>ZA</arg>
<arg>ZM</arg>
<arg>ZW</arg>
<doc>Returns a list containing given items.</doc>
<status status="PASS" start="2024-04-23T18:17:29.584300" elapsed="0.000612"/>
</kw>
<kw name="List Should Contain Value" owner="Collections">
<msg time="2024-04-23T18:17:29.585897" level="INFO">False</msg>
<arg>${list_country}</arg>
<arg>${name_country}</arg>
<doc>Fails if the ``value`` is not found from ``list``.</doc>
<status status="PASS" start="2024-04-23T18:17:29.585700" elapsed="0.000232"/>
</kw>
<kw name="Run Keyword If" owner="BuiltIn">
<kw name="Should Be True" owner="BuiltIn">
<arg>${True}</arg>
<doc>Fails if the given condition is not true.</doc>
<status status="PASS" start="2024-04-23T18:17:29.586982" elapsed="0.000242"/>
</kw>
<arg>${json_data["results"][0]["location"]["coordinates"]["latitude"]} &gt;= -90 and ${json_data["results"][0]["location"]["coordinates"]["latitude"]} &lt;= 90</arg>
<arg>Should Be True</arg>
<arg>${True}</arg>
<doc>Runs the given keyword with the given arguments, if ``condition`` is true.</doc>
<status status="PASS" start="2024-04-23T18:17:29.586241" elapsed="0.001114"/>
</kw>
<kw name="Run Keyword If" owner="BuiltIn">
<kw name="Should Be True" owner="BuiltIn">
<arg>${True}</arg>
<doc>Fails if the given condition is not true.</doc>
<status status="PASS" start="2024-04-23T18:17:29.588285" elapsed="0.000137"/>
</kw>
<arg>${json_data["results"][0]["location"]["coordinates"]["longitude"]} &gt;= -180 and ${json_data["results"][0]["location"]["coordinates"]["longitude"]} &lt;= 180</arg>
<arg>Should Be True</arg>
<arg>${True}</arg>
<doc>Runs the given keyword with the given arguments, if ``condition`` is true.</doc>
<status status="PASS" start="2024-04-23T18:17:29.587575" elapsed="0.000969"/>
</kw>
<status status="PASS" start="2024-04-23T18:17:29.487514" elapsed="0.101156"/>
</kw>
<doc>Testa o conteúdo específico dos campos retornados pela API.</doc>
<tag>testeConteudo</tag>
<status status="PASS" start="2024-04-23T18:17:29.486986" elapsed="0.101824"/>
</test>
<status status="PASS" start="2024-04-23T18:17:28.268043" elapsed="1.322695"/>
</suite>
<status status="PASS" start="2024-04-23T18:17:28.254219" elapsed="1.341624"/>
</suite>
<statistics>
<total>
<stat pass="5" fail="0" skip="0">All Tests</stat>
</total>
<tag>
<stat pass="1" fail="0" skip="0">testeConteudo</stat>
<stat pass="1" fail="0" skip="0">testeEstruturaResposta</stat>
<stat pass="1" fail="0" skip="0">testeRequisicaoBasica</stat>
<stat pass="1" fail="0" skip="0">testeTiposDados</stat>
</tag>
<suite>
<stat pass="5" fail="0" skip="0" id="s1" name="Tests">Tests</stat>
<stat pass="5" fail="0" skip="0" id="s1-s1" name="Random-User-Test">Tests.Random-User-Test</stat>
</suite>
</statistics>
<errors>
</errors>
</robot>
