<?xml version="1.0" encoding="UTF-8"?>
<robot generator="Robot 7.0 (Python 3.12.3 on linux)" generated="2024-06-01T08:18:13.581845" rpa="false" schemaversion="5">
<suite id="s1" name="Tests" source="/home/runner/work/ApiRandomUser/ApiRandomUser/RamdonUser/tests">
<suite id="s1-s1" name="Random-User-Test" source="/home/runner/work/ApiRandomUser/ApiRandomUser/RamdonUser/tests/random-user-test.robot">
<test id="s1-s1-t1" name="Conectar" line="13">
<kw name="Conectar API" owner="random-user-service">
<kw name="Create Session" owner="RequestsLibrary">
<msg time="2024-06-01T08:18:14.195238" level="INFO">Creating Session using : alias=consultarAPI, url=https://randomuser.me/, headers={},                     cookies={}, auth=None, timeout=None, proxies=None, verify=False,                     debug=0 </msg>
<arg>consultarAPI</arg>
<arg>${URL}</arg>
<doc>Create Session: create a HTTP session to a server</doc>
<status status="PASS" start="2024-06-01T08:18:14.194909" elapsed="0.000605"/>
</kw>
<status status="PASS" start="2024-06-01T08:18:14.192906" elapsed="0.003218"/>
</kw>
<status status="PASS" start="2024-06-01T08:18:14.191677" elapsed="0.004814"/>
</test>
<test id="s1-s1-t2" name="Validar retorno 200 e JSON Válido" line="16">
<kw name="Teste de Requisicao Basica" owner="random-user-service">
<kw name="GET On Session" owner="RequestsLibrary">
<msg time="2024-06-01T08:18:14.273684" level="INFO">GET Request : url=https://randomuser.me/api 
 path_url=/api 
 headers={'User-Agent': 'python-requests/2.32.3', 'Accept-Encoding': 'gzip, deflate', 'Accept': '*/*', 'Connection': 'keep-alive'} 
 body=None 
 </msg>
<msg time="2024-06-01T08:18:14.273882" level="INFO">GET Response : url=https://randomuser.me/api 
 status=200, reason=OK 
 headers={'Date': 'Sat, 01 Jun 2024 08:18:14 GMT', 'Content-Type': 'application/json; charset=utf-8', 'Transfer-Encoding': 'chunked', 'Connection': 'keep-alive', 'X-Powered-By': 'Express', 'Access-Control-Allow-Origin': '*', 'Cache-Control': 'no-cache', 'ETag': 'W/"497-4+PO9Cu5oeVNozyItpa+WhCsAWs"', 'Vary': 'Accept-Encoding', 'Content-Encoding': 'gzip', 'CF-Cache-Status': 'DYNAMIC', 'Report-To': '{"endpoints":[{"url":"https:\\/\\/a.nel.cloudflare.com\\/report\\/v4?s=ZC5NwSeCuvTOFtkWz0699cWZriM%2FfiBLwPg%2BHBhJsL%2FIFDYAiNXLdbZg5jkfRF%2FXbi3%2FQo6xemcq7Ius2EILf4qctrkn3QlFHIAeklNT%2BUhR6Q%2BZ142XSyL8lMn%2FyHFH"}],"group":"cf-nel","max_age":604800}', 'NEL': '{"success_fraction":0,"report_to":"cf-nel","max_age":604800}', 'Server': 'cloudflare', 'CF-RAY': '88cdc596ff2f0649-IAD', 'alt-svc': 'h3=":443"; ma=86400'} 
 body={"results":[{"gender":"female","name":{"title":"Miss","first":"Signe","last":"Nielsen"},"location":{"street":{"number":3692,"name":"Havnegade"},"city":"København Ø","state":"Hovedstaden","country":"Denmark","postcode":75732,"coordinates":{"latitude":"-42.4453","longitude":"7.4703"},"timezone":{"offset":"+10:00","description":"Eastern Australia, Guam, Vladivostok"}},"email":"signe.nielsen@example.com","login":{"uuid":"d90f5473-b562-41fd-b226-81988f9ed6ee","username":"heavyleopard207","password":"billbill","salt":"vxih0YBk","md5":"74ebbd908933dd900697816f3fcf8ee6","sha1":"0364ff18205ba1f9eac4431e1e1519becb687932","sha256":"37d614a3ea2064c40dff0a1dec9cb27dac10cb3f897e4f5c6d8fb593cd64f03d"},"dob":{"date":"1977-03-21T13:02:05.708Z","age":47},"registered":{"date":"2013-07-02T00:45:00.780Z","age":10},"phone":"96883995","cell":"42055345","id":{"name":"CPR","value":"210377-4671"},"picture":{"large":"https://randomuser.me/api/portraits/women/54.jpg","medium":"https://randomuser.me/api/portraits/med/women/54.jpg","thumbnail":"https://randomuser.me/api/portraits/thumb/women/54.jpg"},"nat":"DK"}],"info":{"seed":"6611bfaee091cb74","results":1,"page":1,"version":"1.4"}} 
 </msg>
<msg time="2024-06-01T08:18:14.274018" level="INFO">/opt/hostedtoolcache/Python/3.12.3/x64/lib/python3.12/site-packages/urllib3/connectionpool.py:1103: InsecureRequestWarning: Unverified HTTPS request is being made to host 'randomuser.me'. Adding certificate verification is strongly advised. See: https://urllib3.readthedocs.io/en/latest/advanced-usage.html#tls-warnings
  warnings.warn(</msg>
<msg time="2024-06-01T08:18:14.274444" level="INFO">${response} = &lt;Response [200]&gt;</msg>
<var>${response}</var>
<arg>consultarAPI</arg>
<arg>/api</arg>
<doc>Sends a GET request on a previously created HTTP Session.</doc>
<status status="PASS" start="2024-06-01T08:18:14.201915" elapsed="0.072617"/>
</kw>
<kw name="Should Be Equal As Numbers" owner="BuiltIn">
<msg time="2024-06-01T08:18:14.276096" level="INFO">Argument types are:
&lt;class 'int'&gt;
&lt;class 'str'&gt;</msg>
<arg>${response.status_code}</arg>
<arg>200</arg>
<doc>Fails if objects are unequal after converting them to real numbers.</doc>
<status status="PASS" start="2024-06-01T08:18:14.275350" elapsed="0.000855"/>
</kw>
<kw name="Log" owner="BuiltIn">
<msg time="2024-06-01T08:18:14.277492" level="INFO">200</msg>
<arg>${response.status_code}</arg>
<doc>Logs the given message with the given level.</doc>
<status status="PASS" start="2024-06-01T08:18:14.276814" elapsed="0.000759"/>
</kw>
<kw name="Set Variable" owner="BuiltIn">
<msg time="2024-06-01T08:18:14.278898" level="INFO">${json_data} = {'results': [{'gender': 'female', 'name': {'title': 'Miss', 'first': 'Signe', 'last': 'Nielsen'}, 'location': {'street': {'number': 3692, 'name': 'Havnegade'}, 'city': 'København Ø', 'state': 'Hovedst...</msg>
<var>${json_data}</var>
<arg>${response.json()}</arg>
<doc>Returns the given values which can then be assigned to a variables.</doc>
<status status="PASS" start="2024-06-01T08:18:14.278099" elapsed="0.000853"/>
</kw>
<kw name="Dictionary Should Contain Key" owner="Collections">
<msg time="2024-06-01T08:18:14.279778" level="INFO">False</msg>
<arg>${json_data}</arg>
<arg>results</arg>
<doc>Fails if ``key`` is not found from ``dictionary``.</doc>
<status status="PASS" start="2024-06-01T08:18:14.279492" elapsed="0.000553"/>
</kw>
<status status="PASS" start="2024-06-01T08:18:14.201507" elapsed="0.078943"/>
</kw>
<doc>Testa se a API responde corretamente e retorna um objeto JSON válido.</doc>
<tag>testeRequisicaoBasica</tag>
<status status="PASS" start="2024-06-01T08:18:14.200427" elapsed="0.080313"/>
</test>
<test id="s1-s1-t3" name="Validar estrutura de resposta" line="22">
<kw name="Teste de Estrutura de Resposta" owner="random-user-service">
<kw name="GET On Session" owner="RequestsLibrary">
<msg time="2024-06-01T08:18:14.374534" level="INFO">GET Request : url=https://randomuser.me/api 
 path_url=/api 
 headers={'User-Agent': 'python-requests/2.32.3', 'Accept-Encoding': 'gzip, deflate', 'Accept': '*/*', 'Connection': 'keep-alive'} 
 body=None 
 </msg>
<msg time="2024-06-01T08:18:14.374644" level="INFO">GET Response : url=https://randomuser.me/api 
 status=200, reason=OK 
 headers={'Date': 'Sat, 01 Jun 2024 08:18:14 GMT', 'Content-Type': 'application/json; charset=utf-8', 'Transfer-Encoding': 'chunked', 'Connection': 'keep-alive', 'X-Powered-By': 'Express', 'Access-Control-Allow-Origin': '*', 'Cache-Control': 'no-cache', 'ETag': 'W/"4a0-HEAEBm38ixjz3T2jryD5BdirTKM"', 'Vary': 'Accept-Encoding', 'Content-Encoding': 'gzip', 'CF-Cache-Status': 'DYNAMIC', 'Report-To': '{"endpoints":[{"url":"https:\\/\\/a.nel.cloudflare.com\\/report\\/v4?s=onJqHytnTqPt8qAzsl8CL1DPRkj0ddJvn1VeJUhxE7X%2BfIuI21VKKNke8DlHxNc0gdqIyAG%2FRIq19TY6DVqbOhUSDyvbBzqJNgQtft1LkNcZ%2Ff0Lj3oiXZYpFl%2FYAEpp"}],"group":"cf-nel","max_age":604800}', 'NEL': '{"success_fraction":0,"report_to":"cf-nel","max_age":604800}', 'Server': 'cloudflare', 'CF-RAY': '88cdc5974f6d0649-IAD', 'alt-svc': 'h3=":443"; ma=86400'} 
 body={"results":[{"gender":"male","name":{"title":"Mr","first":"Tiago","last":"Leclercq"},"location":{"street":{"number":4300,"name":"Esplanade du 9 Novembre 1989"},"city":"Villeurbanne","state":"Pyrénées-Orientales","country":"France","postcode":20351,"coordinates":{"latitude":"-17.8290","longitude":"-24.7699"},"timezone":{"offset":"-2:00","description":"Mid-Atlantic"}},"email":"tiago.leclercq@example.com","login":{"uuid":"e8662fc1-522b-4898-a6a5-8809db83f91e","username":"redfrog600","password":"george1","salt":"wikSGMGA","md5":"63ae6174ecbbc12e19fd74c4662a15bb","sha1":"2168200a783baf57bbf97cf9940e1fc001d5416f","sha256":"fce890bb21edf51d91df6e0cddfb2fcff2dca6575705cc4b322d0e626bbcd7c3"},"dob":{"date":"1974-01-18T06:32:50.541Z","age":50},"registered":{"date":"2002-04-16T01:14:58.985Z","age":22},"phone":"05-75-19-51-83","cell":"06-69-37-69-19","id":{"name":"INSEE","value":"1740048111705 14"},"picture":{"large":"https://randomuser.me/api/portraits/men/59.jpg","medium":"https://randomuser.me/api/portraits/med/men/59.jpg","thumbnail":"https://randomuser.me/api/portraits/thumb/men/59.jpg"},"nat":"FR"}],"info":{"seed":"820ee9c1b6fc487b","results":1,"page":1,"version":"1.4"}} 
 </msg>
<msg time="2024-06-01T08:18:14.374803" level="INFO">/opt/hostedtoolcache/Python/3.12.3/x64/lib/python3.12/site-packages/urllib3/connectionpool.py:1103: InsecureRequestWarning: Unverified HTTPS request is being made to host 'randomuser.me'. Adding certificate verification is strongly advised. See: https://urllib3.readthedocs.io/en/latest/advanced-usage.html#tls-warnings
  warnings.warn(</msg>
<msg time="2024-06-01T08:18:14.374964" level="INFO">${response} = &lt;Response [200]&gt;</msg>
<var>${response}</var>
<arg>consultarAPI</arg>
<arg>/api</arg>
<doc>Sends a GET request on a previously created HTTP Session.</doc>
<status status="PASS" start="2024-06-01T08:18:14.286559" elapsed="0.088472"/>
</kw>
<kw name="Set Variable" owner="BuiltIn">
<msg time="2024-06-01T08:18:14.376345" level="INFO">${json_data} = {'results': [{'gender': 'male', 'name': {'title': 'Mr', 'first': 'Tiago', 'last': 'Leclercq'}, 'location': {'street': {'number': 4300, 'name': 'Esplanade du 9 Novembre 1989'}, 'city': 'Villeurbanne', ...</msg>
<var>${json_data}</var>
<arg>${response.json()}</arg>
<doc>Returns the given values which can then be assigned to a variables.</doc>
<status status="PASS" start="2024-06-01T08:18:14.375619" elapsed="0.000766"/>
</kw>
<kw name="Log" owner="BuiltIn">
<msg time="2024-06-01T08:18:14.377016" level="INFO">{'results': [{'gender': 'male', 'name': {'title': 'Mr', 'first': 'Tiago', 'last': 'Leclercq'}, 'location': {'street': {'number': 4300, 'name': 'Esplanade du 9 Novembre 1989'}, 'city': 'Villeurbanne', 'state': 'Pyrénées-Orientales', 'country': 'France', 'postcode': 20351, 'coordinates': {'latitude': '-17.8290', 'longitude': '-24.7699'}, 'timezone': {'offset': '-2:00', 'description': 'Mid-Atlantic'}}, 'email': 'tiago.leclercq@example.com', 'login': {'uuid': 'e8662fc1-522b-4898-a6a5-8809db83f91e', 'username': 'redfrog600', 'password': 'george1', 'salt': 'wikSGMGA', 'md5': '63ae6174ecbbc12e19fd74c4662a15bb', 'sha1': '2168200a783baf57bbf97cf9940e1fc001d5416f', 'sha256': 'fce890bb21edf51d91df6e0cddfb2fcff2dca6575705cc4b322d0e626bbcd7c3'}, 'dob': {'date': '1974-01-18T06:32:50.541Z', 'age': 50}, 'registered': {'date': '2002-04-16T01:14:58.985Z', 'age': 22}, 'phone': '05-75-19-51-83', 'cell': '06-69-37-69-19', 'id': {'name': 'INSEE', 'value': '1740048111705 14'}, 'picture': {'large': 'https://randomuser.me/api/portraits/men/59.jpg', 'medium': 'https://randomuser.me/api/portraits/med/men/59.jpg', 'thumbnail': 'https://randomuser.me/api/portraits/thumb/men/59.jpg'}, 'nat': 'FR'}], 'info': {'seed': '820ee9c1b6fc487b', 'results': 1, 'page': 1, 'version': '1.4'}}</msg>
<arg>${json_data}</arg>
<doc>Logs the given message with the given level.</doc>
<status status="PASS" start="2024-06-01T08:18:14.376788" elapsed="0.000314"/>
</kw>
<kw name="Dictionary Should Contain Key" owner="Collections">
<msg time="2024-06-01T08:18:14.377813" level="INFO">False</msg>
<arg>${json_data}</arg>
<arg>results</arg>
<doc>Fails if ``key`` is not found from ``dictionary``.</doc>
<status status="PASS" start="2024-06-01T08:18:14.377567" elapsed="0.000307"/>
</kw>
<kw name="Should Not Be Empty" owner="BuiltIn">
<msg time="2024-06-01T08:18:14.378484" level="INFO">Length is 2.</msg>
<arg>${json_data}</arg>
<doc>Verifies that the given item is not empty.</doc>
<status status="PASS" start="2024-06-01T08:18:14.378311" elapsed="0.000225"/>
</kw>
<kw name="Create List" owner="BuiltIn">
<msg time="2024-06-01T08:18:14.379151" level="INFO">${expected_keys} = ['gender', 'name', 'location', 'email', 'login']</msg>
<var>${expected_keys}</var>
<arg>gender</arg>
<arg>name</arg>
<arg>location</arg>
<arg>email</arg>
<arg>login</arg>
<doc>Returns a list containing given items.</doc>
<status status="PASS" start="2024-06-01T08:18:14.378916" elapsed="0.000274"/>
</kw>
<for flavor="IN">
<iter>
<kw name="Dictionary Should Contain Key" owner="Collections">
<msg time="2024-06-01T08:18:14.380745" level="INFO">False</msg>
<arg>${json_data['results'][0]}</arg>
<arg>${key}</arg>
<doc>Fails if ``key`` is not found from ``dictionary``.</doc>
<status status="PASS" start="2024-06-01T08:18:14.380065" elapsed="0.000747"/>
</kw>
<kw name="Log" owner="BuiltIn">
<msg time="2024-06-01T08:18:14.382078" level="INFO">{'gender': 'male', 'name': {'title': 'Mr', 'first': 'Tiago', 'last': 'Leclercq'}, 'location': {'street': {'number': 4300, 'name': 'Esplanade du 9 Novembre 1989'}, 'city': 'Villeurbanne', 'state': 'Pyrénées-Orientales', 'country': 'France', 'postcode': 20351, 'coordinates': {'latitude': '-17.8290', 'longitude': '-24.7699'}, 'timezone': {'offset': '-2:00', 'description': 'Mid-Atlantic'}}, 'email': 'tiago.leclercq@example.com', 'login': {'uuid': 'e8662fc1-522b-4898-a6a5-8809db83f91e', 'username': 'redfrog600', 'password': 'george1', 'salt': 'wikSGMGA', 'md5': '63ae6174ecbbc12e19fd74c4662a15bb', 'sha1': '2168200a783baf57bbf97cf9940e1fc001d5416f', 'sha256': 'fce890bb21edf51d91df6e0cddfb2fcff2dca6575705cc4b322d0e626bbcd7c3'}, 'dob': {'date': '1974-01-18T06:32:50.541Z', 'age': 50}, 'registered': {'date': '2002-04-16T01:14:58.985Z', 'age': 22}, 'phone': '05-75-19-51-83', 'cell': '06-69-37-69-19', 'id': {'name': 'INSEE', 'value': '1740048111705 14'}, 'picture': {'large': 'https://randomuser.me/api/portraits/men/59.jpg', 'medium': 'https://randomuser.me/api/portraits/med/men/59.jpg', 'thumbnail': 'https://randomuser.me/api/portraits/thumb/men/59.jpg'}, 'nat': 'FR'}</msg>
<arg>${json_data['results'][0]}</arg>
<doc>Logs the given message with the given level.</doc>
<status status="PASS" start="2024-06-01T08:18:14.381333" elapsed="0.000852"/>
</kw>
<kw name="Log" owner="BuiltIn">
<msg time="2024-06-01T08:18:14.382879" level="INFO">gender</msg>
<arg>${key}</arg>
<doc>Logs the given message with the given level.</doc>
<status status="PASS" start="2024-06-01T08:18:14.382673" elapsed="0.000268"/>
</kw>
<var name="${key}">gender</var>
<status status="PASS" start="2024-06-01T08:18:14.379867" elapsed="0.003406"/>
</iter>
<iter>
<kw name="Dictionary Should Contain Key" owner="Collections">
<msg time="2024-06-01T08:18:14.384364" level="INFO">False</msg>
<arg>${json_data['results'][0]}</arg>
<arg>${key}</arg>
<doc>Fails if ``key`` is not found from ``dictionary``.</doc>
<status status="PASS" start="2024-06-01T08:18:14.383763" elapsed="0.000651"/>
</kw>
<kw name="Log" owner="BuiltIn">
<msg time="2024-06-01T08:18:14.385444" level="INFO">{'gender': 'male', 'name': {'title': 'Mr', 'first': 'Tiago', 'last': 'Leclercq'}, 'location': {'street': {'number': 4300, 'name': 'Esplanade du 9 Novembre 1989'}, 'city': 'Villeurbanne', 'state': 'Pyrénées-Orientales', 'country': 'France', 'postcode': 20351, 'coordinates': {'latitude': '-17.8290', 'longitude': '-24.7699'}, 'timezone': {'offset': '-2:00', 'description': 'Mid-Atlantic'}}, 'email': 'tiago.leclercq@example.com', 'login': {'uuid': 'e8662fc1-522b-4898-a6a5-8809db83f91e', 'username': 'redfrog600', 'password': 'george1', 'salt': 'wikSGMGA', 'md5': '63ae6174ecbbc12e19fd74c4662a15bb', 'sha1': '2168200a783baf57bbf97cf9940e1fc001d5416f', 'sha256': 'fce890bb21edf51d91df6e0cddfb2fcff2dca6575705cc4b322d0e626bbcd7c3'}, 'dob': {'date': '1974-01-18T06:32:50.541Z', 'age': 50}, 'registered': {'date': '2002-04-16T01:14:58.985Z', 'age': 22}, 'phone': '05-75-19-51-83', 'cell': '06-69-37-69-19', 'id': {'name': 'INSEE', 'value': '1740048111705 14'}, 'picture': {'large': 'https://randomuser.me/api/portraits/men/59.jpg', 'medium': 'https://randomuser.me/api/portraits/med/men/59.jpg', 'thumbnail': 'https://randomuser.me/api/portraits/thumb/men/59.jpg'}, 'nat': 'FR'}</msg>
<arg>${json_data['results'][0]}</arg>
<doc>Logs the given message with the given level.</doc>
<status status="PASS" start="2024-06-01T08:18:14.384832" elapsed="0.000703"/>
</kw>
<kw name="Log" owner="BuiltIn">
<msg time="2024-06-01T08:18:14.386209" level="INFO">name</msg>
<arg>${key}</arg>
<doc>Logs the given message with the given level.</doc>
<status status="PASS" start="2024-06-01T08:18:14.386010" elapsed="0.000252"/>
</kw>
<var name="${key}">name</var>
<status status="PASS" start="2024-06-01T08:18:14.383576" elapsed="0.002969"/>
</iter>
<iter>
<kw name="Dictionary Should Contain Key" owner="Collections">
<msg time="2024-06-01T08:18:14.387506" level="INFO">False</msg>
<arg>${json_data['results'][0]}</arg>
<arg>${key}</arg>
<doc>Fails if ``key`` is not found from ``dictionary``.</doc>
<status status="PASS" start="2024-06-01T08:18:14.386943" elapsed="0.000614"/>
</kw>
<kw name="Log" owner="BuiltIn">
<msg time="2024-06-01T08:18:14.388482" level="INFO">{'gender': 'male', 'name': {'title': 'Mr', 'first': 'Tiago', 'last': 'Leclercq'}, 'location': {'street': {'number': 4300, 'name': 'Esplanade du 9 Novembre 1989'}, 'city': 'Villeurbanne', 'state': 'Pyrénées-Orientales', 'country': 'France', 'postcode': 20351, 'coordinates': {'latitude': '-17.8290', 'longitude': '-24.7699'}, 'timezone': {'offset': '-2:00', 'description': 'Mid-Atlantic'}}, 'email': 'tiago.leclercq@example.com', 'login': {'uuid': 'e8662fc1-522b-4898-a6a5-8809db83f91e', 'username': 'redfrog600', 'password': 'george1', 'salt': 'wikSGMGA', 'md5': '63ae6174ecbbc12e19fd74c4662a15bb', 'sha1': '2168200a783baf57bbf97cf9940e1fc001d5416f', 'sha256': 'fce890bb21edf51d91df6e0cddfb2fcff2dca6575705cc4b322d0e626bbcd7c3'}, 'dob': {'date': '1974-01-18T06:32:50.541Z', 'age': 50}, 'registered': {'date': '2002-04-16T01:14:58.985Z', 'age': 22}, 'phone': '05-75-19-51-83', 'cell': '06-69-37-69-19', 'id': {'name': 'INSEE', 'value': '1740048111705 14'}, 'picture': {'large': 'https://randomuser.me/api/portraits/men/59.jpg', 'medium': 'https://randomuser.me/api/portraits/med/men/59.jpg', 'thumbnail': 'https://randomuser.me/api/portraits/thumb/men/59.jpg'}, 'nat': 'FR'}</msg>
<arg>${json_data['results'][0]}</arg>
<doc>Logs the given message with the given level.</doc>
<status status="PASS" start="2024-06-01T08:18:14.387953" elapsed="0.000601"/>
</kw>
<kw name="Log" owner="BuiltIn">
<msg time="2024-06-01T08:18:14.389125" level="INFO">location</msg>
<arg>${key}</arg>
<doc>Logs the given message with the given level.</doc>
<status status="PASS" start="2024-06-01T08:18:14.388950" elapsed="0.000227"/>
</kw>
<var name="${key}">location</var>
<status status="PASS" start="2024-06-01T08:18:14.386788" elapsed="0.002668"/>
</iter>
<iter>
<kw name="Dictionary Should Contain Key" owner="Collections">
<msg time="2024-06-01T08:18:14.390561" level="INFO">False</msg>
<arg>${json_data['results'][0]}</arg>
<arg>${key}</arg>
<doc>Fails if ``key`` is not found from ``dictionary``.</doc>
<status status="PASS" start="2024-06-01T08:18:14.389843" elapsed="0.000769"/>
</kw>
<kw name="Log" owner="BuiltIn">
<msg time="2024-06-01T08:18:14.391540" level="INFO">{'gender': 'male', 'name': {'title': 'Mr', 'first': 'Tiago', 'last': 'Leclercq'}, 'location': {'street': {'number': 4300, 'name': 'Esplanade du 9 Novembre 1989'}, 'city': 'Villeurbanne', 'state': 'Pyrénées-Orientales', 'country': 'France', 'postcode': 20351, 'coordinates': {'latitude': '-17.8290', 'longitude': '-24.7699'}, 'timezone': {'offset': '-2:00', 'description': 'Mid-Atlantic'}}, 'email': 'tiago.leclercq@example.com', 'login': {'uuid': 'e8662fc1-522b-4898-a6a5-8809db83f91e', 'username': 'redfrog600', 'password': 'george1', 'salt': 'wikSGMGA', 'md5': '63ae6174ecbbc12e19fd74c4662a15bb', 'sha1': '2168200a783baf57bbf97cf9940e1fc001d5416f', 'sha256': 'fce890bb21edf51d91df6e0cddfb2fcff2dca6575705cc4b322d0e626bbcd7c3'}, 'dob': {'date': '1974-01-18T06:32:50.541Z', 'age': 50}, 'registered': {'date': '2002-04-16T01:14:58.985Z', 'age': 22}, 'phone': '05-75-19-51-83', 'cell': '06-69-37-69-19', 'id': {'name': 'INSEE', 'value': '1740048111705 14'}, 'picture': {'large': 'https://randomuser.me/api/portraits/men/59.jpg', 'medium': 'https://randomuser.me/api/portraits/med/men/59.jpg', 'thumbnail': 'https://randomuser.me/api/portraits/thumb/men/59.jpg'}, 'nat': 'FR'}</msg>
<arg>${json_data['results'][0]}</arg>
<doc>Logs the given message with the given level.</doc>
<status status="PASS" start="2024-06-01T08:18:14.391003" elapsed="0.000607"/>
</kw>
<kw name="Log" owner="BuiltIn">
<msg time="2024-06-01T08:18:14.392169" level="INFO">email</msg>
<arg>${key}</arg>
<doc>Logs the given message with the given level.</doc>
<status status="PASS" start="2024-06-01T08:18:14.392004" elapsed="0.000216"/>
</kw>
<var name="${key}">email</var>
<status status="PASS" start="2024-06-01T08:18:14.389691" elapsed="0.002801"/>
</iter>
<iter>
<kw name="Dictionary Should Contain Key" owner="Collections">
<msg time="2024-06-01T08:18:14.393425" level="INFO">False</msg>
<arg>${json_data['results'][0]}</arg>
<arg>${key}</arg>
<doc>Fails if ``key`` is not found from ``dictionary``.</doc>
<status status="PASS" start="2024-06-01T08:18:14.392883" elapsed="0.000591"/>
</kw>
<kw name="Log" owner="BuiltIn">
<msg time="2024-06-01T08:18:14.394395" level="INFO">{'gender': 'male', 'name': {'title': 'Mr', 'first': 'Tiago', 'last': 'Leclercq'}, 'location': {'street': {'number': 4300, 'name': 'Esplanade du 9 Novembre 1989'}, 'city': 'Villeurbanne', 'state': 'Pyrénées-Orientales', 'country': 'France', 'postcode': 20351, 'coordinates': {'latitude': '-17.8290', 'longitude': '-24.7699'}, 'timezone': {'offset': '-2:00', 'description': 'Mid-Atlantic'}}, 'email': 'tiago.leclercq@example.com', 'login': {'uuid': 'e8662fc1-522b-4898-a6a5-8809db83f91e', 'username': 'redfrog600', 'password': 'george1', 'salt': 'wikSGMGA', 'md5': '63ae6174ecbbc12e19fd74c4662a15bb', 'sha1': '2168200a783baf57bbf97cf9940e1fc001d5416f', 'sha256': 'fce890bb21edf51d91df6e0cddfb2fcff2dca6575705cc4b322d0e626bbcd7c3'}, 'dob': {'date': '1974-01-18T06:32:50.541Z', 'age': 50}, 'registered': {'date': '2002-04-16T01:14:58.985Z', 'age': 22}, 'phone': '05-75-19-51-83', 'cell': '06-69-37-69-19', 'id': {'name': 'INSEE', 'value': '1740048111705 14'}, 'picture': {'large': 'https://randomuser.me/api/portraits/men/59.jpg', 'medium': 'https://randomuser.me/api/portraits/med/men/59.jpg', 'thumbnail': 'https://randomuser.me/api/portraits/thumb/men/59.jpg'}, 'nat': 'FR'}</msg>
<arg>${json_data['results'][0]}</arg>
<doc>Logs the given message with the given level.</doc>
<status status="PASS" start="2024-06-01T08:18:14.393856" elapsed="0.000608"/>
</kw>
<kw name="Log" owner="BuiltIn">
<msg time="2024-06-01T08:18:14.395010" level="INFO">login</msg>
<arg>${key}</arg>
<doc>Logs the given message with the given level.</doc>
<status status="PASS" start="2024-06-01T08:18:14.394845" elapsed="0.000217"/>
</kw>
<var name="${key}">login</var>
<status status="PASS" start="2024-06-01T08:18:14.392730" elapsed="0.002635"/>
</iter>
<var>${key}</var>
<value>@{expected_keys}</value>
<status status="PASS" start="2024-06-01T08:18:14.379584" elapsed="0.015957"/>
</for>
<kw name="Create List" owner="BuiltIn">
<msg time="2024-06-01T08:18:14.395997" level="INFO">${expected_keysTwo} = ['username', 'password']</msg>
<var>${expected_keysTwo}</var>
<arg>username</arg>
<arg>password</arg>
<doc>Returns a list containing given items.</doc>
<status status="PASS" start="2024-06-01T08:18:14.395815" elapsed="0.000215"/>
</kw>
<for flavor="IN">
<iter>
<kw name="Dictionary Should Contain Key" owner="Collections">
<msg time="2024-06-01T08:18:14.396966" level="INFO">False</msg>
<arg>${json_data['results'][0]['login']}</arg>
<arg>${keyTwo}</arg>
<doc>Fails if ``key`` is not found from ``dictionary``.</doc>
<status status="PASS" start="2024-06-01T08:18:14.396553" elapsed="0.000451"/>
</kw>
<kw name="Dictionary Should Contain Key" owner="Collections">
<msg time="2024-06-01T08:18:14.397732" level="INFO">False</msg>
<arg>${json_data['results'][0]['login']}</arg>
<arg>${keyTwo}</arg>
<doc>Fails if ``key`` is not found from ``dictionary``.</doc>
<status status="PASS" start="2024-06-01T08:18:14.397314" elapsed="0.000455"/>
</kw>
<kw name="Log" owner="BuiltIn">
<msg time="2024-06-01T08:18:14.398224" level="INFO">username</msg>
<arg>${keyTwo}</arg>
<doc>Logs the given message with the given level.</doc>
<status status="PASS" start="2024-06-01T08:18:14.398074" elapsed="0.000192"/>
</kw>
<var name="${keyTwo}">username</var>
<status status="PASS" start="2024-06-01T08:18:14.396438" elapsed="0.002052"/>
</iter>
<iter>
<kw name="Dictionary Should Contain Key" owner="Collections">
<msg time="2024-06-01T08:18:14.399207" level="INFO">False</msg>
<arg>${json_data['results'][0]['login']}</arg>
<arg>${keyTwo}</arg>
<doc>Fails if ``key`` is not found from ``dictionary``.</doc>
<status status="PASS" start="2024-06-01T08:18:14.398786" elapsed="0.000459"/>
</kw>
<kw name="Dictionary Should Contain Key" owner="Collections">
<msg time="2024-06-01T08:18:14.399968" level="INFO">False</msg>
<arg>${json_data['results'][0]['login']}</arg>
<arg>${keyTwo}</arg>
<doc>Fails if ``key`` is not found from ``dictionary``.</doc>
<status status="PASS" start="2024-06-01T08:18:14.399549" elapsed="0.000458"/>
</kw>
<kw name="Log" owner="BuiltIn">
<msg time="2024-06-01T08:18:14.400444" level="INFO">password</msg>
<arg>${keyTwo}</arg>
<doc>Logs the given message with the given level.</doc>
<status status="PASS" start="2024-06-01T08:18:14.400315" elapsed="0.000170"/>
</kw>
<var name="${keyTwo}">password</var>
<status status="PASS" start="2024-06-01T08:18:14.398670" elapsed="0.002036"/>
</iter>
<var>${keyTwo}</var>
<value>@{expected_keysTwo}</value>
<status status="PASS" start="2024-06-01T08:18:14.396284" elapsed="0.004548"/>
</for>
<status status="PASS" start="2024-06-01T08:18:14.285791" elapsed="0.115189"/>
</kw>
<doc>Testa a estrutura da resposta da API.</doc>
<tag>testeEstruturaResposta</tag>
<status status="PASS" start="2024-06-01T08:18:14.284345" elapsed="0.116793"/>
</test>
<test id="s1-s1-t4" name="Validar tipos de dados" line="28">
<kw name="Teste de Tipos de Dados" owner="random-user-service">
<kw name="GET On Session" owner="RequestsLibrary">
<msg time="2024-06-01T08:18:14.465896" level="INFO">GET Request : url=https://randomuser.me/api 
 path_url=/api 
 headers={'User-Agent': 'python-requests/2.32.3', 'Accept-Encoding': 'gzip, deflate', 'Accept': '*/*', 'Connection': 'keep-alive'} 
 body=None 
 </msg>
<msg time="2024-06-01T08:18:14.465976" level="INFO">GET Response : url=https://randomuser.me/api 
 status=200, reason=OK 
 headers={'Date': 'Sat, 01 Jun 2024 08:18:14 GMT', 'Content-Type': 'application/json; charset=utf-8', 'Transfer-Encoding': 'chunked', 'Connection': 'keep-alive', 'X-Powered-By': 'Express', 'Access-Control-Allow-Origin': '*', 'Cache-Control': 'no-cache', 'ETag': 'W/"490-yxhuwfMPpnBMacoTDUuBfgUiwiM"', 'Vary': 'Accept-Encoding', 'Content-Encoding': 'gzip', 'CF-Cache-Status': 'DYNAMIC', 'Report-To': '{"endpoints":[{"url":"https:\\/\\/a.nel.cloudflare.com\\/report\\/v4?s=qnSgNNPX1kwQMpyWJET33aRgfee6AelfR%2Bex4sxyhjyuJieq27mQMnfjnVnX7991XNCRDb1U60ziuRSCV9H%2FNQaU%2Fvk2FwWG3rkeCiDDxWjiOI1cjYwooJtRPEATOMWI"}],"group":"cf-nel","max_age":604800}', 'NEL': '{"success_fraction":0,"report_to":"cf-nel","max_age":604800}', 'Server': 'cloudflare', 'CF-RAY': '88cdc5980fe80649-IAD', 'alt-svc': 'h3=":443"; ma=86400'} 
 body={"results":[{"gender":"female","name":{"title":"Miss","first":"Rut","last":"Panchenko"},"location":{"street":{"number":18,"name":"Berdyanskiy provulok"},"city":"Skadovsk","state":"Rivnenska","country":"Ukraine","postcode":41617,"coordinates":{"latitude":"78.2522","longitude":"39.7260"},"timezone":{"offset":"-3:00","description":"Brazil, Buenos Aires, Georgetown"}},"email":"rut.panchenko@example.com","login":{"uuid":"ca4500ca-5ef0-4ed4-9593-a1516f62cc01","username":"bluemouse184","password":"mallard","salt":"50a62qwv","md5":"fbbde58158f0ad51938e92ededa0cd54","sha1":"57b079a3745eb3b1014f8cb36229d6649d7274f0","sha256":"6020f52aa671b5f39d074782feec3cf05c56c9e1dfb409e6d0b9fd11d3eb1dbe"},"dob":{"date":"1963-06-26T20:56:07.596Z","age":60},"registered":{"date":"2003-09-25T08:30:20.462Z","age":20},"phone":"(099) L17-7009","cell":"(097) S51-8839","id":{"name":"","value":null},"picture":{"large":"https://randomuser.me/api/portraits/women/36.jpg","medium":"https://randomuser.me/api/portraits/med/women/36.jpg","thumbnail":"https://randomuser.me/api/portraits/thumb/women/36.jpg"},"nat":"UA"}],"info":{"seed":"6ec1b665306bfac0","results":1,"page":1,"version":"1.4"}} 
 </msg>
<msg time="2024-06-01T08:18:14.466053" level="INFO">/opt/hostedtoolcache/Python/3.12.3/x64/lib/python3.12/site-packages/urllib3/connectionpool.py:1103: InsecureRequestWarning: Unverified HTTPS request is being made to host 'randomuser.me'. Adding certificate verification is strongly advised. See: https://urllib3.readthedocs.io/en/latest/advanced-usage.html#tls-warnings
  warnings.warn(</msg>
<msg time="2024-06-01T08:18:14.466190" level="INFO">${response} = &lt;Response [200]&gt;</msg>
<var>${response}</var>
<arg>consultarAPI</arg>
<arg>/api</arg>
<doc>Sends a GET request on a previously created HTTP Session.</doc>
<status status="PASS" start="2024-06-01T08:18:14.403942" elapsed="0.062287"/>
</kw>
<kw name="Set Variable" owner="BuiltIn">
<msg time="2024-06-01T08:18:14.467014" level="INFO">${json_data} = {'results': [{'gender': 'female', 'name': {'title': 'Miss', 'first': 'Rut', 'last': 'Panchenko'}, 'location': {'street': {'number': 18, 'name': 'Berdyanskiy provulok'}, 'city': 'Skadovsk', 'state': 'R...</msg>
<var>${json_data}</var>
<arg>${response.json()}</arg>
<doc>Returns the given values which can then be assigned to a variables.</doc>
<status status="PASS" start="2024-06-01T08:18:14.466580" elapsed="0.000463"/>
</kw>
<kw name="Log" owner="BuiltIn">
<msg time="2024-06-01T08:18:14.467499" level="INFO">{'results': [{'gender': 'female', 'name': {'title': 'Miss', 'first': 'Rut', 'last': 'Panchenko'}, 'location': {'street': {'number': 18, 'name': 'Berdyanskiy provulok'}, 'city': 'Skadovsk', 'state': 'Rivnenska', 'country': 'Ukraine', 'postcode': 41617, 'coordinates': {'latitude': '78.2522', 'longitude': '39.7260'}, 'timezone': {'offset': '-3:00', 'description': 'Brazil, Buenos Aires, Georgetown'}}, 'email': 'rut.panchenko@example.com', 'login': {'uuid': 'ca4500ca-5ef0-4ed4-9593-a1516f62cc01', 'username': 'bluemouse184', 'password': 'mallard', 'salt': '50a62qwv', 'md5': 'fbbde58158f0ad51938e92ededa0cd54', 'sha1': '57b079a3745eb3b1014f8cb36229d6649d7274f0', 'sha256': '6020f52aa671b5f39d074782feec3cf05c56c9e1dfb409e6d0b9fd11d3eb1dbe'}, 'dob': {'date': '1963-06-26T20:56:07.596Z', 'age': 60}, 'registered': {'date': '2003-09-25T08:30:20.462Z', 'age': 20}, 'phone': '(099) L17-7009', 'cell': '(097) S51-8839', 'id': {'name': '', 'value': None}, 'picture': {'large': 'https://randomuser.me/api/portraits/women/36.jpg', 'medium': 'https://randomuser.me/api/portraits/med/women/36.jpg', 'thumbnail': 'https://randomuser.me/api/portraits/thumb/women/36.jpg'}, 'nat': 'UA'}], 'info': {'seed': '6ec1b665306bfac0', 'results': 1, 'page': 1, 'version': '1.4'}}</msg>
<arg>${json_data}</arg>
<doc>Logs the given message with the given level.</doc>
<status status="PASS" start="2024-06-01T08:18:14.467348" elapsed="0.000230"/>
</kw>
<kw name="Should Be String" owner="String">
<arg>${json_data['results'][0]['gender']}</arg>
<doc>Fails if the given ``item`` is not a string.</doc>
<status status="PASS" start="2024-06-01T08:18:14.467877" elapsed="0.000362"/>
</kw>
<kw name="Should Match Regexp" owner="BuiltIn">
<arg>${json_data['results'][0]['email']}</arg>
<arg>^[a-zA-Z0-9._%+-]+@[a-zA-Z0-9.-]+\.[a-zA-Z]{2,}$</arg>
<doc>Fails if ``string`` does not match ``pattern`` as a regular expression.</doc>
<status status="PASS" start="2024-06-01T08:18:14.468431" elapsed="0.000616"/>
</kw>
<kw name="Should Match Regexp" owner="BuiltIn">
<arg>${json_data['results'][0]['dob']['date']}</arg>
<arg>\\d{4}-\\d{2}-\\d{2}T\\d{2}:\\d{2}:\\d{2}\\.\\d{3}Z</arg>
<doc>Fails if ``string`` does not match ``pattern`` as a regular expression.</doc>
<status status="PASS" start="2024-06-01T08:18:14.469247" elapsed="0.000479"/>
</kw>
<kw name="Should Match Regexp" owner="BuiltIn">
<arg>${json_data['results'][0]['registered']['date']}</arg>
<arg>\\d{4}-\\d{2}-\\d{2}T\\d{2}:\\d{2}:\\d{2}\\.\\d{3}Z</arg>
<doc>Fails if ``string`` does not match ``pattern`` as a regular expression.</doc>
<status status="PASS" start="2024-06-01T08:18:14.469921" elapsed="0.000390"/>
</kw>
<kw name="Should Match Regexp" owner="BuiltIn">
<arg>${json_data['results'][0]['picture']['large']}</arg>
<arg>^https?://.*\.(?:png|jpe?g|gif|bmp)$</arg>
<doc>Fails if ``string`` does not match ``pattern`` as a regular expression.</doc>
<status status="PASS" start="2024-06-01T08:18:14.470500" elapsed="0.000455"/>
</kw>
<kw name="Should Match Regexp" owner="BuiltIn">
<arg>${json_data['results'][0]['picture']['medium']}</arg>
<arg>^https?://.*\.(?:png|jpe?g|gif|bmp)$</arg>
<doc>Fails if ``string`` does not match ``pattern`` as a regular expression.</doc>
<status status="PASS" start="2024-06-01T08:18:14.471142" elapsed="0.000346"/>
</kw>
<kw name="Should Match Regexp" owner="BuiltIn">
<arg>${json_data['results'][0]['picture']['thumbnail']}</arg>
<arg>^https?://.*\.(?:png|jpe?g|gif|bmp)$</arg>
<doc>Fails if ``string`` does not match ``pattern`` as a regular expression.</doc>
<status status="PASS" start="2024-06-01T08:18:14.471671" elapsed="0.000340"/>
</kw>
<kw name="Log" owner="BuiltIn">
<msg time="2024-06-01T08:18:14.472523" level="INFO">{'large': 'https://randomuser.me/api/portraits/women/36.jpg', 'medium': 'https://randomuser.me/api/portraits/med/women/36.jpg', 'thumbnail': 'https://randomuser.me/api/portraits/thumb/women/36.jpg'}</msg>
<arg>${json_data['results'][0]['picture']}</arg>
<doc>Logs the given message with the given level.</doc>
<status status="PASS" start="2024-06-01T08:18:14.472193" elapsed="0.000371"/>
</kw>
<status status="PASS" start="2024-06-01T08:18:14.403704" elapsed="0.069110"/>
</kw>
<kw name="Teste de Tipos de Dados - Postcode" owner="random-user-service">
<kw name="GET On Session" owner="RequestsLibrary">
<msg time="2024-06-01T08:18:14.569875" level="INFO">GET Request : url=https://randomuser.me/api 
 path_url=/api 
 headers={'User-Agent': 'python-requests/2.32.3', 'Accept-Encoding': 'gzip, deflate', 'Accept': '*/*', 'Connection': 'keep-alive'} 
 body=None 
 </msg>
<msg time="2024-06-01T08:18:14.569936" level="INFO">GET Response : url=https://randomuser.me/api 
 status=200, reason=OK 
 headers={'Date': 'Sat, 01 Jun 2024 08:18:14 GMT', 'Content-Type': 'application/json; charset=utf-8', 'Transfer-Encoding': 'chunked', 'Connection': 'keep-alive', 'X-Powered-By': 'Express', 'Access-Control-Allow-Origin': '*', 'Cache-Control': 'no-cache', 'ETag': 'W/"490-QJAkdkJbGmXdGkPvT4w3mbPY0iE"', 'Vary': 'Accept-Encoding', 'Content-Encoding': 'gzip', 'CF-Cache-Status': 'DYNAMIC', 'Report-To': '{"endpoints":[{"url":"https:\\/\\/a.nel.cloudflare.com\\/report\\/v4?s=%2FeWpZ4dh%2BHBD7r4PRIxkxIi957qszCe%2FJPFCqaaZvWPwD%2Fusmd0W9SmK1FVf%2Fp3t2zhIAkBnI%2BpTNSDNnwTRr2r4E23vq%2F1EjP4ij8bcdDzrOYmAopQdMhJHHfk8z0Vt"}],"group":"cf-nel","max_age":604800}', 'NEL': '{"success_fraction":0,"report_to":"cf-nel","max_age":604800}', 'Server': 'cloudflare', 'CF-RAY': '88cdc598782b0649-IAD', 'alt-svc': 'h3=":443"; ma=86400'} 
 body={"results":[{"gender":"female","name":{"title":"Ms","first":"Hazel","last":"Anderson"},"location":{"street":{"number":324,"name":"Domain Road"},"city":"Dunedin","state":"Wellington","country":"New Zealand","postcode":49203,"coordinates":{"latitude":"47.7090","longitude":"10.6735"},"timezone":{"offset":"+3:00","description":"Baghdad, Riyadh, Moscow, St. Petersburg"}},"email":"hazel.anderson@example.com","login":{"uuid":"60e9032e-6409-437d-ba86-f6482aadd287","username":"happywolf487","password":"lily","salt":"tbKnE2mQ","md5":"828fa5376b5db562e5a56641064b4c4e","sha1":"d70de792d0ca0a40aa2cc0ea677eefe73744c8fb","sha256":"5df9238715d222dacc23e2c2c53f4ce3e30309e63c71ff1349da10773e956e1d"},"dob":{"date":"1961-02-24T22:35:46.742Z","age":63},"registered":{"date":"2012-07-04T23:01:02.976Z","age":11},"phone":"(668)-815-4312","cell":"(992)-394-2573","id":{"name":"","value":null},"picture":{"large":"https://randomuser.me/api/portraits/women/17.jpg","medium":"https://randomuser.me/api/portraits/med/women/17.jpg","thumbnail":"https://randomuser.me/api/portraits/thumb/women/17.jpg"},"nat":"NZ"}],"info":{"seed":"06048b15c19d50b6","results":1,"page":1,"version":"1.4"}} 
 </msg>
<msg time="2024-06-01T08:18:14.569990" level="INFO">/opt/hostedtoolcache/Python/3.12.3/x64/lib/python3.12/site-packages/urllib3/connectionpool.py:1103: InsecureRequestWarning: Unverified HTTPS request is being made to host 'randomuser.me'. Adding certificate verification is strongly advised. See: https://urllib3.readthedocs.io/en/latest/advanced-usage.html#tls-warnings
  warnings.warn(</msg>
<msg time="2024-06-01T08:18:14.570072" level="INFO">${response} = &lt;Response [200]&gt;</msg>
<var>${response}</var>
<arg>consultarAPI</arg>
<arg>/api</arg>
<doc>Sends a GET request on a previously created HTTP Session.</doc>
<status status="PASS" start="2024-06-01T08:18:14.473240" elapsed="0.096856"/>
</kw>
<kw name="Set Variable" owner="BuiltIn">
<msg time="2024-06-01T08:18:14.570944" level="INFO">${json_data} = {'results': [{'gender': 'female', 'name': {'title': 'Ms', 'first': 'Hazel', 'last': 'Anderson'}, 'location': {'street': {'number': 324, 'name': 'Domain Road'}, 'city': 'Dunedin', 'state': 'Wellington'...</msg>
<var>${json_data}</var>
<arg>${response.json()}</arg>
<doc>Returns the given values which can then be assigned to a variables.</doc>
<status status="PASS" start="2024-06-01T08:18:14.570492" elapsed="0.000481"/>
</kw>
<kw name="Log" owner="BuiltIn">
<msg time="2024-06-01T08:18:14.571457" level="INFO">{'results': [{'gender': 'female', 'name': {'title': 'Ms', 'first': 'Hazel', 'last': 'Anderson'}, 'location': {'street': {'number': 324, 'name': 'Domain Road'}, 'city': 'Dunedin', 'state': 'Wellington', 'country': 'New Zealand', 'postcode': 49203, 'coordinates': {'latitude': '47.7090', 'longitude': '10.6735'}, 'timezone': {'offset': '+3:00', 'description': 'Baghdad, Riyadh, Moscow, St. Petersburg'}}, 'email': 'hazel.anderson@example.com', 'login': {'uuid': '60e9032e-6409-437d-ba86-f6482aadd287', 'username': 'happywolf487', 'password': 'lily', 'salt': 'tbKnE2mQ', 'md5': '828fa5376b5db562e5a56641064b4c4e', 'sha1': 'd70de792d0ca0a40aa2cc0ea677eefe73744c8fb', 'sha256': '5df9238715d222dacc23e2c2c53f4ce3e30309e63c71ff1349da10773e956e1d'}, 'dob': {'date': '1961-02-24T22:35:46.742Z', 'age': 63}, 'registered': {'date': '2012-07-04T23:01:02.976Z', 'age': 11}, 'phone': '(668)-815-4312', 'cell': '(992)-394-2573', 'id': {'name': '', 'value': None}, 'picture': {'large': 'https://randomuser.me/api/portraits/women/17.jpg', 'medium': 'https://randomuser.me/api/portraits/med/women/17.jpg', 'thumbnail': 'https://randomuser.me/api/portraits/thumb/women/17.jpg'}, 'nat': 'NZ'}], 'info': {'seed': '06048b15c19d50b6', 'results': 1, 'page': 1, 'version': '1.4'}}</msg>
<arg>${json_data}</arg>
<doc>Logs the given message with the given level.</doc>
<status status="PASS" start="2024-06-01T08:18:14.571286" elapsed="0.000261"/>
</kw>
<kw name="Should Be Equal As Numbers" owner="BuiltIn">
<arg>${json_data['results'][0]['location']['postcode']}</arg>
<arg>${json_data['results'][0]['location']['postcode']}</arg>
<doc>Fails if objects are unequal after converting them to real numbers.</doc>
<status status="PASS" start="2024-06-01T08:18:14.571851" elapsed="0.000617"/>
</kw>
<kw name="Log" owner="BuiltIn">
<msg time="2024-06-01T08:18:14.573004" level="INFO">49203</msg>
<arg>${json_data['results'][0]['location']['postcode']}</arg>
<doc>Logs the given message with the given level.</doc>
<status status="PASS" start="2024-06-01T08:18:14.572662" elapsed="0.000383"/>
</kw>
<status status="PASS" start="2024-06-01T08:18:14.473021" elapsed="0.100273"/>
</kw>
<doc>Testa se os tipos de dados na resposta da API estão corretos.</doc>
<tag>testeTiposDados</tag>
<status status="PASS" start="2024-06-01T08:18:14.403223" elapsed="0.170230"/>
</test>
<test id="s1-s1-t5" name="Validar conteudo" line="35">
<kw name="Teste de Tipos de Conteudo" owner="random-user-service">
<kw name="GET On Session" owner="RequestsLibrary">
<msg time="2024-06-01T08:18:14.674880" level="INFO">GET Request : url=https://randomuser.me/api 
 path_url=/api 
 headers={'User-Agent': 'python-requests/2.32.3', 'Accept-Encoding': 'gzip, deflate', 'Accept': '*/*', 'Connection': 'keep-alive'} 
 body=None 
 </msg>
<msg time="2024-06-01T08:18:14.674964" level="INFO">GET Response : url=https://randomuser.me/api 
 status=200, reason=OK 
 headers={'Date': 'Sat, 01 Jun 2024 08:18:14 GMT', 'Content-Type': 'application/json; charset=utf-8', 'Transfer-Encoding': 'chunked', 'Connection': 'keep-alive', 'X-Powered-By': 'Express', 'Access-Control-Allow-Origin': '*', 'Cache-Control': 'no-cache', 'ETag': 'W/"495-eakuZczv+bWy10aKlagUrJ278jQ"', 'Vary': 'Accept-Encoding', 'Content-Encoding': 'gzip', 'CF-Cache-Status': 'DYNAMIC', 'Report-To': '{"endpoints":[{"url":"https:\\/\\/a.nel.cloudflare.com\\/report\\/v4?s=uBfngAfn%2BBTcq%2FhmVGzwKqnfzq4lW7gPtaSQ2rABV%2B8XHKOy3Cz%2BXX4ys3wtkINDg7Ncq%2F03mQI9Xaa3QVGLeLqzerTQCLo29MN4Nf6xq45hHsLTmHy%2Fma2hg9OSNfmO"}],"group":"cf-nel","max_age":604800}', 'NEL': '{"success_fraction":0,"report_to":"cf-nel","max_age":604800}', 'Server': 'cloudflare', 'CF-RAY': '88cdc599187d0649-IAD', 'alt-svc': 'h3=":443"; ma=86400'} 
 body={"results":[{"gender":"male","name":{"title":"Mr","first":"Amar","last":"Brandtzæg"},"location":{"street":{"number":5891,"name":"Ingar Nilsens vei"},"city":"Ekeberg","state":"Nord-Trøndelag","country":"Norway","postcode":"3143","coordinates":{"latitude":"45.8297","longitude":"-4.8565"},"timezone":{"offset":"+1:00","description":"Brussels, Copenhagen, Madrid, Paris"}},"email":"amar.brandtzaeg@example.com","login":{"uuid":"01796266-bfdc-4179-a80e-460f71dc0810","username":"beautifulwolf378","password":"laetitia","salt":"Q8ZVgBL3","md5":"cf63b768753394a98672d4ff81ddcdeb","sha1":"e3a5e1100c03c353cedffde11bfd058e05c3e605","sha256":"39f60ee45185652e30e1dad404a8b31340b5bb43257b247c49813866002ed8e0"},"dob":{"date":"1967-03-16T04:31:43.183Z","age":57},"registered":{"date":"2002-11-14T05:59:46.609Z","age":21},"phone":"51870510","cell":"96109501","id":{"name":"FN","value":"16036702315"},"picture":{"large":"https://randomuser.me/api/portraits/men/97.jpg","medium":"https://randomuser.me/api/portraits/med/men/97.jpg","thumbnail":"https://randomuser.me/api/portraits/thumb/men/97.jpg"},"nat":"NO"}],"info":{"seed":"9623e93ce793c172","results":1,"page":1,"version":"1.4"}} 
 </msg>
<msg time="2024-06-01T08:18:14.675038" level="INFO">/opt/hostedtoolcache/Python/3.12.3/x64/lib/python3.12/site-packages/urllib3/connectionpool.py:1103: InsecureRequestWarning: Unverified HTTPS request is being made to host 'randomuser.me'. Adding certificate verification is strongly advised. See: https://urllib3.readthedocs.io/en/latest/advanced-usage.html#tls-warnings
  warnings.warn(</msg>
<msg time="2024-06-01T08:18:14.675154" level="INFO">${response} = &lt;Response [200]&gt;</msg>
<var>${response}</var>
<arg>consultarAPI</arg>
<arg>/api</arg>
<doc>Sends a GET request on a previously created HTTP Session.</doc>
<status status="PASS" start="2024-06-01T08:18:14.575902" elapsed="0.099291"/>
</kw>
<kw name="Set Variable" owner="BuiltIn">
<msg time="2024-06-01T08:18:14.676170" level="INFO">${json_data} = {'results': [{'gender': 'male', 'name': {'title': 'Mr', 'first': 'Amar', 'last': 'Brandtzæg'}, 'location': {'street': {'number': 5891, 'name': 'Ingar Nilsens vei'}, 'city': 'Ekeberg', 'state': 'Nord-T...</msg>
<var>${json_data}</var>
<arg>${response.json()}</arg>
<doc>Returns the given values which can then be assigned to a variables.</doc>
<status status="PASS" start="2024-06-01T08:18:14.675724" elapsed="0.000475"/>
</kw>
<kw name="Set Variable" owner="BuiltIn">
<msg time="2024-06-01T08:18:14.676880" level="INFO">${name_title} = Mr</msg>
<var>${name_title}</var>
<arg>${json_data["results"][0]["name"]["title"]}</arg>
<doc>Returns the given values which can then be assigned to a variables.</doc>
<status status="PASS" start="2024-06-01T08:18:14.676503" elapsed="0.000403"/>
</kw>
<kw name="Create List" owner="BuiltIn">
<msg time="2024-06-01T08:18:14.677350" level="INFO">${allowed_titles} = ['Mr', 'Ms', 'Miss', 'Mrs', 'Madame', 'Monsieur']</msg>
<var>${allowed_titles}</var>
<arg>Mr</arg>
<arg>Ms</arg>
<arg>Miss</arg>
<arg>Mrs</arg>
<arg>Madame</arg>
<arg>Monsieur</arg>
<doc>Returns a list containing given items.</doc>
<status status="PASS" start="2024-06-01T08:18:14.677202" elapsed="0.000173"/>
</kw>
<kw name="List Should Contain Value" owner="Collections">
<msg time="2024-06-01T08:18:14.677847" level="INFO">False</msg>
<arg>${allowed_titles}</arg>
<arg>${name_title}</arg>
<doc>Fails if the ``value`` is not found from ``list``.</doc>
<status status="PASS" start="2024-06-01T08:18:14.677677" elapsed="0.000207"/>
</kw>
<kw name="Set Variable" owner="BuiltIn">
<msg time="2024-06-01T08:18:14.678722" level="INFO">${name_country} = NO</msg>
<var>${name_country}</var>
<arg>${json_data["results"][0]["nat"]}</arg>
<doc>Returns the given values which can then be assigned to a variables.</doc>
<status status="PASS" start="2024-06-01T08:18:14.678201" elapsed="0.000547"/>
</kw>
<kw name="Create List" owner="BuiltIn">
<msg time="2024-06-01T08:18:14.679657" level="INFO">${list_country} = ['AD', 'AE', 'AF', 'AG', 'AI', 'AL', 'AM', 'AO', 'AQ', 'AR', 'AS', 'AT', 'AU', 'AW', 'AX', 'AZ', 'BA', 'BB', 'BD', 'BE', 'BF', 'BG', 'BH', 'BI', 'BJ', 'BL', 'BM', 'BN', 'BO', 'BQ', 'BR', 'BS', 'BT', '...</msg>
<var>${list_country}</var>
<arg>AD</arg>
<arg>AE</arg>
<arg>AF</arg>
<arg>AG</arg>
<arg>AI</arg>
<arg>AL</arg>
<arg>AM</arg>
<arg>AO</arg>
<arg>AQ</arg>
<arg>AR</arg>
<arg>AS</arg>
<arg>AT</arg>
<arg>AU</arg>
<arg>AW</arg>
<arg>AX</arg>
<arg>AZ</arg>
<arg>BA</arg>
<arg>BB</arg>
<arg>BD</arg>
<arg>BE</arg>
<arg>BF</arg>
<arg>BG</arg>
<arg>BH</arg>
<arg>BI</arg>
<arg>BJ</arg>
<arg>BL</arg>
<arg>BM</arg>
<arg>BN</arg>
<arg>BO</arg>
<arg>BQ</arg>
<arg>BR</arg>
<arg>BS</arg>
<arg>BT</arg>
<arg>BV</arg>
<arg>BW</arg>
<arg>BY</arg>
<arg>BZ</arg>
<arg>CA</arg>
<arg>CC</arg>
<arg>CD</arg>
<arg>CF</arg>
<arg>CG</arg>
<arg>CH</arg>
<arg>CI</arg>
<arg>CK</arg>
<arg>CL</arg>
<arg>CM</arg>
<arg>CN</arg>
<arg>CO</arg>
<arg>CR</arg>
<arg>CU</arg>
<arg>CV</arg>
<arg>CW</arg>
<arg>CX</arg>
<arg>CY</arg>
<arg>CZ</arg>
<arg>DE</arg>
<arg>DJ</arg>
<arg>DK</arg>
<arg>DM</arg>
<arg>DO</arg>
<arg>DZ</arg>
<arg>EC</arg>
<arg>EE</arg>
<arg>EG</arg>
<arg>EH</arg>
<arg>ER</arg>
<arg>ES</arg>
<arg>ET</arg>
<arg>FI</arg>
<arg>FJ</arg>
<arg>FK</arg>
<arg>FM</arg>
<arg>FO</arg>
<arg>FR</arg>
<arg>GA</arg>
<arg>GB</arg>
<arg>GD</arg>
<arg>GE</arg>
<arg>GF</arg>
<arg>GG</arg>
<arg>GH</arg>
<arg>GI</arg>
<arg>GL</arg>
<arg>GM</arg>
<arg>GN</arg>
<arg>GP</arg>
<arg>GQ</arg>
<arg>GR</arg>
<arg>GS</arg>
<arg>GT</arg>
<arg>GU</arg>
<arg>GW</arg>
<arg>GY</arg>
<arg>HK</arg>
<arg>HM</arg>
<arg>HN</arg>
<arg>HR</arg>
<arg>HT</arg>
<arg>HU</arg>
<arg>ID</arg>
<arg>IE</arg>
<arg>IL</arg>
<arg>IM</arg>
<arg>IN</arg>
<arg>IO</arg>
<arg>IQ</arg>
<arg>IR</arg>
<arg>IS</arg>
<arg>IT</arg>
<arg>JE</arg>
<arg>JM</arg>
<arg>JO</arg>
<arg>JP</arg>
<arg>KE</arg>
<arg>KG</arg>
<arg>KH</arg>
<arg>KI</arg>
<arg>KM</arg>
<arg>KN</arg>
<arg>KP</arg>
<arg>KR</arg>
<arg>KW</arg>
<arg>KY</arg>
<arg>KZ</arg>
<arg>LA</arg>
<arg>LB</arg>
<arg>LC</arg>
<arg>LI</arg>
<arg>LK</arg>
<arg>LR</arg>
<arg>LS</arg>
<arg>LT</arg>
<arg>LU</arg>
<arg>LV</arg>
<arg>LY</arg>
<arg>MA</arg>
<arg>MC</arg>
<arg>MD</arg>
<arg>ME</arg>
<arg>MF</arg>
<arg>MG</arg>
<arg>MH</arg>
<arg>MK</arg>
<arg>ML</arg>
<arg>MM</arg>
<arg>MN</arg>
<arg>MO</arg>
<arg>MP</arg>
<arg>MQ</arg>
<arg>MR</arg>
<arg>MS</arg>
<arg>MT</arg>
<arg>MU</arg>
<arg>MV</arg>
<arg>MW</arg>
<arg>MX</arg>
<arg>MY</arg>
<arg>MZ</arg>
<arg>NA</arg>
<arg>NC</arg>
<arg>NE</arg>
<arg>NF</arg>
<arg>NG</arg>
<arg>NI</arg>
<arg>NL</arg>
<arg>NO</arg>
<arg>NP</arg>
<arg>NR</arg>
<arg>NU</arg>
<arg>NZ</arg>
<arg>OM</arg>
<arg>PA</arg>
<arg>PE</arg>
<arg>PF</arg>
<arg>PG</arg>
<arg>PH</arg>
<arg>PK</arg>
<arg>PL</arg>
<arg>PM</arg>
<arg>PN</arg>
<arg>PR</arg>
<arg>PS</arg>
<arg>PT</arg>
<arg>PW</arg>
<arg>PY</arg>
<arg>QA</arg>
<arg>RE</arg>
<arg>RO</arg>
<arg>RS</arg>
<arg>RU</arg>
<arg>RW</arg>
<arg>SA</arg>
<arg>SB</arg>
<arg>SC</arg>
<arg>SD</arg>
<arg>SE</arg>
<arg>SG</arg>
<arg>SH</arg>
<arg>SI</arg>
<arg>SJ</arg>
<arg>SK</arg>
<arg>SL</arg>
<arg>SM</arg>
<arg>SN</arg>
<arg>SO</arg>
<arg>SR</arg>
<arg>SS</arg>
<arg>ST</arg>
<arg>SV</arg>
<arg>SX</arg>
<arg>SY</arg>
<arg>SZ</arg>
<arg>TC</arg>
<arg>TD</arg>
<arg>TF</arg>
<arg>TG</arg>
<arg>TH</arg>
<arg>TJ</arg>
<arg>TK</arg>
<arg>TL</arg>
<arg>TM</arg>
<arg>TN</arg>
<arg>TO</arg>
<arg>TR</arg>
<arg>TT</arg>
<arg>TV</arg>
<arg>TW</arg>
<arg>TZ</arg>
<arg>UA</arg>
<arg>UG</arg>
<arg>UM</arg>
<arg>US</arg>
<arg>UY</arg>
<arg>UZ</arg>
<arg>VA</arg>
<arg>VC</arg>
<arg>VE</arg>
<arg>VG</arg>
<arg>VI</arg>
<arg>VN</arg>
<arg>VU</arg>
<arg>WF</arg>
<arg>WS</arg>
<arg>XK</arg>
<arg>YE</arg>
<arg>YT</arg>
<arg>ZA</arg>
<arg>ZM</arg>
<arg>ZW</arg>
<doc>Returns a list containing given items.</doc>
<status status="PASS" start="2024-06-01T08:18:14.679060" elapsed="0.000622"/>
</kw>
<kw name="List Should Contain Value" owner="Collections">
<msg time="2024-06-01T08:18:14.680667" level="INFO">False</msg>
<arg>${list_country}</arg>
<arg>${name_country}</arg>
<doc>Fails if the ``value`` is not found from ``list``.</doc>
<status status="PASS" start="2024-06-01T08:18:14.680464" elapsed="0.000240"/>
</kw>
<kw name="Run Keyword If" owner="BuiltIn">
<kw name="Should Be True" owner="BuiltIn">
<arg>${True}</arg>
<doc>Fails if the given condition is not true.</doc>
<status status="PASS" start="2024-06-01T08:18:14.681759" elapsed="0.000143"/>
</kw>
<arg>${json_data["results"][0]["location"]["coordinates"]["latitude"]} &gt;= -90 and ${json_data["results"][0]["location"]["coordinates"]["latitude"]} &lt;= 90</arg>
<arg>Should Be True</arg>
<arg>${True}</arg>
<doc>Runs the given keyword with the given arguments, if ``condition`` is true.</doc>
<status status="PASS" start="2024-06-01T08:18:14.681012" elapsed="0.001018"/>
</kw>
<kw name="Run Keyword If" owner="BuiltIn">
<kw name="Should Be True" owner="BuiltIn">
<arg>${True}</arg>
<doc>Fails if the given condition is not true.</doc>
<status status="PASS" start="2024-06-01T08:18:14.682965" elapsed="0.000137"/>
</kw>
<arg>${json_data["results"][0]["location"]["coordinates"]["longitude"]} &gt;= -180 and ${json_data["results"][0]["location"]["coordinates"]["longitude"]} &lt;= 180</arg>
<arg>Should Be True</arg>
<arg>${True}</arg>
<doc>Runs the given keyword with the given arguments, if ``condition`` is true.</doc>
<status status="PASS" start="2024-06-01T08:18:14.682260" elapsed="0.000964"/>
</kw>
<status status="PASS" start="2024-06-01T08:18:14.575679" elapsed="0.107678"/>
</kw>
<doc>Testa o conteúdo específico dos campos retornados pela API.</doc>
<tag>testeConteudo</tag>
<status status="PASS" start="2024-06-01T08:18:14.575168" elapsed="0.108331"/>
</test>
<status status="PASS" start="2024-06-01T08:18:13.671927" elapsed="1.013441"/>
</suite>
<status status="PASS" start="2024-06-01T08:18:13.652070" elapsed="1.038429"/>
</suite>
<statistics>
<total>
<stat pass="5" fail="0" skip="0">All Tests</stat>
</total>
<tag>
<stat pass="1" fail="0" skip="0">testeConteudo</stat>
<stat pass="1" fail="0" skip="0">testeEstruturaResposta</stat>
<stat pass="1" fail="0" skip="0">testeRequisicaoBasica</stat>
<stat pass="1" fail="0" skip="0">testeTiposDados</stat>
</tag>
<suite>
<stat pass="5" fail="0" skip="0" id="s1" name="Tests">Tests</stat>
<stat pass="5" fail="0" skip="0" id="s1-s1" name="Random-User-Test">Tests.Random-User-Test</stat>
</suite>
</statistics>
<errors>
</errors>
</robot>
