<?xml version="1.0" encoding="UTF-8"?>
<robot generator="Robot 7.0 (Python 3.12.3 on linux)" generated="2024-05-16T04:14:44.773150" rpa="false" schemaversion="5">
<suite id="s1" name="Tests" source="/home/runner/work/DesafioQAItauRogerioJordao/DesafioQAItauRogerioJordao/RamdonUser/tests">
<suite id="s1-s1" name="Random-User-Test" source="/home/runner/work/DesafioQAItauRogerioJordao/DesafioQAItauRogerioJordao/RamdonUser/tests/random-user-test.robot">
<test id="s1-s1-t1" name="Conectar" line="13">
<kw name="Conectar API" owner="random-user-service">
<kw name="Create Session" owner="RequestsLibrary">
<msg time="2024-05-16T04:14:45.171814" level="INFO">Creating Session using : alias=consultarAPI, url=https://randomuser.me/, headers={},                     cookies={}, auth=None, timeout=None, proxies=None, verify=False,                     debug=0 </msg>
<arg>consultarAPI</arg>
<arg>${URL}</arg>
<doc>Create Session: create a HTTP session to a server</doc>
<status status="PASS" start="2024-05-16T04:14:45.171606" elapsed="0.000397"/>
</kw>
<status status="PASS" start="2024-05-16T04:14:45.170570" elapsed="0.001801"/>
</kw>
<status status="PASS" start="2024-05-16T04:14:45.169805" elapsed="0.002764"/>
</test>
<test id="s1-s1-t2" name="Validar retorno 200 e JSON Válido" line="16">
<kw name="Teste de Requisicao Basica" owner="random-user-service">
<kw name="GET On Session" owner="RequestsLibrary">
<msg time="2024-05-16T04:14:45.259816" level="INFO">GET Request : url=https://randomuser.me/api 
 path_url=/api 
 headers={'User-Agent': 'python-requests/2.31.0', 'Accept-Encoding': 'gzip, deflate', 'Accept': '*/*', 'Connection': 'keep-alive'} 
 body=None 
 </msg>
<msg time="2024-05-16T04:14:45.259977" level="INFO">GET Response : url=https://randomuser.me/api 
 status=200, reason=OK 
 headers={'Date': 'Thu, 16 May 2024 04:14:45 GMT', 'Content-Type': 'application/json; charset=utf-8', 'Transfer-Encoding': 'chunked', 'Connection': 'keep-alive', 'X-Powered-By': 'Express', 'Access-Control-Allow-Origin': '*', 'Cache-Control': 'no-cache', 'ETag': 'W/"4a7-Afh4W7gEbE3zABdSzqOaZwXGc0Q"', 'Vary': 'Accept-Encoding', 'Content-Encoding': 'gzip', 'CF-Cache-Status': 'DYNAMIC', 'Report-To': '{"endpoints":[{"url":"https:\\/\\/a.nel.cloudflare.com\\/report\\/v4?s=rZs4vDEPkzTzCvxIAFvGQU9rYOAVfVr%2BlSizGkDK5kusBKFzlTJ%2F09ye5k3TTJGETmXXvFyUWzTU%2B7Mr%2FYIotdXOqbPRoiW9IcWkWBButjMqDVtxQN%2B%2B8jD3mHlBZa12"}],"group":"cf-nel","max_age":604800}', 'NEL': '{"success_fraction":0,"report_to":"cf-nel","max_age":604800}', 'Server': 'cloudflare', 'CF-RAY': '88488aec89291cde-ORD', 'alt-svc': 'h3=":443"; ma=86400'} 
 body={"results":[{"gender":"female","name":{"title":"Ms","first":"Lina","last":"Martinez"},"location":{"street":{"number":7822,"name":"Rue Bony"},"city":"Villeurbanne","state":"Seine-et-Marne","country":"France","postcode":65235,"coordinates":{"latitude":"-17.2913","longitude":"80.4451"},"timezone":{"offset":"+10:00","description":"Eastern Australia, Guam, Vladivostok"}},"email":"lina.martinez@example.com","login":{"uuid":"8abfc6fd-9cb6-42fe-b81a-3fd9ea164164","username":"purpleelephant981","password":"bama","salt":"YUxk96RG","md5":"89481505d7af732f340bbbe10632c7f4","sha1":"d23e1999266f9b0eb3e94987c60c21170971716f","sha256":"403c9a75f0727232dcf40b9c940a1ef053346fbd01d2fe9a54dd6f383b51f3f2"},"dob":{"date":"1993-08-21T01:50:45.266Z","age":30},"registered":{"date":"2014-03-25T16:32:39.056Z","age":10},"phone":"04-04-20-42-46","cell":"06-86-88-56-40","id":{"name":"INSEE","value":"2930707845413 58"},"picture":{"large":"https://randomuser.me/api/portraits/women/86.jpg","medium":"https://randomuser.me/api/portraits/med/women/86.jpg","thumbnail":"https://randomuser.me/api/portraits/thumb/women/86.jpg"},"nat":"FR"}],"info":{"seed":"c057afb6a97bf117","results":1,"page":1,"version":"1.4"}} 
 </msg>
<msg time="2024-05-16T04:14:45.260064" level="INFO">/opt/hostedtoolcache/Python/3.12.3/x64/lib/python3.12/site-packages/urllib3/connectionpool.py:1103: InsecureRequestWarning: Unverified HTTPS request is being made to host 'randomuser.me'. Adding certificate verification is strongly advised. See: https://urllib3.readthedocs.io/en/latest/advanced-usage.html#tls-warnings
  warnings.warn(</msg>
<msg time="2024-05-16T04:14:45.260221" level="INFO">${response} = &lt;Response [200]&gt;</msg>
<var>${response}</var>
<arg>consultarAPI</arg>
<arg>/api</arg>
<doc>Sends a GET request on a previously created HTTP Session.</doc>
<status status="PASS" start="2024-05-16T04:14:45.175205" elapsed="0.085059"/>
</kw>
<kw name="Should Be Equal As Numbers" owner="BuiltIn">
<msg time="2024-05-16T04:14:45.261415" level="INFO">Argument types are:
&lt;class 'int'&gt;
&lt;class 'str'&gt;</msg>
<arg>${response.status_code}</arg>
<arg>200</arg>
<doc>Fails if objects are unequal after converting them to real numbers.</doc>
<status status="PASS" start="2024-05-16T04:14:45.260924" elapsed="0.000562"/>
</kw>
<kw name="Log" owner="BuiltIn">
<msg time="2024-05-16T04:14:45.262351" level="INFO">200</msg>
<arg>${response.status_code}</arg>
<doc>Logs the given message with the given level.</doc>
<status status="PASS" start="2024-05-16T04:14:45.261875" elapsed="0.000528"/>
</kw>
<kw name="Set Variable" owner="BuiltIn">
<msg time="2024-05-16T04:14:45.263203" level="INFO">${json_data} = {'results': [{'gender': 'female', 'name': {'title': 'Ms', 'first': 'Lina', 'last': 'Martinez'}, 'location': {'street': {'number': 7822, 'name': 'Rue Bony'}, 'city': 'Villeurbanne', 'state': 'Seine-et-...</msg>
<var>${json_data}</var>
<arg>${response.json()}</arg>
<doc>Returns the given values which can then be assigned to a variables.</doc>
<status status="PASS" start="2024-05-16T04:14:45.262742" elapsed="0.000490"/>
</kw>
<kw name="Dictionary Should Contain Key" owner="Collections">
<msg time="2024-05-16T04:14:45.263729" level="INFO">False</msg>
<arg>${json_data}</arg>
<arg>results</arg>
<doc>Fails if ``key`` is not found from ``dictionary``.</doc>
<status status="PASS" start="2024-05-16T04:14:45.263549" elapsed="0.000222"/>
</kw>
<status status="PASS" start="2024-05-16T04:14:45.174949" elapsed="0.089087"/>
</kw>
<doc>Testa se a API responde corretamente e retorna um objeto JSON válido.</doc>
<tag>testeRequisicaoBasica</tag>
<status status="PASS" start="2024-05-16T04:14:45.174483" elapsed="0.089743"/>
</test>
<test id="s1-s1-t3" name="Validar estrutura de resposta" line="22">
<kw name="Teste de Estrutura de Resposta" owner="random-user-service">
<kw name="GET On Session" owner="RequestsLibrary">
<msg time="2024-05-16T04:14:46.397684" level="INFO">GET Request : url=https://randomuser.me/api 
 path_url=/api 
 headers={'User-Agent': 'python-requests/2.31.0', 'Accept-Encoding': 'gzip, deflate', 'Accept': '*/*', 'Connection': 'keep-alive'} 
 body=None 
 </msg>
<msg time="2024-05-16T04:14:46.397799" level="INFO">GET Response : url=https://randomuser.me/api 
 status=200, reason=OK 
 headers={'Date': 'Thu, 16 May 2024 04:14:46 GMT', 'Content-Type': 'application/json; charset=utf-8', 'Transfer-Encoding': 'chunked', 'Connection': 'keep-alive', 'X-Powered-By': 'Express', 'Access-Control-Allow-Origin': '*', 'Cache-Control': 'no-cache', 'ETag': 'W/"478-c0QYdTgXw2anez3usHDbNGPfHwA"', 'Vary': 'Accept-Encoding', 'Content-Encoding': 'gzip', 'CF-Cache-Status': 'DYNAMIC', 'Report-To': '{"endpoints":[{"url":"https:\\/\\/a.nel.cloudflare.com\\/report\\/v4?s=qxIq5u57J29xDjQlp8XUuWR14MzkZJOlUv7RPxstkEpkkxIBR3Qo3RjOkQ0B0LeuEzA3MR5sVrJ2wCpQFC45%2F%2BY9S1Oe0cAQjHCfaB8km6ovgooSEG5QigtwbB8UCQFz"}],"group":"cf-nel","max_age":604800}', 'NEL': '{"success_fraction":0,"report_to":"cf-nel","max_age":604800}', 'Server': 'cloudflare', 'CF-RAY': '88488aece97c1cde-ORD', 'alt-svc': 'h3=":443"; ma=86400'} 
 body={"results":[{"gender":"male","name":{"title":"Mr","first":"Antonio","last":"Vo"},"location":{"street":{"number":9243,"name":"Nøttekneika"},"city":"Sneltvedt","state":"Telemark","country":"Norway","postcode":"0509","coordinates":{"latitude":"39.3689","longitude":"-28.4955"},"timezone":{"offset":"+8:00","description":"Beijing, Perth, Singapore, Hong Kong"}},"email":"antonio.vo@example.com","login":{"uuid":"1edeabc3-9bf2-4efa-8971-5111336ab7f8","username":"lazycat395","password":"megan1","salt":"MS0h60Oa","md5":"ab353d10bed9878a9b9f6c198318e701","sha1":"dd858862cf02651a7b88f480877d9af3f3286444","sha256":"39830880208329a3887facc90d05c04862ec3a7021abfee27373205ab2eed67d"},"dob":{"date":"1948-07-10T16:23:26.751Z","age":75},"registered":{"date":"2004-09-27T03:33:48.391Z","age":19},"phone":"32367495","cell":"44215005","id":{"name":"FN","value":"10074802325"},"picture":{"large":"https://randomuser.me/api/portraits/men/8.jpg","medium":"https://randomuser.me/api/portraits/med/men/8.jpg","thumbnail":"https://randomuser.me/api/portraits/thumb/men/8.jpg"},"nat":"NO"}],"info":{"seed":"732bc7daad296f08","results":1,"page":1,"version":"1.4"}} 
 </msg>
<msg time="2024-05-16T04:14:46.397950" level="INFO">/opt/hostedtoolcache/Python/3.12.3/x64/lib/python3.12/site-packages/urllib3/connectionpool.py:1103: InsecureRequestWarning: Unverified HTTPS request is being made to host 'randomuser.me'. Adding certificate verification is strongly advised. See: https://urllib3.readthedocs.io/en/latest/advanced-usage.html#tls-warnings
  warnings.warn(</msg>
<msg time="2024-05-16T04:14:46.398138" level="INFO">${response} = &lt;Response [200]&gt;</msg>
<var>${response}</var>
<arg>consultarAPI</arg>
<arg>/api</arg>
<doc>Sends a GET request on a previously created HTTP Session.</doc>
<status status="PASS" start="2024-05-16T04:14:45.266999" elapsed="1.131189"/>
</kw>
<kw name="Set Variable" owner="BuiltIn">
<msg time="2024-05-16T04:14:46.399244" level="INFO">${json_data} = {'results': [{'gender': 'male', 'name': {'title': 'Mr', 'first': 'Antonio', 'last': 'Vo'}, 'location': {'street': {'number': 9243, 'name': 'Nøttekneika'}, 'city': 'Sneltvedt', 'state': 'Telemark', 'co...</msg>
<var>${json_data}</var>
<arg>${response.json()}</arg>
<doc>Returns the given values which can then be assigned to a variables.</doc>
<status status="PASS" start="2024-05-16T04:14:46.398721" elapsed="0.000552"/>
</kw>
<kw name="Log" owner="BuiltIn">
<msg time="2024-05-16T04:14:46.399754" level="INFO">{'results': [{'gender': 'male', 'name': {'title': 'Mr', 'first': 'Antonio', 'last': 'Vo'}, 'location': {'street': {'number': 9243, 'name': 'Nøttekneika'}, 'city': 'Sneltvedt', 'state': 'Telemark', 'country': 'Norway', 'postcode': '0509', 'coordinates': {'latitude': '39.3689', 'longitude': '-28.4955'}, 'timezone': {'offset': '+8:00', 'description': 'Beijing, Perth, Singapore, Hong Kong'}}, 'email': 'antonio.vo@example.com', 'login': {'uuid': '1edeabc3-9bf2-4efa-8971-5111336ab7f8', 'username': 'lazycat395', 'password': 'megan1', 'salt': 'MS0h60Oa', 'md5': 'ab353d10bed9878a9b9f6c198318e701', 'sha1': 'dd858862cf02651a7b88f480877d9af3f3286444', 'sha256': '39830880208329a3887facc90d05c04862ec3a7021abfee27373205ab2eed67d'}, 'dob': {'date': '1948-07-10T16:23:26.751Z', 'age': 75}, 'registered': {'date': '2004-09-27T03:33:48.391Z', 'age': 19}, 'phone': '32367495', 'cell': '44215005', 'id': {'name': 'FN', 'value': '10074802325'}, 'picture': {'large': 'https://randomuser.me/api/portraits/men/8.jpg', 'medium': 'https://randomuser.me/api/portraits/med/men/8.jpg', 'thumbnail': 'https://randomuser.me/api/portraits/thumb/men/8.jpg'}, 'nat': 'NO'}], 'info': {'seed': '732bc7daad296f08', 'results': 1, 'page': 1, 'version': '1.4'}}</msg>
<arg>${json_data}</arg>
<doc>Logs the given message with the given level.</doc>
<status status="PASS" start="2024-05-16T04:14:46.399582" elapsed="0.000223"/>
</kw>
<kw name="Dictionary Should Contain Key" owner="Collections">
<msg time="2024-05-16T04:14:46.400263" level="INFO">False</msg>
<arg>${json_data}</arg>
<arg>results</arg>
<doc>Fails if ``key`` is not found from ``dictionary``.</doc>
<status status="PASS" start="2024-05-16T04:14:46.400108" elapsed="0.000191"/>
</kw>
<kw name="Should Not Be Empty" owner="BuiltIn">
<msg time="2024-05-16T04:14:46.400716" level="INFO">Length is 2.</msg>
<arg>${json_data}</arg>
<doc>Verifies that the given item is not empty.</doc>
<status status="PASS" start="2024-05-16T04:14:46.400588" elapsed="0.000164"/>
</kw>
<kw name="Create List" owner="BuiltIn">
<msg time="2024-05-16T04:14:46.401339" level="INFO">${expected_keys} = ['gender', 'name', 'location', 'email', 'login']</msg>
<var>${expected_keys}</var>
<arg>gender</arg>
<arg>name</arg>
<arg>location</arg>
<arg>email</arg>
<arg>login</arg>
<doc>Returns a list containing given items.</doc>
<status status="PASS" start="2024-05-16T04:14:46.401037" elapsed="0.000327"/>
</kw>
<for flavor="IN">
<iter>
<kw name="Dictionary Should Contain Key" owner="Collections">
<msg time="2024-05-16T04:14:46.402407" level="INFO">False</msg>
<arg>${json_data['results'][0]}</arg>
<arg>${key}</arg>
<doc>Fails if ``key`` is not found from ``dictionary``.</doc>
<status status="PASS" start="2024-05-16T04:14:46.401974" elapsed="0.000471"/>
</kw>
<kw name="Log" owner="BuiltIn">
<msg time="2024-05-16T04:14:46.403110" level="INFO">{'gender': 'male', 'name': {'title': 'Mr', 'first': 'Antonio', 'last': 'Vo'}, 'location': {'street': {'number': 9243, 'name': 'Nøttekneika'}, 'city': 'Sneltvedt', 'state': 'Telemark', 'country': 'Norway', 'postcode': '0509', 'coordinates': {'latitude': '39.3689', 'longitude': '-28.4955'}, 'timezone': {'offset': '+8:00', 'description': 'Beijing, Perth, Singapore, Hong Kong'}}, 'email': 'antonio.vo@example.com', 'login': {'uuid': '1edeabc3-9bf2-4efa-8971-5111336ab7f8', 'username': 'lazycat395', 'password': 'megan1', 'salt': 'MS0h60Oa', 'md5': 'ab353d10bed9878a9b9f6c198318e701', 'sha1': 'dd858862cf02651a7b88f480877d9af3f3286444', 'sha256': '39830880208329a3887facc90d05c04862ec3a7021abfee27373205ab2eed67d'}, 'dob': {'date': '1948-07-10T16:23:26.751Z', 'age': 75}, 'registered': {'date': '2004-09-27T03:33:48.391Z', 'age': 19}, 'phone': '32367495', 'cell': '44215005', 'id': {'name': 'FN', 'value': '10074802325'}, 'picture': {'large': 'https://randomuser.me/api/portraits/men/8.jpg', 'medium': 'https://randomuser.me/api/portraits/med/men/8.jpg', 'thumbnail': 'https://randomuser.me/api/portraits/thumb/men/8.jpg'}, 'nat': 'NO'}</msg>
<arg>${json_data['results'][0]}</arg>
<doc>Logs the given message with the given level.</doc>
<status status="PASS" start="2024-05-16T04:14:46.402743" elapsed="0.000416"/>
</kw>
<kw name="Log" owner="BuiltIn">
<msg time="2024-05-16T04:14:46.403587" level="INFO">gender</msg>
<arg>${key}</arg>
<doc>Logs the given message with the given level.</doc>
<status status="PASS" start="2024-05-16T04:14:46.403460" elapsed="0.000163"/>
</kw>
<var name="${key}">gender</var>
<status status="PASS" start="2024-05-16T04:14:46.401830" elapsed="0.002007"/>
</iter>
<iter>
<kw name="Dictionary Should Contain Key" owner="Collections">
<msg time="2024-05-16T04:14:46.404519" level="INFO">False</msg>
<arg>${json_data['results'][0]}</arg>
<arg>${key}</arg>
<doc>Fails if ``key`` is not found from ``dictionary``.</doc>
<status status="PASS" start="2024-05-16T04:14:46.404137" elapsed="0.000419"/>
</kw>
<kw name="Log" owner="BuiltIn">
<msg time="2024-05-16T04:14:46.405240" level="INFO">{'gender': 'male', 'name': {'title': 'Mr', 'first': 'Antonio', 'last': 'Vo'}, 'location': {'street': {'number': 9243, 'name': 'Nøttekneika'}, 'city': 'Sneltvedt', 'state': 'Telemark', 'country': 'Norway', 'postcode': '0509', 'coordinates': {'latitude': '39.3689', 'longitude': '-28.4955'}, 'timezone': {'offset': '+8:00', 'description': 'Beijing, Perth, Singapore, Hong Kong'}}, 'email': 'antonio.vo@example.com', 'login': {'uuid': '1edeabc3-9bf2-4efa-8971-5111336ab7f8', 'username': 'lazycat395', 'password': 'megan1', 'salt': 'MS0h60Oa', 'md5': 'ab353d10bed9878a9b9f6c198318e701', 'sha1': 'dd858862cf02651a7b88f480877d9af3f3286444', 'sha256': '39830880208329a3887facc90d05c04862ec3a7021abfee27373205ab2eed67d'}, 'dob': {'date': '1948-07-10T16:23:26.751Z', 'age': 75}, 'registered': {'date': '2004-09-27T03:33:48.391Z', 'age': 19}, 'phone': '32367495', 'cell': '44215005', 'id': {'name': 'FN', 'value': '10074802325'}, 'picture': {'large': 'https://randomuser.me/api/portraits/men/8.jpg', 'medium': 'https://randomuser.me/api/portraits/med/men/8.jpg', 'thumbnail': 'https://randomuser.me/api/portraits/thumb/men/8.jpg'}, 'nat': 'NO'}</msg>
<arg>${json_data['results'][0]}</arg>
<doc>Logs the given message with the given level.</doc>
<status status="PASS" start="2024-05-16T04:14:46.404879" elapsed="0.000411"/>
</kw>
<kw name="Log" owner="BuiltIn">
<msg time="2024-05-16T04:14:46.405710" level="INFO">name</msg>
<arg>${key}</arg>
<doc>Logs the given message with the given level.</doc>
<status status="PASS" start="2024-05-16T04:14:46.405585" elapsed="0.000163"/>
</kw>
<var name="${key}">name</var>
<status status="PASS" start="2024-05-16T04:14:46.404021" elapsed="0.001941"/>
</iter>
<iter>
<kw name="Dictionary Should Contain Key" owner="Collections">
<msg time="2024-05-16T04:14:46.406664" level="INFO">False</msg>
<arg>${json_data['results'][0]}</arg>
<arg>${key}</arg>
<doc>Fails if ``key`` is not found from ``dictionary``.</doc>
<status status="PASS" start="2024-05-16T04:14:46.406288" elapsed="0.000413"/>
</kw>
<kw name="Log" owner="BuiltIn">
<msg time="2024-05-16T04:14:46.407357" level="INFO">{'gender': 'male', 'name': {'title': 'Mr', 'first': 'Antonio', 'last': 'Vo'}, 'location': {'street': {'number': 9243, 'name': 'Nøttekneika'}, 'city': 'Sneltvedt', 'state': 'Telemark', 'country': 'Norway', 'postcode': '0509', 'coordinates': {'latitude': '39.3689', 'longitude': '-28.4955'}, 'timezone': {'offset': '+8:00', 'description': 'Beijing, Perth, Singapore, Hong Kong'}}, 'email': 'antonio.vo@example.com', 'login': {'uuid': '1edeabc3-9bf2-4efa-8971-5111336ab7f8', 'username': 'lazycat395', 'password': 'megan1', 'salt': 'MS0h60Oa', 'md5': 'ab353d10bed9878a9b9f6c198318e701', 'sha1': 'dd858862cf02651a7b88f480877d9af3f3286444', 'sha256': '39830880208329a3887facc90d05c04862ec3a7021abfee27373205ab2eed67d'}, 'dob': {'date': '1948-07-10T16:23:26.751Z', 'age': 75}, 'registered': {'date': '2004-09-27T03:33:48.391Z', 'age': 19}, 'phone': '32367495', 'cell': '44215005', 'id': {'name': 'FN', 'value': '10074802325'}, 'picture': {'large': 'https://randomuser.me/api/portraits/men/8.jpg', 'medium': 'https://randomuser.me/api/portraits/med/men/8.jpg', 'thumbnail': 'https://randomuser.me/api/portraits/thumb/men/8.jpg'}, 'nat': 'NO'}</msg>
<arg>${json_data['results'][0]}</arg>
<doc>Logs the given message with the given level.</doc>
<status status="PASS" start="2024-05-16T04:14:46.407001" elapsed="0.000406"/>
</kw>
<kw name="Log" owner="BuiltIn">
<msg time="2024-05-16T04:14:46.407820" level="INFO">location</msg>
<arg>${key}</arg>
<doc>Logs the given message with the given level.</doc>
<status status="PASS" start="2024-05-16T04:14:46.407698" elapsed="0.000158"/>
</kw>
<var name="${key}">location</var>
<status status="PASS" start="2024-05-16T04:14:46.406174" elapsed="0.001890"/>
</iter>
<iter>
<kw name="Dictionary Should Contain Key" owner="Collections">
<msg time="2024-05-16T04:14:46.408718" level="INFO">False</msg>
<arg>${json_data['results'][0]}</arg>
<arg>${key}</arg>
<doc>Fails if ``key`` is not found from ``dictionary``.</doc>
<status status="PASS" start="2024-05-16T04:14:46.408344" elapsed="0.000410"/>
</kw>
<kw name="Log" owner="BuiltIn">
<msg time="2024-05-16T04:14:46.409410" level="INFO">{'gender': 'male', 'name': {'title': 'Mr', 'first': 'Antonio', 'last': 'Vo'}, 'location': {'street': {'number': 9243, 'name': 'Nøttekneika'}, 'city': 'Sneltvedt', 'state': 'Telemark', 'country': 'Norway', 'postcode': '0509', 'coordinates': {'latitude': '39.3689', 'longitude': '-28.4955'}, 'timezone': {'offset': '+8:00', 'description': 'Beijing, Perth, Singapore, Hong Kong'}}, 'email': 'antonio.vo@example.com', 'login': {'uuid': '1edeabc3-9bf2-4efa-8971-5111336ab7f8', 'username': 'lazycat395', 'password': 'megan1', 'salt': 'MS0h60Oa', 'md5': 'ab353d10bed9878a9b9f6c198318e701', 'sha1': 'dd858862cf02651a7b88f480877d9af3f3286444', 'sha256': '39830880208329a3887facc90d05c04862ec3a7021abfee27373205ab2eed67d'}, 'dob': {'date': '1948-07-10T16:23:26.751Z', 'age': 75}, 'registered': {'date': '2004-09-27T03:33:48.391Z', 'age': 19}, 'phone': '32367495', 'cell': '44215005', 'id': {'name': 'FN', 'value': '10074802325'}, 'picture': {'large': 'https://randomuser.me/api/portraits/men/8.jpg', 'medium': 'https://randomuser.me/api/portraits/med/men/8.jpg', 'thumbnail': 'https://randomuser.me/api/portraits/thumb/men/8.jpg'}, 'nat': 'NO'}</msg>
<arg>${json_data['results'][0]}</arg>
<doc>Logs the given message with the given level.</doc>
<status status="PASS" start="2024-05-16T04:14:46.409047" elapsed="0.000412"/>
</kw>
<kw name="Log" owner="BuiltIn">
<msg time="2024-05-16T04:14:46.409884" level="INFO">email</msg>
<arg>${key}</arg>
<doc>Logs the given message with the given level.</doc>
<status status="PASS" start="2024-05-16T04:14:46.409757" elapsed="0.000163"/>
</kw>
<var name="${key}">email</var>
<status status="PASS" start="2024-05-16T04:14:46.408235" elapsed="0.001936"/>
</iter>
<iter>
<kw name="Dictionary Should Contain Key" owner="Collections">
<msg time="2024-05-16T04:14:46.410823" level="INFO">False</msg>
<arg>${json_data['results'][0]}</arg>
<arg>${key}</arg>
<doc>Fails if ``key`` is not found from ``dictionary``.</doc>
<status status="PASS" start="2024-05-16T04:14:46.410456" elapsed="0.000403"/>
</kw>
<kw name="Log" owner="BuiltIn">
<msg time="2024-05-16T04:14:46.411509" level="INFO">{'gender': 'male', 'name': {'title': 'Mr', 'first': 'Antonio', 'last': 'Vo'}, 'location': {'street': {'number': 9243, 'name': 'Nøttekneika'}, 'city': 'Sneltvedt', 'state': 'Telemark', 'country': 'Norway', 'postcode': '0509', 'coordinates': {'latitude': '39.3689', 'longitude': '-28.4955'}, 'timezone': {'offset': '+8:00', 'description': 'Beijing, Perth, Singapore, Hong Kong'}}, 'email': 'antonio.vo@example.com', 'login': {'uuid': '1edeabc3-9bf2-4efa-8971-5111336ab7f8', 'username': 'lazycat395', 'password': 'megan1', 'salt': 'MS0h60Oa', 'md5': 'ab353d10bed9878a9b9f6c198318e701', 'sha1': 'dd858862cf02651a7b88f480877d9af3f3286444', 'sha256': '39830880208329a3887facc90d05c04862ec3a7021abfee27373205ab2eed67d'}, 'dob': {'date': '1948-07-10T16:23:26.751Z', 'age': 75}, 'registered': {'date': '2004-09-27T03:33:48.391Z', 'age': 19}, 'phone': '32367495', 'cell': '44215005', 'id': {'name': 'FN', 'value': '10074802325'}, 'picture': {'large': 'https://randomuser.me/api/portraits/men/8.jpg', 'medium': 'https://randomuser.me/api/portraits/med/men/8.jpg', 'thumbnail': 'https://randomuser.me/api/portraits/thumb/men/8.jpg'}, 'nat': 'NO'}</msg>
<arg>${json_data['results'][0]}</arg>
<doc>Logs the given message with the given level.</doc>
<status status="PASS" start="2024-05-16T04:14:46.411149" elapsed="0.000410"/>
</kw>
<kw name="Log" owner="BuiltIn">
<msg time="2024-05-16T04:14:46.411983" level="INFO">login</msg>
<arg>${key}</arg>
<doc>Logs the given message with the given level.</doc>
<status status="PASS" start="2024-05-16T04:14:46.411858" elapsed="0.000162"/>
</kw>
<var name="${key}">login</var>
<status status="PASS" start="2024-05-16T04:14:46.410345" elapsed="0.001889"/>
</iter>
<var>${key}</var>
<value>@{expected_keys}</value>
<status status="PASS" start="2024-05-16T04:14:46.401634" elapsed="0.010744"/>
</for>
<kw name="Create List" owner="BuiltIn">
<msg time="2024-05-16T04:14:46.412719" level="INFO">${expected_keysTwo} = ['username', 'password']</msg>
<var>${expected_keysTwo}</var>
<arg>username</arg>
<arg>password</arg>
<doc>Returns a list containing given items.</doc>
<status status="PASS" start="2024-05-16T04:14:46.412579" elapsed="0.000163"/>
</kw>
<for flavor="IN">
<iter>
<kw name="Dictionary Should Contain Key" owner="Collections">
<msg time="2024-05-16T04:14:46.413626" level="INFO">False</msg>
<arg>${json_data['results'][0]['login']}</arg>
<arg>${keyTwo}</arg>
<doc>Fails if ``key`` is not found from ``dictionary``.</doc>
<status status="PASS" start="2024-05-16T04:14:46.413243" elapsed="0.000419"/>
</kw>
<kw name="Dictionary Should Contain Key" owner="Collections">
<msg time="2024-05-16T04:14:46.414378" level="INFO">False</msg>
<arg>${json_data['results'][0]['login']}</arg>
<arg>${keyTwo}</arg>
<doc>Fails if ``key`` is not found from ``dictionary``.</doc>
<status status="PASS" start="2024-05-16T04:14:46.413952" elapsed="0.000464"/>
</kw>
<kw name="Log" owner="BuiltIn">
<msg time="2024-05-16T04:14:46.414833" level="INFO">username</msg>
<arg>${keyTwo}</arg>
<doc>Logs the given message with the given level.</doc>
<status status="PASS" start="2024-05-16T04:14:46.414707" elapsed="0.000169"/>
</kw>
<var name="${keyTwo}">username</var>
<status status="PASS" start="2024-05-16T04:14:46.413126" elapsed="0.001966"/>
</iter>
<iter>
<kw name="Dictionary Should Contain Key" owner="Collections">
<msg time="2024-05-16T04:14:46.415775" level="INFO">False</msg>
<arg>${json_data['results'][0]['login']}</arg>
<arg>${keyTwo}</arg>
<doc>Fails if ``key`` is not found from ``dictionary``.</doc>
<status status="PASS" start="2024-05-16T04:14:46.415378" elapsed="0.000435"/>
</kw>
<kw name="Dictionary Should Contain Key" owner="Collections">
<msg time="2024-05-16T04:14:46.416556" level="INFO">False</msg>
<arg>${json_data['results'][0]['login']}</arg>
<arg>${keyTwo}</arg>
<doc>Fails if ``key`` is not found from ``dictionary``.</doc>
<status status="PASS" start="2024-05-16T04:14:46.416105" elapsed="0.000489"/>
</kw>
<kw name="Log" owner="BuiltIn">
<msg time="2024-05-16T04:14:46.417013" level="INFO">password</msg>
<arg>${keyTwo}</arg>
<doc>Logs the given message with the given level.</doc>
<status status="PASS" start="2024-05-16T04:14:46.416887" elapsed="0.000163"/>
</kw>
<var name="${keyTwo}">password</var>
<status status="PASS" start="2024-05-16T04:14:46.415265" elapsed="0.001999"/>
</iter>
<var>${keyTwo}</var>
<value>@{expected_keysTwo}</value>
<status status="PASS" start="2024-05-16T04:14:46.412972" elapsed="0.004415"/>
</for>
<status status="PASS" start="2024-05-16T04:14:45.266748" elapsed="1.150779"/>
</kw>
<doc>Testa a estrutura da resposta da API.</doc>
<tag>testeEstruturaResposta</tag>
<status status="PASS" start="2024-05-16T04:14:45.266120" elapsed="1.151565"/>
</test>
<test id="s1-s1-t4" name="Validar tipos de dados" line="28">
<kw name="Teste de Tipos de Dados" owner="random-user-service">
<kw name="GET On Session" owner="RequestsLibrary">
<msg time="2024-05-16T04:14:46.516853" level="INFO">GET Request : url=https://randomuser.me/api 
 path_url=/api 
 headers={'User-Agent': 'python-requests/2.31.0', 'Accept-Encoding': 'gzip, deflate', 'Accept': '*/*', 'Connection': 'keep-alive'} 
 body=None 
 </msg>
<msg time="2024-05-16T04:14:46.516949" level="INFO">GET Response : url=https://randomuser.me/api 
 status=200, reason=OK 
 headers={'Date': 'Thu, 16 May 2024 04:14:46 GMT', 'Content-Type': 'application/json; charset=utf-8', 'Transfer-Encoding': 'chunked', 'Connection': 'keep-alive', 'X-Powered-By': 'Express', 'Access-Control-Allow-Origin': '*', 'Cache-Control': 'no-cache', 'ETag': 'W/"4a5-qFRUtHee5ctcO+/4QDx4ggK0yx0"', 'Vary': 'Accept-Encoding', 'Content-Encoding': 'gzip', 'CF-Cache-Status': 'DYNAMIC', 'Report-To': '{"endpoints":[{"url":"https:\\/\\/a.nel.cloudflare.com\\/report\\/v4?s=14XtTs5L8DEMxglQh9Gjj211Jp4bbOuGVO14pJIFrZcffVTIRUyoxvGYCuM4BbLgR4WM3p%2B7g6UgaAUlFqRwflkAZmLjt%2BDiJb2a18Wcz3MsQ6zPjuaJhPdpQtDPSqJc"}],"group":"cf-nel","max_age":604800}', 'NEL': '{"success_fraction":0,"report_to":"cf-nel","max_age":604800}', 'Server': 'cloudflare', 'CF-RAY': '88488af418f01cde-ORD', 'alt-svc': 'h3=":443"; ma=86400'} 
 body={"results":[{"gender":"male","name":{"title":"Mr","first":"Carlos","last":"Simmons"},"location":{"street":{"number":5727,"name":"Locust Rd"},"city":"Shreveport","state":"North Dakota","country":"United States","postcode":63860,"coordinates":{"latitude":"85.2793","longitude":"-172.7819"},"timezone":{"offset":"+5:00","description":"Ekaterinburg, Islamabad, Karachi, Tashkent"}},"email":"carlos.simmons@example.com","login":{"uuid":"2db97da9-d301-479a-80c6-680acf249686","username":"silvergorilla451","password":"123qwe","salt":"2nafBJOa","md5":"fc95873a42343c7a3ac52f86070b6c1d","sha1":"9473e0f96177e9d08b27e67e1172b34afde7e97b","sha256":"e250653a02eaab1e10478e1f233d4a7c2dad367c5066ed1b504db2e00bb1320e"},"dob":{"date":"1975-04-08T19:21:02.034Z","age":49},"registered":{"date":"2003-01-21T10:35:28.515Z","age":21},"phone":"(891) 453-5418","cell":"(854) 833-9529","id":{"name":"SSN","value":"256-80-7489"},"picture":{"large":"https://randomuser.me/api/portraits/men/63.jpg","medium":"https://randomuser.me/api/portraits/med/men/63.jpg","thumbnail":"https://randomuser.me/api/portraits/thumb/men/63.jpg"},"nat":"US"}],"info":{"seed":"42f22eb9afc5250f","results":1,"page":1,"version":"1.4"}} 
 </msg>
<msg time="2024-05-16T04:14:46.517026" level="INFO">/opt/hostedtoolcache/Python/3.12.3/x64/lib/python3.12/site-packages/urllib3/connectionpool.py:1103: InsecureRequestWarning: Unverified HTTPS request is being made to host 'randomuser.me'. Adding certificate verification is strongly advised. See: https://urllib3.readthedocs.io/en/latest/advanced-usage.html#tls-warnings
  warnings.warn(</msg>
<msg time="2024-05-16T04:14:46.517146" level="INFO">${response} = &lt;Response [200]&gt;</msg>
<var>${response}</var>
<arg>consultarAPI</arg>
<arg>/api</arg>
<doc>Sends a GET request on a previously created HTTP Session.</doc>
<status status="PASS" start="2024-05-16T04:14:46.420168" elapsed="0.097027"/>
</kw>
<kw name="Set Variable" owner="BuiltIn">
<msg time="2024-05-16T04:14:46.518146" level="INFO">${json_data} = {'results': [{'gender': 'male', 'name': {'title': 'Mr', 'first': 'Carlos', 'last': 'Simmons'}, 'location': {'street': {'number': 5727, 'name': 'Locust Rd'}, 'city': 'Shreveport', 'state': 'North Dakot...</msg>
<var>${json_data}</var>
<arg>${response.json()}</arg>
<doc>Returns the given values which can then be assigned to a variables.</doc>
<status status="PASS" start="2024-05-16T04:14:46.517629" elapsed="0.000554"/>
</kw>
<kw name="Log" owner="BuiltIn">
<msg time="2024-05-16T04:14:46.518640" level="INFO">{'results': [{'gender': 'male', 'name': {'title': 'Mr', 'first': 'Carlos', 'last': 'Simmons'}, 'location': {'street': {'number': 5727, 'name': 'Locust Rd'}, 'city': 'Shreveport', 'state': 'North Dakota', 'country': 'United States', 'postcode': 63860, 'coordinates': {'latitude': '85.2793', 'longitude': '-172.7819'}, 'timezone': {'offset': '+5:00', 'description': 'Ekaterinburg, Islamabad, Karachi, Tashkent'}}, 'email': 'carlos.simmons@example.com', 'login': {'uuid': '2db97da9-d301-479a-80c6-680acf249686', 'username': 'silvergorilla451', 'password': '123qwe', 'salt': '2nafBJOa', 'md5': 'fc95873a42343c7a3ac52f86070b6c1d', 'sha1': '9473e0f96177e9d08b27e67e1172b34afde7e97b', 'sha256': 'e250653a02eaab1e10478e1f233d4a7c2dad367c5066ed1b504db2e00bb1320e'}, 'dob': {'date': '1975-04-08T19:21:02.034Z', 'age': 49}, 'registered': {'date': '2003-01-21T10:35:28.515Z', 'age': 21}, 'phone': '(891) 453-5418', 'cell': '(854) 833-9529', 'id': {'name': 'SSN', 'value': '256-80-7489'}, 'picture': {'large': 'https://randomuser.me/api/portraits/men/63.jpg', 'medium': 'https://randomuser.me/api/portraits/med/men/63.jpg', 'thumbnail': 'https://randomuser.me/api/portraits/thumb/men/63.jpg'}, 'nat': 'US'}], 'info': {'seed': '42f22eb9afc5250f', 'results': 1, 'page': 1, 'version': '1.4'}}</msg>
<arg>${json_data}</arg>
<doc>Logs the given message with the given level.</doc>
<status status="PASS" start="2024-05-16T04:14:46.518490" elapsed="0.000234"/>
</kw>
<kw name="Should Be String" owner="String">
<arg>${json_data['results'][0]['gender']}</arg>
<doc>Fails if the given ``item`` is not a string.</doc>
<status status="PASS" start="2024-05-16T04:14:46.519024" elapsed="0.000363"/>
</kw>
<kw name="Should Match Regexp" owner="BuiltIn">
<arg>${json_data['results'][0]['email']}</arg>
<arg>^[a-zA-Z0-9._%+-]+@[a-zA-Z0-9.-]+\.[a-zA-Z]{2,}$</arg>
<doc>Fails if ``string`` does not match ``pattern`` as a regular expression.</doc>
<status status="PASS" start="2024-05-16T04:14:46.519580" elapsed="0.000506"/>
</kw>
<kw name="Should Match Regexp" owner="BuiltIn">
<arg>${json_data['results'][0]['dob']['date']}</arg>
<arg>\\d{4}-\\d{2}-\\d{2}T\\d{2}:\\d{2}:\\d{2}\\.\\d{3}Z</arg>
<doc>Fails if ``string`` does not match ``pattern`` as a regular expression.</doc>
<status status="PASS" start="2024-05-16T04:14:46.520280" elapsed="0.000484"/>
</kw>
<kw name="Should Match Regexp" owner="BuiltIn">
<arg>${json_data['results'][0]['registered']['date']}</arg>
<arg>\\d{4}-\\d{2}-\\d{2}T\\d{2}:\\d{2}:\\d{2}\\.\\d{3}Z</arg>
<doc>Fails if ``string`` does not match ``pattern`` as a regular expression.</doc>
<status status="PASS" start="2024-05-16T04:14:46.520952" elapsed="0.000362"/>
</kw>
<kw name="Should Match Regexp" owner="BuiltIn">
<arg>${json_data['results'][0]['picture']['large']}</arg>
<arg>^https?://.*\.(?:png|jpe?g|gif|bmp)$</arg>
<doc>Fails if ``string`` does not match ``pattern`` as a regular expression.</doc>
<status status="PASS" start="2024-05-16T04:14:46.521502" elapsed="0.000467"/>
</kw>
<kw name="Should Match Regexp" owner="BuiltIn">
<arg>${json_data['results'][0]['picture']['medium']}</arg>
<arg>^https?://.*\.(?:png|jpe?g|gif|bmp)$</arg>
<doc>Fails if ``string`` does not match ``pattern`` as a regular expression.</doc>
<status status="PASS" start="2024-05-16T04:14:46.522210" elapsed="0.000357"/>
</kw>
<kw name="Should Match Regexp" owner="BuiltIn">
<arg>${json_data['results'][0]['picture']['thumbnail']}</arg>
<arg>^https?://.*\.(?:png|jpe?g|gif|bmp)$</arg>
<doc>Fails if ``string`` does not match ``pattern`` as a regular expression.</doc>
<status status="PASS" start="2024-05-16T04:14:46.522757" elapsed="0.000346"/>
</kw>
<kw name="Log" owner="BuiltIn">
<msg time="2024-05-16T04:14:46.523603" level="INFO">{'large': 'https://randomuser.me/api/portraits/men/63.jpg', 'medium': 'https://randomuser.me/api/portraits/med/men/63.jpg', 'thumbnail': 'https://randomuser.me/api/portraits/thumb/men/63.jpg'}</msg>
<arg>${json_data['results'][0]['picture']}</arg>
<doc>Logs the given message with the given level.</doc>
<status status="PASS" start="2024-05-16T04:14:46.523283" elapsed="0.000361"/>
</kw>
<status status="PASS" start="2024-05-16T04:14:46.419944" elapsed="0.103955"/>
</kw>
<kw name="Teste de Tipos de Dados - Postcode" owner="random-user-service">
<kw name="GET On Session" owner="RequestsLibrary">
<msg time="2024-05-16T04:14:46.565510" level="INFO">GET Request : url=https://randomuser.me/api 
 path_url=/api 
 headers={'User-Agent': 'python-requests/2.31.0', 'Accept-Encoding': 'gzip, deflate', 'Accept': '*/*', 'Connection': 'keep-alive'} 
 body=None 
 </msg>
<msg time="2024-05-16T04:14:46.565591" level="INFO">GET Response : url=https://randomuser.me/api 
 status=200, reason=OK 
 headers={'Date': 'Thu, 16 May 2024 04:14:46 GMT', 'Content-Type': 'application/json; charset=utf-8', 'Transfer-Encoding': 'chunked', 'Connection': 'keep-alive', 'X-Powered-By': 'Express', 'Access-Control-Allow-Origin': '*', 'Cache-Control': 'no-cache', 'ETag': 'W/"48d-uvxRAw+yWI71zC/24GQ7S+nD5Lc"', 'Vary': 'Accept-Encoding', 'Content-Encoding': 'gzip', 'CF-Cache-Status': 'DYNAMIC', 'Report-To': '{"endpoints":[{"url":"https:\\/\\/a.nel.cloudflare.com\\/report\\/v4?s=qA2TVmKg7p9%2FV9j69fCOGXyRP6jKgLtLMZsLlQi2m7pMhgXk23Vf40i8P9VFpnfcAid%2FxiXsXiBZrUZvs%2BHe18hf%2BiUKr5whhVqLs%2FS6gy8%2Fu7aSgf6lZn3yb479Zbfh"}],"group":"cf-nel","max_age":604800}', 'NEL': '{"success_fraction":0,"report_to":"cf-nel","max_age":604800}', 'Server': 'cloudflare', 'CF-RAY': '88488af4c97f1cde-ORD', 'alt-svc': 'h3=":443"; ma=86400'} 
 body={"results":[{"gender":"male","name":{"title":"Mr","first":"کوروش","last":"موسوی"},"location":{"street":{"number":1907,"name":"امام خمینی"},"city":"بروجرد","state":"چهارمحال و بختیاری","country":"Iran","postcode":31292,"coordinates":{"latitude":"15.5288","longitude":"-122.7095"},"timezone":{"offset":"-9:00","description":"Alaska"}},"email":"khwrwsh.mwswy@example.com","login":{"uuid":"fa1323c3-33ec-4fec-a23e-75db20a5c0f4","username":"brownswan530","password":"biggles","salt":"pp6U84VQ","md5":"76336f64fe82c05319dc122ac5d40c8f","sha1":"6ef2b41a616748c4c660b2d9ccef07540d0d54b0","sha256":"d9d9e02b5c55b5db72de4172d387ac7e167e9cc6346f905f9628550396b79d0a"},"dob":{"date":"1964-11-12T14:39:41.686Z","age":59},"registered":{"date":"2019-04-23T20:52:49.698Z","age":5},"phone":"010-63709245","cell":"0920-544-6154","id":{"name":"","value":null},"picture":{"large":"https://randomuser.me/api/portraits/men/69.jpg","medium":"https://randomuser.me/api/portraits/med/men/69.jpg","thumbnail":"https://randomuser.me/api/portraits/thumb/men/69.jpg"},"nat":"IR"}],"info":{"seed":"42aa3bbd9b3699db","results":1,"page":1,"version":"1.4"}} 
 </msg>
<msg time="2024-05-16T04:14:46.565655" level="INFO">/opt/hostedtoolcache/Python/3.12.3/x64/lib/python3.12/site-packages/urllib3/connectionpool.py:1103: InsecureRequestWarning: Unverified HTTPS request is being made to host 'randomuser.me'. Adding certificate verification is strongly advised. See: https://urllib3.readthedocs.io/en/latest/advanced-usage.html#tls-warnings
  warnings.warn(</msg>
<msg time="2024-05-16T04:14:46.565756" level="INFO">${response} = &lt;Response [200]&gt;</msg>
<var>${response}</var>
<arg>consultarAPI</arg>
<arg>/api</arg>
<doc>Sends a GET request on a previously created HTTP Session.</doc>
<status status="PASS" start="2024-05-16T04:14:46.524349" elapsed="0.041430"/>
</kw>
<kw name="Set Variable" owner="BuiltIn">
<msg time="2024-05-16T04:14:46.566817" level="INFO">${json_data} = {'results': [{'gender': 'male', 'name': {'title': 'Mr', 'first': 'کوروش', 'last': 'موسوی'}, 'location': {'street': {'number': 1907, 'name': 'امام خمینی'}, 'city': 'بروجرد', 'state': 'چهارمحال و بختیار...</msg>
<var>${json_data}</var>
<arg>${response.json()}</arg>
<doc>Returns the given values which can then be assigned to a variables.</doc>
<status status="PASS" start="2024-05-16T04:14:46.566319" elapsed="0.000528"/>
</kw>
<kw name="Log" owner="BuiltIn">
<msg time="2024-05-16T04:14:46.567309" level="INFO">{'results': [{'gender': 'male', 'name': {'title': 'Mr', 'first': 'کوروش', 'last': 'موسوی'}, 'location': {'street': {'number': 1907, 'name': 'امام خمینی'}, 'city': 'بروجرد', 'state': 'چهارمحال و بختیاری', 'country': 'Iran', 'postcode': 31292, 'coordinates': {'latitude': '15.5288', 'longitude': '-122.7095'}, 'timezone': {'offset': '-9:00', 'description': 'Alaska'}}, 'email': 'khwrwsh.mwswy@example.com', 'login': {'uuid': 'fa1323c3-33ec-4fec-a23e-75db20a5c0f4', 'username': 'brownswan530', 'password': 'biggles', 'salt': 'pp6U84VQ', 'md5': '76336f64fe82c05319dc122ac5d40c8f', 'sha1': '6ef2b41a616748c4c660b2d9ccef07540d0d54b0', 'sha256': 'd9d9e02b5c55b5db72de4172d387ac7e167e9cc6346f905f9628550396b79d0a'}, 'dob': {'date': '1964-11-12T14:39:41.686Z', 'age': 59}, 'registered': {'date': '2019-04-23T20:52:49.698Z', 'age': 5}, 'phone': '010-63709245', 'cell': '0920-544-6154', 'id': {'name': '', 'value': None}, 'picture': {'large': 'https://randomuser.me/api/portraits/men/69.jpg', 'medium': 'https://randomuser.me/api/portraits/med/men/69.jpg', 'thumbnail': 'https://randomuser.me/api/portraits/thumb/men/69.jpg'}, 'nat': 'IR'}], 'info': {'seed': '42aa3bbd9b3699db', 'results': 1, 'page': 1, 'version': '1.4'}}</msg>
<arg>${json_data}</arg>
<doc>Logs the given message with the given level.</doc>
<status status="PASS" start="2024-05-16T04:14:46.567152" elapsed="0.000248"/>
</kw>
<kw name="Should Be Equal As Numbers" owner="BuiltIn">
<arg>${json_data['results'][0]['location']['postcode']}</arg>
<arg>${json_data['results'][0]['location']['postcode']}</arg>
<doc>Fails if objects are unequal after converting them to real numbers.</doc>
<status status="PASS" start="2024-05-16T04:14:46.567700" elapsed="0.000793"/>
</kw>
<kw name="Log" owner="BuiltIn">
<msg time="2024-05-16T04:14:46.569017" level="INFO">31292</msg>
<arg>${json_data['results'][0]['location']['postcode']}</arg>
<doc>Logs the given message with the given level.</doc>
<status status="PASS" start="2024-05-16T04:14:46.568687" elapsed="0.000370"/>
</kw>
<status status="PASS" start="2024-05-16T04:14:46.524126" elapsed="0.045187"/>
</kw>
<doc>Testa se os tipos de dados na resposta da API estão corretos.</doc>
<tag>testeTiposDados</tag>
<status status="PASS" start="2024-05-16T04:14:46.419483" elapsed="0.150005"/>
</test>
<test id="s1-s1-t5" name="Validar conteudo" line="35">
<kw name="Teste de Tipos de Conteudo" owner="random-user-service">
<kw name="GET On Session" owner="RequestsLibrary">
<msg time="2024-05-16T04:14:46.666562" level="INFO">GET Request : url=https://randomuser.me/api 
 path_url=/api 
 headers={'User-Agent': 'python-requests/2.31.0', 'Accept-Encoding': 'gzip, deflate', 'Accept': '*/*', 'Connection': 'keep-alive'} 
 body=None 
 </msg>
<msg time="2024-05-16T04:14:46.666651" level="INFO">GET Response : url=https://randomuser.me/api 
 status=200, reason=OK 
 headers={'Date': 'Thu, 16 May 2024 04:14:46 GMT', 'Content-Type': 'application/json; charset=utf-8', 'Transfer-Encoding': 'chunked', 'Connection': 'keep-alive', 'X-Powered-By': 'Express', 'Access-Control-Allow-Origin': '*', 'Cache-Control': 'no-cache', 'ETag': 'W/"4ad-KLgTJdgh7aU0+BJlgWtzEX0CaGs"', 'Vary': 'Accept-Encoding', 'Content-Encoding': 'gzip', 'CF-Cache-Status': 'DYNAMIC', 'Report-To': '{"endpoints":[{"url":"https:\\/\\/a.nel.cloudflare.com\\/report\\/v4?s=lgRgSYYFOdsIGhVWg9hpzEVlpdcr9d3d8efBdXQqF5dHOoUUF%2By7T9%2Bc0SLxs68T4h6mDm1BR7gtM2iOYttBwU859m9Kpoa2nXQj9uXvURhe4HguwdD%2B9lsmh%2Bjp4kTY"}],"group":"cf-nel","max_age":604800}', 'NEL': '{"success_fraction":0,"report_to":"cf-nel","max_age":604800}', 'Server': 'cloudflare', 'CF-RAY': '88488af509e61cde-ORD', 'alt-svc': 'h3=":443"; ma=86400'} 
 body={"results":[{"gender":"female","name":{"title":"Ms","first":"Marta","last":"StanićStanković"},"location":{"street":{"number":3025,"name":"Zmajevac"},"city":"Velika Plana","state":"North Bačka","country":"Serbia","postcode":69760,"coordinates":{"latitude":"56.4914","longitude":"94.8196"},"timezone":{"offset":"+5:00","description":"Ekaterinburg, Islamabad, Karachi, Tashkent"}},"email":"marta.stanicstankovic@example.com","login":{"uuid":"8cfb4fe6-a516-4b50-b2b5-9780718e6e8c","username":"goldenmeercat531","password":"rene","salt":"vgAQtdBj","md5":"c5a14d5135075ec14a5e7642dc2f924e","sha1":"b8bd80a7b1018cd59147ded37f79d09e7edc6b8e","sha256":"3f4676b7f39999f5dd2aca77ee8d0bd241a8bf4291a26880f1fd42c8a2eb04eb"},"dob":{"date":"1975-05-29T05:13:42.173Z","age":48},"registered":{"date":"2002-04-16T05:27:29.728Z","age":22},"phone":"015-8395-760","cell":"066-8205-143","id":{"name":"SID","value":"937509340"},"picture":{"large":"https://randomuser.me/api/portraits/women/43.jpg","medium":"https://randomuser.me/api/portraits/med/women/43.jpg","thumbnail":"https://randomuser.me/api/portraits/thumb/women/43.jpg"},"nat":"RS"}],"info":{"seed":"800b88f5edfdc452","results":1,"page":1,"version":"1.4"}} 
 </msg>
<msg time="2024-05-16T04:14:46.666722" level="INFO">/opt/hostedtoolcache/Python/3.12.3/x64/lib/python3.12/site-packages/urllib3/connectionpool.py:1103: InsecureRequestWarning: Unverified HTTPS request is being made to host 'randomuser.me'. Adding certificate verification is strongly advised. See: https://urllib3.readthedocs.io/en/latest/advanced-usage.html#tls-warnings
  warnings.warn(</msg>
<msg time="2024-05-16T04:14:46.666836" level="INFO">${response} = &lt;Response [200]&gt;</msg>
<var>${response}</var>
<arg>consultarAPI</arg>
<arg>/api</arg>
<doc>Sends a GET request on a previously created HTTP Session.</doc>
<status status="PASS" start="2024-05-16T04:14:46.572041" elapsed="0.094836"/>
</kw>
<kw name="Set Variable" owner="BuiltIn">
<msg time="2024-05-16T04:14:46.668099" level="INFO">${json_data} = {'results': [{'gender': 'female', 'name': {'title': 'Ms', 'first': 'Marta', 'last': 'StanićStanković'}, 'location': {'street': {'number': 3025, 'name': 'Zmajevac'}, 'city': 'Velika Plana', 'state': 'N...</msg>
<var>${json_data}</var>
<arg>${response.json()}</arg>
<doc>Returns the given values which can then be assigned to a variables.</doc>
<status status="PASS" start="2024-05-16T04:14:46.667493" elapsed="0.000637"/>
</kw>
<kw name="Set Variable" owner="BuiltIn">
<msg time="2024-05-16T04:14:46.668824" level="INFO">${name_title} = Ms</msg>
<var>${name_title}</var>
<arg>${json_data["results"][0]["name"]["title"]}</arg>
<doc>Returns the given values which can then be assigned to a variables.</doc>
<status status="PASS" start="2024-05-16T04:14:46.668443" elapsed="0.000406"/>
</kw>
<kw name="Create List" owner="BuiltIn">
<msg time="2024-05-16T04:14:46.669299" level="INFO">${allowed_titles} = ['Mr', 'Ms', 'Miss', 'Mrs', 'Madame', 'Monsieur']</msg>
<var>${allowed_titles}</var>
<arg>Mr</arg>
<arg>Ms</arg>
<arg>Miss</arg>
<arg>Mrs</arg>
<arg>Madame</arg>
<arg>Monsieur</arg>
<doc>Returns a list containing given items.</doc>
<status status="PASS" start="2024-05-16T04:14:46.669150" elapsed="0.000174"/>
</kw>
<kw name="List Should Contain Value" owner="Collections">
<msg time="2024-05-16T04:14:46.669804" level="INFO">False</msg>
<arg>${allowed_titles}</arg>
<arg>${name_title}</arg>
<doc>Fails if the ``value`` is not found from ``list``.</doc>
<status status="PASS" start="2024-05-16T04:14:46.669629" elapsed="0.000211"/>
</kw>
<kw name="Set Variable" owner="BuiltIn">
<msg time="2024-05-16T04:14:46.670569" level="INFO">${name_country} = RS</msg>
<var>${name_country}</var>
<arg>${json_data["results"][0]["nat"]}</arg>
<doc>Returns the given values which can then be assigned to a variables.</doc>
<status status="PASS" start="2024-05-16T04:14:46.670174" elapsed="0.000423"/>
</kw>
<kw name="Create List" owner="BuiltIn">
<msg time="2024-05-16T04:14:46.671506" level="INFO">${list_country} = ['AD', 'AE', 'AF', 'AG', 'AI', 'AL', 'AM', 'AO', 'AQ', 'AR', 'AS', 'AT', 'AU', 'AW', 'AX', 'AZ', 'BA', 'BB', 'BD', 'BE', 'BF', 'BG', 'BH', 'BI', 'BJ', 'BL', 'BM', 'BN', 'BO', 'BQ', 'BR', 'BS', 'BT', '...</msg>
<var>${list_country}</var>
<arg>AD</arg>
<arg>AE</arg>
<arg>AF</arg>
<arg>AG</arg>
<arg>AI</arg>
<arg>AL</arg>
<arg>AM</arg>
<arg>AO</arg>
<arg>AQ</arg>
<arg>AR</arg>
<arg>AS</arg>
<arg>AT</arg>
<arg>AU</arg>
<arg>AW</arg>
<arg>AX</arg>
<arg>AZ</arg>
<arg>BA</arg>
<arg>BB</arg>
<arg>BD</arg>
<arg>BE</arg>
<arg>BF</arg>
<arg>BG</arg>
<arg>BH</arg>
<arg>BI</arg>
<arg>BJ</arg>
<arg>BL</arg>
<arg>BM</arg>
<arg>BN</arg>
<arg>BO</arg>
<arg>BQ</arg>
<arg>BR</arg>
<arg>BS</arg>
<arg>BT</arg>
<arg>BV</arg>
<arg>BW</arg>
<arg>BY</arg>
<arg>BZ</arg>
<arg>CA</arg>
<arg>CC</arg>
<arg>CD</arg>
<arg>CF</arg>
<arg>CG</arg>
<arg>CH</arg>
<arg>CI</arg>
<arg>CK</arg>
<arg>CL</arg>
<arg>CM</arg>
<arg>CN</arg>
<arg>CO</arg>
<arg>CR</arg>
<arg>CU</arg>
<arg>CV</arg>
<arg>CW</arg>
<arg>CX</arg>
<arg>CY</arg>
<arg>CZ</arg>
<arg>DE</arg>
<arg>DJ</arg>
<arg>DK</arg>
<arg>DM</arg>
<arg>DO</arg>
<arg>DZ</arg>
<arg>EC</arg>
<arg>EE</arg>
<arg>EG</arg>
<arg>EH</arg>
<arg>ER</arg>
<arg>ES</arg>
<arg>ET</arg>
<arg>FI</arg>
<arg>FJ</arg>
<arg>FK</arg>
<arg>FM</arg>
<arg>FO</arg>
<arg>FR</arg>
<arg>GA</arg>
<arg>GB</arg>
<arg>GD</arg>
<arg>GE</arg>
<arg>GF</arg>
<arg>GG</arg>
<arg>GH</arg>
<arg>GI</arg>
<arg>GL</arg>
<arg>GM</arg>
<arg>GN</arg>
<arg>GP</arg>
<arg>GQ</arg>
<arg>GR</arg>
<arg>GS</arg>
<arg>GT</arg>
<arg>GU</arg>
<arg>GW</arg>
<arg>GY</arg>
<arg>HK</arg>
<arg>HM</arg>
<arg>HN</arg>
<arg>HR</arg>
<arg>HT</arg>
<arg>HU</arg>
<arg>ID</arg>
<arg>IE</arg>
<arg>IL</arg>
<arg>IM</arg>
<arg>IN</arg>
<arg>IO</arg>
<arg>IQ</arg>
<arg>IR</arg>
<arg>IS</arg>
<arg>IT</arg>
<arg>JE</arg>
<arg>JM</arg>
<arg>JO</arg>
<arg>JP</arg>
<arg>KE</arg>
<arg>KG</arg>
<arg>KH</arg>
<arg>KI</arg>
<arg>KM</arg>
<arg>KN</arg>
<arg>KP</arg>
<arg>KR</arg>
<arg>KW</arg>
<arg>KY</arg>
<arg>KZ</arg>
<arg>LA</arg>
<arg>LB</arg>
<arg>LC</arg>
<arg>LI</arg>
<arg>LK</arg>
<arg>LR</arg>
<arg>LS</arg>
<arg>LT</arg>
<arg>LU</arg>
<arg>LV</arg>
<arg>LY</arg>
<arg>MA</arg>
<arg>MC</arg>
<arg>MD</arg>
<arg>ME</arg>
<arg>MF</arg>
<arg>MG</arg>
<arg>MH</arg>
<arg>MK</arg>
<arg>ML</arg>
<arg>MM</arg>
<arg>MN</arg>
<arg>MO</arg>
<arg>MP</arg>
<arg>MQ</arg>
<arg>MR</arg>
<arg>MS</arg>
<arg>MT</arg>
<arg>MU</arg>
<arg>MV</arg>
<arg>MW</arg>
<arg>MX</arg>
<arg>MY</arg>
<arg>MZ</arg>
<arg>NA</arg>
<arg>NC</arg>
<arg>NE</arg>
<arg>NF</arg>
<arg>NG</arg>
<arg>NI</arg>
<arg>NL</arg>
<arg>NO</arg>
<arg>NP</arg>
<arg>NR</arg>
<arg>NU</arg>
<arg>NZ</arg>
<arg>OM</arg>
<arg>PA</arg>
<arg>PE</arg>
<arg>PF</arg>
<arg>PG</arg>
<arg>PH</arg>
<arg>PK</arg>
<arg>PL</arg>
<arg>PM</arg>
<arg>PN</arg>
<arg>PR</arg>
<arg>PS</arg>
<arg>PT</arg>
<arg>PW</arg>
<arg>PY</arg>
<arg>QA</arg>
<arg>RE</arg>
<arg>RO</arg>
<arg>RS</arg>
<arg>RU</arg>
<arg>RW</arg>
<arg>SA</arg>
<arg>SB</arg>
<arg>SC</arg>
<arg>SD</arg>
<arg>SE</arg>
<arg>SG</arg>
<arg>SH</arg>
<arg>SI</arg>
<arg>SJ</arg>
<arg>SK</arg>
<arg>SL</arg>
<arg>SM</arg>
<arg>SN</arg>
<arg>SO</arg>
<arg>SR</arg>
<arg>SS</arg>
<arg>ST</arg>
<arg>SV</arg>
<arg>SX</arg>
<arg>SY</arg>
<arg>SZ</arg>
<arg>TC</arg>
<arg>TD</arg>
<arg>TF</arg>
<arg>TG</arg>
<arg>TH</arg>
<arg>TJ</arg>
<arg>TK</arg>
<arg>TL</arg>
<arg>TM</arg>
<arg>TN</arg>
<arg>TO</arg>
<arg>TR</arg>
<arg>TT</arg>
<arg>TV</arg>
<arg>TW</arg>
<arg>TZ</arg>
<arg>UA</arg>
<arg>UG</arg>
<arg>UM</arg>
<arg>US</arg>
<arg>UY</arg>
<arg>UZ</arg>
<arg>VA</arg>
<arg>VC</arg>
<arg>VE</arg>
<arg>VG</arg>
<arg>VI</arg>
<arg>VN</arg>
<arg>VU</arg>
<arg>WF</arg>
<arg>WS</arg>
<arg>XK</arg>
<arg>YE</arg>
<arg>YT</arg>
<arg>ZA</arg>
<arg>ZM</arg>
<arg>ZW</arg>
<doc>Returns a list containing given items.</doc>
<status status="PASS" start="2024-05-16T04:14:46.670911" elapsed="0.000620"/>
</kw>
<kw name="List Should Contain Value" owner="Collections">
<msg time="2024-05-16T04:14:46.672518" level="INFO">False</msg>
<arg>${list_country}</arg>
<arg>${name_country}</arg>
<doc>Fails if the ``value`` is not found from ``list``.</doc>
<status status="PASS" start="2024-05-16T04:14:46.672317" elapsed="0.000237"/>
</kw>
<kw name="Run Keyword If" owner="BuiltIn">
<kw name="Should Be True" owner="BuiltIn">
<arg>${True}</arg>
<doc>Fails if the given condition is not true.</doc>
<status status="PASS" start="2024-05-16T04:14:46.673616" elapsed="0.000142"/>
</kw>
<arg>${json_data["results"][0]["location"]["coordinates"]["latitude"]} &gt;= -90 and ${json_data["results"][0]["location"]["coordinates"]["latitude"]} &lt;= 90</arg>
<arg>Should Be True</arg>
<arg>${True}</arg>
<doc>Runs the given keyword with the given arguments, if ``condition`` is true.</doc>
<status status="PASS" start="2024-05-16T04:14:46.672867" elapsed="0.001016"/>
</kw>
<kw name="Run Keyword If" owner="BuiltIn">
<kw name="Should Be True" owner="BuiltIn">
<arg>${True}</arg>
<doc>Fails if the given condition is not true.</doc>
<status status="PASS" start="2024-05-16T04:14:46.674784" elapsed="0.000250"/>
</kw>
<arg>${json_data["results"][0]["location"]["coordinates"]["longitude"]} &gt;= -180 and ${json_data["results"][0]["location"]["coordinates"]["longitude"]} &lt;= 180</arg>
<arg>Should Be True</arg>
<arg>${True}</arg>
<doc>Runs the given keyword with the given arguments, if ``condition`` is true.</doc>
<status status="PASS" start="2024-05-16T04:14:46.674090" elapsed="0.001071"/>
</kw>
<status status="PASS" start="2024-05-16T04:14:46.571815" elapsed="0.103476"/>
</kw>
<doc>Testa o conteúdo específico dos campos retornados pela API.</doc>
<tag>testeConteudo</tag>
<status status="PASS" start="2024-05-16T04:14:46.571274" elapsed="0.104164"/>
</test>
<status status="PASS" start="2024-05-16T04:14:44.831708" elapsed="1.845719"/>
</suite>
<status status="PASS" start="2024-05-16T04:14:44.817829" elapsed="1.864863"/>
</suite>
<statistics>
<total>
<stat pass="5" fail="0" skip="0">All Tests</stat>
</total>
<tag>
<stat pass="1" fail="0" skip="0">testeConteudo</stat>
<stat pass="1" fail="0" skip="0">testeEstruturaResposta</stat>
<stat pass="1" fail="0" skip="0">testeRequisicaoBasica</stat>
<stat pass="1" fail="0" skip="0">testeTiposDados</stat>
</tag>
<suite>
<stat pass="5" fail="0" skip="0" id="s1" name="Tests">Tests</stat>
<stat pass="5" fail="0" skip="0" id="s1-s1" name="Random-User-Test">Tests.Random-User-Test</stat>
</suite>
</statistics>
<errors>
</errors>
</robot>
