<?xml version="1.0" encoding="UTF-8"?>
<robot generator="Robot 7.0 (Python 3.12.2 on linux)" generated="2024-04-05T03:16:51.869483" rpa="false" schemaversion="5">
<suite id="s1" name="Tests" source="/home/runner/work/DesafioQAItauRogerioJordao/DesafioQAItauRogerioJordao/RamdonUser/tests">
<suite id="s1-s1" name="Random-User-Test" source="/home/runner/work/DesafioQAItauRogerioJordao/DesafioQAItauRogerioJordao/RamdonUser/tests/random-user-test.robot">
<test id="s1-s1-t1" name="Conectar" line="13">
<kw name="Conectar API" owner="random-user-service">
<kw name="Create Session" owner="RequestsLibrary">
<msg time="2024-04-05T03:16:52.244713" level="INFO">Creating Session using : alias=consultarAPI, url=https://randomuser.me/, headers={},                     cookies={}, auth=None, timeout=None, proxies=None, verify=False,                     debug=0 </msg>
<arg>consultarAPI</arg>
<arg>${URL}</arg>
<doc>Create Session: create a HTTP session to a server</doc>
<status status="PASS" start="2024-04-05T03:16:52.244517" elapsed="0.000364"/>
</kw>
<status status="PASS" start="2024-04-05T03:16:52.243483" elapsed="0.001755"/>
</kw>
<status status="PASS" start="2024-04-05T03:16:52.242868" elapsed="0.002573"/>
</test>
<test id="s1-s1-t2" name="Validar retorno 200 e JSON Válido" line="16">
<kw name="Teste de Requisicao Basica" owner="random-user-service">
<kw name="GET On Session" owner="RequestsLibrary">
<msg time="2024-04-05T03:16:52.320428" level="INFO">GET Request : url=https://randomuser.me/api 
 path_url=/api 
 headers={'User-Agent': 'python-requests/2.31.0', 'Accept-Encoding': 'gzip, deflate', 'Accept': '*/*', 'Connection': 'keep-alive'} 
 body=None 
 </msg>
<msg time="2024-04-05T03:16:52.320561" level="INFO">GET Response : url=https://randomuser.me/api 
 status=200, reason=OK 
 headers={'Date': 'Fri, 05 Apr 2024 03:16:52 GMT', 'Content-Type': 'application/json; charset=utf-8', 'Transfer-Encoding': 'chunked', 'Connection': 'keep-alive', 'X-Powered-By': 'Express', 'Access-Control-Allow-Origin': '*', 'Cache-Control': 'no-cache', 'ETag': 'W/"481-MBqh6pRNi3DpXGTb1xxZo6XvJzM"', 'Vary': 'Accept-Encoding', 'Content-Encoding': 'gzip', 'CF-Cache-Status': 'DYNAMIC', 'Report-To': '{"endpoints":[{"url":"https:\\/\\/a.nel.cloudflare.com\\/report\\/v4?s=sbzIj390uao4aEtUTpCB2m%2Fi4xKKPaMl05SBdIERDhETD6tetJYICbLIQn%2F6u5rmIqX1JowAG%2BYNkhsbDzq%2Br2hJnjZumR3ovczZkggaNVKDRzrQSfXOoWHGfD6HMeB2"}],"group":"cf-nel","max_age":604800}', 'NEL': '{"success_fraction":0,"report_to":"cf-nel","max_age":604800}', 'Server': 'cloudflare', 'CF-RAY': '86f661c2c85a81fa-IAD', 'alt-svc': 'h3=":443"; ma=86400'} 
 body={"results":[{"gender":"male","name":{"title":"Mr","first":"Adalsindo","last":"Sales"},"location":{"street":{"number":74,"name":"Rua Paraíba "},"city":"Palhoça","state":"Rio de Janeiro","country":"Brazil","postcode":44685,"coordinates":{"latitude":"-73.1211","longitude":"-92.1396"},"timezone":{"offset":"-3:30","description":"Newfoundland"}},"email":"adalsindo.sales@example.com","login":{"uuid":"0e5079a6-07e3-430b-95e5-99bdd9349228","username":"whitefrog614","password":"fffff","salt":"dC3mndRf","md5":"69781e3f2d13193a2c34a582fea44cd6","sha1":"6f9e8e0b4713311cf1a1527da8610a4da4de6ec1","sha256":"0d5d5b6c8e766a754c0360289f13680edbd09414e59ebec8a6bb30ab9ed3b9f5"},"dob":{"date":"1978-03-17T06:00:19.519Z","age":46},"registered":{"date":"2016-08-20T03:55:24.803Z","age":7},"phone":"(85) 2251-1557","cell":"(05) 4680-8222","id":{"name":"CPF","value":"990.363.129-82"},"picture":{"large":"https://randomuser.me/api/portraits/men/82.jpg","medium":"https://randomuser.me/api/portraits/med/men/82.jpg","thumbnail":"https://randomuser.me/api/portraits/thumb/men/82.jpg"},"nat":"BR"}],"info":{"seed":"898f14c53772cf3f","results":1,"page":1,"version":"1.4"}} 
 </msg>
<msg time="2024-04-05T03:16:52.320670" level="INFO">/opt/hostedtoolcache/Python/3.12.2/x64/lib/python3.12/site-packages/urllib3/connectionpool.py:1103: InsecureRequestWarning: Unverified HTTPS request is being made to host 'randomuser.me'. Adding certificate verification is strongly advised. See: https://urllib3.readthedocs.io/en/latest/advanced-usage.html#tls-warnings
  warnings.warn(</msg>
<msg time="2024-04-05T03:16:52.320791" level="INFO">${response} = &lt;Response [200]&gt;</msg>
<var>${response}</var>
<arg>consultarAPI</arg>
<arg>/api</arg>
<doc>Sends a GET request on a previously created HTTP Session.</doc>
<status status="PASS" start="2024-04-05T03:16:52.248118" elapsed="0.072714"/>
</kw>
<kw name="Should Be Equal As Numbers" owner="BuiltIn">
<msg time="2024-04-05T03:16:52.321766" level="INFO">Argument types are:
&lt;class 'int'&gt;
&lt;class 'str'&gt;</msg>
<arg>${response.status_code}</arg>
<arg>200</arg>
<doc>Fails if objects are unequal after converting them to real numbers.</doc>
<status status="PASS" start="2024-04-05T03:16:52.321323" elapsed="0.000508"/>
</kw>
<kw name="Log" owner="BuiltIn">
<msg time="2024-04-05T03:16:52.322529" level="INFO">200</msg>
<arg>${response.status_code}</arg>
<doc>Logs the given message with the given level.</doc>
<status status="PASS" start="2024-04-05T03:16:52.322164" elapsed="0.000408"/>
</kw>
<kw name="Set Variable" owner="BuiltIn">
<msg time="2024-04-05T03:16:52.323336" level="INFO">${json_data} = {'results': [{'gender': 'male', 'name': {'title': 'Mr', 'first': 'Adalsindo', 'last': 'Sales'}, 'location': {'street': {'number': 74, 'name': 'Rua Paraíba '}, 'city': 'Palhoça', 'state': 'Rio de Janei...</msg>
<var>${json_data}</var>
<arg>${response.json()}</arg>
<doc>Returns the given values which can then be assigned to a variables.</doc>
<status status="PASS" start="2024-04-05T03:16:52.322888" elapsed="0.000478"/>
</kw>
<kw name="Dictionary Should Contain Key" owner="Collections">
<msg time="2024-04-05T03:16:52.323864" level="INFO">False</msg>
<arg>${json_data}</arg>
<arg>results</arg>
<doc>Fails if ``key`` is not found from ``dictionary``.</doc>
<status status="PASS" start="2024-04-05T03:16:52.323671" elapsed="0.000234"/>
</kw>
<status status="PASS" start="2024-04-05T03:16:52.247853" elapsed="0.076316"/>
</kw>
<doc>Testa se a API responde corretamente e retorna um objeto JSON válido.</doc>
<tag>testeRequisicaoBasica</tag>
<status status="PASS" start="2024-04-05T03:16:52.247273" elapsed="0.077085"/>
</test>
<test id="s1-s1-t3" name="Validar estrutura de resposta" line="22">
<kw name="Teste de Estrutura de Resposta" owner="random-user-service">
<kw name="GET On Session" owner="RequestsLibrary">
<msg time="2024-04-05T03:16:52.421728" level="INFO">GET Request : url=https://randomuser.me/api 
 path_url=/api 
 headers={'User-Agent': 'python-requests/2.31.0', 'Accept-Encoding': 'gzip, deflate', 'Accept': '*/*', 'Connection': 'keep-alive'} 
 body=None 
 </msg>
<msg time="2024-04-05T03:16:52.421828" level="INFO">GET Response : url=https://randomuser.me/api 
 status=200, reason=OK 
 headers={'Date': 'Fri, 05 Apr 2024 03:16:52 GMT', 'Content-Type': 'application/json; charset=utf-8', 'Transfer-Encoding': 'chunked', 'Connection': 'keep-alive', 'X-Powered-By': 'Express', 'Access-Control-Allow-Origin': '*', 'Cache-Control': 'no-cache', 'ETag': 'W/"487-aDZa1+/4Gt4+bpFa6PlyCRPcgvI"', 'Vary': 'Accept-Encoding', 'Content-Encoding': 'gzip', 'CF-Cache-Status': 'DYNAMIC', 'Report-To': '{"endpoints":[{"url":"https:\\/\\/a.nel.cloudflare.com\\/report\\/v4?s=yBt6MqePMm%2FERwjxaIqA1VuAmmxKXO2JGE6BDBAv9CYGkwiY4UZEpzZr%2BogKOGlTXz1XzRrMenRidvn9K853wUlun2u50ZwxqlsPYWdj0Brg0IqUqM9%2Btb2L6s9Bslw1"}],"group":"cf-nel","max_age":604800}', 'NEL': '{"success_fraction":0,"report_to":"cf-nel","max_age":604800}', 'Server': 'cloudflare', 'CF-RAY': '86f661c3189c81fa-IAD', 'alt-svc': 'h3=":443"; ma=86400'} 
 body={"results":[{"gender":"male","name":{"title":"Mr","first":"Jackson","last":"Jackson"},"location":{"street":{"number":1574,"name":"Willis Street"},"city":"Masterton","state":"Hawke'S Bay","country":"New Zealand","postcode":75392,"coordinates":{"latitude":"53.9040","longitude":"-51.3760"},"timezone":{"offset":"-8:00","description":"Pacific Time (US &amp; Canada)"}},"email":"jackson.jackson@example.com","login":{"uuid":"7422f74b-6c82-4e70-b2ff-62bb0c5c698b","username":"yellowzebra440","password":"boiler","salt":"yUHl4Ean","md5":"201604c3aaf31f4f002a230ad336b35e","sha1":"d7ad07323c989452bf253a67ae12fd92b3c9f23b","sha256":"01a2371b0e4e4e99e7cada008d8f91bfa297c5ec14a2a850572a3b5e92bfff50"},"dob":{"date":"1952-11-04T21:16:27.359Z","age":71},"registered":{"date":"2017-04-08T12:32:19.525Z","age":6},"phone":"(073)-746-5741","cell":"(846)-596-9517","id":{"name":"","value":null},"picture":{"large":"https://randomuser.me/api/portraits/men/71.jpg","medium":"https://randomuser.me/api/portraits/med/men/71.jpg","thumbnail":"https://randomuser.me/api/portraits/thumb/men/71.jpg"},"nat":"NZ"}],"info":{"seed":"d3f7166ae04e55bb","results":1,"page":1,"version":"1.4"}} 
 </msg>
<msg time="2024-04-05T03:16:52.421981" level="INFO">/opt/hostedtoolcache/Python/3.12.2/x64/lib/python3.12/site-packages/urllib3/connectionpool.py:1103: InsecureRequestWarning: Unverified HTTPS request is being made to host 'randomuser.me'. Adding certificate verification is strongly advised. See: https://urllib3.readthedocs.io/en/latest/advanced-usage.html#tls-warnings
  warnings.warn(</msg>
<msg time="2024-04-05T03:16:52.422117" level="INFO">${response} = &lt;Response [200]&gt;</msg>
<var>${response}</var>
<arg>consultarAPI</arg>
<arg>/api</arg>
<doc>Sends a GET request on a previously created HTTP Session.</doc>
<status status="PASS" start="2024-04-05T03:16:52.327506" elapsed="0.094651"/>
</kw>
<kw name="Set Variable" owner="BuiltIn">
<msg time="2024-04-05T03:16:52.423194" level="INFO">${json_data} = {'results': [{'gender': 'male', 'name': {'title': 'Mr', 'first': 'Jackson', 'last': 'Jackson'}, 'location': {'street': {'number': 1574, 'name': 'Willis Street'}, 'city': 'Masterton', 'state': "Hawke'S...</msg>
<var>${json_data}</var>
<arg>${response.json()}</arg>
<doc>Returns the given values which can then be assigned to a variables.</doc>
<status status="PASS" start="2024-04-05T03:16:52.422664" elapsed="0.000559"/>
</kw>
<kw name="Log" owner="BuiltIn">
<msg time="2024-04-05T03:16:52.423730" level="INFO">{'results': [{'gender': 'male', 'name': {'title': 'Mr', 'first': 'Jackson', 'last': 'Jackson'}, 'location': {'street': {'number': 1574, 'name': 'Willis Street'}, 'city': 'Masterton', 'state': "Hawke'S Bay", 'country': 'New Zealand', 'postcode': 75392, 'coordinates': {'latitude': '53.9040', 'longitude': '-51.3760'}, 'timezone': {'offset': '-8:00', 'description': 'Pacific Time (US &amp; Canada)'}}, 'email': 'jackson.jackson@example.com', 'login': {'uuid': '7422f74b-6c82-4e70-b2ff-62bb0c5c698b', 'username': 'yellowzebra440', 'password': 'boiler', 'salt': 'yUHl4Ean', 'md5': '201604c3aaf31f4f002a230ad336b35e', 'sha1': 'd7ad07323c989452bf253a67ae12fd92b3c9f23b', 'sha256': '01a2371b0e4e4e99e7cada008d8f91bfa297c5ec14a2a850572a3b5e92bfff50'}, 'dob': {'date': '1952-11-04T21:16:27.359Z', 'age': 71}, 'registered': {'date': '2017-04-08T12:32:19.525Z', 'age': 6}, 'phone': '(073)-746-5741', 'cell': '(846)-596-9517', 'id': {'name': '', 'value': None}, 'picture': {'large': 'https://randomuser.me/api/portraits/men/71.jpg', 'medium': 'https://randomuser.me/api/portraits/med/men/71.jpg', 'thumbnail': 'https://randomuser.me/api/portraits/thumb/men/71.jpg'}, 'nat': 'NZ'}], 'info': {'seed': 'd3f7166ae04e55bb', 'results': 1, 'page': 1, 'version': '1.4'}}</msg>
<arg>${json_data}</arg>
<doc>Logs the given message with the given level.</doc>
<status status="PASS" start="2024-04-05T03:16:52.423541" elapsed="0.000244"/>
</kw>
<kw name="Dictionary Should Contain Key" owner="Collections">
<msg time="2024-04-05T03:16:52.424248" level="INFO">False</msg>
<arg>${json_data}</arg>
<arg>results</arg>
<doc>Fails if ``key`` is not found from ``dictionary``.</doc>
<status status="PASS" start="2024-04-05T03:16:52.424089" elapsed="0.000196"/>
</kw>
<kw name="Should Not Be Empty" owner="BuiltIn">
<msg time="2024-04-05T03:16:52.424722" level="INFO">Length is 2.</msg>
<arg>${json_data}</arg>
<doc>Verifies that the given item is not empty.</doc>
<status status="PASS" start="2024-04-05T03:16:52.424587" elapsed="0.000174"/>
</kw>
<kw name="Create List" owner="BuiltIn">
<msg time="2024-04-05T03:16:52.425207" level="INFO">${expected_keys} = ['gender', 'name', 'location', 'email', 'login']</msg>
<var>${expected_keys}</var>
<arg>gender</arg>
<arg>name</arg>
<arg>location</arg>
<arg>email</arg>
<arg>login</arg>
<doc>Returns a list containing given items.</doc>
<status status="PASS" start="2024-04-05T03:16:52.425057" elapsed="0.000174"/>
</kw>
<for flavor="IN">
<iter>
<kw name="Dictionary Should Contain Key" owner="Collections">
<msg time="2024-04-05T03:16:52.426232" level="INFO">False</msg>
<arg>${json_data['results'][0]}</arg>
<arg>${key}</arg>
<doc>Fails if ``key`` is not found from ``dictionary``.</doc>
<status status="PASS" start="2024-04-05T03:16:52.425827" elapsed="0.000445"/>
</kw>
<kw name="Log" owner="BuiltIn">
<msg time="2024-04-05T03:16:52.426951" level="INFO">{'gender': 'male', 'name': {'title': 'Mr', 'first': 'Jackson', 'last': 'Jackson'}, 'location': {'street': {'number': 1574, 'name': 'Willis Street'}, 'city': 'Masterton', 'state': "Hawke'S Bay", 'country': 'New Zealand', 'postcode': 75392, 'coordinates': {'latitude': '53.9040', 'longitude': '-51.3760'}, 'timezone': {'offset': '-8:00', 'description': 'Pacific Time (US &amp; Canada)'}}, 'email': 'jackson.jackson@example.com', 'login': {'uuid': '7422f74b-6c82-4e70-b2ff-62bb0c5c698b', 'username': 'yellowzebra440', 'password': 'boiler', 'salt': 'yUHl4Ean', 'md5': '201604c3aaf31f4f002a230ad336b35e', 'sha1': 'd7ad07323c989452bf253a67ae12fd92b3c9f23b', 'sha256': '01a2371b0e4e4e99e7cada008d8f91bfa297c5ec14a2a850572a3b5e92bfff50'}, 'dob': {'date': '1952-11-04T21:16:27.359Z', 'age': 71}, 'registered': {'date': '2017-04-08T12:32:19.525Z', 'age': 6}, 'phone': '(073)-746-5741', 'cell': '(846)-596-9517', 'id': {'name': '', 'value': None}, 'picture': {'large': 'https://randomuser.me/api/portraits/men/71.jpg', 'medium': 'https://randomuser.me/api/portraits/med/men/71.jpg', 'thumbnail': 'https://randomuser.me/api/portraits/thumb/men/71.jpg'}, 'nat': 'NZ'}</msg>
<arg>${json_data['results'][0]}</arg>
<doc>Logs the given message with the given level.</doc>
<status status="PASS" start="2024-04-05T03:16:52.426579" elapsed="0.000428"/>
</kw>
<kw name="Log" owner="BuiltIn">
<msg time="2024-04-05T03:16:52.427442" level="INFO">gender</msg>
<arg>${key}</arg>
<doc>Logs the given message with the given level.</doc>
<status status="PASS" start="2024-04-05T03:16:52.427312" elapsed="0.000168"/>
</kw>
<var name="${key}">gender</var>
<status status="PASS" start="2024-04-05T03:16:52.425700" elapsed="0.002021"/>
</iter>
<iter>
<kw name="Dictionary Should Contain Key" owner="Collections">
<msg time="2024-04-05T03:16:52.428420" level="INFO">False</msg>
<arg>${json_data['results'][0]}</arg>
<arg>${key}</arg>
<doc>Fails if ``key`` is not found from ``dictionary``.</doc>
<status status="PASS" start="2024-04-05T03:16:52.428029" elapsed="0.000428"/>
</kw>
<kw name="Log" owner="BuiltIn">
<msg time="2024-04-05T03:16:52.429164" level="INFO">{'gender': 'male', 'name': {'title': 'Mr', 'first': 'Jackson', 'last': 'Jackson'}, 'location': {'street': {'number': 1574, 'name': 'Willis Street'}, 'city': 'Masterton', 'state': "Hawke'S Bay", 'country': 'New Zealand', 'postcode': 75392, 'coordinates': {'latitude': '53.9040', 'longitude': '-51.3760'}, 'timezone': {'offset': '-8:00', 'description': 'Pacific Time (US &amp; Canada)'}}, 'email': 'jackson.jackson@example.com', 'login': {'uuid': '7422f74b-6c82-4e70-b2ff-62bb0c5c698b', 'username': 'yellowzebra440', 'password': 'boiler', 'salt': 'yUHl4Ean', 'md5': '201604c3aaf31f4f002a230ad336b35e', 'sha1': 'd7ad07323c989452bf253a67ae12fd92b3c9f23b', 'sha256': '01a2371b0e4e4e99e7cada008d8f91bfa297c5ec14a2a850572a3b5e92bfff50'}, 'dob': {'date': '1952-11-04T21:16:27.359Z', 'age': 71}, 'registered': {'date': '2017-04-08T12:32:19.525Z', 'age': 6}, 'phone': '(073)-746-5741', 'cell': '(846)-596-9517', 'id': {'name': '', 'value': None}, 'picture': {'large': 'https://randomuser.me/api/portraits/men/71.jpg', 'medium': 'https://randomuser.me/api/portraits/med/men/71.jpg', 'thumbnail': 'https://randomuser.me/api/portraits/thumb/men/71.jpg'}, 'nat': 'NZ'}</msg>
<arg>${json_data['results'][0]}</arg>
<doc>Logs the given message with the given level.</doc>
<status status="PASS" start="2024-04-05T03:16:52.428795" elapsed="0.000419"/>
</kw>
<kw name="Log" owner="BuiltIn">
<msg time="2024-04-05T03:16:52.429646" level="INFO">name</msg>
<arg>${key}</arg>
<doc>Logs the given message with the given level.</doc>
<status status="PASS" start="2024-04-05T03:16:52.429516" elapsed="0.000169"/>
</kw>
<var name="${key}">name</var>
<status status="PASS" start="2024-04-05T03:16:52.427913" elapsed="0.001991"/>
</iter>
<iter>
<kw name="Dictionary Should Contain Key" owner="Collections">
<msg time="2024-04-05T03:16:52.430575" level="INFO">False</msg>
<arg>${json_data['results'][0]}</arg>
<arg>${key}</arg>
<doc>Fails if ``key`` is not found from ``dictionary``.</doc>
<status status="PASS" start="2024-04-05T03:16:52.430197" elapsed="0.000416"/>
</kw>
<kw name="Log" owner="BuiltIn">
<msg time="2024-04-05T03:16:52.431281" level="INFO">{'gender': 'male', 'name': {'title': 'Mr', 'first': 'Jackson', 'last': 'Jackson'}, 'location': {'street': {'number': 1574, 'name': 'Willis Street'}, 'city': 'Masterton', 'state': "Hawke'S Bay", 'country': 'New Zealand', 'postcode': 75392, 'coordinates': {'latitude': '53.9040', 'longitude': '-51.3760'}, 'timezone': {'offset': '-8:00', 'description': 'Pacific Time (US &amp; Canada)'}}, 'email': 'jackson.jackson@example.com', 'login': {'uuid': '7422f74b-6c82-4e70-b2ff-62bb0c5c698b', 'username': 'yellowzebra440', 'password': 'boiler', 'salt': 'yUHl4Ean', 'md5': '201604c3aaf31f4f002a230ad336b35e', 'sha1': 'd7ad07323c989452bf253a67ae12fd92b3c9f23b', 'sha256': '01a2371b0e4e4e99e7cada008d8f91bfa297c5ec14a2a850572a3b5e92bfff50'}, 'dob': {'date': '1952-11-04T21:16:27.359Z', 'age': 71}, 'registered': {'date': '2017-04-08T12:32:19.525Z', 'age': 6}, 'phone': '(073)-746-5741', 'cell': '(846)-596-9517', 'id': {'name': '', 'value': None}, 'picture': {'large': 'https://randomuser.me/api/portraits/men/71.jpg', 'medium': 'https://randomuser.me/api/portraits/med/men/71.jpg', 'thumbnail': 'https://randomuser.me/api/portraits/thumb/men/71.jpg'}, 'nat': 'NZ'}</msg>
<arg>${json_data['results'][0]}</arg>
<doc>Logs the given message with the given level.</doc>
<status status="PASS" start="2024-04-05T03:16:52.430910" elapsed="0.000425"/>
</kw>
<kw name="Log" owner="BuiltIn">
<msg time="2024-04-05T03:16:52.431786" level="INFO">location</msg>
<arg>${key}</arg>
<doc>Logs the given message with the given level.</doc>
<status status="PASS" start="2024-04-05T03:16:52.431633" elapsed="0.000192"/>
</kw>
<var name="${key}">location</var>
<status status="PASS" start="2024-04-05T03:16:52.430086" elapsed="0.001957"/>
</iter>
<iter>
<kw name="Dictionary Should Contain Key" owner="Collections">
<msg time="2024-04-05T03:16:52.432703" level="INFO">False</msg>
<arg>${json_data['results'][0]}</arg>
<arg>${key}</arg>
<doc>Fails if ``key`` is not found from ``dictionary``.</doc>
<status status="PASS" start="2024-04-05T03:16:52.432328" elapsed="0.000412"/>
</kw>
<kw name="Log" owner="BuiltIn">
<msg time="2024-04-05T03:16:52.433405" level="INFO">{'gender': 'male', 'name': {'title': 'Mr', 'first': 'Jackson', 'last': 'Jackson'}, 'location': {'street': {'number': 1574, 'name': 'Willis Street'}, 'city': 'Masterton', 'state': "Hawke'S Bay", 'country': 'New Zealand', 'postcode': 75392, 'coordinates': {'latitude': '53.9040', 'longitude': '-51.3760'}, 'timezone': {'offset': '-8:00', 'description': 'Pacific Time (US &amp; Canada)'}}, 'email': 'jackson.jackson@example.com', 'login': {'uuid': '7422f74b-6c82-4e70-b2ff-62bb0c5c698b', 'username': 'yellowzebra440', 'password': 'boiler', 'salt': 'yUHl4Ean', 'md5': '201604c3aaf31f4f002a230ad336b35e', 'sha1': 'd7ad07323c989452bf253a67ae12fd92b3c9f23b', 'sha256': '01a2371b0e4e4e99e7cada008d8f91bfa297c5ec14a2a850572a3b5e92bfff50'}, 'dob': {'date': '1952-11-04T21:16:27.359Z', 'age': 71}, 'registered': {'date': '2017-04-08T12:32:19.525Z', 'age': 6}, 'phone': '(073)-746-5741', 'cell': '(846)-596-9517', 'id': {'name': '', 'value': None}, 'picture': {'large': 'https://randomuser.me/api/portraits/men/71.jpg', 'medium': 'https://randomuser.me/api/portraits/med/men/71.jpg', 'thumbnail': 'https://randomuser.me/api/portraits/thumb/men/71.jpg'}, 'nat': 'NZ'}</msg>
<arg>${json_data['results'][0]}</arg>
<doc>Logs the given message with the given level.</doc>
<status status="PASS" start="2024-04-05T03:16:52.433041" elapsed="0.000412"/>
</kw>
<kw name="Log" owner="BuiltIn">
<msg time="2024-04-05T03:16:52.433876" level="INFO">email</msg>
<arg>${key}</arg>
<doc>Logs the given message with the given level.</doc>
<status status="PASS" start="2024-04-05T03:16:52.433749" elapsed="0.000165"/>
</kw>
<var name="${key}">email</var>
<status status="PASS" start="2024-04-05T03:16:52.432217" elapsed="0.001914"/>
</iter>
<iter>
<kw name="Dictionary Should Contain Key" owner="Collections">
<msg time="2024-04-05T03:16:52.434810" level="INFO">False</msg>
<arg>${json_data['results'][0]}</arg>
<arg>${key}</arg>
<doc>Fails if ``key`` is not found from ``dictionary``.</doc>
<status status="PASS" start="2024-04-05T03:16:52.434420" elapsed="0.000427"/>
</kw>
<kw name="Log" owner="BuiltIn">
<msg time="2024-04-05T03:16:52.435510" level="INFO">{'gender': 'male', 'name': {'title': 'Mr', 'first': 'Jackson', 'last': 'Jackson'}, 'location': {'street': {'number': 1574, 'name': 'Willis Street'}, 'city': 'Masterton', 'state': "Hawke'S Bay", 'country': 'New Zealand', 'postcode': 75392, 'coordinates': {'latitude': '53.9040', 'longitude': '-51.3760'}, 'timezone': {'offset': '-8:00', 'description': 'Pacific Time (US &amp; Canada)'}}, 'email': 'jackson.jackson@example.com', 'login': {'uuid': '7422f74b-6c82-4e70-b2ff-62bb0c5c698b', 'username': 'yellowzebra440', 'password': 'boiler', 'salt': 'yUHl4Ean', 'md5': '201604c3aaf31f4f002a230ad336b35e', 'sha1': 'd7ad07323c989452bf253a67ae12fd92b3c9f23b', 'sha256': '01a2371b0e4e4e99e7cada008d8f91bfa297c5ec14a2a850572a3b5e92bfff50'}, 'dob': {'date': '1952-11-04T21:16:27.359Z', 'age': 71}, 'registered': {'date': '2017-04-08T12:32:19.525Z', 'age': 6}, 'phone': '(073)-746-5741', 'cell': '(846)-596-9517', 'id': {'name': '', 'value': None}, 'picture': {'large': 'https://randomuser.me/api/portraits/men/71.jpg', 'medium': 'https://randomuser.me/api/portraits/med/men/71.jpg', 'thumbnail': 'https://randomuser.me/api/portraits/thumb/men/71.jpg'}, 'nat': 'NZ'}</msg>
<arg>${json_data['results'][0]}</arg>
<doc>Logs the given message with the given level.</doc>
<status status="PASS" start="2024-04-05T03:16:52.435141" elapsed="0.000417"/>
</kw>
<kw name="Log" owner="BuiltIn">
<msg time="2024-04-05T03:16:52.436005" level="INFO">login</msg>
<arg>${key}</arg>
<doc>Logs the given message with the given level.</doc>
<status status="PASS" start="2024-04-05T03:16:52.435876" elapsed="0.000272"/>
</kw>
<var name="${key}">login</var>
<status status="PASS" start="2024-04-05T03:16:52.434304" elapsed="0.002113"/>
</iter>
<var>${key}</var>
<value>@{expected_keys}</value>
<status status="PASS" start="2024-04-05T03:16:52.425503" elapsed="0.011045"/>
</for>
<kw name="Create List" owner="BuiltIn">
<msg time="2024-04-05T03:16:52.436890" level="INFO">${expected_keysTwo} = ['username', 'password']</msg>
<var>${expected_keysTwo}</var>
<arg>username</arg>
<arg>password</arg>
<doc>Returns a list containing given items.</doc>
<status status="PASS" start="2024-04-05T03:16:52.436749" elapsed="0.000164"/>
</kw>
<for flavor="IN">
<iter>
<kw name="Dictionary Should Contain Key" owner="Collections">
<msg time="2024-04-05T03:16:52.437798" level="INFO">False</msg>
<arg>${json_data['results'][0]['login']}</arg>
<arg>${keyTwo}</arg>
<doc>Fails if ``key`` is not found from ``dictionary``.</doc>
<status status="PASS" start="2024-04-05T03:16:52.437415" elapsed="0.000420"/>
</kw>
<kw name="Dictionary Should Contain Key" owner="Collections">
<msg time="2024-04-05T03:16:52.438536" level="INFO">False</msg>
<arg>${json_data['results'][0]['login']}</arg>
<arg>${keyTwo}</arg>
<doc>Fails if ``key`` is not found from ``dictionary``.</doc>
<status status="PASS" start="2024-04-05T03:16:52.438151" elapsed="0.000422"/>
</kw>
<kw name="Log" owner="BuiltIn">
<msg time="2024-04-05T03:16:52.439001" level="INFO">username</msg>
<arg>${keyTwo}</arg>
<doc>Logs the given message with the given level.</doc>
<status status="PASS" start="2024-04-05T03:16:52.438873" elapsed="0.000165"/>
</kw>
<var name="${keyTwo}">username</var>
<status status="PASS" start="2024-04-05T03:16:52.437304" elapsed="0.001950"/>
</iter>
<iter>
<kw name="Dictionary Should Contain Key" owner="Collections">
<msg time="2024-04-05T03:16:52.439940" level="INFO">False</msg>
<arg>${json_data['results'][0]['login']}</arg>
<arg>${keyTwo}</arg>
<doc>Fails if ``key`` is not found from ``dictionary``.</doc>
<status status="PASS" start="2024-04-05T03:16:52.439538" elapsed="0.000439"/>
</kw>
<kw name="Dictionary Should Contain Key" owner="Collections">
<msg time="2024-04-05T03:16:52.440644" level="INFO">False</msg>
<arg>${json_data['results'][0]['login']}</arg>
<arg>${keyTwo}</arg>
<doc>Fails if ``key`` is not found from ``dictionary``.</doc>
<status status="PASS" start="2024-04-05T03:16:52.440269" elapsed="0.000412"/>
</kw>
<kw name="Log" owner="BuiltIn">
<msg time="2024-04-05T03:16:52.441097" level="INFO">password</msg>
<arg>${keyTwo}</arg>
<doc>Logs the given message with the given level.</doc>
<status status="PASS" start="2024-04-05T03:16:52.440971" elapsed="0.000165"/>
</kw>
<var name="${keyTwo}">password</var>
<status status="PASS" start="2024-04-05T03:16:52.439427" elapsed="0.001927"/>
</iter>
<var>${keyTwo}</var>
<value>@{expected_keysTwo}</value>
<status status="PASS" start="2024-04-05T03:16:52.437151" elapsed="0.004324"/>
</for>
<status status="PASS" start="2024-04-05T03:16:52.327177" elapsed="0.114441"/>
</kw>
<doc>Testa a estrutura da resposta da API.</doc>
<tag>testeEstruturaResposta</tag>
<status status="PASS" start="2024-04-05T03:16:52.326209" elapsed="0.115576"/>
</test>
<test id="s1-s1-t4" name="Validar tipos de dados" line="28">
<kw name="Teste de Tipos de Dados" owner="random-user-service">
<kw name="GET On Session" owner="RequestsLibrary">
<msg time="2024-04-05T03:16:52.517248" level="INFO">GET Request : url=https://randomuser.me/api 
 path_url=/api 
 headers={'User-Agent': 'python-requests/2.31.0', 'Accept-Encoding': 'gzip, deflate', 'Accept': '*/*', 'Connection': 'keep-alive'} 
 body=None 
 </msg>
<msg time="2024-04-05T03:16:52.517339" level="INFO">GET Response : url=https://randomuser.me/api 
 status=200, reason=OK 
 headers={'Date': 'Fri, 05 Apr 2024 03:16:52 GMT', 'Content-Type': 'application/json; charset=utf-8', 'Transfer-Encoding': 'chunked', 'Connection': 'keep-alive', 'X-Powered-By': 'Express', 'Access-Control-Allow-Origin': '*', 'Cache-Control': 'no-cache', 'ETag': 'W/"497-SYoXugypRSVFVnJqTuQFOd+qGWc"', 'Vary': 'Accept-Encoding', 'Content-Encoding': 'gzip', 'CF-Cache-Status': 'DYNAMIC', 'Report-To': '{"endpoints":[{"url":"https:\\/\\/a.nel.cloudflare.com\\/report\\/v4?s=IUxzGxCgtCG0DSp%2Bv%2FVIFyyRRewx3KVyDNWEutk%2Bsn%2FJqXNo904MFfEAfZ1Ibu%2B%2F37j5U0BZPFdNKjbyzt1MkGz%2Bs0wYnqy3IO2IUNY%2BFZEvbyK9AFpyyWZChKtq0oJ2"}],"group":"cf-nel","max_age":604800}', 'NEL': '{"success_fraction":0,"report_to":"cf-nel","max_age":604800}', 'Server': 'cloudflare', 'CF-RAY': '86f661c3c95f81fa-IAD', 'alt-svc': 'h3=":443"; ma=86400'} 
 body={"results":[{"gender":"female","name":{"title":"Miss","first":"Feodora","last":"Kopach"},"location":{"street":{"number":2590,"name":"Zvirineckiy provulok"},"city":"Nemiriv","state":"Sumska","country":"Ukraine","postcode":88681,"coordinates":{"latitude":"77.0668","longitude":"116.5718"},"timezone":{"offset":"+5:30","description":"Bombay, Calcutta, Madras, New Delhi"}},"email":"feodora.kopach@example.com","login":{"uuid":"e62b459b-d3bf-4f2a-b97d-69eec96e6f01","username":"ticklishgorilla636","password":"hogan","salt":"nS79jOmL","md5":"c9ee9ab6c7011810c7fa7837480fc8b2","sha1":"0460a14be5ea4b3480dbe107cb30c8cf1ace5e4c","sha256":"642e21f15d91f57a20e7aadd7fa4d96460f718569805637b3eada4515f090619"},"dob":{"date":"1995-10-05T18:53:07.126Z","age":28},"registered":{"date":"2021-02-07T03:02:56.702Z","age":3},"phone":"(096) K94-9003","cell":"(067) O32-1225","id":{"name":"","value":null},"picture":{"large":"https://randomuser.me/api/portraits/women/76.jpg","medium":"https://randomuser.me/api/portraits/med/women/76.jpg","thumbnail":"https://randomuser.me/api/portraits/thumb/women/76.jpg"},"nat":"UA"}],"info":{"seed":"119e6863b8bf07ef","results":1,"page":1,"version":"1.4"}} 
 </msg>
<msg time="2024-04-05T03:16:52.517412" level="INFO">/opt/hostedtoolcache/Python/3.12.2/x64/lib/python3.12/site-packages/urllib3/connectionpool.py:1103: InsecureRequestWarning: Unverified HTTPS request is being made to host 'randomuser.me'. Adding certificate verification is strongly advised. See: https://urllib3.readthedocs.io/en/latest/advanced-usage.html#tls-warnings
  warnings.warn(</msg>
<msg time="2024-04-05T03:16:52.517540" level="INFO">${response} = &lt;Response [200]&gt;</msg>
<var>${response}</var>
<arg>consultarAPI</arg>
<arg>/api</arg>
<doc>Sends a GET request on a previously created HTTP Session.</doc>
<status status="PASS" start="2024-04-05T03:16:52.444283" elapsed="0.073308"/>
</kw>
<kw name="Set Variable" owner="BuiltIn">
<msg time="2024-04-05T03:16:52.518573" level="INFO">${json_data} = {'results': [{'gender': 'female', 'name': {'title': 'Miss', 'first': 'Feodora', 'last': 'Kopach'}, 'location': {'street': {'number': 2590, 'name': 'Zvirineckiy provulok'}, 'city': 'Nemiriv', 'state': ...</msg>
<var>${json_data}</var>
<arg>${response.json()}</arg>
<doc>Returns the given values which can then be assigned to a variables.</doc>
<status status="PASS" start="2024-04-05T03:16:52.518098" elapsed="0.000502"/>
</kw>
<kw name="Log" owner="BuiltIn">
<msg time="2024-04-05T03:16:52.519068" level="INFO">{'results': [{'gender': 'female', 'name': {'title': 'Miss', 'first': 'Feodora', 'last': 'Kopach'}, 'location': {'street': {'number': 2590, 'name': 'Zvirineckiy provulok'}, 'city': 'Nemiriv', 'state': 'Sumska', 'country': 'Ukraine', 'postcode': 88681, 'coordinates': {'latitude': '77.0668', 'longitude': '116.5718'}, 'timezone': {'offset': '+5:30', 'description': 'Bombay, Calcutta, Madras, New Delhi'}}, 'email': 'feodora.kopach@example.com', 'login': {'uuid': 'e62b459b-d3bf-4f2a-b97d-69eec96e6f01', 'username': 'ticklishgorilla636', 'password': 'hogan', 'salt': 'nS79jOmL', 'md5': 'c9ee9ab6c7011810c7fa7837480fc8b2', 'sha1': '0460a14be5ea4b3480dbe107cb30c8cf1ace5e4c', 'sha256': '642e21f15d91f57a20e7aadd7fa4d96460f718569805637b3eada4515f090619'}, 'dob': {'date': '1995-10-05T18:53:07.126Z', 'age': 28}, 'registered': {'date': '2021-02-07T03:02:56.702Z', 'age': 3}, 'phone': '(096) K94-9003', 'cell': '(067) O32-1225', 'id': {'name': '', 'value': None}, 'picture': {'large': 'https://randomuser.me/api/portraits/women/76.jpg', 'medium': 'https://randomuser.me/api/portraits/med/women/76.jpg', 'thumbnail': 'https://randomuser.me/api/portraits/thumb/women/76.jpg'}, 'nat': 'UA'}], 'info': {'seed': '119e6863b8bf07ef', 'results': 1, 'page': 1, 'version': '1.4'}}</msg>
<arg>${json_data}</arg>
<doc>Logs the given message with the given level.</doc>
<status status="PASS" start="2024-04-05T03:16:52.518909" elapsed="0.000242"/>
</kw>
<kw name="Should Be String" owner="String">
<arg>${json_data['results'][0]['gender']}</arg>
<doc>Fails if the given ``item`` is not a string.</doc>
<status status="PASS" start="2024-04-05T03:16:52.519455" elapsed="0.000399"/>
</kw>
<kw name="Should Match Regexp" owner="BuiltIn">
<arg>${json_data['results'][0]['email']}</arg>
<arg>^[a-zA-Z0-9._%+-]+@[a-zA-Z0-9.-]+\.[a-zA-Z]{2,}$</arg>
<doc>Fails if ``string`` does not match ``pattern`` as a regular expression.</doc>
<status status="PASS" start="2024-04-05T03:16:52.520065" elapsed="0.000521"/>
</kw>
<kw name="Should Match Regexp" owner="BuiltIn">
<arg>${json_data['results'][0]['dob']['date']}</arg>
<arg>\\d{4}-\\d{2}-\\d{2}T\\d{2}:\\d{2}:\\d{2}\\.\\d{3}Z</arg>
<doc>Fails if ``string`` does not match ``pattern`` as a regular expression.</doc>
<status status="PASS" start="2024-04-05T03:16:52.520785" elapsed="0.000488"/>
</kw>
<kw name="Should Match Regexp" owner="BuiltIn">
<arg>${json_data['results'][0]['registered']['date']}</arg>
<arg>\\d{4}-\\d{2}-\\d{2}T\\d{2}:\\d{2}:\\d{2}\\.\\d{3}Z</arg>
<doc>Fails if ``string`` does not match ``pattern`` as a regular expression.</doc>
<status status="PASS" start="2024-04-05T03:16:52.521466" elapsed="0.000363"/>
</kw>
<kw name="Should Match Regexp" owner="BuiltIn">
<arg>${json_data['results'][0]['picture']['large']}</arg>
<arg>^https?://.*\.(?:png|jpe?g|gif|bmp)$</arg>
<doc>Fails if ``string`` does not match ``pattern`` as a regular expression.</doc>
<status status="PASS" start="2024-04-05T03:16:52.522015" elapsed="0.000454"/>
</kw>
<kw name="Should Match Regexp" owner="BuiltIn">
<arg>${json_data['results'][0]['picture']['medium']}</arg>
<arg>^https?://.*\.(?:png|jpe?g|gif|bmp)$</arg>
<doc>Fails if ``string`` does not match ``pattern`` as a regular expression.</doc>
<status status="PASS" start="2024-04-05T03:16:52.522659" elapsed="0.000357"/>
</kw>
<kw name="Should Match Regexp" owner="BuiltIn">
<arg>${json_data['results'][0]['picture']['thumbnail']}</arg>
<arg>^https?://.*\.(?:png|jpe?g|gif|bmp)$</arg>
<doc>Fails if ``string`` does not match ``pattern`` as a regular expression.</doc>
<status status="PASS" start="2024-04-05T03:16:52.523201" elapsed="0.000361"/>
</kw>
<kw name="Log" owner="BuiltIn">
<msg time="2024-04-05T03:16:52.524098" level="INFO">{'large': 'https://randomuser.me/api/portraits/women/76.jpg', 'medium': 'https://randomuser.me/api/portraits/med/women/76.jpg', 'thumbnail': 'https://randomuser.me/api/portraits/thumb/women/76.jpg'}</msg>
<arg>${json_data['results'][0]['picture']}</arg>
<doc>Logs the given message with the given level.</doc>
<status status="PASS" start="2024-04-05T03:16:52.523770" elapsed="0.000375"/>
</kw>
<status status="PASS" start="2024-04-05T03:16:52.444041" elapsed="0.080358"/>
</kw>
<kw name="Teste de Tipos de Dados - Postcode" owner="random-user-service">
<kw name="GET On Session" owner="RequestsLibrary">
<msg time="2024-04-05T03:16:52.630126" level="INFO">GET Request : url=https://randomuser.me/api 
 path_url=/api 
 headers={'User-Agent': 'python-requests/2.31.0', 'Accept-Encoding': 'gzip, deflate', 'Accept': '*/*', 'Connection': 'keep-alive'} 
 body=None 
 </msg>
<msg time="2024-04-05T03:16:52.630209" level="INFO">GET Response : url=https://randomuser.me/api 
 status=200, reason=OK 
 headers={'Date': 'Fri, 05 Apr 2024 03:16:52 GMT', 'Content-Type': 'application/json; charset=utf-8', 'Transfer-Encoding': 'chunked', 'Connection': 'keep-alive', 'X-Powered-By': 'Express', 'Access-Control-Allow-Origin': '*', 'Cache-Control': 'no-cache', 'ETag': 'W/"49f-kS10Efdxjon9IiWFIGzHHBOMG2g"', 'Vary': 'Accept-Encoding', 'Content-Encoding': 'gzip', 'CF-Cache-Status': 'DYNAMIC', 'Report-To': '{"endpoints":[{"url":"https:\\/\\/a.nel.cloudflare.com\\/report\\/v4?s=9L%2FTXqx6uqbaELlyRU5V3H%2BMi847B%2F%2BbEbkUIoKuS%2FaF%2B9W8QJNU35vIsJaTM34nHPiyfITXfTQ2fWjGzuxgOzQ52SBYHVcU22p4b3mgyFpQzeTT%2BQx9Kz3KEEDhOsqb"}],"group":"cf-nel","max_age":604800}', 'NEL': '{"success_fraction":0,"report_to":"cf-nel","max_age":604800}', 'Server': 'cloudflare', 'CF-RAY': '86f661c449db81fa-IAD', 'alt-svc': 'h3=":443"; ma=86400'} 
 body={"results":[{"gender":"female","name":{"title":"Miss","first":"Inara","last":"Oliveira"},"location":{"street":{"number":5045,"name":"Rua Treze de Maio "},"city":"Niterói","state":"Ceará","country":"Brazil","postcode":21983,"coordinates":{"latitude":"-73.0847","longitude":"166.4278"},"timezone":{"offset":"+4:00","description":"Abu Dhabi, Muscat, Baku, Tbilisi"}},"email":"inara.oliveira@example.com","login":{"uuid":"6b098e92-2a1d-47c0-b0a1-e3a398e7949d","username":"bigtiger320","password":"penguin1","salt":"Oh3BXdDc","md5":"0085bc0b63a6b5658c627636cca33970","sha1":"447e26dc65495ae0497ccd79fa87b5e168fdb17e","sha256":"0b6ad3e5cb2a243290df84bab3cc39d9bc76db57a6f5940d27df4ebd4538919a"},"dob":{"date":"1983-03-05T06:06:11.644Z","age":41},"registered":{"date":"2006-10-14T12:45:53.577Z","age":17},"phone":"(59) 4526-8432","cell":"(31) 8016-9931","id":{"name":"CPF","value":"504.011.400-97"},"picture":{"large":"https://randomuser.me/api/portraits/women/58.jpg","medium":"https://randomuser.me/api/portraits/med/women/58.jpg","thumbnail":"https://randomuser.me/api/portraits/thumb/women/58.jpg"},"nat":"BR"}],"info":{"seed":"5d18a472c4cfaac7","results":1,"page":1,"version":"1.4"}} 
 </msg>
<msg time="2024-04-05T03:16:52.630290" level="INFO">/opt/hostedtoolcache/Python/3.12.2/x64/lib/python3.12/site-packages/urllib3/connectionpool.py:1103: InsecureRequestWarning: Unverified HTTPS request is being made to host 'randomuser.me'. Adding certificate verification is strongly advised. See: https://urllib3.readthedocs.io/en/latest/advanced-usage.html#tls-warnings
  warnings.warn(</msg>
<msg time="2024-04-05T03:16:52.630394" level="INFO">${response} = &lt;Response [200]&gt;</msg>
<var>${response}</var>
<arg>consultarAPI</arg>
<arg>/api</arg>
<doc>Sends a GET request on a previously created HTTP Session.</doc>
<status status="PASS" start="2024-04-05T03:16:52.524987" elapsed="0.105441"/>
</kw>
<kw name="Set Variable" owner="BuiltIn">
<msg time="2024-04-05T03:16:52.631380" level="INFO">${json_data} = {'results': [{'gender': 'female', 'name': {'title': 'Miss', 'first': 'Inara', 'last': 'Oliveira'}, 'location': {'street': {'number': 5045, 'name': 'Rua Treze de Maio '}, 'city': 'Niterói', 'state': 'C...</msg>
<var>${json_data}</var>
<arg>${response.json()}</arg>
<doc>Returns the given values which can then be assigned to a variables.</doc>
<status status="PASS" start="2024-04-05T03:16:52.630892" elapsed="0.000517"/>
</kw>
<kw name="Log" owner="BuiltIn">
<msg time="2024-04-05T03:16:52.631911" level="INFO">{'results': [{'gender': 'female', 'name': {'title': 'Miss', 'first': 'Inara', 'last': 'Oliveira'}, 'location': {'street': {'number': 5045, 'name': 'Rua Treze de Maio '}, 'city': 'Niterói', 'state': 'Ceará', 'country': 'Brazil', 'postcode': 21983, 'coordinates': {'latitude': '-73.0847', 'longitude': '166.4278'}, 'timezone': {'offset': '+4:00', 'description': 'Abu Dhabi, Muscat, Baku, Tbilisi'}}, 'email': 'inara.oliveira@example.com', 'login': {'uuid': '6b098e92-2a1d-47c0-b0a1-e3a398e7949d', 'username': 'bigtiger320', 'password': 'penguin1', 'salt': 'Oh3BXdDc', 'md5': '0085bc0b63a6b5658c627636cca33970', 'sha1': '447e26dc65495ae0497ccd79fa87b5e168fdb17e', 'sha256': '0b6ad3e5cb2a243290df84bab3cc39d9bc76db57a6f5940d27df4ebd4538919a'}, 'dob': {'date': '1983-03-05T06:06:11.644Z', 'age': 41}, 'registered': {'date': '2006-10-14T12:45:53.577Z', 'age': 17}, 'phone': '(59) 4526-8432', 'cell': '(31) 8016-9931', 'id': {'name': 'CPF', 'value': '504.011.400-97'}, 'picture': {'large': 'https://randomuser.me/api/portraits/women/58.jpg', 'medium': 'https://randomuser.me/api/portraits/med/women/58.jpg', 'thumbnail': 'https://randomuser.me/api/portraits/thumb/women/58.jpg'}, 'nat': 'BR'}], 'info': {'seed': '5d18a472c4cfaac7', 'results': 1, 'page': 1, 'version': '1.4'}}</msg>
<arg>${json_data}</arg>
<doc>Logs the given message with the given level.</doc>
<status status="PASS" start="2024-04-05T03:16:52.631746" elapsed="0.000247"/>
</kw>
<kw name="Should Be Equal As Numbers" owner="BuiltIn">
<arg>${json_data['results'][0]['location']['postcode']}</arg>
<arg>${json_data['results'][0]['location']['postcode']}</arg>
<doc>Fails if objects are unequal after converting them to real numbers.</doc>
<status status="PASS" start="2024-04-05T03:16:52.632297" elapsed="0.000624"/>
</kw>
<kw name="Log" owner="BuiltIn">
<msg time="2024-04-05T03:16:52.633449" level="INFO">21983</msg>
<arg>${json_data['results'][0]['location']['postcode']}</arg>
<doc>Logs the given message with the given level.</doc>
<status status="PASS" start="2024-04-05T03:16:52.633115" elapsed="0.000375"/>
</kw>
<status status="PASS" start="2024-04-05T03:16:52.524622" elapsed="0.109129"/>
</kw>
<doc>Testa se os tipos de dados na resposta da API estão corretos.</doc>
<tag>testeTiposDados</tag>
<status status="PASS" start="2024-04-05T03:16:52.443561" elapsed="0.190360"/>
</test>
<test id="s1-s1-t5" name="Validar conteudo" line="35">
<kw name="Teste de Tipos de Conteudo" owner="random-user-service">
<kw name="GET On Session" owner="RequestsLibrary">
<msg time="2024-04-05T03:16:52.722086" level="INFO">GET Request : url=https://randomuser.me/api 
 path_url=/api 
 headers={'User-Agent': 'python-requests/2.31.0', 'Accept-Encoding': 'gzip, deflate', 'Accept': '*/*', 'Connection': 'keep-alive'} 
 body=None 
 </msg>
<msg time="2024-04-05T03:16:52.722163" level="INFO">GET Response : url=https://randomuser.me/api 
 status=200, reason=OK 
 headers={'Date': 'Fri, 05 Apr 2024 03:16:52 GMT', 'Content-Type': 'application/json; charset=utf-8', 'Transfer-Encoding': 'chunked', 'Connection': 'keep-alive', 'X-Powered-By': 'Express', 'Access-Control-Allow-Origin': '*', 'Cache-Control': 'no-cache', 'ETag': 'W/"490-z0VtQ0yHY8Cbt3LWImRS4BB+Z0Q"', 'Vary': 'Accept-Encoding', 'Content-Encoding': 'gzip', 'CF-Cache-Status': 'DYNAMIC', 'Report-To': '{"endpoints":[{"url":"https:\\/\\/a.nel.cloudflare.com\\/report\\/v4?s=IDVK%2FWaZK4ywnE9rxHcJpevZsa17jx%2B1jQ4EABMP1bq55SRYTLCmw%2BVFgnCtcwaRuTF7Bsma20oChBKwMkJw488omxSm0BDSkhQGMyDzI27tLZPm850ZMNMzuRm68fqy"}],"group":"cf-nel","max_age":604800}', 'NEL': '{"success_fraction":0,"report_to":"cf-nel","max_age":604800}', 'Server': 'cloudflare', 'CF-RAY': '86f661c4fa8a81fa-IAD', 'alt-svc': 'h3=":443"; ma=86400'} 
 body={"results":[{"gender":"male","name":{"title":"Mr","first":"Malone","last":"Boyer"},"location":{"street":{"number":3060,"name":"Rue de L'Église"},"city":"Perpignan","state":"Doubs","country":"France","postcode":21151,"coordinates":{"latitude":"-18.9843","longitude":"-127.3591"},"timezone":{"offset":"-1:00","description":"Azores, Cape Verde Islands"}},"email":"malone.boyer@example.com","login":{"uuid":"91649b41-f893-4299-a69e-e0092c27da19","username":"organicwolf941","password":"hampton","salt":"7FKmiJL5","md5":"05746dfb1d1f961733f59b4849c7a618","sha1":"d1d0c78fa57065398431af2fa26d0a05ff610795","sha256":"dc3fff39d750a62b58451de38a87dbe755686163ffb6471f7ab58999903f6eef"},"dob":{"date":"1947-11-09T02:10:56.681Z","age":76},"registered":{"date":"2003-06-12T06:02:31.455Z","age":20},"phone":"01-71-48-60-65","cell":"06-17-48-63-35","id":{"name":"INSEE","value":"1471090948339 63"},"picture":{"large":"https://randomuser.me/api/portraits/men/57.jpg","medium":"https://randomuser.me/api/portraits/med/men/57.jpg","thumbnail":"https://randomuser.me/api/portraits/thumb/men/57.jpg"},"nat":"FR"}],"info":{"seed":"9ce42eef940258a0","results":1,"page":1,"version":"1.4"}} 
 </msg>
<msg time="2024-04-05T03:16:52.722228" level="INFO">/opt/hostedtoolcache/Python/3.12.2/x64/lib/python3.12/site-packages/urllib3/connectionpool.py:1103: InsecureRequestWarning: Unverified HTTPS request is being made to host 'randomuser.me'. Adding certificate verification is strongly advised. See: https://urllib3.readthedocs.io/en/latest/advanced-usage.html#tls-warnings
  warnings.warn(</msg>
<msg time="2024-04-05T03:16:52.722334" level="INFO">${response} = &lt;Response [200]&gt;</msg>
<var>${response}</var>
<arg>consultarAPI</arg>
<arg>/api</arg>
<doc>Sends a GET request on a previously created HTTP Session.</doc>
<status status="PASS" start="2024-04-05T03:16:52.636432" elapsed="0.085944"/>
</kw>
<kw name="Set Variable" owner="BuiltIn">
<msg time="2024-04-05T03:16:52.723379" level="INFO">${json_data} = {'results': [{'gender': 'male', 'name': {'title': 'Mr', 'first': 'Malone', 'last': 'Boyer'}, 'location': {'street': {'number': 3060, 'name': "Rue de L'Église"}, 'city': 'Perpignan', 'state': 'Doubs', ...</msg>
<var>${json_data}</var>
<arg>${response.json()}</arg>
<doc>Returns the given values which can then be assigned to a variables.</doc>
<status status="PASS" start="2024-04-05T03:16:52.722877" elapsed="0.000530"/>
</kw>
<kw name="Set Variable" owner="BuiltIn">
<msg time="2024-04-05T03:16:52.724114" level="INFO">${name_title} = Mr</msg>
<var>${name_title}</var>
<arg>${json_data["results"][0]["name"]["title"]}</arg>
<doc>Returns the given values which can then be assigned to a variables.</doc>
<status status="PASS" start="2024-04-05T03:16:52.723735" elapsed="0.000404"/>
</kw>
<kw name="Create List" owner="BuiltIn">
<msg time="2024-04-05T03:16:52.724589" level="INFO">${allowed_titles} = ['Mr', 'Ms', 'Miss', 'Mrs', 'Madame', 'Monsieur']</msg>
<var>${allowed_titles}</var>
<arg>Mr</arg>
<arg>Ms</arg>
<arg>Miss</arg>
<arg>Mrs</arg>
<arg>Madame</arg>
<arg>Monsieur</arg>
<doc>Returns a list containing given items.</doc>
<status status="PASS" start="2024-04-05T03:16:52.724440" elapsed="0.000173"/>
</kw>
<kw name="List Should Contain Value" owner="Collections">
<msg time="2024-04-05T03:16:52.725098" level="INFO">False</msg>
<arg>${allowed_titles}</arg>
<arg>${name_title}</arg>
<doc>Fails if the ``value`` is not found from ``list``.</doc>
<status status="PASS" start="2024-04-05T03:16:52.724922" elapsed="0.000213"/>
</kw>
<kw name="Set Variable" owner="BuiltIn">
<msg time="2024-04-05T03:16:52.725797" level="INFO">${name_country} = FR</msg>
<var>${name_country}</var>
<arg>${json_data["results"][0]["nat"]}</arg>
<doc>Returns the given values which can then be assigned to a variables.</doc>
<status status="PASS" start="2024-04-05T03:16:52.725423" elapsed="0.000399"/>
</kw>
<kw name="Create List" owner="BuiltIn">
<msg time="2024-04-05T03:16:52.726736" level="INFO">${list_country} = ['AD', 'AE', 'AF', 'AG', 'AI', 'AL', 'AM', 'AO', 'AQ', 'AR', 'AS', 'AT', 'AU', 'AW', 'AX', 'AZ', 'BA', 'BB', 'BD', 'BE', 'BF', 'BG', 'BH', 'BI', 'BJ', 'BL', 'BM', 'BN', 'BO', 'BQ', 'BR', 'BS', 'BT', '...</msg>
<var>${list_country}</var>
<arg>AD</arg>
<arg>AE</arg>
<arg>AF</arg>
<arg>AG</arg>
<arg>AI</arg>
<arg>AL</arg>
<arg>AM</arg>
<arg>AO</arg>
<arg>AQ</arg>
<arg>AR</arg>
<arg>AS</arg>
<arg>AT</arg>
<arg>AU</arg>
<arg>AW</arg>
<arg>AX</arg>
<arg>AZ</arg>
<arg>BA</arg>
<arg>BB</arg>
<arg>BD</arg>
<arg>BE</arg>
<arg>BF</arg>
<arg>BG</arg>
<arg>BH</arg>
<arg>BI</arg>
<arg>BJ</arg>
<arg>BL</arg>
<arg>BM</arg>
<arg>BN</arg>
<arg>BO</arg>
<arg>BQ</arg>
<arg>BR</arg>
<arg>BS</arg>
<arg>BT</arg>
<arg>BV</arg>
<arg>BW</arg>
<arg>BY</arg>
<arg>BZ</arg>
<arg>CA</arg>
<arg>CC</arg>
<arg>CD</arg>
<arg>CF</arg>
<arg>CG</arg>
<arg>CH</arg>
<arg>CI</arg>
<arg>CK</arg>
<arg>CL</arg>
<arg>CM</arg>
<arg>CN</arg>
<arg>CO</arg>
<arg>CR</arg>
<arg>CU</arg>
<arg>CV</arg>
<arg>CW</arg>
<arg>CX</arg>
<arg>CY</arg>
<arg>CZ</arg>
<arg>DE</arg>
<arg>DJ</arg>
<arg>DK</arg>
<arg>DM</arg>
<arg>DO</arg>
<arg>DZ</arg>
<arg>EC</arg>
<arg>EE</arg>
<arg>EG</arg>
<arg>EH</arg>
<arg>ER</arg>
<arg>ES</arg>
<arg>ET</arg>
<arg>FI</arg>
<arg>FJ</arg>
<arg>FK</arg>
<arg>FM</arg>
<arg>FO</arg>
<arg>FR</arg>
<arg>GA</arg>
<arg>GB</arg>
<arg>GD</arg>
<arg>GE</arg>
<arg>GF</arg>
<arg>GG</arg>
<arg>GH</arg>
<arg>GI</arg>
<arg>GL</arg>
<arg>GM</arg>
<arg>GN</arg>
<arg>GP</arg>
<arg>GQ</arg>
<arg>GR</arg>
<arg>GS</arg>
<arg>GT</arg>
<arg>GU</arg>
<arg>GW</arg>
<arg>GY</arg>
<arg>HK</arg>
<arg>HM</arg>
<arg>HN</arg>
<arg>HR</arg>
<arg>HT</arg>
<arg>HU</arg>
<arg>ID</arg>
<arg>IE</arg>
<arg>IL</arg>
<arg>IM</arg>
<arg>IN</arg>
<arg>IO</arg>
<arg>IQ</arg>
<arg>IR</arg>
<arg>IS</arg>
<arg>IT</arg>
<arg>JE</arg>
<arg>JM</arg>
<arg>JO</arg>
<arg>JP</arg>
<arg>KE</arg>
<arg>KG</arg>
<arg>KH</arg>
<arg>KI</arg>
<arg>KM</arg>
<arg>KN</arg>
<arg>KP</arg>
<arg>KR</arg>
<arg>KW</arg>
<arg>KY</arg>
<arg>KZ</arg>
<arg>LA</arg>
<arg>LB</arg>
<arg>LC</arg>
<arg>LI</arg>
<arg>LK</arg>
<arg>LR</arg>
<arg>LS</arg>
<arg>LT</arg>
<arg>LU</arg>
<arg>LV</arg>
<arg>LY</arg>
<arg>MA</arg>
<arg>MC</arg>
<arg>MD</arg>
<arg>ME</arg>
<arg>MF</arg>
<arg>MG</arg>
<arg>MH</arg>
<arg>MK</arg>
<arg>ML</arg>
<arg>MM</arg>
<arg>MN</arg>
<arg>MO</arg>
<arg>MP</arg>
<arg>MQ</arg>
<arg>MR</arg>
<arg>MS</arg>
<arg>MT</arg>
<arg>MU</arg>
<arg>MV</arg>
<arg>MW</arg>
<arg>MX</arg>
<arg>MY</arg>
<arg>MZ</arg>
<arg>NA</arg>
<arg>NC</arg>
<arg>NE</arg>
<arg>NF</arg>
<arg>NG</arg>
<arg>NI</arg>
<arg>NL</arg>
<arg>NO</arg>
<arg>NP</arg>
<arg>NR</arg>
<arg>NU</arg>
<arg>NZ</arg>
<arg>OM</arg>
<arg>PA</arg>
<arg>PE</arg>
<arg>PF</arg>
<arg>PG</arg>
<arg>PH</arg>
<arg>PK</arg>
<arg>PL</arg>
<arg>PM</arg>
<arg>PN</arg>
<arg>PR</arg>
<arg>PS</arg>
<arg>PT</arg>
<arg>PW</arg>
<arg>PY</arg>
<arg>QA</arg>
<arg>RE</arg>
<arg>RO</arg>
<arg>RS</arg>
<arg>RU</arg>
<arg>RW</arg>
<arg>SA</arg>
<arg>SB</arg>
<arg>SC</arg>
<arg>SD</arg>
<arg>SE</arg>
<arg>SG</arg>
<arg>SH</arg>
<arg>SI</arg>
<arg>SJ</arg>
<arg>SK</arg>
<arg>SL</arg>
<arg>SM</arg>
<arg>SN</arg>
<arg>SO</arg>
<arg>SR</arg>
<arg>SS</arg>
<arg>ST</arg>
<arg>SV</arg>
<arg>SX</arg>
<arg>SY</arg>
<arg>SZ</arg>
<arg>TC</arg>
<arg>TD</arg>
<arg>TF</arg>
<arg>TG</arg>
<arg>TH</arg>
<arg>TJ</arg>
<arg>TK</arg>
<arg>TL</arg>
<arg>TM</arg>
<arg>TN</arg>
<arg>TO</arg>
<arg>TR</arg>
<arg>TT</arg>
<arg>TV</arg>
<arg>TW</arg>
<arg>TZ</arg>
<arg>UA</arg>
<arg>UG</arg>
<arg>UM</arg>
<arg>US</arg>
<arg>UY</arg>
<arg>UZ</arg>
<arg>VA</arg>
<arg>VC</arg>
<arg>VE</arg>
<arg>VG</arg>
<arg>VI</arg>
<arg>VN</arg>
<arg>VU</arg>
<arg>WF</arg>
<arg>WS</arg>
<arg>XK</arg>
<arg>YE</arg>
<arg>YT</arg>
<arg>ZA</arg>
<arg>ZM</arg>
<arg>ZW</arg>
<doc>Returns a list containing given items.</doc>
<status status="PASS" start="2024-04-05T03:16:52.726130" elapsed="0.000631"/>
</kw>
<kw name="List Should Contain Value" owner="Collections">
<msg time="2024-04-05T03:16:52.727929" level="INFO">False</msg>
<arg>${list_country}</arg>
<arg>${name_country}</arg>
<doc>Fails if the ``value`` is not found from ``list``.</doc>
<status status="PASS" start="2024-04-05T03:16:52.727724" elapsed="0.000242"/>
</kw>
<kw name="Run Keyword If" owner="BuiltIn">
<kw name="Should Be True" owner="BuiltIn">
<arg>${True}</arg>
<doc>Fails if the given condition is not true.</doc>
<status status="PASS" start="2024-04-05T03:16:52.729090" elapsed="0.000152"/>
</kw>
<arg>${json_data["results"][0]["location"]["coordinates"]["latitude"]} &gt;= -90 and ${json_data["results"][0]["location"]["coordinates"]["latitude"]} &lt;= 90</arg>
<arg>Should Be True</arg>
<arg>${True}</arg>
<doc>Runs the given keyword with the given arguments, if ``condition`` is true.</doc>
<status status="PASS" start="2024-04-05T03:16:52.728282" elapsed="0.001088"/>
</kw>
<kw name="Run Keyword If" owner="BuiltIn">
<kw name="Should Be True" owner="BuiltIn">
<arg>${True}</arg>
<doc>Fails if the given condition is not true.</doc>
<status status="PASS" start="2024-04-05T03:16:52.730262" elapsed="0.000140"/>
</kw>
<arg>${json_data["results"][0]["location"]["coordinates"]["longitude"]} &gt;= -180 and ${json_data["results"][0]["location"]["coordinates"]["longitude"]} &lt;= 180</arg>
<arg>Should Be True</arg>
<arg>${True}</arg>
<doc>Runs the given keyword with the given arguments, if ``condition`` is true.</doc>
<status status="PASS" start="2024-04-05T03:16:52.729557" elapsed="0.000969"/>
</kw>
<status status="PASS" start="2024-04-05T03:16:52.636206" elapsed="0.094481"/>
</kw>
<doc>Testa o conteúdo específico dos campos retornados pela API.</doc>
<tag>testeConteudo</tag>
<status status="PASS" start="2024-04-05T03:16:52.635634" elapsed="0.095214"/>
</test>
<status status="PASS" start="2024-04-05T03:16:51.921833" elapsed="0.810999"/>
</suite>
<status status="PASS" start="2024-04-05T03:16:51.908320" elapsed="0.829872"/>
</suite>
<statistics>
<total>
<stat pass="5" fail="0" skip="0">All Tests</stat>
</total>
<tag>
<stat pass="1" fail="0" skip="0">testeConteudo</stat>
<stat pass="1" fail="0" skip="0">testeEstruturaResposta</stat>
<stat pass="1" fail="0" skip="0">testeRequisicaoBasica</stat>
<stat pass="1" fail="0" skip="0">testeTiposDados</stat>
</tag>
<suite>
<stat pass="5" fail="0" skip="0" id="s1" name="Tests">Tests</stat>
<stat pass="5" fail="0" skip="0" id="s1-s1" name="Random-User-Test">Tests.Random-User-Test</stat>
</suite>
</statistics>
<errors>
</errors>
</robot>
