<?xml version="1.0" encoding="UTF-8"?>
<robot generator="Robot 7.0 (Python 3.12.3 on linux)" generated="2024-04-24T06:20:55.764588" rpa="false" schemaversion="5">
<suite id="s1" name="Tests" source="/home/runner/work/DesafioQAItauRogerioJordao/DesafioQAItauRogerioJordao/RamdonUser/tests">
<suite id="s1-s1" name="Random-User-Test" source="/home/runner/work/DesafioQAItauRogerioJordao/DesafioQAItauRogerioJordao/RamdonUser/tests/random-user-test.robot">
<test id="s1-s1-t1" name="Conectar" line="13">
<kw name="Conectar API" owner="random-user-service">
<kw name="Create Session" owner="RequestsLibrary">
<msg time="2024-04-24T06:20:56.145291" level="INFO">Creating Session using : alias=consultarAPI, url=https://randomuser.me/, headers={},                     cookies={}, auth=None, timeout=None, proxies=None, verify=False,                     debug=0 </msg>
<arg>consultarAPI</arg>
<arg>${URL}</arg>
<doc>Create Session: create a HTTP session to a server</doc>
<status status="PASS" start="2024-04-24T06:20:56.145083" elapsed="0.000416"/>
</kw>
<status status="PASS" start="2024-04-24T06:20:56.144043" elapsed="0.001831"/>
</kw>
<status status="PASS" start="2024-04-24T06:20:56.143372" elapsed="0.002699"/>
</test>
<test id="s1-s1-t2" name="Validar retorno 200 e JSON Válido" line="16">
<kw name="Teste de Requisicao Basica" owner="random-user-service">
<kw name="GET On Session" owner="RequestsLibrary">
<msg time="2024-04-24T06:20:56.211267" level="INFO">GET Request : url=https://randomuser.me/api 
 path_url=/api 
 headers={'User-Agent': 'python-requests/2.31.0', 'Accept-Encoding': 'gzip, deflate', 'Accept': '*/*', 'Connection': 'keep-alive'} 
 body=None 
 </msg>
<msg time="2024-04-24T06:20:56.211420" level="INFO">GET Response : url=https://randomuser.me/api 
 status=200, reason=OK 
 headers={'Date': 'Wed, 24 Apr 2024 06:20:56 GMT', 'Content-Type': 'application/json; charset=utf-8', 'Transfer-Encoding': 'chunked', 'Connection': 'keep-alive', 'X-Powered-By': 'Express', 'Access-Control-Allow-Origin': '*', 'Cache-Control': 'no-cache', 'ETag': 'W/"479-UsMJvWY8z5EXna9ZmMtYUfK7Z/c"', 'Vary': 'Accept-Encoding', 'Content-Encoding': 'gzip', 'CF-Cache-Status': 'DYNAMIC', 'Report-To': '{"endpoints":[{"url":"https:\\/\\/a.nel.cloudflare.com\\/report\\/v4?s=LboSxvcFWToGDfHwInWMD1aA23oE9yGKiYcjwGTsrThLYfN%2FhXpxnW6kpMDRcwtndRc9EngFeh85MZRE%2FDQNzb2dXdTgU%2BqWXRSXaJEaLssk%2FlT%2Bgd14%2B85FDCUGv9cE"}],"group":"cf-nel","max_age":604800}', 'NEL': '{"success_fraction":0,"report_to":"cf-nel","max_age":604800}', 'Server': 'cloudflare', 'CF-RAY': '8793fd832c2728a6-IAD', 'alt-svc': 'h3=":443"; ma=86400'} 
 body={"results":[{"gender":"male","name":{"title":"Mr","first":"Teerth","last":"Dalvi"},"location":{"street":{"number":8589,"name":"China Bazaar Rd"},"city":"Varanasi","state":"Jharkhand","country":"India","postcode":45517,"coordinates":{"latitude":"11.0467","longitude":"-156.2917"},"timezone":{"offset":"+9:30","description":"Adelaide, Darwin"}},"email":"teerth.dalvi@example.com","login":{"uuid":"e3ed2f76-2a84-46f1-9837-39e63438246d","username":"brownladybug288","password":"kokoko","salt":"kOFqA8hf","md5":"8fdfe119f91463317347f4aeb78dd0cc","sha1":"4d9732c45119b7eca57d6db59c5e048a2fec6dd8","sha256":"b0226afc57ec4cd5d4c23f75500590693c619ac185b60443445aabf84f596152"},"dob":{"date":"1978-09-20T06:05:16.652Z","age":45},"registered":{"date":"2020-12-16T12:24:09.359Z","age":3},"phone":"7215123892","cell":"8134779678","id":{"name":"UIDAI","value":"076455733230"},"picture":{"large":"https://randomuser.me/api/portraits/men/42.jpg","medium":"https://randomuser.me/api/portraits/med/men/42.jpg","thumbnail":"https://randomuser.me/api/portraits/thumb/men/42.jpg"},"nat":"IN"}],"info":{"seed":"4ef9b54bd37a8e54","results":1,"page":1,"version":"1.4"}} 
 </msg>
<msg time="2024-04-24T06:20:56.211501" level="INFO">/opt/hostedtoolcache/Python/3.12.3/x64/lib/python3.12/site-packages/urllib3/connectionpool.py:1103: InsecureRequestWarning: Unverified HTTPS request is being made to host 'randomuser.me'. Adding certificate verification is strongly advised. See: https://urllib3.readthedocs.io/en/latest/advanced-usage.html#tls-warnings
  warnings.warn(</msg>
<msg time="2024-04-24T06:20:56.211654" level="INFO">${response} = &lt;Response [200]&gt;</msg>
<var>${response}</var>
<arg>consultarAPI</arg>
<arg>/api</arg>
<doc>Sends a GET request on a previously created HTTP Session.</doc>
<status status="PASS" start="2024-04-24T06:20:56.148898" elapsed="0.062798"/>
</kw>
<kw name="Should Be Equal As Numbers" owner="BuiltIn">
<msg time="2024-04-24T06:20:56.212839" level="INFO">Argument types are:
&lt;class 'int'&gt;
&lt;class 'str'&gt;</msg>
<arg>${response.status_code}</arg>
<arg>200</arg>
<doc>Fails if objects are unequal after converting them to real numbers.</doc>
<status status="PASS" start="2024-04-24T06:20:56.212360" elapsed="0.000546"/>
</kw>
<kw name="Log" owner="BuiltIn">
<msg time="2024-04-24T06:20:56.213615" level="INFO">200</msg>
<arg>${response.status_code}</arg>
<doc>Logs the given message with the given level.</doc>
<status status="PASS" start="2024-04-24T06:20:56.213257" elapsed="0.000402"/>
</kw>
<kw name="Set Variable" owner="BuiltIn">
<msg time="2024-04-24T06:20:56.214442" level="INFO">${json_data} = {'results': [{'gender': 'male', 'name': {'title': 'Mr', 'first': 'Teerth', 'last': 'Dalvi'}, 'location': {'street': {'number': 8589, 'name': 'China Bazaar Rd'}, 'city': 'Varanasi', 'state': 'Jharkhand...</msg>
<var>${json_data}</var>
<arg>${response.json()}</arg>
<doc>Returns the given values which can then be assigned to a variables.</doc>
<status status="PASS" start="2024-04-24T06:20:56.213968" elapsed="0.000508"/>
</kw>
<kw name="Dictionary Should Contain Key" owner="Collections">
<msg time="2024-04-24T06:20:56.214955" level="INFO">False</msg>
<arg>${json_data}</arg>
<arg>results</arg>
<doc>Fails if ``key`` is not found from ``dictionary``.</doc>
<status status="PASS" start="2024-04-24T06:20:56.214786" elapsed="0.000209"/>
</kw>
<status status="PASS" start="2024-04-24T06:20:56.148641" elapsed="0.066621"/>
</kw>
<doc>Testa se a API responde corretamente e retorna um objeto JSON válido.</doc>
<tag>testeRequisicaoBasica</tag>
<status status="PASS" start="2024-04-24T06:20:56.148078" elapsed="0.067371"/>
</test>
<test id="s1-s1-t3" name="Validar estrutura de resposta" line="22">
<kw name="Teste de Estrutura de Resposta" owner="random-user-service">
<kw name="GET On Session" owner="RequestsLibrary">
<msg time="2024-04-24T06:20:56.309880" level="INFO">GET Request : url=https://randomuser.me/api 
 path_url=/api 
 headers={'User-Agent': 'python-requests/2.31.0', 'Accept-Encoding': 'gzip, deflate', 'Accept': '*/*', 'Connection': 'keep-alive'} 
 body=None 
 </msg>
<msg time="2024-04-24T06:20:56.309978" level="INFO">GET Response : url=https://randomuser.me/api 
 status=200, reason=OK 
 headers={'Date': 'Wed, 24 Apr 2024 06:20:56 GMT', 'Content-Type': 'application/json; charset=utf-8', 'Transfer-Encoding': 'chunked', 'Connection': 'keep-alive', 'X-Powered-By': 'Express', 'Access-Control-Allow-Origin': '*', 'Cache-Control': 'no-cache', 'ETag': 'W/"49b-GG3K3yKD7Bh9/zy3Qd+dSmGyjOM"', 'Vary': 'Accept-Encoding', 'Content-Encoding': 'gzip', 'CF-Cache-Status': 'DYNAMIC', 'Report-To': '{"endpoints":[{"url":"https:\\/\\/a.nel.cloudflare.com\\/report\\/v4?s=6aAjl168wcWpv0ovdjctNddyO4g%2Bg74Tiud5dmG2ursx%2F%2B4703x4QaaazvaG60JYkMrYJDJfmKUkP3aded6KekNoSwcwpAWk%2Bh967uBxGLcvbY%2BCf5Xq8dlsKBo1Djx%2F"}],"group":"cf-nel","max_age":604800}', 'NEL': '{"success_fraction":0,"report_to":"cf-nel","max_age":604800}', 'Server': 'cloudflare', 'CF-RAY': '8793fd836c5728a6-IAD', 'alt-svc': 'h3=":443"; ma=86400'} 
 body={"results":[{"gender":"male","name":{"title":"Mr","first":"Theodore","last":"Wilson"},"location":{"street":{"number":5159,"name":"Elgin St"},"city":"Inglewood","state":"Missouri","country":"United States","postcode":67273,"coordinates":{"latitude":"89.7830","longitude":"-64.1396"},"timezone":{"offset":"+8:00","description":"Beijing, Perth, Singapore, Hong Kong"}},"email":"theodore.wilson@example.com","login":{"uuid":"efd8467a-bfc1-4d18-a1fa-243bea28cf9d","username":"whiteostrich264","password":"america1","salt":"S8Ve2fFz","md5":"ec9e953ca52187b90890fbda27b742fe","sha1":"e8e146515199c6c8a0d8c57b8ab7002815a6839d","sha256":"01190e567d53f38d6298fb0cd72ff5f75c71d729dbc6adce99eaa5a8f51fb84a"},"dob":{"date":"1961-11-30T00:21:12.636Z","age":62},"registered":{"date":"2006-02-22T13:11:34.657Z","age":18},"phone":"(961) 689-5805","cell":"(553) 764-5641","id":{"name":"SSN","value":"556-48-1339"},"picture":{"large":"https://randomuser.me/api/portraits/men/73.jpg","medium":"https://randomuser.me/api/portraits/med/men/73.jpg","thumbnail":"https://randomuser.me/api/portraits/thumb/men/73.jpg"},"nat":"US"}],"info":{"seed":"baac878475640f4f","results":1,"page":1,"version":"1.4"}} 
 </msg>
<msg time="2024-04-24T06:20:56.310107" level="INFO">/opt/hostedtoolcache/Python/3.12.3/x64/lib/python3.12/site-packages/urllib3/connectionpool.py:1103: InsecureRequestWarning: Unverified HTTPS request is being made to host 'randomuser.me'. Adding certificate verification is strongly advised. See: https://urllib3.readthedocs.io/en/latest/advanced-usage.html#tls-warnings
  warnings.warn(</msg>
<msg time="2024-04-24T06:20:56.310247" level="INFO">${response} = &lt;Response [200]&gt;</msg>
<var>${response}</var>
<arg>consultarAPI</arg>
<arg>/api</arg>
<doc>Sends a GET request on a previously created HTTP Session.</doc>
<status status="PASS" start="2024-04-24T06:20:56.218192" elapsed="0.092100"/>
</kw>
<kw name="Set Variable" owner="BuiltIn">
<msg time="2024-04-24T06:20:56.311506" level="INFO">${json_data} = {'results': [{'gender': 'male', 'name': {'title': 'Mr', 'first': 'Theodore', 'last': 'Wilson'}, 'location': {'street': {'number': 5159, 'name': 'Elgin St'}, 'city': 'Inglewood', 'state': 'Missouri', '...</msg>
<var>${json_data}</var>
<arg>${response.json()}</arg>
<doc>Returns the given values which can then be assigned to a variables.</doc>
<status status="PASS" start="2024-04-24T06:20:56.310922" elapsed="0.000614"/>
</kw>
<kw name="Log" owner="BuiltIn">
<msg time="2024-04-24T06:20:56.312010" level="INFO">{'results': [{'gender': 'male', 'name': {'title': 'Mr', 'first': 'Theodore', 'last': 'Wilson'}, 'location': {'street': {'number': 5159, 'name': 'Elgin St'}, 'city': 'Inglewood', 'state': 'Missouri', 'country': 'United States', 'postcode': 67273, 'coordinates': {'latitude': '89.7830', 'longitude': '-64.1396'}, 'timezone': {'offset': '+8:00', 'description': 'Beijing, Perth, Singapore, Hong Kong'}}, 'email': 'theodore.wilson@example.com', 'login': {'uuid': 'efd8467a-bfc1-4d18-a1fa-243bea28cf9d', 'username': 'whiteostrich264', 'password': 'america1', 'salt': 'S8Ve2fFz', 'md5': 'ec9e953ca52187b90890fbda27b742fe', 'sha1': 'e8e146515199c6c8a0d8c57b8ab7002815a6839d', 'sha256': '01190e567d53f38d6298fb0cd72ff5f75c71d729dbc6adce99eaa5a8f51fb84a'}, 'dob': {'date': '1961-11-30T00:21:12.636Z', 'age': 62}, 'registered': {'date': '2006-02-22T13:11:34.657Z', 'age': 18}, 'phone': '(961) 689-5805', 'cell': '(553) 764-5641', 'id': {'name': 'SSN', 'value': '556-48-1339'}, 'picture': {'large': 'https://randomuser.me/api/portraits/men/73.jpg', 'medium': 'https://randomuser.me/api/portraits/med/men/73.jpg', 'thumbnail': 'https://randomuser.me/api/portraits/thumb/men/73.jpg'}, 'nat': 'US'}], 'info': {'seed': 'baac878475640f4f', 'results': 1, 'page': 1, 'version': '1.4'}}</msg>
<arg>${json_data}</arg>
<doc>Logs the given message with the given level.</doc>
<status status="PASS" start="2024-04-24T06:20:56.311850" elapsed="0.000211"/>
</kw>
<kw name="Dictionary Should Contain Key" owner="Collections">
<msg time="2024-04-24T06:20:56.312525" level="INFO">False</msg>
<arg>${json_data}</arg>
<arg>results</arg>
<doc>Fails if ``key`` is not found from ``dictionary``.</doc>
<status status="PASS" start="2024-04-24T06:20:56.312368" elapsed="0.000197"/>
</kw>
<kw name="Should Not Be Empty" owner="BuiltIn">
<msg time="2024-04-24T06:20:56.312987" level="INFO">Length is 2.</msg>
<arg>${json_data}</arg>
<doc>Verifies that the given item is not empty.</doc>
<status status="PASS" start="2024-04-24T06:20:56.312858" elapsed="0.000167"/>
</kw>
<kw name="Create List" owner="BuiltIn">
<msg time="2024-04-24T06:20:56.313632" level="INFO">${expected_keys} = ['gender', 'name', 'location', 'email', 'login']</msg>
<var>${expected_keys}</var>
<arg>gender</arg>
<arg>name</arg>
<arg>location</arg>
<arg>email</arg>
<arg>login</arg>
<doc>Returns a list containing given items.</doc>
<status status="PASS" start="2024-04-24T06:20:56.313320" elapsed="0.000338"/>
</kw>
<for flavor="IN">
<iter>
<kw name="Dictionary Should Contain Key" owner="Collections">
<msg time="2024-04-24T06:20:56.314698" level="INFO">False</msg>
<arg>${json_data['results'][0]}</arg>
<arg>${key}</arg>
<doc>Fails if ``key`` is not found from ``dictionary``.</doc>
<status status="PASS" start="2024-04-24T06:20:56.314250" elapsed="0.000488"/>
</kw>
<kw name="Log" owner="BuiltIn">
<msg time="2024-04-24T06:20:56.315421" level="INFO">{'gender': 'male', 'name': {'title': 'Mr', 'first': 'Theodore', 'last': 'Wilson'}, 'location': {'street': {'number': 5159, 'name': 'Elgin St'}, 'city': 'Inglewood', 'state': 'Missouri', 'country': 'United States', 'postcode': 67273, 'coordinates': {'latitude': '89.7830', 'longitude': '-64.1396'}, 'timezone': {'offset': '+8:00', 'description': 'Beijing, Perth, Singapore, Hong Kong'}}, 'email': 'theodore.wilson@example.com', 'login': {'uuid': 'efd8467a-bfc1-4d18-a1fa-243bea28cf9d', 'username': 'whiteostrich264', 'password': 'america1', 'salt': 'S8Ve2fFz', 'md5': 'ec9e953ca52187b90890fbda27b742fe', 'sha1': 'e8e146515199c6c8a0d8c57b8ab7002815a6839d', 'sha256': '01190e567d53f38d6298fb0cd72ff5f75c71d729dbc6adce99eaa5a8f51fb84a'}, 'dob': {'date': '1961-11-30T00:21:12.636Z', 'age': 62}, 'registered': {'date': '2006-02-22T13:11:34.657Z', 'age': 18}, 'phone': '(961) 689-5805', 'cell': '(553) 764-5641', 'id': {'name': 'SSN', 'value': '556-48-1339'}, 'picture': {'large': 'https://randomuser.me/api/portraits/men/73.jpg', 'medium': 'https://randomuser.me/api/portraits/med/men/73.jpg', 'thumbnail': 'https://randomuser.me/api/portraits/thumb/men/73.jpg'}, 'nat': 'US'}</msg>
<arg>${json_data['results'][0]}</arg>
<doc>Logs the given message with the given level.</doc>
<status status="PASS" start="2024-04-24T06:20:56.315047" elapsed="0.000423"/>
</kw>
<kw name="Log" owner="BuiltIn">
<msg time="2024-04-24T06:20:56.315897" level="INFO">gender</msg>
<arg>${key}</arg>
<doc>Logs the given message with the given level.</doc>
<status status="PASS" start="2024-04-24T06:20:56.315768" elapsed="0.000167"/>
</kw>
<var name="${key}">gender</var>
<status status="PASS" start="2024-04-24T06:20:56.314123" elapsed="0.002028"/>
</iter>
<iter>
<kw name="Dictionary Should Contain Key" owner="Collections">
<msg time="2024-04-24T06:20:56.316853" level="INFO">False</msg>
<arg>${json_data['results'][0]}</arg>
<arg>${key}</arg>
<doc>Fails if ``key`` is not found from ``dictionary``.</doc>
<status status="PASS" start="2024-04-24T06:20:56.316463" elapsed="0.000428"/>
</kw>
<kw name="Log" owner="BuiltIn">
<msg time="2024-04-24T06:20:56.317595" level="INFO">{'gender': 'male', 'name': {'title': 'Mr', 'first': 'Theodore', 'last': 'Wilson'}, 'location': {'street': {'number': 5159, 'name': 'Elgin St'}, 'city': 'Inglewood', 'state': 'Missouri', 'country': 'United States', 'postcode': 67273, 'coordinates': {'latitude': '89.7830', 'longitude': '-64.1396'}, 'timezone': {'offset': '+8:00', 'description': 'Beijing, Perth, Singapore, Hong Kong'}}, 'email': 'theodore.wilson@example.com', 'login': {'uuid': 'efd8467a-bfc1-4d18-a1fa-243bea28cf9d', 'username': 'whiteostrich264', 'password': 'america1', 'salt': 'S8Ve2fFz', 'md5': 'ec9e953ca52187b90890fbda27b742fe', 'sha1': 'e8e146515199c6c8a0d8c57b8ab7002815a6839d', 'sha256': '01190e567d53f38d6298fb0cd72ff5f75c71d729dbc6adce99eaa5a8f51fb84a'}, 'dob': {'date': '1961-11-30T00:21:12.636Z', 'age': 62}, 'registered': {'date': '2006-02-22T13:11:34.657Z', 'age': 18}, 'phone': '(961) 689-5805', 'cell': '(553) 764-5641', 'id': {'name': 'SSN', 'value': '556-48-1339'}, 'picture': {'large': 'https://randomuser.me/api/portraits/men/73.jpg', 'medium': 'https://randomuser.me/api/portraits/med/men/73.jpg', 'thumbnail': 'https://randomuser.me/api/portraits/thumb/men/73.jpg'}, 'nat': 'US'}</msg>
<arg>${json_data['results'][0]}</arg>
<doc>Logs the given message with the given level.</doc>
<status status="PASS" start="2024-04-24T06:20:56.317221" elapsed="0.000424"/>
</kw>
<kw name="Log" owner="BuiltIn">
<msg time="2024-04-24T06:20:56.318068" level="INFO">name</msg>
<arg>${key}</arg>
<doc>Logs the given message with the given level.</doc>
<status status="PASS" start="2024-04-24T06:20:56.317942" elapsed="0.000164"/>
</kw>
<var name="${key}">name</var>
<status status="PASS" start="2024-04-24T06:20:56.316345" elapsed="0.001975"/>
</iter>
<iter>
<kw name="Dictionary Should Contain Key" owner="Collections">
<msg time="2024-04-24T06:20:56.319049" level="INFO">False</msg>
<arg>${json_data['results'][0]}</arg>
<arg>${key}</arg>
<doc>Fails if ``key`` is not found from ``dictionary``.</doc>
<status status="PASS" start="2024-04-24T06:20:56.318655" elapsed="0.000432"/>
</kw>
<kw name="Log" owner="BuiltIn">
<msg time="2024-04-24T06:20:56.319754" level="INFO">{'gender': 'male', 'name': {'title': 'Mr', 'first': 'Theodore', 'last': 'Wilson'}, 'location': {'street': {'number': 5159, 'name': 'Elgin St'}, 'city': 'Inglewood', 'state': 'Missouri', 'country': 'United States', 'postcode': 67273, 'coordinates': {'latitude': '89.7830', 'longitude': '-64.1396'}, 'timezone': {'offset': '+8:00', 'description': 'Beijing, Perth, Singapore, Hong Kong'}}, 'email': 'theodore.wilson@example.com', 'login': {'uuid': 'efd8467a-bfc1-4d18-a1fa-243bea28cf9d', 'username': 'whiteostrich264', 'password': 'america1', 'salt': 'S8Ve2fFz', 'md5': 'ec9e953ca52187b90890fbda27b742fe', 'sha1': 'e8e146515199c6c8a0d8c57b8ab7002815a6839d', 'sha256': '01190e567d53f38d6298fb0cd72ff5f75c71d729dbc6adce99eaa5a8f51fb84a'}, 'dob': {'date': '1961-11-30T00:21:12.636Z', 'age': 62}, 'registered': {'date': '2006-02-22T13:11:34.657Z', 'age': 18}, 'phone': '(961) 689-5805', 'cell': '(553) 764-5641', 'id': {'name': 'SSN', 'value': '556-48-1339'}, 'picture': {'large': 'https://randomuser.me/api/portraits/men/73.jpg', 'medium': 'https://randomuser.me/api/portraits/med/men/73.jpg', 'thumbnail': 'https://randomuser.me/api/portraits/thumb/men/73.jpg'}, 'nat': 'US'}</msg>
<arg>${json_data['results'][0]}</arg>
<doc>Logs the given message with the given level.</doc>
<status status="PASS" start="2024-04-24T06:20:56.319389" elapsed="0.000413"/>
</kw>
<kw name="Log" owner="BuiltIn">
<msg time="2024-04-24T06:20:56.320227" level="INFO">location</msg>
<arg>${key}</arg>
<doc>Logs the given message with the given level.</doc>
<status status="PASS" start="2024-04-24T06:20:56.320100" elapsed="0.000164"/>
</kw>
<var name="${key}">location</var>
<status status="PASS" start="2024-04-24T06:20:56.318538" elapsed="0.001941"/>
</iter>
<iter>
<kw name="Dictionary Should Contain Key" owner="Collections">
<msg time="2024-04-24T06:20:56.321164" level="INFO">False</msg>
<arg>${json_data['results'][0]}</arg>
<arg>${key}</arg>
<doc>Fails if ``key`` is not found from ``dictionary``.</doc>
<status status="PASS" start="2024-04-24T06:20:56.320773" elapsed="0.000429"/>
</kw>
<kw name="Log" owner="BuiltIn">
<msg time="2024-04-24T06:20:56.321858" level="INFO">{'gender': 'male', 'name': {'title': 'Mr', 'first': 'Theodore', 'last': 'Wilson'}, 'location': {'street': {'number': 5159, 'name': 'Elgin St'}, 'city': 'Inglewood', 'state': 'Missouri', 'country': 'United States', 'postcode': 67273, 'coordinates': {'latitude': '89.7830', 'longitude': '-64.1396'}, 'timezone': {'offset': '+8:00', 'description': 'Beijing, Perth, Singapore, Hong Kong'}}, 'email': 'theodore.wilson@example.com', 'login': {'uuid': 'efd8467a-bfc1-4d18-a1fa-243bea28cf9d', 'username': 'whiteostrich264', 'password': 'america1', 'salt': 'S8Ve2fFz', 'md5': 'ec9e953ca52187b90890fbda27b742fe', 'sha1': 'e8e146515199c6c8a0d8c57b8ab7002815a6839d', 'sha256': '01190e567d53f38d6298fb0cd72ff5f75c71d729dbc6adce99eaa5a8f51fb84a'}, 'dob': {'date': '1961-11-30T00:21:12.636Z', 'age': 62}, 'registered': {'date': '2006-02-22T13:11:34.657Z', 'age': 18}, 'phone': '(961) 689-5805', 'cell': '(553) 764-5641', 'id': {'name': 'SSN', 'value': '556-48-1339'}, 'picture': {'large': 'https://randomuser.me/api/portraits/men/73.jpg', 'medium': 'https://randomuser.me/api/portraits/med/men/73.jpg', 'thumbnail': 'https://randomuser.me/api/portraits/thumb/men/73.jpg'}, 'nat': 'US'}</msg>
<arg>${json_data['results'][0]}</arg>
<doc>Logs the given message with the given level.</doc>
<status status="PASS" start="2024-04-24T06:20:56.321499" elapsed="0.000409"/>
</kw>
<kw name="Log" owner="BuiltIn">
<msg time="2024-04-24T06:20:56.322328" level="INFO">email</msg>
<arg>${key}</arg>
<doc>Logs the given message with the given level.</doc>
<status status="PASS" start="2024-04-24T06:20:56.322200" elapsed="0.000166"/>
</kw>
<var name="${key}">email</var>
<status status="PASS" start="2024-04-24T06:20:56.320656" elapsed="0.001981"/>
</iter>
<iter>
<kw name="Dictionary Should Contain Key" owner="Collections">
<msg time="2024-04-24T06:20:56.323326" level="INFO">False</msg>
<arg>${json_data['results'][0]}</arg>
<arg>${key}</arg>
<doc>Fails if ``key`` is not found from ``dictionary``.</doc>
<status status="PASS" start="2024-04-24T06:20:56.322932" elapsed="0.000431"/>
</kw>
<kw name="Log" owner="BuiltIn">
<msg time="2024-04-24T06:20:56.324039" level="INFO">{'gender': 'male', 'name': {'title': 'Mr', 'first': 'Theodore', 'last': 'Wilson'}, 'location': {'street': {'number': 5159, 'name': 'Elgin St'}, 'city': 'Inglewood', 'state': 'Missouri', 'country': 'United States', 'postcode': 67273, 'coordinates': {'latitude': '89.7830', 'longitude': '-64.1396'}, 'timezone': {'offset': '+8:00', 'description': 'Beijing, Perth, Singapore, Hong Kong'}}, 'email': 'theodore.wilson@example.com', 'login': {'uuid': 'efd8467a-bfc1-4d18-a1fa-243bea28cf9d', 'username': 'whiteostrich264', 'password': 'america1', 'salt': 'S8Ve2fFz', 'md5': 'ec9e953ca52187b90890fbda27b742fe', 'sha1': 'e8e146515199c6c8a0d8c57b8ab7002815a6839d', 'sha256': '01190e567d53f38d6298fb0cd72ff5f75c71d729dbc6adce99eaa5a8f51fb84a'}, 'dob': {'date': '1961-11-30T00:21:12.636Z', 'age': 62}, 'registered': {'date': '2006-02-22T13:11:34.657Z', 'age': 18}, 'phone': '(961) 689-5805', 'cell': '(553) 764-5641', 'id': {'name': 'SSN', 'value': '556-48-1339'}, 'picture': {'large': 'https://randomuser.me/api/portraits/men/73.jpg', 'medium': 'https://randomuser.me/api/portraits/med/men/73.jpg', 'thumbnail': 'https://randomuser.me/api/portraits/thumb/men/73.jpg'}, 'nat': 'US'}</msg>
<arg>${json_data['results'][0]}</arg>
<doc>Logs the given message with the given level.</doc>
<status status="PASS" start="2024-04-24T06:20:56.323664" elapsed="0.000426"/>
</kw>
<kw name="Log" owner="BuiltIn">
<msg time="2024-04-24T06:20:56.324512" level="INFO">login</msg>
<arg>${key}</arg>
<doc>Logs the given message with the given level.</doc>
<status status="PASS" start="2024-04-24T06:20:56.324386" elapsed="0.000165"/>
</kw>
<var name="${key}">login</var>
<status status="PASS" start="2024-04-24T06:20:56.322817" elapsed="0.001976"/>
</iter>
<var>${key}</var>
<value>@{expected_keys}</value>
<status status="PASS" start="2024-04-24T06:20:56.313928" elapsed="0.010991"/>
</for>
<kw name="Create List" owner="BuiltIn">
<msg time="2024-04-24T06:20:56.325255" level="INFO">${expected_keysTwo} = ['username', 'password']</msg>
<var>${expected_keysTwo}</var>
<arg>username</arg>
<arg>password</arg>
<doc>Returns a list containing given items.</doc>
<status status="PASS" start="2024-04-24T06:20:56.325118" elapsed="0.000161"/>
</kw>
<for flavor="IN">
<iter>
<kw name="Dictionary Should Contain Key" owner="Collections">
<msg time="2024-04-24T06:20:56.326189" level="INFO">False</msg>
<arg>${json_data['results'][0]['login']}</arg>
<arg>${keyTwo}</arg>
<doc>Fails if ``key`` is not found from ``dictionary``.</doc>
<status status="PASS" start="2024-04-24T06:20:56.325793" elapsed="0.000434"/>
</kw>
<kw name="Dictionary Should Contain Key" owner="Collections">
<msg time="2024-04-24T06:20:56.326950" level="INFO">False</msg>
<arg>${json_data['results'][0]['login']}</arg>
<arg>${keyTwo}</arg>
<doc>Fails if ``key`` is not found from ``dictionary``.</doc>
<status status="PASS" start="2024-04-24T06:20:56.326557" elapsed="0.000432"/>
</kw>
<kw name="Log" owner="BuiltIn">
<msg time="2024-04-24T06:20:56.327411" level="INFO">username</msg>
<arg>${keyTwo}</arg>
<doc>Logs the given message with the given level.</doc>
<status status="PASS" start="2024-04-24T06:20:56.327283" elapsed="0.000177"/>
</kw>
<var name="${keyTwo}">username</var>
<status status="PASS" start="2024-04-24T06:20:56.325681" elapsed="0.001999"/>
</iter>
<iter>
<kw name="Dictionary Should Contain Key" owner="Collections">
<msg time="2024-04-24T06:20:56.328343" level="INFO">False</msg>
<arg>${json_data['results'][0]['login']}</arg>
<arg>${keyTwo}</arg>
<doc>Fails if ``key`` is not found from ``dictionary``.</doc>
<status status="PASS" start="2024-04-24T06:20:56.327963" elapsed="0.000423"/>
</kw>
<kw name="Dictionary Should Contain Key" owner="Collections">
<msg time="2024-04-24T06:20:56.329145" level="INFO">False</msg>
<arg>${json_data['results'][0]['login']}</arg>
<arg>${keyTwo}</arg>
<doc>Fails if ``key`` is not found from ``dictionary``.</doc>
<status status="PASS" start="2024-04-24T06:20:56.328679" elapsed="0.000505"/>
</kw>
<kw name="Log" owner="BuiltIn">
<msg time="2024-04-24T06:20:56.329607" level="INFO">password</msg>
<arg>${keyTwo}</arg>
<doc>Logs the given message with the given level.</doc>
<status status="PASS" start="2024-04-24T06:20:56.329480" elapsed="0.000165"/>
</kw>
<var name="${keyTwo}">password</var>
<status status="PASS" start="2024-04-24T06:20:56.327854" elapsed="0.002010"/>
</iter>
<var>${keyTwo}</var>
<value>@{expected_keysTwo}</value>
<status status="PASS" start="2024-04-24T06:20:56.325520" elapsed="0.004467"/>
</for>
<status status="PASS" start="2024-04-24T06:20:56.217952" elapsed="0.112180"/>
</kw>
<doc>Testa a estrutura da resposta da API.</doc>
<tag>testeEstruturaResposta</tag>
<status status="PASS" start="2024-04-24T06:20:56.217327" elapsed="0.112968"/>
</test>
<test id="s1-s1-t4" name="Validar tipos de dados" line="28">
<kw name="Teste de Tipos de Dados" owner="random-user-service">
<kw name="GET On Session" owner="RequestsLibrary">
<msg time="2024-04-24T06:20:56.473381" level="INFO">GET Request : url=https://randomuser.me/api 
 path_url=/api 
 headers={'User-Agent': 'python-requests/2.31.0', 'Accept-Encoding': 'gzip, deflate', 'Accept': '*/*', 'Connection': 'keep-alive'} 
 body=None 
 </msg>
<msg time="2024-04-24T06:20:56.473490" level="INFO">GET Response : url=https://randomuser.me/api 
 status=200, reason=OK 
 headers={'Date': 'Wed, 24 Apr 2024 06:20:56 GMT', 'Content-Type': 'application/json; charset=utf-8', 'Transfer-Encoding': 'chunked', 'Connection': 'keep-alive', 'X-Powered-By': 'Express', 'Access-Control-Allow-Origin': '*', 'Cache-Control': 'no-cache', 'ETag': 'W/"468-TXGox1AAvf+DHbwiNOCkyMnlYyY"', 'Vary': 'Accept-Encoding', 'Content-Encoding': 'gzip', 'CF-Cache-Status': 'DYNAMIC', 'Report-To': '{"endpoints":[{"url":"https:\\/\\/a.nel.cloudflare.com\\/report\\/v4?s=3BxyOirYuXtKcbuTpUZsAA%2FU%2FIY1i2wZn9DyXeQzK5DnydO%2FARRFP82D9n9QzvYP0Khtc2gK6uXAPJU%2F%2B7WiAl3T3f7VrUiLhPzEeoZJDQX3LT8FARq2mrqsxq23fVgs"}],"group":"cf-nel","max_age":604800}', 'NEL': '{"success_fraction":0,"report_to":"cf-nel","max_age":604800}', 'Server': 'cloudflare', 'CF-RAY': '8793fd841ce628a6-IAD', 'alt-svc': 'h3=":443"; ma=86400'} 
 body={"results":[{"gender":"male","name":{"title":"Mr","first":"Oliver","last":"Chow"},"location":{"street":{"number":1194,"name":"Brock Rd"},"city":"Chesterville","state":"Yukon","country":"Canada","postcode":"F1U 5K0","coordinates":{"latitude":"-69.1217","longitude":"-80.5524"},"timezone":{"offset":"-10:00","description":"Hawaii"}},"email":"oliver.chow@example.com","login":{"uuid":"b21132fd-a685-4c99-88ad-a17d9c4f3de7","username":"redsnake681","password":"kotaku","salt":"QyFwUKMb","md5":"86606723a14fc2dbb9a553f3fca35a30","sha1":"b511aea00104654758775ff413f41ac3bbe84b6e","sha256":"9853801aecd90b65342352df6f608d0cb950ef23eb8561957ab5173d7d50739d"},"dob":{"date":"1948-11-30T03:45:22.079Z","age":75},"registered":{"date":"2011-05-24T17:31:05.992Z","age":12},"phone":"P82 Y28-9496","cell":"C17 A32-4950","id":{"name":"SIN","value":"292411915"},"picture":{"large":"https://randomuser.me/api/portraits/men/82.jpg","medium":"https://randomuser.me/api/portraits/med/men/82.jpg","thumbnail":"https://randomuser.me/api/portraits/thumb/men/82.jpg"},"nat":"CA"}],"info":{"seed":"aa778aff50c9b164","results":1,"page":1,"version":"1.4"}} 
 </msg>
<msg time="2024-04-24T06:20:56.473569" level="INFO">/opt/hostedtoolcache/Python/3.12.3/x64/lib/python3.12/site-packages/urllib3/connectionpool.py:1103: InsecureRequestWarning: Unverified HTTPS request is being made to host 'randomuser.me'. Adding certificate verification is strongly advised. See: https://urllib3.readthedocs.io/en/latest/advanced-usage.html#tls-warnings
  warnings.warn(</msg>
<msg time="2024-04-24T06:20:56.473704" level="INFO">${response} = &lt;Response [200]&gt;</msg>
<var>${response}</var>
<arg>consultarAPI</arg>
<arg>/api</arg>
<doc>Sends a GET request on a previously created HTTP Session.</doc>
<status status="PASS" start="2024-04-24T06:20:56.332962" elapsed="0.140781"/>
</kw>
<kw name="Set Variable" owner="BuiltIn">
<msg time="2024-04-24T06:20:56.474879" level="INFO">${json_data} = {'results': [{'gender': 'male', 'name': {'title': 'Mr', 'first': 'Oliver', 'last': 'Chow'}, 'location': {'street': {'number': 1194, 'name': 'Brock Rd'}, 'city': 'Chesterville', 'state': 'Yukon', 'coun...</msg>
<var>${json_data}</var>
<arg>${response.json()}</arg>
<doc>Returns the given values which can then be assigned to a variables.</doc>
<status status="PASS" start="2024-04-24T06:20:56.474300" elapsed="0.000608"/>
</kw>
<kw name="Log" owner="BuiltIn">
<msg time="2024-04-24T06:20:56.475378" level="INFO">{'results': [{'gender': 'male', 'name': {'title': 'Mr', 'first': 'Oliver', 'last': 'Chow'}, 'location': {'street': {'number': 1194, 'name': 'Brock Rd'}, 'city': 'Chesterville', 'state': 'Yukon', 'country': 'Canada', 'postcode': 'F1U 5K0', 'coordinates': {'latitude': '-69.1217', 'longitude': '-80.5524'}, 'timezone': {'offset': '-10:00', 'description': 'Hawaii'}}, 'email': 'oliver.chow@example.com', 'login': {'uuid': 'b21132fd-a685-4c99-88ad-a17d9c4f3de7', 'username': 'redsnake681', 'password': 'kotaku', 'salt': 'QyFwUKMb', 'md5': '86606723a14fc2dbb9a553f3fca35a30', 'sha1': 'b511aea00104654758775ff413f41ac3bbe84b6e', 'sha256': '9853801aecd90b65342352df6f608d0cb950ef23eb8561957ab5173d7d50739d'}, 'dob': {'date': '1948-11-30T03:45:22.079Z', 'age': 75}, 'registered': {'date': '2011-05-24T17:31:05.992Z', 'age': 12}, 'phone': 'P82 Y28-9496', 'cell': 'C17 A32-4950', 'id': {'name': 'SIN', 'value': '292411915'}, 'picture': {'large': 'https://randomuser.me/api/portraits/men/82.jpg', 'medium': 'https://randomuser.me/api/portraits/med/men/82.jpg', 'thumbnail': 'https://randomuser.me/api/portraits/thumb/men/82.jpg'}, 'nat': 'CA'}], 'info': {'seed': 'aa778aff50c9b164', 'results': 1, 'page': 1, 'version': '1.4'}}</msg>
<arg>${json_data}</arg>
<doc>Logs the given message with the given level.</doc>
<status status="PASS" start="2024-04-24T06:20:56.475220" elapsed="0.000247"/>
</kw>
<kw name="Should Be String" owner="String">
<arg>${json_data['results'][0]['gender']}</arg>
<doc>Fails if the given ``item`` is not a string.</doc>
<status status="PASS" start="2024-04-24T06:20:56.475777" elapsed="0.000367"/>
</kw>
<kw name="Should Match Regexp" owner="BuiltIn">
<arg>${json_data['results'][0]['email']}</arg>
<arg>^[a-zA-Z0-9._%+-]+@[a-zA-Z0-9.-]+\.[a-zA-Z]{2,}$</arg>
<doc>Fails if ``string`` does not match ``pattern`` as a regular expression.</doc>
<status status="PASS" start="2024-04-24T06:20:56.476336" elapsed="0.000514"/>
</kw>
<kw name="Should Match Regexp" owner="BuiltIn">
<arg>${json_data['results'][0]['dob']['date']}</arg>
<arg>\\d{4}-\\d{2}-\\d{2}T\\d{2}:\\d{2}:\\d{2}\\.\\d{3}Z</arg>
<doc>Fails if ``string`` does not match ``pattern`` as a regular expression.</doc>
<status status="PASS" start="2024-04-24T06:20:56.477046" elapsed="0.000491"/>
</kw>
<kw name="Should Match Regexp" owner="BuiltIn">
<arg>${json_data['results'][0]['registered']['date']}</arg>
<arg>\\d{4}-\\d{2}-\\d{2}T\\d{2}:\\d{2}:\\d{2}\\.\\d{3}Z</arg>
<doc>Fails if ``string`` does not match ``pattern`` as a regular expression.</doc>
<status status="PASS" start="2024-04-24T06:20:56.477728" elapsed="0.000367"/>
</kw>
<kw name="Should Match Regexp" owner="BuiltIn">
<arg>${json_data['results'][0]['picture']['large']}</arg>
<arg>^https?://.*\.(?:png|jpe?g|gif|bmp)$</arg>
<doc>Fails if ``string`` does not match ``pattern`` as a regular expression.</doc>
<status status="PASS" start="2024-04-24T06:20:56.478284" elapsed="0.000487"/>
</kw>
<kw name="Should Match Regexp" owner="BuiltIn">
<arg>${json_data['results'][0]['picture']['medium']}</arg>
<arg>^https?://.*\.(?:png|jpe?g|gif|bmp)$</arg>
<doc>Fails if ``string`` does not match ``pattern`` as a regular expression.</doc>
<status status="PASS" start="2024-04-24T06:20:56.478965" elapsed="0.000364"/>
</kw>
<kw name="Should Match Regexp" owner="BuiltIn">
<arg>${json_data['results'][0]['picture']['thumbnail']}</arg>
<arg>^https?://.*\.(?:png|jpe?g|gif|bmp)$</arg>
<doc>Fails if ``string`` does not match ``pattern`` as a regular expression.</doc>
<status status="PASS" start="2024-04-24T06:20:56.479520" elapsed="0.000358"/>
</kw>
<kw name="Log" owner="BuiltIn">
<msg time="2024-04-24T06:20:56.480381" level="INFO">{'large': 'https://randomuser.me/api/portraits/men/82.jpg', 'medium': 'https://randomuser.me/api/portraits/med/men/82.jpg', 'thumbnail': 'https://randomuser.me/api/portraits/thumb/men/82.jpg'}</msg>
<arg>${json_data['results'][0]['picture']}</arg>
<doc>Logs the given message with the given level.</doc>
<status status="PASS" start="2024-04-24T06:20:56.480059" elapsed="0.000364"/>
</kw>
<status status="PASS" start="2024-04-24T06:20:56.332726" elapsed="0.147969"/>
</kw>
<kw name="Teste de Tipos de Dados - Postcode" owner="random-user-service">
<kw name="GET On Session" owner="RequestsLibrary">
<msg time="2024-04-24T06:20:56.510605" level="INFO">GET Request : url=https://randomuser.me/api 
 path_url=/api 
 headers={'User-Agent': 'python-requests/2.31.0', 'Accept-Encoding': 'gzip, deflate', 'Accept': '*/*', 'Connection': 'keep-alive'} 
 body=None 
 </msg>
<msg time="2024-04-24T06:20:56.510714" level="INFO">GET Response : url=https://randomuser.me/api 
 status=200, reason=OK 
 headers={'Date': 'Wed, 24 Apr 2024 06:20:56 GMT', 'Content-Type': 'application/json; charset=utf-8', 'Transfer-Encoding': 'chunked', 'Connection': 'keep-alive', 'X-Powered-By': 'Express', 'Access-Control-Allow-Origin': '*', 'Cache-Control': 'no-cache', 'ETag': 'W/"48f-f3uxf9II3a1ZpmIAMmo0XItR9YQ"', 'Vary': 'Accept-Encoding', 'Content-Encoding': 'gzip', 'CF-Cache-Status': 'DYNAMIC', 'Report-To': '{"endpoints":[{"url":"https:\\/\\/a.nel.cloudflare.com\\/report\\/v4?s=zoj29QasZRRjSssFuJHlc6VwUE5vC8HbQ90dAkiMsbOKqKkftcHNotnx1gMZT5oC64eo4UST6Pn%2Fi1GS8nvwkwHC54sKQTG8CEkhVM3C4dOBR60bFS7bntpu2OGluUmN"}],"group":"cf-nel","max_age":604800}', 'NEL': '{"success_fraction":0,"report_to":"cf-nel","max_age":604800}', 'Server': 'cloudflare', 'CF-RAY': '8793fd850d9728a6-IAD', 'alt-svc': 'h3=":443"; ma=86400'} 
 body={"results":[{"gender":"male","name":{"title":"Mr","first":"Javier","last":"Black"},"location":{"street":{"number":9836,"name":"Alexander Road"},"city":"Letterkenny","state":"Tipperary","country":"Ireland","postcode":80787,"coordinates":{"latitude":"3.7956","longitude":"-53.9546"},"timezone":{"offset":"+8:00","description":"Beijing, Perth, Singapore, Hong Kong"}},"email":"javier.black@example.com","login":{"uuid":"71df08dc-d546-4cb5-9498-02f6342fe52f","username":"organicleopard137","password":"dalejr","salt":"ZtrAUQue","md5":"b421975b3d465e8a71db79d4a8442f22","sha1":"fb01da06a6d3154d8a5c4e72d4e4c966f119c19b","sha256":"5cdc90e34824077e421a66feb46a7b6e92d4ec08262747ee24e74bf97692d305"},"dob":{"date":"1954-01-09T10:57:56.983Z","age":70},"registered":{"date":"2022-03-14T12:14:29.614Z","age":2},"phone":"021-219-8319","cell":"081-574-1904","id":{"name":"PPS","value":"9130562T"},"picture":{"large":"https://randomuser.me/api/portraits/men/43.jpg","medium":"https://randomuser.me/api/portraits/med/men/43.jpg","thumbnail":"https://randomuser.me/api/portraits/thumb/men/43.jpg"},"nat":"IE"}],"info":{"seed":"60708ee25281895c","results":1,"page":1,"version":"1.4"}} 
 </msg>
<msg time="2024-04-24T06:20:56.510793" level="INFO">/opt/hostedtoolcache/Python/3.12.3/x64/lib/python3.12/site-packages/urllib3/connectionpool.py:1103: InsecureRequestWarning: Unverified HTTPS request is being made to host 'randomuser.me'. Adding certificate verification is strongly advised. See: https://urllib3.readthedocs.io/en/latest/advanced-usage.html#tls-warnings
  warnings.warn(</msg>
<msg time="2024-04-24T06:20:56.510926" level="INFO">${response} = &lt;Response [200]&gt;</msg>
<var>${response}</var>
<arg>consultarAPI</arg>
<arg>/api</arg>
<doc>Sends a GET request on a previously created HTTP Session.</doc>
<status status="PASS" start="2024-04-24T06:20:56.481174" elapsed="0.029783"/>
</kw>
<kw name="Set Variable" owner="BuiltIn">
<msg time="2024-04-24T06:20:56.512002" level="INFO">${json_data} = {'results': [{'gender': 'male', 'name': {'title': 'Mr', 'first': 'Javier', 'last': 'Black'}, 'location': {'street': {'number': 9836, 'name': 'Alexander Road'}, 'city': 'Letterkenny', 'state': 'Tippera...</msg>
<var>${json_data}</var>
<arg>${response.json()}</arg>
<doc>Returns the given values which can then be assigned to a variables.</doc>
<status status="PASS" start="2024-04-24T06:20:56.511481" elapsed="0.000549"/>
</kw>
<kw name="Log" owner="BuiltIn">
<msg time="2024-04-24T06:20:56.512496" level="INFO">{'results': [{'gender': 'male', 'name': {'title': 'Mr', 'first': 'Javier', 'last': 'Black'}, 'location': {'street': {'number': 9836, 'name': 'Alexander Road'}, 'city': 'Letterkenny', 'state': 'Tipperary', 'country': 'Ireland', 'postcode': 80787, 'coordinates': {'latitude': '3.7956', 'longitude': '-53.9546'}, 'timezone': {'offset': '+8:00', 'description': 'Beijing, Perth, Singapore, Hong Kong'}}, 'email': 'javier.black@example.com', 'login': {'uuid': '71df08dc-d546-4cb5-9498-02f6342fe52f', 'username': 'organicleopard137', 'password': 'dalejr', 'salt': 'ZtrAUQue', 'md5': 'b421975b3d465e8a71db79d4a8442f22', 'sha1': 'fb01da06a6d3154d8a5c4e72d4e4c966f119c19b', 'sha256': '5cdc90e34824077e421a66feb46a7b6e92d4ec08262747ee24e74bf97692d305'}, 'dob': {'date': '1954-01-09T10:57:56.983Z', 'age': 70}, 'registered': {'date': '2022-03-14T12:14:29.614Z', 'age': 2}, 'phone': '021-219-8319', 'cell': '081-574-1904', 'id': {'name': 'PPS', 'value': '9130562T'}, 'picture': {'large': 'https://randomuser.me/api/portraits/men/43.jpg', 'medium': 'https://randomuser.me/api/portraits/med/men/43.jpg', 'thumbnail': 'https://randomuser.me/api/portraits/thumb/men/43.jpg'}, 'nat': 'IE'}], 'info': {'seed': '60708ee25281895c', 'results': 1, 'page': 1, 'version': '1.4'}}</msg>
<arg>${json_data}</arg>
<doc>Logs the given message with the given level.</doc>
<status status="PASS" start="2024-04-24T06:20:56.512339" elapsed="0.000240"/>
</kw>
<kw name="Should Be Equal As Numbers" owner="BuiltIn">
<arg>${json_data['results'][0]['location']['postcode']}</arg>
<arg>${json_data['results'][0]['location']['postcode']}</arg>
<doc>Fails if objects are unequal after converting them to real numbers.</doc>
<status status="PASS" start="2024-04-24T06:20:56.512889" elapsed="0.000813"/>
</kw>
<kw name="Log" owner="BuiltIn">
<msg time="2024-04-24T06:20:56.514236" level="INFO">80787</msg>
<arg>${json_data['results'][0]['location']['postcode']}</arg>
<doc>Logs the given message with the given level.</doc>
<status status="PASS" start="2024-04-24T06:20:56.513895" elapsed="0.000382"/>
</kw>
<status status="PASS" start="2024-04-24T06:20:56.480934" elapsed="0.033631"/>
</kw>
<doc>Testa se os tipos de dados na resposta da API estão corretos.</doc>
<tag>testeTiposDados</tag>
<status status="PASS" start="2024-04-24T06:20:56.332140" elapsed="0.182599"/>
</test>
<test id="s1-s1-t5" name="Validar conteudo" line="35">
<kw name="Teste de Tipos de Conteudo" owner="random-user-service">
<kw name="GET On Session" owner="RequestsLibrary">
<msg time="2024-04-24T06:20:56.628102" level="INFO">GET Request : url=https://randomuser.me/api 
 path_url=/api 
 headers={'User-Agent': 'python-requests/2.31.0', 'Accept-Encoding': 'gzip, deflate', 'Accept': '*/*', 'Connection': 'keep-alive'} 
 body=None 
 </msg>
<msg time="2024-04-24T06:20:56.628204" level="INFO">GET Response : url=https://randomuser.me/api 
 status=200, reason=OK 
 headers={'Date': 'Wed, 24 Apr 2024 06:20:56 GMT', 'Content-Type': 'application/json; charset=utf-8', 'Transfer-Encoding': 'chunked', 'Connection': 'keep-alive', 'X-Powered-By': 'Express', 'Access-Control-Allow-Origin': '*', 'Cache-Control': 'no-cache', 'ETag': 'W/"482-YWc0n/4ZMAT1OiYza4tUnzVG/Uc"', 'Vary': 'Accept-Encoding', 'Content-Encoding': 'gzip', 'CF-Cache-Status': 'DYNAMIC', 'Report-To': '{"endpoints":[{"url":"https:\\/\\/a.nel.cloudflare.com\\/report\\/v4?s=FCDSttZiWAXHYGDzqV%2FuBn38bEatXprYOA2PZKUYd0XOslxTO%2BGNklKEbwyivj3GgGf6zO%2BEO05iLk0xViCsZdyFmT0Pq6q8tKQuKZV2h3%2Boe0rRAaI7jmCWzF2kCmlo"}],"group":"cf-nel","max_age":604800}', 'NEL': '{"success_fraction":0,"report_to":"cf-nel","max_age":604800}', 'Server': 'cloudflare', 'CF-RAY': '8793fd854dc028a6-IAD', 'alt-svc': 'h3=":443"; ma=86400'} 
 body={"results":[{"gender":"male","name":{"title":"Mr","first":"Frederikke","last":"Poulsen"},"location":{"street":{"number":6114,"name":"Østre Strandvej"},"city":"Nimtofte","state":"Sjælland","country":"Denmark","postcode":27930,"coordinates":{"latitude":"-46.8577","longitude":"-135.7463"},"timezone":{"offset":"-12:00","description":"Eniwetok, Kwajalein"}},"email":"frederikke.poulsen@example.com","login":{"uuid":"5d09f8b3-f25a-4d28-bda4-120eb12bea64","username":"redfish175","password":"smiles","salt":"7hvQ1iGm","md5":"d4a319cfa9d07547c9660c3e56024703","sha1":"a634a78696b46c98876eedbf08889bdcdab3825b","sha256":"97b365bcdfb3aac4c2fb9d0fb1a6de2240840e4546f65458ef99bd5aaf903417"},"dob":{"date":"1953-11-20T02:52:38.556Z","age":70},"registered":{"date":"2003-05-23T15:47:11.999Z","age":20},"phone":"60169632","cell":"67588189","id":{"name":"CPR","value":"191153-5037"},"picture":{"large":"https://randomuser.me/api/portraits/men/90.jpg","medium":"https://randomuser.me/api/portraits/med/men/90.jpg","thumbnail":"https://randomuser.me/api/portraits/thumb/men/90.jpg"},"nat":"DK"}],"info":{"seed":"94ab17cc1e19e381","results":1,"page":1,"version":"1.4"}} 
 </msg>
<msg time="2024-04-24T06:20:56.628277" level="INFO">/opt/hostedtoolcache/Python/3.12.3/x64/lib/python3.12/site-packages/urllib3/connectionpool.py:1103: InsecureRequestWarning: Unverified HTTPS request is being made to host 'randomuser.me'. Adding certificate verification is strongly advised. See: https://urllib3.readthedocs.io/en/latest/advanced-usage.html#tls-warnings
  warnings.warn(</msg>
<msg time="2024-04-24T06:20:56.628397" level="INFO">${response} = &lt;Response [200]&gt;</msg>
<var>${response}</var>
<arg>consultarAPI</arg>
<arg>/api</arg>
<doc>Sends a GET request on a previously created HTTP Session.</doc>
<status status="PASS" start="2024-04-24T06:20:56.517193" elapsed="0.111231"/>
</kw>
<kw name="Set Variable" owner="BuiltIn">
<msg time="2024-04-24T06:20:56.629499" level="INFO">${json_data} = {'results': [{'gender': 'male', 'name': {'title': 'Mr', 'first': 'Frederikke', 'last': 'Poulsen'}, 'location': {'street': {'number': 6114, 'name': 'Østre Strandvej'}, 'city': 'Nimtofte', 'state': 'Sjæ...</msg>
<var>${json_data}</var>
<arg>${response.json()}</arg>
<doc>Returns the given values which can then be assigned to a variables.</doc>
<status status="PASS" start="2024-04-24T06:20:56.628957" elapsed="0.000572"/>
</kw>
<kw name="Set Variable" owner="BuiltIn">
<msg time="2024-04-24T06:20:56.630234" level="INFO">${name_title} = Mr</msg>
<var>${name_title}</var>
<arg>${json_data["results"][0]["name"]["title"]}</arg>
<doc>Returns the given values which can then be assigned to a variables.</doc>
<status status="PASS" start="2024-04-24T06:20:56.629835" elapsed="0.000424"/>
</kw>
<kw name="Create List" owner="BuiltIn">
<msg time="2024-04-24T06:20:56.630746" level="INFO">${allowed_titles} = ['Mr', 'Ms', 'Miss', 'Mrs', 'Madame', 'Monsieur']</msg>
<var>${allowed_titles}</var>
<arg>Mr</arg>
<arg>Ms</arg>
<arg>Miss</arg>
<arg>Mrs</arg>
<arg>Madame</arg>
<arg>Monsieur</arg>
<doc>Returns a list containing given items.</doc>
<status status="PASS" start="2024-04-24T06:20:56.630598" elapsed="0.000172"/>
</kw>
<kw name="List Should Contain Value" owner="Collections">
<msg time="2024-04-24T06:20:56.631259" level="INFO">False</msg>
<arg>${allowed_titles}</arg>
<arg>${name_title}</arg>
<doc>Fails if the ``value`` is not found from ``list``.</doc>
<status status="PASS" start="2024-04-24T06:20:56.631083" elapsed="0.000212"/>
</kw>
<kw name="Set Variable" owner="BuiltIn">
<msg time="2024-04-24T06:20:56.631967" level="INFO">${name_country} = DK</msg>
<var>${name_country}</var>
<arg>${json_data["results"][0]["nat"]}</arg>
<doc>Returns the given values which can then be assigned to a variables.</doc>
<status status="PASS" start="2024-04-24T06:20:56.631585" elapsed="0.000407"/>
</kw>
<kw name="Create List" owner="BuiltIn">
<msg time="2024-04-24T06:20:56.632872" level="INFO">${list_country} = ['AD', 'AE', 'AF', 'AG', 'AI', 'AL', 'AM', 'AO', 'AQ', 'AR', 'AS', 'AT', 'AU', 'AW', 'AX', 'AZ', 'BA', 'BB', 'BD', 'BE', 'BF', 'BG', 'BH', 'BI', 'BJ', 'BL', 'BM', 'BN', 'BO', 'BQ', 'BR', 'BS', 'BT', '...</msg>
<var>${list_country}</var>
<arg>AD</arg>
<arg>AE</arg>
<arg>AF</arg>
<arg>AG</arg>
<arg>AI</arg>
<arg>AL</arg>
<arg>AM</arg>
<arg>AO</arg>
<arg>AQ</arg>
<arg>AR</arg>
<arg>AS</arg>
<arg>AT</arg>
<arg>AU</arg>
<arg>AW</arg>
<arg>AX</arg>
<arg>AZ</arg>
<arg>BA</arg>
<arg>BB</arg>
<arg>BD</arg>
<arg>BE</arg>
<arg>BF</arg>
<arg>BG</arg>
<arg>BH</arg>
<arg>BI</arg>
<arg>BJ</arg>
<arg>BL</arg>
<arg>BM</arg>
<arg>BN</arg>
<arg>BO</arg>
<arg>BQ</arg>
<arg>BR</arg>
<arg>BS</arg>
<arg>BT</arg>
<arg>BV</arg>
<arg>BW</arg>
<arg>BY</arg>
<arg>BZ</arg>
<arg>CA</arg>
<arg>CC</arg>
<arg>CD</arg>
<arg>CF</arg>
<arg>CG</arg>
<arg>CH</arg>
<arg>CI</arg>
<arg>CK</arg>
<arg>CL</arg>
<arg>CM</arg>
<arg>CN</arg>
<arg>CO</arg>
<arg>CR</arg>
<arg>CU</arg>
<arg>CV</arg>
<arg>CW</arg>
<arg>CX</arg>
<arg>CY</arg>
<arg>CZ</arg>
<arg>DE</arg>
<arg>DJ</arg>
<arg>DK</arg>
<arg>DM</arg>
<arg>DO</arg>
<arg>DZ</arg>
<arg>EC</arg>
<arg>EE</arg>
<arg>EG</arg>
<arg>EH</arg>
<arg>ER</arg>
<arg>ES</arg>
<arg>ET</arg>
<arg>FI</arg>
<arg>FJ</arg>
<arg>FK</arg>
<arg>FM</arg>
<arg>FO</arg>
<arg>FR</arg>
<arg>GA</arg>
<arg>GB</arg>
<arg>GD</arg>
<arg>GE</arg>
<arg>GF</arg>
<arg>GG</arg>
<arg>GH</arg>
<arg>GI</arg>
<arg>GL</arg>
<arg>GM</arg>
<arg>GN</arg>
<arg>GP</arg>
<arg>GQ</arg>
<arg>GR</arg>
<arg>GS</arg>
<arg>GT</arg>
<arg>GU</arg>
<arg>GW</arg>
<arg>GY</arg>
<arg>HK</arg>
<arg>HM</arg>
<arg>HN</arg>
<arg>HR</arg>
<arg>HT</arg>
<arg>HU</arg>
<arg>ID</arg>
<arg>IE</arg>
<arg>IL</arg>
<arg>IM</arg>
<arg>IN</arg>
<arg>IO</arg>
<arg>IQ</arg>
<arg>IR</arg>
<arg>IS</arg>
<arg>IT</arg>
<arg>JE</arg>
<arg>JM</arg>
<arg>JO</arg>
<arg>JP</arg>
<arg>KE</arg>
<arg>KG</arg>
<arg>KH</arg>
<arg>KI</arg>
<arg>KM</arg>
<arg>KN</arg>
<arg>KP</arg>
<arg>KR</arg>
<arg>KW</arg>
<arg>KY</arg>
<arg>KZ</arg>
<arg>LA</arg>
<arg>LB</arg>
<arg>LC</arg>
<arg>LI</arg>
<arg>LK</arg>
<arg>LR</arg>
<arg>LS</arg>
<arg>LT</arg>
<arg>LU</arg>
<arg>LV</arg>
<arg>LY</arg>
<arg>MA</arg>
<arg>MC</arg>
<arg>MD</arg>
<arg>ME</arg>
<arg>MF</arg>
<arg>MG</arg>
<arg>MH</arg>
<arg>MK</arg>
<arg>ML</arg>
<arg>MM</arg>
<arg>MN</arg>
<arg>MO</arg>
<arg>MP</arg>
<arg>MQ</arg>
<arg>MR</arg>
<arg>MS</arg>
<arg>MT</arg>
<arg>MU</arg>
<arg>MV</arg>
<arg>MW</arg>
<arg>MX</arg>
<arg>MY</arg>
<arg>MZ</arg>
<arg>NA</arg>
<arg>NC</arg>
<arg>NE</arg>
<arg>NF</arg>
<arg>NG</arg>
<arg>NI</arg>
<arg>NL</arg>
<arg>NO</arg>
<arg>NP</arg>
<arg>NR</arg>
<arg>NU</arg>
<arg>NZ</arg>
<arg>OM</arg>
<arg>PA</arg>
<arg>PE</arg>
<arg>PF</arg>
<arg>PG</arg>
<arg>PH</arg>
<arg>PK</arg>
<arg>PL</arg>
<arg>PM</arg>
<arg>PN</arg>
<arg>PR</arg>
<arg>PS</arg>
<arg>PT</arg>
<arg>PW</arg>
<arg>PY</arg>
<arg>QA</arg>
<arg>RE</arg>
<arg>RO</arg>
<arg>RS</arg>
<arg>RU</arg>
<arg>RW</arg>
<arg>SA</arg>
<arg>SB</arg>
<arg>SC</arg>
<arg>SD</arg>
<arg>SE</arg>
<arg>SG</arg>
<arg>SH</arg>
<arg>SI</arg>
<arg>SJ</arg>
<arg>SK</arg>
<arg>SL</arg>
<arg>SM</arg>
<arg>SN</arg>
<arg>SO</arg>
<arg>SR</arg>
<arg>SS</arg>
<arg>ST</arg>
<arg>SV</arg>
<arg>SX</arg>
<arg>SY</arg>
<arg>SZ</arg>
<arg>TC</arg>
<arg>TD</arg>
<arg>TF</arg>
<arg>TG</arg>
<arg>TH</arg>
<arg>TJ</arg>
<arg>TK</arg>
<arg>TL</arg>
<arg>TM</arg>
<arg>TN</arg>
<arg>TO</arg>
<arg>TR</arg>
<arg>TT</arg>
<arg>TV</arg>
<arg>TW</arg>
<arg>TZ</arg>
<arg>UA</arg>
<arg>UG</arg>
<arg>UM</arg>
<arg>US</arg>
<arg>UY</arg>
<arg>UZ</arg>
<arg>VA</arg>
<arg>VC</arg>
<arg>VE</arg>
<arg>VG</arg>
<arg>VI</arg>
<arg>VN</arg>
<arg>VU</arg>
<arg>WF</arg>
<arg>WS</arg>
<arg>XK</arg>
<arg>YE</arg>
<arg>YT</arg>
<arg>ZA</arg>
<arg>ZM</arg>
<arg>ZW</arg>
<doc>Returns a list containing given items.</doc>
<status status="PASS" start="2024-04-24T06:20:56.632292" elapsed="0.000605"/>
</kw>
<kw name="List Should Contain Value" owner="Collections">
<msg time="2024-04-24T06:20:56.633890" level="INFO">False</msg>
<arg>${list_country}</arg>
<arg>${name_country}</arg>
<doc>Fails if the ``value`` is not found from ``list``.</doc>
<status status="PASS" start="2024-04-24T06:20:56.633691" elapsed="0.000236"/>
</kw>
<kw name="Run Keyword If" owner="BuiltIn">
<kw name="Should Be True" owner="BuiltIn">
<arg>${True}</arg>
<doc>Fails if the given condition is not true.</doc>
<status status="PASS" start="2024-04-24T06:20:56.635050" elapsed="0.000146"/>
</kw>
<arg>${json_data["results"][0]["location"]["coordinates"]["latitude"]} &gt;= -90 and ${json_data["results"][0]["location"]["coordinates"]["latitude"]} &lt;= 90</arg>
<arg>Should Be True</arg>
<arg>${True}</arg>
<doc>Runs the given keyword with the given arguments, if ``condition`` is true.</doc>
<status status="PASS" start="2024-04-24T06:20:56.634241" elapsed="0.001081"/>
</kw>
<kw name="Run Keyword If" owner="BuiltIn">
<kw name="Should Be True" owner="BuiltIn">
<arg>${True}</arg>
<doc>Fails if the given condition is not true.</doc>
<status status="PASS" start="2024-04-24T06:20:56.636202" elapsed="0.000263"/>
</kw>
<arg>${json_data["results"][0]["location"]["coordinates"]["longitude"]} &gt;= -180 and ${json_data["results"][0]["location"]["coordinates"]["longitude"]} &lt;= 180</arg>
<arg>Should Be True</arg>
<arg>${True}</arg>
<doc>Runs the given keyword with the given arguments, if ``condition`` is true.</doc>
<status status="PASS" start="2024-04-24T06:20:56.635509" elapsed="0.001084"/>
</kw>
<status status="PASS" start="2024-04-24T06:20:56.516951" elapsed="0.119774"/>
</kw>
<doc>Testa o conteúdo específico dos campos retornados pela API.</doc>
<tag>testeConteudo</tag>
<status status="PASS" start="2024-04-24T06:20:56.516490" elapsed="0.120390"/>
</test>
<status status="PASS" start="2024-04-24T06:20:55.823955" elapsed="0.814914"/>
</suite>
<status status="PASS" start="2024-04-24T06:20:55.810107" elapsed="0.833923"/>
</suite>
<statistics>
<total>
<stat pass="5" fail="0" skip="0">All Tests</stat>
</total>
<tag>
<stat pass="1" fail="0" skip="0">testeConteudo</stat>
<stat pass="1" fail="0" skip="0">testeEstruturaResposta</stat>
<stat pass="1" fail="0" skip="0">testeRequisicaoBasica</stat>
<stat pass="1" fail="0" skip="0">testeTiposDados</stat>
</tag>
<suite>
<stat pass="5" fail="0" skip="0" id="s1" name="Tests">Tests</stat>
<stat pass="5" fail="0" skip="0" id="s1-s1" name="Random-User-Test">Tests.Random-User-Test</stat>
</suite>
</statistics>
<errors>
</errors>
</robot>
