<?xml version="1.0" encoding="UTF-8"?>
<robot generator="Robot 7.0 (Python 3.12.3 on linux)" generated="2024-05-04T01:55:37.394610" rpa="false" schemaversion="5">
<suite id="s1" name="Tests" source="/home/runner/work/DesafioQAItauRogerioJordao/DesafioQAItauRogerioJordao/RamdonUser/tests">
<suite id="s1-s1" name="Random-User-Test" source="/home/runner/work/DesafioQAItauRogerioJordao/DesafioQAItauRogerioJordao/RamdonUser/tests/random-user-test.robot">
<test id="s1-s1-t1" name="Conectar" line="13">
<kw name="Conectar API" owner="random-user-service">
<kw name="Create Session" owner="RequestsLibrary">
<msg time="2024-05-04T01:55:37.771850" level="INFO">Creating Session using : alias=consultarAPI, url=https://randomuser.me/, headers={},                     cookies={}, auth=None, timeout=None, proxies=None, verify=False,                     debug=0 </msg>
<arg>consultarAPI</arg>
<arg>${URL}</arg>
<doc>Create Session: create a HTTP session to a server</doc>
<status status="PASS" start="2024-05-04T01:55:37.771640" elapsed="0.000400"/>
</kw>
<status status="PASS" start="2024-05-04T01:55:37.770572" elapsed="0.001864"/>
</kw>
<status status="PASS" start="2024-05-04T01:55:37.769977" elapsed="0.002665"/>
</test>
<test id="s1-s1-t2" name="Validar retorno 200 e JSON Válido" line="16">
<kw name="Teste de Requisicao Basica" owner="random-user-service">
<kw name="GET On Session" owner="RequestsLibrary">
<msg time="2024-05-04T01:55:37.857982" level="INFO">GET Request : url=https://randomuser.me/api 
 path_url=/api 
 headers={'User-Agent': 'python-requests/2.31.0', 'Accept-Encoding': 'gzip, deflate', 'Accept': '*/*', 'Connection': 'keep-alive'} 
 body=None 
 </msg>
<msg time="2024-05-04T01:55:37.858129" level="INFO">GET Response : url=https://randomuser.me/api 
 status=200, reason=OK 
 headers={'Date': 'Sat, 04 May 2024 01:55:37 GMT', 'Content-Type': 'application/json; charset=utf-8', 'Transfer-Encoding': 'chunked', 'Connection': 'keep-alive', 'X-Powered-By': 'Express', 'Access-Control-Allow-Origin': '*', 'Cache-Control': 'no-cache', 'ETag': 'W/"48b-dB1j4ELaVz/emRp3QATfcUph04c"', 'Vary': 'Accept-Encoding', 'Content-Encoding': 'gzip', 'CF-Cache-Status': 'DYNAMIC', 'Report-To': '{"endpoints":[{"url":"https:\\/\\/a.nel.cloudflare.com\\/report\\/v4?s=bJZC9ToMKHhfBKNx1Iqn7em7yjeaCxROSs0yAwWURkdBPOaXBVvBrH4%2FaZG3Y3edfnfbf5va36BZS67rEBoDllvcj%2FZ%2BNzWtln8dpOOQKAISwKTwnTfWG2Gp4eAoNeYF"}],"group":"cf-nel","max_age":604800}', 'NEL': '{"success_fraction":0,"report_to":"cf-nel","max_age":604800}', 'Server': 'cloudflare', 'CF-RAY': '87e4dea15d246082-ORD', 'alt-svc': 'h3=":443"; ma=86400'} 
 body={"results":[{"gender":"male","name":{"title":"Mr","first":"Alex","last":"Jackson"},"location":{"street":{"number":1110,"name":"Moray Place"},"city":"Upper Hutt","state":"Southland","country":"New Zealand","postcode":20835,"coordinates":{"latitude":"48.4903","longitude":"-167.4217"},"timezone":{"offset":"-4:00","description":"Atlantic Time (Canada), Caracas, La Paz"}},"email":"alex.jackson@example.com","login":{"uuid":"05418da1-2f41-4691-a14f-2deb9737a275","username":"crazyzebra251","password":"badboy","salt":"k8pgzMgi","md5":"8f40a2a17746cd7381ab309ed754b578","sha1":"c31a3cf1dbd60c9cc65f21196b5549be3236008d","sha256":"665b6b00e8ac0757d8184794d2c104f10da33ffe564b30618d930b690bbb86bd"},"dob":{"date":"1991-02-19T21:17:15.525Z","age":33},"registered":{"date":"2020-04-09T17:18:25.179Z","age":4},"phone":"(542)-461-4313","cell":"(327)-512-3357","id":{"name":"","value":null},"picture":{"large":"https://randomuser.me/api/portraits/men/70.jpg","medium":"https://randomuser.me/api/portraits/med/men/70.jpg","thumbnail":"https://randomuser.me/api/portraits/thumb/men/70.jpg"},"nat":"NZ"}],"info":{"seed":"75a02a2811bd527d","results":1,"page":1,"version":"1.4"}} 
 </msg>
<msg time="2024-05-04T01:55:37.858211" level="INFO">/opt/hostedtoolcache/Python/3.12.3/x64/lib/python3.12/site-packages/urllib3/connectionpool.py:1103: InsecureRequestWarning: Unverified HTTPS request is being made to host 'randomuser.me'. Adding certificate verification is strongly advised. See: https://urllib3.readthedocs.io/en/latest/advanced-usage.html#tls-warnings
  warnings.warn(</msg>
<msg time="2024-05-04T01:55:37.858364" level="INFO">${response} = &lt;Response [200]&gt;</msg>
<var>${response}</var>
<arg>consultarAPI</arg>
<arg>/api</arg>
<doc>Sends a GET request on a previously created HTTP Session.</doc>
<status status="PASS" start="2024-05-04T01:55:37.775282" elapsed="0.083123"/>
</kw>
<kw name="Should Be Equal As Numbers" owner="BuiltIn">
<msg time="2024-05-04T01:55:37.859553" level="INFO">Argument types are:
&lt;class 'int'&gt;
&lt;class 'str'&gt;</msg>
<arg>${response.status_code}</arg>
<arg>200</arg>
<doc>Fails if objects are unequal after converting them to real numbers.</doc>
<status status="PASS" start="2024-05-04T01:55:37.859058" elapsed="0.000559"/>
</kw>
<kw name="Log" owner="BuiltIn">
<msg time="2024-05-04T01:55:37.860273" level="INFO">200</msg>
<arg>${response.status_code}</arg>
<doc>Logs the given message with the given level.</doc>
<status status="PASS" start="2024-05-04T01:55:37.859931" elapsed="0.000383"/>
</kw>
<kw name="Set Variable" owner="BuiltIn">
<msg time="2024-05-04T01:55:37.861089" level="INFO">${json_data} = {'results': [{'gender': 'male', 'name': {'title': 'Mr', 'first': 'Alex', 'last': 'Jackson'}, 'location': {'street': {'number': 1110, 'name': 'Moray Place'}, 'city': 'Upper Hutt', 'state': 'Southland',...</msg>
<var>${json_data}</var>
<arg>${response.json()}</arg>
<doc>Returns the given values which can then be assigned to a variables.</doc>
<status status="PASS" start="2024-05-04T01:55:37.860660" elapsed="0.000457"/>
</kw>
<kw name="Dictionary Should Contain Key" owner="Collections">
<msg time="2024-05-04T01:55:37.861579" level="INFO">False</msg>
<arg>${json_data}</arg>
<arg>results</arg>
<doc>Fails if ``key`` is not found from ``dictionary``.</doc>
<status status="PASS" start="2024-05-04T01:55:37.861409" elapsed="0.000209"/>
</kw>
<status status="PASS" start="2024-05-04T01:55:37.775033" elapsed="0.086839"/>
</kw>
<doc>Testa se a API responde corretamente e retorna um objeto JSON válido.</doc>
<tag>testeRequisicaoBasica</tag>
<status status="PASS" start="2024-05-04T01:55:37.774566" elapsed="0.087484"/>
</test>
<test id="s1-s1-t3" name="Validar estrutura de resposta" line="22">
<kw name="Teste de Estrutura de Resposta" owner="random-user-service">
<kw name="GET On Session" owner="RequestsLibrary">
<msg time="2024-05-04T01:55:37.962015" level="INFO">GET Request : url=https://randomuser.me/api 
 path_url=/api 
 headers={'User-Agent': 'python-requests/2.31.0', 'Accept-Encoding': 'gzip, deflate', 'Accept': '*/*', 'Connection': 'keep-alive'} 
 body=None 
 </msg>
<msg time="2024-05-04T01:55:37.962116" level="INFO">GET Response : url=https://randomuser.me/api 
 status=200, reason=OK 
 headers={'Date': 'Sat, 04 May 2024 01:55:37 GMT', 'Content-Type': 'application/json; charset=utf-8', 'Transfer-Encoding': 'chunked', 'Connection': 'keep-alive', 'X-Powered-By': 'Express', 'Access-Control-Allow-Origin': '*', 'Cache-Control': 'no-cache', 'ETag': 'W/"4af-GvK4PUiCJ5WhrBqdFJVpiuw2Lq0"', 'Vary': 'Accept-Encoding', 'Content-Encoding': 'gzip', 'CF-Cache-Status': 'DYNAMIC', 'Report-To': '{"endpoints":[{"url":"https:\\/\\/a.nel.cloudflare.com\\/report\\/v4?s=Uly6f9CdOzTgbNt%2BYtZH%2FSUHuQlpz5%2B%2F8OBLPHSufir8hNp5W8rR7yBOit9b8G%2F0yWFZmCWPkrY6zmnA5zIIaaXeotYc1YmGSaCETwoE5s79S0fIbFA6uyG3wAz1nDZ2"}],"group":"cf-nel","max_age":604800}', 'NEL': '{"success_fraction":0,"report_to":"cf-nel","max_age":604800}', 'Server': 'cloudflare', 'CF-RAY': '87e4dea1ad6a6082-ORD', 'alt-svc': 'h3=":443"; ma=86400'} 
 body={"results":[{"gender":"female","name":{"title":"Mrs","first":"Fabiola","last":"Cepeda"},"location":{"street":{"number":9760,"name":"Circunvalación Norte Ontiveros"},"city":"José Guadalupe Rodríguez","state":"Coahuila","country":"Mexico","postcode":23868,"coordinates":{"latitude":"27.9350","longitude":"173.4330"},"timezone":{"offset":"-2:00","description":"Mid-Atlantic"}},"email":"fabiola.cepeda@example.com","login":{"uuid":"6356f663-2f7a-4148-960a-3b31f2d959d7","username":"purpleelephant761","password":"147852","salt":"9DNhsIJy","md5":"ae59adb44fa93450b081705917b98169","sha1":"746d57b2b8c05b58e3c738ee7b2e9bbd9b42ce06","sha256":"8e906b215e954970de5f21218d3c70364eecd5c581df34fc08ed88094c7857c4"},"dob":{"date":"1957-04-09T07:08:07.486Z","age":67},"registered":{"date":"2003-08-12T17:43:00.561Z","age":20},"phone":"(618) 536 8421","cell":"(647) 484 9171","id":{"name":"NSS","value":"36 64 60 1024 0"},"picture":{"large":"https://randomuser.me/api/portraits/women/91.jpg","medium":"https://randomuser.me/api/portraits/med/women/91.jpg","thumbnail":"https://randomuser.me/api/portraits/thumb/women/91.jpg"},"nat":"MX"}],"info":{"seed":"6a5e0543e354aa6f","results":1,"page":1,"version":"1.4"}} 
 </msg>
<msg time="2024-05-04T01:55:37.962237" level="INFO">/opt/hostedtoolcache/Python/3.12.3/x64/lib/python3.12/site-packages/urllib3/connectionpool.py:1103: InsecureRequestWarning: Unverified HTTPS request is being made to host 'randomuser.me'. Adding certificate verification is strongly advised. See: https://urllib3.readthedocs.io/en/latest/advanced-usage.html#tls-warnings
  warnings.warn(</msg>
<msg time="2024-05-04T01:55:37.962383" level="INFO">${response} = &lt;Response [200]&gt;</msg>
<var>${response}</var>
<arg>consultarAPI</arg>
<arg>/api</arg>
<doc>Sends a GET request on a previously created HTTP Session.</doc>
<status status="PASS" start="2024-05-04T01:55:37.864727" elapsed="0.097695"/>
</kw>
<kw name="Set Variable" owner="BuiltIn">
<msg time="2024-05-04T01:55:37.963593" level="INFO">${json_data} = {'results': [{'gender': 'female', 'name': {'title': 'Mrs', 'first': 'Fabiola', 'last': 'Cepeda'}, 'location': {'street': {'number': 9760, 'name': 'Circunvalación Norte Ontiveros'}, 'city': 'José Guada...</msg>
<var>${json_data}</var>
<arg>${response.json()}</arg>
<doc>Returns the given values which can then be assigned to a variables.</doc>
<status status="PASS" start="2024-05-04T01:55:37.963036" elapsed="0.000588"/>
</kw>
<kw name="Log" owner="BuiltIn">
<msg time="2024-05-04T01:55:37.964098" level="INFO">{'results': [{'gender': 'female', 'name': {'title': 'Mrs', 'first': 'Fabiola', 'last': 'Cepeda'}, 'location': {'street': {'number': 9760, 'name': 'Circunvalación Norte Ontiveros'}, 'city': 'José Guadalupe Rodríguez', 'state': 'Coahuila', 'country': 'Mexico', 'postcode': 23868, 'coordinates': {'latitude': '27.9350', 'longitude': '173.4330'}, 'timezone': {'offset': '-2:00', 'description': 'Mid-Atlantic'}}, 'email': 'fabiola.cepeda@example.com', 'login': {'uuid': '6356f663-2f7a-4148-960a-3b31f2d959d7', 'username': 'purpleelephant761', 'password': '147852', 'salt': '9DNhsIJy', 'md5': 'ae59adb44fa93450b081705917b98169', 'sha1': '746d57b2b8c05b58e3c738ee7b2e9bbd9b42ce06', 'sha256': '8e906b215e954970de5f21218d3c70364eecd5c581df34fc08ed88094c7857c4'}, 'dob': {'date': '1957-04-09T07:08:07.486Z', 'age': 67}, 'registered': {'date': '2003-08-12T17:43:00.561Z', 'age': 20}, 'phone': '(618) 536 8421', 'cell': '(647) 484 9171', 'id': {'name': 'NSS', 'value': '36 64 60 1024 0'}, 'picture': {'large': 'https://randomuser.me/api/portraits/women/91.jpg', 'medium': 'https://randomuser.me/api/portraits/med/women/91.jpg', 'thumbnail': 'https://randomuser.me/api/portraits/thumb/women/91.jpg'}, 'nat': 'MX'}], 'info': {'seed': '6a5e0543e354aa6f', 'results': 1, 'page': 1, 'version': '1.4'}}</msg>
<arg>${json_data}</arg>
<doc>Logs the given message with the given level.</doc>
<status status="PASS" start="2024-05-04T01:55:37.963934" elapsed="0.000212"/>
</kw>
<kw name="Dictionary Should Contain Key" owner="Collections">
<msg time="2024-05-04T01:55:37.964645" level="INFO">False</msg>
<arg>${json_data}</arg>
<arg>results</arg>
<doc>Fails if ``key`` is not found from ``dictionary``.</doc>
<status status="PASS" start="2024-05-04T01:55:37.964478" elapsed="0.000204"/>
</kw>
<kw name="Should Not Be Empty" owner="BuiltIn">
<msg time="2024-05-04T01:55:37.965099" level="INFO">Length is 2.</msg>
<arg>${json_data}</arg>
<doc>Verifies that the given item is not empty.</doc>
<status status="PASS" start="2024-05-04T01:55:37.964970" elapsed="0.000333"/>
</kw>
<kw name="Create List" owner="BuiltIn">
<msg time="2024-05-04T01:55:37.965750" level="INFO">${expected_keys} = ['gender', 'name', 'location', 'email', 'login']</msg>
<var>${expected_keys}</var>
<arg>gender</arg>
<arg>name</arg>
<arg>location</arg>
<arg>email</arg>
<arg>login</arg>
<doc>Returns a list containing given items.</doc>
<status status="PASS" start="2024-05-04T01:55:37.965597" elapsed="0.000177"/>
</kw>
<for flavor="IN">
<iter>
<kw name="Dictionary Should Contain Key" owner="Collections">
<msg time="2024-05-04T01:55:37.966747" level="INFO">False</msg>
<arg>${json_data['results'][0]}</arg>
<arg>${key}</arg>
<doc>Fails if ``key`` is not found from ``dictionary``.</doc>
<status status="PASS" start="2024-05-04T01:55:37.966354" elapsed="0.000430"/>
</kw>
<kw name="Log" owner="BuiltIn">
<msg time="2024-05-04T01:55:37.967441" level="INFO">{'gender': 'female', 'name': {'title': 'Mrs', 'first': 'Fabiola', 'last': 'Cepeda'}, 'location': {'street': {'number': 9760, 'name': 'Circunvalación Norte Ontiveros'}, 'city': 'José Guadalupe Rodríguez', 'state': 'Coahuila', 'country': 'Mexico', 'postcode': 23868, 'coordinates': {'latitude': '27.9350', 'longitude': '173.4330'}, 'timezone': {'offset': '-2:00', 'description': 'Mid-Atlantic'}}, 'email': 'fabiola.cepeda@example.com', 'login': {'uuid': '6356f663-2f7a-4148-960a-3b31f2d959d7', 'username': 'purpleelephant761', 'password': '147852', 'salt': '9DNhsIJy', 'md5': 'ae59adb44fa93450b081705917b98169', 'sha1': '746d57b2b8c05b58e3c738ee7b2e9bbd9b42ce06', 'sha256': '8e906b215e954970de5f21218d3c70364eecd5c581df34fc08ed88094c7857c4'}, 'dob': {'date': '1957-04-09T07:08:07.486Z', 'age': 67}, 'registered': {'date': '2003-08-12T17:43:00.561Z', 'age': 20}, 'phone': '(618) 536 8421', 'cell': '(647) 484 9171', 'id': {'name': 'NSS', 'value': '36 64 60 1024 0'}, 'picture': {'large': 'https://randomuser.me/api/portraits/women/91.jpg', 'medium': 'https://randomuser.me/api/portraits/med/women/91.jpg', 'thumbnail': 'https://randomuser.me/api/portraits/thumb/women/91.jpg'}, 'nat': 'MX'}</msg>
<arg>${json_data['results'][0]}</arg>
<doc>Logs the given message with the given level.</doc>
<status status="PASS" start="2024-05-04T01:55:37.967080" elapsed="0.000410"/>
</kw>
<kw name="Log" owner="BuiltIn">
<msg time="2024-05-04T01:55:37.967906" level="INFO">gender</msg>
<arg>${key}</arg>
<doc>Logs the given message with the given level.</doc>
<status status="PASS" start="2024-05-04T01:55:37.967779" elapsed="0.000163"/>
</kw>
<var name="${key}">gender</var>
<status status="PASS" start="2024-05-04T01:55:37.966228" elapsed="0.001931"/>
</iter>
<iter>
<kw name="Dictionary Should Contain Key" owner="Collections">
<msg time="2024-05-04T01:55:37.968885" level="INFO">False</msg>
<arg>${json_data['results'][0]}</arg>
<arg>${key}</arg>
<doc>Fails if ``key`` is not found from ``dictionary``.</doc>
<status status="PASS" start="2024-05-04T01:55:37.968486" elapsed="0.000468"/>
</kw>
<kw name="Log" owner="BuiltIn">
<msg time="2024-05-04T01:55:37.969611" level="INFO">{'gender': 'female', 'name': {'title': 'Mrs', 'first': 'Fabiola', 'last': 'Cepeda'}, 'location': {'street': {'number': 9760, 'name': 'Circunvalación Norte Ontiveros'}, 'city': 'José Guadalupe Rodríguez', 'state': 'Coahuila', 'country': 'Mexico', 'postcode': 23868, 'coordinates': {'latitude': '27.9350', 'longitude': '173.4330'}, 'timezone': {'offset': '-2:00', 'description': 'Mid-Atlantic'}}, 'email': 'fabiola.cepeda@example.com', 'login': {'uuid': '6356f663-2f7a-4148-960a-3b31f2d959d7', 'username': 'purpleelephant761', 'password': '147852', 'salt': '9DNhsIJy', 'md5': 'ae59adb44fa93450b081705917b98169', 'sha1': '746d57b2b8c05b58e3c738ee7b2e9bbd9b42ce06', 'sha256': '8e906b215e954970de5f21218d3c70364eecd5c581df34fc08ed88094c7857c4'}, 'dob': {'date': '1957-04-09T07:08:07.486Z', 'age': 67}, 'registered': {'date': '2003-08-12T17:43:00.561Z', 'age': 20}, 'phone': '(618) 536 8421', 'cell': '(647) 484 9171', 'id': {'name': 'NSS', 'value': '36 64 60 1024 0'}, 'picture': {'large': 'https://randomuser.me/api/portraits/women/91.jpg', 'medium': 'https://randomuser.me/api/portraits/med/women/91.jpg', 'thumbnail': 'https://randomuser.me/api/portraits/thumb/women/91.jpg'}, 'nat': 'MX'}</msg>
<arg>${json_data['results'][0]}</arg>
<doc>Logs the given message with the given level.</doc>
<status status="PASS" start="2024-05-04T01:55:37.969253" elapsed="0.000415"/>
</kw>
<kw name="Log" owner="BuiltIn">
<msg time="2024-05-04T01:55:37.971128" level="INFO">name</msg>
<arg>${key}</arg>
<doc>Logs the given message with the given level.</doc>
<status status="PASS" start="2024-05-04T01:55:37.970985" elapsed="0.000186"/>
</kw>
<var name="${key}">name</var>
<status status="PASS" start="2024-05-04T01:55:37.968343" elapsed="0.003080"/>
</iter>
<iter>
<kw name="Dictionary Should Contain Key" owner="Collections">
<msg time="2024-05-04T01:55:37.972291" level="INFO">False</msg>
<arg>${json_data['results'][0]}</arg>
<arg>${key}</arg>
<doc>Fails if ``key`` is not found from ``dictionary``.</doc>
<status status="PASS" start="2024-05-04T01:55:37.971883" elapsed="0.000447"/>
</kw>
<kw name="Log" owner="BuiltIn">
<msg time="2024-05-04T01:55:37.973052" level="INFO">{'gender': 'female', 'name': {'title': 'Mrs', 'first': 'Fabiola', 'last': 'Cepeda'}, 'location': {'street': {'number': 9760, 'name': 'Circunvalación Norte Ontiveros'}, 'city': 'José Guadalupe Rodríguez', 'state': 'Coahuila', 'country': 'Mexico', 'postcode': 23868, 'coordinates': {'latitude': '27.9350', 'longitude': '173.4330'}, 'timezone': {'offset': '-2:00', 'description': 'Mid-Atlantic'}}, 'email': 'fabiola.cepeda@example.com', 'login': {'uuid': '6356f663-2f7a-4148-960a-3b31f2d959d7', 'username': 'purpleelephant761', 'password': '147852', 'salt': '9DNhsIJy', 'md5': 'ae59adb44fa93450b081705917b98169', 'sha1': '746d57b2b8c05b58e3c738ee7b2e9bbd9b42ce06', 'sha256': '8e906b215e954970de5f21218d3c70364eecd5c581df34fc08ed88094c7857c4'}, 'dob': {'date': '1957-04-09T07:08:07.486Z', 'age': 67}, 'registered': {'date': '2003-08-12T17:43:00.561Z', 'age': 20}, 'phone': '(618) 536 8421', 'cell': '(647) 484 9171', 'id': {'name': 'NSS', 'value': '36 64 60 1024 0'}, 'picture': {'large': 'https://randomuser.me/api/portraits/women/91.jpg', 'medium': 'https://randomuser.me/api/portraits/med/women/91.jpg', 'thumbnail': 'https://randomuser.me/api/portraits/thumb/women/91.jpg'}, 'nat': 'MX'}</msg>
<arg>${json_data['results'][0]}</arg>
<doc>Logs the given message with the given level.</doc>
<status status="PASS" start="2024-05-04T01:55:37.972679" elapsed="0.000423"/>
</kw>
<kw name="Log" owner="BuiltIn">
<msg time="2024-05-04T01:55:37.973530" level="INFO">location</msg>
<arg>${key}</arg>
<doc>Logs the given message with the given level.</doc>
<status status="PASS" start="2024-05-04T01:55:37.973401" elapsed="0.000169"/>
</kw>
<var name="${key}">location</var>
<status status="PASS" start="2024-05-04T01:55:37.971727" elapsed="0.002060"/>
</iter>
<iter>
<kw name="Dictionary Should Contain Key" owner="Collections">
<msg time="2024-05-04T01:55:37.974477" level="INFO">False</msg>
<arg>${json_data['results'][0]}</arg>
<arg>${key}</arg>
<doc>Fails if ``key`` is not found from ``dictionary``.</doc>
<status status="PASS" start="2024-05-04T01:55:37.974077" elapsed="0.000438"/>
</kw>
<kw name="Log" owner="BuiltIn">
<msg time="2024-05-04T01:55:37.975183" level="INFO">{'gender': 'female', 'name': {'title': 'Mrs', 'first': 'Fabiola', 'last': 'Cepeda'}, 'location': {'street': {'number': 9760, 'name': 'Circunvalación Norte Ontiveros'}, 'city': 'José Guadalupe Rodríguez', 'state': 'Coahuila', 'country': 'Mexico', 'postcode': 23868, 'coordinates': {'latitude': '27.9350', 'longitude': '173.4330'}, 'timezone': {'offset': '-2:00', 'description': 'Mid-Atlantic'}}, 'email': 'fabiola.cepeda@example.com', 'login': {'uuid': '6356f663-2f7a-4148-960a-3b31f2d959d7', 'username': 'purpleelephant761', 'password': '147852', 'salt': '9DNhsIJy', 'md5': 'ae59adb44fa93450b081705917b98169', 'sha1': '746d57b2b8c05b58e3c738ee7b2e9bbd9b42ce06', 'sha256': '8e906b215e954970de5f21218d3c70364eecd5c581df34fc08ed88094c7857c4'}, 'dob': {'date': '1957-04-09T07:08:07.486Z', 'age': 67}, 'registered': {'date': '2003-08-12T17:43:00.561Z', 'age': 20}, 'phone': '(618) 536 8421', 'cell': '(647) 484 9171', 'id': {'name': 'NSS', 'value': '36 64 60 1024 0'}, 'picture': {'large': 'https://randomuser.me/api/portraits/women/91.jpg', 'medium': 'https://randomuser.me/api/portraits/med/women/91.jpg', 'thumbnail': 'https://randomuser.me/api/portraits/thumb/women/91.jpg'}, 'nat': 'MX'}</msg>
<arg>${json_data['results'][0]}</arg>
<doc>Logs the given message with the given level.</doc>
<status status="PASS" start="2024-05-04T01:55:37.974816" elapsed="0.000417"/>
</kw>
<kw name="Log" owner="BuiltIn">
<msg time="2024-05-04T01:55:37.975659" level="INFO">email</msg>
<arg>${key}</arg>
<doc>Logs the given message with the given level.</doc>
<status status="PASS" start="2024-05-04T01:55:37.975531" elapsed="0.000166"/>
</kw>
<var name="${key}">email</var>
<status status="PASS" start="2024-05-04T01:55:37.973965" elapsed="0.001947"/>
</iter>
<iter>
<kw name="Dictionary Should Contain Key" owner="Collections">
<msg time="2024-05-04T01:55:37.976625" level="INFO">False</msg>
<arg>${json_data['results'][0]}</arg>
<arg>${key}</arg>
<doc>Fails if ``key`` is not found from ``dictionary``.</doc>
<status status="PASS" start="2024-05-04T01:55:37.976198" elapsed="0.000465"/>
</kw>
<kw name="Log" owner="BuiltIn">
<msg time="2024-05-04T01:55:37.977339" level="INFO">{'gender': 'female', 'name': {'title': 'Mrs', 'first': 'Fabiola', 'last': 'Cepeda'}, 'location': {'street': {'number': 9760, 'name': 'Circunvalación Norte Ontiveros'}, 'city': 'José Guadalupe Rodríguez', 'state': 'Coahuila', 'country': 'Mexico', 'postcode': 23868, 'coordinates': {'latitude': '27.9350', 'longitude': '173.4330'}, 'timezone': {'offset': '-2:00', 'description': 'Mid-Atlantic'}}, 'email': 'fabiola.cepeda@example.com', 'login': {'uuid': '6356f663-2f7a-4148-960a-3b31f2d959d7', 'username': 'purpleelephant761', 'password': '147852', 'salt': '9DNhsIJy', 'md5': 'ae59adb44fa93450b081705917b98169', 'sha1': '746d57b2b8c05b58e3c738ee7b2e9bbd9b42ce06', 'sha256': '8e906b215e954970de5f21218d3c70364eecd5c581df34fc08ed88094c7857c4'}, 'dob': {'date': '1957-04-09T07:08:07.486Z', 'age': 67}, 'registered': {'date': '2003-08-12T17:43:00.561Z', 'age': 20}, 'phone': '(618) 536 8421', 'cell': '(647) 484 9171', 'id': {'name': 'NSS', 'value': '36 64 60 1024 0'}, 'picture': {'large': 'https://randomuser.me/api/portraits/women/91.jpg', 'medium': 'https://randomuser.me/api/portraits/med/women/91.jpg', 'thumbnail': 'https://randomuser.me/api/portraits/thumb/women/91.jpg'}, 'nat': 'MX'}</msg>
<arg>${json_data['results'][0]}</arg>
<doc>Logs the given message with the given level.</doc>
<status status="PASS" start="2024-05-04T01:55:37.976969" elapsed="0.000419"/>
</kw>
<kw name="Log" owner="BuiltIn">
<msg time="2024-05-04T01:55:37.977835" level="INFO">login</msg>
<arg>${key}</arg>
<doc>Logs the given message with the given level.</doc>
<status status="PASS" start="2024-05-04T01:55:37.977705" elapsed="0.000168"/>
</kw>
<var name="${key}">login</var>
<status status="PASS" start="2024-05-04T01:55:37.976086" elapsed="0.002010"/>
</iter>
<var>${key}</var>
<value>@{expected_keys}</value>
<status status="PASS" start="2024-05-04T01:55:37.966032" elapsed="0.012186"/>
</for>
<kw name="Create List" owner="BuiltIn">
<msg time="2024-05-04T01:55:37.978550" level="INFO">${expected_keysTwo} = ['username', 'password']</msg>
<var>${expected_keysTwo}</var>
<arg>username</arg>
<arg>password</arg>
<doc>Returns a list containing given items.</doc>
<status status="PASS" start="2024-05-04T01:55:37.978411" elapsed="0.000163"/>
</kw>
<for flavor="IN">
<iter>
<kw name="Dictionary Should Contain Key" owner="Collections">
<msg time="2024-05-04T01:55:37.979465" level="INFO">False</msg>
<arg>${json_data['results'][0]['login']}</arg>
<arg>${keyTwo}</arg>
<doc>Fails if ``key`` is not found from ``dictionary``.</doc>
<status status="PASS" start="2024-05-04T01:55:37.979076" elapsed="0.000426"/>
</kw>
<kw name="Dictionary Should Contain Key" owner="Collections">
<msg time="2024-05-04T01:55:37.980179" level="INFO">False</msg>
<arg>${json_data['results'][0]['login']}</arg>
<arg>${keyTwo}</arg>
<doc>Fails if ``key`` is not found from ``dictionary``.</doc>
<status status="PASS" start="2024-05-04T01:55:37.979796" elapsed="0.000420"/>
</kw>
<kw name="Log" owner="BuiltIn">
<msg time="2024-05-04T01:55:37.980671" level="INFO">username</msg>
<arg>${keyTwo}</arg>
<doc>Logs the given message with the given level.</doc>
<status status="PASS" start="2024-05-04T01:55:37.980541" elapsed="0.000174"/>
</kw>
<var name="${keyTwo}">username</var>
<status status="PASS" start="2024-05-04T01:55:37.978961" elapsed="0.001980"/>
</iter>
<iter>
<kw name="Dictionary Should Contain Key" owner="Collections">
<msg time="2024-05-04T01:55:37.981693" level="INFO">False</msg>
<arg>${json_data['results'][0]['login']}</arg>
<arg>${keyTwo}</arg>
<doc>Fails if ``key`` is not found from ``dictionary``.</doc>
<status status="PASS" start="2024-05-04T01:55:37.981223" elapsed="0.000512"/>
</kw>
<kw name="Dictionary Should Contain Key" owner="Collections">
<msg time="2024-05-04T01:55:37.982415" level="INFO">False</msg>
<arg>${json_data['results'][0]['login']}</arg>
<arg>${keyTwo}</arg>
<doc>Fails if ``key`` is not found from ``dictionary``.</doc>
<status status="PASS" start="2024-05-04T01:55:37.982033" elapsed="0.000419"/>
</kw>
<kw name="Log" owner="BuiltIn">
<msg time="2024-05-04T01:55:37.982871" level="INFO">password</msg>
<arg>${keyTwo}</arg>
<doc>Logs the given message with the given level.</doc>
<status status="PASS" start="2024-05-04T01:55:37.982743" elapsed="0.000166"/>
</kw>
<var name="${keyTwo}">password</var>
<status status="PASS" start="2024-05-04T01:55:37.981113" elapsed="0.002010"/>
</iter>
<var>${keyTwo}</var>
<value>@{expected_keysTwo}</value>
<status status="PASS" start="2024-05-04T01:55:37.978810" elapsed="0.004434"/>
</for>
<status status="PASS" start="2024-05-04T01:55:37.864491" elapsed="0.118895"/>
</kw>
<doc>Testa a estrutura da resposta da API.</doc>
<tag>testeEstruturaResposta</tag>
<status status="PASS" start="2024-05-04T01:55:37.863863" elapsed="0.119679"/>
</test>
<test id="s1-s1-t4" name="Validar tipos de dados" line="28">
<kw name="Teste de Tipos de Dados" owner="random-user-service">
<kw name="GET On Session" owner="RequestsLibrary">
<msg time="2024-05-04T01:55:38.058460" level="INFO">GET Request : url=https://randomuser.me/api 
 path_url=/api 
 headers={'User-Agent': 'python-requests/2.31.0', 'Accept-Encoding': 'gzip, deflate', 'Accept': '*/*', 'Connection': 'keep-alive'} 
 body=None 
 </msg>
<msg time="2024-05-04T01:55:38.058540" level="INFO">GET Response : url=https://randomuser.me/api 
 status=200, reason=OK 
 headers={'Date': 'Sat, 04 May 2024 01:55:38 GMT', 'Content-Type': 'application/json; charset=utf-8', 'Transfer-Encoding': 'chunked', 'Connection': 'keep-alive', 'X-Powered-By': 'Express', 'Access-Control-Allow-Origin': '*', 'Cache-Control': 'no-cache', 'ETag': 'W/"475-I8xa3rUunhPtIHjVti0Ly8XeeQE"', 'Vary': 'Accept-Encoding', 'Content-Encoding': 'gzip', 'CF-Cache-Status': 'DYNAMIC', 'Report-To': '{"endpoints":[{"url":"https:\\/\\/a.nel.cloudflare.com\\/report\\/v4?s=HCakw9uuhjtHe6SbTkvjRqxGnPznOyR9wmiLeLlZXg49ZIvbSySh66Pfak4LfeqpeTN75CGyTjiglNl%2FziokWuR76Mwb4JcryqHWQndrRqe2tHK8BT9T10ne0g4JQXpy"}],"group":"cf-nel","max_age":604800}', 'NEL': '{"success_fraction":0,"report_to":"cf-nel","max_age":604800}', 'Server': 'cloudflare', 'CF-RAY': '87e4dea26e7e6082-ORD', 'alt-svc': 'h3=":443"; ma=86400'} 
 body={"results":[{"gender":"male","name":{"title":"Mr","first":"Živan","last":"Subašić"},"location":{"street":{"number":7026,"name":"Porodice Jovanović"},"city":"Odžaci","state":"Braničevo","country":"Serbia","postcode":54013,"coordinates":{"latitude":"57.1836","longitude":"-77.3147"},"timezone":{"offset":"-9:00","description":"Alaska"}},"email":"zivan.subasic@example.com","login":{"uuid":"fc1ba907-189e-4a25-bdc2-990e97868086","username":"silvercat627","password":"sliver","salt":"hGK6Pku7","md5":"69fc1a7d3f0e72e98ccb464877117730","sha1":"632abbda8bdf8aa55f7443415784bcb65423cf4a","sha256":"c360914bd07df8514133434b58d8eb1e56c4fd84e94aa2caf79c4706531d7cdc"},"dob":{"date":"1979-09-20T22:57:00.549Z","age":44},"registered":{"date":"2002-05-24T21:59:02.769Z","age":21},"phone":"024-5450-531","cell":"067-4241-646","id":{"name":"SID","value":"333111404"},"picture":{"large":"https://randomuser.me/api/portraits/men/90.jpg","medium":"https://randomuser.me/api/portraits/med/men/90.jpg","thumbnail":"https://randomuser.me/api/portraits/thumb/men/90.jpg"},"nat":"RS"}],"info":{"seed":"7f70f54eb4dc1fa6","results":1,"page":1,"version":"1.4"}} 
 </msg>
<msg time="2024-05-04T01:55:38.058615" level="INFO">/opt/hostedtoolcache/Python/3.12.3/x64/lib/python3.12/site-packages/urllib3/connectionpool.py:1103: InsecureRequestWarning: Unverified HTTPS request is being made to host 'randomuser.me'. Adding certificate verification is strongly advised. See: https://urllib3.readthedocs.io/en/latest/advanced-usage.html#tls-warnings
  warnings.warn(</msg>
<msg time="2024-05-04T01:55:38.058745" level="INFO">${response} = &lt;Response [200]&gt;</msg>
<var>${response}</var>
<arg>consultarAPI</arg>
<arg>/api</arg>
<doc>Sends a GET request on a previously created HTTP Session.</doc>
<status status="PASS" start="2024-05-04T01:55:37.986090" elapsed="0.072705"/>
</kw>
<kw name="Set Variable" owner="BuiltIn">
<msg time="2024-05-04T01:55:38.059740" level="INFO">${json_data} = {'results': [{'gender': 'male', 'name': {'title': 'Mr', 'first': 'Živan', 'last': 'Subašić'}, 'location': {'street': {'number': 7026, 'name': 'Porodice Jovanović'}, 'city': 'Odžaci', 'state': 'Braniče...</msg>
<var>${json_data}</var>
<arg>${response.json()}</arg>
<doc>Returns the given values which can then be assigned to a variables.</doc>
<status status="PASS" start="2024-05-04T01:55:38.059258" elapsed="0.000513"/>
</kw>
<kw name="Log" owner="BuiltIn">
<msg time="2024-05-04T01:55:38.060241" level="INFO">{'results': [{'gender': 'male', 'name': {'title': 'Mr', 'first': 'Živan', 'last': 'Subašić'}, 'location': {'street': {'number': 7026, 'name': 'Porodice Jovanović'}, 'city': 'Odžaci', 'state': 'Braničevo', 'country': 'Serbia', 'postcode': 54013, 'coordinates': {'latitude': '57.1836', 'longitude': '-77.3147'}, 'timezone': {'offset': '-9:00', 'description': 'Alaska'}}, 'email': 'zivan.subasic@example.com', 'login': {'uuid': 'fc1ba907-189e-4a25-bdc2-990e97868086', 'username': 'silvercat627', 'password': 'sliver', 'salt': 'hGK6Pku7', 'md5': '69fc1a7d3f0e72e98ccb464877117730', 'sha1': '632abbda8bdf8aa55f7443415784bcb65423cf4a', 'sha256': 'c360914bd07df8514133434b58d8eb1e56c4fd84e94aa2caf79c4706531d7cdc'}, 'dob': {'date': '1979-09-20T22:57:00.549Z', 'age': 44}, 'registered': {'date': '2002-05-24T21:59:02.769Z', 'age': 21}, 'phone': '024-5450-531', 'cell': '067-4241-646', 'id': {'name': 'SID', 'value': '333111404'}, 'picture': {'large': 'https://randomuser.me/api/portraits/men/90.jpg', 'medium': 'https://randomuser.me/api/portraits/med/men/90.jpg', 'thumbnail': 'https://randomuser.me/api/portraits/thumb/men/90.jpg'}, 'nat': 'RS'}], 'info': {'seed': '7f70f54eb4dc1fa6', 'results': 1, 'page': 1, 'version': '1.4'}}</msg>
<arg>${json_data}</arg>
<doc>Logs the given message with the given level.</doc>
<status status="PASS" start="2024-05-04T01:55:38.060084" elapsed="0.000241"/>
</kw>
<kw name="Should Be String" owner="String">
<arg>${json_data['results'][0]['gender']}</arg>
<doc>Fails if the given ``item`` is not a string.</doc>
<status status="PASS" start="2024-05-04T01:55:38.060682" elapsed="0.000368"/>
</kw>
<kw name="Should Match Regexp" owner="BuiltIn">
<arg>${json_data['results'][0]['email']}</arg>
<arg>^[a-zA-Z0-9._%+-]+@[a-zA-Z0-9.-]+\.[a-zA-Z]{2,}$</arg>
<doc>Fails if ``string`` does not match ``pattern`` as a regular expression.</doc>
<status status="PASS" start="2024-05-04T01:55:38.061245" elapsed="0.000518"/>
</kw>
<kw name="Should Match Regexp" owner="BuiltIn">
<arg>${json_data['results'][0]['dob']['date']}</arg>
<arg>\\d{4}-\\d{2}-\\d{2}T\\d{2}:\\d{2}:\\d{2}\\.\\d{3}Z</arg>
<doc>Fails if ``string`` does not match ``pattern`` as a regular expression.</doc>
<status status="PASS" start="2024-05-04T01:55:38.061957" elapsed="0.000497"/>
</kw>
<kw name="Should Match Regexp" owner="BuiltIn">
<arg>${json_data['results'][0]['registered']['date']}</arg>
<arg>\\d{4}-\\d{2}-\\d{2}T\\d{2}:\\d{2}:\\d{2}\\.\\d{3}Z</arg>
<doc>Fails if ``string`` does not match ``pattern`` as a regular expression.</doc>
<status status="PASS" start="2024-05-04T01:55:38.062647" elapsed="0.000373"/>
</kw>
<kw name="Should Match Regexp" owner="BuiltIn">
<arg>${json_data['results'][0]['picture']['large']}</arg>
<arg>^https?://.*\.(?:png|jpe?g|gif|bmp)$</arg>
<doc>Fails if ``string`` does not match ``pattern`` as a regular expression.</doc>
<status status="PASS" start="2024-05-04T01:55:38.063211" elapsed="0.000460"/>
</kw>
<kw name="Should Match Regexp" owner="BuiltIn">
<arg>${json_data['results'][0]['picture']['medium']}</arg>
<arg>^https?://.*\.(?:png|jpe?g|gif|bmp)$</arg>
<doc>Fails if ``string`` does not match ``pattern`` as a regular expression.</doc>
<status status="PASS" start="2024-05-04T01:55:38.063854" elapsed="0.000356"/>
</kw>
<kw name="Should Match Regexp" owner="BuiltIn">
<arg>${json_data['results'][0]['picture']['thumbnail']}</arg>
<arg>^https?://.*\.(?:png|jpe?g|gif|bmp)$</arg>
<doc>Fails if ``string`` does not match ``pattern`` as a regular expression.</doc>
<status status="PASS" start="2024-05-04T01:55:38.064419" elapsed="0.000363"/>
</kw>
<kw name="Log" owner="BuiltIn">
<msg time="2024-05-04T01:55:38.065285" level="INFO">{'large': 'https://randomuser.me/api/portraits/men/90.jpg', 'medium': 'https://randomuser.me/api/portraits/med/men/90.jpg', 'thumbnail': 'https://randomuser.me/api/portraits/thumb/men/90.jpg'}</msg>
<arg>${json_data['results'][0]['picture']}</arg>
<doc>Logs the given message with the given level.</doc>
<status status="PASS" start="2024-05-04T01:55:38.064962" elapsed="0.000365"/>
</kw>
<status status="PASS" start="2024-05-04T01:55:37.985861" elapsed="0.079723"/>
</kw>
<kw name="Teste de Tipos de Dados - Postcode" owner="random-user-service">
<kw name="GET On Session" owner="RequestsLibrary">
<msg time="2024-05-04T01:55:38.156148" level="INFO">GET Request : url=https://randomuser.me/api 
 path_url=/api 
 headers={'User-Agent': 'python-requests/2.31.0', 'Accept-Encoding': 'gzip, deflate', 'Accept': '*/*', 'Connection': 'keep-alive'} 
 body=None 
 </msg>
<msg time="2024-05-04T01:55:38.156263" level="INFO">GET Response : url=https://randomuser.me/api 
 status=200, reason=OK 
 headers={'Date': 'Sat, 04 May 2024 01:55:38 GMT', 'Content-Type': 'application/json; charset=utf-8', 'Transfer-Encoding': 'chunked', 'Connection': 'keep-alive', 'X-Powered-By': 'Express', 'Access-Control-Allow-Origin': '*', 'Cache-Control': 'no-cache', 'ETag': 'W/"47c-PUBnnBuLLqyCxElVK9U53BDBUbo"', 'Vary': 'Accept-Encoding', 'Content-Encoding': 'gzip', 'CF-Cache-Status': 'DYNAMIC', 'Report-To': '{"endpoints":[{"url":"https:\\/\\/a.nel.cloudflare.com\\/report\\/v4?s=CDX0dlb3lh2aZeK5DNRdwM%2BGklIDiwa6li7JUxQ%2B3yfTnPKPJKxfRQHk%2BfaYAGUk8%2F5d4sLJGZPKtaE8ixrevDBmYjkA7ivq3lV1zzAKkM9QfDIjRxtaVD8q8prOfeq9"}],"group":"cf-nel","max_age":604800}', 'NEL': '{"success_fraction":0,"report_to":"cf-nel","max_age":604800}', 'Server': 'cloudflare', 'CF-RAY': '87e4dea2ef3c6082-ORD', 'alt-svc': 'h3=":443"; ma=86400'} 
 body={"results":[{"gender":"male","name":{"title":"Monsieur","first":"Maurus","last":"Berger"},"location":{"street":{"number":4895,"name":"Rue Gasparin"},"city":"Lax","state":"Solothurn","country":"Switzerland","postcode":9408,"coordinates":{"latitude":"-57.2625","longitude":"-35.3755"},"timezone":{"offset":"+4:30","description":"Kabul"}},"email":"maurus.berger@example.com","login":{"uuid":"a0a7e7a3-0324-4b2c-9e80-f604e3e19304","username":"orangebear962","password":"tacobell","salt":"anjqTlYh","md5":"d03c486306526bd59682e4d8dee19cfa","sha1":"4a843ff4d111f8eced87a240ab617fec119c0716","sha256":"5e51ae2be2bf913569a7f95d460215772265f22d61bf32914024049f31684f98"},"dob":{"date":"1967-11-07T13:32:25.977Z","age":56},"registered":{"date":"2002-07-24T16:54:52.199Z","age":21},"phone":"076 805 20 37","cell":"077 467 99 83","id":{"name":"AVS","value":"756.0109.8108.34"},"picture":{"large":"https://randomuser.me/api/portraits/men/26.jpg","medium":"https://randomuser.me/api/portraits/med/men/26.jpg","thumbnail":"https://randomuser.me/api/portraits/thumb/men/26.jpg"},"nat":"CH"}],"info":{"seed":"828969d4daea349c","results":1,"page":1,"version":"1.4"}} 
 </msg>
<msg time="2024-05-04T01:55:38.156349" level="INFO">/opt/hostedtoolcache/Python/3.12.3/x64/lib/python3.12/site-packages/urllib3/connectionpool.py:1103: InsecureRequestWarning: Unverified HTTPS request is being made to host 'randomuser.me'. Adding certificate verification is strongly advised. See: https://urllib3.readthedocs.io/en/latest/advanced-usage.html#tls-warnings
  warnings.warn(</msg>
<msg time="2024-05-04T01:55:38.156528" level="INFO">${response} = &lt;Response [200]&gt;</msg>
<var>${response}</var>
<arg>consultarAPI</arg>
<arg>/api</arg>
<doc>Sends a GET request on a previously created HTTP Session.</doc>
<status status="PASS" start="2024-05-04T01:55:38.066022" elapsed="0.090551"/>
</kw>
<kw name="Set Variable" owner="BuiltIn">
<msg time="2024-05-04T01:55:38.157697" level="INFO">${json_data} = {'results': [{'gender': 'male', 'name': {'title': 'Monsieur', 'first': 'Maurus', 'last': 'Berger'}, 'location': {'street': {'number': 4895, 'name': 'Rue Gasparin'}, 'city': 'Lax', 'state': 'Solothurn'...</msg>
<var>${json_data}</var>
<arg>${response.json()}</arg>
<doc>Returns the given values which can then be assigned to a variables.</doc>
<status status="PASS" start="2024-05-04T01:55:38.157144" elapsed="0.000581"/>
</kw>
<kw name="Log" owner="BuiltIn">
<msg time="2024-05-04T01:55:38.158251" level="INFO">{'results': [{'gender': 'male', 'name': {'title': 'Monsieur', 'first': 'Maurus', 'last': 'Berger'}, 'location': {'street': {'number': 4895, 'name': 'Rue Gasparin'}, 'city': 'Lax', 'state': 'Solothurn', 'country': 'Switzerland', 'postcode': 9408, 'coordinates': {'latitude': '-57.2625', 'longitude': '-35.3755'}, 'timezone': {'offset': '+4:30', 'description': 'Kabul'}}, 'email': 'maurus.berger@example.com', 'login': {'uuid': 'a0a7e7a3-0324-4b2c-9e80-f604e3e19304', 'username': 'orangebear962', 'password': 'tacobell', 'salt': 'anjqTlYh', 'md5': 'd03c486306526bd59682e4d8dee19cfa', 'sha1': '4a843ff4d111f8eced87a240ab617fec119c0716', 'sha256': '5e51ae2be2bf913569a7f95d460215772265f22d61bf32914024049f31684f98'}, 'dob': {'date': '1967-11-07T13:32:25.977Z', 'age': 56}, 'registered': {'date': '2002-07-24T16:54:52.199Z', 'age': 21}, 'phone': '076 805 20 37', 'cell': '077 467 99 83', 'id': {'name': 'AVS', 'value': '756.0109.8108.34'}, 'picture': {'large': 'https://randomuser.me/api/portraits/men/26.jpg', 'medium': 'https://randomuser.me/api/portraits/med/men/26.jpg', 'thumbnail': 'https://randomuser.me/api/portraits/thumb/men/26.jpg'}, 'nat': 'CH'}], 'info': {'seed': '828969d4daea349c', 'results': 1, 'page': 1, 'version': '1.4'}}</msg>
<arg>${json_data}</arg>
<doc>Logs the given message with the given level.</doc>
<status status="PASS" start="2024-05-04T01:55:38.158081" elapsed="0.000255"/>
</kw>
<kw name="Should Be Equal As Numbers" owner="BuiltIn">
<arg>${json_data['results'][0]['location']['postcode']}</arg>
<arg>${json_data['results'][0]['location']['postcode']}</arg>
<doc>Fails if objects are unequal after converting them to real numbers.</doc>
<status status="PASS" start="2024-05-04T01:55:38.158845" elapsed="0.000650"/>
</kw>
<kw name="Log" owner="BuiltIn">
<msg time="2024-05-04T01:55:38.160034" level="INFO">9408</msg>
<arg>${json_data['results'][0]['location']['postcode']}</arg>
<doc>Logs the given message with the given level.</doc>
<status status="PASS" start="2024-05-04T01:55:38.159691" elapsed="0.000384"/>
</kw>
<status status="PASS" start="2024-05-04T01:55:38.065800" elapsed="0.094538"/>
</kw>
<doc>Testa se os tipos de dados na resposta da API estão corretos.</doc>
<tag>testeTiposDados</tag>
<status status="PASS" start="2024-05-04T01:55:37.985400" elapsed="0.175158"/>
</test>
<test id="s1-s1-t5" name="Validar conteudo" line="35">
<kw name="Teste de Tipos de Conteudo" owner="random-user-service">
<kw name="GET On Session" owner="RequestsLibrary">
<msg time="2024-05-04T01:55:38.256559" level="INFO">GET Request : url=https://randomuser.me/api 
 path_url=/api 
 headers={'User-Agent': 'python-requests/2.31.0', 'Accept-Encoding': 'gzip, deflate', 'Accept': '*/*', 'Connection': 'keep-alive'} 
 body=None 
 </msg>
<msg time="2024-05-04T01:55:38.256660" level="INFO">GET Response : url=https://randomuser.me/api 
 status=200, reason=OK 
 headers={'Date': 'Sat, 04 May 2024 01:55:38 GMT', 'Content-Type': 'application/json; charset=utf-8', 'Transfer-Encoding': 'chunked', 'Connection': 'keep-alive', 'X-Powered-By': 'Express', 'Access-Control-Allow-Origin': '*', 'Cache-Control': 'no-cache', 'ETag': 'W/"488-458aw4s32u/7I6S4Jbzw7dvJetQ"', 'Vary': 'Accept-Encoding', 'Content-Encoding': 'gzip', 'CF-Cache-Status': 'DYNAMIC', 'Report-To': '{"endpoints":[{"url":"https:\\/\\/a.nel.cloudflare.com\\/report\\/v4?s=NdnBO93x08MACAohm6fD5u17Jc%2FG%2FH4qo%2FolVG7l9kHKrX1KEVwqxIjX6fLlKhsffu318T6iDVpjIhQDDWDA9tag7sYro%2FjC%2FCKiDkbKhaPmhiiVbmkG5Dfwd8NGW%2B0v"}],"group":"cf-nel","max_age":604800}', 'NEL': '{"success_fraction":0,"report_to":"cf-nel","max_age":604800}', 'Server': 'cloudflare', 'CF-RAY': '87e4dea38feb6082-ORD', 'alt-svc': 'h3=":443"; ma=86400'} 
 body={"results":[{"gender":"male","name":{"title":"Mr","first":"Willard","last":"Stanley"},"location":{"street":{"number":6935,"name":"Brown Terrace"},"city":"Bathurst","state":"Northern Territory","country":"Australia","postcode":7414,"coordinates":{"latitude":"-85.4067","longitude":"-79.4371"},"timezone":{"offset":"+9:30","description":"Adelaide, Darwin"}},"email":"willard.stanley@example.com","login":{"uuid":"fdeb015a-8082-44ef-a99d-08bf973fedf7","username":"organicsnake147","password":"marcel","salt":"IbHhr59k","md5":"51e6f0fee52296c60b2075e75e7477f7","sha1":"70338904f82896274b29a1a057fdb6fd8a44e46f","sha256":"ef6bacda54a7fc4a236d7dff1837dd379315732f37a3804dee1efe0a6c0a6d18"},"dob":{"date":"1974-05-27T11:47:32.442Z","age":49},"registered":{"date":"2016-05-23T22:15:29.756Z","age":7},"phone":"05-4298-8943","cell":"0490-467-617","id":{"name":"TFN","value":"043417445"},"picture":{"large":"https://randomuser.me/api/portraits/men/95.jpg","medium":"https://randomuser.me/api/portraits/med/men/95.jpg","thumbnail":"https://randomuser.me/api/portraits/thumb/men/95.jpg"},"nat":"AU"}],"info":{"seed":"fb4fb5af9a55cf95","results":1,"page":1,"version":"1.4"}} 
 </msg>
<msg time="2024-05-04T01:55:38.256734" level="INFO">/opt/hostedtoolcache/Python/3.12.3/x64/lib/python3.12/site-packages/urllib3/connectionpool.py:1103: InsecureRequestWarning: Unverified HTTPS request is being made to host 'randomuser.me'. Adding certificate verification is strongly advised. See: https://urllib3.readthedocs.io/en/latest/advanced-usage.html#tls-warnings
  warnings.warn(</msg>
<msg time="2024-05-04T01:55:38.256858" level="INFO">${response} = &lt;Response [200]&gt;</msg>
<var>${response}</var>
<arg>consultarAPI</arg>
<arg>/api</arg>
<doc>Sends a GET request on a previously created HTTP Session.</doc>
<status status="PASS" start="2024-05-04T01:55:38.163107" elapsed="0.093791"/>
</kw>
<kw name="Set Variable" owner="BuiltIn">
<msg time="2024-05-04T01:55:38.257942" level="INFO">${json_data} = {'results': [{'gender': 'male', 'name': {'title': 'Mr', 'first': 'Willard', 'last': 'Stanley'}, 'location': {'street': {'number': 6935, 'name': 'Brown Terrace'}, 'city': 'Bathurst', 'state': 'Northern...</msg>
<var>${json_data}</var>
<arg>${response.json()}</arg>
<doc>Returns the given values which can then be assigned to a variables.</doc>
<status status="PASS" start="2024-05-04T01:55:38.257421" elapsed="0.000550"/>
</kw>
<kw name="Set Variable" owner="BuiltIn">
<msg time="2024-05-04T01:55:38.258665" level="INFO">${name_title} = Mr</msg>
<var>${name_title}</var>
<arg>${json_data["results"][0]["name"]["title"]}</arg>
<doc>Returns the given values which can then be assigned to a variables.</doc>
<status status="PASS" start="2024-05-04T01:55:38.258278" elapsed="0.000412"/>
</kw>
<kw name="Create List" owner="BuiltIn">
<msg time="2024-05-04T01:55:38.259137" level="INFO">${allowed_titles} = ['Mr', 'Ms', 'Miss', 'Mrs', 'Madame', 'Monsieur']</msg>
<var>${allowed_titles}</var>
<arg>Mr</arg>
<arg>Ms</arg>
<arg>Miss</arg>
<arg>Mrs</arg>
<arg>Madame</arg>
<arg>Monsieur</arg>
<doc>Returns a list containing given items.</doc>
<status status="PASS" start="2024-05-04T01:55:38.258989" elapsed="0.000172"/>
</kw>
<kw name="List Should Contain Value" owner="Collections">
<msg time="2024-05-04T01:55:38.259632" level="INFO">False</msg>
<arg>${allowed_titles}</arg>
<arg>${name_title}</arg>
<doc>Fails if the ``value`` is not found from ``list``.</doc>
<status status="PASS" start="2024-05-04T01:55:38.259459" elapsed="0.000209"/>
</kw>
<kw name="Set Variable" owner="BuiltIn">
<msg time="2024-05-04T01:55:38.260331" level="INFO">${name_country} = AU</msg>
<var>${name_country}</var>
<arg>${json_data["results"][0]["nat"]}</arg>
<doc>Returns the given values which can then be assigned to a variables.</doc>
<status status="PASS" start="2024-05-04T01:55:38.259956" elapsed="0.000400"/>
</kw>
<kw name="Create List" owner="BuiltIn">
<msg time="2024-05-04T01:55:38.261273" level="INFO">${list_country} = ['AD', 'AE', 'AF', 'AG', 'AI', 'AL', 'AM', 'AO', 'AQ', 'AR', 'AS', 'AT', 'AU', 'AW', 'AX', 'AZ', 'BA', 'BB', 'BD', 'BE', 'BF', 'BG', 'BH', 'BI', 'BJ', 'BL', 'BM', 'BN', 'BO', 'BQ', 'BR', 'BS', 'BT', '...</msg>
<var>${list_country}</var>
<arg>AD</arg>
<arg>AE</arg>
<arg>AF</arg>
<arg>AG</arg>
<arg>AI</arg>
<arg>AL</arg>
<arg>AM</arg>
<arg>AO</arg>
<arg>AQ</arg>
<arg>AR</arg>
<arg>AS</arg>
<arg>AT</arg>
<arg>AU</arg>
<arg>AW</arg>
<arg>AX</arg>
<arg>AZ</arg>
<arg>BA</arg>
<arg>BB</arg>
<arg>BD</arg>
<arg>BE</arg>
<arg>BF</arg>
<arg>BG</arg>
<arg>BH</arg>
<arg>BI</arg>
<arg>BJ</arg>
<arg>BL</arg>
<arg>BM</arg>
<arg>BN</arg>
<arg>BO</arg>
<arg>BQ</arg>
<arg>BR</arg>
<arg>BS</arg>
<arg>BT</arg>
<arg>BV</arg>
<arg>BW</arg>
<arg>BY</arg>
<arg>BZ</arg>
<arg>CA</arg>
<arg>CC</arg>
<arg>CD</arg>
<arg>CF</arg>
<arg>CG</arg>
<arg>CH</arg>
<arg>CI</arg>
<arg>CK</arg>
<arg>CL</arg>
<arg>CM</arg>
<arg>CN</arg>
<arg>CO</arg>
<arg>CR</arg>
<arg>CU</arg>
<arg>CV</arg>
<arg>CW</arg>
<arg>CX</arg>
<arg>CY</arg>
<arg>CZ</arg>
<arg>DE</arg>
<arg>DJ</arg>
<arg>DK</arg>
<arg>DM</arg>
<arg>DO</arg>
<arg>DZ</arg>
<arg>EC</arg>
<arg>EE</arg>
<arg>EG</arg>
<arg>EH</arg>
<arg>ER</arg>
<arg>ES</arg>
<arg>ET</arg>
<arg>FI</arg>
<arg>FJ</arg>
<arg>FK</arg>
<arg>FM</arg>
<arg>FO</arg>
<arg>FR</arg>
<arg>GA</arg>
<arg>GB</arg>
<arg>GD</arg>
<arg>GE</arg>
<arg>GF</arg>
<arg>GG</arg>
<arg>GH</arg>
<arg>GI</arg>
<arg>GL</arg>
<arg>GM</arg>
<arg>GN</arg>
<arg>GP</arg>
<arg>GQ</arg>
<arg>GR</arg>
<arg>GS</arg>
<arg>GT</arg>
<arg>GU</arg>
<arg>GW</arg>
<arg>GY</arg>
<arg>HK</arg>
<arg>HM</arg>
<arg>HN</arg>
<arg>HR</arg>
<arg>HT</arg>
<arg>HU</arg>
<arg>ID</arg>
<arg>IE</arg>
<arg>IL</arg>
<arg>IM</arg>
<arg>IN</arg>
<arg>IO</arg>
<arg>IQ</arg>
<arg>IR</arg>
<arg>IS</arg>
<arg>IT</arg>
<arg>JE</arg>
<arg>JM</arg>
<arg>JO</arg>
<arg>JP</arg>
<arg>KE</arg>
<arg>KG</arg>
<arg>KH</arg>
<arg>KI</arg>
<arg>KM</arg>
<arg>KN</arg>
<arg>KP</arg>
<arg>KR</arg>
<arg>KW</arg>
<arg>KY</arg>
<arg>KZ</arg>
<arg>LA</arg>
<arg>LB</arg>
<arg>LC</arg>
<arg>LI</arg>
<arg>LK</arg>
<arg>LR</arg>
<arg>LS</arg>
<arg>LT</arg>
<arg>LU</arg>
<arg>LV</arg>
<arg>LY</arg>
<arg>MA</arg>
<arg>MC</arg>
<arg>MD</arg>
<arg>ME</arg>
<arg>MF</arg>
<arg>MG</arg>
<arg>MH</arg>
<arg>MK</arg>
<arg>ML</arg>
<arg>MM</arg>
<arg>MN</arg>
<arg>MO</arg>
<arg>MP</arg>
<arg>MQ</arg>
<arg>MR</arg>
<arg>MS</arg>
<arg>MT</arg>
<arg>MU</arg>
<arg>MV</arg>
<arg>MW</arg>
<arg>MX</arg>
<arg>MY</arg>
<arg>MZ</arg>
<arg>NA</arg>
<arg>NC</arg>
<arg>NE</arg>
<arg>NF</arg>
<arg>NG</arg>
<arg>NI</arg>
<arg>NL</arg>
<arg>NO</arg>
<arg>NP</arg>
<arg>NR</arg>
<arg>NU</arg>
<arg>NZ</arg>
<arg>OM</arg>
<arg>PA</arg>
<arg>PE</arg>
<arg>PF</arg>
<arg>PG</arg>
<arg>PH</arg>
<arg>PK</arg>
<arg>PL</arg>
<arg>PM</arg>
<arg>PN</arg>
<arg>PR</arg>
<arg>PS</arg>
<arg>PT</arg>
<arg>PW</arg>
<arg>PY</arg>
<arg>QA</arg>
<arg>RE</arg>
<arg>RO</arg>
<arg>RS</arg>
<arg>RU</arg>
<arg>RW</arg>
<arg>SA</arg>
<arg>SB</arg>
<arg>SC</arg>
<arg>SD</arg>
<arg>SE</arg>
<arg>SG</arg>
<arg>SH</arg>
<arg>SI</arg>
<arg>SJ</arg>
<arg>SK</arg>
<arg>SL</arg>
<arg>SM</arg>
<arg>SN</arg>
<arg>SO</arg>
<arg>SR</arg>
<arg>SS</arg>
<arg>ST</arg>
<arg>SV</arg>
<arg>SX</arg>
<arg>SY</arg>
<arg>SZ</arg>
<arg>TC</arg>
<arg>TD</arg>
<arg>TF</arg>
<arg>TG</arg>
<arg>TH</arg>
<arg>TJ</arg>
<arg>TK</arg>
<arg>TL</arg>
<arg>TM</arg>
<arg>TN</arg>
<arg>TO</arg>
<arg>TR</arg>
<arg>TT</arg>
<arg>TV</arg>
<arg>TW</arg>
<arg>TZ</arg>
<arg>UA</arg>
<arg>UG</arg>
<arg>UM</arg>
<arg>US</arg>
<arg>UY</arg>
<arg>UZ</arg>
<arg>VA</arg>
<arg>VC</arg>
<arg>VE</arg>
<arg>VG</arg>
<arg>VI</arg>
<arg>VN</arg>
<arg>VU</arg>
<arg>WF</arg>
<arg>WS</arg>
<arg>XK</arg>
<arg>YE</arg>
<arg>YT</arg>
<arg>ZA</arg>
<arg>ZM</arg>
<arg>ZW</arg>
<doc>Returns a list containing given items.</doc>
<status status="PASS" start="2024-05-04T01:55:38.260688" elapsed="0.000610"/>
</kw>
<kw name="List Should Contain Value" owner="Collections">
<msg time="2024-05-04T01:55:38.262298" level="INFO">False</msg>
<arg>${list_country}</arg>
<arg>${name_country}</arg>
<doc>Fails if the ``value`` is not found from ``list``.</doc>
<status status="PASS" start="2024-05-04T01:55:38.262091" elapsed="0.000243"/>
</kw>
<kw name="Run Keyword If" owner="BuiltIn">
<kw name="Should Be True" owner="BuiltIn">
<arg>${True}</arg>
<doc>Fails if the given condition is not true.</doc>
<status status="PASS" start="2024-05-04T01:55:38.263405" elapsed="0.000259"/>
</kw>
<arg>${json_data["results"][0]["location"]["coordinates"]["latitude"]} &gt;= -90 and ${json_data["results"][0]["location"]["coordinates"]["latitude"]} &lt;= 90</arg>
<arg>Should Be True</arg>
<arg>${True}</arg>
<doc>Runs the given keyword with the given arguments, if ``condition`` is true.</doc>
<status status="PASS" start="2024-05-04T01:55:38.262641" elapsed="0.001156"/>
</kw>
<kw name="Run Keyword If" owner="BuiltIn">
<kw name="Should Be True" owner="BuiltIn">
<arg>${True}</arg>
<doc>Fails if the given condition is not true.</doc>
<status status="PASS" start="2024-05-04T01:55:38.264710" elapsed="0.000140"/>
</kw>
<arg>${json_data["results"][0]["location"]["coordinates"]["longitude"]} &gt;= -180 and ${json_data["results"][0]["location"]["coordinates"]["longitude"]} &lt;= 180</arg>
<arg>Should Be True</arg>
<arg>${True}</arg>
<doc>Runs the given keyword with the given arguments, if ``condition`` is true.</doc>
<status status="PASS" start="2024-05-04T01:55:38.263982" elapsed="0.000991"/>
</kw>
<status status="PASS" start="2024-05-04T01:55:38.162870" elapsed="0.102239"/>
</kw>
<doc>Testa o conteúdo específico dos campos retornados pela API.</doc>
<tag>testeConteudo</tag>
<status status="PASS" start="2024-05-04T01:55:38.162370" elapsed="0.102891"/>
</test>
<status status="PASS" start="2024-05-04T01:55:37.452328" elapsed="0.814868"/>
</suite>
<status status="PASS" start="2024-05-04T01:55:37.438857" elapsed="0.833450"/>
</suite>
<statistics>
<total>
<stat pass="5" fail="0" skip="0">All Tests</stat>
</total>
<tag>
<stat pass="1" fail="0" skip="0">testeConteudo</stat>
<stat pass="1" fail="0" skip="0">testeEstruturaResposta</stat>
<stat pass="1" fail="0" skip="0">testeRequisicaoBasica</stat>
<stat pass="1" fail="0" skip="0">testeTiposDados</stat>
</tag>
<suite>
<stat pass="5" fail="0" skip="0" id="s1" name="Tests">Tests</stat>
<stat pass="5" fail="0" skip="0" id="s1-s1" name="Random-User-Test">Tests.Random-User-Test</stat>
</suite>
</statistics>
<errors>
</errors>
</robot>
