<?xml version="1.0" encoding="UTF-8"?>
<robot generator="Robot 7.0 (Python 3.12.2 on linux)" generated="2024-04-06T09:13:08.939816" rpa="false" schemaversion="5">
<suite id="s1" name="Tests" source="/home/runner/work/DesafioQAItauRogerioJordao/DesafioQAItauRogerioJordao/RamdonUser/tests">
<suite id="s1-s1" name="Random-User-Test" source="/home/runner/work/DesafioQAItauRogerioJordao/DesafioQAItauRogerioJordao/RamdonUser/tests/random-user-test.robot">
<test id="s1-s1-t1" name="Conectar" line="13">
<kw name="Conectar API" owner="random-user-service">
<kw name="Create Session" owner="RequestsLibrary">
<msg time="2024-04-06T09:13:09.293509" level="INFO">Creating Session using : alias=consultarAPI, url=https://randomuser.me/, headers={},                     cookies={}, auth=None, timeout=None, proxies=None, verify=False,                     debug=0 </msg>
<arg>consultarAPI</arg>
<arg>${URL}</arg>
<doc>Create Session: create a HTTP session to a server</doc>
<status status="PASS" start="2024-04-06T09:13:09.293314" elapsed="0.000354"/>
</kw>
<status status="PASS" start="2024-04-06T09:13:09.292327" elapsed="0.001700"/>
</kw>
<status status="PASS" start="2024-04-06T09:13:09.291756" elapsed="0.002499"/>
</test>
<test id="s1-s1-t2" name="Validar retorno 200 e JSON Válido" line="16">
<kw name="Teste de Requisicao Basica" owner="random-user-service">
<kw name="GET On Session" owner="RequestsLibrary">
<msg time="2024-04-06T09:13:09.362484" level="INFO">GET Request : url=https://randomuser.me/api 
 path_url=/api 
 headers={'User-Agent': 'python-requests/2.31.0', 'Accept-Encoding': 'gzip, deflate', 'Accept': '*/*', 'Connection': 'keep-alive'} 
 body=None 
 </msg>
<msg time="2024-04-06T09:13:09.362594" level="INFO">GET Response : url=https://randomuser.me/api 
 status=200, reason=OK 
 headers={'Date': 'Sat, 06 Apr 2024 09:13:09 GMT', 'Content-Type': 'application/json; charset=utf-8', 'Transfer-Encoding': 'chunked', 'Connection': 'keep-alive', 'X-Powered-By': 'Express', 'Access-Control-Allow-Origin': '*', 'Cache-Control': 'no-cache', 'ETag': 'W/"4a8-Sf+O3yv8NDm/Kcu6ojafPxqxxWI"', 'Vary': 'Accept-Encoding', 'Content-Encoding': 'gzip', 'CF-Cache-Status': 'DYNAMIC', 'Report-To': '{"endpoints":[{"url":"https:\\/\\/a.nel.cloudflare.com\\/report\\/v4?s=hMlxWV9aW2rjlJg%2Bm%2F6VNIVjx4nw4J%2BFpjmSSKoCw%2FBhR%2F8%2BkNl0ulUSHjmKJIuGPxJyDjnosQz4fL94rLMWVgZySiR%2F4TiAl3P6oWRGnK6JBSaxxO8QhtrpMoc%2BUjoT"}],"group":"cf-nel","max_age":604800}', 'NEL': '{"success_fraction":0,"report_to":"cf-nel","max_age":604800}', 'Server': 'cloudflare', 'CF-RAY': '8700a90959fc081a-IAD', 'alt-svc': 'h3=":443"; ma=86400'} 
 body={"results":[{"gender":"male","name":{"title":"Mr","first":"Evandro","last":"Teixeira"},"location":{"street":{"number":2666,"name":"Rua Tiradentes "},"city":"Ibirité","state":"Rio de Janeiro","country":"Brazil","postcode":68685,"coordinates":{"latitude":"-80.3157","longitude":"-118.4661"},"timezone":{"offset":"+11:00","description":"Magadan, Solomon Islands, New Caledonia"}},"email":"evandro.teixeira@example.com","login":{"uuid":"5ff4d6aa-cda6-47b6-998b-3d8897b1a577","username":"lazypeacock292","password":"marcel","salt":"XYNxCUzf","md5":"a1d7fcbde711d0cc2ff0f1a20d284893","sha1":"3483c2573cf8c9a9b536a37cb11439d1b91f8b8b","sha256":"1a5f3e3543d16fcc4bed32d03835d65fdf8f023058d6360ff5edc263536ea19b"},"dob":{"date":"1991-12-17T06:07:27.856Z","age":32},"registered":{"date":"2013-03-06T17:23:16.900Z","age":11},"phone":"(54) 6063-4406","cell":"(35) 9470-5013","id":{"name":"CPF","value":"220.394.560-96"},"picture":{"large":"https://randomuser.me/api/portraits/men/54.jpg","medium":"https://randomuser.me/api/portraits/med/men/54.jpg","thumbnail":"https://randomuser.me/api/portraits/thumb/men/54.jpg"},"nat":"BR"}],"info":{"seed":"f8771305bb80626f","results":1,"page":1,"version":"1.4"}} 
 </msg>
<msg time="2024-04-06T09:13:09.362696" level="INFO">/opt/hostedtoolcache/Python/3.12.2/x64/lib/python3.12/site-packages/urllib3/connectionpool.py:1103: InsecureRequestWarning: Unverified HTTPS request is being made to host 'randomuser.me'. Adding certificate verification is strongly advised. See: https://urllib3.readthedocs.io/en/latest/advanced-usage.html#tls-warnings
  warnings.warn(</msg>
<msg time="2024-04-06T09:13:09.362812" level="INFO">${response} = &lt;Response [200]&gt;</msg>
<var>${response}</var>
<arg>consultarAPI</arg>
<arg>/api</arg>
<doc>Sends a GET request on a previously created HTTP Session.</doc>
<status status="PASS" start="2024-04-06T09:13:09.296906" elapsed="0.065948"/>
</kw>
<kw name="Should Be Equal As Numbers" owner="BuiltIn">
<msg time="2024-04-06T09:13:09.363885" level="INFO">Argument types are:
&lt;class 'int'&gt;
&lt;class 'str'&gt;</msg>
<arg>${response.status_code}</arg>
<arg>200</arg>
<doc>Fails if objects are unequal after converting them to real numbers.</doc>
<status status="PASS" start="2024-04-06T09:13:09.363387" elapsed="0.000567"/>
</kw>
<kw name="Log" owner="BuiltIn">
<msg time="2024-04-06T09:13:09.364647" level="INFO">200</msg>
<arg>${response.status_code}</arg>
<doc>Logs the given message with the given level.</doc>
<status status="PASS" start="2024-04-06T09:13:09.364285" elapsed="0.000405"/>
</kw>
<kw name="Set Variable" owner="BuiltIn">
<msg time="2024-04-06T09:13:09.365473" level="INFO">${json_data} = {'results': [{'gender': 'male', 'name': {'title': 'Mr', 'first': 'Evandro', 'last': 'Teixeira'}, 'location': {'street': {'number': 2666, 'name': 'Rua Tiradentes '}, 'city': 'Ibirité', 'state': 'Rio de...</msg>
<var>${json_data}</var>
<arg>${response.json()}</arg>
<doc>Returns the given values which can then be assigned to a variables.</doc>
<status status="PASS" start="2024-04-06T09:13:09.365023" elapsed="0.000479"/>
</kw>
<kw name="Dictionary Should Contain Key" owner="Collections">
<msg time="2024-04-06T09:13:09.365972" level="INFO">False</msg>
<arg>${json_data}</arg>
<arg>results</arg>
<doc>Fails if ``key`` is not found from ``dictionary``.</doc>
<status status="PASS" start="2024-04-06T09:13:09.365806" elapsed="0.000209"/>
</kw>
<status status="PASS" start="2024-04-06T09:13:09.296651" elapsed="0.069678"/>
</kw>
<doc>Testa se a API responde corretamente e retorna um objeto JSON válido.</doc>
<tag>testeRequisicaoBasica</tag>
<status status="PASS" start="2024-04-06T09:13:09.296089" elapsed="0.070416"/>
</test>
<test id="s1-s1-t3" name="Validar estrutura de resposta" line="22">
<kw name="Teste de Estrutura de Resposta" owner="random-user-service">
<kw name="GET On Session" owner="RequestsLibrary">
<msg time="2024-04-06T09:13:09.463959" level="INFO">GET Request : url=https://randomuser.me/api 
 path_url=/api 
 headers={'User-Agent': 'python-requests/2.31.0', 'Accept-Encoding': 'gzip, deflate', 'Accept': '*/*', 'Connection': 'keep-alive'} 
 body=None 
 </msg>
<msg time="2024-04-06T09:13:09.464073" level="INFO">GET Response : url=https://randomuser.me/api 
 status=200, reason=OK 
 headers={'Date': 'Sat, 06 Apr 2024 09:13:09 GMT', 'Content-Type': 'application/json; charset=utf-8', 'Transfer-Encoding': 'chunked', 'Connection': 'keep-alive', 'X-Powered-By': 'Express', 'Access-Control-Allow-Origin': '*', 'Cache-Control': 'no-cache', 'ETag': 'W/"491-dulyvVrwVDKEqE+C/UE1Koy8jc4"', 'Vary': 'Accept-Encoding', 'Content-Encoding': 'gzip', 'CF-Cache-Status': 'DYNAMIC', 'Report-To': '{"endpoints":[{"url":"https:\\/\\/a.nel.cloudflare.com\\/report\\/v4?s=%2F59JHl2Ap9sXGcfCFPs7JvjltI%2B09wbPTzK8JxjxGjm0jC1fpyV%2FIDCHN82SZniKp40XWFLFquxGyuLMLQ5Ytf4BhEPW0WTjYo2ksNen39fmTJDOFdKwxX%2FMOGMrs7mB"}],"group":"cf-nel","max_age":604800}', 'NEL': '{"success_fraction":0,"report_to":"cf-nel","max_age":604800}', 'Server': 'cloudflare', 'CF-RAY': '8700a9099a33081a-IAD', 'alt-svc': 'h3=":443"; ma=86400'} 
 body={"results":[{"gender":"male","name":{"title":"Mr","first":"Francisco","last":"Peña"},"location":{"street":{"number":3769,"name":"Calle Nebrija"},"city":"Guadalajara","state":"Canarias","country":"Spain","postcode":43220,"coordinates":{"latitude":"-31.8319","longitude":"-55.7795"},"timezone":{"offset":"+9:00","description":"Tokyo, Seoul, Osaka, Sapporo, Yakutsk"}},"email":"francisco.pena@example.com","login":{"uuid":"6be6e525-3e93-4f65-a19e-66a59e25fee9","username":"organictiger457","password":"avatar","salt":"m4In8yvy","md5":"0b2bd5bc9fcba4c12943fdc67080791c","sha1":"bff1819d03354277b76c23b17f35f2ff89d86540","sha256":"c01d64660e603989f7457f86e7871560328d1b98d7cda67fcfcaab2f6cf823e9"},"dob":{"date":"1966-04-16T19:29:55.102Z","age":57},"registered":{"date":"2015-12-22T16:45:57.747Z","age":8},"phone":"959-139-996","cell":"660-969-165","id":{"name":"DNI","value":"32051272-N"},"picture":{"large":"https://randomuser.me/api/portraits/men/34.jpg","medium":"https://randomuser.me/api/portraits/med/men/34.jpg","thumbnail":"https://randomuser.me/api/portraits/thumb/men/34.jpg"},"nat":"ES"}],"info":{"seed":"5ae33c790cd88c26","results":1,"page":1,"version":"1.4"}} 
 </msg>
<msg time="2024-04-06T09:13:09.464248" level="INFO">/opt/hostedtoolcache/Python/3.12.2/x64/lib/python3.12/site-packages/urllib3/connectionpool.py:1103: InsecureRequestWarning: Unverified HTTPS request is being made to host 'randomuser.me'. Adding certificate verification is strongly advised. See: https://urllib3.readthedocs.io/en/latest/advanced-usage.html#tls-warnings
  warnings.warn(</msg>
<msg time="2024-04-06T09:13:09.464403" level="INFO">${response} = &lt;Response [200]&gt;</msg>
<var>${response}</var>
<arg>consultarAPI</arg>
<arg>/api</arg>
<doc>Sends a GET request on a previously created HTTP Session.</doc>
<status status="PASS" start="2024-04-06T09:13:09.369267" elapsed="0.095178"/>
</kw>
<kw name="Set Variable" owner="BuiltIn">
<msg time="2024-04-06T09:13:09.465657" level="INFO">${json_data} = {'results': [{'gender': 'male', 'name': {'title': 'Mr', 'first': 'Francisco', 'last': 'Peña'}, 'location': {'street': {'number': 3769, 'name': 'Calle Nebrija'}, 'city': 'Guadalajara', 'state': 'Canari...</msg>
<var>${json_data}</var>
<arg>${response.json()}</arg>
<doc>Returns the given values which can then be assigned to a variables.</doc>
<status status="PASS" start="2024-04-06T09:13:09.465081" elapsed="0.000607"/>
</kw>
<kw name="Log" owner="BuiltIn">
<msg time="2024-04-06T09:13:09.466256" level="INFO">{'results': [{'gender': 'male', 'name': {'title': 'Mr', 'first': 'Francisco', 'last': 'Peña'}, 'location': {'street': {'number': 3769, 'name': 'Calle Nebrija'}, 'city': 'Guadalajara', 'state': 'Canarias', 'country': 'Spain', 'postcode': 43220, 'coordinates': {'latitude': '-31.8319', 'longitude': '-55.7795'}, 'timezone': {'offset': '+9:00', 'description': 'Tokyo, Seoul, Osaka, Sapporo, Yakutsk'}}, 'email': 'francisco.pena@example.com', 'login': {'uuid': '6be6e525-3e93-4f65-a19e-66a59e25fee9', 'username': 'organictiger457', 'password': 'avatar', 'salt': 'm4In8yvy', 'md5': '0b2bd5bc9fcba4c12943fdc67080791c', 'sha1': 'bff1819d03354277b76c23b17f35f2ff89d86540', 'sha256': 'c01d64660e603989f7457f86e7871560328d1b98d7cda67fcfcaab2f6cf823e9'}, 'dob': {'date': '1966-04-16T19:29:55.102Z', 'age': 57}, 'registered': {'date': '2015-12-22T16:45:57.747Z', 'age': 8}, 'phone': '959-139-996', 'cell': '660-969-165', 'id': {'name': 'DNI', 'value': '32051272-N'}, 'picture': {'large': 'https://randomuser.me/api/portraits/men/34.jpg', 'medium': 'https://randomuser.me/api/portraits/med/men/34.jpg', 'thumbnail': 'https://randomuser.me/api/portraits/thumb/men/34.jpg'}, 'nat': 'ES'}], 'info': {'seed': '5ae33c790cd88c26', 'results': 1, 'page': 1, 'version': '1.4'}}</msg>
<arg>${json_data}</arg>
<doc>Logs the given message with the given level.</doc>
<status status="PASS" start="2024-04-06T09:13:09.466042" elapsed="0.000265"/>
</kw>
<kw name="Dictionary Should Contain Key" owner="Collections">
<msg time="2024-04-06T09:13:09.466788" level="INFO">False</msg>
<arg>${json_data}</arg>
<arg>results</arg>
<doc>Fails if ``key`` is not found from ``dictionary``.</doc>
<status status="PASS" start="2024-04-06T09:13:09.466623" elapsed="0.000204"/>
</kw>
<kw name="Should Not Be Empty" owner="BuiltIn">
<msg time="2024-04-06T09:13:09.467279" level="INFO">Length is 2.</msg>
<arg>${json_data}</arg>
<doc>Verifies that the given item is not empty.</doc>
<status status="PASS" start="2024-04-06T09:13:09.467140" elapsed="0.000178"/>
</kw>
<kw name="Create List" owner="BuiltIn">
<msg time="2024-04-06T09:13:09.467772" level="INFO">${expected_keys} = ['gender', 'name', 'location', 'email', 'login']</msg>
<var>${expected_keys}</var>
<arg>gender</arg>
<arg>name</arg>
<arg>location</arg>
<arg>email</arg>
<arg>login</arg>
<doc>Returns a list containing given items.</doc>
<status status="PASS" start="2024-04-06T09:13:09.467621" elapsed="0.000175"/>
</kw>
<for flavor="IN">
<iter>
<kw name="Dictionary Should Contain Key" owner="Collections">
<msg time="2024-04-06T09:13:09.468812" level="INFO">False</msg>
<arg>${json_data['results'][0]}</arg>
<arg>${key}</arg>
<doc>Fails if ``key`` is not found from ``dictionary``.</doc>
<status status="PASS" start="2024-04-06T09:13:09.468401" elapsed="0.000451"/>
</kw>
<kw name="Log" owner="BuiltIn">
<msg time="2024-04-06T09:13:09.469550" level="INFO">{'gender': 'male', 'name': {'title': 'Mr', 'first': 'Francisco', 'last': 'Peña'}, 'location': {'street': {'number': 3769, 'name': 'Calle Nebrija'}, 'city': 'Guadalajara', 'state': 'Canarias', 'country': 'Spain', 'postcode': 43220, 'coordinates': {'latitude': '-31.8319', 'longitude': '-55.7795'}, 'timezone': {'offset': '+9:00', 'description': 'Tokyo, Seoul, Osaka, Sapporo, Yakutsk'}}, 'email': 'francisco.pena@example.com', 'login': {'uuid': '6be6e525-3e93-4f65-a19e-66a59e25fee9', 'username': 'organictiger457', 'password': 'avatar', 'salt': 'm4In8yvy', 'md5': '0b2bd5bc9fcba4c12943fdc67080791c', 'sha1': 'bff1819d03354277b76c23b17f35f2ff89d86540', 'sha256': 'c01d64660e603989f7457f86e7871560328d1b98d7cda67fcfcaab2f6cf823e9'}, 'dob': {'date': '1966-04-16T19:29:55.102Z', 'age': 57}, 'registered': {'date': '2015-12-22T16:45:57.747Z', 'age': 8}, 'phone': '959-139-996', 'cell': '660-969-165', 'id': {'name': 'DNI', 'value': '32051272-N'}, 'picture': {'large': 'https://randomuser.me/api/portraits/men/34.jpg', 'medium': 'https://randomuser.me/api/portraits/med/men/34.jpg', 'thumbnail': 'https://randomuser.me/api/portraits/thumb/men/34.jpg'}, 'nat': 'ES'}</msg>
<arg>${json_data['results'][0]}</arg>
<doc>Logs the given message with the given level.</doc>
<status status="PASS" start="2024-04-06T09:13:09.469171" elapsed="0.000430"/>
</kw>
<kw name="Log" owner="BuiltIn">
<msg time="2024-04-06T09:13:09.470041" level="INFO">gender</msg>
<arg>${key}</arg>
<doc>Logs the given message with the given level.</doc>
<status status="PASS" start="2024-04-06T09:13:09.469906" elapsed="0.000206"/>
</kw>
<var name="${key}">gender</var>
<status status="PASS" start="2024-04-06T09:13:09.468273" elapsed="0.002076"/>
</iter>
<iter>
<kw name="Dictionary Should Contain Key" owner="Collections">
<msg time="2024-04-06T09:13:09.471056" level="INFO">False</msg>
<arg>${json_data['results'][0]}</arg>
<arg>${key}</arg>
<doc>Fails if ``key`` is not found from ``dictionary``.</doc>
<status status="PASS" start="2024-04-06T09:13:09.470663" elapsed="0.000431"/>
</kw>
<kw name="Log" owner="BuiltIn">
<msg time="2024-04-06T09:13:09.471788" level="INFO">{'gender': 'male', 'name': {'title': 'Mr', 'first': 'Francisco', 'last': 'Peña'}, 'location': {'street': {'number': 3769, 'name': 'Calle Nebrija'}, 'city': 'Guadalajara', 'state': 'Canarias', 'country': 'Spain', 'postcode': 43220, 'coordinates': {'latitude': '-31.8319', 'longitude': '-55.7795'}, 'timezone': {'offset': '+9:00', 'description': 'Tokyo, Seoul, Osaka, Sapporo, Yakutsk'}}, 'email': 'francisco.pena@example.com', 'login': {'uuid': '6be6e525-3e93-4f65-a19e-66a59e25fee9', 'username': 'organictiger457', 'password': 'avatar', 'salt': 'm4In8yvy', 'md5': '0b2bd5bc9fcba4c12943fdc67080791c', 'sha1': 'bff1819d03354277b76c23b17f35f2ff89d86540', 'sha256': 'c01d64660e603989f7457f86e7871560328d1b98d7cda67fcfcaab2f6cf823e9'}, 'dob': {'date': '1966-04-16T19:29:55.102Z', 'age': 57}, 'registered': {'date': '2015-12-22T16:45:57.747Z', 'age': 8}, 'phone': '959-139-996', 'cell': '660-969-165', 'id': {'name': 'DNI', 'value': '32051272-N'}, 'picture': {'large': 'https://randomuser.me/api/portraits/men/34.jpg', 'medium': 'https://randomuser.me/api/portraits/med/men/34.jpg', 'thumbnail': 'https://randomuser.me/api/portraits/thumb/men/34.jpg'}, 'nat': 'ES'}</msg>
<arg>${json_data['results'][0]}</arg>
<doc>Logs the given message with the given level.</doc>
<status status="PASS" start="2024-04-06T09:13:09.471425" elapsed="0.000414"/>
</kw>
<kw name="Log" owner="BuiltIn">
<msg time="2024-04-06T09:13:09.472279" level="INFO">name</msg>
<arg>${key}</arg>
<doc>Logs the given message with the given level.</doc>
<status status="PASS" start="2024-04-06T09:13:09.472149" elapsed="0.000168"/>
</kw>
<var name="${key}">name</var>
<status status="PASS" start="2024-04-06T09:13:09.470545" elapsed="0.001991"/>
</iter>
<iter>
<kw name="Dictionary Should Contain Key" owner="Collections">
<msg time="2024-04-06T09:13:09.473215" level="INFO">False</msg>
<arg>${json_data['results'][0]}</arg>
<arg>${key}</arg>
<doc>Fails if ``key`` is not found from ``dictionary``.</doc>
<status status="PASS" start="2024-04-06T09:13:09.472832" elapsed="0.000421"/>
</kw>
<kw name="Log" owner="BuiltIn">
<msg time="2024-04-06T09:13:09.473912" level="INFO">{'gender': 'male', 'name': {'title': 'Mr', 'first': 'Francisco', 'last': 'Peña'}, 'location': {'street': {'number': 3769, 'name': 'Calle Nebrija'}, 'city': 'Guadalajara', 'state': 'Canarias', 'country': 'Spain', 'postcode': 43220, 'coordinates': {'latitude': '-31.8319', 'longitude': '-55.7795'}, 'timezone': {'offset': '+9:00', 'description': 'Tokyo, Seoul, Osaka, Sapporo, Yakutsk'}}, 'email': 'francisco.pena@example.com', 'login': {'uuid': '6be6e525-3e93-4f65-a19e-66a59e25fee9', 'username': 'organictiger457', 'password': 'avatar', 'salt': 'm4In8yvy', 'md5': '0b2bd5bc9fcba4c12943fdc67080791c', 'sha1': 'bff1819d03354277b76c23b17f35f2ff89d86540', 'sha256': 'c01d64660e603989f7457f86e7871560328d1b98d7cda67fcfcaab2f6cf823e9'}, 'dob': {'date': '1966-04-16T19:29:55.102Z', 'age': 57}, 'registered': {'date': '2015-12-22T16:45:57.747Z', 'age': 8}, 'phone': '959-139-996', 'cell': '660-969-165', 'id': {'name': 'DNI', 'value': '32051272-N'}, 'picture': {'large': 'https://randomuser.me/api/portraits/men/34.jpg', 'medium': 'https://randomuser.me/api/portraits/med/men/34.jpg', 'thumbnail': 'https://randomuser.me/api/portraits/thumb/men/34.jpg'}, 'nat': 'ES'}</msg>
<arg>${json_data['results'][0]}</arg>
<doc>Logs the given message with the given level.</doc>
<status status="PASS" start="2024-04-06T09:13:09.473554" elapsed="0.000412"/>
</kw>
<kw name="Log" owner="BuiltIn">
<msg time="2024-04-06T09:13:09.474436" level="INFO">location</msg>
<arg>${key}</arg>
<doc>Logs the given message with the given level.</doc>
<status status="PASS" start="2024-04-06T09:13:09.474306" elapsed="0.000170"/>
</kw>
<var name="${key}">location</var>
<status status="PASS" start="2024-04-06T09:13:09.472719" elapsed="0.001976"/>
</iter>
<iter>
<kw name="Dictionary Should Contain Key" owner="Collections">
<msg time="2024-04-06T09:13:09.475357" level="INFO">False</msg>
<arg>${json_data['results'][0]}</arg>
<arg>${key}</arg>
<doc>Fails if ``key`` is not found from ``dictionary``.</doc>
<status status="PASS" start="2024-04-06T09:13:09.474981" elapsed="0.000414"/>
</kw>
<kw name="Log" owner="BuiltIn">
<msg time="2024-04-06T09:13:09.476068" level="INFO">{'gender': 'male', 'name': {'title': 'Mr', 'first': 'Francisco', 'last': 'Peña'}, 'location': {'street': {'number': 3769, 'name': 'Calle Nebrija'}, 'city': 'Guadalajara', 'state': 'Canarias', 'country': 'Spain', 'postcode': 43220, 'coordinates': {'latitude': '-31.8319', 'longitude': '-55.7795'}, 'timezone': {'offset': '+9:00', 'description': 'Tokyo, Seoul, Osaka, Sapporo, Yakutsk'}}, 'email': 'francisco.pena@example.com', 'login': {'uuid': '6be6e525-3e93-4f65-a19e-66a59e25fee9', 'username': 'organictiger457', 'password': 'avatar', 'salt': 'm4In8yvy', 'md5': '0b2bd5bc9fcba4c12943fdc67080791c', 'sha1': 'bff1819d03354277b76c23b17f35f2ff89d86540', 'sha256': 'c01d64660e603989f7457f86e7871560328d1b98d7cda67fcfcaab2f6cf823e9'}, 'dob': {'date': '1966-04-16T19:29:55.102Z', 'age': 57}, 'registered': {'date': '2015-12-22T16:45:57.747Z', 'age': 8}, 'phone': '959-139-996', 'cell': '660-969-165', 'id': {'name': 'DNI', 'value': '32051272-N'}, 'picture': {'large': 'https://randomuser.me/api/portraits/men/34.jpg', 'medium': 'https://randomuser.me/api/portraits/med/men/34.jpg', 'thumbnail': 'https://randomuser.me/api/portraits/thumb/men/34.jpg'}, 'nat': 'ES'}</msg>
<arg>${json_data['results'][0]}</arg>
<doc>Logs the given message with the given level.</doc>
<status status="PASS" start="2024-04-06T09:13:09.475697" elapsed="0.000422"/>
</kw>
<kw name="Log" owner="BuiltIn">
<msg time="2024-04-06T09:13:09.476544" level="INFO">email</msg>
<arg>${key}</arg>
<doc>Logs the given message with the given level.</doc>
<status status="PASS" start="2024-04-06T09:13:09.476416" elapsed="0.000167"/>
</kw>
<var name="${key}">email</var>
<status status="PASS" start="2024-04-06T09:13:09.474869" elapsed="0.001928"/>
</iter>
<iter>
<kw name="Dictionary Should Contain Key" owner="Collections">
<msg time="2024-04-06T09:13:09.477467" level="INFO">False</msg>
<arg>${json_data['results'][0]}</arg>
<arg>${key}</arg>
<doc>Fails if ``key`` is not found from ``dictionary``.</doc>
<status status="PASS" start="2024-04-06T09:13:09.477083" elapsed="0.000421"/>
</kw>
<kw name="Log" owner="BuiltIn">
<msg time="2024-04-06T09:13:09.478206" level="INFO">{'gender': 'male', 'name': {'title': 'Mr', 'first': 'Francisco', 'last': 'Peña'}, 'location': {'street': {'number': 3769, 'name': 'Calle Nebrija'}, 'city': 'Guadalajara', 'state': 'Canarias', 'country': 'Spain', 'postcode': 43220, 'coordinates': {'latitude': '-31.8319', 'longitude': '-55.7795'}, 'timezone': {'offset': '+9:00', 'description': 'Tokyo, Seoul, Osaka, Sapporo, Yakutsk'}}, 'email': 'francisco.pena@example.com', 'login': {'uuid': '6be6e525-3e93-4f65-a19e-66a59e25fee9', 'username': 'organictiger457', 'password': 'avatar', 'salt': 'm4In8yvy', 'md5': '0b2bd5bc9fcba4c12943fdc67080791c', 'sha1': 'bff1819d03354277b76c23b17f35f2ff89d86540', 'sha256': 'c01d64660e603989f7457f86e7871560328d1b98d7cda67fcfcaab2f6cf823e9'}, 'dob': {'date': '1966-04-16T19:29:55.102Z', 'age': 57}, 'registered': {'date': '2015-12-22T16:45:57.747Z', 'age': 8}, 'phone': '959-139-996', 'cell': '660-969-165', 'id': {'name': 'DNI', 'value': '32051272-N'}, 'picture': {'large': 'https://randomuser.me/api/portraits/men/34.jpg', 'medium': 'https://randomuser.me/api/portraits/med/men/34.jpg', 'thumbnail': 'https://randomuser.me/api/portraits/thumb/men/34.jpg'}, 'nat': 'ES'}</msg>
<arg>${json_data['results'][0]}</arg>
<doc>Logs the given message with the given level.</doc>
<status status="PASS" start="2024-04-06T09:13:09.477800" elapsed="0.000455"/>
</kw>
<kw name="Log" owner="BuiltIn">
<msg time="2024-04-06T09:13:09.478692" level="INFO">login</msg>
<arg>${key}</arg>
<doc>Logs the given message with the given level.</doc>
<status status="PASS" start="2024-04-06T09:13:09.478564" elapsed="0.000278"/>
</kw>
<var name="${key}">login</var>
<status status="PASS" start="2024-04-06T09:13:09.476971" elapsed="0.002126"/>
</iter>
<var>${key}</var>
<value>@{expected_keys}</value>
<status status="PASS" start="2024-04-06T09:13:09.468072" elapsed="0.011154"/>
</for>
<kw name="Create List" owner="BuiltIn">
<msg time="2024-04-06T09:13:09.479567" level="INFO">${expected_keysTwo} = ['username', 'password']</msg>
<var>${expected_keysTwo}</var>
<arg>username</arg>
<arg>password</arg>
<doc>Returns a list containing given items.</doc>
<status status="PASS" start="2024-04-06T09:13:09.479428" elapsed="0.000162"/>
</kw>
<for flavor="IN">
<iter>
<kw name="Dictionary Should Contain Key" owner="Collections">
<msg time="2024-04-06T09:13:09.480477" level="INFO">False</msg>
<arg>${json_data['results'][0]['login']}</arg>
<arg>${keyTwo}</arg>
<doc>Fails if ``key`` is not found from ``dictionary``.</doc>
<status status="PASS" start="2024-04-06T09:13:09.480095" elapsed="0.000420"/>
</kw>
<kw name="Dictionary Should Contain Key" owner="Collections">
<msg time="2024-04-06T09:13:09.481188" level="INFO">False</msg>
<arg>${json_data['results'][0]['login']}</arg>
<arg>${keyTwo}</arg>
<doc>Fails if ``key`` is not found from ``dictionary``.</doc>
<status status="PASS" start="2024-04-06T09:13:09.480811" elapsed="0.000414"/>
</kw>
<kw name="Log" owner="BuiltIn">
<msg time="2024-04-06T09:13:09.481646" level="INFO">username</msg>
<arg>${keyTwo}</arg>
<doc>Logs the given message with the given level.</doc>
<status status="PASS" start="2024-04-06T09:13:09.481518" elapsed="0.000166"/>
</kw>
<var name="${keyTwo}">username</var>
<status status="PASS" start="2024-04-06T09:13:09.479983" elapsed="0.001916"/>
</iter>
<iter>
<kw name="Dictionary Should Contain Key" owner="Collections">
<msg time="2024-04-06T09:13:09.482815" level="INFO">False</msg>
<arg>${json_data['results'][0]['login']}</arg>
<arg>${keyTwo}</arg>
<doc>Fails if ``key`` is not found from ``dictionary``.</doc>
<status status="PASS" start="2024-04-06T09:13:09.482273" elapsed="0.000582"/>
</kw>
<kw name="Dictionary Should Contain Key" owner="Collections">
<msg time="2024-04-06T09:13:09.483581" level="INFO">False</msg>
<arg>${json_data['results'][0]['login']}</arg>
<arg>${keyTwo}</arg>
<doc>Fails if ``key`` is not found from ``dictionary``.</doc>
<status status="PASS" start="2024-04-06T09:13:09.483191" elapsed="0.000428"/>
</kw>
<kw name="Log" owner="BuiltIn">
<msg time="2024-04-06T09:13:09.484046" level="INFO">password</msg>
<arg>${keyTwo}</arg>
<doc>Logs the given message with the given level.</doc>
<status status="PASS" start="2024-04-06T09:13:09.483918" elapsed="0.000166"/>
</kw>
<var name="${keyTwo}">password</var>
<status status="PASS" start="2024-04-06T09:13:09.482110" elapsed="0.002191"/>
</iter>
<var>${keyTwo}</var>
<value>@{expected_keysTwo}</value>
<status status="PASS" start="2024-04-06T09:13:09.479828" elapsed="0.004662"/>
</for>
<status status="PASS" start="2024-04-06T09:13:09.369033" elapsed="0.115691"/>
</kw>
<doc>Testa a estrutura da resposta da API.</doc>
<tag>testeEstruturaResposta</tag>
<status status="PASS" start="2024-04-06T09:13:09.368301" elapsed="0.116673"/>
</test>
<test id="s1-s1-t4" name="Validar tipos de dados" line="28">
<kw name="Teste de Tipos de Dados" owner="random-user-service">
<kw name="GET On Session" owner="RequestsLibrary">
<msg time="2024-04-06T09:13:09.569412" level="INFO">GET Request : url=https://randomuser.me/api 
 path_url=/api 
 headers={'User-Agent': 'python-requests/2.31.0', 'Accept-Encoding': 'gzip, deflate', 'Accept': '*/*', 'Connection': 'keep-alive'} 
 body=None 
 </msg>
<msg time="2024-04-06T09:13:09.569491" level="INFO">GET Response : url=https://randomuser.me/api 
 status=200, reason=OK 
 headers={'Date': 'Sat, 06 Apr 2024 09:13:09 GMT', 'Content-Type': 'application/json; charset=utf-8', 'Transfer-Encoding': 'chunked', 'Connection': 'keep-alive', 'X-Powered-By': 'Express', 'Access-Control-Allow-Origin': '*', 'Cache-Control': 'no-cache', 'ETag': 'W/"4aa-QMP0e8tU+nEg8c8xnN8Nqhv8PHo"', 'Vary': 'Accept-Encoding', 'Content-Encoding': 'gzip', 'CF-Cache-Status': 'DYNAMIC', 'Report-To': '{"endpoints":[{"url":"https:\\/\\/a.nel.cloudflare.com\\/report\\/v4?s=bDxlbwIfYBNnBfxeeqDYEdd%2BNYm0%2FSm%2F64374B3CAJrmXiYYUDd1dGQ9Vi6MNz37B058u461%2FnBdiLGdUOrfgzslqthTbiL64Xdg0PLiDdRcJTlE2tnobwXJXHF5b90u"}],"group":"cf-nel","max_age":604800}', 'NEL': '{"success_fraction":0,"report_to":"cf-nel","max_age":604800}', 'Server': 'cloudflare', 'CF-RAY': '8700a90a5ad8081a-IAD', 'alt-svc': 'h3=":443"; ma=86400'} 
 body={"results":[{"gender":"female","name":{"title":"Ms","first":"Apolline","last":"Mercier"},"location":{"street":{"number":8537,"name":"Place de L'Église"},"city":"Toulon","state":"Alpes-de-Haute-Provence","country":"France","postcode":20847,"coordinates":{"latitude":"-19.7762","longitude":"16.6652"},"timezone":{"offset":"+2:00","description":"Kaliningrad, South Africa"}},"email":"apolline.mercier@example.com","login":{"uuid":"1ae8d3e0-1180-4df2-a70c-44b15fe423a9","username":"silverfish367","password":"0101","salt":"gHaY9jNC","md5":"505080d132e8371f8641fbd76af33a0f","sha1":"865549326d2bd918d34bb00c6f27676b8cb97fde","sha256":"f8e27a51ff93ff03d8a3c8e53cbcdf53f9574e87cacdcf46e13a15ed3f911794"},"dob":{"date":"1983-09-19T19:16:55.329Z","age":40},"registered":{"date":"2004-03-19T23:06:13.285Z","age":20},"phone":"05-92-12-66-27","cell":"06-66-80-57-56","id":{"name":"INSEE","value":"2830852806857 75"},"picture":{"large":"https://randomuser.me/api/portraits/women/35.jpg","medium":"https://randomuser.me/api/portraits/med/women/35.jpg","thumbnail":"https://randomuser.me/api/portraits/thumb/women/35.jpg"},"nat":"FR"}],"info":{"seed":"e9e4ff0caf9be615","results":1,"page":1,"version":"1.4"}} 
 </msg>
<msg time="2024-04-06T09:13:09.569557" level="INFO">/opt/hostedtoolcache/Python/3.12.2/x64/lib/python3.12/site-packages/urllib3/connectionpool.py:1103: InsecureRequestWarning: Unverified HTTPS request is being made to host 'randomuser.me'. Adding certificate verification is strongly advised. See: https://urllib3.readthedocs.io/en/latest/advanced-usage.html#tls-warnings
  warnings.warn(</msg>
<msg time="2024-04-06T09:13:09.569658" level="INFO">${response} = &lt;Response [200]&gt;</msg>
<var>${response}</var>
<arg>consultarAPI</arg>
<arg>/api</arg>
<doc>Sends a GET request on a previously created HTTP Session.</doc>
<status status="PASS" start="2024-04-06T09:13:09.488034" elapsed="0.081664"/>
</kw>
<kw name="Set Variable" owner="BuiltIn">
<msg time="2024-04-06T09:13:09.570748" level="INFO">${json_data} = {'results': [{'gender': 'female', 'name': {'title': 'Ms', 'first': 'Apolline', 'last': 'Mercier'}, 'location': {'street': {'number': 8537, 'name': "Place de L'Église"}, 'city': 'Toulon', 'state': 'Alp...</msg>
<var>${json_data}</var>
<arg>${response.json()}</arg>
<doc>Returns the given values which can then be assigned to a variables.</doc>
<status status="PASS" start="2024-04-06T09:13:09.570190" elapsed="0.000588"/>
</kw>
<kw name="Log" owner="BuiltIn">
<msg time="2024-04-06T09:13:09.571274" level="INFO">{'results': [{'gender': 'female', 'name': {'title': 'Ms', 'first': 'Apolline', 'last': 'Mercier'}, 'location': {'street': {'number': 8537, 'name': "Place de L'Église"}, 'city': 'Toulon', 'state': 'Alpes-de-Haute-Provence', 'country': 'France', 'postcode': 20847, 'coordinates': {'latitude': '-19.7762', 'longitude': '16.6652'}, 'timezone': {'offset': '+2:00', 'description': 'Kaliningrad, South Africa'}}, 'email': 'apolline.mercier@example.com', 'login': {'uuid': '1ae8d3e0-1180-4df2-a70c-44b15fe423a9', 'username': 'silverfish367', 'password': '0101', 'salt': 'gHaY9jNC', 'md5': '505080d132e8371f8641fbd76af33a0f', 'sha1': '865549326d2bd918d34bb00c6f27676b8cb97fde', 'sha256': 'f8e27a51ff93ff03d8a3c8e53cbcdf53f9574e87cacdcf46e13a15ed3f911794'}, 'dob': {'date': '1983-09-19T19:16:55.329Z', 'age': 40}, 'registered': {'date': '2004-03-19T23:06:13.285Z', 'age': 20}, 'phone': '05-92-12-66-27', 'cell': '06-66-80-57-56', 'id': {'name': 'INSEE', 'value': '2830852806857 75'}, 'picture': {'large': 'https://randomuser.me/api/portraits/women/35.jpg', 'medium': 'https://randomuser.me/api/portraits/med/women/35.jpg', 'thumbnail': 'https://randomuser.me/api/portraits/thumb/women/35.jpg'}, 'nat': 'FR'}], 'info': {'seed': 'e9e4ff0caf9be615', 'results': 1, 'page': 1, 'version': '1.4'}}</msg>
<arg>${json_data}</arg>
<doc>Logs the given message with the given level.</doc>
<status status="PASS" start="2024-04-06T09:13:09.571110" elapsed="0.000245"/>
</kw>
<kw name="Should Be String" owner="String">
<arg>${json_data['results'][0]['gender']}</arg>
<doc>Fails if the given ``item`` is not a string.</doc>
<status status="PASS" start="2024-04-06T09:13:09.571661" elapsed="0.000367"/>
</kw>
<kw name="Should Match Regexp" owner="BuiltIn">
<arg>${json_data['results'][0]['email']}</arg>
<arg>^[a-zA-Z0-9._%+-]+@[a-zA-Z0-9.-]+\.[a-zA-Z]{2,}$</arg>
<doc>Fails if ``string`` does not match ``pattern`` as a regular expression.</doc>
<status status="PASS" start="2024-04-06T09:13:09.572224" elapsed="0.000518"/>
</kw>
<kw name="Should Match Regexp" owner="BuiltIn">
<arg>${json_data['results'][0]['dob']['date']}</arg>
<arg>\\d{4}-\\d{2}-\\d{2}T\\d{2}:\\d{2}:\\d{2}\\.\\d{3}Z</arg>
<doc>Fails if ``string`` does not match ``pattern`` as a regular expression.</doc>
<status status="PASS" start="2024-04-06T09:13:09.572942" elapsed="0.000487"/>
</kw>
<kw name="Should Match Regexp" owner="BuiltIn">
<arg>${json_data['results'][0]['registered']['date']}</arg>
<arg>\\d{4}-\\d{2}-\\d{2}T\\d{2}:\\d{2}:\\d{2}\\.\\d{3}Z</arg>
<doc>Fails if ``string`` does not match ``pattern`` as a regular expression.</doc>
<status status="PASS" start="2024-04-06T09:13:09.573643" elapsed="0.000366"/>
</kw>
<kw name="Should Match Regexp" owner="BuiltIn">
<arg>${json_data['results'][0]['picture']['large']}</arg>
<arg>^https?://.*\.(?:png|jpe?g|gif|bmp)$</arg>
<doc>Fails if ``string`` does not match ``pattern`` as a regular expression.</doc>
<status status="PASS" start="2024-04-06T09:13:09.574243" elapsed="0.000465"/>
</kw>
<kw name="Should Match Regexp" owner="BuiltIn">
<arg>${json_data['results'][0]['picture']['medium']}</arg>
<arg>^https?://.*\.(?:png|jpe?g|gif|bmp)$</arg>
<doc>Fails if ``string`` does not match ``pattern`` as a regular expression.</doc>
<status status="PASS" start="2024-04-06T09:13:09.574906" elapsed="0.000362"/>
</kw>
<kw name="Should Match Regexp" owner="BuiltIn">
<arg>${json_data['results'][0]['picture']['thumbnail']}</arg>
<arg>^https?://.*\.(?:png|jpe?g|gif|bmp)$</arg>
<doc>Fails if ``string`` does not match ``pattern`` as a regular expression.</doc>
<status status="PASS" start="2024-04-06T09:13:09.575463" elapsed="0.000377"/>
</kw>
<kw name="Log" owner="BuiltIn">
<msg time="2024-04-06T09:13:09.576358" level="INFO">{'large': 'https://randomuser.me/api/portraits/women/35.jpg', 'medium': 'https://randomuser.me/api/portraits/med/women/35.jpg', 'thumbnail': 'https://randomuser.me/api/portraits/thumb/women/35.jpg'}</msg>
<arg>${json_data['results'][0]['picture']}</arg>
<doc>Logs the given message with the given level.</doc>
<status status="PASS" start="2024-04-06T09:13:09.576025" elapsed="0.000375"/>
</kw>
<status status="PASS" start="2024-04-06T09:13:09.487788" elapsed="0.088870"/>
</kw>
<kw name="Teste de Tipos de Dados - Postcode" owner="random-user-service">
<kw name="GET On Session" owner="RequestsLibrary">
<msg time="2024-04-06T09:13:09.661305" level="INFO">GET Request : url=https://randomuser.me/api 
 path_url=/api 
 headers={'User-Agent': 'python-requests/2.31.0', 'Accept-Encoding': 'gzip, deflate', 'Accept': '*/*', 'Connection': 'keep-alive'} 
 body=None 
 </msg>
<msg time="2024-04-06T09:13:09.661398" level="INFO">GET Response : url=https://randomuser.me/api 
 status=200, reason=OK 
 headers={'Date': 'Sat, 06 Apr 2024 09:13:09 GMT', 'Content-Type': 'application/json; charset=utf-8', 'Transfer-Encoding': 'chunked', 'Connection': 'keep-alive', 'X-Powered-By': 'Express', 'Access-Control-Allow-Origin': '*', 'Cache-Control': 'no-cache', 'ETag': 'W/"489-aDPduOmqkppLDLE4JwYacrMbJc0"', 'Vary': 'Accept-Encoding', 'Content-Encoding': 'gzip', 'CF-Cache-Status': 'DYNAMIC', 'Report-To': '{"endpoints":[{"url":"https:\\/\\/a.nel.cloudflare.com\\/report\\/v4?s=p5N%2FytLojsaDM9WeAbbS9vvTmiHiPBbY%2FkzYIN%2FicnFLY0M7oledArImjwBFZYvq%2BeY6OyGVwmQ9%2FUmxVQPlShFU4W61KHfVQKDMbUwV9mMwGerHXTMbt6xPNEwqF%2FVX"}],"group":"cf-nel","max_age":604800}', 'NEL': '{"success_fraction":0,"report_to":"cf-nel","max_age":604800}', 'Server': 'cloudflare', 'CF-RAY': '8700a90adb4f081a-IAD', 'alt-svc': 'h3=":443"; ma=86400'} 
 body={"results":[{"gender":"female","name":{"title":"Miss","first":"Louise","last":"Jones"},"location":{"street":{"number":1394,"name":"Boghall Road"},"city":"Tipperary","state":"Galway City","country":"Ireland","postcode":12738,"coordinates":{"latitude":"-4.1176","longitude":"114.4934"},"timezone":{"offset":"+6:00","description":"Almaty, Dhaka, Colombo"}},"email":"louise.jones@example.com","login":{"uuid":"a71c20e5-03b9-4d6b-b7e3-5da82eec8c8d","username":"browngoose874","password":"titleist","salt":"pTJ2xS0C","md5":"6f03a03e0dbc6a4f70d16a6ddb7a7845","sha1":"490a15f5b48f78499eb397d8814a66aa63f5ec77","sha256":"52e45ed365187d0244f2dc2ba6e35d1b0900b3437f56fde29b8b1c7182fd468d"},"dob":{"date":"1982-12-20T02:58:43.789Z","age":41},"registered":{"date":"2012-08-24T14:19:22.582Z","age":11},"phone":"071-875-8584","cell":"081-201-4005","id":{"name":"PPS","value":"5305510T"},"picture":{"large":"https://randomuser.me/api/portraits/women/16.jpg","medium":"https://randomuser.me/api/portraits/med/women/16.jpg","thumbnail":"https://randomuser.me/api/portraits/thumb/women/16.jpg"},"nat":"IE"}],"info":{"seed":"174705de2802f732","results":1,"page":1,"version":"1.4"}} 
 </msg>
<msg time="2024-04-06T09:13:09.661489" level="INFO">/opt/hostedtoolcache/Python/3.12.2/x64/lib/python3.12/site-packages/urllib3/connectionpool.py:1103: InsecureRequestWarning: Unverified HTTPS request is being made to host 'randomuser.me'. Adding certificate verification is strongly advised. See: https://urllib3.readthedocs.io/en/latest/advanced-usage.html#tls-warnings
  warnings.warn(</msg>
<msg time="2024-04-06T09:13:09.661619" level="INFO">${response} = &lt;Response [200]&gt;</msg>
<var>${response}</var>
<arg>consultarAPI</arg>
<arg>/api</arg>
<doc>Sends a GET request on a previously created HTTP Session.</doc>
<status status="PASS" start="2024-04-06T09:13:09.577232" elapsed="0.084437"/>
</kw>
<kw name="Set Variable" owner="BuiltIn">
<msg time="2024-04-06T09:13:09.662844" level="INFO">${json_data} = {'results': [{'gender': 'female', 'name': {'title': 'Miss', 'first': 'Louise', 'last': 'Jones'}, 'location': {'street': {'number': 1394, 'name': 'Boghall Road'}, 'city': 'Tipperary', 'state': 'Galway ...</msg>
<var>${json_data}</var>
<arg>${response.json()}</arg>
<doc>Returns the given values which can then be assigned to a variables.</doc>
<status status="PASS" start="2024-04-06T09:13:09.662286" elapsed="0.000587"/>
</kw>
<kw name="Log" owner="BuiltIn">
<msg time="2024-04-06T09:13:09.663366" level="INFO">{'results': [{'gender': 'female', 'name': {'title': 'Miss', 'first': 'Louise', 'last': 'Jones'}, 'location': {'street': {'number': 1394, 'name': 'Boghall Road'}, 'city': 'Tipperary', 'state': 'Galway City', 'country': 'Ireland', 'postcode': 12738, 'coordinates': {'latitude': '-4.1176', 'longitude': '114.4934'}, 'timezone': {'offset': '+6:00', 'description': 'Almaty, Dhaka, Colombo'}}, 'email': 'louise.jones@example.com', 'login': {'uuid': 'a71c20e5-03b9-4d6b-b7e3-5da82eec8c8d', 'username': 'browngoose874', 'password': 'titleist', 'salt': 'pTJ2xS0C', 'md5': '6f03a03e0dbc6a4f70d16a6ddb7a7845', 'sha1': '490a15f5b48f78499eb397d8814a66aa63f5ec77', 'sha256': '52e45ed365187d0244f2dc2ba6e35d1b0900b3437f56fde29b8b1c7182fd468d'}, 'dob': {'date': '1982-12-20T02:58:43.789Z', 'age': 41}, 'registered': {'date': '2012-08-24T14:19:22.582Z', 'age': 11}, 'phone': '071-875-8584', 'cell': '081-201-4005', 'id': {'name': 'PPS', 'value': '5305510T'}, 'picture': {'large': 'https://randomuser.me/api/portraits/women/16.jpg', 'medium': 'https://randomuser.me/api/portraits/med/women/16.jpg', 'thumbnail': 'https://randomuser.me/api/portraits/thumb/women/16.jpg'}, 'nat': 'IE'}], 'info': {'seed': '174705de2802f732', 'results': 1, 'page': 1, 'version': '1.4'}}</msg>
<arg>${json_data}</arg>
<doc>Logs the given message with the given level.</doc>
<status status="PASS" start="2024-04-06T09:13:09.663206" elapsed="0.000244"/>
</kw>
<kw name="Should Be Equal As Numbers" owner="BuiltIn">
<arg>${json_data['results'][0]['location']['postcode']}</arg>
<arg>${json_data['results'][0]['location']['postcode']}</arg>
<doc>Fails if objects are unequal after converting them to real numbers.</doc>
<status status="PASS" start="2024-04-06T09:13:09.663760" elapsed="0.000635"/>
</kw>
<kw name="Log" owner="BuiltIn">
<msg time="2024-04-06T09:13:09.664928" level="INFO">12738</msg>
<arg>${json_data['results'][0]['location']['postcode']}</arg>
<doc>Logs the given message with the given level.</doc>
<status status="PASS" start="2024-04-06T09:13:09.664593" elapsed="0.000376"/>
</kw>
<status status="PASS" start="2024-04-06T09:13:09.576880" elapsed="0.088347"/>
</kw>
<doc>Testa se os tipos de dados na resposta da API estão corretos.</doc>
<tag>testeTiposDados</tag>
<status status="PASS" start="2024-04-06T09:13:09.487245" elapsed="0.178156"/>
</test>
<test id="s1-s1-t5" name="Validar conteudo" line="35">
<kw name="Teste de Tipos de Conteudo" owner="random-user-service">
<kw name="GET On Session" owner="RequestsLibrary">
<msg time="2024-04-06T09:13:09.765916" level="INFO">GET Request : url=https://randomuser.me/api 
 path_url=/api 
 headers={'User-Agent': 'python-requests/2.31.0', 'Accept-Encoding': 'gzip, deflate', 'Accept': '*/*', 'Connection': 'keep-alive'} 
 body=None 
 </msg>
<msg time="2024-04-06T09:13:09.765982" level="INFO">GET Response : url=https://randomuser.me/api 
 status=200, reason=OK 
 headers={'Date': 'Sat, 06 Apr 2024 09:13:09 GMT', 'Content-Type': 'application/json; charset=utf-8', 'Transfer-Encoding': 'chunked', 'Connection': 'keep-alive', 'X-Powered-By': 'Express', 'Access-Control-Allow-Origin': '*', 'Cache-Control': 'no-cache', 'ETag': 'W/"471-Ymly2ZrU0nG3d238kdlZF474RzA"', 'Vary': 'Accept-Encoding', 'Content-Encoding': 'gzip', 'CF-Cache-Status': 'DYNAMIC', 'Report-To': '{"endpoints":[{"url":"https:\\/\\/a.nel.cloudflare.com\\/report\\/v4?s=tuU2V316NFvCLvNA0LBZE9jdGSmcxI%2FCQEeKEQ1WE%2Fk3dg4W2OHg5k9n2EE6F1ieXott7lEoKYljuvJli5XTTWx49KkGxRgmdX9X7AgoQK9aU77J9CHFjKBM5X9maGDg"}],"group":"cf-nel","max_age":604800}', 'NEL': '{"success_fraction":0,"report_to":"cf-nel","max_age":604800}', 'Server': 'cloudflare', 'CF-RAY': '8700a90b7bd4081a-IAD', 'alt-svc': 'h3=":443"; ma=86400'} 
 body={"results":[{"gender":"female","name":{"title":"Mrs","first":"Abbey","last":"Hall"},"location":{"street":{"number":9365,"name":"Alexander Road"},"city":"Cobh","state":"Limerick","country":"Ireland","postcode":41966,"coordinates":{"latitude":"-0.4925","longitude":"44.7279"},"timezone":{"offset":"-2:00","description":"Mid-Atlantic"}},"email":"abbey.hall@example.com","login":{"uuid":"0595e048-5829-4088-92a5-3c14d750cb5c","username":"goldenduck820","password":"pantie","salt":"GiKaGGfk","md5":"d872f0410bbfba91039d981fc58cb8ae","sha1":"17b3117616cc455c07764d9290e00a61d1bb678d","sha256":"9ce61a1566ac771948d64cfe350624a487a67e7a7d706f951b8ebe9714e686d1"},"dob":{"date":"1948-06-13T17:54:28.636Z","age":75},"registered":{"date":"2008-01-07T19:24:41.028Z","age":16},"phone":"041-307-7374","cell":"081-469-8624","id":{"name":"PPS","value":"1506620T"},"picture":{"large":"https://randomuser.me/api/portraits/women/81.jpg","medium":"https://randomuser.me/api/portraits/med/women/81.jpg","thumbnail":"https://randomuser.me/api/portraits/thumb/women/81.jpg"},"nat":"IE"}],"info":{"seed":"b2bd62da6dc84df1","results":1,"page":1,"version":"1.4"}} 
 </msg>
<msg time="2024-04-06T09:13:09.766037" level="INFO">/opt/hostedtoolcache/Python/3.12.2/x64/lib/python3.12/site-packages/urllib3/connectionpool.py:1103: InsecureRequestWarning: Unverified HTTPS request is being made to host 'randomuser.me'. Adding certificate verification is strongly advised. See: https://urllib3.readthedocs.io/en/latest/advanced-usage.html#tls-warnings
  warnings.warn(</msg>
<msg time="2024-04-06T09:13:09.766161" level="INFO">${response} = &lt;Response [200]&gt;</msg>
<var>${response}</var>
<arg>consultarAPI</arg>
<arg>/api</arg>
<doc>Sends a GET request on a previously created HTTP Session.</doc>
<status status="PASS" start="2024-04-06T09:13:09.668024" elapsed="0.098177"/>
</kw>
<kw name="Set Variable" owner="BuiltIn">
<msg time="2024-04-06T09:13:09.767218" level="INFO">${json_data} = {'results': [{'gender': 'female', 'name': {'title': 'Mrs', 'first': 'Abbey', 'last': 'Hall'}, 'location': {'street': {'number': 9365, 'name': 'Alexander Road'}, 'city': 'Cobh', 'state': 'Limerick', 'c...</msg>
<var>${json_data}</var>
<arg>${response.json()}</arg>
<doc>Returns the given values which can then be assigned to a variables.</doc>
<status status="PASS" start="2024-04-06T09:13:09.766662" elapsed="0.000584"/>
</kw>
<kw name="Set Variable" owner="BuiltIn">
<msg time="2024-04-06T09:13:09.767936" level="INFO">${name_title} = Mrs</msg>
<var>${name_title}</var>
<arg>${json_data["results"][0]["name"]["title"]}</arg>
<doc>Returns the given values which can then be assigned to a variables.</doc>
<status status="PASS" start="2024-04-06T09:13:09.767550" elapsed="0.000410"/>
</kw>
<kw name="Create List" owner="BuiltIn">
<msg time="2024-04-06T09:13:09.768410" level="INFO">${allowed_titles} = ['Mr', 'Ms', 'Miss', 'Mrs', 'Madame', 'Monsieur']</msg>
<var>${allowed_titles}</var>
<arg>Mr</arg>
<arg>Ms</arg>
<arg>Miss</arg>
<arg>Mrs</arg>
<arg>Madame</arg>
<arg>Monsieur</arg>
<doc>Returns a list containing given items.</doc>
<status status="PASS" start="2024-04-06T09:13:09.768259" elapsed="0.000175"/>
</kw>
<kw name="List Should Contain Value" owner="Collections">
<msg time="2024-04-06T09:13:09.768913" level="INFO">False</msg>
<arg>${allowed_titles}</arg>
<arg>${name_title}</arg>
<doc>Fails if the ``value`` is not found from ``list``.</doc>
<status status="PASS" start="2024-04-06T09:13:09.768742" elapsed="0.000207"/>
</kw>
<kw name="Set Variable" owner="BuiltIn">
<msg time="2024-04-06T09:13:09.769613" level="INFO">${name_country} = IE</msg>
<var>${name_country}</var>
<arg>${json_data["results"][0]["nat"]}</arg>
<doc>Returns the given values which can then be assigned to a variables.</doc>
<status status="PASS" start="2024-04-06T09:13:09.769235" elapsed="0.000403"/>
</kw>
<kw name="Create List" owner="BuiltIn">
<msg time="2024-04-06T09:13:09.770581" level="INFO">${list_country} = ['AD', 'AE', 'AF', 'AG', 'AI', 'AL', 'AM', 'AO', 'AQ', 'AR', 'AS', 'AT', 'AU', 'AW', 'AX', 'AZ', 'BA', 'BB', 'BD', 'BE', 'BF', 'BG', 'BH', 'BI', 'BJ', 'BL', 'BM', 'BN', 'BO', 'BQ', 'BR', 'BS', 'BT', '...</msg>
<var>${list_country}</var>
<arg>AD</arg>
<arg>AE</arg>
<arg>AF</arg>
<arg>AG</arg>
<arg>AI</arg>
<arg>AL</arg>
<arg>AM</arg>
<arg>AO</arg>
<arg>AQ</arg>
<arg>AR</arg>
<arg>AS</arg>
<arg>AT</arg>
<arg>AU</arg>
<arg>AW</arg>
<arg>AX</arg>
<arg>AZ</arg>
<arg>BA</arg>
<arg>BB</arg>
<arg>BD</arg>
<arg>BE</arg>
<arg>BF</arg>
<arg>BG</arg>
<arg>BH</arg>
<arg>BI</arg>
<arg>BJ</arg>
<arg>BL</arg>
<arg>BM</arg>
<arg>BN</arg>
<arg>BO</arg>
<arg>BQ</arg>
<arg>BR</arg>
<arg>BS</arg>
<arg>BT</arg>
<arg>BV</arg>
<arg>BW</arg>
<arg>BY</arg>
<arg>BZ</arg>
<arg>CA</arg>
<arg>CC</arg>
<arg>CD</arg>
<arg>CF</arg>
<arg>CG</arg>
<arg>CH</arg>
<arg>CI</arg>
<arg>CK</arg>
<arg>CL</arg>
<arg>CM</arg>
<arg>CN</arg>
<arg>CO</arg>
<arg>CR</arg>
<arg>CU</arg>
<arg>CV</arg>
<arg>CW</arg>
<arg>CX</arg>
<arg>CY</arg>
<arg>CZ</arg>
<arg>DE</arg>
<arg>DJ</arg>
<arg>DK</arg>
<arg>DM</arg>
<arg>DO</arg>
<arg>DZ</arg>
<arg>EC</arg>
<arg>EE</arg>
<arg>EG</arg>
<arg>EH</arg>
<arg>ER</arg>
<arg>ES</arg>
<arg>ET</arg>
<arg>FI</arg>
<arg>FJ</arg>
<arg>FK</arg>
<arg>FM</arg>
<arg>FO</arg>
<arg>FR</arg>
<arg>GA</arg>
<arg>GB</arg>
<arg>GD</arg>
<arg>GE</arg>
<arg>GF</arg>
<arg>GG</arg>
<arg>GH</arg>
<arg>GI</arg>
<arg>GL</arg>
<arg>GM</arg>
<arg>GN</arg>
<arg>GP</arg>
<arg>GQ</arg>
<arg>GR</arg>
<arg>GS</arg>
<arg>GT</arg>
<arg>GU</arg>
<arg>GW</arg>
<arg>GY</arg>
<arg>HK</arg>
<arg>HM</arg>
<arg>HN</arg>
<arg>HR</arg>
<arg>HT</arg>
<arg>HU</arg>
<arg>ID</arg>
<arg>IE</arg>
<arg>IL</arg>
<arg>IM</arg>
<arg>IN</arg>
<arg>IO</arg>
<arg>IQ</arg>
<arg>IR</arg>
<arg>IS</arg>
<arg>IT</arg>
<arg>JE</arg>
<arg>JM</arg>
<arg>JO</arg>
<arg>JP</arg>
<arg>KE</arg>
<arg>KG</arg>
<arg>KH</arg>
<arg>KI</arg>
<arg>KM</arg>
<arg>KN</arg>
<arg>KP</arg>
<arg>KR</arg>
<arg>KW</arg>
<arg>KY</arg>
<arg>KZ</arg>
<arg>LA</arg>
<arg>LB</arg>
<arg>LC</arg>
<arg>LI</arg>
<arg>LK</arg>
<arg>LR</arg>
<arg>LS</arg>
<arg>LT</arg>
<arg>LU</arg>
<arg>LV</arg>
<arg>LY</arg>
<arg>MA</arg>
<arg>MC</arg>
<arg>MD</arg>
<arg>ME</arg>
<arg>MF</arg>
<arg>MG</arg>
<arg>MH</arg>
<arg>MK</arg>
<arg>ML</arg>
<arg>MM</arg>
<arg>MN</arg>
<arg>MO</arg>
<arg>MP</arg>
<arg>MQ</arg>
<arg>MR</arg>
<arg>MS</arg>
<arg>MT</arg>
<arg>MU</arg>
<arg>MV</arg>
<arg>MW</arg>
<arg>MX</arg>
<arg>MY</arg>
<arg>MZ</arg>
<arg>NA</arg>
<arg>NC</arg>
<arg>NE</arg>
<arg>NF</arg>
<arg>NG</arg>
<arg>NI</arg>
<arg>NL</arg>
<arg>NO</arg>
<arg>NP</arg>
<arg>NR</arg>
<arg>NU</arg>
<arg>NZ</arg>
<arg>OM</arg>
<arg>PA</arg>
<arg>PE</arg>
<arg>PF</arg>
<arg>PG</arg>
<arg>PH</arg>
<arg>PK</arg>
<arg>PL</arg>
<arg>PM</arg>
<arg>PN</arg>
<arg>PR</arg>
<arg>PS</arg>
<arg>PT</arg>
<arg>PW</arg>
<arg>PY</arg>
<arg>QA</arg>
<arg>RE</arg>
<arg>RO</arg>
<arg>RS</arg>
<arg>RU</arg>
<arg>RW</arg>
<arg>SA</arg>
<arg>SB</arg>
<arg>SC</arg>
<arg>SD</arg>
<arg>SE</arg>
<arg>SG</arg>
<arg>SH</arg>
<arg>SI</arg>
<arg>SJ</arg>
<arg>SK</arg>
<arg>SL</arg>
<arg>SM</arg>
<arg>SN</arg>
<arg>SO</arg>
<arg>SR</arg>
<arg>SS</arg>
<arg>ST</arg>
<arg>SV</arg>
<arg>SX</arg>
<arg>SY</arg>
<arg>SZ</arg>
<arg>TC</arg>
<arg>TD</arg>
<arg>TF</arg>
<arg>TG</arg>
<arg>TH</arg>
<arg>TJ</arg>
<arg>TK</arg>
<arg>TL</arg>
<arg>TM</arg>
<arg>TN</arg>
<arg>TO</arg>
<arg>TR</arg>
<arg>TT</arg>
<arg>TV</arg>
<arg>TW</arg>
<arg>TZ</arg>
<arg>UA</arg>
<arg>UG</arg>
<arg>UM</arg>
<arg>US</arg>
<arg>UY</arg>
<arg>UZ</arg>
<arg>VA</arg>
<arg>VC</arg>
<arg>VE</arg>
<arg>VG</arg>
<arg>VI</arg>
<arg>VN</arg>
<arg>VU</arg>
<arg>WF</arg>
<arg>WS</arg>
<arg>XK</arg>
<arg>YE</arg>
<arg>YT</arg>
<arg>ZA</arg>
<arg>ZM</arg>
<arg>ZW</arg>
<doc>Returns a list containing given items.</doc>
<status status="PASS" start="2024-04-06T09:13:09.769945" elapsed="0.000663"/>
</kw>
<kw name="List Should Contain Value" owner="Collections">
<msg time="2024-04-06T09:13:09.771721" level="INFO">False</msg>
<arg>${list_country}</arg>
<arg>${name_country}</arg>
<doc>Fails if the ``value`` is not found from ``list``.</doc>
<status status="PASS" start="2024-04-06T09:13:09.771517" elapsed="0.000241"/>
</kw>
<kw name="Run Keyword If" owner="BuiltIn">
<kw name="Should Be True" owner="BuiltIn">
<arg>${True}</arg>
<doc>Fails if the given condition is not true.</doc>
<status status="PASS" start="2024-04-06T09:13:09.772832" elapsed="0.000144"/>
</kw>
<arg>${json_data["results"][0]["location"]["coordinates"]["latitude"]} &gt;= -90 and ${json_data["results"][0]["location"]["coordinates"]["latitude"]} &lt;= 90</arg>
<arg>Should Be True</arg>
<arg>${True}</arg>
<doc>Runs the given keyword with the given arguments, if ``condition`` is true.</doc>
<status status="PASS" start="2024-04-06T09:13:09.772069" elapsed="0.001035"/>
</kw>
<kw name="Run Keyword If" owner="BuiltIn">
<kw name="Should Be True" owner="BuiltIn">
<arg>${True}</arg>
<doc>Fails if the given condition is not true.</doc>
<status status="PASS" start="2024-04-06T09:13:09.773990" elapsed="0.000168"/>
</kw>
<arg>${json_data["results"][0]["location"]["coordinates"]["longitude"]} &gt;= -180 and ${json_data["results"][0]["location"]["coordinates"]["longitude"]} &lt;= 180</arg>
<arg>Should Be True</arg>
<arg>${True}</arg>
<doc>Runs the given keyword with the given arguments, if ``condition`` is true.</doc>
<status status="PASS" start="2024-04-06T09:13:09.773291" elapsed="0.001004"/>
</kw>
<status status="PASS" start="2024-04-06T09:13:09.667795" elapsed="0.106629"/>
</kw>
<doc>Testa o conteúdo específico dos campos retornados pela API.</doc>
<tag>testeConteudo</tag>
<status status="PASS" start="2024-04-06T09:13:09.667249" elapsed="0.107324"/>
</test>
<status status="PASS" start="2024-04-06T09:13:08.993157" elapsed="0.783355"/>
</suite>
<status status="PASS" start="2024-04-06T09:13:08.979423" elapsed="0.802406"/>
</suite>
<statistics>
<total>
<stat pass="5" fail="0" skip="0">All Tests</stat>
</total>
<tag>
<stat pass="1" fail="0" skip="0">testeConteudo</stat>
<stat pass="1" fail="0" skip="0">testeEstruturaResposta</stat>
<stat pass="1" fail="0" skip="0">testeRequisicaoBasica</stat>
<stat pass="1" fail="0" skip="0">testeTiposDados</stat>
</tag>
<suite>
<stat pass="5" fail="0" skip="0" id="s1" name="Tests">Tests</stat>
<stat pass="5" fail="0" skip="0" id="s1-s1" name="Random-User-Test">Tests.Random-User-Test</stat>
</suite>
</statistics>
<errors>
</errors>
</robot>
