<?xml version="1.0" encoding="UTF-8"?>
<robot generator="Robot 7.0 (Python 3.12.2 on linux)" generated="2024-03-21T02:21:33.008881" rpa="false" schemaversion="5">
<suite id="s1" name="Tests" source="/home/runner/work/DesafioQA---Itau---Rogerio-Jordao/DesafioQA---Itau---Rogerio-Jordao/DesafioQA - Itau - Rogerio Jordao/tests">
<suite id="s1-s1" name="Random-User-Test" source="/home/runner/work/DesafioQA---Itau---Rogerio-Jordao/DesafioQA---Itau---Rogerio-Jordao/DesafioQA - Itau - Rogerio Jordao/tests/random-user-test.robot">
<test id="s1-s1-t1" name="Conectar" line="24">
<kw name="Conectar API">
<kw name="Create Session" owner="RequestsLibrary">
<msg time="2024-03-21T02:21:33.371680" level="INFO">Creating Session using : alias=consultarAPI, url=https://randomuser.me/, headers={},                     cookies={}, auth=None, timeout=None, proxies=None, verify=False,                     debug=0 </msg>
<arg>consultarAPI</arg>
<arg>${URL}</arg>
<doc>Create Session: create a HTTP session to a server</doc>
<status status="PASS" start="2024-03-21T02:21:33.371441" elapsed="0.000442"/>
</kw>
<status status="PASS" start="2024-03-21T02:21:33.370454" elapsed="0.001860"/>
</kw>
<status status="PASS" start="2024-03-21T02:21:33.369801" elapsed="0.002727"/>
</test>
<test id="s1-s1-t2" name="Validar retorno 200 e JSON Válido" line="27">
<kw name="Teste de Requisicao Basica">
<kw name="GET On Session" owner="RequestsLibrary">
<msg time="2024-03-21T02:21:33.459802" level="INFO">GET Request : url=https://randomuser.me/api 
 path_url=/api 
 headers={'User-Agent': 'python-requests/2.31.0', 'Accept-Encoding': 'gzip, deflate', 'Accept': '*/*', 'Connection': 'keep-alive'} 
 body=None 
 </msg>
<msg time="2024-03-21T02:21:33.459962" level="INFO">GET Response : url=https://randomuser.me/api 
 status=200, reason=OK 
 headers={'Date': 'Thu, 21 Mar 2024 02:21:33 GMT', 'Content-Type': 'application/json; charset=utf-8', 'Transfer-Encoding': 'chunked', 'Connection': 'keep-alive', 'X-Powered-By': 'Express', 'Access-Control-Allow-Origin': '*', 'Cache-Control': 'no-cache', 'ETag': 'W/"494-60IVofQed+hTQ0L6a3tuJ9uLSoQ"', 'Vary': 'Accept-Encoding', 'Content-Encoding': 'gzip', 'CF-Cache-Status': 'DYNAMIC', 'Report-To': '{"endpoints":[{"url":"https:\\/\\/a.nel.cloudflare.com\\/report\\/v4?s=Dz3syrrUx6d9GJscW2lirm45AkP5SbKDaPi30GSF6NF2ZzIVKhdNzQ1KnHrjcwl2zN63KnJ8LHBWLSXEp%2B8C8ij2kH3%2FtzS9otQzQqbARk5X73LmPWc7WVhvrwN9AxeM"}],"group":"cf-nel","max_age":604800}', 'NEL': '{"success_fraction":0,"report_to":"cf-nel","max_age":604800}', 'Server': 'cloudflare', 'CF-RAY': '867a781bdb8c110e-ORD', 'alt-svc': 'h3=":443"; ma=86400'} 
 body={"results":[{"gender":"male","name":{"title":"Mr","first":"Philippe","last":"Bouchard"},"location":{"street":{"number":5393,"name":"Richmond Ave"},"city":"Carleton","state":"Prince Edward Island","country":"Canada","postcode":"K0X 4X1","coordinates":{"latitude":"-66.8502","longitude":"-68.0236"},"timezone":{"offset":"-7:00","description":"Mountain Time (US &amp; Canada)"}},"email":"philippe.bouchard@example.com","login":{"uuid":"c138c2bb-4d1c-4afe-b7ad-5a41cf3dd98e","username":"redswan433","password":"ironman","salt":"q1eVN76B","md5":"c8e62a590f4c93af5ecdb27f0e2a3191","sha1":"725506b12ef4b9d25b41d556a912cc256fc123a3","sha256":"c3b777e55a446e2dc88a986baec6802c650d77cd8a5c2376c9d100cba98d181f"},"dob":{"date":"1981-10-17T14:15:43.223Z","age":42},"registered":{"date":"2008-01-22T12:49:15.507Z","age":16},"phone":"U92 W86-5911","cell":"Y89 Y69-2316","id":{"name":"SIN","value":"360064299"},"picture":{"large":"https://randomuser.me/api/portraits/men/7.jpg","medium":"https://randomuser.me/api/portraits/med/men/7.jpg","thumbnail":"https://randomuser.me/api/portraits/thumb/men/7.jpg"},"nat":"CA"}],"info":{"seed":"e758afafe3645287","results":1,"page":1,"version":"1.4"}} 
 </msg>
<msg time="2024-03-21T02:21:33.460298" level="INFO">/opt/hostedtoolcache/Python/3.12.2/x64/lib/python3.12/site-packages/urllib3/connectionpool.py:1103: InsecureRequestWarning: Unverified HTTPS request is being made to host 'randomuser.me'. Adding certificate verification is strongly advised. See: https://urllib3.readthedocs.io/en/latest/advanced-usage.html#tls-warnings
  warnings.warn(</msg>
<msg time="2024-03-21T02:21:33.460469" level="INFO">${response} = &lt;Response [200]&gt;</msg>
<var>${response}</var>
<arg>consultarAPI</arg>
<arg>/api</arg>
<doc>Sends a GET request on a previously created HTTP Session.</doc>
<status status="PASS" start="2024-03-21T02:21:33.375249" elapsed="0.085263"/>
</kw>
<kw name="Should Be Equal As Numbers" owner="BuiltIn">
<msg time="2024-03-21T02:21:33.461696" level="INFO">Argument types are:
&lt;class 'int'&gt;
&lt;class 'str'&gt;</msg>
<arg>${response.status_code}</arg>
<arg>200</arg>
<doc>Fails if objects are unequal after converting them to real numbers.</doc>
<status status="PASS" start="2024-03-21T02:21:33.461179" elapsed="0.000601"/>
</kw>
<kw name="Log" owner="BuiltIn">
<msg time="2024-03-21T02:21:33.462545" level="INFO">200</msg>
<arg>${response.status_code}</arg>
<doc>Logs the given message with the given level.</doc>
<status status="PASS" start="2024-03-21T02:21:33.462155" elapsed="0.000436"/>
</kw>
<kw name="Set Variable" owner="BuiltIn">
<msg time="2024-03-21T02:21:33.463449" level="INFO">${json_data} = {'results': [{'gender': 'male', 'name': {'title': 'Mr', 'first': 'Philippe', 'last': 'Bouchard'}, 'location': {'street': {'number': 5393, 'name': 'Richmond Ave'}, 'city': 'Carleton', 'state': 'Prince ...</msg>
<var>${json_data}</var>
<arg>${response.json()}</arg>
<doc>Returns the given values which can then be assigned to a variables.</doc>
<status status="PASS" start="2024-03-21T02:21:33.462930" elapsed="0.000549"/>
</kw>
<kw name="Dictionary Should Contain Key" owner="Collections">
<msg time="2024-03-21T02:21:33.464007" level="INFO">False</msg>
<arg>${json_data}</arg>
<arg>results</arg>
<doc>Fails if ``key`` is not found from ``dictionary``.</doc>
<status status="PASS" start="2024-03-21T02:21:33.463825" elapsed="0.000224"/>
</kw>
<status status="PASS" start="2024-03-21T02:21:33.374988" elapsed="0.089335"/>
</kw>
<doc>Testa se a API responde corretamente e retorna um objeto JSON válido.</doc>
<tag>testeRequisicaoBasica</tag>
<status status="PASS" start="2024-03-21T02:21:33.374413" elapsed="0.090103"/>
</test>
<test id="s1-s1-t3" name="Validar estrutura de resposta" line="33">
<kw name="Teste de Estrutura de Resposta">
<kw name="GET On Session" owner="RequestsLibrary">
<msg time="2024-03-21T02:21:33.562303" level="INFO">GET Request : url=https://randomuser.me/api 
 path_url=/api 
 headers={'User-Agent': 'python-requests/2.31.0', 'Accept-Encoding': 'gzip, deflate', 'Accept': '*/*', 'Connection': 'keep-alive'} 
 body=None 
 </msg>
<msg time="2024-03-21T02:21:33.562413" level="INFO">GET Response : url=https://randomuser.me/api 
 status=200, reason=OK 
 headers={'Date': 'Thu, 21 Mar 2024 02:21:33 GMT', 'Content-Type': 'application/json; charset=utf-8', 'Transfer-Encoding': 'chunked', 'Connection': 'keep-alive', 'X-Powered-By': 'Express', 'Access-Control-Allow-Origin': '*', 'Cache-Control': 'no-cache', 'ETag': 'W/"482-bY0iQ8jvstcaBCWwmz2k9sGopps"', 'Vary': 'Accept-Encoding', 'Content-Encoding': 'gzip', 'CF-Cache-Status': 'DYNAMIC', 'Report-To': '{"endpoints":[{"url":"https:\\/\\/a.nel.cloudflare.com\\/report\\/v4?s=543awFh5D%2F0o994b0yiF%2FTcBzc5%2B%2BbN71DLUlkdzTlL9LLRGc6aUQy%2Bd0pTE%2F7gwHtd2ng7rmBZhdK%2Blt5%2BABXMxaFXkJpJOfKYNNl28wKTZI7%2B3g0SiVJY7Rzt3ukDD"}],"group":"cf-nel","max_age":604800}', 'NEL': '{"success_fraction":0,"report_to":"cf-nel","max_age":604800}', 'Server': 'cloudflare', 'CF-RAY': '867a781c2bec110e-ORD', 'alt-svc': 'h3=":443"; ma=86400'} 
 body={"results":[{"gender":"female","name":{"title":"Mrs","first":"Sedef","last":"Berberoğlu"},"location":{"street":{"number":4713,"name":"Şehitler Cd"},"city":"Çanakkale","state":"Artvin","country":"Turkey","postcode":14024,"coordinates":{"latitude":"71.2467","longitude":"85.0051"},"timezone":{"offset":"-12:00","description":"Eniwetok, Kwajalein"}},"email":"sedef.berberoglu@example.com","login":{"uuid":"e3507531-0a97-4df1-93a9-3e5ec098acef","username":"organicdog923","password":"needles","salt":"PKEZ0eeo","md5":"e10d404cfc5ad6576e2baba01ddc746d","sha1":"e849948c6db7feff5596aa402241d60015ba57d3","sha256":"f8faa261556a710c18c6dceb6ee146ee680a3ec10dbe76618a86feed2015c48f"},"dob":{"date":"1964-01-02T12:33:44.505Z","age":60},"registered":{"date":"2020-10-09T19:22:15.864Z","age":3},"phone":"(055)-689-9557","cell":"(068)-593-6110","id":{"name":"","value":null},"picture":{"large":"https://randomuser.me/api/portraits/women/77.jpg","medium":"https://randomuser.me/api/portraits/med/women/77.jpg","thumbnail":"https://randomuser.me/api/portraits/thumb/women/77.jpg"},"nat":"TR"}],"info":{"seed":"bafe234a55eb36f0","results":1,"page":1,"version":"1.4"}} 
 </msg>
<msg time="2024-03-21T02:21:33.562545" level="INFO">/opt/hostedtoolcache/Python/3.12.2/x64/lib/python3.12/site-packages/urllib3/connectionpool.py:1103: InsecureRequestWarning: Unverified HTTPS request is being made to host 'randomuser.me'. Adding certificate verification is strongly advised. See: https://urllib3.readthedocs.io/en/latest/advanced-usage.html#tls-warnings
  warnings.warn(</msg>
<msg time="2024-03-21T02:21:33.562686" level="INFO">${response} = &lt;Response [200]&gt;</msg>
<var>${response}</var>
<arg>consultarAPI</arg>
<arg>/api</arg>
<doc>Sends a GET request on a previously created HTTP Session.</doc>
<status status="PASS" start="2024-03-21T02:21:33.467262" elapsed="0.095468"/>
</kw>
<kw name="Set Variable" owner="BuiltIn">
<msg time="2024-03-21T02:21:33.563878" level="INFO">${json_data} = {'results': [{'gender': 'female', 'name': {'title': 'Mrs', 'first': 'Sedef', 'last': 'Berberoğlu'}, 'location': {'street': {'number': 4713, 'name': 'Şehitler Cd'}, 'city': 'Çanakkale', 'state': 'Artvi...</msg>
<var>${json_data}</var>
<arg>${response.json()}</arg>
<doc>Returns the given values which can then be assigned to a variables.</doc>
<status status="PASS" start="2024-03-21T02:21:33.563259" elapsed="0.000652"/>
</kw>
<kw name="Log" owner="BuiltIn">
<msg time="2024-03-21T02:21:33.564466" level="INFO">{'results': [{'gender': 'female', 'name': {'title': 'Mrs', 'first': 'Sedef', 'last': 'Berberoğlu'}, 'location': {'street': {'number': 4713, 'name': 'Şehitler Cd'}, 'city': 'Çanakkale', 'state': 'Artvin', 'country': 'Turkey', 'postcode': 14024, 'coordinates': {'latitude': '71.2467', 'longitude': '85.0051'}, 'timezone': {'offset': '-12:00', 'description': 'Eniwetok, Kwajalein'}}, 'email': 'sedef.berberoglu@example.com', 'login': {'uuid': 'e3507531-0a97-4df1-93a9-3e5ec098acef', 'username': 'organicdog923', 'password': 'needles', 'salt': 'PKEZ0eeo', 'md5': 'e10d404cfc5ad6576e2baba01ddc746d', 'sha1': 'e849948c6db7feff5596aa402241d60015ba57d3', 'sha256': 'f8faa261556a710c18c6dceb6ee146ee680a3ec10dbe76618a86feed2015c48f'}, 'dob': {'date': '1964-01-02T12:33:44.505Z', 'age': 60}, 'registered': {'date': '2020-10-09T19:22:15.864Z', 'age': 3}, 'phone': '(055)-689-9557', 'cell': '(068)-593-6110', 'id': {'name': '', 'value': None}, 'picture': {'large': 'https://randomuser.me/api/portraits/women/77.jpg', 'medium': 'https://randomuser.me/api/portraits/med/women/77.jpg', 'thumbnail': 'https://randomuser.me/api/portraits/thumb/women/77.jpg'}, 'nat': 'TR'}], 'info': {'seed': 'bafe234a55eb36f0', 'results': 1, 'page': 1, 'version': '1.4'}}</msg>
<arg>${json_data}</arg>
<doc>Logs the given message with the given level.</doc>
<status status="PASS" start="2024-03-21T02:21:33.564280" elapsed="0.000240"/>
</kw>
<kw name="Dictionary Should Contain Key" owner="Collections">
<msg time="2024-03-21T02:21:33.565021" level="INFO">False</msg>
<arg>${json_data}</arg>
<arg>results</arg>
<doc>Fails if ``key`` is not found from ``dictionary``.</doc>
<status status="PASS" start="2024-03-21T02:21:33.564850" elapsed="0.000211"/>
</kw>
<kw name="Should Not Be Empty" owner="BuiltIn">
<msg time="2024-03-21T02:21:33.565508" level="INFO">Length is 2.</msg>
<arg>${json_data}</arg>
<doc>Verifies that the given item is not empty.</doc>
<status status="PASS" start="2024-03-21T02:21:33.565366" elapsed="0.000191"/>
</kw>
<kw name="Create List" owner="BuiltIn">
<msg time="2024-03-21T02:21:33.566011" level="INFO">${expected_keys} = ['gender', 'name', 'location', 'email', 'login']</msg>
<var>${expected_keys}</var>
<arg>gender</arg>
<arg>name</arg>
<arg>location</arg>
<arg>email</arg>
<arg>login</arg>
<doc>Returns a list containing given items.</doc>
<status status="PASS" start="2024-03-21T02:21:33.565853" elapsed="0.000184"/>
</kw>
<for flavor="IN">
<iter>
<kw name="Dictionary Should Contain Key" owner="Collections">
<msg time="2024-03-21T02:21:33.567101" level="INFO">False</msg>
<arg>${json_data['results'][0]}</arg>
<arg>${key}</arg>
<doc>Fails if ``key`` is not found from ``dictionary``.</doc>
<status status="PASS" start="2024-03-21T02:21:33.566667" elapsed="0.000476"/>
</kw>
<kw name="Log" owner="BuiltIn">
<msg time="2024-03-21T02:21:33.567888" level="INFO">{'gender': 'female', 'name': {'title': 'Mrs', 'first': 'Sedef', 'last': 'Berberoğlu'}, 'location': {'street': {'number': 4713, 'name': 'Şehitler Cd'}, 'city': 'Çanakkale', 'state': 'Artvin', 'country': 'Turkey', 'postcode': 14024, 'coordinates': {'latitude': '71.2467', 'longitude': '85.0051'}, 'timezone': {'offset': '-12:00', 'description': 'Eniwetok, Kwajalein'}}, 'email': 'sedef.berberoglu@example.com', 'login': {'uuid': 'e3507531-0a97-4df1-93a9-3e5ec098acef', 'username': 'organicdog923', 'password': 'needles', 'salt': 'PKEZ0eeo', 'md5': 'e10d404cfc5ad6576e2baba01ddc746d', 'sha1': 'e849948c6db7feff5596aa402241d60015ba57d3', 'sha256': 'f8faa261556a710c18c6dceb6ee146ee680a3ec10dbe76618a86feed2015c48f'}, 'dob': {'date': '1964-01-02T12:33:44.505Z', 'age': 60}, 'registered': {'date': '2020-10-09T19:22:15.864Z', 'age': 3}, 'phone': '(055)-689-9557', 'cell': '(068)-593-6110', 'id': {'name': '', 'value': None}, 'picture': {'large': 'https://randomuser.me/api/portraits/women/77.jpg', 'medium': 'https://randomuser.me/api/portraits/med/women/77.jpg', 'thumbnail': 'https://randomuser.me/api/portraits/thumb/women/77.jpg'}, 'nat': 'TR'}</msg>
<arg>${json_data['results'][0]}</arg>
<doc>Logs the given message with the given level.</doc>
<status status="PASS" start="2024-03-21T02:21:33.567489" elapsed="0.000453"/>
</kw>
<kw name="Log" owner="BuiltIn">
<msg time="2024-03-21T02:21:33.568384" level="INFO">gender</msg>
<arg>${key}</arg>
<doc>Logs the given message with the given level.</doc>
<status status="PASS" start="2024-03-21T02:21:33.568251" elapsed="0.000173"/>
</kw>
<var name="${key}">gender</var>
<status status="PASS" start="2024-03-21T02:21:33.566541" elapsed="0.002105"/>
</iter>
<iter>
<kw name="Dictionary Should Contain Key" owner="Collections">
<msg time="2024-03-21T02:21:33.569362" level="INFO">False</msg>
<arg>${json_data['results'][0]}</arg>
<arg>${key}</arg>
<doc>Fails if ``key`` is not found from ``dictionary``.</doc>
<status status="PASS" start="2024-03-21T02:21:33.568954" elapsed="0.000448"/>
</kw>
<kw name="Log" owner="BuiltIn">
<msg time="2024-03-21T02:21:33.570101" level="INFO">{'gender': 'female', 'name': {'title': 'Mrs', 'first': 'Sedef', 'last': 'Berberoğlu'}, 'location': {'street': {'number': 4713, 'name': 'Şehitler Cd'}, 'city': 'Çanakkale', 'state': 'Artvin', 'country': 'Turkey', 'postcode': 14024, 'coordinates': {'latitude': '71.2467', 'longitude': '85.0051'}, 'timezone': {'offset': '-12:00', 'description': 'Eniwetok, Kwajalein'}}, 'email': 'sedef.berberoglu@example.com', 'login': {'uuid': 'e3507531-0a97-4df1-93a9-3e5ec098acef', 'username': 'organicdog923', 'password': 'needles', 'salt': 'PKEZ0eeo', 'md5': 'e10d404cfc5ad6576e2baba01ddc746d', 'sha1': 'e849948c6db7feff5596aa402241d60015ba57d3', 'sha256': 'f8faa261556a710c18c6dceb6ee146ee680a3ec10dbe76618a86feed2015c48f'}, 'dob': {'date': '1964-01-02T12:33:44.505Z', 'age': 60}, 'registered': {'date': '2020-10-09T19:22:15.864Z', 'age': 3}, 'phone': '(055)-689-9557', 'cell': '(068)-593-6110', 'id': {'name': '', 'value': None}, 'picture': {'large': 'https://randomuser.me/api/portraits/women/77.jpg', 'medium': 'https://randomuser.me/api/portraits/med/women/77.jpg', 'thumbnail': 'https://randomuser.me/api/portraits/thumb/women/77.jpg'}, 'nat': 'TR'}</msg>
<arg>${json_data['results'][0]}</arg>
<doc>Logs the given message with the given level.</doc>
<status status="PASS" start="2024-03-21T02:21:33.569729" elapsed="0.000424"/>
</kw>
<kw name="Log" owner="BuiltIn">
<msg time="2024-03-21T02:21:33.570584" level="INFO">name</msg>
<arg>${key}</arg>
<doc>Logs the given message with the given level.</doc>
<status status="PASS" start="2024-03-21T02:21:33.570454" elapsed="0.000169"/>
</kw>
<var name="${key}">name</var>
<status status="PASS" start="2024-03-21T02:21:33.568843" elapsed="0.002001"/>
</iter>
<iter>
<kw name="Dictionary Should Contain Key" owner="Collections">
<msg time="2024-03-21T02:21:33.571596" level="INFO">False</msg>
<arg>${json_data['results'][0]}</arg>
<arg>${key}</arg>
<doc>Fails if ``key`` is not found from ``dictionary``.</doc>
<status status="PASS" start="2024-03-21T02:21:33.571148" elapsed="0.000660"/>
</kw>
<kw name="Log" owner="BuiltIn">
<msg time="2024-03-21T02:21:33.572524" level="INFO">{'gender': 'female', 'name': {'title': 'Mrs', 'first': 'Sedef', 'last': 'Berberoğlu'}, 'location': {'street': {'number': 4713, 'name': 'Şehitler Cd'}, 'city': 'Çanakkale', 'state': 'Artvin', 'country': 'Turkey', 'postcode': 14024, 'coordinates': {'latitude': '71.2467', 'longitude': '85.0051'}, 'timezone': {'offset': '-12:00', 'description': 'Eniwetok, Kwajalein'}}, 'email': 'sedef.berberoglu@example.com', 'login': {'uuid': 'e3507531-0a97-4df1-93a9-3e5ec098acef', 'username': 'organicdog923', 'password': 'needles', 'salt': 'PKEZ0eeo', 'md5': 'e10d404cfc5ad6576e2baba01ddc746d', 'sha1': 'e849948c6db7feff5596aa402241d60015ba57d3', 'sha256': 'f8faa261556a710c18c6dceb6ee146ee680a3ec10dbe76618a86feed2015c48f'}, 'dob': {'date': '1964-01-02T12:33:44.505Z', 'age': 60}, 'registered': {'date': '2020-10-09T19:22:15.864Z', 'age': 3}, 'phone': '(055)-689-9557', 'cell': '(068)-593-6110', 'id': {'name': '', 'value': None}, 'picture': {'large': 'https://randomuser.me/api/portraits/women/77.jpg', 'medium': 'https://randomuser.me/api/portraits/med/women/77.jpg', 'thumbnail': 'https://randomuser.me/api/portraits/thumb/women/77.jpg'}, 'nat': 'TR'}</msg>
<arg>${json_data['results'][0]}</arg>
<doc>Logs the given message with the given level.</doc>
<status status="PASS" start="2024-03-21T02:21:33.572141" elapsed="0.000435"/>
</kw>
<kw name="Log" owner="BuiltIn">
<msg time="2024-03-21T02:21:33.573008" level="INFO">location</msg>
<arg>${key}</arg>
<doc>Logs the given message with the given level.</doc>
<status status="PASS" start="2024-03-21T02:21:33.572877" elapsed="0.000171"/>
</kw>
<var name="${key}">location</var>
<status status="PASS" start="2024-03-21T02:21:33.571037" elapsed="0.002233"/>
</iter>
<iter>
<kw name="Dictionary Should Contain Key" owner="Collections">
<msg time="2024-03-21T02:21:33.573941" level="INFO">False</msg>
<arg>${json_data['results'][0]}</arg>
<arg>${key}</arg>
<doc>Fails if ``key`` is not found from ``dictionary``.</doc>
<status status="PASS" start="2024-03-21T02:21:33.573557" elapsed="0.000423"/>
</kw>
<kw name="Log" owner="BuiltIn">
<msg time="2024-03-21T02:21:33.574641" level="INFO">{'gender': 'female', 'name': {'title': 'Mrs', 'first': 'Sedef', 'last': 'Berberoğlu'}, 'location': {'street': {'number': 4713, 'name': 'Şehitler Cd'}, 'city': 'Çanakkale', 'state': 'Artvin', 'country': 'Turkey', 'postcode': 14024, 'coordinates': {'latitude': '71.2467', 'longitude': '85.0051'}, 'timezone': {'offset': '-12:00', 'description': 'Eniwetok, Kwajalein'}}, 'email': 'sedef.berberoglu@example.com', 'login': {'uuid': 'e3507531-0a97-4df1-93a9-3e5ec098acef', 'username': 'organicdog923', 'password': 'needles', 'salt': 'PKEZ0eeo', 'md5': 'e10d404cfc5ad6576e2baba01ddc746d', 'sha1': 'e849948c6db7feff5596aa402241d60015ba57d3', 'sha256': 'f8faa261556a710c18c6dceb6ee146ee680a3ec10dbe76618a86feed2015c48f'}, 'dob': {'date': '1964-01-02T12:33:44.505Z', 'age': 60}, 'registered': {'date': '2020-10-09T19:22:15.864Z', 'age': 3}, 'phone': '(055)-689-9557', 'cell': '(068)-593-6110', 'id': {'name': '', 'value': None}, 'picture': {'large': 'https://randomuser.me/api/portraits/women/77.jpg', 'medium': 'https://randomuser.me/api/portraits/med/women/77.jpg', 'thumbnail': 'https://randomuser.me/api/portraits/thumb/women/77.jpg'}, 'nat': 'TR'}</msg>
<arg>${json_data['results'][0]}</arg>
<doc>Logs the given message with the given level.</doc>
<status status="PASS" start="2024-03-21T02:21:33.574276" elapsed="0.000416"/>
</kw>
<kw name="Log" owner="BuiltIn">
<msg time="2024-03-21T02:21:33.575114" level="INFO">email</msg>
<arg>${key}</arg>
<doc>Logs the given message with the given level.</doc>
<status status="PASS" start="2024-03-21T02:21:33.574986" elapsed="0.000165"/>
</kw>
<var name="${key}">email</var>
<status status="PASS" start="2024-03-21T02:21:33.573451" elapsed="0.001961"/>
</iter>
<iter>
<kw name="Dictionary Should Contain Key" owner="Collections">
<msg time="2024-03-21T02:21:33.576108" level="INFO">False</msg>
<arg>${json_data['results'][0]}</arg>
<arg>${key}</arg>
<doc>Fails if ``key`` is not found from ``dictionary``.</doc>
<status status="PASS" start="2024-03-21T02:21:33.575713" elapsed="0.000433"/>
</kw>
<kw name="Log" owner="BuiltIn">
<msg time="2024-03-21T02:21:33.576821" level="INFO">{'gender': 'female', 'name': {'title': 'Mrs', 'first': 'Sedef', 'last': 'Berberoğlu'}, 'location': {'street': {'number': 4713, 'name': 'Şehitler Cd'}, 'city': 'Çanakkale', 'state': 'Artvin', 'country': 'Turkey', 'postcode': 14024, 'coordinates': {'latitude': '71.2467', 'longitude': '85.0051'}, 'timezone': {'offset': '-12:00', 'description': 'Eniwetok, Kwajalein'}}, 'email': 'sedef.berberoglu@example.com', 'login': {'uuid': 'e3507531-0a97-4df1-93a9-3e5ec098acef', 'username': 'organicdog923', 'password': 'needles', 'salt': 'PKEZ0eeo', 'md5': 'e10d404cfc5ad6576e2baba01ddc746d', 'sha1': 'e849948c6db7feff5596aa402241d60015ba57d3', 'sha256': 'f8faa261556a710c18c6dceb6ee146ee680a3ec10dbe76618a86feed2015c48f'}, 'dob': {'date': '1964-01-02T12:33:44.505Z', 'age': 60}, 'registered': {'date': '2020-10-09T19:22:15.864Z', 'age': 3}, 'phone': '(055)-689-9557', 'cell': '(068)-593-6110', 'id': {'name': '', 'value': None}, 'picture': {'large': 'https://randomuser.me/api/portraits/women/77.jpg', 'medium': 'https://randomuser.me/api/portraits/med/women/77.jpg', 'thumbnail': 'https://randomuser.me/api/portraits/thumb/women/77.jpg'}, 'nat': 'TR'}</msg>
<arg>${json_data['results'][0]}</arg>
<doc>Logs the given message with the given level.</doc>
<status status="PASS" start="2024-03-21T02:21:33.576445" elapsed="0.000426"/>
</kw>
<kw name="Log" owner="BuiltIn">
<msg time="2024-03-21T02:21:33.577297" level="INFO">login</msg>
<arg>${key}</arg>
<doc>Logs the given message with the given level.</doc>
<status status="PASS" start="2024-03-21T02:21:33.577168" elapsed="0.000168"/>
</kw>
<var name="${key}">login</var>
<status status="PASS" start="2024-03-21T02:21:33.575603" elapsed="0.001954"/>
</iter>
<var>${key}</var>
<value>@{expected_keys}</value>
<status status="PASS" start="2024-03-21T02:21:33.566321" elapsed="0.011399"/>
</for>
<kw name="Create List" owner="BuiltIn">
<msg time="2024-03-21T02:21:33.578062" level="INFO">${expected_keysTwo} = ['username', 'password']</msg>
<var>${expected_keysTwo}</var>
<arg>username</arg>
<arg>password</arg>
<doc>Returns a list containing given items.</doc>
<status status="PASS" start="2024-03-21T02:21:33.577922" elapsed="0.000164"/>
</kw>
<for flavor="IN">
<iter>
<kw name="Dictionary Should Contain Key" owner="Collections">
<msg time="2024-03-21T02:21:33.578988" level="INFO">False</msg>
<arg>${json_data['results'][0]['login']}</arg>
<arg>${keyTwo}</arg>
<doc>Fails if ``key`` is not found from ``dictionary``.</doc>
<status status="PASS" start="2024-03-21T02:21:33.578593" elapsed="0.000432"/>
</kw>
<kw name="Dictionary Should Contain Key" owner="Collections">
<msg time="2024-03-21T02:21:33.579749" level="INFO">False</msg>
<arg>${json_data['results'][0]['login']}</arg>
<arg>${keyTwo}</arg>
<doc>Fails if ``key`` is not found from ``dictionary``.</doc>
<status status="PASS" start="2024-03-21T02:21:33.579353" elapsed="0.000434"/>
</kw>
<kw name="Log" owner="BuiltIn">
<msg time="2024-03-21T02:21:33.580215" level="INFO">username</msg>
<arg>${keyTwo}</arg>
<doc>Logs the given message with the given level.</doc>
<status status="PASS" start="2024-03-21T02:21:33.580085" elapsed="0.000168"/>
</kw>
<var name="${keyTwo}">username</var>
<status status="PASS" start="2024-03-21T02:21:33.578490" elapsed="0.001988"/>
</iter>
<iter>
<kw name="Dictionary Should Contain Key" owner="Collections">
<msg time="2024-03-21T02:21:33.581154" level="INFO">False</msg>
<arg>${json_data['results'][0]['login']}</arg>
<arg>${keyTwo}</arg>
<doc>Fails if ``key`` is not found from ``dictionary``.</doc>
<status status="PASS" start="2024-03-21T02:21:33.580756" elapsed="0.000435"/>
</kw>
<kw name="Dictionary Should Contain Key" owner="Collections">
<msg time="2024-03-21T02:21:33.581859" level="INFO">False</msg>
<arg>${json_data['results'][0]['login']}</arg>
<arg>${keyTwo}</arg>
<doc>Fails if ``key`` is not found from ``dictionary``.</doc>
<status status="PASS" start="2024-03-21T02:21:33.581478" elapsed="0.000419"/>
</kw>
<kw name="Log" owner="BuiltIn">
<msg time="2024-03-21T02:21:33.582309" level="INFO">password</msg>
<arg>${keyTwo}</arg>
<doc>Logs the given message with the given level.</doc>
<status status="PASS" start="2024-03-21T02:21:33.582184" elapsed="0.000163"/>
</kw>
<var name="${keyTwo}">password</var>
<status status="PASS" start="2024-03-21T02:21:33.580654" elapsed="0.001911"/>
</iter>
<var>${keyTwo}</var>
<value>@{expected_keysTwo}</value>
<status status="PASS" start="2024-03-21T02:21:33.578331" elapsed="0.004354"/>
</for>
<status status="PASS" start="2024-03-21T02:21:33.467022" elapsed="0.115809"/>
</kw>
<doc>Testa a estrutura da resposta da API.</doc>
<tag>testeEstruturaResposta</tag>
<status status="PASS" start="2024-03-21T02:21:33.466396" elapsed="0.116599"/>
</test>
<test id="s1-s1-t4" name="Validar tipos de dados" line="39">
<kw name="Teste de Tipos de Dados">
<kw name="GET On Session" owner="RequestsLibrary">
<msg time="2024-03-21T02:21:33.660534" level="INFO">GET Request : url=https://randomuser.me/api 
 path_url=/api 
 headers={'User-Agent': 'python-requests/2.31.0', 'Accept-Encoding': 'gzip, deflate', 'Accept': '*/*', 'Connection': 'keep-alive'} 
 body=None 
 </msg>
<msg time="2024-03-21T02:21:33.660649" level="INFO">GET Response : url=https://randomuser.me/api 
 status=200, reason=OK 
 headers={'Date': 'Thu, 21 Mar 2024 02:21:33 GMT', 'Content-Type': 'application/json; charset=utf-8', 'Transfer-Encoding': 'chunked', 'Connection': 'keep-alive', 'X-Powered-By': 'Express', 'Access-Control-Allow-Origin': '*', 'Cache-Control': 'no-cache', 'ETag': 'W/"48d-+0G1sqS+pRaukapH+Lcr9ixvmc0"', 'Vary': 'Accept-Encoding', 'Content-Encoding': 'gzip', 'CF-Cache-Status': 'DYNAMIC', 'Report-To': '{"endpoints":[{"url":"https:\\/\\/a.nel.cloudflare.com\\/report\\/v4?s=4I9cwElsJ09VUrf548j2lITNtXyzLC5nfuNB59nVSN%2F07NWEbRHVsJjYDnahJUCsIAnNg6I5uKy4sABggDZS9pOf9cGKgF7%2FWfUSPEwByMPUkNumFWGb3Q1yAGGJZzCL"}],"group":"cf-nel","max_age":604800}', 'NEL': '{"success_fraction":0,"report_to":"cf-nel","max_age":604800}', 'Server': 'cloudflare', 'CF-RAY': '867a781ced49110e-ORD', 'alt-svc': 'h3=":443"; ma=86400'} 
 body={"results":[{"gender":"female","name":{"title":"Ms","first":"Lolita","last":"Havarivskiy"},"location":{"street":{"number":8582,"name":"Uchboviy provulok"},"city":"Yaremche","state":"Kiyivska","country":"Ukraine","postcode":46297,"coordinates":{"latitude":"72.8845","longitude":"73.1988"},"timezone":{"offset":"-8:00","description":"Pacific Time (US &amp; Canada)"}},"email":"lolita.havarivskiy@example.com","login":{"uuid":"7ed2def6-6cbe-4895-b951-e8ceded157ad","username":"bigtiger579","password":"elliot","salt":"VT4HKwCK","md5":"a48967682bf0e37226f9da2f723cc85d","sha1":"fc34e3e7a83954442826d07c6431da31fd52e483","sha256":"1fdcd09761b27f426f0b9b195415048eb1c1ccce1ed5f190fa251a8bbb9ddb57"},"dob":{"date":"1989-12-29T03:30:08.154Z","age":34},"registered":{"date":"2020-12-21T18:49:37.475Z","age":3},"phone":"(099) W03-4687","cell":"(096) D43-2882","id":{"name":"","value":null},"picture":{"large":"https://randomuser.me/api/portraits/women/80.jpg","medium":"https://randomuser.me/api/portraits/med/women/80.jpg","thumbnail":"https://randomuser.me/api/portraits/thumb/women/80.jpg"},"nat":"UA"}],"info":{"seed":"b96bd6654fe442b7","results":1,"page":1,"version":"1.4"}} 
 </msg>
<msg time="2024-03-21T02:21:33.660733" level="INFO">/opt/hostedtoolcache/Python/3.12.2/x64/lib/python3.12/site-packages/urllib3/connectionpool.py:1103: InsecureRequestWarning: Unverified HTTPS request is being made to host 'randomuser.me'. Adding certificate verification is strongly advised. See: https://urllib3.readthedocs.io/en/latest/advanced-usage.html#tls-warnings
  warnings.warn(</msg>
<msg time="2024-03-21T02:21:33.660871" level="INFO">${response} = &lt;Response [200]&gt;</msg>
<var>${response}</var>
<arg>consultarAPI</arg>
<arg>/api</arg>
<doc>Sends a GET request on a previously created HTTP Session.</doc>
<status status="PASS" start="2024-03-21T02:21:33.585519" elapsed="0.075392"/>
</kw>
<kw name="Set Variable" owner="BuiltIn">
<msg time="2024-03-21T02:21:33.662054" level="INFO">${json_data} = {'results': [{'gender': 'female', 'name': {'title': 'Ms', 'first': 'Lolita', 'last': 'Havarivskiy'}, 'location': {'street': {'number': 8582, 'name': 'Uchboviy provulok'}, 'city': 'Yaremche', 'state': ...</msg>
<var>${json_data}</var>
<arg>${response.json()}</arg>
<doc>Returns the given values which can then be assigned to a variables.</doc>
<status status="PASS" start="2024-03-21T02:21:33.661507" elapsed="0.000578"/>
</kw>
<kw name="Log" owner="BuiltIn">
<msg time="2024-03-21T02:21:33.662658" level="INFO">{'results': [{'gender': 'female', 'name': {'title': 'Ms', 'first': 'Lolita', 'last': 'Havarivskiy'}, 'location': {'street': {'number': 8582, 'name': 'Uchboviy provulok'}, 'city': 'Yaremche', 'state': 'Kiyivska', 'country': 'Ukraine', 'postcode': 46297, 'coordinates': {'latitude': '72.8845', 'longitude': '73.1988'}, 'timezone': {'offset': '-8:00', 'description': 'Pacific Time (US &amp; Canada)'}}, 'email': 'lolita.havarivskiy@example.com', 'login': {'uuid': '7ed2def6-6cbe-4895-b951-e8ceded157ad', 'username': 'bigtiger579', 'password': 'elliot', 'salt': 'VT4HKwCK', 'md5': 'a48967682bf0e37226f9da2f723cc85d', 'sha1': 'fc34e3e7a83954442826d07c6431da31fd52e483', 'sha256': '1fdcd09761b27f426f0b9b195415048eb1c1ccce1ed5f190fa251a8bbb9ddb57'}, 'dob': {'date': '1989-12-29T03:30:08.154Z', 'age': 34}, 'registered': {'date': '2020-12-21T18:49:37.475Z', 'age': 3}, 'phone': '(099) W03-4687', 'cell': '(096) D43-2882', 'id': {'name': '', 'value': None}, 'picture': {'large': 'https://randomuser.me/api/portraits/women/80.jpg', 'medium': 'https://randomuser.me/api/portraits/med/women/80.jpg', 'thumbnail': 'https://randomuser.me/api/portraits/thumb/women/80.jpg'}, 'nat': 'UA'}], 'info': {'seed': 'b96bd6654fe442b7', 'results': 1, 'page': 1, 'version': '1.4'}}</msg>
<arg>${json_data}</arg>
<doc>Logs the given message with the given level.</doc>
<status status="PASS" start="2024-03-21T02:21:33.662472" elapsed="0.000284"/>
</kw>
<kw name="Should Be String" owner="String">
<arg>${json_data['results'][0]['gender']}</arg>
<doc>Fails if the given ``item`` is not a string.</doc>
<status status="PASS" start="2024-03-21T02:21:33.663108" elapsed="0.000466"/>
</kw>
<kw name="Should Match Regexp" owner="BuiltIn">
<arg>${json_data['results'][0]['email']}</arg>
<arg>^[a-zA-Z0-9._%+-]+@[a-zA-Z0-9.-]+\.[a-zA-Z]{2,}$</arg>
<doc>Fails if ``string`` does not match ``pattern`` as a regular expression.</doc>
<status status="PASS" start="2024-03-21T02:21:33.663777" elapsed="0.000720"/>
</kw>
<kw name="Should Match Regexp" owner="BuiltIn">
<arg>${json_data['results'][0]['dob']['date']}</arg>
<arg>\\d{4}-\\d{2}-\\d{2}T\\d{2}:\\d{2}:\\d{2}\\.\\d{3}Z</arg>
<doc>Fails if ``string`` does not match ``pattern`` as a regular expression.</doc>
<status status="PASS" start="2024-03-21T02:21:33.664697" elapsed="0.000505"/>
</kw>
<kw name="Should Match Regexp" owner="BuiltIn">
<arg>${json_data['results'][0]['registered']['date']}</arg>
<arg>\\d{4}-\\d{2}-\\d{2}T\\d{2}:\\d{2}:\\d{2}\\.\\d{3}Z</arg>
<doc>Fails if ``string`` does not match ``pattern`` as a regular expression.</doc>
<status status="PASS" start="2024-03-21T02:21:33.665394" elapsed="0.000373"/>
</kw>
<kw name="Should Match Regexp" owner="BuiltIn">
<arg>${json_data['results'][0]['picture']['large']}</arg>
<arg>^https?://.*\.(?:png|jpe?g|gif|bmp)$</arg>
<doc>Fails if ``string`` does not match ``pattern`` as a regular expression.</doc>
<status status="PASS" start="2024-03-21T02:21:33.665951" elapsed="0.000469"/>
</kw>
<kw name="Should Match Regexp" owner="BuiltIn">
<arg>${json_data['results'][0]['picture']['medium']}</arg>
<arg>^https?://.*\.(?:png|jpe?g|gif|bmp)$</arg>
<doc>Fails if ``string`` does not match ``pattern`` as a regular expression.</doc>
<status status="PASS" start="2024-03-21T02:21:33.666607" elapsed="0.000356"/>
</kw>
<kw name="Should Match Regexp" owner="BuiltIn">
<arg>${json_data['results'][0]['picture']['thumbnail']}</arg>
<arg>^https?://.*\.(?:png|jpe?g|gif|bmp)$</arg>
<doc>Fails if ``string`` does not match ``pattern`` as a regular expression.</doc>
<status status="PASS" start="2024-03-21T02:21:33.667142" elapsed="0.000385"/>
</kw>
<kw name="Log" owner="BuiltIn">
<msg time="2024-03-21T02:21:33.668043" level="INFO">{'large': 'https://randomuser.me/api/portraits/women/80.jpg', 'medium': 'https://randomuser.me/api/portraits/med/women/80.jpg', 'thumbnail': 'https://randomuser.me/api/portraits/thumb/women/80.jpg'}</msg>
<arg>${json_data['results'][0]['picture']}</arg>
<doc>Logs the given message with the given level.</doc>
<status status="PASS" start="2024-03-21T02:21:33.667706" elapsed="0.000381"/>
</kw>
<status status="PASS" start="2024-03-21T02:21:33.585290" elapsed="0.083074"/>
</kw>
<kw name="Teste de Tipos de Dados - Postcode">
<kw name="GET On Session" owner="RequestsLibrary">
<msg time="2024-03-21T02:21:33.757794" level="INFO">GET Request : url=https://randomuser.me/api 
 path_url=/api 
 headers={'User-Agent': 'python-requests/2.31.0', 'Accept-Encoding': 'gzip, deflate', 'Accept': '*/*', 'Connection': 'keep-alive'} 
 body=None 
 </msg>
<msg time="2024-03-21T02:21:33.757907" level="INFO">GET Response : url=https://randomuser.me/api 
 status=200, reason=OK 
 headers={'Date': 'Thu, 21 Mar 2024 02:21:33 GMT', 'Content-Type': 'application/json; charset=utf-8', 'Transfer-Encoding': 'chunked', 'Connection': 'keep-alive', 'X-Powered-By': 'Express', 'Access-Control-Allow-Origin': '*', 'Cache-Control': 'no-cache', 'ETag': 'W/"4a5-OqJ0KRcllunSb4QzJ7ack+LXvMc"', 'Vary': 'Accept-Encoding', 'Content-Encoding': 'gzip', 'CF-Cache-Status': 'DYNAMIC', 'Report-To': '{"endpoints":[{"url":"https:\\/\\/a.nel.cloudflare.com\\/report\\/v4?s=9FVTfOtFRp8JQqyaCUgLcCUiULVEGAmlzZfEDw9%2FwbhO13MBQuVdMxuu3ZAoH7fcTcCYGvH3sUbBGdbtJ0hv20ShS5715IwWwtM%2BRMkEKJMd0l%2BexyNOm35e%2Ba6ClqV1"}],"group":"cf-nel","max_age":604800}', 'NEL': '{"success_fraction":0,"report_to":"cf-nel","max_age":604800}', 'Server': 'cloudflare', 'CF-RAY': '867a781d6df5110e-ORD', 'alt-svc': 'h3=":443"; ma=86400'} 
 body={"results":[{"gender":"male","name":{"title":"Mr","first":"محمدمهدی","last":"کامروا"},"location":{"street":{"number":550,"name":"شهید گلپایگانی"},"city":"قزوین","state":"کرمان","country":"Iran","postcode":80113,"coordinates":{"latitude":"15.3617","longitude":"-102.8456"},"timezone":{"offset":"-6:00","description":"Central Time (US &amp; Canada), Mexico City"}},"email":"mhmdmhdy.khmrw@example.com","login":{"uuid":"cc308bdc-cda1-4fc5-ba19-7dc18edffec0","username":"beautifulmeercat495","password":"neil","salt":"W2Oe0Wto","md5":"326af8e2ed98e13b3edc3b6d0256a7c4","sha1":"681f93c6489e8ec46d61022e150d77e9bc7d033f","sha256":"86cf7c5fed921e5e26e01d8db247421ac6d4d6e85f027a0ca00d60b9f70d4b6c"},"dob":{"date":"1994-01-01T03:03:01.584Z","age":30},"registered":{"date":"2017-12-10T08:15:21.511Z","age":6},"phone":"058-89998069","cell":"0913-010-1357","id":{"name":"","value":null},"picture":{"large":"https://randomuser.me/api/portraits/men/9.jpg","medium":"https://randomuser.me/api/portraits/med/men/9.jpg","thumbnail":"https://randomuser.me/api/portraits/thumb/men/9.jpg"},"nat":"IR"}],"info":{"seed":"677aefb0f0077eb7","results":1,"page":1,"version":"1.4"}} 
 </msg>
<msg time="2024-03-21T02:21:33.757990" level="INFO">/opt/hostedtoolcache/Python/3.12.2/x64/lib/python3.12/site-packages/urllib3/connectionpool.py:1103: InsecureRequestWarning: Unverified HTTPS request is being made to host 'randomuser.me'. Adding certificate verification is strongly advised. See: https://urllib3.readthedocs.io/en/latest/advanced-usage.html#tls-warnings
  warnings.warn(</msg>
<msg time="2024-03-21T02:21:33.758139" level="INFO">${response} = &lt;Response [200]&gt;</msg>
<var>${response}</var>
<arg>consultarAPI</arg>
<arg>/api</arg>
<doc>Sends a GET request on a previously created HTTP Session.</doc>
<status status="PASS" start="2024-03-21T02:21:33.668830" elapsed="0.089355"/>
</kw>
<kw name="Set Variable" owner="BuiltIn">
<msg time="2024-03-21T02:21:33.759400" level="INFO">${json_data} = {'results': [{'gender': 'male', 'name': {'title': 'Mr', 'first': 'محمدمهدی', 'last': 'کامروا'}, 'location': {'street': {'number': 550, 'name': 'شهید گلپایگانی'}, 'city': 'قزوین', 'state': 'کرمان', 'co...</msg>
<var>${json_data}</var>
<arg>${response.json()}</arg>
<doc>Returns the given values which can then be assigned to a variables.</doc>
<status status="PASS" start="2024-03-21T02:21:33.758815" elapsed="0.000616"/>
</kw>
<kw name="Log" owner="BuiltIn">
<msg time="2024-03-21T02:21:33.759906" level="INFO">{'results': [{'gender': 'male', 'name': {'title': 'Mr', 'first': 'محمدمهدی', 'last': 'کامروا'}, 'location': {'street': {'number': 550, 'name': 'شهید گلپایگانی'}, 'city': 'قزوین', 'state': 'کرمان', 'country': 'Iran', 'postcode': 80113, 'coordinates': {'latitude': '15.3617', 'longitude': '-102.8456'}, 'timezone': {'offset': '-6:00', 'description': 'Central Time (US &amp; Canada), Mexico City'}}, 'email': 'mhmdmhdy.khmrw@example.com', 'login': {'uuid': 'cc308bdc-cda1-4fc5-ba19-7dc18edffec0', 'username': 'beautifulmeercat495', 'password': 'neil', 'salt': 'W2Oe0Wto', 'md5': '326af8e2ed98e13b3edc3b6d0256a7c4', 'sha1': '681f93c6489e8ec46d61022e150d77e9bc7d033f', 'sha256': '86cf7c5fed921e5e26e01d8db247421ac6d4d6e85f027a0ca00d60b9f70d4b6c'}, 'dob': {'date': '1994-01-01T03:03:01.584Z', 'age': 30}, 'registered': {'date': '2017-12-10T08:15:21.511Z', 'age': 6}, 'phone': '058-89998069', 'cell': '0913-010-1357', 'id': {'name': '', 'value': None}, 'picture': {'large': 'https://randomuser.me/api/portraits/men/9.jpg', 'medium': 'https://randomuser.me/api/portraits/med/men/9.jpg', 'thumbnail': 'https://randomuser.me/api/portraits/thumb/men/9.jpg'}, 'nat': 'IR'}], 'info': {'seed': '677aefb0f0077eb7', 'results': 1, 'page': 1, 'version': '1.4'}}</msg>
<arg>${json_data}</arg>
<doc>Logs the given message with the given level.</doc>
<status status="PASS" start="2024-03-21T02:21:33.759741" elapsed="0.000256"/>
</kw>
<kw name="Should Be Equal As Numbers" owner="BuiltIn">
<arg>${json_data['results'][0]['location']['postcode']}</arg>
<arg>${json_data['results'][0]['location']['postcode']}</arg>
<doc>Fails if objects are unequal after converting them to real numbers.</doc>
<status status="PASS" start="2024-03-21T02:21:33.760309" elapsed="0.000635"/>
</kw>
<kw name="Log" owner="BuiltIn">
<msg time="2024-03-21T02:21:33.761477" level="INFO">80113</msg>
<arg>${json_data['results'][0]['location']['postcode']}</arg>
<doc>Logs the given message with the given level.</doc>
<status status="PASS" start="2024-03-21T02:21:33.761133" elapsed="0.000383"/>
</kw>
<status status="PASS" start="2024-03-21T02:21:33.668597" elapsed="0.093186"/>
</kw>
<doc>Testa se os tipos de dados na resposta da API estão corretos.</doc>
<tag>testeTiposDados</tag>
<status status="PASS" start="2024-03-21T02:21:33.584813" elapsed="0.177148"/>
</test>
<test id="s1-s1-t5" name="Validar conteudo" line="46">
<kw name="Teste de Tipos de Conteudo">
<kw name="GET On Session" owner="RequestsLibrary">
<msg time="2024-03-21T02:21:33.858217" level="INFO">GET Request : url=https://randomuser.me/api 
 path_url=/api 
 headers={'User-Agent': 'python-requests/2.31.0', 'Accept-Encoding': 'gzip, deflate', 'Accept': '*/*', 'Connection': 'keep-alive'} 
 body=None 
 </msg>
<msg time="2024-03-21T02:21:33.858330" level="INFO">GET Response : url=https://randomuser.me/api 
 status=200, reason=OK 
 headers={'Date': 'Thu, 21 Mar 2024 02:21:33 GMT', 'Content-Type': 'application/json; charset=utf-8', 'Transfer-Encoding': 'chunked', 'Connection': 'keep-alive', 'X-Powered-By': 'Express', 'Access-Control-Allow-Origin': '*', 'Cache-Control': 'no-cache', 'ETag': 'W/"488-kedVyI8uo5tAEQS8sx29aUY7cac"', 'Vary': 'Accept-Encoding', 'Content-Encoding': 'gzip', 'CF-Cache-Status': 'DYNAMIC', 'Report-To': '{"endpoints":[{"url":"https:\\/\\/a.nel.cloudflare.com\\/report\\/v4?s=difIDxXNmiuYrkvFDpvuJ0T9CShNZmzDR2qA9AuVphVweQDZGSeWmtWwmvmSmGfk%2FqC%2BxTxIwDZu9tvAVI1PHXnuSpZy0Qp8QOsAVzNupj68pgYPmc3%2BczKDHIdJ%2Bt1X"}],"group":"cf-nel","max_age":604800}', 'NEL': '{"success_fraction":0,"report_to":"cf-nel","max_age":604800}', 'Server': 'cloudflare', 'CF-RAY': '867a781e0ea9110e-ORD', 'alt-svc': 'h3=":443"; ma=86400'} 
 body={"results":[{"gender":"female","name":{"title":"Ms","first":"Sybilla","last":"Büttner"},"location":{"street":{"number":1109,"name":"Buchenweg"},"city":"Krefeld","state":"Saarland","country":"Germany","postcode":11994,"coordinates":{"latitude":"-47.9648","longitude":"64.0763"},"timezone":{"offset":"-11:00","description":"Midway Island, Samoa"}},"email":"sybilla.buttner@example.com","login":{"uuid":"e1d0137b-0464-4d70-ba7a-d4ec3ad7f1dc","username":"redsnake357","password":"joshua","salt":"qAq2BblO","md5":"4908c2b3adac8937b4c2c87494d88360","sha1":"c0ac9d7fa8e9b06e29e4c1749324f834e95b5c15","sha256":"a7b4c20a1b81a9d5540a624f0232b35cf2025f9ca37674fb0955ddd083423d65"},"dob":{"date":"1994-05-25T20:12:16.913Z","age":29},"registered":{"date":"2018-04-24T08:21:17.754Z","age":5},"phone":"0684-9088098","cell":"0172-6268232","id":{"name":"SVNR","value":"19 250594 B 565"},"picture":{"large":"https://randomuser.me/api/portraits/women/21.jpg","medium":"https://randomuser.me/api/portraits/med/women/21.jpg","thumbnail":"https://randomuser.me/api/portraits/thumb/women/21.jpg"},"nat":"DE"}],"info":{"seed":"56ecf7e7bca2b724","results":1,"page":1,"version":"1.4"}} 
 </msg>
<msg time="2024-03-21T02:21:33.858409" level="INFO">/opt/hostedtoolcache/Python/3.12.2/x64/lib/python3.12/site-packages/urllib3/connectionpool.py:1103: InsecureRequestWarning: Unverified HTTPS request is being made to host 'randomuser.me'. Adding certificate verification is strongly advised. See: https://urllib3.readthedocs.io/en/latest/advanced-usage.html#tls-warnings
  warnings.warn(</msg>
<msg time="2024-03-21T02:21:33.858549" level="INFO">${response} = &lt;Response [200]&gt;</msg>
<var>${response}</var>
<arg>consultarAPI</arg>
<arg>/api</arg>
<doc>Sends a GET request on a previously created HTTP Session.</doc>
<status status="PASS" start="2024-03-21T02:21:33.764572" elapsed="0.094017"/>
</kw>
<kw name="Set Variable" owner="BuiltIn">
<msg time="2024-03-21T02:21:33.859833" level="INFO">${json_data} = {'results': [{'gender': 'female', 'name': {'title': 'Ms', 'first': 'Sybilla', 'last': 'Büttner'}, 'location': {'street': {'number': 1109, 'name': 'Buchenweg'}, 'city': 'Krefeld', 'state': 'Saarland', ...</msg>
<var>${json_data}</var>
<arg>${response.json()}</arg>
<doc>Returns the given values which can then be assigned to a variables.</doc>
<status status="PASS" start="2024-03-21T02:21:33.859199" elapsed="0.000664"/>
</kw>
<kw name="Set Variable" owner="BuiltIn">
<msg time="2024-03-21T02:21:33.860560" level="INFO">${name_title} = Ms</msg>
<var>${name_title}</var>
<arg>${json_data["results"][0]["name"]["title"]}</arg>
<doc>Returns the given values which can then be assigned to a variables.</doc>
<status status="PASS" start="2024-03-21T02:21:33.860172" elapsed="0.000414"/>
</kw>
<kw name="Create List" owner="BuiltIn">
<msg time="2024-03-21T02:21:33.861026" level="INFO">${allowed_titles} = ['Mr', 'Ms', 'Miss', 'Mrs', 'Madame', 'Monsieur']</msg>
<var>${allowed_titles}</var>
<arg>Mr</arg>
<arg>Ms</arg>
<arg>Miss</arg>
<arg>Mrs</arg>
<arg>Madame</arg>
<arg>Monsieur</arg>
<doc>Returns a list containing given items.</doc>
<status status="PASS" start="2024-03-21T02:21:33.860877" elapsed="0.000173"/>
</kw>
<kw name="List Should Contain Value" owner="Collections">
<msg time="2024-03-21T02:21:33.861515" level="INFO">False</msg>
<arg>${allowed_titles}</arg>
<arg>${name_title}</arg>
<doc>Fails if the ``value`` is not found from ``list``.</doc>
<status status="PASS" start="2024-03-21T02:21:33.861342" elapsed="0.000210"/>
</kw>
<kw name="Set Variable" owner="BuiltIn">
<msg time="2024-03-21T02:21:33.862218" level="INFO">${name_country} = DE</msg>
<var>${name_country}</var>
<arg>${json_data["results"][0]["nat"]}</arg>
<doc>Returns the given values which can then be assigned to a variables.</doc>
<status status="PASS" start="2024-03-21T02:21:33.861844" elapsed="0.000398"/>
</kw>
<kw name="Create List" owner="BuiltIn">
<msg time="2024-03-21T02:21:33.863149" level="INFO">${list_country} = ['AD', 'AE', 'AF', 'AG', 'AI', 'AL', 'AM', 'AO', 'AQ', 'AR', 'AS', 'AT', 'AU', 'AW', 'AX', 'AZ', 'BA', 'BB', 'BD', 'BE', 'BF', 'BG', 'BH', 'BI', 'BJ', 'BL', 'BM', 'BN', 'BO', 'BQ', 'BR', 'BS', 'BT', '...</msg>
<var>${list_country}</var>
<arg>AD</arg>
<arg>AE</arg>
<arg>AF</arg>
<arg>AG</arg>
<arg>AI</arg>
<arg>AL</arg>
<arg>AM</arg>
<arg>AO</arg>
<arg>AQ</arg>
<arg>AR</arg>
<arg>AS</arg>
<arg>AT</arg>
<arg>AU</arg>
<arg>AW</arg>
<arg>AX</arg>
<arg>AZ</arg>
<arg>BA</arg>
<arg>BB</arg>
<arg>BD</arg>
<arg>BE</arg>
<arg>BF</arg>
<arg>BG</arg>
<arg>BH</arg>
<arg>BI</arg>
<arg>BJ</arg>
<arg>BL</arg>
<arg>BM</arg>
<arg>BN</arg>
<arg>BO</arg>
<arg>BQ</arg>
<arg>BR</arg>
<arg>BS</arg>
<arg>BT</arg>
<arg>BV</arg>
<arg>BW</arg>
<arg>BY</arg>
<arg>BZ</arg>
<arg>CA</arg>
<arg>CC</arg>
<arg>CD</arg>
<arg>CF</arg>
<arg>CG</arg>
<arg>CH</arg>
<arg>CI</arg>
<arg>CK</arg>
<arg>CL</arg>
<arg>CM</arg>
<arg>CN</arg>
<arg>CO</arg>
<arg>CR</arg>
<arg>CU</arg>
<arg>CV</arg>
<arg>CW</arg>
<arg>CX</arg>
<arg>CY</arg>
<arg>CZ</arg>
<arg>DE</arg>
<arg>DJ</arg>
<arg>DK</arg>
<arg>DM</arg>
<arg>DO</arg>
<arg>DZ</arg>
<arg>EC</arg>
<arg>EE</arg>
<arg>EG</arg>
<arg>EH</arg>
<arg>ER</arg>
<arg>ES</arg>
<arg>ET</arg>
<arg>FI</arg>
<arg>FJ</arg>
<arg>FK</arg>
<arg>FM</arg>
<arg>FO</arg>
<arg>FR</arg>
<arg>GA</arg>
<arg>GB</arg>
<arg>GD</arg>
<arg>GE</arg>
<arg>GF</arg>
<arg>GG</arg>
<arg>GH</arg>
<arg>GI</arg>
<arg>GL</arg>
<arg>GM</arg>
<arg>GN</arg>
<arg>GP</arg>
<arg>GQ</arg>
<arg>GR</arg>
<arg>GS</arg>
<arg>GT</arg>
<arg>GU</arg>
<arg>GW</arg>
<arg>GY</arg>
<arg>HK</arg>
<arg>HM</arg>
<arg>HN</arg>
<arg>HR</arg>
<arg>HT</arg>
<arg>HU</arg>
<arg>ID</arg>
<arg>IE</arg>
<arg>IL</arg>
<arg>IM</arg>
<arg>IN</arg>
<arg>IO</arg>
<arg>IQ</arg>
<arg>IR</arg>
<arg>IS</arg>
<arg>IT</arg>
<arg>JE</arg>
<arg>JM</arg>
<arg>JO</arg>
<arg>JP</arg>
<arg>KE</arg>
<arg>KG</arg>
<arg>KH</arg>
<arg>KI</arg>
<arg>KM</arg>
<arg>KN</arg>
<arg>KP</arg>
<arg>KR</arg>
<arg>KW</arg>
<arg>KY</arg>
<arg>KZ</arg>
<arg>LA</arg>
<arg>LB</arg>
<arg>LC</arg>
<arg>LI</arg>
<arg>LK</arg>
<arg>LR</arg>
<arg>LS</arg>
<arg>LT</arg>
<arg>LU</arg>
<arg>LV</arg>
<arg>LY</arg>
<arg>MA</arg>
<arg>MC</arg>
<arg>MD</arg>
<arg>ME</arg>
<arg>MF</arg>
<arg>MG</arg>
<arg>MH</arg>
<arg>MK</arg>
<arg>ML</arg>
<arg>MM</arg>
<arg>MN</arg>
<arg>MO</arg>
<arg>MP</arg>
<arg>MQ</arg>
<arg>MR</arg>
<arg>MS</arg>
<arg>MT</arg>
<arg>MU</arg>
<arg>MV</arg>
<arg>MW</arg>
<arg>MX</arg>
<arg>MY</arg>
<arg>MZ</arg>
<arg>NA</arg>
<arg>NC</arg>
<arg>NE</arg>
<arg>NF</arg>
<arg>NG</arg>
<arg>NI</arg>
<arg>NL</arg>
<arg>NO</arg>
<arg>NP</arg>
<arg>NR</arg>
<arg>NU</arg>
<arg>NZ</arg>
<arg>OM</arg>
<arg>PA</arg>
<arg>PE</arg>
<arg>PF</arg>
<arg>PG</arg>
<arg>PH</arg>
<arg>PK</arg>
<arg>PL</arg>
<arg>PM</arg>
<arg>PN</arg>
<arg>PR</arg>
<arg>PS</arg>
<arg>PT</arg>
<arg>PW</arg>
<arg>PY</arg>
<arg>QA</arg>
<arg>RE</arg>
<arg>RO</arg>
<arg>RS</arg>
<arg>RU</arg>
<arg>RW</arg>
<arg>SA</arg>
<arg>SB</arg>
<arg>SC</arg>
<arg>SD</arg>
<arg>SE</arg>
<arg>SG</arg>
<arg>SH</arg>
<arg>SI</arg>
<arg>SJ</arg>
<arg>SK</arg>
<arg>SL</arg>
<arg>SM</arg>
<arg>SN</arg>
<arg>SO</arg>
<arg>SR</arg>
<arg>SS</arg>
<arg>ST</arg>
<arg>SV</arg>
<arg>SX</arg>
<arg>SY</arg>
<arg>SZ</arg>
<arg>TC</arg>
<arg>TD</arg>
<arg>TF</arg>
<arg>TG</arg>
<arg>TH</arg>
<arg>TJ</arg>
<arg>TK</arg>
<arg>TL</arg>
<arg>TM</arg>
<arg>TN</arg>
<arg>TO</arg>
<arg>TR</arg>
<arg>TT</arg>
<arg>TV</arg>
<arg>TW</arg>
<arg>TZ</arg>
<arg>UA</arg>
<arg>UG</arg>
<arg>UM</arg>
<arg>US</arg>
<arg>UY</arg>
<arg>UZ</arg>
<arg>VA</arg>
<arg>VC</arg>
<arg>VE</arg>
<arg>VG</arg>
<arg>VI</arg>
<arg>VN</arg>
<arg>VU</arg>
<arg>WF</arg>
<arg>WS</arg>
<arg>XK</arg>
<arg>YE</arg>
<arg>YT</arg>
<arg>ZA</arg>
<arg>ZM</arg>
<arg>ZW</arg>
<doc>Returns a list containing given items.</doc>
<status status="PASS" start="2024-03-21T02:21:33.862536" elapsed="0.000639"/>
</kw>
<kw name="List Should Contain Value" owner="Collections">
<msg time="2024-03-21T02:21:33.864388" level="INFO">False</msg>
<arg>${list_country}</arg>
<arg>${name_country}</arg>
<doc>Fails if the ``value`` is not found from ``list``.</doc>
<status status="PASS" start="2024-03-21T02:21:33.864182" elapsed="0.000243"/>
</kw>
<kw name="Run Keyword If" owner="BuiltIn">
<kw name="Should Be True" owner="BuiltIn">
<arg>${True}</arg>
<doc>Fails if the given condition is not true.</doc>
<status status="PASS" start="2024-03-21T02:21:33.865483" elapsed="0.000143"/>
</kw>
<arg>${json_data["results"][0]["location"]["coordinates"]["latitude"]} &gt;= -90 and ${json_data["results"][0]["location"]["coordinates"]["latitude"]} &lt;= 90</arg>
<arg>Should Be True</arg>
<arg>${True}</arg>
<doc>Runs the given keyword with the given arguments, if ``condition`` is true.</doc>
<status status="PASS" start="2024-03-21T02:21:33.864734" elapsed="0.001020"/>
</kw>
<kw name="Run Keyword If" owner="BuiltIn">
<kw name="Should Be True" owner="BuiltIn">
<arg>${True}</arg>
<doc>Fails if the given condition is not true.</doc>
<status status="PASS" start="2024-03-21T02:21:33.866617" elapsed="0.000138"/>
</kw>
<arg>${json_data["results"][0]["location"]["coordinates"]["longitude"]} &gt;= -180 and ${json_data["results"][0]["location"]["coordinates"]["longitude"]} &lt;= 180</arg>
<arg>Should Be True</arg>
<arg>${True}</arg>
<doc>Runs the given keyword with the given arguments, if ``condition`` is true.</doc>
<status status="PASS" start="2024-03-21T02:21:33.865929" elapsed="0.000950"/>
</kw>
<status status="PASS" start="2024-03-21T02:21:33.764349" elapsed="0.102665"/>
</kw>
<doc>Testa o conteúdo específico dos campos retornados pela API.</doc>
<tag>testeConteudo</tag>
<status status="PASS" start="2024-03-21T02:21:33.763801" elapsed="0.103369"/>
</test>
<status status="PASS" start="2024-03-21T02:21:33.073162" elapsed="0.795969"/>
</suite>
<status status="PASS" start="2024-03-21T02:21:33.049206" elapsed="0.825279"/>
</suite>
<statistics>
<total>
<stat pass="5" fail="0" skip="0">All Tests</stat>
</total>
<tag>
<stat pass="1" fail="0" skip="0">testeConteudo</stat>
<stat pass="1" fail="0" skip="0">testeEstruturaResposta</stat>
<stat pass="1" fail="0" skip="0">testeRequisicaoBasica</stat>
<stat pass="1" fail="0" skip="0">testeTiposDados</stat>
</tag>
<suite>
<stat pass="5" fail="0" skip="0" id="s1" name="Tests">Tests</stat>
<stat pass="5" fail="0" skip="0" id="s1-s1" name="Random-User-Test">Tests.Random-User-Test</stat>
</suite>
</statistics>
<errors>
</errors>
</robot>
