<?xml version="1.0" encoding="UTF-8"?>
<robot generator="Robot 7.0.1 (Python 3.12.4 on linux)" generated="2024-08-08T22:14:48.702675" rpa="false" schemaversion="5">
<suite id="s1" name="Tests" source="/home/runner/work/ApiRandomUser/ApiRandomUser/RamdonUser/tests">
<suite id="s1-s1" name="Random-User-Test" source="/home/runner/work/ApiRandomUser/ApiRandomUser/RamdonUser/tests/random-user-test.robot">
<test id="s1-s1-t1" name="Conectar" line="13">
<kw name="Conectar API" owner="random-user-service">
<kw name="Create Session" owner="RequestsLibrary">
<msg time="2024-08-08T22:14:49.124619" level="INFO">Creating Session using : alias=consultarAPI, url=https://randomuser.me/, headers={},                     cookies={}, auth=None, timeout=None, proxies=None, verify=False,                     debug=0 </msg>
<arg>consultarAPI</arg>
<arg>${URL}</arg>
<doc>Create Session: create a HTTP session to a server</doc>
<status status="PASS" start="2024-08-08T22:14:49.124414" elapsed="0.000393"/>
</kw>
<status status="PASS" start="2024-08-08T22:14:49.123313" elapsed="0.001861"/>
</kw>
<status status="PASS" start="2024-08-08T22:14:49.122660" elapsed="0.002714"/>
</test>
<test id="s1-s1-t2" name="Validar retorno 200 e JSON Válido" line="16">
<kw name="Teste de Requisicao Basica" owner="random-user-service">
<kw name="GET On Session" owner="RequestsLibrary">
<msg time="2024-08-08T22:14:49.218999" level="INFO">GET Request : url=https://randomuser.me/api 
 path_url=/api 
 headers={'User-Agent': 'python-requests/2.32.3', 'Accept-Encoding': 'gzip, deflate', 'Accept': '*/*', 'Connection': 'keep-alive'} 
 body=None 
 </msg>
<msg time="2024-08-08T22:14:49.219151" level="INFO">GET Response : url=https://randomuser.me/api 
 status=200, reason=OK 
 headers={'Date': 'Thu, 08 Aug 2024 22:14:49 GMT', 'Content-Type': 'application/json; charset=utf-8', 'Transfer-Encoding': 'chunked', 'Connection': 'keep-alive', 'X-Powered-By': 'Express', 'Access-Control-Allow-Origin': '*', 'Cache-Control': 'no-cache', 'ETag': 'W/"485-J5rWji7E78mFmK5WlZqpgzeKTIc"', 'Vary': 'Accept-Encoding', 'Content-Encoding': 'gzip', 'CF-Cache-Status': 'DYNAMIC', 'Report-To': '{"endpoints":[{"url":"https:\\/\\/a.nel.cloudflare.com\\/report\\/v4?s=TqbXNgp0hFlU1vPQXG0Kj86ocQSBdDuY8R8x4rGUo%2B7TIESb7r76jlXfthCdoAvbB0TmERgEaFv42sMOczPbWwVBFsq06t4rfx4gE%2Bb6UDX2KzI6owDGlQAKeySkXOoZ"}],"group":"cf-nel","max_age":604800}', 'NEL': '{"success_fraction":0,"report_to":"cf-nel","max_age":604800}', 'Server': 'cloudflare', 'CF-RAY': '8b02dc8d4d585555-ORD', 'alt-svc': 'h3=":443"; ma=86400'} 
 body={"results":[{"gender":"male","name":{"title":"Mr","first":"Onni","last":"Hanka"},"location":{"street":{"number":3124,"name":"Visiokatu"},"city":"Pertunmaa","state":"South Karelia","country":"Finland","postcode":52286,"coordinates":{"latitude":"-24.1956","longitude":"-154.9481"},"timezone":{"offset":"-12:00","description":"Eniwetok, Kwajalein"}},"email":"onni.hanka@example.com","login":{"uuid":"b104fab7-3d30-4f5c-8431-659a09cfe32b","username":"brownbutterfly482","password":"dhip6a","salt":"m1nd7uYY","md5":"31ca7c11aadd0b3cbae50043ba2893ee","sha1":"ee4a4ed1da0ed19a22c6fa366fb5e87f3f626f75","sha256":"62865cc10780f6d4eea20b88481fbcc3fa801111424081efd3f64a04c95d611a"},"dob":{"date":"1963-06-01T05:35:48.703Z","age":61},"registered":{"date":"2013-09-10T01:19:01.853Z","age":10},"phone":"02-689-821","cell":"047-019-06-00","id":{"name":"HETU","value":"NaNNA833undefined"},"picture":{"large":"https://randomuser.me/api/portraits/men/66.jpg","medium":"https://randomuser.me/api/portraits/med/men/66.jpg","thumbnail":"https://randomuser.me/api/portraits/thumb/men/66.jpg"},"nat":"FI"}],"info":{"seed":"e7903c60b07a26bb","results":1,"page":1,"version":"1.4"}} 
 </msg>
<msg time="2024-08-08T22:14:49.219229" level="INFO">/opt/hostedtoolcache/Python/3.12.4/x64/lib/python3.12/site-packages/urllib3/connectionpool.py:1099: InsecureRequestWarning: Unverified HTTPS request is being made to host 'randomuser.me'. Adding certificate verification is strongly advised. See: https://urllib3.readthedocs.io/en/latest/advanced-usage.html#tls-warnings
  warnings.warn(</msg>
<msg time="2024-08-08T22:14:49.219372" level="INFO">${response} = &lt;Response [200]&gt;</msg>
<var>${response}</var>
<arg>consultarAPI</arg>
<arg>/api</arg>
<doc>Sends a GET request on a previously created HTTP Session.</doc>
<status status="PASS" start="2024-08-08T22:14:49.128011" elapsed="0.091404"/>
</kw>
<kw name="Should Be Equal As Numbers" owner="BuiltIn">
<msg time="2024-08-08T22:14:49.220507" level="INFO">Argument types are:
&lt;class 'int'&gt;
&lt;class 'str'&gt;</msg>
<arg>${response.status_code}</arg>
<arg>200</arg>
<doc>Fails if objects are unequal after converting them to real numbers.</doc>
<status status="PASS" start="2024-08-08T22:14:49.220011" elapsed="0.000561"/>
</kw>
<kw name="Log" owner="BuiltIn">
<msg time="2024-08-08T22:14:49.221244" level="INFO">200</msg>
<arg>${response.status_code}</arg>
<doc>Logs the given message with the given level.</doc>
<status status="PASS" start="2024-08-08T22:14:49.220888" elapsed="0.000397"/>
</kw>
<kw name="Set Variable" owner="BuiltIn">
<msg time="2024-08-08T22:14:49.222019" level="INFO">${json_data} = {'results': [{'gender': 'male', 'name': {'title': 'Mr', 'first': 'Onni', 'last': 'Hanka'}, 'location': {'street': {'number': 3124, 'name': 'Visiokatu'}, 'city': 'Pertunmaa', 'state': 'South Karelia', ...</msg>
<var>${json_data}</var>
<arg>${response.json()}</arg>
<doc>Returns the given values which can then be assigned to a variables.</doc>
<status status="PASS" start="2024-08-08T22:14:49.221591" elapsed="0.000456"/>
</kw>
<kw name="Dictionary Should Contain Key" owner="Collections">
<arg>${json_data}</arg>
<arg>results</arg>
<doc>Fails if ``key`` is not found from ``dictionary``.</doc>
<status status="PASS" start="2024-08-08T22:14:49.222354" elapsed="0.000321"/>
</kw>
<status status="PASS" start="2024-08-08T22:14:49.127763" elapsed="0.095068"/>
</kw>
<doc>Testa se a API responde corretamente e retorna um objeto JSON válido.</doc>
<tag>testeRequisicaoBasica</tag>
<status status="PASS" start="2024-08-08T22:14:49.127246" elapsed="0.095758"/>
</test>
<test id="s1-s1-t3" name="Validar estrutura de resposta" line="22">
<kw name="Teste de Estrutura de Resposta" owner="random-user-service">
<kw name="GET On Session" owner="RequestsLibrary">
<msg time="2024-08-08T22:14:49.369865" level="INFO">GET Request : url=https://randomuser.me/api 
 path_url=/api 
 headers={'User-Agent': 'python-requests/2.32.3', 'Accept-Encoding': 'gzip, deflate', 'Accept': '*/*', 'Connection': 'keep-alive'} 
 body=None 
 </msg>
<msg time="2024-08-08T22:14:49.369981" level="INFO">GET Response : url=https://randomuser.me/api 
 status=200, reason=OK 
 headers={'Date': 'Thu, 08 Aug 2024 22:14:49 GMT', 'Content-Type': 'application/json; charset=utf-8', 'Transfer-Encoding': 'chunked', 'Connection': 'keep-alive', 'X-Powered-By': 'Express', 'Access-Control-Allow-Origin': '*', 'Cache-Control': 'no-cache', 'ETag': 'W/"493-GhMLRh1rlgzfGFwRHYd4cJUCARw"', 'Vary': 'Accept-Encoding', 'Content-Encoding': 'gzip', 'CF-Cache-Status': 'DYNAMIC', 'Report-To': '{"endpoints":[{"url":"https:\\/\\/a.nel.cloudflare.com\\/report\\/v4?s=P4m%2FQvP8QWFcPs35OO8DuV7etCXJZOl5mJ9fmHN1IUMkX9nlzSqFrKngNQljQAteJcOeqtfwGcrVjwKP%2BV4%2FoMb9yNoePXOZDpG%2BC%2FedMQfPrgVOeTWKf1GUaL6hX5HT"}],"group":"cf-nel","max_age":604800}', 'NEL': '{"success_fraction":0,"report_to":"cf-nel","max_age":604800}', 'Server': 'cloudflare', 'CF-RAY': '8b02dc8dbde25555-ORD', 'alt-svc': 'h3=":443"; ma=86400'} 
 body={"results":[{"gender":"male","name":{"title":"Mr","first":"Félix","last":"Ortiz"},"location":{"street":{"number":7926,"name":"Ronda de Toledo"},"city":"Las Palmas de Gran Canaria","state":"Andalucía","country":"Spain","postcode":25810,"coordinates":{"latitude":"-30.9879","longitude":"-134.8622"},"timezone":{"offset":"-8:00","description":"Pacific Time (US &amp; Canada)"}},"email":"felix.ortiz@example.com","login":{"uuid":"5a2cf702-6fd6-4e18-971c-61dcd23a5270","username":"bigrabbit448","password":"jayhawks","salt":"z82y6fGu","md5":"03b3e8456415e70717e916ab17d7b0d7","sha1":"8d87cc05e104315f7f473df292e046c1a167e287","sha256":"b22a1814a62c68fee0425b01c3e150ccd76881f3f5f73db856c75d1c6d6e37cc"},"dob":{"date":"1948-06-10T05:48:59.066Z","age":76},"registered":{"date":"2018-09-16T05:05:43.214Z","age":5},"phone":"981-263-140","cell":"643-695-146","id":{"name":"DNI","value":"83789624-U"},"picture":{"large":"https://randomuser.me/api/portraits/men/75.jpg","medium":"https://randomuser.me/api/portraits/med/men/75.jpg","thumbnail":"https://randomuser.me/api/portraits/thumb/men/75.jpg"},"nat":"ES"}],"info":{"seed":"3781e5cd6f336b56","results":1,"page":1,"version":"1.4"}} 
 </msg>
<msg time="2024-08-08T22:14:49.370133" level="INFO">/opt/hostedtoolcache/Python/3.12.4/x64/lib/python3.12/site-packages/urllib3/connectionpool.py:1099: InsecureRequestWarning: Unverified HTTPS request is being made to host 'randomuser.me'. Adding certificate verification is strongly advised. See: https://urllib3.readthedocs.io/en/latest/advanced-usage.html#tls-warnings
  warnings.warn(</msg>
<msg time="2024-08-08T22:14:49.370270" level="INFO">${response} = &lt;Response [200]&gt;</msg>
<var>${response}</var>
<arg>consultarAPI</arg>
<arg>/api</arg>
<doc>Sends a GET request on a previously created HTTP Session.</doc>
<status status="PASS" start="2024-08-08T22:14:49.225575" elapsed="0.144837"/>
</kw>
<kw name="Set Variable" owner="BuiltIn">
<msg time="2024-08-08T22:14:49.371429" level="INFO">${json_data} = {'results': [{'gender': 'male', 'name': {'title': 'Mr', 'first': 'Félix', 'last': 'Ortiz'}, 'location': {'street': {'number': 7926, 'name': 'Ronda de Toledo'}, 'city': 'Las Palmas de Gran Canaria', 's...</msg>
<var>${json_data}</var>
<arg>${response.json()}</arg>
<doc>Returns the given values which can then be assigned to a variables.</doc>
<status status="PASS" start="2024-08-08T22:14:49.370906" elapsed="0.000552"/>
</kw>
<kw name="Log" owner="BuiltIn">
<msg time="2024-08-08T22:14:49.371935" level="INFO">{'results': [{'gender': 'male', 'name': {'title': 'Mr', 'first': 'Félix', 'last': 'Ortiz'}, 'location': {'street': {'number': 7926, 'name': 'Ronda de Toledo'}, 'city': 'Las Palmas de Gran Canaria', 'state': 'Andalucía', 'country': 'Spain', 'postcode': 25810, 'coordinates': {'latitude': '-30.9879', 'longitude': '-134.8622'}, 'timezone': {'offset': '-8:00', 'description': 'Pacific Time (US &amp; Canada)'}}, 'email': 'felix.ortiz@example.com', 'login': {'uuid': '5a2cf702-6fd6-4e18-971c-61dcd23a5270', 'username': 'bigrabbit448', 'password': 'jayhawks', 'salt': 'z82y6fGu', 'md5': '03b3e8456415e70717e916ab17d7b0d7', 'sha1': '8d87cc05e104315f7f473df292e046c1a167e287', 'sha256': 'b22a1814a62c68fee0425b01c3e150ccd76881f3f5f73db856c75d1c6d6e37cc'}, 'dob': {'date': '1948-06-10T05:48:59.066Z', 'age': 76}, 'registered': {'date': '2018-09-16T05:05:43.214Z', 'age': 5}, 'phone': '981-263-140', 'cell': '643-695-146', 'id': {'name': 'DNI', 'value': '83789624-U'}, 'picture': {'large': 'https://randomuser.me/api/portraits/men/75.jpg', 'medium': 'https://randomuser.me/api/portraits/med/men/75.jpg', 'thumbnail': 'https://randomuser.me/api/portraits/thumb/men/75.jpg'}, 'nat': 'ES'}], 'info': {'seed': '3781e5cd6f336b56', 'results': 1, 'page': 1, 'version': '1.4'}}</msg>
<arg>${json_data}</arg>
<doc>Logs the given message with the given level.</doc>
<status status="PASS" start="2024-08-08T22:14:49.371768" elapsed="0.000217"/>
</kw>
<kw name="Dictionary Should Contain Key" owner="Collections">
<arg>${json_data}</arg>
<arg>results</arg>
<doc>Fails if ``key`` is not found from ``dictionary``.</doc>
<status status="PASS" start="2024-08-08T22:14:49.372327" elapsed="0.000173"/>
</kw>
<kw name="Should Not Be Empty" owner="BuiltIn">
<msg time="2024-08-08T22:14:49.372815" level="INFO">Length is 2.</msg>
<arg>${json_data}</arg>
<doc>Verifies that the given item is not empty.</doc>
<status status="PASS" start="2024-08-08T22:14:49.372690" elapsed="0.000164"/>
</kw>
<kw name="Create List" owner="BuiltIn">
<msg time="2024-08-08T22:14:49.373297" level="INFO">${expected_keys} = ['gender', 'name', 'location', 'email', 'login']</msg>
<var>${expected_keys}</var>
<arg>gender</arg>
<arg>name</arg>
<arg>location</arg>
<arg>email</arg>
<arg>login</arg>
<doc>Returns a list containing given items.</doc>
<status status="PASS" start="2024-08-08T22:14:49.373141" elapsed="0.000180"/>
</kw>
<for flavor="IN">
<iter>
<kw name="Dictionary Should Contain Key" owner="Collections">
<arg>${json_data['results'][0]}</arg>
<arg>${key}</arg>
<doc>Fails if ``key`` is not found from ``dictionary``.</doc>
<status status="PASS" start="2024-08-08T22:14:49.373908" elapsed="0.000417"/>
</kw>
<kw name="Log" owner="BuiltIn">
<msg time="2024-08-08T22:14:49.374877" level="INFO">{'gender': 'male', 'name': {'title': 'Mr', 'first': 'Félix', 'last': 'Ortiz'}, 'location': {'street': {'number': 7926, 'name': 'Ronda de Toledo'}, 'city': 'Las Palmas de Gran Canaria', 'state': 'Andalucía', 'country': 'Spain', 'postcode': 25810, 'coordinates': {'latitude': '-30.9879', 'longitude': '-134.8622'}, 'timezone': {'offset': '-8:00', 'description': 'Pacific Time (US &amp; Canada)'}}, 'email': 'felix.ortiz@example.com', 'login': {'uuid': '5a2cf702-6fd6-4e18-971c-61dcd23a5270', 'username': 'bigrabbit448', 'password': 'jayhawks', 'salt': 'z82y6fGu', 'md5': '03b3e8456415e70717e916ab17d7b0d7', 'sha1': '8d87cc05e104315f7f473df292e046c1a167e287', 'sha256': 'b22a1814a62c68fee0425b01c3e150ccd76881f3f5f73db856c75d1c6d6e37cc'}, 'dob': {'date': '1948-06-10T05:48:59.066Z', 'age': 76}, 'registered': {'date': '2018-09-16T05:05:43.214Z', 'age': 5}, 'phone': '981-263-140', 'cell': '643-695-146', 'id': {'name': 'DNI', 'value': '83789624-U'}, 'picture': {'large': 'https://randomuser.me/api/portraits/men/75.jpg', 'medium': 'https://randomuser.me/api/portraits/med/men/75.jpg', 'thumbnail': 'https://randomuser.me/api/portraits/thumb/men/75.jpg'}, 'nat': 'ES'}</msg>
<arg>${json_data['results'][0]}</arg>
<doc>Logs the given message with the given level.</doc>
<status status="PASS" start="2024-08-08T22:14:49.374519" elapsed="0.000410"/>
</kw>
<kw name="Log" owner="BuiltIn">
<msg time="2024-08-08T22:14:49.375361" level="INFO">gender</msg>
<arg>${key}</arg>
<doc>Logs the given message with the given level.</doc>
<status status="PASS" start="2024-08-08T22:14:49.375229" elapsed="0.000171"/>
</kw>
<var name="${key}">gender</var>
<status status="PASS" start="2024-08-08T22:14:49.373786" elapsed="0.001832"/>
</iter>
<iter>
<kw name="Dictionary Should Contain Key" owner="Collections">
<arg>${json_data['results'][0]}</arg>
<arg>${key}</arg>
<doc>Fails if ``key`` is not found from ``dictionary``.</doc>
<status status="PASS" start="2024-08-08T22:14:49.375920" elapsed="0.000414"/>
</kw>
<kw name="Log" owner="BuiltIn">
<msg time="2024-08-08T22:14:49.376879" level="INFO">{'gender': 'male', 'name': {'title': 'Mr', 'first': 'Félix', 'last': 'Ortiz'}, 'location': {'street': {'number': 7926, 'name': 'Ronda de Toledo'}, 'city': 'Las Palmas de Gran Canaria', 'state': 'Andalucía', 'country': 'Spain', 'postcode': 25810, 'coordinates': {'latitude': '-30.9879', 'longitude': '-134.8622'}, 'timezone': {'offset': '-8:00', 'description': 'Pacific Time (US &amp; Canada)'}}, 'email': 'felix.ortiz@example.com', 'login': {'uuid': '5a2cf702-6fd6-4e18-971c-61dcd23a5270', 'username': 'bigrabbit448', 'password': 'jayhawks', 'salt': 'z82y6fGu', 'md5': '03b3e8456415e70717e916ab17d7b0d7', 'sha1': '8d87cc05e104315f7f473df292e046c1a167e287', 'sha256': 'b22a1814a62c68fee0425b01c3e150ccd76881f3f5f73db856c75d1c6d6e37cc'}, 'dob': {'date': '1948-06-10T05:48:59.066Z', 'age': 76}, 'registered': {'date': '2018-09-16T05:05:43.214Z', 'age': 5}, 'phone': '981-263-140', 'cell': '643-695-146', 'id': {'name': 'DNI', 'value': '83789624-U'}, 'picture': {'large': 'https://randomuser.me/api/portraits/men/75.jpg', 'medium': 'https://randomuser.me/api/portraits/med/men/75.jpg', 'thumbnail': 'https://randomuser.me/api/portraits/thumb/men/75.jpg'}, 'nat': 'ES'}</msg>
<arg>${json_data['results'][0]}</arg>
<doc>Logs the given message with the given level.</doc>
<status status="PASS" start="2024-08-08T22:14:49.376519" elapsed="0.000449"/>
</kw>
<kw name="Log" owner="BuiltIn">
<msg time="2024-08-08T22:14:49.377407" level="INFO">name</msg>
<arg>${key}</arg>
<doc>Logs the given message with the given level.</doc>
<status status="PASS" start="2024-08-08T22:14:49.377277" elapsed="0.000169"/>
</kw>
<var name="${key}">name</var>
<status status="PASS" start="2024-08-08T22:14:49.375802" elapsed="0.001876"/>
</iter>
<iter>
<kw name="Dictionary Should Contain Key" owner="Collections">
<arg>${json_data['results'][0]}</arg>
<arg>${key}</arg>
<doc>Fails if ``key`` is not found from ``dictionary``.</doc>
<status status="PASS" start="2024-08-08T22:14:49.377961" elapsed="0.000379"/>
</kw>
<kw name="Log" owner="BuiltIn">
<msg time="2024-08-08T22:14:49.378876" level="INFO">{'gender': 'male', 'name': {'title': 'Mr', 'first': 'Félix', 'last': 'Ortiz'}, 'location': {'street': {'number': 7926, 'name': 'Ronda de Toledo'}, 'city': 'Las Palmas de Gran Canaria', 'state': 'Andalucía', 'country': 'Spain', 'postcode': 25810, 'coordinates': {'latitude': '-30.9879', 'longitude': '-134.8622'}, 'timezone': {'offset': '-8:00', 'description': 'Pacific Time (US &amp; Canada)'}}, 'email': 'felix.ortiz@example.com', 'login': {'uuid': '5a2cf702-6fd6-4e18-971c-61dcd23a5270', 'username': 'bigrabbit448', 'password': 'jayhawks', 'salt': 'z82y6fGu', 'md5': '03b3e8456415e70717e916ab17d7b0d7', 'sha1': '8d87cc05e104315f7f473df292e046c1a167e287', 'sha256': 'b22a1814a62c68fee0425b01c3e150ccd76881f3f5f73db856c75d1c6d6e37cc'}, 'dob': {'date': '1948-06-10T05:48:59.066Z', 'age': 76}, 'registered': {'date': '2018-09-16T05:05:43.214Z', 'age': 5}, 'phone': '981-263-140', 'cell': '643-695-146', 'id': {'name': 'DNI', 'value': '83789624-U'}, 'picture': {'large': 'https://randomuser.me/api/portraits/men/75.jpg', 'medium': 'https://randomuser.me/api/portraits/med/men/75.jpg', 'thumbnail': 'https://randomuser.me/api/portraits/thumb/men/75.jpg'}, 'nat': 'ES'}</msg>
<arg>${json_data['results'][0]}</arg>
<doc>Logs the given message with the given level.</doc>
<status status="PASS" start="2024-08-08T22:14:49.378525" elapsed="0.000403"/>
</kw>
<kw name="Log" owner="BuiltIn">
<msg time="2024-08-08T22:14:49.379363" level="INFO">location</msg>
<arg>${key}</arg>
<doc>Logs the given message with the given level.</doc>
<status status="PASS" start="2024-08-08T22:14:49.379234" elapsed="0.000170"/>
</kw>
<var name="${key}">location</var>
<status status="PASS" start="2024-08-08T22:14:49.377851" elapsed="0.001771"/>
</iter>
<iter>
<kw name="Dictionary Should Contain Key" owner="Collections">
<arg>${json_data['results'][0]}</arg>
<arg>${key}</arg>
<doc>Fails if ``key`` is not found from ``dictionary``.</doc>
<status status="PASS" start="2024-08-08T22:14:49.379899" elapsed="0.000410"/>
</kw>
<kw name="Log" owner="BuiltIn">
<msg time="2024-08-08T22:14:49.380970" level="INFO">{'gender': 'male', 'name': {'title': 'Mr', 'first': 'Félix', 'last': 'Ortiz'}, 'location': {'street': {'number': 7926, 'name': 'Ronda de Toledo'}, 'city': 'Las Palmas de Gran Canaria', 'state': 'Andalucía', 'country': 'Spain', 'postcode': 25810, 'coordinates': {'latitude': '-30.9879', 'longitude': '-134.8622'}, 'timezone': {'offset': '-8:00', 'description': 'Pacific Time (US &amp; Canada)'}}, 'email': 'felix.ortiz@example.com', 'login': {'uuid': '5a2cf702-6fd6-4e18-971c-61dcd23a5270', 'username': 'bigrabbit448', 'password': 'jayhawks', 'salt': 'z82y6fGu', 'md5': '03b3e8456415e70717e916ab17d7b0d7', 'sha1': '8d87cc05e104315f7f473df292e046c1a167e287', 'sha256': 'b22a1814a62c68fee0425b01c3e150ccd76881f3f5f73db856c75d1c6d6e37cc'}, 'dob': {'date': '1948-06-10T05:48:59.066Z', 'age': 76}, 'registered': {'date': '2018-09-16T05:05:43.214Z', 'age': 5}, 'phone': '981-263-140', 'cell': '643-695-146', 'id': {'name': 'DNI', 'value': '83789624-U'}, 'picture': {'large': 'https://randomuser.me/api/portraits/men/75.jpg', 'medium': 'https://randomuser.me/api/portraits/med/men/75.jpg', 'thumbnail': 'https://randomuser.me/api/portraits/thumb/men/75.jpg'}, 'nat': 'ES'}</msg>
<arg>${json_data['results'][0]}</arg>
<doc>Logs the given message with the given level.</doc>
<status status="PASS" start="2024-08-08T22:14:49.380612" elapsed="0.000412"/>
</kw>
<kw name="Log" owner="BuiltIn">
<msg time="2024-08-08T22:14:49.381465" level="INFO">email</msg>
<arg>${key}</arg>
<doc>Logs the given message with the given level.</doc>
<status status="PASS" start="2024-08-08T22:14:49.381334" elapsed="0.000170"/>
</kw>
<var name="${key}">email</var>
<status status="PASS" start="2024-08-08T22:14:49.379792" elapsed="0.001929"/>
</iter>
<iter>
<kw name="Dictionary Should Contain Key" owner="Collections">
<arg>${json_data['results'][0]}</arg>
<arg>${key}</arg>
<doc>Fails if ``key`` is not found from ``dictionary``.</doc>
<status status="PASS" start="2024-08-08T22:14:49.382002" elapsed="0.000377"/>
</kw>
<kw name="Log" owner="BuiltIn">
<msg time="2024-08-08T22:14:49.382917" level="INFO">{'gender': 'male', 'name': {'title': 'Mr', 'first': 'Félix', 'last': 'Ortiz'}, 'location': {'street': {'number': 7926, 'name': 'Ronda de Toledo'}, 'city': 'Las Palmas de Gran Canaria', 'state': 'Andalucía', 'country': 'Spain', 'postcode': 25810, 'coordinates': {'latitude': '-30.9879', 'longitude': '-134.8622'}, 'timezone': {'offset': '-8:00', 'description': 'Pacific Time (US &amp; Canada)'}}, 'email': 'felix.ortiz@example.com', 'login': {'uuid': '5a2cf702-6fd6-4e18-971c-61dcd23a5270', 'username': 'bigrabbit448', 'password': 'jayhawks', 'salt': 'z82y6fGu', 'md5': '03b3e8456415e70717e916ab17d7b0d7', 'sha1': '8d87cc05e104315f7f473df292e046c1a167e287', 'sha256': 'b22a1814a62c68fee0425b01c3e150ccd76881f3f5f73db856c75d1c6d6e37cc'}, 'dob': {'date': '1948-06-10T05:48:59.066Z', 'age': 76}, 'registered': {'date': '2018-09-16T05:05:43.214Z', 'age': 5}, 'phone': '981-263-140', 'cell': '643-695-146', 'id': {'name': 'DNI', 'value': '83789624-U'}, 'picture': {'large': 'https://randomuser.me/api/portraits/men/75.jpg', 'medium': 'https://randomuser.me/api/portraits/med/men/75.jpg', 'thumbnail': 'https://randomuser.me/api/portraits/thumb/men/75.jpg'}, 'nat': 'ES'}</msg>
<arg>${json_data['results'][0]}</arg>
<doc>Logs the given message with the given level.</doc>
<status status="PASS" start="2024-08-08T22:14:49.382567" elapsed="0.000412"/>
</kw>
<kw name="Log" owner="BuiltIn">
<msg time="2024-08-08T22:14:49.383407" level="INFO">login</msg>
<arg>${key}</arg>
<doc>Logs the given message with the given level.</doc>
<status status="PASS" start="2024-08-08T22:14:49.383278" elapsed="0.000166"/>
</kw>
<var name="${key}">login</var>
<status status="PASS" start="2024-08-08T22:14:49.381893" elapsed="0.001766"/>
</iter>
<var>${key}</var>
<value>@{expected_keys}</value>
<status status="PASS" start="2024-08-08T22:14:49.373594" elapsed="0.010186"/>
</for>
<kw name="Create List" owner="BuiltIn">
<msg time="2024-08-08T22:14:49.384129" level="INFO">${expected_keysTwo} = ['username', 'password']</msg>
<var>${expected_keysTwo}</var>
<arg>username</arg>
<arg>password</arg>
<doc>Returns a list containing given items.</doc>
<status status="PASS" start="2024-08-08T22:14:49.383970" elapsed="0.000212"/>
</kw>
<for flavor="IN">
<iter>
<kw name="Dictionary Should Contain Key" owner="Collections">
<arg>${json_data['results'][0]['login']}</arg>
<arg>${keyTwo}</arg>
<doc>Fails if ``key`` is not found from ``dictionary``.</doc>
<status status="PASS" start="2024-08-08T22:14:49.384704" elapsed="0.000392"/>
</kw>
<kw name="Dictionary Should Contain Key" owner="Collections">
<arg>${json_data['results'][0]['login']}</arg>
<arg>${keyTwo}</arg>
<doc>Fails if ``key`` is not found from ``dictionary``.</doc>
<status status="PASS" start="2024-08-08T22:14:49.385278" elapsed="0.000376"/>
</kw>
<kw name="Log" owner="BuiltIn">
<msg time="2024-08-08T22:14:49.385958" level="INFO">username</msg>
<arg>${keyTwo}</arg>
<doc>Logs the given message with the given level.</doc>
<status status="PASS" start="2024-08-08T22:14:49.385837" elapsed="0.000158"/>
</kw>
<var name="${keyTwo}">username</var>
<status status="PASS" start="2024-08-08T22:14:49.384585" elapsed="0.001638"/>
</iter>
<iter>
<kw name="Dictionary Should Contain Key" owner="Collections">
<arg>${json_data['results'][0]['login']}</arg>
<arg>${keyTwo}</arg>
<doc>Fails if ``key`` is not found from ``dictionary``.</doc>
<status status="PASS" start="2024-08-08T22:14:49.386501" elapsed="0.000398"/>
</kw>
<kw name="Dictionary Should Contain Key" owner="Collections">
<arg>${json_data['results'][0]['login']}</arg>
<arg>${keyTwo}</arg>
<doc>Fails if ``key`` is not found from ``dictionary``.</doc>
<status status="PASS" start="2024-08-08T22:14:49.387076" elapsed="0.000369"/>
</kw>
<kw name="Log" owner="BuiltIn">
<msg time="2024-08-08T22:14:49.387743" level="INFO">password</msg>
<arg>${keyTwo}</arg>
<doc>Logs the given message with the given level.</doc>
<status status="PASS" start="2024-08-08T22:14:49.387622" elapsed="0.000159"/>
</kw>
<var name="${keyTwo}">password</var>
<status status="PASS" start="2024-08-08T22:14:49.386395" elapsed="0.001610"/>
</iter>
<var>${keyTwo}</var>
<value>@{expected_keysTwo}</value>
<status status="PASS" start="2024-08-08T22:14:49.384431" elapsed="0.003721"/>
</for>
<status status="PASS" start="2024-08-08T22:14:49.225346" elapsed="0.162966"/>
</kw>
<doc>Testa a estrutura da resposta da API.</doc>
<tag>testeEstruturaResposta</tag>
<status status="PASS" start="2024-08-08T22:14:49.224841" elapsed="0.163638"/>
</test>
<test id="s1-s1-t4" name="Validar tipos de dados" line="28">
<kw name="Teste de Tipos de Dados" owner="random-user-service">
<kw name="GET On Session" owner="RequestsLibrary">
<msg time="2024-08-08T22:14:49.449823" level="INFO">GET Request : url=https://randomuser.me/api 
 path_url=/api 
 headers={'User-Agent': 'python-requests/2.32.3', 'Accept-Encoding': 'gzip, deflate', 'Accept': '*/*', 'Connection': 'keep-alive'} 
 body=None 
 </msg>
<msg time="2024-08-08T22:14:49.449933" level="INFO">GET Response : url=https://randomuser.me/api 
 status=200, reason=OK 
 headers={'Date': 'Thu, 08 Aug 2024 22:14:49 GMT', 'Content-Type': 'application/json; charset=utf-8', 'Transfer-Encoding': 'chunked', 'Connection': 'keep-alive', 'X-Powered-By': 'Express', 'Access-Control-Allow-Origin': '*', 'Cache-Control': 'no-cache', 'ETag': 'W/"490-Kvp22CkE9KlDWS+5OefwUAVlL0Q"', 'Vary': 'Accept-Encoding', 'Content-Encoding': 'gzip', 'CF-Cache-Status': 'DYNAMIC', 'Report-To': '{"endpoints":[{"url":"https:\\/\\/a.nel.cloudflare.com\\/report\\/v4?s=efNrnOYdNyLXoCiTDaZCEYjY7CFodfxzfp43x54hsUBz3q8A2YHla1ceDc5aseeVH5uY8V8DyoT%2Bv2FgINnmGaUywPh%2Foci8GjyWzca9PYU9pefRHT%2BgXBHCe6b0%2FSzw"}],"group":"cf-nel","max_age":604800}', 'NEL': '{"success_fraction":0,"report_to":"cf-nel","max_age":604800}', 'Server': 'cloudflare', 'CF-RAY': '8b02dc8ebf3f5555-ORD', 'alt-svc': 'h3=":443"; ma=86400'} 
 body={"results":[{"gender":"female","name":{"title":"Ms","first":"Amber","last":"Kumar"},"location":{"street":{"number":3306,"name":"Redoubt Road"},"city":"Christchurch","state":"Auckland","country":"New Zealand","postcode":19550,"coordinates":{"latitude":"53.1767","longitude":"171.8975"},"timezone":{"offset":"-6:00","description":"Central Time (US &amp; Canada), Mexico City"}},"email":"amber.kumar@example.com","login":{"uuid":"16c35b10-17a7-4db1-a6cd-b991e5663710","username":"tinypanda618","password":"sara","salt":"EQB2QhOA","md5":"746491e5b3aeeaa5a2d5f1cd34d9044b","sha1":"6dd677f766677bdd895378f0eb37d6ef64ed7c02","sha256":"c7c67d2c96ec9fd42677f4c8f9cc2dbb77b716d27dc606e2dc9f6ab63e20e348"},"dob":{"date":"1980-01-08T00:22:09.109Z","age":44},"registered":{"date":"2004-04-14T05:22:46.104Z","age":20},"phone":"(344)-241-0310","cell":"(145)-570-6358","id":{"name":"","value":null},"picture":{"large":"https://randomuser.me/api/portraits/women/85.jpg","medium":"https://randomuser.me/api/portraits/med/women/85.jpg","thumbnail":"https://randomuser.me/api/portraits/thumb/women/85.jpg"},"nat":"NZ"}],"info":{"seed":"43d66ca3da59e66f","results":1,"page":1,"version":"1.4"}} 
 </msg>
<msg time="2024-08-08T22:14:49.450014" level="INFO">/opt/hostedtoolcache/Python/3.12.4/x64/lib/python3.12/site-packages/urllib3/connectionpool.py:1099: InsecureRequestWarning: Unverified HTTPS request is being made to host 'randomuser.me'. Adding certificate verification is strongly advised. See: https://urllib3.readthedocs.io/en/latest/advanced-usage.html#tls-warnings
  warnings.warn(</msg>
<msg time="2024-08-08T22:14:49.450148" level="INFO">${response} = &lt;Response [200]&gt;</msg>
<var>${response}</var>
<arg>consultarAPI</arg>
<arg>/api</arg>
<doc>Sends a GET request on a previously created HTTP Session.</doc>
<status status="PASS" start="2024-08-08T22:14:49.391067" elapsed="0.059128"/>
</kw>
<kw name="Set Variable" owner="BuiltIn">
<msg time="2024-08-08T22:14:49.451273" level="INFO">${json_data} = {'results': [{'gender': 'female', 'name': {'title': 'Ms', 'first': 'Amber', 'last': 'Kumar'}, 'location': {'street': {'number': 3306, 'name': 'Redoubt Road'}, 'city': 'Christchurch', 'state': 'Aucklan...</msg>
<var>${json_data}</var>
<arg>${response.json()}</arg>
<doc>Returns the given values which can then be assigned to a variables.</doc>
<status status="PASS" start="2024-08-08T22:14:49.450752" elapsed="0.000550"/>
</kw>
<kw name="Log" owner="BuiltIn">
<msg time="2024-08-08T22:14:49.451773" level="INFO">{'results': [{'gender': 'female', 'name': {'title': 'Ms', 'first': 'Amber', 'last': 'Kumar'}, 'location': {'street': {'number': 3306, 'name': 'Redoubt Road'}, 'city': 'Christchurch', 'state': 'Auckland', 'country': 'New Zealand', 'postcode': 19550, 'coordinates': {'latitude': '53.1767', 'longitude': '171.8975'}, 'timezone': {'offset': '-6:00', 'description': 'Central Time (US &amp; Canada), Mexico City'}}, 'email': 'amber.kumar@example.com', 'login': {'uuid': '16c35b10-17a7-4db1-a6cd-b991e5663710', 'username': 'tinypanda618', 'password': 'sara', 'salt': 'EQB2QhOA', 'md5': '746491e5b3aeeaa5a2d5f1cd34d9044b', 'sha1': '6dd677f766677bdd895378f0eb37d6ef64ed7c02', 'sha256': 'c7c67d2c96ec9fd42677f4c8f9cc2dbb77b716d27dc606e2dc9f6ab63e20e348'}, 'dob': {'date': '1980-01-08T00:22:09.109Z', 'age': 44}, 'registered': {'date': '2004-04-14T05:22:46.104Z', 'age': 20}, 'phone': '(344)-241-0310', 'cell': '(145)-570-6358', 'id': {'name': '', 'value': None}, 'picture': {'large': 'https://randomuser.me/api/portraits/women/85.jpg', 'medium': 'https://randomuser.me/api/portraits/med/women/85.jpg', 'thumbnail': 'https://randomuser.me/api/portraits/thumb/women/85.jpg'}, 'nat': 'NZ'}], 'info': {'seed': '43d66ca3da59e66f', 'results': 1, 'page': 1, 'version': '1.4'}}</msg>
<arg>${json_data}</arg>
<doc>Logs the given message with the given level.</doc>
<status status="PASS" start="2024-08-08T22:14:49.451612" elapsed="0.000209"/>
</kw>
<kw name="Should Be String" owner="String">
<arg>${json_data['results'][0]['gender']}</arg>
<doc>Fails if the given ``item`` is not a string.</doc>
<status status="PASS" start="2024-08-08T22:14:49.452162" elapsed="0.000367"/>
</kw>
<kw name="Should Match Regexp" owner="BuiltIn">
<arg>${json_data['results'][0]['email']}</arg>
<arg>^[a-zA-Z0-9._%+-]+@[a-zA-Z0-9.-]+\.[a-zA-Z]{2,}$</arg>
<doc>Fails if ``string`` does not match ``pattern`` as a regular expression.</doc>
<status status="PASS" start="2024-08-08T22:14:49.452726" elapsed="0.000562"/>
</kw>
<kw name="Should Match Regexp" owner="BuiltIn">
<arg>${json_data['results'][0]['dob']['date']}</arg>
<arg>\\d{4}-\\d{2}-\\d{2}T\\d{2}:\\d{2}:\\d{2}\\.\\d{3}Z</arg>
<doc>Fails if ``string`` does not match ``pattern`` as a regular expression.</doc>
<status status="PASS" start="2024-08-08T22:14:49.453486" elapsed="0.000637"/>
</kw>
<kw name="Should Match Regexp" owner="BuiltIn">
<arg>${json_data['results'][0]['registered']['date']}</arg>
<arg>\\d{4}-\\d{2}-\\d{2}T\\d{2}:\\d{2}:\\d{2}\\.\\d{3}Z</arg>
<doc>Fails if ``string`` does not match ``pattern`` as a regular expression.</doc>
<status status="PASS" start="2024-08-08T22:14:49.454319" elapsed="0.000378"/>
</kw>
<kw name="Should Match Regexp" owner="BuiltIn">
<arg>${json_data['results'][0]['picture']['large']}</arg>
<arg>^https?://.*\.(?:png|jpe?g|gif|bmp)$</arg>
<doc>Fails if ``string`` does not match ``pattern`` as a regular expression.</doc>
<status status="PASS" start="2024-08-08T22:14:49.454886" elapsed="0.000461"/>
</kw>
<kw name="Should Match Regexp" owner="BuiltIn">
<arg>${json_data['results'][0]['picture']['medium']}</arg>
<arg>^https?://.*\.(?:png|jpe?g|gif|bmp)$</arg>
<doc>Fails if ``string`` does not match ``pattern`` as a regular expression.</doc>
<status status="PASS" start="2024-08-08T22:14:49.455538" elapsed="0.000366"/>
</kw>
<kw name="Should Match Regexp" owner="BuiltIn">
<arg>${json_data['results'][0]['picture']['thumbnail']}</arg>
<arg>^https?://.*\.(?:png|jpe?g|gif|bmp)$</arg>
<doc>Fails if ``string`` does not match ``pattern`` as a regular expression.</doc>
<status status="PASS" start="2024-08-08T22:14:49.456111" elapsed="0.000355"/>
</kw>
<kw name="Log" owner="BuiltIn">
<msg time="2024-08-08T22:14:49.456970" level="INFO">{'large': 'https://randomuser.me/api/portraits/women/85.jpg', 'medium': 'https://randomuser.me/api/portraits/med/women/85.jpg', 'thumbnail': 'https://randomuser.me/api/portraits/thumb/women/85.jpg'}</msg>
<arg>${json_data['results'][0]['picture']}</arg>
<doc>Logs the given message with the given level.</doc>
<status status="PASS" start="2024-08-08T22:14:49.456648" elapsed="0.000366"/>
</kw>
<status status="PASS" start="2024-08-08T22:14:49.390836" elapsed="0.066442"/>
</kw>
<kw name="Teste de Tipos de Dados - Postcode" owner="random-user-service">
<kw name="GET On Session" owner="RequestsLibrary">
<msg time="2024-08-08T22:14:49.589529" level="INFO">GET Request : url=https://randomuser.me/api 
 path_url=/api 
 headers={'User-Agent': 'python-requests/2.32.3', 'Accept-Encoding': 'gzip, deflate', 'Accept': '*/*', 'Connection': 'keep-alive'} 
 body=None 
 </msg>
<msg time="2024-08-08T22:14:49.589632" level="INFO">GET Response : url=https://randomuser.me/api 
 status=200, reason=OK 
 headers={'Date': 'Thu, 08 Aug 2024 22:14:49 GMT', 'Content-Type': 'application/json; charset=utf-8', 'Transfer-Encoding': 'chunked', 'Connection': 'keep-alive', 'X-Powered-By': 'Express', 'Access-Control-Allow-Origin': '*', 'Cache-Control': 'no-cache', 'ETag': 'W/"484-9s9RvYS0c9g7LUOI7nUJUNDc9UI"', 'Vary': 'Accept-Encoding', 'Content-Encoding': 'gzip', 'CF-Cache-Status': 'DYNAMIC', 'Report-To': '{"endpoints":[{"url":"https:\\/\\/a.nel.cloudflare.com\\/report\\/v4?s=IjahTA3RCeuNC1RWViNL64ZyzjGe8ogqqgdShya%2Fb0MrIS7ALM%2FBkJlz963nWZOCUniQVxAD8dSIkTSJdLiWnYLx89QokiiGIa20bbLfiysiQYL5jLLOpeJb3ApxnyGJ"}],"group":"cf-nel","max_age":604800}', 'NEL': '{"success_fraction":0,"report_to":"cf-nel","max_age":604800}', 'Server': 'cloudflare', 'CF-RAY': '8b02dc8f2fdc5555-ORD', 'alt-svc': 'h3=":443"; ma=86400'} 
 body={"results":[{"gender":"male","name":{"title":"Mr","first":"Selmer","last":"Engum"},"location":{"street":{"number":8066,"name":"Martha Tynes' vei"},"city":"Ulsteinvik","state":"Troms - Romsa","country":"Norway","postcode":"3032","coordinates":{"latitude":"44.4475","longitude":"-45.9139"},"timezone":{"offset":"+2:00","description":"Kaliningrad, South Africa"}},"email":"selmer.engum@example.com","login":{"uuid":"c28c8eda-4883-4eca-ad96-2155893e6801","username":"organickoala212","password":"spurs1","salt":"qIIl6VOA","md5":"3a45482d95cc0e102eba7a5a438c9c66","sha1":"082e2508d3d93885ac4f0dc875dd20f8657997cf","sha256":"3af24a837ca61558808ee15496e6ecb6199eec289dc82a637574c23f662ed900"},"dob":{"date":"1951-02-09T06:59:21.713Z","age":73},"registered":{"date":"2009-02-18T10:03:19.367Z","age":15},"phone":"65283500","cell":"91846237","id":{"name":"FN","value":"09025135544"},"picture":{"large":"https://randomuser.me/api/portraits/men/35.jpg","medium":"https://randomuser.me/api/portraits/med/men/35.jpg","thumbnail":"https://randomuser.me/api/portraits/thumb/men/35.jpg"},"nat":"NO"}],"info":{"seed":"ae47beea7d1ddef8","results":1,"page":1,"version":"1.4"}} 
 </msg>
<msg time="2024-08-08T22:14:49.589702" level="INFO">/opt/hostedtoolcache/Python/3.12.4/x64/lib/python3.12/site-packages/urllib3/connectionpool.py:1099: InsecureRequestWarning: Unverified HTTPS request is being made to host 'randomuser.me'. Adding certificate verification is strongly advised. See: https://urllib3.readthedocs.io/en/latest/advanced-usage.html#tls-warnings
  warnings.warn(</msg>
<msg time="2024-08-08T22:14:49.589821" level="INFO">${response} = &lt;Response [200]&gt;</msg>
<var>${response}</var>
<arg>consultarAPI</arg>
<arg>/api</arg>
<doc>Sends a GET request on a previously created HTTP Session.</doc>
<status status="PASS" start="2024-08-08T22:14:49.457752" elapsed="0.132103"/>
</kw>
<kw name="Set Variable" owner="BuiltIn">
<msg time="2024-08-08T22:14:49.590905" level="INFO">${json_data} = {'results': [{'gender': 'male', 'name': {'title': 'Mr', 'first': 'Selmer', 'last': 'Engum'}, 'location': {'street': {'number': 8066, 'name': "Martha Tynes' vei"}, 'city': 'Ulsteinvik', 'state': 'Troms...</msg>
<var>${json_data}</var>
<arg>${response.json()}</arg>
<doc>Returns the given values which can then be assigned to a variables.</doc>
<status status="PASS" start="2024-08-08T22:14:49.590387" elapsed="0.000547"/>
</kw>
<kw name="Log" owner="BuiltIn">
<msg time="2024-08-08T22:14:49.591404" level="INFO">{'results': [{'gender': 'male', 'name': {'title': 'Mr', 'first': 'Selmer', 'last': 'Engum'}, 'location': {'street': {'number': 8066, 'name': "Martha Tynes' vei"}, 'city': 'Ulsteinvik', 'state': 'Troms - Romsa', 'country': 'Norway', 'postcode': '3032', 'coordinates': {'latitude': '44.4475', 'longitude': '-45.9139'}, 'timezone': {'offset': '+2:00', 'description': 'Kaliningrad, South Africa'}}, 'email': 'selmer.engum@example.com', 'login': {'uuid': 'c28c8eda-4883-4eca-ad96-2155893e6801', 'username': 'organickoala212', 'password': 'spurs1', 'salt': 'qIIl6VOA', 'md5': '3a45482d95cc0e102eba7a5a438c9c66', 'sha1': '082e2508d3d93885ac4f0dc875dd20f8657997cf', 'sha256': '3af24a837ca61558808ee15496e6ecb6199eec289dc82a637574c23f662ed900'}, 'dob': {'date': '1951-02-09T06:59:21.713Z', 'age': 73}, 'registered': {'date': '2009-02-18T10:03:19.367Z', 'age': 15}, 'phone': '65283500', 'cell': '91846237', 'id': {'name': 'FN', 'value': '09025135544'}, 'picture': {'large': 'https://randomuser.me/api/portraits/men/35.jpg', 'medium': 'https://randomuser.me/api/portraits/med/men/35.jpg', 'thumbnail': 'https://randomuser.me/api/portraits/thumb/men/35.jpg'}, 'nat': 'NO'}], 'info': {'seed': 'ae47beea7d1ddef8', 'results': 1, 'page': 1, 'version': '1.4'}}</msg>
<arg>${json_data}</arg>
<doc>Logs the given message with the given level.</doc>
<status status="PASS" start="2024-08-08T22:14:49.591246" elapsed="0.000204"/>
</kw>
<kw name="Should Be Equal As Numbers" owner="BuiltIn">
<arg>${json_data['results'][0]['location']['postcode']}</arg>
<arg>${json_data['results'][0]['location']['postcode']}</arg>
<doc>Fails if objects are unequal after converting them to real numbers.</doc>
<status status="PASS" start="2024-08-08T22:14:49.591748" elapsed="0.000693"/>
</kw>
<kw name="Log" owner="BuiltIn">
<msg time="2024-08-08T22:14:49.592987" level="INFO">3032</msg>
<arg>${json_data['results'][0]['location']['postcode']}</arg>
<doc>Logs the given message with the given level.</doc>
<status status="PASS" start="2024-08-08T22:14:49.592646" elapsed="0.000384"/>
</kw>
<status status="PASS" start="2024-08-08T22:14:49.457511" elapsed="0.135806"/>
</kw>
<doc>Testa se os tipos de dados na resposta da API estão corretos.</doc>
<tag>testeTiposDados</tag>
<status status="PASS" start="2024-08-08T22:14:49.390286" elapsed="0.203208"/>
</test>
<test id="s1-s1-t5" name="Validar conteudo" line="35">
<kw name="Teste de Tipos de Conteudo" owner="random-user-service">
<kw name="GET On Session" owner="RequestsLibrary">
<msg time="2024-08-08T22:14:49.653259" level="INFO">GET Request : url=https://randomuser.me/api 
 path_url=/api 
 headers={'User-Agent': 'python-requests/2.32.3', 'Accept-Encoding': 'gzip, deflate', 'Accept': '*/*', 'Connection': 'keep-alive'} 
 body=None 
 </msg>
<msg time="2024-08-08T22:14:49.653376" level="INFO">GET Response : url=https://randomuser.me/api 
 status=200, reason=OK 
 headers={'Date': 'Thu, 08 Aug 2024 22:14:49 GMT', 'Content-Type': 'application/json; charset=utf-8', 'Transfer-Encoding': 'chunked', 'Connection': 'keep-alive', 'X-Powered-By': 'Express', 'Access-Control-Allow-Origin': '*', 'Cache-Control': 'no-cache', 'ETag': 'W/"493-biKTHAAIKhC4fynoD2Kgd/a8AbM"', 'Vary': 'Accept-Encoding', 'Content-Encoding': 'gzip', 'CF-Cache-Status': 'DYNAMIC', 'Report-To': '{"endpoints":[{"url":"https:\\/\\/a.nel.cloudflare.com\\/report\\/v4?s=2UD1eE3BfHNW3262PjWa5Ca4eFJ327oqnebUyAJCdoL4HvSgf2u0vMcmqa03Ry4%2FMsu%2FNPxXBDwPKS0g9ivOGVMhuTDIitNyFExvt6OA%2BymSQts45mkqRDU0St8OA5yC"}],"group":"cf-nel","max_age":604800}', 'NEL': '{"success_fraction":0,"report_to":"cf-nel","max_age":604800}', 'Server': 'cloudflare', 'CF-RAY': '8b02dc9008ef5555-ORD', 'alt-svc': 'h3=":443"; ma=86400'} 
 body={"results":[{"gender":"male","name":{"title":"Mr","first":"Roberto","last":"Barrett"},"location":{"street":{"number":1206,"name":"Brown Terrace"},"city":"Gladstone","state":"Tasmania","country":"Australia","postcode":8790,"coordinates":{"latitude":"-89.8449","longitude":"-14.7064"},"timezone":{"offset":"+8:00","description":"Beijing, Perth, Singapore, Hong Kong"}},"email":"roberto.barrett@example.com","login":{"uuid":"d0d106a6-b45e-4b8f-bee4-dc22c3ea48ee","username":"whiteelephant834","password":"toad","salt":"Rrt3SH90","md5":"b2f75819965a7c90ab6c1f940f37c135","sha1":"8c03c93093956587f90ba7c830934ae6b80adff0","sha256":"6a4bf49f99edf27b0bb9e64c97cd2993cc555aad27612804f9a2d1b938d9037b"},"dob":{"date":"1987-10-28T03:27:21.329Z","age":36},"registered":{"date":"2005-08-07T19:33:07.388Z","age":19},"phone":"07-1862-5997","cell":"0409-152-654","id":{"name":"TFN","value":"187354016"},"picture":{"large":"https://randomuser.me/api/portraits/men/13.jpg","medium":"https://randomuser.me/api/portraits/med/men/13.jpg","thumbnail":"https://randomuser.me/api/portraits/thumb/men/13.jpg"},"nat":"AU"}],"info":{"seed":"1bd332cfae12e883","results":1,"page":1,"version":"1.4"}} 
 </msg>
<msg time="2024-08-08T22:14:49.653457" level="INFO">/opt/hostedtoolcache/Python/3.12.4/x64/lib/python3.12/site-packages/urllib3/connectionpool.py:1099: InsecureRequestWarning: Unverified HTTPS request is being made to host 'randomuser.me'. Adding certificate verification is strongly advised. See: https://urllib3.readthedocs.io/en/latest/advanced-usage.html#tls-warnings
  warnings.warn(</msg>
<msg time="2024-08-08T22:14:49.653592" level="INFO">${response} = &lt;Response [200]&gt;</msg>
<var>${response}</var>
<arg>consultarAPI</arg>
<arg>/api</arg>
<doc>Sends a GET request on a previously created HTTP Session.</doc>
<status status="PASS" start="2024-08-08T22:14:49.596342" elapsed="0.057295"/>
</kw>
<kw name="Set Variable" owner="BuiltIn">
<msg time="2024-08-08T22:14:49.654694" level="INFO">${json_data} = {'results': [{'gender': 'male', 'name': {'title': 'Mr', 'first': 'Roberto', 'last': 'Barrett'}, 'location': {'street': {'number': 1206, 'name': 'Brown Terrace'}, 'city': 'Gladstone', 'state': 'Tasmani...</msg>
<var>${json_data}</var>
<arg>${response.json()}</arg>
<doc>Returns the given values which can then be assigned to a variables.</doc>
<status status="PASS" start="2024-08-08T22:14:49.654178" elapsed="0.000544"/>
</kw>
<kw name="Set Variable" owner="BuiltIn">
<msg time="2024-08-08T22:14:49.655415" level="INFO">${name_title} = Mr</msg>
<var>${name_title}</var>
<arg>${json_data["results"][0]["name"]["title"]}</arg>
<doc>Returns the given values which can then be assigned to a variables.</doc>
<status status="PASS" start="2024-08-08T22:14:49.655030" elapsed="0.000410"/>
</kw>
<kw name="Create List" owner="BuiltIn">
<msg time="2024-08-08T22:14:49.655893" level="INFO">${allowed_titles} = ['Mr', 'Ms', 'Miss', 'Mrs', 'Madame', 'Monsieur']</msg>
<var>${allowed_titles}</var>
<arg>Mr</arg>
<arg>Ms</arg>
<arg>Miss</arg>
<arg>Mrs</arg>
<arg>Madame</arg>
<arg>Monsieur</arg>
<doc>Returns a list containing given items.</doc>
<status status="PASS" start="2024-08-08T22:14:49.655742" elapsed="0.000176"/>
</kw>
<kw name="List Should Contain Value" owner="Collections">
<arg>${allowed_titles}</arg>
<arg>${name_title}</arg>
<doc>Fails if the ``value`` is not found from ``list``.</doc>
<status status="PASS" start="2024-08-08T22:14:49.656263" elapsed="0.000181"/>
</kw>
<kw name="Set Variable" owner="BuiltIn">
<msg time="2024-08-08T22:14:49.657017" level="INFO">${name_country} = AU</msg>
<var>${name_country}</var>
<arg>${json_data["results"][0]["nat"]}</arg>
<doc>Returns the given values which can then be assigned to a variables.</doc>
<status status="PASS" start="2024-08-08T22:14:49.656638" elapsed="0.000405"/>
</kw>
<kw name="Create List" owner="BuiltIn">
<msg time="2024-08-08T22:14:49.657930" level="INFO">${list_country} = ['AD', 'AE', 'AF', 'AG', 'AI', 'AL', 'AM', 'AO', 'AQ', 'AR', 'AS', 'AT', 'AU', 'AW', 'AX', 'AZ', 'BA', 'BB', 'BD', 'BE', 'BF', 'BG', 'BH', 'BI', 'BJ', 'BL', 'BM', 'BN', 'BO', 'BQ', 'BR', 'BS', 'BT', '...</msg>
<var>${list_country}</var>
<arg>AD</arg>
<arg>AE</arg>
<arg>AF</arg>
<arg>AG</arg>
<arg>AI</arg>
<arg>AL</arg>
<arg>AM</arg>
<arg>AO</arg>
<arg>AQ</arg>
<arg>AR</arg>
<arg>AS</arg>
<arg>AT</arg>
<arg>AU</arg>
<arg>AW</arg>
<arg>AX</arg>
<arg>AZ</arg>
<arg>BA</arg>
<arg>BB</arg>
<arg>BD</arg>
<arg>BE</arg>
<arg>BF</arg>
<arg>BG</arg>
<arg>BH</arg>
<arg>BI</arg>
<arg>BJ</arg>
<arg>BL</arg>
<arg>BM</arg>
<arg>BN</arg>
<arg>BO</arg>
<arg>BQ</arg>
<arg>BR</arg>
<arg>BS</arg>
<arg>BT</arg>
<arg>BV</arg>
<arg>BW</arg>
<arg>BY</arg>
<arg>BZ</arg>
<arg>CA</arg>
<arg>CC</arg>
<arg>CD</arg>
<arg>CF</arg>
<arg>CG</arg>
<arg>CH</arg>
<arg>CI</arg>
<arg>CK</arg>
<arg>CL</arg>
<arg>CM</arg>
<arg>CN</arg>
<arg>CO</arg>
<arg>CR</arg>
<arg>CU</arg>
<arg>CV</arg>
<arg>CW</arg>
<arg>CX</arg>
<arg>CY</arg>
<arg>CZ</arg>
<arg>DE</arg>
<arg>DJ</arg>
<arg>DK</arg>
<arg>DM</arg>
<arg>DO</arg>
<arg>DZ</arg>
<arg>EC</arg>
<arg>EE</arg>
<arg>EG</arg>
<arg>EH</arg>
<arg>ER</arg>
<arg>ES</arg>
<arg>ET</arg>
<arg>FI</arg>
<arg>FJ</arg>
<arg>FK</arg>
<arg>FM</arg>
<arg>FO</arg>
<arg>FR</arg>
<arg>GA</arg>
<arg>GB</arg>
<arg>GD</arg>
<arg>GE</arg>
<arg>GF</arg>
<arg>GG</arg>
<arg>GH</arg>
<arg>GI</arg>
<arg>GL</arg>
<arg>GM</arg>
<arg>GN</arg>
<arg>GP</arg>
<arg>GQ</arg>
<arg>GR</arg>
<arg>GS</arg>
<arg>GT</arg>
<arg>GU</arg>
<arg>GW</arg>
<arg>GY</arg>
<arg>HK</arg>
<arg>HM</arg>
<arg>HN</arg>
<arg>HR</arg>
<arg>HT</arg>
<arg>HU</arg>
<arg>ID</arg>
<arg>IE</arg>
<arg>IL</arg>
<arg>IM</arg>
<arg>IN</arg>
<arg>IO</arg>
<arg>IQ</arg>
<arg>IR</arg>
<arg>IS</arg>
<arg>IT</arg>
<arg>JE</arg>
<arg>JM</arg>
<arg>JO</arg>
<arg>JP</arg>
<arg>KE</arg>
<arg>KG</arg>
<arg>KH</arg>
<arg>KI</arg>
<arg>KM</arg>
<arg>KN</arg>
<arg>KP</arg>
<arg>KR</arg>
<arg>KW</arg>
<arg>KY</arg>
<arg>KZ</arg>
<arg>LA</arg>
<arg>LB</arg>
<arg>LC</arg>
<arg>LI</arg>
<arg>LK</arg>
<arg>LR</arg>
<arg>LS</arg>
<arg>LT</arg>
<arg>LU</arg>
<arg>LV</arg>
<arg>LY</arg>
<arg>MA</arg>
<arg>MC</arg>
<arg>MD</arg>
<arg>ME</arg>
<arg>MF</arg>
<arg>MG</arg>
<arg>MH</arg>
<arg>MK</arg>
<arg>ML</arg>
<arg>MM</arg>
<arg>MN</arg>
<arg>MO</arg>
<arg>MP</arg>
<arg>MQ</arg>
<arg>MR</arg>
<arg>MS</arg>
<arg>MT</arg>
<arg>MU</arg>
<arg>MV</arg>
<arg>MW</arg>
<arg>MX</arg>
<arg>MY</arg>
<arg>MZ</arg>
<arg>NA</arg>
<arg>NC</arg>
<arg>NE</arg>
<arg>NF</arg>
<arg>NG</arg>
<arg>NI</arg>
<arg>NL</arg>
<arg>NO</arg>
<arg>NP</arg>
<arg>NR</arg>
<arg>NU</arg>
<arg>NZ</arg>
<arg>OM</arg>
<arg>PA</arg>
<arg>PE</arg>
<arg>PF</arg>
<arg>PG</arg>
<arg>PH</arg>
<arg>PK</arg>
<arg>PL</arg>
<arg>PM</arg>
<arg>PN</arg>
<arg>PR</arg>
<arg>PS</arg>
<arg>PT</arg>
<arg>PW</arg>
<arg>PY</arg>
<arg>QA</arg>
<arg>RE</arg>
<arg>RO</arg>
<arg>RS</arg>
<arg>RU</arg>
<arg>RW</arg>
<arg>SA</arg>
<arg>SB</arg>
<arg>SC</arg>
<arg>SD</arg>
<arg>SE</arg>
<arg>SG</arg>
<arg>SH</arg>
<arg>SI</arg>
<arg>SJ</arg>
<arg>SK</arg>
<arg>SL</arg>
<arg>SM</arg>
<arg>SN</arg>
<arg>SO</arg>
<arg>SR</arg>
<arg>SS</arg>
<arg>ST</arg>
<arg>SV</arg>
<arg>SX</arg>
<arg>SY</arg>
<arg>SZ</arg>
<arg>TC</arg>
<arg>TD</arg>
<arg>TF</arg>
<arg>TG</arg>
<arg>TH</arg>
<arg>TJ</arg>
<arg>TK</arg>
<arg>TL</arg>
<arg>TM</arg>
<arg>TN</arg>
<arg>TO</arg>
<arg>TR</arg>
<arg>TT</arg>
<arg>TV</arg>
<arg>TW</arg>
<arg>TZ</arg>
<arg>UA</arg>
<arg>UG</arg>
<arg>UM</arg>
<arg>US</arg>
<arg>UY</arg>
<arg>UZ</arg>
<arg>VA</arg>
<arg>VC</arg>
<arg>VE</arg>
<arg>VG</arg>
<arg>VI</arg>
<arg>VN</arg>
<arg>VU</arg>
<arg>WF</arg>
<arg>WS</arg>
<arg>XK</arg>
<arg>YE</arg>
<arg>YT</arg>
<arg>ZA</arg>
<arg>ZM</arg>
<arg>ZW</arg>
<doc>Returns a list containing given items.</doc>
<status status="PASS" start="2024-08-08T22:14:49.657334" elapsed="0.000622"/>
</kw>
<kw name="List Should Contain Value" owner="Collections">
<arg>${list_country}</arg>
<arg>${name_country}</arg>
<doc>Fails if the ``value`` is not found from ``list``.</doc>
<status status="PASS" start="2024-08-08T22:14:49.658933" elapsed="0.000209"/>
</kw>
<kw name="Run Keyword If" owner="BuiltIn">
<kw name="Should Be True" owner="BuiltIn">
<arg>${True}</arg>
<doc>Fails if the given condition is not true.</doc>
<status status="PASS" start="2024-08-08T22:14:49.660114" elapsed="0.000154"/>
</kw>
<arg>${json_data["results"][0]["location"]["coordinates"]["latitude"]} &gt;= -90 and ${json_data["results"][0]["location"]["coordinates"]["latitude"]} &lt;= 90</arg>
<arg>Should Be True</arg>
<arg>${True}</arg>
<doc>Runs the given keyword with the given arguments, if ``condition`` is true.</doc>
<status status="PASS" start="2024-08-08T22:14:49.659344" elapsed="0.001055"/>
</kw>
<kw name="Run Keyword If" owner="BuiltIn">
<kw name="Should Be True" owner="BuiltIn">
<arg>${True}</arg>
<doc>Fails if the given condition is not true.</doc>
<status status="PASS" start="2024-08-08T22:14:49.661271" elapsed="0.000138"/>
</kw>
<arg>${json_data["results"][0]["location"]["coordinates"]["longitude"]} &gt;= -180 and ${json_data["results"][0]["location"]["coordinates"]["longitude"]} &lt;= 180</arg>
<arg>Should Be True</arg>
<arg>${True}</arg>
<doc>Runs the given keyword with the given arguments, if ``condition`` is true.</doc>
<status status="PASS" start="2024-08-08T22:14:49.660582" elapsed="0.000952"/>
</kw>
<status status="PASS" start="2024-08-08T22:14:49.595929" elapsed="0.065736"/>
</kw>
<doc>Testa o conteúdo específico dos campos retornados pela API.</doc>
<tag>testeConteudo</tag>
<status status="PASS" start="2024-08-08T22:14:49.595260" elapsed="0.066563"/>
</test>
<status status="PASS" start="2024-08-08T22:14:48.764006" elapsed="0.899727"/>
</suite>
<status status="PASS" start="2024-08-08T22:14:48.749265" elapsed="0.920397"/>
</suite>
<statistics>
<total>
<stat pass="5" fail="0" skip="0">All Tests</stat>
</total>
<tag>
<stat pass="1" fail="0" skip="0">testeConteudo</stat>
<stat pass="1" fail="0" skip="0">testeEstruturaResposta</stat>
<stat pass="1" fail="0" skip="0">testeRequisicaoBasica</stat>
<stat pass="1" fail="0" skip="0">testeTiposDados</stat>
</tag>
<suite>
<stat pass="5" fail="0" skip="0" id="s1" name="Tests">Tests</stat>
<stat pass="5" fail="0" skip="0" id="s1-s1" name="Random-User-Test">Tests.Random-User-Test</stat>
</suite>
</statistics>
<errors>
</errors>
</robot>
