<?xml version="1.0" encoding="UTF-8"?>
<robot generator="Robot 7.0.1 (Python 3.12.3 on linux)" generated="2024-06-16T11:12:39.699762" rpa="false" schemaversion="5">
<suite id="s1" name="Tests" source="/home/runner/work/ApiRandomUser/ApiRandomUser/RamdonUser/tests">
<suite id="s1-s1" name="Random-User-Test" source="/home/runner/work/ApiRandomUser/ApiRandomUser/RamdonUser/tests/random-user-test.robot">
<test id="s1-s1-t1" name="Conectar" line="13">
<kw name="Conectar API" owner="random-user-service">
<kw name="Create Session" owner="RequestsLibrary">
<msg time="2024-06-16T11:12:40.154754" level="INFO">Creating Session using : alias=consultarAPI, url=https://randomuser.me/, headers={},                     cookies={}, auth=None, timeout=None, proxies=None, verify=False,                     debug=0 </msg>
<arg>consultarAPI</arg>
<arg>${URL}</arg>
<doc>Create Session: create a HTTP session to a server</doc>
<status status="PASS" start="2024-06-16T11:12:40.154561" elapsed="0.000370"/>
</kw>
<status status="PASS" start="2024-06-16T11:12:40.153594" elapsed="0.001725"/>
</kw>
<status status="PASS" start="2024-06-16T11:12:40.152981" elapsed="0.002536"/>
</test>
<test id="s1-s1-t2" name="Validar retorno 200 e JSON Válido" line="16">
<kw name="Teste de Requisicao Basica" owner="random-user-service">
<kw name="GET On Session" owner="RequestsLibrary">
<msg time="2024-06-16T11:12:40.398919" level="INFO">GET Request : url=https://randomuser.me/api 
 path_url=/api 
 headers={'User-Agent': 'python-requests/2.32.3', 'Accept-Encoding': 'gzip, deflate', 'Accept': '*/*', 'Connection': 'keep-alive'} 
 body=None 
 </msg>
<msg time="2024-06-16T11:12:40.399120" level="INFO">GET Response : url=https://randomuser.me/api 
 status=200, reason=OK 
 headers={'Date': 'Sun, 16 Jun 2024 11:12:40 GMT', 'Content-Type': 'application/json; charset=utf-8', 'Transfer-Encoding': 'chunked', 'Connection': 'keep-alive', 'X-Powered-By': 'Express', 'Access-Control-Allow-Origin': '*', 'Cache-Control': 'no-cache', 'ETag': 'W/"4a4-WJdSjGwZmGmsKx9mQliVXrDjV4Y"', 'Vary': 'Accept-Encoding', 'Content-Encoding': 'gzip', 'CF-Cache-Status': 'DYNAMIC', 'Report-To': '{"endpoints":[{"url":"https:\\/\\/a.nel.cloudflare.com\\/report\\/v4?s=whfq9wOWirpwMN%2BKLxFuhZ95jfXS5WEA6nSpdVmBzDUImY9bSAPJfEfXcmgOVNboBVdFZ8220ItguB8xFg7MLWBEgbotn6vhYgMZ2W9W2Sz7s%2FLpEoaW3tpV%2FWBf1U9Y"}],"group":"cf-nel","max_age":604800}', 'NEL': '{"success_fraction":0,"report_to":"cf-nel","max_age":604800}', 'Server': 'cloudflare', 'CF-RAY': '894a5dbc3c945ae0-IAD', 'alt-svc': 'h3=":443"; ma=86400'} 
 body={"results":[{"gender":"male","name":{"title":"Mr","first":"Rick","last":"Stanley"},"location":{"street":{"number":1058,"name":"Alexander Road"},"city":"Dundee","state":"North Yorkshire","country":"United Kingdom","postcode":"D5N 3FX","coordinates":{"latitude":"-5.1937","longitude":"-44.8099"},"timezone":{"offset":"-6:00","description":"Central Time (US &amp; Canada), Mexico City"}},"email":"rick.stanley@example.com","login":{"uuid":"cd3104a0-6fc3-4aa6-9299-aa1ca2d984a4","username":"organicmouse716","password":"bronze","salt":"y0VpQOye","md5":"7aa882d8946d49d361d24b31e533475d","sha1":"f061ff85bb26d620d813958ee9987cf3fdb490d8","sha256":"9f178574eb82887b32eb6561268659749eed2dc56cfece7a70e09a101a39dfb0"},"dob":{"date":"1980-03-19T15:10:54.221Z","age":44},"registered":{"date":"2004-05-25T09:59:22.760Z","age":20},"phone":"016977 25507","cell":"07703 617864","id":{"name":"NINO","value":"KG 28 49 87 G"},"picture":{"large":"https://randomuser.me/api/portraits/men/80.jpg","medium":"https://randomuser.me/api/portraits/med/men/80.jpg","thumbnail":"https://randomuser.me/api/portraits/thumb/men/80.jpg"},"nat":"GB"}],"info":{"seed":"57ff8a71e1cc9802","results":1,"page":1,"version":"1.4"}} 
 </msg>
<msg time="2024-06-16T11:12:40.399221" level="INFO">/opt/hostedtoolcache/Python/3.12.3/x64/lib/python3.12/site-packages/urllib3/connectionpool.py:1103: InsecureRequestWarning: Unverified HTTPS request is being made to host 'randomuser.me'. Adding certificate verification is strongly advised. See: https://urllib3.readthedocs.io/en/latest/advanced-usage.html#tls-warnings
  warnings.warn(</msg>
<msg time="2024-06-16T11:12:40.399386" level="INFO">${response} = &lt;Response [200]&gt;</msg>
<var>${response}</var>
<arg>consultarAPI</arg>
<arg>/api</arg>
<doc>Sends a GET request on a previously created HTTP Session.</doc>
<status status="PASS" start="2024-06-16T11:12:40.158167" elapsed="0.241263"/>
</kw>
<kw name="Should Be Equal As Numbers" owner="BuiltIn">
<msg time="2024-06-16T11:12:40.400412" level="INFO">Argument types are:
&lt;class 'int'&gt;
&lt;class 'str'&gt;</msg>
<arg>${response.status_code}</arg>
<arg>200</arg>
<doc>Fails if objects are unequal after converting them to real numbers.</doc>
<status status="PASS" start="2024-06-16T11:12:40.399951" elapsed="0.000526"/>
</kw>
<kw name="Log" owner="BuiltIn">
<msg time="2024-06-16T11:12:40.401151" level="INFO">200</msg>
<arg>${response.status_code}</arg>
<doc>Logs the given message with the given level.</doc>
<status status="PASS" start="2024-06-16T11:12:40.400794" elapsed="0.000404"/>
</kw>
<kw name="Set Variable" owner="BuiltIn">
<msg time="2024-06-16T11:12:40.401942" level="INFO">${json_data} = {'results': [{'gender': 'male', 'name': {'title': 'Mr', 'first': 'Rick', 'last': 'Stanley'}, 'location': {'street': {'number': 1058, 'name': 'Alexander Road'}, 'city': 'Dundee', 'state': 'North Yorksh...</msg>
<var>${json_data}</var>
<arg>${response.json()}</arg>
<doc>Returns the given values which can then be assigned to a variables.</doc>
<status status="PASS" start="2024-06-16T11:12:40.401508" elapsed="0.000465"/>
</kw>
<kw name="Dictionary Should Contain Key" owner="Collections">
<arg>${json_data}</arg>
<arg>results</arg>
<doc>Fails if ``key`` is not found from ``dictionary``.</doc>
<status status="PASS" start="2024-06-16T11:12:40.402275" elapsed="0.000165"/>
</kw>
<status status="PASS" start="2024-06-16T11:12:40.157933" elapsed="0.244660"/>
</kw>
<doc>Testa se a API responde corretamente e retorna um objeto JSON válido.</doc>
<tag>testeRequisicaoBasica</tag>
<status status="PASS" start="2024-06-16T11:12:40.157419" elapsed="0.245349"/>
</test>
<test id="s1-s1-t3" name="Validar estrutura de resposta" line="22">
<kw name="Teste de Estrutura de Resposta" owner="random-user-service">
<kw name="GET On Session" owner="RequestsLibrary">
<msg time="2024-06-16T11:12:40.487250" level="INFO">GET Request : url=https://randomuser.me/api 
 path_url=/api 
 headers={'User-Agent': 'python-requests/2.32.3', 'Accept-Encoding': 'gzip, deflate', 'Accept': '*/*', 'Connection': 'keep-alive'} 
 body=None 
 </msg>
<msg time="2024-06-16T11:12:40.487321" level="INFO">GET Response : url=https://randomuser.me/api 
 status=200, reason=OK 
 headers={'Date': 'Sun, 16 Jun 2024 11:12:40 GMT', 'Content-Type': 'application/json; charset=utf-8', 'Transfer-Encoding': 'chunked', 'Connection': 'keep-alive', 'X-Powered-By': 'Express', 'Access-Control-Allow-Origin': '*', 'Cache-Control': 'no-cache', 'ETag': 'W/"495-Q2BmxVQQD8N3XnnEpRtCy6husH0"', 'Vary': 'Accept-Encoding', 'Content-Encoding': 'gzip', 'CF-Cache-Status': 'DYNAMIC', 'Report-To': '{"endpoints":[{"url":"https:\\/\\/a.nel.cloudflare.com\\/report\\/v4?s=uA20Jd42E8xEYXMSpLxWGDkQ1zOQWjARBQxZ8v3GVFin%2FSUrSCpYYKJhSuoZqtmGdQR6LlnKVkgRcgbLmcUiGbFYLpwxAFWIyzROtJv4g1xoALjT8eafCdz30RoAyhUq"}],"group":"cf-nel","max_age":604800}', 'NEL': '{"success_fraction":0,"report_to":"cf-nel","max_age":604800}', 'Server': 'cloudflare', 'CF-RAY': '894a5dbc8cc85ae0-IAD', 'alt-svc': 'h3=":443"; ma=86400'} 
 body={"results":[{"gender":"male","name":{"title":"Mr","first":"Budimil","last":"Kantorovich"},"location":{"street":{"number":4651,"name":"Holodna"},"city":"Slavutich","state":"Kirovogradska","country":"Ukraine","postcode":64656,"coordinates":{"latitude":"81.4156","longitude":"-70.1817"},"timezone":{"offset":"+11:00","description":"Magadan, Solomon Islands, New Caledonia"}},"email":"budimil.kantorovich@example.com","login":{"uuid":"15f7ec79-1381-4fda-8f92-c9fcfe7715f6","username":"organicdog791","password":"woodman","salt":"enFg8ZNU","md5":"734dd458a7a803eb85d1a961344b9373","sha1":"b39c1e7b540636d9be99b50ee38b5aedf5e7aed5","sha256":"ac995d0a0b900077686653084d5739b0a79aca8f305ffa9a9d45e81dd5b7ae5f"},"dob":{"date":"1978-05-26T21:28:53.824Z","age":46},"registered":{"date":"2021-05-21T20:37:16.032Z","age":3},"phone":"(099) X44-0393","cell":"(068) B34-7523","id":{"name":"","value":null},"picture":{"large":"https://randomuser.me/api/portraits/men/78.jpg","medium":"https://randomuser.me/api/portraits/med/men/78.jpg","thumbnail":"https://randomuser.me/api/portraits/thumb/men/78.jpg"},"nat":"UA"}],"info":{"seed":"641c75bd63ee9c49","results":1,"page":1,"version":"1.4"}} 
 </msg>
<msg time="2024-06-16T11:12:40.487431" level="INFO">/opt/hostedtoolcache/Python/3.12.3/x64/lib/python3.12/site-packages/urllib3/connectionpool.py:1103: InsecureRequestWarning: Unverified HTTPS request is being made to host 'randomuser.me'. Adding certificate verification is strongly advised. See: https://urllib3.readthedocs.io/en/latest/advanced-usage.html#tls-warnings
  warnings.warn(</msg>
<msg time="2024-06-16T11:12:40.487547" level="INFO">${response} = &lt;Response [200]&gt;</msg>
<var>${response}</var>
<arg>consultarAPI</arg>
<arg>/api</arg>
<doc>Sends a GET request on a previously created HTTP Session.</doc>
<status status="PASS" start="2024-06-16T11:12:40.405403" elapsed="0.082188"/>
</kw>
<kw name="Set Variable" owner="BuiltIn">
<msg time="2024-06-16T11:12:40.488432" level="INFO">${json_data} = {'results': [{'gender': 'male', 'name': {'title': 'Mr', 'first': 'Budimil', 'last': 'Kantorovich'}, 'location': {'street': {'number': 4651, 'name': 'Holodna'}, 'city': 'Slavutich', 'state': 'Kirovogra...</msg>
<var>${json_data}</var>
<arg>${response.json()}</arg>
<doc>Returns the given values which can then be assigned to a variables.</doc>
<status status="PASS" start="2024-06-16T11:12:40.487965" elapsed="0.000496"/>
</kw>
<kw name="Log" owner="BuiltIn">
<msg time="2024-06-16T11:12:40.488920" level="INFO">{'results': [{'gender': 'male', 'name': {'title': 'Mr', 'first': 'Budimil', 'last': 'Kantorovich'}, 'location': {'street': {'number': 4651, 'name': 'Holodna'}, 'city': 'Slavutich', 'state': 'Kirovogradska', 'country': 'Ukraine', 'postcode': 64656, 'coordinates': {'latitude': '81.4156', 'longitude': '-70.1817'}, 'timezone': {'offset': '+11:00', 'description': 'Magadan, Solomon Islands, New Caledonia'}}, 'email': 'budimil.kantorovich@example.com', 'login': {'uuid': '15f7ec79-1381-4fda-8f92-c9fcfe7715f6', 'username': 'organicdog791', 'password': 'woodman', 'salt': 'enFg8ZNU', 'md5': '734dd458a7a803eb85d1a961344b9373', 'sha1': 'b39c1e7b540636d9be99b50ee38b5aedf5e7aed5', 'sha256': 'ac995d0a0b900077686653084d5739b0a79aca8f305ffa9a9d45e81dd5b7ae5f'}, 'dob': {'date': '1978-05-26T21:28:53.824Z', 'age': 46}, 'registered': {'date': '2021-05-21T20:37:16.032Z', 'age': 3}, 'phone': '(099) X44-0393', 'cell': '(068) B34-7523', 'id': {'name': '', 'value': None}, 'picture': {'large': 'https://randomuser.me/api/portraits/men/78.jpg', 'medium': 'https://randomuser.me/api/portraits/med/men/78.jpg', 'thumbnail': 'https://randomuser.me/api/portraits/thumb/men/78.jpg'}, 'nat': 'UA'}], 'info': {'seed': '641c75bd63ee9c49', 'results': 1, 'page': 1, 'version': '1.4'}}</msg>
<arg>${json_data}</arg>
<doc>Logs the given message with the given level.</doc>
<status status="PASS" start="2024-06-16T11:12:40.488763" elapsed="0.000221"/>
</kw>
<kw name="Dictionary Should Contain Key" owner="Collections">
<arg>${json_data}</arg>
<arg>results</arg>
<doc>Fails if ``key`` is not found from ``dictionary``.</doc>
<status status="PASS" start="2024-06-16T11:12:40.489277" elapsed="0.000157"/>
</kw>
<kw name="Should Not Be Empty" owner="BuiltIn">
<msg time="2024-06-16T11:12:40.489747" level="INFO">Length is 2.</msg>
<arg>${json_data}</arg>
<doc>Verifies that the given item is not empty.</doc>
<status status="PASS" start="2024-06-16T11:12:40.489623" elapsed="0.000162"/>
</kw>
<kw name="Create List" owner="BuiltIn">
<msg time="2024-06-16T11:12:40.490232" level="INFO">${expected_keys} = ['gender', 'name', 'location', 'email', 'login']</msg>
<var>${expected_keys}</var>
<arg>gender</arg>
<arg>name</arg>
<arg>location</arg>
<arg>email</arg>
<arg>login</arg>
<doc>Returns a list containing given items.</doc>
<status status="PASS" start="2024-06-16T11:12:40.490079" elapsed="0.000177"/>
</kw>
<for flavor="IN">
<iter>
<kw name="Dictionary Should Contain Key" owner="Collections">
<arg>${json_data['results'][0]}</arg>
<arg>${key}</arg>
<doc>Fails if ``key`` is not found from ``dictionary``.</doc>
<status status="PASS" start="2024-06-16T11:12:40.490969" elapsed="0.000440"/>
</kw>
<kw name="Log" owner="BuiltIn">
<msg time="2024-06-16T11:12:40.491954" level="INFO">{'gender': 'male', 'name': {'title': 'Mr', 'first': 'Budimil', 'last': 'Kantorovich'}, 'location': {'street': {'number': 4651, 'name': 'Holodna'}, 'city': 'Slavutich', 'state': 'Kirovogradska', 'country': 'Ukraine', 'postcode': 64656, 'coordinates': {'latitude': '81.4156', 'longitude': '-70.1817'}, 'timezone': {'offset': '+11:00', 'description': 'Magadan, Solomon Islands, New Caledonia'}}, 'email': 'budimil.kantorovich@example.com', 'login': {'uuid': '15f7ec79-1381-4fda-8f92-c9fcfe7715f6', 'username': 'organicdog791', 'password': 'woodman', 'salt': 'enFg8ZNU', 'md5': '734dd458a7a803eb85d1a961344b9373', 'sha1': 'b39c1e7b540636d9be99b50ee38b5aedf5e7aed5', 'sha256': 'ac995d0a0b900077686653084d5739b0a79aca8f305ffa9a9d45e81dd5b7ae5f'}, 'dob': {'date': '1978-05-26T21:28:53.824Z', 'age': 46}, 'registered': {'date': '2021-05-21T20:37:16.032Z', 'age': 3}, 'phone': '(099) X44-0393', 'cell': '(068) B34-7523', 'id': {'name': '', 'value': None}, 'picture': {'large': 'https://randomuser.me/api/portraits/men/78.jpg', 'medium': 'https://randomuser.me/api/portraits/med/men/78.jpg', 'thumbnail': 'https://randomuser.me/api/portraits/thumb/men/78.jpg'}, 'nat': 'UA'}</msg>
<arg>${json_data['results'][0]}</arg>
<doc>Logs the given message with the given level.</doc>
<status status="PASS" start="2024-06-16T11:12:40.491598" elapsed="0.000403"/>
</kw>
<kw name="Log" owner="BuiltIn">
<msg time="2024-06-16T11:12:40.492427" level="INFO">gender</msg>
<arg>${key}</arg>
<doc>Logs the given message with the given level.</doc>
<status status="PASS" start="2024-06-16T11:12:40.492298" elapsed="0.000167"/>
</kw>
<var name="${key}">gender</var>
<status status="PASS" start="2024-06-16T11:12:40.490841" elapsed="0.001843"/>
</iter>
<iter>
<kw name="Dictionary Should Contain Key" owner="Collections">
<arg>${json_data['results'][0]}</arg>
<arg>${key}</arg>
<doc>Fails if ``key`` is not found from ``dictionary``.</doc>
<status status="PASS" start="2024-06-16T11:12:40.492984" elapsed="0.000388"/>
</kw>
<kw name="Log" owner="BuiltIn">
<msg time="2024-06-16T11:12:40.493907" level="INFO">{'gender': 'male', 'name': {'title': 'Mr', 'first': 'Budimil', 'last': 'Kantorovich'}, 'location': {'street': {'number': 4651, 'name': 'Holodna'}, 'city': 'Slavutich', 'state': 'Kirovogradska', 'country': 'Ukraine', 'postcode': 64656, 'coordinates': {'latitude': '81.4156', 'longitude': '-70.1817'}, 'timezone': {'offset': '+11:00', 'description': 'Magadan, Solomon Islands, New Caledonia'}}, 'email': 'budimil.kantorovich@example.com', 'login': {'uuid': '15f7ec79-1381-4fda-8f92-c9fcfe7715f6', 'username': 'organicdog791', 'password': 'woodman', 'salt': 'enFg8ZNU', 'md5': '734dd458a7a803eb85d1a961344b9373', 'sha1': 'b39c1e7b540636d9be99b50ee38b5aedf5e7aed5', 'sha256': 'ac995d0a0b900077686653084d5739b0a79aca8f305ffa9a9d45e81dd5b7ae5f'}, 'dob': {'date': '1978-05-26T21:28:53.824Z', 'age': 46}, 'registered': {'date': '2021-05-21T20:37:16.032Z', 'age': 3}, 'phone': '(099) X44-0393', 'cell': '(068) B34-7523', 'id': {'name': '', 'value': None}, 'picture': {'large': 'https://randomuser.me/api/portraits/men/78.jpg', 'medium': 'https://randomuser.me/api/portraits/med/men/78.jpg', 'thumbnail': 'https://randomuser.me/api/portraits/thumb/men/78.jpg'}, 'nat': 'UA'}</msg>
<arg>${json_data['results'][0]}</arg>
<doc>Logs the given message with the given level.</doc>
<status status="PASS" start="2024-06-16T11:12:40.493562" elapsed="0.000423"/>
</kw>
<kw name="Log" owner="BuiltIn">
<msg time="2024-06-16T11:12:40.494407" level="INFO">name</msg>
<arg>${key}</arg>
<doc>Logs the given message with the given level.</doc>
<status status="PASS" start="2024-06-16T11:12:40.494280" elapsed="0.000165"/>
</kw>
<var name="${key}">name</var>
<status status="PASS" start="2024-06-16T11:12:40.492872" elapsed="0.001791"/>
</iter>
<iter>
<kw name="Dictionary Should Contain Key" owner="Collections">
<arg>${json_data['results'][0]}</arg>
<arg>${key}</arg>
<doc>Fails if ``key`` is not found from ``dictionary``.</doc>
<status status="PASS" start="2024-06-16T11:12:40.494950" elapsed="0.000419"/>
</kw>
<kw name="Log" owner="BuiltIn">
<msg time="2024-06-16T11:12:40.495902" level="INFO">{'gender': 'male', 'name': {'title': 'Mr', 'first': 'Budimil', 'last': 'Kantorovich'}, 'location': {'street': {'number': 4651, 'name': 'Holodna'}, 'city': 'Slavutich', 'state': 'Kirovogradska', 'country': 'Ukraine', 'postcode': 64656, 'coordinates': {'latitude': '81.4156', 'longitude': '-70.1817'}, 'timezone': {'offset': '+11:00', 'description': 'Magadan, Solomon Islands, New Caledonia'}}, 'email': 'budimil.kantorovich@example.com', 'login': {'uuid': '15f7ec79-1381-4fda-8f92-c9fcfe7715f6', 'username': 'organicdog791', 'password': 'woodman', 'salt': 'enFg8ZNU', 'md5': '734dd458a7a803eb85d1a961344b9373', 'sha1': 'b39c1e7b540636d9be99b50ee38b5aedf5e7aed5', 'sha256': 'ac995d0a0b900077686653084d5739b0a79aca8f305ffa9a9d45e81dd5b7ae5f'}, 'dob': {'date': '1978-05-26T21:28:53.824Z', 'age': 46}, 'registered': {'date': '2021-05-21T20:37:16.032Z', 'age': 3}, 'phone': '(099) X44-0393', 'cell': '(068) B34-7523', 'id': {'name': '', 'value': None}, 'picture': {'large': 'https://randomuser.me/api/portraits/men/78.jpg', 'medium': 'https://randomuser.me/api/portraits/med/men/78.jpg', 'thumbnail': 'https://randomuser.me/api/portraits/thumb/men/78.jpg'}, 'nat': 'UA'}</msg>
<arg>${json_data['results'][0]}</arg>
<doc>Logs the given message with the given level.</doc>
<status status="PASS" start="2024-06-16T11:12:40.495555" elapsed="0.000393"/>
</kw>
<kw name="Log" owner="BuiltIn">
<msg time="2024-06-16T11:12:40.496367" level="INFO">location</msg>
<arg>${key}</arg>
<doc>Logs the given message with the given level.</doc>
<status status="PASS" start="2024-06-16T11:12:40.496240" elapsed="0.000164"/>
</kw>
<var name="${key}">location</var>
<status status="PASS" start="2024-06-16T11:12:40.494841" elapsed="0.001781"/>
</iter>
<iter>
<kw name="Dictionary Should Contain Key" owner="Collections">
<arg>${json_data['results'][0]}</arg>
<arg>${key}</arg>
<doc>Fails if ``key`` is not found from ``dictionary``.</doc>
<status status="PASS" start="2024-06-16T11:12:40.496902" elapsed="0.000383"/>
</kw>
<kw name="Log" owner="BuiltIn">
<msg time="2024-06-16T11:12:40.497811" level="INFO">{'gender': 'male', 'name': {'title': 'Mr', 'first': 'Budimil', 'last': 'Kantorovich'}, 'location': {'street': {'number': 4651, 'name': 'Holodna'}, 'city': 'Slavutich', 'state': 'Kirovogradska', 'country': 'Ukraine', 'postcode': 64656, 'coordinates': {'latitude': '81.4156', 'longitude': '-70.1817'}, 'timezone': {'offset': '+11:00', 'description': 'Magadan, Solomon Islands, New Caledonia'}}, 'email': 'budimil.kantorovich@example.com', 'login': {'uuid': '15f7ec79-1381-4fda-8f92-c9fcfe7715f6', 'username': 'organicdog791', 'password': 'woodman', 'salt': 'enFg8ZNU', 'md5': '734dd458a7a803eb85d1a961344b9373', 'sha1': 'b39c1e7b540636d9be99b50ee38b5aedf5e7aed5', 'sha256': 'ac995d0a0b900077686653084d5739b0a79aca8f305ffa9a9d45e81dd5b7ae5f'}, 'dob': {'date': '1978-05-26T21:28:53.824Z', 'age': 46}, 'registered': {'date': '2021-05-21T20:37:16.032Z', 'age': 3}, 'phone': '(099) X44-0393', 'cell': '(068) B34-7523', 'id': {'name': '', 'value': None}, 'picture': {'large': 'https://randomuser.me/api/portraits/men/78.jpg', 'medium': 'https://randomuser.me/api/portraits/med/men/78.jpg', 'thumbnail': 'https://randomuser.me/api/portraits/thumb/men/78.jpg'}, 'nat': 'UA'}</msg>
<arg>${json_data['results'][0]}</arg>
<doc>Logs the given message with the given level.</doc>
<status status="PASS" start="2024-06-16T11:12:40.497468" elapsed="0.000399"/>
</kw>
<kw name="Log" owner="BuiltIn">
<msg time="2024-06-16T11:12:40.498294" level="INFO">email</msg>
<arg>${key}</arg>
<doc>Logs the given message with the given level.</doc>
<status status="PASS" start="2024-06-16T11:12:40.498166" elapsed="0.000167"/>
</kw>
<var name="${key}">email</var>
<status status="PASS" start="2024-06-16T11:12:40.496795" elapsed="0.001754"/>
</iter>
<iter>
<kw name="Dictionary Should Contain Key" owner="Collections">
<arg>${json_data['results'][0]}</arg>
<arg>${key}</arg>
<doc>Fails if ``key`` is not found from ``dictionary``.</doc>
<status status="PASS" start="2024-06-16T11:12:40.498831" elapsed="0.000427"/>
</kw>
<kw name="Log" owner="BuiltIn">
<msg time="2024-06-16T11:12:40.499793" level="INFO">{'gender': 'male', 'name': {'title': 'Mr', 'first': 'Budimil', 'last': 'Kantorovich'}, 'location': {'street': {'number': 4651, 'name': 'Holodna'}, 'city': 'Slavutich', 'state': 'Kirovogradska', 'country': 'Ukraine', 'postcode': 64656, 'coordinates': {'latitude': '81.4156', 'longitude': '-70.1817'}, 'timezone': {'offset': '+11:00', 'description': 'Magadan, Solomon Islands, New Caledonia'}}, 'email': 'budimil.kantorovich@example.com', 'login': {'uuid': '15f7ec79-1381-4fda-8f92-c9fcfe7715f6', 'username': 'organicdog791', 'password': 'woodman', 'salt': 'enFg8ZNU', 'md5': '734dd458a7a803eb85d1a961344b9373', 'sha1': 'b39c1e7b540636d9be99b50ee38b5aedf5e7aed5', 'sha256': 'ac995d0a0b900077686653084d5739b0a79aca8f305ffa9a9d45e81dd5b7ae5f'}, 'dob': {'date': '1978-05-26T21:28:53.824Z', 'age': 46}, 'registered': {'date': '2021-05-21T20:37:16.032Z', 'age': 3}, 'phone': '(099) X44-0393', 'cell': '(068) B34-7523', 'id': {'name': '', 'value': None}, 'picture': {'large': 'https://randomuser.me/api/portraits/men/78.jpg', 'medium': 'https://randomuser.me/api/portraits/med/men/78.jpg', 'thumbnail': 'https://randomuser.me/api/portraits/thumb/men/78.jpg'}, 'nat': 'UA'}</msg>
<arg>${json_data['results'][0]}</arg>
<doc>Logs the given message with the given level.</doc>
<status status="PASS" start="2024-06-16T11:12:40.499445" elapsed="0.000404"/>
</kw>
<kw name="Log" owner="BuiltIn">
<msg time="2024-06-16T11:12:40.500267" level="INFO">login</msg>
<arg>${key}</arg>
<doc>Logs the given message with the given level.</doc>
<status status="PASS" start="2024-06-16T11:12:40.500141" elapsed="0.000163"/>
</kw>
<var name="${key}">login</var>
<status status="PASS" start="2024-06-16T11:12:40.498723" elapsed="0.001794"/>
</iter>
<var>${key}</var>
<value>@{expected_keys}</value>
<status status="PASS" start="2024-06-16T11:12:40.490654" elapsed="0.009984"/>
</for>
<kw name="Create List" owner="BuiltIn">
<msg time="2024-06-16T11:12:40.500969" level="INFO">${expected_keysTwo} = ['username', 'password']</msg>
<var>${expected_keysTwo}</var>
<arg>username</arg>
<arg>password</arg>
<doc>Returns a list containing given items.</doc>
<status status="PASS" start="2024-06-16T11:12:40.500828" elapsed="0.000191"/>
</kw>
<for flavor="IN">
<iter>
<kw name="Dictionary Should Contain Key" owner="Collections">
<arg>${json_data['results'][0]['login']}</arg>
<arg>${keyTwo}</arg>
<doc>Fails if ``key`` is not found from ``dictionary``.</doc>
<status status="PASS" start="2024-06-16T11:12:40.501518" elapsed="0.000390"/>
</kw>
<kw name="Dictionary Should Contain Key" owner="Collections">
<arg>${json_data['results'][0]['login']}</arg>
<arg>${keyTwo}</arg>
<doc>Fails if ``key`` is not found from ``dictionary``.</doc>
<status status="PASS" start="2024-06-16T11:12:40.502090" elapsed="0.000373"/>
</kw>
<kw name="Log" owner="BuiltIn">
<msg time="2024-06-16T11:12:40.502760" level="INFO">username</msg>
<arg>${keyTwo}</arg>
<doc>Logs the given message with the given level.</doc>
<status status="PASS" start="2024-06-16T11:12:40.502642" elapsed="0.000160"/>
</kw>
<var name="${keyTwo}">username</var>
<status status="PASS" start="2024-06-16T11:12:40.501412" elapsed="0.001634"/>
</iter>
<iter>
<kw name="Dictionary Should Contain Key" owner="Collections">
<arg>${json_data['results'][0]['login']}</arg>
<arg>${keyTwo}</arg>
<doc>Fails if ``key`` is not found from ``dictionary``.</doc>
<status status="PASS" start="2024-06-16T11:12:40.503333" elapsed="0.000379"/>
</kw>
<kw name="Dictionary Should Contain Key" owner="Collections">
<arg>${json_data['results'][0]['login']}</arg>
<arg>${keyTwo}</arg>
<doc>Fails if ``key`` is not found from ``dictionary``.</doc>
<status status="PASS" start="2024-06-16T11:12:40.503891" elapsed="0.000371"/>
</kw>
<kw name="Log" owner="BuiltIn">
<msg time="2024-06-16T11:12:40.504553" level="INFO">password</msg>
<arg>${keyTwo}</arg>
<doc>Logs the given message with the given level.</doc>
<status status="PASS" start="2024-06-16T11:12:40.504435" elapsed="0.000153"/>
</kw>
<var name="${keyTwo}">password</var>
<status status="PASS" start="2024-06-16T11:12:40.503226" elapsed="0.001578"/>
</iter>
<var>${keyTwo}</var>
<value>@{expected_keysTwo}</value>
<status status="PASS" start="2024-06-16T11:12:40.501262" elapsed="0.003661"/>
</for>
<status status="PASS" start="2024-06-16T11:12:40.405166" elapsed="0.099896"/>
</kw>
<doc>Testa a estrutura da resposta da API.</doc>
<tag>testeEstruturaResposta</tag>
<status status="PASS" start="2024-06-16T11:12:40.404658" elapsed="0.100554"/>
</test>
<test id="s1-s1-t4" name="Validar tipos de dados" line="28">
<kw name="Teste de Tipos de Dados" owner="random-user-service">
<kw name="GET On Session" owner="RequestsLibrary">
<msg time="2024-06-16T11:12:40.588905" level="INFO">GET Request : url=https://randomuser.me/api 
 path_url=/api 
 headers={'User-Agent': 'python-requests/2.32.3', 'Accept-Encoding': 'gzip, deflate', 'Accept': '*/*', 'Connection': 'keep-alive'} 
 body=None 
 </msg>
<msg time="2024-06-16T11:12:40.588987" level="INFO">GET Response : url=https://randomuser.me/api 
 status=200, reason=OK 
 headers={'Date': 'Sun, 16 Jun 2024 11:12:40 GMT', 'Content-Type': 'application/json; charset=utf-8', 'Transfer-Encoding': 'chunked', 'Connection': 'keep-alive', 'X-Powered-By': 'Express', 'Access-Control-Allow-Origin': '*', 'Cache-Control': 'no-cache', 'ETag': 'W/"4a0-Y650j23Fr/b0lBUNze3sv+rIfXI"', 'Vary': 'Accept-Encoding', 'Content-Encoding': 'gzip', 'CF-Cache-Status': 'DYNAMIC', 'Report-To': '{"endpoints":[{"url":"https:\\/\\/a.nel.cloudflare.com\\/report\\/v4?s=5IoiLoCqsjomjiAmOZn99LVeDIcGyH7Fw47RuTRNRQ0yarylzFCClDGGQ%2FtfoYcv5w14QbPJpI4QkAcUBDmJqhg3mcFMSTIv0VwiO4PplgqVrqbU2h4IywNHK4WtJbVN"}],"group":"cf-nel","max_age":604800}', 'NEL': '{"success_fraction":0,"report_to":"cf-nel","max_age":604800}', 'Server': 'cloudflare', 'CF-RAY': '894a5dbd2d3c5ae0-IAD', 'alt-svc': 'h3=":443"; ma=86400'} 
 body={"results":[{"gender":"female","name":{"title":"Mrs","first":"Maurícia","last":"Oliveira"},"location":{"street":{"number":1927,"name":"Rua da Saudade"},"city":"São Gonçalo","state":"Alagoas","country":"Brazil","postcode":19187,"coordinates":{"latitude":"-78.9012","longitude":"103.3648"},"timezone":{"offset":"+2:00","description":"Kaliningrad, South Africa"}},"email":"mauricia.oliveira@example.com","login":{"uuid":"ab7833d0-1b88-4f04-959a-fdf94fa90cf3","username":"purplewolf861","password":"modles","salt":"SGI0crhw","md5":"a2d0deff24b947a4cb3ae60043ef3cc7","sha1":"207f11dff107343d245ab78b130420f66afea85b","sha256":"8cf7b454270d8b2c67dba66d7208ea302258e8ea20874c6392e47376faff8703"},"dob":{"date":"1999-12-18T21:27:48.457Z","age":24},"registered":{"date":"2013-08-30T08:33:58.771Z","age":10},"phone":"(96) 6079-2378","cell":"(35) 9631-1115","id":{"name":"CPF","value":"722.115.639-77"},"picture":{"large":"https://randomuser.me/api/portraits/women/25.jpg","medium":"https://randomuser.me/api/portraits/med/women/25.jpg","thumbnail":"https://randomuser.me/api/portraits/thumb/women/25.jpg"},"nat":"BR"}],"info":{"seed":"4d9aeeed23567181","results":1,"page":1,"version":"1.4"}} 
 </msg>
<msg time="2024-06-16T11:12:40.589063" level="INFO">/opt/hostedtoolcache/Python/3.12.3/x64/lib/python3.12/site-packages/urllib3/connectionpool.py:1103: InsecureRequestWarning: Unverified HTTPS request is being made to host 'randomuser.me'. Adding certificate verification is strongly advised. See: https://urllib3.readthedocs.io/en/latest/advanced-usage.html#tls-warnings
  warnings.warn(</msg>
<msg time="2024-06-16T11:12:40.589193" level="INFO">${response} = &lt;Response [200]&gt;</msg>
<var>${response}</var>
<arg>consultarAPI</arg>
<arg>/api</arg>
<doc>Sends a GET request on a previously created HTTP Session.</doc>
<status status="PASS" start="2024-06-16T11:12:40.507731" elapsed="0.081515"/>
</kw>
<kw name="Set Variable" owner="BuiltIn">
<msg time="2024-06-16T11:12:40.590152" level="INFO">${json_data} = {'results': [{'gender': 'female', 'name': {'title': 'Mrs', 'first': 'Maurícia', 'last': 'Oliveira'}, 'location': {'street': {'number': 1927, 'name': 'Rua da Saudade'}, 'city': 'São Gonçalo', 'state': ...</msg>
<var>${json_data}</var>
<arg>${response.json()}</arg>
<doc>Returns the given values which can then be assigned to a variables.</doc>
<status status="PASS" start="2024-06-16T11:12:40.589678" elapsed="0.000504"/>
</kw>
<kw name="Log" owner="BuiltIn">
<msg time="2024-06-16T11:12:40.590653" level="INFO">{'results': [{'gender': 'female', 'name': {'title': 'Mrs', 'first': 'Maurícia', 'last': 'Oliveira'}, 'location': {'street': {'number': 1927, 'name': 'Rua da Saudade'}, 'city': 'São Gonçalo', 'state': 'Alagoas', 'country': 'Brazil', 'postcode': 19187, 'coordinates': {'latitude': '-78.9012', 'longitude': '103.3648'}, 'timezone': {'offset': '+2:00', 'description': 'Kaliningrad, South Africa'}}, 'email': 'mauricia.oliveira@example.com', 'login': {'uuid': 'ab7833d0-1b88-4f04-959a-fdf94fa90cf3', 'username': 'purplewolf861', 'password': 'modles', 'salt': 'SGI0crhw', 'md5': 'a2d0deff24b947a4cb3ae60043ef3cc7', 'sha1': '207f11dff107343d245ab78b130420f66afea85b', 'sha256': '8cf7b454270d8b2c67dba66d7208ea302258e8ea20874c6392e47376faff8703'}, 'dob': {'date': '1999-12-18T21:27:48.457Z', 'age': 24}, 'registered': {'date': '2013-08-30T08:33:58.771Z', 'age': 10}, 'phone': '(96) 6079-2378', 'cell': '(35) 9631-1115', 'id': {'name': 'CPF', 'value': '722.115.639-77'}, 'picture': {'large': 'https://randomuser.me/api/portraits/women/25.jpg', 'medium': 'https://randomuser.me/api/portraits/med/women/25.jpg', 'thumbnail': 'https://randomuser.me/api/portraits/thumb/women/25.jpg'}, 'nat': 'BR'}], 'info': {'seed': '4d9aeeed23567181', 'results': 1, 'page': 1, 'version': '1.4'}}</msg>
<arg>${json_data}</arg>
<doc>Logs the given message with the given level.</doc>
<status status="PASS" start="2024-06-16T11:12:40.590495" elapsed="0.000206"/>
</kw>
<kw name="Should Be String" owner="String">
<arg>${json_data['results'][0]['gender']}</arg>
<doc>Fails if the given ``item`` is not a string.</doc>
<status status="PASS" start="2024-06-16T11:12:40.591031" elapsed="0.000377"/>
</kw>
<kw name="Should Match Regexp" owner="BuiltIn">
<arg>${json_data['results'][0]['email']}</arg>
<arg>^[a-zA-Z0-9._%+-]+@[a-zA-Z0-9.-]+\.[a-zA-Z]{2,}$</arg>
<doc>Fails if ``string`` does not match ``pattern`` as a regular expression.</doc>
<status status="PASS" start="2024-06-16T11:12:40.591599" elapsed="0.000559"/>
</kw>
<kw name="Should Match Regexp" owner="BuiltIn">
<arg>${json_data['results'][0]['dob']['date']}</arg>
<arg>\\d{4}-\\d{2}-\\d{2}T\\d{2}:\\d{2}:\\d{2}\\.\\d{3}Z</arg>
<doc>Fails if ``string`` does not match ``pattern`` as a regular expression.</doc>
<status status="PASS" start="2024-06-16T11:12:40.592356" elapsed="0.000488"/>
</kw>
<kw name="Should Match Regexp" owner="BuiltIn">
<arg>${json_data['results'][0]['registered']['date']}</arg>
<arg>\\d{4}-\\d{2}-\\d{2}T\\d{2}:\\d{2}:\\d{2}\\.\\d{3}Z</arg>
<doc>Fails if ``string`` does not match ``pattern`` as a regular expression.</doc>
<status status="PASS" start="2024-06-16T11:12:40.593036" elapsed="0.000371"/>
</kw>
<kw name="Should Match Regexp" owner="BuiltIn">
<arg>${json_data['results'][0]['picture']['large']}</arg>
<arg>^https?://.*\.(?:png|jpe?g|gif|bmp)$</arg>
<doc>Fails if ``string`` does not match ``pattern`` as a regular expression.</doc>
<status status="PASS" start="2024-06-16T11:12:40.593593" elapsed="0.000459"/>
</kw>
<kw name="Should Match Regexp" owner="BuiltIn">
<arg>${json_data['results'][0]['picture']['medium']}</arg>
<arg>^https?://.*\.(?:png|jpe?g|gif|bmp)$</arg>
<doc>Fails if ``string`` does not match ``pattern`` as a regular expression.</doc>
<status status="PASS" start="2024-06-16T11:12:40.594240" elapsed="0.000353"/>
</kw>
<kw name="Should Match Regexp" owner="BuiltIn">
<arg>${json_data['results'][0]['picture']['thumbnail']}</arg>
<arg>^https?://.*\.(?:png|jpe?g|gif|bmp)$</arg>
<doc>Fails if ``string`` does not match ``pattern`` as a regular expression.</doc>
<status status="PASS" start="2024-06-16T11:12:40.594778" elapsed="0.000380"/>
</kw>
<kw name="Log" owner="BuiltIn">
<msg time="2024-06-16T11:12:40.595667" level="INFO">{'large': 'https://randomuser.me/api/portraits/women/25.jpg', 'medium': 'https://randomuser.me/api/portraits/med/women/25.jpg', 'thumbnail': 'https://randomuser.me/api/portraits/thumb/women/25.jpg'}</msg>
<arg>${json_data['results'][0]['picture']}</arg>
<doc>Logs the given message with the given level.</doc>
<status status="PASS" start="2024-06-16T11:12:40.595338" elapsed="0.000371"/>
</kw>
<status status="PASS" start="2024-06-16T11:12:40.507507" elapsed="0.088461"/>
</kw>
<kw name="Teste de Tipos de Dados - Postcode" owner="random-user-service">
<kw name="GET On Session" owner="RequestsLibrary">
<msg time="2024-06-16T11:12:40.689944" level="INFO">GET Request : url=https://randomuser.me/api 
 path_url=/api 
 headers={'User-Agent': 'python-requests/2.32.3', 'Accept-Encoding': 'gzip, deflate', 'Accept': '*/*', 'Connection': 'keep-alive'} 
 body=None 
 </msg>
<msg time="2024-06-16T11:12:40.690040" level="INFO">GET Response : url=https://randomuser.me/api 
 status=200, reason=OK 
 headers={'Date': 'Sun, 16 Jun 2024 11:12:40 GMT', 'Content-Type': 'application/json; charset=utf-8', 'Transfer-Encoding': 'chunked', 'Connection': 'keep-alive', 'X-Powered-By': 'Express', 'Access-Control-Allow-Origin': '*', 'Cache-Control': 'no-cache', 'ETag': 'W/"485-41reOlW8uvt8NzV8KzQFLvC7xqE"', 'Vary': 'Accept-Encoding', 'Content-Encoding': 'gzip', 'CF-Cache-Status': 'DYNAMIC', 'Report-To': '{"endpoints":[{"url":"https:\\/\\/a.nel.cloudflare.com\\/report\\/v4?s=Mau%2FvE22%2BJuqKiMM%2BlsR3vrDCyGATIoYJwmhvOUxvgCzSa6%2B3T4cO8QomQqPiIwvwoF2AOIx0TozveMLAtLABwsZXA6jijw5PBoBg8CR8A6QZW643vMPMMtq5yxsXxlZ"}],"group":"cf-nel","max_age":604800}', 'NEL': '{"success_fraction":0,"report_to":"cf-nel","max_age":604800}', 'Server': 'cloudflare', 'CF-RAY': '894a5dbdbd945ae0-IAD', 'alt-svc': 'h3=":443"; ma=86400'} 
 body={"results":[{"gender":"male","name":{"title":"Mr","first":"Mstivoy","last":"Korbutyak"},"location":{"street":{"number":4822,"name":"Nikopolskiy prospekt"},"city":"Shargorod","state":"Lvivska","country":"Ukraine","postcode":57636,"coordinates":{"latitude":"78.6000","longitude":"-157.6884"},"timezone":{"offset":"-12:00","description":"Eniwetok, Kwajalein"}},"email":"mstivoy.korbutyak@example.com","login":{"uuid":"96079f88-c01d-4465-b29d-77a5d02f3a63","username":"organicswan548","password":"beatle","salt":"Uag1pzwC","md5":"c2f752d2ad95fa9e823e45a3d7a397a8","sha1":"b5d541410f0d661c0455a49733b9d7ac9c84e359","sha256":"e479ad21880d5fb3787076c4259fd63268e7a1af658d7a51f67661a20ced9fec"},"dob":{"date":"1970-03-21T17:01:59.808Z","age":54},"registered":{"date":"2015-09-24T07:05:47.239Z","age":8},"phone":"(099) B19-2631","cell":"(067) W48-2456","id":{"name":"","value":null},"picture":{"large":"https://randomuser.me/api/portraits/men/34.jpg","medium":"https://randomuser.me/api/portraits/med/men/34.jpg","thumbnail":"https://randomuser.me/api/portraits/thumb/men/34.jpg"},"nat":"UA"}],"info":{"seed":"117d54cbe681f4e1","results":1,"page":1,"version":"1.4"}} 
 </msg>
<msg time="2024-06-16T11:12:40.690109" level="INFO">/opt/hostedtoolcache/Python/3.12.3/x64/lib/python3.12/site-packages/urllib3/connectionpool.py:1103: InsecureRequestWarning: Unverified HTTPS request is being made to host 'randomuser.me'. Adding certificate verification is strongly advised. See: https://urllib3.readthedocs.io/en/latest/advanced-usage.html#tls-warnings
  warnings.warn(</msg>
<msg time="2024-06-16T11:12:40.690246" level="INFO">${response} = &lt;Response [200]&gt;</msg>
<var>${response}</var>
<arg>consultarAPI</arg>
<arg>/api</arg>
<doc>Sends a GET request on a previously created HTTP Session.</doc>
<status status="PASS" start="2024-06-16T11:12:40.596406" elapsed="0.093886"/>
</kw>
<kw name="Set Variable" owner="BuiltIn">
<msg time="2024-06-16T11:12:40.691348" level="INFO">${json_data} = {'results': [{'gender': 'male', 'name': {'title': 'Mr', 'first': 'Mstivoy', 'last': 'Korbutyak'}, 'location': {'street': {'number': 4822, 'name': 'Nikopolskiy prospekt'}, 'city': 'Shargorod', 'state':...</msg>
<var>${json_data}</var>
<arg>${response.json()}</arg>
<doc>Returns the given values which can then be assigned to a variables.</doc>
<status status="PASS" start="2024-06-16T11:12:40.690786" elapsed="0.000593"/>
</kw>
<kw name="Log" owner="BuiltIn">
<msg time="2024-06-16T11:12:40.691841" level="INFO">{'results': [{'gender': 'male', 'name': {'title': 'Mr', 'first': 'Mstivoy', 'last': 'Korbutyak'}, 'location': {'street': {'number': 4822, 'name': 'Nikopolskiy prospekt'}, 'city': 'Shargorod', 'state': 'Lvivska', 'country': 'Ukraine', 'postcode': 57636, 'coordinates': {'latitude': '78.6000', 'longitude': '-157.6884'}, 'timezone': {'offset': '-12:00', 'description': 'Eniwetok, Kwajalein'}}, 'email': 'mstivoy.korbutyak@example.com', 'login': {'uuid': '96079f88-c01d-4465-b29d-77a5d02f3a63', 'username': 'organicswan548', 'password': 'beatle', 'salt': 'Uag1pzwC', 'md5': 'c2f752d2ad95fa9e823e45a3d7a397a8', 'sha1': 'b5d541410f0d661c0455a49733b9d7ac9c84e359', 'sha256': 'e479ad21880d5fb3787076c4259fd63268e7a1af658d7a51f67661a20ced9fec'}, 'dob': {'date': '1970-03-21T17:01:59.808Z', 'age': 54}, 'registered': {'date': '2015-09-24T07:05:47.239Z', 'age': 8}, 'phone': '(099) B19-2631', 'cell': '(067) W48-2456', 'id': {'name': '', 'value': None}, 'picture': {'large': 'https://randomuser.me/api/portraits/men/34.jpg', 'medium': 'https://randomuser.me/api/portraits/med/men/34.jpg', 'thumbnail': 'https://randomuser.me/api/portraits/thumb/men/34.jpg'}, 'nat': 'UA'}], 'info': {'seed': '117d54cbe681f4e1', 'results': 1, 'page': 1, 'version': '1.4'}}</msg>
<arg>${json_data}</arg>
<doc>Logs the given message with the given level.</doc>
<status status="PASS" start="2024-06-16T11:12:40.691685" elapsed="0.000202"/>
</kw>
<kw name="Should Be Equal As Numbers" owner="BuiltIn">
<arg>${json_data['results'][0]['location']['postcode']}</arg>
<arg>${json_data['results'][0]['location']['postcode']}</arg>
<doc>Fails if objects are unequal after converting them to real numbers.</doc>
<status status="PASS" start="2024-06-16T11:12:40.692184" elapsed="0.000618"/>
</kw>
<kw name="Log" owner="BuiltIn">
<msg time="2024-06-16T11:12:40.693339" level="INFO">57636</msg>
<arg>${json_data['results'][0]['location']['postcode']}</arg>
<doc>Logs the given message with the given level.</doc>
<status status="PASS" start="2024-06-16T11:12:40.692999" elapsed="0.000414"/>
</kw>
<status status="PASS" start="2024-06-16T11:12:40.596184" elapsed="0.097485"/>
</kw>
<doc>Testa se os tipos de dados na resposta da API estão corretos.</doc>
<tag>testeTiposDados</tag>
<status status="PASS" start="2024-06-16T11:12:40.506936" elapsed="0.186903"/>
</test>
<test id="s1-s1-t5" name="Validar conteudo" line="35">
<kw name="Teste de Tipos de Conteudo" owner="random-user-service">
<kw name="GET On Session" owner="RequestsLibrary">
<msg time="2024-06-16T11:12:40.788231" level="INFO">GET Request : url=https://randomuser.me/api 
 path_url=/api 
 headers={'User-Agent': 'python-requests/2.32.3', 'Accept-Encoding': 'gzip, deflate', 'Accept': '*/*', 'Connection': 'keep-alive'} 
 body=None 
 </msg>
<msg time="2024-06-16T11:12:40.788325" level="INFO">GET Response : url=https://randomuser.me/api 
 status=200, reason=OK 
 headers={'Date': 'Sun, 16 Jun 2024 11:12:40 GMT', 'Content-Type': 'application/json; charset=utf-8', 'Transfer-Encoding': 'chunked', 'Connection': 'keep-alive', 'X-Powered-By': 'Express', 'Access-Control-Allow-Origin': '*', 'Cache-Control': 'no-cache', 'ETag': 'W/"4a7-b2K4mPJNmRh8azLQDkyd/p7RNCk"', 'Vary': 'Accept-Encoding', 'Content-Encoding': 'gzip', 'CF-Cache-Status': 'DYNAMIC', 'Report-To': '{"endpoints":[{"url":"https:\\/\\/a.nel.cloudflare.com\\/report\\/v4?s=AMJDmks6J9T5QdtdVWbPVY%2Bc%2FT5SAqzOEwcvlj3hl2TrQM2lEH5mgK9rgsQJlA%2F7Tg2hjy0C0khq7EzTlOA7ZvaioH4JpzelJw0ULQWuoO2d9QOCGqJN4fSBRhWtaDOI"}],"group":"cf-nel","max_age":604800}', 'NEL': '{"success_fraction":0,"report_to":"cf-nel","max_age":604800}', 'Server': 'cloudflare', 'CF-RAY': '894a5dbe5de55ae0-IAD', 'alt-svc': 'h3=":443"; ma=86400'} 
 body={"results":[{"gender":"female","name":{"title":"Mrs","first":"Mélissa","last":"Gauthier"},"location":{"street":{"number":7111,"name":"Rue Duquesne"},"city":"Saint-Pierre","state":"Saône-et-Loire","country":"France","postcode":71950,"coordinates":{"latitude":"-19.1431","longitude":"173.3344"},"timezone":{"offset":"+2:00","description":"Kaliningrad, South Africa"}},"email":"melissa.gauthier@example.com","login":{"uuid":"d598bedd-b677-45f8-bd27-e0d3e139acfe","username":"heavytiger139","password":"billy1","salt":"zDEu9Gn1","md5":"fc667c8111a4e42199671f124a447659","sha1":"3a8c42fc471e8dd2b679863f26573694bea5c99a","sha256":"206515d0bcdb72398c2f8ed6e6e619042f0693bd5f20989871f3f2b2e28835bf"},"dob":{"date":"1992-03-02T13:36:52.285Z","age":32},"registered":{"date":"2006-01-21T01:40:54.041Z","age":18},"phone":"01-25-68-98-25","cell":"06-27-01-84-19","id":{"name":"INSEE","value":"2920253180860 52"},"picture":{"large":"https://randomuser.me/api/portraits/women/88.jpg","medium":"https://randomuser.me/api/portraits/med/women/88.jpg","thumbnail":"https://randomuser.me/api/portraits/thumb/women/88.jpg"},"nat":"FR"}],"info":{"seed":"1a22aace6824132b","results":1,"page":1,"version":"1.4"}} 
 </msg>
<msg time="2024-06-16T11:12:40.788416" level="INFO">/opt/hostedtoolcache/Python/3.12.3/x64/lib/python3.12/site-packages/urllib3/connectionpool.py:1103: InsecureRequestWarning: Unverified HTTPS request is being made to host 'randomuser.me'. Adding certificate verification is strongly advised. See: https://urllib3.readthedocs.io/en/latest/advanced-usage.html#tls-warnings
  warnings.warn(</msg>
<msg time="2024-06-16T11:12:40.788554" level="INFO">${response} = &lt;Response [200]&gt;</msg>
<var>${response}</var>
<arg>consultarAPI</arg>
<arg>/api</arg>
<doc>Sends a GET request on a previously created HTTP Session.</doc>
<status status="PASS" start="2024-06-16T11:12:40.696598" elapsed="0.091997"/>
</kw>
<kw name="Set Variable" owner="BuiltIn">
<msg time="2024-06-16T11:12:40.789632" level="INFO">${json_data} = {'results': [{'gender': 'female', 'name': {'title': 'Mrs', 'first': 'Mélissa', 'last': 'Gauthier'}, 'location': {'street': {'number': 7111, 'name': 'Rue Duquesne'}, 'city': 'Saint-Pierre', 'state': 'S...</msg>
<var>${json_data}</var>
<arg>${response.json()}</arg>
<doc>Returns the given values which can then be assigned to a variables.</doc>
<status status="PASS" start="2024-06-16T11:12:40.789122" elapsed="0.000540"/>
</kw>
<kw name="Set Variable" owner="BuiltIn">
<msg time="2024-06-16T11:12:40.790340" level="INFO">${name_title} = Mrs</msg>
<var>${name_title}</var>
<arg>${json_data["results"][0]["name"]["title"]}</arg>
<doc>Returns the given values which can then be assigned to a variables.</doc>
<status status="PASS" start="2024-06-16T11:12:40.789966" elapsed="0.000400"/>
</kw>
<kw name="Create List" owner="BuiltIn">
<msg time="2024-06-16T11:12:40.790814" level="INFO">${allowed_titles} = ['Mr', 'Ms', 'Miss', 'Mrs', 'Madame', 'Monsieur']</msg>
<var>${allowed_titles}</var>
<arg>Mr</arg>
<arg>Ms</arg>
<arg>Miss</arg>
<arg>Mrs</arg>
<arg>Madame</arg>
<arg>Monsieur</arg>
<doc>Returns a list containing given items.</doc>
<status status="PASS" start="2024-06-16T11:12:40.790665" elapsed="0.000173"/>
</kw>
<kw name="List Should Contain Value" owner="Collections">
<arg>${allowed_titles}</arg>
<arg>${name_title}</arg>
<doc>Fails if the ``value`` is not found from ``list``.</doc>
<status status="PASS" start="2024-06-16T11:12:40.791191" elapsed="0.000182"/>
</kw>
<kw name="Set Variable" owner="BuiltIn">
<msg time="2024-06-16T11:12:40.791922" level="INFO">${name_country} = FR</msg>
<var>${name_country}</var>
<arg>${json_data["results"][0]["nat"]}</arg>
<doc>Returns the given values which can then be assigned to a variables.</doc>
<status status="PASS" start="2024-06-16T11:12:40.791554" elapsed="0.000393"/>
</kw>
<kw name="Create List" owner="BuiltIn">
<msg time="2024-06-16T11:12:40.792826" level="INFO">${list_country} = ['AD', 'AE', 'AF', 'AG', 'AI', 'AL', 'AM', 'AO', 'AQ', 'AR', 'AS', 'AT', 'AU', 'AW', 'AX', 'AZ', 'BA', 'BB', 'BD', 'BE', 'BF', 'BG', 'BH', 'BI', 'BJ', 'BL', 'BM', 'BN', 'BO', 'BQ', 'BR', 'BS', 'BT', '...</msg>
<var>${list_country}</var>
<arg>AD</arg>
<arg>AE</arg>
<arg>AF</arg>
<arg>AG</arg>
<arg>AI</arg>
<arg>AL</arg>
<arg>AM</arg>
<arg>AO</arg>
<arg>AQ</arg>
<arg>AR</arg>
<arg>AS</arg>
<arg>AT</arg>
<arg>AU</arg>
<arg>AW</arg>
<arg>AX</arg>
<arg>AZ</arg>
<arg>BA</arg>
<arg>BB</arg>
<arg>BD</arg>
<arg>BE</arg>
<arg>BF</arg>
<arg>BG</arg>
<arg>BH</arg>
<arg>BI</arg>
<arg>BJ</arg>
<arg>BL</arg>
<arg>BM</arg>
<arg>BN</arg>
<arg>BO</arg>
<arg>BQ</arg>
<arg>BR</arg>
<arg>BS</arg>
<arg>BT</arg>
<arg>BV</arg>
<arg>BW</arg>
<arg>BY</arg>
<arg>BZ</arg>
<arg>CA</arg>
<arg>CC</arg>
<arg>CD</arg>
<arg>CF</arg>
<arg>CG</arg>
<arg>CH</arg>
<arg>CI</arg>
<arg>CK</arg>
<arg>CL</arg>
<arg>CM</arg>
<arg>CN</arg>
<arg>CO</arg>
<arg>CR</arg>
<arg>CU</arg>
<arg>CV</arg>
<arg>CW</arg>
<arg>CX</arg>
<arg>CY</arg>
<arg>CZ</arg>
<arg>DE</arg>
<arg>DJ</arg>
<arg>DK</arg>
<arg>DM</arg>
<arg>DO</arg>
<arg>DZ</arg>
<arg>EC</arg>
<arg>EE</arg>
<arg>EG</arg>
<arg>EH</arg>
<arg>ER</arg>
<arg>ES</arg>
<arg>ET</arg>
<arg>FI</arg>
<arg>FJ</arg>
<arg>FK</arg>
<arg>FM</arg>
<arg>FO</arg>
<arg>FR</arg>
<arg>GA</arg>
<arg>GB</arg>
<arg>GD</arg>
<arg>GE</arg>
<arg>GF</arg>
<arg>GG</arg>
<arg>GH</arg>
<arg>GI</arg>
<arg>GL</arg>
<arg>GM</arg>
<arg>GN</arg>
<arg>GP</arg>
<arg>GQ</arg>
<arg>GR</arg>
<arg>GS</arg>
<arg>GT</arg>
<arg>GU</arg>
<arg>GW</arg>
<arg>GY</arg>
<arg>HK</arg>
<arg>HM</arg>
<arg>HN</arg>
<arg>HR</arg>
<arg>HT</arg>
<arg>HU</arg>
<arg>ID</arg>
<arg>IE</arg>
<arg>IL</arg>
<arg>IM</arg>
<arg>IN</arg>
<arg>IO</arg>
<arg>IQ</arg>
<arg>IR</arg>
<arg>IS</arg>
<arg>IT</arg>
<arg>JE</arg>
<arg>JM</arg>
<arg>JO</arg>
<arg>JP</arg>
<arg>KE</arg>
<arg>KG</arg>
<arg>KH</arg>
<arg>KI</arg>
<arg>KM</arg>
<arg>KN</arg>
<arg>KP</arg>
<arg>KR</arg>
<arg>KW</arg>
<arg>KY</arg>
<arg>KZ</arg>
<arg>LA</arg>
<arg>LB</arg>
<arg>LC</arg>
<arg>LI</arg>
<arg>LK</arg>
<arg>LR</arg>
<arg>LS</arg>
<arg>LT</arg>
<arg>LU</arg>
<arg>LV</arg>
<arg>LY</arg>
<arg>MA</arg>
<arg>MC</arg>
<arg>MD</arg>
<arg>ME</arg>
<arg>MF</arg>
<arg>MG</arg>
<arg>MH</arg>
<arg>MK</arg>
<arg>ML</arg>
<arg>MM</arg>
<arg>MN</arg>
<arg>MO</arg>
<arg>MP</arg>
<arg>MQ</arg>
<arg>MR</arg>
<arg>MS</arg>
<arg>MT</arg>
<arg>MU</arg>
<arg>MV</arg>
<arg>MW</arg>
<arg>MX</arg>
<arg>MY</arg>
<arg>MZ</arg>
<arg>NA</arg>
<arg>NC</arg>
<arg>NE</arg>
<arg>NF</arg>
<arg>NG</arg>
<arg>NI</arg>
<arg>NL</arg>
<arg>NO</arg>
<arg>NP</arg>
<arg>NR</arg>
<arg>NU</arg>
<arg>NZ</arg>
<arg>OM</arg>
<arg>PA</arg>
<arg>PE</arg>
<arg>PF</arg>
<arg>PG</arg>
<arg>PH</arg>
<arg>PK</arg>
<arg>PL</arg>
<arg>PM</arg>
<arg>PN</arg>
<arg>PR</arg>
<arg>PS</arg>
<arg>PT</arg>
<arg>PW</arg>
<arg>PY</arg>
<arg>QA</arg>
<arg>RE</arg>
<arg>RO</arg>
<arg>RS</arg>
<arg>RU</arg>
<arg>RW</arg>
<arg>SA</arg>
<arg>SB</arg>
<arg>SC</arg>
<arg>SD</arg>
<arg>SE</arg>
<arg>SG</arg>
<arg>SH</arg>
<arg>SI</arg>
<arg>SJ</arg>
<arg>SK</arg>
<arg>SL</arg>
<arg>SM</arg>
<arg>SN</arg>
<arg>SO</arg>
<arg>SR</arg>
<arg>SS</arg>
<arg>ST</arg>
<arg>SV</arg>
<arg>SX</arg>
<arg>SY</arg>
<arg>SZ</arg>
<arg>TC</arg>
<arg>TD</arg>
<arg>TF</arg>
<arg>TG</arg>
<arg>TH</arg>
<arg>TJ</arg>
<arg>TK</arg>
<arg>TL</arg>
<arg>TM</arg>
<arg>TN</arg>
<arg>TO</arg>
<arg>TR</arg>
<arg>TT</arg>
<arg>TV</arg>
<arg>TW</arg>
<arg>TZ</arg>
<arg>UA</arg>
<arg>UG</arg>
<arg>UM</arg>
<arg>US</arg>
<arg>UY</arg>
<arg>UZ</arg>
<arg>VA</arg>
<arg>VC</arg>
<arg>VE</arg>
<arg>VG</arg>
<arg>VI</arg>
<arg>VN</arg>
<arg>VU</arg>
<arg>WF</arg>
<arg>WS</arg>
<arg>XK</arg>
<arg>YE</arg>
<arg>YT</arg>
<arg>ZA</arg>
<arg>ZM</arg>
<arg>ZW</arg>
<doc>Returns a list containing given items.</doc>
<status status="PASS" start="2024-06-16T11:12:40.792236" elapsed="0.000615"/>
</kw>
<kw name="List Should Contain Value" owner="Collections">
<arg>${list_country}</arg>
<arg>${name_country}</arg>
<doc>Fails if the ``value`` is not found from ``list``.</doc>
<status status="PASS" start="2024-06-16T11:12:40.793682" elapsed="0.000208"/>
</kw>
<kw name="Run Keyword If" owner="BuiltIn">
<kw name="Should Be True" owner="BuiltIn">
<arg>${True}</arg>
<doc>Fails if the given condition is not true.</doc>
<status status="PASS" start="2024-06-16T11:12:40.794835" elapsed="0.000164"/>
</kw>
<arg>${json_data["results"][0]["location"]["coordinates"]["latitude"]} &gt;= -90 and ${json_data["results"][0]["location"]["coordinates"]["latitude"]} &lt;= 90</arg>
<arg>Should Be True</arg>
<arg>${True}</arg>
<doc>Runs the given keyword with the given arguments, if ``condition`` is true.</doc>
<status status="PASS" start="2024-06-16T11:12:40.794094" elapsed="0.001041"/>
</kw>
<kw name="Run Keyword If" owner="BuiltIn">
<kw name="Should Be True" owner="BuiltIn">
<arg>${True}</arg>
<doc>Fails if the given condition is not true.</doc>
<status status="PASS" start="2024-06-16T11:12:40.796005" elapsed="0.000137"/>
</kw>
<arg>${json_data["results"][0]["location"]["coordinates"]["longitude"]} &gt;= -180 and ${json_data["results"][0]["location"]["coordinates"]["longitude"]} &lt;= 180</arg>
<arg>Should Be True</arg>
<arg>${True}</arg>
<doc>Runs the given keyword with the given arguments, if ``condition`` is true.</doc>
<status status="PASS" start="2024-06-16T11:12:40.795321" elapsed="0.000945"/>
</kw>
<status status="PASS" start="2024-06-16T11:12:40.696198" elapsed="0.100209"/>
</kw>
<doc>Testa o conteúdo específico dos campos retornados pela API.</doc>
<tag>testeConteudo</tag>
<status status="PASS" start="2024-06-16T11:12:40.695642" elapsed="0.100920"/>
</test>
<status status="PASS" start="2024-06-16T11:12:39.759575" elapsed="1.038890"/>
</suite>
<status status="PASS" start="2024-06-16T11:12:39.744999" elapsed="1.058625"/>
</suite>
<statistics>
<total>
<stat pass="5" fail="0" skip="0">All Tests</stat>
</total>
<tag>
<stat pass="1" fail="0" skip="0">testeConteudo</stat>
<stat pass="1" fail="0" skip="0">testeEstruturaResposta</stat>
<stat pass="1" fail="0" skip="0">testeRequisicaoBasica</stat>
<stat pass="1" fail="0" skip="0">testeTiposDados</stat>
</tag>
<suite>
<stat pass="5" fail="0" skip="0" id="s1" name="Tests">Tests</stat>
<stat pass="5" fail="0" skip="0" id="s1-s1" name="Random-User-Test">Tests.Random-User-Test</stat>
</suite>
</statistics>
<errors>
</errors>
</robot>
