<?xml version="1.0" encoding="UTF-8"?>
<robot generator="Robot 7.0.1 (Python 3.12.3 on linux)" generated="2024-06-11T13:18:02.894519" rpa="false" schemaversion="5">
<suite id="s1" name="Tests" source="/home/runner/work/ApiRandomUser/ApiRandomUser/RamdonUser/tests">
<suite id="s1-s1" name="Random-User-Test" source="/home/runner/work/ApiRandomUser/ApiRandomUser/RamdonUser/tests/random-user-test.robot">
<test id="s1-s1-t1" name="Conectar" line="13">
<kw name="Conectar API" owner="random-user-service">
<kw name="Create Session" owner="RequestsLibrary">
<msg time="2024-06-11T13:18:03.301105" level="INFO">Creating Session using : alias=consultarAPI, url=https://randomuser.me/, headers={},                     cookies={}, auth=None, timeout=None, proxies=None, verify=False,                     debug=0 </msg>
<arg>consultarAPI</arg>
<arg>${URL}</arg>
<doc>Create Session: create a HTTP session to a server</doc>
<status status="PASS" start="2024-06-11T13:18:03.300902" elapsed="0.000396"/>
</kw>
<status status="PASS" start="2024-06-11T13:18:03.299804" elapsed="0.001873"/>
</kw>
<status status="PASS" start="2024-06-11T13:18:03.299216" elapsed="0.002654"/>
</test>
<test id="s1-s1-t2" name="Validar retorno 200 e JSON Válido" line="16">
<kw name="Teste de Requisicao Basica" owner="random-user-service">
<kw name="GET On Session" owner="RequestsLibrary">
<msg time="2024-06-11T13:18:03.431208" level="INFO">GET Request : url=https://randomuser.me/api 
 path_url=/api 
 headers={'User-Agent': 'python-requests/2.32.3', 'Accept-Encoding': 'gzip, deflate', 'Accept': '*/*', 'Connection': 'keep-alive'} 
 body=None 
 </msg>
<msg time="2024-06-11T13:18:03.431372" level="INFO">GET Response : url=https://randomuser.me/api 
 status=200, reason=OK 
 headers={'Date': 'Tue, 11 Jun 2024 13:18:03 GMT', 'Content-Type': 'application/json; charset=utf-8', 'Transfer-Encoding': 'chunked', 'Connection': 'keep-alive', 'X-Powered-By': 'Express', 'Access-Control-Allow-Origin': '*', 'Cache-Control': 'no-cache', 'ETag': 'W/"488-Ox4y32gavIiT/BdOO1ftR4EM3d0"', 'Vary': 'Accept-Encoding', 'Content-Encoding': 'gzip', 'CF-Cache-Status': 'DYNAMIC', 'Report-To': '{"endpoints":[{"url":"https:\\/\\/a.nel.cloudflare.com\\/report\\/v4?s=aGo%2FfmFNlf7ZE%2FZS9eqQSLMUEVZ4wmL%2F9TvyKFnXoNxrumhqIUlh0KmA0jfpBEbH49AVnQEuiuacARkJPbNCu1Xod2k8lJNem1SAkli72kl8BO5f9Jae92IhOZLah4oW"}],"group":"cf-nel","max_age":604800}', 'NEL': '{"success_fraction":0,"report_to":"cf-nel","max_age":604800}', 'Server': 'cloudflare', 'CF-RAY': '8921e28729122a45-ORD', 'alt-svc': 'h3=":443"; ma=86400'} 
 body={"results":[{"gender":"male","name":{"title":"Mr","first":"Robert","last":"Bemelmans"},"location":{"street":{"number":893,"name":"Broerenkerkplein"},"city":"Noord Deurningen","state":"Limburg","country":"Netherlands","postcode":"2495 BZ","coordinates":{"latitude":"36.8474","longitude":"-106.1493"},"timezone":{"offset":"+5:45","description":"Kathmandu"}},"email":"robert.bemelmans@example.com","login":{"uuid":"c0b1397d-6341-42a4-a2ef-334bb80497e8","username":"tinyzebra286","password":"blades","salt":"zmrekMp7","md5":"7f2bf13b481bb712abf0ebb9b78e33b8","sha1":"e35995b1e8ed0c350e62fe340d2ccfeb0fdf1376","sha256":"811d1daf0c189ec811878c0c6bc2263b37d060ccee0312b29d6ea8f9e2adce79"},"dob":{"date":"1957-06-28T17:58:10.121Z","age":66},"registered":{"date":"2007-04-07T21:29:10.489Z","age":17},"phone":"(0028) 568076","cell":"(06) 67688217","id":{"name":"BSN","value":"02670449"},"picture":{"large":"https://randomuser.me/api/portraits/men/70.jpg","medium":"https://randomuser.me/api/portraits/med/men/70.jpg","thumbnail":"https://randomuser.me/api/portraits/thumb/men/70.jpg"},"nat":"NL"}],"info":{"seed":"ebf1fea058bd095d","results":1,"page":1,"version":"1.4"}} 
 </msg>
<msg time="2024-06-11T13:18:03.431459" level="INFO">/opt/hostedtoolcache/Python/3.12.3/x64/lib/python3.12/site-packages/urllib3/connectionpool.py:1103: InsecureRequestWarning: Unverified HTTPS request is being made to host 'randomuser.me'. Adding certificate verification is strongly advised. See: https://urllib3.readthedocs.io/en/latest/advanced-usage.html#tls-warnings
  warnings.warn(</msg>
<msg time="2024-06-11T13:18:03.431626" level="INFO">${response} = &lt;Response [200]&gt;</msg>
<var>${response}</var>
<arg>consultarAPI</arg>
<arg>/api</arg>
<doc>Sends a GET request on a previously created HTTP Session.</doc>
<status status="PASS" start="2024-06-11T13:18:03.304478" elapsed="0.127194"/>
</kw>
<kw name="Should Be Equal As Numbers" owner="BuiltIn">
<msg time="2024-06-11T13:18:03.432722" level="INFO">Argument types are:
&lt;class 'int'&gt;
&lt;class 'str'&gt;</msg>
<arg>${response.status_code}</arg>
<arg>200</arg>
<doc>Fails if objects are unequal after converting them to real numbers.</doc>
<status status="PASS" start="2024-06-11T13:18:03.432241" elapsed="0.000547"/>
</kw>
<kw name="Log" owner="BuiltIn">
<msg time="2024-06-11T13:18:03.433500" level="INFO">200</msg>
<arg>${response.status_code}</arg>
<doc>Logs the given message with the given level.</doc>
<status status="PASS" start="2024-06-11T13:18:03.433143" elapsed="0.000407"/>
</kw>
<kw name="Set Variable" owner="BuiltIn">
<msg time="2024-06-11T13:18:03.434349" level="INFO">${json_data} = {'results': [{'gender': 'male', 'name': {'title': 'Mr', 'first': 'Robert', 'last': 'Bemelmans'}, 'location': {'street': {'number': 893, 'name': 'Broerenkerkplein'}, 'city': 'Noord Deurningen', 'state'...</msg>
<var>${json_data}</var>
<arg>${response.json()}</arg>
<doc>Returns the given values which can then be assigned to a variables.</doc>
<status status="PASS" start="2024-06-11T13:18:03.433863" elapsed="0.000515"/>
</kw>
<kw name="Dictionary Should Contain Key" owner="Collections">
<arg>${json_data}</arg>
<arg>results</arg>
<doc>Fails if ``key`` is not found from ``dictionary``.</doc>
<status status="PASS" start="2024-06-11T13:18:03.434681" elapsed="0.000168"/>
</kw>
<status status="PASS" start="2024-06-11T13:18:03.304233" elapsed="0.130775"/>
</kw>
<doc>Testa se a API responde corretamente e retorna um objeto JSON válido.</doc>
<tag>testeRequisicaoBasica</tag>
<status status="PASS" start="2024-06-11T13:18:03.303771" elapsed="0.131422"/>
</test>
<test id="s1-s1-t3" name="Validar estrutura de resposta" line="22">
<kw name="Teste de Estrutura de Resposta" owner="random-user-service">
<kw name="GET On Session" owner="RequestsLibrary">
<msg time="2024-06-11T13:18:03.537023" level="INFO">GET Request : url=https://randomuser.me/api 
 path_url=/api 
 headers={'User-Agent': 'python-requests/2.32.3', 'Accept-Encoding': 'gzip, deflate', 'Accept': '*/*', 'Connection': 'keep-alive'} 
 body=None 
 </msg>
<msg time="2024-06-11T13:18:03.537127" level="INFO">GET Response : url=https://randomuser.me/api 
 status=200, reason=OK 
 headers={'Date': 'Tue, 11 Jun 2024 13:18:03 GMT', 'Content-Type': 'application/json; charset=utf-8', 'Transfer-Encoding': 'chunked', 'Connection': 'keep-alive', 'X-Powered-By': 'Express', 'Access-Control-Allow-Origin': '*', 'Cache-Control': 'no-cache', 'ETag': 'W/"495-2edSiuKFnHR381d2XbgCDDwotBc"', 'Vary': 'Accept-Encoding', 'Content-Encoding': 'gzip', 'CF-Cache-Status': 'DYNAMIC', 'Report-To': '{"endpoints":[{"url":"https:\\/\\/a.nel.cloudflare.com\\/report\\/v4?s=ljY0%2Fw1gB%2F6J7ChPokBMfxDnweExRIhI9Vp0rZjF%2FPCTnZSG9v57lak84AZFATOOSOnnS1byu7qr6RslWKaSnXHCHmEv47D7zeYHIJcbjV4f%2Ba95NIvshQ1Ginpe7jVY"}],"group":"cf-nel","max_age":604800}', 'NEL': '{"success_fraction":0,"report_to":"cf-nel","max_age":604800}', 'Server': 'cloudflare', 'CF-RAY': '8921e287896c2a45-ORD', 'alt-svc': 'h3=":443"; ma=86400'} 
 body={"results":[{"gender":"female","name":{"title":"Miss","first":"Tracey","last":"Murphy"},"location":{"street":{"number":4229,"name":"Albert Road"},"city":"Ashbourne","state":"Clare","country":"Ireland","postcode":15847,"coordinates":{"latitude":"1.7005","longitude":"10.1787"},"timezone":{"offset":"0:00","description":"Western Europe Time, London, Lisbon, Casablanca"}},"email":"tracey.murphy@example.com","login":{"uuid":"fa466001-190d-4f8a-897a-44178dd0679c","username":"redfish333","password":"italia","salt":"Lb10IQIK","md5":"f10fa90b31aee432ac4b6e7d413fe2b0","sha1":"a43784206f4a559b65486ed0c00622e3735a98c5","sha256":"ea151df2095c7e9d822ec54821ad4931ab81f2657efb4a672668f3df236cddaa"},"dob":{"date":"1951-07-27T09:46:07.831Z","age":72},"registered":{"date":"2012-01-08T02:52:33.047Z","age":12},"phone":"071-804-4577","cell":"081-830-1635","id":{"name":"PPS","value":"9384756T"},"picture":{"large":"https://randomuser.me/api/portraits/women/52.jpg","medium":"https://randomuser.me/api/portraits/med/women/52.jpg","thumbnail":"https://randomuser.me/api/portraits/thumb/women/52.jpg"},"nat":"IE"}],"info":{"seed":"f2f3696027a9bb20","results":1,"page":1,"version":"1.4"}} 
 </msg>
<msg time="2024-06-11T13:18:03.537289" level="INFO">/opt/hostedtoolcache/Python/3.12.3/x64/lib/python3.12/site-packages/urllib3/connectionpool.py:1103: InsecureRequestWarning: Unverified HTTPS request is being made to host 'randomuser.me'. Adding certificate verification is strongly advised. See: https://urllib3.readthedocs.io/en/latest/advanced-usage.html#tls-warnings
  warnings.warn(</msg>
<msg time="2024-06-11T13:18:03.537440" level="INFO">${response} = &lt;Response [200]&gt;</msg>
<var>${response}</var>
<arg>consultarAPI</arg>
<arg>/api</arg>
<doc>Sends a GET request on a previously created HTTP Session.</doc>
<status status="PASS" start="2024-06-11T13:18:03.438035" elapsed="0.099449"/>
</kw>
<kw name="Set Variable" owner="BuiltIn">
<msg time="2024-06-11T13:18:03.538618" level="INFO">${json_data} = {'results': [{'gender': 'female', 'name': {'title': 'Miss', 'first': 'Tracey', 'last': 'Murphy'}, 'location': {'street': {'number': 4229, 'name': 'Albert Road'}, 'city': 'Ashbourne', 'state': 'Clare',...</msg>
<var>${json_data}</var>
<arg>${response.json()}</arg>
<doc>Returns the given values which can then be assigned to a variables.</doc>
<status status="PASS" start="2024-06-11T13:18:03.538084" elapsed="0.000563"/>
</kw>
<kw name="Log" owner="BuiltIn">
<msg time="2024-06-11T13:18:03.539117" level="INFO">{'results': [{'gender': 'female', 'name': {'title': 'Miss', 'first': 'Tracey', 'last': 'Murphy'}, 'location': {'street': {'number': 4229, 'name': 'Albert Road'}, 'city': 'Ashbourne', 'state': 'Clare', 'country': 'Ireland', 'postcode': 15847, 'coordinates': {'latitude': '1.7005', 'longitude': '10.1787'}, 'timezone': {'offset': '0:00', 'description': 'Western Europe Time, London, Lisbon, Casablanca'}}, 'email': 'tracey.murphy@example.com', 'login': {'uuid': 'fa466001-190d-4f8a-897a-44178dd0679c', 'username': 'redfish333', 'password': 'italia', 'salt': 'Lb10IQIK', 'md5': 'f10fa90b31aee432ac4b6e7d413fe2b0', 'sha1': 'a43784206f4a559b65486ed0c00622e3735a98c5', 'sha256': 'ea151df2095c7e9d822ec54821ad4931ab81f2657efb4a672668f3df236cddaa'}, 'dob': {'date': '1951-07-27T09:46:07.831Z', 'age': 72}, 'registered': {'date': '2012-01-08T02:52:33.047Z', 'age': 12}, 'phone': '071-804-4577', 'cell': '081-830-1635', 'id': {'name': 'PPS', 'value': '9384756T'}, 'picture': {'large': 'https://randomuser.me/api/portraits/women/52.jpg', 'medium': 'https://randomuser.me/api/portraits/med/women/52.jpg', 'thumbnail': 'https://randomuser.me/api/portraits/thumb/women/52.jpg'}, 'nat': 'IE'}], 'info': {'seed': 'f2f3696027a9bb20', 'results': 1, 'page': 1, 'version': '1.4'}}</msg>
<arg>${json_data}</arg>
<doc>Logs the given message with the given level.</doc>
<status status="PASS" start="2024-06-11T13:18:03.538959" elapsed="0.000207"/>
</kw>
<kw name="Dictionary Should Contain Key" owner="Collections">
<arg>${json_data}</arg>
<arg>results</arg>
<doc>Fails if ``key`` is not found from ``dictionary``.</doc>
<status status="PASS" start="2024-06-11T13:18:03.539461" elapsed="0.000161"/>
</kw>
<kw name="Should Not Be Empty" owner="BuiltIn">
<msg time="2024-06-11T13:18:03.539945" level="INFO">Length is 2.</msg>
<arg>${json_data}</arg>
<doc>Verifies that the given item is not empty.</doc>
<status status="PASS" start="2024-06-11T13:18:03.539814" elapsed="0.000170"/>
</kw>
<kw name="Create List" owner="BuiltIn">
<msg time="2024-06-11T13:18:03.540430" level="INFO">${expected_keys} = ['gender', 'name', 'location', 'email', 'login']</msg>
<var>${expected_keys}</var>
<arg>gender</arg>
<arg>name</arg>
<arg>location</arg>
<arg>email</arg>
<arg>login</arg>
<doc>Returns a list containing given items.</doc>
<status status="PASS" start="2024-06-11T13:18:03.540278" elapsed="0.000176"/>
</kw>
<for flavor="IN">
<iter>
<kw name="Dictionary Should Contain Key" owner="Collections">
<arg>${json_data['results'][0]}</arg>
<arg>${key}</arg>
<doc>Fails if ``key`` is not found from ``dictionary``.</doc>
<status status="PASS" start="2024-06-11T13:18:03.541076" elapsed="0.000410"/>
</kw>
<kw name="Log" owner="BuiltIn">
<msg time="2024-06-11T13:18:03.542077" level="INFO">{'gender': 'female', 'name': {'title': 'Miss', 'first': 'Tracey', 'last': 'Murphy'}, 'location': {'street': {'number': 4229, 'name': 'Albert Road'}, 'city': 'Ashbourne', 'state': 'Clare', 'country': 'Ireland', 'postcode': 15847, 'coordinates': {'latitude': '1.7005', 'longitude': '10.1787'}, 'timezone': {'offset': '0:00', 'description': 'Western Europe Time, London, Lisbon, Casablanca'}}, 'email': 'tracey.murphy@example.com', 'login': {'uuid': 'fa466001-190d-4f8a-897a-44178dd0679c', 'username': 'redfish333', 'password': 'italia', 'salt': 'Lb10IQIK', 'md5': 'f10fa90b31aee432ac4b6e7d413fe2b0', 'sha1': 'a43784206f4a559b65486ed0c00622e3735a98c5', 'sha256': 'ea151df2095c7e9d822ec54821ad4931ab81f2657efb4a672668f3df236cddaa'}, 'dob': {'date': '1951-07-27T09:46:07.831Z', 'age': 72}, 'registered': {'date': '2012-01-08T02:52:33.047Z', 'age': 12}, 'phone': '071-804-4577', 'cell': '081-830-1635', 'id': {'name': 'PPS', 'value': '9384756T'}, 'picture': {'large': 'https://randomuser.me/api/portraits/women/52.jpg', 'medium': 'https://randomuser.me/api/portraits/med/women/52.jpg', 'thumbnail': 'https://randomuser.me/api/portraits/thumb/women/52.jpg'}, 'nat': 'IE'}</msg>
<arg>${json_data['results'][0]}</arg>
<doc>Logs the given message with the given level.</doc>
<status status="PASS" start="2024-06-11T13:18:03.541680" elapsed="0.000458"/>
</kw>
<kw name="Log" owner="BuiltIn">
<msg time="2024-06-11T13:18:03.542567" level="INFO">gender</msg>
<arg>${key}</arg>
<doc>Logs the given message with the given level.</doc>
<status status="PASS" start="2024-06-11T13:18:03.542438" elapsed="0.000167"/>
</kw>
<var name="${key}">gender</var>
<status status="PASS" start="2024-06-11T13:18:03.540945" elapsed="0.001886"/>
</iter>
<iter>
<kw name="Dictionary Should Contain Key" owner="Collections">
<arg>${json_data['results'][0]}</arg>
<arg>${key}</arg>
<doc>Fails if ``key`` is not found from ``dictionary``.</doc>
<status status="PASS" start="2024-06-11T13:18:03.543132" elapsed="0.000389"/>
</kw>
<kw name="Log" owner="BuiltIn">
<msg time="2024-06-11T13:18:03.544065" level="INFO">{'gender': 'female', 'name': {'title': 'Miss', 'first': 'Tracey', 'last': 'Murphy'}, 'location': {'street': {'number': 4229, 'name': 'Albert Road'}, 'city': 'Ashbourne', 'state': 'Clare', 'country': 'Ireland', 'postcode': 15847, 'coordinates': {'latitude': '1.7005', 'longitude': '10.1787'}, 'timezone': {'offset': '0:00', 'description': 'Western Europe Time, London, Lisbon, Casablanca'}}, 'email': 'tracey.murphy@example.com', 'login': {'uuid': 'fa466001-190d-4f8a-897a-44178dd0679c', 'username': 'redfish333', 'password': 'italia', 'salt': 'Lb10IQIK', 'md5': 'f10fa90b31aee432ac4b6e7d413fe2b0', 'sha1': 'a43784206f4a559b65486ed0c00622e3735a98c5', 'sha256': 'ea151df2095c7e9d822ec54821ad4931ab81f2657efb4a672668f3df236cddaa'}, 'dob': {'date': '1951-07-27T09:46:07.831Z', 'age': 72}, 'registered': {'date': '2012-01-08T02:52:33.047Z', 'age': 12}, 'phone': '071-804-4577', 'cell': '081-830-1635', 'id': {'name': 'PPS', 'value': '9384756T'}, 'picture': {'large': 'https://randomuser.me/api/portraits/women/52.jpg', 'medium': 'https://randomuser.me/api/portraits/med/women/52.jpg', 'thumbnail': 'https://randomuser.me/api/portraits/thumb/women/52.jpg'}, 'nat': 'IE'}</msg>
<arg>${json_data['results'][0]}</arg>
<doc>Logs the given message with the given level.</doc>
<status status="PASS" start="2024-06-11T13:18:03.543710" elapsed="0.000437"/>
</kw>
<kw name="Log" owner="BuiltIn">
<msg time="2024-06-11T13:18:03.544587" level="INFO">name</msg>
<arg>${key}</arg>
<doc>Logs the given message with the given level.</doc>
<status status="PASS" start="2024-06-11T13:18:03.544450" elapsed="0.000178"/>
</kw>
<var name="${key}">name</var>
<status status="PASS" start="2024-06-11T13:18:03.543021" elapsed="0.001827"/>
</iter>
<iter>
<kw name="Dictionary Should Contain Key" owner="Collections">
<arg>${json_data['results'][0]}</arg>
<arg>${key}</arg>
<doc>Fails if ``key`` is not found from ``dictionary``.</doc>
<status status="PASS" start="2024-06-11T13:18:03.545136" elapsed="0.000383"/>
</kw>
<kw name="Log" owner="BuiltIn">
<msg time="2024-06-11T13:18:03.546086" level="INFO">{'gender': 'female', 'name': {'title': 'Miss', 'first': 'Tracey', 'last': 'Murphy'}, 'location': {'street': {'number': 4229, 'name': 'Albert Road'}, 'city': 'Ashbourne', 'state': 'Clare', 'country': 'Ireland', 'postcode': 15847, 'coordinates': {'latitude': '1.7005', 'longitude': '10.1787'}, 'timezone': {'offset': '0:00', 'description': 'Western Europe Time, London, Lisbon, Casablanca'}}, 'email': 'tracey.murphy@example.com', 'login': {'uuid': 'fa466001-190d-4f8a-897a-44178dd0679c', 'username': 'redfish333', 'password': 'italia', 'salt': 'Lb10IQIK', 'md5': 'f10fa90b31aee432ac4b6e7d413fe2b0', 'sha1': 'a43784206f4a559b65486ed0c00622e3735a98c5', 'sha256': 'ea151df2095c7e9d822ec54821ad4931ab81f2657efb4a672668f3df236cddaa'}, 'dob': {'date': '1951-07-27T09:46:07.831Z', 'age': 72}, 'registered': {'date': '2012-01-08T02:52:33.047Z', 'age': 12}, 'phone': '071-804-4577', 'cell': '081-830-1635', 'id': {'name': 'PPS', 'value': '9384756T'}, 'picture': {'large': 'https://randomuser.me/api/portraits/women/52.jpg', 'medium': 'https://randomuser.me/api/portraits/med/women/52.jpg', 'thumbnail': 'https://randomuser.me/api/portraits/thumb/women/52.jpg'}, 'nat': 'IE'}</msg>
<arg>${json_data['results'][0]}</arg>
<doc>Logs the given message with the given level.</doc>
<status status="PASS" start="2024-06-11T13:18:03.545705" elapsed="0.000431"/>
</kw>
<kw name="Log" owner="BuiltIn">
<msg time="2024-06-11T13:18:03.546554" level="INFO">location</msg>
<arg>${key}</arg>
<doc>Logs the given message with the given level.</doc>
<status status="PASS" start="2024-06-11T13:18:03.546429" elapsed="0.000163"/>
</kw>
<var name="${key}">location</var>
<status status="PASS" start="2024-06-11T13:18:03.545028" elapsed="0.001790"/>
</iter>
<iter>
<kw name="Dictionary Should Contain Key" owner="Collections">
<arg>${json_data['results'][0]}</arg>
<arg>${key}</arg>
<doc>Fails if ``key`` is not found from ``dictionary``.</doc>
<status status="PASS" start="2024-06-11T13:18:03.547102" elapsed="0.000381"/>
</kw>
<kw name="Log" owner="BuiltIn">
<msg time="2024-06-11T13:18:03.548031" level="INFO">{'gender': 'female', 'name': {'title': 'Miss', 'first': 'Tracey', 'last': 'Murphy'}, 'location': {'street': {'number': 4229, 'name': 'Albert Road'}, 'city': 'Ashbourne', 'state': 'Clare', 'country': 'Ireland', 'postcode': 15847, 'coordinates': {'latitude': '1.7005', 'longitude': '10.1787'}, 'timezone': {'offset': '0:00', 'description': 'Western Europe Time, London, Lisbon, Casablanca'}}, 'email': 'tracey.murphy@example.com', 'login': {'uuid': 'fa466001-190d-4f8a-897a-44178dd0679c', 'username': 'redfish333', 'password': 'italia', 'salt': 'Lb10IQIK', 'md5': 'f10fa90b31aee432ac4b6e7d413fe2b0', 'sha1': 'a43784206f4a559b65486ed0c00622e3735a98c5', 'sha256': 'ea151df2095c7e9d822ec54821ad4931ab81f2657efb4a672668f3df236cddaa'}, 'dob': {'date': '1951-07-27T09:46:07.831Z', 'age': 72}, 'registered': {'date': '2012-01-08T02:52:33.047Z', 'age': 12}, 'phone': '071-804-4577', 'cell': '081-830-1635', 'id': {'name': 'PPS', 'value': '9384756T'}, 'picture': {'large': 'https://randomuser.me/api/portraits/women/52.jpg', 'medium': 'https://randomuser.me/api/portraits/med/women/52.jpg', 'thumbnail': 'https://randomuser.me/api/portraits/thumb/women/52.jpg'}, 'nat': 'IE'}</msg>
<arg>${json_data['results'][0]}</arg>
<doc>Logs the given message with the given level.</doc>
<status status="PASS" start="2024-06-11T13:18:03.547665" elapsed="0.000415"/>
</kw>
<kw name="Log" owner="BuiltIn">
<msg time="2024-06-11T13:18:03.548505" level="INFO">email</msg>
<arg>${key}</arg>
<doc>Logs the given message with the given level.</doc>
<status status="PASS" start="2024-06-11T13:18:03.548378" elapsed="0.000165"/>
</kw>
<var name="${key}">email</var>
<status status="PASS" start="2024-06-11T13:18:03.546990" elapsed="0.001767"/>
</iter>
<iter>
<kw name="Dictionary Should Contain Key" owner="Collections">
<arg>${json_data['results'][0]}</arg>
<arg>${key}</arg>
<doc>Fails if ``key`` is not found from ``dictionary``.</doc>
<status status="PASS" start="2024-06-11T13:18:03.549035" elapsed="0.000389"/>
</kw>
<kw name="Log" owner="BuiltIn">
<msg time="2024-06-11T13:18:03.549987" level="INFO">{'gender': 'female', 'name': {'title': 'Miss', 'first': 'Tracey', 'last': 'Murphy'}, 'location': {'street': {'number': 4229, 'name': 'Albert Road'}, 'city': 'Ashbourne', 'state': 'Clare', 'country': 'Ireland', 'postcode': 15847, 'coordinates': {'latitude': '1.7005', 'longitude': '10.1787'}, 'timezone': {'offset': '0:00', 'description': 'Western Europe Time, London, Lisbon, Casablanca'}}, 'email': 'tracey.murphy@example.com', 'login': {'uuid': 'fa466001-190d-4f8a-897a-44178dd0679c', 'username': 'redfish333', 'password': 'italia', 'salt': 'Lb10IQIK', 'md5': 'f10fa90b31aee432ac4b6e7d413fe2b0', 'sha1': 'a43784206f4a559b65486ed0c00622e3735a98c5', 'sha256': 'ea151df2095c7e9d822ec54821ad4931ab81f2657efb4a672668f3df236cddaa'}, 'dob': {'date': '1951-07-27T09:46:07.831Z', 'age': 72}, 'registered': {'date': '2012-01-08T02:52:33.047Z', 'age': 12}, 'phone': '071-804-4577', 'cell': '081-830-1635', 'id': {'name': 'PPS', 'value': '9384756T'}, 'picture': {'large': 'https://randomuser.me/api/portraits/women/52.jpg', 'medium': 'https://randomuser.me/api/portraits/med/women/52.jpg', 'thumbnail': 'https://randomuser.me/api/portraits/thumb/women/52.jpg'}, 'nat': 'IE'}</msg>
<arg>${json_data['results'][0]}</arg>
<doc>Logs the given message with the given level.</doc>
<status status="PASS" start="2024-06-11T13:18:03.549609" elapsed="0.000429"/>
</kw>
<kw name="Log" owner="BuiltIn">
<msg time="2024-06-11T13:18:03.550579" level="INFO">login</msg>
<arg>${key}</arg>
<doc>Logs the given message with the given level.</doc>
<status status="PASS" start="2024-06-11T13:18:03.550336" elapsed="0.000281"/>
</kw>
<var name="${key}">login</var>
<status status="PASS" start="2024-06-11T13:18:03.548928" elapsed="0.001907"/>
</iter>
<var>${key}</var>
<value>@{expected_keys}</value>
<status status="PASS" start="2024-06-11T13:18:03.540729" elapsed="0.010228"/>
</for>
<kw name="Create List" owner="BuiltIn">
<msg time="2024-06-11T13:18:03.551281" level="INFO">${expected_keysTwo} = ['username', 'password']</msg>
<var>${expected_keysTwo}</var>
<arg>username</arg>
<arg>password</arg>
<doc>Returns a list containing given items.</doc>
<status status="PASS" start="2024-06-11T13:18:03.551146" elapsed="0.000187"/>
</kw>
<for flavor="IN">
<iter>
<kw name="Dictionary Should Contain Key" owner="Collections">
<arg>${json_data['results'][0]['login']}</arg>
<arg>${keyTwo}</arg>
<doc>Fails if ``key`` is not found from ``dictionary``.</doc>
<status status="PASS" start="2024-06-11T13:18:03.551837" elapsed="0.000380"/>
</kw>
<kw name="Dictionary Should Contain Key" owner="Collections">
<arg>${json_data['results'][0]['login']}</arg>
<arg>${keyTwo}</arg>
<doc>Fails if ``key`` is not found from ``dictionary``.</doc>
<status status="PASS" start="2024-06-11T13:18:03.552399" elapsed="0.000377"/>
</kw>
<kw name="Log" owner="BuiltIn">
<msg time="2024-06-11T13:18:03.553073" level="INFO">username</msg>
<arg>${keyTwo}</arg>
<doc>Logs the given message with the given level.</doc>
<status status="PASS" start="2024-06-11T13:18:03.552956" elapsed="0.000154"/>
</kw>
<var name="${keyTwo}">username</var>
<status status="PASS" start="2024-06-11T13:18:03.551732" elapsed="0.001594"/>
</iter>
<iter>
<kw name="Dictionary Should Contain Key" owner="Collections">
<arg>${json_data['results'][0]['login']}</arg>
<arg>${keyTwo}</arg>
<doc>Fails if ``key`` is not found from ``dictionary``.</doc>
<status status="PASS" start="2024-06-11T13:18:03.553608" elapsed="0.000418"/>
</kw>
<kw name="Dictionary Should Contain Key" owner="Collections">
<arg>${json_data['results'][0]['login']}</arg>
<arg>${keyTwo}</arg>
<doc>Fails if ``key`` is not found from ``dictionary``.</doc>
<status status="PASS" start="2024-06-11T13:18:03.554231" elapsed="0.000376"/>
</kw>
<kw name="Log" owner="BuiltIn">
<msg time="2024-06-11T13:18:03.554921" level="INFO">password</msg>
<arg>${keyTwo}</arg>
<doc>Logs the given message with the given level.</doc>
<status status="PASS" start="2024-06-11T13:18:03.554792" elapsed="0.000169"/>
</kw>
<var name="${keyTwo}">password</var>
<status status="PASS" start="2024-06-11T13:18:03.553502" elapsed="0.001708"/>
</iter>
<var>${keyTwo}</var>
<value>@{expected_keysTwo}</value>
<status status="PASS" start="2024-06-11T13:18:03.551576" elapsed="0.003760"/>
</for>
<status status="PASS" start="2024-06-11T13:18:03.437768" elapsed="0.117716"/>
</kw>
<doc>Testa a estrutura da resposta da API.</doc>
<tag>testeEstruturaResposta</tag>
<status status="PASS" start="2024-06-11T13:18:03.437061" elapsed="0.118594"/>
</test>
<test id="s1-s1-t4" name="Validar tipos de dados" line="28">
<kw name="Teste de Tipos de Dados" owner="random-user-service">
<kw name="GET On Session" owner="RequestsLibrary">
<msg time="2024-06-11T13:18:03.628608" level="INFO">GET Request : url=https://randomuser.me/api 
 path_url=/api 
 headers={'User-Agent': 'python-requests/2.32.3', 'Accept-Encoding': 'gzip, deflate', 'Accept': '*/*', 'Connection': 'keep-alive'} 
 body=None 
 </msg>
<msg time="2024-06-11T13:18:03.628725" level="INFO">GET Response : url=https://randomuser.me/api 
 status=200, reason=OK 
 headers={'Date': 'Tue, 11 Jun 2024 13:18:03 GMT', 'Content-Type': 'application/json; charset=utf-8', 'Transfer-Encoding': 'chunked', 'Connection': 'keep-alive', 'X-Powered-By': 'Express', 'Access-Control-Allow-Origin': '*', 'Cache-Control': 'no-cache', 'ETag': 'W/"4af-vtpMb8x6P48mLymTdqCGJzHQt8U"', 'Vary': 'Accept-Encoding', 'Content-Encoding': 'gzip', 'CF-Cache-Status': 'DYNAMIC', 'Report-To': '{"endpoints":[{"url":"https:\\/\\/a.nel.cloudflare.com\\/report\\/v4?s=xTlm5FssGX6QvaboX8R8ypwFj7PcqzP%2Bz%2Bw%2BAFBu1Q6eEee4sWRTFNru0yPhK2dEJ6dYYJdb8U3uOI0CNcwmA1sCGVaiFoPuePx5217CjphcRpKjlyM0AoawaGvRycf8"}],"group":"cf-nel","max_age":604800}', 'NEL': '{"success_fraction":0,"report_to":"cf-nel","max_age":604800}', 'Server': 'cloudflare', 'CF-RAY': '8921e2884a712a45-ORD', 'alt-svc': 'h3=":443"; ma=86400'} 
 body={"results":[{"gender":"male","name":{"title":"Mr","first":"Vicente","last":"Carbajal"},"location":{"street":{"number":6899,"name":"Prolongación Alemán"},"city":"Amozoc","state":"Tamaulipas","country":"Mexico","postcode":94075,"coordinates":{"latitude":"21.6571","longitude":"-151.7063"},"timezone":{"offset":"0:00","description":"Western Europe Time, London, Lisbon, Casablanca"}},"email":"vicente.carbajal@example.com","login":{"uuid":"f27bd0de-b334-4ac5-a75c-0d24fecf202d","username":"greenrabbit107","password":"joseph1","salt":"TlmsNWxQ","md5":"638bc3aff44908e4e4b9b410a1ca2713","sha1":"d92e7e6239101f875d70d752d2a5837b212aa3f4","sha256":"2b0e8e624e72ea22986dd67633863544b9260c76c572043dc1de900c339bd189"},"dob":{"date":"1991-09-24T09:57:11.975Z","age":32},"registered":{"date":"2005-08-08T08:36:43.030Z","age":18},"phone":"(698) 791 0187","cell":"(660) 282 5594","id":{"name":"NSS","value":"65 26 29 7698 8"},"picture":{"large":"https://randomuser.me/api/portraits/men/28.jpg","medium":"https://randomuser.me/api/portraits/med/men/28.jpg","thumbnail":"https://randomuser.me/api/portraits/thumb/men/28.jpg"},"nat":"MX"}],"info":{"seed":"9a490be3c99552e5","results":1,"page":1,"version":"1.4"}} 
 </msg>
<msg time="2024-06-11T13:18:03.628812" level="INFO">/opt/hostedtoolcache/Python/3.12.3/x64/lib/python3.12/site-packages/urllib3/connectionpool.py:1103: InsecureRequestWarning: Unverified HTTPS request is being made to host 'randomuser.me'. Adding certificate verification is strongly advised. See: https://urllib3.readthedocs.io/en/latest/advanced-usage.html#tls-warnings
  warnings.warn(</msg>
<msg time="2024-06-11T13:18:03.628975" level="INFO">${response} = &lt;Response [200]&gt;</msg>
<var>${response}</var>
<arg>consultarAPI</arg>
<arg>/api</arg>
<doc>Sends a GET request on a previously created HTTP Session.</doc>
<status status="PASS" start="2024-06-11T13:18:03.558179" elapsed="0.070844"/>
</kw>
<kw name="Set Variable" owner="BuiltIn">
<msg time="2024-06-11T13:18:03.630159" level="INFO">${json_data} = {'results': [{'gender': 'male', 'name': {'title': 'Mr', 'first': 'Vicente', 'last': 'Carbajal'}, 'location': {'street': {'number': 6899, 'name': 'Prolongación Alemán'}, 'city': 'Amozoc', 'state': 'Tam...</msg>
<var>${json_data}</var>
<arg>${response.json()}</arg>
<doc>Returns the given values which can then be assigned to a variables.</doc>
<status status="PASS" start="2024-06-11T13:18:03.629588" elapsed="0.000600"/>
</kw>
<kw name="Log" owner="BuiltIn">
<msg time="2024-06-11T13:18:03.630664" level="INFO">{'results': [{'gender': 'male', 'name': {'title': 'Mr', 'first': 'Vicente', 'last': 'Carbajal'}, 'location': {'street': {'number': 6899, 'name': 'Prolongación Alemán'}, 'city': 'Amozoc', 'state': 'Tamaulipas', 'country': 'Mexico', 'postcode': 94075, 'coordinates': {'latitude': '21.6571', 'longitude': '-151.7063'}, 'timezone': {'offset': '0:00', 'description': 'Western Europe Time, London, Lisbon, Casablanca'}}, 'email': 'vicente.carbajal@example.com', 'login': {'uuid': 'f27bd0de-b334-4ac5-a75c-0d24fecf202d', 'username': 'greenrabbit107', 'password': 'joseph1', 'salt': 'TlmsNWxQ', 'md5': '638bc3aff44908e4e4b9b410a1ca2713', 'sha1': 'd92e7e6239101f875d70d752d2a5837b212aa3f4', 'sha256': '2b0e8e624e72ea22986dd67633863544b9260c76c572043dc1de900c339bd189'}, 'dob': {'date': '1991-09-24T09:57:11.975Z', 'age': 32}, 'registered': {'date': '2005-08-08T08:36:43.030Z', 'age': 18}, 'phone': '(698) 791 0187', 'cell': '(660) 282 5594', 'id': {'name': 'NSS', 'value': '65 26 29 7698 8'}, 'picture': {'large': 'https://randomuser.me/api/portraits/men/28.jpg', 'medium': 'https://randomuser.me/api/portraits/med/men/28.jpg', 'thumbnail': 'https://randomuser.me/api/portraits/thumb/men/28.jpg'}, 'nat': 'MX'}], 'info': {'seed': '9a490be3c99552e5', 'results': 1, 'page': 1, 'version': '1.4'}}</msg>
<arg>${json_data}</arg>
<doc>Logs the given message with the given level.</doc>
<status status="PASS" start="2024-06-11T13:18:03.630502" elapsed="0.000211"/>
</kw>
<kw name="Should Be String" owner="String">
<arg>${json_data['results'][0]['gender']}</arg>
<doc>Fails if the given ``item`` is not a string.</doc>
<status status="PASS" start="2024-06-11T13:18:03.631007" elapsed="0.000370"/>
</kw>
<kw name="Should Match Regexp" owner="BuiltIn">
<arg>${json_data['results'][0]['email']}</arg>
<arg>^[a-zA-Z0-9._%+-]+@[a-zA-Z0-9.-]+\.[a-zA-Z]{2,}$</arg>
<doc>Fails if ``string`` does not match ``pattern`` as a regular expression.</doc>
<status status="PASS" start="2024-06-11T13:18:03.631607" elapsed="0.000524"/>
</kw>
<kw name="Should Match Regexp" owner="BuiltIn">
<arg>${json_data['results'][0]['dob']['date']}</arg>
<arg>\\d{4}-\\d{2}-\\d{2}T\\d{2}:\\d{2}:\\d{2}\\.\\d{3}Z</arg>
<doc>Fails if ``string`` does not match ``pattern`` as a regular expression.</doc>
<status status="PASS" start="2024-06-11T13:18:03.632329" elapsed="0.000493"/>
</kw>
<kw name="Should Match Regexp" owner="BuiltIn">
<arg>${json_data['results'][0]['registered']['date']}</arg>
<arg>\\d{4}-\\d{2}-\\d{2}T\\d{2}:\\d{2}:\\d{2}\\.\\d{3}Z</arg>
<doc>Fails if ``string`` does not match ``pattern`` as a regular expression.</doc>
<status status="PASS" start="2024-06-11T13:18:03.633012" elapsed="0.000370"/>
</kw>
<kw name="Should Match Regexp" owner="BuiltIn">
<arg>${json_data['results'][0]['picture']['large']}</arg>
<arg>^https?://.*\.(?:png|jpe?g|gif|bmp)$</arg>
<doc>Fails if ``string`` does not match ``pattern`` as a regular expression.</doc>
<status status="PASS" start="2024-06-11T13:18:03.633567" elapsed="0.000489"/>
</kw>
<kw name="Should Match Regexp" owner="BuiltIn">
<arg>${json_data['results'][0]['picture']['medium']}</arg>
<arg>^https?://.*\.(?:png|jpe?g|gif|bmp)$</arg>
<doc>Fails if ``string`` does not match ``pattern`` as a regular expression.</doc>
<status status="PASS" start="2024-06-11T13:18:03.634255" elapsed="0.000364"/>
</kw>
<kw name="Should Match Regexp" owner="BuiltIn">
<arg>${json_data['results'][0]['picture']['thumbnail']}</arg>
<arg>^https?://.*\.(?:png|jpe?g|gif|bmp)$</arg>
<doc>Fails if ``string`` does not match ``pattern`` as a regular expression.</doc>
<status status="PASS" start="2024-06-11T13:18:03.634814" elapsed="0.000358"/>
</kw>
<kw name="Log" owner="BuiltIn">
<msg time="2024-06-11T13:18:03.635686" level="INFO">{'large': 'https://randomuser.me/api/portraits/men/28.jpg', 'medium': 'https://randomuser.me/api/portraits/med/men/28.jpg', 'thumbnail': 'https://randomuser.me/api/portraits/thumb/men/28.jpg'}</msg>
<arg>${json_data['results'][0]['picture']}</arg>
<doc>Logs the given message with the given level.</doc>
<status status="PASS" start="2024-06-11T13:18:03.635356" elapsed="0.000373"/>
</kw>
<status status="PASS" start="2024-06-11T13:18:03.557941" elapsed="0.078047"/>
</kw>
<kw name="Teste de Tipos de Dados - Postcode" owner="random-user-service">
<kw name="GET On Session" owner="RequestsLibrary">
<msg time="2024-06-11T13:18:03.741440" level="INFO">GET Request : url=https://randomuser.me/api 
 path_url=/api 
 headers={'User-Agent': 'python-requests/2.32.3', 'Accept-Encoding': 'gzip, deflate', 'Accept': '*/*', 'Connection': 'keep-alive'} 
 body=None 
 </msg>
<msg time="2024-06-11T13:18:03.741539" level="INFO">GET Response : url=https://randomuser.me/api 
 status=200, reason=OK 
 headers={'Date': 'Tue, 11 Jun 2024 13:18:03 GMT', 'Content-Type': 'application/json; charset=utf-8', 'Transfer-Encoding': 'chunked', 'Connection': 'keep-alive', 'X-Powered-By': 'Express', 'Access-Control-Allow-Origin': '*', 'Cache-Control': 'no-cache', 'ETag': 'W/"4b1-LRPepz2fH981r81yzdfqkNLTiyQ"', 'Vary': 'Accept-Encoding', 'Content-Encoding': 'gzip', 'CF-Cache-Status': 'DYNAMIC', 'Report-To': '{"endpoints":[{"url":"https:\\/\\/a.nel.cloudflare.com\\/report\\/v4?s=%2FL%2B9mlj37kuGYiEvsmPWxfh8l39n04T0v%2BKKra70ZLoljjIsk%2FCOjF7N5MOz6Ks72iAM0yFlPaO%2FXyCUMro9rjq5dF%2FR5A1Rraa2aKoQ7IPeYvzUOPYO58wcwRNN7SL3"}],"group":"cf-nel","max_age":604800}', 'NEL': '{"success_fraction":0,"report_to":"cf-nel","max_age":604800}', 'Server': 'cloudflare', 'CF-RAY': '8921e288db292a45-ORD', 'alt-svc': 'h3=":443"; ma=86400'} 
 body={"results":[{"gender":"female","name":{"title":"Miss","first":"Rogvoloda","last":"Bryuhoveckiy"},"location":{"street":{"number":3643,"name":"Novotarasivskiy provulok"},"city":"Mostiska","state":"Zhitomirska","country":"Ukraine","postcode":21636,"coordinates":{"latitude":"79.1093","longitude":"179.5493"},"timezone":{"offset":"+11:00","description":"Magadan, Solomon Islands, New Caledonia"}},"email":"rogvoloda.bryuhoveckiy@example.com","login":{"uuid":"b14f5a93-25b9-4116-aef7-33d90e886a6c","username":"heavyelephant276","password":"xmas","salt":"uTLfgx53","md5":"269b38d8305b9a299450b7cb5a233ac3","sha1":"712b413a0404baf7c587ca0971fc5aa1661e9a15","sha256":"b6fa459c9686c435e3f8d492fe9a2b09e69fc0d58765fa15d45c2ece499480ad"},"dob":{"date":"1993-05-15T19:30:50.709Z","age":31},"registered":{"date":"2013-09-22T06:09:06.670Z","age":10},"phone":"(099) N53-6477","cell":"(066) K21-5070","id":{"name":"","value":null},"picture":{"large":"https://randomuser.me/api/portraits/women/2.jpg","medium":"https://randomuser.me/api/portraits/med/women/2.jpg","thumbnail":"https://randomuser.me/api/portraits/thumb/women/2.jpg"},"nat":"UA"}],"info":{"seed":"200fde7e02152a73","results":1,"page":1,"version":"1.4"}} 
 </msg>
<msg time="2024-06-11T13:18:03.741633" level="INFO">/opt/hostedtoolcache/Python/3.12.3/x64/lib/python3.12/site-packages/urllib3/connectionpool.py:1103: InsecureRequestWarning: Unverified HTTPS request is being made to host 'randomuser.me'. Adding certificate verification is strongly advised. See: https://urllib3.readthedocs.io/en/latest/advanced-usage.html#tls-warnings
  warnings.warn(</msg>
<msg time="2024-06-11T13:18:03.741777" level="INFO">${response} = &lt;Response [200]&gt;</msg>
<var>${response}</var>
<arg>consultarAPI</arg>
<arg>/api</arg>
<doc>Sends a GET request on a previously created HTTP Session.</doc>
<status status="PASS" start="2024-06-11T13:18:03.636457" elapsed="0.105368"/>
</kw>
<kw name="Set Variable" owner="BuiltIn">
<msg time="2024-06-11T13:18:03.742905" level="INFO">${json_data} = {'results': [{'gender': 'female', 'name': {'title': 'Miss', 'first': 'Rogvoloda', 'last': 'Bryuhoveckiy'}, 'location': {'street': {'number': 3643, 'name': 'Novotarasivskiy provulok'}, 'city': 'Mostisk...</msg>
<var>${json_data}</var>
<arg>${response.json()}</arg>
<doc>Returns the given values which can then be assigned to a variables.</doc>
<status status="PASS" start="2024-06-11T13:18:03.742375" elapsed="0.000558"/>
</kw>
<kw name="Log" owner="BuiltIn">
<msg time="2024-06-11T13:18:03.743425" level="INFO">{'results': [{'gender': 'female', 'name': {'title': 'Miss', 'first': 'Rogvoloda', 'last': 'Bryuhoveckiy'}, 'location': {'street': {'number': 3643, 'name': 'Novotarasivskiy provulok'}, 'city': 'Mostiska', 'state': 'Zhitomirska', 'country': 'Ukraine', 'postcode': 21636, 'coordinates': {'latitude': '79.1093', 'longitude': '179.5493'}, 'timezone': {'offset': '+11:00', 'description': 'Magadan, Solomon Islands, New Caledonia'}}, 'email': 'rogvoloda.bryuhoveckiy@example.com', 'login': {'uuid': 'b14f5a93-25b9-4116-aef7-33d90e886a6c', 'username': 'heavyelephant276', 'password': 'xmas', 'salt': 'uTLfgx53', 'md5': '269b38d8305b9a299450b7cb5a233ac3', 'sha1': '712b413a0404baf7c587ca0971fc5aa1661e9a15', 'sha256': 'b6fa459c9686c435e3f8d492fe9a2b09e69fc0d58765fa15d45c2ece499480ad'}, 'dob': {'date': '1993-05-15T19:30:50.709Z', 'age': 31}, 'registered': {'date': '2013-09-22T06:09:06.670Z', 'age': 10}, 'phone': '(099) N53-6477', 'cell': '(066) K21-5070', 'id': {'name': '', 'value': None}, 'picture': {'large': 'https://randomuser.me/api/portraits/women/2.jpg', 'medium': 'https://randomuser.me/api/portraits/med/women/2.jpg', 'thumbnail': 'https://randomuser.me/api/portraits/thumb/women/2.jpg'}, 'nat': 'UA'}], 'info': {'seed': '200fde7e02152a73', 'results': 1, 'page': 1, 'version': '1.4'}}</msg>
<arg>${json_data}</arg>
<doc>Logs the given message with the given level.</doc>
<status status="PASS" start="2024-06-11T13:18:03.743265" elapsed="0.000211"/>
</kw>
<kw name="Should Be Equal As Numbers" owner="BuiltIn">
<arg>${json_data['results'][0]['location']['postcode']}</arg>
<arg>${json_data['results'][0]['location']['postcode']}</arg>
<doc>Fails if objects are unequal after converting them to real numbers.</doc>
<status status="PASS" start="2024-06-11T13:18:03.743768" elapsed="0.000629"/>
</kw>
<kw name="Log" owner="BuiltIn">
<msg time="2024-06-11T13:18:03.744963" level="INFO">21636</msg>
<arg>${json_data['results'][0]['location']['postcode']}</arg>
<doc>Logs the given message with the given level.</doc>
<status status="PASS" start="2024-06-11T13:18:03.744627" elapsed="0.000377"/>
</kw>
<status status="PASS" start="2024-06-11T13:18:03.636216" elapsed="0.109045"/>
</kw>
<doc>Testa se os tipos de dados na resposta da API estão corretos.</doc>
<tag>testeTiposDados</tag>
<status status="PASS" start="2024-06-11T13:18:03.557466" elapsed="0.187967"/>
</test>
<test id="s1-s1-t5" name="Validar conteudo" line="35">
<kw name="Teste de Tipos de Conteudo" owner="random-user-service">
<kw name="GET On Session" owner="RequestsLibrary">
<msg time="2024-06-11T13:18:03.830659" level="INFO">GET Request : url=https://randomuser.me/api 
 path_url=/api 
 headers={'User-Agent': 'python-requests/2.32.3', 'Accept-Encoding': 'gzip, deflate', 'Accept': '*/*', 'Connection': 'keep-alive'} 
 body=None 
 </msg>
<msg time="2024-06-11T13:18:03.830755" level="INFO">GET Response : url=https://randomuser.me/api 
 status=200, reason=OK 
 headers={'Date': 'Tue, 11 Jun 2024 13:18:03 GMT', 'Content-Type': 'application/json; charset=utf-8', 'Transfer-Encoding': 'chunked', 'Connection': 'keep-alive', 'X-Powered-By': 'Express', 'Access-Control-Allow-Origin': '*', 'Cache-Control': 'no-cache', 'ETag': 'W/"4ae-E92LoOr7pppdbjFgvFHcz22tj7U"', 'Vary': 'Accept-Encoding', 'Content-Encoding': 'gzip', 'CF-Cache-Status': 'DYNAMIC', 'Report-To': '{"endpoints":[{"url":"https:\\/\\/a.nel.cloudflare.com\\/report\\/v4?s=y4F2kZ8CxlZm4XySBhRCVaBVJ03Of9oOZ2bXl9OgU1tzW86CiDXYPq3BFKGsP5lV7X3ZE1E%2FKWwN3EkhWNlsEiDe9MsR%2FTfQSlBldbJ4dQ5KJDRBisR5M07OG3YXe7kB"}],"group":"cf-nel","max_age":604800}', 'NEL': '{"success_fraction":0,"report_to":"cf-nel","max_age":604800}', 'Server': 'cloudflare', 'CF-RAY': '8921e2897bf02a45-ORD', 'alt-svc': 'h3=":443"; ma=86400'} 
 body={"results":[{"gender":"female","name":{"title":"Ms","first":"Isabelle","last":"Parker"},"location":{"street":{"number":9577,"name":"Manchester Road"},"city":"Birmingham","state":"Durham","country":"United Kingdom","postcode":"A2 4EY","coordinates":{"latitude":"-5.2497","longitude":"6.2052"},"timezone":{"offset":"-5:00","description":"Eastern Time (US &amp; Canada), Bogota, Lima"}},"email":"isabelle.parker@example.com","login":{"uuid":"6ac4f615-2b8b-4628-9e85-e16d8c9b110c","username":"goldentiger183","password":"lawson","salt":"RGTyiGx6","md5":"fb38149616f55a103c02eea8f81d647d","sha1":"56f4c451634e0a3279e472555e5096dd4c70534d","sha256":"f278938601ff47bb7942ef44cf68886ed2e6aa388b5c7bd138cb29010271d4f7"},"dob":{"date":"1969-02-20T07:47:50.360Z","age":55},"registered":{"date":"2019-09-21T02:59:32.751Z","age":4},"phone":"0117934 335 4997","cell":"07237 312063","id":{"name":"NINO","value":"OP 81 94 71 C"},"picture":{"large":"https://randomuser.me/api/portraits/women/50.jpg","medium":"https://randomuser.me/api/portraits/med/women/50.jpg","thumbnail":"https://randomuser.me/api/portraits/thumb/women/50.jpg"},"nat":"GB"}],"info":{"seed":"af899421c22d3212","results":1,"page":1,"version":"1.4"}} 
 </msg>
<msg time="2024-06-11T13:18:03.830827" level="INFO">/opt/hostedtoolcache/Python/3.12.3/x64/lib/python3.12/site-packages/urllib3/connectionpool.py:1103: InsecureRequestWarning: Unverified HTTPS request is being made to host 'randomuser.me'. Adding certificate verification is strongly advised. See: https://urllib3.readthedocs.io/en/latest/advanced-usage.html#tls-warnings
  warnings.warn(</msg>
<msg time="2024-06-11T13:18:03.830966" level="INFO">${response} = &lt;Response [200]&gt;</msg>
<var>${response}</var>
<arg>consultarAPI</arg>
<arg>/api</arg>
<doc>Sends a GET request on a previously created HTTP Session.</doc>
<status status="PASS" start="2024-06-11T13:18:03.747961" elapsed="0.083047"/>
</kw>
<kw name="Set Variable" owner="BuiltIn">
<msg time="2024-06-11T13:18:03.832111" level="INFO">${json_data} = {'results': [{'gender': 'female', 'name': {'title': 'Ms', 'first': 'Isabelle', 'last': 'Parker'}, 'location': {'street': {'number': 9577, 'name': 'Manchester Road'}, 'city': 'Birmingham', 'state': 'Du...</msg>
<var>${json_data}</var>
<arg>${response.json()}</arg>
<doc>Returns the given values which can then be assigned to a variables.</doc>
<status status="PASS" start="2024-06-11T13:18:03.831551" elapsed="0.000591"/>
</kw>
<kw name="Set Variable" owner="BuiltIn">
<msg time="2024-06-11T13:18:03.832851" level="INFO">${name_title} = Ms</msg>
<var>${name_title}</var>
<arg>${json_data["results"][0]["name"]["title"]}</arg>
<doc>Returns the given values which can then be assigned to a variables.</doc>
<status status="PASS" start="2024-06-11T13:18:03.832459" elapsed="0.000418"/>
</kw>
<kw name="Create List" owner="BuiltIn">
<msg time="2024-06-11T13:18:03.833368" level="INFO">${allowed_titles} = ['Mr', 'Ms', 'Miss', 'Mrs', 'Madame', 'Monsieur']</msg>
<var>${allowed_titles}</var>
<arg>Mr</arg>
<arg>Ms</arg>
<arg>Miss</arg>
<arg>Mrs</arg>
<arg>Madame</arg>
<arg>Monsieur</arg>
<doc>Returns a list containing given items.</doc>
<status status="PASS" start="2024-06-11T13:18:03.833211" elapsed="0.000182"/>
</kw>
<kw name="List Should Contain Value" owner="Collections">
<arg>${allowed_titles}</arg>
<arg>${name_title}</arg>
<doc>Fails if the ``value`` is not found from ``list``.</doc>
<status status="PASS" start="2024-06-11T13:18:03.833698" elapsed="0.000178"/>
</kw>
<kw name="Set Variable" owner="BuiltIn">
<msg time="2024-06-11T13:18:03.834483" level="INFO">${name_country} = GB</msg>
<var>${name_country}</var>
<arg>${json_data["results"][0]["nat"]}</arg>
<doc>Returns the given values which can then be assigned to a variables.</doc>
<status status="PASS" start="2024-06-11T13:18:03.834097" elapsed="0.000411"/>
</kw>
<kw name="Create List" owner="BuiltIn">
<msg time="2024-06-11T13:18:03.835395" level="INFO">${list_country} = ['AD', 'AE', 'AF', 'AG', 'AI', 'AL', 'AM', 'AO', 'AQ', 'AR', 'AS', 'AT', 'AU', 'AW', 'AX', 'AZ', 'BA', 'BB', 'BD', 'BE', 'BF', 'BG', 'BH', 'BI', 'BJ', 'BL', 'BM', 'BN', 'BO', 'BQ', 'BR', 'BS', 'BT', '...</msg>
<var>${list_country}</var>
<arg>AD</arg>
<arg>AE</arg>
<arg>AF</arg>
<arg>AG</arg>
<arg>AI</arg>
<arg>AL</arg>
<arg>AM</arg>
<arg>AO</arg>
<arg>AQ</arg>
<arg>AR</arg>
<arg>AS</arg>
<arg>AT</arg>
<arg>AU</arg>
<arg>AW</arg>
<arg>AX</arg>
<arg>AZ</arg>
<arg>BA</arg>
<arg>BB</arg>
<arg>BD</arg>
<arg>BE</arg>
<arg>BF</arg>
<arg>BG</arg>
<arg>BH</arg>
<arg>BI</arg>
<arg>BJ</arg>
<arg>BL</arg>
<arg>BM</arg>
<arg>BN</arg>
<arg>BO</arg>
<arg>BQ</arg>
<arg>BR</arg>
<arg>BS</arg>
<arg>BT</arg>
<arg>BV</arg>
<arg>BW</arg>
<arg>BY</arg>
<arg>BZ</arg>
<arg>CA</arg>
<arg>CC</arg>
<arg>CD</arg>
<arg>CF</arg>
<arg>CG</arg>
<arg>CH</arg>
<arg>CI</arg>
<arg>CK</arg>
<arg>CL</arg>
<arg>CM</arg>
<arg>CN</arg>
<arg>CO</arg>
<arg>CR</arg>
<arg>CU</arg>
<arg>CV</arg>
<arg>CW</arg>
<arg>CX</arg>
<arg>CY</arg>
<arg>CZ</arg>
<arg>DE</arg>
<arg>DJ</arg>
<arg>DK</arg>
<arg>DM</arg>
<arg>DO</arg>
<arg>DZ</arg>
<arg>EC</arg>
<arg>EE</arg>
<arg>EG</arg>
<arg>EH</arg>
<arg>ER</arg>
<arg>ES</arg>
<arg>ET</arg>
<arg>FI</arg>
<arg>FJ</arg>
<arg>FK</arg>
<arg>FM</arg>
<arg>FO</arg>
<arg>FR</arg>
<arg>GA</arg>
<arg>GB</arg>
<arg>GD</arg>
<arg>GE</arg>
<arg>GF</arg>
<arg>GG</arg>
<arg>GH</arg>
<arg>GI</arg>
<arg>GL</arg>
<arg>GM</arg>
<arg>GN</arg>
<arg>GP</arg>
<arg>GQ</arg>
<arg>GR</arg>
<arg>GS</arg>
<arg>GT</arg>
<arg>GU</arg>
<arg>GW</arg>
<arg>GY</arg>
<arg>HK</arg>
<arg>HM</arg>
<arg>HN</arg>
<arg>HR</arg>
<arg>HT</arg>
<arg>HU</arg>
<arg>ID</arg>
<arg>IE</arg>
<arg>IL</arg>
<arg>IM</arg>
<arg>IN</arg>
<arg>IO</arg>
<arg>IQ</arg>
<arg>IR</arg>
<arg>IS</arg>
<arg>IT</arg>
<arg>JE</arg>
<arg>JM</arg>
<arg>JO</arg>
<arg>JP</arg>
<arg>KE</arg>
<arg>KG</arg>
<arg>KH</arg>
<arg>KI</arg>
<arg>KM</arg>
<arg>KN</arg>
<arg>KP</arg>
<arg>KR</arg>
<arg>KW</arg>
<arg>KY</arg>
<arg>KZ</arg>
<arg>LA</arg>
<arg>LB</arg>
<arg>LC</arg>
<arg>LI</arg>
<arg>LK</arg>
<arg>LR</arg>
<arg>LS</arg>
<arg>LT</arg>
<arg>LU</arg>
<arg>LV</arg>
<arg>LY</arg>
<arg>MA</arg>
<arg>MC</arg>
<arg>MD</arg>
<arg>ME</arg>
<arg>MF</arg>
<arg>MG</arg>
<arg>MH</arg>
<arg>MK</arg>
<arg>ML</arg>
<arg>MM</arg>
<arg>MN</arg>
<arg>MO</arg>
<arg>MP</arg>
<arg>MQ</arg>
<arg>MR</arg>
<arg>MS</arg>
<arg>MT</arg>
<arg>MU</arg>
<arg>MV</arg>
<arg>MW</arg>
<arg>MX</arg>
<arg>MY</arg>
<arg>MZ</arg>
<arg>NA</arg>
<arg>NC</arg>
<arg>NE</arg>
<arg>NF</arg>
<arg>NG</arg>
<arg>NI</arg>
<arg>NL</arg>
<arg>NO</arg>
<arg>NP</arg>
<arg>NR</arg>
<arg>NU</arg>
<arg>NZ</arg>
<arg>OM</arg>
<arg>PA</arg>
<arg>PE</arg>
<arg>PF</arg>
<arg>PG</arg>
<arg>PH</arg>
<arg>PK</arg>
<arg>PL</arg>
<arg>PM</arg>
<arg>PN</arg>
<arg>PR</arg>
<arg>PS</arg>
<arg>PT</arg>
<arg>PW</arg>
<arg>PY</arg>
<arg>QA</arg>
<arg>RE</arg>
<arg>RO</arg>
<arg>RS</arg>
<arg>RU</arg>
<arg>RW</arg>
<arg>SA</arg>
<arg>SB</arg>
<arg>SC</arg>
<arg>SD</arg>
<arg>SE</arg>
<arg>SG</arg>
<arg>SH</arg>
<arg>SI</arg>
<arg>SJ</arg>
<arg>SK</arg>
<arg>SL</arg>
<arg>SM</arg>
<arg>SN</arg>
<arg>SO</arg>
<arg>SR</arg>
<arg>SS</arg>
<arg>ST</arg>
<arg>SV</arg>
<arg>SX</arg>
<arg>SY</arg>
<arg>SZ</arg>
<arg>TC</arg>
<arg>TD</arg>
<arg>TF</arg>
<arg>TG</arg>
<arg>TH</arg>
<arg>TJ</arg>
<arg>TK</arg>
<arg>TL</arg>
<arg>TM</arg>
<arg>TN</arg>
<arg>TO</arg>
<arg>TR</arg>
<arg>TT</arg>
<arg>TV</arg>
<arg>TW</arg>
<arg>TZ</arg>
<arg>UA</arg>
<arg>UG</arg>
<arg>UM</arg>
<arg>US</arg>
<arg>UY</arg>
<arg>UZ</arg>
<arg>VA</arg>
<arg>VC</arg>
<arg>VE</arg>
<arg>VG</arg>
<arg>VI</arg>
<arg>VN</arg>
<arg>VU</arg>
<arg>WF</arg>
<arg>WS</arg>
<arg>XK</arg>
<arg>YE</arg>
<arg>YT</arg>
<arg>ZA</arg>
<arg>ZM</arg>
<arg>ZW</arg>
<doc>Returns a list containing given items.</doc>
<status status="PASS" start="2024-06-11T13:18:03.834802" elapsed="0.000623"/>
</kw>
<kw name="List Should Contain Value" owner="Collections">
<arg>${list_country}</arg>
<arg>${name_country}</arg>
<doc>Fails if the ``value`` is not found from ``list``.</doc>
<status status="PASS" start="2024-06-11T13:18:03.836220" elapsed="0.000202"/>
</kw>
<kw name="Run Keyword If" owner="BuiltIn">
<kw name="Should Be True" owner="BuiltIn">
<arg>${True}</arg>
<doc>Fails if the given condition is not true.</doc>
<status status="PASS" start="2024-06-11T13:18:03.837525" elapsed="0.000142"/>
</kw>
<arg>${json_data["results"][0]["location"]["coordinates"]["latitude"]} &gt;= -90 and ${json_data["results"][0]["location"]["coordinates"]["latitude"]} &lt;= 90</arg>
<arg>Should Be True</arg>
<arg>${True}</arg>
<doc>Runs the given keyword with the given arguments, if ``condition`` is true.</doc>
<status status="PASS" start="2024-06-11T13:18:03.836621" elapsed="0.001174"/>
</kw>
<kw name="Run Keyword If" owner="BuiltIn">
<kw name="Should Be True" owner="BuiltIn">
<arg>${True}</arg>
<doc>Fails if the given condition is not true.</doc>
<status status="PASS" start="2024-06-11T13:18:03.838716" elapsed="0.000138"/>
</kw>
<arg>${json_data["results"][0]["location"]["coordinates"]["longitude"]} &gt;= -180 and ${json_data["results"][0]["location"]["coordinates"]["longitude"]} &lt;= 180</arg>
<arg>Should Be True</arg>
<arg>${True}</arg>
<doc>Runs the given keyword with the given arguments, if ``condition`` is true.</doc>
<status status="PASS" start="2024-06-11T13:18:03.838018" elapsed="0.000962"/>
</kw>
<status status="PASS" start="2024-06-11T13:18:03.747734" elapsed="0.091377"/>
</kw>
<doc>Testa o conteúdo específico dos campos retornados pela API.</doc>
<tag>testeConteudo</tag>
<status status="PASS" start="2024-06-11T13:18:03.747281" elapsed="0.091983"/>
</test>
<status status="PASS" start="2024-06-11T13:18:02.954281" elapsed="0.886970"/>
</suite>
<status status="PASS" start="2024-06-11T13:18:02.940507" elapsed="0.905768"/>
</suite>
<statistics>
<total>
<stat pass="5" fail="0" skip="0">All Tests</stat>
</total>
<tag>
<stat pass="1" fail="0" skip="0">testeConteudo</stat>
<stat pass="1" fail="0" skip="0">testeEstruturaResposta</stat>
<stat pass="1" fail="0" skip="0">testeRequisicaoBasica</stat>
<stat pass="1" fail="0" skip="0">testeTiposDados</stat>
</tag>
<suite>
<stat pass="5" fail="0" skip="0" id="s1" name="Tests">Tests</stat>
<stat pass="5" fail="0" skip="0" id="s1-s1" name="Random-User-Test">Tests.Random-User-Test</stat>
</suite>
</statistics>
<errors>
</errors>
</robot>
