<?xml version="1.0" encoding="UTF-8"?>
<robot generator="Robot 7.0 (Python 3.12.2 on linux)" generated="2024-03-28T17:14:00.989790" rpa="false" schemaversion="5">
<suite id="s1" name="Tests" source="/home/runner/work/DesafioQAItauRogerioJordao/DesafioQAItauRogerioJordao/RamdonUser/tests">
<suite id="s1-s1" name="Random-User-Test" source="/home/runner/work/DesafioQAItauRogerioJordao/DesafioQAItauRogerioJordao/RamdonUser/tests/random-user-test.robot">
<test id="s1-s1-t1" name="Conectar" line="13">
<kw name="Conectar API" owner="random-user-service">
<kw name="Create Session" owner="RequestsLibrary">
<msg time="2024-03-28T17:14:01.431775" level="INFO">Creating Session using : alias=consultarAPI, url=https://randomuser.me/, headers={},                     cookies={}, auth=None, timeout=None, proxies=None, verify=False,                     debug=0 </msg>
<arg>consultarAPI</arg>
<arg>${URL}</arg>
<doc>Create Session: create a HTTP session to a server</doc>
<status status="PASS" start="2024-03-28T17:14:01.431578" elapsed="0.000347"/>
</kw>
<status status="PASS" start="2024-03-28T17:14:01.430578" elapsed="0.001693"/>
</kw>
<status status="PASS" start="2024-03-28T17:14:01.430049" elapsed="0.002426"/>
</test>
<test id="s1-s1-t2" name="Validar retorno 200 e JSON Válido" line="16">
<kw name="Teste de Requisicao Basica" owner="random-user-service">
<kw name="GET On Session" owner="RequestsLibrary">
<msg time="2024-03-28T17:14:01.705258" level="INFO">GET Request : url=https://randomuser.me/api 
 path_url=/api 
 headers={'User-Agent': 'python-requests/2.31.0', 'Accept-Encoding': 'gzip, deflate', 'Accept': '*/*', 'Connection': 'keep-alive'} 
 body=None 
 </msg>
<msg time="2024-03-28T17:14:01.705399" level="INFO">GET Response : url=https://randomuser.me/api 
 status=200, reason=OK 
 headers={'Date': 'Thu, 28 Mar 2024 17:14:01 GMT', 'Content-Type': 'application/json; charset=utf-8', 'Transfer-Encoding': 'chunked', 'Connection': 'keep-alive', 'X-Powered-By': 'Express', 'Access-Control-Allow-Origin': '*', 'Cache-Control': 'no-cache', 'ETag': 'W/"495-nMT3tep2GCeUu09R++Iv5Tl3LdI"', 'Vary': 'Accept-Encoding', 'Content-Encoding': 'gzip', 'CF-Cache-Status': 'DYNAMIC', 'Report-To': '{"endpoints":[{"url":"https:\\/\\/a.nel.cloudflare.com\\/report\\/v4?s=4Ig0SFIJ0ETm46PF87TYHjeKRdfgY%2BzElyRg668mBZV6GEEfLw00levyaiiDPtPGLSFoleAkF%2BTtfNOHyFS97rowWXFJW%2F67p3MTyx9MFBXbTzi%2BDumcq9WAVVbgXpcs"}],"group":"cf-nel","max_age":604800}', 'NEL': '{"success_fraction":0,"report_to":"cf-nel","max_age":604800}', 'Server': 'cloudflare', 'CF-RAY': '86b9410f3c742d20-IAD', 'alt-svc': 'h3=":443"; ma=86400'} 
 body={"results":[{"gender":"female","name":{"title":"Miss","first":"Mira","last":"Đokanović"},"location":{"street":{"number":378,"name":"Rekovačka Ulica"},"city":"Negotin","state":"Pčinja","country":"Serbia","postcode":40759,"coordinates":{"latitude":"56.3413","longitude":"135.8651"},"timezone":{"offset":"+8:00","description":"Beijing, Perth, Singapore, Hong Kong"}},"email":"mira.dokanovic@example.com","login":{"uuid":"922d0b8a-5695-4d96-8126-e67c48acfefb","username":"happytiger455","password":"bond","salt":"AMt1KxIh","md5":"937156d5c8b44745d8662556429ebefd","sha1":"e2af9216366533290416b4b1f30bea920f1b9099","sha256":"e9fea822f0587a64cce1669b08b43cdb6e6cff2293d965b9c86bf9048d2b41da"},"dob":{"date":"1972-07-29T19:46:03.742Z","age":51},"registered":{"date":"2017-07-10T23:00:22.604Z","age":6},"phone":"026-7989-758","cell":"064-8505-809","id":{"name":"SID","value":"353194281"},"picture":{"large":"https://randomuser.me/api/portraits/women/27.jpg","medium":"https://randomuser.me/api/portraits/med/women/27.jpg","thumbnail":"https://randomuser.me/api/portraits/thumb/women/27.jpg"},"nat":"RS"}],"info":{"seed":"d07ebd002b8b39de","results":1,"page":1,"version":"1.4"}} 
 </msg>
<msg time="2024-03-28T17:14:01.705520" level="INFO">/opt/hostedtoolcache/Python/3.12.2/x64/lib/python3.12/site-packages/urllib3/connectionpool.py:1103: InsecureRequestWarning: Unverified HTTPS request is being made to host 'randomuser.me'. Adding certificate verification is strongly advised. See: https://urllib3.readthedocs.io/en/latest/advanced-usage.html#tls-warnings
  warnings.warn(</msg>
<msg time="2024-03-28T17:14:01.705664" level="INFO">${response} = &lt;Response [200]&gt;</msg>
<var>${response}</var>
<arg>consultarAPI</arg>
<arg>/api</arg>
<doc>Sends a GET request on a previously created HTTP Session.</doc>
<status status="PASS" start="2024-03-28T17:14:01.435036" elapsed="0.270686"/>
</kw>
<kw name="Should Be Equal As Numbers" owner="BuiltIn">
<msg time="2024-03-28T17:14:01.706726" level="INFO">Argument types are:
&lt;class 'int'&gt;
&lt;class 'str'&gt;</msg>
<arg>${response.status_code}</arg>
<arg>200</arg>
<doc>Fails if objects are unequal after converting them to real numbers.</doc>
<status status="PASS" start="2024-03-28T17:14:01.706245" elapsed="0.000576"/>
</kw>
<kw name="Log" owner="BuiltIn">
<msg time="2024-03-28T17:14:01.707508" level="INFO">200</msg>
<arg>${response.status_code}</arg>
<doc>Logs the given message with the given level.</doc>
<status status="PASS" start="2024-03-28T17:14:01.707154" elapsed="0.000397"/>
</kw>
<kw name="Set Variable" owner="BuiltIn">
<msg time="2024-03-28T17:14:01.708335" level="INFO">${json_data} = {'results': [{'gender': 'female', 'name': {'title': 'Miss', 'first': 'Mira', 'last': 'Đokanović'}, 'location': {'street': {'number': 378, 'name': 'Rekovačka Ulica'}, 'city': 'Negotin', 'state': 'Pčinj...</msg>
<var>${json_data}</var>
<arg>${response.json()}</arg>
<doc>Returns the given values which can then be assigned to a variables.</doc>
<status status="PASS" start="2024-03-28T17:14:01.707892" elapsed="0.000473"/>
</kw>
<kw name="Dictionary Should Contain Key" owner="Collections">
<msg time="2024-03-28T17:14:01.708826" level="INFO">False</msg>
<arg>${json_data}</arg>
<arg>results</arg>
<doc>Fails if ``key`` is not found from ``dictionary``.</doc>
<status status="PASS" start="2024-03-28T17:14:01.708665" elapsed="0.000199"/>
</kw>
<status status="PASS" start="2024-03-28T17:14:01.434755" elapsed="0.274355"/>
</kw>
<doc>Testa se a API responde corretamente e retorna um objeto JSON válido.</doc>
<tag>testeRequisicaoBasica</tag>
<status status="PASS" start="2024-03-28T17:14:01.434286" elapsed="0.274995"/>
</test>
<test id="s1-s1-t3" name="Validar estrutura de resposta" line="22">
<kw name="Teste de Estrutura de Resposta" owner="random-user-service">
<kw name="GET On Session" owner="RequestsLibrary">
<msg time="2024-03-28T17:14:01.816200" level="INFO">GET Request : url=https://randomuser.me/api 
 path_url=/api 
 headers={'User-Agent': 'python-requests/2.31.0', 'Accept-Encoding': 'gzip, deflate', 'Accept': '*/*', 'Connection': 'keep-alive'} 
 body=None 
 </msg>
<msg time="2024-03-28T17:14:01.816264" level="INFO">GET Response : url=https://randomuser.me/api 
 status=200, reason=OK 
 headers={'Date': 'Thu, 28 Mar 2024 17:14:01 GMT', 'Content-Type': 'application/json; charset=utf-8', 'Transfer-Encoding': 'chunked', 'Connection': 'keep-alive', 'X-Powered-By': 'Express', 'Access-Control-Allow-Origin': '*', 'Cache-Control': 'no-cache', 'ETag': 'W/"49e-s7OqamlFvy0KLr0emQkCuzOg8o0"', 'Vary': 'Accept-Encoding', 'Content-Encoding': 'gzip', 'CF-Cache-Status': 'DYNAMIC', 'Report-To': '{"endpoints":[{"url":"https:\\/\\/a.nel.cloudflare.com\\/report\\/v4?s=VPbFH2lBRx5BHc2zr7qhisWv28%2Fo72VCVQ9pjOrUTUKS1yVlHsmncRp%2Fr0SD%2BxfA8JjRG0%2F3gJIC9W0mOlUD4r2PAczTDGWt%2FaJhzg1IdDeMDb1kDLp8oleJnL6oMoIs"}],"group":"cf-nel","max_age":604800}', 'NEL': '{"success_fraction":0,"report_to":"cf-nel","max_age":604800}', 'Server': 'cloudflare', 'CF-RAY': '86b94110bf0d2d20-IAD', 'alt-svc': 'h3=":443"; ma=86400'} 
 body={"results":[{"gender":"male","name":{"title":"Mr","first":"Nikifor","last":"Drob'yazko"},"location":{"street":{"number":6139,"name":"Chernigivska ploshcha"},"city":"Bashtanka","state":"Zhitomirska","country":"Ukraine","postcode":26147,"coordinates":{"latitude":"79.9506","longitude":"-94.7315"},"timezone":{"offset":"+5:30","description":"Bombay, Calcutta, Madras, New Delhi"}},"email":"nikifor.drob'yazko@example.com","login":{"uuid":"94b9f032-9b35-468f-9799-ef49cb15a5a0","username":"organicmeercat897","password":"iawgk2","salt":"JTntBG81","md5":"a089d080ce67dc7457165b0d5ccea09c","sha1":"1be557c643c7b7cfa69d58f3f821bed4ca3c01bb","sha256":"d7b797c70e9353f7c48ab81866675475b15dc96f5e1db58c76584381ff89aa10"},"dob":{"date":"2000-11-09T00:58:56.135Z","age":23},"registered":{"date":"2008-01-17T19:11:52.575Z","age":16},"phone":"(098) S13-6360","cell":"(098) V67-4068","id":{"name":"","value":null},"picture":{"large":"https://randomuser.me/api/portraits/men/56.jpg","medium":"https://randomuser.me/api/portraits/med/men/56.jpg","thumbnail":"https://randomuser.me/api/portraits/thumb/men/56.jpg"},"nat":"UA"}],"info":{"seed":"4b0fba855f9dff08","results":1,"page":1,"version":"1.4"}} 
 </msg>
<msg time="2024-03-28T17:14:01.816363" level="INFO">/opt/hostedtoolcache/Python/3.12.2/x64/lib/python3.12/site-packages/urllib3/connectionpool.py:1103: InsecureRequestWarning: Unverified HTTPS request is being made to host 'randomuser.me'. Adding certificate verification is strongly advised. See: https://urllib3.readthedocs.io/en/latest/advanced-usage.html#tls-warnings
  warnings.warn(</msg>
<msg time="2024-03-28T17:14:01.816461" level="INFO">${response} = &lt;Response [200]&gt;</msg>
<var>${response}</var>
<arg>consultarAPI</arg>
<arg>/api</arg>
<doc>Sends a GET request on a previously created HTTP Session.</doc>
<status status="PASS" start="2024-03-28T17:14:01.712012" elapsed="0.104491"/>
</kw>
<kw name="Set Variable" owner="BuiltIn">
<msg time="2024-03-28T17:14:01.817498" level="INFO">${json_data} = {'results': [{'gender': 'male', 'name': {'title': 'Mr', 'first': 'Nikifor', 'last': "Drob'yazko"}, 'location': {'street': {'number': 6139, 'name': 'Chernigivska ploshcha'}, 'city': 'Bashtanka', 'state...</msg>
<var>${json_data}</var>
<arg>${response.json()}</arg>
<doc>Returns the given values which can then be assigned to a variables.</doc>
<status status="PASS" start="2024-03-28T17:14:01.816954" elapsed="0.000572"/>
</kw>
<kw name="Log" owner="BuiltIn">
<msg time="2024-03-28T17:14:01.817992" level="INFO">{'results': [{'gender': 'male', 'name': {'title': 'Mr', 'first': 'Nikifor', 'last': "Drob'yazko"}, 'location': {'street': {'number': 6139, 'name': 'Chernigivska ploshcha'}, 'city': 'Bashtanka', 'state': 'Zhitomirska', 'country': 'Ukraine', 'postcode': 26147, 'coordinates': {'latitude': '79.9506', 'longitude': '-94.7315'}, 'timezone': {'offset': '+5:30', 'description': 'Bombay, Calcutta, Madras, New Delhi'}}, 'email': "nikifor.drob'yazko@example.com", 'login': {'uuid': '94b9f032-9b35-468f-9799-ef49cb15a5a0', 'username': 'organicmeercat897', 'password': 'iawgk2', 'salt': 'JTntBG81', 'md5': 'a089d080ce67dc7457165b0d5ccea09c', 'sha1': '1be557c643c7b7cfa69d58f3f821bed4ca3c01bb', 'sha256': 'd7b797c70e9353f7c48ab81866675475b15dc96f5e1db58c76584381ff89aa10'}, 'dob': {'date': '2000-11-09T00:58:56.135Z', 'age': 23}, 'registered': {'date': '2008-01-17T19:11:52.575Z', 'age': 16}, 'phone': '(098) S13-6360', 'cell': '(098) V67-4068', 'id': {'name': '', 'value': None}, 'picture': {'large': 'https://randomuser.me/api/portraits/men/56.jpg', 'medium': 'https://randomuser.me/api/portraits/med/men/56.jpg', 'thumbnail': 'https://randomuser.me/api/portraits/thumb/men/56.jpg'}, 'nat': 'UA'}], 'info': {'seed': '4b0fba855f9dff08', 'results': 1, 'page': 1, 'version': '1.4'}}</msg>
<arg>${json_data}</arg>
<doc>Logs the given message with the given level.</doc>
<status status="PASS" start="2024-03-28T17:14:01.817835" elapsed="0.000204"/>
</kw>
<kw name="Dictionary Should Contain Key" owner="Collections">
<msg time="2024-03-28T17:14:01.818482" level="INFO">False</msg>
<arg>${json_data}</arg>
<arg>results</arg>
<doc>Fails if ``key`` is not found from ``dictionary``.</doc>
<status status="PASS" start="2024-03-28T17:14:01.818333" elapsed="0.000185"/>
</kw>
<kw name="Should Not Be Empty" owner="BuiltIn">
<msg time="2024-03-28T17:14:01.818992" level="INFO">Length is 2.</msg>
<arg>${json_data}</arg>
<doc>Verifies that the given item is not empty.</doc>
<status status="PASS" start="2024-03-28T17:14:01.818848" elapsed="0.000183"/>
</kw>
<kw name="Create List" owner="BuiltIn">
<msg time="2024-03-28T17:14:01.819473" level="INFO">${expected_keys} = ['gender', 'name', 'location', 'email', 'login']</msg>
<var>${expected_keys}</var>
<arg>gender</arg>
<arg>name</arg>
<arg>location</arg>
<arg>email</arg>
<arg>login</arg>
<doc>Returns a list containing given items.</doc>
<status status="PASS" start="2024-03-28T17:14:01.819323" elapsed="0.000174"/>
</kw>
<for flavor="IN">
<iter>
<kw name="Dictionary Should Contain Key" owner="Collections">
<msg time="2024-03-28T17:14:01.820451" level="INFO">False</msg>
<arg>${json_data['results'][0]}</arg>
<arg>${key}</arg>
<doc>Fails if ``key`` is not found from ``dictionary``.</doc>
<status status="PASS" start="2024-03-28T17:14:01.820052" elapsed="0.000438"/>
</kw>
<kw name="Log" owner="BuiltIn">
<msg time="2024-03-28T17:14:01.821165" level="INFO">{'gender': 'male', 'name': {'title': 'Mr', 'first': 'Nikifor', 'last': "Drob'yazko"}, 'location': {'street': {'number': 6139, 'name': 'Chernigivska ploshcha'}, 'city': 'Bashtanka', 'state': 'Zhitomirska', 'country': 'Ukraine', 'postcode': 26147, 'coordinates': {'latitude': '79.9506', 'longitude': '-94.7315'}, 'timezone': {'offset': '+5:30', 'description': 'Bombay, Calcutta, Madras, New Delhi'}}, 'email': "nikifor.drob'yazko@example.com", 'login': {'uuid': '94b9f032-9b35-468f-9799-ef49cb15a5a0', 'username': 'organicmeercat897', 'password': 'iawgk2', 'salt': 'JTntBG81', 'md5': 'a089d080ce67dc7457165b0d5ccea09c', 'sha1': '1be557c643c7b7cfa69d58f3f821bed4ca3c01bb', 'sha256': 'd7b797c70e9353f7c48ab81866675475b15dc96f5e1db58c76584381ff89aa10'}, 'dob': {'date': '2000-11-09T00:58:56.135Z', 'age': 23}, 'registered': {'date': '2008-01-17T19:11:52.575Z', 'age': 16}, 'phone': '(098) S13-6360', 'cell': '(098) V67-4068', 'id': {'name': '', 'value': None}, 'picture': {'large': 'https://randomuser.me/api/portraits/men/56.jpg', 'medium': 'https://randomuser.me/api/portraits/med/men/56.jpg', 'thumbnail': 'https://randomuser.me/api/portraits/thumb/men/56.jpg'}, 'nat': 'UA'}</msg>
<arg>${json_data['results'][0]}</arg>
<doc>Logs the given message with the given level.</doc>
<status status="PASS" start="2024-03-28T17:14:01.820798" elapsed="0.000420"/>
</kw>
<kw name="Log" owner="BuiltIn">
<msg time="2024-03-28T17:14:01.821650" level="INFO">gender</msg>
<arg>${key}</arg>
<doc>Logs the given message with the given level.</doc>
<status status="PASS" start="2024-03-28T17:14:01.821520" elapsed="0.000169"/>
</kw>
<var name="${key}">gender</var>
<status status="PASS" start="2024-03-28T17:14:01.819929" elapsed="0.001980"/>
</iter>
<iter>
<kw name="Dictionary Should Contain Key" owner="Collections">
<msg time="2024-03-28T17:14:01.822596" level="INFO">False</msg>
<arg>${json_data['results'][0]}</arg>
<arg>${key}</arg>
<doc>Fails if ``key`` is not found from ``dictionary``.</doc>
<status status="PASS" start="2024-03-28T17:14:01.822208" elapsed="0.000426"/>
</kw>
<kw name="Log" owner="BuiltIn">
<msg time="2024-03-28T17:14:01.823354" level="INFO">{'gender': 'male', 'name': {'title': 'Mr', 'first': 'Nikifor', 'last': "Drob'yazko"}, 'location': {'street': {'number': 6139, 'name': 'Chernigivska ploshcha'}, 'city': 'Bashtanka', 'state': 'Zhitomirska', 'country': 'Ukraine', 'postcode': 26147, 'coordinates': {'latitude': '79.9506', 'longitude': '-94.7315'}, 'timezone': {'offset': '+5:30', 'description': 'Bombay, Calcutta, Madras, New Delhi'}}, 'email': "nikifor.drob'yazko@example.com", 'login': {'uuid': '94b9f032-9b35-468f-9799-ef49cb15a5a0', 'username': 'organicmeercat897', 'password': 'iawgk2', 'salt': 'JTntBG81', 'md5': 'a089d080ce67dc7457165b0d5ccea09c', 'sha1': '1be557c643c7b7cfa69d58f3f821bed4ca3c01bb', 'sha256': 'd7b797c70e9353f7c48ab81866675475b15dc96f5e1db58c76584381ff89aa10'}, 'dob': {'date': '2000-11-09T00:58:56.135Z', 'age': 23}, 'registered': {'date': '2008-01-17T19:11:52.575Z', 'age': 16}, 'phone': '(098) S13-6360', 'cell': '(098) V67-4068', 'id': {'name': '', 'value': None}, 'picture': {'large': 'https://randomuser.me/api/portraits/men/56.jpg', 'medium': 'https://randomuser.me/api/portraits/med/men/56.jpg', 'thumbnail': 'https://randomuser.me/api/portraits/thumb/men/56.jpg'}, 'nat': 'UA'}</msg>
<arg>${json_data['results'][0]}</arg>
<doc>Logs the given message with the given level.</doc>
<status status="PASS" start="2024-03-28T17:14:01.822990" elapsed="0.000412"/>
</kw>
<kw name="Log" owner="BuiltIn">
<msg time="2024-03-28T17:14:01.823829" level="INFO">name</msg>
<arg>${key}</arg>
<doc>Logs the given message with the given level.</doc>
<status status="PASS" start="2024-03-28T17:14:01.823701" elapsed="0.000165"/>
</kw>
<var name="${key}">name</var>
<status status="PASS" start="2024-03-28T17:14:01.822095" elapsed="0.001989"/>
</iter>
<iter>
<kw name="Dictionary Should Contain Key" owner="Collections">
<msg time="2024-03-28T17:14:01.824742" level="INFO">False</msg>
<arg>${json_data['results'][0]}</arg>
<arg>${key}</arg>
<doc>Fails if ``key`` is not found from ``dictionary``.</doc>
<status status="PASS" start="2024-03-28T17:14:01.824370" elapsed="0.000410"/>
</kw>
<kw name="Log" owner="BuiltIn">
<msg time="2024-03-28T17:14:01.825442" level="INFO">{'gender': 'male', 'name': {'title': 'Mr', 'first': 'Nikifor', 'last': "Drob'yazko"}, 'location': {'street': {'number': 6139, 'name': 'Chernigivska ploshcha'}, 'city': 'Bashtanka', 'state': 'Zhitomirska', 'country': 'Ukraine', 'postcode': 26147, 'coordinates': {'latitude': '79.9506', 'longitude': '-94.7315'}, 'timezone': {'offset': '+5:30', 'description': 'Bombay, Calcutta, Madras, New Delhi'}}, 'email': "nikifor.drob'yazko@example.com", 'login': {'uuid': '94b9f032-9b35-468f-9799-ef49cb15a5a0', 'username': 'organicmeercat897', 'password': 'iawgk2', 'salt': 'JTntBG81', 'md5': 'a089d080ce67dc7457165b0d5ccea09c', 'sha1': '1be557c643c7b7cfa69d58f3f821bed4ca3c01bb', 'sha256': 'd7b797c70e9353f7c48ab81866675475b15dc96f5e1db58c76584381ff89aa10'}, 'dob': {'date': '2000-11-09T00:58:56.135Z', 'age': 23}, 'registered': {'date': '2008-01-17T19:11:52.575Z', 'age': 16}, 'phone': '(098) S13-6360', 'cell': '(098) V67-4068', 'id': {'name': '', 'value': None}, 'picture': {'large': 'https://randomuser.me/api/portraits/men/56.jpg', 'medium': 'https://randomuser.me/api/portraits/med/men/56.jpg', 'thumbnail': 'https://randomuser.me/api/portraits/thumb/men/56.jpg'}, 'nat': 'UA'}</msg>
<arg>${json_data['results'][0]}</arg>
<doc>Logs the given message with the given level.</doc>
<status status="PASS" start="2024-03-28T17:14:01.825078" elapsed="0.000416"/>
</kw>
<kw name="Log" owner="BuiltIn">
<msg time="2024-03-28T17:14:01.825912" level="INFO">location</msg>
<arg>${key}</arg>
<doc>Logs the given message with the given level.</doc>
<status status="PASS" start="2024-03-28T17:14:01.825786" elapsed="0.000164"/>
</kw>
<var name="${key}">location</var>
<status status="PASS" start="2024-03-28T17:14:01.824260" elapsed="0.001905"/>
</iter>
<iter>
<kw name="Dictionary Should Contain Key" owner="Collections">
<msg time="2024-03-28T17:14:01.826844" level="INFO">False</msg>
<arg>${json_data['results'][0]}</arg>
<arg>${key}</arg>
<doc>Fails if ``key`` is not found from ``dictionary``.</doc>
<status status="PASS" start="2024-03-28T17:14:01.826448" elapsed="0.000443"/>
</kw>
<kw name="Log" owner="BuiltIn">
<msg time="2024-03-28T17:14:01.827551" level="INFO">{'gender': 'male', 'name': {'title': 'Mr', 'first': 'Nikifor', 'last': "Drob'yazko"}, 'location': {'street': {'number': 6139, 'name': 'Chernigivska ploshcha'}, 'city': 'Bashtanka', 'state': 'Zhitomirska', 'country': 'Ukraine', 'postcode': 26147, 'coordinates': {'latitude': '79.9506', 'longitude': '-94.7315'}, 'timezone': {'offset': '+5:30', 'description': 'Bombay, Calcutta, Madras, New Delhi'}}, 'email': "nikifor.drob'yazko@example.com", 'login': {'uuid': '94b9f032-9b35-468f-9799-ef49cb15a5a0', 'username': 'organicmeercat897', 'password': 'iawgk2', 'salt': 'JTntBG81', 'md5': 'a089d080ce67dc7457165b0d5ccea09c', 'sha1': '1be557c643c7b7cfa69d58f3f821bed4ca3c01bb', 'sha256': 'd7b797c70e9353f7c48ab81866675475b15dc96f5e1db58c76584381ff89aa10'}, 'dob': {'date': '2000-11-09T00:58:56.135Z', 'age': 23}, 'registered': {'date': '2008-01-17T19:11:52.575Z', 'age': 16}, 'phone': '(098) S13-6360', 'cell': '(098) V67-4068', 'id': {'name': '', 'value': None}, 'picture': {'large': 'https://randomuser.me/api/portraits/men/56.jpg', 'medium': 'https://randomuser.me/api/portraits/med/men/56.jpg', 'thumbnail': 'https://randomuser.me/api/portraits/thumb/men/56.jpg'}, 'nat': 'UA'}</msg>
<arg>${json_data['results'][0]}</arg>
<doc>Logs the given message with the given level.</doc>
<status status="PASS" start="2024-03-28T17:14:01.827190" elapsed="0.000408"/>
</kw>
<kw name="Log" owner="BuiltIn">
<msg time="2024-03-28T17:14:01.828012" level="INFO">email</msg>
<arg>${key}</arg>
<doc>Logs the given message with the given level.</doc>
<status status="PASS" start="2024-03-28T17:14:01.827886" elapsed="0.000164"/>
</kw>
<var name="${key}">email</var>
<status status="PASS" start="2024-03-28T17:14:01.826337" elapsed="0.001924"/>
</iter>
<iter>
<kw name="Dictionary Should Contain Key" owner="Collections">
<msg time="2024-03-28T17:14:01.828923" level="INFO">False</msg>
<arg>${json_data['results'][0]}</arg>
<arg>${key}</arg>
<doc>Fails if ``key`` is not found from ``dictionary``.</doc>
<status status="PASS" start="2024-03-28T17:14:01.828546" elapsed="0.000414"/>
</kw>
<kw name="Log" owner="BuiltIn">
<msg time="2024-03-28T17:14:01.829611" level="INFO">{'gender': 'male', 'name': {'title': 'Mr', 'first': 'Nikifor', 'last': "Drob'yazko"}, 'location': {'street': {'number': 6139, 'name': 'Chernigivska ploshcha'}, 'city': 'Bashtanka', 'state': 'Zhitomirska', 'country': 'Ukraine', 'postcode': 26147, 'coordinates': {'latitude': '79.9506', 'longitude': '-94.7315'}, 'timezone': {'offset': '+5:30', 'description': 'Bombay, Calcutta, Madras, New Delhi'}}, 'email': "nikifor.drob'yazko@example.com", 'login': {'uuid': '94b9f032-9b35-468f-9799-ef49cb15a5a0', 'username': 'organicmeercat897', 'password': 'iawgk2', 'salt': 'JTntBG81', 'md5': 'a089d080ce67dc7457165b0d5ccea09c', 'sha1': '1be557c643c7b7cfa69d58f3f821bed4ca3c01bb', 'sha256': 'd7b797c70e9353f7c48ab81866675475b15dc96f5e1db58c76584381ff89aa10'}, 'dob': {'date': '2000-11-09T00:58:56.135Z', 'age': 23}, 'registered': {'date': '2008-01-17T19:11:52.575Z', 'age': 16}, 'phone': '(098) S13-6360', 'cell': '(098) V67-4068', 'id': {'name': '', 'value': None}, 'picture': {'large': 'https://randomuser.me/api/portraits/men/56.jpg', 'medium': 'https://randomuser.me/api/portraits/med/men/56.jpg', 'thumbnail': 'https://randomuser.me/api/portraits/thumb/men/56.jpg'}, 'nat': 'UA'}</msg>
<arg>${json_data['results'][0]}</arg>
<doc>Logs the given message with the given level.</doc>
<status status="PASS" start="2024-03-28T17:14:01.829250" elapsed="0.000408"/>
</kw>
<kw name="Log" owner="BuiltIn">
<msg time="2024-03-28T17:14:01.830075" level="INFO">login</msg>
<arg>${key}</arg>
<doc>Logs the given message with the given level.</doc>
<status status="PASS" start="2024-03-28T17:14:01.829949" elapsed="0.000264"/>
</kw>
<var name="${key}">login</var>
<status status="PASS" start="2024-03-28T17:14:01.828433" elapsed="0.002042"/>
</iter>
<var>${key}</var>
<value>@{expected_keys}</value>
<status status="PASS" start="2024-03-28T17:14:01.819754" elapsed="0.010849"/>
</for>
<kw name="Create List" owner="BuiltIn">
<msg time="2024-03-28T17:14:01.830969" level="INFO">${expected_keysTwo} = ['username', 'password']</msg>
<var>${expected_keysTwo}</var>
<arg>username</arg>
<arg>password</arg>
<doc>Returns a list containing given items.</doc>
<status status="PASS" start="2024-03-28T17:14:01.830824" elapsed="0.000169"/>
</kw>
<for flavor="IN">
<iter>
<kw name="Dictionary Should Contain Key" owner="Collections">
<msg time="2024-03-28T17:14:01.831866" level="INFO">False</msg>
<arg>${json_data['results'][0]['login']}</arg>
<arg>${keyTwo}</arg>
<doc>Fails if ``key`` is not found from ``dictionary``.</doc>
<status status="PASS" start="2024-03-28T17:14:01.831489" elapsed="0.000414"/>
</kw>
<kw name="Dictionary Should Contain Key" owner="Collections">
<msg time="2024-03-28T17:14:01.832580" level="INFO">False</msg>
<arg>${json_data['results'][0]['login']}</arg>
<arg>${keyTwo}</arg>
<doc>Fails if ``key`` is not found from ``dictionary``.</doc>
<status status="PASS" start="2024-03-28T17:14:01.832197" elapsed="0.000421"/>
</kw>
<kw name="Log" owner="BuiltIn">
<msg time="2024-03-28T17:14:01.833154" level="INFO">username</msg>
<arg>${keyTwo}</arg>
<doc>Logs the given message with the given level.</doc>
<status status="PASS" start="2024-03-28T17:14:01.832954" elapsed="0.000254"/>
</kw>
<var name="${keyTwo}">username</var>
<status status="PASS" start="2024-03-28T17:14:01.831380" elapsed="0.002062"/>
</iter>
<iter>
<kw name="Dictionary Should Contain Key" owner="Collections">
<msg time="2024-03-28T17:14:01.834104" level="INFO">False</msg>
<arg>${json_data['results'][0]['login']}</arg>
<arg>${keyTwo}</arg>
<doc>Fails if ``key`` is not found from ``dictionary``.</doc>
<status status="PASS" start="2024-03-28T17:14:01.833724" elapsed="0.000418"/>
</kw>
<kw name="Dictionary Should Contain Key" owner="Collections">
<msg time="2024-03-28T17:14:01.834836" level="INFO">False</msg>
<arg>${json_data['results'][0]['login']}</arg>
<arg>${keyTwo}</arg>
<doc>Fails if ``key`` is not found from ``dictionary``.</doc>
<status status="PASS" start="2024-03-28T17:14:01.834434" elapsed="0.000446"/>
</kw>
<kw name="Log" owner="BuiltIn">
<msg time="2024-03-28T17:14:01.835297" level="INFO">password</msg>
<arg>${keyTwo}</arg>
<doc>Logs the given message with the given level.</doc>
<status status="PASS" start="2024-03-28T17:14:01.835169" elapsed="0.000165"/>
</kw>
<var name="${keyTwo}">password</var>
<status status="PASS" start="2024-03-28T17:14:01.833614" elapsed="0.001937"/>
</iter>
<var>${keyTwo}</var>
<value>@{expected_keysTwo}</value>
<status status="PASS" start="2024-03-28T17:14:01.831231" elapsed="0.004440"/>
</for>
<status status="PASS" start="2024-03-28T17:14:01.711781" elapsed="0.124027"/>
</kw>
<doc>Testa a estrutura da resposta da API.</doc>
<tag>testeEstruturaResposta</tag>
<status status="PASS" start="2024-03-28T17:14:01.711091" elapsed="0.124868"/>
</test>
<test id="s1-s1-t4" name="Validar tipos de dados" line="28">
<kw name="Teste de Tipos de Dados" owner="random-user-service">
<kw name="GET On Session" owner="RequestsLibrary">
<msg time="2024-03-28T17:14:01.988718" level="INFO">GET Request : url=https://randomuser.me/api 
 path_url=/api 
 headers={'User-Agent': 'python-requests/2.31.0', 'Accept-Encoding': 'gzip, deflate', 'Accept': '*/*', 'Connection': 'keep-alive'} 
 body=None 
 </msg>
<msg time="2024-03-28T17:14:01.988800" level="INFO">GET Response : url=https://randomuser.me/api 
 status=200, reason=OK 
 headers={'Date': 'Thu, 28 Mar 2024 17:14:01 GMT', 'Content-Type': 'application/json; charset=utf-8', 'Transfer-Encoding': 'chunked', 'Connection': 'keep-alive', 'X-Powered-By': 'Express', 'Access-Control-Allow-Origin': '*', 'Cache-Control': 'no-cache', 'ETag': 'W/"463-Lznk483+bj68lmxV40vujr4xyFo"', 'Vary': 'Accept-Encoding', 'Content-Encoding': 'gzip', 'CF-Cache-Status': 'DYNAMIC', 'Report-To': '{"endpoints":[{"url":"https:\\/\\/a.nel.cloudflare.com\\/report\\/v4?s=zPPz01nce%2FA1KrnesiXEv8nBU5k4vsvAJbucChSYnd3SIvw6mGazxUm50aAw0%2B7qL%2B0GGDhg2J8fpkuIT18OFvSdGSXUEk6CIFFOEOOGDMd%2B%2BzeAb61L%2F%2FA9fwIMP%2FHI"}],"group":"cf-nel","max_age":604800}', 'NEL': '{"success_fraction":0,"report_to":"cf-nel","max_age":604800}', 'Server': 'cloudflare', 'CF-RAY': '86b9411188412d20-IAD', 'alt-svc': 'h3=":443"; ma=86400'} 
 body={"results":[{"gender":"female","name":{"title":"Miss","first":"Deniz","last":"Akay"},"location":{"street":{"number":9747,"name":"Abanoz Sk"},"city":"Sivas","state":"Mersin","country":"Turkey","postcode":87696,"coordinates":{"latitude":"65.5829","longitude":"118.1226"},"timezone":{"offset":"-9:00","description":"Alaska"}},"email":"deniz.akay@example.com","login":{"uuid":"4041f6b6-d5e2-486b-8321-f2cbb280e2e5","username":"beautifulwolf256","password":"bootys","salt":"v4hIySWn","md5":"ccca62eebfebead328e0774a8a9a1651","sha1":"d57b5a5f08c89c72a11ecf225b619e7b75049d74","sha256":"2dc808ca2ccdb0f05224327761fdd9ca374420cde5346794a5896d46d7a94f9c"},"dob":{"date":"1989-06-19T15:45:35.435Z","age":34},"registered":{"date":"2016-04-24T06:23:00.311Z","age":7},"phone":"(150)-919-3924","cell":"(920)-343-1935","id":{"name":"","value":null},"picture":{"large":"https://randomuser.me/api/portraits/women/72.jpg","medium":"https://randomuser.me/api/portraits/med/women/72.jpg","thumbnail":"https://randomuser.me/api/portraits/thumb/women/72.jpg"},"nat":"TR"}],"info":{"seed":"8fda1e9dd63f599f","results":1,"page":1,"version":"1.4"}} 
 </msg>
<msg time="2024-03-28T17:14:01.988870" level="INFO">/opt/hostedtoolcache/Python/3.12.2/x64/lib/python3.12/site-packages/urllib3/connectionpool.py:1103: InsecureRequestWarning: Unverified HTTPS request is being made to host 'randomuser.me'. Adding certificate verification is strongly advised. See: https://urllib3.readthedocs.io/en/latest/advanced-usage.html#tls-warnings
  warnings.warn(</msg>
<msg time="2024-03-28T17:14:01.988991" level="INFO">${response} = &lt;Response [200]&gt;</msg>
<var>${response}</var>
<arg>consultarAPI</arg>
<arg>/api</arg>
<doc>Sends a GET request on a previously created HTTP Session.</doc>
<status status="PASS" start="2024-03-28T17:14:01.838410" elapsed="0.150636"/>
</kw>
<kw name="Set Variable" owner="BuiltIn">
<msg time="2024-03-28T17:14:01.990131" level="INFO">${json_data} = {'results': [{'gender': 'female', 'name': {'title': 'Miss', 'first': 'Deniz', 'last': 'Akay'}, 'location': {'street': {'number': 9747, 'name': 'Abanoz Sk'}, 'city': 'Sivas', 'state': 'Mersin', 'countr...</msg>
<var>${json_data}</var>
<arg>${response.json()}</arg>
<doc>Returns the given values which can then be assigned to a variables.</doc>
<status status="PASS" start="2024-03-28T17:14:01.989571" elapsed="0.000588"/>
</kw>
<kw name="Log" owner="BuiltIn">
<msg time="2024-03-28T17:14:01.990622" level="INFO">{'results': [{'gender': 'female', 'name': {'title': 'Miss', 'first': 'Deniz', 'last': 'Akay'}, 'location': {'street': {'number': 9747, 'name': 'Abanoz Sk'}, 'city': 'Sivas', 'state': 'Mersin', 'country': 'Turkey', 'postcode': 87696, 'coordinates': {'latitude': '65.5829', 'longitude': '118.1226'}, 'timezone': {'offset': '-9:00', 'description': 'Alaska'}}, 'email': 'deniz.akay@example.com', 'login': {'uuid': '4041f6b6-d5e2-486b-8321-f2cbb280e2e5', 'username': 'beautifulwolf256', 'password': 'bootys', 'salt': 'v4hIySWn', 'md5': 'ccca62eebfebead328e0774a8a9a1651', 'sha1': 'd57b5a5f08c89c72a11ecf225b619e7b75049d74', 'sha256': '2dc808ca2ccdb0f05224327761fdd9ca374420cde5346794a5896d46d7a94f9c'}, 'dob': {'date': '1989-06-19T15:45:35.435Z', 'age': 34}, 'registered': {'date': '2016-04-24T06:23:00.311Z', 'age': 7}, 'phone': '(150)-919-3924', 'cell': '(920)-343-1935', 'id': {'name': '', 'value': None}, 'picture': {'large': 'https://randomuser.me/api/portraits/women/72.jpg', 'medium': 'https://randomuser.me/api/portraits/med/women/72.jpg', 'thumbnail': 'https://randomuser.me/api/portraits/thumb/women/72.jpg'}, 'nat': 'TR'}], 'info': {'seed': '8fda1e9dd63f599f', 'results': 1, 'page': 1, 'version': '1.4'}}</msg>
<arg>${json_data}</arg>
<doc>Logs the given message with the given level.</doc>
<status status="PASS" start="2024-03-28T17:14:01.990469" elapsed="0.000231"/>
</kw>
<kw name="Should Be String" owner="String">
<arg>${json_data['results'][0]['gender']}</arg>
<doc>Fails if the given ``item`` is not a string.</doc>
<status status="PASS" start="2024-03-28T17:14:01.991045" elapsed="0.000370"/>
</kw>
<kw name="Should Match Regexp" owner="BuiltIn">
<arg>${json_data['results'][0]['email']}</arg>
<arg>^[a-zA-Z0-9._%+-]+@[a-zA-Z0-9.-]+\.[a-zA-Z]{2,}$</arg>
<doc>Fails if ``string`` does not match ``pattern`` as a regular expression.</doc>
<status status="PASS" start="2024-03-28T17:14:01.991608" elapsed="0.000495"/>
</kw>
<kw name="Should Match Regexp" owner="BuiltIn">
<arg>${json_data['results'][0]['dob']['date']}</arg>
<arg>\\d{4}-\\d{2}-\\d{2}T\\d{2}:\\d{2}:\\d{2}\\.\\d{3}Z</arg>
<doc>Fails if ``string`` does not match ``pattern`` as a regular expression.</doc>
<status status="PASS" start="2024-03-28T17:14:01.992299" elapsed="0.000487"/>
</kw>
<kw name="Should Match Regexp" owner="BuiltIn">
<arg>${json_data['results'][0]['registered']['date']}</arg>
<arg>\\d{4}-\\d{2}-\\d{2}T\\d{2}:\\d{2}:\\d{2}\\.\\d{3}Z</arg>
<doc>Fails if ``string`` does not match ``pattern`` as a regular expression.</doc>
<status status="PASS" start="2024-03-28T17:14:01.992979" elapsed="0.000371"/>
</kw>
<kw name="Should Match Regexp" owner="BuiltIn">
<arg>${json_data['results'][0]['picture']['large']}</arg>
<arg>^https?://.*\.(?:png|jpe?g|gif|bmp)$</arg>
<doc>Fails if ``string`` does not match ``pattern`` as a regular expression.</doc>
<status status="PASS" start="2024-03-28T17:14:01.993536" elapsed="0.000450"/>
</kw>
<kw name="Should Match Regexp" owner="BuiltIn">
<arg>${json_data['results'][0]['picture']['medium']}</arg>
<arg>^https?://.*\.(?:png|jpe?g|gif|bmp)$</arg>
<doc>Fails if ``string`` does not match ``pattern`` as a regular expression.</doc>
<status status="PASS" start="2024-03-28T17:14:01.994176" elapsed="0.000357"/>
</kw>
<kw name="Should Match Regexp" owner="BuiltIn">
<arg>${json_data['results'][0]['picture']['thumbnail']}</arg>
<arg>^https?://.*\.(?:png|jpe?g|gif|bmp)$</arg>
<doc>Fails if ``string`` does not match ``pattern`` as a regular expression.</doc>
<status status="PASS" start="2024-03-28T17:14:01.994718" elapsed="0.000385"/>
</kw>
<kw name="Log" owner="BuiltIn">
<msg time="2024-03-28T17:14:01.995620" level="INFO">{'large': 'https://randomuser.me/api/portraits/women/72.jpg', 'medium': 'https://randomuser.me/api/portraits/med/women/72.jpg', 'thumbnail': 'https://randomuser.me/api/portraits/thumb/women/72.jpg'}</msg>
<arg>${json_data['results'][0]['picture']}</arg>
<doc>Logs the given message with the given level.</doc>
<status status="PASS" start="2024-03-28T17:14:01.995288" elapsed="0.000379"/>
</kw>
<status status="PASS" start="2024-03-28T17:14:01.838190" elapsed="0.157729"/>
</kw>
<kw name="Teste de Tipos de Dados - Postcode" owner="random-user-service">
<kw name="GET On Session" owner="RequestsLibrary">
<msg time="2024-03-28T17:14:02.138243" level="INFO">GET Request : url=https://randomuser.me/api 
 path_url=/api 
 headers={'User-Agent': 'python-requests/2.31.0', 'Accept-Encoding': 'gzip, deflate', 'Accept': '*/*', 'Connection': 'keep-alive'} 
 body=None 
 </msg>
<msg time="2024-03-28T17:14:02.138328" level="INFO">GET Response : url=https://randomuser.me/api 
 status=200, reason=OK 
 headers={'Date': 'Thu, 28 Mar 2024 17:14:02 GMT', 'Content-Type': 'application/json; charset=utf-8', 'Transfer-Encoding': 'chunked', 'Connection': 'keep-alive', 'X-Powered-By': 'Express', 'Access-Control-Allow-Origin': '*', 'Cache-Control': 'no-cache', 'ETag': 'W/"487-GzogXYpKEmwxeUlCGkNgZPOTyro"', 'Vary': 'Accept-Encoding', 'Content-Encoding': 'gzip', 'CF-Cache-Status': 'DYNAMIC', 'Report-To': '{"endpoints":[{"url":"https:\\/\\/a.nel.cloudflare.com\\/report\\/v4?s=hldCZGFKCWciXpKESTGe8jpHdEg%2BgD1Qb4XHXrhZcK%2BBdxJgpB2I0g4GCntRl2OPJ9foJuMbg9eH0EIun3%2Fpb%2B%2FgUMEzd5FK6RjVvyulDZt2dh9TSCg2Cl2iRIQ47GAI"}],"group":"cf-nel","max_age":604800}', 'NEL': '{"success_fraction":0,"report_to":"cf-nel","max_age":604800}', 'Server': 'cloudflare', 'CF-RAY': '86b9411279d92d20-IAD', 'alt-svc': 'h3=":443"; ma=86400'} 
 body={"results":[{"gender":"male","name":{"title":"Mr","first":"Júlio","last":"Gomes"},"location":{"street":{"number":1575,"name":"Rua Das Flores "},"city":"Rio Claro","state":"Rondônia","country":"Brazil","postcode":30900,"coordinates":{"latitude":"-78.6445","longitude":"-155.0971"},"timezone":{"offset":"-8:00","description":"Pacific Time (US &amp; Canada)"}},"email":"julio.gomes@example.com","login":{"uuid":"97223bd3-b698-4430-a8ee-0c11fddf0d4d","username":"whitewolf111","password":"liang","salt":"RAMIspbx","md5":"815bac9d4a8916f328255d2dee511f50","sha1":"1cd32d4123546edceea64c791425d70414f763ae","sha256":"9eb4121d6789c4fbe42f1c5804e1cc3b98356fd1e958f1c9c449a8726967bec4"},"dob":{"date":"1988-07-05T15:49:06.429Z","age":35},"registered":{"date":"2004-07-26T12:09:11.191Z","age":19},"phone":"(98) 8908-2863","cell":"(97) 5621-6499","id":{"name":"CPF","value":"210.071.777-81"},"picture":{"large":"https://randomuser.me/api/portraits/men/9.jpg","medium":"https://randomuser.me/api/portraits/med/men/9.jpg","thumbnail":"https://randomuser.me/api/portraits/thumb/men/9.jpg"},"nat":"BR"}],"info":{"seed":"f47f2a53aa4a1ba0","results":1,"page":1,"version":"1.4"}} 
 </msg>
<msg time="2024-03-28T17:14:02.138419" level="INFO">/opt/hostedtoolcache/Python/3.12.2/x64/lib/python3.12/site-packages/urllib3/connectionpool.py:1103: InsecureRequestWarning: Unverified HTTPS request is being made to host 'randomuser.me'. Adding certificate verification is strongly advised. See: https://urllib3.readthedocs.io/en/latest/advanced-usage.html#tls-warnings
  warnings.warn(</msg>
<msg time="2024-03-28T17:14:02.138544" level="INFO">${response} = &lt;Response [200]&gt;</msg>
<var>${response}</var>
<arg>consultarAPI</arg>
<arg>/api</arg>
<doc>Sends a GET request on a previously created HTTP Session.</doc>
<status status="PASS" start="2024-03-28T17:14:01.996462" elapsed="0.142137"/>
</kw>
<kw name="Set Variable" owner="BuiltIn">
<msg time="2024-03-28T17:14:02.139642" level="INFO">${json_data} = {'results': [{'gender': 'male', 'name': {'title': 'Mr', 'first': 'Júlio', 'last': 'Gomes'}, 'location': {'street': {'number': 1575, 'name': 'Rua Das Flores '}, 'city': 'Rio Claro', 'state': 'Rondônia'...</msg>
<var>${json_data}</var>
<arg>${response.json()}</arg>
<doc>Returns the given values which can then be assigned to a variables.</doc>
<status status="PASS" start="2024-03-28T17:14:02.139102" elapsed="0.000569"/>
</kw>
<kw name="Log" owner="BuiltIn">
<msg time="2024-03-28T17:14:02.140162" level="INFO">{'results': [{'gender': 'male', 'name': {'title': 'Mr', 'first': 'Júlio', 'last': 'Gomes'}, 'location': {'street': {'number': 1575, 'name': 'Rua Das Flores '}, 'city': 'Rio Claro', 'state': 'Rondônia', 'country': 'Brazil', 'postcode': 30900, 'coordinates': {'latitude': '-78.6445', 'longitude': '-155.0971'}, 'timezone': {'offset': '-8:00', 'description': 'Pacific Time (US &amp; Canada)'}}, 'email': 'julio.gomes@example.com', 'login': {'uuid': '97223bd3-b698-4430-a8ee-0c11fddf0d4d', 'username': 'whitewolf111', 'password': 'liang', 'salt': 'RAMIspbx', 'md5': '815bac9d4a8916f328255d2dee511f50', 'sha1': '1cd32d4123546edceea64c791425d70414f763ae', 'sha256': '9eb4121d6789c4fbe42f1c5804e1cc3b98356fd1e958f1c9c449a8726967bec4'}, 'dob': {'date': '1988-07-05T15:49:06.429Z', 'age': 35}, 'registered': {'date': '2004-07-26T12:09:11.191Z', 'age': 19}, 'phone': '(98) 8908-2863', 'cell': '(97) 5621-6499', 'id': {'name': 'CPF', 'value': '210.071.777-81'}, 'picture': {'large': 'https://randomuser.me/api/portraits/men/9.jpg', 'medium': 'https://randomuser.me/api/portraits/med/men/9.jpg', 'thumbnail': 'https://randomuser.me/api/portraits/thumb/men/9.jpg'}, 'nat': 'BR'}], 'info': {'seed': 'f47f2a53aa4a1ba0', 'results': 1, 'page': 1, 'version': '1.4'}}</msg>
<arg>${json_data}</arg>
<doc>Logs the given message with the given level.</doc>
<status status="PASS" start="2024-03-28T17:14:02.139989" elapsed="0.000253"/>
</kw>
<kw name="Should Be Equal As Numbers" owner="BuiltIn">
<arg>${json_data['results'][0]['location']['postcode']}</arg>
<arg>${json_data['results'][0]['location']['postcode']}</arg>
<doc>Fails if objects are unequal after converting them to real numbers.</doc>
<status status="PASS" start="2024-03-28T17:14:02.140548" elapsed="0.000617"/>
</kw>
<kw name="Log" owner="BuiltIn">
<msg time="2024-03-28T17:14:02.141698" level="INFO">30900</msg>
<arg>${json_data['results'][0]['location']['postcode']}</arg>
<doc>Logs the given message with the given level.</doc>
<status status="PASS" start="2024-03-28T17:14:02.141356" elapsed="0.000383"/>
</kw>
<status status="PASS" start="2024-03-28T17:14:01.996126" elapsed="0.145865"/>
</kw>
<doc>Testa se os tipos de dados na resposta da API estão corretos.</doc>
<tag>testeTiposDados</tag>
<status status="PASS" start="2024-03-28T17:14:01.837654" elapsed="0.304496"/>
</test>
<test id="s1-s1-t5" name="Validar conteudo" line="35">
<kw name="Teste de Tipos de Conteudo" owner="random-user-service">
<kw name="GET On Session" owner="RequestsLibrary">
<msg time="2024-03-28T17:14:02.188169" level="INFO">GET Request : url=https://randomuser.me/api 
 path_url=/api 
 headers={'User-Agent': 'python-requests/2.31.0', 'Accept-Encoding': 'gzip, deflate', 'Accept': '*/*', 'Connection': 'keep-alive'} 
 body=None 
 </msg>
<msg time="2024-03-28T17:14:02.188252" level="INFO">GET Response : url=https://randomuser.me/api 
 status=200, reason=OK 
 headers={'Date': 'Thu, 28 Mar 2024 17:14:02 GMT', 'Content-Type': 'application/json; charset=utf-8', 'Transfer-Encoding': 'chunked', 'Connection': 'keep-alive', 'X-Powered-By': 'Express', 'Access-Control-Allow-Origin': '*', 'Cache-Control': 'no-cache', 'ETag': 'W/"4aa-cTKRnsxkVGZHQihoL1f3abj3omA"', 'Vary': 'Accept-Encoding', 'Content-Encoding': 'gzip', 'CF-Cache-Status': 'DYNAMIC', 'Report-To': '{"endpoints":[{"url":"https:\\/\\/a.nel.cloudflare.com\\/report\\/v4?s=kyiVmxKBZKICVNux%2B9zyjrZLzSzNYrTJQl2wx%2FvMK7ClLnKCavKYex3un%2FPYeujbq8%2F%2BWGxTOSJCkK21aUSa%2B%2Fv6bFrKwK%2Bav6l0vsEjMtSBFNx7UyHm9a%2BKCE3LBbB7"}],"group":"cf-nel","max_age":604800}', 'NEL': '{"success_fraction":0,"report_to":"cf-nel","max_age":604800}', 'Server': 'cloudflare', 'CF-RAY': '86b941136b252d20-IAD', 'alt-svc': 'h3=":443"; ma=86400'} 
 body={"results":[{"gender":"male","name":{"title":"Monsieur","first":"Jonathan","last":"Guillot"},"location":{"street":{"number":2877,"name":"Rue de la Baleine"},"city":"Saint-Oyens","state":"Thurgau","country":"Switzerland","postcode":3287,"coordinates":{"latitude":"-56.9440","longitude":"-9.6937"},"timezone":{"offset":"-4:00","description":"Atlantic Time (Canada), Caracas, La Paz"}},"email":"jonathan.guillot@example.com","login":{"uuid":"86449cce-ac74-4811-b9be-d2fe47f3c9d4","username":"sadtiger838","password":"mclaren","salt":"PXCqFhgR","md5":"b5fdb12be19e8af9aa24cf373ac77ea7","sha1":"f51538d9311ad6384851b46dca8ff12d5ccd19d9","sha256":"2b9b2273d2d230b8bd9f244301934bcbbfbd370ebf9734bcc0bbbe026c2f5305"},"dob":{"date":"1954-11-22T14:57:33.946Z","age":69},"registered":{"date":"2021-09-25T06:50:48.955Z","age":2},"phone":"077 927 68 21","cell":"076 046 79 13","id":{"name":"AVS","value":"756.0351.6372.46"},"picture":{"large":"https://randomuser.me/api/portraits/men/91.jpg","medium":"https://randomuser.me/api/portraits/med/men/91.jpg","thumbnail":"https://randomuser.me/api/portraits/thumb/men/91.jpg"},"nat":"CH"}],"info":{"seed":"2443bbcc79dd1a62","results":1,"page":1,"version":"1.4"}} 
 </msg>
<msg time="2024-03-28T17:14:02.188323" level="INFO">/opt/hostedtoolcache/Python/3.12.2/x64/lib/python3.12/site-packages/urllib3/connectionpool.py:1103: InsecureRequestWarning: Unverified HTTPS request is being made to host 'randomuser.me'. Adding certificate verification is strongly advised. See: https://urllib3.readthedocs.io/en/latest/advanced-usage.html#tls-warnings
  warnings.warn(</msg>
<msg time="2024-03-28T17:14:02.188441" level="INFO">${response} = &lt;Response [200]&gt;</msg>
<var>${response}</var>
<arg>consultarAPI</arg>
<arg>/api</arg>
<doc>Sends a GET request on a previously created HTTP Session.</doc>
<status status="PASS" start="2024-03-28T17:14:02.144617" elapsed="0.043880"/>
</kw>
<kw name="Set Variable" owner="BuiltIn">
<msg time="2024-03-28T17:14:02.189561" level="INFO">${json_data} = {'results': [{'gender': 'male', 'name': {'title': 'Monsieur', 'first': 'Jonathan', 'last': 'Guillot'}, 'location': {'street': {'number': 2877, 'name': 'Rue de la Baleine'}, 'city': 'Saint-Oyens', 'sta...</msg>
<var>${json_data}</var>
<arg>${response.json()}</arg>
<doc>Returns the given values which can then be assigned to a variables.</doc>
<status status="PASS" start="2024-03-28T17:14:02.189012" elapsed="0.000577"/>
</kw>
<kw name="Set Variable" owner="BuiltIn">
<msg time="2024-03-28T17:14:02.190275" level="INFO">${name_title} = Monsieur</msg>
<var>${name_title}</var>
<arg>${json_data["results"][0]["name"]["title"]}</arg>
<doc>Returns the given values which can then be assigned to a variables.</doc>
<status status="PASS" start="2024-03-28T17:14:02.189895" elapsed="0.000405"/>
</kw>
<kw name="Create List" owner="BuiltIn">
<msg time="2024-03-28T17:14:02.190748" level="INFO">${allowed_titles} = ['Mr', 'Ms', 'Miss', 'Mrs', 'Madame', 'Monsieur']</msg>
<var>${allowed_titles}</var>
<arg>Mr</arg>
<arg>Ms</arg>
<arg>Miss</arg>
<arg>Mrs</arg>
<arg>Madame</arg>
<arg>Monsieur</arg>
<doc>Returns a list containing given items.</doc>
<status status="PASS" start="2024-03-28T17:14:02.190598" elapsed="0.000174"/>
</kw>
<kw name="List Should Contain Value" owner="Collections">
<msg time="2024-03-28T17:14:02.191288" level="INFO">False</msg>
<arg>${allowed_titles}</arg>
<arg>${name_title}</arg>
<doc>Fails if the ``value`` is not found from ``list``.</doc>
<status status="PASS" start="2024-03-28T17:14:02.191121" elapsed="0.000203"/>
</kw>
<kw name="Set Variable" owner="BuiltIn">
<msg time="2024-03-28T17:14:02.191992" level="INFO">${name_country} = CH</msg>
<var>${name_country}</var>
<arg>${json_data["results"][0]["nat"]}</arg>
<doc>Returns the given values which can then be assigned to a variables.</doc>
<status status="PASS" start="2024-03-28T17:14:02.191615" elapsed="0.000402"/>
</kw>
<kw name="Create List" owner="BuiltIn">
<msg time="2024-03-28T17:14:02.192919" level="INFO">${list_country} = ['AD', 'AE', 'AF', 'AG', 'AI', 'AL', 'AM', 'AO', 'AQ', 'AR', 'AS', 'AT', 'AU', 'AW', 'AX', 'AZ', 'BA', 'BB', 'BD', 'BE', 'BF', 'BG', 'BH', 'BI', 'BJ', 'BL', 'BM', 'BN', 'BO', 'BQ', 'BR', 'BS', 'BT', '...</msg>
<var>${list_country}</var>
<arg>AD</arg>
<arg>AE</arg>
<arg>AF</arg>
<arg>AG</arg>
<arg>AI</arg>
<arg>AL</arg>
<arg>AM</arg>
<arg>AO</arg>
<arg>AQ</arg>
<arg>AR</arg>
<arg>AS</arg>
<arg>AT</arg>
<arg>AU</arg>
<arg>AW</arg>
<arg>AX</arg>
<arg>AZ</arg>
<arg>BA</arg>
<arg>BB</arg>
<arg>BD</arg>
<arg>BE</arg>
<arg>BF</arg>
<arg>BG</arg>
<arg>BH</arg>
<arg>BI</arg>
<arg>BJ</arg>
<arg>BL</arg>
<arg>BM</arg>
<arg>BN</arg>
<arg>BO</arg>
<arg>BQ</arg>
<arg>BR</arg>
<arg>BS</arg>
<arg>BT</arg>
<arg>BV</arg>
<arg>BW</arg>
<arg>BY</arg>
<arg>BZ</arg>
<arg>CA</arg>
<arg>CC</arg>
<arg>CD</arg>
<arg>CF</arg>
<arg>CG</arg>
<arg>CH</arg>
<arg>CI</arg>
<arg>CK</arg>
<arg>CL</arg>
<arg>CM</arg>
<arg>CN</arg>
<arg>CO</arg>
<arg>CR</arg>
<arg>CU</arg>
<arg>CV</arg>
<arg>CW</arg>
<arg>CX</arg>
<arg>CY</arg>
<arg>CZ</arg>
<arg>DE</arg>
<arg>DJ</arg>
<arg>DK</arg>
<arg>DM</arg>
<arg>DO</arg>
<arg>DZ</arg>
<arg>EC</arg>
<arg>EE</arg>
<arg>EG</arg>
<arg>EH</arg>
<arg>ER</arg>
<arg>ES</arg>
<arg>ET</arg>
<arg>FI</arg>
<arg>FJ</arg>
<arg>FK</arg>
<arg>FM</arg>
<arg>FO</arg>
<arg>FR</arg>
<arg>GA</arg>
<arg>GB</arg>
<arg>GD</arg>
<arg>GE</arg>
<arg>GF</arg>
<arg>GG</arg>
<arg>GH</arg>
<arg>GI</arg>
<arg>GL</arg>
<arg>GM</arg>
<arg>GN</arg>
<arg>GP</arg>
<arg>GQ</arg>
<arg>GR</arg>
<arg>GS</arg>
<arg>GT</arg>
<arg>GU</arg>
<arg>GW</arg>
<arg>GY</arg>
<arg>HK</arg>
<arg>HM</arg>
<arg>HN</arg>
<arg>HR</arg>
<arg>HT</arg>
<arg>HU</arg>
<arg>ID</arg>
<arg>IE</arg>
<arg>IL</arg>
<arg>IM</arg>
<arg>IN</arg>
<arg>IO</arg>
<arg>IQ</arg>
<arg>IR</arg>
<arg>IS</arg>
<arg>IT</arg>
<arg>JE</arg>
<arg>JM</arg>
<arg>JO</arg>
<arg>JP</arg>
<arg>KE</arg>
<arg>KG</arg>
<arg>KH</arg>
<arg>KI</arg>
<arg>KM</arg>
<arg>KN</arg>
<arg>KP</arg>
<arg>KR</arg>
<arg>KW</arg>
<arg>KY</arg>
<arg>KZ</arg>
<arg>LA</arg>
<arg>LB</arg>
<arg>LC</arg>
<arg>LI</arg>
<arg>LK</arg>
<arg>LR</arg>
<arg>LS</arg>
<arg>LT</arg>
<arg>LU</arg>
<arg>LV</arg>
<arg>LY</arg>
<arg>MA</arg>
<arg>MC</arg>
<arg>MD</arg>
<arg>ME</arg>
<arg>MF</arg>
<arg>MG</arg>
<arg>MH</arg>
<arg>MK</arg>
<arg>ML</arg>
<arg>MM</arg>
<arg>MN</arg>
<arg>MO</arg>
<arg>MP</arg>
<arg>MQ</arg>
<arg>MR</arg>
<arg>MS</arg>
<arg>MT</arg>
<arg>MU</arg>
<arg>MV</arg>
<arg>MW</arg>
<arg>MX</arg>
<arg>MY</arg>
<arg>MZ</arg>
<arg>NA</arg>
<arg>NC</arg>
<arg>NE</arg>
<arg>NF</arg>
<arg>NG</arg>
<arg>NI</arg>
<arg>NL</arg>
<arg>NO</arg>
<arg>NP</arg>
<arg>NR</arg>
<arg>NU</arg>
<arg>NZ</arg>
<arg>OM</arg>
<arg>PA</arg>
<arg>PE</arg>
<arg>PF</arg>
<arg>PG</arg>
<arg>PH</arg>
<arg>PK</arg>
<arg>PL</arg>
<arg>PM</arg>
<arg>PN</arg>
<arg>PR</arg>
<arg>PS</arg>
<arg>PT</arg>
<arg>PW</arg>
<arg>PY</arg>
<arg>QA</arg>
<arg>RE</arg>
<arg>RO</arg>
<arg>RS</arg>
<arg>RU</arg>
<arg>RW</arg>
<arg>SA</arg>
<arg>SB</arg>
<arg>SC</arg>
<arg>SD</arg>
<arg>SE</arg>
<arg>SG</arg>
<arg>SH</arg>
<arg>SI</arg>
<arg>SJ</arg>
<arg>SK</arg>
<arg>SL</arg>
<arg>SM</arg>
<arg>SN</arg>
<arg>SO</arg>
<arg>SR</arg>
<arg>SS</arg>
<arg>ST</arg>
<arg>SV</arg>
<arg>SX</arg>
<arg>SY</arg>
<arg>SZ</arg>
<arg>TC</arg>
<arg>TD</arg>
<arg>TF</arg>
<arg>TG</arg>
<arg>TH</arg>
<arg>TJ</arg>
<arg>TK</arg>
<arg>TL</arg>
<arg>TM</arg>
<arg>TN</arg>
<arg>TO</arg>
<arg>TR</arg>
<arg>TT</arg>
<arg>TV</arg>
<arg>TW</arg>
<arg>TZ</arg>
<arg>UA</arg>
<arg>UG</arg>
<arg>UM</arg>
<arg>US</arg>
<arg>UY</arg>
<arg>UZ</arg>
<arg>VA</arg>
<arg>VC</arg>
<arg>VE</arg>
<arg>VG</arg>
<arg>VI</arg>
<arg>VN</arg>
<arg>VU</arg>
<arg>WF</arg>
<arg>WS</arg>
<arg>XK</arg>
<arg>YE</arg>
<arg>YT</arg>
<arg>ZA</arg>
<arg>ZM</arg>
<arg>ZW</arg>
<doc>Returns a list containing given items.</doc>
<status status="PASS" start="2024-03-28T17:14:02.192322" elapsed="0.000623"/>
</kw>
<kw name="List Should Contain Value" owner="Collections">
<msg time="2024-03-28T17:14:02.194034" level="INFO">False</msg>
<arg>${list_country}</arg>
<arg>${name_country}</arg>
<doc>Fails if the ``value`` is not found from ``list``.</doc>
<status status="PASS" start="2024-03-28T17:14:02.193833" elapsed="0.000237"/>
</kw>
<kw name="Run Keyword If" owner="BuiltIn">
<kw name="Should Be True" owner="BuiltIn">
<arg>${True}</arg>
<doc>Fails if the given condition is not true.</doc>
<status status="PASS" start="2024-03-28T17:14:02.195161" elapsed="0.000145"/>
</kw>
<arg>${json_data["results"][0]["location"]["coordinates"]["latitude"]} &gt;= -90 and ${json_data["results"][0]["location"]["coordinates"]["latitude"]} &lt;= 90</arg>
<arg>Should Be True</arg>
<arg>${True}</arg>
<doc>Runs the given keyword with the given arguments, if ``condition`` is true.</doc>
<status status="PASS" start="2024-03-28T17:14:02.194377" elapsed="0.001056"/>
</kw>
<kw name="Run Keyword If" owner="BuiltIn">
<kw name="Should Be True" owner="BuiltIn">
<arg>${True}</arg>
<doc>Fails if the given condition is not true.</doc>
<status status="PASS" start="2024-03-28T17:14:02.196311" elapsed="0.000135"/>
</kw>
<arg>${json_data["results"][0]["location"]["coordinates"]["longitude"]} &gt;= -180 and ${json_data["results"][0]["location"]["coordinates"]["longitude"]} &lt;= 180</arg>
<arg>Should Be True</arg>
<arg>${True}</arg>
<doc>Runs the given keyword with the given arguments, if ``condition`` is true.</doc>
<status status="PASS" start="2024-03-28T17:14:02.195618" elapsed="0.000952"/>
</kw>
<status status="PASS" start="2024-03-28T17:14:02.144396" elapsed="0.052299"/>
</kw>
<doc>Testa o conteúdo específico dos campos retornados pela API.</doc>
<tag>testeConteudo</tag>
<status status="PASS" start="2024-03-28T17:14:02.143898" elapsed="0.052940"/>
</test>
<status status="PASS" start="2024-03-28T17:14:01.041618" elapsed="1.157110"/>
</suite>
<status status="PASS" start="2024-03-28T17:14:01.027978" elapsed="1.176065"/>
</suite>
<statistics>
<total>
<stat pass="5" fail="0" skip="0">All Tests</stat>
</total>
<tag>
<stat pass="1" fail="0" skip="0">testeConteudo</stat>
<stat pass="1" fail="0" skip="0">testeEstruturaResposta</stat>
<stat pass="1" fail="0" skip="0">testeRequisicaoBasica</stat>
<stat pass="1" fail="0" skip="0">testeTiposDados</stat>
</tag>
<suite>
<stat pass="5" fail="0" skip="0" id="s1" name="Tests">Tests</stat>
<stat pass="5" fail="0" skip="0" id="s1-s1" name="Random-User-Test">Tests.Random-User-Test</stat>
</suite>
</statistics>
<errors>
</errors>
</robot>
