<?xml version="1.0" encoding="UTF-8"?>
<robot generator="Robot 7.0.1 (Python 3.12.4 on linux)" generated="2024-06-30T12:27:05.658445" rpa="false" schemaversion="5">
<suite id="s1" name="Tests" source="/home/runner/work/ApiRandomUser/ApiRandomUser/RamdonUser/tests">
<suite id="s1-s1" name="Random-User-Test" source="/home/runner/work/ApiRandomUser/ApiRandomUser/RamdonUser/tests/random-user-test.robot">
<test id="s1-s1-t1" name="Conectar" line="13">
<kw name="Conectar API" owner="random-user-service">
<kw name="Create Session" owner="RequestsLibrary">
<msg time="2024-06-30T12:27:06.086407" level="INFO">Creating Session using : alias=consultarAPI, url=https://randomuser.me/, headers={},                     cookies={}, auth=None, timeout=None, proxies=None, verify=False,                     debug=0 </msg>
<arg>consultarAPI</arg>
<arg>${URL}</arg>
<doc>Create Session: create a HTTP session to a server</doc>
<status status="PASS" start="2024-06-30T12:27:06.086188" elapsed="0.000423"/>
</kw>
<status status="PASS" start="2024-06-30T12:27:06.085159" elapsed="0.001827"/>
</kw>
<status status="PASS" start="2024-06-30T12:27:06.084487" elapsed="0.002692"/>
</test>
<test id="s1-s1-t2" name="Validar retorno 200 e JSON Válido" line="16">
<kw name="Teste de Requisicao Basica" owner="random-user-service">
<kw name="GET On Session" owner="RequestsLibrary">
<msg time="2024-06-30T12:27:06.290070" level="INFO">GET Request : url=https://randomuser.me/api 
 path_url=/api 
 headers={'User-Agent': 'python-requests/2.32.3', 'Accept-Encoding': 'gzip, deflate', 'Accept': '*/*', 'Connection': 'keep-alive'} 
 body=None 
 </msg>
<msg time="2024-06-30T12:27:06.290221" level="INFO">GET Response : url=https://randomuser.me/api 
 status=200, reason=OK 
 headers={'Date': 'Sun, 30 Jun 2024 12:27:06 GMT', 'Content-Type': 'application/json; charset=utf-8', 'Transfer-Encoding': 'chunked', 'Connection': 'keep-alive', 'X-Powered-By': 'Express', 'Access-Control-Allow-Origin': '*', 'Cache-Control': 'no-cache', 'ETag': 'W/"48a-+5wpiS0VMK2rQGOz8BTQOobPAkU"', 'Vary': 'Accept-Encoding', 'Content-Encoding': 'gzip', 'CF-Cache-Status': 'DYNAMIC', 'Report-To': '{"endpoints":[{"url":"https:\\/\\/a.nel.cloudflare.com\\/report\\/v4?s=40S%2BvW7kJ2xiY6rkotC6yTzFpQpwZk3lRiMUkImpcC9WDbpswvc3KVUszM9GpUIC2QShf0H5hogBexnEOEvAyNY7lYZFLjZoKn2YaxAw%2Fq2%2BUGXbPSBochoXLiaIX6qy"}],"group":"cf-nel","max_age":604800}', 'NEL': '{"success_fraction":0,"report_to":"cf-nel","max_age":604800}', 'Server': 'cloudflare', 'CF-RAY': '89be2603f9ff3926-IAD', 'alt-svc': 'h3=":443"; ma=86400'} 
 body={"results":[{"gender":"male","name":{"title":"Mr","first":"Olivier","last":"Smith"},"location":{"street":{"number":8405,"name":"York St"},"city":"Minto","state":"Northwest Territories","country":"Canada","postcode":"D2C 2R2","coordinates":{"latitude":"-67.9176","longitude":"-22.6206"},"timezone":{"offset":"+2:00","description":"Kaliningrad, South Africa"}},"email":"olivier.smith@example.com","login":{"uuid":"bd8df966-d0a7-4808-81a7-fdd8defceb65","username":"purpleladybug971","password":"ambers","salt":"ZaMCGbHF","md5":"0088fa13c065309c0ae81b8a27666690","sha1":"4556af2f111f42a58f48fb770724cd3c04d25b7d","sha256":"8012a0090bacbc19d961f1058de35ae0272f483d559260de30793716fd066c10"},"dob":{"date":"1991-07-06T21:56:26.076Z","age":32},"registered":{"date":"2019-10-16T15:27:08.975Z","age":4},"phone":"W99 T97-3380","cell":"Z58 V59-1536","id":{"name":"SIN","value":"891107211"},"picture":{"large":"https://randomuser.me/api/portraits/men/51.jpg","medium":"https://randomuser.me/api/portraits/med/men/51.jpg","thumbnail":"https://randomuser.me/api/portraits/thumb/men/51.jpg"},"nat":"CA"}],"info":{"seed":"cfcad113cc91dfe6","results":1,"page":1,"version":"1.4"}} 
 </msg>
<msg time="2024-06-30T12:27:06.290301" level="INFO">/opt/hostedtoolcache/Python/3.12.4/x64/lib/python3.12/site-packages/urllib3/connectionpool.py:1099: InsecureRequestWarning: Unverified HTTPS request is being made to host 'randomuser.me'. Adding certificate verification is strongly advised. See: https://urllib3.readthedocs.io/en/latest/advanced-usage.html#tls-warnings
  warnings.warn(</msg>
<msg time="2024-06-30T12:27:06.290462" level="INFO">${response} = &lt;Response [200]&gt;</msg>
<var>${response}</var>
<arg>consultarAPI</arg>
<arg>/api</arg>
<doc>Sends a GET request on a previously created HTTP Session.</doc>
<status status="PASS" start="2024-06-30T12:27:06.090356" elapsed="0.200149"/>
</kw>
<kw name="Should Be Equal As Numbers" owner="BuiltIn">
<msg time="2024-06-30T12:27:06.291495" level="INFO">Argument types are:
&lt;class 'int'&gt;
&lt;class 'str'&gt;</msg>
<arg>${response.status_code}</arg>
<arg>200</arg>
<doc>Fails if objects are unequal after converting them to real numbers.</doc>
<status status="PASS" start="2024-06-30T12:27:06.291043" elapsed="0.000515"/>
</kw>
<kw name="Log" owner="BuiltIn">
<msg time="2024-06-30T12:27:06.292218" level="INFO">200</msg>
<arg>${response.status_code}</arg>
<doc>Logs the given message with the given level.</doc>
<status status="PASS" start="2024-06-30T12:27:06.291878" elapsed="0.000380"/>
</kw>
<kw name="Set Variable" owner="BuiltIn">
<msg time="2024-06-30T12:27:06.292974" level="INFO">${json_data} = {'results': [{'gender': 'male', 'name': {'title': 'Mr', 'first': 'Olivier', 'last': 'Smith'}, 'location': {'street': {'number': 8405, 'name': 'York St'}, 'city': 'Minto', 'state': 'Northwest Territori...</msg>
<var>${json_data}</var>
<arg>${response.json()}</arg>
<doc>Returns the given values which can then be assigned to a variables.</doc>
<status status="PASS" start="2024-06-30T12:27:06.292555" elapsed="0.000446"/>
</kw>
<kw name="Dictionary Should Contain Key" owner="Collections">
<arg>${json_data}</arg>
<arg>results</arg>
<doc>Fails if ``key`` is not found from ``dictionary``.</doc>
<status status="PASS" start="2024-06-30T12:27:06.293306" elapsed="0.000192"/>
</kw>
<status status="PASS" start="2024-06-30T12:27:06.090108" elapsed="0.203540"/>
</kw>
<doc>Testa se a API responde corretamente e retorna um objeto JSON válido.</doc>
<tag>testeRequisicaoBasica</tag>
<status status="PASS" start="2024-06-30T12:27:06.089561" elapsed="0.204258"/>
</test>
<test id="s1-s1-t3" name="Validar estrutura de resposta" line="22">
<kw name="Teste de Estrutura de Resposta" owner="random-user-service">
<kw name="GET On Session" owner="RequestsLibrary">
<msg time="2024-06-30T12:27:06.400963" level="INFO">GET Request : url=https://randomuser.me/api 
 path_url=/api 
 headers={'User-Agent': 'python-requests/2.32.3', 'Accept-Encoding': 'gzip, deflate', 'Accept': '*/*', 'Connection': 'keep-alive'} 
 body=None 
 </msg>
<msg time="2024-06-30T12:27:06.401082" level="INFO">GET Response : url=https://randomuser.me/api 
 status=200, reason=OK 
 headers={'Date': 'Sun, 30 Jun 2024 12:27:06 GMT', 'Content-Type': 'application/json; charset=utf-8', 'Transfer-Encoding': 'chunked', 'Connection': 'keep-alive', 'X-Powered-By': 'Express', 'Access-Control-Allow-Origin': '*', 'Cache-Control': 'no-cache', 'ETag': 'W/"482-5RA0ENbMzu8k8UlS6iOVdwj4AMM"', 'Vary': 'Accept-Encoding', 'Content-Encoding': 'gzip', 'CF-Cache-Status': 'DYNAMIC', 'Report-To': '{"endpoints":[{"url":"https:\\/\\/a.nel.cloudflare.com\\/report\\/v4?s=%2FdV79W%2FdSqZs1vtrhkdWlfD1iksnIF8qKI7Br2bqvnjCULD9ea6wjUf3eW9ZLSXfn%2B0Z1%2BpZU%2BZRYdmW%2BcdshsbwDhCZ3tLY%2Be3dFfX0P8VKa3XTMjof%2B6Q3GwrZNkXN"}],"group":"cf-nel","max_age":604800}', 'NEL': '{"success_fraction":0,"report_to":"cf-nel","max_age":604800}', 'Server': 'cloudflare', 'CF-RAY': '89be26046a733926-IAD', 'alt-svc': 'h3=":443"; ma=86400'} 
 body={"results":[{"gender":"male","name":{"title":"Mr","first":"Janik","last":"Littel"},"location":{"street":{"number":8574,"name":"Eetgerinksweg"},"city":"Zijdewind","state":"Overijssel","country":"Netherlands","postcode":"2554 QM","coordinates":{"latitude":"35.9271","longitude":"-16.1760"},"timezone":{"offset":"-12:00","description":"Eniwetok, Kwajalein"}},"email":"janik.littel@example.com","login":{"uuid":"670d7fbe-b159-4d7d-b0e0-2cdbd5bed945","username":"tinybear217","password":"120676","salt":"SfwKYBYm","md5":"85c40b32ebd725462c7684d51f843478","sha1":"01975d18fd620b677432e6ffab5e0100bbe969cd","sha256":"71f82713197a5ebde57b3ee817703ce5bdd52cb769ed18667aa2282ceebb7fba"},"dob":{"date":"1987-08-20T09:00:06.101Z","age":36},"registered":{"date":"2018-11-10T17:29:41.198Z","age":5},"phone":"(0223) 428382","cell":"(06) 84539064","id":{"name":"BSN","value":"33082736"},"picture":{"large":"https://randomuser.me/api/portraits/men/72.jpg","medium":"https://randomuser.me/api/portraits/med/men/72.jpg","thumbnail":"https://randomuser.me/api/portraits/thumb/men/72.jpg"},"nat":"NL"}],"info":{"seed":"1dd78545d5d16c4b","results":1,"page":1,"version":"1.4"}} 
 </msg>
<msg time="2024-06-30T12:27:06.401236" level="INFO">/opt/hostedtoolcache/Python/3.12.4/x64/lib/python3.12/site-packages/urllib3/connectionpool.py:1099: InsecureRequestWarning: Unverified HTTPS request is being made to host 'randomuser.me'. Adding certificate verification is strongly advised. See: https://urllib3.readthedocs.io/en/latest/advanced-usage.html#tls-warnings
  warnings.warn(</msg>
<msg time="2024-06-30T12:27:06.401394" level="INFO">${response} = &lt;Response [200]&gt;</msg>
<var>${response}</var>
<arg>consultarAPI</arg>
<arg>/api</arg>
<doc>Sends a GET request on a previously created HTTP Session.</doc>
<status status="PASS" start="2024-06-30T12:27:06.296429" elapsed="0.105028"/>
</kw>
<kw name="Set Variable" owner="BuiltIn">
<msg time="2024-06-30T12:27:06.402522" level="INFO">${json_data} = {'results': [{'gender': 'male', 'name': {'title': 'Mr', 'first': 'Janik', 'last': 'Littel'}, 'location': {'street': {'number': 8574, 'name': 'Eetgerinksweg'}, 'city': 'Zijdewind', 'state': 'Overijssel...</msg>
<var>${json_data}</var>
<arg>${response.json()}</arg>
<doc>Returns the given values which can then be assigned to a variables.</doc>
<status status="PASS" start="2024-06-30T12:27:06.401989" elapsed="0.000561"/>
</kw>
<kw name="Log" owner="BuiltIn">
<msg time="2024-06-30T12:27:06.403017" level="INFO">{'results': [{'gender': 'male', 'name': {'title': 'Mr', 'first': 'Janik', 'last': 'Littel'}, 'location': {'street': {'number': 8574, 'name': 'Eetgerinksweg'}, 'city': 'Zijdewind', 'state': 'Overijssel', 'country': 'Netherlands', 'postcode': '2554 QM', 'coordinates': {'latitude': '35.9271', 'longitude': '-16.1760'}, 'timezone': {'offset': '-12:00', 'description': 'Eniwetok, Kwajalein'}}, 'email': 'janik.littel@example.com', 'login': {'uuid': '670d7fbe-b159-4d7d-b0e0-2cdbd5bed945', 'username': 'tinybear217', 'password': '120676', 'salt': 'SfwKYBYm', 'md5': '85c40b32ebd725462c7684d51f843478', 'sha1': '01975d18fd620b677432e6ffab5e0100bbe969cd', 'sha256': '71f82713197a5ebde57b3ee817703ce5bdd52cb769ed18667aa2282ceebb7fba'}, 'dob': {'date': '1987-08-20T09:00:06.101Z', 'age': 36}, 'registered': {'date': '2018-11-10T17:29:41.198Z', 'age': 5}, 'phone': '(0223) 428382', 'cell': '(06) 84539064', 'id': {'name': 'BSN', 'value': '33082736'}, 'picture': {'large': 'https://randomuser.me/api/portraits/men/72.jpg', 'medium': 'https://randomuser.me/api/portraits/med/men/72.jpg', 'thumbnail': 'https://randomuser.me/api/portraits/thumb/men/72.jpg'}, 'nat': 'NL'}], 'info': {'seed': '1dd78545d5d16c4b', 'results': 1, 'page': 1, 'version': '1.4'}}</msg>
<arg>${json_data}</arg>
<doc>Logs the given message with the given level.</doc>
<status status="PASS" start="2024-06-30T12:27:06.402857" elapsed="0.000209"/>
</kw>
<kw name="Dictionary Should Contain Key" owner="Collections">
<arg>${json_data}</arg>
<arg>results</arg>
<doc>Fails if ``key`` is not found from ``dictionary``.</doc>
<status status="PASS" start="2024-06-30T12:27:06.403357" elapsed="0.000169"/>
</kw>
<kw name="Should Not Be Empty" owner="BuiltIn">
<msg time="2024-06-30T12:27:06.403851" level="INFO">Length is 2.</msg>
<arg>${json_data}</arg>
<doc>Verifies that the given item is not empty.</doc>
<status status="PASS" start="2024-06-30T12:27:06.403717" elapsed="0.000173"/>
</kw>
<kw name="Create List" owner="BuiltIn">
<msg time="2024-06-30T12:27:06.404342" level="INFO">${expected_keys} = ['gender', 'name', 'location', 'email', 'login']</msg>
<var>${expected_keys}</var>
<arg>gender</arg>
<arg>name</arg>
<arg>location</arg>
<arg>email</arg>
<arg>login</arg>
<doc>Returns a list containing given items.</doc>
<status status="PASS" start="2024-06-30T12:27:06.404181" elapsed="0.000186"/>
</kw>
<for flavor="IN">
<iter>
<kw name="Dictionary Should Contain Key" owner="Collections">
<arg>${json_data['results'][0]}</arg>
<arg>${key}</arg>
<doc>Fails if ``key`` is not found from ``dictionary``.</doc>
<status status="PASS" start="2024-06-30T12:27:06.405107" elapsed="0.000456"/>
</kw>
<kw name="Log" owner="BuiltIn">
<msg time="2024-06-30T12:27:06.406139" level="INFO">{'gender': 'male', 'name': {'title': 'Mr', 'first': 'Janik', 'last': 'Littel'}, 'location': {'street': {'number': 8574, 'name': 'Eetgerinksweg'}, 'city': 'Zijdewind', 'state': 'Overijssel', 'country': 'Netherlands', 'postcode': '2554 QM', 'coordinates': {'latitude': '35.9271', 'longitude': '-16.1760'}, 'timezone': {'offset': '-12:00', 'description': 'Eniwetok, Kwajalein'}}, 'email': 'janik.littel@example.com', 'login': {'uuid': '670d7fbe-b159-4d7d-b0e0-2cdbd5bed945', 'username': 'tinybear217', 'password': '120676', 'salt': 'SfwKYBYm', 'md5': '85c40b32ebd725462c7684d51f843478', 'sha1': '01975d18fd620b677432e6ffab5e0100bbe969cd', 'sha256': '71f82713197a5ebde57b3ee817703ce5bdd52cb769ed18667aa2282ceebb7fba'}, 'dob': {'date': '1987-08-20T09:00:06.101Z', 'age': 36}, 'registered': {'date': '2018-11-10T17:29:41.198Z', 'age': 5}, 'phone': '(0223) 428382', 'cell': '(06) 84539064', 'id': {'name': 'BSN', 'value': '33082736'}, 'picture': {'large': 'https://randomuser.me/api/portraits/men/72.jpg', 'medium': 'https://randomuser.me/api/portraits/med/men/72.jpg', 'thumbnail': 'https://randomuser.me/api/portraits/thumb/men/72.jpg'}, 'nat': 'NL'}</msg>
<arg>${json_data['results'][0]}</arg>
<doc>Logs the given message with the given level.</doc>
<status status="PASS" start="2024-06-30T12:27:06.405758" elapsed="0.000429"/>
</kw>
<kw name="Log" owner="BuiltIn">
<msg time="2024-06-30T12:27:06.406617" level="INFO">gender</msg>
<arg>${key}</arg>
<doc>Logs the given message with the given level.</doc>
<status status="PASS" start="2024-06-30T12:27:06.406489" elapsed="0.000165"/>
</kw>
<var name="${key}">gender</var>
<status status="PASS" start="2024-06-30T12:27:06.404982" elapsed="0.001897"/>
</iter>
<iter>
<kw name="Dictionary Should Contain Key" owner="Collections">
<arg>${json_data['results'][0]}</arg>
<arg>${key}</arg>
<doc>Fails if ``key`` is not found from ``dictionary``.</doc>
<status status="PASS" start="2024-06-30T12:27:06.407183" elapsed="0.000385"/>
</kw>
<kw name="Log" owner="BuiltIn">
<msg time="2024-06-30T12:27:06.408112" level="INFO">{'gender': 'male', 'name': {'title': 'Mr', 'first': 'Janik', 'last': 'Littel'}, 'location': {'street': {'number': 8574, 'name': 'Eetgerinksweg'}, 'city': 'Zijdewind', 'state': 'Overijssel', 'country': 'Netherlands', 'postcode': '2554 QM', 'coordinates': {'latitude': '35.9271', 'longitude': '-16.1760'}, 'timezone': {'offset': '-12:00', 'description': 'Eniwetok, Kwajalein'}}, 'email': 'janik.littel@example.com', 'login': {'uuid': '670d7fbe-b159-4d7d-b0e0-2cdbd5bed945', 'username': 'tinybear217', 'password': '120676', 'salt': 'SfwKYBYm', 'md5': '85c40b32ebd725462c7684d51f843478', 'sha1': '01975d18fd620b677432e6ffab5e0100bbe969cd', 'sha256': '71f82713197a5ebde57b3ee817703ce5bdd52cb769ed18667aa2282ceebb7fba'}, 'dob': {'date': '1987-08-20T09:00:06.101Z', 'age': 36}, 'registered': {'date': '2018-11-10T17:29:41.198Z', 'age': 5}, 'phone': '(0223) 428382', 'cell': '(06) 84539064', 'id': {'name': 'BSN', 'value': '33082736'}, 'picture': {'large': 'https://randomuser.me/api/portraits/men/72.jpg', 'medium': 'https://randomuser.me/api/portraits/med/men/72.jpg', 'thumbnail': 'https://randomuser.me/api/portraits/thumb/men/72.jpg'}, 'nat': 'NL'}</msg>
<arg>${json_data['results'][0]}</arg>
<doc>Logs the given message with the given level.</doc>
<status status="PASS" start="2024-06-30T12:27:06.407752" elapsed="0.000439"/>
</kw>
<kw name="Log" owner="BuiltIn">
<msg time="2024-06-30T12:27:06.408619" level="INFO">name</msg>
<arg>${key}</arg>
<doc>Logs the given message with the given level.</doc>
<status status="PASS" start="2024-06-30T12:27:06.408493" elapsed="0.000163"/>
</kw>
<var name="${key}">name</var>
<status status="PASS" start="2024-06-30T12:27:06.407064" elapsed="0.001809"/>
</iter>
<iter>
<kw name="Dictionary Should Contain Key" owner="Collections">
<arg>${json_data['results'][0]}</arg>
<arg>${key}</arg>
<doc>Fails if ``key`` is not found from ``dictionary``.</doc>
<status status="PASS" start="2024-06-30T12:27:06.409154" elapsed="0.000407"/>
</kw>
<kw name="Log" owner="BuiltIn">
<msg time="2024-06-30T12:27:06.410085" level="INFO">{'gender': 'male', 'name': {'title': 'Mr', 'first': 'Janik', 'last': 'Littel'}, 'location': {'street': {'number': 8574, 'name': 'Eetgerinksweg'}, 'city': 'Zijdewind', 'state': 'Overijssel', 'country': 'Netherlands', 'postcode': '2554 QM', 'coordinates': {'latitude': '35.9271', 'longitude': '-16.1760'}, 'timezone': {'offset': '-12:00', 'description': 'Eniwetok, Kwajalein'}}, 'email': 'janik.littel@example.com', 'login': {'uuid': '670d7fbe-b159-4d7d-b0e0-2cdbd5bed945', 'username': 'tinybear217', 'password': '120676', 'salt': 'SfwKYBYm', 'md5': '85c40b32ebd725462c7684d51f843478', 'sha1': '01975d18fd620b677432e6ffab5e0100bbe969cd', 'sha256': '71f82713197a5ebde57b3ee817703ce5bdd52cb769ed18667aa2282ceebb7fba'}, 'dob': {'date': '1987-08-20T09:00:06.101Z', 'age': 36}, 'registered': {'date': '2018-11-10T17:29:41.198Z', 'age': 5}, 'phone': '(0223) 428382', 'cell': '(06) 84539064', 'id': {'name': 'BSN', 'value': '33082736'}, 'picture': {'large': 'https://randomuser.me/api/portraits/men/72.jpg', 'medium': 'https://randomuser.me/api/portraits/med/men/72.jpg', 'thumbnail': 'https://randomuser.me/api/portraits/thumb/men/72.jpg'}, 'nat': 'NL'}</msg>
<arg>${json_data['results'][0]}</arg>
<doc>Logs the given message with the given level.</doc>
<status status="PASS" start="2024-06-30T12:27:06.409741" elapsed="0.000390"/>
</kw>
<kw name="Log" owner="BuiltIn">
<msg time="2024-06-30T12:27:06.410548" level="INFO">location</msg>
<arg>${key}</arg>
<doc>Logs the given message with the given level.</doc>
<status status="PASS" start="2024-06-30T12:27:06.410424" elapsed="0.000160"/>
</kw>
<var name="${key}">location</var>
<status status="PASS" start="2024-06-30T12:27:06.409048" elapsed="0.001750"/>
</iter>
<iter>
<kw name="Dictionary Should Contain Key" owner="Collections">
<arg>${json_data['results'][0]}</arg>
<arg>${key}</arg>
<doc>Fails if ``key`` is not found from ``dictionary``.</doc>
<status status="PASS" start="2024-06-30T12:27:06.411072" elapsed="0.000375"/>
</kw>
<kw name="Log" owner="BuiltIn">
<msg time="2024-06-30T12:27:06.411979" level="INFO">{'gender': 'male', 'name': {'title': 'Mr', 'first': 'Janik', 'last': 'Littel'}, 'location': {'street': {'number': 8574, 'name': 'Eetgerinksweg'}, 'city': 'Zijdewind', 'state': 'Overijssel', 'country': 'Netherlands', 'postcode': '2554 QM', 'coordinates': {'latitude': '35.9271', 'longitude': '-16.1760'}, 'timezone': {'offset': '-12:00', 'description': 'Eniwetok, Kwajalein'}}, 'email': 'janik.littel@example.com', 'login': {'uuid': '670d7fbe-b159-4d7d-b0e0-2cdbd5bed945', 'username': 'tinybear217', 'password': '120676', 'salt': 'SfwKYBYm', 'md5': '85c40b32ebd725462c7684d51f843478', 'sha1': '01975d18fd620b677432e6ffab5e0100bbe969cd', 'sha256': '71f82713197a5ebde57b3ee817703ce5bdd52cb769ed18667aa2282ceebb7fba'}, 'dob': {'date': '1987-08-20T09:00:06.101Z', 'age': 36}, 'registered': {'date': '2018-11-10T17:29:41.198Z', 'age': 5}, 'phone': '(0223) 428382', 'cell': '(06) 84539064', 'id': {'name': 'BSN', 'value': '33082736'}, 'picture': {'large': 'https://randomuser.me/api/portraits/men/72.jpg', 'medium': 'https://randomuser.me/api/portraits/med/men/72.jpg', 'thumbnail': 'https://randomuser.me/api/portraits/thumb/men/72.jpg'}, 'nat': 'NL'}</msg>
<arg>${json_data['results'][0]}</arg>
<doc>Logs the given message with the given level.</doc>
<status status="PASS" start="2024-06-30T12:27:06.411623" elapsed="0.000402"/>
</kw>
<kw name="Log" owner="BuiltIn">
<msg time="2024-06-30T12:27:06.412437" level="INFO">email</msg>
<arg>${key}</arg>
<doc>Logs the given message with the given level.</doc>
<status status="PASS" start="2024-06-30T12:27:06.412312" elapsed="0.000163"/>
</kw>
<var name="${key}">email</var>
<status status="PASS" start="2024-06-30T12:27:06.410968" elapsed="0.001723"/>
</iter>
<iter>
<kw name="Dictionary Should Contain Key" owner="Collections">
<arg>${json_data['results'][0]}</arg>
<arg>${key}</arg>
<doc>Fails if ``key`` is not found from ``dictionary``.</doc>
<status status="PASS" start="2024-06-30T12:27:06.412972" elapsed="0.000385"/>
</kw>
<kw name="Log" owner="BuiltIn">
<msg time="2024-06-30T12:27:06.413920" level="INFO">{'gender': 'male', 'name': {'title': 'Mr', 'first': 'Janik', 'last': 'Littel'}, 'location': {'street': {'number': 8574, 'name': 'Eetgerinksweg'}, 'city': 'Zijdewind', 'state': 'Overijssel', 'country': 'Netherlands', 'postcode': '2554 QM', 'coordinates': {'latitude': '35.9271', 'longitude': '-16.1760'}, 'timezone': {'offset': '-12:00', 'description': 'Eniwetok, Kwajalein'}}, 'email': 'janik.littel@example.com', 'login': {'uuid': '670d7fbe-b159-4d7d-b0e0-2cdbd5bed945', 'username': 'tinybear217', 'password': '120676', 'salt': 'SfwKYBYm', 'md5': '85c40b32ebd725462c7684d51f843478', 'sha1': '01975d18fd620b677432e6ffab5e0100bbe969cd', 'sha256': '71f82713197a5ebde57b3ee817703ce5bdd52cb769ed18667aa2282ceebb7fba'}, 'dob': {'date': '1987-08-20T09:00:06.101Z', 'age': 36}, 'registered': {'date': '2018-11-10T17:29:41.198Z', 'age': 5}, 'phone': '(0223) 428382', 'cell': '(06) 84539064', 'id': {'name': 'BSN', 'value': '33082736'}, 'picture': {'large': 'https://randomuser.me/api/portraits/men/72.jpg', 'medium': 'https://randomuser.me/api/portraits/med/men/72.jpg', 'thumbnail': 'https://randomuser.me/api/portraits/thumb/men/72.jpg'}, 'nat': 'NL'}</msg>
<arg>${json_data['results'][0]}</arg>
<doc>Logs the given message with the given level.</doc>
<status status="PASS" start="2024-06-30T12:27:06.413559" elapsed="0.000407"/>
</kw>
<kw name="Log" owner="BuiltIn">
<msg time="2024-06-30T12:27:06.414377" level="INFO">login</msg>
<arg>${key}</arg>
<doc>Logs the given message with the given level.</doc>
<status status="PASS" start="2024-06-30T12:27:06.414253" elapsed="0.000159"/>
</kw>
<var name="${key}">login</var>
<status status="PASS" start="2024-06-30T12:27:06.412861" elapsed="0.001766"/>
</iter>
<var>${key}</var>
<value>@{expected_keys}</value>
<status status="PASS" start="2024-06-30T12:27:06.404783" elapsed="0.009964"/>
</for>
<kw name="Create List" owner="BuiltIn">
<msg time="2024-06-30T12:27:06.415063" level="INFO">${expected_keysTwo} = ['username', 'password']</msg>
<var>${expected_keysTwo}</var>
<arg>username</arg>
<arg>password</arg>
<doc>Returns a list containing given items.</doc>
<status status="PASS" start="2024-06-30T12:27:06.414933" elapsed="0.000153"/>
</kw>
<for flavor="IN">
<iter>
<kw name="Dictionary Should Contain Key" owner="Collections">
<arg>${json_data['results'][0]['login']}</arg>
<arg>${keyTwo}</arg>
<doc>Fails if ``key`` is not found from ``dictionary``.</doc>
<status status="PASS" start="2024-06-30T12:27:06.415615" elapsed="0.000393"/>
</kw>
<kw name="Dictionary Should Contain Key" owner="Collections">
<arg>${json_data['results'][0]['login']}</arg>
<arg>${keyTwo}</arg>
<doc>Fails if ``key`` is not found from ``dictionary``.</doc>
<status status="PASS" start="2024-06-30T12:27:06.416185" elapsed="0.000365"/>
</kw>
<kw name="Log" owner="BuiltIn">
<msg time="2024-06-30T12:27:06.416849" level="INFO">username</msg>
<arg>${keyTwo}</arg>
<doc>Logs the given message with the given level.</doc>
<status status="PASS" start="2024-06-30T12:27:06.416728" elapsed="0.000159"/>
</kw>
<var name="${keyTwo}">username</var>
<status status="PASS" start="2024-06-30T12:27:06.415510" elapsed="0.001592"/>
</iter>
<iter>
<kw name="Dictionary Should Contain Key" owner="Collections">
<arg>${json_data['results'][0]['login']}</arg>
<arg>${keyTwo}</arg>
<doc>Fails if ``key`` is not found from ``dictionary``.</doc>
<status status="PASS" start="2024-06-30T12:27:06.417374" elapsed="0.000410"/>
</kw>
<kw name="Dictionary Should Contain Key" owner="Collections">
<arg>${json_data['results'][0]['login']}</arg>
<arg>${keyTwo}</arg>
<doc>Fails if ``key`` is not found from ``dictionary``.</doc>
<status status="PASS" start="2024-06-30T12:27:06.417956" elapsed="0.000369"/>
</kw>
<kw name="Log" owner="BuiltIn">
<msg time="2024-06-30T12:27:06.418609" level="INFO">password</msg>
<arg>${keyTwo}</arg>
<doc>Logs the given message with the given level.</doc>
<status status="PASS" start="2024-06-30T12:27:06.418495" elapsed="0.000155"/>
</kw>
<var name="${keyTwo}">password</var>
<status status="PASS" start="2024-06-30T12:27:06.417271" elapsed="0.001596"/>
</iter>
<var>${keyTwo}</var>
<value>@{expected_keysTwo}</value>
<status status="PASS" start="2024-06-30T12:27:06.415345" elapsed="0.003640"/>
</for>
<status status="PASS" start="2024-06-30T12:27:06.296198" elapsed="0.122924"/>
</kw>
<doc>Testa a estrutura da resposta da API.</doc>
<tag>testeEstruturaResposta</tag>
<status status="PASS" start="2024-06-30T12:27:06.295617" elapsed="0.123658"/>
</test>
<test id="s1-s1-t4" name="Validar tipos de dados" line="28">
<kw name="Teste de Tipos de Dados" owner="random-user-service">
<kw name="GET On Session" owner="RequestsLibrary">
<msg time="2024-06-30T12:27:06.492600" level="INFO">GET Request : url=https://randomuser.me/api 
 path_url=/api 
 headers={'User-Agent': 'python-requests/2.32.3', 'Accept-Encoding': 'gzip, deflate', 'Accept': '*/*', 'Connection': 'keep-alive'} 
 body=None 
 </msg>
<msg time="2024-06-30T12:27:06.492693" level="INFO">GET Response : url=https://randomuser.me/api 
 status=200, reason=OK 
 headers={'Date': 'Sun, 30 Jun 2024 12:27:06 GMT', 'Content-Type': 'application/json; charset=utf-8', 'Transfer-Encoding': 'chunked', 'Connection': 'keep-alive', 'X-Powered-By': 'Express', 'Access-Control-Allow-Origin': '*', 'Cache-Control': 'no-cache', 'ETag': 'W/"46a-t/oUE5MBeSE9KB634xIRGUmj/Ow"', 'Vary': 'Accept-Encoding', 'Content-Encoding': 'gzip', 'CF-Cache-Status': 'DYNAMIC', 'Report-To': '{"endpoints":[{"url":"https:\\/\\/a.nel.cloudflare.com\\/report\\/v4?s=GC4PbdrYJOpYrhT6Lh2PddVkUWU9%2B0WDWuY4z5mjFHFiow8fGKj3U1WNOTde1P2YunSEQtnpA229HnV0eN%2B3m%2BpbLdU%2Fd8AFuFou3R1w374flJ%2F6vzJq87I3ixrj6gjQ"}],"group":"cf-nel","max_age":604800}', 'NEL': '{"success_fraction":0,"report_to":"cf-nel","max_age":604800}', 'Server': 'cloudflare', 'CF-RAY': '89be26052b483926-IAD', 'alt-svc': 'h3=":443"; ma=86400'} 
 body={"results":[{"gender":"female","name":{"title":"Mrs","first":"Sophie","last":"Li"},"location":{"street":{"number":4619,"name":"3rd St"},"city":"Russell","state":"Manitoba","country":"Canada","postcode":"K7Z 9O5","coordinates":{"latitude":"-67.7697","longitude":"6.3964"},"timezone":{"offset":"+4:30","description":"Kabul"}},"email":"sophie.li@example.com","login":{"uuid":"f88a71b3-6df4-492c-85a0-5388df414ea8","username":"beautifulgoose280","password":"pants","salt":"Y8sKjXUv","md5":"aa288fc658e6c191042afed741162450","sha1":"4f9bba3d279ea501b748af16c62bbcf83680de40","sha256":"41984e502107730fb0d0d8697f98d0474d73cdd04155e77a18b4d9584a762752"},"dob":{"date":"1973-02-06T16:26:38.395Z","age":51},"registered":{"date":"2012-11-07T12:05:45.375Z","age":11},"phone":"Z30 G96-5849","cell":"M89 X80-7482","id":{"name":"SIN","value":"422818963"},"picture":{"large":"https://randomuser.me/api/portraits/women/80.jpg","medium":"https://randomuser.me/api/portraits/med/women/80.jpg","thumbnail":"https://randomuser.me/api/portraits/thumb/women/80.jpg"},"nat":"CA"}],"info":{"seed":"28c03b24f252e9a4","results":1,"page":1,"version":"1.4"}} 
 </msg>
<msg time="2024-06-30T12:27:06.492761" level="INFO">/opt/hostedtoolcache/Python/3.12.4/x64/lib/python3.12/site-packages/urllib3/connectionpool.py:1099: InsecureRequestWarning: Unverified HTTPS request is being made to host 'randomuser.me'. Adding certificate verification is strongly advised. See: https://urllib3.readthedocs.io/en/latest/advanced-usage.html#tls-warnings
  warnings.warn(</msg>
<msg time="2024-06-30T12:27:06.492897" level="INFO">${response} = &lt;Response [200]&gt;</msg>
<var>${response}</var>
<arg>consultarAPI</arg>
<arg>/api</arg>
<doc>Sends a GET request on a previously created HTTP Session.</doc>
<status status="PASS" start="2024-06-30T12:27:06.421939" elapsed="0.070997"/>
</kw>
<kw name="Set Variable" owner="BuiltIn">
<msg time="2024-06-30T12:27:06.494012" level="INFO">${json_data} = {'results': [{'gender': 'female', 'name': {'title': 'Mrs', 'first': 'Sophie', 'last': 'Li'}, 'location': {'street': {'number': 4619, 'name': '3rd St'}, 'city': 'Russell', 'state': 'Manitoba', 'country...</msg>
<var>${json_data}</var>
<arg>${response.json()}</arg>
<doc>Returns the given values which can then be assigned to a variables.</doc>
<status status="PASS" start="2024-06-30T12:27:06.493503" elapsed="0.000536"/>
</kw>
<kw name="Log" owner="BuiltIn">
<msg time="2024-06-30T12:27:06.494507" level="INFO">{'results': [{'gender': 'female', 'name': {'title': 'Mrs', 'first': 'Sophie', 'last': 'Li'}, 'location': {'street': {'number': 4619, 'name': '3rd St'}, 'city': 'Russell', 'state': 'Manitoba', 'country': 'Canada', 'postcode': 'K7Z 9O5', 'coordinates': {'latitude': '-67.7697', 'longitude': '6.3964'}, 'timezone': {'offset': '+4:30', 'description': 'Kabul'}}, 'email': 'sophie.li@example.com', 'login': {'uuid': 'f88a71b3-6df4-492c-85a0-5388df414ea8', 'username': 'beautifulgoose280', 'password': 'pants', 'salt': 'Y8sKjXUv', 'md5': 'aa288fc658e6c191042afed741162450', 'sha1': '4f9bba3d279ea501b748af16c62bbcf83680de40', 'sha256': '41984e502107730fb0d0d8697f98d0474d73cdd04155e77a18b4d9584a762752'}, 'dob': {'date': '1973-02-06T16:26:38.395Z', 'age': 51}, 'registered': {'date': '2012-11-07T12:05:45.375Z', 'age': 11}, 'phone': 'Z30 G96-5849', 'cell': 'M89 X80-7482', 'id': {'name': 'SIN', 'value': '422818963'}, 'picture': {'large': 'https://randomuser.me/api/portraits/women/80.jpg', 'medium': 'https://randomuser.me/api/portraits/med/women/80.jpg', 'thumbnail': 'https://randomuser.me/api/portraits/thumb/women/80.jpg'}, 'nat': 'CA'}], 'info': {'seed': '28c03b24f252e9a4', 'results': 1, 'page': 1, 'version': '1.4'}}</msg>
<arg>${json_data}</arg>
<doc>Logs the given message with the given level.</doc>
<status status="PASS" start="2024-06-30T12:27:06.494349" elapsed="0.000204"/>
</kw>
<kw name="Should Be String" owner="String">
<arg>${json_data['results'][0]['gender']}</arg>
<doc>Fails if the given ``item`` is not a string.</doc>
<status status="PASS" start="2024-06-30T12:27:06.494844" elapsed="0.000361"/>
</kw>
<kw name="Should Match Regexp" owner="BuiltIn">
<arg>${json_data['results'][0]['email']}</arg>
<arg>^[a-zA-Z0-9._%+-]+@[a-zA-Z0-9.-]+\.[a-zA-Z]{2,}$</arg>
<doc>Fails if ``string`` does not match ``pattern`` as a regular expression.</doc>
<status status="PASS" start="2024-06-30T12:27:06.495391" elapsed="0.000518"/>
</kw>
<kw name="Should Match Regexp" owner="BuiltIn">
<arg>${json_data['results'][0]['dob']['date']}</arg>
<arg>\\d{4}-\\d{2}-\\d{2}T\\d{2}:\\d{2}:\\d{2}\\.\\d{3}Z</arg>
<doc>Fails if ``string`` does not match ``pattern`` as a regular expression.</doc>
<status status="PASS" start="2024-06-30T12:27:06.496140" elapsed="0.000497"/>
</kw>
<kw name="Should Match Regexp" owner="BuiltIn">
<arg>${json_data['results'][0]['registered']['date']}</arg>
<arg>\\d{4}-\\d{2}-\\d{2}T\\d{2}:\\d{2}:\\d{2}\\.\\d{3}Z</arg>
<doc>Fails if ``string`` does not match ``pattern`` as a regular expression.</doc>
<status status="PASS" start="2024-06-30T12:27:06.496824" elapsed="0.000359"/>
</kw>
<kw name="Should Match Regexp" owner="BuiltIn">
<arg>${json_data['results'][0]['picture']['large']}</arg>
<arg>^https?://.*\.(?:png|jpe?g|gif|bmp)$</arg>
<doc>Fails if ``string`` does not match ``pattern`` as a regular expression.</doc>
<status status="PASS" start="2024-06-30T12:27:06.497365" elapsed="0.000490"/>
</kw>
<kw name="Should Match Regexp" owner="BuiltIn">
<arg>${json_data['results'][0]['picture']['medium']}</arg>
<arg>^https?://.*\.(?:png|jpe?g|gif|bmp)$</arg>
<doc>Fails if ``string`` does not match ``pattern`` as a regular expression.</doc>
<status status="PASS" start="2024-06-30T12:27:06.498038" elapsed="0.000347"/>
</kw>
<kw name="Should Match Regexp" owner="BuiltIn">
<arg>${json_data['results'][0]['picture']['thumbnail']}</arg>
<arg>^https?://.*\.(?:png|jpe?g|gif|bmp)$</arg>
<doc>Fails if ``string`` does not match ``pattern`` as a regular expression.</doc>
<status status="PASS" start="2024-06-30T12:27:06.498568" elapsed="0.000352"/>
</kw>
<kw name="Log" owner="BuiltIn">
<msg time="2024-06-30T12:27:06.499424" level="INFO">{'large': 'https://randomuser.me/api/portraits/women/80.jpg', 'medium': 'https://randomuser.me/api/portraits/med/women/80.jpg', 'thumbnail': 'https://randomuser.me/api/portraits/thumb/women/80.jpg'}</msg>
<arg>${json_data['results'][0]['picture']}</arg>
<doc>Logs the given message with the given level.</doc>
<status status="PASS" start="2024-06-30T12:27:06.499098" elapsed="0.000369"/>
</kw>
<status status="PASS" start="2024-06-30T12:27:06.421709" elapsed="0.078019"/>
</kw>
<kw name="Teste de Tipos de Dados - Postcode" owner="random-user-service">
<kw name="GET On Session" owner="RequestsLibrary">
<msg time="2024-06-30T12:27:06.616121" level="INFO">GET Request : url=https://randomuser.me/api 
 path_url=/api 
 headers={'User-Agent': 'python-requests/2.32.3', 'Accept-Encoding': 'gzip, deflate', 'Accept': '*/*', 'Connection': 'keep-alive'} 
 body=None 
 </msg>
<msg time="2024-06-30T12:27:06.616231" level="INFO">GET Response : url=https://randomuser.me/api 
 status=200, reason=OK 
 headers={'Date': 'Sun, 30 Jun 2024 12:27:06 GMT', 'Content-Type': 'application/json; charset=utf-8', 'Transfer-Encoding': 'chunked', 'Connection': 'keep-alive', 'X-Powered-By': 'Express', 'Access-Control-Allow-Origin': '*', 'Cache-Control': 'no-cache', 'ETag': 'W/"486-mnA5QvPkjyiIwnV66gGau0VjzPE"', 'Vary': 'Accept-Encoding', 'Content-Encoding': 'gzip', 'CF-Cache-Status': 'DYNAMIC', 'Report-To': '{"endpoints":[{"url":"https:\\/\\/a.nel.cloudflare.com\\/report\\/v4?s=m5ew%2BTO5fa3UUD777afQRmsXisp4b%2FC5ujhEipfiv8ggwdMM2CTKcpU7M0ltfHfAzEOq1ip5P5ttGRJVG1HwhBqawc6GZAjEEEmdlTI5y59%2FwsiaH5jR7o2dxWUY6ZKg"}],"group":"cf-nel","max_age":604800}', 'NEL': '{"success_fraction":0,"report_to":"cf-nel","max_age":604800}', 'Server': 'cloudflare', 'CF-RAY': '89be2605abb23926-IAD', 'alt-svc': 'h3=":443"; ma=86400'} 
 body={"results":[{"gender":"male","name":{"title":"Mr","first":"Brad","last":"Price"},"location":{"street":{"number":2030,"name":"Station Road"},"city":"Kilkenny","state":"Kerry","country":"Ireland","postcode":38843,"coordinates":{"latitude":"3.2181","longitude":"-156.4073"},"timezone":{"offset":"+5:30","description":"Bombay, Calcutta, Madras, New Delhi"}},"email":"brad.price@example.com","login":{"uuid":"1bb3c755-61ef-447e-8dc1-8e8e9a668ee1","username":"silverbutterfly555","password":"snuggles","salt":"zh30sE5q","md5":"9925f78eb6ee375bbcaccb815ec26343","sha1":"312fd9d5f5f922c719f7f5be74824c084f605f0c","sha256":"e0ad20a63b23325739839bb204fccc18a3e32588bec517de3cfcc83db9ae669f"},"dob":{"date":"1997-06-18T22:49:28.449Z","age":27},"registered":{"date":"2012-09-06T17:35:41.319Z","age":11},"phone":"041-633-5880","cell":"081-226-3483","id":{"name":"PPS","value":"9526641T"},"picture":{"large":"https://randomuser.me/api/portraits/men/92.jpg","medium":"https://randomuser.me/api/portraits/med/men/92.jpg","thumbnail":"https://randomuser.me/api/portraits/thumb/men/92.jpg"},"nat":"IE"}],"info":{"seed":"2b9222b239a896c3","results":1,"page":1,"version":"1.4"}} 
 </msg>
<msg time="2024-06-30T12:27:06.616311" level="INFO">/opt/hostedtoolcache/Python/3.12.4/x64/lib/python3.12/site-packages/urllib3/connectionpool.py:1099: InsecureRequestWarning: Unverified HTTPS request is being made to host 'randomuser.me'. Adding certificate verification is strongly advised. See: https://urllib3.readthedocs.io/en/latest/advanced-usage.html#tls-warnings
  warnings.warn(</msg>
<msg time="2024-06-30T12:27:06.616473" level="INFO">${response} = &lt;Response [200]&gt;</msg>
<var>${response}</var>
<arg>consultarAPI</arg>
<arg>/api</arg>
<doc>Sends a GET request on a previously created HTTP Session.</doc>
<status status="PASS" start="2024-06-30T12:27:06.500193" elapsed="0.116334"/>
</kw>
<kw name="Set Variable" owner="BuiltIn">
<msg time="2024-06-30T12:27:06.617608" level="INFO">${json_data} = {'results': [{'gender': 'male', 'name': {'title': 'Mr', 'first': 'Brad', 'last': 'Price'}, 'location': {'street': {'number': 2030, 'name': 'Station Road'}, 'city': 'Kilkenny', 'state': 'Kerry', 'count...</msg>
<var>${json_data}</var>
<arg>${response.json()}</arg>
<doc>Returns the given values which can then be assigned to a variables.</doc>
<status status="PASS" start="2024-06-30T12:27:06.617045" elapsed="0.000591"/>
</kw>
<kw name="Log" owner="BuiltIn">
<msg time="2024-06-30T12:27:06.618107" level="INFO">{'results': [{'gender': 'male', 'name': {'title': 'Mr', 'first': 'Brad', 'last': 'Price'}, 'location': {'street': {'number': 2030, 'name': 'Station Road'}, 'city': 'Kilkenny', 'state': 'Kerry', 'country': 'Ireland', 'postcode': 38843, 'coordinates': {'latitude': '3.2181', 'longitude': '-156.4073'}, 'timezone': {'offset': '+5:30', 'description': 'Bombay, Calcutta, Madras, New Delhi'}}, 'email': 'brad.price@example.com', 'login': {'uuid': '1bb3c755-61ef-447e-8dc1-8e8e9a668ee1', 'username': 'silverbutterfly555', 'password': 'snuggles', 'salt': 'zh30sE5q', 'md5': '9925f78eb6ee375bbcaccb815ec26343', 'sha1': '312fd9d5f5f922c719f7f5be74824c084f605f0c', 'sha256': 'e0ad20a63b23325739839bb204fccc18a3e32588bec517de3cfcc83db9ae669f'}, 'dob': {'date': '1997-06-18T22:49:28.449Z', 'age': 27}, 'registered': {'date': '2012-09-06T17:35:41.319Z', 'age': 11}, 'phone': '041-633-5880', 'cell': '081-226-3483', 'id': {'name': 'PPS', 'value': '9526641T'}, 'picture': {'large': 'https://randomuser.me/api/portraits/men/92.jpg', 'medium': 'https://randomuser.me/api/portraits/med/men/92.jpg', 'thumbnail': 'https://randomuser.me/api/portraits/thumb/men/92.jpg'}, 'nat': 'IE'}], 'info': {'seed': '2b9222b239a896c3', 'results': 1, 'page': 1, 'version': '1.4'}}</msg>
<arg>${json_data}</arg>
<doc>Logs the given message with the given level.</doc>
<status status="PASS" start="2024-06-30T12:27:06.617951" elapsed="0.000202"/>
</kw>
<kw name="Should Be Equal As Numbers" owner="BuiltIn">
<arg>${json_data['results'][0]['location']['postcode']}</arg>
<arg>${json_data['results'][0]['location']['postcode']}</arg>
<doc>Fails if objects are unequal after converting them to real numbers.</doc>
<status status="PASS" start="2024-06-30T12:27:06.618447" elapsed="0.000630"/>
</kw>
<kw name="Log" owner="BuiltIn">
<msg time="2024-06-30T12:27:06.619601" level="INFO">38843</msg>
<arg>${json_data['results'][0]['location']['postcode']}</arg>
<doc>Logs the given message with the given level.</doc>
<status status="PASS" start="2024-06-30T12:27:06.619262" elapsed="0.000378"/>
</kw>
<status status="PASS" start="2024-06-30T12:27:06.499965" elapsed="0.119931"/>
</kw>
<doc>Testa se os tipos de dados na resposta da API estão corretos.</doc>
<tag>testeTiposDados</tag>
<status status="PASS" start="2024-06-30T12:27:06.421010" elapsed="0.199088"/>
</test>
<test id="s1-s1-t5" name="Validar conteudo" line="35">
<kw name="Teste de Tipos de Conteudo" owner="random-user-service">
<kw name="GET On Session" owner="RequestsLibrary">
<msg time="2024-06-30T12:27:06.697609" level="INFO">GET Request : url=https://randomuser.me/api 
 path_url=/api 
 headers={'User-Agent': 'python-requests/2.32.3', 'Accept-Encoding': 'gzip, deflate', 'Accept': '*/*', 'Connection': 'keep-alive'} 
 body=None 
 </msg>
<msg time="2024-06-30T12:27:06.697724" level="INFO">GET Response : url=https://randomuser.me/api 
 status=200, reason=OK 
 headers={'Date': 'Sun, 30 Jun 2024 12:27:06 GMT', 'Content-Type': 'application/json; charset=utf-8', 'Transfer-Encoding': 'chunked', 'Connection': 'keep-alive', 'X-Powered-By': 'Express', 'Access-Control-Allow-Origin': '*', 'Cache-Control': 'no-cache', 'ETag': 'W/"4b5-lBgzNbDT2+bdO7IV5IK0FTUJGR0"', 'Vary': 'Accept-Encoding', 'Content-Encoding': 'gzip', 'CF-Cache-Status': 'DYNAMIC', 'Report-To': '{"endpoints":[{"url":"https:\\/\\/a.nel.cloudflare.com\\/report\\/v4?s=oZCK7xbe0%2B%2B1a4LXbQV%2F08zuVJXOPhMHbNnFFazTQt%2FnQdgzR6PuqlEL%2F0%2BllECwghzvhki%2BqanzBnfnGZS8OGR9LdAISoTju1UYfQFKKYsuZxH6t3YTokb1etCEU1Eo"}],"group":"cf-nel","max_age":604800}', 'NEL': '{"success_fraction":0,"report_to":"cf-nel","max_age":604800}', 'Server': 'cloudflare', 'CF-RAY': '89be26067c6b3926-IAD', 'alt-svc': 'h3=":443"; ma=86400'} 
 body={"results":[{"gender":"female","name":{"title":"Ms","first":"María Cristina","last":"Rosado"},"location":{"street":{"number":2436,"name":"Eje vial Michoacán de Ocampo"},"city":"San Jerónimo de Juárez","state":"San Luis Potosí","country":"Mexico","postcode":91415,"coordinates":{"latitude":"23.0750","longitude":"129.6902"},"timezone":{"offset":"+5:45","description":"Kathmandu"}},"email":"mariacristina.rosado@example.com","login":{"uuid":"acbb39bb-eaae-407c-ad75-e75e0e0b0912","username":"goldenwolf528","password":"hornet","salt":"NO5aDViZ","md5":"f2a73521bc34d70f387296d6c8e53dbb","sha1":"33556244d79329cfcd058d789d81501fa377e31d","sha256":"87aff53686832e4769774ffda01fddf4939850d4233bd4dad7f8411d4a44c8b4"},"dob":{"date":"1963-02-08T07:03:15.923Z","age":61},"registered":{"date":"2020-06-17T17:37:39.420Z","age":4},"phone":"(690) 606 1187","cell":"(604) 383 2133","id":{"name":"NSS","value":"44 91 74 2827 0"},"picture":{"large":"https://randomuser.me/api/portraits/women/1.jpg","medium":"https://randomuser.me/api/portraits/med/women/1.jpg","thumbnail":"https://randomuser.me/api/portraits/thumb/women/1.jpg"},"nat":"MX"}],"info":{"seed":"2a567d309a7d17cc","results":1,"page":1,"version":"1.4"}} 
 </msg>
<msg time="2024-06-30T12:27:06.697829" level="INFO">/opt/hostedtoolcache/Python/3.12.4/x64/lib/python3.12/site-packages/urllib3/connectionpool.py:1099: InsecureRequestWarning: Unverified HTTPS request is being made to host 'randomuser.me'. Adding certificate verification is strongly advised. See: https://urllib3.readthedocs.io/en/latest/advanced-usage.html#tls-warnings
  warnings.warn(</msg>
<msg time="2024-06-30T12:27:06.697989" level="INFO">${response} = &lt;Response [200]&gt;</msg>
<var>${response}</var>
<arg>consultarAPI</arg>
<arg>/api</arg>
<doc>Sends a GET request on a previously created HTTP Session.</doc>
<status status="PASS" start="2024-06-30T12:27:06.623585" elapsed="0.074448"/>
</kw>
<kw name="Set Variable" owner="BuiltIn">
<msg time="2024-06-30T12:27:06.699057" level="INFO">${json_data} = {'results': [{'gender': 'female', 'name': {'title': 'Ms', 'first': 'María Cristina', 'last': 'Rosado'}, 'location': {'street': {'number': 2436, 'name': 'Eje vial Michoacán de Ocampo'}, 'city': 'San Je...</msg>
<var>${json_data}</var>
<arg>${response.json()}</arg>
<doc>Returns the given values which can then be assigned to a variables.</doc>
<status status="PASS" start="2024-06-30T12:27:06.698537" elapsed="0.000550"/>
</kw>
<kw name="Set Variable" owner="BuiltIn">
<msg time="2024-06-30T12:27:06.699777" level="INFO">${name_title} = Ms</msg>
<var>${name_title}</var>
<arg>${json_data["results"][0]["name"]["title"]}</arg>
<doc>Returns the given values which can then be assigned to a variables.</doc>
<status status="PASS" start="2024-06-30T12:27:06.699395" elapsed="0.000407"/>
</kw>
<kw name="Create List" owner="BuiltIn">
<msg time="2024-06-30T12:27:06.700258" level="INFO">${allowed_titles} = ['Mr', 'Ms', 'Miss', 'Mrs', 'Madame', 'Monsieur']</msg>
<var>${allowed_titles}</var>
<arg>Mr</arg>
<arg>Ms</arg>
<arg>Miss</arg>
<arg>Mrs</arg>
<arg>Madame</arg>
<arg>Monsieur</arg>
<doc>Returns a list containing given items.</doc>
<status status="PASS" start="2024-06-30T12:27:06.700099" elapsed="0.000184"/>
</kw>
<kw name="List Should Contain Value" owner="Collections">
<arg>${allowed_titles}</arg>
<arg>${name_title}</arg>
<doc>Fails if the ``value`` is not found from ``list``.</doc>
<status status="PASS" start="2024-06-30T12:27:06.700576" elapsed="0.000177"/>
</kw>
<kw name="Set Variable" owner="BuiltIn">
<msg time="2024-06-30T12:27:06.701300" level="INFO">${name_country} = MX</msg>
<var>${name_country}</var>
<arg>${json_data["results"][0]["nat"]}</arg>
<doc>Returns the given values which can then be assigned to a variables.</doc>
<status status="PASS" start="2024-06-30T12:27:06.700930" elapsed="0.000394"/>
</kw>
<kw name="Create List" owner="BuiltIn">
<msg time="2024-06-30T12:27:06.702252" level="INFO">${list_country} = ['AD', 'AE', 'AF', 'AG', 'AI', 'AL', 'AM', 'AO', 'AQ', 'AR', 'AS', 'AT', 'AU', 'AW', 'AX', 'AZ', 'BA', 'BB', 'BD', 'BE', 'BF', 'BG', 'BH', 'BI', 'BJ', 'BL', 'BM', 'BN', 'BO', 'BQ', 'BR', 'BS', 'BT', '...</msg>
<var>${list_country}</var>
<arg>AD</arg>
<arg>AE</arg>
<arg>AF</arg>
<arg>AG</arg>
<arg>AI</arg>
<arg>AL</arg>
<arg>AM</arg>
<arg>AO</arg>
<arg>AQ</arg>
<arg>AR</arg>
<arg>AS</arg>
<arg>AT</arg>
<arg>AU</arg>
<arg>AW</arg>
<arg>AX</arg>
<arg>AZ</arg>
<arg>BA</arg>
<arg>BB</arg>
<arg>BD</arg>
<arg>BE</arg>
<arg>BF</arg>
<arg>BG</arg>
<arg>BH</arg>
<arg>BI</arg>
<arg>BJ</arg>
<arg>BL</arg>
<arg>BM</arg>
<arg>BN</arg>
<arg>BO</arg>
<arg>BQ</arg>
<arg>BR</arg>
<arg>BS</arg>
<arg>BT</arg>
<arg>BV</arg>
<arg>BW</arg>
<arg>BY</arg>
<arg>BZ</arg>
<arg>CA</arg>
<arg>CC</arg>
<arg>CD</arg>
<arg>CF</arg>
<arg>CG</arg>
<arg>CH</arg>
<arg>CI</arg>
<arg>CK</arg>
<arg>CL</arg>
<arg>CM</arg>
<arg>CN</arg>
<arg>CO</arg>
<arg>CR</arg>
<arg>CU</arg>
<arg>CV</arg>
<arg>CW</arg>
<arg>CX</arg>
<arg>CY</arg>
<arg>CZ</arg>
<arg>DE</arg>
<arg>DJ</arg>
<arg>DK</arg>
<arg>DM</arg>
<arg>DO</arg>
<arg>DZ</arg>
<arg>EC</arg>
<arg>EE</arg>
<arg>EG</arg>
<arg>EH</arg>
<arg>ER</arg>
<arg>ES</arg>
<arg>ET</arg>
<arg>FI</arg>
<arg>FJ</arg>
<arg>FK</arg>
<arg>FM</arg>
<arg>FO</arg>
<arg>FR</arg>
<arg>GA</arg>
<arg>GB</arg>
<arg>GD</arg>
<arg>GE</arg>
<arg>GF</arg>
<arg>GG</arg>
<arg>GH</arg>
<arg>GI</arg>
<arg>GL</arg>
<arg>GM</arg>
<arg>GN</arg>
<arg>GP</arg>
<arg>GQ</arg>
<arg>GR</arg>
<arg>GS</arg>
<arg>GT</arg>
<arg>GU</arg>
<arg>GW</arg>
<arg>GY</arg>
<arg>HK</arg>
<arg>HM</arg>
<arg>HN</arg>
<arg>HR</arg>
<arg>HT</arg>
<arg>HU</arg>
<arg>ID</arg>
<arg>IE</arg>
<arg>IL</arg>
<arg>IM</arg>
<arg>IN</arg>
<arg>IO</arg>
<arg>IQ</arg>
<arg>IR</arg>
<arg>IS</arg>
<arg>IT</arg>
<arg>JE</arg>
<arg>JM</arg>
<arg>JO</arg>
<arg>JP</arg>
<arg>KE</arg>
<arg>KG</arg>
<arg>KH</arg>
<arg>KI</arg>
<arg>KM</arg>
<arg>KN</arg>
<arg>KP</arg>
<arg>KR</arg>
<arg>KW</arg>
<arg>KY</arg>
<arg>KZ</arg>
<arg>LA</arg>
<arg>LB</arg>
<arg>LC</arg>
<arg>LI</arg>
<arg>LK</arg>
<arg>LR</arg>
<arg>LS</arg>
<arg>LT</arg>
<arg>LU</arg>
<arg>LV</arg>
<arg>LY</arg>
<arg>MA</arg>
<arg>MC</arg>
<arg>MD</arg>
<arg>ME</arg>
<arg>MF</arg>
<arg>MG</arg>
<arg>MH</arg>
<arg>MK</arg>
<arg>ML</arg>
<arg>MM</arg>
<arg>MN</arg>
<arg>MO</arg>
<arg>MP</arg>
<arg>MQ</arg>
<arg>MR</arg>
<arg>MS</arg>
<arg>MT</arg>
<arg>MU</arg>
<arg>MV</arg>
<arg>MW</arg>
<arg>MX</arg>
<arg>MY</arg>
<arg>MZ</arg>
<arg>NA</arg>
<arg>NC</arg>
<arg>NE</arg>
<arg>NF</arg>
<arg>NG</arg>
<arg>NI</arg>
<arg>NL</arg>
<arg>NO</arg>
<arg>NP</arg>
<arg>NR</arg>
<arg>NU</arg>
<arg>NZ</arg>
<arg>OM</arg>
<arg>PA</arg>
<arg>PE</arg>
<arg>PF</arg>
<arg>PG</arg>
<arg>PH</arg>
<arg>PK</arg>
<arg>PL</arg>
<arg>PM</arg>
<arg>PN</arg>
<arg>PR</arg>
<arg>PS</arg>
<arg>PT</arg>
<arg>PW</arg>
<arg>PY</arg>
<arg>QA</arg>
<arg>RE</arg>
<arg>RO</arg>
<arg>RS</arg>
<arg>RU</arg>
<arg>RW</arg>
<arg>SA</arg>
<arg>SB</arg>
<arg>SC</arg>
<arg>SD</arg>
<arg>SE</arg>
<arg>SG</arg>
<arg>SH</arg>
<arg>SI</arg>
<arg>SJ</arg>
<arg>SK</arg>
<arg>SL</arg>
<arg>SM</arg>
<arg>SN</arg>
<arg>SO</arg>
<arg>SR</arg>
<arg>SS</arg>
<arg>ST</arg>
<arg>SV</arg>
<arg>SX</arg>
<arg>SY</arg>
<arg>SZ</arg>
<arg>TC</arg>
<arg>TD</arg>
<arg>TF</arg>
<arg>TG</arg>
<arg>TH</arg>
<arg>TJ</arg>
<arg>TK</arg>
<arg>TL</arg>
<arg>TM</arg>
<arg>TN</arg>
<arg>TO</arg>
<arg>TR</arg>
<arg>TT</arg>
<arg>TV</arg>
<arg>TW</arg>
<arg>TZ</arg>
<arg>UA</arg>
<arg>UG</arg>
<arg>UM</arg>
<arg>US</arg>
<arg>UY</arg>
<arg>UZ</arg>
<arg>VA</arg>
<arg>VC</arg>
<arg>VE</arg>
<arg>VG</arg>
<arg>VI</arg>
<arg>VN</arg>
<arg>VU</arg>
<arg>WF</arg>
<arg>WS</arg>
<arg>XK</arg>
<arg>YE</arg>
<arg>YT</arg>
<arg>ZA</arg>
<arg>ZM</arg>
<arg>ZW</arg>
<doc>Returns a list containing given items.</doc>
<status status="PASS" start="2024-06-30T12:27:06.701656" elapsed="0.000621"/>
</kw>
<kw name="List Should Contain Value" owner="Collections">
<arg>${list_country}</arg>
<arg>${name_country}</arg>
<doc>Fails if the ``value`` is not found from ``list``.</doc>
<status status="PASS" start="2024-06-30T12:27:06.703081" elapsed="0.000203"/>
</kw>
<kw name="Run Keyword If" owner="BuiltIn">
<kw name="Should Be True" owner="BuiltIn">
<arg>${True}</arg>
<doc>Fails if the given condition is not true.</doc>
<status status="PASS" start="2024-06-30T12:27:06.704218" elapsed="0.000139"/>
</kw>
<arg>${json_data["results"][0]["location"]["coordinates"]["latitude"]} &gt;= -90 and ${json_data["results"][0]["location"]["coordinates"]["latitude"]} &lt;= 90</arg>
<arg>Should Be True</arg>
<arg>${True}</arg>
<doc>Runs the given keyword with the given arguments, if ``condition`` is true.</doc>
<status status="PASS" start="2024-06-30T12:27:06.703480" elapsed="0.001001"/>
</kw>
<kw name="Run Keyword If" owner="BuiltIn">
<kw name="Should Be True" owner="BuiltIn">
<arg>${True}</arg>
<doc>Fails if the given condition is not true.</doc>
<status status="PASS" start="2024-06-30T12:27:06.705345" elapsed="0.000155"/>
</kw>
<arg>${json_data["results"][0]["location"]["coordinates"]["longitude"]} &gt;= -180 and ${json_data["results"][0]["location"]["coordinates"]["longitude"]} &lt;= 180</arg>
<arg>Should Be True</arg>
<arg>${True}</arg>
<doc>Runs the given keyword with the given arguments, if ``condition`` is true.</doc>
<status status="PASS" start="2024-06-30T12:27:06.704657" elapsed="0.000976"/>
</kw>
<status status="PASS" start="2024-06-30T12:27:06.622996" elapsed="0.082770"/>
</kw>
<doc>Testa o conteúdo específico dos campos retornados pela API.</doc>
<tag>testeConteudo</tag>
<status status="PASS" start="2024-06-30T12:27:06.622275" elapsed="0.083646"/>
</test>
<status status="PASS" start="2024-06-30T12:27:05.717493" elapsed="0.990380"/>
</suite>
<status status="PASS" start="2024-06-30T12:27:05.702992" elapsed="1.009984"/>
</suite>
<statistics>
<total>
<stat pass="5" fail="0" skip="0">All Tests</stat>
</total>
<tag>
<stat pass="1" fail="0" skip="0">testeConteudo</stat>
<stat pass="1" fail="0" skip="0">testeEstruturaResposta</stat>
<stat pass="1" fail="0" skip="0">testeRequisicaoBasica</stat>
<stat pass="1" fail="0" skip="0">testeTiposDados</stat>
</tag>
<suite>
<stat pass="5" fail="0" skip="0" id="s1" name="Tests">Tests</stat>
<stat pass="5" fail="0" skip="0" id="s1-s1" name="Random-User-Test">Tests.Random-User-Test</stat>
</suite>
</statistics>
<errors>
</errors>
</robot>
