<?xml version="1.0" encoding="UTF-8"?>
<robot generator="Robot 7.0 (Python 3.12.2 on linux)" generated="2024-03-30T07:14:08.036590" rpa="false" schemaversion="5">
<suite id="s1" name="Tests" source="/home/runner/work/DesafioQAItauRogerioJordao/DesafioQAItauRogerioJordao/RamdonUser/tests">
<suite id="s1-s1" name="Random-User-Test" source="/home/runner/work/DesafioQAItauRogerioJordao/DesafioQAItauRogerioJordao/RamdonUser/tests/random-user-test.robot">
<test id="s1-s1-t1" name="Conectar" line="13">
<kw name="Conectar API" owner="random-user-service">
<kw name="Create Session" owner="RequestsLibrary">
<msg time="2024-03-30T07:14:08.417096" level="INFO">Creating Session using : alias=consultarAPI, url=https://randomuser.me/, headers={},                     cookies={}, auth=None, timeout=None, proxies=None, verify=False,                     debug=0 </msg>
<arg>consultarAPI</arg>
<arg>${URL}</arg>
<doc>Create Session: create a HTTP session to a server</doc>
<status status="PASS" start="2024-03-30T07:14:08.416886" elapsed="0.000395"/>
</kw>
<status status="PASS" start="2024-03-30T07:14:08.415806" elapsed="0.001854"/>
</kw>
<status status="PASS" start="2024-03-30T07:14:08.415144" elapsed="0.002725"/>
</test>
<test id="s1-s1-t2" name="Validar retorno 200 e JSON Válido" line="16">
<kw name="Teste de Requisicao Basica" owner="random-user-service">
<kw name="GET On Session" owner="RequestsLibrary">
<msg time="2024-03-30T07:14:08.628883" level="INFO">GET Request : url=https://randomuser.me/api 
 path_url=/api 
 headers={'User-Agent': 'python-requests/2.31.0', 'Accept-Encoding': 'gzip, deflate', 'Accept': '*/*', 'Connection': 'keep-alive'} 
 body=None 
 </msg>
<msg time="2024-03-30T07:14:08.629053" level="INFO">GET Response : url=https://randomuser.me/api 
 status=200, reason=OK 
 headers={'Date': 'Sat, 30 Mar 2024 07:14:08 GMT', 'Content-Type': 'application/json; charset=utf-8', 'Transfer-Encoding': 'chunked', 'Connection': 'keep-alive', 'X-Powered-By': 'Express', 'Access-Control-Allow-Origin': '*', 'Cache-Control': 'no-cache', 'ETag': 'W/"47a-uuUxwEj0L6ORu+mGMiK0F2OZkOw"', 'Vary': 'Accept-Encoding', 'Content-Encoding': 'gzip', 'CF-Cache-Status': 'DYNAMIC', 'Report-To': '{"endpoints":[{"url":"https:\\/\\/a.nel.cloudflare.com\\/report\\/v4?s=rql8bxPD6%2F3QZjmlEog9CqgdaO9Q8uUu8Kq8bNhDtBkHQMunBsdgHDGyzrKH%2BO0retMElueADS9r5P9QKlHIavJRYjxPAFdbii41RFc%2FFPYdTbEC8po3Fl6KGevGnURL"}],"group":"cf-nel","max_age":604800}', 'NEL': '{"success_fraction":0,"report_to":"cf-nel","max_age":604800}', 'Server': 'cloudflare', 'CF-RAY': '86c64d136e817e2d-SJC', 'alt-svc': 'h3=":443"; ma=86400'} 
 body={"results":[{"gender":"female","name":{"title":"Ms","first":"Avery","last":"Kowalski"},"location":{"street":{"number":9283,"name":"Disputed Rd"},"city":"Waterloo","state":"New Brunswick","country":"Canada","postcode":"T5V 1P9","coordinates":{"latitude":"-67.4241","longitude":"14.0833"},"timezone":{"offset":"+4:30","description":"Kabul"}},"email":"avery.kowalski@example.com","login":{"uuid":"37dae6e4-502b-46c8-b57b-7811800ec64e","username":"sadladybug565","password":"jjjj","salt":"ciRxWH7u","md5":"1360f1c2d9bb1f4876907e9be823bb0e","sha1":"d792cbd9f5b5e450620b1606b93e313c898e3554","sha256":"1cd86aba555b05a90d4a84ea905062c3a5edc2bdadef2a78cbbf3d9f1fac2eb5"},"dob":{"date":"1949-03-17T19:11:46.516Z","age":75},"registered":{"date":"2004-09-08T10:27:09.229Z","age":19},"phone":"A08 U42-9002","cell":"G32 X73-7480","id":{"name":"SIN","value":"450318969"},"picture":{"large":"https://randomuser.me/api/portraits/women/50.jpg","medium":"https://randomuser.me/api/portraits/med/women/50.jpg","thumbnail":"https://randomuser.me/api/portraits/thumb/women/50.jpg"},"nat":"CA"}],"info":{"seed":"f58c33a9f35dc98a","results":1,"page":1,"version":"1.4"}} 
 </msg>
<msg time="2024-03-30T07:14:08.629177" level="INFO">/opt/hostedtoolcache/Python/3.12.2/x64/lib/python3.12/site-packages/urllib3/connectionpool.py:1103: InsecureRequestWarning: Unverified HTTPS request is being made to host 'randomuser.me'. Adding certificate verification is strongly advised. See: https://urllib3.readthedocs.io/en/latest/advanced-usage.html#tls-warnings
  warnings.warn(</msg>
<msg time="2024-03-30T07:14:08.629347" level="INFO">${response} = &lt;Response [200]&gt;</msg>
<var>${response}</var>
<arg>consultarAPI</arg>
<arg>/api</arg>
<doc>Sends a GET request on a previously created HTTP Session.</doc>
<status status="PASS" start="2024-03-30T07:14:08.420612" elapsed="0.208777"/>
</kw>
<kw name="Should Be Equal As Numbers" owner="BuiltIn">
<msg time="2024-03-30T07:14:08.630598" level="INFO">Argument types are:
&lt;class 'int'&gt;
&lt;class 'str'&gt;</msg>
<arg>${response.status_code}</arg>
<arg>200</arg>
<doc>Fails if objects are unequal after converting them to real numbers.</doc>
<status status="PASS" start="2024-03-30T07:14:08.630063" elapsed="0.000605"/>
</kw>
<kw name="Log" owner="BuiltIn">
<msg time="2024-03-30T07:14:08.631370" level="INFO">200</msg>
<arg>${response.status_code}</arg>
<doc>Logs the given message with the given level.</doc>
<status status="PASS" start="2024-03-30T07:14:08.631002" elapsed="0.000412"/>
</kw>
<kw name="Set Variable" owner="BuiltIn">
<msg time="2024-03-30T07:14:08.632204" level="INFO">${json_data} = {'results': [{'gender': 'female', 'name': {'title': 'Ms', 'first': 'Avery', 'last': 'Kowalski'}, 'location': {'street': {'number': 9283, 'name': 'Disputed Rd'}, 'city': 'Waterloo', 'state': 'New Bruns...</msg>
<var>${json_data}</var>
<arg>${response.json()}</arg>
<doc>Returns the given values which can then be assigned to a variables.</doc>
<status status="PASS" start="2024-03-30T07:14:08.631754" elapsed="0.000479"/>
</kw>
<kw name="Dictionary Should Contain Key" owner="Collections">
<msg time="2024-03-30T07:14:08.632715" level="INFO">False</msg>
<arg>${json_data}</arg>
<arg>results</arg>
<doc>Fails if ``key`` is not found from ``dictionary``.</doc>
<status status="PASS" start="2024-03-30T07:14:08.632542" elapsed="0.000213"/>
</kw>
<status status="PASS" start="2024-03-30T07:14:08.420354" elapsed="0.212663"/>
</kw>
<doc>Testa se a API responde corretamente e retorna um objeto JSON válido.</doc>
<tag>testeRequisicaoBasica</tag>
<status status="PASS" start="2024-03-30T07:14:08.419784" elapsed="0.213430"/>
</test>
<test id="s1-s1-t3" name="Validar estrutura de resposta" line="22">
<kw name="Teste de Estrutura de Resposta" owner="random-user-service">
<kw name="GET On Session" owner="RequestsLibrary">
<msg time="2024-03-30T07:14:08.726267" level="INFO">GET Request : url=https://randomuser.me/api 
 path_url=/api 
 headers={'User-Agent': 'python-requests/2.31.0', 'Accept-Encoding': 'gzip, deflate', 'Accept': '*/*', 'Connection': 'keep-alive'} 
 body=None 
 </msg>
<msg time="2024-03-30T07:14:08.726368" level="INFO">GET Response : url=https://randomuser.me/api 
 status=200, reason=OK 
 headers={'Date': 'Sat, 30 Mar 2024 07:14:08 GMT', 'Content-Type': 'application/json; charset=utf-8', 'Transfer-Encoding': 'chunked', 'Connection': 'keep-alive', 'X-Powered-By': 'Express', 'Access-Control-Allow-Origin': '*', 'Cache-Control': 'no-cache', 'ETag': 'W/"4a0-AtAHrcXRaLUgRngycXBFmCbTbDM"', 'Vary': 'Accept-Encoding', 'Content-Encoding': 'gzip', 'CF-Cache-Status': 'DYNAMIC', 'Report-To': '{"endpoints":[{"url":"https:\\/\\/a.nel.cloudflare.com\\/report\\/v4?s=GoOEVn35TF%2FELA%2FTdX1FU5IyjeaUDKm0PRLUfbnERIFrjOfHsnssZItM3pnIKJexlRfu92FeZOLiUKB5S%2FFaY4sL5FhGpdcoGK2SEUTwZAiOIiokVfjhoJQnKXIXSBKj"}],"group":"cf-nel","max_age":604800}', 'NEL': '{"success_fraction":0,"report_to":"cf-nel","max_age":604800}', 'Server': 'cloudflare', 'CF-RAY': '86c64d13ff0d7e2d-SJC', 'alt-svc': 'h3=":443"; ma=86400'} 
 body={"results":[{"gender":"female","name":{"title":"Mrs","first":"Melissa","last":"Triebel"},"location":{"street":{"number":4153,"name":"Grüner Weg"},"city":"Rerik","state":"Schleswig-Holstein","country":"Germany","postcode":45839,"coordinates":{"latitude":"-55.0973","longitude":"124.6611"},"timezone":{"offset":"+5:30","description":"Bombay, Calcutta, Madras, New Delhi"}},"email":"melissa.triebel@example.com","login":{"uuid":"be6b66be-68d3-4b4f-8c06-a7ac10f1461f","username":"happymouse515","password":"444444","salt":"I2pTr7VW","md5":"f7b507aae3214281f3ca2ec2ac0255b9","sha1":"2c8d6d8103f55ad4f9b635e79874653ceacda1d8","sha256":"3ba9ee137bd62e55e77bd4736fd989ebca8ce859d6992d9826b12ffbd102b45a"},"dob":{"date":"1981-05-25T11:48:22.421Z","age":42},"registered":{"date":"2017-10-04T22:33:13.289Z","age":6},"phone":"0091-2309133","cell":"0179-0033250","id":{"name":"SVNR","value":"59 250581 T 878"},"picture":{"large":"https://randomuser.me/api/portraits/women/8.jpg","medium":"https://randomuser.me/api/portraits/med/women/8.jpg","thumbnail":"https://randomuser.me/api/portraits/thumb/women/8.jpg"},"nat":"DE"}],"info":{"seed":"4ef4dc23ec52901d","results":1,"page":1,"version":"1.4"}} 
 </msg>
<msg time="2024-03-30T07:14:08.726534" level="INFO">/opt/hostedtoolcache/Python/3.12.2/x64/lib/python3.12/site-packages/urllib3/connectionpool.py:1103: InsecureRequestWarning: Unverified HTTPS request is being made to host 'randomuser.me'. Adding certificate verification is strongly advised. See: https://urllib3.readthedocs.io/en/latest/advanced-usage.html#tls-warnings
  warnings.warn(</msg>
<msg time="2024-03-30T07:14:08.726667" level="INFO">${response} = &lt;Response [200]&gt;</msg>
<var>${response}</var>
<arg>consultarAPI</arg>
<arg>/api</arg>
<doc>Sends a GET request on a previously created HTTP Session.</doc>
<status status="PASS" start="2024-03-30T07:14:08.636143" elapsed="0.090565"/>
</kw>
<kw name="Set Variable" owner="BuiltIn">
<msg time="2024-03-30T07:14:08.727874" level="INFO">${json_data} = {'results': [{'gender': 'female', 'name': {'title': 'Mrs', 'first': 'Melissa', 'last': 'Triebel'}, 'location': {'street': {'number': 4153, 'name': 'Grüner Weg'}, 'city': 'Rerik', 'state': 'Schleswig-H...</msg>
<var>${json_data}</var>
<arg>${response.json()}</arg>
<doc>Returns the given values which can then be assigned to a variables.</doc>
<status status="PASS" start="2024-03-30T07:14:08.727316" elapsed="0.000588"/>
</kw>
<kw name="Log" owner="BuiltIn">
<msg time="2024-03-30T07:14:08.728388" level="INFO">{'results': [{'gender': 'female', 'name': {'title': 'Mrs', 'first': 'Melissa', 'last': 'Triebel'}, 'location': {'street': {'number': 4153, 'name': 'Grüner Weg'}, 'city': 'Rerik', 'state': 'Schleswig-Holstein', 'country': 'Germany', 'postcode': 45839, 'coordinates': {'latitude': '-55.0973', 'longitude': '124.6611'}, 'timezone': {'offset': '+5:30', 'description': 'Bombay, Calcutta, Madras, New Delhi'}}, 'email': 'melissa.triebel@example.com', 'login': {'uuid': 'be6b66be-68d3-4b4f-8c06-a7ac10f1461f', 'username': 'happymouse515', 'password': '444444', 'salt': 'I2pTr7VW', 'md5': 'f7b507aae3214281f3ca2ec2ac0255b9', 'sha1': '2c8d6d8103f55ad4f9b635e79874653ceacda1d8', 'sha256': '3ba9ee137bd62e55e77bd4736fd989ebca8ce859d6992d9826b12ffbd102b45a'}, 'dob': {'date': '1981-05-25T11:48:22.421Z', 'age': 42}, 'registered': {'date': '2017-10-04T22:33:13.289Z', 'age': 6}, 'phone': '0091-2309133', 'cell': '0179-0033250', 'id': {'name': 'SVNR', 'value': '59 250581 T 878'}, 'picture': {'large': 'https://randomuser.me/api/portraits/women/8.jpg', 'medium': 'https://randomuser.me/api/portraits/med/women/8.jpg', 'thumbnail': 'https://randomuser.me/api/portraits/thumb/women/8.jpg'}, 'nat': 'DE'}], 'info': {'seed': '4ef4dc23ec52901d', 'results': 1, 'page': 1, 'version': '1.4'}}</msg>
<arg>${json_data}</arg>
<doc>Logs the given message with the given level.</doc>
<status status="PASS" start="2024-03-30T07:14:08.728221" elapsed="0.000216"/>
</kw>
<kw name="Dictionary Should Contain Key" owner="Collections">
<msg time="2024-03-30T07:14:08.728897" level="INFO">False</msg>
<arg>${json_data}</arg>
<arg>results</arg>
<doc>Fails if ``key`` is not found from ``dictionary``.</doc>
<status status="PASS" start="2024-03-30T07:14:08.728738" elapsed="0.000197"/>
</kw>
<kw name="Should Not Be Empty" owner="BuiltIn">
<msg time="2024-03-30T07:14:08.729365" level="INFO">Length is 2.</msg>
<arg>${json_data}</arg>
<doc>Verifies that the given item is not empty.</doc>
<status status="PASS" start="2024-03-30T07:14:08.729229" elapsed="0.000175"/>
</kw>
<kw name="Create List" owner="BuiltIn">
<msg time="2024-03-30T07:14:08.729846" level="INFO">${expected_keys} = ['gender', 'name', 'location', 'email', 'login']</msg>
<var>${expected_keys}</var>
<arg>gender</arg>
<arg>name</arg>
<arg>location</arg>
<arg>email</arg>
<arg>login</arg>
<doc>Returns a list containing given items.</doc>
<status status="PASS" start="2024-03-30T07:14:08.729693" elapsed="0.000177"/>
</kw>
<for flavor="IN">
<iter>
<kw name="Dictionary Should Contain Key" owner="Collections">
<msg time="2024-03-30T07:14:08.730906" level="INFO">False</msg>
<arg>${json_data['results'][0]}</arg>
<arg>${key}</arg>
<doc>Fails if ``key`` is not found from ``dictionary``.</doc>
<status status="PASS" start="2024-03-30T07:14:08.730494" elapsed="0.000452"/>
</kw>
<kw name="Log" owner="BuiltIn">
<msg time="2024-03-30T07:14:08.731631" level="INFO">{'gender': 'female', 'name': {'title': 'Mrs', 'first': 'Melissa', 'last': 'Triebel'}, 'location': {'street': {'number': 4153, 'name': 'Grüner Weg'}, 'city': 'Rerik', 'state': 'Schleswig-Holstein', 'country': 'Germany', 'postcode': 45839, 'coordinates': {'latitude': '-55.0973', 'longitude': '124.6611'}, 'timezone': {'offset': '+5:30', 'description': 'Bombay, Calcutta, Madras, New Delhi'}}, 'email': 'melissa.triebel@example.com', 'login': {'uuid': 'be6b66be-68d3-4b4f-8c06-a7ac10f1461f', 'username': 'happymouse515', 'password': '444444', 'salt': 'I2pTr7VW', 'md5': 'f7b507aae3214281f3ca2ec2ac0255b9', 'sha1': '2c8d6d8103f55ad4f9b635e79874653ceacda1d8', 'sha256': '3ba9ee137bd62e55e77bd4736fd989ebca8ce859d6992d9826b12ffbd102b45a'}, 'dob': {'date': '1981-05-25T11:48:22.421Z', 'age': 42}, 'registered': {'date': '2017-10-04T22:33:13.289Z', 'age': 6}, 'phone': '0091-2309133', 'cell': '0179-0033250', 'id': {'name': 'SVNR', 'value': '59 250581 T 878'}, 'picture': {'large': 'https://randomuser.me/api/portraits/women/8.jpg', 'medium': 'https://randomuser.me/api/portraits/med/women/8.jpg', 'thumbnail': 'https://randomuser.me/api/portraits/thumb/women/8.jpg'}, 'nat': 'DE'}</msg>
<arg>${json_data['results'][0]}</arg>
<doc>Logs the given message with the given level.</doc>
<status status="PASS" start="2024-03-30T07:14:08.731260" elapsed="0.000426"/>
</kw>
<kw name="Log" owner="BuiltIn">
<msg time="2024-03-30T07:14:08.732124" level="INFO">gender</msg>
<arg>${key}</arg>
<doc>Logs the given message with the given level.</doc>
<status status="PASS" start="2024-03-30T07:14:08.731992" elapsed="0.000171"/>
</kw>
<var name="${key}">gender</var>
<status status="PASS" start="2024-03-30T07:14:08.730332" elapsed="0.002054"/>
</iter>
<iter>
<kw name="Dictionary Should Contain Key" owner="Collections">
<msg time="2024-03-30T07:14:08.733089" level="INFO">False</msg>
<arg>${json_data['results'][0]}</arg>
<arg>${key}</arg>
<doc>Fails if ``key`` is not found from ``dictionary``.</doc>
<status status="PASS" start="2024-03-30T07:14:08.732702" elapsed="0.000425"/>
</kw>
<kw name="Log" owner="BuiltIn">
<msg time="2024-03-30T07:14:08.733822" level="INFO">{'gender': 'female', 'name': {'title': 'Mrs', 'first': 'Melissa', 'last': 'Triebel'}, 'location': {'street': {'number': 4153, 'name': 'Grüner Weg'}, 'city': 'Rerik', 'state': 'Schleswig-Holstein', 'country': 'Germany', 'postcode': 45839, 'coordinates': {'latitude': '-55.0973', 'longitude': '124.6611'}, 'timezone': {'offset': '+5:30', 'description': 'Bombay, Calcutta, Madras, New Delhi'}}, 'email': 'melissa.triebel@example.com', 'login': {'uuid': 'be6b66be-68d3-4b4f-8c06-a7ac10f1461f', 'username': 'happymouse515', 'password': '444444', 'salt': 'I2pTr7VW', 'md5': 'f7b507aae3214281f3ca2ec2ac0255b9', 'sha1': '2c8d6d8103f55ad4f9b635e79874653ceacda1d8', 'sha256': '3ba9ee137bd62e55e77bd4736fd989ebca8ce859d6992d9826b12ffbd102b45a'}, 'dob': {'date': '1981-05-25T11:48:22.421Z', 'age': 42}, 'registered': {'date': '2017-10-04T22:33:13.289Z', 'age': 6}, 'phone': '0091-2309133', 'cell': '0179-0033250', 'id': {'name': 'SVNR', 'value': '59 250581 T 878'}, 'picture': {'large': 'https://randomuser.me/api/portraits/women/8.jpg', 'medium': 'https://randomuser.me/api/portraits/med/women/8.jpg', 'thumbnail': 'https://randomuser.me/api/portraits/thumb/women/8.jpg'}, 'nat': 'DE'}</msg>
<arg>${json_data['results'][0]}</arg>
<doc>Logs the given message with the given level.</doc>
<status status="PASS" start="2024-03-30T07:14:08.733459" elapsed="0.000412"/>
</kw>
<kw name="Log" owner="BuiltIn">
<msg time="2024-03-30T07:14:08.734307" level="INFO">name</msg>
<arg>${key}</arg>
<doc>Logs the given message with the given level.</doc>
<status status="PASS" start="2024-03-30T07:14:08.734172" elapsed="0.000173"/>
</kw>
<var name="${key}">name</var>
<status status="PASS" start="2024-03-30T07:14:08.732576" elapsed="0.002012"/>
</iter>
<iter>
<kw name="Dictionary Should Contain Key" owner="Collections">
<msg time="2024-03-30T07:14:08.735266" level="INFO">False</msg>
<arg>${json_data['results'][0]}</arg>
<arg>${key}</arg>
<doc>Fails if ``key`` is not found from ``dictionary``.</doc>
<status status="PASS" start="2024-03-30T07:14:08.734881" elapsed="0.000423"/>
</kw>
<kw name="Log" owner="BuiltIn">
<msg time="2024-03-30T07:14:08.735964" level="INFO">{'gender': 'female', 'name': {'title': 'Mrs', 'first': 'Melissa', 'last': 'Triebel'}, 'location': {'street': {'number': 4153, 'name': 'Grüner Weg'}, 'city': 'Rerik', 'state': 'Schleswig-Holstein', 'country': 'Germany', 'postcode': 45839, 'coordinates': {'latitude': '-55.0973', 'longitude': '124.6611'}, 'timezone': {'offset': '+5:30', 'description': 'Bombay, Calcutta, Madras, New Delhi'}}, 'email': 'melissa.triebel@example.com', 'login': {'uuid': 'be6b66be-68d3-4b4f-8c06-a7ac10f1461f', 'username': 'happymouse515', 'password': '444444', 'salt': 'I2pTr7VW', 'md5': 'f7b507aae3214281f3ca2ec2ac0255b9', 'sha1': '2c8d6d8103f55ad4f9b635e79874653ceacda1d8', 'sha256': '3ba9ee137bd62e55e77bd4736fd989ebca8ce859d6992d9826b12ffbd102b45a'}, 'dob': {'date': '1981-05-25T11:48:22.421Z', 'age': 42}, 'registered': {'date': '2017-10-04T22:33:13.289Z', 'age': 6}, 'phone': '0091-2309133', 'cell': '0179-0033250', 'id': {'name': 'SVNR', 'value': '59 250581 T 878'}, 'picture': {'large': 'https://randomuser.me/api/portraits/women/8.jpg', 'medium': 'https://randomuser.me/api/portraits/med/women/8.jpg', 'thumbnail': 'https://randomuser.me/api/portraits/thumb/women/8.jpg'}, 'nat': 'DE'}</msg>
<arg>${json_data['results'][0]}</arg>
<doc>Logs the given message with the given level.</doc>
<status status="PASS" start="2024-03-30T07:14:08.735605" elapsed="0.000412"/>
</kw>
<kw name="Log" owner="BuiltIn">
<msg time="2024-03-30T07:14:08.736442" level="INFO">location</msg>
<arg>${key}</arg>
<doc>Logs the given message with the given level.</doc>
<status status="PASS" start="2024-03-30T07:14:08.736315" elapsed="0.000164"/>
</kw>
<var name="${key}">location</var>
<status status="PASS" start="2024-03-30T07:14:08.734768" elapsed="0.001926"/>
</iter>
<iter>
<kw name="Dictionary Should Contain Key" owner="Collections">
<msg time="2024-03-30T07:14:08.737354" level="INFO">False</msg>
<arg>${json_data['results'][0]}</arg>
<arg>${key}</arg>
<doc>Fails if ``key`` is not found from ``dictionary``.</doc>
<status status="PASS" start="2024-03-30T07:14:08.736979" elapsed="0.000412"/>
</kw>
<kw name="Log" owner="BuiltIn">
<msg time="2024-03-30T07:14:08.738051" level="INFO">{'gender': 'female', 'name': {'title': 'Mrs', 'first': 'Melissa', 'last': 'Triebel'}, 'location': {'street': {'number': 4153, 'name': 'Grüner Weg'}, 'city': 'Rerik', 'state': 'Schleswig-Holstein', 'country': 'Germany', 'postcode': 45839, 'coordinates': {'latitude': '-55.0973', 'longitude': '124.6611'}, 'timezone': {'offset': '+5:30', 'description': 'Bombay, Calcutta, Madras, New Delhi'}}, 'email': 'melissa.triebel@example.com', 'login': {'uuid': 'be6b66be-68d3-4b4f-8c06-a7ac10f1461f', 'username': 'happymouse515', 'password': '444444', 'salt': 'I2pTr7VW', 'md5': 'f7b507aae3214281f3ca2ec2ac0255b9', 'sha1': '2c8d6d8103f55ad4f9b635e79874653ceacda1d8', 'sha256': '3ba9ee137bd62e55e77bd4736fd989ebca8ce859d6992d9826b12ffbd102b45a'}, 'dob': {'date': '1981-05-25T11:48:22.421Z', 'age': 42}, 'registered': {'date': '2017-10-04T22:33:13.289Z', 'age': 6}, 'phone': '0091-2309133', 'cell': '0179-0033250', 'id': {'name': 'SVNR', 'value': '59 250581 T 878'}, 'picture': {'large': 'https://randomuser.me/api/portraits/women/8.jpg', 'medium': 'https://randomuser.me/api/portraits/med/women/8.jpg', 'thumbnail': 'https://randomuser.me/api/portraits/thumb/women/8.jpg'}, 'nat': 'DE'}</msg>
<arg>${json_data['results'][0]}</arg>
<doc>Logs the given message with the given level.</doc>
<status status="PASS" start="2024-03-30T07:14:08.737689" elapsed="0.000410"/>
</kw>
<kw name="Log" owner="BuiltIn">
<msg time="2024-03-30T07:14:08.738559" level="INFO">email</msg>
<arg>${key}</arg>
<doc>Logs the given message with the given level.</doc>
<status status="PASS" start="2024-03-30T07:14:08.738393" elapsed="0.000207"/>
</kw>
<var name="${key}">email</var>
<status status="PASS" start="2024-03-30T07:14:08.736866" elapsed="0.001953"/>
</iter>
<iter>
<kw name="Dictionary Should Contain Key" owner="Collections">
<msg time="2024-03-30T07:14:08.739774" level="INFO">False</msg>
<arg>${json_data['results'][0]}</arg>
<arg>${key}</arg>
<doc>Fails if ``key`` is not found from ``dictionary``.</doc>
<status status="PASS" start="2024-03-30T07:14:08.739179" elapsed="0.000653"/>
</kw>
<kw name="Log" owner="BuiltIn">
<msg time="2024-03-30T07:14:08.740896" level="INFO">{'gender': 'female', 'name': {'title': 'Mrs', 'first': 'Melissa', 'last': 'Triebel'}, 'location': {'street': {'number': 4153, 'name': 'Grüner Weg'}, 'city': 'Rerik', 'state': 'Schleswig-Holstein', 'country': 'Germany', 'postcode': 45839, 'coordinates': {'latitude': '-55.0973', 'longitude': '124.6611'}, 'timezone': {'offset': '+5:30', 'description': 'Bombay, Calcutta, Madras, New Delhi'}}, 'email': 'melissa.triebel@example.com', 'login': {'uuid': 'be6b66be-68d3-4b4f-8c06-a7ac10f1461f', 'username': 'happymouse515', 'password': '444444', 'salt': 'I2pTr7VW', 'md5': 'f7b507aae3214281f3ca2ec2ac0255b9', 'sha1': '2c8d6d8103f55ad4f9b635e79874653ceacda1d8', 'sha256': '3ba9ee137bd62e55e77bd4736fd989ebca8ce859d6992d9826b12ffbd102b45a'}, 'dob': {'date': '1981-05-25T11:48:22.421Z', 'age': 42}, 'registered': {'date': '2017-10-04T22:33:13.289Z', 'age': 6}, 'phone': '0091-2309133', 'cell': '0179-0033250', 'id': {'name': 'SVNR', 'value': '59 250581 T 878'}, 'picture': {'large': 'https://randomuser.me/api/portraits/women/8.jpg', 'medium': 'https://randomuser.me/api/portraits/med/women/8.jpg', 'thumbnail': 'https://randomuser.me/api/portraits/thumb/women/8.jpg'}, 'nat': 'DE'}</msg>
<arg>${json_data['results'][0]}</arg>
<doc>Logs the given message with the given level.</doc>
<status status="PASS" start="2024-03-30T07:14:08.740304" elapsed="0.000669"/>
</kw>
<kw name="Log" owner="BuiltIn">
<msg time="2024-03-30T07:14:08.741607" level="INFO">login</msg>
<arg>${key}</arg>
<doc>Logs the given message with the given level.</doc>
<status status="PASS" start="2024-03-30T07:14:08.741402" elapsed="0.000436"/>
</kw>
<var name="${key}">login</var>
<status status="PASS" start="2024-03-30T07:14:08.739019" elapsed="0.003234"/>
</iter>
<var>${key}</var>
<value>@{expected_keys}</value>
<status status="PASS" start="2024-03-30T07:14:08.730134" elapsed="0.012362"/>
</for>
<kw name="Create List" owner="BuiltIn">
<msg time="2024-03-30T07:14:08.743071" level="INFO">${expected_keysTwo} = ['username', 'password']</msg>
<var>${expected_keysTwo}</var>
<arg>username</arg>
<arg>password</arg>
<doc>Returns a list containing given items.</doc>
<status status="PASS" start="2024-03-30T07:14:08.742845" elapsed="0.000266"/>
</kw>
<for flavor="IN">
<iter>
<kw name="Dictionary Should Contain Key" owner="Collections">
<msg time="2024-03-30T07:14:08.744510" level="INFO">False</msg>
<arg>${json_data['results'][0]['login']}</arg>
<arg>${keyTwo}</arg>
<doc>Fails if ``key`` is not found from ``dictionary``.</doc>
<status status="PASS" start="2024-03-30T07:14:08.743902" elapsed="0.000662"/>
</kw>
<kw name="Dictionary Should Contain Key" owner="Collections">
<msg time="2024-03-30T07:14:08.745282" level="INFO">False</msg>
<arg>${json_data['results'][0]['login']}</arg>
<arg>${keyTwo}</arg>
<doc>Fails if ``key`` is not found from ``dictionary``.</doc>
<status status="PASS" start="2024-03-30T07:14:08.744883" elapsed="0.000438"/>
</kw>
<kw name="Log" owner="BuiltIn">
<msg time="2024-03-30T07:14:08.745759" level="INFO">username</msg>
<arg>${keyTwo}</arg>
<doc>Logs the given message with the given level.</doc>
<status status="PASS" start="2024-03-30T07:14:08.745625" elapsed="0.000174"/>
</kw>
<var name="${keyTwo}">username</var>
<status status="PASS" start="2024-03-30T07:14:08.743728" elapsed="0.002292"/>
</iter>
<iter>
<kw name="Dictionary Should Contain Key" owner="Collections">
<msg time="2024-03-30T07:14:08.746747" level="INFO">False</msg>
<arg>${json_data['results'][0]['login']}</arg>
<arg>${keyTwo}</arg>
<doc>Fails if ``key`` is not found from ``dictionary``.</doc>
<status status="PASS" start="2024-03-30T07:14:08.746316" elapsed="0.000470"/>
</kw>
<kw name="Dictionary Should Contain Key" owner="Collections">
<msg time="2024-03-30T07:14:08.747475" level="INFO">False</msg>
<arg>${json_data['results'][0]['login']}</arg>
<arg>${keyTwo}</arg>
<doc>Fails if ``key`` is not found from ``dictionary``.</doc>
<status status="PASS" start="2024-03-30T07:14:08.747086" elapsed="0.000427"/>
</kw>
<kw name="Log" owner="BuiltIn">
<msg time="2024-03-30T07:14:08.747939" level="INFO">password</msg>
<arg>${keyTwo}</arg>
<doc>Logs the given message with the given level.</doc>
<status status="PASS" start="2024-03-30T07:14:08.747808" elapsed="0.000168"/>
</kw>
<var name="${keyTwo}">password</var>
<status status="PASS" start="2024-03-30T07:14:08.746202" elapsed="0.001996"/>
</iter>
<var>${keyTwo}</var>
<value>@{expected_keysTwo}</value>
<status status="PASS" start="2024-03-30T07:14:08.743498" elapsed="0.004825"/>
</for>
<status status="PASS" start="2024-03-30T07:14:08.635896" elapsed="0.112572"/>
</kw>
<doc>Testa a estrutura da resposta da API.</doc>
<tag>testeEstruturaResposta</tag>
<status status="PASS" start="2024-03-30T07:14:08.635134" elapsed="0.113503"/>
</test>
<test id="s1-s1-t4" name="Validar tipos de dados" line="28">
<kw name="Teste de Tipos de Dados" owner="random-user-service">
<kw name="GET On Session" owner="RequestsLibrary">
<msg time="2024-03-30T07:14:08.843385" level="INFO">GET Request : url=https://randomuser.me/api 
 path_url=/api 
 headers={'User-Agent': 'python-requests/2.31.0', 'Accept-Encoding': 'gzip, deflate', 'Accept': '*/*', 'Connection': 'keep-alive'} 
 body=None 
 </msg>
<msg time="2024-03-30T07:14:08.843496" level="INFO">GET Response : url=https://randomuser.me/api 
 status=200, reason=OK 
 headers={'Date': 'Sat, 30 Mar 2024 07:14:08 GMT', 'Content-Type': 'application/json; charset=utf-8', 'Transfer-Encoding': 'chunked', 'Connection': 'keep-alive', 'X-Powered-By': 'Express', 'Access-Control-Allow-Origin': '*', 'Cache-Control': 'no-cache', 'ETag': 'W/"48f-K16iuaNd7v/yaFkM6d+D2WTDEM0"', 'Vary': 'Accept-Encoding', 'Content-Encoding': 'gzip', 'CF-Cache-Status': 'DYNAMIC', 'Report-To': '{"endpoints":[{"url":"https:\\/\\/a.nel.cloudflare.com\\/report\\/v4?s=OJQLs3ywJFWnvpEPsR%2BlL8cvcKc78kTs5G2CFB0TtSGC2uF5jY1NoTNGoiTF044KZCceGUryklecbEORSbJRe%2BntjhPKH333ZLkaMCXTODe9I6atA9ROUt0H8Z0RimzZ"}],"group":"cf-nel","max_age":604800}', 'NEL': '{"success_fraction":0,"report_to":"cf-nel","max_age":604800}', 'Server': 'cloudflare', 'CF-RAY': '86c64d14bf9f7e2d-SJC', 'alt-svc': 'h3=":443"; ma=86400'} 
 body={"results":[{"gender":"male","name":{"title":"Mr","first":"Bertram","last":"Madsen"},"location":{"street":{"number":9695,"name":"Grenåvej"},"city":"Kongsvinger","state":"Hovedstaden","country":"Denmark","postcode":20546,"coordinates":{"latitude":"-44.1082","longitude":"-28.8475"},"timezone":{"offset":"-4:00","description":"Atlantic Time (Canada), Caracas, La Paz"}},"email":"bertram.madsen@example.com","login":{"uuid":"274f4621-1afd-46f4-be1a-5e53a5f67f52","username":"beautifulmouse426","password":"toby","salt":"gQ92y9qB","md5":"61048d70c28283b213bf8cd2d524bb11","sha1":"b263e0a9091d24711bb2f6a330d60108d7ca09d1","sha256":"642abeaa298a3553389cbeb54e5fefaf218f1ecf62be496e5a4c2686da7b692e"},"dob":{"date":"1996-04-14T16:10:14.054Z","age":27},"registered":{"date":"2009-02-14T04:36:58.865Z","age":15},"phone":"63944931","cell":"13879314","id":{"name":"CPR","value":"140496-1458"},"picture":{"large":"https://randomuser.me/api/portraits/men/21.jpg","medium":"https://randomuser.me/api/portraits/med/men/21.jpg","thumbnail":"https://randomuser.me/api/portraits/thumb/men/21.jpg"},"nat":"DK"}],"info":{"seed":"69cb7ce95855308b","results":1,"page":1,"version":"1.4"}} 
 </msg>
<msg time="2024-03-30T07:14:08.843576" level="INFO">/opt/hostedtoolcache/Python/3.12.2/x64/lib/python3.12/site-packages/urllib3/connectionpool.py:1103: InsecureRequestWarning: Unverified HTTPS request is being made to host 'randomuser.me'. Adding certificate verification is strongly advised. See: https://urllib3.readthedocs.io/en/latest/advanced-usage.html#tls-warnings
  warnings.warn(</msg>
<msg time="2024-03-30T07:14:08.843713" level="INFO">${response} = &lt;Response [200]&gt;</msg>
<var>${response}</var>
<arg>consultarAPI</arg>
<arg>/api</arg>
<doc>Sends a GET request on a previously created HTTP Session.</doc>
<status status="PASS" start="2024-03-30T07:14:08.751268" elapsed="0.092480"/>
</kw>
<kw name="Set Variable" owner="BuiltIn">
<msg time="2024-03-30T07:14:08.844820" level="INFO">${json_data} = {'results': [{'gender': 'male', 'name': {'title': 'Mr', 'first': 'Bertram', 'last': 'Madsen'}, 'location': {'street': {'number': 9695, 'name': 'Grenåvej'}, 'city': 'Kongsvinger', 'state': 'Hovedstaden...</msg>
<var>${json_data}</var>
<arg>${response.json()}</arg>
<doc>Returns the given values which can then be assigned to a variables.</doc>
<status status="PASS" start="2024-03-30T07:14:08.844279" elapsed="0.000571"/>
</kw>
<kw name="Log" owner="BuiltIn">
<msg time="2024-03-30T07:14:08.845336" level="INFO">{'results': [{'gender': 'male', 'name': {'title': 'Mr', 'first': 'Bertram', 'last': 'Madsen'}, 'location': {'street': {'number': 9695, 'name': 'Grenåvej'}, 'city': 'Kongsvinger', 'state': 'Hovedstaden', 'country': 'Denmark', 'postcode': 20546, 'coordinates': {'latitude': '-44.1082', 'longitude': '-28.8475'}, 'timezone': {'offset': '-4:00', 'description': 'Atlantic Time (Canada), Caracas, La Paz'}}, 'email': 'bertram.madsen@example.com', 'login': {'uuid': '274f4621-1afd-46f4-be1a-5e53a5f67f52', 'username': 'beautifulmouse426', 'password': 'toby', 'salt': 'gQ92y9qB', 'md5': '61048d70c28283b213bf8cd2d524bb11', 'sha1': 'b263e0a9091d24711bb2f6a330d60108d7ca09d1', 'sha256': '642abeaa298a3553389cbeb54e5fefaf218f1ecf62be496e5a4c2686da7b692e'}, 'dob': {'date': '1996-04-14T16:10:14.054Z', 'age': 27}, 'registered': {'date': '2009-02-14T04:36:58.865Z', 'age': 15}, 'phone': '63944931', 'cell': '13879314', 'id': {'name': 'CPR', 'value': '140496-1458'}, 'picture': {'large': 'https://randomuser.me/api/portraits/men/21.jpg', 'medium': 'https://randomuser.me/api/portraits/med/men/21.jpg', 'thumbnail': 'https://randomuser.me/api/portraits/thumb/men/21.jpg'}, 'nat': 'DK'}], 'info': {'seed': '69cb7ce95855308b', 'results': 1, 'page': 1, 'version': '1.4'}}</msg>
<arg>${json_data}</arg>
<doc>Logs the given message with the given level.</doc>
<status status="PASS" start="2024-03-30T07:14:08.845172" elapsed="0.000253"/>
</kw>
<kw name="Should Be String" owner="String">
<arg>${json_data['results'][0]['gender']}</arg>
<doc>Fails if the given ``item`` is not a string.</doc>
<status status="PASS" start="2024-03-30T07:14:08.845734" elapsed="0.000369"/>
</kw>
<kw name="Should Match Regexp" owner="BuiltIn">
<arg>${json_data['results'][0]['email']}</arg>
<arg>^[a-zA-Z0-9._%+-]+@[a-zA-Z0-9.-]+\.[a-zA-Z]{2,}$</arg>
<doc>Fails if ``string`` does not match ``pattern`` as a regular expression.</doc>
<status status="PASS" start="2024-03-30T07:14:08.846302" elapsed="0.000598"/>
</kw>
<kw name="Should Match Regexp" owner="BuiltIn">
<arg>${json_data['results'][0]['dob']['date']}</arg>
<arg>\\d{4}-\\d{2}-\\d{2}T\\d{2}:\\d{2}:\\d{2}\\.\\d{3}Z</arg>
<doc>Fails if ``string`` does not match ``pattern`` as a regular expression.</doc>
<status status="PASS" start="2024-03-30T07:14:08.847102" elapsed="0.000498"/>
</kw>
<kw name="Should Match Regexp" owner="BuiltIn">
<arg>${json_data['results'][0]['registered']['date']}</arg>
<arg>\\d{4}-\\d{2}-\\d{2}T\\d{2}:\\d{2}:\\d{2}\\.\\d{3}Z</arg>
<doc>Fails if ``string`` does not match ``pattern`` as a regular expression.</doc>
<status status="PASS" start="2024-03-30T07:14:08.847798" elapsed="0.000374"/>
</kw>
<kw name="Should Match Regexp" owner="BuiltIn">
<arg>${json_data['results'][0]['picture']['large']}</arg>
<arg>^https?://.*\.(?:png|jpe?g|gif|bmp)$</arg>
<doc>Fails if ``string`` does not match ``pattern`` as a regular expression.</doc>
<status status="PASS" start="2024-03-30T07:14:08.848366" elapsed="0.000460"/>
</kw>
<kw name="Should Match Regexp" owner="BuiltIn">
<arg>${json_data['results'][0]['picture']['medium']}</arg>
<arg>^https?://.*\.(?:png|jpe?g|gif|bmp)$</arg>
<doc>Fails if ``string`` does not match ``pattern`` as a regular expression.</doc>
<status status="PASS" start="2024-03-30T07:14:08.849022" elapsed="0.000369"/>
</kw>
<kw name="Should Match Regexp" owner="BuiltIn">
<arg>${json_data['results'][0]['picture']['thumbnail']}</arg>
<arg>^https?://.*\.(?:png|jpe?g|gif|bmp)$</arg>
<doc>Fails if ``string`` does not match ``pattern`` as a regular expression.</doc>
<status status="PASS" start="2024-03-30T07:14:08.849579" elapsed="0.000358"/>
</kw>
<kw name="Log" owner="BuiltIn">
<msg time="2024-03-30T07:14:08.850462" level="INFO">{'large': 'https://randomuser.me/api/portraits/men/21.jpg', 'medium': 'https://randomuser.me/api/portraits/med/men/21.jpg', 'thumbnail': 'https://randomuser.me/api/portraits/thumb/men/21.jpg'}</msg>
<arg>${json_data['results'][0]['picture']}</arg>
<doc>Logs the given message with the given level.</doc>
<status status="PASS" start="2024-03-30T07:14:08.850120" elapsed="0.000390"/>
</kw>
<status status="PASS" start="2024-03-30T07:14:08.751026" elapsed="0.099755"/>
</kw>
<kw name="Teste de Tipos de Dados - Postcode" owner="random-user-service">
<kw name="GET On Session" owner="RequestsLibrary">
<msg time="2024-03-30T07:14:08.938110" level="INFO">GET Request : url=https://randomuser.me/api 
 path_url=/api 
 headers={'User-Agent': 'python-requests/2.31.0', 'Accept-Encoding': 'gzip, deflate', 'Accept': '*/*', 'Connection': 'keep-alive'} 
 body=None 
 </msg>
<msg time="2024-03-30T07:14:08.938205" level="INFO">GET Response : url=https://randomuser.me/api 
 status=200, reason=OK 
 headers={'Date': 'Sat, 30 Mar 2024 07:14:08 GMT', 'Content-Type': 'application/json; charset=utf-8', 'Transfer-Encoding': 'chunked', 'Connection': 'keep-alive', 'X-Powered-By': 'Express', 'Access-Control-Allow-Origin': '*', 'Cache-Control': 'no-cache', 'ETag': 'W/"488-ljq9S7OJUochW5x3UKpHy3SCsE4"', 'Vary': 'Accept-Encoding', 'Content-Encoding': 'gzip', 'CF-Cache-Status': 'DYNAMIC', 'Report-To': '{"endpoints":[{"url":"https:\\/\\/a.nel.cloudflare.com\\/report\\/v4?s=zWaiaBFw3%2FrbSe6ugx2vfO4aB7e8i8xlKaPolJyny1CpHfR5SsiiUkWAFCsfYl2zpYHcMpvulOSf5o0kLoMceRQM9Uh1rb8YpPmt6yHqZgzkwbUuYdgwGU%2FsU0zfASAw"}],"group":"cf-nel","max_age":604800}', 'NEL': '{"success_fraction":0,"report_to":"cf-nel","max_age":604800}', 'Server': 'cloudflare', 'CF-RAY': '86c64d1558337e2d-SJC', 'alt-svc': 'h3=":443"; ma=86400'} 
 body={"results":[{"gender":"male","name":{"title":"Mr","first":"Hilmar","last":"Goldberg"},"location":{"street":{"number":4992,"name":"Gartenstraße"},"city":"Hofheim In Unterfranken","state":"Berlin","country":"Germany","postcode":53908,"coordinates":{"latitude":"-51.5440","longitude":"-163.8079"},"timezone":{"offset":"-10:00","description":"Hawaii"}},"email":"hilmar.goldberg@example.com","login":{"uuid":"73175627-6412-4732-8006-474acec11d26","username":"angrygoose330","password":"515151","salt":"zrgiDmhs","md5":"ddfaa0d8cc3bc5716571377d69a6aa9e","sha1":"993c8a74a94c28a6193653472fae420c1d882942","sha256":"a3b7656e47fd159eefea2f9004323cb16ce829160fc8642c71fe5ac0d5b41fde"},"dob":{"date":"1972-08-06T09:47:53.062Z","age":51},"registered":{"date":"2007-07-13T12:56:56.313Z","age":16},"phone":"0788-1181490","cell":"0176-4341254","id":{"name":"SVNR","value":"63 060872 G 467"},"picture":{"large":"https://randomuser.me/api/portraits/men/65.jpg","medium":"https://randomuser.me/api/portraits/med/men/65.jpg","thumbnail":"https://randomuser.me/api/portraits/thumb/men/65.jpg"},"nat":"DE"}],"info":{"seed":"568669a36b0e9944","results":1,"page":1,"version":"1.4"}} 
 </msg>
<msg time="2024-03-30T07:14:08.938290" level="INFO">/opt/hostedtoolcache/Python/3.12.2/x64/lib/python3.12/site-packages/urllib3/connectionpool.py:1103: InsecureRequestWarning: Unverified HTTPS request is being made to host 'randomuser.me'. Adding certificate verification is strongly advised. See: https://urllib3.readthedocs.io/en/latest/advanced-usage.html#tls-warnings
  warnings.warn(</msg>
<msg time="2024-03-30T07:14:08.938406" level="INFO">${response} = &lt;Response [200]&gt;</msg>
<var>${response}</var>
<arg>consultarAPI</arg>
<arg>/api</arg>
<doc>Sends a GET request on a previously created HTTP Session.</doc>
<status status="PASS" start="2024-03-30T07:14:08.851405" elapsed="0.087058"/>
</kw>
<kw name="Set Variable" owner="BuiltIn">
<msg time="2024-03-30T07:14:08.939505" level="INFO">${json_data} = {'results': [{'gender': 'male', 'name': {'title': 'Mr', 'first': 'Hilmar', 'last': 'Goldberg'}, 'location': {'street': {'number': 4992, 'name': 'Gartenstraße'}, 'city': 'Hofheim In Unterfranken', 'sta...</msg>
<var>${json_data}</var>
<arg>${response.json()}</arg>
<doc>Returns the given values which can then be assigned to a variables.</doc>
<status status="PASS" start="2024-03-30T07:14:08.938987" elapsed="0.000548"/>
</kw>
<kw name="Log" owner="BuiltIn">
<msg time="2024-03-30T07:14:08.940012" level="INFO">{'results': [{'gender': 'male', 'name': {'title': 'Mr', 'first': 'Hilmar', 'last': 'Goldberg'}, 'location': {'street': {'number': 4992, 'name': 'Gartenstraße'}, 'city': 'Hofheim In Unterfranken', 'state': 'Berlin', 'country': 'Germany', 'postcode': 53908, 'coordinates': {'latitude': '-51.5440', 'longitude': '-163.8079'}, 'timezone': {'offset': '-10:00', 'description': 'Hawaii'}}, 'email': 'hilmar.goldberg@example.com', 'login': {'uuid': '73175627-6412-4732-8006-474acec11d26', 'username': 'angrygoose330', 'password': '515151', 'salt': 'zrgiDmhs', 'md5': 'ddfaa0d8cc3bc5716571377d69a6aa9e', 'sha1': '993c8a74a94c28a6193653472fae420c1d882942', 'sha256': 'a3b7656e47fd159eefea2f9004323cb16ce829160fc8642c71fe5ac0d5b41fde'}, 'dob': {'date': '1972-08-06T09:47:53.062Z', 'age': 51}, 'registered': {'date': '2007-07-13T12:56:56.313Z', 'age': 16}, 'phone': '0788-1181490', 'cell': '0176-4341254', 'id': {'name': 'SVNR', 'value': '63 060872 G 467'}, 'picture': {'large': 'https://randomuser.me/api/portraits/men/65.jpg', 'medium': 'https://randomuser.me/api/portraits/med/men/65.jpg', 'thumbnail': 'https://randomuser.me/api/portraits/thumb/men/65.jpg'}, 'nat': 'DE'}], 'info': {'seed': '568669a36b0e9944', 'results': 1, 'page': 1, 'version': '1.4'}}</msg>
<arg>${json_data}</arg>
<doc>Logs the given message with the given level.</doc>
<status status="PASS" start="2024-03-30T07:14:08.939850" elapsed="0.000245"/>
</kw>
<kw name="Should Be Equal As Numbers" owner="BuiltIn">
<arg>${json_data['results'][0]['location']['postcode']}</arg>
<arg>${json_data['results'][0]['location']['postcode']}</arg>
<doc>Fails if objects are unequal after converting them to real numbers.</doc>
<status status="PASS" start="2024-03-30T07:14:08.940404" elapsed="0.000636"/>
</kw>
<kw name="Log" owner="BuiltIn">
<msg time="2024-03-30T07:14:08.941571" level="INFO">53908</msg>
<arg>${json_data['results'][0]['location']['postcode']}</arg>
<doc>Logs the given message with the given level.</doc>
<status status="PASS" start="2024-03-30T07:14:08.941235" elapsed="0.000376"/>
</kw>
<status status="PASS" start="2024-03-30T07:14:08.851015" elapsed="0.090857"/>
</kw>
<doc>Testa se os tipos de dados na resposta da API estão corretos.</doc>
<tag>testeTiposDados</tag>
<status status="PASS" start="2024-03-30T07:14:08.750446" elapsed="0.191603"/>
</test>
<test id="s1-s1-t5" name="Validar conteudo" line="35">
<kw name="Teste de Tipos de Conteudo" owner="random-user-service">
<kw name="GET On Session" owner="RequestsLibrary">
<msg time="2024-03-30T07:14:09.044252" level="INFO">GET Request : url=https://randomuser.me/api 
 path_url=/api 
 headers={'User-Agent': 'python-requests/2.31.0', 'Accept-Encoding': 'gzip, deflate', 'Accept': '*/*', 'Connection': 'keep-alive'} 
 body=None 
 </msg>
<msg time="2024-03-30T07:14:09.044353" level="INFO">GET Response : url=https://randomuser.me/api 
 status=200, reason=OK 
 headers={'Date': 'Sat, 30 Mar 2024 07:14:09 GMT', 'Content-Type': 'application/json; charset=utf-8', 'Transfer-Encoding': 'chunked', 'Connection': 'keep-alive', 'X-Powered-By': 'Express', 'Access-Control-Allow-Origin': '*', 'Cache-Control': 'no-cache', 'ETag': 'W/"478-iohlnA3mxgdE6iVcgcaGLCSEo3M"', 'Vary': 'Accept-Encoding', 'Content-Encoding': 'gzip', 'CF-Cache-Status': 'DYNAMIC', 'Report-To': '{"endpoints":[{"url":"https:\\/\\/a.nel.cloudflare.com\\/report\\/v4?s=nRa6ICzQ2gfrFZFb5d3kOajV7Dmy%2F2QfsKlk3J5xMQdIU4D9QqifHLdw%2F9QGocaIqjUI5IM2nupIWeVY9TJw2K9GLmmX4S7NuHcviKr5TrcIIgZEsIusBkT%2BIUgYmp98"}],"group":"cf-nel","max_age":604800}', 'NEL': '{"success_fraction":0,"report_to":"cf-nel","max_age":604800}', 'Server': 'cloudflare', 'CF-RAY': '86c64d15e8dc7e2d-SJC', 'alt-svc': 'h3=":443"; ma=86400'} 
 body={"results":[{"gender":"male","name":{"title":"Mr","first":"سورنا","last":"محمدخان"},"location":{"street":{"number":2189,"name":"میدان انقلاب"},"city":"یزد","state":"قم","country":"Iran","postcode":99051,"coordinates":{"latitude":"14.0409","longitude":"-19.3033"},"timezone":{"offset":"+5:45","description":"Kathmandu"}},"email":"swrn.mhmdkhn@example.com","login":{"uuid":"79b3bf8f-6264-4d6f-bc8a-c213915195e4","username":"orangeostrich806","password":"senators","salt":"xjyqYz8T","md5":"4a906cf3772506cee7bb65efa1f48102","sha1":"a6831a29e21c58a70a2ef554940dfa4ec86d08e9","sha256":"dec7d9b32919bcb77a49afba34fc049da95471161ff70b42951e86ce4cf65493"},"dob":{"date":"1952-11-29T04:36:55.677Z","age":71},"registered":{"date":"2004-01-17T09:27:28.758Z","age":20},"phone":"050-31638241","cell":"0946-284-0610","id":{"name":"","value":null},"picture":{"large":"https://randomuser.me/api/portraits/men/24.jpg","medium":"https://randomuser.me/api/portraits/med/men/24.jpg","thumbnail":"https://randomuser.me/api/portraits/thumb/men/24.jpg"},"nat":"IR"}],"info":{"seed":"f0b3c4892b782236","results":1,"page":1,"version":"1.4"}} 
 </msg>
<msg time="2024-03-30T07:14:09.044422" level="INFO">/opt/hostedtoolcache/Python/3.12.2/x64/lib/python3.12/site-packages/urllib3/connectionpool.py:1103: InsecureRequestWarning: Unverified HTTPS request is being made to host 'randomuser.me'. Adding certificate verification is strongly advised. See: https://urllib3.readthedocs.io/en/latest/advanced-usage.html#tls-warnings
  warnings.warn(</msg>
<msg time="2024-03-30T07:14:09.044542" level="INFO">${response} = &lt;Response [200]&gt;</msg>
<var>${response}</var>
<arg>consultarAPI</arg>
<arg>/api</arg>
<doc>Sends a GET request on a previously created HTTP Session.</doc>
<status status="PASS" start="2024-03-30T07:14:08.944587" elapsed="0.099990"/>
</kw>
<kw name="Set Variable" owner="BuiltIn">
<msg time="2024-03-30T07:14:09.045668" level="INFO">${json_data} = {'results': [{'gender': 'male', 'name': {'title': 'Mr', 'first': 'سورنا', 'last': 'محمدخان'}, 'location': {'street': {'number': 2189, 'name': 'میدان انقلاب'}, 'city': 'یزد', 'state': 'قم', 'country': ...</msg>
<var>${json_data}</var>
<arg>${response.json()}</arg>
<doc>Returns the given values which can then be assigned to a variables.</doc>
<status status="PASS" start="2024-03-30T07:14:09.045121" elapsed="0.000579"/>
</kw>
<kw name="Set Variable" owner="BuiltIn">
<msg time="2024-03-30T07:14:09.046414" level="INFO">${name_title} = Mr</msg>
<var>${name_title}</var>
<arg>${json_data["results"][0]["name"]["title"]}</arg>
<doc>Returns the given values which can then be assigned to a variables.</doc>
<status status="PASS" start="2024-03-30T07:14:09.046024" elapsed="0.000460"/>
</kw>
<kw name="Create List" owner="BuiltIn">
<msg time="2024-03-30T07:14:09.046962" level="INFO">${allowed_titles} = ['Mr', 'Ms', 'Miss', 'Mrs', 'Madame', 'Monsieur']</msg>
<var>${allowed_titles}</var>
<arg>Mr</arg>
<arg>Ms</arg>
<arg>Miss</arg>
<arg>Mrs</arg>
<arg>Madame</arg>
<arg>Monsieur</arg>
<doc>Returns a list containing given items.</doc>
<status status="PASS" start="2024-03-30T07:14:09.046805" elapsed="0.000181"/>
</kw>
<kw name="List Should Contain Value" owner="Collections">
<msg time="2024-03-30T07:14:09.047496" level="INFO">False</msg>
<arg>${allowed_titles}</arg>
<arg>${name_title}</arg>
<doc>Fails if the ``value`` is not found from ``list``.</doc>
<status status="PASS" start="2024-03-30T07:14:09.047313" elapsed="0.000221"/>
</kw>
<kw name="Set Variable" owner="BuiltIn">
<msg time="2024-03-30T07:14:09.048223" level="INFO">${name_country} = IR</msg>
<var>${name_country}</var>
<arg>${json_data["results"][0]["nat"]}</arg>
<doc>Returns the given values which can then be assigned to a variables.</doc>
<status status="PASS" start="2024-03-30T07:14:09.047830" elapsed="0.000418"/>
</kw>
<kw name="Create List" owner="BuiltIn">
<msg time="2024-03-30T07:14:09.049184" level="INFO">${list_country} = ['AD', 'AE', 'AF', 'AG', 'AI', 'AL', 'AM', 'AO', 'AQ', 'AR', 'AS', 'AT', 'AU', 'AW', 'AX', 'AZ', 'BA', 'BB', 'BD', 'BE', 'BF', 'BG', 'BH', 'BI', 'BJ', 'BL', 'BM', 'BN', 'BO', 'BQ', 'BR', 'BS', 'BT', '...</msg>
<var>${list_country}</var>
<arg>AD</arg>
<arg>AE</arg>
<arg>AF</arg>
<arg>AG</arg>
<arg>AI</arg>
<arg>AL</arg>
<arg>AM</arg>
<arg>AO</arg>
<arg>AQ</arg>
<arg>AR</arg>
<arg>AS</arg>
<arg>AT</arg>
<arg>AU</arg>
<arg>AW</arg>
<arg>AX</arg>
<arg>AZ</arg>
<arg>BA</arg>
<arg>BB</arg>
<arg>BD</arg>
<arg>BE</arg>
<arg>BF</arg>
<arg>BG</arg>
<arg>BH</arg>
<arg>BI</arg>
<arg>BJ</arg>
<arg>BL</arg>
<arg>BM</arg>
<arg>BN</arg>
<arg>BO</arg>
<arg>BQ</arg>
<arg>BR</arg>
<arg>BS</arg>
<arg>BT</arg>
<arg>BV</arg>
<arg>BW</arg>
<arg>BY</arg>
<arg>BZ</arg>
<arg>CA</arg>
<arg>CC</arg>
<arg>CD</arg>
<arg>CF</arg>
<arg>CG</arg>
<arg>CH</arg>
<arg>CI</arg>
<arg>CK</arg>
<arg>CL</arg>
<arg>CM</arg>
<arg>CN</arg>
<arg>CO</arg>
<arg>CR</arg>
<arg>CU</arg>
<arg>CV</arg>
<arg>CW</arg>
<arg>CX</arg>
<arg>CY</arg>
<arg>CZ</arg>
<arg>DE</arg>
<arg>DJ</arg>
<arg>DK</arg>
<arg>DM</arg>
<arg>DO</arg>
<arg>DZ</arg>
<arg>EC</arg>
<arg>EE</arg>
<arg>EG</arg>
<arg>EH</arg>
<arg>ER</arg>
<arg>ES</arg>
<arg>ET</arg>
<arg>FI</arg>
<arg>FJ</arg>
<arg>FK</arg>
<arg>FM</arg>
<arg>FO</arg>
<arg>FR</arg>
<arg>GA</arg>
<arg>GB</arg>
<arg>GD</arg>
<arg>GE</arg>
<arg>GF</arg>
<arg>GG</arg>
<arg>GH</arg>
<arg>GI</arg>
<arg>GL</arg>
<arg>GM</arg>
<arg>GN</arg>
<arg>GP</arg>
<arg>GQ</arg>
<arg>GR</arg>
<arg>GS</arg>
<arg>GT</arg>
<arg>GU</arg>
<arg>GW</arg>
<arg>GY</arg>
<arg>HK</arg>
<arg>HM</arg>
<arg>HN</arg>
<arg>HR</arg>
<arg>HT</arg>
<arg>HU</arg>
<arg>ID</arg>
<arg>IE</arg>
<arg>IL</arg>
<arg>IM</arg>
<arg>IN</arg>
<arg>IO</arg>
<arg>IQ</arg>
<arg>IR</arg>
<arg>IS</arg>
<arg>IT</arg>
<arg>JE</arg>
<arg>JM</arg>
<arg>JO</arg>
<arg>JP</arg>
<arg>KE</arg>
<arg>KG</arg>
<arg>KH</arg>
<arg>KI</arg>
<arg>KM</arg>
<arg>KN</arg>
<arg>KP</arg>
<arg>KR</arg>
<arg>KW</arg>
<arg>KY</arg>
<arg>KZ</arg>
<arg>LA</arg>
<arg>LB</arg>
<arg>LC</arg>
<arg>LI</arg>
<arg>LK</arg>
<arg>LR</arg>
<arg>LS</arg>
<arg>LT</arg>
<arg>LU</arg>
<arg>LV</arg>
<arg>LY</arg>
<arg>MA</arg>
<arg>MC</arg>
<arg>MD</arg>
<arg>ME</arg>
<arg>MF</arg>
<arg>MG</arg>
<arg>MH</arg>
<arg>MK</arg>
<arg>ML</arg>
<arg>MM</arg>
<arg>MN</arg>
<arg>MO</arg>
<arg>MP</arg>
<arg>MQ</arg>
<arg>MR</arg>
<arg>MS</arg>
<arg>MT</arg>
<arg>MU</arg>
<arg>MV</arg>
<arg>MW</arg>
<arg>MX</arg>
<arg>MY</arg>
<arg>MZ</arg>
<arg>NA</arg>
<arg>NC</arg>
<arg>NE</arg>
<arg>NF</arg>
<arg>NG</arg>
<arg>NI</arg>
<arg>NL</arg>
<arg>NO</arg>
<arg>NP</arg>
<arg>NR</arg>
<arg>NU</arg>
<arg>NZ</arg>
<arg>OM</arg>
<arg>PA</arg>
<arg>PE</arg>
<arg>PF</arg>
<arg>PG</arg>
<arg>PH</arg>
<arg>PK</arg>
<arg>PL</arg>
<arg>PM</arg>
<arg>PN</arg>
<arg>PR</arg>
<arg>PS</arg>
<arg>PT</arg>
<arg>PW</arg>
<arg>PY</arg>
<arg>QA</arg>
<arg>RE</arg>
<arg>RO</arg>
<arg>RS</arg>
<arg>RU</arg>
<arg>RW</arg>
<arg>SA</arg>
<arg>SB</arg>
<arg>SC</arg>
<arg>SD</arg>
<arg>SE</arg>
<arg>SG</arg>
<arg>SH</arg>
<arg>SI</arg>
<arg>SJ</arg>
<arg>SK</arg>
<arg>SL</arg>
<arg>SM</arg>
<arg>SN</arg>
<arg>SO</arg>
<arg>SR</arg>
<arg>SS</arg>
<arg>ST</arg>
<arg>SV</arg>
<arg>SX</arg>
<arg>SY</arg>
<arg>SZ</arg>
<arg>TC</arg>
<arg>TD</arg>
<arg>TF</arg>
<arg>TG</arg>
<arg>TH</arg>
<arg>TJ</arg>
<arg>TK</arg>
<arg>TL</arg>
<arg>TM</arg>
<arg>TN</arg>
<arg>TO</arg>
<arg>TR</arg>
<arg>TT</arg>
<arg>TV</arg>
<arg>TW</arg>
<arg>TZ</arg>
<arg>UA</arg>
<arg>UG</arg>
<arg>UM</arg>
<arg>US</arg>
<arg>UY</arg>
<arg>UZ</arg>
<arg>VA</arg>
<arg>VC</arg>
<arg>VE</arg>
<arg>VG</arg>
<arg>VI</arg>
<arg>VN</arg>
<arg>VU</arg>
<arg>WF</arg>
<arg>WS</arg>
<arg>XK</arg>
<arg>YE</arg>
<arg>YT</arg>
<arg>ZA</arg>
<arg>ZM</arg>
<arg>ZW</arg>
<doc>Returns a list containing given items.</doc>
<status status="PASS" start="2024-03-30T07:14:09.048567" elapsed="0.000644"/>
</kw>
<kw name="List Should Contain Value" owner="Collections">
<msg time="2024-03-30T07:14:09.050350" level="INFO">False</msg>
<arg>${list_country}</arg>
<arg>${name_country}</arg>
<doc>Fails if the ``value`` is not found from ``list``.</doc>
<status status="PASS" start="2024-03-30T07:14:09.050137" elapsed="0.000252"/>
</kw>
<kw name="Run Keyword If" owner="BuiltIn">
<kw name="Should Be True" owner="BuiltIn">
<arg>${True}</arg>
<doc>Fails if the given condition is not true.</doc>
<status status="PASS" start="2024-03-30T07:14:09.051514" elapsed="0.000150"/>
</kw>
<arg>${json_data["results"][0]["location"]["coordinates"]["latitude"]} &gt;= -90 and ${json_data["results"][0]["location"]["coordinates"]["latitude"]} &lt;= 90</arg>
<arg>Should Be True</arg>
<arg>${True}</arg>
<doc>Runs the given keyword with the given arguments, if ``condition`` is true.</doc>
<status status="PASS" start="2024-03-30T07:14:09.050738" elapsed="0.001057"/>
</kw>
<kw name="Run Keyword If" owner="BuiltIn">
<kw name="Should Be True" owner="BuiltIn">
<arg>${True}</arg>
<doc>Fails if the given condition is not true.</doc>
<status status="PASS" start="2024-03-30T07:14:09.052707" elapsed="0.000140"/>
</kw>
<arg>${json_data["results"][0]["location"]["coordinates"]["longitude"]} &gt;= -180 and ${json_data["results"][0]["location"]["coordinates"]["longitude"]} &lt;= 180</arg>
<arg>Should Be True</arg>
<arg>${True}</arg>
<doc>Runs the given keyword with the given arguments, if ``condition`` is true.</doc>
<status status="PASS" start="2024-03-30T07:14:09.051988" elapsed="0.000985"/>
</kw>
<status status="PASS" start="2024-03-30T07:14:08.944355" elapsed="0.108753"/>
</kw>
<doc>Testa o conteúdo específico dos campos retornados pela API.</doc>
<tag>testeConteudo</tag>
<status status="PASS" start="2024-03-30T07:14:08.943893" elapsed="0.109375"/>
</test>
<status status="PASS" start="2024-03-30T07:14:08.089315" elapsed="0.965974"/>
</suite>
<status status="PASS" start="2024-03-30T07:14:08.075540" elapsed="0.985104"/>
</suite>
<statistics>
<total>
<stat pass="5" fail="0" skip="0">All Tests</stat>
</total>
<tag>
<stat pass="1" fail="0" skip="0">testeConteudo</stat>
<stat pass="1" fail="0" skip="0">testeEstruturaResposta</stat>
<stat pass="1" fail="0" skip="0">testeRequisicaoBasica</stat>
<stat pass="1" fail="0" skip="0">testeTiposDados</stat>
</tag>
<suite>
<stat pass="5" fail="0" skip="0" id="s1" name="Tests">Tests</stat>
<stat pass="5" fail="0" skip="0" id="s1-s1" name="Random-User-Test">Tests.Random-User-Test</stat>
</suite>
</statistics>
<errors>
</errors>
</robot>
