<?xml version="1.0" encoding="UTF-8"?>
<robot generator="Robot 7.0 (Python 3.12.3 on linux)" generated="2024-04-22T01:02:24.999962" rpa="false" schemaversion="5">
<suite id="s1" name="Tests" source="/home/runner/work/DesafioQAItauRogerioJordao/DesafioQAItauRogerioJordao/RamdonUser/tests">
<suite id="s1-s1" name="Random-User-Test" source="/home/runner/work/DesafioQAItauRogerioJordao/DesafioQAItauRogerioJordao/RamdonUser/tests/random-user-test.robot">
<test id="s1-s1-t1" name="Conectar" line="13">
<kw name="Conectar API" owner="random-user-service">
<kw name="Create Session" owner="RequestsLibrary">
<msg time="2024-04-22T01:02:25.360513" level="INFO">Creating Session using : alias=consultarAPI, url=https://randomuser.me/, headers={},                     cookies={}, auth=None, timeout=None, proxies=None, verify=False,                     debug=0 </msg>
<arg>consultarAPI</arg>
<arg>${URL}</arg>
<doc>Create Session: create a HTTP session to a server</doc>
<status status="PASS" start="2024-04-22T01:02:25.360323" elapsed="0.000359"/>
</kw>
<status status="PASS" start="2024-04-22T01:02:25.359425" elapsed="0.001592"/>
</kw>
<status status="PASS" start="2024-04-22T01:02:25.358937" elapsed="0.002268"/>
</test>
<test id="s1-s1-t2" name="Validar retorno 200 e JSON Válido" line="16">
<kw name="Teste de Requisicao Basica" owner="random-user-service">
<kw name="GET On Session" owner="RequestsLibrary">
<msg time="2024-04-22T01:02:25.461653" level="INFO">GET Request : url=https://randomuser.me/api 
 path_url=/api 
 headers={'User-Agent': 'python-requests/2.31.0', 'Accept-Encoding': 'gzip, deflate', 'Accept': '*/*', 'Connection': 'keep-alive'} 
 body=None 
 </msg>
<msg time="2024-04-22T01:02:25.461783" level="INFO">GET Response : url=https://randomuser.me/api 
 status=200, reason=OK 
 headers={'Date': 'Mon, 22 Apr 2024 01:02:25 GMT', 'Content-Type': 'application/json; charset=utf-8', 'Transfer-Encoding': 'chunked', 'Connection': 'keep-alive', 'X-Powered-By': 'Express', 'Access-Control-Allow-Origin': '*', 'Cache-Control': 'no-cache', 'ETag': 'W/"49b-JVVOZ60W9luIXRdfZHLljkZAeyc"', 'Vary': 'Accept-Encoding', 'Content-Encoding': 'gzip', 'CF-Cache-Status': 'DYNAMIC', 'Report-To': '{"endpoints":[{"url":"https:\\/\\/a.nel.cloudflare.com\\/report\\/v4?s=joAEy3o70TJmrd%2BsRdr3JkkRkFAmditwRN5XSERzWiiAz%2BINBAhv4QU27yRA9Ji7ldihM6FWHsuJiBIQuxDkJ%2BLQoUI31zjiUPBrmKtDAGLKhqgE7MofVxo3mrkk38YA"}],"group":"cf-nel","max_age":604800}', 'NEL': '{"success_fraction":0,"report_to":"cf-nel","max_age":604800}', 'Server': 'cloudflare', 'CF-RAY': '8781b030aad59c3a-IAD', 'alt-svc': 'h3=":443"; ma=86400'} 
 body={"results":[{"gender":"male","name":{"title":"Mr","first":"Harry","last":"Lynch"},"location":{"street":{"number":9291,"name":"Lone Wolf Trail"},"city":"Burkburnett","state":"New Mexico","country":"United States","postcode":85758,"coordinates":{"latitude":"86.1161","longitude":"-139.6753"},"timezone":{"offset":"-3:00","description":"Brazil, Buenos Aires, Georgetown"}},"email":"harry.lynch@example.com","login":{"uuid":"685e719d-c80a-4f40-b2dc-603582cd2341","username":"ticklishrabbit447","password":"bonsai","salt":"UIaP9scD","md5":"98f8d5c341d6409d583d21778f5e00d1","sha1":"0e46980c7e9a8404739cf91729903ced051d9752","sha256":"d96b0ffa856355355a3870115f88785c00b34361168ca320e78ae459c702a918"},"dob":{"date":"1947-06-20T07:56:06.099Z","age":76},"registered":{"date":"2006-03-29T01:55:39.479Z","age":18},"phone":"(618) 812-2030","cell":"(224) 497-9480","id":{"name":"SSN","value":"444-22-6330"},"picture":{"large":"https://randomuser.me/api/portraits/men/34.jpg","medium":"https://randomuser.me/api/portraits/med/men/34.jpg","thumbnail":"https://randomuser.me/api/portraits/thumb/men/34.jpg"},"nat":"US"}],"info":{"seed":"2d246d9db0899c22","results":1,"page":1,"version":"1.4"}} 
 </msg>
<msg time="2024-04-22T01:02:25.461877" level="INFO">/opt/hostedtoolcache/Python/3.12.3/x64/lib/python3.12/site-packages/urllib3/connectionpool.py:1103: InsecureRequestWarning: Unverified HTTPS request is being made to host 'randomuser.me'. Adding certificate verification is strongly advised. See: https://urllib3.readthedocs.io/en/latest/advanced-usage.html#tls-warnings
  warnings.warn(</msg>
<msg time="2024-04-22T01:02:25.462012" level="INFO">${response} = &lt;Response [200]&gt;</msg>
<var>${response}</var>
<arg>consultarAPI</arg>
<arg>/api</arg>
<doc>Sends a GET request on a previously created HTTP Session.</doc>
<status status="PASS" start="2024-04-22T01:02:25.363804" elapsed="0.098251"/>
</kw>
<kw name="Should Be Equal As Numbers" owner="BuiltIn">
<msg time="2024-04-22T01:02:25.463206" level="INFO">Argument types are:
&lt;class 'int'&gt;
&lt;class 'str'&gt;</msg>
<arg>${response.status_code}</arg>
<arg>200</arg>
<doc>Fails if objects are unequal after converting them to real numbers.</doc>
<status status="PASS" start="2024-04-22T01:02:25.462609" elapsed="0.000661"/>
</kw>
<kw name="Log" owner="BuiltIn">
<msg time="2024-04-22T01:02:25.463970" level="INFO">200</msg>
<arg>${response.status_code}</arg>
<doc>Logs the given message with the given level.</doc>
<status status="PASS" start="2024-04-22T01:02:25.463619" elapsed="0.000393"/>
</kw>
<kw name="Set Variable" owner="BuiltIn">
<msg time="2024-04-22T01:02:25.464744" level="INFO">${json_data} = {'results': [{'gender': 'male', 'name': {'title': 'Mr', 'first': 'Harry', 'last': 'Lynch'}, 'location': {'street': {'number': 9291, 'name': 'Lone Wolf Trail'}, 'city': 'Burkburnett', 'state': 'New Mex...</msg>
<var>${json_data}</var>
<arg>${response.json()}</arg>
<doc>Returns the given values which can then be assigned to a variables.</doc>
<status status="PASS" start="2024-04-22T01:02:25.464313" elapsed="0.000459"/>
</kw>
<kw name="Dictionary Should Contain Key" owner="Collections">
<msg time="2024-04-22T01:02:25.465228" level="INFO">False</msg>
<arg>${json_data}</arg>
<arg>results</arg>
<doc>Fails if ``key`` is not found from ``dictionary``.</doc>
<status status="PASS" start="2024-04-22T01:02:25.465066" elapsed="0.000203"/>
</kw>
<status status="PASS" start="2024-04-22T01:02:25.363553" elapsed="0.101971"/>
</kw>
<doc>Testa se a API responde corretamente e retorna um objeto JSON válido.</doc>
<tag>testeRequisicaoBasica</tag>
<status status="PASS" start="2024-04-22T01:02:25.363111" elapsed="0.102578"/>
</test>
<test id="s1-s1-t3" name="Validar estrutura de resposta" line="22">
<kw name="Teste de Estrutura de Resposta" owner="random-user-service">
<kw name="GET On Session" owner="RequestsLibrary">
<msg time="2024-04-22T01:02:25.520512" level="INFO">GET Request : url=https://randomuser.me/api 
 path_url=/api 
 headers={'User-Agent': 'python-requests/2.31.0', 'Accept-Encoding': 'gzip, deflate', 'Accept': '*/*', 'Connection': 'keep-alive'} 
 body=None 
 </msg>
<msg time="2024-04-22T01:02:25.520595" level="INFO">GET Response : url=https://randomuser.me/api 
 status=200, reason=OK 
 headers={'Date': 'Mon, 22 Apr 2024 01:02:25 GMT', 'Content-Type': 'application/json; charset=utf-8', 'Transfer-Encoding': 'chunked', 'Connection': 'keep-alive', 'X-Powered-By': 'Express', 'Access-Control-Allow-Origin': '*', 'Cache-Control': 'no-cache', 'ETag': 'W/"48f-BvDYuUZnpKxsuqd/zJDDNYxxbvo"', 'Vary': 'Accept-Encoding', 'Content-Encoding': 'gzip', 'CF-Cache-Status': 'DYNAMIC', 'Report-To': '{"endpoints":[{"url":"https:\\/\\/a.nel.cloudflare.com\\/report\\/v4?s=z2gPsXbadwyWMDH8kbmGl2HW5oHHIxL%2BfDpjXS%2BbDahy253i9BB%2FABKEtyFKhbvxYPrv0RHYnl0Sde1jGceIGPvQTFjyOucecXhIU9hsZRe4KstIRWYV5%2B94w1LAIpVO"}],"group":"cf-nel","max_age":604800}', 'NEL': '{"success_fraction":0,"report_to":"cf-nel","max_age":604800}', 'Server': 'cloudflare', 'CF-RAY': '8781b0312b8e9c3a-IAD', 'alt-svc': 'h3=":443"; ma=86400'} 
 body={"results":[{"gender":"male","name":{"title":"Mr","first":"Tristan","last":"Petersen"},"location":{"street":{"number":5166,"name":"Gefionsvej"},"city":"Randers Nø","state":"Hovedstaden","country":"Denmark","postcode":71265,"coordinates":{"latitude":"-40.2411","longitude":"-162.6630"},"timezone":{"offset":"+8:00","description":"Beijing, Perth, Singapore, Hong Kong"}},"email":"tristan.petersen@example.com","login":{"uuid":"ecd83a5a-6701-4315-ba34-9a3a49949f4e","username":"bluefish632","password":"orioles","salt":"yDcfmgtm","md5":"b819a260e848d4cf6f65085eecb193a4","sha1":"eb568c96e13341a389e51eaa15e0fee9d49873ac","sha256":"0c9173b094b362d46137ff3864b3afe0c03aebf737fd1ac94658524d110d5886"},"dob":{"date":"1981-08-12T12:04:43.739Z","age":42},"registered":{"date":"2006-06-15T14:23:11.199Z","age":17},"phone":"26525929","cell":"88557833","id":{"name":"CPR","value":"120881-6592"},"picture":{"large":"https://randomuser.me/api/portraits/men/63.jpg","medium":"https://randomuser.me/api/portraits/med/men/63.jpg","thumbnail":"https://randomuser.me/api/portraits/thumb/men/63.jpg"},"nat":"DK"}],"info":{"seed":"8a83a0a75b529dcc","results":1,"page":1,"version":"1.4"}} 
 </msg>
<msg time="2024-04-22T01:02:25.520716" level="INFO">/opt/hostedtoolcache/Python/3.12.3/x64/lib/python3.12/site-packages/urllib3/connectionpool.py:1103: InsecureRequestWarning: Unverified HTTPS request is being made to host 'randomuser.me'. Adding certificate verification is strongly advised. See: https://urllib3.readthedocs.io/en/latest/advanced-usage.html#tls-warnings
  warnings.warn(</msg>
<msg time="2024-04-22T01:02:25.520847" level="INFO">${response} = &lt;Response [200]&gt;</msg>
<var>${response}</var>
<arg>consultarAPI</arg>
<arg>/api</arg>
<doc>Sends a GET request on a previously created HTTP Session.</doc>
<status status="PASS" start="2024-04-22T01:02:25.468353" elapsed="0.052545"/>
</kw>
<kw name="Set Variable" owner="BuiltIn">
<msg time="2024-04-22T01:02:25.521749" level="INFO">${json_data} = {'results': [{'gender': 'male', 'name': {'title': 'Mr', 'first': 'Tristan', 'last': 'Petersen'}, 'location': {'street': {'number': 5166, 'name': 'Gefionsvej'}, 'city': 'Randers Nø', 'state': 'Hovedsta...</msg>
<var>${json_data}</var>
<arg>${response.json()}</arg>
<doc>Returns the given values which can then be assigned to a variables.</doc>
<status status="PASS" start="2024-04-22T01:02:25.521277" elapsed="0.000502"/>
</kw>
<kw name="Log" owner="BuiltIn">
<msg time="2024-04-22T01:02:25.522247" level="INFO">{'results': [{'gender': 'male', 'name': {'title': 'Mr', 'first': 'Tristan', 'last': 'Petersen'}, 'location': {'street': {'number': 5166, 'name': 'Gefionsvej'}, 'city': 'Randers Nø', 'state': 'Hovedstaden', 'country': 'Denmark', 'postcode': 71265, 'coordinates': {'latitude': '-40.2411', 'longitude': '-162.6630'}, 'timezone': {'offset': '+8:00', 'description': 'Beijing, Perth, Singapore, Hong Kong'}}, 'email': 'tristan.petersen@example.com', 'login': {'uuid': 'ecd83a5a-6701-4315-ba34-9a3a49949f4e', 'username': 'bluefish632', 'password': 'orioles', 'salt': 'yDcfmgtm', 'md5': 'b819a260e848d4cf6f65085eecb193a4', 'sha1': 'eb568c96e13341a389e51eaa15e0fee9d49873ac', 'sha256': '0c9173b094b362d46137ff3864b3afe0c03aebf737fd1ac94658524d110d5886'}, 'dob': {'date': '1981-08-12T12:04:43.739Z', 'age': 42}, 'registered': {'date': '2006-06-15T14:23:11.199Z', 'age': 17}, 'phone': '26525929', 'cell': '88557833', 'id': {'name': 'CPR', 'value': '120881-6592'}, 'picture': {'large': 'https://randomuser.me/api/portraits/men/63.jpg', 'medium': 'https://randomuser.me/api/portraits/med/men/63.jpg', 'thumbnail': 'https://randomuser.me/api/portraits/thumb/men/63.jpg'}, 'nat': 'DK'}], 'info': {'seed': '8a83a0a75b529dcc', 'results': 1, 'page': 1, 'version': '1.4'}}</msg>
<arg>${json_data}</arg>
<doc>Logs the given message with the given level.</doc>
<status status="PASS" start="2024-04-22T01:02:25.522089" elapsed="0.000208"/>
</kw>
<kw name="Dictionary Should Contain Key" owner="Collections">
<msg time="2024-04-22T01:02:25.522773" level="INFO">False</msg>
<arg>${json_data}</arg>
<arg>results</arg>
<doc>Fails if ``key`` is not found from ``dictionary``.</doc>
<status status="PASS" start="2024-04-22T01:02:25.522595" elapsed="0.000226"/>
</kw>
<kw name="Should Not Be Empty" owner="BuiltIn">
<msg time="2024-04-22T01:02:25.523242" level="INFO">Length is 2.</msg>
<arg>${json_data}</arg>
<doc>Verifies that the given item is not empty.</doc>
<status status="PASS" start="2024-04-22T01:02:25.523113" elapsed="0.000167"/>
</kw>
<kw name="Create List" owner="BuiltIn">
<msg time="2024-04-22T01:02:25.523831" level="INFO">${expected_keys} = ['gender', 'name', 'location', 'email', 'login']</msg>
<var>${expected_keys}</var>
<arg>gender</arg>
<arg>name</arg>
<arg>location</arg>
<arg>email</arg>
<arg>login</arg>
<doc>Returns a list containing given items.</doc>
<status status="PASS" start="2024-04-22T01:02:25.523562" elapsed="0.000294"/>
</kw>
<for flavor="IN">
<iter>
<kw name="Dictionary Should Contain Key" owner="Collections">
<msg time="2024-04-22T01:02:25.524818" level="INFO">False</msg>
<arg>${json_data['results'][0]}</arg>
<arg>${key}</arg>
<doc>Fails if ``key`` is not found from ``dictionary``.</doc>
<status status="PASS" start="2024-04-22T01:02:25.524423" elapsed="0.000434"/>
</kw>
<kw name="Log" owner="BuiltIn">
<msg time="2024-04-22T01:02:25.525525" level="INFO">{'gender': 'male', 'name': {'title': 'Mr', 'first': 'Tristan', 'last': 'Petersen'}, 'location': {'street': {'number': 5166, 'name': 'Gefionsvej'}, 'city': 'Randers Nø', 'state': 'Hovedstaden', 'country': 'Denmark', 'postcode': 71265, 'coordinates': {'latitude': '-40.2411', 'longitude': '-162.6630'}, 'timezone': {'offset': '+8:00', 'description': 'Beijing, Perth, Singapore, Hong Kong'}}, 'email': 'tristan.petersen@example.com', 'login': {'uuid': 'ecd83a5a-6701-4315-ba34-9a3a49949f4e', 'username': 'bluefish632', 'password': 'orioles', 'salt': 'yDcfmgtm', 'md5': 'b819a260e848d4cf6f65085eecb193a4', 'sha1': 'eb568c96e13341a389e51eaa15e0fee9d49873ac', 'sha256': '0c9173b094b362d46137ff3864b3afe0c03aebf737fd1ac94658524d110d5886'}, 'dob': {'date': '1981-08-12T12:04:43.739Z', 'age': 42}, 'registered': {'date': '2006-06-15T14:23:11.199Z', 'age': 17}, 'phone': '26525929', 'cell': '88557833', 'id': {'name': 'CPR', 'value': '120881-6592'}, 'picture': {'large': 'https://randomuser.me/api/portraits/men/63.jpg', 'medium': 'https://randomuser.me/api/portraits/med/men/63.jpg', 'thumbnail': 'https://randomuser.me/api/portraits/thumb/men/63.jpg'}, 'nat': 'DK'}</msg>
<arg>${json_data['results'][0]}</arg>
<doc>Logs the given message with the given level.</doc>
<status status="PASS" start="2024-04-22T01:02:25.525158" elapsed="0.000416"/>
</kw>
<kw name="Log" owner="BuiltIn">
<msg time="2024-04-22T01:02:25.525998" level="INFO">gender</msg>
<arg>${key}</arg>
<doc>Logs the given message with the given level.</doc>
<status status="PASS" start="2024-04-22T01:02:25.525871" elapsed="0.000164"/>
</kw>
<var name="${key}">gender</var>
<status status="PASS" start="2024-04-22T01:02:25.524298" elapsed="0.001949"/>
</iter>
<iter>
<kw name="Dictionary Should Contain Key" owner="Collections">
<msg time="2024-04-22T01:02:25.526965" level="INFO">False</msg>
<arg>${json_data['results'][0]}</arg>
<arg>${key}</arg>
<doc>Fails if ``key`` is not found from ``dictionary``.</doc>
<status status="PASS" start="2024-04-22T01:02:25.526547" elapsed="0.000456"/>
</kw>
<kw name="Log" owner="BuiltIn">
<msg time="2024-04-22T01:02:25.527691" level="INFO">{'gender': 'male', 'name': {'title': 'Mr', 'first': 'Tristan', 'last': 'Petersen'}, 'location': {'street': {'number': 5166, 'name': 'Gefionsvej'}, 'city': 'Randers Nø', 'state': 'Hovedstaden', 'country': 'Denmark', 'postcode': 71265, 'coordinates': {'latitude': '-40.2411', 'longitude': '-162.6630'}, 'timezone': {'offset': '+8:00', 'description': 'Beijing, Perth, Singapore, Hong Kong'}}, 'email': 'tristan.petersen@example.com', 'login': {'uuid': 'ecd83a5a-6701-4315-ba34-9a3a49949f4e', 'username': 'bluefish632', 'password': 'orioles', 'salt': 'yDcfmgtm', 'md5': 'b819a260e848d4cf6f65085eecb193a4', 'sha1': 'eb568c96e13341a389e51eaa15e0fee9d49873ac', 'sha256': '0c9173b094b362d46137ff3864b3afe0c03aebf737fd1ac94658524d110d5886'}, 'dob': {'date': '1981-08-12T12:04:43.739Z', 'age': 42}, 'registered': {'date': '2006-06-15T14:23:11.199Z', 'age': 17}, 'phone': '26525929', 'cell': '88557833', 'id': {'name': 'CPR', 'value': '120881-6592'}, 'picture': {'large': 'https://randomuser.me/api/portraits/men/63.jpg', 'medium': 'https://randomuser.me/api/portraits/med/men/63.jpg', 'thumbnail': 'https://randomuser.me/api/portraits/thumb/men/63.jpg'}, 'nat': 'DK'}</msg>
<arg>${json_data['results'][0]}</arg>
<doc>Logs the given message with the given level.</doc>
<status status="PASS" start="2024-04-22T01:02:25.527328" elapsed="0.000419"/>
</kw>
<kw name="Log" owner="BuiltIn">
<msg time="2024-04-22T01:02:25.528169" level="INFO">name</msg>
<arg>${key}</arg>
<doc>Logs the given message with the given level.</doc>
<status status="PASS" start="2024-04-22T01:02:25.528041" elapsed="0.000169"/>
</kw>
<var name="${key}">name</var>
<status status="PASS" start="2024-04-22T01:02:25.526432" elapsed="0.001998"/>
</iter>
<iter>
<kw name="Dictionary Should Contain Key" owner="Collections">
<msg time="2024-04-22T01:02:25.529114" level="INFO">False</msg>
<arg>${json_data['results'][0]}</arg>
<arg>${key}</arg>
<doc>Fails if ``key`` is not found from ``dictionary``.</doc>
<status status="PASS" start="2024-04-22T01:02:25.528726" elapsed="0.000425"/>
</kw>
<kw name="Log" owner="BuiltIn">
<msg time="2024-04-22T01:02:25.529816" level="INFO">{'gender': 'male', 'name': {'title': 'Mr', 'first': 'Tristan', 'last': 'Petersen'}, 'location': {'street': {'number': 5166, 'name': 'Gefionsvej'}, 'city': 'Randers Nø', 'state': 'Hovedstaden', 'country': 'Denmark', 'postcode': 71265, 'coordinates': {'latitude': '-40.2411', 'longitude': '-162.6630'}, 'timezone': {'offset': '+8:00', 'description': 'Beijing, Perth, Singapore, Hong Kong'}}, 'email': 'tristan.petersen@example.com', 'login': {'uuid': 'ecd83a5a-6701-4315-ba34-9a3a49949f4e', 'username': 'bluefish632', 'password': 'orioles', 'salt': 'yDcfmgtm', 'md5': 'b819a260e848d4cf6f65085eecb193a4', 'sha1': 'eb568c96e13341a389e51eaa15e0fee9d49873ac', 'sha256': '0c9173b094b362d46137ff3864b3afe0c03aebf737fd1ac94658524d110d5886'}, 'dob': {'date': '1981-08-12T12:04:43.739Z', 'age': 42}, 'registered': {'date': '2006-06-15T14:23:11.199Z', 'age': 17}, 'phone': '26525929', 'cell': '88557833', 'id': {'name': 'CPR', 'value': '120881-6592'}, 'picture': {'large': 'https://randomuser.me/api/portraits/men/63.jpg', 'medium': 'https://randomuser.me/api/portraits/med/men/63.jpg', 'thumbnail': 'https://randomuser.me/api/portraits/thumb/men/63.jpg'}, 'nat': 'DK'}</msg>
<arg>${json_data['results'][0]}</arg>
<doc>Logs the given message with the given level.</doc>
<status status="PASS" start="2024-04-22T01:02:25.529446" elapsed="0.000419"/>
</kw>
<kw name="Log" owner="BuiltIn">
<msg time="2024-04-22T01:02:25.530281" level="INFO">location</msg>
<arg>${key}</arg>
<doc>Logs the given message with the given level.</doc>
<status status="PASS" start="2024-04-22T01:02:25.530157" elapsed="0.000161"/>
</kw>
<var name="${key}">location</var>
<status status="PASS" start="2024-04-22T01:02:25.528613" elapsed="0.001915"/>
</iter>
<iter>
<kw name="Dictionary Should Contain Key" owner="Collections">
<msg time="2024-04-22T01:02:25.531233" level="INFO">False</msg>
<arg>${json_data['results'][0]}</arg>
<arg>${key}</arg>
<doc>Fails if ``key`` is not found from ``dictionary``.</doc>
<status status="PASS" start="2024-04-22T01:02:25.530838" elapsed="0.000432"/>
</kw>
<kw name="Log" owner="BuiltIn">
<msg time="2024-04-22T01:02:25.531922" level="INFO">{'gender': 'male', 'name': {'title': 'Mr', 'first': 'Tristan', 'last': 'Petersen'}, 'location': {'street': {'number': 5166, 'name': 'Gefionsvej'}, 'city': 'Randers Nø', 'state': 'Hovedstaden', 'country': 'Denmark', 'postcode': 71265, 'coordinates': {'latitude': '-40.2411', 'longitude': '-162.6630'}, 'timezone': {'offset': '+8:00', 'description': 'Beijing, Perth, Singapore, Hong Kong'}}, 'email': 'tristan.petersen@example.com', 'login': {'uuid': 'ecd83a5a-6701-4315-ba34-9a3a49949f4e', 'username': 'bluefish632', 'password': 'orioles', 'salt': 'yDcfmgtm', 'md5': 'b819a260e848d4cf6f65085eecb193a4', 'sha1': 'eb568c96e13341a389e51eaa15e0fee9d49873ac', 'sha256': '0c9173b094b362d46137ff3864b3afe0c03aebf737fd1ac94658524d110d5886'}, 'dob': {'date': '1981-08-12T12:04:43.739Z', 'age': 42}, 'registered': {'date': '2006-06-15T14:23:11.199Z', 'age': 17}, 'phone': '26525929', 'cell': '88557833', 'id': {'name': 'CPR', 'value': '120881-6592'}, 'picture': {'large': 'https://randomuser.me/api/portraits/men/63.jpg', 'medium': 'https://randomuser.me/api/portraits/med/men/63.jpg', 'thumbnail': 'https://randomuser.me/api/portraits/thumb/men/63.jpg'}, 'nat': 'DK'}</msg>
<arg>${json_data['results'][0]}</arg>
<doc>Logs the given message with the given level.</doc>
<status status="PASS" start="2024-04-22T01:02:25.531563" elapsed="0.000408"/>
</kw>
<kw name="Log" owner="BuiltIn">
<msg time="2024-04-22T01:02:25.532389" level="INFO">email</msg>
<arg>${key}</arg>
<doc>Logs the given message with the given level.</doc>
<status status="PASS" start="2024-04-22T01:02:25.532263" elapsed="0.000163"/>
</kw>
<var name="${key}">email</var>
<status status="PASS" start="2024-04-22T01:02:25.530704" elapsed="0.001937"/>
</iter>
<iter>
<kw name="Dictionary Should Contain Key" owner="Collections">
<msg time="2024-04-22T01:02:25.533313" level="INFO">False</msg>
<arg>${json_data['results'][0]}</arg>
<arg>${key}</arg>
<doc>Fails if ``key`` is not found from ``dictionary``.</doc>
<status status="PASS" start="2024-04-22T01:02:25.532927" elapsed="0.000424"/>
</kw>
<kw name="Log" owner="BuiltIn">
<msg time="2024-04-22T01:02:25.534007" level="INFO">{'gender': 'male', 'name': {'title': 'Mr', 'first': 'Tristan', 'last': 'Petersen'}, 'location': {'street': {'number': 5166, 'name': 'Gefionsvej'}, 'city': 'Randers Nø', 'state': 'Hovedstaden', 'country': 'Denmark', 'postcode': 71265, 'coordinates': {'latitude': '-40.2411', 'longitude': '-162.6630'}, 'timezone': {'offset': '+8:00', 'description': 'Beijing, Perth, Singapore, Hong Kong'}}, 'email': 'tristan.petersen@example.com', 'login': {'uuid': 'ecd83a5a-6701-4315-ba34-9a3a49949f4e', 'username': 'bluefish632', 'password': 'orioles', 'salt': 'yDcfmgtm', 'md5': 'b819a260e848d4cf6f65085eecb193a4', 'sha1': 'eb568c96e13341a389e51eaa15e0fee9d49873ac', 'sha256': '0c9173b094b362d46137ff3864b3afe0c03aebf737fd1ac94658524d110d5886'}, 'dob': {'date': '1981-08-12T12:04:43.739Z', 'age': 42}, 'registered': {'date': '2006-06-15T14:23:11.199Z', 'age': 17}, 'phone': '26525929', 'cell': '88557833', 'id': {'name': 'CPR', 'value': '120881-6592'}, 'picture': {'large': 'https://randomuser.me/api/portraits/men/63.jpg', 'medium': 'https://randomuser.me/api/portraits/med/men/63.jpg', 'thumbnail': 'https://randomuser.me/api/portraits/thumb/men/63.jpg'}, 'nat': 'DK'}</msg>
<arg>${json_data['results'][0]}</arg>
<doc>Logs the given message with the given level.</doc>
<status status="PASS" start="2024-04-22T01:02:25.533641" elapsed="0.000414"/>
</kw>
<kw name="Log" owner="BuiltIn">
<msg time="2024-04-22T01:02:25.534474" level="INFO">login</msg>
<arg>${key}</arg>
<doc>Logs the given message with the given level.</doc>
<status status="PASS" start="2024-04-22T01:02:25.534348" elapsed="0.000164"/>
</kw>
<var name="${key}">login</var>
<status status="PASS" start="2024-04-22T01:02:25.532816" elapsed="0.001964"/>
</iter>
<var>${key}</var>
<value>@{expected_keys}</value>
<status status="PASS" start="2024-04-22T01:02:25.524120" elapsed="0.010796"/>
</for>
<kw name="Create List" owner="BuiltIn">
<msg time="2024-04-22T01:02:25.535242" level="INFO">${expected_keysTwo} = ['username', 'password']</msg>
<var>${expected_keysTwo}</var>
<arg>username</arg>
<arg>password</arg>
<doc>Returns a list containing given items.</doc>
<status status="PASS" start="2024-04-22T01:02:25.535105" elapsed="0.000161"/>
</kw>
<for flavor="IN">
<iter>
<kw name="Dictionary Should Contain Key" owner="Collections">
<msg time="2024-04-22T01:02:25.536150" level="INFO">False</msg>
<arg>${json_data['results'][0]['login']}</arg>
<arg>${keyTwo}</arg>
<doc>Fails if ``key`` is not found from ``dictionary``.</doc>
<status status="PASS" start="2024-04-22T01:02:25.535765" elapsed="0.000422"/>
</kw>
<kw name="Dictionary Should Contain Key" owner="Collections">
<msg time="2024-04-22T01:02:25.536863" level="INFO">False</msg>
<arg>${json_data['results'][0]['login']}</arg>
<arg>${keyTwo}</arg>
<doc>Fails if ``key`` is not found from ``dictionary``.</doc>
<status status="PASS" start="2024-04-22T01:02:25.536477" elapsed="0.000424"/>
</kw>
<kw name="Log" owner="BuiltIn">
<msg time="2024-04-22T01:02:25.537315" level="INFO">username</msg>
<arg>${keyTwo}</arg>
<doc>Logs the given message with the given level.</doc>
<status status="PASS" start="2024-04-22T01:02:25.537190" elapsed="0.000166"/>
</kw>
<var name="${keyTwo}">username</var>
<status status="PASS" start="2024-04-22T01:02:25.535655" elapsed="0.001912"/>
</iter>
<iter>
<kw name="Dictionary Should Contain Key" owner="Collections">
<msg time="2024-04-22T01:02:25.538242" level="INFO">False</msg>
<arg>${json_data['results'][0]['login']}</arg>
<arg>${keyTwo}</arg>
<doc>Fails if ``key`` is not found from ``dictionary``.</doc>
<status status="PASS" start="2024-04-22T01:02:25.537858" elapsed="0.000429"/>
</kw>
<kw name="Dictionary Should Contain Key" owner="Collections">
<msg time="2024-04-22T01:02:25.539072" level="INFO">False</msg>
<arg>${json_data['results'][0]['login']}</arg>
<arg>${keyTwo}</arg>
<doc>Fails if ``key`` is not found from ``dictionary``.</doc>
<status status="PASS" start="2024-04-22T01:02:25.538577" elapsed="0.000534"/>
</kw>
<kw name="Log" owner="BuiltIn">
<msg time="2024-04-22T01:02:25.539530" level="INFO">password</msg>
<arg>${keyTwo}</arg>
<doc>Logs the given message with the given level.</doc>
<status status="PASS" start="2024-04-22T01:02:25.539403" elapsed="0.000165"/>
</kw>
<var name="${keyTwo}">password</var>
<status status="PASS" start="2024-04-22T01:02:25.537748" elapsed="0.002032"/>
</iter>
<var>${keyTwo}</var>
<value>@{expected_keysTwo}</value>
<status status="PASS" start="2024-04-22T01:02:25.535502" elapsed="0.004399"/>
</for>
<status status="PASS" start="2024-04-22T01:02:25.468121" elapsed="0.071914"/>
</kw>
<doc>Testa a estrutura da resposta da API.</doc>
<tag>testeEstruturaResposta</tag>
<status status="PASS" start="2024-04-22T01:02:25.467543" elapsed="0.072636"/>
</test>
<test id="s1-s1-t4" name="Validar tipos de dados" line="28">
<kw name="Teste de Tipos de Dados" owner="random-user-service">
<kw name="GET On Session" owner="RequestsLibrary">
<msg time="2024-04-22T01:02:25.622007" level="INFO">GET Request : url=https://randomuser.me/api 
 path_url=/api 
 headers={'User-Agent': 'python-requests/2.31.0', 'Accept-Encoding': 'gzip, deflate', 'Accept': '*/*', 'Connection': 'keep-alive'} 
 body=None 
 </msg>
<msg time="2024-04-22T01:02:25.622091" level="INFO">GET Response : url=https://randomuser.me/api 
 status=200, reason=OK 
 headers={'Date': 'Mon, 22 Apr 2024 01:02:25 GMT', 'Content-Type': 'application/json; charset=utf-8', 'Transfer-Encoding': 'chunked', 'Connection': 'keep-alive', 'X-Powered-By': 'Express', 'Access-Control-Allow-Origin': '*', 'Cache-Control': 'no-cache', 'ETag': 'W/"487-9yEdMAhNrZUhUO9/ta5TDxTUKHA"', 'Vary': 'Accept-Encoding', 'Content-Encoding': 'gzip', 'CF-Cache-Status': 'DYNAMIC', 'Report-To': '{"endpoints":[{"url":"https:\\/\\/a.nel.cloudflare.com\\/report\\/v4?s=LRU%2BDGhOpT52vHfrypKeha%2BC491HPcLWwG0UKkarW%2Fqjm%2FiYRw87GzL30y1lDyBVz4ixeBKRc03ZvN2Pa4KLJTlBxYvEx1bxaLY4PLoGt1iTgyjNrbAbXUHk4gdUDu8z"}],"group":"cf-nel","max_age":604800}', 'NEL': '{"success_fraction":0,"report_to":"cf-nel","max_age":604800}', 'Server': 'cloudflare', 'CF-RAY': '8781b031ac1a9c3a-IAD', 'alt-svc': 'h3=":443"; ma=86400'} 
 body={"results":[{"gender":"male","name":{"title":"Mr","first":"Matthew","last":"White"},"location":{"street":{"number":2924,"name":"Dieppe Ave"},"city":"Belmont","state":"Nunavut","country":"Canada","postcode":"O7G 8N5","coordinates":{"latitude":"-65.4841","longitude":"-171.0453"},"timezone":{"offset":"+5:30","description":"Bombay, Calcutta, Madras, New Delhi"}},"email":"matthew.white@example.com","login":{"uuid":"aeb4509a-2fe9-4201-87b0-d96ee12ff71e","username":"sadbear872","password":"impala","salt":"k85JiadG","md5":"c36e7b44baa3b7d2bf9541c3f68c3a81","sha1":"98d756467edb6a44ce7c9780cd121d9fd66da7b7","sha256":"0d11921b87600999a2c0010c9fe195af7a0c33dceb11b56659099399ad045032"},"dob":{"date":"1979-06-07T07:33:51.109Z","age":44},"registered":{"date":"2010-02-01T22:11:57.628Z","age":14},"phone":"X11 Z94-1830","cell":"R64 H13-3250","id":{"name":"SIN","value":"596456400"},"picture":{"large":"https://randomuser.me/api/portraits/men/89.jpg","medium":"https://randomuser.me/api/portraits/med/men/89.jpg","thumbnail":"https://randomuser.me/api/portraits/thumb/men/89.jpg"},"nat":"CA"}],"info":{"seed":"93d2901ef417274d","results":1,"page":1,"version":"1.4"}} 
 </msg>
<msg time="2024-04-22T01:02:25.622167" level="INFO">/opt/hostedtoolcache/Python/3.12.3/x64/lib/python3.12/site-packages/urllib3/connectionpool.py:1103: InsecureRequestWarning: Unverified HTTPS request is being made to host 'randomuser.me'. Adding certificate verification is strongly advised. See: https://urllib3.readthedocs.io/en/latest/advanced-usage.html#tls-warnings
  warnings.warn(</msg>
<msg time="2024-04-22T01:02:25.622263" level="INFO">${response} = &lt;Response [200]&gt;</msg>
<var>${response}</var>
<arg>consultarAPI</arg>
<arg>/api</arg>
<doc>Sends a GET request on a previously created HTTP Session.</doc>
<status status="PASS" start="2024-04-22T01:02:25.542737" elapsed="0.079567"/>
</kw>
<kw name="Set Variable" owner="BuiltIn">
<msg time="2024-04-22T01:02:25.623385" level="INFO">${json_data} = {'results': [{'gender': 'male', 'name': {'title': 'Mr', 'first': 'Matthew', 'last': 'White'}, 'location': {'street': {'number': 2924, 'name': 'Dieppe Ave'}, 'city': 'Belmont', 'state': 'Nunavut', 'cou...</msg>
<var>${json_data}</var>
<arg>${response.json()}</arg>
<doc>Returns the given values which can then be assigned to a variables.</doc>
<status status="PASS" start="2024-04-22T01:02:25.622789" elapsed="0.000625"/>
</kw>
<kw name="Log" owner="BuiltIn">
<msg time="2024-04-22T01:02:25.623868" level="INFO">{'results': [{'gender': 'male', 'name': {'title': 'Mr', 'first': 'Matthew', 'last': 'White'}, 'location': {'street': {'number': 2924, 'name': 'Dieppe Ave'}, 'city': 'Belmont', 'state': 'Nunavut', 'country': 'Canada', 'postcode': 'O7G 8N5', 'coordinates': {'latitude': '-65.4841', 'longitude': '-171.0453'}, 'timezone': {'offset': '+5:30', 'description': 'Bombay, Calcutta, Madras, New Delhi'}}, 'email': 'matthew.white@example.com', 'login': {'uuid': 'aeb4509a-2fe9-4201-87b0-d96ee12ff71e', 'username': 'sadbear872', 'password': 'impala', 'salt': 'k85JiadG', 'md5': 'c36e7b44baa3b7d2bf9541c3f68c3a81', 'sha1': '98d756467edb6a44ce7c9780cd121d9fd66da7b7', 'sha256': '0d11921b87600999a2c0010c9fe195af7a0c33dceb11b56659099399ad045032'}, 'dob': {'date': '1979-06-07T07:33:51.109Z', 'age': 44}, 'registered': {'date': '2010-02-01T22:11:57.628Z', 'age': 14}, 'phone': 'X11 Z94-1830', 'cell': 'R64 H13-3250', 'id': {'name': 'SIN', 'value': '596456400'}, 'picture': {'large': 'https://randomuser.me/api/portraits/men/89.jpg', 'medium': 'https://randomuser.me/api/portraits/med/men/89.jpg', 'thumbnail': 'https://randomuser.me/api/portraits/thumb/men/89.jpg'}, 'nat': 'CA'}], 'info': {'seed': '93d2901ef417274d', 'results': 1, 'page': 1, 'version': '1.4'}}</msg>
<arg>${json_data}</arg>
<doc>Logs the given message with the given level.</doc>
<status status="PASS" start="2024-04-22T01:02:25.623716" elapsed="0.000229"/>
</kw>
<kw name="Should Be String" owner="String">
<arg>${json_data['results'][0]['gender']}</arg>
<doc>Fails if the given ``item`` is not a string.</doc>
<status status="PASS" start="2024-04-22T01:02:25.624247" elapsed="0.000352"/>
</kw>
<kw name="Should Match Regexp" owner="BuiltIn">
<arg>${json_data['results'][0]['email']}</arg>
<arg>^[a-zA-Z0-9._%+-]+@[a-zA-Z0-9.-]+\.[a-zA-Z]{2,}$</arg>
<doc>Fails if ``string`` does not match ``pattern`` as a regular expression.</doc>
<status status="PASS" start="2024-04-22T01:02:25.624788" elapsed="0.000495"/>
</kw>
<kw name="Should Match Regexp" owner="BuiltIn">
<arg>${json_data['results'][0]['dob']['date']}</arg>
<arg>\\d{4}-\\d{2}-\\d{2}T\\d{2}:\\d{2}:\\d{2}\\.\\d{3}Z</arg>
<doc>Fails if ``string`` does not match ``pattern`` as a regular expression.</doc>
<status status="PASS" start="2024-04-22T01:02:25.625485" elapsed="0.000479"/>
</kw>
<kw name="Should Match Regexp" owner="BuiltIn">
<arg>${json_data['results'][0]['registered']['date']}</arg>
<arg>\\d{4}-\\d{2}-\\d{2}T\\d{2}:\\d{2}:\\d{2}\\.\\d{3}Z</arg>
<doc>Fails if ``string`` does not match ``pattern`` as a regular expression.</doc>
<status status="PASS" start="2024-04-22T01:02:25.626155" elapsed="0.000364"/>
</kw>
<kw name="Should Match Regexp" owner="BuiltIn">
<arg>${json_data['results'][0]['picture']['large']}</arg>
<arg>^https?://.*\.(?:png|jpe?g|gif|bmp)$</arg>
<doc>Fails if ``string`` does not match ``pattern`` as a regular expression.</doc>
<status status="PASS" start="2024-04-22T01:02:25.626706" elapsed="0.000518"/>
</kw>
<kw name="Should Match Regexp" owner="BuiltIn">
<arg>${json_data['results'][0]['picture']['medium']}</arg>
<arg>^https?://.*\.(?:png|jpe?g|gif|bmp)$</arg>
<doc>Fails if ``string`` does not match ``pattern`` as a regular expression.</doc>
<status status="PASS" start="2024-04-22T01:02:25.627423" elapsed="0.000367"/>
</kw>
<kw name="Should Match Regexp" owner="BuiltIn">
<arg>${json_data['results'][0]['picture']['thumbnail']}</arg>
<arg>^https?://.*\.(?:png|jpe?g|gif|bmp)$</arg>
<doc>Fails if ``string`` does not match ``pattern`` as a regular expression.</doc>
<status status="PASS" start="2024-04-22T01:02:25.627979" elapsed="0.000352"/>
</kw>
<kw name="Log" owner="BuiltIn">
<msg time="2024-04-22T01:02:25.628833" level="INFO">{'large': 'https://randomuser.me/api/portraits/men/89.jpg', 'medium': 'https://randomuser.me/api/portraits/med/men/89.jpg', 'thumbnail': 'https://randomuser.me/api/portraits/thumb/men/89.jpg'}</msg>
<arg>${json_data['results'][0]['picture']}</arg>
<doc>Logs the given message with the given level.</doc>
<status status="PASS" start="2024-04-22T01:02:25.628513" elapsed="0.000362"/>
</kw>
<status status="PASS" start="2024-04-22T01:02:25.542496" elapsed="0.086627"/>
</kw>
<kw name="Teste de Tipos de Dados - Postcode" owner="random-user-service">
<kw name="GET On Session" owner="RequestsLibrary">
<msg time="2024-04-22T01:02:25.723711" level="INFO">GET Request : url=https://randomuser.me/api 
 path_url=/api 
 headers={'User-Agent': 'python-requests/2.31.0', 'Accept-Encoding': 'gzip, deflate', 'Accept': '*/*', 'Connection': 'keep-alive'} 
 body=None 
 </msg>
<msg time="2024-04-22T01:02:25.723785" level="INFO">GET Response : url=https://randomuser.me/api 
 status=200, reason=OK 
 headers={'Date': 'Mon, 22 Apr 2024 01:02:25 GMT', 'Content-Type': 'application/json; charset=utf-8', 'Transfer-Encoding': 'chunked', 'Connection': 'keep-alive', 'X-Powered-By': 'Express', 'Access-Control-Allow-Origin': '*', 'Cache-Control': 'no-cache', 'ETag': 'W/"489-IsRD5qo+eb58CC2RzwLbT6/qqyw"', 'Vary': 'Accept-Encoding', 'Content-Encoding': 'gzip', 'CF-Cache-Status': 'DYNAMIC', 'Report-To': '{"endpoints":[{"url":"https:\\/\\/a.nel.cloudflare.com\\/report\\/v4?s=q75ltWLN%2B%2Bp1d0GcptWtAMBtlGKsnM%2BxnHxhELxRrmZn0IIWjizk%2BCS0ToIUrVQgprOXhM%2FeRmi2xmZi92%2F0CX2L4tPPqRn%2B9WKtPPHcOIhaheWc8YZqK6eBdkHJ5pQ8"}],"group":"cf-nel","max_age":604800}', 'NEL': '{"success_fraction":0,"report_to":"cf-nel","max_age":604800}', 'Server': 'cloudflare', 'CF-RAY': '8781b0323cc19c3a-IAD', 'alt-svc': 'h3=":443"; ma=86400'} 
 body={"results":[{"gender":"female","name":{"title":"Mrs","first":"Supritha","last":"Thampy"},"location":{"street":{"number":1519,"name":"S.A Rd"},"city":"Indore","state":"Andaman and Nicobar Islands","country":"India","postcode":83204,"coordinates":{"latitude":"12.0278","longitude":"45.2856"},"timezone":{"offset":"+9:30","description":"Adelaide, Darwin"}},"email":"supritha.thampy@example.com","login":{"uuid":"df9e2c60-df4e-4f34-a2a1-839a6e766891","username":"biglion271","password":"pacific","salt":"7r57nryi","md5":"b659b8d5cf1e37f1635c8d9cf3d12d7f","sha1":"99c91aaf31686f5c0329ff3aa972aa71977761be","sha256":"22ecccea645c181b74bfea561d1d377592c477f385f805add39835f48fd72c2f"},"dob":{"date":"1979-11-06T17:35:15.256Z","age":44},"registered":{"date":"2015-03-04T15:09:26.667Z","age":9},"phone":"9444551624","cell":"9816990402","id":{"name":"UIDAI","value":"830061597545"},"picture":{"large":"https://randomuser.me/api/portraits/women/37.jpg","medium":"https://randomuser.me/api/portraits/med/women/37.jpg","thumbnail":"https://randomuser.me/api/portraits/thumb/women/37.jpg"},"nat":"IN"}],"info":{"seed":"6790257f4c9d9b72","results":1,"page":1,"version":"1.4"}} 
 </msg>
<msg time="2024-04-22T01:02:25.723853" level="INFO">/opt/hostedtoolcache/Python/3.12.3/x64/lib/python3.12/site-packages/urllib3/connectionpool.py:1103: InsecureRequestWarning: Unverified HTTPS request is being made to host 'randomuser.me'. Adding certificate verification is strongly advised. See: https://urllib3.readthedocs.io/en/latest/advanced-usage.html#tls-warnings
  warnings.warn(</msg>
<msg time="2024-04-22T01:02:25.723963" level="INFO">${response} = &lt;Response [200]&gt;</msg>
<var>${response}</var>
<arg>consultarAPI</arg>
<arg>/api</arg>
<doc>Sends a GET request on a previously created HTTP Session.</doc>
<status status="PASS" start="2024-04-22T01:02:25.629554" elapsed="0.094458"/>
</kw>
<kw name="Set Variable" owner="BuiltIn">
<msg time="2024-04-22T01:02:25.725122" level="INFO">${json_data} = {'results': [{'gender': 'female', 'name': {'title': 'Mrs', 'first': 'Supritha', 'last': 'Thampy'}, 'location': {'street': {'number': 1519, 'name': 'S.A Rd'}, 'city': 'Indore', 'state': 'Andaman and Ni...</msg>
<var>${json_data}</var>
<arg>${response.json()}</arg>
<doc>Returns the given values which can then be assigned to a variables.</doc>
<status status="PASS" start="2024-04-22T01:02:25.724533" elapsed="0.000617"/>
</kw>
<kw name="Log" owner="BuiltIn">
<msg time="2024-04-22T01:02:25.725611" level="INFO">{'results': [{'gender': 'female', 'name': {'title': 'Mrs', 'first': 'Supritha', 'last': 'Thampy'}, 'location': {'street': {'number': 1519, 'name': 'S.A Rd'}, 'city': 'Indore', 'state': 'Andaman and Nicobar Islands', 'country': 'India', 'postcode': 83204, 'coordinates': {'latitude': '12.0278', 'longitude': '45.2856'}, 'timezone': {'offset': '+9:30', 'description': 'Adelaide, Darwin'}}, 'email': 'supritha.thampy@example.com', 'login': {'uuid': 'df9e2c60-df4e-4f34-a2a1-839a6e766891', 'username': 'biglion271', 'password': 'pacific', 'salt': '7r57nryi', 'md5': 'b659b8d5cf1e37f1635c8d9cf3d12d7f', 'sha1': '99c91aaf31686f5c0329ff3aa972aa71977761be', 'sha256': '22ecccea645c181b74bfea561d1d377592c477f385f805add39835f48fd72c2f'}, 'dob': {'date': '1979-11-06T17:35:15.256Z', 'age': 44}, 'registered': {'date': '2015-03-04T15:09:26.667Z', 'age': 9}, 'phone': '9444551624', 'cell': '9816990402', 'id': {'name': 'UIDAI', 'value': '830061597545'}, 'picture': {'large': 'https://randomuser.me/api/portraits/women/37.jpg', 'medium': 'https://randomuser.me/api/portraits/med/women/37.jpg', 'thumbnail': 'https://randomuser.me/api/portraits/thumb/women/37.jpg'}, 'nat': 'IN'}], 'info': {'seed': '6790257f4c9d9b72', 'results': 1, 'page': 1, 'version': '1.4'}}</msg>
<arg>${json_data}</arg>
<doc>Logs the given message with the given level.</doc>
<status status="PASS" start="2024-04-22T01:02:25.725460" elapsed="0.000227"/>
</kw>
<kw name="Should Be Equal As Numbers" owner="BuiltIn">
<arg>${json_data['results'][0]['location']['postcode']}</arg>
<arg>${json_data['results'][0]['location']['postcode']}</arg>
<doc>Fails if objects are unequal after converting them to real numbers.</doc>
<status status="PASS" start="2024-04-22T01:02:25.725987" elapsed="0.000777"/>
</kw>
<kw name="Log" owner="BuiltIn">
<msg time="2024-04-22T01:02:25.727315" level="INFO">83204</msg>
<arg>${json_data['results'][0]['location']['postcode']}</arg>
<doc>Logs the given message with the given level.</doc>
<status status="PASS" start="2024-04-22T01:02:25.726972" elapsed="0.000384"/>
</kw>
<status status="PASS" start="2024-04-22T01:02:25.629332" elapsed="0.098272"/>
</kw>
<doc>Testa se os tipos de dados na resposta da API estão corretos.</doc>
<tag>testeTiposDados</tag>
<status status="PASS" start="2024-04-22T01:02:25.541986" elapsed="0.185771"/>
</test>
<test id="s1-s1-t5" name="Validar conteudo" line="35">
<kw name="Teste de Tipos de Conteudo" owner="random-user-service">
<kw name="GET On Session" owner="RequestsLibrary">
<msg time="2024-04-22T01:02:25.821931" level="INFO">GET Request : url=https://randomuser.me/api 
 path_url=/api 
 headers={'User-Agent': 'python-requests/2.31.0', 'Accept-Encoding': 'gzip, deflate', 'Accept': '*/*', 'Connection': 'keep-alive'} 
 body=None 
 </msg>
<msg time="2024-04-22T01:02:25.822014" level="INFO">GET Response : url=https://randomuser.me/api 
 status=200, reason=OK 
 headers={'Date': 'Mon, 22 Apr 2024 01:02:25 GMT', 'Content-Type': 'application/json; charset=utf-8', 'Transfer-Encoding': 'chunked', 'Connection': 'keep-alive', 'X-Powered-By': 'Express', 'Access-Control-Allow-Origin': '*', 'Cache-Control': 'no-cache', 'ETag': 'W/"494-ujtSsJ14DtNizgAH7G0ChO9wSBg"', 'Vary': 'Accept-Encoding', 'Content-Encoding': 'gzip', 'CF-Cache-Status': 'DYNAMIC', 'Report-To': '{"endpoints":[{"url":"https:\\/\\/a.nel.cloudflare.com\\/report\\/v4?s=xXTzDBRTqUAt8J1K5LfJ%2FRmisprnlM2am1BjFIBuclGKnIni17lTORZBaaOEqQfx4rFJfbxQ58QU2DwA%2BCPRXH03AE5ADvyfQ7Wi3v9HrPq3a209KKbrJ6k9wg2Gr2kP"}],"group":"cf-nel","max_age":604800}', 'NEL': '{"success_fraction":0,"report_to":"cf-nel","max_age":604800}', 'Server': 'cloudflare', 'CF-RAY': '8781b032dd8f9c3a-IAD', 'alt-svc': 'h3=":443"; ma=86400'} 
 body={"results":[{"gender":"male","name":{"title":"Mr","first":"Hudson","last":"Miller"},"location":{"street":{"number":1822,"name":"22nd Ave"},"city":"Sherbrooke","state":"British Columbia","country":"Canada","postcode":"X5D 4K5","coordinates":{"latitude":"-69.8805","longitude":"-172.5382"},"timezone":{"offset":"+10:00","description":"Eastern Australia, Guam, Vladivostok"}},"email":"hudson.miller@example.com","login":{"uuid":"6ae20c19-aafb-4efc-b5e5-aca9e0bfe096","username":"whitefrog665","password":"dunbar","salt":"PO8Q39Xm","md5":"79505bed0f5c9a6f39c03936eec6acef","sha1":"6b59e112f4101dbed3acfac8119fa52273f7cf50","sha256":"f84a02335168cdef12da2fea301de1d37d41af34b8fc4dce2e6ba6dc834f0938"},"dob":{"date":"1989-06-07T01:05:32.504Z","age":34},"registered":{"date":"2015-01-12T02:28:45.110Z","age":9},"phone":"X07 Y90-5486","cell":"B02 D69-9073","id":{"name":"SIN","value":"882522493"},"picture":{"large":"https://randomuser.me/api/portraits/men/60.jpg","medium":"https://randomuser.me/api/portraits/med/men/60.jpg","thumbnail":"https://randomuser.me/api/portraits/thumb/men/60.jpg"},"nat":"CA"}],"info":{"seed":"ec13ba84bbaca956","results":1,"page":1,"version":"1.4"}} 
 </msg>
<msg time="2024-04-22T01:02:25.822088" level="INFO">/opt/hostedtoolcache/Python/3.12.3/x64/lib/python3.12/site-packages/urllib3/connectionpool.py:1103: InsecureRequestWarning: Unverified HTTPS request is being made to host 'randomuser.me'. Adding certificate verification is strongly advised. See: https://urllib3.readthedocs.io/en/latest/advanced-usage.html#tls-warnings
  warnings.warn(</msg>
<msg time="2024-04-22T01:02:25.822207" level="INFO">${response} = &lt;Response [200]&gt;</msg>
<var>${response}</var>
<arg>consultarAPI</arg>
<arg>/api</arg>
<doc>Sends a GET request on a previously created HTTP Session.</doc>
<status status="PASS" start="2024-04-22T01:02:25.730204" elapsed="0.092057"/>
</kw>
<kw name="Set Variable" owner="BuiltIn">
<msg time="2024-04-22T01:02:25.823469" level="INFO">${json_data} = {'results': [{'gender': 'male', 'name': {'title': 'Mr', 'first': 'Hudson', 'last': 'Miller'}, 'location': {'street': {'number': 1822, 'name': '22nd Ave'}, 'city': 'Sherbrooke', 'state': 'British Colum...</msg>
<var>${json_data}</var>
<arg>${response.json()}</arg>
<doc>Returns the given values which can then be assigned to a variables.</doc>
<status status="PASS" start="2024-04-22T01:02:25.822848" elapsed="0.000650"/>
</kw>
<kw name="Set Variable" owner="BuiltIn">
<msg time="2024-04-22T01:02:25.824183" level="INFO">${name_title} = Mr</msg>
<var>${name_title}</var>
<arg>${json_data["results"][0]["name"]["title"]}</arg>
<doc>Returns the given values which can then be assigned to a variables.</doc>
<status status="PASS" start="2024-04-22T01:02:25.823804" elapsed="0.000404"/>
</kw>
<kw name="Create List" owner="BuiltIn">
<msg time="2024-04-22T01:02:25.824649" level="INFO">${allowed_titles} = ['Mr', 'Ms', 'Miss', 'Mrs', 'Madame', 'Monsieur']</msg>
<var>${allowed_titles}</var>
<arg>Mr</arg>
<arg>Ms</arg>
<arg>Miss</arg>
<arg>Mrs</arg>
<arg>Madame</arg>
<arg>Monsieur</arg>
<doc>Returns a list containing given items.</doc>
<status status="PASS" start="2024-04-22T01:02:25.824501" elapsed="0.000173"/>
</kw>
<kw name="List Should Contain Value" owner="Collections">
<msg time="2024-04-22T01:02:25.825136" level="INFO">False</msg>
<arg>${allowed_titles}</arg>
<arg>${name_title}</arg>
<doc>Fails if the ``value`` is not found from ``list``.</doc>
<status status="PASS" start="2024-04-22T01:02:25.824970" elapsed="0.000202"/>
</kw>
<kw name="Set Variable" owner="BuiltIn">
<msg time="2024-04-22T01:02:25.825833" level="INFO">${name_country} = CA</msg>
<var>${name_country}</var>
<arg>${json_data["results"][0]["nat"]}</arg>
<doc>Returns the given values which can then be assigned to a variables.</doc>
<status status="PASS" start="2024-04-22T01:02:25.825456" elapsed="0.000402"/>
</kw>
<kw name="Create List" owner="BuiltIn">
<msg time="2024-04-22T01:02:25.826766" level="INFO">${list_country} = ['AD', 'AE', 'AF', 'AG', 'AI', 'AL', 'AM', 'AO', 'AQ', 'AR', 'AS', 'AT', 'AU', 'AW', 'AX', 'AZ', 'BA', 'BB', 'BD', 'BE', 'BF', 'BG', 'BH', 'BI', 'BJ', 'BL', 'BM', 'BN', 'BO', 'BQ', 'BR', 'BS', 'BT', '...</msg>
<var>${list_country}</var>
<arg>AD</arg>
<arg>AE</arg>
<arg>AF</arg>
<arg>AG</arg>
<arg>AI</arg>
<arg>AL</arg>
<arg>AM</arg>
<arg>AO</arg>
<arg>AQ</arg>
<arg>AR</arg>
<arg>AS</arg>
<arg>AT</arg>
<arg>AU</arg>
<arg>AW</arg>
<arg>AX</arg>
<arg>AZ</arg>
<arg>BA</arg>
<arg>BB</arg>
<arg>BD</arg>
<arg>BE</arg>
<arg>BF</arg>
<arg>BG</arg>
<arg>BH</arg>
<arg>BI</arg>
<arg>BJ</arg>
<arg>BL</arg>
<arg>BM</arg>
<arg>BN</arg>
<arg>BO</arg>
<arg>BQ</arg>
<arg>BR</arg>
<arg>BS</arg>
<arg>BT</arg>
<arg>BV</arg>
<arg>BW</arg>
<arg>BY</arg>
<arg>BZ</arg>
<arg>CA</arg>
<arg>CC</arg>
<arg>CD</arg>
<arg>CF</arg>
<arg>CG</arg>
<arg>CH</arg>
<arg>CI</arg>
<arg>CK</arg>
<arg>CL</arg>
<arg>CM</arg>
<arg>CN</arg>
<arg>CO</arg>
<arg>CR</arg>
<arg>CU</arg>
<arg>CV</arg>
<arg>CW</arg>
<arg>CX</arg>
<arg>CY</arg>
<arg>CZ</arg>
<arg>DE</arg>
<arg>DJ</arg>
<arg>DK</arg>
<arg>DM</arg>
<arg>DO</arg>
<arg>DZ</arg>
<arg>EC</arg>
<arg>EE</arg>
<arg>EG</arg>
<arg>EH</arg>
<arg>ER</arg>
<arg>ES</arg>
<arg>ET</arg>
<arg>FI</arg>
<arg>FJ</arg>
<arg>FK</arg>
<arg>FM</arg>
<arg>FO</arg>
<arg>FR</arg>
<arg>GA</arg>
<arg>GB</arg>
<arg>GD</arg>
<arg>GE</arg>
<arg>GF</arg>
<arg>GG</arg>
<arg>GH</arg>
<arg>GI</arg>
<arg>GL</arg>
<arg>GM</arg>
<arg>GN</arg>
<arg>GP</arg>
<arg>GQ</arg>
<arg>GR</arg>
<arg>GS</arg>
<arg>GT</arg>
<arg>GU</arg>
<arg>GW</arg>
<arg>GY</arg>
<arg>HK</arg>
<arg>HM</arg>
<arg>HN</arg>
<arg>HR</arg>
<arg>HT</arg>
<arg>HU</arg>
<arg>ID</arg>
<arg>IE</arg>
<arg>IL</arg>
<arg>IM</arg>
<arg>IN</arg>
<arg>IO</arg>
<arg>IQ</arg>
<arg>IR</arg>
<arg>IS</arg>
<arg>IT</arg>
<arg>JE</arg>
<arg>JM</arg>
<arg>JO</arg>
<arg>JP</arg>
<arg>KE</arg>
<arg>KG</arg>
<arg>KH</arg>
<arg>KI</arg>
<arg>KM</arg>
<arg>KN</arg>
<arg>KP</arg>
<arg>KR</arg>
<arg>KW</arg>
<arg>KY</arg>
<arg>KZ</arg>
<arg>LA</arg>
<arg>LB</arg>
<arg>LC</arg>
<arg>LI</arg>
<arg>LK</arg>
<arg>LR</arg>
<arg>LS</arg>
<arg>LT</arg>
<arg>LU</arg>
<arg>LV</arg>
<arg>LY</arg>
<arg>MA</arg>
<arg>MC</arg>
<arg>MD</arg>
<arg>ME</arg>
<arg>MF</arg>
<arg>MG</arg>
<arg>MH</arg>
<arg>MK</arg>
<arg>ML</arg>
<arg>MM</arg>
<arg>MN</arg>
<arg>MO</arg>
<arg>MP</arg>
<arg>MQ</arg>
<arg>MR</arg>
<arg>MS</arg>
<arg>MT</arg>
<arg>MU</arg>
<arg>MV</arg>
<arg>MW</arg>
<arg>MX</arg>
<arg>MY</arg>
<arg>MZ</arg>
<arg>NA</arg>
<arg>NC</arg>
<arg>NE</arg>
<arg>NF</arg>
<arg>NG</arg>
<arg>NI</arg>
<arg>NL</arg>
<arg>NO</arg>
<arg>NP</arg>
<arg>NR</arg>
<arg>NU</arg>
<arg>NZ</arg>
<arg>OM</arg>
<arg>PA</arg>
<arg>PE</arg>
<arg>PF</arg>
<arg>PG</arg>
<arg>PH</arg>
<arg>PK</arg>
<arg>PL</arg>
<arg>PM</arg>
<arg>PN</arg>
<arg>PR</arg>
<arg>PS</arg>
<arg>PT</arg>
<arg>PW</arg>
<arg>PY</arg>
<arg>QA</arg>
<arg>RE</arg>
<arg>RO</arg>
<arg>RS</arg>
<arg>RU</arg>
<arg>RW</arg>
<arg>SA</arg>
<arg>SB</arg>
<arg>SC</arg>
<arg>SD</arg>
<arg>SE</arg>
<arg>SG</arg>
<arg>SH</arg>
<arg>SI</arg>
<arg>SJ</arg>
<arg>SK</arg>
<arg>SL</arg>
<arg>SM</arg>
<arg>SN</arg>
<arg>SO</arg>
<arg>SR</arg>
<arg>SS</arg>
<arg>ST</arg>
<arg>SV</arg>
<arg>SX</arg>
<arg>SY</arg>
<arg>SZ</arg>
<arg>TC</arg>
<arg>TD</arg>
<arg>TF</arg>
<arg>TG</arg>
<arg>TH</arg>
<arg>TJ</arg>
<arg>TK</arg>
<arg>TL</arg>
<arg>TM</arg>
<arg>TN</arg>
<arg>TO</arg>
<arg>TR</arg>
<arg>TT</arg>
<arg>TV</arg>
<arg>TW</arg>
<arg>TZ</arg>
<arg>UA</arg>
<arg>UG</arg>
<arg>UM</arg>
<arg>US</arg>
<arg>UY</arg>
<arg>UZ</arg>
<arg>VA</arg>
<arg>VC</arg>
<arg>VE</arg>
<arg>VG</arg>
<arg>VI</arg>
<arg>VN</arg>
<arg>VU</arg>
<arg>WF</arg>
<arg>WS</arg>
<arg>XK</arg>
<arg>YE</arg>
<arg>YT</arg>
<arg>ZA</arg>
<arg>ZM</arg>
<arg>ZW</arg>
<doc>Returns a list containing given items.</doc>
<status status="PASS" start="2024-04-22T01:02:25.826156" elapsed="0.000640"/>
</kw>
<kw name="List Should Contain Value" owner="Collections">
<msg time="2024-04-22T01:02:25.827795" level="INFO">False</msg>
<arg>${list_country}</arg>
<arg>${name_country}</arg>
<doc>Fails if the ``value`` is not found from ``list``.</doc>
<status status="PASS" start="2024-04-22T01:02:25.827597" elapsed="0.000235"/>
</kw>
<kw name="Run Keyword If" owner="BuiltIn">
<kw name="Should Be True" owner="BuiltIn">
<arg>${True}</arg>
<doc>Fails if the given condition is not true.</doc>
<status status="PASS" start="2024-04-22T01:02:25.828910" elapsed="0.000156"/>
</kw>
<arg>${json_data["results"][0]["location"]["coordinates"]["latitude"]} &gt;= -90 and ${json_data["results"][0]["location"]["coordinates"]["latitude"]} &lt;= 90</arg>
<arg>Should Be True</arg>
<arg>${True}</arg>
<doc>Runs the given keyword with the given arguments, if ``condition`` is true.</doc>
<status status="PASS" start="2024-04-22T01:02:25.828136" elapsed="0.001055"/>
</kw>
<kw name="Run Keyword If" owner="BuiltIn">
<kw name="Should Be True" owner="BuiltIn">
<arg>${True}</arg>
<doc>Fails if the given condition is not true.</doc>
<status status="PASS" start="2024-04-22T01:02:25.830079" elapsed="0.000235"/>
</kw>
<arg>${json_data["results"][0]["location"]["coordinates"]["longitude"]} &gt;= -180 and ${json_data["results"][0]["location"]["coordinates"]["longitude"]} &lt;= 180</arg>
<arg>Should Be True</arg>
<arg>${True}</arg>
<doc>Runs the given keyword with the given arguments, if ``condition`` is true.</doc>
<status status="PASS" start="2024-04-22T01:02:25.829375" elapsed="0.001064"/>
</kw>
<status status="PASS" start="2024-04-22T01:02:25.729984" elapsed="0.100584"/>
</kw>
<doc>Testa o conteúdo específico dos campos retornados pela API.</doc>
<tag>testeConteudo</tag>
<status status="PASS" start="2024-04-22T01:02:25.729480" elapsed="0.101228"/>
</test>
<status status="PASS" start="2024-04-22T01:02:25.056598" elapsed="0.776033"/>
</suite>
<status status="PASS" start="2024-04-22T01:02:25.043300" elapsed="0.794358"/>
</suite>
<statistics>
<total>
<stat pass="5" fail="0" skip="0">All Tests</stat>
</total>
<tag>
<stat pass="1" fail="0" skip="0">testeConteudo</stat>
<stat pass="1" fail="0" skip="0">testeEstruturaResposta</stat>
<stat pass="1" fail="0" skip="0">testeRequisicaoBasica</stat>
<stat pass="1" fail="0" skip="0">testeTiposDados</stat>
</tag>
<suite>
<stat pass="5" fail="0" skip="0" id="s1" name="Tests">Tests</stat>
<stat pass="5" fail="0" skip="0" id="s1-s1" name="Random-User-Test">Tests.Random-User-Test</stat>
</suite>
</statistics>
<errors>
</errors>
</robot>
