<?xml version="1.0" encoding="UTF-8"?>
<robot generator="Robot 7.0 (Python 3.12.3 on linux)" generated="2024-05-31T06:20:17.697017" rpa="false" schemaversion="5">
<suite id="s1" name="Tests" source="/home/runner/work/ApiRandomUser/ApiRandomUser/RamdonUser/tests">
<suite id="s1-s1" name="Random-User-Test" source="/home/runner/work/ApiRandomUser/ApiRandomUser/RamdonUser/tests/random-user-test.robot">
<test id="s1-s1-t1" name="Conectar" line="13">
<kw name="Conectar API" owner="random-user-service">
<kw name="Create Session" owner="RequestsLibrary">
<msg time="2024-05-31T06:20:18.108379" level="INFO">Creating Session using : alias=consultarAPI, url=https://randomuser.me/, headers={},                     cookies={}, auth=None, timeout=None, proxies=None, verify=False,                     debug=0 </msg>
<arg>consultarAPI</arg>
<arg>${URL}</arg>
<doc>Create Session: create a HTTP session to a server</doc>
<status status="PASS" start="2024-05-31T06:20:18.108170" elapsed="0.000378"/>
</kw>
<status status="PASS" start="2024-05-31T06:20:18.107142" elapsed="0.001758"/>
</kw>
<status status="PASS" start="2024-05-31T06:20:18.106577" elapsed="0.002515"/>
</test>
<test id="s1-s1-t2" name="Validar retorno 200 e JSON Válido" line="16">
<kw name="Teste de Requisicao Basica" owner="random-user-service">
<kw name="GET On Session" owner="RequestsLibrary">
<msg time="2024-05-31T06:20:18.227597" level="INFO">GET Request : url=https://randomuser.me/api 
 path_url=/api 
 headers={'User-Agent': 'python-requests/2.32.3', 'Accept-Encoding': 'gzip, deflate', 'Accept': '*/*', 'Connection': 'keep-alive'} 
 body=None 
 </msg>
<msg time="2024-05-31T06:20:18.227782" level="INFO">GET Response : url=https://randomuser.me/api 
 status=200, reason=OK 
 headers={'Date': 'Fri, 31 May 2024 06:20:18 GMT', 'Content-Type': 'application/json; charset=utf-8', 'Transfer-Encoding': 'chunked', 'Connection': 'keep-alive', 'X-Powered-By': 'Express', 'Access-Control-Allow-Origin': '*', 'Cache-Control': 'no-cache', 'ETag': 'W/"482-jR9WA+MIiertIIvk7Emy8shoSxI"', 'Vary': 'Accept-Encoding', 'Content-Encoding': 'gzip', 'CF-Cache-Status': 'DYNAMIC', 'Report-To': '{"endpoints":[{"url":"https:\\/\\/a.nel.cloudflare.com\\/report\\/v4?s=CvE7%2F7imbcdhlN6mwbg3speWB0ElwfoW7uB59L6Jk3lyFFxWt5uZUxznuJeRZEQK9R1jYOih%2BccztpKkmfvuca8Vhpzxi3HXOdvydA31irOkWNuqq8a0wIr%2FTwRDI%2BiS"}],"group":"cf-nel","max_age":604800}', 'NEL': '{"success_fraction":0,"report_to":"cf-nel","max_age":604800}', 'Server': 'cloudflare', 'CF-RAY': '88c4db756f7d173a-SJC', 'alt-svc': 'h3=":443"; ma=86400'} 
 body={"results":[{"gender":"female","name":{"title":"Ms","first":"Amparo","last":"Cano"},"location":{"street":{"number":4569,"name":"Calle de Bravo Murillo"},"city":"Lorca","state":"Canarias","country":"Spain","postcode":66960,"coordinates":{"latitude":"-36.3274","longitude":"135.4564"},"timezone":{"offset":"+9:30","description":"Adelaide, Darwin"}},"email":"amparo.cano@example.com","login":{"uuid":"01ee7672-a8db-4211-a6bf-93c2adda3d70","username":"whitemeercat280","password":"quattro","salt":"I2Riehiz","md5":"94c8a1c5c3055f864ff9ebd68819a2f0","sha1":"35dc2eba5a7cf0f95d532c105aa9324546e00f85","sha256":"3630345eafab49e1d595a854a68b0f00be7908edf629380dcddd8ee53cc5f283"},"dob":{"date":"1987-07-03T12:43:50.658Z","age":36},"registered":{"date":"2005-06-27T07:52:38.107Z","age":18},"phone":"988-618-408","cell":"683-388-464","id":{"name":"DNI","value":"62137094-T"},"picture":{"large":"https://randomuser.me/api/portraits/women/61.jpg","medium":"https://randomuser.me/api/portraits/med/women/61.jpg","thumbnail":"https://randomuser.me/api/portraits/thumb/women/61.jpg"},"nat":"ES"}],"info":{"seed":"9dad03dfe23cae6a","results":1,"page":1,"version":"1.4"}} 
 </msg>
<msg time="2024-05-31T06:20:18.227886" level="INFO">/opt/hostedtoolcache/Python/3.12.3/x64/lib/python3.12/site-packages/urllib3/connectionpool.py:1103: InsecureRequestWarning: Unverified HTTPS request is being made to host 'randomuser.me'. Adding certificate verification is strongly advised. See: https://urllib3.readthedocs.io/en/latest/advanced-usage.html#tls-warnings
  warnings.warn(</msg>
<msg time="2024-05-31T06:20:18.228043" level="INFO">${response} = &lt;Response [200]&gt;</msg>
<var>${response}</var>
<arg>consultarAPI</arg>
<arg>/api</arg>
<doc>Sends a GET request on a previously created HTTP Session.</doc>
<status status="PASS" start="2024-05-31T06:20:18.111754" elapsed="0.116338"/>
</kw>
<kw name="Should Be Equal As Numbers" owner="BuiltIn">
<msg time="2024-05-31T06:20:18.229181" level="INFO">Argument types are:
&lt;class 'int'&gt;
&lt;class 'str'&gt;</msg>
<arg>${response.status_code}</arg>
<arg>200</arg>
<doc>Fails if objects are unequal after converting them to real numbers.</doc>
<status status="PASS" start="2024-05-31T06:20:18.228663" elapsed="0.000584"/>
</kw>
<kw name="Log" owner="BuiltIn">
<msg time="2024-05-31T06:20:18.229962" level="INFO">200</msg>
<arg>${response.status_code}</arg>
<doc>Logs the given message with the given level.</doc>
<status status="PASS" start="2024-05-31T06:20:18.229595" elapsed="0.000415"/>
</kw>
<kw name="Set Variable" owner="BuiltIn">
<msg time="2024-05-31T06:20:18.230751" level="INFO">${json_data} = {'results': [{'gender': 'female', 'name': {'title': 'Ms', 'first': 'Amparo', 'last': 'Cano'}, 'location': {'street': {'number': 4569, 'name': 'Calle de Bravo Murillo'}, 'city': 'Lorca', 'state': 'Cana...</msg>
<var>${json_data}</var>
<arg>${response.json()}</arg>
<doc>Returns the given values which can then be assigned to a variables.</doc>
<status status="PASS" start="2024-05-31T06:20:18.230319" elapsed="0.000463"/>
</kw>
<kw name="Dictionary Should Contain Key" owner="Collections">
<msg time="2024-05-31T06:20:18.231298" level="INFO">False</msg>
<arg>${json_data}</arg>
<arg>results</arg>
<doc>Fails if ``key`` is not found from ``dictionary``.</doc>
<status status="PASS" start="2024-05-31T06:20:18.231122" elapsed="0.000378"/>
</kw>
<status status="PASS" start="2024-05-31T06:20:18.111507" elapsed="0.120261"/>
</kw>
<doc>Testa se a API responde corretamente e retorna um objeto JSON válido.</doc>
<tag>testeRequisicaoBasica</tag>
<status status="PASS" start="2024-05-31T06:20:18.111007" elapsed="0.120946"/>
</test>
<test id="s1-s1-t3" name="Validar estrutura de resposta" line="22">
<kw name="Teste de Estrutura de Resposta" owner="random-user-service">
<kw name="GET On Session" owner="RequestsLibrary">
<msg time="2024-05-31T06:20:18.330458" level="INFO">GET Request : url=https://randomuser.me/api 
 path_url=/api 
 headers={'User-Agent': 'python-requests/2.32.3', 'Accept-Encoding': 'gzip, deflate', 'Accept': '*/*', 'Connection': 'keep-alive'} 
 body=None 
 </msg>
<msg time="2024-05-31T06:20:18.330576" level="INFO">GET Response : url=https://randomuser.me/api 
 status=200, reason=OK 
 headers={'Date': 'Fri, 31 May 2024 06:20:18 GMT', 'Content-Type': 'application/json; charset=utf-8', 'Transfer-Encoding': 'chunked', 'Connection': 'keep-alive', 'X-Powered-By': 'Express', 'Access-Control-Allow-Origin': '*', 'Cache-Control': 'no-cache', 'ETag': 'W/"49e-uLAyBWWVuteWxCBxS+NVZ/7Oh0k"', 'Vary': 'Accept-Encoding', 'Content-Encoding': 'gzip', 'CF-Cache-Status': 'DYNAMIC', 'Report-To': '{"endpoints":[{"url":"https:\\/\\/a.nel.cloudflare.com\\/report\\/v4?s=V2JADVjpbs90NxJoUEIrSg07YSbYsKCZ%2BqrosvCyuCgRq6LbEFjoKDKBN%2F8UmIOW5uRDJmRgHGlg%2B0XJvJnACdMY8nAS2FJt6FX%2FbLhJUVhnlQ%2BE6qmSBjKU6kXf0io6"}],"group":"cf-nel","max_age":604800}', 'NEL': '{"success_fraction":0,"report_to":"cf-nel","max_age":604800}', 'Server': 'cloudflare', 'CF-RAY': '88c4db75f81a173a-SJC', 'alt-svc': 'h3=":443"; ma=86400'} 
 body={"results":[{"gender":"female","name":{"title":"Ms","first":"Millie","last":"Williams"},"location":{"street":{"number":9492,"name":"North Street"},"city":"Greymouth","state":"Hawke'S Bay","country":"New Zealand","postcode":86399,"coordinates":{"latitude":"50.3571","longitude":"56.0083"},"timezone":{"offset":"-6:00","description":"Central Time (US &amp; Canada), Mexico City"}},"email":"millie.williams@example.com","login":{"uuid":"beb3f934-df3d-4b2f-891f-c597c96a9934","username":"yellowrabbit428","password":"a1234567","salt":"7n1Tk8sL","md5":"39bbc876f5841ccbc8f48e663febc30d","sha1":"017bf9bf1044ae1629ec72c3245132da49b242d6","sha256":"4393e2aa2ef871224a5ff624bafe04bb5f81a3245fecb99b8331fc55014beb4c"},"dob":{"date":"1977-02-09T13:39:38.876Z","age":47},"registered":{"date":"2011-09-11T18:44:53.858Z","age":12},"phone":"(636)-651-2863","cell":"(581)-057-5278","id":{"name":"","value":null},"picture":{"large":"https://randomuser.me/api/portraits/women/72.jpg","medium":"https://randomuser.me/api/portraits/med/women/72.jpg","thumbnail":"https://randomuser.me/api/portraits/thumb/women/72.jpg"},"nat":"NZ"}],"info":{"seed":"74f65b230ecc8cc9","results":1,"page":1,"version":"1.4"}} 
 </msg>
<msg time="2024-05-31T06:20:18.330725" level="INFO">/opt/hostedtoolcache/Python/3.12.3/x64/lib/python3.12/site-packages/urllib3/connectionpool.py:1103: InsecureRequestWarning: Unverified HTTPS request is being made to host 'randomuser.me'. Adding certificate verification is strongly advised. See: https://urllib3.readthedocs.io/en/latest/advanced-usage.html#tls-warnings
  warnings.warn(</msg>
<msg time="2024-05-31T06:20:18.330900" level="INFO">${response} = &lt;Response [200]&gt;</msg>
<var>${response}</var>
<arg>consultarAPI</arg>
<arg>/api</arg>
<doc>Sends a GET request on a previously created HTTP Session.</doc>
<status status="PASS" start="2024-05-31T06:20:18.234552" elapsed="0.096404"/>
</kw>
<kw name="Set Variable" owner="BuiltIn">
<msg time="2024-05-31T06:20:18.332204" level="INFO">${json_data} = {'results': [{'gender': 'female', 'name': {'title': 'Ms', 'first': 'Millie', 'last': 'Williams'}, 'location': {'street': {'number': 9492, 'name': 'North Street'}, 'city': 'Greymouth', 'state': "Hawke'...</msg>
<var>${json_data}</var>
<arg>${response.json()}</arg>
<doc>Returns the given values which can then be assigned to a variables.</doc>
<status status="PASS" start="2024-05-31T06:20:18.331599" elapsed="0.000634"/>
</kw>
<kw name="Log" owner="BuiltIn">
<msg time="2024-05-31T06:20:18.332705" level="INFO">{'results': [{'gender': 'female', 'name': {'title': 'Ms', 'first': 'Millie', 'last': 'Williams'}, 'location': {'street': {'number': 9492, 'name': 'North Street'}, 'city': 'Greymouth', 'state': "Hawke'S Bay", 'country': 'New Zealand', 'postcode': 86399, 'coordinates': {'latitude': '50.3571', 'longitude': '56.0083'}, 'timezone': {'offset': '-6:00', 'description': 'Central Time (US &amp; Canada), Mexico City'}}, 'email': 'millie.williams@example.com', 'login': {'uuid': 'beb3f934-df3d-4b2f-891f-c597c96a9934', 'username': 'yellowrabbit428', 'password': 'a1234567', 'salt': '7n1Tk8sL', 'md5': '39bbc876f5841ccbc8f48e663febc30d', 'sha1': '017bf9bf1044ae1629ec72c3245132da49b242d6', 'sha256': '4393e2aa2ef871224a5ff624bafe04bb5f81a3245fecb99b8331fc55014beb4c'}, 'dob': {'date': '1977-02-09T13:39:38.876Z', 'age': 47}, 'registered': {'date': '2011-09-11T18:44:53.858Z', 'age': 12}, 'phone': '(636)-651-2863', 'cell': '(581)-057-5278', 'id': {'name': '', 'value': None}, 'picture': {'large': 'https://randomuser.me/api/portraits/women/72.jpg', 'medium': 'https://randomuser.me/api/portraits/med/women/72.jpg', 'thumbnail': 'https://randomuser.me/api/portraits/thumb/women/72.jpg'}, 'nat': 'NZ'}], 'info': {'seed': '74f65b230ecc8cc9', 'results': 1, 'page': 1, 'version': '1.4'}}</msg>
<arg>${json_data}</arg>
<doc>Logs the given message with the given level.</doc>
<status status="PASS" start="2024-05-31T06:20:18.332544" elapsed="0.000212"/>
</kw>
<kw name="Dictionary Should Contain Key" owner="Collections">
<msg time="2024-05-31T06:20:18.333214" level="INFO">False</msg>
<arg>${json_data}</arg>
<arg>results</arg>
<doc>Fails if ``key`` is not found from ``dictionary``.</doc>
<status status="PASS" start="2024-05-31T06:20:18.333055" elapsed="0.000196"/>
</kw>
<kw name="Should Not Be Empty" owner="BuiltIn">
<msg time="2024-05-31T06:20:18.333765" level="INFO">Length is 2.</msg>
<arg>${json_data}</arg>
<doc>Verifies that the given item is not empty.</doc>
<status status="PASS" start="2024-05-31T06:20:18.333541" elapsed="0.000288"/>
</kw>
<kw name="Create List" owner="BuiltIn">
<msg time="2024-05-31T06:20:18.334481" level="INFO">${expected_keys} = ['gender', 'name', 'location', 'email', 'login']</msg>
<var>${expected_keys}</var>
<arg>gender</arg>
<arg>name</arg>
<arg>location</arg>
<arg>email</arg>
<arg>login</arg>
<doc>Returns a list containing given items.</doc>
<status status="PASS" start="2024-05-31T06:20:18.334259" elapsed="0.000259"/>
</kw>
<for flavor="IN">
<iter>
<kw name="Dictionary Should Contain Key" owner="Collections">
<msg time="2024-05-31T06:20:18.335603" level="INFO">False</msg>
<arg>${json_data['results'][0]}</arg>
<arg>${key}</arg>
<doc>Fails if ``key`` is not found from ``dictionary``.</doc>
<status status="PASS" start="2024-05-31T06:20:18.335187" elapsed="0.000459"/>
</kw>
<kw name="Log" owner="BuiltIn">
<msg time="2024-05-31T06:20:18.336321" level="INFO">{'gender': 'female', 'name': {'title': 'Ms', 'first': 'Millie', 'last': 'Williams'}, 'location': {'street': {'number': 9492, 'name': 'North Street'}, 'city': 'Greymouth', 'state': "Hawke'S Bay", 'country': 'New Zealand', 'postcode': 86399, 'coordinates': {'latitude': '50.3571', 'longitude': '56.0083'}, 'timezone': {'offset': '-6:00', 'description': 'Central Time (US &amp; Canada), Mexico City'}}, 'email': 'millie.williams@example.com', 'login': {'uuid': 'beb3f934-df3d-4b2f-891f-c597c96a9934', 'username': 'yellowrabbit428', 'password': 'a1234567', 'salt': '7n1Tk8sL', 'md5': '39bbc876f5841ccbc8f48e663febc30d', 'sha1': '017bf9bf1044ae1629ec72c3245132da49b242d6', 'sha256': '4393e2aa2ef871224a5ff624bafe04bb5f81a3245fecb99b8331fc55014beb4c'}, 'dob': {'date': '1977-02-09T13:39:38.876Z', 'age': 47}, 'registered': {'date': '2011-09-11T18:44:53.858Z', 'age': 12}, 'phone': '(636)-651-2863', 'cell': '(581)-057-5278', 'id': {'name': '', 'value': None}, 'picture': {'large': 'https://randomuser.me/api/portraits/women/72.jpg', 'medium': 'https://randomuser.me/api/portraits/med/women/72.jpg', 'thumbnail': 'https://randomuser.me/api/portraits/thumb/women/72.jpg'}, 'nat': 'NZ'}</msg>
<arg>${json_data['results'][0]}</arg>
<doc>Logs the given message with the given level.</doc>
<status status="PASS" start="2024-05-31T06:20:18.335947" elapsed="0.000426"/>
</kw>
<kw name="Log" owner="BuiltIn">
<msg time="2024-05-31T06:20:18.336808" level="INFO">gender</msg>
<arg>${key}</arg>
<doc>Logs the given message with the given level.</doc>
<status status="PASS" start="2024-05-31T06:20:18.336678" elapsed="0.000168"/>
</kw>
<var name="${key}">gender</var>
<status status="PASS" start="2024-05-31T06:20:18.335058" elapsed="0.002004"/>
</iter>
<iter>
<kw name="Dictionary Should Contain Key" owner="Collections">
<msg time="2024-05-31T06:20:18.337755" level="INFO">False</msg>
<arg>${json_data['results'][0]}</arg>
<arg>${key}</arg>
<doc>Fails if ``key`` is not found from ``dictionary``.</doc>
<status status="PASS" start="2024-05-31T06:20:18.337365" elapsed="0.000427"/>
</kw>
<kw name="Log" owner="BuiltIn">
<msg time="2024-05-31T06:20:18.338493" level="INFO">{'gender': 'female', 'name': {'title': 'Ms', 'first': 'Millie', 'last': 'Williams'}, 'location': {'street': {'number': 9492, 'name': 'North Street'}, 'city': 'Greymouth', 'state': "Hawke'S Bay", 'country': 'New Zealand', 'postcode': 86399, 'coordinates': {'latitude': '50.3571', 'longitude': '56.0083'}, 'timezone': {'offset': '-6:00', 'description': 'Central Time (US &amp; Canada), Mexico City'}}, 'email': 'millie.williams@example.com', 'login': {'uuid': 'beb3f934-df3d-4b2f-891f-c597c96a9934', 'username': 'yellowrabbit428', 'password': 'a1234567', 'salt': '7n1Tk8sL', 'md5': '39bbc876f5841ccbc8f48e663febc30d', 'sha1': '017bf9bf1044ae1629ec72c3245132da49b242d6', 'sha256': '4393e2aa2ef871224a5ff624bafe04bb5f81a3245fecb99b8331fc55014beb4c'}, 'dob': {'date': '1977-02-09T13:39:38.876Z', 'age': 47}, 'registered': {'date': '2011-09-11T18:44:53.858Z', 'age': 12}, 'phone': '(636)-651-2863', 'cell': '(581)-057-5278', 'id': {'name': '', 'value': None}, 'picture': {'large': 'https://randomuser.me/api/portraits/women/72.jpg', 'medium': 'https://randomuser.me/api/portraits/med/women/72.jpg', 'thumbnail': 'https://randomuser.me/api/portraits/thumb/women/72.jpg'}, 'nat': 'NZ'}</msg>
<arg>${json_data['results'][0]}</arg>
<doc>Logs the given message with the given level.</doc>
<status status="PASS" start="2024-05-31T06:20:18.338119" elapsed="0.000424"/>
</kw>
<kw name="Log" owner="BuiltIn">
<msg time="2024-05-31T06:20:18.339001" level="INFO">name</msg>
<arg>${key}</arg>
<doc>Logs the given message with the given level.</doc>
<status status="PASS" start="2024-05-31T06:20:18.338867" elapsed="0.000171"/>
</kw>
<var name="${key}">name</var>
<status status="PASS" start="2024-05-31T06:20:18.337248" elapsed="0.002018"/>
</iter>
<iter>
<kw name="Dictionary Should Contain Key" owner="Collections">
<msg time="2024-05-31T06:20:18.339934" level="INFO">False</msg>
<arg>${json_data['results'][0]}</arg>
<arg>${key}</arg>
<doc>Fails if ``key`` is not found from ``dictionary``.</doc>
<status status="PASS" start="2024-05-31T06:20:18.339558" elapsed="0.000413"/>
</kw>
<kw name="Log" owner="BuiltIn">
<msg time="2024-05-31T06:20:18.340640" level="INFO">{'gender': 'female', 'name': {'title': 'Ms', 'first': 'Millie', 'last': 'Williams'}, 'location': {'street': {'number': 9492, 'name': 'North Street'}, 'city': 'Greymouth', 'state': "Hawke'S Bay", 'country': 'New Zealand', 'postcode': 86399, 'coordinates': {'latitude': '50.3571', 'longitude': '56.0083'}, 'timezone': {'offset': '-6:00', 'description': 'Central Time (US &amp; Canada), Mexico City'}}, 'email': 'millie.williams@example.com', 'login': {'uuid': 'beb3f934-df3d-4b2f-891f-c597c96a9934', 'username': 'yellowrabbit428', 'password': 'a1234567', 'salt': '7n1Tk8sL', 'md5': '39bbc876f5841ccbc8f48e663febc30d', 'sha1': '017bf9bf1044ae1629ec72c3245132da49b242d6', 'sha256': '4393e2aa2ef871224a5ff624bafe04bb5f81a3245fecb99b8331fc55014beb4c'}, 'dob': {'date': '1977-02-09T13:39:38.876Z', 'age': 47}, 'registered': {'date': '2011-09-11T18:44:53.858Z', 'age': 12}, 'phone': '(636)-651-2863', 'cell': '(581)-057-5278', 'id': {'name': '', 'value': None}, 'picture': {'large': 'https://randomuser.me/api/portraits/women/72.jpg', 'medium': 'https://randomuser.me/api/portraits/med/women/72.jpg', 'thumbnail': 'https://randomuser.me/api/portraits/thumb/women/72.jpg'}, 'nat': 'NZ'}</msg>
<arg>${json_data['results'][0]}</arg>
<doc>Logs the given message with the given level.</doc>
<status status="PASS" start="2024-05-31T06:20:18.340274" elapsed="0.000426"/>
</kw>
<kw name="Log" owner="BuiltIn">
<msg time="2024-05-31T06:20:18.341133" level="INFO">location</msg>
<arg>${key}</arg>
<doc>Logs the given message with the given level.</doc>
<status status="PASS" start="2024-05-31T06:20:18.341007" elapsed="0.000164"/>
</kw>
<var name="${key}">location</var>
<status status="PASS" start="2024-05-31T06:20:18.339444" elapsed="0.001939"/>
</iter>
<iter>
<kw name="Dictionary Should Contain Key" owner="Collections">
<msg time="2024-05-31T06:20:18.342151" level="INFO">False</msg>
<arg>${json_data['results'][0]}</arg>
<arg>${key}</arg>
<doc>Fails if ``key`` is not found from ``dictionary``.</doc>
<status status="PASS" start="2024-05-31T06:20:18.341663" elapsed="0.000525"/>
</kw>
<kw name="Log" owner="BuiltIn">
<msg time="2024-05-31T06:20:18.342868" level="INFO">{'gender': 'female', 'name': {'title': 'Ms', 'first': 'Millie', 'last': 'Williams'}, 'location': {'street': {'number': 9492, 'name': 'North Street'}, 'city': 'Greymouth', 'state': "Hawke'S Bay", 'country': 'New Zealand', 'postcode': 86399, 'coordinates': {'latitude': '50.3571', 'longitude': '56.0083'}, 'timezone': {'offset': '-6:00', 'description': 'Central Time (US &amp; Canada), Mexico City'}}, 'email': 'millie.williams@example.com', 'login': {'uuid': 'beb3f934-df3d-4b2f-891f-c597c96a9934', 'username': 'yellowrabbit428', 'password': 'a1234567', 'salt': '7n1Tk8sL', 'md5': '39bbc876f5841ccbc8f48e663febc30d', 'sha1': '017bf9bf1044ae1629ec72c3245132da49b242d6', 'sha256': '4393e2aa2ef871224a5ff624bafe04bb5f81a3245fecb99b8331fc55014beb4c'}, 'dob': {'date': '1977-02-09T13:39:38.876Z', 'age': 47}, 'registered': {'date': '2011-09-11T18:44:53.858Z', 'age': 12}, 'phone': '(636)-651-2863', 'cell': '(581)-057-5278', 'id': {'name': '', 'value': None}, 'picture': {'large': 'https://randomuser.me/api/portraits/women/72.jpg', 'medium': 'https://randomuser.me/api/portraits/med/women/72.jpg', 'thumbnail': 'https://randomuser.me/api/portraits/thumb/women/72.jpg'}, 'nat': 'NZ'}</msg>
<arg>${json_data['results'][0]}</arg>
<doc>Logs the given message with the given level.</doc>
<status status="PASS" start="2024-05-31T06:20:18.342484" elapsed="0.000448"/>
</kw>
<kw name="Log" owner="BuiltIn">
<msg time="2024-05-31T06:20:18.343358" level="INFO">email</msg>
<arg>${key}</arg>
<doc>Logs the given message with the given level.</doc>
<status status="PASS" start="2024-05-31T06:20:18.343230" elapsed="0.000165"/>
</kw>
<var name="${key}">email</var>
<status status="PASS" start="2024-05-31T06:20:18.341553" elapsed="0.002057"/>
</iter>
<iter>
<kw name="Dictionary Should Contain Key" owner="Collections">
<msg time="2024-05-31T06:20:18.344273" level="INFO">False</msg>
<arg>${json_data['results'][0]}</arg>
<arg>${key}</arg>
<doc>Fails if ``key`` is not found from ``dictionary``.</doc>
<status status="PASS" start="2024-05-31T06:20:18.343893" elapsed="0.000417"/>
</kw>
<kw name="Log" owner="BuiltIn">
<msg time="2024-05-31T06:20:18.344954" level="INFO">{'gender': 'female', 'name': {'title': 'Ms', 'first': 'Millie', 'last': 'Williams'}, 'location': {'street': {'number': 9492, 'name': 'North Street'}, 'city': 'Greymouth', 'state': "Hawke'S Bay", 'country': 'New Zealand', 'postcode': 86399, 'coordinates': {'latitude': '50.3571', 'longitude': '56.0083'}, 'timezone': {'offset': '-6:00', 'description': 'Central Time (US &amp; Canada), Mexico City'}}, 'email': 'millie.williams@example.com', 'login': {'uuid': 'beb3f934-df3d-4b2f-891f-c597c96a9934', 'username': 'yellowrabbit428', 'password': 'a1234567', 'salt': '7n1Tk8sL', 'md5': '39bbc876f5841ccbc8f48e663febc30d', 'sha1': '017bf9bf1044ae1629ec72c3245132da49b242d6', 'sha256': '4393e2aa2ef871224a5ff624bafe04bb5f81a3245fecb99b8331fc55014beb4c'}, 'dob': {'date': '1977-02-09T13:39:38.876Z', 'age': 47}, 'registered': {'date': '2011-09-11T18:44:53.858Z', 'age': 12}, 'phone': '(636)-651-2863', 'cell': '(581)-057-5278', 'id': {'name': '', 'value': None}, 'picture': {'large': 'https://randomuser.me/api/portraits/women/72.jpg', 'medium': 'https://randomuser.me/api/portraits/med/women/72.jpg', 'thumbnail': 'https://randomuser.me/api/portraits/thumb/women/72.jpg'}, 'nat': 'NZ'}</msg>
<arg>${json_data['results'][0]}</arg>
<doc>Logs the given message with the given level.</doc>
<status status="PASS" start="2024-05-31T06:20:18.344603" elapsed="0.000400"/>
</kw>
<kw name="Log" owner="BuiltIn">
<msg time="2024-05-31T06:20:18.345421" level="INFO">login</msg>
<arg>${key}</arg>
<doc>Logs the given message with the given level.</doc>
<status status="PASS" start="2024-05-31T06:20:18.345295" elapsed="0.000196"/>
</kw>
<var name="${key}">login</var>
<status status="PASS" start="2024-05-31T06:20:18.343781" elapsed="0.001932"/>
</iter>
<var>${key}</var>
<value>@{expected_keys}</value>
<status status="PASS" start="2024-05-31T06:20:18.334807" elapsed="0.011023"/>
</for>
<kw name="Create List" owner="BuiltIn">
<msg time="2024-05-31T06:20:18.346162" level="INFO">${expected_keysTwo} = ['username', 'password']</msg>
<var>${expected_keysTwo}</var>
<arg>username</arg>
<arg>password</arg>
<doc>Returns a list containing given items.</doc>
<status status="PASS" start="2024-05-31T06:20:18.346019" elapsed="0.000167"/>
</kw>
<for flavor="IN">
<iter>
<kw name="Dictionary Should Contain Key" owner="Collections">
<msg time="2024-05-31T06:20:18.347100" level="INFO">False</msg>
<arg>${json_data['results'][0]['login']}</arg>
<arg>${keyTwo}</arg>
<doc>Fails if ``key`` is not found from ``dictionary``.</doc>
<status status="PASS" start="2024-05-31T06:20:18.346680" elapsed="0.000457"/>
</kw>
<kw name="Dictionary Should Contain Key" owner="Collections">
<msg time="2024-05-31T06:20:18.347814" level="INFO">False</msg>
<arg>${json_data['results'][0]['login']}</arg>
<arg>${keyTwo}</arg>
<doc>Fails if ``key`` is not found from ``dictionary``.</doc>
<status status="PASS" start="2024-05-31T06:20:18.347433" elapsed="0.000417"/>
</kw>
<kw name="Log" owner="BuiltIn">
<msg time="2024-05-31T06:20:18.348267" level="INFO">username</msg>
<arg>${keyTwo}</arg>
<doc>Logs the given message with the given level.</doc>
<status status="PASS" start="2024-05-31T06:20:18.348139" elapsed="0.000165"/>
</kw>
<var name="${keyTwo}">username</var>
<status status="PASS" start="2024-05-31T06:20:18.346571" elapsed="0.001945"/>
</iter>
<iter>
<kw name="Dictionary Should Contain Key" owner="Collections">
<msg time="2024-05-31T06:20:18.349175" level="INFO">False</msg>
<arg>${json_data['results'][0]['login']}</arg>
<arg>${keyTwo}</arg>
<doc>Fails if ``key`` is not found from ``dictionary``.</doc>
<status status="PASS" start="2024-05-31T06:20:18.348794" elapsed="0.000418"/>
</kw>
<kw name="Dictionary Should Contain Key" owner="Collections">
<msg time="2024-05-31T06:20:18.349891" level="INFO">False</msg>
<arg>${json_data['results'][0]['login']}</arg>
<arg>${keyTwo}</arg>
<doc>Fails if ``key`` is not found from ``dictionary``.</doc>
<status status="PASS" start="2024-05-31T06:20:18.349512" elapsed="0.000416"/>
</kw>
<kw name="Log" owner="BuiltIn">
<msg time="2024-05-31T06:20:18.350342" level="INFO">password</msg>
<arg>${keyTwo}</arg>
<doc>Logs the given message with the given level.</doc>
<status status="PASS" start="2024-05-31T06:20:18.350216" elapsed="0.000163"/>
</kw>
<var name="${keyTwo}">password</var>
<status status="PASS" start="2024-05-31T06:20:18.348684" elapsed="0.001916"/>
</iter>
<var>${keyTwo}</var>
<value>@{expected_keysTwo}</value>
<status status="PASS" start="2024-05-31T06:20:18.346422" elapsed="0.004296"/>
</for>
<status status="PASS" start="2024-05-31T06:20:18.234313" elapsed="0.116570"/>
</kw>
<doc>Testa a estrutura da resposta da API.</doc>
<tag>testeEstruturaResposta</tag>
<status status="PASS" start="2024-05-31T06:20:18.233788" elapsed="0.117295"/>
</test>
<test id="s1-s1-t4" name="Validar tipos de dados" line="28">
<kw name="Teste de Tipos de Dados" owner="random-user-service">
<kw name="GET On Session" owner="RequestsLibrary">
<msg time="2024-05-31T06:20:18.455907" level="INFO">GET Request : url=https://randomuser.me/api 
 path_url=/api 
 headers={'User-Agent': 'python-requests/2.32.3', 'Accept-Encoding': 'gzip, deflate', 'Accept': '*/*', 'Connection': 'keep-alive'} 
 body=None 
 </msg>
<msg time="2024-05-31T06:20:18.456026" level="INFO">GET Response : url=https://randomuser.me/api 
 status=200, reason=OK 
 headers={'Date': 'Fri, 31 May 2024 06:20:18 GMT', 'Content-Type': 'application/json; charset=utf-8', 'Transfer-Encoding': 'chunked', 'Connection': 'keep-alive', 'X-Powered-By': 'Express', 'Access-Control-Allow-Origin': '*', 'Cache-Control': 'no-cache', 'ETag': 'W/"497-dKnYZYYKv0rqO7kmTTxzMucZQPA"', 'Vary': 'Accept-Encoding', 'Content-Encoding': 'gzip', 'CF-Cache-Status': 'DYNAMIC', 'Report-To': '{"endpoints":[{"url":"https:\\/\\/a.nel.cloudflare.com\\/report\\/v4?s=zf16eu6A%2BGftMH6TNicXWQV9RDXNDd27CX4RAoMw9NnxqIbxsg0eKGN21DSVWqF0yaCNhHwM4BLE2bmOmKLZXTwUSl2Zg5XPLXVlE1w6EBcICgvr%2FbrhZ3MXx5s1Q870"}],"group":"cf-nel","max_age":604800}', 'NEL': '{"success_fraction":0,"report_to":"cf-nel","max_age":604800}', 'Server': 'cloudflare', 'CF-RAY': '88c4db76b8cf173a-SJC', 'alt-svc': 'h3=":443"; ma=86400'} 
 body={"results":[{"gender":"male","name":{"title":"Mr","first":"Philippe","last":"Gauthier"},"location":{"street":{"number":3546,"name":"Park Rd"},"city":"Clinton","state":"Yukon","country":"Canada","postcode":"L2T 6W0","coordinates":{"latitude":"-69.1813","longitude":"-104.1609"},"timezone":{"offset":"0:00","description":"Western Europe Time, London, Lisbon, Casablanca"}},"email":"philippe.gauthier@example.com","login":{"uuid":"c575a3fe-5f6f-4e8a-9b18-9628ddbe00df","username":"bigleopard636","password":"pilot","salt":"w0x76GNM","md5":"33cb17ece37574b450aed2d21e87ee0b","sha1":"865cb6c76f698488076776f75c375e22579f1bbb","sha256":"c87847a36668b16cf739b68d20e5be8ac1c3a6fc5be61b86c579880d689e161b"},"dob":{"date":"1967-05-19T14:52:13.568Z","age":57},"registered":{"date":"2005-02-17T10:54:32.083Z","age":19},"phone":"W87 W00-8945","cell":"Z94 L77-7829","id":{"name":"SIN","value":"707730602"},"picture":{"large":"https://randomuser.me/api/portraits/men/56.jpg","medium":"https://randomuser.me/api/portraits/med/men/56.jpg","thumbnail":"https://randomuser.me/api/portraits/thumb/men/56.jpg"},"nat":"CA"}],"info":{"seed":"2952ac810ce832ea","results":1,"page":1,"version":"1.4"}} 
 </msg>
<msg time="2024-05-31T06:20:18.456131" level="INFO">/opt/hostedtoolcache/Python/3.12.3/x64/lib/python3.12/site-packages/urllib3/connectionpool.py:1103: InsecureRequestWarning: Unverified HTTPS request is being made to host 'randomuser.me'. Adding certificate verification is strongly advised. See: https://urllib3.readthedocs.io/en/latest/advanced-usage.html#tls-warnings
  warnings.warn(</msg>
<msg time="2024-05-31T06:20:18.456294" level="INFO">${response} = &lt;Response [200]&gt;</msg>
<var>${response}</var>
<arg>consultarAPI</arg>
<arg>/api</arg>
<doc>Sends a GET request on a previously created HTTP Session.</doc>
<status status="PASS" start="2024-05-31T06:20:18.353597" elapsed="0.102760"/>
</kw>
<kw name="Set Variable" owner="BuiltIn">
<msg time="2024-05-31T06:20:18.457939" level="INFO">${json_data} = {'results': [{'gender': 'male', 'name': {'title': 'Mr', 'first': 'Philippe', 'last': 'Gauthier'}, 'location': {'street': {'number': 3546, 'name': 'Park Rd'}, 'city': 'Clinton', 'state': 'Yukon', 'coun...</msg>
<var>${json_data}</var>
<arg>${response.json()}</arg>
<doc>Returns the given values which can then be assigned to a variables.</doc>
<status status="PASS" start="2024-05-31T06:20:18.457122" elapsed="0.000847"/>
</kw>
<kw name="Log" owner="BuiltIn">
<msg time="2024-05-31T06:20:18.458462" level="INFO">{'results': [{'gender': 'male', 'name': {'title': 'Mr', 'first': 'Philippe', 'last': 'Gauthier'}, 'location': {'street': {'number': 3546, 'name': 'Park Rd'}, 'city': 'Clinton', 'state': 'Yukon', 'country': 'Canada', 'postcode': 'L2T 6W0', 'coordinates': {'latitude': '-69.1813', 'longitude': '-104.1609'}, 'timezone': {'offset': '0:00', 'description': 'Western Europe Time, London, Lisbon, Casablanca'}}, 'email': 'philippe.gauthier@example.com', 'login': {'uuid': 'c575a3fe-5f6f-4e8a-9b18-9628ddbe00df', 'username': 'bigleopard636', 'password': 'pilot', 'salt': 'w0x76GNM', 'md5': '33cb17ece37574b450aed2d21e87ee0b', 'sha1': '865cb6c76f698488076776f75c375e22579f1bbb', 'sha256': 'c87847a36668b16cf739b68d20e5be8ac1c3a6fc5be61b86c579880d689e161b'}, 'dob': {'date': '1967-05-19T14:52:13.568Z', 'age': 57}, 'registered': {'date': '2005-02-17T10:54:32.083Z', 'age': 19}, 'phone': 'W87 W00-8945', 'cell': 'Z94 L77-7829', 'id': {'name': 'SIN', 'value': '707730602'}, 'picture': {'large': 'https://randomuser.me/api/portraits/men/56.jpg', 'medium': 'https://randomuser.me/api/portraits/med/men/56.jpg', 'thumbnail': 'https://randomuser.me/api/portraits/thumb/men/56.jpg'}, 'nat': 'CA'}], 'info': {'seed': '2952ac810ce832ea', 'results': 1, 'page': 1, 'version': '1.4'}}</msg>
<arg>${json_data}</arg>
<doc>Logs the given message with the given level.</doc>
<status status="PASS" start="2024-05-31T06:20:18.458297" elapsed="0.000253"/>
</kw>
<kw name="Should Be String" owner="String">
<arg>${json_data['results'][0]['gender']}</arg>
<doc>Fails if the given ``item`` is not a string.</doc>
<status status="PASS" start="2024-05-31T06:20:18.458903" elapsed="0.000385"/>
</kw>
<kw name="Should Match Regexp" owner="BuiltIn">
<arg>${json_data['results'][0]['email']}</arg>
<arg>^[a-zA-Z0-9._%+-]+@[a-zA-Z0-9.-]+\.[a-zA-Z]{2,}$</arg>
<doc>Fails if ``string`` does not match ``pattern`` as a regular expression.</doc>
<status status="PASS" start="2024-05-31T06:20:18.459480" elapsed="0.000660"/>
</kw>
<kw name="Should Match Regexp" owner="BuiltIn">
<arg>${json_data['results'][0]['dob']['date']}</arg>
<arg>\\d{4}-\\d{2}-\\d{2}T\\d{2}:\\d{2}:\\d{2}\\.\\d{3}Z</arg>
<doc>Fails if ``string`` does not match ``pattern`` as a regular expression.</doc>
<status status="PASS" start="2024-05-31T06:20:18.460338" elapsed="0.000482"/>
</kw>
<kw name="Should Match Regexp" owner="BuiltIn">
<arg>${json_data['results'][0]['registered']['date']}</arg>
<arg>\\d{4}-\\d{2}-\\d{2}T\\d{2}:\\d{2}:\\d{2}\\.\\d{3}Z</arg>
<doc>Fails if ``string`` does not match ``pattern`` as a regular expression.</doc>
<status status="PASS" start="2024-05-31T06:20:18.461012" elapsed="0.000365"/>
</kw>
<kw name="Should Match Regexp" owner="BuiltIn">
<arg>${json_data['results'][0]['picture']['large']}</arg>
<arg>^https?://.*\.(?:png|jpe?g|gif|bmp)$</arg>
<doc>Fails if ``string`` does not match ``pattern`` as a regular expression.</doc>
<status status="PASS" start="2024-05-31T06:20:18.461562" elapsed="0.000465"/>
</kw>
<kw name="Should Match Regexp" owner="BuiltIn">
<arg>${json_data['results'][0]['picture']['medium']}</arg>
<arg>^https?://.*\.(?:png|jpe?g|gif|bmp)$</arg>
<doc>Fails if ``string`` does not match ``pattern`` as a regular expression.</doc>
<status status="PASS" start="2024-05-31T06:20:18.462218" elapsed="0.000352"/>
</kw>
<kw name="Should Match Regexp" owner="BuiltIn">
<arg>${json_data['results'][0]['picture']['thumbnail']}</arg>
<arg>^https?://.*\.(?:png|jpe?g|gif|bmp)$</arg>
<doc>Fails if ``string`` does not match ``pattern`` as a regular expression.</doc>
<status status="PASS" start="2024-05-31T06:20:18.462759" elapsed="0.000372"/>
</kw>
<kw name="Log" owner="BuiltIn">
<msg time="2024-05-31T06:20:18.463636" level="INFO">{'large': 'https://randomuser.me/api/portraits/men/56.jpg', 'medium': 'https://randomuser.me/api/portraits/med/men/56.jpg', 'thumbnail': 'https://randomuser.me/api/portraits/thumb/men/56.jpg'}</msg>
<arg>${json_data['results'][0]['picture']}</arg>
<doc>Logs the given message with the given level.</doc>
<status status="PASS" start="2024-05-31T06:20:18.463313" elapsed="0.000365"/>
</kw>
<status status="PASS" start="2024-05-31T06:20:18.353364" elapsed="0.110597"/>
</kw>
<kw name="Teste de Tipos de Dados - Postcode" owner="random-user-service">
<kw name="GET On Session" owner="RequestsLibrary">
<msg time="2024-05-31T06:20:18.559898" level="INFO">GET Request : url=https://randomuser.me/api 
 path_url=/api 
 headers={'User-Agent': 'python-requests/2.32.3', 'Accept-Encoding': 'gzip, deflate', 'Accept': '*/*', 'Connection': 'keep-alive'} 
 body=None 
 </msg>
<msg time="2024-05-31T06:20:18.560008" level="INFO">GET Response : url=https://randomuser.me/api 
 status=200, reason=OK 
 headers={'Date': 'Fri, 31 May 2024 06:20:18 GMT', 'Content-Type': 'application/json; charset=utf-8', 'Transfer-Encoding': 'chunked', 'Connection': 'keep-alive', 'X-Powered-By': 'Express', 'Access-Control-Allow-Origin': '*', 'Cache-Control': 'no-cache', 'ETag': 'W/"48e-aaA0pwT8nOEcG/jobJUOXjynS10"', 'Vary': 'Accept-Encoding', 'Content-Encoding': 'gzip', 'CF-Cache-Status': 'DYNAMIC', 'Report-To': '{"endpoints":[{"url":"https:\\/\\/a.nel.cloudflare.com\\/report\\/v4?s=f9rIA1RZtAwY7c%2BT5cgqwtcSKGCVIXZ4gAdbFL7DIVGFk4nRRh2iF%2FRj8xJaeDU533dgGOQ6ZlbmcfXH8G5Rla2LtfSRHYdXJtlvNG7B05FsH7OY8Mt2Y3JCYxXPdrbC"}],"group":"cf-nel","max_age":604800}', 'NEL': '{"success_fraction":0,"report_to":"cf-nel","max_age":604800}', 'Server': 'cloudflare', 'CF-RAY': '88c4db77696b173a-SJC', 'alt-svc': 'h3=":443"; ma=86400'} 
 body={"results":[{"gender":"male","name":{"title":"Mr","first":"Ahmad","last":"Eiken"},"location":{"street":{"number":6421,"name":"Egedes gate"},"city":"Ersfjordbotn","state":"Sør-Trøndelag","country":"Norway","postcode":"3208","coordinates":{"latitude":"41.3080","longitude":"-36.5283"},"timezone":{"offset":"+5:00","description":"Ekaterinburg, Islamabad, Karachi, Tashkent"}},"email":"ahmad.eiken@example.com","login":{"uuid":"02aa22b1-b193-4352-8e82-b5e29a0c4852","username":"orangecat759","password":"terefon","salt":"QeLnpwjG","md5":"448124fe12bfa1bf03756ca07252c333","sha1":"269bae2519fdd071d1f8fc20d0ca4ba1a6365f09","sha256":"2c47e32002db0750241a6623a1a2a9b8361fd04ec333387a2ae1364993875c4e"},"dob":{"date":"1964-05-20T00:29:56.494Z","age":60},"registered":{"date":"2021-02-09T12:41:11.425Z","age":3},"phone":"66072531","cell":"91926181","id":{"name":"FN","value":"20056422162"},"picture":{"large":"https://randomuser.me/api/portraits/men/17.jpg","medium":"https://randomuser.me/api/portraits/med/men/17.jpg","thumbnail":"https://randomuser.me/api/portraits/thumb/men/17.jpg"},"nat":"NO"}],"info":{"seed":"be252a55e23e26d0","results":1,"page":1,"version":"1.4"}} 
 </msg>
<msg time="2024-05-31T06:20:18.560095" level="INFO">/opt/hostedtoolcache/Python/3.12.3/x64/lib/python3.12/site-packages/urllib3/connectionpool.py:1103: InsecureRequestWarning: Unverified HTTPS request is being made to host 'randomuser.me'. Adding certificate verification is strongly advised. See: https://urllib3.readthedocs.io/en/latest/advanced-usage.html#tls-warnings
  warnings.warn(</msg>
<msg time="2024-05-31T06:20:18.560229" level="INFO">${response} = &lt;Response [200]&gt;</msg>
<var>${response}</var>
<arg>consultarAPI</arg>
<arg>/api</arg>
<doc>Sends a GET request on a previously created HTTP Session.</doc>
<status status="PASS" start="2024-05-31T06:20:18.464409" elapsed="0.095860"/>
</kw>
<kw name="Set Variable" owner="BuiltIn">
<msg time="2024-05-31T06:20:18.561899" level="INFO">${json_data} = {'results': [{'gender': 'male', 'name': {'title': 'Mr', 'first': 'Ahmad', 'last': 'Eiken'}, 'location': {'street': {'number': 6421, 'name': 'Egedes gate'}, 'city': 'Ersfjordbotn', 'state': 'Sør-Trønde...</msg>
<var>${json_data}</var>
<arg>${response.json()}</arg>
<doc>Returns the given values which can then be assigned to a variables.</doc>
<status status="PASS" start="2024-05-31T06:20:18.561073" elapsed="0.000856"/>
</kw>
<kw name="Log" owner="BuiltIn">
<msg time="2024-05-31T06:20:18.562417" level="INFO">{'results': [{'gender': 'male', 'name': {'title': 'Mr', 'first': 'Ahmad', 'last': 'Eiken'}, 'location': {'street': {'number': 6421, 'name': 'Egedes gate'}, 'city': 'Ersfjordbotn', 'state': 'Sør-Trøndelag', 'country': 'Norway', 'postcode': '3208', 'coordinates': {'latitude': '41.3080', 'longitude': '-36.5283'}, 'timezone': {'offset': '+5:00', 'description': 'Ekaterinburg, Islamabad, Karachi, Tashkent'}}, 'email': 'ahmad.eiken@example.com', 'login': {'uuid': '02aa22b1-b193-4352-8e82-b5e29a0c4852', 'username': 'orangecat759', 'password': 'terefon', 'salt': 'QeLnpwjG', 'md5': '448124fe12bfa1bf03756ca07252c333', 'sha1': '269bae2519fdd071d1f8fc20d0ca4ba1a6365f09', 'sha256': '2c47e32002db0750241a6623a1a2a9b8361fd04ec333387a2ae1364993875c4e'}, 'dob': {'date': '1964-05-20T00:29:56.494Z', 'age': 60}, 'registered': {'date': '2021-02-09T12:41:11.425Z', 'age': 3}, 'phone': '66072531', 'cell': '91926181', 'id': {'name': 'FN', 'value': '20056422162'}, 'picture': {'large': 'https://randomuser.me/api/portraits/men/17.jpg', 'medium': 'https://randomuser.me/api/portraits/med/men/17.jpg', 'thumbnail': 'https://randomuser.me/api/portraits/thumb/men/17.jpg'}, 'nat': 'NO'}], 'info': {'seed': 'be252a55e23e26d0', 'results': 1, 'page': 1, 'version': '1.4'}}</msg>
<arg>${json_data}</arg>
<doc>Logs the given message with the given level.</doc>
<status status="PASS" start="2024-05-31T06:20:18.562252" elapsed="0.000253"/>
</kw>
<kw name="Should Be Equal As Numbers" owner="BuiltIn">
<arg>${json_data['results'][0]['location']['postcode']}</arg>
<arg>${json_data['results'][0]['location']['postcode']}</arg>
<doc>Fails if objects are unequal after converting them to real numbers.</doc>
<status status="PASS" start="2024-05-31T06:20:18.562813" elapsed="0.000913"/>
</kw>
<kw name="Log" owner="BuiltIn">
<msg time="2024-05-31T06:20:18.564265" level="INFO">3208</msg>
<arg>${json_data['results'][0]['location']['postcode']}</arg>
<doc>Logs the given message with the given level.</doc>
<status status="PASS" start="2024-05-31T06:20:18.563925" elapsed="0.000381"/>
</kw>
<status status="PASS" start="2024-05-31T06:20:18.464184" elapsed="0.100388"/>
</kw>
<doc>Testa se os tipos de dados na resposta da API estão corretos.</doc>
<tag>testeTiposDados</tag>
<status status="PASS" start="2024-05-31T06:20:18.352862" elapsed="0.211883"/>
</test>
<test id="s1-s1-t5" name="Validar conteudo" line="35">
<kw name="Teste de Tipos de Conteudo" owner="random-user-service">
<kw name="GET On Session" owner="RequestsLibrary">
<msg time="2024-05-31T06:20:18.657337" level="INFO">GET Request : url=https://randomuser.me/api 
 path_url=/api 
 headers={'User-Agent': 'python-requests/2.32.3', 'Accept-Encoding': 'gzip, deflate', 'Accept': '*/*', 'Connection': 'keep-alive'} 
 body=None 
 </msg>
<msg time="2024-05-31T06:20:18.657448" level="INFO">GET Response : url=https://randomuser.me/api 
 status=200, reason=OK 
 headers={'Date': 'Fri, 31 May 2024 06:20:18 GMT', 'Content-Type': 'application/json; charset=utf-8', 'Transfer-Encoding': 'chunked', 'Connection': 'keep-alive', 'X-Powered-By': 'Express', 'Access-Control-Allow-Origin': '*', 'Cache-Control': 'no-cache', 'ETag': 'W/"4a5-HTxu4gMsr4Ai+awUwwP6Wuj1+ss"', 'Vary': 'Accept-Encoding', 'Content-Encoding': 'gzip', 'CF-Cache-Status': 'DYNAMIC', 'Report-To': '{"endpoints":[{"url":"https:\\/\\/a.nel.cloudflare.com\\/report\\/v4?s=ETyR8aumSTBwB4p8RBVCLa9kV3Od0bcd576A%2FFxcaUbdkkdGZalWuJ4%2FnVlPlJ9EttGc0Iyrk6nVP712c7Q9bVIVlk%2BkazJzj5RtNdy9Rv1GvLwcDJWSp5S9zqr%2BzkEi"}],"group":"cf-nel","max_age":604800}', 'NEL': '{"success_fraction":0,"report_to":"cf-nel","max_age":604800}', 'Server': 'cloudflare', 'CF-RAY': '88c4db780a17173a-SJC', 'alt-svc': 'h3=":443"; ma=86400'} 
 body={"results":[{"gender":"female","name":{"title":"Ms","first":"Sabine","last":"Sandner"},"location":{"street":{"number":9504,"name":"Raiffeisenstraße"},"city":"Potsdam-Mittelmark","state":"Berlin","country":"Germany","postcode":62611,"coordinates":{"latitude":"-50.9694","longitude":"150.8979"},"timezone":{"offset":"-3:00","description":"Brazil, Buenos Aires, Georgetown"}},"email":"sabine.sandner@example.com","login":{"uuid":"dbe5fcb2-99f1-4382-897b-73344229e1f8","username":"sadkoala295","password":"jayhawks","salt":"J8dmGiWL","md5":"21c688068d0234683dfd22547f0ea88b","sha1":"6c92016d5e1edd7f5874a9ee8d53129a76e559a4","sha256":"00ebff4f334d9252c1a78f85f8bc8f97c60cd61d99a5e6cb07b36c1ca129cf64"},"dob":{"date":"1958-10-06T21:00:19.717Z","age":65},"registered":{"date":"2007-12-02T13:32:30.735Z","age":16},"phone":"0115-9095532","cell":"0175-2034221","id":{"name":"SVNR","value":"89 061058 S 750"},"picture":{"large":"https://randomuser.me/api/portraits/women/28.jpg","medium":"https://randomuser.me/api/portraits/med/women/28.jpg","thumbnail":"https://randomuser.me/api/portraits/thumb/women/28.jpg"},"nat":"DE"}],"info":{"seed":"3936d91a10d2be68","results":1,"page":1,"version":"1.4"}} 
 </msg>
<msg time="2024-05-31T06:20:18.657555" level="INFO">/opt/hostedtoolcache/Python/3.12.3/x64/lib/python3.12/site-packages/urllib3/connectionpool.py:1103: InsecureRequestWarning: Unverified HTTPS request is being made to host 'randomuser.me'. Adding certificate verification is strongly advised. See: https://urllib3.readthedocs.io/en/latest/advanced-usage.html#tls-warnings
  warnings.warn(</msg>
<msg time="2024-05-31T06:20:18.657713" level="INFO">${response} = &lt;Response [200]&gt;</msg>
<var>${response}</var>
<arg>consultarAPI</arg>
<arg>/api</arg>
<doc>Sends a GET request on a previously created HTTP Session.</doc>
<status status="PASS" start="2024-05-31T06:20:18.567646" elapsed="0.090132"/>
</kw>
<kw name="Set Variable" owner="BuiltIn">
<msg time="2024-05-31T06:20:18.659397" level="INFO">${json_data} = {'results': [{'gender': 'female', 'name': {'title': 'Ms', 'first': 'Sabine', 'last': 'Sandner'}, 'location': {'street': {'number': 9504, 'name': 'Raiffeisenstraße'}, 'city': 'Potsdam-Mittelmark', 'sta...</msg>
<var>${json_data}</var>
<arg>${response.json()}</arg>
<doc>Returns the given values which can then be assigned to a variables.</doc>
<status status="PASS" start="2024-05-31T06:20:18.658497" elapsed="0.000933"/>
</kw>
<kw name="Set Variable" owner="BuiltIn">
<msg time="2024-05-31T06:20:18.660147" level="INFO">${name_title} = Ms</msg>
<var>${name_title}</var>
<arg>${json_data["results"][0]["name"]["title"]}</arg>
<doc>Returns the given values which can then be assigned to a variables.</doc>
<status status="PASS" start="2024-05-31T06:20:18.659757" elapsed="0.000416"/>
</kw>
<kw name="Create List" owner="BuiltIn">
<msg time="2024-05-31T06:20:18.660635" level="INFO">${allowed_titles} = ['Mr', 'Ms', 'Miss', 'Mrs', 'Madame', 'Monsieur']</msg>
<var>${allowed_titles}</var>
<arg>Mr</arg>
<arg>Ms</arg>
<arg>Miss</arg>
<arg>Mrs</arg>
<arg>Madame</arg>
<arg>Monsieur</arg>
<doc>Returns a list containing given items.</doc>
<status status="PASS" start="2024-05-31T06:20:18.660484" elapsed="0.000175"/>
</kw>
<kw name="List Should Contain Value" owner="Collections">
<msg time="2024-05-31T06:20:18.661145" level="INFO">False</msg>
<arg>${allowed_titles}</arg>
<arg>${name_title}</arg>
<doc>Fails if the ``value`` is not found from ``list``.</doc>
<status status="PASS" start="2024-05-31T06:20:18.660969" elapsed="0.000212"/>
</kw>
<kw name="Set Variable" owner="BuiltIn">
<msg time="2024-05-31T06:20:18.662035" level="INFO">${name_country} = DE</msg>
<var>${name_country}</var>
<arg>${json_data["results"][0]["nat"]}</arg>
<doc>Returns the given values which can then be assigned to a variables.</doc>
<status status="PASS" start="2024-05-31T06:20:18.661479" elapsed="0.000582"/>
</kw>
<kw name="Create List" owner="BuiltIn">
<msg time="2024-05-31T06:20:18.663044" level="INFO">${list_country} = ['AD', 'AE', 'AF', 'AG', 'AI', 'AL', 'AM', 'AO', 'AQ', 'AR', 'AS', 'AT', 'AU', 'AW', 'AX', 'AZ', 'BA', 'BB', 'BD', 'BE', 'BF', 'BG', 'BH', 'BI', 'BJ', 'BL', 'BM', 'BN', 'BO', 'BQ', 'BR', 'BS', 'BT', '...</msg>
<var>${list_country}</var>
<arg>AD</arg>
<arg>AE</arg>
<arg>AF</arg>
<arg>AG</arg>
<arg>AI</arg>
<arg>AL</arg>
<arg>AM</arg>
<arg>AO</arg>
<arg>AQ</arg>
<arg>AR</arg>
<arg>AS</arg>
<arg>AT</arg>
<arg>AU</arg>
<arg>AW</arg>
<arg>AX</arg>
<arg>AZ</arg>
<arg>BA</arg>
<arg>BB</arg>
<arg>BD</arg>
<arg>BE</arg>
<arg>BF</arg>
<arg>BG</arg>
<arg>BH</arg>
<arg>BI</arg>
<arg>BJ</arg>
<arg>BL</arg>
<arg>BM</arg>
<arg>BN</arg>
<arg>BO</arg>
<arg>BQ</arg>
<arg>BR</arg>
<arg>BS</arg>
<arg>BT</arg>
<arg>BV</arg>
<arg>BW</arg>
<arg>BY</arg>
<arg>BZ</arg>
<arg>CA</arg>
<arg>CC</arg>
<arg>CD</arg>
<arg>CF</arg>
<arg>CG</arg>
<arg>CH</arg>
<arg>CI</arg>
<arg>CK</arg>
<arg>CL</arg>
<arg>CM</arg>
<arg>CN</arg>
<arg>CO</arg>
<arg>CR</arg>
<arg>CU</arg>
<arg>CV</arg>
<arg>CW</arg>
<arg>CX</arg>
<arg>CY</arg>
<arg>CZ</arg>
<arg>DE</arg>
<arg>DJ</arg>
<arg>DK</arg>
<arg>DM</arg>
<arg>DO</arg>
<arg>DZ</arg>
<arg>EC</arg>
<arg>EE</arg>
<arg>EG</arg>
<arg>EH</arg>
<arg>ER</arg>
<arg>ES</arg>
<arg>ET</arg>
<arg>FI</arg>
<arg>FJ</arg>
<arg>FK</arg>
<arg>FM</arg>
<arg>FO</arg>
<arg>FR</arg>
<arg>GA</arg>
<arg>GB</arg>
<arg>GD</arg>
<arg>GE</arg>
<arg>GF</arg>
<arg>GG</arg>
<arg>GH</arg>
<arg>GI</arg>
<arg>GL</arg>
<arg>GM</arg>
<arg>GN</arg>
<arg>GP</arg>
<arg>GQ</arg>
<arg>GR</arg>
<arg>GS</arg>
<arg>GT</arg>
<arg>GU</arg>
<arg>GW</arg>
<arg>GY</arg>
<arg>HK</arg>
<arg>HM</arg>
<arg>HN</arg>
<arg>HR</arg>
<arg>HT</arg>
<arg>HU</arg>
<arg>ID</arg>
<arg>IE</arg>
<arg>IL</arg>
<arg>IM</arg>
<arg>IN</arg>
<arg>IO</arg>
<arg>IQ</arg>
<arg>IR</arg>
<arg>IS</arg>
<arg>IT</arg>
<arg>JE</arg>
<arg>JM</arg>
<arg>JO</arg>
<arg>JP</arg>
<arg>KE</arg>
<arg>KG</arg>
<arg>KH</arg>
<arg>KI</arg>
<arg>KM</arg>
<arg>KN</arg>
<arg>KP</arg>
<arg>KR</arg>
<arg>KW</arg>
<arg>KY</arg>
<arg>KZ</arg>
<arg>LA</arg>
<arg>LB</arg>
<arg>LC</arg>
<arg>LI</arg>
<arg>LK</arg>
<arg>LR</arg>
<arg>LS</arg>
<arg>LT</arg>
<arg>LU</arg>
<arg>LV</arg>
<arg>LY</arg>
<arg>MA</arg>
<arg>MC</arg>
<arg>MD</arg>
<arg>ME</arg>
<arg>MF</arg>
<arg>MG</arg>
<arg>MH</arg>
<arg>MK</arg>
<arg>ML</arg>
<arg>MM</arg>
<arg>MN</arg>
<arg>MO</arg>
<arg>MP</arg>
<arg>MQ</arg>
<arg>MR</arg>
<arg>MS</arg>
<arg>MT</arg>
<arg>MU</arg>
<arg>MV</arg>
<arg>MW</arg>
<arg>MX</arg>
<arg>MY</arg>
<arg>MZ</arg>
<arg>NA</arg>
<arg>NC</arg>
<arg>NE</arg>
<arg>NF</arg>
<arg>NG</arg>
<arg>NI</arg>
<arg>NL</arg>
<arg>NO</arg>
<arg>NP</arg>
<arg>NR</arg>
<arg>NU</arg>
<arg>NZ</arg>
<arg>OM</arg>
<arg>PA</arg>
<arg>PE</arg>
<arg>PF</arg>
<arg>PG</arg>
<arg>PH</arg>
<arg>PK</arg>
<arg>PL</arg>
<arg>PM</arg>
<arg>PN</arg>
<arg>PR</arg>
<arg>PS</arg>
<arg>PT</arg>
<arg>PW</arg>
<arg>PY</arg>
<arg>QA</arg>
<arg>RE</arg>
<arg>RO</arg>
<arg>RS</arg>
<arg>RU</arg>
<arg>RW</arg>
<arg>SA</arg>
<arg>SB</arg>
<arg>SC</arg>
<arg>SD</arg>
<arg>SE</arg>
<arg>SG</arg>
<arg>SH</arg>
<arg>SI</arg>
<arg>SJ</arg>
<arg>SK</arg>
<arg>SL</arg>
<arg>SM</arg>
<arg>SN</arg>
<arg>SO</arg>
<arg>SR</arg>
<arg>SS</arg>
<arg>ST</arg>
<arg>SV</arg>
<arg>SX</arg>
<arg>SY</arg>
<arg>SZ</arg>
<arg>TC</arg>
<arg>TD</arg>
<arg>TF</arg>
<arg>TG</arg>
<arg>TH</arg>
<arg>TJ</arg>
<arg>TK</arg>
<arg>TL</arg>
<arg>TM</arg>
<arg>TN</arg>
<arg>TO</arg>
<arg>TR</arg>
<arg>TT</arg>
<arg>TV</arg>
<arg>TW</arg>
<arg>TZ</arg>
<arg>UA</arg>
<arg>UG</arg>
<arg>UM</arg>
<arg>US</arg>
<arg>UY</arg>
<arg>UZ</arg>
<arg>VA</arg>
<arg>VC</arg>
<arg>VE</arg>
<arg>VG</arg>
<arg>VI</arg>
<arg>VN</arg>
<arg>VU</arg>
<arg>WF</arg>
<arg>WS</arg>
<arg>XK</arg>
<arg>YE</arg>
<arg>YT</arg>
<arg>ZA</arg>
<arg>ZM</arg>
<arg>ZW</arg>
<doc>Returns a list containing given items.</doc>
<status status="PASS" start="2024-05-31T06:20:18.662370" elapsed="0.000701"/>
</kw>
<kw name="List Should Contain Value" owner="Collections">
<msg time="2024-05-31T06:20:18.664087" level="INFO">False</msg>
<arg>${list_country}</arg>
<arg>${name_country}</arg>
<doc>Fails if the ``value`` is not found from ``list``.</doc>
<status status="PASS" start="2024-05-31T06:20:18.663883" elapsed="0.000240"/>
</kw>
<kw name="Run Keyword If" owner="BuiltIn">
<kw name="Should Be True" owner="BuiltIn">
<arg>${True}</arg>
<doc>Fails if the given condition is not true.</doc>
<status status="PASS" start="2024-05-31T06:20:18.665181" elapsed="0.000142"/>
</kw>
<arg>${json_data["results"][0]["location"]["coordinates"]["latitude"]} &gt;= -90 and ${json_data["results"][0]["location"]["coordinates"]["latitude"]} &lt;= 90</arg>
<arg>Should Be True</arg>
<arg>${True}</arg>
<doc>Runs the given keyword with the given arguments, if ``condition`` is true.</doc>
<status status="PASS" start="2024-05-31T06:20:18.664439" elapsed="0.001010"/>
</kw>
<kw name="Run Keyword If" owner="BuiltIn">
<kw name="Should Be True" owner="BuiltIn">
<arg>${True}</arg>
<doc>Fails if the given condition is not true.</doc>
<status status="PASS" start="2024-05-31T06:20:18.666334" elapsed="0.000136"/>
</kw>
<arg>${json_data["results"][0]["location"]["coordinates"]["longitude"]} &gt;= -180 and ${json_data["results"][0]["location"]["coordinates"]["longitude"]} &lt;= 180</arg>
<arg>Should Be True</arg>
<arg>${True}</arg>
<doc>Runs the given keyword with the given arguments, if ``condition`` is true.</doc>
<status status="PASS" start="2024-05-31T06:20:18.665641" elapsed="0.000951"/>
</kw>
<status status="PASS" start="2024-05-31T06:20:18.567264" elapsed="0.099457"/>
</kw>
<doc>Testa o conteúdo específico dos campos retornados pela API.</doc>
<tag>testeConteudo</tag>
<status status="PASS" start="2024-05-31T06:20:18.566521" elapsed="0.100384"/>
</test>
<status status="PASS" start="2024-05-31T06:20:17.754737" elapsed="0.914149"/>
</suite>
<status status="PASS" start="2024-05-31T06:20:17.741274" elapsed="0.932833"/>
</suite>
<statistics>
<total>
<stat pass="5" fail="0" skip="0">All Tests</stat>
</total>
<tag>
<stat pass="1" fail="0" skip="0">testeConteudo</stat>
<stat pass="1" fail="0" skip="0">testeEstruturaResposta</stat>
<stat pass="1" fail="0" skip="0">testeRequisicaoBasica</stat>
<stat pass="1" fail="0" skip="0">testeTiposDados</stat>
</tag>
<suite>
<stat pass="5" fail="0" skip="0" id="s1" name="Tests">Tests</stat>
<stat pass="5" fail="0" skip="0" id="s1-s1" name="Random-User-Test">Tests.Random-User-Test</stat>
</suite>
</statistics>
<errors>
</errors>
</robot>
