<?xml version="1.0" encoding="UTF-8"?>
<robot generator="Robot 7.0 (Python 3.12.3 on linux)" generated="2024-04-22T20:15:04.355165" rpa="false" schemaversion="5">
<suite id="s1" name="Tests" source="/home/runner/work/DesafioQAItauRogerioJordao/DesafioQAItauRogerioJordao/RamdonUser/tests">
<suite id="s1-s1" name="Random-User-Test" source="/home/runner/work/DesafioQAItauRogerioJordao/DesafioQAItauRogerioJordao/RamdonUser/tests/random-user-test.robot">
<test id="s1-s1-t1" name="Conectar" line="13">
<kw name="Conectar API" owner="random-user-service">
<kw name="Create Session" owner="RequestsLibrary">
<msg time="2024-04-22T20:15:04.728285" level="INFO">Creating Session using : alias=consultarAPI, url=https://randomuser.me/, headers={},                     cookies={}, auth=None, timeout=None, proxies=None, verify=False,                     debug=0 </msg>
<arg>consultarAPI</arg>
<arg>${URL}</arg>
<doc>Create Session: create a HTTP session to a server</doc>
<status status="PASS" start="2024-04-22T20:15:04.728074" elapsed="0.000415"/>
</kw>
<status status="PASS" start="2024-04-22T20:15:04.727059" elapsed="0.001814"/>
</kw>
<status status="PASS" start="2024-04-22T20:15:04.726384" elapsed="0.002687"/>
</test>
<test id="s1-s1-t2" name="Validar retorno 200 e JSON Válido" line="16">
<kw name="Teste de Requisicao Basica" owner="random-user-service">
<kw name="GET On Session" owner="RequestsLibrary">
<msg time="2024-04-22T20:15:04.820154" level="INFO">GET Request : url=https://randomuser.me/api 
 path_url=/api 
 headers={'User-Agent': 'python-requests/2.31.0', 'Accept-Encoding': 'gzip, deflate', 'Accept': '*/*', 'Connection': 'keep-alive'} 
 body=None 
 </msg>
<msg time="2024-04-22T20:15:04.820315" level="INFO">GET Response : url=https://randomuser.me/api 
 status=200, reason=OK 
 headers={'Date': 'Mon, 22 Apr 2024 20:15:04 GMT', 'Content-Type': 'application/json; charset=utf-8', 'Transfer-Encoding': 'chunked', 'Connection': 'keep-alive', 'X-Powered-By': 'Express', 'Access-Control-Allow-Origin': '*', 'Cache-Control': 'no-cache', 'ETag': 'W/"493-CkDjirdA8fcERK7+VG0r52CS4Mg"', 'Vary': 'Accept-Encoding', 'Content-Encoding': 'gzip', 'CF-Cache-Status': 'DYNAMIC', 'Report-To': '{"endpoints":[{"url":"https:\\/\\/a.nel.cloudflare.com\\/report\\/v4?s=IMv8OL8Mh6E6uSOo2%2BpkJDAQ77Btx7v9Nm2mp07DSdJYMeFMGYllD%2FTNdpEsYGmm44t2LJuiBLRleItAzWQyn3oWI9Nxv9CjlGMPj8wPiWfYzCRnLntVCK3j1yrEcjWx"}],"group":"cf-nel","max_age":604800}', 'NEL': '{"success_fraction":0,"report_to":"cf-nel","max_age":604800}', 'Server': 'cloudflare', 'CF-RAY': '878848a6c9a32bab-ORD', 'alt-svc': 'h3=":443"; ma=86400'} 
 body={"results":[{"gender":"female","name":{"title":"Mrs","first":"Abby","last":"Shelton"},"location":{"street":{"number":2724,"name":"The Drive"},"city":"St Davids","state":"County Fermanagh","country":"United Kingdom","postcode":"VY03 8QQ","coordinates":{"latitude":"-5.3138","longitude":"89.6331"},"timezone":{"offset":"+9:30","description":"Adelaide, Darwin"}},"email":"abby.shelton@example.com","login":{"uuid":"0d9e4dc3-5726-4bda-b165-e8739750e5df","username":"greentiger567","password":"goaway","salt":"BjyTZNoe","md5":"9f0d2f21f727bc6369f715fbe632eeba","sha1":"ca822e334fa49310a07272829010c967696f9b47","sha256":"34a3ad22691b37e5bd1fe38d26c6544b4e9431e4a4c6f809afc4ebd6788b7025"},"dob":{"date":"1972-06-19T17:42:07.028Z","age":51},"registered":{"date":"2006-04-29T15:22:56.440Z","age":17},"phone":"019467 28365","cell":"07148 405307","id":{"name":"NINO","value":"ZZ 14 78 14 W"},"picture":{"large":"https://randomuser.me/api/portraits/women/56.jpg","medium":"https://randomuser.me/api/portraits/med/women/56.jpg","thumbnail":"https://randomuser.me/api/portraits/thumb/women/56.jpg"},"nat":"GB"}],"info":{"seed":"11729e0c370e3ee0","results":1,"page":1,"version":"1.4"}} 
 </msg>
<msg time="2024-04-22T20:15:04.820407" level="INFO">/opt/hostedtoolcache/Python/3.12.3/x64/lib/python3.12/site-packages/urllib3/connectionpool.py:1103: InsecureRequestWarning: Unverified HTTPS request is being made to host 'randomuser.me'. Adding certificate verification is strongly advised. See: https://urllib3.readthedocs.io/en/latest/advanced-usage.html#tls-warnings
  warnings.warn(</msg>
<msg time="2024-04-22T20:15:04.820568" level="INFO">${response} = &lt;Response [200]&gt;</msg>
<var>${response}</var>
<arg>consultarAPI</arg>
<arg>/api</arg>
<doc>Sends a GET request on a previously created HTTP Session.</doc>
<status status="PASS" start="2024-04-22T20:15:04.731785" elapsed="0.088832"/>
</kw>
<kw name="Should Be Equal As Numbers" owner="BuiltIn">
<msg time="2024-04-22T20:15:04.821849" level="INFO">Argument types are:
&lt;class 'int'&gt;
&lt;class 'str'&gt;</msg>
<arg>${response.status_code}</arg>
<arg>200</arg>
<doc>Fails if objects are unequal after converting them to real numbers.</doc>
<status status="PASS" start="2024-04-22T20:15:04.821332" elapsed="0.000588"/>
</kw>
<kw name="Log" owner="BuiltIn">
<msg time="2024-04-22T20:15:04.822727" level="INFO">200</msg>
<arg>${response.status_code}</arg>
<doc>Logs the given message with the given level.</doc>
<status status="PASS" start="2024-04-22T20:15:04.822334" elapsed="0.000438"/>
</kw>
<kw name="Set Variable" owner="BuiltIn">
<msg time="2024-04-22T20:15:04.823596" level="INFO">${json_data} = {'results': [{'gender': 'female', 'name': {'title': 'Mrs', 'first': 'Abby', 'last': 'Shelton'}, 'location': {'street': {'number': 2724, 'name': 'The Drive'}, 'city': 'St Davids', 'state': 'County Ferm...</msg>
<var>${json_data}</var>
<arg>${response.json()}</arg>
<doc>Returns the given values which can then be assigned to a variables.</doc>
<status status="PASS" start="2024-04-22T20:15:04.823141" elapsed="0.000484"/>
</kw>
<kw name="Dictionary Should Contain Key" owner="Collections">
<msg time="2024-04-22T20:15:04.824119" level="INFO">False</msg>
<arg>${json_data}</arg>
<arg>results</arg>
<doc>Fails if ``key`` is not found from ``dictionary``.</doc>
<status status="PASS" start="2024-04-22T20:15:04.823941" elapsed="0.000219"/>
</kw>
<status status="PASS" start="2024-04-22T20:15:04.731538" elapsed="0.092886"/>
</kw>
<doc>Testa se a API responde corretamente e retorna um objeto JSON válido.</doc>
<tag>testeRequisicaoBasica</tag>
<status status="PASS" start="2024-04-22T20:15:04.730977" elapsed="0.093640"/>
</test>
<test id="s1-s1-t3" name="Validar estrutura de resposta" line="22">
<kw name="Teste de Estrutura de Resposta" owner="random-user-service">
<kw name="GET On Session" owner="RequestsLibrary">
<msg time="2024-04-22T20:15:04.921042" level="INFO">GET Request : url=https://randomuser.me/api 
 path_url=/api 
 headers={'User-Agent': 'python-requests/2.31.0', 'Accept-Encoding': 'gzip, deflate', 'Accept': '*/*', 'Connection': 'keep-alive'} 
 body=None 
 </msg>
<msg time="2024-04-22T20:15:04.921148" level="INFO">GET Response : url=https://randomuser.me/api 
 status=200, reason=OK 
 headers={'Date': 'Mon, 22 Apr 2024 20:15:04 GMT', 'Content-Type': 'application/json; charset=utf-8', 'Transfer-Encoding': 'chunked', 'Connection': 'keep-alive', 'X-Powered-By': 'Express', 'Access-Control-Allow-Origin': '*', 'Cache-Control': 'no-cache', 'ETag': 'W/"47d-aghq+B2mnFTFixka+3Op2zFHmJw"', 'Vary': 'Accept-Encoding', 'Content-Encoding': 'gzip', 'CF-Cache-Status': 'DYNAMIC', 'Report-To': '{"endpoints":[{"url":"https:\\/\\/a.nel.cloudflare.com\\/report\\/v4?s=Pdn8uG468FE%2BNSNsnAllBj3TzC7JNqkuPPOqMuknnVcXbhadCsH4RQMJQLVf03KvXTKIr%2FVvzELnMFtVbwjfo3CibMrbwSZn9w6ffn0GQAELwmqCYYCmd4Uocj%2B6k2hW"}],"group":"cf-nel","max_age":604800}', 'NEL': '{"success_fraction":0,"report_to":"cf-nel","max_age":604800}', 'Server': 'cloudflare', 'CF-RAY': '878848a72a122bab-ORD', 'alt-svc': 'h3=":443"; ma=86400'} 
 body={"results":[{"gender":"female","name":{"title":"Ms","first":"Erika","last":"Van Zee"},"location":{"street":{"number":3798,"name":"Cimarosastraat"},"city":"Koudum","state":"Gelderland","country":"Netherlands","postcode":"1163 VV","coordinates":{"latitude":"34.9863","longitude":"95.4347"},"timezone":{"offset":"-10:00","description":"Hawaii"}},"email":"erika.vanzee@example.com","login":{"uuid":"4ee16474-be3d-42f4-bbed-f9d77ee33d53","username":"smallzebra625","password":"tyler","salt":"5n1k9s8R","md5":"5bf611df8e07e65486a3ea04846c89be","sha1":"3fe53028885fbb00a201f5e2d69a823c4ed573ed","sha256":"9cfe146dc986039c043baa538bf70efd330b7093a73ee9d3375885c47ad1becc"},"dob":{"date":"1994-02-05T19:52:45.440Z","age":30},"registered":{"date":"2011-11-30T09:01:37.874Z","age":12},"phone":"(0941) 640744","cell":"(06) 25759926","id":{"name":"BSN","value":"87034757"},"picture":{"large":"https://randomuser.me/api/portraits/women/46.jpg","medium":"https://randomuser.me/api/portraits/med/women/46.jpg","thumbnail":"https://randomuser.me/api/portraits/thumb/women/46.jpg"},"nat":"NL"}],"info":{"seed":"20e55fe8df4de7df","results":1,"page":1,"version":"1.4"}} 
 </msg>
<msg time="2024-04-22T20:15:04.921289" level="INFO">/opt/hostedtoolcache/Python/3.12.3/x64/lib/python3.12/site-packages/urllib3/connectionpool.py:1103: InsecureRequestWarning: Unverified HTTPS request is being made to host 'randomuser.me'. Adding certificate verification is strongly advised. See: https://urllib3.readthedocs.io/en/latest/advanced-usage.html#tls-warnings
  warnings.warn(</msg>
<msg time="2024-04-22T20:15:04.921418" level="INFO">${response} = &lt;Response [200]&gt;</msg>
<var>${response}</var>
<arg>consultarAPI</arg>
<arg>/api</arg>
<doc>Sends a GET request on a previously created HTTP Session.</doc>
<status status="PASS" start="2024-04-22T20:15:04.827459" elapsed="0.093991"/>
</kw>
<kw name="Set Variable" owner="BuiltIn">
<msg time="2024-04-22T20:15:04.922558" level="INFO">${json_data} = {'results': [{'gender': 'female', 'name': {'title': 'Ms', 'first': 'Erika', 'last': 'Van Zee'}, 'location': {'street': {'number': 3798, 'name': 'Cimarosastraat'}, 'city': 'Koudum', 'state': 'Gelderlan...</msg>
<var>${json_data}</var>
<arg>${response.json()}</arg>
<doc>Returns the given values which can then be assigned to a variables.</doc>
<status status="PASS" start="2024-04-22T20:15:04.922003" elapsed="0.000585"/>
</kw>
<kw name="Log" owner="BuiltIn">
<msg time="2024-04-22T20:15:04.923166" level="INFO">{'results': [{'gender': 'female', 'name': {'title': 'Ms', 'first': 'Erika', 'last': 'Van Zee'}, 'location': {'street': {'number': 3798, 'name': 'Cimarosastraat'}, 'city': 'Koudum', 'state': 'Gelderland', 'country': 'Netherlands', 'postcode': '1163 VV', 'coordinates': {'latitude': '34.9863', 'longitude': '95.4347'}, 'timezone': {'offset': '-10:00', 'description': 'Hawaii'}}, 'email': 'erika.vanzee@example.com', 'login': {'uuid': '4ee16474-be3d-42f4-bbed-f9d77ee33d53', 'username': 'smallzebra625', 'password': 'tyler', 'salt': '5n1k9s8R', 'md5': '5bf611df8e07e65486a3ea04846c89be', 'sha1': '3fe53028885fbb00a201f5e2d69a823c4ed573ed', 'sha256': '9cfe146dc986039c043baa538bf70efd330b7093a73ee9d3375885c47ad1becc'}, 'dob': {'date': '1994-02-05T19:52:45.440Z', 'age': 30}, 'registered': {'date': '2011-11-30T09:01:37.874Z', 'age': 12}, 'phone': '(0941) 640744', 'cell': '(06) 25759926', 'id': {'name': 'BSN', 'value': '87034757'}, 'picture': {'large': 'https://randomuser.me/api/portraits/women/46.jpg', 'medium': 'https://randomuser.me/api/portraits/med/women/46.jpg', 'thumbnail': 'https://randomuser.me/api/portraits/thumb/women/46.jpg'}, 'nat': 'NL'}], 'info': {'seed': '20e55fe8df4de7df', 'results': 1, 'page': 1, 'version': '1.4'}}</msg>
<arg>${json_data}</arg>
<doc>Logs the given message with the given level.</doc>
<status status="PASS" start="2024-04-22T20:15:04.922936" elapsed="0.000282"/>
</kw>
<kw name="Dictionary Should Contain Key" owner="Collections">
<msg time="2024-04-22T20:15:04.923700" level="INFO">False</msg>
<arg>${json_data}</arg>
<arg>results</arg>
<doc>Fails if ``key`` is not found from ``dictionary``.</doc>
<status status="PASS" start="2024-04-22T20:15:04.923531" elapsed="0.000207"/>
</kw>
<kw name="Should Not Be Empty" owner="BuiltIn">
<msg time="2024-04-22T20:15:04.924176" level="INFO">Length is 2.</msg>
<arg>${json_data}</arg>
<doc>Verifies that the given item is not empty.</doc>
<status status="PASS" start="2024-04-22T20:15:04.924034" elapsed="0.000371"/>
</kw>
<kw name="Create List" owner="BuiltIn">
<msg time="2024-04-22T20:15:04.924863" level="INFO">${expected_keys} = ['gender', 'name', 'location', 'email', 'login']</msg>
<var>${expected_keys}</var>
<arg>gender</arg>
<arg>name</arg>
<arg>location</arg>
<arg>email</arg>
<arg>login</arg>
<doc>Returns a list containing given items.</doc>
<status status="PASS" start="2024-04-22T20:15:04.924705" elapsed="0.000183"/>
</kw>
<for flavor="IN">
<iter>
<kw name="Dictionary Should Contain Key" owner="Collections">
<msg time="2024-04-22T20:15:04.925913" level="INFO">False</msg>
<arg>${json_data['results'][0]}</arg>
<arg>${key}</arg>
<doc>Fails if ``key`` is not found from ``dictionary``.</doc>
<status status="PASS" start="2024-04-22T20:15:04.925491" elapsed="0.000462"/>
</kw>
<kw name="Log" owner="BuiltIn">
<msg time="2024-04-22T20:15:04.926638" level="INFO">{'gender': 'female', 'name': {'title': 'Ms', 'first': 'Erika', 'last': 'Van Zee'}, 'location': {'street': {'number': 3798, 'name': 'Cimarosastraat'}, 'city': 'Koudum', 'state': 'Gelderland', 'country': 'Netherlands', 'postcode': '1163 VV', 'coordinates': {'latitude': '34.9863', 'longitude': '95.4347'}, 'timezone': {'offset': '-10:00', 'description': 'Hawaii'}}, 'email': 'erika.vanzee@example.com', 'login': {'uuid': '4ee16474-be3d-42f4-bbed-f9d77ee33d53', 'username': 'smallzebra625', 'password': 'tyler', 'salt': '5n1k9s8R', 'md5': '5bf611df8e07e65486a3ea04846c89be', 'sha1': '3fe53028885fbb00a201f5e2d69a823c4ed573ed', 'sha256': '9cfe146dc986039c043baa538bf70efd330b7093a73ee9d3375885c47ad1becc'}, 'dob': {'date': '1994-02-05T19:52:45.440Z', 'age': 30}, 'registered': {'date': '2011-11-30T09:01:37.874Z', 'age': 12}, 'phone': '(0941) 640744', 'cell': '(06) 25759926', 'id': {'name': 'BSN', 'value': '87034757'}, 'picture': {'large': 'https://randomuser.me/api/portraits/women/46.jpg', 'medium': 'https://randomuser.me/api/portraits/med/women/46.jpg', 'thumbnail': 'https://randomuser.me/api/portraits/thumb/women/46.jpg'}, 'nat': 'NL'}</msg>
<arg>${json_data['results'][0]}</arg>
<doc>Logs the given message with the given level.</doc>
<status status="PASS" start="2024-04-22T20:15:04.926262" elapsed="0.000425"/>
</kw>
<kw name="Log" owner="BuiltIn">
<msg time="2024-04-22T20:15:04.927145" level="INFO">gender</msg>
<arg>${key}</arg>
<doc>Logs the given message with the given level.</doc>
<status status="PASS" start="2024-04-22T20:15:04.926986" elapsed="0.000197"/>
</kw>
<var name="${key}">gender</var>
<status status="PASS" start="2024-04-22T20:15:04.925361" elapsed="0.002039"/>
</iter>
<iter>
<kw name="Dictionary Should Contain Key" owner="Collections">
<msg time="2024-04-22T20:15:04.928095" level="INFO">False</msg>
<arg>${json_data['results'][0]}</arg>
<arg>${key}</arg>
<doc>Fails if ``key`` is not found from ``dictionary``.</doc>
<status status="PASS" start="2024-04-22T20:15:04.927708" elapsed="0.000425"/>
</kw>
<kw name="Log" owner="BuiltIn">
<msg time="2024-04-22T20:15:04.928823" level="INFO">{'gender': 'female', 'name': {'title': 'Ms', 'first': 'Erika', 'last': 'Van Zee'}, 'location': {'street': {'number': 3798, 'name': 'Cimarosastraat'}, 'city': 'Koudum', 'state': 'Gelderland', 'country': 'Netherlands', 'postcode': '1163 VV', 'coordinates': {'latitude': '34.9863', 'longitude': '95.4347'}, 'timezone': {'offset': '-10:00', 'description': 'Hawaii'}}, 'email': 'erika.vanzee@example.com', 'login': {'uuid': '4ee16474-be3d-42f4-bbed-f9d77ee33d53', 'username': 'smallzebra625', 'password': 'tyler', 'salt': '5n1k9s8R', 'md5': '5bf611df8e07e65486a3ea04846c89be', 'sha1': '3fe53028885fbb00a201f5e2d69a823c4ed573ed', 'sha256': '9cfe146dc986039c043baa538bf70efd330b7093a73ee9d3375885c47ad1becc'}, 'dob': {'date': '1994-02-05T19:52:45.440Z', 'age': 30}, 'registered': {'date': '2011-11-30T09:01:37.874Z', 'age': 12}, 'phone': '(0941) 640744', 'cell': '(06) 25759926', 'id': {'name': 'BSN', 'value': '87034757'}, 'picture': {'large': 'https://randomuser.me/api/portraits/women/46.jpg', 'medium': 'https://randomuser.me/api/portraits/med/women/46.jpg', 'thumbnail': 'https://randomuser.me/api/portraits/thumb/women/46.jpg'}, 'nat': 'NL'}</msg>
<arg>${json_data['results'][0]}</arg>
<doc>Logs the given message with the given level.</doc>
<status status="PASS" start="2024-04-22T20:15:04.928457" elapsed="0.000415"/>
</kw>
<kw name="Log" owner="BuiltIn">
<msg time="2024-04-22T20:15:04.929297" level="INFO">name</msg>
<arg>${key}</arg>
<doc>Logs the given message with the given level.</doc>
<status status="PASS" start="2024-04-22T20:15:04.929171" elapsed="0.000165"/>
</kw>
<var name="${key}">name</var>
<status status="PASS" start="2024-04-22T20:15:04.927593" elapsed="0.001961"/>
</iter>
<iter>
<kw name="Dictionary Should Contain Key" owner="Collections">
<msg time="2024-04-22T20:15:04.930233" level="INFO">False</msg>
<arg>${json_data['results'][0]}</arg>
<arg>${key}</arg>
<doc>Fails if ``key`` is not found from ``dictionary``.</doc>
<status status="PASS" start="2024-04-22T20:15:04.929846" elapsed="0.000424"/>
</kw>
<kw name="Log" owner="BuiltIn">
<msg time="2024-04-22T20:15:04.930930" level="INFO">{'gender': 'female', 'name': {'title': 'Ms', 'first': 'Erika', 'last': 'Van Zee'}, 'location': {'street': {'number': 3798, 'name': 'Cimarosastraat'}, 'city': 'Koudum', 'state': 'Gelderland', 'country': 'Netherlands', 'postcode': '1163 VV', 'coordinates': {'latitude': '34.9863', 'longitude': '95.4347'}, 'timezone': {'offset': '-10:00', 'description': 'Hawaii'}}, 'email': 'erika.vanzee@example.com', 'login': {'uuid': '4ee16474-be3d-42f4-bbed-f9d77ee33d53', 'username': 'smallzebra625', 'password': 'tyler', 'salt': '5n1k9s8R', 'md5': '5bf611df8e07e65486a3ea04846c89be', 'sha1': '3fe53028885fbb00a201f5e2d69a823c4ed573ed', 'sha256': '9cfe146dc986039c043baa538bf70efd330b7093a73ee9d3375885c47ad1becc'}, 'dob': {'date': '1994-02-05T19:52:45.440Z', 'age': 30}, 'registered': {'date': '2011-11-30T09:01:37.874Z', 'age': 12}, 'phone': '(0941) 640744', 'cell': '(06) 25759926', 'id': {'name': 'BSN', 'value': '87034757'}, 'picture': {'large': 'https://randomuser.me/api/portraits/women/46.jpg', 'medium': 'https://randomuser.me/api/portraits/med/women/46.jpg', 'thumbnail': 'https://randomuser.me/api/portraits/thumb/women/46.jpg'}, 'nat': 'NL'}</msg>
<arg>${json_data['results'][0]}</arg>
<doc>Logs the given message with the given level.</doc>
<status status="PASS" start="2024-04-22T20:15:04.930574" elapsed="0.000403"/>
</kw>
<kw name="Log" owner="BuiltIn">
<msg time="2024-04-22T20:15:04.931424" level="INFO">location</msg>
<arg>${key}</arg>
<doc>Logs the given message with the given level.</doc>
<status status="PASS" start="2024-04-22T20:15:04.931300" elapsed="0.000163"/>
</kw>
<var name="${key}">location</var>
<status status="PASS" start="2024-04-22T20:15:04.929736" elapsed="0.001938"/>
</iter>
<iter>
<kw name="Dictionary Should Contain Key" owner="Collections">
<msg time="2024-04-22T20:15:04.932339" level="INFO">False</msg>
<arg>${json_data['results'][0]}</arg>
<arg>${key}</arg>
<doc>Fails if ``key`` is not found from ``dictionary``.</doc>
<status status="PASS" start="2024-04-22T20:15:04.931953" elapsed="0.000423"/>
</kw>
<kw name="Log" owner="BuiltIn">
<msg time="2024-04-22T20:15:04.933055" level="INFO">{'gender': 'female', 'name': {'title': 'Ms', 'first': 'Erika', 'last': 'Van Zee'}, 'location': {'street': {'number': 3798, 'name': 'Cimarosastraat'}, 'city': 'Koudum', 'state': 'Gelderland', 'country': 'Netherlands', 'postcode': '1163 VV', 'coordinates': {'latitude': '34.9863', 'longitude': '95.4347'}, 'timezone': {'offset': '-10:00', 'description': 'Hawaii'}}, 'email': 'erika.vanzee@example.com', 'login': {'uuid': '4ee16474-be3d-42f4-bbed-f9d77ee33d53', 'username': 'smallzebra625', 'password': 'tyler', 'salt': '5n1k9s8R', 'md5': '5bf611df8e07e65486a3ea04846c89be', 'sha1': '3fe53028885fbb00a201f5e2d69a823c4ed573ed', 'sha256': '9cfe146dc986039c043baa538bf70efd330b7093a73ee9d3375885c47ad1becc'}, 'dob': {'date': '1994-02-05T19:52:45.440Z', 'age': 30}, 'registered': {'date': '2011-11-30T09:01:37.874Z', 'age': 12}, 'phone': '(0941) 640744', 'cell': '(06) 25759926', 'id': {'name': 'BSN', 'value': '87034757'}, 'picture': {'large': 'https://randomuser.me/api/portraits/women/46.jpg', 'medium': 'https://randomuser.me/api/portraits/med/women/46.jpg', 'thumbnail': 'https://randomuser.me/api/portraits/thumb/women/46.jpg'}, 'nat': 'NL'}</msg>
<arg>${json_data['results'][0]}</arg>
<doc>Logs the given message with the given level.</doc>
<status status="PASS" start="2024-04-22T20:15:04.932674" elapsed="0.000447"/>
</kw>
<kw name="Log" owner="BuiltIn">
<msg time="2024-04-22T20:15:04.933548" level="INFO">email</msg>
<arg>${key}</arg>
<doc>Logs the given message with the given level.</doc>
<status status="PASS" start="2024-04-22T20:15:04.933421" elapsed="0.000164"/>
</kw>
<var name="${key}">email</var>
<status status="PASS" start="2024-04-22T20:15:04.931845" elapsed="0.001956"/>
</iter>
<iter>
<kw name="Dictionary Should Contain Key" owner="Collections">
<msg time="2024-04-22T20:15:04.934480" level="INFO">False</msg>
<arg>${json_data['results'][0]}</arg>
<arg>${key}</arg>
<doc>Fails if ``key`` is not found from ``dictionary``.</doc>
<status status="PASS" start="2024-04-22T20:15:04.934092" elapsed="0.000424"/>
</kw>
<kw name="Log" owner="BuiltIn">
<msg time="2024-04-22T20:15:04.935202" level="INFO">{'gender': 'female', 'name': {'title': 'Ms', 'first': 'Erika', 'last': 'Van Zee'}, 'location': {'street': {'number': 3798, 'name': 'Cimarosastraat'}, 'city': 'Koudum', 'state': 'Gelderland', 'country': 'Netherlands', 'postcode': '1163 VV', 'coordinates': {'latitude': '34.9863', 'longitude': '95.4347'}, 'timezone': {'offset': '-10:00', 'description': 'Hawaii'}}, 'email': 'erika.vanzee@example.com', 'login': {'uuid': '4ee16474-be3d-42f4-bbed-f9d77ee33d53', 'username': 'smallzebra625', 'password': 'tyler', 'salt': '5n1k9s8R', 'md5': '5bf611df8e07e65486a3ea04846c89be', 'sha1': '3fe53028885fbb00a201f5e2d69a823c4ed573ed', 'sha256': '9cfe146dc986039c043baa538bf70efd330b7093a73ee9d3375885c47ad1becc'}, 'dob': {'date': '1994-02-05T19:52:45.440Z', 'age': 30}, 'registered': {'date': '2011-11-30T09:01:37.874Z', 'age': 12}, 'phone': '(0941) 640744', 'cell': '(06) 25759926', 'id': {'name': 'BSN', 'value': '87034757'}, 'picture': {'large': 'https://randomuser.me/api/portraits/women/46.jpg', 'medium': 'https://randomuser.me/api/portraits/med/women/46.jpg', 'thumbnail': 'https://randomuser.me/api/portraits/thumb/women/46.jpg'}, 'nat': 'NL'}</msg>
<arg>${json_data['results'][0]}</arg>
<doc>Logs the given message with the given level.</doc>
<status status="PASS" start="2024-04-22T20:15:04.934810" elapsed="0.000450"/>
</kw>
<kw name="Log" owner="BuiltIn">
<msg time="2024-04-22T20:15:04.935691" level="INFO">login</msg>
<arg>${key}</arg>
<doc>Logs the given message with the given level.</doc>
<status status="PASS" start="2024-04-22T20:15:04.935561" elapsed="0.000166"/>
</kw>
<var name="${key}">login</var>
<status status="PASS" start="2024-04-22T20:15:04.933984" elapsed="0.001962"/>
</iter>
<var>${key}</var>
<value>@{expected_keys}</value>
<status status="PASS" start="2024-04-22T20:15:04.925158" elapsed="0.010937"/>
</for>
<kw name="Create List" owner="BuiltIn">
<msg time="2024-04-22T20:15:04.936440" level="INFO">${expected_keysTwo} = ['username', 'password']</msg>
<var>${expected_keysTwo}</var>
<arg>username</arg>
<arg>password</arg>
<doc>Returns a list containing given items.</doc>
<status status="PASS" start="2024-04-22T20:15:04.936300" elapsed="0.000163"/>
</kw>
<for flavor="IN">
<iter>
<kw name="Dictionary Should Contain Key" owner="Collections">
<msg time="2024-04-22T20:15:04.937364" level="INFO">False</msg>
<arg>${json_data['results'][0]['login']}</arg>
<arg>${keyTwo}</arg>
<doc>Fails if ``key`` is not found from ``dictionary``.</doc>
<status status="PASS" start="2024-04-22T20:15:04.936974" elapsed="0.000427"/>
</kw>
<kw name="Dictionary Should Contain Key" owner="Collections">
<msg time="2024-04-22T20:15:04.938084" level="INFO">False</msg>
<arg>${json_data['results'][0]['login']}</arg>
<arg>${keyTwo}</arg>
<doc>Fails if ``key`` is not found from ``dictionary``.</doc>
<status status="PASS" start="2024-04-22T20:15:04.937696" elapsed="0.000425"/>
</kw>
<kw name="Log" owner="BuiltIn">
<msg time="2024-04-22T20:15:04.938541" level="INFO">username</msg>
<arg>${keyTwo}</arg>
<doc>Logs the given message with the given level.</doc>
<status status="PASS" start="2024-04-22T20:15:04.938413" elapsed="0.000169"/>
</kw>
<var name="${keyTwo}">username</var>
<status status="PASS" start="2024-04-22T20:15:04.936864" elapsed="0.001934"/>
</iter>
<iter>
<kw name="Dictionary Should Contain Key" owner="Collections">
<msg time="2024-04-22T20:15:04.939594" level="INFO">False</msg>
<arg>${json_data['results'][0]['login']}</arg>
<arg>${keyTwo}</arg>
<doc>Fails if ``key`` is not found from ``dictionary``.</doc>
<status status="PASS" start="2024-04-22T20:15:04.939103" elapsed="0.000535"/>
</kw>
<kw name="Dictionary Should Contain Key" owner="Collections">
<msg time="2024-04-22T20:15:04.940323" level="INFO">False</msg>
<arg>${json_data['results'][0]['login']}</arg>
<arg>${keyTwo}</arg>
<doc>Fails if ``key`` is not found from ``dictionary``.</doc>
<status status="PASS" start="2024-04-22T20:15:04.939941" elapsed="0.000419"/>
</kw>
<kw name="Log" owner="BuiltIn">
<msg time="2024-04-22T20:15:04.940778" level="INFO">password</msg>
<arg>${keyTwo}</arg>
<doc>Logs the given message with the given level.</doc>
<status status="PASS" start="2024-04-22T20:15:04.940653" elapsed="0.000161"/>
</kw>
<var name="${keyTwo}">password</var>
<status status="PASS" start="2024-04-22T20:15:04.938969" elapsed="0.002061"/>
</iter>
<var>${keyTwo}</var>
<value>@{expected_keysTwo}</value>
<status status="PASS" start="2024-04-22T20:15:04.936704" elapsed="0.004449"/>
</for>
<status status="PASS" start="2024-04-22T20:15:04.827207" elapsed="0.114094"/>
</kw>
<doc>Testa a estrutura da resposta da API.</doc>
<tag>testeEstruturaResposta</tag>
<status status="PASS" start="2024-04-22T20:15:04.826517" elapsed="0.114949"/>
</test>
<test id="s1-s1-t4" name="Validar tipos de dados" line="28">
<kw name="Teste de Tipos de Dados" owner="random-user-service">
<kw name="GET On Session" owner="RequestsLibrary">
<msg time="2024-04-22T20:15:05.032555" level="INFO">GET Request : url=https://randomuser.me/api 
 path_url=/api 
 headers={'User-Agent': 'python-requests/2.31.0', 'Accept-Encoding': 'gzip, deflate', 'Accept': '*/*', 'Connection': 'keep-alive'} 
 body=None 
 </msg>
<msg time="2024-04-22T20:15:05.032661" level="INFO">GET Response : url=https://randomuser.me/api 
 status=200, reason=OK 
 headers={'Date': 'Mon, 22 Apr 2024 20:15:05 GMT', 'Content-Type': 'application/json; charset=utf-8', 'Transfer-Encoding': 'chunked', 'Connection': 'keep-alive', 'X-Powered-By': 'Express', 'Access-Control-Allow-Origin': '*', 'Cache-Control': 'no-cache', 'ETag': 'W/"4ae-gLtiPZYJSk3llBeEmLA149NNuY0"', 'Vary': 'Accept-Encoding', 'Content-Encoding': 'gzip', 'CF-Cache-Status': 'DYNAMIC', 'Report-To': '{"endpoints":[{"url":"https:\\/\\/a.nel.cloudflare.com\\/report\\/v4?s=F33DdjO6DkjowhuqTtIwARgjopQZc4iniwNct5Q1PvKcsdZgHXgT%2BD6rJD6Yj6ZGYSyfjNQEGmSakWec8aS8qEdS4B42xXOjDUHKRJxdV3REZLBdhtyZgiPay%2BCv1yUx"}],"group":"cf-nel","max_age":604800}', 'NEL': '{"success_fraction":0,"report_to":"cf-nel","max_age":604800}', 'Server': 'cloudflare', 'CF-RAY': '878848a7eaeb2bab-ORD', 'alt-svc': 'h3=":443"; ma=86400'} 
 body={"results":[{"gender":"female","name":{"title":"Ms","first":"آدرینا","last":"علیزاده"},"location":{"street":{"number":1132,"name":"مقدس اردبیلی"},"city":"نجف‌آباد","state":"کهگیلویه و بویراحمد","country":"Iran","postcode":92606,"coordinates":{"latitude":"15.4678","longitude":"127.9781"},"timezone":{"offset":"-3:30","description":"Newfoundland"}},"email":"adryn.aalyzdh@example.com","login":{"uuid":"07c419ce-ea1f-474c-a184-6bcf9a08ec15","username":"goldengorilla769","password":"legend","salt":"Nh0DqVzf","md5":"032b07f011cc661aa6e7377469c73370","sha1":"f4fa5d70b0416769afd7829b8caa7b0f18a0356c","sha256":"00cd03944ed5949670d754c527673e84dc5b735d047c0a789483f0529a303f9c"},"dob":{"date":"1988-06-11T09:40:15.505Z","age":35},"registered":{"date":"2021-09-16T12:02:55.341Z","age":2},"phone":"060-58713926","cell":"0931-144-4160","id":{"name":"","value":null},"picture":{"large":"https://randomuser.me/api/portraits/women/56.jpg","medium":"https://randomuser.me/api/portraits/med/women/56.jpg","thumbnail":"https://randomuser.me/api/portraits/thumb/women/56.jpg"},"nat":"IR"}],"info":{"seed":"ab1cc0f8b7211df0","results":1,"page":1,"version":"1.4"}} 
 </msg>
<msg time="2024-04-22T20:15:05.032741" level="INFO">/opt/hostedtoolcache/Python/3.12.3/x64/lib/python3.12/site-packages/urllib3/connectionpool.py:1103: InsecureRequestWarning: Unverified HTTPS request is being made to host 'randomuser.me'. Adding certificate verification is strongly advised. See: https://urllib3.readthedocs.io/en/latest/advanced-usage.html#tls-warnings
  warnings.warn(</msg>
<msg time="2024-04-22T20:15:05.032875" level="INFO">${response} = &lt;Response [200]&gt;</msg>
<var>${response}</var>
<arg>consultarAPI</arg>
<arg>/api</arg>
<doc>Sends a GET request on a previously created HTTP Session.</doc>
<status status="PASS" start="2024-04-22T20:15:04.943986" elapsed="0.088932"/>
</kw>
<kw name="Set Variable" owner="BuiltIn">
<msg time="2024-04-22T20:15:05.034245" level="INFO">${json_data} = {'results': [{'gender': 'female', 'name': {'title': 'Ms', 'first': 'آدرینا', 'last': 'علیزاده'}, 'location': {'street': {'number': 1132, 'name': 'مقدس اردبیلی'}, 'city': 'نجف\u200cآباد', 'state': 'کهگ...</msg>
<var>${json_data}</var>
<arg>${response.json()}</arg>
<doc>Returns the given values which can then be assigned to a variables.</doc>
<status status="PASS" start="2024-04-22T20:15:05.033624" elapsed="0.000653"/>
</kw>
<kw name="Log" owner="BuiltIn">
<msg time="2024-04-22T20:15:05.034825" level="INFO">{'results': [{'gender': 'female', 'name': {'title': 'Ms', 'first': 'آدرینا', 'last': 'علیزاده'}, 'location': {'street': {'number': 1132, 'name': 'مقدس اردبیلی'}, 'city': 'نجف\u200cآباد', 'state': 'کهگیلویه و بویراحمد', 'country': 'Iran', 'postcode': 92606, 'coordinates': {'latitude': '15.4678', 'longitude': '127.9781'}, 'timezone': {'offset': '-3:30', 'description': 'Newfoundland'}}, 'email': 'adryn.aalyzdh@example.com', 'login': {'uuid': '07c419ce-ea1f-474c-a184-6bcf9a08ec15', 'username': 'goldengorilla769', 'password': 'legend', 'salt': 'Nh0DqVzf', 'md5': '032b07f011cc661aa6e7377469c73370', 'sha1': 'f4fa5d70b0416769afd7829b8caa7b0f18a0356c', 'sha256': '00cd03944ed5949670d754c527673e84dc5b735d047c0a789483f0529a303f9c'}, 'dob': {'date': '1988-06-11T09:40:15.505Z', 'age': 35}, 'registered': {'date': '2021-09-16T12:02:55.341Z', 'age': 2}, 'phone': '060-58713926', 'cell': '0931-144-4160', 'id': {'name': '', 'value': None}, 'picture': {'large': 'https://randomuser.me/api/portraits/women/56.jpg', 'medium': 'https://randomuser.me/api/portraits/med/women/56.jpg', 'thumbnail': 'https://randomuser.me/api/portraits/thumb/women/56.jpg'}, 'nat': 'IR'}], 'info': {'seed': 'ab1cc0f8b7211df0', 'results': 1, 'page': 1, 'version': '1.4'}}</msg>
<arg>${json_data}</arg>
<doc>Logs the given message with the given level.</doc>
<status status="PASS" start="2024-04-22T20:15:05.034647" elapsed="0.000269"/>
</kw>
<kw name="Should Be String" owner="String">
<arg>${json_data['results'][0]['gender']}</arg>
<doc>Fails if the given ``item`` is not a string.</doc>
<status status="PASS" start="2024-04-22T20:15:05.035291" elapsed="0.000399"/>
</kw>
<kw name="Should Match Regexp" owner="BuiltIn">
<arg>${json_data['results'][0]['email']}</arg>
<arg>^[a-zA-Z0-9._%+-]+@[a-zA-Z0-9.-]+\.[a-zA-Z]{2,}$</arg>
<doc>Fails if ``string`` does not match ``pattern`` as a regular expression.</doc>
<status status="PASS" start="2024-04-22T20:15:05.035890" elapsed="0.000542"/>
</kw>
<kw name="Should Match Regexp" owner="BuiltIn">
<arg>${json_data['results'][0]['dob']['date']}</arg>
<arg>\\d{4}-\\d{2}-\\d{2}T\\d{2}:\\d{2}:\\d{2}\\.\\d{3}Z</arg>
<doc>Fails if ``string`` does not match ``pattern`` as a regular expression.</doc>
<status status="PASS" start="2024-04-22T20:15:05.036632" elapsed="0.000496"/>
</kw>
<kw name="Should Match Regexp" owner="BuiltIn">
<arg>${json_data['results'][0]['registered']['date']}</arg>
<arg>\\d{4}-\\d{2}-\\d{2}T\\d{2}:\\d{2}:\\d{2}\\.\\d{3}Z</arg>
<doc>Fails if ``string`` does not match ``pattern`` as a regular expression.</doc>
<status status="PASS" start="2024-04-22T20:15:05.037322" elapsed="0.000367"/>
</kw>
<kw name="Should Match Regexp" owner="BuiltIn">
<arg>${json_data['results'][0]['picture']['large']}</arg>
<arg>^https?://.*\.(?:png|jpe?g|gif|bmp)$</arg>
<doc>Fails if ``string`` does not match ``pattern`` as a regular expression.</doc>
<status status="PASS" start="2024-04-22T20:15:05.037874" elapsed="0.000470"/>
</kw>
<kw name="Should Match Regexp" owner="BuiltIn">
<arg>${json_data['results'][0]['picture']['medium']}</arg>
<arg>^https?://.*\.(?:png|jpe?g|gif|bmp)$</arg>
<doc>Fails if ``string`` does not match ``pattern`` as a regular expression.</doc>
<status status="PASS" start="2024-04-22T20:15:05.038532" elapsed="0.000360"/>
</kw>
<kw name="Should Match Regexp" owner="BuiltIn">
<arg>${json_data['results'][0]['picture']['thumbnail']}</arg>
<arg>^https?://.*\.(?:png|jpe?g|gif|bmp)$</arg>
<doc>Fails if ``string`` does not match ``pattern`` as a regular expression.</doc>
<status status="PASS" start="2024-04-22T20:15:05.039108" elapsed="0.000353"/>
</kw>
<kw name="Log" owner="BuiltIn">
<msg time="2024-04-22T20:15:05.039963" level="INFO">{'large': 'https://randomuser.me/api/portraits/women/56.jpg', 'medium': 'https://randomuser.me/api/portraits/med/women/56.jpg', 'thumbnail': 'https://randomuser.me/api/portraits/thumb/women/56.jpg'}</msg>
<arg>${json_data['results'][0]['picture']}</arg>
<doc>Logs the given message with the given level.</doc>
<status status="PASS" start="2024-04-22T20:15:05.039643" elapsed="0.000361"/>
</kw>
<status status="PASS" start="2024-04-22T20:15:04.943753" elapsed="0.096516"/>
</kw>
<kw name="Teste de Tipos de Dados - Postcode" owner="random-user-service">
<kw name="GET On Session" owner="RequestsLibrary">
<msg time="2024-04-22T20:15:05.129912" level="INFO">GET Request : url=https://randomuser.me/api 
 path_url=/api 
 headers={'User-Agent': 'python-requests/2.31.0', 'Accept-Encoding': 'gzip, deflate', 'Accept': '*/*', 'Connection': 'keep-alive'} 
 body=None 
 </msg>
<msg time="2024-04-22T20:15:05.130016" level="INFO">GET Response : url=https://randomuser.me/api 
 status=200, reason=OK 
 headers={'Date': 'Mon, 22 Apr 2024 20:15:05 GMT', 'Content-Type': 'application/json; charset=utf-8', 'Transfer-Encoding': 'chunked', 'Connection': 'keep-alive', 'X-Powered-By': 'Express', 'Access-Control-Allow-Origin': '*', 'Cache-Control': 'no-cache', 'ETag': 'W/"4a6-RDGHbxOFHlwIc/kjp/U/MfPxSB4"', 'Vary': 'Accept-Encoding', 'Content-Encoding': 'gzip', 'CF-Cache-Status': 'DYNAMIC', 'Report-To': '{"endpoints":[{"url":"https:\\/\\/a.nel.cloudflare.com\\/report\\/v4?s=L2TuEay9ErPrqq79k1ordlSso7qooPgLPU6sbH8e8GTpwdtxy8C92RNNd43cKrPLV0mgPhTZZIhkD6F7TGJEouw4vE6xJuyQR7dVBXP8M9UgZ0qyPq1JQAuhf47S7rM%2F"}],"group":"cf-nel","max_age":604800}', 'NEL': '{"success_fraction":0,"report_to":"cf-nel","max_age":604800}', 'Server': 'cloudflare', 'CF-RAY': '878848a88bb82bab-ORD', 'alt-svc': 'h3=":443"; ma=86400'} 
 body={"results":[{"gender":"female","name":{"title":"Mrs","first":"Alicia","last":"Serrano"},"location":{"street":{"number":3507,"name":"Calle de Pedro Bosch"},"city":"Parla","state":"Castilla la Mancha","country":"Spain","postcode":70102,"coordinates":{"latitude":"-36.0738","longitude":"60.3303"},"timezone":{"offset":"-6:00","description":"Central Time (US &amp; Canada), Mexico City"}},"email":"alicia.serrano@example.com","login":{"uuid":"0e8359a4-a286-431f-ba2a-eb02edccd359","username":"purpletiger770","password":"beavis1","salt":"hHynh8CP","md5":"1b58d664213b8294931041bfa3531cfd","sha1":"b8ad200cf024d6684956e023a8b83c727bffdf2c","sha256":"7551e688b602eb03d9d3efedd37e64884bfcc1dfcf119f98962b57a617ac9478"},"dob":{"date":"1945-07-28T21:55:55.782Z","age":78},"registered":{"date":"2005-03-06T15:48:06.568Z","age":19},"phone":"987-782-356","cell":"678-392-254","id":{"name":"DNI","value":"48133219-W"},"picture":{"large":"https://randomuser.me/api/portraits/women/88.jpg","medium":"https://randomuser.me/api/portraits/med/women/88.jpg","thumbnail":"https://randomuser.me/api/portraits/thumb/women/88.jpg"},"nat":"ES"}],"info":{"seed":"70de7e001b604d90","results":1,"page":1,"version":"1.4"}} 
 </msg>
<msg time="2024-04-22T20:15:05.130097" level="INFO">/opt/hostedtoolcache/Python/3.12.3/x64/lib/python3.12/site-packages/urllib3/connectionpool.py:1103: InsecureRequestWarning: Unverified HTTPS request is being made to host 'randomuser.me'. Adding certificate verification is strongly advised. See: https://urllib3.readthedocs.io/en/latest/advanced-usage.html#tls-warnings
  warnings.warn(</msg>
<msg time="2024-04-22T20:15:05.130225" level="INFO">${response} = &lt;Response [200]&gt;</msg>
<var>${response}</var>
<arg>consultarAPI</arg>
<arg>/api</arg>
<doc>Sends a GET request on a previously created HTTP Session.</doc>
<status status="PASS" start="2024-04-22T20:15:05.040745" elapsed="0.089534"/>
</kw>
<kw name="Set Variable" owner="BuiltIn">
<msg time="2024-04-22T20:15:05.131471" level="INFO">${json_data} = {'results': [{'gender': 'female', 'name': {'title': 'Mrs', 'first': 'Alicia', 'last': 'Serrano'}, 'location': {'street': {'number': 3507, 'name': 'Calle de Pedro Bosch'}, 'city': 'Parla', 'state': 'Ca...</msg>
<var>${json_data}</var>
<arg>${response.json()}</arg>
<doc>Returns the given values which can then be assigned to a variables.</doc>
<status status="PASS" start="2024-04-22T20:15:05.130874" elapsed="0.000628"/>
</kw>
<kw name="Log" owner="BuiltIn">
<msg time="2024-04-22T20:15:05.132045" level="INFO">{'results': [{'gender': 'female', 'name': {'title': 'Mrs', 'first': 'Alicia', 'last': 'Serrano'}, 'location': {'street': {'number': 3507, 'name': 'Calle de Pedro Bosch'}, 'city': 'Parla', 'state': 'Castilla la Mancha', 'country': 'Spain', 'postcode': 70102, 'coordinates': {'latitude': '-36.0738', 'longitude': '60.3303'}, 'timezone': {'offset': '-6:00', 'description': 'Central Time (US &amp; Canada), Mexico City'}}, 'email': 'alicia.serrano@example.com', 'login': {'uuid': '0e8359a4-a286-431f-ba2a-eb02edccd359', 'username': 'purpletiger770', 'password': 'beavis1', 'salt': 'hHynh8CP', 'md5': '1b58d664213b8294931041bfa3531cfd', 'sha1': 'b8ad200cf024d6684956e023a8b83c727bffdf2c', 'sha256': '7551e688b602eb03d9d3efedd37e64884bfcc1dfcf119f98962b57a617ac9478'}, 'dob': {'date': '1945-07-28T21:55:55.782Z', 'age': 78}, 'registered': {'date': '2005-03-06T15:48:06.568Z', 'age': 19}, 'phone': '987-782-356', 'cell': '678-392-254', 'id': {'name': 'DNI', 'value': '48133219-W'}, 'picture': {'large': 'https://randomuser.me/api/portraits/women/88.jpg', 'medium': 'https://randomuser.me/api/portraits/med/women/88.jpg', 'thumbnail': 'https://randomuser.me/api/portraits/thumb/women/88.jpg'}, 'nat': 'ES'}], 'info': {'seed': '70de7e001b604d90', 'results': 1, 'page': 1, 'version': '1.4'}}</msg>
<arg>${json_data}</arg>
<doc>Logs the given message with the given level.</doc>
<status status="PASS" start="2024-04-22T20:15:05.131871" elapsed="0.000260"/>
</kw>
<kw name="Should Be Equal As Numbers" owner="BuiltIn">
<arg>${json_data['results'][0]['location']['postcode']}</arg>
<arg>${json_data['results'][0]['location']['postcode']}</arg>
<doc>Fails if objects are unequal after converting them to real numbers.</doc>
<status status="PASS" start="2024-04-22T20:15:05.132663" elapsed="0.000658"/>
</kw>
<kw name="Log" owner="BuiltIn">
<msg time="2024-04-22T20:15:05.133863" level="INFO">70102</msg>
<arg>${json_data['results'][0]['location']['postcode']}</arg>
<doc>Logs the given message with the given level.</doc>
<status status="PASS" start="2024-04-22T20:15:05.133521" elapsed="0.000384"/>
</kw>
<status status="PASS" start="2024-04-22T20:15:05.040503" elapsed="0.093669"/>
</kw>
<doc>Testa se os tipos de dados na resposta da API estão corretos.</doc>
<tag>testeTiposDados</tag>
<status status="PASS" start="2024-04-22T20:15:04.943284" elapsed="0.191125"/>
</test>
<test id="s1-s1-t5" name="Validar conteudo" line="35">
<kw name="Teste de Tipos de Conteudo" owner="random-user-service">
<kw name="GET On Session" owner="RequestsLibrary">
<msg time="2024-04-22T20:15:05.235836" level="INFO">GET Request : url=https://randomuser.me/api 
 path_url=/api 
 headers={'User-Agent': 'python-requests/2.31.0', 'Accept-Encoding': 'gzip, deflate', 'Accept': '*/*', 'Connection': 'keep-alive'} 
 body=None 
 </msg>
<msg time="2024-04-22T20:15:05.235944" level="INFO">GET Response : url=https://randomuser.me/api 
 status=200, reason=OK 
 headers={'Date': 'Mon, 22 Apr 2024 20:15:05 GMT', 'Content-Type': 'application/json; charset=utf-8', 'Transfer-Encoding': 'chunked', 'Connection': 'keep-alive', 'X-Powered-By': 'Express', 'Access-Control-Allow-Origin': '*', 'Cache-Control': 'no-cache', 'ETag': 'W/"490-rpGMheYjpCnHHy0avgKK3WnmItU"', 'Vary': 'Accept-Encoding', 'Content-Encoding': 'gzip', 'CF-Cache-Status': 'DYNAMIC', 'Report-To': '{"endpoints":[{"url":"https:\\/\\/a.nel.cloudflare.com\\/report\\/v4?s=015xODbf7QEobKZSVESX%2FgV1TS1WlzHV13UjslMox9opsGZKnhkdEbfayi6lv15h1X9qABpo6E0OfwLs9b%2FfhtAPYVafduCwOq1AqF6Nk8qbpPPrCWWz0jDEjOqHCYYm"}],"group":"cf-nel","max_age":604800}', 'NEL': '{"success_fraction":0,"report_to":"cf-nel","max_age":604800}', 'Server': 'cloudflare', 'CF-RAY': '878848a91c8d2bab-ORD', 'alt-svc': 'h3=":443"; ma=86400'} 
 body={"results":[{"gender":"female","name":{"title":"Mrs","first":"Amy","last":"Perez"},"location":{"street":{"number":1480,"name":"Poplar Dr"},"city":"Sunshine Coast","state":"Victoria","country":"Australia","postcode":665,"coordinates":{"latitude":"-84.1706","longitude":"115.5743"},"timezone":{"offset":"+10:00","description":"Eastern Australia, Guam, Vladivostok"}},"email":"amy.perez@example.com","login":{"uuid":"0b9f2acd-0326-45d1-9122-afcc26984c26","username":"blueostrich982","password":"bigman","salt":"oiAv1fwf","md5":"4cbe8c37ec7984676bcf92a588b5b39f","sha1":"f251bc1328b7039ba37a0d1af99b55c3112edb83","sha256":"01c6e5fcf51bf5fa7d3482ba026daf76b9074db40191d7562781efd24d8da189"},"dob":{"date":"1988-08-20T18:23:20.850Z","age":35},"registered":{"date":"2017-11-01T19:48:38.801Z","age":6},"phone":"04-5527-1476","cell":"0474-173-859","id":{"name":"TFN","value":"064625809"},"picture":{"large":"https://randomuser.me/api/portraits/women/16.jpg","medium":"https://randomuser.me/api/portraits/med/women/16.jpg","thumbnail":"https://randomuser.me/api/portraits/thumb/women/16.jpg"},"nat":"AU"}],"info":{"seed":"28c822a9f63858d8","results":1,"page":1,"version":"1.4"}} 
 </msg>
<msg time="2024-04-22T20:15:05.236019" level="INFO">/opt/hostedtoolcache/Python/3.12.3/x64/lib/python3.12/site-packages/urllib3/connectionpool.py:1103: InsecureRequestWarning: Unverified HTTPS request is being made to host 'randomuser.me'. Adding certificate verification is strongly advised. See: https://urllib3.readthedocs.io/en/latest/advanced-usage.html#tls-warnings
  warnings.warn(</msg>
<msg time="2024-04-22T20:15:05.236149" level="INFO">${response} = &lt;Response [200]&gt;</msg>
<var>${response}</var>
<arg>consultarAPI</arg>
<arg>/api</arg>
<doc>Sends a GET request on a previously created HTTP Session.</doc>
<status status="PASS" start="2024-04-22T20:15:05.137034" elapsed="0.099157"/>
</kw>
<kw name="Set Variable" owner="BuiltIn">
<msg time="2024-04-22T20:15:05.237508" level="INFO">${json_data} = {'results': [{'gender': 'female', 'name': {'title': 'Mrs', 'first': 'Amy', 'last': 'Perez'}, 'location': {'street': {'number': 1480, 'name': 'Poplar Dr'}, 'city': 'Sunshine Coast', 'state': 'Victoria'...</msg>
<var>${json_data}</var>
<arg>${response.json()}</arg>
<doc>Returns the given values which can then be assigned to a variables.</doc>
<status status="PASS" start="2024-04-22T20:15:05.236915" elapsed="0.000623"/>
</kw>
<kw name="Set Variable" owner="BuiltIn">
<msg time="2024-04-22T20:15:05.238263" level="INFO">${name_title} = Mrs</msg>
<var>${name_title}</var>
<arg>${json_data["results"][0]["name"]["title"]}</arg>
<doc>Returns the given values which can then be assigned to a variables.</doc>
<status status="PASS" start="2024-04-22T20:15:05.237867" elapsed="0.000421"/>
</kw>
<kw name="Create List" owner="BuiltIn">
<msg time="2024-04-22T20:15:05.238738" level="INFO">${allowed_titles} = ['Mr', 'Ms', 'Miss', 'Mrs', 'Madame', 'Monsieur']</msg>
<var>${allowed_titles}</var>
<arg>Mr</arg>
<arg>Ms</arg>
<arg>Miss</arg>
<arg>Mrs</arg>
<arg>Madame</arg>
<arg>Monsieur</arg>
<doc>Returns a list containing given items.</doc>
<status status="PASS" start="2024-04-22T20:15:05.238590" elapsed="0.000172"/>
</kw>
<kw name="List Should Contain Value" owner="Collections">
<msg time="2024-04-22T20:15:05.239290" level="INFO">False</msg>
<arg>${allowed_titles}</arg>
<arg>${name_title}</arg>
<doc>Fails if the ``value`` is not found from ``list``.</doc>
<status status="PASS" start="2024-04-22T20:15:05.239106" elapsed="0.000222"/>
</kw>
<kw name="Set Variable" owner="BuiltIn">
<msg time="2024-04-22T20:15:05.240004" level="INFO">${name_country} = AU</msg>
<var>${name_country}</var>
<arg>${json_data["results"][0]["nat"]}</arg>
<doc>Returns the given values which can then be assigned to a variables.</doc>
<status status="PASS" start="2024-04-22T20:15:05.239622" elapsed="0.000407"/>
</kw>
<kw name="Create List" owner="BuiltIn">
<msg time="2024-04-22T20:15:05.240916" level="INFO">${list_country} = ['AD', 'AE', 'AF', 'AG', 'AI', 'AL', 'AM', 'AO', 'AQ', 'AR', 'AS', 'AT', 'AU', 'AW', 'AX', 'AZ', 'BA', 'BB', 'BD', 'BE', 'BF', 'BG', 'BH', 'BI', 'BJ', 'BL', 'BM', 'BN', 'BO', 'BQ', 'BR', 'BS', 'BT', '...</msg>
<var>${list_country}</var>
<arg>AD</arg>
<arg>AE</arg>
<arg>AF</arg>
<arg>AG</arg>
<arg>AI</arg>
<arg>AL</arg>
<arg>AM</arg>
<arg>AO</arg>
<arg>AQ</arg>
<arg>AR</arg>
<arg>AS</arg>
<arg>AT</arg>
<arg>AU</arg>
<arg>AW</arg>
<arg>AX</arg>
<arg>AZ</arg>
<arg>BA</arg>
<arg>BB</arg>
<arg>BD</arg>
<arg>BE</arg>
<arg>BF</arg>
<arg>BG</arg>
<arg>BH</arg>
<arg>BI</arg>
<arg>BJ</arg>
<arg>BL</arg>
<arg>BM</arg>
<arg>BN</arg>
<arg>BO</arg>
<arg>BQ</arg>
<arg>BR</arg>
<arg>BS</arg>
<arg>BT</arg>
<arg>BV</arg>
<arg>BW</arg>
<arg>BY</arg>
<arg>BZ</arg>
<arg>CA</arg>
<arg>CC</arg>
<arg>CD</arg>
<arg>CF</arg>
<arg>CG</arg>
<arg>CH</arg>
<arg>CI</arg>
<arg>CK</arg>
<arg>CL</arg>
<arg>CM</arg>
<arg>CN</arg>
<arg>CO</arg>
<arg>CR</arg>
<arg>CU</arg>
<arg>CV</arg>
<arg>CW</arg>
<arg>CX</arg>
<arg>CY</arg>
<arg>CZ</arg>
<arg>DE</arg>
<arg>DJ</arg>
<arg>DK</arg>
<arg>DM</arg>
<arg>DO</arg>
<arg>DZ</arg>
<arg>EC</arg>
<arg>EE</arg>
<arg>EG</arg>
<arg>EH</arg>
<arg>ER</arg>
<arg>ES</arg>
<arg>ET</arg>
<arg>FI</arg>
<arg>FJ</arg>
<arg>FK</arg>
<arg>FM</arg>
<arg>FO</arg>
<arg>FR</arg>
<arg>GA</arg>
<arg>GB</arg>
<arg>GD</arg>
<arg>GE</arg>
<arg>GF</arg>
<arg>GG</arg>
<arg>GH</arg>
<arg>GI</arg>
<arg>GL</arg>
<arg>GM</arg>
<arg>GN</arg>
<arg>GP</arg>
<arg>GQ</arg>
<arg>GR</arg>
<arg>GS</arg>
<arg>GT</arg>
<arg>GU</arg>
<arg>GW</arg>
<arg>GY</arg>
<arg>HK</arg>
<arg>HM</arg>
<arg>HN</arg>
<arg>HR</arg>
<arg>HT</arg>
<arg>HU</arg>
<arg>ID</arg>
<arg>IE</arg>
<arg>IL</arg>
<arg>IM</arg>
<arg>IN</arg>
<arg>IO</arg>
<arg>IQ</arg>
<arg>IR</arg>
<arg>IS</arg>
<arg>IT</arg>
<arg>JE</arg>
<arg>JM</arg>
<arg>JO</arg>
<arg>JP</arg>
<arg>KE</arg>
<arg>KG</arg>
<arg>KH</arg>
<arg>KI</arg>
<arg>KM</arg>
<arg>KN</arg>
<arg>KP</arg>
<arg>KR</arg>
<arg>KW</arg>
<arg>KY</arg>
<arg>KZ</arg>
<arg>LA</arg>
<arg>LB</arg>
<arg>LC</arg>
<arg>LI</arg>
<arg>LK</arg>
<arg>LR</arg>
<arg>LS</arg>
<arg>LT</arg>
<arg>LU</arg>
<arg>LV</arg>
<arg>LY</arg>
<arg>MA</arg>
<arg>MC</arg>
<arg>MD</arg>
<arg>ME</arg>
<arg>MF</arg>
<arg>MG</arg>
<arg>MH</arg>
<arg>MK</arg>
<arg>ML</arg>
<arg>MM</arg>
<arg>MN</arg>
<arg>MO</arg>
<arg>MP</arg>
<arg>MQ</arg>
<arg>MR</arg>
<arg>MS</arg>
<arg>MT</arg>
<arg>MU</arg>
<arg>MV</arg>
<arg>MW</arg>
<arg>MX</arg>
<arg>MY</arg>
<arg>MZ</arg>
<arg>NA</arg>
<arg>NC</arg>
<arg>NE</arg>
<arg>NF</arg>
<arg>NG</arg>
<arg>NI</arg>
<arg>NL</arg>
<arg>NO</arg>
<arg>NP</arg>
<arg>NR</arg>
<arg>NU</arg>
<arg>NZ</arg>
<arg>OM</arg>
<arg>PA</arg>
<arg>PE</arg>
<arg>PF</arg>
<arg>PG</arg>
<arg>PH</arg>
<arg>PK</arg>
<arg>PL</arg>
<arg>PM</arg>
<arg>PN</arg>
<arg>PR</arg>
<arg>PS</arg>
<arg>PT</arg>
<arg>PW</arg>
<arg>PY</arg>
<arg>QA</arg>
<arg>RE</arg>
<arg>RO</arg>
<arg>RS</arg>
<arg>RU</arg>
<arg>RW</arg>
<arg>SA</arg>
<arg>SB</arg>
<arg>SC</arg>
<arg>SD</arg>
<arg>SE</arg>
<arg>SG</arg>
<arg>SH</arg>
<arg>SI</arg>
<arg>SJ</arg>
<arg>SK</arg>
<arg>SL</arg>
<arg>SM</arg>
<arg>SN</arg>
<arg>SO</arg>
<arg>SR</arg>
<arg>SS</arg>
<arg>ST</arg>
<arg>SV</arg>
<arg>SX</arg>
<arg>SY</arg>
<arg>SZ</arg>
<arg>TC</arg>
<arg>TD</arg>
<arg>TF</arg>
<arg>TG</arg>
<arg>TH</arg>
<arg>TJ</arg>
<arg>TK</arg>
<arg>TL</arg>
<arg>TM</arg>
<arg>TN</arg>
<arg>TO</arg>
<arg>TR</arg>
<arg>TT</arg>
<arg>TV</arg>
<arg>TW</arg>
<arg>TZ</arg>
<arg>UA</arg>
<arg>UG</arg>
<arg>UM</arg>
<arg>US</arg>
<arg>UY</arg>
<arg>UZ</arg>
<arg>VA</arg>
<arg>VC</arg>
<arg>VE</arg>
<arg>VG</arg>
<arg>VI</arg>
<arg>VN</arg>
<arg>VU</arg>
<arg>WF</arg>
<arg>WS</arg>
<arg>XK</arg>
<arg>YE</arg>
<arg>YT</arg>
<arg>ZA</arg>
<arg>ZM</arg>
<arg>ZW</arg>
<doc>Returns a list containing given items.</doc>
<status status="PASS" start="2024-04-22T20:15:05.240334" elapsed="0.000607"/>
</kw>
<kw name="List Should Contain Value" owner="Collections">
<msg time="2024-04-22T20:15:05.241929" level="INFO">False</msg>
<arg>${list_country}</arg>
<arg>${name_country}</arg>
<doc>Fails if the ``value`` is not found from ``list``.</doc>
<status status="PASS" start="2024-04-22T20:15:05.241730" elapsed="0.000241"/>
</kw>
<kw name="Run Keyword If" owner="BuiltIn">
<kw name="Should Be True" owner="BuiltIn">
<arg>${True}</arg>
<doc>Fails if the given condition is not true.</doc>
<status status="PASS" start="2024-04-22T20:15:05.243066" elapsed="0.000273"/>
</kw>
<arg>${json_data["results"][0]["location"]["coordinates"]["latitude"]} &gt;= -90 and ${json_data["results"][0]["location"]["coordinates"]["latitude"]} &lt;= 90</arg>
<arg>Should Be True</arg>
<arg>${True}</arg>
<doc>Runs the given keyword with the given arguments, if ``condition`` is true.</doc>
<status status="PASS" start="2024-04-22T20:15:05.242281" elapsed="0.001190"/>
</kw>
<kw name="Run Keyword If" owner="BuiltIn">
<kw name="Should Be True" owner="BuiltIn">
<arg>${True}</arg>
<doc>Fails if the given condition is not true.</doc>
<status status="PASS" start="2024-04-22T20:15:05.244367" elapsed="0.000139"/>
</kw>
<arg>${json_data["results"][0]["location"]["coordinates"]["longitude"]} &gt;= -180 and ${json_data["results"][0]["location"]["coordinates"]["longitude"]} &lt;= 180</arg>
<arg>Should Be True</arg>
<arg>${True}</arg>
<doc>Runs the given keyword with the given arguments, if ``condition`` is true.</doc>
<status status="PASS" start="2024-04-22T20:15:05.243657" elapsed="0.000972"/>
</kw>
<status status="PASS" start="2024-04-22T20:15:05.136785" elapsed="0.107976"/>
</kw>
<doc>Testa o conteúdo específico dos campos retornados pela API.</doc>
<tag>testeConteudo</tag>
<status status="PASS" start="2024-04-22T20:15:05.136316" elapsed="0.108600"/>
</test>
<status status="PASS" start="2024-04-22T20:15:04.415125" elapsed="0.831811"/>
</suite>
<status status="PASS" start="2024-04-22T20:15:04.401511" elapsed="0.850739"/>
</suite>
<statistics>
<total>
<stat pass="5" fail="0" skip="0">All Tests</stat>
</total>
<tag>
<stat pass="1" fail="0" skip="0">testeConteudo</stat>
<stat pass="1" fail="0" skip="0">testeEstruturaResposta</stat>
<stat pass="1" fail="0" skip="0">testeRequisicaoBasica</stat>
<stat pass="1" fail="0" skip="0">testeTiposDados</stat>
</tag>
<suite>
<stat pass="5" fail="0" skip="0" id="s1" name="Tests">Tests</stat>
<stat pass="5" fail="0" skip="0" id="s1-s1" name="Random-User-Test">Tests.Random-User-Test</stat>
</suite>
</statistics>
<errors>
</errors>
</robot>
