<?xml version="1.0" encoding="UTF-8"?>
<robot generator="Robot 7.0.1 (Python 3.12.4 on linux)" generated="2024-08-08T10:16:06.837448" rpa="false" schemaversion="5">
<suite id="s1" name="Tests" source="/home/runner/work/ApiRandomUser/ApiRandomUser/RamdonUser/tests">
<suite id="s1-s1" name="Random-User-Test" source="/home/runner/work/ApiRandomUser/ApiRandomUser/RamdonUser/tests/random-user-test.robot">
<test id="s1-s1-t1" name="Conectar" line="13">
<kw name="Conectar API" owner="random-user-service">
<kw name="Create Session" owner="RequestsLibrary">
<msg time="2024-08-08T10:16:07.245084" level="INFO">Creating Session using : alias=consultarAPI, url=https://randomuser.me/, headers={},                     cookies={}, auth=None, timeout=None, proxies=None, verify=False,                     debug=0 </msg>
<arg>consultarAPI</arg>
<arg>${URL}</arg>
<doc>Create Session: create a HTTP session to a server</doc>
<status status="PASS" start="2024-08-08T10:16:07.244887" elapsed="0.000368"/>
</kw>
<status status="PASS" start="2024-08-08T10:16:07.243833" elapsed="0.001782"/>
</kw>
<status status="PASS" start="2024-08-08T10:16:07.243185" elapsed="0.002624"/>
</test>
<test id="s1-s1-t2" name="Validar retorno 200 e JSON Válido" line="16">
<kw name="Teste de Requisicao Basica" owner="random-user-service">
<kw name="GET On Session" owner="RequestsLibrary">
<msg time="2024-08-08T10:16:10.561269" level="INFO">GET Request : url=https://randomuser.me/api 
 path_url=/api 
 headers={'User-Agent': 'python-requests/2.32.3', 'Accept-Encoding': 'gzip, deflate', 'Accept': '*/*', 'Connection': 'keep-alive'} 
 body=None 
 </msg>
<msg time="2024-08-08T10:16:10.561446" level="INFO">GET Response : url=https://randomuser.me/api 
 status=200, reason=OK 
 headers={'Date': 'Thu, 08 Aug 2024 10:16:10 GMT', 'Content-Type': 'application/json; charset=utf-8', 'Transfer-Encoding': 'chunked', 'Connection': 'keep-alive', 'X-Powered-By': 'Express', 'Access-Control-Allow-Origin': '*', 'Cache-Control': 'no-cache', 'ETag': 'W/"481-hcDR9FGI9lE5TVjjM4gVBdHHZrg"', 'Vary': 'Accept-Encoding', 'Content-Encoding': 'gzip', 'CF-Cache-Status': 'DYNAMIC', 'Report-To': '{"endpoints":[{"url":"https:\\/\\/a.nel.cloudflare.com\\/report\\/v4?s=bVVPZnq0QBkl0iS2cF7yaBtdbfQp%2B0kbkLtMxaXt8AggrxZp8u9QNYfQeUMw6xdqOOyG3XY2QE6JNUyMlOiPMSzs0GjyamH9UiFQYkcJtFpX96NFg%2BT8PgIJX0qhavOJ"}],"group":"cf-nel","max_age":604800}', 'NEL': '{"success_fraction":0,"report_to":"cf-nel","max_age":604800}', 'Server': 'cloudflare', 'CF-RAY': '8afebfc63bfe0832-IAD', 'alt-svc': 'h3=":443"; ma=86400'} 
 body={"results":[{"gender":"male","name":{"title":"Mr","first":"Özkan","last":"Düşenkalkar"},"location":{"street":{"number":4085,"name":"Fatih Sultan Mehmet Cd"},"city":"Ordu","state":"Osmaniye","country":"Turkey","postcode":41519,"coordinates":{"latitude":"67.4759","longitude":"-131.4517"},"timezone":{"offset":"+9:30","description":"Adelaide, Darwin"}},"email":"ozkan.dusenkalkar@example.com","login":{"uuid":"e4e6caf5-099c-44ea-bbac-209f98451ae1","username":"redpeacock231","password":"potato","salt":"aJKXq6Qn","md5":"88f5ac863368979c0fce5bb02300f4ec","sha1":"16daf89f4d4c08e767968b06bed41c41f85f4b13","sha256":"8c91df5bb681d4d043cc285ad97aa4597b36b08daf7ec557c23d2834519bf3fc"},"dob":{"date":"1945-02-12T03:41:13.962Z","age":79},"registered":{"date":"2013-09-08T20:36:36.648Z","age":10},"phone":"(652)-316-8084","cell":"(331)-322-5439","id":{"name":"","value":null},"picture":{"large":"https://randomuser.me/api/portraits/men/96.jpg","medium":"https://randomuser.me/api/portraits/med/men/96.jpg","thumbnail":"https://randomuser.me/api/portraits/thumb/men/96.jpg"},"nat":"TR"}],"info":{"seed":"25744333a8f5b944","results":1,"page":1,"version":"1.4"}} 
 </msg>
<msg time="2024-08-08T10:16:10.561543" level="INFO">/opt/hostedtoolcache/Python/3.12.4/x64/lib/python3.12/site-packages/urllib3/connectionpool.py:1099: InsecureRequestWarning: Unverified HTTPS request is being made to host 'randomuser.me'. Adding certificate verification is strongly advised. See: https://urllib3.readthedocs.io/en/latest/advanced-usage.html#tls-warnings
  warnings.warn(</msg>
<msg time="2024-08-08T10:16:10.561690" level="INFO">${response} = &lt;Response [200]&gt;</msg>
<var>${response}</var>
<arg>consultarAPI</arg>
<arg>/api</arg>
<doc>Sends a GET request on a previously created HTTP Session.</doc>
<status status="PASS" start="2024-08-08T10:16:07.248472" elapsed="3.313259"/>
</kw>
<kw name="Should Be Equal As Numbers" owner="BuiltIn">
<msg time="2024-08-08T10:16:10.562936" level="INFO">Argument types are:
&lt;class 'int'&gt;
&lt;class 'str'&gt;</msg>
<arg>${response.status_code}</arg>
<arg>200</arg>
<doc>Fails if objects are unequal after converting them to real numbers.</doc>
<status status="PASS" start="2024-08-08T10:16:10.562407" elapsed="0.000593"/>
</kw>
<kw name="Log" owner="BuiltIn">
<msg time="2024-08-08T10:16:10.563660" level="INFO">200</msg>
<arg>${response.status_code}</arg>
<doc>Logs the given message with the given level.</doc>
<status status="PASS" start="2024-08-08T10:16:10.563312" elapsed="0.000389"/>
</kw>
<kw name="Set Variable" owner="BuiltIn">
<msg time="2024-08-08T10:16:10.564498" level="INFO">${json_data} = {'results': [{'gender': 'male', 'name': {'title': 'Mr', 'first': 'Özkan', 'last': 'Düşenkalkar'}, 'location': {'street': {'number': 4085, 'name': 'Fatih Sultan Mehmet Cd'}, 'city': 'Ordu', 'state': 'O...</msg>
<var>${json_data}</var>
<arg>${response.json()}</arg>
<doc>Returns the given values which can then be assigned to a variables.</doc>
<status status="PASS" start="2024-08-08T10:16:10.564056" elapsed="0.000473"/>
</kw>
<kw name="Dictionary Should Contain Key" owner="Collections">
<arg>${json_data}</arg>
<arg>results</arg>
<doc>Fails if ``key`` is not found from ``dictionary``.</doc>
<status status="PASS" start="2024-08-08T10:16:10.564836" elapsed="0.000320"/>
</kw>
<status status="PASS" start="2024-08-08T10:16:07.248226" elapsed="3.317083"/>
</kw>
<doc>Testa se a API responde corretamente e retorna um objeto JSON válido.</doc>
<tag>testeRequisicaoBasica</tag>
<status status="PASS" start="2024-08-08T10:16:07.247681" elapsed="3.317801"/>
</test>
<test id="s1-s1-t3" name="Validar estrutura de resposta" line="22">
<kw name="Teste de Estrutura de Resposta" owner="random-user-service">
<kw name="GET On Session" owner="RequestsLibrary">
<msg time="2024-08-08T10:16:16.317653" level="INFO">GET Request : url=https://randomuser.me/api 
 path_url=/api 
 headers={'User-Agent': 'python-requests/2.32.3', 'Accept-Encoding': 'gzip, deflate', 'Accept': '*/*', 'Connection': 'keep-alive'} 
 body=None 
 </msg>
<msg time="2024-08-08T10:16:16.317753" level="INFO">GET Response : url=https://randomuser.me/api 
 status=200, reason=OK 
 headers={'Date': 'Thu, 08 Aug 2024 10:16:16 GMT', 'Content-Type': 'application/json; charset=utf-8', 'Transfer-Encoding': 'chunked', 'Connection': 'keep-alive', 'X-Powered-By': 'Express', 'Access-Control-Allow-Origin': '*', 'Cache-Control': 'no-cache', 'ETag': 'W/"47c-ih37os2jRsM2Qn+J9nbDDrQhAm8"', 'Vary': 'Accept-Encoding', 'Content-Encoding': 'gzip', 'CF-Cache-Status': 'DYNAMIC', 'Report-To': '{"endpoints":[{"url":"https:\\/\\/a.nel.cloudflare.com\\/report\\/v4?s=Z7Wbizs6uxX3autSJ5VEBL8GYUMH%2BH31RBxA84ckwA%2FVlo4SnkbhHcktPeyVnwDGPF9rN3wcYEphqHa50RAJE462WuQhJAlrMvrD1y%2BbRM5almrgapMRje4fjCG8%2Bmsz"}],"group":"cf-nel","max_age":604800}', 'NEL': '{"success_fraction":0,"report_to":"cf-nel","max_age":604800}', 'Server': 'cloudflare', 'CF-RAY': '8afebfda1fa90832-IAD', 'alt-svc': 'h3=":443"; ma=86400'} 
 body={"results":[{"gender":"female","name":{"title":"Ms","first":"Nicoline","last":"Hansen"},"location":{"street":{"number":9196,"name":"Landlystvej"},"city":"Viby Sj.","state":"Midtjylland","country":"Denmark","postcode":14837,"coordinates":{"latitude":"-45.4433","longitude":"139.5535"},"timezone":{"offset":"+5:45","description":"Kathmandu"}},"email":"nicoline.hansen@example.com","login":{"uuid":"b2bbe7f6-0a07-49d6-abd6-a4b25c498cb4","username":"happyostrich366","password":"stargate","salt":"McCKZy5U","md5":"f5d3d2fd7b37c2037f096335fbaa50ef","sha1":"3afbfae52bcf56ef9bf7dafc93132077a03617f0","sha256":"bf80d3e35020e400eba7ea36dcdaa5c447c78f2b597b07cb71fe32886d7c6d2b"},"dob":{"date":"1983-10-13T04:04:12.730Z","age":40},"registered":{"date":"2005-05-03T15:07:33.779Z","age":19},"phone":"72657727","cell":"82726211","id":{"name":"CPR","value":"121083-2721"},"picture":{"large":"https://randomuser.me/api/portraits/women/32.jpg","medium":"https://randomuser.me/api/portraits/med/women/32.jpg","thumbnail":"https://randomuser.me/api/portraits/thumb/women/32.jpg"},"nat":"DK"}],"info":{"seed":"55a9116270647dd1","results":1,"page":1,"version":"1.4"}} 
 </msg>
<msg time="2024-08-08T10:16:16.317889" level="INFO">/opt/hostedtoolcache/Python/3.12.4/x64/lib/python3.12/site-packages/urllib3/connectionpool.py:1099: InsecureRequestWarning: Unverified HTTPS request is being made to host 'randomuser.me'. Adding certificate verification is strongly advised. See: https://urllib3.readthedocs.io/en/latest/advanced-usage.html#tls-warnings
  warnings.warn(</msg>
<msg time="2024-08-08T10:16:16.318023" level="INFO">${response} = &lt;Response [200]&gt;</msg>
<var>${response}</var>
<arg>consultarAPI</arg>
<arg>/api</arg>
<doc>Sends a GET request on a previously created HTTP Session.</doc>
<status status="PASS" start="2024-08-08T10:16:10.568148" elapsed="5.749918"/>
</kw>
<kw name="Set Variable" owner="BuiltIn">
<msg time="2024-08-08T10:16:16.319257" level="INFO">${json_data} = {'results': [{'gender': 'female', 'name': {'title': 'Ms', 'first': 'Nicoline', 'last': 'Hansen'}, 'location': {'street': {'number': 9196, 'name': 'Landlystvej'}, 'city': 'Viby Sj.', 'state': 'Midtjyll...</msg>
<var>${json_data}</var>
<arg>${response.json()}</arg>
<doc>Returns the given values which can then be assigned to a variables.</doc>
<status status="PASS" start="2024-08-08T10:16:16.318694" elapsed="0.000591"/>
</kw>
<kw name="Log" owner="BuiltIn">
<msg time="2024-08-08T10:16:16.319785" level="INFO">{'results': [{'gender': 'female', 'name': {'title': 'Ms', 'first': 'Nicoline', 'last': 'Hansen'}, 'location': {'street': {'number': 9196, 'name': 'Landlystvej'}, 'city': 'Viby Sj.', 'state': 'Midtjylland', 'country': 'Denmark', 'postcode': 14837, 'coordinates': {'latitude': '-45.4433', 'longitude': '139.5535'}, 'timezone': {'offset': '+5:45', 'description': 'Kathmandu'}}, 'email': 'nicoline.hansen@example.com', 'login': {'uuid': 'b2bbe7f6-0a07-49d6-abd6-a4b25c498cb4', 'username': 'happyostrich366', 'password': 'stargate', 'salt': 'McCKZy5U', 'md5': 'f5d3d2fd7b37c2037f096335fbaa50ef', 'sha1': '3afbfae52bcf56ef9bf7dafc93132077a03617f0', 'sha256': 'bf80d3e35020e400eba7ea36dcdaa5c447c78f2b597b07cb71fe32886d7c6d2b'}, 'dob': {'date': '1983-10-13T04:04:12.730Z', 'age': 40}, 'registered': {'date': '2005-05-03T15:07:33.779Z', 'age': 19}, 'phone': '72657727', 'cell': '82726211', 'id': {'name': 'CPR', 'value': '121083-2721'}, 'picture': {'large': 'https://randomuser.me/api/portraits/women/32.jpg', 'medium': 'https://randomuser.me/api/portraits/med/women/32.jpg', 'thumbnail': 'https://randomuser.me/api/portraits/thumb/women/32.jpg'}, 'nat': 'DK'}], 'info': {'seed': '55a9116270647dd1', 'results': 1, 'page': 1, 'version': '1.4'}}</msg>
<arg>${json_data}</arg>
<doc>Logs the given message with the given level.</doc>
<status status="PASS" start="2024-08-08T10:16:16.319591" elapsed="0.000246"/>
</kw>
<kw name="Dictionary Should Contain Key" owner="Collections">
<arg>${json_data}</arg>
<arg>results</arg>
<doc>Fails if ``key`` is not found from ``dictionary``.</doc>
<status status="PASS" start="2024-08-08T10:16:16.320131" elapsed="0.000162"/>
</kw>
<kw name="Should Not Be Empty" owner="BuiltIn">
<msg time="2024-08-08T10:16:16.320601" level="INFO">Length is 2.</msg>
<arg>${json_data}</arg>
<doc>Verifies that the given item is not empty.</doc>
<status status="PASS" start="2024-08-08T10:16:16.320477" elapsed="0.000161"/>
</kw>
<kw name="Create List" owner="BuiltIn">
<msg time="2024-08-08T10:16:16.321073" level="INFO">${expected_keys} = ['gender', 'name', 'location', 'email', 'login']</msg>
<var>${expected_keys}</var>
<arg>gender</arg>
<arg>name</arg>
<arg>location</arg>
<arg>email</arg>
<arg>login</arg>
<doc>Returns a list containing given items.</doc>
<status status="PASS" start="2024-08-08T10:16:16.320918" elapsed="0.000179"/>
</kw>
<for flavor="IN">
<iter>
<kw name="Dictionary Should Contain Key" owner="Collections">
<arg>${json_data['results'][0]}</arg>
<arg>${key}</arg>
<doc>Fails if ``key`` is not found from ``dictionary``.</doc>
<status status="PASS" start="2024-08-08T10:16:16.321678" elapsed="0.000403"/>
</kw>
<kw name="Log" owner="BuiltIn">
<msg time="2024-08-08T10:16:16.322626" level="INFO">{'gender': 'female', 'name': {'title': 'Ms', 'first': 'Nicoline', 'last': 'Hansen'}, 'location': {'street': {'number': 9196, 'name': 'Landlystvej'}, 'city': 'Viby Sj.', 'state': 'Midtjylland', 'country': 'Denmark', 'postcode': 14837, 'coordinates': {'latitude': '-45.4433', 'longitude': '139.5535'}, 'timezone': {'offset': '+5:45', 'description': 'Kathmandu'}}, 'email': 'nicoline.hansen@example.com', 'login': {'uuid': 'b2bbe7f6-0a07-49d6-abd6-a4b25c498cb4', 'username': 'happyostrich366', 'password': 'stargate', 'salt': 'McCKZy5U', 'md5': 'f5d3d2fd7b37c2037f096335fbaa50ef', 'sha1': '3afbfae52bcf56ef9bf7dafc93132077a03617f0', 'sha256': 'bf80d3e35020e400eba7ea36dcdaa5c447c78f2b597b07cb71fe32886d7c6d2b'}, 'dob': {'date': '1983-10-13T04:04:12.730Z', 'age': 40}, 'registered': {'date': '2005-05-03T15:07:33.779Z', 'age': 19}, 'phone': '72657727', 'cell': '82726211', 'id': {'name': 'CPR', 'value': '121083-2721'}, 'picture': {'large': 'https://randomuser.me/api/portraits/women/32.jpg', 'medium': 'https://randomuser.me/api/portraits/med/women/32.jpg', 'thumbnail': 'https://randomuser.me/api/portraits/thumb/women/32.jpg'}, 'nat': 'DK'}</msg>
<arg>${json_data['results'][0]}</arg>
<doc>Logs the given message with the given level.</doc>
<status status="PASS" start="2024-08-08T10:16:16.322271" elapsed="0.000403"/>
</kw>
<kw name="Log" owner="BuiltIn">
<msg time="2024-08-08T10:16:16.323096" level="INFO">gender</msg>
<arg>${key}</arg>
<doc>Logs the given message with the given level.</doc>
<status status="PASS" start="2024-08-08T10:16:16.322969" elapsed="0.000166"/>
</kw>
<var name="${key}">gender</var>
<status status="PASS" start="2024-08-08T10:16:16.321553" elapsed="0.001798"/>
</iter>
<iter>
<kw name="Dictionary Should Contain Key" owner="Collections">
<arg>${json_data['results'][0]}</arg>
<arg>${key}</arg>
<doc>Fails if ``key`` is not found from ``dictionary``.</doc>
<status status="PASS" start="2024-08-08T10:16:16.323652" elapsed="0.000419"/>
</kw>
<kw name="Log" owner="BuiltIn">
<msg time="2024-08-08T10:16:16.324608" level="INFO">{'gender': 'female', 'name': {'title': 'Ms', 'first': 'Nicoline', 'last': 'Hansen'}, 'location': {'street': {'number': 9196, 'name': 'Landlystvej'}, 'city': 'Viby Sj.', 'state': 'Midtjylland', 'country': 'Denmark', 'postcode': 14837, 'coordinates': {'latitude': '-45.4433', 'longitude': '139.5535'}, 'timezone': {'offset': '+5:45', 'description': 'Kathmandu'}}, 'email': 'nicoline.hansen@example.com', 'login': {'uuid': 'b2bbe7f6-0a07-49d6-abd6-a4b25c498cb4', 'username': 'happyostrich366', 'password': 'stargate', 'salt': 'McCKZy5U', 'md5': 'f5d3d2fd7b37c2037f096335fbaa50ef', 'sha1': '3afbfae52bcf56ef9bf7dafc93132077a03617f0', 'sha256': 'bf80d3e35020e400eba7ea36dcdaa5c447c78f2b597b07cb71fe32886d7c6d2b'}, 'dob': {'date': '1983-10-13T04:04:12.730Z', 'age': 40}, 'registered': {'date': '2005-05-03T15:07:33.779Z', 'age': 19}, 'phone': '72657727', 'cell': '82726211', 'id': {'name': 'CPR', 'value': '121083-2721'}, 'picture': {'large': 'https://randomuser.me/api/portraits/women/32.jpg', 'medium': 'https://randomuser.me/api/portraits/med/women/32.jpg', 'thumbnail': 'https://randomuser.me/api/portraits/thumb/women/32.jpg'}, 'nat': 'DK'}</msg>
<arg>${json_data['results'][0]}</arg>
<doc>Logs the given message with the given level.</doc>
<status status="PASS" start="2024-08-08T10:16:16.324255" elapsed="0.000431"/>
</kw>
<kw name="Log" owner="BuiltIn">
<msg time="2024-08-08T10:16:16.325111" level="INFO">name</msg>
<arg>${key}</arg>
<doc>Logs the given message with the given level.</doc>
<status status="PASS" start="2024-08-08T10:16:16.324982" elapsed="0.000166"/>
</kw>
<var name="${key}">name</var>
<status status="PASS" start="2024-08-08T10:16:16.323536" elapsed="0.001830"/>
</iter>
<iter>
<kw name="Dictionary Should Contain Key" owner="Collections">
<arg>${json_data['results'][0]}</arg>
<arg>${key}</arg>
<doc>Fails if ``key`` is not found from ``dictionary``.</doc>
<status status="PASS" start="2024-08-08T10:16:16.325651" elapsed="0.000391"/>
</kw>
<kw name="Log" owner="BuiltIn">
<msg time="2024-08-08T10:16:16.326568" level="INFO">{'gender': 'female', 'name': {'title': 'Ms', 'first': 'Nicoline', 'last': 'Hansen'}, 'location': {'street': {'number': 9196, 'name': 'Landlystvej'}, 'city': 'Viby Sj.', 'state': 'Midtjylland', 'country': 'Denmark', 'postcode': 14837, 'coordinates': {'latitude': '-45.4433', 'longitude': '139.5535'}, 'timezone': {'offset': '+5:45', 'description': 'Kathmandu'}}, 'email': 'nicoline.hansen@example.com', 'login': {'uuid': 'b2bbe7f6-0a07-49d6-abd6-a4b25c498cb4', 'username': 'happyostrich366', 'password': 'stargate', 'salt': 'McCKZy5U', 'md5': 'f5d3d2fd7b37c2037f096335fbaa50ef', 'sha1': '3afbfae52bcf56ef9bf7dafc93132077a03617f0', 'sha256': 'bf80d3e35020e400eba7ea36dcdaa5c447c78f2b597b07cb71fe32886d7c6d2b'}, 'dob': {'date': '1983-10-13T04:04:12.730Z', 'age': 40}, 'registered': {'date': '2005-05-03T15:07:33.779Z', 'age': 19}, 'phone': '72657727', 'cell': '82726211', 'id': {'name': 'CPR', 'value': '121083-2721'}, 'picture': {'large': 'https://randomuser.me/api/portraits/women/32.jpg', 'medium': 'https://randomuser.me/api/portraits/med/women/32.jpg', 'thumbnail': 'https://randomuser.me/api/portraits/thumb/women/32.jpg'}, 'nat': 'DK'}</msg>
<arg>${json_data['results'][0]}</arg>
<doc>Logs the given message with the given level.</doc>
<status status="PASS" start="2024-08-08T10:16:16.326223" elapsed="0.000391"/>
</kw>
<kw name="Log" owner="BuiltIn">
<msg time="2024-08-08T10:16:16.327049" level="INFO">location</msg>
<arg>${key}</arg>
<doc>Logs the given message with the given level.</doc>
<status status="PASS" start="2024-08-08T10:16:16.326918" elapsed="0.000170"/>
</kw>
<var name="${key}">location</var>
<status status="PASS" start="2024-08-08T10:16:16.325542" elapsed="0.001764"/>
</iter>
<iter>
<kw name="Dictionary Should Contain Key" owner="Collections">
<arg>${json_data['results'][0]}</arg>
<arg>${key}</arg>
<doc>Fails if ``key`` is not found from ``dictionary``.</doc>
<status status="PASS" start="2024-08-08T10:16:16.327587" elapsed="0.000421"/>
</kw>
<kw name="Log" owner="BuiltIn">
<msg time="2024-08-08T10:16:16.328659" level="INFO">{'gender': 'female', 'name': {'title': 'Ms', 'first': 'Nicoline', 'last': 'Hansen'}, 'location': {'street': {'number': 9196, 'name': 'Landlystvej'}, 'city': 'Viby Sj.', 'state': 'Midtjylland', 'country': 'Denmark', 'postcode': 14837, 'coordinates': {'latitude': '-45.4433', 'longitude': '139.5535'}, 'timezone': {'offset': '+5:45', 'description': 'Kathmandu'}}, 'email': 'nicoline.hansen@example.com', 'login': {'uuid': 'b2bbe7f6-0a07-49d6-abd6-a4b25c498cb4', 'username': 'happyostrich366', 'password': 'stargate', 'salt': 'McCKZy5U', 'md5': 'f5d3d2fd7b37c2037f096335fbaa50ef', 'sha1': '3afbfae52bcf56ef9bf7dafc93132077a03617f0', 'sha256': 'bf80d3e35020e400eba7ea36dcdaa5c447c78f2b597b07cb71fe32886d7c6d2b'}, 'dob': {'date': '1983-10-13T04:04:12.730Z', 'age': 40}, 'registered': {'date': '2005-05-03T15:07:33.779Z', 'age': 19}, 'phone': '72657727', 'cell': '82726211', 'id': {'name': 'CPR', 'value': '121083-2721'}, 'picture': {'large': 'https://randomuser.me/api/portraits/women/32.jpg', 'medium': 'https://randomuser.me/api/portraits/med/women/32.jpg', 'thumbnail': 'https://randomuser.me/api/portraits/thumb/women/32.jpg'}, 'nat': 'DK'}</msg>
<arg>${json_data['results'][0]}</arg>
<doc>Logs the given message with the given level.</doc>
<status status="PASS" start="2024-08-08T10:16:16.328309" elapsed="0.000396"/>
</kw>
<kw name="Log" owner="BuiltIn">
<msg time="2024-08-08T10:16:16.329132" level="INFO">email</msg>
<arg>${key}</arg>
<doc>Logs the given message with the given level.</doc>
<status status="PASS" start="2024-08-08T10:16:16.329001" elapsed="0.000169"/>
</kw>
<var name="${key}">email</var>
<status status="PASS" start="2024-08-08T10:16:16.327479" elapsed="0.001909"/>
</iter>
<iter>
<kw name="Dictionary Should Contain Key" owner="Collections">
<arg>${json_data['results'][0]}</arg>
<arg>${key}</arg>
<doc>Fails if ``key`` is not found from ``dictionary``.</doc>
<status status="PASS" start="2024-08-08T10:16:16.329669" elapsed="0.000371"/>
</kw>
<kw name="Log" owner="BuiltIn">
<msg time="2024-08-08T10:16:16.330568" level="INFO">{'gender': 'female', 'name': {'title': 'Ms', 'first': 'Nicoline', 'last': 'Hansen'}, 'location': {'street': {'number': 9196, 'name': 'Landlystvej'}, 'city': 'Viby Sj.', 'state': 'Midtjylland', 'country': 'Denmark', 'postcode': 14837, 'coordinates': {'latitude': '-45.4433', 'longitude': '139.5535'}, 'timezone': {'offset': '+5:45', 'description': 'Kathmandu'}}, 'email': 'nicoline.hansen@example.com', 'login': {'uuid': 'b2bbe7f6-0a07-49d6-abd6-a4b25c498cb4', 'username': 'happyostrich366', 'password': 'stargate', 'salt': 'McCKZy5U', 'md5': 'f5d3d2fd7b37c2037f096335fbaa50ef', 'sha1': '3afbfae52bcf56ef9bf7dafc93132077a03617f0', 'sha256': 'bf80d3e35020e400eba7ea36dcdaa5c447c78f2b597b07cb71fe32886d7c6d2b'}, 'dob': {'date': '1983-10-13T04:04:12.730Z', 'age': 40}, 'registered': {'date': '2005-05-03T15:07:33.779Z', 'age': 19}, 'phone': '72657727', 'cell': '82726211', 'id': {'name': 'CPR', 'value': '121083-2721'}, 'picture': {'large': 'https://randomuser.me/api/portraits/women/32.jpg', 'medium': 'https://randomuser.me/api/portraits/med/women/32.jpg', 'thumbnail': 'https://randomuser.me/api/portraits/thumb/women/32.jpg'}, 'nat': 'DK'}</msg>
<arg>${json_data['results'][0]}</arg>
<doc>Logs the given message with the given level.</doc>
<status status="PASS" start="2024-08-08T10:16:16.330219" elapsed="0.000394"/>
</kw>
<kw name="Log" owner="BuiltIn">
<msg time="2024-08-08T10:16:16.331031" level="INFO">login</msg>
<arg>${key}</arg>
<doc>Logs the given message with the given level.</doc>
<status status="PASS" start="2024-08-08T10:16:16.330903" elapsed="0.000165"/>
</kw>
<var name="${key}">login</var>
<status status="PASS" start="2024-08-08T10:16:16.329561" elapsed="0.001721"/>
</iter>
<var>${key}</var>
<value>@{expected_keys}</value>
<status status="PASS" start="2024-08-08T10:16:16.321362" elapsed="0.010040"/>
</for>
<kw name="Create List" owner="BuiltIn">
<msg time="2024-08-08T10:16:16.331742" level="INFO">${expected_keysTwo} = ['username', 'password']</msg>
<var>${expected_keysTwo}</var>
<arg>username</arg>
<arg>password</arg>
<doc>Returns a list containing given items.</doc>
<status status="PASS" start="2024-08-08T10:16:16.331589" elapsed="0.000185"/>
</kw>
<for flavor="IN">
<iter>
<kw name="Dictionary Should Contain Key" owner="Collections">
<arg>${json_data['results'][0]['login']}</arg>
<arg>${keyTwo}</arg>
<doc>Fails if ``key`` is not found from ``dictionary``.</doc>
<status status="PASS" start="2024-08-08T10:16:16.332313" elapsed="0.000387"/>
</kw>
<kw name="Dictionary Should Contain Key" owner="Collections">
<arg>${json_data['results'][0]['login']}</arg>
<arg>${keyTwo}</arg>
<doc>Fails if ``key`` is not found from ``dictionary``.</doc>
<status status="PASS" start="2024-08-08T10:16:16.332885" elapsed="0.000370"/>
</kw>
<kw name="Log" owner="BuiltIn">
<msg time="2024-08-08T10:16:16.333551" level="INFO">username</msg>
<arg>${keyTwo}</arg>
<doc>Logs the given message with the given level.</doc>
<status status="PASS" start="2024-08-08T10:16:16.333432" elapsed="0.000156"/>
</kw>
<var name="${keyTwo}">username</var>
<status status="PASS" start="2024-08-08T10:16:16.332206" elapsed="0.001600"/>
</iter>
<iter>
<kw name="Dictionary Should Contain Key" owner="Collections">
<arg>${json_data['results'][0]['login']}</arg>
<arg>${keyTwo}</arg>
<doc>Fails if ``key`` is not found from ``dictionary``.</doc>
<status status="PASS" start="2024-08-08T10:16:16.334084" elapsed="0.000392"/>
</kw>
<kw name="Dictionary Should Contain Key" owner="Collections">
<arg>${json_data['results'][0]['login']}</arg>
<arg>${keyTwo}</arg>
<doc>Fails if ``key`` is not found from ``dictionary``.</doc>
<status status="PASS" start="2024-08-08T10:16:16.334655" elapsed="0.000369"/>
</kw>
<kw name="Log" owner="BuiltIn">
<msg time="2024-08-08T10:16:16.335319" level="INFO">password</msg>
<arg>${keyTwo}</arg>
<doc>Logs the given message with the given level.</doc>
<status status="PASS" start="2024-08-08T10:16:16.335199" elapsed="0.000157"/>
</kw>
<var name="${keyTwo}">password</var>
<status status="PASS" start="2024-08-08T10:16:16.333978" elapsed="0.001596"/>
</iter>
<var>${keyTwo}</var>
<value>@{expected_keysTwo}</value>
<status status="PASS" start="2024-08-08T10:16:16.332052" elapsed="0.003643"/>
</for>
<status status="PASS" start="2024-08-08T10:16:10.567915" elapsed="5.767960"/>
</kw>
<doc>Testa a estrutura da resposta da API.</doc>
<tag>testeEstruturaResposta</tag>
<status status="PASS" start="2024-08-08T10:16:10.567296" elapsed="5.768749"/>
</test>
<test id="s1-s1-t4" name="Validar tipos de dados" line="28">
<kw name="Teste de Tipos de Dados" owner="random-user-service">
<kw name="GET On Session" owner="RequestsLibrary">
<msg time="2024-08-08T10:16:22.628963" level="INFO">GET Request : url=https://randomuser.me/api 
 path_url=/api 
 headers={'User-Agent': 'python-requests/2.32.3', 'Accept-Encoding': 'gzip, deflate', 'Accept': '*/*', 'Connection': 'keep-alive'} 
 body=None 
 </msg>
<msg time="2024-08-08T10:16:22.629069" level="INFO">GET Response : url=https://randomuser.me/api 
 status=200, reason=OK 
 headers={'Date': 'Thu, 08 Aug 2024 10:16:22 GMT', 'Content-Type': 'application/json; charset=utf-8', 'Transfer-Encoding': 'chunked', 'Connection': 'keep-alive', 'X-Powered-By': 'Express', 'Access-Control-Allow-Origin': '*', 'Cache-Control': 'no-cache', 'ETag': 'W/"4a2-1M/g/irClHNmz07e012L/gKdvPA"', 'Vary': 'Accept-Encoding', 'Content-Encoding': 'gzip', 'CF-Cache-Status': 'DYNAMIC', 'Report-To': '{"endpoints":[{"url":"https:\\/\\/a.nel.cloudflare.com\\/report\\/v4?s=Odgj12DPvCgDvVpTFsWpwirA6PlQ8BOflgMRErfuNyiyGsCUDYktzOw%2F64acudIUHUAFvFTkzsvXYtchcTKkpEiGeTCPjXsz5s1E2EWXDDAwHcFEG4oAPTNy6ocb95%2Fo"}],"group":"cf-nel","max_age":604800}', 'NEL': '{"success_fraction":0,"report_to":"cf-nel","max_age":604800}', 'Server': 'cloudflare', 'CF-RAY': '8afebffe2d6b0832-IAD', 'alt-svc': 'h3=":443"; ma=86400'} 
 body={"results":[{"gender":"female","name":{"title":"Mrs","first":"Lucile","last":"Lambert"},"location":{"street":{"number":7285,"name":"Rue Abel-Gance"},"city":"Aix-En-Provence","state":"Haut-Rhin","country":"France","postcode":63564,"coordinates":{"latitude":"-18.8850","longitude":"129.2674"},"timezone":{"offset":"-1:00","description":"Azores, Cape Verde Islands"}},"email":"lucile.lambert@example.com","login":{"uuid":"a7a6b505-94ac-4406-86ab-bb25c9122524","username":"sadpeacock765","password":"onlyme","salt":"tPXsaxbA","md5":"0d9f209b4bc2c5d43968268a1213f012","sha1":"1aafb0f44806133de8c434837e04031cafce85c8","sha256":"e6daf6e496da62c8265205d70cce6c54b8326d1edeb4415e01209cc3811f31db"},"dob":{"date":"1953-08-21T16:06:59.480Z","age":70},"registered":{"date":"2009-03-05T22:30:56.791Z","age":15},"phone":"03-11-13-12-11","cell":"06-93-44-42-34","id":{"name":"INSEE","value":"2530780137500 54"},"picture":{"large":"https://randomuser.me/api/portraits/women/76.jpg","medium":"https://randomuser.me/api/portraits/med/women/76.jpg","thumbnail":"https://randomuser.me/api/portraits/thumb/women/76.jpg"},"nat":"FR"}],"info":{"seed":"265482a007d94a7e","results":1,"page":1,"version":"1.4"}} 
 </msg>
<msg time="2024-08-08T10:16:22.629151" level="INFO">/opt/hostedtoolcache/Python/3.12.4/x64/lib/python3.12/site-packages/urllib3/connectionpool.py:1099: InsecureRequestWarning: Unverified HTTPS request is being made to host 'randomuser.me'. Adding certificate verification is strongly advised. See: https://urllib3.readthedocs.io/en/latest/advanced-usage.html#tls-warnings
  warnings.warn(</msg>
<msg time="2024-08-08T10:16:22.629275" level="INFO">${response} = &lt;Response [200]&gt;</msg>
<var>${response}</var>
<arg>consultarAPI</arg>
<arg>/api</arg>
<doc>Sends a GET request on a previously created HTTP Session.</doc>
<status status="PASS" start="2024-08-08T10:16:16.338626" elapsed="6.290708"/>
</kw>
<kw name="Set Variable" owner="BuiltIn">
<msg time="2024-08-08T10:16:22.630372" level="INFO">${json_data} = {'results': [{'gender': 'female', 'name': {'title': 'Mrs', 'first': 'Lucile', 'last': 'Lambert'}, 'location': {'street': {'number': 7285, 'name': 'Rue Abel-Gance'}, 'city': 'Aix-En-Provence', 'state':...</msg>
<var>${json_data}</var>
<arg>${response.json()}</arg>
<doc>Returns the given values which can then be assigned to a variables.</doc>
<status status="PASS" start="2024-08-08T10:16:22.629845" elapsed="0.000555"/>
</kw>
<kw name="Log" owner="BuiltIn">
<msg time="2024-08-08T10:16:22.630854" level="INFO">{'results': [{'gender': 'female', 'name': {'title': 'Mrs', 'first': 'Lucile', 'last': 'Lambert'}, 'location': {'street': {'number': 7285, 'name': 'Rue Abel-Gance'}, 'city': 'Aix-En-Provence', 'state': 'Haut-Rhin', 'country': 'France', 'postcode': 63564, 'coordinates': {'latitude': '-18.8850', 'longitude': '129.2674'}, 'timezone': {'offset': '-1:00', 'description': 'Azores, Cape Verde Islands'}}, 'email': 'lucile.lambert@example.com', 'login': {'uuid': 'a7a6b505-94ac-4406-86ab-bb25c9122524', 'username': 'sadpeacock765', 'password': 'onlyme', 'salt': 'tPXsaxbA', 'md5': '0d9f209b4bc2c5d43968268a1213f012', 'sha1': '1aafb0f44806133de8c434837e04031cafce85c8', 'sha256': 'e6daf6e496da62c8265205d70cce6c54b8326d1edeb4415e01209cc3811f31db'}, 'dob': {'date': '1953-08-21T16:06:59.480Z', 'age': 70}, 'registered': {'date': '2009-03-05T22:30:56.791Z', 'age': 15}, 'phone': '03-11-13-12-11', 'cell': '06-93-44-42-34', 'id': {'name': 'INSEE', 'value': '2530780137500 54'}, 'picture': {'large': 'https://randomuser.me/api/portraits/women/76.jpg', 'medium': 'https://randomuser.me/api/portraits/med/women/76.jpg', 'thumbnail': 'https://randomuser.me/api/portraits/thumb/women/76.jpg'}, 'nat': 'FR'}], 'info': {'seed': '265482a007d94a7e', 'results': 1, 'page': 1, 'version': '1.4'}}</msg>
<arg>${json_data}</arg>
<doc>Logs the given message with the given level.</doc>
<status status="PASS" start="2024-08-08T10:16:22.630699" elapsed="0.000202"/>
</kw>
<kw name="Should Be String" owner="String">
<arg>${json_data['results'][0]['gender']}</arg>
<doc>Fails if the given ``item`` is not a string.</doc>
<status status="PASS" start="2024-08-08T10:16:22.631189" elapsed="0.000358"/>
</kw>
<kw name="Should Match Regexp" owner="BuiltIn">
<arg>${json_data['results'][0]['email']}</arg>
<arg>^[a-zA-Z0-9._%+-]+@[a-zA-Z0-9.-]+\.[a-zA-Z]{2,}$</arg>
<doc>Fails if ``string`` does not match ``pattern`` as a regular expression.</doc>
<status status="PASS" start="2024-08-08T10:16:22.631771" elapsed="0.000532"/>
</kw>
<kw name="Should Match Regexp" owner="BuiltIn">
<arg>${json_data['results'][0]['dob']['date']}</arg>
<arg>\\d{4}-\\d{2}-\\d{2}T\\d{2}:\\d{2}:\\d{2}\\.\\d{3}Z</arg>
<doc>Fails if ``string`` does not match ``pattern`` as a regular expression.</doc>
<status status="PASS" start="2024-08-08T10:16:22.632537" elapsed="0.000636"/>
</kw>
<kw name="Should Match Regexp" owner="BuiltIn">
<arg>${json_data['results'][0]['registered']['date']}</arg>
<arg>\\d{4}-\\d{2}-\\d{2}T\\d{2}:\\d{2}:\\d{2}\\.\\d{3}Z</arg>
<doc>Fails if ``string`` does not match ``pattern`` as a regular expression.</doc>
<status status="PASS" start="2024-08-08T10:16:22.633365" elapsed="0.000366"/>
</kw>
<kw name="Should Match Regexp" owner="BuiltIn">
<arg>${json_data['results'][0]['picture']['large']}</arg>
<arg>^https?://.*\.(?:png|jpe?g|gif|bmp)$</arg>
<doc>Fails if ``string`` does not match ``pattern`` as a regular expression.</doc>
<status status="PASS" start="2024-08-08T10:16:22.633911" elapsed="0.000460"/>
</kw>
<kw name="Should Match Regexp" owner="BuiltIn">
<arg>${json_data['results'][0]['picture']['medium']}</arg>
<arg>^https?://.*\.(?:png|jpe?g|gif|bmp)$</arg>
<doc>Fails if ``string`` does not match ``pattern`` as a regular expression.</doc>
<status status="PASS" start="2024-08-08T10:16:22.634558" elapsed="0.000354"/>
</kw>
<kw name="Should Match Regexp" owner="BuiltIn">
<arg>${json_data['results'][0]['picture']['thumbnail']}</arg>
<arg>^https?://.*\.(?:png|jpe?g|gif|bmp)$</arg>
<doc>Fails if ``string`` does not match ``pattern`` as a regular expression.</doc>
<status status="PASS" start="2024-08-08T10:16:22.635094" elapsed="0.000349"/>
</kw>
<kw name="Log" owner="BuiltIn">
<msg time="2024-08-08T10:16:22.635972" level="INFO">{'large': 'https://randomuser.me/api/portraits/women/76.jpg', 'medium': 'https://randomuser.me/api/portraits/med/women/76.jpg', 'thumbnail': 'https://randomuser.me/api/portraits/thumb/women/76.jpg'}</msg>
<arg>${json_data['results'][0]['picture']}</arg>
<doc>Logs the given message with the given level.</doc>
<status status="PASS" start="2024-08-08T10:16:22.635621" elapsed="0.000394"/>
</kw>
<status status="PASS" start="2024-08-08T10:16:16.338400" elapsed="6.297872"/>
</kw>
<kw name="Teste de Tipos de Dados - Postcode" owner="random-user-service">
<kw name="GET On Session" owner="RequestsLibrary">
<msg time="2024-08-08T10:16:27.771858" level="INFO">GET Request : url=https://randomuser.me/api 
 path_url=/api 
 headers={'User-Agent': 'python-requests/2.32.3', 'Accept-Encoding': 'gzip, deflate', 'Accept': '*/*', 'Connection': 'keep-alive'} 
 body=None 
 </msg>
<msg time="2024-08-08T10:16:27.771955" level="INFO">GET Response : url=https://randomuser.me/api 
 status=200, reason=OK 
 headers={'Date': 'Thu, 08 Aug 2024 10:16:27 GMT', 'Content-Type': 'application/json; charset=utf-8', 'Transfer-Encoding': 'chunked', 'Connection': 'keep-alive', 'X-Powered-By': 'Express', 'Access-Control-Allow-Origin': '*', 'Cache-Control': 'no-cache', 'ETag': 'W/"498-8P8wxAm8mFKuLuIX+Cqnb9KNIhY"', 'Vary': 'Accept-Encoding', 'Content-Encoding': 'gzip', 'CF-Cache-Status': 'DYNAMIC', 'Report-To': '{"endpoints":[{"url":"https:\\/\\/a.nel.cloudflare.com\\/report\\/v4?s=CBsZwHEFBjgK1k%2BVDValFPTqy21cw16RtureYXMqNjPBYyLnQY01U5XXTuGxJUCZF4MhmQyxiUO9ZPKc3ute3eJk4GV85mR5f96OL5HyUy56tixrfxSS%2FQOCfjRvVnHh"}],"group":"cf-nel","max_age":604800}', 'NEL': '{"success_fraction":0,"report_to":"cf-nel","max_age":604800}', 'Server': 'cloudflare', 'CF-RAY': '8afec0258bbf0832-IAD', 'alt-svc': 'h3=":443"; ma=86400'} 
 body={"results":[{"gender":"male","name":{"title":"Mr","first":"Oliver","last":"Hughes"},"location":{"street":{"number":2485,"name":"Albany Expressway"},"city":"Greymouth","state":"Bay of Plenty","country":"New Zealand","postcode":48484,"coordinates":{"latitude":"47.4059","longitude":"-143.6286"},"timezone":{"offset":"+3:00","description":"Baghdad, Riyadh, Moscow, St. Petersburg"}},"email":"oliver.hughes@example.com","login":{"uuid":"c4830316-edd3-4ae2-ad0d-1d025d28e50c","username":"angrysnake186","password":"surfing","salt":"611pO6j3","md5":"327165e7ebb7f128d18637c885c03685","sha1":"9de1b7894eb4ff8aa57536404909797ea60b6d1a","sha256":"b018968f7752e8933c94d1026fc4b6f71e2b30fb4fe972b2f773b93adfe6af68"},"dob":{"date":"1993-05-15T03:49:08.223Z","age":31},"registered":{"date":"2003-03-14T18:41:23.704Z","age":21},"phone":"(381)-593-0798","cell":"(559)-606-4637","id":{"name":"","value":null},"picture":{"large":"https://randomuser.me/api/portraits/men/17.jpg","medium":"https://randomuser.me/api/portraits/med/men/17.jpg","thumbnail":"https://randomuser.me/api/portraits/thumb/men/17.jpg"},"nat":"NZ"}],"info":{"seed":"973881a7b4afbbbe","results":1,"page":1,"version":"1.4"}} 
 </msg>
<msg time="2024-08-08T10:16:27.772024" level="INFO">/opt/hostedtoolcache/Python/3.12.4/x64/lib/python3.12/site-packages/urllib3/connectionpool.py:1099: InsecureRequestWarning: Unverified HTTPS request is being made to host 'randomuser.me'. Adding certificate verification is strongly advised. See: https://urllib3.readthedocs.io/en/latest/advanced-usage.html#tls-warnings
  warnings.warn(</msg>
<msg time="2024-08-08T10:16:27.772139" level="INFO">${response} = &lt;Response [200]&gt;</msg>
<var>${response}</var>
<arg>consultarAPI</arg>
<arg>/api</arg>
<doc>Sends a GET request on a previously created HTTP Session.</doc>
<status status="PASS" start="2024-08-08T10:16:22.636717" elapsed="5.135468"/>
</kw>
<kw name="Set Variable" owner="BuiltIn">
<msg time="2024-08-08T10:16:27.773221" level="INFO">${json_data} = {'results': [{'gender': 'male', 'name': {'title': 'Mr', 'first': 'Oliver', 'last': 'Hughes'}, 'location': {'street': {'number': 2485, 'name': 'Albany Expressway'}, 'city': 'Greymouth', 'state': 'Bay o...</msg>
<var>${json_data}</var>
<arg>${response.json()}</arg>
<doc>Returns the given values which can then be assigned to a variables.</doc>
<status status="PASS" start="2024-08-08T10:16:27.772702" elapsed="0.000547"/>
</kw>
<kw name="Log" owner="BuiltIn">
<msg time="2024-08-08T10:16:27.773707" level="INFO">{'results': [{'gender': 'male', 'name': {'title': 'Mr', 'first': 'Oliver', 'last': 'Hughes'}, 'location': {'street': {'number': 2485, 'name': 'Albany Expressway'}, 'city': 'Greymouth', 'state': 'Bay of Plenty', 'country': 'New Zealand', 'postcode': 48484, 'coordinates': {'latitude': '47.4059', 'longitude': '-143.6286'}, 'timezone': {'offset': '+3:00', 'description': 'Baghdad, Riyadh, Moscow, St. Petersburg'}}, 'email': 'oliver.hughes@example.com', 'login': {'uuid': 'c4830316-edd3-4ae2-ad0d-1d025d28e50c', 'username': 'angrysnake186', 'password': 'surfing', 'salt': '611pO6j3', 'md5': '327165e7ebb7f128d18637c885c03685', 'sha1': '9de1b7894eb4ff8aa57536404909797ea60b6d1a', 'sha256': 'b018968f7752e8933c94d1026fc4b6f71e2b30fb4fe972b2f773b93adfe6af68'}, 'dob': {'date': '1993-05-15T03:49:08.223Z', 'age': 31}, 'registered': {'date': '2003-03-14T18:41:23.704Z', 'age': 21}, 'phone': '(381)-593-0798', 'cell': '(559)-606-4637', 'id': {'name': '', 'value': None}, 'picture': {'large': 'https://randomuser.me/api/portraits/men/17.jpg', 'medium': 'https://randomuser.me/api/portraits/med/men/17.jpg', 'thumbnail': 'https://randomuser.me/api/portraits/thumb/men/17.jpg'}, 'nat': 'NZ'}], 'info': {'seed': '973881a7b4afbbbe', 'results': 1, 'page': 1, 'version': '1.4'}}</msg>
<arg>${json_data}</arg>
<doc>Logs the given message with the given level.</doc>
<status status="PASS" start="2024-08-08T10:16:27.773552" elapsed="0.000200"/>
</kw>
<kw name="Should Be Equal As Numbers" owner="BuiltIn">
<arg>${json_data['results'][0]['location']['postcode']}</arg>
<arg>${json_data['results'][0]['location']['postcode']}</arg>
<doc>Fails if objects are unequal after converting them to real numbers.</doc>
<status status="PASS" start="2024-08-08T10:16:27.774043" elapsed="0.000619"/>
</kw>
<kw name="Log" owner="BuiltIn">
<msg time="2024-08-08T10:16:27.775184" level="INFO">48484</msg>
<arg>${json_data['results'][0]['location']['postcode']}</arg>
<doc>Logs the given message with the given level.</doc>
<status status="PASS" start="2024-08-08T10:16:27.774848" elapsed="0.000376"/>
</kw>
<status status="PASS" start="2024-08-08T10:16:22.636495" elapsed="5.139016"/>
</kw>
<doc>Testa se os tipos de dados na resposta da API estão corretos.</doc>
<tag>testeTiposDados</tag>
<status status="PASS" start="2024-08-08T10:16:16.337846" elapsed="11.437841"/>
</test>
<test id="s1-s1-t5" name="Validar conteudo" line="35">
<kw name="Teste de Tipos de Conteudo" owner="random-user-service">
<kw name="GET On Session" owner="RequestsLibrary">
<msg time="2024-08-08T10:16:32.274539" level="INFO">GET Request : url=https://randomuser.me/api 
 path_url=/api 
 headers={'User-Agent': 'python-requests/2.32.3', 'Accept-Encoding': 'gzip, deflate', 'Accept': '*/*', 'Connection': 'keep-alive'} 
 body=None 
 </msg>
<msg time="2024-08-08T10:16:32.274639" level="INFO">GET Response : url=https://randomuser.me/api 
 status=200, reason=OK 
 headers={'Date': 'Thu, 08 Aug 2024 10:16:32 GMT', 'Content-Type': 'application/json; charset=utf-8', 'Transfer-Encoding': 'chunked', 'Connection': 'keep-alive', 'X-Powered-By': 'Express', 'Access-Control-Allow-Origin': '*', 'Cache-Control': 'no-cache', 'ETag': 'W/"476-PtYMT+3yEWcf/yPZxWAe5InIh3U"', 'Vary': 'Accept-Encoding', 'Content-Encoding': 'gzip', 'CF-Cache-Status': 'DYNAMIC', 'Report-To': '{"endpoints":[{"url":"https:\\/\\/a.nel.cloudflare.com\\/report\\/v4?s=giyVNvRjCU9ArJvj6NB561mCvO5yXc0eeAJIhqhC2HOo7CSn%2B2uCQfWNNIbj0g2j%2FY%2BHgjeYZX2JMjZCXyrMjyeJYAEMAWp6F0pJKzfpfoEbfrxO6co4JbvoLvyAu%2BNq"}],"group":"cf-nel","max_age":604800}', 'NEL': '{"success_fraction":0,"report_to":"cf-nel","max_age":604800}', 'Server': 'cloudflare', 'CF-RAY': '8afec045adeb0832-IAD', 'alt-svc': 'h3=":443"; ma=86400'} 
 body={"results":[{"gender":"male","name":{"title":"Mr","first":"Tom","last":"Solstad"},"location":{"street":{"number":5951,"name":"Frits Kiærs vei"},"city":"Isebakke","state":"Akershus","country":"Norway","postcode":"6657","coordinates":{"latitude":"43.1373","longitude":"-23.3070"},"timezone":{"offset":"+7:00","description":"Bangkok, Hanoi, Jakarta"}},"email":"tom.solstad@example.com","login":{"uuid":"ecc93502-d37e-4d35-844f-2f18cfde9822","username":"crazyzebra228","password":"dollar","salt":"1mC42nts","md5":"1fd2d28ede186baef047c0bb1ba0550e","sha1":"a57c7b4f25603bc6544f6ab84c57d10b52820d6b","sha256":"396f27c7d566e0ccec3d0cf4881b9b568cdede8bc5ed9c759881328a92e23ab7"},"dob":{"date":"1999-08-28T12:09:07.309Z","age":24},"registered":{"date":"2004-03-18T19:00:33.045Z","age":20},"phone":"79895511","cell":"49363802","id":{"name":"FN","value":"28089927333"},"picture":{"large":"https://randomuser.me/api/portraits/men/52.jpg","medium":"https://randomuser.me/api/portraits/med/men/52.jpg","thumbnail":"https://randomuser.me/api/portraits/thumb/men/52.jpg"},"nat":"NO"}],"info":{"seed":"2a3e8fc1e3f06466","results":1,"page":1,"version":"1.4"}} 
 </msg>
<msg time="2024-08-08T10:16:32.274714" level="INFO">/opt/hostedtoolcache/Python/3.12.4/x64/lib/python3.12/site-packages/urllib3/connectionpool.py:1099: InsecureRequestWarning: Unverified HTTPS request is being made to host 'randomuser.me'. Adding certificate verification is strongly advised. See: https://urllib3.readthedocs.io/en/latest/advanced-usage.html#tls-warnings
  warnings.warn(</msg>
<msg time="2024-08-08T10:16:32.274851" level="INFO">${response} = &lt;Response [200]&gt;</msg>
<var>${response}</var>
<arg>consultarAPI</arg>
<arg>/api</arg>
<doc>Sends a GET request on a previously created HTTP Session.</doc>
<status status="PASS" start="2024-08-08T10:16:27.778152" elapsed="4.496739"/>
</kw>
<kw name="Set Variable" owner="BuiltIn">
<msg time="2024-08-08T10:16:32.276109" level="INFO">${json_data} = {'results': [{'gender': 'male', 'name': {'title': 'Mr', 'first': 'Tom', 'last': 'Solstad'}, 'location': {'street': {'number': 5951, 'name': 'Frits Kiærs vei'}, 'city': 'Isebakke', 'state': 'Akershus',...</msg>
<var>${json_data}</var>
<arg>${response.json()}</arg>
<doc>Returns the given values which can then be assigned to a variables.</doc>
<status status="PASS" start="2024-08-08T10:16:32.275502" elapsed="0.000637"/>
</kw>
<kw name="Set Variable" owner="BuiltIn">
<msg time="2024-08-08T10:16:32.276840" level="INFO">${name_title} = Mr</msg>
<var>${name_title}</var>
<arg>${json_data["results"][0]["name"]["title"]}</arg>
<doc>Returns the given values which can then be assigned to a variables.</doc>
<status status="PASS" start="2024-08-08T10:16:32.276451" elapsed="0.000416"/>
</kw>
<kw name="Create List" owner="BuiltIn">
<msg time="2024-08-08T10:16:32.277316" level="INFO">${allowed_titles} = ['Mr', 'Ms', 'Miss', 'Mrs', 'Madame', 'Monsieur']</msg>
<var>${allowed_titles}</var>
<arg>Mr</arg>
<arg>Ms</arg>
<arg>Miss</arg>
<arg>Mrs</arg>
<arg>Madame</arg>
<arg>Monsieur</arg>
<doc>Returns a list containing given items.</doc>
<status status="PASS" start="2024-08-08T10:16:32.277164" elapsed="0.000177"/>
</kw>
<kw name="List Should Contain Value" owner="Collections">
<arg>${allowed_titles}</arg>
<arg>${name_title}</arg>
<doc>Fails if the ``value`` is not found from ``list``.</doc>
<status status="PASS" start="2024-08-08T10:16:32.277638" elapsed="0.000179"/>
</kw>
<kw name="Set Variable" owner="BuiltIn">
<msg time="2024-08-08T10:16:32.278380" level="INFO">${name_country} = NO</msg>
<var>${name_country}</var>
<arg>${json_data["results"][0]["nat"]}</arg>
<doc>Returns the given values which can then be assigned to a variables.</doc>
<status status="PASS" start="2024-08-08T10:16:32.278002" elapsed="0.000403"/>
</kw>
<kw name="Create List" owner="BuiltIn">
<msg time="2024-08-08T10:16:32.279290" level="INFO">${list_country} = ['AD', 'AE', 'AF', 'AG', 'AI', 'AL', 'AM', 'AO', 'AQ', 'AR', 'AS', 'AT', 'AU', 'AW', 'AX', 'AZ', 'BA', 'BB', 'BD', 'BE', 'BF', 'BG', 'BH', 'BI', 'BJ', 'BL', 'BM', 'BN', 'BO', 'BQ', 'BR', 'BS', 'BT', '...</msg>
<var>${list_country}</var>
<arg>AD</arg>
<arg>AE</arg>
<arg>AF</arg>
<arg>AG</arg>
<arg>AI</arg>
<arg>AL</arg>
<arg>AM</arg>
<arg>AO</arg>
<arg>AQ</arg>
<arg>AR</arg>
<arg>AS</arg>
<arg>AT</arg>
<arg>AU</arg>
<arg>AW</arg>
<arg>AX</arg>
<arg>AZ</arg>
<arg>BA</arg>
<arg>BB</arg>
<arg>BD</arg>
<arg>BE</arg>
<arg>BF</arg>
<arg>BG</arg>
<arg>BH</arg>
<arg>BI</arg>
<arg>BJ</arg>
<arg>BL</arg>
<arg>BM</arg>
<arg>BN</arg>
<arg>BO</arg>
<arg>BQ</arg>
<arg>BR</arg>
<arg>BS</arg>
<arg>BT</arg>
<arg>BV</arg>
<arg>BW</arg>
<arg>BY</arg>
<arg>BZ</arg>
<arg>CA</arg>
<arg>CC</arg>
<arg>CD</arg>
<arg>CF</arg>
<arg>CG</arg>
<arg>CH</arg>
<arg>CI</arg>
<arg>CK</arg>
<arg>CL</arg>
<arg>CM</arg>
<arg>CN</arg>
<arg>CO</arg>
<arg>CR</arg>
<arg>CU</arg>
<arg>CV</arg>
<arg>CW</arg>
<arg>CX</arg>
<arg>CY</arg>
<arg>CZ</arg>
<arg>DE</arg>
<arg>DJ</arg>
<arg>DK</arg>
<arg>DM</arg>
<arg>DO</arg>
<arg>DZ</arg>
<arg>EC</arg>
<arg>EE</arg>
<arg>EG</arg>
<arg>EH</arg>
<arg>ER</arg>
<arg>ES</arg>
<arg>ET</arg>
<arg>FI</arg>
<arg>FJ</arg>
<arg>FK</arg>
<arg>FM</arg>
<arg>FO</arg>
<arg>FR</arg>
<arg>GA</arg>
<arg>GB</arg>
<arg>GD</arg>
<arg>GE</arg>
<arg>GF</arg>
<arg>GG</arg>
<arg>GH</arg>
<arg>GI</arg>
<arg>GL</arg>
<arg>GM</arg>
<arg>GN</arg>
<arg>GP</arg>
<arg>GQ</arg>
<arg>GR</arg>
<arg>GS</arg>
<arg>GT</arg>
<arg>GU</arg>
<arg>GW</arg>
<arg>GY</arg>
<arg>HK</arg>
<arg>HM</arg>
<arg>HN</arg>
<arg>HR</arg>
<arg>HT</arg>
<arg>HU</arg>
<arg>ID</arg>
<arg>IE</arg>
<arg>IL</arg>
<arg>IM</arg>
<arg>IN</arg>
<arg>IO</arg>
<arg>IQ</arg>
<arg>IR</arg>
<arg>IS</arg>
<arg>IT</arg>
<arg>JE</arg>
<arg>JM</arg>
<arg>JO</arg>
<arg>JP</arg>
<arg>KE</arg>
<arg>KG</arg>
<arg>KH</arg>
<arg>KI</arg>
<arg>KM</arg>
<arg>KN</arg>
<arg>KP</arg>
<arg>KR</arg>
<arg>KW</arg>
<arg>KY</arg>
<arg>KZ</arg>
<arg>LA</arg>
<arg>LB</arg>
<arg>LC</arg>
<arg>LI</arg>
<arg>LK</arg>
<arg>LR</arg>
<arg>LS</arg>
<arg>LT</arg>
<arg>LU</arg>
<arg>LV</arg>
<arg>LY</arg>
<arg>MA</arg>
<arg>MC</arg>
<arg>MD</arg>
<arg>ME</arg>
<arg>MF</arg>
<arg>MG</arg>
<arg>MH</arg>
<arg>MK</arg>
<arg>ML</arg>
<arg>MM</arg>
<arg>MN</arg>
<arg>MO</arg>
<arg>MP</arg>
<arg>MQ</arg>
<arg>MR</arg>
<arg>MS</arg>
<arg>MT</arg>
<arg>MU</arg>
<arg>MV</arg>
<arg>MW</arg>
<arg>MX</arg>
<arg>MY</arg>
<arg>MZ</arg>
<arg>NA</arg>
<arg>NC</arg>
<arg>NE</arg>
<arg>NF</arg>
<arg>NG</arg>
<arg>NI</arg>
<arg>NL</arg>
<arg>NO</arg>
<arg>NP</arg>
<arg>NR</arg>
<arg>NU</arg>
<arg>NZ</arg>
<arg>OM</arg>
<arg>PA</arg>
<arg>PE</arg>
<arg>PF</arg>
<arg>PG</arg>
<arg>PH</arg>
<arg>PK</arg>
<arg>PL</arg>
<arg>PM</arg>
<arg>PN</arg>
<arg>PR</arg>
<arg>PS</arg>
<arg>PT</arg>
<arg>PW</arg>
<arg>PY</arg>
<arg>QA</arg>
<arg>RE</arg>
<arg>RO</arg>
<arg>RS</arg>
<arg>RU</arg>
<arg>RW</arg>
<arg>SA</arg>
<arg>SB</arg>
<arg>SC</arg>
<arg>SD</arg>
<arg>SE</arg>
<arg>SG</arg>
<arg>SH</arg>
<arg>SI</arg>
<arg>SJ</arg>
<arg>SK</arg>
<arg>SL</arg>
<arg>SM</arg>
<arg>SN</arg>
<arg>SO</arg>
<arg>SR</arg>
<arg>SS</arg>
<arg>ST</arg>
<arg>SV</arg>
<arg>SX</arg>
<arg>SY</arg>
<arg>SZ</arg>
<arg>TC</arg>
<arg>TD</arg>
<arg>TF</arg>
<arg>TG</arg>
<arg>TH</arg>
<arg>TJ</arg>
<arg>TK</arg>
<arg>TL</arg>
<arg>TM</arg>
<arg>TN</arg>
<arg>TO</arg>
<arg>TR</arg>
<arg>TT</arg>
<arg>TV</arg>
<arg>TW</arg>
<arg>TZ</arg>
<arg>UA</arg>
<arg>UG</arg>
<arg>UM</arg>
<arg>US</arg>
<arg>UY</arg>
<arg>UZ</arg>
<arg>VA</arg>
<arg>VC</arg>
<arg>VE</arg>
<arg>VG</arg>
<arg>VI</arg>
<arg>VN</arg>
<arg>VU</arg>
<arg>WF</arg>
<arg>WS</arg>
<arg>XK</arg>
<arg>YE</arg>
<arg>YT</arg>
<arg>ZA</arg>
<arg>ZM</arg>
<arg>ZW</arg>
<doc>Returns a list containing given items.</doc>
<status status="PASS" start="2024-08-08T10:16:32.278699" elapsed="0.000617"/>
</kw>
<kw name="List Should Contain Value" owner="Collections">
<arg>${list_country}</arg>
<arg>${name_country}</arg>
<doc>Fails if the ``value`` is not found from ``list``.</doc>
<status status="PASS" start="2024-08-08T10:16:32.280321" elapsed="0.000212"/>
</kw>
<kw name="Run Keyword If" owner="BuiltIn">
<kw name="Should Be True" owner="BuiltIn">
<arg>${True}</arg>
<doc>Fails if the given condition is not true.</doc>
<status status="PASS" start="2024-08-08T10:16:32.281474" elapsed="0.000145"/>
</kw>
<arg>${json_data["results"][0]["location"]["coordinates"]["latitude"]} &gt;= -90 and ${json_data["results"][0]["location"]["coordinates"]["latitude"]} &lt;= 90</arg>
<arg>Should Be True</arg>
<arg>${True}</arg>
<doc>Runs the given keyword with the given arguments, if ``condition`` is true.</doc>
<status status="PASS" start="2024-08-08T10:16:32.280730" elapsed="0.001016"/>
</kw>
<kw name="Run Keyword If" owner="BuiltIn">
<kw name="Should Be True" owner="BuiltIn">
<arg>${True}</arg>
<doc>Fails if the given condition is not true.</doc>
<status status="PASS" start="2024-08-08T10:16:32.282623" elapsed="0.000138"/>
</kw>
<arg>${json_data["results"][0]["location"]["coordinates"]["longitude"]} &gt;= -180 and ${json_data["results"][0]["location"]["coordinates"]["longitude"]} &lt;= 180</arg>
<arg>Should Be True</arg>
<arg>${True}</arg>
<doc>Runs the given keyword with the given arguments, if ``condition`` is true.</doc>
<status status="PASS" start="2024-08-08T10:16:32.281926" elapsed="0.000960"/>
</kw>
<status status="PASS" start="2024-08-08T10:16:27.777923" elapsed="4.505094"/>
</kw>
<doc>Testa o conteúdo específico dos campos retornados pela API.</doc>
<tag>testeConteudo</tag>
<status status="PASS" start="2024-08-08T10:16:27.777469" elapsed="4.505703"/>
</test>
<status status="PASS" start="2024-08-08T10:16:06.896268" elapsed="25.388845"/>
</suite>
<status status="PASS" start="2024-08-08T10:16:06.882062" elapsed="25.408146"/>
</suite>
<statistics>
<total>
<stat pass="5" fail="0" skip="0">All Tests</stat>
</total>
<tag>
<stat pass="1" fail="0" skip="0">testeConteudo</stat>
<stat pass="1" fail="0" skip="0">testeEstruturaResposta</stat>
<stat pass="1" fail="0" skip="0">testeRequisicaoBasica</stat>
<stat pass="1" fail="0" skip="0">testeTiposDados</stat>
</tag>
<suite>
<stat pass="5" fail="0" skip="0" id="s1" name="Tests">Tests</stat>
<stat pass="5" fail="0" skip="0" id="s1-s1" name="Random-User-Test">Tests.Random-User-Test</stat>
</suite>
</statistics>
<errors>
</errors>
</robot>
