<?xml version="1.0" encoding="UTF-8"?>
<robot generator="Robot 7.0 (Python 3.12.3 on linux)" generated="2024-05-22T01:03:37.471042" rpa="false" schemaversion="5">
<suite id="s1" name="Tests" source="/home/runner/work/DesafioQAItauRogerioJordao/DesafioQAItauRogerioJordao/RamdonUser/tests">
<suite id="s1-s1" name="Random-User-Test" source="/home/runner/work/DesafioQAItauRogerioJordao/DesafioQAItauRogerioJordao/RamdonUser/tests/random-user-test.robot">
<test id="s1-s1-t1" name="Conectar" line="13">
<kw name="Conectar API" owner="random-user-service">
<kw name="Create Session" owner="RequestsLibrary">
<msg time="2024-05-22T01:03:37.923432" level="INFO">Creating Session using : alias=consultarAPI, url=https://randomuser.me/, headers={},                     cookies={}, auth=None, timeout=None, proxies=None, verify=False,                     debug=0 </msg>
<arg>consultarAPI</arg>
<arg>${URL}</arg>
<doc>Create Session: create a HTTP session to a server</doc>
<status status="PASS" start="2024-05-22T01:03:37.923223" elapsed="0.000396"/>
</kw>
<status status="PASS" start="2024-05-22T01:03:37.922133" elapsed="0.001854"/>
</kw>
<status status="PASS" start="2024-05-22T01:03:37.921488" elapsed="0.002695"/>
</test>
<test id="s1-s1-t2" name="Validar retorno 200 e JSON Válido" line="16">
<kw name="Teste de Requisicao Basica" owner="random-user-service">
<kw name="GET On Session" owner="RequestsLibrary">
<msg time="2024-05-22T01:03:38.049023" level="INFO">GET Request : url=https://randomuser.me/api 
 path_url=/api 
 headers={'User-Agent': 'python-requests/2.32.2', 'Accept-Encoding': 'gzip, deflate', 'Accept': '*/*', 'Connection': 'keep-alive'} 
 body=None 
 </msg>
<msg time="2024-05-22T01:03:38.049177" level="INFO">GET Response : url=https://randomuser.me/api 
 status=200, reason=OK 
 headers={'Date': 'Wed, 22 May 2024 01:03:38 GMT', 'Content-Type': 'application/json; charset=utf-8', 'Transfer-Encoding': 'chunked', 'Connection': 'keep-alive', 'X-Powered-By': 'Express', 'Access-Control-Allow-Origin': '*', 'Cache-Control': 'no-cache', 'ETag': 'W/"491-xjRBCymY5/2vDErjidFfIHT+nyg"', 'Vary': 'Accept-Encoding', 'Content-Encoding': 'gzip', 'CF-Cache-Status': 'DYNAMIC', 'Report-To': '{"endpoints":[{"url":"https:\\/\\/a.nel.cloudflare.com\\/report\\/v4?s=M8aEw1KKNetNnOR2%2F1vy5VXAueB%2BT2M4uYscEmHwI30f0uoKZhdwoiZKWSC3dnoysG1K%2FwCgTkT9FgWbDUS9CSi9wT9vV4G7bbwJJzaPvkQ1xwr2QG%2Bn%2BxMgxkHcUKHF"}],"group":"cf-nel","max_age":604800}', 'NEL': '{"success_fraction":0,"report_to":"cf-nel","max_age":604800}', 'Server': 'cloudflare', 'CF-RAY': '8878e336580120be-IAD', 'alt-svc': 'h3=":443"; ma=86400'} 
 body={"results":[{"gender":"male","name":{"title":"Mr","first":"Giorgio","last":"Schlosser"},"location":{"street":{"number":6418,"name":"Industriestraße"},"city":"Groß-Bieberau","state":"Berlin","country":"Germany","postcode":65304,"coordinates":{"latitude":"-48.3680","longitude":"-28.6317"},"timezone":{"offset":"+6:00","description":"Almaty, Dhaka, Colombo"}},"email":"giorgio.schlosser@example.com","login":{"uuid":"5cca7529-19fa-4684-8210-31431055b4e1","username":"bigbird299","password":"bookie","salt":"gK8OyIqd","md5":"aa8f6ef9e24bdd7d6248cbe887f29df2","sha1":"fe2720af61b5ebba7921ce07c4e2053932ab6bde","sha256":"cb8a97261a9fa2d8b54c4933a4ea5cd30317259314bdaeed0952bb88bb2f950c"},"dob":{"date":"1951-01-29T14:36:48.401Z","age":73},"registered":{"date":"2007-12-03T11:41:42.737Z","age":16},"phone":"0003-3629024","cell":"0171-1742502","id":{"name":"SVNR","value":"73 290151 S 041"},"picture":{"large":"https://randomuser.me/api/portraits/men/19.jpg","medium":"https://randomuser.me/api/portraits/med/men/19.jpg","thumbnail":"https://randomuser.me/api/portraits/thumb/men/19.jpg"},"nat":"DE"}],"info":{"seed":"a33afaa46dff67bd","results":1,"page":1,"version":"1.4"}} 
 </msg>
<msg time="2024-05-22T01:03:38.049260" level="INFO">/opt/hostedtoolcache/Python/3.12.3/x64/lib/python3.12/site-packages/urllib3/connectionpool.py:1103: InsecureRequestWarning: Unverified HTTPS request is being made to host 'randomuser.me'. Adding certificate verification is strongly advised. See: https://urllib3.readthedocs.io/en/latest/advanced-usage.html#tls-warnings
  warnings.warn(</msg>
<msg time="2024-05-22T01:03:38.049423" level="INFO">${response} = &lt;Response [200]&gt;</msg>
<var>${response}</var>
<arg>consultarAPI</arg>
<arg>/api</arg>
<doc>Sends a GET request on a previously created HTTP Session.</doc>
<status status="PASS" start="2024-05-22T01:03:37.926898" elapsed="0.122565"/>
</kw>
<kw name="Should Be Equal As Numbers" owner="BuiltIn">
<msg time="2024-05-22T01:03:38.050512" level="INFO">Argument types are:
&lt;class 'int'&gt;
&lt;class 'str'&gt;</msg>
<arg>${response.status_code}</arg>
<arg>200</arg>
<doc>Fails if objects are unequal after converting them to real numbers.</doc>
<status status="PASS" start="2024-05-22T01:03:38.050054" elapsed="0.000523"/>
</kw>
<kw name="Log" owner="BuiltIn">
<msg time="2024-05-22T01:03:38.051256" level="INFO">200</msg>
<arg>${response.status_code}</arg>
<doc>Logs the given message with the given level.</doc>
<status status="PASS" start="2024-05-22T01:03:38.050915" elapsed="0.000387"/>
</kw>
<kw name="Set Variable" owner="BuiltIn">
<msg time="2024-05-22T01:03:38.052039" level="INFO">${json_data} = {'results': [{'gender': 'male', 'name': {'title': 'Mr', 'first': 'Giorgio', 'last': 'Schlosser'}, 'location': {'street': {'number': 6418, 'name': 'Industriestraße'}, 'city': 'Groß-Bieberau', 'state': ...</msg>
<var>${json_data}</var>
<arg>${response.json()}</arg>
<doc>Returns the given values which can then be assigned to a variables.</doc>
<status status="PASS" start="2024-05-22T01:03:38.051604" elapsed="0.000466"/>
</kw>
<kw name="Dictionary Should Contain Key" owner="Collections">
<msg time="2024-05-22T01:03:38.052531" level="INFO">False</msg>
<arg>${json_data}</arg>
<arg>results</arg>
<doc>Fails if ``key`` is not found from ``dictionary``.</doc>
<status status="PASS" start="2024-05-22T01:03:38.052366" elapsed="0.000364"/>
</kw>
<status status="PASS" start="2024-05-22T01:03:37.926640" elapsed="0.126353"/>
</kw>
<doc>Testa se a API responde corretamente e retorna um objeto JSON válido.</doc>
<tag>testeRequisicaoBasica</tag>
<status status="PASS" start="2024-05-22T01:03:37.926108" elapsed="0.127068"/>
</test>
<test id="s1-s1-t3" name="Validar estrutura de resposta" line="22">
<kw name="Teste de Estrutura de Resposta" owner="random-user-service">
<kw name="GET On Session" owner="RequestsLibrary">
<msg time="2024-05-22T01:03:38.166513" level="INFO">GET Request : url=https://randomuser.me/api 
 path_url=/api 
 headers={'User-Agent': 'python-requests/2.32.2', 'Accept-Encoding': 'gzip, deflate', 'Accept': '*/*', 'Connection': 'keep-alive'} 
 body=None 
 </msg>
<msg time="2024-05-22T01:03:38.166613" level="INFO">GET Response : url=https://randomuser.me/api 
 status=200, reason=OK 
 headers={'Date': 'Wed, 22 May 2024 01:03:38 GMT', 'Content-Type': 'application/json; charset=utf-8', 'Transfer-Encoding': 'chunked', 'Connection': 'keep-alive', 'X-Powered-By': 'Express', 'Access-Control-Allow-Origin': '*', 'Cache-Control': 'no-cache', 'ETag': 'W/"492-yO8b0unmDNaRz/x8QRqPYPQsjcQ"', 'Vary': 'Accept-Encoding', 'Content-Encoding': 'gzip', 'CF-Cache-Status': 'DYNAMIC', 'Report-To': '{"endpoints":[{"url":"https:\\/\\/a.nel.cloudflare.com\\/report\\/v4?s=ExJ6J4V%2F4Jzd%2FMIhK5ktAmPZE5h5DRa0cXk5WBwmkugkmQdOlCTZXPFwEhOaRpVSrpLCAPxmNzebVZYOGrFxEPqW7Lkli3DSUkh%2Bqx1k1gqnvviAfxO4KbrraTlHxmys"}],"group":"cf-nel","max_age":604800}', 'NEL': '{"success_fraction":0,"report_to":"cf-nel","max_age":604800}', 'Server': 'cloudflare', 'CF-RAY': '8878e336d8d020be-IAD', 'alt-svc': 'h3=":443"; ma=86400'} 
 body={"results":[{"gender":"male","name":{"title":"Mr","first":"Tristan","last":"Christiansen"},"location":{"street":{"number":3388,"name":"Overgade"},"city":"Oure","state":"Midtjylland","country":"Denmark","postcode":70541,"coordinates":{"latitude":"-41.3112","longitude":"-50.7737"},"timezone":{"offset":"+9:00","description":"Tokyo, Seoul, Osaka, Sapporo, Yakutsk"}},"email":"tristan.christiansen@example.com","login":{"uuid":"e2e5995a-c59d-47d2-b724-754a76874912","username":"blueelephant526","password":"iverson","salt":"WtK1DZkE","md5":"df10629b2079bc01d786f622ed16e13d","sha1":"847cc523733ad3b055da8f9069166c4a596fb8be","sha256":"24802e01b1e0eed20bdacb2ca66eaab771f80afb4f9a479ea31367f86c953d9f"},"dob":{"date":"1964-07-21T21:55:37.966Z","age":59},"registered":{"date":"2008-04-07T19:56:15.129Z","age":16},"phone":"43542611","cell":"22138493","id":{"name":"CPR","value":"210764-4726"},"picture":{"large":"https://randomuser.me/api/portraits/men/62.jpg","medium":"https://randomuser.me/api/portraits/med/men/62.jpg","thumbnail":"https://randomuser.me/api/portraits/thumb/men/62.jpg"},"nat":"DK"}],"info":{"seed":"f07cdfad2fa3ef2b","results":1,"page":1,"version":"1.4"}} 
 </msg>
<msg time="2024-05-22T01:03:38.166739" level="INFO">/opt/hostedtoolcache/Python/3.12.3/x64/lib/python3.12/site-packages/urllib3/connectionpool.py:1103: InsecureRequestWarning: Unverified HTTPS request is being made to host 'randomuser.me'. Adding certificate verification is strongly advised. See: https://urllib3.readthedocs.io/en/latest/advanced-usage.html#tls-warnings
  warnings.warn(</msg>
<msg time="2024-05-22T01:03:38.166884" level="INFO">${response} = &lt;Response [200]&gt;</msg>
<var>${response}</var>
<arg>consultarAPI</arg>
<arg>/api</arg>
<doc>Sends a GET request on a previously created HTTP Session.</doc>
<status status="PASS" start="2024-05-22T01:03:38.056454" elapsed="0.110470"/>
</kw>
<kw name="Set Variable" owner="BuiltIn">
<msg time="2024-05-22T01:03:38.167939" level="INFO">${json_data} = {'results': [{'gender': 'male', 'name': {'title': 'Mr', 'first': 'Tristan', 'last': 'Christiansen'}, 'location': {'street': {'number': 3388, 'name': 'Overgade'}, 'city': 'Oure', 'state': 'Midtjylland'...</msg>
<var>${json_data}</var>
<arg>${response.json()}</arg>
<doc>Returns the given values which can then be assigned to a variables.</doc>
<status status="PASS" start="2024-05-22T01:03:38.167431" elapsed="0.000539"/>
</kw>
<kw name="Log" owner="BuiltIn">
<msg time="2024-05-22T01:03:38.168436" level="INFO">{'results': [{'gender': 'male', 'name': {'title': 'Mr', 'first': 'Tristan', 'last': 'Christiansen'}, 'location': {'street': {'number': 3388, 'name': 'Overgade'}, 'city': 'Oure', 'state': 'Midtjylland', 'country': 'Denmark', 'postcode': 70541, 'coordinates': {'latitude': '-41.3112', 'longitude': '-50.7737'}, 'timezone': {'offset': '+9:00', 'description': 'Tokyo, Seoul, Osaka, Sapporo, Yakutsk'}}, 'email': 'tristan.christiansen@example.com', 'login': {'uuid': 'e2e5995a-c59d-47d2-b724-754a76874912', 'username': 'blueelephant526', 'password': 'iverson', 'salt': 'WtK1DZkE', 'md5': 'df10629b2079bc01d786f622ed16e13d', 'sha1': '847cc523733ad3b055da8f9069166c4a596fb8be', 'sha256': '24802e01b1e0eed20bdacb2ca66eaab771f80afb4f9a479ea31367f86c953d9f'}, 'dob': {'date': '1964-07-21T21:55:37.966Z', 'age': 59}, 'registered': {'date': '2008-04-07T19:56:15.129Z', 'age': 16}, 'phone': '43542611', 'cell': '22138493', 'id': {'name': 'CPR', 'value': '210764-4726'}, 'picture': {'large': 'https://randomuser.me/api/portraits/men/62.jpg', 'medium': 'https://randomuser.me/api/portraits/med/men/62.jpg', 'thumbnail': 'https://randomuser.me/api/portraits/thumb/men/62.jpg'}, 'nat': 'DK'}], 'info': {'seed': 'f07cdfad2fa3ef2b', 'results': 1, 'page': 1, 'version': '1.4'}}</msg>
<arg>${json_data}</arg>
<doc>Logs the given message with the given level.</doc>
<status status="PASS" start="2024-05-22T01:03:38.168280" elapsed="0.000202"/>
</kw>
<kw name="Dictionary Should Contain Key" owner="Collections">
<msg time="2024-05-22T01:03:38.168938" level="INFO">False</msg>
<arg>${json_data}</arg>
<arg>results</arg>
<doc>Fails if ``key`` is not found from ``dictionary``.</doc>
<status status="PASS" start="2024-05-22T01:03:38.168775" elapsed="0.000200"/>
</kw>
<kw name="Should Not Be Empty" owner="BuiltIn">
<msg time="2024-05-22T01:03:38.169399" level="INFO">Length is 2.</msg>
<arg>${json_data}</arg>
<doc>Verifies that the given item is not empty.</doc>
<status status="PASS" start="2024-05-22T01:03:38.169270" elapsed="0.000173"/>
</kw>
<kw name="Create List" owner="BuiltIn">
<msg time="2024-05-22T01:03:38.169936" level="INFO">${expected_keys} = ['gender', 'name', 'location', 'email', 'login']</msg>
<var>${expected_keys}</var>
<arg>gender</arg>
<arg>name</arg>
<arg>location</arg>
<arg>email</arg>
<arg>login</arg>
<doc>Returns a list containing given items.</doc>
<status status="PASS" start="2024-05-22T01:03:38.169737" elapsed="0.000224"/>
</kw>
<for flavor="IN">
<iter>
<kw name="Dictionary Should Contain Key" owner="Collections">
<msg time="2024-05-22T01:03:38.170967" level="INFO">False</msg>
<arg>${json_data['results'][0]}</arg>
<arg>${key}</arg>
<doc>Fails if ``key`` is not found from ``dictionary``.</doc>
<status status="PASS" start="2024-05-22T01:03:38.170550" elapsed="0.000460"/>
</kw>
<kw name="Log" owner="BuiltIn">
<msg time="2024-05-22T01:03:38.171675" level="INFO">{'gender': 'male', 'name': {'title': 'Mr', 'first': 'Tristan', 'last': 'Christiansen'}, 'location': {'street': {'number': 3388, 'name': 'Overgade'}, 'city': 'Oure', 'state': 'Midtjylland', 'country': 'Denmark', 'postcode': 70541, 'coordinates': {'latitude': '-41.3112', 'longitude': '-50.7737'}, 'timezone': {'offset': '+9:00', 'description': 'Tokyo, Seoul, Osaka, Sapporo, Yakutsk'}}, 'email': 'tristan.christiansen@example.com', 'login': {'uuid': 'e2e5995a-c59d-47d2-b724-754a76874912', 'username': 'blueelephant526', 'password': 'iverson', 'salt': 'WtK1DZkE', 'md5': 'df10629b2079bc01d786f622ed16e13d', 'sha1': '847cc523733ad3b055da8f9069166c4a596fb8be', 'sha256': '24802e01b1e0eed20bdacb2ca66eaab771f80afb4f9a479ea31367f86c953d9f'}, 'dob': {'date': '1964-07-21T21:55:37.966Z', 'age': 59}, 'registered': {'date': '2008-04-07T19:56:15.129Z', 'age': 16}, 'phone': '43542611', 'cell': '22138493', 'id': {'name': 'CPR', 'value': '210764-4726'}, 'picture': {'large': 'https://randomuser.me/api/portraits/men/62.jpg', 'medium': 'https://randomuser.me/api/portraits/med/men/62.jpg', 'thumbnail': 'https://randomuser.me/api/portraits/thumb/men/62.jpg'}, 'nat': 'DK'}</msg>
<arg>${json_data['results'][0]}</arg>
<doc>Logs the given message with the given level.</doc>
<status status="PASS" start="2024-05-22T01:03:38.171312" elapsed="0.000413"/>
</kw>
<kw name="Log" owner="BuiltIn">
<msg time="2024-05-22T01:03:38.172154" level="INFO">gender</msg>
<arg>${key}</arg>
<doc>Logs the given message with the given level.</doc>
<status status="PASS" start="2024-05-22T01:03:38.172025" elapsed="0.000167"/>
</kw>
<var name="${key}">gender</var>
<status status="PASS" start="2024-05-22T01:03:38.170426" elapsed="0.001982"/>
</iter>
<iter>
<kw name="Dictionary Should Contain Key" owner="Collections">
<msg time="2024-05-22T01:03:38.173106" level="INFO">False</msg>
<arg>${json_data['results'][0]}</arg>
<arg>${key}</arg>
<doc>Fails if ``key`` is not found from ``dictionary``.</doc>
<status status="PASS" start="2024-05-22T01:03:38.172721" elapsed="0.000423"/>
</kw>
<kw name="Log" owner="BuiltIn">
<msg time="2024-05-22T01:03:38.173866" level="INFO">{'gender': 'male', 'name': {'title': 'Mr', 'first': 'Tristan', 'last': 'Christiansen'}, 'location': {'street': {'number': 3388, 'name': 'Overgade'}, 'city': 'Oure', 'state': 'Midtjylland', 'country': 'Denmark', 'postcode': 70541, 'coordinates': {'latitude': '-41.3112', 'longitude': '-50.7737'}, 'timezone': {'offset': '+9:00', 'description': 'Tokyo, Seoul, Osaka, Sapporo, Yakutsk'}}, 'email': 'tristan.christiansen@example.com', 'login': {'uuid': 'e2e5995a-c59d-47d2-b724-754a76874912', 'username': 'blueelephant526', 'password': 'iverson', 'salt': 'WtK1DZkE', 'md5': 'df10629b2079bc01d786f622ed16e13d', 'sha1': '847cc523733ad3b055da8f9069166c4a596fb8be', 'sha256': '24802e01b1e0eed20bdacb2ca66eaab771f80afb4f9a479ea31367f86c953d9f'}, 'dob': {'date': '1964-07-21T21:55:37.966Z', 'age': 59}, 'registered': {'date': '2008-04-07T19:56:15.129Z', 'age': 16}, 'phone': '43542611', 'cell': '22138493', 'id': {'name': 'CPR', 'value': '210764-4726'}, 'picture': {'large': 'https://randomuser.me/api/portraits/men/62.jpg', 'medium': 'https://randomuser.me/api/portraits/med/men/62.jpg', 'thumbnail': 'https://randomuser.me/api/portraits/thumb/men/62.jpg'}, 'nat': 'DK'}</msg>
<arg>${json_data['results'][0]}</arg>
<doc>Logs the given message with the given level.</doc>
<status status="PASS" start="2024-05-22T01:03:38.173469" elapsed="0.000447"/>
</kw>
<kw name="Log" owner="BuiltIn">
<msg time="2024-05-22T01:03:38.174349" level="INFO">name</msg>
<arg>${key}</arg>
<doc>Logs the given message with the given level.</doc>
<status status="PASS" start="2024-05-22T01:03:38.174221" elapsed="0.000164"/>
</kw>
<var name="${key}">name</var>
<status status="PASS" start="2024-05-22T01:03:38.172605" elapsed="0.001999"/>
</iter>
<iter>
<kw name="Dictionary Should Contain Key" owner="Collections">
<msg time="2024-05-22T01:03:38.175281" level="INFO">False</msg>
<arg>${json_data['results'][0]}</arg>
<arg>${key}</arg>
<doc>Fails if ``key`` is not found from ``dictionary``.</doc>
<status status="PASS" start="2024-05-22T01:03:38.174900" elapsed="0.000419"/>
</kw>
<kw name="Log" owner="BuiltIn">
<msg time="2024-05-22T01:03:38.175997" level="INFO">{'gender': 'male', 'name': {'title': 'Mr', 'first': 'Tristan', 'last': 'Christiansen'}, 'location': {'street': {'number': 3388, 'name': 'Overgade'}, 'city': 'Oure', 'state': 'Midtjylland', 'country': 'Denmark', 'postcode': 70541, 'coordinates': {'latitude': '-41.3112', 'longitude': '-50.7737'}, 'timezone': {'offset': '+9:00', 'description': 'Tokyo, Seoul, Osaka, Sapporo, Yakutsk'}}, 'email': 'tristan.christiansen@example.com', 'login': {'uuid': 'e2e5995a-c59d-47d2-b724-754a76874912', 'username': 'blueelephant526', 'password': 'iverson', 'salt': 'WtK1DZkE', 'md5': 'df10629b2079bc01d786f622ed16e13d', 'sha1': '847cc523733ad3b055da8f9069166c4a596fb8be', 'sha256': '24802e01b1e0eed20bdacb2ca66eaab771f80afb4f9a479ea31367f86c953d9f'}, 'dob': {'date': '1964-07-21T21:55:37.966Z', 'age': 59}, 'registered': {'date': '2008-04-07T19:56:15.129Z', 'age': 16}, 'phone': '43542611', 'cell': '22138493', 'id': {'name': 'CPR', 'value': '210764-4726'}, 'picture': {'large': 'https://randomuser.me/api/portraits/men/62.jpg', 'medium': 'https://randomuser.me/api/portraits/med/men/62.jpg', 'thumbnail': 'https://randomuser.me/api/portraits/thumb/men/62.jpg'}, 'nat': 'DK'}</msg>
<arg>${json_data['results'][0]}</arg>
<doc>Logs the given message with the given level.</doc>
<status status="PASS" start="2024-05-22T01:03:38.175633" elapsed="0.000413"/>
</kw>
<kw name="Log" owner="BuiltIn">
<msg time="2024-05-22T01:03:38.176471" level="INFO">location</msg>
<arg>${key}</arg>
<doc>Logs the given message with the given level.</doc>
<status status="PASS" start="2024-05-22T01:03:38.176342" elapsed="0.000167"/>
</kw>
<var name="${key}">location</var>
<status status="PASS" start="2024-05-22T01:03:38.174786" elapsed="0.001949"/>
</iter>
<iter>
<kw name="Dictionary Should Contain Key" owner="Collections">
<msg time="2024-05-22T01:03:38.177515" level="INFO">False</msg>
<arg>${json_data['results'][0]}</arg>
<arg>${key}</arg>
<doc>Fails if ``key`` is not found from ``dictionary``.</doc>
<status status="PASS" start="2024-05-22T01:03:38.177024" elapsed="0.000530"/>
</kw>
<kw name="Log" owner="BuiltIn">
<msg time="2024-05-22T01:03:38.178237" level="INFO">{'gender': 'male', 'name': {'title': 'Mr', 'first': 'Tristan', 'last': 'Christiansen'}, 'location': {'street': {'number': 3388, 'name': 'Overgade'}, 'city': 'Oure', 'state': 'Midtjylland', 'country': 'Denmark', 'postcode': 70541, 'coordinates': {'latitude': '-41.3112', 'longitude': '-50.7737'}, 'timezone': {'offset': '+9:00', 'description': 'Tokyo, Seoul, Osaka, Sapporo, Yakutsk'}}, 'email': 'tristan.christiansen@example.com', 'login': {'uuid': 'e2e5995a-c59d-47d2-b724-754a76874912', 'username': 'blueelephant526', 'password': 'iverson', 'salt': 'WtK1DZkE', 'md5': 'df10629b2079bc01d786f622ed16e13d', 'sha1': '847cc523733ad3b055da8f9069166c4a596fb8be', 'sha256': '24802e01b1e0eed20bdacb2ca66eaab771f80afb4f9a479ea31367f86c953d9f'}, 'dob': {'date': '1964-07-21T21:55:37.966Z', 'age': 59}, 'registered': {'date': '2008-04-07T19:56:15.129Z', 'age': 16}, 'phone': '43542611', 'cell': '22138493', 'id': {'name': 'CPR', 'value': '210764-4726'}, 'picture': {'large': 'https://randomuser.me/api/portraits/men/62.jpg', 'medium': 'https://randomuser.me/api/portraits/med/men/62.jpg', 'thumbnail': 'https://randomuser.me/api/portraits/thumb/men/62.jpg'}, 'nat': 'DK'}</msg>
<arg>${json_data['results'][0]}</arg>
<doc>Logs the given message with the given level.</doc>
<status status="PASS" start="2024-05-22T01:03:38.177879" elapsed="0.000406"/>
</kw>
<kw name="Log" owner="BuiltIn">
<msg time="2024-05-22T01:03:38.178708" level="INFO">email</msg>
<arg>${key}</arg>
<doc>Logs the given message with the given level.</doc>
<status status="PASS" start="2024-05-22T01:03:38.178580" elapsed="0.000166"/>
</kw>
<var name="${key}">email</var>
<status status="PASS" start="2024-05-22T01:03:38.176912" elapsed="0.002049"/>
</iter>
<iter>
<kw name="Dictionary Should Contain Key" owner="Collections">
<msg time="2024-05-22T01:03:38.179633" level="INFO">False</msg>
<arg>${json_data['results'][0]}</arg>
<arg>${key}</arg>
<doc>Fails if ``key`` is not found from ``dictionary``.</doc>
<status status="PASS" start="2024-05-22T01:03:38.179251" elapsed="0.000419"/>
</kw>
<kw name="Log" owner="BuiltIn">
<msg time="2024-05-22T01:03:38.180319" level="INFO">{'gender': 'male', 'name': {'title': 'Mr', 'first': 'Tristan', 'last': 'Christiansen'}, 'location': {'street': {'number': 3388, 'name': 'Overgade'}, 'city': 'Oure', 'state': 'Midtjylland', 'country': 'Denmark', 'postcode': 70541, 'coordinates': {'latitude': '-41.3112', 'longitude': '-50.7737'}, 'timezone': {'offset': '+9:00', 'description': 'Tokyo, Seoul, Osaka, Sapporo, Yakutsk'}}, 'email': 'tristan.christiansen@example.com', 'login': {'uuid': 'e2e5995a-c59d-47d2-b724-754a76874912', 'username': 'blueelephant526', 'password': 'iverson', 'salt': 'WtK1DZkE', 'md5': 'df10629b2079bc01d786f622ed16e13d', 'sha1': '847cc523733ad3b055da8f9069166c4a596fb8be', 'sha256': '24802e01b1e0eed20bdacb2ca66eaab771f80afb4f9a479ea31367f86c953d9f'}, 'dob': {'date': '1964-07-21T21:55:37.966Z', 'age': 59}, 'registered': {'date': '2008-04-07T19:56:15.129Z', 'age': 16}, 'phone': '43542611', 'cell': '22138493', 'id': {'name': 'CPR', 'value': '210764-4726'}, 'picture': {'large': 'https://randomuser.me/api/portraits/men/62.jpg', 'medium': 'https://randomuser.me/api/portraits/med/men/62.jpg', 'thumbnail': 'https://randomuser.me/api/portraits/thumb/men/62.jpg'}, 'nat': 'DK'}</msg>
<arg>${json_data['results'][0]}</arg>
<doc>Logs the given message with the given level.</doc>
<status status="PASS" start="2024-05-22T01:03:38.179966" elapsed="0.000400"/>
</kw>
<kw name="Log" owner="BuiltIn">
<msg time="2024-05-22T01:03:38.180783" level="INFO">login</msg>
<arg>${key}</arg>
<doc>Logs the given message with the given level.</doc>
<status status="PASS" start="2024-05-22T01:03:38.180658" elapsed="0.000163"/>
</kw>
<var name="${key}">login</var>
<status status="PASS" start="2024-05-22T01:03:38.179138" elapsed="0.001921"/>
</iter>
<var>${key}</var>
<value>@{expected_keys}</value>
<status status="PASS" start="2024-05-22T01:03:38.170230" elapsed="0.010956"/>
</for>
<kw name="Create List" owner="BuiltIn">
<msg time="2024-05-22T01:03:38.181515" level="INFO">${expected_keysTwo} = ['username', 'password']</msg>
<var>${expected_keysTwo}</var>
<arg>username</arg>
<arg>password</arg>
<doc>Returns a list containing given items.</doc>
<status status="PASS" start="2024-05-22T01:03:38.181380" elapsed="0.000158"/>
</kw>
<for flavor="IN">
<iter>
<kw name="Dictionary Should Contain Key" owner="Collections">
<msg time="2024-05-22T01:03:38.182466" level="INFO">False</msg>
<arg>${json_data['results'][0]['login']}</arg>
<arg>${keyTwo}</arg>
<doc>Fails if ``key`` is not found from ``dictionary``.</doc>
<status status="PASS" start="2024-05-22T01:03:38.182080" elapsed="0.000430"/>
</kw>
<kw name="Dictionary Should Contain Key" owner="Collections">
<msg time="2024-05-22T01:03:38.183290" level="INFO">False</msg>
<arg>${json_data['results'][0]['login']}</arg>
<arg>${keyTwo}</arg>
<doc>Fails if ``key`` is not found from ``dictionary``.</doc>
<status status="PASS" start="2024-05-22T01:03:38.182824" elapsed="0.000519"/>
</kw>
<kw name="Log" owner="BuiltIn">
<msg time="2024-05-22T01:03:38.183846" level="INFO">username</msg>
<arg>${keyTwo}</arg>
<doc>Logs the given message with the given level.</doc>
<status status="PASS" start="2024-05-22T01:03:38.183696" elapsed="0.000200"/>
</kw>
<var name="${keyTwo}">username</var>
<status status="PASS" start="2024-05-22T01:03:38.181970" elapsed="0.002176"/>
</iter>
<iter>
<kw name="Dictionary Should Contain Key" owner="Collections">
<msg time="2024-05-22T01:03:38.184811" level="INFO">False</msg>
<arg>${json_data['results'][0]['login']}</arg>
<arg>${keyTwo}</arg>
<doc>Fails if ``key`` is not found from ``dictionary``.</doc>
<status status="PASS" start="2024-05-22T01:03:38.184430" elapsed="0.000418"/>
</kw>
<kw name="Dictionary Should Contain Key" owner="Collections">
<msg time="2024-05-22T01:03:38.185519" level="INFO">False</msg>
<arg>${json_data['results'][0]['login']}</arg>
<arg>${keyTwo}</arg>
<doc>Fails if ``key`` is not found from ``dictionary``.</doc>
<status status="PASS" start="2024-05-22T01:03:38.185143" elapsed="0.000412"/>
</kw>
<kw name="Log" owner="BuiltIn">
<msg time="2024-05-22T01:03:38.185999" level="INFO">password</msg>
<arg>${keyTwo}</arg>
<doc>Logs the given message with the given level.</doc>
<status status="PASS" start="2024-05-22T01:03:38.185873" elapsed="0.000163"/>
</kw>
<var name="${keyTwo}">password</var>
<status status="PASS" start="2024-05-22T01:03:38.184320" elapsed="0.001933"/>
</iter>
<var>${keyTwo}</var>
<value>@{expected_keysTwo}</value>
<status status="PASS" start="2024-05-22T01:03:38.181806" elapsed="0.004569"/>
</for>
<status status="PASS" start="2024-05-22T01:03:38.056132" elapsed="0.130406"/>
</kw>
<doc>Testa a estrutura da resposta da API.</doc>
<tag>testeEstruturaResposta</tag>
<status status="PASS" start="2024-05-22T01:03:38.055388" elapsed="0.131310"/>
</test>
<test id="s1-s1-t4" name="Validar tipos de dados" line="28">
<kw name="Teste de Tipos de Dados" owner="random-user-service">
<kw name="GET On Session" owner="RequestsLibrary">
<msg time="2024-05-22T01:03:38.228578" level="INFO">GET Request : url=https://randomuser.me/api 
 path_url=/api 
 headers={'User-Agent': 'python-requests/2.32.2', 'Accept-Encoding': 'gzip, deflate', 'Accept': '*/*', 'Connection': 'keep-alive'} 
 body=None 
 </msg>
<msg time="2024-05-22T01:03:38.228676" level="INFO">GET Response : url=https://randomuser.me/api 
 status=200, reason=OK 
 headers={'Date': 'Wed, 22 May 2024 01:03:38 GMT', 'Content-Type': 'application/json; charset=utf-8', 'Transfer-Encoding': 'chunked', 'Connection': 'keep-alive', 'X-Powered-By': 'Express', 'Access-Control-Allow-Origin': '*', 'Cache-Control': 'no-cache', 'ETag': 'W/"499-y3FTnce5C1bPgG4Knyfn3jOzh2A"', 'Vary': 'Accept-Encoding', 'Content-Encoding': 'gzip', 'CF-Cache-Status': 'DYNAMIC', 'Report-To': '{"endpoints":[{"url":"https:\\/\\/a.nel.cloudflare.com\\/report\\/v4?s=QAiVArYTXV6gKz0P%2BUhsBVFuB0BSpv4T7KNf9MvHxpelxp30fK%2BoWWkSSTJ%2FHJywvc%2BmlXLdHkaHM59BTQMpjXUN4MIuyYOrQuwnlk4%2B5BTvgJnvPR4yHlJosTx%2FE5wN"}],"group":"cf-nel","max_age":604800}', 'NEL': '{"success_fraction":0,"report_to":"cf-nel","max_age":604800}', 'Server': 'cloudflare', 'CF-RAY': '8878e337b9cd20be-IAD', 'alt-svc': 'h3=":443"; ma=86400'} 
 body={"results":[{"gender":"female","name":{"title":"Miss","first":"Cathriona","last":"Howell"},"location":{"street":{"number":7212,"name":"High Street"},"city":"Cork","state":"Galway City","country":"Ireland","postcode":86298,"coordinates":{"latitude":"3.5115","longitude":"121.8874"},"timezone":{"offset":"+11:00","description":"Magadan, Solomon Islands, New Caledonia"}},"email":"cathriona.howell@example.com","login":{"uuid":"363fb545-d487-4a19-94da-cfee81a8a194","username":"redpeacock998","password":"steffi","salt":"tGDPeLer","md5":"2d0ef023ae41749928aaae49a2aacc6d","sha1":"955cf7ac4fff06e281feed7413d1750b82288f24","sha256":"9e272ef2cce31690d7cdc170dbdca24d4104e95773f65cb92ee71d7cce378d02"},"dob":{"date":"1996-05-04T21:41:30.485Z","age":28},"registered":{"date":"2020-11-25T07:17:39.503Z","age":3},"phone":"011-656-1523","cell":"081-499-1588","id":{"name":"PPS","value":"6864801T"},"picture":{"large":"https://randomuser.me/api/portraits/women/52.jpg","medium":"https://randomuser.me/api/portraits/med/women/52.jpg","thumbnail":"https://randomuser.me/api/portraits/thumb/women/52.jpg"},"nat":"IE"}],"info":{"seed":"3ade13816e2fc4ea","results":1,"page":1,"version":"1.4"}} 
 </msg>
<msg time="2024-05-22T01:03:38.228751" level="INFO">/opt/hostedtoolcache/Python/3.12.3/x64/lib/python3.12/site-packages/urllib3/connectionpool.py:1103: InsecureRequestWarning: Unverified HTTPS request is being made to host 'randomuser.me'. Adding certificate verification is strongly advised. See: https://urllib3.readthedocs.io/en/latest/advanced-usage.html#tls-warnings
  warnings.warn(</msg>
<msg time="2024-05-22T01:03:38.228896" level="INFO">${response} = &lt;Response [200]&gt;</msg>
<var>${response}</var>
<arg>consultarAPI</arg>
<arg>/api</arg>
<doc>Sends a GET request on a previously created HTTP Session.</doc>
<status status="PASS" start="2024-05-22T01:03:38.189202" elapsed="0.039747"/>
</kw>
<kw name="Set Variable" owner="BuiltIn">
<msg time="2024-05-22T01:03:38.229970" level="INFO">${json_data} = {'results': [{'gender': 'female', 'name': {'title': 'Miss', 'first': 'Cathriona', 'last': 'Howell'}, 'location': {'street': {'number': 7212, 'name': 'High Street'}, 'city': 'Cork', 'state': 'Galway Ci...</msg>
<var>${json_data}</var>
<arg>${response.json()}</arg>
<doc>Returns the given values which can then be assigned to a variables.</doc>
<status status="PASS" start="2024-05-22T01:03:38.229447" elapsed="0.000552"/>
</kw>
<kw name="Log" owner="BuiltIn">
<msg time="2024-05-22T01:03:38.230464" level="INFO">{'results': [{'gender': 'female', 'name': {'title': 'Miss', 'first': 'Cathriona', 'last': 'Howell'}, 'location': {'street': {'number': 7212, 'name': 'High Street'}, 'city': 'Cork', 'state': 'Galway City', 'country': 'Ireland', 'postcode': 86298, 'coordinates': {'latitude': '3.5115', 'longitude': '121.8874'}, 'timezone': {'offset': '+11:00', 'description': 'Magadan, Solomon Islands, New Caledonia'}}, 'email': 'cathriona.howell@example.com', 'login': {'uuid': '363fb545-d487-4a19-94da-cfee81a8a194', 'username': 'redpeacock998', 'password': 'steffi', 'salt': 'tGDPeLer', 'md5': '2d0ef023ae41749928aaae49a2aacc6d', 'sha1': '955cf7ac4fff06e281feed7413d1750b82288f24', 'sha256': '9e272ef2cce31690d7cdc170dbdca24d4104e95773f65cb92ee71d7cce378d02'}, 'dob': {'date': '1996-05-04T21:41:30.485Z', 'age': 28}, 'registered': {'date': '2020-11-25T07:17:39.503Z', 'age': 3}, 'phone': '011-656-1523', 'cell': '081-499-1588', 'id': {'name': 'PPS', 'value': '6864801T'}, 'picture': {'large': 'https://randomuser.me/api/portraits/women/52.jpg', 'medium': 'https://randomuser.me/api/portraits/med/women/52.jpg', 'thumbnail': 'https://randomuser.me/api/portraits/thumb/women/52.jpg'}, 'nat': 'IE'}], 'info': {'seed': '3ade13816e2fc4ea', 'results': 1, 'page': 1, 'version': '1.4'}}</msg>
<arg>${json_data}</arg>
<doc>Logs the given message with the given level.</doc>
<status status="PASS" start="2024-05-22T01:03:38.230310" elapsed="0.000237"/>
</kw>
<kw name="Should Be String" owner="String">
<arg>${json_data['results'][0]['gender']}</arg>
<doc>Fails if the given ``item`` is not a string.</doc>
<status status="PASS" start="2024-05-22T01:03:38.230849" elapsed="0.000364"/>
</kw>
<kw name="Should Match Regexp" owner="BuiltIn">
<arg>${json_data['results'][0]['email']}</arg>
<arg>^[a-zA-Z0-9._%+-]+@[a-zA-Z0-9.-]+\.[a-zA-Z]{2,}$</arg>
<doc>Fails if ``string`` does not match ``pattern`` as a regular expression.</doc>
<status status="PASS" start="2024-05-22T01:03:38.231408" elapsed="0.000702"/>
</kw>
<kw name="Should Match Regexp" owner="BuiltIn">
<arg>${json_data['results'][0]['dob']['date']}</arg>
<arg>\\d{4}-\\d{2}-\\d{2}T\\d{2}:\\d{2}:\\d{2}\\.\\d{3}Z</arg>
<doc>Fails if ``string`` does not match ``pattern`` as a regular expression.</doc>
<status status="PASS" start="2024-05-22T01:03:38.232329" elapsed="0.000488"/>
</kw>
<kw name="Should Match Regexp" owner="BuiltIn">
<arg>${json_data['results'][0]['registered']['date']}</arg>
<arg>\\d{4}-\\d{2}-\\d{2}T\\d{2}:\\d{2}:\\d{2}\\.\\d{3}Z</arg>
<doc>Fails if ``string`` does not match ``pattern`` as a regular expression.</doc>
<status status="PASS" start="2024-05-22T01:03:38.233015" elapsed="0.000366"/>
</kw>
<kw name="Should Match Regexp" owner="BuiltIn">
<arg>${json_data['results'][0]['picture']['large']}</arg>
<arg>^https?://.*\.(?:png|jpe?g|gif|bmp)$</arg>
<doc>Fails if ``string`` does not match ``pattern`` as a regular expression.</doc>
<status status="PASS" start="2024-05-22T01:03:38.233590" elapsed="0.000482"/>
</kw>
<kw name="Should Match Regexp" owner="BuiltIn">
<arg>${json_data['results'][0]['picture']['medium']}</arg>
<arg>^https?://.*\.(?:png|jpe?g|gif|bmp)$</arg>
<doc>Fails if ``string`` does not match ``pattern`` as a regular expression.</doc>
<status status="PASS" start="2024-05-22T01:03:38.234265" elapsed="0.000350"/>
</kw>
<kw name="Should Match Regexp" owner="BuiltIn">
<arg>${json_data['results'][0]['picture']['thumbnail']}</arg>
<arg>^https?://.*\.(?:png|jpe?g|gif|bmp)$</arg>
<doc>Fails if ``string`` does not match ``pattern`` as a regular expression.</doc>
<status status="PASS" start="2024-05-22T01:03:38.234803" elapsed="0.000347"/>
</kw>
<kw name="Log" owner="BuiltIn">
<msg time="2024-05-22T01:03:38.235657" level="INFO">{'large': 'https://randomuser.me/api/portraits/women/52.jpg', 'medium': 'https://randomuser.me/api/portraits/med/women/52.jpg', 'thumbnail': 'https://randomuser.me/api/portraits/thumb/women/52.jpg'}</msg>
<arg>${json_data['results'][0]['picture']}</arg>
<doc>Logs the given message with the given level.</doc>
<status status="PASS" start="2024-05-22T01:03:38.235337" elapsed="0.000362"/>
</kw>
<status status="PASS" start="2024-05-22T01:03:38.188967" elapsed="0.046990"/>
</kw>
<kw name="Teste de Tipos de Dados - Postcode" owner="random-user-service">
<kw name="GET On Session" owner="RequestsLibrary">
<msg time="2024-05-22T01:03:38.363642" level="INFO">GET Request : url=https://randomuser.me/api 
 path_url=/api 
 headers={'User-Agent': 'python-requests/2.32.2', 'Accept-Encoding': 'gzip, deflate', 'Accept': '*/*', 'Connection': 'keep-alive'} 
 body=None 
 </msg>
<msg time="2024-05-22T01:03:38.363750" level="INFO">GET Response : url=https://randomuser.me/api 
 status=200, reason=OK 
 headers={'Date': 'Wed, 22 May 2024 01:03:38 GMT', 'Content-Type': 'application/json; charset=utf-8', 'Transfer-Encoding': 'chunked', 'Connection': 'keep-alive', 'X-Powered-By': 'Express', 'Access-Control-Allow-Origin': '*', 'Cache-Control': 'no-cache', 'ETag': 'W/"49c-sjXOcTDaFrfetdTl6ydNYPjdy1M"', 'Vary': 'Accept-Encoding', 'Content-Encoding': 'gzip', 'CF-Cache-Status': 'DYNAMIC', 'Report-To': '{"endpoints":[{"url":"https:\\/\\/a.nel.cloudflare.com\\/report\\/v4?s=B6LAHJXx8vjQI3JiCsem240YA0gKp3DWQ91m%2BGzkGU2mWVpERSsEztkR14Td2U9qbvtX6rPlpFXyeKXXhcCZfB%2BTuThfWFKoEERKn5dBBpp9ETwYoeMaBGt3t5VSnCHv"}],"group":"cf-nel","max_age":604800}', 'NEL': '{"success_fraction":0,"report_to":"cf-nel","max_age":604800}', 'Server': 'cloudflare', 'CF-RAY': '8878e337fa3d20be-IAD', 'alt-svc': 'h3=":443"; ma=86400'} 
 body={"results":[{"gender":"female","name":{"title":"Mrs","first":"Draginja","last":"Zeljković"},"location":{"street":{"number":9761,"name":"Emila Zole"},"city":"Dimitrovgrad","state":"Kosovo-Pomoravlje","country":"Serbia","postcode":21597,"coordinates":{"latitude":"60.2926","longitude":"100.8050"},"timezone":{"offset":"+7:00","description":"Bangkok, Hanoi, Jakarta"}},"email":"draginja.zeljkovic@example.com","login":{"uuid":"3f8df333-20e0-4dbc-9958-4c2827f4527e","username":"orangefish783","password":"english","salt":"a4aYRWJK","md5":"3935cdc55897c5d5e79428e1ba803b00","sha1":"d0ee396dd8453a7634c569343450596cbbcfb3cd","sha256":"b5f6e4007514a312fa51cb8533d351d72190772693c7826027a15d1e4519f00b"},"dob":{"date":"1952-10-08T19:58:20.641Z","age":71},"registered":{"date":"2013-02-04T18:59:49.440Z","age":11},"phone":"029-2314-883","cell":"067-4608-276","id":{"name":"SID","value":"873953413"},"picture":{"large":"https://randomuser.me/api/portraits/women/13.jpg","medium":"https://randomuser.me/api/portraits/med/women/13.jpg","thumbnail":"https://randomuser.me/api/portraits/thumb/women/13.jpg"},"nat":"RS"}],"info":{"seed":"5c8c4360fb53a68a","results":1,"page":1,"version":"1.4"}} 
 </msg>
<msg time="2024-05-22T01:03:38.363822" level="INFO">/opt/hostedtoolcache/Python/3.12.3/x64/lib/python3.12/site-packages/urllib3/connectionpool.py:1103: InsecureRequestWarning: Unverified HTTPS request is being made to host 'randomuser.me'. Adding certificate verification is strongly advised. See: https://urllib3.readthedocs.io/en/latest/advanced-usage.html#tls-warnings
  warnings.warn(</msg>
<msg time="2024-05-22T01:03:38.363962" level="INFO">${response} = &lt;Response [200]&gt;</msg>
<var>${response}</var>
<arg>consultarAPI</arg>
<arg>/api</arg>
<doc>Sends a GET request on a previously created HTTP Session.</doc>
<status status="PASS" start="2024-05-22T01:03:38.236409" elapsed="0.127595"/>
</kw>
<kw name="Set Variable" owner="BuiltIn">
<msg time="2024-05-22T01:03:38.365079" level="INFO">${json_data} = {'results': [{'gender': 'female', 'name': {'title': 'Mrs', 'first': 'Draginja', 'last': 'Zeljković'}, 'location': {'street': {'number': 9761, 'name': 'Emila Zole'}, 'city': 'Dimitrovgrad', 'state': 'K...</msg>
<var>${json_data}</var>
<arg>${response.json()}</arg>
<doc>Returns the given values which can then be assigned to a variables.</doc>
<status status="PASS" start="2024-05-22T01:03:38.364546" elapsed="0.000563"/>
</kw>
<kw name="Log" owner="BuiltIn">
<msg time="2024-05-22T01:03:38.365605" level="INFO">{'results': [{'gender': 'female', 'name': {'title': 'Mrs', 'first': 'Draginja', 'last': 'Zeljković'}, 'location': {'street': {'number': 9761, 'name': 'Emila Zole'}, 'city': 'Dimitrovgrad', 'state': 'Kosovo-Pomoravlje', 'country': 'Serbia', 'postcode': 21597, 'coordinates': {'latitude': '60.2926', 'longitude': '100.8050'}, 'timezone': {'offset': '+7:00', 'description': 'Bangkok, Hanoi, Jakarta'}}, 'email': 'draginja.zeljkovic@example.com', 'login': {'uuid': '3f8df333-20e0-4dbc-9958-4c2827f4527e', 'username': 'orangefish783', 'password': 'english', 'salt': 'a4aYRWJK', 'md5': '3935cdc55897c5d5e79428e1ba803b00', 'sha1': 'd0ee396dd8453a7634c569343450596cbbcfb3cd', 'sha256': 'b5f6e4007514a312fa51cb8533d351d72190772693c7826027a15d1e4519f00b'}, 'dob': {'date': '1952-10-08T19:58:20.641Z', 'age': 71}, 'registered': {'date': '2013-02-04T18:59:49.440Z', 'age': 11}, 'phone': '029-2314-883', 'cell': '067-4608-276', 'id': {'name': 'SID', 'value': '873953413'}, 'picture': {'large': 'https://randomuser.me/api/portraits/women/13.jpg', 'medium': 'https://randomuser.me/api/portraits/med/women/13.jpg', 'thumbnail': 'https://randomuser.me/api/portraits/thumb/women/13.jpg'}, 'nat': 'RS'}], 'info': {'seed': '5c8c4360fb53a68a', 'results': 1, 'page': 1, 'version': '1.4'}}</msg>
<arg>${json_data}</arg>
<doc>Logs the given message with the given level.</doc>
<status status="PASS" start="2024-05-22T01:03:38.365437" elapsed="0.000264"/>
</kw>
<kw name="Should Be Equal As Numbers" owner="BuiltIn">
<arg>${json_data['results'][0]['location']['postcode']}</arg>
<arg>${json_data['results'][0]['location']['postcode']}</arg>
<doc>Fails if objects are unequal after converting them to real numbers.</doc>
<status status="PASS" start="2024-05-22T01:03:38.366061" elapsed="0.000639"/>
</kw>
<kw name="Log" owner="BuiltIn">
<msg time="2024-05-22T01:03:38.367231" level="INFO">21597</msg>
<arg>${json_data['results'][0]['location']['postcode']}</arg>
<doc>Logs the given message with the given level.</doc>
<status status="PASS" start="2024-05-22T01:03:38.366896" elapsed="0.000376"/>
</kw>
<status status="PASS" start="2024-05-22T01:03:38.236182" elapsed="0.131350"/>
</kw>
<doc>Testa se os tipos de dados na resposta da API estão corretos.</doc>
<tag>testeTiposDados</tag>
<status status="PASS" start="2024-05-22T01:03:38.188511" elapsed="0.179193"/>
</test>
<test id="s1-s1-t5" name="Validar conteudo" line="35">
<kw name="Teste de Tipos de Conteudo" owner="random-user-service">
<kw name="GET On Session" owner="RequestsLibrary">
<msg time="2024-05-22T01:03:38.477549" level="INFO">GET Request : url=https://randomuser.me/api 
 path_url=/api 
 headers={'User-Agent': 'python-requests/2.32.2', 'Accept-Encoding': 'gzip, deflate', 'Accept': '*/*', 'Connection': 'keep-alive'} 
 body=None 
 </msg>
<msg time="2024-05-22T01:03:38.477660" level="INFO">GET Response : url=https://randomuser.me/api 
 status=200, reason=OK 
 headers={'Date': 'Wed, 22 May 2024 01:03:38 GMT', 'Content-Type': 'application/json; charset=utf-8', 'Transfer-Encoding': 'chunked', 'Connection': 'keep-alive', 'X-Powered-By': 'Express', 'Access-Control-Allow-Origin': '*', 'Cache-Control': 'no-cache', 'ETag': 'W/"47f-8slIlNH3z+qRdQMtv5zKcv3ngiY"', 'Vary': 'Accept-Encoding', 'Content-Encoding': 'gzip', 'CF-Cache-Status': 'DYNAMIC', 'Report-To': '{"endpoints":[{"url":"https:\\/\\/a.nel.cloudflare.com\\/report\\/v4?s=b3JdYkcgAIBNyVrHu54vYSZEBiIBg2dTrARErX7ki6yiUKH0GpxFKKXDWpyGNn4PnwGNVL5laMqsdn4DZv%2BXYH8YhHSmLjl7cwdydYidaIbcNc6%2F1E5B2HPTk2TaKFZR"}],"group":"cf-nel","max_age":604800}', 'NEL': '{"success_fraction":0,"report_to":"cf-nel","max_age":604800}', 'Server': 'cloudflare', 'CF-RAY': '8878e338db7b20be-IAD', 'alt-svc': 'h3=":443"; ma=86400'} 
 body={"results":[{"gender":"female","name":{"title":"Mrs","first":"آوینا","last":"علیزاده"},"location":{"street":{"number":471,"name":"شهید مطهری"},"city":"کرج","state":"خراسان رضوی","country":"Iran","postcode":99707,"coordinates":{"latitude":"18.1284","longitude":"147.7248"},"timezone":{"offset":"-10:00","description":"Hawaii"}},"email":"awyn.aalyzdh@example.com","login":{"uuid":"179107e4-f624-46db-9c0e-1ace0736b03e","username":"tinycat716","password":"232323","salt":"zjqA2U2X","md5":"f0f54aa4c8a0509d921bf3b29e8e5698","sha1":"a0125751f64739fcf2c6f4482105cbe7f7a4b934","sha256":"d682399c0cc899fe94c4b297caa67570234f58c31d9053bd777ab8738789cea1"},"dob":{"date":"1987-10-20T16:26:34.968Z","age":36},"registered":{"date":"2020-02-12T11:45:48.223Z","age":4},"phone":"042-37019029","cell":"0993-594-0307","id":{"name":"","value":null},"picture":{"large":"https://randomuser.me/api/portraits/women/2.jpg","medium":"https://randomuser.me/api/portraits/med/women/2.jpg","thumbnail":"https://randomuser.me/api/portraits/thumb/women/2.jpg"},"nat":"IR"}],"info":{"seed":"5931e2091f5d1df4","results":1,"page":1,"version":"1.4"}} 
 </msg>
<msg time="2024-05-22T01:03:38.477784" level="INFO">/opt/hostedtoolcache/Python/3.12.3/x64/lib/python3.12/site-packages/urllib3/connectionpool.py:1103: InsecureRequestWarning: Unverified HTTPS request is being made to host 'randomuser.me'. Adding certificate verification is strongly advised. See: https://urllib3.readthedocs.io/en/latest/advanced-usage.html#tls-warnings
  warnings.warn(</msg>
<msg time="2024-05-22T01:03:38.477956" level="INFO">${response} = &lt;Response [200]&gt;</msg>
<var>${response}</var>
<arg>consultarAPI</arg>
<arg>/api</arg>
<doc>Sends a GET request on a previously created HTTP Session.</doc>
<status status="PASS" start="2024-05-22T01:03:38.370246" elapsed="0.107763"/>
</kw>
<kw name="Set Variable" owner="BuiltIn">
<msg time="2024-05-22T01:03:38.479088" level="INFO">${json_data} = {'results': [{'gender': 'female', 'name': {'title': 'Mrs', 'first': 'آوینا', 'last': 'علیزاده'}, 'location': {'street': {'number': 471, 'name': 'شهید مطهری'}, 'city': 'کرج', 'state': 'خراسان رضوی', 'c...</msg>
<var>${json_data}</var>
<arg>${response.json()}</arg>
<doc>Returns the given values which can then be assigned to a variables.</doc>
<status status="PASS" start="2024-05-22T01:03:38.478566" elapsed="0.000554"/>
</kw>
<kw name="Set Variable" owner="BuiltIn">
<msg time="2024-05-22T01:03:38.479820" level="INFO">${name_title} = Mrs</msg>
<var>${name_title}</var>
<arg>${json_data["results"][0]["name"]["title"]}</arg>
<doc>Returns the given values which can then be assigned to a variables.</doc>
<status status="PASS" start="2024-05-22T01:03:38.479426" elapsed="0.000419"/>
</kw>
<kw name="Create List" owner="BuiltIn">
<msg time="2024-05-22T01:03:38.480311" level="INFO">${allowed_titles} = ['Mr', 'Ms', 'Miss', 'Mrs', 'Madame', 'Monsieur']</msg>
<var>${allowed_titles}</var>
<arg>Mr</arg>
<arg>Ms</arg>
<arg>Miss</arg>
<arg>Mrs</arg>
<arg>Madame</arg>
<arg>Monsieur</arg>
<doc>Returns a list containing given items.</doc>
<status status="PASS" start="2024-05-22T01:03:38.480161" elapsed="0.000175"/>
</kw>
<kw name="List Should Contain Value" owner="Collections">
<msg time="2024-05-22T01:03:38.480817" level="INFO">False</msg>
<arg>${allowed_titles}</arg>
<arg>${name_title}</arg>
<doc>Fails if the ``value`` is not found from ``list``.</doc>
<status status="PASS" start="2024-05-22T01:03:38.480641" elapsed="0.000213"/>
</kw>
<kw name="Set Variable" owner="BuiltIn">
<msg time="2024-05-22T01:03:38.481714" level="INFO">${name_country} = IR</msg>
<var>${name_country}</var>
<arg>${json_data["results"][0]["nat"]}</arg>
<doc>Returns the given values which can then be assigned to a variables.</doc>
<status status="PASS" start="2024-05-22T01:03:38.481144" elapsed="0.000621"/>
</kw>
<kw name="Create List" owner="BuiltIn">
<msg time="2024-05-22T01:03:38.482692" level="INFO">${list_country} = ['AD', 'AE', 'AF', 'AG', 'AI', 'AL', 'AM', 'AO', 'AQ', 'AR', 'AS', 'AT', 'AU', 'AW', 'AX', 'AZ', 'BA', 'BB', 'BD', 'BE', 'BF', 'BG', 'BH', 'BI', 'BJ', 'BL', 'BM', 'BN', 'BO', 'BQ', 'BR', 'BS', 'BT', '...</msg>
<var>${list_country}</var>
<arg>AD</arg>
<arg>AE</arg>
<arg>AF</arg>
<arg>AG</arg>
<arg>AI</arg>
<arg>AL</arg>
<arg>AM</arg>
<arg>AO</arg>
<arg>AQ</arg>
<arg>AR</arg>
<arg>AS</arg>
<arg>AT</arg>
<arg>AU</arg>
<arg>AW</arg>
<arg>AX</arg>
<arg>AZ</arg>
<arg>BA</arg>
<arg>BB</arg>
<arg>BD</arg>
<arg>BE</arg>
<arg>BF</arg>
<arg>BG</arg>
<arg>BH</arg>
<arg>BI</arg>
<arg>BJ</arg>
<arg>BL</arg>
<arg>BM</arg>
<arg>BN</arg>
<arg>BO</arg>
<arg>BQ</arg>
<arg>BR</arg>
<arg>BS</arg>
<arg>BT</arg>
<arg>BV</arg>
<arg>BW</arg>
<arg>BY</arg>
<arg>BZ</arg>
<arg>CA</arg>
<arg>CC</arg>
<arg>CD</arg>
<arg>CF</arg>
<arg>CG</arg>
<arg>CH</arg>
<arg>CI</arg>
<arg>CK</arg>
<arg>CL</arg>
<arg>CM</arg>
<arg>CN</arg>
<arg>CO</arg>
<arg>CR</arg>
<arg>CU</arg>
<arg>CV</arg>
<arg>CW</arg>
<arg>CX</arg>
<arg>CY</arg>
<arg>CZ</arg>
<arg>DE</arg>
<arg>DJ</arg>
<arg>DK</arg>
<arg>DM</arg>
<arg>DO</arg>
<arg>DZ</arg>
<arg>EC</arg>
<arg>EE</arg>
<arg>EG</arg>
<arg>EH</arg>
<arg>ER</arg>
<arg>ES</arg>
<arg>ET</arg>
<arg>FI</arg>
<arg>FJ</arg>
<arg>FK</arg>
<arg>FM</arg>
<arg>FO</arg>
<arg>FR</arg>
<arg>GA</arg>
<arg>GB</arg>
<arg>GD</arg>
<arg>GE</arg>
<arg>GF</arg>
<arg>GG</arg>
<arg>GH</arg>
<arg>GI</arg>
<arg>GL</arg>
<arg>GM</arg>
<arg>GN</arg>
<arg>GP</arg>
<arg>GQ</arg>
<arg>GR</arg>
<arg>GS</arg>
<arg>GT</arg>
<arg>GU</arg>
<arg>GW</arg>
<arg>GY</arg>
<arg>HK</arg>
<arg>HM</arg>
<arg>HN</arg>
<arg>HR</arg>
<arg>HT</arg>
<arg>HU</arg>
<arg>ID</arg>
<arg>IE</arg>
<arg>IL</arg>
<arg>IM</arg>
<arg>IN</arg>
<arg>IO</arg>
<arg>IQ</arg>
<arg>IR</arg>
<arg>IS</arg>
<arg>IT</arg>
<arg>JE</arg>
<arg>JM</arg>
<arg>JO</arg>
<arg>JP</arg>
<arg>KE</arg>
<arg>KG</arg>
<arg>KH</arg>
<arg>KI</arg>
<arg>KM</arg>
<arg>KN</arg>
<arg>KP</arg>
<arg>KR</arg>
<arg>KW</arg>
<arg>KY</arg>
<arg>KZ</arg>
<arg>LA</arg>
<arg>LB</arg>
<arg>LC</arg>
<arg>LI</arg>
<arg>LK</arg>
<arg>LR</arg>
<arg>LS</arg>
<arg>LT</arg>
<arg>LU</arg>
<arg>LV</arg>
<arg>LY</arg>
<arg>MA</arg>
<arg>MC</arg>
<arg>MD</arg>
<arg>ME</arg>
<arg>MF</arg>
<arg>MG</arg>
<arg>MH</arg>
<arg>MK</arg>
<arg>ML</arg>
<arg>MM</arg>
<arg>MN</arg>
<arg>MO</arg>
<arg>MP</arg>
<arg>MQ</arg>
<arg>MR</arg>
<arg>MS</arg>
<arg>MT</arg>
<arg>MU</arg>
<arg>MV</arg>
<arg>MW</arg>
<arg>MX</arg>
<arg>MY</arg>
<arg>MZ</arg>
<arg>NA</arg>
<arg>NC</arg>
<arg>NE</arg>
<arg>NF</arg>
<arg>NG</arg>
<arg>NI</arg>
<arg>NL</arg>
<arg>NO</arg>
<arg>NP</arg>
<arg>NR</arg>
<arg>NU</arg>
<arg>NZ</arg>
<arg>OM</arg>
<arg>PA</arg>
<arg>PE</arg>
<arg>PF</arg>
<arg>PG</arg>
<arg>PH</arg>
<arg>PK</arg>
<arg>PL</arg>
<arg>PM</arg>
<arg>PN</arg>
<arg>PR</arg>
<arg>PS</arg>
<arg>PT</arg>
<arg>PW</arg>
<arg>PY</arg>
<arg>QA</arg>
<arg>RE</arg>
<arg>RO</arg>
<arg>RS</arg>
<arg>RU</arg>
<arg>RW</arg>
<arg>SA</arg>
<arg>SB</arg>
<arg>SC</arg>
<arg>SD</arg>
<arg>SE</arg>
<arg>SG</arg>
<arg>SH</arg>
<arg>SI</arg>
<arg>SJ</arg>
<arg>SK</arg>
<arg>SL</arg>
<arg>SM</arg>
<arg>SN</arg>
<arg>SO</arg>
<arg>SR</arg>
<arg>SS</arg>
<arg>ST</arg>
<arg>SV</arg>
<arg>SX</arg>
<arg>SY</arg>
<arg>SZ</arg>
<arg>TC</arg>
<arg>TD</arg>
<arg>TF</arg>
<arg>TG</arg>
<arg>TH</arg>
<arg>TJ</arg>
<arg>TK</arg>
<arg>TL</arg>
<arg>TM</arg>
<arg>TN</arg>
<arg>TO</arg>
<arg>TR</arg>
<arg>TT</arg>
<arg>TV</arg>
<arg>TW</arg>
<arg>TZ</arg>
<arg>UA</arg>
<arg>UG</arg>
<arg>UM</arg>
<arg>US</arg>
<arg>UY</arg>
<arg>UZ</arg>
<arg>VA</arg>
<arg>VC</arg>
<arg>VE</arg>
<arg>VG</arg>
<arg>VI</arg>
<arg>VN</arg>
<arg>VU</arg>
<arg>WF</arg>
<arg>WS</arg>
<arg>XK</arg>
<arg>YE</arg>
<arg>YT</arg>
<arg>ZA</arg>
<arg>ZM</arg>
<arg>ZW</arg>
<doc>Returns a list containing given items.</doc>
<status status="PASS" start="2024-05-22T01:03:38.482091" elapsed="0.000625"/>
</kw>
<kw name="List Should Contain Value" owner="Collections">
<msg time="2024-05-22T01:03:38.483719" level="INFO">False</msg>
<arg>${list_country}</arg>
<arg>${name_country}</arg>
<doc>Fails if the ``value`` is not found from ``list``.</doc>
<status status="PASS" start="2024-05-22T01:03:38.483510" elapsed="0.000245"/>
</kw>
<kw name="Run Keyword If" owner="BuiltIn">
<kw name="Should Be True" owner="BuiltIn">
<arg>${True}</arg>
<doc>Fails if the given condition is not true.</doc>
<status status="PASS" start="2024-05-22T01:03:38.484823" elapsed="0.000145"/>
</kw>
<arg>${json_data["results"][0]["location"]["coordinates"]["latitude"]} &gt;= -90 and ${json_data["results"][0]["location"]["coordinates"]["latitude"]} &lt;= 90</arg>
<arg>Should Be True</arg>
<arg>${True}</arg>
<doc>Runs the given keyword with the given arguments, if ``condition`` is true.</doc>
<status status="PASS" start="2024-05-22T01:03:38.484063" elapsed="0.001034"/>
</kw>
<kw name="Run Keyword If" owner="BuiltIn">
<kw name="Should Be True" owner="BuiltIn">
<arg>${True}</arg>
<doc>Fails if the given condition is not true.</doc>
<status status="PASS" start="2024-05-22T01:03:38.486020" elapsed="0.000139"/>
</kw>
<arg>${json_data["results"][0]["location"]["coordinates"]["longitude"]} &gt;= -180 and ${json_data["results"][0]["location"]["coordinates"]["longitude"]} &lt;= 180</arg>
<arg>Should Be True</arg>
<arg>${True}</arg>
<doc>Runs the given keyword with the given arguments, if ``condition`` is true.</doc>
<status status="PASS" start="2024-05-22T01:03:38.485282" elapsed="0.000999"/>
</kw>
<status status="PASS" start="2024-05-22T01:03:38.370008" elapsed="0.116403"/>
</kw>
<doc>Testa o conteúdo específico dos campos retornados pela API.</doc>
<tag>testeConteudo</tag>
<status status="PASS" start="2024-05-22T01:03:38.369443" elapsed="0.117121"/>
</test>
<status status="PASS" start="2024-05-22T01:03:37.530296" elapsed="0.958168"/>
</suite>
<status status="PASS" start="2024-05-22T01:03:37.516530" elapsed="0.977160"/>
</suite>
<statistics>
<total>
<stat pass="5" fail="0" skip="0">All Tests</stat>
</total>
<tag>
<stat pass="1" fail="0" skip="0">testeConteudo</stat>
<stat pass="1" fail="0" skip="0">testeEstruturaResposta</stat>
<stat pass="1" fail="0" skip="0">testeRequisicaoBasica</stat>
<stat pass="1" fail="0" skip="0">testeTiposDados</stat>
</tag>
<suite>
<stat pass="5" fail="0" skip="0" id="s1" name="Tests">Tests</stat>
<stat pass="5" fail="0" skip="0" id="s1-s1" name="Random-User-Test">Tests.Random-User-Test</stat>
</suite>
</statistics>
<errors>
</errors>
</robot>
