<?xml version="1.0" encoding="UTF-8"?>
<robot generator="Robot 7.0.1 (Python 3.12.4 on linux)" generated="2024-07-01T09:19:54.247359" rpa="false" schemaversion="5">
<suite id="s1" name="Tests" source="/home/runner/work/ApiRandomUser/ApiRandomUser/RamdonUser/tests">
<suite id="s1-s1" name="Random-User-Test" source="/home/runner/work/ApiRandomUser/ApiRandomUser/RamdonUser/tests/random-user-test.robot">
<test id="s1-s1-t1" name="Conectar" line="13">
<kw name="Conectar API" owner="random-user-service">
<kw name="Create Session" owner="RequestsLibrary">
<msg time="2024-07-01T09:19:54.689594" level="INFO">Creating Session using : alias=consultarAPI, url=https://randomuser.me/, headers={},                     cookies={}, auth=None, timeout=None, proxies=None, verify=False,                     debug=0 </msg>
<arg>consultarAPI</arg>
<arg>${URL}</arg>
<doc>Create Session: create a HTTP session to a server</doc>
<status status="PASS" start="2024-07-01T09:19:54.689363" elapsed="0.000434"/>
</kw>
<status status="PASS" start="2024-07-01T09:19:54.688315" elapsed="0.001872"/>
</kw>
<status status="PASS" start="2024-07-01T09:19:54.687691" elapsed="0.002698"/>
</test>
<test id="s1-s1-t2" name="Validar retorno 200 e JSON Válido" line="16">
<kw name="Teste de Requisicao Basica" owner="random-user-service">
<kw name="GET On Session" owner="RequestsLibrary">
<msg time="2024-07-01T09:19:55.009599" level="INFO">GET Request : url=https://randomuser.me/api 
 path_url=/api 
 headers={'User-Agent': 'python-requests/2.32.3', 'Accept-Encoding': 'gzip, deflate', 'Accept': '*/*', 'Connection': 'keep-alive'} 
 body=None 
 </msg>
<msg time="2024-07-01T09:19:55.009774" level="INFO">GET Response : url=https://randomuser.me/api 
 status=200, reason=OK 
 headers={'Date': 'Mon, 01 Jul 2024 09:19:55 GMT', 'Content-Type': 'application/json; charset=utf-8', 'Transfer-Encoding': 'chunked', 'Connection': 'keep-alive', 'X-Powered-By': 'Express', 'Access-Control-Allow-Origin': '*', 'Cache-Control': 'no-cache', 'ETag': 'W/"47a-NW2mi6lUW1D/1EA8GxfC0SWf0WA"', 'Vary': 'Accept-Encoding', 'Content-Encoding': 'gzip', 'CF-Cache-Status': 'DYNAMIC', 'Report-To': '{"endpoints":[{"url":"https:\\/\\/a.nel.cloudflare.com\\/report\\/v4?s=uE3iK%2BImyKUcMvFqiwxXuC9%2FIWxTi3P%2FlaztvzES58%2FkKMx5hmY1nFFTItifjwgOz0hTN9ruAc7EutAsBr5IKH29r81vjcCXSbdi%2FvSc7%2F6%2F%2FtKLKshf6tN1pW4gYz0W"}],"group":"cf-nel","max_age":604800}', 'NEL': '{"success_fraction":0,"report_to":"cf-nel","max_age":604800}', 'Server': 'cloudflare', 'CF-RAY': '89c55130aafb392b-IAD', 'alt-svc': 'h3=":443"; ma=86400'} 
 body={"results":[{"gender":"male","name":{"title":"Mr","first":"Brandon","last":"Oliver"},"location":{"street":{"number":8458,"name":"Homestead Rd"},"city":"Belen","state":"North Dakota","country":"United States","postcode":75497,"coordinates":{"latitude":"89.6730","longitude":"-93.3581"},"timezone":{"offset":"-10:00","description":"Hawaii"}},"email":"brandon.oliver@example.com","login":{"uuid":"1a1d61ab-774c-44c2-a641-446d840d7f28","username":"crazycat362","password":"goochi","salt":"ECqXrWj5","md5":"70622bbe373e085e7a5ed8c929a990a9","sha1":"d5a04097feb6c82f1d89abdf554aeb5f0adefcdf","sha256":"32ad3fc8c3f96ab0dcc1be3d4aa05ecf0e05053a9d803ac17fb56d507a206e75"},"dob":{"date":"1959-11-14T14:23:55.393Z","age":64},"registered":{"date":"2010-05-07T14:30:51.967Z","age":14},"phone":"(620) 849-1590","cell":"(680) 274-4941","id":{"name":"SSN","value":"207-66-3600"},"picture":{"large":"https://randomuser.me/api/portraits/men/85.jpg","medium":"https://randomuser.me/api/portraits/med/men/85.jpg","thumbnail":"https://randomuser.me/api/portraits/thumb/men/85.jpg"},"nat":"US"}],"info":{"seed":"572c60e6c153b0b1","results":1,"page":1,"version":"1.4"}} 
 </msg>
<msg time="2024-07-01T09:19:55.009869" level="INFO">/opt/hostedtoolcache/Python/3.12.4/x64/lib/python3.12/site-packages/urllib3/connectionpool.py:1099: InsecureRequestWarning: Unverified HTTPS request is being made to host 'randomuser.me'. Adding certificate verification is strongly advised. See: https://urllib3.readthedocs.io/en/latest/advanced-usage.html#tls-warnings
  warnings.warn(</msg>
<msg time="2024-07-01T09:19:55.010037" level="INFO">${response} = &lt;Response [200]&gt;</msg>
<var>${response}</var>
<arg>consultarAPI</arg>
<arg>/api</arg>
<doc>Sends a GET request on a previously created HTTP Session.</doc>
<status status="PASS" start="2024-07-01T09:19:54.693137" elapsed="0.316941"/>
</kw>
<kw name="Should Be Equal As Numbers" owner="BuiltIn">
<msg time="2024-07-01T09:19:55.011099" level="INFO">Argument types are:
&lt;class 'int'&gt;
&lt;class 'str'&gt;</msg>
<arg>${response.status_code}</arg>
<arg>200</arg>
<doc>Fails if objects are unequal after converting them to real numbers.</doc>
<status status="PASS" start="2024-07-01T09:19:55.010612" elapsed="0.000552"/>
</kw>
<kw name="Log" owner="BuiltIn">
<msg time="2024-07-01T09:19:55.011822" level="INFO">200</msg>
<arg>${response.status_code}</arg>
<doc>Logs the given message with the given level.</doc>
<status status="PASS" start="2024-07-01T09:19:55.011477" elapsed="0.000387"/>
</kw>
<kw name="Set Variable" owner="BuiltIn">
<msg time="2024-07-01T09:19:55.012591" level="INFO">${json_data} = {'results': [{'gender': 'male', 'name': {'title': 'Mr', 'first': 'Brandon', 'last': 'Oliver'}, 'location': {'street': {'number': 8458, 'name': 'Homestead Rd'}, 'city': 'Belen', 'state': 'North Dakota'...</msg>
<var>${json_data}</var>
<arg>${response.json()}</arg>
<doc>Returns the given values which can then be assigned to a variables.</doc>
<status status="PASS" start="2024-07-01T09:19:55.012160" elapsed="0.000459"/>
</kw>
<kw name="Dictionary Should Contain Key" owner="Collections">
<arg>${json_data}</arg>
<arg>results</arg>
<doc>Fails if ``key`` is not found from ``dictionary``.</doc>
<status status="PASS" start="2024-07-01T09:19:55.012915" elapsed="0.000163"/>
</kw>
<status status="PASS" start="2024-07-01T09:19:54.692868" elapsed="0.320360"/>
</kw>
<doc>Testa se a API responde corretamente e retorna um objeto JSON válido.</doc>
<tag>testeRequisicaoBasica</tag>
<status status="PASS" start="2024-07-01T09:19:54.692365" elapsed="0.321035"/>
</test>
<test id="s1-s1-t3" name="Validar estrutura de resposta" line="22">
<kw name="Teste de Estrutura de Resposta" owner="random-user-service">
<kw name="GET On Session" owner="RequestsLibrary">
<msg time="2024-07-01T09:19:55.110465" level="INFO">GET Request : url=https://randomuser.me/api 
 path_url=/api 
 headers={'User-Agent': 'python-requests/2.32.3', 'Accept-Encoding': 'gzip, deflate', 'Accept': '*/*', 'Connection': 'keep-alive'} 
 body=None 
 </msg>
<msg time="2024-07-01T09:19:55.110573" level="INFO">GET Response : url=https://randomuser.me/api 
 status=200, reason=OK 
 headers={'Date': 'Mon, 01 Jul 2024 09:19:55 GMT', 'Content-Type': 'application/json; charset=utf-8', 'Transfer-Encoding': 'chunked', 'Connection': 'keep-alive', 'X-Powered-By': 'Express', 'Access-Control-Allow-Origin': '*', 'Cache-Control': 'no-cache', 'ETag': 'W/"48d-LIhNhaftHX4B1I629IwuG2LTr3M"', 'Vary': 'Accept-Encoding', 'Content-Encoding': 'gzip', 'CF-Cache-Status': 'DYNAMIC', 'Report-To': '{"endpoints":[{"url":"https:\\/\\/a.nel.cloudflare.com\\/report\\/v4?s=4%2FwK2MN88om44y5eb8R0NcyMJcI%2FFMo8cIPCzDUDfkR2dtTRQ%2B15o6EuA7v6fAfnLvcEaJNeMWEXPAP1vpT%2B9xZI%2BhfcpreT0wFrZCAnMfE%2Fhag48ymt9KEhu6B2XHx4"}],"group":"cf-nel","max_age":604800}', 'NEL': '{"success_fraction":0,"report_to":"cf-nel","max_age":604800}', 'Server': 'cloudflare', 'CF-RAY': '89c55130eb2c392b-IAD', 'alt-svc': 'h3=":443"; ma=86400'} 
 body={"results":[{"gender":"female","name":{"title":"Mrs","first":"Harriet","last":"Walker"},"location":{"street":{"number":4866,"name":"Ponsonby Road"},"city":"Lower Hutt","state":"Canterbury","country":"New Zealand","postcode":68297,"coordinates":{"latitude":"49.4533","longitude":"119.8793"},"timezone":{"offset":"+2:00","description":"Kaliningrad, South Africa"}},"email":"harriet.walker@example.com","login":{"uuid":"5d987a62-ab5f-480c-ad6f-5123761e5c3b","username":"whitegoose187","password":"heyhey","salt":"Uu0HaXO1","md5":"e893ad18c89ca403a01b3fa859b58971","sha1":"e64c8e9c4033346b2f5b93b0f112f909e05b4368","sha256":"bc1525003a42fc4ff5cbec14b56bc8e48adc16ecf5c8b7524b6d20eb4378ce8e"},"dob":{"date":"1953-02-08T09:48:04.325Z","age":71},"registered":{"date":"2006-03-12T06:16:21.059Z","age":18},"phone":"(409)-372-7708","cell":"(040)-352-9857","id":{"name":"","value":null},"picture":{"large":"https://randomuser.me/api/portraits/women/45.jpg","medium":"https://randomuser.me/api/portraits/med/women/45.jpg","thumbnail":"https://randomuser.me/api/portraits/thumb/women/45.jpg"},"nat":"NZ"}],"info":{"seed":"dfa882116bac3007","results":1,"page":1,"version":"1.4"}} 
 </msg>
<msg time="2024-07-01T09:19:55.110713" level="INFO">/opt/hostedtoolcache/Python/3.12.4/x64/lib/python3.12/site-packages/urllib3/connectionpool.py:1099: InsecureRequestWarning: Unverified HTTPS request is being made to host 'randomuser.me'. Adding certificate verification is strongly advised. See: https://urllib3.readthedocs.io/en/latest/advanced-usage.html#tls-warnings
  warnings.warn(</msg>
<msg time="2024-07-01T09:19:55.110894" level="INFO">${response} = &lt;Response [200]&gt;</msg>
<var>${response}</var>
<arg>consultarAPI</arg>
<arg>/api</arg>
<doc>Sends a GET request on a previously created HTTP Session.</doc>
<status status="PASS" start="2024-07-01T09:19:55.016087" elapsed="0.094855"/>
</kw>
<kw name="Set Variable" owner="BuiltIn">
<msg time="2024-07-01T09:19:55.112160" level="INFO">${json_data} = {'results': [{'gender': 'female', 'name': {'title': 'Mrs', 'first': 'Harriet', 'last': 'Walker'}, 'location': {'street': {'number': 4866, 'name': 'Ponsonby Road'}, 'city': 'Lower Hutt', 'state': 'Cant...</msg>
<var>${json_data}</var>
<arg>${response.json()}</arg>
<doc>Returns the given values which can then be assigned to a variables.</doc>
<status status="PASS" start="2024-07-01T09:19:55.111585" elapsed="0.000603"/>
</kw>
<kw name="Log" owner="BuiltIn">
<msg time="2024-07-01T09:19:55.112672" level="INFO">{'results': [{'gender': 'female', 'name': {'title': 'Mrs', 'first': 'Harriet', 'last': 'Walker'}, 'location': {'street': {'number': 4866, 'name': 'Ponsonby Road'}, 'city': 'Lower Hutt', 'state': 'Canterbury', 'country': 'New Zealand', 'postcode': 68297, 'coordinates': {'latitude': '49.4533', 'longitude': '119.8793'}, 'timezone': {'offset': '+2:00', 'description': 'Kaliningrad, South Africa'}}, 'email': 'harriet.walker@example.com', 'login': {'uuid': '5d987a62-ab5f-480c-ad6f-5123761e5c3b', 'username': 'whitegoose187', 'password': 'heyhey', 'salt': 'Uu0HaXO1', 'md5': 'e893ad18c89ca403a01b3fa859b58971', 'sha1': 'e64c8e9c4033346b2f5b93b0f112f909e05b4368', 'sha256': 'bc1525003a42fc4ff5cbec14b56bc8e48adc16ecf5c8b7524b6d20eb4378ce8e'}, 'dob': {'date': '1953-02-08T09:48:04.325Z', 'age': 71}, 'registered': {'date': '2006-03-12T06:16:21.059Z', 'age': 18}, 'phone': '(409)-372-7708', 'cell': '(040)-352-9857', 'id': {'name': '', 'value': None}, 'picture': {'large': 'https://randomuser.me/api/portraits/women/45.jpg', 'medium': 'https://randomuser.me/api/portraits/med/women/45.jpg', 'thumbnail': 'https://randomuser.me/api/portraits/thumb/women/45.jpg'}, 'nat': 'NZ'}], 'info': {'seed': 'dfa882116bac3007', 'results': 1, 'page': 1, 'version': '1.4'}}</msg>
<arg>${json_data}</arg>
<doc>Logs the given message with the given level.</doc>
<status status="PASS" start="2024-07-01T09:19:55.112510" elapsed="0.000209"/>
</kw>
<kw name="Dictionary Should Contain Key" owner="Collections">
<arg>${json_data}</arg>
<arg>results</arg>
<doc>Fails if ``key`` is not found from ``dictionary``.</doc>
<status status="PASS" start="2024-07-01T09:19:55.113007" elapsed="0.000159"/>
</kw>
<kw name="Should Not Be Empty" owner="BuiltIn">
<msg time="2024-07-01T09:19:55.113476" level="INFO">Length is 2.</msg>
<arg>${json_data}</arg>
<doc>Verifies that the given item is not empty.</doc>
<status status="PASS" start="2024-07-01T09:19:55.113352" elapsed="0.000166"/>
</kw>
<kw name="Create List" owner="BuiltIn">
<msg time="2024-07-01T09:19:55.114145" level="INFO">${expected_keys} = ['gender', 'name', 'location', 'email', 'login']</msg>
<var>${expected_keys}</var>
<arg>gender</arg>
<arg>name</arg>
<arg>location</arg>
<arg>email</arg>
<arg>login</arg>
<doc>Returns a list containing given items.</doc>
<status status="PASS" start="2024-07-01T09:19:55.113813" elapsed="0.000356"/>
</kw>
<for flavor="IN">
<iter>
<kw name="Dictionary Should Contain Key" owner="Collections">
<arg>${json_data['results'][0]}</arg>
<arg>${key}</arg>
<doc>Fails if ``key`` is not found from ``dictionary``.</doc>
<status status="PASS" start="2024-07-01T09:19:55.114777" elapsed="0.000436"/>
</kw>
<kw name="Log" owner="BuiltIn">
<msg time="2024-07-01T09:19:55.115757" level="INFO">{'gender': 'female', 'name': {'title': 'Mrs', 'first': 'Harriet', 'last': 'Walker'}, 'location': {'street': {'number': 4866, 'name': 'Ponsonby Road'}, 'city': 'Lower Hutt', 'state': 'Canterbury', 'country': 'New Zealand', 'postcode': 68297, 'coordinates': {'latitude': '49.4533', 'longitude': '119.8793'}, 'timezone': {'offset': '+2:00', 'description': 'Kaliningrad, South Africa'}}, 'email': 'harriet.walker@example.com', 'login': {'uuid': '5d987a62-ab5f-480c-ad6f-5123761e5c3b', 'username': 'whitegoose187', 'password': 'heyhey', 'salt': 'Uu0HaXO1', 'md5': 'e893ad18c89ca403a01b3fa859b58971', 'sha1': 'e64c8e9c4033346b2f5b93b0f112f909e05b4368', 'sha256': 'bc1525003a42fc4ff5cbec14b56bc8e48adc16ecf5c8b7524b6d20eb4378ce8e'}, 'dob': {'date': '1953-02-08T09:48:04.325Z', 'age': 71}, 'registered': {'date': '2006-03-12T06:16:21.059Z', 'age': 18}, 'phone': '(409)-372-7708', 'cell': '(040)-352-9857', 'id': {'name': '', 'value': None}, 'picture': {'large': 'https://randomuser.me/api/portraits/women/45.jpg', 'medium': 'https://randomuser.me/api/portraits/med/women/45.jpg', 'thumbnail': 'https://randomuser.me/api/portraits/thumb/women/45.jpg'}, 'nat': 'NZ'}</msg>
<arg>${json_data['results'][0]}</arg>
<doc>Logs the given message with the given level.</doc>
<status status="PASS" start="2024-07-01T09:19:55.115397" elapsed="0.000407"/>
</kw>
<kw name="Log" owner="BuiltIn">
<msg time="2024-07-01T09:19:55.116231" level="INFO">gender</msg>
<arg>${key}</arg>
<doc>Logs the given message with the given level.</doc>
<status status="PASS" start="2024-07-01T09:19:55.116104" elapsed="0.000165"/>
</kw>
<var name="${key}">gender</var>
<status status="PASS" start="2024-07-01T09:19:55.114647" elapsed="0.001844"/>
</iter>
<iter>
<kw name="Dictionary Should Contain Key" owner="Collections">
<arg>${json_data['results'][0]}</arg>
<arg>${key}</arg>
<doc>Fails if ``key`` is not found from ``dictionary``.</doc>
<status status="PASS" start="2024-07-01T09:19:55.116798" elapsed="0.000390"/>
</kw>
<kw name="Log" owner="BuiltIn">
<msg time="2024-07-01T09:19:55.117711" level="INFO">{'gender': 'female', 'name': {'title': 'Mrs', 'first': 'Harriet', 'last': 'Walker'}, 'location': {'street': {'number': 4866, 'name': 'Ponsonby Road'}, 'city': 'Lower Hutt', 'state': 'Canterbury', 'country': 'New Zealand', 'postcode': 68297, 'coordinates': {'latitude': '49.4533', 'longitude': '119.8793'}, 'timezone': {'offset': '+2:00', 'description': 'Kaliningrad, South Africa'}}, 'email': 'harriet.walker@example.com', 'login': {'uuid': '5d987a62-ab5f-480c-ad6f-5123761e5c3b', 'username': 'whitegoose187', 'password': 'heyhey', 'salt': 'Uu0HaXO1', 'md5': 'e893ad18c89ca403a01b3fa859b58971', 'sha1': 'e64c8e9c4033346b2f5b93b0f112f909e05b4368', 'sha256': 'bc1525003a42fc4ff5cbec14b56bc8e48adc16ecf5c8b7524b6d20eb4378ce8e'}, 'dob': {'date': '1953-02-08T09:48:04.325Z', 'age': 71}, 'registered': {'date': '2006-03-12T06:16:21.059Z', 'age': 18}, 'phone': '(409)-372-7708', 'cell': '(040)-352-9857', 'id': {'name': '', 'value': None}, 'picture': {'large': 'https://randomuser.me/api/portraits/women/45.jpg', 'medium': 'https://randomuser.me/api/portraits/med/women/45.jpg', 'thumbnail': 'https://randomuser.me/api/portraits/thumb/women/45.jpg'}, 'nat': 'NZ'}</msg>
<arg>${json_data['results'][0]}</arg>
<doc>Logs the given message with the given level.</doc>
<status status="PASS" start="2024-07-01T09:19:55.117368" elapsed="0.000422"/>
</kw>
<kw name="Log" owner="BuiltIn">
<msg time="2024-07-01T09:19:55.118214" level="INFO">name</msg>
<arg>${key}</arg>
<doc>Logs the given message with the given level.</doc>
<status status="PASS" start="2024-07-01T09:19:55.118086" elapsed="0.000166"/>
</kw>
<var name="${key}">name</var>
<status status="PASS" start="2024-07-01T09:19:55.116681" elapsed="0.001790"/>
</iter>
<iter>
<kw name="Dictionary Should Contain Key" owner="Collections">
<arg>${json_data['results'][0]}</arg>
<arg>${key}</arg>
<doc>Fails if ``key`` is not found from ``dictionary``.</doc>
<status status="PASS" start="2024-07-01T09:19:55.118754" elapsed="0.000415"/>
</kw>
<kw name="Log" owner="BuiltIn">
<msg time="2024-07-01T09:19:55.119735" level="INFO">{'gender': 'female', 'name': {'title': 'Mrs', 'first': 'Harriet', 'last': 'Walker'}, 'location': {'street': {'number': 4866, 'name': 'Ponsonby Road'}, 'city': 'Lower Hutt', 'state': 'Canterbury', 'country': 'New Zealand', 'postcode': 68297, 'coordinates': {'latitude': '49.4533', 'longitude': '119.8793'}, 'timezone': {'offset': '+2:00', 'description': 'Kaliningrad, South Africa'}}, 'email': 'harriet.walker@example.com', 'login': {'uuid': '5d987a62-ab5f-480c-ad6f-5123761e5c3b', 'username': 'whitegoose187', 'password': 'heyhey', 'salt': 'Uu0HaXO1', 'md5': 'e893ad18c89ca403a01b3fa859b58971', 'sha1': 'e64c8e9c4033346b2f5b93b0f112f909e05b4368', 'sha256': 'bc1525003a42fc4ff5cbec14b56bc8e48adc16ecf5c8b7524b6d20eb4378ce8e'}, 'dob': {'date': '1953-02-08T09:48:04.325Z', 'age': 71}, 'registered': {'date': '2006-03-12T06:16:21.059Z', 'age': 18}, 'phone': '(409)-372-7708', 'cell': '(040)-352-9857', 'id': {'name': '', 'value': None}, 'picture': {'large': 'https://randomuser.me/api/portraits/women/45.jpg', 'medium': 'https://randomuser.me/api/portraits/med/women/45.jpg', 'thumbnail': 'https://randomuser.me/api/portraits/thumb/women/45.jpg'}, 'nat': 'NZ'}</msg>
<arg>${json_data['results'][0]}</arg>
<doc>Logs the given message with the given level.</doc>
<status status="PASS" start="2024-07-01T09:19:55.119363" elapsed="0.000419"/>
</kw>
<kw name="Log" owner="BuiltIn">
<msg time="2024-07-01T09:19:55.120235" level="INFO">location</msg>
<arg>${key}</arg>
<doc>Logs the given message with the given level.</doc>
<status status="PASS" start="2024-07-01T09:19:55.120102" elapsed="0.000170"/>
</kw>
<var name="${key}">location</var>
<status status="PASS" start="2024-07-01T09:19:55.118646" elapsed="0.001864"/>
</iter>
<iter>
<kw name="Dictionary Should Contain Key" owner="Collections">
<arg>${json_data['results'][0]}</arg>
<arg>${key}</arg>
<doc>Fails if ``key`` is not found from ``dictionary``.</doc>
<status status="PASS" start="2024-07-01T09:19:55.120790" elapsed="0.000392"/>
</kw>
<kw name="Log" owner="BuiltIn">
<msg time="2024-07-01T09:19:55.121711" level="INFO">{'gender': 'female', 'name': {'title': 'Mrs', 'first': 'Harriet', 'last': 'Walker'}, 'location': {'street': {'number': 4866, 'name': 'Ponsonby Road'}, 'city': 'Lower Hutt', 'state': 'Canterbury', 'country': 'New Zealand', 'postcode': 68297, 'coordinates': {'latitude': '49.4533', 'longitude': '119.8793'}, 'timezone': {'offset': '+2:00', 'description': 'Kaliningrad, South Africa'}}, 'email': 'harriet.walker@example.com', 'login': {'uuid': '5d987a62-ab5f-480c-ad6f-5123761e5c3b', 'username': 'whitegoose187', 'password': 'heyhey', 'salt': 'Uu0HaXO1', 'md5': 'e893ad18c89ca403a01b3fa859b58971', 'sha1': 'e64c8e9c4033346b2f5b93b0f112f909e05b4368', 'sha256': 'bc1525003a42fc4ff5cbec14b56bc8e48adc16ecf5c8b7524b6d20eb4378ce8e'}, 'dob': {'date': '1953-02-08T09:48:04.325Z', 'age': 71}, 'registered': {'date': '2006-03-12T06:16:21.059Z', 'age': 18}, 'phone': '(409)-372-7708', 'cell': '(040)-352-9857', 'id': {'name': '', 'value': None}, 'picture': {'large': 'https://randomuser.me/api/portraits/women/45.jpg', 'medium': 'https://randomuser.me/api/portraits/med/women/45.jpg', 'thumbnail': 'https://randomuser.me/api/portraits/thumb/women/45.jpg'}, 'nat': 'NZ'}</msg>
<arg>${json_data['results'][0]}</arg>
<doc>Logs the given message with the given level.</doc>
<status status="PASS" start="2024-07-01T09:19:55.121366" elapsed="0.000393"/>
</kw>
<kw name="Log" owner="BuiltIn">
<msg time="2024-07-01T09:19:55.122175" level="INFO">email</msg>
<arg>${key}</arg>
<doc>Logs the given message with the given level.</doc>
<status status="PASS" start="2024-07-01T09:19:55.122049" elapsed="0.000163"/>
</kw>
<var name="${key}">email</var>
<status status="PASS" start="2024-07-01T09:19:55.120683" elapsed="0.001749"/>
</iter>
<iter>
<kw name="Dictionary Should Contain Key" owner="Collections">
<arg>${json_data['results'][0]}</arg>
<arg>${key}</arg>
<doc>Fails if ``key`` is not found from ``dictionary``.</doc>
<status status="PASS" start="2024-07-01T09:19:55.122709" elapsed="0.000422"/>
</kw>
<kw name="Log" owner="BuiltIn">
<msg time="2024-07-01T09:19:55.123664" level="INFO">{'gender': 'female', 'name': {'title': 'Mrs', 'first': 'Harriet', 'last': 'Walker'}, 'location': {'street': {'number': 4866, 'name': 'Ponsonby Road'}, 'city': 'Lower Hutt', 'state': 'Canterbury', 'country': 'New Zealand', 'postcode': 68297, 'coordinates': {'latitude': '49.4533', 'longitude': '119.8793'}, 'timezone': {'offset': '+2:00', 'description': 'Kaliningrad, South Africa'}}, 'email': 'harriet.walker@example.com', 'login': {'uuid': '5d987a62-ab5f-480c-ad6f-5123761e5c3b', 'username': 'whitegoose187', 'password': 'heyhey', 'salt': 'Uu0HaXO1', 'md5': 'e893ad18c89ca403a01b3fa859b58971', 'sha1': 'e64c8e9c4033346b2f5b93b0f112f909e05b4368', 'sha256': 'bc1525003a42fc4ff5cbec14b56bc8e48adc16ecf5c8b7524b6d20eb4378ce8e'}, 'dob': {'date': '1953-02-08T09:48:04.325Z', 'age': 71}, 'registered': {'date': '2006-03-12T06:16:21.059Z', 'age': 18}, 'phone': '(409)-372-7708', 'cell': '(040)-352-9857', 'id': {'name': '', 'value': None}, 'picture': {'large': 'https://randomuser.me/api/portraits/women/45.jpg', 'medium': 'https://randomuser.me/api/portraits/med/women/45.jpg', 'thumbnail': 'https://randomuser.me/api/portraits/thumb/women/45.jpg'}, 'nat': 'NZ'}</msg>
<arg>${json_data['results'][0]}</arg>
<doc>Logs the given message with the given level.</doc>
<status status="PASS" start="2024-07-01T09:19:55.123312" elapsed="0.000401"/>
</kw>
<kw name="Log" owner="BuiltIn">
<msg time="2024-07-01T09:19:55.124128" level="INFO">login</msg>
<arg>${key}</arg>
<doc>Logs the given message with the given level.</doc>
<status status="PASS" start="2024-07-01T09:19:55.124002" elapsed="0.000163"/>
</kw>
<var name="${key}">login</var>
<status status="PASS" start="2024-07-01T09:19:55.122601" elapsed="0.001778"/>
</iter>
<var>${key}</var>
<value>@{expected_keys}</value>
<status status="PASS" start="2024-07-01T09:19:55.114438" elapsed="0.010061"/>
</for>
<kw name="Create List" owner="BuiltIn">
<msg time="2024-07-01T09:19:55.124827" level="INFO">${expected_keysTwo} = ['username', 'password']</msg>
<var>${expected_keysTwo}</var>
<arg>username</arg>
<arg>password</arg>
<doc>Returns a list containing given items.</doc>
<status status="PASS" start="2024-07-01T09:19:55.124694" elapsed="0.000188"/>
</kw>
<for flavor="IN">
<iter>
<kw name="Dictionary Should Contain Key" owner="Collections">
<arg>${json_data['results'][0]['login']}</arg>
<arg>${keyTwo}</arg>
<doc>Fails if ``key`` is not found from ``dictionary``.</doc>
<status status="PASS" start="2024-07-01T09:19:55.125406" elapsed="0.000389"/>
</kw>
<kw name="Dictionary Should Contain Key" owner="Collections">
<arg>${json_data['results'][0]['login']}</arg>
<arg>${keyTwo}</arg>
<doc>Fails if ``key`` is not found from ``dictionary``.</doc>
<status status="PASS" start="2024-07-01T09:19:55.125975" elapsed="0.000376"/>
</kw>
<kw name="Log" owner="BuiltIn">
<msg time="2024-07-01T09:19:55.126650" level="INFO">username</msg>
<arg>${keyTwo}</arg>
<doc>Logs the given message with the given level.</doc>
<status status="PASS" start="2024-07-01T09:19:55.126530" elapsed="0.000158"/>
</kw>
<var name="${keyTwo}">username</var>
<status status="PASS" start="2024-07-01T09:19:55.125297" elapsed="0.001645"/>
</iter>
<iter>
<kw name="Dictionary Should Contain Key" owner="Collections">
<arg>${json_data['results'][0]['login']}</arg>
<arg>${keyTwo}</arg>
<doc>Fails if ``key`` is not found from ``dictionary``.</doc>
<status status="PASS" start="2024-07-01T09:19:55.127227" elapsed="0.000389"/>
</kw>
<kw name="Dictionary Should Contain Key" owner="Collections">
<arg>${json_data['results'][0]['login']}</arg>
<arg>${keyTwo}</arg>
<doc>Fails if ``key`` is not found from ``dictionary``.</doc>
<status status="PASS" start="2024-07-01T09:19:55.127793" elapsed="0.000371"/>
</kw>
<kw name="Log" owner="BuiltIn">
<msg time="2024-07-01T09:19:55.128459" level="INFO">password</msg>
<arg>${keyTwo}</arg>
<doc>Logs the given message with the given level.</doc>
<status status="PASS" start="2024-07-01T09:19:55.128342" elapsed="0.000154"/>
</kw>
<var name="${keyTwo}">password</var>
<status status="PASS" start="2024-07-01T09:19:55.127120" elapsed="0.001692"/>
</iter>
<var>${keyTwo}</var>
<value>@{expected_keysTwo}</value>
<status status="PASS" start="2024-07-01T09:19:55.125133" elapsed="0.003799"/>
</for>
<status status="PASS" start="2024-07-01T09:19:55.015832" elapsed="0.113243"/>
</kw>
<doc>Testa a estrutura da resposta da API.</doc>
<tag>testeEstruturaResposta</tag>
<status status="PASS" start="2024-07-01T09:19:55.015253" elapsed="0.113979"/>
</test>
<test id="s1-s1-t4" name="Validar tipos de dados" line="28">
<kw name="Teste de Tipos de Dados" owner="random-user-service">
<kw name="GET On Session" owner="RequestsLibrary">
<msg time="2024-07-01T09:19:55.208509" level="INFO">GET Request : url=https://randomuser.me/api 
 path_url=/api 
 headers={'User-Agent': 'python-requests/2.32.3', 'Accept-Encoding': 'gzip, deflate', 'Accept': '*/*', 'Connection': 'keep-alive'} 
 body=None 
 </msg>
<msg time="2024-07-01T09:19:55.208608" level="INFO">GET Response : url=https://randomuser.me/api 
 status=200, reason=OK 
 headers={'Date': 'Mon, 01 Jul 2024 09:19:55 GMT', 'Content-Type': 'application/json; charset=utf-8', 'Transfer-Encoding': 'chunked', 'Connection': 'keep-alive', 'X-Powered-By': 'Express', 'Access-Control-Allow-Origin': '*', 'Cache-Control': 'no-cache', 'ETag': 'W/"47b-mjkMGHdC1mVu9u0FUHtTu57BrNg"', 'Vary': 'Accept-Encoding', 'Content-Encoding': 'gzip', 'CF-Cache-Status': 'DYNAMIC', 'Report-To': '{"endpoints":[{"url":"https:\\/\\/a.nel.cloudflare.com\\/report\\/v4?s=9Qorlmv5%2B5F3KKldHXWYTVHjvsBntORolss1obyXzc0%2FCifkOOrXTazmZyILZ9uvB9m9uV2z4QA1KuZQhgoKBp4z8L9eTNDH4%2B5YL9CWHYt%2FVYiEXxP2FhswDf4D3YwW"}],"group":"cf-nel","max_age":604800}', 'NEL': '{"success_fraction":0,"report_to":"cf-nel","max_age":604800}', 'Server': 'cloudflare', 'CF-RAY': '89c55131abc6392b-IAD', 'alt-svc': 'h3=":443"; ma=86400'} 
 body={"results":[{"gender":"male","name":{"title":"Mr","first":"Oscar","last":"Thomas"},"location":{"street":{"number":6218,"name":"Oxford Terrace"},"city":"Whangarei","state":"Marlborough","country":"New Zealand","postcode":50642,"coordinates":{"latitude":"48.2188","longitude":"-94.3541"},"timezone":{"offset":"-11:00","description":"Midway Island, Samoa"}},"email":"oscar.thomas@example.com","login":{"uuid":"db09af67-e501-4f37-b03c-002344a7bc4a","username":"bluerabbit138","password":"1111","salt":"6wbh8mBo","md5":"1214ac2d91b2b0f223a2d3c2c80a325f","sha1":"da56db4b6ec77faae3cf02161eea508eccebe79b","sha256":"b47302dae826b7b79e3d4b591339fa8e5e8399f3308c03d16cd129e98d468a14"},"dob":{"date":"1947-08-18T19:30:39.418Z","age":76},"registered":{"date":"2004-12-13T14:53:42.872Z","age":19},"phone":"(236)-478-2693","cell":"(612)-248-6419","id":{"name":"","value":null},"picture":{"large":"https://randomuser.me/api/portraits/men/23.jpg","medium":"https://randomuser.me/api/portraits/med/men/23.jpg","thumbnail":"https://randomuser.me/api/portraits/thumb/men/23.jpg"},"nat":"NZ"}],"info":{"seed":"16a1174974ab3124","results":1,"page":1,"version":"1.4"}} 
 </msg>
<msg time="2024-07-01T09:19:55.208680" level="INFO">/opt/hostedtoolcache/Python/3.12.4/x64/lib/python3.12/site-packages/urllib3/connectionpool.py:1099: InsecureRequestWarning: Unverified HTTPS request is being made to host 'randomuser.me'. Adding certificate verification is strongly advised. See: https://urllib3.readthedocs.io/en/latest/advanced-usage.html#tls-warnings
  warnings.warn(</msg>
<msg time="2024-07-01T09:19:55.208803" level="INFO">${response} = &lt;Response [200]&gt;</msg>
<var>${response}</var>
<arg>consultarAPI</arg>
<arg>/api</arg>
<doc>Sends a GET request on a previously created HTTP Session.</doc>
<status status="PASS" start="2024-07-01T09:19:55.131848" elapsed="0.076998"/>
</kw>
<kw name="Set Variable" owner="BuiltIn">
<msg time="2024-07-01T09:19:55.210101" level="INFO">${json_data} = {'results': [{'gender': 'male', 'name': {'title': 'Mr', 'first': 'Oscar', 'last': 'Thomas'}, 'location': {'street': {'number': 6218, 'name': 'Oxford Terrace'}, 'city': 'Whangarei', 'state': 'Marlborou...</msg>
<var>${json_data}</var>
<arg>${response.json()}</arg>
<doc>Returns the given values which can then be assigned to a variables.</doc>
<status status="PASS" start="2024-07-01T09:19:55.209505" elapsed="0.000625"/>
</kw>
<kw name="Log" owner="BuiltIn">
<msg time="2024-07-01T09:19:55.210652" level="INFO">{'results': [{'gender': 'male', 'name': {'title': 'Mr', 'first': 'Oscar', 'last': 'Thomas'}, 'location': {'street': {'number': 6218, 'name': 'Oxford Terrace'}, 'city': 'Whangarei', 'state': 'Marlborough', 'country': 'New Zealand', 'postcode': 50642, 'coordinates': {'latitude': '48.2188', 'longitude': '-94.3541'}, 'timezone': {'offset': '-11:00', 'description': 'Midway Island, Samoa'}}, 'email': 'oscar.thomas@example.com', 'login': {'uuid': 'db09af67-e501-4f37-b03c-002344a7bc4a', 'username': 'bluerabbit138', 'password': '1111', 'salt': '6wbh8mBo', 'md5': '1214ac2d91b2b0f223a2d3c2c80a325f', 'sha1': 'da56db4b6ec77faae3cf02161eea508eccebe79b', 'sha256': 'b47302dae826b7b79e3d4b591339fa8e5e8399f3308c03d16cd129e98d468a14'}, 'dob': {'date': '1947-08-18T19:30:39.418Z', 'age': 76}, 'registered': {'date': '2004-12-13T14:53:42.872Z', 'age': 19}, 'phone': '(236)-478-2693', 'cell': '(612)-248-6419', 'id': {'name': '', 'value': None}, 'picture': {'large': 'https://randomuser.me/api/portraits/men/23.jpg', 'medium': 'https://randomuser.me/api/portraits/med/men/23.jpg', 'thumbnail': 'https://randomuser.me/api/portraits/thumb/men/23.jpg'}, 'nat': 'NZ'}], 'info': {'seed': '16a1174974ab3124', 'results': 1, 'page': 1, 'version': '1.4'}}</msg>
<arg>${json_data}</arg>
<doc>Logs the given message with the given level.</doc>
<status status="PASS" start="2024-07-01T09:19:55.210485" elapsed="0.000218"/>
</kw>
<kw name="Should Be String" owner="String">
<arg>${json_data['results'][0]['gender']}</arg>
<doc>Fails if the given ``item`` is not a string.</doc>
<status status="PASS" start="2024-07-01T09:19:55.211062" elapsed="0.000381"/>
</kw>
<kw name="Should Match Regexp" owner="BuiltIn">
<arg>${json_data['results'][0]['email']}</arg>
<arg>^[a-zA-Z0-9._%+-]+@[a-zA-Z0-9.-]+\.[a-zA-Z]{2,}$</arg>
<doc>Fails if ``string`` does not match ``pattern`` as a regular expression.</doc>
<status status="PASS" start="2024-07-01T09:19:55.211636" elapsed="0.000523"/>
</kw>
<kw name="Should Match Regexp" owner="BuiltIn">
<arg>${json_data['results'][0]['dob']['date']}</arg>
<arg>\\d{4}-\\d{2}-\\d{2}T\\d{2}:\\d{2}:\\d{2}\\.\\d{3}Z</arg>
<doc>Fails if ``string`` does not match ``pattern`` as a regular expression.</doc>
<status status="PASS" start="2024-07-01T09:19:55.212395" elapsed="0.000493"/>
</kw>
<kw name="Should Match Regexp" owner="BuiltIn">
<arg>${json_data['results'][0]['registered']['date']}</arg>
<arg>\\d{4}-\\d{2}-\\d{2}T\\d{2}:\\d{2}:\\d{2}\\.\\d{3}Z</arg>
<doc>Fails if ``string`` does not match ``pattern`` as a regular expression.</doc>
<status status="PASS" start="2024-07-01T09:19:55.213075" elapsed="0.000364"/>
</kw>
<kw name="Should Match Regexp" owner="BuiltIn">
<arg>${json_data['results'][0]['picture']['large']}</arg>
<arg>^https?://.*\.(?:png|jpe?g|gif|bmp)$</arg>
<doc>Fails if ``string`` does not match ``pattern`` as a regular expression.</doc>
<status status="PASS" start="2024-07-01T09:19:55.213621" elapsed="0.000459"/>
</kw>
<kw name="Should Match Regexp" owner="BuiltIn">
<arg>${json_data['results'][0]['picture']['medium']}</arg>
<arg>^https?://.*\.(?:png|jpe?g|gif|bmp)$</arg>
<doc>Fails if ``string`` does not match ``pattern`` as a regular expression.</doc>
<status status="PASS" start="2024-07-01T09:19:55.214280" elapsed="0.000348"/>
</kw>
<kw name="Should Match Regexp" owner="BuiltIn">
<arg>${json_data['results'][0]['picture']['thumbnail']}</arg>
<arg>^https?://.*\.(?:png|jpe?g|gif|bmp)$</arg>
<doc>Fails if ``string`` does not match ``pattern`` as a regular expression.</doc>
<status status="PASS" start="2024-07-01T09:19:55.214805" elapsed="0.000405"/>
</kw>
<kw name="Log" owner="BuiltIn">
<msg time="2024-07-01T09:19:55.215713" level="INFO">{'large': 'https://randomuser.me/api/portraits/men/23.jpg', 'medium': 'https://randomuser.me/api/portraits/med/men/23.jpg', 'thumbnail': 'https://randomuser.me/api/portraits/thumb/men/23.jpg'}</msg>
<arg>${json_data['results'][0]['picture']}</arg>
<doc>Logs the given message with the given level.</doc>
<status status="PASS" start="2024-07-01T09:19:55.215390" elapsed="0.000364"/>
</kw>
<status status="PASS" start="2024-07-01T09:19:55.131614" elapsed="0.084406"/>
</kw>
<kw name="Teste de Tipos de Dados - Postcode" owner="random-user-service">
<kw name="GET On Session" owner="RequestsLibrary">
<msg time="2024-07-01T09:19:55.313987" level="INFO">GET Request : url=https://randomuser.me/api 
 path_url=/api 
 headers={'User-Agent': 'python-requests/2.32.3', 'Accept-Encoding': 'gzip, deflate', 'Accept': '*/*', 'Connection': 'keep-alive'} 
 body=None 
 </msg>
<msg time="2024-07-01T09:19:55.314096" level="INFO">GET Response : url=https://randomuser.me/api 
 status=200, reason=OK 
 headers={'Date': 'Mon, 01 Jul 2024 09:19:55 GMT', 'Content-Type': 'application/json; charset=utf-8', 'Transfer-Encoding': 'chunked', 'Connection': 'keep-alive', 'X-Powered-By': 'Express', 'Access-Control-Allow-Origin': '*', 'Cache-Control': 'no-cache', 'ETag': 'W/"46a-aqzZ2LIykD/1XErpUKreS2aAL1I"', 'Vary': 'Accept-Encoding', 'Content-Encoding': 'gzip', 'CF-Cache-Status': 'DYNAMIC', 'Report-To': '{"endpoints":[{"url":"https:\\/\\/a.nel.cloudflare.com\\/report\\/v4?s=Hkpd6K02wLgvtpH%2FRXVKF5BdKd13m9ZkuWBJ7nq0unALP56gY5q3sMnxi8CUinzjroJUKK7s98e4iSofapAYtieGQWg4rv3Ku%2FDYm28B%2FpeFj8OJStKQaerv28AqWtbL"}],"group":"cf-nel","max_age":604800}', 'NEL': '{"success_fraction":0,"report_to":"cf-nel","max_age":604800}', 'Server': 'cloudflare', 'CF-RAY': '89c551322c30392b-IAD', 'alt-svc': 'h3=":443"; ma=86400'} 
 body={"results":[{"gender":"male","name":{"title":"Mr","first":"Luke","last":"Cooper"},"location":{"street":{"number":8185,"name":"Royal Road"},"city":"Lower Hutt","state":"Northland","country":"New Zealand","postcode":42375,"coordinates":{"latitude":"54.3781","longitude":"-136.9814"},"timezone":{"offset":"+5:45","description":"Kathmandu"}},"email":"luke.cooper@example.com","login":{"uuid":"b1cdc685-d032-42d9-9445-50768c51bf9d","username":"crazyfrog420","password":"dookie","salt":"1bmlk3Kt","md5":"a2efdbf66bb349865776a99a5ad63e10","sha1":"92e615c34ef096250619a9ad542be9e3822660a8","sha256":"8e79f409472d514c5d4b5c14c33baffd20e22a7b281e6fba58ff4e59fb2fd88c"},"dob":{"date":"1945-07-10T07:47:35.382Z","age":78},"registered":{"date":"2011-03-15T14:51:21.344Z","age":13},"phone":"(573)-079-6869","cell":"(144)-052-6191","id":{"name":"","value":null},"picture":{"large":"https://randomuser.me/api/portraits/men/38.jpg","medium":"https://randomuser.me/api/portraits/med/men/38.jpg","thumbnail":"https://randomuser.me/api/portraits/thumb/men/38.jpg"},"nat":"NZ"}],"info":{"seed":"b5caa69fa7741b02","results":1,"page":1,"version":"1.4"}} 
 </msg>
<msg time="2024-07-01T09:19:55.314184" level="INFO">/opt/hostedtoolcache/Python/3.12.4/x64/lib/python3.12/site-packages/urllib3/connectionpool.py:1099: InsecureRequestWarning: Unverified HTTPS request is being made to host 'randomuser.me'. Adding certificate verification is strongly advised. See: https://urllib3.readthedocs.io/en/latest/advanced-usage.html#tls-warnings
  warnings.warn(</msg>
<msg time="2024-07-01T09:19:55.314327" level="INFO">${response} = &lt;Response [200]&gt;</msg>
<var>${response}</var>
<arg>consultarAPI</arg>
<arg>/api</arg>
<doc>Sends a GET request on a previously created HTTP Session.</doc>
<status status="PASS" start="2024-07-01T09:19:55.216493" elapsed="0.097884"/>
</kw>
<kw name="Set Variable" owner="BuiltIn">
<msg time="2024-07-01T09:19:55.315709" level="INFO">${json_data} = {'results': [{'gender': 'male', 'name': {'title': 'Mr', 'first': 'Luke', 'last': 'Cooper'}, 'location': {'street': {'number': 8185, 'name': 'Royal Road'}, 'city': 'Lower Hutt', 'state': 'Northland', '...</msg>
<var>${json_data}</var>
<arg>${response.json()}</arg>
<doc>Returns the given values which can then be assigned to a variables.</doc>
<status status="PASS" start="2024-07-01T09:19:55.315146" elapsed="0.000592"/>
</kw>
<kw name="Log" owner="BuiltIn">
<msg time="2024-07-01T09:19:55.316212" level="INFO">{'results': [{'gender': 'male', 'name': {'title': 'Mr', 'first': 'Luke', 'last': 'Cooper'}, 'location': {'street': {'number': 8185, 'name': 'Royal Road'}, 'city': 'Lower Hutt', 'state': 'Northland', 'country': 'New Zealand', 'postcode': 42375, 'coordinates': {'latitude': '54.3781', 'longitude': '-136.9814'}, 'timezone': {'offset': '+5:45', 'description': 'Kathmandu'}}, 'email': 'luke.cooper@example.com', 'login': {'uuid': 'b1cdc685-d032-42d9-9445-50768c51bf9d', 'username': 'crazyfrog420', 'password': 'dookie', 'salt': '1bmlk3Kt', 'md5': 'a2efdbf66bb349865776a99a5ad63e10', 'sha1': '92e615c34ef096250619a9ad542be9e3822660a8', 'sha256': '8e79f409472d514c5d4b5c14c33baffd20e22a7b281e6fba58ff4e59fb2fd88c'}, 'dob': {'date': '1945-07-10T07:47:35.382Z', 'age': 78}, 'registered': {'date': '2011-03-15T14:51:21.344Z', 'age': 13}, 'phone': '(573)-079-6869', 'cell': '(144)-052-6191', 'id': {'name': '', 'value': None}, 'picture': {'large': 'https://randomuser.me/api/portraits/men/38.jpg', 'medium': 'https://randomuser.me/api/portraits/med/men/38.jpg', 'thumbnail': 'https://randomuser.me/api/portraits/thumb/men/38.jpg'}, 'nat': 'NZ'}], 'info': {'seed': 'b5caa69fa7741b02', 'results': 1, 'page': 1, 'version': '1.4'}}</msg>
<arg>${json_data}</arg>
<doc>Logs the given message with the given level.</doc>
<status status="PASS" start="2024-07-01T09:19:55.316047" elapsed="0.000212"/>
</kw>
<kw name="Should Be Equal As Numbers" owner="BuiltIn">
<arg>${json_data['results'][0]['location']['postcode']}</arg>
<arg>${json_data['results'][0]['location']['postcode']}</arg>
<doc>Fails if objects are unequal after converting them to real numbers.</doc>
<status status="PASS" start="2024-07-01T09:19:55.316554" elapsed="0.000623"/>
</kw>
<kw name="Log" owner="BuiltIn">
<msg time="2024-07-01T09:19:55.317876" level="INFO">42375</msg>
<arg>${json_data['results'][0]['location']['postcode']}</arg>
<doc>Logs the given message with the given level.</doc>
<status status="PASS" start="2024-07-01T09:19:55.317367" elapsed="0.000550"/>
</kw>
<status status="PASS" start="2024-07-01T09:19:55.216257" elapsed="0.101947"/>
</kw>
<doc>Testa se os tipos de dados na resposta da API estão corretos.</doc>
<tag>testeTiposDados</tag>
<status status="PASS" start="2024-07-01T09:19:55.131029" elapsed="0.187342"/>
</test>
<test id="s1-s1-t5" name="Validar conteudo" line="35">
<kw name="Teste de Tipos de Conteudo" owner="random-user-service">
<kw name="GET On Session" owner="RequestsLibrary">
<msg time="2024-07-01T09:19:55.414492" level="INFO">GET Request : url=https://randomuser.me/api 
 path_url=/api 
 headers={'User-Agent': 'python-requests/2.32.3', 'Accept-Encoding': 'gzip, deflate', 'Accept': '*/*', 'Connection': 'keep-alive'} 
 body=None 
 </msg>
<msg time="2024-07-01T09:19:55.414604" level="INFO">GET Response : url=https://randomuser.me/api 
 status=200, reason=OK 
 headers={'Date': 'Mon, 01 Jul 2024 09:19:55 GMT', 'Content-Type': 'application/json; charset=utf-8', 'Transfer-Encoding': 'chunked', 'Connection': 'keep-alive', 'X-Powered-By': 'Express', 'Access-Control-Allow-Origin': '*', 'Cache-Control': 'no-cache', 'ETag': 'W/"485-ovOd327K8h0PBFo7cYN1lDYTPJs"', 'Vary': 'Accept-Encoding', 'Content-Encoding': 'gzip', 'CF-Cache-Status': 'DYNAMIC', 'Report-To': '{"endpoints":[{"url":"https:\\/\\/a.nel.cloudflare.com\\/report\\/v4?s=25gdscBqdHY8CX%2Fp13sW0Q%2FupSLa4qUKsDyZONILieqNgiEy81nhYmFqCHcpZjXWI7%2BdTrm7fdHvwu5bNKsNcelcOwbOWGrZrybloV3D5jnghTfykW5wwMjXw%2FeALOjr"}],"group":"cf-nel","max_age":604800}', 'NEL': '{"success_fraction":0,"report_to":"cf-nel","max_age":604800}', 'Server': 'cloudflare', 'CF-RAY': '89c55132dcbf392b-IAD', 'alt-svc': 'h3=":443"; ma=86400'} 
 body={"results":[{"gender":"male","name":{"title":"Mr","first":"Ricky","last":"Vasquez"},"location":{"street":{"number":5269,"name":"Pockrus Page Rd"},"city":"Fountain Valley","state":"Louisiana","country":"United States","postcode":81677,"coordinates":{"latitude":"89.9821","longitude":"-10.2171"},"timezone":{"offset":"+3:30","description":"Tehran"}},"email":"ricky.vasquez@example.com","login":{"uuid":"ce98a55c-b39b-4e96-9c09-e49e3338e460","username":"angrymeercat888","password":"robbie","salt":"TlMS4Kz2","md5":"928eb4e376693cc844a5549fc5983112","sha1":"68caf766ec26a31ceae1dd582cfea54d55f09877","sha256":"825159a60db8c029af540fe76c634d095be176ce5395c5f09342e150c8f27199"},"dob":{"date":"1960-08-18T00:18:35.007Z","age":63},"registered":{"date":"2013-12-02T16:48:20.771Z","age":10},"phone":"(322) 692-4047","cell":"(355) 796-7271","id":{"name":"SSN","value":"093-24-8085"},"picture":{"large":"https://randomuser.me/api/portraits/men/91.jpg","medium":"https://randomuser.me/api/portraits/med/men/91.jpg","thumbnail":"https://randomuser.me/api/portraits/thumb/men/91.jpg"},"nat":"US"}],"info":{"seed":"a866ed8ea5782bc8","results":1,"page":1,"version":"1.4"}} 
 </msg>
<msg time="2024-07-01T09:19:55.414682" level="INFO">/opt/hostedtoolcache/Python/3.12.4/x64/lib/python3.12/site-packages/urllib3/connectionpool.py:1099: InsecureRequestWarning: Unverified HTTPS request is being made to host 'randomuser.me'. Adding certificate verification is strongly advised. See: https://urllib3.readthedocs.io/en/latest/advanced-usage.html#tls-warnings
  warnings.warn(</msg>
<msg time="2024-07-01T09:19:55.414805" level="INFO">${response} = &lt;Response [200]&gt;</msg>
<var>${response}</var>
<arg>consultarAPI</arg>
<arg>/api</arg>
<doc>Sends a GET request on a previously created HTTP Session.</doc>
<status status="PASS" start="2024-07-01T09:19:55.320922" elapsed="0.093949"/>
</kw>
<kw name="Set Variable" owner="BuiltIn">
<msg time="2024-07-01T09:19:55.416123" level="INFO">${json_data} = {'results': [{'gender': 'male', 'name': {'title': 'Mr', 'first': 'Ricky', 'last': 'Vasquez'}, 'location': {'street': {'number': 5269, 'name': 'Pockrus Page Rd'}, 'city': 'Fountain Valley', 'state': 'L...</msg>
<var>${json_data}</var>
<arg>${response.json()}</arg>
<doc>Returns the given values which can then be assigned to a variables.</doc>
<status status="PASS" start="2024-07-01T09:19:55.415497" elapsed="0.000655"/>
</kw>
<kw name="Set Variable" owner="BuiltIn">
<msg time="2024-07-01T09:19:55.416869" level="INFO">${name_title} = Mr</msg>
<var>${name_title}</var>
<arg>${json_data["results"][0]["name"]["title"]}</arg>
<doc>Returns the given values which can then be assigned to a variables.</doc>
<status status="PASS" start="2024-07-01T09:19:55.416474" elapsed="0.000420"/>
</kw>
<kw name="Create List" owner="BuiltIn">
<msg time="2024-07-01T09:19:55.417346" level="INFO">${allowed_titles} = ['Mr', 'Ms', 'Miss', 'Mrs', 'Madame', 'Monsieur']</msg>
<var>${allowed_titles}</var>
<arg>Mr</arg>
<arg>Ms</arg>
<arg>Miss</arg>
<arg>Mrs</arg>
<arg>Madame</arg>
<arg>Monsieur</arg>
<doc>Returns a list containing given items.</doc>
<status status="PASS" start="2024-07-01T09:19:55.417195" elapsed="0.000176"/>
</kw>
<kw name="List Should Contain Value" owner="Collections">
<arg>${allowed_titles}</arg>
<arg>${name_title}</arg>
<doc>Fails if the ``value`` is not found from ``list``.</doc>
<status status="PASS" start="2024-07-01T09:19:55.417666" elapsed="0.000191"/>
</kw>
<kw name="Set Variable" owner="BuiltIn">
<msg time="2024-07-01T09:19:55.418410" level="INFO">${name_country} = US</msg>
<var>${name_country}</var>
<arg>${json_data["results"][0]["nat"]}</arg>
<doc>Returns the given values which can then be assigned to a variables.</doc>
<status status="PASS" start="2024-07-01T09:19:55.418041" elapsed="0.000394"/>
</kw>
<kw name="Create List" owner="BuiltIn">
<msg time="2024-07-01T09:19:55.419363" level="INFO">${list_country} = ['AD', 'AE', 'AF', 'AG', 'AI', 'AL', 'AM', 'AO', 'AQ', 'AR', 'AS', 'AT', 'AU', 'AW', 'AX', 'AZ', 'BA', 'BB', 'BD', 'BE', 'BF', 'BG', 'BH', 'BI', 'BJ', 'BL', 'BM', 'BN', 'BO', 'BQ', 'BR', 'BS', 'BT', '...</msg>
<var>${list_country}</var>
<arg>AD</arg>
<arg>AE</arg>
<arg>AF</arg>
<arg>AG</arg>
<arg>AI</arg>
<arg>AL</arg>
<arg>AM</arg>
<arg>AO</arg>
<arg>AQ</arg>
<arg>AR</arg>
<arg>AS</arg>
<arg>AT</arg>
<arg>AU</arg>
<arg>AW</arg>
<arg>AX</arg>
<arg>AZ</arg>
<arg>BA</arg>
<arg>BB</arg>
<arg>BD</arg>
<arg>BE</arg>
<arg>BF</arg>
<arg>BG</arg>
<arg>BH</arg>
<arg>BI</arg>
<arg>BJ</arg>
<arg>BL</arg>
<arg>BM</arg>
<arg>BN</arg>
<arg>BO</arg>
<arg>BQ</arg>
<arg>BR</arg>
<arg>BS</arg>
<arg>BT</arg>
<arg>BV</arg>
<arg>BW</arg>
<arg>BY</arg>
<arg>BZ</arg>
<arg>CA</arg>
<arg>CC</arg>
<arg>CD</arg>
<arg>CF</arg>
<arg>CG</arg>
<arg>CH</arg>
<arg>CI</arg>
<arg>CK</arg>
<arg>CL</arg>
<arg>CM</arg>
<arg>CN</arg>
<arg>CO</arg>
<arg>CR</arg>
<arg>CU</arg>
<arg>CV</arg>
<arg>CW</arg>
<arg>CX</arg>
<arg>CY</arg>
<arg>CZ</arg>
<arg>DE</arg>
<arg>DJ</arg>
<arg>DK</arg>
<arg>DM</arg>
<arg>DO</arg>
<arg>DZ</arg>
<arg>EC</arg>
<arg>EE</arg>
<arg>EG</arg>
<arg>EH</arg>
<arg>ER</arg>
<arg>ES</arg>
<arg>ET</arg>
<arg>FI</arg>
<arg>FJ</arg>
<arg>FK</arg>
<arg>FM</arg>
<arg>FO</arg>
<arg>FR</arg>
<arg>GA</arg>
<arg>GB</arg>
<arg>GD</arg>
<arg>GE</arg>
<arg>GF</arg>
<arg>GG</arg>
<arg>GH</arg>
<arg>GI</arg>
<arg>GL</arg>
<arg>GM</arg>
<arg>GN</arg>
<arg>GP</arg>
<arg>GQ</arg>
<arg>GR</arg>
<arg>GS</arg>
<arg>GT</arg>
<arg>GU</arg>
<arg>GW</arg>
<arg>GY</arg>
<arg>HK</arg>
<arg>HM</arg>
<arg>HN</arg>
<arg>HR</arg>
<arg>HT</arg>
<arg>HU</arg>
<arg>ID</arg>
<arg>IE</arg>
<arg>IL</arg>
<arg>IM</arg>
<arg>IN</arg>
<arg>IO</arg>
<arg>IQ</arg>
<arg>IR</arg>
<arg>IS</arg>
<arg>IT</arg>
<arg>JE</arg>
<arg>JM</arg>
<arg>JO</arg>
<arg>JP</arg>
<arg>KE</arg>
<arg>KG</arg>
<arg>KH</arg>
<arg>KI</arg>
<arg>KM</arg>
<arg>KN</arg>
<arg>KP</arg>
<arg>KR</arg>
<arg>KW</arg>
<arg>KY</arg>
<arg>KZ</arg>
<arg>LA</arg>
<arg>LB</arg>
<arg>LC</arg>
<arg>LI</arg>
<arg>LK</arg>
<arg>LR</arg>
<arg>LS</arg>
<arg>LT</arg>
<arg>LU</arg>
<arg>LV</arg>
<arg>LY</arg>
<arg>MA</arg>
<arg>MC</arg>
<arg>MD</arg>
<arg>ME</arg>
<arg>MF</arg>
<arg>MG</arg>
<arg>MH</arg>
<arg>MK</arg>
<arg>ML</arg>
<arg>MM</arg>
<arg>MN</arg>
<arg>MO</arg>
<arg>MP</arg>
<arg>MQ</arg>
<arg>MR</arg>
<arg>MS</arg>
<arg>MT</arg>
<arg>MU</arg>
<arg>MV</arg>
<arg>MW</arg>
<arg>MX</arg>
<arg>MY</arg>
<arg>MZ</arg>
<arg>NA</arg>
<arg>NC</arg>
<arg>NE</arg>
<arg>NF</arg>
<arg>NG</arg>
<arg>NI</arg>
<arg>NL</arg>
<arg>NO</arg>
<arg>NP</arg>
<arg>NR</arg>
<arg>NU</arg>
<arg>NZ</arg>
<arg>OM</arg>
<arg>PA</arg>
<arg>PE</arg>
<arg>PF</arg>
<arg>PG</arg>
<arg>PH</arg>
<arg>PK</arg>
<arg>PL</arg>
<arg>PM</arg>
<arg>PN</arg>
<arg>PR</arg>
<arg>PS</arg>
<arg>PT</arg>
<arg>PW</arg>
<arg>PY</arg>
<arg>QA</arg>
<arg>RE</arg>
<arg>RO</arg>
<arg>RS</arg>
<arg>RU</arg>
<arg>RW</arg>
<arg>SA</arg>
<arg>SB</arg>
<arg>SC</arg>
<arg>SD</arg>
<arg>SE</arg>
<arg>SG</arg>
<arg>SH</arg>
<arg>SI</arg>
<arg>SJ</arg>
<arg>SK</arg>
<arg>SL</arg>
<arg>SM</arg>
<arg>SN</arg>
<arg>SO</arg>
<arg>SR</arg>
<arg>SS</arg>
<arg>ST</arg>
<arg>SV</arg>
<arg>SX</arg>
<arg>SY</arg>
<arg>SZ</arg>
<arg>TC</arg>
<arg>TD</arg>
<arg>TF</arg>
<arg>TG</arg>
<arg>TH</arg>
<arg>TJ</arg>
<arg>TK</arg>
<arg>TL</arg>
<arg>TM</arg>
<arg>TN</arg>
<arg>TO</arg>
<arg>TR</arg>
<arg>TT</arg>
<arg>TV</arg>
<arg>TW</arg>
<arg>TZ</arg>
<arg>UA</arg>
<arg>UG</arg>
<arg>UM</arg>
<arg>US</arg>
<arg>UY</arg>
<arg>UZ</arg>
<arg>VA</arg>
<arg>VC</arg>
<arg>VE</arg>
<arg>VG</arg>
<arg>VI</arg>
<arg>VN</arg>
<arg>VU</arg>
<arg>WF</arg>
<arg>WS</arg>
<arg>XK</arg>
<arg>YE</arg>
<arg>YT</arg>
<arg>ZA</arg>
<arg>ZM</arg>
<arg>ZW</arg>
<doc>Returns a list containing given items.</doc>
<status status="PASS" start="2024-07-01T09:19:55.418729" elapsed="0.000661"/>
</kw>
<kw name="List Should Contain Value" owner="Collections">
<arg>${list_country}</arg>
<arg>${name_country}</arg>
<doc>Fails if the ``value`` is not found from ``list``.</doc>
<status status="PASS" start="2024-07-01T09:19:55.420190" elapsed="0.000204"/>
</kw>
<kw name="Run Keyword If" owner="BuiltIn">
<kw name="Should Be True" owner="BuiltIn">
<arg>${True}</arg>
<doc>Fails if the given condition is not true.</doc>
<status status="PASS" start="2024-07-01T09:19:55.421332" elapsed="0.000142"/>
</kw>
<arg>${json_data["results"][0]["location"]["coordinates"]["latitude"]} &gt;= -90 and ${json_data["results"][0]["location"]["coordinates"]["latitude"]} &lt;= 90</arg>
<arg>Should Be True</arg>
<arg>${True}</arg>
<doc>Runs the given keyword with the given arguments, if ``condition`` is true.</doc>
<status status="PASS" start="2024-07-01T09:19:55.420587" elapsed="0.001010"/>
</kw>
<kw name="Run Keyword If" owner="BuiltIn">
<kw name="Should Be True" owner="BuiltIn">
<arg>${True}</arg>
<doc>Fails if the given condition is not true.</doc>
<status status="PASS" start="2024-07-01T09:19:55.422463" elapsed="0.000248"/>
</kw>
<arg>${json_data["results"][0]["location"]["coordinates"]["longitude"]} &gt;= -180 and ${json_data["results"][0]["location"]["coordinates"]["longitude"]} &lt;= 180</arg>
<arg>Should Be True</arg>
<arg>${True}</arg>
<doc>Runs the given keyword with the given arguments, if ``condition`` is true.</doc>
<status status="PASS" start="2024-07-01T09:19:55.421773" elapsed="0.001064"/>
</kw>
<status status="PASS" start="2024-07-01T09:19:55.320697" elapsed="0.102318"/>
</kw>
<doc>Testa o conteúdo específico dos campos retornados pela API.</doc>
<tag>testeConteudo</tag>
<status status="PASS" start="2024-07-01T09:19:55.320160" elapsed="0.103008"/>
</test>
<status status="PASS" start="2024-07-01T09:19:54.310625" elapsed="1.114536"/>
</suite>
<status status="PASS" start="2024-07-01T09:19:54.294952" elapsed="1.135340"/>
</suite>
<statistics>
<total>
<stat pass="5" fail="0" skip="0">All Tests</stat>
</total>
<tag>
<stat pass="1" fail="0" skip="0">testeConteudo</stat>
<stat pass="1" fail="0" skip="0">testeEstruturaResposta</stat>
<stat pass="1" fail="0" skip="0">testeRequisicaoBasica</stat>
<stat pass="1" fail="0" skip="0">testeTiposDados</stat>
</tag>
<suite>
<stat pass="5" fail="0" skip="0" id="s1" name="Tests">Tests</stat>
<stat pass="5" fail="0" skip="0" id="s1-s1" name="Random-User-Test">Tests.Random-User-Test</stat>
</suite>
</statistics>
<errors>
</errors>
</robot>
