<?xml version="1.0" encoding="UTF-8"?>
<robot generator="Robot 7.0 (Python 3.12.3 on linux)" generated="2024-06-06T09:16:52.409069" rpa="false" schemaversion="5">
<suite id="s1" name="Tests" source="/home/runner/work/ApiRandomUser/ApiRandomUser/RamdonUser/tests">
<suite id="s1-s1" name="Random-User-Test" source="/home/runner/work/ApiRandomUser/ApiRandomUser/RamdonUser/tests/random-user-test.robot">
<test id="s1-s1-t1" name="Conectar" line="13">
<kw name="Conectar API" owner="random-user-service">
<kw name="Create Session" owner="RequestsLibrary">
<msg time="2024-06-06T09:16:52.812189" level="INFO">Creating Session using : alias=consultarAPI, url=https://randomuser.me/, headers={},                     cookies={}, auth=None, timeout=None, proxies=None, verify=False,                     debug=0 </msg>
<arg>consultarAPI</arg>
<arg>${URL}</arg>
<doc>Create Session: create a HTTP session to a server</doc>
<status status="PASS" start="2024-06-06T09:16:52.811991" elapsed="0.000368"/>
</kw>
<status status="PASS" start="2024-06-06T09:16:52.810966" elapsed="0.001741"/>
</kw>
<status status="PASS" start="2024-06-06T09:16:52.810450" elapsed="0.002451"/>
</test>
<test id="s1-s1-t2" name="Validar retorno 200 e JSON Válido" line="16">
<kw name="Teste de Requisicao Basica" owner="random-user-service">
<kw name="GET On Session" owner="RequestsLibrary">
<msg time="2024-06-06T09:16:53.003796" level="INFO">GET Request : url=https://randomuser.me/api 
 path_url=/api 
 headers={'User-Agent': 'python-requests/2.32.3', 'Accept-Encoding': 'gzip, deflate', 'Accept': '*/*', 'Connection': 'keep-alive'} 
 body=None 
 </msg>
<msg time="2024-06-06T09:16:53.003895" level="INFO">GET Response : url=https://randomuser.me/api 
 status=200, reason=OK 
 headers={'Date': 'Thu, 06 Jun 2024 09:16:53 GMT', 'Content-Type': 'application/json; charset=utf-8', 'Transfer-Encoding': 'chunked', 'Connection': 'keep-alive', 'X-Powered-By': 'Express', 'Access-Control-Allow-Origin': '*', 'Cache-Control': 'no-cache', 'ETag': 'W/"492-nIJ+gu8i+a63CXWBIo1BIXGfKV8"', 'Vary': 'Accept-Encoding', 'Content-Encoding': 'gzip', 'CF-Cache-Status': 'DYNAMIC', 'Report-To': '{"endpoints":[{"url":"https:\\/\\/a.nel.cloudflare.com\\/report\\/v4?s=uXPnKuqzbpGzQPpndVzEIujMFncfI9oZmLhV493mAMBsjyqh2NL2GVD0PZo9KvcgQ%2BMtdWSS%2BPFlTZSCTst0m7msc3e%2Bv3Jjfl1jdAwx77XQmxTDGjRaZQVEBdZ%2FD505"}],"group":"cf-nel","max_age":604800}', 'NEL': '{"success_fraction":0,"report_to":"cf-nel","max_age":604800}', 'Server': 'cloudflare', 'CF-RAY': '88f74e5eff1962c3-ORD', 'alt-svc': 'h3=":443"; ma=86400'} 
 body={"results":[{"gender":"male","name":{"title":"Mr","first":"Ishaan","last":"Manjunath"},"location":{"street":{"number":1236,"name":"Dadabhai Naoroji Rd"},"city":"Shahjahanpur","state":"Maharashtra","country":"India","postcode":91893,"coordinates":{"latitude":"9.8173","longitude":"-168.0859"},"timezone":{"offset":"-7:00","description":"Mountain Time (US &amp; Canada)"}},"email":"ishaan.manjunath@example.com","login":{"uuid":"77214d9e-55d8-4471-89a0-8c0d94f400d1","username":"redbird586","password":"messiah","salt":"vw1IqCgH","md5":"8ef43313b114a7019ab1ca982e1f63a5","sha1":"ee820302d0ad8332a322c9355c01979ebbdba5af","sha256":"a5711c3af298a5e8dc5bda5650412cbb589ca39eae7c1a6aa5797b2c41f4b029"},"dob":{"date":"1988-01-03T18:10:50.257Z","age":36},"registered":{"date":"2002-06-12T21:19:04.971Z","age":21},"phone":"8393008098","cell":"7673392035","id":{"name":"UIDAI","value":"207894881847"},"picture":{"large":"https://randomuser.me/api/portraits/men/87.jpg","medium":"https://randomuser.me/api/portraits/med/men/87.jpg","thumbnail":"https://randomuser.me/api/portraits/thumb/men/87.jpg"},"nat":"IN"}],"info":{"seed":"efdf4aec1706bce4","results":1,"page":1,"version":"1.4"}} 
 </msg>
<msg time="2024-06-06T09:16:53.003961" level="INFO">/opt/hostedtoolcache/Python/3.12.3/x64/lib/python3.12/site-packages/urllib3/connectionpool.py:1103: InsecureRequestWarning: Unverified HTTPS request is being made to host 'randomuser.me'. Adding certificate verification is strongly advised. See: https://urllib3.readthedocs.io/en/latest/advanced-usage.html#tls-warnings
  warnings.warn(</msg>
<msg time="2024-06-06T09:16:53.004083" level="INFO">${response} = &lt;Response [200]&gt;</msg>
<var>${response}</var>
<arg>consultarAPI</arg>
<arg>/api</arg>
<doc>Sends a GET request on a previously created HTTP Session.</doc>
<status status="PASS" start="2024-06-06T09:16:52.815528" elapsed="0.188595"/>
</kw>
<kw name="Should Be Equal As Numbers" owner="BuiltIn">
<msg time="2024-06-06T09:16:53.004960" level="INFO">Argument types are:
&lt;class 'int'&gt;
&lt;class 'str'&gt;</msg>
<arg>${response.status_code}</arg>
<arg>200</arg>
<doc>Fails if objects are unequal after converting them to real numbers.</doc>
<status status="PASS" start="2024-06-06T09:16:53.004564" elapsed="0.000457"/>
</kw>
<kw name="Log" owner="BuiltIn">
<msg time="2024-06-06T09:16:53.005722" level="INFO">200</msg>
<arg>${response.status_code}</arg>
<doc>Logs the given message with the given level.</doc>
<status status="PASS" start="2024-06-06T09:16:53.005371" elapsed="0.000398"/>
</kw>
<kw name="Set Variable" owner="BuiltIn">
<msg time="2024-06-06T09:16:53.006503" level="INFO">${json_data} = {'results': [{'gender': 'male', 'name': {'title': 'Mr', 'first': 'Ishaan', 'last': 'Manjunath'}, 'location': {'street': {'number': 1236, 'name': 'Dadabhai Naoroji Rd'}, 'city': 'Shahjahanpur', 'state'...</msg>
<var>${json_data}</var>
<arg>${response.json()}</arg>
<doc>Returns the given values which can then be assigned to a variables.</doc>
<status status="PASS" start="2024-06-06T09:16:53.006078" elapsed="0.000453"/>
</kw>
<kw name="Dictionary Should Contain Key" owner="Collections">
<msg time="2024-06-06T09:16:53.006994" level="INFO">False</msg>
<arg>${json_data}</arg>
<arg>results</arg>
<doc>Fails if ``key`` is not found from ``dictionary``.</doc>
<status status="PASS" start="2024-06-06T09:16:53.006830" elapsed="0.000327"/>
</kw>
<status status="PASS" start="2024-06-06T09:16:52.815247" elapsed="0.192193"/>
</kw>
<doc>Testa se a API responde corretamente e retorna um objeto JSON válido.</doc>
<tag>testeRequisicaoBasica</tag>
<status status="PASS" start="2024-06-06T09:16:52.814774" elapsed="0.192839"/>
</test>
<test id="s1-s1-t3" name="Validar estrutura de resposta" line="22">
<kw name="Teste de Estrutura de Resposta" owner="random-user-service">
<kw name="GET On Session" owner="RequestsLibrary">
<msg time="2024-06-06T09:16:53.099094" level="INFO">GET Request : url=https://randomuser.me/api 
 path_url=/api 
 headers={'User-Agent': 'python-requests/2.32.3', 'Accept-Encoding': 'gzip, deflate', 'Accept': '*/*', 'Connection': 'keep-alive'} 
 body=None 
 </msg>
<msg time="2024-06-06T09:16:53.099180" level="INFO">GET Response : url=https://randomuser.me/api 
 status=200, reason=OK 
 headers={'Date': 'Thu, 06 Jun 2024 09:16:53 GMT', 'Content-Type': 'application/json; charset=utf-8', 'Transfer-Encoding': 'chunked', 'Connection': 'keep-alive', 'X-Powered-By': 'Express', 'Access-Control-Allow-Origin': '*', 'Cache-Control': 'no-cache', 'ETag': 'W/"48f-tfxuaOKW3PVzgZr3WOWVuTQPxpk"', 'Vary': 'Accept-Encoding', 'Content-Encoding': 'gzip', 'CF-Cache-Status': 'DYNAMIC', 'Report-To': '{"endpoints":[{"url":"https:\\/\\/a.nel.cloudflare.com\\/report\\/v4?s=ecG3ObuoosfChPHPvUqod0YPxHtI%2BC6nS4Z0nZzxslKvzZGm9%2Bw%2FEuYu1WyD4RSf3zAEYmM8G3rGu69BSid3mmF2Wpvom8UsBEhxhAelU9BnZjqPznqHxjlxRv5rh3K8"}],"group":"cf-nel","max_age":604800}', 'NEL': '{"success_fraction":0,"report_to":"cf-nel","max_age":604800}', 'Server': 'cloudflare', 'CF-RAY': '88f74e5f5f5862c3-ORD', 'alt-svc': 'h3=":443"; ma=86400'} 
 body={"results":[{"gender":"male","name":{"title":"Mr","first":"Dan","last":"Weaver"},"location":{"street":{"number":7762,"name":"Church Lane"},"city":"Chester","state":"Worcestershire","country":"United Kingdom","postcode":"VX10 6ES","coordinates":{"latitude":"-5.8873","longitude":"-137.6752"},"timezone":{"offset":"-7:00","description":"Mountain Time (US &amp; Canada)"}},"email":"dan.weaver@example.com","login":{"uuid":"3f3c13fd-3271-4922-9294-59c928b7fe41","username":"purplefrog428","password":"bongo","salt":"njCgKjl2","md5":"3c040279cc83dc4bdf0209f1d99aaba8","sha1":"205446976f7e0083bb4a45ad316cc2d1601fd3c4","sha256":"e9a1e95a7067e4e6bd96fd07acaf3f81d9cf67abf0f2264a5308e0fe8e7e3503"},"dob":{"date":"1977-01-18T15:15:05.985Z","age":47},"registered":{"date":"2018-05-22T03:59:51.793Z","age":6},"phone":"013873 91952","cell":"07581 862816","id":{"name":"NINO","value":"RP 35 67 02 H"},"picture":{"large":"https://randomuser.me/api/portraits/men/59.jpg","medium":"https://randomuser.me/api/portraits/med/men/59.jpg","thumbnail":"https://randomuser.me/api/portraits/thumb/men/59.jpg"},"nat":"GB"}],"info":{"seed":"74c4cc1c2a8f4a21","results":1,"page":1,"version":"1.4"}} 
 </msg>
<msg time="2024-06-06T09:16:53.099302" level="INFO">/opt/hostedtoolcache/Python/3.12.3/x64/lib/python3.12/site-packages/urllib3/connectionpool.py:1103: InsecureRequestWarning: Unverified HTTPS request is being made to host 'randomuser.me'. Adding certificate verification is strongly advised. See: https://urllib3.readthedocs.io/en/latest/advanced-usage.html#tls-warnings
  warnings.warn(</msg>
<msg time="2024-06-06T09:16:53.099508" level="INFO">${response} = &lt;Response [200]&gt;</msg>
<var>${response}</var>
<arg>consultarAPI</arg>
<arg>/api</arg>
<doc>Sends a GET request on a previously created HTTP Session.</doc>
<status status="PASS" start="2024-06-06T09:16:53.010173" elapsed="0.089391"/>
</kw>
<kw name="Set Variable" owner="BuiltIn">
<msg time="2024-06-06T09:16:53.100698" level="INFO">${json_data} = {'results': [{'gender': 'male', 'name': {'title': 'Mr', 'first': 'Dan', 'last': 'Weaver'}, 'location': {'street': {'number': 7762, 'name': 'Church Lane'}, 'city': 'Chester', 'state': 'Worcestershire',...</msg>
<var>${json_data}</var>
<arg>${response.json()}</arg>
<doc>Returns the given values which can then be assigned to a variables.</doc>
<status status="PASS" start="2024-06-06T09:16:53.100092" elapsed="0.000649"/>
</kw>
<kw name="Log" owner="BuiltIn">
<msg time="2024-06-06T09:16:53.101235" level="INFO">{'results': [{'gender': 'male', 'name': {'title': 'Mr', 'first': 'Dan', 'last': 'Weaver'}, 'location': {'street': {'number': 7762, 'name': 'Church Lane'}, 'city': 'Chester', 'state': 'Worcestershire', 'country': 'United Kingdom', 'postcode': 'VX10 6ES', 'coordinates': {'latitude': '-5.8873', 'longitude': '-137.6752'}, 'timezone': {'offset': '-7:00', 'description': 'Mountain Time (US &amp; Canada)'}}, 'email': 'dan.weaver@example.com', 'login': {'uuid': '3f3c13fd-3271-4922-9294-59c928b7fe41', 'username': 'purplefrog428', 'password': 'bongo', 'salt': 'njCgKjl2', 'md5': '3c040279cc83dc4bdf0209f1d99aaba8', 'sha1': '205446976f7e0083bb4a45ad316cc2d1601fd3c4', 'sha256': 'e9a1e95a7067e4e6bd96fd07acaf3f81d9cf67abf0f2264a5308e0fe8e7e3503'}, 'dob': {'date': '1977-01-18T15:15:05.985Z', 'age': 47}, 'registered': {'date': '2018-05-22T03:59:51.793Z', 'age': 6}, 'phone': '013873 91952', 'cell': '07581 862816', 'id': {'name': 'NINO', 'value': 'RP 35 67 02 H'}, 'picture': {'large': 'https://randomuser.me/api/portraits/men/59.jpg', 'medium': 'https://randomuser.me/api/portraits/med/men/59.jpg', 'thumbnail': 'https://randomuser.me/api/portraits/thumb/men/59.jpg'}, 'nat': 'GB'}], 'info': {'seed': '74c4cc1c2a8f4a21', 'results': 1, 'page': 1, 'version': '1.4'}}</msg>
<arg>${json_data}</arg>
<doc>Logs the given message with the given level.</doc>
<status status="PASS" start="2024-06-06T09:16:53.101079" elapsed="0.000204"/>
</kw>
<kw name="Dictionary Should Contain Key" owner="Collections">
<msg time="2024-06-06T09:16:53.101732" level="INFO">False</msg>
<arg>${json_data}</arg>
<arg>results</arg>
<doc>Fails if ``key`` is not found from ``dictionary``.</doc>
<status status="PASS" start="2024-06-06T09:16:53.101576" elapsed="0.000194"/>
</kw>
<kw name="Should Not Be Empty" owner="BuiltIn">
<msg time="2024-06-06T09:16:53.102197" level="INFO">Length is 2.</msg>
<arg>${json_data}</arg>
<doc>Verifies that the given item is not empty.</doc>
<status status="PASS" start="2024-06-06T09:16:53.102066" elapsed="0.000170"/>
</kw>
<kw name="Create List" owner="BuiltIn">
<msg time="2024-06-06T09:16:53.102678" level="INFO">${expected_keys} = ['gender', 'name', 'location', 'email', 'login']</msg>
<var>${expected_keys}</var>
<arg>gender</arg>
<arg>name</arg>
<arg>location</arg>
<arg>email</arg>
<arg>login</arg>
<doc>Returns a list containing given items.</doc>
<status status="PASS" start="2024-06-06T09:16:53.102532" elapsed="0.000170"/>
</kw>
<for flavor="IN">
<iter>
<kw name="Dictionary Should Contain Key" owner="Collections">
<msg time="2024-06-06T09:16:53.103700" level="INFO">False</msg>
<arg>${json_data['results'][0]}</arg>
<arg>${key}</arg>
<doc>Fails if ``key`` is not found from ``dictionary``.</doc>
<status status="PASS" start="2024-06-06T09:16:53.103257" elapsed="0.000486"/>
</kw>
<kw name="Log" owner="BuiltIn">
<msg time="2024-06-06T09:16:53.104407" level="INFO">{'gender': 'male', 'name': {'title': 'Mr', 'first': 'Dan', 'last': 'Weaver'}, 'location': {'street': {'number': 7762, 'name': 'Church Lane'}, 'city': 'Chester', 'state': 'Worcestershire', 'country': 'United Kingdom', 'postcode': 'VX10 6ES', 'coordinates': {'latitude': '-5.8873', 'longitude': '-137.6752'}, 'timezone': {'offset': '-7:00', 'description': 'Mountain Time (US &amp; Canada)'}}, 'email': 'dan.weaver@example.com', 'login': {'uuid': '3f3c13fd-3271-4922-9294-59c928b7fe41', 'username': 'purplefrog428', 'password': 'bongo', 'salt': 'njCgKjl2', 'md5': '3c040279cc83dc4bdf0209f1d99aaba8', 'sha1': '205446976f7e0083bb4a45ad316cc2d1601fd3c4', 'sha256': 'e9a1e95a7067e4e6bd96fd07acaf3f81d9cf67abf0f2264a5308e0fe8e7e3503'}, 'dob': {'date': '1977-01-18T15:15:05.985Z', 'age': 47}, 'registered': {'date': '2018-05-22T03:59:51.793Z', 'age': 6}, 'phone': '013873 91952', 'cell': '07581 862816', 'id': {'name': 'NINO', 'value': 'RP 35 67 02 H'}, 'picture': {'large': 'https://randomuser.me/api/portraits/men/59.jpg', 'medium': 'https://randomuser.me/api/portraits/med/men/59.jpg', 'thumbnail': 'https://randomuser.me/api/portraits/thumb/men/59.jpg'}, 'nat': 'GB'}</msg>
<arg>${json_data['results'][0]}</arg>
<doc>Logs the given message with the given level.</doc>
<status status="PASS" start="2024-06-06T09:16:53.104047" elapsed="0.000410"/>
</kw>
<kw name="Log" owner="BuiltIn">
<msg time="2024-06-06T09:16:53.104886" level="INFO">gender</msg>
<arg>${key}</arg>
<doc>Logs the given message with the given level.</doc>
<status status="PASS" start="2024-06-06T09:16:53.104756" elapsed="0.000166"/>
</kw>
<var name="${key}">gender</var>
<status status="PASS" start="2024-06-06T09:16:53.103134" elapsed="0.002001"/>
</iter>
<iter>
<kw name="Dictionary Should Contain Key" owner="Collections">
<msg time="2024-06-06T09:16:53.105825" level="INFO">False</msg>
<arg>${json_data['results'][0]}</arg>
<arg>${key}</arg>
<doc>Fails if ``key`` is not found from ``dictionary``.</doc>
<status status="PASS" start="2024-06-06T09:16:53.105435" elapsed="0.000427"/>
</kw>
<kw name="Log" owner="BuiltIn">
<msg time="2024-06-06T09:16:53.106544" level="INFO">{'gender': 'male', 'name': {'title': 'Mr', 'first': 'Dan', 'last': 'Weaver'}, 'location': {'street': {'number': 7762, 'name': 'Church Lane'}, 'city': 'Chester', 'state': 'Worcestershire', 'country': 'United Kingdom', 'postcode': 'VX10 6ES', 'coordinates': {'latitude': '-5.8873', 'longitude': '-137.6752'}, 'timezone': {'offset': '-7:00', 'description': 'Mountain Time (US &amp; Canada)'}}, 'email': 'dan.weaver@example.com', 'login': {'uuid': '3f3c13fd-3271-4922-9294-59c928b7fe41', 'username': 'purplefrog428', 'password': 'bongo', 'salt': 'njCgKjl2', 'md5': '3c040279cc83dc4bdf0209f1d99aaba8', 'sha1': '205446976f7e0083bb4a45ad316cc2d1601fd3c4', 'sha256': 'e9a1e95a7067e4e6bd96fd07acaf3f81d9cf67abf0f2264a5308e0fe8e7e3503'}, 'dob': {'date': '1977-01-18T15:15:05.985Z', 'age': 47}, 'registered': {'date': '2018-05-22T03:59:51.793Z', 'age': 6}, 'phone': '013873 91952', 'cell': '07581 862816', 'id': {'name': 'NINO', 'value': 'RP 35 67 02 H'}, 'picture': {'large': 'https://randomuser.me/api/portraits/men/59.jpg', 'medium': 'https://randomuser.me/api/portraits/med/men/59.jpg', 'thumbnail': 'https://randomuser.me/api/portraits/thumb/men/59.jpg'}, 'nat': 'GB'}</msg>
<arg>${json_data['results'][0]}</arg>
<doc>Logs the given message with the given level.</doc>
<status status="PASS" start="2024-06-06T09:16:53.106188" elapsed="0.000405"/>
</kw>
<kw name="Log" owner="BuiltIn">
<msg time="2024-06-06T09:16:53.107012" level="INFO">name</msg>
<arg>${key}</arg>
<doc>Logs the given message with the given level.</doc>
<status status="PASS" start="2024-06-06T09:16:53.106887" elapsed="0.000162"/>
</kw>
<var name="${key}">name</var>
<status status="PASS" start="2024-06-06T09:16:53.105321" elapsed="0.001949"/>
</iter>
<iter>
<kw name="Dictionary Should Contain Key" owner="Collections">
<msg time="2024-06-06T09:16:53.107974" level="INFO">False</msg>
<arg>${json_data['results'][0]}</arg>
<arg>${key}</arg>
<doc>Fails if ``key`` is not found from ``dictionary``.</doc>
<status status="PASS" start="2024-06-06T09:16:53.107600" elapsed="0.000412"/>
</kw>
<kw name="Log" owner="BuiltIn">
<msg time="2024-06-06T09:16:53.108674" level="INFO">{'gender': 'male', 'name': {'title': 'Mr', 'first': 'Dan', 'last': 'Weaver'}, 'location': {'street': {'number': 7762, 'name': 'Church Lane'}, 'city': 'Chester', 'state': 'Worcestershire', 'country': 'United Kingdom', 'postcode': 'VX10 6ES', 'coordinates': {'latitude': '-5.8873', 'longitude': '-137.6752'}, 'timezone': {'offset': '-7:00', 'description': 'Mountain Time (US &amp; Canada)'}}, 'email': 'dan.weaver@example.com', 'login': {'uuid': '3f3c13fd-3271-4922-9294-59c928b7fe41', 'username': 'purplefrog428', 'password': 'bongo', 'salt': 'njCgKjl2', 'md5': '3c040279cc83dc4bdf0209f1d99aaba8', 'sha1': '205446976f7e0083bb4a45ad316cc2d1601fd3c4', 'sha256': 'e9a1e95a7067e4e6bd96fd07acaf3f81d9cf67abf0f2264a5308e0fe8e7e3503'}, 'dob': {'date': '1977-01-18T15:15:05.985Z', 'age': 47}, 'registered': {'date': '2018-05-22T03:59:51.793Z', 'age': 6}, 'phone': '013873 91952', 'cell': '07581 862816', 'id': {'name': 'NINO', 'value': 'RP 35 67 02 H'}, 'picture': {'large': 'https://randomuser.me/api/portraits/men/59.jpg', 'medium': 'https://randomuser.me/api/portraits/med/men/59.jpg', 'thumbnail': 'https://randomuser.me/api/portraits/thumb/men/59.jpg'}, 'nat': 'GB'}</msg>
<arg>${json_data['results'][0]}</arg>
<doc>Logs the given message with the given level.</doc>
<status status="PASS" start="2024-06-06T09:16:53.108312" elapsed="0.000411"/>
</kw>
<kw name="Log" owner="BuiltIn">
<msg time="2024-06-06T09:16:53.109143" level="INFO">location</msg>
<arg>${key}</arg>
<doc>Logs the given message with the given level.</doc>
<status status="PASS" start="2024-06-06T09:16:53.109020" elapsed="0.000159"/>
</kw>
<var name="${key}">location</var>
<status status="PASS" start="2024-06-06T09:16:53.107485" elapsed="0.001907"/>
</iter>
<iter>
<kw name="Dictionary Should Contain Key" owner="Collections">
<msg time="2024-06-06T09:16:53.110154" level="INFO">False</msg>
<arg>${json_data['results'][0]}</arg>
<arg>${key}</arg>
<doc>Fails if ``key`` is not found from ``dictionary``.</doc>
<status status="PASS" start="2024-06-06T09:16:53.109678" elapsed="0.000514"/>
</kw>
<kw name="Log" owner="BuiltIn">
<msg time="2024-06-06T09:16:53.110844" level="INFO">{'gender': 'male', 'name': {'title': 'Mr', 'first': 'Dan', 'last': 'Weaver'}, 'location': {'street': {'number': 7762, 'name': 'Church Lane'}, 'city': 'Chester', 'state': 'Worcestershire', 'country': 'United Kingdom', 'postcode': 'VX10 6ES', 'coordinates': {'latitude': '-5.8873', 'longitude': '-137.6752'}, 'timezone': {'offset': '-7:00', 'description': 'Mountain Time (US &amp; Canada)'}}, 'email': 'dan.weaver@example.com', 'login': {'uuid': '3f3c13fd-3271-4922-9294-59c928b7fe41', 'username': 'purplefrog428', 'password': 'bongo', 'salt': 'njCgKjl2', 'md5': '3c040279cc83dc4bdf0209f1d99aaba8', 'sha1': '205446976f7e0083bb4a45ad316cc2d1601fd3c4', 'sha256': 'e9a1e95a7067e4e6bd96fd07acaf3f81d9cf67abf0f2264a5308e0fe8e7e3503'}, 'dob': {'date': '1977-01-18T15:15:05.985Z', 'age': 47}, 'registered': {'date': '2018-05-22T03:59:51.793Z', 'age': 6}, 'phone': '013873 91952', 'cell': '07581 862816', 'id': {'name': 'NINO', 'value': 'RP 35 67 02 H'}, 'picture': {'large': 'https://randomuser.me/api/portraits/men/59.jpg', 'medium': 'https://randomuser.me/api/portraits/med/men/59.jpg', 'thumbnail': 'https://randomuser.me/api/portraits/thumb/men/59.jpg'}, 'nat': 'GB'}</msg>
<arg>${json_data['results'][0]}</arg>
<doc>Logs the given message with the given level.</doc>
<status status="PASS" start="2024-06-06T09:16:53.110489" elapsed="0.000403"/>
</kw>
<kw name="Log" owner="BuiltIn">
<msg time="2024-06-06T09:16:53.111315" level="INFO">email</msg>
<arg>${key}</arg>
<doc>Logs the given message with the given level.</doc>
<status status="PASS" start="2024-06-06T09:16:53.111188" elapsed="0.000164"/>
</kw>
<var name="${key}">email</var>
<status status="PASS" start="2024-06-06T09:16:53.109568" elapsed="0.002041"/>
</iter>
<iter>
<kw name="Dictionary Should Contain Key" owner="Collections">
<msg time="2024-06-06T09:16:53.112281" level="INFO">False</msg>
<arg>${json_data['results'][0]}</arg>
<arg>${key}</arg>
<doc>Fails if ``key`` is not found from ``dictionary``.</doc>
<status status="PASS" start="2024-06-06T09:16:53.111900" elapsed="0.000419"/>
</kw>
<kw name="Log" owner="BuiltIn">
<msg time="2024-06-06T09:16:53.112976" level="INFO">{'gender': 'male', 'name': {'title': 'Mr', 'first': 'Dan', 'last': 'Weaver'}, 'location': {'street': {'number': 7762, 'name': 'Church Lane'}, 'city': 'Chester', 'state': 'Worcestershire', 'country': 'United Kingdom', 'postcode': 'VX10 6ES', 'coordinates': {'latitude': '-5.8873', 'longitude': '-137.6752'}, 'timezone': {'offset': '-7:00', 'description': 'Mountain Time (US &amp; Canada)'}}, 'email': 'dan.weaver@example.com', 'login': {'uuid': '3f3c13fd-3271-4922-9294-59c928b7fe41', 'username': 'purplefrog428', 'password': 'bongo', 'salt': 'njCgKjl2', 'md5': '3c040279cc83dc4bdf0209f1d99aaba8', 'sha1': '205446976f7e0083bb4a45ad316cc2d1601fd3c4', 'sha256': 'e9a1e95a7067e4e6bd96fd07acaf3f81d9cf67abf0f2264a5308e0fe8e7e3503'}, 'dob': {'date': '1977-01-18T15:15:05.985Z', 'age': 47}, 'registered': {'date': '2018-05-22T03:59:51.793Z', 'age': 6}, 'phone': '013873 91952', 'cell': '07581 862816', 'id': {'name': 'NINO', 'value': 'RP 35 67 02 H'}, 'picture': {'large': 'https://randomuser.me/api/portraits/men/59.jpg', 'medium': 'https://randomuser.me/api/portraits/med/men/59.jpg', 'thumbnail': 'https://randomuser.me/api/portraits/thumb/men/59.jpg'}, 'nat': 'GB'}</msg>
<arg>${json_data['results'][0]}</arg>
<doc>Logs the given message with the given level.</doc>
<status status="PASS" start="2024-06-06T09:16:53.112623" elapsed="0.000402"/>
</kw>
<kw name="Log" owner="BuiltIn">
<msg time="2024-06-06T09:16:53.113442" level="INFO">login</msg>
<arg>${key}</arg>
<doc>Logs the given message with the given level.</doc>
<status status="PASS" start="2024-06-06T09:16:53.113317" elapsed="0.000163"/>
</kw>
<var name="${key}">login</var>
<status status="PASS" start="2024-06-06T09:16:53.111787" elapsed="0.001932"/>
</iter>
<var>${key}</var>
<value>@{expected_keys}</value>
<status status="PASS" start="2024-06-06T09:16:53.102954" elapsed="0.010893"/>
</for>
<kw name="Create List" owner="BuiltIn">
<msg time="2024-06-06T09:16:53.114179" level="INFO">${expected_keysTwo} = ['username', 'password']</msg>
<var>${expected_keysTwo}</var>
<arg>username</arg>
<arg>password</arg>
<doc>Returns a list containing given items.</doc>
<status status="PASS" start="2024-06-06T09:16:53.114042" elapsed="0.000162"/>
</kw>
<for flavor="IN">
<iter>
<kw name="Dictionary Should Contain Key" owner="Collections">
<msg time="2024-06-06T09:16:53.115083" level="INFO">False</msg>
<arg>${json_data['results'][0]['login']}</arg>
<arg>${keyTwo}</arg>
<doc>Fails if ``key`` is not found from ``dictionary``.</doc>
<status status="PASS" start="2024-06-06T09:16:53.114698" elapsed="0.000423"/>
</kw>
<kw name="Dictionary Should Contain Key" owner="Collections">
<msg time="2024-06-06T09:16:53.115831" level="INFO">False</msg>
<arg>${json_data['results'][0]['login']}</arg>
<arg>${keyTwo}</arg>
<doc>Fails if ``key`` is not found from ``dictionary``.</doc>
<status status="PASS" start="2024-06-06T09:16:53.115446" elapsed="0.000424"/>
</kw>
<kw name="Log" owner="BuiltIn">
<msg time="2024-06-06T09:16:53.116286" level="INFO">username</msg>
<arg>${keyTwo}</arg>
<doc>Logs the given message with the given level.</doc>
<status status="PASS" start="2024-06-06T09:16:53.116162" elapsed="0.000161"/>
</kw>
<var name="${keyTwo}">username</var>
<status status="PASS" start="2024-06-06T09:16:53.114589" elapsed="0.001947"/>
</iter>
<iter>
<kw name="Dictionary Should Contain Key" owner="Collections">
<msg time="2024-06-06T09:16:53.117198" level="INFO">False</msg>
<arg>${json_data['results'][0]['login']}</arg>
<arg>${keyTwo}</arg>
<doc>Fails if ``key`` is not found from ``dictionary``.</doc>
<status status="PASS" start="2024-06-06T09:16:53.116822" elapsed="0.000414"/>
</kw>
<kw name="Dictionary Should Contain Key" owner="Collections">
<msg time="2024-06-06T09:16:53.117904" level="INFO">False</msg>
<arg>${json_data['results'][0]['login']}</arg>
<arg>${keyTwo}</arg>
<doc>Fails if ``key`` is not found from ``dictionary``.</doc>
<status status="PASS" start="2024-06-06T09:16:53.117530" elapsed="0.000412"/>
</kw>
<kw name="Log" owner="BuiltIn">
<msg time="2024-06-06T09:16:53.118358" level="INFO">password</msg>
<arg>${keyTwo}</arg>
<doc>Logs the given message with the given level.</doc>
<status status="PASS" start="2024-06-06T09:16:53.118233" elapsed="0.000163"/>
</kw>
<var name="${keyTwo}">password</var>
<status status="PASS" start="2024-06-06T09:16:53.116712" elapsed="0.001895"/>
</iter>
<var>${keyTwo}</var>
<value>@{expected_keysTwo}</value>
<status status="PASS" start="2024-06-06T09:16:53.114440" elapsed="0.004287"/>
</for>
<status status="PASS" start="2024-06-06T09:16:53.009940" elapsed="0.108925"/>
</kw>
<doc>Testa a estrutura da resposta da API.</doc>
<tag>testeEstruturaResposta</tag>
<status status="PASS" start="2024-06-06T09:16:53.009405" elapsed="0.109608"/>
</test>
<test id="s1-s1-t4" name="Validar tipos de dados" line="28">
<kw name="Teste de Tipos de Dados" owner="random-user-service">
<kw name="GET On Session" owner="RequestsLibrary">
<msg time="2024-06-06T09:16:53.214470" level="INFO">GET Request : url=https://randomuser.me/api 
 path_url=/api 
 headers={'User-Agent': 'python-requests/2.32.3', 'Accept-Encoding': 'gzip, deflate', 'Accept': '*/*', 'Connection': 'keep-alive'} 
 body=None 
 </msg>
<msg time="2024-06-06T09:16:53.214534" level="INFO">GET Response : url=https://randomuser.me/api 
 status=200, reason=OK 
 headers={'Date': 'Thu, 06 Jun 2024 09:16:53 GMT', 'Content-Type': 'application/json; charset=utf-8', 'Transfer-Encoding': 'chunked', 'Connection': 'keep-alive', 'X-Powered-By': 'Express', 'Access-Control-Allow-Origin': '*', 'Cache-Control': 'no-cache', 'ETag': 'W/"4a4-kJCvlvm74nVUSl0v0vHGx8h8uhE"', 'Vary': 'Accept-Encoding', 'Content-Encoding': 'gzip', 'CF-Cache-Status': 'DYNAMIC', 'Report-To': '{"endpoints":[{"url":"https:\\/\\/a.nel.cloudflare.com\\/report\\/v4?s=g8gTTv7xe6NSwK0ehqpJnALFcA4fHSzhizynEeTMOKO71mNDJAipmkpUTkcaXyTgnrHFrNvmyS3mZ%2FN79fP2yy903QNchiH0om3zyS8HQ6%2FYXBDr9jcOeM5OYYuE0uK0"}],"group":"cf-nel","max_age":604800}', 'NEL': '{"success_fraction":0,"report_to":"cf-nel","max_age":604800}', 'Server': 'cloudflare', 'CF-RAY': '88f74e600fa162c3-ORD', 'alt-svc': 'h3=":443"; ma=86400'} 
 body={"results":[{"gender":"female","name":{"title":"Miss","first":"Inès","last":"Muller"},"location":{"street":{"number":2234,"name":"Rue de la Barre"},"city":"Fort-de-France","state":"Indre-et-Loire","country":"France","postcode":49295,"coordinates":{"latitude":"-17.9167","longitude":"15.8931"},"timezone":{"offset":"-8:00","description":"Pacific Time (US &amp; Canada)"}},"email":"ines.muller@example.com","login":{"uuid":"7b223a57-620e-418c-917f-fd3fc19489a2","username":"yellowzebra844","password":"jonathon","salt":"jc3fHWwg","md5":"f2d50ace47a7616ce6396c9886fa6ff4","sha1":"6211b24163a534cdcc750a1c636380cadfcca5fa","sha256":"81ca5d940f4f46a39d8188765bebc9fbb7050332eef21d1eedd8275b76e39873"},"dob":{"date":"1955-11-04T16:28:02.066Z","age":68},"registered":{"date":"2021-06-03T09:00:08.541Z","age":3},"phone":"01-52-56-61-87","cell":"06-70-94-17-87","id":{"name":"INSEE","value":"2551042012877 38"},"picture":{"large":"https://randomuser.me/api/portraits/women/74.jpg","medium":"https://randomuser.me/api/portraits/med/women/74.jpg","thumbnail":"https://randomuser.me/api/portraits/thumb/women/74.jpg"},"nat":"FR"}],"info":{"seed":"9ca5297e2a73e161","results":1,"page":1,"version":"1.4"}} 
 </msg>
<msg time="2024-06-06T09:16:53.214592" level="INFO">/opt/hostedtoolcache/Python/3.12.3/x64/lib/python3.12/site-packages/urllib3/connectionpool.py:1103: InsecureRequestWarning: Unverified HTTPS request is being made to host 'randomuser.me'. Adding certificate verification is strongly advised. See: https://urllib3.readthedocs.io/en/latest/advanced-usage.html#tls-warnings
  warnings.warn(</msg>
<msg time="2024-06-06T09:16:53.214697" level="INFO">${response} = &lt;Response [200]&gt;</msg>
<var>${response}</var>
<arg>consultarAPI</arg>
<arg>/api</arg>
<doc>Sends a GET request on a previously created HTTP Session.</doc>
<status status="PASS" start="2024-06-06T09:16:53.121545" elapsed="0.093194"/>
</kw>
<kw name="Set Variable" owner="BuiltIn">
<msg time="2024-06-06T09:16:53.215582" level="INFO">${json_data} = {'results': [{'gender': 'female', 'name': {'title': 'Miss', 'first': 'Inès', 'last': 'Muller'}, 'location': {'street': {'number': 2234, 'name': 'Rue de la Barre'}, 'city': 'Fort-de-France', 'state': '...</msg>
<var>${json_data}</var>
<arg>${response.json()}</arg>
<doc>Returns the given values which can then be assigned to a variables.</doc>
<status status="PASS" start="2024-06-06T09:16:53.215087" elapsed="0.000525"/>
</kw>
<kw name="Log" owner="BuiltIn">
<msg time="2024-06-06T09:16:53.216090" level="INFO">{'results': [{'gender': 'female', 'name': {'title': 'Miss', 'first': 'Inès', 'last': 'Muller'}, 'location': {'street': {'number': 2234, 'name': 'Rue de la Barre'}, 'city': 'Fort-de-France', 'state': 'Indre-et-Loire', 'country': 'France', 'postcode': 49295, 'coordinates': {'latitude': '-17.9167', 'longitude': '15.8931'}, 'timezone': {'offset': '-8:00', 'description': 'Pacific Time (US &amp; Canada)'}}, 'email': 'ines.muller@example.com', 'login': {'uuid': '7b223a57-620e-418c-917f-fd3fc19489a2', 'username': 'yellowzebra844', 'password': 'jonathon', 'salt': 'jc3fHWwg', 'md5': 'f2d50ace47a7616ce6396c9886fa6ff4', 'sha1': '6211b24163a534cdcc750a1c636380cadfcca5fa', 'sha256': '81ca5d940f4f46a39d8188765bebc9fbb7050332eef21d1eedd8275b76e39873'}, 'dob': {'date': '1955-11-04T16:28:02.066Z', 'age': 68}, 'registered': {'date': '2021-06-03T09:00:08.541Z', 'age': 3}, 'phone': '01-52-56-61-87', 'cell': '06-70-94-17-87', 'id': {'name': 'INSEE', 'value': '2551042012877 38'}, 'picture': {'large': 'https://randomuser.me/api/portraits/women/74.jpg', 'medium': 'https://randomuser.me/api/portraits/med/women/74.jpg', 'thumbnail': 'https://randomuser.me/api/portraits/thumb/women/74.jpg'}, 'nat': 'FR'}], 'info': {'seed': '9ca5297e2a73e161', 'results': 1, 'page': 1, 'version': '1.4'}}</msg>
<arg>${json_data}</arg>
<doc>Logs the given message with the given level.</doc>
<status status="PASS" start="2024-06-06T09:16:53.215929" elapsed="0.000248"/>
</kw>
<kw name="Should Be String" owner="String">
<arg>${json_data['results'][0]['gender']}</arg>
<doc>Fails if the given ``item`` is not a string.</doc>
<status status="PASS" start="2024-06-06T09:16:53.216482" elapsed="0.000367"/>
</kw>
<kw name="Should Match Regexp" owner="BuiltIn">
<arg>${json_data['results'][0]['email']}</arg>
<arg>^[a-zA-Z0-9._%+-]+@[a-zA-Z0-9.-]+\.[a-zA-Z]{2,}$</arg>
<doc>Fails if ``string`` does not match ``pattern`` as a regular expression.</doc>
<status status="PASS" start="2024-06-06T09:16:53.217042" elapsed="0.000604"/>
</kw>
<kw name="Should Match Regexp" owner="BuiltIn">
<arg>${json_data['results'][0]['dob']['date']}</arg>
<arg>\\d{4}-\\d{2}-\\d{2}T\\d{2}:\\d{2}:\\d{2}\\.\\d{3}Z</arg>
<doc>Fails if ``string`` does not match ``pattern`` as a regular expression.</doc>
<status status="PASS" start="2024-06-06T09:16:53.217844" elapsed="0.000481"/>
</kw>
<kw name="Should Match Regexp" owner="BuiltIn">
<arg>${json_data['results'][0]['registered']['date']}</arg>
<arg>\\d{4}-\\d{2}-\\d{2}T\\d{2}:\\d{2}:\\d{2}\\.\\d{3}Z</arg>
<doc>Fails if ``string`` does not match ``pattern`` as a regular expression.</doc>
<status status="PASS" start="2024-06-06T09:16:53.218521" elapsed="0.000363"/>
</kw>
<kw name="Should Match Regexp" owner="BuiltIn">
<arg>${json_data['results'][0]['picture']['large']}</arg>
<arg>^https?://.*\.(?:png|jpe?g|gif|bmp)$</arg>
<doc>Fails if ``string`` does not match ``pattern`` as a regular expression.</doc>
<status status="PASS" start="2024-06-06T09:16:53.219074" elapsed="0.000493"/>
</kw>
<kw name="Should Match Regexp" owner="BuiltIn">
<arg>${json_data['results'][0]['picture']['medium']}</arg>
<arg>^https?://.*\.(?:png|jpe?g|gif|bmp)$</arg>
<doc>Fails if ``string`` does not match ``pattern`` as a regular expression.</doc>
<status status="PASS" start="2024-06-06T09:16:53.219763" elapsed="0.000354"/>
</kw>
<kw name="Should Match Regexp" owner="BuiltIn">
<arg>${json_data['results'][0]['picture']['thumbnail']}</arg>
<arg>^https?://.*\.(?:png|jpe?g|gif|bmp)$</arg>
<doc>Fails if ``string`` does not match ``pattern`` as a regular expression.</doc>
<status status="PASS" start="2024-06-06T09:16:53.220303" elapsed="0.000344"/>
</kw>
<kw name="Log" owner="BuiltIn">
<msg time="2024-06-06T09:16:53.221153" level="INFO">{'large': 'https://randomuser.me/api/portraits/women/74.jpg', 'medium': 'https://randomuser.me/api/portraits/med/women/74.jpg', 'thumbnail': 'https://randomuser.me/api/portraits/thumb/women/74.jpg'}</msg>
<arg>${json_data['results'][0]['picture']}</arg>
<doc>Logs the given message with the given level.</doc>
<status status="PASS" start="2024-06-06T09:16:53.220828" elapsed="0.000367"/>
</kw>
<status status="PASS" start="2024-06-06T09:16:53.121318" elapsed="0.100135"/>
</kw>
<kw name="Teste de Tipos de Dados - Postcode" owner="random-user-service">
<kw name="GET On Session" owner="RequestsLibrary">
<msg time="2024-06-06T09:16:53.307035" level="INFO">GET Request : url=https://randomuser.me/api 
 path_url=/api 
 headers={'User-Agent': 'python-requests/2.32.3', 'Accept-Encoding': 'gzip, deflate', 'Accept': '*/*', 'Connection': 'keep-alive'} 
 body=None 
 </msg>
<msg time="2024-06-06T09:16:53.307121" level="INFO">GET Response : url=https://randomuser.me/api 
 status=200, reason=OK 
 headers={'Date': 'Thu, 06 Jun 2024 09:16:53 GMT', 'Content-Type': 'application/json; charset=utf-8', 'Transfer-Encoding': 'chunked', 'Connection': 'keep-alive', 'X-Powered-By': 'Express', 'Access-Control-Allow-Origin': '*', 'Cache-Control': 'no-cache', 'ETag': 'W/"4af-DP2q1OlmKZ/13S/9HlZIQPLJWa8"', 'Vary': 'Accept-Encoding', 'Content-Encoding': 'gzip', 'CF-Cache-Status': 'DYNAMIC', 'Report-To': '{"endpoints":[{"url":"https:\\/\\/a.nel.cloudflare.com\\/report\\/v4?s=M9JWyNrUauh8RnlrxEA52gdDtI0AwbfRI13tE5EKVE3eVmuRV3GoYwwDPACfxyHe1GkVZIhtTIKCiTX9R0xG9bK9VBfDz2bkDRjA0SnAlGQPS2chZr98PzylRsbpn7iz"}],"group":"cf-nel","max_age":604800}', 'NEL': '{"success_fraction":0,"report_to":"cf-nel","max_age":604800}', 'Server': 'cloudflare', 'CF-RAY': '88f74e60afeb62c3-ORD', 'alt-svc': 'h3=":443"; ma=86400'} 
 body={"results":[{"gender":"female","name":{"title":"Mademoiselle","first":"Aude","last":"Menard"},"location":{"street":{"number":3846,"name":"Rue du Dauphiné"},"city":"Reverolle","state":"Neuchâtel","country":"Switzerland","postcode":2957,"coordinates":{"latitude":"-63.4505","longitude":"77.1148"},"timezone":{"offset":"-5:00","description":"Eastern Time (US &amp; Canada), Bogota, Lima"}},"email":"aude.menard@example.com","login":{"uuid":"1ad46cb7-4af3-4dac-94f8-51b111397100","username":"orangegoose211","password":"waterfal","salt":"P8oZOVuq","md5":"838bb0909dedd39022a9b0894e4fac2a","sha1":"32c682f60e7fc794b028641336cbe8ec26df184e","sha256":"6c39098ea1b6b611178ac4a585f1325e6e779c432754eacdc63356ac4bfedd09"},"dob":{"date":"1985-07-14T10:33:10.313Z","age":38},"registered":{"date":"2004-08-02T06:16:23.500Z","age":19},"phone":"077 400 06 48","cell":"079 993 63 36","id":{"name":"AVS","value":"756.7600.6113.27"},"picture":{"large":"https://randomuser.me/api/portraits/women/6.jpg","medium":"https://randomuser.me/api/portraits/med/women/6.jpg","thumbnail":"https://randomuser.me/api/portraits/thumb/women/6.jpg"},"nat":"CH"}],"info":{"seed":"e18aa1e6c6f6f736","results":1,"page":1,"version":"1.4"}} 
 </msg>
<msg time="2024-06-06T09:16:53.307199" level="INFO">/opt/hostedtoolcache/Python/3.12.3/x64/lib/python3.12/site-packages/urllib3/connectionpool.py:1103: InsecureRequestWarning: Unverified HTTPS request is being made to host 'randomuser.me'. Adding certificate verification is strongly advised. See: https://urllib3.readthedocs.io/en/latest/advanced-usage.html#tls-warnings
  warnings.warn(</msg>
<msg time="2024-06-06T09:16:53.307332" level="INFO">${response} = &lt;Response [200]&gt;</msg>
<var>${response}</var>
<arg>consultarAPI</arg>
<arg>/api</arg>
<doc>Sends a GET request on a previously created HTTP Session.</doc>
<status status="PASS" start="2024-06-06T09:16:53.221888" elapsed="0.085500"/>
</kw>
<kw name="Set Variable" owner="BuiltIn">
<msg time="2024-06-06T09:16:53.308230" level="INFO">${json_data} = {'results': [{'gender': 'female', 'name': {'title': 'Mademoiselle', 'first': 'Aude', 'last': 'Menard'}, 'location': {'street': {'number': 3846, 'name': 'Rue du Dauphiné'}, 'city': 'Reverolle', 'state'...</msg>
<var>${json_data}</var>
<arg>${response.json()}</arg>
<doc>Returns the given values which can then be assigned to a variables.</doc>
<status status="PASS" start="2024-06-06T09:16:53.307760" elapsed="0.000501"/>
</kw>
<kw name="Log" owner="BuiltIn">
<msg time="2024-06-06T09:16:53.308737" level="INFO">{'results': [{'gender': 'female', 'name': {'title': 'Mademoiselle', 'first': 'Aude', 'last': 'Menard'}, 'location': {'street': {'number': 3846, 'name': 'Rue du Dauphiné'}, 'city': 'Reverolle', 'state': 'Neuchâtel', 'country': 'Switzerland', 'postcode': 2957, 'coordinates': {'latitude': '-63.4505', 'longitude': '77.1148'}, 'timezone': {'offset': '-5:00', 'description': 'Eastern Time (US &amp; Canada), Bogota, Lima'}}, 'email': 'aude.menard@example.com', 'login': {'uuid': '1ad46cb7-4af3-4dac-94f8-51b111397100', 'username': 'orangegoose211', 'password': 'waterfal', 'salt': 'P8oZOVuq', 'md5': '838bb0909dedd39022a9b0894e4fac2a', 'sha1': '32c682f60e7fc794b028641336cbe8ec26df184e', 'sha256': '6c39098ea1b6b611178ac4a585f1325e6e779c432754eacdc63356ac4bfedd09'}, 'dob': {'date': '1985-07-14T10:33:10.313Z', 'age': 38}, 'registered': {'date': '2004-08-02T06:16:23.500Z', 'age': 19}, 'phone': '077 400 06 48', 'cell': '079 993 63 36', 'id': {'name': 'AVS', 'value': '756.7600.6113.27'}, 'picture': {'large': 'https://randomuser.me/api/portraits/women/6.jpg', 'medium': 'https://randomuser.me/api/portraits/med/women/6.jpg', 'thumbnail': 'https://randomuser.me/api/portraits/thumb/women/6.jpg'}, 'nat': 'CH'}], 'info': {'seed': 'e18aa1e6c6f6f736', 'results': 1, 'page': 1, 'version': '1.4'}}</msg>
<arg>${json_data}</arg>
<doc>Logs the given message with the given level.</doc>
<status status="PASS" start="2024-06-06T09:16:53.308577" elapsed="0.000245"/>
</kw>
<kw name="Should Be Equal As Numbers" owner="BuiltIn">
<arg>${json_data['results'][0]['location']['postcode']}</arg>
<arg>${json_data['results'][0]['location']['postcode']}</arg>
<doc>Fails if objects are unequal after converting them to real numbers.</doc>
<status status="PASS" start="2024-06-06T09:16:53.309130" elapsed="0.000630"/>
</kw>
<kw name="Log" owner="BuiltIn">
<msg time="2024-06-06T09:16:53.310296" level="INFO">2957</msg>
<arg>${json_data['results'][0]['location']['postcode']}</arg>
<doc>Logs the given message with the given level.</doc>
<status status="PASS" start="2024-06-06T09:16:53.309958" elapsed="0.000380"/>
</kw>
<status status="PASS" start="2024-06-06T09:16:53.221668" elapsed="0.088926"/>
</kw>
<doc>Testa se os tipos de dados na resposta da API estão corretos.</doc>
<tag>testeTiposDados</tag>
<status status="PASS" start="2024-06-06T09:16:53.120777" elapsed="0.189981"/>
</test>
<test id="s1-s1-t5" name="Validar conteudo" line="35">
<kw name="Teste de Tipos de Conteudo" owner="random-user-service">
<kw name="GET On Session" owner="RequestsLibrary">
<msg time="2024-06-06T09:16:53.396617" level="INFO">GET Request : url=https://randomuser.me/api 
 path_url=/api 
 headers={'User-Agent': 'python-requests/2.32.3', 'Accept-Encoding': 'gzip, deflate', 'Accept': '*/*', 'Connection': 'keep-alive'} 
 body=None 
 </msg>
<msg time="2024-06-06T09:16:53.396702" level="INFO">GET Response : url=https://randomuser.me/api 
 status=200, reason=OK 
 headers={'Date': 'Thu, 06 Jun 2024 09:16:53 GMT', 'Content-Type': 'application/json; charset=utf-8', 'Transfer-Encoding': 'chunked', 'Connection': 'keep-alive', 'X-Powered-By': 'Express', 'Access-Control-Allow-Origin': '*', 'Cache-Control': 'no-cache', 'ETag': 'W/"49c-acMlPscqWKN/+TNm48CPZ3uYAI8"', 'Vary': 'Accept-Encoding', 'Content-Encoding': 'gzip', 'CF-Cache-Status': 'DYNAMIC', 'Report-To': '{"endpoints":[{"url":"https:\\/\\/a.nel.cloudflare.com\\/report\\/v4?s=g8HVlaULk0VgqoPN92lvl7MSGjNCBapuJfTbqsb%2B92YGzmb58%2FJmGGzaHTSh0ZMkFZEGZLjjsXwrWW%2BR%2BHpHON02AAfwwPQ07fdsO4ziN0uGFpsNqhbRRJhTgpXMjZUS"}],"group":"cf-nel","max_age":604800}', 'NEL': '{"success_fraction":0,"report_to":"cf-nel","max_age":604800}', 'Server': 'cloudflare', 'CF-RAY': '88f74e61382962c3-ORD', 'alt-svc': 'h3=":443"; ma=86400'} 
 body={"results":[{"gender":"female","name":{"title":"Mrs","first":"Amber","last":"Martin"},"location":{"street":{"number":380,"name":"Te Irirangi Drive"},"city":"Christchurch","state":"Taranaki","country":"New Zealand","postcode":56938,"coordinates":{"latitude":"50.3312","longitude":"167.9039"},"timezone":{"offset":"-5:00","description":"Eastern Time (US &amp; Canada), Bogota, Lima"}},"email":"amber.martin@example.com","login":{"uuid":"17630d1b-8ab7-4085-a669-47a37857b662","username":"purplefish540","password":"hardone","salt":"QRCdIvAz","md5":"8ce2fba6d23fef5cc6b0938b5e5a5de7","sha1":"a166a7d79189620deff05c9e764b217316e7a9ed","sha256":"07284a0ada65dde4248981286d9b075ae1e3c50b5ebeb194d194e2d53145c19e"},"dob":{"date":"1982-05-13T08:49:05.485Z","age":42},"registered":{"date":"2006-11-09T08:01:23.656Z","age":17},"phone":"(534)-733-1633","cell":"(478)-379-4474","id":{"name":"","value":null},"picture":{"large":"https://randomuser.me/api/portraits/women/44.jpg","medium":"https://randomuser.me/api/portraits/med/women/44.jpg","thumbnail":"https://randomuser.me/api/portraits/thumb/women/44.jpg"},"nat":"NZ"}],"info":{"seed":"cd061617a2e02592","results":1,"page":1,"version":"1.4"}} 
 </msg>
<msg time="2024-06-06T09:16:53.396776" level="INFO">/opt/hostedtoolcache/Python/3.12.3/x64/lib/python3.12/site-packages/urllib3/connectionpool.py:1103: InsecureRequestWarning: Unverified HTTPS request is being made to host 'randomuser.me'. Adding certificate verification is strongly advised. See: https://urllib3.readthedocs.io/en/latest/advanced-usage.html#tls-warnings
  warnings.warn(</msg>
<msg time="2024-06-06T09:16:53.396898" level="INFO">${response} = &lt;Response [200]&gt;</msg>
<var>${response}</var>
<arg>consultarAPI</arg>
<arg>/api</arg>
<doc>Sends a GET request on a previously created HTTP Session.</doc>
<status status="PASS" start="2024-06-06T09:16:53.314020" elapsed="0.082921"/>
</kw>
<kw name="Set Variable" owner="BuiltIn">
<msg time="2024-06-06T09:16:53.397903" level="INFO">${json_data} = {'results': [{'gender': 'female', 'name': {'title': 'Mrs', 'first': 'Amber', 'last': 'Martin'}, 'location': {'street': {'number': 380, 'name': 'Te Irirangi Drive'}, 'city': 'Christchurch', 'state': 'T...</msg>
<var>${json_data}</var>
<arg>${response.json()}</arg>
<doc>Returns the given values which can then be assigned to a variables.</doc>
<status status="PASS" start="2024-06-06T09:16:53.397452" elapsed="0.000480"/>
</kw>
<kw name="Set Variable" owner="BuiltIn">
<msg time="2024-06-06T09:16:53.398627" level="INFO">${name_title} = Mrs</msg>
<var>${name_title}</var>
<arg>${json_data["results"][0]["name"]["title"]}</arg>
<doc>Returns the given values which can then be assigned to a variables.</doc>
<status status="PASS" start="2024-06-06T09:16:53.398240" elapsed="0.000412"/>
</kw>
<kw name="Create List" owner="BuiltIn">
<msg time="2024-06-06T09:16:53.399107" level="INFO">${allowed_titles} = ['Mr', 'Ms', 'Miss', 'Mrs', 'Madame', 'Monsieur']</msg>
<var>${allowed_titles}</var>
<arg>Mr</arg>
<arg>Ms</arg>
<arg>Miss</arg>
<arg>Mrs</arg>
<arg>Madame</arg>
<arg>Monsieur</arg>
<doc>Returns a list containing given items.</doc>
<status status="PASS" start="2024-06-06T09:16:53.398956" elapsed="0.000176"/>
</kw>
<kw name="List Should Contain Value" owner="Collections">
<msg time="2024-06-06T09:16:53.399655" level="INFO">False</msg>
<arg>${allowed_titles}</arg>
<arg>${name_title}</arg>
<doc>Fails if the ``value`` is not found from ``list``.</doc>
<status status="PASS" start="2024-06-06T09:16:53.399471" elapsed="0.000220"/>
</kw>
<kw name="Set Variable" owner="BuiltIn">
<msg time="2024-06-06T09:16:53.400502" level="INFO">${name_country} = NZ</msg>
<var>${name_country}</var>
<arg>${json_data["results"][0]["nat"]}</arg>
<doc>Returns the given values which can then be assigned to a variables.</doc>
<status status="PASS" start="2024-06-06T09:16:53.399990" elapsed="0.000538"/>
</kw>
<kw name="Create List" owner="BuiltIn">
<msg time="2024-06-06T09:16:53.401438" level="INFO">${list_country} = ['AD', 'AE', 'AF', 'AG', 'AI', 'AL', 'AM', 'AO', 'AQ', 'AR', 'AS', 'AT', 'AU', 'AW', 'AX', 'AZ', 'BA', 'BB', 'BD', 'BE', 'BF', 'BG', 'BH', 'BI', 'BJ', 'BL', 'BM', 'BN', 'BO', 'BQ', 'BR', 'BS', 'BT', '...</msg>
<var>${list_country}</var>
<arg>AD</arg>
<arg>AE</arg>
<arg>AF</arg>
<arg>AG</arg>
<arg>AI</arg>
<arg>AL</arg>
<arg>AM</arg>
<arg>AO</arg>
<arg>AQ</arg>
<arg>AR</arg>
<arg>AS</arg>
<arg>AT</arg>
<arg>AU</arg>
<arg>AW</arg>
<arg>AX</arg>
<arg>AZ</arg>
<arg>BA</arg>
<arg>BB</arg>
<arg>BD</arg>
<arg>BE</arg>
<arg>BF</arg>
<arg>BG</arg>
<arg>BH</arg>
<arg>BI</arg>
<arg>BJ</arg>
<arg>BL</arg>
<arg>BM</arg>
<arg>BN</arg>
<arg>BO</arg>
<arg>BQ</arg>
<arg>BR</arg>
<arg>BS</arg>
<arg>BT</arg>
<arg>BV</arg>
<arg>BW</arg>
<arg>BY</arg>
<arg>BZ</arg>
<arg>CA</arg>
<arg>CC</arg>
<arg>CD</arg>
<arg>CF</arg>
<arg>CG</arg>
<arg>CH</arg>
<arg>CI</arg>
<arg>CK</arg>
<arg>CL</arg>
<arg>CM</arg>
<arg>CN</arg>
<arg>CO</arg>
<arg>CR</arg>
<arg>CU</arg>
<arg>CV</arg>
<arg>CW</arg>
<arg>CX</arg>
<arg>CY</arg>
<arg>CZ</arg>
<arg>DE</arg>
<arg>DJ</arg>
<arg>DK</arg>
<arg>DM</arg>
<arg>DO</arg>
<arg>DZ</arg>
<arg>EC</arg>
<arg>EE</arg>
<arg>EG</arg>
<arg>EH</arg>
<arg>ER</arg>
<arg>ES</arg>
<arg>ET</arg>
<arg>FI</arg>
<arg>FJ</arg>
<arg>FK</arg>
<arg>FM</arg>
<arg>FO</arg>
<arg>FR</arg>
<arg>GA</arg>
<arg>GB</arg>
<arg>GD</arg>
<arg>GE</arg>
<arg>GF</arg>
<arg>GG</arg>
<arg>GH</arg>
<arg>GI</arg>
<arg>GL</arg>
<arg>GM</arg>
<arg>GN</arg>
<arg>GP</arg>
<arg>GQ</arg>
<arg>GR</arg>
<arg>GS</arg>
<arg>GT</arg>
<arg>GU</arg>
<arg>GW</arg>
<arg>GY</arg>
<arg>HK</arg>
<arg>HM</arg>
<arg>HN</arg>
<arg>HR</arg>
<arg>HT</arg>
<arg>HU</arg>
<arg>ID</arg>
<arg>IE</arg>
<arg>IL</arg>
<arg>IM</arg>
<arg>IN</arg>
<arg>IO</arg>
<arg>IQ</arg>
<arg>IR</arg>
<arg>IS</arg>
<arg>IT</arg>
<arg>JE</arg>
<arg>JM</arg>
<arg>JO</arg>
<arg>JP</arg>
<arg>KE</arg>
<arg>KG</arg>
<arg>KH</arg>
<arg>KI</arg>
<arg>KM</arg>
<arg>KN</arg>
<arg>KP</arg>
<arg>KR</arg>
<arg>KW</arg>
<arg>KY</arg>
<arg>KZ</arg>
<arg>LA</arg>
<arg>LB</arg>
<arg>LC</arg>
<arg>LI</arg>
<arg>LK</arg>
<arg>LR</arg>
<arg>LS</arg>
<arg>LT</arg>
<arg>LU</arg>
<arg>LV</arg>
<arg>LY</arg>
<arg>MA</arg>
<arg>MC</arg>
<arg>MD</arg>
<arg>ME</arg>
<arg>MF</arg>
<arg>MG</arg>
<arg>MH</arg>
<arg>MK</arg>
<arg>ML</arg>
<arg>MM</arg>
<arg>MN</arg>
<arg>MO</arg>
<arg>MP</arg>
<arg>MQ</arg>
<arg>MR</arg>
<arg>MS</arg>
<arg>MT</arg>
<arg>MU</arg>
<arg>MV</arg>
<arg>MW</arg>
<arg>MX</arg>
<arg>MY</arg>
<arg>MZ</arg>
<arg>NA</arg>
<arg>NC</arg>
<arg>NE</arg>
<arg>NF</arg>
<arg>NG</arg>
<arg>NI</arg>
<arg>NL</arg>
<arg>NO</arg>
<arg>NP</arg>
<arg>NR</arg>
<arg>NU</arg>
<arg>NZ</arg>
<arg>OM</arg>
<arg>PA</arg>
<arg>PE</arg>
<arg>PF</arg>
<arg>PG</arg>
<arg>PH</arg>
<arg>PK</arg>
<arg>PL</arg>
<arg>PM</arg>
<arg>PN</arg>
<arg>PR</arg>
<arg>PS</arg>
<arg>PT</arg>
<arg>PW</arg>
<arg>PY</arg>
<arg>QA</arg>
<arg>RE</arg>
<arg>RO</arg>
<arg>RS</arg>
<arg>RU</arg>
<arg>RW</arg>
<arg>SA</arg>
<arg>SB</arg>
<arg>SC</arg>
<arg>SD</arg>
<arg>SE</arg>
<arg>SG</arg>
<arg>SH</arg>
<arg>SI</arg>
<arg>SJ</arg>
<arg>SK</arg>
<arg>SL</arg>
<arg>SM</arg>
<arg>SN</arg>
<arg>SO</arg>
<arg>SR</arg>
<arg>SS</arg>
<arg>ST</arg>
<arg>SV</arg>
<arg>SX</arg>
<arg>SY</arg>
<arg>SZ</arg>
<arg>TC</arg>
<arg>TD</arg>
<arg>TF</arg>
<arg>TG</arg>
<arg>TH</arg>
<arg>TJ</arg>
<arg>TK</arg>
<arg>TL</arg>
<arg>TM</arg>
<arg>TN</arg>
<arg>TO</arg>
<arg>TR</arg>
<arg>TT</arg>
<arg>TV</arg>
<arg>TW</arg>
<arg>TZ</arg>
<arg>UA</arg>
<arg>UG</arg>
<arg>UM</arg>
<arg>US</arg>
<arg>UY</arg>
<arg>UZ</arg>
<arg>VA</arg>
<arg>VC</arg>
<arg>VE</arg>
<arg>VG</arg>
<arg>VI</arg>
<arg>VN</arg>
<arg>VU</arg>
<arg>WF</arg>
<arg>WS</arg>
<arg>XK</arg>
<arg>YE</arg>
<arg>YT</arg>
<arg>ZA</arg>
<arg>ZM</arg>
<arg>ZW</arg>
<doc>Returns a list containing given items.</doc>
<status status="PASS" start="2024-06-06T09:16:53.400842" elapsed="0.000622"/>
</kw>
<kw name="List Should Contain Value" owner="Collections">
<msg time="2024-06-06T09:16:53.402458" level="INFO">False</msg>
<arg>${list_country}</arg>
<arg>${name_country}</arg>
<doc>Fails if the ``value`` is not found from ``list``.</doc>
<status status="PASS" start="2024-06-06T09:16:53.402252" elapsed="0.000242"/>
</kw>
<kw name="Run Keyword If" owner="BuiltIn">
<kw name="Should Be True" owner="BuiltIn">
<arg>${True}</arg>
<doc>Fails if the given condition is not true.</doc>
<status status="PASS" start="2024-06-06T09:16:53.403575" elapsed="0.000145"/>
</kw>
<arg>${json_data["results"][0]["location"]["coordinates"]["latitude"]} &gt;= -90 and ${json_data["results"][0]["location"]["coordinates"]["latitude"]} &lt;= 90</arg>
<arg>Should Be True</arg>
<arg>${True}</arg>
<doc>Runs the given keyword with the given arguments, if ``condition`` is true.</doc>
<status status="PASS" start="2024-06-06T09:16:53.402807" elapsed="0.001042"/>
</kw>
<kw name="Run Keyword If" owner="BuiltIn">
<kw name="Should Be True" owner="BuiltIn">
<arg>${True}</arg>
<doc>Fails if the given condition is not true.</doc>
<status status="PASS" start="2024-06-06T09:16:53.404735" elapsed="0.000139"/>
</kw>
<arg>${json_data["results"][0]["location"]["coordinates"]["longitude"]} &gt;= -180 and ${json_data["results"][0]["location"]["coordinates"]["longitude"]} &lt;= 180</arg>
<arg>Should Be True</arg>
<arg>${True}</arg>
<doc>Runs the given keyword with the given arguments, if ``condition`` is true.</doc>
<status status="PASS" start="2024-06-06T09:16:53.404042" elapsed="0.000956"/>
</kw>
<status status="PASS" start="2024-06-06T09:16:53.313655" elapsed="0.091469"/>
</kw>
<doc>Testa o conteúdo específico dos campos retornados pela API.</doc>
<tag>testeConteudo</tag>
<status status="PASS" start="2024-06-06T09:16:53.312983" elapsed="0.092283"/>
</test>
<status status="PASS" start="2024-06-06T09:16:52.467999" elapsed="0.939179"/>
</suite>
<status status="PASS" start="2024-06-06T09:16:52.453996" elapsed="0.958740"/>
</suite>
<statistics>
<total>
<stat pass="5" fail="0" skip="0">All Tests</stat>
</total>
<tag>
<stat pass="1" fail="0" skip="0">testeConteudo</stat>
<stat pass="1" fail="0" skip="0">testeEstruturaResposta</stat>
<stat pass="1" fail="0" skip="0">testeRequisicaoBasica</stat>
<stat pass="1" fail="0" skip="0">testeTiposDados</stat>
</tag>
<suite>
<stat pass="5" fail="0" skip="0" id="s1" name="Tests">Tests</stat>
<stat pass="5" fail="0" skip="0" id="s1-s1" name="Random-User-Test">Tests.Random-User-Test</stat>
</suite>
</statistics>
<errors>
</errors>
</robot>
