<?xml version="1.0" encoding="UTF-8"?>
<robot generator="Robot 7.0 (Python 3.12.3 on linux)" generated="2024-04-21T14:12:21.592618" rpa="false" schemaversion="5">
<suite id="s1" name="Tests" source="/home/runner/work/DesafioQAItauRogerioJordao/DesafioQAItauRogerioJordao/RamdonUser/tests">
<suite id="s1-s1" name="Random-User-Test" source="/home/runner/work/DesafioQAItauRogerioJordao/DesafioQAItauRogerioJordao/RamdonUser/tests/random-user-test.robot">
<test id="s1-s1-t1" name="Conectar" line="13">
<kw name="Conectar API" owner="random-user-service">
<kw name="Create Session" owner="RequestsLibrary">
<msg time="2024-04-21T14:12:21.968103" level="INFO">Creating Session using : alias=consultarAPI, url=https://randomuser.me/, headers={},                     cookies={}, auth=None, timeout=None, proxies=None, verify=False,                     debug=0 </msg>
<arg>consultarAPI</arg>
<arg>${URL}</arg>
<doc>Create Session: create a HTTP session to a server</doc>
<status status="PASS" start="2024-04-21T14:12:21.967898" elapsed="0.000398"/>
</kw>
<status status="PASS" start="2024-04-21T14:12:21.966893" elapsed="0.001781"/>
</kw>
<status status="PASS" start="2024-04-21T14:12:21.966162" elapsed="0.002706"/>
</test>
<test id="s1-s1-t2" name="Validar retorno 200 e JSON Válido" line="16">
<kw name="Teste de Requisicao Basica" owner="random-user-service">
<kw name="GET On Session" owner="RequestsLibrary">
<msg time="2024-04-21T14:12:22.258039" level="INFO">GET Request : url=https://randomuser.me/api 
 path_url=/api 
 headers={'User-Agent': 'python-requests/2.31.0', 'Accept-Encoding': 'gzip, deflate', 'Accept': '*/*', 'Connection': 'keep-alive'} 
 body=None 
 </msg>
<msg time="2024-04-21T14:12:22.258222" level="INFO">GET Response : url=https://randomuser.me/api 
 status=200, reason=OK 
 headers={'Date': 'Sun, 21 Apr 2024 14:12:22 GMT', 'Content-Type': 'application/json; charset=utf-8', 'Transfer-Encoding': 'chunked', 'Connection': 'keep-alive', 'X-Powered-By': 'Express', 'Access-Control-Allow-Origin': '*', 'Cache-Control': 'no-cache', 'ETag': 'W/"491-Z9iByR0M1JZp2t2z1Ri9LWwtuxw"', 'Vary': 'Accept-Encoding', 'Content-Encoding': 'gzip', 'CF-Cache-Status': 'DYNAMIC', 'Report-To': '{"endpoints":[{"url":"https:\\/\\/a.nel.cloudflare.com\\/report\\/v4?s=j4ZRQuG4sf5Xfa6At5dSvmlJCtKOtS1PmbWT4b%2F1J3P%2Fv22y%2B%2FqJJYgOTEggn7Y4Xi1h029JfvenMOyT8MErHZ%2FIBOdIJrxKRJYrYgIkwRk3viJXZFHrIoQs3%2BGDxu18"}],"group":"cf-nel","max_age":604800}', 'NEL': '{"success_fraction":0,"report_to":"cf-nel","max_age":604800}', 'Server': 'cloudflare', 'CF-RAY': '877df7f67c802b4d-LAX', 'alt-svc': 'h3=":443"; ma=86400'} 
 body={"results":[{"gender":"male","name":{"title":"Mr","first":"Gorimisl","last":"Usenko"},"location":{"street":{"number":7596,"name":"Artileriyskiy provulok"},"city":"Siversk","state":"Odeska","country":"Ukraine","postcode":99775,"coordinates":{"latitude":"76.6607","longitude":"-21.3369"},"timezone":{"offset":"-4:00","description":"Atlantic Time (Canada), Caracas, La Paz"}},"email":"gorimisl.usenko@example.com","login":{"uuid":"4d4c0c9f-e18e-483b-8876-bbd7b17d9a0d","username":"lazykoala743","password":"macleod","salt":"5eH7FpRW","md5":"f4689041e164a6025aa90ac8aed64f89","sha1":"82061323c71cfc84c551245c4b2473cbb6fb546a","sha256":"76c180551e8740c2b0cba36ac5bf5be6f019c28dd232f2bd636d8b8ad962dcf7"},"dob":{"date":"1984-10-16T11:35:39.042Z","age":39},"registered":{"date":"2018-12-05T15:13:58.209Z","age":5},"phone":"(098) C48-6608","cell":"(066) M88-6434","id":{"name":"","value":null},"picture":{"large":"https://randomuser.me/api/portraits/men/46.jpg","medium":"https://randomuser.me/api/portraits/med/men/46.jpg","thumbnail":"https://randomuser.me/api/portraits/thumb/men/46.jpg"},"nat":"UA"}],"info":{"seed":"5d1abcecc77c4586","results":1,"page":1,"version":"1.4"}} 
 </msg>
<msg time="2024-04-21T14:12:22.258304" level="INFO">/opt/hostedtoolcache/Python/3.12.3/x64/lib/python3.12/site-packages/urllib3/connectionpool.py:1103: InsecureRequestWarning: Unverified HTTPS request is being made to host 'randomuser.me'. Adding certificate verification is strongly advised. See: https://urllib3.readthedocs.io/en/latest/advanced-usage.html#tls-warnings
  warnings.warn(</msg>
<msg time="2024-04-21T14:12:22.258454" level="INFO">${response} = &lt;Response [200]&gt;</msg>
<var>${response}</var>
<arg>consultarAPI</arg>
<arg>/api</arg>
<doc>Sends a GET request on a previously created HTTP Session.</doc>
<status status="PASS" start="2024-04-21T14:12:21.971613" elapsed="0.286883"/>
</kw>
<kw name="Should Be Equal As Numbers" owner="BuiltIn">
<msg time="2024-04-21T14:12:22.259496" level="INFO">Argument types are:
&lt;class 'int'&gt;
&lt;class 'str'&gt;</msg>
<arg>${response.status_code}</arg>
<arg>200</arg>
<doc>Fails if objects are unequal after converting them to real numbers.</doc>
<status status="PASS" start="2024-04-21T14:12:22.259042" elapsed="0.000520"/>
</kw>
<kw name="Log" owner="BuiltIn">
<msg time="2024-04-21T14:12:22.260258" level="INFO">200</msg>
<arg>${response.status_code}</arg>
<doc>Logs the given message with the given level.</doc>
<status status="PASS" start="2024-04-21T14:12:22.259907" elapsed="0.000392"/>
</kw>
<kw name="Set Variable" owner="BuiltIn">
<msg time="2024-04-21T14:12:22.261032" level="INFO">${json_data} = {'results': [{'gender': 'male', 'name': {'title': 'Mr', 'first': 'Gorimisl', 'last': 'Usenko'}, 'location': {'street': {'number': 7596, 'name': 'Artileriyskiy provulok'}, 'city': 'Siversk', 'state': '...</msg>
<var>${json_data}</var>
<arg>${response.json()}</arg>
<doc>Returns the given values which can then be assigned to a variables.</doc>
<status status="PASS" start="2024-04-21T14:12:22.260602" elapsed="0.000457"/>
</kw>
<kw name="Dictionary Should Contain Key" owner="Collections">
<msg time="2024-04-21T14:12:22.261532" level="INFO">False</msg>
<arg>${json_data}</arg>
<arg>results</arg>
<doc>Fails if ``key`` is not found from ``dictionary``.</doc>
<status status="PASS" start="2024-04-21T14:12:22.261358" elapsed="0.000214"/>
</kw>
<status status="PASS" start="2024-04-21T14:12:21.971368" elapsed="0.290461"/>
</kw>
<doc>Testa se a API responde corretamente e retorna um objeto JSON válido.</doc>
<tag>testeRequisicaoBasica</tag>
<status status="PASS" start="2024-04-21T14:12:21.970820" elapsed="0.291191"/>
</test>
<test id="s1-s1-t3" name="Validar estrutura de resposta" line="22">
<kw name="Teste de Estrutura de Resposta" owner="random-user-service">
<kw name="GET On Session" owner="RequestsLibrary">
<msg time="2024-04-21T14:12:22.367694" level="INFO">GET Request : url=https://randomuser.me/api 
 path_url=/api 
 headers={'User-Agent': 'python-requests/2.31.0', 'Accept-Encoding': 'gzip, deflate', 'Accept': '*/*', 'Connection': 'keep-alive'} 
 body=None 
 </msg>
<msg time="2024-04-21T14:12:22.367812" level="INFO">GET Response : url=https://randomuser.me/api 
 status=200, reason=OK 
 headers={'Date': 'Sun, 21 Apr 2024 14:12:22 GMT', 'Content-Type': 'application/json; charset=utf-8', 'Transfer-Encoding': 'chunked', 'Connection': 'keep-alive', 'X-Powered-By': 'Express', 'Access-Control-Allow-Origin': '*', 'Cache-Control': 'no-cache', 'ETag': 'W/"49e-ImGncZSjJRG2y0f9+b8goq93/u0"', 'Vary': 'Accept-Encoding', 'Content-Encoding': 'gzip', 'CF-Cache-Status': 'DYNAMIC', 'Report-To': '{"endpoints":[{"url":"https:\\/\\/a.nel.cloudflare.com\\/report\\/v4?s=jWu%2Fd%2BbDi%2BTHCModQ5s8Nk8uGEbaLVc1OtC5U5ccQUelGEErfRv1u7Rrsq08Qlk0o3TSfHMqPyQFIWNKyzFGYWIdBW8XfiSFkp5svBiGIpxxBRKNJwY1VD3Sq2ZwWa5a"}],"group":"cf-nel","max_age":604800}', 'NEL': '{"success_fraction":0,"report_to":"cf-nel","max_age":604800}', 'Server': 'cloudflare', 'CF-RAY': '877df7f72d122b4d-LAX', 'alt-svc': 'h3=":443"; ma=86400'} 
 body={"results":[{"gender":"male","name":{"title":"Mr","first":"Cedrico","last":"da Conceição"},"location":{"street":{"number":8746,"name":"Rua Santa Rita "},"city":"Sertãozinho","state":"Alagoas","country":"Brazil","postcode":70871,"coordinates":{"latitude":"-74.3545","longitude":"-109.7452"},"timezone":{"offset":"+6:00","description":"Almaty, Dhaka, Colombo"}},"email":"cedrico.daconceicao@example.com","login":{"uuid":"33cdac1a-f54c-44ca-96d2-593ddfd12d76","username":"ticklishdog416","password":"hardcore","salt":"8xtXrVOK","md5":"14c1873d335eff7165b051b8b0bf46de","sha1":"a7b95c9e301c1f32be2fc9ed56bb142d2dc1bb1c","sha256":"75ff7931935960c91685cd0e2b67ed04beb3276fe741bd430f39b9cd46783f9e"},"dob":{"date":"1977-09-21T19:23:39.333Z","age":46},"registered":{"date":"2006-04-02T14:42:36.144Z","age":18},"phone":"(89) 8018-4331","cell":"(95) 3160-9752","id":{"name":"CPF","value":"028.656.038-33"},"picture":{"large":"https://randomuser.me/api/portraits/men/84.jpg","medium":"https://randomuser.me/api/portraits/med/men/84.jpg","thumbnail":"https://randomuser.me/api/portraits/thumb/men/84.jpg"},"nat":"BR"}],"info":{"seed":"a2193958da3240c2","results":1,"page":1,"version":"1.4"}} 
 </msg>
<msg time="2024-04-21T14:12:22.367967" level="INFO">/opt/hostedtoolcache/Python/3.12.3/x64/lib/python3.12/site-packages/urllib3/connectionpool.py:1103: InsecureRequestWarning: Unverified HTTPS request is being made to host 'randomuser.me'. Adding certificate verification is strongly advised. See: https://urllib3.readthedocs.io/en/latest/advanced-usage.html#tls-warnings
  warnings.warn(</msg>
<msg time="2024-04-21T14:12:22.368114" level="INFO">${response} = &lt;Response [200]&gt;</msg>
<var>${response}</var>
<arg>consultarAPI</arg>
<arg>/api</arg>
<doc>Sends a GET request on a previously created HTTP Session.</doc>
<status status="PASS" start="2024-04-21T14:12:22.264695" elapsed="0.103457"/>
</kw>
<kw name="Set Variable" owner="BuiltIn">
<msg time="2024-04-21T14:12:22.369235" level="INFO">${json_data} = {'results': [{'gender': 'male', 'name': {'title': 'Mr', 'first': 'Cedrico', 'last': 'da Conceição'}, 'location': {'street': {'number': 8746, 'name': 'Rua Santa Rita '}, 'city': 'Sertãozinho', 'state':...</msg>
<var>${json_data}</var>
<arg>${response.json()}</arg>
<doc>Returns the given values which can then be assigned to a variables.</doc>
<status status="PASS" start="2024-04-21T14:12:22.368701" elapsed="0.000563"/>
</kw>
<kw name="Log" owner="BuiltIn">
<msg time="2024-04-21T14:12:22.369740" level="INFO">{'results': [{'gender': 'male', 'name': {'title': 'Mr', 'first': 'Cedrico', 'last': 'da Conceição'}, 'location': {'street': {'number': 8746, 'name': 'Rua Santa Rita '}, 'city': 'Sertãozinho', 'state': 'Alagoas', 'country': 'Brazil', 'postcode': 70871, 'coordinates': {'latitude': '-74.3545', 'longitude': '-109.7452'}, 'timezone': {'offset': '+6:00', 'description': 'Almaty, Dhaka, Colombo'}}, 'email': 'cedrico.daconceicao@example.com', 'login': {'uuid': '33cdac1a-f54c-44ca-96d2-593ddfd12d76', 'username': 'ticklishdog416', 'password': 'hardcore', 'salt': '8xtXrVOK', 'md5': '14c1873d335eff7165b051b8b0bf46de', 'sha1': 'a7b95c9e301c1f32be2fc9ed56bb142d2dc1bb1c', 'sha256': '75ff7931935960c91685cd0e2b67ed04beb3276fe741bd430f39b9cd46783f9e'}, 'dob': {'date': '1977-09-21T19:23:39.333Z', 'age': 46}, 'registered': {'date': '2006-04-02T14:42:36.144Z', 'age': 18}, 'phone': '(89) 8018-4331', 'cell': '(95) 3160-9752', 'id': {'name': 'CPF', 'value': '028.656.038-33'}, 'picture': {'large': 'https://randomuser.me/api/portraits/men/84.jpg', 'medium': 'https://randomuser.me/api/portraits/med/men/84.jpg', 'thumbnail': 'https://randomuser.me/api/portraits/thumb/men/84.jpg'}, 'nat': 'BR'}], 'info': {'seed': 'a2193958da3240c2', 'results': 1, 'page': 1, 'version': '1.4'}}</msg>
<arg>${json_data}</arg>
<doc>Logs the given message with the given level.</doc>
<status status="PASS" start="2024-04-21T14:12:22.369575" elapsed="0.000214"/>
</kw>
<kw name="Dictionary Should Contain Key" owner="Collections">
<msg time="2024-04-21T14:12:22.370296" level="INFO">False</msg>
<arg>${json_data}</arg>
<arg>results</arg>
<doc>Fails if ``key`` is not found from ``dictionary``.</doc>
<status status="PASS" start="2024-04-21T14:12:22.370083" elapsed="0.000250"/>
</kw>
<kw name="Should Not Be Empty" owner="BuiltIn">
<msg time="2024-04-21T14:12:22.370764" level="INFO">Length is 2.</msg>
<arg>${json_data}</arg>
<doc>Verifies that the given item is not empty.</doc>
<status status="PASS" start="2024-04-21T14:12:22.370628" elapsed="0.000334"/>
</kw>
<kw name="Create List" owner="BuiltIn">
<msg time="2024-04-21T14:12:22.371412" level="INFO">${expected_keys} = ['gender', 'name', 'location', 'email', 'login']</msg>
<var>${expected_keys}</var>
<arg>gender</arg>
<arg>name</arg>
<arg>location</arg>
<arg>email</arg>
<arg>login</arg>
<doc>Returns a list containing given items.</doc>
<status status="PASS" start="2024-04-21T14:12:22.371257" elapsed="0.000180"/>
</kw>
<for flavor="IN">
<iter>
<kw name="Dictionary Should Contain Key" owner="Collections">
<msg time="2024-04-21T14:12:22.372410" level="INFO">False</msg>
<arg>${json_data['results'][0]}</arg>
<arg>${key}</arg>
<doc>Fails if ``key`` is not found from ``dictionary``.</doc>
<status status="PASS" start="2024-04-21T14:12:22.372013" elapsed="0.000434"/>
</kw>
<kw name="Log" owner="BuiltIn">
<msg time="2024-04-21T14:12:22.373139" level="INFO">{'gender': 'male', 'name': {'title': 'Mr', 'first': 'Cedrico', 'last': 'da Conceição'}, 'location': {'street': {'number': 8746, 'name': 'Rua Santa Rita '}, 'city': 'Sertãozinho', 'state': 'Alagoas', 'country': 'Brazil', 'postcode': 70871, 'coordinates': {'latitude': '-74.3545', 'longitude': '-109.7452'}, 'timezone': {'offset': '+6:00', 'description': 'Almaty, Dhaka, Colombo'}}, 'email': 'cedrico.daconceicao@example.com', 'login': {'uuid': '33cdac1a-f54c-44ca-96d2-593ddfd12d76', 'username': 'ticklishdog416', 'password': 'hardcore', 'salt': '8xtXrVOK', 'md5': '14c1873d335eff7165b051b8b0bf46de', 'sha1': 'a7b95c9e301c1f32be2fc9ed56bb142d2dc1bb1c', 'sha256': '75ff7931935960c91685cd0e2b67ed04beb3276fe741bd430f39b9cd46783f9e'}, 'dob': {'date': '1977-09-21T19:23:39.333Z', 'age': 46}, 'registered': {'date': '2006-04-02T14:42:36.144Z', 'age': 18}, 'phone': '(89) 8018-4331', 'cell': '(95) 3160-9752', 'id': {'name': 'CPF', 'value': '028.656.038-33'}, 'picture': {'large': 'https://randomuser.me/api/portraits/men/84.jpg', 'medium': 'https://randomuser.me/api/portraits/med/men/84.jpg', 'thumbnail': 'https://randomuser.me/api/portraits/thumb/men/84.jpg'}, 'nat': 'BR'}</msg>
<arg>${json_data['results'][0]}</arg>
<doc>Logs the given message with the given level.</doc>
<status status="PASS" start="2024-04-21T14:12:22.372764" elapsed="0.000424"/>
</kw>
<kw name="Log" owner="BuiltIn">
<msg time="2024-04-21T14:12:22.373609" level="INFO">gender</msg>
<arg>${key}</arg>
<doc>Logs the given message with the given level.</doc>
<status status="PASS" start="2024-04-21T14:12:22.373482" elapsed="0.000163"/>
</kw>
<var name="${key}">gender</var>
<status status="PASS" start="2024-04-21T14:12:22.371890" elapsed="0.001966"/>
</iter>
<iter>
<kw name="Dictionary Should Contain Key" owner="Collections">
<msg time="2024-04-21T14:12:22.374573" level="INFO">False</msg>
<arg>${json_data['results'][0]}</arg>
<arg>${key}</arg>
<doc>Fails if ``key`` is not found from ``dictionary``.</doc>
<status status="PASS" start="2024-04-21T14:12:22.374188" elapsed="0.000420"/>
</kw>
<kw name="Log" owner="BuiltIn">
<msg time="2024-04-21T14:12:22.375295" level="INFO">{'gender': 'male', 'name': {'title': 'Mr', 'first': 'Cedrico', 'last': 'da Conceição'}, 'location': {'street': {'number': 8746, 'name': 'Rua Santa Rita '}, 'city': 'Sertãozinho', 'state': 'Alagoas', 'country': 'Brazil', 'postcode': 70871, 'coordinates': {'latitude': '-74.3545', 'longitude': '-109.7452'}, 'timezone': {'offset': '+6:00', 'description': 'Almaty, Dhaka, Colombo'}}, 'email': 'cedrico.daconceicao@example.com', 'login': {'uuid': '33cdac1a-f54c-44ca-96d2-593ddfd12d76', 'username': 'ticklishdog416', 'password': 'hardcore', 'salt': '8xtXrVOK', 'md5': '14c1873d335eff7165b051b8b0bf46de', 'sha1': 'a7b95c9e301c1f32be2fc9ed56bb142d2dc1bb1c', 'sha256': '75ff7931935960c91685cd0e2b67ed04beb3276fe741bd430f39b9cd46783f9e'}, 'dob': {'date': '1977-09-21T19:23:39.333Z', 'age': 46}, 'registered': {'date': '2006-04-02T14:42:36.144Z', 'age': 18}, 'phone': '(89) 8018-4331', 'cell': '(95) 3160-9752', 'id': {'name': 'CPF', 'value': '028.656.038-33'}, 'picture': {'large': 'https://randomuser.me/api/portraits/men/84.jpg', 'medium': 'https://randomuser.me/api/portraits/med/men/84.jpg', 'thumbnail': 'https://randomuser.me/api/portraits/thumb/men/84.jpg'}, 'nat': 'BR'}</msg>
<arg>${json_data['results'][0]}</arg>
<doc>Logs the given message with the given level.</doc>
<status status="PASS" start="2024-04-21T14:12:22.374929" elapsed="0.000416"/>
</kw>
<kw name="Log" owner="BuiltIn">
<msg time="2024-04-21T14:12:22.375766" level="INFO">name</msg>
<arg>${key}</arg>
<doc>Logs the given message with the given level.</doc>
<status status="PASS" start="2024-04-21T14:12:22.375640" elapsed="0.000163"/>
</kw>
<var name="${key}">name</var>
<status status="PASS" start="2024-04-21T14:12:22.374045" elapsed="0.001970"/>
</iter>
<iter>
<kw name="Dictionary Should Contain Key" owner="Collections">
<msg time="2024-04-21T14:12:22.376687" level="INFO">False</msg>
<arg>${json_data['results'][0]}</arg>
<arg>${key}</arg>
<doc>Fails if ``key`` is not found from ``dictionary``.</doc>
<status status="PASS" start="2024-04-21T14:12:22.376302" elapsed="0.000421"/>
</kw>
<kw name="Log" owner="BuiltIn">
<msg time="2024-04-21T14:12:22.377391" level="INFO">{'gender': 'male', 'name': {'title': 'Mr', 'first': 'Cedrico', 'last': 'da Conceição'}, 'location': {'street': {'number': 8746, 'name': 'Rua Santa Rita '}, 'city': 'Sertãozinho', 'state': 'Alagoas', 'country': 'Brazil', 'postcode': 70871, 'coordinates': {'latitude': '-74.3545', 'longitude': '-109.7452'}, 'timezone': {'offset': '+6:00', 'description': 'Almaty, Dhaka, Colombo'}}, 'email': 'cedrico.daconceicao@example.com', 'login': {'uuid': '33cdac1a-f54c-44ca-96d2-593ddfd12d76', 'username': 'ticklishdog416', 'password': 'hardcore', 'salt': '8xtXrVOK', 'md5': '14c1873d335eff7165b051b8b0bf46de', 'sha1': 'a7b95c9e301c1f32be2fc9ed56bb142d2dc1bb1c', 'sha256': '75ff7931935960c91685cd0e2b67ed04beb3276fe741bd430f39b9cd46783f9e'}, 'dob': {'date': '1977-09-21T19:23:39.333Z', 'age': 46}, 'registered': {'date': '2006-04-02T14:42:36.144Z', 'age': 18}, 'phone': '(89) 8018-4331', 'cell': '(95) 3160-9752', 'id': {'name': 'CPF', 'value': '028.656.038-33'}, 'picture': {'large': 'https://randomuser.me/api/portraits/men/84.jpg', 'medium': 'https://randomuser.me/api/portraits/med/men/84.jpg', 'thumbnail': 'https://randomuser.me/api/portraits/thumb/men/84.jpg'}, 'nat': 'BR'}</msg>
<arg>${json_data['results'][0]}</arg>
<doc>Logs the given message with the given level.</doc>
<status status="PASS" start="2024-04-21T14:12:22.377020" elapsed="0.000420"/>
</kw>
<kw name="Log" owner="BuiltIn">
<msg time="2024-04-21T14:12:22.377858" level="INFO">location</msg>
<arg>${key}</arg>
<doc>Logs the given message with the given level.</doc>
<status status="PASS" start="2024-04-21T14:12:22.377732" elapsed="0.000164"/>
</kw>
<var name="${key}">location</var>
<status status="PASS" start="2024-04-21T14:12:22.376191" elapsed="0.001939"/>
</iter>
<iter>
<kw name="Dictionary Should Contain Key" owner="Collections">
<msg time="2024-04-21T14:12:22.378806" level="INFO">False</msg>
<arg>${json_data['results'][0]}</arg>
<arg>${key}</arg>
<doc>Fails if ``key`` is not found from ``dictionary``.</doc>
<status status="PASS" start="2024-04-21T14:12:22.378422" elapsed="0.000421"/>
</kw>
<kw name="Log" owner="BuiltIn">
<msg time="2024-04-21T14:12:22.379500" level="INFO">{'gender': 'male', 'name': {'title': 'Mr', 'first': 'Cedrico', 'last': 'da Conceição'}, 'location': {'street': {'number': 8746, 'name': 'Rua Santa Rita '}, 'city': 'Sertãozinho', 'state': 'Alagoas', 'country': 'Brazil', 'postcode': 70871, 'coordinates': {'latitude': '-74.3545', 'longitude': '-109.7452'}, 'timezone': {'offset': '+6:00', 'description': 'Almaty, Dhaka, Colombo'}}, 'email': 'cedrico.daconceicao@example.com', 'login': {'uuid': '33cdac1a-f54c-44ca-96d2-593ddfd12d76', 'username': 'ticklishdog416', 'password': 'hardcore', 'salt': '8xtXrVOK', 'md5': '14c1873d335eff7165b051b8b0bf46de', 'sha1': 'a7b95c9e301c1f32be2fc9ed56bb142d2dc1bb1c', 'sha256': '75ff7931935960c91685cd0e2b67ed04beb3276fe741bd430f39b9cd46783f9e'}, 'dob': {'date': '1977-09-21T19:23:39.333Z', 'age': 46}, 'registered': {'date': '2006-04-02T14:42:36.144Z', 'age': 18}, 'phone': '(89) 8018-4331', 'cell': '(95) 3160-9752', 'id': {'name': 'CPF', 'value': '028.656.038-33'}, 'picture': {'large': 'https://randomuser.me/api/portraits/men/84.jpg', 'medium': 'https://randomuser.me/api/portraits/med/men/84.jpg', 'thumbnail': 'https://randomuser.me/api/portraits/thumb/men/84.jpg'}, 'nat': 'BR'}</msg>
<arg>${json_data['results'][0]}</arg>
<doc>Logs the given message with the given level.</doc>
<status status="PASS" start="2024-04-21T14:12:22.379140" elapsed="0.000410"/>
</kw>
<kw name="Log" owner="BuiltIn">
<msg time="2024-04-21T14:12:22.379968" level="INFO">email</msg>
<arg>${key}</arg>
<doc>Logs the given message with the given level.</doc>
<status status="PASS" start="2024-04-21T14:12:22.379841" elapsed="0.000164"/>
</kw>
<var name="${key}">email</var>
<status status="PASS" start="2024-04-21T14:12:22.378312" elapsed="0.001907"/>
</iter>
<iter>
<kw name="Dictionary Should Contain Key" owner="Collections">
<msg time="2024-04-21T14:12:22.380882" level="INFO">False</msg>
<arg>${json_data['results'][0]}</arg>
<arg>${key}</arg>
<doc>Fails if ``key`` is not found from ``dictionary``.</doc>
<status status="PASS" start="2024-04-21T14:12:22.380497" elapsed="0.000422"/>
</kw>
<kw name="Log" owner="BuiltIn">
<msg time="2024-04-21T14:12:22.381576" level="INFO">{'gender': 'male', 'name': {'title': 'Mr', 'first': 'Cedrico', 'last': 'da Conceição'}, 'location': {'street': {'number': 8746, 'name': 'Rua Santa Rita '}, 'city': 'Sertãozinho', 'state': 'Alagoas', 'country': 'Brazil', 'postcode': 70871, 'coordinates': {'latitude': '-74.3545', 'longitude': '-109.7452'}, 'timezone': {'offset': '+6:00', 'description': 'Almaty, Dhaka, Colombo'}}, 'email': 'cedrico.daconceicao@example.com', 'login': {'uuid': '33cdac1a-f54c-44ca-96d2-593ddfd12d76', 'username': 'ticklishdog416', 'password': 'hardcore', 'salt': '8xtXrVOK', 'md5': '14c1873d335eff7165b051b8b0bf46de', 'sha1': 'a7b95c9e301c1f32be2fc9ed56bb142d2dc1bb1c', 'sha256': '75ff7931935960c91685cd0e2b67ed04beb3276fe741bd430f39b9cd46783f9e'}, 'dob': {'date': '1977-09-21T19:23:39.333Z', 'age': 46}, 'registered': {'date': '2006-04-02T14:42:36.144Z', 'age': 18}, 'phone': '(89) 8018-4331', 'cell': '(95) 3160-9752', 'id': {'name': 'CPF', 'value': '028.656.038-33'}, 'picture': {'large': 'https://randomuser.me/api/portraits/men/84.jpg', 'medium': 'https://randomuser.me/api/portraits/med/men/84.jpg', 'thumbnail': 'https://randomuser.me/api/portraits/thumb/men/84.jpg'}, 'nat': 'BR'}</msg>
<arg>${json_data['results'][0]}</arg>
<doc>Logs the given message with the given level.</doc>
<status status="PASS" start="2024-04-21T14:12:22.381208" elapsed="0.000417"/>
</kw>
<kw name="Log" owner="BuiltIn">
<msg time="2024-04-21T14:12:22.382046" level="INFO">login</msg>
<arg>${key}</arg>
<doc>Logs the given message with the given level.</doc>
<status status="PASS" start="2024-04-21T14:12:22.381919" elapsed="0.000164"/>
</kw>
<var name="${key}">login</var>
<status status="PASS" start="2024-04-21T14:12:22.380388" elapsed="0.001985"/>
</iter>
<var>${key}</var>
<value>@{expected_keys}</value>
<status status="PASS" start="2024-04-21T14:12:22.371698" elapsed="0.010797"/>
</for>
<kw name="Create List" owner="BuiltIn">
<msg time="2024-04-21T14:12:22.382824" level="INFO">${expected_keysTwo} = ['username', 'password']</msg>
<var>${expected_keysTwo}</var>
<arg>username</arg>
<arg>password</arg>
<doc>Returns a list containing given items.</doc>
<status status="PASS" start="2024-04-21T14:12:22.382686" elapsed="0.000162"/>
</kw>
<for flavor="IN">
<iter>
<kw name="Dictionary Should Contain Key" owner="Collections">
<msg time="2024-04-21T14:12:22.383728" level="INFO">False</msg>
<arg>${json_data['results'][0]['login']}</arg>
<arg>${keyTwo}</arg>
<doc>Fails if ``key`` is not found from ``dictionary``.</doc>
<status status="PASS" start="2024-04-21T14:12:22.383345" elapsed="0.000419"/>
</kw>
<kw name="Dictionary Should Contain Key" owner="Collections">
<msg time="2024-04-21T14:12:22.384439" level="INFO">False</msg>
<arg>${json_data['results'][0]['login']}</arg>
<arg>${keyTwo}</arg>
<doc>Fails if ``key`` is not found from ``dictionary``.</doc>
<status status="PASS" start="2024-04-21T14:12:22.384059" elapsed="0.000416"/>
</kw>
<kw name="Log" owner="BuiltIn">
<msg time="2024-04-21T14:12:22.384892" level="INFO">username</msg>
<arg>${keyTwo}</arg>
<doc>Logs the given message with the given level.</doc>
<status status="PASS" start="2024-04-21T14:12:22.384765" elapsed="0.000168"/>
</kw>
<var name="${keyTwo}">username</var>
<status status="PASS" start="2024-04-21T14:12:22.383237" elapsed="0.001910"/>
</iter>
<iter>
<kw name="Dictionary Should Contain Key" owner="Collections">
<msg time="2024-04-21T14:12:22.385885" level="INFO">False</msg>
<arg>${json_data['results'][0]['login']}</arg>
<arg>${keyTwo}</arg>
<doc>Fails if ``key`` is not found from ``dictionary``.</doc>
<status status="PASS" start="2024-04-21T14:12:22.385424" elapsed="0.000504"/>
</kw>
<kw name="Dictionary Should Contain Key" owner="Collections">
<msg time="2024-04-21T14:12:22.386632" level="INFO">False</msg>
<arg>${json_data['results'][0]['login']}</arg>
<arg>${keyTwo}</arg>
<doc>Fails if ``key`` is not found from ``dictionary``.</doc>
<status status="PASS" start="2024-04-21T14:12:22.386253" elapsed="0.000414"/>
</kw>
<kw name="Log" owner="BuiltIn">
<msg time="2024-04-21T14:12:22.387084" level="INFO">password</msg>
<arg>${keyTwo}</arg>
<doc>Logs the given message with the given level.</doc>
<status status="PASS" start="2024-04-21T14:12:22.386958" elapsed="0.000162"/>
</kw>
<var name="${keyTwo}">password</var>
<status status="PASS" start="2024-04-21T14:12:22.385316" elapsed="0.002015"/>
</iter>
<var>${keyTwo}</var>
<value>@{expected_keysTwo}</value>
<status status="PASS" start="2024-04-21T14:12:22.383084" elapsed="0.004367"/>
</for>
<status status="PASS" start="2024-04-21T14:12:22.264463" elapsed="0.123127"/>
</kw>
<doc>Testa a estrutura da resposta da API.</doc>
<tag>testeEstruturaResposta</tag>
<status status="PASS" start="2024-04-21T14:12:22.263870" elapsed="0.123876"/>
</test>
<test id="s1-s1-t4" name="Validar tipos de dados" line="28">
<kw name="Teste de Tipos de Dados" owner="random-user-service">
<kw name="GET On Session" owner="RequestsLibrary">
<msg time="2024-04-21T14:12:22.483025" level="INFO">GET Request : url=https://randomuser.me/api 
 path_url=/api 
 headers={'User-Agent': 'python-requests/2.31.0', 'Accept-Encoding': 'gzip, deflate', 'Accept': '*/*', 'Connection': 'keep-alive'} 
 body=None 
 </msg>
<msg time="2024-04-21T14:12:22.483133" level="INFO">GET Response : url=https://randomuser.me/api 
 status=200, reason=OK 
 headers={'Date': 'Sun, 21 Apr 2024 14:12:22 GMT', 'Content-Type': 'application/json; charset=utf-8', 'Transfer-Encoding': 'chunked', 'Connection': 'keep-alive', 'X-Powered-By': 'Express', 'Access-Control-Allow-Origin': '*', 'Cache-Control': 'no-cache', 'ETag': 'W/"486-SNBFKSE4dPD99v52Q+aPmQMEUvU"', 'Vary': 'Accept-Encoding', 'Content-Encoding': 'gzip', 'CF-Cache-Status': 'DYNAMIC', 'Report-To': '{"endpoints":[{"url":"https:\\/\\/a.nel.cloudflare.com\\/report\\/v4?s=QCuKHw27%2FKV9i8fm582D0oRAwPU3F8xC2bSlsRhoUiGesahCV%2FqQ%2Bz6TaFEgVP6ik6zoLTTbVMPVl6QR2Qc1ObhYEdkNyyExBuGH2AFTlounPiHR9jJGRFzvcbcbyRca"}],"group":"cf-nel","max_age":604800}', 'NEL': '{"success_fraction":0,"report_to":"cf-nel","max_age":604800}', 'Server': 'cloudflare', 'CF-RAY': '877df7f7fdb32b4d-LAX', 'alt-svc': 'h3=":443"; ma=86400'} 
 body={"results":[{"gender":"female","name":{"title":"Ms","first":"Suzanne","last":"Price"},"location":{"street":{"number":5967,"name":"W Belt Line Rd"},"city":"Escondido","state":"Michigan","country":"United States","postcode":44887,"coordinates":{"latitude":"82.7719","longitude":"12.8041"},"timezone":{"offset":"-2:00","description":"Mid-Atlantic"}},"email":"suzanne.price@example.com","login":{"uuid":"ebe69d46-6fb0-4e6f-856b-d0e8fb3bedca","username":"redsnake132","password":"hailey","salt":"8Tb5y9Vt","md5":"78e5495b12d24e7e4a7a9b69e38943a3","sha1":"e0b9e07ae40628933bee66ae7d4674a5bf78b3fb","sha256":"cf362f0c5818ba0ff174dec3eaf8c8e1ed1afb9a1870fc202b9d7578db02034c"},"dob":{"date":"1996-08-28T14:12:46.721Z","age":27},"registered":{"date":"2012-07-12T08:18:25.197Z","age":11},"phone":"(727) 987-6204","cell":"(759) 631-4397","id":{"name":"SSN","value":"111-21-6382"},"picture":{"large":"https://randomuser.me/api/portraits/women/95.jpg","medium":"https://randomuser.me/api/portraits/med/women/95.jpg","thumbnail":"https://randomuser.me/api/portraits/thumb/women/95.jpg"},"nat":"US"}],"info":{"seed":"d67e858fbfdca67a","results":1,"page":1,"version":"1.4"}} 
 </msg>
<msg time="2024-04-21T14:12:22.483212" level="INFO">/opt/hostedtoolcache/Python/3.12.3/x64/lib/python3.12/site-packages/urllib3/connectionpool.py:1103: InsecureRequestWarning: Unverified HTTPS request is being made to host 'randomuser.me'. Adding certificate verification is strongly advised. See: https://urllib3.readthedocs.io/en/latest/advanced-usage.html#tls-warnings
  warnings.warn(</msg>
<msg time="2024-04-21T14:12:22.483342" level="INFO">${response} = &lt;Response [200]&gt;</msg>
<var>${response}</var>
<arg>consultarAPI</arg>
<arg>/api</arg>
<doc>Sends a GET request on a previously created HTTP Session.</doc>
<status status="PASS" start="2024-04-21T14:12:22.390301" elapsed="0.093073"/>
</kw>
<kw name="Set Variable" owner="BuiltIn">
<msg time="2024-04-21T14:12:22.484431" level="INFO">${json_data} = {'results': [{'gender': 'female', 'name': {'title': 'Ms', 'first': 'Suzanne', 'last': 'Price'}, 'location': {'street': {'number': 5967, 'name': 'W Belt Line Rd'}, 'city': 'Escondido', 'state': 'Michig...</msg>
<var>${json_data}</var>
<arg>${response.json()}</arg>
<doc>Returns the given values which can then be assigned to a variables.</doc>
<status status="PASS" start="2024-04-21T14:12:22.483911" elapsed="0.000548"/>
</kw>
<kw name="Log" owner="BuiltIn">
<msg time="2024-04-21T14:12:22.484923" level="INFO">{'results': [{'gender': 'female', 'name': {'title': 'Ms', 'first': 'Suzanne', 'last': 'Price'}, 'location': {'street': {'number': 5967, 'name': 'W Belt Line Rd'}, 'city': 'Escondido', 'state': 'Michigan', 'country': 'United States', 'postcode': 44887, 'coordinates': {'latitude': '82.7719', 'longitude': '12.8041'}, 'timezone': {'offset': '-2:00', 'description': 'Mid-Atlantic'}}, 'email': 'suzanne.price@example.com', 'login': {'uuid': 'ebe69d46-6fb0-4e6f-856b-d0e8fb3bedca', 'username': 'redsnake132', 'password': 'hailey', 'salt': '8Tb5y9Vt', 'md5': '78e5495b12d24e7e4a7a9b69e38943a3', 'sha1': 'e0b9e07ae40628933bee66ae7d4674a5bf78b3fb', 'sha256': 'cf362f0c5818ba0ff174dec3eaf8c8e1ed1afb9a1870fc202b9d7578db02034c'}, 'dob': {'date': '1996-08-28T14:12:46.721Z', 'age': 27}, 'registered': {'date': '2012-07-12T08:18:25.197Z', 'age': 11}, 'phone': '(727) 987-6204', 'cell': '(759) 631-4397', 'id': {'name': 'SSN', 'value': '111-21-6382'}, 'picture': {'large': 'https://randomuser.me/api/portraits/women/95.jpg', 'medium': 'https://randomuser.me/api/portraits/med/women/95.jpg', 'thumbnail': 'https://randomuser.me/api/portraits/thumb/women/95.jpg'}, 'nat': 'US'}], 'info': {'seed': 'd67e858fbfdca67a', 'results': 1, 'page': 1, 'version': '1.4'}}</msg>
<arg>${json_data}</arg>
<doc>Logs the given message with the given level.</doc>
<status status="PASS" start="2024-04-21T14:12:22.484763" elapsed="0.000245"/>
</kw>
<kw name="Should Be String" owner="String">
<arg>${json_data['results'][0]['gender']}</arg>
<doc>Fails if the given ``item`` is not a string.</doc>
<status status="PASS" start="2024-04-21T14:12:22.485305" elapsed="0.000353"/>
</kw>
<kw name="Should Match Regexp" owner="BuiltIn">
<arg>${json_data['results'][0]['email']}</arg>
<arg>^[a-zA-Z0-9._%+-]+@[a-zA-Z0-9.-]+\.[a-zA-Z]{2,}$</arg>
<doc>Fails if ``string`` does not match ``pattern`` as a regular expression.</doc>
<status status="PASS" start="2024-04-21T14:12:22.485846" elapsed="0.000563"/>
</kw>
<kw name="Should Match Regexp" owner="BuiltIn">
<arg>${json_data['results'][0]['dob']['date']}</arg>
<arg>\\d{4}-\\d{2}-\\d{2}T\\d{2}:\\d{2}:\\d{2}\\.\\d{3}Z</arg>
<doc>Fails if ``string`` does not match ``pattern`` as a regular expression.</doc>
<status status="PASS" start="2024-04-21T14:12:22.486605" elapsed="0.000484"/>
</kw>
<kw name="Should Match Regexp" owner="BuiltIn">
<arg>${json_data['results'][0]['registered']['date']}</arg>
<arg>\\d{4}-\\d{2}-\\d{2}T\\d{2}:\\d{2}:\\d{2}\\.\\d{3}Z</arg>
<doc>Fails if ``string`` does not match ``pattern`` as a regular expression.</doc>
<status status="PASS" start="2024-04-21T14:12:22.487279" elapsed="0.000372"/>
</kw>
<kw name="Should Match Regexp" owner="BuiltIn">
<arg>${json_data['results'][0]['picture']['large']}</arg>
<arg>^https?://.*\.(?:png|jpe?g|gif|bmp)$</arg>
<doc>Fails if ``string`` does not match ``pattern`` as a regular expression.</doc>
<status status="PASS" start="2024-04-21T14:12:22.487837" elapsed="0.000464"/>
</kw>
<kw name="Should Match Regexp" owner="BuiltIn">
<arg>${json_data['results'][0]['picture']['medium']}</arg>
<arg>^https?://.*\.(?:png|jpe?g|gif|bmp)$</arg>
<doc>Fails if ``string`` does not match ``pattern`` as a regular expression.</doc>
<status status="PASS" start="2024-04-21T14:12:22.488488" elapsed="0.000360"/>
</kw>
<kw name="Should Match Regexp" owner="BuiltIn">
<arg>${json_data['results'][0]['picture']['thumbnail']}</arg>
<arg>^https?://.*\.(?:png|jpe?g|gif|bmp)$</arg>
<doc>Fails if ``string`` does not match ``pattern`` as a regular expression.</doc>
<status status="PASS" start="2024-04-21T14:12:22.489036" elapsed="0.000352"/>
</kw>
<kw name="Log" owner="BuiltIn">
<msg time="2024-04-21T14:12:22.489892" level="INFO">{'large': 'https://randomuser.me/api/portraits/women/95.jpg', 'medium': 'https://randomuser.me/api/portraits/med/women/95.jpg', 'thumbnail': 'https://randomuser.me/api/portraits/thumb/women/95.jpg'}</msg>
<arg>${json_data['results'][0]['picture']}</arg>
<doc>Logs the given message with the given level.</doc>
<status status="PASS" start="2024-04-21T14:12:22.489568" elapsed="0.000364"/>
</kw>
<status status="PASS" start="2024-04-21T14:12:22.390045" elapsed="0.100164"/>
</kw>
<kw name="Teste de Tipos de Dados - Postcode" owner="random-user-service">
<kw name="GET On Session" owner="RequestsLibrary">
<msg time="2024-04-21T14:12:22.602311" level="INFO">GET Request : url=https://randomuser.me/api 
 path_url=/api 
 headers={'User-Agent': 'python-requests/2.31.0', 'Accept-Encoding': 'gzip, deflate', 'Accept': '*/*', 'Connection': 'keep-alive'} 
 body=None 
 </msg>
<msg time="2024-04-21T14:12:22.602424" level="INFO">GET Response : url=https://randomuser.me/api 
 status=200, reason=OK 
 headers={'Date': 'Sun, 21 Apr 2024 14:12:22 GMT', 'Content-Type': 'application/json; charset=utf-8', 'Transfer-Encoding': 'chunked', 'Connection': 'keep-alive', 'X-Powered-By': 'Express', 'Access-Control-Allow-Origin': '*', 'Cache-Control': 'no-cache', 'ETag': 'W/"48b-tOEvMmZUCKv8b4IlTTECfGjqj6Q"', 'Vary': 'Accept-Encoding', 'Content-Encoding': 'gzip', 'CF-Cache-Status': 'DYNAMIC', 'Report-To': '{"endpoints":[{"url":"https:\\/\\/a.nel.cloudflare.com\\/report\\/v4?s=aJpDfr9JHRqv%2Fp99uPrrFccG98csbAMbF8fi4cd%2FlwsYfezOf5Qv%2Fx7IvdrPpoO0lz%2BrEqZ73Ua71X3jCN66MO7WA7fpmf8MAjalJAajSPAcJSyiXXP9Mm0GydYQMqiG"}],"group":"cf-nel","max_age":604800}', 'NEL': '{"success_fraction":0,"report_to":"cf-nel","max_age":604800}', 'Server': 'cloudflare', 'CF-RAY': '877df7f89e512b4d-LAX', 'alt-svc': 'h3=":443"; ma=86400'} 
 body={"results":[{"gender":"male","name":{"title":"Mr","first":"Jordi","last":"León"},"location":{"street":{"number":6383,"name":"Calle de Alberto Aguilera"},"city":"Arrecife","state":"Melilla","country":"Spain","postcode":10182,"coordinates":{"latitude":"-38.5087","longitude":"-123.8728"},"timezone":{"offset":"-3:00","description":"Brazil, Buenos Aires, Georgetown"}},"email":"jordi.leon@example.com","login":{"uuid":"975a41c0-568a-43d9-a727-a3da359af58b","username":"blackladybug671","password":"jane","salt":"wAIMnZMP","md5":"034ef70bb343bb2b903293ad94b7a470","sha1":"40668102cf57ca58ecd4d9fcaa50d50029a89773","sha256":"2a866831ee1345f07694c2a8c6f18d0526495a1d493947cb6203d478cd8b5dd5"},"dob":{"date":"1958-05-12T07:28:43.626Z","age":65},"registered":{"date":"2018-11-05T14:59:15.078Z","age":5},"phone":"913-569-357","cell":"607-182-174","id":{"name":"DNI","value":"13557657-W"},"picture":{"large":"https://randomuser.me/api/portraits/men/63.jpg","medium":"https://randomuser.me/api/portraits/med/men/63.jpg","thumbnail":"https://randomuser.me/api/portraits/thumb/men/63.jpg"},"nat":"ES"}],"info":{"seed":"aa67ee2d316e72c1","results":1,"page":1,"version":"1.4"}} 
 </msg>
<msg time="2024-04-21T14:12:22.602508" level="INFO">/opt/hostedtoolcache/Python/3.12.3/x64/lib/python3.12/site-packages/urllib3/connectionpool.py:1103: InsecureRequestWarning: Unverified HTTPS request is being made to host 'randomuser.me'. Adding certificate verification is strongly advised. See: https://urllib3.readthedocs.io/en/latest/advanced-usage.html#tls-warnings
  warnings.warn(</msg>
<msg time="2024-04-21T14:12:22.602631" level="INFO">${response} = &lt;Response [200]&gt;</msg>
<var>${response}</var>
<arg>consultarAPI</arg>
<arg>/api</arg>
<doc>Sends a GET request on a previously created HTTP Session.</doc>
<status status="PASS" start="2024-04-21T14:12:22.490679" elapsed="0.111984"/>
</kw>
<kw name="Set Variable" owner="BuiltIn">
<msg time="2024-04-21T14:12:22.603723" level="INFO">${json_data} = {'results': [{'gender': 'male', 'name': {'title': 'Mr', 'first': 'Jordi', 'last': 'León'}, 'location': {'street': {'number': 6383, 'name': 'Calle de Alberto Aguilera'}, 'city': 'Arrecife', 'state': 'M...</msg>
<var>${json_data}</var>
<arg>${response.json()}</arg>
<doc>Returns the given values which can then be assigned to a variables.</doc>
<status status="PASS" start="2024-04-21T14:12:22.603192" elapsed="0.000560"/>
</kw>
<kw name="Log" owner="BuiltIn">
<msg time="2024-04-21T14:12:22.604220" level="INFO">{'results': [{'gender': 'male', 'name': {'title': 'Mr', 'first': 'Jordi', 'last': 'León'}, 'location': {'street': {'number': 6383, 'name': 'Calle de Alberto Aguilera'}, 'city': 'Arrecife', 'state': 'Melilla', 'country': 'Spain', 'postcode': 10182, 'coordinates': {'latitude': '-38.5087', 'longitude': '-123.8728'}, 'timezone': {'offset': '-3:00', 'description': 'Brazil, Buenos Aires, Georgetown'}}, 'email': 'jordi.leon@example.com', 'login': {'uuid': '975a41c0-568a-43d9-a727-a3da359af58b', 'username': 'blackladybug671', 'password': 'jane', 'salt': 'wAIMnZMP', 'md5': '034ef70bb343bb2b903293ad94b7a470', 'sha1': '40668102cf57ca58ecd4d9fcaa50d50029a89773', 'sha256': '2a866831ee1345f07694c2a8c6f18d0526495a1d493947cb6203d478cd8b5dd5'}, 'dob': {'date': '1958-05-12T07:28:43.626Z', 'age': 65}, 'registered': {'date': '2018-11-05T14:59:15.078Z', 'age': 5}, 'phone': '913-569-357', 'cell': '607-182-174', 'id': {'name': 'DNI', 'value': '13557657-W'}, 'picture': {'large': 'https://randomuser.me/api/portraits/men/63.jpg', 'medium': 'https://randomuser.me/api/portraits/med/men/63.jpg', 'thumbnail': 'https://randomuser.me/api/portraits/thumb/men/63.jpg'}, 'nat': 'ES'}], 'info': {'seed': 'aa67ee2d316e72c1', 'results': 1, 'page': 1, 'version': '1.4'}}</msg>
<arg>${json_data}</arg>
<doc>Logs the given message with the given level.</doc>
<status status="PASS" start="2024-04-21T14:12:22.604059" elapsed="0.000245"/>
</kw>
<kw name="Should Be Equal As Numbers" owner="BuiltIn">
<arg>${json_data['results'][0]['location']['postcode']}</arg>
<arg>${json_data['results'][0]['location']['postcode']}</arg>
<doc>Fails if objects are unequal after converting them to real numbers.</doc>
<status status="PASS" start="2024-04-21T14:12:22.604781" elapsed="0.000620"/>
</kw>
<kw name="Log" owner="BuiltIn">
<msg time="2024-04-21T14:12:22.605930" level="INFO">10182</msg>
<arg>${json_data['results'][0]['location']['postcode']}</arg>
<doc>Logs the given message with the given level.</doc>
<status status="PASS" start="2024-04-21T14:12:22.605593" elapsed="0.000378"/>
</kw>
<status status="PASS" start="2024-04-21T14:12:22.490441" elapsed="0.115812"/>
</kw>
<doc>Testa se os tipos de dados na resposta da API estão corretos.</doc>
<tag>testeTiposDados</tag>
<status status="PASS" start="2024-04-21T14:12:22.389536" elapsed="0.216891"/>
</test>
<test id="s1-s1-t5" name="Validar conteudo" line="35">
<kw name="Teste de Tipos de Conteudo" owner="random-user-service">
<kw name="GET On Session" owner="RequestsLibrary">
<msg time="2024-04-21T14:12:22.717221" level="INFO">GET Request : url=https://randomuser.me/api 
 path_url=/api 
 headers={'User-Agent': 'python-requests/2.31.0', 'Accept-Encoding': 'gzip, deflate', 'Accept': '*/*', 'Connection': 'keep-alive'} 
 body=None 
 </msg>
<msg time="2024-04-21T14:12:22.717333" level="INFO">GET Response : url=https://randomuser.me/api 
 status=200, reason=OK 
 headers={'Date': 'Sun, 21 Apr 2024 14:12:22 GMT', 'Content-Type': 'application/json; charset=utf-8', 'Transfer-Encoding': 'chunked', 'Connection': 'keep-alive', 'X-Powered-By': 'Express', 'Access-Control-Allow-Origin': '*', 'Cache-Control': 'no-cache', 'ETag': 'W/"482-6U5adv1AbpTsgmpgYo/D99P9mY8"', 'Vary': 'Accept-Encoding', 'Content-Encoding': 'gzip', 'CF-Cache-Status': 'DYNAMIC', 'Report-To': '{"endpoints":[{"url":"https:\\/\\/a.nel.cloudflare.com\\/report\\/v4?s=rGU2P2K9bbLFnJxKwB4xit10qDFlIOzX8YlrrMHWOBquq3fjAxiphVToiTursZcoOdky%2B1NzQqSbdcvqnFYT4Xo8gjXGkUE4JgH6RyKaGp%2BtVW9R7joCcYEa%2F69Gjok9"}],"group":"cf-nel","max_age":604800}', 'NEL': '{"success_fraction":0,"report_to":"cf-nel","max_age":604800}', 'Server': 'cloudflare', 'CF-RAY': '877df7f95f132b4d-LAX', 'alt-svc': 'h3=":443"; ma=86400'} 
 body={"results":[{"gender":"female","name":{"title":"Miss","first":"Sandhya","last":"Gamskar"},"location":{"street":{"number":6408,"name":"Vellala St"},"city":"Haldia","state":"Puducherry","country":"India","postcode":86534,"coordinates":{"latitude":"8.9922","longitude":"73.9121"},"timezone":{"offset":"-12:00","description":"Eniwetok, Kwajalein"}},"email":"sandhya.gamskar@example.com","login":{"uuid":"a450af5c-dc74-4b84-8647-2052caa8e8c0","username":"lazydog141","password":"deftones","salt":"WDrTFtVA","md5":"9067720df7be443b3545afdbf6f69317","sha1":"8f11e82001578c852bece638f6c28006b6312006","sha256":"054ae256071c8ac72be626b8d63fdf1be56031c8b4fa2a5a91bea6942a338f49"},"dob":{"date":"1965-04-16T02:54:40.794Z","age":59},"registered":{"date":"2005-04-02T06:36:01.045Z","age":19},"phone":"9658570074","cell":"8545155800","id":{"name":"UIDAI","value":"637882297600"},"picture":{"large":"https://randomuser.me/api/portraits/women/74.jpg","medium":"https://randomuser.me/api/portraits/med/women/74.jpg","thumbnail":"https://randomuser.me/api/portraits/thumb/women/74.jpg"},"nat":"IN"}],"info":{"seed":"5e7948762365fe7d","results":1,"page":1,"version":"1.4"}} 
 </msg>
<msg time="2024-04-21T14:12:22.717416" level="INFO">/opt/hostedtoolcache/Python/3.12.3/x64/lib/python3.12/site-packages/urllib3/connectionpool.py:1103: InsecureRequestWarning: Unverified HTTPS request is being made to host 'randomuser.me'. Adding certificate verification is strongly advised. See: https://urllib3.readthedocs.io/en/latest/advanced-usage.html#tls-warnings
  warnings.warn(</msg>
<msg time="2024-04-21T14:12:22.717551" level="INFO">${response} = &lt;Response [200]&gt;</msg>
<var>${response}</var>
<arg>consultarAPI</arg>
<arg>/api</arg>
<doc>Sends a GET request on a previously created HTTP Session.</doc>
<status status="PASS" start="2024-04-21T14:12:22.609214" elapsed="0.108375"/>
</kw>
<kw name="Set Variable" owner="BuiltIn">
<msg time="2024-04-21T14:12:22.718718" level="INFO">${json_data} = {'results': [{'gender': 'female', 'name': {'title': 'Miss', 'first': 'Sandhya', 'last': 'Gamskar'}, 'location': {'street': {'number': 6408, 'name': 'Vellala St'}, 'city': 'Haldia', 'state': 'Puducherr...</msg>
<var>${json_data}</var>
<arg>${response.json()}</arg>
<doc>Returns the given values which can then be assigned to a variables.</doc>
<status status="PASS" start="2024-04-21T14:12:22.718200" elapsed="0.000547"/>
</kw>
<kw name="Set Variable" owner="BuiltIn">
<msg time="2024-04-21T14:12:22.719439" level="INFO">${name_title} = Miss</msg>
<var>${name_title}</var>
<arg>${json_data["results"][0]["name"]["title"]}</arg>
<doc>Returns the given values which can then be assigned to a variables.</doc>
<status status="PASS" start="2024-04-21T14:12:22.719051" elapsed="0.000413"/>
</kw>
<kw name="Create List" owner="BuiltIn">
<msg time="2024-04-21T14:12:22.719910" level="INFO">${allowed_titles} = ['Mr', 'Ms', 'Miss', 'Mrs', 'Madame', 'Monsieur']</msg>
<var>${allowed_titles}</var>
<arg>Mr</arg>
<arg>Ms</arg>
<arg>Miss</arg>
<arg>Mrs</arg>
<arg>Madame</arg>
<arg>Monsieur</arg>
<doc>Returns a list containing given items.</doc>
<status status="PASS" start="2024-04-21T14:12:22.719762" elapsed="0.000172"/>
</kw>
<kw name="List Should Contain Value" owner="Collections">
<msg time="2024-04-21T14:12:22.720403" level="INFO">False</msg>
<arg>${allowed_titles}</arg>
<arg>${name_title}</arg>
<doc>Fails if the ``value`` is not found from ``list``.</doc>
<status status="PASS" start="2024-04-21T14:12:22.720229" elapsed="0.000211"/>
</kw>
<kw name="Set Variable" owner="BuiltIn">
<msg time="2024-04-21T14:12:22.721105" level="INFO">${name_country} = IN</msg>
<var>${name_country}</var>
<arg>${json_data["results"][0]["nat"]}</arg>
<doc>Returns the given values which can then be assigned to a variables.</doc>
<status status="PASS" start="2024-04-21T14:12:22.720723" elapsed="0.000408"/>
</kw>
<kw name="Create List" owner="BuiltIn">
<msg time="2024-04-21T14:12:22.722011" level="INFO">${list_country} = ['AD', 'AE', 'AF', 'AG', 'AI', 'AL', 'AM', 'AO', 'AQ', 'AR', 'AS', 'AT', 'AU', 'AW', 'AX', 'AZ', 'BA', 'BB', 'BD', 'BE', 'BF', 'BG', 'BH', 'BI', 'BJ', 'BL', 'BM', 'BN', 'BO', 'BQ', 'BR', 'BS', 'BT', '...</msg>
<var>${list_country}</var>
<arg>AD</arg>
<arg>AE</arg>
<arg>AF</arg>
<arg>AG</arg>
<arg>AI</arg>
<arg>AL</arg>
<arg>AM</arg>
<arg>AO</arg>
<arg>AQ</arg>
<arg>AR</arg>
<arg>AS</arg>
<arg>AT</arg>
<arg>AU</arg>
<arg>AW</arg>
<arg>AX</arg>
<arg>AZ</arg>
<arg>BA</arg>
<arg>BB</arg>
<arg>BD</arg>
<arg>BE</arg>
<arg>BF</arg>
<arg>BG</arg>
<arg>BH</arg>
<arg>BI</arg>
<arg>BJ</arg>
<arg>BL</arg>
<arg>BM</arg>
<arg>BN</arg>
<arg>BO</arg>
<arg>BQ</arg>
<arg>BR</arg>
<arg>BS</arg>
<arg>BT</arg>
<arg>BV</arg>
<arg>BW</arg>
<arg>BY</arg>
<arg>BZ</arg>
<arg>CA</arg>
<arg>CC</arg>
<arg>CD</arg>
<arg>CF</arg>
<arg>CG</arg>
<arg>CH</arg>
<arg>CI</arg>
<arg>CK</arg>
<arg>CL</arg>
<arg>CM</arg>
<arg>CN</arg>
<arg>CO</arg>
<arg>CR</arg>
<arg>CU</arg>
<arg>CV</arg>
<arg>CW</arg>
<arg>CX</arg>
<arg>CY</arg>
<arg>CZ</arg>
<arg>DE</arg>
<arg>DJ</arg>
<arg>DK</arg>
<arg>DM</arg>
<arg>DO</arg>
<arg>DZ</arg>
<arg>EC</arg>
<arg>EE</arg>
<arg>EG</arg>
<arg>EH</arg>
<arg>ER</arg>
<arg>ES</arg>
<arg>ET</arg>
<arg>FI</arg>
<arg>FJ</arg>
<arg>FK</arg>
<arg>FM</arg>
<arg>FO</arg>
<arg>FR</arg>
<arg>GA</arg>
<arg>GB</arg>
<arg>GD</arg>
<arg>GE</arg>
<arg>GF</arg>
<arg>GG</arg>
<arg>GH</arg>
<arg>GI</arg>
<arg>GL</arg>
<arg>GM</arg>
<arg>GN</arg>
<arg>GP</arg>
<arg>GQ</arg>
<arg>GR</arg>
<arg>GS</arg>
<arg>GT</arg>
<arg>GU</arg>
<arg>GW</arg>
<arg>GY</arg>
<arg>HK</arg>
<arg>HM</arg>
<arg>HN</arg>
<arg>HR</arg>
<arg>HT</arg>
<arg>HU</arg>
<arg>ID</arg>
<arg>IE</arg>
<arg>IL</arg>
<arg>IM</arg>
<arg>IN</arg>
<arg>IO</arg>
<arg>IQ</arg>
<arg>IR</arg>
<arg>IS</arg>
<arg>IT</arg>
<arg>JE</arg>
<arg>JM</arg>
<arg>JO</arg>
<arg>JP</arg>
<arg>KE</arg>
<arg>KG</arg>
<arg>KH</arg>
<arg>KI</arg>
<arg>KM</arg>
<arg>KN</arg>
<arg>KP</arg>
<arg>KR</arg>
<arg>KW</arg>
<arg>KY</arg>
<arg>KZ</arg>
<arg>LA</arg>
<arg>LB</arg>
<arg>LC</arg>
<arg>LI</arg>
<arg>LK</arg>
<arg>LR</arg>
<arg>LS</arg>
<arg>LT</arg>
<arg>LU</arg>
<arg>LV</arg>
<arg>LY</arg>
<arg>MA</arg>
<arg>MC</arg>
<arg>MD</arg>
<arg>ME</arg>
<arg>MF</arg>
<arg>MG</arg>
<arg>MH</arg>
<arg>MK</arg>
<arg>ML</arg>
<arg>MM</arg>
<arg>MN</arg>
<arg>MO</arg>
<arg>MP</arg>
<arg>MQ</arg>
<arg>MR</arg>
<arg>MS</arg>
<arg>MT</arg>
<arg>MU</arg>
<arg>MV</arg>
<arg>MW</arg>
<arg>MX</arg>
<arg>MY</arg>
<arg>MZ</arg>
<arg>NA</arg>
<arg>NC</arg>
<arg>NE</arg>
<arg>NF</arg>
<arg>NG</arg>
<arg>NI</arg>
<arg>NL</arg>
<arg>NO</arg>
<arg>NP</arg>
<arg>NR</arg>
<arg>NU</arg>
<arg>NZ</arg>
<arg>OM</arg>
<arg>PA</arg>
<arg>PE</arg>
<arg>PF</arg>
<arg>PG</arg>
<arg>PH</arg>
<arg>PK</arg>
<arg>PL</arg>
<arg>PM</arg>
<arg>PN</arg>
<arg>PR</arg>
<arg>PS</arg>
<arg>PT</arg>
<arg>PW</arg>
<arg>PY</arg>
<arg>QA</arg>
<arg>RE</arg>
<arg>RO</arg>
<arg>RS</arg>
<arg>RU</arg>
<arg>RW</arg>
<arg>SA</arg>
<arg>SB</arg>
<arg>SC</arg>
<arg>SD</arg>
<arg>SE</arg>
<arg>SG</arg>
<arg>SH</arg>
<arg>SI</arg>
<arg>SJ</arg>
<arg>SK</arg>
<arg>SL</arg>
<arg>SM</arg>
<arg>SN</arg>
<arg>SO</arg>
<arg>SR</arg>
<arg>SS</arg>
<arg>ST</arg>
<arg>SV</arg>
<arg>SX</arg>
<arg>SY</arg>
<arg>SZ</arg>
<arg>TC</arg>
<arg>TD</arg>
<arg>TF</arg>
<arg>TG</arg>
<arg>TH</arg>
<arg>TJ</arg>
<arg>TK</arg>
<arg>TL</arg>
<arg>TM</arg>
<arg>TN</arg>
<arg>TO</arg>
<arg>TR</arg>
<arg>TT</arg>
<arg>TV</arg>
<arg>TW</arg>
<arg>TZ</arg>
<arg>UA</arg>
<arg>UG</arg>
<arg>UM</arg>
<arg>US</arg>
<arg>UY</arg>
<arg>UZ</arg>
<arg>VA</arg>
<arg>VC</arg>
<arg>VE</arg>
<arg>VG</arg>
<arg>VI</arg>
<arg>VN</arg>
<arg>VU</arg>
<arg>WF</arg>
<arg>WS</arg>
<arg>XK</arg>
<arg>YE</arg>
<arg>YT</arg>
<arg>ZA</arg>
<arg>ZM</arg>
<arg>ZW</arg>
<doc>Returns a list containing given items.</doc>
<status status="PASS" start="2024-04-21T14:12:22.721429" elapsed="0.000607"/>
</kw>
<kw name="List Should Contain Value" owner="Collections">
<msg time="2024-04-21T14:12:22.723061" level="INFO">False</msg>
<arg>${list_country}</arg>
<arg>${name_country}</arg>
<doc>Fails if the ``value`` is not found from ``list``.</doc>
<status status="PASS" start="2024-04-21T14:12:22.722863" elapsed="0.000234"/>
</kw>
<kw name="Run Keyword If" owner="BuiltIn">
<kw name="Should Be True" owner="BuiltIn">
<arg>${True}</arg>
<doc>Fails if the given condition is not true.</doc>
<status status="PASS" start="2024-04-21T14:12:22.724174" elapsed="0.000266"/>
</kw>
<arg>${json_data["results"][0]["location"]["coordinates"]["latitude"]} &gt;= -90 and ${json_data["results"][0]["location"]["coordinates"]["latitude"]} &lt;= 90</arg>
<arg>Should Be True</arg>
<arg>${True}</arg>
<doc>Runs the given keyword with the given arguments, if ``condition`` is true.</doc>
<status status="PASS" start="2024-04-21T14:12:22.723412" elapsed="0.001160"/>
</kw>
<kw name="Run Keyword If" owner="BuiltIn">
<kw name="Should Be True" owner="BuiltIn">
<arg>${True}</arg>
<doc>Fails if the given condition is not true.</doc>
<status status="PASS" start="2024-04-21T14:12:22.725474" elapsed="0.000140"/>
</kw>
<arg>${json_data["results"][0]["location"]["coordinates"]["longitude"]} &gt;= -180 and ${json_data["results"][0]["location"]["coordinates"]["longitude"]} &lt;= 180</arg>
<arg>Should Be True</arg>
<arg>${True}</arg>
<doc>Runs the given keyword with the given arguments, if ``condition`` is true.</doc>
<status status="PASS" start="2024-04-21T14:12:22.724763" elapsed="0.000976"/>
</kw>
<status status="PASS" start="2024-04-21T14:12:22.608832" elapsed="0.117042"/>
</kw>
<doc>Testa o conteúdo específico dos campos retornados pela API.</doc>
<tag>testeConteudo</tag>
<status status="PASS" start="2024-04-21T14:12:22.608179" elapsed="0.117848"/>
</test>
<status status="PASS" start="2024-04-21T14:12:21.650818" elapsed="1.077167"/>
</suite>
<status status="PASS" start="2024-04-21T14:12:21.637158" elapsed="1.096019"/>
</suite>
<statistics>
<total>
<stat pass="5" fail="0" skip="0">All Tests</stat>
</total>
<tag>
<stat pass="1" fail="0" skip="0">testeConteudo</stat>
<stat pass="1" fail="0" skip="0">testeEstruturaResposta</stat>
<stat pass="1" fail="0" skip="0">testeRequisicaoBasica</stat>
<stat pass="1" fail="0" skip="0">testeTiposDados</stat>
</tag>
<suite>
<stat pass="5" fail="0" skip="0" id="s1" name="Tests">Tests</stat>
<stat pass="5" fail="0" skip="0" id="s1-s1" name="Random-User-Test">Tests.Random-User-Test</stat>
</suite>
</statistics>
<errors>
</errors>
</robot>
