<?xml version="1.0" encoding="UTF-8"?>
<robot generator="Robot 7.0 (Python 3.12.3 on linux)" generated="2024-04-24T12:30:11.974167" rpa="false" schemaversion="5">
<suite id="s1" name="Tests" source="/home/runner/work/DesafioQAItauRogerioJordao/DesafioQAItauRogerioJordao/RamdonUser/tests">
<suite id="s1-s1" name="Random-User-Test" source="/home/runner/work/DesafioQAItauRogerioJordao/DesafioQAItauRogerioJordao/RamdonUser/tests/random-user-test.robot">
<test id="s1-s1-t1" name="Conectar" line="13">
<kw name="Conectar API" owner="random-user-service">
<kw name="Create Session" owner="RequestsLibrary">
<msg time="2024-04-24T12:30:12.325606" level="INFO">Creating Session using : alias=consultarAPI, url=https://randomuser.me/, headers={},                     cookies={}, auth=None, timeout=None, proxies=None, verify=False,                     debug=0 </msg>
<arg>consultarAPI</arg>
<arg>${URL}</arg>
<doc>Create Session: create a HTTP session to a server</doc>
<status status="PASS" start="2024-04-24T12:30:12.325413" elapsed="0.000358"/>
</kw>
<status status="PASS" start="2024-04-24T12:30:12.324466" elapsed="0.001649"/>
</kw>
<status status="PASS" start="2024-04-24T12:30:12.323950" elapsed="0.002355"/>
</test>
<test id="s1-s1-t2" name="Validar retorno 200 e JSON Válido" line="16">
<kw name="Teste de Requisicao Basica" owner="random-user-service">
<kw name="GET On Session" owner="RequestsLibrary">
<msg time="2024-04-24T12:30:12.618371" level="INFO">GET Request : url=https://randomuser.me/api 
 path_url=/api 
 headers={'User-Agent': 'python-requests/2.31.0', 'Accept-Encoding': 'gzip, deflate', 'Accept': '*/*', 'Connection': 'keep-alive'} 
 body=None 
 </msg>
<msg time="2024-04-24T12:30:12.618534" level="INFO">GET Response : url=https://randomuser.me/api 
 status=200, reason=OK 
 headers={'Date': 'Wed, 24 Apr 2024 12:30:12 GMT', 'Content-Type': 'application/json; charset=utf-8', 'Transfer-Encoding': 'chunked', 'Connection': 'keep-alive', 'X-Powered-By': 'Express', 'Access-Control-Allow-Origin': '*', 'Cache-Control': 'no-cache', 'ETag': 'W/"49e-TpN969lR90i82SUcXNLw+UVdxC8"', 'Vary': 'Accept-Encoding', 'Content-Encoding': 'gzip', 'CF-Cache-Status': 'DYNAMIC', 'Report-To': '{"endpoints":[{"url":"https:\\/\\/a.nel.cloudflare.com\\/report\\/v4?s=dkaEUxe4gX3sOn6HTphdk7TFTQKcufc7I%2BeSpcZmOe0ANSMik28njBvTKf%2BhKLi7wzGcxfIKv8XTS1i0eTxxOLOepaBcisuYQ1tyFRJW0VjyubaLROHFUFkHZBZy6m8e"}],"group":"cf-nel","max_age":604800}', 'NEL': '{"success_fraction":0,"report_to":"cf-nel","max_age":604800}', 'Server': 'cloudflare', 'CF-RAY': '87961a6f4a909c2b-IAD', 'alt-svc': 'h3=":443"; ma=86400'} 
 body={"results":[{"gender":"female","name":{"title":"Mrs","first":"یاسمین","last":"یاسمی"},"location":{"street":{"number":2059,"name":"میدان ولیعصر (عج)"},"city":"یزد","state":"کرمان","country":"Iran","postcode":85456,"coordinates":{"latitude":"16.3941","longitude":"127.6348"},"timezone":{"offset":"+3:00","description":"Baghdad, Riyadh, Moscow, St. Petersburg"}},"email":"ysmyn.ysmy@example.com","login":{"uuid":"ffa83cfc-dfa1-4ce9-8a92-edb2120afce1","username":"blackwolf837","password":"matty","salt":"7OgV6LVN","md5":"a80dffbe629185e5a7c257c7bfffb72d","sha1":"eff74c2833c44c0ba3d7093c327569862cd0ddac","sha256":"6ac1247f41b11028f963fc42781894bdae9673704a2eddb08f7d5de5bbc84994"},"dob":{"date":"1987-02-16T13:00:08.763Z","age":37},"registered":{"date":"2005-09-06T21:17:08.400Z","age":18},"phone":"010-69780839","cell":"0910-463-3242","id":{"name":"","value":null},"picture":{"large":"https://randomuser.me/api/portraits/women/9.jpg","medium":"https://randomuser.me/api/portraits/med/women/9.jpg","thumbnail":"https://randomuser.me/api/portraits/thumb/women/9.jpg"},"nat":"IR"}],"info":{"seed":"767691835ce4c208","results":1,"page":1,"version":"1.4"}} 
 </msg>
<msg time="2024-04-24T12:30:12.618621" level="INFO">/opt/hostedtoolcache/Python/3.12.3/x64/lib/python3.12/site-packages/urllib3/connectionpool.py:1103: InsecureRequestWarning: Unverified HTTPS request is being made to host 'randomuser.me'. Adding certificate verification is strongly advised. See: https://urllib3.readthedocs.io/en/latest/advanced-usage.html#tls-warnings
  warnings.warn(</msg>
<msg time="2024-04-24T12:30:12.618777" level="INFO">${response} = &lt;Response [200]&gt;</msg>
<var>${response}</var>
<arg>consultarAPI</arg>
<arg>/api</arg>
<doc>Sends a GET request on a previously created HTTP Session.</doc>
<status status="PASS" start="2024-04-24T12:30:12.328928" elapsed="0.289890"/>
</kw>
<kw name="Should Be Equal As Numbers" owner="BuiltIn">
<msg time="2024-04-24T12:30:12.619814" level="INFO">Argument types are:
&lt;class 'int'&gt;
&lt;class 'str'&gt;</msg>
<arg>${response.status_code}</arg>
<arg>200</arg>
<doc>Fails if objects are unequal after converting them to real numbers.</doc>
<status status="PASS" start="2024-04-24T12:30:12.619354" elapsed="0.000525"/>
</kw>
<kw name="Log" owner="BuiltIn">
<msg time="2024-04-24T12:30:12.620561" level="INFO">200</msg>
<arg>${response.status_code}</arg>
<doc>Logs the given message with the given level.</doc>
<status status="PASS" start="2024-04-24T12:30:12.620217" elapsed="0.000386"/>
</kw>
<kw name="Set Variable" owner="BuiltIn">
<msg time="2024-04-24T12:30:12.621403" level="INFO">${json_data} = {'results': [{'gender': 'female', 'name': {'title': 'Mrs', 'first': 'یاسمین', 'last': 'یاسمی'}, 'location': {'street': {'number': 2059, 'name': 'میدان ولیعصر (عج)'}, 'city': 'یزد', 'state': 'کرمان', '...</msg>
<var>${json_data}</var>
<arg>${response.json()}</arg>
<doc>Returns the given values which can then be assigned to a variables.</doc>
<status status="PASS" start="2024-04-24T12:30:12.620944" elapsed="0.000490"/>
</kw>
<kw name="Dictionary Should Contain Key" owner="Collections">
<msg time="2024-04-24T12:30:12.621908" level="INFO">False</msg>
<arg>${json_data}</arg>
<arg>results</arg>
<doc>Fails if ``key`` is not found from ``dictionary``.</doc>
<status status="PASS" start="2024-04-24T12:30:12.621737" elapsed="0.000212"/>
</kw>
<status status="PASS" start="2024-04-24T12:30:12.328659" elapsed="0.293554"/>
</kw>
<doc>Testa se a API responde corretamente e retorna um objeto JSON válido.</doc>
<tag>testeRequisicaoBasica</tag>
<status status="PASS" start="2024-04-24T12:30:12.328192" elapsed="0.294202"/>
</test>
<test id="s1-s1-t3" name="Validar estrutura de resposta" line="22">
<kw name="Teste de Estrutura de Resposta" owner="random-user-service">
<kw name="GET On Session" owner="RequestsLibrary">
<msg time="2024-04-24T12:30:12.733678" level="INFO">GET Request : url=https://randomuser.me/api 
 path_url=/api 
 headers={'User-Agent': 'python-requests/2.31.0', 'Accept-Encoding': 'gzip, deflate', 'Accept': '*/*', 'Connection': 'keep-alive'} 
 body=None 
 </msg>
<msg time="2024-04-24T12:30:12.733768" level="INFO">GET Response : url=https://randomuser.me/api 
 status=200, reason=OK 
 headers={'Date': 'Wed, 24 Apr 2024 12:30:12 GMT', 'Content-Type': 'application/json; charset=utf-8', 'Transfer-Encoding': 'chunked', 'Connection': 'keep-alive', 'X-Powered-By': 'Express', 'Access-Control-Allow-Origin': '*', 'Cache-Control': 'no-cache', 'ETag': 'W/"488-GIjg1kXn8su8DGkO3hijHCdnA3c"', 'Vary': 'Accept-Encoding', 'Content-Encoding': 'gzip', 'CF-Cache-Status': 'DYNAMIC', 'Report-To': '{"endpoints":[{"url":"https:\\/\\/a.nel.cloudflare.com\\/report\\/v4?s=UAS1hJyPOImiIqTdCnXN7Jta1OALthFaWd21a5%2BwoMx1%2BXlPNTirheCeMCs1vZpKr7nlZlwgZ4vrHg5mNCOZS1P9uRs0nyEPbsmKx2U89rgqOISkQ2FDESV2t3sJvYWD"}],"group":"cf-nel","max_age":604800}', 'NEL': '{"success_fraction":0,"report_to":"cf-nel","max_age":604800}', 'Server': 'cloudflare', 'CF-RAY': '87961a70ec769c2b-IAD', 'alt-svc': 'h3=":443"; ma=86400'} 
 body={"results":[{"gender":"female","name":{"title":"Mrs","first":"Amandine","last":"Morel"},"location":{"street":{"number":6713,"name":"Rue du Dauphiné"},"city":"Tourcoing","state":"Haute-Vienne","country":"France","postcode":47876,"coordinates":{"latitude":"-14.1605","longitude":"47.1427"},"timezone":{"offset":"+4:30","description":"Kabul"}},"email":"amandine.morel@example.com","login":{"uuid":"0b5aace6-6cf5-4023-8ba6-430c07ee7037","username":"happyfish307","password":"pavilion","salt":"V7vclmcR","md5":"e0c8b30689919b27ad9e76c45a4cbe9b","sha1":"aa6d8532768a0c01fa744d004579d77140971020","sha256":"6dbadb113c589b356bf0a136a450cd17186870a0194f3d8b54de3757e1327675"},"dob":{"date":"1945-03-03T19:33:37.905Z","age":79},"registered":{"date":"2018-01-15T15:29:57.300Z","age":6},"phone":"03-89-40-24-36","cell":"06-78-20-53-66","id":{"name":"INSEE","value":"2450277343930 45"},"picture":{"large":"https://randomuser.me/api/portraits/women/4.jpg","medium":"https://randomuser.me/api/portraits/med/women/4.jpg","thumbnail":"https://randomuser.me/api/portraits/thumb/women/4.jpg"},"nat":"FR"}],"info":{"seed":"f7ec66fd63981f38","results":1,"page":1,"version":"1.4"}} 
 </msg>
<msg time="2024-04-24T12:30:12.733884" level="INFO">/opt/hostedtoolcache/Python/3.12.3/x64/lib/python3.12/site-packages/urllib3/connectionpool.py:1103: InsecureRequestWarning: Unverified HTTPS request is being made to host 'randomuser.me'. Adding certificate verification is strongly advised. See: https://urllib3.readthedocs.io/en/latest/advanced-usage.html#tls-warnings
  warnings.warn(</msg>
<msg time="2024-04-24T12:30:12.734004" level="INFO">${response} = &lt;Response [200]&gt;</msg>
<var>${response}</var>
<arg>consultarAPI</arg>
<arg>/api</arg>
<doc>Sends a GET request on a previously created HTTP Session.</doc>
<status status="PASS" start="2024-04-24T12:30:12.625097" elapsed="0.108947"/>
</kw>
<kw name="Set Variable" owner="BuiltIn">
<msg time="2024-04-24T12:30:12.735163" level="INFO">${json_data} = {'results': [{'gender': 'female', 'name': {'title': 'Mrs', 'first': 'Amandine', 'last': 'Morel'}, 'location': {'street': {'number': 6713, 'name': 'Rue du Dauphiné'}, 'city': 'Tourcoing', 'state': 'Hau...</msg>
<var>${json_data}</var>
<arg>${response.json()}</arg>
<doc>Returns the given values which can then be assigned to a variables.</doc>
<status status="PASS" start="2024-04-24T12:30:12.734590" elapsed="0.000603"/>
</kw>
<kw name="Log" owner="BuiltIn">
<msg time="2024-04-24T12:30:12.735712" level="INFO">{'results': [{'gender': 'female', 'name': {'title': 'Mrs', 'first': 'Amandine', 'last': 'Morel'}, 'location': {'street': {'number': 6713, 'name': 'Rue du Dauphiné'}, 'city': 'Tourcoing', 'state': 'Haute-Vienne', 'country': 'France', 'postcode': 47876, 'coordinates': {'latitude': '-14.1605', 'longitude': '47.1427'}, 'timezone': {'offset': '+4:30', 'description': 'Kabul'}}, 'email': 'amandine.morel@example.com', 'login': {'uuid': '0b5aace6-6cf5-4023-8ba6-430c07ee7037', 'username': 'happyfish307', 'password': 'pavilion', 'salt': 'V7vclmcR', 'md5': 'e0c8b30689919b27ad9e76c45a4cbe9b', 'sha1': 'aa6d8532768a0c01fa744d004579d77140971020', 'sha256': '6dbadb113c589b356bf0a136a450cd17186870a0194f3d8b54de3757e1327675'}, 'dob': {'date': '1945-03-03T19:33:37.905Z', 'age': 79}, 'registered': {'date': '2018-01-15T15:29:57.300Z', 'age': 6}, 'phone': '03-89-40-24-36', 'cell': '06-78-20-53-66', 'id': {'name': 'INSEE', 'value': '2450277343930 45'}, 'picture': {'large': 'https://randomuser.me/api/portraits/women/4.jpg', 'medium': 'https://randomuser.me/api/portraits/med/women/4.jpg', 'thumbnail': 'https://randomuser.me/api/portraits/thumb/women/4.jpg'}, 'nat': 'FR'}], 'info': {'seed': 'f7ec66fd63981f38', 'results': 1, 'page': 1, 'version': '1.4'}}</msg>
<arg>${json_data}</arg>
<doc>Logs the given message with the given level.</doc>
<status status="PASS" start="2024-04-24T12:30:12.735527" elapsed="0.000236"/>
</kw>
<kw name="Dictionary Should Contain Key" owner="Collections">
<msg time="2024-04-24T12:30:12.736220" level="INFO">False</msg>
<arg>${json_data}</arg>
<arg>results</arg>
<doc>Fails if ``key`` is not found from ``dictionary``.</doc>
<status status="PASS" start="2024-04-24T12:30:12.736061" elapsed="0.000197"/>
</kw>
<kw name="Should Not Be Empty" owner="BuiltIn">
<msg time="2024-04-24T12:30:12.736677" level="INFO">Length is 2.</msg>
<arg>${json_data}</arg>
<doc>Verifies that the given item is not empty.</doc>
<status status="PASS" start="2024-04-24T12:30:12.736549" elapsed="0.000358"/>
</kw>
<kw name="Create List" owner="BuiltIn">
<msg time="2024-04-24T12:30:12.737360" level="INFO">${expected_keys} = ['gender', 'name', 'location', 'email', 'login']</msg>
<var>${expected_keys}</var>
<arg>gender</arg>
<arg>name</arg>
<arg>location</arg>
<arg>email</arg>
<arg>login</arg>
<doc>Returns a list containing given items.</doc>
<status status="PASS" start="2024-04-24T12:30:12.737207" elapsed="0.000177"/>
</kw>
<for flavor="IN">
<iter>
<kw name="Dictionary Should Contain Key" owner="Collections">
<msg time="2024-04-24T12:30:12.738381" level="INFO">False</msg>
<arg>${json_data['results'][0]}</arg>
<arg>${key}</arg>
<doc>Fails if ``key`` is not found from ``dictionary``.</doc>
<status status="PASS" start="2024-04-24T12:30:12.737984" elapsed="0.000434"/>
</kw>
<kw name="Log" owner="BuiltIn">
<msg time="2024-04-24T12:30:12.739081" level="INFO">{'gender': 'female', 'name': {'title': 'Mrs', 'first': 'Amandine', 'last': 'Morel'}, 'location': {'street': {'number': 6713, 'name': 'Rue du Dauphiné'}, 'city': 'Tourcoing', 'state': 'Haute-Vienne', 'country': 'France', 'postcode': 47876, 'coordinates': {'latitude': '-14.1605', 'longitude': '47.1427'}, 'timezone': {'offset': '+4:30', 'description': 'Kabul'}}, 'email': 'amandine.morel@example.com', 'login': {'uuid': '0b5aace6-6cf5-4023-8ba6-430c07ee7037', 'username': 'happyfish307', 'password': 'pavilion', 'salt': 'V7vclmcR', 'md5': 'e0c8b30689919b27ad9e76c45a4cbe9b', 'sha1': 'aa6d8532768a0c01fa744d004579d77140971020', 'sha256': '6dbadb113c589b356bf0a136a450cd17186870a0194f3d8b54de3757e1327675'}, 'dob': {'date': '1945-03-03T19:33:37.905Z', 'age': 79}, 'registered': {'date': '2018-01-15T15:29:57.300Z', 'age': 6}, 'phone': '03-89-40-24-36', 'cell': '06-78-20-53-66', 'id': {'name': 'INSEE', 'value': '2450277343930 45'}, 'picture': {'large': 'https://randomuser.me/api/portraits/women/4.jpg', 'medium': 'https://randomuser.me/api/portraits/med/women/4.jpg', 'thumbnail': 'https://randomuser.me/api/portraits/thumb/women/4.jpg'}, 'nat': 'FR'}</msg>
<arg>${json_data['results'][0]}</arg>
<doc>Logs the given message with the given level.</doc>
<status status="PASS" start="2024-04-24T12:30:12.738715" elapsed="0.000416"/>
</kw>
<kw name="Log" owner="BuiltIn">
<msg time="2024-04-24T12:30:12.739549" level="INFO">gender</msg>
<arg>${key}</arg>
<doc>Logs the given message with the given level.</doc>
<status status="PASS" start="2024-04-24T12:30:12.739423" elapsed="0.000163"/>
</kw>
<var name="${key}">gender</var>
<status status="PASS" start="2024-04-24T12:30:12.737855" elapsed="0.001939"/>
</iter>
<iter>
<kw name="Dictionary Should Contain Key" owner="Collections">
<msg time="2024-04-24T12:30:12.740485" level="INFO">False</msg>
<arg>${json_data['results'][0]}</arg>
<arg>${key}</arg>
<doc>Fails if ``key`` is not found from ``dictionary``.</doc>
<status status="PASS" start="2024-04-24T12:30:12.740092" elapsed="0.000430"/>
</kw>
<kw name="Log" owner="BuiltIn">
<msg time="2024-04-24T12:30:12.741459" level="INFO">{'gender': 'female', 'name': {'title': 'Mrs', 'first': 'Amandine', 'last': 'Morel'}, 'location': {'street': {'number': 6713, 'name': 'Rue du Dauphiné'}, 'city': 'Tourcoing', 'state': 'Haute-Vienne', 'country': 'France', 'postcode': 47876, 'coordinates': {'latitude': '-14.1605', 'longitude': '47.1427'}, 'timezone': {'offset': '+4:30', 'description': 'Kabul'}}, 'email': 'amandine.morel@example.com', 'login': {'uuid': '0b5aace6-6cf5-4023-8ba6-430c07ee7037', 'username': 'happyfish307', 'password': 'pavilion', 'salt': 'V7vclmcR', 'md5': 'e0c8b30689919b27ad9e76c45a4cbe9b', 'sha1': 'aa6d8532768a0c01fa744d004579d77140971020', 'sha256': '6dbadb113c589b356bf0a136a450cd17186870a0194f3d8b54de3757e1327675'}, 'dob': {'date': '1945-03-03T19:33:37.905Z', 'age': 79}, 'registered': {'date': '2018-01-15T15:29:57.300Z', 'age': 6}, 'phone': '03-89-40-24-36', 'cell': '06-78-20-53-66', 'id': {'name': 'INSEE', 'value': '2450277343930 45'}, 'picture': {'large': 'https://randomuser.me/api/portraits/women/4.jpg', 'medium': 'https://randomuser.me/api/portraits/med/women/4.jpg', 'thumbnail': 'https://randomuser.me/api/portraits/thumb/women/4.jpg'}, 'nat': 'FR'}</msg>
<arg>${json_data['results'][0]}</arg>
<doc>Logs the given message with the given level.</doc>
<status status="PASS" start="2024-04-24T12:30:12.740879" elapsed="0.000641"/>
</kw>
<kw name="Log" owner="BuiltIn">
<msg time="2024-04-24T12:30:12.741953" level="INFO">name</msg>
<arg>${key}</arg>
<doc>Logs the given message with the given level.</doc>
<status status="PASS" start="2024-04-24T12:30:12.741824" elapsed="0.000166"/>
</kw>
<var name="${key}">name</var>
<status status="PASS" start="2024-04-24T12:30:12.739978" elapsed="0.002223"/>
</iter>
<iter>
<kw name="Dictionary Should Contain Key" owner="Collections">
<msg time="2024-04-24T12:30:12.742876" level="INFO">False</msg>
<arg>${json_data['results'][0]}</arg>
<arg>${key}</arg>
<doc>Fails if ``key`` is not found from ``dictionary``.</doc>
<status status="PASS" start="2024-04-24T12:30:12.742487" elapsed="0.000426"/>
</kw>
<kw name="Log" owner="BuiltIn">
<msg time="2024-04-24T12:30:12.743578" level="INFO">{'gender': 'female', 'name': {'title': 'Mrs', 'first': 'Amandine', 'last': 'Morel'}, 'location': {'street': {'number': 6713, 'name': 'Rue du Dauphiné'}, 'city': 'Tourcoing', 'state': 'Haute-Vienne', 'country': 'France', 'postcode': 47876, 'coordinates': {'latitude': '-14.1605', 'longitude': '47.1427'}, 'timezone': {'offset': '+4:30', 'description': 'Kabul'}}, 'email': 'amandine.morel@example.com', 'login': {'uuid': '0b5aace6-6cf5-4023-8ba6-430c07ee7037', 'username': 'happyfish307', 'password': 'pavilion', 'salt': 'V7vclmcR', 'md5': 'e0c8b30689919b27ad9e76c45a4cbe9b', 'sha1': 'aa6d8532768a0c01fa744d004579d77140971020', 'sha256': '6dbadb113c589b356bf0a136a450cd17186870a0194f3d8b54de3757e1327675'}, 'dob': {'date': '1945-03-03T19:33:37.905Z', 'age': 79}, 'registered': {'date': '2018-01-15T15:29:57.300Z', 'age': 6}, 'phone': '03-89-40-24-36', 'cell': '06-78-20-53-66', 'id': {'name': 'INSEE', 'value': '2450277343930 45'}, 'picture': {'large': 'https://randomuser.me/api/portraits/women/4.jpg', 'medium': 'https://randomuser.me/api/portraits/med/women/4.jpg', 'thumbnail': 'https://randomuser.me/api/portraits/thumb/women/4.jpg'}, 'nat': 'FR'}</msg>
<arg>${json_data['results'][0]}</arg>
<doc>Logs the given message with the given level.</doc>
<status status="PASS" start="2024-04-24T12:30:12.743208" elapsed="0.000418"/>
</kw>
<kw name="Log" owner="BuiltIn">
<msg time="2024-04-24T12:30:12.744043" level="INFO">location</msg>
<arg>${key}</arg>
<doc>Logs the given message with the given level.</doc>
<status status="PASS" start="2024-04-24T12:30:12.743919" elapsed="0.000161"/>
</kw>
<var name="${key}">location</var>
<status status="PASS" start="2024-04-24T12:30:12.742376" elapsed="0.001913"/>
</iter>
<iter>
<kw name="Dictionary Should Contain Key" owner="Collections">
<msg time="2024-04-24T12:30:12.744997" level="INFO">False</msg>
<arg>${json_data['results'][0]}</arg>
<arg>${key}</arg>
<doc>Fails if ``key`` is not found from ``dictionary``.</doc>
<status status="PASS" start="2024-04-24T12:30:12.744565" elapsed="0.000470"/>
</kw>
<kw name="Log" owner="BuiltIn">
<msg time="2024-04-24T12:30:12.745696" level="INFO">{'gender': 'female', 'name': {'title': 'Mrs', 'first': 'Amandine', 'last': 'Morel'}, 'location': {'street': {'number': 6713, 'name': 'Rue du Dauphiné'}, 'city': 'Tourcoing', 'state': 'Haute-Vienne', 'country': 'France', 'postcode': 47876, 'coordinates': {'latitude': '-14.1605', 'longitude': '47.1427'}, 'timezone': {'offset': '+4:30', 'description': 'Kabul'}}, 'email': 'amandine.morel@example.com', 'login': {'uuid': '0b5aace6-6cf5-4023-8ba6-430c07ee7037', 'username': 'happyfish307', 'password': 'pavilion', 'salt': 'V7vclmcR', 'md5': 'e0c8b30689919b27ad9e76c45a4cbe9b', 'sha1': 'aa6d8532768a0c01fa744d004579d77140971020', 'sha256': '6dbadb113c589b356bf0a136a450cd17186870a0194f3d8b54de3757e1327675'}, 'dob': {'date': '1945-03-03T19:33:37.905Z', 'age': 79}, 'registered': {'date': '2018-01-15T15:29:57.300Z', 'age': 6}, 'phone': '03-89-40-24-36', 'cell': '06-78-20-53-66', 'id': {'name': 'INSEE', 'value': '2450277343930 45'}, 'picture': {'large': 'https://randomuser.me/api/portraits/women/4.jpg', 'medium': 'https://randomuser.me/api/portraits/med/women/4.jpg', 'thumbnail': 'https://randomuser.me/api/portraits/thumb/women/4.jpg'}, 'nat': 'FR'}</msg>
<arg>${json_data['results'][0]}</arg>
<doc>Logs the given message with the given level.</doc>
<status status="PASS" start="2024-04-24T12:30:12.745334" elapsed="0.000411"/>
</kw>
<kw name="Log" owner="BuiltIn">
<msg time="2024-04-24T12:30:12.746160" level="INFO">email</msg>
<arg>${key}</arg>
<doc>Logs the given message with the given level.</doc>
<status status="PASS" start="2024-04-24T12:30:12.746035" elapsed="0.000162"/>
</kw>
<var name="${key}">email</var>
<status status="PASS" start="2024-04-24T12:30:12.744457" elapsed="0.001951"/>
</iter>
<iter>
<kw name="Dictionary Should Contain Key" owner="Collections">
<msg time="2024-04-24T12:30:12.747074" level="INFO">False</msg>
<arg>${json_data['results'][0]}</arg>
<arg>${key}</arg>
<doc>Fails if ``key`` is not found from ``dictionary``.</doc>
<status status="PASS" start="2024-04-24T12:30:12.746685" elapsed="0.000425"/>
</kw>
<kw name="Log" owner="BuiltIn">
<msg time="2024-04-24T12:30:12.747766" level="INFO">{'gender': 'female', 'name': {'title': 'Mrs', 'first': 'Amandine', 'last': 'Morel'}, 'location': {'street': {'number': 6713, 'name': 'Rue du Dauphiné'}, 'city': 'Tourcoing', 'state': 'Haute-Vienne', 'country': 'France', 'postcode': 47876, 'coordinates': {'latitude': '-14.1605', 'longitude': '47.1427'}, 'timezone': {'offset': '+4:30', 'description': 'Kabul'}}, 'email': 'amandine.morel@example.com', 'login': {'uuid': '0b5aace6-6cf5-4023-8ba6-430c07ee7037', 'username': 'happyfish307', 'password': 'pavilion', 'salt': 'V7vclmcR', 'md5': 'e0c8b30689919b27ad9e76c45a4cbe9b', 'sha1': 'aa6d8532768a0c01fa744d004579d77140971020', 'sha256': '6dbadb113c589b356bf0a136a450cd17186870a0194f3d8b54de3757e1327675'}, 'dob': {'date': '1945-03-03T19:33:37.905Z', 'age': 79}, 'registered': {'date': '2018-01-15T15:29:57.300Z', 'age': 6}, 'phone': '03-89-40-24-36', 'cell': '06-78-20-53-66', 'id': {'name': 'INSEE', 'value': '2450277343930 45'}, 'picture': {'large': 'https://randomuser.me/api/portraits/women/4.jpg', 'medium': 'https://randomuser.me/api/portraits/med/women/4.jpg', 'thumbnail': 'https://randomuser.me/api/portraits/thumb/women/4.jpg'}, 'nat': 'FR'}</msg>
<arg>${json_data['results'][0]}</arg>
<doc>Logs the given message with the given level.</doc>
<status status="PASS" start="2024-04-24T12:30:12.747401" elapsed="0.000414"/>
</kw>
<kw name="Log" owner="BuiltIn">
<msg time="2024-04-24T12:30:12.748229" level="INFO">login</msg>
<arg>${key}</arg>
<doc>Logs the given message with the given level.</doc>
<status status="PASS" start="2024-04-24T12:30:12.748104" elapsed="0.000163"/>
</kw>
<var name="${key}">login</var>
<status status="PASS" start="2024-04-24T12:30:12.746576" elapsed="0.001930"/>
</iter>
<var>${key}</var>
<value>@{expected_keys}</value>
<status status="PASS" start="2024-04-24T12:30:12.737664" elapsed="0.010965"/>
</for>
<kw name="Create List" owner="BuiltIn">
<msg time="2024-04-24T12:30:12.748999" level="INFO">${expected_keysTwo} = ['username', 'password']</msg>
<var>${expected_keysTwo}</var>
<arg>username</arg>
<arg>password</arg>
<doc>Returns a list containing given items.</doc>
<status status="PASS" start="2024-04-24T12:30:12.748861" elapsed="0.000161"/>
</kw>
<for flavor="IN">
<iter>
<kw name="Dictionary Should Contain Key" owner="Collections">
<msg time="2024-04-24T12:30:12.749901" level="INFO">False</msg>
<arg>${json_data['results'][0]['login']}</arg>
<arg>${keyTwo}</arg>
<doc>Fails if ``key`` is not found from ``dictionary``.</doc>
<status status="PASS" start="2024-04-24T12:30:12.749512" elapsed="0.000425"/>
</kw>
<kw name="Dictionary Should Contain Key" owner="Collections">
<msg time="2024-04-24T12:30:12.750607" level="INFO">False</msg>
<arg>${json_data['results'][0]['login']}</arg>
<arg>${keyTwo}</arg>
<doc>Fails if ``key`` is not found from ``dictionary``.</doc>
<status status="PASS" start="2024-04-24T12:30:12.750222" elapsed="0.000421"/>
</kw>
<kw name="Log" owner="BuiltIn">
<msg time="2024-04-24T12:30:12.751065" level="INFO">username</msg>
<arg>${keyTwo}</arg>
<doc>Logs the given message with the given level.</doc>
<status status="PASS" start="2024-04-24T12:30:12.750940" elapsed="0.000166"/>
</kw>
<var name="${keyTwo}">username</var>
<status status="PASS" start="2024-04-24T12:30:12.749404" elapsed="0.001912"/>
</iter>
<iter>
<kw name="Dictionary Should Contain Key" owner="Collections">
<msg time="2024-04-24T12:30:12.752050" level="INFO">False</msg>
<arg>${json_data['results'][0]['login']}</arg>
<arg>${keyTwo}</arg>
<doc>Fails if ``key`` is not found from ``dictionary``.</doc>
<status status="PASS" start="2024-04-24T12:30:12.751588" elapsed="0.000506"/>
</kw>
<kw name="Dictionary Should Contain Key" owner="Collections">
<msg time="2024-04-24T12:30:12.752805" level="INFO">False</msg>
<arg>${json_data['results'][0]['login']}</arg>
<arg>${keyTwo}</arg>
<doc>Fails if ``key`` is not found from ``dictionary``.</doc>
<status status="PASS" start="2024-04-24T12:30:12.752388" elapsed="0.000456"/>
</kw>
<kw name="Log" owner="BuiltIn">
<msg time="2024-04-24T12:30:12.753271" level="INFO">password</msg>
<arg>${keyTwo}</arg>
<doc>Logs the given message with the given level.</doc>
<status status="PASS" start="2024-04-24T12:30:12.753144" elapsed="0.000164"/>
</kw>
<var name="${keyTwo}">password</var>
<status status="PASS" start="2024-04-24T12:30:12.751481" elapsed="0.002040"/>
</iter>
<var>${keyTwo}</var>
<value>@{expected_keysTwo}</value>
<status status="PASS" start="2024-04-24T12:30:12.749253" elapsed="0.004385"/>
</for>
<status status="PASS" start="2024-04-24T12:30:12.624842" elapsed="0.128936"/>
</kw>
<doc>Testa a estrutura da resposta da API.</doc>
<tag>testeEstruturaResposta</tag>
<status status="PASS" start="2024-04-24T12:30:12.624282" elapsed="0.129651"/>
</test>
<test id="s1-s1-t4" name="Validar tipos de dados" line="28">
<kw name="Teste de Tipos de Dados" owner="random-user-service">
<kw name="GET On Session" owner="RequestsLibrary">
<msg time="2024-04-24T12:30:12.834695" level="INFO">GET Request : url=https://randomuser.me/api 
 path_url=/api 
 headers={'User-Agent': 'python-requests/2.31.0', 'Accept-Encoding': 'gzip, deflate', 'Accept': '*/*', 'Connection': 'keep-alive'} 
 body=None 
 </msg>
<msg time="2024-04-24T12:30:12.834775" level="INFO">GET Response : url=https://randomuser.me/api 
 status=200, reason=OK 
 headers={'Date': 'Wed, 24 Apr 2024 12:30:12 GMT', 'Content-Type': 'application/json; charset=utf-8', 'Transfer-Encoding': 'chunked', 'Connection': 'keep-alive', 'X-Powered-By': 'Express', 'Access-Control-Allow-Origin': '*', 'Cache-Control': 'no-cache', 'ETag': 'W/"479-8uaOrYDl6scdhkHcC+b0/ut1qVw"', 'Vary': 'Accept-Encoding', 'Content-Encoding': 'gzip', 'CF-Cache-Status': 'DYNAMIC', 'Report-To': '{"endpoints":[{"url":"https:\\/\\/a.nel.cloudflare.com\\/report\\/v4?s=F6QtssWoGU6TKgfkBlh%2FdVNWnuXa6DyH02JxuRUrXwDWcTL4m2FhHUtHVVU%2Fuj1ySv4P2Y0%2Btu8DvFBV2ntmPHfzwI8QsWmsKKcobEgxJmvm2z7I1fb8z8vL%2BJZRr0HL"}],"group":"cf-nel","max_age":604800}', 'NEL': '{"success_fraction":0,"report_to":"cf-nel","max_age":604800}', 'Server': 'cloudflare', 'CF-RAY': '87961a71bd529c2b-IAD', 'alt-svc': 'h3=":443"; ma=86400'} 
 body={"results":[{"gender":"male","name":{"title":"Mr","first":"آریا","last":"صدر"},"location":{"street":{"number":6911,"name":"تقوی"},"city":"گرگان","state":"سمنان","country":"Iran","postcode":81541,"coordinates":{"latitude":"20.3898","longitude":"-150.5055"},"timezone":{"offset":"+4:00","description":"Abu Dhabi, Muscat, Baku, Tbilisi"}},"email":"ary.sdr@example.com","login":{"uuid":"269b2f6c-f508-4950-bece-4f13d1c67f06","username":"silverwolf346","password":"trailers","salt":"8wdGKwaB","md5":"4b6c6a012d960f2c4e13efb50d3250d6","sha1":"e28a68a01bc97f067c16a70ada74d22ffa5681ff","sha256":"34c864b533803e2575f7fad0e17311106ff11bf797f06a829f2adfe811ff415c"},"dob":{"date":"1998-09-12T11:51:58.168Z","age":25},"registered":{"date":"2003-10-19T16:50:02.592Z","age":20},"phone":"081-73490459","cell":"0964-961-5098","id":{"name":"","value":null},"picture":{"large":"https://randomuser.me/api/portraits/men/21.jpg","medium":"https://randomuser.me/api/portraits/med/men/21.jpg","thumbnail":"https://randomuser.me/api/portraits/thumb/men/21.jpg"},"nat":"IR"}],"info":{"seed":"01a5ff4b9594264d","results":1,"page":1,"version":"1.4"}} 
 </msg>
<msg time="2024-04-24T12:30:12.834851" level="INFO">/opt/hostedtoolcache/Python/3.12.3/x64/lib/python3.12/site-packages/urllib3/connectionpool.py:1103: InsecureRequestWarning: Unverified HTTPS request is being made to host 'randomuser.me'. Adding certificate verification is strongly advised. See: https://urllib3.readthedocs.io/en/latest/advanced-usage.html#tls-warnings
  warnings.warn(</msg>
<msg time="2024-04-24T12:30:12.834961" level="INFO">${response} = &lt;Response [200]&gt;</msg>
<var>${response}</var>
<arg>consultarAPI</arg>
<arg>/api</arg>
<doc>Sends a GET request on a previously created HTTP Session.</doc>
<status status="PASS" start="2024-04-24T12:30:12.756355" elapsed="0.078655"/>
</kw>
<kw name="Set Variable" owner="BuiltIn">
<msg time="2024-04-24T12:30:12.836107" level="INFO">${json_data} = {'results': [{'gender': 'male', 'name': {'title': 'Mr', 'first': 'آریا', 'last': 'صدر'}, 'location': {'street': {'number': 6911, 'name': 'تقوی'}, 'city': 'گرگان', 'state': 'سمنان', 'country': 'Iran', ...</msg>
<var>${json_data}</var>
<arg>${response.json()}</arg>
<doc>Returns the given values which can then be assigned to a variables.</doc>
<status status="PASS" start="2024-04-24T12:30:12.835555" elapsed="0.000583"/>
</kw>
<kw name="Log" owner="BuiltIn">
<msg time="2024-04-24T12:30:12.836600" level="INFO">{'results': [{'gender': 'male', 'name': {'title': 'Mr', 'first': 'آریا', 'last': 'صدر'}, 'location': {'street': {'number': 6911, 'name': 'تقوی'}, 'city': 'گرگان', 'state': 'سمنان', 'country': 'Iran', 'postcode': 81541, 'coordinates': {'latitude': '20.3898', 'longitude': '-150.5055'}, 'timezone': {'offset': '+4:00', 'description': 'Abu Dhabi, Muscat, Baku, Tbilisi'}}, 'email': 'ary.sdr@example.com', 'login': {'uuid': '269b2f6c-f508-4950-bece-4f13d1c67f06', 'username': 'silverwolf346', 'password': 'trailers', 'salt': '8wdGKwaB', 'md5': '4b6c6a012d960f2c4e13efb50d3250d6', 'sha1': 'e28a68a01bc97f067c16a70ada74d22ffa5681ff', 'sha256': '34c864b533803e2575f7fad0e17311106ff11bf797f06a829f2adfe811ff415c'}, 'dob': {'date': '1998-09-12T11:51:58.168Z', 'age': 25}, 'registered': {'date': '2003-10-19T16:50:02.592Z', 'age': 20}, 'phone': '081-73490459', 'cell': '0964-961-5098', 'id': {'name': '', 'value': None}, 'picture': {'large': 'https://randomuser.me/api/portraits/men/21.jpg', 'medium': 'https://randomuser.me/api/portraits/med/men/21.jpg', 'thumbnail': 'https://randomuser.me/api/portraits/thumb/men/21.jpg'}, 'nat': 'IR'}], 'info': {'seed': '01a5ff4b9594264d', 'results': 1, 'page': 1, 'version': '1.4'}}</msg>
<arg>${json_data}</arg>
<doc>Logs the given message with the given level.</doc>
<status status="PASS" start="2024-04-24T12:30:12.836443" elapsed="0.000239"/>
</kw>
<kw name="Should Be String" owner="String">
<arg>${json_data['results'][0]['gender']}</arg>
<doc>Fails if the given ``item`` is not a string.</doc>
<status status="PASS" start="2024-04-24T12:30:12.837026" elapsed="0.000364"/>
</kw>
<kw name="Should Match Regexp" owner="BuiltIn">
<arg>${json_data['results'][0]['email']}</arg>
<arg>^[a-zA-Z0-9._%+-]+@[a-zA-Z0-9.-]+\.[a-zA-Z]{2,}$</arg>
<doc>Fails if ``string`` does not match ``pattern`` as a regular expression.</doc>
<status status="PASS" start="2024-04-24T12:30:12.837583" elapsed="0.000520"/>
</kw>
<kw name="Should Match Regexp" owner="BuiltIn">
<arg>${json_data['results'][0]['dob']['date']}</arg>
<arg>\\d{4}-\\d{2}-\\d{2}T\\d{2}:\\d{2}:\\d{2}\\.\\d{3}Z</arg>
<doc>Fails if ``string`` does not match ``pattern`` as a regular expression.</doc>
<status status="PASS" start="2024-04-24T12:30:12.838296" elapsed="0.000488"/>
</kw>
<kw name="Should Match Regexp" owner="BuiltIn">
<arg>${json_data['results'][0]['registered']['date']}</arg>
<arg>\\d{4}-\\d{2}-\\d{2}T\\d{2}:\\d{2}:\\d{2}\\.\\d{3}Z</arg>
<doc>Fails if ``string`` does not match ``pattern`` as a regular expression.</doc>
<status status="PASS" start="2024-04-24T12:30:12.838972" elapsed="0.000363"/>
</kw>
<kw name="Should Match Regexp" owner="BuiltIn">
<arg>${json_data['results'][0]['picture']['large']}</arg>
<arg>^https?://.*\.(?:png|jpe?g|gif|bmp)$</arg>
<doc>Fails if ``string`` does not match ``pattern`` as a regular expression.</doc>
<status status="PASS" start="2024-04-24T12:30:12.839519" elapsed="0.000464"/>
</kw>
<kw name="Should Match Regexp" owner="BuiltIn">
<arg>${json_data['results'][0]['picture']['medium']}</arg>
<arg>^https?://.*\.(?:png|jpe?g|gif|bmp)$</arg>
<doc>Fails if ``string`` does not match ``pattern`` as a regular expression.</doc>
<status status="PASS" start="2024-04-24T12:30:12.840168" elapsed="0.000370"/>
</kw>
<kw name="Should Match Regexp" owner="BuiltIn">
<arg>${json_data['results'][0]['picture']['thumbnail']}</arg>
<arg>^https?://.*\.(?:png|jpe?g|gif|bmp)$</arg>
<doc>Fails if ``string`` does not match ``pattern`` as a regular expression.</doc>
<status status="PASS" start="2024-04-24T12:30:12.840770" elapsed="0.000372"/>
</kw>
<kw name="Log" owner="BuiltIn">
<msg time="2024-04-24T12:30:12.841650" level="INFO">{'large': 'https://randomuser.me/api/portraits/men/21.jpg', 'medium': 'https://randomuser.me/api/portraits/med/men/21.jpg', 'thumbnail': 'https://randomuser.me/api/portraits/thumb/men/21.jpg'}</msg>
<arg>${json_data['results'][0]['picture']}</arg>
<doc>Logs the given message with the given level.</doc>
<status status="PASS" start="2024-04-24T12:30:12.841324" elapsed="0.000367"/>
</kw>
<status status="PASS" start="2024-04-24T12:30:12.756128" elapsed="0.085811"/>
</kw>
<kw name="Teste de Tipos de Dados - Postcode" owner="random-user-service">
<kw name="GET On Session" owner="RequestsLibrary">
<msg time="2024-04-24T12:30:12.915566" level="INFO">GET Request : url=https://randomuser.me/api 
 path_url=/api 
 headers={'User-Agent': 'python-requests/2.31.0', 'Accept-Encoding': 'gzip, deflate', 'Accept': '*/*', 'Connection': 'keep-alive'} 
 body=None 
 </msg>
<msg time="2024-04-24T12:30:12.915645" level="INFO">GET Response : url=https://randomuser.me/api 
 status=200, reason=OK 
 headers={'Date': 'Wed, 24 Apr 2024 12:30:12 GMT', 'Content-Type': 'application/json; charset=utf-8', 'Transfer-Encoding': 'chunked', 'Connection': 'keep-alive', 'X-Powered-By': 'Express', 'Access-Control-Allow-Origin': '*', 'Cache-Control': 'no-cache', 'ETag': 'W/"499-cCf5OrHjNA9Buu2zZLfqLHaH1qo"', 'Vary': 'Accept-Encoding', 'Content-Encoding': 'gzip', 'CF-Cache-Status': 'DYNAMIC', 'Report-To': '{"endpoints":[{"url":"https:\\/\\/a.nel.cloudflare.com\\/report\\/v4?s=pmCXiLcZgrjvxVvEXtGGIa9qlFI8UnrEFnUtIhqR4ysw0lcdIguy9NlkEf%2B61utHzh9W%2BEcLpJB1%2FQkfwoAr6%2B%2Fmqyv0rOYuGF4%2FY1f0QeeFgCxMSnnFtab%2BfvkMFUDC"}],"group":"cf-nel","max_age":604800}', 'NEL': '{"success_fraction":0,"report_to":"cf-nel","max_age":604800}', 'Server': 'cloudflare', 'CF-RAY': '87961a724dda9c2b-IAD', 'alt-svc': 'h3=":443"; ma=86400'} 
 body={"results":[{"gender":"female","name":{"title":"Mrs","first":"Cloé","last":"da Mota"},"location":{"street":{"number":993,"name":"Rua Dezesseis de Maio"},"city":"São Leopoldo","state":"Maranhão","country":"Brazil","postcode":83901,"coordinates":{"latitude":"-74.6236","longitude":"169.4830"},"timezone":{"offset":"+7:00","description":"Bangkok, Hanoi, Jakarta"}},"email":"cloe.damota@example.com","login":{"uuid":"245d14e5-da8c-48c9-9350-291299a497d9","username":"angrydog627","password":"finger","salt":"PHWIVMJo","md5":"bd4c1ac451aba61576aa32aba30a5cd9","sha1":"188e14fa586dd4524bcb27d1c5e0ffe5adb9a704","sha256":"1096a5554e0f50df91f1e643fa2f15c8eba70de4da68aed20a46ec61ec9f3e95"},"dob":{"date":"1951-04-08T11:00:06.615Z","age":73},"registered":{"date":"2005-05-21T02:46:14.320Z","age":18},"phone":"(66) 2648-5394","cell":"(32) 4986-1498","id":{"name":"CPF","value":"705.729.434-87"},"picture":{"large":"https://randomuser.me/api/portraits/women/58.jpg","medium":"https://randomuser.me/api/portraits/med/women/58.jpg","thumbnail":"https://randomuser.me/api/portraits/thumb/women/58.jpg"},"nat":"BR"}],"info":{"seed":"a0e0535c4a8dc241","results":1,"page":1,"version":"1.4"}} 
 </msg>
<msg time="2024-04-24T12:30:12.915702" level="INFO">/opt/hostedtoolcache/Python/3.12.3/x64/lib/python3.12/site-packages/urllib3/connectionpool.py:1103: InsecureRequestWarning: Unverified HTTPS request is being made to host 'randomuser.me'. Adding certificate verification is strongly advised. See: https://urllib3.readthedocs.io/en/latest/advanced-usage.html#tls-warnings
  warnings.warn(</msg>
<msg time="2024-04-24T12:30:12.915787" level="INFO">${response} = &lt;Response [200]&gt;</msg>
<var>${response}</var>
<arg>consultarAPI</arg>
<arg>/api</arg>
<doc>Sends a GET request on a previously created HTTP Session.</doc>
<status status="PASS" start="2024-04-24T12:30:12.842378" elapsed="0.073448"/>
</kw>
<kw name="Set Variable" owner="BuiltIn">
<msg time="2024-04-24T12:30:12.916884" level="INFO">${json_data} = {'results': [{'gender': 'female', 'name': {'title': 'Mrs', 'first': 'Cloé', 'last': 'da Mota'}, 'location': {'street': {'number': 993, 'name': 'Rua Dezesseis de Maio'}, 'city': 'São Leopoldo', 'state'...</msg>
<var>${json_data}</var>
<arg>${response.json()}</arg>
<doc>Returns the given values which can then be assigned to a variables.</doc>
<status status="PASS" start="2024-04-24T12:30:12.916276" elapsed="0.000637"/>
</kw>
<kw name="Log" owner="BuiltIn">
<msg time="2024-04-24T12:30:12.917377" level="INFO">{'results': [{'gender': 'female', 'name': {'title': 'Mrs', 'first': 'Cloé', 'last': 'da Mota'}, 'location': {'street': {'number': 993, 'name': 'Rua Dezesseis de Maio'}, 'city': 'São Leopoldo', 'state': 'Maranhão', 'country': 'Brazil', 'postcode': 83901, 'coordinates': {'latitude': '-74.6236', 'longitude': '169.4830'}, 'timezone': {'offset': '+7:00', 'description': 'Bangkok, Hanoi, Jakarta'}}, 'email': 'cloe.damota@example.com', 'login': {'uuid': '245d14e5-da8c-48c9-9350-291299a497d9', 'username': 'angrydog627', 'password': 'finger', 'salt': 'PHWIVMJo', 'md5': 'bd4c1ac451aba61576aa32aba30a5cd9', 'sha1': '188e14fa586dd4524bcb27d1c5e0ffe5adb9a704', 'sha256': '1096a5554e0f50df91f1e643fa2f15c8eba70de4da68aed20a46ec61ec9f3e95'}, 'dob': {'date': '1951-04-08T11:00:06.615Z', 'age': 73}, 'registered': {'date': '2005-05-21T02:46:14.320Z', 'age': 18}, 'phone': '(66) 2648-5394', 'cell': '(32) 4986-1498', 'id': {'name': 'CPF', 'value': '705.729.434-87'}, 'picture': {'large': 'https://randomuser.me/api/portraits/women/58.jpg', 'medium': 'https://randomuser.me/api/portraits/med/women/58.jpg', 'thumbnail': 'https://randomuser.me/api/portraits/thumb/women/58.jpg'}, 'nat': 'BR'}], 'info': {'seed': 'a0e0535c4a8dc241', 'results': 1, 'page': 1, 'version': '1.4'}}</msg>
<arg>${json_data}</arg>
<doc>Logs the given message with the given level.</doc>
<status status="PASS" start="2024-04-24T12:30:12.917223" elapsed="0.000232"/>
</kw>
<kw name="Should Be Equal As Numbers" owner="BuiltIn">
<arg>${json_data['results'][0]['location']['postcode']}</arg>
<arg>${json_data['results'][0]['location']['postcode']}</arg>
<doc>Fails if objects are unequal after converting them to real numbers.</doc>
<status status="PASS" start="2024-04-24T12:30:12.917876" elapsed="0.000628"/>
</kw>
<kw name="Log" owner="BuiltIn">
<msg time="2024-04-24T12:30:12.919038" level="INFO">83901</msg>
<arg>${json_data['results'][0]['location']['postcode']}</arg>
<doc>Logs the given message with the given level.</doc>
<status status="PASS" start="2024-04-24T12:30:12.918693" elapsed="0.000384"/>
</kw>
<status status="PASS" start="2024-04-24T12:30:12.842150" elapsed="0.077175"/>
</kw>
<doc>Testa se os tipos de dados na resposta da API estão corretos.</doc>
<tag>testeTiposDados</tag>
<status status="PASS" start="2024-04-24T12:30:12.755685" elapsed="0.163796"/>
</test>
<test id="s1-s1-t5" name="Validar conteudo" line="35">
<kw name="Teste de Tipos de Conteudo" owner="random-user-service">
<kw name="GET On Session" owner="RequestsLibrary">
<msg time="2024-04-24T12:30:13.025341" level="INFO">GET Request : url=https://randomuser.me/api 
 path_url=/api 
 headers={'User-Agent': 'python-requests/2.31.0', 'Accept-Encoding': 'gzip, deflate', 'Accept': '*/*', 'Connection': 'keep-alive'} 
 body=None 
 </msg>
<msg time="2024-04-24T12:30:13.025420" level="INFO">GET Response : url=https://randomuser.me/api 
 status=200, reason=OK 
 headers={'Date': 'Wed, 24 Apr 2024 12:30:13 GMT', 'Content-Type': 'application/json; charset=utf-8', 'Transfer-Encoding': 'chunked', 'Connection': 'keep-alive', 'X-Powered-By': 'Express', 'Access-Control-Allow-Origin': '*', 'Cache-Control': 'no-cache', 'ETag': 'W/"4a4-pYDiWuWMdyo4LTFaX+K91MmG9pY"', 'Vary': 'Accept-Encoding', 'Content-Encoding': 'gzip', 'CF-Cache-Status': 'DYNAMIC', 'Report-To': '{"endpoints":[{"url":"https:\\/\\/a.nel.cloudflare.com\\/report\\/v4?s=dwXVJZqa2S8uKJF1lRUYlUOKQ8hOkFJLaAUI9%2B1lUtvuY5gkjQMl56FR0x7pR5MtvbbaM4aIcrbCdlUcnM0TMVpNEbTwV22uOfVcAIf6l1%2FYhrg%2B91qoCA9GRupH5DvF"}],"group":"cf-nel","max_age":604800}', 'NEL': '{"success_fraction":0,"report_to":"cf-nel","max_age":604800}', 'Server': 'cloudflare', 'CF-RAY': '87961a72ce5e9c2b-IAD', 'alt-svc': 'h3=":443"; ma=86400'} 
 body={"results":[{"gender":"female","name":{"title":"Ms","first":"Aubrey","last":"Montgomery"},"location":{"street":{"number":8989,"name":"Homestead Rd"},"city":"Downey","state":"South Carolina","country":"United States","postcode":91893,"coordinates":{"latitude":"85.3521","longitude":"146.4689"},"timezone":{"offset":"-3:00","description":"Brazil, Buenos Aires, Georgetown"}},"email":"aubrey.montgomery@example.com","login":{"uuid":"19e5e63c-ed70-48cd-a287-7d5a54635e0f","username":"lazykoala876","password":"kkkkkk","salt":"YEcFX14k","md5":"dd2abbb6f93790dba685f93536ade289","sha1":"f4b3987a55b59c234b95b136d1ddd82cbc8fe17c","sha256":"da9f276e27c2abbe9859457c89c59590f73f7cec005af5951c03e8b81169f119"},"dob":{"date":"1965-03-04T00:39:59.618Z","age":59},"registered":{"date":"2015-02-11T12:51:40.677Z","age":9},"phone":"(442) 490-9115","cell":"(547) 658-9100","id":{"name":"SSN","value":"093-62-7777"},"picture":{"large":"https://randomuser.me/api/portraits/women/33.jpg","medium":"https://randomuser.me/api/portraits/med/women/33.jpg","thumbnail":"https://randomuser.me/api/portraits/thumb/women/33.jpg"},"nat":"US"}],"info":{"seed":"70ba74335466c44b","results":1,"page":1,"version":"1.4"}} 
 </msg>
<msg time="2024-04-24T12:30:13.025487" level="INFO">/opt/hostedtoolcache/Python/3.12.3/x64/lib/python3.12/site-packages/urllib3/connectionpool.py:1103: InsecureRequestWarning: Unverified HTTPS request is being made to host 'randomuser.me'. Adding certificate verification is strongly advised. See: https://urllib3.readthedocs.io/en/latest/advanced-usage.html#tls-warnings
  warnings.warn(</msg>
<msg time="2024-04-24T12:30:13.025602" level="INFO">${response} = &lt;Response [200]&gt;</msg>
<var>${response}</var>
<arg>consultarAPI</arg>
<arg>/api</arg>
<doc>Sends a GET request on a previously created HTTP Session.</doc>
<status status="PASS" start="2024-04-24T12:30:12.922014" elapsed="0.103635"/>
</kw>
<kw name="Set Variable" owner="BuiltIn">
<msg time="2024-04-24T12:30:13.026709" level="INFO">${json_data} = {'results': [{'gender': 'female', 'name': {'title': 'Ms', 'first': 'Aubrey', 'last': 'Montgomery'}, 'location': {'street': {'number': 8989, 'name': 'Homestead Rd'}, 'city': 'Downey', 'state': 'South C...</msg>
<var>${json_data}</var>
<arg>${response.json()}</arg>
<doc>Returns the given values which can then be assigned to a variables.</doc>
<status status="PASS" start="2024-04-24T12:30:13.026141" elapsed="0.000596"/>
</kw>
<kw name="Set Variable" owner="BuiltIn">
<msg time="2024-04-24T12:30:13.027422" level="INFO">${name_title} = Ms</msg>
<var>${name_title}</var>
<arg>${json_data["results"][0]["name"]["title"]}</arg>
<doc>Returns the given values which can then be assigned to a variables.</doc>
<status status="PASS" start="2024-04-24T12:30:13.027038" elapsed="0.000408"/>
</kw>
<kw name="Create List" owner="BuiltIn">
<msg time="2024-04-24T12:30:13.027888" level="INFO">${allowed_titles} = ['Mr', 'Ms', 'Miss', 'Mrs', 'Madame', 'Monsieur']</msg>
<var>${allowed_titles}</var>
<arg>Mr</arg>
<arg>Ms</arg>
<arg>Miss</arg>
<arg>Mrs</arg>
<arg>Madame</arg>
<arg>Monsieur</arg>
<doc>Returns a list containing given items.</doc>
<status status="PASS" start="2024-04-24T12:30:13.027742" elapsed="0.000170"/>
</kw>
<kw name="List Should Contain Value" owner="Collections">
<msg time="2024-04-24T12:30:13.028380" level="INFO">False</msg>
<arg>${allowed_titles}</arg>
<arg>${name_title}</arg>
<doc>Fails if the ``value`` is not found from ``list``.</doc>
<status status="PASS" start="2024-04-24T12:30:13.028212" elapsed="0.000204"/>
</kw>
<kw name="Set Variable" owner="BuiltIn">
<msg time="2024-04-24T12:30:13.029132" level="INFO">${name_country} = US</msg>
<var>${name_country}</var>
<arg>${json_data["results"][0]["nat"]}</arg>
<doc>Returns the given values which can then be assigned to a variables.</doc>
<status status="PASS" start="2024-04-24T12:30:13.028737" elapsed="0.000420"/>
</kw>
<kw name="Create List" owner="BuiltIn">
<msg time="2024-04-24T12:30:13.030046" level="INFO">${list_country} = ['AD', 'AE', 'AF', 'AG', 'AI', 'AL', 'AM', 'AO', 'AQ', 'AR', 'AS', 'AT', 'AU', 'AW', 'AX', 'AZ', 'BA', 'BB', 'BD', 'BE', 'BF', 'BG', 'BH', 'BI', 'BJ', 'BL', 'BM', 'BN', 'BO', 'BQ', 'BR', 'BS', 'BT', '...</msg>
<var>${list_country}</var>
<arg>AD</arg>
<arg>AE</arg>
<arg>AF</arg>
<arg>AG</arg>
<arg>AI</arg>
<arg>AL</arg>
<arg>AM</arg>
<arg>AO</arg>
<arg>AQ</arg>
<arg>AR</arg>
<arg>AS</arg>
<arg>AT</arg>
<arg>AU</arg>
<arg>AW</arg>
<arg>AX</arg>
<arg>AZ</arg>
<arg>BA</arg>
<arg>BB</arg>
<arg>BD</arg>
<arg>BE</arg>
<arg>BF</arg>
<arg>BG</arg>
<arg>BH</arg>
<arg>BI</arg>
<arg>BJ</arg>
<arg>BL</arg>
<arg>BM</arg>
<arg>BN</arg>
<arg>BO</arg>
<arg>BQ</arg>
<arg>BR</arg>
<arg>BS</arg>
<arg>BT</arg>
<arg>BV</arg>
<arg>BW</arg>
<arg>BY</arg>
<arg>BZ</arg>
<arg>CA</arg>
<arg>CC</arg>
<arg>CD</arg>
<arg>CF</arg>
<arg>CG</arg>
<arg>CH</arg>
<arg>CI</arg>
<arg>CK</arg>
<arg>CL</arg>
<arg>CM</arg>
<arg>CN</arg>
<arg>CO</arg>
<arg>CR</arg>
<arg>CU</arg>
<arg>CV</arg>
<arg>CW</arg>
<arg>CX</arg>
<arg>CY</arg>
<arg>CZ</arg>
<arg>DE</arg>
<arg>DJ</arg>
<arg>DK</arg>
<arg>DM</arg>
<arg>DO</arg>
<arg>DZ</arg>
<arg>EC</arg>
<arg>EE</arg>
<arg>EG</arg>
<arg>EH</arg>
<arg>ER</arg>
<arg>ES</arg>
<arg>ET</arg>
<arg>FI</arg>
<arg>FJ</arg>
<arg>FK</arg>
<arg>FM</arg>
<arg>FO</arg>
<arg>FR</arg>
<arg>GA</arg>
<arg>GB</arg>
<arg>GD</arg>
<arg>GE</arg>
<arg>GF</arg>
<arg>GG</arg>
<arg>GH</arg>
<arg>GI</arg>
<arg>GL</arg>
<arg>GM</arg>
<arg>GN</arg>
<arg>GP</arg>
<arg>GQ</arg>
<arg>GR</arg>
<arg>GS</arg>
<arg>GT</arg>
<arg>GU</arg>
<arg>GW</arg>
<arg>GY</arg>
<arg>HK</arg>
<arg>HM</arg>
<arg>HN</arg>
<arg>HR</arg>
<arg>HT</arg>
<arg>HU</arg>
<arg>ID</arg>
<arg>IE</arg>
<arg>IL</arg>
<arg>IM</arg>
<arg>IN</arg>
<arg>IO</arg>
<arg>IQ</arg>
<arg>IR</arg>
<arg>IS</arg>
<arg>IT</arg>
<arg>JE</arg>
<arg>JM</arg>
<arg>JO</arg>
<arg>JP</arg>
<arg>KE</arg>
<arg>KG</arg>
<arg>KH</arg>
<arg>KI</arg>
<arg>KM</arg>
<arg>KN</arg>
<arg>KP</arg>
<arg>KR</arg>
<arg>KW</arg>
<arg>KY</arg>
<arg>KZ</arg>
<arg>LA</arg>
<arg>LB</arg>
<arg>LC</arg>
<arg>LI</arg>
<arg>LK</arg>
<arg>LR</arg>
<arg>LS</arg>
<arg>LT</arg>
<arg>LU</arg>
<arg>LV</arg>
<arg>LY</arg>
<arg>MA</arg>
<arg>MC</arg>
<arg>MD</arg>
<arg>ME</arg>
<arg>MF</arg>
<arg>MG</arg>
<arg>MH</arg>
<arg>MK</arg>
<arg>ML</arg>
<arg>MM</arg>
<arg>MN</arg>
<arg>MO</arg>
<arg>MP</arg>
<arg>MQ</arg>
<arg>MR</arg>
<arg>MS</arg>
<arg>MT</arg>
<arg>MU</arg>
<arg>MV</arg>
<arg>MW</arg>
<arg>MX</arg>
<arg>MY</arg>
<arg>MZ</arg>
<arg>NA</arg>
<arg>NC</arg>
<arg>NE</arg>
<arg>NF</arg>
<arg>NG</arg>
<arg>NI</arg>
<arg>NL</arg>
<arg>NO</arg>
<arg>NP</arg>
<arg>NR</arg>
<arg>NU</arg>
<arg>NZ</arg>
<arg>OM</arg>
<arg>PA</arg>
<arg>PE</arg>
<arg>PF</arg>
<arg>PG</arg>
<arg>PH</arg>
<arg>PK</arg>
<arg>PL</arg>
<arg>PM</arg>
<arg>PN</arg>
<arg>PR</arg>
<arg>PS</arg>
<arg>PT</arg>
<arg>PW</arg>
<arg>PY</arg>
<arg>QA</arg>
<arg>RE</arg>
<arg>RO</arg>
<arg>RS</arg>
<arg>RU</arg>
<arg>RW</arg>
<arg>SA</arg>
<arg>SB</arg>
<arg>SC</arg>
<arg>SD</arg>
<arg>SE</arg>
<arg>SG</arg>
<arg>SH</arg>
<arg>SI</arg>
<arg>SJ</arg>
<arg>SK</arg>
<arg>SL</arg>
<arg>SM</arg>
<arg>SN</arg>
<arg>SO</arg>
<arg>SR</arg>
<arg>SS</arg>
<arg>ST</arg>
<arg>SV</arg>
<arg>SX</arg>
<arg>SY</arg>
<arg>SZ</arg>
<arg>TC</arg>
<arg>TD</arg>
<arg>TF</arg>
<arg>TG</arg>
<arg>TH</arg>
<arg>TJ</arg>
<arg>TK</arg>
<arg>TL</arg>
<arg>TM</arg>
<arg>TN</arg>
<arg>TO</arg>
<arg>TR</arg>
<arg>TT</arg>
<arg>TV</arg>
<arg>TW</arg>
<arg>TZ</arg>
<arg>UA</arg>
<arg>UG</arg>
<arg>UM</arg>
<arg>US</arg>
<arg>UY</arg>
<arg>UZ</arg>
<arg>VA</arg>
<arg>VC</arg>
<arg>VE</arg>
<arg>VG</arg>
<arg>VI</arg>
<arg>VN</arg>
<arg>VU</arg>
<arg>WF</arg>
<arg>WS</arg>
<arg>XK</arg>
<arg>YE</arg>
<arg>YT</arg>
<arg>ZA</arg>
<arg>ZM</arg>
<arg>ZW</arg>
<doc>Returns a list containing given items.</doc>
<status status="PASS" start="2024-04-24T12:30:13.029456" elapsed="0.000615"/>
</kw>
<kw name="List Should Contain Value" owner="Collections">
<msg time="2024-04-24T12:30:13.031056" level="INFO">False</msg>
<arg>${list_country}</arg>
<arg>${name_country}</arg>
<doc>Fails if the ``value`` is not found from ``list``.</doc>
<status status="PASS" start="2024-04-24T12:30:13.030856" elapsed="0.000236"/>
</kw>
<kw name="Run Keyword If" owner="BuiltIn">
<kw name="Should Be True" owner="BuiltIn">
<arg>${True}</arg>
<doc>Fails if the given condition is not true.</doc>
<status status="PASS" start="2024-04-24T12:30:13.032160" elapsed="0.000244"/>
</kw>
<arg>${json_data["results"][0]["location"]["coordinates"]["latitude"]} &gt;= -90 and ${json_data["results"][0]["location"]["coordinates"]["latitude"]} &lt;= 90</arg>
<arg>Should Be True</arg>
<arg>${True}</arg>
<doc>Runs the given keyword with the given arguments, if ``condition`` is true.</doc>
<status status="PASS" start="2024-04-24T12:30:13.031397" elapsed="0.001136"/>
</kw>
<kw name="Run Keyword If" owner="BuiltIn">
<kw name="Should Be True" owner="BuiltIn">
<arg>${True}</arg>
<doc>Fails if the given condition is not true.</doc>
<status status="PASS" start="2024-04-24T12:30:13.033473" elapsed="0.000138"/>
</kw>
<arg>${json_data["results"][0]["location"]["coordinates"]["longitude"]} &gt;= -180 and ${json_data["results"][0]["location"]["coordinates"]["longitude"]} &lt;= 180</arg>
<arg>Should Be True</arg>
<arg>${True}</arg>
<doc>Runs the given keyword with the given arguments, if ``condition`` is true.</doc>
<status status="PASS" start="2024-04-24T12:30:13.032751" elapsed="0.000984"/>
</kw>
<status status="PASS" start="2024-04-24T12:30:12.921784" elapsed="0.112085"/>
</kw>
<doc>Testa o conteúdo específico dos campos retornados pela API.</doc>
<tag>testeConteudo</tag>
<status status="PASS" start="2024-04-24T12:30:12.921340" elapsed="0.112671"/>
</test>
<status status="PASS" start="2024-04-24T12:30:12.031658" elapsed="1.004403"/>
</suite>
<status status="PASS" start="2024-04-24T12:30:12.017969" elapsed="1.023478"/>
</suite>
<statistics>
<total>
<stat pass="5" fail="0" skip="0">All Tests</stat>
</total>
<tag>
<stat pass="1" fail="0" skip="0">testeConteudo</stat>
<stat pass="1" fail="0" skip="0">testeEstruturaResposta</stat>
<stat pass="1" fail="0" skip="0">testeRequisicaoBasica</stat>
<stat pass="1" fail="0" skip="0">testeTiposDados</stat>
</tag>
<suite>
<stat pass="5" fail="0" skip="0" id="s1" name="Tests">Tests</stat>
<stat pass="5" fail="0" skip="0" id="s1-s1" name="Random-User-Test">Tests.Random-User-Test</stat>
</suite>
</statistics>
<errors>
</errors>
</robot>
