<?xml version="1.0" encoding="UTF-8"?>
<robot generator="Robot 7.0 (Python 3.12.2 on linux)" generated="2024-04-08T09:15:02.404554" rpa="false" schemaversion="5">
<suite id="s1" name="Tests" source="/home/runner/work/DesafioQAItauRogerioJordao/DesafioQAItauRogerioJordao/RamdonUser/tests">
<suite id="s1-s1" name="Random-User-Test" source="/home/runner/work/DesafioQAItauRogerioJordao/DesafioQAItauRogerioJordao/RamdonUser/tests/random-user-test.robot">
<test id="s1-s1-t1" name="Conectar" line="13">
<kw name="Conectar API" owner="random-user-service">
<kw name="Create Session" owner="RequestsLibrary">
<msg time="2024-04-08T09:15:02.772864" level="INFO">Creating Session using : alias=consultarAPI, url=https://randomuser.me/, headers={},                     cookies={}, auth=None, timeout=None, proxies=None, verify=False,                     debug=0 </msg>
<arg>consultarAPI</arg>
<arg>${URL}</arg>
<doc>Create Session: create a HTTP session to a server</doc>
<status status="PASS" start="2024-04-08T09:15:02.772653" elapsed="0.000419"/>
</kw>
<status status="PASS" start="2024-04-08T09:15:02.771445" elapsed="0.002015"/>
</kw>
<status status="PASS" start="2024-04-08T09:15:02.770770" elapsed="0.002917"/>
</test>
<test id="s1-s1-t2" name="Validar retorno 200 e JSON Válido" line="16">
<kw name="Teste de Requisicao Basica" owner="random-user-service">
<kw name="GET On Session" owner="RequestsLibrary">
<msg time="2024-04-08T09:15:03.100611" level="INFO">GET Request : url=https://randomuser.me/api 
 path_url=/api 
 headers={'User-Agent': 'python-requests/2.31.0', 'Accept-Encoding': 'gzip, deflate', 'Accept': '*/*', 'Connection': 'keep-alive'} 
 body=None 
 </msg>
<msg time="2024-04-08T09:15:03.100763" level="INFO">GET Response : url=https://randomuser.me/api 
 status=200, reason=OK 
 headers={'Date': 'Mon, 08 Apr 2024 09:15:03 GMT', 'Content-Type': 'application/json; charset=utf-8', 'Transfer-Encoding': 'chunked', 'Connection': 'keep-alive', 'X-Powered-By': 'Express', 'Access-Control-Allow-Origin': '*', 'Cache-Control': 'no-cache', 'ETag': 'W/"483-6c8DMfmJh73TFTj8Xs2Mw3JApsk"', 'Vary': 'Accept-Encoding', 'Content-Encoding': 'gzip', 'CF-Cache-Status': 'DYNAMIC', 'Report-To': '{"endpoints":[{"url":"https:\\/\\/a.nel.cloudflare.com\\/report\\/v4?s=ylcPk3kdAV1JnEHvTfxRlVI56q0D6KuQunzN7v0QfhICoXu1VtTpyEhG%2FBZbqeLaPhivZ5fUSyASbBuhLYkK9R4%2Fg5OXcp1N38yn29s9tsVcNjHSK2fCKdsXStp%2FG5KR"}],"group":"cf-nel","max_age":604800}', 'NEL': '{"success_fraction":0,"report_to":"cf-nel","max_age":604800}', 'Server': 'cloudflare', 'CF-RAY': '8711268f99f107cf-IAD', 'alt-svc': 'h3=":443"; ma=86400'} 
 body={"results":[{"gender":"female","name":{"title":"Ms","first":"Anette","last":"Hølland"},"location":{"street":{"number":4817,"name":"Høyboveien"},"city":"Botten","state":"Nordland","country":"Norway","postcode":"9023","coordinates":{"latitude":"39.2462","longitude":"83.1016"},"timezone":{"offset":"+2:00","description":"Kaliningrad, South Africa"}},"email":"anette.holland@example.com","login":{"uuid":"16c87618-8748-4933-93d8-8523846e87b4","username":"orangeleopard428","password":"spanker","salt":"EsGJomgl","md5":"e2774e05c1c4da85da4151d1ca4993b8","sha1":"637b5600c7c3089520f1307fb9f750507441651e","sha256":"1ce27bd60bc2f68ab148525055379d83df87971db40d91c80dbe8af5323e654c"},"dob":{"date":"1953-03-22T02:53:55.583Z","age":71},"registered":{"date":"2006-07-21T20:51:11.315Z","age":17},"phone":"33954629","cell":"92330528","id":{"name":"FN","value":"22035314664"},"picture":{"large":"https://randomuser.me/api/portraits/women/52.jpg","medium":"https://randomuser.me/api/portraits/med/women/52.jpg","thumbnail":"https://randomuser.me/api/portraits/thumb/women/52.jpg"},"nat":"NO"}],"info":{"seed":"144df92399235df0","results":1,"page":1,"version":"1.4"}} 
 </msg>
<msg time="2024-04-08T09:15:03.100850" level="INFO">/opt/hostedtoolcache/Python/3.12.2/x64/lib/python3.12/site-packages/urllib3/connectionpool.py:1103: InsecureRequestWarning: Unverified HTTPS request is being made to host 'randomuser.me'. Adding certificate verification is strongly advised. See: https://urllib3.readthedocs.io/en/latest/advanced-usage.html#tls-warnings
  warnings.warn(</msg>
<msg time="2024-04-08T09:15:03.101016" level="INFO">${response} = &lt;Response [200]&gt;</msg>
<var>${response}</var>
<arg>consultarAPI</arg>
<arg>/api</arg>
<doc>Sends a GET request on a previously created HTTP Session.</doc>
<status status="PASS" start="2024-04-08T09:15:02.776331" elapsed="0.324730"/>
</kw>
<kw name="Should Be Equal As Numbers" owner="BuiltIn">
<msg time="2024-04-08T09:15:03.102078" level="INFO">Argument types are:
&lt;class 'int'&gt;
&lt;class 'str'&gt;</msg>
<arg>${response.status_code}</arg>
<arg>200</arg>
<doc>Fails if objects are unequal after converting them to real numbers.</doc>
<status status="PASS" start="2024-04-08T09:15:03.101619" elapsed="0.000524"/>
</kw>
<kw name="Log" owner="BuiltIn">
<msg time="2024-04-08T09:15:03.102816" level="INFO">200</msg>
<arg>${response.status_code}</arg>
<doc>Logs the given message with the given level.</doc>
<status status="PASS" start="2024-04-08T09:15:03.102467" elapsed="0.000391"/>
</kw>
<kw name="Set Variable" owner="BuiltIn">
<msg time="2024-04-08T09:15:03.103710" level="INFO">${json_data} = {'results': [{'gender': 'female', 'name': {'title': 'Ms', 'first': 'Anette', 'last': 'Hølland'}, 'location': {'street': {'number': 4817, 'name': 'Høyboveien'}, 'city': 'Botten', 'state': 'Nordland', '...</msg>
<var>${json_data}</var>
<arg>${response.json()}</arg>
<doc>Returns the given values which can then be assigned to a variables.</doc>
<status status="PASS" start="2024-04-08T09:15:03.103212" elapsed="0.000527"/>
</kw>
<kw name="Dictionary Should Contain Key" owner="Collections">
<msg time="2024-04-08T09:15:03.104214" level="INFO">False</msg>
<arg>${json_data}</arg>
<arg>results</arg>
<doc>Fails if ``key`` is not found from ``dictionary``.</doc>
<status status="PASS" start="2024-04-08T09:15:03.104041" elapsed="0.000212"/>
</kw>
<status status="PASS" start="2024-04-08T09:15:02.776060" elapsed="0.328462"/>
</kw>
<doc>Testa se a API responde corretamente e retorna um objeto JSON válido.</doc>
<tag>testeRequisicaoBasica</tag>
<status status="PASS" start="2024-04-08T09:15:02.775578" elapsed="0.329132"/>
</test>
<test id="s1-s1-t3" name="Validar estrutura de resposta" line="22">
<kw name="Teste de Estrutura de Resposta" owner="random-user-service">
<kw name="GET On Session" owner="RequestsLibrary">
<msg time="2024-04-08T09:15:03.176200" level="INFO">GET Request : url=https://randomuser.me/api 
 path_url=/api 
 headers={'User-Agent': 'python-requests/2.31.0', 'Accept-Encoding': 'gzip, deflate', 'Accept': '*/*', 'Connection': 'keep-alive'} 
 body=None 
 </msg>
<msg time="2024-04-08T09:15:03.176318" level="INFO">GET Response : url=https://randomuser.me/api 
 status=200, reason=OK 
 headers={'Date': 'Mon, 08 Apr 2024 09:15:03 GMT', 'Content-Type': 'application/json; charset=utf-8', 'Transfer-Encoding': 'chunked', 'Connection': 'keep-alive', 'X-Powered-By': 'Express', 'Access-Control-Allow-Origin': '*', 'Cache-Control': 'no-cache', 'ETag': 'W/"4af-940X/raIRudx6qBAtQJuc1BzyjU"', 'Vary': 'Accept-Encoding', 'Content-Encoding': 'gzip', 'CF-Cache-Status': 'DYNAMIC', 'Report-To': '{"endpoints":[{"url":"https:\\/\\/a.nel.cloudflare.com\\/report\\/v4?s=lOUEF%2BBb9ffCFwp71LvBTRqqE2z5TYoxIyt3f2AGHF18lwZt13iVpyRTX5s2rSWCY5MxzqODxpc8hK4BKr1tvs2g71w3L4YKN%2BhVRQjTTUIekFtrY4ZILoXEJpPTb62K"}],"group":"cf-nel","max_age":604800}', 'NEL': '{"success_fraction":0,"report_to":"cf-nel","max_age":604800}', 'Server': 'cloudflare', 'CF-RAY': '871126906a9907cf-IAD', 'alt-svc': 'h3=":443"; ma=86400'} 
 body={"results":[{"gender":"female","name":{"title":"Ms","first":"Fernanda","last":"Jesus"},"location":{"street":{"number":1137,"name":"Rua Espirito Santo "},"city":"Teófilo Otoni","state":"São Paulo","country":"Brazil","postcode":81014,"coordinates":{"latitude":"-76.4793","longitude":"40.0509"},"timezone":{"offset":"+3:00","description":"Baghdad, Riyadh, Moscow, St. Petersburg"}},"email":"fernanda.jesus@example.com","login":{"uuid":"58d915ef-c76c-4507-a6ea-4b11c4b12251","username":"redelephant743","password":"tyvugq","salt":"BzVubCAA","md5":"fd4f5338f2902be4c66b255d6a7d80fc","sha1":"594187132ba6a8e63ebea238f8034bca617570d6","sha256":"1f2c3cedad0b9e2bf7d7b71dfa7c85bb966f696ce33aa9b6761abe11605e2a78"},"dob":{"date":"1951-07-11T19:55:20.991Z","age":72},"registered":{"date":"2004-02-29T02:21:24.013Z","age":20},"phone":"(37) 0113-1366","cell":"(51) 8221-1968","id":{"name":"CPF","value":"213.664.316-09"},"picture":{"large":"https://randomuser.me/api/portraits/women/78.jpg","medium":"https://randomuser.me/api/portraits/med/women/78.jpg","thumbnail":"https://randomuser.me/api/portraits/thumb/women/78.jpg"},"nat":"BR"}],"info":{"seed":"b68234b2ec08dbdb","results":1,"page":1,"version":"1.4"}} 
 </msg>
<msg time="2024-04-08T09:15:03.176495" level="INFO">/opt/hostedtoolcache/Python/3.12.2/x64/lib/python3.12/site-packages/urllib3/connectionpool.py:1103: InsecureRequestWarning: Unverified HTTPS request is being made to host 'randomuser.me'. Adding certificate verification is strongly advised. See: https://urllib3.readthedocs.io/en/latest/advanced-usage.html#tls-warnings
  warnings.warn(</msg>
<msg time="2024-04-08T09:15:03.176670" level="INFO">${response} = &lt;Response [200]&gt;</msg>
<var>${response}</var>
<arg>consultarAPI</arg>
<arg>/api</arg>
<doc>Sends a GET request on a previously created HTTP Session.</doc>
<status status="PASS" start="2024-04-08T09:15:03.107419" elapsed="0.069300"/>
</kw>
<kw name="Set Variable" owner="BuiltIn">
<msg time="2024-04-08T09:15:03.177819" level="INFO">${json_data} = {'results': [{'gender': 'female', 'name': {'title': 'Ms', 'first': 'Fernanda', 'last': 'Jesus'}, 'location': {'street': {'number': 1137, 'name': 'Rua Espirito Santo '}, 'city': 'Teófilo Otoni', 'state...</msg>
<var>${json_data}</var>
<arg>${response.json()}</arg>
<doc>Returns the given values which can then be assigned to a variables.</doc>
<status status="PASS" start="2024-04-08T09:15:03.177267" elapsed="0.000582"/>
</kw>
<kw name="Log" owner="BuiltIn">
<msg time="2024-04-08T09:15:03.178340" level="INFO">{'results': [{'gender': 'female', 'name': {'title': 'Ms', 'first': 'Fernanda', 'last': 'Jesus'}, 'location': {'street': {'number': 1137, 'name': 'Rua Espirito Santo '}, 'city': 'Teófilo Otoni', 'state': 'São Paulo', 'country': 'Brazil', 'postcode': 81014, 'coordinates': {'latitude': '-76.4793', 'longitude': '40.0509'}, 'timezone': {'offset': '+3:00', 'description': 'Baghdad, Riyadh, Moscow, St. Petersburg'}}, 'email': 'fernanda.jesus@example.com', 'login': {'uuid': '58d915ef-c76c-4507-a6ea-4b11c4b12251', 'username': 'redelephant743', 'password': 'tyvugq', 'salt': 'BzVubCAA', 'md5': 'fd4f5338f2902be4c66b255d6a7d80fc', 'sha1': '594187132ba6a8e63ebea238f8034bca617570d6', 'sha256': '1f2c3cedad0b9e2bf7d7b71dfa7c85bb966f696ce33aa9b6761abe11605e2a78'}, 'dob': {'date': '1951-07-11T19:55:20.991Z', 'age': 72}, 'registered': {'date': '2004-02-29T02:21:24.013Z', 'age': 20}, 'phone': '(37) 0113-1366', 'cell': '(51) 8221-1968', 'id': {'name': 'CPF', 'value': '213.664.316-09'}, 'picture': {'large': 'https://randomuser.me/api/portraits/women/78.jpg', 'medium': 'https://randomuser.me/api/portraits/med/women/78.jpg', 'thumbnail': 'https://randomuser.me/api/portraits/thumb/women/78.jpg'}, 'nat': 'BR'}], 'info': {'seed': 'b68234b2ec08dbdb', 'results': 1, 'page': 1, 'version': '1.4'}}</msg>
<arg>${json_data}</arg>
<doc>Logs the given message with the given level.</doc>
<status status="PASS" start="2024-04-08T09:15:03.178172" elapsed="0.000218"/>
</kw>
<kw name="Dictionary Should Contain Key" owner="Collections">
<msg time="2024-04-08T09:15:03.178865" level="INFO">False</msg>
<arg>${json_data}</arg>
<arg>results</arg>
<doc>Fails if ``key`` is not found from ``dictionary``.</doc>
<status status="PASS" start="2024-04-08T09:15:03.178701" elapsed="0.000202"/>
</kw>
<kw name="Should Not Be Empty" owner="BuiltIn">
<msg time="2024-04-08T09:15:03.179342" level="INFO">Length is 2.</msg>
<arg>${json_data}</arg>
<doc>Verifies that the given item is not empty.</doc>
<status status="PASS" start="2024-04-08T09:15:03.179205" elapsed="0.000177"/>
</kw>
<kw name="Create List" owner="BuiltIn">
<msg time="2024-04-08T09:15:03.179874" level="INFO">${expected_keys} = ['gender', 'name', 'location', 'email', 'login']</msg>
<var>${expected_keys}</var>
<arg>gender</arg>
<arg>name</arg>
<arg>location</arg>
<arg>email</arg>
<arg>login</arg>
<doc>Returns a list containing given items.</doc>
<status status="PASS" start="2024-04-08T09:15:03.179717" elapsed="0.000182"/>
</kw>
<for flavor="IN">
<iter>
<kw name="Dictionary Should Contain Key" owner="Collections">
<msg time="2024-04-08T09:15:03.180900" level="INFO">False</msg>
<arg>${json_data['results'][0]}</arg>
<arg>${key}</arg>
<doc>Fails if ``key`` is not found from ``dictionary``.</doc>
<status status="PASS" start="2024-04-08T09:15:03.180489" elapsed="0.000451"/>
</kw>
<kw name="Log" owner="BuiltIn">
<msg time="2024-04-08T09:15:03.181635" level="INFO">{'gender': 'female', 'name': {'title': 'Ms', 'first': 'Fernanda', 'last': 'Jesus'}, 'location': {'street': {'number': 1137, 'name': 'Rua Espirito Santo '}, 'city': 'Teófilo Otoni', 'state': 'São Paulo', 'country': 'Brazil', 'postcode': 81014, 'coordinates': {'latitude': '-76.4793', 'longitude': '40.0509'}, 'timezone': {'offset': '+3:00', 'description': 'Baghdad, Riyadh, Moscow, St. Petersburg'}}, 'email': 'fernanda.jesus@example.com', 'login': {'uuid': '58d915ef-c76c-4507-a6ea-4b11c4b12251', 'username': 'redelephant743', 'password': 'tyvugq', 'salt': 'BzVubCAA', 'md5': 'fd4f5338f2902be4c66b255d6a7d80fc', 'sha1': '594187132ba6a8e63ebea238f8034bca617570d6', 'sha256': '1f2c3cedad0b9e2bf7d7b71dfa7c85bb966f696ce33aa9b6761abe11605e2a78'}, 'dob': {'date': '1951-07-11T19:55:20.991Z', 'age': 72}, 'registered': {'date': '2004-02-29T02:21:24.013Z', 'age': 20}, 'phone': '(37) 0113-1366', 'cell': '(51) 8221-1968', 'id': {'name': 'CPF', 'value': '213.664.316-09'}, 'picture': {'large': 'https://randomuser.me/api/portraits/women/78.jpg', 'medium': 'https://randomuser.me/api/portraits/med/women/78.jpg', 'thumbnail': 'https://randomuser.me/api/portraits/thumb/women/78.jpg'}, 'nat': 'BR'}</msg>
<arg>${json_data['results'][0]}</arg>
<doc>Logs the given message with the given level.</doc>
<status status="PASS" start="2024-04-08T09:15:03.181259" elapsed="0.000432"/>
</kw>
<kw name="Log" owner="BuiltIn">
<msg time="2024-04-08T09:15:03.182134" level="INFO">gender</msg>
<arg>${key}</arg>
<doc>Logs the given message with the given level.</doc>
<status status="PASS" start="2024-04-08T09:15:03.182002" elapsed="0.000171"/>
</kw>
<var name="${key}">gender</var>
<status status="PASS" start="2024-04-08T09:15:03.180361" elapsed="0.002035"/>
</iter>
<iter>
<kw name="Dictionary Should Contain Key" owner="Collections">
<msg time="2024-04-08T09:15:03.183096" level="INFO">False</msg>
<arg>${json_data['results'][0]}</arg>
<arg>${key}</arg>
<doc>Fails if ``key`` is not found from ``dictionary``.</doc>
<status status="PASS" start="2024-04-08T09:15:03.182705" elapsed="0.000462"/>
</kw>
<kw name="Log" owner="BuiltIn">
<msg time="2024-04-08T09:15:03.183878" level="INFO">{'gender': 'female', 'name': {'title': 'Ms', 'first': 'Fernanda', 'last': 'Jesus'}, 'location': {'street': {'number': 1137, 'name': 'Rua Espirito Santo '}, 'city': 'Teófilo Otoni', 'state': 'São Paulo', 'country': 'Brazil', 'postcode': 81014, 'coordinates': {'latitude': '-76.4793', 'longitude': '40.0509'}, 'timezone': {'offset': '+3:00', 'description': 'Baghdad, Riyadh, Moscow, St. Petersburg'}}, 'email': 'fernanda.jesus@example.com', 'login': {'uuid': '58d915ef-c76c-4507-a6ea-4b11c4b12251', 'username': 'redelephant743', 'password': 'tyvugq', 'salt': 'BzVubCAA', 'md5': 'fd4f5338f2902be4c66b255d6a7d80fc', 'sha1': '594187132ba6a8e63ebea238f8034bca617570d6', 'sha256': '1f2c3cedad0b9e2bf7d7b71dfa7c85bb966f696ce33aa9b6761abe11605e2a78'}, 'dob': {'date': '1951-07-11T19:55:20.991Z', 'age': 72}, 'registered': {'date': '2004-02-29T02:21:24.013Z', 'age': 20}, 'phone': '(37) 0113-1366', 'cell': '(51) 8221-1968', 'id': {'name': 'CPF', 'value': '213.664.316-09'}, 'picture': {'large': 'https://randomuser.me/api/portraits/women/78.jpg', 'medium': 'https://randomuser.me/api/portraits/med/women/78.jpg', 'thumbnail': 'https://randomuser.me/api/portraits/thumb/women/78.jpg'}, 'nat': 'BR'}</msg>
<arg>${json_data['results'][0]}</arg>
<doc>Logs the given message with the given level.</doc>
<status status="PASS" start="2024-04-08T09:15:03.183502" elapsed="0.000426"/>
</kw>
<kw name="Log" owner="BuiltIn">
<msg time="2024-04-08T09:15:03.184356" level="INFO">name</msg>
<arg>${key}</arg>
<doc>Logs the given message with the given level.</doc>
<status status="PASS" start="2024-04-08T09:15:03.184226" elapsed="0.000169"/>
</kw>
<var name="${key}">name</var>
<status status="PASS" start="2024-04-08T09:15:03.182588" elapsed="0.002026"/>
</iter>
<iter>
<kw name="Dictionary Should Contain Key" owner="Collections">
<msg time="2024-04-08T09:15:03.185291" level="INFO">False</msg>
<arg>${json_data['results'][0]}</arg>
<arg>${key}</arg>
<doc>Fails if ``key`` is not found from ``dictionary``.</doc>
<status status="PASS" start="2024-04-08T09:15:03.184909" elapsed="0.000419"/>
</kw>
<kw name="Log" owner="BuiltIn">
<msg time="2024-04-08T09:15:03.185985" level="INFO">{'gender': 'female', 'name': {'title': 'Ms', 'first': 'Fernanda', 'last': 'Jesus'}, 'location': {'street': {'number': 1137, 'name': 'Rua Espirito Santo '}, 'city': 'Teófilo Otoni', 'state': 'São Paulo', 'country': 'Brazil', 'postcode': 81014, 'coordinates': {'latitude': '-76.4793', 'longitude': '40.0509'}, 'timezone': {'offset': '+3:00', 'description': 'Baghdad, Riyadh, Moscow, St. Petersburg'}}, 'email': 'fernanda.jesus@example.com', 'login': {'uuid': '58d915ef-c76c-4507-a6ea-4b11c4b12251', 'username': 'redelephant743', 'password': 'tyvugq', 'salt': 'BzVubCAA', 'md5': 'fd4f5338f2902be4c66b255d6a7d80fc', 'sha1': '594187132ba6a8e63ebea238f8034bca617570d6', 'sha256': '1f2c3cedad0b9e2bf7d7b71dfa7c85bb966f696ce33aa9b6761abe11605e2a78'}, 'dob': {'date': '1951-07-11T19:55:20.991Z', 'age': 72}, 'registered': {'date': '2004-02-29T02:21:24.013Z', 'age': 20}, 'phone': '(37) 0113-1366', 'cell': '(51) 8221-1968', 'id': {'name': 'CPF', 'value': '213.664.316-09'}, 'picture': {'large': 'https://randomuser.me/api/portraits/women/78.jpg', 'medium': 'https://randomuser.me/api/portraits/med/women/78.jpg', 'thumbnail': 'https://randomuser.me/api/portraits/thumb/women/78.jpg'}, 'nat': 'BR'}</msg>
<arg>${json_data['results'][0]}</arg>
<doc>Logs the given message with the given level.</doc>
<status status="PASS" start="2024-04-08T09:15:03.185624" elapsed="0.000416"/>
</kw>
<kw name="Log" owner="BuiltIn">
<msg time="2024-04-08T09:15:03.186461" level="INFO">location</msg>
<arg>${key}</arg>
<doc>Logs the given message with the given level.</doc>
<status status="PASS" start="2024-04-08T09:15:03.186334" elapsed="0.000166"/>
</kw>
<var name="${key}">location</var>
<status status="PASS" start="2024-04-08T09:15:03.184795" elapsed="0.001921"/>
</iter>
<iter>
<kw name="Dictionary Should Contain Key" owner="Collections">
<msg time="2024-04-08T09:15:03.187384" level="INFO">False</msg>
<arg>${json_data['results'][0]}</arg>
<arg>${key}</arg>
<doc>Fails if ``key`` is not found from ``dictionary``.</doc>
<status status="PASS" start="2024-04-08T09:15:03.187000" elapsed="0.000445"/>
</kw>
<kw name="Log" owner="BuiltIn">
<msg time="2024-04-08T09:15:03.188110" level="INFO">{'gender': 'female', 'name': {'title': 'Ms', 'first': 'Fernanda', 'last': 'Jesus'}, 'location': {'street': {'number': 1137, 'name': 'Rua Espirito Santo '}, 'city': 'Teófilo Otoni', 'state': 'São Paulo', 'country': 'Brazil', 'postcode': 81014, 'coordinates': {'latitude': '-76.4793', 'longitude': '40.0509'}, 'timezone': {'offset': '+3:00', 'description': 'Baghdad, Riyadh, Moscow, St. Petersburg'}}, 'email': 'fernanda.jesus@example.com', 'login': {'uuid': '58d915ef-c76c-4507-a6ea-4b11c4b12251', 'username': 'redelephant743', 'password': 'tyvugq', 'salt': 'BzVubCAA', 'md5': 'fd4f5338f2902be4c66b255d6a7d80fc', 'sha1': '594187132ba6a8e63ebea238f8034bca617570d6', 'sha256': '1f2c3cedad0b9e2bf7d7b71dfa7c85bb966f696ce33aa9b6761abe11605e2a78'}, 'dob': {'date': '1951-07-11T19:55:20.991Z', 'age': 72}, 'registered': {'date': '2004-02-29T02:21:24.013Z', 'age': 20}, 'phone': '(37) 0113-1366', 'cell': '(51) 8221-1968', 'id': {'name': 'CPF', 'value': '213.664.316-09'}, 'picture': {'large': 'https://randomuser.me/api/portraits/women/78.jpg', 'medium': 'https://randomuser.me/api/portraits/med/women/78.jpg', 'thumbnail': 'https://randomuser.me/api/portraits/thumb/women/78.jpg'}, 'nat': 'BR'}</msg>
<arg>${json_data['results'][0]}</arg>
<doc>Logs the given message with the given level.</doc>
<status status="PASS" start="2024-04-08T09:15:03.187751" elapsed="0.000408"/>
</kw>
<kw name="Log" owner="BuiltIn">
<msg time="2024-04-08T09:15:03.188590" level="INFO">email</msg>
<arg>${key}</arg>
<doc>Logs the given message with the given level.</doc>
<status status="PASS" start="2024-04-08T09:15:03.188461" elapsed="0.000167"/>
</kw>
<var name="${key}">email</var>
<status status="PASS" start="2024-04-08T09:15:03.186889" elapsed="0.001962"/>
</iter>
<iter>
<kw name="Dictionary Should Contain Key" owner="Collections">
<msg time="2024-04-08T09:15:03.189657" level="INFO">False</msg>
<arg>${json_data['results'][0]}</arg>
<arg>${key}</arg>
<doc>Fails if ``key`` is not found from ``dictionary``.</doc>
<status status="PASS" start="2024-04-08T09:15:03.189178" elapsed="0.000520"/>
</kw>
<kw name="Log" owner="BuiltIn">
<msg time="2024-04-08T09:15:03.190489" level="INFO">{'gender': 'female', 'name': {'title': 'Ms', 'first': 'Fernanda', 'last': 'Jesus'}, 'location': {'street': {'number': 1137, 'name': 'Rua Espirito Santo '}, 'city': 'Teófilo Otoni', 'state': 'São Paulo', 'country': 'Brazil', 'postcode': 81014, 'coordinates': {'latitude': '-76.4793', 'longitude': '40.0509'}, 'timezone': {'offset': '+3:00', 'description': 'Baghdad, Riyadh, Moscow, St. Petersburg'}}, 'email': 'fernanda.jesus@example.com', 'login': {'uuid': '58d915ef-c76c-4507-a6ea-4b11c4b12251', 'username': 'redelephant743', 'password': 'tyvugq', 'salt': 'BzVubCAA', 'md5': 'fd4f5338f2902be4c66b255d6a7d80fc', 'sha1': '594187132ba6a8e63ebea238f8034bca617570d6', 'sha256': '1f2c3cedad0b9e2bf7d7b71dfa7c85bb966f696ce33aa9b6761abe11605e2a78'}, 'dob': {'date': '1951-07-11T19:55:20.991Z', 'age': 72}, 'registered': {'date': '2004-02-29T02:21:24.013Z', 'age': 20}, 'phone': '(37) 0113-1366', 'cell': '(51) 8221-1968', 'id': {'name': 'CPF', 'value': '213.664.316-09'}, 'picture': {'large': 'https://randomuser.me/api/portraits/women/78.jpg', 'medium': 'https://randomuser.me/api/portraits/med/women/78.jpg', 'thumbnail': 'https://randomuser.me/api/portraits/thumb/women/78.jpg'}, 'nat': 'BR'}</msg>
<arg>${json_data['results'][0]}</arg>
<doc>Logs the given message with the given level.</doc>
<status status="PASS" start="2024-04-08T09:15:03.190051" elapsed="0.000493"/>
</kw>
<kw name="Log" owner="BuiltIn">
<msg time="2024-04-08T09:15:03.191093" level="INFO">login</msg>
<arg>${key}</arg>
<doc>Logs the given message with the given level.</doc>
<status status="PASS" start="2024-04-08T09:15:03.190938" elapsed="0.000212"/>
</kw>
<var name="${key}">login</var>
<status status="PASS" start="2024-04-08T09:15:03.189045" elapsed="0.002393"/>
</iter>
<var>${key}</var>
<value>@{expected_keys}</value>
<status status="PASS" start="2024-04-08T09:15:03.180165" elapsed="0.011433"/>
</for>
<kw name="Create List" owner="BuiltIn">
<msg time="2024-04-08T09:15:03.192021" level="INFO">${expected_keysTwo} = ['username', 'password']</msg>
<var>${expected_keysTwo}</var>
<arg>username</arg>
<arg>password</arg>
<doc>Returns a list containing given items.</doc>
<status status="PASS" start="2024-04-08T09:15:03.191846" elapsed="0.000205"/>
</kw>
<for flavor="IN">
<iter>
<kw name="Dictionary Should Contain Key" owner="Collections">
<msg time="2024-04-08T09:15:03.193102" level="INFO">False</msg>
<arg>${json_data['results'][0]['login']}</arg>
<arg>${keyTwo}</arg>
<doc>Fails if ``key`` is not found from ``dictionary``.</doc>
<status status="PASS" start="2024-04-08T09:15:03.192711" elapsed="0.000429"/>
</kw>
<kw name="Dictionary Should Contain Key" owner="Collections">
<msg time="2024-04-08T09:15:03.193837" level="INFO">False</msg>
<arg>${json_data['results'][0]['login']}</arg>
<arg>${keyTwo}</arg>
<doc>Fails if ``key`` is not found from ``dictionary``.</doc>
<status status="PASS" start="2024-04-08T09:15:03.193457" elapsed="0.000418"/>
</kw>
<kw name="Log" owner="BuiltIn">
<msg time="2024-04-08T09:15:03.194318" level="INFO">username</msg>
<arg>${keyTwo}</arg>
<doc>Logs the given message with the given level.</doc>
<status status="PASS" start="2024-04-08T09:15:03.194186" elapsed="0.000171"/>
</kw>
<var name="${keyTwo}">username</var>
<status status="PASS" start="2024-04-08T09:15:03.192596" elapsed="0.001996"/>
</iter>
<iter>
<kw name="Dictionary Should Contain Key" owner="Collections">
<msg time="2024-04-08T09:15:03.195255" level="INFO">False</msg>
<arg>${json_data['results'][0]['login']}</arg>
<arg>${keyTwo}</arg>
<doc>Fails if ``key`` is not found from ``dictionary``.</doc>
<status status="PASS" start="2024-04-08T09:15:03.194878" elapsed="0.000415"/>
</kw>
<kw name="Dictionary Should Contain Key" owner="Collections">
<msg time="2024-04-08T09:15:03.196012" level="INFO">False</msg>
<arg>${json_data['results'][0]['login']}</arg>
<arg>${keyTwo}</arg>
<doc>Fails if ``key`` is not found from ``dictionary``.</doc>
<status status="PASS" start="2024-04-08T09:15:03.195629" elapsed="0.000420"/>
</kw>
<kw name="Log" owner="BuiltIn">
<msg time="2024-04-08T09:15:03.196469" level="INFO">password</msg>
<arg>${keyTwo}</arg>
<doc>Logs the given message with the given level.</doc>
<status status="PASS" start="2024-04-08T09:15:03.196341" elapsed="0.000165"/>
</kw>
<var name="${keyTwo}">password</var>
<status status="PASS" start="2024-04-08T09:15:03.194767" elapsed="0.001953"/>
</iter>
<var>${keyTwo}</var>
<value>@{expected_keysTwo}</value>
<status status="PASS" start="2024-04-08T09:15:03.192306" elapsed="0.004536"/>
</for>
<status status="PASS" start="2024-04-08T09:15:03.107165" elapsed="0.089822"/>
</kw>
<doc>Testa a estrutura da resposta da API.</doc>
<tag>testeEstruturaResposta</tag>
<status status="PASS" start="2024-04-08T09:15:03.106513" elapsed="0.090644"/>
</test>
<test id="s1-s1-t4" name="Validar tipos de dados" line="28">
<kw name="Teste de Tipos de Dados" owner="random-user-service">
<kw name="GET On Session" owner="RequestsLibrary">
<msg time="2024-04-08T09:15:03.267323" level="INFO">GET Request : url=https://randomuser.me/api 
 path_url=/api 
 headers={'User-Agent': 'python-requests/2.31.0', 'Accept-Encoding': 'gzip, deflate', 'Accept': '*/*', 'Connection': 'keep-alive'} 
 body=None 
 </msg>
<msg time="2024-04-08T09:15:03.267480" level="INFO">GET Response : url=https://randomuser.me/api 
 status=200, reason=OK 
 headers={'Date': 'Mon, 08 Apr 2024 09:15:03 GMT', 'Content-Type': 'application/json; charset=utf-8', 'Transfer-Encoding': 'chunked', 'Connection': 'keep-alive', 'X-Powered-By': 'Express', 'Access-Control-Allow-Origin': '*', 'Cache-Control': 'no-cache', 'ETag': 'W/"48b-R6WyELA1W5ljHTGSzKAX1GVAYnQ"', 'Vary': 'Accept-Encoding', 'Content-Encoding': 'gzip', 'CF-Cache-Status': 'DYNAMIC', 'Report-To': '{"endpoints":[{"url":"https:\\/\\/a.nel.cloudflare.com\\/report\\/v4?s=ksrSMaoa22u7NfrLv2Wlc%2B42XXT9egSgGxH1wPSHR63e5ty3u34RrSBBFh2Z3c0S0BzC1u42AUFSG%2Brv%2FIAZq2yfBUYQPOEy4dM00JWV5JftBZvlKFrVgpuuDsPr63jC"}],"group":"cf-nel","max_age":604800}', 'NEL': '{"success_fraction":0,"report_to":"cf-nel","max_age":604800}', 'Server': 'cloudflare', 'CF-RAY': '871126910b0c07cf-IAD', 'alt-svc': 'h3=":443"; ma=86400'} 
 body={"results":[{"gender":"female","name":{"title":"Ms","first":"آوین","last":"رضایی"},"location":{"street":{"number":9592,"name":"قائم مقام فراهانی"},"city":"کرج","state":"گیلان","country":"Iran","postcode":71381,"coordinates":{"latitude":"14.8066","longitude":"126.7213"},"timezone":{"offset":"-11:00","description":"Midway Island, Samoa"}},"email":"awyn.rdyy@example.com","login":{"uuid":"13e0f9ef-a805-4644-a7db-7600245b1fa7","username":"sadkoala459","password":"smokes","salt":"GdwAqqiD","md5":"f4521608363ec2d60863e4cf3a1634be","sha1":"908ae175b673b37096bee60e646169262ac3d099","sha256":"f7e2687b3626d9b0c57eb57d7def3e31183db2f4ae26bc7b7eae32a0d23f85ea"},"dob":{"date":"1947-01-01T06:58:20.693Z","age":77},"registered":{"date":"2002-11-19T08:11:14.597Z","age":21},"phone":"033-60964938","cell":"0969-242-9939","id":{"name":"","value":null},"picture":{"large":"https://randomuser.me/api/portraits/women/14.jpg","medium":"https://randomuser.me/api/portraits/med/women/14.jpg","thumbnail":"https://randomuser.me/api/portraits/thumb/women/14.jpg"},"nat":"IR"}],"info":{"seed":"053fa88edd32bd79","results":1,"page":1,"version":"1.4"}} 
 </msg>
<msg time="2024-04-08T09:15:03.267581" level="INFO">/opt/hostedtoolcache/Python/3.12.2/x64/lib/python3.12/site-packages/urllib3/connectionpool.py:1103: InsecureRequestWarning: Unverified HTTPS request is being made to host 'randomuser.me'. Adding certificate verification is strongly advised. See: https://urllib3.readthedocs.io/en/latest/advanced-usage.html#tls-warnings
  warnings.warn(</msg>
<msg time="2024-04-08T09:15:03.267742" level="INFO">${response} = &lt;Response [200]&gt;</msg>
<var>${response}</var>
<arg>consultarAPI</arg>
<arg>/api</arg>
<doc>Sends a GET request on a previously created HTTP Session.</doc>
<status status="PASS" start="2024-04-08T09:15:03.199680" elapsed="0.068113"/>
</kw>
<kw name="Set Variable" owner="BuiltIn">
<msg time="2024-04-08T09:15:03.268903" level="INFO">${json_data} = {'results': [{'gender': 'female', 'name': {'title': 'Ms', 'first': 'آوین', 'last': 'رضایی'}, 'location': {'street': {'number': 9592, 'name': 'قائم مقام فراهانی'}, 'city': 'کرج', 'state': 'گیلان', 'cou...</msg>
<var>${json_data}</var>
<arg>${response.json()}</arg>
<doc>Returns the given values which can then be assigned to a variables.</doc>
<status status="PASS" start="2024-04-08T09:15:03.268363" elapsed="0.000575"/>
</kw>
<kw name="Log" owner="BuiltIn">
<msg time="2024-04-08T09:15:03.269410" level="INFO">{'results': [{'gender': 'female', 'name': {'title': 'Ms', 'first': 'آوین', 'last': 'رضایی'}, 'location': {'street': {'number': 9592, 'name': 'قائم مقام فراهانی'}, 'city': 'کرج', 'state': 'گیلان', 'country': 'Iran', 'postcode': 71381, 'coordinates': {'latitude': '14.8066', 'longitude': '126.7213'}, 'timezone': {'offset': '-11:00', 'description': 'Midway Island, Samoa'}}, 'email': 'awyn.rdyy@example.com', 'login': {'uuid': '13e0f9ef-a805-4644-a7db-7600245b1fa7', 'username': 'sadkoala459', 'password': 'smokes', 'salt': 'GdwAqqiD', 'md5': 'f4521608363ec2d60863e4cf3a1634be', 'sha1': '908ae175b673b37096bee60e646169262ac3d099', 'sha256': 'f7e2687b3626d9b0c57eb57d7def3e31183db2f4ae26bc7b7eae32a0d23f85ea'}, 'dob': {'date': '1947-01-01T06:58:20.693Z', 'age': 77}, 'registered': {'date': '2002-11-19T08:11:14.597Z', 'age': 21}, 'phone': '033-60964938', 'cell': '0969-242-9939', 'id': {'name': '', 'value': None}, 'picture': {'large': 'https://randomuser.me/api/portraits/women/14.jpg', 'medium': 'https://randomuser.me/api/portraits/med/women/14.jpg', 'thumbnail': 'https://randomuser.me/api/portraits/thumb/women/14.jpg'}, 'nat': 'IR'}], 'info': {'seed': '053fa88edd32bd79', 'results': 1, 'page': 1, 'version': '1.4'}}</msg>
<arg>${json_data}</arg>
<doc>Logs the given message with the given level.</doc>
<status status="PASS" start="2024-04-08T09:15:03.269250" elapsed="0.000249"/>
</kw>
<kw name="Should Be String" owner="String">
<arg>${json_data['results'][0]['gender']}</arg>
<doc>Fails if the given ``item`` is not a string.</doc>
<status status="PASS" start="2024-04-08T09:15:03.269800" elapsed="0.000365"/>
</kw>
<kw name="Should Match Regexp" owner="BuiltIn">
<arg>${json_data['results'][0]['email']}</arg>
<arg>^[a-zA-Z0-9._%+-]+@[a-zA-Z0-9.-]+\.[a-zA-Z]{2,}$</arg>
<doc>Fails if ``string`` does not match ``pattern`` as a regular expression.</doc>
<status status="PASS" start="2024-04-08T09:15:03.270357" elapsed="0.000516"/>
</kw>
<kw name="Should Match Regexp" owner="BuiltIn">
<arg>${json_data['results'][0]['dob']['date']}</arg>
<arg>\\d{4}-\\d{2}-\\d{2}T\\d{2}:\\d{2}:\\d{2}\\.\\d{3}Z</arg>
<doc>Fails if ``string`` does not match ``pattern`` as a regular expression.</doc>
<status status="PASS" start="2024-04-08T09:15:03.271067" elapsed="0.000531"/>
</kw>
<kw name="Should Match Regexp" owner="BuiltIn">
<arg>${json_data['results'][0]['registered']['date']}</arg>
<arg>\\d{4}-\\d{2}-\\d{2}T\\d{2}:\\d{2}:\\d{2}\\.\\d{3}Z</arg>
<doc>Fails if ``string`` does not match ``pattern`` as a regular expression.</doc>
<status status="PASS" start="2024-04-08T09:15:03.271805" elapsed="0.000375"/>
</kw>
<kw name="Should Match Regexp" owner="BuiltIn">
<arg>${json_data['results'][0]['picture']['large']}</arg>
<arg>^https?://.*\.(?:png|jpe?g|gif|bmp)$</arg>
<doc>Fails if ``string`` does not match ``pattern`` as a regular expression.</doc>
<status status="PASS" start="2024-04-08T09:15:03.272369" elapsed="0.000459"/>
</kw>
<kw name="Should Match Regexp" owner="BuiltIn">
<arg>${json_data['results'][0]['picture']['medium']}</arg>
<arg>^https?://.*\.(?:png|jpe?g|gif|bmp)$</arg>
<doc>Fails if ``string`` does not match ``pattern`` as a regular expression.</doc>
<status status="PASS" start="2024-04-08T09:15:03.273018" elapsed="0.000357"/>
</kw>
<kw name="Should Match Regexp" owner="BuiltIn">
<arg>${json_data['results'][0]['picture']['thumbnail']}</arg>
<arg>^https?://.*\.(?:png|jpe?g|gif|bmp)$</arg>
<doc>Fails if ``string`` does not match ``pattern`` as a regular expression.</doc>
<status status="PASS" start="2024-04-08T09:15:03.273561" elapsed="0.000353"/>
</kw>
<kw name="Log" owner="BuiltIn">
<msg time="2024-04-08T09:15:03.274413" level="INFO">{'large': 'https://randomuser.me/api/portraits/women/14.jpg', 'medium': 'https://randomuser.me/api/portraits/med/women/14.jpg', 'thumbnail': 'https://randomuser.me/api/portraits/thumb/women/14.jpg'}</msg>
<arg>${json_data['results'][0]['picture']}</arg>
<doc>Logs the given message with the given level.</doc>
<status status="PASS" start="2024-04-08T09:15:03.274093" elapsed="0.000361"/>
</kw>
<status status="PASS" start="2024-04-08T09:15:03.199431" elapsed="0.075300"/>
</kw>
<kw name="Teste de Tipos de Dados - Postcode" owner="random-user-service">
<kw name="GET On Session" owner="RequestsLibrary">
<msg time="2024-04-08T09:15:03.381391" level="INFO">GET Request : url=https://randomuser.me/api 
 path_url=/api 
 headers={'User-Agent': 'python-requests/2.31.0', 'Accept-Encoding': 'gzip, deflate', 'Accept': '*/*', 'Connection': 'keep-alive'} 
 body=None 
 </msg>
<msg time="2024-04-08T09:15:03.381490" level="INFO">GET Response : url=https://randomuser.me/api 
 status=200, reason=OK 
 headers={'Date': 'Mon, 08 Apr 2024 09:15:03 GMT', 'Content-Type': 'application/json; charset=utf-8', 'Transfer-Encoding': 'chunked', 'Connection': 'keep-alive', 'X-Powered-By': 'Express', 'Access-Control-Allow-Origin': '*', 'Cache-Control': 'no-cache', 'ETag': 'W/"461-+e47Uqx4UivXg2LgvmNibYd+LYg"', 'Vary': 'Accept-Encoding', 'Content-Encoding': 'gzip', 'CF-Cache-Status': 'DYNAMIC', 'Report-To': '{"endpoints":[{"url":"https:\\/\\/a.nel.cloudflare.com\\/report\\/v4?s=%2FypD2kNJGWer0NrJQ10kYSTgq4pGuUkD8Z3o%2BFTOBlrgemwJIwCslLIxKJ8dfo4%2BQiZCieKyQz8%2FOLtRzwPh%2BqLmnx0nuMAP5Lk%2FA9gGxMT%2FYWzfM6cOivaygtY9D6iO"}],"group":"cf-nel","max_age":604800}', 'NEL': '{"success_fraction":0,"report_to":"cf-nel","max_age":604800}', 'Server': 'cloudflare', 'CF-RAY': '871126917b5b07cf-IAD', 'alt-svc': 'h3=":443"; ma=86400'} 
 body={"results":[{"gender":"female","name":{"title":"Mrs","first":"Sonja","last":"Eik"},"location":{"street":{"number":7422,"name":"St. Georgs vei"},"city":"Gran","state":"Telemark","country":"Norway","postcode":"4403","coordinates":{"latitude":"40.3733","longitude":"69.2752"},"timezone":{"offset":"+3:30","description":"Tehran"}},"email":"sonja.eik@example.com","login":{"uuid":"e259bc3c-8827-4768-8a21-94ba0dab558a","username":"beautifullion366","password":"brest","salt":"FlEBxHsQ","md5":"12aa020d006bcc9f1aed5017dd4f0387","sha1":"cc6ac868f7028622d91473312a93508f3a790c22","sha256":"15eb7ab88cd75682143e1cb3d16877eb95d8dfcaaf067b56fbfa669d7646da90"},"dob":{"date":"1986-09-22T04:13:02.978Z","age":37},"registered":{"date":"2015-08-18T00:25:43.347Z","age":8},"phone":"76733560","cell":"99602743","id":{"name":"FN","value":"22098622431"},"picture":{"large":"https://randomuser.me/api/portraits/women/2.jpg","medium":"https://randomuser.me/api/portraits/med/women/2.jpg","thumbnail":"https://randomuser.me/api/portraits/thumb/women/2.jpg"},"nat":"NO"}],"info":{"seed":"871b240600221f24","results":1,"page":1,"version":"1.4"}} 
 </msg>
<msg time="2024-04-08T09:15:03.381582" level="INFO">/opt/hostedtoolcache/Python/3.12.2/x64/lib/python3.12/site-packages/urllib3/connectionpool.py:1103: InsecureRequestWarning: Unverified HTTPS request is being made to host 'randomuser.me'. Adding certificate verification is strongly advised. See: https://urllib3.readthedocs.io/en/latest/advanced-usage.html#tls-warnings
  warnings.warn(</msg>
<msg time="2024-04-08T09:15:03.381701" level="INFO">${response} = &lt;Response [200]&gt;</msg>
<var>${response}</var>
<arg>consultarAPI</arg>
<arg>/api</arg>
<doc>Sends a GET request on a previously created HTTP Session.</doc>
<status status="PASS" start="2024-04-08T09:15:03.275215" elapsed="0.106512"/>
</kw>
<kw name="Set Variable" owner="BuiltIn">
<msg time="2024-04-08T09:15:03.382794" level="INFO">${json_data} = {'results': [{'gender': 'female', 'name': {'title': 'Mrs', 'first': 'Sonja', 'last': 'Eik'}, 'location': {'street': {'number': 7422, 'name': 'St. Georgs vei'}, 'city': 'Gran', 'state': 'Telemark', 'co...</msg>
<var>${json_data}</var>
<arg>${response.json()}</arg>
<doc>Returns the given values which can then be assigned to a variables.</doc>
<status status="PASS" start="2024-04-08T09:15:03.382273" elapsed="0.000549"/>
</kw>
<kw name="Log" owner="BuiltIn">
<msg time="2024-04-08T09:15:03.383292" level="INFO">{'results': [{'gender': 'female', 'name': {'title': 'Mrs', 'first': 'Sonja', 'last': 'Eik'}, 'location': {'street': {'number': 7422, 'name': 'St. Georgs vei'}, 'city': 'Gran', 'state': 'Telemark', 'country': 'Norway', 'postcode': '4403', 'coordinates': {'latitude': '40.3733', 'longitude': '69.2752'}, 'timezone': {'offset': '+3:30', 'description': 'Tehran'}}, 'email': 'sonja.eik@example.com', 'login': {'uuid': 'e259bc3c-8827-4768-8a21-94ba0dab558a', 'username': 'beautifullion366', 'password': 'brest', 'salt': 'FlEBxHsQ', 'md5': '12aa020d006bcc9f1aed5017dd4f0387', 'sha1': 'cc6ac868f7028622d91473312a93508f3a790c22', 'sha256': '15eb7ab88cd75682143e1cb3d16877eb95d8dfcaaf067b56fbfa669d7646da90'}, 'dob': {'date': '1986-09-22T04:13:02.978Z', 'age': 37}, 'registered': {'date': '2015-08-18T00:25:43.347Z', 'age': 8}, 'phone': '76733560', 'cell': '99602743', 'id': {'name': 'FN', 'value': '22098622431'}, 'picture': {'large': 'https://randomuser.me/api/portraits/women/2.jpg', 'medium': 'https://randomuser.me/api/portraits/med/women/2.jpg', 'thumbnail': 'https://randomuser.me/api/portraits/thumb/women/2.jpg'}, 'nat': 'NO'}], 'info': {'seed': '871b240600221f24', 'results': 1, 'page': 1, 'version': '1.4'}}</msg>
<arg>${json_data}</arg>
<doc>Logs the given message with the given level.</doc>
<status status="PASS" start="2024-04-08T09:15:03.383136" elapsed="0.000237"/>
</kw>
<kw name="Should Be Equal As Numbers" owner="BuiltIn">
<arg>${json_data['results'][0]['location']['postcode']}</arg>
<arg>${json_data['results'][0]['location']['postcode']}</arg>
<doc>Fails if objects are unequal after converting them to real numbers.</doc>
<status status="PASS" start="2024-04-08T09:15:03.383727" elapsed="0.000627"/>
</kw>
<kw name="Log" owner="BuiltIn">
<msg time="2024-04-08T09:15:03.384876" level="INFO">4403</msg>
<arg>${json_data['results'][0]['location']['postcode']}</arg>
<doc>Logs the given message with the given level.</doc>
<status status="PASS" start="2024-04-08T09:15:03.384545" elapsed="0.000371"/>
</kw>
<status status="PASS" start="2024-04-08T09:15:03.274972" elapsed="0.110203"/>
</kw>
<doc>Testa se os tipos de dados na resposta da API estão corretos.</doc>
<tag>testeTiposDados</tag>
<status status="PASS" start="2024-04-08T09:15:03.198913" elapsed="0.186435"/>
</test>
<test id="s1-s1-t5" name="Validar conteudo" line="35">
<kw name="Teste de Tipos de Conteudo" owner="random-user-service">
<kw name="GET On Session" owner="RequestsLibrary">
<msg time="2024-04-08T09:15:03.490097" level="INFO">GET Request : url=https://randomuser.me/api 
 path_url=/api 
 headers={'User-Agent': 'python-requests/2.31.0', 'Accept-Encoding': 'gzip, deflate', 'Accept': '*/*', 'Connection': 'keep-alive'} 
 body=None 
 </msg>
<msg time="2024-04-08T09:15:03.490206" level="INFO">GET Response : url=https://randomuser.me/api 
 status=200, reason=OK 
 headers={'Date': 'Mon, 08 Apr 2024 09:15:03 GMT', 'Content-Type': 'application/json; charset=utf-8', 'Transfer-Encoding': 'chunked', 'Connection': 'keep-alive', 'X-Powered-By': 'Express', 'Access-Control-Allow-Origin': '*', 'Cache-Control': 'no-cache', 'ETag': 'W/"487-5t9oX1yu83Xk7wf1vkYPbHPh3ks"', 'Vary': 'Accept-Encoding', 'Content-Encoding': 'gzip', 'CF-Cache-Status': 'DYNAMIC', 'Report-To': '{"endpoints":[{"url":"https:\\/\\/a.nel.cloudflare.com\\/report\\/v4?s=CJ6vxsxHmXjGvjFjgskmV9ppoKxf%2F9bk634BL7YxSlc6g9FF9bHc%2FLEJspautLDTDm8xmbUHyiOH7tryqQ17GUhFbXgN7X%2FulvRsgpDjAs9Ff6s3o1dWU%2B4SGO03JgaG"}],"group":"cf-nel","max_age":604800}', 'NEL': '{"success_fraction":0,"report_to":"cf-nel","max_age":604800}', 'Server': 'cloudflare', 'CF-RAY': '871126923bce07cf-IAD', 'alt-svc': 'h3=":443"; ma=86400'} 
 body={"results":[{"gender":"female","name":{"title":"Ms","first":"Sophie","last":"Wright"},"location":{"street":{"number":2012,"name":"Chadwick Road"},"city":"Napier","state":"Southland","country":"New Zealand","postcode":43687,"coordinates":{"latitude":"53.9246","longitude":"3.6423"},"timezone":{"offset":"-11:00","description":"Midway Island, Samoa"}},"email":"sophie.wright@example.com","login":{"uuid":"efc0327a-5f63-43f0-a87d-62b55a19073a","username":"ticklishgorilla217","password":"hollywood","salt":"7xmn8a5F","md5":"1bc258b09a2ad8fdd055a4d000693b0a","sha1":"9486d4896bfa6cfd3f403c72f034459f90004aba","sha256":"72db558f064ec8ded38c3a80db6e05dc0698a9ee527890b12f6ba8f9657cc309"},"dob":{"date":"1986-10-15T23:35:12.257Z","age":37},"registered":{"date":"2008-10-31T09:32:50.766Z","age":15},"phone":"(606)-041-6270","cell":"(295)-783-9777","id":{"name":"","value":null},"picture":{"large":"https://randomuser.me/api/portraits/women/31.jpg","medium":"https://randomuser.me/api/portraits/med/women/31.jpg","thumbnail":"https://randomuser.me/api/portraits/thumb/women/31.jpg"},"nat":"NZ"}],"info":{"seed":"e0bed3415bca9ce4","results":1,"page":1,"version":"1.4"}} 
 </msg>
<msg time="2024-04-08T09:15:03.490286" level="INFO">/opt/hostedtoolcache/Python/3.12.2/x64/lib/python3.12/site-packages/urllib3/connectionpool.py:1103: InsecureRequestWarning: Unverified HTTPS request is being made to host 'randomuser.me'. Adding certificate verification is strongly advised. See: https://urllib3.readthedocs.io/en/latest/advanced-usage.html#tls-warnings
  warnings.warn(</msg>
<msg time="2024-04-08T09:15:03.490405" level="INFO">${response} = &lt;Response [200]&gt;</msg>
<var>${response}</var>
<arg>consultarAPI</arg>
<arg>/api</arg>
<doc>Sends a GET request on a previously created HTTP Session.</doc>
<status status="PASS" start="2024-04-08T09:15:03.388324" elapsed="0.102107"/>
</kw>
<kw name="Set Variable" owner="BuiltIn">
<msg time="2024-04-08T09:15:03.491555" level="INFO">${json_data} = {'results': [{'gender': 'female', 'name': {'title': 'Ms', 'first': 'Sophie', 'last': 'Wright'}, 'location': {'street': {'number': 2012, 'name': 'Chadwick Road'}, 'city': 'Napier', 'state': 'Southland'...</msg>
<var>${json_data}</var>
<arg>${response.json()}</arg>
<doc>Returns the given values which can then be assigned to a variables.</doc>
<status status="PASS" start="2024-04-08T09:15:03.490984" elapsed="0.000600"/>
</kw>
<kw name="Set Variable" owner="BuiltIn">
<msg time="2024-04-08T09:15:03.492280" level="INFO">${name_title} = Ms</msg>
<var>${name_title}</var>
<arg>${json_data["results"][0]["name"]["title"]}</arg>
<doc>Returns the given values which can then be assigned to a variables.</doc>
<status status="PASS" start="2024-04-08T09:15:03.491892" elapsed="0.000414"/>
</kw>
<kw name="Create List" owner="BuiltIn">
<msg time="2024-04-08T09:15:03.492759" level="INFO">${allowed_titles} = ['Mr', 'Ms', 'Miss', 'Mrs', 'Madame', 'Monsieur']</msg>
<var>${allowed_titles}</var>
<arg>Mr</arg>
<arg>Ms</arg>
<arg>Miss</arg>
<arg>Mrs</arg>
<arg>Madame</arg>
<arg>Monsieur</arg>
<doc>Returns a list containing given items.</doc>
<status status="PASS" start="2024-04-08T09:15:03.492610" elapsed="0.000173"/>
</kw>
<kw name="List Should Contain Value" owner="Collections">
<msg time="2024-04-08T09:15:03.493264" level="INFO">False</msg>
<arg>${allowed_titles}</arg>
<arg>${name_title}</arg>
<doc>Fails if the ``value`` is not found from ``list``.</doc>
<status status="PASS" start="2024-04-08T09:15:03.493080" elapsed="0.000221"/>
</kw>
<kw name="Set Variable" owner="BuiltIn">
<msg time="2024-04-08T09:15:03.493961" level="INFO">${name_country} = NZ</msg>
<var>${name_country}</var>
<arg>${json_data["results"][0]["nat"]}</arg>
<doc>Returns the given values which can then be assigned to a variables.</doc>
<status status="PASS" start="2024-04-08T09:15:03.493586" elapsed="0.000401"/>
</kw>
<kw name="Create List" owner="BuiltIn">
<msg time="2024-04-08T09:15:03.494889" level="INFO">${list_country} = ['AD', 'AE', 'AF', 'AG', 'AI', 'AL', 'AM', 'AO', 'AQ', 'AR', 'AS', 'AT', 'AU', 'AW', 'AX', 'AZ', 'BA', 'BB', 'BD', 'BE', 'BF', 'BG', 'BH', 'BI', 'BJ', 'BL', 'BM', 'BN', 'BO', 'BQ', 'BR', 'BS', 'BT', '...</msg>
<var>${list_country}</var>
<arg>AD</arg>
<arg>AE</arg>
<arg>AF</arg>
<arg>AG</arg>
<arg>AI</arg>
<arg>AL</arg>
<arg>AM</arg>
<arg>AO</arg>
<arg>AQ</arg>
<arg>AR</arg>
<arg>AS</arg>
<arg>AT</arg>
<arg>AU</arg>
<arg>AW</arg>
<arg>AX</arg>
<arg>AZ</arg>
<arg>BA</arg>
<arg>BB</arg>
<arg>BD</arg>
<arg>BE</arg>
<arg>BF</arg>
<arg>BG</arg>
<arg>BH</arg>
<arg>BI</arg>
<arg>BJ</arg>
<arg>BL</arg>
<arg>BM</arg>
<arg>BN</arg>
<arg>BO</arg>
<arg>BQ</arg>
<arg>BR</arg>
<arg>BS</arg>
<arg>BT</arg>
<arg>BV</arg>
<arg>BW</arg>
<arg>BY</arg>
<arg>BZ</arg>
<arg>CA</arg>
<arg>CC</arg>
<arg>CD</arg>
<arg>CF</arg>
<arg>CG</arg>
<arg>CH</arg>
<arg>CI</arg>
<arg>CK</arg>
<arg>CL</arg>
<arg>CM</arg>
<arg>CN</arg>
<arg>CO</arg>
<arg>CR</arg>
<arg>CU</arg>
<arg>CV</arg>
<arg>CW</arg>
<arg>CX</arg>
<arg>CY</arg>
<arg>CZ</arg>
<arg>DE</arg>
<arg>DJ</arg>
<arg>DK</arg>
<arg>DM</arg>
<arg>DO</arg>
<arg>DZ</arg>
<arg>EC</arg>
<arg>EE</arg>
<arg>EG</arg>
<arg>EH</arg>
<arg>ER</arg>
<arg>ES</arg>
<arg>ET</arg>
<arg>FI</arg>
<arg>FJ</arg>
<arg>FK</arg>
<arg>FM</arg>
<arg>FO</arg>
<arg>FR</arg>
<arg>GA</arg>
<arg>GB</arg>
<arg>GD</arg>
<arg>GE</arg>
<arg>GF</arg>
<arg>GG</arg>
<arg>GH</arg>
<arg>GI</arg>
<arg>GL</arg>
<arg>GM</arg>
<arg>GN</arg>
<arg>GP</arg>
<arg>GQ</arg>
<arg>GR</arg>
<arg>GS</arg>
<arg>GT</arg>
<arg>GU</arg>
<arg>GW</arg>
<arg>GY</arg>
<arg>HK</arg>
<arg>HM</arg>
<arg>HN</arg>
<arg>HR</arg>
<arg>HT</arg>
<arg>HU</arg>
<arg>ID</arg>
<arg>IE</arg>
<arg>IL</arg>
<arg>IM</arg>
<arg>IN</arg>
<arg>IO</arg>
<arg>IQ</arg>
<arg>IR</arg>
<arg>IS</arg>
<arg>IT</arg>
<arg>JE</arg>
<arg>JM</arg>
<arg>JO</arg>
<arg>JP</arg>
<arg>KE</arg>
<arg>KG</arg>
<arg>KH</arg>
<arg>KI</arg>
<arg>KM</arg>
<arg>KN</arg>
<arg>KP</arg>
<arg>KR</arg>
<arg>KW</arg>
<arg>KY</arg>
<arg>KZ</arg>
<arg>LA</arg>
<arg>LB</arg>
<arg>LC</arg>
<arg>LI</arg>
<arg>LK</arg>
<arg>LR</arg>
<arg>LS</arg>
<arg>LT</arg>
<arg>LU</arg>
<arg>LV</arg>
<arg>LY</arg>
<arg>MA</arg>
<arg>MC</arg>
<arg>MD</arg>
<arg>ME</arg>
<arg>MF</arg>
<arg>MG</arg>
<arg>MH</arg>
<arg>MK</arg>
<arg>ML</arg>
<arg>MM</arg>
<arg>MN</arg>
<arg>MO</arg>
<arg>MP</arg>
<arg>MQ</arg>
<arg>MR</arg>
<arg>MS</arg>
<arg>MT</arg>
<arg>MU</arg>
<arg>MV</arg>
<arg>MW</arg>
<arg>MX</arg>
<arg>MY</arg>
<arg>MZ</arg>
<arg>NA</arg>
<arg>NC</arg>
<arg>NE</arg>
<arg>NF</arg>
<arg>NG</arg>
<arg>NI</arg>
<arg>NL</arg>
<arg>NO</arg>
<arg>NP</arg>
<arg>NR</arg>
<arg>NU</arg>
<arg>NZ</arg>
<arg>OM</arg>
<arg>PA</arg>
<arg>PE</arg>
<arg>PF</arg>
<arg>PG</arg>
<arg>PH</arg>
<arg>PK</arg>
<arg>PL</arg>
<arg>PM</arg>
<arg>PN</arg>
<arg>PR</arg>
<arg>PS</arg>
<arg>PT</arg>
<arg>PW</arg>
<arg>PY</arg>
<arg>QA</arg>
<arg>RE</arg>
<arg>RO</arg>
<arg>RS</arg>
<arg>RU</arg>
<arg>RW</arg>
<arg>SA</arg>
<arg>SB</arg>
<arg>SC</arg>
<arg>SD</arg>
<arg>SE</arg>
<arg>SG</arg>
<arg>SH</arg>
<arg>SI</arg>
<arg>SJ</arg>
<arg>SK</arg>
<arg>SL</arg>
<arg>SM</arg>
<arg>SN</arg>
<arg>SO</arg>
<arg>SR</arg>
<arg>SS</arg>
<arg>ST</arg>
<arg>SV</arg>
<arg>SX</arg>
<arg>SY</arg>
<arg>SZ</arg>
<arg>TC</arg>
<arg>TD</arg>
<arg>TF</arg>
<arg>TG</arg>
<arg>TH</arg>
<arg>TJ</arg>
<arg>TK</arg>
<arg>TL</arg>
<arg>TM</arg>
<arg>TN</arg>
<arg>TO</arg>
<arg>TR</arg>
<arg>TT</arg>
<arg>TV</arg>
<arg>TW</arg>
<arg>TZ</arg>
<arg>UA</arg>
<arg>UG</arg>
<arg>UM</arg>
<arg>US</arg>
<arg>UY</arg>
<arg>UZ</arg>
<arg>VA</arg>
<arg>VC</arg>
<arg>VE</arg>
<arg>VG</arg>
<arg>VI</arg>
<arg>VN</arg>
<arg>VU</arg>
<arg>WF</arg>
<arg>WS</arg>
<arg>XK</arg>
<arg>YE</arg>
<arg>YT</arg>
<arg>ZA</arg>
<arg>ZM</arg>
<arg>ZW</arg>
<doc>Returns a list containing given items.</doc>
<status status="PASS" start="2024-04-08T09:15:03.494291" elapsed="0.000624"/>
</kw>
<kw name="List Should Contain Value" owner="Collections">
<msg time="2024-04-08T09:15:03.495935" level="INFO">False</msg>
<arg>${list_country}</arg>
<arg>${name_country}</arg>
<doc>Fails if the ``value`` is not found from ``list``.</doc>
<status status="PASS" start="2024-04-08T09:15:03.495729" elapsed="0.000245"/>
</kw>
<kw name="Run Keyword If" owner="BuiltIn">
<kw name="Should Be True" owner="BuiltIn">
<arg>${True}</arg>
<doc>Fails if the given condition is not true.</doc>
<status status="PASS" start="2024-04-08T09:15:03.497196" elapsed="0.000148"/>
</kw>
<arg>${json_data["results"][0]["location"]["coordinates"]["latitude"]} &gt;= -90 and ${json_data["results"][0]["location"]["coordinates"]["latitude"]} &lt;= 90</arg>
<arg>Should Be True</arg>
<arg>${True}</arg>
<doc>Runs the given keyword with the given arguments, if ``condition`` is true.</doc>
<status status="PASS" start="2024-04-08T09:15:03.496293" elapsed="0.001181"/>
</kw>
<kw name="Run Keyword If" owner="BuiltIn">
<kw name="Should Be True" owner="BuiltIn">
<arg>${True}</arg>
<doc>Fails if the given condition is not true.</doc>
<status status="PASS" start="2024-04-08T09:15:03.498374" elapsed="0.000138"/>
</kw>
<arg>${json_data["results"][0]["location"]["coordinates"]["longitude"]} &gt;= -180 and ${json_data["results"][0]["location"]["coordinates"]["longitude"]} &lt;= 180</arg>
<arg>Should Be True</arg>
<arg>${True}</arg>
<doc>Runs the given keyword with the given arguments, if ``condition`` is true.</doc>
<status status="PASS" start="2024-04-08T09:15:03.497659" elapsed="0.000978"/>
</kw>
<status status="PASS" start="2024-04-08T09:15:03.387939" elapsed="0.110830"/>
</kw>
<doc>Testa o conteúdo específico dos campos retornados pela API.</doc>
<tag>testeConteudo</tag>
<status status="PASS" start="2024-04-08T09:15:03.387197" elapsed="0.111730"/>
</test>
<status status="PASS" start="2024-04-08T09:15:02.457199" elapsed="1.043697"/>
</suite>
<status status="PASS" start="2024-04-08T09:15:02.443635" elapsed="1.062617"/>
</suite>
<statistics>
<total>
<stat pass="5" fail="0" skip="0">All Tests</stat>
</total>
<tag>
<stat pass="1" fail="0" skip="0">testeConteudo</stat>
<stat pass="1" fail="0" skip="0">testeEstruturaResposta</stat>
<stat pass="1" fail="0" skip="0">testeRequisicaoBasica</stat>
<stat pass="1" fail="0" skip="0">testeTiposDados</stat>
</tag>
<suite>
<stat pass="5" fail="0" skip="0" id="s1" name="Tests">Tests</stat>
<stat pass="5" fail="0" skip="0" id="s1-s1" name="Random-User-Test">Tests.Random-User-Test</stat>
</suite>
</statistics>
<errors>
</errors>
</robot>
