<?xml version="1.0" encoding="UTF-8"?>
<robot generator="Robot 7.0 (Python 3.12.2 on linux)" generated="2024-04-07T04:18:04.339474" rpa="false" schemaversion="5">
<suite id="s1" name="Tests" source="/home/runner/work/DesafioQAItauRogerioJordao/DesafioQAItauRogerioJordao/RamdonUser/tests">
<suite id="s1-s1" name="Random-User-Test" source="/home/runner/work/DesafioQAItauRogerioJordao/DesafioQAItauRogerioJordao/RamdonUser/tests/random-user-test.robot">
<test id="s1-s1-t1" name="Conectar" line="13">
<kw name="Conectar API" owner="random-user-service">
<kw name="Create Session" owner="RequestsLibrary">
<msg time="2024-04-07T04:18:04.706151" level="INFO">Creating Session using : alias=consultarAPI, url=https://randomuser.me/, headers={},                     cookies={}, auth=None, timeout=None, proxies=None, verify=False,                     debug=0 </msg>
<arg>consultarAPI</arg>
<arg>${URL}</arg>
<doc>Create Session: create a HTTP session to a server</doc>
<status status="PASS" start="2024-04-07T04:18:04.705952" elapsed="0.000364"/>
</kw>
<status status="PASS" start="2024-04-07T04:18:04.704932" elapsed="0.001741"/>
</kw>
<status status="PASS" start="2024-04-07T04:18:04.704222" elapsed="0.002660"/>
</test>
<test id="s1-s1-t2" name="Validar retorno 200 e JSON Válido" line="16">
<kw name="Teste de Requisicao Basica" owner="random-user-service">
<kw name="GET On Session" owner="RequestsLibrary">
<msg time="2024-04-07T04:18:05.067441" level="INFO">GET Request : url=https://randomuser.me/api 
 path_url=/api 
 headers={'User-Agent': 'python-requests/2.31.0', 'Accept-Encoding': 'gzip, deflate', 'Accept': '*/*', 'Connection': 'keep-alive'} 
 body=None 
 </msg>
<msg time="2024-04-07T04:18:05.067591" level="INFO">GET Response : url=https://randomuser.me/api 
 status=200, reason=OK 
 headers={'Date': 'Sun, 07 Apr 2024 04:18:05 GMT', 'Content-Type': 'application/json; charset=utf-8', 'Transfer-Encoding': 'chunked', 'Connection': 'keep-alive', 'X-Powered-By': 'Express', 'Access-Control-Allow-Origin': '*', 'Cache-Control': 'no-cache', 'ETag': 'W/"476-1afb6s1i5IocNgOpV79wG7OwWmw"', 'Vary': 'Accept-Encoding', 'Content-Encoding': 'gzip', 'CF-Cache-Status': 'DYNAMIC', 'Report-To': '{"endpoints":[{"url":"https:\\/\\/a.nel.cloudflare.com\\/report\\/v4?s=lvzRC4ETzv%2FmGZDJ%2BZkudO1bxHPIB0DFvTBplsw3WrXP3dY%2BZebI3JtGIrOTV4NHaNGIxipNAkJSX9f2OWZVsOsYz%2BCAhLr7CweLkvGS18QwRbdXTAF4yXKn1L4Op8S0"}],"group":"cf-nel","max_age":604800}', 'NEL': '{"success_fraction":0,"report_to":"cf-nel","max_age":604800}', 'Server': 'cloudflare', 'CF-RAY': '8707362bba490384-ORD', 'alt-svc': 'h3=":443"; ma=86400'} 
 body={"results":[{"gender":"female","name":{"title":"Mrs","first":"Shubhangi","last":"Nayak"},"location":{"street":{"number":6345,"name":"Mall Rd"},"city":"Mau","state":"Andhra Pradesh","country":"India","postcode":75428,"coordinates":{"latitude":"11.9240","longitude":"1.9878"},"timezone":{"offset":"-3:30","description":"Newfoundland"}},"email":"shubhangi.nayak@example.com","login":{"uuid":"c965a790-b991-46b4-92b4-5c713823c243","username":"crazyfrog803","password":"qiang","salt":"KKezRsZi","md5":"dcc3f2de6865ffc2ac5b159db30a72b1","sha1":"b82e808272532ef26b775bf0d843641501f53345","sha256":"4a427d447357d45df197c939a819680379f7e49369fa0c3d6039b2de6e4be729"},"dob":{"date":"1972-02-28T02:48:35.931Z","age":52},"registered":{"date":"2003-09-08T22:53:33.245Z","age":20},"phone":"8127132498","cell":"9814799942","id":{"name":"UIDAI","value":"095163099378"},"picture":{"large":"https://randomuser.me/api/portraits/women/23.jpg","medium":"https://randomuser.me/api/portraits/med/women/23.jpg","thumbnail":"https://randomuser.me/api/portraits/thumb/women/23.jpg"},"nat":"IN"}],"info":{"seed":"57020b0a8f1633ee","results":1,"page":1,"version":"1.4"}} 
 </msg>
<msg time="2024-04-07T04:18:05.067697" level="INFO">/opt/hostedtoolcache/Python/3.12.2/x64/lib/python3.12/site-packages/urllib3/connectionpool.py:1103: InsecureRequestWarning: Unverified HTTPS request is being made to host 'randomuser.me'. Adding certificate verification is strongly advised. See: https://urllib3.readthedocs.io/en/latest/advanced-usage.html#tls-warnings
  warnings.warn(</msg>
<msg time="2024-04-07T04:18:05.067850" level="INFO">${response} = &lt;Response [200]&gt;</msg>
<var>${response}</var>
<arg>consultarAPI</arg>
<arg>/api</arg>
<doc>Sends a GET request on a previously created HTTP Session.</doc>
<status status="PASS" start="2024-04-07T04:18:04.709552" elapsed="0.358338"/>
</kw>
<kw name="Should Be Equal As Numbers" owner="BuiltIn">
<msg time="2024-04-07T04:18:05.069091" level="INFO">Argument types are:
&lt;class 'int'&gt;
&lt;class 'str'&gt;</msg>
<arg>${response.status_code}</arg>
<arg>200</arg>
<doc>Fails if objects are unequal after converting them to real numbers.</doc>
<status status="PASS" start="2024-04-07T04:18:05.068571" elapsed="0.000591"/>
</kw>
<kw name="Log" owner="BuiltIn">
<msg time="2024-04-07T04:18:05.069831" level="INFO">200</msg>
<arg>${response.status_code}</arg>
<doc>Logs the given message with the given level.</doc>
<status status="PASS" start="2024-04-07T04:18:05.069482" elapsed="0.000391"/>
</kw>
<kw name="Set Variable" owner="BuiltIn">
<msg time="2024-04-07T04:18:05.070627" level="INFO">${json_data} = {'results': [{'gender': 'female', 'name': {'title': 'Mrs', 'first': 'Shubhangi', 'last': 'Nayak'}, 'location': {'street': {'number': 6345, 'name': 'Mall Rd'}, 'city': 'Mau', 'state': 'Andhra Pradesh',...</msg>
<var>${json_data}</var>
<arg>${response.json()}</arg>
<doc>Returns the given values which can then be assigned to a variables.</doc>
<status status="PASS" start="2024-04-07T04:18:05.070197" elapsed="0.000458"/>
</kw>
<kw name="Dictionary Should Contain Key" owner="Collections">
<msg time="2024-04-07T04:18:05.071118" level="INFO">False</msg>
<arg>${json_data}</arg>
<arg>results</arg>
<doc>Fails if ``key`` is not found from ``dictionary``.</doc>
<status status="PASS" start="2024-04-07T04:18:05.070953" elapsed="0.000203"/>
</kw>
<status status="PASS" start="2024-04-07T04:18:04.709297" elapsed="0.362159"/>
</kw>
<doc>Testa se a API responde corretamente e retorna um objeto JSON válido.</doc>
<tag>testeRequisicaoBasica</tag>
<status status="PASS" start="2024-04-07T04:18:04.708761" elapsed="0.362886"/>
</test>
<test id="s1-s1-t3" name="Validar estrutura de resposta" line="22">
<kw name="Teste de Estrutura de Resposta" owner="random-user-service">
<kw name="GET On Session" owner="RequestsLibrary">
<msg time="2024-04-07T04:18:05.147294" level="INFO">GET Request : url=https://randomuser.me/api 
 path_url=/api 
 headers={'User-Agent': 'python-requests/2.31.0', 'Accept-Encoding': 'gzip, deflate', 'Accept': '*/*', 'Connection': 'keep-alive'} 
 body=None 
 </msg>
<msg time="2024-04-07T04:18:05.147378" level="INFO">GET Response : url=https://randomuser.me/api 
 status=200, reason=OK 
 headers={'Date': 'Sun, 07 Apr 2024 04:18:05 GMT', 'Content-Type': 'application/json; charset=utf-8', 'Transfer-Encoding': 'chunked', 'Connection': 'keep-alive', 'X-Powered-By': 'Express', 'Access-Control-Allow-Origin': '*', 'Cache-Control': 'no-cache', 'ETag': 'W/"48a-4mI+/S3b5S47BxZTcwYqZY7Ckxs"', 'Vary': 'Accept-Encoding', 'Content-Encoding': 'gzip', 'CF-Cache-Status': 'DYNAMIC', 'Report-To': '{"endpoints":[{"url":"https:\\/\\/a.nel.cloudflare.com\\/report\\/v4?s=Z0PzDL3l2Zo009ZbamXS3YL4wcmrMYBh9hriewjZO3yqIpEQ7ry2iwEjkapAVYKjN1N2eZd6OigxBpCaRCdsufyRSkVb6etgAX7%2BEXHVW2v%2BrjSG8Auh1zSdWXt7%2F61F"}],"group":"cf-nel","max_age":604800}', 'NEL': '{"success_fraction":0,"report_to":"cf-nel","max_age":604800}', 'Server': 'cloudflare', 'CF-RAY': '8707362dbb6b0384-ORD', 'alt-svc': 'h3=":443"; ma=86400'} 
 body={"results":[{"gender":"female","name":{"title":"Mrs","first":"Anita","last":"Murphy"},"location":{"street":{"number":6548,"name":"W Belt Line Rd"},"city":"Mackay","state":"South Australia","country":"Australia","postcode":8775,"coordinates":{"latitude":"-85.1579","longitude":"51.5659"},"timezone":{"offset":"+6:00","description":"Almaty, Dhaka, Colombo"}},"email":"anita.murphy@example.com","login":{"uuid":"0a5cad88-1fca-4fe0-b345-9d9c785539d2","username":"greenlion861","password":"cruiser","salt":"7VP04cmm","md5":"cd65718de18759b25e00944adf47dc19","sha1":"000f96ee84d536b157c466f8199dc9c2e0bbec35","sha256":"de3734b381cbca3595d11f8a47fe2a295f91b2d9320d949c1c0d142b75103c78"},"dob":{"date":"1977-07-11T21:56:19.362Z","age":46},"registered":{"date":"2017-06-07T15:14:10.778Z","age":6},"phone":"05-3325-8182","cell":"0401-889-183","id":{"name":"TFN","value":"321447500"},"picture":{"large":"https://randomuser.me/api/portraits/women/43.jpg","medium":"https://randomuser.me/api/portraits/med/women/43.jpg","thumbnail":"https://randomuser.me/api/portraits/thumb/women/43.jpg"},"nat":"AU"}],"info":{"seed":"267a529cc7e1d3ff","results":1,"page":1,"version":"1.4"}} 
 </msg>
<msg time="2024-04-07T04:18:05.147514" level="INFO">/opt/hostedtoolcache/Python/3.12.2/x64/lib/python3.12/site-packages/urllib3/connectionpool.py:1103: InsecureRequestWarning: Unverified HTTPS request is being made to host 'randomuser.me'. Adding certificate verification is strongly advised. See: https://urllib3.readthedocs.io/en/latest/advanced-usage.html#tls-warnings
  warnings.warn(</msg>
<msg time="2024-04-07T04:18:05.147618" level="INFO">${response} = &lt;Response [200]&gt;</msg>
<var>${response}</var>
<arg>consultarAPI</arg>
<arg>/api</arg>
<doc>Sends a GET request on a previously created HTTP Session.</doc>
<status status="PASS" start="2024-04-07T04:18:05.074475" elapsed="0.073185"/>
</kw>
<kw name="Set Variable" owner="BuiltIn">
<msg time="2024-04-07T04:18:05.148735" level="INFO">${json_data} = {'results': [{'gender': 'female', 'name': {'title': 'Mrs', 'first': 'Anita', 'last': 'Murphy'}, 'location': {'street': {'number': 6548, 'name': 'W Belt Line Rd'}, 'city': 'Mackay', 'state': 'South Aus...</msg>
<var>${json_data}</var>
<arg>${response.json()}</arg>
<doc>Returns the given values which can then be assigned to a variables.</doc>
<status status="PASS" start="2024-04-07T04:18:05.148149" elapsed="0.000615"/>
</kw>
<kw name="Log" owner="BuiltIn">
<msg time="2024-04-07T04:18:05.149231" level="INFO">{'results': [{'gender': 'female', 'name': {'title': 'Mrs', 'first': 'Anita', 'last': 'Murphy'}, 'location': {'street': {'number': 6548, 'name': 'W Belt Line Rd'}, 'city': 'Mackay', 'state': 'South Australia', 'country': 'Australia', 'postcode': 8775, 'coordinates': {'latitude': '-85.1579', 'longitude': '51.5659'}, 'timezone': {'offset': '+6:00', 'description': 'Almaty, Dhaka, Colombo'}}, 'email': 'anita.murphy@example.com', 'login': {'uuid': '0a5cad88-1fca-4fe0-b345-9d9c785539d2', 'username': 'greenlion861', 'password': 'cruiser', 'salt': '7VP04cmm', 'md5': 'cd65718de18759b25e00944adf47dc19', 'sha1': '000f96ee84d536b157c466f8199dc9c2e0bbec35', 'sha256': 'de3734b381cbca3595d11f8a47fe2a295f91b2d9320d949c1c0d142b75103c78'}, 'dob': {'date': '1977-07-11T21:56:19.362Z', 'age': 46}, 'registered': {'date': '2017-06-07T15:14:10.778Z', 'age': 6}, 'phone': '05-3325-8182', 'cell': '0401-889-183', 'id': {'name': 'TFN', 'value': '321447500'}, 'picture': {'large': 'https://randomuser.me/api/portraits/women/43.jpg', 'medium': 'https://randomuser.me/api/portraits/med/women/43.jpg', 'thumbnail': 'https://randomuser.me/api/portraits/thumb/women/43.jpg'}, 'nat': 'AU'}], 'info': {'seed': '267a529cc7e1d3ff', 'results': 1, 'page': 1, 'version': '1.4'}}</msg>
<arg>${json_data}</arg>
<doc>Logs the given message with the given level.</doc>
<status status="PASS" start="2024-04-07T04:18:05.149076" elapsed="0.000202"/>
</kw>
<kw name="Dictionary Should Contain Key" owner="Collections">
<msg time="2024-04-07T04:18:05.149786" level="INFO">False</msg>
<arg>${json_data}</arg>
<arg>results</arg>
<doc>Fails if ``key`` is not found from ``dictionary``.</doc>
<status status="PASS" start="2024-04-07T04:18:05.149621" elapsed="0.000201"/>
</kw>
<kw name="Should Not Be Empty" owner="BuiltIn">
<msg time="2024-04-07T04:18:05.150250" level="INFO">Length is 2.</msg>
<arg>${json_data}</arg>
<doc>Verifies that the given item is not empty.</doc>
<status status="PASS" start="2024-04-07T04:18:05.150118" elapsed="0.000170"/>
</kw>
<kw name="Create List" owner="BuiltIn">
<msg time="2024-04-07T04:18:05.150729" level="INFO">${expected_keys} = ['gender', 'name', 'location', 'email', 'login']</msg>
<var>${expected_keys}</var>
<arg>gender</arg>
<arg>name</arg>
<arg>location</arg>
<arg>email</arg>
<arg>login</arg>
<doc>Returns a list containing given items.</doc>
<status status="PASS" start="2024-04-07T04:18:05.150579" elapsed="0.000175"/>
</kw>
<for flavor="IN">
<iter>
<kw name="Dictionary Should Contain Key" owner="Collections">
<msg time="2024-04-07T04:18:05.151781" level="INFO">False</msg>
<arg>${json_data['results'][0]}</arg>
<arg>${key}</arg>
<doc>Fails if ``key`` is not found from ``dictionary``.</doc>
<status status="PASS" start="2024-04-07T04:18:05.151355" elapsed="0.000466"/>
</kw>
<kw name="Log" owner="BuiltIn">
<msg time="2024-04-07T04:18:05.152498" level="INFO">{'gender': 'female', 'name': {'title': 'Mrs', 'first': 'Anita', 'last': 'Murphy'}, 'location': {'street': {'number': 6548, 'name': 'W Belt Line Rd'}, 'city': 'Mackay', 'state': 'South Australia', 'country': 'Australia', 'postcode': 8775, 'coordinates': {'latitude': '-85.1579', 'longitude': '51.5659'}, 'timezone': {'offset': '+6:00', 'description': 'Almaty, Dhaka, Colombo'}}, 'email': 'anita.murphy@example.com', 'login': {'uuid': '0a5cad88-1fca-4fe0-b345-9d9c785539d2', 'username': 'greenlion861', 'password': 'cruiser', 'salt': '7VP04cmm', 'md5': 'cd65718de18759b25e00944adf47dc19', 'sha1': '000f96ee84d536b157c466f8199dc9c2e0bbec35', 'sha256': 'de3734b381cbca3595d11f8a47fe2a295f91b2d9320d949c1c0d142b75103c78'}, 'dob': {'date': '1977-07-11T21:56:19.362Z', 'age': 46}, 'registered': {'date': '2017-06-07T15:14:10.778Z', 'age': 6}, 'phone': '05-3325-8182', 'cell': '0401-889-183', 'id': {'name': 'TFN', 'value': '321447500'}, 'picture': {'large': 'https://randomuser.me/api/portraits/women/43.jpg', 'medium': 'https://randomuser.me/api/portraits/med/women/43.jpg', 'thumbnail': 'https://randomuser.me/api/portraits/thumb/women/43.jpg'}, 'nat': 'AU'}</msg>
<arg>${json_data['results'][0]}</arg>
<doc>Logs the given message with the given level.</doc>
<status status="PASS" start="2024-04-07T04:18:05.152131" elapsed="0.000415"/>
</kw>
<kw name="Log" owner="BuiltIn">
<msg time="2024-04-07T04:18:05.152971" level="INFO">gender</msg>
<arg>${key}</arg>
<doc>Logs the given message with the given level.</doc>
<status status="PASS" start="2024-04-07T04:18:05.152842" elapsed="0.000166"/>
</kw>
<var name="${key}">gender</var>
<status status="PASS" start="2024-04-07T04:18:05.151189" elapsed="0.002045"/>
</iter>
<iter>
<kw name="Dictionary Should Contain Key" owner="Collections">
<msg time="2024-04-07T04:18:05.153924" level="INFO">False</msg>
<arg>${json_data['results'][0]}</arg>
<arg>${key}</arg>
<doc>Fails if ``key`` is not found from ``dictionary``.</doc>
<status status="PASS" start="2024-04-07T04:18:05.153535" elapsed="0.000427"/>
</kw>
<kw name="Log" owner="BuiltIn">
<msg time="2024-04-07T04:18:05.154657" level="INFO">{'gender': 'female', 'name': {'title': 'Mrs', 'first': 'Anita', 'last': 'Murphy'}, 'location': {'street': {'number': 6548, 'name': 'W Belt Line Rd'}, 'city': 'Mackay', 'state': 'South Australia', 'country': 'Australia', 'postcode': 8775, 'coordinates': {'latitude': '-85.1579', 'longitude': '51.5659'}, 'timezone': {'offset': '+6:00', 'description': 'Almaty, Dhaka, Colombo'}}, 'email': 'anita.murphy@example.com', 'login': {'uuid': '0a5cad88-1fca-4fe0-b345-9d9c785539d2', 'username': 'greenlion861', 'password': 'cruiser', 'salt': '7VP04cmm', 'md5': 'cd65718de18759b25e00944adf47dc19', 'sha1': '000f96ee84d536b157c466f8199dc9c2e0bbec35', 'sha256': 'de3734b381cbca3595d11f8a47fe2a295f91b2d9320d949c1c0d142b75103c78'}, 'dob': {'date': '1977-07-11T21:56:19.362Z', 'age': 46}, 'registered': {'date': '2017-06-07T15:14:10.778Z', 'age': 6}, 'phone': '05-3325-8182', 'cell': '0401-889-183', 'id': {'name': 'TFN', 'value': '321447500'}, 'picture': {'large': 'https://randomuser.me/api/portraits/women/43.jpg', 'medium': 'https://randomuser.me/api/portraits/med/women/43.jpg', 'thumbnail': 'https://randomuser.me/api/portraits/thumb/women/43.jpg'}, 'nat': 'AU'}</msg>
<arg>${json_data['results'][0]}</arg>
<doc>Logs the given message with the given level.</doc>
<status status="PASS" start="2024-04-07T04:18:05.154297" elapsed="0.000408"/>
</kw>
<kw name="Log" owner="BuiltIn">
<msg time="2024-04-07T04:18:05.155133" level="INFO">name</msg>
<arg>${key}</arg>
<doc>Logs the given message with the given level.</doc>
<status status="PASS" start="2024-04-07T04:18:05.155004" elapsed="0.000165"/>
</kw>
<var name="${key}">name</var>
<status status="PASS" start="2024-04-07T04:18:05.153420" elapsed="0.001995"/>
</iter>
<iter>
<kw name="Dictionary Should Contain Key" owner="Collections">
<msg time="2024-04-07T04:18:05.156144" level="INFO">False</msg>
<arg>${json_data['results'][0]}</arg>
<arg>${key}</arg>
<doc>Fails if ``key`` is not found from ``dictionary``.</doc>
<status status="PASS" start="2024-04-07T04:18:05.155747" elapsed="0.000435"/>
</kw>
<kw name="Log" owner="BuiltIn">
<msg time="2024-04-07T04:18:05.156842" level="INFO">{'gender': 'female', 'name': {'title': 'Mrs', 'first': 'Anita', 'last': 'Murphy'}, 'location': {'street': {'number': 6548, 'name': 'W Belt Line Rd'}, 'city': 'Mackay', 'state': 'South Australia', 'country': 'Australia', 'postcode': 8775, 'coordinates': {'latitude': '-85.1579', 'longitude': '51.5659'}, 'timezone': {'offset': '+6:00', 'description': 'Almaty, Dhaka, Colombo'}}, 'email': 'anita.murphy@example.com', 'login': {'uuid': '0a5cad88-1fca-4fe0-b345-9d9c785539d2', 'username': 'greenlion861', 'password': 'cruiser', 'salt': '7VP04cmm', 'md5': 'cd65718de18759b25e00944adf47dc19', 'sha1': '000f96ee84d536b157c466f8199dc9c2e0bbec35', 'sha256': 'de3734b381cbca3595d11f8a47fe2a295f91b2d9320d949c1c0d142b75103c78'}, 'dob': {'date': '1977-07-11T21:56:19.362Z', 'age': 46}, 'registered': {'date': '2017-06-07T15:14:10.778Z', 'age': 6}, 'phone': '05-3325-8182', 'cell': '0401-889-183', 'id': {'name': 'TFN', 'value': '321447500'}, 'picture': {'large': 'https://randomuser.me/api/portraits/women/43.jpg', 'medium': 'https://randomuser.me/api/portraits/med/women/43.jpg', 'thumbnail': 'https://randomuser.me/api/portraits/thumb/women/43.jpg'}, 'nat': 'AU'}</msg>
<arg>${json_data['results'][0]}</arg>
<doc>Logs the given message with the given level.</doc>
<status status="PASS" start="2024-04-07T04:18:05.156487" elapsed="0.000407"/>
</kw>
<kw name="Log" owner="BuiltIn">
<msg time="2024-04-07T04:18:05.157314" level="INFO">location</msg>
<arg>${key}</arg>
<doc>Logs the given message with the given level.</doc>
<status status="PASS" start="2024-04-07T04:18:05.157187" elapsed="0.000165"/>
</kw>
<var name="${key}">location</var>
<status status="PASS" start="2024-04-07T04:18:05.155592" elapsed="0.001984"/>
</iter>
<iter>
<kw name="Dictionary Should Contain Key" owner="Collections">
<msg time="2024-04-07T04:18:05.158241" level="INFO">False</msg>
<arg>${json_data['results'][0]}</arg>
<arg>${key}</arg>
<doc>Fails if ``key`` is not found from ``dictionary``.</doc>
<status status="PASS" start="2024-04-07T04:18:05.157864" elapsed="0.000413"/>
</kw>
<kw name="Log" owner="BuiltIn">
<msg time="2024-04-07T04:18:05.158933" level="INFO">{'gender': 'female', 'name': {'title': 'Mrs', 'first': 'Anita', 'last': 'Murphy'}, 'location': {'street': {'number': 6548, 'name': 'W Belt Line Rd'}, 'city': 'Mackay', 'state': 'South Australia', 'country': 'Australia', 'postcode': 8775, 'coordinates': {'latitude': '-85.1579', 'longitude': '51.5659'}, 'timezone': {'offset': '+6:00', 'description': 'Almaty, Dhaka, Colombo'}}, 'email': 'anita.murphy@example.com', 'login': {'uuid': '0a5cad88-1fca-4fe0-b345-9d9c785539d2', 'username': 'greenlion861', 'password': 'cruiser', 'salt': '7VP04cmm', 'md5': 'cd65718de18759b25e00944adf47dc19', 'sha1': '000f96ee84d536b157c466f8199dc9c2e0bbec35', 'sha256': 'de3734b381cbca3595d11f8a47fe2a295f91b2d9320d949c1c0d142b75103c78'}, 'dob': {'date': '1977-07-11T21:56:19.362Z', 'age': 46}, 'registered': {'date': '2017-06-07T15:14:10.778Z', 'age': 6}, 'phone': '05-3325-8182', 'cell': '0401-889-183', 'id': {'name': 'TFN', 'value': '321447500'}, 'picture': {'large': 'https://randomuser.me/api/portraits/women/43.jpg', 'medium': 'https://randomuser.me/api/portraits/med/women/43.jpg', 'thumbnail': 'https://randomuser.me/api/portraits/thumb/women/43.jpg'}, 'nat': 'AU'}</msg>
<arg>${json_data['results'][0]}</arg>
<doc>Logs the given message with the given level.</doc>
<status status="PASS" start="2024-04-07T04:18:05.158576" elapsed="0.000405"/>
</kw>
<kw name="Log" owner="BuiltIn">
<msg time="2024-04-07T04:18:05.159437" level="INFO">email</msg>
<arg>${key}</arg>
<doc>Logs the given message with the given level.</doc>
<status status="PASS" start="2024-04-07T04:18:05.159298" elapsed="0.000177"/>
</kw>
<var name="${key}">email</var>
<status status="PASS" start="2024-04-07T04:18:05.157746" elapsed="0.001945"/>
</iter>
<iter>
<kw name="Dictionary Should Contain Key" owner="Collections">
<msg time="2024-04-07T04:18:05.160406" level="INFO">False</msg>
<arg>${json_data['results'][0]}</arg>
<arg>${key}</arg>
<doc>Fails if ``key`` is not found from ``dictionary``.</doc>
<status status="PASS" start="2024-04-07T04:18:05.160027" elapsed="0.000420"/>
</kw>
<kw name="Log" owner="BuiltIn">
<msg time="2024-04-07T04:18:05.161118" level="INFO">{'gender': 'female', 'name': {'title': 'Mrs', 'first': 'Anita', 'last': 'Murphy'}, 'location': {'street': {'number': 6548, 'name': 'W Belt Line Rd'}, 'city': 'Mackay', 'state': 'South Australia', 'country': 'Australia', 'postcode': 8775, 'coordinates': {'latitude': '-85.1579', 'longitude': '51.5659'}, 'timezone': {'offset': '+6:00', 'description': 'Almaty, Dhaka, Colombo'}}, 'email': 'anita.murphy@example.com', 'login': {'uuid': '0a5cad88-1fca-4fe0-b345-9d9c785539d2', 'username': 'greenlion861', 'password': 'cruiser', 'salt': '7VP04cmm', 'md5': 'cd65718de18759b25e00944adf47dc19', 'sha1': '000f96ee84d536b157c466f8199dc9c2e0bbec35', 'sha256': 'de3734b381cbca3595d11f8a47fe2a295f91b2d9320d949c1c0d142b75103c78'}, 'dob': {'date': '1977-07-11T21:56:19.362Z', 'age': 46}, 'registered': {'date': '2017-06-07T15:14:10.778Z', 'age': 6}, 'phone': '05-3325-8182', 'cell': '0401-889-183', 'id': {'name': 'TFN', 'value': '321447500'}, 'picture': {'large': 'https://randomuser.me/api/portraits/women/43.jpg', 'medium': 'https://randomuser.me/api/portraits/med/women/43.jpg', 'thumbnail': 'https://randomuser.me/api/portraits/thumb/women/43.jpg'}, 'nat': 'AU'}</msg>
<arg>${json_data['results'][0]}</arg>
<doc>Logs the given message with the given level.</doc>
<status status="PASS" start="2024-04-07T04:18:05.160754" elapsed="0.000412"/>
</kw>
<kw name="Log" owner="BuiltIn">
<msg time="2024-04-07T04:18:05.161593" level="INFO">login</msg>
<arg>${key}</arg>
<doc>Logs the given message with the given level.</doc>
<status status="PASS" start="2024-04-07T04:18:05.161466" elapsed="0.000271"/>
</kw>
<var name="${key}">login</var>
<status status="PASS" start="2024-04-07T04:18:05.159865" elapsed="0.002122"/>
</iter>
<var>${key}</var>
<value>@{expected_keys}</value>
<status status="PASS" start="2024-04-07T04:18:05.151008" elapsed="0.011109"/>
</for>
<kw name="Create List" owner="BuiltIn">
<msg time="2024-04-07T04:18:05.162451" level="INFO">${expected_keysTwo} = ['username', 'password']</msg>
<var>${expected_keysTwo}</var>
<arg>username</arg>
<arg>password</arg>
<doc>Returns a list containing given items.</doc>
<status status="PASS" start="2024-04-07T04:18:05.162312" elapsed="0.000162"/>
</kw>
<for flavor="IN">
<iter>
<kw name="Dictionary Should Contain Key" owner="Collections">
<msg time="2024-04-07T04:18:05.163394" level="INFO">False</msg>
<arg>${json_data['results'][0]['login']}</arg>
<arg>${keyTwo}</arg>
<doc>Fails if ``key`` is not found from ``dictionary``.</doc>
<status status="PASS" start="2024-04-07T04:18:05.162985" elapsed="0.000448"/>
</kw>
<kw name="Dictionary Should Contain Key" owner="Collections">
<msg time="2024-04-07T04:18:05.164124" level="INFO">False</msg>
<arg>${json_data['results'][0]['login']}</arg>
<arg>${keyTwo}</arg>
<doc>Fails if ``key`` is not found from ``dictionary``.</doc>
<status status="PASS" start="2024-04-07T04:18:05.163734" elapsed="0.000428"/>
</kw>
<kw name="Log" owner="BuiltIn">
<msg time="2024-04-07T04:18:05.164592" level="INFO">username</msg>
<arg>${keyTwo}</arg>
<doc>Logs the given message with the given level.</doc>
<status status="PASS" start="2024-04-07T04:18:05.164465" elapsed="0.000165"/>
</kw>
<var name="${keyTwo}">username</var>
<status status="PASS" start="2024-04-07T04:18:05.162875" elapsed="0.001970"/>
</iter>
<iter>
<kw name="Dictionary Should Contain Key" owner="Collections">
<msg time="2024-04-07T04:18:05.165503" level="INFO">False</msg>
<arg>${json_data['results'][0]['login']}</arg>
<arg>${keyTwo}</arg>
<doc>Fails if ``key`` is not found from ``dictionary``.</doc>
<status status="PASS" start="2024-04-07T04:18:05.165129" elapsed="0.000413"/>
</kw>
<kw name="Dictionary Should Contain Key" owner="Collections">
<msg time="2024-04-07T04:18:05.166212" level="INFO">False</msg>
<arg>${json_data['results'][0]['login']}</arg>
<arg>${keyTwo}</arg>
<doc>Fails if ``key`` is not found from ``dictionary``.</doc>
<status status="PASS" start="2024-04-07T04:18:05.165838" elapsed="0.000411"/>
</kw>
<kw name="Log" owner="BuiltIn">
<msg time="2024-04-07T04:18:05.166673" level="INFO">password</msg>
<arg>${keyTwo}</arg>
<doc>Logs the given message with the given level.</doc>
<status status="PASS" start="2024-04-07T04:18:05.166545" elapsed="0.000167"/>
</kw>
<var name="${keyTwo}">password</var>
<status status="PASS" start="2024-04-07T04:18:05.165019" elapsed="0.001913"/>
</iter>
<var>${keyTwo}</var>
<value>@{expected_keysTwo}</value>
<status status="PASS" start="2024-04-07T04:18:05.162726" elapsed="0.004328"/>
</for>
<status status="PASS" start="2024-04-07T04:18:05.074236" elapsed="0.092956"/>
</kw>
<doc>Testa a estrutura da resposta da API.</doc>
<tag>testeEstruturaResposta</tag>
<status status="PASS" start="2024-04-07T04:18:05.073456" elapsed="0.093930"/>
</test>
<test id="s1-s1-t4" name="Validar tipos de dados" line="28">
<kw name="Teste de Tipos de Dados" owner="random-user-service">
<kw name="GET On Session" owner="RequestsLibrary">
<msg time="2024-04-07T04:18:05.231866" level="INFO">GET Request : url=https://randomuser.me/api 
 path_url=/api 
 headers={'User-Agent': 'python-requests/2.31.0', 'Accept-Encoding': 'gzip, deflate', 'Accept': '*/*', 'Connection': 'keep-alive'} 
 body=None 
 </msg>
<msg time="2024-04-07T04:18:05.231941" level="INFO">GET Response : url=https://randomuser.me/api 
 status=200, reason=OK 
 headers={'Date': 'Sun, 07 Apr 2024 04:18:05 GMT', 'Content-Type': 'application/json; charset=utf-8', 'Transfer-Encoding': 'chunked', 'Connection': 'keep-alive', 'X-Powered-By': 'Express', 'Access-Control-Allow-Origin': '*', 'Cache-Control': 'no-cache', 'ETag': 'W/"494-OPR4YV02BNtCun3ZN/X+x9NcVGE"', 'Vary': 'Accept-Encoding', 'Content-Encoding': 'gzip', 'CF-Cache-Status': 'DYNAMIC', 'Report-To': '{"endpoints":[{"url":"https:\\/\\/a.nel.cloudflare.com\\/report\\/v4?s=bVAm0d3oecgBHXpNETtQI6JzZ73eTIJ7lmSLB1fYZrjgEMU2EBvEWDO9Q3BvULyqB937M%2F00z3FtJJTv3E1D1Eogax8sXDyCE6NZvSN9mlglKFChfLbuVQYEc%2F0pqcId"}],"group":"cf-nel","max_age":604800}', 'NEL': '{"success_fraction":0,"report_to":"cf-nel","max_age":604800}', 'Server': 'cloudflare', 'CF-RAY': '8707362e5bb70384-ORD', 'alt-svc': 'h3=":443"; ma=86400'} 
 body={"results":[{"gender":"female","name":{"title":"Ms","first":"Anđela","last":"Nenezić"},"location":{"street":{"number":9104,"name":"Tesarska"},"city":"Lebane","state":"Kolubara","country":"Serbia","postcode":50431,"coordinates":{"latitude":"57.6763","longitude":"150.8002"},"timezone":{"offset":"0:00","description":"Western Europe Time, London, Lisbon, Casablanca"}},"email":"andela.nenezic@example.com","login":{"uuid":"07b7ed62-7807-4a2e-bc71-34b971388bb9","username":"bigduck333","password":"jorge","salt":"FdDNk40V","md5":"c4cd9e60b908739a1699aba6e097ca3a","sha1":"c1b0e0a8301046a2a1bb45e3c834ba36076c98b5","sha256":"6353a61bca9f89f748c692b3306fc0bde19fa4a9d11bc9e19c78b2d859fced8b"},"dob":{"date":"1984-12-05T01:40:17.080Z","age":39},"registered":{"date":"2014-06-12T00:17:44.488Z","age":9},"phone":"012-5567-509","cell":"064-9807-404","id":{"name":"SID","value":"520010913"},"picture":{"large":"https://randomuser.me/api/portraits/women/47.jpg","medium":"https://randomuser.me/api/portraits/med/women/47.jpg","thumbnail":"https://randomuser.me/api/portraits/thumb/women/47.jpg"},"nat":"RS"}],"info":{"seed":"ceab7c086691665b","results":1,"page":1,"version":"1.4"}} 
 </msg>
<msg time="2024-04-07T04:18:05.232006" level="INFO">/opt/hostedtoolcache/Python/3.12.2/x64/lib/python3.12/site-packages/urllib3/connectionpool.py:1103: InsecureRequestWarning: Unverified HTTPS request is being made to host 'randomuser.me'. Adding certificate verification is strongly advised. See: https://urllib3.readthedocs.io/en/latest/advanced-usage.html#tls-warnings
  warnings.warn(</msg>
<msg time="2024-04-07T04:18:05.232106" level="INFO">${response} = &lt;Response [200]&gt;</msg>
<var>${response}</var>
<arg>consultarAPI</arg>
<arg>/api</arg>
<doc>Sends a GET request on a previously created HTTP Session.</doc>
<status status="PASS" start="2024-04-07T04:18:05.169902" elapsed="0.062243"/>
</kw>
<kw name="Set Variable" owner="BuiltIn">
<msg time="2024-04-07T04:18:05.233271" level="INFO">${json_data} = {'results': [{'gender': 'female', 'name': {'title': 'Ms', 'first': 'Anđela', 'last': 'Nenezić'}, 'location': {'street': {'number': 9104, 'name': 'Tesarska'}, 'city': 'Lebane', 'state': 'Kolubara', 'co...</msg>
<var>${json_data}</var>
<arg>${response.json()}</arg>
<doc>Returns the given values which can then be assigned to a variables.</doc>
<status status="PASS" start="2024-04-07T04:18:05.232687" elapsed="0.000614"/>
</kw>
<kw name="Log" owner="BuiltIn">
<msg time="2024-04-07T04:18:05.233798" level="INFO">{'results': [{'gender': 'female', 'name': {'title': 'Ms', 'first': 'Anđela', 'last': 'Nenezić'}, 'location': {'street': {'number': 9104, 'name': 'Tesarska'}, 'city': 'Lebane', 'state': 'Kolubara', 'country': 'Serbia', 'postcode': 50431, 'coordinates': {'latitude': '57.6763', 'longitude': '150.8002'}, 'timezone': {'offset': '0:00', 'description': 'Western Europe Time, London, Lisbon, Casablanca'}}, 'email': 'andela.nenezic@example.com', 'login': {'uuid': '07b7ed62-7807-4a2e-bc71-34b971388bb9', 'username': 'bigduck333', 'password': 'jorge', 'salt': 'FdDNk40V', 'md5': 'c4cd9e60b908739a1699aba6e097ca3a', 'sha1': 'c1b0e0a8301046a2a1bb45e3c834ba36076c98b5', 'sha256': '6353a61bca9f89f748c692b3306fc0bde19fa4a9d11bc9e19c78b2d859fced8b'}, 'dob': {'date': '1984-12-05T01:40:17.080Z', 'age': 39}, 'registered': {'date': '2014-06-12T00:17:44.488Z', 'age': 9}, 'phone': '012-5567-509', 'cell': '064-9807-404', 'id': {'name': 'SID', 'value': '520010913'}, 'picture': {'large': 'https://randomuser.me/api/portraits/women/47.jpg', 'medium': 'https://randomuser.me/api/portraits/med/women/47.jpg', 'thumbnail': 'https://randomuser.me/api/portraits/thumb/women/47.jpg'}, 'nat': 'RS'}], 'info': {'seed': 'ceab7c086691665b', 'results': 1, 'page': 1, 'version': '1.4'}}</msg>
<arg>${json_data}</arg>
<doc>Logs the given message with the given level.</doc>
<status status="PASS" start="2024-04-07T04:18:05.233637" elapsed="0.000246"/>
</kw>
<kw name="Should Be String" owner="String">
<arg>${json_data['results'][0]['gender']}</arg>
<doc>Fails if the given ``item`` is not a string.</doc>
<status status="PASS" start="2024-04-07T04:18:05.234198" elapsed="0.000364"/>
</kw>
<kw name="Should Match Regexp" owner="BuiltIn">
<arg>${json_data['results'][0]['email']}</arg>
<arg>^[a-zA-Z0-9._%+-]+@[a-zA-Z0-9.-]+\.[a-zA-Z]{2,}$</arg>
<doc>Fails if ``string`` does not match ``pattern`` as a regular expression.</doc>
<status status="PASS" start="2024-04-07T04:18:05.234759" elapsed="0.000556"/>
</kw>
<kw name="Should Match Regexp" owner="BuiltIn">
<arg>${json_data['results'][0]['dob']['date']}</arg>
<arg>\\d{4}-\\d{2}-\\d{2}T\\d{2}:\\d{2}:\\d{2}\\.\\d{3}Z</arg>
<doc>Fails if ``string`` does not match ``pattern`` as a regular expression.</doc>
<status status="PASS" start="2024-04-07T04:18:05.235541" elapsed="0.000493"/>
</kw>
<kw name="Should Match Regexp" owner="BuiltIn">
<arg>${json_data['results'][0]['registered']['date']}</arg>
<arg>\\d{4}-\\d{2}-\\d{2}T\\d{2}:\\d{2}:\\d{2}\\.\\d{3}Z</arg>
<doc>Fails if ``string`` does not match ``pattern`` as a regular expression.</doc>
<status status="PASS" start="2024-04-07T04:18:05.236227" elapsed="0.000367"/>
</kw>
<kw name="Should Match Regexp" owner="BuiltIn">
<arg>${json_data['results'][0]['picture']['large']}</arg>
<arg>^https?://.*\.(?:png|jpe?g|gif|bmp)$</arg>
<doc>Fails if ``string`` does not match ``pattern`` as a regular expression.</doc>
<status status="PASS" start="2024-04-07T04:18:05.236779" elapsed="0.000449"/>
</kw>
<kw name="Should Match Regexp" owner="BuiltIn">
<arg>${json_data['results'][0]['picture']['medium']}</arg>
<arg>^https?://.*\.(?:png|jpe?g|gif|bmp)$</arg>
<doc>Fails if ``string`` does not match ``pattern`` as a regular expression.</doc>
<status status="PASS" start="2024-04-07T04:18:05.237422" elapsed="0.000351"/>
</kw>
<kw name="Should Match Regexp" owner="BuiltIn">
<arg>${json_data['results'][0]['picture']['thumbnail']}</arg>
<arg>^https?://.*\.(?:png|jpe?g|gif|bmp)$</arg>
<doc>Fails if ``string`` does not match ``pattern`` as a regular expression.</doc>
<status status="PASS" start="2024-04-07T04:18:05.237956" elapsed="0.000353"/>
</kw>
<kw name="Log" owner="BuiltIn">
<msg time="2024-04-07T04:18:05.238812" level="INFO">{'large': 'https://randomuser.me/api/portraits/women/47.jpg', 'medium': 'https://randomuser.me/api/portraits/med/women/47.jpg', 'thumbnail': 'https://randomuser.me/api/portraits/thumb/women/47.jpg'}</msg>
<arg>${json_data['results'][0]['picture']}</arg>
<doc>Logs the given message with the given level.</doc>
<status status="PASS" start="2024-04-07T04:18:05.238491" elapsed="0.000363"/>
</kw>
<status status="PASS" start="2024-04-07T04:18:05.169668" elapsed="0.069446"/>
</kw>
<kw name="Teste de Tipos de Dados - Postcode" owner="random-user-service">
<kw name="GET On Session" owner="RequestsLibrary">
<msg time="2024-04-07T04:18:05.318165" level="INFO">GET Request : url=https://randomuser.me/api 
 path_url=/api 
 headers={'User-Agent': 'python-requests/2.31.0', 'Accept-Encoding': 'gzip, deflate', 'Accept': '*/*', 'Connection': 'keep-alive'} 
 body=None 
 </msg>
<msg time="2024-04-07T04:18:05.318245" level="INFO">GET Response : url=https://randomuser.me/api 
 status=200, reason=OK 
 headers={'Date': 'Sun, 07 Apr 2024 04:18:05 GMT', 'Content-Type': 'application/json; charset=utf-8', 'Transfer-Encoding': 'chunked', 'Connection': 'keep-alive', 'X-Powered-By': 'Express', 'Access-Control-Allow-Origin': '*', 'Cache-Control': 'no-cache', 'ETag': 'W/"486-OdeOQxv5UnbgUBdt0ht11aFdBS4"', 'Vary': 'Accept-Encoding', 'Content-Encoding': 'gzip', 'CF-Cache-Status': 'DYNAMIC', 'Report-To': '{"endpoints":[{"url":"https:\\/\\/a.nel.cloudflare.com\\/report\\/v4?s=PifaPyfaj1F8GZqYcCoJAuhkqiD7uEDRjx1OZkSo4TjYc6oPaIGvtOXh2KFmtk%2Fbe6U3%2Bj3tLA4NDE9aRU2BJIX0dl6AJCFwJwV7vyE%2FyncRTAD%2FjWki7p7ydyf1Zz53"}],"group":"cf-nel","max_age":604800}', 'NEL': '{"success_fraction":0,"report_to":"cf-nel","max_age":604800}', 'Server': 'cloudflare', 'CF-RAY': '8707362ecbe60384-ORD', 'alt-svc': 'h3=":443"; ma=86400'} 
 body={"results":[{"gender":"female","name":{"title":"Ms","first":"Charline","last":"Marie"},"location":{"street":{"number":7695,"name":"Place de L'Église"},"city":"Orléans","state":"Cher","country":"France","postcode":71970,"coordinates":{"latitude":"-20.9426","longitude":"123.4409"},"timezone":{"offset":"-10:00","description":"Hawaii"}},"email":"charline.marie@example.com","login":{"uuid":"29d1c3a2-bbc8-465b-be11-90b54228a094","username":"bigmeercat108","password":"badger","salt":"UXHxuT76","md5":"150272c8f27edc60edadb23870e174f7","sha1":"80431022be59fdf9fb5ed50ca8dcca4ed91a2a66","sha256":"a3bd2fb949b4e751ceb7144f82afe5d99badabe13127c8dd576c6fa8df82cc5f"},"dob":{"date":"1987-02-16T02:09:46.096Z","age":37},"registered":{"date":"2008-11-16T11:14:44.494Z","age":15},"phone":"01-15-60-62-51","cell":"06-19-07-20-92","id":{"name":"INSEE","value":"2870176244846 82"},"picture":{"large":"https://randomuser.me/api/portraits/women/29.jpg","medium":"https://randomuser.me/api/portraits/med/women/29.jpg","thumbnail":"https://randomuser.me/api/portraits/thumb/women/29.jpg"},"nat":"FR"}],"info":{"seed":"0a36ddf9bce91b7f","results":1,"page":1,"version":"1.4"}} 
 </msg>
<msg time="2024-04-07T04:18:05.318327" level="INFO">/opt/hostedtoolcache/Python/3.12.2/x64/lib/python3.12/site-packages/urllib3/connectionpool.py:1103: InsecureRequestWarning: Unverified HTTPS request is being made to host 'randomuser.me'. Adding certificate verification is strongly advised. See: https://urllib3.readthedocs.io/en/latest/advanced-usage.html#tls-warnings
  warnings.warn(</msg>
<msg time="2024-04-07T04:18:05.318432" level="INFO">${response} = &lt;Response [200]&gt;</msg>
<var>${response}</var>
<arg>consultarAPI</arg>
<arg>/api</arg>
<doc>Sends a GET request on a previously created HTTP Session.</doc>
<status status="PASS" start="2024-04-07T04:18:05.239719" elapsed="0.078752"/>
</kw>
<kw name="Set Variable" owner="BuiltIn">
<msg time="2024-04-07T04:18:05.319397" level="INFO">${json_data} = {'results': [{'gender': 'female', 'name': {'title': 'Ms', 'first': 'Charline', 'last': 'Marie'}, 'location': {'street': {'number': 7695, 'name': "Place de L'Église"}, 'city': 'Orléans', 'state': 'Cher...</msg>
<var>${json_data}</var>
<arg>${response.json()}</arg>
<doc>Returns the given values which can then be assigned to a variables.</doc>
<status status="PASS" start="2024-04-07T04:18:05.318927" elapsed="0.000500"/>
</kw>
<kw name="Log" owner="BuiltIn">
<msg time="2024-04-07T04:18:05.319890" level="INFO">{'results': [{'gender': 'female', 'name': {'title': 'Ms', 'first': 'Charline', 'last': 'Marie'}, 'location': {'street': {'number': 7695, 'name': "Place de L'Église"}, 'city': 'Orléans', 'state': 'Cher', 'country': 'France', 'postcode': 71970, 'coordinates': {'latitude': '-20.9426', 'longitude': '123.4409'}, 'timezone': {'offset': '-10:00', 'description': 'Hawaii'}}, 'email': 'charline.marie@example.com', 'login': {'uuid': '29d1c3a2-bbc8-465b-be11-90b54228a094', 'username': 'bigmeercat108', 'password': 'badger', 'salt': 'UXHxuT76', 'md5': '150272c8f27edc60edadb23870e174f7', 'sha1': '80431022be59fdf9fb5ed50ca8dcca4ed91a2a66', 'sha256': 'a3bd2fb949b4e751ceb7144f82afe5d99badabe13127c8dd576c6fa8df82cc5f'}, 'dob': {'date': '1987-02-16T02:09:46.096Z', 'age': 37}, 'registered': {'date': '2008-11-16T11:14:44.494Z', 'age': 15}, 'phone': '01-15-60-62-51', 'cell': '06-19-07-20-92', 'id': {'name': 'INSEE', 'value': '2870176244846 82'}, 'picture': {'large': 'https://randomuser.me/api/portraits/women/29.jpg', 'medium': 'https://randomuser.me/api/portraits/med/women/29.jpg', 'thumbnail': 'https://randomuser.me/api/portraits/thumb/women/29.jpg'}, 'nat': 'FR'}], 'info': {'seed': '0a36ddf9bce91b7f', 'results': 1, 'page': 1, 'version': '1.4'}}</msg>
<arg>${json_data}</arg>
<doc>Logs the given message with the given level.</doc>
<status status="PASS" start="2024-04-07T04:18:05.319735" elapsed="0.000236"/>
</kw>
<kw name="Should Be Equal As Numbers" owner="BuiltIn">
<arg>${json_data['results'][0]['location']['postcode']}</arg>
<arg>${json_data['results'][0]['location']['postcode']}</arg>
<doc>Fails if objects are unequal after converting them to real numbers.</doc>
<status status="PASS" start="2024-04-07T04:18:05.320277" elapsed="0.000621"/>
</kw>
<kw name="Log" owner="BuiltIn">
<msg time="2024-04-07T04:18:05.321422" level="INFO">71970</msg>
<arg>${json_data['results'][0]['location']['postcode']}</arg>
<doc>Logs the given message with the given level.</doc>
<status status="PASS" start="2024-04-07T04:18:05.321090" elapsed="0.000374"/>
</kw>
<status status="PASS" start="2024-04-07T04:18:05.239356" elapsed="0.082369"/>
</kw>
<doc>Testa se os tipos de dados na resposta da API estão corretos.</doc>
<tag>testeTiposDados</tag>
<status status="PASS" start="2024-04-07T04:18:05.169129" elapsed="0.152764"/>
</test>
<test id="s1-s1-t5" name="Validar conteudo" line="35">
<kw name="Teste de Tipos de Conteudo" owner="random-user-service">
<kw name="GET On Session" owner="RequestsLibrary">
<msg time="2024-04-07T04:18:05.423440" level="INFO">GET Request : url=https://randomuser.me/api 
 path_url=/api 
 headers={'User-Agent': 'python-requests/2.31.0', 'Accept-Encoding': 'gzip, deflate', 'Accept': '*/*', 'Connection': 'keep-alive'} 
 body=None 
 </msg>
<msg time="2024-04-07T04:18:05.423531" level="INFO">GET Response : url=https://randomuser.me/api 
 status=200, reason=OK 
 headers={'Date': 'Sun, 07 Apr 2024 04:18:05 GMT', 'Content-Type': 'application/json; charset=utf-8', 'Transfer-Encoding': 'chunked', 'Connection': 'keep-alive', 'X-Powered-By': 'Express', 'Access-Control-Allow-Origin': '*', 'Cache-Control': 'no-cache', 'ETag': 'W/"482-1BpbI8AkTiX6XK9Z9jhalC7ucQg"', 'Vary': 'Accept-Encoding', 'Content-Encoding': 'gzip', 'CF-Cache-Status': 'DYNAMIC', 'Report-To': '{"endpoints":[{"url":"https:\\/\\/a.nel.cloudflare.com\\/report\\/v4?s=NQzZJsa85CiINn6pbPSPJjIeA%2Fxkmd8Pw9eBFI9PWUiGxvro1ihWhzvnriKYU8VjCV0p9ojRgcJ%2BxrcjYxSxXsgkQeBUJ71B6nct2lTmjuXNq0F%2FLsB6Wcal2SV0Dlsk"}],"group":"cf-nel","max_age":604800}', 'NEL': '{"success_fraction":0,"report_to":"cf-nel","max_age":604800}', 'Server': 'cloudflare', 'CF-RAY': '8707362f4c2f0384-ORD', 'alt-svc': 'h3=":443"; ma=86400'} 
 body={"results":[{"gender":"female","name":{"title":"Miss","first":"Mestan","last":"Erkekli"},"location":{"street":{"number":9172,"name":"Doktorlar Cd"},"city":"Şırnak","state":"Konya","country":"Turkey","postcode":47498,"coordinates":{"latitude":"66.1579","longitude":"158.7213"},"timezone":{"offset":"+7:00","description":"Bangkok, Hanoi, Jakarta"}},"email":"mestan.erkekli@example.com","login":{"uuid":"962de2e8-623e-448b-a81e-72b280259c07","username":"whiteladybug244","password":"beardog","salt":"jo6rFQNG","md5":"0db7e12822b422b965f5eb596db77994","sha1":"31ed4b1ff966bca9c3a9608a06647e3ab9d6ab0e","sha256":"b94bb05395b522d095b2f6c5d27d2fd6a83d3f886dfba0727065d2c64483aaf0"},"dob":{"date":"1985-11-14T12:55:06.426Z","age":38},"registered":{"date":"2005-02-26T15:21:58.037Z","age":19},"phone":"(013)-570-4947","cell":"(964)-063-4287","id":{"name":"","value":null},"picture":{"large":"https://randomuser.me/api/portraits/women/50.jpg","medium":"https://randomuser.me/api/portraits/med/women/50.jpg","thumbnail":"https://randomuser.me/api/portraits/thumb/women/50.jpg"},"nat":"TR"}],"info":{"seed":"b97d2952519dbe92","results":1,"page":1,"version":"1.4"}} 
 </msg>
<msg time="2024-04-07T04:18:05.423608" level="INFO">/opt/hostedtoolcache/Python/3.12.2/x64/lib/python3.12/site-packages/urllib3/connectionpool.py:1103: InsecureRequestWarning: Unverified HTTPS request is being made to host 'randomuser.me'. Adding certificate verification is strongly advised. See: https://urllib3.readthedocs.io/en/latest/advanced-usage.html#tls-warnings
  warnings.warn(</msg>
<msg time="2024-04-07T04:18:05.423722" level="INFO">${response} = &lt;Response [200]&gt;</msg>
<var>${response}</var>
<arg>consultarAPI</arg>
<arg>/api</arg>
<doc>Sends a GET request on a previously created HTTP Session.</doc>
<status status="PASS" start="2024-04-07T04:18:05.324319" elapsed="0.099447"/>
</kw>
<kw name="Set Variable" owner="BuiltIn">
<msg time="2024-04-07T04:18:05.424746" level="INFO">${json_data} = {'results': [{'gender': 'female', 'name': {'title': 'Miss', 'first': 'Mestan', 'last': 'Erkekli'}, 'location': {'street': {'number': 9172, 'name': 'Doktorlar Cd'}, 'city': 'Şırnak', 'state': 'Konya', ...</msg>
<var>${json_data}</var>
<arg>${response.json()}</arg>
<doc>Returns the given values which can then be assigned to a variables.</doc>
<status status="PASS" start="2024-04-07T04:18:05.424250" elapsed="0.000526"/>
</kw>
<kw name="Set Variable" owner="BuiltIn">
<msg time="2024-04-07T04:18:05.425469" level="INFO">${name_title} = Miss</msg>
<var>${name_title}</var>
<arg>${json_data["results"][0]["name"]["title"]}</arg>
<doc>Returns the given values which can then be assigned to a variables.</doc>
<status status="PASS" start="2024-04-07T04:18:05.425085" elapsed="0.000410"/>
</kw>
<kw name="Create List" owner="BuiltIn">
<msg time="2024-04-07T04:18:05.425949" level="INFO">${allowed_titles} = ['Mr', 'Ms', 'Miss', 'Mrs', 'Madame', 'Monsieur']</msg>
<var>${allowed_titles}</var>
<arg>Mr</arg>
<arg>Ms</arg>
<arg>Miss</arg>
<arg>Mrs</arg>
<arg>Madame</arg>
<arg>Monsieur</arg>
<doc>Returns a list containing given items.</doc>
<status status="PASS" start="2024-04-07T04:18:05.425799" elapsed="0.000175"/>
</kw>
<kw name="List Should Contain Value" owner="Collections">
<msg time="2024-04-07T04:18:05.426452" level="INFO">False</msg>
<arg>${allowed_titles}</arg>
<arg>${name_title}</arg>
<doc>Fails if the ``value`` is not found from ``list``.</doc>
<status status="PASS" start="2024-04-07T04:18:05.426279" elapsed="0.000209"/>
</kw>
<kw name="Set Variable" owner="BuiltIn">
<msg time="2024-04-07T04:18:05.427161" level="INFO">${name_country} = TR</msg>
<var>${name_country}</var>
<arg>${json_data["results"][0]["nat"]}</arg>
<doc>Returns the given values which can then be assigned to a variables.</doc>
<status status="PASS" start="2024-04-07T04:18:05.426780" elapsed="0.000406"/>
</kw>
<kw name="Create List" owner="BuiltIn">
<msg time="2024-04-07T04:18:05.428133" level="INFO">${list_country} = ['AD', 'AE', 'AF', 'AG', 'AI', 'AL', 'AM', 'AO', 'AQ', 'AR', 'AS', 'AT', 'AU', 'AW', 'AX', 'AZ', 'BA', 'BB', 'BD', 'BE', 'BF', 'BG', 'BH', 'BI', 'BJ', 'BL', 'BM', 'BN', 'BO', 'BQ', 'BR', 'BS', 'BT', '...</msg>
<var>${list_country}</var>
<arg>AD</arg>
<arg>AE</arg>
<arg>AF</arg>
<arg>AG</arg>
<arg>AI</arg>
<arg>AL</arg>
<arg>AM</arg>
<arg>AO</arg>
<arg>AQ</arg>
<arg>AR</arg>
<arg>AS</arg>
<arg>AT</arg>
<arg>AU</arg>
<arg>AW</arg>
<arg>AX</arg>
<arg>AZ</arg>
<arg>BA</arg>
<arg>BB</arg>
<arg>BD</arg>
<arg>BE</arg>
<arg>BF</arg>
<arg>BG</arg>
<arg>BH</arg>
<arg>BI</arg>
<arg>BJ</arg>
<arg>BL</arg>
<arg>BM</arg>
<arg>BN</arg>
<arg>BO</arg>
<arg>BQ</arg>
<arg>BR</arg>
<arg>BS</arg>
<arg>BT</arg>
<arg>BV</arg>
<arg>BW</arg>
<arg>BY</arg>
<arg>BZ</arg>
<arg>CA</arg>
<arg>CC</arg>
<arg>CD</arg>
<arg>CF</arg>
<arg>CG</arg>
<arg>CH</arg>
<arg>CI</arg>
<arg>CK</arg>
<arg>CL</arg>
<arg>CM</arg>
<arg>CN</arg>
<arg>CO</arg>
<arg>CR</arg>
<arg>CU</arg>
<arg>CV</arg>
<arg>CW</arg>
<arg>CX</arg>
<arg>CY</arg>
<arg>CZ</arg>
<arg>DE</arg>
<arg>DJ</arg>
<arg>DK</arg>
<arg>DM</arg>
<arg>DO</arg>
<arg>DZ</arg>
<arg>EC</arg>
<arg>EE</arg>
<arg>EG</arg>
<arg>EH</arg>
<arg>ER</arg>
<arg>ES</arg>
<arg>ET</arg>
<arg>FI</arg>
<arg>FJ</arg>
<arg>FK</arg>
<arg>FM</arg>
<arg>FO</arg>
<arg>FR</arg>
<arg>GA</arg>
<arg>GB</arg>
<arg>GD</arg>
<arg>GE</arg>
<arg>GF</arg>
<arg>GG</arg>
<arg>GH</arg>
<arg>GI</arg>
<arg>GL</arg>
<arg>GM</arg>
<arg>GN</arg>
<arg>GP</arg>
<arg>GQ</arg>
<arg>GR</arg>
<arg>GS</arg>
<arg>GT</arg>
<arg>GU</arg>
<arg>GW</arg>
<arg>GY</arg>
<arg>HK</arg>
<arg>HM</arg>
<arg>HN</arg>
<arg>HR</arg>
<arg>HT</arg>
<arg>HU</arg>
<arg>ID</arg>
<arg>IE</arg>
<arg>IL</arg>
<arg>IM</arg>
<arg>IN</arg>
<arg>IO</arg>
<arg>IQ</arg>
<arg>IR</arg>
<arg>IS</arg>
<arg>IT</arg>
<arg>JE</arg>
<arg>JM</arg>
<arg>JO</arg>
<arg>JP</arg>
<arg>KE</arg>
<arg>KG</arg>
<arg>KH</arg>
<arg>KI</arg>
<arg>KM</arg>
<arg>KN</arg>
<arg>KP</arg>
<arg>KR</arg>
<arg>KW</arg>
<arg>KY</arg>
<arg>KZ</arg>
<arg>LA</arg>
<arg>LB</arg>
<arg>LC</arg>
<arg>LI</arg>
<arg>LK</arg>
<arg>LR</arg>
<arg>LS</arg>
<arg>LT</arg>
<arg>LU</arg>
<arg>LV</arg>
<arg>LY</arg>
<arg>MA</arg>
<arg>MC</arg>
<arg>MD</arg>
<arg>ME</arg>
<arg>MF</arg>
<arg>MG</arg>
<arg>MH</arg>
<arg>MK</arg>
<arg>ML</arg>
<arg>MM</arg>
<arg>MN</arg>
<arg>MO</arg>
<arg>MP</arg>
<arg>MQ</arg>
<arg>MR</arg>
<arg>MS</arg>
<arg>MT</arg>
<arg>MU</arg>
<arg>MV</arg>
<arg>MW</arg>
<arg>MX</arg>
<arg>MY</arg>
<arg>MZ</arg>
<arg>NA</arg>
<arg>NC</arg>
<arg>NE</arg>
<arg>NF</arg>
<arg>NG</arg>
<arg>NI</arg>
<arg>NL</arg>
<arg>NO</arg>
<arg>NP</arg>
<arg>NR</arg>
<arg>NU</arg>
<arg>NZ</arg>
<arg>OM</arg>
<arg>PA</arg>
<arg>PE</arg>
<arg>PF</arg>
<arg>PG</arg>
<arg>PH</arg>
<arg>PK</arg>
<arg>PL</arg>
<arg>PM</arg>
<arg>PN</arg>
<arg>PR</arg>
<arg>PS</arg>
<arg>PT</arg>
<arg>PW</arg>
<arg>PY</arg>
<arg>QA</arg>
<arg>RE</arg>
<arg>RO</arg>
<arg>RS</arg>
<arg>RU</arg>
<arg>RW</arg>
<arg>SA</arg>
<arg>SB</arg>
<arg>SC</arg>
<arg>SD</arg>
<arg>SE</arg>
<arg>SG</arg>
<arg>SH</arg>
<arg>SI</arg>
<arg>SJ</arg>
<arg>SK</arg>
<arg>SL</arg>
<arg>SM</arg>
<arg>SN</arg>
<arg>SO</arg>
<arg>SR</arg>
<arg>SS</arg>
<arg>ST</arg>
<arg>SV</arg>
<arg>SX</arg>
<arg>SY</arg>
<arg>SZ</arg>
<arg>TC</arg>
<arg>TD</arg>
<arg>TF</arg>
<arg>TG</arg>
<arg>TH</arg>
<arg>TJ</arg>
<arg>TK</arg>
<arg>TL</arg>
<arg>TM</arg>
<arg>TN</arg>
<arg>TO</arg>
<arg>TR</arg>
<arg>TT</arg>
<arg>TV</arg>
<arg>TW</arg>
<arg>TZ</arg>
<arg>UA</arg>
<arg>UG</arg>
<arg>UM</arg>
<arg>US</arg>
<arg>UY</arg>
<arg>UZ</arg>
<arg>VA</arg>
<arg>VC</arg>
<arg>VE</arg>
<arg>VG</arg>
<arg>VI</arg>
<arg>VN</arg>
<arg>VU</arg>
<arg>WF</arg>
<arg>WS</arg>
<arg>XK</arg>
<arg>YE</arg>
<arg>YT</arg>
<arg>ZA</arg>
<arg>ZM</arg>
<arg>ZW</arg>
<doc>Returns a list containing given items.</doc>
<status status="PASS" start="2024-04-07T04:18:05.427534" elapsed="0.000624"/>
</kw>
<kw name="List Should Contain Value" owner="Collections">
<msg time="2024-04-07T04:18:05.429268" level="INFO">False</msg>
<arg>${list_country}</arg>
<arg>${name_country}</arg>
<doc>Fails if the ``value`` is not found from ``list``.</doc>
<status status="PASS" start="2024-04-07T04:18:05.429058" elapsed="0.000247"/>
</kw>
<kw name="Run Keyword If" owner="BuiltIn">
<kw name="Should Be True" owner="BuiltIn">
<arg>${True}</arg>
<doc>Fails if the given condition is not true.</doc>
<status status="PASS" start="2024-04-07T04:18:05.430380" elapsed="0.000146"/>
</kw>
<arg>${json_data["results"][0]["location"]["coordinates"]["latitude"]} &gt;= -90 and ${json_data["results"][0]["location"]["coordinates"]["latitude"]} &lt;= 90</arg>
<arg>Should Be True</arg>
<arg>${True}</arg>
<doc>Runs the given keyword with the given arguments, if ``condition`` is true.</doc>
<status status="PASS" start="2024-04-07T04:18:05.429618" elapsed="0.001034"/>
</kw>
<kw name="Run Keyword If" owner="BuiltIn">
<kw name="Should Be True" owner="BuiltIn">
<arg>${True}</arg>
<doc>Fails if the given condition is not true.</doc>
<status status="PASS" start="2024-04-07T04:18:05.431554" elapsed="0.000138"/>
</kw>
<arg>${json_data["results"][0]["location"]["coordinates"]["longitude"]} &gt;= -180 and ${json_data["results"][0]["location"]["coordinates"]["longitude"]} &lt;= 180</arg>
<arg>Should Be True</arg>
<arg>${True}</arg>
<doc>Runs the given keyword with the given arguments, if ``condition`` is true.</doc>
<status status="PASS" start="2024-04-07T04:18:05.430838" elapsed="0.000980"/>
</kw>
<status status="PASS" start="2024-04-07T04:18:05.324094" elapsed="0.107854"/>
</kw>
<doc>Testa o conteúdo específico dos campos retornados pela API.</doc>
<tag>testeConteudo</tag>
<status status="PASS" start="2024-04-07T04:18:05.323647" elapsed="0.108454"/>
</test>
<status status="PASS" start="2024-04-07T04:18:04.391934" elapsed="1.042071"/>
</suite>
<status status="PASS" start="2024-04-07T04:18:04.378296" elapsed="1.061066"/>
</suite>
<statistics>
<total>
<stat pass="5" fail="0" skip="0">All Tests</stat>
</total>
<tag>
<stat pass="1" fail="0" skip="0">testeConteudo</stat>
<stat pass="1" fail="0" skip="0">testeEstruturaResposta</stat>
<stat pass="1" fail="0" skip="0">testeRequisicaoBasica</stat>
<stat pass="1" fail="0" skip="0">testeTiposDados</stat>
</tag>
<suite>
<stat pass="5" fail="0" skip="0" id="s1" name="Tests">Tests</stat>
<stat pass="5" fail="0" skip="0" id="s1-s1" name="Random-User-Test">Tests.Random-User-Test</stat>
</suite>
</statistics>
<errors>
</errors>
</robot>
