<?xml version="1.0" encoding="UTF-8"?>
<robot generator="Robot 7.0.1 (Python 3.12.4 on linux)" generated="2024-06-30T09:18:22.722725" rpa="false" schemaversion="5">
<suite id="s1" name="Tests" source="/home/runner/work/ApiRandomUser/ApiRandomUser/RamdonUser/tests">
<suite id="s1-s1" name="Random-User-Test" source="/home/runner/work/ApiRandomUser/ApiRandomUser/RamdonUser/tests/random-user-test.robot">
<test id="s1-s1-t1" name="Conectar" line="13">
<kw name="Conectar API" owner="random-user-service">
<kw name="Create Session" owner="RequestsLibrary">
<msg time="2024-06-30T09:18:23.120197" level="INFO">Creating Session using : alias=consultarAPI, url=https://randomuser.me/, headers={},                     cookies={}, auth=None, timeout=None, proxies=None, verify=False,                     debug=0 </msg>
<arg>consultarAPI</arg>
<arg>${URL}</arg>
<doc>Create Session: create a HTTP session to a server</doc>
<status status="PASS" start="2024-06-30T09:18:23.120003" elapsed="0.000363"/>
</kw>
<status status="PASS" start="2024-06-30T09:18:23.119096" elapsed="0.001613"/>
</kw>
<status status="PASS" start="2024-06-30T09:18:23.118594" elapsed="0.002308"/>
</test>
<test id="s1-s1-t2" name="Validar retorno 200 e JSON Válido" line="16">
<kw name="Teste de Requisicao Basica" owner="random-user-service">
<kw name="GET On Session" owner="RequestsLibrary">
<msg time="2024-06-30T09:18:23.298412" level="INFO">GET Request : url=https://randomuser.me/api 
 path_url=/api 
 headers={'User-Agent': 'python-requests/2.32.3', 'Accept-Encoding': 'gzip, deflate', 'Accept': '*/*', 'Connection': 'keep-alive'} 
 body=None 
 </msg>
<msg time="2024-06-30T09:18:23.298545" level="INFO">GET Response : url=https://randomuser.me/api 
 status=200, reason=OK 
 headers={'Date': 'Sun, 30 Jun 2024 09:18:23 GMT', 'Content-Type': 'application/json; charset=utf-8', 'Transfer-Encoding': 'chunked', 'Connection': 'keep-alive', 'X-Powered-By': 'Express', 'Access-Control-Allow-Origin': '*', 'Cache-Control': 'no-cache', 'ETag': 'W/"472-zRlTJ3HUDR+08szbvCXZ27ivP6U"', 'Vary': 'Accept-Encoding', 'Content-Encoding': 'gzip', 'CF-Cache-Status': 'DYNAMIC', 'Report-To': '{"endpoints":[{"url":"https:\\/\\/a.nel.cloudflare.com\\/report\\/v4?s=jHI4%2FCbjdqWi4awUjdOEFt27AiJ7h9b3tnsjaqKq3ph%2BVJk2GCINSU5PjlSlnWLP0E9KiWQ4HMS70RF6mqIhuTYwXqlAqTPAHq3lCqZVKdumuvLYeqNICDbX6Tzgpe1b"}],"group":"cf-nel","max_age":604800}', 'NEL': '{"success_fraction":0,"report_to":"cf-nel","max_age":604800}', 'Server': 'cloudflare', 'CF-RAY': '89bd11937e160804-IAD', 'alt-svc': 'h3=":443"; ma=86400'} 
 body={"results":[{"gender":"male","name":{"title":"Mr","first":"Eren","last":"Hakyemez"},"location":{"street":{"number":6470,"name":"Atatürk Sk"},"city":"Nevşehir","state":"Bilecik","country":"Turkey","postcode":82514,"coordinates":{"latitude":"64.5437","longitude":"-74.8618"},"timezone":{"offset":"+7:00","description":"Bangkok, Hanoi, Jakarta"}},"email":"eren.hakyemez@example.com","login":{"uuid":"56ca092c-7b24-43bf-bb06-828018d7393d","username":"angrykoala575","password":"record","salt":"ESisnS7T","md5":"8b9314b8b127797957d633131ab3f61f","sha1":"35120fd94a605c3f4938000c03b7826c5dd140f9","sha256":"3a8de99f946f1026eebb226a462fffb1a699405420a8ed4353d9e42966e92aef"},"dob":{"date":"1953-06-22T10:47:43.667Z","age":71},"registered":{"date":"2012-08-28T20:21:39.577Z","age":11},"phone":"(058)-425-1847","cell":"(562)-250-9091","id":{"name":"","value":null},"picture":{"large":"https://randomuser.me/api/portraits/men/1.jpg","medium":"https://randomuser.me/api/portraits/med/men/1.jpg","thumbnail":"https://randomuser.me/api/portraits/thumb/men/1.jpg"},"nat":"TR"}],"info":{"seed":"921203470c1a87ec","results":1,"page":1,"version":"1.4"}} 
 </msg>
<msg time="2024-06-30T09:18:23.298642" level="INFO">/opt/hostedtoolcache/Python/3.12.4/x64/lib/python3.12/site-packages/urllib3/connectionpool.py:1099: InsecureRequestWarning: Unverified HTTPS request is being made to host 'randomuser.me'. Adding certificate verification is strongly advised. See: https://urllib3.readthedocs.io/en/latest/advanced-usage.html#tls-warnings
  warnings.warn(</msg>
<msg time="2024-06-30T09:18:23.298785" level="INFO">${response} = &lt;Response [200]&gt;</msg>
<var>${response}</var>
<arg>consultarAPI</arg>
<arg>/api</arg>
<doc>Sends a GET request on a previously created HTTP Session.</doc>
<status status="PASS" start="2024-06-30T09:18:23.123543" elapsed="0.175285"/>
</kw>
<kw name="Should Be Equal As Numbers" owner="BuiltIn">
<msg time="2024-06-30T09:18:23.299603" level="INFO">Argument types are:
&lt;class 'int'&gt;
&lt;class 'str'&gt;</msg>
<arg>${response.status_code}</arg>
<arg>200</arg>
<doc>Fails if objects are unequal after converting them to real numbers.</doc>
<status status="PASS" start="2024-06-30T09:18:23.299210" elapsed="0.000455"/>
</kw>
<kw name="Log" owner="BuiltIn">
<msg time="2024-06-30T09:18:23.300329" level="INFO">200</msg>
<arg>${response.status_code}</arg>
<doc>Logs the given message with the given level.</doc>
<status status="PASS" start="2024-06-30T09:18:23.299979" elapsed="0.000394"/>
</kw>
<kw name="Set Variable" owner="BuiltIn">
<msg time="2024-06-30T09:18:23.301117" level="INFO">${json_data} = {'results': [{'gender': 'male', 'name': {'title': 'Mr', 'first': 'Eren', 'last': 'Hakyemez'}, 'location': {'street': {'number': 6470, 'name': 'Atatürk Sk'}, 'city': 'Nevşehir', 'state': 'Bilecik', 'co...</msg>
<var>${json_data}</var>
<arg>${response.json()}</arg>
<doc>Returns the given values which can then be assigned to a variables.</doc>
<status status="PASS" start="2024-06-30T09:18:23.300676" elapsed="0.000471"/>
</kw>
<kw name="Dictionary Should Contain Key" owner="Collections">
<arg>${json_data}</arg>
<arg>results</arg>
<doc>Fails if ``key`` is not found from ``dictionary``.</doc>
<status status="PASS" start="2024-06-30T09:18:23.301448" elapsed="0.000163"/>
</kw>
<status status="PASS" start="2024-06-30T09:18:23.123296" elapsed="0.178457"/>
</kw>
<doc>Testa se a API responde corretamente e retorna um objeto JSON válido.</doc>
<tag>testeRequisicaoBasica</tag>
<status status="PASS" start="2024-06-30T09:18:23.122773" elapsed="0.179136"/>
</test>
<test id="s1-s1-t3" name="Validar estrutura de resposta" line="22">
<kw name="Teste de Estrutura de Resposta" owner="random-user-service">
<kw name="GET On Session" owner="RequestsLibrary">
<msg time="2024-06-30T09:18:23.396941" level="INFO">GET Request : url=https://randomuser.me/api 
 path_url=/api 
 headers={'User-Agent': 'python-requests/2.32.3', 'Accept-Encoding': 'gzip, deflate', 'Accept': '*/*', 'Connection': 'keep-alive'} 
 body=None 
 </msg>
<msg time="2024-06-30T09:18:23.397022" level="INFO">GET Response : url=https://randomuser.me/api 
 status=200, reason=OK 
 headers={'Date': 'Sun, 30 Jun 2024 09:18:23 GMT', 'Content-Type': 'application/json; charset=utf-8', 'Transfer-Encoding': 'chunked', 'Connection': 'keep-alive', 'X-Powered-By': 'Express', 'Access-Control-Allow-Origin': '*', 'Cache-Control': 'no-cache', 'ETag': 'W/"483-7MxdaHDDJiuOVlfXIJZMu0pUzHg"', 'Vary': 'Accept-Encoding', 'Content-Encoding': 'gzip', 'CF-Cache-Status': 'DYNAMIC', 'Report-To': '{"endpoints":[{"url":"https:\\/\\/a.nel.cloudflare.com\\/report\\/v4?s=eoE1oG0IcR3%2Fta0VfS%2Fx49cuLVAuzMIiCoRqhoBz0fYHuBWELs1jBRATlZ0RQLWF5f6yyJPpM08cE0WkUFQa3VWkQYwig7RKsZPbodlMAFif%2B420ICiEYb%2BOwQVB9Xpi"}],"group":"cf-nel","max_age":604800}', 'NEL': '{"success_fraction":0,"report_to":"cf-nel","max_age":604800}', 'Server': 'cloudflare', 'CF-RAY': '89bd1193be560804-IAD', 'alt-svc': 'h3=":443"; ma=86400'} 
 body={"results":[{"gender":"female","name":{"title":"Ms","first":"Maida","last":"Risøy"},"location":{"street":{"number":6601,"name":"Gisles vei"},"city":"Brattvåg","state":"Hordaland","country":"Norway","postcode":"4838","coordinates":{"latitude":"45.1197","longitude":"113.6582"},"timezone":{"offset":"-3:00","description":"Brazil, Buenos Aires, Georgetown"}},"email":"maida.risoy@example.com","login":{"uuid":"9ac5a415-3225-4b4c-b2d3-8e74eb5a3b8c","username":"brownlion892","password":"speedy","salt":"ijvTsVCi","md5":"6130881b9a1bd5236f8bad3bd6f9e404","sha1":"eff23db4f2f42a998fc6e2b92b376eb8a2e03793","sha256":"75799bb96c2c826754030de5747520ed6cd28c1229f50f37a327059e891260fb"},"dob":{"date":"1971-10-13T09:51:13.121Z","age":52},"registered":{"date":"2007-05-30T05:51:05.339Z","age":17},"phone":"73627581","cell":"97270515","id":{"name":"FN","value":"13107143062"},"picture":{"large":"https://randomuser.me/api/portraits/women/88.jpg","medium":"https://randomuser.me/api/portraits/med/women/88.jpg","thumbnail":"https://randomuser.me/api/portraits/thumb/women/88.jpg"},"nat":"NO"}],"info":{"seed":"6e07536773cd7553","results":1,"page":1,"version":"1.4"}} 
 </msg>
<msg time="2024-06-30T09:18:23.397117" level="INFO">/opt/hostedtoolcache/Python/3.12.4/x64/lib/python3.12/site-packages/urllib3/connectionpool.py:1099: InsecureRequestWarning: Unverified HTTPS request is being made to host 'randomuser.me'. Adding certificate verification is strongly advised. See: https://urllib3.readthedocs.io/en/latest/advanced-usage.html#tls-warnings
  warnings.warn(</msg>
<msg time="2024-06-30T09:18:23.397228" level="INFO">${response} = &lt;Response [200]&gt;</msg>
<var>${response}</var>
<arg>consultarAPI</arg>
<arg>/api</arg>
<doc>Sends a GET request on a previously created HTTP Session.</doc>
<status status="PASS" start="2024-06-30T09:18:23.304506" elapsed="0.092766"/>
</kw>
<kw name="Set Variable" owner="BuiltIn">
<msg time="2024-06-30T09:18:23.398164" level="INFO">${json_data} = {'results': [{'gender': 'female', 'name': {'title': 'Ms', 'first': 'Maida', 'last': 'Risøy'}, 'location': {'street': {'number': 6601, 'name': 'Gisles vei'}, 'city': 'Brattvåg', 'state': 'Hordaland', '...</msg>
<var>${json_data}</var>
<arg>${response.json()}</arg>
<doc>Returns the given values which can then be assigned to a variables.</doc>
<status status="PASS" start="2024-06-30T09:18:23.397676" elapsed="0.000519"/>
</kw>
<kw name="Log" owner="BuiltIn">
<msg time="2024-06-30T09:18:23.398668" level="INFO">{'results': [{'gender': 'female', 'name': {'title': 'Ms', 'first': 'Maida', 'last': 'Risøy'}, 'location': {'street': {'number': 6601, 'name': 'Gisles vei'}, 'city': 'Brattvåg', 'state': 'Hordaland', 'country': 'Norway', 'postcode': '4838', 'coordinates': {'latitude': '45.1197', 'longitude': '113.6582'}, 'timezone': {'offset': '-3:00', 'description': 'Brazil, Buenos Aires, Georgetown'}}, 'email': 'maida.risoy@example.com', 'login': {'uuid': '9ac5a415-3225-4b4c-b2d3-8e74eb5a3b8c', 'username': 'brownlion892', 'password': 'speedy', 'salt': 'ijvTsVCi', 'md5': '6130881b9a1bd5236f8bad3bd6f9e404', 'sha1': 'eff23db4f2f42a998fc6e2b92b376eb8a2e03793', 'sha256': '75799bb96c2c826754030de5747520ed6cd28c1229f50f37a327059e891260fb'}, 'dob': {'date': '1971-10-13T09:51:13.121Z', 'age': 52}, 'registered': {'date': '2007-05-30T05:51:05.339Z', 'age': 17}, 'phone': '73627581', 'cell': '97270515', 'id': {'name': 'FN', 'value': '13107143062'}, 'picture': {'large': 'https://randomuser.me/api/portraits/women/88.jpg', 'medium': 'https://randomuser.me/api/portraits/med/women/88.jpg', 'thumbnail': 'https://randomuser.me/api/portraits/thumb/women/88.jpg'}, 'nat': 'NO'}], 'info': {'seed': '6e07536773cd7553', 'results': 1, 'page': 1, 'version': '1.4'}}</msg>
<arg>${json_data}</arg>
<doc>Logs the given message with the given level.</doc>
<status status="PASS" start="2024-06-30T09:18:23.398507" elapsed="0.000211"/>
</kw>
<kw name="Dictionary Should Contain Key" owner="Collections">
<arg>${json_data}</arg>
<arg>results</arg>
<doc>Fails if ``key`` is not found from ``dictionary``.</doc>
<status status="PASS" start="2024-06-30T09:18:23.399012" elapsed="0.000154"/>
</kw>
<kw name="Should Not Be Empty" owner="BuiltIn">
<msg time="2024-06-30T09:18:23.399485" level="INFO">Length is 2.</msg>
<arg>${json_data}</arg>
<doc>Verifies that the given item is not empty.</doc>
<status status="PASS" start="2024-06-30T09:18:23.399351" elapsed="0.000172"/>
</kw>
<kw name="Create List" owner="BuiltIn">
<msg time="2024-06-30T09:18:23.400091" level="INFO">${expected_keys} = ['gender', 'name', 'location', 'email', 'login']</msg>
<var>${expected_keys}</var>
<arg>gender</arg>
<arg>name</arg>
<arg>location</arg>
<arg>email</arg>
<arg>login</arg>
<doc>Returns a list containing given items.</doc>
<status status="PASS" start="2024-06-30T09:18:23.399820" elapsed="0.000295"/>
</kw>
<for flavor="IN">
<iter>
<kw name="Dictionary Should Contain Key" owner="Collections">
<arg>${json_data['results'][0]}</arg>
<arg>${key}</arg>
<doc>Fails if ``key`` is not found from ``dictionary``.</doc>
<status status="PASS" start="2024-06-30T09:18:23.400681" elapsed="0.000401"/>
</kw>
<kw name="Log" owner="BuiltIn">
<msg time="2024-06-30T09:18:23.401640" level="INFO">{'gender': 'female', 'name': {'title': 'Ms', 'first': 'Maida', 'last': 'Risøy'}, 'location': {'street': {'number': 6601, 'name': 'Gisles vei'}, 'city': 'Brattvåg', 'state': 'Hordaland', 'country': 'Norway', 'postcode': '4838', 'coordinates': {'latitude': '45.1197', 'longitude': '113.6582'}, 'timezone': {'offset': '-3:00', 'description': 'Brazil, Buenos Aires, Georgetown'}}, 'email': 'maida.risoy@example.com', 'login': {'uuid': '9ac5a415-3225-4b4c-b2d3-8e74eb5a3b8c', 'username': 'brownlion892', 'password': 'speedy', 'salt': 'ijvTsVCi', 'md5': '6130881b9a1bd5236f8bad3bd6f9e404', 'sha1': 'eff23db4f2f42a998fc6e2b92b376eb8a2e03793', 'sha256': '75799bb96c2c826754030de5747520ed6cd28c1229f50f37a327059e891260fb'}, 'dob': {'date': '1971-10-13T09:51:13.121Z', 'age': 52}, 'registered': {'date': '2007-05-30T05:51:05.339Z', 'age': 17}, 'phone': '73627581', 'cell': '97270515', 'id': {'name': 'FN', 'value': '13107143062'}, 'picture': {'large': 'https://randomuser.me/api/portraits/women/88.jpg', 'medium': 'https://randomuser.me/api/portraits/med/women/88.jpg', 'thumbnail': 'https://randomuser.me/api/portraits/thumb/women/88.jpg'}, 'nat': 'NO'}</msg>
<arg>${json_data['results'][0]}</arg>
<doc>Logs the given message with the given level.</doc>
<status status="PASS" start="2024-06-30T09:18:23.401270" elapsed="0.000420"/>
</kw>
<kw name="Log" owner="BuiltIn">
<msg time="2024-06-30T09:18:23.402149" level="INFO">gender</msg>
<arg>${key}</arg>
<doc>Logs the given message with the given level.</doc>
<status status="PASS" start="2024-06-30T09:18:23.401994" elapsed="0.000196"/>
</kw>
<var name="${key}">gender</var>
<status status="PASS" start="2024-06-30T09:18:23.400558" elapsed="0.001859"/>
</iter>
<iter>
<kw name="Dictionary Should Contain Key" owner="Collections">
<arg>${json_data['results'][0]}</arg>
<arg>${key}</arg>
<doc>Fails if ``key`` is not found from ``dictionary``.</doc>
<status status="PASS" start="2024-06-30T09:18:23.402715" elapsed="0.000390"/>
</kw>
<kw name="Log" owner="BuiltIn">
<msg time="2024-06-30T09:18:23.403650" level="INFO">{'gender': 'female', 'name': {'title': 'Ms', 'first': 'Maida', 'last': 'Risøy'}, 'location': {'street': {'number': 6601, 'name': 'Gisles vei'}, 'city': 'Brattvåg', 'state': 'Hordaland', 'country': 'Norway', 'postcode': '4838', 'coordinates': {'latitude': '45.1197', 'longitude': '113.6582'}, 'timezone': {'offset': '-3:00', 'description': 'Brazil, Buenos Aires, Georgetown'}}, 'email': 'maida.risoy@example.com', 'login': {'uuid': '9ac5a415-3225-4b4c-b2d3-8e74eb5a3b8c', 'username': 'brownlion892', 'password': 'speedy', 'salt': 'ijvTsVCi', 'md5': '6130881b9a1bd5236f8bad3bd6f9e404', 'sha1': 'eff23db4f2f42a998fc6e2b92b376eb8a2e03793', 'sha256': '75799bb96c2c826754030de5747520ed6cd28c1229f50f37a327059e891260fb'}, 'dob': {'date': '1971-10-13T09:51:13.121Z', 'age': 52}, 'registered': {'date': '2007-05-30T05:51:05.339Z', 'age': 17}, 'phone': '73627581', 'cell': '97270515', 'id': {'name': 'FN', 'value': '13107143062'}, 'picture': {'large': 'https://randomuser.me/api/portraits/women/88.jpg', 'medium': 'https://randomuser.me/api/portraits/med/women/88.jpg', 'thumbnail': 'https://randomuser.me/api/portraits/thumb/women/88.jpg'}, 'nat': 'NO'}</msg>
<arg>${json_data['results'][0]}</arg>
<doc>Logs the given message with the given level.</doc>
<status status="PASS" start="2024-06-30T09:18:23.403290" elapsed="0.000441"/>
</kw>
<kw name="Log" owner="BuiltIn">
<msg time="2024-06-30T09:18:23.404162" level="INFO">name</msg>
<arg>${key}</arg>
<doc>Logs the given message with the given level.</doc>
<status status="PASS" start="2024-06-30T09:18:23.404032" elapsed="0.000167"/>
</kw>
<var name="${key}">name</var>
<status status="PASS" start="2024-06-30T09:18:23.402603" elapsed="0.001815"/>
</iter>
<iter>
<kw name="Dictionary Should Contain Key" owner="Collections">
<arg>${json_data['results'][0]}</arg>
<arg>${key}</arg>
<doc>Fails if ``key`` is not found from ``dictionary``.</doc>
<status status="PASS" start="2024-06-30T09:18:23.404706" elapsed="0.000381"/>
</kw>
<kw name="Log" owner="BuiltIn">
<msg time="2024-06-30T09:18:23.405620" level="INFO">{'gender': 'female', 'name': {'title': 'Ms', 'first': 'Maida', 'last': 'Risøy'}, 'location': {'street': {'number': 6601, 'name': 'Gisles vei'}, 'city': 'Brattvåg', 'state': 'Hordaland', 'country': 'Norway', 'postcode': '4838', 'coordinates': {'latitude': '45.1197', 'longitude': '113.6582'}, 'timezone': {'offset': '-3:00', 'description': 'Brazil, Buenos Aires, Georgetown'}}, 'email': 'maida.risoy@example.com', 'login': {'uuid': '9ac5a415-3225-4b4c-b2d3-8e74eb5a3b8c', 'username': 'brownlion892', 'password': 'speedy', 'salt': 'ijvTsVCi', 'md5': '6130881b9a1bd5236f8bad3bd6f9e404', 'sha1': 'eff23db4f2f42a998fc6e2b92b376eb8a2e03793', 'sha256': '75799bb96c2c826754030de5747520ed6cd28c1229f50f37a327059e891260fb'}, 'dob': {'date': '1971-10-13T09:51:13.121Z', 'age': 52}, 'registered': {'date': '2007-05-30T05:51:05.339Z', 'age': 17}, 'phone': '73627581', 'cell': '97270515', 'id': {'name': 'FN', 'value': '13107143062'}, 'picture': {'large': 'https://randomuser.me/api/portraits/women/88.jpg', 'medium': 'https://randomuser.me/api/portraits/med/women/88.jpg', 'thumbnail': 'https://randomuser.me/api/portraits/thumb/women/88.jpg'}, 'nat': 'NO'}</msg>
<arg>${json_data['results'][0]}</arg>
<doc>Logs the given message with the given level.</doc>
<status status="PASS" start="2024-06-30T09:18:23.405270" elapsed="0.000399"/>
</kw>
<kw name="Log" owner="BuiltIn">
<msg time="2024-06-30T09:18:23.406122" level="INFO">location</msg>
<arg>${key}</arg>
<doc>Logs the given message with the given level.</doc>
<status status="PASS" start="2024-06-30T09:18:23.405969" elapsed="0.000207"/>
</kw>
<var name="${key}">location</var>
<status status="PASS" start="2024-06-30T09:18:23.404597" elapsed="0.001800"/>
</iter>
<iter>
<kw name="Dictionary Should Contain Key" owner="Collections">
<arg>${json_data['results'][0]}</arg>
<arg>${key}</arg>
<doc>Fails if ``key`` is not found from ``dictionary``.</doc>
<status status="PASS" start="2024-06-30T09:18:23.406677" elapsed="0.000395"/>
</kw>
<kw name="Log" owner="BuiltIn">
<msg time="2024-06-30T09:18:23.407608" level="INFO">{'gender': 'female', 'name': {'title': 'Ms', 'first': 'Maida', 'last': 'Risøy'}, 'location': {'street': {'number': 6601, 'name': 'Gisles vei'}, 'city': 'Brattvåg', 'state': 'Hordaland', 'country': 'Norway', 'postcode': '4838', 'coordinates': {'latitude': '45.1197', 'longitude': '113.6582'}, 'timezone': {'offset': '-3:00', 'description': 'Brazil, Buenos Aires, Georgetown'}}, 'email': 'maida.risoy@example.com', 'login': {'uuid': '9ac5a415-3225-4b4c-b2d3-8e74eb5a3b8c', 'username': 'brownlion892', 'password': 'speedy', 'salt': 'ijvTsVCi', 'md5': '6130881b9a1bd5236f8bad3bd6f9e404', 'sha1': 'eff23db4f2f42a998fc6e2b92b376eb8a2e03793', 'sha256': '75799bb96c2c826754030de5747520ed6cd28c1229f50f37a327059e891260fb'}, 'dob': {'date': '1971-10-13T09:51:13.121Z', 'age': 52}, 'registered': {'date': '2007-05-30T05:51:05.339Z', 'age': 17}, 'phone': '73627581', 'cell': '97270515', 'id': {'name': 'FN', 'value': '13107143062'}, 'picture': {'large': 'https://randomuser.me/api/portraits/women/88.jpg', 'medium': 'https://randomuser.me/api/portraits/med/women/88.jpg', 'thumbnail': 'https://randomuser.me/api/portraits/thumb/women/88.jpg'}, 'nat': 'NO'}</msg>
<arg>${json_data['results'][0]}</arg>
<doc>Logs the given message with the given level.</doc>
<status status="PASS" start="2024-06-30T09:18:23.407255" elapsed="0.000402"/>
</kw>
<kw name="Log" owner="BuiltIn">
<msg time="2024-06-30T09:18:23.408087" level="INFO">email</msg>
<arg>${key}</arg>
<doc>Logs the given message with the given level.</doc>
<status status="PASS" start="2024-06-30T09:18:23.407957" elapsed="0.000169"/>
</kw>
<var name="${key}">email</var>
<status status="PASS" start="2024-06-30T09:18:23.406570" elapsed="0.001773"/>
</iter>
<iter>
<kw name="Dictionary Should Contain Key" owner="Collections">
<arg>${json_data['results'][0]}</arg>
<arg>${key}</arg>
<doc>Fails if ``key`` is not found from ``dictionary``.</doc>
<status status="PASS" start="2024-06-30T09:18:23.408632" elapsed="0.000392"/>
</kw>
<kw name="Log" owner="BuiltIn">
<msg time="2024-06-30T09:18:23.409567" level="INFO">{'gender': 'female', 'name': {'title': 'Ms', 'first': 'Maida', 'last': 'Risøy'}, 'location': {'street': {'number': 6601, 'name': 'Gisles vei'}, 'city': 'Brattvåg', 'state': 'Hordaland', 'country': 'Norway', 'postcode': '4838', 'coordinates': {'latitude': '45.1197', 'longitude': '113.6582'}, 'timezone': {'offset': '-3:00', 'description': 'Brazil, Buenos Aires, Georgetown'}}, 'email': 'maida.risoy@example.com', 'login': {'uuid': '9ac5a415-3225-4b4c-b2d3-8e74eb5a3b8c', 'username': 'brownlion892', 'password': 'speedy', 'salt': 'ijvTsVCi', 'md5': '6130881b9a1bd5236f8bad3bd6f9e404', 'sha1': 'eff23db4f2f42a998fc6e2b92b376eb8a2e03793', 'sha256': '75799bb96c2c826754030de5747520ed6cd28c1229f50f37a327059e891260fb'}, 'dob': {'date': '1971-10-13T09:51:13.121Z', 'age': 52}, 'registered': {'date': '2007-05-30T05:51:05.339Z', 'age': 17}, 'phone': '73627581', 'cell': '97270515', 'id': {'name': 'FN', 'value': '13107143062'}, 'picture': {'large': 'https://randomuser.me/api/portraits/women/88.jpg', 'medium': 'https://randomuser.me/api/portraits/med/women/88.jpg', 'thumbnail': 'https://randomuser.me/api/portraits/thumb/women/88.jpg'}, 'nat': 'NO'}</msg>
<arg>${json_data['results'][0]}</arg>
<doc>Logs the given message with the given level.</doc>
<status status="PASS" start="2024-06-30T09:18:23.409205" elapsed="0.000411"/>
</kw>
<kw name="Log" owner="BuiltIn">
<msg time="2024-06-30T09:18:23.410038" level="INFO">login</msg>
<arg>${key}</arg>
<doc>Logs the given message with the given level.</doc>
<status status="PASS" start="2024-06-30T09:18:23.409909" elapsed="0.000189"/>
</kw>
<var name="${key}">login</var>
<status status="PASS" start="2024-06-30T09:18:23.408513" elapsed="0.001808"/>
</iter>
<var>${key}</var>
<value>@{expected_keys}</value>
<status status="PASS" start="2024-06-30T09:18:23.400377" elapsed="0.010067"/>
</for>
<kw name="Create List" owner="BuiltIn">
<msg time="2024-06-30T09:18:23.410777" level="INFO">${expected_keysTwo} = ['username', 'password']</msg>
<var>${expected_keysTwo}</var>
<arg>username</arg>
<arg>password</arg>
<doc>Returns a list containing given items.</doc>
<status status="PASS" start="2024-06-30T09:18:23.410636" elapsed="0.000165"/>
</kw>
<for flavor="IN">
<iter>
<kw name="Dictionary Should Contain Key" owner="Collections">
<arg>${json_data['results'][0]['login']}</arg>
<arg>${keyTwo}</arg>
<doc>Fails if ``key`` is not found from ``dictionary``.</doc>
<status status="PASS" start="2024-06-30T09:18:23.411324" elapsed="0.000383"/>
</kw>
<kw name="Dictionary Should Contain Key" owner="Collections">
<arg>${json_data['results'][0]['login']}</arg>
<arg>${keyTwo}</arg>
<doc>Fails if ``key`` is not found from ``dictionary``.</doc>
<status status="PASS" start="2024-06-30T09:18:23.411887" elapsed="0.000389"/>
</kw>
<kw name="Log" owner="BuiltIn">
<msg time="2024-06-30T09:18:23.412580" level="INFO">username</msg>
<arg>${keyTwo}</arg>
<doc>Logs the given message with the given level.</doc>
<status status="PASS" start="2024-06-30T09:18:23.412459" elapsed="0.000159"/>
</kw>
<var name="${keyTwo}">username</var>
<status status="PASS" start="2024-06-30T09:18:23.411215" elapsed="0.001627"/>
</iter>
<iter>
<kw name="Dictionary Should Contain Key" owner="Collections">
<arg>${json_data['results'][0]['login']}</arg>
<arg>${keyTwo}</arg>
<doc>Fails if ``key`` is not found from ``dictionary``.</doc>
<status status="PASS" start="2024-06-30T09:18:23.413124" elapsed="0.000388"/>
</kw>
<kw name="Dictionary Should Contain Key" owner="Collections">
<arg>${json_data['results'][0]['login']}</arg>
<arg>${keyTwo}</arg>
<doc>Fails if ``key`` is not found from ``dictionary``.</doc>
<status status="PASS" start="2024-06-30T09:18:23.413691" elapsed="0.000370"/>
</kw>
<kw name="Log" owner="BuiltIn">
<msg time="2024-06-30T09:18:23.414389" level="INFO">password</msg>
<arg>${keyTwo}</arg>
<doc>Logs the given message with the given level.</doc>
<status status="PASS" start="2024-06-30T09:18:23.414270" elapsed="0.000161"/>
</kw>
<var name="${keyTwo}">password</var>
<status status="PASS" start="2024-06-30T09:18:23.413017" elapsed="0.001726"/>
</iter>
<var>${keyTwo}</var>
<value>@{expected_keysTwo}</value>
<status status="PASS" start="2024-06-30T09:18:23.411062" elapsed="0.003803"/>
</for>
<status status="PASS" start="2024-06-30T09:18:23.304279" elapsed="0.110722"/>
</kw>
<doc>Testa a estrutura da resposta da API.</doc>
<tag>testeEstruturaResposta</tag>
<status status="PASS" start="2024-06-30T09:18:23.303721" elapsed="0.111422"/>
</test>
<test id="s1-s1-t4" name="Validar tipos de dados" line="28">
<kw name="Teste de Tipos de Dados" owner="random-user-service">
<kw name="GET On Session" owner="RequestsLibrary">
<msg time="2024-06-30T09:18:23.498921" level="INFO">GET Request : url=https://randomuser.me/api 
 path_url=/api 
 headers={'User-Agent': 'python-requests/2.32.3', 'Accept-Encoding': 'gzip, deflate', 'Accept': '*/*', 'Connection': 'keep-alive'} 
 body=None 
 </msg>
<msg time="2024-06-30T09:18:23.499005" level="INFO">GET Response : url=https://randomuser.me/api 
 status=200, reason=OK 
 headers={'Date': 'Sun, 30 Jun 2024 09:18:23 GMT', 'Content-Type': 'application/json; charset=utf-8', 'Transfer-Encoding': 'chunked', 'Connection': 'keep-alive', 'X-Powered-By': 'Express', 'Access-Control-Allow-Origin': '*', 'Cache-Control': 'no-cache', 'ETag': 'W/"48c-rrblHZTIJWy+xMA8YpXmSE5AEYo"', 'Vary': 'Accept-Encoding', 'Content-Encoding': 'gzip', 'CF-Cache-Status': 'DYNAMIC', 'Report-To': '{"endpoints":[{"url":"https:\\/\\/a.nel.cloudflare.com\\/report\\/v4?s=zuusZDDxWewzmNmxguS3DaovwRz278ACRQDdYNUm%2Fd2rlIOBxE5pDb%2FJ%2B%2Fdn4oJJ53d0xPfX5qwGIy3BGW5M65Lk%2BZr%2BR8TCfdYbEaQ6yndt0eOzKzMMcTsO9LnP6b0O"}],"group":"cf-nel","max_age":604800}', 'NEL': '{"success_fraction":0,"report_to":"cf-nel","max_age":604800}', 'Server': 'cloudflare', 'CF-RAY': '89bd11946ed20804-IAD', 'alt-svc': 'h3=":443"; ma=86400'} 
 body={"results":[{"gender":"male","name":{"title":"Mr","first":"Armin","last":"Sæland"},"location":{"street":{"number":9560,"name":"Nøttekneika"},"city":"Kinsarvik","state":"Møre og Romsdal","country":"Norway","postcode":"9409","coordinates":{"latitude":"46.2866","longitude":"-100.6947"},"timezone":{"offset":"+5:30","description":"Bombay, Calcutta, Madras, New Delhi"}},"email":"armin.saeland@example.com","login":{"uuid":"1dbfa569-6d99-439d-b7f5-9c13068ffabf","username":"yellowgoose606","password":"house","salt":"AZIMoLYS","md5":"0f8de018d8fc8a609ec8be2abb94daf1","sha1":"85bc519bb464b211b69a620688824cdfceccea98","sha256":"4db28a89c0ac93d1fac1335b32fa7c57fef2f3a6cbdf26bf71822fd01c6cd16f"},"dob":{"date":"1987-08-19T23:30:07.107Z","age":36},"registered":{"date":"2004-01-17T04:00:03.295Z","age":20},"phone":"24599679","cell":"91163796","id":{"name":"FN","value":"19088742128"},"picture":{"large":"https://randomuser.me/api/portraits/men/20.jpg","medium":"https://randomuser.me/api/portraits/med/men/20.jpg","thumbnail":"https://randomuser.me/api/portraits/thumb/men/20.jpg"},"nat":"NO"}],"info":{"seed":"05927c45f3769e9f","results":1,"page":1,"version":"1.4"}} 
 </msg>
<msg time="2024-06-30T09:18:23.499080" level="INFO">/opt/hostedtoolcache/Python/3.12.4/x64/lib/python3.12/site-packages/urllib3/connectionpool.py:1099: InsecureRequestWarning: Unverified HTTPS request is being made to host 'randomuser.me'. Adding certificate verification is strongly advised. See: https://urllib3.readthedocs.io/en/latest/advanced-usage.html#tls-warnings
  warnings.warn(</msg>
<msg time="2024-06-30T09:18:23.499185" level="INFO">${response} = &lt;Response [200]&gt;</msg>
<var>${response}</var>
<arg>consultarAPI</arg>
<arg>/api</arg>
<doc>Sends a GET request on a previously created HTTP Session.</doc>
<status status="PASS" start="2024-06-30T09:18:23.417593" elapsed="0.081617"/>
</kw>
<kw name="Set Variable" owner="BuiltIn">
<msg time="2024-06-30T09:18:23.500038" level="INFO">${json_data} = {'results': [{'gender': 'male', 'name': {'title': 'Mr', 'first': 'Armin', 'last': 'Sæland'}, 'location': {'street': {'number': 9560, 'name': 'Nøttekneika'}, 'city': 'Kinsarvik', 'state': 'Møre og Roms...</msg>
<var>${json_data}</var>
<arg>${response.json()}</arg>
<doc>Returns the given values which can then be assigned to a variables.</doc>
<status status="PASS" start="2024-06-30T09:18:23.499585" elapsed="0.000482"/>
</kw>
<kw name="Log" owner="BuiltIn">
<msg time="2024-06-30T09:18:23.500538" level="INFO">{'results': [{'gender': 'male', 'name': {'title': 'Mr', 'first': 'Armin', 'last': 'Sæland'}, 'location': {'street': {'number': 9560, 'name': 'Nøttekneika'}, 'city': 'Kinsarvik', 'state': 'Møre og Romsdal', 'country': 'Norway', 'postcode': '9409', 'coordinates': {'latitude': '46.2866', 'longitude': '-100.6947'}, 'timezone': {'offset': '+5:30', 'description': 'Bombay, Calcutta, Madras, New Delhi'}}, 'email': 'armin.saeland@example.com', 'login': {'uuid': '1dbfa569-6d99-439d-b7f5-9c13068ffabf', 'username': 'yellowgoose606', 'password': 'house', 'salt': 'AZIMoLYS', 'md5': '0f8de018d8fc8a609ec8be2abb94daf1', 'sha1': '85bc519bb464b211b69a620688824cdfceccea98', 'sha256': '4db28a89c0ac93d1fac1335b32fa7c57fef2f3a6cbdf26bf71822fd01c6cd16f'}, 'dob': {'date': '1987-08-19T23:30:07.107Z', 'age': 36}, 'registered': {'date': '2004-01-17T04:00:03.295Z', 'age': 20}, 'phone': '24599679', 'cell': '91163796', 'id': {'name': 'FN', 'value': '19088742128'}, 'picture': {'large': 'https://randomuser.me/api/portraits/men/20.jpg', 'medium': 'https://randomuser.me/api/portraits/med/men/20.jpg', 'thumbnail': 'https://randomuser.me/api/portraits/thumb/men/20.jpg'}, 'nat': 'NO'}], 'info': {'seed': '05927c45f3769e9f', 'results': 1, 'page': 1, 'version': '1.4'}}</msg>
<arg>${json_data}</arg>
<doc>Logs the given message with the given level.</doc>
<status status="PASS" start="2024-06-30T09:18:23.500377" elapsed="0.000210"/>
</kw>
<kw name="Should Be String" owner="String">
<arg>${json_data['results'][0]['gender']}</arg>
<doc>Fails if the given ``item`` is not a string.</doc>
<status status="PASS" start="2024-06-30T09:18:23.500880" elapsed="0.000362"/>
</kw>
<kw name="Should Match Regexp" owner="BuiltIn">
<arg>${json_data['results'][0]['email']}</arg>
<arg>^[a-zA-Z0-9._%+-]+@[a-zA-Z0-9.-]+\.[a-zA-Z]{2,}$</arg>
<doc>Fails if ``string`` does not match ``pattern`` as a regular expression.</doc>
<status status="PASS" start="2024-06-30T09:18:23.501429" elapsed="0.000495"/>
</kw>
<kw name="Should Match Regexp" owner="BuiltIn">
<arg>${json_data['results'][0]['dob']['date']}</arg>
<arg>\\d{4}-\\d{2}-\\d{2}T\\d{2}:\\d{2}:\\d{2}\\.\\d{3}Z</arg>
<doc>Fails if ``string`` does not match ``pattern`` as a regular expression.</doc>
<status status="PASS" start="2024-06-30T09:18:23.502187" elapsed="0.000490"/>
</kw>
<kw name="Should Match Regexp" owner="BuiltIn">
<arg>${json_data['results'][0]['registered']['date']}</arg>
<arg>\\d{4}-\\d{2}-\\d{2}T\\d{2}:\\d{2}:\\d{2}\\.\\d{3}Z</arg>
<doc>Fails if ``string`` does not match ``pattern`` as a regular expression.</doc>
<status status="PASS" start="2024-06-30T09:18:23.502868" elapsed="0.000368"/>
</kw>
<kw name="Should Match Regexp" owner="BuiltIn">
<arg>${json_data['results'][0]['picture']['large']}</arg>
<arg>^https?://.*\.(?:png|jpe?g|gif|bmp)$</arg>
<doc>Fails if ``string`` does not match ``pattern`` as a regular expression.</doc>
<status status="PASS" start="2024-06-30T09:18:23.503421" elapsed="0.000455"/>
</kw>
<kw name="Should Match Regexp" owner="BuiltIn">
<arg>${json_data['results'][0]['picture']['medium']}</arg>
<arg>^https?://.*\.(?:png|jpe?g|gif|bmp)$</arg>
<doc>Fails if ``string`` does not match ``pattern`` as a regular expression.</doc>
<status status="PASS" start="2024-06-30T09:18:23.504062" elapsed="0.000352"/>
</kw>
<kw name="Should Match Regexp" owner="BuiltIn">
<arg>${json_data['results'][0]['picture']['thumbnail']}</arg>
<arg>^https?://.*\.(?:png|jpe?g|gif|bmp)$</arg>
<doc>Fails if ``string`` does not match ``pattern`` as a regular expression.</doc>
<status status="PASS" start="2024-06-30T09:18:23.504597" elapsed="0.000345"/>
</kw>
<kw name="Log" owner="BuiltIn">
<msg time="2024-06-30T09:18:23.505457" level="INFO">{'large': 'https://randomuser.me/api/portraits/men/20.jpg', 'medium': 'https://randomuser.me/api/portraits/med/men/20.jpg', 'thumbnail': 'https://randomuser.me/api/portraits/thumb/men/20.jpg'}</msg>
<arg>${json_data['results'][0]['picture']}</arg>
<doc>Logs the given message with the given level.</doc>
<status status="PASS" start="2024-06-30T09:18:23.505125" elapsed="0.000373"/>
</kw>
<status status="PASS" start="2024-06-30T09:18:23.417376" elapsed="0.088373"/>
</kw>
<kw name="Teste de Tipos de Dados - Postcode" owner="random-user-service">
<kw name="GET On Session" owner="RequestsLibrary">
<msg time="2024-06-30T09:18:23.596097" level="INFO">GET Request : url=https://randomuser.me/api 
 path_url=/api 
 headers={'User-Agent': 'python-requests/2.32.3', 'Accept-Encoding': 'gzip, deflate', 'Accept': '*/*', 'Connection': 'keep-alive'} 
 body=None 
 </msg>
<msg time="2024-06-30T09:18:23.596180" level="INFO">GET Response : url=https://randomuser.me/api 
 status=200, reason=OK 
 headers={'Date': 'Sun, 30 Jun 2024 09:18:23 GMT', 'Content-Type': 'application/json; charset=utf-8', 'Transfer-Encoding': 'chunked', 'Connection': 'keep-alive', 'X-Powered-By': 'Express', 'Access-Control-Allow-Origin': '*', 'Cache-Control': 'no-cache', 'ETag': 'W/"46d-5AmucLPVm+pfIi3P/3kYc7ZTPWA"', 'Vary': 'Accept-Encoding', 'Content-Encoding': 'gzip', 'CF-Cache-Status': 'DYNAMIC', 'Report-To': '{"endpoints":[{"url":"https:\\/\\/a.nel.cloudflare.com\\/report\\/v4?s=g1Xwaen4smfV8p0hQ8R5w6TXrrPjtc47eCt9XcDJKAmRllA%2BEReh5iDrG%2F5%2Fvx5J6qz9WF7bOBI9wXC%2FOi0%2Fk5tjH9E5Bw9tWhcQmBBkYrsCO89r82d3U0G1EHvudEd%2F"}],"group":"cf-nel","max_age":604800}', 'NEL': '{"success_fraction":0,"report_to":"cf-nel","max_age":604800}', 'Server': 'cloudflare', 'CF-RAY': '89bd1194ff550804-IAD', 'alt-svc': 'h3=":443"; ma=86400'} 
 body={"results":[{"gender":"male","name":{"title":"Mr","first":"Danial","last":"Arvesen"},"location":{"street":{"number":7169,"name":"Lutvannsveien"},"city":"Sunde","state":"Telemark","country":"Norway","postcode":"2307","coordinates":{"latitude":"41.2427","longitude":"-86.1385"},"timezone":{"offset":"-3:30","description":"Newfoundland"}},"email":"danial.arvesen@example.com","login":{"uuid":"204b8cc1-5bf9-4de8-9b58-b22e1ce88314","username":"goldenleopard754","password":"plato","salt":"uU0JZ4F2","md5":"3a194d58b99e8c62fa6b7e1ad756ff1a","sha1":"0e028e395d6b798bcf04c1040de11cf8caf03d5b","sha256":"50cd6865c902595ba54f7ef674e51ef58c0ebf562ff9aced74138b4ac90d7699"},"dob":{"date":"1954-10-25T18:45:06.192Z","age":69},"registered":{"date":"2004-11-17T01:27:31.201Z","age":19},"phone":"27855202","cell":"43106725","id":{"name":"FN","value":"25105445795"},"picture":{"large":"https://randomuser.me/api/portraits/men/91.jpg","medium":"https://randomuser.me/api/portraits/med/men/91.jpg","thumbnail":"https://randomuser.me/api/portraits/thumb/men/91.jpg"},"nat":"NO"}],"info":{"seed":"6237924a788de5f9","results":1,"page":1,"version":"1.4"}} 
 </msg>
<msg time="2024-06-30T09:18:23.596252" level="INFO">/opt/hostedtoolcache/Python/3.12.4/x64/lib/python3.12/site-packages/urllib3/connectionpool.py:1099: InsecureRequestWarning: Unverified HTTPS request is being made to host 'randomuser.me'. Adding certificate verification is strongly advised. See: https://urllib3.readthedocs.io/en/latest/advanced-usage.html#tls-warnings
  warnings.warn(</msg>
<msg time="2024-06-30T09:18:23.596357" level="INFO">${response} = &lt;Response [200]&gt;</msg>
<var>${response}</var>
<arg>consultarAPI</arg>
<arg>/api</arg>
<doc>Sends a GET request on a previously created HTTP Session.</doc>
<status status="PASS" start="2024-06-30T09:18:23.506214" elapsed="0.090167"/>
</kw>
<kw name="Set Variable" owner="BuiltIn">
<msg time="2024-06-30T09:18:23.597187" level="INFO">${json_data} = {'results': [{'gender': 'male', 'name': {'title': 'Mr', 'first': 'Danial', 'last': 'Arvesen'}, 'location': {'street': {'number': 7169, 'name': 'Lutvannsveien'}, 'city': 'Sunde', 'state': 'Telemark', '...</msg>
<var>${json_data}</var>
<arg>${response.json()}</arg>
<doc>Returns the given values which can then be assigned to a variables.</doc>
<status status="PASS" start="2024-06-30T09:18:23.596748" elapsed="0.000466"/>
</kw>
<kw name="Log" owner="BuiltIn">
<msg time="2024-06-30T09:18:23.597664" level="INFO">{'results': [{'gender': 'male', 'name': {'title': 'Mr', 'first': 'Danial', 'last': 'Arvesen'}, 'location': {'street': {'number': 7169, 'name': 'Lutvannsveien'}, 'city': 'Sunde', 'state': 'Telemark', 'country': 'Norway', 'postcode': '2307', 'coordinates': {'latitude': '41.2427', 'longitude': '-86.1385'}, 'timezone': {'offset': '-3:30', 'description': 'Newfoundland'}}, 'email': 'danial.arvesen@example.com', 'login': {'uuid': '204b8cc1-5bf9-4de8-9b58-b22e1ce88314', 'username': 'goldenleopard754', 'password': 'plato', 'salt': 'uU0JZ4F2', 'md5': '3a194d58b99e8c62fa6b7e1ad756ff1a', 'sha1': '0e028e395d6b798bcf04c1040de11cf8caf03d5b', 'sha256': '50cd6865c902595ba54f7ef674e51ef58c0ebf562ff9aced74138b4ac90d7699'}, 'dob': {'date': '1954-10-25T18:45:06.192Z', 'age': 69}, 'registered': {'date': '2004-11-17T01:27:31.201Z', 'age': 19}, 'phone': '27855202', 'cell': '43106725', 'id': {'name': 'FN', 'value': '25105445795'}, 'picture': {'large': 'https://randomuser.me/api/portraits/men/91.jpg', 'medium': 'https://randomuser.me/api/portraits/med/men/91.jpg', 'thumbnail': 'https://randomuser.me/api/portraits/thumb/men/91.jpg'}, 'nat': 'NO'}], 'info': {'seed': '6237924a788de5f9', 'results': 1, 'page': 1, 'version': '1.4'}}</msg>
<arg>${json_data}</arg>
<doc>Logs the given message with the given level.</doc>
<status status="PASS" start="2024-06-30T09:18:23.597513" elapsed="0.000196"/>
</kw>
<kw name="Should Be Equal As Numbers" owner="BuiltIn">
<arg>${json_data['results'][0]['location']['postcode']}</arg>
<arg>${json_data['results'][0]['location']['postcode']}</arg>
<doc>Fails if objects are unequal after converting them to real numbers.</doc>
<status status="PASS" start="2024-06-30T09:18:23.597998" elapsed="0.000647"/>
</kw>
<kw name="Log" owner="BuiltIn">
<msg time="2024-06-30T09:18:23.599288" level="INFO">2307</msg>
<arg>${json_data['results'][0]['location']['postcode']}</arg>
<doc>Logs the given message with the given level.</doc>
<status status="PASS" start="2024-06-30T09:18:23.598838" elapsed="0.000490"/>
</kw>
<status status="PASS" start="2024-06-30T09:18:23.505961" elapsed="0.093619"/>
</kw>
<doc>Testa se os tipos de dados na resposta da API estão corretos.</doc>
<tag>testeTiposDados</tag>
<status status="PASS" start="2024-06-30T09:18:23.416952" elapsed="0.182826"/>
</test>
<test id="s1-s1-t5" name="Validar conteudo" line="35">
<kw name="Teste de Tipos de Conteudo" owner="random-user-service">
<kw name="GET On Session" owner="RequestsLibrary">
<msg time="2024-06-30T09:18:23.702534" level="INFO">GET Request : url=https://randomuser.me/api 
 path_url=/api 
 headers={'User-Agent': 'python-requests/2.32.3', 'Accept-Encoding': 'gzip, deflate', 'Accept': '*/*', 'Connection': 'keep-alive'} 
 body=None 
 </msg>
<msg time="2024-06-30T09:18:23.702605" level="INFO">GET Response : url=https://randomuser.me/api 
 status=200, reason=OK 
 headers={'Date': 'Sun, 30 Jun 2024 09:18:23 GMT', 'Content-Type': 'application/json; charset=utf-8', 'Transfer-Encoding': 'chunked', 'Connection': 'keep-alive', 'X-Powered-By': 'Express', 'Access-Control-Allow-Origin': '*', 'Cache-Control': 'no-cache', 'ETag': 'W/"4c0-yrYIs02YkBDI4D+UvHXOGESvu/0"', 'Vary': 'Accept-Encoding', 'Content-Encoding': 'gzip', 'CF-Cache-Status': 'DYNAMIC', 'Report-To': '{"endpoints":[{"url":"https:\\/\\/a.nel.cloudflare.com\\/report\\/v4?s=whbNdPTIjWuKGU3B5uHGg0UOIUP6noFd5oa2woo20v3X3GCAjo8fw2d8eT1pqWbd7oijTED03G5BN0kUvjLtu4wd6GSVAveDGWMVoX5pjren9gxSFnJcamVEXJTXQzIi"}],"group":"cf-nel","max_age":604800}', 'NEL': '{"success_fraction":0,"report_to":"cf-nel","max_age":604800}', 'Server': 'cloudflare', 'CF-RAY': '89bd11958fd00804-IAD', 'alt-svc': 'h3=":443"; ma=86400'} 
 body={"results":[{"gender":"female","name":{"title":"Miss","first":"Citlali","last":"Olmos"},"location":{"street":{"number":9134,"name":"Callejón Sur Naranjo"},"city":"Benito Juárez (Tecolotes)","state":"Guerrero","country":"Mexico","postcode":78936,"coordinates":{"latitude":"28.9971","longitude":"150.8822"},"timezone":{"offset":"-5:00","description":"Eastern Time (US &amp; Canada), Bogota, Lima"}},"email":"citlali.olmos@example.com","login":{"uuid":"3a34e316-cdca-42eb-907d-56d54696a8dd","username":"ticklishgoose484","password":"hottest","salt":"ZVNl6RKb","md5":"1c6e132b9ffc0a1f0aaf74ea4368af07","sha1":"6463096304df4bbeb15a7e7c91e8cc03a0b98c1d","sha256":"3cba12a692eafe1c43b94454d6eec36194f33a59b71ebe778b9f48cd8f8ff051"},"dob":{"date":"1994-03-05T22:44:57.695Z","age":30},"registered":{"date":"2008-08-05T01:10:32.617Z","age":15},"phone":"(636) 365 8884","cell":"(687) 707 3175","id":{"name":"NSS","value":"21 01 16 0558 9"},"picture":{"large":"https://randomuser.me/api/portraits/women/24.jpg","medium":"https://randomuser.me/api/portraits/med/women/24.jpg","thumbnail":"https://randomuser.me/api/portraits/thumb/women/24.jpg"},"nat":"MX"}],"info":{"seed":"79ae912d2583884e","results":1,"page":1,"version":"1.4"}} 
 </msg>
<msg time="2024-06-30T09:18:23.702662" level="INFO">/opt/hostedtoolcache/Python/3.12.4/x64/lib/python3.12/site-packages/urllib3/connectionpool.py:1099: InsecureRequestWarning: Unverified HTTPS request is being made to host 'randomuser.me'. Adding certificate verification is strongly advised. See: https://urllib3.readthedocs.io/en/latest/advanced-usage.html#tls-warnings
  warnings.warn(</msg>
<msg time="2024-06-30T09:18:23.702746" level="INFO">${response} = &lt;Response [200]&gt;</msg>
<var>${response}</var>
<arg>consultarAPI</arg>
<arg>/api</arg>
<doc>Sends a GET request on a previously created HTTP Session.</doc>
<status status="PASS" start="2024-06-30T09:18:23.602144" elapsed="0.100633"/>
</kw>
<kw name="Set Variable" owner="BuiltIn">
<msg time="2024-06-30T09:18:23.703600" level="INFO">${json_data} = {'results': [{'gender': 'female', 'name': {'title': 'Miss', 'first': 'Citlali', 'last': 'Olmos'}, 'location': {'street': {'number': 9134, 'name': 'Callejón Sur Naranjo'}, 'city': 'Benito Juárez (Tecol...</msg>
<var>${json_data}</var>
<arg>${response.json()}</arg>
<doc>Returns the given values which can then be assigned to a variables.</doc>
<status status="PASS" start="2024-06-30T09:18:23.703151" elapsed="0.000478"/>
</kw>
<kw name="Set Variable" owner="BuiltIn">
<msg time="2024-06-30T09:18:23.704301" level="INFO">${name_title} = Miss</msg>
<var>${name_title}</var>
<arg>${json_data["results"][0]["name"]["title"]}</arg>
<doc>Returns the given values which can then be assigned to a variables.</doc>
<status status="PASS" start="2024-06-30T09:18:23.703930" elapsed="0.000396"/>
</kw>
<kw name="Create List" owner="BuiltIn">
<msg time="2024-06-30T09:18:23.704765" level="INFO">${allowed_titles} = ['Mr', 'Ms', 'Miss', 'Mrs', 'Madame', 'Monsieur']</msg>
<var>${allowed_titles}</var>
<arg>Mr</arg>
<arg>Ms</arg>
<arg>Miss</arg>
<arg>Mrs</arg>
<arg>Madame</arg>
<arg>Monsieur</arg>
<doc>Returns a list containing given items.</doc>
<status status="PASS" start="2024-06-30T09:18:23.704619" elapsed="0.000170"/>
</kw>
<kw name="List Should Contain Value" owner="Collections">
<arg>${allowed_titles}</arg>
<arg>${name_title}</arg>
<doc>Fails if the ``value`` is not found from ``list``.</doc>
<status status="PASS" start="2024-06-30T09:18:23.705081" elapsed="0.000176"/>
</kw>
<kw name="Set Variable" owner="BuiltIn">
<msg time="2024-06-30T09:18:23.705800" level="INFO">${name_country} = MX</msg>
<var>${name_country}</var>
<arg>${json_data["results"][0]["nat"]}</arg>
<doc>Returns the given values which can then be assigned to a variables.</doc>
<status status="PASS" start="2024-06-30T09:18:23.705439" elapsed="0.000385"/>
</kw>
<kw name="Create List" owner="BuiltIn">
<msg time="2024-06-30T09:18:23.706737" level="INFO">${list_country} = ['AD', 'AE', 'AF', 'AG', 'AI', 'AL', 'AM', 'AO', 'AQ', 'AR', 'AS', 'AT', 'AU', 'AW', 'AX', 'AZ', 'BA', 'BB', 'BD', 'BE', 'BF', 'BG', 'BH', 'BI', 'BJ', 'BL', 'BM', 'BN', 'BO', 'BQ', 'BR', 'BS', 'BT', '...</msg>
<var>${list_country}</var>
<arg>AD</arg>
<arg>AE</arg>
<arg>AF</arg>
<arg>AG</arg>
<arg>AI</arg>
<arg>AL</arg>
<arg>AM</arg>
<arg>AO</arg>
<arg>AQ</arg>
<arg>AR</arg>
<arg>AS</arg>
<arg>AT</arg>
<arg>AU</arg>
<arg>AW</arg>
<arg>AX</arg>
<arg>AZ</arg>
<arg>BA</arg>
<arg>BB</arg>
<arg>BD</arg>
<arg>BE</arg>
<arg>BF</arg>
<arg>BG</arg>
<arg>BH</arg>
<arg>BI</arg>
<arg>BJ</arg>
<arg>BL</arg>
<arg>BM</arg>
<arg>BN</arg>
<arg>BO</arg>
<arg>BQ</arg>
<arg>BR</arg>
<arg>BS</arg>
<arg>BT</arg>
<arg>BV</arg>
<arg>BW</arg>
<arg>BY</arg>
<arg>BZ</arg>
<arg>CA</arg>
<arg>CC</arg>
<arg>CD</arg>
<arg>CF</arg>
<arg>CG</arg>
<arg>CH</arg>
<arg>CI</arg>
<arg>CK</arg>
<arg>CL</arg>
<arg>CM</arg>
<arg>CN</arg>
<arg>CO</arg>
<arg>CR</arg>
<arg>CU</arg>
<arg>CV</arg>
<arg>CW</arg>
<arg>CX</arg>
<arg>CY</arg>
<arg>CZ</arg>
<arg>DE</arg>
<arg>DJ</arg>
<arg>DK</arg>
<arg>DM</arg>
<arg>DO</arg>
<arg>DZ</arg>
<arg>EC</arg>
<arg>EE</arg>
<arg>EG</arg>
<arg>EH</arg>
<arg>ER</arg>
<arg>ES</arg>
<arg>ET</arg>
<arg>FI</arg>
<arg>FJ</arg>
<arg>FK</arg>
<arg>FM</arg>
<arg>FO</arg>
<arg>FR</arg>
<arg>GA</arg>
<arg>GB</arg>
<arg>GD</arg>
<arg>GE</arg>
<arg>GF</arg>
<arg>GG</arg>
<arg>GH</arg>
<arg>GI</arg>
<arg>GL</arg>
<arg>GM</arg>
<arg>GN</arg>
<arg>GP</arg>
<arg>GQ</arg>
<arg>GR</arg>
<arg>GS</arg>
<arg>GT</arg>
<arg>GU</arg>
<arg>GW</arg>
<arg>GY</arg>
<arg>HK</arg>
<arg>HM</arg>
<arg>HN</arg>
<arg>HR</arg>
<arg>HT</arg>
<arg>HU</arg>
<arg>ID</arg>
<arg>IE</arg>
<arg>IL</arg>
<arg>IM</arg>
<arg>IN</arg>
<arg>IO</arg>
<arg>IQ</arg>
<arg>IR</arg>
<arg>IS</arg>
<arg>IT</arg>
<arg>JE</arg>
<arg>JM</arg>
<arg>JO</arg>
<arg>JP</arg>
<arg>KE</arg>
<arg>KG</arg>
<arg>KH</arg>
<arg>KI</arg>
<arg>KM</arg>
<arg>KN</arg>
<arg>KP</arg>
<arg>KR</arg>
<arg>KW</arg>
<arg>KY</arg>
<arg>KZ</arg>
<arg>LA</arg>
<arg>LB</arg>
<arg>LC</arg>
<arg>LI</arg>
<arg>LK</arg>
<arg>LR</arg>
<arg>LS</arg>
<arg>LT</arg>
<arg>LU</arg>
<arg>LV</arg>
<arg>LY</arg>
<arg>MA</arg>
<arg>MC</arg>
<arg>MD</arg>
<arg>ME</arg>
<arg>MF</arg>
<arg>MG</arg>
<arg>MH</arg>
<arg>MK</arg>
<arg>ML</arg>
<arg>MM</arg>
<arg>MN</arg>
<arg>MO</arg>
<arg>MP</arg>
<arg>MQ</arg>
<arg>MR</arg>
<arg>MS</arg>
<arg>MT</arg>
<arg>MU</arg>
<arg>MV</arg>
<arg>MW</arg>
<arg>MX</arg>
<arg>MY</arg>
<arg>MZ</arg>
<arg>NA</arg>
<arg>NC</arg>
<arg>NE</arg>
<arg>NF</arg>
<arg>NG</arg>
<arg>NI</arg>
<arg>NL</arg>
<arg>NO</arg>
<arg>NP</arg>
<arg>NR</arg>
<arg>NU</arg>
<arg>NZ</arg>
<arg>OM</arg>
<arg>PA</arg>
<arg>PE</arg>
<arg>PF</arg>
<arg>PG</arg>
<arg>PH</arg>
<arg>PK</arg>
<arg>PL</arg>
<arg>PM</arg>
<arg>PN</arg>
<arg>PR</arg>
<arg>PS</arg>
<arg>PT</arg>
<arg>PW</arg>
<arg>PY</arg>
<arg>QA</arg>
<arg>RE</arg>
<arg>RO</arg>
<arg>RS</arg>
<arg>RU</arg>
<arg>RW</arg>
<arg>SA</arg>
<arg>SB</arg>
<arg>SC</arg>
<arg>SD</arg>
<arg>SE</arg>
<arg>SG</arg>
<arg>SH</arg>
<arg>SI</arg>
<arg>SJ</arg>
<arg>SK</arg>
<arg>SL</arg>
<arg>SM</arg>
<arg>SN</arg>
<arg>SO</arg>
<arg>SR</arg>
<arg>SS</arg>
<arg>ST</arg>
<arg>SV</arg>
<arg>SX</arg>
<arg>SY</arg>
<arg>SZ</arg>
<arg>TC</arg>
<arg>TD</arg>
<arg>TF</arg>
<arg>TG</arg>
<arg>TH</arg>
<arg>TJ</arg>
<arg>TK</arg>
<arg>TL</arg>
<arg>TM</arg>
<arg>TN</arg>
<arg>TO</arg>
<arg>TR</arg>
<arg>TT</arg>
<arg>TV</arg>
<arg>TW</arg>
<arg>TZ</arg>
<arg>UA</arg>
<arg>UG</arg>
<arg>UM</arg>
<arg>US</arg>
<arg>UY</arg>
<arg>UZ</arg>
<arg>VA</arg>
<arg>VC</arg>
<arg>VE</arg>
<arg>VG</arg>
<arg>VI</arg>
<arg>VN</arg>
<arg>VU</arg>
<arg>WF</arg>
<arg>WS</arg>
<arg>XK</arg>
<arg>YE</arg>
<arg>YT</arg>
<arg>ZA</arg>
<arg>ZM</arg>
<arg>ZW</arg>
<doc>Returns a list containing given items.</doc>
<status status="PASS" start="2024-06-30T09:18:23.706137" elapsed="0.000625"/>
</kw>
<kw name="List Should Contain Value" owner="Collections">
<arg>${list_country}</arg>
<arg>${name_country}</arg>
<doc>Fails if the ``value`` is not found from ``list``.</doc>
<status status="PASS" start="2024-06-30T09:18:23.707651" elapsed="0.000205"/>
</kw>
<kw name="Run Keyword If" owner="BuiltIn">
<kw name="Should Be True" owner="BuiltIn">
<arg>${True}</arg>
<doc>Fails if the given condition is not true.</doc>
<status status="PASS" start="2024-06-30T09:18:23.708767" elapsed="0.000140"/>
</kw>
<arg>${json_data["results"][0]["location"]["coordinates"]["latitude"]} &gt;= -90 and ${json_data["results"][0]["location"]["coordinates"]["latitude"]} &lt;= 90</arg>
<arg>Should Be True</arg>
<arg>${True}</arg>
<doc>Runs the given keyword with the given arguments, if ``condition`` is true.</doc>
<status status="PASS" start="2024-06-30T09:18:23.708048" elapsed="0.000982"/>
</kw>
<kw name="Run Keyword If" owner="BuiltIn">
<kw name="Should Be True" owner="BuiltIn">
<arg>${True}</arg>
<doc>Fails if the given condition is not true.</doc>
<status status="PASS" start="2024-06-30T09:18:23.709902" elapsed="0.000251"/>
</kw>
<arg>${json_data["results"][0]["location"]["coordinates"]["longitude"]} &gt;= -180 and ${json_data["results"][0]["location"]["coordinates"]["longitude"]} &lt;= 180</arg>
<arg>Should Be True</arg>
<arg>${True}</arg>
<doc>Runs the given keyword with the given arguments, if ``condition`` is true.</doc>
<status status="PASS" start="2024-06-30T09:18:23.709221" elapsed="0.001063"/>
</kw>
<status status="PASS" start="2024-06-30T09:18:23.601906" elapsed="0.108506"/>
</kw>
<doc>Testa o conteúdo específico dos campos retornados pela API.</doc>
<tag>testeConteudo</tag>
<status status="PASS" start="2024-06-30T09:18:23.601480" elapsed="0.109069"/>
</test>
<status status="PASS" start="2024-06-30T09:18:22.782496" elapsed="0.929901"/>
</suite>
<status status="PASS" start="2024-06-30T09:18:22.767557" elapsed="0.949951"/>
</suite>
<statistics>
<total>
<stat pass="5" fail="0" skip="0">All Tests</stat>
</total>
<tag>
<stat pass="1" fail="0" skip="0">testeConteudo</stat>
<stat pass="1" fail="0" skip="0">testeEstruturaResposta</stat>
<stat pass="1" fail="0" skip="0">testeRequisicaoBasica</stat>
<stat pass="1" fail="0" skip="0">testeTiposDados</stat>
</tag>
<suite>
<stat pass="5" fail="0" skip="0" id="s1" name="Tests">Tests</stat>
<stat pass="5" fail="0" skip="0" id="s1-s1" name="Random-User-Test">Tests.Random-User-Test</stat>
</suite>
</statistics>
<errors>
</errors>
</robot>
