<?xml version="1.0" encoding="UTF-8"?>
<robot generator="Robot 7.0 (Python 3.12.2 on linux)" generated="2024-03-23T08:15:15.291484" rpa="false" schemaversion="5">
<suite id="s1" name="Tests" source="/home/runner/work/DesafioQAItauRogerioJordao/DesafioQAItauRogerioJordao/RamdonUser/tests">
<suite id="s1-s1" name="Random-User-Test" source="/home/runner/work/DesafioQAItauRogerioJordao/DesafioQAItauRogerioJordao/RamdonUser/tests/random-user-test.robot">
<test id="s1-s1-t1" name="Conectar" line="13">
<kw name="Conectar API" owner="random-user-service">
<kw name="Create Session" owner="RequestsLibrary">
<msg time="2024-03-23T08:15:15.641056" level="INFO">Creating Session using : alias=consultarAPI, url=https://randomuser.me/, headers={},                     cookies={}, auth=None, timeout=None, proxies=None, verify=False,                     debug=0 </msg>
<arg>consultarAPI</arg>
<arg>${URL}</arg>
<doc>Create Session: create a HTTP session to a server</doc>
<status status="PASS" start="2024-03-23T08:15:15.640860" elapsed="0.000392"/>
</kw>
<status status="PASS" start="2024-03-23T08:15:15.639858" elapsed="0.001746"/>
</kw>
<status status="PASS" start="2024-03-23T08:15:15.639357" elapsed="0.002453"/>
</test>
<test id="s1-s1-t2" name="Validar retorno 200 e JSON Válido" line="16">
<kw name="Teste de Requisicao Basica" owner="random-user-service">
<kw name="GET On Session" owner="RequestsLibrary">
<msg time="2024-03-23T08:15:15.721148" level="INFO">GET Request : url=https://randomuser.me/api 
 path_url=/api 
 headers={'User-Agent': 'python-requests/2.31.0', 'Accept-Encoding': 'gzip, deflate', 'Accept': '*/*', 'Connection': 'keep-alive'} 
 body=None 
 </msg>
<msg time="2024-03-23T08:15:15.721284" level="INFO">GET Response : url=https://randomuser.me/api 
 status=200, reason=OK 
 headers={'Date': 'Sat, 23 Mar 2024 08:15:15 GMT', 'Content-Type': 'application/json; charset=utf-8', 'Transfer-Encoding': 'chunked', 'Connection': 'keep-alive', 'X-Powered-By': 'Express', 'Access-Control-Allow-Origin': '*', 'Cache-Control': 'no-cache', 'ETag': 'W/"473-iB69oDQF5S5pp4rRqwfY244RUTU"', 'Vary': 'Accept-Encoding', 'Content-Encoding': 'gzip', 'CF-Cache-Status': 'DYNAMIC', 'Report-To': '{"endpoints":[{"url":"https:\\/\\/a.nel.cloudflare.com\\/report\\/v4?s=81BVFf2cfqgkgo2zNePc%2FdRPrYhRUX9gsCghGvXVQXp9aA07Y8fg9hoviORfQPhNH7Txp0Ndx0FWLhNpEugiE2g%2BW%2FeJ7a4GLc956OsAbys61DFX5Y14N%2FWxziKdpAE8"}],"group":"cf-nel","max_age":604800}', 'NEL': '{"success_fraction":0,"report_to":"cf-nel","max_age":604800}', 'Server': 'cloudflare', 'CF-RAY': '868cf8fb0aa207bb-IAD', 'alt-svc': 'h3=":443"; ma=86400'} 
 body={"results":[{"gender":"female","name":{"title":"Mrs","first":"Ragnhild","last":"Nord"},"location":{"street":{"number":7921,"name":"Dronningens gate"},"city":"Rosendal","state":"Nordland","country":"Norway","postcode":"6028","coordinates":{"latitude":"46.1776","longitude":"157.0512"},"timezone":{"offset":"-9:00","description":"Alaska"}},"email":"ragnhild.nord@example.com","login":{"uuid":"c991c2a8-f2b2-46e5-82e3-1dc2c0186f57","username":"bluebutterfly849","password":"thor","salt":"kRjz5uWj","md5":"de390f29e4f51e100a71db1b92f7dba7","sha1":"3eb88ed73cbcc5e682e4c9e5781ca65f8b087c1e","sha256":"18a4f427eb37cb16e89eb4978cf2c98e2e1a0a690f60113b2134f0e11a39efbd"},"dob":{"date":"1990-01-02T18:24:28.730Z","age":34},"registered":{"date":"2004-12-10T01:27:33.260Z","age":19},"phone":"20549347","cell":"99883901","id":{"name":"FN","value":"02019036629"},"picture":{"large":"https://randomuser.me/api/portraits/women/76.jpg","medium":"https://randomuser.me/api/portraits/med/women/76.jpg","thumbnail":"https://randomuser.me/api/portraits/thumb/women/76.jpg"},"nat":"NO"}],"info":{"seed":"a41c898e90168b2b","results":1,"page":1,"version":"1.4"}} 
 </msg>
<msg time="2024-03-23T08:15:15.721383" level="INFO">/opt/hostedtoolcache/Python/3.12.2/x64/lib/python3.12/site-packages/urllib3/connectionpool.py:1103: InsecureRequestWarning: Unverified HTTPS request is being made to host 'randomuser.me'. Adding certificate verification is strongly advised. See: https://urllib3.readthedocs.io/en/latest/advanced-usage.html#tls-warnings
  warnings.warn(</msg>
<msg time="2024-03-23T08:15:15.721516" level="INFO">${response} = &lt;Response [200]&gt;</msg>
<var>${response}</var>
<arg>consultarAPI</arg>
<arg>/api</arg>
<doc>Sends a GET request on a previously created HTTP Session.</doc>
<status status="PASS" start="2024-03-23T08:15:15.644359" elapsed="0.077200"/>
</kw>
<kw name="Should Be Equal As Numbers" owner="BuiltIn">
<msg time="2024-03-23T08:15:15.722392" level="INFO">Argument types are:
&lt;class 'int'&gt;
&lt;class 'str'&gt;</msg>
<arg>${response.status_code}</arg>
<arg>200</arg>
<doc>Fails if objects are unequal after converting them to real numbers.</doc>
<status status="PASS" start="2024-03-23T08:15:15.721977" elapsed="0.000478"/>
</kw>
<kw name="Log" owner="BuiltIn">
<msg time="2024-03-23T08:15:15.723130" level="INFO">200</msg>
<arg>${response.status_code}</arg>
<doc>Logs the given message with the given level.</doc>
<status status="PASS" start="2024-03-23T08:15:15.722771" elapsed="0.000402"/>
</kw>
<kw name="Set Variable" owner="BuiltIn">
<msg time="2024-03-23T08:15:15.723936" level="INFO">${json_data} = {'results': [{'gender': 'female', 'name': {'title': 'Mrs', 'first': 'Ragnhild', 'last': 'Nord'}, 'location': {'street': {'number': 7921, 'name': 'Dronningens gate'}, 'city': 'Rosendal', 'state': 'Nord...</msg>
<var>${json_data}</var>
<arg>${response.json()}</arg>
<doc>Returns the given values which can then be assigned to a variables.</doc>
<status status="PASS" start="2024-03-23T08:15:15.723498" elapsed="0.000466"/>
</kw>
<kw name="Dictionary Should Contain Key" owner="Collections">
<msg time="2024-03-23T08:15:15.724428" level="INFO">False</msg>
<arg>${json_data}</arg>
<arg>results</arg>
<doc>Fails if ``key`` is not found from ``dictionary``.</doc>
<status status="PASS" start="2024-03-23T08:15:15.724262" elapsed="0.000205"/>
</kw>
<status status="PASS" start="2024-03-23T08:15:15.644114" elapsed="0.080607"/>
</kw>
<doc>Testa se a API responde corretamente e retorna um objeto JSON válido.</doc>
<tag>testeRequisicaoBasica</tag>
<status status="PASS" start="2024-03-23T08:15:15.643641" elapsed="0.081254"/>
</test>
<test id="s1-s1-t3" name="Validar estrutura de resposta" line="22">
<kw name="Teste de Estrutura de Resposta" owner="random-user-service">
<kw name="GET On Session" owner="RequestsLibrary">
<msg time="2024-03-23T08:15:15.812325" level="INFO">GET Request : url=https://randomuser.me/api 
 path_url=/api 
 headers={'User-Agent': 'python-requests/2.31.0', 'Accept-Encoding': 'gzip, deflate', 'Accept': '*/*', 'Connection': 'keep-alive'} 
 body=None 
 </msg>
<msg time="2024-03-23T08:15:15.812396" level="INFO">GET Response : url=https://randomuser.me/api 
 status=200, reason=OK 
 headers={'Date': 'Sat, 23 Mar 2024 08:15:15 GMT', 'Content-Type': 'application/json; charset=utf-8', 'Transfer-Encoding': 'chunked', 'Connection': 'keep-alive', 'X-Powered-By': 'Express', 'Access-Control-Allow-Origin': '*', 'Cache-Control': 'no-cache', 'ETag': 'W/"4a3-oiS6eysQoAHU+VIdOX9LddCqTXo"', 'Vary': 'Accept-Encoding', 'Content-Encoding': 'gzip', 'CF-Cache-Status': 'DYNAMIC', 'Report-To': '{"endpoints":[{"url":"https:\\/\\/a.nel.cloudflare.com\\/report\\/v4?s=ybasX8XkNoFtqAMxmKI%2FdKEgmfHvQaePj0Qzt1lK%2F9hWnYQoqutiuvoeHx00qYHogOfh9iy6%2BJL9q5abehIrvk1vjwwXlP8ESfsBvS7hw1x%2FuiuHvm0K5rNLBUTyNx5D"}],"group":"cf-nel","max_age":604800}', 'NEL': '{"success_fraction":0,"report_to":"cf-nel","max_age":604800}', 'Server': 'cloudflare', 'CF-RAY': '868cf8fb5ae207bb-IAD', 'alt-svc': 'h3=":443"; ma=86400'} 
 body={"results":[{"gender":"female","name":{"title":"Ms","first":"Esther","last":"Perez"},"location":{"street":{"number":7067,"name":"Nowlin Rd"},"city":"Sunshine Coast","state":"Australian Capital Territory","country":"Australia","postcode":1490,"coordinates":{"latitude":"-86.5010","longitude":"34.2213"},"timezone":{"offset":"+5:30","description":"Bombay, Calcutta, Madras, New Delhi"}},"email":"esther.perez@example.com","login":{"uuid":"5bcbb8c0-2b6f-4128-9c2a-fbfad6b44b7a","username":"redzebra751","password":"buddy","salt":"Tz8fjHYY","md5":"97707cd40e48c841f4529cfae2454b56","sha1":"cf788cc401115ab317cbe58188272e766a4140b8","sha256":"2ca01fa34872695753b48c1e392c98f8bf626e332715c7321fbce0b901799eb4"},"dob":{"date":"2000-01-03T02:32:36.875Z","age":24},"registered":{"date":"2015-08-26T18:25:38.129Z","age":8},"phone":"03-6227-4640","cell":"0464-137-395","id":{"name":"TFN","value":"538291982"},"picture":{"large":"https://randomuser.me/api/portraits/women/84.jpg","medium":"https://randomuser.me/api/portraits/med/women/84.jpg","thumbnail":"https://randomuser.me/api/portraits/thumb/women/84.jpg"},"nat":"AU"}],"info":{"seed":"96b4478c381125b8","results":1,"page":1,"version":"1.4"}} 
 </msg>
<msg time="2024-03-23T08:15:15.812502" level="INFO">/opt/hostedtoolcache/Python/3.12.2/x64/lib/python3.12/site-packages/urllib3/connectionpool.py:1103: InsecureRequestWarning: Unverified HTTPS request is being made to host 'randomuser.me'. Adding certificate verification is strongly advised. See: https://urllib3.readthedocs.io/en/latest/advanced-usage.html#tls-warnings
  warnings.warn(</msg>
<msg time="2024-03-23T08:15:15.812605" level="INFO">${response} = &lt;Response [200]&gt;</msg>
<var>${response}</var>
<arg>consultarAPI</arg>
<arg>/api</arg>
<doc>Sends a GET request on a previously created HTTP Session.</doc>
<status status="PASS" start="2024-03-23T08:15:15.727576" elapsed="0.085070"/>
</kw>
<kw name="Set Variable" owner="BuiltIn">
<msg time="2024-03-23T08:15:15.813722" level="INFO">${json_data} = {'results': [{'gender': 'female', 'name': {'title': 'Ms', 'first': 'Esther', 'last': 'Perez'}, 'location': {'street': {'number': 7067, 'name': 'Nowlin Rd'}, 'city': 'Sunshine Coast', 'state': 'Austral...</msg>
<var>${json_data}</var>
<arg>${response.json()}</arg>
<doc>Returns the given values which can then be assigned to a variables.</doc>
<status status="PASS" start="2024-03-23T08:15:15.813113" elapsed="0.000638"/>
</kw>
<kw name="Log" owner="BuiltIn">
<msg time="2024-03-23T08:15:15.814221" level="INFO">{'results': [{'gender': 'female', 'name': {'title': 'Ms', 'first': 'Esther', 'last': 'Perez'}, 'location': {'street': {'number': 7067, 'name': 'Nowlin Rd'}, 'city': 'Sunshine Coast', 'state': 'Australian Capital Territory', 'country': 'Australia', 'postcode': 1490, 'coordinates': {'latitude': '-86.5010', 'longitude': '34.2213'}, 'timezone': {'offset': '+5:30', 'description': 'Bombay, Calcutta, Madras, New Delhi'}}, 'email': 'esther.perez@example.com', 'login': {'uuid': '5bcbb8c0-2b6f-4128-9c2a-fbfad6b44b7a', 'username': 'redzebra751', 'password': 'buddy', 'salt': 'Tz8fjHYY', 'md5': '97707cd40e48c841f4529cfae2454b56', 'sha1': 'cf788cc401115ab317cbe58188272e766a4140b8', 'sha256': '2ca01fa34872695753b48c1e392c98f8bf626e332715c7321fbce0b901799eb4'}, 'dob': {'date': '2000-01-03T02:32:36.875Z', 'age': 24}, 'registered': {'date': '2015-08-26T18:25:38.129Z', 'age': 8}, 'phone': '03-6227-4640', 'cell': '0464-137-395', 'id': {'name': 'TFN', 'value': '538291982'}, 'picture': {'large': 'https://randomuser.me/api/portraits/women/84.jpg', 'medium': 'https://randomuser.me/api/portraits/med/women/84.jpg', 'thumbnail': 'https://randomuser.me/api/portraits/thumb/women/84.jpg'}, 'nat': 'AU'}], 'info': {'seed': '96b4478c381125b8', 'results': 1, 'page': 1, 'version': '1.4'}}</msg>
<arg>${json_data}</arg>
<doc>Logs the given message with the given level.</doc>
<status status="PASS" start="2024-03-23T08:15:15.814062" elapsed="0.000207"/>
</kw>
<kw name="Dictionary Should Contain Key" owner="Collections">
<msg time="2024-03-23T08:15:15.814728" level="INFO">False</msg>
<arg>${json_data}</arg>
<arg>results</arg>
<doc>Fails if ``key`` is not found from ``dictionary``.</doc>
<status status="PASS" start="2024-03-23T08:15:15.814572" elapsed="0.000194"/>
</kw>
<kw name="Should Not Be Empty" owner="BuiltIn">
<msg time="2024-03-23T08:15:15.815192" level="INFO">Length is 2.</msg>
<arg>${json_data}</arg>
<doc>Verifies that the given item is not empty.</doc>
<status status="PASS" start="2024-03-23T08:15:15.815059" elapsed="0.000171"/>
</kw>
<kw name="Create List" owner="BuiltIn">
<msg time="2024-03-23T08:15:15.815673" level="INFO">${expected_keys} = ['gender', 'name', 'location', 'email', 'login']</msg>
<var>${expected_keys}</var>
<arg>gender</arg>
<arg>name</arg>
<arg>location</arg>
<arg>email</arg>
<arg>login</arg>
<doc>Returns a list containing given items.</doc>
<status status="PASS" start="2024-03-23T08:15:15.815519" elapsed="0.000178"/>
</kw>
<for flavor="IN">
<iter>
<kw name="Dictionary Should Contain Key" owner="Collections">
<msg time="2024-03-23T08:15:15.816674" level="INFO">False</msg>
<arg>${json_data['results'][0]}</arg>
<arg>${key}</arg>
<doc>Fails if ``key`` is not found from ``dictionary``.</doc>
<status status="PASS" start="2024-03-23T08:15:15.816266" elapsed="0.000447"/>
</kw>
<kw name="Log" owner="BuiltIn">
<msg time="2024-03-23T08:15:15.817427" level="INFO">{'gender': 'female', 'name': {'title': 'Ms', 'first': 'Esther', 'last': 'Perez'}, 'location': {'street': {'number': 7067, 'name': 'Nowlin Rd'}, 'city': 'Sunshine Coast', 'state': 'Australian Capital Territory', 'country': 'Australia', 'postcode': 1490, 'coordinates': {'latitude': '-86.5010', 'longitude': '34.2213'}, 'timezone': {'offset': '+5:30', 'description': 'Bombay, Calcutta, Madras, New Delhi'}}, 'email': 'esther.perez@example.com', 'login': {'uuid': '5bcbb8c0-2b6f-4128-9c2a-fbfad6b44b7a', 'username': 'redzebra751', 'password': 'buddy', 'salt': 'Tz8fjHYY', 'md5': '97707cd40e48c841f4529cfae2454b56', 'sha1': 'cf788cc401115ab317cbe58188272e766a4140b8', 'sha256': '2ca01fa34872695753b48c1e392c98f8bf626e332715c7321fbce0b901799eb4'}, 'dob': {'date': '2000-01-03T02:32:36.875Z', 'age': 24}, 'registered': {'date': '2015-08-26T18:25:38.129Z', 'age': 8}, 'phone': '03-6227-4640', 'cell': '0464-137-395', 'id': {'name': 'TFN', 'value': '538291982'}, 'picture': {'large': 'https://randomuser.me/api/portraits/women/84.jpg', 'medium': 'https://randomuser.me/api/portraits/med/women/84.jpg', 'thumbnail': 'https://randomuser.me/api/portraits/thumb/women/84.jpg'}, 'nat': 'AU'}</msg>
<arg>${json_data['results'][0]}</arg>
<doc>Logs the given message with the given level.</doc>
<status status="PASS" start="2024-03-23T08:15:15.817020" elapsed="0.000470"/>
</kw>
<kw name="Log" owner="BuiltIn">
<msg time="2024-03-23T08:15:15.817932" level="INFO">gender</msg>
<arg>${key}</arg>
<doc>Logs the given message with the given level.</doc>
<status status="PASS" start="2024-03-23T08:15:15.817801" elapsed="0.000169"/>
</kw>
<var name="${key}">gender</var>
<status status="PASS" start="2024-03-23T08:15:15.816142" elapsed="0.002049"/>
</iter>
<iter>
<kw name="Dictionary Should Contain Key" owner="Collections">
<msg time="2024-03-23T08:15:15.818881" level="INFO">False</msg>
<arg>${json_data['results'][0]}</arg>
<arg>${key}</arg>
<doc>Fails if ``key`` is not found from ``dictionary``.</doc>
<status status="PASS" start="2024-03-23T08:15:15.818492" elapsed="0.000426"/>
</kw>
<kw name="Log" owner="BuiltIn">
<msg time="2024-03-23T08:15:15.819606" level="INFO">{'gender': 'female', 'name': {'title': 'Ms', 'first': 'Esther', 'last': 'Perez'}, 'location': {'street': {'number': 7067, 'name': 'Nowlin Rd'}, 'city': 'Sunshine Coast', 'state': 'Australian Capital Territory', 'country': 'Australia', 'postcode': 1490, 'coordinates': {'latitude': '-86.5010', 'longitude': '34.2213'}, 'timezone': {'offset': '+5:30', 'description': 'Bombay, Calcutta, Madras, New Delhi'}}, 'email': 'esther.perez@example.com', 'login': {'uuid': '5bcbb8c0-2b6f-4128-9c2a-fbfad6b44b7a', 'username': 'redzebra751', 'password': 'buddy', 'salt': 'Tz8fjHYY', 'md5': '97707cd40e48c841f4529cfae2454b56', 'sha1': 'cf788cc401115ab317cbe58188272e766a4140b8', 'sha256': '2ca01fa34872695753b48c1e392c98f8bf626e332715c7321fbce0b901799eb4'}, 'dob': {'date': '2000-01-03T02:32:36.875Z', 'age': 24}, 'registered': {'date': '2015-08-26T18:25:38.129Z', 'age': 8}, 'phone': '03-6227-4640', 'cell': '0464-137-395', 'id': {'name': 'TFN', 'value': '538291982'}, 'picture': {'large': 'https://randomuser.me/api/portraits/women/84.jpg', 'medium': 'https://randomuser.me/api/portraits/med/women/84.jpg', 'thumbnail': 'https://randomuser.me/api/portraits/thumb/women/84.jpg'}, 'nat': 'AU'}</msg>
<arg>${json_data['results'][0]}</arg>
<doc>Logs the given message with the given level.</doc>
<status status="PASS" start="2024-03-23T08:15:15.819244" elapsed="0.000409"/>
</kw>
<kw name="Log" owner="BuiltIn">
<msg time="2024-03-23T08:15:15.820073" level="INFO">name</msg>
<arg>${key}</arg>
<doc>Logs the given message with the given level.</doc>
<status status="PASS" start="2024-03-23T08:15:15.819946" elapsed="0.000165"/>
</kw>
<var name="${key}">name</var>
<status status="PASS" start="2024-03-23T08:15:15.818378" elapsed="0.001951"/>
</iter>
<iter>
<kw name="Dictionary Should Contain Key" owner="Collections">
<msg time="2024-03-23T08:15:15.820997" level="INFO">False</msg>
<arg>${json_data['results'][0]}</arg>
<arg>${key}</arg>
<doc>Fails if ``key`` is not found from ``dictionary``.</doc>
<status status="PASS" start="2024-03-23T08:15:15.820618" elapsed="0.000416"/>
</kw>
<kw name="Log" owner="BuiltIn">
<msg time="2024-03-23T08:15:15.821740" level="INFO">{'gender': 'female', 'name': {'title': 'Ms', 'first': 'Esther', 'last': 'Perez'}, 'location': {'street': {'number': 7067, 'name': 'Nowlin Rd'}, 'city': 'Sunshine Coast', 'state': 'Australian Capital Territory', 'country': 'Australia', 'postcode': 1490, 'coordinates': {'latitude': '-86.5010', 'longitude': '34.2213'}, 'timezone': {'offset': '+5:30', 'description': 'Bombay, Calcutta, Madras, New Delhi'}}, 'email': 'esther.perez@example.com', 'login': {'uuid': '5bcbb8c0-2b6f-4128-9c2a-fbfad6b44b7a', 'username': 'redzebra751', 'password': 'buddy', 'salt': 'Tz8fjHYY', 'md5': '97707cd40e48c841f4529cfae2454b56', 'sha1': 'cf788cc401115ab317cbe58188272e766a4140b8', 'sha256': '2ca01fa34872695753b48c1e392c98f8bf626e332715c7321fbce0b901799eb4'}, 'dob': {'date': '2000-01-03T02:32:36.875Z', 'age': 24}, 'registered': {'date': '2015-08-26T18:25:38.129Z', 'age': 8}, 'phone': '03-6227-4640', 'cell': '0464-137-395', 'id': {'name': 'TFN', 'value': '538291982'}, 'picture': {'large': 'https://randomuser.me/api/portraits/women/84.jpg', 'medium': 'https://randomuser.me/api/portraits/med/women/84.jpg', 'thumbnail': 'https://randomuser.me/api/portraits/thumb/women/84.jpg'}, 'nat': 'AU'}</msg>
<arg>${json_data['results'][0]}</arg>
<doc>Logs the given message with the given level.</doc>
<status status="PASS" start="2024-03-23T08:15:15.821365" elapsed="0.000427"/>
</kw>
<kw name="Log" owner="BuiltIn">
<msg time="2024-03-23T08:15:15.822213" level="INFO">location</msg>
<arg>${key}</arg>
<doc>Logs the given message with the given level.</doc>
<status status="PASS" start="2024-03-23T08:15:15.822086" elapsed="0.000165"/>
</kw>
<var name="${key}">location</var>
<status status="PASS" start="2024-03-23T08:15:15.820508" elapsed="0.001959"/>
</iter>
<iter>
<kw name="Dictionary Should Contain Key" owner="Collections">
<msg time="2024-03-23T08:15:15.823131" level="INFO">False</msg>
<arg>${json_data['results'][0]}</arg>
<arg>${key}</arg>
<doc>Fails if ``key`` is not found from ``dictionary``.</doc>
<status status="PASS" start="2024-03-23T08:15:15.822749" elapsed="0.000420"/>
</kw>
<kw name="Log" owner="BuiltIn">
<msg time="2024-03-23T08:15:15.823833" level="INFO">{'gender': 'female', 'name': {'title': 'Ms', 'first': 'Esther', 'last': 'Perez'}, 'location': {'street': {'number': 7067, 'name': 'Nowlin Rd'}, 'city': 'Sunshine Coast', 'state': 'Australian Capital Territory', 'country': 'Australia', 'postcode': 1490, 'coordinates': {'latitude': '-86.5010', 'longitude': '34.2213'}, 'timezone': {'offset': '+5:30', 'description': 'Bombay, Calcutta, Madras, New Delhi'}}, 'email': 'esther.perez@example.com', 'login': {'uuid': '5bcbb8c0-2b6f-4128-9c2a-fbfad6b44b7a', 'username': 'redzebra751', 'password': 'buddy', 'salt': 'Tz8fjHYY', 'md5': '97707cd40e48c841f4529cfae2454b56', 'sha1': 'cf788cc401115ab317cbe58188272e766a4140b8', 'sha256': '2ca01fa34872695753b48c1e392c98f8bf626e332715c7321fbce0b901799eb4'}, 'dob': {'date': '2000-01-03T02:32:36.875Z', 'age': 24}, 'registered': {'date': '2015-08-26T18:25:38.129Z', 'age': 8}, 'phone': '03-6227-4640', 'cell': '0464-137-395', 'id': {'name': 'TFN', 'value': '538291982'}, 'picture': {'large': 'https://randomuser.me/api/portraits/women/84.jpg', 'medium': 'https://randomuser.me/api/portraits/med/women/84.jpg', 'thumbnail': 'https://randomuser.me/api/portraits/thumb/women/84.jpg'}, 'nat': 'AU'}</msg>
<arg>${json_data['results'][0]}</arg>
<doc>Logs the given message with the given level.</doc>
<status status="PASS" start="2024-03-23T08:15:15.823467" elapsed="0.000413"/>
</kw>
<kw name="Log" owner="BuiltIn">
<msg time="2024-03-23T08:15:15.824298" level="INFO">email</msg>
<arg>${key}</arg>
<doc>Logs the given message with the given level.</doc>
<status status="PASS" start="2024-03-23T08:15:15.824169" elapsed="0.000167"/>
</kw>
<var name="${key}">email</var>
<status status="PASS" start="2024-03-23T08:15:15.822639" elapsed="0.001923"/>
</iter>
<iter>
<kw name="Dictionary Should Contain Key" owner="Collections">
<msg time="2024-03-23T08:15:15.825266" level="INFO">False</msg>
<arg>${json_data['results'][0]}</arg>
<arg>${key}</arg>
<doc>Fails if ``key`` is not found from ``dictionary``.</doc>
<status status="PASS" start="2024-03-23T08:15:15.824851" elapsed="0.000454"/>
</kw>
<kw name="Log" owner="BuiltIn">
<msg time="2024-03-23T08:15:15.825967" level="INFO">{'gender': 'female', 'name': {'title': 'Ms', 'first': 'Esther', 'last': 'Perez'}, 'location': {'street': {'number': 7067, 'name': 'Nowlin Rd'}, 'city': 'Sunshine Coast', 'state': 'Australian Capital Territory', 'country': 'Australia', 'postcode': 1490, 'coordinates': {'latitude': '-86.5010', 'longitude': '34.2213'}, 'timezone': {'offset': '+5:30', 'description': 'Bombay, Calcutta, Madras, New Delhi'}}, 'email': 'esther.perez@example.com', 'login': {'uuid': '5bcbb8c0-2b6f-4128-9c2a-fbfad6b44b7a', 'username': 'redzebra751', 'password': 'buddy', 'salt': 'Tz8fjHYY', 'md5': '97707cd40e48c841f4529cfae2454b56', 'sha1': 'cf788cc401115ab317cbe58188272e766a4140b8', 'sha256': '2ca01fa34872695753b48c1e392c98f8bf626e332715c7321fbce0b901799eb4'}, 'dob': {'date': '2000-01-03T02:32:36.875Z', 'age': 24}, 'registered': {'date': '2015-08-26T18:25:38.129Z', 'age': 8}, 'phone': '03-6227-4640', 'cell': '0464-137-395', 'id': {'name': 'TFN', 'value': '538291982'}, 'picture': {'large': 'https://randomuser.me/api/portraits/women/84.jpg', 'medium': 'https://randomuser.me/api/portraits/med/women/84.jpg', 'thumbnail': 'https://randomuser.me/api/portraits/thumb/women/84.jpg'}, 'nat': 'AU'}</msg>
<arg>${json_data['results'][0]}</arg>
<doc>Logs the given message with the given level.</doc>
<status status="PASS" start="2024-03-23T08:15:15.825601" elapsed="0.000414"/>
</kw>
<kw name="Log" owner="BuiltIn">
<msg time="2024-03-23T08:15:15.826435" level="INFO">login</msg>
<arg>${key}</arg>
<doc>Logs the given message with the given level.</doc>
<status status="PASS" start="2024-03-23T08:15:15.826307" elapsed="0.000295"/>
</kw>
<var name="${key}">login</var>
<status status="PASS" start="2024-03-23T08:15:15.824736" elapsed="0.002095"/>
</iter>
<var>${key}</var>
<value>@{expected_keys}</value>
<status status="PASS" start="2024-03-23T08:15:15.815956" elapsed="0.010997"/>
</for>
<kw name="Create List" owner="BuiltIn">
<msg time="2024-03-23T08:15:15.827285" level="INFO">${expected_keysTwo} = ['username', 'password']</msg>
<var>${expected_keysTwo}</var>
<arg>username</arg>
<arg>password</arg>
<doc>Returns a list containing given items.</doc>
<status status="PASS" start="2024-03-23T08:15:15.827147" elapsed="0.000161"/>
</kw>
<for flavor="IN">
<iter>
<kw name="Dictionary Should Contain Key" owner="Collections">
<msg time="2024-03-23T08:15:15.828183" level="INFO">False</msg>
<arg>${json_data['results'][0]['login']}</arg>
<arg>${keyTwo}</arg>
<doc>Fails if ``key`` is not found from ``dictionary``.</doc>
<status status="PASS" start="2024-03-23T08:15:15.827801" elapsed="0.000418"/>
</kw>
<kw name="Dictionary Should Contain Key" owner="Collections">
<msg time="2024-03-23T08:15:15.828893" level="INFO">False</msg>
<arg>${json_data['results'][0]['login']}</arg>
<arg>${keyTwo}</arg>
<doc>Fails if ``key`` is not found from ``dictionary``.</doc>
<status status="PASS" start="2024-03-23T08:15:15.828515" elapsed="0.000415"/>
</kw>
<kw name="Log" owner="BuiltIn">
<msg time="2024-03-23T08:15:15.829384" level="INFO">username</msg>
<arg>${keyTwo}</arg>
<doc>Logs the given message with the given level.</doc>
<status status="PASS" start="2024-03-23T08:15:15.829252" elapsed="0.000169"/>
</kw>
<var name="${keyTwo}">username</var>
<status status="PASS" start="2024-03-23T08:15:15.827690" elapsed="0.001942"/>
</iter>
<iter>
<kw name="Dictionary Should Contain Key" owner="Collections">
<msg time="2024-03-23T08:15:15.830286" level="INFO">False</msg>
<arg>${json_data['results'][0]['login']}</arg>
<arg>${keyTwo}</arg>
<doc>Fails if ``key`` is not found from ``dictionary``.</doc>
<status status="PASS" start="2024-03-23T08:15:15.829912" elapsed="0.000410"/>
</kw>
<kw name="Dictionary Should Contain Key" owner="Collections">
<msg time="2024-03-23T08:15:15.830986" level="INFO">False</msg>
<arg>${json_data['results'][0]['login']}</arg>
<arg>${keyTwo}</arg>
<doc>Fails if ``key`` is not found from ``dictionary``.</doc>
<status status="PASS" start="2024-03-23T08:15:15.830611" elapsed="0.000410"/>
</kw>
<kw name="Log" owner="BuiltIn">
<msg time="2024-03-23T08:15:15.831445" level="INFO">password</msg>
<arg>${keyTwo}</arg>
<doc>Logs the given message with the given level.</doc>
<status status="PASS" start="2024-03-23T08:15:15.831318" elapsed="0.000163"/>
</kw>
<var name="${keyTwo}">password</var>
<status status="PASS" start="2024-03-23T08:15:15.829804" elapsed="0.001899"/>
</iter>
<var>${keyTwo}</var>
<value>@{expected_keysTwo}</value>
<status status="PASS" start="2024-03-23T08:15:15.827541" elapsed="0.004282"/>
</for>
<status status="PASS" start="2024-03-23T08:15:15.727346" elapsed="0.104616"/>
</kw>
<doc>Testa a estrutura da resposta da API.</doc>
<tag>testeEstruturaResposta</tag>
<status status="PASS" start="2024-03-23T08:15:15.726727" elapsed="0.105393"/>
</test>
<test id="s1-s1-t4" name="Validar tipos de dados" line="28">
<kw name="Teste de Tipos de Dados" owner="random-user-service">
<kw name="GET On Session" owner="RequestsLibrary">
<msg time="2024-03-23T08:15:15.913888" level="INFO">GET Request : url=https://randomuser.me/api 
 path_url=/api 
 headers={'User-Agent': 'python-requests/2.31.0', 'Accept-Encoding': 'gzip, deflate', 'Accept': '*/*', 'Connection': 'keep-alive'} 
 body=None 
 </msg>
<msg time="2024-03-23T08:15:15.913964" level="INFO">GET Response : url=https://randomuser.me/api 
 status=200, reason=OK 
 headers={'Date': 'Sat, 23 Mar 2024 08:15:15 GMT', 'Content-Type': 'application/json; charset=utf-8', 'Transfer-Encoding': 'chunked', 'Connection': 'keep-alive', 'X-Powered-By': 'Express', 'Access-Control-Allow-Origin': '*', 'Cache-Control': 'no-cache', 'ETag': 'W/"48d-VowFIKJWNisxb0naqG15IRp3ftc"', 'Vary': 'Accept-Encoding', 'Content-Encoding': 'gzip', 'CF-Cache-Status': 'DYNAMIC', 'Report-To': '{"endpoints":[{"url":"https:\\/\\/a.nel.cloudflare.com\\/report\\/v4?s=vKx4Ctm8JXTknGuIMeOm2N%2FlUYM3u%2ByVNG1fuTu0C6GcMOJ87vaBK7Cm5D1KineayBIh01ucljfD2vqzOEkH6QCy8W6GiDo27Rq1G5jQLD%2Br7Xo4HbCIq20%2BPj5jCwgC"}],"group":"cf-nel","max_age":604800}', 'NEL': '{"success_fraction":0,"report_to":"cf-nel","max_age":604800}', 'Server': 'cloudflare', 'CF-RAY': '868cf8fbfb9d07bb-IAD', 'alt-svc': 'h3=":443"; ma=86400'} 
 body={"results":[{"gender":"male","name":{"title":"Mr","first":"Lance","last":"Walters"},"location":{"street":{"number":6760,"name":"Main Road"},"city":"Newcastle upon Tyne","state":"South Yorkshire","country":"United Kingdom","postcode":"IF8X 9YU","coordinates":{"latitude":"-6.5232","longitude":"-41.1728"},"timezone":{"offset":"-9:00","description":"Alaska"}},"email":"lance.walters@example.com","login":{"uuid":"9e1a68c7-22ea-4f87-8a6f-6b94021635a7","username":"happywolf440","password":"original","salt":"il6P0HDU","md5":"6fa4d19ba85887ad21e224d1bea4d8f5","sha1":"f7bedf99993b56f0c1c0a58b53680753a4c489b7","sha256":"d258c67b0ef0490fc9c658e48fcd17f52e16aba633895c444872a97a40694086"},"dob":{"date":"1985-03-26T05:03:09.379Z","age":38},"registered":{"date":"2014-03-09T04:31:48.376Z","age":10},"phone":"017683 05795","cell":"07222 965430","id":{"name":"NINO","value":"ZZ 11 26 55 Y"},"picture":{"large":"https://randomuser.me/api/portraits/men/30.jpg","medium":"https://randomuser.me/api/portraits/med/men/30.jpg","thumbnail":"https://randomuser.me/api/portraits/thumb/men/30.jpg"},"nat":"GB"}],"info":{"seed":"76ed797954a2d6c7","results":1,"page":1,"version":"1.4"}} 
 </msg>
<msg time="2024-03-23T08:15:15.914024" level="INFO">/opt/hostedtoolcache/Python/3.12.2/x64/lib/python3.12/site-packages/urllib3/connectionpool.py:1103: InsecureRequestWarning: Unverified HTTPS request is being made to host 'randomuser.me'. Adding certificate verification is strongly advised. See: https://urllib3.readthedocs.io/en/latest/advanced-usage.html#tls-warnings
  warnings.warn(</msg>
<msg time="2024-03-23T08:15:15.914136" level="INFO">${response} = &lt;Response [200]&gt;</msg>
<var>${response}</var>
<arg>consultarAPI</arg>
<arg>/api</arg>
<doc>Sends a GET request on a previously created HTTP Session.</doc>
<status status="PASS" start="2024-03-23T08:15:15.834692" elapsed="0.079484"/>
</kw>
<kw name="Set Variable" owner="BuiltIn">
<msg time="2024-03-23T08:15:15.915274" level="INFO">${json_data} = {'results': [{'gender': 'male', 'name': {'title': 'Mr', 'first': 'Lance', 'last': 'Walters'}, 'location': {'street': {'number': 6760, 'name': 'Main Road'}, 'city': 'Newcastle upon Tyne', 'state': 'Sou...</msg>
<var>${json_data}</var>
<arg>${response.json()}</arg>
<doc>Returns the given values which can then be assigned to a variables.</doc>
<status status="PASS" start="2024-03-23T08:15:15.914706" elapsed="0.000597"/>
</kw>
<kw name="Log" owner="BuiltIn">
<msg time="2024-03-23T08:15:15.915775" level="INFO">{'results': [{'gender': 'male', 'name': {'title': 'Mr', 'first': 'Lance', 'last': 'Walters'}, 'location': {'street': {'number': 6760, 'name': 'Main Road'}, 'city': 'Newcastle upon Tyne', 'state': 'South Yorkshire', 'country': 'United Kingdom', 'postcode': 'IF8X 9YU', 'coordinates': {'latitude': '-6.5232', 'longitude': '-41.1728'}, 'timezone': {'offset': '-9:00', 'description': 'Alaska'}}, 'email': 'lance.walters@example.com', 'login': {'uuid': '9e1a68c7-22ea-4f87-8a6f-6b94021635a7', 'username': 'happywolf440', 'password': 'original', 'salt': 'il6P0HDU', 'md5': '6fa4d19ba85887ad21e224d1bea4d8f5', 'sha1': 'f7bedf99993b56f0c1c0a58b53680753a4c489b7', 'sha256': 'd258c67b0ef0490fc9c658e48fcd17f52e16aba633895c444872a97a40694086'}, 'dob': {'date': '1985-03-26T05:03:09.379Z', 'age': 38}, 'registered': {'date': '2014-03-09T04:31:48.376Z', 'age': 10}, 'phone': '017683 05795', 'cell': '07222 965430', 'id': {'name': 'NINO', 'value': 'ZZ 11 26 55 Y'}, 'picture': {'large': 'https://randomuser.me/api/portraits/men/30.jpg', 'medium': 'https://randomuser.me/api/portraits/med/men/30.jpg', 'thumbnail': 'https://randomuser.me/api/portraits/thumb/men/30.jpg'}, 'nat': 'GB'}], 'info': {'seed': '76ed797954a2d6c7', 'results': 1, 'page': 1, 'version': '1.4'}}</msg>
<arg>${json_data}</arg>
<doc>Logs the given message with the given level.</doc>
<status status="PASS" start="2024-03-23T08:15:15.915616" elapsed="0.000245"/>
</kw>
<kw name="Should Be String" owner="String">
<arg>${json_data['results'][0]['gender']}</arg>
<doc>Fails if the given ``item`` is not a string.</doc>
<status status="PASS" start="2024-03-23T08:15:15.916161" elapsed="0.000361"/>
</kw>
<kw name="Should Match Regexp" owner="BuiltIn">
<arg>${json_data['results'][0]['email']}</arg>
<arg>^[a-zA-Z0-9._%+-]+@[a-zA-Z0-9.-]+\.[a-zA-Z]{2,}$</arg>
<doc>Fails if ``string`` does not match ``pattern`` as a regular expression.</doc>
<status status="PASS" start="2024-03-23T08:15:15.916713" elapsed="0.000549"/>
</kw>
<kw name="Should Match Regexp" owner="BuiltIn">
<arg>${json_data['results'][0]['dob']['date']}</arg>
<arg>\\d{4}-\\d{2}-\\d{2}T\\d{2}:\\d{2}:\\d{2}\\.\\d{3}Z</arg>
<doc>Fails if ``string`` does not match ``pattern`` as a regular expression.</doc>
<status status="PASS" start="2024-03-23T08:15:15.917462" elapsed="0.000490"/>
</kw>
<kw name="Should Match Regexp" owner="BuiltIn">
<arg>${json_data['results'][0]['registered']['date']}</arg>
<arg>\\d{4}-\\d{2}-\\d{2}T\\d{2}:\\d{2}:\\d{2}\\.\\d{3}Z</arg>
<doc>Fails if ``string`` does not match ``pattern`` as a regular expression.</doc>
<status status="PASS" start="2024-03-23T08:15:15.918144" elapsed="0.000363"/>
</kw>
<kw name="Should Match Regexp" owner="BuiltIn">
<arg>${json_data['results'][0]['picture']['large']}</arg>
<arg>^https?://.*\.(?:png|jpe?g|gif|bmp)$</arg>
<doc>Fails if ``string`` does not match ``pattern`` as a regular expression.</doc>
<status status="PASS" start="2024-03-23T08:15:15.918693" elapsed="0.000457"/>
</kw>
<kw name="Should Match Regexp" owner="BuiltIn">
<arg>${json_data['results'][0]['picture']['medium']}</arg>
<arg>^https?://.*\.(?:png|jpe?g|gif|bmp)$</arg>
<doc>Fails if ``string`` does not match ``pattern`` as a regular expression.</doc>
<status status="PASS" start="2024-03-23T08:15:15.919339" elapsed="0.000360"/>
</kw>
<kw name="Should Match Regexp" owner="BuiltIn">
<arg>${json_data['results'][0]['picture']['thumbnail']}</arg>
<arg>^https?://.*\.(?:png|jpe?g|gif|bmp)$</arg>
<doc>Fails if ``string`` does not match ``pattern`` as a regular expression.</doc>
<status status="PASS" start="2024-03-23T08:15:15.919882" elapsed="0.000345"/>
</kw>
<kw name="Log" owner="BuiltIn">
<msg time="2024-03-23T08:15:15.920729" level="INFO">{'large': 'https://randomuser.me/api/portraits/men/30.jpg', 'medium': 'https://randomuser.me/api/portraits/med/men/30.jpg', 'thumbnail': 'https://randomuser.me/api/portraits/thumb/men/30.jpg'}</msg>
<arg>${json_data['results'][0]['picture']}</arg>
<doc>Logs the given message with the given level.</doc>
<status status="PASS" start="2024-03-23T08:15:15.920404" elapsed="0.000370"/>
</kw>
<status status="PASS" start="2024-03-23T08:15:15.834456" elapsed="0.086572"/>
</kw>
<kw name="Teste de Tipos de Dados - Postcode" owner="random-user-service">
<kw name="GET On Session" owner="RequestsLibrary">
<msg time="2024-03-23T08:15:16.014595" level="INFO">GET Request : url=https://randomuser.me/api 
 path_url=/api 
 headers={'User-Agent': 'python-requests/2.31.0', 'Accept-Encoding': 'gzip, deflate', 'Accept': '*/*', 'Connection': 'keep-alive'} 
 body=None 
 </msg>
<msg time="2024-03-23T08:15:16.014675" level="INFO">GET Response : url=https://randomuser.me/api 
 status=200, reason=OK 
 headers={'Date': 'Sat, 23 Mar 2024 08:15:16 GMT', 'Content-Type': 'application/json; charset=utf-8', 'Transfer-Encoding': 'chunked', 'Connection': 'keep-alive', 'X-Powered-By': 'Express', 'Access-Control-Allow-Origin': '*', 'Cache-Control': 'no-cache', 'ETag': 'W/"48a-N0//2Wd22/NjkO5s7W6dz3bTl1k"', 'Vary': 'Accept-Encoding', 'Content-Encoding': 'gzip', 'CF-Cache-Status': 'DYNAMIC', 'Report-To': '{"endpoints":[{"url":"https:\\/\\/a.nel.cloudflare.com\\/report\\/v4?s=g%2BdY7GKwlM5Xn1mj7M4TUnT48H%2BafcAF3VdZ5s%2Bs3GkEMDYb27TCbj%2BvWTQsGIVWAyDalGWrqgWnwpVPbZZqrCt7tHQYBUFY1Tu0X9F3Y6tG%2BI2eTONITqIQ6Tf%2Bf%2BZQ"}],"group":"cf-nel","max_age":604800}', 'NEL': '{"success_fraction":0,"report_to":"cf-nel","max_age":604800}', 'Server': 'cloudflare', 'CF-RAY': '868cf8fc8c1207bb-IAD', 'alt-svc': 'h3=":443"; ma=86400'} 
 body={"results":[{"gender":"male","name":{"title":"Mr","first":"Maxime","last":"Andre"},"location":{"street":{"number":1591,"name":"Rue Bataille"},"city":"Caen","state":"Vendée","country":"France","postcode":37410,"coordinates":{"latitude":"-20.3010","longitude":"-37.6644"},"timezone":{"offset":"+4:00","description":"Abu Dhabi, Muscat, Baku, Tbilisi"}},"email":"maxime.andre@example.com","login":{"uuid":"a09263f4-2cdd-4607-a884-7754eb522f76","username":"orangefrog495","password":"lips","salt":"kW12zbBA","md5":"91516e6c873b1bba5e2c60bb5ebde5e8","sha1":"42918d10465b161390787d124ba25c945d247b2c","sha256":"ff90134fd1d8e0e2df2555627df543ee3551fd47ec68546ca948a64cfc98646d"},"dob":{"date":"1972-03-18T06:51:54.220Z","age":52},"registered":{"date":"2009-06-06T00:36:24.440Z","age":14},"phone":"05-73-11-94-31","cell":"06-30-60-51-78","id":{"name":"INSEE","value":"1720246689167 80"},"picture":{"large":"https://randomuser.me/api/portraits/men/28.jpg","medium":"https://randomuser.me/api/portraits/med/men/28.jpg","thumbnail":"https://randomuser.me/api/portraits/thumb/men/28.jpg"},"nat":"FR"}],"info":{"seed":"f8e614976b512afd","results":1,"page":1,"version":"1.4"}} 
 </msg>
<msg time="2024-03-23T08:15:16.014757" level="INFO">/opt/hostedtoolcache/Python/3.12.2/x64/lib/python3.12/site-packages/urllib3/connectionpool.py:1103: InsecureRequestWarning: Unverified HTTPS request is being made to host 'randomuser.me'. Adding certificate verification is strongly advised. See: https://urllib3.readthedocs.io/en/latest/advanced-usage.html#tls-warnings
  warnings.warn(</msg>
<msg time="2024-03-23T08:15:16.014862" level="INFO">${response} = &lt;Response [200]&gt;</msg>
<var>${response}</var>
<arg>consultarAPI</arg>
<arg>/api</arg>
<doc>Sends a GET request on a previously created HTTP Session.</doc>
<status status="PASS" start="2024-03-23T08:15:15.921637" elapsed="0.093266"/>
</kw>
<kw name="Set Variable" owner="BuiltIn">
<msg time="2024-03-23T08:15:16.015955" level="INFO">${json_data} = {'results': [{'gender': 'male', 'name': {'title': 'Mr', 'first': 'Maxime', 'last': 'Andre'}, 'location': {'street': {'number': 1591, 'name': 'Rue Bataille'}, 'city': 'Caen', 'state': 'Vendée', 'countr...</msg>
<var>${json_data}</var>
<arg>${response.json()}</arg>
<doc>Returns the given values which can then be assigned to a variables.</doc>
<status status="PASS" start="2024-03-23T08:15:16.015411" elapsed="0.000573"/>
</kw>
<kw name="Log" owner="BuiltIn">
<msg time="2024-03-23T08:15:16.016451" level="INFO">{'results': [{'gender': 'male', 'name': {'title': 'Mr', 'first': 'Maxime', 'last': 'Andre'}, 'location': {'street': {'number': 1591, 'name': 'Rue Bataille'}, 'city': 'Caen', 'state': 'Vendée', 'country': 'France', 'postcode': 37410, 'coordinates': {'latitude': '-20.3010', 'longitude': '-37.6644'}, 'timezone': {'offset': '+4:00', 'description': 'Abu Dhabi, Muscat, Baku, Tbilisi'}}, 'email': 'maxime.andre@example.com', 'login': {'uuid': 'a09263f4-2cdd-4607-a884-7754eb522f76', 'username': 'orangefrog495', 'password': 'lips', 'salt': 'kW12zbBA', 'md5': '91516e6c873b1bba5e2c60bb5ebde5e8', 'sha1': '42918d10465b161390787d124ba25c945d247b2c', 'sha256': 'ff90134fd1d8e0e2df2555627df543ee3551fd47ec68546ca948a64cfc98646d'}, 'dob': {'date': '1972-03-18T06:51:54.220Z', 'age': 52}, 'registered': {'date': '2009-06-06T00:36:24.440Z', 'age': 14}, 'phone': '05-73-11-94-31', 'cell': '06-30-60-51-78', 'id': {'name': 'INSEE', 'value': '1720246689167 80'}, 'picture': {'large': 'https://randomuser.me/api/portraits/men/28.jpg', 'medium': 'https://randomuser.me/api/portraits/med/men/28.jpg', 'thumbnail': 'https://randomuser.me/api/portraits/thumb/men/28.jpg'}, 'nat': 'FR'}], 'info': {'seed': 'f8e614976b512afd', 'results': 1, 'page': 1, 'version': '1.4'}}</msg>
<arg>${json_data}</arg>
<doc>Logs the given message with the given level.</doc>
<status status="PASS" start="2024-03-23T08:15:16.016291" elapsed="0.000241"/>
</kw>
<kw name="Should Be Equal As Numbers" owner="BuiltIn">
<arg>${json_data['results'][0]['location']['postcode']}</arg>
<arg>${json_data['results'][0]['location']['postcode']}</arg>
<doc>Fails if objects are unequal after converting them to real numbers.</doc>
<status status="PASS" start="2024-03-23T08:15:16.016838" elapsed="0.000675"/>
</kw>
<kw name="Log" owner="BuiltIn">
<msg time="2024-03-23T08:15:16.018097" level="INFO">37410</msg>
<arg>${json_data['results'][0]['location']['postcode']}</arg>
<doc>Logs the given message with the given level.</doc>
<status status="PASS" start="2024-03-23T08:15:16.017711" elapsed="0.000428"/>
</kw>
<status status="PASS" start="2024-03-23T08:15:15.921273" elapsed="0.097123"/>
</kw>
<doc>Testa se os tipos de dados na resposta da API estão corretos.</doc>
<tag>testeTiposDados</tag>
<status status="PASS" start="2024-03-23T08:15:15.833899" elapsed="0.184669"/>
</test>
<test id="s1-s1-t5" name="Validar conteudo" line="35">
<kw name="Teste de Tipos de Conteudo" owner="random-user-service">
<kw name="GET On Session" owner="RequestsLibrary">
<msg time="2024-03-23T08:15:16.115925" level="INFO">GET Request : url=https://randomuser.me/api 
 path_url=/api 
 headers={'User-Agent': 'python-requests/2.31.0', 'Accept-Encoding': 'gzip, deflate', 'Accept': '*/*', 'Connection': 'keep-alive'} 
 body=None 
 </msg>
<msg time="2024-03-23T08:15:16.115999" level="INFO">GET Response : url=https://randomuser.me/api 
 status=200, reason=OK 
 headers={'Date': 'Sat, 23 Mar 2024 08:15:16 GMT', 'Content-Type': 'application/json; charset=utf-8', 'Transfer-Encoding': 'chunked', 'Connection': 'keep-alive', 'X-Powered-By': 'Express', 'Access-Control-Allow-Origin': '*', 'Cache-Control': 'no-cache', 'ETag': 'W/"473-dkxu48IobdvSksFY5+FVWwumj5s"', 'Vary': 'Accept-Encoding', 'Content-Encoding': 'gzip', 'CF-Cache-Status': 'DYNAMIC', 'Report-To': '{"endpoints":[{"url":"https:\\/\\/a.nel.cloudflare.com\\/report\\/v4?s=wD5GskNz3X7eCqdjlNAQoLg4LL%2FxF0IuTFaOD0lfUBS2Nkk6kQKcnRrky3ylTdZI5M5ompCBL%2FjCpCjKrHmh2%2FPacjo2VQhjtM8ngHc9%2FUmB%2FPMF3r9vRObyxEHa6e4P"}],"group":"cf-nel","max_age":604800}', 'NEL': '{"success_fraction":0,"report_to":"cf-nel","max_age":604800}', 'Server': 'cloudflare', 'CF-RAY': '868cf8fd2c9507bb-IAD', 'alt-svc': 'h3=":443"; ma=86400'} 
 body={"results":[{"gender":"male","name":{"title":"Mr","first":"Yarosvit","last":"Bodnar"},"location":{"street":{"number":8242,"name":"Simferopolska"},"city":"Korostishiv","state":"Zakarpatska","country":"Ukraine","postcode":65136,"coordinates":{"latitude":"76.8765","longitude":"-148.6377"},"timezone":{"offset":"+5:45","description":"Kathmandu"}},"email":"yarosvit.bodnar@example.com","login":{"uuid":"f1cdd749-6e5b-4034-9a9f-57d3020035b5","username":"organicwolf384","password":"pang","salt":"x5uRcmp2","md5":"35412f6df579de2e6c36a6fce316aa97","sha1":"19ad906cf6f025e9194cbaca4b45b45614d39c56","sha256":"e1cf2c63746c991f8233a9ece57a4a8f80f90b54c7e51b91eca290c567a6608a"},"dob":{"date":"1971-11-29T18:38:24.346Z","age":52},"registered":{"date":"2019-11-04T09:09:51.301Z","age":4},"phone":"(066) D00-1373","cell":"(067) I33-9355","id":{"name":"","value":null},"picture":{"large":"https://randomuser.me/api/portraits/men/24.jpg","medium":"https://randomuser.me/api/portraits/med/men/24.jpg","thumbnail":"https://randomuser.me/api/portraits/thumb/men/24.jpg"},"nat":"UA"}],"info":{"seed":"b5735afb0600da27","results":1,"page":1,"version":"1.4"}} 
 </msg>
<msg time="2024-03-23T08:15:16.116064" level="INFO">/opt/hostedtoolcache/Python/3.12.2/x64/lib/python3.12/site-packages/urllib3/connectionpool.py:1103: InsecureRequestWarning: Unverified HTTPS request is being made to host 'randomuser.me'. Adding certificate verification is strongly advised. See: https://urllib3.readthedocs.io/en/latest/advanced-usage.html#tls-warnings
  warnings.warn(</msg>
<msg time="2024-03-23T08:15:16.116164" level="INFO">${response} = &lt;Response [200]&gt;</msg>
<var>${response}</var>
<arg>consultarAPI</arg>
<arg>/api</arg>
<doc>Sends a GET request on a previously created HTTP Session.</doc>
<status status="PASS" start="2024-03-23T08:15:16.021080" elapsed="0.095124"/>
</kw>
<kw name="Set Variable" owner="BuiltIn">
<msg time="2024-03-23T08:15:16.117313" level="INFO">${json_data} = {'results': [{'gender': 'male', 'name': {'title': 'Mr', 'first': 'Yarosvit', 'last': 'Bodnar'}, 'location': {'street': {'number': 8242, 'name': 'Simferopolska'}, 'city': 'Korostishiv', 'state': 'Zakar...</msg>
<var>${json_data}</var>
<arg>${response.json()}</arg>
<doc>Returns the given values which can then be assigned to a variables.</doc>
<status status="PASS" start="2024-03-23T08:15:16.116725" elapsed="0.000617"/>
</kw>
<kw name="Set Variable" owner="BuiltIn">
<msg time="2024-03-23T08:15:16.118024" level="INFO">${name_title} = Mr</msg>
<var>${name_title}</var>
<arg>${json_data["results"][0]["name"]["title"]}</arg>
<doc>Returns the given values which can then be assigned to a variables.</doc>
<status status="PASS" start="2024-03-23T08:15:16.117647" elapsed="0.000403"/>
</kw>
<kw name="Create List" owner="BuiltIn">
<msg time="2024-03-23T08:15:16.118503" level="INFO">${allowed_titles} = ['Mr', 'Ms', 'Miss', 'Mrs', 'Madame', 'Monsieur']</msg>
<var>${allowed_titles}</var>
<arg>Mr</arg>
<arg>Ms</arg>
<arg>Miss</arg>
<arg>Mrs</arg>
<arg>Madame</arg>
<arg>Monsieur</arg>
<doc>Returns a list containing given items.</doc>
<status status="PASS" start="2024-03-23T08:15:16.118355" elapsed="0.000173"/>
</kw>
<kw name="List Should Contain Value" owner="Collections">
<msg time="2024-03-23T08:15:16.119006" level="INFO">False</msg>
<arg>${allowed_titles}</arg>
<arg>${name_title}</arg>
<doc>Fails if the ``value`` is not found from ``list``.</doc>
<status status="PASS" start="2024-03-23T08:15:16.118830" elapsed="0.000213"/>
</kw>
<kw name="Set Variable" owner="BuiltIn">
<msg time="2024-03-23T08:15:16.119705" level="INFO">${name_country} = UA</msg>
<var>${name_country}</var>
<arg>${json_data["results"][0]["nat"]}</arg>
<doc>Returns the given values which can then be assigned to a variables.</doc>
<status status="PASS" start="2024-03-23T08:15:16.119326" elapsed="0.000404"/>
</kw>
<kw name="Create List" owner="BuiltIn">
<msg time="2024-03-23T08:15:16.120634" level="INFO">${list_country} = ['AD', 'AE', 'AF', 'AG', 'AI', 'AL', 'AM', 'AO', 'AQ', 'AR', 'AS', 'AT', 'AU', 'AW', 'AX', 'AZ', 'BA', 'BB', 'BD', 'BE', 'BF', 'BG', 'BH', 'BI', 'BJ', 'BL', 'BM', 'BN', 'BO', 'BQ', 'BR', 'BS', 'BT', '...</msg>
<var>${list_country}</var>
<arg>AD</arg>
<arg>AE</arg>
<arg>AF</arg>
<arg>AG</arg>
<arg>AI</arg>
<arg>AL</arg>
<arg>AM</arg>
<arg>AO</arg>
<arg>AQ</arg>
<arg>AR</arg>
<arg>AS</arg>
<arg>AT</arg>
<arg>AU</arg>
<arg>AW</arg>
<arg>AX</arg>
<arg>AZ</arg>
<arg>BA</arg>
<arg>BB</arg>
<arg>BD</arg>
<arg>BE</arg>
<arg>BF</arg>
<arg>BG</arg>
<arg>BH</arg>
<arg>BI</arg>
<arg>BJ</arg>
<arg>BL</arg>
<arg>BM</arg>
<arg>BN</arg>
<arg>BO</arg>
<arg>BQ</arg>
<arg>BR</arg>
<arg>BS</arg>
<arg>BT</arg>
<arg>BV</arg>
<arg>BW</arg>
<arg>BY</arg>
<arg>BZ</arg>
<arg>CA</arg>
<arg>CC</arg>
<arg>CD</arg>
<arg>CF</arg>
<arg>CG</arg>
<arg>CH</arg>
<arg>CI</arg>
<arg>CK</arg>
<arg>CL</arg>
<arg>CM</arg>
<arg>CN</arg>
<arg>CO</arg>
<arg>CR</arg>
<arg>CU</arg>
<arg>CV</arg>
<arg>CW</arg>
<arg>CX</arg>
<arg>CY</arg>
<arg>CZ</arg>
<arg>DE</arg>
<arg>DJ</arg>
<arg>DK</arg>
<arg>DM</arg>
<arg>DO</arg>
<arg>DZ</arg>
<arg>EC</arg>
<arg>EE</arg>
<arg>EG</arg>
<arg>EH</arg>
<arg>ER</arg>
<arg>ES</arg>
<arg>ET</arg>
<arg>FI</arg>
<arg>FJ</arg>
<arg>FK</arg>
<arg>FM</arg>
<arg>FO</arg>
<arg>FR</arg>
<arg>GA</arg>
<arg>GB</arg>
<arg>GD</arg>
<arg>GE</arg>
<arg>GF</arg>
<arg>GG</arg>
<arg>GH</arg>
<arg>GI</arg>
<arg>GL</arg>
<arg>GM</arg>
<arg>GN</arg>
<arg>GP</arg>
<arg>GQ</arg>
<arg>GR</arg>
<arg>GS</arg>
<arg>GT</arg>
<arg>GU</arg>
<arg>GW</arg>
<arg>GY</arg>
<arg>HK</arg>
<arg>HM</arg>
<arg>HN</arg>
<arg>HR</arg>
<arg>HT</arg>
<arg>HU</arg>
<arg>ID</arg>
<arg>IE</arg>
<arg>IL</arg>
<arg>IM</arg>
<arg>IN</arg>
<arg>IO</arg>
<arg>IQ</arg>
<arg>IR</arg>
<arg>IS</arg>
<arg>IT</arg>
<arg>JE</arg>
<arg>JM</arg>
<arg>JO</arg>
<arg>JP</arg>
<arg>KE</arg>
<arg>KG</arg>
<arg>KH</arg>
<arg>KI</arg>
<arg>KM</arg>
<arg>KN</arg>
<arg>KP</arg>
<arg>KR</arg>
<arg>KW</arg>
<arg>KY</arg>
<arg>KZ</arg>
<arg>LA</arg>
<arg>LB</arg>
<arg>LC</arg>
<arg>LI</arg>
<arg>LK</arg>
<arg>LR</arg>
<arg>LS</arg>
<arg>LT</arg>
<arg>LU</arg>
<arg>LV</arg>
<arg>LY</arg>
<arg>MA</arg>
<arg>MC</arg>
<arg>MD</arg>
<arg>ME</arg>
<arg>MF</arg>
<arg>MG</arg>
<arg>MH</arg>
<arg>MK</arg>
<arg>ML</arg>
<arg>MM</arg>
<arg>MN</arg>
<arg>MO</arg>
<arg>MP</arg>
<arg>MQ</arg>
<arg>MR</arg>
<arg>MS</arg>
<arg>MT</arg>
<arg>MU</arg>
<arg>MV</arg>
<arg>MW</arg>
<arg>MX</arg>
<arg>MY</arg>
<arg>MZ</arg>
<arg>NA</arg>
<arg>NC</arg>
<arg>NE</arg>
<arg>NF</arg>
<arg>NG</arg>
<arg>NI</arg>
<arg>NL</arg>
<arg>NO</arg>
<arg>NP</arg>
<arg>NR</arg>
<arg>NU</arg>
<arg>NZ</arg>
<arg>OM</arg>
<arg>PA</arg>
<arg>PE</arg>
<arg>PF</arg>
<arg>PG</arg>
<arg>PH</arg>
<arg>PK</arg>
<arg>PL</arg>
<arg>PM</arg>
<arg>PN</arg>
<arg>PR</arg>
<arg>PS</arg>
<arg>PT</arg>
<arg>PW</arg>
<arg>PY</arg>
<arg>QA</arg>
<arg>RE</arg>
<arg>RO</arg>
<arg>RS</arg>
<arg>RU</arg>
<arg>RW</arg>
<arg>SA</arg>
<arg>SB</arg>
<arg>SC</arg>
<arg>SD</arg>
<arg>SE</arg>
<arg>SG</arg>
<arg>SH</arg>
<arg>SI</arg>
<arg>SJ</arg>
<arg>SK</arg>
<arg>SL</arg>
<arg>SM</arg>
<arg>SN</arg>
<arg>SO</arg>
<arg>SR</arg>
<arg>SS</arg>
<arg>ST</arg>
<arg>SV</arg>
<arg>SX</arg>
<arg>SY</arg>
<arg>SZ</arg>
<arg>TC</arg>
<arg>TD</arg>
<arg>TF</arg>
<arg>TG</arg>
<arg>TH</arg>
<arg>TJ</arg>
<arg>TK</arg>
<arg>TL</arg>
<arg>TM</arg>
<arg>TN</arg>
<arg>TO</arg>
<arg>TR</arg>
<arg>TT</arg>
<arg>TV</arg>
<arg>TW</arg>
<arg>TZ</arg>
<arg>UA</arg>
<arg>UG</arg>
<arg>UM</arg>
<arg>US</arg>
<arg>UY</arg>
<arg>UZ</arg>
<arg>VA</arg>
<arg>VC</arg>
<arg>VE</arg>
<arg>VG</arg>
<arg>VI</arg>
<arg>VN</arg>
<arg>VU</arg>
<arg>WF</arg>
<arg>WS</arg>
<arg>XK</arg>
<arg>YE</arg>
<arg>YT</arg>
<arg>ZA</arg>
<arg>ZM</arg>
<arg>ZW</arg>
<doc>Returns a list containing given items.</doc>
<status status="PASS" start="2024-03-23T08:15:16.120034" elapsed="0.000625"/>
</kw>
<kw name="List Should Contain Value" owner="Collections">
<msg time="2024-03-23T08:15:16.121803" level="INFO">False</msg>
<arg>${list_country}</arg>
<arg>${name_country}</arg>
<doc>Fails if the ``value`` is not found from ``list``.</doc>
<status status="PASS" start="2024-03-23T08:15:16.121596" elapsed="0.000244"/>
</kw>
<kw name="Run Keyword If" owner="BuiltIn">
<kw name="Should Be True" owner="BuiltIn">
<arg>${True}</arg>
<doc>Fails if the given condition is not true.</doc>
<status status="PASS" start="2024-03-23T08:15:16.122901" elapsed="0.000147"/>
</kw>
<arg>${json_data["results"][0]["location"]["coordinates"]["latitude"]} &gt;= -90 and ${json_data["results"][0]["location"]["coordinates"]["latitude"]} &lt;= 90</arg>
<arg>Should Be True</arg>
<arg>${True}</arg>
<doc>Runs the given keyword with the given arguments, if ``condition`` is true.</doc>
<status status="PASS" start="2024-03-23T08:15:16.122148" elapsed="0.001030"/>
</kw>
<kw name="Run Keyword If" owner="BuiltIn">
<kw name="Should Be True" owner="BuiltIn">
<arg>${True}</arg>
<doc>Fails if the given condition is not true.</doc>
<status status="PASS" start="2024-03-23T08:15:16.124067" elapsed="0.000139"/>
</kw>
<arg>${json_data["results"][0]["location"]["coordinates"]["longitude"]} &gt;= -180 and ${json_data["results"][0]["location"]["coordinates"]["longitude"]} &lt;= 180</arg>
<arg>Should Be True</arg>
<arg>${True}</arg>
<doc>Runs the given keyword with the given arguments, if ``condition`` is true.</doc>
<status status="PASS" start="2024-03-23T08:15:16.123364" elapsed="0.000967"/>
</kw>
<status status="PASS" start="2024-03-23T08:15:16.020852" elapsed="0.103618"/>
</kw>
<doc>Testa o conteúdo específico dos campos retornados pela API.</doc>
<tag>testeConteudo</tag>
<status status="PASS" start="2024-03-23T08:15:16.020325" elapsed="0.104295"/>
</test>
<status status="PASS" start="2024-03-23T08:15:15.343282" elapsed="0.783362"/>
</suite>
<status status="PASS" start="2024-03-23T08:15:15.329749" elapsed="0.802237"/>
</suite>
<statistics>
<total>
<stat pass="5" fail="0" skip="0">All Tests</stat>
</total>
<tag>
<stat pass="1" fail="0" skip="0">testeConteudo</stat>
<stat pass="1" fail="0" skip="0">testeEstruturaResposta</stat>
<stat pass="1" fail="0" skip="0">testeRequisicaoBasica</stat>
<stat pass="1" fail="0" skip="0">testeTiposDados</stat>
</tag>
<suite>
<stat pass="5" fail="0" skip="0" id="s1" name="Tests">Tests</stat>
<stat pass="5" fail="0" skip="0" id="s1-s1" name="Random-User-Test">Tests.Random-User-Test</stat>
</suite>
</statistics>
<errors>
</errors>
</robot>
