<?xml version="1.0" encoding="UTF-8"?>
<robot generator="Robot 7.0.1 (Python 3.12.4 on linux)" generated="2024-06-24T14:14:25.704092" rpa="false" schemaversion="5">
<suite id="s1" name="Tests" source="/home/runner/work/ApiRandomUser/ApiRandomUser/RamdonUser/tests">
<suite id="s1-s1" name="Random-User-Test" source="/home/runner/work/ApiRandomUser/ApiRandomUser/RamdonUser/tests/random-user-test.robot">
<test id="s1-s1-t1" name="Conectar" line="13">
<kw name="Conectar API" owner="random-user-service">
<kw name="Create Session" owner="RequestsLibrary">
<msg time="2024-06-24T14:14:26.154631" level="INFO">Creating Session using : alias=consultarAPI, url=https://randomuser.me/, headers={},                     cookies={}, auth=None, timeout=None, proxies=None, verify=False,                     debug=0 </msg>
<arg>consultarAPI</arg>
<arg>${URL}</arg>
<doc>Create Session: create a HTTP session to a server</doc>
<status status="PASS" start="2024-06-24T14:14:26.154409" elapsed="0.000409"/>
</kw>
<status status="PASS" start="2024-06-24T14:14:26.153388" elapsed="0.001841"/>
</kw>
<status status="PASS" start="2024-06-24T14:14:26.152704" elapsed="0.002726"/>
</test>
<test id="s1-s1-t2" name="Validar retorno 200 e JSON Válido" line="16">
<kw name="Teste de Requisicao Basica" owner="random-user-service">
<kw name="GET On Session" owner="RequestsLibrary">
<msg time="2024-06-24T14:14:26.385442" level="INFO">GET Request : url=https://randomuser.me/api 
 path_url=/api 
 headers={'User-Agent': 'python-requests/2.32.3', 'Accept-Encoding': 'gzip, deflate', 'Accept': '*/*', 'Connection': 'keep-alive'} 
 body=None 
 </msg>
<msg time="2024-06-24T14:14:26.385607" level="INFO">GET Response : url=https://randomuser.me/api 
 status=200, reason=OK 
 headers={'Date': 'Mon, 24 Jun 2024 14:14:26 GMT', 'Content-Type': 'application/json; charset=utf-8', 'Transfer-Encoding': 'chunked', 'Connection': 'keep-alive', 'X-Powered-By': 'Express', 'Access-Control-Allow-Origin': '*', 'Cache-Control': 'no-cache', 'ETag': 'W/"46a-4Mxk7wNauAHSCOKswSTBbGb5S8I"', 'Vary': 'Accept-Encoding', 'Content-Encoding': 'gzip', 'CF-Cache-Status': 'DYNAMIC', 'Report-To': '{"endpoints":[{"url":"https:\\/\\/a.nel.cloudflare.com\\/report\\/v4?s=HBOd9QFyy46HXBZllXplIXH%2FrOImG5dK5MgYXj8DB8qcGmgNEHnx0St35zNRN9xOvp%2FrxOaumLQCqEIkr%2Fkr9ChgLzXGlcP1jGJX9yNiEBL%2Bxw%2FVk1W08aAJJJmgOH3v"}],"group":"cf-nel","max_age":604800}', 'NEL': '{"success_fraction":0,"report_to":"cf-nel","max_age":604800}', 'Server': 'cloudflare', 'CF-RAY': '898d52feabbb1060-ORD', 'alt-svc': 'h3=":443"; ma=86400'} 
 body={"results":[{"gender":"male","name":{"title":"Mr","first":"Jayden","last":"Rosland"},"location":{"street":{"number":5152,"name":"Ålovs vei"},"city":"Åkrehamn","state":"Bergen","country":"Norway","postcode":"8410","coordinates":{"latitude":"44.1160","longitude":"-59.1614"},"timezone":{"offset":"-2:00","description":"Mid-Atlantic"}},"email":"jayden.rosland@example.com","login":{"uuid":"6b68ff1d-ee7c-46e3-aa22-eb9b90d3c6b9","username":"blackdog892","password":"penelope","salt":"36DXA4oj","md5":"b4da7439b7b0c2b17be1daa9dd1e48c5","sha1":"8a0ef70689f9f57a30ce4f9d7ef3b82d29e80e92","sha256":"22ae09ea4e260044c864d4e4147dc59351883d7123744f62a956f6c29ffae412"},"dob":{"date":"1985-08-20T20:07:21.847Z","age":38},"registered":{"date":"2013-09-02T10:52:35.836Z","age":10},"phone":"60827375","cell":"90850797","id":{"name":"FN","value":"20088539584"},"picture":{"large":"https://randomuser.me/api/portraits/men/69.jpg","medium":"https://randomuser.me/api/portraits/med/men/69.jpg","thumbnail":"https://randomuser.me/api/portraits/thumb/men/69.jpg"},"nat":"NO"}],"info":{"seed":"138bfce3be30dc19","results":1,"page":1,"version":"1.4"}} 
 </msg>
<msg time="2024-06-24T14:14:26.385700" level="INFO">/opt/hostedtoolcache/Python/3.12.4/x64/lib/python3.12/site-packages/urllib3/connectionpool.py:1099: InsecureRequestWarning: Unverified HTTPS request is being made to host 'randomuser.me'. Adding certificate verification is strongly advised. See: https://urllib3.readthedocs.io/en/latest/advanced-usage.html#tls-warnings
  warnings.warn(</msg>
<msg time="2024-06-24T14:14:26.385852" level="INFO">${response} = &lt;Response [200]&gt;</msg>
<var>${response}</var>
<arg>consultarAPI</arg>
<arg>/api</arg>
<doc>Sends a GET request on a previously created HTTP Session.</doc>
<status status="PASS" start="2024-06-24T14:14:26.158221" elapsed="0.227680"/>
</kw>
<kw name="Should Be Equal As Numbers" owner="BuiltIn">
<msg time="2024-06-24T14:14:26.387161" level="INFO">Argument types are:
&lt;class 'int'&gt;
&lt;class 'str'&gt;</msg>
<arg>${response.status_code}</arg>
<arg>200</arg>
<doc>Fails if objects are unequal after converting them to real numbers.</doc>
<status status="PASS" start="2024-06-24T14:14:26.386589" elapsed="0.000650"/>
</kw>
<kw name="Log" owner="BuiltIn">
<msg time="2024-06-24T14:14:26.387984" level="INFO">200</msg>
<arg>${response.status_code}</arg>
<doc>Logs the given message with the given level.</doc>
<status status="PASS" start="2024-06-24T14:14:26.387609" elapsed="0.000432"/>
</kw>
<kw name="Set Variable" owner="BuiltIn">
<msg time="2024-06-24T14:14:26.388839" level="INFO">${json_data} = {'results': [{'gender': 'male', 'name': {'title': 'Mr', 'first': 'Jayden', 'last': 'Rosland'}, 'location': {'street': {'number': 5152, 'name': 'Ålovs vei'}, 'city': 'Åkrehamn', 'state': 'Bergen', 'cou...</msg>
<var>${json_data}</var>
<arg>${response.json()}</arg>
<doc>Returns the given values which can then be assigned to a variables.</doc>
<status status="PASS" start="2024-06-24T14:14:26.388375" elapsed="0.000496"/>
</kw>
<kw name="Dictionary Should Contain Key" owner="Collections">
<arg>${json_data}</arg>
<arg>results</arg>
<doc>Fails if ``key`` is not found from ``dictionary``.</doc>
<status status="PASS" start="2024-06-24T14:14:26.389181" elapsed="0.000175"/>
</kw>
<status status="PASS" start="2024-06-24T14:14:26.157957" elapsed="0.231551"/>
</kw>
<doc>Testa se a API responde corretamente e retorna um objeto JSON válido.</doc>
<tag>testeRequisicaoBasica</tag>
<status status="PASS" start="2024-06-24T14:14:26.157331" elapsed="0.232357"/>
</test>
<test id="s1-s1-t3" name="Validar estrutura de resposta" line="22">
<kw name="Teste de Estrutura de Resposta" owner="random-user-service">
<kw name="GET On Session" owner="RequestsLibrary">
<msg time="2024-06-24T14:14:26.484882" level="INFO">GET Request : url=https://randomuser.me/api 
 path_url=/api 
 headers={'User-Agent': 'python-requests/2.32.3', 'Accept-Encoding': 'gzip, deflate', 'Accept': '*/*', 'Connection': 'keep-alive'} 
 body=None 
 </msg>
<msg time="2024-06-24T14:14:26.484993" level="INFO">GET Response : url=https://randomuser.me/api 
 status=200, reason=OK 
 headers={'Date': 'Mon, 24 Jun 2024 14:14:26 GMT', 'Content-Type': 'application/json; charset=utf-8', 'Transfer-Encoding': 'chunked', 'Connection': 'keep-alive', 'X-Powered-By': 'Express', 'Access-Control-Allow-Origin': '*', 'Cache-Control': 'no-cache', 'ETag': 'W/"476-zQv/VSARCAjCVKfDgDtZ9ZrnpTs"', 'Vary': 'Accept-Encoding', 'Content-Encoding': 'gzip', 'CF-Cache-Status': 'DYNAMIC', 'Report-To': '{"endpoints":[{"url":"https:\\/\\/a.nel.cloudflare.com\\/report\\/v4?s=QqWbfhLwGxnw7ysxBAveouPYMpYC9%2Fm86QzbbO%2FPSo6v2ean69%2FwviHxeswhlmAereXQYKymzm0fshlZge%2FL%2BmXOyHa7EE0XUkR5ybiaZ6OOSPzMxeztCbM0FcJ0dILI"}],"group":"cf-nel","max_age":604800}', 'NEL': '{"success_fraction":0,"report_to":"cf-nel","max_age":604800}', 'Server': 'cloudflare', 'CF-RAY': '898d52fefc641060-ORD', 'alt-svc': 'h3=":443"; ma=86400'} 
 body={"results":[{"gender":"female","name":{"title":"Miss","first":"Lauren","last":"Jimenez"},"location":{"street":{"number":3259,"name":"Eason Rd"},"city":"Tweed","state":"South Australia","country":"Australia","postcode":8119,"coordinates":{"latitude":"-85.0334","longitude":"77.8378"},"timezone":{"offset":"-9:00","description":"Alaska"}},"email":"lauren.jimenez@example.com","login":{"uuid":"872153e9-37e5-47b5-917f-f44eb13bd6b7","username":"yellowwolf338","password":"indy","salt":"C6vCRvYg","md5":"9f1557e5060974cd02bd8a85839c98a9","sha1":"e83ee8a180abc9f55fa3ebc449fd266f4a85c246","sha256":"5db6006176635d05296d0c7706c5f2ca38d279403d5525bdedcd1aa12c177f08"},"dob":{"date":"1961-12-19T22:46:27.395Z","age":62},"registered":{"date":"2020-05-01T22:05:42.775Z","age":4},"phone":"00-2784-7492","cell":"0411-077-459","id":{"name":"TFN","value":"986839022"},"picture":{"large":"https://randomuser.me/api/portraits/women/72.jpg","medium":"https://randomuser.me/api/portraits/med/women/72.jpg","thumbnail":"https://randomuser.me/api/portraits/thumb/women/72.jpg"},"nat":"AU"}],"info":{"seed":"dff3db4425d5c732","results":1,"page":1,"version":"1.4"}} 
 </msg>
<msg time="2024-06-24T14:14:26.485145" level="INFO">/opt/hostedtoolcache/Python/3.12.4/x64/lib/python3.12/site-packages/urllib3/connectionpool.py:1099: InsecureRequestWarning: Unverified HTTPS request is being made to host 'randomuser.me'. Adding certificate verification is strongly advised. See: https://urllib3.readthedocs.io/en/latest/advanced-usage.html#tls-warnings
  warnings.warn(</msg>
<msg time="2024-06-24T14:14:26.485306" level="INFO">${response} = &lt;Response [200]&gt;</msg>
<var>${response}</var>
<arg>consultarAPI</arg>
<arg>/api</arg>
<doc>Sends a GET request on a previously created HTTP Session.</doc>
<status status="PASS" start="2024-06-24T14:14:26.392494" elapsed="0.092858"/>
</kw>
<kw name="Set Variable" owner="BuiltIn">
<msg time="2024-06-24T14:14:26.486623" level="INFO">${json_data} = {'results': [{'gender': 'female', 'name': {'title': 'Miss', 'first': 'Lauren', 'last': 'Jimenez'}, 'location': {'street': {'number': 3259, 'name': 'Eason Rd'}, 'city': 'Tweed', 'state': 'South Austral...</msg>
<var>${json_data}</var>
<arg>${response.json()}</arg>
<doc>Returns the given values which can then be assigned to a variables.</doc>
<status status="PASS" start="2024-06-24T14:14:26.486011" elapsed="0.000649"/>
</kw>
<kw name="Log" owner="BuiltIn">
<msg time="2024-06-24T14:14:26.487235" level="INFO">{'results': [{'gender': 'female', 'name': {'title': 'Miss', 'first': 'Lauren', 'last': 'Jimenez'}, 'location': {'street': {'number': 3259, 'name': 'Eason Rd'}, 'city': 'Tweed', 'state': 'South Australia', 'country': 'Australia', 'postcode': 8119, 'coordinates': {'latitude': '-85.0334', 'longitude': '77.8378'}, 'timezone': {'offset': '-9:00', 'description': 'Alaska'}}, 'email': 'lauren.jimenez@example.com', 'login': {'uuid': '872153e9-37e5-47b5-917f-f44eb13bd6b7', 'username': 'yellowwolf338', 'password': 'indy', 'salt': 'C6vCRvYg', 'md5': '9f1557e5060974cd02bd8a85839c98a9', 'sha1': 'e83ee8a180abc9f55fa3ebc449fd266f4a85c246', 'sha256': '5db6006176635d05296d0c7706c5f2ca38d279403d5525bdedcd1aa12c177f08'}, 'dob': {'date': '1961-12-19T22:46:27.395Z', 'age': 62}, 'registered': {'date': '2020-05-01T22:05:42.775Z', 'age': 4}, 'phone': '00-2784-7492', 'cell': '0411-077-459', 'id': {'name': 'TFN', 'value': '986839022'}, 'picture': {'large': 'https://randomuser.me/api/portraits/women/72.jpg', 'medium': 'https://randomuser.me/api/portraits/med/women/72.jpg', 'thumbnail': 'https://randomuser.me/api/portraits/thumb/women/72.jpg'}, 'nat': 'AU'}], 'info': {'seed': 'dff3db4425d5c732', 'results': 1, 'page': 1, 'version': '1.4'}}</msg>
<arg>${json_data}</arg>
<doc>Logs the given message with the given level.</doc>
<status status="PASS" start="2024-06-24T14:14:26.487054" elapsed="0.000240"/>
</kw>
<kw name="Dictionary Should Contain Key" owner="Collections">
<arg>${json_data}</arg>
<arg>results</arg>
<doc>Fails if ``key`` is not found from ``dictionary``.</doc>
<status status="PASS" start="2024-06-24T14:14:26.487599" elapsed="0.000184"/>
</kw>
<kw name="Should Not Be Empty" owner="BuiltIn">
<msg time="2024-06-24T14:14:26.488092" level="INFO">Length is 2.</msg>
<arg>${json_data}</arg>
<doc>Verifies that the given item is not empty.</doc>
<status status="PASS" start="2024-06-24T14:14:26.487966" elapsed="0.000169"/>
</kw>
<kw name="Create List" owner="BuiltIn">
<msg time="2024-06-24T14:14:26.488803" level="INFO">${expected_keys} = ['gender', 'name', 'location', 'email', 'login']</msg>
<var>${expected_keys}</var>
<arg>gender</arg>
<arg>name</arg>
<arg>location</arg>
<arg>email</arg>
<arg>login</arg>
<doc>Returns a list containing given items.</doc>
<status status="PASS" start="2024-06-24T14:14:26.488440" elapsed="0.000393"/>
</kw>
<for flavor="IN">
<iter>
<kw name="Dictionary Should Contain Key" owner="Collections">
<arg>${json_data['results'][0]}</arg>
<arg>${key}</arg>
<doc>Fails if ``key`` is not found from ``dictionary``.</doc>
<status status="PASS" start="2024-06-24T14:14:26.489449" elapsed="0.000448"/>
</kw>
<kw name="Log" owner="BuiltIn">
<msg time="2024-06-24T14:14:26.490451" level="INFO">{'gender': 'female', 'name': {'title': 'Miss', 'first': 'Lauren', 'last': 'Jimenez'}, 'location': {'street': {'number': 3259, 'name': 'Eason Rd'}, 'city': 'Tweed', 'state': 'South Australia', 'country': 'Australia', 'postcode': 8119, 'coordinates': {'latitude': '-85.0334', 'longitude': '77.8378'}, 'timezone': {'offset': '-9:00', 'description': 'Alaska'}}, 'email': 'lauren.jimenez@example.com', 'login': {'uuid': '872153e9-37e5-47b5-917f-f44eb13bd6b7', 'username': 'yellowwolf338', 'password': 'indy', 'salt': 'C6vCRvYg', 'md5': '9f1557e5060974cd02bd8a85839c98a9', 'sha1': 'e83ee8a180abc9f55fa3ebc449fd266f4a85c246', 'sha256': '5db6006176635d05296d0c7706c5f2ca38d279403d5525bdedcd1aa12c177f08'}, 'dob': {'date': '1961-12-19T22:46:27.395Z', 'age': 62}, 'registered': {'date': '2020-05-01T22:05:42.775Z', 'age': 4}, 'phone': '00-2784-7492', 'cell': '0411-077-459', 'id': {'name': 'TFN', 'value': '986839022'}, 'picture': {'large': 'https://randomuser.me/api/portraits/women/72.jpg', 'medium': 'https://randomuser.me/api/portraits/med/women/72.jpg', 'thumbnail': 'https://randomuser.me/api/portraits/thumb/women/72.jpg'}, 'nat': 'AU'}</msg>
<arg>${json_data['results'][0]}</arg>
<doc>Logs the given message with the given level.</doc>
<status status="PASS" start="2024-06-24T14:14:26.490090" elapsed="0.000410"/>
</kw>
<kw name="Log" owner="BuiltIn">
<msg time="2024-06-24T14:14:26.490992" level="INFO">gender</msg>
<arg>${key}</arg>
<doc>Logs the given message with the given level.</doc>
<status status="PASS" start="2024-06-24T14:14:26.490834" elapsed="0.000201"/>
</kw>
<var name="${key}">gender</var>
<status status="PASS" start="2024-06-24T14:14:26.489319" elapsed="0.001948"/>
</iter>
<iter>
<kw name="Dictionary Should Contain Key" owner="Collections">
<arg>${json_data['results'][0]}</arg>
<arg>${key}</arg>
<doc>Fails if ``key`` is not found from ``dictionary``.</doc>
<status status="PASS" start="2024-06-24T14:14:26.491577" elapsed="0.000399"/>
</kw>
<kw name="Log" owner="BuiltIn">
<msg time="2024-06-24T14:14:26.492518" level="INFO">{'gender': 'female', 'name': {'title': 'Miss', 'first': 'Lauren', 'last': 'Jimenez'}, 'location': {'street': {'number': 3259, 'name': 'Eason Rd'}, 'city': 'Tweed', 'state': 'South Australia', 'country': 'Australia', 'postcode': 8119, 'coordinates': {'latitude': '-85.0334', 'longitude': '77.8378'}, 'timezone': {'offset': '-9:00', 'description': 'Alaska'}}, 'email': 'lauren.jimenez@example.com', 'login': {'uuid': '872153e9-37e5-47b5-917f-f44eb13bd6b7', 'username': 'yellowwolf338', 'password': 'indy', 'salt': 'C6vCRvYg', 'md5': '9f1557e5060974cd02bd8a85839c98a9', 'sha1': 'e83ee8a180abc9f55fa3ebc449fd266f4a85c246', 'sha256': '5db6006176635d05296d0c7706c5f2ca38d279403d5525bdedcd1aa12c177f08'}, 'dob': {'date': '1961-12-19T22:46:27.395Z', 'age': 62}, 'registered': {'date': '2020-05-01T22:05:42.775Z', 'age': 4}, 'phone': '00-2784-7492', 'cell': '0411-077-459', 'id': {'name': 'TFN', 'value': '986839022'}, 'picture': {'large': 'https://randomuser.me/api/portraits/women/72.jpg', 'medium': 'https://randomuser.me/api/portraits/med/women/72.jpg', 'thumbnail': 'https://randomuser.me/api/portraits/thumb/women/72.jpg'}, 'nat': 'AU'}</msg>
<arg>${json_data['results'][0]}</arg>
<doc>Logs the given message with the given level.</doc>
<status status="PASS" start="2024-06-24T14:14:26.492162" elapsed="0.000443"/>
</kw>
<kw name="Log" owner="BuiltIn">
<msg time="2024-06-24T14:14:26.493035" level="INFO">name</msg>
<arg>${key}</arg>
<doc>Logs the given message with the given level.</doc>
<status status="PASS" start="2024-06-24T14:14:26.492908" elapsed="0.000164"/>
</kw>
<var name="${key}">name</var>
<status status="PASS" start="2024-06-24T14:14:26.491462" elapsed="0.001841"/>
</iter>
<iter>
<kw name="Dictionary Should Contain Key" owner="Collections">
<arg>${json_data['results'][0]}</arg>
<arg>${key}</arg>
<doc>Fails if ``key`` is not found from ``dictionary``.</doc>
<status status="PASS" start="2024-06-24T14:14:26.493595" elapsed="0.000392"/>
</kw>
<kw name="Log" owner="BuiltIn">
<msg time="2024-06-24T14:14:26.494523" level="INFO">{'gender': 'female', 'name': {'title': 'Miss', 'first': 'Lauren', 'last': 'Jimenez'}, 'location': {'street': {'number': 3259, 'name': 'Eason Rd'}, 'city': 'Tweed', 'state': 'South Australia', 'country': 'Australia', 'postcode': 8119, 'coordinates': {'latitude': '-85.0334', 'longitude': '77.8378'}, 'timezone': {'offset': '-9:00', 'description': 'Alaska'}}, 'email': 'lauren.jimenez@example.com', 'login': {'uuid': '872153e9-37e5-47b5-917f-f44eb13bd6b7', 'username': 'yellowwolf338', 'password': 'indy', 'salt': 'C6vCRvYg', 'md5': '9f1557e5060974cd02bd8a85839c98a9', 'sha1': 'e83ee8a180abc9f55fa3ebc449fd266f4a85c246', 'sha256': '5db6006176635d05296d0c7706c5f2ca38d279403d5525bdedcd1aa12c177f08'}, 'dob': {'date': '1961-12-19T22:46:27.395Z', 'age': 62}, 'registered': {'date': '2020-05-01T22:05:42.775Z', 'age': 4}, 'phone': '00-2784-7492', 'cell': '0411-077-459', 'id': {'name': 'TFN', 'value': '986839022'}, 'picture': {'large': 'https://randomuser.me/api/portraits/women/72.jpg', 'medium': 'https://randomuser.me/api/portraits/med/women/72.jpg', 'thumbnail': 'https://randomuser.me/api/portraits/thumb/women/72.jpg'}, 'nat': 'AU'}</msg>
<arg>${json_data['results'][0]}</arg>
<doc>Logs the given message with the given level.</doc>
<status status="PASS" start="2024-06-24T14:14:26.494166" elapsed="0.000406"/>
</kw>
<kw name="Log" owner="BuiltIn">
<msg time="2024-06-24T14:14:26.495037" level="INFO">location</msg>
<arg>${key}</arg>
<doc>Logs the given message with the given level.</doc>
<status status="PASS" start="2024-06-24T14:14:26.494866" elapsed="0.000211"/>
</kw>
<var name="${key}">location</var>
<status status="PASS" start="2024-06-24T14:14:26.493485" elapsed="0.001815"/>
</iter>
<iter>
<kw name="Dictionary Should Contain Key" owner="Collections">
<arg>${json_data['results'][0]}</arg>
<arg>${key}</arg>
<doc>Fails if ``key`` is not found from ``dictionary``.</doc>
<status status="PASS" start="2024-06-24T14:14:26.495590" elapsed="0.000384"/>
</kw>
<kw name="Log" owner="BuiltIn">
<msg time="2024-06-24T14:14:26.496512" level="INFO">{'gender': 'female', 'name': {'title': 'Miss', 'first': 'Lauren', 'last': 'Jimenez'}, 'location': {'street': {'number': 3259, 'name': 'Eason Rd'}, 'city': 'Tweed', 'state': 'South Australia', 'country': 'Australia', 'postcode': 8119, 'coordinates': {'latitude': '-85.0334', 'longitude': '77.8378'}, 'timezone': {'offset': '-9:00', 'description': 'Alaska'}}, 'email': 'lauren.jimenez@example.com', 'login': {'uuid': '872153e9-37e5-47b5-917f-f44eb13bd6b7', 'username': 'yellowwolf338', 'password': 'indy', 'salt': 'C6vCRvYg', 'md5': '9f1557e5060974cd02bd8a85839c98a9', 'sha1': 'e83ee8a180abc9f55fa3ebc449fd266f4a85c246', 'sha256': '5db6006176635d05296d0c7706c5f2ca38d279403d5525bdedcd1aa12c177f08'}, 'dob': {'date': '1961-12-19T22:46:27.395Z', 'age': 62}, 'registered': {'date': '2020-05-01T22:05:42.775Z', 'age': 4}, 'phone': '00-2784-7492', 'cell': '0411-077-459', 'id': {'name': 'TFN', 'value': '986839022'}, 'picture': {'large': 'https://randomuser.me/api/portraits/women/72.jpg', 'medium': 'https://randomuser.me/api/portraits/med/women/72.jpg', 'thumbnail': 'https://randomuser.me/api/portraits/thumb/women/72.jpg'}, 'nat': 'AU'}</msg>
<arg>${json_data['results'][0]}</arg>
<doc>Logs the given message with the given level.</doc>
<status status="PASS" start="2024-06-24T14:14:26.496159" elapsed="0.000406"/>
</kw>
<kw name="Log" owner="BuiltIn">
<msg time="2024-06-24T14:14:26.496993" level="INFO">email</msg>
<arg>${key}</arg>
<doc>Logs the given message with the given level.</doc>
<status status="PASS" start="2024-06-24T14:14:26.496855" elapsed="0.000175"/>
</kw>
<var name="${key}">email</var>
<status status="PASS" start="2024-06-24T14:14:26.495481" elapsed="0.001761"/>
</iter>
<iter>
<kw name="Dictionary Should Contain Key" owner="Collections">
<arg>${json_data['results'][0]}</arg>
<arg>${key}</arg>
<doc>Fails if ``key`` is not found from ``dictionary``.</doc>
<status status="PASS" start="2024-06-24T14:14:26.497518" elapsed="0.000388"/>
</kw>
<kw name="Log" owner="BuiltIn">
<msg time="2024-06-24T14:14:26.498432" level="INFO">{'gender': 'female', 'name': {'title': 'Miss', 'first': 'Lauren', 'last': 'Jimenez'}, 'location': {'street': {'number': 3259, 'name': 'Eason Rd'}, 'city': 'Tweed', 'state': 'South Australia', 'country': 'Australia', 'postcode': 8119, 'coordinates': {'latitude': '-85.0334', 'longitude': '77.8378'}, 'timezone': {'offset': '-9:00', 'description': 'Alaska'}}, 'email': 'lauren.jimenez@example.com', 'login': {'uuid': '872153e9-37e5-47b5-917f-f44eb13bd6b7', 'username': 'yellowwolf338', 'password': 'indy', 'salt': 'C6vCRvYg', 'md5': '9f1557e5060974cd02bd8a85839c98a9', 'sha1': 'e83ee8a180abc9f55fa3ebc449fd266f4a85c246', 'sha256': '5db6006176635d05296d0c7706c5f2ca38d279403d5525bdedcd1aa12c177f08'}, 'dob': {'date': '1961-12-19T22:46:27.395Z', 'age': 62}, 'registered': {'date': '2020-05-01T22:05:42.775Z', 'age': 4}, 'phone': '00-2784-7492', 'cell': '0411-077-459', 'id': {'name': 'TFN', 'value': '986839022'}, 'picture': {'large': 'https://randomuser.me/api/portraits/women/72.jpg', 'medium': 'https://randomuser.me/api/portraits/med/women/72.jpg', 'thumbnail': 'https://randomuser.me/api/portraits/thumb/women/72.jpg'}, 'nat': 'AU'}</msg>
<arg>${json_data['results'][0]}</arg>
<doc>Logs the given message with the given level.</doc>
<status status="PASS" start="2024-06-24T14:14:26.498086" elapsed="0.000394"/>
</kw>
<kw name="Log" owner="BuiltIn">
<msg time="2024-06-24T14:14:26.498907" level="INFO">login</msg>
<arg>${key}</arg>
<doc>Logs the given message with the given level.</doc>
<status status="PASS" start="2024-06-24T14:14:26.498781" elapsed="0.000187"/>
</kw>
<var name="${key}">login</var>
<status status="PASS" start="2024-06-24T14:14:26.497411" elapsed="0.001778"/>
</iter>
<var>${key}</var>
<value>@{expected_keys}</value>
<status status="PASS" start="2024-06-24T14:14:26.489115" elapsed="0.010194"/>
</for>
<kw name="Create List" owner="BuiltIn">
<msg time="2024-06-24T14:14:26.499640" level="INFO">${expected_keysTwo} = ['username', 'password']</msg>
<var>${expected_keysTwo}</var>
<arg>username</arg>
<arg>password</arg>
<doc>Returns a list containing given items.</doc>
<status status="PASS" start="2024-06-24T14:14:26.499504" elapsed="0.000160"/>
</kw>
<for flavor="IN">
<iter>
<kw name="Dictionary Should Contain Key" owner="Collections">
<arg>${json_data['results'][0]['login']}</arg>
<arg>${keyTwo}</arg>
<doc>Fails if ``key`` is not found from ``dictionary``.</doc>
<status status="PASS" start="2024-06-24T14:14:26.500207" elapsed="0.000381"/>
</kw>
<kw name="Dictionary Should Contain Key" owner="Collections">
<arg>${json_data['results'][0]['login']}</arg>
<arg>${keyTwo}</arg>
<doc>Fails if ``key`` is not found from ``dictionary``.</doc>
<status status="PASS" start="2024-06-24T14:14:26.500783" elapsed="0.000372"/>
</kw>
<kw name="Log" owner="BuiltIn">
<msg time="2024-06-24T14:14:26.501456" level="INFO">username</msg>
<arg>${keyTwo}</arg>
<doc>Logs the given message with the given level.</doc>
<status status="PASS" start="2024-06-24T14:14:26.501335" elapsed="0.000158"/>
</kw>
<var name="${keyTwo}">username</var>
<status status="PASS" start="2024-06-24T14:14:26.500100" elapsed="0.001619"/>
</iter>
<iter>
<kw name="Dictionary Should Contain Key" owner="Collections">
<arg>${json_data['results'][0]['login']}</arg>
<arg>${keyTwo}</arg>
<doc>Fails if ``key`` is not found from ``dictionary``.</doc>
<status status="PASS" start="2024-06-24T14:14:26.501996" elapsed="0.000373"/>
</kw>
<kw name="Dictionary Should Contain Key" owner="Collections">
<arg>${json_data['results'][0]['login']}</arg>
<arg>${keyTwo}</arg>
<doc>Fails if ``key`` is not found from ``dictionary``.</doc>
<status status="PASS" start="2024-06-24T14:14:26.502545" elapsed="0.000382"/>
</kw>
<kw name="Log" owner="BuiltIn">
<msg time="2024-06-24T14:14:26.503278" level="INFO">password</msg>
<arg>${keyTwo}</arg>
<doc>Logs the given message with the given level.</doc>
<status status="PASS" start="2024-06-24T14:14:26.503151" elapsed="0.000164"/>
</kw>
<var name="${keyTwo}">password</var>
<status status="PASS" start="2024-06-24T14:14:26.501887" elapsed="0.001745"/>
</iter>
<var>${keyTwo}</var>
<value>@{expected_keysTwo}</value>
<status status="PASS" start="2024-06-24T14:14:26.499940" elapsed="0.003825"/>
</for>
<status status="PASS" start="2024-06-24T14:14:26.392244" elapsed="0.111662"/>
</kw>
<doc>Testa a estrutura da resposta da API.</doc>
<tag>testeEstruturaResposta</tag>
<status status="PASS" start="2024-06-24T14:14:26.391601" elapsed="0.112462"/>
</test>
<test id="s1-s1-t4" name="Validar tipos de dados" line="28">
<kw name="Teste de Tipos de Dados" owner="random-user-service">
<kw name="GET On Session" owner="RequestsLibrary">
<msg time="2024-06-24T14:14:26.592706" level="INFO">GET Request : url=https://randomuser.me/api 
 path_url=/api 
 headers={'User-Agent': 'python-requests/2.32.3', 'Accept-Encoding': 'gzip, deflate', 'Accept': '*/*', 'Connection': 'keep-alive'} 
 body=None 
 </msg>
<msg time="2024-06-24T14:14:26.592793" level="INFO">GET Response : url=https://randomuser.me/api 
 status=200, reason=OK 
 headers={'Date': 'Mon, 24 Jun 2024 14:14:26 GMT', 'Content-Type': 'application/json; charset=utf-8', 'Transfer-Encoding': 'chunked', 'Connection': 'keep-alive', 'X-Powered-By': 'Express', 'Access-Control-Allow-Origin': '*', 'Cache-Control': 'no-cache', 'ETag': 'W/"497-5oKHua049iOOwYSIO+W0hK9R7AU"', 'Vary': 'Accept-Encoding', 'Content-Encoding': 'gzip', 'CF-Cache-Status': 'DYNAMIC', 'Report-To': '{"endpoints":[{"url":"https:\\/\\/a.nel.cloudflare.com\\/report\\/v4?s=bFvMoj2cURzQHyHJgoplqP%2FpxFyr7ddHa5Dcyo3gFakji5q26W6Kdmxfh1NHiTanet4XMk337DVtwW4R2THoMtNqYM1t1lZ%2Ff%2FyyfngCChq01d28Qr8xvZDcA%2FtrTs9J"}],"group":"cf-nel","max_age":604800}', 'NEL': '{"success_fraction":0,"report_to":"cf-nel","max_age":604800}', 'Server': 'cloudflare', 'CF-RAY': '898d52ffadbe1060-ORD', 'alt-svc': 'h3=":443"; ma=86400'} 
 body={"results":[{"gender":"male","name":{"title":"Mr","first":"Divyesh","last":"Mardhekar"},"location":{"street":{"number":6044,"name":"Camac St"},"city":"Bhusawal","state":"Puducherry","country":"India","postcode":64868,"coordinates":{"latitude":"8.0639","longitude":"-166.0373"},"timezone":{"offset":"+5:00","description":"Ekaterinburg, Islamabad, Karachi, Tashkent"}},"email":"divyesh.mardhekar@example.com","login":{"uuid":"58b912c9-a2ec-4a0b-94d8-46955cdb5bde","username":"ticklishlion351","password":"driver","salt":"Oj5VOdSZ","md5":"af66359739a135e40da153ee883e4fe3","sha1":"746ffe403d10ccd8d079d43ca8315c255162fb14","sha256":"dfef927f1c8e4a136d07650e75aa59510c923112bf4d9d328ad3e94c27228f32"},"dob":{"date":"1967-04-29T14:29:44.928Z","age":57},"registered":{"date":"2013-11-01T02:38:23.678Z","age":10},"phone":"7787378958","cell":"8626960030","id":{"name":"UIDAI","value":"003401673435"},"picture":{"large":"https://randomuser.me/api/portraits/men/37.jpg","medium":"https://randomuser.me/api/portraits/med/men/37.jpg","thumbnail":"https://randomuser.me/api/portraits/thumb/men/37.jpg"},"nat":"IN"}],"info":{"seed":"30cd10696d620653","results":1,"page":1,"version":"1.4"}} 
 </msg>
<msg time="2024-06-24T14:14:26.592866" level="INFO">/opt/hostedtoolcache/Python/3.12.4/x64/lib/python3.12/site-packages/urllib3/connectionpool.py:1099: InsecureRequestWarning: Unverified HTTPS request is being made to host 'randomuser.me'. Adding certificate verification is strongly advised. See: https://urllib3.readthedocs.io/en/latest/advanced-usage.html#tls-warnings
  warnings.warn(</msg>
<msg time="2024-06-24T14:14:26.592975" level="INFO">${response} = &lt;Response [200]&gt;</msg>
<var>${response}</var>
<arg>consultarAPI</arg>
<arg>/api</arg>
<doc>Sends a GET request on a previously created HTTP Session.</doc>
<status status="PASS" start="2024-06-24T14:14:26.506680" elapsed="0.086337"/>
</kw>
<kw name="Set Variable" owner="BuiltIn">
<msg time="2024-06-24T14:14:26.594225" level="INFO">${json_data} = {'results': [{'gender': 'male', 'name': {'title': 'Mr', 'first': 'Divyesh', 'last': 'Mardhekar'}, 'location': {'street': {'number': 6044, 'name': 'Camac St'}, 'city': 'Bhusawal', 'state': 'Puducherry'...</msg>
<var>${json_data}</var>
<arg>${response.json()}</arg>
<doc>Returns the given values which can then be assigned to a variables.</doc>
<status status="PASS" start="2024-06-24T14:14:26.593619" elapsed="0.000635"/>
</kw>
<kw name="Log" owner="BuiltIn">
<msg time="2024-06-24T14:14:26.594804" level="INFO">{'results': [{'gender': 'male', 'name': {'title': 'Mr', 'first': 'Divyesh', 'last': 'Mardhekar'}, 'location': {'street': {'number': 6044, 'name': 'Camac St'}, 'city': 'Bhusawal', 'state': 'Puducherry', 'country': 'India', 'postcode': 64868, 'coordinates': {'latitude': '8.0639', 'longitude': '-166.0373'}, 'timezone': {'offset': '+5:00', 'description': 'Ekaterinburg, Islamabad, Karachi, Tashkent'}}, 'email': 'divyesh.mardhekar@example.com', 'login': {'uuid': '58b912c9-a2ec-4a0b-94d8-46955cdb5bde', 'username': 'ticklishlion351', 'password': 'driver', 'salt': 'Oj5VOdSZ', 'md5': 'af66359739a135e40da153ee883e4fe3', 'sha1': '746ffe403d10ccd8d079d43ca8315c255162fb14', 'sha256': 'dfef927f1c8e4a136d07650e75aa59510c923112bf4d9d328ad3e94c27228f32'}, 'dob': {'date': '1967-04-29T14:29:44.928Z', 'age': 57}, 'registered': {'date': '2013-11-01T02:38:23.678Z', 'age': 10}, 'phone': '7787378958', 'cell': '8626960030', 'id': {'name': 'UIDAI', 'value': '003401673435'}, 'picture': {'large': 'https://randomuser.me/api/portraits/men/37.jpg', 'medium': 'https://randomuser.me/api/portraits/med/men/37.jpg', 'thumbnail': 'https://randomuser.me/api/portraits/thumb/men/37.jpg'}, 'nat': 'IN'}], 'info': {'seed': '30cd10696d620653', 'results': 1, 'page': 1, 'version': '1.4'}}</msg>
<arg>${json_data}</arg>
<doc>Logs the given message with the given level.</doc>
<status status="PASS" start="2024-06-24T14:14:26.594625" elapsed="0.000230"/>
</kw>
<kw name="Should Be String" owner="String">
<arg>${json_data['results'][0]['gender']}</arg>
<doc>Fails if the given ``item`` is not a string.</doc>
<status status="PASS" start="2024-06-24T14:14:26.595245" elapsed="0.000393"/>
</kw>
<kw name="Should Match Regexp" owner="BuiltIn">
<arg>${json_data['results'][0]['email']}</arg>
<arg>^[a-zA-Z0-9._%+-]+@[a-zA-Z0-9.-]+\.[a-zA-Z]{2,}$</arg>
<doc>Fails if ``string`` does not match ``pattern`` as a regular expression.</doc>
<status status="PASS" start="2024-06-24T14:14:26.595842" elapsed="0.000540"/>
</kw>
<kw name="Should Match Regexp" owner="BuiltIn">
<arg>${json_data['results'][0]['dob']['date']}</arg>
<arg>\\d{4}-\\d{2}-\\d{2}T\\d{2}:\\d{2}:\\d{2}\\.\\d{3}Z</arg>
<doc>Fails if ``string`` does not match ``pattern`` as a regular expression.</doc>
<status status="PASS" start="2024-06-24T14:14:26.596641" elapsed="0.000511"/>
</kw>
<kw name="Should Match Regexp" owner="BuiltIn">
<arg>${json_data['results'][0]['registered']['date']}</arg>
<arg>\\d{4}-\\d{2}-\\d{2}T\\d{2}:\\d{2}:\\d{2}\\.\\d{3}Z</arg>
<doc>Fails if ``string`` does not match ``pattern`` as a regular expression.</doc>
<status status="PASS" start="2024-06-24T14:14:26.597348" elapsed="0.000373"/>
</kw>
<kw name="Should Match Regexp" owner="BuiltIn">
<arg>${json_data['results'][0]['picture']['large']}</arg>
<arg>^https?://.*\.(?:png|jpe?g|gif|bmp)$</arg>
<doc>Fails if ``string`` does not match ``pattern`` as a regular expression.</doc>
<status status="PASS" start="2024-06-24T14:14:26.597914" elapsed="0.000460"/>
</kw>
<kw name="Should Match Regexp" owner="BuiltIn">
<arg>${json_data['results'][0]['picture']['medium']}</arg>
<arg>^https?://.*\.(?:png|jpe?g|gif|bmp)$</arg>
<doc>Fails if ``string`` does not match ``pattern`` as a regular expression.</doc>
<status status="PASS" start="2024-06-24T14:14:26.598563" elapsed="0.000352"/>
</kw>
<kw name="Should Match Regexp" owner="BuiltIn">
<arg>${json_data['results'][0]['picture']['thumbnail']}</arg>
<arg>^https?://.*\.(?:png|jpe?g|gif|bmp)$</arg>
<doc>Fails if ``string`` does not match ``pattern`` as a regular expression.</doc>
<status status="PASS" start="2024-06-24T14:14:26.599136" elapsed="0.000363"/>
</kw>
<kw name="Log" owner="BuiltIn">
<msg time="2024-06-24T14:14:26.600002" level="INFO">{'large': 'https://randomuser.me/api/portraits/men/37.jpg', 'medium': 'https://randomuser.me/api/portraits/med/men/37.jpg', 'thumbnail': 'https://randomuser.me/api/portraits/thumb/men/37.jpg'}</msg>
<arg>${json_data['results'][0]['picture']}</arg>
<doc>Logs the given message with the given level.</doc>
<status status="PASS" start="2024-06-24T14:14:26.599678" elapsed="0.000370"/>
</kw>
<status status="PASS" start="2024-06-24T14:14:26.506445" elapsed="0.093868"/>
</kw>
<kw name="Teste de Tipos de Dados - Postcode" owner="random-user-service">
<kw name="GET On Session" owner="RequestsLibrary">
<msg time="2024-06-24T14:14:26.714587" level="INFO">GET Request : url=https://randomuser.me/api 
 path_url=/api 
 headers={'User-Agent': 'python-requests/2.32.3', 'Accept-Encoding': 'gzip, deflate', 'Accept': '*/*', 'Connection': 'keep-alive'} 
 body=None 
 </msg>
<msg time="2024-06-24T14:14:26.714702" level="INFO">GET Response : url=https://randomuser.me/api 
 status=200, reason=OK 
 headers={'Date': 'Mon, 24 Jun 2024 14:14:26 GMT', 'Content-Type': 'application/json; charset=utf-8', 'Transfer-Encoding': 'chunked', 'Connection': 'keep-alive', 'X-Powered-By': 'Express', 'Access-Control-Allow-Origin': '*', 'Cache-Control': 'no-cache', 'ETag': 'W/"491-P8VyxsFmKx6rfIR7YT7a3hLrMMo"', 'Vary': 'Accept-Encoding', 'Content-Encoding': 'gzip', 'CF-Cache-Status': 'DYNAMIC', 'Report-To': '{"endpoints":[{"url":"https:\\/\\/a.nel.cloudflare.com\\/report\\/v4?s=Wn38KO8cBSs2RH6DHCUz7Zwldv1jeXADfPP1pOlH0cqqAiAR64iBUGDdr2DcwQzWsBAserrpU2Ek3ECmauXl3fhm0pbSPfoGsAU0z2si80PMGXedG9R6jG8nfNuiKbA1"}],"group":"cf-nel","max_age":604800}', 'NEL': '{"success_fraction":0,"report_to":"cf-nel","max_age":604800}', 'Server': 'cloudflare', 'CF-RAY': '898d53004ea21060-ORD', 'alt-svc': 'h3=":443"; ma=86400'} 
 body={"results":[{"gender":"female","name":{"title":"Miss","first":"Lilja","last":"Pulli"},"location":{"street":{"number":8592,"name":"Visiokatu"},"city":"Suonenjoki","state":"Pirkanmaa","country":"Finland","postcode":81445,"coordinates":{"latitude":"-23.6958","longitude":"89.5013"},"timezone":{"offset":"-7:00","description":"Mountain Time (US &amp; Canada)"}},"email":"lilja.pulli@example.com","login":{"uuid":"7b02dfd8-ce71-4189-84f8-fb839e9fedd0","username":"orangewolf738","password":"wrestlin","salt":"4CfhIJdq","md5":"f29ff2ea3fd95c8f2ea53f537bad1374","sha1":"eb8bc2ebd9a9433613d5eb9f637d33ead387370b","sha256":"ec6af0f7eaa8d3cd13b78ca2f595e48793ad38fc082dbd603047ef72360b5e27"},"dob":{"date":"1975-09-11T17:42:40.668Z","age":48},"registered":{"date":"2006-06-30T02:48:29.774Z","age":17},"phone":"09-598-880","cell":"040-040-35-62","id":{"name":"HETU","value":"NaNNA728undefined"},"picture":{"large":"https://randomuser.me/api/portraits/women/56.jpg","medium":"https://randomuser.me/api/portraits/med/women/56.jpg","thumbnail":"https://randomuser.me/api/portraits/thumb/women/56.jpg"},"nat":"FI"}],"info":{"seed":"b32d0545b5b94873","results":1,"page":1,"version":"1.4"}} 
 </msg>
<msg time="2024-06-24T14:14:26.714790" level="INFO">/opt/hostedtoolcache/Python/3.12.4/x64/lib/python3.12/site-packages/urllib3/connectionpool.py:1099: InsecureRequestWarning: Unverified HTTPS request is being made to host 'randomuser.me'. Adding certificate verification is strongly advised. See: https://urllib3.readthedocs.io/en/latest/advanced-usage.html#tls-warnings
  warnings.warn(</msg>
<msg time="2024-06-24T14:14:26.714927" level="INFO">${response} = &lt;Response [200]&gt;</msg>
<var>${response}</var>
<arg>consultarAPI</arg>
<arg>/api</arg>
<doc>Sends a GET request on a previously created HTTP Session.</doc>
<status status="PASS" start="2024-06-24T14:14:26.600767" elapsed="0.114221"/>
</kw>
<kw name="Set Variable" owner="BuiltIn">
<msg time="2024-06-24T14:14:26.716285" level="INFO">${json_data} = {'results': [{'gender': 'female', 'name': {'title': 'Miss', 'first': 'Lilja', 'last': 'Pulli'}, 'location': {'street': {'number': 8592, 'name': 'Visiokatu'}, 'city': 'Suonenjoki', 'state': 'Pirkanmaa'...</msg>
<var>${json_data}</var>
<arg>${response.json()}</arg>
<doc>Returns the given values which can then be assigned to a variables.</doc>
<status status="PASS" start="2024-06-24T14:14:26.715680" elapsed="0.000633"/>
</kw>
<kw name="Log" owner="BuiltIn">
<msg time="2024-06-24T14:14:26.716788" level="INFO">{'results': [{'gender': 'female', 'name': {'title': 'Miss', 'first': 'Lilja', 'last': 'Pulli'}, 'location': {'street': {'number': 8592, 'name': 'Visiokatu'}, 'city': 'Suonenjoki', 'state': 'Pirkanmaa', 'country': 'Finland', 'postcode': 81445, 'coordinates': {'latitude': '-23.6958', 'longitude': '89.5013'}, 'timezone': {'offset': '-7:00', 'description': 'Mountain Time (US &amp; Canada)'}}, 'email': 'lilja.pulli@example.com', 'login': {'uuid': '7b02dfd8-ce71-4189-84f8-fb839e9fedd0', 'username': 'orangewolf738', 'password': 'wrestlin', 'salt': '4CfhIJdq', 'md5': 'f29ff2ea3fd95c8f2ea53f537bad1374', 'sha1': 'eb8bc2ebd9a9433613d5eb9f637d33ead387370b', 'sha256': 'ec6af0f7eaa8d3cd13b78ca2f595e48793ad38fc082dbd603047ef72360b5e27'}, 'dob': {'date': '1975-09-11T17:42:40.668Z', 'age': 48}, 'registered': {'date': '2006-06-30T02:48:29.774Z', 'age': 17}, 'phone': '09-598-880', 'cell': '040-040-35-62', 'id': {'name': 'HETU', 'value': 'NaNNA728undefined'}, 'picture': {'large': 'https://randomuser.me/api/portraits/women/56.jpg', 'medium': 'https://randomuser.me/api/portraits/med/women/56.jpg', 'thumbnail': 'https://randomuser.me/api/portraits/thumb/women/56.jpg'}, 'nat': 'FI'}], 'info': {'seed': 'b32d0545b5b94873', 'results': 1, 'page': 1, 'version': '1.4'}}</msg>
<arg>${json_data}</arg>
<doc>Logs the given message with the given level.</doc>
<status status="PASS" start="2024-06-24T14:14:26.716631" elapsed="0.000207"/>
</kw>
<kw name="Should Be Equal As Numbers" owner="BuiltIn">
<arg>${json_data['results'][0]['location']['postcode']}</arg>
<arg>${json_data['results'][0]['location']['postcode']}</arg>
<doc>Fails if objects are unequal after converting them to real numbers.</doc>
<status status="PASS" start="2024-06-24T14:14:26.717139" elapsed="0.000635"/>
</kw>
<kw name="Log" owner="BuiltIn">
<msg time="2024-06-24T14:14:26.718494" level="INFO">81445</msg>
<arg>${json_data['results'][0]['location']['postcode']}</arg>
<doc>Logs the given message with the given level.</doc>
<status status="PASS" start="2024-06-24T14:14:26.717963" elapsed="0.000572"/>
</kw>
<status status="PASS" start="2024-06-24T14:14:26.600541" elapsed="0.118281"/>
</kw>
<doc>Testa se os tipos de dados na resposta da API estão corretos.</doc>
<tag>testeTiposDados</tag>
<status status="PASS" start="2024-06-24T14:14:26.505820" elapsed="0.213218"/>
</test>
<test id="s1-s1-t5" name="Validar conteudo" line="35">
<kw name="Teste de Tipos de Conteudo" owner="random-user-service">
<kw name="GET On Session" owner="RequestsLibrary">
<msg time="2024-06-24T14:14:26.790477" level="INFO">GET Request : url=https://randomuser.me/api 
 path_url=/api 
 headers={'User-Agent': 'python-requests/2.32.3', 'Accept-Encoding': 'gzip, deflate', 'Accept': '*/*', 'Connection': 'keep-alive'} 
 body=None 
 </msg>
<msg time="2024-06-24T14:14:26.790586" level="INFO">GET Response : url=https://randomuser.me/api 
 status=200, reason=OK 
 headers={'Date': 'Mon, 24 Jun 2024 14:14:26 GMT', 'Content-Type': 'application/json; charset=utf-8', 'Transfer-Encoding': 'chunked', 'Connection': 'keep-alive', 'X-Powered-By': 'Express', 'Access-Control-Allow-Origin': '*', 'Cache-Control': 'no-cache', 'ETag': 'W/"480-bLrh02gIlb973DYIGTuGyJY2tx4"', 'Vary': 'Accept-Encoding', 'Content-Encoding': 'gzip', 'CF-Cache-Status': 'DYNAMIC', 'Report-To': '{"endpoints":[{"url":"https:\\/\\/a.nel.cloudflare.com\\/report\\/v4?s=aVDTkj5dsmQTOn7p2ecpyN5Gitc1QbDPe6Ayyi%2BPaV%2B0bjnAz%2FfaSavhR%2FMhF%2Fu2EKWAvtMEU9CdvAlK4%2Fh%2BaaT%2Fi39Ak2zPoX%2BlXRHxGKVqtbkyAy8lpCrPB4IwRR%2BH"}],"group":"cf-nel","max_age":604800}', 'NEL': '{"success_fraction":0,"report_to":"cf-nel","max_age":604800}', 'Server': 'cloudflare', 'CF-RAY': '898d53010fc91060-ORD', 'alt-svc': 'h3=":443"; ma=86400'} 
 body={"results":[{"gender":"female","name":{"title":"Ms","first":"Ece","last":"Abacı"},"location":{"street":{"number":1270,"name":"Talak Göktepe Cd"},"city":"Bayburt","state":"Balıkesir","country":"Turkey","postcode":79757,"coordinates":{"latitude":"70.0535","longitude":"41.3068"},"timezone":{"offset":"-8:00","description":"Pacific Time (US &amp; Canada)"}},"email":"ece.abaci@example.com","login":{"uuid":"60f224d1-c01a-4e19-ba82-91db5a53f7ec","username":"blackmeercat170","password":"lancer","salt":"deN3fMEQ","md5":"c378c31cfd49c86f9c82e16ba69c0dbd","sha1":"aa43b6d8f3a68afd12fc4a1640019862a05976ad","sha256":"243adb5bbe90c5f839a5ea79ff41146587f1a1bae649eff4d8fbfc609ae08d20"},"dob":{"date":"1991-10-20T11:36:49.454Z","age":32},"registered":{"date":"2016-08-11T23:50:00.448Z","age":7},"phone":"(632)-948-7403","cell":"(983)-225-0717","id":{"name":"","value":null},"picture":{"large":"https://randomuser.me/api/portraits/women/35.jpg","medium":"https://randomuser.me/api/portraits/med/women/35.jpg","thumbnail":"https://randomuser.me/api/portraits/thumb/women/35.jpg"},"nat":"TR"}],"info":{"seed":"0d16167d4073879a","results":1,"page":1,"version":"1.4"}} 
 </msg>
<msg time="2024-06-24T14:14:26.790674" level="INFO">/opt/hostedtoolcache/Python/3.12.4/x64/lib/python3.12/site-packages/urllib3/connectionpool.py:1099: InsecureRequestWarning: Unverified HTTPS request is being made to host 'randomuser.me'. Adding certificate verification is strongly advised. See: https://urllib3.readthedocs.io/en/latest/advanced-usage.html#tls-warnings
  warnings.warn(</msg>
<msg time="2024-06-24T14:14:26.790828" level="INFO">${response} = &lt;Response [200]&gt;</msg>
<var>${response}</var>
<arg>consultarAPI</arg>
<arg>/api</arg>
<doc>Sends a GET request on a previously created HTTP Session.</doc>
<status status="PASS" start="2024-06-24T14:14:26.721573" elapsed="0.069311"/>
</kw>
<kw name="Set Variable" owner="BuiltIn">
<msg time="2024-06-24T14:14:26.792126" level="INFO">${json_data} = {'results': [{'gender': 'female', 'name': {'title': 'Ms', 'first': 'Ece', 'last': 'Abacı'}, 'location': {'street': {'number': 1270, 'name': 'Talak Göktepe Cd'}, 'city': 'Bayburt', 'state': 'Balıkesir'...</msg>
<var>${json_data}</var>
<arg>${response.json()}</arg>
<doc>Returns the given values which can then be assigned to a variables.</doc>
<status status="PASS" start="2024-06-24T14:14:26.791545" elapsed="0.000612"/>
</kw>
<kw name="Set Variable" owner="BuiltIn">
<msg time="2024-06-24T14:14:26.792873" level="INFO">${name_title} = Ms</msg>
<var>${name_title}</var>
<arg>${json_data["results"][0]["name"]["title"]}</arg>
<doc>Returns the given values which can then be assigned to a variables.</doc>
<status status="PASS" start="2024-06-24T14:14:26.792479" elapsed="0.000419"/>
</kw>
<kw name="Create List" owner="BuiltIn">
<msg time="2024-06-24T14:14:26.793341" level="INFO">${allowed_titles} = ['Mr', 'Ms', 'Miss', 'Mrs', 'Madame', 'Monsieur']</msg>
<var>${allowed_titles}</var>
<arg>Mr</arg>
<arg>Ms</arg>
<arg>Miss</arg>
<arg>Mrs</arg>
<arg>Madame</arg>
<arg>Monsieur</arg>
<doc>Returns a list containing given items.</doc>
<status status="PASS" start="2024-06-24T14:14:26.793193" elapsed="0.000174"/>
</kw>
<kw name="List Should Contain Value" owner="Collections">
<arg>${allowed_titles}</arg>
<arg>${name_title}</arg>
<doc>Fails if the ``value`` is not found from ``list``.</doc>
<status status="PASS" start="2024-06-24T14:14:26.793671" elapsed="0.000182"/>
</kw>
<kw name="Set Variable" owner="BuiltIn">
<msg time="2024-06-24T14:14:26.794396" level="INFO">${name_country} = TR</msg>
<var>${name_country}</var>
<arg>${json_data["results"][0]["nat"]}</arg>
<doc>Returns the given values which can then be assigned to a variables.</doc>
<status status="PASS" start="2024-06-24T14:14:26.794029" elapsed="0.000392"/>
</kw>
<kw name="Create List" owner="BuiltIn">
<msg time="2024-06-24T14:14:26.795352" level="INFO">${list_country} = ['AD', 'AE', 'AF', 'AG', 'AI', 'AL', 'AM', 'AO', 'AQ', 'AR', 'AS', 'AT', 'AU', 'AW', 'AX', 'AZ', 'BA', 'BB', 'BD', 'BE', 'BF', 'BG', 'BH', 'BI', 'BJ', 'BL', 'BM', 'BN', 'BO', 'BQ', 'BR', 'BS', 'BT', '...</msg>
<var>${list_country}</var>
<arg>AD</arg>
<arg>AE</arg>
<arg>AF</arg>
<arg>AG</arg>
<arg>AI</arg>
<arg>AL</arg>
<arg>AM</arg>
<arg>AO</arg>
<arg>AQ</arg>
<arg>AR</arg>
<arg>AS</arg>
<arg>AT</arg>
<arg>AU</arg>
<arg>AW</arg>
<arg>AX</arg>
<arg>AZ</arg>
<arg>BA</arg>
<arg>BB</arg>
<arg>BD</arg>
<arg>BE</arg>
<arg>BF</arg>
<arg>BG</arg>
<arg>BH</arg>
<arg>BI</arg>
<arg>BJ</arg>
<arg>BL</arg>
<arg>BM</arg>
<arg>BN</arg>
<arg>BO</arg>
<arg>BQ</arg>
<arg>BR</arg>
<arg>BS</arg>
<arg>BT</arg>
<arg>BV</arg>
<arg>BW</arg>
<arg>BY</arg>
<arg>BZ</arg>
<arg>CA</arg>
<arg>CC</arg>
<arg>CD</arg>
<arg>CF</arg>
<arg>CG</arg>
<arg>CH</arg>
<arg>CI</arg>
<arg>CK</arg>
<arg>CL</arg>
<arg>CM</arg>
<arg>CN</arg>
<arg>CO</arg>
<arg>CR</arg>
<arg>CU</arg>
<arg>CV</arg>
<arg>CW</arg>
<arg>CX</arg>
<arg>CY</arg>
<arg>CZ</arg>
<arg>DE</arg>
<arg>DJ</arg>
<arg>DK</arg>
<arg>DM</arg>
<arg>DO</arg>
<arg>DZ</arg>
<arg>EC</arg>
<arg>EE</arg>
<arg>EG</arg>
<arg>EH</arg>
<arg>ER</arg>
<arg>ES</arg>
<arg>ET</arg>
<arg>FI</arg>
<arg>FJ</arg>
<arg>FK</arg>
<arg>FM</arg>
<arg>FO</arg>
<arg>FR</arg>
<arg>GA</arg>
<arg>GB</arg>
<arg>GD</arg>
<arg>GE</arg>
<arg>GF</arg>
<arg>GG</arg>
<arg>GH</arg>
<arg>GI</arg>
<arg>GL</arg>
<arg>GM</arg>
<arg>GN</arg>
<arg>GP</arg>
<arg>GQ</arg>
<arg>GR</arg>
<arg>GS</arg>
<arg>GT</arg>
<arg>GU</arg>
<arg>GW</arg>
<arg>GY</arg>
<arg>HK</arg>
<arg>HM</arg>
<arg>HN</arg>
<arg>HR</arg>
<arg>HT</arg>
<arg>HU</arg>
<arg>ID</arg>
<arg>IE</arg>
<arg>IL</arg>
<arg>IM</arg>
<arg>IN</arg>
<arg>IO</arg>
<arg>IQ</arg>
<arg>IR</arg>
<arg>IS</arg>
<arg>IT</arg>
<arg>JE</arg>
<arg>JM</arg>
<arg>JO</arg>
<arg>JP</arg>
<arg>KE</arg>
<arg>KG</arg>
<arg>KH</arg>
<arg>KI</arg>
<arg>KM</arg>
<arg>KN</arg>
<arg>KP</arg>
<arg>KR</arg>
<arg>KW</arg>
<arg>KY</arg>
<arg>KZ</arg>
<arg>LA</arg>
<arg>LB</arg>
<arg>LC</arg>
<arg>LI</arg>
<arg>LK</arg>
<arg>LR</arg>
<arg>LS</arg>
<arg>LT</arg>
<arg>LU</arg>
<arg>LV</arg>
<arg>LY</arg>
<arg>MA</arg>
<arg>MC</arg>
<arg>MD</arg>
<arg>ME</arg>
<arg>MF</arg>
<arg>MG</arg>
<arg>MH</arg>
<arg>MK</arg>
<arg>ML</arg>
<arg>MM</arg>
<arg>MN</arg>
<arg>MO</arg>
<arg>MP</arg>
<arg>MQ</arg>
<arg>MR</arg>
<arg>MS</arg>
<arg>MT</arg>
<arg>MU</arg>
<arg>MV</arg>
<arg>MW</arg>
<arg>MX</arg>
<arg>MY</arg>
<arg>MZ</arg>
<arg>NA</arg>
<arg>NC</arg>
<arg>NE</arg>
<arg>NF</arg>
<arg>NG</arg>
<arg>NI</arg>
<arg>NL</arg>
<arg>NO</arg>
<arg>NP</arg>
<arg>NR</arg>
<arg>NU</arg>
<arg>NZ</arg>
<arg>OM</arg>
<arg>PA</arg>
<arg>PE</arg>
<arg>PF</arg>
<arg>PG</arg>
<arg>PH</arg>
<arg>PK</arg>
<arg>PL</arg>
<arg>PM</arg>
<arg>PN</arg>
<arg>PR</arg>
<arg>PS</arg>
<arg>PT</arg>
<arg>PW</arg>
<arg>PY</arg>
<arg>QA</arg>
<arg>RE</arg>
<arg>RO</arg>
<arg>RS</arg>
<arg>RU</arg>
<arg>RW</arg>
<arg>SA</arg>
<arg>SB</arg>
<arg>SC</arg>
<arg>SD</arg>
<arg>SE</arg>
<arg>SG</arg>
<arg>SH</arg>
<arg>SI</arg>
<arg>SJ</arg>
<arg>SK</arg>
<arg>SL</arg>
<arg>SM</arg>
<arg>SN</arg>
<arg>SO</arg>
<arg>SR</arg>
<arg>SS</arg>
<arg>ST</arg>
<arg>SV</arg>
<arg>SX</arg>
<arg>SY</arg>
<arg>SZ</arg>
<arg>TC</arg>
<arg>TD</arg>
<arg>TF</arg>
<arg>TG</arg>
<arg>TH</arg>
<arg>TJ</arg>
<arg>TK</arg>
<arg>TL</arg>
<arg>TM</arg>
<arg>TN</arg>
<arg>TO</arg>
<arg>TR</arg>
<arg>TT</arg>
<arg>TV</arg>
<arg>TW</arg>
<arg>TZ</arg>
<arg>UA</arg>
<arg>UG</arg>
<arg>UM</arg>
<arg>US</arg>
<arg>UY</arg>
<arg>UZ</arg>
<arg>VA</arg>
<arg>VC</arg>
<arg>VE</arg>
<arg>VG</arg>
<arg>VI</arg>
<arg>VN</arg>
<arg>VU</arg>
<arg>WF</arg>
<arg>WS</arg>
<arg>XK</arg>
<arg>YE</arg>
<arg>YT</arg>
<arg>ZA</arg>
<arg>ZM</arg>
<arg>ZW</arg>
<doc>Returns a list containing given items.</doc>
<status status="PASS" start="2024-06-24T14:14:26.794710" elapsed="0.000670"/>
</kw>
<kw name="List Should Contain Value" owner="Collections">
<arg>${list_country}</arg>
<arg>${name_country}</arg>
<doc>Fails if the ``value`` is not found from ``list``.</doc>
<status status="PASS" start="2024-06-24T14:14:26.796180" elapsed="0.000204"/>
</kw>
<kw name="Run Keyword If" owner="BuiltIn">
<kw name="Should Be True" owner="BuiltIn">
<arg>${True}</arg>
<doc>Fails if the given condition is not true.</doc>
<status status="PASS" start="2024-06-24T14:14:26.797329" elapsed="0.000152"/>
</kw>
<arg>${json_data["results"][0]["location"]["coordinates"]["latitude"]} &gt;= -90 and ${json_data["results"][0]["location"]["coordinates"]["latitude"]} &lt;= 90</arg>
<arg>Should Be True</arg>
<arg>${True}</arg>
<doc>Runs the given keyword with the given arguments, if ``condition`` is true.</doc>
<status status="PASS" start="2024-06-24T14:14:26.796580" elapsed="0.001042"/>
</kw>
<kw name="Run Keyword If" owner="BuiltIn">
<kw name="Should Be True" owner="BuiltIn">
<arg>${True}</arg>
<doc>Fails if the given condition is not true.</doc>
<status status="PASS" start="2024-06-24T14:14:26.798537" elapsed="0.000242"/>
</kw>
<arg>${json_data["results"][0]["location"]["coordinates"]["longitude"]} &gt;= -180 and ${json_data["results"][0]["location"]["coordinates"]["longitude"]} &lt;= 180</arg>
<arg>Should Be True</arg>
<arg>${True}</arg>
<doc>Runs the given keyword with the given arguments, if ``condition`` is true.</doc>
<status status="PASS" start="2024-06-24T14:14:26.797821" elapsed="0.001084"/>
</kw>
<status status="PASS" start="2024-06-24T14:14:26.721345" elapsed="0.077741"/>
</kw>
<doc>Testa o conteúdo específico dos campos retornados pela API.</doc>
<tag>testeConteudo</tag>
<status status="PASS" start="2024-06-24T14:14:26.720798" elapsed="0.078447"/>
</test>
<status status="PASS" start="2024-06-24T14:14:25.764535" elapsed="1.036724"/>
</suite>
<status status="PASS" start="2024-06-24T14:14:25.749679" elapsed="1.056743"/>
</suite>
<statistics>
<total>
<stat pass="5" fail="0" skip="0">All Tests</stat>
</total>
<tag>
<stat pass="1" fail="0" skip="0">testeConteudo</stat>
<stat pass="1" fail="0" skip="0">testeEstruturaResposta</stat>
<stat pass="1" fail="0" skip="0">testeRequisicaoBasica</stat>
<stat pass="1" fail="0" skip="0">testeTiposDados</stat>
</tag>
<suite>
<stat pass="5" fail="0" skip="0" id="s1" name="Tests">Tests</stat>
<stat pass="5" fail="0" skip="0" id="s1-s1" name="Random-User-Test">Tests.Random-User-Test</stat>
</suite>
</statistics>
<errors>
</errors>
</robot>
