<?xml version="1.0" encoding="UTF-8"?>
<robot generator="Robot 7.0 (Python 3.12.3 on linux)" generated="2024-05-10T15:14:22.010399" rpa="false" schemaversion="5">
<suite id="s1" name="Tests" source="/home/runner/work/DesafioQAItauRogerioJordao/DesafioQAItauRogerioJordao/RamdonUser/tests">
<suite id="s1-s1" name="Random-User-Test" source="/home/runner/work/DesafioQAItauRogerioJordao/DesafioQAItauRogerioJordao/RamdonUser/tests/random-user-test.robot">
<test id="s1-s1-t1" name="Conectar" line="13">
<kw name="Conectar API" owner="random-user-service">
<kw name="Create Session" owner="RequestsLibrary">
<msg time="2024-05-10T15:14:22.371960" level="INFO">Creating Session using : alias=consultarAPI, url=https://randomuser.me/, headers={},                     cookies={}, auth=None, timeout=None, proxies=None, verify=False,                     debug=0 </msg>
<arg>consultarAPI</arg>
<arg>${URL}</arg>
<doc>Create Session: create a HTTP session to a server</doc>
<status status="PASS" start="2024-05-10T15:14:22.371745" elapsed="0.000395"/>
</kw>
<status status="PASS" start="2024-05-10T15:14:22.370709" elapsed="0.001792"/>
</kw>
<status status="PASS" start="2024-05-10T15:14:22.370143" elapsed="0.002550"/>
</test>
<test id="s1-s1-t2" name="Validar retorno 200 e JSON Válido" line="16">
<kw name="Teste de Requisicao Basica" owner="random-user-service">
<kw name="GET On Session" owner="RequestsLibrary">
<msg time="2024-05-10T15:14:22.551251" level="INFO">GET Request : url=https://randomuser.me/api 
 path_url=/api 
 headers={'User-Agent': 'python-requests/2.31.0', 'Accept-Encoding': 'gzip, deflate', 'Accept': '*/*', 'Connection': 'keep-alive'} 
 body=None 
 </msg>
<msg time="2024-05-10T15:14:22.551401" level="INFO">GET Response : url=https://randomuser.me/api 
 status=200, reason=OK 
 headers={'Date': 'Fri, 10 May 2024 15:14:22 GMT', 'Content-Type': 'application/json; charset=utf-8', 'Transfer-Encoding': 'chunked', 'Connection': 'keep-alive', 'X-Powered-By': 'Express', 'Access-Control-Allow-Origin': '*', 'Cache-Control': 'no-cache', 'ETag': 'W/"4ac-ddJMxooK6rGDYKfuck+BA7GVBj8"', 'Vary': 'Accept-Encoding', 'Content-Encoding': 'gzip', 'CF-Cache-Status': 'DYNAMIC', 'Report-To': '{"endpoints":[{"url":"https:\\/\\/a.nel.cloudflare.com\\/report\\/v4?s=SfeQn5xji%2B5%2F3EluZpA%2F6QNS0Q6hydTK4sMtptK7SIXdFbTW7UKbqUVfV01KsiqmlHVk%2FWpcSEHgf7yTK6I%2BIx%2Bb5WBGLjSbrQVGDgf%2FHhkfACCu2WG3%2B7fovuYsajV9"}],"group":"cf-nel","max_age":604800}', 'NEL': '{"success_fraction":0,"report_to":"cf-nel","max_age":604800}', 'Server': 'cloudflare', 'CF-RAY': '881ae0ea3c192f37-LAX', 'alt-svc': 'h3=":443"; ma=86400'} 
 body={"results":[{"gender":"female","name":{"title":"Ms","first":"Alma","last":"Angerer"},"location":{"street":{"number":2060,"name":"Hauptstraße"},"city":"Neustadt an der Waldnaab","state":"Rheinland-Pfalz","country":"Germany","postcode":18053,"coordinates":{"latitude":"-51.2672","longitude":"11.5609"},"timezone":{"offset":"+5:30","description":"Bombay, Calcutta, Madras, New Delhi"}},"email":"alma.angerer@example.com","login":{"uuid":"00ab369a-1d5b-40ff-8ad6-054ece82e15b","username":"happybird388","password":"stroker","salt":"2vTa98FP","md5":"3f1bab16c765506e0d1db960bafe833a","sha1":"69cc5492ac08b038fe426006aa601f692f94a2a5","sha256":"bd0feb07039e7178b0bd661b3bd91beaab4e55ff9432c3fb809b0ff54d8f002a"},"dob":{"date":"1960-01-19T18:50:59.299Z","age":64},"registered":{"date":"2020-02-15T05:18:45.909Z","age":4},"phone":"0951-9036155","cell":"0172-9624551","id":{"name":"SVNR","value":"23 190160 A 531"},"picture":{"large":"https://randomuser.me/api/portraits/women/73.jpg","medium":"https://randomuser.me/api/portraits/med/women/73.jpg","thumbnail":"https://randomuser.me/api/portraits/thumb/women/73.jpg"},"nat":"DE"}],"info":{"seed":"9a624186fb5bccdc","results":1,"page":1,"version":"1.4"}} 
 </msg>
<msg time="2024-05-10T15:14:22.551492" level="INFO">/opt/hostedtoolcache/Python/3.12.3/x64/lib/python3.12/site-packages/urllib3/connectionpool.py:1103: InsecureRequestWarning: Unverified HTTPS request is being made to host 'randomuser.me'. Adding certificate verification is strongly advised. See: https://urllib3.readthedocs.io/en/latest/advanced-usage.html#tls-warnings
  warnings.warn(</msg>
<msg time="2024-05-10T15:14:22.551746" level="INFO">${response} = &lt;Response [200]&gt;</msg>
<var>${response}</var>
<arg>consultarAPI</arg>
<arg>/api</arg>
<doc>Sends a GET request on a previously created HTTP Session.</doc>
<status status="PASS" start="2024-05-10T15:14:22.375312" elapsed="0.176478"/>
</kw>
<kw name="Should Be Equal As Numbers" owner="BuiltIn">
<msg time="2024-05-10T15:14:22.552804" level="INFO">Argument types are:
&lt;class 'int'&gt;
&lt;class 'str'&gt;</msg>
<arg>${response.status_code}</arg>
<arg>200</arg>
<doc>Fails if objects are unequal after converting them to real numbers.</doc>
<status status="PASS" start="2024-05-10T15:14:22.552332" elapsed="0.000539"/>
</kw>
<kw name="Log" owner="BuiltIn">
<msg time="2024-05-10T15:14:22.553560" level="INFO">200</msg>
<arg>${response.status_code}</arg>
<doc>Logs the given message with the given level.</doc>
<status status="PASS" start="2024-05-10T15:14:22.553193" elapsed="0.000410"/>
</kw>
<kw name="Set Variable" owner="BuiltIn">
<msg time="2024-05-10T15:14:22.554366" level="INFO">${json_data} = {'results': [{'gender': 'female', 'name': {'title': 'Ms', 'first': 'Alma', 'last': 'Angerer'}, 'location': {'street': {'number': 2060, 'name': 'Hauptstraße'}, 'city': 'Neustadt an der Waldnaab', 'stat...</msg>
<var>${json_data}</var>
<arg>${response.json()}</arg>
<doc>Returns the given values which can then be assigned to a variables.</doc>
<status status="PASS" start="2024-05-10T15:14:22.553924" elapsed="0.000472"/>
</kw>
<kw name="Dictionary Should Contain Key" owner="Collections">
<msg time="2024-05-10T15:14:22.554877" level="INFO">False</msg>
<arg>${json_data}</arg>
<arg>results</arg>
<doc>Fails if ``key`` is not found from ``dictionary``.</doc>
<status status="PASS" start="2024-05-10T15:14:22.554702" elapsed="0.000216"/>
</kw>
<status status="PASS" start="2024-05-10T15:14:22.375068" elapsed="0.180143"/>
</kw>
<doc>Testa se a API responde corretamente e retorna um objeto JSON válido.</doc>
<tag>testeRequisicaoBasica</tag>
<status status="PASS" start="2024-05-10T15:14:22.374586" elapsed="0.180819"/>
</test>
<test id="s1-s1-t3" name="Validar estrutura de resposta" line="22">
<kw name="Teste de Estrutura de Resposta" owner="random-user-service">
<kw name="GET On Session" owner="RequestsLibrary">
<msg time="2024-05-10T15:14:22.660266" level="INFO">GET Request : url=https://randomuser.me/api 
 path_url=/api 
 headers={'User-Agent': 'python-requests/2.31.0', 'Accept-Encoding': 'gzip, deflate', 'Accept': '*/*', 'Connection': 'keep-alive'} 
 body=None 
 </msg>
<msg time="2024-05-10T15:14:22.660363" level="INFO">GET Response : url=https://randomuser.me/api 
 status=200, reason=OK 
 headers={'Date': 'Fri, 10 May 2024 15:14:22 GMT', 'Content-Type': 'application/json; charset=utf-8', 'Transfer-Encoding': 'chunked', 'Connection': 'keep-alive', 'X-Powered-By': 'Express', 'Access-Control-Allow-Origin': '*', 'Cache-Control': 'no-cache', 'ETag': 'W/"4b1-i/ADyxf1e4+kOyG/eQ/z7s0muJM"', 'Vary': 'Accept-Encoding', 'Content-Encoding': 'gzip', 'CF-Cache-Status': 'DYNAMIC', 'Report-To': '{"endpoints":[{"url":"https:\\/\\/a.nel.cloudflare.com\\/report\\/v4?s=LjmSVQjNr9kBqV4vjIZ7yYK5Hqmw%2BDxO7D9sxWn%2FbeCo%2B%2FeB3TsQkkCKJpx%2Bm9%2BhkTu4MFVSekqaQicd6oDMHXvi4j%2BOhDuPgabaM8Jry5aolfZDWTwo40TkJNkcC3kr"}],"group":"cf-nel","max_age":604800}', 'NEL': '{"success_fraction":0,"report_to":"cf-nel","max_age":604800}', 'Server': 'cloudflare', 'CF-RAY': '881ae0eb0cff2f37-LAX', 'alt-svc': 'h3=":443"; ma=86400'} 
 body={"results":[{"gender":"female","name":{"title":"Miss","first":"Yvone","last":"Cavalcanti"},"location":{"street":{"number":82,"name":"Rua Minas Gerais "},"city":"Três Lagoas","state":"Paraná","country":"Brazil","postcode":29448,"coordinates":{"latitude":"-73.6260","longitude":"24.0497"},"timezone":{"offset":"+11:00","description":"Magadan, Solomon Islands, New Caledonia"}},"email":"yvone.cavalcanti@example.com","login":{"uuid":"f23f06e8-3ad3-4eb1-9aca-19c977d76204","username":"purplebutterfly634","password":"romero","salt":"O2n4TfvQ","md5":"14117187e4ccdcb27762f8ce8674050c","sha1":"bfd1d0990b0a4ffa9204e9cfbbb67528b4b13df4","sha256":"9390ccef3f4d55239d796dd328bc6778263442e5f8812c952affc16f7c0c6a5c"},"dob":{"date":"1988-07-15T12:59:16.539Z","age":35},"registered":{"date":"2013-12-25T11:20:13.193Z","age":10},"phone":"(48) 4410-2099","cell":"(43) 4105-3557","id":{"name":"CPF","value":"972.296.846-28"},"picture":{"large":"https://randomuser.me/api/portraits/women/44.jpg","medium":"https://randomuser.me/api/portraits/med/women/44.jpg","thumbnail":"https://randomuser.me/api/portraits/thumb/women/44.jpg"},"nat":"BR"}],"info":{"seed":"036a11192e1f438f","results":1,"page":1,"version":"1.4"}} 
 </msg>
<msg time="2024-05-10T15:14:22.660492" level="INFO">/opt/hostedtoolcache/Python/3.12.3/x64/lib/python3.12/site-packages/urllib3/connectionpool.py:1103: InsecureRequestWarning: Unverified HTTPS request is being made to host 'randomuser.me'. Adding certificate verification is strongly advised. See: https://urllib3.readthedocs.io/en/latest/advanced-usage.html#tls-warnings
  warnings.warn(</msg>
<msg time="2024-05-10T15:14:22.660618" level="INFO">${response} = &lt;Response [200]&gt;</msg>
<var>${response}</var>
<arg>consultarAPI</arg>
<arg>/api</arg>
<doc>Sends a GET request on a previously created HTTP Session.</doc>
<status status="PASS" start="2024-05-10T15:14:22.558054" elapsed="0.102605"/>
</kw>
<kw name="Set Variable" owner="BuiltIn">
<msg time="2024-05-10T15:14:22.661948" level="INFO">${json_data} = {'results': [{'gender': 'female', 'name': {'title': 'Miss', 'first': 'Yvone', 'last': 'Cavalcanti'}, 'location': {'street': {'number': 82, 'name': 'Rua Minas Gerais '}, 'city': 'Três Lagoas', 'state':...</msg>
<var>${json_data}</var>
<arg>${response.json()}</arg>
<doc>Returns the given values which can then be assigned to a variables.</doc>
<status status="PASS" start="2024-05-10T15:14:22.661246" elapsed="0.000735"/>
</kw>
<kw name="Log" owner="BuiltIn">
<msg time="2024-05-10T15:14:22.662456" level="INFO">{'results': [{'gender': 'female', 'name': {'title': 'Miss', 'first': 'Yvone', 'last': 'Cavalcanti'}, 'location': {'street': {'number': 82, 'name': 'Rua Minas Gerais '}, 'city': 'Três Lagoas', 'state': 'Paraná', 'country': 'Brazil', 'postcode': 29448, 'coordinates': {'latitude': '-73.6260', 'longitude': '24.0497'}, 'timezone': {'offset': '+11:00', 'description': 'Magadan, Solomon Islands, New Caledonia'}}, 'email': 'yvone.cavalcanti@example.com', 'login': {'uuid': 'f23f06e8-3ad3-4eb1-9aca-19c977d76204', 'username': 'purplebutterfly634', 'password': 'romero', 'salt': 'O2n4TfvQ', 'md5': '14117187e4ccdcb27762f8ce8674050c', 'sha1': 'bfd1d0990b0a4ffa9204e9cfbbb67528b4b13df4', 'sha256': '9390ccef3f4d55239d796dd328bc6778263442e5f8812c952affc16f7c0c6a5c'}, 'dob': {'date': '1988-07-15T12:59:16.539Z', 'age': 35}, 'registered': {'date': '2013-12-25T11:20:13.193Z', 'age': 10}, 'phone': '(48) 4410-2099', 'cell': '(43) 4105-3557', 'id': {'name': 'CPF', 'value': '972.296.846-28'}, 'picture': {'large': 'https://randomuser.me/api/portraits/women/44.jpg', 'medium': 'https://randomuser.me/api/portraits/med/women/44.jpg', 'thumbnail': 'https://randomuser.me/api/portraits/thumb/women/44.jpg'}, 'nat': 'BR'}], 'info': {'seed': '036a11192e1f438f', 'results': 1, 'page': 1, 'version': '1.4'}}</msg>
<arg>${json_data}</arg>
<doc>Logs the given message with the given level.</doc>
<status status="PASS" start="2024-05-10T15:14:22.662295" elapsed="0.000211"/>
</kw>
<kw name="Dictionary Should Contain Key" owner="Collections">
<msg time="2024-05-10T15:14:22.662959" level="INFO">False</msg>
<arg>${json_data}</arg>
<arg>results</arg>
<doc>Fails if ``key`` is not found from ``dictionary``.</doc>
<status status="PASS" start="2024-05-10T15:14:22.662799" elapsed="0.000231"/>
</kw>
<kw name="Should Not Be Empty" owner="BuiltIn">
<msg time="2024-05-10T15:14:22.663472" level="INFO">Length is 2.</msg>
<arg>${json_data}</arg>
<doc>Verifies that the given item is not empty.</doc>
<status status="PASS" start="2024-05-10T15:14:22.663336" elapsed="0.000343"/>
</kw>
<kw name="Create List" owner="BuiltIn">
<msg time="2024-05-10T15:14:22.664134" level="INFO">${expected_keys} = ['gender', 'name', 'location', 'email', 'login']</msg>
<var>${expected_keys}</var>
<arg>gender</arg>
<arg>name</arg>
<arg>location</arg>
<arg>email</arg>
<arg>login</arg>
<doc>Returns a list containing given items.</doc>
<status status="PASS" start="2024-05-10T15:14:22.663979" elapsed="0.000178"/>
</kw>
<for flavor="IN">
<iter>
<kw name="Dictionary Should Contain Key" owner="Collections">
<msg time="2024-05-10T15:14:22.665143" level="INFO">False</msg>
<arg>${json_data['results'][0]}</arg>
<arg>${key}</arg>
<doc>Fails if ``key`` is not found from ``dictionary``.</doc>
<status status="PASS" start="2024-05-10T15:14:22.664738" elapsed="0.000443"/>
</kw>
<kw name="Log" owner="BuiltIn">
<msg time="2024-05-10T15:14:22.665838" level="INFO">{'gender': 'female', 'name': {'title': 'Miss', 'first': 'Yvone', 'last': 'Cavalcanti'}, 'location': {'street': {'number': 82, 'name': 'Rua Minas Gerais '}, 'city': 'Três Lagoas', 'state': 'Paraná', 'country': 'Brazil', 'postcode': 29448, 'coordinates': {'latitude': '-73.6260', 'longitude': '24.0497'}, 'timezone': {'offset': '+11:00', 'description': 'Magadan, Solomon Islands, New Caledonia'}}, 'email': 'yvone.cavalcanti@example.com', 'login': {'uuid': 'f23f06e8-3ad3-4eb1-9aca-19c977d76204', 'username': 'purplebutterfly634', 'password': 'romero', 'salt': 'O2n4TfvQ', 'md5': '14117187e4ccdcb27762f8ce8674050c', 'sha1': 'bfd1d0990b0a4ffa9204e9cfbbb67528b4b13df4', 'sha256': '9390ccef3f4d55239d796dd328bc6778263442e5f8812c952affc16f7c0c6a5c'}, 'dob': {'date': '1988-07-15T12:59:16.539Z', 'age': 35}, 'registered': {'date': '2013-12-25T11:20:13.193Z', 'age': 10}, 'phone': '(48) 4410-2099', 'cell': '(43) 4105-3557', 'id': {'name': 'CPF', 'value': '972.296.846-28'}, 'picture': {'large': 'https://randomuser.me/api/portraits/women/44.jpg', 'medium': 'https://randomuser.me/api/portraits/med/women/44.jpg', 'thumbnail': 'https://randomuser.me/api/portraits/thumb/women/44.jpg'}, 'nat': 'BR'}</msg>
<arg>${json_data['results'][0]}</arg>
<doc>Logs the given message with the given level.</doc>
<status status="PASS" start="2024-05-10T15:14:22.665476" elapsed="0.000412"/>
</kw>
<kw name="Log" owner="BuiltIn">
<msg time="2024-05-10T15:14:22.666310" level="INFO">gender</msg>
<arg>${key}</arg>
<doc>Logs the given message with the given level.</doc>
<status status="PASS" start="2024-05-10T15:14:22.666184" elapsed="0.000163"/>
</kw>
<var name="${key}">gender</var>
<status status="PASS" start="2024-05-10T15:14:22.664612" elapsed="0.001950"/>
</iter>
<iter>
<kw name="Dictionary Should Contain Key" owner="Collections">
<msg time="2024-05-10T15:14:22.667276" level="INFO">False</msg>
<arg>${json_data['results'][0]}</arg>
<arg>${key}</arg>
<doc>Fails if ``key`` is not found from ``dictionary``.</doc>
<status status="PASS" start="2024-05-10T15:14:22.666867" elapsed="0.000479"/>
</kw>
<kw name="Log" owner="BuiltIn">
<msg time="2024-05-10T15:14:22.668004" level="INFO">{'gender': 'female', 'name': {'title': 'Miss', 'first': 'Yvone', 'last': 'Cavalcanti'}, 'location': {'street': {'number': 82, 'name': 'Rua Minas Gerais '}, 'city': 'Três Lagoas', 'state': 'Paraná', 'country': 'Brazil', 'postcode': 29448, 'coordinates': {'latitude': '-73.6260', 'longitude': '24.0497'}, 'timezone': {'offset': '+11:00', 'description': 'Magadan, Solomon Islands, New Caledonia'}}, 'email': 'yvone.cavalcanti@example.com', 'login': {'uuid': 'f23f06e8-3ad3-4eb1-9aca-19c977d76204', 'username': 'purplebutterfly634', 'password': 'romero', 'salt': 'O2n4TfvQ', 'md5': '14117187e4ccdcb27762f8ce8674050c', 'sha1': 'bfd1d0990b0a4ffa9204e9cfbbb67528b4b13df4', 'sha256': '9390ccef3f4d55239d796dd328bc6778263442e5f8812c952affc16f7c0c6a5c'}, 'dob': {'date': '1988-07-15T12:59:16.539Z', 'age': 35}, 'registered': {'date': '2013-12-25T11:20:13.193Z', 'age': 10}, 'phone': '(48) 4410-2099', 'cell': '(43) 4105-3557', 'id': {'name': 'CPF', 'value': '972.296.846-28'}, 'picture': {'large': 'https://randomuser.me/api/portraits/women/44.jpg', 'medium': 'https://randomuser.me/api/portraits/med/women/44.jpg', 'thumbnail': 'https://randomuser.me/api/portraits/thumb/women/44.jpg'}, 'nat': 'BR'}</msg>
<arg>${json_data['results'][0]}</arg>
<doc>Logs the given message with the given level.</doc>
<status status="PASS" start="2024-05-10T15:14:22.667646" elapsed="0.000407"/>
</kw>
<kw name="Log" owner="BuiltIn">
<msg time="2024-05-10T15:14:22.668474" level="INFO">name</msg>
<arg>${key}</arg>
<doc>Logs the given message with the given level.</doc>
<status status="PASS" start="2024-05-10T15:14:22.668349" elapsed="0.000162"/>
</kw>
<var name="${key}">name</var>
<status status="PASS" start="2024-05-10T15:14:22.666753" elapsed="0.001970"/>
</iter>
<iter>
<kw name="Dictionary Should Contain Key" owner="Collections">
<msg time="2024-05-10T15:14:22.669397" level="INFO">False</msg>
<arg>${json_data['results'][0]}</arg>
<arg>${key}</arg>
<doc>Fails if ``key`` is not found from ``dictionary``.</doc>
<status status="PASS" start="2024-05-10T15:14:22.669012" elapsed="0.000424"/>
</kw>
<kw name="Log" owner="BuiltIn">
<msg time="2024-05-10T15:14:22.670096" level="INFO">{'gender': 'female', 'name': {'title': 'Miss', 'first': 'Yvone', 'last': 'Cavalcanti'}, 'location': {'street': {'number': 82, 'name': 'Rua Minas Gerais '}, 'city': 'Três Lagoas', 'state': 'Paraná', 'country': 'Brazil', 'postcode': 29448, 'coordinates': {'latitude': '-73.6260', 'longitude': '24.0497'}, 'timezone': {'offset': '+11:00', 'description': 'Magadan, Solomon Islands, New Caledonia'}}, 'email': 'yvone.cavalcanti@example.com', 'login': {'uuid': 'f23f06e8-3ad3-4eb1-9aca-19c977d76204', 'username': 'purplebutterfly634', 'password': 'romero', 'salt': 'O2n4TfvQ', 'md5': '14117187e4ccdcb27762f8ce8674050c', 'sha1': 'bfd1d0990b0a4ffa9204e9cfbbb67528b4b13df4', 'sha256': '9390ccef3f4d55239d796dd328bc6778263442e5f8812c952affc16f7c0c6a5c'}, 'dob': {'date': '1988-07-15T12:59:16.539Z', 'age': 35}, 'registered': {'date': '2013-12-25T11:20:13.193Z', 'age': 10}, 'phone': '(48) 4410-2099', 'cell': '(43) 4105-3557', 'id': {'name': 'CPF', 'value': '972.296.846-28'}, 'picture': {'large': 'https://randomuser.me/api/portraits/women/44.jpg', 'medium': 'https://randomuser.me/api/portraits/med/women/44.jpg', 'thumbnail': 'https://randomuser.me/api/portraits/thumb/women/44.jpg'}, 'nat': 'BR'}</msg>
<arg>${json_data['results'][0]}</arg>
<doc>Logs the given message with the given level.</doc>
<status status="PASS" start="2024-05-10T15:14:22.669737" elapsed="0.000409"/>
</kw>
<kw name="Log" owner="BuiltIn">
<msg time="2024-05-10T15:14:22.670563" level="INFO">location</msg>
<arg>${key}</arg>
<doc>Logs the given message with the given level.</doc>
<status status="PASS" start="2024-05-10T15:14:22.670439" elapsed="0.000161"/>
</kw>
<var name="${key}">location</var>
<status status="PASS" start="2024-05-10T15:14:22.668901" elapsed="0.001909"/>
</iter>
<iter>
<kw name="Dictionary Should Contain Key" owner="Collections">
<msg time="2024-05-10T15:14:22.671503" level="INFO">False</msg>
<arg>${json_data['results'][0]}</arg>
<arg>${key}</arg>
<doc>Fails if ``key`` is not found from ``dictionary``.</doc>
<status status="PASS" start="2024-05-10T15:14:22.671122" elapsed="0.000417"/>
</kw>
<kw name="Log" owner="BuiltIn">
<msg time="2024-05-10T15:14:22.672197" level="INFO">{'gender': 'female', 'name': {'title': 'Miss', 'first': 'Yvone', 'last': 'Cavalcanti'}, 'location': {'street': {'number': 82, 'name': 'Rua Minas Gerais '}, 'city': 'Três Lagoas', 'state': 'Paraná', 'country': 'Brazil', 'postcode': 29448, 'coordinates': {'latitude': '-73.6260', 'longitude': '24.0497'}, 'timezone': {'offset': '+11:00', 'description': 'Magadan, Solomon Islands, New Caledonia'}}, 'email': 'yvone.cavalcanti@example.com', 'login': {'uuid': 'f23f06e8-3ad3-4eb1-9aca-19c977d76204', 'username': 'purplebutterfly634', 'password': 'romero', 'salt': 'O2n4TfvQ', 'md5': '14117187e4ccdcb27762f8ce8674050c', 'sha1': 'bfd1d0990b0a4ffa9204e9cfbbb67528b4b13df4', 'sha256': '9390ccef3f4d55239d796dd328bc6778263442e5f8812c952affc16f7c0c6a5c'}, 'dob': {'date': '1988-07-15T12:59:16.539Z', 'age': 35}, 'registered': {'date': '2013-12-25T11:20:13.193Z', 'age': 10}, 'phone': '(48) 4410-2099', 'cell': '(43) 4105-3557', 'id': {'name': 'CPF', 'value': '972.296.846-28'}, 'picture': {'large': 'https://randomuser.me/api/portraits/women/44.jpg', 'medium': 'https://randomuser.me/api/portraits/med/women/44.jpg', 'thumbnail': 'https://randomuser.me/api/portraits/thumb/women/44.jpg'}, 'nat': 'BR'}</msg>
<arg>${json_data['results'][0]}</arg>
<doc>Logs the given message with the given level.</doc>
<status status="PASS" start="2024-05-10T15:14:22.671834" elapsed="0.000412"/>
</kw>
<kw name="Log" owner="BuiltIn">
<msg time="2024-05-10T15:14:22.672660" level="INFO">email</msg>
<arg>${key}</arg>
<doc>Logs the given message with the given level.</doc>
<status status="PASS" start="2024-05-10T15:14:22.672536" elapsed="0.000161"/>
</kw>
<var name="${key}">email</var>
<status status="PASS" start="2024-05-10T15:14:22.671009" elapsed="0.001897"/>
</iter>
<iter>
<kw name="Dictionary Should Contain Key" owner="Collections">
<msg time="2024-05-10T15:14:22.673563" level="INFO">False</msg>
<arg>${json_data['results'][0]}</arg>
<arg>${key}</arg>
<doc>Fails if ``key`` is not found from ``dictionary``.</doc>
<status status="PASS" start="2024-05-10T15:14:22.673185" elapsed="0.000414"/>
</kw>
<kw name="Log" owner="BuiltIn">
<msg time="2024-05-10T15:14:22.674258" level="INFO">{'gender': 'female', 'name': {'title': 'Miss', 'first': 'Yvone', 'last': 'Cavalcanti'}, 'location': {'street': {'number': 82, 'name': 'Rua Minas Gerais '}, 'city': 'Três Lagoas', 'state': 'Paraná', 'country': 'Brazil', 'postcode': 29448, 'coordinates': {'latitude': '-73.6260', 'longitude': '24.0497'}, 'timezone': {'offset': '+11:00', 'description': 'Magadan, Solomon Islands, New Caledonia'}}, 'email': 'yvone.cavalcanti@example.com', 'login': {'uuid': 'f23f06e8-3ad3-4eb1-9aca-19c977d76204', 'username': 'purplebutterfly634', 'password': 'romero', 'salt': 'O2n4TfvQ', 'md5': '14117187e4ccdcb27762f8ce8674050c', 'sha1': 'bfd1d0990b0a4ffa9204e9cfbbb67528b4b13df4', 'sha256': '9390ccef3f4d55239d796dd328bc6778263442e5f8812c952affc16f7c0c6a5c'}, 'dob': {'date': '1988-07-15T12:59:16.539Z', 'age': 35}, 'registered': {'date': '2013-12-25T11:20:13.193Z', 'age': 10}, 'phone': '(48) 4410-2099', 'cell': '(43) 4105-3557', 'id': {'name': 'CPF', 'value': '972.296.846-28'}, 'picture': {'large': 'https://randomuser.me/api/portraits/women/44.jpg', 'medium': 'https://randomuser.me/api/portraits/med/women/44.jpg', 'thumbnail': 'https://randomuser.me/api/portraits/thumb/women/44.jpg'}, 'nat': 'BR'}</msg>
<arg>${json_data['results'][0]}</arg>
<doc>Logs the given message with the given level.</doc>
<status status="PASS" start="2024-05-10T15:14:22.673894" elapsed="0.000413"/>
</kw>
<kw name="Log" owner="BuiltIn">
<msg time="2024-05-10T15:14:22.674758" level="INFO">login</msg>
<arg>${key}</arg>
<doc>Logs the given message with the given level.</doc>
<status status="PASS" start="2024-05-10T15:14:22.674630" elapsed="0.000166"/>
</kw>
<var name="${key}">login</var>
<status status="PASS" start="2024-05-10T15:14:22.673077" elapsed="0.001959"/>
</iter>
<var>${key}</var>
<value>@{expected_keys}</value>
<status status="PASS" start="2024-05-10T15:14:22.664415" elapsed="0.010745"/>
</for>
<kw name="Create List" owner="BuiltIn">
<msg time="2024-05-10T15:14:22.675486" level="INFO">${expected_keysTwo} = ['username', 'password']</msg>
<var>${expected_keysTwo}</var>
<arg>username</arg>
<arg>password</arg>
<doc>Returns a list containing given items.</doc>
<status status="PASS" start="2024-05-10T15:14:22.675352" elapsed="0.000157"/>
</kw>
<for flavor="IN">
<iter>
<kw name="Dictionary Should Contain Key" owner="Collections">
<msg time="2024-05-10T15:14:22.676387" level="INFO">False</msg>
<arg>${json_data['results'][0]['login']}</arg>
<arg>${keyTwo}</arg>
<doc>Fails if ``key`` is not found from ``dictionary``.</doc>
<status status="PASS" start="2024-05-10T15:14:22.676000" elapsed="0.000425"/>
</kw>
<kw name="Dictionary Should Contain Key" owner="Collections">
<msg time="2024-05-10T15:14:22.677094" level="INFO">False</msg>
<arg>${json_data['results'][0]['login']}</arg>
<arg>${keyTwo}</arg>
<doc>Fails if ``key`` is not found from ``dictionary``.</doc>
<status status="PASS" start="2024-05-10T15:14:22.676715" elapsed="0.000416"/>
</kw>
<kw name="Log" owner="BuiltIn">
<msg time="2024-05-10T15:14:22.677540" level="INFO">username</msg>
<arg>${keyTwo}</arg>
<doc>Logs the given message with the given level.</doc>
<status status="PASS" start="2024-05-10T15:14:22.677416" elapsed="0.000165"/>
</kw>
<var name="${keyTwo}">username</var>
<status status="PASS" start="2024-05-10T15:14:22.675893" elapsed="0.001898"/>
</iter>
<iter>
<kw name="Dictionary Should Contain Key" owner="Collections">
<msg time="2024-05-10T15:14:22.678538" level="INFO">False</msg>
<arg>${json_data['results'][0]['login']}</arg>
<arg>${keyTwo}</arg>
<doc>Fails if ``key`` is not found from ``dictionary``.</doc>
<status status="PASS" start="2024-05-10T15:14:22.678076" elapsed="0.000501"/>
</kw>
<kw name="Dictionary Should Contain Key" owner="Collections">
<msg time="2024-05-10T15:14:22.679283" level="INFO">False</msg>
<arg>${json_data['results'][0]['login']}</arg>
<arg>${keyTwo}</arg>
<doc>Fails if ``key`` is not found from ``dictionary``.</doc>
<status status="PASS" start="2024-05-10T15:14:22.678869" elapsed="0.000453"/>
</kw>
<kw name="Log" owner="BuiltIn">
<msg time="2024-05-10T15:14:22.679738" level="INFO">password</msg>
<arg>${keyTwo}</arg>
<doc>Logs the given message with the given level.</doc>
<status status="PASS" start="2024-05-10T15:14:22.679615" elapsed="0.000160"/>
</kw>
<var name="${keyTwo}">password</var>
<status status="PASS" start="2024-05-10T15:14:22.677963" elapsed="0.002020"/>
</iter>
<var>${keyTwo}</var>
<value>@{expected_keysTwo}</value>
<status status="PASS" start="2024-05-10T15:14:22.675742" elapsed="0.004360"/>
</for>
<status status="PASS" start="2024-05-10T15:14:22.557813" elapsed="0.122433"/>
</kw>
<doc>Testa a estrutura da resposta da API.</doc>
<tag>testeEstruturaResposta</tag>
<status status="PASS" start="2024-05-10T15:14:22.557285" elapsed="0.123116"/>
</test>
<test id="s1-s1-t4" name="Validar tipos de dados" line="28">
<kw name="Teste de Tipos de Dados" owner="random-user-service">
<kw name="GET On Session" owner="RequestsLibrary">
<msg time="2024-05-10T15:14:23.071673" level="INFO">GET Request : url=https://randomuser.me/api 
 path_url=/api 
 headers={'User-Agent': 'python-requests/2.31.0', 'Accept-Encoding': 'gzip, deflate', 'Accept': '*/*', 'Connection': 'keep-alive'} 
 body=None 
 </msg>
<msg time="2024-05-10T15:14:23.071793" level="INFO">GET Response : url=https://randomuser.me/api 
 status=200, reason=OK 
 headers={'Date': 'Fri, 10 May 2024 15:14:23 GMT', 'Content-Type': 'application/json; charset=utf-8', 'Transfer-Encoding': 'chunked', 'Connection': 'keep-alive', 'X-Powered-By': 'Express', 'Access-Control-Allow-Origin': '*', 'Cache-Control': 'no-cache', 'ETag': 'W/"4b0-BrwfJnkyU9yjsIUD8xT+N5miiL0"', 'Vary': 'Accept-Encoding', 'Content-Encoding': 'gzip', 'CF-Cache-Status': 'DYNAMIC', 'Report-To': '{"endpoints":[{"url":"https:\\/\\/a.nel.cloudflare.com\\/report\\/v4?s=EuFStAMg4%2BLbOCOYmgZz4K05rUMLizaow1pE8xkNs%2BTDTQr9GXBq37xAop2MOMOs0FQW838VVkBB3FkdblB0pR28BupUQB5egVie9RFnqWXSFNDgU%2BBvyNJF58l4sAdj"}],"group":"cf-nel","max_age":604800}', 'NEL': '{"success_fraction":0,"report_to":"cf-nel","max_age":604800}', 'Server': 'cloudflare', 'CF-RAY': '881ae0ebddfa2f37-LAX', 'alt-svc': 'h3=":443"; ma=86400'} 
 body={"results":[{"gender":"female","name":{"title":"Ms","first":"باران","last":"سلطانی نژاد"},"location":{"street":{"number":7460,"name":"ایران"},"city":"یزد","state":"سیستان و بلوچستان","country":"Iran","postcode":96192,"coordinates":{"latitude":"15.7196","longitude":"106.5680"},"timezone":{"offset":"+8:00","description":"Beijing, Perth, Singapore, Hong Kong"}},"email":"brn.sltnynjd@example.com","login":{"uuid":"35edb2f7-f13c-4f16-bca6-c8c1f284c814","username":"happypeacock584","password":"mustang6","salt":"hoV0fyTY","md5":"50b97e4286100fb3973ff40a1e3e43a8","sha1":"7a44e06eded66a7130b0842058072c1dc6025f5c","sha256":"ed87e06e5573f070bec49b054c445037eff350f6392ee93cf4800f0adb439f68"},"dob":{"date":"1989-06-04T09:49:01.884Z","age":34},"registered":{"date":"2004-08-31T08:53:54.691Z","age":19},"phone":"015-27512362","cell":"0940-514-8531","id":{"name":"","value":null},"picture":{"large":"https://randomuser.me/api/portraits/women/93.jpg","medium":"https://randomuser.me/api/portraits/med/women/93.jpg","thumbnail":"https://randomuser.me/api/portraits/thumb/women/93.jpg"},"nat":"IR"}],"info":{"seed":"0015cda8f0a1471c","results":1,"page":1,"version":"1.4"}} 
 </msg>
<msg time="2024-05-10T15:14:23.071892" level="INFO">/opt/hostedtoolcache/Python/3.12.3/x64/lib/python3.12/site-packages/urllib3/connectionpool.py:1103: InsecureRequestWarning: Unverified HTTPS request is being made to host 'randomuser.me'. Adding certificate verification is strongly advised. See: https://urllib3.readthedocs.io/en/latest/advanced-usage.html#tls-warnings
  warnings.warn(</msg>
<msg time="2024-05-10T15:14:23.072019" level="INFO">${response} = &lt;Response [200]&gt;</msg>
<var>${response}</var>
<arg>consultarAPI</arg>
<arg>/api</arg>
<doc>Sends a GET request on a previously created HTTP Session.</doc>
<status status="PASS" start="2024-05-10T15:14:22.682906" elapsed="0.389153"/>
</kw>
<kw name="Set Variable" owner="BuiltIn">
<msg time="2024-05-10T15:14:23.073439" level="INFO">${json_data} = {'results': [{'gender': 'female', 'name': {'title': 'Ms', 'first': 'باران', 'last': 'سلطانی نژاد'}, 'location': {'street': {'number': 7460, 'name': 'ایران'}, 'city': 'یزد', 'state': 'سیستان و بلوچستان...</msg>
<var>${json_data}</var>
<arg>${response.json()}</arg>
<doc>Returns the given values which can then be assigned to a variables.</doc>
<status status="PASS" start="2024-05-10T15:14:23.072787" elapsed="0.000682"/>
</kw>
<kw name="Log" owner="BuiltIn">
<msg time="2024-05-10T15:14:23.073945" level="INFO">{'results': [{'gender': 'female', 'name': {'title': 'Ms', 'first': 'باران', 'last': 'سلطانی نژاد'}, 'location': {'street': {'number': 7460, 'name': 'ایران'}, 'city': 'یزد', 'state': 'سیستان و بلوچستان', 'country': 'Iran', 'postcode': 96192, 'coordinates': {'latitude': '15.7196', 'longitude': '106.5680'}, 'timezone': {'offset': '+8:00', 'description': 'Beijing, Perth, Singapore, Hong Kong'}}, 'email': 'brn.sltnynjd@example.com', 'login': {'uuid': '35edb2f7-f13c-4f16-bca6-c8c1f284c814', 'username': 'happypeacock584', 'password': 'mustang6', 'salt': 'hoV0fyTY', 'md5': '50b97e4286100fb3973ff40a1e3e43a8', 'sha1': '7a44e06eded66a7130b0842058072c1dc6025f5c', 'sha256': 'ed87e06e5573f070bec49b054c445037eff350f6392ee93cf4800f0adb439f68'}, 'dob': {'date': '1989-06-04T09:49:01.884Z', 'age': 34}, 'registered': {'date': '2004-08-31T08:53:54.691Z', 'age': 19}, 'phone': '015-27512362', 'cell': '0940-514-8531', 'id': {'name': '', 'value': None}, 'picture': {'large': 'https://randomuser.me/api/portraits/women/93.jpg', 'medium': 'https://randomuser.me/api/portraits/med/women/93.jpg', 'thumbnail': 'https://randomuser.me/api/portraits/thumb/women/93.jpg'}, 'nat': 'IR'}], 'info': {'seed': '0015cda8f0a1471c', 'results': 1, 'page': 1, 'version': '1.4'}}</msg>
<arg>${json_data}</arg>
<doc>Logs the given message with the given level.</doc>
<status status="PASS" start="2024-05-10T15:14:23.073785" elapsed="0.000255"/>
</kw>
<kw name="Should Be String" owner="String">
<arg>${json_data['results'][0]['gender']}</arg>
<doc>Fails if the given ``item`` is not a string.</doc>
<status status="PASS" start="2024-05-10T15:14:23.074339" elapsed="0.000370"/>
</kw>
<kw name="Should Match Regexp" owner="BuiltIn">
<arg>${json_data['results'][0]['email']}</arg>
<arg>^[a-zA-Z0-9._%+-]+@[a-zA-Z0-9.-]+\.[a-zA-Z]{2,}$</arg>
<doc>Fails if ``string`` does not match ``pattern`` as a regular expression.</doc>
<status status="PASS" start="2024-05-10T15:14:23.074900" elapsed="0.000560"/>
</kw>
<kw name="Should Match Regexp" owner="BuiltIn">
<arg>${json_data['results'][0]['dob']['date']}</arg>
<arg>\\d{4}-\\d{2}-\\d{2}T\\d{2}:\\d{2}:\\d{2}\\.\\d{3}Z</arg>
<doc>Fails if ``string`` does not match ``pattern`` as a regular expression.</doc>
<status status="PASS" start="2024-05-10T15:14:23.075652" elapsed="0.000480"/>
</kw>
<kw name="Should Match Regexp" owner="BuiltIn">
<arg>${json_data['results'][0]['registered']['date']}</arg>
<arg>\\d{4}-\\d{2}-\\d{2}T\\d{2}:\\d{2}:\\d{2}\\.\\d{3}Z</arg>
<doc>Fails if ``string`` does not match ``pattern`` as a regular expression.</doc>
<status status="PASS" start="2024-05-10T15:14:23.076319" elapsed="0.000371"/>
</kw>
<kw name="Should Match Regexp" owner="BuiltIn">
<arg>${json_data['results'][0]['picture']['large']}</arg>
<arg>^https?://.*\.(?:png|jpe?g|gif|bmp)$</arg>
<doc>Fails if ``string`` does not match ``pattern`` as a regular expression.</doc>
<status status="PASS" start="2024-05-10T15:14:23.076877" elapsed="0.000455"/>
</kw>
<kw name="Should Match Regexp" owner="BuiltIn">
<arg>${json_data['results'][0]['picture']['medium']}</arg>
<arg>^https?://.*\.(?:png|jpe?g|gif|bmp)$</arg>
<doc>Fails if ``string`` does not match ``pattern`` as a regular expression.</doc>
<status status="PASS" start="2024-05-10T15:14:23.077518" elapsed="0.000353"/>
</kw>
<kw name="Should Match Regexp" owner="BuiltIn">
<arg>${json_data['results'][0]['picture']['thumbnail']}</arg>
<arg>^https?://.*\.(?:png|jpe?g|gif|bmp)$</arg>
<doc>Fails if ``string`` does not match ``pattern`` as a regular expression.</doc>
<status status="PASS" start="2024-05-10T15:14:23.078057" elapsed="0.000344"/>
</kw>
<kw name="Log" owner="BuiltIn">
<msg time="2024-05-10T15:14:23.078896" level="INFO">{'large': 'https://randomuser.me/api/portraits/women/93.jpg', 'medium': 'https://randomuser.me/api/portraits/med/women/93.jpg', 'thumbnail': 'https://randomuser.me/api/portraits/thumb/women/93.jpg'}</msg>
<arg>${json_data['results'][0]['picture']}</arg>
<doc>Logs the given message with the given level.</doc>
<status status="PASS" start="2024-05-10T15:14:23.078577" elapsed="0.000358"/>
</kw>
<status status="PASS" start="2024-05-10T15:14:22.682680" elapsed="0.396541"/>
</kw>
<kw name="Teste de Tipos de Dados - Postcode" owner="random-user-service">
<kw name="GET On Session" owner="RequestsLibrary">
<msg time="2024-05-10T15:14:23.203374" level="INFO">GET Request : url=https://randomuser.me/api 
 path_url=/api 
 headers={'User-Agent': 'python-requests/2.31.0', 'Accept-Encoding': 'gzip, deflate', 'Accept': '*/*', 'Connection': 'keep-alive'} 
 body=None 
 </msg>
<msg time="2024-05-10T15:14:23.203459" level="INFO">GET Response : url=https://randomuser.me/api 
 status=200, reason=OK 
 headers={'Date': 'Fri, 10 May 2024 15:14:23 GMT', 'Content-Type': 'application/json; charset=utf-8', 'Transfer-Encoding': 'chunked', 'Connection': 'keep-alive', 'X-Powered-By': 'Express', 'Access-Control-Allow-Origin': '*', 'Cache-Control': 'no-cache', 'ETag': 'W/"49a-CLR9ZbLXzSf1EHmbD3Z8ViaNh84"', 'Vary': 'Accept-Encoding', 'Content-Encoding': 'gzip', 'CF-Cache-Status': 'DYNAMIC', 'Report-To': '{"endpoints":[{"url":"https:\\/\\/a.nel.cloudflare.com\\/report\\/v4?s=RhVd5odqCkxWq%2FMxazeEK8c3rY2Ebs5QVC6B%2BTxEsle%2BTFJQUHWshjIZJzSdS2mb2fAqGzIPdT9jDaalKVZcQ9ZQ2IogYOp%2BNFhF9CPl3jLP%2FxS%2BLRIwUmfTMIv7RX6A"}],"group":"cf-nel","max_age":604800}', 'NEL': '{"success_fraction":0,"report_to":"cf-nel","max_age":604800}', 'Server': 'cloudflare', 'CF-RAY': '881ae0ee49432f37-LAX', 'alt-svc': 'h3=":443"; ma=86400'} 
 body={"results":[{"gender":"female","name":{"title":"Ms","first":"Aleksandra","last":"Hettich"},"location":{"street":{"number":9292,"name":"Waldweg"},"city":"Minden","state":"Hamburg","country":"Germany","postcode":99197,"coordinates":{"latitude":"-50.5571","longitude":"159.2061"},"timezone":{"offset":"+4:00","description":"Abu Dhabi, Muscat, Baku, Tbilisi"}},"email":"aleksandra.hettich@example.com","login":{"uuid":"05e9ef95-f904-44d8-9c39-43d1b91a9d8e","username":"organicfish324","password":"colonel","salt":"JcpsZH2W","md5":"124f105776defb2458fd31e692396735","sha1":"00b0ef980ac872d2e74e9485ec646bd496718bdd","sha256":"a5340f5767a9084bfeeff2af8fa61c68aca113cbb3cf42e649d0db5dcb98a064"},"dob":{"date":"1991-07-01T20:27:16.541Z","age":32},"registered":{"date":"2004-05-19T16:03:01.148Z","age":19},"phone":"0506-6858204","cell":"0178-8277049","id":{"name":"SVNR","value":"21 010791 H 565"},"picture":{"large":"https://randomuser.me/api/portraits/women/67.jpg","medium":"https://randomuser.me/api/portraits/med/women/67.jpg","thumbnail":"https://randomuser.me/api/portraits/thumb/women/67.jpg"},"nat":"DE"}],"info":{"seed":"554f62ff33cd4b3f","results":1,"page":1,"version":"1.4"}} 
 </msg>
<msg time="2024-05-10T15:14:23.203537" level="INFO">/opt/hostedtoolcache/Python/3.12.3/x64/lib/python3.12/site-packages/urllib3/connectionpool.py:1103: InsecureRequestWarning: Unverified HTTPS request is being made to host 'randomuser.me'. Adding certificate verification is strongly advised. See: https://urllib3.readthedocs.io/en/latest/advanced-usage.html#tls-warnings
  warnings.warn(</msg>
<msg time="2024-05-10T15:14:23.203658" level="INFO">${response} = &lt;Response [200]&gt;</msg>
<var>${response}</var>
<arg>consultarAPI</arg>
<arg>/api</arg>
<doc>Sends a GET request on a previously created HTTP Session.</doc>
<status status="PASS" start="2024-05-10T15:14:23.079681" elapsed="0.124025"/>
</kw>
<kw name="Set Variable" owner="BuiltIn">
<msg time="2024-05-10T15:14:23.204888" level="INFO">${json_data} = {'results': [{'gender': 'female', 'name': {'title': 'Ms', 'first': 'Aleksandra', 'last': 'Hettich'}, 'location': {'street': {'number': 9292, 'name': 'Waldweg'}, 'city': 'Minden', 'state': 'Hamburg', '...</msg>
<var>${json_data}</var>
<arg>${response.json()}</arg>
<doc>Returns the given values which can then be assigned to a variables.</doc>
<status status="PASS" start="2024-05-10T15:14:23.204304" elapsed="0.000611"/>
</kw>
<kw name="Log" owner="BuiltIn">
<msg time="2024-05-10T15:14:23.205373" level="INFO">{'results': [{'gender': 'female', 'name': {'title': 'Ms', 'first': 'Aleksandra', 'last': 'Hettich'}, 'location': {'street': {'number': 9292, 'name': 'Waldweg'}, 'city': 'Minden', 'state': 'Hamburg', 'country': 'Germany', 'postcode': 99197, 'coordinates': {'latitude': '-50.5571', 'longitude': '159.2061'}, 'timezone': {'offset': '+4:00', 'description': 'Abu Dhabi, Muscat, Baku, Tbilisi'}}, 'email': 'aleksandra.hettich@example.com', 'login': {'uuid': '05e9ef95-f904-44d8-9c39-43d1b91a9d8e', 'username': 'organicfish324', 'password': 'colonel', 'salt': 'JcpsZH2W', 'md5': '124f105776defb2458fd31e692396735', 'sha1': '00b0ef980ac872d2e74e9485ec646bd496718bdd', 'sha256': 'a5340f5767a9084bfeeff2af8fa61c68aca113cbb3cf42e649d0db5dcb98a064'}, 'dob': {'date': '1991-07-01T20:27:16.541Z', 'age': 32}, 'registered': {'date': '2004-05-19T16:03:01.148Z', 'age': 19}, 'phone': '0506-6858204', 'cell': '0178-8277049', 'id': {'name': 'SVNR', 'value': '21 010791 H 565'}, 'picture': {'large': 'https://randomuser.me/api/portraits/women/67.jpg', 'medium': 'https://randomuser.me/api/portraits/med/women/67.jpg', 'thumbnail': 'https://randomuser.me/api/portraits/thumb/women/67.jpg'}, 'nat': 'DE'}], 'info': {'seed': '554f62ff33cd4b3f', 'results': 1, 'page': 1, 'version': '1.4'}}</msg>
<arg>${json_data}</arg>
<doc>Logs the given message with the given level.</doc>
<status status="PASS" start="2024-05-10T15:14:23.205221" elapsed="0.000229"/>
</kw>
<kw name="Should Be Equal As Numbers" owner="BuiltIn">
<arg>${json_data['results'][0]['location']['postcode']}</arg>
<arg>${json_data['results'][0]['location']['postcode']}</arg>
<doc>Fails if objects are unequal after converting them to real numbers.</doc>
<status status="PASS" start="2024-05-10T15:14:23.205900" elapsed="0.000618"/>
</kw>
<kw name="Log" owner="BuiltIn">
<msg time="2024-05-10T15:14:23.207083" level="INFO">99197</msg>
<arg>${json_data['results'][0]['location']['postcode']}</arg>
<doc>Logs the given message with the given level.</doc>
<status status="PASS" start="2024-05-10T15:14:23.206706" elapsed="0.000418"/>
</kw>
<status status="PASS" start="2024-05-10T15:14:23.079452" elapsed="0.127931"/>
</kw>
<doc>Testa se os tipos de dados na resposta da API estão corretos.</doc>
<tag>testeTiposDados</tag>
<status status="PASS" start="2024-05-10T15:14:22.682211" elapsed="0.525340"/>
</test>
<test id="s1-s1-t5" name="Validar conteudo" line="35">
<kw name="Teste de Tipos de Conteudo" owner="random-user-service">
<kw name="GET On Session" owner="RequestsLibrary">
<msg time="2024-05-10T15:14:23.320770" level="INFO">GET Request : url=https://randomuser.me/api 
 path_url=/api 
 headers={'User-Agent': 'python-requests/2.31.0', 'Accept-Encoding': 'gzip, deflate', 'Accept': '*/*', 'Connection': 'keep-alive'} 
 body=None 
 </msg>
<msg time="2024-05-10T15:14:23.320844" level="INFO">GET Response : url=https://randomuser.me/api 
 status=200, reason=OK 
 headers={'Date': 'Fri, 10 May 2024 15:14:23 GMT', 'Content-Type': 'application/json; charset=utf-8', 'Transfer-Encoding': 'chunked', 'Connection': 'keep-alive', 'X-Powered-By': 'Express', 'Access-Control-Allow-Origin': '*', 'Cache-Control': 'no-cache', 'ETag': 'W/"482-KYw88nO7woiQhNS6udh55U+VxRc"', 'Vary': 'Accept-Encoding', 'Content-Encoding': 'gzip', 'CF-Cache-Status': 'DYNAMIC', 'Report-To': '{"endpoints":[{"url":"https:\\/\\/a.nel.cloudflare.com\\/report\\/v4?s=e7InNwowFA4vtJ65QKHzjHmJPp5EDY3CqQ4XjveRLh88cNS5RH5W83PpNKlwT5izmqOGVOGZbUVyMW8YKLV%2BSRpYazMBgjnnP%2BqIC4MZAZ676VTDcroCNChPC3BIg5GW"}],"group":"cf-nel","max_age":604800}', 'NEL': '{"success_fraction":0,"report_to":"cf-nel","max_age":604800}', 'Server': 'cloudflare', 'CF-RAY': '881ae0ef1a2a2f37-LAX', 'alt-svc': 'h3=":443"; ma=86400'} 
 body={"results":[{"gender":"male","name":{"title":"Mr","first":"Jordan","last":"Marie"},"location":{"street":{"number":7298,"name":"Rue de L'Abbé-Roger-Derry"},"city":"Rouen","state":"Savoie","country":"France","postcode":60820,"coordinates":{"latitude":"-17.6252","longitude":"-148.0187"},"timezone":{"offset":"+3:30","description":"Tehran"}},"email":"jordan.marie@example.com","login":{"uuid":"699b9cd9-e70f-4fff-a095-f6ce2b897f2e","username":"organicgoose989","password":"3x7pxr","salt":"3Bc7888z","md5":"8ee1cbc24eb90a4b96f05dc984d12623","sha1":"f06d069b742058c020d55d8adf919ae32970476c","sha256":"4161b8c1dad8c8da56759ab4ea17dc6574369c402111d70bc32f8aba4641d019"},"dob":{"date":"1969-03-06T02:58:57.829Z","age":55},"registered":{"date":"2018-08-02T17:11:59.393Z","age":5},"phone":"01-65-54-91-93","cell":"06-92-23-04-62","id":{"name":"INSEE","value":"1690223528784 17"},"picture":{"large":"https://randomuser.me/api/portraits/men/90.jpg","medium":"https://randomuser.me/api/portraits/med/men/90.jpg","thumbnail":"https://randomuser.me/api/portraits/thumb/men/90.jpg"},"nat":"FR"}],"info":{"seed":"2eebce2933eb3e95","results":1,"page":1,"version":"1.4"}} 
 </msg>
<msg time="2024-05-10T15:14:23.320910" level="INFO">/opt/hostedtoolcache/Python/3.12.3/x64/lib/python3.12/site-packages/urllib3/connectionpool.py:1103: InsecureRequestWarning: Unverified HTTPS request is being made to host 'randomuser.me'. Adding certificate verification is strongly advised. See: https://urllib3.readthedocs.io/en/latest/advanced-usage.html#tls-warnings
  warnings.warn(</msg>
<msg time="2024-05-10T15:14:23.321009" level="INFO">${response} = &lt;Response [200]&gt;</msg>
<var>${response}</var>
<arg>consultarAPI</arg>
<arg>/api</arg>
<doc>Sends a GET request on a previously created HTTP Session.</doc>
<status status="PASS" start="2024-05-10T15:14:23.210059" elapsed="0.110989"/>
</kw>
<kw name="Set Variable" owner="BuiltIn">
<msg time="2024-05-10T15:14:23.322132" level="INFO">${json_data} = {'results': [{'gender': 'male', 'name': {'title': 'Mr', 'first': 'Jordan', 'last': 'Marie'}, 'location': {'street': {'number': 7298, 'name': "Rue de L'Abbé-Roger-Derry"}, 'city': 'Rouen', 'state': 'Sa...</msg>
<var>${json_data}</var>
<arg>${response.json()}</arg>
<doc>Returns the given values which can then be assigned to a variables.</doc>
<status status="PASS" start="2024-05-10T15:14:23.321570" elapsed="0.000591"/>
</kw>
<kw name="Set Variable" owner="BuiltIn">
<msg time="2024-05-10T15:14:23.322861" level="INFO">${name_title} = Mr</msg>
<var>${name_title}</var>
<arg>${json_data["results"][0]["name"]["title"]}</arg>
<doc>Returns the given values which can then be assigned to a variables.</doc>
<status status="PASS" start="2024-05-10T15:14:23.322479" elapsed="0.000406"/>
</kw>
<kw name="Create List" owner="BuiltIn">
<msg time="2024-05-10T15:14:23.323375" level="INFO">${allowed_titles} = ['Mr', 'Ms', 'Miss', 'Mrs', 'Madame', 'Monsieur']</msg>
<var>${allowed_titles}</var>
<arg>Mr</arg>
<arg>Ms</arg>
<arg>Miss</arg>
<arg>Mrs</arg>
<arg>Madame</arg>
<arg>Monsieur</arg>
<doc>Returns a list containing given items.</doc>
<status status="PASS" start="2024-05-10T15:14:23.323225" elapsed="0.000173"/>
</kw>
<kw name="List Should Contain Value" owner="Collections">
<msg time="2024-05-10T15:14:23.323870" level="INFO">False</msg>
<arg>${allowed_titles}</arg>
<arg>${name_title}</arg>
<doc>Fails if the ``value`` is not found from ``list``.</doc>
<status status="PASS" start="2024-05-10T15:14:23.323696" elapsed="0.000210"/>
</kw>
<kw name="Set Variable" owner="BuiltIn">
<msg time="2024-05-10T15:14:23.324576" level="INFO">${name_country} = FR</msg>
<var>${name_country}</var>
<arg>${json_data["results"][0]["nat"]}</arg>
<doc>Returns the given values which can then be assigned to a variables.</doc>
<status status="PASS" start="2024-05-10T15:14:23.324204" elapsed="0.000396"/>
</kw>
<kw name="Create List" owner="BuiltIn">
<msg time="2024-05-10T15:14:23.325489" level="INFO">${list_country} = ['AD', 'AE', 'AF', 'AG', 'AI', 'AL', 'AM', 'AO', 'AQ', 'AR', 'AS', 'AT', 'AU', 'AW', 'AX', 'AZ', 'BA', 'BB', 'BD', 'BE', 'BF', 'BG', 'BH', 'BI', 'BJ', 'BL', 'BM', 'BN', 'BO', 'BQ', 'BR', 'BS', 'BT', '...</msg>
<var>${list_country}</var>
<arg>AD</arg>
<arg>AE</arg>
<arg>AF</arg>
<arg>AG</arg>
<arg>AI</arg>
<arg>AL</arg>
<arg>AM</arg>
<arg>AO</arg>
<arg>AQ</arg>
<arg>AR</arg>
<arg>AS</arg>
<arg>AT</arg>
<arg>AU</arg>
<arg>AW</arg>
<arg>AX</arg>
<arg>AZ</arg>
<arg>BA</arg>
<arg>BB</arg>
<arg>BD</arg>
<arg>BE</arg>
<arg>BF</arg>
<arg>BG</arg>
<arg>BH</arg>
<arg>BI</arg>
<arg>BJ</arg>
<arg>BL</arg>
<arg>BM</arg>
<arg>BN</arg>
<arg>BO</arg>
<arg>BQ</arg>
<arg>BR</arg>
<arg>BS</arg>
<arg>BT</arg>
<arg>BV</arg>
<arg>BW</arg>
<arg>BY</arg>
<arg>BZ</arg>
<arg>CA</arg>
<arg>CC</arg>
<arg>CD</arg>
<arg>CF</arg>
<arg>CG</arg>
<arg>CH</arg>
<arg>CI</arg>
<arg>CK</arg>
<arg>CL</arg>
<arg>CM</arg>
<arg>CN</arg>
<arg>CO</arg>
<arg>CR</arg>
<arg>CU</arg>
<arg>CV</arg>
<arg>CW</arg>
<arg>CX</arg>
<arg>CY</arg>
<arg>CZ</arg>
<arg>DE</arg>
<arg>DJ</arg>
<arg>DK</arg>
<arg>DM</arg>
<arg>DO</arg>
<arg>DZ</arg>
<arg>EC</arg>
<arg>EE</arg>
<arg>EG</arg>
<arg>EH</arg>
<arg>ER</arg>
<arg>ES</arg>
<arg>ET</arg>
<arg>FI</arg>
<arg>FJ</arg>
<arg>FK</arg>
<arg>FM</arg>
<arg>FO</arg>
<arg>FR</arg>
<arg>GA</arg>
<arg>GB</arg>
<arg>GD</arg>
<arg>GE</arg>
<arg>GF</arg>
<arg>GG</arg>
<arg>GH</arg>
<arg>GI</arg>
<arg>GL</arg>
<arg>GM</arg>
<arg>GN</arg>
<arg>GP</arg>
<arg>GQ</arg>
<arg>GR</arg>
<arg>GS</arg>
<arg>GT</arg>
<arg>GU</arg>
<arg>GW</arg>
<arg>GY</arg>
<arg>HK</arg>
<arg>HM</arg>
<arg>HN</arg>
<arg>HR</arg>
<arg>HT</arg>
<arg>HU</arg>
<arg>ID</arg>
<arg>IE</arg>
<arg>IL</arg>
<arg>IM</arg>
<arg>IN</arg>
<arg>IO</arg>
<arg>IQ</arg>
<arg>IR</arg>
<arg>IS</arg>
<arg>IT</arg>
<arg>JE</arg>
<arg>JM</arg>
<arg>JO</arg>
<arg>JP</arg>
<arg>KE</arg>
<arg>KG</arg>
<arg>KH</arg>
<arg>KI</arg>
<arg>KM</arg>
<arg>KN</arg>
<arg>KP</arg>
<arg>KR</arg>
<arg>KW</arg>
<arg>KY</arg>
<arg>KZ</arg>
<arg>LA</arg>
<arg>LB</arg>
<arg>LC</arg>
<arg>LI</arg>
<arg>LK</arg>
<arg>LR</arg>
<arg>LS</arg>
<arg>LT</arg>
<arg>LU</arg>
<arg>LV</arg>
<arg>LY</arg>
<arg>MA</arg>
<arg>MC</arg>
<arg>MD</arg>
<arg>ME</arg>
<arg>MF</arg>
<arg>MG</arg>
<arg>MH</arg>
<arg>MK</arg>
<arg>ML</arg>
<arg>MM</arg>
<arg>MN</arg>
<arg>MO</arg>
<arg>MP</arg>
<arg>MQ</arg>
<arg>MR</arg>
<arg>MS</arg>
<arg>MT</arg>
<arg>MU</arg>
<arg>MV</arg>
<arg>MW</arg>
<arg>MX</arg>
<arg>MY</arg>
<arg>MZ</arg>
<arg>NA</arg>
<arg>NC</arg>
<arg>NE</arg>
<arg>NF</arg>
<arg>NG</arg>
<arg>NI</arg>
<arg>NL</arg>
<arg>NO</arg>
<arg>NP</arg>
<arg>NR</arg>
<arg>NU</arg>
<arg>NZ</arg>
<arg>OM</arg>
<arg>PA</arg>
<arg>PE</arg>
<arg>PF</arg>
<arg>PG</arg>
<arg>PH</arg>
<arg>PK</arg>
<arg>PL</arg>
<arg>PM</arg>
<arg>PN</arg>
<arg>PR</arg>
<arg>PS</arg>
<arg>PT</arg>
<arg>PW</arg>
<arg>PY</arg>
<arg>QA</arg>
<arg>RE</arg>
<arg>RO</arg>
<arg>RS</arg>
<arg>RU</arg>
<arg>RW</arg>
<arg>SA</arg>
<arg>SB</arg>
<arg>SC</arg>
<arg>SD</arg>
<arg>SE</arg>
<arg>SG</arg>
<arg>SH</arg>
<arg>SI</arg>
<arg>SJ</arg>
<arg>SK</arg>
<arg>SL</arg>
<arg>SM</arg>
<arg>SN</arg>
<arg>SO</arg>
<arg>SR</arg>
<arg>SS</arg>
<arg>ST</arg>
<arg>SV</arg>
<arg>SX</arg>
<arg>SY</arg>
<arg>SZ</arg>
<arg>TC</arg>
<arg>TD</arg>
<arg>TF</arg>
<arg>TG</arg>
<arg>TH</arg>
<arg>TJ</arg>
<arg>TK</arg>
<arg>TL</arg>
<arg>TM</arg>
<arg>TN</arg>
<arg>TO</arg>
<arg>TR</arg>
<arg>TT</arg>
<arg>TV</arg>
<arg>TW</arg>
<arg>TZ</arg>
<arg>UA</arg>
<arg>UG</arg>
<arg>UM</arg>
<arg>US</arg>
<arg>UY</arg>
<arg>UZ</arg>
<arg>VA</arg>
<arg>VC</arg>
<arg>VE</arg>
<arg>VG</arg>
<arg>VI</arg>
<arg>VN</arg>
<arg>VU</arg>
<arg>WF</arg>
<arg>WS</arg>
<arg>XK</arg>
<arg>YE</arg>
<arg>YT</arg>
<arg>ZA</arg>
<arg>ZM</arg>
<arg>ZW</arg>
<doc>Returns a list containing given items.</doc>
<status status="PASS" start="2024-05-10T15:14:23.324899" elapsed="0.000616"/>
</kw>
<kw name="List Should Contain Value" owner="Collections">
<msg time="2024-05-10T15:14:23.326499" level="INFO">False</msg>
<arg>${list_country}</arg>
<arg>${name_country}</arg>
<doc>Fails if the ``value`` is not found from ``list``.</doc>
<status status="PASS" start="2024-05-10T15:14:23.326303" elapsed="0.000232"/>
</kw>
<kw name="Run Keyword If" owner="BuiltIn">
<kw name="Should Be True" owner="BuiltIn">
<arg>${True}</arg>
<doc>Fails if the given condition is not true.</doc>
<status status="PASS" start="2024-05-10T15:14:23.327641" elapsed="0.000247"/>
</kw>
<arg>${json_data["results"][0]["location"]["coordinates"]["latitude"]} &gt;= -90 and ${json_data["results"][0]["location"]["coordinates"]["latitude"]} &lt;= 90</arg>
<arg>Should Be True</arg>
<arg>${True}</arg>
<doc>Runs the given keyword with the given arguments, if ``condition`` is true.</doc>
<status status="PASS" start="2024-05-10T15:14:23.326845" elapsed="0.001174"/>
</kw>
<kw name="Run Keyword If" owner="BuiltIn">
<kw name="Should Be True" owner="BuiltIn">
<arg>${True}</arg>
<doc>Fails if the given condition is not true.</doc>
<status status="PASS" start="2024-05-10T15:14:23.328902" elapsed="0.000137"/>
</kw>
<arg>${json_data["results"][0]["location"]["coordinates"]["longitude"]} &gt;= -180 and ${json_data["results"][0]["location"]["coordinates"]["longitude"]} &lt;= 180</arg>
<arg>Should Be True</arg>
<arg>${True}</arg>
<doc>Runs the given keyword with the given arguments, if ``condition`` is true.</doc>
<status status="PASS" start="2024-05-10T15:14:23.328206" elapsed="0.000956"/>
</kw>
<status status="PASS" start="2024-05-10T15:14:23.209839" elapsed="0.119450"/>
</kw>
<doc>Testa o conteúdo específico dos campos retornados pela API.</doc>
<tag>testeConteudo</tag>
<status status="PASS" start="2024-05-10T15:14:23.209314" elapsed="0.120121"/>
</test>
<status status="PASS" start="2024-05-10T15:14:22.069053" elapsed="1.262383"/>
</suite>
<status status="PASS" start="2024-05-10T15:14:22.055423" elapsed="1.281163"/>
</suite>
<statistics>
<total>
<stat pass="5" fail="0" skip="0">All Tests</stat>
</total>
<tag>
<stat pass="1" fail="0" skip="0">testeConteudo</stat>
<stat pass="1" fail="0" skip="0">testeEstruturaResposta</stat>
<stat pass="1" fail="0" skip="0">testeRequisicaoBasica</stat>
<stat pass="1" fail="0" skip="0">testeTiposDados</stat>
</tag>
<suite>
<stat pass="5" fail="0" skip="0" id="s1" name="Tests">Tests</stat>
<stat pass="5" fail="0" skip="0" id="s1-s1" name="Random-User-Test">Tests.Random-User-Test</stat>
</suite>
</statistics>
<errors>
</errors>
</robot>
