<?xml version="1.0" encoding="UTF-8"?>
<robot generator="Robot 7.0 (Python 3.12.2 on linux)" generated="2024-04-09T11:11:44.747527" rpa="false" schemaversion="5">
<suite id="s1" name="Tests" source="/home/runner/work/DesafioQAItauRogerioJordao/DesafioQAItauRogerioJordao/RamdonUser/tests">
<suite id="s1-s1" name="Random-User-Test" source="/home/runner/work/DesafioQAItauRogerioJordao/DesafioQAItauRogerioJordao/RamdonUser/tests/random-user-test.robot">
<test id="s1-s1-t1" name="Conectar" line="13">
<kw name="Conectar API" owner="random-user-service">
<kw name="Create Session" owner="RequestsLibrary">
<msg time="2024-04-09T11:11:45.163522" level="INFO">Creating Session using : alias=consultarAPI, url=https://randomuser.me/, headers={},                     cookies={}, auth=None, timeout=None, proxies=None, verify=False,                     debug=0 </msg>
<arg>consultarAPI</arg>
<arg>${URL}</arg>
<doc>Create Session: create a HTTP session to a server</doc>
<status status="PASS" start="2024-04-09T11:11:45.163284" elapsed="0.000424"/>
</kw>
<status status="PASS" start="2024-04-09T11:11:45.162227" elapsed="0.001853"/>
</kw>
<status status="PASS" start="2024-04-09T11:11:45.161682" elapsed="0.002604"/>
</test>
<test id="s1-s1-t2" name="Validar retorno 200 e JSON Válido" line="16">
<kw name="Teste de Requisicao Basica" owner="random-user-service">
<kw name="GET On Session" owner="RequestsLibrary">
<msg time="2024-04-09T11:11:45.256434" level="INFO">GET Request : url=https://randomuser.me/api 
 path_url=/api 
 headers={'User-Agent': 'python-requests/2.31.0', 'Accept-Encoding': 'gzip, deflate', 'Accept': '*/*', 'Connection': 'keep-alive'} 
 body=None 
 </msg>
<msg time="2024-04-09T11:11:45.256574" level="INFO">GET Response : url=https://randomuser.me/api 
 status=200, reason=OK 
 headers={'Date': 'Tue, 09 Apr 2024 11:11:45 GMT', 'Content-Type': 'application/json; charset=utf-8', 'Transfer-Encoding': 'chunked', 'Connection': 'keep-alive', 'X-Powered-By': 'Express', 'Access-Control-Allow-Origin': '*', 'Cache-Control': 'no-cache', 'ETag': 'W/"491-sPGuPhZ5zg7KCgDxkDG7V1EFzkQ"', 'Vary': 'Accept-Encoding', 'Content-Encoding': 'gzip', 'CF-Cache-Status': 'DYNAMIC', 'Report-To': '{"endpoints":[{"url":"https:\\/\\/a.nel.cloudflare.com\\/report\\/v4?s=TaBTldeLk0THG5BPRvOmCipJ13gSW4k2kObq9e4%2FOk745SZt0x0gGJ6qkGf4Q2U4KXf6tnWezJC8PVQYaDmRwYJCR6EoWn%2FO%2FLFyBsLCb5XRgcmivYSpCSR%2BCQlMQs9g"}],"group":"cf-nel","max_age":604800}', 'NEL': '{"success_fraction":0,"report_to":"cf-nel","max_age":604800}', 'Server': 'cloudflare', 'CF-RAY': '871a0ee38d0a608a-ORD', 'alt-svc': 'h3=":443"; ma=86400'} 
 body={"results":[{"gender":"male","name":{"title":"Mr","first":"Felix","last":"Brooks"},"location":{"street":{"number":6716,"name":"Oak Ridge Ln"},"city":"Tyler","state":"Louisiana","country":"United States","postcode":72719,"coordinates":{"latitude":"87.7471","longitude":"-89.3324"},"timezone":{"offset":"-3:00","description":"Brazil, Buenos Aires, Georgetown"}},"email":"felix.brooks@example.com","login":{"uuid":"515a9e5b-5230-4a84-82e4-61a1946d14dc","username":"whiteelephant469","password":"brianna","salt":"wklaOGrs","md5":"43d95ad0dc9c06b8079a3ceb2ef23e66","sha1":"632140930c97a93c6c2aff52b6f4a4457d959b08","sha256":"a1c6b825d2998a837613357bb7240d3ff01ca95dd21012d818364166b0d793b9"},"dob":{"date":"1950-03-17T10:55:54.974Z","age":74},"registered":{"date":"2016-01-07T15:53:43.221Z","age":8},"phone":"(624) 812-8729","cell":"(730) 507-4258","id":{"name":"SSN","value":"605-81-0941"},"picture":{"large":"https://randomuser.me/api/portraits/men/11.jpg","medium":"https://randomuser.me/api/portraits/med/men/11.jpg","thumbnail":"https://randomuser.me/api/portraits/thumb/men/11.jpg"},"nat":"US"}],"info":{"seed":"b55c44039377a503","results":1,"page":1,"version":"1.4"}} 
 </msg>
<msg time="2024-04-09T11:11:45.256651" level="INFO">/opt/hostedtoolcache/Python/3.12.2/x64/lib/python3.12/site-packages/urllib3/connectionpool.py:1103: InsecureRequestWarning: Unverified HTTPS request is being made to host 'randomuser.me'. Adding certificate verification is strongly advised. See: https://urllib3.readthedocs.io/en/latest/advanced-usage.html#tls-warnings
  warnings.warn(</msg>
<msg time="2024-04-09T11:11:45.256790" level="INFO">${response} = &lt;Response [200]&gt;</msg>
<var>${response}</var>
<arg>consultarAPI</arg>
<arg>/api</arg>
<doc>Sends a GET request on a previously created HTTP Session.</doc>
<status status="PASS" start="2024-04-09T11:11:45.166849" elapsed="0.089983"/>
</kw>
<kw name="Should Be Equal As Numbers" owner="BuiltIn">
<msg time="2024-04-09T11:11:45.257811" level="INFO">Argument types are:
&lt;class 'int'&gt;
&lt;class 'str'&gt;</msg>
<arg>${response.status_code}</arg>
<arg>200</arg>
<doc>Fails if objects are unequal after converting them to real numbers.</doc>
<status status="PASS" start="2024-04-09T11:11:45.257353" elapsed="0.000525"/>
</kw>
<kw name="Log" owner="BuiltIn">
<msg time="2024-04-09T11:11:45.258578" level="INFO">200</msg>
<arg>${response.status_code}</arg>
<doc>Logs the given message with the given level.</doc>
<status status="PASS" start="2024-04-09T11:11:45.258213" elapsed="0.000411"/>
</kw>
<kw name="Set Variable" owner="BuiltIn">
<msg time="2024-04-09T11:11:45.259441" level="INFO">${json_data} = {'results': [{'gender': 'male', 'name': {'title': 'Mr', 'first': 'Felix', 'last': 'Brooks'}, 'location': {'street': {'number': 6716, 'name': 'Oak Ridge Ln'}, 'city': 'Tyler', 'state': 'Louisiana', 'co...</msg>
<var>${json_data}</var>
<arg>${response.json()}</arg>
<doc>Returns the given values which can then be assigned to a variables.</doc>
<status status="PASS" start="2024-04-09T11:11:45.258972" elapsed="0.000527"/>
</kw>
<kw name="Dictionary Should Contain Key" owner="Collections">
<msg time="2024-04-09T11:11:45.260001" level="INFO">False</msg>
<arg>${json_data}</arg>
<arg>results</arg>
<doc>Fails if ``key`` is not found from ``dictionary``.</doc>
<status status="PASS" start="2024-04-09T11:11:45.259831" elapsed="0.000210"/>
</kw>
<status status="PASS" start="2024-04-09T11:11:45.166596" elapsed="0.093718"/>
</kw>
<doc>Testa se a API responde corretamente e retorna um objeto JSON válido.</doc>
<tag>testeRequisicaoBasica</tag>
<status status="PASS" start="2024-04-09T11:11:45.166133" elapsed="0.094396"/>
</test>
<test id="s1-s1-t3" name="Validar estrutura de resposta" line="22">
<kw name="Teste de Estrutura de Resposta" owner="random-user-service">
<kw name="GET On Session" owner="RequestsLibrary">
<msg time="2024-04-09T11:11:45.354471" level="INFO">GET Request : url=https://randomuser.me/api 
 path_url=/api 
 headers={'User-Agent': 'python-requests/2.31.0', 'Accept-Encoding': 'gzip, deflate', 'Accept': '*/*', 'Connection': 'keep-alive'} 
 body=None 
 </msg>
<msg time="2024-04-09T11:11:45.354564" level="INFO">GET Response : url=https://randomuser.me/api 
 status=200, reason=OK 
 headers={'Date': 'Tue, 09 Apr 2024 11:11:45 GMT', 'Content-Type': 'application/json; charset=utf-8', 'Transfer-Encoding': 'chunked', 'Connection': 'keep-alive', 'X-Powered-By': 'Express', 'Access-Control-Allow-Origin': '*', 'Cache-Control': 'no-cache', 'ETag': 'W/"488-AlcQqS09/7ndkqjG4OdBWgborhk"', 'Vary': 'Accept-Encoding', 'Content-Encoding': 'gzip', 'CF-Cache-Status': 'DYNAMIC', 'Report-To': '{"endpoints":[{"url":"https:\\/\\/a.nel.cloudflare.com\\/report\\/v4?s=xAItH0S7xAjBegZtNyFj7dBJAqnv4%2FGyJTr8TuwmBuDhCovhgJWqEv2PDgWYKwkCpk1aVQVXEyGplOHKD%2FWopnL1LqIVQuTbUfshPPGfBiv9QX%2BegI6jEPiNwuzKRnFH"}],"group":"cf-nel","max_age":604800}', 'NEL': '{"success_fraction":0,"report_to":"cf-nel","max_age":604800}', 'Server': 'cloudflare', 'CF-RAY': '871a0ee3ed68608a-ORD', 'alt-svc': 'h3=":443"; ma=86400'} 
 body={"results":[{"gender":"male","name":{"title":"Monsieur","first":"Lorenzo","last":"Louis"},"location":{"street":{"number":642,"name":"Rue Jean-Baldassini"},"city":"Ammerswil","state":"Bern","country":"Switzerland","postcode":2132,"coordinates":{"latitude":"-61.2348","longitude":"-28.3779"},"timezone":{"offset":"-3:30","description":"Newfoundland"}},"email":"lorenzo.louis@example.com","login":{"uuid":"9951e036-e784-4019-9e09-97c92bf0216f","username":"angrymeercat626","password":"tyler","salt":"6EFrceMJ","md5":"046c53665e75c050934fc95bcff9b88b","sha1":"81ee495f355704100c4bff882ac94e617a5bcbdf","sha256":"51952041fec2410c081ef38349d3e49cbf1642d8e49f268629acd6f63c7ee215"},"dob":{"date":"1971-03-19T08:31:28.938Z","age":53},"registered":{"date":"2018-08-06T16:05:08.174Z","age":5},"phone":"078 901 13 95","cell":"076 843 13 63","id":{"name":"AVS","value":"756.5597.1979.69"},"picture":{"large":"https://randomuser.me/api/portraits/men/61.jpg","medium":"https://randomuser.me/api/portraits/med/men/61.jpg","thumbnail":"https://randomuser.me/api/portraits/thumb/men/61.jpg"},"nat":"CH"}],"info":{"seed":"26ba8d3a469ded10","results":1,"page":1,"version":"1.4"}} 
 </msg>
<msg time="2024-04-09T11:11:45.354704" level="INFO">/opt/hostedtoolcache/Python/3.12.2/x64/lib/python3.12/site-packages/urllib3/connectionpool.py:1103: InsecureRequestWarning: Unverified HTTPS request is being made to host 'randomuser.me'. Adding certificate verification is strongly advised. See: https://urllib3.readthedocs.io/en/latest/advanced-usage.html#tls-warnings
  warnings.warn(</msg>
<msg time="2024-04-09T11:11:45.354822" level="INFO">${response} = &lt;Response [200]&gt;</msg>
<var>${response}</var>
<arg>consultarAPI</arg>
<arg>/api</arg>
<doc>Sends a GET request on a previously created HTTP Session.</doc>
<status status="PASS" start="2024-04-09T11:11:45.263405" elapsed="0.091453"/>
</kw>
<kw name="Set Variable" owner="BuiltIn">
<msg time="2024-04-09T11:11:45.355910" level="INFO">${json_data} = {'results': [{'gender': 'male', 'name': {'title': 'Monsieur', 'first': 'Lorenzo', 'last': 'Louis'}, 'location': {'street': {'number': 642, 'name': 'Rue Jean-Baldassini'}, 'city': 'Ammerswil', 'state':...</msg>
<var>${json_data}</var>
<arg>${response.json()}</arg>
<doc>Returns the given values which can then be assigned to a variables.</doc>
<status status="PASS" start="2024-04-09T11:11:45.355355" elapsed="0.000585"/>
</kw>
<kw name="Log" owner="BuiltIn">
<msg time="2024-04-09T11:11:45.356417" level="INFO">{'results': [{'gender': 'male', 'name': {'title': 'Monsieur', 'first': 'Lorenzo', 'last': 'Louis'}, 'location': {'street': {'number': 642, 'name': 'Rue Jean-Baldassini'}, 'city': 'Ammerswil', 'state': 'Bern', 'country': 'Switzerland', 'postcode': 2132, 'coordinates': {'latitude': '-61.2348', 'longitude': '-28.3779'}, 'timezone': {'offset': '-3:30', 'description': 'Newfoundland'}}, 'email': 'lorenzo.louis@example.com', 'login': {'uuid': '9951e036-e784-4019-9e09-97c92bf0216f', 'username': 'angrymeercat626', 'password': 'tyler', 'salt': '6EFrceMJ', 'md5': '046c53665e75c050934fc95bcff9b88b', 'sha1': '81ee495f355704100c4bff882ac94e617a5bcbdf', 'sha256': '51952041fec2410c081ef38349d3e49cbf1642d8e49f268629acd6f63c7ee215'}, 'dob': {'date': '1971-03-19T08:31:28.938Z', 'age': 53}, 'registered': {'date': '2018-08-06T16:05:08.174Z', 'age': 5}, 'phone': '078 901 13 95', 'cell': '076 843 13 63', 'id': {'name': 'AVS', 'value': '756.5597.1979.69'}, 'picture': {'large': 'https://randomuser.me/api/portraits/men/61.jpg', 'medium': 'https://randomuser.me/api/portraits/med/men/61.jpg', 'thumbnail': 'https://randomuser.me/api/portraits/thumb/men/61.jpg'}, 'nat': 'CH'}], 'info': {'seed': '26ba8d3a469ded10', 'results': 1, 'page': 1, 'version': '1.4'}}</msg>
<arg>${json_data}</arg>
<doc>Logs the given message with the given level.</doc>
<status status="PASS" start="2024-04-09T11:11:45.356258" elapsed="0.000207"/>
</kw>
<kw name="Dictionary Should Contain Key" owner="Collections">
<msg time="2024-04-09T11:11:45.356928" level="INFO">False</msg>
<arg>${json_data}</arg>
<arg>results</arg>
<doc>Fails if ``key`` is not found from ``dictionary``.</doc>
<status status="PASS" start="2024-04-09T11:11:45.356769" elapsed="0.000197"/>
</kw>
<kw name="Should Not Be Empty" owner="BuiltIn">
<msg time="2024-04-09T11:11:45.357402" level="INFO">Length is 2.</msg>
<arg>${json_data}</arg>
<doc>Verifies that the given item is not empty.</doc>
<status status="PASS" start="2024-04-09T11:11:45.357267" elapsed="0.000175"/>
</kw>
<kw name="Create List" owner="BuiltIn">
<msg time="2024-04-09T11:11:45.357893" level="INFO">${expected_keys} = ['gender', 'name', 'location', 'email', 'login']</msg>
<var>${expected_keys}</var>
<arg>gender</arg>
<arg>name</arg>
<arg>location</arg>
<arg>email</arg>
<arg>login</arg>
<doc>Returns a list containing given items.</doc>
<status status="PASS" start="2024-04-09T11:11:45.357737" elapsed="0.000181"/>
</kw>
<for flavor="IN">
<iter>
<kw name="Dictionary Should Contain Key" owner="Collections">
<msg time="2024-04-09T11:11:45.358937" level="INFO">False</msg>
<arg>${json_data['results'][0]}</arg>
<arg>${key}</arg>
<doc>Fails if ``key`` is not found from ``dictionary``.</doc>
<status status="PASS" start="2024-04-09T11:11:45.358509" elapsed="0.000469"/>
</kw>
<kw name="Log" owner="BuiltIn">
<msg time="2024-04-09T11:11:45.359708" level="INFO">{'gender': 'male', 'name': {'title': 'Monsieur', 'first': 'Lorenzo', 'last': 'Louis'}, 'location': {'street': {'number': 642, 'name': 'Rue Jean-Baldassini'}, 'city': 'Ammerswil', 'state': 'Bern', 'country': 'Switzerland', 'postcode': 2132, 'coordinates': {'latitude': '-61.2348', 'longitude': '-28.3779'}, 'timezone': {'offset': '-3:30', 'description': 'Newfoundland'}}, 'email': 'lorenzo.louis@example.com', 'login': {'uuid': '9951e036-e784-4019-9e09-97c92bf0216f', 'username': 'angrymeercat626', 'password': 'tyler', 'salt': '6EFrceMJ', 'md5': '046c53665e75c050934fc95bcff9b88b', 'sha1': '81ee495f355704100c4bff882ac94e617a5bcbdf', 'sha256': '51952041fec2410c081ef38349d3e49cbf1642d8e49f268629acd6f63c7ee215'}, 'dob': {'date': '1971-03-19T08:31:28.938Z', 'age': 53}, 'registered': {'date': '2018-08-06T16:05:08.174Z', 'age': 5}, 'phone': '078 901 13 95', 'cell': '076 843 13 63', 'id': {'name': 'AVS', 'value': '756.5597.1979.69'}, 'picture': {'large': 'https://randomuser.me/api/portraits/men/61.jpg', 'medium': 'https://randomuser.me/api/portraits/med/men/61.jpg', 'thumbnail': 'https://randomuser.me/api/portraits/thumb/men/61.jpg'}, 'nat': 'CH'}</msg>
<arg>${json_data['results'][0]}</arg>
<doc>Logs the given message with the given level.</doc>
<status status="PASS" start="2024-04-09T11:11:45.359294" elapsed="0.000470"/>
</kw>
<kw name="Log" owner="BuiltIn">
<msg time="2024-04-09T11:11:45.360215" level="INFO">gender</msg>
<arg>${key}</arg>
<doc>Logs the given message with the given level.</doc>
<status status="PASS" start="2024-04-09T11:11:45.360083" elapsed="0.000171"/>
</kw>
<var name="${key}">gender</var>
<status status="PASS" start="2024-04-09T11:11:45.358381" elapsed="0.002103"/>
</iter>
<iter>
<kw name="Dictionary Should Contain Key" owner="Collections">
<msg time="2024-04-09T11:11:45.361190" level="INFO">False</msg>
<arg>${json_data['results'][0]}</arg>
<arg>${key}</arg>
<doc>Fails if ``key`` is not found from ``dictionary``.</doc>
<status status="PASS" start="2024-04-09T11:11:45.360798" elapsed="0.000431"/>
</kw>
<kw name="Log" owner="BuiltIn">
<msg time="2024-04-09T11:11:45.361925" level="INFO">{'gender': 'male', 'name': {'title': 'Monsieur', 'first': 'Lorenzo', 'last': 'Louis'}, 'location': {'street': {'number': 642, 'name': 'Rue Jean-Baldassini'}, 'city': 'Ammerswil', 'state': 'Bern', 'country': 'Switzerland', 'postcode': 2132, 'coordinates': {'latitude': '-61.2348', 'longitude': '-28.3779'}, 'timezone': {'offset': '-3:30', 'description': 'Newfoundland'}}, 'email': 'lorenzo.louis@example.com', 'login': {'uuid': '9951e036-e784-4019-9e09-97c92bf0216f', 'username': 'angrymeercat626', 'password': 'tyler', 'salt': '6EFrceMJ', 'md5': '046c53665e75c050934fc95bcff9b88b', 'sha1': '81ee495f355704100c4bff882ac94e617a5bcbdf', 'sha256': '51952041fec2410c081ef38349d3e49cbf1642d8e49f268629acd6f63c7ee215'}, 'dob': {'date': '1971-03-19T08:31:28.938Z', 'age': 53}, 'registered': {'date': '2018-08-06T16:05:08.174Z', 'age': 5}, 'phone': '078 901 13 95', 'cell': '076 843 13 63', 'id': {'name': 'AVS', 'value': '756.5597.1979.69'}, 'picture': {'large': 'https://randomuser.me/api/portraits/men/61.jpg', 'medium': 'https://randomuser.me/api/portraits/med/men/61.jpg', 'thumbnail': 'https://randomuser.me/api/portraits/thumb/men/61.jpg'}, 'nat': 'CH'}</msg>
<arg>${json_data['results'][0]}</arg>
<doc>Logs the given message with the given level.</doc>
<status status="PASS" start="2024-04-09T11:11:45.361562" elapsed="0.000412"/>
</kw>
<kw name="Log" owner="BuiltIn">
<msg time="2024-04-09T11:11:45.362410" level="INFO">name</msg>
<arg>${key}</arg>
<doc>Logs the given message with the given level.</doc>
<status status="PASS" start="2024-04-09T11:11:45.362277" elapsed="0.000174"/>
</kw>
<var name="${key}">name</var>
<status status="PASS" start="2024-04-09T11:11:45.360681" elapsed="0.002098"/>
</iter>
<iter>
<kw name="Dictionary Should Contain Key" owner="Collections">
<msg time="2024-04-09T11:11:45.363617" level="INFO">False</msg>
<arg>${json_data['results'][0]}</arg>
<arg>${key}</arg>
<doc>Fails if ``key`` is not found from ``dictionary``.</doc>
<status status="PASS" start="2024-04-09T11:11:45.363169" elapsed="0.000490"/>
</kw>
<kw name="Log" owner="BuiltIn">
<msg time="2024-04-09T11:11:45.364345" level="INFO">{'gender': 'male', 'name': {'title': 'Monsieur', 'first': 'Lorenzo', 'last': 'Louis'}, 'location': {'street': {'number': 642, 'name': 'Rue Jean-Baldassini'}, 'city': 'Ammerswil', 'state': 'Bern', 'country': 'Switzerland', 'postcode': 2132, 'coordinates': {'latitude': '-61.2348', 'longitude': '-28.3779'}, 'timezone': {'offset': '-3:30', 'description': 'Newfoundland'}}, 'email': 'lorenzo.louis@example.com', 'login': {'uuid': '9951e036-e784-4019-9e09-97c92bf0216f', 'username': 'angrymeercat626', 'password': 'tyler', 'salt': '6EFrceMJ', 'md5': '046c53665e75c050934fc95bcff9b88b', 'sha1': '81ee495f355704100c4bff882ac94e617a5bcbdf', 'sha256': '51952041fec2410c081ef38349d3e49cbf1642d8e49f268629acd6f63c7ee215'}, 'dob': {'date': '1971-03-19T08:31:28.938Z', 'age': 53}, 'registered': {'date': '2018-08-06T16:05:08.174Z', 'age': 5}, 'phone': '078 901 13 95', 'cell': '076 843 13 63', 'id': {'name': 'AVS', 'value': '756.5597.1979.69'}, 'picture': {'large': 'https://randomuser.me/api/portraits/men/61.jpg', 'medium': 'https://randomuser.me/api/portraits/med/men/61.jpg', 'thumbnail': 'https://randomuser.me/api/portraits/thumb/men/61.jpg'}, 'nat': 'CH'}</msg>
<arg>${json_data['results'][0]}</arg>
<doc>Logs the given message with the given level.</doc>
<status status="PASS" start="2024-04-09T11:11:45.363972" elapsed="0.000430"/>
</kw>
<kw name="Log" owner="BuiltIn">
<msg time="2024-04-09T11:11:45.364900" level="INFO">location</msg>
<arg>${key}</arg>
<doc>Logs the given message with the given level.</doc>
<status status="PASS" start="2024-04-09T11:11:45.364711" elapsed="0.000235"/>
</kw>
<var name="${key}">location</var>
<status status="PASS" start="2024-04-09T11:11:45.363046" elapsed="0.002145"/>
</iter>
<iter>
<kw name="Dictionary Should Contain Key" owner="Collections">
<msg time="2024-04-09T11:11:45.366072" level="INFO">False</msg>
<arg>${json_data['results'][0]}</arg>
<arg>${key}</arg>
<doc>Fails if ``key`` is not found from ``dictionary``.</doc>
<status status="PASS" start="2024-04-09T11:11:45.365670" elapsed="0.000441"/>
</kw>
<kw name="Log" owner="BuiltIn">
<msg time="2024-04-09T11:11:45.366788" level="INFO">{'gender': 'male', 'name': {'title': 'Monsieur', 'first': 'Lorenzo', 'last': 'Louis'}, 'location': {'street': {'number': 642, 'name': 'Rue Jean-Baldassini'}, 'city': 'Ammerswil', 'state': 'Bern', 'country': 'Switzerland', 'postcode': 2132, 'coordinates': {'latitude': '-61.2348', 'longitude': '-28.3779'}, 'timezone': {'offset': '-3:30', 'description': 'Newfoundland'}}, 'email': 'lorenzo.louis@example.com', 'login': {'uuid': '9951e036-e784-4019-9e09-97c92bf0216f', 'username': 'angrymeercat626', 'password': 'tyler', 'salt': '6EFrceMJ', 'md5': '046c53665e75c050934fc95bcff9b88b', 'sha1': '81ee495f355704100c4bff882ac94e617a5bcbdf', 'sha256': '51952041fec2410c081ef38349d3e49cbf1642d8e49f268629acd6f63c7ee215'}, 'dob': {'date': '1971-03-19T08:31:28.938Z', 'age': 53}, 'registered': {'date': '2018-08-06T16:05:08.174Z', 'age': 5}, 'phone': '078 901 13 95', 'cell': '076 843 13 63', 'id': {'name': 'AVS', 'value': '756.5597.1979.69'}, 'picture': {'large': 'https://randomuser.me/api/portraits/men/61.jpg', 'medium': 'https://randomuser.me/api/portraits/med/men/61.jpg', 'thumbnail': 'https://randomuser.me/api/portraits/thumb/men/61.jpg'}, 'nat': 'CH'}</msg>
<arg>${json_data['results'][0]}</arg>
<doc>Logs the given message with the given level.</doc>
<status status="PASS" start="2024-04-09T11:11:45.366421" elapsed="0.000417"/>
</kw>
<kw name="Log" owner="BuiltIn">
<msg time="2024-04-09T11:11:45.367274" level="INFO">email</msg>
<arg>${key}</arg>
<doc>Logs the given message with the given level.</doc>
<status status="PASS" start="2024-04-09T11:11:45.367143" elapsed="0.000170"/>
</kw>
<var name="${key}">email</var>
<status status="PASS" start="2024-04-09T11:11:45.365474" elapsed="0.002087"/>
</iter>
<iter>
<kw name="Dictionary Should Contain Key" owner="Collections">
<msg time="2024-04-09T11:11:45.368260" level="INFO">False</msg>
<arg>${json_data['results'][0]}</arg>
<arg>${key}</arg>
<doc>Fails if ``key`` is not found from ``dictionary``.</doc>
<status status="PASS" start="2024-04-09T11:11:45.367863" elapsed="0.000436"/>
</kw>
<kw name="Log" owner="BuiltIn">
<msg time="2024-04-09T11:11:45.368965" level="INFO">{'gender': 'male', 'name': {'title': 'Monsieur', 'first': 'Lorenzo', 'last': 'Louis'}, 'location': {'street': {'number': 642, 'name': 'Rue Jean-Baldassini'}, 'city': 'Ammerswil', 'state': 'Bern', 'country': 'Switzerland', 'postcode': 2132, 'coordinates': {'latitude': '-61.2348', 'longitude': '-28.3779'}, 'timezone': {'offset': '-3:30', 'description': 'Newfoundland'}}, 'email': 'lorenzo.louis@example.com', 'login': {'uuid': '9951e036-e784-4019-9e09-97c92bf0216f', 'username': 'angrymeercat626', 'password': 'tyler', 'salt': '6EFrceMJ', 'md5': '046c53665e75c050934fc95bcff9b88b', 'sha1': '81ee495f355704100c4bff882ac94e617a5bcbdf', 'sha256': '51952041fec2410c081ef38349d3e49cbf1642d8e49f268629acd6f63c7ee215'}, 'dob': {'date': '1971-03-19T08:31:28.938Z', 'age': 53}, 'registered': {'date': '2018-08-06T16:05:08.174Z', 'age': 5}, 'phone': '078 901 13 95', 'cell': '076 843 13 63', 'id': {'name': 'AVS', 'value': '756.5597.1979.69'}, 'picture': {'large': 'https://randomuser.me/api/portraits/men/61.jpg', 'medium': 'https://randomuser.me/api/portraits/med/men/61.jpg', 'thumbnail': 'https://randomuser.me/api/portraits/thumb/men/61.jpg'}, 'nat': 'CH'}</msg>
<arg>${json_data['results'][0]}</arg>
<doc>Logs the given message with the given level.</doc>
<status status="PASS" start="2024-04-09T11:11:45.368598" elapsed="0.000415"/>
</kw>
<kw name="Log" owner="BuiltIn">
<msg time="2024-04-09T11:11:45.369446" level="INFO">login</msg>
<arg>${key}</arg>
<doc>Logs the given message with the given level.</doc>
<status status="PASS" start="2024-04-09T11:11:45.369316" elapsed="0.000176"/>
</kw>
<var name="${key}">login</var>
<status status="PASS" start="2024-04-09T11:11:45.367749" elapsed="0.001991"/>
</iter>
<var>${key}</var>
<value>@{expected_keys}</value>
<status status="PASS" start="2024-04-09T11:11:45.358184" elapsed="0.011688"/>
</for>
<kw name="Create List" owner="BuiltIn">
<msg time="2024-04-09T11:11:45.370215" level="INFO">${expected_keysTwo} = ['username', 'password']</msg>
<var>${expected_keysTwo}</var>
<arg>username</arg>
<arg>password</arg>
<doc>Returns a list containing given items.</doc>
<status status="PASS" start="2024-04-09T11:11:45.370073" elapsed="0.000167"/>
</kw>
<for flavor="IN">
<iter>
<kw name="Dictionary Should Contain Key" owner="Collections">
<msg time="2024-04-09T11:11:45.371267" level="INFO">False</msg>
<arg>${json_data['results'][0]['login']}</arg>
<arg>${keyTwo}</arg>
<doc>Fails if ``key`` is not found from ``dictionary``.</doc>
<status status="PASS" start="2024-04-09T11:11:45.370878" elapsed="0.000427"/>
</kw>
<kw name="Dictionary Should Contain Key" owner="Collections">
<msg time="2024-04-09T11:11:45.372033" level="INFO">False</msg>
<arg>${json_data['results'][0]['login']}</arg>
<arg>${keyTwo}</arg>
<doc>Fails if ``key`` is not found from ``dictionary``.</doc>
<status status="PASS" start="2024-04-09T11:11:45.371643" elapsed="0.000430"/>
</kw>
<kw name="Log" owner="BuiltIn">
<msg time="2024-04-09T11:11:45.372505" level="INFO">username</msg>
<arg>${keyTwo}</arg>
<doc>Logs the given message with the given level.</doc>
<status status="PASS" start="2024-04-09T11:11:45.372375" elapsed="0.000169"/>
</kw>
<var name="${keyTwo}">username</var>
<status status="PASS" start="2024-04-09T11:11:45.370764" elapsed="0.002001"/>
</iter>
<iter>
<kw name="Dictionary Should Contain Key" owner="Collections">
<msg time="2024-04-09T11:11:45.373433" level="INFO">False</msg>
<arg>${json_data['results'][0]['login']}</arg>
<arg>${keyTwo}</arg>
<doc>Fails if ``key`` is not found from ``dictionary``.</doc>
<status status="PASS" start="2024-04-09T11:11:45.373054" elapsed="0.000418"/>
</kw>
<kw name="Dictionary Should Contain Key" owner="Collections">
<msg time="2024-04-09T11:11:45.374171" level="INFO">False</msg>
<arg>${json_data['results'][0]['login']}</arg>
<arg>${keyTwo}</arg>
<doc>Fails if ``key`` is not found from ``dictionary``.</doc>
<status status="PASS" start="2024-04-09T11:11:45.373780" elapsed="0.000429"/>
</kw>
<kw name="Log" owner="BuiltIn">
<msg time="2024-04-09T11:11:45.374636" level="INFO">password</msg>
<arg>${keyTwo}</arg>
<doc>Logs the given message with the given level.</doc>
<status status="PASS" start="2024-04-09T11:11:45.374507" elapsed="0.000169"/>
</kw>
<var name="${keyTwo}">password</var>
<status status="PASS" start="2024-04-09T11:11:45.372944" elapsed="0.001952"/>
</iter>
<var>${keyTwo}</var>
<value>@{expected_keysTwo}</value>
<status status="PASS" start="2024-04-09T11:11:45.370486" elapsed="0.004534"/>
</for>
<status status="PASS" start="2024-04-09T11:11:45.263160" elapsed="0.112004"/>
</kw>
<doc>Testa a estrutura da resposta da API.</doc>
<tag>testeEstruturaResposta</tag>
<status status="PASS" start="2024-04-09T11:11:45.262455" elapsed="0.112880"/>
</test>
<test id="s1-s1-t4" name="Validar tipos de dados" line="28">
<kw name="Teste de Tipos de Dados" owner="random-user-service">
<kw name="GET On Session" owner="RequestsLibrary">
<msg time="2024-04-09T11:11:45.455957" level="INFO">GET Request : url=https://randomuser.me/api 
 path_url=/api 
 headers={'User-Agent': 'python-requests/2.31.0', 'Accept-Encoding': 'gzip, deflate', 'Accept': '*/*', 'Connection': 'keep-alive'} 
 body=None 
 </msg>
<msg time="2024-04-09T11:11:45.456070" level="INFO">GET Response : url=https://randomuser.me/api 
 status=200, reason=OK 
 headers={'Date': 'Tue, 09 Apr 2024 11:11:45 GMT', 'Content-Type': 'application/json; charset=utf-8', 'Transfer-Encoding': 'chunked', 'Connection': 'keep-alive', 'X-Powered-By': 'Express', 'Access-Control-Allow-Origin': '*', 'Cache-Control': 'no-cache', 'ETag': 'W/"481-vzb4QbkUNLqke6U79rBA+/Csq+E"', 'Vary': 'Accept-Encoding', 'Content-Encoding': 'gzip', 'CF-Cache-Status': 'DYNAMIC', 'Report-To': '{"endpoints":[{"url":"https:\\/\\/a.nel.cloudflare.com\\/report\\/v4?s=C%2BIVov4tsWlooTHNLG4iuamTIdth49UvmwEgln0D9%2FSzgzP0Ly0L9uzy8eWKkn6PRBNLQcIHgivJir5wbyyjPDMz6Lo210nEphjnE000JB5mnZE3lVgI4AFKD5twOGou"}],"group":"cf-nel","max_age":604800}', 'NEL': '{"success_fraction":0,"report_to":"cf-nel","max_age":604800}', 'Server': 'cloudflare', 'CF-RAY': '871a0ee49dfa608a-ORD', 'alt-svc': 'h3=":443"; ma=86400'} 
 body={"results":[{"gender":"male","name":{"title":"Mr","first":"Clemêncio","last":"Gomes"},"location":{"street":{"number":9258,"name":"Rua Paraíba "},"city":"Rio das Ostras","state":"Ceará","country":"Brazil","postcode":79155,"coordinates":{"latitude":"-77.5064","longitude":"-144.5028"},"timezone":{"offset":"+5:45","description":"Kathmandu"}},"email":"clemencio.gomes@example.com","login":{"uuid":"37be7b3c-63fd-4ea3-b056-a88a9e95a827","username":"greengoose703","password":"2222","salt":"zo714Ml0","md5":"be59e2d8cf8a866fd8dbe03bb4a17668","sha1":"bf5d00b5e4bb29681641d3c978bf4c52beaced0a","sha256":"0ccd012f08eb08cc5ea25ec103642412dfc4e4c1470150311359483ad5921847"},"dob":{"date":"1973-11-16T20:47:08.009Z","age":50},"registered":{"date":"2012-09-02T02:33:50.838Z","age":11},"phone":"(59) 5365-1457","cell":"(98) 6784-9566","id":{"name":"CPF","value":"601.881.687-01"},"picture":{"large":"https://randomuser.me/api/portraits/men/65.jpg","medium":"https://randomuser.me/api/portraits/med/men/65.jpg","thumbnail":"https://randomuser.me/api/portraits/thumb/men/65.jpg"},"nat":"BR"}],"info":{"seed":"72bf2f7a2a6b5887","results":1,"page":1,"version":"1.4"}} 
 </msg>
<msg time="2024-04-09T11:11:45.456159" level="INFO">/opt/hostedtoolcache/Python/3.12.2/x64/lib/python3.12/site-packages/urllib3/connectionpool.py:1103: InsecureRequestWarning: Unverified HTTPS request is being made to host 'randomuser.me'. Adding certificate verification is strongly advised. See: https://urllib3.readthedocs.io/en/latest/advanced-usage.html#tls-warnings
  warnings.warn(</msg>
<msg time="2024-04-09T11:11:45.456299" level="INFO">${response} = &lt;Response [200]&gt;</msg>
<var>${response}</var>
<arg>consultarAPI</arg>
<arg>/api</arg>
<doc>Sends a GET request on a previously created HTTP Session.</doc>
<status status="PASS" start="2024-04-09T11:11:45.377890" elapsed="0.078454"/>
</kw>
<kw name="Set Variable" owner="BuiltIn">
<msg time="2024-04-09T11:11:45.457475" level="INFO">${json_data} = {'results': [{'gender': 'male', 'name': {'title': 'Mr', 'first': 'Clemêncio', 'last': 'Gomes'}, 'location': {'street': {'number': 9258, 'name': 'Rua Paraíba '}, 'city': 'Rio das Ostras', 'state': 'Cea...</msg>
<var>${json_data}</var>
<arg>${response.json()}</arg>
<doc>Returns the given values which can then be assigned to a variables.</doc>
<status status="PASS" start="2024-04-09T11:11:45.456933" elapsed="0.000572"/>
</kw>
<kw name="Log" owner="BuiltIn">
<msg time="2024-04-09T11:11:45.458008" level="INFO">{'results': [{'gender': 'male', 'name': {'title': 'Mr', 'first': 'Clemêncio', 'last': 'Gomes'}, 'location': {'street': {'number': 9258, 'name': 'Rua Paraíba '}, 'city': 'Rio das Ostras', 'state': 'Ceará', 'country': 'Brazil', 'postcode': 79155, 'coordinates': {'latitude': '-77.5064', 'longitude': '-144.5028'}, 'timezone': {'offset': '+5:45', 'description': 'Kathmandu'}}, 'email': 'clemencio.gomes@example.com', 'login': {'uuid': '37be7b3c-63fd-4ea3-b056-a88a9e95a827', 'username': 'greengoose703', 'password': '2222', 'salt': 'zo714Ml0', 'md5': 'be59e2d8cf8a866fd8dbe03bb4a17668', 'sha1': 'bf5d00b5e4bb29681641d3c978bf4c52beaced0a', 'sha256': '0ccd012f08eb08cc5ea25ec103642412dfc4e4c1470150311359483ad5921847'}, 'dob': {'date': '1973-11-16T20:47:08.009Z', 'age': 50}, 'registered': {'date': '2012-09-02T02:33:50.838Z', 'age': 11}, 'phone': '(59) 5365-1457', 'cell': '(98) 6784-9566', 'id': {'name': 'CPF', 'value': '601.881.687-01'}, 'picture': {'large': 'https://randomuser.me/api/portraits/men/65.jpg', 'medium': 'https://randomuser.me/api/portraits/med/men/65.jpg', 'thumbnail': 'https://randomuser.me/api/portraits/thumb/men/65.jpg'}, 'nat': 'BR'}], 'info': {'seed': '72bf2f7a2a6b5887', 'results': 1, 'page': 1, 'version': '1.4'}}</msg>
<arg>${json_data}</arg>
<doc>Logs the given message with the given level.</doc>
<status status="PASS" start="2024-04-09T11:11:45.457836" elapsed="0.000262"/>
</kw>
<kw name="Should Be String" owner="String">
<arg>${json_data['results'][0]['gender']}</arg>
<doc>Fails if the given ``item`` is not a string.</doc>
<status status="PASS" start="2024-04-09T11:11:45.458419" elapsed="0.000370"/>
</kw>
<kw name="Should Match Regexp" owner="BuiltIn">
<arg>${json_data['results'][0]['email']}</arg>
<arg>^[a-zA-Z0-9._%+-]+@[a-zA-Z0-9.-]+\.[a-zA-Z]{2,}$</arg>
<doc>Fails if ``string`` does not match ``pattern`` as a regular expression.</doc>
<status status="PASS" start="2024-04-09T11:11:45.458990" elapsed="0.000551"/>
</kw>
<kw name="Should Match Regexp" owner="BuiltIn">
<arg>${json_data['results'][0]['dob']['date']}</arg>
<arg>\\d{4}-\\d{2}-\\d{2}T\\d{2}:\\d{2}:\\d{2}\\.\\d{3}Z</arg>
<doc>Fails if ``string`` does not match ``pattern`` as a regular expression.</doc>
<status status="PASS" start="2024-04-09T11:11:45.459772" elapsed="0.000507"/>
</kw>
<kw name="Should Match Regexp" owner="BuiltIn">
<arg>${json_data['results'][0]['registered']['date']}</arg>
<arg>\\d{4}-\\d{2}-\\d{2}T\\d{2}:\\d{2}:\\d{2}\\.\\d{3}Z</arg>
<doc>Fails if ``string`` does not match ``pattern`` as a regular expression.</doc>
<status status="PASS" start="2024-04-09T11:11:45.460483" elapsed="0.000433"/>
</kw>
<kw name="Should Match Regexp" owner="BuiltIn">
<arg>${json_data['results'][0]['picture']['large']}</arg>
<arg>^https?://.*\.(?:png|jpe?g|gif|bmp)$</arg>
<doc>Fails if ``string`` does not match ``pattern`` as a regular expression.</doc>
<status status="PASS" start="2024-04-09T11:11:45.461126" elapsed="0.000470"/>
</kw>
<kw name="Should Match Regexp" owner="BuiltIn">
<arg>${json_data['results'][0]['picture']['medium']}</arg>
<arg>^https?://.*\.(?:png|jpe?g|gif|bmp)$</arg>
<doc>Fails if ``string`` does not match ``pattern`` as a regular expression.</doc>
<status status="PASS" start="2024-04-09T11:11:45.461794" elapsed="0.000367"/>
</kw>
<kw name="Should Match Regexp" owner="BuiltIn">
<arg>${json_data['results'][0]['picture']['thumbnail']}</arg>
<arg>^https?://.*\.(?:png|jpe?g|gif|bmp)$</arg>
<doc>Fails if ``string`` does not match ``pattern`` as a regular expression.</doc>
<status status="PASS" start="2024-04-09T11:11:45.462353" elapsed="0.000358"/>
</kw>
<kw name="Log" owner="BuiltIn">
<msg time="2024-04-09T11:11:45.463231" level="INFO">{'large': 'https://randomuser.me/api/portraits/men/65.jpg', 'medium': 'https://randomuser.me/api/portraits/med/men/65.jpg', 'thumbnail': 'https://randomuser.me/api/portraits/thumb/men/65.jpg'}</msg>
<arg>${json_data['results'][0]['picture']}</arg>
<doc>Logs the given message with the given level.</doc>
<status status="PASS" start="2024-04-09T11:11:45.462898" elapsed="0.000377"/>
</kw>
<status status="PASS" start="2024-04-09T11:11:45.377647" elapsed="0.085930"/>
</kw>
<kw name="Teste de Tipos de Dados - Postcode" owner="random-user-service">
<kw name="GET On Session" owner="RequestsLibrary">
<msg time="2024-04-09T11:11:45.554480" level="INFO">GET Request : url=https://randomuser.me/api 
 path_url=/api 
 headers={'User-Agent': 'python-requests/2.31.0', 'Accept-Encoding': 'gzip, deflate', 'Accept': '*/*', 'Connection': 'keep-alive'} 
 body=None 
 </msg>
<msg time="2024-04-09T11:11:45.554585" level="INFO">GET Response : url=https://randomuser.me/api 
 status=200, reason=OK 
 headers={'Date': 'Tue, 09 Apr 2024 11:11:45 GMT', 'Content-Type': 'application/json; charset=utf-8', 'Transfer-Encoding': 'chunked', 'Connection': 'keep-alive', 'X-Powered-By': 'Express', 'Access-Control-Allow-Origin': '*', 'Cache-Control': 'no-cache', 'ETag': 'W/"49d-3CvgTfEmVhn9Zz6IN+u9C/h7ztE"', 'Vary': 'Accept-Encoding', 'Content-Encoding': 'gzip', 'CF-Cache-Status': 'DYNAMIC', 'Report-To': '{"endpoints":[{"url":"https:\\/\\/a.nel.cloudflare.com\\/report\\/v4?s=cNJ%2B8qCaiebAh1w2EN0OIp0V7X%2Bg7poqCGavSLBlK1Wdf9wjQmVW%2FU5%2FWv%2F5x7sKPibiMaUzOHwLrJyMFi3H6oyn6dmDW%2BJcPYypUtMmu6UQK%2BQN0I1dh%2FSwJMli3Czq"}],"group":"cf-nel","max_age":604800}', 'NEL': '{"success_fraction":0,"report_to":"cf-nel","max_age":604800}', 'Server': 'cloudflare', 'CF-RAY': '871a0ee52e82608a-ORD', 'alt-svc': 'h3=":443"; ma=86400'} 
 body={"results":[{"gender":"male","name":{"title":"Mr","first":"Maurice","last":"Miller"},"location":{"street":{"number":9607,"name":"Wheeler Ridge Dr"},"city":"Toowoomba","state":"Northern Territory","country":"Australia","postcode":4965,"coordinates":{"latitude":"-87.1153","longitude":"-63.5826"},"timezone":{"offset":"+11:00","description":"Magadan, Solomon Islands, New Caledonia"}},"email":"maurice.miller@example.com","login":{"uuid":"b9fffd59-2faf-4ba3-b08e-2004bb9912cb","username":"lazywolf230","password":"1961","salt":"i0N9RQm0","md5":"a8c3ed617e59d0dd53fabc62e66d8015","sha1":"03ff46cd9da4f17085cf8edef94dafcc6f19324e","sha256":"608a048a2b45df950b2289bf21af6f4e2ef18b5b3814d991b9c7d3fee9940f8c"},"dob":{"date":"1946-02-06T18:36:12.837Z","age":78},"registered":{"date":"2003-05-18T13:42:59.816Z","age":20},"phone":"07-6551-1774","cell":"0420-016-317","id":{"name":"TFN","value":"075144909"},"picture":{"large":"https://randomuser.me/api/portraits/men/30.jpg","medium":"https://randomuser.me/api/portraits/med/men/30.jpg","thumbnail":"https://randomuser.me/api/portraits/thumb/men/30.jpg"},"nat":"AU"}],"info":{"seed":"27ab6b7f8d9c0eec","results":1,"page":1,"version":"1.4"}} 
 </msg>
<msg time="2024-04-09T11:11:45.554683" level="INFO">/opt/hostedtoolcache/Python/3.12.2/x64/lib/python3.12/site-packages/urllib3/connectionpool.py:1103: InsecureRequestWarning: Unverified HTTPS request is being made to host 'randomuser.me'. Adding certificate verification is strongly advised. See: https://urllib3.readthedocs.io/en/latest/advanced-usage.html#tls-warnings
  warnings.warn(</msg>
<msg time="2024-04-09T11:11:45.554799" level="INFO">${response} = &lt;Response [200]&gt;</msg>
<var>${response}</var>
<arg>consultarAPI</arg>
<arg>/api</arg>
<doc>Sends a GET request on a previously created HTTP Session.</doc>
<status status="PASS" start="2024-04-09T11:11:45.464077" elapsed="0.090759"/>
</kw>
<kw name="Set Variable" owner="BuiltIn">
<msg time="2024-04-09T11:11:45.555871" level="INFO">${json_data} = {'results': [{'gender': 'male', 'name': {'title': 'Mr', 'first': 'Maurice', 'last': 'Miller'}, 'location': {'street': {'number': 9607, 'name': 'Wheeler Ridge Dr'}, 'city': 'Toowoomba', 'state': 'North...</msg>
<var>${json_data}</var>
<arg>${response.json()}</arg>
<doc>Returns the given values which can then be assigned to a variables.</doc>
<status status="PASS" start="2024-04-09T11:11:45.555332" elapsed="0.000568"/>
</kw>
<kw name="Log" owner="BuiltIn">
<msg time="2024-04-09T11:11:45.556376" level="INFO">{'results': [{'gender': 'male', 'name': {'title': 'Mr', 'first': 'Maurice', 'last': 'Miller'}, 'location': {'street': {'number': 9607, 'name': 'Wheeler Ridge Dr'}, 'city': 'Toowoomba', 'state': 'Northern Territory', 'country': 'Australia', 'postcode': 4965, 'coordinates': {'latitude': '-87.1153', 'longitude': '-63.5826'}, 'timezone': {'offset': '+11:00', 'description': 'Magadan, Solomon Islands, New Caledonia'}}, 'email': 'maurice.miller@example.com', 'login': {'uuid': 'b9fffd59-2faf-4ba3-b08e-2004bb9912cb', 'username': 'lazywolf230', 'password': '1961', 'salt': 'i0N9RQm0', 'md5': 'a8c3ed617e59d0dd53fabc62e66d8015', 'sha1': '03ff46cd9da4f17085cf8edef94dafcc6f19324e', 'sha256': '608a048a2b45df950b2289bf21af6f4e2ef18b5b3814d991b9c7d3fee9940f8c'}, 'dob': {'date': '1946-02-06T18:36:12.837Z', 'age': 78}, 'registered': {'date': '2003-05-18T13:42:59.816Z', 'age': 20}, 'phone': '07-6551-1774', 'cell': '0420-016-317', 'id': {'name': 'TFN', 'value': '075144909'}, 'picture': {'large': 'https://randomuser.me/api/portraits/men/30.jpg', 'medium': 'https://randomuser.me/api/portraits/med/men/30.jpg', 'thumbnail': 'https://randomuser.me/api/portraits/thumb/men/30.jpg'}, 'nat': 'AU'}], 'info': {'seed': '27ab6b7f8d9c0eec', 'results': 1, 'page': 1, 'version': '1.4'}}</msg>
<arg>${json_data}</arg>
<doc>Logs the given message with the given level.</doc>
<status status="PASS" start="2024-04-09T11:11:45.556215" elapsed="0.000244"/>
</kw>
<kw name="Should Be Equal As Numbers" owner="BuiltIn">
<arg>${json_data['results'][0]['location']['postcode']}</arg>
<arg>${json_data['results'][0]['location']['postcode']}</arg>
<doc>Fails if objects are unequal after converting them to real numbers.</doc>
<status status="PASS" start="2024-04-09T11:11:45.556774" elapsed="0.000647"/>
</kw>
<kw name="Log" owner="BuiltIn">
<msg time="2024-04-09T11:11:45.557964" level="INFO">4965</msg>
<arg>${json_data['results'][0]['location']['postcode']}</arg>
<doc>Logs the given message with the given level.</doc>
<status status="PASS" start="2024-04-09T11:11:45.557622" elapsed="0.000384"/>
</kw>
<status status="PASS" start="2024-04-09T11:11:45.463826" elapsed="0.094442"/>
</kw>
<doc>Testa se os tipos de dados na resposta da API estão corretos.</doc>
<tag>testeTiposDados</tag>
<status status="PASS" start="2024-04-09T11:11:45.377162" elapsed="0.181288"/>
</test>
<test id="s1-s1-t5" name="Validar conteudo" line="35">
<kw name="Teste de Tipos de Conteudo" owner="random-user-service">
<kw name="GET On Session" owner="RequestsLibrary">
<msg time="2024-04-09T11:11:45.665700" level="INFO">GET Request : url=https://randomuser.me/api 
 path_url=/api 
 headers={'User-Agent': 'python-requests/2.31.0', 'Accept-Encoding': 'gzip, deflate', 'Accept': '*/*', 'Connection': 'keep-alive'} 
 body=None 
 </msg>
<msg time="2024-04-09T11:11:45.665812" level="INFO">GET Response : url=https://randomuser.me/api 
 status=200, reason=OK 
 headers={'Date': 'Tue, 09 Apr 2024 11:11:45 GMT', 'Content-Type': 'application/json; charset=utf-8', 'Transfer-Encoding': 'chunked', 'Connection': 'keep-alive', 'X-Powered-By': 'Express', 'Access-Control-Allow-Origin': '*', 'Cache-Control': 'no-cache', 'ETag': 'W/"48f-FyJ5T4lL0d9JHkyXSo6S/OPlqdo"', 'Vary': 'Accept-Encoding', 'Content-Encoding': 'gzip', 'CF-Cache-Status': 'DYNAMIC', 'Report-To': '{"endpoints":[{"url":"https:\\/\\/a.nel.cloudflare.com\\/report\\/v4?s=qvgz4c1okDoAwS8PNLYUf%2F2HpAmlqPSgqwt9V8LxrJVEM8RmkuVOqjxGYF1MVk51aK%2F1zrZREKR29R1hQdiuPIS%2BqBlkjpsf5O6m8cIbUga1NHrS14oMJCYYv%2FU41FXC"}],"group":"cf-nel","max_age":604800}', 'NEL': '{"success_fraction":0,"report_to":"cf-nel","max_age":604800}', 'Server': 'cloudflare', 'CF-RAY': '871a0ee5cf2d608a-ORD', 'alt-svc': 'h3=":443"; ma=86400'} 
 body={"results":[{"gender":"male","name":{"title":"Mr","first":"Nathaniel","last":"Akselsen"},"location":{"street":{"number":5107,"name":"Bjerkefaret"},"city":"Roa","state":"Troms - Romsa","country":"Norway","postcode":"6475","coordinates":{"latitude":"39.7402","longitude":"-109.2503"},"timezone":{"offset":"-4:00","description":"Atlantic Time (Canada), Caracas, La Paz"}},"email":"nathaniel.akselsen@example.com","login":{"uuid":"a0481add-28d9-4a6e-b979-d8f220a7700b","username":"lazymeercat832","password":"maple","salt":"hFYMPz5R","md5":"3f65fda2876e808d3e03c55370a003ab","sha1":"69cf697e0c3dbbb6dca0290931622c84dbb4c194","sha256":"f8991259edf52c3dc2d82949a36c82f9357d7567f7ba87b56ce584231ea24eb9"},"dob":{"date":"1975-02-13T18:53:06.791Z","age":49},"registered":{"date":"2021-11-23T12:58:40.807Z","age":2},"phone":"20644007","cell":"49928753","id":{"name":"FN","value":"13027508922"},"picture":{"large":"https://randomuser.me/api/portraits/men/16.jpg","medium":"https://randomuser.me/api/portraits/med/men/16.jpg","thumbnail":"https://randomuser.me/api/portraits/thumb/men/16.jpg"},"nat":"NO"}],"info":{"seed":"a63a64fc14f5351a","results":1,"page":1,"version":"1.4"}} 
 </msg>
<msg time="2024-04-09T11:11:45.665893" level="INFO">/opt/hostedtoolcache/Python/3.12.2/x64/lib/python3.12/site-packages/urllib3/connectionpool.py:1103: InsecureRequestWarning: Unverified HTTPS request is being made to host 'randomuser.me'. Adding certificate verification is strongly advised. See: https://urllib3.readthedocs.io/en/latest/advanced-usage.html#tls-warnings
  warnings.warn(</msg>
<msg time="2024-04-09T11:11:45.666038" level="INFO">${response} = &lt;Response [200]&gt;</msg>
<var>${response}</var>
<arg>consultarAPI</arg>
<arg>/api</arg>
<doc>Sends a GET request on a previously created HTTP Session.</doc>
<status status="PASS" start="2024-04-09T11:11:45.561018" elapsed="0.105069"/>
</kw>
<kw name="Set Variable" owner="BuiltIn">
<msg time="2024-04-09T11:11:45.667353" level="INFO">${json_data} = {'results': [{'gender': 'male', 'name': {'title': 'Mr', 'first': 'Nathaniel', 'last': 'Akselsen'}, 'location': {'street': {'number': 5107, 'name': 'Bjerkefaret'}, 'city': 'Roa', 'state': 'Troms - Roms...</msg>
<var>${json_data}</var>
<arg>${response.json()}</arg>
<doc>Returns the given values which can then be assigned to a variables.</doc>
<status status="PASS" start="2024-04-09T11:11:45.666772" elapsed="0.000611"/>
</kw>
<kw name="Set Variable" owner="BuiltIn">
<msg time="2024-04-09T11:11:45.668139" level="INFO">${name_title} = Mr</msg>
<var>${name_title}</var>
<arg>${json_data["results"][0]["name"]["title"]}</arg>
<doc>Returns the given values which can then be assigned to a variables.</doc>
<status status="PASS" start="2024-04-09T11:11:45.667742" elapsed="0.000424"/>
</kw>
<kw name="Create List" owner="BuiltIn">
<msg time="2024-04-09T11:11:45.668631" level="INFO">${allowed_titles} = ['Mr', 'Ms', 'Miss', 'Mrs', 'Madame', 'Monsieur']</msg>
<var>${allowed_titles}</var>
<arg>Mr</arg>
<arg>Ms</arg>
<arg>Miss</arg>
<arg>Mrs</arg>
<arg>Madame</arg>
<arg>Monsieur</arg>
<doc>Returns a list containing given items.</doc>
<status status="PASS" start="2024-04-09T11:11:45.668476" elapsed="0.000181"/>
</kw>
<kw name="List Should Contain Value" owner="Collections">
<msg time="2024-04-09T11:11:45.669149" level="INFO">False</msg>
<arg>${allowed_titles}</arg>
<arg>${name_title}</arg>
<doc>Fails if the ``value`` is not found from ``list``.</doc>
<status status="PASS" start="2024-04-09T11:11:45.668969" elapsed="0.000219"/>
</kw>
<kw name="Set Variable" owner="BuiltIn">
<msg time="2024-04-09T11:11:45.669881" level="INFO">${name_country} = NO</msg>
<var>${name_country}</var>
<arg>${json_data["results"][0]["nat"]}</arg>
<doc>Returns the given values which can then be assigned to a variables.</doc>
<status status="PASS" start="2024-04-09T11:11:45.669497" elapsed="0.000410"/>
</kw>
<kw name="Create List" owner="BuiltIn">
<msg time="2024-04-09T11:11:45.670826" level="INFO">${list_country} = ['AD', 'AE', 'AF', 'AG', 'AI', 'AL', 'AM', 'AO', 'AQ', 'AR', 'AS', 'AT', 'AU', 'AW', 'AX', 'AZ', 'BA', 'BB', 'BD', 'BE', 'BF', 'BG', 'BH', 'BI', 'BJ', 'BL', 'BM', 'BN', 'BO', 'BQ', 'BR', 'BS', 'BT', '...</msg>
<var>${list_country}</var>
<arg>AD</arg>
<arg>AE</arg>
<arg>AF</arg>
<arg>AG</arg>
<arg>AI</arg>
<arg>AL</arg>
<arg>AM</arg>
<arg>AO</arg>
<arg>AQ</arg>
<arg>AR</arg>
<arg>AS</arg>
<arg>AT</arg>
<arg>AU</arg>
<arg>AW</arg>
<arg>AX</arg>
<arg>AZ</arg>
<arg>BA</arg>
<arg>BB</arg>
<arg>BD</arg>
<arg>BE</arg>
<arg>BF</arg>
<arg>BG</arg>
<arg>BH</arg>
<arg>BI</arg>
<arg>BJ</arg>
<arg>BL</arg>
<arg>BM</arg>
<arg>BN</arg>
<arg>BO</arg>
<arg>BQ</arg>
<arg>BR</arg>
<arg>BS</arg>
<arg>BT</arg>
<arg>BV</arg>
<arg>BW</arg>
<arg>BY</arg>
<arg>BZ</arg>
<arg>CA</arg>
<arg>CC</arg>
<arg>CD</arg>
<arg>CF</arg>
<arg>CG</arg>
<arg>CH</arg>
<arg>CI</arg>
<arg>CK</arg>
<arg>CL</arg>
<arg>CM</arg>
<arg>CN</arg>
<arg>CO</arg>
<arg>CR</arg>
<arg>CU</arg>
<arg>CV</arg>
<arg>CW</arg>
<arg>CX</arg>
<arg>CY</arg>
<arg>CZ</arg>
<arg>DE</arg>
<arg>DJ</arg>
<arg>DK</arg>
<arg>DM</arg>
<arg>DO</arg>
<arg>DZ</arg>
<arg>EC</arg>
<arg>EE</arg>
<arg>EG</arg>
<arg>EH</arg>
<arg>ER</arg>
<arg>ES</arg>
<arg>ET</arg>
<arg>FI</arg>
<arg>FJ</arg>
<arg>FK</arg>
<arg>FM</arg>
<arg>FO</arg>
<arg>FR</arg>
<arg>GA</arg>
<arg>GB</arg>
<arg>GD</arg>
<arg>GE</arg>
<arg>GF</arg>
<arg>GG</arg>
<arg>GH</arg>
<arg>GI</arg>
<arg>GL</arg>
<arg>GM</arg>
<arg>GN</arg>
<arg>GP</arg>
<arg>GQ</arg>
<arg>GR</arg>
<arg>GS</arg>
<arg>GT</arg>
<arg>GU</arg>
<arg>GW</arg>
<arg>GY</arg>
<arg>HK</arg>
<arg>HM</arg>
<arg>HN</arg>
<arg>HR</arg>
<arg>HT</arg>
<arg>HU</arg>
<arg>ID</arg>
<arg>IE</arg>
<arg>IL</arg>
<arg>IM</arg>
<arg>IN</arg>
<arg>IO</arg>
<arg>IQ</arg>
<arg>IR</arg>
<arg>IS</arg>
<arg>IT</arg>
<arg>JE</arg>
<arg>JM</arg>
<arg>JO</arg>
<arg>JP</arg>
<arg>KE</arg>
<arg>KG</arg>
<arg>KH</arg>
<arg>KI</arg>
<arg>KM</arg>
<arg>KN</arg>
<arg>KP</arg>
<arg>KR</arg>
<arg>KW</arg>
<arg>KY</arg>
<arg>KZ</arg>
<arg>LA</arg>
<arg>LB</arg>
<arg>LC</arg>
<arg>LI</arg>
<arg>LK</arg>
<arg>LR</arg>
<arg>LS</arg>
<arg>LT</arg>
<arg>LU</arg>
<arg>LV</arg>
<arg>LY</arg>
<arg>MA</arg>
<arg>MC</arg>
<arg>MD</arg>
<arg>ME</arg>
<arg>MF</arg>
<arg>MG</arg>
<arg>MH</arg>
<arg>MK</arg>
<arg>ML</arg>
<arg>MM</arg>
<arg>MN</arg>
<arg>MO</arg>
<arg>MP</arg>
<arg>MQ</arg>
<arg>MR</arg>
<arg>MS</arg>
<arg>MT</arg>
<arg>MU</arg>
<arg>MV</arg>
<arg>MW</arg>
<arg>MX</arg>
<arg>MY</arg>
<arg>MZ</arg>
<arg>NA</arg>
<arg>NC</arg>
<arg>NE</arg>
<arg>NF</arg>
<arg>NG</arg>
<arg>NI</arg>
<arg>NL</arg>
<arg>NO</arg>
<arg>NP</arg>
<arg>NR</arg>
<arg>NU</arg>
<arg>NZ</arg>
<arg>OM</arg>
<arg>PA</arg>
<arg>PE</arg>
<arg>PF</arg>
<arg>PG</arg>
<arg>PH</arg>
<arg>PK</arg>
<arg>PL</arg>
<arg>PM</arg>
<arg>PN</arg>
<arg>PR</arg>
<arg>PS</arg>
<arg>PT</arg>
<arg>PW</arg>
<arg>PY</arg>
<arg>QA</arg>
<arg>RE</arg>
<arg>RO</arg>
<arg>RS</arg>
<arg>RU</arg>
<arg>RW</arg>
<arg>SA</arg>
<arg>SB</arg>
<arg>SC</arg>
<arg>SD</arg>
<arg>SE</arg>
<arg>SG</arg>
<arg>SH</arg>
<arg>SI</arg>
<arg>SJ</arg>
<arg>SK</arg>
<arg>SL</arg>
<arg>SM</arg>
<arg>SN</arg>
<arg>SO</arg>
<arg>SR</arg>
<arg>SS</arg>
<arg>ST</arg>
<arg>SV</arg>
<arg>SX</arg>
<arg>SY</arg>
<arg>SZ</arg>
<arg>TC</arg>
<arg>TD</arg>
<arg>TF</arg>
<arg>TG</arg>
<arg>TH</arg>
<arg>TJ</arg>
<arg>TK</arg>
<arg>TL</arg>
<arg>TM</arg>
<arg>TN</arg>
<arg>TO</arg>
<arg>TR</arg>
<arg>TT</arg>
<arg>TV</arg>
<arg>TW</arg>
<arg>TZ</arg>
<arg>UA</arg>
<arg>UG</arg>
<arg>UM</arg>
<arg>US</arg>
<arg>UY</arg>
<arg>UZ</arg>
<arg>VA</arg>
<arg>VC</arg>
<arg>VE</arg>
<arg>VG</arg>
<arg>VI</arg>
<arg>VN</arg>
<arg>VU</arg>
<arg>WF</arg>
<arg>WS</arg>
<arg>XK</arg>
<arg>YE</arg>
<arg>YT</arg>
<arg>ZA</arg>
<arg>ZM</arg>
<arg>ZW</arg>
<doc>Returns a list containing given items.</doc>
<status status="PASS" start="2024-04-09T11:11:45.670225" elapsed="0.000627"/>
</kw>
<kw name="List Should Contain Value" owner="Collections">
<msg time="2024-04-09T11:11:45.671905" level="INFO">False</msg>
<arg>${list_country}</arg>
<arg>${name_country}</arg>
<doc>Fails if the ``value`` is not found from ``list``.</doc>
<status status="PASS" start="2024-04-09T11:11:45.671693" elapsed="0.000251"/>
</kw>
<kw name="Run Keyword If" owner="BuiltIn">
<kw name="Should Be True" owner="BuiltIn">
<arg>${True}</arg>
<doc>Fails if the given condition is not true.</doc>
<status status="PASS" start="2024-04-09T11:11:45.673167" elapsed="0.000149"/>
</kw>
<arg>${json_data["results"][0]["location"]["coordinates"]["latitude"]} &gt;= -90 and ${json_data["results"][0]["location"]["coordinates"]["latitude"]} &lt;= 90</arg>
<arg>Should Be True</arg>
<arg>${True}</arg>
<doc>Runs the given keyword with the given arguments, if ``condition`` is true.</doc>
<status status="PASS" start="2024-04-09T11:11:45.672267" elapsed="0.001181"/>
</kw>
<kw name="Run Keyword If" owner="BuiltIn">
<kw name="Should Be True" owner="BuiltIn">
<arg>${True}</arg>
<doc>Fails if the given condition is not true.</doc>
<status status="PASS" start="2024-04-09T11:11:45.674360" elapsed="0.000144"/>
</kw>
<arg>${json_data["results"][0]["location"]["coordinates"]["longitude"]} &gt;= -180 and ${json_data["results"][0]["location"]["coordinates"]["longitude"]} &lt;= 180</arg>
<arg>Should Be True</arg>
<arg>${True}</arg>
<doc>Runs the given keyword with the given arguments, if ``condition`` is true.</doc>
<status status="PASS" start="2024-04-09T11:11:45.673639" elapsed="0.000993"/>
</kw>
<status status="PASS" start="2024-04-09T11:11:45.560785" elapsed="0.113986"/>
</kw>
<doc>Testa o conteúdo específico dos campos retornados pela API.</doc>
<tag>testeConteudo</tag>
<status status="PASS" start="2024-04-09T11:11:45.560305" elapsed="0.114627"/>
</test>
<status status="PASS" start="2024-04-09T11:11:44.800840" elapsed="0.876165"/>
</suite>
<status status="PASS" start="2024-04-09T11:11:44.787093" elapsed="0.895298"/>
</suite>
<statistics>
<total>
<stat pass="5" fail="0" skip="0">All Tests</stat>
</total>
<tag>
<stat pass="1" fail="0" skip="0">testeConteudo</stat>
<stat pass="1" fail="0" skip="0">testeEstruturaResposta</stat>
<stat pass="1" fail="0" skip="0">testeRequisicaoBasica</stat>
<stat pass="1" fail="0" skip="0">testeTiposDados</stat>
</tag>
<suite>
<stat pass="5" fail="0" skip="0" id="s1" name="Tests">Tests</stat>
<stat pass="5" fail="0" skip="0" id="s1-s1" name="Random-User-Test">Tests.Random-User-Test</stat>
</suite>
</statistics>
<errors>
</errors>
</robot>
