<?xml version="1.0" encoding="UTF-8"?>
<robot generator="Robot 7.0.1 (Python 3.12.4 on linux)" generated="2024-07-14T17:21:37.305071" rpa="false" schemaversion="5">
<suite id="s1" name="Tests" source="/home/runner/work/ApiRandomUser/ApiRandomUser/RamdonUser/tests">
<suite id="s1-s1" name="Random-User-Test" source="/home/runner/work/ApiRandomUser/ApiRandomUser/RamdonUser/tests/random-user-test.robot">
<test id="s1-s1-t1" name="Conectar" line="13">
<kw name="Conectar API" owner="random-user-service">
<kw name="Create Session" owner="RequestsLibrary">
<msg time="2024-07-14T17:21:37.697237" level="INFO">Creating Session using : alias=consultarAPI, url=https://randomuser.me/, headers={},                     cookies={}, auth=None, timeout=None, proxies=None, verify=False,                     debug=0 </msg>
<arg>consultarAPI</arg>
<arg>${URL}</arg>
<doc>Create Session: create a HTTP session to a server</doc>
<status status="PASS" start="2024-07-14T17:21:37.697027" elapsed="0.000382"/>
</kw>
<status status="PASS" start="2024-07-14T17:21:37.696074" elapsed="0.001704"/>
</kw>
<status status="PASS" start="2024-07-14T17:21:37.695521" elapsed="0.002461"/>
</test>
<test id="s1-s1-t2" name="Validar retorno 200 e JSON Válido" line="16">
<kw name="Teste de Requisicao Basica" owner="random-user-service">
<kw name="GET On Session" owner="RequestsLibrary">
<msg time="2024-07-14T17:21:37.795390" level="INFO">GET Request : url=https://randomuser.me/api 
 path_url=/api 
 headers={'User-Agent': 'python-requests/2.32.3', 'Accept-Encoding': 'gzip, deflate', 'Accept': '*/*', 'Connection': 'keep-alive'} 
 body=None 
 </msg>
<msg time="2024-07-14T17:21:37.795513" level="INFO">GET Response : url=https://randomuser.me/api 
 status=200, reason=OK 
 headers={'Date': 'Sun, 14 Jul 2024 17:21:37 GMT', 'Content-Type': 'application/json; charset=utf-8', 'Transfer-Encoding': 'chunked', 'Connection': 'keep-alive', 'X-Powered-By': 'Express', 'Access-Control-Allow-Origin': '*', 'Cache-Control': 'no-cache', 'ETag': 'W/"477-qOWeCPQXgRyz2zJEIOHWbD6ySao"', 'Vary': 'Accept-Encoding', 'Content-Encoding': 'gzip', 'CF-Cache-Status': 'DYNAMIC', 'Report-To': '{"endpoints":[{"url":"https:\\/\\/a.nel.cloudflare.com\\/report\\/v4?s=CLirFA1V4pP%2F9jbbweasDRHMMqOKeAXQyiFKrnlJ5VCq6S0tUuPpB2PpJY5%2BMJCBQkxZFdzyDByLRyreAK0ZRpdqk8uW%2FXiysoO0lOT1cAxyKSiUTliEqFVBIzfqkmpk"}],"group":"cf-nel","max_age":604800}', 'NEL': '{"success_fraction":0,"report_to":"cf-nel","max_age":604800}', 'Server': 'cloudflare', 'CF-RAY': '8a3330b2d96d1403-ORD', 'alt-svc': 'h3=":443"; ma=86400'} 
 body={"results":[{"gender":"male","name":{"title":"Mr","first":"Bob","last":"Byrd"},"location":{"street":{"number":9002,"name":"Station Road"},"city":"Celbridge","state":"Monaghan","country":"Ireland","postcode":60831,"coordinates":{"latitude":"0.4363","longitude":"-148.0925"},"timezone":{"offset":"-8:00","description":"Pacific Time (US &amp; Canada)"}},"email":"bob.byrd@example.com","login":{"uuid":"112ec3b9-c523-4940-a24f-b57b83bf2e2d","username":"crazyzebra750","password":"bluedog","salt":"XuhnMqa6","md5":"133444f46fd223e8dc138ee147f4fed4","sha1":"ab6b8ed0d9ba55eafb30ee2c4bd8639fc1ec6212","sha256":"e86c7543b7bdbb9f49e37d05316b15d0932f63dc4121cf1af3f2820020ac18a7"},"dob":{"date":"1964-05-16T20:16:17.592Z","age":60},"registered":{"date":"2011-12-23T09:40:48.981Z","age":12},"phone":"041-279-1918","cell":"081-014-1955","id":{"name":"PPS","value":"0446541T"},"picture":{"large":"https://randomuser.me/api/portraits/men/69.jpg","medium":"https://randomuser.me/api/portraits/med/men/69.jpg","thumbnail":"https://randomuser.me/api/portraits/thumb/men/69.jpg"},"nat":"IE"}],"info":{"seed":"eb9e722cfd03aa73","results":1,"page":1,"version":"1.4"}} 
 </msg>
<msg time="2024-07-14T17:21:37.795599" level="INFO">/opt/hostedtoolcache/Python/3.12.4/x64/lib/python3.12/site-packages/urllib3/connectionpool.py:1099: InsecureRequestWarning: Unverified HTTPS request is being made to host 'randomuser.me'. Adding certificate verification is strongly advised. See: https://urllib3.readthedocs.io/en/latest/advanced-usage.html#tls-warnings
  warnings.warn(</msg>
<msg time="2024-07-14T17:21:37.795725" level="INFO">${response} = &lt;Response [200]&gt;</msg>
<var>${response}</var>
<arg>consultarAPI</arg>
<arg>/api</arg>
<doc>Sends a GET request on a previously created HTTP Session.</doc>
<status status="PASS" start="2024-07-14T17:21:37.700553" elapsed="0.095212"/>
</kw>
<kw name="Should Be Equal As Numbers" owner="BuiltIn">
<msg time="2024-07-14T17:21:37.796839" level="INFO">Argument types are:
&lt;class 'int'&gt;
&lt;class 'str'&gt;</msg>
<arg>${response.status_code}</arg>
<arg>200</arg>
<doc>Fails if objects are unequal after converting them to real numbers.</doc>
<status status="PASS" start="2024-07-14T17:21:37.796298" elapsed="0.000614"/>
</kw>
<kw name="Log" owner="BuiltIn">
<msg time="2024-07-14T17:21:37.797584" level="INFO">200</msg>
<arg>${response.status_code}</arg>
<doc>Logs the given message with the given level.</doc>
<status status="PASS" start="2024-07-14T17:21:37.797239" elapsed="0.000387"/>
</kw>
<kw name="Set Variable" owner="BuiltIn">
<msg time="2024-07-14T17:21:37.798383" level="INFO">${json_data} = {'results': [{'gender': 'male', 'name': {'title': 'Mr', 'first': 'Bob', 'last': 'Byrd'}, 'location': {'street': {'number': 9002, 'name': 'Station Road'}, 'city': 'Celbridge', 'state': 'Monaghan', 'cou...</msg>
<var>${json_data}</var>
<arg>${response.json()}</arg>
<doc>Returns the given values which can then be assigned to a variables.</doc>
<status status="PASS" start="2024-07-14T17:21:37.797957" elapsed="0.000454"/>
</kw>
<kw name="Dictionary Should Contain Key" owner="Collections">
<arg>${json_data}</arg>
<arg>results</arg>
<doc>Fails if ``key`` is not found from ``dictionary``.</doc>
<status status="PASS" start="2024-07-14T17:21:37.798716" elapsed="0.000169"/>
</kw>
<status status="PASS" start="2024-07-14T17:21:37.700307" elapsed="0.098720"/>
</kw>
<doc>Testa se a API responde corretamente e retorna um objeto JSON válido.</doc>
<tag>testeRequisicaoBasica</tag>
<status status="PASS" start="2024-07-14T17:21:37.699855" elapsed="0.099339"/>
</test>
<test id="s1-s1-t3" name="Validar estrutura de resposta" line="22">
<kw name="Teste de Estrutura de Resposta" owner="random-user-service">
<kw name="GET On Session" owner="RequestsLibrary">
<msg time="2024-07-14T17:21:37.881105" level="INFO">GET Request : url=https://randomuser.me/api 
 path_url=/api 
 headers={'User-Agent': 'python-requests/2.32.3', 'Accept-Encoding': 'gzip, deflate', 'Accept': '*/*', 'Connection': 'keep-alive'} 
 body=None 
 </msg>
<msg time="2024-07-14T17:21:37.881206" level="INFO">GET Response : url=https://randomuser.me/api 
 status=200, reason=OK 
 headers={'Date': 'Sun, 14 Jul 2024 17:21:37 GMT', 'Content-Type': 'application/json; charset=utf-8', 'Transfer-Encoding': 'chunked', 'Connection': 'keep-alive', 'X-Powered-By': 'Express', 'Access-Control-Allow-Origin': '*', 'Cache-Control': 'no-cache', 'ETag': 'W/"484-wqo2HyA9zxbPu/6PMGRie0mCFVg"', 'Vary': 'Accept-Encoding', 'Content-Encoding': 'gzip', 'CF-Cache-Status': 'DYNAMIC', 'Report-To': '{"endpoints":[{"url":"https:\\/\\/a.nel.cloudflare.com\\/report\\/v4?s=a7Kd57Ejuo7Ddf6zSn03JMJk5Jz3ubvF5y%2FFEOKe0m%2FslB54qWcLAQGPHfUJg8XLZZxYc6ix935JDN8X03VKx2U6ptVQOhs%2B8hjycKPfovYdQoTgpLHLzYRAYbMPwZSu"}],"group":"cf-nel","max_age":604800}', 'NEL': '{"success_fraction":0,"report_to":"cf-nel","max_age":604800}', 'Server': 'cloudflare', 'CF-RAY': '8a3330b349ff1403-ORD', 'alt-svc': 'h3=":443"; ma=86400'} 
 body={"results":[{"gender":"female","name":{"title":"Ms","first":"Leslie","last":"Riley"},"location":{"street":{"number":2052,"name":"Harrison Ct"},"city":"Bueblo","state":"New York","country":"United States","postcode":11901,"coordinates":{"latitude":"86.0566","longitude":"124.6035"},"timezone":{"offset":"-2:00","description":"Mid-Atlantic"}},"email":"leslie.riley@example.com","login":{"uuid":"9cd6351a-0fce-431e-8362-73466a61ee9a","username":"blueladybug319","password":"hillbill","salt":"8X5lg4cm","md5":"2a8dabddceadd3537b4548a536fe3a10","sha1":"8dee6ec537ab3ed18474f43739e2f089ddaa7c5a","sha256":"430798a0ab30e0d908c89e5ca9ce1c6610a05d2225f70f5c5f73f7cff1b7c5f8"},"dob":{"date":"1962-04-29T02:50:56.057Z","age":62},"registered":{"date":"2010-12-11T20:40:52.463Z","age":13},"phone":"(730) 986-6196","cell":"(381) 569-9208","id":{"name":"SSN","value":"500-65-2511"},"picture":{"large":"https://randomuser.me/api/portraits/women/36.jpg","medium":"https://randomuser.me/api/portraits/med/women/36.jpg","thumbnail":"https://randomuser.me/api/portraits/thumb/women/36.jpg"},"nat":"US"}],"info":{"seed":"2a1c5dc7d77cb6f5","results":1,"page":1,"version":"1.4"}} 
 </msg>
<msg time="2024-07-14T17:21:37.881318" level="INFO">/opt/hostedtoolcache/Python/3.12.4/x64/lib/python3.12/site-packages/urllib3/connectionpool.py:1099: InsecureRequestWarning: Unverified HTTPS request is being made to host 'randomuser.me'. Adding certificate verification is strongly advised. See: https://urllib3.readthedocs.io/en/latest/advanced-usage.html#tls-warnings
  warnings.warn(</msg>
<msg time="2024-07-14T17:21:37.881475" level="INFO">${response} = &lt;Response [200]&gt;</msg>
<var>${response}</var>
<arg>consultarAPI</arg>
<arg>/api</arg>
<doc>Sends a GET request on a previously created HTTP Session.</doc>
<status status="PASS" start="2024-07-14T17:21:37.801798" elapsed="0.079721"/>
</kw>
<kw name="Set Variable" owner="BuiltIn">
<msg time="2024-07-14T17:21:37.882472" level="INFO">${json_data} = {'results': [{'gender': 'female', 'name': {'title': 'Ms', 'first': 'Leslie', 'last': 'Riley'}, 'location': {'street': {'number': 2052, 'name': 'Harrison Ct'}, 'city': 'Bueblo', 'state': 'New York', 'c...</msg>
<var>${json_data}</var>
<arg>${response.json()}</arg>
<doc>Returns the given values which can then be assigned to a variables.</doc>
<status status="PASS" start="2024-07-14T17:21:37.881988" elapsed="0.000512"/>
</kw>
<kw name="Log" owner="BuiltIn">
<msg time="2024-07-14T17:21:37.882956" level="INFO">{'results': [{'gender': 'female', 'name': {'title': 'Ms', 'first': 'Leslie', 'last': 'Riley'}, 'location': {'street': {'number': 2052, 'name': 'Harrison Ct'}, 'city': 'Bueblo', 'state': 'New York', 'country': 'United States', 'postcode': 11901, 'coordinates': {'latitude': '86.0566', 'longitude': '124.6035'}, 'timezone': {'offset': '-2:00', 'description': 'Mid-Atlantic'}}, 'email': 'leslie.riley@example.com', 'login': {'uuid': '9cd6351a-0fce-431e-8362-73466a61ee9a', 'username': 'blueladybug319', 'password': 'hillbill', 'salt': '8X5lg4cm', 'md5': '2a8dabddceadd3537b4548a536fe3a10', 'sha1': '8dee6ec537ab3ed18474f43739e2f089ddaa7c5a', 'sha256': '430798a0ab30e0d908c89e5ca9ce1c6610a05d2225f70f5c5f73f7cff1b7c5f8'}, 'dob': {'date': '1962-04-29T02:50:56.057Z', 'age': 62}, 'registered': {'date': '2010-12-11T20:40:52.463Z', 'age': 13}, 'phone': '(730) 986-6196', 'cell': '(381) 569-9208', 'id': {'name': 'SSN', 'value': '500-65-2511'}, 'picture': {'large': 'https://randomuser.me/api/portraits/women/36.jpg', 'medium': 'https://randomuser.me/api/portraits/med/women/36.jpg', 'thumbnail': 'https://randomuser.me/api/portraits/thumb/women/36.jpg'}, 'nat': 'US'}], 'info': {'seed': '2a1c5dc7d77cb6f5', 'results': 1, 'page': 1, 'version': '1.4'}}</msg>
<arg>${json_data}</arg>
<doc>Logs the given message with the given level.</doc>
<status status="PASS" start="2024-07-14T17:21:37.882800" elapsed="0.000204"/>
</kw>
<kw name="Dictionary Should Contain Key" owner="Collections">
<arg>${json_data}</arg>
<arg>results</arg>
<doc>Fails if ``key`` is not found from ``dictionary``.</doc>
<status status="PASS" start="2024-07-14T17:21:37.883289" elapsed="0.000162"/>
</kw>
<kw name="Should Not Be Empty" owner="BuiltIn">
<msg time="2024-07-14T17:21:37.883757" level="INFO">Length is 2.</msg>
<arg>${json_data}</arg>
<doc>Verifies that the given item is not empty.</doc>
<status status="PASS" start="2024-07-14T17:21:37.883634" elapsed="0.000161"/>
</kw>
<kw name="Create List" owner="BuiltIn">
<msg time="2024-07-14T17:21:37.884227" level="INFO">${expected_keys} = ['gender', 'name', 'location', 'email', 'login']</msg>
<var>${expected_keys}</var>
<arg>gender</arg>
<arg>name</arg>
<arg>location</arg>
<arg>email</arg>
<arg>login</arg>
<doc>Returns a list containing given items.</doc>
<status status="PASS" start="2024-07-14T17:21:37.884082" elapsed="0.000169"/>
</kw>
<for flavor="IN">
<iter>
<kw name="Dictionary Should Contain Key" owner="Collections">
<arg>${json_data['results'][0]}</arg>
<arg>${key}</arg>
<doc>Fails if ``key`` is not found from ``dictionary``.</doc>
<status status="PASS" start="2024-07-14T17:21:37.884959" elapsed="0.000394"/>
</kw>
<kw name="Log" owner="BuiltIn">
<msg time="2024-07-14T17:21:37.885920" level="INFO">{'gender': 'female', 'name': {'title': 'Ms', 'first': 'Leslie', 'last': 'Riley'}, 'location': {'street': {'number': 2052, 'name': 'Harrison Ct'}, 'city': 'Bueblo', 'state': 'New York', 'country': 'United States', 'postcode': 11901, 'coordinates': {'latitude': '86.0566', 'longitude': '124.6035'}, 'timezone': {'offset': '-2:00', 'description': 'Mid-Atlantic'}}, 'email': 'leslie.riley@example.com', 'login': {'uuid': '9cd6351a-0fce-431e-8362-73466a61ee9a', 'username': 'blueladybug319', 'password': 'hillbill', 'salt': '8X5lg4cm', 'md5': '2a8dabddceadd3537b4548a536fe3a10', 'sha1': '8dee6ec537ab3ed18474f43739e2f089ddaa7c5a', 'sha256': '430798a0ab30e0d908c89e5ca9ce1c6610a05d2225f70f5c5f73f7cff1b7c5f8'}, 'dob': {'date': '1962-04-29T02:50:56.057Z', 'age': 62}, 'registered': {'date': '2010-12-11T20:40:52.463Z', 'age': 13}, 'phone': '(730) 986-6196', 'cell': '(381) 569-9208', 'id': {'name': 'SSN', 'value': '500-65-2511'}, 'picture': {'large': 'https://randomuser.me/api/portraits/women/36.jpg', 'medium': 'https://randomuser.me/api/portraits/med/women/36.jpg', 'thumbnail': 'https://randomuser.me/api/portraits/thumb/women/36.jpg'}, 'nat': 'US'}</msg>
<arg>${json_data['results'][0]}</arg>
<doc>Logs the given message with the given level.</doc>
<status status="PASS" start="2024-07-14T17:21:37.885540" elapsed="0.000430"/>
</kw>
<kw name="Log" owner="BuiltIn">
<msg time="2024-07-14T17:21:37.886401" level="INFO">gender</msg>
<arg>${key}</arg>
<doc>Logs the given message with the given level.</doc>
<status status="PASS" start="2024-07-14T17:21:37.886267" elapsed="0.000170"/>
</kw>
<var name="${key}">gender</var>
<status status="PASS" start="2024-07-14T17:21:37.884838" elapsed="0.001810"/>
</iter>
<iter>
<kw name="Dictionary Should Contain Key" owner="Collections">
<arg>${json_data['results'][0]}</arg>
<arg>${key}</arg>
<doc>Fails if ``key`` is not found from ``dictionary``.</doc>
<status status="PASS" start="2024-07-14T17:21:37.886935" elapsed="0.000383"/>
</kw>
<kw name="Log" owner="BuiltIn">
<msg time="2024-07-14T17:21:37.887841" level="INFO">{'gender': 'female', 'name': {'title': 'Ms', 'first': 'Leslie', 'last': 'Riley'}, 'location': {'street': {'number': 2052, 'name': 'Harrison Ct'}, 'city': 'Bueblo', 'state': 'New York', 'country': 'United States', 'postcode': 11901, 'coordinates': {'latitude': '86.0566', 'longitude': '124.6035'}, 'timezone': {'offset': '-2:00', 'description': 'Mid-Atlantic'}}, 'email': 'leslie.riley@example.com', 'login': {'uuid': '9cd6351a-0fce-431e-8362-73466a61ee9a', 'username': 'blueladybug319', 'password': 'hillbill', 'salt': '8X5lg4cm', 'md5': '2a8dabddceadd3537b4548a536fe3a10', 'sha1': '8dee6ec537ab3ed18474f43739e2f089ddaa7c5a', 'sha256': '430798a0ab30e0d908c89e5ca9ce1c6610a05d2225f70f5c5f73f7cff1b7c5f8'}, 'dob': {'date': '1962-04-29T02:50:56.057Z', 'age': 62}, 'registered': {'date': '2010-12-11T20:40:52.463Z', 'age': 13}, 'phone': '(730) 986-6196', 'cell': '(381) 569-9208', 'id': {'name': 'SSN', 'value': '500-65-2511'}, 'picture': {'large': 'https://randomuser.me/api/portraits/women/36.jpg', 'medium': 'https://randomuser.me/api/portraits/med/women/36.jpg', 'thumbnail': 'https://randomuser.me/api/portraits/thumb/women/36.jpg'}, 'nat': 'US'}</msg>
<arg>${json_data['results'][0]}</arg>
<doc>Logs the given message with the given level.</doc>
<status status="PASS" start="2024-07-14T17:21:37.887496" elapsed="0.000424"/>
</kw>
<kw name="Log" owner="BuiltIn">
<msg time="2024-07-14T17:21:37.888339" level="INFO">name</msg>
<arg>${key}</arg>
<doc>Logs the given message with the given level.</doc>
<status status="PASS" start="2024-07-14T17:21:37.888212" elapsed="0.000163"/>
</kw>
<var name="${key}">name</var>
<status status="PASS" start="2024-07-14T17:21:37.886827" elapsed="0.001760"/>
</iter>
<iter>
<kw name="Dictionary Should Contain Key" owner="Collections">
<arg>${json_data['results'][0]}</arg>
<arg>${key}</arg>
<doc>Fails if ``key`` is not found from ``dictionary``.</doc>
<status status="PASS" start="2024-07-14T17:21:37.888867" elapsed="0.000455"/>
</kw>
<kw name="Log" owner="BuiltIn">
<msg time="2024-07-14T17:21:37.889882" level="INFO">{'gender': 'female', 'name': {'title': 'Ms', 'first': 'Leslie', 'last': 'Riley'}, 'location': {'street': {'number': 2052, 'name': 'Harrison Ct'}, 'city': 'Bueblo', 'state': 'New York', 'country': 'United States', 'postcode': 11901, 'coordinates': {'latitude': '86.0566', 'longitude': '124.6035'}, 'timezone': {'offset': '-2:00', 'description': 'Mid-Atlantic'}}, 'email': 'leslie.riley@example.com', 'login': {'uuid': '9cd6351a-0fce-431e-8362-73466a61ee9a', 'username': 'blueladybug319', 'password': 'hillbill', 'salt': '8X5lg4cm', 'md5': '2a8dabddceadd3537b4548a536fe3a10', 'sha1': '8dee6ec537ab3ed18474f43739e2f089ddaa7c5a', 'sha256': '430798a0ab30e0d908c89e5ca9ce1c6610a05d2225f70f5c5f73f7cff1b7c5f8'}, 'dob': {'date': '1962-04-29T02:50:56.057Z', 'age': 62}, 'registered': {'date': '2010-12-11T20:40:52.463Z', 'age': 13}, 'phone': '(730) 986-6196', 'cell': '(381) 569-9208', 'id': {'name': 'SSN', 'value': '500-65-2511'}, 'picture': {'large': 'https://randomuser.me/api/portraits/women/36.jpg', 'medium': 'https://randomuser.me/api/portraits/med/women/36.jpg', 'thumbnail': 'https://randomuser.me/api/portraits/thumb/women/36.jpg'}, 'nat': 'US'}</msg>
<arg>${json_data['results'][0]}</arg>
<doc>Logs the given message with the given level.</doc>
<status status="PASS" start="2024-07-14T17:21:37.889504" elapsed="0.000428"/>
</kw>
<kw name="Log" owner="BuiltIn">
<msg time="2024-07-14T17:21:37.890352" level="INFO">location</msg>
<arg>${key}</arg>
<doc>Logs the given message with the given level.</doc>
<status status="PASS" start="2024-07-14T17:21:37.890227" elapsed="0.000162"/>
</kw>
<var name="${key}">location</var>
<status status="PASS" start="2024-07-14T17:21:37.888761" elapsed="0.001838"/>
</iter>
<iter>
<kw name="Dictionary Should Contain Key" owner="Collections">
<arg>${json_data['results'][0]}</arg>
<arg>${key}</arg>
<doc>Fails if ``key`` is not found from ``dictionary``.</doc>
<status status="PASS" start="2024-07-14T17:21:37.890868" elapsed="0.000373"/>
</kw>
<kw name="Log" owner="BuiltIn">
<msg time="2024-07-14T17:21:37.891760" level="INFO">{'gender': 'female', 'name': {'title': 'Ms', 'first': 'Leslie', 'last': 'Riley'}, 'location': {'street': {'number': 2052, 'name': 'Harrison Ct'}, 'city': 'Bueblo', 'state': 'New York', 'country': 'United States', 'postcode': 11901, 'coordinates': {'latitude': '86.0566', 'longitude': '124.6035'}, 'timezone': {'offset': '-2:00', 'description': 'Mid-Atlantic'}}, 'email': 'leslie.riley@example.com', 'login': {'uuid': '9cd6351a-0fce-431e-8362-73466a61ee9a', 'username': 'blueladybug319', 'password': 'hillbill', 'salt': '8X5lg4cm', 'md5': '2a8dabddceadd3537b4548a536fe3a10', 'sha1': '8dee6ec537ab3ed18474f43739e2f089ddaa7c5a', 'sha256': '430798a0ab30e0d908c89e5ca9ce1c6610a05d2225f70f5c5f73f7cff1b7c5f8'}, 'dob': {'date': '1962-04-29T02:50:56.057Z', 'age': 62}, 'registered': {'date': '2010-12-11T20:40:52.463Z', 'age': 13}, 'phone': '(730) 986-6196', 'cell': '(381) 569-9208', 'id': {'name': 'SSN', 'value': '500-65-2511'}, 'picture': {'large': 'https://randomuser.me/api/portraits/women/36.jpg', 'medium': 'https://randomuser.me/api/portraits/med/women/36.jpg', 'thumbnail': 'https://randomuser.me/api/portraits/thumb/women/36.jpg'}, 'nat': 'US'}</msg>
<arg>${json_data['results'][0]}</arg>
<doc>Logs the given message with the given level.</doc>
<status status="PASS" start="2024-07-14T17:21:37.891417" elapsed="0.000392"/>
</kw>
<kw name="Log" owner="BuiltIn">
<msg time="2024-07-14T17:21:37.892227" level="INFO">email</msg>
<arg>${key}</arg>
<doc>Logs the given message with the given level.</doc>
<status status="PASS" start="2024-07-14T17:21:37.892104" elapsed="0.000161"/>
</kw>
<var name="${key}">email</var>
<status status="PASS" start="2024-07-14T17:21:37.890764" elapsed="0.001710"/>
</iter>
<iter>
<kw name="Dictionary Should Contain Key" owner="Collections">
<arg>${json_data['results'][0]}</arg>
<arg>${key}</arg>
<doc>Fails if ``key`` is not found from ``dictionary``.</doc>
<status status="PASS" start="2024-07-14T17:21:37.892753" elapsed="0.000398"/>
</kw>
<kw name="Log" owner="BuiltIn">
<msg time="2024-07-14T17:21:37.893674" level="INFO">{'gender': 'female', 'name': {'title': 'Ms', 'first': 'Leslie', 'last': 'Riley'}, 'location': {'street': {'number': 2052, 'name': 'Harrison Ct'}, 'city': 'Bueblo', 'state': 'New York', 'country': 'United States', 'postcode': 11901, 'coordinates': {'latitude': '86.0566', 'longitude': '124.6035'}, 'timezone': {'offset': '-2:00', 'description': 'Mid-Atlantic'}}, 'email': 'leslie.riley@example.com', 'login': {'uuid': '9cd6351a-0fce-431e-8362-73466a61ee9a', 'username': 'blueladybug319', 'password': 'hillbill', 'salt': '8X5lg4cm', 'md5': '2a8dabddceadd3537b4548a536fe3a10', 'sha1': '8dee6ec537ab3ed18474f43739e2f089ddaa7c5a', 'sha256': '430798a0ab30e0d908c89e5ca9ce1c6610a05d2225f70f5c5f73f7cff1b7c5f8'}, 'dob': {'date': '1962-04-29T02:50:56.057Z', 'age': 62}, 'registered': {'date': '2010-12-11T20:40:52.463Z', 'age': 13}, 'phone': '(730) 986-6196', 'cell': '(381) 569-9208', 'id': {'name': 'SSN', 'value': '500-65-2511'}, 'picture': {'large': 'https://randomuser.me/api/portraits/women/36.jpg', 'medium': 'https://randomuser.me/api/portraits/med/women/36.jpg', 'thumbnail': 'https://randomuser.me/api/portraits/thumb/women/36.jpg'}, 'nat': 'US'}</msg>
<arg>${json_data['results'][0]}</arg>
<doc>Logs the given message with the given level.</doc>
<status status="PASS" start="2024-07-14T17:21:37.893332" elapsed="0.000390"/>
</kw>
<kw name="Log" owner="BuiltIn">
<msg time="2024-07-14T17:21:37.894159" level="INFO">login</msg>
<arg>${key}</arg>
<doc>Logs the given message with the given level.</doc>
<status status="PASS" start="2024-07-14T17:21:37.894034" elapsed="0.000161"/>
</kw>
<var name="${key}">login</var>
<status status="PASS" start="2024-07-14T17:21:37.892642" elapsed="0.001769"/>
</iter>
<var>${key}</var>
<value>@{expected_keys}</value>
<status status="PASS" start="2024-07-14T17:21:37.884651" elapsed="0.009878"/>
</for>
<kw name="Create List" owner="BuiltIn">
<msg time="2024-07-14T17:21:37.894847" level="INFO">${expected_keysTwo} = ['username', 'password']</msg>
<var>${expected_keysTwo}</var>
<arg>username</arg>
<arg>password</arg>
<doc>Returns a list containing given items.</doc>
<status status="PASS" start="2024-07-14T17:21:37.894714" elapsed="0.000156"/>
</kw>
<for flavor="IN">
<iter>
<kw name="Dictionary Should Contain Key" owner="Collections">
<arg>${json_data['results'][0]['login']}</arg>
<arg>${keyTwo}</arg>
<doc>Fails if ``key`` is not found from ``dictionary``.</doc>
<status status="PASS" start="2024-07-14T17:21:37.895401" elapsed="0.000376"/>
</kw>
<kw name="Dictionary Should Contain Key" owner="Collections">
<arg>${json_data['results'][0]['login']}</arg>
<arg>${keyTwo}</arg>
<doc>Fails if ``key`` is not found from ``dictionary``.</doc>
<status status="PASS" start="2024-07-14T17:21:37.895953" elapsed="0.000373"/>
</kw>
<kw name="Log" owner="BuiltIn">
<msg time="2024-07-14T17:21:37.896623" level="INFO">username</msg>
<arg>${keyTwo}</arg>
<doc>Logs the given message with the given level.</doc>
<status status="PASS" start="2024-07-14T17:21:37.896503" elapsed="0.000156"/>
</kw>
<var name="${keyTwo}">username</var>
<status status="PASS" start="2024-07-14T17:21:37.895294" elapsed="0.001585"/>
</iter>
<iter>
<kw name="Dictionary Should Contain Key" owner="Collections">
<arg>${json_data['results'][0]['login']}</arg>
<arg>${keyTwo}</arg>
<doc>Fails if ``key`` is not found from ``dictionary``.</doc>
<status status="PASS" start="2024-07-14T17:21:37.897152" elapsed="0.000375"/>
</kw>
<kw name="Dictionary Should Contain Key" owner="Collections">
<arg>${json_data['results'][0]['login']}</arg>
<arg>${keyTwo}</arg>
<doc>Fails if ``key`` is not found from ``dictionary``.</doc>
<status status="PASS" start="2024-07-14T17:21:37.897701" elapsed="0.000394"/>
</kw>
<kw name="Log" owner="BuiltIn">
<msg time="2024-07-14T17:21:37.898389" level="INFO">password</msg>
<arg>${keyTwo}</arg>
<doc>Logs the given message with the given level.</doc>
<status status="PASS" start="2024-07-14T17:21:37.898271" elapsed="0.000159"/>
</kw>
<var name="${keyTwo}">password</var>
<status status="PASS" start="2024-07-14T17:21:37.897047" elapsed="0.001605"/>
</iter>
<var>${keyTwo}</var>
<value>@{expected_keysTwo}</value>
<status status="PASS" start="2024-07-14T17:21:37.895124" elapsed="0.003645"/>
</for>
<status status="PASS" start="2024-07-14T17:21:37.801550" elapsed="0.097355"/>
</kw>
<doc>Testa a estrutura da resposta da API.</doc>
<tag>testeEstruturaResposta</tag>
<status status="PASS" start="2024-07-14T17:21:37.800986" elapsed="0.098070"/>
</test>
<test id="s1-s1-t4" name="Validar tipos de dados" line="28">
<kw name="Teste de Tipos de Dados" owner="random-user-service">
<kw name="GET On Session" owner="RequestsLibrary">
<msg time="2024-07-14T17:21:37.998227" level="INFO">GET Request : url=https://randomuser.me/api 
 path_url=/api 
 headers={'User-Agent': 'python-requests/2.32.3', 'Accept-Encoding': 'gzip, deflate', 'Accept': '*/*', 'Connection': 'keep-alive'} 
 body=None 
 </msg>
<msg time="2024-07-14T17:21:37.998323" level="INFO">GET Response : url=https://randomuser.me/api 
 status=200, reason=OK 
 headers={'Date': 'Sun, 14 Jul 2024 17:21:37 GMT', 'Content-Type': 'application/json; charset=utf-8', 'Transfer-Encoding': 'chunked', 'Connection': 'keep-alive', 'X-Powered-By': 'Express', 'Access-Control-Allow-Origin': '*', 'Cache-Control': 'no-cache', 'ETag': 'W/"489-DsebK+5XKOsRAx2r+Vzr2myRbk8"', 'Vary': 'Accept-Encoding', 'Content-Encoding': 'gzip', 'CF-Cache-Status': 'DYNAMIC', 'Report-To': '{"endpoints":[{"url":"https:\\/\\/a.nel.cloudflare.com\\/report\\/v4?s=Ozrf9ZPY8DvGkDJjoL89TUCxhtBsA0elHkHcEcUCpECtEo3rklN4IdYUCwGRIzzFdxA%2FMMwKc6RZwSEV0zQbyRArPOo0J943c3upx23%2F1sPCrZu9WqFca09Y9GhLD6Gd"}],"group":"cf-nel","max_age":604800}', 'NEL': '{"success_fraction":0,"report_to":"cf-nel","max_age":604800}', 'Server': 'cloudflare', 'CF-RAY': '8a3330b3eac81403-ORD', 'alt-svc': 'h3=":443"; ma=86400'} 
 body={"results":[{"gender":"female","name":{"title":"Mrs","first":"Fatine","last":"Luik"},"location":{"street":{"number":355,"name":"Bottelroosstraat"},"city":"Weiteveen","state":"Flevoland","country":"Netherlands","postcode":"2760 DT","coordinates":{"latitude":"32.1833","longitude":"109.4134"},"timezone":{"offset":"+9:30","description":"Adelaide, Darwin"}},"email":"fatine.luik@example.com","login":{"uuid":"478e03e2-3401-4423-9f8f-279a858124ff","username":"yellowdog505","password":"lkjhgfds","salt":"sahshpw0","md5":"24151b7581126de9abe82b73662da21a","sha1":"0e172326ef151ee4e8cb827797f19ed7c6f90136","sha256":"11cbeef1fc0c831e8987a4a87a52d015e28e81fdca659be7f841e8a45d214f76"},"dob":{"date":"1979-10-15T21:59:46.799Z","age":44},"registered":{"date":"2015-04-08T22:34:26.860Z","age":9},"phone":"(0867) 838410","cell":"(06) 53481094","id":{"name":"BSN","value":"29434332"},"picture":{"large":"https://randomuser.me/api/portraits/women/51.jpg","medium":"https://randomuser.me/api/portraits/med/women/51.jpg","thumbnail":"https://randomuser.me/api/portraits/thumb/women/51.jpg"},"nat":"NL"}],"info":{"seed":"6b8f3dbeb4262edd","results":1,"page":1,"version":"1.4"}} 
 </msg>
<msg time="2024-07-14T17:21:37.998397" level="INFO">/opt/hostedtoolcache/Python/3.12.4/x64/lib/python3.12/site-packages/urllib3/connectionpool.py:1099: InsecureRequestWarning: Unverified HTTPS request is being made to host 'randomuser.me'. Adding certificate verification is strongly advised. See: https://urllib3.readthedocs.io/en/latest/advanced-usage.html#tls-warnings
  warnings.warn(</msg>
<msg time="2024-07-14T17:21:37.998497" level="INFO">${response} = &lt;Response [200]&gt;</msg>
<var>${response}</var>
<arg>consultarAPI</arg>
<arg>/api</arg>
<doc>Sends a GET request on a previously created HTTP Session.</doc>
<status status="PASS" start="2024-07-14T17:21:37.901541" elapsed="0.096988"/>
</kw>
<kw name="Set Variable" owner="BuiltIn">
<msg time="2024-07-14T17:21:37.999355" level="INFO">${json_data} = {'results': [{'gender': 'female', 'name': {'title': 'Mrs', 'first': 'Fatine', 'last': 'Luik'}, 'location': {'street': {'number': 355, 'name': 'Bottelroosstraat'}, 'city': 'Weiteveen', 'state': 'Flevol...</msg>
<var>${json_data}</var>
<arg>${response.json()}</arg>
<doc>Returns the given values which can then be assigned to a variables.</doc>
<status status="PASS" start="2024-07-14T17:21:37.998907" elapsed="0.000476"/>
</kw>
<kw name="Log" owner="BuiltIn">
<msg time="2024-07-14T17:21:37.999832" level="INFO">{'results': [{'gender': 'female', 'name': {'title': 'Mrs', 'first': 'Fatine', 'last': 'Luik'}, 'location': {'street': {'number': 355, 'name': 'Bottelroosstraat'}, 'city': 'Weiteveen', 'state': 'Flevoland', 'country': 'Netherlands', 'postcode': '2760 DT', 'coordinates': {'latitude': '32.1833', 'longitude': '109.4134'}, 'timezone': {'offset': '+9:30', 'description': 'Adelaide, Darwin'}}, 'email': 'fatine.luik@example.com', 'login': {'uuid': '478e03e2-3401-4423-9f8f-279a858124ff', 'username': 'yellowdog505', 'password': 'lkjhgfds', 'salt': 'sahshpw0', 'md5': '24151b7581126de9abe82b73662da21a', 'sha1': '0e172326ef151ee4e8cb827797f19ed7c6f90136', 'sha256': '11cbeef1fc0c831e8987a4a87a52d015e28e81fdca659be7f841e8a45d214f76'}, 'dob': {'date': '1979-10-15T21:59:46.799Z', 'age': 44}, 'registered': {'date': '2015-04-08T22:34:26.860Z', 'age': 9}, 'phone': '(0867) 838410', 'cell': '(06) 53481094', 'id': {'name': 'BSN', 'value': '29434332'}, 'picture': {'large': 'https://randomuser.me/api/portraits/women/51.jpg', 'medium': 'https://randomuser.me/api/portraits/med/women/51.jpg', 'thumbnail': 'https://randomuser.me/api/portraits/thumb/women/51.jpg'}, 'nat': 'NL'}], 'info': {'seed': '6b8f3dbeb4262edd', 'results': 1, 'page': 1, 'version': '1.4'}}</msg>
<arg>${json_data}</arg>
<doc>Logs the given message with the given level.</doc>
<status status="PASS" start="2024-07-14T17:21:37.999679" elapsed="0.000200"/>
</kw>
<kw name="Should Be String" owner="String">
<arg>${json_data['results'][0]['gender']}</arg>
<doc>Fails if the given ``item`` is not a string.</doc>
<status status="PASS" start="2024-07-14T17:21:38.000163" elapsed="0.000359"/>
</kw>
<kw name="Should Match Regexp" owner="BuiltIn">
<arg>${json_data['results'][0]['email']}</arg>
<arg>^[a-zA-Z0-9._%+-]+@[a-zA-Z0-9.-]+\.[a-zA-Z]{2,}$</arg>
<doc>Fails if ``string`` does not match ``pattern`` as a regular expression.</doc>
<status status="PASS" start="2024-07-14T17:21:38.000707" elapsed="0.000515"/>
</kw>
<kw name="Should Match Regexp" owner="BuiltIn">
<arg>${json_data['results'][0]['dob']['date']}</arg>
<arg>\\d{4}-\\d{2}-\\d{2}T\\d{2}:\\d{2}:\\d{2}\\.\\d{3}Z</arg>
<doc>Fails if ``string`` does not match ``pattern`` as a regular expression.</doc>
<status status="PASS" start="2024-07-14T17:21:38.001448" elapsed="0.000532"/>
</kw>
<kw name="Should Match Regexp" owner="BuiltIn">
<arg>${json_data['results'][0]['registered']['date']}</arg>
<arg>\\d{4}-\\d{2}-\\d{2}T\\d{2}:\\d{2}:\\d{2}\\.\\d{3}Z</arg>
<doc>Fails if ``string`` does not match ``pattern`` as a regular expression.</doc>
<status status="PASS" start="2024-07-14T17:21:38.002172" elapsed="0.000365"/>
</kw>
<kw name="Should Match Regexp" owner="BuiltIn">
<arg>${json_data['results'][0]['picture']['large']}</arg>
<arg>^https?://.*\.(?:png|jpe?g|gif|bmp)$</arg>
<doc>Fails if ``string`` does not match ``pattern`` as a regular expression.</doc>
<status status="PASS" start="2024-07-14T17:21:38.002720" elapsed="0.000462"/>
</kw>
<kw name="Should Match Regexp" owner="BuiltIn">
<arg>${json_data['results'][0]['picture']['medium']}</arg>
<arg>^https?://.*\.(?:png|jpe?g|gif|bmp)$</arg>
<doc>Fails if ``string`` does not match ``pattern`` as a regular expression.</doc>
<status status="PASS" start="2024-07-14T17:21:38.003367" elapsed="0.000349"/>
</kw>
<kw name="Should Match Regexp" owner="BuiltIn">
<arg>${json_data['results'][0]['picture']['thumbnail']}</arg>
<arg>^https?://.*\.(?:png|jpe?g|gif|bmp)$</arg>
<doc>Fails if ``string`` does not match ``pattern`` as a regular expression.</doc>
<status status="PASS" start="2024-07-14T17:21:38.003909" elapsed="0.000347"/>
</kw>
<kw name="Log" owner="BuiltIn">
<msg time="2024-07-14T17:21:38.004761" level="INFO">{'large': 'https://randomuser.me/api/portraits/women/51.jpg', 'medium': 'https://randomuser.me/api/portraits/med/women/51.jpg', 'thumbnail': 'https://randomuser.me/api/portraits/thumb/women/51.jpg'}</msg>
<arg>${json_data['results'][0]['picture']}</arg>
<doc>Logs the given message with the given level.</doc>
<status status="PASS" start="2024-07-14T17:21:38.004439" elapsed="0.000364"/>
</kw>
<status status="PASS" start="2024-07-14T17:21:37.901323" elapsed="0.103732"/>
</kw>
<kw name="Teste de Tipos de Dados - Postcode" owner="random-user-service">
<kw name="GET On Session" owner="RequestsLibrary">
<msg time="2024-07-14T17:21:38.103023" level="INFO">GET Request : url=https://randomuser.me/api 
 path_url=/api 
 headers={'User-Agent': 'python-requests/2.32.3', 'Accept-Encoding': 'gzip, deflate', 'Accept': '*/*', 'Connection': 'keep-alive'} 
 body=None 
 </msg>
<msg time="2024-07-14T17:21:38.103106" level="INFO">GET Response : url=https://randomuser.me/api 
 status=200, reason=OK 
 headers={'Date': 'Sun, 14 Jul 2024 17:21:38 GMT', 'Content-Type': 'application/json; charset=utf-8', 'Transfer-Encoding': 'chunked', 'Connection': 'keep-alive', 'X-Powered-By': 'Express', 'Access-Control-Allow-Origin': '*', 'Cache-Control': 'no-cache', 'ETag': 'W/"498-sgvG3m5og6MzsyUE2rqji44+LJw"', 'Vary': 'Accept-Encoding', 'Content-Encoding': 'gzip', 'CF-Cache-Status': 'DYNAMIC', 'Report-To': '{"endpoints":[{"url":"https:\\/\\/a.nel.cloudflare.com\\/report\\/v4?s=PEyX0H7Vf%2Fe9jgHc3I%2BFhkX6f%2FQcXYa3D7TQRoCsjDUgkNp44YPvLEufzeSh9jXqK4KT%2BKFZaMGe21dj01v6tvXE1gT76lYl3hG1sU9zW1PSqFciHHrpVL%2BZ47YvIEI7"}],"group":"cf-nel","max_age":604800}', 'NEL': '{"success_fraction":0,"report_to":"cf-nel","max_age":604800}', 'Server': 'cloudflare', 'CF-RAY': '8a3330b48ba41403-ORD', 'alt-svc': 'h3=":443"; ma=86400'} 
 body={"results":[{"gender":"female","name":{"title":"Miss","first":"Olava","last":"Aronsen"},"location":{"street":{"number":3264,"name":"Tangerudbakken"},"city":"Fjellfoten","state":"Vestfold","country":"Norway","postcode":"7465","coordinates":{"latitude":"44.6345","longitude":"42.1217"},"timezone":{"offset":"-6:00","description":"Central Time (US &amp; Canada), Mexico City"}},"email":"olava.aronsen@example.com","login":{"uuid":"c0335d2f-e83f-4230-84f9-354f33b07c1f","username":"organicelephant413","password":"wolf359","salt":"Io0iodIq","md5":"915f180b274b475440d59868ba989dc5","sha1":"6b4634343c8bace0c65df91401b13d9653ede5ab","sha256":"549f1aa01ab745bd9e9e1c479b010f92cafee7a851c01ea9d4b121f39bfa283d"},"dob":{"date":"1960-07-12T01:19:39.120Z","age":64},"registered":{"date":"2021-03-08T00:57:14.318Z","age":3},"phone":"37047096","cell":"40237599","id":{"name":"FN","value":"12076023202"},"picture":{"large":"https://randomuser.me/api/portraits/women/23.jpg","medium":"https://randomuser.me/api/portraits/med/women/23.jpg","thumbnail":"https://randomuser.me/api/portraits/thumb/women/23.jpg"},"nat":"NO"}],"info":{"seed":"d1f7e42b8aec830d","results":1,"page":1,"version":"1.4"}} 
 </msg>
<msg time="2024-07-14T17:21:38.103170" level="INFO">/opt/hostedtoolcache/Python/3.12.4/x64/lib/python3.12/site-packages/urllib3/connectionpool.py:1099: InsecureRequestWarning: Unverified HTTPS request is being made to host 'randomuser.me'. Adding certificate verification is strongly advised. See: https://urllib3.readthedocs.io/en/latest/advanced-usage.html#tls-warnings
  warnings.warn(</msg>
<msg time="2024-07-14T17:21:38.103283" level="INFO">${response} = &lt;Response [200]&gt;</msg>
<var>${response}</var>
<arg>consultarAPI</arg>
<arg>/api</arg>
<doc>Sends a GET request on a previously created HTTP Session.</doc>
<status status="PASS" start="2024-07-14T17:21:38.005493" elapsed="0.097840"/>
</kw>
<kw name="Set Variable" owner="BuiltIn">
<msg time="2024-07-14T17:21:38.104431" level="INFO">${json_data} = {'results': [{'gender': 'female', 'name': {'title': 'Miss', 'first': 'Olava', 'last': 'Aronsen'}, 'location': {'street': {'number': 3264, 'name': 'Tangerudbakken'}, 'city': 'Fjellfoten', 'state': 'Ves...</msg>
<var>${json_data}</var>
<arg>${response.json()}</arg>
<doc>Returns the given values which can then be assigned to a variables.</doc>
<status status="PASS" start="2024-07-14T17:21:38.103865" elapsed="0.000594"/>
</kw>
<kw name="Log" owner="BuiltIn">
<msg time="2024-07-14T17:21:38.104920" level="INFO">{'results': [{'gender': 'female', 'name': {'title': 'Miss', 'first': 'Olava', 'last': 'Aronsen'}, 'location': {'street': {'number': 3264, 'name': 'Tangerudbakken'}, 'city': 'Fjellfoten', 'state': 'Vestfold', 'country': 'Norway', 'postcode': '7465', 'coordinates': {'latitude': '44.6345', 'longitude': '42.1217'}, 'timezone': {'offset': '-6:00', 'description': 'Central Time (US &amp; Canada), Mexico City'}}, 'email': 'olava.aronsen@example.com', 'login': {'uuid': 'c0335d2f-e83f-4230-84f9-354f33b07c1f', 'username': 'organicelephant413', 'password': 'wolf359', 'salt': 'Io0iodIq', 'md5': '915f180b274b475440d59868ba989dc5', 'sha1': '6b4634343c8bace0c65df91401b13d9653ede5ab', 'sha256': '549f1aa01ab745bd9e9e1c479b010f92cafee7a851c01ea9d4b121f39bfa283d'}, 'dob': {'date': '1960-07-12T01:19:39.120Z', 'age': 64}, 'registered': {'date': '2021-03-08T00:57:14.318Z', 'age': 3}, 'phone': '37047096', 'cell': '40237599', 'id': {'name': 'FN', 'value': '12076023202'}, 'picture': {'large': 'https://randomuser.me/api/portraits/women/23.jpg', 'medium': 'https://randomuser.me/api/portraits/med/women/23.jpg', 'thumbnail': 'https://randomuser.me/api/portraits/thumb/women/23.jpg'}, 'nat': 'NO'}], 'info': {'seed': 'd1f7e42b8aec830d', 'results': 1, 'page': 1, 'version': '1.4'}}</msg>
<arg>${json_data}</arg>
<doc>Logs the given message with the given level.</doc>
<status status="PASS" start="2024-07-14T17:21:38.104766" elapsed="0.000201"/>
</kw>
<kw name="Should Be Equal As Numbers" owner="BuiltIn">
<arg>${json_data['results'][0]['location']['postcode']}</arg>
<arg>${json_data['results'][0]['location']['postcode']}</arg>
<doc>Fails if objects are unequal after converting them to real numbers.</doc>
<status status="PASS" start="2024-07-14T17:21:38.105249" elapsed="0.000657"/>
</kw>
<kw name="Log" owner="BuiltIn">
<msg time="2024-07-14T17:21:38.106437" level="INFO">7465</msg>
<arg>${json_data['results'][0]['location']['postcode']}</arg>
<doc>Logs the given message with the given level.</doc>
<status status="PASS" start="2024-07-14T17:21:38.106100" elapsed="0.000377"/>
</kw>
<status status="PASS" start="2024-07-14T17:21:38.005265" elapsed="0.101489"/>
</kw>
<doc>Testa se os tipos de dados na resposta da API estão corretos.</doc>
<tag>testeTiposDados</tag>
<status status="PASS" start="2024-07-14T17:21:37.900807" elapsed="0.206113"/>
</test>
<test id="s1-s1-t5" name="Validar conteudo" line="35">
<kw name="Teste de Tipos de Conteudo" owner="random-user-service">
<kw name="GET On Session" owner="RequestsLibrary">
<msg time="2024-07-14T17:21:38.182566" level="INFO">GET Request : url=https://randomuser.me/api 
 path_url=/api 
 headers={'User-Agent': 'python-requests/2.32.3', 'Accept-Encoding': 'gzip, deflate', 'Accept': '*/*', 'Connection': 'keep-alive'} 
 body=None 
 </msg>
<msg time="2024-07-14T17:21:38.182652" level="INFO">GET Response : url=https://randomuser.me/api 
 status=200, reason=OK 
 headers={'Date': 'Sun, 14 Jul 2024 17:21:38 GMT', 'Content-Type': 'application/json; charset=utf-8', 'Transfer-Encoding': 'chunked', 'Connection': 'keep-alive', 'X-Powered-By': 'Express', 'Access-Control-Allow-Origin': '*', 'Cache-Control': 'no-cache', 'ETag': 'W/"46e-NWlTJScBIfnJNS9mTZBe37l+Cmw"', 'Vary': 'Accept-Encoding', 'Content-Encoding': 'gzip', 'CF-Cache-Status': 'DYNAMIC', 'Report-To': '{"endpoints":[{"url":"https:\\/\\/a.nel.cloudflare.com\\/report\\/v4?s=rKwv%2FVFoCh0hNHjk2zftdM%2BiprNuD0rAhart3xt%2BfPS9Y9Do0doQ4WlswwAge%2FQ%2FTCqQ%2BIxl%2FjpH%2BLNBuJraXFlFLTagR0bd4QE%2FXJ2gPjEtI36LV8U%2FBZ8gcauzsqbL"}],"group":"cf-nel","max_age":604800}', 'NEL': '{"success_fraction":0,"report_to":"cf-nel","max_age":604800}', 'Server': 'cloudflare', 'CF-RAY': '8a3330b52c911403-ORD', 'alt-svc': 'h3=":443"; ma=86400'} 
 body={"results":[{"gender":"female","name":{"title":"Mrs","first":"Anna","last":"Román"},"location":{"street":{"number":5537,"name":"Calle de Arganzuela"},"city":"Toledo","state":"Galicia","country":"Spain","postcode":79933,"coordinates":{"latitude":"-34.7606","longitude":"164.4118"},"timezone":{"offset":"-10:00","description":"Hawaii"}},"email":"anna.roman@example.com","login":{"uuid":"1c9184da-c029-48ce-b0e2-331f022a594d","username":"blackduck314","password":"tenchi","salt":"bjKIW4Sa","md5":"8d7f2a2b72f928995132f3ffcda766f5","sha1":"66578d5298cc1bdd4b0e84ba41f5ac8f889392df","sha256":"2c37b98c02498004c75ceb5befe1f0bae53f47fe5839e9841e20dab743130ef0"},"dob":{"date":"1948-04-20T19:55:43.064Z","age":76},"registered":{"date":"2021-08-23T07:22:45.637Z","age":2},"phone":"911-636-386","cell":"666-268-526","id":{"name":"DNI","value":"62204697-Y"},"picture":{"large":"https://randomuser.me/api/portraits/women/2.jpg","medium":"https://randomuser.me/api/portraits/med/women/2.jpg","thumbnail":"https://randomuser.me/api/portraits/thumb/women/2.jpg"},"nat":"ES"}],"info":{"seed":"a75af528d2b5c682","results":1,"page":1,"version":"1.4"}} 
 </msg>
<msg time="2024-07-14T17:21:38.182740" level="INFO">/opt/hostedtoolcache/Python/3.12.4/x64/lib/python3.12/site-packages/urllib3/connectionpool.py:1099: InsecureRequestWarning: Unverified HTTPS request is being made to host 'randomuser.me'. Adding certificate verification is strongly advised. See: https://urllib3.readthedocs.io/en/latest/advanced-usage.html#tls-warnings
  warnings.warn(</msg>
<msg time="2024-07-14T17:21:38.182856" level="INFO">${response} = &lt;Response [200]&gt;</msg>
<var>${response}</var>
<arg>consultarAPI</arg>
<arg>/api</arg>
<doc>Sends a GET request on a previously created HTTP Session.</doc>
<status status="PASS" start="2024-07-14T17:21:38.109549" elapsed="0.073349"/>
</kw>
<kw name="Set Variable" owner="BuiltIn">
<msg time="2024-07-14T17:21:38.183916" level="INFO">${json_data} = {'results': [{'gender': 'female', 'name': {'title': 'Mrs', 'first': 'Anna', 'last': 'Román'}, 'location': {'street': {'number': 5537, 'name': 'Calle de Arganzuela'}, 'city': 'Toledo', 'state': 'Galici...</msg>
<var>${json_data}</var>
<arg>${response.json()}</arg>
<doc>Returns the given values which can then be assigned to a variables.</doc>
<status status="PASS" start="2024-07-14T17:21:38.183378" elapsed="0.000567"/>
</kw>
<kw name="Set Variable" owner="BuiltIn">
<msg time="2024-07-14T17:21:38.184629" level="INFO">${name_title} = Mrs</msg>
<var>${name_title}</var>
<arg>${json_data["results"][0]["name"]["title"]}</arg>
<doc>Returns the given values which can then be assigned to a variables.</doc>
<status status="PASS" start="2024-07-14T17:21:38.184255" elapsed="0.000399"/>
</kw>
<kw name="Create List" owner="BuiltIn">
<msg time="2024-07-14T17:21:38.185091" level="INFO">${allowed_titles} = ['Mr', 'Ms', 'Miss', 'Mrs', 'Madame', 'Monsieur']</msg>
<var>${allowed_titles}</var>
<arg>Mr</arg>
<arg>Ms</arg>
<arg>Miss</arg>
<arg>Mrs</arg>
<arg>Madame</arg>
<arg>Monsieur</arg>
<doc>Returns a list containing given items.</doc>
<status status="PASS" start="2024-07-14T17:21:38.184946" elapsed="0.000170"/>
</kw>
<kw name="List Should Contain Value" owner="Collections">
<arg>${allowed_titles}</arg>
<arg>${name_title}</arg>
<doc>Fails if the ``value`` is not found from ``list``.</doc>
<status status="PASS" start="2024-07-14T17:21:38.185413" elapsed="0.000182"/>
</kw>
<kw name="Set Variable" owner="BuiltIn">
<msg time="2024-07-14T17:21:38.186183" level="INFO">${name_country} = ES</msg>
<var>${name_country}</var>
<arg>${json_data["results"][0]["nat"]}</arg>
<doc>Returns the given values which can then be assigned to a variables.</doc>
<status status="PASS" start="2024-07-14T17:21:38.185813" elapsed="0.000396"/>
</kw>
<kw name="Create List" owner="BuiltIn">
<msg time="2024-07-14T17:21:38.187091" level="INFO">${list_country} = ['AD', 'AE', 'AF', 'AG', 'AI', 'AL', 'AM', 'AO', 'AQ', 'AR', 'AS', 'AT', 'AU', 'AW', 'AX', 'AZ', 'BA', 'BB', 'BD', 'BE', 'BF', 'BG', 'BH', 'BI', 'BJ', 'BL', 'BM', 'BN', 'BO', 'BQ', 'BR', 'BS', 'BT', '...</msg>
<var>${list_country}</var>
<arg>AD</arg>
<arg>AE</arg>
<arg>AF</arg>
<arg>AG</arg>
<arg>AI</arg>
<arg>AL</arg>
<arg>AM</arg>
<arg>AO</arg>
<arg>AQ</arg>
<arg>AR</arg>
<arg>AS</arg>
<arg>AT</arg>
<arg>AU</arg>
<arg>AW</arg>
<arg>AX</arg>
<arg>AZ</arg>
<arg>BA</arg>
<arg>BB</arg>
<arg>BD</arg>
<arg>BE</arg>
<arg>BF</arg>
<arg>BG</arg>
<arg>BH</arg>
<arg>BI</arg>
<arg>BJ</arg>
<arg>BL</arg>
<arg>BM</arg>
<arg>BN</arg>
<arg>BO</arg>
<arg>BQ</arg>
<arg>BR</arg>
<arg>BS</arg>
<arg>BT</arg>
<arg>BV</arg>
<arg>BW</arg>
<arg>BY</arg>
<arg>BZ</arg>
<arg>CA</arg>
<arg>CC</arg>
<arg>CD</arg>
<arg>CF</arg>
<arg>CG</arg>
<arg>CH</arg>
<arg>CI</arg>
<arg>CK</arg>
<arg>CL</arg>
<arg>CM</arg>
<arg>CN</arg>
<arg>CO</arg>
<arg>CR</arg>
<arg>CU</arg>
<arg>CV</arg>
<arg>CW</arg>
<arg>CX</arg>
<arg>CY</arg>
<arg>CZ</arg>
<arg>DE</arg>
<arg>DJ</arg>
<arg>DK</arg>
<arg>DM</arg>
<arg>DO</arg>
<arg>DZ</arg>
<arg>EC</arg>
<arg>EE</arg>
<arg>EG</arg>
<arg>EH</arg>
<arg>ER</arg>
<arg>ES</arg>
<arg>ET</arg>
<arg>FI</arg>
<arg>FJ</arg>
<arg>FK</arg>
<arg>FM</arg>
<arg>FO</arg>
<arg>FR</arg>
<arg>GA</arg>
<arg>GB</arg>
<arg>GD</arg>
<arg>GE</arg>
<arg>GF</arg>
<arg>GG</arg>
<arg>GH</arg>
<arg>GI</arg>
<arg>GL</arg>
<arg>GM</arg>
<arg>GN</arg>
<arg>GP</arg>
<arg>GQ</arg>
<arg>GR</arg>
<arg>GS</arg>
<arg>GT</arg>
<arg>GU</arg>
<arg>GW</arg>
<arg>GY</arg>
<arg>HK</arg>
<arg>HM</arg>
<arg>HN</arg>
<arg>HR</arg>
<arg>HT</arg>
<arg>HU</arg>
<arg>ID</arg>
<arg>IE</arg>
<arg>IL</arg>
<arg>IM</arg>
<arg>IN</arg>
<arg>IO</arg>
<arg>IQ</arg>
<arg>IR</arg>
<arg>IS</arg>
<arg>IT</arg>
<arg>JE</arg>
<arg>JM</arg>
<arg>JO</arg>
<arg>JP</arg>
<arg>KE</arg>
<arg>KG</arg>
<arg>KH</arg>
<arg>KI</arg>
<arg>KM</arg>
<arg>KN</arg>
<arg>KP</arg>
<arg>KR</arg>
<arg>KW</arg>
<arg>KY</arg>
<arg>KZ</arg>
<arg>LA</arg>
<arg>LB</arg>
<arg>LC</arg>
<arg>LI</arg>
<arg>LK</arg>
<arg>LR</arg>
<arg>LS</arg>
<arg>LT</arg>
<arg>LU</arg>
<arg>LV</arg>
<arg>LY</arg>
<arg>MA</arg>
<arg>MC</arg>
<arg>MD</arg>
<arg>ME</arg>
<arg>MF</arg>
<arg>MG</arg>
<arg>MH</arg>
<arg>MK</arg>
<arg>ML</arg>
<arg>MM</arg>
<arg>MN</arg>
<arg>MO</arg>
<arg>MP</arg>
<arg>MQ</arg>
<arg>MR</arg>
<arg>MS</arg>
<arg>MT</arg>
<arg>MU</arg>
<arg>MV</arg>
<arg>MW</arg>
<arg>MX</arg>
<arg>MY</arg>
<arg>MZ</arg>
<arg>NA</arg>
<arg>NC</arg>
<arg>NE</arg>
<arg>NF</arg>
<arg>NG</arg>
<arg>NI</arg>
<arg>NL</arg>
<arg>NO</arg>
<arg>NP</arg>
<arg>NR</arg>
<arg>NU</arg>
<arg>NZ</arg>
<arg>OM</arg>
<arg>PA</arg>
<arg>PE</arg>
<arg>PF</arg>
<arg>PG</arg>
<arg>PH</arg>
<arg>PK</arg>
<arg>PL</arg>
<arg>PM</arg>
<arg>PN</arg>
<arg>PR</arg>
<arg>PS</arg>
<arg>PT</arg>
<arg>PW</arg>
<arg>PY</arg>
<arg>QA</arg>
<arg>RE</arg>
<arg>RO</arg>
<arg>RS</arg>
<arg>RU</arg>
<arg>RW</arg>
<arg>SA</arg>
<arg>SB</arg>
<arg>SC</arg>
<arg>SD</arg>
<arg>SE</arg>
<arg>SG</arg>
<arg>SH</arg>
<arg>SI</arg>
<arg>SJ</arg>
<arg>SK</arg>
<arg>SL</arg>
<arg>SM</arg>
<arg>SN</arg>
<arg>SO</arg>
<arg>SR</arg>
<arg>SS</arg>
<arg>ST</arg>
<arg>SV</arg>
<arg>SX</arg>
<arg>SY</arg>
<arg>SZ</arg>
<arg>TC</arg>
<arg>TD</arg>
<arg>TF</arg>
<arg>TG</arg>
<arg>TH</arg>
<arg>TJ</arg>
<arg>TK</arg>
<arg>TL</arg>
<arg>TM</arg>
<arg>TN</arg>
<arg>TO</arg>
<arg>TR</arg>
<arg>TT</arg>
<arg>TV</arg>
<arg>TW</arg>
<arg>TZ</arg>
<arg>UA</arg>
<arg>UG</arg>
<arg>UM</arg>
<arg>US</arg>
<arg>UY</arg>
<arg>UZ</arg>
<arg>VA</arg>
<arg>VC</arg>
<arg>VE</arg>
<arg>VG</arg>
<arg>VI</arg>
<arg>VN</arg>
<arg>VU</arg>
<arg>WF</arg>
<arg>WS</arg>
<arg>XK</arg>
<arg>YE</arg>
<arg>YT</arg>
<arg>ZA</arg>
<arg>ZM</arg>
<arg>ZW</arg>
<doc>Returns a list containing given items.</doc>
<status status="PASS" start="2024-07-14T17:21:38.186506" elapsed="0.000611"/>
</kw>
<kw name="List Should Contain Value" owner="Collections">
<arg>${list_country}</arg>
<arg>${name_country}</arg>
<doc>Fails if the ``value`` is not found from ``list``.</doc>
<status status="PASS" start="2024-07-14T17:21:38.187904" elapsed="0.000199"/>
</kw>
<kw name="Run Keyword If" owner="BuiltIn">
<kw name="Should Be True" owner="BuiltIn">
<arg>${True}</arg>
<doc>Fails if the given condition is not true.</doc>
<status status="PASS" start="2024-07-14T17:21:38.189015" elapsed="0.000139"/>
</kw>
<arg>${json_data["results"][0]["location"]["coordinates"]["latitude"]} &gt;= -90 and ${json_data["results"][0]["location"]["coordinates"]["latitude"]} &lt;= 90</arg>
<arg>Should Be True</arg>
<arg>${True}</arg>
<doc>Runs the given keyword with the given arguments, if ``condition`` is true.</doc>
<status status="PASS" start="2024-07-14T17:21:38.188294" elapsed="0.000984"/>
</kw>
<kw name="Run Keyword If" owner="BuiltIn">
<kw name="Should Be True" owner="BuiltIn">
<arg>${True}</arg>
<doc>Fails if the given condition is not true.</doc>
<status status="PASS" start="2024-07-14T17:21:38.190178" elapsed="0.000138"/>
</kw>
<arg>${json_data["results"][0]["location"]["coordinates"]["longitude"]} &gt;= -180 and ${json_data["results"][0]["location"]["coordinates"]["longitude"]} &lt;= 180</arg>
<arg>Should Be True</arg>
<arg>${True}</arg>
<doc>Runs the given keyword with the given arguments, if ``condition`` is true.</doc>
<status status="PASS" start="2024-07-14T17:21:38.189456" elapsed="0.000982"/>
</kw>
<status status="PASS" start="2024-07-14T17:21:38.109181" elapsed="0.081386"/>
</kw>
<doc>Testa o conteúdo específico dos campos retornados pela API.</doc>
<tag>testeConteudo</tag>
<status status="PASS" start="2024-07-14T17:21:38.108662" elapsed="0.082050"/>
</test>
<status status="PASS" start="2024-07-14T17:21:37.362859" elapsed="0.829811"/>
</suite>
<status status="PASS" start="2024-07-14T17:21:37.348681" elapsed="0.849091"/>
</suite>
<statistics>
<total>
<stat pass="5" fail="0" skip="0">All Tests</stat>
</total>
<tag>
<stat pass="1" fail="0" skip="0">testeConteudo</stat>
<stat pass="1" fail="0" skip="0">testeEstruturaResposta</stat>
<stat pass="1" fail="0" skip="0">testeRequisicaoBasica</stat>
<stat pass="1" fail="0" skip="0">testeTiposDados</stat>
</tag>
<suite>
<stat pass="5" fail="0" skip="0" id="s1" name="Tests">Tests</stat>
<stat pass="5" fail="0" skip="0" id="s1-s1" name="Random-User-Test">Tests.Random-User-Test</stat>
</suite>
</statistics>
<errors>
</errors>
</robot>
