<?xml version="1.0" encoding="UTF-8"?>
<robot generator="Robot 7.0.1 (Python 3.12.4 on linux)" generated="2024-07-08T06:22:08.955751" rpa="false" schemaversion="5">
<suite id="s1" name="Tests" source="/home/runner/work/ApiRandomUser/ApiRandomUser/RamdonUser/tests">
<suite id="s1-s1" name="Random-User-Test" source="/home/runner/work/ApiRandomUser/ApiRandomUser/RamdonUser/tests/random-user-test.robot">
<test id="s1-s1-t1" name="Conectar" line="13">
<kw name="Conectar API" owner="random-user-service">
<kw name="Create Session" owner="RequestsLibrary">
<msg time="2024-07-08T06:22:09.413299" level="INFO">Creating Session using : alias=consultarAPI, url=https://randomuser.me/, headers={},                     cookies={}, auth=None, timeout=None, proxies=None, verify=False,                     debug=0 </msg>
<arg>consultarAPI</arg>
<arg>${URL}</arg>
<doc>Create Session: create a HTTP session to a server</doc>
<status status="PASS" start="2024-07-08T06:22:09.413093" elapsed="0.000374"/>
</kw>
<status status="PASS" start="2024-07-08T06:22:09.412182" elapsed="0.001628"/>
</kw>
<status status="PASS" start="2024-07-08T06:22:09.411663" elapsed="0.002337"/>
</test>
<test id="s1-s1-t2" name="Validar retorno 200 e JSON Válido" line="16">
<kw name="Teste de Requisicao Basica" owner="random-user-service">
<kw name="GET On Session" owner="RequestsLibrary">
<msg time="2024-07-08T06:22:09.526013" level="INFO">GET Request : url=https://randomuser.me/api 
 path_url=/api 
 headers={'User-Agent': 'python-requests/2.32.3', 'Accept-Encoding': 'gzip, deflate', 'Accept': '*/*', 'Connection': 'keep-alive'} 
 body=None 
 </msg>
<msg time="2024-07-08T06:22:09.526116" level="INFO">GET Response : url=https://randomuser.me/api 
 status=200, reason=OK 
 headers={'Date': 'Mon, 08 Jul 2024 06:22:09 GMT', 'Content-Type': 'application/json; charset=utf-8', 'Transfer-Encoding': 'chunked', 'Connection': 'keep-alive', 'X-Powered-By': 'Express', 'Access-Control-Allow-Origin': '*', 'Cache-Control': 'no-cache', 'ETag': 'W/"47a-6wSMd0g6SsxjIFUcrJ4bW0LzktU"', 'Vary': 'Accept-Encoding', 'Content-Encoding': 'gzip', 'CF-Cache-Status': 'DYNAMIC', 'Report-To': '{"endpoints":[{"url":"https:\\/\\/a.nel.cloudflare.com\\/report\\/v4?s=l%2FuH2gDpiEhew1nDqSN5LOvbbHK2FUJx%2BmLVZJhEPNg7x%2FQ%2Bvo12GkV2qj%2Fs%2FdVZkFt9onUVTHOaSPJdxKh2TFgkrf0%2Bm5zkE%2F3Iam9tmRUBCRUZVrrfYnnZAv3HFszt"}],"group":"cf-nel","max_age":604800}', 'NEL': '{"success_fraction":0,"report_to":"cf-nel","max_age":604800}', 'Server': 'cloudflare', 'CF-RAY': '89fdfa6d5f0e395e-IAD', 'alt-svc': 'h3=":443"; ma=86400'} 
 body={"results":[{"gender":"female","name":{"title":"Miss","first":"Chanel","last":"Van Goor"},"location":{"street":{"number":1597,"name":"Flavus"},"city":"Gouderak","state":"Groningen","country":"Netherlands","postcode":"0702 VQ","coordinates":{"latitude":"38.5313","longitude":"68.0900"},"timezone":{"offset":"+3:30","description":"Tehran"}},"email":"chanel.vangoor@example.com","login":{"uuid":"2d392845-3f4b-4f52-a7f5-0e534168a85a","username":"greenbear915","password":"yyyyy","salt":"0sU0vizD","md5":"ec2566ed56bf62a95d4fb1e0843c268d","sha1":"293fdcd75b371326f8edbd9323bc10421cf59b52","sha256":"d27bc7e9d61150b78f4bc0d11baac84e7f3fe3b4b1961eb73bdb9c5bee454356"},"dob":{"date":"1963-08-03T05:40:44.525Z","age":60},"registered":{"date":"2006-06-16T03:47:53.936Z","age":18},"phone":"(0278) 476001","cell":"(06) 83803567","id":{"name":"BSN","value":"58333413"},"picture":{"large":"https://randomuser.me/api/portraits/women/29.jpg","medium":"https://randomuser.me/api/portraits/med/women/29.jpg","thumbnail":"https://randomuser.me/api/portraits/thumb/women/29.jpg"},"nat":"NL"}],"info":{"seed":"755a307e2f490492","results":1,"page":1,"version":"1.4"}} 
 </msg>
<msg time="2024-07-08T06:22:09.526190" level="INFO">/opt/hostedtoolcache/Python/3.12.4/x64/lib/python3.12/site-packages/urllib3/connectionpool.py:1099: InsecureRequestWarning: Unverified HTTPS request is being made to host 'randomuser.me'. Adding certificate verification is strongly advised. See: https://urllib3.readthedocs.io/en/latest/advanced-usage.html#tls-warnings
  warnings.warn(</msg>
<msg time="2024-07-08T06:22:09.526332" level="INFO">${response} = &lt;Response [200]&gt;</msg>
<var>${response}</var>
<arg>consultarAPI</arg>
<arg>/api</arg>
<doc>Sends a GET request on a previously created HTTP Session.</doc>
<status status="PASS" start="2024-07-08T06:22:09.416620" elapsed="0.109758"/>
</kw>
<kw name="Should Be Equal As Numbers" owner="BuiltIn">
<msg time="2024-07-08T06:22:09.527407" level="INFO">Argument types are:
&lt;class 'int'&gt;
&lt;class 'str'&gt;</msg>
<arg>${response.status_code}</arg>
<arg>200</arg>
<doc>Fails if objects are unequal after converting them to real numbers.</doc>
<status status="PASS" start="2024-07-08T06:22:09.526881" elapsed="0.000591"/>
</kw>
<kw name="Log" owner="BuiltIn">
<msg time="2024-07-08T06:22:09.528146" level="INFO">200</msg>
<arg>${response.status_code}</arg>
<doc>Logs the given message with the given level.</doc>
<status status="PASS" start="2024-07-08T06:22:09.527795" elapsed="0.000404"/>
</kw>
<kw name="Set Variable" owner="BuiltIn">
<msg time="2024-07-08T06:22:09.528938" level="INFO">${json_data} = {'results': [{'gender': 'female', 'name': {'title': 'Miss', 'first': 'Chanel', 'last': 'Van Goor'}, 'location': {'street': {'number': 1597, 'name': 'Flavus'}, 'city': 'Gouderak', 'state': 'Groningen',...</msg>
<var>${json_data}</var>
<arg>${response.json()}</arg>
<doc>Returns the given values which can then be assigned to a variables.</doc>
<status status="PASS" start="2024-07-08T06:22:09.528507" elapsed="0.000459"/>
</kw>
<kw name="Dictionary Should Contain Key" owner="Collections">
<arg>${json_data}</arg>
<arg>results</arg>
<doc>Fails if ``key`` is not found from ``dictionary``.</doc>
<status status="PASS" start="2024-07-08T06:22:09.529264" elapsed="0.000168"/>
</kw>
<status status="PASS" start="2024-07-08T06:22:09.416372" elapsed="0.113206"/>
</kw>
<doc>Testa se a API responde corretamente e retorna um objeto JSON válido.</doc>
<tag>testeRequisicaoBasica</tag>
<status status="PASS" start="2024-07-08T06:22:09.415897" elapsed="0.113840"/>
</test>
<test id="s1-s1-t3" name="Validar estrutura de resposta" line="22">
<kw name="Teste de Estrutura de Resposta" owner="random-user-service">
<kw name="GET On Session" owner="RequestsLibrary">
<msg time="2024-07-08T06:22:09.657208" level="INFO">GET Request : url=https://randomuser.me/api 
 path_url=/api 
 headers={'User-Agent': 'python-requests/2.32.3', 'Accept-Encoding': 'gzip, deflate', 'Accept': '*/*', 'Connection': 'keep-alive'} 
 body=None 
 </msg>
<msg time="2024-07-08T06:22:09.657299" level="INFO">GET Response : url=https://randomuser.me/api 
 status=200, reason=OK 
 headers={'Date': 'Mon, 08 Jul 2024 06:22:09 GMT', 'Content-Type': 'application/json; charset=utf-8', 'Transfer-Encoding': 'chunked', 'Connection': 'keep-alive', 'X-Powered-By': 'Express', 'Access-Control-Allow-Origin': '*', 'Cache-Control': 'no-cache', 'ETag': 'W/"490-ImYZWN7w7bb6+fuY5ElPkFjoL5w"', 'Vary': 'Accept-Encoding', 'Content-Encoding': 'gzip', 'CF-Cache-Status': 'DYNAMIC', 'Report-To': '{"endpoints":[{"url":"https:\\/\\/a.nel.cloudflare.com\\/report\\/v4?s=4b20ehR9XmqhASQ77Cm7x52Q48kiQs7CFVx0EvY80nEvuWOmtXYlpmH2l48BwqPSj8xflYZuKCzcdTojNy7m9VsJcanzC7CzQqmnecRJ280uC42T%2FL1Qcsswtdk0YFYo"}],"group":"cf-nel","max_age":604800}', 'NEL': '{"success_fraction":0,"report_to":"cf-nel","max_age":604800}', 'Server': 'cloudflare', 'CF-RAY': '89fdfa6d9f38395e-IAD', 'alt-svc': 'h3=":443"; ma=86400'} 
 body={"results":[{"gender":"male","name":{"title":"Mr","first":"Özkan","last":"Türkyılmaz"},"location":{"street":{"number":6338,"name":"Talak Göktepe Cd"},"city":"Kayseri","state":"Erzincan","country":"Turkey","postcode":41593,"coordinates":{"latitude":"67.2815","longitude":"-76.2159"},"timezone":{"offset":"+8:00","description":"Beijing, Perth, Singapore, Hong Kong"}},"email":"ozkan.turkyilmaz@example.com","login":{"uuid":"edda4745-58ac-4803-8146-99615bff2ebe","username":"crazygorilla624","password":"barney1","salt":"wFQXFcmp","md5":"1d30b518905a0555364410cee685e39b","sha1":"c362d9186b370bc9c105518293c1bb14ec79cc2e","sha256":"16ef45d83a9bed2700f41d95d92c0b896b7a1913d6fffe04d0f88e32de574d97"},"dob":{"date":"1978-06-30T06:10:31.685Z","age":46},"registered":{"date":"2010-01-07T17:40:11.073Z","age":14},"phone":"(379)-919-7946","cell":"(101)-823-8768","id":{"name":"","value":null},"picture":{"large":"https://randomuser.me/api/portraits/men/9.jpg","medium":"https://randomuser.me/api/portraits/med/men/9.jpg","thumbnail":"https://randomuser.me/api/portraits/thumb/men/9.jpg"},"nat":"TR"}],"info":{"seed":"e9e89af2149ead9b","results":1,"page":1,"version":"1.4"}} 
 </msg>
<msg time="2024-07-08T06:22:09.657427" level="INFO">/opt/hostedtoolcache/Python/3.12.4/x64/lib/python3.12/site-packages/urllib3/connectionpool.py:1099: InsecureRequestWarning: Unverified HTTPS request is being made to host 'randomuser.me'. Adding certificate verification is strongly advised. See: https://urllib3.readthedocs.io/en/latest/advanced-usage.html#tls-warnings
  warnings.warn(</msg>
<msg time="2024-07-08T06:22:09.657543" level="INFO">${response} = &lt;Response [200]&gt;</msg>
<var>${response}</var>
<arg>consultarAPI</arg>
<arg>/api</arg>
<doc>Sends a GET request on a previously created HTTP Session.</doc>
<status status="PASS" start="2024-07-08T06:22:09.532423" elapsed="0.125162"/>
</kw>
<kw name="Set Variable" owner="BuiltIn">
<msg time="2024-07-08T06:22:09.658790" level="INFO">${json_data} = {'results': [{'gender': 'male', 'name': {'title': 'Mr', 'first': 'Özkan', 'last': 'Türkyılmaz'}, 'location': {'street': {'number': 6338, 'name': 'Talak Göktepe Cd'}, 'city': 'Kayseri', 'state': 'Erzin...</msg>
<var>${json_data}</var>
<arg>${response.json()}</arg>
<doc>Returns the given values which can then be assigned to a variables.</doc>
<status status="PASS" start="2024-07-08T06:22:09.658164" elapsed="0.000658"/>
</kw>
<kw name="Log" owner="BuiltIn">
<msg time="2024-07-08T06:22:09.659347" level="INFO">{'results': [{'gender': 'male', 'name': {'title': 'Mr', 'first': 'Özkan', 'last': 'Türkyılmaz'}, 'location': {'street': {'number': 6338, 'name': 'Talak Göktepe Cd'}, 'city': 'Kayseri', 'state': 'Erzincan', 'country': 'Turkey', 'postcode': 41593, 'coordinates': {'latitude': '67.2815', 'longitude': '-76.2159'}, 'timezone': {'offset': '+8:00', 'description': 'Beijing, Perth, Singapore, Hong Kong'}}, 'email': 'ozkan.turkyilmaz@example.com', 'login': {'uuid': 'edda4745-58ac-4803-8146-99615bff2ebe', 'username': 'crazygorilla624', 'password': 'barney1', 'salt': 'wFQXFcmp', 'md5': '1d30b518905a0555364410cee685e39b', 'sha1': 'c362d9186b370bc9c105518293c1bb14ec79cc2e', 'sha256': '16ef45d83a9bed2700f41d95d92c0b896b7a1913d6fffe04d0f88e32de574d97'}, 'dob': {'date': '1978-06-30T06:10:31.685Z', 'age': 46}, 'registered': {'date': '2010-01-07T17:40:11.073Z', 'age': 14}, 'phone': '(379)-919-7946', 'cell': '(101)-823-8768', 'id': {'name': '', 'value': None}, 'picture': {'large': 'https://randomuser.me/api/portraits/men/9.jpg', 'medium': 'https://randomuser.me/api/portraits/med/men/9.jpg', 'thumbnail': 'https://randomuser.me/api/portraits/thumb/men/9.jpg'}, 'nat': 'TR'}], 'info': {'seed': 'e9e89af2149ead9b', 'results': 1, 'page': 1, 'version': '1.4'}}</msg>
<arg>${json_data}</arg>
<doc>Logs the given message with the given level.</doc>
<status status="PASS" start="2024-07-08T06:22:09.659172" elapsed="0.000227"/>
</kw>
<kw name="Dictionary Should Contain Key" owner="Collections">
<arg>${json_data}</arg>
<arg>results</arg>
<doc>Fails if ``key`` is not found from ``dictionary``.</doc>
<status status="PASS" start="2024-07-08T06:22:09.659707" elapsed="0.000161"/>
</kw>
<kw name="Should Not Be Empty" owner="BuiltIn">
<msg time="2024-07-08T06:22:09.660196" level="INFO">Length is 2.</msg>
<arg>${json_data}</arg>
<doc>Verifies that the given item is not empty.</doc>
<status status="PASS" start="2024-07-08T06:22:09.660055" elapsed="0.000181"/>
</kw>
<kw name="Create List" owner="BuiltIn">
<msg time="2024-07-08T06:22:09.660859" level="INFO">${expected_keys} = ['gender', 'name', 'location', 'email', 'login']</msg>
<var>${expected_keys}</var>
<arg>gender</arg>
<arg>name</arg>
<arg>location</arg>
<arg>email</arg>
<arg>login</arg>
<doc>Returns a list containing given items.</doc>
<status status="PASS" start="2024-07-08T06:22:09.660537" elapsed="0.000347"/>
</kw>
<for flavor="IN">
<iter>
<kw name="Dictionary Should Contain Key" owner="Collections">
<arg>${json_data['results'][0]}</arg>
<arg>${key}</arg>
<doc>Fails if ``key`` is not found from ``dictionary``.</doc>
<status status="PASS" start="2024-07-08T06:22:09.661505" elapsed="0.000423"/>
</kw>
<kw name="Log" owner="BuiltIn">
<msg time="2024-07-08T06:22:09.662524" level="INFO">{'gender': 'male', 'name': {'title': 'Mr', 'first': 'Özkan', 'last': 'Türkyılmaz'}, 'location': {'street': {'number': 6338, 'name': 'Talak Göktepe Cd'}, 'city': 'Kayseri', 'state': 'Erzincan', 'country': 'Turkey', 'postcode': 41593, 'coordinates': {'latitude': '67.2815', 'longitude': '-76.2159'}, 'timezone': {'offset': '+8:00', 'description': 'Beijing, Perth, Singapore, Hong Kong'}}, 'email': 'ozkan.turkyilmaz@example.com', 'login': {'uuid': 'edda4745-58ac-4803-8146-99615bff2ebe', 'username': 'crazygorilla624', 'password': 'barney1', 'salt': 'wFQXFcmp', 'md5': '1d30b518905a0555364410cee685e39b', 'sha1': 'c362d9186b370bc9c105518293c1bb14ec79cc2e', 'sha256': '16ef45d83a9bed2700f41d95d92c0b896b7a1913d6fffe04d0f88e32de574d97'}, 'dob': {'date': '1978-06-30T06:10:31.685Z', 'age': 46}, 'registered': {'date': '2010-01-07T17:40:11.073Z', 'age': 14}, 'phone': '(379)-919-7946', 'cell': '(101)-823-8768', 'id': {'name': '', 'value': None}, 'picture': {'large': 'https://randomuser.me/api/portraits/men/9.jpg', 'medium': 'https://randomuser.me/api/portraits/med/men/9.jpg', 'thumbnail': 'https://randomuser.me/api/portraits/thumb/men/9.jpg'}, 'nat': 'TR'}</msg>
<arg>${json_data['results'][0]}</arg>
<doc>Logs the given message with the given level.</doc>
<status status="PASS" start="2024-07-08T06:22:09.662114" elapsed="0.000464"/>
</kw>
<kw name="Log" owner="BuiltIn">
<msg time="2024-07-08T06:22:09.663009" level="INFO">gender</msg>
<arg>${key}</arg>
<doc>Logs the given message with the given level.</doc>
<status status="PASS" start="2024-07-08T06:22:09.662882" elapsed="0.000167"/>
</kw>
<var name="${key}">gender</var>
<status status="PASS" start="2024-07-08T06:22:09.661368" elapsed="0.001914"/>
</iter>
<iter>
<kw name="Dictionary Should Contain Key" owner="Collections">
<arg>${json_data['results'][0]}</arg>
<arg>${key}</arg>
<doc>Fails if ``key`` is not found from ``dictionary``.</doc>
<status status="PASS" start="2024-07-08T06:22:09.663594" elapsed="0.000401"/>
</kw>
<kw name="Log" owner="BuiltIn">
<msg time="2024-07-08T06:22:09.664535" level="INFO">{'gender': 'male', 'name': {'title': 'Mr', 'first': 'Özkan', 'last': 'Türkyılmaz'}, 'location': {'street': {'number': 6338, 'name': 'Talak Göktepe Cd'}, 'city': 'Kayseri', 'state': 'Erzincan', 'country': 'Turkey', 'postcode': 41593, 'coordinates': {'latitude': '67.2815', 'longitude': '-76.2159'}, 'timezone': {'offset': '+8:00', 'description': 'Beijing, Perth, Singapore, Hong Kong'}}, 'email': 'ozkan.turkyilmaz@example.com', 'login': {'uuid': 'edda4745-58ac-4803-8146-99615bff2ebe', 'username': 'crazygorilla624', 'password': 'barney1', 'salt': 'wFQXFcmp', 'md5': '1d30b518905a0555364410cee685e39b', 'sha1': 'c362d9186b370bc9c105518293c1bb14ec79cc2e', 'sha256': '16ef45d83a9bed2700f41d95d92c0b896b7a1913d6fffe04d0f88e32de574d97'}, 'dob': {'date': '1978-06-30T06:10:31.685Z', 'age': 46}, 'registered': {'date': '2010-01-07T17:40:11.073Z', 'age': 14}, 'phone': '(379)-919-7946', 'cell': '(101)-823-8768', 'id': {'name': '', 'value': None}, 'picture': {'large': 'https://randomuser.me/api/portraits/men/9.jpg', 'medium': 'https://randomuser.me/api/portraits/med/men/9.jpg', 'thumbnail': 'https://randomuser.me/api/portraits/thumb/men/9.jpg'}, 'nat': 'TR'}</msg>
<arg>${json_data['results'][0]}</arg>
<doc>Logs the given message with the given level.</doc>
<status status="PASS" start="2024-07-08T06:22:09.664178" elapsed="0.000446"/>
</kw>
<kw name="Log" owner="BuiltIn">
<msg time="2024-07-08T06:22:09.665058" level="INFO">name</msg>
<arg>${key}</arg>
<doc>Logs the given message with the given level.</doc>
<status status="PASS" start="2024-07-08T06:22:09.664930" elapsed="0.000166"/>
</kw>
<var name="${key}">name</var>
<status status="PASS" start="2024-07-08T06:22:09.663474" elapsed="0.001849"/>
</iter>
<iter>
<kw name="Dictionary Should Contain Key" owner="Collections">
<arg>${json_data['results'][0]}</arg>
<arg>${key}</arg>
<doc>Fails if ``key`` is not found from ``dictionary``.</doc>
<status status="PASS" start="2024-07-08T06:22:09.665611" elapsed="0.000373"/>
</kw>
<kw name="Log" owner="BuiltIn">
<msg time="2024-07-08T06:22:09.666557" level="INFO">{'gender': 'male', 'name': {'title': 'Mr', 'first': 'Özkan', 'last': 'Türkyılmaz'}, 'location': {'street': {'number': 6338, 'name': 'Talak Göktepe Cd'}, 'city': 'Kayseri', 'state': 'Erzincan', 'country': 'Turkey', 'postcode': 41593, 'coordinates': {'latitude': '67.2815', 'longitude': '-76.2159'}, 'timezone': {'offset': '+8:00', 'description': 'Beijing, Perth, Singapore, Hong Kong'}}, 'email': 'ozkan.turkyilmaz@example.com', 'login': {'uuid': 'edda4745-58ac-4803-8146-99615bff2ebe', 'username': 'crazygorilla624', 'password': 'barney1', 'salt': 'wFQXFcmp', 'md5': '1d30b518905a0555364410cee685e39b', 'sha1': 'c362d9186b370bc9c105518293c1bb14ec79cc2e', 'sha256': '16ef45d83a9bed2700f41d95d92c0b896b7a1913d6fffe04d0f88e32de574d97'}, 'dob': {'date': '1978-06-30T06:10:31.685Z', 'age': 46}, 'registered': {'date': '2010-01-07T17:40:11.073Z', 'age': 14}, 'phone': '(379)-919-7946', 'cell': '(101)-823-8768', 'id': {'name': '', 'value': None}, 'picture': {'large': 'https://randomuser.me/api/portraits/men/9.jpg', 'medium': 'https://randomuser.me/api/portraits/med/men/9.jpg', 'thumbnail': 'https://randomuser.me/api/portraits/thumb/men/9.jpg'}, 'nat': 'TR'}</msg>
<arg>${json_data['results'][0]}</arg>
<doc>Logs the given message with the given level.</doc>
<status status="PASS" start="2024-07-08T06:22:09.666165" elapsed="0.000446"/>
</kw>
<kw name="Log" owner="BuiltIn">
<msg time="2024-07-08T06:22:09.667039" level="INFO">location</msg>
<arg>${key}</arg>
<doc>Logs the given message with the given level.</doc>
<status status="PASS" start="2024-07-08T06:22:09.666912" elapsed="0.000165"/>
</kw>
<var name="${key}">location</var>
<status status="PASS" start="2024-07-08T06:22:09.665503" elapsed="0.001789"/>
</iter>
<iter>
<kw name="Dictionary Should Contain Key" owner="Collections">
<arg>${json_data['results'][0]}</arg>
<arg>${key}</arg>
<doc>Fails if ``key`` is not found from ``dictionary``.</doc>
<status status="PASS" start="2024-07-08T06:22:09.667571" elapsed="0.000383"/>
</kw>
<kw name="Log" owner="BuiltIn">
<msg time="2024-07-08T06:22:09.668495" level="INFO">{'gender': 'male', 'name': {'title': 'Mr', 'first': 'Özkan', 'last': 'Türkyılmaz'}, 'location': {'street': {'number': 6338, 'name': 'Talak Göktepe Cd'}, 'city': 'Kayseri', 'state': 'Erzincan', 'country': 'Turkey', 'postcode': 41593, 'coordinates': {'latitude': '67.2815', 'longitude': '-76.2159'}, 'timezone': {'offset': '+8:00', 'description': 'Beijing, Perth, Singapore, Hong Kong'}}, 'email': 'ozkan.turkyilmaz@example.com', 'login': {'uuid': 'edda4745-58ac-4803-8146-99615bff2ebe', 'username': 'crazygorilla624', 'password': 'barney1', 'salt': 'wFQXFcmp', 'md5': '1d30b518905a0555364410cee685e39b', 'sha1': 'c362d9186b370bc9c105518293c1bb14ec79cc2e', 'sha256': '16ef45d83a9bed2700f41d95d92c0b896b7a1913d6fffe04d0f88e32de574d97'}, 'dob': {'date': '1978-06-30T06:10:31.685Z', 'age': 46}, 'registered': {'date': '2010-01-07T17:40:11.073Z', 'age': 14}, 'phone': '(379)-919-7946', 'cell': '(101)-823-8768', 'id': {'name': '', 'value': None}, 'picture': {'large': 'https://randomuser.me/api/portraits/men/9.jpg', 'medium': 'https://randomuser.me/api/portraits/med/men/9.jpg', 'thumbnail': 'https://randomuser.me/api/portraits/thumb/men/9.jpg'}, 'nat': 'TR'}</msg>
<arg>${json_data['results'][0]}</arg>
<doc>Logs the given message with the given level.</doc>
<status status="PASS" start="2024-07-08T06:22:09.668140" elapsed="0.000408"/>
</kw>
<kw name="Log" owner="BuiltIn">
<msg time="2024-07-08T06:22:09.668975" level="INFO">email</msg>
<arg>${key}</arg>
<doc>Logs the given message with the given level.</doc>
<status status="PASS" start="2024-07-08T06:22:09.668849" elapsed="0.000164"/>
</kw>
<var name="${key}">email</var>
<status status="PASS" start="2024-07-08T06:22:09.667464" elapsed="0.001766"/>
</iter>
<iter>
<kw name="Dictionary Should Contain Key" owner="Collections">
<arg>${json_data['results'][0]}</arg>
<arg>${key}</arg>
<doc>Fails if ``key`` is not found from ``dictionary``.</doc>
<status status="PASS" start="2024-07-08T06:22:09.669513" elapsed="0.000390"/>
</kw>
<kw name="Log" owner="BuiltIn">
<msg time="2024-07-08T06:22:09.670483" level="INFO">{'gender': 'male', 'name': {'title': 'Mr', 'first': 'Özkan', 'last': 'Türkyılmaz'}, 'location': {'street': {'number': 6338, 'name': 'Talak Göktepe Cd'}, 'city': 'Kayseri', 'state': 'Erzincan', 'country': 'Turkey', 'postcode': 41593, 'coordinates': {'latitude': '67.2815', 'longitude': '-76.2159'}, 'timezone': {'offset': '+8:00', 'description': 'Beijing, Perth, Singapore, Hong Kong'}}, 'email': 'ozkan.turkyilmaz@example.com', 'login': {'uuid': 'edda4745-58ac-4803-8146-99615bff2ebe', 'username': 'crazygorilla624', 'password': 'barney1', 'salt': 'wFQXFcmp', 'md5': '1d30b518905a0555364410cee685e39b', 'sha1': 'c362d9186b370bc9c105518293c1bb14ec79cc2e', 'sha256': '16ef45d83a9bed2700f41d95d92c0b896b7a1913d6fffe04d0f88e32de574d97'}, 'dob': {'date': '1978-06-30T06:10:31.685Z', 'age': 46}, 'registered': {'date': '2010-01-07T17:40:11.073Z', 'age': 14}, 'phone': '(379)-919-7946', 'cell': '(101)-823-8768', 'id': {'name': '', 'value': None}, 'picture': {'large': 'https://randomuser.me/api/portraits/men/9.jpg', 'medium': 'https://randomuser.me/api/portraits/med/men/9.jpg', 'thumbnail': 'https://randomuser.me/api/portraits/thumb/men/9.jpg'}, 'nat': 'TR'}</msg>
<arg>${json_data['results'][0]}</arg>
<doc>Logs the given message with the given level.</doc>
<status status="PASS" start="2024-07-08T06:22:09.670085" elapsed="0.000453"/>
</kw>
<kw name="Log" owner="BuiltIn">
<msg time="2024-07-08T06:22:09.670966" level="INFO">login</msg>
<arg>${key}</arg>
<doc>Logs the given message with the given level.</doc>
<status status="PASS" start="2024-07-08T06:22:09.670839" elapsed="0.000164"/>
</kw>
<var name="${key}">login</var>
<status status="PASS" start="2024-07-08T06:22:09.669400" elapsed="0.001816"/>
</iter>
<var>${key}</var>
<value>@{expected_keys}</value>
<status status="PASS" start="2024-07-08T06:22:09.661159" elapsed="0.010181"/>
</for>
<kw name="Create List" owner="BuiltIn">
<msg time="2024-07-08T06:22:09.671672" level="INFO">${expected_keysTwo} = ['username', 'password']</msg>
<var>${expected_keysTwo}</var>
<arg>username</arg>
<arg>password</arg>
<doc>Returns a list containing given items.</doc>
<status status="PASS" start="2024-07-08T06:22:09.671532" elapsed="0.000193"/>
</kw>
<for flavor="IN">
<iter>
<kw name="Dictionary Should Contain Key" owner="Collections">
<arg>${json_data['results'][0]['login']}</arg>
<arg>${keyTwo}</arg>
<doc>Fails if ``key`` is not found from ``dictionary``.</doc>
<status status="PASS" start="2024-07-08T06:22:09.672272" elapsed="0.000400"/>
</kw>
<kw name="Dictionary Should Contain Key" owner="Collections">
<arg>${json_data['results'][0]['login']}</arg>
<arg>${keyTwo}</arg>
<doc>Fails if ``key`` is not found from ``dictionary``.</doc>
<status status="PASS" start="2024-07-08T06:22:09.672852" elapsed="0.000369"/>
</kw>
<kw name="Log" owner="BuiltIn">
<msg time="2024-07-08T06:22:09.673522" level="INFO">username</msg>
<arg>${keyTwo}</arg>
<doc>Logs the given message with the given level.</doc>
<status status="PASS" start="2024-07-08T06:22:09.673401" elapsed="0.000158"/>
</kw>
<var name="${keyTwo}">username</var>
<status status="PASS" start="2024-07-08T06:22:09.672126" elapsed="0.001655"/>
</iter>
<iter>
<kw name="Dictionary Should Contain Key" owner="Collections">
<arg>${json_data['results'][0]['login']}</arg>
<arg>${keyTwo}</arg>
<doc>Fails if ``key`` is not found from ``dictionary``.</doc>
<status status="PASS" start="2024-07-08T06:22:09.674056" elapsed="0.000418"/>
</kw>
<kw name="Dictionary Should Contain Key" owner="Collections">
<arg>${json_data['results'][0]['login']}</arg>
<arg>${keyTwo}</arg>
<doc>Fails if ``key`` is not found from ``dictionary``.</doc>
<status status="PASS" start="2024-07-08T06:22:09.674656" elapsed="0.000367"/>
</kw>
<kw name="Log" owner="BuiltIn">
<msg time="2024-07-08T06:22:09.675318" level="INFO">password</msg>
<arg>${keyTwo}</arg>
<doc>Logs the given message with the given level.</doc>
<status status="PASS" start="2024-07-08T06:22:09.675201" elapsed="0.000159"/>
</kw>
<var name="${keyTwo}">password</var>
<status status="PASS" start="2024-07-08T06:22:09.673952" elapsed="0.001720"/>
</iter>
<var>${keyTwo}</var>
<value>@{expected_keysTwo}</value>
<status status="PASS" start="2024-07-08T06:22:09.671974" elapsed="0.003821"/>
</for>
<status status="PASS" start="2024-07-08T06:22:09.532189" elapsed="0.143747"/>
</kw>
<doc>Testa a estrutura da resposta da API.</doc>
<tag>testeEstruturaResposta</tag>
<status status="PASS" start="2024-07-08T06:22:09.531620" elapsed="0.144468"/>
</test>
<test id="s1-s1-t4" name="Validar tipos de dados" line="28">
<kw name="Teste de Tipos de Dados" owner="random-user-service">
<kw name="GET On Session" owner="RequestsLibrary">
<msg time="2024-07-08T06:22:09.730255" level="INFO">GET Request : url=https://randomuser.me/api 
 path_url=/api 
 headers={'User-Agent': 'python-requests/2.32.3', 'Accept-Encoding': 'gzip, deflate', 'Accept': '*/*', 'Connection': 'keep-alive'} 
 body=None 
 </msg>
<msg time="2024-07-08T06:22:09.730344" level="INFO">GET Response : url=https://randomuser.me/api 
 status=200, reason=OK 
 headers={'Date': 'Mon, 08 Jul 2024 06:22:09 GMT', 'Content-Type': 'application/json; charset=utf-8', 'Transfer-Encoding': 'chunked', 'Connection': 'keep-alive', 'X-Powered-By': 'Express', 'Access-Control-Allow-Origin': '*', 'Cache-Control': 'no-cache', 'ETag': 'W/"49d-cyyTzicydBrCzwHvXFd8kMUvvA0"', 'Vary': 'Accept-Encoding', 'Content-Encoding': 'gzip', 'CF-Cache-Status': 'DYNAMIC', 'Report-To': '{"endpoints":[{"url":"https:\\/\\/a.nel.cloudflare.com\\/report\\/v4?s=O%2FNJrjGyp%2BFqkqHktBFdBhVYROSGjuNqHi0yMy8X8sqxw0z%2B3ltwBG1Wn45yTq82lll15KciLLHU%2BPjZwxYGb3dePOL71xh8JT4iMiq5tBV1j2mHte%2FQpOCjxqdJtpa6"}],"group":"cf-nel","max_age":604800}', 'NEL': '{"success_fraction":0,"report_to":"cf-nel","max_age":604800}', 'Server': 'cloudflare', 'CF-RAY': '89fdfa6e8fee395e-IAD', 'alt-svc': 'h3=":443"; ma=86400'} 
 body={"results":[{"gender":"female","name":{"title":"Mrs","first":"Zora","last":"Stepanović"},"location":{"street":{"number":2114,"name":"Anastasije Spasić "},"city":"Kladovo","state":"South Banat","country":"Serbia","postcode":37710,"coordinates":{"latitude":"58.3907","longitude":"148.9488"},"timezone":{"offset":"+4:00","description":"Abu Dhabi, Muscat, Baku, Tbilisi"}},"email":"zora.stepanovic@example.com","login":{"uuid":"fc79304c-4fd7-4a52-8d83-698b29c1685e","username":"browngorilla617","password":"kermit","salt":"91DPvhH1","md5":"dc1fb6fb258d414a94ac668df86fa1eb","sha1":"7c6d24aa35b63429f5a4ef907eb4fc4df00d42ce","sha256":"4230a814036baf83a47fb91f32da8bc6fd29c9b70c1012ab9bccbcd176d62a75"},"dob":{"date":"1974-04-08T02:05:21.920Z","age":50},"registered":{"date":"2016-09-08T02:23:46.713Z","age":7},"phone":"027-0353-907","cell":"068-6198-004","id":{"name":"SID","value":"050711998"},"picture":{"large":"https://randomuser.me/api/portraits/women/15.jpg","medium":"https://randomuser.me/api/portraits/med/women/15.jpg","thumbnail":"https://randomuser.me/api/portraits/thumb/women/15.jpg"},"nat":"RS"}],"info":{"seed":"67ade188fd00952c","results":1,"page":1,"version":"1.4"}} 
 </msg>
<msg time="2024-07-08T06:22:09.730411" level="INFO">/opt/hostedtoolcache/Python/3.12.4/x64/lib/python3.12/site-packages/urllib3/connectionpool.py:1099: InsecureRequestWarning: Unverified HTTPS request is being made to host 'randomuser.me'. Adding certificate verification is strongly advised. See: https://urllib3.readthedocs.io/en/latest/advanced-usage.html#tls-warnings
  warnings.warn(</msg>
<msg time="2024-07-08T06:22:09.730500" level="INFO">${response} = &lt;Response [200]&gt;</msg>
<var>${response}</var>
<arg>consultarAPI</arg>
<arg>/api</arg>
<doc>Sends a GET request on a previously created HTTP Session.</doc>
<status status="PASS" start="2024-07-08T06:22:09.678705" elapsed="0.051836"/>
</kw>
<kw name="Set Variable" owner="BuiltIn">
<msg time="2024-07-08T06:22:09.731557" level="INFO">${json_data} = {'results': [{'gender': 'female', 'name': {'title': 'Mrs', 'first': 'Zora', 'last': 'Stepanović'}, 'location': {'street': {'number': 2114, 'name': 'Anastasije Spasić '}, 'city': 'Kladovo', 'state': 'S...</msg>
<var>${json_data}</var>
<arg>${response.json()}</arg>
<doc>Returns the given values which can then be assigned to a variables.</doc>
<status status="PASS" start="2024-07-08T06:22:09.730998" elapsed="0.000594"/>
</kw>
<kw name="Log" owner="BuiltIn">
<msg time="2024-07-08T06:22:09.732062" level="INFO">{'results': [{'gender': 'female', 'name': {'title': 'Mrs', 'first': 'Zora', 'last': 'Stepanović'}, 'location': {'street': {'number': 2114, 'name': 'Anastasije Spasić '}, 'city': 'Kladovo', 'state': 'South Banat', 'country': 'Serbia', 'postcode': 37710, 'coordinates': {'latitude': '58.3907', 'longitude': '148.9488'}, 'timezone': {'offset': '+4:00', 'description': 'Abu Dhabi, Muscat, Baku, Tbilisi'}}, 'email': 'zora.stepanovic@example.com', 'login': {'uuid': 'fc79304c-4fd7-4a52-8d83-698b29c1685e', 'username': 'browngorilla617', 'password': 'kermit', 'salt': '91DPvhH1', 'md5': 'dc1fb6fb258d414a94ac668df86fa1eb', 'sha1': '7c6d24aa35b63429f5a4ef907eb4fc4df00d42ce', 'sha256': '4230a814036baf83a47fb91f32da8bc6fd29c9b70c1012ab9bccbcd176d62a75'}, 'dob': {'date': '1974-04-08T02:05:21.920Z', 'age': 50}, 'registered': {'date': '2016-09-08T02:23:46.713Z', 'age': 7}, 'phone': '027-0353-907', 'cell': '068-6198-004', 'id': {'name': 'SID', 'value': '050711998'}, 'picture': {'large': 'https://randomuser.me/api/portraits/women/15.jpg', 'medium': 'https://randomuser.me/api/portraits/med/women/15.jpg', 'thumbnail': 'https://randomuser.me/api/portraits/thumb/women/15.jpg'}, 'nat': 'RS'}], 'info': {'seed': '67ade188fd00952c', 'results': 1, 'page': 1, 'version': '1.4'}}</msg>
<arg>${json_data}</arg>
<doc>Logs the given message with the given level.</doc>
<status status="PASS" start="2024-07-08T06:22:09.731904" elapsed="0.000209"/>
</kw>
<kw name="Should Be String" owner="String">
<arg>${json_data['results'][0]['gender']}</arg>
<doc>Fails if the given ``item`` is not a string.</doc>
<status status="PASS" start="2024-07-08T06:22:09.732406" elapsed="0.000360"/>
</kw>
<kw name="Should Match Regexp" owner="BuiltIn">
<arg>${json_data['results'][0]['email']}</arg>
<arg>^[a-zA-Z0-9._%+-]+@[a-zA-Z0-9.-]+\.[a-zA-Z]{2,}$</arg>
<doc>Fails if ``string`` does not match ``pattern`` as a regular expression.</doc>
<status status="PASS" start="2024-07-08T06:22:09.732954" elapsed="0.000550"/>
</kw>
<kw name="Should Match Regexp" owner="BuiltIn">
<arg>${json_data['results'][0]['dob']['date']}</arg>
<arg>\\d{4}-\\d{2}-\\d{2}T\\d{2}:\\d{2}:\\d{2}\\.\\d{3}Z</arg>
<doc>Fails if ``string`` does not match ``pattern`` as a regular expression.</doc>
<status status="PASS" start="2024-07-08T06:22:09.733699" elapsed="0.000488"/>
</kw>
<kw name="Should Match Regexp" owner="BuiltIn">
<arg>${json_data['results'][0]['registered']['date']}</arg>
<arg>\\d{4}-\\d{2}-\\d{2}T\\d{2}:\\d{2}:\\d{2}\\.\\d{3}Z</arg>
<doc>Fails if ``string`` does not match ``pattern`` as a regular expression.</doc>
<status status="PASS" start="2024-07-08T06:22:09.734404" elapsed="0.000374"/>
</kw>
<kw name="Should Match Regexp" owner="BuiltIn">
<arg>${json_data['results'][0]['picture']['large']}</arg>
<arg>^https?://.*\.(?:png|jpe?g|gif|bmp)$</arg>
<doc>Fails if ``string`` does not match ``pattern`` as a regular expression.</doc>
<status status="PASS" start="2024-07-08T06:22:09.734962" elapsed="0.000453"/>
</kw>
<kw name="Should Match Regexp" owner="BuiltIn">
<arg>${json_data['results'][0]['picture']['medium']}</arg>
<arg>^https?://.*\.(?:png|jpe?g|gif|bmp)$</arg>
<doc>Fails if ``string`` does not match ``pattern`` as a regular expression.</doc>
<status status="PASS" start="2024-07-08T06:22:09.735601" elapsed="0.000346"/>
</kw>
<kw name="Should Match Regexp" owner="BuiltIn">
<arg>${json_data['results'][0]['picture']['thumbnail']}</arg>
<arg>^https?://.*\.(?:png|jpe?g|gif|bmp)$</arg>
<doc>Fails if ``string`` does not match ``pattern`` as a regular expression.</doc>
<status status="PASS" start="2024-07-08T06:22:09.736128" elapsed="0.000357"/>
</kw>
<kw name="Log" owner="BuiltIn">
<msg time="2024-07-08T06:22:09.737015" level="INFO">{'large': 'https://randomuser.me/api/portraits/women/15.jpg', 'medium': 'https://randomuser.me/api/portraits/med/women/15.jpg', 'thumbnail': 'https://randomuser.me/api/portraits/thumb/women/15.jpg'}</msg>
<arg>${json_data['results'][0]['picture']}</arg>
<doc>Logs the given message with the given level.</doc>
<status status="PASS" start="2024-07-08T06:22:09.736685" elapsed="0.000372"/>
</kw>
<status status="PASS" start="2024-07-08T06:22:09.678478" elapsed="0.058833"/>
</kw>
<kw name="Teste de Tipos de Dados - Postcode" owner="random-user-service">
<kw name="GET On Session" owner="RequestsLibrary">
<msg time="2024-07-08T06:22:09.825111" level="INFO">GET Request : url=https://randomuser.me/api 
 path_url=/api 
 headers={'User-Agent': 'python-requests/2.32.3', 'Accept-Encoding': 'gzip, deflate', 'Accept': '*/*', 'Connection': 'keep-alive'} 
 body=None 
 </msg>
<msg time="2024-07-08T06:22:09.825195" level="INFO">GET Response : url=https://randomuser.me/api 
 status=200, reason=OK 
 headers={'Date': 'Mon, 08 Jul 2024 06:22:09 GMT', 'Content-Type': 'application/json; charset=utf-8', 'Transfer-Encoding': 'chunked', 'Connection': 'keep-alive', 'X-Powered-By': 'Express', 'Access-Control-Allow-Origin': '*', 'Cache-Control': 'no-cache', 'ETag': 'W/"47f-I48PhI3YVe1op9dRfomCwAwP3f4"', 'Vary': 'Accept-Encoding', 'Content-Encoding': 'gzip', 'CF-Cache-Status': 'DYNAMIC', 'Report-To': '{"endpoints":[{"url":"https:\\/\\/a.nel.cloudflare.com\\/report\\/v4?s=qHHp5ciPCAdJwbqILrNnnJ5OLAIxfHQ3x2qJc5VcvXhp%2Bnj%2Bzlt70n5NdbssZk8ZFT3VHKJpuzwOpAi9GOy6ZKCwyy2OCpSAEOVDFw3KPSFcl2Q1MaDTymnfB1rJ0HQx"}],"group":"cf-nel","max_age":604800}', 'NEL': '{"success_fraction":0,"report_to":"cf-nel","max_age":604800}', 'Server': 'cloudflare', 'CF-RAY': '89fdfa6ee848395e-IAD', 'alt-svc': 'h3=":443"; ma=86400'} 
 body={"results":[{"gender":"male","name":{"title":"Mr","first":"Eliah","last":"Haugland"},"location":{"street":{"number":8835,"name":"Hammerstads gate"},"city":"Oppdal","state":"Buskerud","country":"Norway","postcode":"1152","coordinates":{"latitude":"41.4805","longitude":"-160.3549"},"timezone":{"offset":"-1:00","description":"Azores, Cape Verde Islands"}},"email":"eliah.haugland@example.com","login":{"uuid":"346e492c-a81d-4ddb-84f0-3c4ea46b0e05","username":"yellowbear311","password":"dorothy","salt":"OIe122Ts","md5":"24bce2acbd8a9d60d8d00383fa86f473","sha1":"10c9133d2f14333db24a583214a5b959a4465d81","sha256":"5f05867b65820a80df3b27b4cc563967b6b120e6c21674dc82b7cc96faada5cb"},"dob":{"date":"1989-11-19T10:10:57.718Z","age":34},"registered":{"date":"2007-05-22T01:33:31.085Z","age":17},"phone":"62470903","cell":"44959747","id":{"name":"FN","value":"19118911396"},"picture":{"large":"https://randomuser.me/api/portraits/men/91.jpg","medium":"https://randomuser.me/api/portraits/med/men/91.jpg","thumbnail":"https://randomuser.me/api/portraits/thumb/men/91.jpg"},"nat":"NO"}],"info":{"seed":"7ae57e56b4d791a4","results":1,"page":1,"version":"1.4"}} 
 </msg>
<msg time="2024-07-08T06:22:09.825271" level="INFO">/opt/hostedtoolcache/Python/3.12.4/x64/lib/python3.12/site-packages/urllib3/connectionpool.py:1099: InsecureRequestWarning: Unverified HTTPS request is being made to host 'randomuser.me'. Adding certificate verification is strongly advised. See: https://urllib3.readthedocs.io/en/latest/advanced-usage.html#tls-warnings
  warnings.warn(</msg>
<msg time="2024-07-08T06:22:09.825386" level="INFO">${response} = &lt;Response [200]&gt;</msg>
<var>${response}</var>
<arg>consultarAPI</arg>
<arg>/api</arg>
<doc>Sends a GET request on a previously created HTTP Session.</doc>
<status status="PASS" start="2024-07-08T06:22:09.737796" elapsed="0.087632"/>
</kw>
<kw name="Set Variable" owner="BuiltIn">
<msg time="2024-07-08T06:22:09.826458" level="INFO">${json_data} = {'results': [{'gender': 'male', 'name': {'title': 'Mr', 'first': 'Eliah', 'last': 'Haugland'}, 'location': {'street': {'number': 8835, 'name': 'Hammerstads gate'}, 'city': 'Oppdal', 'state': 'Buskerud...</msg>
<var>${json_data}</var>
<arg>${response.json()}</arg>
<doc>Returns the given values which can then be assigned to a variables.</doc>
<status status="PASS" start="2024-07-08T06:22:09.825871" elapsed="0.000617"/>
</kw>
<kw name="Log" owner="BuiltIn">
<msg time="2024-07-08T06:22:09.826951" level="INFO">{'results': [{'gender': 'male', 'name': {'title': 'Mr', 'first': 'Eliah', 'last': 'Haugland'}, 'location': {'street': {'number': 8835, 'name': 'Hammerstads gate'}, 'city': 'Oppdal', 'state': 'Buskerud', 'country': 'Norway', 'postcode': '1152', 'coordinates': {'latitude': '41.4805', 'longitude': '-160.3549'}, 'timezone': {'offset': '-1:00', 'description': 'Azores, Cape Verde Islands'}}, 'email': 'eliah.haugland@example.com', 'login': {'uuid': '346e492c-a81d-4ddb-84f0-3c4ea46b0e05', 'username': 'yellowbear311', 'password': 'dorothy', 'salt': 'OIe122Ts', 'md5': '24bce2acbd8a9d60d8d00383fa86f473', 'sha1': '10c9133d2f14333db24a583214a5b959a4465d81', 'sha256': '5f05867b65820a80df3b27b4cc563967b6b120e6c21674dc82b7cc96faada5cb'}, 'dob': {'date': '1989-11-19T10:10:57.718Z', 'age': 34}, 'registered': {'date': '2007-05-22T01:33:31.085Z', 'age': 17}, 'phone': '62470903', 'cell': '44959747', 'id': {'name': 'FN', 'value': '19118911396'}, 'picture': {'large': 'https://randomuser.me/api/portraits/men/91.jpg', 'medium': 'https://randomuser.me/api/portraits/med/men/91.jpg', 'thumbnail': 'https://randomuser.me/api/portraits/thumb/men/91.jpg'}, 'nat': 'NO'}], 'info': {'seed': '7ae57e56b4d791a4', 'results': 1, 'page': 1, 'version': '1.4'}}</msg>
<arg>${json_data}</arg>
<doc>Logs the given message with the given level.</doc>
<status status="PASS" start="2024-07-08T06:22:09.826797" elapsed="0.000204"/>
</kw>
<kw name="Should Be Equal As Numbers" owner="BuiltIn">
<arg>${json_data['results'][0]['location']['postcode']}</arg>
<arg>${json_data['results'][0]['location']['postcode']}</arg>
<doc>Fails if objects are unequal after converting them to real numbers.</doc>
<status status="PASS" start="2024-07-08T06:22:09.827290" elapsed="0.000627"/>
</kw>
<kw name="Log" owner="BuiltIn">
<msg time="2024-07-08T06:22:09.828592" level="INFO">1152</msg>
<arg>${json_data['results'][0]['location']['postcode']}</arg>
<doc>Logs the given message with the given level.</doc>
<status status="PASS" start="2024-07-08T06:22:09.828105" elapsed="0.000529"/>
</kw>
<status status="PASS" start="2024-07-08T06:22:09.737575" elapsed="0.091344"/>
</kw>
<doc>Testa se os tipos de dados na resposta da API estão corretos.</doc>
<tag>testeTiposDados</tag>
<status status="PASS" start="2024-07-08T06:22:09.677895" elapsed="0.151189"/>
</test>
<test id="s1-s1-t5" name="Validar conteudo" line="35">
<kw name="Teste de Tipos de Conteudo" owner="random-user-service">
<kw name="GET On Session" owner="RequestsLibrary">
<msg time="2024-07-08T06:22:09.924698" level="INFO">GET Request : url=https://randomuser.me/api 
 path_url=/api 
 headers={'User-Agent': 'python-requests/2.32.3', 'Accept-Encoding': 'gzip, deflate', 'Accept': '*/*', 'Connection': 'keep-alive'} 
 body=None 
 </msg>
<msg time="2024-07-08T06:22:09.924767" level="INFO">GET Response : url=https://randomuser.me/api 
 status=200, reason=OK 
 headers={'Date': 'Mon, 08 Jul 2024 06:22:09 GMT', 'Content-Type': 'application/json; charset=utf-8', 'Transfer-Encoding': 'chunked', 'Connection': 'keep-alive', 'X-Powered-By': 'Express', 'Access-Control-Allow-Origin': '*', 'Cache-Control': 'no-cache', 'ETag': 'W/"48a-OozIDfPdJNp+QZdG3rlLbNksyUs"', 'Vary': 'Accept-Encoding', 'Content-Encoding': 'gzip', 'CF-Cache-Status': 'DYNAMIC', 'Report-To': '{"endpoints":[{"url":"https:\\/\\/a.nel.cloudflare.com\\/report\\/v4?s=SdSiVZzQAjiWHps4sqNXfigaKtSoa6Agxp%2FoUyjGw91ZzxSZxZ%2BDb48OmjibOg%2BjRJBbeRmI2VdkL1k3VLm%2FvmRJI%2FLqBpzdnhd0GOzGDhJjLluryOX6JYqNsuxfepl5"}],"group":"cf-nel","max_age":604800}', 'NEL': '{"success_fraction":0,"report_to":"cf-nel","max_age":604800}', 'Server': 'cloudflare', 'CF-RAY': '89fdfa6f78ab395e-IAD', 'alt-svc': 'h3=":443"; ma=86400'} 
 body={"results":[{"gender":"male","name":{"title":"Mr","first":"Babür","last":"Gönültaş"},"location":{"street":{"number":2887,"name":"Talak Göktepe Cd"},"city":"Diyarbakır","state":"Şanlıurfa","country":"Turkey","postcode":84299,"coordinates":{"latitude":"64.2873","longitude":"-146.5173"},"timezone":{"offset":"-8:00","description":"Pacific Time (US &amp; Canada)"}},"email":"babur.gonultas@example.com","login":{"uuid":"162444cd-96d4-446d-a0c7-59e69edb0490","username":"smallladybug427","password":"3636","salt":"Mz3qtz37","md5":"f0a1891dcb4b96a3ab69d4f506ef6da3","sha1":"9be8141166b728bab7c64b29e09e53807cedf846","sha256":"d2d7d096205026c378ccfdef7d496b19f28ec13ccdb51746d68e381ea037ea8b"},"dob":{"date":"1979-06-10T01:09:40.900Z","age":45},"registered":{"date":"2019-11-29T09:00:46.733Z","age":4},"phone":"(598)-602-5061","cell":"(547)-419-1828","id":{"name":"","value":null},"picture":{"large":"https://randomuser.me/api/portraits/men/43.jpg","medium":"https://randomuser.me/api/portraits/med/men/43.jpg","thumbnail":"https://randomuser.me/api/portraits/thumb/men/43.jpg"},"nat":"TR"}],"info":{"seed":"205d5d74ddc1ced4","results":1,"page":1,"version":"1.4"}} 
 </msg>
<msg time="2024-07-08T06:22:09.924831" level="INFO">/opt/hostedtoolcache/Python/3.12.4/x64/lib/python3.12/site-packages/urllib3/connectionpool.py:1099: InsecureRequestWarning: Unverified HTTPS request is being made to host 'randomuser.me'. Adding certificate verification is strongly advised. See: https://urllib3.readthedocs.io/en/latest/advanced-usage.html#tls-warnings
  warnings.warn(</msg>
<msg time="2024-07-08T06:22:09.924924" level="INFO">${response} = &lt;Response [200]&gt;</msg>
<var>${response}</var>
<arg>consultarAPI</arg>
<arg>/api</arg>
<doc>Sends a GET request on a previously created HTTP Session.</doc>
<status status="PASS" start="2024-07-08T06:22:09.831673" elapsed="0.093291"/>
</kw>
<kw name="Set Variable" owner="BuiltIn">
<msg time="2024-07-08T06:22:09.926021" level="INFO">${json_data} = {'results': [{'gender': 'male', 'name': {'title': 'Mr', 'first': 'Babür', 'last': 'Gönültaş'}, 'location': {'street': {'number': 2887, 'name': 'Talak Göktepe Cd'}, 'city': 'Diyarbakır', 'state': 'Şanl...</msg>
<var>${json_data}</var>
<arg>${response.json()}</arg>
<doc>Returns the given values which can then be assigned to a variables.</doc>
<status status="PASS" start="2024-07-08T06:22:09.925442" elapsed="0.000610"/>
</kw>
<kw name="Set Variable" owner="BuiltIn">
<msg time="2024-07-08T06:22:09.926788" level="INFO">${name_title} = Mr</msg>
<var>${name_title}</var>
<arg>${json_data["results"][0]["name"]["title"]}</arg>
<doc>Returns the given values which can then be assigned to a variables.</doc>
<status status="PASS" start="2024-07-08T06:22:09.926393" elapsed="0.000421"/>
</kw>
<kw name="Create List" owner="BuiltIn">
<msg time="2024-07-08T06:22:09.927255" level="INFO">${allowed_titles} = ['Mr', 'Ms', 'Miss', 'Mrs', 'Madame', 'Monsieur']</msg>
<var>${allowed_titles}</var>
<arg>Mr</arg>
<arg>Ms</arg>
<arg>Miss</arg>
<arg>Mrs</arg>
<arg>Madame</arg>
<arg>Monsieur</arg>
<doc>Returns a list containing given items.</doc>
<status status="PASS" start="2024-07-08T06:22:09.927108" elapsed="0.000170"/>
</kw>
<kw name="List Should Contain Value" owner="Collections">
<arg>${allowed_titles}</arg>
<arg>${name_title}</arg>
<doc>Fails if the ``value`` is not found from ``list``.</doc>
<status status="PASS" start="2024-07-08T06:22:09.927571" elapsed="0.000178"/>
</kw>
<kw name="Set Variable" owner="BuiltIn">
<msg time="2024-07-08T06:22:09.928292" level="INFO">${name_country} = TR</msg>
<var>${name_country}</var>
<arg>${json_data["results"][0]["nat"]}</arg>
<doc>Returns the given values which can then be assigned to a variables.</doc>
<status status="PASS" start="2024-07-08T06:22:09.927924" elapsed="0.000393"/>
</kw>
<kw name="Create List" owner="BuiltIn">
<msg time="2024-07-08T06:22:09.929218" level="INFO">${list_country} = ['AD', 'AE', 'AF', 'AG', 'AI', 'AL', 'AM', 'AO', 'AQ', 'AR', 'AS', 'AT', 'AU', 'AW', 'AX', 'AZ', 'BA', 'BB', 'BD', 'BE', 'BF', 'BG', 'BH', 'BI', 'BJ', 'BL', 'BM', 'BN', 'BO', 'BQ', 'BR', 'BS', 'BT', '...</msg>
<var>${list_country}</var>
<arg>AD</arg>
<arg>AE</arg>
<arg>AF</arg>
<arg>AG</arg>
<arg>AI</arg>
<arg>AL</arg>
<arg>AM</arg>
<arg>AO</arg>
<arg>AQ</arg>
<arg>AR</arg>
<arg>AS</arg>
<arg>AT</arg>
<arg>AU</arg>
<arg>AW</arg>
<arg>AX</arg>
<arg>AZ</arg>
<arg>BA</arg>
<arg>BB</arg>
<arg>BD</arg>
<arg>BE</arg>
<arg>BF</arg>
<arg>BG</arg>
<arg>BH</arg>
<arg>BI</arg>
<arg>BJ</arg>
<arg>BL</arg>
<arg>BM</arg>
<arg>BN</arg>
<arg>BO</arg>
<arg>BQ</arg>
<arg>BR</arg>
<arg>BS</arg>
<arg>BT</arg>
<arg>BV</arg>
<arg>BW</arg>
<arg>BY</arg>
<arg>BZ</arg>
<arg>CA</arg>
<arg>CC</arg>
<arg>CD</arg>
<arg>CF</arg>
<arg>CG</arg>
<arg>CH</arg>
<arg>CI</arg>
<arg>CK</arg>
<arg>CL</arg>
<arg>CM</arg>
<arg>CN</arg>
<arg>CO</arg>
<arg>CR</arg>
<arg>CU</arg>
<arg>CV</arg>
<arg>CW</arg>
<arg>CX</arg>
<arg>CY</arg>
<arg>CZ</arg>
<arg>DE</arg>
<arg>DJ</arg>
<arg>DK</arg>
<arg>DM</arg>
<arg>DO</arg>
<arg>DZ</arg>
<arg>EC</arg>
<arg>EE</arg>
<arg>EG</arg>
<arg>EH</arg>
<arg>ER</arg>
<arg>ES</arg>
<arg>ET</arg>
<arg>FI</arg>
<arg>FJ</arg>
<arg>FK</arg>
<arg>FM</arg>
<arg>FO</arg>
<arg>FR</arg>
<arg>GA</arg>
<arg>GB</arg>
<arg>GD</arg>
<arg>GE</arg>
<arg>GF</arg>
<arg>GG</arg>
<arg>GH</arg>
<arg>GI</arg>
<arg>GL</arg>
<arg>GM</arg>
<arg>GN</arg>
<arg>GP</arg>
<arg>GQ</arg>
<arg>GR</arg>
<arg>GS</arg>
<arg>GT</arg>
<arg>GU</arg>
<arg>GW</arg>
<arg>GY</arg>
<arg>HK</arg>
<arg>HM</arg>
<arg>HN</arg>
<arg>HR</arg>
<arg>HT</arg>
<arg>HU</arg>
<arg>ID</arg>
<arg>IE</arg>
<arg>IL</arg>
<arg>IM</arg>
<arg>IN</arg>
<arg>IO</arg>
<arg>IQ</arg>
<arg>IR</arg>
<arg>IS</arg>
<arg>IT</arg>
<arg>JE</arg>
<arg>JM</arg>
<arg>JO</arg>
<arg>JP</arg>
<arg>KE</arg>
<arg>KG</arg>
<arg>KH</arg>
<arg>KI</arg>
<arg>KM</arg>
<arg>KN</arg>
<arg>KP</arg>
<arg>KR</arg>
<arg>KW</arg>
<arg>KY</arg>
<arg>KZ</arg>
<arg>LA</arg>
<arg>LB</arg>
<arg>LC</arg>
<arg>LI</arg>
<arg>LK</arg>
<arg>LR</arg>
<arg>LS</arg>
<arg>LT</arg>
<arg>LU</arg>
<arg>LV</arg>
<arg>LY</arg>
<arg>MA</arg>
<arg>MC</arg>
<arg>MD</arg>
<arg>ME</arg>
<arg>MF</arg>
<arg>MG</arg>
<arg>MH</arg>
<arg>MK</arg>
<arg>ML</arg>
<arg>MM</arg>
<arg>MN</arg>
<arg>MO</arg>
<arg>MP</arg>
<arg>MQ</arg>
<arg>MR</arg>
<arg>MS</arg>
<arg>MT</arg>
<arg>MU</arg>
<arg>MV</arg>
<arg>MW</arg>
<arg>MX</arg>
<arg>MY</arg>
<arg>MZ</arg>
<arg>NA</arg>
<arg>NC</arg>
<arg>NE</arg>
<arg>NF</arg>
<arg>NG</arg>
<arg>NI</arg>
<arg>NL</arg>
<arg>NO</arg>
<arg>NP</arg>
<arg>NR</arg>
<arg>NU</arg>
<arg>NZ</arg>
<arg>OM</arg>
<arg>PA</arg>
<arg>PE</arg>
<arg>PF</arg>
<arg>PG</arg>
<arg>PH</arg>
<arg>PK</arg>
<arg>PL</arg>
<arg>PM</arg>
<arg>PN</arg>
<arg>PR</arg>
<arg>PS</arg>
<arg>PT</arg>
<arg>PW</arg>
<arg>PY</arg>
<arg>QA</arg>
<arg>RE</arg>
<arg>RO</arg>
<arg>RS</arg>
<arg>RU</arg>
<arg>RW</arg>
<arg>SA</arg>
<arg>SB</arg>
<arg>SC</arg>
<arg>SD</arg>
<arg>SE</arg>
<arg>SG</arg>
<arg>SH</arg>
<arg>SI</arg>
<arg>SJ</arg>
<arg>SK</arg>
<arg>SL</arg>
<arg>SM</arg>
<arg>SN</arg>
<arg>SO</arg>
<arg>SR</arg>
<arg>SS</arg>
<arg>ST</arg>
<arg>SV</arg>
<arg>SX</arg>
<arg>SY</arg>
<arg>SZ</arg>
<arg>TC</arg>
<arg>TD</arg>
<arg>TF</arg>
<arg>TG</arg>
<arg>TH</arg>
<arg>TJ</arg>
<arg>TK</arg>
<arg>TL</arg>
<arg>TM</arg>
<arg>TN</arg>
<arg>TO</arg>
<arg>TR</arg>
<arg>TT</arg>
<arg>TV</arg>
<arg>TW</arg>
<arg>TZ</arg>
<arg>UA</arg>
<arg>UG</arg>
<arg>UM</arg>
<arg>US</arg>
<arg>UY</arg>
<arg>UZ</arg>
<arg>VA</arg>
<arg>VC</arg>
<arg>VE</arg>
<arg>VG</arg>
<arg>VI</arg>
<arg>VN</arg>
<arg>VU</arg>
<arg>WF</arg>
<arg>WS</arg>
<arg>XK</arg>
<arg>YE</arg>
<arg>YT</arg>
<arg>ZA</arg>
<arg>ZM</arg>
<arg>ZW</arg>
<doc>Returns a list containing given items.</doc>
<status status="PASS" start="2024-07-08T06:22:09.928626" elapsed="0.000617"/>
</kw>
<kw name="List Should Contain Value" owner="Collections">
<arg>${list_country}</arg>
<arg>${name_country}</arg>
<doc>Fails if the ``value`` is not found from ``list``.</doc>
<status status="PASS" start="2024-07-08T06:22:09.930050" elapsed="0.000203"/>
</kw>
<kw name="Run Keyword If" owner="BuiltIn">
<kw name="Should Be True" owner="BuiltIn">
<arg>${True}</arg>
<doc>Fails if the given condition is not true.</doc>
<status status="PASS" start="2024-07-08T06:22:09.931216" elapsed="0.000143"/>
</kw>
<arg>${json_data["results"][0]["location"]["coordinates"]["latitude"]} &gt;= -90 and ${json_data["results"][0]["location"]["coordinates"]["latitude"]} &lt;= 90</arg>
<arg>Should Be True</arg>
<arg>${True}</arg>
<doc>Runs the given keyword with the given arguments, if ``condition`` is true.</doc>
<status status="PASS" start="2024-07-08T06:22:09.930473" elapsed="0.001010"/>
</kw>
<kw name="Run Keyword If" owner="BuiltIn">
<kw name="Should Be True" owner="BuiltIn">
<arg>${True}</arg>
<doc>Fails if the given condition is not true.</doc>
<status status="PASS" start="2024-07-08T06:22:09.932356" elapsed="0.000231"/>
</kw>
<arg>${json_data["results"][0]["location"]["coordinates"]["longitude"]} &gt;= -180 and ${json_data["results"][0]["location"]["coordinates"]["longitude"]} &lt;= 180</arg>
<arg>Should Be True</arg>
<arg>${True}</arg>
<doc>Runs the given keyword with the given arguments, if ``condition`` is true.</doc>
<status status="PASS" start="2024-07-08T06:22:09.931661" elapsed="0.001054"/>
</kw>
<status status="PASS" start="2024-07-08T06:22:09.831453" elapsed="0.101393"/>
</kw>
<doc>Testa o conteúdo específico dos campos retornados pela API.</doc>
<tag>testeConteudo</tag>
<status status="PASS" start="2024-07-08T06:22:09.830932" elapsed="0.102059"/>
</test>
<status status="PASS" start="2024-07-08T06:22:09.015484" elapsed="0.919526"/>
</suite>
<status status="PASS" start="2024-07-08T06:22:09.000064" elapsed="0.939951"/>
</suite>
<statistics>
<total>
<stat pass="5" fail="0" skip="0">All Tests</stat>
</total>
<tag>
<stat pass="1" fail="0" skip="0">testeConteudo</stat>
<stat pass="1" fail="0" skip="0">testeEstruturaResposta</stat>
<stat pass="1" fail="0" skip="0">testeRequisicaoBasica</stat>
<stat pass="1" fail="0" skip="0">testeTiposDados</stat>
</tag>
<suite>
<stat pass="5" fail="0" skip="0" id="s1" name="Tests">Tests</stat>
<stat pass="5" fail="0" skip="0" id="s1-s1" name="Random-User-Test">Tests.Random-User-Test</stat>
</suite>
</statistics>
<errors>
</errors>
</robot>
