<?xml version="1.0" encoding="UTF-8"?>
<robot generator="Robot 7.0 (Python 3.12.3 on linux)" generated="2024-04-19T18:17:01.293127" rpa="false" schemaversion="5">
<suite id="s1" name="Tests" source="/home/runner/work/DesafioQAItauRogerioJordao/DesafioQAItauRogerioJordao/RamdonUser/tests">
<suite id="s1-s1" name="Random-User-Test" source="/home/runner/work/DesafioQAItauRogerioJordao/DesafioQAItauRogerioJordao/RamdonUser/tests/random-user-test.robot">
<test id="s1-s1-t1" name="Conectar" line="13">
<kw name="Conectar API" owner="random-user-service">
<kw name="Create Session" owner="RequestsLibrary">
<msg time="2024-04-19T18:17:01.673256" level="INFO">Creating Session using : alias=consultarAPI, url=https://randomuser.me/, headers={},                     cookies={}, auth=None, timeout=None, proxies=None, verify=False,                     debug=0 </msg>
<arg>consultarAPI</arg>
<arg>${URL}</arg>
<doc>Create Session: create a HTTP session to a server</doc>
<status status="PASS" start="2024-04-19T18:17:01.673059" elapsed="0.000379"/>
</kw>
<status status="PASS" start="2024-04-19T18:17:01.672081" elapsed="0.001732"/>
</kw>
<status status="PASS" start="2024-04-19T18:17:01.671458" elapsed="0.002567"/>
</test>
<test id="s1-s1-t2" name="Validar retorno 200 e JSON Válido" line="16">
<kw name="Teste de Requisicao Basica" owner="random-user-service">
<kw name="GET On Session" owner="RequestsLibrary">
<msg time="2024-04-19T18:17:01.945500" level="INFO">GET Request : url=https://randomuser.me/api 
 path_url=/api 
 headers={'User-Agent': 'python-requests/2.31.0', 'Accept-Encoding': 'gzip, deflate', 'Accept': '*/*', 'Connection': 'keep-alive'} 
 body=None 
 </msg>
<msg time="2024-04-19T18:17:01.945661" level="INFO">GET Response : url=https://randomuser.me/api 
 status=200, reason=OK 
 headers={'Date': 'Fri, 19 Apr 2024 18:17:01 GMT', 'Content-Type': 'application/json; charset=utf-8', 'Transfer-Encoding': 'chunked', 'Connection': 'keep-alive', 'X-Powered-By': 'Express', 'Access-Control-Allow-Origin': '*', 'Cache-Control': 'no-cache', 'ETag': 'W/"496-sywPbqusyrYU4ciqN0i13OgZV0w"', 'Vary': 'Accept-Encoding', 'Content-Encoding': 'gzip', 'CF-Cache-Status': 'DYNAMIC', 'Report-To': '{"endpoints":[{"url":"https:\\/\\/a.nel.cloudflare.com\\/report\\/v4?s=Ys1IvMqaLnSWO1XxnVkRIDM2sNg2VrmR6wFYei6NpeIhrrcyBUc4eDFK0Q2ah8TN9k2HiTHkFFfoJV7EY%2BSg%2FJsMBjlppjy6Q1%2FB9QCqrXTpxCKECYaOuVJMYcatJTZw"}],"group":"cf-nel","max_age":604800}', 'NEL': '{"success_fraction":0,"report_to":"cf-nel","max_age":604800}', 'Server': 'cloudflare', 'CF-RAY': '876ee39a6eb510cb-ORD', 'alt-svc': 'h3=":443"; ma=86400'} 
 body={"results":[{"gender":"male","name":{"title":"Mr","first":"Fady","last":"Van Opdorp"},"location":{"street":{"number":6057,"name":"Graaf Hendriksteeg"},"city":"Ugchelen","state":"Noord-Brabant","country":"Netherlands","postcode":"0643 IR","coordinates":{"latitude":"30.3871","longitude":"-50.8352"},"timezone":{"offset":"-7:00","description":"Mountain Time (US &amp; Canada)"}},"email":"fady.vanopdorp@example.com","login":{"uuid":"4d299d99-f09d-478d-b3a2-6c4dd7f13c24","username":"reddog475","password":"chewbacc","salt":"0bJ2BGYC","md5":"31939b32d7e43cd3cc890f37a89e8a6f","sha1":"77c03e45b12547e3284cba4ab3b10ba2d8146013","sha256":"18466da16288f6cab32281e3e915ac5c25db7d4220e9aa84cb00bca768e6956c"},"dob":{"date":"1988-05-29T22:50:51.807Z","age":35},"registered":{"date":"2008-01-16T15:17:12.861Z","age":16},"phone":"(084) 9027123","cell":"(06) 40738174","id":{"name":"BSN","value":"37373042"},"picture":{"large":"https://randomuser.me/api/portraits/men/87.jpg","medium":"https://randomuser.me/api/portraits/med/men/87.jpg","thumbnail":"https://randomuser.me/api/portraits/thumb/men/87.jpg"},"nat":"NL"}],"info":{"seed":"b01ca4126f528f56","results":1,"page":1,"version":"1.4"}} 
 </msg>
<msg time="2024-04-19T18:17:01.945754" level="INFO">/opt/hostedtoolcache/Python/3.12.3/x64/lib/python3.12/site-packages/urllib3/connectionpool.py:1103: InsecureRequestWarning: Unverified HTTPS request is being made to host 'randomuser.me'. Adding certificate verification is strongly advised. See: https://urllib3.readthedocs.io/en/latest/advanced-usage.html#tls-warnings
  warnings.warn(</msg>
<msg time="2024-04-19T18:17:01.945905" level="INFO">${response} = &lt;Response [200]&gt;</msg>
<var>${response}</var>
<arg>consultarAPI</arg>
<arg>/api</arg>
<doc>Sends a GET request on a previously created HTTP Session.</doc>
<status status="PASS" start="2024-04-19T18:17:01.676818" elapsed="0.269132"/>
</kw>
<kw name="Should Be Equal As Numbers" owner="BuiltIn">
<msg time="2024-04-19T18:17:01.946998" level="INFO">Argument types are:
&lt;class 'int'&gt;
&lt;class 'str'&gt;</msg>
<arg>${response.status_code}</arg>
<arg>200</arg>
<doc>Fails if objects are unequal after converting them to real numbers.</doc>
<status status="PASS" start="2024-04-19T18:17:01.946527" elapsed="0.000536"/>
</kw>
<kw name="Log" owner="BuiltIn">
<msg time="2024-04-19T18:17:01.947766" level="INFO">200</msg>
<arg>${response.status_code}</arg>
<doc>Logs the given message with the given level.</doc>
<status status="PASS" start="2024-04-19T18:17:01.947412" elapsed="0.000396"/>
</kw>
<kw name="Set Variable" owner="BuiltIn">
<msg time="2024-04-19T18:17:01.948553" level="INFO">${json_data} = {'results': [{'gender': 'male', 'name': {'title': 'Mr', 'first': 'Fady', 'last': 'Van Opdorp'}, 'location': {'street': {'number': 6057, 'name': 'Graaf Hendriksteeg'}, 'city': 'Ugchelen', 'state': 'Noo...</msg>
<var>${json_data}</var>
<arg>${response.json()}</arg>
<doc>Returns the given values which can then be assigned to a variables.</doc>
<status status="PASS" start="2024-04-19T18:17:01.948110" elapsed="0.000471"/>
</kw>
<kw name="Dictionary Should Contain Key" owner="Collections">
<msg time="2024-04-19T18:17:01.949046" level="INFO">False</msg>
<arg>${json_data}</arg>
<arg>results</arg>
<doc>Fails if ``key`` is not found from ``dictionary``.</doc>
<status status="PASS" start="2024-04-19T18:17:01.948881" elapsed="0.000203"/>
</kw>
<status status="PASS" start="2024-04-19T18:17:01.676557" elapsed="0.272786"/>
</kw>
<doc>Testa se a API responde corretamente e retorna um objeto JSON válido.</doc>
<tag>testeRequisicaoBasica</tag>
<status status="PASS" start="2024-04-19T18:17:01.676007" elapsed="0.273526"/>
</test>
<test id="s1-s1-t3" name="Validar estrutura de resposta" line="22">
<kw name="Teste de Estrutura de Resposta" owner="random-user-service">
<kw name="GET On Session" owner="RequestsLibrary">
<msg time="2024-04-19T18:17:02.009765" level="INFO">GET Request : url=https://randomuser.me/api 
 path_url=/api 
 headers={'User-Agent': 'python-requests/2.31.0', 'Accept-Encoding': 'gzip, deflate', 'Accept': '*/*', 'Connection': 'keep-alive'} 
 body=None 
 </msg>
<msg time="2024-04-19T18:17:02.009833" level="INFO">GET Response : url=https://randomuser.me/api 
 status=200, reason=OK 
 headers={'Date': 'Fri, 19 Apr 2024 18:17:02 GMT', 'Content-Type': 'application/json; charset=utf-8', 'Transfer-Encoding': 'chunked', 'Connection': 'keep-alive', 'X-Powered-By': 'Express', 'Access-Control-Allow-Origin': '*', 'Cache-Control': 'no-cache', 'ETag': 'W/"482-Yh4d8F684El5YAEvbcenbofH3wY"', 'Vary': 'Accept-Encoding', 'Content-Encoding': 'gzip', 'CF-Cache-Status': 'DYNAMIC', 'Report-To': '{"endpoints":[{"url":"https:\\/\\/a.nel.cloudflare.com\\/report\\/v4?s=6AkmRcCvYXiHRrHlY%2BvuSjN8rjSXc4uy0h4BoqNP0Ll18F2ztl4s%2BHiaRRjD6EhgC7svIkmPUeH4NqoLaxsYNeCYQ29GcytGaS23a5zezMEecO8pUKSbw9ra7jYrw%2BJI"}],"group":"cf-nel","max_age":604800}', 'NEL': '{"success_fraction":0,"report_to":"cf-nel","max_age":604800}', 'Server': 'cloudflare', 'CF-RAY': '876ee39b384010cb-ORD', 'alt-svc': 'h3=":443"; ma=86400'} 
 body={"results":[{"gender":"female","name":{"title":"Miss","first":"Zoe","last":"Green"},"location":{"street":{"number":2416,"name":"Pt Chevalier Road"},"city":"Hamilton","state":"Gisborne","country":"New Zealand","postcode":92793,"coordinates":{"latitude":"53.8583","longitude":"161.6261"},"timezone":{"offset":"+7:00","description":"Bangkok, Hanoi, Jakarta"}},"email":"zoe.green@example.com","login":{"uuid":"f34c3b43-e34f-46a7-8da9-11710f090796","username":"organicbird157","password":"operator","salt":"ms8zNDdZ","md5":"3f25e5a07d17c64cad8bbb999fc309fe","sha1":"2de5684de343132bc4b441789d72bf785244ef39","sha256":"ee839ad94dc42c741b06ed93cab617a7e537b06ad815dbe34be61f211fdbf339"},"dob":{"date":"1969-07-06T01:12:28.890Z","age":54},"registered":{"date":"2003-11-27T21:36:20.560Z","age":20},"phone":"(905)-045-3923","cell":"(435)-807-9874","id":{"name":"","value":null},"picture":{"large":"https://randomuser.me/api/portraits/women/2.jpg","medium":"https://randomuser.me/api/portraits/med/women/2.jpg","thumbnail":"https://randomuser.me/api/portraits/thumb/women/2.jpg"},"nat":"NZ"}],"info":{"seed":"8d92f52a96da0441","results":1,"page":1,"version":"1.4"}} 
 </msg>
<msg time="2024-04-19T18:17:02.009933" level="INFO">/opt/hostedtoolcache/Python/3.12.3/x64/lib/python3.12/site-packages/urllib3/connectionpool.py:1103: InsecureRequestWarning: Unverified HTTPS request is being made to host 'randomuser.me'. Adding certificate verification is strongly advised. See: https://urllib3.readthedocs.io/en/latest/advanced-usage.html#tls-warnings
  warnings.warn(</msg>
<msg time="2024-04-19T18:17:02.010029" level="INFO">${response} = &lt;Response [200]&gt;</msg>
<var>${response}</var>
<arg>consultarAPI</arg>
<arg>/api</arg>
<doc>Sends a GET request on a previously created HTTP Session.</doc>
<status status="PASS" start="2024-04-19T18:17:01.952346" elapsed="0.057725"/>
</kw>
<kw name="Set Variable" owner="BuiltIn">
<msg time="2024-04-19T18:17:02.011211" level="INFO">${json_data} = {'results': [{'gender': 'female', 'name': {'title': 'Miss', 'first': 'Zoe', 'last': 'Green'}, 'location': {'street': {'number': 2416, 'name': 'Pt Chevalier Road'}, 'city': 'Hamilton', 'state': 'Gisbor...</msg>
<var>${json_data}</var>
<arg>${response.json()}</arg>
<doc>Returns the given values which can then be assigned to a variables.</doc>
<status status="PASS" start="2024-04-19T18:17:02.010625" elapsed="0.000615"/>
</kw>
<kw name="Log" owner="BuiltIn">
<msg time="2024-04-19T18:17:02.011702" level="INFO">{'results': [{'gender': 'female', 'name': {'title': 'Miss', 'first': 'Zoe', 'last': 'Green'}, 'location': {'street': {'number': 2416, 'name': 'Pt Chevalier Road'}, 'city': 'Hamilton', 'state': 'Gisborne', 'country': 'New Zealand', 'postcode': 92793, 'coordinates': {'latitude': '53.8583', 'longitude': '161.6261'}, 'timezone': {'offset': '+7:00', 'description': 'Bangkok, Hanoi, Jakarta'}}, 'email': 'zoe.green@example.com', 'login': {'uuid': 'f34c3b43-e34f-46a7-8da9-11710f090796', 'username': 'organicbird157', 'password': 'operator', 'salt': 'ms8zNDdZ', 'md5': '3f25e5a07d17c64cad8bbb999fc309fe', 'sha1': '2de5684de343132bc4b441789d72bf785244ef39', 'sha256': 'ee839ad94dc42c741b06ed93cab617a7e537b06ad815dbe34be61f211fdbf339'}, 'dob': {'date': '1969-07-06T01:12:28.890Z', 'age': 54}, 'registered': {'date': '2003-11-27T21:36:20.560Z', 'age': 20}, 'phone': '(905)-045-3923', 'cell': '(435)-807-9874', 'id': {'name': '', 'value': None}, 'picture': {'large': 'https://randomuser.me/api/portraits/women/2.jpg', 'medium': 'https://randomuser.me/api/portraits/med/women/2.jpg', 'thumbnail': 'https://randomuser.me/api/portraits/thumb/women/2.jpg'}, 'nat': 'NZ'}], 'info': {'seed': '8d92f52a96da0441', 'results': 1, 'page': 1, 'version': '1.4'}}</msg>
<arg>${json_data}</arg>
<doc>Logs the given message with the given level.</doc>
<status status="PASS" start="2024-04-19T18:17:02.011548" elapsed="0.000203"/>
</kw>
<kw name="Dictionary Should Contain Key" owner="Collections">
<msg time="2024-04-19T18:17:02.012201" level="INFO">False</msg>
<arg>${json_data}</arg>
<arg>results</arg>
<doc>Fails if ``key`` is not found from ``dictionary``.</doc>
<status status="PASS" start="2024-04-19T18:17:02.012047" elapsed="0.000192"/>
</kw>
<kw name="Should Not Be Empty" owner="BuiltIn">
<msg time="2024-04-19T18:17:02.012667" level="INFO">Length is 2.</msg>
<arg>${json_data}</arg>
<doc>Verifies that the given item is not empty.</doc>
<status status="PASS" start="2024-04-19T18:17:02.012532" elapsed="0.000178"/>
</kw>
<kw name="Create List" owner="BuiltIn">
<msg time="2024-04-19T18:17:02.013283" level="INFO">${expected_keys} = ['gender', 'name', 'location', 'email', 'login']</msg>
<var>${expected_keys}</var>
<arg>gender</arg>
<arg>name</arg>
<arg>location</arg>
<arg>email</arg>
<arg>login</arg>
<doc>Returns a list containing given items.</doc>
<status status="PASS" start="2024-04-19T18:17:02.012997" elapsed="0.000311"/>
</kw>
<for flavor="IN">
<iter>
<kw name="Dictionary Should Contain Key" owner="Collections">
<msg time="2024-04-19T18:17:02.014341" level="INFO">False</msg>
<arg>${json_data['results'][0]}</arg>
<arg>${key}</arg>
<doc>Fails if ``key`` is not found from ``dictionary``.</doc>
<status status="PASS" start="2024-04-19T18:17:02.013887" elapsed="0.000501"/>
</kw>
<kw name="Log" owner="BuiltIn">
<msg time="2024-04-19T18:17:02.015059" level="INFO">{'gender': 'female', 'name': {'title': 'Miss', 'first': 'Zoe', 'last': 'Green'}, 'location': {'street': {'number': 2416, 'name': 'Pt Chevalier Road'}, 'city': 'Hamilton', 'state': 'Gisborne', 'country': 'New Zealand', 'postcode': 92793, 'coordinates': {'latitude': '53.8583', 'longitude': '161.6261'}, 'timezone': {'offset': '+7:00', 'description': 'Bangkok, Hanoi, Jakarta'}}, 'email': 'zoe.green@example.com', 'login': {'uuid': 'f34c3b43-e34f-46a7-8da9-11710f090796', 'username': 'organicbird157', 'password': 'operator', 'salt': 'ms8zNDdZ', 'md5': '3f25e5a07d17c64cad8bbb999fc309fe', 'sha1': '2de5684de343132bc4b441789d72bf785244ef39', 'sha256': 'ee839ad94dc42c741b06ed93cab617a7e537b06ad815dbe34be61f211fdbf339'}, 'dob': {'date': '1969-07-06T01:12:28.890Z', 'age': 54}, 'registered': {'date': '2003-11-27T21:36:20.560Z', 'age': 20}, 'phone': '(905)-045-3923', 'cell': '(435)-807-9874', 'id': {'name': '', 'value': None}, 'picture': {'large': 'https://randomuser.me/api/portraits/women/2.jpg', 'medium': 'https://randomuser.me/api/portraits/med/women/2.jpg', 'thumbnail': 'https://randomuser.me/api/portraits/thumb/women/2.jpg'}, 'nat': 'NZ'}</msg>
<arg>${json_data['results'][0]}</arg>
<doc>Logs the given message with the given level.</doc>
<status status="PASS" start="2024-04-19T18:17:02.014687" elapsed="0.000420"/>
</kw>
<kw name="Log" owner="BuiltIn">
<msg time="2024-04-19T18:17:02.015527" level="INFO">gender</msg>
<arg>${key}</arg>
<doc>Logs the given message with the given level.</doc>
<status status="PASS" start="2024-04-19T18:17:02.015401" elapsed="0.000164"/>
</kw>
<var name="${key}">gender</var>
<status status="PASS" start="2024-04-19T18:17:02.013762" elapsed="0.002017"/>
</iter>
<iter>
<kw name="Dictionary Should Contain Key" owner="Collections">
<msg time="2024-04-19T18:17:02.016455" level="INFO">False</msg>
<arg>${json_data['results'][0]}</arg>
<arg>${key}</arg>
<doc>Fails if ``key`` is not found from ``dictionary``.</doc>
<status status="PASS" start="2024-04-19T18:17:02.016076" elapsed="0.000416"/>
</kw>
<kw name="Log" owner="BuiltIn">
<msg time="2024-04-19T18:17:02.017171" level="INFO">{'gender': 'female', 'name': {'title': 'Miss', 'first': 'Zoe', 'last': 'Green'}, 'location': {'street': {'number': 2416, 'name': 'Pt Chevalier Road'}, 'city': 'Hamilton', 'state': 'Gisborne', 'country': 'New Zealand', 'postcode': 92793, 'coordinates': {'latitude': '53.8583', 'longitude': '161.6261'}, 'timezone': {'offset': '+7:00', 'description': 'Bangkok, Hanoi, Jakarta'}}, 'email': 'zoe.green@example.com', 'login': {'uuid': 'f34c3b43-e34f-46a7-8da9-11710f090796', 'username': 'organicbird157', 'password': 'operator', 'salt': 'ms8zNDdZ', 'md5': '3f25e5a07d17c64cad8bbb999fc309fe', 'sha1': '2de5684de343132bc4b441789d72bf785244ef39', 'sha256': 'ee839ad94dc42c741b06ed93cab617a7e537b06ad815dbe34be61f211fdbf339'}, 'dob': {'date': '1969-07-06T01:12:28.890Z', 'age': 54}, 'registered': {'date': '2003-11-27T21:36:20.560Z', 'age': 20}, 'phone': '(905)-045-3923', 'cell': '(435)-807-9874', 'id': {'name': '', 'value': None}, 'picture': {'large': 'https://randomuser.me/api/portraits/women/2.jpg', 'medium': 'https://randomuser.me/api/portraits/med/women/2.jpg', 'thumbnail': 'https://randomuser.me/api/portraits/thumb/women/2.jpg'}, 'nat': 'NZ'}</msg>
<arg>${json_data['results'][0]}</arg>
<doc>Logs the given message with the given level.</doc>
<status status="PASS" start="2024-04-19T18:17:02.016810" elapsed="0.000408"/>
</kw>
<kw name="Log" owner="BuiltIn">
<msg time="2024-04-19T18:17:02.017640" level="INFO">name</msg>
<arg>${key}</arg>
<doc>Logs the given message with the given level.</doc>
<status status="PASS" start="2024-04-19T18:17:02.017515" elapsed="0.000162"/>
</kw>
<var name="${key}">name</var>
<status status="PASS" start="2024-04-19T18:17:02.015964" elapsed="0.001954"/>
</iter>
<iter>
<kw name="Dictionary Should Contain Key" owner="Collections">
<msg time="2024-04-19T18:17:02.018641" level="INFO">False</msg>
<arg>${json_data['results'][0]}</arg>
<arg>${key}</arg>
<doc>Fails if ``key`` is not found from ``dictionary``.</doc>
<status status="PASS" start="2024-04-19T18:17:02.018238" elapsed="0.000441"/>
</kw>
<kw name="Log" owner="BuiltIn">
<msg time="2024-04-19T18:17:02.019371" level="INFO">{'gender': 'female', 'name': {'title': 'Miss', 'first': 'Zoe', 'last': 'Green'}, 'location': {'street': {'number': 2416, 'name': 'Pt Chevalier Road'}, 'city': 'Hamilton', 'state': 'Gisborne', 'country': 'New Zealand', 'postcode': 92793, 'coordinates': {'latitude': '53.8583', 'longitude': '161.6261'}, 'timezone': {'offset': '+7:00', 'description': 'Bangkok, Hanoi, Jakarta'}}, 'email': 'zoe.green@example.com', 'login': {'uuid': 'f34c3b43-e34f-46a7-8da9-11710f090796', 'username': 'organicbird157', 'password': 'operator', 'salt': 'ms8zNDdZ', 'md5': '3f25e5a07d17c64cad8bbb999fc309fe', 'sha1': '2de5684de343132bc4b441789d72bf785244ef39', 'sha256': 'ee839ad94dc42c741b06ed93cab617a7e537b06ad815dbe34be61f211fdbf339'}, 'dob': {'date': '1969-07-06T01:12:28.890Z', 'age': 54}, 'registered': {'date': '2003-11-27T21:36:20.560Z', 'age': 20}, 'phone': '(905)-045-3923', 'cell': '(435)-807-9874', 'id': {'name': '', 'value': None}, 'picture': {'large': 'https://randomuser.me/api/portraits/women/2.jpg', 'medium': 'https://randomuser.me/api/portraits/med/women/2.jpg', 'thumbnail': 'https://randomuser.me/api/portraits/thumb/women/2.jpg'}, 'nat': 'NZ'}</msg>
<arg>${json_data['results'][0]}</arg>
<doc>Logs the given message with the given level.</doc>
<status status="PASS" start="2024-04-19T18:17:02.019005" elapsed="0.000413"/>
</kw>
<kw name="Log" owner="BuiltIn">
<msg time="2024-04-19T18:17:02.019856" level="INFO">location</msg>
<arg>${key}</arg>
<doc>Logs the given message with the given level.</doc>
<status status="PASS" start="2024-04-19T18:17:02.019727" elapsed="0.000167"/>
</kw>
<var name="${key}">location</var>
<status status="PASS" start="2024-04-19T18:17:02.018096" elapsed="0.002010"/>
</iter>
<iter>
<kw name="Dictionary Should Contain Key" owner="Collections">
<msg time="2024-04-19T18:17:02.020771" level="INFO">False</msg>
<arg>${json_data['results'][0]}</arg>
<arg>${key}</arg>
<doc>Fails if ``key`` is not found from ``dictionary``.</doc>
<status status="PASS" start="2024-04-19T18:17:02.020389" elapsed="0.000420"/>
</kw>
<kw name="Log" owner="BuiltIn">
<msg time="2024-04-19T18:17:02.021467" level="INFO">{'gender': 'female', 'name': {'title': 'Miss', 'first': 'Zoe', 'last': 'Green'}, 'location': {'street': {'number': 2416, 'name': 'Pt Chevalier Road'}, 'city': 'Hamilton', 'state': 'Gisborne', 'country': 'New Zealand', 'postcode': 92793, 'coordinates': {'latitude': '53.8583', 'longitude': '161.6261'}, 'timezone': {'offset': '+7:00', 'description': 'Bangkok, Hanoi, Jakarta'}}, 'email': 'zoe.green@example.com', 'login': {'uuid': 'f34c3b43-e34f-46a7-8da9-11710f090796', 'username': 'organicbird157', 'password': 'operator', 'salt': 'ms8zNDdZ', 'md5': '3f25e5a07d17c64cad8bbb999fc309fe', 'sha1': '2de5684de343132bc4b441789d72bf785244ef39', 'sha256': 'ee839ad94dc42c741b06ed93cab617a7e537b06ad815dbe34be61f211fdbf339'}, 'dob': {'date': '1969-07-06T01:12:28.890Z', 'age': 54}, 'registered': {'date': '2003-11-27T21:36:20.560Z', 'age': 20}, 'phone': '(905)-045-3923', 'cell': '(435)-807-9874', 'id': {'name': '', 'value': None}, 'picture': {'large': 'https://randomuser.me/api/portraits/women/2.jpg', 'medium': 'https://randomuser.me/api/portraits/med/women/2.jpg', 'thumbnail': 'https://randomuser.me/api/portraits/thumb/women/2.jpg'}, 'nat': 'NZ'}</msg>
<arg>${json_data['results'][0]}</arg>
<doc>Logs the given message with the given level.</doc>
<status status="PASS" start="2024-04-19T18:17:02.021103" elapsed="0.000413"/>
</kw>
<kw name="Log" owner="BuiltIn">
<msg time="2024-04-19T18:17:02.021937" level="INFO">email</msg>
<arg>${key}</arg>
<doc>Logs the given message with the given level.</doc>
<status status="PASS" start="2024-04-19T18:17:02.021811" elapsed="0.000174"/>
</kw>
<var name="${key}">email</var>
<status status="PASS" start="2024-04-19T18:17:02.020278" elapsed="0.001954"/>
</iter>
<iter>
<kw name="Dictionary Should Contain Key" owner="Collections">
<msg time="2024-04-19T18:17:02.022920" level="INFO">False</msg>
<arg>${json_data['results'][0]}</arg>
<arg>${key}</arg>
<doc>Fails if ``key`` is not found from ``dictionary``.</doc>
<status status="PASS" start="2024-04-19T18:17:02.022530" elapsed="0.000427"/>
</kw>
<kw name="Log" owner="BuiltIn">
<msg time="2024-04-19T18:17:02.023609" level="INFO">{'gender': 'female', 'name': {'title': 'Miss', 'first': 'Zoe', 'last': 'Green'}, 'location': {'street': {'number': 2416, 'name': 'Pt Chevalier Road'}, 'city': 'Hamilton', 'state': 'Gisborne', 'country': 'New Zealand', 'postcode': 92793, 'coordinates': {'latitude': '53.8583', 'longitude': '161.6261'}, 'timezone': {'offset': '+7:00', 'description': 'Bangkok, Hanoi, Jakarta'}}, 'email': 'zoe.green@example.com', 'login': {'uuid': 'f34c3b43-e34f-46a7-8da9-11710f090796', 'username': 'organicbird157', 'password': 'operator', 'salt': 'ms8zNDdZ', 'md5': '3f25e5a07d17c64cad8bbb999fc309fe', 'sha1': '2de5684de343132bc4b441789d72bf785244ef39', 'sha256': 'ee839ad94dc42c741b06ed93cab617a7e537b06ad815dbe34be61f211fdbf339'}, 'dob': {'date': '1969-07-06T01:12:28.890Z', 'age': 54}, 'registered': {'date': '2003-11-27T21:36:20.560Z', 'age': 20}, 'phone': '(905)-045-3923', 'cell': '(435)-807-9874', 'id': {'name': '', 'value': None}, 'picture': {'large': 'https://randomuser.me/api/portraits/women/2.jpg', 'medium': 'https://randomuser.me/api/portraits/med/women/2.jpg', 'thumbnail': 'https://randomuser.me/api/portraits/thumb/women/2.jpg'}, 'nat': 'NZ'}</msg>
<arg>${json_data['results'][0]}</arg>
<doc>Logs the given message with the given level.</doc>
<status status="PASS" start="2024-04-19T18:17:02.023250" elapsed="0.000419"/>
</kw>
<kw name="Log" owner="BuiltIn">
<msg time="2024-04-19T18:17:02.024094" level="INFO">login</msg>
<arg>${key}</arg>
<doc>Logs the given message with the given level.</doc>
<status status="PASS" start="2024-04-19T18:17:02.023969" elapsed="0.000163"/>
</kw>
<var name="${key}">login</var>
<status status="PASS" start="2024-04-19T18:17:02.022418" elapsed="0.001925"/>
</iter>
<var>${key}</var>
<value>@{expected_keys}</value>
<status status="PASS" start="2024-04-19T18:17:02.013572" elapsed="0.010916"/>
</for>
<kw name="Create List" owner="BuiltIn">
<msg time="2024-04-19T18:17:02.024821" level="INFO">${expected_keysTwo} = ['username', 'password']</msg>
<var>${expected_keysTwo}</var>
<arg>username</arg>
<arg>password</arg>
<doc>Returns a list containing given items.</doc>
<status status="PASS" start="2024-04-19T18:17:02.024686" elapsed="0.000159"/>
</kw>
<for flavor="IN">
<iter>
<kw name="Dictionary Should Contain Key" owner="Collections">
<msg time="2024-04-19T18:17:02.025734" level="INFO">False</msg>
<arg>${json_data['results'][0]['login']}</arg>
<arg>${keyTwo}</arg>
<doc>Fails if ``key`` is not found from ``dictionary``.</doc>
<status status="PASS" start="2024-04-19T18:17:02.025343" elapsed="0.000428"/>
</kw>
<kw name="Dictionary Should Contain Key" owner="Collections">
<msg time="2024-04-19T18:17:02.026485" level="INFO">False</msg>
<arg>${json_data['results'][0]['login']}</arg>
<arg>${keyTwo}</arg>
<doc>Fails if ``key`` is not found from ``dictionary``.</doc>
<status status="PASS" start="2024-04-19T18:17:02.026063" elapsed="0.000460"/>
</kw>
<kw name="Log" owner="BuiltIn">
<msg time="2024-04-19T18:17:02.026945" level="INFO">username</msg>
<arg>${keyTwo}</arg>
<doc>Logs the given message with the given level.</doc>
<status status="PASS" start="2024-04-19T18:17:02.026817" elapsed="0.000172"/>
</kw>
<var name="${keyTwo}">username</var>
<status status="PASS" start="2024-04-19T18:17:02.025233" elapsed="0.001968"/>
</iter>
<iter>
<kw name="Dictionary Should Contain Key" owner="Collections">
<msg time="2024-04-19T18:17:02.027879" level="INFO">False</msg>
<arg>${json_data['results'][0]['login']}</arg>
<arg>${keyTwo}</arg>
<doc>Fails if ``key`` is not found from ``dictionary``.</doc>
<status status="PASS" start="2024-04-19T18:17:02.027479" elapsed="0.000442"/>
</kw>
<kw name="Dictionary Should Contain Key" owner="Collections">
<msg time="2024-04-19T18:17:02.028673" level="INFO">False</msg>
<arg>${json_data['results'][0]['login']}</arg>
<arg>${keyTwo}</arg>
<doc>Fails if ``key`` is not found from ``dictionary``.</doc>
<status status="PASS" start="2024-04-19T18:17:02.028212" elapsed="0.000499"/>
</kw>
<kw name="Log" owner="BuiltIn">
<msg time="2024-04-19T18:17:02.029133" level="INFO">password</msg>
<arg>${keyTwo}</arg>
<doc>Logs the given message with the given level.</doc>
<status status="PASS" start="2024-04-19T18:17:02.029007" elapsed="0.000164"/>
</kw>
<var name="${keyTwo}">password</var>
<status status="PASS" start="2024-04-19T18:17:02.027370" elapsed="0.002013"/>
</iter>
<var>${keyTwo}</var>
<value>@{expected_keysTwo}</value>
<status status="PASS" start="2024-04-19T18:17:02.025080" elapsed="0.004422"/>
</for>
<status status="PASS" start="2024-04-19T18:17:01.952101" elapsed="0.077542"/>
</kw>
<doc>Testa a estrutura da resposta da API.</doc>
<tag>testeEstruturaResposta</tag>
<status status="PASS" start="2024-04-19T18:17:01.951421" elapsed="0.078374"/>
</test>
<test id="s1-s1-t4" name="Validar tipos de dados" line="28">
<kw name="Teste de Tipos de Dados" owner="random-user-service">
<kw name="GET On Session" owner="RequestsLibrary">
<msg time="2024-04-19T18:17:02.105187" level="INFO">GET Request : url=https://randomuser.me/api 
 path_url=/api 
 headers={'User-Agent': 'python-requests/2.31.0', 'Accept-Encoding': 'gzip, deflate', 'Accept': '*/*', 'Connection': 'keep-alive'} 
 body=None 
 </msg>
<msg time="2024-04-19T18:17:02.105299" level="INFO">GET Response : url=https://randomuser.me/api 
 status=200, reason=OK 
 headers={'Date': 'Fri, 19 Apr 2024 18:17:02 GMT', 'Content-Type': 'application/json; charset=utf-8', 'Transfer-Encoding': 'chunked', 'Connection': 'keep-alive', 'X-Powered-By': 'Express', 'Access-Control-Allow-Origin': '*', 'Cache-Control': 'no-cache', 'ETag': 'W/"49c-YbLFHu/Vnt6xCE9vXuEFIgONbpQ"', 'Vary': 'Accept-Encoding', 'Content-Encoding': 'gzip', 'CF-Cache-Status': 'DYNAMIC', 'Report-To': '{"endpoints":[{"url":"https:\\/\\/a.nel.cloudflare.com\\/report\\/v4?s=YFtMdNfKUUIHn3zwptFvO%2F9Gm3APjLNpSa4jZFRUA7k9IJaR0Gi3D%2BR2bITAnL%2FgoAreA8xiFlZ1NdziMEmiTwA2J8cmSIdPTR2R23HtLbs9mbjlUnVkg7WGPWv7gA%2B5"}],"group":"cf-nel","max_age":604800}', 'NEL': '{"success_fraction":0,"report_to":"cf-nel","max_age":604800}', 'Server': 'cloudflare', 'CF-RAY': '876ee39bb93810cb-ORD', 'alt-svc': 'h3=":443"; ma=86400'} 
 body={"results":[{"gender":"male","name":{"title":"Mr","first":"Joona","last":"Pakkala"},"location":{"street":{"number":2328,"name":"Hermiankatu"},"city":"Toholampi","state":"Åland","country":"Finland","postcode":63320,"coordinates":{"latitude":"-26.9774","longitude":"-102.6546"},"timezone":{"offset":"0:00","description":"Western Europe Time, London, Lisbon, Casablanca"}},"email":"joona.pakkala@example.com","login":{"uuid":"5a733ef9-1c38-47db-bc35-a71f9c12de9b","username":"browngoose663","password":"saints","salt":"hVnHB2TU","md5":"0355b7abd5e788bd174e242057b52bc5","sha1":"2f09faa6c77d9b3d47f4c1d0d442a3f6cdc01caa","sha256":"ddf9ade77d0683617d4f3976044ed0a00051618529bd248259014e3d014b93c1"},"dob":{"date":"1970-12-09T14:27:09.549Z","age":53},"registered":{"date":"2003-10-29T11:48:56.834Z","age":20},"phone":"06-811-896","cell":"046-915-99-44","id":{"name":"HETU","value":"NaNNA893undefined"},"picture":{"large":"https://randomuser.me/api/portraits/men/94.jpg","medium":"https://randomuser.me/api/portraits/med/men/94.jpg","thumbnail":"https://randomuser.me/api/portraits/thumb/men/94.jpg"},"nat":"FI"}],"info":{"seed":"3ddff21eeb981d08","results":1,"page":1,"version":"1.4"}} 
 </msg>
<msg time="2024-04-19T18:17:02.105394" level="INFO">/opt/hostedtoolcache/Python/3.12.3/x64/lib/python3.12/site-packages/urllib3/connectionpool.py:1103: InsecureRequestWarning: Unverified HTTPS request is being made to host 'randomuser.me'. Adding certificate verification is strongly advised. See: https://urllib3.readthedocs.io/en/latest/advanced-usage.html#tls-warnings
  warnings.warn(</msg>
<msg time="2024-04-19T18:17:02.105544" level="INFO">${response} = &lt;Response [200]&gt;</msg>
<var>${response}</var>
<arg>consultarAPI</arg>
<arg>/api</arg>
<doc>Sends a GET request on a previously created HTTP Session.</doc>
<status status="PASS" start="2024-04-19T18:17:02.032380" elapsed="0.073218"/>
</kw>
<kw name="Set Variable" owner="BuiltIn">
<msg time="2024-04-19T18:17:02.107162" level="INFO">${json_data} = {'results': [{'gender': 'male', 'name': {'title': 'Mr', 'first': 'Joona', 'last': 'Pakkala'}, 'location': {'street': {'number': 2328, 'name': 'Hermiankatu'}, 'city': 'Toholampi', 'state': 'Åland', 'co...</msg>
<var>${json_data}</var>
<arg>${response.json()}</arg>
<doc>Returns the given values which can then be assigned to a variables.</doc>
<status status="PASS" start="2024-04-19T18:17:02.106410" elapsed="0.000782"/>
</kw>
<kw name="Log" owner="BuiltIn">
<msg time="2024-04-19T18:17:02.107670" level="INFO">{'results': [{'gender': 'male', 'name': {'title': 'Mr', 'first': 'Joona', 'last': 'Pakkala'}, 'location': {'street': {'number': 2328, 'name': 'Hermiankatu'}, 'city': 'Toholampi', 'state': 'Åland', 'country': 'Finland', 'postcode': 63320, 'coordinates': {'latitude': '-26.9774', 'longitude': '-102.6546'}, 'timezone': {'offset': '0:00', 'description': 'Western Europe Time, London, Lisbon, Casablanca'}}, 'email': 'joona.pakkala@example.com', 'login': {'uuid': '5a733ef9-1c38-47db-bc35-a71f9c12de9b', 'username': 'browngoose663', 'password': 'saints', 'salt': 'hVnHB2TU', 'md5': '0355b7abd5e788bd174e242057b52bc5', 'sha1': '2f09faa6c77d9b3d47f4c1d0d442a3f6cdc01caa', 'sha256': 'ddf9ade77d0683617d4f3976044ed0a00051618529bd248259014e3d014b93c1'}, 'dob': {'date': '1970-12-09T14:27:09.549Z', 'age': 53}, 'registered': {'date': '2003-10-29T11:48:56.834Z', 'age': 20}, 'phone': '06-811-896', 'cell': '046-915-99-44', 'id': {'name': 'HETU', 'value': 'NaNNA893undefined'}, 'picture': {'large': 'https://randomuser.me/api/portraits/men/94.jpg', 'medium': 'https://randomuser.me/api/portraits/med/men/94.jpg', 'thumbnail': 'https://randomuser.me/api/portraits/thumb/men/94.jpg'}, 'nat': 'FI'}], 'info': {'seed': '3ddff21eeb981d08', 'results': 1, 'page': 1, 'version': '1.4'}}</msg>
<arg>${json_data}</arg>
<doc>Logs the given message with the given level.</doc>
<status status="PASS" start="2024-04-19T18:17:02.107510" elapsed="0.000252"/>
</kw>
<kw name="Should Be String" owner="String">
<arg>${json_data['results'][0]['gender']}</arg>
<doc>Fails if the given ``item`` is not a string.</doc>
<status status="PASS" start="2024-04-19T18:17:02.108065" elapsed="0.000370"/>
</kw>
<kw name="Should Match Regexp" owner="BuiltIn">
<arg>${json_data['results'][0]['email']}</arg>
<arg>^[a-zA-Z0-9._%+-]+@[a-zA-Z0-9.-]+\.[a-zA-Z]{2,}$</arg>
<doc>Fails if ``string`` does not match ``pattern`` as a regular expression.</doc>
<status status="PASS" start="2024-04-19T18:17:02.108626" elapsed="0.000527"/>
</kw>
<kw name="Should Match Regexp" owner="BuiltIn">
<arg>${json_data['results'][0]['dob']['date']}</arg>
<arg>\\d{4}-\\d{2}-\\d{2}T\\d{2}:\\d{2}:\\d{2}\\.\\d{3}Z</arg>
<doc>Fails if ``string`` does not match ``pattern`` as a regular expression.</doc>
<status status="PASS" start="2024-04-19T18:17:02.109348" elapsed="0.000482"/>
</kw>
<kw name="Should Match Regexp" owner="BuiltIn">
<arg>${json_data['results'][0]['registered']['date']}</arg>
<arg>\\d{4}-\\d{2}-\\d{2}T\\d{2}:\\d{2}:\\d{2}\\.\\d{3}Z</arg>
<doc>Fails if ``string`` does not match ``pattern`` as a regular expression.</doc>
<status status="PASS" start="2024-04-19T18:17:02.110021" elapsed="0.000416"/>
</kw>
<kw name="Should Match Regexp" owner="BuiltIn">
<arg>${json_data['results'][0]['picture']['large']}</arg>
<arg>^https?://.*\.(?:png|jpe?g|gif|bmp)$</arg>
<doc>Fails if ``string`` does not match ``pattern`` as a regular expression.</doc>
<status status="PASS" start="2024-04-19T18:17:02.110630" elapsed="0.000465"/>
</kw>
<kw name="Should Match Regexp" owner="BuiltIn">
<arg>${json_data['results'][0]['picture']['medium']}</arg>
<arg>^https?://.*\.(?:png|jpe?g|gif|bmp)$</arg>
<doc>Fails if ``string`` does not match ``pattern`` as a regular expression.</doc>
<status status="PASS" start="2024-04-19T18:17:02.111284" elapsed="0.000361"/>
</kw>
<kw name="Should Match Regexp" owner="BuiltIn">
<arg>${json_data['results'][0]['picture']['thumbnail']}</arg>
<arg>^https?://.*\.(?:png|jpe?g|gif|bmp)$</arg>
<doc>Fails if ``string`` does not match ``pattern`` as a regular expression.</doc>
<status status="PASS" start="2024-04-19T18:17:02.111833" elapsed="0.000352"/>
</kw>
<kw name="Log" owner="BuiltIn">
<msg time="2024-04-19T18:17:02.112691" level="INFO">{'large': 'https://randomuser.me/api/portraits/men/94.jpg', 'medium': 'https://randomuser.me/api/portraits/med/men/94.jpg', 'thumbnail': 'https://randomuser.me/api/portraits/thumb/men/94.jpg'}</msg>
<arg>${json_data['results'][0]['picture']}</arg>
<doc>Logs the given message with the given level.</doc>
<status status="PASS" start="2024-04-19T18:17:02.112372" elapsed="0.000361"/>
</kw>
<status status="PASS" start="2024-04-19T18:17:02.032154" elapsed="0.080837"/>
</kw>
<kw name="Teste de Tipos de Dados - Postcode" owner="random-user-service">
<kw name="GET On Session" owner="RequestsLibrary">
<msg time="2024-04-19T18:17:02.215087" level="INFO">GET Request : url=https://randomuser.me/api 
 path_url=/api 
 headers={'User-Agent': 'python-requests/2.31.0', 'Accept-Encoding': 'gzip, deflate', 'Accept': '*/*', 'Connection': 'keep-alive'} 
 body=None 
 </msg>
<msg time="2024-04-19T18:17:02.215193" level="INFO">GET Response : url=https://randomuser.me/api 
 status=200, reason=OK 
 headers={'Date': 'Fri, 19 Apr 2024 18:17:02 GMT', 'Content-Type': 'application/json; charset=utf-8', 'Transfer-Encoding': 'chunked', 'Connection': 'keep-alive', 'X-Powered-By': 'Express', 'Access-Control-Allow-Origin': '*', 'Cache-Control': 'no-cache', 'ETag': 'W/"471-YOiip5ZToUd/1Z2Ly3UuHrkSGic"', 'Vary': 'Accept-Encoding', 'Content-Encoding': 'gzip', 'CF-Cache-Status': 'DYNAMIC', 'Report-To': '{"endpoints":[{"url":"https:\\/\\/a.nel.cloudflare.com\\/report\\/v4?s=lLY1hoIwR4e4mGGI4ubd2COXinh54K6Omz74xNhxeBe9xNpZ4N7PbnDHJM0TL6fXTfO%2BUDs3qK3AvE6suP0i91FUXVoRRWF6eTZZCLmfWsGrJGTCm6n1j6rdbIXPimOl"}],"group":"cf-nel","max_age":604800}', 'NEL': '{"success_fraction":0,"report_to":"cf-nel","max_age":604800}', 'Server': 'cloudflare', 'CF-RAY': '876ee39c3a0010cb-ORD', 'alt-svc': 'h3=":443"; ma=86400'} 
 body={"results":[{"gender":"male","name":{"title":"Mr","first":"Jann","last":"Liebe"},"location":{"street":{"number":2918,"name":"Tulpenweg"},"city":"Nordhausen","state":"Hessen","country":"Germany","postcode":57387,"coordinates":{"latitude":"-52.7356","longitude":"-141.3892"},"timezone":{"offset":"-3:30","description":"Newfoundland"}},"email":"jann.liebe@example.com","login":{"uuid":"8844ea68-fa3b-4715-b99f-d1cbe1a2c777","username":"purplezebra849","password":"mopar","salt":"9QoRCewR","md5":"de2f7403699c239aba510e9cc1afd036","sha1":"40a3f9a976b9627e0a4c74989cf0db4286d40d34","sha256":"88dd2b01217a74d5c3c638fc55ee858ea785aa424887312c1fff3de20b886dde"},"dob":{"date":"1948-09-19T14:30:12.144Z","age":75},"registered":{"date":"2018-01-14T13:17:50.440Z","age":6},"phone":"0916-1744435","cell":"0173-6699126","id":{"name":"SVNR","value":"55 190948 L 113"},"picture":{"large":"https://randomuser.me/api/portraits/men/74.jpg","medium":"https://randomuser.me/api/portraits/med/men/74.jpg","thumbnail":"https://randomuser.me/api/portraits/thumb/men/74.jpg"},"nat":"DE"}],"info":{"seed":"7371691ba0b44677","results":1,"page":1,"version":"1.4"}} 
 </msg>
<msg time="2024-04-19T18:17:02.215276" level="INFO">/opt/hostedtoolcache/Python/3.12.3/x64/lib/python3.12/site-packages/urllib3/connectionpool.py:1103: InsecureRequestWarning: Unverified HTTPS request is being made to host 'randomuser.me'. Adding certificate verification is strongly advised. See: https://urllib3.readthedocs.io/en/latest/advanced-usage.html#tls-warnings
  warnings.warn(</msg>
<msg time="2024-04-19T18:17:02.215416" level="INFO">${response} = &lt;Response [200]&gt;</msg>
<var>${response}</var>
<arg>consultarAPI</arg>
<arg>/api</arg>
<doc>Sends a GET request on a previously created HTTP Session.</doc>
<status status="PASS" start="2024-04-19T18:17:02.113463" elapsed="0.101992"/>
</kw>
<kw name="Set Variable" owner="BuiltIn">
<msg time="2024-04-19T18:17:02.216869" level="INFO">${json_data} = {'results': [{'gender': 'male', 'name': {'title': 'Mr', 'first': 'Jann', 'last': 'Liebe'}, 'location': {'street': {'number': 2918, 'name': 'Tulpenweg'}, 'city': 'Nordhausen', 'state': 'Hessen', 'count...</msg>
<var>${json_data}</var>
<arg>${response.json()}</arg>
<doc>Returns the given values which can then be assigned to a variables.</doc>
<status status="PASS" start="2024-04-19T18:17:02.216185" elapsed="0.000713"/>
</kw>
<kw name="Log" owner="BuiltIn">
<msg time="2024-04-19T18:17:02.217370" level="INFO">{'results': [{'gender': 'male', 'name': {'title': 'Mr', 'first': 'Jann', 'last': 'Liebe'}, 'location': {'street': {'number': 2918, 'name': 'Tulpenweg'}, 'city': 'Nordhausen', 'state': 'Hessen', 'country': 'Germany', 'postcode': 57387, 'coordinates': {'latitude': '-52.7356', 'longitude': '-141.3892'}, 'timezone': {'offset': '-3:30', 'description': 'Newfoundland'}}, 'email': 'jann.liebe@example.com', 'login': {'uuid': '8844ea68-fa3b-4715-b99f-d1cbe1a2c777', 'username': 'purplezebra849', 'password': 'mopar', 'salt': '9QoRCewR', 'md5': 'de2f7403699c239aba510e9cc1afd036', 'sha1': '40a3f9a976b9627e0a4c74989cf0db4286d40d34', 'sha256': '88dd2b01217a74d5c3c638fc55ee858ea785aa424887312c1fff3de20b886dde'}, 'dob': {'date': '1948-09-19T14:30:12.144Z', 'age': 75}, 'registered': {'date': '2018-01-14T13:17:50.440Z', 'age': 6}, 'phone': '0916-1744435', 'cell': '0173-6699126', 'id': {'name': 'SVNR', 'value': '55 190948 L 113'}, 'picture': {'large': 'https://randomuser.me/api/portraits/men/74.jpg', 'medium': 'https://randomuser.me/api/portraits/med/men/74.jpg', 'thumbnail': 'https://randomuser.me/api/portraits/thumb/men/74.jpg'}, 'nat': 'DE'}], 'info': {'seed': '7371691ba0b44677', 'results': 1, 'page': 1, 'version': '1.4'}}</msg>
<arg>${json_data}</arg>
<doc>Logs the given message with the given level.</doc>
<status status="PASS" start="2024-04-19T18:17:02.217213" elapsed="0.000238"/>
</kw>
<kw name="Should Be Equal As Numbers" owner="BuiltIn">
<arg>${json_data['results'][0]['location']['postcode']}</arg>
<arg>${json_data['results'][0]['location']['postcode']}</arg>
<doc>Fails if objects are unequal after converting them to real numbers.</doc>
<status status="PASS" start="2024-04-19T18:17:02.217756" elapsed="0.000847"/>
</kw>
<kw name="Log" owner="BuiltIn">
<msg time="2024-04-19T18:17:02.219156" level="INFO">57387</msg>
<arg>${json_data['results'][0]['location']['postcode']}</arg>
<doc>Logs the given message with the given level.</doc>
<status status="PASS" start="2024-04-19T18:17:02.218806" elapsed="0.000389"/>
</kw>
<status status="PASS" start="2024-04-19T18:17:02.113226" elapsed="0.106235"/>
</kw>
<doc>Testa se os tipos de dados na resposta da API estão corretos.</doc>
<tag>testeTiposDados</tag>
<status status="PASS" start="2024-04-19T18:17:02.031604" elapsed="0.188027"/>
</test>
<test id="s1-s1-t5" name="Validar conteudo" line="35">
<kw name="Teste de Tipos de Conteudo" owner="random-user-service">
<kw name="GET On Session" owner="RequestsLibrary">
<msg time="2024-04-19T18:17:02.302402" level="INFO">GET Request : url=https://randomuser.me/api 
 path_url=/api 
 headers={'User-Agent': 'python-requests/2.31.0', 'Accept-Encoding': 'gzip, deflate', 'Accept': '*/*', 'Connection': 'keep-alive'} 
 body=None 
 </msg>
<msg time="2024-04-19T18:17:02.302510" level="INFO">GET Response : url=https://randomuser.me/api 
 status=200, reason=OK 
 headers={'Date': 'Fri, 19 Apr 2024 18:17:02 GMT', 'Content-Type': 'application/json; charset=utf-8', 'Transfer-Encoding': 'chunked', 'Connection': 'keep-alive', 'X-Powered-By': 'Express', 'Access-Control-Allow-Origin': '*', 'Cache-Control': 'no-cache', 'ETag': 'W/"49a-/7W1Adx0v6taBYAB3GEbdvwi9fg"', 'Vary': 'Accept-Encoding', 'Content-Encoding': 'gzip', 'CF-Cache-Status': 'DYNAMIC', 'Report-To': '{"endpoints":[{"url":"https:\\/\\/a.nel.cloudflare.com\\/report\\/v4?s=JSQzE8voaiTimOjBW8Of6Wo%2FM%2Fp9iizaG6uy7j6mFYUAjA8lpPPTPbhKICz16w0pvC3qvAPIE5d6yz0%2BT2DYgTArQbnIl8urCJotN7t19AnbyMFYxyl4Hgdhnyow%2BIuM"}],"group":"cf-nel","max_age":604800}', 'NEL': '{"success_fraction":0,"report_to":"cf-nel","max_age":604800}', 'Server': 'cloudflare', 'CF-RAY': '876ee39ceb2510cb-ORD', 'alt-svc': 'h3=":443"; ma=86400'} 
 body={"results":[{"gender":"female","name":{"title":"Mrs","first":"Hermelinda","last":"Olmos"},"location":{"street":{"number":6746,"name":"Diagonal Sur Barrientos"},"city":"Tamasopo","state":"Baja California","country":"Mexico","postcode":83387,"coordinates":{"latitude":"21.8534","longitude":"72.1019"},"timezone":{"offset":"+3:30","description":"Tehran"}},"email":"hermelinda.olmos@example.com","login":{"uuid":"7a99a9d0-d219-4e61-b21d-c49c6c0eee8d","username":"ticklishpeacock352","password":"bearcat","salt":"kgJ5AfSk","md5":"9e95172f4274b7564487f98aaf12b3dc","sha1":"86043009d2ba3872fa80cd09e876b5c52034f85d","sha256":"158b5763b5bf10429757ddf602b23e0c5c947c5c4f087f2b81b26804d27c9ad8"},"dob":{"date":"1979-12-16T09:04:07.582Z","age":44},"registered":{"date":"2018-04-04T06:41:30.652Z","age":6},"phone":"(670) 999 5859","cell":"(626) 814 8545","id":{"name":"NSS","value":"03 14 48 0766 5"},"picture":{"large":"https://randomuser.me/api/portraits/women/40.jpg","medium":"https://randomuser.me/api/portraits/med/women/40.jpg","thumbnail":"https://randomuser.me/api/portraits/thumb/women/40.jpg"},"nat":"MX"}],"info":{"seed":"386a304ccbcef133","results":1,"page":1,"version":"1.4"}} 
 </msg>
<msg time="2024-04-19T18:17:02.302596" level="INFO">/opt/hostedtoolcache/Python/3.12.3/x64/lib/python3.12/site-packages/urllib3/connectionpool.py:1103: InsecureRequestWarning: Unverified HTTPS request is being made to host 'randomuser.me'. Adding certificate verification is strongly advised. See: https://urllib3.readthedocs.io/en/latest/advanced-usage.html#tls-warnings
  warnings.warn(</msg>
<msg time="2024-04-19T18:17:02.302732" level="INFO">${response} = &lt;Response [200]&gt;</msg>
<var>${response}</var>
<arg>consultarAPI</arg>
<arg>/api</arg>
<doc>Sends a GET request on a previously created HTTP Session.</doc>
<status status="PASS" start="2024-04-19T18:17:02.222178" elapsed="0.080598"/>
</kw>
<kw name="Set Variable" owner="BuiltIn">
<msg time="2024-04-19T18:17:02.304191" level="INFO">${json_data} = {'results': [{'gender': 'female', 'name': {'title': 'Mrs', 'first': 'Hermelinda', 'last': 'Olmos'}, 'location': {'street': {'number': 6746, 'name': 'Diagonal Sur Barrientos'}, 'city': 'Tamasopo', 'sta...</msg>
<var>${json_data}</var>
<arg>${response.json()}</arg>
<doc>Returns the given values which can then be assigned to a variables.</doc>
<status status="PASS" start="2024-04-19T18:17:02.303518" elapsed="0.000702"/>
</kw>
<kw name="Set Variable" owner="BuiltIn">
<msg time="2024-04-19T18:17:02.304929" level="INFO">${name_title} = Mrs</msg>
<var>${name_title}</var>
<arg>${json_data["results"][0]["name"]["title"]}</arg>
<doc>Returns the given values which can then be assigned to a variables.</doc>
<status status="PASS" start="2024-04-19T18:17:02.304541" elapsed="0.000413"/>
</kw>
<kw name="Create List" owner="BuiltIn">
<msg time="2024-04-19T18:17:02.305403" level="INFO">${allowed_titles} = ['Mr', 'Ms', 'Miss', 'Mrs', 'Madame', 'Monsieur']</msg>
<var>${allowed_titles}</var>
<arg>Mr</arg>
<arg>Ms</arg>
<arg>Miss</arg>
<arg>Mrs</arg>
<arg>Madame</arg>
<arg>Monsieur</arg>
<doc>Returns a list containing given items.</doc>
<status status="PASS" start="2024-04-19T18:17:02.305255" elapsed="0.000172"/>
</kw>
<kw name="List Should Contain Value" owner="Collections">
<msg time="2024-04-19T18:17:02.305900" level="INFO">False</msg>
<arg>${allowed_titles}</arg>
<arg>${name_title}</arg>
<doc>Fails if the ``value`` is not found from ``list``.</doc>
<status status="PASS" start="2024-04-19T18:17:02.305726" elapsed="0.000210"/>
</kw>
<kw name="Set Variable" owner="BuiltIn">
<msg time="2024-04-19T18:17:02.306660" level="INFO">${name_country} = MX</msg>
<var>${name_country}</var>
<arg>${json_data["results"][0]["nat"]}</arg>
<doc>Returns the given values which can then be assigned to a variables.</doc>
<status status="PASS" start="2024-04-19T18:17:02.306268" elapsed="0.000418"/>
</kw>
<kw name="Create List" owner="BuiltIn">
<msg time="2024-04-19T18:17:02.307576" level="INFO">${list_country} = ['AD', 'AE', 'AF', 'AG', 'AI', 'AL', 'AM', 'AO', 'AQ', 'AR', 'AS', 'AT', 'AU', 'AW', 'AX', 'AZ', 'BA', 'BB', 'BD', 'BE', 'BF', 'BG', 'BH', 'BI', 'BJ', 'BL', 'BM', 'BN', 'BO', 'BQ', 'BR', 'BS', 'BT', '...</msg>
<var>${list_country}</var>
<arg>AD</arg>
<arg>AE</arg>
<arg>AF</arg>
<arg>AG</arg>
<arg>AI</arg>
<arg>AL</arg>
<arg>AM</arg>
<arg>AO</arg>
<arg>AQ</arg>
<arg>AR</arg>
<arg>AS</arg>
<arg>AT</arg>
<arg>AU</arg>
<arg>AW</arg>
<arg>AX</arg>
<arg>AZ</arg>
<arg>BA</arg>
<arg>BB</arg>
<arg>BD</arg>
<arg>BE</arg>
<arg>BF</arg>
<arg>BG</arg>
<arg>BH</arg>
<arg>BI</arg>
<arg>BJ</arg>
<arg>BL</arg>
<arg>BM</arg>
<arg>BN</arg>
<arg>BO</arg>
<arg>BQ</arg>
<arg>BR</arg>
<arg>BS</arg>
<arg>BT</arg>
<arg>BV</arg>
<arg>BW</arg>
<arg>BY</arg>
<arg>BZ</arg>
<arg>CA</arg>
<arg>CC</arg>
<arg>CD</arg>
<arg>CF</arg>
<arg>CG</arg>
<arg>CH</arg>
<arg>CI</arg>
<arg>CK</arg>
<arg>CL</arg>
<arg>CM</arg>
<arg>CN</arg>
<arg>CO</arg>
<arg>CR</arg>
<arg>CU</arg>
<arg>CV</arg>
<arg>CW</arg>
<arg>CX</arg>
<arg>CY</arg>
<arg>CZ</arg>
<arg>DE</arg>
<arg>DJ</arg>
<arg>DK</arg>
<arg>DM</arg>
<arg>DO</arg>
<arg>DZ</arg>
<arg>EC</arg>
<arg>EE</arg>
<arg>EG</arg>
<arg>EH</arg>
<arg>ER</arg>
<arg>ES</arg>
<arg>ET</arg>
<arg>FI</arg>
<arg>FJ</arg>
<arg>FK</arg>
<arg>FM</arg>
<arg>FO</arg>
<arg>FR</arg>
<arg>GA</arg>
<arg>GB</arg>
<arg>GD</arg>
<arg>GE</arg>
<arg>GF</arg>
<arg>GG</arg>
<arg>GH</arg>
<arg>GI</arg>
<arg>GL</arg>
<arg>GM</arg>
<arg>GN</arg>
<arg>GP</arg>
<arg>GQ</arg>
<arg>GR</arg>
<arg>GS</arg>
<arg>GT</arg>
<arg>GU</arg>
<arg>GW</arg>
<arg>GY</arg>
<arg>HK</arg>
<arg>HM</arg>
<arg>HN</arg>
<arg>HR</arg>
<arg>HT</arg>
<arg>HU</arg>
<arg>ID</arg>
<arg>IE</arg>
<arg>IL</arg>
<arg>IM</arg>
<arg>IN</arg>
<arg>IO</arg>
<arg>IQ</arg>
<arg>IR</arg>
<arg>IS</arg>
<arg>IT</arg>
<arg>JE</arg>
<arg>JM</arg>
<arg>JO</arg>
<arg>JP</arg>
<arg>KE</arg>
<arg>KG</arg>
<arg>KH</arg>
<arg>KI</arg>
<arg>KM</arg>
<arg>KN</arg>
<arg>KP</arg>
<arg>KR</arg>
<arg>KW</arg>
<arg>KY</arg>
<arg>KZ</arg>
<arg>LA</arg>
<arg>LB</arg>
<arg>LC</arg>
<arg>LI</arg>
<arg>LK</arg>
<arg>LR</arg>
<arg>LS</arg>
<arg>LT</arg>
<arg>LU</arg>
<arg>LV</arg>
<arg>LY</arg>
<arg>MA</arg>
<arg>MC</arg>
<arg>MD</arg>
<arg>ME</arg>
<arg>MF</arg>
<arg>MG</arg>
<arg>MH</arg>
<arg>MK</arg>
<arg>ML</arg>
<arg>MM</arg>
<arg>MN</arg>
<arg>MO</arg>
<arg>MP</arg>
<arg>MQ</arg>
<arg>MR</arg>
<arg>MS</arg>
<arg>MT</arg>
<arg>MU</arg>
<arg>MV</arg>
<arg>MW</arg>
<arg>MX</arg>
<arg>MY</arg>
<arg>MZ</arg>
<arg>NA</arg>
<arg>NC</arg>
<arg>NE</arg>
<arg>NF</arg>
<arg>NG</arg>
<arg>NI</arg>
<arg>NL</arg>
<arg>NO</arg>
<arg>NP</arg>
<arg>NR</arg>
<arg>NU</arg>
<arg>NZ</arg>
<arg>OM</arg>
<arg>PA</arg>
<arg>PE</arg>
<arg>PF</arg>
<arg>PG</arg>
<arg>PH</arg>
<arg>PK</arg>
<arg>PL</arg>
<arg>PM</arg>
<arg>PN</arg>
<arg>PR</arg>
<arg>PS</arg>
<arg>PT</arg>
<arg>PW</arg>
<arg>PY</arg>
<arg>QA</arg>
<arg>RE</arg>
<arg>RO</arg>
<arg>RS</arg>
<arg>RU</arg>
<arg>RW</arg>
<arg>SA</arg>
<arg>SB</arg>
<arg>SC</arg>
<arg>SD</arg>
<arg>SE</arg>
<arg>SG</arg>
<arg>SH</arg>
<arg>SI</arg>
<arg>SJ</arg>
<arg>SK</arg>
<arg>SL</arg>
<arg>SM</arg>
<arg>SN</arg>
<arg>SO</arg>
<arg>SR</arg>
<arg>SS</arg>
<arg>ST</arg>
<arg>SV</arg>
<arg>SX</arg>
<arg>SY</arg>
<arg>SZ</arg>
<arg>TC</arg>
<arg>TD</arg>
<arg>TF</arg>
<arg>TG</arg>
<arg>TH</arg>
<arg>TJ</arg>
<arg>TK</arg>
<arg>TL</arg>
<arg>TM</arg>
<arg>TN</arg>
<arg>TO</arg>
<arg>TR</arg>
<arg>TT</arg>
<arg>TV</arg>
<arg>TW</arg>
<arg>TZ</arg>
<arg>UA</arg>
<arg>UG</arg>
<arg>UM</arg>
<arg>US</arg>
<arg>UY</arg>
<arg>UZ</arg>
<arg>VA</arg>
<arg>VC</arg>
<arg>VE</arg>
<arg>VG</arg>
<arg>VI</arg>
<arg>VN</arg>
<arg>VU</arg>
<arg>WF</arg>
<arg>WS</arg>
<arg>XK</arg>
<arg>YE</arg>
<arg>YT</arg>
<arg>ZA</arg>
<arg>ZM</arg>
<arg>ZW</arg>
<doc>Returns a list containing given items.</doc>
<status status="PASS" start="2024-04-19T18:17:02.306990" elapsed="0.000611"/>
</kw>
<kw name="List Should Contain Value" owner="Collections">
<msg time="2024-04-19T18:17:02.308596" level="INFO">False</msg>
<arg>${list_country}</arg>
<arg>${name_country}</arg>
<doc>Fails if the ``value`` is not found from ``list``.</doc>
<status status="PASS" start="2024-04-19T18:17:02.308396" elapsed="0.000237"/>
</kw>
<kw name="Run Keyword If" owner="BuiltIn">
<kw name="Should Be True" owner="BuiltIn">
<arg>${True}</arg>
<doc>Fails if the given condition is not true.</doc>
<status status="PASS" start="2024-04-19T18:17:02.309707" elapsed="0.000147"/>
</kw>
<arg>${json_data["results"][0]["location"]["coordinates"]["latitude"]} &gt;= -90 and ${json_data["results"][0]["location"]["coordinates"]["latitude"]} &lt;= 90</arg>
<arg>Should Be True</arg>
<arg>${True}</arg>
<doc>Runs the given keyword with the given arguments, if ``condition`` is true.</doc>
<status status="PASS" start="2024-04-19T18:17:02.308945" elapsed="0.001047"/>
</kw>
<kw name="Run Keyword If" owner="BuiltIn">
<kw name="Should Be True" owner="BuiltIn">
<arg>${True}</arg>
<doc>Fails if the given condition is not true.</doc>
<status status="PASS" start="2024-04-19T18:17:02.310929" elapsed="0.000275"/>
</kw>
<arg>${json_data["results"][0]["location"]["coordinates"]["longitude"]} &gt;= -180 and ${json_data["results"][0]["location"]["coordinates"]["longitude"]} &lt;= 180</arg>
<arg>Should Be True</arg>
<arg>${True}</arg>
<doc>Runs the given keyword with the given arguments, if ``condition`` is true.</doc>
<status status="PASS" start="2024-04-19T18:17:02.310187" elapsed="0.001144"/>
</kw>
<status status="PASS" start="2024-04-19T18:17:02.221953" elapsed="0.089513"/>
</kw>
<doc>Testa o conteúdo específico dos campos retornados pela API.</doc>
<tag>testeConteudo</tag>
<status status="PASS" start="2024-04-19T18:17:02.221427" elapsed="0.090194"/>
</test>
<status status="PASS" start="2024-04-19T18:17:01.352964" elapsed="0.960674"/>
</suite>
<status status="PASS" start="2024-04-19T18:17:01.338880" elapsed="0.980051"/>
</suite>
<statistics>
<total>
<stat pass="5" fail="0" skip="0">All Tests</stat>
</total>
<tag>
<stat pass="1" fail="0" skip="0">testeConteudo</stat>
<stat pass="1" fail="0" skip="0">testeEstruturaResposta</stat>
<stat pass="1" fail="0" skip="0">testeRequisicaoBasica</stat>
<stat pass="1" fail="0" skip="0">testeTiposDados</stat>
</tag>
<suite>
<stat pass="5" fail="0" skip="0" id="s1" name="Tests">Tests</stat>
<stat pass="5" fail="0" skip="0" id="s1-s1" name="Random-User-Test">Tests.Random-User-Test</stat>
</suite>
</statistics>
<errors>
</errors>
</robot>
