<?xml version="1.0" encoding="UTF-8"?>
<robot generator="Robot 7.0.1 (Python 3.12.4 on linux)" generated="2024-07-08T23:14:51.853230" rpa="false" schemaversion="5">
<suite id="s1" name="Tests" source="/home/runner/work/ApiRandomUser/ApiRandomUser/RamdonUser/tests">
<suite id="s1-s1" name="Random-User-Test" source="/home/runner/work/ApiRandomUser/ApiRandomUser/RamdonUser/tests/random-user-test.robot">
<test id="s1-s1-t1" name="Conectar" line="13">
<kw name="Conectar API" owner="random-user-service">
<kw name="Create Session" owner="RequestsLibrary">
<msg time="2024-07-08T23:14:52.258714" level="INFO">Creating Session using : alias=consultarAPI, url=https://randomuser.me/, headers={},                     cookies={}, auth=None, timeout=None, proxies=None, verify=False,                     debug=0 </msg>
<arg>consultarAPI</arg>
<arg>${URL}</arg>
<doc>Create Session: create a HTTP session to a server</doc>
<status status="PASS" start="2024-07-08T23:14:52.258510" elapsed="0.000382"/>
</kw>
<status status="PASS" start="2024-07-08T23:14:52.257512" elapsed="0.001738"/>
</kw>
<status status="PASS" start="2024-07-08T23:14:52.256979" elapsed="0.002461"/>
</test>
<test id="s1-s1-t2" name="Validar retorno 200 e JSON Válido" line="16">
<kw name="Teste de Requisicao Basica" owner="random-user-service">
<kw name="GET On Session" owner="RequestsLibrary">
<msg time="2024-07-08T23:14:52.571697" level="INFO">GET Request : url=https://randomuser.me/api 
 path_url=/api 
 headers={'User-Agent': 'python-requests/2.32.3', 'Accept-Encoding': 'gzip, deflate', 'Accept': '*/*', 'Connection': 'keep-alive'} 
 body=None 
 </msg>
<msg time="2024-07-08T23:14:52.571878" level="INFO">GET Response : url=https://randomuser.me/api 
 status=200, reason=OK 
 headers={'Date': 'Mon, 08 Jul 2024 23:14:52 GMT', 'Content-Type': 'application/json; charset=utf-8', 'Transfer-Encoding': 'chunked', 'Connection': 'keep-alive', 'X-Powered-By': 'Express', 'Access-Control-Allow-Origin': '*', 'Cache-Control': 'no-cache', 'ETag': 'W/"4bc-MpRRaehRabTzhmISI8TNlw57JPg"', 'Vary': 'Accept-Encoding', 'Content-Encoding': 'gzip', 'CF-Cache-Status': 'DYNAMIC', 'Report-To': '{"endpoints":[{"url":"https:\\/\\/a.nel.cloudflare.com\\/report\\/v4?s=RaPF4YTU5CbtoCAVM2HakwICicQQiQk6zmkhHOhTySDzVbYUTCHDO149XL1aqpy%2F8GYrhqdcjQ7ONQx55DPGgqXpoosCXqIUmzJaAVbLzbbNk4%2BzcJzzMEeqjbT3AHss"}],"group":"cf-nel","max_age":604800}', 'NEL': '{"success_fraction":0,"report_to":"cf-nel","max_age":604800}', 'Server': 'cloudflare', 'CF-RAY': '8a03c5e61f9c0249-ORD', 'alt-svc': 'h3=":443"; ma=86400'} 
 body={"results":[{"gender":"female","name":{"title":"Mademoiselle","first":"Sabrina","last":"Guillot"},"location":{"street":{"number":5217,"name":"Rue Louis-Garrand"},"city":"Sils im Engadin/Segl","state":"Basel-Stadt","country":"Switzerland","postcode":6536,"coordinates":{"latitude":"-58.6333","longitude":"73.9676"},"timezone":{"offset":"-3:00","description":"Brazil, Buenos Aires, Georgetown"}},"email":"sabrina.guillot@example.com","login":{"uuid":"d6958ed2-d668-46f2-812c-84e4339f9e1f","username":"silverlion376","password":"booger","salt":"zzIx0jFg","md5":"8c87a5552c49a10520f39c28797fb5dd","sha1":"5868375872cb5f97856e2359d83df1665e013c2a","sha256":"6d25b7b956997aa68c840ee0c2e3b95b7422f201d64d697861ac2d6bd1500adc"},"dob":{"date":"1995-08-02T15:48:14.734Z","age":28},"registered":{"date":"2008-04-17T04:35:33.582Z","age":16},"phone":"079 580 97 42","cell":"079 658 39 49","id":{"name":"AVS","value":"756.9196.6297.53"},"picture":{"large":"https://randomuser.me/api/portraits/women/18.jpg","medium":"https://randomuser.me/api/portraits/med/women/18.jpg","thumbnail":"https://randomuser.me/api/portraits/thumb/women/18.jpg"},"nat":"CH"}],"info":{"seed":"c491f6bbaf32b108","results":1,"page":1,"version":"1.4"}} 
 </msg>
<msg time="2024-07-08T23:14:52.571991" level="INFO">/opt/hostedtoolcache/Python/3.12.4/x64/lib/python3.12/site-packages/urllib3/connectionpool.py:1099: InsecureRequestWarning: Unverified HTTPS request is being made to host 'randomuser.me'. Adding certificate verification is strongly advised. See: https://urllib3.readthedocs.io/en/latest/advanced-usage.html#tls-warnings
  warnings.warn(</msg>
<msg time="2024-07-08T23:14:52.572180" level="INFO">${response} = &lt;Response [200]&gt;</msg>
<var>${response}</var>
<arg>consultarAPI</arg>
<arg>/api</arg>
<doc>Sends a GET request on a previously created HTTP Session.</doc>
<status status="PASS" start="2024-07-08T23:14:52.261973" elapsed="0.310258"/>
</kw>
<kw name="Should Be Equal As Numbers" owner="BuiltIn">
<msg time="2024-07-08T23:14:52.573219" level="INFO">Argument types are:
&lt;class 'int'&gt;
&lt;class 'str'&gt;</msg>
<arg>${response.status_code}</arg>
<arg>200</arg>
<doc>Fails if objects are unequal after converting them to real numbers.</doc>
<status status="PASS" start="2024-07-08T23:14:52.572756" elapsed="0.000529"/>
</kw>
<kw name="Log" owner="BuiltIn">
<msg time="2024-07-08T23:14:52.573989" level="INFO">200</msg>
<arg>${response.status_code}</arg>
<doc>Logs the given message with the given level.</doc>
<status status="PASS" start="2024-07-08T23:14:52.573631" elapsed="0.000401"/>
</kw>
<kw name="Set Variable" owner="BuiltIn">
<msg time="2024-07-08T23:14:52.574836" level="INFO">${json_data} = {'results': [{'gender': 'female', 'name': {'title': 'Mademoiselle', 'first': 'Sabrina', 'last': 'Guillot'}, 'location': {'street': {'number': 5217, 'name': 'Rue Louis-Garrand'}, 'city': 'Sils im Engad...</msg>
<var>${json_data}</var>
<arg>${response.json()}</arg>
<doc>Returns the given values which can then be assigned to a variables.</doc>
<status status="PASS" start="2024-07-08T23:14:52.574392" elapsed="0.000473"/>
</kw>
<kw name="Dictionary Should Contain Key" owner="Collections">
<arg>${json_data}</arg>
<arg>results</arg>
<doc>Fails if ``key`` is not found from ``dictionary``.</doc>
<status status="PASS" start="2024-07-08T23:14:52.575170" elapsed="0.000178"/>
</kw>
<status status="PASS" start="2024-07-08T23:14:52.261729" elapsed="0.313773"/>
</kw>
<doc>Testa se a API responde corretamente e retorna um objeto JSON válido.</doc>
<tag>testeRequisicaoBasica</tag>
<status status="PASS" start="2024-07-08T23:14:52.261268" elapsed="0.314422"/>
</test>
<test id="s1-s1-t3" name="Validar estrutura de resposta" line="22">
<kw name="Teste de Estrutura de Resposta" owner="random-user-service">
<kw name="GET On Session" owner="RequestsLibrary">
<msg time="2024-07-08T23:14:52.676538" level="INFO">GET Request : url=https://randomuser.me/api 
 path_url=/api 
 headers={'User-Agent': 'python-requests/2.32.3', 'Accept-Encoding': 'gzip, deflate', 'Accept': '*/*', 'Connection': 'keep-alive'} 
 body=None 
 </msg>
<msg time="2024-07-08T23:14:52.676624" level="INFO">GET Response : url=https://randomuser.me/api 
 status=200, reason=OK 
 headers={'Date': 'Mon, 08 Jul 2024 23:14:52 GMT', 'Content-Type': 'application/json; charset=utf-8', 'Transfer-Encoding': 'chunked', 'Connection': 'keep-alive', 'X-Powered-By': 'Express', 'Access-Control-Allow-Origin': '*', 'Cache-Control': 'no-cache', 'ETag': 'W/"490-CCYaOPjmYj7RF05iaGm12ugPYm4"', 'Vary': 'Accept-Encoding', 'Content-Encoding': 'gzip', 'CF-Cache-Status': 'DYNAMIC', 'Report-To': '{"endpoints":[{"url":"https:\\/\\/a.nel.cloudflare.com\\/report\\/v4?s=mV3BtOMMdC2JA8nIIglgrC6QuXA0jewPz6VSecAqpup5C9rvihSfPiKUNnFRDMA5Odmdv98tzPbCYp8brGuN7rp7ELHxol%2FVa7rTUcnw%2BKHgjbVJpzYPqpyiHF59eZrD"}],"group":"cf-nel","max_age":604800}', 'NEL': '{"success_fraction":0,"report_to":"cf-nel","max_age":604800}', 'Server': 'cloudflare', 'CF-RAY': '8a03c5e6988e0249-ORD', 'alt-svc': 'h3=":443"; ma=86400'} 
 body={"results":[{"gender":"male","name":{"title":"Mr","first":"Morgan","last":"Riviere"},"location":{"street":{"number":1751,"name":"Avenue du Château"},"city":"Nanterre","state":"Charente-Maritime","country":"France","postcode":33719,"coordinates":{"latitude":"-19.7873","longitude":"-53.4795"},"timezone":{"offset":"-2:00","description":"Mid-Atlantic"}},"email":"morgan.riviere@example.com","login":{"uuid":"bd620924-0e41-4ef3-8c1c-7cde712e1298","username":"bigpeacock514","password":"robocop","salt":"d6se67nc","md5":"6abff824a2a4c4fd8141bcc22637c75d","sha1":"725a4194bc12ee6838244c4df6fe1385b4dbe3c0","sha256":"f1160831b640ce99e75b898f436735ab1822e130f689bbb728e4cdc8f8990c30"},"dob":{"date":"1988-11-27T01:06:49.856Z","age":35},"registered":{"date":"2019-06-15T06:47:48.483Z","age":5},"phone":"03-01-80-16-54","cell":"06-63-33-32-21","id":{"name":"INSEE","value":"1881091750081 54"},"picture":{"large":"https://randomuser.me/api/portraits/men/89.jpg","medium":"https://randomuser.me/api/portraits/med/men/89.jpg","thumbnail":"https://randomuser.me/api/portraits/thumb/men/89.jpg"},"nat":"FR"}],"info":{"seed":"b94524fc7dc1634a","results":1,"page":1,"version":"1.4"}} 
 </msg>
<msg time="2024-07-08T23:14:52.676747" level="INFO">/opt/hostedtoolcache/Python/3.12.4/x64/lib/python3.12/site-packages/urllib3/connectionpool.py:1099: InsecureRequestWarning: Unverified HTTPS request is being made to host 'randomuser.me'. Adding certificate verification is strongly advised. See: https://urllib3.readthedocs.io/en/latest/advanced-usage.html#tls-warnings
  warnings.warn(</msg>
<msg time="2024-07-08T23:14:52.676891" level="INFO">${response} = &lt;Response [200]&gt;</msg>
<var>${response}</var>
<arg>consultarAPI</arg>
<arg>/api</arg>
<doc>Sends a GET request on a previously created HTTP Session.</doc>
<status status="PASS" start="2024-07-08T23:14:52.578294" elapsed="0.098656"/>
</kw>
<kw name="Set Variable" owner="BuiltIn">
<msg time="2024-07-08T23:14:52.677877" level="INFO">${json_data} = {'results': [{'gender': 'male', 'name': {'title': 'Mr', 'first': 'Morgan', 'last': 'Riviere'}, 'location': {'street': {'number': 1751, 'name': 'Avenue du Château'}, 'city': 'Nanterre', 'state': 'Chare...</msg>
<var>${json_data}</var>
<arg>${response.json()}</arg>
<doc>Returns the given values which can then be assigned to a variables.</doc>
<status status="PASS" start="2024-07-08T23:14:52.677421" elapsed="0.000485"/>
</kw>
<kw name="Log" owner="BuiltIn">
<msg time="2024-07-08T23:14:52.678413" level="INFO">{'results': [{'gender': 'male', 'name': {'title': 'Mr', 'first': 'Morgan', 'last': 'Riviere'}, 'location': {'street': {'number': 1751, 'name': 'Avenue du Château'}, 'city': 'Nanterre', 'state': 'Charente-Maritime', 'country': 'France', 'postcode': 33719, 'coordinates': {'latitude': '-19.7873', 'longitude': '-53.4795'}, 'timezone': {'offset': '-2:00', 'description': 'Mid-Atlantic'}}, 'email': 'morgan.riviere@example.com', 'login': {'uuid': 'bd620924-0e41-4ef3-8c1c-7cde712e1298', 'username': 'bigpeacock514', 'password': 'robocop', 'salt': 'd6se67nc', 'md5': '6abff824a2a4c4fd8141bcc22637c75d', 'sha1': '725a4194bc12ee6838244c4df6fe1385b4dbe3c0', 'sha256': 'f1160831b640ce99e75b898f436735ab1822e130f689bbb728e4cdc8f8990c30'}, 'dob': {'date': '1988-11-27T01:06:49.856Z', 'age': 35}, 'registered': {'date': '2019-06-15T06:47:48.483Z', 'age': 5}, 'phone': '03-01-80-16-54', 'cell': '06-63-33-32-21', 'id': {'name': 'INSEE', 'value': '1881091750081 54'}, 'picture': {'large': 'https://randomuser.me/api/portraits/men/89.jpg', 'medium': 'https://randomuser.me/api/portraits/med/men/89.jpg', 'thumbnail': 'https://randomuser.me/api/portraits/thumb/men/89.jpg'}, 'nat': 'FR'}], 'info': {'seed': 'b94524fc7dc1634a', 'results': 1, 'page': 1, 'version': '1.4'}}</msg>
<arg>${json_data}</arg>
<doc>Logs the given message with the given level.</doc>
<status status="PASS" start="2024-07-08T23:14:52.678211" elapsed="0.000253"/>
</kw>
<kw name="Dictionary Should Contain Key" owner="Collections">
<arg>${json_data}</arg>
<arg>results</arg>
<doc>Fails if ``key`` is not found from ``dictionary``.</doc>
<status status="PASS" start="2024-07-08T23:14:52.678757" elapsed="0.000158"/>
</kw>
<kw name="Should Not Be Empty" owner="BuiltIn">
<msg time="2024-07-08T23:14:52.679223" level="INFO">Length is 2.</msg>
<arg>${json_data}</arg>
<doc>Verifies that the given item is not empty.</doc>
<status status="PASS" start="2024-07-08T23:14:52.679100" elapsed="0.000160"/>
</kw>
<kw name="Create List" owner="BuiltIn">
<msg time="2024-07-08T23:14:52.679826" level="INFO">${expected_keys} = ['gender', 'name', 'location', 'email', 'login']</msg>
<var>${expected_keys}</var>
<arg>gender</arg>
<arg>name</arg>
<arg>location</arg>
<arg>email</arg>
<arg>login</arg>
<doc>Returns a list containing given items.</doc>
<status status="PASS" start="2024-07-08T23:14:52.679544" elapsed="0.000307"/>
</kw>
<for flavor="IN">
<iter>
<kw name="Dictionary Should Contain Key" owner="Collections">
<arg>${json_data['results'][0]}</arg>
<arg>${key}</arg>
<doc>Fails if ``key`` is not found from ``dictionary``.</doc>
<status status="PASS" start="2024-07-08T23:14:52.680426" elapsed="0.000393"/>
</kw>
<kw name="Log" owner="BuiltIn">
<msg time="2024-07-08T23:14:52.681349" level="INFO">{'gender': 'male', 'name': {'title': 'Mr', 'first': 'Morgan', 'last': 'Riviere'}, 'location': {'street': {'number': 1751, 'name': 'Avenue du Château'}, 'city': 'Nanterre', 'state': 'Charente-Maritime', 'country': 'France', 'postcode': 33719, 'coordinates': {'latitude': '-19.7873', 'longitude': '-53.4795'}, 'timezone': {'offset': '-2:00', 'description': 'Mid-Atlantic'}}, 'email': 'morgan.riviere@example.com', 'login': {'uuid': 'bd620924-0e41-4ef3-8c1c-7cde712e1298', 'username': 'bigpeacock514', 'password': 'robocop', 'salt': 'd6se67nc', 'md5': '6abff824a2a4c4fd8141bcc22637c75d', 'sha1': '725a4194bc12ee6838244c4df6fe1385b4dbe3c0', 'sha256': 'f1160831b640ce99e75b898f436735ab1822e130f689bbb728e4cdc8f8990c30'}, 'dob': {'date': '1988-11-27T01:06:49.856Z', 'age': 35}, 'registered': {'date': '2019-06-15T06:47:48.483Z', 'age': 5}, 'phone': '03-01-80-16-54', 'cell': '06-63-33-32-21', 'id': {'name': 'INSEE', 'value': '1881091750081 54'}, 'picture': {'large': 'https://randomuser.me/api/portraits/men/89.jpg', 'medium': 'https://randomuser.me/api/portraits/med/men/89.jpg', 'thumbnail': 'https://randomuser.me/api/portraits/thumb/men/89.jpg'}, 'nat': 'FR'}</msg>
<arg>${json_data['results'][0]}</arg>
<doc>Logs the given message with the given level.</doc>
<status status="PASS" start="2024-07-08T23:14:52.681001" elapsed="0.000399"/>
</kw>
<kw name="Log" owner="BuiltIn">
<msg time="2024-07-08T23:14:52.681820" level="INFO">gender</msg>
<arg>${key}</arg>
<doc>Logs the given message with the given level.</doc>
<status status="PASS" start="2024-07-08T23:14:52.681694" elapsed="0.000163"/>
</kw>
<var name="${key}">gender</var>
<status status="PASS" start="2024-07-08T23:14:52.680299" elapsed="0.001771"/>
</iter>
<iter>
<kw name="Dictionary Should Contain Key" owner="Collections">
<arg>${json_data['results'][0]}</arg>
<arg>${key}</arg>
<doc>Fails if ``key`` is not found from ``dictionary``.</doc>
<status status="PASS" start="2024-07-08T23:14:52.682378" elapsed="0.000382"/>
</kw>
<kw name="Log" owner="BuiltIn">
<msg time="2024-07-08T23:14:52.683298" level="INFO">{'gender': 'male', 'name': {'title': 'Mr', 'first': 'Morgan', 'last': 'Riviere'}, 'location': {'street': {'number': 1751, 'name': 'Avenue du Château'}, 'city': 'Nanterre', 'state': 'Charente-Maritime', 'country': 'France', 'postcode': 33719, 'coordinates': {'latitude': '-19.7873', 'longitude': '-53.4795'}, 'timezone': {'offset': '-2:00', 'description': 'Mid-Atlantic'}}, 'email': 'morgan.riviere@example.com', 'login': {'uuid': 'bd620924-0e41-4ef3-8c1c-7cde712e1298', 'username': 'bigpeacock514', 'password': 'robocop', 'salt': 'd6se67nc', 'md5': '6abff824a2a4c4fd8141bcc22637c75d', 'sha1': '725a4194bc12ee6838244c4df6fe1385b4dbe3c0', 'sha256': 'f1160831b640ce99e75b898f436735ab1822e130f689bbb728e4cdc8f8990c30'}, 'dob': {'date': '1988-11-27T01:06:49.856Z', 'age': 35}, 'registered': {'date': '2019-06-15T06:47:48.483Z', 'age': 5}, 'phone': '03-01-80-16-54', 'cell': '06-63-33-32-21', 'id': {'name': 'INSEE', 'value': '1881091750081 54'}, 'picture': {'large': 'https://randomuser.me/api/portraits/men/89.jpg', 'medium': 'https://randomuser.me/api/portraits/med/men/89.jpg', 'thumbnail': 'https://randomuser.me/api/portraits/thumb/men/89.jpg'}, 'nat': 'FR'}</msg>
<arg>${json_data['results'][0]}</arg>
<doc>Logs the given message with the given level.</doc>
<status status="PASS" start="2024-07-08T23:14:52.682947" elapsed="0.000436"/>
</kw>
<kw name="Log" owner="BuiltIn">
<msg time="2024-07-08T23:14:52.683804" level="INFO">name</msg>
<arg>${key}</arg>
<doc>Logs the given message with the given level.</doc>
<status status="PASS" start="2024-07-08T23:14:52.683678" elapsed="0.000163"/>
</kw>
<var name="${key}">name</var>
<status status="PASS" start="2024-07-08T23:14:52.682248" elapsed="0.001806"/>
</iter>
<iter>
<kw name="Dictionary Should Contain Key" owner="Collections">
<arg>${json_data['results'][0]}</arg>
<arg>${key}</arg>
<doc>Fails if ``key`` is not found from ``dictionary``.</doc>
<status status="PASS" start="2024-07-08T23:14:52.684332" elapsed="0.000369"/>
</kw>
<kw name="Log" owner="BuiltIn">
<msg time="2024-07-08T23:14:52.685218" level="INFO">{'gender': 'male', 'name': {'title': 'Mr', 'first': 'Morgan', 'last': 'Riviere'}, 'location': {'street': {'number': 1751, 'name': 'Avenue du Château'}, 'city': 'Nanterre', 'state': 'Charente-Maritime', 'country': 'France', 'postcode': 33719, 'coordinates': {'latitude': '-19.7873', 'longitude': '-53.4795'}, 'timezone': {'offset': '-2:00', 'description': 'Mid-Atlantic'}}, 'email': 'morgan.riviere@example.com', 'login': {'uuid': 'bd620924-0e41-4ef3-8c1c-7cde712e1298', 'username': 'bigpeacock514', 'password': 'robocop', 'salt': 'd6se67nc', 'md5': '6abff824a2a4c4fd8141bcc22637c75d', 'sha1': '725a4194bc12ee6838244c4df6fe1385b4dbe3c0', 'sha256': 'f1160831b640ce99e75b898f436735ab1822e130f689bbb728e4cdc8f8990c30'}, 'dob': {'date': '1988-11-27T01:06:49.856Z', 'age': 35}, 'registered': {'date': '2019-06-15T06:47:48.483Z', 'age': 5}, 'phone': '03-01-80-16-54', 'cell': '06-63-33-32-21', 'id': {'name': 'INSEE', 'value': '1881091750081 54'}, 'picture': {'large': 'https://randomuser.me/api/portraits/men/89.jpg', 'medium': 'https://randomuser.me/api/portraits/med/men/89.jpg', 'thumbnail': 'https://randomuser.me/api/portraits/thumb/men/89.jpg'}, 'nat': 'FR'}</msg>
<arg>${json_data['results'][0]}</arg>
<doc>Logs the given message with the given level.</doc>
<status status="PASS" start="2024-07-08T23:14:52.684876" elapsed="0.000391"/>
</kw>
<kw name="Log" owner="BuiltIn">
<msg time="2024-07-08T23:14:52.685685" level="INFO">location</msg>
<arg>${key}</arg>
<doc>Logs the given message with the given level.</doc>
<status status="PASS" start="2024-07-08T23:14:52.685560" elapsed="0.000161"/>
</kw>
<var name="${key}">location</var>
<status status="PASS" start="2024-07-08T23:14:52.684225" elapsed="0.001709"/>
</iter>
<iter>
<kw name="Dictionary Should Contain Key" owner="Collections">
<arg>${json_data['results'][0]}</arg>
<arg>${key}</arg>
<doc>Fails if ``key`` is not found from ``dictionary``.</doc>
<status status="PASS" start="2024-07-08T23:14:52.686205" elapsed="0.000417"/>
</kw>
<kw name="Log" owner="BuiltIn">
<msg time="2024-07-08T23:14:52.687156" level="INFO">{'gender': 'male', 'name': {'title': 'Mr', 'first': 'Morgan', 'last': 'Riviere'}, 'location': {'street': {'number': 1751, 'name': 'Avenue du Château'}, 'city': 'Nanterre', 'state': 'Charente-Maritime', 'country': 'France', 'postcode': 33719, 'coordinates': {'latitude': '-19.7873', 'longitude': '-53.4795'}, 'timezone': {'offset': '-2:00', 'description': 'Mid-Atlantic'}}, 'email': 'morgan.riviere@example.com', 'login': {'uuid': 'bd620924-0e41-4ef3-8c1c-7cde712e1298', 'username': 'bigpeacock514', 'password': 'robocop', 'salt': 'd6se67nc', 'md5': '6abff824a2a4c4fd8141bcc22637c75d', 'sha1': '725a4194bc12ee6838244c4df6fe1385b4dbe3c0', 'sha256': 'f1160831b640ce99e75b898f436735ab1822e130f689bbb728e4cdc8f8990c30'}, 'dob': {'date': '1988-11-27T01:06:49.856Z', 'age': 35}, 'registered': {'date': '2019-06-15T06:47:48.483Z', 'age': 5}, 'phone': '03-01-80-16-54', 'cell': '06-63-33-32-21', 'id': {'name': 'INSEE', 'value': '1881091750081 54'}, 'picture': {'large': 'https://randomuser.me/api/portraits/men/89.jpg', 'medium': 'https://randomuser.me/api/portraits/med/men/89.jpg', 'thumbnail': 'https://randomuser.me/api/portraits/thumb/men/89.jpg'}, 'nat': 'FR'}</msg>
<arg>${json_data['results'][0]}</arg>
<doc>Logs the given message with the given level.</doc>
<status status="PASS" start="2024-07-08T23:14:52.686807" elapsed="0.000399"/>
</kw>
<kw name="Log" owner="BuiltIn">
<msg time="2024-07-08T23:14:52.687624" level="INFO">email</msg>
<arg>${key}</arg>
<doc>Logs the given message with the given level.</doc>
<status status="PASS" start="2024-07-08T23:14:52.687499" elapsed="0.000162"/>
</kw>
<var name="${key}">email</var>
<status status="PASS" start="2024-07-08T23:14:52.686099" elapsed="0.001776"/>
</iter>
<iter>
<kw name="Dictionary Should Contain Key" owner="Collections">
<arg>${json_data['results'][0]}</arg>
<arg>${key}</arg>
<doc>Fails if ``key`` is not found from ``dictionary``.</doc>
<status status="PASS" start="2024-07-08T23:14:52.688156" elapsed="0.000384"/>
</kw>
<kw name="Log" owner="BuiltIn">
<msg time="2024-07-08T23:14:52.689107" level="INFO">{'gender': 'male', 'name': {'title': 'Mr', 'first': 'Morgan', 'last': 'Riviere'}, 'location': {'street': {'number': 1751, 'name': 'Avenue du Château'}, 'city': 'Nanterre', 'state': 'Charente-Maritime', 'country': 'France', 'postcode': 33719, 'coordinates': {'latitude': '-19.7873', 'longitude': '-53.4795'}, 'timezone': {'offset': '-2:00', 'description': 'Mid-Atlantic'}}, 'email': 'morgan.riviere@example.com', 'login': {'uuid': 'bd620924-0e41-4ef3-8c1c-7cde712e1298', 'username': 'bigpeacock514', 'password': 'robocop', 'salt': 'd6se67nc', 'md5': '6abff824a2a4c4fd8141bcc22637c75d', 'sha1': '725a4194bc12ee6838244c4df6fe1385b4dbe3c0', 'sha256': 'f1160831b640ce99e75b898f436735ab1822e130f689bbb728e4cdc8f8990c30'}, 'dob': {'date': '1988-11-27T01:06:49.856Z', 'age': 35}, 'registered': {'date': '2019-06-15T06:47:48.483Z', 'age': 5}, 'phone': '03-01-80-16-54', 'cell': '06-63-33-32-21', 'id': {'name': 'INSEE', 'value': '1881091750081 54'}, 'picture': {'large': 'https://randomuser.me/api/portraits/men/89.jpg', 'medium': 'https://randomuser.me/api/portraits/med/men/89.jpg', 'thumbnail': 'https://randomuser.me/api/portraits/thumb/men/89.jpg'}, 'nat': 'FR'}</msg>
<arg>${json_data['results'][0]}</arg>
<doc>Logs the given message with the given level.</doc>
<status status="PASS" start="2024-07-08T23:14:52.688719" elapsed="0.000438"/>
</kw>
<kw name="Log" owner="BuiltIn">
<msg time="2024-07-08T23:14:52.689583" level="INFO">login</msg>
<arg>${key}</arg>
<doc>Logs the given message with the given level.</doc>
<status status="PASS" start="2024-07-08T23:14:52.689457" elapsed="0.000164"/>
</kw>
<var name="${key}">login</var>
<status status="PASS" start="2024-07-08T23:14:52.688041" elapsed="0.001793"/>
</iter>
<var>${key}</var>
<value>@{expected_keys}</value>
<status status="PASS" start="2024-07-08T23:14:52.680110" elapsed="0.009852"/>
</for>
<kw name="Create List" owner="BuiltIn">
<msg time="2024-07-08T23:14:52.690292" level="INFO">${expected_keysTwo} = ['username', 'password']</msg>
<var>${expected_keysTwo}</var>
<arg>username</arg>
<arg>password</arg>
<doc>Returns a list containing given items.</doc>
<status status="PASS" start="2024-07-08T23:14:52.690151" elapsed="0.000218"/>
</kw>
<for flavor="IN">
<iter>
<kw name="Dictionary Should Contain Key" owner="Collections">
<arg>${json_data['results'][0]['login']}</arg>
<arg>${keyTwo}</arg>
<doc>Fails if ``key`` is not found from ``dictionary``.</doc>
<status status="PASS" start="2024-07-08T23:14:52.690872" elapsed="0.000442"/>
</kw>
<kw name="Dictionary Should Contain Key" owner="Collections">
<arg>${json_data['results'][0]['login']}</arg>
<arg>${keyTwo}</arg>
<doc>Fails if ``key`` is not found from ``dictionary``.</doc>
<status status="PASS" start="2024-07-08T23:14:52.691507" elapsed="0.000373"/>
</kw>
<kw name="Log" owner="BuiltIn">
<msg time="2024-07-08T23:14:52.692183" level="INFO">username</msg>
<arg>${keyTwo}</arg>
<doc>Logs the given message with the given level.</doc>
<status status="PASS" start="2024-07-08T23:14:52.692063" elapsed="0.000157"/>
</kw>
<var name="${keyTwo}">username</var>
<status status="PASS" start="2024-07-08T23:14:52.690765" elapsed="0.001673"/>
</iter>
<iter>
<kw name="Dictionary Should Contain Key" owner="Collections">
<arg>${json_data['results'][0]['login']}</arg>
<arg>${keyTwo}</arg>
<doc>Fails if ``key`` is not found from ``dictionary``.</doc>
<status status="PASS" start="2024-07-08T23:14:52.692726" elapsed="0.000402"/>
</kw>
<kw name="Dictionary Should Contain Key" owner="Collections">
<arg>${json_data['results'][0]['login']}</arg>
<arg>${keyTwo}</arg>
<doc>Fails if ``key`` is not found from ``dictionary``.</doc>
<status status="PASS" start="2024-07-08T23:14:52.693304" elapsed="0.000362"/>
</kw>
<kw name="Log" owner="BuiltIn">
<msg time="2024-07-08T23:14:52.693983" level="INFO">password</msg>
<arg>${keyTwo}</arg>
<doc>Logs the given message with the given level.</doc>
<status status="PASS" start="2024-07-08T23:14:52.693838" elapsed="0.000214"/>
</kw>
<var name="${keyTwo}">password</var>
<status status="PASS" start="2024-07-08T23:14:52.692619" elapsed="0.001899"/>
</iter>
<var>${keyTwo}</var>
<value>@{expected_keysTwo}</value>
<status status="PASS" start="2024-07-08T23:14:52.690616" elapsed="0.004103"/>
</for>
<status status="PASS" start="2024-07-08T23:14:52.578055" elapsed="0.116898"/>
</kw>
<doc>Testa a estrutura da resposta da API.</doc>
<tag>testeEstruturaResposta</tag>
<status status="PASS" start="2024-07-08T23:14:52.577538" elapsed="0.117664"/>
</test>
<test id="s1-s1-t4" name="Validar tipos de dados" line="28">
<kw name="Teste de Tipos de Dados" owner="random-user-service">
<kw name="GET On Session" owner="RequestsLibrary">
<msg time="2024-07-08T23:14:52.784281" level="INFO">GET Request : url=https://randomuser.me/api 
 path_url=/api 
 headers={'User-Agent': 'python-requests/2.32.3', 'Accept-Encoding': 'gzip, deflate', 'Accept': '*/*', 'Connection': 'keep-alive'} 
 body=None 
 </msg>
<msg time="2024-07-08T23:14:52.784362" level="INFO">GET Response : url=https://randomuser.me/api 
 status=200, reason=OK 
 headers={'Date': 'Mon, 08 Jul 2024 23:14:52 GMT', 'Content-Type': 'application/json; charset=utf-8', 'Transfer-Encoding': 'chunked', 'Connection': 'keep-alive', 'X-Powered-By': 'Express', 'Access-Control-Allow-Origin': '*', 'Cache-Control': 'no-cache', 'ETag': 'W/"491-rl9NhtIT4NX986UOAASu1fuuyQs"', 'Vary': 'Accept-Encoding', 'Content-Encoding': 'gzip', 'CF-Cache-Status': 'DYNAMIC', 'Report-To': '{"endpoints":[{"url":"https:\\/\\/a.nel.cloudflare.com\\/report\\/v4?s=ta7vsKRerbr4oJD9RI4t0cpKlV4rg46euswPg2baTbFJyVttsmes0yisYJUSKut75ajtuG2flGB9WwkiEowyYw4yfz5yTWkEaGucf%2F7q7Y5v0Gvzv92%2FH9PqM4PbZvGC"}],"group":"cf-nel","max_age":604800}', 'NEL': '{"success_fraction":0,"report_to":"cf-nel","max_age":604800}', 'Server': 'cloudflare', 'CF-RAY': '8a03c5e759cb0249-ORD', 'alt-svc': 'h3=":443"; ma=86400'} 
 body={"results":[{"gender":"male","name":{"title":"Mr","first":"Perica","last":"Lapčević"},"location":{"street":{"number":7448,"name":"Siniše Nikolajevića"},"city":"Despotovac","state":"North Banat","country":"Serbia","postcode":79381,"coordinates":{"latitude":"60.2250","longitude":"-87.9428"},"timezone":{"offset":"+2:00","description":"Kaliningrad, South Africa"}},"email":"perica.lapcevic@example.com","login":{"uuid":"958bc36c-9847-4729-9c8d-f30c6432094c","username":"orangesnake961","password":"ride","salt":"KHsDDkLM","md5":"d03315d8419d632671e14baa63c43a27","sha1":"25804898af786396d9b1ed3b346dfbf547440b05","sha256":"4ce71cc6e0e99ef0d42c7f1b02ebd2d7599097b635966435ebe2e8cfe514bfae"},"dob":{"date":"1955-05-21T01:42:27.633Z","age":69},"registered":{"date":"2002-12-09T00:12:13.977Z","age":21},"phone":"023-1105-278","cell":"064-1705-643","id":{"name":"SID","value":"458727149"},"picture":{"large":"https://randomuser.me/api/portraits/men/80.jpg","medium":"https://randomuser.me/api/portraits/med/men/80.jpg","thumbnail":"https://randomuser.me/api/portraits/thumb/men/80.jpg"},"nat":"RS"}],"info":{"seed":"b609399b1dd8f8da","results":1,"page":1,"version":"1.4"}} 
 </msg>
<msg time="2024-07-08T23:14:52.784435" level="INFO">/opt/hostedtoolcache/Python/3.12.4/x64/lib/python3.12/site-packages/urllib3/connectionpool.py:1099: InsecureRequestWarning: Unverified HTTPS request is being made to host 'randomuser.me'. Adding certificate verification is strongly advised. See: https://urllib3.readthedocs.io/en/latest/advanced-usage.html#tls-warnings
  warnings.warn(</msg>
<msg time="2024-07-08T23:14:52.784562" level="INFO">${response} = &lt;Response [200]&gt;</msg>
<var>${response}</var>
<arg>consultarAPI</arg>
<arg>/api</arg>
<doc>Sends a GET request on a previously created HTTP Session.</doc>
<status status="PASS" start="2024-07-08T23:14:52.698663" elapsed="0.085943"/>
</kw>
<kw name="Set Variable" owner="BuiltIn">
<msg time="2024-07-08T23:14:52.785459" level="INFO">${json_data} = {'results': [{'gender': 'male', 'name': {'title': 'Mr', 'first': 'Perica', 'last': 'Lapčević'}, 'location': {'street': {'number': 7448, 'name': 'Siniše Nikolajevića'}, 'city': 'Despotovac', 'state': '...</msg>
<var>${json_data}</var>
<arg>${response.json()}</arg>
<doc>Returns the given values which can then be assigned to a variables.</doc>
<status status="PASS" start="2024-07-08T23:14:52.785000" elapsed="0.000490"/>
</kw>
<kw name="Log" owner="BuiltIn">
<msg time="2024-07-08T23:14:52.785974" level="INFO">{'results': [{'gender': 'male', 'name': {'title': 'Mr', 'first': 'Perica', 'last': 'Lapčević'}, 'location': {'street': {'number': 7448, 'name': 'Siniše Nikolajevića'}, 'city': 'Despotovac', 'state': 'North Banat', 'country': 'Serbia', 'postcode': 79381, 'coordinates': {'latitude': '60.2250', 'longitude': '-87.9428'}, 'timezone': {'offset': '+2:00', 'description': 'Kaliningrad, South Africa'}}, 'email': 'perica.lapcevic@example.com', 'login': {'uuid': '958bc36c-9847-4729-9c8d-f30c6432094c', 'username': 'orangesnake961', 'password': 'ride', 'salt': 'KHsDDkLM', 'md5': 'd03315d8419d632671e14baa63c43a27', 'sha1': '25804898af786396d9b1ed3b346dfbf547440b05', 'sha256': '4ce71cc6e0e99ef0d42c7f1b02ebd2d7599097b635966435ebe2e8cfe514bfae'}, 'dob': {'date': '1955-05-21T01:42:27.633Z', 'age': 69}, 'registered': {'date': '2002-12-09T00:12:13.977Z', 'age': 21}, 'phone': '023-1105-278', 'cell': '064-1705-643', 'id': {'name': 'SID', 'value': '458727149'}, 'picture': {'large': 'https://randomuser.me/api/portraits/men/80.jpg', 'medium': 'https://randomuser.me/api/portraits/med/men/80.jpg', 'thumbnail': 'https://randomuser.me/api/portraits/thumb/men/80.jpg'}, 'nat': 'RS'}], 'info': {'seed': 'b609399b1dd8f8da', 'results': 1, 'page': 1, 'version': '1.4'}}</msg>
<arg>${json_data}</arg>
<doc>Logs the given message with the given level.</doc>
<status status="PASS" start="2024-07-08T23:14:52.785793" elapsed="0.000230"/>
</kw>
<kw name="Should Be String" owner="String">
<arg>${json_data['results'][0]['gender']}</arg>
<doc>Fails if the given ``item`` is not a string.</doc>
<status status="PASS" start="2024-07-08T23:14:52.786371" elapsed="0.000385"/>
</kw>
<kw name="Should Match Regexp" owner="BuiltIn">
<arg>${json_data['results'][0]['email']}</arg>
<arg>^[a-zA-Z0-9._%+-]+@[a-zA-Z0-9.-]+\.[a-zA-Z]{2,}$</arg>
<doc>Fails if ``string`` does not match ``pattern`` as a regular expression.</doc>
<status status="PASS" start="2024-07-08T23:14:52.786949" elapsed="0.000555"/>
</kw>
<kw name="Should Match Regexp" owner="BuiltIn">
<arg>${json_data['results'][0]['dob']['date']}</arg>
<arg>\\d{4}-\\d{2}-\\d{2}T\\d{2}:\\d{2}:\\d{2}\\.\\d{3}Z</arg>
<doc>Fails if ``string`` does not match ``pattern`` as a regular expression.</doc>
<status status="PASS" start="2024-07-08T23:14:52.787699" elapsed="0.000486"/>
</kw>
<kw name="Should Match Regexp" owner="BuiltIn">
<arg>${json_data['results'][0]['registered']['date']}</arg>
<arg>\\d{4}-\\d{2}-\\d{2}T\\d{2}:\\d{2}:\\d{2}\\.\\d{3}Z</arg>
<doc>Fails if ``string`` does not match ``pattern`` as a regular expression.</doc>
<status status="PASS" start="2024-07-08T23:14:52.788375" elapsed="0.000365"/>
</kw>
<kw name="Should Match Regexp" owner="BuiltIn">
<arg>${json_data['results'][0]['picture']['large']}</arg>
<arg>^https?://.*\.(?:png|jpe?g|gif|bmp)$</arg>
<doc>Fails if ``string`` does not match ``pattern`` as a regular expression.</doc>
<status status="PASS" start="2024-07-08T23:14:52.788922" elapsed="0.000456"/>
</kw>
<kw name="Should Match Regexp" owner="BuiltIn">
<arg>${json_data['results'][0]['picture']['medium']}</arg>
<arg>^https?://.*\.(?:png|jpe?g|gif|bmp)$</arg>
<doc>Fails if ``string`` does not match ``pattern`` as a regular expression.</doc>
<status status="PASS" start="2024-07-08T23:14:52.789563" elapsed="0.000349"/>
</kw>
<kw name="Should Match Regexp" owner="BuiltIn">
<arg>${json_data['results'][0]['picture']['thumbnail']}</arg>
<arg>^https?://.*\.(?:png|jpe?g|gif|bmp)$</arg>
<doc>Fails if ``string`` does not match ``pattern`` as a regular expression.</doc>
<status status="PASS" start="2024-07-08T23:14:52.790093" elapsed="0.000401"/>
</kw>
<kw name="Log" owner="BuiltIn">
<msg time="2024-07-08T23:14:52.791017" level="INFO">{'large': 'https://randomuser.me/api/portraits/men/80.jpg', 'medium': 'https://randomuser.me/api/portraits/med/men/80.jpg', 'thumbnail': 'https://randomuser.me/api/portraits/thumb/men/80.jpg'}</msg>
<arg>${json_data['results'][0]['picture']}</arg>
<doc>Logs the given message with the given level.</doc>
<status status="PASS" start="2024-07-08T23:14:52.790682" elapsed="0.000377"/>
</kw>
<status status="PASS" start="2024-07-08T23:14:52.698433" elapsed="0.092886"/>
</kw>
<kw name="Teste de Tipos de Dados - Postcode" owner="random-user-service">
<kw name="GET On Session" owner="RequestsLibrary">
<msg time="2024-07-08T23:14:52.877235" level="INFO">GET Request : url=https://randomuser.me/api 
 path_url=/api 
 headers={'User-Agent': 'python-requests/2.32.3', 'Accept-Encoding': 'gzip, deflate', 'Accept': '*/*', 'Connection': 'keep-alive'} 
 body=None 
 </msg>
<msg time="2024-07-08T23:14:52.877332" level="INFO">GET Response : url=https://randomuser.me/api 
 status=200, reason=OK 
 headers={'Date': 'Mon, 08 Jul 2024 23:14:52 GMT', 'Content-Type': 'application/json; charset=utf-8', 'Transfer-Encoding': 'chunked', 'Connection': 'keep-alive', 'X-Powered-By': 'Express', 'Access-Control-Allow-Origin': '*', 'Cache-Control': 'no-cache', 'ETag': 'W/"472-DGMlgrTYgnJ3jxtYA5Vb9R96NvA"', 'Vary': 'Accept-Encoding', 'Content-Encoding': 'gzip', 'CF-Cache-Status': 'DYNAMIC', 'Report-To': '{"endpoints":[{"url":"https:\\/\\/a.nel.cloudflare.com\\/report\\/v4?s=YuzsxmX%2F10qV5v9G10b1cJmu%2FVuDZEB7OqCeLQC%2FYSuwMmQxLfWiSaq%2BhkYjTF2U6TuSm3MGc6v%2FmP9iYsKwkkPbGZ%2B7uoNfqVVS%2BB4I3XgxAAagumXnrMIQZDGT7ryE"}],"group":"cf-nel","max_age":604800}', 'NEL': '{"success_fraction":0,"report_to":"cf-nel","max_age":604800}', 'Server': 'cloudflare', 'CF-RAY': '8a03c5e7faa30249-ORD', 'alt-svc': 'h3=":443"; ma=86400'} 
 body={"results":[{"gender":"female","name":{"title":"Ms","first":"Ece","last":"Düşenkalkar"},"location":{"street":{"number":8380,"name":"Şehitler Cd"},"city":"Antalya","state":"Trabzon","country":"Turkey","postcode":87276,"coordinates":{"latitude":"69.9040","longitude":"86.3180"},"timezone":{"offset":"+3:30","description":"Tehran"}},"email":"ece.dusenkalkar@example.com","login":{"uuid":"64f9d51c-d10f-49ee-882f-d18ede7f9d68","username":"yellowswan206","password":"birthday4","salt":"ha8J46VH","md5":"e4d64d33adcf7e7c2a291d0a06add485","sha1":"44b06f78de27778866d23c0338b0367aaddebed8","sha256":"6eaec98453c49745c9bcdd325fc23f8a564fb6c7b28f940079f28bb8c80866b6"},"dob":{"date":"1973-05-20T18:15:44.092Z","age":51},"registered":{"date":"2020-10-08T09:25:38.687Z","age":3},"phone":"(849)-683-5318","cell":"(735)-109-7537","id":{"name":"","value":null},"picture":{"large":"https://randomuser.me/api/portraits/women/82.jpg","medium":"https://randomuser.me/api/portraits/med/women/82.jpg","thumbnail":"https://randomuser.me/api/portraits/thumb/women/82.jpg"},"nat":"TR"}],"info":{"seed":"ea2c43bc943c991b","results":1,"page":1,"version":"1.4"}} 
 </msg>
<msg time="2024-07-08T23:14:52.877409" level="INFO">/opt/hostedtoolcache/Python/3.12.4/x64/lib/python3.12/site-packages/urllib3/connectionpool.py:1099: InsecureRequestWarning: Unverified HTTPS request is being made to host 'randomuser.me'. Adding certificate verification is strongly advised. See: https://urllib3.readthedocs.io/en/latest/advanced-usage.html#tls-warnings
  warnings.warn(</msg>
<msg time="2024-07-08T23:14:52.877523" level="INFO">${response} = &lt;Response [200]&gt;</msg>
<var>${response}</var>
<arg>consultarAPI</arg>
<arg>/api</arg>
<doc>Sends a GET request on a previously created HTTP Session.</doc>
<status status="PASS" start="2024-07-08T23:14:52.791746" elapsed="0.085821"/>
</kw>
<kw name="Set Variable" owner="BuiltIn">
<msg time="2024-07-08T23:14:52.878488" level="INFO">${json_data} = {'results': [{'gender': 'female', 'name': {'title': 'Ms', 'first': 'Ece', 'last': 'Düşenkalkar'}, 'location': {'street': {'number': 8380, 'name': 'Şehitler Cd'}, 'city': 'Antalya', 'state': 'Trabzon',...</msg>
<var>${json_data}</var>
<arg>${response.json()}</arg>
<doc>Returns the given values which can then be assigned to a variables.</doc>
<status status="PASS" start="2024-07-08T23:14:52.877987" elapsed="0.000533"/>
</kw>
<kw name="Log" owner="BuiltIn">
<msg time="2024-07-08T23:14:52.878983" level="INFO">{'results': [{'gender': 'female', 'name': {'title': 'Ms', 'first': 'Ece', 'last': 'Düşenkalkar'}, 'location': {'street': {'number': 8380, 'name': 'Şehitler Cd'}, 'city': 'Antalya', 'state': 'Trabzon', 'country': 'Turkey', 'postcode': 87276, 'coordinates': {'latitude': '69.9040', 'longitude': '86.3180'}, 'timezone': {'offset': '+3:30', 'description': 'Tehran'}}, 'email': 'ece.dusenkalkar@example.com', 'login': {'uuid': '64f9d51c-d10f-49ee-882f-d18ede7f9d68', 'username': 'yellowswan206', 'password': 'birthday4', 'salt': 'ha8J46VH', 'md5': 'e4d64d33adcf7e7c2a291d0a06add485', 'sha1': '44b06f78de27778866d23c0338b0367aaddebed8', 'sha256': '6eaec98453c49745c9bcdd325fc23f8a564fb6c7b28f940079f28bb8c80866b6'}, 'dob': {'date': '1973-05-20T18:15:44.092Z', 'age': 51}, 'registered': {'date': '2020-10-08T09:25:38.687Z', 'age': 3}, 'phone': '(849)-683-5318', 'cell': '(735)-109-7537', 'id': {'name': '', 'value': None}, 'picture': {'large': 'https://randomuser.me/api/portraits/women/82.jpg', 'medium': 'https://randomuser.me/api/portraits/med/women/82.jpg', 'thumbnail': 'https://randomuser.me/api/portraits/thumb/women/82.jpg'}, 'nat': 'TR'}], 'info': {'seed': 'ea2c43bc943c991b', 'results': 1, 'page': 1, 'version': '1.4'}}</msg>
<arg>${json_data}</arg>
<doc>Logs the given message with the given level.</doc>
<status status="PASS" start="2024-07-08T23:14:52.878828" elapsed="0.000203"/>
</kw>
<kw name="Should Be Equal As Numbers" owner="BuiltIn">
<arg>${json_data['results'][0]['location']['postcode']}</arg>
<arg>${json_data['results'][0]['location']['postcode']}</arg>
<doc>Fails if objects are unequal after converting them to real numbers.</doc>
<status status="PASS" start="2024-07-08T23:14:52.879319" elapsed="0.000622"/>
</kw>
<kw name="Log" owner="BuiltIn">
<msg time="2024-07-08T23:14:52.880605" level="INFO">87276</msg>
<arg>${json_data['results'][0]['location']['postcode']}</arg>
<doc>Logs the given message with the given level.</doc>
<status status="PASS" start="2024-07-08T23:14:52.880138" elapsed="0.000508"/>
</kw>
<status status="PASS" start="2024-07-08T23:14:52.791529" elapsed="0.089395"/>
</kw>
<doc>Testa se os tipos de dados na resposta da API estão corretos.</doc>
<tag>testeTiposDados</tag>
<status status="PASS" start="2024-07-08T23:14:52.697957" elapsed="0.183126"/>
</test>
<test id="s1-s1-t5" name="Validar conteudo" line="35">
<kw name="Teste de Tipos de Conteudo" owner="random-user-service">
<kw name="GET On Session" owner="RequestsLibrary">
<msg time="2024-07-08T23:14:52.972029" level="INFO">GET Request : url=https://randomuser.me/api 
 path_url=/api 
 headers={'User-Agent': 'python-requests/2.32.3', 'Accept-Encoding': 'gzip, deflate', 'Accept': '*/*', 'Connection': 'keep-alive'} 
 body=None 
 </msg>
<msg time="2024-07-08T23:14:52.972116" level="INFO">GET Response : url=https://randomuser.me/api 
 status=200, reason=OK 
 headers={'Date': 'Mon, 08 Jul 2024 23:14:52 GMT', 'Content-Type': 'application/json; charset=utf-8', 'Transfer-Encoding': 'chunked', 'Connection': 'keep-alive', 'X-Powered-By': 'Express', 'Access-Control-Allow-Origin': '*', 'Cache-Control': 'no-cache', 'ETag': 'W/"498-5Bun+QalIhNLlOkAEhOgjv3oLD4"', 'Vary': 'Accept-Encoding', 'Content-Encoding': 'gzip', 'CF-Cache-Status': 'DYNAMIC', 'Report-To': '{"endpoints":[{"url":"https:\\/\\/a.nel.cloudflare.com\\/report\\/v4?s=2cAqRiOfFYG8bFHNeKSikNkKRdM%2BtqMHDg7d5uZf2WO%2FElhSojjqqQDd43d2NLj5ufHlo8ybkp0zySqVBf0Cp7D8WSgc8aVmnsH4mGk1Tt55FtblsGQWUZgjH4CBt2eo"}],"group":"cf-nel","max_age":604800}', 'NEL': '{"success_fraction":0,"report_to":"cf-nel","max_age":604800}', 'Server': 'cloudflare', 'CF-RAY': '8a03c5e88b8e0249-ORD', 'alt-svc': 'h3=":443"; ma=86400'} 
 body={"results":[{"gender":"female","name":{"title":"Ms","first":"Maria","last":"Rasmussen"},"location":{"street":{"number":3084,"name":"Nørreskovvej"},"city":"Kvistgaard","state":"Danmark","country":"Denmark","postcode":80540,"coordinates":{"latitude":"-46.9257","longitude":"85.4750"},"timezone":{"offset":"-5:00","description":"Eastern Time (US &amp; Canada), Bogota, Lima"}},"email":"maria.rasmussen@example.com","login":{"uuid":"aef44962-ca05-4117-969b-bd514761c26b","username":"silverpanda852","password":"momsuck","salt":"ObuhfEuA","md5":"c748f535418e3241ac8b693e065c0cbe","sha1":"c2c57785ff5c67dde5f9707040bf07d002225317","sha256":"78e51182b149b0e621d2abf40196a952f2231bb83ce1ab410eba13ce3fb009f8"},"dob":{"date":"1964-08-09T16:06:51.554Z","age":59},"registered":{"date":"2003-08-26T09:01:52.400Z","age":20},"phone":"44081475","cell":"57530261","id":{"name":"CPR","value":"090864-2047"},"picture":{"large":"https://randomuser.me/api/portraits/women/28.jpg","medium":"https://randomuser.me/api/portraits/med/women/28.jpg","thumbnail":"https://randomuser.me/api/portraits/thumb/women/28.jpg"},"nat":"DK"}],"info":{"seed":"f5d6cbe5e1f5509a","results":1,"page":1,"version":"1.4"}} 
 </msg>
<msg time="2024-07-08T23:14:52.972187" level="INFO">/opt/hostedtoolcache/Python/3.12.4/x64/lib/python3.12/site-packages/urllib3/connectionpool.py:1099: InsecureRequestWarning: Unverified HTTPS request is being made to host 'randomuser.me'. Adding certificate verification is strongly advised. See: https://urllib3.readthedocs.io/en/latest/advanced-usage.html#tls-warnings
  warnings.warn(</msg>
<msg time="2024-07-08T23:14:52.972290" level="INFO">${response} = &lt;Response [200]&gt;</msg>
<var>${response}</var>
<arg>consultarAPI</arg>
<arg>/api</arg>
<doc>Sends a GET request on a previously created HTTP Session.</doc>
<status status="PASS" start="2024-07-08T23:14:52.883492" elapsed="0.088834"/>
</kw>
<kw name="Set Variable" owner="BuiltIn">
<msg time="2024-07-08T23:14:52.973243" level="INFO">${json_data} = {'results': [{'gender': 'female', 'name': {'title': 'Ms', 'first': 'Maria', 'last': 'Rasmussen'}, 'location': {'street': {'number': 3084, 'name': 'Nørreskovvej'}, 'city': 'Kvistgaard', 'state': 'Danma...</msg>
<var>${json_data}</var>
<arg>${response.json()}</arg>
<doc>Returns the given values which can then be assigned to a variables.</doc>
<status status="PASS" start="2024-07-08T23:14:52.972776" elapsed="0.000496"/>
</kw>
<kw name="Set Variable" owner="BuiltIn">
<msg time="2024-07-08T23:14:52.973968" level="INFO">${name_title} = Ms</msg>
<var>${name_title}</var>
<arg>${json_data["results"][0]["name"]["title"]}</arg>
<doc>Returns the given values which can then be assigned to a variables.</doc>
<status status="PASS" start="2024-07-08T23:14:52.973574" elapsed="0.000419"/>
</kw>
<kw name="Create List" owner="BuiltIn">
<msg time="2024-07-08T23:14:52.974476" level="INFO">${allowed_titles} = ['Mr', 'Ms', 'Miss', 'Mrs', 'Madame', 'Monsieur']</msg>
<var>${allowed_titles}</var>
<arg>Mr</arg>
<arg>Ms</arg>
<arg>Miss</arg>
<arg>Mrs</arg>
<arg>Madame</arg>
<arg>Monsieur</arg>
<doc>Returns a list containing given items.</doc>
<status status="PASS" start="2024-07-08T23:14:52.974285" elapsed="0.000215"/>
</kw>
<kw name="List Should Contain Value" owner="Collections">
<arg>${allowed_titles}</arg>
<arg>${name_title}</arg>
<doc>Fails if the ``value`` is not found from ``list``.</doc>
<status status="PASS" start="2024-07-08T23:14:52.974807" elapsed="0.000194"/>
</kw>
<kw name="Set Variable" owner="BuiltIn">
<msg time="2024-07-08T23:14:52.975554" level="INFO">${name_country} = DK</msg>
<var>${name_country}</var>
<arg>${json_data["results"][0]["nat"]}</arg>
<doc>Returns the given values which can then be assigned to a variables.</doc>
<status status="PASS" start="2024-07-08T23:14:52.975179" elapsed="0.000400"/>
</kw>
<kw name="Create List" owner="BuiltIn">
<msg time="2024-07-08T23:14:52.976459" level="INFO">${list_country} = ['AD', 'AE', 'AF', 'AG', 'AI', 'AL', 'AM', 'AO', 'AQ', 'AR', 'AS', 'AT', 'AU', 'AW', 'AX', 'AZ', 'BA', 'BB', 'BD', 'BE', 'BF', 'BG', 'BH', 'BI', 'BJ', 'BL', 'BM', 'BN', 'BO', 'BQ', 'BR', 'BS', 'BT', '...</msg>
<var>${list_country}</var>
<arg>AD</arg>
<arg>AE</arg>
<arg>AF</arg>
<arg>AG</arg>
<arg>AI</arg>
<arg>AL</arg>
<arg>AM</arg>
<arg>AO</arg>
<arg>AQ</arg>
<arg>AR</arg>
<arg>AS</arg>
<arg>AT</arg>
<arg>AU</arg>
<arg>AW</arg>
<arg>AX</arg>
<arg>AZ</arg>
<arg>BA</arg>
<arg>BB</arg>
<arg>BD</arg>
<arg>BE</arg>
<arg>BF</arg>
<arg>BG</arg>
<arg>BH</arg>
<arg>BI</arg>
<arg>BJ</arg>
<arg>BL</arg>
<arg>BM</arg>
<arg>BN</arg>
<arg>BO</arg>
<arg>BQ</arg>
<arg>BR</arg>
<arg>BS</arg>
<arg>BT</arg>
<arg>BV</arg>
<arg>BW</arg>
<arg>BY</arg>
<arg>BZ</arg>
<arg>CA</arg>
<arg>CC</arg>
<arg>CD</arg>
<arg>CF</arg>
<arg>CG</arg>
<arg>CH</arg>
<arg>CI</arg>
<arg>CK</arg>
<arg>CL</arg>
<arg>CM</arg>
<arg>CN</arg>
<arg>CO</arg>
<arg>CR</arg>
<arg>CU</arg>
<arg>CV</arg>
<arg>CW</arg>
<arg>CX</arg>
<arg>CY</arg>
<arg>CZ</arg>
<arg>DE</arg>
<arg>DJ</arg>
<arg>DK</arg>
<arg>DM</arg>
<arg>DO</arg>
<arg>DZ</arg>
<arg>EC</arg>
<arg>EE</arg>
<arg>EG</arg>
<arg>EH</arg>
<arg>ER</arg>
<arg>ES</arg>
<arg>ET</arg>
<arg>FI</arg>
<arg>FJ</arg>
<arg>FK</arg>
<arg>FM</arg>
<arg>FO</arg>
<arg>FR</arg>
<arg>GA</arg>
<arg>GB</arg>
<arg>GD</arg>
<arg>GE</arg>
<arg>GF</arg>
<arg>GG</arg>
<arg>GH</arg>
<arg>GI</arg>
<arg>GL</arg>
<arg>GM</arg>
<arg>GN</arg>
<arg>GP</arg>
<arg>GQ</arg>
<arg>GR</arg>
<arg>GS</arg>
<arg>GT</arg>
<arg>GU</arg>
<arg>GW</arg>
<arg>GY</arg>
<arg>HK</arg>
<arg>HM</arg>
<arg>HN</arg>
<arg>HR</arg>
<arg>HT</arg>
<arg>HU</arg>
<arg>ID</arg>
<arg>IE</arg>
<arg>IL</arg>
<arg>IM</arg>
<arg>IN</arg>
<arg>IO</arg>
<arg>IQ</arg>
<arg>IR</arg>
<arg>IS</arg>
<arg>IT</arg>
<arg>JE</arg>
<arg>JM</arg>
<arg>JO</arg>
<arg>JP</arg>
<arg>KE</arg>
<arg>KG</arg>
<arg>KH</arg>
<arg>KI</arg>
<arg>KM</arg>
<arg>KN</arg>
<arg>KP</arg>
<arg>KR</arg>
<arg>KW</arg>
<arg>KY</arg>
<arg>KZ</arg>
<arg>LA</arg>
<arg>LB</arg>
<arg>LC</arg>
<arg>LI</arg>
<arg>LK</arg>
<arg>LR</arg>
<arg>LS</arg>
<arg>LT</arg>
<arg>LU</arg>
<arg>LV</arg>
<arg>LY</arg>
<arg>MA</arg>
<arg>MC</arg>
<arg>MD</arg>
<arg>ME</arg>
<arg>MF</arg>
<arg>MG</arg>
<arg>MH</arg>
<arg>MK</arg>
<arg>ML</arg>
<arg>MM</arg>
<arg>MN</arg>
<arg>MO</arg>
<arg>MP</arg>
<arg>MQ</arg>
<arg>MR</arg>
<arg>MS</arg>
<arg>MT</arg>
<arg>MU</arg>
<arg>MV</arg>
<arg>MW</arg>
<arg>MX</arg>
<arg>MY</arg>
<arg>MZ</arg>
<arg>NA</arg>
<arg>NC</arg>
<arg>NE</arg>
<arg>NF</arg>
<arg>NG</arg>
<arg>NI</arg>
<arg>NL</arg>
<arg>NO</arg>
<arg>NP</arg>
<arg>NR</arg>
<arg>NU</arg>
<arg>NZ</arg>
<arg>OM</arg>
<arg>PA</arg>
<arg>PE</arg>
<arg>PF</arg>
<arg>PG</arg>
<arg>PH</arg>
<arg>PK</arg>
<arg>PL</arg>
<arg>PM</arg>
<arg>PN</arg>
<arg>PR</arg>
<arg>PS</arg>
<arg>PT</arg>
<arg>PW</arg>
<arg>PY</arg>
<arg>QA</arg>
<arg>RE</arg>
<arg>RO</arg>
<arg>RS</arg>
<arg>RU</arg>
<arg>RW</arg>
<arg>SA</arg>
<arg>SB</arg>
<arg>SC</arg>
<arg>SD</arg>
<arg>SE</arg>
<arg>SG</arg>
<arg>SH</arg>
<arg>SI</arg>
<arg>SJ</arg>
<arg>SK</arg>
<arg>SL</arg>
<arg>SM</arg>
<arg>SN</arg>
<arg>SO</arg>
<arg>SR</arg>
<arg>SS</arg>
<arg>ST</arg>
<arg>SV</arg>
<arg>SX</arg>
<arg>SY</arg>
<arg>SZ</arg>
<arg>TC</arg>
<arg>TD</arg>
<arg>TF</arg>
<arg>TG</arg>
<arg>TH</arg>
<arg>TJ</arg>
<arg>TK</arg>
<arg>TL</arg>
<arg>TM</arg>
<arg>TN</arg>
<arg>TO</arg>
<arg>TR</arg>
<arg>TT</arg>
<arg>TV</arg>
<arg>TW</arg>
<arg>TZ</arg>
<arg>UA</arg>
<arg>UG</arg>
<arg>UM</arg>
<arg>US</arg>
<arg>UY</arg>
<arg>UZ</arg>
<arg>VA</arg>
<arg>VC</arg>
<arg>VE</arg>
<arg>VG</arg>
<arg>VI</arg>
<arg>VN</arg>
<arg>VU</arg>
<arg>WF</arg>
<arg>WS</arg>
<arg>XK</arg>
<arg>YE</arg>
<arg>YT</arg>
<arg>ZA</arg>
<arg>ZM</arg>
<arg>ZW</arg>
<doc>Returns a list containing given items.</doc>
<status status="PASS" start="2024-07-08T23:14:52.975869" elapsed="0.000616"/>
</kw>
<kw name="List Should Contain Value" owner="Collections">
<arg>${list_country}</arg>
<arg>${name_country}</arg>
<doc>Fails if the ``value`` is not found from ``list``.</doc>
<status status="PASS" start="2024-07-08T23:14:52.977270" elapsed="0.000201"/>
</kw>
<kw name="Run Keyword If" owner="BuiltIn">
<kw name="Should Be True" owner="BuiltIn">
<arg>${True}</arg>
<doc>Fails if the given condition is not true.</doc>
<status status="PASS" start="2024-07-08T23:14:52.978409" elapsed="0.000140"/>
</kw>
<arg>${json_data["results"][0]["location"]["coordinates"]["latitude"]} &gt;= -90 and ${json_data["results"][0]["location"]["coordinates"]["latitude"]} &lt;= 90</arg>
<arg>Should Be True</arg>
<arg>${True}</arg>
<doc>Runs the given keyword with the given arguments, if ``condition`` is true.</doc>
<status status="PASS" start="2024-07-08T23:14:52.977661" elapsed="0.001010"/>
</kw>
<kw name="Run Keyword If" owner="BuiltIn">
<kw name="Should Be True" owner="BuiltIn">
<arg>${True}</arg>
<doc>Fails if the given condition is not true.</doc>
<status status="PASS" start="2024-07-08T23:14:52.979546" elapsed="0.000228"/>
</kw>
<arg>${json_data["results"][0]["location"]["coordinates"]["longitude"]} &gt;= -180 and ${json_data["results"][0]["location"]["coordinates"]["longitude"]} &lt;= 180</arg>
<arg>Should Be True</arg>
<arg>${True}</arg>
<doc>Runs the given keyword with the given arguments, if ``condition`` is true.</doc>
<status status="PASS" start="2024-07-08T23:14:52.978847" elapsed="0.001055"/>
</kw>
<status status="PASS" start="2024-07-08T23:14:52.883278" elapsed="0.096752"/>
</kw>
<doc>Testa o conteúdo específico dos campos retornados pela API.</doc>
<tag>testeConteudo</tag>
<status status="PASS" start="2024-07-08T23:14:52.882849" elapsed="0.097323"/>
</test>
<status status="PASS" start="2024-07-08T23:14:51.918209" elapsed="1.063868"/>
</suite>
<status status="PASS" start="2024-07-08T23:14:51.903207" elapsed="1.083918"/>
</suite>
<statistics>
<total>
<stat pass="5" fail="0" skip="0">All Tests</stat>
</total>
<tag>
<stat pass="1" fail="0" skip="0">testeConteudo</stat>
<stat pass="1" fail="0" skip="0">testeEstruturaResposta</stat>
<stat pass="1" fail="0" skip="0">testeRequisicaoBasica</stat>
<stat pass="1" fail="0" skip="0">testeTiposDados</stat>
</tag>
<suite>
<stat pass="5" fail="0" skip="0" id="s1" name="Tests">Tests</stat>
<stat pass="5" fail="0" skip="0" id="s1-s1" name="Random-User-Test">Tests.Random-User-Test</stat>
</suite>
</statistics>
<errors>
</errors>
</robot>
