<?xml version="1.0" encoding="UTF-8"?>
<robot generator="Robot 7.0 (Python 3.12.3 on linux)" generated="2024-06-03T21:14:45.888587" rpa="false" schemaversion="5">
<suite id="s1" name="Tests" source="/home/runner/work/ApiRandomUser/ApiRandomUser/RamdonUser/tests">
<suite id="s1-s1" name="Random-User-Test" source="/home/runner/work/ApiRandomUser/ApiRandomUser/RamdonUser/tests/random-user-test.robot">
<test id="s1-s1-t1" name="Conectar" line="13">
<kw name="Conectar API" owner="random-user-service">
<kw name="Create Session" owner="RequestsLibrary">
<msg time="2024-06-03T21:14:46.274554" level="INFO">Creating Session using : alias=consultarAPI, url=https://randomuser.me/, headers={},                     cookies={}, auth=None, timeout=None, proxies=None, verify=False,                     debug=0 </msg>
<arg>consultarAPI</arg>
<arg>${URL}</arg>
<doc>Create Session: create a HTTP session to a server</doc>
<status status="PASS" start="2024-06-03T21:14:46.274354" elapsed="0.000388"/>
</kw>
<status status="PASS" start="2024-06-03T21:14:46.273364" elapsed="0.001745"/>
</kw>
<status status="PASS" start="2024-06-03T21:14:46.272737" elapsed="0.002565"/>
</test>
<test id="s1-s1-t2" name="Validar retorno 200 e JSON Válido" line="16">
<kw name="Teste de Requisicao Basica" owner="random-user-service">
<kw name="GET On Session" owner="RequestsLibrary">
<msg time="2024-06-03T21:14:46.446444" level="INFO">GET Request : url=https://randomuser.me/api 
 path_url=/api 
 headers={'User-Agent': 'python-requests/2.32.3', 'Accept-Encoding': 'gzip, deflate', 'Accept': '*/*', 'Connection': 'keep-alive'} 
 body=None 
 </msg>
<msg time="2024-06-03T21:14:46.446612" level="INFO">GET Response : url=https://randomuser.me/api 
 status=200, reason=OK 
 headers={'Date': 'Mon, 03 Jun 2024 21:14:46 GMT', 'Content-Type': 'application/json; charset=utf-8', 'Transfer-Encoding': 'chunked', 'Connection': 'keep-alive', 'X-Powered-By': 'Express', 'Access-Control-Allow-Origin': '*', 'Cache-Control': 'no-cache', 'ETag': 'W/"4aa-7G8TcN7nmBYqrvlaLbrVGHTxH9E"', 'Vary': 'Accept-Encoding', 'Content-Encoding': 'gzip', 'CF-Cache-Status': 'DYNAMIC', 'Report-To': '{"endpoints":[{"url":"https:\\/\\/a.nel.cloudflare.com\\/report\\/v4?s=Xhc1jOPJT8YoEQQPlBnTxFtcnHwV8VxrsK18R7crfWeSMBnRCRalscbB3%2FWSCgvdrrjLBga0vXz7isCYd6CnF5Bo5%2BO%2Fl2FIKGAqdmtYJ%2BUdDlSen9LnB7I9kVoGGBIW"}],"group":"cf-nel","max_age":604800}', 'NEL': '{"success_fraction":0,"report_to":"cf-nel","max_age":604800}', 'Server': 'cloudflare', 'CF-RAY': '88e2b1d81ee287b0-IAD', 'alt-svc': 'h3=":443"; ma=86400'} 
 body={"results":[{"gender":"male","name":{"title":"Mr","first":"Wallace","last":"Armstrong"},"location":{"street":{"number":499,"name":"Elgin St"},"city":"Australian Capital Territory","state":"Tasmania","country":"Australia","postcode":5961,"coordinates":{"latitude":"-86.2955","longitude":"-81.8620"},"timezone":{"offset":"+3:00","description":"Baghdad, Riyadh, Moscow, St. Petersburg"}},"email":"wallace.armstrong@example.com","login":{"uuid":"f08041a8-bd45-4544-89dd-cb129b9c7151","username":"ticklishswan797","password":"maryland","salt":"T1qwwrsX","md5":"8e3883e02ae25ada02cd4572348972fc","sha1":"faf6966dd63f366e090471abb027c7a0548215cc","sha256":"8b0c08d1ff2df06506eb604a57d92b722c56937434a35ebabc640caa3da1101b"},"dob":{"date":"1984-01-28T03:59:59.829Z","age":40},"registered":{"date":"2004-05-27T23:37:46.171Z","age":20},"phone":"06-7684-0308","cell":"0413-682-908","id":{"name":"TFN","value":"296159831"},"picture":{"large":"https://randomuser.me/api/portraits/men/14.jpg","medium":"https://randomuser.me/api/portraits/med/men/14.jpg","thumbnail":"https://randomuser.me/api/portraits/thumb/men/14.jpg"},"nat":"AU"}],"info":{"seed":"bb4f3326d67a8342","results":1,"page":1,"version":"1.4"}} 
 </msg>
<msg time="2024-06-03T21:14:46.446707" level="INFO">/opt/hostedtoolcache/Python/3.12.3/x64/lib/python3.12/site-packages/urllib3/connectionpool.py:1103: InsecureRequestWarning: Unverified HTTPS request is being made to host 'randomuser.me'. Adding certificate verification is strongly advised. See: https://urllib3.readthedocs.io/en/latest/advanced-usage.html#tls-warnings
  warnings.warn(</msg>
<msg time="2024-06-03T21:14:46.446890" level="INFO">${response} = &lt;Response [200]&gt;</msg>
<var>${response}</var>
<arg>consultarAPI</arg>
<arg>/api</arg>
<doc>Sends a GET request on a previously created HTTP Session.</doc>
<status status="PASS" start="2024-06-03T21:14:46.277929" elapsed="0.169016"/>
</kw>
<kw name="Should Be Equal As Numbers" owner="BuiltIn">
<msg time="2024-06-03T21:14:46.448032" level="INFO">Argument types are:
&lt;class 'int'&gt;
&lt;class 'str'&gt;</msg>
<arg>${response.status_code}</arg>
<arg>200</arg>
<doc>Fails if objects are unequal after converting them to real numbers.</doc>
<status status="PASS" start="2024-06-03T21:14:46.447529" elapsed="0.000570"/>
</kw>
<kw name="Log" owner="BuiltIn">
<msg time="2024-06-03T21:14:46.448796" level="INFO">200</msg>
<arg>${response.status_code}</arg>
<doc>Logs the given message with the given level.</doc>
<status status="PASS" start="2024-06-03T21:14:46.448445" elapsed="0.000402"/>
</kw>
<kw name="Set Variable" owner="BuiltIn">
<msg time="2024-06-03T21:14:46.449606" level="INFO">${json_data} = {'results': [{'gender': 'male', 'name': {'title': 'Mr', 'first': 'Wallace', 'last': 'Armstrong'}, 'location': {'street': {'number': 499, 'name': 'Elgin St'}, 'city': 'Australian Capital Territory', 's...</msg>
<var>${json_data}</var>
<arg>${response.json()}</arg>
<doc>Returns the given values which can then be assigned to a variables.</doc>
<status status="PASS" start="2024-06-03T21:14:46.449166" elapsed="0.000471"/>
</kw>
<kw name="Dictionary Should Contain Key" owner="Collections">
<msg time="2024-06-03T21:14:46.450116" level="INFO">False</msg>
<arg>${json_data}</arg>
<arg>results</arg>
<doc>Fails if ``key`` is not found from ``dictionary``.</doc>
<status status="PASS" start="2024-06-03T21:14:46.449942" elapsed="0.000214"/>
</kw>
<status status="PASS" start="2024-06-03T21:14:46.277687" elapsed="0.172737"/>
</kw>
<doc>Testa se a API responde corretamente e retorna um objeto JSON válido.</doc>
<tag>testeRequisicaoBasica</tag>
<status status="PASS" start="2024-06-03T21:14:46.277217" elapsed="0.173402"/>
</test>
<test id="s1-s1-t3" name="Validar estrutura de resposta" line="22">
<kw name="Teste de Estrutura de Resposta" owner="random-user-service">
<kw name="GET On Session" owner="RequestsLibrary">
<msg time="2024-06-03T21:14:46.548933" level="INFO">GET Request : url=https://randomuser.me/api 
 path_url=/api 
 headers={'User-Agent': 'python-requests/2.32.3', 'Accept-Encoding': 'gzip, deflate', 'Accept': '*/*', 'Connection': 'keep-alive'} 
 body=None 
 </msg>
<msg time="2024-06-03T21:14:46.549035" level="INFO">GET Response : url=https://randomuser.me/api 
 status=200, reason=OK 
 headers={'Date': 'Mon, 03 Jun 2024 21:14:46 GMT', 'Content-Type': 'application/json; charset=utf-8', 'Transfer-Encoding': 'chunked', 'Connection': 'keep-alive', 'X-Powered-By': 'Express', 'Access-Control-Allow-Origin': '*', 'Cache-Control': 'no-cache', 'ETag': 'W/"47b-fLEwX19ZILJI1AG79cLZSDYKO9Q"', 'Vary': 'Accept-Encoding', 'Content-Encoding': 'gzip', 'CF-Cache-Status': 'DYNAMIC', 'Report-To': '{"endpoints":[{"url":"https:\\/\\/a.nel.cloudflare.com\\/report\\/v4?s=nT1I5PJCqnJlkACynyErE8F8v6D0BiCxxsv995H14dlpZJVAOFRoF%2F%2BU7DewZtjnjAVVrzrXyzFUK3N5cCwNkx3WOLaU48KQrwPSXyA7%2Bbes9UUYvJoSVS0v%2FvSnyc9%2B"}],"group":"cf-nel","max_age":604800}', 'NEL': '{"success_fraction":0,"report_to":"cf-nel","max_age":604800}', 'Server': 'cloudflare', 'CF-RAY': '88e2b1d85f6487b0-IAD', 'alt-svc': 'h3=":443"; ma=86400'} 
 body={"results":[{"gender":"male","name":{"title":"Mr","first":"Venâncio","last":"Nogueira"},"location":{"street":{"number":6529,"name":"Rua Um"},"city":"Colatina","state":"Pará","country":"Brazil","postcode":47156,"coordinates":{"latitude":"-79.0579","longitude":"-176.2271"},"timezone":{"offset":"+9:30","description":"Adelaide, Darwin"}},"email":"venancio.nogueira@example.com","login":{"uuid":"faeae396-457d-4fdc-8152-bfa18d2887ea","username":"greendog765","password":"bassman","salt":"rwE27YUq","md5":"4dd6b9f838be297f3115df53f56cd76b","sha1":"eb1ea4517caf74bdaeebdad59096123b30a10618","sha256":"e95f30da2c68f0550295b6fdc48494bfa7e454a40f07866bd73cf74f475234da"},"dob":{"date":"1998-12-15T10:21:25.712Z","age":25},"registered":{"date":"2015-01-10T22:38:23.618Z","age":9},"phone":"(58) 1554-8689","cell":"(86) 4417-2810","id":{"name":"CPF","value":"995.315.313-87"},"picture":{"large":"https://randomuser.me/api/portraits/men/9.jpg","medium":"https://randomuser.me/api/portraits/med/men/9.jpg","thumbnail":"https://randomuser.me/api/portraits/thumb/men/9.jpg"},"nat":"BR"}],"info":{"seed":"4a12257e0b78dd1e","results":1,"page":1,"version":"1.4"}} 
 </msg>
<msg time="2024-06-03T21:14:46.549151" level="INFO">/opt/hostedtoolcache/Python/3.12.3/x64/lib/python3.12/site-packages/urllib3/connectionpool.py:1103: InsecureRequestWarning: Unverified HTTPS request is being made to host 'randomuser.me'. Adding certificate verification is strongly advised. See: https://urllib3.readthedocs.io/en/latest/advanced-usage.html#tls-warnings
  warnings.warn(</msg>
<msg time="2024-06-03T21:14:46.549286" level="INFO">${response} = &lt;Response [200]&gt;</msg>
<var>${response}</var>
<arg>consultarAPI</arg>
<arg>/api</arg>
<doc>Sends a GET request on a previously created HTTP Session.</doc>
<status status="PASS" start="2024-06-03T21:14:46.453646" elapsed="0.095681"/>
</kw>
<kw name="Set Variable" owner="BuiltIn">
<msg time="2024-06-03T21:14:46.550480" level="INFO">${json_data} = {'results': [{'gender': 'male', 'name': {'title': 'Mr', 'first': 'Venâncio', 'last': 'Nogueira'}, 'location': {'street': {'number': 6529, 'name': 'Rua Um'}, 'city': 'Colatina', 'state': 'Pará', 'count...</msg>
<var>${json_data}</var>
<arg>${response.json()}</arg>
<doc>Returns the given values which can then be assigned to a variables.</doc>
<status status="PASS" start="2024-06-03T21:14:46.549925" elapsed="0.000588"/>
</kw>
<kw name="Log" owner="BuiltIn">
<msg time="2024-06-03T21:14:46.551003" level="INFO">{'results': [{'gender': 'male', 'name': {'title': 'Mr', 'first': 'Venâncio', 'last': 'Nogueira'}, 'location': {'street': {'number': 6529, 'name': 'Rua Um'}, 'city': 'Colatina', 'state': 'Pará', 'country': 'Brazil', 'postcode': 47156, 'coordinates': {'latitude': '-79.0579', 'longitude': '-176.2271'}, 'timezone': {'offset': '+9:30', 'description': 'Adelaide, Darwin'}}, 'email': 'venancio.nogueira@example.com', 'login': {'uuid': 'faeae396-457d-4fdc-8152-bfa18d2887ea', 'username': 'greendog765', 'password': 'bassman', 'salt': 'rwE27YUq', 'md5': '4dd6b9f838be297f3115df53f56cd76b', 'sha1': 'eb1ea4517caf74bdaeebdad59096123b30a10618', 'sha256': 'e95f30da2c68f0550295b6fdc48494bfa7e454a40f07866bd73cf74f475234da'}, 'dob': {'date': '1998-12-15T10:21:25.712Z', 'age': 25}, 'registered': {'date': '2015-01-10T22:38:23.618Z', 'age': 9}, 'phone': '(58) 1554-8689', 'cell': '(86) 4417-2810', 'id': {'name': 'CPF', 'value': '995.315.313-87'}, 'picture': {'large': 'https://randomuser.me/api/portraits/men/9.jpg', 'medium': 'https://randomuser.me/api/portraits/med/men/9.jpg', 'thumbnail': 'https://randomuser.me/api/portraits/thumb/men/9.jpg'}, 'nat': 'BR'}], 'info': {'seed': '4a12257e0b78dd1e', 'results': 1, 'page': 1, 'version': '1.4'}}</msg>
<arg>${json_data}</arg>
<doc>Logs the given message with the given level.</doc>
<status status="PASS" start="2024-06-03T21:14:46.550836" elapsed="0.000223"/>
</kw>
<kw name="Dictionary Should Contain Key" owner="Collections">
<msg time="2024-06-03T21:14:46.551526" level="INFO">False</msg>
<arg>${json_data}</arg>
<arg>results</arg>
<doc>Fails if ``key`` is not found from ``dictionary``.</doc>
<status status="PASS" start="2024-06-03T21:14:46.551361" elapsed="0.000204"/>
</kw>
<kw name="Should Not Be Empty" owner="BuiltIn">
<msg time="2024-06-03T21:14:46.552055" level="INFO">Length is 2.</msg>
<arg>${json_data}</arg>
<doc>Verifies that the given item is not empty.</doc>
<status status="PASS" start="2024-06-03T21:14:46.551920" elapsed="0.000175"/>
</kw>
<kw name="Create List" owner="BuiltIn">
<msg time="2024-06-03T21:14:46.552701" level="INFO">${expected_keys} = ['gender', 'name', 'location', 'email', 'login']</msg>
<var>${expected_keys}</var>
<arg>gender</arg>
<arg>name</arg>
<arg>location</arg>
<arg>email</arg>
<arg>login</arg>
<doc>Returns a list containing given items.</doc>
<status status="PASS" start="2024-06-03T21:14:46.552387" elapsed="0.000340"/>
</kw>
<for flavor="IN">
<iter>
<kw name="Dictionary Should Contain Key" owner="Collections">
<msg time="2024-06-03T21:14:46.553747" level="INFO">False</msg>
<arg>${json_data['results'][0]}</arg>
<arg>${key}</arg>
<doc>Fails if ``key`` is not found from ``dictionary``.</doc>
<status status="PASS" start="2024-06-03T21:14:46.553343" elapsed="0.000442"/>
</kw>
<kw name="Log" owner="BuiltIn">
<msg time="2024-06-03T21:14:46.554458" level="INFO">{'gender': 'male', 'name': {'title': 'Mr', 'first': 'Venâncio', 'last': 'Nogueira'}, 'location': {'street': {'number': 6529, 'name': 'Rua Um'}, 'city': 'Colatina', 'state': 'Pará', 'country': 'Brazil', 'postcode': 47156, 'coordinates': {'latitude': '-79.0579', 'longitude': '-176.2271'}, 'timezone': {'offset': '+9:30', 'description': 'Adelaide, Darwin'}}, 'email': 'venancio.nogueira@example.com', 'login': {'uuid': 'faeae396-457d-4fdc-8152-bfa18d2887ea', 'username': 'greendog765', 'password': 'bassman', 'salt': 'rwE27YUq', 'md5': '4dd6b9f838be297f3115df53f56cd76b', 'sha1': 'eb1ea4517caf74bdaeebdad59096123b30a10618', 'sha256': 'e95f30da2c68f0550295b6fdc48494bfa7e454a40f07866bd73cf74f475234da'}, 'dob': {'date': '1998-12-15T10:21:25.712Z', 'age': 25}, 'registered': {'date': '2015-01-10T22:38:23.618Z', 'age': 9}, 'phone': '(58) 1554-8689', 'cell': '(86) 4417-2810', 'id': {'name': 'CPF', 'value': '995.315.313-87'}, 'picture': {'large': 'https://randomuser.me/api/portraits/men/9.jpg', 'medium': 'https://randomuser.me/api/portraits/med/men/9.jpg', 'thumbnail': 'https://randomuser.me/api/portraits/thumb/men/9.jpg'}, 'nat': 'BR'}</msg>
<arg>${json_data['results'][0]}</arg>
<doc>Logs the given message with the given level.</doc>
<status status="PASS" start="2024-06-03T21:14:46.554089" elapsed="0.000420"/>
</kw>
<kw name="Log" owner="BuiltIn">
<msg time="2024-06-03T21:14:46.554944" level="INFO">gender</msg>
<arg>${key}</arg>
<doc>Logs the given message with the given level.</doc>
<status status="PASS" start="2024-06-03T21:14:46.554809" elapsed="0.000174"/>
</kw>
<var name="${key}">gender</var>
<status status="PASS" start="2024-06-03T21:14:46.553214" elapsed="0.001989"/>
</iter>
<iter>
<kw name="Dictionary Should Contain Key" owner="Collections">
<msg time="2024-06-03T21:14:46.555942" level="INFO">False</msg>
<arg>${json_data['results'][0]}</arg>
<arg>${key}</arg>
<doc>Fails if ``key`` is not found from ``dictionary``.</doc>
<status status="PASS" start="2024-06-03T21:14:46.555509" elapsed="0.000473"/>
</kw>
<kw name="Log" owner="BuiltIn">
<msg time="2024-06-03T21:14:46.556685" level="INFO">{'gender': 'male', 'name': {'title': 'Mr', 'first': 'Venâncio', 'last': 'Nogueira'}, 'location': {'street': {'number': 6529, 'name': 'Rua Um'}, 'city': 'Colatina', 'state': 'Pará', 'country': 'Brazil', 'postcode': 47156, 'coordinates': {'latitude': '-79.0579', 'longitude': '-176.2271'}, 'timezone': {'offset': '+9:30', 'description': 'Adelaide, Darwin'}}, 'email': 'venancio.nogueira@example.com', 'login': {'uuid': 'faeae396-457d-4fdc-8152-bfa18d2887ea', 'username': 'greendog765', 'password': 'bassman', 'salt': 'rwE27YUq', 'md5': '4dd6b9f838be297f3115df53f56cd76b', 'sha1': 'eb1ea4517caf74bdaeebdad59096123b30a10618', 'sha256': 'e95f30da2c68f0550295b6fdc48494bfa7e454a40f07866bd73cf74f475234da'}, 'dob': {'date': '1998-12-15T10:21:25.712Z', 'age': 25}, 'registered': {'date': '2015-01-10T22:38:23.618Z', 'age': 9}, 'phone': '(58) 1554-8689', 'cell': '(86) 4417-2810', 'id': {'name': 'CPF', 'value': '995.315.313-87'}, 'picture': {'large': 'https://randomuser.me/api/portraits/men/9.jpg', 'medium': 'https://randomuser.me/api/portraits/med/men/9.jpg', 'thumbnail': 'https://randomuser.me/api/portraits/thumb/men/9.jpg'}, 'nat': 'BR'}</msg>
<arg>${json_data['results'][0]}</arg>
<doc>Logs the given message with the given level.</doc>
<status status="PASS" start="2024-06-03T21:14:46.556314" elapsed="0.000423"/>
</kw>
<kw name="Log" owner="BuiltIn">
<msg time="2024-06-03T21:14:46.557169" level="INFO">name</msg>
<arg>${key}</arg>
<doc>Logs the given message with the given level.</doc>
<status status="PASS" start="2024-06-03T21:14:46.557039" elapsed="0.000168"/>
</kw>
<var name="${key}">name</var>
<status status="PASS" start="2024-06-03T21:14:46.555394" elapsed="0.002032"/>
</iter>
<iter>
<kw name="Dictionary Should Contain Key" owner="Collections">
<msg time="2024-06-03T21:14:46.558096" level="INFO">False</msg>
<arg>${json_data['results'][0]}</arg>
<arg>${key}</arg>
<doc>Fails if ``key`` is not found from ``dictionary``.</doc>
<status status="PASS" start="2024-06-03T21:14:46.557718" elapsed="0.000416"/>
</kw>
<kw name="Log" owner="BuiltIn">
<msg time="2024-06-03T21:14:46.558794" level="INFO">{'gender': 'male', 'name': {'title': 'Mr', 'first': 'Venâncio', 'last': 'Nogueira'}, 'location': {'street': {'number': 6529, 'name': 'Rua Um'}, 'city': 'Colatina', 'state': 'Pará', 'country': 'Brazil', 'postcode': 47156, 'coordinates': {'latitude': '-79.0579', 'longitude': '-176.2271'}, 'timezone': {'offset': '+9:30', 'description': 'Adelaide, Darwin'}}, 'email': 'venancio.nogueira@example.com', 'login': {'uuid': 'faeae396-457d-4fdc-8152-bfa18d2887ea', 'username': 'greendog765', 'password': 'bassman', 'salt': 'rwE27YUq', 'md5': '4dd6b9f838be297f3115df53f56cd76b', 'sha1': 'eb1ea4517caf74bdaeebdad59096123b30a10618', 'sha256': 'e95f30da2c68f0550295b6fdc48494bfa7e454a40f07866bd73cf74f475234da'}, 'dob': {'date': '1998-12-15T10:21:25.712Z', 'age': 25}, 'registered': {'date': '2015-01-10T22:38:23.618Z', 'age': 9}, 'phone': '(58) 1554-8689', 'cell': '(86) 4417-2810', 'id': {'name': 'CPF', 'value': '995.315.313-87'}, 'picture': {'large': 'https://randomuser.me/api/portraits/men/9.jpg', 'medium': 'https://randomuser.me/api/portraits/med/men/9.jpg', 'thumbnail': 'https://randomuser.me/api/portraits/thumb/men/9.jpg'}, 'nat': 'BR'}</msg>
<arg>${json_data['results'][0]}</arg>
<doc>Logs the given message with the given level.</doc>
<status status="PASS" start="2024-06-03T21:14:46.558429" elapsed="0.000426"/>
</kw>
<kw name="Log" owner="BuiltIn">
<msg time="2024-06-03T21:14:46.559297" level="INFO">location</msg>
<arg>${key}</arg>
<doc>Logs the given message with the given level.</doc>
<status status="PASS" start="2024-06-03T21:14:46.559160" elapsed="0.000175"/>
</kw>
<var name="${key}">location</var>
<status status="PASS" start="2024-06-03T21:14:46.557606" elapsed="0.001947"/>
</iter>
<iter>
<kw name="Dictionary Should Contain Key" owner="Collections">
<msg time="2024-06-03T21:14:46.560302" level="INFO">False</msg>
<arg>${json_data['results'][0]}</arg>
<arg>${key}</arg>
<doc>Fails if ``key`` is not found from ``dictionary``.</doc>
<status status="PASS" start="2024-06-03T21:14:46.559895" elapsed="0.000469"/>
</kw>
<kw name="Log" owner="BuiltIn">
<msg time="2024-06-03T21:14:46.561177" level="INFO">{'gender': 'male', 'name': {'title': 'Mr', 'first': 'Venâncio', 'last': 'Nogueira'}, 'location': {'street': {'number': 6529, 'name': 'Rua Um'}, 'city': 'Colatina', 'state': 'Pará', 'country': 'Brazil', 'postcode': 47156, 'coordinates': {'latitude': '-79.0579', 'longitude': '-176.2271'}, 'timezone': {'offset': '+9:30', 'description': 'Adelaide, Darwin'}}, 'email': 'venancio.nogueira@example.com', 'login': {'uuid': 'faeae396-457d-4fdc-8152-bfa18d2887ea', 'username': 'greendog765', 'password': 'bassman', 'salt': 'rwE27YUq', 'md5': '4dd6b9f838be297f3115df53f56cd76b', 'sha1': 'eb1ea4517caf74bdaeebdad59096123b30a10618', 'sha256': 'e95f30da2c68f0550295b6fdc48494bfa7e454a40f07866bd73cf74f475234da'}, 'dob': {'date': '1998-12-15T10:21:25.712Z', 'age': 25}, 'registered': {'date': '2015-01-10T22:38:23.618Z', 'age': 9}, 'phone': '(58) 1554-8689', 'cell': '(86) 4417-2810', 'id': {'name': 'CPF', 'value': '995.315.313-87'}, 'picture': {'large': 'https://randomuser.me/api/portraits/men/9.jpg', 'medium': 'https://randomuser.me/api/portraits/med/men/9.jpg', 'thumbnail': 'https://randomuser.me/api/portraits/thumb/men/9.jpg'}, 'nat': 'BR'}</msg>
<arg>${json_data['results'][0]}</arg>
<doc>Logs the given message with the given level.</doc>
<status status="PASS" start="2024-06-03T21:14:46.560796" elapsed="0.000432"/>
</kw>
<kw name="Log" owner="BuiltIn">
<msg time="2024-06-03T21:14:46.561661" level="INFO">email</msg>
<arg>${key}</arg>
<doc>Logs the given message with the given level.</doc>
<status status="PASS" start="2024-06-03T21:14:46.561531" elapsed="0.000177"/>
</kw>
<var name="${key}">email</var>
<status status="PASS" start="2024-06-03T21:14:46.559775" elapsed="0.002152"/>
</iter>
<iter>
<kw name="Dictionary Should Contain Key" owner="Collections">
<msg time="2024-06-03T21:14:46.562600" level="INFO">False</msg>
<arg>${json_data['results'][0]}</arg>
<arg>${key}</arg>
<doc>Fails if ``key`` is not found from ``dictionary``.</doc>
<status status="PASS" start="2024-06-03T21:14:46.562213" elapsed="0.000424"/>
</kw>
<kw name="Log" owner="BuiltIn">
<msg time="2024-06-03T21:14:46.563306" level="INFO">{'gender': 'male', 'name': {'title': 'Mr', 'first': 'Venâncio', 'last': 'Nogueira'}, 'location': {'street': {'number': 6529, 'name': 'Rua Um'}, 'city': 'Colatina', 'state': 'Pará', 'country': 'Brazil', 'postcode': 47156, 'coordinates': {'latitude': '-79.0579', 'longitude': '-176.2271'}, 'timezone': {'offset': '+9:30', 'description': 'Adelaide, Darwin'}}, 'email': 'venancio.nogueira@example.com', 'login': {'uuid': 'faeae396-457d-4fdc-8152-bfa18d2887ea', 'username': 'greendog765', 'password': 'bassman', 'salt': 'rwE27YUq', 'md5': '4dd6b9f838be297f3115df53f56cd76b', 'sha1': 'eb1ea4517caf74bdaeebdad59096123b30a10618', 'sha256': 'e95f30da2c68f0550295b6fdc48494bfa7e454a40f07866bd73cf74f475234da'}, 'dob': {'date': '1998-12-15T10:21:25.712Z', 'age': 25}, 'registered': {'date': '2015-01-10T22:38:23.618Z', 'age': 9}, 'phone': '(58) 1554-8689', 'cell': '(86) 4417-2810', 'id': {'name': 'CPF', 'value': '995.315.313-87'}, 'picture': {'large': 'https://randomuser.me/api/portraits/men/9.jpg', 'medium': 'https://randomuser.me/api/portraits/med/men/9.jpg', 'thumbnail': 'https://randomuser.me/api/portraits/thumb/men/9.jpg'}, 'nat': 'BR'}</msg>
<arg>${json_data['results'][0]}</arg>
<doc>Logs the given message with the given level.</doc>
<status status="PASS" start="2024-06-03T21:14:46.562932" elapsed="0.000425"/>
</kw>
<kw name="Log" owner="BuiltIn">
<msg time="2024-06-03T21:14:46.563826" level="INFO">login</msg>
<arg>${key}</arg>
<doc>Logs the given message with the given level.</doc>
<status status="PASS" start="2024-06-03T21:14:46.563682" elapsed="0.000183"/>
</kw>
<var name="${key}">login</var>
<status status="PASS" start="2024-06-03T21:14:46.562100" elapsed="0.001983"/>
</iter>
<var>${key}</var>
<value>@{expected_keys}</value>
<status status="PASS" start="2024-06-03T21:14:46.553009" elapsed="0.011221"/>
</for>
<kw name="Create List" owner="BuiltIn">
<msg time="2024-06-03T21:14:46.564578" level="INFO">${expected_keysTwo} = ['username', 'password']</msg>
<var>${expected_keysTwo}</var>
<arg>username</arg>
<arg>password</arg>
<doc>Returns a list containing given items.</doc>
<status status="PASS" start="2024-06-03T21:14:46.564433" elapsed="0.000168"/>
</kw>
<for flavor="IN">
<iter>
<kw name="Dictionary Should Contain Key" owner="Collections">
<msg time="2024-06-03T21:14:46.565495" level="INFO">False</msg>
<arg>${json_data['results'][0]['login']}</arg>
<arg>${keyTwo}</arg>
<doc>Fails if ``key`` is not found from ``dictionary``.</doc>
<status status="PASS" start="2024-06-03T21:14:46.565117" elapsed="0.000416"/>
</kw>
<kw name="Dictionary Should Contain Key" owner="Collections">
<msg time="2024-06-03T21:14:46.566210" level="INFO">False</msg>
<arg>${json_data['results'][0]['login']}</arg>
<arg>${keyTwo}</arg>
<doc>Fails if ``key`` is not found from ``dictionary``.</doc>
<status status="PASS" start="2024-06-03T21:14:46.565823" elapsed="0.000424"/>
</kw>
<kw name="Log" owner="BuiltIn">
<msg time="2024-06-03T21:14:46.566664" level="INFO">username</msg>
<arg>${keyTwo}</arg>
<doc>Logs the given message with the given level.</doc>
<status status="PASS" start="2024-06-03T21:14:46.566537" elapsed="0.000165"/>
</kw>
<var name="${keyTwo}">username</var>
<status status="PASS" start="2024-06-03T21:14:46.565002" elapsed="0.001912"/>
</iter>
<iter>
<kw name="Dictionary Should Contain Key" owner="Collections">
<msg time="2024-06-03T21:14:46.567571" level="INFO">False</msg>
<arg>${json_data['results'][0]['login']}</arg>
<arg>${keyTwo}</arg>
<doc>Fails if ``key`` is not found from ``dictionary``.</doc>
<status status="PASS" start="2024-06-03T21:14:46.567200" elapsed="0.000409"/>
</kw>
<kw name="Dictionary Should Contain Key" owner="Collections">
<msg time="2024-06-03T21:14:46.568402" level="INFO">False</msg>
<arg>${json_data['results'][0]['login']}</arg>
<arg>${keyTwo}</arg>
<doc>Fails if ``key`` is not found from ``dictionary``.</doc>
<status status="PASS" start="2024-06-03T21:14:46.567946" elapsed="0.000496"/>
</kw>
<kw name="Log" owner="BuiltIn">
<msg time="2024-06-03T21:14:46.568911" level="INFO">password</msg>
<arg>${keyTwo}</arg>
<doc>Logs the given message with the given level.</doc>
<status status="PASS" start="2024-06-03T21:14:46.568744" elapsed="0.000206"/>
</kw>
<var name="${keyTwo}">password</var>
<status status="PASS" start="2024-06-03T21:14:46.567086" elapsed="0.002086"/>
</iter>
<var>${keyTwo}</var>
<value>@{expected_keysTwo}</value>
<status status="PASS" start="2024-06-03T21:14:46.564840" elapsed="0.004461"/>
</for>
<status status="PASS" start="2024-06-03T21:14:46.453300" elapsed="0.116144"/>
</kw>
<doc>Testa a estrutura da resposta da API.</doc>
<tag>testeEstruturaResposta</tag>
<status status="PASS" start="2024-06-03T21:14:46.452519" elapsed="0.117084"/>
</test>
<test id="s1-s1-t4" name="Validar tipos de dados" line="28">
<kw name="Teste de Tipos de Dados" owner="random-user-service">
<kw name="GET On Session" owner="RequestsLibrary">
<msg time="2024-06-03T21:14:46.649584" level="INFO">GET Request : url=https://randomuser.me/api 
 path_url=/api 
 headers={'User-Agent': 'python-requests/2.32.3', 'Accept-Encoding': 'gzip, deflate', 'Accept': '*/*', 'Connection': 'keep-alive'} 
 body=None 
 </msg>
<msg time="2024-06-03T21:14:46.649676" level="INFO">GET Response : url=https://randomuser.me/api 
 status=200, reason=OK 
 headers={'Date': 'Mon, 03 Jun 2024 21:14:46 GMT', 'Content-Type': 'application/json; charset=utf-8', 'Transfer-Encoding': 'chunked', 'Connection': 'keep-alive', 'X-Powered-By': 'Express', 'Access-Control-Allow-Origin': '*', 'Cache-Control': 'no-cache', 'ETag': 'W/"46b-KKn2fYFH8gPta7T3dlhzTJW8kMI"', 'Vary': 'Accept-Encoding', 'Content-Encoding': 'gzip', 'CF-Cache-Status': 'DYNAMIC', 'Report-To': '{"endpoints":[{"url":"https:\\/\\/a.nel.cloudflare.com\\/report\\/v4?s=ZBGTdMQtFqGBjLgshUohtIexNk0x2cQj1RnWkuT02TyRg1%2F%2BAKofQGpUj3DDG7W2zFUqSRD%2B9XzNdOEY1dXrNkgpOcpHyENnyqOE286JaF2GH8SszM4MhYTZ1a7hPVoY"}],"group":"cf-nel","max_age":604800}', 'NEL': '{"success_fraction":0,"report_to":"cf-nel","max_age":604800}', 'Server': 'cloudflare', 'CF-RAY': '88e2b1d9193187b0-IAD', 'alt-svc': 'h3=":443"; ma=86400'} 
 body={"results":[{"gender":"male","name":{"title":"Mr","first":"Idhant","last":"Salian"},"location":{"street":{"number":1340,"name":"Naiduthota"},"city":"Satna","state":"Delhi","country":"India","postcode":41102,"coordinates":{"latitude":"10.6146","longitude":"-134.5901"},"timezone":{"offset":"-2:00","description":"Mid-Atlantic"}},"email":"idhant.salian@example.com","login":{"uuid":"7c529d45-cc5c-4cc8-b1cf-dd4fcb82d373","username":"silverzebra862","password":"attack","salt":"XWvXVXFS","md5":"fd61f915c04cdf58c507208a78eb91bf","sha1":"3c51cc62606708b1592765028b34654989cf1dae","sha256":"76a4128210faf301e916c47571f5728a39aa024ce17583c1999a8008e3b44b2f"},"dob":{"date":"1993-11-03T01:39:45.193Z","age":30},"registered":{"date":"2007-10-13T07:53:17.676Z","age":16},"phone":"9751824268","cell":"7472258186","id":{"name":"UIDAI","value":"653098809395"},"picture":{"large":"https://randomuser.me/api/portraits/men/99.jpg","medium":"https://randomuser.me/api/portraits/med/men/99.jpg","thumbnail":"https://randomuser.me/api/portraits/thumb/men/99.jpg"},"nat":"IN"}],"info":{"seed":"c5dc03fcef4957ec","results":1,"page":1,"version":"1.4"}} 
 </msg>
<msg time="2024-06-03T21:14:46.649753" level="INFO">/opt/hostedtoolcache/Python/3.12.3/x64/lib/python3.12/site-packages/urllib3/connectionpool.py:1103: InsecureRequestWarning: Unverified HTTPS request is being made to host 'randomuser.me'. Adding certificate verification is strongly advised. See: https://urllib3.readthedocs.io/en/latest/advanced-usage.html#tls-warnings
  warnings.warn(</msg>
<msg time="2024-06-03T21:14:46.649889" level="INFO">${response} = &lt;Response [200]&gt;</msg>
<var>${response}</var>
<arg>consultarAPI</arg>
<arg>/api</arg>
<doc>Sends a GET request on a previously created HTTP Session.</doc>
<status status="PASS" start="2024-06-03T21:14:46.572183" elapsed="0.077779"/>
</kw>
<kw name="Set Variable" owner="BuiltIn">
<msg time="2024-06-03T21:14:46.651101" level="INFO">${json_data} = {'results': [{'gender': 'male', 'name': {'title': 'Mr', 'first': 'Idhant', 'last': 'Salian'}, 'location': {'street': {'number': 1340, 'name': 'Naiduthota'}, 'city': 'Satna', 'state': 'Delhi', 'country...</msg>
<var>${json_data}</var>
<arg>${response.json()}</arg>
<doc>Returns the given values which can then be assigned to a variables.</doc>
<status status="PASS" start="2024-06-03T21:14:46.650560" elapsed="0.000570"/>
</kw>
<kw name="Log" owner="BuiltIn">
<msg time="2024-06-03T21:14:46.651597" level="INFO">{'results': [{'gender': 'male', 'name': {'title': 'Mr', 'first': 'Idhant', 'last': 'Salian'}, 'location': {'street': {'number': 1340, 'name': 'Naiduthota'}, 'city': 'Satna', 'state': 'Delhi', 'country': 'India', 'postcode': 41102, 'coordinates': {'latitude': '10.6146', 'longitude': '-134.5901'}, 'timezone': {'offset': '-2:00', 'description': 'Mid-Atlantic'}}, 'email': 'idhant.salian@example.com', 'login': {'uuid': '7c529d45-cc5c-4cc8-b1cf-dd4fcb82d373', 'username': 'silverzebra862', 'password': 'attack', 'salt': 'XWvXVXFS', 'md5': 'fd61f915c04cdf58c507208a78eb91bf', 'sha1': '3c51cc62606708b1592765028b34654989cf1dae', 'sha256': '76a4128210faf301e916c47571f5728a39aa024ce17583c1999a8008e3b44b2f'}, 'dob': {'date': '1993-11-03T01:39:45.193Z', 'age': 30}, 'registered': {'date': '2007-10-13T07:53:17.676Z', 'age': 16}, 'phone': '9751824268', 'cell': '7472258186', 'id': {'name': 'UIDAI', 'value': '653098809395'}, 'picture': {'large': 'https://randomuser.me/api/portraits/men/99.jpg', 'medium': 'https://randomuser.me/api/portraits/med/men/99.jpg', 'thumbnail': 'https://randomuser.me/api/portraits/thumb/men/99.jpg'}, 'nat': 'IN'}], 'info': {'seed': 'c5dc03fcef4957ec', 'results': 1, 'page': 1, 'version': '1.4'}}</msg>
<arg>${json_data}</arg>
<doc>Logs the given message with the given level.</doc>
<status status="PASS" start="2024-06-03T21:14:46.651440" elapsed="0.000280"/>
</kw>
<kw name="Should Be String" owner="String">
<arg>${json_data['results'][0]['gender']}</arg>
<doc>Fails if the given ``item`` is not a string.</doc>
<status status="PASS" start="2024-06-03T21:14:46.652034" elapsed="0.000360"/>
</kw>
<kw name="Should Match Regexp" owner="BuiltIn">
<arg>${json_data['results'][0]['email']}</arg>
<arg>^[a-zA-Z0-9._%+-]+@[a-zA-Z0-9.-]+\.[a-zA-Z]{2,}$</arg>
<doc>Fails if ``string`` does not match ``pattern`` as a regular expression.</doc>
<status status="PASS" start="2024-06-03T21:14:46.652588" elapsed="0.000519"/>
</kw>
<kw name="Should Match Regexp" owner="BuiltIn">
<arg>${json_data['results'][0]['dob']['date']}</arg>
<arg>\\d{4}-\\d{2}-\\d{2}T\\d{2}:\\d{2}:\\d{2}\\.\\d{3}Z</arg>
<doc>Fails if ``string`` does not match ``pattern`` as a regular expression.</doc>
<status status="PASS" start="2024-06-03T21:14:46.653307" elapsed="0.000488"/>
</kw>
<kw name="Should Match Regexp" owner="BuiltIn">
<arg>${json_data['results'][0]['registered']['date']}</arg>
<arg>\\d{4}-\\d{2}-\\d{2}T\\d{2}:\\d{2}:\\d{2}\\.\\d{3}Z</arg>
<doc>Fails if ``string`` does not match ``pattern`` as a regular expression.</doc>
<status status="PASS" start="2024-06-03T21:14:46.653989" elapsed="0.000367"/>
</kw>
<kw name="Should Match Regexp" owner="BuiltIn">
<arg>${json_data['results'][0]['picture']['large']}</arg>
<arg>^https?://.*\.(?:png|jpe?g|gif|bmp)$</arg>
<doc>Fails if ``string`` does not match ``pattern`` as a regular expression.</doc>
<status status="PASS" start="2024-06-03T21:14:46.654546" elapsed="0.000468"/>
</kw>
<kw name="Should Match Regexp" owner="BuiltIn">
<arg>${json_data['results'][0]['picture']['medium']}</arg>
<arg>^https?://.*\.(?:png|jpe?g|gif|bmp)$</arg>
<doc>Fails if ``string`` does not match ``pattern`` as a regular expression.</doc>
<status status="PASS" start="2024-06-03T21:14:46.655205" elapsed="0.000353"/>
</kw>
<kw name="Should Match Regexp" owner="BuiltIn">
<arg>${json_data['results'][0]['picture']['thumbnail']}</arg>
<arg>^https?://.*\.(?:png|jpe?g|gif|bmp)$</arg>
<doc>Fails if ``string`` does not match ``pattern`` as a regular expression.</doc>
<status status="PASS" start="2024-06-03T21:14:46.655792" elapsed="0.000352"/>
</kw>
<kw name="Log" owner="BuiltIn">
<msg time="2024-06-03T21:14:46.656669" level="INFO">{'large': 'https://randomuser.me/api/portraits/men/99.jpg', 'medium': 'https://randomuser.me/api/portraits/med/men/99.jpg', 'thumbnail': 'https://randomuser.me/api/portraits/thumb/men/99.jpg'}</msg>
<arg>${json_data['results'][0]['picture']}</arg>
<doc>Logs the given message with the given level.</doc>
<status status="PASS" start="2024-06-03T21:14:46.656337" elapsed="0.000376"/>
</kw>
<status status="PASS" start="2024-06-03T21:14:46.571947" elapsed="0.085033"/>
</kw>
<kw name="Teste de Tipos de Dados - Postcode" owner="random-user-service">
<kw name="GET On Session" owner="RequestsLibrary">
<msg time="2024-06-03T21:14:46.744568" level="INFO">GET Request : url=https://randomuser.me/api 
 path_url=/api 
 headers={'User-Agent': 'python-requests/2.32.3', 'Accept-Encoding': 'gzip, deflate', 'Accept': '*/*', 'Connection': 'keep-alive'} 
 body=None 
 </msg>
<msg time="2024-06-03T21:14:46.744668" level="INFO">GET Response : url=https://randomuser.me/api 
 status=200, reason=OK 
 headers={'Date': 'Mon, 03 Jun 2024 21:14:46 GMT', 'Content-Type': 'application/json; charset=utf-8', 'Transfer-Encoding': 'chunked', 'Connection': 'keep-alive', 'X-Powered-By': 'Express', 'Access-Control-Allow-Origin': '*', 'Cache-Control': 'no-cache', 'ETag': 'W/"45d-LMu5nqrb0C/zOFGPD36Z1KQdbuk"', 'Vary': 'Accept-Encoding', 'Content-Encoding': 'gzip', 'CF-Cache-Status': 'DYNAMIC', 'Report-To': '{"endpoints":[{"url":"https:\\/\\/a.nel.cloudflare.com\\/report\\/v4?s=L3RH8N1ebxD1fGwL4JzMUIcODC6KQ9uVsrIGzNrqSHfAEhXKI7DN9C3nfVgPCZmxev%2F1YvlQjRoaUESIx%2FbMWIFCrP0lqe8xpTT2iZ%2FzczId7C%2Be5de%2BAbmlSSurAJrg"}],"group":"cf-nel","max_age":604800}', 'NEL': '{"success_fraction":0,"report_to":"cf-nel","max_age":604800}', 'Server': 'cloudflare', 'CF-RAY': '88e2b1d99a8687b0-IAD', 'alt-svc': 'h3=":443"; ma=86400'} 
 body={"results":[{"gender":"male","name":{"title":"Mr","first":"Efe","last":"Poçan"},"location":{"street":{"number":1583,"name":"Vatan Cd"},"city":"Konya","state":"Manisa","country":"Turkey","postcode":68608,"coordinates":{"latitude":"72.3955","longitude":"-144.9222"},"timezone":{"offset":"-2:00","description":"Mid-Atlantic"}},"email":"efe.pocan@example.com","login":{"uuid":"4b62f88a-f1dd-4293-ac4c-2848c8b63275","username":"crazypeacock219","password":"sharp","salt":"0eYZjLpy","md5":"9f341b1d4a04686aee557013c83499f5","sha1":"2ec0bd195232ead5de5aee1c72765443269eed31","sha256":"160f596a5bf3367c9f1625372fddf3fb607249dea40500fb76519eba32a22f55"},"dob":{"date":"1975-12-12T01:12:56.806Z","age":48},"registered":{"date":"2008-06-18T03:18:49.145Z","age":15},"phone":"(757)-411-4392","cell":"(186)-742-0655","id":{"name":"","value":null},"picture":{"large":"https://randomuser.me/api/portraits/men/54.jpg","medium":"https://randomuser.me/api/portraits/med/men/54.jpg","thumbnail":"https://randomuser.me/api/portraits/thumb/men/54.jpg"},"nat":"TR"}],"info":{"seed":"b34ecf1601b74de8","results":1,"page":1,"version":"1.4"}} 
 </msg>
<msg time="2024-06-03T21:14:46.744737" level="INFO">/opt/hostedtoolcache/Python/3.12.3/x64/lib/python3.12/site-packages/urllib3/connectionpool.py:1103: InsecureRequestWarning: Unverified HTTPS request is being made to host 'randomuser.me'. Adding certificate verification is strongly advised. See: https://urllib3.readthedocs.io/en/latest/advanced-usage.html#tls-warnings
  warnings.warn(</msg>
<msg time="2024-06-03T21:14:46.744869" level="INFO">${response} = &lt;Response [200]&gt;</msg>
<var>${response}</var>
<arg>consultarAPI</arg>
<arg>/api</arg>
<doc>Sends a GET request on a previously created HTTP Session.</doc>
<status status="PASS" start="2024-06-03T21:14:46.657434" elapsed="0.087473"/>
</kw>
<kw name="Set Variable" owner="BuiltIn">
<msg time="2024-06-03T21:14:46.746077" level="INFO">${json_data} = {'results': [{'gender': 'male', 'name': {'title': 'Mr', 'first': 'Efe', 'last': 'Poçan'}, 'location': {'street': {'number': 1583, 'name': 'Vatan Cd'}, 'city': 'Konya', 'state': 'Manisa', 'country': 'T...</msg>
<var>${json_data}</var>
<arg>${response.json()}</arg>
<doc>Returns the given values which can then be assigned to a variables.</doc>
<status status="PASS" start="2024-06-03T21:14:46.745522" elapsed="0.000588"/>
</kw>
<kw name="Log" owner="BuiltIn">
<msg time="2024-06-03T21:14:46.746583" level="INFO">{'results': [{'gender': 'male', 'name': {'title': 'Mr', 'first': 'Efe', 'last': 'Poçan'}, 'location': {'street': {'number': 1583, 'name': 'Vatan Cd'}, 'city': 'Konya', 'state': 'Manisa', 'country': 'Turkey', 'postcode': 68608, 'coordinates': {'latitude': '72.3955', 'longitude': '-144.9222'}, 'timezone': {'offset': '-2:00', 'description': 'Mid-Atlantic'}}, 'email': 'efe.pocan@example.com', 'login': {'uuid': '4b62f88a-f1dd-4293-ac4c-2848c8b63275', 'username': 'crazypeacock219', 'password': 'sharp', 'salt': '0eYZjLpy', 'md5': '9f341b1d4a04686aee557013c83499f5', 'sha1': '2ec0bd195232ead5de5aee1c72765443269eed31', 'sha256': '160f596a5bf3367c9f1625372fddf3fb607249dea40500fb76519eba32a22f55'}, 'dob': {'date': '1975-12-12T01:12:56.806Z', 'age': 48}, 'registered': {'date': '2008-06-18T03:18:49.145Z', 'age': 15}, 'phone': '(757)-411-4392', 'cell': '(186)-742-0655', 'id': {'name': '', 'value': None}, 'picture': {'large': 'https://randomuser.me/api/portraits/men/54.jpg', 'medium': 'https://randomuser.me/api/portraits/med/men/54.jpg', 'thumbnail': 'https://randomuser.me/api/portraits/thumb/men/54.jpg'}, 'nat': 'TR'}], 'info': {'seed': 'b34ecf1601b74de8', 'results': 1, 'page': 1, 'version': '1.4'}}</msg>
<arg>${json_data}</arg>
<doc>Logs the given message with the given level.</doc>
<status status="PASS" start="2024-06-03T21:14:46.746424" elapsed="0.000210"/>
</kw>
<kw name="Should Be Equal As Numbers" owner="BuiltIn">
<arg>${json_data['results'][0]['location']['postcode']}</arg>
<arg>${json_data['results'][0]['location']['postcode']}</arg>
<doc>Fails if objects are unequal after converting them to real numbers.</doc>
<status status="PASS" start="2024-06-03T21:14:46.746937" elapsed="0.000845"/>
</kw>
<kw name="Log" owner="BuiltIn">
<msg time="2024-06-03T21:14:46.748363" level="INFO">68608</msg>
<arg>${json_data['results'][0]['location']['postcode']}</arg>
<doc>Logs the given message with the given level.</doc>
<status status="PASS" start="2024-06-03T21:14:46.748016" elapsed="0.000389"/>
</kw>
<status status="PASS" start="2024-06-03T21:14:46.657206" elapsed="0.091456"/>
</kw>
<doc>Testa se os tipos de dados na resposta da API estão corretos.</doc>
<tag>testeTiposDados</tag>
<status status="PASS" start="2024-06-03T21:14:46.571362" elapsed="0.177472"/>
</test>
<test id="s1-s1-t5" name="Validar conteudo" line="35">
<kw name="Teste de Tipos de Conteudo" owner="random-user-service">
<kw name="GET On Session" owner="RequestsLibrary">
<msg time="2024-06-03T21:14:46.867711" level="INFO">GET Request : url=https://randomuser.me/api 
 path_url=/api 
 headers={'User-Agent': 'python-requests/2.32.3', 'Accept-Encoding': 'gzip, deflate', 'Accept': '*/*', 'Connection': 'keep-alive'} 
 body=None 
 </msg>
<msg time="2024-06-03T21:14:46.867807" level="INFO">GET Response : url=https://randomuser.me/api 
 status=200, reason=OK 
 headers={'Date': 'Mon, 03 Jun 2024 21:14:46 GMT', 'Content-Type': 'application/json; charset=utf-8', 'Transfer-Encoding': 'chunked', 'Connection': 'keep-alive', 'X-Powered-By': 'Express', 'Access-Control-Allow-Origin': '*', 'Cache-Control': 'no-cache', 'ETag': 'W/"48e-wPE0cSl4MLN99HF/V+3LCmZ4FsM"', 'Vary': 'Accept-Encoding', 'Content-Encoding': 'gzip', 'CF-Cache-Status': 'DYNAMIC', 'Report-To': '{"endpoints":[{"url":"https:\\/\\/a.nel.cloudflare.com\\/report\\/v4?s=mcXMf12nWkWv1%2BUVDXjm4cNbUvktQrkkDkXXGICVLzKFFXEjnROFi5R52shAcI%2FoztuVocGbNzq1UpyKWqbp7GIae1t%2FO%2Bbojh8l7hjDHo9wTxSLrfsNjTSgVi2LR4od"}],"group":"cf-nel","max_age":604800}', 'NEL': '{"success_fraction":0,"report_to":"cf-nel","max_age":604800}', 'Server': 'cloudflare', 'CF-RAY': '88e2b1da3bc087b0-IAD', 'alt-svc': 'h3=":443"; ma=86400'} 
 body={"results":[{"gender":"male","name":{"title":"Mr","first":"Mario","last":"Serrano"},"location":{"street":{"number":7524,"name":"Calle de Bravo Murillo"},"city":"Madrid","state":"Ceuta","country":"Spain","postcode":90489,"coordinates":{"latitude":"-31.2362","longitude":"-138.1573"},"timezone":{"offset":"+5:30","description":"Bombay, Calcutta, Madras, New Delhi"}},"email":"mario.serrano@example.com","login":{"uuid":"cebc687e-97f2-470c-b398-abc7ac2440aa","username":"organicleopard701","password":"chai","salt":"JB8jCcXp","md5":"d5267e3d3dd6ef06cc1a46900d46618c","sha1":"835e71236e56fcc3cbbb15a1bbb57a6017b2c288","sha256":"412f9890f9719a161d29a588352c8b02c163bb17a08ebc3b2e775b6cc2094071"},"dob":{"date":"1985-12-30T03:28:55.033Z","age":38},"registered":{"date":"2018-07-06T08:25:25.219Z","age":5},"phone":"968-132-066","cell":"651-245-554","id":{"name":"DNI","value":"18341471-J"},"picture":{"large":"https://randomuser.me/api/portraits/men/44.jpg","medium":"https://randomuser.me/api/portraits/med/men/44.jpg","thumbnail":"https://randomuser.me/api/portraits/thumb/men/44.jpg"},"nat":"ES"}],"info":{"seed":"222b5f225168a3e2","results":1,"page":1,"version":"1.4"}} 
 </msg>
<msg time="2024-06-03T21:14:46.867875" level="INFO">/opt/hostedtoolcache/Python/3.12.3/x64/lib/python3.12/site-packages/urllib3/connectionpool.py:1103: InsecureRequestWarning: Unverified HTTPS request is being made to host 'randomuser.me'. Adding certificate verification is strongly advised. See: https://urllib3.readthedocs.io/en/latest/advanced-usage.html#tls-warnings
  warnings.warn(</msg>
<msg time="2024-06-03T21:14:46.868000" level="INFO">${response} = &lt;Response [200]&gt;</msg>
<var>${response}</var>
<arg>consultarAPI</arg>
<arg>/api</arg>
<doc>Sends a GET request on a previously created HTTP Session.</doc>
<status status="PASS" start="2024-06-03T21:14:46.751337" elapsed="0.116703"/>
</kw>
<kw name="Set Variable" owner="BuiltIn">
<msg time="2024-06-03T21:14:46.869191" level="INFO">${json_data} = {'results': [{'gender': 'male', 'name': {'title': 'Mr', 'first': 'Mario', 'last': 'Serrano'}, 'location': {'street': {'number': 7524, 'name': 'Calle de Bravo Murillo'}, 'city': 'Madrid', 'state': 'Ceu...</msg>
<var>${json_data}</var>
<arg>${response.json()}</arg>
<doc>Returns the given values which can then be assigned to a variables.</doc>
<status status="PASS" start="2024-06-03T21:14:46.868643" elapsed="0.000578"/>
</kw>
<kw name="Set Variable" owner="BuiltIn">
<msg time="2024-06-03T21:14:46.869911" level="INFO">${name_title} = Mr</msg>
<var>${name_title}</var>
<arg>${json_data["results"][0]["name"]["title"]}</arg>
<doc>Returns the given values which can then be assigned to a variables.</doc>
<status status="PASS" start="2024-06-03T21:14:46.869528" elapsed="0.000408"/>
</kw>
<kw name="Create List" owner="BuiltIn">
<msg time="2024-06-03T21:14:46.870393" level="INFO">${allowed_titles} = ['Mr', 'Ms', 'Miss', 'Mrs', 'Madame', 'Monsieur']</msg>
<var>${allowed_titles}</var>
<arg>Mr</arg>
<arg>Ms</arg>
<arg>Miss</arg>
<arg>Mrs</arg>
<arg>Madame</arg>
<arg>Monsieur</arg>
<doc>Returns a list containing given items.</doc>
<status status="PASS" start="2024-06-03T21:14:46.870245" elapsed="0.000172"/>
</kw>
<kw name="List Should Contain Value" owner="Collections">
<msg time="2024-06-03T21:14:46.870905" level="INFO">False</msg>
<arg>${allowed_titles}</arg>
<arg>${name_title}</arg>
<doc>Fails if the ``value`` is not found from ``list``.</doc>
<status status="PASS" start="2024-06-03T21:14:46.870724" elapsed="0.000218"/>
</kw>
<kw name="Set Variable" owner="BuiltIn">
<msg time="2024-06-03T21:14:46.871607" level="INFO">${name_country} = ES</msg>
<var>${name_country}</var>
<arg>${json_data["results"][0]["nat"]}</arg>
<doc>Returns the given values which can then be assigned to a variables.</doc>
<status status="PASS" start="2024-06-03T21:14:46.871236" elapsed="0.000428"/>
</kw>
<kw name="Create List" owner="BuiltIn">
<msg time="2024-06-03T21:14:46.872582" level="INFO">${list_country} = ['AD', 'AE', 'AF', 'AG', 'AI', 'AL', 'AM', 'AO', 'AQ', 'AR', 'AS', 'AT', 'AU', 'AW', 'AX', 'AZ', 'BA', 'BB', 'BD', 'BE', 'BF', 'BG', 'BH', 'BI', 'BJ', 'BL', 'BM', 'BN', 'BO', 'BQ', 'BR', 'BS', 'BT', '...</msg>
<var>${list_country}</var>
<arg>AD</arg>
<arg>AE</arg>
<arg>AF</arg>
<arg>AG</arg>
<arg>AI</arg>
<arg>AL</arg>
<arg>AM</arg>
<arg>AO</arg>
<arg>AQ</arg>
<arg>AR</arg>
<arg>AS</arg>
<arg>AT</arg>
<arg>AU</arg>
<arg>AW</arg>
<arg>AX</arg>
<arg>AZ</arg>
<arg>BA</arg>
<arg>BB</arg>
<arg>BD</arg>
<arg>BE</arg>
<arg>BF</arg>
<arg>BG</arg>
<arg>BH</arg>
<arg>BI</arg>
<arg>BJ</arg>
<arg>BL</arg>
<arg>BM</arg>
<arg>BN</arg>
<arg>BO</arg>
<arg>BQ</arg>
<arg>BR</arg>
<arg>BS</arg>
<arg>BT</arg>
<arg>BV</arg>
<arg>BW</arg>
<arg>BY</arg>
<arg>BZ</arg>
<arg>CA</arg>
<arg>CC</arg>
<arg>CD</arg>
<arg>CF</arg>
<arg>CG</arg>
<arg>CH</arg>
<arg>CI</arg>
<arg>CK</arg>
<arg>CL</arg>
<arg>CM</arg>
<arg>CN</arg>
<arg>CO</arg>
<arg>CR</arg>
<arg>CU</arg>
<arg>CV</arg>
<arg>CW</arg>
<arg>CX</arg>
<arg>CY</arg>
<arg>CZ</arg>
<arg>DE</arg>
<arg>DJ</arg>
<arg>DK</arg>
<arg>DM</arg>
<arg>DO</arg>
<arg>DZ</arg>
<arg>EC</arg>
<arg>EE</arg>
<arg>EG</arg>
<arg>EH</arg>
<arg>ER</arg>
<arg>ES</arg>
<arg>ET</arg>
<arg>FI</arg>
<arg>FJ</arg>
<arg>FK</arg>
<arg>FM</arg>
<arg>FO</arg>
<arg>FR</arg>
<arg>GA</arg>
<arg>GB</arg>
<arg>GD</arg>
<arg>GE</arg>
<arg>GF</arg>
<arg>GG</arg>
<arg>GH</arg>
<arg>GI</arg>
<arg>GL</arg>
<arg>GM</arg>
<arg>GN</arg>
<arg>GP</arg>
<arg>GQ</arg>
<arg>GR</arg>
<arg>GS</arg>
<arg>GT</arg>
<arg>GU</arg>
<arg>GW</arg>
<arg>GY</arg>
<arg>HK</arg>
<arg>HM</arg>
<arg>HN</arg>
<arg>HR</arg>
<arg>HT</arg>
<arg>HU</arg>
<arg>ID</arg>
<arg>IE</arg>
<arg>IL</arg>
<arg>IM</arg>
<arg>IN</arg>
<arg>IO</arg>
<arg>IQ</arg>
<arg>IR</arg>
<arg>IS</arg>
<arg>IT</arg>
<arg>JE</arg>
<arg>JM</arg>
<arg>JO</arg>
<arg>JP</arg>
<arg>KE</arg>
<arg>KG</arg>
<arg>KH</arg>
<arg>KI</arg>
<arg>KM</arg>
<arg>KN</arg>
<arg>KP</arg>
<arg>KR</arg>
<arg>KW</arg>
<arg>KY</arg>
<arg>KZ</arg>
<arg>LA</arg>
<arg>LB</arg>
<arg>LC</arg>
<arg>LI</arg>
<arg>LK</arg>
<arg>LR</arg>
<arg>LS</arg>
<arg>LT</arg>
<arg>LU</arg>
<arg>LV</arg>
<arg>LY</arg>
<arg>MA</arg>
<arg>MC</arg>
<arg>MD</arg>
<arg>ME</arg>
<arg>MF</arg>
<arg>MG</arg>
<arg>MH</arg>
<arg>MK</arg>
<arg>ML</arg>
<arg>MM</arg>
<arg>MN</arg>
<arg>MO</arg>
<arg>MP</arg>
<arg>MQ</arg>
<arg>MR</arg>
<arg>MS</arg>
<arg>MT</arg>
<arg>MU</arg>
<arg>MV</arg>
<arg>MW</arg>
<arg>MX</arg>
<arg>MY</arg>
<arg>MZ</arg>
<arg>NA</arg>
<arg>NC</arg>
<arg>NE</arg>
<arg>NF</arg>
<arg>NG</arg>
<arg>NI</arg>
<arg>NL</arg>
<arg>NO</arg>
<arg>NP</arg>
<arg>NR</arg>
<arg>NU</arg>
<arg>NZ</arg>
<arg>OM</arg>
<arg>PA</arg>
<arg>PE</arg>
<arg>PF</arg>
<arg>PG</arg>
<arg>PH</arg>
<arg>PK</arg>
<arg>PL</arg>
<arg>PM</arg>
<arg>PN</arg>
<arg>PR</arg>
<arg>PS</arg>
<arg>PT</arg>
<arg>PW</arg>
<arg>PY</arg>
<arg>QA</arg>
<arg>RE</arg>
<arg>RO</arg>
<arg>RS</arg>
<arg>RU</arg>
<arg>RW</arg>
<arg>SA</arg>
<arg>SB</arg>
<arg>SC</arg>
<arg>SD</arg>
<arg>SE</arg>
<arg>SG</arg>
<arg>SH</arg>
<arg>SI</arg>
<arg>SJ</arg>
<arg>SK</arg>
<arg>SL</arg>
<arg>SM</arg>
<arg>SN</arg>
<arg>SO</arg>
<arg>SR</arg>
<arg>SS</arg>
<arg>ST</arg>
<arg>SV</arg>
<arg>SX</arg>
<arg>SY</arg>
<arg>SZ</arg>
<arg>TC</arg>
<arg>TD</arg>
<arg>TF</arg>
<arg>TG</arg>
<arg>TH</arg>
<arg>TJ</arg>
<arg>TK</arg>
<arg>TL</arg>
<arg>TM</arg>
<arg>TN</arg>
<arg>TO</arg>
<arg>TR</arg>
<arg>TT</arg>
<arg>TV</arg>
<arg>TW</arg>
<arg>TZ</arg>
<arg>UA</arg>
<arg>UG</arg>
<arg>UM</arg>
<arg>US</arg>
<arg>UY</arg>
<arg>UZ</arg>
<arg>VA</arg>
<arg>VC</arg>
<arg>VE</arg>
<arg>VG</arg>
<arg>VI</arg>
<arg>VN</arg>
<arg>VU</arg>
<arg>WF</arg>
<arg>WS</arg>
<arg>XK</arg>
<arg>YE</arg>
<arg>YT</arg>
<arg>ZA</arg>
<arg>ZM</arg>
<arg>ZW</arg>
<doc>Returns a list containing given items.</doc>
<status status="PASS" start="2024-06-03T21:14:46.871978" elapsed="0.000630"/>
</kw>
<kw name="List Should Contain Value" owner="Collections">
<msg time="2024-06-03T21:14:46.873600" level="INFO">False</msg>
<arg>${list_country}</arg>
<arg>${name_country}</arg>
<doc>Fails if the ``value`` is not found from ``list``.</doc>
<status status="PASS" start="2024-06-03T21:14:46.873391" elapsed="0.000246"/>
</kw>
<kw name="Run Keyword If" owner="BuiltIn">
<kw name="Should Be True" owner="BuiltIn">
<arg>${True}</arg>
<doc>Fails if the given condition is not true.</doc>
<status status="PASS" start="2024-06-03T21:14:46.874695" elapsed="0.000145"/>
</kw>
<arg>${json_data["results"][0]["location"]["coordinates"]["latitude"]} &gt;= -90 and ${json_data["results"][0]["location"]["coordinates"]["latitude"]} &lt;= 90</arg>
<arg>Should Be True</arg>
<arg>${True}</arg>
<doc>Runs the given keyword with the given arguments, if ``condition`` is true.</doc>
<status status="PASS" start="2024-06-03T21:14:46.873944" elapsed="0.001023"/>
</kw>
<kw name="Run Keyword If" owner="BuiltIn">
<kw name="Should Be True" owner="BuiltIn">
<arg>${True}</arg>
<doc>Fails if the given condition is not true.</doc>
<status status="PASS" start="2024-06-03T21:14:46.875875" elapsed="0.000253"/>
</kw>
<arg>${json_data["results"][0]["location"]["coordinates"]["longitude"]} &gt;= -180 and ${json_data["results"][0]["location"]["coordinates"]["longitude"]} &lt;= 180</arg>
<arg>Should Be True</arg>
<arg>${True}</arg>
<doc>Runs the given keyword with the given arguments, if ``condition`` is true.</doc>
<status status="PASS" start="2024-06-03T21:14:46.875152" elapsed="0.001101"/>
</kw>
<status status="PASS" start="2024-06-03T21:14:46.751111" elapsed="0.125275"/>
</kw>
<doc>Testa o conteúdo específico dos campos retornados pela API.</doc>
<tag>testeConteudo</tag>
<status status="PASS" start="2024-06-03T21:14:46.750583" elapsed="0.125954"/>
</test>
<status status="PASS" start="2024-06-03T21:14:45.946151" elapsed="0.932349"/>
</suite>
<status status="PASS" start="2024-06-03T21:14:45.932701" elapsed="0.951030"/>
</suite>
<statistics>
<total>
<stat pass="5" fail="0" skip="0">All Tests</stat>
</total>
<tag>
<stat pass="1" fail="0" skip="0">testeConteudo</stat>
<stat pass="1" fail="0" skip="0">testeEstruturaResposta</stat>
<stat pass="1" fail="0" skip="0">testeRequisicaoBasica</stat>
<stat pass="1" fail="0" skip="0">testeTiposDados</stat>
</tag>
<suite>
<stat pass="5" fail="0" skip="0" id="s1" name="Tests">Tests</stat>
<stat pass="5" fail="0" skip="0" id="s1-s1" name="Random-User-Test">Tests.Random-User-Test</stat>
</suite>
</statistics>
<errors>
</errors>
</robot>
