<?xml version="1.0" encoding="UTF-8"?>
<robot generator="Robot 7.0.1 (Python 3.12.4 on linux)" generated="2024-07-28T04:17:06.720698" rpa="false" schemaversion="5">
<suite id="s1" name="Tests" source="/home/runner/work/ApiRandomUser/ApiRandomUser/RamdonUser/tests">
<suite id="s1-s1" name="Random-User-Test" source="/home/runner/work/ApiRandomUser/ApiRandomUser/RamdonUser/tests/random-user-test.robot">
<test id="s1-s1-t1" name="Conectar" line="13">
<kw name="Conectar API" owner="random-user-service">
<kw name="Create Session" owner="RequestsLibrary">
<msg time="2024-07-28T04:17:07.122442" level="INFO">Creating Session using : alias=consultarAPI, url=https://randomuser.me/, headers={},                     cookies={}, auth=None, timeout=None, proxies=None, verify=False,                     debug=0 </msg>
<arg>consultarAPI</arg>
<arg>${URL}</arg>
<doc>Create Session: create a HTTP session to a server</doc>
<status status="PASS" start="2024-07-28T04:17:07.122253" elapsed="0.000363"/>
</kw>
<status status="PASS" start="2024-07-28T04:17:07.121249" elapsed="0.001709"/>
</kw>
<status status="PASS" start="2024-07-28T04:17:07.120679" elapsed="0.002473"/>
</test>
<test id="s1-s1-t2" name="Validar retorno 200 e JSON Válido" line="16">
<kw name="Teste de Requisicao Basica" owner="random-user-service">
<kw name="GET On Session" owner="RequestsLibrary">
<msg time="2024-07-28T04:17:07.505496" level="INFO">GET Request : url=https://randomuser.me/api 
 path_url=/api 
 headers={'User-Agent': 'python-requests/2.32.3', 'Accept-Encoding': 'gzip, deflate', 'Accept': '*/*', 'Connection': 'keep-alive'} 
 body=None 
 </msg>
<msg time="2024-07-28T04:17:07.505597" level="INFO">GET Response : url=https://randomuser.me/api 
 status=200, reason=OK 
 headers={'Date': 'Sun, 28 Jul 2024 04:17:07 GMT', 'Content-Type': 'application/json; charset=utf-8', 'Transfer-Encoding': 'chunked', 'Connection': 'keep-alive', 'X-Powered-By': 'Express', 'Access-Control-Allow-Origin': '*', 'Cache-Control': 'no-cache', 'ETag': 'W/"499-QsAAab8thy5JaM2PLPfs1j2OosU"', 'Vary': 'Accept-Encoding', 'Content-Encoding': 'gzip', 'CF-Cache-Status': 'DYNAMIC', 'Report-To': '{"endpoints":[{"url":"https:\\/\\/a.nel.cloudflare.com\\/report\\/v4?s=59k2bThCDUabtALte%2Bw2tP4pFLPlTWbcnYbLu26xNVXOqZag%2BjBNgDydNs2E21IV7WEX3xaGRr%2B8%2FNZtioFGTP%2FYHd%2FSwC8h9b0v%2BIYeRjjkPK9aqZvFuYadUJ3eQMJg"}],"group":"cf-nel","max_age":604800}', 'NEL': '{"success_fraction":0,"report_to":"cf-nel","max_age":604800}', 'Server': 'cloudflare', 'CF-RAY': '8aa20ec4bad7233a-ORD', 'alt-svc': 'h3=":443"; ma=86400'} 
 body={"results":[{"gender":"female","name":{"title":"Miss","first":"Tanya","last":"Hicks"},"location":{"street":{"number":2047,"name":"Central St"},"city":"Billings","state":"Minnesota","country":"United States","postcode":17230,"coordinates":{"latitude":"87.3075","longitude":"120.8801"},"timezone":{"offset":"+5:30","description":"Bombay, Calcutta, Madras, New Delhi"}},"email":"tanya.hicks@example.com","login":{"uuid":"e62b3117-1958-4b66-9f7e-ab2862d029ee","username":"tinymouse731","password":"jasper","salt":"JwFSAAY0","md5":"e6670565d665edf7467fc1b807429115","sha1":"d86fb8bf6ad8e1124627848a6e06fbbf17da1bce","sha256":"944246be88f5bfee2391780486615b141bca68774ab9a1afc7fe8588bb6ba71a"},"dob":{"date":"1953-09-22T20:36:39.274Z","age":70},"registered":{"date":"2013-02-10T15:04:47.763Z","age":11},"phone":"(380) 368-8473","cell":"(851) 939-7076","id":{"name":"SSN","value":"502-36-4419"},"picture":{"large":"https://randomuser.me/api/portraits/women/37.jpg","medium":"https://randomuser.me/api/portraits/med/women/37.jpg","thumbnail":"https://randomuser.me/api/portraits/thumb/women/37.jpg"},"nat":"US"}],"info":{"seed":"bb3c5014f79ad118","results":1,"page":1,"version":"1.4"}} 
 </msg>
<msg time="2024-07-28T04:17:07.505662" level="INFO">/opt/hostedtoolcache/Python/3.12.4/x64/lib/python3.12/site-packages/urllib3/connectionpool.py:1099: InsecureRequestWarning: Unverified HTTPS request is being made to host 'randomuser.me'. Adding certificate verification is strongly advised. See: https://urllib3.readthedocs.io/en/latest/advanced-usage.html#tls-warnings
  warnings.warn(</msg>
<msg time="2024-07-28T04:17:07.505764" level="INFO">${response} = &lt;Response [200]&gt;</msg>
<var>${response}</var>
<arg>consultarAPI</arg>
<arg>/api</arg>
<doc>Sends a GET request on a previously created HTTP Session.</doc>
<status status="PASS" start="2024-07-28T04:17:07.125812" elapsed="0.379993"/>
</kw>
<kw name="Should Be Equal As Numbers" owner="BuiltIn">
<msg time="2024-07-28T04:17:07.506784" level="INFO">Argument types are:
&lt;class 'int'&gt;
&lt;class 'str'&gt;</msg>
<arg>${response.status_code}</arg>
<arg>200</arg>
<doc>Fails if objects are unequal after converting them to real numbers.</doc>
<status status="PASS" start="2024-07-28T04:17:07.506291" elapsed="0.000554"/>
</kw>
<kw name="Log" owner="BuiltIn">
<msg time="2024-07-28T04:17:07.507506" level="INFO">200</msg>
<arg>${response.status_code}</arg>
<doc>Logs the given message with the given level.</doc>
<status status="PASS" start="2024-07-28T04:17:07.507159" elapsed="0.000388"/>
</kw>
<kw name="Set Variable" owner="BuiltIn">
<msg time="2024-07-28T04:17:07.508308" level="INFO">${json_data} = {'results': [{'gender': 'female', 'name': {'title': 'Miss', 'first': 'Tanya', 'last': 'Hicks'}, 'location': {'street': {'number': 2047, 'name': 'Central St'}, 'city': 'Billings', 'state': 'Minnesota',...</msg>
<var>${json_data}</var>
<arg>${response.json()}</arg>
<doc>Returns the given values which can then be assigned to a variables.</doc>
<status status="PASS" start="2024-07-28T04:17:07.507848" elapsed="0.000496"/>
</kw>
<kw name="Dictionary Should Contain Key" owner="Collections">
<arg>${json_data}</arg>
<arg>results</arg>
<doc>Fails if ``key`` is not found from ``dictionary``.</doc>
<status status="PASS" start="2024-07-28T04:17:07.508647" elapsed="0.000285"/>
</kw>
<status status="PASS" start="2024-07-28T04:17:07.125568" elapsed="0.383511"/>
</kw>
<doc>Testa se a API responde corretamente e retorna um objeto JSON válido.</doc>
<tag>testeRequisicaoBasica</tag>
<status status="PASS" start="2024-07-28T04:17:07.125049" elapsed="0.384186"/>
</test>
<test id="s1-s1-t3" name="Validar estrutura de resposta" line="22">
<kw name="Teste de Estrutura de Resposta" owner="random-user-service">
<kw name="GET On Session" owner="RequestsLibrary">
<msg time="2024-07-28T04:17:07.614797" level="INFO">GET Request : url=https://randomuser.me/api 
 path_url=/api 
 headers={'User-Agent': 'python-requests/2.32.3', 'Accept-Encoding': 'gzip, deflate', 'Accept': '*/*', 'Connection': 'keep-alive'} 
 body=None 
 </msg>
<msg time="2024-07-28T04:17:07.614860" level="INFO">GET Response : url=https://randomuser.me/api 
 status=200, reason=OK 
 headers={'Date': 'Sun, 28 Jul 2024 04:17:07 GMT', 'Content-Type': 'application/json; charset=utf-8', 'Transfer-Encoding': 'chunked', 'Connection': 'keep-alive', 'X-Powered-By': 'Express', 'Access-Control-Allow-Origin': '*', 'Cache-Control': 'no-cache', 'ETag': 'W/"48d-THTmt9Un4s7mQi1suALDd6yWbJE"', 'Vary': 'Accept-Encoding', 'Content-Encoding': 'gzip', 'CF-Cache-Status': 'DYNAMIC', 'Report-To': '{"endpoints":[{"url":"https:\\/\\/a.nel.cloudflare.com\\/report\\/v4?s=HL7bkmT2CquQF%2BqJnE9CoCiTd0ucb2V99wl5i77qELZC2w0S2BzEgMfZrrkMUfkHhxBcI0Gz0z2VB0QzxEV55ubwAZvcqkjkuiX1SJtOc%2BE5BCGM6i%2B4eg0OQ4b43XES"}],"group":"cf-nel","max_age":604800}', 'NEL': '{"success_fraction":0,"report_to":"cf-nel","max_age":604800}', 'Server': 'cloudflare', 'CF-RAY': '8aa20ec5fc4d233a-ORD', 'alt-svc': 'h3=":443"; ma=86400'} 
 body={"results":[{"gender":"female","name":{"title":"Ms","first":"Abbey","last":"Hunter"},"location":{"street":{"number":4867,"name":"Patrick Street"},"city":"Donabate","state":"Mayo","country":"Ireland","postcode":19707,"coordinates":{"latitude":"2.0483","longitude":"148.2493"},"timezone":{"offset":"+9:00","description":"Tokyo, Seoul, Osaka, Sapporo, Yakutsk"}},"email":"abbey.hunter@example.com","login":{"uuid":"07ae7a49-1e7e-4ae5-8bad-e9e5d7e4be34","username":"tinyswan652","password":"passwor1","salt":"7C5O5wIT","md5":"f8f84b01e8dcb118bc68cc90610225ee","sha1":"1533c435ce6a0db455f7623edff255e8e241b22c","sha256":"cfe059b8748c0f73e0d3889be8d175241d42b1608b3258a771f6f82d92a00c24"},"dob":{"date":"1996-09-07T20:13:06.298Z","age":27},"registered":{"date":"2008-08-10T20:43:16.352Z","age":15},"phone":"041-937-8227","cell":"081-211-8257","id":{"name":"PPS","value":"6169926T"},"picture":{"large":"https://randomuser.me/api/portraits/women/83.jpg","medium":"https://randomuser.me/api/portraits/med/women/83.jpg","thumbnail":"https://randomuser.me/api/portraits/thumb/women/83.jpg"},"nat":"IE"}],"info":{"seed":"a04aef2a496bf9bd","results":1,"page":1,"version":"1.4"}} 
 </msg>
<msg time="2024-07-28T04:17:07.614953" level="INFO">/opt/hostedtoolcache/Python/3.12.4/x64/lib/python3.12/site-packages/urllib3/connectionpool.py:1099: InsecureRequestWarning: Unverified HTTPS request is being made to host 'randomuser.me'. Adding certificate verification is strongly advised. See: https://urllib3.readthedocs.io/en/latest/advanced-usage.html#tls-warnings
  warnings.warn(</msg>
<msg time="2024-07-28T04:17:07.615048" level="INFO">${response} = &lt;Response [200]&gt;</msg>
<var>${response}</var>
<arg>consultarAPI</arg>
<arg>/api</arg>
<doc>Sends a GET request on a previously created HTTP Session.</doc>
<status status="PASS" start="2024-07-28T04:17:07.511773" elapsed="0.103315"/>
</kw>
<kw name="Set Variable" owner="BuiltIn">
<msg time="2024-07-28T04:17:07.616045" level="INFO">${json_data} = {'results': [{'gender': 'female', 'name': {'title': 'Ms', 'first': 'Abbey', 'last': 'Hunter'}, 'location': {'street': {'number': 4867, 'name': 'Patrick Street'}, 'city': 'Donabate', 'state': 'Mayo', '...</msg>
<var>${json_data}</var>
<arg>${response.json()}</arg>
<doc>Returns the given values which can then be assigned to a variables.</doc>
<status status="PASS" start="2024-07-28T04:17:07.615526" elapsed="0.000548"/>
</kw>
<kw name="Log" owner="BuiltIn">
<msg time="2024-07-28T04:17:07.616587" level="INFO">{'results': [{'gender': 'female', 'name': {'title': 'Ms', 'first': 'Abbey', 'last': 'Hunter'}, 'location': {'street': {'number': 4867, 'name': 'Patrick Street'}, 'city': 'Donabate', 'state': 'Mayo', 'country': 'Ireland', 'postcode': 19707, 'coordinates': {'latitude': '2.0483', 'longitude': '148.2493'}, 'timezone': {'offset': '+9:00', 'description': 'Tokyo, Seoul, Osaka, Sapporo, Yakutsk'}}, 'email': 'abbey.hunter@example.com', 'login': {'uuid': '07ae7a49-1e7e-4ae5-8bad-e9e5d7e4be34', 'username': 'tinyswan652', 'password': 'passwor1', 'salt': '7C5O5wIT', 'md5': 'f8f84b01e8dcb118bc68cc90610225ee', 'sha1': '1533c435ce6a0db455f7623edff255e8e241b22c', 'sha256': 'cfe059b8748c0f73e0d3889be8d175241d42b1608b3258a771f6f82d92a00c24'}, 'dob': {'date': '1996-09-07T20:13:06.298Z', 'age': 27}, 'registered': {'date': '2008-08-10T20:43:16.352Z', 'age': 15}, 'phone': '041-937-8227', 'cell': '081-211-8257', 'id': {'name': 'PPS', 'value': '6169926T'}, 'picture': {'large': 'https://randomuser.me/api/portraits/women/83.jpg', 'medium': 'https://randomuser.me/api/portraits/med/women/83.jpg', 'thumbnail': 'https://randomuser.me/api/portraits/thumb/women/83.jpg'}, 'nat': 'IE'}], 'info': {'seed': 'a04aef2a496bf9bd', 'results': 1, 'page': 1, 'version': '1.4'}}</msg>
<arg>${json_data}</arg>
<doc>Logs the given message with the given level.</doc>
<status status="PASS" start="2024-07-28T04:17:07.616424" elapsed="0.000210"/>
</kw>
<kw name="Dictionary Should Contain Key" owner="Collections">
<arg>${json_data}</arg>
<arg>results</arg>
<doc>Fails if ``key`` is not found from ``dictionary``.</doc>
<status status="PASS" start="2024-07-28T04:17:07.616925" elapsed="0.000159"/>
</kw>
<kw name="Should Not Be Empty" owner="BuiltIn">
<msg time="2024-07-28T04:17:07.617392" level="INFO">Length is 2.</msg>
<arg>${json_data}</arg>
<doc>Verifies that the given item is not empty.</doc>
<status status="PASS" start="2024-07-28T04:17:07.617264" elapsed="0.000166"/>
</kw>
<kw name="Create List" owner="BuiltIn">
<msg time="2024-07-28T04:17:07.617860" level="INFO">${expected_keys} = ['gender', 'name', 'location', 'email', 'login']</msg>
<var>${expected_keys}</var>
<arg>gender</arg>
<arg>name</arg>
<arg>location</arg>
<arg>email</arg>
<arg>login</arg>
<doc>Returns a list containing given items.</doc>
<status status="PASS" start="2024-07-28T04:17:07.617711" elapsed="0.000172"/>
</kw>
<for flavor="IN">
<iter>
<kw name="Dictionary Should Contain Key" owner="Collections">
<arg>${json_data['results'][0]}</arg>
<arg>${key}</arg>
<doc>Fails if ``key`` is not found from ``dictionary``.</doc>
<status status="PASS" start="2024-07-28T04:17:07.618432" elapsed="0.000403"/>
</kw>
<kw name="Log" owner="BuiltIn">
<msg time="2024-07-28T04:17:07.619368" level="INFO">{'gender': 'female', 'name': {'title': 'Ms', 'first': 'Abbey', 'last': 'Hunter'}, 'location': {'street': {'number': 4867, 'name': 'Patrick Street'}, 'city': 'Donabate', 'state': 'Mayo', 'country': 'Ireland', 'postcode': 19707, 'coordinates': {'latitude': '2.0483', 'longitude': '148.2493'}, 'timezone': {'offset': '+9:00', 'description': 'Tokyo, Seoul, Osaka, Sapporo, Yakutsk'}}, 'email': 'abbey.hunter@example.com', 'login': {'uuid': '07ae7a49-1e7e-4ae5-8bad-e9e5d7e4be34', 'username': 'tinyswan652', 'password': 'passwor1', 'salt': '7C5O5wIT', 'md5': 'f8f84b01e8dcb118bc68cc90610225ee', 'sha1': '1533c435ce6a0db455f7623edff255e8e241b22c', 'sha256': 'cfe059b8748c0f73e0d3889be8d175241d42b1608b3258a771f6f82d92a00c24'}, 'dob': {'date': '1996-09-07T20:13:06.298Z', 'age': 27}, 'registered': {'date': '2008-08-10T20:43:16.352Z', 'age': 15}, 'phone': '041-937-8227', 'cell': '081-211-8257', 'id': {'name': 'PPS', 'value': '6169926T'}, 'picture': {'large': 'https://randomuser.me/api/portraits/women/83.jpg', 'medium': 'https://randomuser.me/api/portraits/med/women/83.jpg', 'thumbnail': 'https://randomuser.me/api/portraits/thumb/women/83.jpg'}, 'nat': 'IE'}</msg>
<arg>${json_data['results'][0]}</arg>
<doc>Logs the given message with the given level.</doc>
<status status="PASS" start="2024-07-28T04:17:07.619019" elapsed="0.000396"/>
</kw>
<kw name="Log" owner="BuiltIn">
<msg time="2024-07-28T04:17:07.619840" level="INFO">gender</msg>
<arg>${key}</arg>
<doc>Logs the given message with the given level.</doc>
<status status="PASS" start="2024-07-28T04:17:07.619713" elapsed="0.000165"/>
</kw>
<var name="${key}">gender</var>
<status status="PASS" start="2024-07-28T04:17:07.618310" elapsed="0.001784"/>
</iter>
<iter>
<kw name="Dictionary Should Contain Key" owner="Collections">
<arg>${json_data['results'][0]}</arg>
<arg>${key}</arg>
<doc>Fails if ``key`` is not found from ``dictionary``.</doc>
<status status="PASS" start="2024-07-28T04:17:07.620427" elapsed="0.000388"/>
</kw>
<kw name="Log" owner="BuiltIn">
<msg time="2024-07-28T04:17:07.621347" level="INFO">{'gender': 'female', 'name': {'title': 'Ms', 'first': 'Abbey', 'last': 'Hunter'}, 'location': {'street': {'number': 4867, 'name': 'Patrick Street'}, 'city': 'Donabate', 'state': 'Mayo', 'country': 'Ireland', 'postcode': 19707, 'coordinates': {'latitude': '2.0483', 'longitude': '148.2493'}, 'timezone': {'offset': '+9:00', 'description': 'Tokyo, Seoul, Osaka, Sapporo, Yakutsk'}}, 'email': 'abbey.hunter@example.com', 'login': {'uuid': '07ae7a49-1e7e-4ae5-8bad-e9e5d7e4be34', 'username': 'tinyswan652', 'password': 'passwor1', 'salt': '7C5O5wIT', 'md5': 'f8f84b01e8dcb118bc68cc90610225ee', 'sha1': '1533c435ce6a0db455f7623edff255e8e241b22c', 'sha256': 'cfe059b8748c0f73e0d3889be8d175241d42b1608b3258a771f6f82d92a00c24'}, 'dob': {'date': '1996-09-07T20:13:06.298Z', 'age': 27}, 'registered': {'date': '2008-08-10T20:43:16.352Z', 'age': 15}, 'phone': '041-937-8227', 'cell': '081-211-8257', 'id': {'name': 'PPS', 'value': '6169926T'}, 'picture': {'large': 'https://randomuser.me/api/portraits/women/83.jpg', 'medium': 'https://randomuser.me/api/portraits/med/women/83.jpg', 'thumbnail': 'https://randomuser.me/api/portraits/thumb/women/83.jpg'}, 'nat': 'IE'}</msg>
<arg>${json_data['results'][0]}</arg>
<doc>Logs the given message with the given level.</doc>
<status status="PASS" start="2024-07-28T04:17:07.620995" elapsed="0.000431"/>
</kw>
<kw name="Log" owner="BuiltIn">
<msg time="2024-07-28T04:17:07.621846" level="INFO">name</msg>
<arg>${key}</arg>
<doc>Logs the given message with the given level.</doc>
<status status="PASS" start="2024-07-28T04:17:07.621720" elapsed="0.000163"/>
</kw>
<var name="${key}">name</var>
<status status="PASS" start="2024-07-28T04:17:07.620311" elapsed="0.001787"/>
</iter>
<iter>
<kw name="Dictionary Should Contain Key" owner="Collections">
<arg>${json_data['results'][0]}</arg>
<arg>${key}</arg>
<doc>Fails if ``key`` is not found from ``dictionary``.</doc>
<status status="PASS" start="2024-07-28T04:17:07.622380" elapsed="0.000378"/>
</kw>
<kw name="Log" owner="BuiltIn">
<msg time="2024-07-28T04:17:07.623281" level="INFO">{'gender': 'female', 'name': {'title': 'Ms', 'first': 'Abbey', 'last': 'Hunter'}, 'location': {'street': {'number': 4867, 'name': 'Patrick Street'}, 'city': 'Donabate', 'state': 'Mayo', 'country': 'Ireland', 'postcode': 19707, 'coordinates': {'latitude': '2.0483', 'longitude': '148.2493'}, 'timezone': {'offset': '+9:00', 'description': 'Tokyo, Seoul, Osaka, Sapporo, Yakutsk'}}, 'email': 'abbey.hunter@example.com', 'login': {'uuid': '07ae7a49-1e7e-4ae5-8bad-e9e5d7e4be34', 'username': 'tinyswan652', 'password': 'passwor1', 'salt': '7C5O5wIT', 'md5': 'f8f84b01e8dcb118bc68cc90610225ee', 'sha1': '1533c435ce6a0db455f7623edff255e8e241b22c', 'sha256': 'cfe059b8748c0f73e0d3889be8d175241d42b1608b3258a771f6f82d92a00c24'}, 'dob': {'date': '1996-09-07T20:13:06.298Z', 'age': 27}, 'registered': {'date': '2008-08-10T20:43:16.352Z', 'age': 15}, 'phone': '041-937-8227', 'cell': '081-211-8257', 'id': {'name': 'PPS', 'value': '6169926T'}, 'picture': {'large': 'https://randomuser.me/api/portraits/women/83.jpg', 'medium': 'https://randomuser.me/api/portraits/med/women/83.jpg', 'thumbnail': 'https://randomuser.me/api/portraits/thumb/women/83.jpg'}, 'nat': 'IE'}</msg>
<arg>${json_data['results'][0]}</arg>
<doc>Logs the given message with the given level.</doc>
<status status="PASS" start="2024-07-28T04:17:07.622941" elapsed="0.000386"/>
</kw>
<kw name="Log" owner="BuiltIn">
<msg time="2024-07-28T04:17:07.623744" level="INFO">location</msg>
<arg>${key}</arg>
<doc>Logs the given message with the given level.</doc>
<status status="PASS" start="2024-07-28T04:17:07.623618" elapsed="0.000161"/>
</kw>
<var name="${key}">location</var>
<status status="PASS" start="2024-07-28T04:17:07.622274" elapsed="0.001720"/>
</iter>
<iter>
<kw name="Dictionary Should Contain Key" owner="Collections">
<arg>${json_data['results'][0]}</arg>
<arg>${key}</arg>
<doc>Fails if ``key`` is not found from ``dictionary``.</doc>
<status status="PASS" start="2024-07-28T04:17:07.624298" elapsed="0.000397"/>
</kw>
<kw name="Log" owner="BuiltIn">
<msg time="2024-07-28T04:17:07.625333" level="INFO">{'gender': 'female', 'name': {'title': 'Ms', 'first': 'Abbey', 'last': 'Hunter'}, 'location': {'street': {'number': 4867, 'name': 'Patrick Street'}, 'city': 'Donabate', 'state': 'Mayo', 'country': 'Ireland', 'postcode': 19707, 'coordinates': {'latitude': '2.0483', 'longitude': '148.2493'}, 'timezone': {'offset': '+9:00', 'description': 'Tokyo, Seoul, Osaka, Sapporo, Yakutsk'}}, 'email': 'abbey.hunter@example.com', 'login': {'uuid': '07ae7a49-1e7e-4ae5-8bad-e9e5d7e4be34', 'username': 'tinyswan652', 'password': 'passwor1', 'salt': '7C5O5wIT', 'md5': 'f8f84b01e8dcb118bc68cc90610225ee', 'sha1': '1533c435ce6a0db455f7623edff255e8e241b22c', 'sha256': 'cfe059b8748c0f73e0d3889be8d175241d42b1608b3258a771f6f82d92a00c24'}, 'dob': {'date': '1996-09-07T20:13:06.298Z', 'age': 27}, 'registered': {'date': '2008-08-10T20:43:16.352Z', 'age': 15}, 'phone': '041-937-8227', 'cell': '081-211-8257', 'id': {'name': 'PPS', 'value': '6169926T'}, 'picture': {'large': 'https://randomuser.me/api/portraits/women/83.jpg', 'medium': 'https://randomuser.me/api/portraits/med/women/83.jpg', 'thumbnail': 'https://randomuser.me/api/portraits/thumb/women/83.jpg'}, 'nat': 'IE'}</msg>
<arg>${json_data['results'][0]}</arg>
<doc>Logs the given message with the given level.</doc>
<status status="PASS" start="2024-07-28T04:17:07.624986" elapsed="0.000405"/>
</kw>
<kw name="Log" owner="BuiltIn">
<msg time="2024-07-28T04:17:07.625812" level="INFO">email</msg>
<arg>${key}</arg>
<doc>Logs the given message with the given level.</doc>
<status status="PASS" start="2024-07-28T04:17:07.625684" elapsed="0.000165"/>
</kw>
<var name="${key}">email</var>
<status status="PASS" start="2024-07-28T04:17:07.624165" elapsed="0.001898"/>
</iter>
<iter>
<kw name="Dictionary Should Contain Key" owner="Collections">
<arg>${json_data['results'][0]}</arg>
<arg>${key}</arg>
<doc>Fails if ``key`` is not found from ``dictionary``.</doc>
<status status="PASS" start="2024-07-28T04:17:07.626342" elapsed="0.000374"/>
</kw>
<kw name="Log" owner="BuiltIn">
<msg time="2024-07-28T04:17:07.627235" level="INFO">{'gender': 'female', 'name': {'title': 'Ms', 'first': 'Abbey', 'last': 'Hunter'}, 'location': {'street': {'number': 4867, 'name': 'Patrick Street'}, 'city': 'Donabate', 'state': 'Mayo', 'country': 'Ireland', 'postcode': 19707, 'coordinates': {'latitude': '2.0483', 'longitude': '148.2493'}, 'timezone': {'offset': '+9:00', 'description': 'Tokyo, Seoul, Osaka, Sapporo, Yakutsk'}}, 'email': 'abbey.hunter@example.com', 'login': {'uuid': '07ae7a49-1e7e-4ae5-8bad-e9e5d7e4be34', 'username': 'tinyswan652', 'password': 'passwor1', 'salt': '7C5O5wIT', 'md5': 'f8f84b01e8dcb118bc68cc90610225ee', 'sha1': '1533c435ce6a0db455f7623edff255e8e241b22c', 'sha256': 'cfe059b8748c0f73e0d3889be8d175241d42b1608b3258a771f6f82d92a00c24'}, 'dob': {'date': '1996-09-07T20:13:06.298Z', 'age': 27}, 'registered': {'date': '2008-08-10T20:43:16.352Z', 'age': 15}, 'phone': '041-937-8227', 'cell': '081-211-8257', 'id': {'name': 'PPS', 'value': '6169926T'}, 'picture': {'large': 'https://randomuser.me/api/portraits/women/83.jpg', 'medium': 'https://randomuser.me/api/portraits/med/women/83.jpg', 'thumbnail': 'https://randomuser.me/api/portraits/thumb/women/83.jpg'}, 'nat': 'IE'}</msg>
<arg>${json_data['results'][0]}</arg>
<doc>Logs the given message with the given level.</doc>
<status status="PASS" start="2024-07-28T04:17:07.626895" elapsed="0.000396"/>
</kw>
<kw name="Log" owner="BuiltIn">
<msg time="2024-07-28T04:17:07.627706" level="INFO">login</msg>
<arg>${key}</arg>
<doc>Logs the given message with the given level.</doc>
<status status="PASS" start="2024-07-28T04:17:07.627580" elapsed="0.000163"/>
</kw>
<var name="${key}">login</var>
<status status="PASS" start="2024-07-28T04:17:07.626235" elapsed="0.001720"/>
</iter>
<var>${key}</var>
<value>@{expected_keys}</value>
<status status="PASS" start="2024-07-28T04:17:07.618135" elapsed="0.009940"/>
</for>
<kw name="Create List" owner="BuiltIn">
<msg time="2024-07-28T04:17:07.628433" level="INFO">${expected_keysTwo} = ['username', 'password']</msg>
<var>${expected_keysTwo}</var>
<arg>username</arg>
<arg>password</arg>
<doc>Returns a list containing given items.</doc>
<status status="PASS" start="2024-07-28T04:17:07.628288" elapsed="0.000196"/>
</kw>
<for flavor="IN">
<iter>
<kw name="Dictionary Should Contain Key" owner="Collections">
<arg>${json_data['results'][0]['login']}</arg>
<arg>${keyTwo}</arg>
<doc>Fails if ``key`` is not found from ``dictionary``.</doc>
<status status="PASS" start="2024-07-28T04:17:07.628983" elapsed="0.000387"/>
</kw>
<kw name="Dictionary Should Contain Key" owner="Collections">
<arg>${json_data['results'][0]['login']}</arg>
<arg>${keyTwo}</arg>
<doc>Fails if ``key`` is not found from ``dictionary``.</doc>
<status status="PASS" start="2024-07-28T04:17:07.629549" elapsed="0.000363"/>
</kw>
<kw name="Log" owner="BuiltIn">
<msg time="2024-07-28T04:17:07.630204" level="INFO">username</msg>
<arg>${keyTwo}</arg>
<doc>Logs the given message with the given level.</doc>
<status status="PASS" start="2024-07-28T04:17:07.630087" elapsed="0.000153"/>
</kw>
<var name="${keyTwo}">username</var>
<status status="PASS" start="2024-07-28T04:17:07.628877" elapsed="0.001581"/>
</iter>
<iter>
<kw name="Dictionary Should Contain Key" owner="Collections">
<arg>${json_data['results'][0]['login']}</arg>
<arg>${keyTwo}</arg>
<doc>Fails if ``key`` is not found from ``dictionary``.</doc>
<status status="PASS" start="2024-07-28T04:17:07.630739" elapsed="0.000373"/>
</kw>
<kw name="Dictionary Should Contain Key" owner="Collections">
<arg>${json_data['results'][0]['login']}</arg>
<arg>${keyTwo}</arg>
<doc>Fails if ``key`` is not found from ``dictionary``.</doc>
<status status="PASS" start="2024-07-28T04:17:07.631287" elapsed="0.000367"/>
</kw>
<kw name="Log" owner="BuiltIn">
<msg time="2024-07-28T04:17:07.631950" level="INFO">password</msg>
<arg>${keyTwo}</arg>
<doc>Logs the given message with the given level.</doc>
<status status="PASS" start="2024-07-28T04:17:07.631826" elapsed="0.000160"/>
</kw>
<var name="${keyTwo}">password</var>
<status status="PASS" start="2024-07-28T04:17:07.630629" elapsed="0.001573"/>
</iter>
<var>${keyTwo}</var>
<value>@{expected_keysTwo}</value>
<status status="PASS" start="2024-07-28T04:17:07.628727" elapsed="0.003622"/>
</for>
<status status="PASS" start="2024-07-28T04:17:07.511547" elapsed="0.120938"/>
</kw>
<doc>Testa a estrutura da resposta da API.</doc>
<tag>testeEstruturaResposta</tag>
<status status="PASS" start="2024-07-28T04:17:07.511001" elapsed="0.121629"/>
</test>
<test id="s1-s1-t4" name="Validar tipos de dados" line="28">
<kw name="Teste de Tipos de Dados" owner="random-user-service">
<kw name="GET On Session" owner="RequestsLibrary">
<msg time="2024-07-28T04:17:07.704191" level="INFO">GET Request : url=https://randomuser.me/api 
 path_url=/api 
 headers={'User-Agent': 'python-requests/2.32.3', 'Accept-Encoding': 'gzip, deflate', 'Accept': '*/*', 'Connection': 'keep-alive'} 
 body=None 
 </msg>
<msg time="2024-07-28T04:17:07.704313" level="INFO">GET Response : url=https://randomuser.me/api 
 status=200, reason=OK 
 headers={'Date': 'Sun, 28 Jul 2024 04:17:07 GMT', 'Content-Type': 'application/json; charset=utf-8', 'Transfer-Encoding': 'chunked', 'Connection': 'keep-alive', 'X-Powered-By': 'Express', 'Access-Control-Allow-Origin': '*', 'Cache-Control': 'no-cache', 'ETag': 'W/"485-VmUDCrTpkD7Sp0YDwSy3iQGEnvY"', 'Vary': 'Accept-Encoding', 'Content-Encoding': 'gzip', 'CF-Cache-Status': 'DYNAMIC', 'Report-To': '{"endpoints":[{"url":"https:\\/\\/a.nel.cloudflare.com\\/report\\/v4?s=djeONKzP5M1GYGnP4exxpBUXwnRjeJsrG5Qxl1OpcNrz35LCDwN8045uKYenf2rYC0LqysCo0ENMeM%2FLeQ2TVr5%2F8SU1H1PaBFZQ9fHVjVdrEGygIJ%2Fw%2BitslEzhIyBS"}],"group":"cf-nel","max_age":604800}', 'NEL': '{"success_fraction":0,"report_to":"cf-nel","max_age":604800}', 'Server': 'cloudflare', 'CF-RAY': '8aa20ec6bd1d233a-ORD', 'alt-svc': 'h3=":443"; ma=86400'} 
 body={"results":[{"gender":"female","name":{"title":"Ms","first":"Özsu","last":"Tuğlu"},"location":{"street":{"number":6690,"name":"Abanoz Sk"},"city":"Sivas","state":"Şanlıurfa","country":"Turkey","postcode":62779,"coordinates":{"latitude":"69.5151","longitude":"76.0952"},"timezone":{"offset":"-4:00","description":"Atlantic Time (Canada), Caracas, La Paz"}},"email":"ozsu.tuglu@example.com","login":{"uuid":"ddb4a6bc-9756-4f0a-bf36-26df6e3ea603","username":"happycat455","password":"christop","salt":"Cvx7bND8","md5":"05a82e6aa8dc4457614321d70f273c6a","sha1":"b7954fc653470c6d73bb24e06fa0a10571b1c64b","sha256":"3e7f89b0b1f637b011622196089e77a1a3eeda8d29c9322295d1797daceaf48d"},"dob":{"date":"1991-06-25T01:14:16.308Z","age":33},"registered":{"date":"2021-03-21T18:40:49.792Z","age":3},"phone":"(928)-630-2828","cell":"(589)-407-6391","id":{"name":"","value":null},"picture":{"large":"https://randomuser.me/api/portraits/women/38.jpg","medium":"https://randomuser.me/api/portraits/med/women/38.jpg","thumbnail":"https://randomuser.me/api/portraits/thumb/women/38.jpg"},"nat":"TR"}],"info":{"seed":"0ba3513b1ef73685","results":1,"page":1,"version":"1.4"}} 
 </msg>
<msg time="2024-07-28T04:17:07.704400" level="INFO">/opt/hostedtoolcache/Python/3.12.4/x64/lib/python3.12/site-packages/urllib3/connectionpool.py:1099: InsecureRequestWarning: Unverified HTTPS request is being made to host 'randomuser.me'. Adding certificate verification is strongly advised. See: https://urllib3.readthedocs.io/en/latest/advanced-usage.html#tls-warnings
  warnings.warn(</msg>
<msg time="2024-07-28T04:17:07.704510" level="INFO">${response} = &lt;Response [200]&gt;</msg>
<var>${response}</var>
<arg>consultarAPI</arg>
<arg>/api</arg>
<doc>Sends a GET request on a previously created HTTP Session.</doc>
<status status="PASS" start="2024-07-28T04:17:07.635118" elapsed="0.069446"/>
</kw>
<kw name="Set Variable" owner="BuiltIn">
<msg time="2024-07-28T04:17:07.705629" level="INFO">${json_data} = {'results': [{'gender': 'female', 'name': {'title': 'Ms', 'first': 'Özsu', 'last': 'Tuğlu'}, 'location': {'street': {'number': 6690, 'name': 'Abanoz Sk'}, 'city': 'Sivas', 'state': 'Şanlıurfa', 'count...</msg>
<var>${json_data}</var>
<arg>${response.json()}</arg>
<doc>Returns the given values which can then be assigned to a variables.</doc>
<status status="PASS" start="2024-07-28T04:17:07.705072" elapsed="0.000587"/>
</kw>
<kw name="Log" owner="BuiltIn">
<msg time="2024-07-28T04:17:07.706119" level="INFO">{'results': [{'gender': 'female', 'name': {'title': 'Ms', 'first': 'Özsu', 'last': 'Tuğlu'}, 'location': {'street': {'number': 6690, 'name': 'Abanoz Sk'}, 'city': 'Sivas', 'state': 'Şanlıurfa', 'country': 'Turkey', 'postcode': 62779, 'coordinates': {'latitude': '69.5151', 'longitude': '76.0952'}, 'timezone': {'offset': '-4:00', 'description': 'Atlantic Time (Canada), Caracas, La Paz'}}, 'email': 'ozsu.tuglu@example.com', 'login': {'uuid': 'ddb4a6bc-9756-4f0a-bf36-26df6e3ea603', 'username': 'happycat455', 'password': 'christop', 'salt': 'Cvx7bND8', 'md5': '05a82e6aa8dc4457614321d70f273c6a', 'sha1': 'b7954fc653470c6d73bb24e06fa0a10571b1c64b', 'sha256': '3e7f89b0b1f637b011622196089e77a1a3eeda8d29c9322295d1797daceaf48d'}, 'dob': {'date': '1991-06-25T01:14:16.308Z', 'age': 33}, 'registered': {'date': '2021-03-21T18:40:49.792Z', 'age': 3}, 'phone': '(928)-630-2828', 'cell': '(589)-407-6391', 'id': {'name': '', 'value': None}, 'picture': {'large': 'https://randomuser.me/api/portraits/women/38.jpg', 'medium': 'https://randomuser.me/api/portraits/med/women/38.jpg', 'thumbnail': 'https://randomuser.me/api/portraits/thumb/women/38.jpg'}, 'nat': 'TR'}], 'info': {'seed': '0ba3513b1ef73685', 'results': 1, 'page': 1, 'version': '1.4'}}</msg>
<arg>${json_data}</arg>
<doc>Logs the given message with the given level.</doc>
<status status="PASS" start="2024-07-28T04:17:07.705962" elapsed="0.000206"/>
</kw>
<kw name="Should Be String" owner="String">
<arg>${json_data['results'][0]['gender']}</arg>
<doc>Fails if the given ``item`` is not a string.</doc>
<status status="PASS" start="2024-07-28T04:17:07.706458" elapsed="0.000373"/>
</kw>
<kw name="Should Match Regexp" owner="BuiltIn">
<arg>${json_data['results'][0]['email']}</arg>
<arg>^[a-zA-Z0-9._%+-]+@[a-zA-Z0-9.-]+\.[a-zA-Z]{2,}$</arg>
<doc>Fails if ``string`` does not match ``pattern`` as a regular expression.</doc>
<status status="PASS" start="2024-07-28T04:17:07.707017" elapsed="0.000484"/>
</kw>
<kw name="Should Match Regexp" owner="BuiltIn">
<arg>${json_data['results'][0]['dob']['date']}</arg>
<arg>\\d{4}-\\d{2}-\\d{2}T\\d{2}:\\d{2}:\\d{2}\\.\\d{3}Z</arg>
<doc>Fails if ``string`` does not match ``pattern`` as a regular expression.</doc>
<status status="PASS" start="2024-07-28T04:17:07.707724" elapsed="0.000620"/>
</kw>
<kw name="Should Match Regexp" owner="BuiltIn">
<arg>${json_data['results'][0]['registered']['date']}</arg>
<arg>\\d{4}-\\d{2}-\\d{2}T\\d{2}:\\d{2}:\\d{2}\\.\\d{3}Z</arg>
<doc>Fails if ``string`` does not match ``pattern`` as a regular expression.</doc>
<status status="PASS" start="2024-07-28T04:17:07.708539" elapsed="0.000371"/>
</kw>
<kw name="Should Match Regexp" owner="BuiltIn">
<arg>${json_data['results'][0]['picture']['large']}</arg>
<arg>^https?://.*\.(?:png|jpe?g|gif|bmp)$</arg>
<doc>Fails if ``string`` does not match ``pattern`` as a regular expression.</doc>
<status status="PASS" start="2024-07-28T04:17:07.709095" elapsed="0.000455"/>
</kw>
<kw name="Should Match Regexp" owner="BuiltIn">
<arg>${json_data['results'][0]['picture']['medium']}</arg>
<arg>^https?://.*\.(?:png|jpe?g|gif|bmp)$</arg>
<doc>Fails if ``string`` does not match ``pattern`` as a regular expression.</doc>
<status status="PASS" start="2024-07-28T04:17:07.709736" elapsed="0.000351"/>
</kw>
<kw name="Should Match Regexp" owner="BuiltIn">
<arg>${json_data['results'][0]['picture']['thumbnail']}</arg>
<arg>^https?://.*\.(?:png|jpe?g|gif|bmp)$</arg>
<doc>Fails if ``string`` does not match ``pattern`` as a regular expression.</doc>
<status status="PASS" start="2024-07-28T04:17:07.710270" elapsed="0.000351"/>
</kw>
<kw name="Log" owner="BuiltIn">
<msg time="2024-07-28T04:17:07.711121" level="INFO">{'large': 'https://randomuser.me/api/portraits/women/38.jpg', 'medium': 'https://randomuser.me/api/portraits/med/women/38.jpg', 'thumbnail': 'https://randomuser.me/api/portraits/thumb/women/38.jpg'}</msg>
<arg>${json_data['results'][0]['picture']}</arg>
<doc>Logs the given message with the given level.</doc>
<status status="PASS" start="2024-07-28T04:17:07.710800" elapsed="0.000364"/>
</kw>
<status status="PASS" start="2024-07-28T04:17:07.634902" elapsed="0.076515"/>
</kw>
<kw name="Teste de Tipos de Dados - Postcode" owner="random-user-service">
<kw name="GET On Session" owner="RequestsLibrary">
<msg time="2024-07-28T04:17:07.816888" level="INFO">GET Request : url=https://randomuser.me/api 
 path_url=/api 
 headers={'User-Agent': 'python-requests/2.32.3', 'Accept-Encoding': 'gzip, deflate', 'Accept': '*/*', 'Connection': 'keep-alive'} 
 body=None 
 </msg>
<msg time="2024-07-28T04:17:07.816973" level="INFO">GET Response : url=https://randomuser.me/api 
 status=200, reason=OK 
 headers={'Date': 'Sun, 28 Jul 2024 04:17:07 GMT', 'Content-Type': 'application/json; charset=utf-8', 'Transfer-Encoding': 'chunked', 'Connection': 'keep-alive', 'X-Powered-By': 'Express', 'Access-Control-Allow-Origin': '*', 'Cache-Control': 'no-cache', 'ETag': 'W/"486-4+CwpWI9io9ahwlhygvpPFPxViw"', 'Vary': 'Accept-Encoding', 'Content-Encoding': 'gzip', 'CF-Cache-Status': 'DYNAMIC', 'Report-To': '{"endpoints":[{"url":"https:\\/\\/a.nel.cloudflare.com\\/report\\/v4?s=EoyVwJfRNCqBcyHon20d13OTlIC22xe3uY2DCs03XayzxXwsMTqfX7vaQacD8e2L%2FPP65%2Fewv80rEIeX0ihqLYWvgUFsCDMp0%2F5FAfRN1djSm8aojzIYpw7PtiFvsuOp"}],"group":"cf-nel","max_age":604800}', 'NEL': '{"success_fraction":0,"report_to":"cf-nel","max_age":604800}', 'Server': 'cloudflare', 'CF-RAY': '8aa20ec73da1233a-ORD', 'alt-svc': 'h3=":443"; ma=86400'} 
 body={"results":[{"gender":"female","name":{"title":"Ms","first":"پریا","last":"پارسا"},"location":{"street":{"number":1016,"name":"پارک ارم"},"city":"قدس","state":"کردستان","country":"Iran","postcode":45508,"coordinates":{"latitude":"15.5379","longitude":"76.2420"},"timezone":{"offset":"-1:00","description":"Azores, Cape Verde Islands"}},"email":"pry.prs@example.com","login":{"uuid":"ece61eac-6a57-44c1-85c3-a6b7c00614cb","username":"brownostrich455","password":"revolver","salt":"PwCtVfHv","md5":"0e9c5820f5d2abcb8b9e6d7df4b30981","sha1":"ff73a06c741b35fa921b1242cf37b898148acc60","sha256":"d09816d8b3a8d30ad3a2be599297fcad5b99f6fd8f45c5f5d7656250d6770da6"},"dob":{"date":"1984-09-27T21:46:03.762Z","age":39},"registered":{"date":"2011-11-05T11:51:17.733Z","age":12},"phone":"000-40277298","cell":"0929-148-9748","id":{"name":"","value":null},"picture":{"large":"https://randomuser.me/api/portraits/women/72.jpg","medium":"https://randomuser.me/api/portraits/med/women/72.jpg","thumbnail":"https://randomuser.me/api/portraits/thumb/women/72.jpg"},"nat":"IR"}],"info":{"seed":"e81c25cfce731f6f","results":1,"page":1,"version":"1.4"}} 
 </msg>
<msg time="2024-07-28T04:17:07.817048" level="INFO">/opt/hostedtoolcache/Python/3.12.4/x64/lib/python3.12/site-packages/urllib3/connectionpool.py:1099: InsecureRequestWarning: Unverified HTTPS request is being made to host 'randomuser.me'. Adding certificate verification is strongly advised. See: https://urllib3.readthedocs.io/en/latest/advanced-usage.html#tls-warnings
  warnings.warn(</msg>
<msg time="2024-07-28T04:17:07.817130" level="INFO">${response} = &lt;Response [200]&gt;</msg>
<var>${response}</var>
<arg>consultarAPI</arg>
<arg>/api</arg>
<doc>Sends a GET request on a previously created HTTP Session.</doc>
<status status="PASS" start="2024-07-28T04:17:07.711848" elapsed="0.105322"/>
</kw>
<kw name="Set Variable" owner="BuiltIn">
<msg time="2024-07-28T04:17:07.818189" level="INFO">${json_data} = {'results': [{'gender': 'female', 'name': {'title': 'Ms', 'first': 'پریا', 'last': 'پارسا'}, 'location': {'street': {'number': 1016, 'name': 'پارک ارم'}, 'city': 'قدس', 'state': 'کردستان', 'country': ...</msg>
<var>${json_data}</var>
<arg>${response.json()}</arg>
<doc>Returns the given values which can then be assigned to a variables.</doc>
<status status="PASS" start="2024-07-28T04:17:07.817612" elapsed="0.000608"/>
</kw>
<kw name="Log" owner="BuiltIn">
<msg time="2024-07-28T04:17:07.818680" level="INFO">{'results': [{'gender': 'female', 'name': {'title': 'Ms', 'first': 'پریا', 'last': 'پارسا'}, 'location': {'street': {'number': 1016, 'name': 'پارک ارم'}, 'city': 'قدس', 'state': 'کردستان', 'country': 'Iran', 'postcode': 45508, 'coordinates': {'latitude': '15.5379', 'longitude': '76.2420'}, 'timezone': {'offset': '-1:00', 'description': 'Azores, Cape Verde Islands'}}, 'email': 'pry.prs@example.com', 'login': {'uuid': 'ece61eac-6a57-44c1-85c3-a6b7c00614cb', 'username': 'brownostrich455', 'password': 'revolver', 'salt': 'PwCtVfHv', 'md5': '0e9c5820f5d2abcb8b9e6d7df4b30981', 'sha1': 'ff73a06c741b35fa921b1242cf37b898148acc60', 'sha256': 'd09816d8b3a8d30ad3a2be599297fcad5b99f6fd8f45c5f5d7656250d6770da6'}, 'dob': {'date': '1984-09-27T21:46:03.762Z', 'age': 39}, 'registered': {'date': '2011-11-05T11:51:17.733Z', 'age': 12}, 'phone': '000-40277298', 'cell': '0929-148-9748', 'id': {'name': '', 'value': None}, 'picture': {'large': 'https://randomuser.me/api/portraits/women/72.jpg', 'medium': 'https://randomuser.me/api/portraits/med/women/72.jpg', 'thumbnail': 'https://randomuser.me/api/portraits/thumb/women/72.jpg'}, 'nat': 'IR'}], 'info': {'seed': 'e81c25cfce731f6f', 'results': 1, 'page': 1, 'version': '1.4'}}</msg>
<arg>${json_data}</arg>
<doc>Logs the given message with the given level.</doc>
<status status="PASS" start="2024-07-28T04:17:07.818525" elapsed="0.000203"/>
</kw>
<kw name="Should Be Equal As Numbers" owner="BuiltIn">
<arg>${json_data['results'][0]['location']['postcode']}</arg>
<arg>${json_data['results'][0]['location']['postcode']}</arg>
<doc>Fails if objects are unequal after converting them to real numbers.</doc>
<status status="PASS" start="2024-07-28T04:17:07.819016" elapsed="0.000614"/>
</kw>
<kw name="Log" owner="BuiltIn">
<msg time="2024-07-28T04:17:07.820150" level="INFO">45508</msg>
<arg>${json_data['results'][0]['location']['postcode']}</arg>
<doc>Logs the given message with the given level.</doc>
<status status="PASS" start="2024-07-28T04:17:07.819820" elapsed="0.000370"/>
</kw>
<status status="PASS" start="2024-07-28T04:17:07.711629" elapsed="0.108883"/>
</kw>
<doc>Testa se os tipos de dados na resposta da API estão corretos.</doc>
<tag>testeTiposDados</tag>
<status status="PASS" start="2024-07-28T04:17:07.634345" elapsed="0.186326"/>
</test>
<test id="s1-s1-t5" name="Validar conteudo" line="35">
<kw name="Teste de Tipos de Conteudo" owner="random-user-service">
<kw name="GET On Session" owner="RequestsLibrary">
<msg time="2024-07-28T04:17:07.876743" level="INFO">GET Request : url=https://randomuser.me/api 
 path_url=/api 
 headers={'User-Agent': 'python-requests/2.32.3', 'Accept-Encoding': 'gzip, deflate', 'Accept': '*/*', 'Connection': 'keep-alive'} 
 body=None 
 </msg>
<msg time="2024-07-28T04:17:07.876828" level="INFO">GET Response : url=https://randomuser.me/api 
 status=200, reason=OK 
 headers={'Date': 'Sun, 28 Jul 2024 04:17:07 GMT', 'Content-Type': 'application/json; charset=utf-8', 'Transfer-Encoding': 'chunked', 'Connection': 'keep-alive', 'X-Powered-By': 'Express', 'Access-Control-Allow-Origin': '*', 'Cache-Control': 'no-cache', 'ETag': 'W/"49d-htx9nNxjY4VdekB44krVzXq26uU"', 'Vary': 'Accept-Encoding', 'Content-Encoding': 'gzip', 'CF-Cache-Status': 'DYNAMIC', 'Report-To': '{"endpoints":[{"url":"https:\\/\\/a.nel.cloudflare.com\\/report\\/v4?s=tM5Kuc%2FchExmM%2FvYequLzdMAKS1QP2XIItdyUq2AxrYoEb7s7qEE989UeKUjupbtqXTsQbUHsgpPBuBuxl6pDh%2FpuqiLlHNicoGwexujBRP9eiRghffqARSekgsR5QXo"}],"group":"cf-nel","max_age":604800}', 'NEL': '{"success_fraction":0,"report_to":"cf-nel","max_age":604800}', 'Server': 'cloudflare', 'CF-RAY': '8aa20ec7ee57233a-ORD', 'alt-svc': 'h3=":443"; ma=86400'} 
 body={"results":[{"gender":"female","name":{"title":"Ms","first":"Otília","last":"Gomes"},"location":{"street":{"number":4702,"name":"Rua São Luiz "},"city":"Viamão","state":"Maranhão","country":"Brazil","postcode":66987,"coordinates":{"latitude":"-77.6548","longitude":"148.0894"},"timezone":{"offset":"-6:00","description":"Central Time (US &amp; Canada), Mexico City"}},"email":"otilia.gomes@example.com","login":{"uuid":"c7b37cf5-a47c-4620-8558-4ee3db87d35c","username":"lazyfrog936","password":"faster","salt":"sCUzibVv","md5":"146725e26082492506b7a3b66c0b0e8d","sha1":"00c27de2f8ea830fb19849b3145c25afa860e67f","sha256":"26d41b380a105607764f3ae73897f4880fc8e887428165fafdcf0c29c3aba136"},"dob":{"date":"1997-06-11T23:56:27.441Z","age":27},"registered":{"date":"2007-01-01T10:48:05.766Z","age":17},"phone":"(75) 4813-7072","cell":"(39) 3182-4250","id":{"name":"CPF","value":"501.361.038-14"},"picture":{"large":"https://randomuser.me/api/portraits/women/79.jpg","medium":"https://randomuser.me/api/portraits/med/women/79.jpg","thumbnail":"https://randomuser.me/api/portraits/thumb/women/79.jpg"},"nat":"BR"}],"info":{"seed":"0e4ad258fd8f88ce","results":1,"page":1,"version":"1.4"}} 
 </msg>
<msg time="2024-07-28T04:17:07.876911" level="INFO">/opt/hostedtoolcache/Python/3.12.4/x64/lib/python3.12/site-packages/urllib3/connectionpool.py:1099: InsecureRequestWarning: Unverified HTTPS request is being made to host 'randomuser.me'. Adding certificate verification is strongly advised. See: https://urllib3.readthedocs.io/en/latest/advanced-usage.html#tls-warnings
  warnings.warn(</msg>
<msg time="2024-07-28T04:17:07.877025" level="INFO">${response} = &lt;Response [200]&gt;</msg>
<var>${response}</var>
<arg>consultarAPI</arg>
<arg>/api</arg>
<doc>Sends a GET request on a previously created HTTP Session.</doc>
<status status="PASS" start="2024-07-28T04:17:07.823071" elapsed="0.054008"/>
</kw>
<kw name="Set Variable" owner="BuiltIn">
<msg time="2024-07-28T04:17:07.878091" level="INFO">${json_data} = {'results': [{'gender': 'female', 'name': {'title': 'Ms', 'first': 'Otília', 'last': 'Gomes'}, 'location': {'street': {'number': 4702, 'name': 'Rua São Luiz '}, 'city': 'Viamão', 'state': 'Maranhão', ...</msg>
<var>${json_data}</var>
<arg>${response.json()}</arg>
<doc>Returns the given values which can then be assigned to a variables.</doc>
<status status="PASS" start="2024-07-28T04:17:07.877548" elapsed="0.000572"/>
</kw>
<kw name="Set Variable" owner="BuiltIn">
<msg time="2024-07-28T04:17:07.878810" level="INFO">${name_title} = Ms</msg>
<var>${name_title}</var>
<arg>${json_data["results"][0]["name"]["title"]}</arg>
<doc>Returns the given values which can then be assigned to a variables.</doc>
<status status="PASS" start="2024-07-28T04:17:07.878428" elapsed="0.000408"/>
</kw>
<kw name="Create List" owner="BuiltIn">
<msg time="2024-07-28T04:17:07.879276" level="INFO">${allowed_titles} = ['Mr', 'Ms', 'Miss', 'Mrs', 'Madame', 'Monsieur']</msg>
<var>${allowed_titles}</var>
<arg>Mr</arg>
<arg>Ms</arg>
<arg>Miss</arg>
<arg>Mrs</arg>
<arg>Madame</arg>
<arg>Monsieur</arg>
<doc>Returns a list containing given items.</doc>
<status status="PASS" start="2024-07-28T04:17:07.879128" elapsed="0.000172"/>
</kw>
<kw name="List Should Contain Value" owner="Collections">
<arg>${allowed_titles}</arg>
<arg>${name_title}</arg>
<doc>Fails if the ``value`` is not found from ``list``.</doc>
<status status="PASS" start="2024-07-28T04:17:07.879592" elapsed="0.000177"/>
</kw>
<kw name="Set Variable" owner="BuiltIn">
<msg time="2024-07-28T04:17:07.880358" level="INFO">${name_country} = BR</msg>
<var>${name_country}</var>
<arg>${json_data["results"][0]["nat"]}</arg>
<doc>Returns the given values which can then be assigned to a variables.</doc>
<status status="PASS" start="2024-07-28T04:17:07.879949" elapsed="0.000436"/>
</kw>
<kw name="Create List" owner="BuiltIn">
<msg time="2024-07-28T04:17:07.881262" level="INFO">${list_country} = ['AD', 'AE', 'AF', 'AG', 'AI', 'AL', 'AM', 'AO', 'AQ', 'AR', 'AS', 'AT', 'AU', 'AW', 'AX', 'AZ', 'BA', 'BB', 'BD', 'BE', 'BF', 'BG', 'BH', 'BI', 'BJ', 'BL', 'BM', 'BN', 'BO', 'BQ', 'BR', 'BS', 'BT', '...</msg>
<var>${list_country}</var>
<arg>AD</arg>
<arg>AE</arg>
<arg>AF</arg>
<arg>AG</arg>
<arg>AI</arg>
<arg>AL</arg>
<arg>AM</arg>
<arg>AO</arg>
<arg>AQ</arg>
<arg>AR</arg>
<arg>AS</arg>
<arg>AT</arg>
<arg>AU</arg>
<arg>AW</arg>
<arg>AX</arg>
<arg>AZ</arg>
<arg>BA</arg>
<arg>BB</arg>
<arg>BD</arg>
<arg>BE</arg>
<arg>BF</arg>
<arg>BG</arg>
<arg>BH</arg>
<arg>BI</arg>
<arg>BJ</arg>
<arg>BL</arg>
<arg>BM</arg>
<arg>BN</arg>
<arg>BO</arg>
<arg>BQ</arg>
<arg>BR</arg>
<arg>BS</arg>
<arg>BT</arg>
<arg>BV</arg>
<arg>BW</arg>
<arg>BY</arg>
<arg>BZ</arg>
<arg>CA</arg>
<arg>CC</arg>
<arg>CD</arg>
<arg>CF</arg>
<arg>CG</arg>
<arg>CH</arg>
<arg>CI</arg>
<arg>CK</arg>
<arg>CL</arg>
<arg>CM</arg>
<arg>CN</arg>
<arg>CO</arg>
<arg>CR</arg>
<arg>CU</arg>
<arg>CV</arg>
<arg>CW</arg>
<arg>CX</arg>
<arg>CY</arg>
<arg>CZ</arg>
<arg>DE</arg>
<arg>DJ</arg>
<arg>DK</arg>
<arg>DM</arg>
<arg>DO</arg>
<arg>DZ</arg>
<arg>EC</arg>
<arg>EE</arg>
<arg>EG</arg>
<arg>EH</arg>
<arg>ER</arg>
<arg>ES</arg>
<arg>ET</arg>
<arg>FI</arg>
<arg>FJ</arg>
<arg>FK</arg>
<arg>FM</arg>
<arg>FO</arg>
<arg>FR</arg>
<arg>GA</arg>
<arg>GB</arg>
<arg>GD</arg>
<arg>GE</arg>
<arg>GF</arg>
<arg>GG</arg>
<arg>GH</arg>
<arg>GI</arg>
<arg>GL</arg>
<arg>GM</arg>
<arg>GN</arg>
<arg>GP</arg>
<arg>GQ</arg>
<arg>GR</arg>
<arg>GS</arg>
<arg>GT</arg>
<arg>GU</arg>
<arg>GW</arg>
<arg>GY</arg>
<arg>HK</arg>
<arg>HM</arg>
<arg>HN</arg>
<arg>HR</arg>
<arg>HT</arg>
<arg>HU</arg>
<arg>ID</arg>
<arg>IE</arg>
<arg>IL</arg>
<arg>IM</arg>
<arg>IN</arg>
<arg>IO</arg>
<arg>IQ</arg>
<arg>IR</arg>
<arg>IS</arg>
<arg>IT</arg>
<arg>JE</arg>
<arg>JM</arg>
<arg>JO</arg>
<arg>JP</arg>
<arg>KE</arg>
<arg>KG</arg>
<arg>KH</arg>
<arg>KI</arg>
<arg>KM</arg>
<arg>KN</arg>
<arg>KP</arg>
<arg>KR</arg>
<arg>KW</arg>
<arg>KY</arg>
<arg>KZ</arg>
<arg>LA</arg>
<arg>LB</arg>
<arg>LC</arg>
<arg>LI</arg>
<arg>LK</arg>
<arg>LR</arg>
<arg>LS</arg>
<arg>LT</arg>
<arg>LU</arg>
<arg>LV</arg>
<arg>LY</arg>
<arg>MA</arg>
<arg>MC</arg>
<arg>MD</arg>
<arg>ME</arg>
<arg>MF</arg>
<arg>MG</arg>
<arg>MH</arg>
<arg>MK</arg>
<arg>ML</arg>
<arg>MM</arg>
<arg>MN</arg>
<arg>MO</arg>
<arg>MP</arg>
<arg>MQ</arg>
<arg>MR</arg>
<arg>MS</arg>
<arg>MT</arg>
<arg>MU</arg>
<arg>MV</arg>
<arg>MW</arg>
<arg>MX</arg>
<arg>MY</arg>
<arg>MZ</arg>
<arg>NA</arg>
<arg>NC</arg>
<arg>NE</arg>
<arg>NF</arg>
<arg>NG</arg>
<arg>NI</arg>
<arg>NL</arg>
<arg>NO</arg>
<arg>NP</arg>
<arg>NR</arg>
<arg>NU</arg>
<arg>NZ</arg>
<arg>OM</arg>
<arg>PA</arg>
<arg>PE</arg>
<arg>PF</arg>
<arg>PG</arg>
<arg>PH</arg>
<arg>PK</arg>
<arg>PL</arg>
<arg>PM</arg>
<arg>PN</arg>
<arg>PR</arg>
<arg>PS</arg>
<arg>PT</arg>
<arg>PW</arg>
<arg>PY</arg>
<arg>QA</arg>
<arg>RE</arg>
<arg>RO</arg>
<arg>RS</arg>
<arg>RU</arg>
<arg>RW</arg>
<arg>SA</arg>
<arg>SB</arg>
<arg>SC</arg>
<arg>SD</arg>
<arg>SE</arg>
<arg>SG</arg>
<arg>SH</arg>
<arg>SI</arg>
<arg>SJ</arg>
<arg>SK</arg>
<arg>SL</arg>
<arg>SM</arg>
<arg>SN</arg>
<arg>SO</arg>
<arg>SR</arg>
<arg>SS</arg>
<arg>ST</arg>
<arg>SV</arg>
<arg>SX</arg>
<arg>SY</arg>
<arg>SZ</arg>
<arg>TC</arg>
<arg>TD</arg>
<arg>TF</arg>
<arg>TG</arg>
<arg>TH</arg>
<arg>TJ</arg>
<arg>TK</arg>
<arg>TL</arg>
<arg>TM</arg>
<arg>TN</arg>
<arg>TO</arg>
<arg>TR</arg>
<arg>TT</arg>
<arg>TV</arg>
<arg>TW</arg>
<arg>TZ</arg>
<arg>UA</arg>
<arg>UG</arg>
<arg>UM</arg>
<arg>US</arg>
<arg>UY</arg>
<arg>UZ</arg>
<arg>VA</arg>
<arg>VC</arg>
<arg>VE</arg>
<arg>VG</arg>
<arg>VI</arg>
<arg>VN</arg>
<arg>VU</arg>
<arg>WF</arg>
<arg>WS</arg>
<arg>XK</arg>
<arg>YE</arg>
<arg>YT</arg>
<arg>ZA</arg>
<arg>ZM</arg>
<arg>ZW</arg>
<doc>Returns a list containing given items.</doc>
<status status="PASS" start="2024-07-28T04:17:07.880674" elapsed="0.000614"/>
</kw>
<kw name="List Should Contain Value" owner="Collections">
<arg>${list_country}</arg>
<arg>${name_country}</arg>
<doc>Fails if the ``value`` is not found from ``list``.</doc>
<status status="PASS" start="2024-07-28T04:17:07.882206" elapsed="0.000210"/>
</kw>
<kw name="Run Keyword If" owner="BuiltIn">
<kw name="Should Be True" owner="BuiltIn">
<arg>${True}</arg>
<doc>Fails if the given condition is not true.</doc>
<status status="PASS" start="2024-07-28T04:17:07.883336" elapsed="0.000141"/>
</kw>
<arg>${json_data["results"][0]["location"]["coordinates"]["latitude"]} &gt;= -90 and ${json_data["results"][0]["location"]["coordinates"]["latitude"]} &lt;= 90</arg>
<arg>Should Be True</arg>
<arg>${True}</arg>
<doc>Runs the given keyword with the given arguments, if ``condition`` is true.</doc>
<status status="PASS" start="2024-07-28T04:17:07.882612" elapsed="0.000989"/>
</kw>
<kw name="Run Keyword If" owner="BuiltIn">
<kw name="Should Be True" owner="BuiltIn">
<arg>${True}</arg>
<doc>Fails if the given condition is not true.</doc>
<status status="PASS" start="2024-07-28T04:17:07.884525" elapsed="0.000138"/>
</kw>
<arg>${json_data["results"][0]["location"]["coordinates"]["longitude"]} &gt;= -180 and ${json_data["results"][0]["location"]["coordinates"]["longitude"]} &lt;= 180</arg>
<arg>Should Be True</arg>
<arg>${True}</arg>
<doc>Runs the given keyword with the given arguments, if ``condition`` is true.</doc>
<status status="PASS" start="2024-07-28T04:17:07.883781" elapsed="0.001004"/>
</kw>
<status status="PASS" start="2024-07-28T04:17:07.822859" elapsed="0.062052"/>
</kw>
<doc>Testa o conteúdo específico dos campos retornados pela API.</doc>
<tag>testeConteudo</tag>
<status status="PASS" start="2024-07-28T04:17:07.822378" elapsed="0.062674"/>
</test>
<status status="PASS" start="2024-07-28T04:17:06.791682" elapsed="1.095250"/>
</suite>
<status status="PASS" start="2024-07-28T04:17:06.777626" elapsed="1.114404"/>
</suite>
<statistics>
<total>
<stat pass="5" fail="0" skip="0">All Tests</stat>
</total>
<tag>
<stat pass="1" fail="0" skip="0">testeConteudo</stat>
<stat pass="1" fail="0" skip="0">testeEstruturaResposta</stat>
<stat pass="1" fail="0" skip="0">testeRequisicaoBasica</stat>
<stat pass="1" fail="0" skip="0">testeTiposDados</stat>
</tag>
<suite>
<stat pass="5" fail="0" skip="0" id="s1" name="Tests">Tests</stat>
<stat pass="5" fail="0" skip="0" id="s1-s1" name="Random-User-Test">Tests.Random-User-Test</stat>
</suite>
</statistics>
<errors>
</errors>
</robot>
