<?xml version="1.0" encoding="UTF-8"?>
<robot generator="Robot 7.0 (Python 3.12.3 on linux)" generated="2024-05-06T18:21:04.099281" rpa="false" schemaversion="5">
<suite id="s1" name="Tests" source="/home/runner/work/DesafioQAItauRogerioJordao/DesafioQAItauRogerioJordao/RamdonUser/tests">
<suite id="s1-s1" name="Random-User-Test" source="/home/runner/work/DesafioQAItauRogerioJordao/DesafioQAItauRogerioJordao/RamdonUser/tests/random-user-test.robot">
<test id="s1-s1-t1" name="Conectar" line="13">
<kw name="Conectar API" owner="random-user-service">
<kw name="Create Session" owner="RequestsLibrary">
<msg time="2024-05-06T18:21:04.510097" level="INFO">Creating Session using : alias=consultarAPI, url=https://randomuser.me/, headers={},                     cookies={}, auth=None, timeout=None, proxies=None, verify=False,                     debug=0 </msg>
<arg>consultarAPI</arg>
<arg>${URL}</arg>
<doc>Create Session: create a HTTP session to a server</doc>
<status status="PASS" start="2024-05-06T18:21:04.509884" elapsed="0.000400"/>
</kw>
<status status="PASS" start="2024-05-06T18:21:04.508532" elapsed="0.002124"/>
</kw>
<status status="PASS" start="2024-05-06T18:21:04.507859" elapsed="0.002988"/>
</test>
<test id="s1-s1-t2" name="Validar retorno 200 e JSON Válido" line="16">
<kw name="Teste de Requisicao Basica" owner="random-user-service">
<kw name="GET On Session" owner="RequestsLibrary">
<msg time="2024-05-06T18:21:04.639139" level="INFO">GET Request : url=https://randomuser.me/api 
 path_url=/api 
 headers={'User-Agent': 'python-requests/2.31.0', 'Accept-Encoding': 'gzip, deflate', 'Accept': '*/*', 'Connection': 'keep-alive'} 
 body=None 
 </msg>
<msg time="2024-05-06T18:21:04.639313" level="INFO">GET Response : url=https://randomuser.me/api 
 status=200, reason=OK 
 headers={'Date': 'Mon, 06 May 2024 18:21:04 GMT', 'Content-Type': 'application/json; charset=utf-8', 'Transfer-Encoding': 'chunked', 'Connection': 'keep-alive', 'X-Powered-By': 'Express', 'Access-Control-Allow-Origin': '*', 'Cache-Control': 'no-cache', 'ETag': 'W/"488-JfjaQJdeJ/0diIzkVe8uU7hrcus"', 'Vary': 'Accept-Encoding', 'Content-Encoding': 'gzip', 'CF-Cache-Status': 'DYNAMIC', 'Report-To': '{"endpoints":[{"url":"https:\\/\\/a.nel.cloudflare.com\\/report\\/v4?s=6Q2bnaXt8G%2BN89fOcCZVE6GljI%2FsjDx5SBt%2Bw%2FqwnXyXNYRBZZ9coK9Gppo8iSrzatjkDtUGpSPUQKmgWHfZITHNGhjNBEkxw0Z6N1AwzbOmEEBnhmSsSy2XU5pD2d39"}],"group":"cf-nel","max_age":604800}', 'NEL': '{"success_fraction":0,"report_to":"cf-nel","max_age":604800}', 'Server': 'cloudflare', 'CF-RAY': '87fafce76afd2530-SJC', 'alt-svc': 'h3=":443"; ma=86400'} 
 body={"results":[{"gender":"female","name":{"title":"Mrs","first":"Avreliya","last":"Macko"},"location":{"street":{"number":59,"name":"Proskurivska"},"city":"Rodinske","state":"Zaporizka","country":"Ukraine","postcode":42140,"coordinates":{"latitude":"77.6516","longitude":"38.1958"},"timezone":{"offset":"+1:00","description":"Brussels, Copenhagen, Madrid, Paris"}},"email":"avreliya.macko@example.com","login":{"uuid":"09970bb4-54a2-4c97-ad3a-f44ef749f774","username":"redwolf370","password":"castle","salt":"tNkXJBN1","md5":"1ebf76f70be9b39e2937ee5e880f163a","sha1":"4753e8695ef625340f4b8878b14cc1784eda6213","sha256":"63e92fd353f1b7fb78fe0805053123be363fe494f797537ce26e9028cd70ff5f"},"dob":{"date":"1959-07-12T08:54:13.646Z","age":64},"registered":{"date":"2020-03-11T11:20:33.926Z","age":4},"phone":"(096) H59-4433","cell":"(098) Y53-7806","id":{"name":"","value":null},"picture":{"large":"https://randomuser.me/api/portraits/women/91.jpg","medium":"https://randomuser.me/api/portraits/med/women/91.jpg","thumbnail":"https://randomuser.me/api/portraits/thumb/women/91.jpg"},"nat":"UA"}],"info":{"seed":"788716ed9929bebd","results":1,"page":1,"version":"1.4"}} 
 </msg>
<msg time="2024-05-06T18:21:04.639413" level="INFO">/opt/hostedtoolcache/Python/3.12.3/x64/lib/python3.12/site-packages/urllib3/connectionpool.py:1103: InsecureRequestWarning: Unverified HTTPS request is being made to host 'randomuser.me'. Adding certificate verification is strongly advised. See: https://urllib3.readthedocs.io/en/latest/advanced-usage.html#tls-warnings
  warnings.warn(</msg>
<msg time="2024-05-06T18:21:04.639576" level="INFO">${response} = &lt;Response [200]&gt;</msg>
<var>${response}</var>
<arg>consultarAPI</arg>
<arg>/api</arg>
<doc>Sends a GET request on a previously created HTTP Session.</doc>
<status status="PASS" start="2024-05-06T18:21:04.513487" elapsed="0.126156"/>
</kw>
<kw name="Should Be Equal As Numbers" owner="BuiltIn">
<msg time="2024-05-06T18:21:04.640916" level="INFO">Argument types are:
&lt;class 'int'&gt;
&lt;class 'str'&gt;</msg>
<arg>${response.status_code}</arg>
<arg>200</arg>
<doc>Fails if objects are unequal after converting them to real numbers.</doc>
<status status="PASS" start="2024-05-06T18:21:04.640394" elapsed="0.000588"/>
</kw>
<kw name="Log" owner="BuiltIn">
<msg time="2024-05-06T18:21:04.641735" level="INFO">200</msg>
<arg>${response.status_code}</arg>
<doc>Logs the given message with the given level.</doc>
<status status="PASS" start="2024-05-06T18:21:04.641339" elapsed="0.000437"/>
</kw>
<kw name="Set Variable" owner="BuiltIn">
<msg time="2024-05-06T18:21:04.642513" level="INFO">${json_data} = {'results': [{'gender': 'female', 'name': {'title': 'Mrs', 'first': 'Avreliya', 'last': 'Macko'}, 'location': {'street': {'number': 59, 'name': 'Proskurivska'}, 'city': 'Rodinske', 'state': 'Zaporizka...</msg>
<var>${json_data}</var>
<arg>${response.json()}</arg>
<doc>Returns the given values which can then be assigned to a variables.</doc>
<status status="PASS" start="2024-05-06T18:21:04.642085" elapsed="0.000456"/>
</kw>
<kw name="Dictionary Should Contain Key" owner="Collections">
<msg time="2024-05-06T18:21:04.643015" level="INFO">False</msg>
<arg>${json_data}</arg>
<arg>results</arg>
<doc>Fails if ``key`` is not found from ``dictionary``.</doc>
<status status="PASS" start="2024-05-06T18:21:04.642841" elapsed="0.000215"/>
</kw>
<status status="PASS" start="2024-05-06T18:21:04.513212" elapsed="0.130105"/>
</kw>
<doc>Testa se a API responde corretamente e retorna um objeto JSON válido.</doc>
<tag>testeRequisicaoBasica</tag>
<status status="PASS" start="2024-05-06T18:21:04.512756" elapsed="0.130751"/>
</test>
<test id="s1-s1-t3" name="Validar estrutura de resposta" line="22">
<kw name="Teste de Estrutura de Resposta" owner="random-user-service">
<kw name="GET On Session" owner="RequestsLibrary">
<msg time="2024-05-06T18:21:04.739476" level="INFO">GET Request : url=https://randomuser.me/api 
 path_url=/api 
 headers={'User-Agent': 'python-requests/2.31.0', 'Accept-Encoding': 'gzip, deflate', 'Accept': '*/*', 'Connection': 'keep-alive'} 
 body=None 
 </msg>
<msg time="2024-05-06T18:21:04.739620" level="INFO">GET Response : url=https://randomuser.me/api 
 status=200, reason=OK 
 headers={'Date': 'Mon, 06 May 2024 18:21:04 GMT', 'Content-Type': 'application/json; charset=utf-8', 'Transfer-Encoding': 'chunked', 'Connection': 'keep-alive', 'X-Powered-By': 'Express', 'Access-Control-Allow-Origin': '*', 'Cache-Control': 'no-cache', 'ETag': 'W/"48f-SpfORDjDiEyQUE4DgrHBisSvyhA"', 'Vary': 'Accept-Encoding', 'Content-Encoding': 'gzip', 'CF-Cache-Status': 'DYNAMIC', 'Report-To': '{"endpoints":[{"url":"https:\\/\\/a.nel.cloudflare.com\\/report\\/v4?s=EUMCu1K3Rvd7qBm%2FJnJKDhFBwTzI3S46oShFmGI9FxVlp2vm3BBE0D0szXctoeeiHGWaiJVpcpkOCK5lP1uYMc5hcLDbE60a7JORbHs51YsjUPBWq1v%2FcC8sTcTiLHlw"}],"group":"cf-nel","max_age":604800}', 'NEL': '{"success_fraction":0,"report_to":"cf-nel","max_age":604800}', 'Server': 'cloudflare', 'CF-RAY': '87fafce80b802530-SJC', 'alt-svc': 'h3=":443"; ma=86400'} 
 body={"results":[{"gender":"female","name":{"title":"Ms","first":"Ella","last":"Johansen"},"location":{"street":{"number":4787,"name":"Æblevej"},"city":"Kvistgaard","state":"Danmark","country":"Denmark","postcode":54762,"coordinates":{"latitude":"-38.6484","longitude":"176.3482"},"timezone":{"offset":"+9:00","description":"Tokyo, Seoul, Osaka, Sapporo, Yakutsk"}},"email":"ella.johansen@example.com","login":{"uuid":"34ce7f61-7af2-450b-a873-ae62ababf151","username":"brownostrich916","password":"jiggaman","salt":"Q0kvdSAF","md5":"fa470b699c1e6580bc764e3be1c9ae20","sha1":"7b5daa46a17e16872cdea3a5951455db9da495df","sha256":"b390d8b8dbcadf4b3f7517fbcc7d66921dc6d5d94f2ef92ed67fa083154979ee"},"dob":{"date":"1967-11-09T11:01:58.156Z","age":56},"registered":{"date":"2005-01-18T18:31:21.733Z","age":19},"phone":"76791308","cell":"70775985","id":{"name":"CPR","value":"091167-8516"},"picture":{"large":"https://randomuser.me/api/portraits/women/63.jpg","medium":"https://randomuser.me/api/portraits/med/women/63.jpg","thumbnail":"https://randomuser.me/api/portraits/thumb/women/63.jpg"},"nat":"DK"}],"info":{"seed":"e000dbb1ea301cf5","results":1,"page":1,"version":"1.4"}} 
 </msg>
<msg time="2024-05-06T18:21:04.739804" level="INFO">/opt/hostedtoolcache/Python/3.12.3/x64/lib/python3.12/site-packages/urllib3/connectionpool.py:1103: InsecureRequestWarning: Unverified HTTPS request is being made to host 'randomuser.me'. Adding certificate verification is strongly advised. See: https://urllib3.readthedocs.io/en/latest/advanced-usage.html#tls-warnings
  warnings.warn(</msg>
<msg time="2024-05-06T18:21:04.739951" level="INFO">${response} = &lt;Response [200]&gt;</msg>
<var>${response}</var>
<arg>consultarAPI</arg>
<arg>/api</arg>
<doc>Sends a GET request on a previously created HTTP Session.</doc>
<status status="PASS" start="2024-05-06T18:21:04.646252" elapsed="0.093733"/>
</kw>
<kw name="Set Variable" owner="BuiltIn">
<msg time="2024-05-06T18:21:04.741279" level="INFO">${json_data} = {'results': [{'gender': 'female', 'name': {'title': 'Ms', 'first': 'Ella', 'last': 'Johansen'}, 'location': {'street': {'number': 4787, 'name': 'Æblevej'}, 'city': 'Kvistgaard', 'state': 'Danmark', 'c...</msg>
<var>${json_data}</var>
<arg>${response.json()}</arg>
<doc>Returns the given values which can then be assigned to a variables.</doc>
<status status="PASS" start="2024-05-06T18:21:04.740581" elapsed="0.000736"/>
</kw>
<kw name="Log" owner="BuiltIn">
<msg time="2024-05-06T18:21:04.741951" level="INFO">{'results': [{'gender': 'female', 'name': {'title': 'Ms', 'first': 'Ella', 'last': 'Johansen'}, 'location': {'street': {'number': 4787, 'name': 'Æblevej'}, 'city': 'Kvistgaard', 'state': 'Danmark', 'country': 'Denmark', 'postcode': 54762, 'coordinates': {'latitude': '-38.6484', 'longitude': '176.3482'}, 'timezone': {'offset': '+9:00', 'description': 'Tokyo, Seoul, Osaka, Sapporo, Yakutsk'}}, 'email': 'ella.johansen@example.com', 'login': {'uuid': '34ce7f61-7af2-450b-a873-ae62ababf151', 'username': 'brownostrich916', 'password': 'jiggaman', 'salt': 'Q0kvdSAF', 'md5': 'fa470b699c1e6580bc764e3be1c9ae20', 'sha1': '7b5daa46a17e16872cdea3a5951455db9da495df', 'sha256': 'b390d8b8dbcadf4b3f7517fbcc7d66921dc6d5d94f2ef92ed67fa083154979ee'}, 'dob': {'date': '1967-11-09T11:01:58.156Z', 'age': 56}, 'registered': {'date': '2005-01-18T18:31:21.733Z', 'age': 19}, 'phone': '76791308', 'cell': '70775985', 'id': {'name': 'CPR', 'value': '091167-8516'}, 'picture': {'large': 'https://randomuser.me/api/portraits/women/63.jpg', 'medium': 'https://randomuser.me/api/portraits/med/women/63.jpg', 'thumbnail': 'https://randomuser.me/api/portraits/thumb/women/63.jpg'}, 'nat': 'DK'}], 'info': {'seed': 'e000dbb1ea301cf5', 'results': 1, 'page': 1, 'version': '1.4'}}</msg>
<arg>${json_data}</arg>
<doc>Logs the given message with the given level.</doc>
<status status="PASS" start="2024-05-06T18:21:04.741746" elapsed="0.000273"/>
</kw>
<kw name="Dictionary Should Contain Key" owner="Collections">
<msg time="2024-05-06T18:21:04.742579" level="INFO">False</msg>
<arg>${json_data}</arg>
<arg>results</arg>
<doc>Fails if ``key`` is not found from ``dictionary``.</doc>
<status status="PASS" start="2024-05-06T18:21:04.742385" elapsed="0.000241"/>
</kw>
<kw name="Should Not Be Empty" owner="BuiltIn">
<msg time="2024-05-06T18:21:04.743143" level="INFO">Length is 2.</msg>
<arg>${json_data}</arg>
<doc>Verifies that the given item is not empty.</doc>
<status status="PASS" start="2024-05-06T18:21:04.742986" elapsed="0.000417"/>
</kw>
<kw name="Create List" owner="BuiltIn">
<msg time="2024-05-06T18:21:04.743895" level="INFO">${expected_keys} = ['gender', 'name', 'location', 'email', 'login']</msg>
<var>${expected_keys}</var>
<arg>gender</arg>
<arg>name</arg>
<arg>location</arg>
<arg>email</arg>
<arg>login</arg>
<doc>Returns a list containing given items.</doc>
<status status="PASS" start="2024-05-06T18:21:04.743740" elapsed="0.000178"/>
</kw>
<for flavor="IN">
<iter>
<kw name="Dictionary Should Contain Key" owner="Collections">
<msg time="2024-05-06T18:21:04.744915" level="INFO">False</msg>
<arg>${json_data['results'][0]}</arg>
<arg>${key}</arg>
<doc>Fails if ``key`` is not found from ``dictionary``.</doc>
<status status="PASS" start="2024-05-06T18:21:04.744506" elapsed="0.000447"/>
</kw>
<kw name="Log" owner="BuiltIn">
<msg time="2024-05-06T18:21:04.745655" level="INFO">{'gender': 'female', 'name': {'title': 'Ms', 'first': 'Ella', 'last': 'Johansen'}, 'location': {'street': {'number': 4787, 'name': 'Æblevej'}, 'city': 'Kvistgaard', 'state': 'Danmark', 'country': 'Denmark', 'postcode': 54762, 'coordinates': {'latitude': '-38.6484', 'longitude': '176.3482'}, 'timezone': {'offset': '+9:00', 'description': 'Tokyo, Seoul, Osaka, Sapporo, Yakutsk'}}, 'email': 'ella.johansen@example.com', 'login': {'uuid': '34ce7f61-7af2-450b-a873-ae62ababf151', 'username': 'brownostrich916', 'password': 'jiggaman', 'salt': 'Q0kvdSAF', 'md5': 'fa470b699c1e6580bc764e3be1c9ae20', 'sha1': '7b5daa46a17e16872cdea3a5951455db9da495df', 'sha256': 'b390d8b8dbcadf4b3f7517fbcc7d66921dc6d5d94f2ef92ed67fa083154979ee'}, 'dob': {'date': '1967-11-09T11:01:58.156Z', 'age': 56}, 'registered': {'date': '2005-01-18T18:31:21.733Z', 'age': 19}, 'phone': '76791308', 'cell': '70775985', 'id': {'name': 'CPR', 'value': '091167-8516'}, 'picture': {'large': 'https://randomuser.me/api/portraits/women/63.jpg', 'medium': 'https://randomuser.me/api/portraits/med/women/63.jpg', 'thumbnail': 'https://randomuser.me/api/portraits/thumb/women/63.jpg'}, 'nat': 'DK'}</msg>
<arg>${json_data['results'][0]}</arg>
<doc>Logs the given message with the given level.</doc>
<status status="PASS" start="2024-05-06T18:21:04.745252" elapsed="0.000453"/>
</kw>
<kw name="Log" owner="BuiltIn">
<msg time="2024-05-06T18:21:04.746136" level="INFO">gender</msg>
<arg>${key}</arg>
<doc>Logs the given message with the given level.</doc>
<status status="PASS" start="2024-05-06T18:21:04.746010" elapsed="0.000163"/>
</kw>
<var name="${key}">gender</var>
<status status="PASS" start="2024-05-06T18:21:04.744372" elapsed="0.002016"/>
</iter>
<iter>
<kw name="Dictionary Should Contain Key" owner="Collections">
<msg time="2024-05-06T18:21:04.747067" level="INFO">False</msg>
<arg>${json_data['results'][0]}</arg>
<arg>${key}</arg>
<doc>Fails if ``key`` is not found from ``dictionary``.</doc>
<status status="PASS" start="2024-05-06T18:21:04.746685" elapsed="0.000419"/>
</kw>
<kw name="Log" owner="BuiltIn">
<msg time="2024-05-06T18:21:04.747794" level="INFO">{'gender': 'female', 'name': {'title': 'Ms', 'first': 'Ella', 'last': 'Johansen'}, 'location': {'street': {'number': 4787, 'name': 'Æblevej'}, 'city': 'Kvistgaard', 'state': 'Danmark', 'country': 'Denmark', 'postcode': 54762, 'coordinates': {'latitude': '-38.6484', 'longitude': '176.3482'}, 'timezone': {'offset': '+9:00', 'description': 'Tokyo, Seoul, Osaka, Sapporo, Yakutsk'}}, 'email': 'ella.johansen@example.com', 'login': {'uuid': '34ce7f61-7af2-450b-a873-ae62ababf151', 'username': 'brownostrich916', 'password': 'jiggaman', 'salt': 'Q0kvdSAF', 'md5': 'fa470b699c1e6580bc764e3be1c9ae20', 'sha1': '7b5daa46a17e16872cdea3a5951455db9da495df', 'sha256': 'b390d8b8dbcadf4b3f7517fbcc7d66921dc6d5d94f2ef92ed67fa083154979ee'}, 'dob': {'date': '1967-11-09T11:01:58.156Z', 'age': 56}, 'registered': {'date': '2005-01-18T18:31:21.733Z', 'age': 19}, 'phone': '76791308', 'cell': '70775985', 'id': {'name': 'CPR', 'value': '091167-8516'}, 'picture': {'large': 'https://randomuser.me/api/portraits/women/63.jpg', 'medium': 'https://randomuser.me/api/portraits/med/women/63.jpg', 'thumbnail': 'https://randomuser.me/api/portraits/thumb/women/63.jpg'}, 'nat': 'DK'}</msg>
<arg>${json_data['results'][0]}</arg>
<doc>Logs the given message with the given level.</doc>
<status status="PASS" start="2024-05-06T18:21:04.747429" elapsed="0.000413"/>
</kw>
<kw name="Log" owner="BuiltIn">
<msg time="2024-05-06T18:21:04.748264" level="INFO">name</msg>
<arg>${key}</arg>
<doc>Logs the given message with the given level.</doc>
<status status="PASS" start="2024-05-06T18:21:04.748139" elapsed="0.000162"/>
</kw>
<var name="${key}">name</var>
<status status="PASS" start="2024-05-06T18:21:04.746572" elapsed="0.001945"/>
</iter>
<iter>
<kw name="Dictionary Should Contain Key" owner="Collections">
<msg time="2024-05-06T18:21:04.749181" level="INFO">False</msg>
<arg>${json_data['results'][0]}</arg>
<arg>${key}</arg>
<doc>Fails if ``key`` is not found from ``dictionary``.</doc>
<status status="PASS" start="2024-05-06T18:21:04.748801" elapsed="0.000416"/>
</kw>
<kw name="Log" owner="BuiltIn">
<msg time="2024-05-06T18:21:04.749925" level="INFO">{'gender': 'female', 'name': {'title': 'Ms', 'first': 'Ella', 'last': 'Johansen'}, 'location': {'street': {'number': 4787, 'name': 'Æblevej'}, 'city': 'Kvistgaard', 'state': 'Danmark', 'country': 'Denmark', 'postcode': 54762, 'coordinates': {'latitude': '-38.6484', 'longitude': '176.3482'}, 'timezone': {'offset': '+9:00', 'description': 'Tokyo, Seoul, Osaka, Sapporo, Yakutsk'}}, 'email': 'ella.johansen@example.com', 'login': {'uuid': '34ce7f61-7af2-450b-a873-ae62ababf151', 'username': 'brownostrich916', 'password': 'jiggaman', 'salt': 'Q0kvdSAF', 'md5': 'fa470b699c1e6580bc764e3be1c9ae20', 'sha1': '7b5daa46a17e16872cdea3a5951455db9da495df', 'sha256': 'b390d8b8dbcadf4b3f7517fbcc7d66921dc6d5d94f2ef92ed67fa083154979ee'}, 'dob': {'date': '1967-11-09T11:01:58.156Z', 'age': 56}, 'registered': {'date': '2005-01-18T18:31:21.733Z', 'age': 19}, 'phone': '76791308', 'cell': '70775985', 'id': {'name': 'CPR', 'value': '091167-8516'}, 'picture': {'large': 'https://randomuser.me/api/portraits/women/63.jpg', 'medium': 'https://randomuser.me/api/portraits/med/women/63.jpg', 'thumbnail': 'https://randomuser.me/api/portraits/thumb/women/63.jpg'}, 'nat': 'DK'}</msg>
<arg>${json_data['results'][0]}</arg>
<doc>Logs the given message with the given level.</doc>
<status status="PASS" start="2024-05-06T18:21:04.749546" elapsed="0.000428"/>
</kw>
<kw name="Log" owner="BuiltIn">
<msg time="2024-05-06T18:21:04.750393" level="INFO">location</msg>
<arg>${key}</arg>
<doc>Logs the given message with the given level.</doc>
<status status="PASS" start="2024-05-06T18:21:04.750268" elapsed="0.000163"/>
</kw>
<var name="${key}">location</var>
<status status="PASS" start="2024-05-06T18:21:04.748690" elapsed="0.001956"/>
</iter>
<iter>
<kw name="Dictionary Should Contain Key" owner="Collections">
<msg time="2024-05-06T18:21:04.751311" level="INFO">False</msg>
<arg>${json_data['results'][0]}</arg>
<arg>${key}</arg>
<doc>Fails if ``key`` is not found from ``dictionary``.</doc>
<status status="PASS" start="2024-05-06T18:21:04.750927" elapsed="0.000421"/>
</kw>
<kw name="Log" owner="BuiltIn">
<msg time="2024-05-06T18:21:04.752003" level="INFO">{'gender': 'female', 'name': {'title': 'Ms', 'first': 'Ella', 'last': 'Johansen'}, 'location': {'street': {'number': 4787, 'name': 'Æblevej'}, 'city': 'Kvistgaard', 'state': 'Danmark', 'country': 'Denmark', 'postcode': 54762, 'coordinates': {'latitude': '-38.6484', 'longitude': '176.3482'}, 'timezone': {'offset': '+9:00', 'description': 'Tokyo, Seoul, Osaka, Sapporo, Yakutsk'}}, 'email': 'ella.johansen@example.com', 'login': {'uuid': '34ce7f61-7af2-450b-a873-ae62ababf151', 'username': 'brownostrich916', 'password': 'jiggaman', 'salt': 'Q0kvdSAF', 'md5': 'fa470b699c1e6580bc764e3be1c9ae20', 'sha1': '7b5daa46a17e16872cdea3a5951455db9da495df', 'sha256': 'b390d8b8dbcadf4b3f7517fbcc7d66921dc6d5d94f2ef92ed67fa083154979ee'}, 'dob': {'date': '1967-11-09T11:01:58.156Z', 'age': 56}, 'registered': {'date': '2005-01-18T18:31:21.733Z', 'age': 19}, 'phone': '76791308', 'cell': '70775985', 'id': {'name': 'CPR', 'value': '091167-8516'}, 'picture': {'large': 'https://randomuser.me/api/portraits/women/63.jpg', 'medium': 'https://randomuser.me/api/portraits/med/women/63.jpg', 'thumbnail': 'https://randomuser.me/api/portraits/thumb/women/63.jpg'}, 'nat': 'DK'}</msg>
<arg>${json_data['results'][0]}</arg>
<doc>Logs the given message with the given level.</doc>
<status status="PASS" start="2024-05-06T18:21:04.751647" elapsed="0.000405"/>
</kw>
<kw name="Log" owner="BuiltIn">
<msg time="2024-05-06T18:21:04.752469" level="INFO">email</msg>
<arg>${key}</arg>
<doc>Logs the given message with the given level.</doc>
<status status="PASS" start="2024-05-06T18:21:04.752344" elapsed="0.000162"/>
</kw>
<var name="${key}">email</var>
<status status="PASS" start="2024-05-06T18:21:04.750817" elapsed="0.001900"/>
</iter>
<iter>
<kw name="Dictionary Should Contain Key" owner="Collections">
<msg time="2024-05-06T18:21:04.753431" level="INFO">False</msg>
<arg>${json_data['results'][0]}</arg>
<arg>${key}</arg>
<doc>Fails if ``key`` is not found from ``dictionary``.</doc>
<status status="PASS" start="2024-05-06T18:21:04.753006" elapsed="0.000467"/>
</kw>
<kw name="Log" owner="BuiltIn">
<msg time="2024-05-06T18:21:04.754144" level="INFO">{'gender': 'female', 'name': {'title': 'Ms', 'first': 'Ella', 'last': 'Johansen'}, 'location': {'street': {'number': 4787, 'name': 'Æblevej'}, 'city': 'Kvistgaard', 'state': 'Danmark', 'country': 'Denmark', 'postcode': 54762, 'coordinates': {'latitude': '-38.6484', 'longitude': '176.3482'}, 'timezone': {'offset': '+9:00', 'description': 'Tokyo, Seoul, Osaka, Sapporo, Yakutsk'}}, 'email': 'ella.johansen@example.com', 'login': {'uuid': '34ce7f61-7af2-450b-a873-ae62ababf151', 'username': 'brownostrich916', 'password': 'jiggaman', 'salt': 'Q0kvdSAF', 'md5': 'fa470b699c1e6580bc764e3be1c9ae20', 'sha1': '7b5daa46a17e16872cdea3a5951455db9da495df', 'sha256': 'b390d8b8dbcadf4b3f7517fbcc7d66921dc6d5d94f2ef92ed67fa083154979ee'}, 'dob': {'date': '1967-11-09T11:01:58.156Z', 'age': 56}, 'registered': {'date': '2005-01-18T18:31:21.733Z', 'age': 19}, 'phone': '76791308', 'cell': '70775985', 'id': {'name': 'CPR', 'value': '091167-8516'}, 'picture': {'large': 'https://randomuser.me/api/portraits/women/63.jpg', 'medium': 'https://randomuser.me/api/portraits/med/women/63.jpg', 'thumbnail': 'https://randomuser.me/api/portraits/thumb/women/63.jpg'}, 'nat': 'DK'}</msg>
<arg>${json_data['results'][0]}</arg>
<doc>Logs the given message with the given level.</doc>
<status status="PASS" start="2024-05-06T18:21:04.753772" elapsed="0.000420"/>
</kw>
<kw name="Log" owner="BuiltIn">
<msg time="2024-05-06T18:21:04.754623" level="INFO">login</msg>
<arg>${key}</arg>
<doc>Logs the given message with the given level.</doc>
<status status="PASS" start="2024-05-06T18:21:04.754494" elapsed="0.000166"/>
</kw>
<var name="${key}">login</var>
<status status="PASS" start="2024-05-06T18:21:04.752887" elapsed="0.002015"/>
</iter>
<var>${key}</var>
<value>@{expected_keys}</value>
<status status="PASS" start="2024-05-06T18:21:04.744180" elapsed="0.010847"/>
</for>
<kw name="Create List" owner="BuiltIn">
<msg time="2024-05-06T18:21:04.755361" level="INFO">${expected_keysTwo} = ['username', 'password']</msg>
<var>${expected_keysTwo}</var>
<arg>username</arg>
<arg>password</arg>
<doc>Returns a list containing given items.</doc>
<status status="PASS" start="2024-05-06T18:21:04.755222" elapsed="0.000162"/>
</kw>
<for flavor="IN">
<iter>
<kw name="Dictionary Should Contain Key" owner="Collections">
<msg time="2024-05-06T18:21:04.756270" level="INFO">False</msg>
<arg>${json_data['results'][0]['login']}</arg>
<arg>${keyTwo}</arg>
<doc>Fails if ``key`` is not found from ``dictionary``.</doc>
<status status="PASS" start="2024-05-06T18:21:04.755883" elapsed="0.000424"/>
</kw>
<kw name="Dictionary Should Contain Key" owner="Collections">
<msg time="2024-05-06T18:21:04.756979" level="INFO">False</msg>
<arg>${json_data['results'][0]['login']}</arg>
<arg>${keyTwo}</arg>
<doc>Fails if ``key`` is not found from ``dictionary``.</doc>
<status status="PASS" start="2024-05-06T18:21:04.756601" elapsed="0.000416"/>
</kw>
<kw name="Log" owner="BuiltIn">
<msg time="2024-05-06T18:21:04.757466" level="INFO">username</msg>
<arg>${keyTwo}</arg>
<doc>Logs the given message with the given level.</doc>
<status status="PASS" start="2024-05-06T18:21:04.757306" elapsed="0.000206"/>
</kw>
<var name="${keyTwo}">username</var>
<status status="PASS" start="2024-05-06T18:21:04.755773" elapsed="0.001961"/>
</iter>
<iter>
<kw name="Dictionary Should Contain Key" owner="Collections">
<msg time="2024-05-06T18:21:04.758477" level="INFO">False</msg>
<arg>${json_data['results'][0]['login']}</arg>
<arg>${keyTwo}</arg>
<doc>Fails if ``key`` is not found from ``dictionary``.</doc>
<status status="PASS" start="2024-05-06T18:21:04.758011" elapsed="0.000505"/>
</kw>
<kw name="Dictionary Should Contain Key" owner="Collections">
<msg time="2024-05-06T18:21:04.759193" level="INFO">False</msg>
<arg>${json_data['results'][0]['login']}</arg>
<arg>${keyTwo}</arg>
<doc>Fails if ``key`` is not found from ``dictionary``.</doc>
<status status="PASS" start="2024-05-06T18:21:04.758816" elapsed="0.000413"/>
</kw>
<kw name="Log" owner="BuiltIn">
<msg time="2024-05-06T18:21:04.759654" level="INFO">password</msg>
<arg>${keyTwo}</arg>
<doc>Logs the given message with the given level.</doc>
<status status="PASS" start="2024-05-06T18:21:04.759522" elapsed="0.000169"/>
</kw>
<var name="${keyTwo}">password</var>
<status status="PASS" start="2024-05-06T18:21:04.757902" elapsed="0.002002"/>
</iter>
<var>${keyTwo}</var>
<value>@{expected_keysTwo}</value>
<status status="PASS" start="2024-05-06T18:21:04.755622" elapsed="0.004401"/>
</for>
<status status="PASS" start="2024-05-06T18:21:04.646014" elapsed="0.114149"/>
</kw>
<doc>Testa a estrutura da resposta da API.</doc>
<tag>testeEstruturaResposta</tag>
<status status="PASS" start="2024-05-06T18:21:04.645370" elapsed="0.114951"/>
</test>
<test id="s1-s1-t4" name="Validar tipos de dados" line="28">
<kw name="Teste de Tipos de Dados" owner="random-user-service">
<kw name="GET On Session" owner="RequestsLibrary">
<msg time="2024-05-06T18:21:04.871342" level="INFO">GET Request : url=https://randomuser.me/api 
 path_url=/api 
 headers={'User-Agent': 'python-requests/2.31.0', 'Accept-Encoding': 'gzip, deflate', 'Accept': '*/*', 'Connection': 'keep-alive'} 
 body=None 
 </msg>
<msg time="2024-05-06T18:21:04.871458" level="INFO">GET Response : url=https://randomuser.me/api 
 status=200, reason=OK 
 headers={'Date': 'Mon, 06 May 2024 18:21:04 GMT', 'Content-Type': 'application/json; charset=utf-8', 'Transfer-Encoding': 'chunked', 'Connection': 'keep-alive', 'X-Powered-By': 'Express', 'Access-Control-Allow-Origin': '*', 'Cache-Control': 'no-cache', 'ETag': 'W/"48b-bEjf/ZMwgWN3J0FiuYbWgxglaHE"', 'Vary': 'Accept-Encoding', 'Content-Encoding': 'gzip', 'CF-Cache-Status': 'DYNAMIC', 'Report-To': '{"endpoints":[{"url":"https:\\/\\/a.nel.cloudflare.com\\/report\\/v4?s=BBLJRT18TIX3zw290lrZsqBYjQPPX61EhT74ZXIvuO%2FbXDyHjKHFv2udsul9Tvz4MAQarFGJm4RO8KH4Esppw0WY%2B%2FPRmQDiiSNIG4Yzou3GVKLnU39I%2F08PDjmgcGR%2F"}],"group":"cf-nel","max_age":604800}', 'NEL': '{"success_fraction":0,"report_to":"cf-nel","max_age":604800}', 'Server': 'cloudflare', 'CF-RAY': '87fafce8cbf82530-SJC', 'alt-svc': 'h3=":443"; ma=86400'} 
 body={"results":[{"gender":"female","name":{"title":"Mrs","first":"Oya","last":"Özgörkey"},"location":{"street":{"number":8240,"name":"Bağdat Cd"},"city":"Karaman","state":"Hakkâri","country":"Turkey","postcode":41724,"coordinates":{"latitude":"72.2517","longitude":"6.1234"},"timezone":{"offset":"-4:00","description":"Atlantic Time (Canada), Caracas, La Paz"}},"email":"oya.ozgorkey@example.com","login":{"uuid":"cf64ddd5-52a3-49f9-ab65-a435883d2350","username":"greenmouse358","password":"gobucks","salt":"iPmK8JjS","md5":"8160b438d35a78a8d04b0571d7c90605","sha1":"03ee24d894648127c95a50fc0245c2feca1eb865","sha256":"f9e44aff87c4c06f68d709b3c6007a1ae5cdc5873bd6b6796ad19446e97f0e8d"},"dob":{"date":"1956-01-29T22:29:28.685Z","age":68},"registered":{"date":"2008-09-25T23:42:51.818Z","age":15},"phone":"(528)-123-0384","cell":"(424)-928-8822","id":{"name":"","value":null},"picture":{"large":"https://randomuser.me/api/portraits/women/52.jpg","medium":"https://randomuser.me/api/portraits/med/women/52.jpg","thumbnail":"https://randomuser.me/api/portraits/thumb/women/52.jpg"},"nat":"TR"}],"info":{"seed":"c92ecad527566d8e","results":1,"page":1,"version":"1.4"}} 
 </msg>
<msg time="2024-05-06T18:21:04.871555" level="INFO">/opt/hostedtoolcache/Python/3.12.3/x64/lib/python3.12/site-packages/urllib3/connectionpool.py:1103: InsecureRequestWarning: Unverified HTTPS request is being made to host 'randomuser.me'. Adding certificate verification is strongly advised. See: https://urllib3.readthedocs.io/en/latest/advanced-usage.html#tls-warnings
  warnings.warn(</msg>
<msg time="2024-05-06T18:21:04.871701" level="INFO">${response} = &lt;Response [200]&gt;</msg>
<var>${response}</var>
<arg>consultarAPI</arg>
<arg>/api</arg>
<doc>Sends a GET request on a previously created HTTP Session.</doc>
<status status="PASS" start="2024-05-06T18:21:04.762952" elapsed="0.108787"/>
</kw>
<kw name="Set Variable" owner="BuiltIn">
<msg time="2024-05-06T18:21:04.873008" level="INFO">${json_data} = {'results': [{'gender': 'female', 'name': {'title': 'Mrs', 'first': 'Oya', 'last': 'Özgörkey'}, 'location': {'street': {'number': 8240, 'name': 'Bağdat Cd'}, 'city': 'Karaman', 'state': 'Hakkâri', 'co...</msg>
<var>${json_data}</var>
<arg>${response.json()}</arg>
<doc>Returns the given values which can then be assigned to a variables.</doc>
<status status="PASS" start="2024-05-06T18:21:04.872433" elapsed="0.000606"/>
</kw>
<kw name="Log" owner="BuiltIn">
<msg time="2024-05-06T18:21:04.873567" level="INFO">{'results': [{'gender': 'female', 'name': {'title': 'Mrs', 'first': 'Oya', 'last': 'Özgörkey'}, 'location': {'street': {'number': 8240, 'name': 'Bağdat Cd'}, 'city': 'Karaman', 'state': 'Hakkâri', 'country': 'Turkey', 'postcode': 41724, 'coordinates': {'latitude': '72.2517', 'longitude': '6.1234'}, 'timezone': {'offset': '-4:00', 'description': 'Atlantic Time (Canada), Caracas, La Paz'}}, 'email': 'oya.ozgorkey@example.com', 'login': {'uuid': 'cf64ddd5-52a3-49f9-ab65-a435883d2350', 'username': 'greenmouse358', 'password': 'gobucks', 'salt': 'iPmK8JjS', 'md5': '8160b438d35a78a8d04b0571d7c90605', 'sha1': '03ee24d894648127c95a50fc0245c2feca1eb865', 'sha256': 'f9e44aff87c4c06f68d709b3c6007a1ae5cdc5873bd6b6796ad19446e97f0e8d'}, 'dob': {'date': '1956-01-29T22:29:28.685Z', 'age': 68}, 'registered': {'date': '2008-09-25T23:42:51.818Z', 'age': 15}, 'phone': '(528)-123-0384', 'cell': '(424)-928-8822', 'id': {'name': '', 'value': None}, 'picture': {'large': 'https://randomuser.me/api/portraits/women/52.jpg', 'medium': 'https://randomuser.me/api/portraits/med/women/52.jpg', 'thumbnail': 'https://randomuser.me/api/portraits/thumb/women/52.jpg'}, 'nat': 'TR'}], 'info': {'seed': 'c92ecad527566d8e', 'results': 1, 'page': 1, 'version': '1.4'}}</msg>
<arg>${json_data}</arg>
<doc>Logs the given message with the given level.</doc>
<status status="PASS" start="2024-05-06T18:21:04.873353" elapsed="0.000304"/>
</kw>
<kw name="Should Be String" owner="String">
<arg>${json_data['results'][0]['gender']}</arg>
<doc>Fails if the given ``item`` is not a string.</doc>
<status status="PASS" start="2024-05-06T18:21:04.873962" elapsed="0.000375"/>
</kw>
<kw name="Should Match Regexp" owner="BuiltIn">
<arg>${json_data['results'][0]['email']}</arg>
<arg>^[a-zA-Z0-9._%+-]+@[a-zA-Z0-9.-]+\.[a-zA-Z]{2,}$</arg>
<doc>Fails if ``string`` does not match ``pattern`` as a regular expression.</doc>
<status status="PASS" start="2024-05-06T18:21:04.874530" elapsed="0.000512"/>
</kw>
<kw name="Should Match Regexp" owner="BuiltIn">
<arg>${json_data['results'][0]['dob']['date']}</arg>
<arg>\\d{4}-\\d{2}-\\d{2}T\\d{2}:\\d{2}:\\d{2}\\.\\d{3}Z</arg>
<doc>Fails if ``string`` does not match ``pattern`` as a regular expression.</doc>
<status status="PASS" start="2024-05-06T18:21:04.875235" elapsed="0.000483"/>
</kw>
<kw name="Should Match Regexp" owner="BuiltIn">
<arg>${json_data['results'][0]['registered']['date']}</arg>
<arg>\\d{4}-\\d{2}-\\d{2}T\\d{2}:\\d{2}:\\d{2}\\.\\d{3}Z</arg>
<doc>Fails if ``string`` does not match ``pattern`` as a regular expression.</doc>
<status status="PASS" start="2024-05-06T18:21:04.875907" elapsed="0.000377"/>
</kw>
<kw name="Should Match Regexp" owner="BuiltIn">
<arg>${json_data['results'][0]['picture']['large']}</arg>
<arg>^https?://.*\.(?:png|jpe?g|gif|bmp)$</arg>
<doc>Fails if ``string`` does not match ``pattern`` as a regular expression.</doc>
<status status="PASS" start="2024-05-06T18:21:04.876474" elapsed="0.000457"/>
</kw>
<kw name="Should Match Regexp" owner="BuiltIn">
<arg>${json_data['results'][0]['picture']['medium']}</arg>
<arg>^https?://.*\.(?:png|jpe?g|gif|bmp)$</arg>
<doc>Fails if ``string`` does not match ``pattern`` as a regular expression.</doc>
<status status="PASS" start="2024-05-06T18:21:04.877119" elapsed="0.000378"/>
</kw>
<kw name="Should Match Regexp" owner="BuiltIn">
<arg>${json_data['results'][0]['picture']['thumbnail']}</arg>
<arg>^https?://.*\.(?:png|jpe?g|gif|bmp)$</arg>
<doc>Fails if ``string`` does not match ``pattern`` as a regular expression.</doc>
<status status="PASS" start="2024-05-06T18:21:04.877687" elapsed="0.000357"/>
</kw>
<kw name="Log" owner="BuiltIn">
<msg time="2024-05-06T18:21:04.878562" level="INFO">{'large': 'https://randomuser.me/api/portraits/women/52.jpg', 'medium': 'https://randomuser.me/api/portraits/med/women/52.jpg', 'thumbnail': 'https://randomuser.me/api/portraits/thumb/women/52.jpg'}</msg>
<arg>${json_data['results'][0]['picture']}</arg>
<doc>Logs the given message with the given level.</doc>
<status status="PASS" start="2024-05-06T18:21:04.878241" elapsed="0.000361"/>
</kw>
<status status="PASS" start="2024-05-06T18:21:04.762723" elapsed="0.116137"/>
</kw>
<kw name="Teste de Tipos de Dados - Postcode" owner="random-user-service">
<kw name="GET On Session" owner="RequestsLibrary">
<msg time="2024-05-06T18:21:04.984046" level="INFO">GET Request : url=https://randomuser.me/api 
 path_url=/api 
 headers={'User-Agent': 'python-requests/2.31.0', 'Accept-Encoding': 'gzip, deflate', 'Accept': '*/*', 'Connection': 'keep-alive'} 
 body=None 
 </msg>
<msg time="2024-05-06T18:21:04.984163" level="INFO">GET Response : url=https://randomuser.me/api 
 status=200, reason=OK 
 headers={'Date': 'Mon, 06 May 2024 18:21:04 GMT', 'Content-Type': 'application/json; charset=utf-8', 'Transfer-Encoding': 'chunked', 'Connection': 'keep-alive', 'X-Powered-By': 'Express', 'Access-Control-Allow-Origin': '*', 'Cache-Control': 'no-cache', 'ETag': 'W/"481-FnGLPsmhYiTCrvCiaQX+A9haZzA"', 'Vary': 'Accept-Encoding', 'Content-Encoding': 'gzip', 'CF-Cache-Status': 'DYNAMIC', 'Report-To': '{"endpoints":[{"url":"https:\\/\\/a.nel.cloudflare.com\\/report\\/v4?s=vAxe9MnSxEIhqGZZMeR2JKl2k%2BJmmwz%2B7QBioDKf%2F57z8xKJXLxwNDIF55kqXSKej8xF%2FckKd%2FaO53HOFeBySqoMVBE6mk%2BPNrcpeTmbUNwYQz9vODz0cATKHFcoVyC%2B"}],"group":"cf-nel","max_age":604800}', 'NEL': '{"success_fraction":0,"report_to":"cf-nel","max_age":604800}', 'Server': 'cloudflare', 'CF-RAY': '87fafce98c7a2530-SJC', 'alt-svc': 'h3=":443"; ma=86400'} 
 body={"results":[{"gender":"female","name":{"title":"Miss","first":"Ülkü","last":"Kocabıyık"},"location":{"street":{"number":9055,"name":"Talak Göktepe Cd"},"city":"Aksaray","state":"Hatay","country":"Turkey","postcode":97846,"coordinates":{"latitude":"64.7492","longitude":"73.3263"},"timezone":{"offset":"-11:00","description":"Midway Island, Samoa"}},"email":"ulku.kocabiyik@example.com","login":{"uuid":"d810e4d6-f93e-4bbc-96bb-6cc500473e14","username":"sadkoala823","password":"rainbow1","salt":"Kn6SQVhy","md5":"7e0ac07f1450732724510a94ef9d3a6b","sha1":"44f855121dc91693107e6aaf24c4cf4e021b51e9","sha256":"b1c051848897ea5614c040bd6f3091ede238a4e49ecf7baa91aeef2d35456134"},"dob":{"date":"1987-12-30T10:50:07.339Z","age":36},"registered":{"date":"2008-10-19T23:15:21.627Z","age":15},"phone":"(024)-290-2263","cell":"(164)-884-9374","id":{"name":"","value":null},"picture":{"large":"https://randomuser.me/api/portraits/women/6.jpg","medium":"https://randomuser.me/api/portraits/med/women/6.jpg","thumbnail":"https://randomuser.me/api/portraits/thumb/women/6.jpg"},"nat":"TR"}],"info":{"seed":"77a4b699622f2323","results":1,"page":1,"version":"1.4"}} 
 </msg>
<msg time="2024-05-06T18:21:04.984243" level="INFO">/opt/hostedtoolcache/Python/3.12.3/x64/lib/python3.12/site-packages/urllib3/connectionpool.py:1103: InsecureRequestWarning: Unverified HTTPS request is being made to host 'randomuser.me'. Adding certificate verification is strongly advised. See: https://urllib3.readthedocs.io/en/latest/advanced-usage.html#tls-warnings
  warnings.warn(</msg>
<msg time="2024-05-06T18:21:04.984379" level="INFO">${response} = &lt;Response [200]&gt;</msg>
<var>${response}</var>
<arg>consultarAPI</arg>
<arg>/api</arg>
<doc>Sends a GET request on a previously created HTTP Session.</doc>
<status status="PASS" start="2024-05-06T18:21:04.879321" elapsed="0.105097"/>
</kw>
<kw name="Set Variable" owner="BuiltIn">
<msg time="2024-05-06T18:21:04.985818" level="INFO">${json_data} = {'results': [{'gender': 'female', 'name': {'title': 'Miss', 'first': 'Ülkü', 'last': 'Kocabıyık'}, 'location': {'street': {'number': 9055, 'name': 'Talak Göktepe Cd'}, 'city': 'Aksaray', 'state': 'Hat...</msg>
<var>${json_data}</var>
<arg>${response.json()}</arg>
<doc>Returns the given values which can then be assigned to a variables.</doc>
<status status="PASS" start="2024-05-06T18:21:04.985159" elapsed="0.000690"/>
</kw>
<kw name="Log" owner="BuiltIn">
<msg time="2024-05-06T18:21:04.986332" level="INFO">{'results': [{'gender': 'female', 'name': {'title': 'Miss', 'first': 'Ülkü', 'last': 'Kocabıyık'}, 'location': {'street': {'number': 9055, 'name': 'Talak Göktepe Cd'}, 'city': 'Aksaray', 'state': 'Hatay', 'country': 'Turkey', 'postcode': 97846, 'coordinates': {'latitude': '64.7492', 'longitude': '73.3263'}, 'timezone': {'offset': '-11:00', 'description': 'Midway Island, Samoa'}}, 'email': 'ulku.kocabiyik@example.com', 'login': {'uuid': 'd810e4d6-f93e-4bbc-96bb-6cc500473e14', 'username': 'sadkoala823', 'password': 'rainbow1', 'salt': 'Kn6SQVhy', 'md5': '7e0ac07f1450732724510a94ef9d3a6b', 'sha1': '44f855121dc91693107e6aaf24c4cf4e021b51e9', 'sha256': 'b1c051848897ea5614c040bd6f3091ede238a4e49ecf7baa91aeef2d35456134'}, 'dob': {'date': '1987-12-30T10:50:07.339Z', 'age': 36}, 'registered': {'date': '2008-10-19T23:15:21.627Z', 'age': 15}, 'phone': '(024)-290-2263', 'cell': '(164)-884-9374', 'id': {'name': '', 'value': None}, 'picture': {'large': 'https://randomuser.me/api/portraits/women/6.jpg', 'medium': 'https://randomuser.me/api/portraits/med/women/6.jpg', 'thumbnail': 'https://randomuser.me/api/portraits/thumb/women/6.jpg'}, 'nat': 'TR'}], 'info': {'seed': '77a4b699622f2323', 'results': 1, 'page': 1, 'version': '1.4'}}</msg>
<arg>${json_data}</arg>
<doc>Logs the given message with the given level.</doc>
<status status="PASS" start="2024-05-06T18:21:04.986170" elapsed="0.000247"/>
</kw>
<kw name="Should Be Equal As Numbers" owner="BuiltIn">
<arg>${json_data['results'][0]['location']['postcode']}</arg>
<arg>${json_data['results'][0]['location']['postcode']}</arg>
<doc>Fails if objects are unequal after converting them to real numbers.</doc>
<status status="PASS" start="2024-05-06T18:21:04.986916" elapsed="0.000646"/>
</kw>
<kw name="Log" owner="BuiltIn">
<msg time="2024-05-06T18:21:04.988102" level="INFO">97846</msg>
<arg>${json_data['results'][0]['location']['postcode']}</arg>
<doc>Logs the given message with the given level.</doc>
<status status="PASS" start="2024-05-06T18:21:04.987762" elapsed="0.000380"/>
</kw>
<status status="PASS" start="2024-05-06T18:21:04.879090" elapsed="0.109309"/>
</kw>
<doc>Testa se os tipos de dados na resposta da API estão corretos.</doc>
<tag>testeTiposDados</tag>
<status status="PASS" start="2024-05-06T18:21:04.762171" elapsed="0.226406"/>
</test>
<test id="s1-s1-t5" name="Validar conteudo" line="35">
<kw name="Teste de Tipos de Conteudo" owner="random-user-service">
<kw name="GET On Session" owner="RequestsLibrary">
<msg time="2024-05-06T18:21:05.290678" level="INFO">GET Request : url=https://randomuser.me/api 
 path_url=/api 
 headers={'User-Agent': 'python-requests/2.31.0', 'Accept-Encoding': 'gzip, deflate', 'Accept': '*/*', 'Connection': 'keep-alive'} 
 body=None 
 </msg>
<msg time="2024-05-06T18:21:05.290781" level="INFO">GET Response : url=https://randomuser.me/api 
 status=200, reason=OK 
 headers={'Date': 'Mon, 06 May 2024 18:21:05 GMT', 'Content-Type': 'application/json; charset=utf-8', 'Transfer-Encoding': 'chunked', 'Connection': 'keep-alive', 'X-Powered-By': 'Express', 'Access-Control-Allow-Origin': '*', 'Cache-Control': 'no-cache', 'ETag': 'W/"488-dmh3MREUrEFv94Zyx4hgxaj+1SQ"', 'Vary': 'Accept-Encoding', 'Content-Encoding': 'gzip', 'CF-Cache-Status': 'DYNAMIC', 'Report-To': '{"endpoints":[{"url":"https:\\/\\/a.nel.cloudflare.com\\/report\\/v4?s=u3X0xRl331yX%2FSO%2F4spnyHcH%2BfMy%2FG%2BnIRoad7h3ec55kv425OfE%2BAYl9xhks%2FZANM0c6s162gle%2FMi4f7%2F4SB8Txcr7zj7yD64iNPbjSZvUaccZp2zYrcjn4hx4bXdT"}],"group":"cf-nel","max_age":604800}', 'NEL': '{"success_fraction":0,"report_to":"cf-nel","max_age":604800}', 'Server': 'cloudflare', 'CF-RAY': '87fafcea3cf02530-SJC', 'alt-svc': 'h3=":443"; ma=86400'} 
 body={"results":[{"gender":"female","name":{"title":"Ms","first":"Ramya","last":"Bangera"},"location":{"street":{"number":565,"name":"Jagadamba Centre"},"city":"Ahmedabad","state":"Chandigarh","country":"India","postcode":27261,"coordinates":{"latitude":"7.9554","longitude":"148.7293"},"timezone":{"offset":"+7:00","description":"Bangkok, Hanoi, Jakarta"}},"email":"ramya.bangera@example.com","login":{"uuid":"91ed0502-3fdb-4cb8-98b3-35eda1ce98e9","username":"blueduck431","password":"progress","salt":"7YSVTFMI","md5":"1e8aeeea4c98c89cc1cba6499415668d","sha1":"da042c3043b3be58add39a79f9ad0f2181d28a6a","sha256":"6c6cb5c625edce23725195ebd32f939f4f29d55c06d7fef65d0af67166eb19ef"},"dob":{"date":"1996-09-01T12:12:15.673Z","age":27},"registered":{"date":"2019-07-27T00:37:02.275Z","age":4},"phone":"7786585754","cell":"9009191540","id":{"name":"UIDAI","value":"451500068156"},"picture":{"large":"https://randomuser.me/api/portraits/women/60.jpg","medium":"https://randomuser.me/api/portraits/med/women/60.jpg","thumbnail":"https://randomuser.me/api/portraits/thumb/women/60.jpg"},"nat":"IN"}],"info":{"seed":"631721928a6d5970","results":1,"page":1,"version":"1.4"}} 
 </msg>
<msg time="2024-05-06T18:21:05.290851" level="INFO">/opt/hostedtoolcache/Python/3.12.3/x64/lib/python3.12/site-packages/urllib3/connectionpool.py:1103: InsecureRequestWarning: Unverified HTTPS request is being made to host 'randomuser.me'. Adding certificate verification is strongly advised. See: https://urllib3.readthedocs.io/en/latest/advanced-usage.html#tls-warnings
  warnings.warn(</msg>
<msg time="2024-05-06T18:21:05.290978" level="INFO">${response} = &lt;Response [200]&gt;</msg>
<var>${response}</var>
<arg>consultarAPI</arg>
<arg>/api</arg>
<doc>Sends a GET request on a previously created HTTP Session.</doc>
<status status="PASS" start="2024-05-06T18:21:04.991152" elapsed="0.299866"/>
</kw>
<kw name="Set Variable" owner="BuiltIn">
<msg time="2024-05-06T18:21:05.292218" level="INFO">${json_data} = {'results': [{'gender': 'female', 'name': {'title': 'Ms', 'first': 'Ramya', 'last': 'Bangera'}, 'location': {'street': {'number': 565, 'name': 'Jagadamba Centre'}, 'city': 'Ahmedabad', 'state': 'Chand...</msg>
<var>${json_data}</var>
<arg>${response.json()}</arg>
<doc>Returns the given values which can then be assigned to a variables.</doc>
<status status="PASS" start="2024-05-06T18:21:05.291664" elapsed="0.000583"/>
</kw>
<kw name="Set Variable" owner="BuiltIn">
<msg time="2024-05-06T18:21:05.292955" level="INFO">${name_title} = Ms</msg>
<var>${name_title}</var>
<arg>${json_data["results"][0]["name"]["title"]}</arg>
<doc>Returns the given values which can then be assigned to a variables.</doc>
<status status="PASS" start="2024-05-06T18:21:05.292565" elapsed="0.000416"/>
</kw>
<kw name="Create List" owner="BuiltIn">
<msg time="2024-05-06T18:21:05.293472" level="INFO">${allowed_titles} = ['Mr', 'Ms', 'Miss', 'Mrs', 'Madame', 'Monsieur']</msg>
<var>${allowed_titles}</var>
<arg>Mr</arg>
<arg>Ms</arg>
<arg>Miss</arg>
<arg>Mrs</arg>
<arg>Madame</arg>
<arg>Monsieur</arg>
<doc>Returns a list containing given items.</doc>
<status status="PASS" start="2024-05-06T18:21:05.293283" elapsed="0.000216"/>
</kw>
<kw name="List Should Contain Value" owner="Collections">
<msg time="2024-05-06T18:21:05.293986" level="INFO">False</msg>
<arg>${allowed_titles}</arg>
<arg>${name_title}</arg>
<doc>Fails if the ``value`` is not found from ``list``.</doc>
<status status="PASS" start="2024-05-06T18:21:05.293810" elapsed="0.000213"/>
</kw>
<kw name="Set Variable" owner="BuiltIn">
<msg time="2024-05-06T18:21:05.294695" level="INFO">${name_country} = IN</msg>
<var>${name_country}</var>
<arg>${json_data["results"][0]["nat"]}</arg>
<doc>Returns the given values which can then be assigned to a variables.</doc>
<status status="PASS" start="2024-05-06T18:21:05.294313" elapsed="0.000408"/>
</kw>
<kw name="Create List" owner="BuiltIn">
<msg time="2024-05-06T18:21:05.295609" level="INFO">${list_country} = ['AD', 'AE', 'AF', 'AG', 'AI', 'AL', 'AM', 'AO', 'AQ', 'AR', 'AS', 'AT', 'AU', 'AW', 'AX', 'AZ', 'BA', 'BB', 'BD', 'BE', 'BF', 'BG', 'BH', 'BI', 'BJ', 'BL', 'BM', 'BN', 'BO', 'BQ', 'BR', 'BS', 'BT', '...</msg>
<var>${list_country}</var>
<arg>AD</arg>
<arg>AE</arg>
<arg>AF</arg>
<arg>AG</arg>
<arg>AI</arg>
<arg>AL</arg>
<arg>AM</arg>
<arg>AO</arg>
<arg>AQ</arg>
<arg>AR</arg>
<arg>AS</arg>
<arg>AT</arg>
<arg>AU</arg>
<arg>AW</arg>
<arg>AX</arg>
<arg>AZ</arg>
<arg>BA</arg>
<arg>BB</arg>
<arg>BD</arg>
<arg>BE</arg>
<arg>BF</arg>
<arg>BG</arg>
<arg>BH</arg>
<arg>BI</arg>
<arg>BJ</arg>
<arg>BL</arg>
<arg>BM</arg>
<arg>BN</arg>
<arg>BO</arg>
<arg>BQ</arg>
<arg>BR</arg>
<arg>BS</arg>
<arg>BT</arg>
<arg>BV</arg>
<arg>BW</arg>
<arg>BY</arg>
<arg>BZ</arg>
<arg>CA</arg>
<arg>CC</arg>
<arg>CD</arg>
<arg>CF</arg>
<arg>CG</arg>
<arg>CH</arg>
<arg>CI</arg>
<arg>CK</arg>
<arg>CL</arg>
<arg>CM</arg>
<arg>CN</arg>
<arg>CO</arg>
<arg>CR</arg>
<arg>CU</arg>
<arg>CV</arg>
<arg>CW</arg>
<arg>CX</arg>
<arg>CY</arg>
<arg>CZ</arg>
<arg>DE</arg>
<arg>DJ</arg>
<arg>DK</arg>
<arg>DM</arg>
<arg>DO</arg>
<arg>DZ</arg>
<arg>EC</arg>
<arg>EE</arg>
<arg>EG</arg>
<arg>EH</arg>
<arg>ER</arg>
<arg>ES</arg>
<arg>ET</arg>
<arg>FI</arg>
<arg>FJ</arg>
<arg>FK</arg>
<arg>FM</arg>
<arg>FO</arg>
<arg>FR</arg>
<arg>GA</arg>
<arg>GB</arg>
<arg>GD</arg>
<arg>GE</arg>
<arg>GF</arg>
<arg>GG</arg>
<arg>GH</arg>
<arg>GI</arg>
<arg>GL</arg>
<arg>GM</arg>
<arg>GN</arg>
<arg>GP</arg>
<arg>GQ</arg>
<arg>GR</arg>
<arg>GS</arg>
<arg>GT</arg>
<arg>GU</arg>
<arg>GW</arg>
<arg>GY</arg>
<arg>HK</arg>
<arg>HM</arg>
<arg>HN</arg>
<arg>HR</arg>
<arg>HT</arg>
<arg>HU</arg>
<arg>ID</arg>
<arg>IE</arg>
<arg>IL</arg>
<arg>IM</arg>
<arg>IN</arg>
<arg>IO</arg>
<arg>IQ</arg>
<arg>IR</arg>
<arg>IS</arg>
<arg>IT</arg>
<arg>JE</arg>
<arg>JM</arg>
<arg>JO</arg>
<arg>JP</arg>
<arg>KE</arg>
<arg>KG</arg>
<arg>KH</arg>
<arg>KI</arg>
<arg>KM</arg>
<arg>KN</arg>
<arg>KP</arg>
<arg>KR</arg>
<arg>KW</arg>
<arg>KY</arg>
<arg>KZ</arg>
<arg>LA</arg>
<arg>LB</arg>
<arg>LC</arg>
<arg>LI</arg>
<arg>LK</arg>
<arg>LR</arg>
<arg>LS</arg>
<arg>LT</arg>
<arg>LU</arg>
<arg>LV</arg>
<arg>LY</arg>
<arg>MA</arg>
<arg>MC</arg>
<arg>MD</arg>
<arg>ME</arg>
<arg>MF</arg>
<arg>MG</arg>
<arg>MH</arg>
<arg>MK</arg>
<arg>ML</arg>
<arg>MM</arg>
<arg>MN</arg>
<arg>MO</arg>
<arg>MP</arg>
<arg>MQ</arg>
<arg>MR</arg>
<arg>MS</arg>
<arg>MT</arg>
<arg>MU</arg>
<arg>MV</arg>
<arg>MW</arg>
<arg>MX</arg>
<arg>MY</arg>
<arg>MZ</arg>
<arg>NA</arg>
<arg>NC</arg>
<arg>NE</arg>
<arg>NF</arg>
<arg>NG</arg>
<arg>NI</arg>
<arg>NL</arg>
<arg>NO</arg>
<arg>NP</arg>
<arg>NR</arg>
<arg>NU</arg>
<arg>NZ</arg>
<arg>OM</arg>
<arg>PA</arg>
<arg>PE</arg>
<arg>PF</arg>
<arg>PG</arg>
<arg>PH</arg>
<arg>PK</arg>
<arg>PL</arg>
<arg>PM</arg>
<arg>PN</arg>
<arg>PR</arg>
<arg>PS</arg>
<arg>PT</arg>
<arg>PW</arg>
<arg>PY</arg>
<arg>QA</arg>
<arg>RE</arg>
<arg>RO</arg>
<arg>RS</arg>
<arg>RU</arg>
<arg>RW</arg>
<arg>SA</arg>
<arg>SB</arg>
<arg>SC</arg>
<arg>SD</arg>
<arg>SE</arg>
<arg>SG</arg>
<arg>SH</arg>
<arg>SI</arg>
<arg>SJ</arg>
<arg>SK</arg>
<arg>SL</arg>
<arg>SM</arg>
<arg>SN</arg>
<arg>SO</arg>
<arg>SR</arg>
<arg>SS</arg>
<arg>ST</arg>
<arg>SV</arg>
<arg>SX</arg>
<arg>SY</arg>
<arg>SZ</arg>
<arg>TC</arg>
<arg>TD</arg>
<arg>TF</arg>
<arg>TG</arg>
<arg>TH</arg>
<arg>TJ</arg>
<arg>TK</arg>
<arg>TL</arg>
<arg>TM</arg>
<arg>TN</arg>
<arg>TO</arg>
<arg>TR</arg>
<arg>TT</arg>
<arg>TV</arg>
<arg>TW</arg>
<arg>TZ</arg>
<arg>UA</arg>
<arg>UG</arg>
<arg>UM</arg>
<arg>US</arg>
<arg>UY</arg>
<arg>UZ</arg>
<arg>VA</arg>
<arg>VC</arg>
<arg>VE</arg>
<arg>VG</arg>
<arg>VI</arg>
<arg>VN</arg>
<arg>VU</arg>
<arg>WF</arg>
<arg>WS</arg>
<arg>XK</arg>
<arg>YE</arg>
<arg>YT</arg>
<arg>ZA</arg>
<arg>ZM</arg>
<arg>ZW</arg>
<doc>Returns a list containing given items.</doc>
<status status="PASS" start="2024-05-06T18:21:05.295021" elapsed="0.000613"/>
</kw>
<kw name="List Should Contain Value" owner="Collections">
<msg time="2024-05-06T18:21:05.296622" level="INFO">False</msg>
<arg>${list_country}</arg>
<arg>${name_country}</arg>
<doc>Fails if the ``value`` is not found from ``list``.</doc>
<status status="PASS" start="2024-05-06T18:21:05.296423" elapsed="0.000235"/>
</kw>
<kw name="Run Keyword If" owner="BuiltIn">
<kw name="Should Be True" owner="BuiltIn">
<arg>${True}</arg>
<doc>Fails if the given condition is not true.</doc>
<status status="PASS" start="2024-05-06T18:21:05.297767" elapsed="0.000261"/>
</kw>
<arg>${json_data["results"][0]["location"]["coordinates"]["latitude"]} &gt;= -90 and ${json_data["results"][0]["location"]["coordinates"]["latitude"]} &lt;= 90</arg>
<arg>Should Be True</arg>
<arg>${True}</arg>
<doc>Runs the given keyword with the given arguments, if ``condition`` is true.</doc>
<status status="PASS" start="2024-05-06T18:21:05.296971" elapsed="0.001192"/>
</kw>
<kw name="Run Keyword If" owner="BuiltIn">
<kw name="Should Be True" owner="BuiltIn">
<arg>${True}</arg>
<doc>Fails if the given condition is not true.</doc>
<status status="PASS" start="2024-05-06T18:21:05.299091" elapsed="0.000140"/>
</kw>
<arg>${json_data["results"][0]["location"]["coordinates"]["longitude"]} &gt;= -180 and ${json_data["results"][0]["location"]["coordinates"]["longitude"]} &lt;= 180</arg>
<arg>Should Be True</arg>
<arg>${True}</arg>
<doc>Runs the given keyword with the given arguments, if ``condition`` is true.</doc>
<status status="PASS" start="2024-05-06T18:21:05.298348" elapsed="0.001009"/>
</kw>
<status status="PASS" start="2024-05-06T18:21:04.990921" elapsed="0.308569"/>
</kw>
<doc>Testa o conteúdo específico dos campos retornados pela API.</doc>
<tag>testeConteudo</tag>
<status status="PASS" start="2024-05-06T18:21:04.990380" elapsed="0.309263"/>
</test>
<status status="PASS" start="2024-05-06T18:21:04.158423" elapsed="1.143259"/>
</suite>
<status status="PASS" start="2024-05-06T18:21:04.144631" elapsed="1.162241"/>
</suite>
<statistics>
<total>
<stat pass="5" fail="0" skip="0">All Tests</stat>
</total>
<tag>
<stat pass="1" fail="0" skip="0">testeConteudo</stat>
<stat pass="1" fail="0" skip="0">testeEstruturaResposta</stat>
<stat pass="1" fail="0" skip="0">testeRequisicaoBasica</stat>
<stat pass="1" fail="0" skip="0">testeTiposDados</stat>
</tag>
<suite>
<stat pass="5" fail="0" skip="0" id="s1" name="Tests">Tests</stat>
<stat pass="5" fail="0" skip="0" id="s1-s1" name="Random-User-Test">Tests.Random-User-Test</stat>
</suite>
</statistics>
<errors>
</errors>
</robot>
