<?xml version="1.0" encoding="UTF-8"?>
<robot generator="Robot 7.0 (Python 3.12.2 on linux)" generated="2024-03-20T16:44:39.876257" rpa="false" schemaversion="5">
<suite id="s1" name="Tests" source="/home/runner/work/DesafioQA---Itau---Rogerio-Jordao/DesafioQA---Itau---Rogerio-Jordao/DesafioQA - Itau - Rogerio Jordao/tests">
<suite id="s1-s1" name="Random-User-Test" source="/home/runner/work/DesafioQA---Itau---Rogerio-Jordao/DesafioQA---Itau---Rogerio-Jordao/DesafioQA - Itau - Rogerio Jordao/tests/random-user-test.robot">
<test id="s1-s1-t1" name="Conectar" line="24">
<kw name="Conectar API">
<kw name="Create Session" owner="RequestsLibrary">
<msg time="2024-03-20T16:44:40.254239" level="INFO">Creating Session using : alias=consultarAPI, url=https://randomuser.me/, headers={},                     cookies={}, auth=None, timeout=None, proxies=None, verify=False,                     debug=0 </msg>
<arg>consultarAPI</arg>
<arg>${URL}</arg>
<doc>Create Session: create a HTTP session to a server</doc>
<status status="PASS" start="2024-03-20T16:44:40.254041" elapsed="0.000362"/>
</kw>
<status status="PASS" start="2024-03-20T16:44:40.253179" elapsed="0.001613"/>
</kw>
<status status="PASS" start="2024-03-20T16:44:40.252639" elapsed="0.002351"/>
</test>
<test id="s1-s1-t2" name="Validar retorno 200 e JSON Válido" line="27">
<kw name="Teste de Requisicao Basica">
<kw name="GET On Session" owner="RequestsLibrary">
<msg time="2024-03-20T16:44:40.336497" level="INFO">GET Request : url=https://randomuser.me/api 
 path_url=/api 
 headers={'User-Agent': 'python-requests/2.31.0', 'Accept-Encoding': 'gzip, deflate', 'Accept': '*/*', 'Connection': 'keep-alive'} 
 body=None 
 </msg>
<msg time="2024-03-20T16:44:40.336620" level="INFO">GET Response : url=https://randomuser.me/api 
 status=200, reason=OK 
 headers={'Date': 'Wed, 20 Mar 2024 16:44:40 GMT', 'Content-Type': 'application/json; charset=utf-8', 'Transfer-Encoding': 'chunked', 'Connection': 'keep-alive', 'X-Powered-By': 'Express', 'Access-Control-Allow-Origin': '*', 'Cache-Control': 'no-cache', 'ETag': 'W/"468-sokmgFJ2Bn1/ZCHT0MGDkawokSY"', 'Vary': 'Accept-Encoding', 'Content-Encoding': 'gzip', 'CF-Cache-Status': 'DYNAMIC', 'Report-To': '{"endpoints":[{"url":"https:\\/\\/a.nel.cloudflare.com\\/report\\/v4?s=z%2F3kQUHZojMLXX3QdHaFHw0oiP2ZfiVmk47Z71xIezHsZ4nR5j5xTLx6vvQT%2BV7sF%2BJls%2FyM0uSZtgECX7TmMeHIgF1xkBsPr41xLe%2FYgibdgRq3EW53wMyPX7q5Xrvi"}],"group":"cf-nel","max_age":604800}', 'NEL': '{"success_fraction":0,"report_to":"cf-nel","max_age":604800}', 'Server': 'cloudflare', 'CF-RAY': '86772b0fd87d2d26-IAD', 'alt-svc': 'h3=":443"; ma=86400'} 
 body={"results":[{"gender":"male","name":{"title":"Mr","first":"Koray","last":"Babaoğlu"},"location":{"street":{"number":3751,"name":"Necatibey Cd"},"city":"Balıkesir","state":"Van","country":"Turkey","postcode":57697,"coordinates":{"latitude":"67.7918","longitude":"-150.0318"},"timezone":{"offset":"+5:45","description":"Kathmandu"}},"email":"koray.babaoglu@example.com","login":{"uuid":"92c681c8-106b-49a6-997a-c599e6b866bb","username":"lazymouse808","password":"marcos","salt":"faySJOAf","md5":"70d50a5582f2d150163b96329c5f35ef","sha1":"e84124b5ba5a190583b8d5463425b8e8f335d29f","sha256":"4fb441d6d25e859e9b112b012a977a4801bef7d6108ee01318f1a504c4230b0e"},"dob":{"date":"1962-11-05T10:06:40.687Z","age":61},"registered":{"date":"2013-08-20T06:23:34.159Z","age":10},"phone":"(937)-534-7745","cell":"(894)-074-7558","id":{"name":"","value":null},"picture":{"large":"https://randomuser.me/api/portraits/men/59.jpg","medium":"https://randomuser.me/api/portraits/med/men/59.jpg","thumbnail":"https://randomuser.me/api/portraits/thumb/men/59.jpg"},"nat":"TR"}],"info":{"seed":"84c18b92d9563f2f","results":1,"page":1,"version":"1.4"}} 
 </msg>
<msg time="2024-03-20T16:44:40.336876" level="INFO">/opt/hostedtoolcache/Python/3.12.2/x64/lib/python3.12/site-packages/urllib3/connectionpool.py:1103: InsecureRequestWarning: Unverified HTTPS request is being made to host 'randomuser.me'. Adding certificate verification is strongly advised. See: https://urllib3.readthedocs.io/en/latest/advanced-usage.html#tls-warnings
  warnings.warn(</msg>
<msg time="2024-03-20T16:44:40.337006" level="INFO">${response} = &lt;Response [200]&gt;</msg>
<var>${response}</var>
<arg>consultarAPI</arg>
<arg>/api</arg>
<doc>Sends a GET request on a previously created HTTP Session.</doc>
<status status="PASS" start="2024-03-20T16:44:40.257634" elapsed="0.079414"/>
</kw>
<kw name="Should Be Equal As Numbers" owner="BuiltIn">
<msg time="2024-03-20T16:44:40.337818" level="INFO">Argument types are:
&lt;class 'int'&gt;
&lt;class 'str'&gt;</msg>
<arg>${response.status_code}</arg>
<arg>200</arg>
<doc>Fails if objects are unequal after converting them to real numbers.</doc>
<status status="PASS" start="2024-03-20T16:44:40.337426" elapsed="0.000472"/>
</kw>
<kw name="Log" owner="BuiltIn">
<msg time="2024-03-20T16:44:40.338594" level="INFO">200</msg>
<arg>${response.status_code}</arg>
<doc>Logs the given message with the given level.</doc>
<status status="PASS" start="2024-03-20T16:44:40.338215" elapsed="0.000440"/>
</kw>
<kw name="Set Variable" owner="BuiltIn">
<msg time="2024-03-20T16:44:40.339434" level="INFO">${json_data} = {'results': [{'gender': 'male', 'name': {'title': 'Mr', 'first': 'Koray', 'last': 'Babaoğlu'}, 'location': {'street': {'number': 3751, 'name': 'Necatibey Cd'}, 'city': 'Balıkesir', 'state': 'Van', 'co...</msg>
<var>${json_data}</var>
<arg>${response.json()}</arg>
<doc>Returns the given values which can then be assigned to a variables.</doc>
<status status="PASS" start="2024-03-20T16:44:40.338966" elapsed="0.000500"/>
</kw>
<kw name="Dictionary Should Contain Key" owner="Collections">
<msg time="2024-03-20T16:44:40.339964" level="INFO">False</msg>
<arg>${json_data}</arg>
<arg>results</arg>
<doc>Fails if ``key`` is not found from ``dictionary``.</doc>
<status status="PASS" start="2024-03-20T16:44:40.339791" elapsed="0.000215"/>
</kw>
<status status="PASS" start="2024-03-20T16:44:40.257390" elapsed="0.082870"/>
</kw>
<doc>Testa se a API responde corretamente e retorna um objeto JSON válido.</doc>
<tag>testeRequisicaoBasica</tag>
<status status="PASS" start="2024-03-20T16:44:40.256847" elapsed="0.083586"/>
</test>
<test id="s1-s1-t3" name="Validar estrutura de resposta" line="33">
<kw name="Teste de Estrutura de Resposta">
<kw name="GET On Session" owner="RequestsLibrary">
<msg time="2024-03-20T16:44:40.430855" level="INFO">GET Request : url=https://randomuser.me/api 
 path_url=/api 
 headers={'User-Agent': 'python-requests/2.31.0', 'Accept-Encoding': 'gzip, deflate', 'Accept': '*/*', 'Connection': 'keep-alive'} 
 body=None 
 </msg>
<msg time="2024-03-20T16:44:40.430945" level="INFO">GET Response : url=https://randomuser.me/api 
 status=200, reason=OK 
 headers={'Date': 'Wed, 20 Mar 2024 16:44:40 GMT', 'Content-Type': 'application/json; charset=utf-8', 'Transfer-Encoding': 'chunked', 'Connection': 'keep-alive', 'X-Powered-By': 'Express', 'Access-Control-Allow-Origin': '*', 'Cache-Control': 'no-cache', 'ETag': 'W/"4a1-Tc6+UZjtVzMnMtIJPm2Blqo7jY4"', 'Vary': 'Accept-Encoding', 'Content-Encoding': 'gzip', 'CF-Cache-Status': 'DYNAMIC', 'Report-To': '{"endpoints":[{"url":"https:\\/\\/a.nel.cloudflare.com\\/report\\/v4?s=ta%2FUeQaJd9KywRCniwAb2v4UrYxq2DK0EZ3p9IprD7noyPKylevl1V2F0KsxF9tnhbMfHJYIvbnZ7vjgBXxUKnCx80CARKaKLcpHqVZisdQG3UH8uRmHeDkyJ4vqO3SR"}],"group":"cf-nel","max_age":604800}', 'NEL': '{"success_fraction":0,"report_to":"cf-nel","max_age":604800}', 'Server': 'cloudflare', 'CF-RAY': '86772b1028d42d26-IAD', 'alt-svc': 'h3=":443"; ma=86400'} 
 body={"results":[{"gender":"male","name":{"title":"Mr","first":"Pascual","last":"Amador"},"location":{"street":{"number":3561,"name":"Eje vial Guerrero"},"city":"Pesqueira","state":"Yucatan","country":"Mexico","postcode":37272,"coordinates":{"latitude":"22.2294","longitude":"-15.7714"},"timezone":{"offset":"-6:00","description":"Central Time (US &amp; Canada), Mexico City"}},"email":"pascual.amador@example.com","login":{"uuid":"c03599f4-1321-40ab-9f9a-407da0fb6d87","username":"organicostrich347","password":"walker","salt":"gmihaOSg","md5":"1be21d6167d7e7e6121b60496afd44cd","sha1":"f2c757ed12d04a9f1db7396329bf6aa210a2e50d","sha256":"0c7220c829a860e6584f34a0d129bfe13736d4ca2eb5e8941e24abf484cc4415"},"dob":{"date":"1947-10-04T04:18:37.850Z","age":76},"registered":{"date":"2011-08-28T15:23:10.092Z","age":12},"phone":"(660) 973 8540","cell":"(671) 793 7114","id":{"name":"NSS","value":"53 47 19 4832 8"},"picture":{"large":"https://randomuser.me/api/portraits/men/83.jpg","medium":"https://randomuser.me/api/portraits/med/men/83.jpg","thumbnail":"https://randomuser.me/api/portraits/thumb/men/83.jpg"},"nat":"MX"}],"info":{"seed":"a42b45697a75d3e3","results":1,"page":1,"version":"1.4"}} 
 </msg>
<msg time="2024-03-20T16:44:40.431067" level="INFO">/opt/hostedtoolcache/Python/3.12.2/x64/lib/python3.12/site-packages/urllib3/connectionpool.py:1103: InsecureRequestWarning: Unverified HTTPS request is being made to host 'randomuser.me'. Adding certificate verification is strongly advised. See: https://urllib3.readthedocs.io/en/latest/advanced-usage.html#tls-warnings
  warnings.warn(</msg>
<msg time="2024-03-20T16:44:40.431182" level="INFO">${response} = &lt;Response [200]&gt;</msg>
<var>${response}</var>
<arg>consultarAPI</arg>
<arg>/api</arg>
<doc>Sends a GET request on a previously created HTTP Session.</doc>
<status status="PASS" start="2024-03-20T16:44:40.343050" elapsed="0.088167"/>
</kw>
<kw name="Set Variable" owner="BuiltIn">
<msg time="2024-03-20T16:44:40.432010" level="INFO">${json_data} = {'results': [{'gender': 'male', 'name': {'title': 'Mr', 'first': 'Pascual', 'last': 'Amador'}, 'location': {'street': {'number': 3561, 'name': 'Eje vial Guerrero'}, 'city': 'Pesqueira', 'state': 'Yuca...</msg>
<var>${json_data}</var>
<arg>${response.json()}</arg>
<doc>Returns the given values which can then be assigned to a variables.</doc>
<status status="PASS" start="2024-03-20T16:44:40.431562" elapsed="0.000476"/>
</kw>
<kw name="Log" owner="BuiltIn">
<msg time="2024-03-20T16:44:40.432508" level="INFO">{'results': [{'gender': 'male', 'name': {'title': 'Mr', 'first': 'Pascual', 'last': 'Amador'}, 'location': {'street': {'number': 3561, 'name': 'Eje vial Guerrero'}, 'city': 'Pesqueira', 'state': 'Yucatan', 'country': 'Mexico', 'postcode': 37272, 'coordinates': {'latitude': '22.2294', 'longitude': '-15.7714'}, 'timezone': {'offset': '-6:00', 'description': 'Central Time (US &amp; Canada), Mexico City'}}, 'email': 'pascual.amador@example.com', 'login': {'uuid': 'c03599f4-1321-40ab-9f9a-407da0fb6d87', 'username': 'organicostrich347', 'password': 'walker', 'salt': 'gmihaOSg', 'md5': '1be21d6167d7e7e6121b60496afd44cd', 'sha1': 'f2c757ed12d04a9f1db7396329bf6aa210a2e50d', 'sha256': '0c7220c829a860e6584f34a0d129bfe13736d4ca2eb5e8941e24abf484cc4415'}, 'dob': {'date': '1947-10-04T04:18:37.850Z', 'age': 76}, 'registered': {'date': '2011-08-28T15:23:10.092Z', 'age': 12}, 'phone': '(660) 973 8540', 'cell': '(671) 793 7114', 'id': {'name': 'NSS', 'value': '53 47 19 4832 8'}, 'picture': {'large': 'https://randomuser.me/api/portraits/men/83.jpg', 'medium': 'https://randomuser.me/api/portraits/med/men/83.jpg', 'thumbnail': 'https://randomuser.me/api/portraits/thumb/men/83.jpg'}, 'nat': 'MX'}], 'info': {'seed': 'a42b45697a75d3e3', 'results': 1, 'page': 1, 'version': '1.4'}}</msg>
<arg>${json_data}</arg>
<doc>Logs the given message with the given level.</doc>
<status status="PASS" start="2024-03-20T16:44:40.432352" elapsed="0.000206"/>
</kw>
<kw name="Dictionary Should Contain Key" owner="Collections">
<msg time="2024-03-20T16:44:40.433012" level="INFO">False</msg>
<arg>${json_data}</arg>
<arg>results</arg>
<doc>Fails if ``key`` is not found from ``dictionary``.</doc>
<status status="PASS" start="2024-03-20T16:44:40.432854" elapsed="0.000197"/>
</kw>
<kw name="Should Not Be Empty" owner="BuiltIn">
<msg time="2024-03-20T16:44:40.433475" level="INFO">Length is 2.</msg>
<arg>${json_data}</arg>
<doc>Verifies that the given item is not empty.</doc>
<status status="PASS" start="2024-03-20T16:44:40.433343" elapsed="0.000171"/>
</kw>
<kw name="Create List" owner="BuiltIn">
<msg time="2024-03-20T16:44:40.433946" level="INFO">${expected_keys} = ['gender', 'name', 'location', 'email', 'login']</msg>
<var>${expected_keys}</var>
<arg>gender</arg>
<arg>name</arg>
<arg>location</arg>
<arg>email</arg>
<arg>login</arg>
<doc>Returns a list containing given items.</doc>
<status status="PASS" start="2024-03-20T16:44:40.433799" elapsed="0.000171"/>
</kw>
<for flavor="IN">
<iter>
<kw name="Dictionary Should Contain Key" owner="Collections">
<msg time="2024-03-20T16:44:40.434975" level="INFO">False</msg>
<arg>${json_data['results'][0]}</arg>
<arg>${key}</arg>
<doc>Fails if ``key`` is not found from ``dictionary``.</doc>
<status status="PASS" start="2024-03-20T16:44:40.434525" elapsed="0.000491"/>
</kw>
<kw name="Log" owner="BuiltIn">
<msg time="2024-03-20T16:44:40.435692" level="INFO">{'gender': 'male', 'name': {'title': 'Mr', 'first': 'Pascual', 'last': 'Amador'}, 'location': {'street': {'number': 3561, 'name': 'Eje vial Guerrero'}, 'city': 'Pesqueira', 'state': 'Yucatan', 'country': 'Mexico', 'postcode': 37272, 'coordinates': {'latitude': '22.2294', 'longitude': '-15.7714'}, 'timezone': {'offset': '-6:00', 'description': 'Central Time (US &amp; Canada), Mexico City'}}, 'email': 'pascual.amador@example.com', 'login': {'uuid': 'c03599f4-1321-40ab-9f9a-407da0fb6d87', 'username': 'organicostrich347', 'password': 'walker', 'salt': 'gmihaOSg', 'md5': '1be21d6167d7e7e6121b60496afd44cd', 'sha1': 'f2c757ed12d04a9f1db7396329bf6aa210a2e50d', 'sha256': '0c7220c829a860e6584f34a0d129bfe13736d4ca2eb5e8941e24abf484cc4415'}, 'dob': {'date': '1947-10-04T04:18:37.850Z', 'age': 76}, 'registered': {'date': '2011-08-28T15:23:10.092Z', 'age': 12}, 'phone': '(660) 973 8540', 'cell': '(671) 793 7114', 'id': {'name': 'NSS', 'value': '53 47 19 4832 8'}, 'picture': {'large': 'https://randomuser.me/api/portraits/men/83.jpg', 'medium': 'https://randomuser.me/api/portraits/med/men/83.jpg', 'thumbnail': 'https://randomuser.me/api/portraits/thumb/men/83.jpg'}, 'nat': 'MX'}</msg>
<arg>${json_data['results'][0]}</arg>
<doc>Logs the given message with the given level.</doc>
<status status="PASS" start="2024-03-20T16:44:40.435322" elapsed="0.000422"/>
</kw>
<kw name="Log" owner="BuiltIn">
<msg time="2024-03-20T16:44:40.436198" level="INFO">gender</msg>
<arg>${key}</arg>
<doc>Logs the given message with the given level.</doc>
<status status="PASS" start="2024-03-20T16:44:40.436054" elapsed="0.000183"/>
</kw>
<var name="${key}">gender</var>
<status status="PASS" start="2024-03-20T16:44:40.434408" elapsed="0.002050"/>
</iter>
<iter>
<kw name="Dictionary Should Contain Key" owner="Collections">
<msg time="2024-03-20T16:44:40.437150" level="INFO">False</msg>
<arg>${json_data['results'][0]}</arg>
<arg>${key}</arg>
<doc>Fails if ``key`` is not found from ``dictionary``.</doc>
<status status="PASS" start="2024-03-20T16:44:40.436759" elapsed="0.000430"/>
</kw>
<kw name="Log" owner="BuiltIn">
<msg time="2024-03-20T16:44:40.437878" level="INFO">{'gender': 'male', 'name': {'title': 'Mr', 'first': 'Pascual', 'last': 'Amador'}, 'location': {'street': {'number': 3561, 'name': 'Eje vial Guerrero'}, 'city': 'Pesqueira', 'state': 'Yucatan', 'country': 'Mexico', 'postcode': 37272, 'coordinates': {'latitude': '22.2294', 'longitude': '-15.7714'}, 'timezone': {'offset': '-6:00', 'description': 'Central Time (US &amp; Canada), Mexico City'}}, 'email': 'pascual.amador@example.com', 'login': {'uuid': 'c03599f4-1321-40ab-9f9a-407da0fb6d87', 'username': 'organicostrich347', 'password': 'walker', 'salt': 'gmihaOSg', 'md5': '1be21d6167d7e7e6121b60496afd44cd', 'sha1': 'f2c757ed12d04a9f1db7396329bf6aa210a2e50d', 'sha256': '0c7220c829a860e6584f34a0d129bfe13736d4ca2eb5e8941e24abf484cc4415'}, 'dob': {'date': '1947-10-04T04:18:37.850Z', 'age': 76}, 'registered': {'date': '2011-08-28T15:23:10.092Z', 'age': 12}, 'phone': '(660) 973 8540', 'cell': '(671) 793 7114', 'id': {'name': 'NSS', 'value': '53 47 19 4832 8'}, 'picture': {'large': 'https://randomuser.me/api/portraits/men/83.jpg', 'medium': 'https://randomuser.me/api/portraits/med/men/83.jpg', 'thumbnail': 'https://randomuser.me/api/portraits/thumb/men/83.jpg'}, 'nat': 'MX'}</msg>
<arg>${json_data['results'][0]}</arg>
<doc>Logs the given message with the given level.</doc>
<status status="PASS" start="2024-03-20T16:44:40.437516" elapsed="0.000411"/>
</kw>
<kw name="Log" owner="BuiltIn">
<msg time="2024-03-20T16:44:40.438348" level="INFO">name</msg>
<arg>${key}</arg>
<doc>Logs the given message with the given level.</doc>
<status status="PASS" start="2024-03-20T16:44:40.438221" elapsed="0.000165"/>
</kw>
<var name="${key}">name</var>
<status status="PASS" start="2024-03-20T16:44:40.436649" elapsed="0.001974"/>
</iter>
<iter>
<kw name="Dictionary Should Contain Key" owner="Collections">
<msg time="2024-03-20T16:44:40.439317" level="INFO">False</msg>
<arg>${json_data['results'][0]}</arg>
<arg>${key}</arg>
<doc>Fails if ``key`` is not found from ``dictionary``.</doc>
<status status="PASS" start="2024-03-20T16:44:40.438929" elapsed="0.000536"/>
</kw>
<kw name="Log" owner="BuiltIn">
<msg time="2024-03-20T16:44:40.440128" level="INFO">{'gender': 'male', 'name': {'title': 'Mr', 'first': 'Pascual', 'last': 'Amador'}, 'location': {'street': {'number': 3561, 'name': 'Eje vial Guerrero'}, 'city': 'Pesqueira', 'state': 'Yucatan', 'country': 'Mexico', 'postcode': 37272, 'coordinates': {'latitude': '22.2294', 'longitude': '-15.7714'}, 'timezone': {'offset': '-6:00', 'description': 'Central Time (US &amp; Canada), Mexico City'}}, 'email': 'pascual.amador@example.com', 'login': {'uuid': 'c03599f4-1321-40ab-9f9a-407da0fb6d87', 'username': 'organicostrich347', 'password': 'walker', 'salt': 'gmihaOSg', 'md5': '1be21d6167d7e7e6121b60496afd44cd', 'sha1': 'f2c757ed12d04a9f1db7396329bf6aa210a2e50d', 'sha256': '0c7220c829a860e6584f34a0d129bfe13736d4ca2eb5e8941e24abf484cc4415'}, 'dob': {'date': '1947-10-04T04:18:37.850Z', 'age': 76}, 'registered': {'date': '2011-08-28T15:23:10.092Z', 'age': 12}, 'phone': '(660) 973 8540', 'cell': '(671) 793 7114', 'id': {'name': 'NSS', 'value': '53 47 19 4832 8'}, 'picture': {'large': 'https://randomuser.me/api/portraits/men/83.jpg', 'medium': 'https://randomuser.me/api/portraits/med/men/83.jpg', 'thumbnail': 'https://randomuser.me/api/portraits/thumb/men/83.jpg'}, 'nat': 'MX'}</msg>
<arg>${json_data['results'][0]}</arg>
<doc>Logs the given message with the given level.</doc>
<status status="PASS" start="2024-03-20T16:44:40.439762" elapsed="0.000415"/>
</kw>
<kw name="Log" owner="BuiltIn">
<msg time="2024-03-20T16:44:40.440599" level="INFO">location</msg>
<arg>${key}</arg>
<doc>Logs the given message with the given level.</doc>
<status status="PASS" start="2024-03-20T16:44:40.440469" elapsed="0.000169"/>
</kw>
<var name="${key}">location</var>
<status status="PASS" start="2024-03-20T16:44:40.438810" elapsed="0.002045"/>
</iter>
<iter>
<kw name="Dictionary Should Contain Key" owner="Collections">
<msg time="2024-03-20T16:44:40.441513" level="INFO">False</msg>
<arg>${json_data['results'][0]}</arg>
<arg>${key}</arg>
<doc>Fails if ``key`` is not found from ``dictionary``.</doc>
<status status="PASS" start="2024-03-20T16:44:40.441135" elapsed="0.000415"/>
</kw>
<kw name="Log" owner="BuiltIn">
<msg time="2024-03-20T16:44:40.442199" level="INFO">{'gender': 'male', 'name': {'title': 'Mr', 'first': 'Pascual', 'last': 'Amador'}, 'location': {'street': {'number': 3561, 'name': 'Eje vial Guerrero'}, 'city': 'Pesqueira', 'state': 'Yucatan', 'country': 'Mexico', 'postcode': 37272, 'coordinates': {'latitude': '22.2294', 'longitude': '-15.7714'}, 'timezone': {'offset': '-6:00', 'description': 'Central Time (US &amp; Canada), Mexico City'}}, 'email': 'pascual.amador@example.com', 'login': {'uuid': 'c03599f4-1321-40ab-9f9a-407da0fb6d87', 'username': 'organicostrich347', 'password': 'walker', 'salt': 'gmihaOSg', 'md5': '1be21d6167d7e7e6121b60496afd44cd', 'sha1': 'f2c757ed12d04a9f1db7396329bf6aa210a2e50d', 'sha256': '0c7220c829a860e6584f34a0d129bfe13736d4ca2eb5e8941e24abf484cc4415'}, 'dob': {'date': '1947-10-04T04:18:37.850Z', 'age': 76}, 'registered': {'date': '2011-08-28T15:23:10.092Z', 'age': 12}, 'phone': '(660) 973 8540', 'cell': '(671) 793 7114', 'id': {'name': 'NSS', 'value': '53 47 19 4832 8'}, 'picture': {'large': 'https://randomuser.me/api/portraits/men/83.jpg', 'medium': 'https://randomuser.me/api/portraits/med/men/83.jpg', 'thumbnail': 'https://randomuser.me/api/portraits/thumb/men/83.jpg'}, 'nat': 'MX'}</msg>
<arg>${json_data['results'][0]}</arg>
<doc>Logs the given message with the given level.</doc>
<status status="PASS" start="2024-03-20T16:44:40.441840" elapsed="0.000408"/>
</kw>
<kw name="Log" owner="BuiltIn">
<msg time="2024-03-20T16:44:40.442693" level="INFO">email</msg>
<arg>${key}</arg>
<doc>Logs the given message with the given level.</doc>
<status status="PASS" start="2024-03-20T16:44:40.442536" elapsed="0.000195"/>
</kw>
<var name="${key}">email</var>
<status status="PASS" start="2024-03-20T16:44:40.441030" elapsed="0.001916"/>
</iter>
<iter>
<kw name="Dictionary Should Contain Key" owner="Collections">
<msg time="2024-03-20T16:44:40.443629" level="INFO">False</msg>
<arg>${json_data['results'][0]}</arg>
<arg>${key}</arg>
<doc>Fails if ``key`` is not found from ``dictionary``.</doc>
<status status="PASS" start="2024-03-20T16:44:40.443227" elapsed="0.000441"/>
</kw>
<kw name="Log" owner="BuiltIn">
<msg time="2024-03-20T16:44:40.444323" level="INFO">{'gender': 'male', 'name': {'title': 'Mr', 'first': 'Pascual', 'last': 'Amador'}, 'location': {'street': {'number': 3561, 'name': 'Eje vial Guerrero'}, 'city': 'Pesqueira', 'state': 'Yucatan', 'country': 'Mexico', 'postcode': 37272, 'coordinates': {'latitude': '22.2294', 'longitude': '-15.7714'}, 'timezone': {'offset': '-6:00', 'description': 'Central Time (US &amp; Canada), Mexico City'}}, 'email': 'pascual.amador@example.com', 'login': {'uuid': 'c03599f4-1321-40ab-9f9a-407da0fb6d87', 'username': 'organicostrich347', 'password': 'walker', 'salt': 'gmihaOSg', 'md5': '1be21d6167d7e7e6121b60496afd44cd', 'sha1': 'f2c757ed12d04a9f1db7396329bf6aa210a2e50d', 'sha256': '0c7220c829a860e6584f34a0d129bfe13736d4ca2eb5e8941e24abf484cc4415'}, 'dob': {'date': '1947-10-04T04:18:37.850Z', 'age': 76}, 'registered': {'date': '2011-08-28T15:23:10.092Z', 'age': 12}, 'phone': '(660) 973 8540', 'cell': '(671) 793 7114', 'id': {'name': 'NSS', 'value': '53 47 19 4832 8'}, 'picture': {'large': 'https://randomuser.me/api/portraits/men/83.jpg', 'medium': 'https://randomuser.me/api/portraits/med/men/83.jpg', 'thumbnail': 'https://randomuser.me/api/portraits/thumb/men/83.jpg'}, 'nat': 'MX'}</msg>
<arg>${json_data['results'][0]}</arg>
<doc>Logs the given message with the given level.</doc>
<status status="PASS" start="2024-03-20T16:44:40.443961" elapsed="0.000410"/>
</kw>
<kw name="Log" owner="BuiltIn">
<msg time="2024-03-20T16:44:40.444796" level="INFO">login</msg>
<arg>${key}</arg>
<doc>Logs the given message with the given level.</doc>
<status status="PASS" start="2024-03-20T16:44:40.444668" elapsed="0.000198"/>
</kw>
<var name="${key}">login</var>
<status status="PASS" start="2024-03-20T16:44:40.443122" elapsed="0.001972"/>
</iter>
<var>${key}</var>
<value>@{expected_keys}</value>
<status status="PASS" start="2024-03-20T16:44:40.434223" elapsed="0.010996"/>
</for>
<kw name="Create List" owner="BuiltIn">
<msg time="2024-03-20T16:44:40.445544" level="INFO">${expected_keysTwo} = ['username', 'password']</msg>
<var>${expected_keysTwo}</var>
<arg>username</arg>
<arg>password</arg>
<doc>Returns a list containing given items.</doc>
<status status="PASS" start="2024-03-20T16:44:40.445406" elapsed="0.000162"/>
</kw>
<for flavor="IN">
<iter>
<kw name="Dictionary Should Contain Key" owner="Collections">
<msg time="2024-03-20T16:44:40.446441" level="INFO">False</msg>
<arg>${json_data['results'][0]['login']}</arg>
<arg>${keyTwo}</arg>
<doc>Fails if ``key`` is not found from ``dictionary``.</doc>
<status status="PASS" start="2024-03-20T16:44:40.446060" elapsed="0.000418"/>
</kw>
<kw name="Dictionary Should Contain Key" owner="Collections">
<msg time="2024-03-20T16:44:40.447173" level="INFO">False</msg>
<arg>${json_data['results'][0]['login']}</arg>
<arg>${keyTwo}</arg>
<doc>Fails if ``key`` is not found from ``dictionary``.</doc>
<status status="PASS" start="2024-03-20T16:44:40.446796" elapsed="0.000415"/>
</kw>
<kw name="Log" owner="BuiltIn">
<msg time="2024-03-20T16:44:40.447628" level="INFO">username</msg>
<arg>${keyTwo}</arg>
<doc>Logs the given message with the given level.</doc>
<status status="PASS" start="2024-03-20T16:44:40.447502" elapsed="0.000164"/>
</kw>
<var name="${keyTwo}">username</var>
<status status="PASS" start="2024-03-20T16:44:40.445958" elapsed="0.001929"/>
</iter>
<iter>
<kw name="Dictionary Should Contain Key" owner="Collections">
<msg time="2024-03-20T16:44:40.448559" level="INFO">False</msg>
<arg>${json_data['results'][0]['login']}</arg>
<arg>${keyTwo}</arg>
<doc>Fails if ``key`` is not found from ``dictionary``.</doc>
<status status="PASS" start="2024-03-20T16:44:40.448178" elapsed="0.000420"/>
</kw>
<kw name="Dictionary Should Contain Key" owner="Collections">
<msg time="2024-03-20T16:44:40.449271" level="INFO">False</msg>
<arg>${json_data['results'][0]['login']}</arg>
<arg>${keyTwo}</arg>
<doc>Fails if ``key`` is not found from ``dictionary``.</doc>
<status status="PASS" start="2024-03-20T16:44:40.448891" elapsed="0.000417"/>
</kw>
<kw name="Log" owner="BuiltIn">
<msg time="2024-03-20T16:44:40.449721" level="INFO">password</msg>
<arg>${keyTwo}</arg>
<doc>Logs the given message with the given level.</doc>
<status status="PASS" start="2024-03-20T16:44:40.449593" elapsed="0.000166"/>
</kw>
<var name="${keyTwo}">password</var>
<status status="PASS" start="2024-03-20T16:44:40.448076" elapsed="0.001901"/>
</iter>
<var>${keyTwo}</var>
<value>@{expected_keysTwo}</value>
<status status="PASS" start="2024-03-20T16:44:40.445805" elapsed="0.004295"/>
</for>
<status status="PASS" start="2024-03-20T16:44:40.342830" elapsed="0.107411"/>
</kw>
<doc>Testa a estrutura da resposta da API.</doc>
<tag>testeEstruturaResposta</tag>
<status status="PASS" start="2024-03-20T16:44:40.342234" elapsed="0.108158"/>
</test>
<test id="s1-s1-t4" name="Validar tipos de dados" line="39">
<kw name="Teste de Tipos de Dados">
<kw name="GET On Session" owner="RequestsLibrary">
<msg time="2024-03-20T16:44:40.533228" level="INFO">GET Request : url=https://randomuser.me/api 
 path_url=/api 
 headers={'User-Agent': 'python-requests/2.31.0', 'Accept-Encoding': 'gzip, deflate', 'Accept': '*/*', 'Connection': 'keep-alive'} 
 body=None 
 </msg>
<msg time="2024-03-20T16:44:40.533327" level="INFO">GET Response : url=https://randomuser.me/api 
 status=200, reason=OK 
 headers={'Date': 'Wed, 20 Mar 2024 16:44:40 GMT', 'Content-Type': 'application/json; charset=utf-8', 'Transfer-Encoding': 'chunked', 'Connection': 'keep-alive', 'X-Powered-By': 'Express', 'Access-Control-Allow-Origin': '*', 'Cache-Control': 'no-cache', 'ETag': 'W/"478-LW7X0X/zZbvO9AkP92QMWVaLgqg"', 'Vary': 'Accept-Encoding', 'Content-Encoding': 'gzip', 'CF-Cache-Status': 'DYNAMIC', 'Report-To': '{"endpoints":[{"url":"https:\\/\\/a.nel.cloudflare.com\\/report\\/v4?s=uYAyoIcP1dg32MfThD%2FSuo2GyX06855xvGEqqLL3kn3KnWBPBVjqPKhzjY3H6NjY2Aad0p7teY1wYFUBwdJICKZ%2FKQ7xfc0wUQ8JdExxnHeLzwAwTA3JqT16UFdojHum"}],"group":"cf-nel","max_age":604800}', 'NEL': '{"success_fraction":0,"report_to":"cf-nel","max_age":604800}', 'Server': 'cloudflare', 'CF-RAY': '86772b10d9982d26-IAD', 'alt-svc': 'h3=":443"; ma=86400'} 
 body={"results":[{"gender":"male","name":{"title":"Mr","first":"Benjamin","last":"Kowalski"},"location":{"street":{"number":2447,"name":"Brock Rd"},"city":"Port Elgin","state":"Manitoba","country":"Canada","postcode":"F5Z 3W0","coordinates":{"latitude":"-68.9747","longitude":"-2.3444"},"timezone":{"offset":"-2:00","description":"Mid-Atlantic"}},"email":"benjamin.kowalski@example.com","login":{"uuid":"27633a37-ede5-4388-95ea-49a00c06b2c7","username":"tinyostrich349","password":"expert","salt":"3Z4wnHId","md5":"2556a709f184990065437a1ef3dcd3cd","sha1":"c72712eacf32a6c5af7a33319baab2aa3efe247b","sha256":"d878fea41f6ccdfa515023d998598aa24958a140f851b3249c5f68e04c5cd5d0"},"dob":{"date":"1979-03-05T07:22:50.066Z","age":45},"registered":{"date":"2015-01-24T02:20:05.745Z","age":9},"phone":"A80 K71-7406","cell":"G97 P06-9074","id":{"name":"SIN","value":"744854407"},"picture":{"large":"https://randomuser.me/api/portraits/men/5.jpg","medium":"https://randomuser.me/api/portraits/med/men/5.jpg","thumbnail":"https://randomuser.me/api/portraits/thumb/men/5.jpg"},"nat":"CA"}],"info":{"seed":"bea33b365ee2881f","results":1,"page":1,"version":"1.4"}} 
 </msg>
<msg time="2024-03-20T16:44:40.533402" level="INFO">/opt/hostedtoolcache/Python/3.12.2/x64/lib/python3.12/site-packages/urllib3/connectionpool.py:1103: InsecureRequestWarning: Unverified HTTPS request is being made to host 'randomuser.me'. Adding certificate verification is strongly advised. See: https://urllib3.readthedocs.io/en/latest/advanced-usage.html#tls-warnings
  warnings.warn(</msg>
<msg time="2024-03-20T16:44:40.533555" level="INFO">${response} = &lt;Response [200]&gt;</msg>
<var>${response}</var>
<arg>consultarAPI</arg>
<arg>/api</arg>
<doc>Sends a GET request on a previously created HTTP Session.</doc>
<status status="PASS" start="2024-03-20T16:44:40.452908" elapsed="0.080707"/>
</kw>
<kw name="Set Variable" owner="BuiltIn">
<msg time="2024-03-20T16:44:40.534599" level="INFO">${json_data} = {'results': [{'gender': 'male', 'name': {'title': 'Mr', 'first': 'Benjamin', 'last': 'Kowalski'}, 'location': {'street': {'number': 2447, 'name': 'Brock Rd'}, 'city': 'Port Elgin', 'state': 'Manitoba'...</msg>
<var>${json_data}</var>
<arg>${response.json()}</arg>
<doc>Returns the given values which can then be assigned to a variables.</doc>
<status status="PASS" start="2024-03-20T16:44:40.534067" elapsed="0.000566"/>
</kw>
<kw name="Log" owner="BuiltIn">
<msg time="2024-03-20T16:44:40.535112" level="INFO">{'results': [{'gender': 'male', 'name': {'title': 'Mr', 'first': 'Benjamin', 'last': 'Kowalski'}, 'location': {'street': {'number': 2447, 'name': 'Brock Rd'}, 'city': 'Port Elgin', 'state': 'Manitoba', 'country': 'Canada', 'postcode': 'F5Z 3W0', 'coordinates': {'latitude': '-68.9747', 'longitude': '-2.3444'}, 'timezone': {'offset': '-2:00', 'description': 'Mid-Atlantic'}}, 'email': 'benjamin.kowalski@example.com', 'login': {'uuid': '27633a37-ede5-4388-95ea-49a00c06b2c7', 'username': 'tinyostrich349', 'password': 'expert', 'salt': '3Z4wnHId', 'md5': '2556a709f184990065437a1ef3dcd3cd', 'sha1': 'c72712eacf32a6c5af7a33319baab2aa3efe247b', 'sha256': 'd878fea41f6ccdfa515023d998598aa24958a140f851b3249c5f68e04c5cd5d0'}, 'dob': {'date': '1979-03-05T07:22:50.066Z', 'age': 45}, 'registered': {'date': '2015-01-24T02:20:05.745Z', 'age': 9}, 'phone': 'A80 K71-7406', 'cell': 'G97 P06-9074', 'id': {'name': 'SIN', 'value': '744854407'}, 'picture': {'large': 'https://randomuser.me/api/portraits/men/5.jpg', 'medium': 'https://randomuser.me/api/portraits/med/men/5.jpg', 'thumbnail': 'https://randomuser.me/api/portraits/thumb/men/5.jpg'}, 'nat': 'CA'}], 'info': {'seed': 'bea33b365ee2881f', 'results': 1, 'page': 1, 'version': '1.4'}}</msg>
<arg>${json_data}</arg>
<doc>Logs the given message with the given level.</doc>
<status status="PASS" start="2024-03-20T16:44:40.534956" elapsed="0.000238"/>
</kw>
<kw name="Should Be String" owner="String">
<arg>${json_data['results'][0]['gender']}</arg>
<doc>Fails if the given ``item`` is not a string.</doc>
<status status="PASS" start="2024-03-20T16:44:40.535495" elapsed="0.000372"/>
</kw>
<kw name="Should Match Regexp" owner="BuiltIn">
<arg>${json_data['results'][0]['email']}</arg>
<arg>^[a-zA-Z0-9._%+-]+@[a-zA-Z0-9.-]+\.[a-zA-Z]{2,}$</arg>
<doc>Fails if ``string`` does not match ``pattern`` as a regular expression.</doc>
<status status="PASS" start="2024-03-20T16:44:40.536064" elapsed="0.000664"/>
</kw>
<kw name="Should Match Regexp" owner="BuiltIn">
<arg>${json_data['results'][0]['dob']['date']}</arg>
<arg>\\d{4}-\\d{2}-\\d{2}T\\d{2}:\\d{2}:\\d{2}\\.\\d{3}Z</arg>
<doc>Fails if ``string`` does not match ``pattern`` as a regular expression.</doc>
<status status="PASS" start="2024-03-20T16:44:40.536939" elapsed="0.000505"/>
</kw>
<kw name="Should Match Regexp" owner="BuiltIn">
<arg>${json_data['results'][0]['registered']['date']}</arg>
<arg>\\d{4}-\\d{2}-\\d{2}T\\d{2}:\\d{2}:\\d{2}\\.\\d{3}Z</arg>
<doc>Fails if ``string`` does not match ``pattern`` as a regular expression.</doc>
<status status="PASS" start="2024-03-20T16:44:40.537638" elapsed="0.000376"/>
</kw>
<kw name="Should Match Regexp" owner="BuiltIn">
<arg>${json_data['results'][0]['picture']['large']}</arg>
<arg>^https?://.*\.(?:png|jpe?g|gif|bmp)$</arg>
<doc>Fails if ``string`` does not match ``pattern`` as a regular expression.</doc>
<status status="PASS" start="2024-03-20T16:44:40.538201" elapsed="0.000485"/>
</kw>
<kw name="Should Match Regexp" owner="BuiltIn">
<arg>${json_data['results'][0]['picture']['medium']}</arg>
<arg>^https?://.*\.(?:png|jpe?g|gif|bmp)$</arg>
<doc>Fails if ``string`` does not match ``pattern`` as a regular expression.</doc>
<status status="PASS" start="2024-03-20T16:44:40.538886" elapsed="0.000358"/>
</kw>
<kw name="Should Match Regexp" owner="BuiltIn">
<arg>${json_data['results'][0]['picture']['thumbnail']}</arg>
<arg>^https?://.*\.(?:png|jpe?g|gif|bmp)$</arg>
<doc>Fails if ``string`` does not match ``pattern`` as a regular expression.</doc>
<status status="PASS" start="2024-03-20T16:44:40.539427" elapsed="0.000356"/>
</kw>
<kw name="Log" owner="BuiltIn">
<msg time="2024-03-20T16:44:40.540291" level="INFO">{'large': 'https://randomuser.me/api/portraits/men/5.jpg', 'medium': 'https://randomuser.me/api/portraits/med/men/5.jpg', 'thumbnail': 'https://randomuser.me/api/portraits/thumb/men/5.jpg'}</msg>
<arg>${json_data['results'][0]['picture']}</arg>
<doc>Logs the given message with the given level.</doc>
<status status="PASS" start="2024-03-20T16:44:40.539963" elapsed="0.000370"/>
</kw>
<status status="PASS" start="2024-03-20T16:44:40.452693" elapsed="0.087902"/>
</kw>
<kw name="Teste de Tipos de Dados - Postcode">
<kw name="GET On Session" owner="RequestsLibrary">
<msg time="2024-03-20T16:44:40.632793" level="INFO">GET Request : url=https://randomuser.me/api 
 path_url=/api 
 headers={'User-Agent': 'python-requests/2.31.0', 'Accept-Encoding': 'gzip, deflate', 'Accept': '*/*', 'Connection': 'keep-alive'} 
 body=None 
 </msg>
<msg time="2024-03-20T16:44:40.632880" level="INFO">GET Response : url=https://randomuser.me/api 
 status=200, reason=OK 
 headers={'Date': 'Wed, 20 Mar 2024 16:44:40 GMT', 'Content-Type': 'application/json; charset=utf-8', 'Transfer-Encoding': 'chunked', 'Connection': 'keep-alive', 'X-Powered-By': 'Express', 'Access-Control-Allow-Origin': '*', 'Cache-Control': 'no-cache', 'ETag': 'W/"47c-avEF1gHA1GDnC2r6GlgShMXD7B0"', 'Vary': 'Accept-Encoding', 'Content-Encoding': 'gzip', 'CF-Cache-Status': 'DYNAMIC', 'Report-To': '{"endpoints":[{"url":"https:\\/\\/a.nel.cloudflare.com\\/report\\/v4?s=rVvbcnIEftF2c8WGgHLepwTkkux%2B34mahScOYigz2X17ANH9gt8PSr6NgoIs76dMU%2FbUfXEPV41RzYlXf7MgrV0Trryx3lZ1DxnJRua9bykG7eKCM5F8oiha%2Bhht7ut7"}],"group":"cf-nel","max_age":604800}', 'NEL': '{"success_fraction":0,"report_to":"cf-nel","max_age":604800}', 'Server': 'cloudflare', 'CF-RAY': '86772b116a2b2d26-IAD', 'alt-svc': 'h3=":443"; ma=86400'} 
 body={"results":[{"gender":"female","name":{"title":"Miss","first":"Oya","last":"Beşok"},"location":{"street":{"number":6281,"name":"Istiklal Cd"},"city":"Amasya","state":"Kırıkkale","country":"Turkey","postcode":22103,"coordinates":{"latitude":"68.1943","longitude":"87.0736"},"timezone":{"offset":"+6:00","description":"Almaty, Dhaka, Colombo"}},"email":"oya.besok@example.com","login":{"uuid":"c31ca70e-251a-451f-9858-9ea2ed1c690a","username":"orangemeercat922","password":"ffffffff","salt":"ugPve9KF","md5":"706d16bc216126d223c0042959782b7c","sha1":"4f8525f6b23d3099209658b1fc4929722f2e5f1d","sha256":"d100bd8ab9f87ac05a32019cf4e5f9216c223d550a6a503196a357de392f43be"},"dob":{"date":"1983-04-04T17:10:12.498Z","age":40},"registered":{"date":"2004-11-21T04:14:36.606Z","age":19},"phone":"(817)-350-6714","cell":"(455)-272-1710","id":{"name":"","value":null},"picture":{"large":"https://randomuser.me/api/portraits/women/88.jpg","medium":"https://randomuser.me/api/portraits/med/women/88.jpg","thumbnail":"https://randomuser.me/api/portraits/thumb/women/88.jpg"},"nat":"TR"}],"info":{"seed":"448630ea3386661c","results":1,"page":1,"version":"1.4"}} 
 </msg>
<msg time="2024-03-20T16:44:40.632957" level="INFO">/opt/hostedtoolcache/Python/3.12.2/x64/lib/python3.12/site-packages/urllib3/connectionpool.py:1103: InsecureRequestWarning: Unverified HTTPS request is being made to host 'randomuser.me'. Adding certificate verification is strongly advised. See: https://urllib3.readthedocs.io/en/latest/advanced-usage.html#tls-warnings
  warnings.warn(</msg>
<msg time="2024-03-20T16:44:40.633100" level="INFO">${response} = &lt;Response [200]&gt;</msg>
<var>${response}</var>
<arg>consultarAPI</arg>
<arg>/api</arg>
<doc>Sends a GET request on a previously created HTTP Session.</doc>
<status status="PASS" start="2024-03-20T16:44:40.541032" elapsed="0.092124"/>
</kw>
<kw name="Set Variable" owner="BuiltIn">
<msg time="2024-03-20T16:44:40.634051" level="INFO">${json_data} = {'results': [{'gender': 'female', 'name': {'title': 'Miss', 'first': 'Oya', 'last': 'Beşok'}, 'location': {'street': {'number': 6281, 'name': 'Istiklal Cd'}, 'city': 'Amasya', 'state': 'Kırıkkale', 'c...</msg>
<var>${json_data}</var>
<arg>${response.json()}</arg>
<doc>Returns the given values which can then be assigned to a variables.</doc>
<status status="PASS" start="2024-03-20T16:44:40.633581" elapsed="0.000502"/>
</kw>
<kw name="Log" owner="BuiltIn">
<msg time="2024-03-20T16:44:40.634559" level="INFO">{'results': [{'gender': 'female', 'name': {'title': 'Miss', 'first': 'Oya', 'last': 'Beşok'}, 'location': {'street': {'number': 6281, 'name': 'Istiklal Cd'}, 'city': 'Amasya', 'state': 'Kırıkkale', 'country': 'Turkey', 'postcode': 22103, 'coordinates': {'latitude': '68.1943', 'longitude': '87.0736'}, 'timezone': {'offset': '+6:00', 'description': 'Almaty, Dhaka, Colombo'}}, 'email': 'oya.besok@example.com', 'login': {'uuid': 'c31ca70e-251a-451f-9858-9ea2ed1c690a', 'username': 'orangemeercat922', 'password': 'ffffffff', 'salt': 'ugPve9KF', 'md5': '706d16bc216126d223c0042959782b7c', 'sha1': '4f8525f6b23d3099209658b1fc4929722f2e5f1d', 'sha256': 'd100bd8ab9f87ac05a32019cf4e5f9216c223d550a6a503196a357de392f43be'}, 'dob': {'date': '1983-04-04T17:10:12.498Z', 'age': 40}, 'registered': {'date': '2004-11-21T04:14:36.606Z', 'age': 19}, 'phone': '(817)-350-6714', 'cell': '(455)-272-1710', 'id': {'name': '', 'value': None}, 'picture': {'large': 'https://randomuser.me/api/portraits/women/88.jpg', 'medium': 'https://randomuser.me/api/portraits/med/women/88.jpg', 'thumbnail': 'https://randomuser.me/api/portraits/thumb/women/88.jpg'}, 'nat': 'TR'}], 'info': {'seed': '448630ea3386661c', 'results': 1, 'page': 1, 'version': '1.4'}}</msg>
<arg>${json_data}</arg>
<doc>Logs the given message with the given level.</doc>
<status status="PASS" start="2024-03-20T16:44:40.634392" elapsed="0.000287"/>
</kw>
<kw name="Should Be Equal As Numbers" owner="BuiltIn">
<arg>${json_data['results'][0]['location']['postcode']}</arg>
<arg>${json_data['results'][0]['location']['postcode']}</arg>
<doc>Fails if objects are unequal after converting them to real numbers.</doc>
<status status="PASS" start="2024-03-20T16:44:40.634992" elapsed="0.000645"/>
</kw>
<kw name="Log" owner="BuiltIn">
<msg time="2024-03-20T16:44:40.636414" level="INFO">22103</msg>
<arg>${json_data['results'][0]['location']['postcode']}</arg>
<doc>Logs the given message with the given level.</doc>
<status status="PASS" start="2024-03-20T16:44:40.635836" elapsed="0.000624"/>
</kw>
<status status="PASS" start="2024-03-20T16:44:40.540814" elapsed="0.095912"/>
</kw>
<doc>Testa se os tipos de dados na resposta da API estão corretos.</doc>
<tag>testeTiposDados</tag>
<status status="PASS" start="2024-03-20T16:44:40.452164" elapsed="0.184830"/>
</test>
<test id="s1-s1-t5" name="Validar conteudo" line="46">
<kw name="Teste de Tipos de Conteudo">
<kw name="GET On Session" owner="RequestsLibrary">
<msg time="2024-03-20T16:44:40.757023" level="INFO">GET Request : url=https://randomuser.me/api 
 path_url=/api 
 headers={'User-Agent': 'python-requests/2.31.0', 'Accept-Encoding': 'gzip, deflate', 'Accept': '*/*', 'Connection': 'keep-alive'} 
 body=None 
 </msg>
<msg time="2024-03-20T16:44:40.757102" level="INFO">GET Response : url=https://randomuser.me/api 
 status=200, reason=OK 
 headers={'Date': 'Wed, 20 Mar 2024 16:44:40 GMT', 'Content-Type': 'application/json; charset=utf-8', 'Transfer-Encoding': 'chunked', 'Connection': 'keep-alive', 'X-Powered-By': 'Express', 'Access-Control-Allow-Origin': '*', 'Cache-Control': 'no-cache', 'ETag': 'W/"4ae-tyzfn9XffZauJyksZ5qI0j2Jm0Q"', 'Vary': 'Accept-Encoding', 'Content-Encoding': 'gzip', 'CF-Cache-Status': 'DYNAMIC', 'Report-To': '{"endpoints":[{"url":"https:\\/\\/a.nel.cloudflare.com\\/report\\/v4?s=iV5YnRqkEUzj21M7Y%2FSVLnQPp12xIgyb%2Ba4Q1jYBYEQGgT0qOzO%2FCZxrBm45RZeTXuaI1x6ocYb4%2BVkrgW%2BkCEF26BlD7%2F5ABBNJsTTE2%2BJ65EXxLkvckJnMrhiiVQj5"}],"group":"cf-nel","max_age":604800}', 'NEL': '{"success_fraction":0,"report_to":"cf-nel","max_age":604800}', 'Server': 'cloudflare', 'CF-RAY': '86772b120ada2d26-IAD', 'alt-svc': 'h3=":443"; ma=86400'} 
 body={"results":[{"gender":"male","name":{"title":"Mr","first":"Isabel","last":"Ocampo"},"location":{"street":{"number":5074,"name":"Boulevard Norte Trejo"},"city":"Benito Juárez (Mpio.Buenaven","state":"Nayarit","country":"Mexico","postcode":77376,"coordinates":{"latitude":"26.5567","longitude":"-153.3471"},"timezone":{"offset":"+10:00","description":"Eastern Australia, Guam, Vladivostok"}},"email":"isabel.ocampo@example.com","login":{"uuid":"79f8218b-a32d-4a01-9e2f-d1819d5c45fc","username":"bigzebra875","password":"tigers1","salt":"NpjZPdgw","md5":"e9027024733c8c7124ee2df9583c0261","sha1":"2cef3e55541abed795028cb9577561d2db3865c2","sha256":"15803a4ab7eec9a9eb07b0a2e623127ab5b87d2c8fba929f24e9f5487652a818"},"dob":{"date":"1950-06-26T12:47:53.068Z","age":73},"registered":{"date":"2012-08-07T01:07:41.664Z","age":11},"phone":"(658) 372 3972","cell":"(694) 693 1452","id":{"name":"NSS","value":"11 96 73 2323 0"},"picture":{"large":"https://randomuser.me/api/portraits/men/6.jpg","medium":"https://randomuser.me/api/portraits/med/men/6.jpg","thumbnail":"https://randomuser.me/api/portraits/thumb/men/6.jpg"},"nat":"MX"}],"info":{"seed":"7654c92354c680a9","results":1,"page":1,"version":"1.4"}} 
 </msg>
<msg time="2024-03-20T16:44:40.757168" level="INFO">/opt/hostedtoolcache/Python/3.12.2/x64/lib/python3.12/site-packages/urllib3/connectionpool.py:1103: InsecureRequestWarning: Unverified HTTPS request is being made to host 'randomuser.me'. Adding certificate verification is strongly advised. See: https://urllib3.readthedocs.io/en/latest/advanced-usage.html#tls-warnings
  warnings.warn(</msg>
<msg time="2024-03-20T16:44:40.757293" level="INFO">${response} = &lt;Response [200]&gt;</msg>
<var>${response}</var>
<arg>consultarAPI</arg>
<arg>/api</arg>
<doc>Sends a GET request on a previously created HTTP Session.</doc>
<status status="PASS" start="2024-03-20T16:44:40.639447" elapsed="0.117897"/>
</kw>
<kw name="Set Variable" owner="BuiltIn">
<msg time="2024-03-20T16:44:40.758235" level="INFO">${json_data} = {'results': [{'gender': 'male', 'name': {'title': 'Mr', 'first': 'Isabel', 'last': 'Ocampo'}, 'location': {'street': {'number': 5074, 'name': 'Boulevard Norte Trejo'}, 'city': 'Benito Juárez (Mpio.Bue...</msg>
<var>${json_data}</var>
<arg>${response.json()}</arg>
<doc>Returns the given values which can then be assigned to a variables.</doc>
<status status="PASS" start="2024-03-20T16:44:40.757783" elapsed="0.000481"/>
</kw>
<kw name="Set Variable" owner="BuiltIn">
<msg time="2024-03-20T16:44:40.758997" level="INFO">${name_title} = Mr</msg>
<var>${name_title}</var>
<arg>${json_data["results"][0]["name"]["title"]}</arg>
<doc>Returns the given values which can then be assigned to a variables.</doc>
<status status="PASS" start="2024-03-20T16:44:40.758596" elapsed="0.000426"/>
</kw>
<kw name="Create List" owner="BuiltIn">
<msg time="2024-03-20T16:44:40.759463" level="INFO">${allowed_titles} = ['Mr', 'Ms', 'Miss', 'Mrs', 'Madame', 'Monsieur']</msg>
<var>${allowed_titles}</var>
<arg>Mr</arg>
<arg>Ms</arg>
<arg>Miss</arg>
<arg>Mrs</arg>
<arg>Madame</arg>
<arg>Monsieur</arg>
<doc>Returns a list containing given items.</doc>
<status status="PASS" start="2024-03-20T16:44:40.759314" elapsed="0.000173"/>
</kw>
<kw name="List Should Contain Value" owner="Collections">
<msg time="2024-03-20T16:44:40.759949" level="INFO">False</msg>
<arg>${allowed_titles}</arg>
<arg>${name_title}</arg>
<doc>Fails if the ``value`` is not found from ``list``.</doc>
<status status="PASS" start="2024-03-20T16:44:40.759779" elapsed="0.000207"/>
</kw>
<kw name="Set Variable" owner="BuiltIn">
<msg time="2024-03-20T16:44:40.760655" level="INFO">${name_country} = MX</msg>
<var>${name_country}</var>
<arg>${json_data["results"][0]["nat"]}</arg>
<doc>Returns the given values which can then be assigned to a variables.</doc>
<status status="PASS" start="2024-03-20T16:44:40.760276" elapsed="0.000404"/>
</kw>
<kw name="Create List" owner="BuiltIn">
<msg time="2024-03-20T16:44:40.761577" level="INFO">${list_country} = ['AD', 'AE', 'AF', 'AG', 'AI', 'AL', 'AM', 'AO', 'AQ', 'AR', 'AS', 'AT', 'AU', 'AW', 'AX', 'AZ', 'BA', 'BB', 'BD', 'BE', 'BF', 'BG', 'BH', 'BI', 'BJ', 'BL', 'BM', 'BN', 'BO', 'BQ', 'BR', 'BS', 'BT', '...</msg>
<var>${list_country}</var>
<arg>AD</arg>
<arg>AE</arg>
<arg>AF</arg>
<arg>AG</arg>
<arg>AI</arg>
<arg>AL</arg>
<arg>AM</arg>
<arg>AO</arg>
<arg>AQ</arg>
<arg>AR</arg>
<arg>AS</arg>
<arg>AT</arg>
<arg>AU</arg>
<arg>AW</arg>
<arg>AX</arg>
<arg>AZ</arg>
<arg>BA</arg>
<arg>BB</arg>
<arg>BD</arg>
<arg>BE</arg>
<arg>BF</arg>
<arg>BG</arg>
<arg>BH</arg>
<arg>BI</arg>
<arg>BJ</arg>
<arg>BL</arg>
<arg>BM</arg>
<arg>BN</arg>
<arg>BO</arg>
<arg>BQ</arg>
<arg>BR</arg>
<arg>BS</arg>
<arg>BT</arg>
<arg>BV</arg>
<arg>BW</arg>
<arg>BY</arg>
<arg>BZ</arg>
<arg>CA</arg>
<arg>CC</arg>
<arg>CD</arg>
<arg>CF</arg>
<arg>CG</arg>
<arg>CH</arg>
<arg>CI</arg>
<arg>CK</arg>
<arg>CL</arg>
<arg>CM</arg>
<arg>CN</arg>
<arg>CO</arg>
<arg>CR</arg>
<arg>CU</arg>
<arg>CV</arg>
<arg>CW</arg>
<arg>CX</arg>
<arg>CY</arg>
<arg>CZ</arg>
<arg>DE</arg>
<arg>DJ</arg>
<arg>DK</arg>
<arg>DM</arg>
<arg>DO</arg>
<arg>DZ</arg>
<arg>EC</arg>
<arg>EE</arg>
<arg>EG</arg>
<arg>EH</arg>
<arg>ER</arg>
<arg>ES</arg>
<arg>ET</arg>
<arg>FI</arg>
<arg>FJ</arg>
<arg>FK</arg>
<arg>FM</arg>
<arg>FO</arg>
<arg>FR</arg>
<arg>GA</arg>
<arg>GB</arg>
<arg>GD</arg>
<arg>GE</arg>
<arg>GF</arg>
<arg>GG</arg>
<arg>GH</arg>
<arg>GI</arg>
<arg>GL</arg>
<arg>GM</arg>
<arg>GN</arg>
<arg>GP</arg>
<arg>GQ</arg>
<arg>GR</arg>
<arg>GS</arg>
<arg>GT</arg>
<arg>GU</arg>
<arg>GW</arg>
<arg>GY</arg>
<arg>HK</arg>
<arg>HM</arg>
<arg>HN</arg>
<arg>HR</arg>
<arg>HT</arg>
<arg>HU</arg>
<arg>ID</arg>
<arg>IE</arg>
<arg>IL</arg>
<arg>IM</arg>
<arg>IN</arg>
<arg>IO</arg>
<arg>IQ</arg>
<arg>IR</arg>
<arg>IS</arg>
<arg>IT</arg>
<arg>JE</arg>
<arg>JM</arg>
<arg>JO</arg>
<arg>JP</arg>
<arg>KE</arg>
<arg>KG</arg>
<arg>KH</arg>
<arg>KI</arg>
<arg>KM</arg>
<arg>KN</arg>
<arg>KP</arg>
<arg>KR</arg>
<arg>KW</arg>
<arg>KY</arg>
<arg>KZ</arg>
<arg>LA</arg>
<arg>LB</arg>
<arg>LC</arg>
<arg>LI</arg>
<arg>LK</arg>
<arg>LR</arg>
<arg>LS</arg>
<arg>LT</arg>
<arg>LU</arg>
<arg>LV</arg>
<arg>LY</arg>
<arg>MA</arg>
<arg>MC</arg>
<arg>MD</arg>
<arg>ME</arg>
<arg>MF</arg>
<arg>MG</arg>
<arg>MH</arg>
<arg>MK</arg>
<arg>ML</arg>
<arg>MM</arg>
<arg>MN</arg>
<arg>MO</arg>
<arg>MP</arg>
<arg>MQ</arg>
<arg>MR</arg>
<arg>MS</arg>
<arg>MT</arg>
<arg>MU</arg>
<arg>MV</arg>
<arg>MW</arg>
<arg>MX</arg>
<arg>MY</arg>
<arg>MZ</arg>
<arg>NA</arg>
<arg>NC</arg>
<arg>NE</arg>
<arg>NF</arg>
<arg>NG</arg>
<arg>NI</arg>
<arg>NL</arg>
<arg>NO</arg>
<arg>NP</arg>
<arg>NR</arg>
<arg>NU</arg>
<arg>NZ</arg>
<arg>OM</arg>
<arg>PA</arg>
<arg>PE</arg>
<arg>PF</arg>
<arg>PG</arg>
<arg>PH</arg>
<arg>PK</arg>
<arg>PL</arg>
<arg>PM</arg>
<arg>PN</arg>
<arg>PR</arg>
<arg>PS</arg>
<arg>PT</arg>
<arg>PW</arg>
<arg>PY</arg>
<arg>QA</arg>
<arg>RE</arg>
<arg>RO</arg>
<arg>RS</arg>
<arg>RU</arg>
<arg>RW</arg>
<arg>SA</arg>
<arg>SB</arg>
<arg>SC</arg>
<arg>SD</arg>
<arg>SE</arg>
<arg>SG</arg>
<arg>SH</arg>
<arg>SI</arg>
<arg>SJ</arg>
<arg>SK</arg>
<arg>SL</arg>
<arg>SM</arg>
<arg>SN</arg>
<arg>SO</arg>
<arg>SR</arg>
<arg>SS</arg>
<arg>ST</arg>
<arg>SV</arg>
<arg>SX</arg>
<arg>SY</arg>
<arg>SZ</arg>
<arg>TC</arg>
<arg>TD</arg>
<arg>TF</arg>
<arg>TG</arg>
<arg>TH</arg>
<arg>TJ</arg>
<arg>TK</arg>
<arg>TL</arg>
<arg>TM</arg>
<arg>TN</arg>
<arg>TO</arg>
<arg>TR</arg>
<arg>TT</arg>
<arg>TV</arg>
<arg>TW</arg>
<arg>TZ</arg>
<arg>UA</arg>
<arg>UG</arg>
<arg>UM</arg>
<arg>US</arg>
<arg>UY</arg>
<arg>UZ</arg>
<arg>VA</arg>
<arg>VC</arg>
<arg>VE</arg>
<arg>VG</arg>
<arg>VI</arg>
<arg>VN</arg>
<arg>VU</arg>
<arg>WF</arg>
<arg>WS</arg>
<arg>XK</arg>
<arg>YE</arg>
<arg>YT</arg>
<arg>ZA</arg>
<arg>ZM</arg>
<arg>ZW</arg>
<doc>Returns a list containing given items.</doc>
<status status="PASS" start="2024-03-20T16:44:40.760977" elapsed="0.000625"/>
</kw>
<kw name="List Should Contain Value" owner="Collections">
<msg time="2024-03-20T16:44:40.762763" level="INFO">False</msg>
<arg>${list_country}</arg>
<arg>${name_country}</arg>
<doc>Fails if the ``value`` is not found from ``list``.</doc>
<status status="PASS" start="2024-03-20T16:44:40.762521" elapsed="0.000280"/>
</kw>
<kw name="Run Keyword If" owner="BuiltIn">
<kw name="Should Be True" owner="BuiltIn">
<arg>${True}</arg>
<doc>Fails if the given condition is not true.</doc>
<status status="PASS" start="2024-03-20T16:44:40.763843" elapsed="0.000144"/>
</kw>
<arg>${json_data["results"][0]["location"]["coordinates"]["latitude"]} &gt;= -90 and ${json_data["results"][0]["location"]["coordinates"]["latitude"]} &lt;= 90</arg>
<arg>Should Be True</arg>
<arg>${True}</arg>
<doc>Runs the given keyword with the given arguments, if ``condition`` is true.</doc>
<status status="PASS" start="2024-03-20T16:44:40.763109" elapsed="0.001015"/>
</kw>
<kw name="Run Keyword If" owner="BuiltIn">
<kw name="Should Be True" owner="BuiltIn">
<arg>${True}</arg>
<doc>Fails if the given condition is not true.</doc>
<status status="PASS" start="2024-03-20T16:44:40.764991" elapsed="0.000136"/>
</kw>
<arg>${json_data["results"][0]["location"]["coordinates"]["longitude"]} &gt;= -180 and ${json_data["results"][0]["location"]["coordinates"]["longitude"]} &lt;= 180</arg>
<arg>Should Be True</arg>
<arg>${True}</arg>
<doc>Runs the given keyword with the given arguments, if ``condition`` is true.</doc>
<status status="PASS" start="2024-03-20T16:44:40.764303" elapsed="0.000950"/>
</kw>
<status status="PASS" start="2024-03-20T16:44:40.639228" elapsed="0.126153"/>
</kw>
<doc>Testa o conteúdo específico dos campos retornados pela API.</doc>
<tag>testeConteudo</tag>
<status status="PASS" start="2024-03-20T16:44:40.638775" elapsed="0.126751"/>
</test>
<status status="PASS" start="2024-03-20T16:44:39.928282" elapsed="0.839184"/>
</suite>
<status status="PASS" start="2024-03-20T16:44:39.914537" elapsed="0.858155"/>
</suite>
<statistics>
<total>
<stat pass="5" fail="0" skip="0">All Tests</stat>
</total>
<tag>
<stat pass="1" fail="0" skip="0">testeConteudo</stat>
<stat pass="1" fail="0" skip="0">testeEstruturaResposta</stat>
<stat pass="1" fail="0" skip="0">testeRequisicaoBasica</stat>
<stat pass="1" fail="0" skip="0">testeTiposDados</stat>
</tag>
<suite>
<stat pass="5" fail="0" skip="0" id="s1" name="Tests">Tests</stat>
<stat pass="5" fail="0" skip="0" id="s1-s1" name="Random-User-Test">Tests.Random-User-Test</stat>
</suite>
</statistics>
<errors>
</errors>
</robot>
