<?xml version="1.0" encoding="UTF-8"?>
<robot generator="Robot 7.0.1 (Python 3.12.4 on linux)" generated="2024-08-06T05:16:00.546463" rpa="false" schemaversion="5">
<suite id="s1" name="Tests" source="/home/runner/work/ApiRandomUser/ApiRandomUser/RamdonUser/tests">
<suite id="s1-s1" name="Random-User-Test" source="/home/runner/work/ApiRandomUser/ApiRandomUser/RamdonUser/tests/random-user-test.robot">
<test id="s1-s1-t1" name="Conectar" line="13">
<kw name="Conectar API" owner="random-user-service">
<kw name="Create Session" owner="RequestsLibrary">
<msg time="2024-08-06T05:16:00.959188" level="INFO">Creating Session using : alias=consultarAPI, url=https://randomuser.me/, headers={},                     cookies={}, auth=None, timeout=None, proxies=None, verify=False,                     debug=0 </msg>
<arg>consultarAPI</arg>
<arg>${URL}</arg>
<doc>Create Session: create a HTTP session to a server</doc>
<status status="PASS" start="2024-08-06T05:16:00.958982" elapsed="0.000386"/>
</kw>
<status status="PASS" start="2024-08-06T05:16:00.957940" elapsed="0.001806"/>
</kw>
<status status="PASS" start="2024-08-06T05:16:00.957319" elapsed="0.002626"/>
</test>
<test id="s1-s1-t2" name="Validar retorno 200 e JSON Válido" line="16">
<kw name="Teste de Requisicao Basica" owner="random-user-service">
<kw name="GET On Session" owner="RequestsLibrary">
<msg time="2024-08-06T05:16:01.722693" level="INFO">GET Request : url=https://randomuser.me/api 
 path_url=/api 
 headers={'User-Agent': 'python-requests/2.32.3', 'Accept-Encoding': 'gzip, deflate', 'Accept': '*/*', 'Connection': 'keep-alive'} 
 body=None 
 </msg>
<msg time="2024-08-06T05:16:01.722844" level="INFO">GET Response : url=https://randomuser.me/api 
 status=200, reason=OK 
 headers={'Date': 'Tue, 06 Aug 2024 05:16:01 GMT', 'Content-Type': 'application/json; charset=utf-8', 'Transfer-Encoding': 'chunked', 'Connection': 'keep-alive', 'X-Powered-By': 'Express', 'Access-Control-Allow-Origin': '*', 'Cache-Control': 'no-cache', 'ETag': 'W/"491-0UsU2M/8FKowdQkWnx+X9eE9HgQ"', 'Vary': 'Accept-Encoding', 'Content-Encoding': 'gzip', 'CF-Cache-Status': 'DYNAMIC', 'Report-To': '{"endpoints":[{"url":"https:\\/\\/a.nel.cloudflare.com\\/report\\/v4?s=WeNjKXR%2BQXX36AQpEEvUV7ISVXeghwkJxfbidBuVICireJpKv7zqSOfFGOFSbb8Sk2q6sIniGdRZTOu1oy6WT1h%2F7eDTLuuaet%2BCWervHPrc%2BmROVHAE8HheYJ6kADEO"}],"group":"cf-nel","max_age":604800}', 'NEL': '{"success_fraction":0,"report_to":"cf-nel","max_age":604800}', 'Server': 'cloudflare', 'CF-RAY': '8aec8d6aec5b9c82-IAD', 'alt-svc': 'h3=":443"; ma=86400'} 
 body={"results":[{"gender":"female","name":{"title":"Miss","first":"Tilde","last":"Andersen"},"location":{"street":{"number":1752,"name":"Irisvej"},"city":"Fredeikssund","state":"Midtjylland","country":"Denmark","postcode":40441,"coordinates":{"latitude":"-38.6407","longitude":"116.5448"},"timezone":{"offset":"+5:30","description":"Bombay, Calcutta, Madras, New Delhi"}},"email":"tilde.andersen@example.com","login":{"uuid":"f02b2636-52b4-4e72-8df5-44f8b791770a","username":"greenfish361","password":"yomama","salt":"kRs4Elq3","md5":"23e41479d3d511537830d18170481057","sha1":"4a666906d33264dd9276e5af757c0d0f5595cddc","sha256":"54cec234085aa53e614bc1f8d05aff0b974dff06f6584807fc2055bed64bef51"},"dob":{"date":"1997-11-24T10:58:59.445Z","age":26},"registered":{"date":"2013-01-02T12:40:48.013Z","age":11},"phone":"45044060","cell":"43304427","id":{"name":"CPR","value":"241197-9405"},"picture":{"large":"https://randomuser.me/api/portraits/women/68.jpg","medium":"https://randomuser.me/api/portraits/med/women/68.jpg","thumbnail":"https://randomuser.me/api/portraits/thumb/women/68.jpg"},"nat":"DK"}],"info":{"seed":"80af79dd788c82ee","results":1,"page":1,"version":"1.4"}} 
 </msg>
<msg time="2024-08-06T05:16:01.722919" level="INFO">/opt/hostedtoolcache/Python/3.12.4/x64/lib/python3.12/site-packages/urllib3/connectionpool.py:1099: InsecureRequestWarning: Unverified HTTPS request is being made to host 'randomuser.me'. Adding certificate verification is strongly advised. See: https://urllib3.readthedocs.io/en/latest/advanced-usage.html#tls-warnings
  warnings.warn(</msg>
<msg time="2024-08-06T05:16:01.723076" level="INFO">${response} = &lt;Response [200]&gt;</msg>
<var>${response}</var>
<arg>consultarAPI</arg>
<arg>/api</arg>
<doc>Sends a GET request on a previously created HTTP Session.</doc>
<status status="PASS" start="2024-08-06T05:16:00.962625" elapsed="0.760491"/>
</kw>
<kw name="Should Be Equal As Numbers" owner="BuiltIn">
<msg time="2024-08-06T05:16:01.724071" level="INFO">Argument types are:
&lt;class 'int'&gt;
&lt;class 'str'&gt;</msg>
<arg>${response.status_code}</arg>
<arg>200</arg>
<doc>Fails if objects are unequal after converting them to real numbers.</doc>
<status status="PASS" start="2024-08-06T05:16:01.723624" elapsed="0.000510"/>
</kw>
<kw name="Log" owner="BuiltIn">
<msg time="2024-08-06T05:16:01.724837" level="INFO">200</msg>
<arg>${response.status_code}</arg>
<doc>Logs the given message with the given level.</doc>
<status status="PASS" start="2024-08-06T05:16:01.724457" elapsed="0.000423"/>
</kw>
<kw name="Set Variable" owner="BuiltIn">
<msg time="2024-08-06T05:16:01.725615" level="INFO">${json_data} = {'results': [{'gender': 'female', 'name': {'title': 'Miss', 'first': 'Tilde', 'last': 'Andersen'}, 'location': {'street': {'number': 1752, 'name': 'Irisvej'}, 'city': 'Fredeikssund', 'state': 'Midtjyl...</msg>
<var>${json_data}</var>
<arg>${response.json()}</arg>
<doc>Returns the given values which can then be assigned to a variables.</doc>
<status status="PASS" start="2024-08-06T05:16:01.725185" elapsed="0.000459"/>
</kw>
<kw name="Dictionary Should Contain Key" owner="Collections">
<arg>${json_data}</arg>
<arg>results</arg>
<doc>Fails if ``key`` is not found from ``dictionary``.</doc>
<status status="PASS" start="2024-08-06T05:16:01.725938" elapsed="0.000318"/>
</kw>
<status status="PASS" start="2024-08-06T05:16:00.962371" elapsed="0.764035"/>
</kw>
<doc>Testa se a API responde corretamente e retorna um objeto JSON válido.</doc>
<tag>testeRequisicaoBasica</tag>
<status status="PASS" start="2024-08-06T05:16:00.961835" elapsed="0.764742"/>
</test>
<test id="s1-s1-t3" name="Validar estrutura de resposta" line="22">
<kw name="Teste de Estrutura de Resposta" owner="random-user-service">
<kw name="GET On Session" owner="RequestsLibrary">
<msg time="2024-08-06T05:16:01.962237" level="INFO">GET Request : url=https://randomuser.me/api 
 path_url=/api 
 headers={'User-Agent': 'python-requests/2.32.3', 'Accept-Encoding': 'gzip, deflate', 'Accept': '*/*', 'Connection': 'keep-alive'} 
 body=None 
 </msg>
<msg time="2024-08-06T05:16:01.962338" level="INFO">GET Response : url=https://randomuser.me/api 
 status=200, reason=OK 
 headers={'Date': 'Tue, 06 Aug 2024 05:16:01 GMT', 'Content-Type': 'application/json; charset=utf-8', 'Transfer-Encoding': 'chunked', 'Connection': 'keep-alive', 'X-Powered-By': 'Express', 'Access-Control-Allow-Origin': '*', 'Cache-Control': 'no-cache', 'ETag': 'W/"472-ov1HjSPXSU3hhYgUwkBHW4YWuHc"', 'Vary': 'Accept-Encoding', 'Content-Encoding': 'gzip', 'CF-Cache-Status': 'DYNAMIC', 'Report-To': '{"endpoints":[{"url":"https:\\/\\/a.nel.cloudflare.com\\/report\\/v4?s=yJIb1GoYllfXZx0e6SMaeoEdHjYJFmqGKFbdNisUKr0lu81SnezKLHvBMYVlr32cd7MzOtY6IpxYGvlVbW5iGB%2B5YZF1i7Of2%2B5JEEjXCiEjtVH7f6YUgdX8ap6vJcn0"}],"group":"cf-nel","max_age":604800}', 'NEL': '{"success_fraction":0,"report_to":"cf-nel","max_age":604800}', 'Server': 'cloudflare', 'CF-RAY': '8aec8d6edf609c82-IAD', 'alt-svc': 'h3=":443"; ma=86400'} 
 body={"results":[{"gender":"female","name":{"title":"Ms","first":"Romashka","last":"Stecko"},"location":{"street":{"number":2223,"name":"Hmelnicka"},"city":"Novovolinsk","state":"Zakarpatska","country":"Ukraine","postcode":69183,"coordinates":{"latitude":"78.1908","longitude":"61.3826"},"timezone":{"offset":"+3:30","description":"Tehran"}},"email":"romashka.stecko@example.com","login":{"uuid":"bdc93e94-a99f-4921-befe-a65ba308064d","username":"tinymouse445","password":"zipper","salt":"LL0KkeR4","md5":"2379495a88f6b28c13ff5345607cb63a","sha1":"a4f04a1a0bbe3163444246a5342e9d50bf7f003b","sha256":"137ac73c5517b22ba9adf7f9141c6cf55ab07e1e31d740d1f2392b45bc47ea86"},"dob":{"date":"1965-10-29T04:59:57.464Z","age":58},"registered":{"date":"2017-02-15T21:03:30.863Z","age":7},"phone":"(067) A50-4286","cell":"(068) V71-8764","id":{"name":"","value":null},"picture":{"large":"https://randomuser.me/api/portraits/women/63.jpg","medium":"https://randomuser.me/api/portraits/med/women/63.jpg","thumbnail":"https://randomuser.me/api/portraits/thumb/women/63.jpg"},"nat":"UA"}],"info":{"seed":"71623679daae7f89","results":1,"page":1,"version":"1.4"}} 
 </msg>
<msg time="2024-08-06T05:16:01.962464" level="INFO">/opt/hostedtoolcache/Python/3.12.4/x64/lib/python3.12/site-packages/urllib3/connectionpool.py:1099: InsecureRequestWarning: Unverified HTTPS request is being made to host 'randomuser.me'. Adding certificate verification is strongly advised. See: https://urllib3.readthedocs.io/en/latest/advanced-usage.html#tls-warnings
  warnings.warn(</msg>
<msg time="2024-08-06T05:16:01.962610" level="INFO">${response} = &lt;Response [200]&gt;</msg>
<var>${response}</var>
<arg>consultarAPI</arg>
<arg>/api</arg>
<doc>Sends a GET request on a previously created HTTP Session.</doc>
<status status="PASS" start="2024-08-06T05:16:01.729120" elapsed="0.233531"/>
</kw>
<kw name="Set Variable" owner="BuiltIn">
<msg time="2024-08-06T05:16:01.963697" level="INFO">${json_data} = {'results': [{'gender': 'female', 'name': {'title': 'Ms', 'first': 'Romashka', 'last': 'Stecko'}, 'location': {'street': {'number': 2223, 'name': 'Hmelnicka'}, 'city': 'Novovolinsk', 'state': 'Zakarpa...</msg>
<var>${json_data}</var>
<arg>${response.json()}</arg>
<doc>Returns the given values which can then be assigned to a variables.</doc>
<status status="PASS" start="2024-08-06T05:16:01.963173" elapsed="0.000552"/>
</kw>
<kw name="Log" owner="BuiltIn">
<msg time="2024-08-06T05:16:01.964187" level="INFO">{'results': [{'gender': 'female', 'name': {'title': 'Ms', 'first': 'Romashka', 'last': 'Stecko'}, 'location': {'street': {'number': 2223, 'name': 'Hmelnicka'}, 'city': 'Novovolinsk', 'state': 'Zakarpatska', 'country': 'Ukraine', 'postcode': 69183, 'coordinates': {'latitude': '78.1908', 'longitude': '61.3826'}, 'timezone': {'offset': '+3:30', 'description': 'Tehran'}}, 'email': 'romashka.stecko@example.com', 'login': {'uuid': 'bdc93e94-a99f-4921-befe-a65ba308064d', 'username': 'tinymouse445', 'password': 'zipper', 'salt': 'LL0KkeR4', 'md5': '2379495a88f6b28c13ff5345607cb63a', 'sha1': 'a4f04a1a0bbe3163444246a5342e9d50bf7f003b', 'sha256': '137ac73c5517b22ba9adf7f9141c6cf55ab07e1e31d740d1f2392b45bc47ea86'}, 'dob': {'date': '1965-10-29T04:59:57.464Z', 'age': 58}, 'registered': {'date': '2017-02-15T21:03:30.863Z', 'age': 7}, 'phone': '(067) A50-4286', 'cell': '(068) V71-8764', 'id': {'name': '', 'value': None}, 'picture': {'large': 'https://randomuser.me/api/portraits/women/63.jpg', 'medium': 'https://randomuser.me/api/portraits/med/women/63.jpg', 'thumbnail': 'https://randomuser.me/api/portraits/thumb/women/63.jpg'}, 'nat': 'UA'}], 'info': {'seed': '71623679daae7f89', 'results': 1, 'page': 1, 'version': '1.4'}}</msg>
<arg>${json_data}</arg>
<doc>Logs the given message with the given level.</doc>
<status status="PASS" start="2024-08-06T05:16:01.964023" elapsed="0.000210"/>
</kw>
<kw name="Dictionary Should Contain Key" owner="Collections">
<arg>${json_data}</arg>
<arg>results</arg>
<doc>Fails if ``key`` is not found from ``dictionary``.</doc>
<status status="PASS" start="2024-08-06T05:16:01.964522" elapsed="0.000165"/>
</kw>
<kw name="Should Not Be Empty" owner="BuiltIn">
<msg time="2024-08-06T05:16:01.965051" level="INFO">Length is 2.</msg>
<arg>${json_data}</arg>
<doc>Verifies that the given item is not empty.</doc>
<status status="PASS" start="2024-08-06T05:16:01.964923" elapsed="0.000165"/>
</kw>
<kw name="Create List" owner="BuiltIn">
<msg time="2024-08-06T05:16:01.965517" level="INFO">${expected_keys} = ['gender', 'name', 'location', 'email', 'login']</msg>
<var>${expected_keys}</var>
<arg>gender</arg>
<arg>name</arg>
<arg>location</arg>
<arg>email</arg>
<arg>login</arg>
<doc>Returns a list containing given items.</doc>
<status status="PASS" start="2024-08-06T05:16:01.965371" elapsed="0.000169"/>
</kw>
<for flavor="IN">
<iter>
<kw name="Dictionary Should Contain Key" owner="Collections">
<arg>${json_data['results'][0]}</arg>
<arg>${key}</arg>
<doc>Fails if ``key`` is not found from ``dictionary``.</doc>
<status status="PASS" start="2024-08-06T05:16:01.966117" elapsed="0.000400"/>
</kw>
<kw name="Log" owner="BuiltIn">
<msg time="2024-08-06T05:16:01.967050" level="INFO">{'gender': 'female', 'name': {'title': 'Ms', 'first': 'Romashka', 'last': 'Stecko'}, 'location': {'street': {'number': 2223, 'name': 'Hmelnicka'}, 'city': 'Novovolinsk', 'state': 'Zakarpatska', 'country': 'Ukraine', 'postcode': 69183, 'coordinates': {'latitude': '78.1908', 'longitude': '61.3826'}, 'timezone': {'offset': '+3:30', 'description': 'Tehran'}}, 'email': 'romashka.stecko@example.com', 'login': {'uuid': 'bdc93e94-a99f-4921-befe-a65ba308064d', 'username': 'tinymouse445', 'password': 'zipper', 'salt': 'LL0KkeR4', 'md5': '2379495a88f6b28c13ff5345607cb63a', 'sha1': 'a4f04a1a0bbe3163444246a5342e9d50bf7f003b', 'sha256': '137ac73c5517b22ba9adf7f9141c6cf55ab07e1e31d740d1f2392b45bc47ea86'}, 'dob': {'date': '1965-10-29T04:59:57.464Z', 'age': 58}, 'registered': {'date': '2017-02-15T21:03:30.863Z', 'age': 7}, 'phone': '(067) A50-4286', 'cell': '(068) V71-8764', 'id': {'name': '', 'value': None}, 'picture': {'large': 'https://randomuser.me/api/portraits/women/63.jpg', 'medium': 'https://randomuser.me/api/portraits/med/women/63.jpg', 'thumbnail': 'https://randomuser.me/api/portraits/thumb/women/63.jpg'}, 'nat': 'UA'}</msg>
<arg>${json_data['results'][0]}</arg>
<doc>Logs the given message with the given level.</doc>
<status status="PASS" start="2024-08-06T05:16:01.966704" elapsed="0.000393"/>
</kw>
<kw name="Log" owner="BuiltIn">
<msg time="2024-08-06T05:16:01.967519" level="INFO">gender</msg>
<arg>${key}</arg>
<doc>Logs the given message with the given level.</doc>
<status status="PASS" start="2024-08-06T05:16:01.967391" elapsed="0.000164"/>
</kw>
<var name="${key}">gender</var>
<status status="PASS" start="2024-08-06T05:16:01.965989" elapsed="0.001780"/>
</iter>
<iter>
<kw name="Dictionary Should Contain Key" owner="Collections">
<arg>${json_data['results'][0]}</arg>
<arg>${key}</arg>
<doc>Fails if ``key`` is not found from ``dictionary``.</doc>
<status status="PASS" start="2024-08-06T05:16:01.968067" elapsed="0.000392"/>
</kw>
<kw name="Log" owner="BuiltIn">
<msg time="2024-08-06T05:16:01.969029" level="INFO">{'gender': 'female', 'name': {'title': 'Ms', 'first': 'Romashka', 'last': 'Stecko'}, 'location': {'street': {'number': 2223, 'name': 'Hmelnicka'}, 'city': 'Novovolinsk', 'state': 'Zakarpatska', 'country': 'Ukraine', 'postcode': 69183, 'coordinates': {'latitude': '78.1908', 'longitude': '61.3826'}, 'timezone': {'offset': '+3:30', 'description': 'Tehran'}}, 'email': 'romashka.stecko@example.com', 'login': {'uuid': 'bdc93e94-a99f-4921-befe-a65ba308064d', 'username': 'tinymouse445', 'password': 'zipper', 'salt': 'LL0KkeR4', 'md5': '2379495a88f6b28c13ff5345607cb63a', 'sha1': 'a4f04a1a0bbe3163444246a5342e9d50bf7f003b', 'sha256': '137ac73c5517b22ba9adf7f9141c6cf55ab07e1e31d740d1f2392b45bc47ea86'}, 'dob': {'date': '1965-10-29T04:59:57.464Z', 'age': 58}, 'registered': {'date': '2017-02-15T21:03:30.863Z', 'age': 7}, 'phone': '(067) A50-4286', 'cell': '(068) V71-8764', 'id': {'name': '', 'value': None}, 'picture': {'large': 'https://randomuser.me/api/portraits/women/63.jpg', 'medium': 'https://randomuser.me/api/portraits/med/women/63.jpg', 'thumbnail': 'https://randomuser.me/api/portraits/thumb/women/63.jpg'}, 'nat': 'UA'}</msg>
<arg>${json_data['results'][0]}</arg>
<doc>Logs the given message with the given level.</doc>
<status status="PASS" start="2024-08-06T05:16:01.968643" elapsed="0.000467"/>
</kw>
<kw name="Log" owner="BuiltIn">
<msg time="2024-08-06T05:16:01.969534" level="INFO">name</msg>
<arg>${key}</arg>
<doc>Logs the given message with the given level.</doc>
<status status="PASS" start="2024-08-06T05:16:01.969406" elapsed="0.000166"/>
</kw>
<var name="${key}">name</var>
<status status="PASS" start="2024-08-06T05:16:01.967954" elapsed="0.001836"/>
</iter>
<iter>
<kw name="Dictionary Should Contain Key" owner="Collections">
<arg>${json_data['results'][0]}</arg>
<arg>${key}</arg>
<doc>Fails if ``key`` is not found from ``dictionary``.</doc>
<status status="PASS" start="2024-08-06T05:16:01.970069" elapsed="0.000375"/>
</kw>
<kw name="Log" owner="BuiltIn">
<msg time="2024-08-06T05:16:01.970972" level="INFO">{'gender': 'female', 'name': {'title': 'Ms', 'first': 'Romashka', 'last': 'Stecko'}, 'location': {'street': {'number': 2223, 'name': 'Hmelnicka'}, 'city': 'Novovolinsk', 'state': 'Zakarpatska', 'country': 'Ukraine', 'postcode': 69183, 'coordinates': {'latitude': '78.1908', 'longitude': '61.3826'}, 'timezone': {'offset': '+3:30', 'description': 'Tehran'}}, 'email': 'romashka.stecko@example.com', 'login': {'uuid': 'bdc93e94-a99f-4921-befe-a65ba308064d', 'username': 'tinymouse445', 'password': 'zipper', 'salt': 'LL0KkeR4', 'md5': '2379495a88f6b28c13ff5345607cb63a', 'sha1': 'a4f04a1a0bbe3163444246a5342e9d50bf7f003b', 'sha256': '137ac73c5517b22ba9adf7f9141c6cf55ab07e1e31d740d1f2392b45bc47ea86'}, 'dob': {'date': '1965-10-29T04:59:57.464Z', 'age': 58}, 'registered': {'date': '2017-02-15T21:03:30.863Z', 'age': 7}, 'phone': '(067) A50-4286', 'cell': '(068) V71-8764', 'id': {'name': '', 'value': None}, 'picture': {'large': 'https://randomuser.me/api/portraits/women/63.jpg', 'medium': 'https://randomuser.me/api/portraits/med/women/63.jpg', 'thumbnail': 'https://randomuser.me/api/portraits/thumb/women/63.jpg'}, 'nat': 'UA'}</msg>
<arg>${json_data['results'][0]}</arg>
<doc>Logs the given message with the given level.</doc>
<status status="PASS" start="2024-08-06T05:16:01.970626" elapsed="0.000393"/>
</kw>
<kw name="Log" owner="BuiltIn">
<msg time="2024-08-06T05:16:01.971435" level="INFO">location</msg>
<arg>${key}</arg>
<doc>Logs the given message with the given level.</doc>
<status status="PASS" start="2024-08-06T05:16:01.971309" elapsed="0.000162"/>
</kw>
<var name="${key}">location</var>
<status status="PASS" start="2024-08-06T05:16:01.969963" elapsed="0.001730"/>
</iter>
<iter>
<kw name="Dictionary Should Contain Key" owner="Collections">
<arg>${json_data['results'][0]}</arg>
<arg>${key}</arg>
<doc>Fails if ``key`` is not found from ``dictionary``.</doc>
<status status="PASS" start="2024-08-06T05:16:01.971975" elapsed="0.000378"/>
</kw>
<kw name="Log" owner="BuiltIn">
<msg time="2024-08-06T05:16:01.973036" level="INFO">{'gender': 'female', 'name': {'title': 'Ms', 'first': 'Romashka', 'last': 'Stecko'}, 'location': {'street': {'number': 2223, 'name': 'Hmelnicka'}, 'city': 'Novovolinsk', 'state': 'Zakarpatska', 'country': 'Ukraine', 'postcode': 69183, 'coordinates': {'latitude': '78.1908', 'longitude': '61.3826'}, 'timezone': {'offset': '+3:30', 'description': 'Tehran'}}, 'email': 'romashka.stecko@example.com', 'login': {'uuid': 'bdc93e94-a99f-4921-befe-a65ba308064d', 'username': 'tinymouse445', 'password': 'zipper', 'salt': 'LL0KkeR4', 'md5': '2379495a88f6b28c13ff5345607cb63a', 'sha1': 'a4f04a1a0bbe3163444246a5342e9d50bf7f003b', 'sha256': '137ac73c5517b22ba9adf7f9141c6cf55ab07e1e31d740d1f2392b45bc47ea86'}, 'dob': {'date': '1965-10-29T04:59:57.464Z', 'age': 58}, 'registered': {'date': '2017-02-15T21:03:30.863Z', 'age': 7}, 'phone': '(067) A50-4286', 'cell': '(068) V71-8764', 'id': {'name': '', 'value': None}, 'picture': {'large': 'https://randomuser.me/api/portraits/women/63.jpg', 'medium': 'https://randomuser.me/api/portraits/med/women/63.jpg', 'thumbnail': 'https://randomuser.me/api/portraits/thumb/women/63.jpg'}, 'nat': 'UA'}</msg>
<arg>${json_data['results'][0]}</arg>
<doc>Logs the given message with the given level.</doc>
<status status="PASS" start="2024-08-06T05:16:01.972655" elapsed="0.000427"/>
</kw>
<kw name="Log" owner="BuiltIn">
<msg time="2024-08-06T05:16:01.973506" level="INFO">email</msg>
<arg>${key}</arg>
<doc>Logs the given message with the given level.</doc>
<status status="PASS" start="2024-08-06T05:16:01.973377" elapsed="0.000167"/>
</kw>
<var name="${key}">email</var>
<status status="PASS" start="2024-08-06T05:16:01.971862" elapsed="0.001898"/>
</iter>
<iter>
<kw name="Dictionary Should Contain Key" owner="Collections">
<arg>${json_data['results'][0]}</arg>
<arg>${key}</arg>
<doc>Fails if ``key`` is not found from ``dictionary``.</doc>
<status status="PASS" start="2024-08-06T05:16:01.974035" elapsed="0.000369"/>
</kw>
<kw name="Log" owner="BuiltIn">
<msg time="2024-08-06T05:16:01.974923" level="INFO">{'gender': 'female', 'name': {'title': 'Ms', 'first': 'Romashka', 'last': 'Stecko'}, 'location': {'street': {'number': 2223, 'name': 'Hmelnicka'}, 'city': 'Novovolinsk', 'state': 'Zakarpatska', 'country': 'Ukraine', 'postcode': 69183, 'coordinates': {'latitude': '78.1908', 'longitude': '61.3826'}, 'timezone': {'offset': '+3:30', 'description': 'Tehran'}}, 'email': 'romashka.stecko@example.com', 'login': {'uuid': 'bdc93e94-a99f-4921-befe-a65ba308064d', 'username': 'tinymouse445', 'password': 'zipper', 'salt': 'LL0KkeR4', 'md5': '2379495a88f6b28c13ff5345607cb63a', 'sha1': 'a4f04a1a0bbe3163444246a5342e9d50bf7f003b', 'sha256': '137ac73c5517b22ba9adf7f9141c6cf55ab07e1e31d740d1f2392b45bc47ea86'}, 'dob': {'date': '1965-10-29T04:59:57.464Z', 'age': 58}, 'registered': {'date': '2017-02-15T21:03:30.863Z', 'age': 7}, 'phone': '(067) A50-4286', 'cell': '(068) V71-8764', 'id': {'name': '', 'value': None}, 'picture': {'large': 'https://randomuser.me/api/portraits/women/63.jpg', 'medium': 'https://randomuser.me/api/portraits/med/women/63.jpg', 'thumbnail': 'https://randomuser.me/api/portraits/thumb/women/63.jpg'}, 'nat': 'UA'}</msg>
<arg>${json_data['results'][0]}</arg>
<doc>Logs the given message with the given level.</doc>
<status status="PASS" start="2024-08-06T05:16:01.974583" elapsed="0.000393"/>
</kw>
<kw name="Log" owner="BuiltIn">
<msg time="2024-08-06T05:16:01.975392" level="INFO">login</msg>
<arg>${key}</arg>
<doc>Logs the given message with the given level.</doc>
<status status="PASS" start="2024-08-06T05:16:01.975267" elapsed="0.000161"/>
</kw>
<var name="${key}">login</var>
<status status="PASS" start="2024-08-06T05:16:01.973929" elapsed="0.001711"/>
</iter>
<var>${key}</var>
<value>@{expected_keys}</value>
<status status="PASS" start="2024-08-06T05:16:01.965799" elapsed="0.009960"/>
</for>
<kw name="Create List" owner="BuiltIn">
<msg time="2024-08-06T05:16:01.976080" level="INFO">${expected_keysTwo} = ['username', 'password']</msg>
<var>${expected_keysTwo}</var>
<arg>username</arg>
<arg>password</arg>
<doc>Returns a list containing given items.</doc>
<status status="PASS" start="2024-08-06T05:16:01.975948" elapsed="0.000156"/>
</kw>
<for flavor="IN">
<iter>
<kw name="Dictionary Should Contain Key" owner="Collections">
<arg>${json_data['results'][0]['login']}</arg>
<arg>${keyTwo}</arg>
<doc>Fails if ``key`` is not found from ``dictionary``.</doc>
<status status="PASS" start="2024-08-06T05:16:01.976616" elapsed="0.000420"/>
</kw>
<kw name="Dictionary Should Contain Key" owner="Collections">
<arg>${json_data['results'][0]['login']}</arg>
<arg>${keyTwo}</arg>
<doc>Fails if ``key`` is not found from ``dictionary``.</doc>
<status status="PASS" start="2024-08-06T05:16:01.977218" elapsed="0.000373"/>
</kw>
<kw name="Log" owner="BuiltIn">
<msg time="2024-08-06T05:16:01.977886" level="INFO">username</msg>
<arg>${keyTwo}</arg>
<doc>Logs the given message with the given level.</doc>
<status status="PASS" start="2024-08-06T05:16:01.977765" elapsed="0.000158"/>
</kw>
<var name="${keyTwo}">username</var>
<status status="PASS" start="2024-08-06T05:16:01.976511" elapsed="0.001629"/>
</iter>
<iter>
<kw name="Dictionary Should Contain Key" owner="Collections">
<arg>${json_data['results'][0]['login']}</arg>
<arg>${keyTwo}</arg>
<doc>Fails if ``key`` is not found from ``dictionary``.</doc>
<status status="PASS" start="2024-08-06T05:16:01.978417" elapsed="0.000392"/>
</kw>
<kw name="Dictionary Should Contain Key" owner="Collections">
<arg>${json_data['results'][0]['login']}</arg>
<arg>${keyTwo}</arg>
<doc>Fails if ``key`` is not found from ``dictionary``.</doc>
<status status="PASS" start="2024-08-06T05:16:01.978984" elapsed="0.000369"/>
</kw>
<kw name="Log" owner="BuiltIn">
<msg time="2024-08-06T05:16:01.979645" level="INFO">password</msg>
<arg>${keyTwo}</arg>
<doc>Logs the given message with the given level.</doc>
<status status="PASS" start="2024-08-06T05:16:01.979526" elapsed="0.000156"/>
</kw>
<var name="${keyTwo}">password</var>
<status status="PASS" start="2024-08-06T05:16:01.978311" elapsed="0.001588"/>
</iter>
<var>${keyTwo}</var>
<value>@{expected_keysTwo}</value>
<status status="PASS" start="2024-08-06T05:16:01.976361" elapsed="0.003656"/>
</for>
<status status="PASS" start="2024-08-06T05:16:01.728883" elapsed="0.251274"/>
</kw>
<doc>Testa a estrutura da resposta da API.</doc>
<tag>testeEstruturaResposta</tag>
<status status="PASS" start="2024-08-06T05:16:01.728354" elapsed="0.251958"/>
</test>
<test id="s1-s1-t4" name="Validar tipos de dados" line="28">
<kw name="Teste de Tipos de Dados" owner="random-user-service">
<kw name="GET On Session" owner="RequestsLibrary">
<msg time="2024-08-06T05:16:02.093070" level="INFO">GET Request : url=https://randomuser.me/api 
 path_url=/api 
 headers={'User-Agent': 'python-requests/2.32.3', 'Accept-Encoding': 'gzip, deflate', 'Accept': '*/*', 'Connection': 'keep-alive'} 
 body=None 
 </msg>
<msg time="2024-08-06T05:16:02.093156" level="INFO">GET Response : url=https://randomuser.me/api 
 status=200, reason=OK 
 headers={'Date': 'Tue, 06 Aug 2024 05:16:02 GMT', 'Content-Type': 'application/json; charset=utf-8', 'Transfer-Encoding': 'chunked', 'Connection': 'keep-alive', 'X-Powered-By': 'Express', 'Access-Control-Allow-Origin': '*', 'Cache-Control': 'no-cache', 'ETag': 'W/"46d-gDJCqepI/GsRn36BgWnOQbYq0K8"', 'Vary': 'Accept-Encoding', 'Content-Encoding': 'gzip', 'CF-Cache-Status': 'DYNAMIC', 'Report-To': '{"endpoints":[{"url":"https:\\/\\/a.nel.cloudflare.com\\/report\\/v4?s=%2Fjo9G8JcCOSYxfC4ytGpIho3c8JyWGHUpaEiEVKy9NUy3D31bUgVrxJh457EL0FkJYCxZ50%2FLekVn4dJK5yzEPebB6Mz3pHWPYllX5Ueex5nDKy%2Fs7qYWoqA%2FwHMMHdf"}],"group":"cf-nel","max_age":604800}', 'NEL': '{"success_fraction":0,"report_to":"cf-nel","max_age":604800}', 'Server': 'cloudflare', 'CF-RAY': '8aec8d7068a29c82-IAD', 'alt-svc': 'h3=":443"; ma=86400'} 
 body={"results":[{"gender":"female","name":{"title":"Miss","first":"Leah","last":"Smith"},"location":{"street":{"number":8172,"name":"Lyttelton Avenue"},"city":"Timaru","state":"Waikato","country":"New Zealand","postcode":17352,"coordinates":{"latitude":"54.7264","longitude":"99.2920"},"timezone":{"offset":"+4:30","description":"Kabul"}},"email":"leah.smith@example.com","login":{"uuid":"8a1ad7cd-1109-4441-8c65-07d2b912ce9e","username":"greenbear510","password":"gobucks","salt":"fbJrrfsY","md5":"3b25571e472ccbaffe741d327486629c","sha1":"b597ca887ec3b200eaa85de14047be4fd7eb3ba3","sha256":"5469b5068d512fc26cff8676908adb08c552f7399339ab1cf88d2c743eb1ce9f"},"dob":{"date":"1991-01-21T01:51:13.634Z","age":33},"registered":{"date":"2005-11-06T07:19:29.738Z","age":18},"phone":"(501)-886-9895","cell":"(806)-916-7207","id":{"name":"","value":null},"picture":{"large":"https://randomuser.me/api/portraits/women/69.jpg","medium":"https://randomuser.me/api/portraits/med/women/69.jpg","thumbnail":"https://randomuser.me/api/portraits/thumb/women/69.jpg"},"nat":"NZ"}],"info":{"seed":"1058737b67d9333a","results":1,"page":1,"version":"1.4"}} 
 </msg>
<msg time="2024-08-06T05:16:02.093220" level="INFO">/opt/hostedtoolcache/Python/3.12.4/x64/lib/python3.12/site-packages/urllib3/connectionpool.py:1099: InsecureRequestWarning: Unverified HTTPS request is being made to host 'randomuser.me'. Adding certificate verification is strongly advised. See: https://urllib3.readthedocs.io/en/latest/advanced-usage.html#tls-warnings
  warnings.warn(</msg>
<msg time="2024-08-06T05:16:02.093329" level="INFO">${response} = &lt;Response [200]&gt;</msg>
<var>${response}</var>
<arg>consultarAPI</arg>
<arg>/api</arg>
<doc>Sends a GET request on a previously created HTTP Session.</doc>
<status status="PASS" start="2024-08-06T05:16:01.982803" elapsed="0.110565"/>
</kw>
<kw name="Set Variable" owner="BuiltIn">
<msg time="2024-08-06T05:16:02.094515" level="INFO">${json_data} = {'results': [{'gender': 'female', 'name': {'title': 'Miss', 'first': 'Leah', 'last': 'Smith'}, 'location': {'street': {'number': 8172, 'name': 'Lyttelton Avenue'}, 'city': 'Timaru', 'state': 'Waikato'...</msg>
<var>${json_data}</var>
<arg>${response.json()}</arg>
<doc>Returns the given values which can then be assigned to a variables.</doc>
<status status="PASS" start="2024-08-06T05:16:02.093946" elapsed="0.000597"/>
</kw>
<kw name="Log" owner="BuiltIn">
<msg time="2024-08-06T05:16:02.095005" level="INFO">{'results': [{'gender': 'female', 'name': {'title': 'Miss', 'first': 'Leah', 'last': 'Smith'}, 'location': {'street': {'number': 8172, 'name': 'Lyttelton Avenue'}, 'city': 'Timaru', 'state': 'Waikato', 'country': 'New Zealand', 'postcode': 17352, 'coordinates': {'latitude': '54.7264', 'longitude': '99.2920'}, 'timezone': {'offset': '+4:30', 'description': 'Kabul'}}, 'email': 'leah.smith@example.com', 'login': {'uuid': '8a1ad7cd-1109-4441-8c65-07d2b912ce9e', 'username': 'greenbear510', 'password': 'gobucks', 'salt': 'fbJrrfsY', 'md5': '3b25571e472ccbaffe741d327486629c', 'sha1': 'b597ca887ec3b200eaa85de14047be4fd7eb3ba3', 'sha256': '5469b5068d512fc26cff8676908adb08c552f7399339ab1cf88d2c743eb1ce9f'}, 'dob': {'date': '1991-01-21T01:51:13.634Z', 'age': 33}, 'registered': {'date': '2005-11-06T07:19:29.738Z', 'age': 18}, 'phone': '(501)-886-9895', 'cell': '(806)-916-7207', 'id': {'name': '', 'value': None}, 'picture': {'large': 'https://randomuser.me/api/portraits/women/69.jpg', 'medium': 'https://randomuser.me/api/portraits/med/women/69.jpg', 'thumbnail': 'https://randomuser.me/api/portraits/thumb/women/69.jpg'}, 'nat': 'NZ'}], 'info': {'seed': '1058737b67d9333a', 'results': 1, 'page': 1, 'version': '1.4'}}</msg>
<arg>${json_data}</arg>
<doc>Logs the given message with the given level.</doc>
<status status="PASS" start="2024-08-06T05:16:02.094850" elapsed="0.000201"/>
</kw>
<kw name="Should Be String" owner="String">
<arg>${json_data['results'][0]['gender']}</arg>
<doc>Fails if the given ``item`` is not a string.</doc>
<status status="PASS" start="2024-08-06T05:16:02.095344" elapsed="0.000357"/>
</kw>
<kw name="Should Match Regexp" owner="BuiltIn">
<arg>${json_data['results'][0]['email']}</arg>
<arg>^[a-zA-Z0-9._%+-]+@[a-zA-Z0-9.-]+\.[a-zA-Z]{2,}$</arg>
<doc>Fails if ``string`` does not match ``pattern`` as a regular expression.</doc>
<status status="PASS" start="2024-08-06T05:16:02.095892" elapsed="0.000505"/>
</kw>
<kw name="Should Match Regexp" owner="BuiltIn">
<arg>${json_data['results'][0]['dob']['date']}</arg>
<arg>\\d{4}-\\d{2}-\\d{2}T\\d{2}:\\d{2}:\\d{2}\\.\\d{3}Z</arg>
<doc>Fails if ``string`` does not match ``pattern`` as a regular expression.</doc>
<status status="PASS" start="2024-08-06T05:16:02.096623" elapsed="0.000679"/>
</kw>
<kw name="Should Match Regexp" owner="BuiltIn">
<arg>${json_data['results'][0]['registered']['date']}</arg>
<arg>\\d{4}-\\d{2}-\\d{2}T\\d{2}:\\d{2}:\\d{2}\\.\\d{3}Z</arg>
<doc>Fails if ``string`` does not match ``pattern`` as a regular expression.</doc>
<status status="PASS" start="2024-08-06T05:16:02.097495" elapsed="0.000368"/>
</kw>
<kw name="Should Match Regexp" owner="BuiltIn">
<arg>${json_data['results'][0]['picture']['large']}</arg>
<arg>^https?://.*\.(?:png|jpe?g|gif|bmp)$</arg>
<doc>Fails if ``string`` does not match ``pattern`` as a regular expression.</doc>
<status status="PASS" start="2024-08-06T05:16:02.098046" elapsed="0.000452"/>
</kw>
<kw name="Should Match Regexp" owner="BuiltIn">
<arg>${json_data['results'][0]['picture']['medium']}</arg>
<arg>^https?://.*\.(?:png|jpe?g|gif|bmp)$</arg>
<doc>Fails if ``string`` does not match ``pattern`` as a regular expression.</doc>
<status status="PASS" start="2024-08-06T05:16:02.098682" elapsed="0.000352"/>
</kw>
<kw name="Should Match Regexp" owner="BuiltIn">
<arg>${json_data['results'][0]['picture']['thumbnail']}</arg>
<arg>^https?://.*\.(?:png|jpe?g|gif|bmp)$</arg>
<doc>Fails if ``string`` does not match ``pattern`` as a regular expression.</doc>
<status status="PASS" start="2024-08-06T05:16:02.099212" elapsed="0.000345"/>
</kw>
<kw name="Log" owner="BuiltIn">
<msg time="2024-08-06T05:16:02.100049" level="INFO">{'large': 'https://randomuser.me/api/portraits/women/69.jpg', 'medium': 'https://randomuser.me/api/portraits/med/women/69.jpg', 'thumbnail': 'https://randomuser.me/api/portraits/thumb/women/69.jpg'}</msg>
<arg>${json_data['results'][0]['picture']}</arg>
<doc>Logs the given message with the given level.</doc>
<status status="PASS" start="2024-08-06T05:16:02.099733" elapsed="0.000357"/>
</kw>
<status status="PASS" start="2024-08-06T05:16:01.982570" elapsed="0.117780"/>
</kw>
<kw name="Teste de Tipos de Dados - Postcode" owner="random-user-service">
<kw name="GET On Session" owner="RequestsLibrary">
<msg time="2024-08-06T05:16:02.139738" level="INFO">GET Request : url=https://randomuser.me/api 
 path_url=/api 
 headers={'User-Agent': 'python-requests/2.32.3', 'Accept-Encoding': 'gzip, deflate', 'Accept': '*/*', 'Connection': 'keep-alive'} 
 body=None 
 </msg>
<msg time="2024-08-06T05:16:02.139828" level="INFO">GET Response : url=https://randomuser.me/api 
 status=200, reason=OK 
 headers={'Date': 'Tue, 06 Aug 2024 05:16:02 GMT', 'Content-Type': 'application/json; charset=utf-8', 'Transfer-Encoding': 'chunked', 'Connection': 'keep-alive', 'X-Powered-By': 'Express', 'Access-Control-Allow-Origin': '*', 'Cache-Control': 'no-cache', 'ETag': 'W/"48c-MPXY/4vBSlYaV8h4LcOOlAfLNeI"', 'Vary': 'Accept-Encoding', 'Content-Encoding': 'gzip', 'CF-Cache-Status': 'DYNAMIC', 'Report-To': '{"endpoints":[{"url":"https:\\/\\/a.nel.cloudflare.com\\/report\\/v4?s=6QfmOAW2SLCoXJqwyGnVs53n5ciSXrQ4Hxrq9zSG%2BWFrrbuuqhMXiC%2FczgZHDzVJBH6JV%2FTJEuUVDekrPVEtimFu0GoY0rzXouxzj%2FiT%2FVE4jYDmfCpyGBhQO7E%2BCWS1"}],"group":"cf-nel","max_age":604800}', 'NEL': '{"success_fraction":0,"report_to":"cf-nel","max_age":604800}', 'Server': 'cloudflare', 'CF-RAY': '8aec8d71293d9c82-IAD', 'alt-svc': 'h3=":443"; ma=86400'} 
 body={"results":[{"gender":"female","name":{"title":"Ms","first":"Claudia","last":"Parra"},"location":{"street":{"number":7949,"name":"Calle de Argumosa"},"city":"Granada","state":"La Rioja","country":"Spain","postcode":16900,"coordinates":{"latitude":"-34.0055","longitude":"112.1778"},"timezone":{"offset":"+7:00","description":"Bangkok, Hanoi, Jakarta"}},"email":"claudia.parra@example.com","login":{"uuid":"3aedc55c-1876-479f-a2cc-4cfab902aa16","username":"silverelephant782","password":"shamrock","salt":"IExCJ0yi","md5":"f6ac9cd083040495cccdfc2788c5a395","sha1":"b2a3251fcb12e712fafbe7013e1ad2413ffebcf3","sha256":"5fef688c7a85c9616355ef677755a8e4909533d55f382f1c54a2b2f0a3053b9c"},"dob":{"date":"1998-05-05T20:26:13.519Z","age":26},"registered":{"date":"2015-08-29T07:54:22.839Z","age":8},"phone":"960-166-142","cell":"608-898-211","id":{"name":"DNI","value":"36437714-A"},"picture":{"large":"https://randomuser.me/api/portraits/women/71.jpg","medium":"https://randomuser.me/api/portraits/med/women/71.jpg","thumbnail":"https://randomuser.me/api/portraits/thumb/women/71.jpg"},"nat":"ES"}],"info":{"seed":"16063d37505c224c","results":1,"page":1,"version":"1.4"}} 
 </msg>
<msg time="2024-08-06T05:16:02.139920" level="INFO">/opt/hostedtoolcache/Python/3.12.4/x64/lib/python3.12/site-packages/urllib3/connectionpool.py:1099: InsecureRequestWarning: Unverified HTTPS request is being made to host 'randomuser.me'. Adding certificate verification is strongly advised. See: https://urllib3.readthedocs.io/en/latest/advanced-usage.html#tls-warnings
  warnings.warn(</msg>
<msg time="2024-08-06T05:16:02.140035" level="INFO">${response} = &lt;Response [200]&gt;</msg>
<var>${response}</var>
<arg>consultarAPI</arg>
<arg>/api</arg>
<doc>Sends a GET request on a previously created HTTP Session.</doc>
<status status="PASS" start="2024-08-06T05:16:02.100829" elapsed="0.039247"/>
</kw>
<kw name="Set Variable" owner="BuiltIn">
<msg time="2024-08-06T05:16:02.141190" level="INFO">${json_data} = {'results': [{'gender': 'female', 'name': {'title': 'Ms', 'first': 'Claudia', 'last': 'Parra'}, 'location': {'street': {'number': 7949, 'name': 'Calle de Argumosa'}, 'city': 'Granada', 'state': 'La Ri...</msg>
<var>${json_data}</var>
<arg>${response.json()}</arg>
<doc>Returns the given values which can then be assigned to a variables.</doc>
<status status="PASS" start="2024-08-06T05:16:02.140587" elapsed="0.000634"/>
</kw>
<kw name="Log" owner="BuiltIn">
<msg time="2024-08-06T05:16:02.141681" level="INFO">{'results': [{'gender': 'female', 'name': {'title': 'Ms', 'first': 'Claudia', 'last': 'Parra'}, 'location': {'street': {'number': 7949, 'name': 'Calle de Argumosa'}, 'city': 'Granada', 'state': 'La Rioja', 'country': 'Spain', 'postcode': 16900, 'coordinates': {'latitude': '-34.0055', 'longitude': '112.1778'}, 'timezone': {'offset': '+7:00', 'description': 'Bangkok, Hanoi, Jakarta'}}, 'email': 'claudia.parra@example.com', 'login': {'uuid': '3aedc55c-1876-479f-a2cc-4cfab902aa16', 'username': 'silverelephant782', 'password': 'shamrock', 'salt': 'IExCJ0yi', 'md5': 'f6ac9cd083040495cccdfc2788c5a395', 'sha1': 'b2a3251fcb12e712fafbe7013e1ad2413ffebcf3', 'sha256': '5fef688c7a85c9616355ef677755a8e4909533d55f382f1c54a2b2f0a3053b9c'}, 'dob': {'date': '1998-05-05T20:26:13.519Z', 'age': 26}, 'registered': {'date': '2015-08-29T07:54:22.839Z', 'age': 8}, 'phone': '960-166-142', 'cell': '608-898-211', 'id': {'name': 'DNI', 'value': '36437714-A'}, 'picture': {'large': 'https://randomuser.me/api/portraits/women/71.jpg', 'medium': 'https://randomuser.me/api/portraits/med/women/71.jpg', 'thumbnail': 'https://randomuser.me/api/portraits/thumb/women/71.jpg'}, 'nat': 'ES'}], 'info': {'seed': '16063d37505c224c', 'results': 1, 'page': 1, 'version': '1.4'}}</msg>
<arg>${json_data}</arg>
<doc>Logs the given message with the given level.</doc>
<status status="PASS" start="2024-08-06T05:16:02.141525" elapsed="0.000203"/>
</kw>
<kw name="Should Be Equal As Numbers" owner="BuiltIn">
<arg>${json_data['results'][0]['location']['postcode']}</arg>
<arg>${json_data['results'][0]['location']['postcode']}</arg>
<doc>Fails if objects are unequal after converting them to real numbers.</doc>
<status status="PASS" start="2024-08-06T05:16:02.142020" elapsed="0.000611"/>
</kw>
<kw name="Log" owner="BuiltIn">
<msg time="2024-08-06T05:16:02.143148" level="INFO">16900</msg>
<arg>${json_data['results'][0]['location']['postcode']}</arg>
<doc>Logs the given message with the given level.</doc>
<status status="PASS" start="2024-08-06T05:16:02.142816" elapsed="0.000372"/>
</kw>
<status status="PASS" start="2024-08-06T05:16:02.100576" elapsed="0.042867"/>
</kw>
<doc>Testa se os tipos de dados na resposta da API estão corretos.</doc>
<tag>testeTiposDados</tag>
<status status="PASS" start="2024-08-06T05:16:01.982113" elapsed="0.161530"/>
</test>
<test id="s1-s1-t5" name="Validar conteudo" line="35">
<kw name="Teste de Tipos de Conteudo" owner="random-user-service">
<kw name="GET On Session" owner="RequestsLibrary">
<msg time="2024-08-06T05:16:02.242862" level="INFO">GET Request : url=https://randomuser.me/api 
 path_url=/api 
 headers={'User-Agent': 'python-requests/2.32.3', 'Accept-Encoding': 'gzip, deflate', 'Accept': '*/*', 'Connection': 'keep-alive'} 
 body=None 
 </msg>
<msg time="2024-08-06T05:16:02.242965" level="INFO">GET Response : url=https://randomuser.me/api 
 status=200, reason=OK 
 headers={'Date': 'Tue, 06 Aug 2024 05:16:02 GMT', 'Content-Type': 'application/json; charset=utf-8', 'Transfer-Encoding': 'chunked', 'Connection': 'keep-alive', 'X-Powered-By': 'Express', 'Access-Control-Allow-Origin': '*', 'Cache-Control': 'no-cache', 'ETag': 'W/"4a5-hey9qn1PUF0vesQFNFsyl3WHp7o"', 'Vary': 'Accept-Encoding', 'Content-Encoding': 'gzip', 'CF-Cache-Status': 'DYNAMIC', 'Report-To': '{"endpoints":[{"url":"https:\\/\\/a.nel.cloudflare.com\\/report\\/v4?s=Zas0DTMEGRSxrwtcuS601gV%2BPrMtVgUAbrAYQJK%2BTn7NC8YU%2BSI5ByBmra6nx9BibTTNthJvEUV1tvKI6O3%2FVXZcOUDl7qZ%2BgzCZ1o%2F7JA25dPSViXjSJtHLNt%2B0nnkw"}],"group":"cf-nel","max_age":604800}', 'NEL': '{"success_fraction":0,"report_to":"cf-nel","max_age":604800}', 'Server': 'cloudflare', 'CF-RAY': '8aec8d7169759c82-IAD', 'alt-svc': 'h3=":443"; ma=86400'} 
 body={"results":[{"gender":"male","name":{"title":"Mr","first":"Topias","last":"Waisanen"},"location":{"street":{"number":8711,"name":"Aleksanterinkatu"},"city":"Punkalaidun","state":"Central Ostrobothnia","country":"Finland","postcode":15726,"coordinates":{"latitude":"-23.0681","longitude":"-96.2814"},"timezone":{"offset":"-3:00","description":"Brazil, Buenos Aires, Georgetown"}},"email":"topias.waisanen@example.com","login":{"uuid":"ef5d0a11-b8d3-4b3c-865e-dcc5593a371f","username":"greentiger843","password":"galant","salt":"UF1nRlWr","md5":"93b2fb96ffe3add3dd1c0f970998c403","sha1":"894480dc55db2b2312f56096bf1303b65b05a3da","sha256":"c63d53d3cd69cca931f78d71f311066da5d197b1b596dc7351017bc30a894ee2"},"dob":{"date":"1988-07-21T13:20:28.783Z","age":36},"registered":{"date":"2017-10-21T13:09:33.901Z","age":6},"phone":"04-626-240","cell":"049-612-36-47","id":{"name":"HETU","value":"NaNNA181undefined"},"picture":{"large":"https://randomuser.me/api/portraits/men/36.jpg","medium":"https://randomuser.me/api/portraits/med/men/36.jpg","thumbnail":"https://randomuser.me/api/portraits/thumb/men/36.jpg"},"nat":"FI"}],"info":{"seed":"fae3e1530f93568c","results":1,"page":1,"version":"1.4"}} 
 </msg>
<msg time="2024-08-06T05:16:02.243048" level="INFO">/opt/hostedtoolcache/Python/3.12.4/x64/lib/python3.12/site-packages/urllib3/connectionpool.py:1099: InsecureRequestWarning: Unverified HTTPS request is being made to host 'randomuser.me'. Adding certificate verification is strongly advised. See: https://urllib3.readthedocs.io/en/latest/advanced-usage.html#tls-warnings
  warnings.warn(</msg>
<msg time="2024-08-06T05:16:02.243175" level="INFO">${response} = &lt;Response [200]&gt;</msg>
<var>${response}</var>
<arg>consultarAPI</arg>
<arg>/api</arg>
<doc>Sends a GET request on a previously created HTTP Session.</doc>
<status status="PASS" start="2024-08-06T05:16:02.146203" elapsed="0.097014"/>
</kw>
<kw name="Set Variable" owner="BuiltIn">
<msg time="2024-08-06T05:16:02.244215" level="INFO">${json_data} = {'results': [{'gender': 'male', 'name': {'title': 'Mr', 'first': 'Topias', 'last': 'Waisanen'}, 'location': {'street': {'number': 8711, 'name': 'Aleksanterinkatu'}, 'city': 'Punkalaidun', 'state': 'Ce...</msg>
<var>${json_data}</var>
<arg>${response.json()}</arg>
<doc>Returns the given values which can then be assigned to a variables.</doc>
<status status="PASS" start="2024-08-06T05:16:02.243703" elapsed="0.000541"/>
</kw>
<kw name="Set Variable" owner="BuiltIn">
<msg time="2024-08-06T05:16:02.244964" level="INFO">${name_title} = Mr</msg>
<var>${name_title}</var>
<arg>${json_data["results"][0]["name"]["title"]}</arg>
<doc>Returns the given values which can then be assigned to a variables.</doc>
<status status="PASS" start="2024-08-06T05:16:02.244544" elapsed="0.000445"/>
</kw>
<kw name="Create List" owner="BuiltIn">
<msg time="2024-08-06T05:16:02.245437" level="INFO">${allowed_titles} = ['Mr', 'Ms', 'Miss', 'Mrs', 'Madame', 'Monsieur']</msg>
<var>${allowed_titles}</var>
<arg>Mr</arg>
<arg>Ms</arg>
<arg>Miss</arg>
<arg>Mrs</arg>
<arg>Madame</arg>
<arg>Monsieur</arg>
<doc>Returns a list containing given items.</doc>
<status status="PASS" start="2024-08-06T05:16:02.245287" elapsed="0.000174"/>
</kw>
<kw name="List Should Contain Value" owner="Collections">
<arg>${allowed_titles}</arg>
<arg>${name_title}</arg>
<doc>Fails if the ``value`` is not found from ``list``.</doc>
<status status="PASS" start="2024-08-06T05:16:02.245760" elapsed="0.000187"/>
</kw>
<kw name="Set Variable" owner="BuiltIn">
<msg time="2024-08-06T05:16:02.246494" level="INFO">${name_country} = FI</msg>
<var>${name_country}</var>
<arg>${json_data["results"][0]["nat"]}</arg>
<doc>Returns the given values which can then be assigned to a variables.</doc>
<status status="PASS" start="2024-08-06T05:16:02.246128" elapsed="0.000391"/>
</kw>
<kw name="Create List" owner="BuiltIn">
<msg time="2024-08-06T05:16:02.247413" level="INFO">${list_country} = ['AD', 'AE', 'AF', 'AG', 'AI', 'AL', 'AM', 'AO', 'AQ', 'AR', 'AS', 'AT', 'AU', 'AW', 'AX', 'AZ', 'BA', 'BB', 'BD', 'BE', 'BF', 'BG', 'BH', 'BI', 'BJ', 'BL', 'BM', 'BN', 'BO', 'BQ', 'BR', 'BS', 'BT', '...</msg>
<var>${list_country}</var>
<arg>AD</arg>
<arg>AE</arg>
<arg>AF</arg>
<arg>AG</arg>
<arg>AI</arg>
<arg>AL</arg>
<arg>AM</arg>
<arg>AO</arg>
<arg>AQ</arg>
<arg>AR</arg>
<arg>AS</arg>
<arg>AT</arg>
<arg>AU</arg>
<arg>AW</arg>
<arg>AX</arg>
<arg>AZ</arg>
<arg>BA</arg>
<arg>BB</arg>
<arg>BD</arg>
<arg>BE</arg>
<arg>BF</arg>
<arg>BG</arg>
<arg>BH</arg>
<arg>BI</arg>
<arg>BJ</arg>
<arg>BL</arg>
<arg>BM</arg>
<arg>BN</arg>
<arg>BO</arg>
<arg>BQ</arg>
<arg>BR</arg>
<arg>BS</arg>
<arg>BT</arg>
<arg>BV</arg>
<arg>BW</arg>
<arg>BY</arg>
<arg>BZ</arg>
<arg>CA</arg>
<arg>CC</arg>
<arg>CD</arg>
<arg>CF</arg>
<arg>CG</arg>
<arg>CH</arg>
<arg>CI</arg>
<arg>CK</arg>
<arg>CL</arg>
<arg>CM</arg>
<arg>CN</arg>
<arg>CO</arg>
<arg>CR</arg>
<arg>CU</arg>
<arg>CV</arg>
<arg>CW</arg>
<arg>CX</arg>
<arg>CY</arg>
<arg>CZ</arg>
<arg>DE</arg>
<arg>DJ</arg>
<arg>DK</arg>
<arg>DM</arg>
<arg>DO</arg>
<arg>DZ</arg>
<arg>EC</arg>
<arg>EE</arg>
<arg>EG</arg>
<arg>EH</arg>
<arg>ER</arg>
<arg>ES</arg>
<arg>ET</arg>
<arg>FI</arg>
<arg>FJ</arg>
<arg>FK</arg>
<arg>FM</arg>
<arg>FO</arg>
<arg>FR</arg>
<arg>GA</arg>
<arg>GB</arg>
<arg>GD</arg>
<arg>GE</arg>
<arg>GF</arg>
<arg>GG</arg>
<arg>GH</arg>
<arg>GI</arg>
<arg>GL</arg>
<arg>GM</arg>
<arg>GN</arg>
<arg>GP</arg>
<arg>GQ</arg>
<arg>GR</arg>
<arg>GS</arg>
<arg>GT</arg>
<arg>GU</arg>
<arg>GW</arg>
<arg>GY</arg>
<arg>HK</arg>
<arg>HM</arg>
<arg>HN</arg>
<arg>HR</arg>
<arg>HT</arg>
<arg>HU</arg>
<arg>ID</arg>
<arg>IE</arg>
<arg>IL</arg>
<arg>IM</arg>
<arg>IN</arg>
<arg>IO</arg>
<arg>IQ</arg>
<arg>IR</arg>
<arg>IS</arg>
<arg>IT</arg>
<arg>JE</arg>
<arg>JM</arg>
<arg>JO</arg>
<arg>JP</arg>
<arg>KE</arg>
<arg>KG</arg>
<arg>KH</arg>
<arg>KI</arg>
<arg>KM</arg>
<arg>KN</arg>
<arg>KP</arg>
<arg>KR</arg>
<arg>KW</arg>
<arg>KY</arg>
<arg>KZ</arg>
<arg>LA</arg>
<arg>LB</arg>
<arg>LC</arg>
<arg>LI</arg>
<arg>LK</arg>
<arg>LR</arg>
<arg>LS</arg>
<arg>LT</arg>
<arg>LU</arg>
<arg>LV</arg>
<arg>LY</arg>
<arg>MA</arg>
<arg>MC</arg>
<arg>MD</arg>
<arg>ME</arg>
<arg>MF</arg>
<arg>MG</arg>
<arg>MH</arg>
<arg>MK</arg>
<arg>ML</arg>
<arg>MM</arg>
<arg>MN</arg>
<arg>MO</arg>
<arg>MP</arg>
<arg>MQ</arg>
<arg>MR</arg>
<arg>MS</arg>
<arg>MT</arg>
<arg>MU</arg>
<arg>MV</arg>
<arg>MW</arg>
<arg>MX</arg>
<arg>MY</arg>
<arg>MZ</arg>
<arg>NA</arg>
<arg>NC</arg>
<arg>NE</arg>
<arg>NF</arg>
<arg>NG</arg>
<arg>NI</arg>
<arg>NL</arg>
<arg>NO</arg>
<arg>NP</arg>
<arg>NR</arg>
<arg>NU</arg>
<arg>NZ</arg>
<arg>OM</arg>
<arg>PA</arg>
<arg>PE</arg>
<arg>PF</arg>
<arg>PG</arg>
<arg>PH</arg>
<arg>PK</arg>
<arg>PL</arg>
<arg>PM</arg>
<arg>PN</arg>
<arg>PR</arg>
<arg>PS</arg>
<arg>PT</arg>
<arg>PW</arg>
<arg>PY</arg>
<arg>QA</arg>
<arg>RE</arg>
<arg>RO</arg>
<arg>RS</arg>
<arg>RU</arg>
<arg>RW</arg>
<arg>SA</arg>
<arg>SB</arg>
<arg>SC</arg>
<arg>SD</arg>
<arg>SE</arg>
<arg>SG</arg>
<arg>SH</arg>
<arg>SI</arg>
<arg>SJ</arg>
<arg>SK</arg>
<arg>SL</arg>
<arg>SM</arg>
<arg>SN</arg>
<arg>SO</arg>
<arg>SR</arg>
<arg>SS</arg>
<arg>ST</arg>
<arg>SV</arg>
<arg>SX</arg>
<arg>SY</arg>
<arg>SZ</arg>
<arg>TC</arg>
<arg>TD</arg>
<arg>TF</arg>
<arg>TG</arg>
<arg>TH</arg>
<arg>TJ</arg>
<arg>TK</arg>
<arg>TL</arg>
<arg>TM</arg>
<arg>TN</arg>
<arg>TO</arg>
<arg>TR</arg>
<arg>TT</arg>
<arg>TV</arg>
<arg>TW</arg>
<arg>TZ</arg>
<arg>UA</arg>
<arg>UG</arg>
<arg>UM</arg>
<arg>US</arg>
<arg>UY</arg>
<arg>UZ</arg>
<arg>VA</arg>
<arg>VC</arg>
<arg>VE</arg>
<arg>VG</arg>
<arg>VI</arg>
<arg>VN</arg>
<arg>VU</arg>
<arg>WF</arg>
<arg>WS</arg>
<arg>XK</arg>
<arg>YE</arg>
<arg>YT</arg>
<arg>ZA</arg>
<arg>ZM</arg>
<arg>ZW</arg>
<doc>Returns a list containing given items.</doc>
<status status="PASS" start="2024-08-06T05:16:02.246806" elapsed="0.000632"/>
</kw>
<kw name="List Should Contain Value" owner="Collections">
<arg>${list_country}</arg>
<arg>${name_country}</arg>
<doc>Fails if the ``value`` is not found from ``list``.</doc>
<status status="PASS" start="2024-08-06T05:16:02.248495" elapsed="0.000209"/>
</kw>
<kw name="Run Keyword If" owner="BuiltIn">
<kw name="Should Be True" owner="BuiltIn">
<arg>${True}</arg>
<doc>Fails if the given condition is not true.</doc>
<status status="PASS" start="2024-08-06T05:16:02.249684" elapsed="0.000144"/>
</kw>
<arg>${json_data["results"][0]["location"]["coordinates"]["latitude"]} &gt;= -90 and ${json_data["results"][0]["location"]["coordinates"]["latitude"]} &lt;= 90</arg>
<arg>Should Be True</arg>
<arg>${True}</arg>
<doc>Runs the given keyword with the given arguments, if ``condition`` is true.</doc>
<status status="PASS" start="2024-08-06T05:16:02.248932" elapsed="0.001022"/>
</kw>
<kw name="Run Keyword If" owner="BuiltIn">
<kw name="Should Be True" owner="BuiltIn">
<arg>${True}</arg>
<doc>Fails if the given condition is not true.</doc>
<status status="PASS" start="2024-08-06T05:16:02.250822" elapsed="0.000136"/>
</kw>
<arg>${json_data["results"][0]["location"]["coordinates"]["longitude"]} &gt;= -180 and ${json_data["results"][0]["location"]["coordinates"]["longitude"]} &lt;= 180</arg>
<arg>Should Be True</arg>
<arg>${True}</arg>
<doc>Runs the given keyword with the given arguments, if ``condition`` is true.</doc>
<status status="PASS" start="2024-08-06T05:16:02.250135" elapsed="0.000946"/>
</kw>
<status status="PASS" start="2024-08-06T05:16:02.145979" elapsed="0.105234"/>
</kw>
<doc>Testa o conteúdo específico dos campos retornados pela API.</doc>
<tag>testeConteudo</tag>
<status status="PASS" start="2024-08-06T05:16:02.145438" elapsed="0.105929"/>
</test>
<status status="PASS" start="2024-08-06T05:16:00.607855" elapsed="1.645447"/>
</suite>
<status status="PASS" start="2024-08-06T05:16:00.593198" elapsed="1.665097"/>
</suite>
<statistics>
<total>
<stat pass="5" fail="0" skip="0">All Tests</stat>
</total>
<tag>
<stat pass="1" fail="0" skip="0">testeConteudo</stat>
<stat pass="1" fail="0" skip="0">testeEstruturaResposta</stat>
<stat pass="1" fail="0" skip="0">testeRequisicaoBasica</stat>
<stat pass="1" fail="0" skip="0">testeTiposDados</stat>
</tag>
<suite>
<stat pass="5" fail="0" skip="0" id="s1" name="Tests">Tests</stat>
<stat pass="5" fail="0" skip="0" id="s1-s1" name="Random-User-Test">Tests.Random-User-Test</stat>
</suite>
</statistics>
<errors>
</errors>
</robot>
