<?xml version="1.0" encoding="UTF-8"?>
<robot generator="Robot 7.0 (Python 3.12.3 on linux)" generated="2024-04-19T05:14:02.397298" rpa="false" schemaversion="5">
<suite id="s1" name="Tests" source="/home/runner/work/DesafioQAItauRogerioJordao/DesafioQAItauRogerioJordao/RamdonUser/tests">
<suite id="s1-s1" name="Random-User-Test" source="/home/runner/work/DesafioQAItauRogerioJordao/DesafioQAItauRogerioJordao/RamdonUser/tests/random-user-test.robot">
<test id="s1-s1-t1" name="Conectar" line="13">
<kw name="Conectar API" owner="random-user-service">
<kw name="Create Session" owner="RequestsLibrary">
<msg time="2024-04-19T05:14:02.765729" level="INFO">Creating Session using : alias=consultarAPI, url=https://randomuser.me/, headers={},                     cookies={}, auth=None, timeout=None, proxies=None, verify=False,                     debug=0 </msg>
<arg>consultarAPI</arg>
<arg>${URL}</arg>
<doc>Create Session: create a HTTP session to a server</doc>
<status status="PASS" start="2024-04-19T05:14:02.765523" elapsed="0.000387"/>
</kw>
<status status="PASS" start="2024-04-19T05:14:02.764548" elapsed="0.001724"/>
</kw>
<status status="PASS" start="2024-04-19T05:14:02.763942" elapsed="0.002525"/>
</test>
<test id="s1-s1-t2" name="Validar retorno 200 e JSON Válido" line="16">
<kw name="Teste de Requisicao Basica" owner="random-user-service">
<kw name="GET On Session" owner="RequestsLibrary">
<msg time="2024-04-19T05:14:03.172015" level="INFO">GET Request : url=https://randomuser.me/api 
 path_url=/api 
 headers={'User-Agent': 'python-requests/2.31.0', 'Accept-Encoding': 'gzip, deflate', 'Accept': '*/*', 'Connection': 'keep-alive'} 
 body=None 
 </msg>
<msg time="2024-04-19T05:14:03.172165" level="INFO">GET Response : url=https://randomuser.me/api 
 status=200, reason=OK 
 headers={'Date': 'Fri, 19 Apr 2024 05:14:03 GMT', 'Content-Type': 'application/json; charset=utf-8', 'Transfer-Encoding': 'chunked', 'Connection': 'keep-alive', 'X-Powered-By': 'Express', 'Access-Control-Allow-Origin': '*', 'Cache-Control': 'no-cache', 'ETag': 'W/"482-vrLyklusZMRlH1kPHyQZbdMigv0"', 'Vary': 'Accept-Encoding', 'Content-Encoding': 'gzip', 'CF-Cache-Status': 'DYNAMIC', 'Report-To': '{"endpoints":[{"url":"https:\\/\\/a.nel.cloudflare.com\\/report\\/v4?s=Tb0XKbwPRAygIQrkj1AiYqtlaMifEYoV2agoooSRW4cBYIQMXD2%2FufG89YdX65xnIgOqojLQ3QWYVijJsA91rOnGSYitLmxFm8TxL8tK1AFYV2Q5%2BXqNyycjydKvyM6X"}],"group":"cf-nel","max_age":604800}', 'NEL': '{"success_fraction":0,"report_to":"cf-nel","max_age":604800}', 'Server': 'cloudflare', 'CF-RAY': '876a68a869c83b4e-IAD', 'alt-svc': 'h3=":443"; ma=86400'} 
 body={"results":[{"gender":"female","name":{"title":"Mrs","first":"Dimitra","last":"Everts"},"location":{"street":{"number":2443,"name":"Friezenweg"},"city":"'s-Gravendeel","state":"Limburg","country":"Netherlands","postcode":"2338 GY","coordinates":{"latitude":"30.8073","longitude":"93.9078"},"timezone":{"offset":"-10:00","description":"Hawaii"}},"email":"dimitra.everts@example.com","login":{"uuid":"33713807-8ca5-4d79-a81c-5e77cf918730","username":"silverfrog895","password":"aaron1","salt":"VPuZEJyG","md5":"fcd37c99db68aa78e961786b7a9d92b5","sha1":"476865528f7d8f885fb8cf2f7791fb312d34d3d0","sha256":"90b2b5d54adb0af8c317c83c8d29c7305fb799c49cf8da721dc608a03a61b032"},"dob":{"date":"1970-10-11T21:35:11.249Z","age":53},"registered":{"date":"2011-04-13T12:41:01.319Z","age":13},"phone":"(095) 0541087","cell":"(06) 64110392","id":{"name":"BSN","value":"80937295"},"picture":{"large":"https://randomuser.me/api/portraits/women/75.jpg","medium":"https://randomuser.me/api/portraits/med/women/75.jpg","thumbnail":"https://randomuser.me/api/portraits/thumb/women/75.jpg"},"nat":"NL"}],"info":{"seed":"0109bfd621c9c7a3","results":1,"page":1,"version":"1.4"}} 
 </msg>
<msg time="2024-04-19T05:14:03.172245" level="INFO">/opt/hostedtoolcache/Python/3.12.3/x64/lib/python3.12/site-packages/urllib3/connectionpool.py:1103: InsecureRequestWarning: Unverified HTTPS request is being made to host 'randomuser.me'. Adding certificate verification is strongly advised. See: https://urllib3.readthedocs.io/en/latest/advanced-usage.html#tls-warnings
  warnings.warn(</msg>
<msg time="2024-04-19T05:14:03.172384" level="INFO">${response} = &lt;Response [200]&gt;</msg>
<var>${response}</var>
<arg>consultarAPI</arg>
<arg>/api</arg>
<doc>Sends a GET request on a previously created HTTP Session.</doc>
<status status="PASS" start="2024-04-19T05:14:02.769192" elapsed="0.403233"/>
</kw>
<kw name="Should Be Equal As Numbers" owner="BuiltIn">
<msg time="2024-04-19T05:14:03.173411" level="INFO">Argument types are:
&lt;class 'int'&gt;
&lt;class 'str'&gt;</msg>
<arg>${response.status_code}</arg>
<arg>200</arg>
<doc>Fails if objects are unequal after converting them to real numbers.</doc>
<status status="PASS" start="2024-04-19T05:14:03.172946" elapsed="0.000529"/>
</kw>
<kw name="Log" owner="BuiltIn">
<msg time="2024-04-19T05:14:03.174142" level="INFO">200</msg>
<arg>${response.status_code}</arg>
<doc>Logs the given message with the given level.</doc>
<status status="PASS" start="2024-04-19T05:14:03.173804" elapsed="0.000380"/>
</kw>
<kw name="Set Variable" owner="BuiltIn">
<msg time="2024-04-19T05:14:03.174912" level="INFO">${json_data} = {'results': [{'gender': 'female', 'name': {'title': 'Mrs', 'first': 'Dimitra', 'last': 'Everts'}, 'location': {'street': {'number': 2443, 'name': 'Friezenweg'}, 'city': "'s-Gravendeel", 'state': 'Limb...</msg>
<var>${json_data}</var>
<arg>${response.json()}</arg>
<doc>Returns the given values which can then be assigned to a variables.</doc>
<status status="PASS" start="2024-04-19T05:14:03.174486" elapsed="0.000455"/>
</kw>
<kw name="Dictionary Should Contain Key" owner="Collections">
<msg time="2024-04-19T05:14:03.175442" level="INFO">False</msg>
<arg>${json_data}</arg>
<arg>results</arg>
<doc>Fails if ``key`` is not found from ``dictionary``.</doc>
<status status="PASS" start="2024-04-19T05:14:03.175251" elapsed="0.000232"/>
</kw>
<status status="PASS" start="2024-04-19T05:14:02.768946" elapsed="0.406799"/>
</kw>
<doc>Testa se a API responde corretamente e retorna um objeto JSON válido.</doc>
<tag>testeRequisicaoBasica</tag>
<status status="PASS" start="2024-04-19T05:14:02.768412" elapsed="0.407518"/>
</test>
<test id="s1-s1-t3" name="Validar estrutura de resposta" line="22">
<kw name="Teste de Estrutura de Resposta" owner="random-user-service">
<kw name="GET On Session" owner="RequestsLibrary">
<msg time="2024-04-19T05:14:03.299803" level="INFO">GET Request : url=https://randomuser.me/api 
 path_url=/api 
 headers={'User-Agent': 'python-requests/2.31.0', 'Accept-Encoding': 'gzip, deflate', 'Accept': '*/*', 'Connection': 'keep-alive'} 
 body=None 
 </msg>
<msg time="2024-04-19T05:14:03.299909" level="INFO">GET Response : url=https://randomuser.me/api 
 status=200, reason=OK 
 headers={'Date': 'Fri, 19 Apr 2024 05:14:03 GMT', 'Content-Type': 'application/json; charset=utf-8', 'Transfer-Encoding': 'chunked', 'Connection': 'keep-alive', 'X-Powered-By': 'Express', 'Access-Control-Allow-Origin': '*', 'Cache-Control': 'no-cache', 'ETag': 'W/"4a0-I5S1Zqg6SzttCfk7/NNqEzXQ03c"', 'Vary': 'Accept-Encoding', 'Content-Encoding': 'gzip', 'CF-Cache-Status': 'DYNAMIC', 'Report-To': '{"endpoints":[{"url":"https:\\/\\/a.nel.cloudflare.com\\/report\\/v4?s=2q6VbEIo%2FAv1MzUd3qZbblttyS4ZT7gCug%2BsQwL5HTtwsdDigDbJNnaUH%2FO6PuIflcOvghBl1BArj9sqxs0qxep796DSZKkrku8xEMwNCx%2BWTvO4%2BbWBCAwgUYNj3Abj"}],"group":"cf-nel","max_age":604800}', 'NEL': '{"success_fraction":0,"report_to":"cf-nel","max_age":604800}', 'Server': 'cloudflare', 'CF-RAY': '876a68a9db093b4e-IAD', 'alt-svc': 'h3=":443"; ma=86400'} 
 body={"results":[{"gender":"male","name":{"title":"Mr","first":"Arnold","last":"Kelly"},"location":{"street":{"number":6895,"name":"Main Road"},"city":"Manchester","state":"North Yorkshire","country":"United Kingdom","postcode":"Q01 7DX","coordinates":{"latitude":"-9.1495","longitude":"-29.6560"},"timezone":{"offset":"+10:00","description":"Eastern Australia, Guam, Vladivostok"}},"email":"arnold.kelly@example.com","login":{"uuid":"07fb58ab-5d2f-488f-a685-4b177a6385a4","username":"orangefrog364","password":"golden1","salt":"uZj7HH9Q","md5":"e6e091ddd2d42aaa2b924edd527c44d7","sha1":"84ca17fd28ba9b10e8e3e05c04f1fb02b82bbe89","sha256":"cb1fa2608ed3f3b0b6d6a16989421388ddc8357727f3682ce3314f827e8cbb72"},"dob":{"date":"1985-01-01T08:08:40.415Z","age":39},"registered":{"date":"2003-10-24T00:25:25.746Z","age":20},"phone":"015242 06915","cell":"07197 154899","id":{"name":"NINO","value":"LC 78 27 21 C"},"picture":{"large":"https://randomuser.me/api/portraits/men/48.jpg","medium":"https://randomuser.me/api/portraits/med/men/48.jpg","thumbnail":"https://randomuser.me/api/portraits/thumb/men/48.jpg"},"nat":"GB"}],"info":{"seed":"e2199eb705e4ffa0","results":1,"page":1,"version":"1.4"}} 
 </msg>
<msg time="2024-04-19T05:14:03.300053" level="INFO">/opt/hostedtoolcache/Python/3.12.3/x64/lib/python3.12/site-packages/urllib3/connectionpool.py:1103: InsecureRequestWarning: Unverified HTTPS request is being made to host 'randomuser.me'. Adding certificate verification is strongly advised. See: https://urllib3.readthedocs.io/en/latest/advanced-usage.html#tls-warnings
  warnings.warn(</msg>
<msg time="2024-04-19T05:14:03.300219" level="INFO">${response} = &lt;Response [200]&gt;</msg>
<var>${response}</var>
<arg>consultarAPI</arg>
<arg>/api</arg>
<doc>Sends a GET request on a previously created HTTP Session.</doc>
<status status="PASS" start="2024-04-19T05:14:03.178481" elapsed="0.121791"/>
</kw>
<kw name="Set Variable" owner="BuiltIn">
<msg time="2024-04-19T05:14:03.301274" level="INFO">${json_data} = {'results': [{'gender': 'male', 'name': {'title': 'Mr', 'first': 'Arnold', 'last': 'Kelly'}, 'location': {'street': {'number': 6895, 'name': 'Main Road'}, 'city': 'Manchester', 'state': 'North Yorkshi...</msg>
<var>${json_data}</var>
<arg>${response.json()}</arg>
<doc>Returns the given values which can then be assigned to a variables.</doc>
<status status="PASS" start="2024-04-19T05:14:03.300765" elapsed="0.000539"/>
</kw>
<kw name="Log" owner="BuiltIn">
<msg time="2024-04-19T05:14:03.301767" level="INFO">{'results': [{'gender': 'male', 'name': {'title': 'Mr', 'first': 'Arnold', 'last': 'Kelly'}, 'location': {'street': {'number': 6895, 'name': 'Main Road'}, 'city': 'Manchester', 'state': 'North Yorkshire', 'country': 'United Kingdom', 'postcode': 'Q01 7DX', 'coordinates': {'latitude': '-9.1495', 'longitude': '-29.6560'}, 'timezone': {'offset': '+10:00', 'description': 'Eastern Australia, Guam, Vladivostok'}}, 'email': 'arnold.kelly@example.com', 'login': {'uuid': '07fb58ab-5d2f-488f-a685-4b177a6385a4', 'username': 'orangefrog364', 'password': 'golden1', 'salt': 'uZj7HH9Q', 'md5': 'e6e091ddd2d42aaa2b924edd527c44d7', 'sha1': '84ca17fd28ba9b10e8e3e05c04f1fb02b82bbe89', 'sha256': 'cb1fa2608ed3f3b0b6d6a16989421388ddc8357727f3682ce3314f827e8cbb72'}, 'dob': {'date': '1985-01-01T08:08:40.415Z', 'age': 39}, 'registered': {'date': '2003-10-24T00:25:25.746Z', 'age': 20}, 'phone': '015242 06915', 'cell': '07197 154899', 'id': {'name': 'NINO', 'value': 'LC 78 27 21 C'}, 'picture': {'large': 'https://randomuser.me/api/portraits/men/48.jpg', 'medium': 'https://randomuser.me/api/portraits/med/men/48.jpg', 'thumbnail': 'https://randomuser.me/api/portraits/thumb/men/48.jpg'}, 'nat': 'GB'}], 'info': {'seed': 'e2199eb705e4ffa0', 'results': 1, 'page': 1, 'version': '1.4'}}</msg>
<arg>${json_data}</arg>
<doc>Logs the given message with the given level.</doc>
<status status="PASS" start="2024-04-19T05:14:03.301611" elapsed="0.000205"/>
</kw>
<kw name="Dictionary Should Contain Key" owner="Collections">
<msg time="2024-04-19T05:14:03.302265" level="INFO">False</msg>
<arg>${json_data}</arg>
<arg>results</arg>
<doc>Fails if ``key`` is not found from ``dictionary``.</doc>
<status status="PASS" start="2024-04-19T05:14:03.302106" elapsed="0.000195"/>
</kw>
<kw name="Should Not Be Empty" owner="BuiltIn">
<msg time="2024-04-19T05:14:03.302720" level="INFO">Length is 2.</msg>
<arg>${json_data}</arg>
<doc>Verifies that the given item is not empty.</doc>
<status status="PASS" start="2024-04-19T05:14:03.302589" elapsed="0.000336"/>
</kw>
<kw name="Create List" owner="BuiltIn">
<msg time="2024-04-19T05:14:03.303397" level="INFO">${expected_keys} = ['gender', 'name', 'location', 'email', 'login']</msg>
<var>${expected_keys}</var>
<arg>gender</arg>
<arg>name</arg>
<arg>location</arg>
<arg>email</arg>
<arg>login</arg>
<doc>Returns a list containing given items.</doc>
<status status="PASS" start="2024-04-19T05:14:03.303220" elapsed="0.000202"/>
</kw>
<for flavor="IN">
<iter>
<kw name="Dictionary Should Contain Key" owner="Collections">
<msg time="2024-04-19T05:14:03.304400" level="INFO">False</msg>
<arg>${json_data['results'][0]}</arg>
<arg>${key}</arg>
<doc>Fails if ``key`` is not found from ``dictionary``.</doc>
<status status="PASS" start="2024-04-19T05:14:03.304006" elapsed="0.000432"/>
</kw>
<kw name="Log" owner="BuiltIn">
<msg time="2024-04-19T05:14:03.305104" level="INFO">{'gender': 'male', 'name': {'title': 'Mr', 'first': 'Arnold', 'last': 'Kelly'}, 'location': {'street': {'number': 6895, 'name': 'Main Road'}, 'city': 'Manchester', 'state': 'North Yorkshire', 'country': 'United Kingdom', 'postcode': 'Q01 7DX', 'coordinates': {'latitude': '-9.1495', 'longitude': '-29.6560'}, 'timezone': {'offset': '+10:00', 'description': 'Eastern Australia, Guam, Vladivostok'}}, 'email': 'arnold.kelly@example.com', 'login': {'uuid': '07fb58ab-5d2f-488f-a685-4b177a6385a4', 'username': 'orangefrog364', 'password': 'golden1', 'salt': 'uZj7HH9Q', 'md5': 'e6e091ddd2d42aaa2b924edd527c44d7', 'sha1': '84ca17fd28ba9b10e8e3e05c04f1fb02b82bbe89', 'sha256': 'cb1fa2608ed3f3b0b6d6a16989421388ddc8357727f3682ce3314f827e8cbb72'}, 'dob': {'date': '1985-01-01T08:08:40.415Z', 'age': 39}, 'registered': {'date': '2003-10-24T00:25:25.746Z', 'age': 20}, 'phone': '015242 06915', 'cell': '07197 154899', 'id': {'name': 'NINO', 'value': 'LC 78 27 21 C'}, 'picture': {'large': 'https://randomuser.me/api/portraits/men/48.jpg', 'medium': 'https://randomuser.me/api/portraits/med/men/48.jpg', 'thumbnail': 'https://randomuser.me/api/portraits/thumb/men/48.jpg'}, 'nat': 'GB'}</msg>
<arg>${json_data['results'][0]}</arg>
<doc>Logs the given message with the given level.</doc>
<status status="PASS" start="2024-04-19T05:14:03.304734" elapsed="0.000418"/>
</kw>
<kw name="Log" owner="BuiltIn">
<msg time="2024-04-19T05:14:03.305572" level="INFO">gender</msg>
<arg>${key}</arg>
<doc>Logs the given message with the given level.</doc>
<status status="PASS" start="2024-04-19T05:14:03.305446" elapsed="0.000163"/>
</kw>
<var name="${key}">gender</var>
<status status="PASS" start="2024-04-19T05:14:03.303878" elapsed="0.001943"/>
</iter>
<iter>
<kw name="Dictionary Should Contain Key" owner="Collections">
<msg time="2024-04-19T05:14:03.306495" level="INFO">False</msg>
<arg>${json_data['results'][0]}</arg>
<arg>${key}</arg>
<doc>Fails if ``key`` is not found from ``dictionary``.</doc>
<status status="PASS" start="2024-04-19T05:14:03.306119" elapsed="0.000412"/>
</kw>
<kw name="Log" owner="BuiltIn">
<msg time="2024-04-19T05:14:03.307279" level="INFO">{'gender': 'male', 'name': {'title': 'Mr', 'first': 'Arnold', 'last': 'Kelly'}, 'location': {'street': {'number': 6895, 'name': 'Main Road'}, 'city': 'Manchester', 'state': 'North Yorkshire', 'country': 'United Kingdom', 'postcode': 'Q01 7DX', 'coordinates': {'latitude': '-9.1495', 'longitude': '-29.6560'}, 'timezone': {'offset': '+10:00', 'description': 'Eastern Australia, Guam, Vladivostok'}}, 'email': 'arnold.kelly@example.com', 'login': {'uuid': '07fb58ab-5d2f-488f-a685-4b177a6385a4', 'username': 'orangefrog364', 'password': 'golden1', 'salt': 'uZj7HH9Q', 'md5': 'e6e091ddd2d42aaa2b924edd527c44d7', 'sha1': '84ca17fd28ba9b10e8e3e05c04f1fb02b82bbe89', 'sha256': 'cb1fa2608ed3f3b0b6d6a16989421388ddc8357727f3682ce3314f827e8cbb72'}, 'dob': {'date': '1985-01-01T08:08:40.415Z', 'age': 39}, 'registered': {'date': '2003-10-24T00:25:25.746Z', 'age': 20}, 'phone': '015242 06915', 'cell': '07197 154899', 'id': {'name': 'NINO', 'value': 'LC 78 27 21 C'}, 'picture': {'large': 'https://randomuser.me/api/portraits/men/48.jpg', 'medium': 'https://randomuser.me/api/portraits/med/men/48.jpg', 'thumbnail': 'https://randomuser.me/api/portraits/thumb/men/48.jpg'}, 'nat': 'GB'}</msg>
<arg>${json_data['results'][0]}</arg>
<doc>Logs the given message with the given level.</doc>
<status status="PASS" start="2024-04-19T05:14:03.306853" elapsed="0.000501"/>
</kw>
<kw name="Log" owner="BuiltIn">
<msg time="2024-04-19T05:14:03.307794" level="INFO">name</msg>
<arg>${key}</arg>
<doc>Logs the given message with the given level.</doc>
<status status="PASS" start="2024-04-19T05:14:03.307667" elapsed="0.000164"/>
</kw>
<var name="${key}">name</var>
<status status="PASS" start="2024-04-19T05:14:03.306005" elapsed="0.002040"/>
</iter>
<iter>
<kw name="Dictionary Should Contain Key" owner="Collections">
<msg time="2024-04-19T05:14:03.308720" level="INFO">False</msg>
<arg>${json_data['results'][0]}</arg>
<arg>${key}</arg>
<doc>Fails if ``key`` is not found from ``dictionary``.</doc>
<status status="PASS" start="2024-04-19T05:14:03.308337" elapsed="0.000421"/>
</kw>
<kw name="Log" owner="BuiltIn">
<msg time="2024-04-19T05:14:03.309433" level="INFO">{'gender': 'male', 'name': {'title': 'Mr', 'first': 'Arnold', 'last': 'Kelly'}, 'location': {'street': {'number': 6895, 'name': 'Main Road'}, 'city': 'Manchester', 'state': 'North Yorkshire', 'country': 'United Kingdom', 'postcode': 'Q01 7DX', 'coordinates': {'latitude': '-9.1495', 'longitude': '-29.6560'}, 'timezone': {'offset': '+10:00', 'description': 'Eastern Australia, Guam, Vladivostok'}}, 'email': 'arnold.kelly@example.com', 'login': {'uuid': '07fb58ab-5d2f-488f-a685-4b177a6385a4', 'username': 'orangefrog364', 'password': 'golden1', 'salt': 'uZj7HH9Q', 'md5': 'e6e091ddd2d42aaa2b924edd527c44d7', 'sha1': '84ca17fd28ba9b10e8e3e05c04f1fb02b82bbe89', 'sha256': 'cb1fa2608ed3f3b0b6d6a16989421388ddc8357727f3682ce3314f827e8cbb72'}, 'dob': {'date': '1985-01-01T08:08:40.415Z', 'age': 39}, 'registered': {'date': '2003-10-24T00:25:25.746Z', 'age': 20}, 'phone': '015242 06915', 'cell': '07197 154899', 'id': {'name': 'NINO', 'value': 'LC 78 27 21 C'}, 'picture': {'large': 'https://randomuser.me/api/portraits/men/48.jpg', 'medium': 'https://randomuser.me/api/portraits/med/men/48.jpg', 'thumbnail': 'https://randomuser.me/api/portraits/thumb/men/48.jpg'}, 'nat': 'GB'}</msg>
<arg>${json_data['results'][0]}</arg>
<doc>Logs the given message with the given level.</doc>
<status status="PASS" start="2024-04-19T05:14:03.309069" elapsed="0.000411"/>
</kw>
<kw name="Log" owner="BuiltIn">
<msg time="2024-04-19T05:14:03.309895" level="INFO">location</msg>
<arg>${key}</arg>
<doc>Logs the given message with the given level.</doc>
<status status="PASS" start="2024-04-19T05:14:03.309772" elapsed="0.000161"/>
</kw>
<var name="${key}">location</var>
<status status="PASS" start="2024-04-19T05:14:03.308225" elapsed="0.001918"/>
</iter>
<iter>
<kw name="Dictionary Should Contain Key" owner="Collections">
<msg time="2024-04-19T05:14:03.310804" level="INFO">False</msg>
<arg>${json_data['results'][0]}</arg>
<arg>${key}</arg>
<doc>Fails if ``key`` is not found from ``dictionary``.</doc>
<status status="PASS" start="2024-04-19T05:14:03.310423" elapsed="0.000418"/>
</kw>
<kw name="Log" owner="BuiltIn">
<msg time="2024-04-19T05:14:03.311521" level="INFO">{'gender': 'male', 'name': {'title': 'Mr', 'first': 'Arnold', 'last': 'Kelly'}, 'location': {'street': {'number': 6895, 'name': 'Main Road'}, 'city': 'Manchester', 'state': 'North Yorkshire', 'country': 'United Kingdom', 'postcode': 'Q01 7DX', 'coordinates': {'latitude': '-9.1495', 'longitude': '-29.6560'}, 'timezone': {'offset': '+10:00', 'description': 'Eastern Australia, Guam, Vladivostok'}}, 'email': 'arnold.kelly@example.com', 'login': {'uuid': '07fb58ab-5d2f-488f-a685-4b177a6385a4', 'username': 'orangefrog364', 'password': 'golden1', 'salt': 'uZj7HH9Q', 'md5': 'e6e091ddd2d42aaa2b924edd527c44d7', 'sha1': '84ca17fd28ba9b10e8e3e05c04f1fb02b82bbe89', 'sha256': 'cb1fa2608ed3f3b0b6d6a16989421388ddc8357727f3682ce3314f827e8cbb72'}, 'dob': {'date': '1985-01-01T08:08:40.415Z', 'age': 39}, 'registered': {'date': '2003-10-24T00:25:25.746Z', 'age': 20}, 'phone': '015242 06915', 'cell': '07197 154899', 'id': {'name': 'NINO', 'value': 'LC 78 27 21 C'}, 'picture': {'large': 'https://randomuser.me/api/portraits/men/48.jpg', 'medium': 'https://randomuser.me/api/portraits/med/men/48.jpg', 'thumbnail': 'https://randomuser.me/api/portraits/thumb/men/48.jpg'}, 'nat': 'GB'}</msg>
<arg>${json_data['results'][0]}</arg>
<doc>Logs the given message with the given level.</doc>
<status status="PASS" start="2024-04-19T05:14:03.311134" elapsed="0.000434"/>
</kw>
<kw name="Log" owner="BuiltIn">
<msg time="2024-04-19T05:14:03.311985" level="INFO">email</msg>
<arg>${key}</arg>
<doc>Logs the given message with the given level.</doc>
<status status="PASS" start="2024-04-19T05:14:03.311861" elapsed="0.000161"/>
</kw>
<var name="${key}">email</var>
<status status="PASS" start="2024-04-19T05:14:03.310315" elapsed="0.001916"/>
</iter>
<iter>
<kw name="Dictionary Should Contain Key" owner="Collections">
<msg time="2024-04-19T05:14:03.312892" level="INFO">False</msg>
<arg>${json_data['results'][0]}</arg>
<arg>${key}</arg>
<doc>Fails if ``key`` is not found from ``dictionary``.</doc>
<status status="PASS" start="2024-04-19T05:14:03.312511" elapsed="0.000418"/>
</kw>
<kw name="Log" owner="BuiltIn">
<msg time="2024-04-19T05:14:03.313588" level="INFO">{'gender': 'male', 'name': {'title': 'Mr', 'first': 'Arnold', 'last': 'Kelly'}, 'location': {'street': {'number': 6895, 'name': 'Main Road'}, 'city': 'Manchester', 'state': 'North Yorkshire', 'country': 'United Kingdom', 'postcode': 'Q01 7DX', 'coordinates': {'latitude': '-9.1495', 'longitude': '-29.6560'}, 'timezone': {'offset': '+10:00', 'description': 'Eastern Australia, Guam, Vladivostok'}}, 'email': 'arnold.kelly@example.com', 'login': {'uuid': '07fb58ab-5d2f-488f-a685-4b177a6385a4', 'username': 'orangefrog364', 'password': 'golden1', 'salt': 'uZj7HH9Q', 'md5': 'e6e091ddd2d42aaa2b924edd527c44d7', 'sha1': '84ca17fd28ba9b10e8e3e05c04f1fb02b82bbe89', 'sha256': 'cb1fa2608ed3f3b0b6d6a16989421388ddc8357727f3682ce3314f827e8cbb72'}, 'dob': {'date': '1985-01-01T08:08:40.415Z', 'age': 39}, 'registered': {'date': '2003-10-24T00:25:25.746Z', 'age': 20}, 'phone': '015242 06915', 'cell': '07197 154899', 'id': {'name': 'NINO', 'value': 'LC 78 27 21 C'}, 'picture': {'large': 'https://randomuser.me/api/portraits/men/48.jpg', 'medium': 'https://randomuser.me/api/portraits/med/men/48.jpg', 'thumbnail': 'https://randomuser.me/api/portraits/thumb/men/48.jpg'}, 'nat': 'GB'}</msg>
<arg>${json_data['results'][0]}</arg>
<doc>Logs the given message with the given level.</doc>
<status status="PASS" start="2024-04-19T05:14:03.313227" elapsed="0.000408"/>
</kw>
<kw name="Log" owner="BuiltIn">
<msg time="2024-04-19T05:14:03.314050" level="INFO">login</msg>
<arg>${key}</arg>
<doc>Logs the given message with the given level.</doc>
<status status="PASS" start="2024-04-19T05:14:03.313926" elapsed="0.000161"/>
</kw>
<var name="${key}">login</var>
<status status="PASS" start="2024-04-19T05:14:03.312400" elapsed="0.001929"/>
</iter>
<var>${key}</var>
<value>@{expected_keys}</value>
<status status="PASS" start="2024-04-19T05:14:03.303686" elapsed="0.010769"/>
</for>
<kw name="Create List" owner="BuiltIn">
<msg time="2024-04-19T05:14:03.314794" level="INFO">${expected_keysTwo} = ['username', 'password']</msg>
<var>${expected_keysTwo}</var>
<arg>username</arg>
<arg>password</arg>
<doc>Returns a list containing given items.</doc>
<status status="PASS" start="2024-04-19T05:14:03.314656" elapsed="0.000161"/>
</kw>
<for flavor="IN">
<iter>
<kw name="Dictionary Should Contain Key" owner="Collections">
<msg time="2024-04-19T05:14:03.315808" level="INFO">False</msg>
<arg>${json_data['results'][0]['login']}</arg>
<arg>${keyTwo}</arg>
<doc>Fails if ``key`` is not found from ``dictionary``.</doc>
<status status="PASS" start="2024-04-19T05:14:03.315378" elapsed="0.000468"/>
</kw>
<kw name="Dictionary Should Contain Key" owner="Collections">
<msg time="2024-04-19T05:14:03.316526" level="INFO">False</msg>
<arg>${json_data['results'][0]['login']}</arg>
<arg>${keyTwo}</arg>
<doc>Fails if ``key`` is not found from ``dictionary``.</doc>
<status status="PASS" start="2024-04-19T05:14:03.316149" elapsed="0.000414"/>
</kw>
<kw name="Log" owner="BuiltIn">
<msg time="2024-04-19T05:14:03.316981" level="INFO">username</msg>
<arg>${keyTwo}</arg>
<doc>Logs the given message with the given level.</doc>
<status status="PASS" start="2024-04-19T05:14:03.316855" elapsed="0.000170"/>
</kw>
<var name="${keyTwo}">username</var>
<status status="PASS" start="2024-04-19T05:14:03.315216" elapsed="0.002023"/>
</iter>
<iter>
<kw name="Dictionary Should Contain Key" owner="Collections">
<msg time="2024-04-19T05:14:03.317980" level="INFO">False</msg>
<arg>${json_data['results'][0]['login']}</arg>
<arg>${keyTwo}</arg>
<doc>Fails if ``key`` is not found from ``dictionary``.</doc>
<status status="PASS" start="2024-04-19T05:14:03.317522" elapsed="0.000502"/>
</kw>
<kw name="Dictionary Should Contain Key" owner="Collections">
<msg time="2024-04-19T05:14:03.318696" level="INFO">False</msg>
<arg>${json_data['results'][0]['login']}</arg>
<arg>${keyTwo}</arg>
<doc>Fails if ``key`` is not found from ``dictionary``.</doc>
<status status="PASS" start="2024-04-19T05:14:03.318321" elapsed="0.000412"/>
</kw>
<kw name="Log" owner="BuiltIn">
<msg time="2024-04-19T05:14:03.319159" level="INFO">password</msg>
<arg>${keyTwo}</arg>
<doc>Logs the given message with the given level.</doc>
<status status="PASS" start="2024-04-19T05:14:03.319024" elapsed="0.000171"/>
</kw>
<var name="${keyTwo}">password</var>
<status status="PASS" start="2024-04-19T05:14:03.317409" elapsed="0.002030"/>
</iter>
<var>${keyTwo}</var>
<value>@{expected_keysTwo}</value>
<status status="PASS" start="2024-04-19T05:14:03.315053" elapsed="0.004509"/>
</for>
<status status="PASS" start="2024-04-19T05:14:03.178251" elapsed="0.141452"/>
</kw>
<doc>Testa a estrutura da resposta da API.</doc>
<tag>testeEstruturaResposta</tag>
<status status="PASS" start="2024-04-19T05:14:03.177742" elapsed="0.142120"/>
</test>
<test id="s1-s1-t4" name="Validar tipos de dados" line="28">
<kw name="Teste de Tipos de Dados" owner="random-user-service">
<kw name="GET On Session" owner="RequestsLibrary">
<msg time="2024-04-19T05:14:03.372505" level="INFO">GET Request : url=https://randomuser.me/api 
 path_url=/api 
 headers={'User-Agent': 'python-requests/2.31.0', 'Accept-Encoding': 'gzip, deflate', 'Accept': '*/*', 'Connection': 'keep-alive'} 
 body=None 
 </msg>
<msg time="2024-04-19T05:14:03.372587" level="INFO">GET Response : url=https://randomuser.me/api 
 status=200, reason=OK 
 headers={'Date': 'Fri, 19 Apr 2024 05:14:03 GMT', 'Content-Type': 'application/json; charset=utf-8', 'Transfer-Encoding': 'chunked', 'Connection': 'keep-alive', 'X-Powered-By': 'Express', 'Access-Control-Allow-Origin': '*', 'Cache-Control': 'no-cache', 'ETag': 'W/"473-HtlGHl1uvLaGf2fHBiedCxYtgHw"', 'Vary': 'Accept-Encoding', 'Content-Encoding': 'gzip', 'CF-Cache-Status': 'DYNAMIC', 'Report-To': '{"endpoints":[{"url":"https:\\/\\/a.nel.cloudflare.com\\/report\\/v4?s=Hm4jZBhsU39Jf3O0wC7H%2FXbv9AMZDGCGTIvWt49yvZFau5GEH7KIAElI0nEsvhpFp1IikccIqfnt48KNBfGFlFoit9m87sNi1SPYGvidRQi81VmCDTnqmoHIFeNrkQw%2F"}],"group":"cf-nel","max_age":604800}', 'NEL': '{"success_fraction":0,"report_to":"cf-nel","max_age":604800}', 'Server': 'cloudflare', 'CF-RAY': '876a68aacbdf3b4e-IAD', 'alt-svc': 'h3=":443"; ma=86400'} 
 body={"results":[{"gender":"male","name":{"title":"Mr","first":"پرهام","last":"كامياران"},"location":{"street":{"number":450,"name":"جمهوری"},"city":"زنجان","state":"قزوین","country":"Iran","postcode":70353,"coordinates":{"latitude":"16.9616","longitude":"-115.3088"},"timezone":{"offset":"-10:00","description":"Hawaii"}},"email":"prhm.kmyrn@example.com","login":{"uuid":"f810378a-431f-485f-b33c-8149bf7756a5","username":"brownrabbit574","password":"champion","salt":"slg9Gv7R","md5":"67e12ffde534f8fabb2082de3db4da38","sha1":"f22c0f8cc6d24db9f01b3b8451b935848c29f769","sha256":"88e1d7187b9b013ec10b70c2038c191e372d2871e48b3d26d801cbe0aa4b1159"},"dob":{"date":"1949-02-13T00:51:35.308Z","age":75},"registered":{"date":"2008-05-28T11:12:52.752Z","age":15},"phone":"079-44346337","cell":"0997-818-8671","id":{"name":"","value":null},"picture":{"large":"https://randomuser.me/api/portraits/men/58.jpg","medium":"https://randomuser.me/api/portraits/med/men/58.jpg","thumbnail":"https://randomuser.me/api/portraits/thumb/men/58.jpg"},"nat":"IR"}],"info":{"seed":"25db9ec6ddffb5e9","results":1,"page":1,"version":"1.4"}} 
 </msg>
<msg time="2024-04-19T05:14:03.372656" level="INFO">/opt/hostedtoolcache/Python/3.12.3/x64/lib/python3.12/site-packages/urllib3/connectionpool.py:1103: InsecureRequestWarning: Unverified HTTPS request is being made to host 'randomuser.me'. Adding certificate verification is strongly advised. See: https://urllib3.readthedocs.io/en/latest/advanced-usage.html#tls-warnings
  warnings.warn(</msg>
<msg time="2024-04-19T05:14:03.372777" level="INFO">${response} = &lt;Response [200]&gt;</msg>
<var>${response}</var>
<arg>consultarAPI</arg>
<arg>/api</arg>
<doc>Sends a GET request on a previously created HTTP Session.</doc>
<status status="PASS" start="2024-04-19T05:14:03.322305" elapsed="0.050512"/>
</kw>
<kw name="Set Variable" owner="BuiltIn">
<msg time="2024-04-19T05:14:03.373769" level="INFO">${json_data} = {'results': [{'gender': 'male', 'name': {'title': 'Mr', 'first': 'پرهام', 'last': 'كامياران'}, 'location': {'street': {'number': 450, 'name': 'جمهوری'}, 'city': 'زنجان', 'state': 'قزوین', 'country': '...</msg>
<var>${json_data}</var>
<arg>${response.json()}</arg>
<doc>Returns the given values which can then be assigned to a variables.</doc>
<status status="PASS" start="2024-04-19T05:14:03.373270" elapsed="0.000530"/>
</kw>
<kw name="Log" owner="BuiltIn">
<msg time="2024-04-19T05:14:03.374264" level="INFO">{'results': [{'gender': 'male', 'name': {'title': 'Mr', 'first': 'پرهام', 'last': 'كامياران'}, 'location': {'street': {'number': 450, 'name': 'جمهوری'}, 'city': 'زنجان', 'state': 'قزوین', 'country': 'Iran', 'postcode': 70353, 'coordinates': {'latitude': '16.9616', 'longitude': '-115.3088'}, 'timezone': {'offset': '-10:00', 'description': 'Hawaii'}}, 'email': 'prhm.kmyrn@example.com', 'login': {'uuid': 'f810378a-431f-485f-b33c-8149bf7756a5', 'username': 'brownrabbit574', 'password': 'champion', 'salt': 'slg9Gv7R', 'md5': '67e12ffde534f8fabb2082de3db4da38', 'sha1': 'f22c0f8cc6d24db9f01b3b8451b935848c29f769', 'sha256': '88e1d7187b9b013ec10b70c2038c191e372d2871e48b3d26d801cbe0aa4b1159'}, 'dob': {'date': '1949-02-13T00:51:35.308Z', 'age': 75}, 'registered': {'date': '2008-05-28T11:12:52.752Z', 'age': 15}, 'phone': '079-44346337', 'cell': '0997-818-8671', 'id': {'name': '', 'value': None}, 'picture': {'large': 'https://randomuser.me/api/portraits/men/58.jpg', 'medium': 'https://randomuser.me/api/portraits/med/men/58.jpg', 'thumbnail': 'https://randomuser.me/api/portraits/thumb/men/58.jpg'}, 'nat': 'IR'}], 'info': {'seed': '25db9ec6ddffb5e9', 'results': 1, 'page': 1, 'version': '1.4'}}</msg>
<arg>${json_data}</arg>
<doc>Logs the given message with the given level.</doc>
<status status="PASS" start="2024-04-19T05:14:03.374106" elapsed="0.000243"/>
</kw>
<kw name="Should Be String" owner="String">
<arg>${json_data['results'][0]['gender']}</arg>
<doc>Fails if the given ``item`` is not a string.</doc>
<status status="PASS" start="2024-04-19T05:14:03.374648" elapsed="0.000361"/>
</kw>
<kw name="Should Match Regexp" owner="BuiltIn">
<arg>${json_data['results'][0]['email']}</arg>
<arg>^[a-zA-Z0-9._%+-]+@[a-zA-Z0-9.-]+\.[a-zA-Z]{2,}$</arg>
<doc>Fails if ``string`` does not match ``pattern`` as a regular expression.</doc>
<status status="PASS" start="2024-04-19T05:14:03.375204" elapsed="0.000583"/>
</kw>
<kw name="Should Match Regexp" owner="BuiltIn">
<arg>${json_data['results'][0]['dob']['date']}</arg>
<arg>\\d{4}-\\d{2}-\\d{2}T\\d{2}:\\d{2}:\\d{2}\\.\\d{3}Z</arg>
<doc>Fails if ``string`` does not match ``pattern`` as a regular expression.</doc>
<status status="PASS" start="2024-04-19T05:14:03.375984" elapsed="0.000480"/>
</kw>
<kw name="Should Match Regexp" owner="BuiltIn">
<arg>${json_data['results'][0]['registered']['date']}</arg>
<arg>\\d{4}-\\d{2}-\\d{2}T\\d{2}:\\d{2}:\\d{2}\\.\\d{3}Z</arg>
<doc>Fails if ``string`` does not match ``pattern`` as a regular expression.</doc>
<status status="PASS" start="2024-04-19T05:14:03.376655" elapsed="0.000372"/>
</kw>
<kw name="Should Match Regexp" owner="BuiltIn">
<arg>${json_data['results'][0]['picture']['large']}</arg>
<arg>^https?://.*\.(?:png|jpe?g|gif|bmp)$</arg>
<doc>Fails if ``string`` does not match ``pattern`` as a regular expression.</doc>
<status status="PASS" start="2024-04-19T05:14:03.377218" elapsed="0.000458"/>
</kw>
<kw name="Should Match Regexp" owner="BuiltIn">
<arg>${json_data['results'][0]['picture']['medium']}</arg>
<arg>^https?://.*\.(?:png|jpe?g|gif|bmp)$</arg>
<doc>Fails if ``string`` does not match ``pattern`` as a regular expression.</doc>
<status status="PASS" start="2024-04-19T05:14:03.377862" elapsed="0.000356"/>
</kw>
<kw name="Should Match Regexp" owner="BuiltIn">
<arg>${json_data['results'][0]['picture']['thumbnail']}</arg>
<arg>^https?://.*\.(?:png|jpe?g|gif|bmp)$</arg>
<doc>Fails if ``string`` does not match ``pattern`` as a regular expression.</doc>
<status status="PASS" start="2024-04-19T05:14:03.378409" elapsed="0.000347"/>
</kw>
<kw name="Log" owner="BuiltIn">
<msg time="2024-04-19T05:14:03.379268" level="INFO">{'large': 'https://randomuser.me/api/portraits/men/58.jpg', 'medium': 'https://randomuser.me/api/portraits/med/men/58.jpg', 'thumbnail': 'https://randomuser.me/api/portraits/thumb/men/58.jpg'}</msg>
<arg>${json_data['results'][0]['picture']}</arg>
<doc>Logs the given message with the given level.</doc>
<status status="PASS" start="2024-04-19T05:14:03.378936" elapsed="0.000373"/>
</kw>
<status status="PASS" start="2024-04-19T05:14:03.322077" elapsed="0.057517"/>
</kw>
<kw name="Teste de Tipos de Dados - Postcode" owner="random-user-service">
<kw name="GET On Session" owner="RequestsLibrary">
<msg time="2024-04-19T05:14:03.451056" level="INFO">GET Request : url=https://randomuser.me/api 
 path_url=/api 
 headers={'User-Agent': 'python-requests/2.31.0', 'Accept-Encoding': 'gzip, deflate', 'Accept': '*/*', 'Connection': 'keep-alive'} 
 body=None 
 </msg>
<msg time="2024-04-19T05:14:03.451169" level="INFO">GET Response : url=https://randomuser.me/api 
 status=200, reason=OK 
 headers={'Date': 'Fri, 19 Apr 2024 05:14:03 GMT', 'Content-Type': 'application/json; charset=utf-8', 'Transfer-Encoding': 'chunked', 'Connection': 'keep-alive', 'X-Powered-By': 'Express', 'Access-Control-Allow-Origin': '*', 'Cache-Control': 'no-cache', 'ETag': 'W/"46b-+kBjcIJ1thPktPT15D+1BZSXltc"', 'Vary': 'Accept-Encoding', 'Content-Encoding': 'gzip', 'CF-Cache-Status': 'DYNAMIC', 'Report-To': '{"endpoints":[{"url":"https:\\/\\/a.nel.cloudflare.com\\/report\\/v4?s=bGtpk%2FmTXqmyas35njyi%2BCrAcft4%2F51kFoenBuTa5Di2ZVll5ZHfuYjHNNt6DDEpTC0uyVciC5l%2FzSr8MqIA3Ir8pIrSPFvujQkjWj43Epbayk57NprJAzayTJxRRpno"}],"group":"cf-nel","max_age":604800}', 'NEL': '{"success_fraction":0,"report_to":"cf-nel","max_age":604800}', 'Server': 'cloudflare', 'CF-RAY': '876a68ab2c3b3b4e-IAD', 'alt-svc': 'h3=":443"; ma=86400'} 
 body={"results":[{"gender":"male","name":{"title":"Mr","first":"بنیامین","last":"پارسا"},"location":{"street":{"number":6625,"name":"میرداماد"},"city":"ساری","state":"البرز","country":"Iran","postcode":32573,"coordinates":{"latitude":"14.2452","longitude":"-49.6194"},"timezone":{"offset":"+3:30","description":"Tehran"}},"email":"bnymyn.prs@example.com","login":{"uuid":"4c9ac724-37b3-49b9-a63b-bed09bb6d6dd","username":"brownpanda753","password":"gerald","salt":"lERoLUKP","md5":"77edb68bde0a69db3ec25e70b0c0bc71","sha1":"19ee4aec15281d7958087843bf8e5be76d7fd437","sha256":"ad1e457c719065265749d2b7b40c8f0d2f91889481f64980b57c3021802ffdb0"},"dob":{"date":"1996-09-25T09:37:54.984Z","age":27},"registered":{"date":"2019-11-13T03:19:05.662Z","age":4},"phone":"067-74848807","cell":"0939-925-8944","id":{"name":"","value":null},"picture":{"large":"https://randomuser.me/api/portraits/men/5.jpg","medium":"https://randomuser.me/api/portraits/med/men/5.jpg","thumbnail":"https://randomuser.me/api/portraits/thumb/men/5.jpg"},"nat":"IR"}],"info":{"seed":"a1b355315f6cb8ba","results":1,"page":1,"version":"1.4"}} 
 </msg>
<msg time="2024-04-19T05:14:03.451261" level="INFO">/opt/hostedtoolcache/Python/3.12.3/x64/lib/python3.12/site-packages/urllib3/connectionpool.py:1103: InsecureRequestWarning: Unverified HTTPS request is being made to host 'randomuser.me'. Adding certificate verification is strongly advised. See: https://urllib3.readthedocs.io/en/latest/advanced-usage.html#tls-warnings
  warnings.warn(</msg>
<msg time="2024-04-19T05:14:03.451452" level="INFO">${response} = &lt;Response [200]&gt;</msg>
<var>${response}</var>
<arg>consultarAPI</arg>
<arg>/api</arg>
<doc>Sends a GET request on a previously created HTTP Session.</doc>
<status status="PASS" start="2024-04-19T05:14:03.380058" elapsed="0.071450"/>
</kw>
<kw name="Set Variable" owner="BuiltIn">
<msg time="2024-04-19T05:14:03.452547" level="INFO">${json_data} = {'results': [{'gender': 'male', 'name': {'title': 'Mr', 'first': 'بنیامین', 'last': 'پارسا'}, 'location': {'street': {'number': 6625, 'name': 'میرداماد'}, 'city': 'ساری', 'state': 'البرز', 'country': ...</msg>
<var>${json_data}</var>
<arg>${response.json()}</arg>
<doc>Returns the given values which can then be assigned to a variables.</doc>
<status status="PASS" start="2024-04-19T05:14:03.452025" elapsed="0.000552"/>
</kw>
<kw name="Log" owner="BuiltIn">
<msg time="2024-04-19T05:14:03.453062" level="INFO">{'results': [{'gender': 'male', 'name': {'title': 'Mr', 'first': 'بنیامین', 'last': 'پارسا'}, 'location': {'street': {'number': 6625, 'name': 'میرداماد'}, 'city': 'ساری', 'state': 'البرز', 'country': 'Iran', 'postcode': 32573, 'coordinates': {'latitude': '14.2452', 'longitude': '-49.6194'}, 'timezone': {'offset': '+3:30', 'description': 'Tehran'}}, 'email': 'bnymyn.prs@example.com', 'login': {'uuid': '4c9ac724-37b3-49b9-a63b-bed09bb6d6dd', 'username': 'brownpanda753', 'password': 'gerald', 'salt': 'lERoLUKP', 'md5': '77edb68bde0a69db3ec25e70b0c0bc71', 'sha1': '19ee4aec15281d7958087843bf8e5be76d7fd437', 'sha256': 'ad1e457c719065265749d2b7b40c8f0d2f91889481f64980b57c3021802ffdb0'}, 'dob': {'date': '1996-09-25T09:37:54.984Z', 'age': 27}, 'registered': {'date': '2019-11-13T03:19:05.662Z', 'age': 4}, 'phone': '067-74848807', 'cell': '0939-925-8944', 'id': {'name': '', 'value': None}, 'picture': {'large': 'https://randomuser.me/api/portraits/men/5.jpg', 'medium': 'https://randomuser.me/api/portraits/med/men/5.jpg', 'thumbnail': 'https://randomuser.me/api/portraits/thumb/men/5.jpg'}, 'nat': 'IR'}], 'info': {'seed': 'a1b355315f6cb8ba', 'results': 1, 'page': 1, 'version': '1.4'}}</msg>
<arg>${json_data}</arg>
<doc>Logs the given message with the given level.</doc>
<status status="PASS" start="2024-04-19T05:14:03.452900" elapsed="0.000253"/>
</kw>
<kw name="Should Be Equal As Numbers" owner="BuiltIn">
<arg>${json_data['results'][0]['location']['postcode']}</arg>
<arg>${json_data['results'][0]['location']['postcode']}</arg>
<doc>Fails if objects are unequal after converting them to real numbers.</doc>
<status status="PASS" start="2024-04-19T05:14:03.453638" elapsed="0.000621"/>
</kw>
<kw name="Log" owner="BuiltIn">
<msg time="2024-04-19T05:14:03.454790" level="INFO">32573</msg>
<arg>${json_data['results'][0]['location']['postcode']}</arg>
<doc>Logs the given message with the given level.</doc>
<status status="PASS" start="2024-04-19T05:14:03.454451" elapsed="0.000379"/>
</kw>
<status status="PASS" start="2024-04-19T05:14:03.379822" elapsed="0.075266"/>
</kw>
<doc>Testa se os tipos de dados na resposta da API estão corretos.</doc>
<tag>testeTiposDados</tag>
<status status="PASS" start="2024-04-19T05:14:03.321623" elapsed="0.133635"/>
</test>
<test id="s1-s1-t5" name="Validar conteudo" line="35">
<kw name="Teste de Tipos de Conteudo" owner="random-user-service">
<kw name="GET On Session" owner="RequestsLibrary">
<msg time="2024-04-19T05:14:03.555720" level="INFO">GET Request : url=https://randomuser.me/api 
 path_url=/api 
 headers={'User-Agent': 'python-requests/2.31.0', 'Accept-Encoding': 'gzip, deflate', 'Accept': '*/*', 'Connection': 'keep-alive'} 
 body=None 
 </msg>
<msg time="2024-04-19T05:14:03.555798" level="INFO">GET Response : url=https://randomuser.me/api 
 status=200, reason=OK 
 headers={'Date': 'Fri, 19 Apr 2024 05:14:03 GMT', 'Content-Type': 'application/json; charset=utf-8', 'Transfer-Encoding': 'chunked', 'Connection': 'keep-alive', 'X-Powered-By': 'Express', 'Access-Control-Allow-Origin': '*', 'Cache-Control': 'no-cache', 'ETag': 'W/"473-o1ncdutWL0WlDAeYPYmkS2HrL90"', 'Vary': 'Accept-Encoding', 'Content-Encoding': 'gzip', 'CF-Cache-Status': 'DYNAMIC', 'Report-To': '{"endpoints":[{"url":"https:\\/\\/a.nel.cloudflare.com\\/report\\/v4?s=evtSrTOJo1hRFDeRMWtpkBafe4BK3bS07QWUA8EFLr4%2F9S7NxFrmVwuzBmKqwLuQopoIgrqc1oUtQzHxdSisrArJMiMGkWnZSioOTYccfNACMNdFrAEVWwiHxHgYzR8n"}],"group":"cf-nel","max_age":604800}', 'NEL': '{"success_fraction":0,"report_to":"cf-nel","max_age":604800}', 'Server': 'cloudflare', 'CF-RAY': '876a68ab9ca13b4e-IAD', 'alt-svc': 'h3=":443"; ma=86400'} 
 body={"results":[{"gender":"female","name":{"title":"Ms","first":"Nanna","last":"Møller"},"location":{"street":{"number":93,"name":"Baunebjergvej"},"city":"Aarhus","state":"Hovedstaden","country":"Denmark","postcode":16947,"coordinates":{"latitude":"-40.3877","longitude":"42.4530"},"timezone":{"offset":"-2:00","description":"Mid-Atlantic"}},"email":"nanna.moller@example.com","login":{"uuid":"b8f60002-1b28-4896-b490-f69e832416ee","username":"angryzebra454","password":"memphis","salt":"TiGFKz9s","md5":"bd51420d118c1a4c6540b683f51e9225","sha1":"645d92a639a754403ffc19fff8fb40838a453907","sha256":"8b42841b3f5d45918e942cfb86f8d580de6cd1e1ca7446b3a445cf315efb1b25"},"dob":{"date":"1979-08-31T02:47:09.426Z","age":44},"registered":{"date":"2020-03-15T08:44:28.829Z","age":4},"phone":"21213985","cell":"40161174","id":{"name":"CPR","value":"300879-8726"},"picture":{"large":"https://randomuser.me/api/portraits/women/49.jpg","medium":"https://randomuser.me/api/portraits/med/women/49.jpg","thumbnail":"https://randomuser.me/api/portraits/thumb/women/49.jpg"},"nat":"DK"}],"info":{"seed":"ea635b48ed660682","results":1,"page":1,"version":"1.4"}} 
 </msg>
<msg time="2024-04-19T05:14:03.555861" level="INFO">/opt/hostedtoolcache/Python/3.12.3/x64/lib/python3.12/site-packages/urllib3/connectionpool.py:1103: InsecureRequestWarning: Unverified HTTPS request is being made to host 'randomuser.me'. Adding certificate verification is strongly advised. See: https://urllib3.readthedocs.io/en/latest/advanced-usage.html#tls-warnings
  warnings.warn(</msg>
<msg time="2024-04-19T05:14:03.555977" level="INFO">${response} = &lt;Response [200]&gt;</msg>
<var>${response}</var>
<arg>consultarAPI</arg>
<arg>/api</arg>
<doc>Sends a GET request on a previously created HTTP Session.</doc>
<status status="PASS" start="2024-04-19T05:14:03.457754" elapsed="0.098266"/>
</kw>
<kw name="Set Variable" owner="BuiltIn">
<msg time="2024-04-19T05:14:03.556916" level="INFO">${json_data} = {'results': [{'gender': 'female', 'name': {'title': 'Ms', 'first': 'Nanna', 'last': 'Møller'}, 'location': {'street': {'number': 93, 'name': 'Baunebjergvej'}, 'city': 'Aarhus', 'state': 'Hovedstaden',...</msg>
<var>${json_data}</var>
<arg>${response.json()}</arg>
<doc>Returns the given values which can then be assigned to a variables.</doc>
<status status="PASS" start="2024-04-19T05:14:03.556433" elapsed="0.000512"/>
</kw>
<kw name="Set Variable" owner="BuiltIn">
<msg time="2024-04-19T05:14:03.557637" level="INFO">${name_title} = Ms</msg>
<var>${name_title}</var>
<arg>${json_data["results"][0]["name"]["title"]}</arg>
<doc>Returns the given values which can then be assigned to a variables.</doc>
<status status="PASS" start="2024-04-19T05:14:03.557246" elapsed="0.000416"/>
</kw>
<kw name="Create List" owner="BuiltIn">
<msg time="2024-04-19T05:14:03.558115" level="INFO">${allowed_titles} = ['Mr', 'Ms', 'Miss', 'Mrs', 'Madame', 'Monsieur']</msg>
<var>${allowed_titles}</var>
<arg>Mr</arg>
<arg>Ms</arg>
<arg>Miss</arg>
<arg>Mrs</arg>
<arg>Madame</arg>
<arg>Monsieur</arg>
<doc>Returns a list containing given items.</doc>
<status status="PASS" start="2024-04-19T05:14:03.557969" elapsed="0.000170"/>
</kw>
<kw name="List Should Contain Value" owner="Collections">
<msg time="2024-04-19T05:14:03.558609" level="INFO">False</msg>
<arg>${allowed_titles}</arg>
<arg>${name_title}</arg>
<doc>Fails if the ``value`` is not found from ``list``.</doc>
<status status="PASS" start="2024-04-19T05:14:03.558438" elapsed="0.000206"/>
</kw>
<kw name="Set Variable" owner="BuiltIn">
<msg time="2024-04-19T05:14:03.559312" level="INFO">${name_country} = DK</msg>
<var>${name_country}</var>
<arg>${json_data["results"][0]["nat"]}</arg>
<doc>Returns the given values which can then be assigned to a variables.</doc>
<status status="PASS" start="2024-04-19T05:14:03.558935" elapsed="0.000439"/>
</kw>
<kw name="Create List" owner="BuiltIn">
<msg time="2024-04-19T05:14:03.560299" level="INFO">${list_country} = ['AD', 'AE', 'AF', 'AG', 'AI', 'AL', 'AM', 'AO', 'AQ', 'AR', 'AS', 'AT', 'AU', 'AW', 'AX', 'AZ', 'BA', 'BB', 'BD', 'BE', 'BF', 'BG', 'BH', 'BI', 'BJ', 'BL', 'BM', 'BN', 'BO', 'BQ', 'BR', 'BS', 'BT', '...</msg>
<var>${list_country}</var>
<arg>AD</arg>
<arg>AE</arg>
<arg>AF</arg>
<arg>AG</arg>
<arg>AI</arg>
<arg>AL</arg>
<arg>AM</arg>
<arg>AO</arg>
<arg>AQ</arg>
<arg>AR</arg>
<arg>AS</arg>
<arg>AT</arg>
<arg>AU</arg>
<arg>AW</arg>
<arg>AX</arg>
<arg>AZ</arg>
<arg>BA</arg>
<arg>BB</arg>
<arg>BD</arg>
<arg>BE</arg>
<arg>BF</arg>
<arg>BG</arg>
<arg>BH</arg>
<arg>BI</arg>
<arg>BJ</arg>
<arg>BL</arg>
<arg>BM</arg>
<arg>BN</arg>
<arg>BO</arg>
<arg>BQ</arg>
<arg>BR</arg>
<arg>BS</arg>
<arg>BT</arg>
<arg>BV</arg>
<arg>BW</arg>
<arg>BY</arg>
<arg>BZ</arg>
<arg>CA</arg>
<arg>CC</arg>
<arg>CD</arg>
<arg>CF</arg>
<arg>CG</arg>
<arg>CH</arg>
<arg>CI</arg>
<arg>CK</arg>
<arg>CL</arg>
<arg>CM</arg>
<arg>CN</arg>
<arg>CO</arg>
<arg>CR</arg>
<arg>CU</arg>
<arg>CV</arg>
<arg>CW</arg>
<arg>CX</arg>
<arg>CY</arg>
<arg>CZ</arg>
<arg>DE</arg>
<arg>DJ</arg>
<arg>DK</arg>
<arg>DM</arg>
<arg>DO</arg>
<arg>DZ</arg>
<arg>EC</arg>
<arg>EE</arg>
<arg>EG</arg>
<arg>EH</arg>
<arg>ER</arg>
<arg>ES</arg>
<arg>ET</arg>
<arg>FI</arg>
<arg>FJ</arg>
<arg>FK</arg>
<arg>FM</arg>
<arg>FO</arg>
<arg>FR</arg>
<arg>GA</arg>
<arg>GB</arg>
<arg>GD</arg>
<arg>GE</arg>
<arg>GF</arg>
<arg>GG</arg>
<arg>GH</arg>
<arg>GI</arg>
<arg>GL</arg>
<arg>GM</arg>
<arg>GN</arg>
<arg>GP</arg>
<arg>GQ</arg>
<arg>GR</arg>
<arg>GS</arg>
<arg>GT</arg>
<arg>GU</arg>
<arg>GW</arg>
<arg>GY</arg>
<arg>HK</arg>
<arg>HM</arg>
<arg>HN</arg>
<arg>HR</arg>
<arg>HT</arg>
<arg>HU</arg>
<arg>ID</arg>
<arg>IE</arg>
<arg>IL</arg>
<arg>IM</arg>
<arg>IN</arg>
<arg>IO</arg>
<arg>IQ</arg>
<arg>IR</arg>
<arg>IS</arg>
<arg>IT</arg>
<arg>JE</arg>
<arg>JM</arg>
<arg>JO</arg>
<arg>JP</arg>
<arg>KE</arg>
<arg>KG</arg>
<arg>KH</arg>
<arg>KI</arg>
<arg>KM</arg>
<arg>KN</arg>
<arg>KP</arg>
<arg>KR</arg>
<arg>KW</arg>
<arg>KY</arg>
<arg>KZ</arg>
<arg>LA</arg>
<arg>LB</arg>
<arg>LC</arg>
<arg>LI</arg>
<arg>LK</arg>
<arg>LR</arg>
<arg>LS</arg>
<arg>LT</arg>
<arg>LU</arg>
<arg>LV</arg>
<arg>LY</arg>
<arg>MA</arg>
<arg>MC</arg>
<arg>MD</arg>
<arg>ME</arg>
<arg>MF</arg>
<arg>MG</arg>
<arg>MH</arg>
<arg>MK</arg>
<arg>ML</arg>
<arg>MM</arg>
<arg>MN</arg>
<arg>MO</arg>
<arg>MP</arg>
<arg>MQ</arg>
<arg>MR</arg>
<arg>MS</arg>
<arg>MT</arg>
<arg>MU</arg>
<arg>MV</arg>
<arg>MW</arg>
<arg>MX</arg>
<arg>MY</arg>
<arg>MZ</arg>
<arg>NA</arg>
<arg>NC</arg>
<arg>NE</arg>
<arg>NF</arg>
<arg>NG</arg>
<arg>NI</arg>
<arg>NL</arg>
<arg>NO</arg>
<arg>NP</arg>
<arg>NR</arg>
<arg>NU</arg>
<arg>NZ</arg>
<arg>OM</arg>
<arg>PA</arg>
<arg>PE</arg>
<arg>PF</arg>
<arg>PG</arg>
<arg>PH</arg>
<arg>PK</arg>
<arg>PL</arg>
<arg>PM</arg>
<arg>PN</arg>
<arg>PR</arg>
<arg>PS</arg>
<arg>PT</arg>
<arg>PW</arg>
<arg>PY</arg>
<arg>QA</arg>
<arg>RE</arg>
<arg>RO</arg>
<arg>RS</arg>
<arg>RU</arg>
<arg>RW</arg>
<arg>SA</arg>
<arg>SB</arg>
<arg>SC</arg>
<arg>SD</arg>
<arg>SE</arg>
<arg>SG</arg>
<arg>SH</arg>
<arg>SI</arg>
<arg>SJ</arg>
<arg>SK</arg>
<arg>SL</arg>
<arg>SM</arg>
<arg>SN</arg>
<arg>SO</arg>
<arg>SR</arg>
<arg>SS</arg>
<arg>ST</arg>
<arg>SV</arg>
<arg>SX</arg>
<arg>SY</arg>
<arg>SZ</arg>
<arg>TC</arg>
<arg>TD</arg>
<arg>TF</arg>
<arg>TG</arg>
<arg>TH</arg>
<arg>TJ</arg>
<arg>TK</arg>
<arg>TL</arg>
<arg>TM</arg>
<arg>TN</arg>
<arg>TO</arg>
<arg>TR</arg>
<arg>TT</arg>
<arg>TV</arg>
<arg>TW</arg>
<arg>TZ</arg>
<arg>UA</arg>
<arg>UG</arg>
<arg>UM</arg>
<arg>US</arg>
<arg>UY</arg>
<arg>UZ</arg>
<arg>VA</arg>
<arg>VC</arg>
<arg>VE</arg>
<arg>VG</arg>
<arg>VI</arg>
<arg>VN</arg>
<arg>VU</arg>
<arg>WF</arg>
<arg>WS</arg>
<arg>XK</arg>
<arg>YE</arg>
<arg>YT</arg>
<arg>ZA</arg>
<arg>ZM</arg>
<arg>ZW</arg>
<doc>Returns a list containing given items.</doc>
<status status="PASS" start="2024-04-19T05:14:03.559688" elapsed="0.000637"/>
</kw>
<kw name="List Should Contain Value" owner="Collections">
<msg time="2024-04-19T05:14:03.561317" level="INFO">False</msg>
<arg>${list_country}</arg>
<arg>${name_country}</arg>
<doc>Fails if the ``value`` is not found from ``list``.</doc>
<status status="PASS" start="2024-04-19T05:14:03.561118" elapsed="0.000235"/>
</kw>
<kw name="Run Keyword If" owner="BuiltIn">
<kw name="Should Be True" owner="BuiltIn">
<arg>${True}</arg>
<doc>Fails if the given condition is not true.</doc>
<status status="PASS" start="2024-04-19T05:14:03.562425" elapsed="0.000252"/>
</kw>
<arg>${json_data["results"][0]["location"]["coordinates"]["latitude"]} &gt;= -90 and ${json_data["results"][0]["location"]["coordinates"]["latitude"]} &lt;= 90</arg>
<arg>Should Be True</arg>
<arg>${True}</arg>
<doc>Runs the given keyword with the given arguments, if ``condition`` is true.</doc>
<status status="PASS" start="2024-04-19T05:14:03.561666" elapsed="0.001142"/>
</kw>
<kw name="Run Keyword If" owner="BuiltIn">
<kw name="Should Be True" owner="BuiltIn">
<arg>${True}</arg>
<doc>Fails if the given condition is not true.</doc>
<status status="PASS" start="2024-04-19T05:14:03.563742" elapsed="0.000142"/>
</kw>
<arg>${json_data["results"][0]["location"]["coordinates"]["longitude"]} &gt;= -180 and ${json_data["results"][0]["location"]["coordinates"]["longitude"]} &lt;= 180</arg>
<arg>Should Be True</arg>
<arg>${True}</arg>
<doc>Runs the given keyword with the given arguments, if ``condition`` is true.</doc>
<status status="PASS" start="2024-04-19T05:14:03.562991" elapsed="0.001019"/>
</kw>
<status status="PASS" start="2024-04-19T05:14:03.457526" elapsed="0.106615"/>
</kw>
<doc>Testa o conteúdo específico dos campos retornados pela API.</doc>
<tag>testeConteudo</tag>
<status status="PASS" start="2024-04-19T05:14:03.457075" elapsed="0.107223"/>
</test>
<status status="PASS" start="2024-04-19T05:14:02.466983" elapsed="1.099277"/>
</suite>
<status status="PASS" start="2024-04-19T05:14:02.453131" elapsed="1.118300"/>
</suite>
<statistics>
<total>
<stat pass="5" fail="0" skip="0">All Tests</stat>
</total>
<tag>
<stat pass="1" fail="0" skip="0">testeConteudo</stat>
<stat pass="1" fail="0" skip="0">testeEstruturaResposta</stat>
<stat pass="1" fail="0" skip="0">testeRequisicaoBasica</stat>
<stat pass="1" fail="0" skip="0">testeTiposDados</stat>
</tag>
<suite>
<stat pass="5" fail="0" skip="0" id="s1" name="Tests">Tests</stat>
<stat pass="5" fail="0" skip="0" id="s1-s1" name="Random-User-Test">Tests.Random-User-Test</stat>
</suite>
</statistics>
<errors>
</errors>
</robot>
