<?xml version="1.0" encoding="UTF-8"?>
<robot generator="Robot 7.0 (Python 3.12.2 on linux)" generated="2024-03-27T01:52:08.243534" rpa="false" schemaversion="5">
<suite id="s1" name="Tests" source="/home/runner/work/DesafioQAItauRogerioJordao/DesafioQAItauRogerioJordao/RamdonUser/tests">
<suite id="s1-s1" name="Random-User-Test" source="/home/runner/work/DesafioQAItauRogerioJordao/DesafioQAItauRogerioJordao/RamdonUser/tests/random-user-test.robot">
<test id="s1-s1-t1" name="Conectar" line="13">
<kw name="Conectar API" owner="random-user-service">
<kw name="Create Session" owner="RequestsLibrary">
<msg time="2024-03-27T01:52:08.596571" level="INFO">Creating Session using : alias=consultarAPI, url=https://randomuser.me/, headers={},                     cookies={}, auth=None, timeout=None, proxies=None, verify=False,                     debug=0 </msg>
<arg>consultarAPI</arg>
<arg>${URL}</arg>
<doc>Create Session: create a HTTP session to a server</doc>
<status status="PASS" start="2024-03-27T01:52:08.596373" elapsed="0.000385"/>
</kw>
<status status="PASS" start="2024-03-27T01:52:08.595354" elapsed="0.001759"/>
</kw>
<status status="PASS" start="2024-03-27T01:52:08.594829" elapsed="0.002496"/>
</test>
<test id="s1-s1-t2" name="Validar retorno 200 e JSON Válido" line="16">
<kw name="Teste de Requisicao Basica" owner="random-user-service">
<kw name="GET On Session" owner="RequestsLibrary">
<msg time="2024-03-27T01:52:08.677595" level="INFO">GET Request : url=https://randomuser.me/api 
 path_url=/api 
 headers={'User-Agent': 'python-requests/2.31.0', 'Accept-Encoding': 'gzip, deflate', 'Accept': '*/*', 'Connection': 'keep-alive'} 
 body=None 
 </msg>
<msg time="2024-03-27T01:52:08.677739" level="INFO">GET Response : url=https://randomuser.me/api 
 status=200, reason=OK 
 headers={'Date': 'Wed, 27 Mar 2024 01:52:08 GMT', 'Content-Type': 'application/json; charset=utf-8', 'Transfer-Encoding': 'chunked', 'Connection': 'keep-alive', 'X-Powered-By': 'Express', 'Access-Control-Allow-Origin': '*', 'Cache-Control': 'no-cache', 'ETag': 'W/"484-2FvmDlEJssq8RQ7aDMMwjJxvdlM"', 'Vary': 'Accept-Encoding', 'Content-Encoding': 'gzip', 'CF-Cache-Status': 'DYNAMIC', 'Report-To': '{"endpoints":[{"url":"https:\\/\\/a.nel.cloudflare.com\\/report\\/v4?s=BQlpd9ZviHkS45aXwJ3F5lIYUnKEEVTXtRFKKx8L4aBwrXLLwJ3KoLshFCJwzb0k1yj5rNeqcgRxjruHTC300SCYLkgZNqHngig6HG6z9dOMpS1BmeVqZ5s37%2B2H38f3"}],"group":"cf-nel","max_age":604800}', 'NEL': '{"success_fraction":0,"report_to":"cf-nel","max_age":604800}', 'Server': 'cloudflare', 'CF-RAY': '86abbd45e8ca8192-IAD', 'alt-svc': 'h3=":443"; ma=86400'} 
 body={"results":[{"gender":"male","name":{"title":"Mr","first":"Henry","last":"Lee"},"location":{"street":{"number":9197,"name":"Peachgrove Road"},"city":"Upper Hutt","state":"West Coast","country":"New Zealand","postcode":78830,"coordinates":{"latitude":"50.7847","longitude":"-0.8488"},"timezone":{"offset":"+4:00","description":"Abu Dhabi, Muscat, Baku, Tbilisi"}},"email":"henry.lee@example.com","login":{"uuid":"66aeadfc-87bb-47e7-9b0a-328ca76347b2","username":"angryostrich285","password":"pierce","salt":"GCRTB5EM","md5":"da1a07fac1101b317450e26676468269","sha1":"c1ecd065e211017823fd182069e608de73dfb1eb","sha256":"291574ac835a0d8d18ea8ca322255c0e1eac5c561c51a572a538896f926d3d8a"},"dob":{"date":"1953-11-05T03:00:52.728Z","age":70},"registered":{"date":"2012-12-04T14:50:23.272Z","age":11},"phone":"(644)-234-7107","cell":"(283)-366-1061","id":{"name":"","value":null},"picture":{"large":"https://randomuser.me/api/portraits/men/78.jpg","medium":"https://randomuser.me/api/portraits/med/men/78.jpg","thumbnail":"https://randomuser.me/api/portraits/thumb/men/78.jpg"},"nat":"NZ"}],"info":{"seed":"11bd13af352bc6e7","results":1,"page":1,"version":"1.4"}} 
 </msg>
<msg time="2024-03-27T01:52:08.677832" level="INFO">/opt/hostedtoolcache/Python/3.12.2/x64/lib/python3.12/site-packages/urllib3/connectionpool.py:1103: InsecureRequestWarning: Unverified HTTPS request is being made to host 'randomuser.me'. Adding certificate verification is strongly advised. See: https://urllib3.readthedocs.io/en/latest/advanced-usage.html#tls-warnings
  warnings.warn(</msg>
<msg time="2024-03-27T01:52:08.677948" level="INFO">${response} = &lt;Response [200]&gt;</msg>
<var>${response}</var>
<arg>consultarAPI</arg>
<arg>/api</arg>
<doc>Sends a GET request on a previously created HTTP Session.</doc>
<status status="PASS" start="2024-03-27T01:52:08.599923" elapsed="0.078069"/>
</kw>
<kw name="Should Be Equal As Numbers" owner="BuiltIn">
<msg time="2024-03-27T01:52:08.679097" level="INFO">Argument types are:
&lt;class 'int'&gt;
&lt;class 'str'&gt;</msg>
<arg>${response.status_code}</arg>
<arg>200</arg>
<doc>Fails if objects are unequal after converting them to real numbers.</doc>
<status status="PASS" start="2024-03-27T01:52:08.678546" elapsed="0.000615"/>
</kw>
<kw name="Log" owner="BuiltIn">
<msg time="2024-03-27T01:52:08.679840" level="INFO">200</msg>
<arg>${response.status_code}</arg>
<doc>Logs the given message with the given level.</doc>
<status status="PASS" start="2024-03-27T01:52:08.679482" elapsed="0.000402"/>
</kw>
<kw name="Set Variable" owner="BuiltIn">
<msg time="2024-03-27T01:52:08.680655" level="INFO">${json_data} = {'results': [{'gender': 'male', 'name': {'title': 'Mr', 'first': 'Henry', 'last': 'Lee'}, 'location': {'street': {'number': 9197, 'name': 'Peachgrove Road'}, 'city': 'Upper Hutt', 'state': 'West Coast...</msg>
<var>${json_data}</var>
<arg>${response.json()}</arg>
<doc>Returns the given values which can then be assigned to a variables.</doc>
<status status="PASS" start="2024-03-27T01:52:08.680213" elapsed="0.000471"/>
</kw>
<kw name="Dictionary Should Contain Key" owner="Collections">
<msg time="2024-03-27T01:52:08.681153" level="INFO">False</msg>
<arg>${json_data}</arg>
<arg>results</arg>
<doc>Fails if ``key`` is not found from ``dictionary``.</doc>
<status status="PASS" start="2024-03-27T01:52:08.680988" elapsed="0.000205"/>
</kw>
<status status="PASS" start="2024-03-27T01:52:08.599673" elapsed="0.081779"/>
</kw>
<doc>Testa se a API responde corretamente e retorna um objeto JSON válido.</doc>
<tag>testeRequisicaoBasica</tag>
<status status="PASS" start="2024-03-27T01:52:08.599189" elapsed="0.082436"/>
</test>
<test id="s1-s1-t3" name="Validar estrutura de resposta" line="22">
<kw name="Teste de Estrutura de Resposta" owner="random-user-service">
<kw name="GET On Session" owner="RequestsLibrary">
<msg time="2024-03-27T01:52:08.774548" level="INFO">GET Request : url=https://randomuser.me/api 
 path_url=/api 
 headers={'User-Agent': 'python-requests/2.31.0', 'Accept-Encoding': 'gzip, deflate', 'Accept': '*/*', 'Connection': 'keep-alive'} 
 body=None 
 </msg>
<msg time="2024-03-27T01:52:08.774638" level="INFO">GET Response : url=https://randomuser.me/api 
 status=200, reason=OK 
 headers={'Date': 'Wed, 27 Mar 2024 01:52:08 GMT', 'Content-Type': 'application/json; charset=utf-8', 'Transfer-Encoding': 'chunked', 'Connection': 'keep-alive', 'X-Powered-By': 'Express', 'Access-Control-Allow-Origin': '*', 'Cache-Control': 'no-cache', 'ETag': 'W/"4ac-xGbc9B5puGs91RKdTiegYEHCsYc"', 'Vary': 'Accept-Encoding', 'Content-Encoding': 'gzip', 'CF-Cache-Status': 'DYNAMIC', 'Report-To': '{"endpoints":[{"url":"https:\\/\\/a.nel.cloudflare.com\\/report\\/v4?s=Jg6jRFppAfPHaRLMP3AxWaHlwV%2FkuWkBcDflDTeVFXlAH5hYTqMM2JjCnoZ5MQQKU%2FnEhXn9IF7%2FZNOoh3vqUmDtqdZPBRrQcf4Iem8KvpeA1Efh9f1gaZtbO3%2Fx8ude"}],"group":"cf-nel","max_age":604800}', 'NEL': '{"success_fraction":0,"report_to":"cf-nel","max_age":604800}', 'Server': 'cloudflare', 'CF-RAY': '86abbd46494e8192-IAD', 'alt-svc': 'h3=":443"; ma=86400'} 
 body={"results":[{"gender":"female","name":{"title":"Ms","first":"بهاره","last":"نجاتی"},"location":{"street":{"number":6551,"name":"میدان قیام"},"city":"سیرجان","state":"خراسان رضوی","country":"Iran","postcode":55319,"coordinates":{"latitude":"17.3705","longitude":"62.8698"},"timezone":{"offset":"+5:00","description":"Ekaterinburg, Islamabad, Karachi, Tashkent"}},"email":"bhrh.njty@example.com","login":{"uuid":"3bebac95-89c9-47c9-b5f1-9e7f4ab23463","username":"beautifulmeercat892","password":"wizard","salt":"KVKDYJmw","md5":"9cfb11d5ce69345bcd3da949f550809f","sha1":"44926bb0ce00deb3533979d4fed3c2fe6e91f3c5","sha256":"4b187b386ac5f93042a13ccb222fdc960d51d978fc2e364a78162fd31b2f579b"},"dob":{"date":"1970-08-10T06:05:20.795Z","age":53},"registered":{"date":"2022-04-09T17:10:57.860Z","age":1},"phone":"067-12232844","cell":"0914-926-6038","id":{"name":"","value":null},"picture":{"large":"https://randomuser.me/api/portraits/women/24.jpg","medium":"https://randomuser.me/api/portraits/med/women/24.jpg","thumbnail":"https://randomuser.me/api/portraits/thumb/women/24.jpg"},"nat":"IR"}],"info":{"seed":"5a8f175bba7ff395","results":1,"page":1,"version":"1.4"}} 
 </msg>
<msg time="2024-03-27T01:52:08.774781" level="INFO">/opt/hostedtoolcache/Python/3.12.2/x64/lib/python3.12/site-packages/urllib3/connectionpool.py:1103: InsecureRequestWarning: Unverified HTTPS request is being made to host 'randomuser.me'. Adding certificate verification is strongly advised. See: https://urllib3.readthedocs.io/en/latest/advanced-usage.html#tls-warnings
  warnings.warn(</msg>
<msg time="2024-03-27T01:52:08.774919" level="INFO">${response} = &lt;Response [200]&gt;</msg>
<var>${response}</var>
<arg>consultarAPI</arg>
<arg>/api</arg>
<doc>Sends a GET request on a previously created HTTP Session.</doc>
<status status="PASS" start="2024-03-27T01:52:08.684339" elapsed="0.090621"/>
</kw>
<kw name="Set Variable" owner="BuiltIn">
<msg time="2024-03-27T01:52:08.776081" level="INFO">${json_data} = {'results': [{'gender': 'female', 'name': {'title': 'Ms', 'first': 'بهاره', 'last': 'نجاتی'}, 'location': {'street': {'number': 6551, 'name': 'میدان قیام'}, 'city': 'سیرجان', 'state': 'خراسان رضوی', '...</msg>
<var>${json_data}</var>
<arg>${response.json()}</arg>
<doc>Returns the given values which can then be assigned to a variables.</doc>
<status status="PASS" start="2024-03-27T01:52:08.775453" elapsed="0.000660"/>
</kw>
<kw name="Log" owner="BuiltIn">
<msg time="2024-03-27T01:52:08.776588" level="INFO">{'results': [{'gender': 'female', 'name': {'title': 'Ms', 'first': 'بهاره', 'last': 'نجاتی'}, 'location': {'street': {'number': 6551, 'name': 'میدان قیام'}, 'city': 'سیرجان', 'state': 'خراسان رضوی', 'country': 'Iran', 'postcode': 55319, 'coordinates': {'latitude': '17.3705', 'longitude': '62.8698'}, 'timezone': {'offset': '+5:00', 'description': 'Ekaterinburg, Islamabad, Karachi, Tashkent'}}, 'email': 'bhrh.njty@example.com', 'login': {'uuid': '3bebac95-89c9-47c9-b5f1-9e7f4ab23463', 'username': 'beautifulmeercat892', 'password': 'wizard', 'salt': 'KVKDYJmw', 'md5': '9cfb11d5ce69345bcd3da949f550809f', 'sha1': '44926bb0ce00deb3533979d4fed3c2fe6e91f3c5', 'sha256': '4b187b386ac5f93042a13ccb222fdc960d51d978fc2e364a78162fd31b2f579b'}, 'dob': {'date': '1970-08-10T06:05:20.795Z', 'age': 53}, 'registered': {'date': '2022-04-09T17:10:57.860Z', 'age': 1}, 'phone': '067-12232844', 'cell': '0914-926-6038', 'id': {'name': '', 'value': None}, 'picture': {'large': 'https://randomuser.me/api/portraits/women/24.jpg', 'medium': 'https://randomuser.me/api/portraits/med/women/24.jpg', 'thumbnail': 'https://randomuser.me/api/portraits/thumb/women/24.jpg'}, 'nat': 'IR'}], 'info': {'seed': '5a8f175bba7ff395', 'results': 1, 'page': 1, 'version': '1.4'}}</msg>
<arg>${json_data}</arg>
<doc>Logs the given message with the given level.</doc>
<status status="PASS" start="2024-03-27T01:52:08.776426" elapsed="0.000214"/>
</kw>
<kw name="Dictionary Should Contain Key" owner="Collections">
<msg time="2024-03-27T01:52:08.777091" level="INFO">False</msg>
<arg>${json_data}</arg>
<arg>results</arg>
<doc>Fails if ``key`` is not found from ``dictionary``.</doc>
<status status="PASS" start="2024-03-27T01:52:08.776939" elapsed="0.000190"/>
</kw>
<kw name="Should Not Be Empty" owner="BuiltIn">
<msg time="2024-03-27T01:52:08.777556" level="INFO">Length is 2.</msg>
<arg>${json_data}</arg>
<doc>Verifies that the given item is not empty.</doc>
<status status="PASS" start="2024-03-27T01:52:08.777423" elapsed="0.000172"/>
</kw>
<kw name="Create List" owner="BuiltIn">
<msg time="2024-03-27T01:52:08.778042" level="INFO">${expected_keys} = ['gender', 'name', 'location', 'email', 'login']</msg>
<var>${expected_keys}</var>
<arg>gender</arg>
<arg>name</arg>
<arg>location</arg>
<arg>email</arg>
<arg>login</arg>
<doc>Returns a list containing given items.</doc>
<status status="PASS" start="2024-03-27T01:52:08.777887" elapsed="0.000180"/>
</kw>
<for flavor="IN">
<iter>
<kw name="Dictionary Should Contain Key" owner="Collections">
<msg time="2024-03-27T01:52:08.779066" level="INFO">False</msg>
<arg>${json_data['results'][0]}</arg>
<arg>${key}</arg>
<doc>Fails if ``key`` is not found from ``dictionary``.</doc>
<status status="PASS" start="2024-03-27T01:52:08.778672" elapsed="0.000435"/>
</kw>
<kw name="Log" owner="BuiltIn">
<msg time="2024-03-27T01:52:08.779789" level="INFO">{'gender': 'female', 'name': {'title': 'Ms', 'first': 'بهاره', 'last': 'نجاتی'}, 'location': {'street': {'number': 6551, 'name': 'میدان قیام'}, 'city': 'سیرجان', 'state': 'خراسان رضوی', 'country': 'Iran', 'postcode': 55319, 'coordinates': {'latitude': '17.3705', 'longitude': '62.8698'}, 'timezone': {'offset': '+5:00', 'description': 'Ekaterinburg, Islamabad, Karachi, Tashkent'}}, 'email': 'bhrh.njty@example.com', 'login': {'uuid': '3bebac95-89c9-47c9-b5f1-9e7f4ab23463', 'username': 'beautifulmeercat892', 'password': 'wizard', 'salt': 'KVKDYJmw', 'md5': '9cfb11d5ce69345bcd3da949f550809f', 'sha1': '44926bb0ce00deb3533979d4fed3c2fe6e91f3c5', 'sha256': '4b187b386ac5f93042a13ccb222fdc960d51d978fc2e364a78162fd31b2f579b'}, 'dob': {'date': '1970-08-10T06:05:20.795Z', 'age': 53}, 'registered': {'date': '2022-04-09T17:10:57.860Z', 'age': 1}, 'phone': '067-12232844', 'cell': '0914-926-6038', 'id': {'name': '', 'value': None}, 'picture': {'large': 'https://randomuser.me/api/portraits/women/24.jpg', 'medium': 'https://randomuser.me/api/portraits/med/women/24.jpg', 'thumbnail': 'https://randomuser.me/api/portraits/thumb/women/24.jpg'}, 'nat': 'IR'}</msg>
<arg>${json_data['results'][0]}</arg>
<doc>Logs the given message with the given level.</doc>
<status status="PASS" start="2024-03-27T01:52:08.779412" elapsed="0.000435"/>
</kw>
<kw name="Log" owner="BuiltIn">
<msg time="2024-03-27T01:52:08.780284" level="INFO">gender</msg>
<arg>${key}</arg>
<doc>Logs the given message with the given level.</doc>
<status status="PASS" start="2024-03-27T01:52:08.780153" elapsed="0.000170"/>
</kw>
<var name="${key}">gender</var>
<status status="PASS" start="2024-03-27T01:52:08.778547" elapsed="0.001995"/>
</iter>
<iter>
<kw name="Dictionary Should Contain Key" owner="Collections">
<msg time="2024-03-27T01:52:08.781228" level="INFO">False</msg>
<arg>${json_data['results'][0]}</arg>
<arg>${key}</arg>
<doc>Fails if ``key`` is not found from ``dictionary``.</doc>
<status status="PASS" start="2024-03-27T01:52:08.780848" elapsed="0.000456"/>
</kw>
<kw name="Log" owner="BuiltIn">
<msg time="2024-03-27T01:52:08.781981" level="INFO">{'gender': 'female', 'name': {'title': 'Ms', 'first': 'بهاره', 'last': 'نجاتی'}, 'location': {'street': {'number': 6551, 'name': 'میدان قیام'}, 'city': 'سیرجان', 'state': 'خراسان رضوی', 'country': 'Iran', 'postcode': 55319, 'coordinates': {'latitude': '17.3705', 'longitude': '62.8698'}, 'timezone': {'offset': '+5:00', 'description': 'Ekaterinburg, Islamabad, Karachi, Tashkent'}}, 'email': 'bhrh.njty@example.com', 'login': {'uuid': '3bebac95-89c9-47c9-b5f1-9e7f4ab23463', 'username': 'beautifulmeercat892', 'password': 'wizard', 'salt': 'KVKDYJmw', 'md5': '9cfb11d5ce69345bcd3da949f550809f', 'sha1': '44926bb0ce00deb3533979d4fed3c2fe6e91f3c5', 'sha256': '4b187b386ac5f93042a13ccb222fdc960d51d978fc2e364a78162fd31b2f579b'}, 'dob': {'date': '1970-08-10T06:05:20.795Z', 'age': 53}, 'registered': {'date': '2022-04-09T17:10:57.860Z', 'age': 1}, 'phone': '067-12232844', 'cell': '0914-926-6038', 'id': {'name': '', 'value': None}, 'picture': {'large': 'https://randomuser.me/api/portraits/women/24.jpg', 'medium': 'https://randomuser.me/api/portraits/med/women/24.jpg', 'thumbnail': 'https://randomuser.me/api/portraits/thumb/women/24.jpg'}, 'nat': 'IR'}</msg>
<arg>${json_data['results'][0]}</arg>
<doc>Logs the given message with the given level.</doc>
<status status="PASS" start="2024-03-27T01:52:08.781611" elapsed="0.000423"/>
</kw>
<kw name="Log" owner="BuiltIn">
<msg time="2024-03-27T01:52:08.782492" level="INFO">name</msg>
<arg>${key}</arg>
<doc>Logs the given message with the given level.</doc>
<status status="PASS" start="2024-03-27T01:52:08.782360" elapsed="0.000171"/>
</kw>
<var name="${key}">name</var>
<status status="PASS" start="2024-03-27T01:52:08.780733" elapsed="0.002017"/>
</iter>
<iter>
<kw name="Dictionary Should Contain Key" owner="Collections">
<msg time="2024-03-27T01:52:08.783435" level="INFO">False</msg>
<arg>${json_data['results'][0]}</arg>
<arg>${key}</arg>
<doc>Fails if ``key`` is not found from ``dictionary``.</doc>
<status status="PASS" start="2024-03-27T01:52:08.783042" elapsed="0.000432"/>
</kw>
<kw name="Log" owner="BuiltIn">
<msg time="2024-03-27T01:52:08.784161" level="INFO">{'gender': 'female', 'name': {'title': 'Ms', 'first': 'بهاره', 'last': 'نجاتی'}, 'location': {'street': {'number': 6551, 'name': 'میدان قیام'}, 'city': 'سیرجان', 'state': 'خراسان رضوی', 'country': 'Iran', 'postcode': 55319, 'coordinates': {'latitude': '17.3705', 'longitude': '62.8698'}, 'timezone': {'offset': '+5:00', 'description': 'Ekaterinburg, Islamabad, Karachi, Tashkent'}}, 'email': 'bhrh.njty@example.com', 'login': {'uuid': '3bebac95-89c9-47c9-b5f1-9e7f4ab23463', 'username': 'beautifulmeercat892', 'password': 'wizard', 'salt': 'KVKDYJmw', 'md5': '9cfb11d5ce69345bcd3da949f550809f', 'sha1': '44926bb0ce00deb3533979d4fed3c2fe6e91f3c5', 'sha256': '4b187b386ac5f93042a13ccb222fdc960d51d978fc2e364a78162fd31b2f579b'}, 'dob': {'date': '1970-08-10T06:05:20.795Z', 'age': 53}, 'registered': {'date': '2022-04-09T17:10:57.860Z', 'age': 1}, 'phone': '067-12232844', 'cell': '0914-926-6038', 'id': {'name': '', 'value': None}, 'picture': {'large': 'https://randomuser.me/api/portraits/women/24.jpg', 'medium': 'https://randomuser.me/api/portraits/med/women/24.jpg', 'thumbnail': 'https://randomuser.me/api/portraits/thumb/women/24.jpg'}, 'nat': 'IR'}</msg>
<arg>${json_data['results'][0]}</arg>
<doc>Logs the given message with the given level.</doc>
<status status="PASS" start="2024-03-27T01:52:08.783789" elapsed="0.000433"/>
</kw>
<kw name="Log" owner="BuiltIn">
<msg time="2024-03-27T01:52:08.784663" level="INFO">location</msg>
<arg>${key}</arg>
<doc>Logs the given message with the given level.</doc>
<status status="PASS" start="2024-03-27T01:52:08.784532" elapsed="0.000170"/>
</kw>
<var name="${key}">location</var>
<status status="PASS" start="2024-03-27T01:52:08.782930" elapsed="0.001990"/>
</iter>
<iter>
<kw name="Dictionary Should Contain Key" owner="Collections">
<msg time="2024-03-27T01:52:08.785583" level="INFO">False</msg>
<arg>${json_data['results'][0]}</arg>
<arg>${key}</arg>
<doc>Fails if ``key`` is not found from ``dictionary``.</doc>
<status status="PASS" start="2024-03-27T01:52:08.785207" elapsed="0.000415"/>
</kw>
<kw name="Log" owner="BuiltIn">
<msg time="2024-03-27T01:52:08.786311" level="INFO">{'gender': 'female', 'name': {'title': 'Ms', 'first': 'بهاره', 'last': 'نجاتی'}, 'location': {'street': {'number': 6551, 'name': 'میدان قیام'}, 'city': 'سیرجان', 'state': 'خراسان رضوی', 'country': 'Iran', 'postcode': 55319, 'coordinates': {'latitude': '17.3705', 'longitude': '62.8698'}, 'timezone': {'offset': '+5:00', 'description': 'Ekaterinburg, Islamabad, Karachi, Tashkent'}}, 'email': 'bhrh.njty@example.com', 'login': {'uuid': '3bebac95-89c9-47c9-b5f1-9e7f4ab23463', 'username': 'beautifulmeercat892', 'password': 'wizard', 'salt': 'KVKDYJmw', 'md5': '9cfb11d5ce69345bcd3da949f550809f', 'sha1': '44926bb0ce00deb3533979d4fed3c2fe6e91f3c5', 'sha256': '4b187b386ac5f93042a13ccb222fdc960d51d978fc2e364a78162fd31b2f579b'}, 'dob': {'date': '1970-08-10T06:05:20.795Z', 'age': 53}, 'registered': {'date': '2022-04-09T17:10:57.860Z', 'age': 1}, 'phone': '067-12232844', 'cell': '0914-926-6038', 'id': {'name': '', 'value': None}, 'picture': {'large': 'https://randomuser.me/api/portraits/women/24.jpg', 'medium': 'https://randomuser.me/api/portraits/med/women/24.jpg', 'thumbnail': 'https://randomuser.me/api/portraits/thumb/women/24.jpg'}, 'nat': 'IR'}</msg>
<arg>${json_data['results'][0]}</arg>
<doc>Logs the given message with the given level.</doc>
<status status="PASS" start="2024-03-27T01:52:08.785923" elapsed="0.000442"/>
</kw>
<kw name="Log" owner="BuiltIn">
<msg time="2024-03-27T01:52:08.786795" level="INFO">email</msg>
<arg>${key}</arg>
<doc>Logs the given message with the given level.</doc>
<status status="PASS" start="2024-03-27T01:52:08.786667" elapsed="0.000166"/>
</kw>
<var name="${key}">email</var>
<status status="PASS" start="2024-03-27T01:52:08.785097" elapsed="0.001970"/>
</iter>
<iter>
<kw name="Dictionary Should Contain Key" owner="Collections">
<msg time="2024-03-27T01:52:08.787739" level="INFO">False</msg>
<arg>${json_data['results'][0]}</arg>
<arg>${key}</arg>
<doc>Fails if ``key`` is not found from ``dictionary``.</doc>
<status status="PASS" start="2024-03-27T01:52:08.787356" elapsed="0.000422"/>
</kw>
<kw name="Log" owner="BuiltIn">
<msg time="2024-03-27T01:52:08.788431" level="INFO">{'gender': 'female', 'name': {'title': 'Ms', 'first': 'بهاره', 'last': 'نجاتی'}, 'location': {'street': {'number': 6551, 'name': 'میدان قیام'}, 'city': 'سیرجان', 'state': 'خراسان رضوی', 'country': 'Iran', 'postcode': 55319, 'coordinates': {'latitude': '17.3705', 'longitude': '62.8698'}, 'timezone': {'offset': '+5:00', 'description': 'Ekaterinburg, Islamabad, Karachi, Tashkent'}}, 'email': 'bhrh.njty@example.com', 'login': {'uuid': '3bebac95-89c9-47c9-b5f1-9e7f4ab23463', 'username': 'beautifulmeercat892', 'password': 'wizard', 'salt': 'KVKDYJmw', 'md5': '9cfb11d5ce69345bcd3da949f550809f', 'sha1': '44926bb0ce00deb3533979d4fed3c2fe6e91f3c5', 'sha256': '4b187b386ac5f93042a13ccb222fdc960d51d978fc2e364a78162fd31b2f579b'}, 'dob': {'date': '1970-08-10T06:05:20.795Z', 'age': 53}, 'registered': {'date': '2022-04-09T17:10:57.860Z', 'age': 1}, 'phone': '067-12232844', 'cell': '0914-926-6038', 'id': {'name': '', 'value': None}, 'picture': {'large': 'https://randomuser.me/api/portraits/women/24.jpg', 'medium': 'https://randomuser.me/api/portraits/med/women/24.jpg', 'thumbnail': 'https://randomuser.me/api/portraits/thumb/women/24.jpg'}, 'nat': 'IR'}</msg>
<arg>${json_data['results'][0]}</arg>
<doc>Logs the given message with the given level.</doc>
<status status="PASS" start="2024-03-27T01:52:08.788069" elapsed="0.000412"/>
</kw>
<kw name="Log" owner="BuiltIn">
<msg time="2024-03-27T01:52:08.788931" level="INFO">login</msg>
<arg>${key}</arg>
<doc>Logs the given message with the given level.</doc>
<status status="PASS" start="2024-03-27T01:52:08.788799" elapsed="0.000274"/>
</kw>
<var name="${key}">login</var>
<status status="PASS" start="2024-03-27T01:52:08.787242" elapsed="0.002055"/>
</iter>
<var>${key}</var>
<value>@{expected_keys}</value>
<status status="PASS" start="2024-03-27T01:52:08.778359" elapsed="0.011063"/>
</for>
<kw name="Create List" owner="BuiltIn">
<msg time="2024-03-27T01:52:08.789752" level="INFO">${expected_keysTwo} = ['username', 'password']</msg>
<var>${expected_keysTwo}</var>
<arg>username</arg>
<arg>password</arg>
<doc>Returns a list containing given items.</doc>
<status status="PASS" start="2024-03-27T01:52:08.789614" elapsed="0.000162"/>
</kw>
<for flavor="IN">
<iter>
<kw name="Dictionary Should Contain Key" owner="Collections">
<msg time="2024-03-27T01:52:08.790688" level="INFO">False</msg>
<arg>${json_data['results'][0]['login']}</arg>
<arg>${keyTwo}</arg>
<doc>Fails if ``key`` is not found from ``dictionary``.</doc>
<status status="PASS" start="2024-03-27T01:52:08.790302" elapsed="0.000424"/>
</kw>
<kw name="Dictionary Should Contain Key" owner="Collections">
<msg time="2024-03-27T01:52:08.791402" level="INFO">False</msg>
<arg>${json_data['results'][0]['login']}</arg>
<arg>${keyTwo}</arg>
<doc>Fails if ``key`` is not found from ``dictionary``.</doc>
<status status="PASS" start="2024-03-27T01:52:08.791025" elapsed="0.000414"/>
</kw>
<kw name="Log" owner="BuiltIn">
<msg time="2024-03-27T01:52:08.791866" level="INFO">username</msg>
<arg>${keyTwo}</arg>
<doc>Logs the given message with the given level.</doc>
<status status="PASS" start="2024-03-27T01:52:08.791731" elapsed="0.000173"/>
</kw>
<var name="${keyTwo}">username</var>
<status status="PASS" start="2024-03-27T01:52:08.790164" elapsed="0.001955"/>
</iter>
<iter>
<kw name="Dictionary Should Contain Key" owner="Collections">
<msg time="2024-03-27T01:52:08.792772" level="INFO">False</msg>
<arg>${json_data['results'][0]['login']}</arg>
<arg>${keyTwo}</arg>
<doc>Fails if ``key`` is not found from ``dictionary``.</doc>
<status status="PASS" start="2024-03-27T01:52:08.792400" elapsed="0.000410"/>
</kw>
<kw name="Dictionary Should Contain Key" owner="Collections">
<msg time="2024-03-27T01:52:08.793484" level="INFO">False</msg>
<arg>${json_data['results'][0]['login']}</arg>
<arg>${keyTwo}</arg>
<doc>Fails if ``key`` is not found from ``dictionary``.</doc>
<status status="PASS" start="2024-03-27T01:52:08.793103" elapsed="0.000418"/>
</kw>
<kw name="Log" owner="BuiltIn">
<msg time="2024-03-27T01:52:08.793943" level="INFO">password</msg>
<arg>${keyTwo}</arg>
<doc>Logs the given message with the given level.</doc>
<status status="PASS" start="2024-03-27T01:52:08.793814" elapsed="0.000167"/>
</kw>
<var name="${keyTwo}">password</var>
<status status="PASS" start="2024-03-27T01:52:08.792292" elapsed="0.001904"/>
</iter>
<var>${keyTwo}</var>
<value>@{expected_keysTwo}</value>
<status status="PASS" start="2024-03-27T01:52:08.790012" elapsed="0.004329"/>
</for>
<status status="PASS" start="2024-03-27T01:52:08.684104" elapsed="0.110378"/>
</kw>
<doc>Testa a estrutura da resposta da API.</doc>
<tag>testeEstruturaResposta</tag>
<status status="PASS" start="2024-03-27T01:52:08.683496" elapsed="0.111140"/>
</test>
<test id="s1-s1-t4" name="Validar tipos de dados" line="28">
<kw name="Teste de Tipos de Dados" owner="random-user-service">
<kw name="GET On Session" owner="RequestsLibrary">
<msg time="2024-03-27T01:52:08.882291" level="INFO">GET Request : url=https://randomuser.me/api 
 path_url=/api 
 headers={'User-Agent': 'python-requests/2.31.0', 'Accept-Encoding': 'gzip, deflate', 'Accept': '*/*', 'Connection': 'keep-alive'} 
 body=None 
 </msg>
<msg time="2024-03-27T01:52:08.882362" level="INFO">GET Response : url=https://randomuser.me/api 
 status=200, reason=OK 
 headers={'Date': 'Wed, 27 Mar 2024 01:52:08 GMT', 'Content-Type': 'application/json; charset=utf-8', 'Transfer-Encoding': 'chunked', 'Connection': 'keep-alive', 'X-Powered-By': 'Express', 'Access-Control-Allow-Origin': '*', 'Cache-Control': 'no-cache', 'ETag': 'W/"477-PYKrVkdsRI2JdEmUwbmNF1WwglE"', 'Vary': 'Accept-Encoding', 'Content-Encoding': 'gzip', 'CF-Cache-Status': 'DYNAMIC', 'Report-To': '{"endpoints":[{"url":"https:\\/\\/a.nel.cloudflare.com\\/report\\/v4?s=LB%2FM0ArTvIEeYKLavbT54az5ageiDB6FaxsBgk%2FfAuI6nUfhUIx0V8UAreMCbbsXFZG%2B%2FWYC1GZhJYHFFF90rCT630HmUiFv%2FEFd9afpq9xTgV7Wd2FaY2WTQmIJeMEB"}],"group":"cf-nel","max_age":604800}', 'NEL': '{"success_fraction":0,"report_to":"cf-nel","max_age":604800}', 'Server': 'cloudflare', 'CF-RAY': '86abbd46fa2e8192-IAD', 'alt-svc': 'h3=":443"; ma=86400'} 
 body={"results":[{"gender":"male","name":{"title":"Mr","first":"Corné","last":"Molema"},"location":{"street":{"number":1855,"name":"Bastognestraat"},"city":"Usselo","state":"Groningen","country":"Netherlands","postcode":"1895 KY","coordinates":{"latitude":"36.9439","longitude":"-107.4722"},"timezone":{"offset":"+3:30","description":"Tehran"}},"email":"corne.molema@example.com","login":{"uuid":"27921d56-c9c9-4500-826b-eb51c8679096","username":"happypanda894","password":"beerman","salt":"VIXKvbdW","md5":"612713c22265e413a839683070098bee","sha1":"0fb2aef24e80f581a63fa48023ffe76900a86849","sha256":"3c1670c11d98111abfc1759579a125f0ea2c63ffbb6401a3a74a88fee015d9b4"},"dob":{"date":"1983-11-17T04:59:50.137Z","age":40},"registered":{"date":"2008-08-23T00:12:07.417Z","age":15},"phone":"(0310) 237175","cell":"(06) 95008824","id":{"name":"BSN","value":"85530080"},"picture":{"large":"https://randomuser.me/api/portraits/men/10.jpg","medium":"https://randomuser.me/api/portraits/med/men/10.jpg","thumbnail":"https://randomuser.me/api/portraits/thumb/men/10.jpg"},"nat":"NL"}],"info":{"seed":"5a7fdd4056256f9e","results":1,"page":1,"version":"1.4"}} 
 </msg>
<msg time="2024-03-27T01:52:08.882424" level="INFO">/opt/hostedtoolcache/Python/3.12.2/x64/lib/python3.12/site-packages/urllib3/connectionpool.py:1103: InsecureRequestWarning: Unverified HTTPS request is being made to host 'randomuser.me'. Adding certificate verification is strongly advised. See: https://urllib3.readthedocs.io/en/latest/advanced-usage.html#tls-warnings
  warnings.warn(</msg>
<msg time="2024-03-27T01:52:08.882520" level="INFO">${response} = &lt;Response [200]&gt;</msg>
<var>${response}</var>
<arg>consultarAPI</arg>
<arg>/api</arg>
<doc>Sends a GET request on a previously created HTTP Session.</doc>
<status status="PASS" start="2024-03-27T01:52:08.797015" elapsed="0.085547"/>
</kw>
<kw name="Set Variable" owner="BuiltIn">
<msg time="2024-03-27T01:52:08.883661" level="INFO">${json_data} = {'results': [{'gender': 'male', 'name': {'title': 'Mr', 'first': 'Corné', 'last': 'Molema'}, 'location': {'street': {'number': 1855, 'name': 'Bastognestraat'}, 'city': 'Usselo', 'state': 'Groningen', ...</msg>
<var>${json_data}</var>
<arg>${response.json()}</arg>
<doc>Returns the given values which can then be assigned to a variables.</doc>
<status status="PASS" start="2024-03-27T01:52:08.883088" elapsed="0.000603"/>
</kw>
<kw name="Log" owner="BuiltIn">
<msg time="2024-03-27T01:52:08.884170" level="INFO">{'results': [{'gender': 'male', 'name': {'title': 'Mr', 'first': 'Corné', 'last': 'Molema'}, 'location': {'street': {'number': 1855, 'name': 'Bastognestraat'}, 'city': 'Usselo', 'state': 'Groningen', 'country': 'Netherlands', 'postcode': '1895 KY', 'coordinates': {'latitude': '36.9439', 'longitude': '-107.4722'}, 'timezone': {'offset': '+3:30', 'description': 'Tehran'}}, 'email': 'corne.molema@example.com', 'login': {'uuid': '27921d56-c9c9-4500-826b-eb51c8679096', 'username': 'happypanda894', 'password': 'beerman', 'salt': 'VIXKvbdW', 'md5': '612713c22265e413a839683070098bee', 'sha1': '0fb2aef24e80f581a63fa48023ffe76900a86849', 'sha256': '3c1670c11d98111abfc1759579a125f0ea2c63ffbb6401a3a74a88fee015d9b4'}, 'dob': {'date': '1983-11-17T04:59:50.137Z', 'age': 40}, 'registered': {'date': '2008-08-23T00:12:07.417Z', 'age': 15}, 'phone': '(0310) 237175', 'cell': '(06) 95008824', 'id': {'name': 'BSN', 'value': '85530080'}, 'picture': {'large': 'https://randomuser.me/api/portraits/men/10.jpg', 'medium': 'https://randomuser.me/api/portraits/med/men/10.jpg', 'thumbnail': 'https://randomuser.me/api/portraits/thumb/men/10.jpg'}, 'nat': 'NL'}], 'info': {'seed': '5a7fdd4056256f9e', 'results': 1, 'page': 1, 'version': '1.4'}}</msg>
<arg>${json_data}</arg>
<doc>Logs the given message with the given level.</doc>
<status status="PASS" start="2024-03-27T01:52:08.884004" elapsed="0.000249"/>
</kw>
<kw name="Should Be String" owner="String">
<arg>${json_data['results'][0]['gender']}</arg>
<doc>Fails if the given ``item`` is not a string.</doc>
<status status="PASS" start="2024-03-27T01:52:08.884561" elapsed="0.000366"/>
</kw>
<kw name="Should Match Regexp" owner="BuiltIn">
<arg>${json_data['results'][0]['email']}</arg>
<arg>^[a-zA-Z0-9._%+-]+@[a-zA-Z0-9.-]+\.[a-zA-Z]{2,}$</arg>
<doc>Fails if ``string`` does not match ``pattern`` as a regular expression.</doc>
<status status="PASS" start="2024-03-27T01:52:08.885129" elapsed="0.000517"/>
</kw>
<kw name="Should Match Regexp" owner="BuiltIn">
<arg>${json_data['results'][0]['dob']['date']}</arg>
<arg>\\d{4}-\\d{2}-\\d{2}T\\d{2}:\\d{2}:\\d{2}\\.\\d{3}Z</arg>
<doc>Fails if ``string`` does not match ``pattern`` as a regular expression.</doc>
<status status="PASS" start="2024-03-27T01:52:08.885844" elapsed="0.000525"/>
</kw>
<kw name="Should Match Regexp" owner="BuiltIn">
<arg>${json_data['results'][0]['registered']['date']}</arg>
<arg>\\d{4}-\\d{2}-\\d{2}T\\d{2}:\\d{2}:\\d{2}\\.\\d{3}Z</arg>
<doc>Fails if ``string`` does not match ``pattern`` as a regular expression.</doc>
<status status="PASS" start="2024-03-27T01:52:08.886574" elapsed="0.000372"/>
</kw>
<kw name="Should Match Regexp" owner="BuiltIn">
<arg>${json_data['results'][0]['picture']['large']}</arg>
<arg>^https?://.*\.(?:png|jpe?g|gif|bmp)$</arg>
<doc>Fails if ``string`` does not match ``pattern`` as a regular expression.</doc>
<status status="PASS" start="2024-03-27T01:52:08.887137" elapsed="0.000467"/>
</kw>
<kw name="Should Match Regexp" owner="BuiltIn">
<arg>${json_data['results'][0]['picture']['medium']}</arg>
<arg>^https?://.*\.(?:png|jpe?g|gif|bmp)$</arg>
<doc>Fails if ``string`` does not match ``pattern`` as a regular expression.</doc>
<status status="PASS" start="2024-03-27T01:52:08.887794" elapsed="0.000358"/>
</kw>
<kw name="Should Match Regexp" owner="BuiltIn">
<arg>${json_data['results'][0]['picture']['thumbnail']}</arg>
<arg>^https?://.*\.(?:png|jpe?g|gif|bmp)$</arg>
<doc>Fails if ``string`` does not match ``pattern`` as a regular expression.</doc>
<status status="PASS" start="2024-03-27T01:52:08.888336" elapsed="0.000350"/>
</kw>
<kw name="Log" owner="BuiltIn">
<msg time="2024-03-27T01:52:08.889195" level="INFO">{'large': 'https://randomuser.me/api/portraits/men/10.jpg', 'medium': 'https://randomuser.me/api/portraits/med/men/10.jpg', 'thumbnail': 'https://randomuser.me/api/portraits/thumb/men/10.jpg'}</msg>
<arg>${json_data['results'][0]['picture']}</arg>
<doc>Logs the given message with the given level.</doc>
<status status="PASS" start="2024-03-27T01:52:08.888866" elapsed="0.000376"/>
</kw>
<status status="PASS" start="2024-03-27T01:52:08.796791" elapsed="0.092709"/>
</kw>
<kw name="Teste de Tipos de Dados - Postcode" owner="random-user-service">
<kw name="GET On Session" owner="RequestsLibrary">
<msg time="2024-03-27T01:52:08.974983" level="INFO">GET Request : url=https://randomuser.me/api 
 path_url=/api 
 headers={'User-Agent': 'python-requests/2.31.0', 'Accept-Encoding': 'gzip, deflate', 'Accept': '*/*', 'Connection': 'keep-alive'} 
 body=None 
 </msg>
<msg time="2024-03-27T01:52:08.975066" level="INFO">GET Response : url=https://randomuser.me/api 
 status=200, reason=OK 
 headers={'Date': 'Wed, 27 Mar 2024 01:52:08 GMT', 'Content-Type': 'application/json; charset=utf-8', 'Transfer-Encoding': 'chunked', 'Connection': 'keep-alive', 'X-Powered-By': 'Express', 'Access-Control-Allow-Origin': '*', 'Cache-Control': 'no-cache', 'ETag': 'W/"493-rkeGurNKQKB7S9UlJ9x9MJqEB0E"', 'Vary': 'Accept-Encoding', 'Content-Encoding': 'gzip', 'CF-Cache-Status': 'DYNAMIC', 'Report-To': '{"endpoints":[{"url":"https:\\/\\/a.nel.cloudflare.com\\/report\\/v4?s=TmszY9Y7uPJacJSU6ozOVv%2Fue%2FO2qaCwJOq%2F3YzMkW1NsO09IQxQMkUUzfXhJDWzcyYEt5V7ugoi7AxTBqKVNHPNOgfATj0rS7fcMGOm0OLR%2BK%2BQTr2%2FVOva64W%2B6wuv"}],"group":"cf-nel","max_age":604800}', 'NEL': '{"success_fraction":0,"report_to":"cf-nel","max_age":604800}', 'Server': 'cloudflare', 'CF-RAY': '86abbd479ac68192-IAD', 'alt-svc': 'h3=":443"; ma=86400'} 
 body={"results":[{"gender":"male","name":{"title":"Mr","first":"Tibor","last":"Körber"},"location":{"street":{"number":3416,"name":"Im Winkel"},"city":"Sternberg","state":"Saarland","country":"Germany","postcode":16525,"coordinates":{"latitude":"-48.9709","longitude":"-130.6044"},"timezone":{"offset":"+10:00","description":"Eastern Australia, Guam, Vladivostok"}},"email":"tibor.korber@example.com","login":{"uuid":"e8f56db1-437e-43d8-8226-fa2d40c86240","username":"bluegorilla992","password":"bigones","salt":"spB6pYHc","md5":"c2f0695ac5976430bbebacd605b36e42","sha1":"2ee2477d5c16f8c20550b9528b51c826e98f3aa9","sha256":"8bdb1aaf18673cdce9c42696851efcb822a0bb000e069fe77745e8058719d0ec"},"dob":{"date":"1981-01-05T23:37:02.246Z","age":43},"registered":{"date":"2005-04-06T19:36:40.995Z","age":18},"phone":"0207-5413060","cell":"0174-2837494","id":{"name":"SVNR","value":"42 050181 K 223"},"picture":{"large":"https://randomuser.me/api/portraits/men/84.jpg","medium":"https://randomuser.me/api/portraits/med/men/84.jpg","thumbnail":"https://randomuser.me/api/portraits/thumb/men/84.jpg"},"nat":"DE"}],"info":{"seed":"546bd8cdcc0633e1","results":1,"page":1,"version":"1.4"}} 
 </msg>
<msg time="2024-03-27T01:52:08.975154" level="INFO">/opt/hostedtoolcache/Python/3.12.2/x64/lib/python3.12/site-packages/urllib3/connectionpool.py:1103: InsecureRequestWarning: Unverified HTTPS request is being made to host 'randomuser.me'. Adding certificate verification is strongly advised. See: https://urllib3.readthedocs.io/en/latest/advanced-usage.html#tls-warnings
  warnings.warn(</msg>
<msg time="2024-03-27T01:52:08.975267" level="INFO">${response} = &lt;Response [200]&gt;</msg>
<var>${response}</var>
<arg>consultarAPI</arg>
<arg>/api</arg>
<doc>Sends a GET request on a previously created HTTP Session.</doc>
<status status="PASS" start="2024-03-27T01:52:08.890067" elapsed="0.085241"/>
</kw>
<kw name="Set Variable" owner="BuiltIn">
<msg time="2024-03-27T01:52:08.976438" level="INFO">${json_data} = {'results': [{'gender': 'male', 'name': {'title': 'Mr', 'first': 'Tibor', 'last': 'Körber'}, 'location': {'street': {'number': 3416, 'name': 'Im Winkel'}, 'city': 'Sternberg', 'state': 'Saarland', 'co...</msg>
<var>${json_data}</var>
<arg>${response.json()}</arg>
<doc>Returns the given values which can then be assigned to a variables.</doc>
<status status="PASS" start="2024-03-27T01:52:08.975808" elapsed="0.000660"/>
</kw>
<kw name="Log" owner="BuiltIn">
<msg time="2024-03-27T01:52:08.976937" level="INFO">{'results': [{'gender': 'male', 'name': {'title': 'Mr', 'first': 'Tibor', 'last': 'Körber'}, 'location': {'street': {'number': 3416, 'name': 'Im Winkel'}, 'city': 'Sternberg', 'state': 'Saarland', 'country': 'Germany', 'postcode': 16525, 'coordinates': {'latitude': '-48.9709', 'longitude': '-130.6044'}, 'timezone': {'offset': '+10:00', 'description': 'Eastern Australia, Guam, Vladivostok'}}, 'email': 'tibor.korber@example.com', 'login': {'uuid': 'e8f56db1-437e-43d8-8226-fa2d40c86240', 'username': 'bluegorilla992', 'password': 'bigones', 'salt': 'spB6pYHc', 'md5': 'c2f0695ac5976430bbebacd605b36e42', 'sha1': '2ee2477d5c16f8c20550b9528b51c826e98f3aa9', 'sha256': '8bdb1aaf18673cdce9c42696851efcb822a0bb000e069fe77745e8058719d0ec'}, 'dob': {'date': '1981-01-05T23:37:02.246Z', 'age': 43}, 'registered': {'date': '2005-04-06T19:36:40.995Z', 'age': 18}, 'phone': '0207-5413060', 'cell': '0174-2837494', 'id': {'name': 'SVNR', 'value': '42 050181 K 223'}, 'picture': {'large': 'https://randomuser.me/api/portraits/men/84.jpg', 'medium': 'https://randomuser.me/api/portraits/med/men/84.jpg', 'thumbnail': 'https://randomuser.me/api/portraits/thumb/men/84.jpg'}, 'nat': 'DE'}], 'info': {'seed': '546bd8cdcc0633e1', 'results': 1, 'page': 1, 'version': '1.4'}}</msg>
<arg>${json_data}</arg>
<doc>Logs the given message with the given level.</doc>
<status status="PASS" start="2024-03-27T01:52:08.976780" elapsed="0.000237"/>
</kw>
<kw name="Should Be Equal As Numbers" owner="BuiltIn">
<arg>${json_data['results'][0]['location']['postcode']}</arg>
<arg>${json_data['results'][0]['location']['postcode']}</arg>
<doc>Fails if objects are unequal after converting them to real numbers.</doc>
<status status="PASS" start="2024-03-27T01:52:08.977328" elapsed="0.000650"/>
</kw>
<kw name="Log" owner="BuiltIn">
<msg time="2024-03-27T01:52:08.978561" level="INFO">16525</msg>
<arg>${json_data['results'][0]['location']['postcode']}</arg>
<doc>Logs the given message with the given level.</doc>
<status status="PASS" start="2024-03-27T01:52:08.978176" elapsed="0.000427"/>
</kw>
<status status="PASS" start="2024-03-27T01:52:08.889716" elapsed="0.089146"/>
</kw>
<doc>Testa se os tipos de dados na resposta da API estão corretos.</doc>
<tag>testeTiposDados</tag>
<status status="PASS" start="2024-03-27T01:52:08.796368" elapsed="0.182664"/>
</test>
<test id="s1-s1-t5" name="Validar conteudo" line="35">
<kw name="Teste de Tipos de Conteudo" owner="random-user-service">
<kw name="GET On Session" owner="RequestsLibrary">
<msg time="2024-03-27T01:52:09.072897" level="INFO">GET Request : url=https://randomuser.me/api 
 path_url=/api 
 headers={'User-Agent': 'python-requests/2.31.0', 'Accept-Encoding': 'gzip, deflate', 'Accept': '*/*', 'Connection': 'keep-alive'} 
 body=None 
 </msg>
<msg time="2024-03-27T01:52:09.073014" level="INFO">GET Response : url=https://randomuser.me/api 
 status=200, reason=OK 
 headers={'Date': 'Wed, 27 Mar 2024 01:52:09 GMT', 'Content-Type': 'application/json; charset=utf-8', 'Transfer-Encoding': 'chunked', 'Connection': 'keep-alive', 'X-Powered-By': 'Express', 'Access-Control-Allow-Origin': '*', 'Cache-Control': 'no-cache', 'ETag': 'W/"49c-0f5HnsfCgTLD6KmpBZwySyZubdc"', 'Vary': 'Accept-Encoding', 'Content-Encoding': 'gzip', 'CF-Cache-Status': 'DYNAMIC', 'Report-To': '{"endpoints":[{"url":"https:\\/\\/a.nel.cloudflare.com\\/report\\/v4?s=omWp2cC36XUel%2FkMWXb0M4qEBEU%2B5WutkfJN97agW66wOeOin3JOgtzvoP%2BR5gNsBaTjmHAMfNfbDus6zsTtQJFQbepXkiXA1HrcSCV%2FzWOtx75DDlefWDgrcqGQRJg9"}],"group":"cf-nel","max_age":604800}', 'NEL': '{"success_fraction":0,"report_to":"cf-nel","max_age":604800}', 'Server': 'cloudflare', 'CF-RAY': '86abbd482b6c8192-IAD', 'alt-svc': 'h3=":443"; ma=86400'} 
 body={"results":[{"gender":"female","name":{"title":"Ms","first":"Cristina","last":"Crespo"},"location":{"street":{"number":5685,"name":"Paseo de Extremadura"},"city":"Barcelona","state":"Comunidad Valenciana","country":"Spain","postcode":53857,"coordinates":{"latitude":"-38.2432","longitude":"63.2438"},"timezone":{"offset":"+7:00","description":"Bangkok, Hanoi, Jakarta"}},"email":"cristina.crespo@example.com","login":{"uuid":"42fc9f18-7885-4ec4-b9bd-b8eb449eb9ca","username":"ticklishpanda604","password":"punch","salt":"IHw7VqnJ","md5":"d0eb7accc923e03ce586dd2cbc7e276d","sha1":"8ed38768b07489658afaa48b26031f37c8968bad","sha256":"b867aaf0b23cd8a735ef5387634be59f0ccdb4e538dfbefbba461c5a41ed190a"},"dob":{"date":"1995-03-21T08:17:18.404Z","age":29},"registered":{"date":"2016-08-16T01:07:58.942Z","age":7},"phone":"926-965-863","cell":"671-601-973","id":{"name":"DNI","value":"60955156-B"},"picture":{"large":"https://randomuser.me/api/portraits/women/25.jpg","medium":"https://randomuser.me/api/portraits/med/women/25.jpg","thumbnail":"https://randomuser.me/api/portraits/thumb/women/25.jpg"},"nat":"ES"}],"info":{"seed":"9bb9e1af87cbd4db","results":1,"page":1,"version":"1.4"}} 
 </msg>
<msg time="2024-03-27T01:52:09.073104" level="INFO">/opt/hostedtoolcache/Python/3.12.2/x64/lib/python3.12/site-packages/urllib3/connectionpool.py:1103: InsecureRequestWarning: Unverified HTTPS request is being made to host 'randomuser.me'. Adding certificate verification is strongly advised. See: https://urllib3.readthedocs.io/en/latest/advanced-usage.html#tls-warnings
  warnings.warn(</msg>
<msg time="2024-03-27T01:52:09.073250" level="INFO">${response} = &lt;Response [200]&gt;</msg>
<var>${response}</var>
<arg>consultarAPI</arg>
<arg>/api</arg>
<doc>Sends a GET request on a previously created HTTP Session.</doc>
<status status="PASS" start="2024-03-27T01:52:08.981957" elapsed="0.091349"/>
</kw>
<kw name="Set Variable" owner="BuiltIn">
<msg time="2024-03-27T01:52:09.074413" level="INFO">${json_data} = {'results': [{'gender': 'female', 'name': {'title': 'Ms', 'first': 'Cristina', 'last': 'Crespo'}, 'location': {'street': {'number': 5685, 'name': 'Paseo de Extremadura'}, 'city': 'Barcelona', 'state':...</msg>
<var>${json_data}</var>
<arg>${response.json()}</arg>
<doc>Returns the given values which can then be assigned to a variables.</doc>
<status status="PASS" start="2024-03-27T01:52:09.073841" elapsed="0.000603"/>
</kw>
<kw name="Set Variable" owner="BuiltIn">
<msg time="2024-03-27T01:52:09.075157" level="INFO">${name_title} = Ms</msg>
<var>${name_title}</var>
<arg>${json_data["results"][0]["name"]["title"]}</arg>
<doc>Returns the given values which can then be assigned to a variables.</doc>
<status status="PASS" start="2024-03-27T01:52:09.074756" elapsed="0.000428"/>
</kw>
<kw name="Create List" owner="BuiltIn">
<msg time="2024-03-27T01:52:09.075649" level="INFO">${allowed_titles} = ['Mr', 'Ms', 'Miss', 'Mrs', 'Madame', 'Monsieur']</msg>
<var>${allowed_titles}</var>
<arg>Mr</arg>
<arg>Ms</arg>
<arg>Miss</arg>
<arg>Mrs</arg>
<arg>Madame</arg>
<arg>Monsieur</arg>
<doc>Returns a list containing given items.</doc>
<status status="PASS" start="2024-03-27T01:52:09.075494" elapsed="0.000181"/>
</kw>
<kw name="List Should Contain Value" owner="Collections">
<msg time="2024-03-27T01:52:09.076165" level="INFO">False</msg>
<arg>${allowed_titles}</arg>
<arg>${name_title}</arg>
<doc>Fails if the ``value`` is not found from ``list``.</doc>
<status status="PASS" start="2024-03-27T01:52:09.075987" elapsed="0.000217"/>
</kw>
<kw name="Set Variable" owner="BuiltIn">
<msg time="2024-03-27T01:52:09.076884" level="INFO">${name_country} = ES</msg>
<var>${name_country}</var>
<arg>${json_data["results"][0]["nat"]}</arg>
<doc>Returns the given values which can then be assigned to a variables.</doc>
<status status="PASS" start="2024-03-27T01:52:09.076500" elapsed="0.000410"/>
</kw>
<kw name="Create List" owner="BuiltIn">
<msg time="2024-03-27T01:52:09.077815" level="INFO">${list_country} = ['AD', 'AE', 'AF', 'AG', 'AI', 'AL', 'AM', 'AO', 'AQ', 'AR', 'AS', 'AT', 'AU', 'AW', 'AX', 'AZ', 'BA', 'BB', 'BD', 'BE', 'BF', 'BG', 'BH', 'BI', 'BJ', 'BL', 'BM', 'BN', 'BO', 'BQ', 'BR', 'BS', 'BT', '...</msg>
<var>${list_country}</var>
<arg>AD</arg>
<arg>AE</arg>
<arg>AF</arg>
<arg>AG</arg>
<arg>AI</arg>
<arg>AL</arg>
<arg>AM</arg>
<arg>AO</arg>
<arg>AQ</arg>
<arg>AR</arg>
<arg>AS</arg>
<arg>AT</arg>
<arg>AU</arg>
<arg>AW</arg>
<arg>AX</arg>
<arg>AZ</arg>
<arg>BA</arg>
<arg>BB</arg>
<arg>BD</arg>
<arg>BE</arg>
<arg>BF</arg>
<arg>BG</arg>
<arg>BH</arg>
<arg>BI</arg>
<arg>BJ</arg>
<arg>BL</arg>
<arg>BM</arg>
<arg>BN</arg>
<arg>BO</arg>
<arg>BQ</arg>
<arg>BR</arg>
<arg>BS</arg>
<arg>BT</arg>
<arg>BV</arg>
<arg>BW</arg>
<arg>BY</arg>
<arg>BZ</arg>
<arg>CA</arg>
<arg>CC</arg>
<arg>CD</arg>
<arg>CF</arg>
<arg>CG</arg>
<arg>CH</arg>
<arg>CI</arg>
<arg>CK</arg>
<arg>CL</arg>
<arg>CM</arg>
<arg>CN</arg>
<arg>CO</arg>
<arg>CR</arg>
<arg>CU</arg>
<arg>CV</arg>
<arg>CW</arg>
<arg>CX</arg>
<arg>CY</arg>
<arg>CZ</arg>
<arg>DE</arg>
<arg>DJ</arg>
<arg>DK</arg>
<arg>DM</arg>
<arg>DO</arg>
<arg>DZ</arg>
<arg>EC</arg>
<arg>EE</arg>
<arg>EG</arg>
<arg>EH</arg>
<arg>ER</arg>
<arg>ES</arg>
<arg>ET</arg>
<arg>FI</arg>
<arg>FJ</arg>
<arg>FK</arg>
<arg>FM</arg>
<arg>FO</arg>
<arg>FR</arg>
<arg>GA</arg>
<arg>GB</arg>
<arg>GD</arg>
<arg>GE</arg>
<arg>GF</arg>
<arg>GG</arg>
<arg>GH</arg>
<arg>GI</arg>
<arg>GL</arg>
<arg>GM</arg>
<arg>GN</arg>
<arg>GP</arg>
<arg>GQ</arg>
<arg>GR</arg>
<arg>GS</arg>
<arg>GT</arg>
<arg>GU</arg>
<arg>GW</arg>
<arg>GY</arg>
<arg>HK</arg>
<arg>HM</arg>
<arg>HN</arg>
<arg>HR</arg>
<arg>HT</arg>
<arg>HU</arg>
<arg>ID</arg>
<arg>IE</arg>
<arg>IL</arg>
<arg>IM</arg>
<arg>IN</arg>
<arg>IO</arg>
<arg>IQ</arg>
<arg>IR</arg>
<arg>IS</arg>
<arg>IT</arg>
<arg>JE</arg>
<arg>JM</arg>
<arg>JO</arg>
<arg>JP</arg>
<arg>KE</arg>
<arg>KG</arg>
<arg>KH</arg>
<arg>KI</arg>
<arg>KM</arg>
<arg>KN</arg>
<arg>KP</arg>
<arg>KR</arg>
<arg>KW</arg>
<arg>KY</arg>
<arg>KZ</arg>
<arg>LA</arg>
<arg>LB</arg>
<arg>LC</arg>
<arg>LI</arg>
<arg>LK</arg>
<arg>LR</arg>
<arg>LS</arg>
<arg>LT</arg>
<arg>LU</arg>
<arg>LV</arg>
<arg>LY</arg>
<arg>MA</arg>
<arg>MC</arg>
<arg>MD</arg>
<arg>ME</arg>
<arg>MF</arg>
<arg>MG</arg>
<arg>MH</arg>
<arg>MK</arg>
<arg>ML</arg>
<arg>MM</arg>
<arg>MN</arg>
<arg>MO</arg>
<arg>MP</arg>
<arg>MQ</arg>
<arg>MR</arg>
<arg>MS</arg>
<arg>MT</arg>
<arg>MU</arg>
<arg>MV</arg>
<arg>MW</arg>
<arg>MX</arg>
<arg>MY</arg>
<arg>MZ</arg>
<arg>NA</arg>
<arg>NC</arg>
<arg>NE</arg>
<arg>NF</arg>
<arg>NG</arg>
<arg>NI</arg>
<arg>NL</arg>
<arg>NO</arg>
<arg>NP</arg>
<arg>NR</arg>
<arg>NU</arg>
<arg>NZ</arg>
<arg>OM</arg>
<arg>PA</arg>
<arg>PE</arg>
<arg>PF</arg>
<arg>PG</arg>
<arg>PH</arg>
<arg>PK</arg>
<arg>PL</arg>
<arg>PM</arg>
<arg>PN</arg>
<arg>PR</arg>
<arg>PS</arg>
<arg>PT</arg>
<arg>PW</arg>
<arg>PY</arg>
<arg>QA</arg>
<arg>RE</arg>
<arg>RO</arg>
<arg>RS</arg>
<arg>RU</arg>
<arg>RW</arg>
<arg>SA</arg>
<arg>SB</arg>
<arg>SC</arg>
<arg>SD</arg>
<arg>SE</arg>
<arg>SG</arg>
<arg>SH</arg>
<arg>SI</arg>
<arg>SJ</arg>
<arg>SK</arg>
<arg>SL</arg>
<arg>SM</arg>
<arg>SN</arg>
<arg>SO</arg>
<arg>SR</arg>
<arg>SS</arg>
<arg>ST</arg>
<arg>SV</arg>
<arg>SX</arg>
<arg>SY</arg>
<arg>SZ</arg>
<arg>TC</arg>
<arg>TD</arg>
<arg>TF</arg>
<arg>TG</arg>
<arg>TH</arg>
<arg>TJ</arg>
<arg>TK</arg>
<arg>TL</arg>
<arg>TM</arg>
<arg>TN</arg>
<arg>TO</arg>
<arg>TR</arg>
<arg>TT</arg>
<arg>TV</arg>
<arg>TW</arg>
<arg>TZ</arg>
<arg>UA</arg>
<arg>UG</arg>
<arg>UM</arg>
<arg>US</arg>
<arg>UY</arg>
<arg>UZ</arg>
<arg>VA</arg>
<arg>VC</arg>
<arg>VE</arg>
<arg>VG</arg>
<arg>VI</arg>
<arg>VN</arg>
<arg>VU</arg>
<arg>WF</arg>
<arg>WS</arg>
<arg>XK</arg>
<arg>YE</arg>
<arg>YT</arg>
<arg>ZA</arg>
<arg>ZM</arg>
<arg>ZW</arg>
<doc>Returns a list containing given items.</doc>
<status status="PASS" start="2024-03-27T01:52:09.077219" elapsed="0.000623"/>
</kw>
<kw name="List Should Contain Value" owner="Collections">
<msg time="2024-03-27T01:52:09.079018" level="INFO">False</msg>
<arg>${list_country}</arg>
<arg>${name_country}</arg>
<doc>Fails if the ``value`` is not found from ``list``.</doc>
<status status="PASS" start="2024-03-27T01:52:09.078810" elapsed="0.000246"/>
</kw>
<kw name="Run Keyword If" owner="BuiltIn">
<kw name="Should Be True" owner="BuiltIn">
<arg>${True}</arg>
<doc>Fails if the given condition is not true.</doc>
<status status="PASS" start="2024-03-27T01:52:09.080140" elapsed="0.000148"/>
</kw>
<arg>${json_data["results"][0]["location"]["coordinates"]["latitude"]} &gt;= -90 and ${json_data["results"][0]["location"]["coordinates"]["latitude"]} &lt;= 90</arg>
<arg>Should Be True</arg>
<arg>${True}</arg>
<doc>Runs the given keyword with the given arguments, if ``condition`` is true.</doc>
<status status="PASS" start="2024-03-27T01:52:09.079372" elapsed="0.001048"/>
</kw>
<kw name="Run Keyword If" owner="BuiltIn">
<kw name="Should Be True" owner="BuiltIn">
<arg>${True}</arg>
<doc>Fails if the given condition is not true.</doc>
<status status="PASS" start="2024-03-27T01:52:09.081326" elapsed="0.000142"/>
</kw>
<arg>${json_data["results"][0]["location"]["coordinates"]["longitude"]} &gt;= -180 and ${json_data["results"][0]["location"]["coordinates"]["longitude"]} &lt;= 180</arg>
<arg>Should Be True</arg>
<arg>${True}</arg>
<doc>Runs the given keyword with the given arguments, if ``condition`` is true.</doc>
<status status="PASS" start="2024-03-27T01:52:09.080610" elapsed="0.000985"/>
</kw>
<status status="PASS" start="2024-03-27T01:52:08.981582" elapsed="0.100152"/>
</kw>
<doc>Testa o conteúdo específico dos campos retornados pela API.</doc>
<tag>testeConteudo</tag>
<status status="PASS" start="2024-03-27T01:52:08.980871" elapsed="0.101025"/>
</test>
<status status="PASS" start="2024-03-27T01:52:08.296629" elapsed="0.787243"/>
</suite>
<status status="PASS" start="2024-03-27T01:52:08.282447" elapsed="0.806840"/>
</suite>
<statistics>
<total>
<stat pass="5" fail="0" skip="0">All Tests</stat>
</total>
<tag>
<stat pass="1" fail="0" skip="0">testeConteudo</stat>
<stat pass="1" fail="0" skip="0">testeEstruturaResposta</stat>
<stat pass="1" fail="0" skip="0">testeRequisicaoBasica</stat>
<stat pass="1" fail="0" skip="0">testeTiposDados</stat>
</tag>
<suite>
<stat pass="5" fail="0" skip="0" id="s1" name="Tests">Tests</stat>
<stat pass="5" fail="0" skip="0" id="s1-s1" name="Random-User-Test">Tests.Random-User-Test</stat>
</suite>
</statistics>
<errors>
</errors>
</robot>
