<?xml version="1.0" encoding="UTF-8"?>
<robot generator="Robot 7.0 (Python 3.12.2 on linux)" generated="2024-04-12T09:14:51.723470" rpa="false" schemaversion="5">
<suite id="s1" name="Tests" source="/home/runner/work/DesafioQAItauRogerioJordao/DesafioQAItauRogerioJordao/RamdonUser/tests">
<suite id="s1-s1" name="Random-User-Test" source="/home/runner/work/DesafioQAItauRogerioJordao/DesafioQAItauRogerioJordao/RamdonUser/tests/random-user-test.robot">
<test id="s1-s1-t1" name="Conectar" line="13">
<kw name="Conectar API" owner="random-user-service">
<kw name="Create Session" owner="RequestsLibrary">
<msg time="2024-04-12T09:14:52.087551" level="INFO">Creating Session using : alias=consultarAPI, url=https://randomuser.me/, headers={},                     cookies={}, auth=None, timeout=None, proxies=None, verify=False,                     debug=0 </msg>
<arg>consultarAPI</arg>
<arg>${URL}</arg>
<doc>Create Session: create a HTTP session to a server</doc>
<status status="PASS" start="2024-04-12T09:14:52.087355" elapsed="0.000360"/>
</kw>
<status status="PASS" start="2024-04-12T09:14:52.086349" elapsed="0.001716"/>
</kw>
<status status="PASS" start="2024-04-12T09:14:52.085739" elapsed="0.002530"/>
</test>
<test id="s1-s1-t2" name="Validar retorno 200 e JSON Válido" line="16">
<kw name="Teste de Requisicao Basica" owner="random-user-service">
<kw name="GET On Session" owner="RequestsLibrary">
<msg time="2024-04-12T09:14:52.164990" level="INFO">GET Request : url=https://randomuser.me/api 
 path_url=/api 
 headers={'User-Agent': 'python-requests/2.31.0', 'Accept-Encoding': 'gzip, deflate', 'Accept': '*/*', 'Connection': 'keep-alive'} 
 body=None 
 </msg>
<msg time="2024-04-12T09:14:52.165100" level="INFO">GET Response : url=https://randomuser.me/api 
 status=200, reason=OK 
 headers={'Date': 'Fri, 12 Apr 2024 09:14:52 GMT', 'Content-Type': 'application/json; charset=utf-8', 'Transfer-Encoding': 'chunked', 'Connection': 'keep-alive', 'X-Powered-By': 'Express', 'Access-Control-Allow-Origin': '*', 'Cache-Control': 'no-cache', 'ETag': 'W/"482-pu+9LvFe14SGdwcrBjpU5Kf9WmY"', 'Vary': 'Accept-Encoding', 'Content-Encoding': 'gzip', 'CF-Cache-Status': 'DYNAMIC', 'Report-To': '{"endpoints":[{"url":"https:\\/\\/a.nel.cloudflare.com\\/report\\/v4?s=SXAN6nxqqKku%2BgGxi3xjeIRTiy58hdAf9wuZWOD9G6qRAQ3V%2FlXrc0LTDHexzco%2BBzFcrEeRg5uIzUY%2FhqYMUMMOrjMBo%2FbRFi7puZq5W4x%2BlThKoW12SBnS8s8uGmgn"}],"group":"cf-nel","max_age":604800}', 'NEL': '{"success_fraction":0,"report_to":"cf-nel","max_age":604800}', 'Server': 'cloudflare', 'CF-RAY': '87321bcbdd112340-ORD', 'alt-svc': 'h3=":443"; ma=86400'} 
 body={"results":[{"gender":"male","name":{"title":"Mr","first":"Ricardo","last":"Lankhaar"},"location":{"street":{"number":9819,"name":"Jasmijnweg"},"city":"Loenersloot","state":"Friesland","country":"Netherlands","postcode":"7825 KT","coordinates":{"latitude":"38.5434","longitude":"-133.5294"},"timezone":{"offset":"+5:45","description":"Kathmandu"}},"email":"ricardo.lankhaar@example.com","login":{"uuid":"c6bfd721-6afc-4695-a194-086f6825fbe6","username":"organicfish140","password":"azsxdc","salt":"AN8XyKvQ","md5":"3ac31eb0261b3353eae7d73e9c10cfdd","sha1":"04dbc3e576927b93c709e3a2388c2b95e1fd05b9","sha256":"b8260935d86410c0c6010cbb6e1a801f19f75aa4862841d97c0e6aca87b8f153"},"dob":{"date":"1974-08-16T16:21:21.272Z","age":49},"registered":{"date":"2010-01-08T15:48:12.220Z","age":14},"phone":"(0532) 298380","cell":"(06) 30746836","id":{"name":"BSN","value":"81297921"},"picture":{"large":"https://randomuser.me/api/portraits/men/99.jpg","medium":"https://randomuser.me/api/portraits/med/men/99.jpg","thumbnail":"https://randomuser.me/api/portraits/thumb/men/99.jpg"},"nat":"NL"}],"info":{"seed":"be33944f87577a0b","results":1,"page":1,"version":"1.4"}} 
 </msg>
<msg time="2024-04-12T09:14:52.165171" level="INFO">/opt/hostedtoolcache/Python/3.12.2/x64/lib/python3.12/site-packages/urllib3/connectionpool.py:1103: InsecureRequestWarning: Unverified HTTPS request is being made to host 'randomuser.me'. Adding certificate verification is strongly advised. See: https://urllib3.readthedocs.io/en/latest/advanced-usage.html#tls-warnings
  warnings.warn(</msg>
<msg time="2024-04-12T09:14:52.165286" level="INFO">${response} = &lt;Response [200]&gt;</msg>
<var>${response}</var>
<arg>consultarAPI</arg>
<arg>/api</arg>
<doc>Sends a GET request on a previously created HTTP Session.</doc>
<status status="PASS" start="2024-04-12T09:14:52.090962" elapsed="0.074367"/>
</kw>
<kw name="Should Be Equal As Numbers" owner="BuiltIn">
<msg time="2024-04-12T09:14:52.166331" level="INFO">Argument types are:
&lt;class 'int'&gt;
&lt;class 'str'&gt;</msg>
<arg>${response.status_code}</arg>
<arg>200</arg>
<doc>Fails if objects are unequal after converting them to real numbers.</doc>
<status status="PASS" start="2024-04-12T09:14:52.165847" elapsed="0.000549"/>
</kw>
<kw name="Log" owner="BuiltIn">
<msg time="2024-04-12T09:14:52.167115" level="INFO">200</msg>
<arg>${response.status_code}</arg>
<doc>Logs the given message with the given level.</doc>
<status status="PASS" start="2024-04-12T09:14:52.166728" elapsed="0.000429"/>
</kw>
<kw name="Set Variable" owner="BuiltIn">
<msg time="2024-04-12T09:14:52.167927" level="INFO">${json_data} = {'results': [{'gender': 'male', 'name': {'title': 'Mr', 'first': 'Ricardo', 'last': 'Lankhaar'}, 'location': {'street': {'number': 9819, 'name': 'Jasmijnweg'}, 'city': 'Loenersloot', 'state': 'Friesla...</msg>
<var>${json_data}</var>
<arg>${response.json()}</arg>
<doc>Returns the given values which can then be assigned to a variables.</doc>
<status status="PASS" start="2024-04-12T09:14:52.167489" elapsed="0.000466"/>
</kw>
<kw name="Dictionary Should Contain Key" owner="Collections">
<msg time="2024-04-12T09:14:52.168458" level="INFO">False</msg>
<arg>${json_data}</arg>
<arg>results</arg>
<doc>Fails if ``key`` is not found from ``dictionary``.</doc>
<status status="PASS" start="2024-04-12T09:14:52.168257" elapsed="0.000242"/>
</kw>
<status status="PASS" start="2024-04-12T09:14:52.090710" elapsed="0.078042"/>
</kw>
<doc>Testa se a API responde corretamente e retorna um objeto JSON válido.</doc>
<tag>testeRequisicaoBasica</tag>
<status status="PASS" start="2024-04-12T09:14:52.090171" elapsed="0.078759"/>
</test>
<test id="s1-s1-t3" name="Validar estrutura de resposta" line="22">
<kw name="Teste de Estrutura de Resposta" owner="random-user-service">
<kw name="GET On Session" owner="RequestsLibrary">
<msg time="2024-04-12T09:14:52.269244" level="INFO">GET Request : url=https://randomuser.me/api 
 path_url=/api 
 headers={'User-Agent': 'python-requests/2.31.0', 'Accept-Encoding': 'gzip, deflate', 'Accept': '*/*', 'Connection': 'keep-alive'} 
 body=None 
 </msg>
<msg time="2024-04-12T09:14:52.269325" level="INFO">GET Response : url=https://randomuser.me/api 
 status=200, reason=OK 
 headers={'Date': 'Fri, 12 Apr 2024 09:14:52 GMT', 'Content-Type': 'application/json; charset=utf-8', 'Transfer-Encoding': 'chunked', 'Connection': 'keep-alive', 'X-Powered-By': 'Express', 'Access-Control-Allow-Origin': '*', 'Cache-Control': 'no-cache', 'ETag': 'W/"4a5-EIoOute1cT/+fq2V+G1GnxDAlPI"', 'Vary': 'Accept-Encoding', 'Content-Encoding': 'gzip', 'CF-Cache-Status': 'DYNAMIC', 'Report-To': '{"endpoints":[{"url":"https:\\/\\/a.nel.cloudflare.com\\/report\\/v4?s=zg%2F%2FYMWFbXzXP08fGH%2FkL3OrUaYFYU8c8GGvsF8oyujwpGRljbUJ84L2lX4hNkpyPo%2FEnvzz4lDaCIZr5m08Q8ztgoCoVPmLtjEg0AWOaX2IOmXHkeAIGzCuYvc8FhEY"}],"group":"cf-nel","max_age":604800}', 'NEL': '{"success_fraction":0,"report_to":"cf-nel","max_age":604800}', 'Server': 'cloudflare', 'CF-RAY': '87321bcc1d3d2340-ORD', 'alt-svc': 'h3=":443"; ma=86400'} 
 body={"results":[{"gender":"female","name":{"title":"Miss","first":"Katherine","last":"Hawkins"},"location":{"street":{"number":5376,"name":"Richmond Park"},"city":"Shannon","state":"South Dublin","country":"Ireland","postcode":94495,"coordinates":{"latitude":"-3.0105","longitude":"140.5907"},"timezone":{"offset":"+10:00","description":"Eastern Australia, Guam, Vladivostok"}},"email":"katherine.hawkins@example.com","login":{"uuid":"860f8adc-fede-48d8-8711-675c49303552","username":"beautifulgorilla535","password":"baylor","salt":"5Y5I1HqB","md5":"36627f021162adc13c9ec81f895eb7f7","sha1":"cf95d2f7dc9e425f002ab18d617d2dfc51ccc28f","sha256":"f35de663f85cde9189b733292bf17e28cd98c7a9e2c20da7900d0296a733ea48"},"dob":{"date":"1963-01-16T16:02:33.610Z","age":61},"registered":{"date":"2018-06-07T08:14:44.254Z","age":5},"phone":"051-201-3313","cell":"081-198-3273","id":{"name":"PPS","value":"5597754T"},"picture":{"large":"https://randomuser.me/api/portraits/women/26.jpg","medium":"https://randomuser.me/api/portraits/med/women/26.jpg","thumbnail":"https://randomuser.me/api/portraits/thumb/women/26.jpg"},"nat":"IE"}],"info":{"seed":"7a290565a9c386c1","results":1,"page":1,"version":"1.4"}} 
 </msg>
<msg time="2024-04-12T09:14:52.269471" level="INFO">/opt/hostedtoolcache/Python/3.12.2/x64/lib/python3.12/site-packages/urllib3/connectionpool.py:1103: InsecureRequestWarning: Unverified HTTPS request is being made to host 'randomuser.me'. Adding certificate verification is strongly advised. See: https://urllib3.readthedocs.io/en/latest/advanced-usage.html#tls-warnings
  warnings.warn(</msg>
<msg time="2024-04-12T09:14:52.269592" level="INFO">${response} = &lt;Response [200]&gt;</msg>
<var>${response}</var>
<arg>consultarAPI</arg>
<arg>/api</arg>
<doc>Sends a GET request on a previously created HTTP Session.</doc>
<status status="PASS" start="2024-04-12T09:14:52.171721" elapsed="0.097921"/>
</kw>
<kw name="Set Variable" owner="BuiltIn">
<msg time="2024-04-12T09:14:52.270698" level="INFO">${json_data} = {'results': [{'gender': 'female', 'name': {'title': 'Miss', 'first': 'Katherine', 'last': 'Hawkins'}, 'location': {'street': {'number': 5376, 'name': 'Richmond Park'}, 'city': 'Shannon', 'state': 'Sou...</msg>
<var>${json_data}</var>
<arg>${response.json()}</arg>
<doc>Returns the given values which can then be assigned to a variables.</doc>
<status status="PASS" start="2024-04-12T09:14:52.270142" elapsed="0.000585"/>
</kw>
<kw name="Log" owner="BuiltIn">
<msg time="2024-04-12T09:14:52.271197" level="INFO">{'results': [{'gender': 'female', 'name': {'title': 'Miss', 'first': 'Katherine', 'last': 'Hawkins'}, 'location': {'street': {'number': 5376, 'name': 'Richmond Park'}, 'city': 'Shannon', 'state': 'South Dublin', 'country': 'Ireland', 'postcode': 94495, 'coordinates': {'latitude': '-3.0105', 'longitude': '140.5907'}, 'timezone': {'offset': '+10:00', 'description': 'Eastern Australia, Guam, Vladivostok'}}, 'email': 'katherine.hawkins@example.com', 'login': {'uuid': '860f8adc-fede-48d8-8711-675c49303552', 'username': 'beautifulgorilla535', 'password': 'baylor', 'salt': '5Y5I1HqB', 'md5': '36627f021162adc13c9ec81f895eb7f7', 'sha1': 'cf95d2f7dc9e425f002ab18d617d2dfc51ccc28f', 'sha256': 'f35de663f85cde9189b733292bf17e28cd98c7a9e2c20da7900d0296a733ea48'}, 'dob': {'date': '1963-01-16T16:02:33.610Z', 'age': 61}, 'registered': {'date': '2018-06-07T08:14:44.254Z', 'age': 5}, 'phone': '051-201-3313', 'cell': '081-198-3273', 'id': {'name': 'PPS', 'value': '5597754T'}, 'picture': {'large': 'https://randomuser.me/api/portraits/women/26.jpg', 'medium': 'https://randomuser.me/api/portraits/med/women/26.jpg', 'thumbnail': 'https://randomuser.me/api/portraits/thumb/women/26.jpg'}, 'nat': 'IE'}], 'info': {'seed': '7a290565a9c386c1', 'results': 1, 'page': 1, 'version': '1.4'}}</msg>
<arg>${json_data}</arg>
<doc>Logs the given message with the given level.</doc>
<status status="PASS" start="2024-04-12T09:14:52.271038" elapsed="0.000206"/>
</kw>
<kw name="Dictionary Should Contain Key" owner="Collections">
<msg time="2024-04-12T09:14:52.271690" level="INFO">False</msg>
<arg>${json_data}</arg>
<arg>results</arg>
<doc>Fails if ``key`` is not found from ``dictionary``.</doc>
<status status="PASS" start="2024-04-12T09:14:52.271535" elapsed="0.000192"/>
</kw>
<kw name="Should Not Be Empty" owner="BuiltIn">
<msg time="2024-04-12T09:14:52.272154" level="INFO">Length is 2.</msg>
<arg>${json_data}</arg>
<doc>Verifies that the given item is not empty.</doc>
<status status="PASS" start="2024-04-12T09:14:52.272022" elapsed="0.000169"/>
</kw>
<kw name="Create List" owner="BuiltIn">
<msg time="2024-04-12T09:14:52.272679" level="INFO">${expected_keys} = ['gender', 'name', 'location', 'email', 'login']</msg>
<var>${expected_keys}</var>
<arg>gender</arg>
<arg>name</arg>
<arg>location</arg>
<arg>email</arg>
<arg>login</arg>
<doc>Returns a list containing given items.</doc>
<status status="PASS" start="2024-04-12T09:14:52.272526" elapsed="0.000179"/>
</kw>
<for flavor="IN">
<iter>
<kw name="Dictionary Should Contain Key" owner="Collections">
<msg time="2024-04-12T09:14:52.273685" level="INFO">False</msg>
<arg>${json_data['results'][0]}</arg>
<arg>${key}</arg>
<doc>Fails if ``key`` is not found from ``dictionary``.</doc>
<status status="PASS" start="2024-04-12T09:14:52.273272" elapsed="0.000452"/>
</kw>
<kw name="Log" owner="BuiltIn">
<msg time="2024-04-12T09:14:52.274400" level="INFO">{'gender': 'female', 'name': {'title': 'Miss', 'first': 'Katherine', 'last': 'Hawkins'}, 'location': {'street': {'number': 5376, 'name': 'Richmond Park'}, 'city': 'Shannon', 'state': 'South Dublin', 'country': 'Ireland', 'postcode': 94495, 'coordinates': {'latitude': '-3.0105', 'longitude': '140.5907'}, 'timezone': {'offset': '+10:00', 'description': 'Eastern Australia, Guam, Vladivostok'}}, 'email': 'katherine.hawkins@example.com', 'login': {'uuid': '860f8adc-fede-48d8-8711-675c49303552', 'username': 'beautifulgorilla535', 'password': 'baylor', 'salt': '5Y5I1HqB', 'md5': '36627f021162adc13c9ec81f895eb7f7', 'sha1': 'cf95d2f7dc9e425f002ab18d617d2dfc51ccc28f', 'sha256': 'f35de663f85cde9189b733292bf17e28cd98c7a9e2c20da7900d0296a733ea48'}, 'dob': {'date': '1963-01-16T16:02:33.610Z', 'age': 61}, 'registered': {'date': '2018-06-07T08:14:44.254Z', 'age': 5}, 'phone': '051-201-3313', 'cell': '081-198-3273', 'id': {'name': 'PPS', 'value': '5597754T'}, 'picture': {'large': 'https://randomuser.me/api/portraits/women/26.jpg', 'medium': 'https://randomuser.me/api/portraits/med/women/26.jpg', 'thumbnail': 'https://randomuser.me/api/portraits/thumb/women/26.jpg'}, 'nat': 'IE'}</msg>
<arg>${json_data['results'][0]}</arg>
<doc>Logs the given message with the given level.</doc>
<status status="PASS" start="2024-04-12T09:14:52.274033" elapsed="0.000415"/>
</kw>
<kw name="Log" owner="BuiltIn">
<msg time="2024-04-12T09:14:52.274886" level="INFO">gender</msg>
<arg>${key}</arg>
<doc>Logs the given message with the given level.</doc>
<status status="PASS" start="2024-04-12T09:14:52.274756" elapsed="0.000167"/>
</kw>
<var name="${key}">gender</var>
<status status="PASS" start="2024-04-12T09:14:52.273147" elapsed="0.001989"/>
</iter>
<iter>
<kw name="Dictionary Should Contain Key" owner="Collections">
<msg time="2024-04-12T09:14:52.275827" level="INFO">False</msg>
<arg>${json_data['results'][0]}</arg>
<arg>${key}</arg>
<doc>Fails if ``key`` is not found from ``dictionary``.</doc>
<status status="PASS" start="2024-04-12T09:14:52.275440" elapsed="0.000425"/>
</kw>
<kw name="Log" owner="BuiltIn">
<msg time="2024-04-12T09:14:52.276586" level="INFO">{'gender': 'female', 'name': {'title': 'Miss', 'first': 'Katherine', 'last': 'Hawkins'}, 'location': {'street': {'number': 5376, 'name': 'Richmond Park'}, 'city': 'Shannon', 'state': 'South Dublin', 'country': 'Ireland', 'postcode': 94495, 'coordinates': {'latitude': '-3.0105', 'longitude': '140.5907'}, 'timezone': {'offset': '+10:00', 'description': 'Eastern Australia, Guam, Vladivostok'}}, 'email': 'katherine.hawkins@example.com', 'login': {'uuid': '860f8adc-fede-48d8-8711-675c49303552', 'username': 'beautifulgorilla535', 'password': 'baylor', 'salt': '5Y5I1HqB', 'md5': '36627f021162adc13c9ec81f895eb7f7', 'sha1': 'cf95d2f7dc9e425f002ab18d617d2dfc51ccc28f', 'sha256': 'f35de663f85cde9189b733292bf17e28cd98c7a9e2c20da7900d0296a733ea48'}, 'dob': {'date': '1963-01-16T16:02:33.610Z', 'age': 61}, 'registered': {'date': '2018-06-07T08:14:44.254Z', 'age': 5}, 'phone': '051-201-3313', 'cell': '081-198-3273', 'id': {'name': 'PPS', 'value': '5597754T'}, 'picture': {'large': 'https://randomuser.me/api/portraits/women/26.jpg', 'medium': 'https://randomuser.me/api/portraits/med/women/26.jpg', 'thumbnail': 'https://randomuser.me/api/portraits/thumb/women/26.jpg'}, 'nat': 'IE'}</msg>
<arg>${json_data['results'][0]}</arg>
<doc>Logs the given message with the given level.</doc>
<status status="PASS" start="2024-04-12T09:14:52.276195" elapsed="0.000438"/>
</kw>
<kw name="Log" owner="BuiltIn">
<msg time="2024-04-12T09:14:52.277060" level="INFO">name</msg>
<arg>${key}</arg>
<doc>Logs the given message with the given level.</doc>
<status status="PASS" start="2024-04-12T09:14:52.276932" elapsed="0.000165"/>
</kw>
<var name="${key}">name</var>
<status status="PASS" start="2024-04-12T09:14:52.275325" elapsed="0.001986"/>
</iter>
<iter>
<kw name="Dictionary Should Contain Key" owner="Collections">
<msg time="2024-04-12T09:14:52.277977" level="INFO">False</msg>
<arg>${json_data['results'][0]}</arg>
<arg>${key}</arg>
<doc>Fails if ``key`` is not found from ``dictionary``.</doc>
<status status="PASS" start="2024-04-12T09:14:52.277603" elapsed="0.000411"/>
</kw>
<kw name="Log" owner="BuiltIn">
<msg time="2024-04-12T09:14:52.278677" level="INFO">{'gender': 'female', 'name': {'title': 'Miss', 'first': 'Katherine', 'last': 'Hawkins'}, 'location': {'street': {'number': 5376, 'name': 'Richmond Park'}, 'city': 'Shannon', 'state': 'South Dublin', 'country': 'Ireland', 'postcode': 94495, 'coordinates': {'latitude': '-3.0105', 'longitude': '140.5907'}, 'timezone': {'offset': '+10:00', 'description': 'Eastern Australia, Guam, Vladivostok'}}, 'email': 'katherine.hawkins@example.com', 'login': {'uuid': '860f8adc-fede-48d8-8711-675c49303552', 'username': 'beautifulgorilla535', 'password': 'baylor', 'salt': '5Y5I1HqB', 'md5': '36627f021162adc13c9ec81f895eb7f7', 'sha1': 'cf95d2f7dc9e425f002ab18d617d2dfc51ccc28f', 'sha256': 'f35de663f85cde9189b733292bf17e28cd98c7a9e2c20da7900d0296a733ea48'}, 'dob': {'date': '1963-01-16T16:02:33.610Z', 'age': 61}, 'registered': {'date': '2018-06-07T08:14:44.254Z', 'age': 5}, 'phone': '051-201-3313', 'cell': '081-198-3273', 'id': {'name': 'PPS', 'value': '5597754T'}, 'picture': {'large': 'https://randomuser.me/api/portraits/women/26.jpg', 'medium': 'https://randomuser.me/api/portraits/med/women/26.jpg', 'thumbnail': 'https://randomuser.me/api/portraits/thumb/women/26.jpg'}, 'nat': 'IE'}</msg>
<arg>${json_data['results'][0]}</arg>
<doc>Logs the given message with the given level.</doc>
<status status="PASS" start="2024-04-12T09:14:52.278315" elapsed="0.000413"/>
</kw>
<kw name="Log" owner="BuiltIn">
<msg time="2024-04-12T09:14:52.279143" level="INFO">location</msg>
<arg>${key}</arg>
<doc>Logs the given message with the given level.</doc>
<status status="PASS" start="2024-04-12T09:14:52.279019" elapsed="0.000161"/>
</kw>
<var name="${key}">location</var>
<status status="PASS" start="2024-04-12T09:14:52.277491" elapsed="0.001905"/>
</iter>
<iter>
<kw name="Dictionary Should Contain Key" owner="Collections">
<msg time="2024-04-12T09:14:52.280052" level="INFO">False</msg>
<arg>${json_data['results'][0]}</arg>
<arg>${key}</arg>
<doc>Fails if ``key`` is not found from ``dictionary``.</doc>
<status status="PASS" start="2024-04-12T09:14:52.279677" elapsed="0.000412"/>
</kw>
<kw name="Log" owner="BuiltIn">
<msg time="2024-04-12T09:14:52.280781" level="INFO">{'gender': 'female', 'name': {'title': 'Miss', 'first': 'Katherine', 'last': 'Hawkins'}, 'location': {'street': {'number': 5376, 'name': 'Richmond Park'}, 'city': 'Shannon', 'state': 'South Dublin', 'country': 'Ireland', 'postcode': 94495, 'coordinates': {'latitude': '-3.0105', 'longitude': '140.5907'}, 'timezone': {'offset': '+10:00', 'description': 'Eastern Australia, Guam, Vladivostok'}}, 'email': 'katherine.hawkins@example.com', 'login': {'uuid': '860f8adc-fede-48d8-8711-675c49303552', 'username': 'beautifulgorilla535', 'password': 'baylor', 'salt': '5Y5I1HqB', 'md5': '36627f021162adc13c9ec81f895eb7f7', 'sha1': 'cf95d2f7dc9e425f002ab18d617d2dfc51ccc28f', 'sha256': 'f35de663f85cde9189b733292bf17e28cd98c7a9e2c20da7900d0296a733ea48'}, 'dob': {'date': '1963-01-16T16:02:33.610Z', 'age': 61}, 'registered': {'date': '2018-06-07T08:14:44.254Z', 'age': 5}, 'phone': '051-201-3313', 'cell': '081-198-3273', 'id': {'name': 'PPS', 'value': '5597754T'}, 'picture': {'large': 'https://randomuser.me/api/portraits/women/26.jpg', 'medium': 'https://randomuser.me/api/portraits/med/women/26.jpg', 'thumbnail': 'https://randomuser.me/api/portraits/thumb/women/26.jpg'}, 'nat': 'IE'}</msg>
<arg>${json_data['results'][0]}</arg>
<doc>Logs the given message with the given level.</doc>
<status status="PASS" start="2024-04-12T09:14:52.280416" elapsed="0.000412"/>
</kw>
<kw name="Log" owner="BuiltIn">
<msg time="2024-04-12T09:14:52.281259" level="INFO">email</msg>
<arg>${key}</arg>
<doc>Logs the given message with the given level.</doc>
<status status="PASS" start="2024-04-12T09:14:52.281124" elapsed="0.000173"/>
</kw>
<var name="${key}">email</var>
<status status="PASS" start="2024-04-12T09:14:52.279567" elapsed="0.001939"/>
</iter>
<iter>
<kw name="Dictionary Should Contain Key" owner="Collections">
<msg time="2024-04-12T09:14:52.282164" level="INFO">False</msg>
<arg>${json_data['results'][0]}</arg>
<arg>${key}</arg>
<doc>Fails if ``key`` is not found from ``dictionary``.</doc>
<status status="PASS" start="2024-04-12T09:14:52.281790" elapsed="0.000410"/>
</kw>
<kw name="Log" owner="BuiltIn">
<msg time="2024-04-12T09:14:52.282844" level="INFO">{'gender': 'female', 'name': {'title': 'Miss', 'first': 'Katherine', 'last': 'Hawkins'}, 'location': {'street': {'number': 5376, 'name': 'Richmond Park'}, 'city': 'Shannon', 'state': 'South Dublin', 'country': 'Ireland', 'postcode': 94495, 'coordinates': {'latitude': '-3.0105', 'longitude': '140.5907'}, 'timezone': {'offset': '+10:00', 'description': 'Eastern Australia, Guam, Vladivostok'}}, 'email': 'katherine.hawkins@example.com', 'login': {'uuid': '860f8adc-fede-48d8-8711-675c49303552', 'username': 'beautifulgorilla535', 'password': 'baylor', 'salt': '5Y5I1HqB', 'md5': '36627f021162adc13c9ec81f895eb7f7', 'sha1': 'cf95d2f7dc9e425f002ab18d617d2dfc51ccc28f', 'sha256': 'f35de663f85cde9189b733292bf17e28cd98c7a9e2c20da7900d0296a733ea48'}, 'dob': {'date': '1963-01-16T16:02:33.610Z', 'age': 61}, 'registered': {'date': '2018-06-07T08:14:44.254Z', 'age': 5}, 'phone': '051-201-3313', 'cell': '081-198-3273', 'id': {'name': 'PPS', 'value': '5597754T'}, 'picture': {'large': 'https://randomuser.me/api/portraits/women/26.jpg', 'medium': 'https://randomuser.me/api/portraits/med/women/26.jpg', 'thumbnail': 'https://randomuser.me/api/portraits/thumb/women/26.jpg'}, 'nat': 'IE'}</msg>
<arg>${json_data['results'][0]}</arg>
<doc>Logs the given message with the given level.</doc>
<status status="PASS" start="2024-04-12T09:14:52.282489" elapsed="0.000401"/>
</kw>
<kw name="Log" owner="BuiltIn">
<msg time="2024-04-12T09:14:52.283305" level="INFO">login</msg>
<arg>${key}</arg>
<doc>Logs the given message with the given level.</doc>
<status status="PASS" start="2024-04-12T09:14:52.283181" elapsed="0.000191"/>
</kw>
<var name="${key}">login</var>
<status status="PASS" start="2024-04-12T09:14:52.281679" elapsed="0.001912"/>
</iter>
<var>${key}</var>
<value>@{expected_keys}</value>
<status status="PASS" start="2024-04-12T09:14:52.272963" elapsed="0.010753"/>
</for>
<kw name="Create List" owner="BuiltIn">
<msg time="2024-04-12T09:14:52.284043" level="INFO">${expected_keysTwo} = ['username', 'password']</msg>
<var>${expected_keysTwo}</var>
<arg>username</arg>
<arg>password</arg>
<doc>Returns a list containing given items.</doc>
<status status="PASS" start="2024-04-12T09:14:52.283908" elapsed="0.000159"/>
</kw>
<for flavor="IN">
<iter>
<kw name="Dictionary Should Contain Key" owner="Collections">
<msg time="2024-04-12T09:14:52.285095" level="INFO">False</msg>
<arg>${json_data['results'][0]['login']}</arg>
<arg>${keyTwo}</arg>
<doc>Fails if ``key`` is not found from ``dictionary``.</doc>
<status status="PASS" start="2024-04-12T09:14:52.284713" elapsed="0.000419"/>
</kw>
<kw name="Dictionary Should Contain Key" owner="Collections">
<msg time="2024-04-12T09:14:52.285814" level="INFO">False</msg>
<arg>${json_data['results'][0]['login']}</arg>
<arg>${keyTwo}</arg>
<doc>Fails if ``key`` is not found from ``dictionary``.</doc>
<status status="PASS" start="2024-04-12T09:14:52.285432" elapsed="0.000419"/>
</kw>
<kw name="Log" owner="BuiltIn">
<msg time="2024-04-12T09:14:52.286265" level="INFO">username</msg>
<arg>${keyTwo}</arg>
<doc>Logs the given message with the given level.</doc>
<status status="PASS" start="2024-04-12T09:14:52.286139" elapsed="0.000163"/>
</kw>
<var name="${keyTwo}">username</var>
<status status="PASS" start="2024-04-12T09:14:52.284597" elapsed="0.001916"/>
</iter>
<iter>
<kw name="Dictionary Should Contain Key" owner="Collections">
<msg time="2024-04-12T09:14:52.287165" level="INFO">False</msg>
<arg>${json_data['results'][0]['login']}</arg>
<arg>${keyTwo}</arg>
<doc>Fails if ``key`` is not found from ``dictionary``.</doc>
<status status="PASS" start="2024-04-12T09:14:52.286795" elapsed="0.000407"/>
</kw>
<kw name="Dictionary Should Contain Key" owner="Collections">
<msg time="2024-04-12T09:14:52.287858" level="INFO">False</msg>
<arg>${json_data['results'][0]['login']}</arg>
<arg>${keyTwo}</arg>
<doc>Fails if ``key`` is not found from ``dictionary``.</doc>
<status status="PASS" start="2024-04-12T09:14:52.287489" elapsed="0.000405"/>
</kw>
<kw name="Log" owner="BuiltIn">
<msg time="2024-04-12T09:14:52.288316" level="INFO">password</msg>
<arg>${keyTwo}</arg>
<doc>Logs the given message with the given level.</doc>
<status status="PASS" start="2024-04-12T09:14:52.288192" elapsed="0.000184"/>
</kw>
<var name="${keyTwo}">password</var>
<status status="PASS" start="2024-04-12T09:14:52.286687" elapsed="0.001915"/>
</iter>
<var>${keyTwo}</var>
<value>@{expected_keysTwo}</value>
<status status="PASS" start="2024-04-12T09:14:52.284304" elapsed="0.004418"/>
</for>
<status status="PASS" start="2024-04-12T09:14:52.171487" elapsed="0.117371"/>
</kw>
<doc>Testa a estrutura da resposta da API.</doc>
<tag>testeEstruturaResposta</tag>
<status status="PASS" start="2024-04-12T09:14:52.170742" elapsed="0.118269"/>
</test>
<test id="s1-s1-t4" name="Validar tipos de dados" line="28">
<kw name="Teste de Tipos de Dados" owner="random-user-service">
<kw name="GET On Session" owner="RequestsLibrary">
<msg time="2024-04-12T09:14:52.369942" level="INFO">GET Request : url=https://randomuser.me/api 
 path_url=/api 
 headers={'User-Agent': 'python-requests/2.31.0', 'Accept-Encoding': 'gzip, deflate', 'Accept': '*/*', 'Connection': 'keep-alive'} 
 body=None 
 </msg>
<msg time="2024-04-12T09:14:52.370018" level="INFO">GET Response : url=https://randomuser.me/api 
 status=200, reason=OK 
 headers={'Date': 'Fri, 12 Apr 2024 09:14:52 GMT', 'Content-Type': 'application/json; charset=utf-8', 'Transfer-Encoding': 'chunked', 'Connection': 'keep-alive', 'X-Powered-By': 'Express', 'Access-Control-Allow-Origin': '*', 'Cache-Control': 'no-cache', 'ETag': 'W/"483-SeDke39g4DQn+qm2JGcNpCWvxl4"', 'Vary': 'Accept-Encoding', 'Content-Encoding': 'gzip', 'CF-Cache-Status': 'DYNAMIC', 'Report-To': '{"endpoints":[{"url":"https:\\/\\/a.nel.cloudflare.com\\/report\\/v4?s=Rxvw%2BtfdlYra5sV8mav2tW37tlHgRP6kBAtlMY%2BBrKmjczNCj91Jloylq4%2FAt%2BYrk11pxjTFQKT%2FQc%2BkB12znRQjqZPNLMRNrSPjlN6d4my2tyZ32WI7bV1%2FbRDsXOZJ"}],"group":"cf-nel","max_age":604800}', 'NEL': '{"success_fraction":0,"report_to":"cf-nel","max_age":604800}', 'Server': 'cloudflare', 'CF-RAY': '87321bccddce2340-ORD', 'alt-svc': 'h3=":443"; ma=86400'} 
 body={"results":[{"gender":"female","name":{"title":"Miss","first":"Julia","last":"Rose"},"location":{"street":{"number":9900,"name":"Mill Lane"},"city":"Gorey","state":"Kildare","country":"Ireland","postcode":58896,"coordinates":{"latitude":"-1.1466","longitude":"38.0516"},"timezone":{"offset":"+9:00","description":"Tokyo, Seoul, Osaka, Sapporo, Yakutsk"}},"email":"julia.rose@example.com","login":{"uuid":"7c1ef666-85c5-42ba-ba2d-daca0492730d","username":"ticklishswan718","password":"buffy","salt":"wXulRN9N","md5":"a83ea100a80bdee7b3c2910ae00d174f","sha1":"e4a317da3b82adb727b8bb64d6cd710a58f12695","sha256":"ad57d6856b12ebefb1a007584228d0e723b664537d97e6e0eb626306917e97e7"},"dob":{"date":"1987-12-07T04:14:49.152Z","age":36},"registered":{"date":"2015-10-13T14:01:22.265Z","age":8},"phone":"021-614-1088","cell":"081-057-8077","id":{"name":"PPS","value":"4327234T"},"picture":{"large":"https://randomuser.me/api/portraits/women/5.jpg","medium":"https://randomuser.me/api/portraits/med/women/5.jpg","thumbnail":"https://randomuser.me/api/portraits/thumb/women/5.jpg"},"nat":"IE"}],"info":{"seed":"1a192c878aa9539f","results":1,"page":1,"version":"1.4"}} 
 </msg>
<msg time="2024-04-12T09:14:52.370076" level="INFO">/opt/hostedtoolcache/Python/3.12.2/x64/lib/python3.12/site-packages/urllib3/connectionpool.py:1103: InsecureRequestWarning: Unverified HTTPS request is being made to host 'randomuser.me'. Adding certificate verification is strongly advised. See: https://urllib3.readthedocs.io/en/latest/advanced-usage.html#tls-warnings
  warnings.warn(</msg>
<msg time="2024-04-12T09:14:52.370175" level="INFO">${response} = &lt;Response [200]&gt;</msg>
<var>${response}</var>
<arg>consultarAPI</arg>
<arg>/api</arg>
<doc>Sends a GET request on a previously created HTTP Session.</doc>
<status status="PASS" start="2024-04-12T09:14:52.291492" elapsed="0.078722"/>
</kw>
<kw name="Set Variable" owner="BuiltIn">
<msg time="2024-04-12T09:14:52.371088" level="INFO">${json_data} = {'results': [{'gender': 'female', 'name': {'title': 'Miss', 'first': 'Julia', 'last': 'Rose'}, 'location': {'street': {'number': 9900, 'name': 'Mill Lane'}, 'city': 'Gorey', 'state': 'Kildare', 'count...</msg>
<var>${json_data}</var>
<arg>${response.json()}</arg>
<doc>Returns the given values which can then be assigned to a variables.</doc>
<status status="PASS" start="2024-04-12T09:14:52.370620" elapsed="0.000497"/>
</kw>
<kw name="Log" owner="BuiltIn">
<msg time="2024-04-12T09:14:52.371594" level="INFO">{'results': [{'gender': 'female', 'name': {'title': 'Miss', 'first': 'Julia', 'last': 'Rose'}, 'location': {'street': {'number': 9900, 'name': 'Mill Lane'}, 'city': 'Gorey', 'state': 'Kildare', 'country': 'Ireland', 'postcode': 58896, 'coordinates': {'latitude': '-1.1466', 'longitude': '38.0516'}, 'timezone': {'offset': '+9:00', 'description': 'Tokyo, Seoul, Osaka, Sapporo, Yakutsk'}}, 'email': 'julia.rose@example.com', 'login': {'uuid': '7c1ef666-85c5-42ba-ba2d-daca0492730d', 'username': 'ticklishswan718', 'password': 'buffy', 'salt': 'wXulRN9N', 'md5': 'a83ea100a80bdee7b3c2910ae00d174f', 'sha1': 'e4a317da3b82adb727b8bb64d6cd710a58f12695', 'sha256': 'ad57d6856b12ebefb1a007584228d0e723b664537d97e6e0eb626306917e97e7'}, 'dob': {'date': '1987-12-07T04:14:49.152Z', 'age': 36}, 'registered': {'date': '2015-10-13T14:01:22.265Z', 'age': 8}, 'phone': '021-614-1088', 'cell': '081-057-8077', 'id': {'name': 'PPS', 'value': '4327234T'}, 'picture': {'large': 'https://randomuser.me/api/portraits/women/5.jpg', 'medium': 'https://randomuser.me/api/portraits/med/women/5.jpg', 'thumbnail': 'https://randomuser.me/api/portraits/thumb/women/5.jpg'}, 'nat': 'IE'}], 'info': {'seed': '1a192c878aa9539f', 'results': 1, 'page': 1, 'version': '1.4'}}</msg>
<arg>${json_data}</arg>
<doc>Logs the given message with the given level.</doc>
<status status="PASS" start="2024-04-12T09:14:52.371436" elapsed="0.000241"/>
</kw>
<kw name="Should Be String" owner="String">
<arg>${json_data['results'][0]['gender']}</arg>
<doc>Fails if the given ``item`` is not a string.</doc>
<status status="PASS" start="2024-04-12T09:14:52.371996" elapsed="0.000405"/>
</kw>
<kw name="Should Match Regexp" owner="BuiltIn">
<arg>${json_data['results'][0]['email']}</arg>
<arg>^[a-zA-Z0-9._%+-]+@[a-zA-Z0-9.-]+\.[a-zA-Z]{2,}$</arg>
<doc>Fails if ``string`` does not match ``pattern`` as a regular expression.</doc>
<status status="PASS" start="2024-04-12T09:14:52.372604" elapsed="0.000522"/>
</kw>
<kw name="Should Match Regexp" owner="BuiltIn">
<arg>${json_data['results'][0]['dob']['date']}</arg>
<arg>\\d{4}-\\d{2}-\\d{2}T\\d{2}:\\d{2}:\\d{2}\\.\\d{3}Z</arg>
<doc>Fails if ``string`` does not match ``pattern`` as a regular expression.</doc>
<status status="PASS" start="2024-04-12T09:14:52.373326" elapsed="0.000505"/>
</kw>
<kw name="Should Match Regexp" owner="BuiltIn">
<arg>${json_data['results'][0]['registered']['date']}</arg>
<arg>\\d{4}-\\d{2}-\\d{2}T\\d{2}:\\d{2}:\\d{2}\\.\\d{3}Z</arg>
<doc>Fails if ``string`` does not match ``pattern`` as a regular expression.</doc>
<status status="PASS" start="2024-04-12T09:14:52.374029" elapsed="0.000378"/>
</kw>
<kw name="Should Match Regexp" owner="BuiltIn">
<arg>${json_data['results'][0]['picture']['large']}</arg>
<arg>^https?://.*\.(?:png|jpe?g|gif|bmp)$</arg>
<doc>Fails if ``string`` does not match ``pattern`` as a regular expression.</doc>
<status status="PASS" start="2024-04-12T09:14:52.374593" elapsed="0.000458"/>
</kw>
<kw name="Should Match Regexp" owner="BuiltIn">
<arg>${json_data['results'][0]['picture']['medium']}</arg>
<arg>^https?://.*\.(?:png|jpe?g|gif|bmp)$</arg>
<doc>Fails if ``string`` does not match ``pattern`` as a regular expression.</doc>
<status status="PASS" start="2024-04-12T09:14:52.375243" elapsed="0.000358"/>
</kw>
<kw name="Should Match Regexp" owner="BuiltIn">
<arg>${json_data['results'][0]['picture']['thumbnail']}</arg>
<arg>^https?://.*\.(?:png|jpe?g|gif|bmp)$</arg>
<doc>Fails if ``string`` does not match ``pattern`` as a regular expression.</doc>
<status status="PASS" start="2024-04-12T09:14:52.375785" elapsed="0.000353"/>
</kw>
<kw name="Log" owner="BuiltIn">
<msg time="2024-04-12T09:14:52.376682" level="INFO">{'large': 'https://randomuser.me/api/portraits/women/5.jpg', 'medium': 'https://randomuser.me/api/portraits/med/women/5.jpg', 'thumbnail': 'https://randomuser.me/api/portraits/thumb/women/5.jpg'}</msg>
<arg>${json_data['results'][0]['picture']}</arg>
<doc>Logs the given message with the given level.</doc>
<status status="PASS" start="2024-04-12T09:14:52.376318" elapsed="0.000405"/>
</kw>
<status status="PASS" start="2024-04-12T09:14:52.291262" elapsed="0.085719"/>
</kw>
<kw name="Teste de Tipos de Dados - Postcode" owner="random-user-service">
<kw name="GET On Session" owner="RequestsLibrary">
<msg time="2024-04-12T09:14:52.465651" level="INFO">GET Request : url=https://randomuser.me/api 
 path_url=/api 
 headers={'User-Agent': 'python-requests/2.31.0', 'Accept-Encoding': 'gzip, deflate', 'Accept': '*/*', 'Connection': 'keep-alive'} 
 body=None 
 </msg>
<msg time="2024-04-12T09:14:52.465740" level="INFO">GET Response : url=https://randomuser.me/api 
 status=200, reason=OK 
 headers={'Date': 'Fri, 12 Apr 2024 09:14:52 GMT', 'Content-Type': 'application/json; charset=utf-8', 'Transfer-Encoding': 'chunked', 'Connection': 'keep-alive', 'X-Powered-By': 'Express', 'Access-Control-Allow-Origin': '*', 'Cache-Control': 'no-cache', 'ETag': 'W/"485-CJOBgOfswUsYC79eEcmdp8+rBwE"', 'Vary': 'Accept-Encoding', 'Content-Encoding': 'gzip', 'CF-Cache-Status': 'DYNAMIC', 'Report-To': '{"endpoints":[{"url":"https:\\/\\/a.nel.cloudflare.com\\/report\\/v4?s=PAA8lmSPiLkcPcro07v7upk6B7tSEAXltWMvMNHgc2HF%2BBK4K%2FzCooN8Mr8TjbCriJ%2BejXJw09RfdvImaeXZzxA%2BQKXYHpFWJqzf3dbK4IG%2FKP1L0ASwRjIu252O%2F9Ly"}],"group":"cf-nel","max_age":604800}', 'NEL': '{"success_fraction":0,"report_to":"cf-nel","max_age":604800}', 'Server': 'cloudflare', 'CF-RAY': '87321bcd6e392340-ORD', 'alt-svc': 'h3=":443"; ma=86400'} 
 body={"results":[{"gender":"male","name":{"title":"Mr","first":"Ryan","last":"Wilson"},"location":{"street":{"number":1104,"name":"Hoon Hay Road"},"city":"Blenheim","state":"Otago","country":"New Zealand","postcode":56520,"coordinates":{"latitude":"49.0985","longitude":"-121.9805"},"timezone":{"offset":"+5:00","description":"Ekaterinburg, Islamabad, Karachi, Tashkent"}},"email":"ryan.wilson@example.com","login":{"uuid":"eea16098-a6d8-437b-bea3-e7fe829649c8","username":"redduck900","password":"trauma","salt":"Oz3HnET7","md5":"c78f63dac54af467b609ed70df2f1a57","sha1":"1bea3ba2520719557ee0693cfb44de3a5bc0573c","sha256":"52d5c0c6f8202b4b2a1619b1b0ca8924890cdd39031b74ba9fcc642a919983ff"},"dob":{"date":"1971-10-05T10:00:59.286Z","age":52},"registered":{"date":"2021-12-20T14:17:58.589Z","age":2},"phone":"(516)-335-7582","cell":"(081)-263-0216","id":{"name":"","value":null},"picture":{"large":"https://randomuser.me/api/portraits/men/93.jpg","medium":"https://randomuser.me/api/portraits/med/men/93.jpg","thumbnail":"https://randomuser.me/api/portraits/thumb/men/93.jpg"},"nat":"NZ"}],"info":{"seed":"4d5826c4563258c3","results":1,"page":1,"version":"1.4"}} 
 </msg>
<msg time="2024-04-12T09:14:52.465829" level="INFO">/opt/hostedtoolcache/Python/3.12.2/x64/lib/python3.12/site-packages/urllib3/connectionpool.py:1103: InsecureRequestWarning: Unverified HTTPS request is being made to host 'randomuser.me'. Adding certificate verification is strongly advised. See: https://urllib3.readthedocs.io/en/latest/advanced-usage.html#tls-warnings
  warnings.warn(</msg>
<msg time="2024-04-12T09:14:52.465956" level="INFO">${response} = &lt;Response [200]&gt;</msg>
<var>${response}</var>
<arg>consultarAPI</arg>
<arg>/api</arg>
<doc>Sends a GET request on a previously created HTTP Session.</doc>
<status status="PASS" start="2024-04-12T09:14:52.377443" elapsed="0.088560"/>
</kw>
<kw name="Set Variable" owner="BuiltIn">
<msg time="2024-04-12T09:14:52.466876" level="INFO">${json_data} = {'results': [{'gender': 'male', 'name': {'title': 'Mr', 'first': 'Ryan', 'last': 'Wilson'}, 'location': {'street': {'number': 1104, 'name': 'Hoon Hay Road'}, 'city': 'Blenheim', 'state': 'Otago', 'cou...</msg>
<var>${json_data}</var>
<arg>${response.json()}</arg>
<doc>Returns the given values which can then be assigned to a variables.</doc>
<status status="PASS" start="2024-04-12T09:14:52.466421" elapsed="0.000482"/>
</kw>
<kw name="Log" owner="BuiltIn">
<msg time="2024-04-12T09:14:52.467361" level="INFO">{'results': [{'gender': 'male', 'name': {'title': 'Mr', 'first': 'Ryan', 'last': 'Wilson'}, 'location': {'street': {'number': 1104, 'name': 'Hoon Hay Road'}, 'city': 'Blenheim', 'state': 'Otago', 'country': 'New Zealand', 'postcode': 56520, 'coordinates': {'latitude': '49.0985', 'longitude': '-121.9805'}, 'timezone': {'offset': '+5:00', 'description': 'Ekaterinburg, Islamabad, Karachi, Tashkent'}}, 'email': 'ryan.wilson@example.com', 'login': {'uuid': 'eea16098-a6d8-437b-bea3-e7fe829649c8', 'username': 'redduck900', 'password': 'trauma', 'salt': 'Oz3HnET7', 'md5': 'c78f63dac54af467b609ed70df2f1a57', 'sha1': '1bea3ba2520719557ee0693cfb44de3a5bc0573c', 'sha256': '52d5c0c6f8202b4b2a1619b1b0ca8924890cdd39031b74ba9fcc642a919983ff'}, 'dob': {'date': '1971-10-05T10:00:59.286Z', 'age': 52}, 'registered': {'date': '2021-12-20T14:17:58.589Z', 'age': 2}, 'phone': '(516)-335-7582', 'cell': '(081)-263-0216', 'id': {'name': '', 'value': None}, 'picture': {'large': 'https://randomuser.me/api/portraits/men/93.jpg', 'medium': 'https://randomuser.me/api/portraits/med/men/93.jpg', 'thumbnail': 'https://randomuser.me/api/portraits/thumb/men/93.jpg'}, 'nat': 'NZ'}], 'info': {'seed': '4d5826c4563258c3', 'results': 1, 'page': 1, 'version': '1.4'}}</msg>
<arg>${json_data}</arg>
<doc>Logs the given message with the given level.</doc>
<status status="PASS" start="2024-04-12T09:14:52.467209" elapsed="0.000229"/>
</kw>
<kw name="Should Be Equal As Numbers" owner="BuiltIn">
<arg>${json_data['results'][0]['location']['postcode']}</arg>
<arg>${json_data['results'][0]['location']['postcode']}</arg>
<doc>Fails if objects are unequal after converting them to real numbers.</doc>
<status status="PASS" start="2024-04-12T09:14:52.467740" elapsed="0.000662"/>
</kw>
<kw name="Log" owner="BuiltIn">
<msg time="2024-04-12T09:14:52.468951" level="INFO">56520</msg>
<arg>${json_data['results'][0]['location']['postcode']}</arg>
<doc>Logs the given message with the given level.</doc>
<status status="PASS" start="2024-04-12T09:14:52.468607" elapsed="0.000385"/>
</kw>
<status status="PASS" start="2024-04-12T09:14:52.377207" elapsed="0.092045"/>
</kw>
<doc>Testa se os tipos de dados na resposta da API estão corretos.</doc>
<tag>testeTiposDados</tag>
<status status="PASS" start="2024-04-12T09:14:52.290736" elapsed="0.178681"/>
</test>
<test id="s1-s1-t5" name="Validar conteudo" line="35">
<kw name="Teste de Tipos de Conteudo" owner="random-user-service">
<kw name="GET On Session" owner="RequestsLibrary">
<msg time="2024-04-12T09:14:52.565400" level="INFO">GET Request : url=https://randomuser.me/api 
 path_url=/api 
 headers={'User-Agent': 'python-requests/2.31.0', 'Accept-Encoding': 'gzip, deflate', 'Accept': '*/*', 'Connection': 'keep-alive'} 
 body=None 
 </msg>
<msg time="2024-04-12T09:14:52.565482" level="INFO">GET Response : url=https://randomuser.me/api 
 status=200, reason=OK 
 headers={'Date': 'Fri, 12 Apr 2024 09:14:52 GMT', 'Content-Type': 'application/json; charset=utf-8', 'Transfer-Encoding': 'chunked', 'Connection': 'keep-alive', 'X-Powered-By': 'Express', 'Access-Control-Allow-Origin': '*', 'Cache-Control': 'no-cache', 'ETag': 'W/"496-rn08Imsu3JNdogIxcxjAvoTITEQ"', 'Vary': 'Accept-Encoding', 'Content-Encoding': 'gzip', 'CF-Cache-Status': 'DYNAMIC', 'Report-To': '{"endpoints":[{"url":"https:\\/\\/a.nel.cloudflare.com\\/report\\/v4?s=Y6wxjsOdMv%2FE7wZvr4jDt3tL5Dw0zkWjspm3mtc%2FruOUibo9o8MprtgSQraDuzD2q1QaulCZ%2FgSKEhDKQFtvSzhxc2k5f09NKxoKFGBxykCPWPYCWLIrVQZVS5sDwMoq"}],"group":"cf-nel","max_age":604800}', 'NEL': '{"success_fraction":0,"report_to":"cf-nel","max_age":604800}', 'Server': 'cloudflare', 'CF-RAY': '87321bcdfea22340-ORD', 'alt-svc': 'h3=":443"; ma=86400'} 
 body={"results":[{"gender":"female","name":{"title":"Ms","first":"Laila","last":"Tewes"},"location":{"street":{"number":6198,"name":"Römerstraße"},"city":"Spangenberg","state":"Thüringen","country":"Germany","postcode":68182,"coordinates":{"latitude":"-48.5263","longitude":"61.1522"},"timezone":{"offset":"-1:00","description":"Azores, Cape Verde Islands"}},"email":"laila.tewes@example.com","login":{"uuid":"9ef69ddf-a679-4528-8b49-6f8d82d8c0f7","username":"organicgorilla985","password":"dragonfl","salt":"zEMtiIbS","md5":"4db3992514b49a97db26582caf8c6b68","sha1":"015dd726cac8739ee7821fff78b6d14b7c38db9f","sha256":"e2b75c58d0ca550f139c59b4f51697c547102ab815b8f5359d8e0555c4301273"},"dob":{"date":"1975-12-11T14:13:06.157Z","age":48},"registered":{"date":"2019-07-20T02:02:22.711Z","age":4},"phone":"0185-7094001","cell":"0172-7499720","id":{"name":"SVNR","value":"18 111275 T 574"},"picture":{"large":"https://randomuser.me/api/portraits/women/54.jpg","medium":"https://randomuser.me/api/portraits/med/women/54.jpg","thumbnail":"https://randomuser.me/api/portraits/thumb/women/54.jpg"},"nat":"DE"}],"info":{"seed":"7f044d0732d6e0c6","results":1,"page":1,"version":"1.4"}} 
 </msg>
<msg time="2024-04-12T09:14:52.565541" level="INFO">/opt/hostedtoolcache/Python/3.12.2/x64/lib/python3.12/site-packages/urllib3/connectionpool.py:1103: InsecureRequestWarning: Unverified HTTPS request is being made to host 'randomuser.me'. Adding certificate verification is strongly advised. See: https://urllib3.readthedocs.io/en/latest/advanced-usage.html#tls-warnings
  warnings.warn(</msg>
<msg time="2024-04-12T09:14:52.565632" level="INFO">${response} = &lt;Response [200]&gt;</msg>
<var>${response}</var>
<arg>consultarAPI</arg>
<arg>/api</arg>
<doc>Sends a GET request on a previously created HTTP Session.</doc>
<status status="PASS" start="2024-04-12T09:14:52.471836" elapsed="0.093833"/>
</kw>
<kw name="Set Variable" owner="BuiltIn">
<msg time="2024-04-12T09:14:52.566544" level="INFO">${json_data} = {'results': [{'gender': 'female', 'name': {'title': 'Ms', 'first': 'Laila', 'last': 'Tewes'}, 'location': {'street': {'number': 6198, 'name': 'Römerstraße'}, 'city': 'Spangenberg', 'state': 'Thüringen...</msg>
<var>${json_data}</var>
<arg>${response.json()}</arg>
<doc>Returns the given values which can then be assigned to a variables.</doc>
<status status="PASS" start="2024-04-12T09:14:52.566072" elapsed="0.000501"/>
</kw>
<kw name="Set Variable" owner="BuiltIn">
<msg time="2024-04-12T09:14:52.567262" level="INFO">${name_title} = Ms</msg>
<var>${name_title}</var>
<arg>${json_data["results"][0]["name"]["title"]}</arg>
<doc>Returns the given values which can then be assigned to a variables.</doc>
<status status="PASS" start="2024-04-12T09:14:52.566879" elapsed="0.000408"/>
</kw>
<kw name="Create List" owner="BuiltIn">
<msg time="2024-04-12T09:14:52.567742" level="INFO">${allowed_titles} = ['Mr', 'Ms', 'Miss', 'Mrs', 'Madame', 'Monsieur']</msg>
<var>${allowed_titles}</var>
<arg>Mr</arg>
<arg>Ms</arg>
<arg>Miss</arg>
<arg>Mrs</arg>
<arg>Madame</arg>
<arg>Monsieur</arg>
<doc>Returns a list containing given items.</doc>
<status status="PASS" start="2024-04-12T09:14:52.567584" elapsed="0.000182"/>
</kw>
<kw name="List Should Contain Value" owner="Collections">
<msg time="2024-04-12T09:14:52.568240" level="INFO">False</msg>
<arg>${allowed_titles}</arg>
<arg>${name_title}</arg>
<doc>Fails if the ``value`` is not found from ``list``.</doc>
<status status="PASS" start="2024-04-12T09:14:52.568070" elapsed="0.000207"/>
</kw>
<kw name="Set Variable" owner="BuiltIn">
<msg time="2024-04-12T09:14:52.569053" level="INFO">${name_country} = DE</msg>
<var>${name_country}</var>
<arg>${json_data["results"][0]["nat"]}</arg>
<doc>Returns the given values which can then be assigned to a variables.</doc>
<status status="PASS" start="2024-04-12T09:14:52.568645" elapsed="0.000433"/>
</kw>
<kw name="Create List" owner="BuiltIn">
<msg time="2024-04-12T09:14:52.569987" level="INFO">${list_country} = ['AD', 'AE', 'AF', 'AG', 'AI', 'AL', 'AM', 'AO', 'AQ', 'AR', 'AS', 'AT', 'AU', 'AW', 'AX', 'AZ', 'BA', 'BB', 'BD', 'BE', 'BF', 'BG', 'BH', 'BI', 'BJ', 'BL', 'BM', 'BN', 'BO', 'BQ', 'BR', 'BS', 'BT', '...</msg>
<var>${list_country}</var>
<arg>AD</arg>
<arg>AE</arg>
<arg>AF</arg>
<arg>AG</arg>
<arg>AI</arg>
<arg>AL</arg>
<arg>AM</arg>
<arg>AO</arg>
<arg>AQ</arg>
<arg>AR</arg>
<arg>AS</arg>
<arg>AT</arg>
<arg>AU</arg>
<arg>AW</arg>
<arg>AX</arg>
<arg>AZ</arg>
<arg>BA</arg>
<arg>BB</arg>
<arg>BD</arg>
<arg>BE</arg>
<arg>BF</arg>
<arg>BG</arg>
<arg>BH</arg>
<arg>BI</arg>
<arg>BJ</arg>
<arg>BL</arg>
<arg>BM</arg>
<arg>BN</arg>
<arg>BO</arg>
<arg>BQ</arg>
<arg>BR</arg>
<arg>BS</arg>
<arg>BT</arg>
<arg>BV</arg>
<arg>BW</arg>
<arg>BY</arg>
<arg>BZ</arg>
<arg>CA</arg>
<arg>CC</arg>
<arg>CD</arg>
<arg>CF</arg>
<arg>CG</arg>
<arg>CH</arg>
<arg>CI</arg>
<arg>CK</arg>
<arg>CL</arg>
<arg>CM</arg>
<arg>CN</arg>
<arg>CO</arg>
<arg>CR</arg>
<arg>CU</arg>
<arg>CV</arg>
<arg>CW</arg>
<arg>CX</arg>
<arg>CY</arg>
<arg>CZ</arg>
<arg>DE</arg>
<arg>DJ</arg>
<arg>DK</arg>
<arg>DM</arg>
<arg>DO</arg>
<arg>DZ</arg>
<arg>EC</arg>
<arg>EE</arg>
<arg>EG</arg>
<arg>EH</arg>
<arg>ER</arg>
<arg>ES</arg>
<arg>ET</arg>
<arg>FI</arg>
<arg>FJ</arg>
<arg>FK</arg>
<arg>FM</arg>
<arg>FO</arg>
<arg>FR</arg>
<arg>GA</arg>
<arg>GB</arg>
<arg>GD</arg>
<arg>GE</arg>
<arg>GF</arg>
<arg>GG</arg>
<arg>GH</arg>
<arg>GI</arg>
<arg>GL</arg>
<arg>GM</arg>
<arg>GN</arg>
<arg>GP</arg>
<arg>GQ</arg>
<arg>GR</arg>
<arg>GS</arg>
<arg>GT</arg>
<arg>GU</arg>
<arg>GW</arg>
<arg>GY</arg>
<arg>HK</arg>
<arg>HM</arg>
<arg>HN</arg>
<arg>HR</arg>
<arg>HT</arg>
<arg>HU</arg>
<arg>ID</arg>
<arg>IE</arg>
<arg>IL</arg>
<arg>IM</arg>
<arg>IN</arg>
<arg>IO</arg>
<arg>IQ</arg>
<arg>IR</arg>
<arg>IS</arg>
<arg>IT</arg>
<arg>JE</arg>
<arg>JM</arg>
<arg>JO</arg>
<arg>JP</arg>
<arg>KE</arg>
<arg>KG</arg>
<arg>KH</arg>
<arg>KI</arg>
<arg>KM</arg>
<arg>KN</arg>
<arg>KP</arg>
<arg>KR</arg>
<arg>KW</arg>
<arg>KY</arg>
<arg>KZ</arg>
<arg>LA</arg>
<arg>LB</arg>
<arg>LC</arg>
<arg>LI</arg>
<arg>LK</arg>
<arg>LR</arg>
<arg>LS</arg>
<arg>LT</arg>
<arg>LU</arg>
<arg>LV</arg>
<arg>LY</arg>
<arg>MA</arg>
<arg>MC</arg>
<arg>MD</arg>
<arg>ME</arg>
<arg>MF</arg>
<arg>MG</arg>
<arg>MH</arg>
<arg>MK</arg>
<arg>ML</arg>
<arg>MM</arg>
<arg>MN</arg>
<arg>MO</arg>
<arg>MP</arg>
<arg>MQ</arg>
<arg>MR</arg>
<arg>MS</arg>
<arg>MT</arg>
<arg>MU</arg>
<arg>MV</arg>
<arg>MW</arg>
<arg>MX</arg>
<arg>MY</arg>
<arg>MZ</arg>
<arg>NA</arg>
<arg>NC</arg>
<arg>NE</arg>
<arg>NF</arg>
<arg>NG</arg>
<arg>NI</arg>
<arg>NL</arg>
<arg>NO</arg>
<arg>NP</arg>
<arg>NR</arg>
<arg>NU</arg>
<arg>NZ</arg>
<arg>OM</arg>
<arg>PA</arg>
<arg>PE</arg>
<arg>PF</arg>
<arg>PG</arg>
<arg>PH</arg>
<arg>PK</arg>
<arg>PL</arg>
<arg>PM</arg>
<arg>PN</arg>
<arg>PR</arg>
<arg>PS</arg>
<arg>PT</arg>
<arg>PW</arg>
<arg>PY</arg>
<arg>QA</arg>
<arg>RE</arg>
<arg>RO</arg>
<arg>RS</arg>
<arg>RU</arg>
<arg>RW</arg>
<arg>SA</arg>
<arg>SB</arg>
<arg>SC</arg>
<arg>SD</arg>
<arg>SE</arg>
<arg>SG</arg>
<arg>SH</arg>
<arg>SI</arg>
<arg>SJ</arg>
<arg>SK</arg>
<arg>SL</arg>
<arg>SM</arg>
<arg>SN</arg>
<arg>SO</arg>
<arg>SR</arg>
<arg>SS</arg>
<arg>ST</arg>
<arg>SV</arg>
<arg>SX</arg>
<arg>SY</arg>
<arg>SZ</arg>
<arg>TC</arg>
<arg>TD</arg>
<arg>TF</arg>
<arg>TG</arg>
<arg>TH</arg>
<arg>TJ</arg>
<arg>TK</arg>
<arg>TL</arg>
<arg>TM</arg>
<arg>TN</arg>
<arg>TO</arg>
<arg>TR</arg>
<arg>TT</arg>
<arg>TV</arg>
<arg>TW</arg>
<arg>TZ</arg>
<arg>UA</arg>
<arg>UG</arg>
<arg>UM</arg>
<arg>US</arg>
<arg>UY</arg>
<arg>UZ</arg>
<arg>VA</arg>
<arg>VC</arg>
<arg>VE</arg>
<arg>VG</arg>
<arg>VI</arg>
<arg>VN</arg>
<arg>VU</arg>
<arg>WF</arg>
<arg>WS</arg>
<arg>XK</arg>
<arg>YE</arg>
<arg>YT</arg>
<arg>ZA</arg>
<arg>ZM</arg>
<arg>ZW</arg>
<doc>Returns a list containing given items.</doc>
<status status="PASS" start="2024-04-12T09:14:52.569380" elapsed="0.000633"/>
</kw>
<kw name="List Should Contain Value" owner="Collections">
<msg time="2024-04-12T09:14:52.570994" level="INFO">False</msg>
<arg>${list_country}</arg>
<arg>${name_country}</arg>
<doc>Fails if the ``value`` is not found from ``list``.</doc>
<status status="PASS" start="2024-04-12T09:14:52.570793" elapsed="0.000237"/>
</kw>
<kw name="Run Keyword If" owner="BuiltIn">
<kw name="Should Be True" owner="BuiltIn">
<arg>${True}</arg>
<doc>Fails if the given condition is not true.</doc>
<status status="PASS" start="2024-04-12T09:14:52.572211" elapsed="0.000178"/>
</kw>
<arg>${json_data["results"][0]["location"]["coordinates"]["latitude"]} &gt;= -90 and ${json_data["results"][0]["location"]["coordinates"]["latitude"]} &lt;= 90</arg>
<arg>Should Be True</arg>
<arg>${True}</arg>
<doc>Runs the given keyword with the given arguments, if ``condition`` is true.</doc>
<status status="PASS" start="2024-04-12T09:14:52.571338" elapsed="0.001189"/>
</kw>
<kw name="Run Keyword If" owner="BuiltIn">
<kw name="Should Be True" owner="BuiltIn">
<arg>${True}</arg>
<doc>Fails if the given condition is not true.</doc>
<status status="PASS" start="2024-04-12T09:14:52.573420" elapsed="0.000140"/>
</kw>
<arg>${json_data["results"][0]["location"]["coordinates"]["longitude"]} &gt;= -180 and ${json_data["results"][0]["location"]["coordinates"]["longitude"]} &lt;= 180</arg>
<arg>Should Be True</arg>
<arg>${True}</arg>
<doc>Runs the given keyword with the given arguments, if ``condition`` is true.</doc>
<status status="PASS" start="2024-04-12T09:14:52.572717" elapsed="0.000967"/>
</kw>
<status status="PASS" start="2024-04-12T09:14:52.471611" elapsed="0.102204"/>
</kw>
<doc>Testa o conteúdo específico dos campos retornados pela API.</doc>
<tag>testeConteudo</tag>
<status status="PASS" start="2024-04-12T09:14:52.471158" elapsed="0.102808"/>
</test>
<status status="PASS" start="2024-04-12T09:14:51.775225" elapsed="0.800660"/>
</suite>
<status status="PASS" start="2024-04-12T09:14:51.761705" elapsed="0.820293"/>
</suite>
<statistics>
<total>
<stat pass="5" fail="0" skip="0">All Tests</stat>
</total>
<tag>
<stat pass="1" fail="0" skip="0">testeConteudo</stat>
<stat pass="1" fail="0" skip="0">testeEstruturaResposta</stat>
<stat pass="1" fail="0" skip="0">testeRequisicaoBasica</stat>
<stat pass="1" fail="0" skip="0">testeTiposDados</stat>
</tag>
<suite>
<stat pass="5" fail="0" skip="0" id="s1" name="Tests">Tests</stat>
<stat pass="5" fail="0" skip="0" id="s1-s1" name="Random-User-Test">Tests.Random-User-Test</stat>
</suite>
</statistics>
<errors>
</errors>
</robot>
