<?xml version="1.0" encoding="UTF-8"?>
<robot generator="Robot 7.0.1 (Python 3.12.4 on linux)" generated="2024-07-15T06:23:31.822202" rpa="false" schemaversion="5">
<suite id="s1" name="Tests" source="/home/runner/work/ApiRandomUser/ApiRandomUser/RamdonUser/tests">
<suite id="s1-s1" name="Random-User-Test" source="/home/runner/work/ApiRandomUser/ApiRandomUser/RamdonUser/tests/random-user-test.robot">
<test id="s1-s1-t1" name="Conectar" line="13">
<kw name="Conectar API" owner="random-user-service">
<kw name="Create Session" owner="RequestsLibrary">
<msg time="2024-07-15T06:23:32.232652" level="INFO">Creating Session using : alias=consultarAPI, url=https://randomuser.me/, headers={},                     cookies={}, auth=None, timeout=None, proxies=None, verify=False,                     debug=0 </msg>
<arg>consultarAPI</arg>
<arg>${URL}</arg>
<doc>Create Session: create a HTTP session to a server</doc>
<status status="PASS" start="2024-07-15T06:23:32.232447" elapsed="0.000386"/>
</kw>
<status status="PASS" start="2024-07-15T06:23:32.231466" elapsed="0.001756"/>
</kw>
<status status="PASS" start="2024-07-15T06:23:32.230842" elapsed="0.002578"/>
</test>
<test id="s1-s1-t2" name="Validar retorno 200 e JSON Válido" line="16">
<kw name="Teste de Requisicao Basica" owner="random-user-service">
<kw name="GET On Session" owner="RequestsLibrary">
<msg time="2024-07-15T06:23:32.316893" level="INFO">GET Request : url=https://randomuser.me/api 
 path_url=/api 
 headers={'User-Agent': 'python-requests/2.32.3', 'Accept-Encoding': 'gzip, deflate', 'Accept': '*/*', 'Connection': 'keep-alive'} 
 body=None 
 </msg>
<msg time="2024-07-15T06:23:32.317055" level="INFO">GET Response : url=https://randomuser.me/api 
 status=200, reason=OK 
 headers={'Date': 'Mon, 15 Jul 2024 06:23:32 GMT', 'Content-Type': 'application/json; charset=utf-8', 'Transfer-Encoding': 'chunked', 'Connection': 'keep-alive', 'X-Powered-By': 'Express', 'Access-Control-Allow-Origin': '*', 'Cache-Control': 'no-cache', 'ETag': 'W/"48a-Qiz0mtheiRE4s10uRV4W/8aN9tE"', 'Vary': 'Accept-Encoding', 'Content-Encoding': 'gzip', 'CF-Cache-Status': 'DYNAMIC', 'Report-To': '{"endpoints":[{"url":"https:\\/\\/a.nel.cloudflare.com\\/report\\/v4?s=UDgxWSXPfDUWdgKUUb1o8KePlg3Jxbbdj%2FkyLWWyE%2BM5%2B%2F0NtfMFyOafBm0L9a2Vd7DlXcOLM93WepVEvlHSmjMVU07U5uIyziLKCa0VKcwweMAUyC66FiJlomoVtAzK"}],"group":"cf-nel","max_age":604800}', 'NEL': '{"success_fraction":0,"report_to":"cf-nel","max_age":604800}', 'Server': 'cloudflare', 'CF-RAY': '8a37aa12cec305f2-IAD', 'alt-svc': 'h3=":443"; ma=86400'} 
 body={"results":[{"gender":"male","name":{"title":"Mr","first":"Nikola","last":"Adamović"},"location":{"street":{"number":5954,"name":"Janka Šafarika "},"city":"Vlasotince","state":"Bor","country":"Serbia","postcode":11580,"coordinates":{"latitude":"58.0438","longitude":"-7.4007"},"timezone":{"offset":"-3:00","description":"Brazil, Buenos Aires, Georgetown"}},"email":"nikola.adamovic@example.com","login":{"uuid":"90595e00-ae36-495d-a93c-d527d8e51f6f","username":"bluerabbit872","password":"millie","salt":"P6lxJu2A","md5":"e648c18d9f80d7a6642fc0e2efda478b","sha1":"bd4e483802e4b9d45bd445a5fcc7ccb535650290","sha256":"e2ff9a4026028a40d421ad741cbd5c53aae1542ff7fc82985998e1e7f4f4bf9a"},"dob":{"date":"1965-04-04T04:28:26.149Z","age":59},"registered":{"date":"2005-02-11T19:21:21.757Z","age":19},"phone":"035-8309-496","cell":"068-6703-666","id":{"name":"SID","value":"016973441"},"picture":{"large":"https://randomuser.me/api/portraits/men/43.jpg","medium":"https://randomuser.me/api/portraits/med/men/43.jpg","thumbnail":"https://randomuser.me/api/portraits/thumb/men/43.jpg"},"nat":"RS"}],"info":{"seed":"174d36b8a1c78a3f","results":1,"page":1,"version":"1.4"}} 
 </msg>
<msg time="2024-07-15T06:23:32.317191" level="INFO">/opt/hostedtoolcache/Python/3.12.4/x64/lib/python3.12/site-packages/urllib3/connectionpool.py:1099: InsecureRequestWarning: Unverified HTTPS request is being made to host 'randomuser.me'. Adding certificate verification is strongly advised. See: https://urllib3.readthedocs.io/en/latest/advanced-usage.html#tls-warnings
  warnings.warn(</msg>
<msg time="2024-07-15T06:23:32.317339" level="INFO">${response} = &lt;Response [200]&gt;</msg>
<var>${response}</var>
<arg>consultarAPI</arg>
<arg>/api</arg>
<doc>Sends a GET request on a previously created HTTP Session.</doc>
<status status="PASS" start="2024-07-15T06:23:32.236078" elapsed="0.081301"/>
</kw>
<kw name="Should Be Equal As Numbers" owner="BuiltIn">
<msg time="2024-07-15T06:23:32.318341" level="INFO">Argument types are:
&lt;class 'int'&gt;
&lt;class 'str'&gt;</msg>
<arg>${response.status_code}</arg>
<arg>200</arg>
<doc>Fails if objects are unequal after converting them to real numbers.</doc>
<status status="PASS" start="2024-07-15T06:23:32.317881" elapsed="0.000525"/>
</kw>
<kw name="Log" owner="BuiltIn">
<msg time="2024-07-15T06:23:32.319074" level="INFO">200</msg>
<arg>${response.status_code}</arg>
<doc>Logs the given message with the given level.</doc>
<status status="PASS" start="2024-07-15T06:23:32.318728" elapsed="0.000389"/>
</kw>
<kw name="Set Variable" owner="BuiltIn">
<msg time="2024-07-15T06:23:32.319867" level="INFO">${json_data} = {'results': [{'gender': 'male', 'name': {'title': 'Mr', 'first': 'Nikola', 'last': 'Adamović'}, 'location': {'street': {'number': 5954, 'name': 'Janka Šafarika '}, 'city': 'Vlasotince', 'state': 'Bor'...</msg>
<var>${json_data}</var>
<arg>${response.json()}</arg>
<doc>Returns the given values which can then be assigned to a variables.</doc>
<status status="PASS" start="2024-07-15T06:23:32.319421" elapsed="0.000477"/>
</kw>
<kw name="Dictionary Should Contain Key" owner="Collections">
<arg>${json_data}</arg>
<arg>results</arg>
<doc>Fails if ``key`` is not found from ``dictionary``.</doc>
<status status="PASS" start="2024-07-15T06:23:32.320193" elapsed="0.000162"/>
</kw>
<status status="PASS" start="2024-07-15T06:23:32.235810" elapsed="0.084709"/>
</kw>
<doc>Testa se a API responde corretamente e retorna um objeto JSON válido.</doc>
<tag>testeRequisicaoBasica</tag>
<status status="PASS" start="2024-07-15T06:23:32.235291" elapsed="0.085408"/>
</test>
<test id="s1-s1-t3" name="Validar estrutura de resposta" line="22">
<kw name="Teste de Estrutura de Resposta" owner="random-user-service">
<kw name="GET On Session" owner="RequestsLibrary">
<msg time="2024-07-15T06:23:32.420279" level="INFO">GET Request : url=https://randomuser.me/api 
 path_url=/api 
 headers={'User-Agent': 'python-requests/2.32.3', 'Accept-Encoding': 'gzip, deflate', 'Accept': '*/*', 'Connection': 'keep-alive'} 
 body=None 
 </msg>
<msg time="2024-07-15T06:23:32.420366" level="INFO">GET Response : url=https://randomuser.me/api 
 status=200, reason=OK 
 headers={'Date': 'Mon, 15 Jul 2024 06:23:32 GMT', 'Content-Type': 'application/json; charset=utf-8', 'Transfer-Encoding': 'chunked', 'Connection': 'keep-alive', 'X-Powered-By': 'Express', 'Access-Control-Allow-Origin': '*', 'Cache-Control': 'no-cache', 'ETag': 'W/"484-DOqrkVYCQlPCLIA0OOFud+5jQ1Q"', 'Vary': 'Accept-Encoding', 'Content-Encoding': 'gzip', 'CF-Cache-Status': 'DYNAMIC', 'Report-To': '{"endpoints":[{"url":"https:\\/\\/a.nel.cloudflare.com\\/report\\/v4?s=yw5txl6xBF50t4I1OI5HjdrCqPbodQDidE02H7JRGhnWeSM9XmYOK5KKKlD58mesNpKlQn6DmkFP2Yii4Grdov6hjqkOdbY3QRYmzm8IRGt9GviJ6Bt9cjC7KKRDE7BB"}],"group":"cf-nel","max_age":604800}', 'NEL': '{"success_fraction":0,"report_to":"cf-nel","max_age":604800}', 'Server': 'cloudflare', 'CF-RAY': '8a37aa130f0105f2-IAD', 'alt-svc': 'h3=":443"; ma=86400'} 
 body={"results":[{"gender":"female","name":{"title":"Ms","first":"Katrine","last":"Sørensen"},"location":{"street":{"number":1205,"name":"Thorsgade"},"city":"Hurup Thy","state":"Sjælland","country":"Denmark","postcode":35567,"coordinates":{"latitude":"-42.5183","longitude":"93.6905"},"timezone":{"offset":"-1:00","description":"Azores, Cape Verde Islands"}},"email":"katrine.sorensen@example.com","login":{"uuid":"7ee61d5c-4b39-45f8-99b3-51c503e692a6","username":"brownfrog164","password":"qazwsx","salt":"RlJw9I2K","md5":"26f6682d63967e37d700eb5289afc8bd","sha1":"55abd1893da16f9c65bd8e9e5c6a881aabb303a3","sha256":"700de9d75eeef9626987b50c9df5996ab3ffe65ac925aca90b3576cd5d8df719"},"dob":{"date":"1990-07-11T08:54:17.190Z","age":34},"registered":{"date":"2009-09-06T16:46:45.539Z","age":14},"phone":"19451636","cell":"37473034","id":{"name":"CPR","value":"110790-2191"},"picture":{"large":"https://randomuser.me/api/portraits/women/2.jpg","medium":"https://randomuser.me/api/portraits/med/women/2.jpg","thumbnail":"https://randomuser.me/api/portraits/thumb/women/2.jpg"},"nat":"DK"}],"info":{"seed":"5424e2744812f6c0","results":1,"page":1,"version":"1.4"}} 
 </msg>
<msg time="2024-07-15T06:23:32.420481" level="INFO">/opt/hostedtoolcache/Python/3.12.4/x64/lib/python3.12/site-packages/urllib3/connectionpool.py:1099: InsecureRequestWarning: Unverified HTTPS request is being made to host 'randomuser.me'. Adding certificate verification is strongly advised. See: https://urllib3.readthedocs.io/en/latest/advanced-usage.html#tls-warnings
  warnings.warn(</msg>
<msg time="2024-07-15T06:23:32.420600" level="INFO">${response} = &lt;Response [200]&gt;</msg>
<var>${response}</var>
<arg>consultarAPI</arg>
<arg>/api</arg>
<doc>Sends a GET request on a previously created HTTP Session.</doc>
<status status="PASS" start="2024-07-15T06:23:32.323675" elapsed="0.096966"/>
</kw>
<kw name="Set Variable" owner="BuiltIn">
<msg time="2024-07-15T06:23:32.421758" level="INFO">${json_data} = {'results': [{'gender': 'female', 'name': {'title': 'Ms', 'first': 'Katrine', 'last': 'Sørensen'}, 'location': {'street': {'number': 1205, 'name': 'Thorsgade'}, 'city': 'Hurup Thy', 'state': 'Sjælland...</msg>
<var>${json_data}</var>
<arg>${response.json()}</arg>
<doc>Returns the given values which can then be assigned to a variables.</doc>
<status status="PASS" start="2024-07-15T06:23:32.421127" elapsed="0.000674"/>
</kw>
<kw name="Log" owner="BuiltIn">
<msg time="2024-07-15T06:23:32.422323" level="INFO">{'results': [{'gender': 'female', 'name': {'title': 'Ms', 'first': 'Katrine', 'last': 'Sørensen'}, 'location': {'street': {'number': 1205, 'name': 'Thorsgade'}, 'city': 'Hurup Thy', 'state': 'Sjælland', 'country': 'Denmark', 'postcode': 35567, 'coordinates': {'latitude': '-42.5183', 'longitude': '93.6905'}, 'timezone': {'offset': '-1:00', 'description': 'Azores, Cape Verde Islands'}}, 'email': 'katrine.sorensen@example.com', 'login': {'uuid': '7ee61d5c-4b39-45f8-99b3-51c503e692a6', 'username': 'brownfrog164', 'password': 'qazwsx', 'salt': 'RlJw9I2K', 'md5': '26f6682d63967e37d700eb5289afc8bd', 'sha1': '55abd1893da16f9c65bd8e9e5c6a881aabb303a3', 'sha256': '700de9d75eeef9626987b50c9df5996ab3ffe65ac925aca90b3576cd5d8df719'}, 'dob': {'date': '1990-07-11T08:54:17.190Z', 'age': 34}, 'registered': {'date': '2009-09-06T16:46:45.539Z', 'age': 14}, 'phone': '19451636', 'cell': '37473034', 'id': {'name': 'CPR', 'value': '110790-2191'}, 'picture': {'large': 'https://randomuser.me/api/portraits/women/2.jpg', 'medium': 'https://randomuser.me/api/portraits/med/women/2.jpg', 'thumbnail': 'https://randomuser.me/api/portraits/thumb/women/2.jpg'}, 'nat': 'DK'}], 'info': {'seed': '5424e2744812f6c0', 'results': 1, 'page': 1, 'version': '1.4'}}</msg>
<arg>${json_data}</arg>
<doc>Logs the given message with the given level.</doc>
<status status="PASS" start="2024-07-15T06:23:32.422158" elapsed="0.000226"/>
</kw>
<kw name="Dictionary Should Contain Key" owner="Collections">
<arg>${json_data}</arg>
<arg>results</arg>
<doc>Fails if ``key`` is not found from ``dictionary``.</doc>
<status status="PASS" start="2024-07-15T06:23:32.422745" elapsed="0.000173"/>
</kw>
<kw name="Should Not Be Empty" owner="BuiltIn">
<msg time="2024-07-15T06:23:32.423281" level="INFO">Length is 2.</msg>
<arg>${json_data}</arg>
<doc>Verifies that the given item is not empty.</doc>
<status status="PASS" start="2024-07-15T06:23:32.423142" elapsed="0.000179"/>
</kw>
<kw name="Create List" owner="BuiltIn">
<msg time="2024-07-15T06:23:32.423945" level="INFO">${expected_keys} = ['gender', 'name', 'location', 'email', 'login']</msg>
<var>${expected_keys}</var>
<arg>gender</arg>
<arg>name</arg>
<arg>location</arg>
<arg>email</arg>
<arg>login</arg>
<doc>Returns a list containing given items.</doc>
<status status="PASS" start="2024-07-15T06:23:32.423627" elapsed="0.000343"/>
</kw>
<for flavor="IN">
<iter>
<kw name="Dictionary Should Contain Key" owner="Collections">
<arg>${json_data['results'][0]}</arg>
<arg>${key}</arg>
<doc>Fails if ``key`` is not found from ``dictionary``.</doc>
<status status="PASS" start="2024-07-15T06:23:32.424583" elapsed="0.000444"/>
</kw>
<kw name="Log" owner="BuiltIn">
<msg time="2024-07-15T06:23:32.425636" level="INFO">{'gender': 'female', 'name': {'title': 'Ms', 'first': 'Katrine', 'last': 'Sørensen'}, 'location': {'street': {'number': 1205, 'name': 'Thorsgade'}, 'city': 'Hurup Thy', 'state': 'Sjælland', 'country': 'Denmark', 'postcode': 35567, 'coordinates': {'latitude': '-42.5183', 'longitude': '93.6905'}, 'timezone': {'offset': '-1:00', 'description': 'Azores, Cape Verde Islands'}}, 'email': 'katrine.sorensen@example.com', 'login': {'uuid': '7ee61d5c-4b39-45f8-99b3-51c503e692a6', 'username': 'brownfrog164', 'password': 'qazwsx', 'salt': 'RlJw9I2K', 'md5': '26f6682d63967e37d700eb5289afc8bd', 'sha1': '55abd1893da16f9c65bd8e9e5c6a881aabb303a3', 'sha256': '700de9d75eeef9626987b50c9df5996ab3ffe65ac925aca90b3576cd5d8df719'}, 'dob': {'date': '1990-07-11T08:54:17.190Z', 'age': 34}, 'registered': {'date': '2009-09-06T16:46:45.539Z', 'age': 14}, 'phone': '19451636', 'cell': '37473034', 'id': {'name': 'CPR', 'value': '110790-2191'}, 'picture': {'large': 'https://randomuser.me/api/portraits/women/2.jpg', 'medium': 'https://randomuser.me/api/portraits/med/women/2.jpg', 'thumbnail': 'https://randomuser.me/api/portraits/thumb/women/2.jpg'}, 'nat': 'DK'}</msg>
<arg>${json_data['results'][0]}</arg>
<doc>Logs the given message with the given level.</doc>
<status status="PASS" start="2024-07-15T06:23:32.425265" elapsed="0.000424"/>
</kw>
<kw name="Log" owner="BuiltIn">
<msg time="2024-07-15T06:23:32.426150" level="INFO">gender</msg>
<arg>${key}</arg>
<doc>Logs the given message with the given level.</doc>
<status status="PASS" start="2024-07-15T06:23:32.426018" elapsed="0.000171"/>
</kw>
<var name="${key}">gender</var>
<status status="PASS" start="2024-07-15T06:23:32.424452" elapsed="0.001955"/>
</iter>
<iter>
<kw name="Dictionary Should Contain Key" owner="Collections">
<arg>${json_data['results'][0]}</arg>
<arg>${key}</arg>
<doc>Fails if ``key`` is not found from ``dictionary``.</doc>
<status status="PASS" start="2024-07-15T06:23:32.426711" elapsed="0.000392"/>
</kw>
<kw name="Log" owner="BuiltIn">
<msg time="2024-07-15T06:23:32.427893" level="INFO">{'gender': 'female', 'name': {'title': 'Ms', 'first': 'Katrine', 'last': 'Sørensen'}, 'location': {'street': {'number': 1205, 'name': 'Thorsgade'}, 'city': 'Hurup Thy', 'state': 'Sjælland', 'country': 'Denmark', 'postcode': 35567, 'coordinates': {'latitude': '-42.5183', 'longitude': '93.6905'}, 'timezone': {'offset': '-1:00', 'description': 'Azores, Cape Verde Islands'}}, 'email': 'katrine.sorensen@example.com', 'login': {'uuid': '7ee61d5c-4b39-45f8-99b3-51c503e692a6', 'username': 'brownfrog164', 'password': 'qazwsx', 'salt': 'RlJw9I2K', 'md5': '26f6682d63967e37d700eb5289afc8bd', 'sha1': '55abd1893da16f9c65bd8e9e5c6a881aabb303a3', 'sha256': '700de9d75eeef9626987b50c9df5996ab3ffe65ac925aca90b3576cd5d8df719'}, 'dob': {'date': '1990-07-11T08:54:17.190Z', 'age': 34}, 'registered': {'date': '2009-09-06T16:46:45.539Z', 'age': 14}, 'phone': '19451636', 'cell': '37473034', 'id': {'name': 'CPR', 'value': '110790-2191'}, 'picture': {'large': 'https://randomuser.me/api/portraits/women/2.jpg', 'medium': 'https://randomuser.me/api/portraits/med/women/2.jpg', 'thumbnail': 'https://randomuser.me/api/portraits/thumb/women/2.jpg'}, 'nat': 'DK'}</msg>
<arg>${json_data['results'][0]}</arg>
<doc>Logs the given message with the given level.</doc>
<status status="PASS" start="2024-07-15T06:23:32.427375" elapsed="0.000603"/>
</kw>
<kw name="Log" owner="BuiltIn">
<msg time="2024-07-15T06:23:32.428412" level="INFO">name</msg>
<arg>${key}</arg>
<doc>Logs the given message with the given level.</doc>
<status status="PASS" start="2024-07-15T06:23:32.428283" elapsed="0.000166"/>
</kw>
<var name="${key}">name</var>
<status status="PASS" start="2024-07-15T06:23:32.426592" elapsed="0.002082"/>
</iter>
<iter>
<kw name="Dictionary Should Contain Key" owner="Collections">
<arg>${json_data['results'][0]}</arg>
<arg>${key}</arg>
<doc>Fails if ``key`` is not found from ``dictionary``.</doc>
<status status="PASS" start="2024-07-15T06:23:32.428990" elapsed="0.000444"/>
</kw>
<kw name="Log" owner="BuiltIn">
<msg time="2024-07-15T06:23:32.430088" level="INFO">{'gender': 'female', 'name': {'title': 'Ms', 'first': 'Katrine', 'last': 'Sørensen'}, 'location': {'street': {'number': 1205, 'name': 'Thorsgade'}, 'city': 'Hurup Thy', 'state': 'Sjælland', 'country': 'Denmark', 'postcode': 35567, 'coordinates': {'latitude': '-42.5183', 'longitude': '93.6905'}, 'timezone': {'offset': '-1:00', 'description': 'Azores, Cape Verde Islands'}}, 'email': 'katrine.sorensen@example.com', 'login': {'uuid': '7ee61d5c-4b39-45f8-99b3-51c503e692a6', 'username': 'brownfrog164', 'password': 'qazwsx', 'salt': 'RlJw9I2K', 'md5': '26f6682d63967e37d700eb5289afc8bd', 'sha1': '55abd1893da16f9c65bd8e9e5c6a881aabb303a3', 'sha256': '700de9d75eeef9626987b50c9df5996ab3ffe65ac925aca90b3576cd5d8df719'}, 'dob': {'date': '1990-07-11T08:54:17.190Z', 'age': 34}, 'registered': {'date': '2009-09-06T16:46:45.539Z', 'age': 14}, 'phone': '19451636', 'cell': '37473034', 'id': {'name': 'CPR', 'value': '110790-2191'}, 'picture': {'large': 'https://randomuser.me/api/portraits/women/2.jpg', 'medium': 'https://randomuser.me/api/portraits/med/women/2.jpg', 'thumbnail': 'https://randomuser.me/api/portraits/thumb/women/2.jpg'}, 'nat': 'DK'}</msg>
<arg>${json_data['results'][0]}</arg>
<doc>Logs the given message with the given level.</doc>
<status status="PASS" start="2024-07-15T06:23:32.429686" elapsed="0.000455"/>
</kw>
<kw name="Log" owner="BuiltIn">
<msg time="2024-07-15T06:23:32.430617" level="INFO">location</msg>
<arg>${key}</arg>
<doc>Logs the given message with the given level.</doc>
<status status="PASS" start="2024-07-15T06:23:32.430476" elapsed="0.000181"/>
</kw>
<var name="${key}">location</var>
<status status="PASS" start="2024-07-15T06:23:32.428881" elapsed="0.002022"/>
</iter>
<iter>
<kw name="Dictionary Should Contain Key" owner="Collections">
<arg>${json_data['results'][0]}</arg>
<arg>${key}</arg>
<doc>Fails if ``key`` is not found from ``dictionary``.</doc>
<status status="PASS" start="2024-07-15T06:23:32.431209" elapsed="0.000399"/>
</kw>
<kw name="Log" owner="BuiltIn">
<msg time="2024-07-15T06:23:32.432226" level="INFO">{'gender': 'female', 'name': {'title': 'Ms', 'first': 'Katrine', 'last': 'Sørensen'}, 'location': {'street': {'number': 1205, 'name': 'Thorsgade'}, 'city': 'Hurup Thy', 'state': 'Sjælland', 'country': 'Denmark', 'postcode': 35567, 'coordinates': {'latitude': '-42.5183', 'longitude': '93.6905'}, 'timezone': {'offset': '-1:00', 'description': 'Azores, Cape Verde Islands'}}, 'email': 'katrine.sorensen@example.com', 'login': {'uuid': '7ee61d5c-4b39-45f8-99b3-51c503e692a6', 'username': 'brownfrog164', 'password': 'qazwsx', 'salt': 'RlJw9I2K', 'md5': '26f6682d63967e37d700eb5289afc8bd', 'sha1': '55abd1893da16f9c65bd8e9e5c6a881aabb303a3', 'sha256': '700de9d75eeef9626987b50c9df5996ab3ffe65ac925aca90b3576cd5d8df719'}, 'dob': {'date': '1990-07-11T08:54:17.190Z', 'age': 34}, 'registered': {'date': '2009-09-06T16:46:45.539Z', 'age': 14}, 'phone': '19451636', 'cell': '37473034', 'id': {'name': 'CPR', 'value': '110790-2191'}, 'picture': {'large': 'https://randomuser.me/api/portraits/women/2.jpg', 'medium': 'https://randomuser.me/api/portraits/med/women/2.jpg', 'thumbnail': 'https://randomuser.me/api/portraits/thumb/women/2.jpg'}, 'nat': 'DK'}</msg>
<arg>${json_data['results'][0]}</arg>
<doc>Logs the given message with the given level.</doc>
<status status="PASS" start="2024-07-15T06:23:32.431831" elapsed="0.000449"/>
</kw>
<kw name="Log" owner="BuiltIn">
<msg time="2024-07-15T06:23:32.432784" level="INFO">email</msg>
<arg>${key}</arg>
<doc>Logs the given message with the given level.</doc>
<status status="PASS" start="2024-07-15T06:23:32.432607" elapsed="0.000234"/>
</kw>
<var name="${key}">email</var>
<status status="PASS" start="2024-07-15T06:23:32.431077" elapsed="0.002072"/>
</iter>
<iter>
<kw name="Dictionary Should Contain Key" owner="Collections">
<arg>${json_data['results'][0]}</arg>
<arg>${key}</arg>
<doc>Fails if ``key`` is not found from ``dictionary``.</doc>
<status status="PASS" start="2024-07-15T06:23:32.433467" elapsed="0.000388"/>
</kw>
<kw name="Log" owner="BuiltIn">
<msg time="2024-07-15T06:23:32.434387" level="INFO">{'gender': 'female', 'name': {'title': 'Ms', 'first': 'Katrine', 'last': 'Sørensen'}, 'location': {'street': {'number': 1205, 'name': 'Thorsgade'}, 'city': 'Hurup Thy', 'state': 'Sjælland', 'country': 'Denmark', 'postcode': 35567, 'coordinates': {'latitude': '-42.5183', 'longitude': '93.6905'}, 'timezone': {'offset': '-1:00', 'description': 'Azores, Cape Verde Islands'}}, 'email': 'katrine.sorensen@example.com', 'login': {'uuid': '7ee61d5c-4b39-45f8-99b3-51c503e692a6', 'username': 'brownfrog164', 'password': 'qazwsx', 'salt': 'RlJw9I2K', 'md5': '26f6682d63967e37d700eb5289afc8bd', 'sha1': '55abd1893da16f9c65bd8e9e5c6a881aabb303a3', 'sha256': '700de9d75eeef9626987b50c9df5996ab3ffe65ac925aca90b3576cd5d8df719'}, 'dob': {'date': '1990-07-11T08:54:17.190Z', 'age': 34}, 'registered': {'date': '2009-09-06T16:46:45.539Z', 'age': 14}, 'phone': '19451636', 'cell': '37473034', 'id': {'name': 'CPR', 'value': '110790-2191'}, 'picture': {'large': 'https://randomuser.me/api/portraits/women/2.jpg', 'medium': 'https://randomuser.me/api/portraits/med/women/2.jpg', 'thumbnail': 'https://randomuser.me/api/portraits/thumb/women/2.jpg'}, 'nat': 'DK'}</msg>
<arg>${json_data['results'][0]}</arg>
<doc>Logs the given message with the given level.</doc>
<status status="PASS" start="2024-07-15T06:23:32.434038" elapsed="0.000400"/>
</kw>
<kw name="Log" owner="BuiltIn">
<msg time="2024-07-15T06:23:32.434859" level="INFO">login</msg>
<arg>${key}</arg>
<doc>Logs the given message with the given level.</doc>
<status status="PASS" start="2024-07-15T06:23:32.434732" elapsed="0.000165"/>
</kw>
<var name="${key}">login</var>
<status status="PASS" start="2024-07-15T06:23:32.433344" elapsed="0.001814"/>
</iter>
<var>${key}</var>
<value>@{expected_keys}</value>
<status status="PASS" start="2024-07-15T06:23:32.424254" elapsed="0.011042"/>
</for>
<kw name="Create List" owner="BuiltIn">
<msg time="2024-07-15T06:23:32.435698" level="INFO">${expected_keysTwo} = ['username', 'password']</msg>
<var>${expected_keysTwo}</var>
<arg>username</arg>
<arg>password</arg>
<doc>Returns a list containing given items.</doc>
<status status="PASS" start="2024-07-15T06:23:32.435519" elapsed="0.000208"/>
</kw>
<for flavor="IN">
<iter>
<kw name="Dictionary Should Contain Key" owner="Collections">
<arg>${json_data['results'][0]['login']}</arg>
<arg>${keyTwo}</arg>
<doc>Fails if ``key`` is not found from ``dictionary``.</doc>
<status status="PASS" start="2024-07-15T06:23:32.436302" elapsed="0.000388"/>
</kw>
<kw name="Dictionary Should Contain Key" owner="Collections">
<arg>${json_data['results'][0]['login']}</arg>
<arg>${keyTwo}</arg>
<doc>Fails if ``key`` is not found from ``dictionary``.</doc>
<status status="PASS" start="2024-07-15T06:23:32.436900" elapsed="0.000416"/>
</kw>
<kw name="Log" owner="BuiltIn">
<msg time="2024-07-15T06:23:32.437625" level="INFO">username</msg>
<arg>${keyTwo}</arg>
<doc>Logs the given message with the given level.</doc>
<status status="PASS" start="2024-07-15T06:23:32.437501" elapsed="0.000163"/>
</kw>
<var name="${keyTwo}">username</var>
<status status="PASS" start="2024-07-15T06:23:32.436196" elapsed="0.001691"/>
</iter>
<iter>
<kw name="Dictionary Should Contain Key" owner="Collections">
<arg>${json_data['results'][0]['login']}</arg>
<arg>${keyTwo}</arg>
<doc>Fails if ``key`` is not found from ``dictionary``.</doc>
<status status="PASS" start="2024-07-15T06:23:32.438197" elapsed="0.000443"/>
</kw>
<kw name="Dictionary Should Contain Key" owner="Collections">
<arg>${json_data['results'][0]['login']}</arg>
<arg>${keyTwo}</arg>
<doc>Fails if ``key`` is not found from ``dictionary``.</doc>
<status status="PASS" start="2024-07-15T06:23:32.438852" elapsed="0.000428"/>
</kw>
<kw name="Log" owner="BuiltIn">
<msg time="2024-07-15T06:23:32.439580" level="INFO">password</msg>
<arg>${keyTwo}</arg>
<doc>Logs the given message with the given level.</doc>
<status status="PASS" start="2024-07-15T06:23:32.439461" elapsed="0.000163"/>
</kw>
<var name="${keyTwo}">password</var>
<status status="PASS" start="2024-07-15T06:23:32.438057" elapsed="0.001879"/>
</iter>
<var>${keyTwo}</var>
<value>@{expected_keysTwo}</value>
<status status="PASS" start="2024-07-15T06:23:32.436039" elapsed="0.004056"/>
</for>
<status status="PASS" start="2024-07-15T06:23:32.323347" elapsed="0.116914"/>
</kw>
<doc>Testa a estrutura da resposta da API.</doc>
<tag>testeEstruturaResposta</tag>
<status status="PASS" start="2024-07-15T06:23:32.322584" elapsed="0.117831"/>
</test>
<test id="s1-s1-t4" name="Validar tipos de dados" line="28">
<kw name="Teste de Tipos de Dados" owner="random-user-service">
<kw name="GET On Session" owner="RequestsLibrary">
<msg time="2024-07-15T06:23:32.517881" level="INFO">GET Request : url=https://randomuser.me/api 
 path_url=/api 
 headers={'User-Agent': 'python-requests/2.32.3', 'Accept-Encoding': 'gzip, deflate', 'Accept': '*/*', 'Connection': 'keep-alive'} 
 body=None 
 </msg>
<msg time="2024-07-15T06:23:32.517974" level="INFO">GET Response : url=https://randomuser.me/api 
 status=200, reason=OK 
 headers={'Date': 'Mon, 15 Jul 2024 06:23:32 GMT', 'Content-Type': 'application/json; charset=utf-8', 'Transfer-Encoding': 'chunked', 'Connection': 'keep-alive', 'X-Powered-By': 'Express', 'Access-Control-Allow-Origin': '*', 'Cache-Control': 'no-cache', 'ETag': 'W/"495-ghpSPfUna07vi1JKrIj6eekXzoM"', 'Vary': 'Accept-Encoding', 'Content-Encoding': 'gzip', 'CF-Cache-Status': 'DYNAMIC', 'Report-To': '{"endpoints":[{"url":"https:\\/\\/a.nel.cloudflare.com\\/report\\/v4?s=Kgox52yG8BxEyjKWEmt7BKpiCI8cTCLw8AWX1f8844E3rVrqFbXh4xQhHSimbWzouHxVj3aZeac85k03X1xlBxDkjT5gib5GY%2BV%2BwG7lSBcks8SuoNmwlk89f4kofoQW"}],"group":"cf-nel","max_age":604800}', 'NEL': '{"success_fraction":0,"report_to":"cf-nel","max_age":604800}', 'Server': 'cloudflare', 'CF-RAY': '8a37aa13cf8105f2-IAD', 'alt-svc': 'h3=":443"; ma=86400'} 
 body={"results":[{"gender":"male","name":{"title":"Monsieur","first":"Bastien","last":"Duval"},"location":{"street":{"number":7769,"name":"Avenue Jean-Jaurès"},"city":"Uznach","state":"Glarus","country":"Switzerland","postcode":9365,"coordinates":{"latitude":"-62.3244","longitude":"-100.2345"},"timezone":{"offset":"-1:00","description":"Azores, Cape Verde Islands"}},"email":"bastien.duval@example.com","login":{"uuid":"146c1e5c-1623-4e45-8717-fb9ceb286f85","username":"bigkoala981","password":"hotbox","salt":"ezkp6pvF","md5":"a63e77b7e433857ea299122996e78c5c","sha1":"71a87eb2f685feee9262969dae5919d63f2d4aaf","sha256":"be4f3d203615f382581c1dbc784dead87cecbaf3d38cd858ed295039382943fc"},"dob":{"date":"1984-03-15T05:04:15.423Z","age":40},"registered":{"date":"2013-10-07T02:46:38.439Z","age":10},"phone":"078 153 95 31","cell":"079 746 85 78","id":{"name":"AVS","value":"756.6671.3399.61"},"picture":{"large":"https://randomuser.me/api/portraits/men/80.jpg","medium":"https://randomuser.me/api/portraits/med/men/80.jpg","thumbnail":"https://randomuser.me/api/portraits/thumb/men/80.jpg"},"nat":"CH"}],"info":{"seed":"912d31d4e2745b1f","results":1,"page":1,"version":"1.4"}} 
 </msg>
<msg time="2024-07-15T06:23:32.518053" level="INFO">/opt/hostedtoolcache/Python/3.12.4/x64/lib/python3.12/site-packages/urllib3/connectionpool.py:1099: InsecureRequestWarning: Unverified HTTPS request is being made to host 'randomuser.me'. Adding certificate verification is strongly advised. See: https://urllib3.readthedocs.io/en/latest/advanced-usage.html#tls-warnings
  warnings.warn(</msg>
<msg time="2024-07-15T06:23:32.518186" level="INFO">${response} = &lt;Response [200]&gt;</msg>
<var>${response}</var>
<arg>consultarAPI</arg>
<arg>/api</arg>
<doc>Sends a GET request on a previously created HTTP Session.</doc>
<status status="PASS" start="2024-07-15T06:23:32.443033" elapsed="0.075205"/>
</kw>
<kw name="Set Variable" owner="BuiltIn">
<msg time="2024-07-15T06:23:32.519429" level="INFO">${json_data} = {'results': [{'gender': 'male', 'name': {'title': 'Monsieur', 'first': 'Bastien', 'last': 'Duval'}, 'location': {'street': {'number': 7769, 'name': 'Avenue Jean-Jaurès'}, 'city': 'Uznach', 'state': 'G...</msg>
<var>${json_data}</var>
<arg>${response.json()}</arg>
<doc>Returns the given values which can then be assigned to a variables.</doc>
<status status="PASS" start="2024-07-15T06:23:32.518824" elapsed="0.000636"/>
</kw>
<kw name="Log" owner="BuiltIn">
<msg time="2024-07-15T06:23:32.519935" level="INFO">{'results': [{'gender': 'male', 'name': {'title': 'Monsieur', 'first': 'Bastien', 'last': 'Duval'}, 'location': {'street': {'number': 7769, 'name': 'Avenue Jean-Jaurès'}, 'city': 'Uznach', 'state': 'Glarus', 'country': 'Switzerland', 'postcode': 9365, 'coordinates': {'latitude': '-62.3244', 'longitude': '-100.2345'}, 'timezone': {'offset': '-1:00', 'description': 'Azores, Cape Verde Islands'}}, 'email': 'bastien.duval@example.com', 'login': {'uuid': '146c1e5c-1623-4e45-8717-fb9ceb286f85', 'username': 'bigkoala981', 'password': 'hotbox', 'salt': 'ezkp6pvF', 'md5': 'a63e77b7e433857ea299122996e78c5c', 'sha1': '71a87eb2f685feee9262969dae5919d63f2d4aaf', 'sha256': 'be4f3d203615f382581c1dbc784dead87cecbaf3d38cd858ed295039382943fc'}, 'dob': {'date': '1984-03-15T05:04:15.423Z', 'age': 40}, 'registered': {'date': '2013-10-07T02:46:38.439Z', 'age': 10}, 'phone': '078 153 95 31', 'cell': '079 746 85 78', 'id': {'name': 'AVS', 'value': '756.6671.3399.61'}, 'picture': {'large': 'https://randomuser.me/api/portraits/men/80.jpg', 'medium': 'https://randomuser.me/api/portraits/med/men/80.jpg', 'thumbnail': 'https://randomuser.me/api/portraits/thumb/men/80.jpg'}, 'nat': 'CH'}], 'info': {'seed': '912d31d4e2745b1f', 'results': 1, 'page': 1, 'version': '1.4'}}</msg>
<arg>${json_data}</arg>
<doc>Logs the given message with the given level.</doc>
<status status="PASS" start="2024-07-15T06:23:32.519776" elapsed="0.000209"/>
</kw>
<kw name="Should Be String" owner="String">
<arg>${json_data['results'][0]['gender']}</arg>
<doc>Fails if the given ``item`` is not a string.</doc>
<status status="PASS" start="2024-07-15T06:23:32.520281" elapsed="0.000366"/>
</kw>
<kw name="Should Match Regexp" owner="BuiltIn">
<arg>${json_data['results'][0]['email']}</arg>
<arg>^[a-zA-Z0-9._%+-]+@[a-zA-Z0-9.-]+\.[a-zA-Z]{2,}$</arg>
<doc>Fails if ``string`` does not match ``pattern`` as a regular expression.</doc>
<status status="PASS" start="2024-07-15T06:23:32.520837" elapsed="0.000571"/>
</kw>
<kw name="Should Match Regexp" owner="BuiltIn">
<arg>${json_data['results'][0]['dob']['date']}</arg>
<arg>\\d{4}-\\d{2}-\\d{2}T\\d{2}:\\d{2}:\\d{2}\\.\\d{3}Z</arg>
<doc>Fails if ``string`` does not match ``pattern`` as a regular expression.</doc>
<status status="PASS" start="2024-07-15T06:23:32.521645" elapsed="0.000495"/>
</kw>
<kw name="Should Match Regexp" owner="BuiltIn">
<arg>${json_data['results'][0]['registered']['date']}</arg>
<arg>\\d{4}-\\d{2}-\\d{2}T\\d{2}:\\d{2}:\\d{2}\\.\\d{3}Z</arg>
<doc>Fails if ``string`` does not match ``pattern`` as a regular expression.</doc>
<status status="PASS" start="2024-07-15T06:23:32.522331" elapsed="0.000372"/>
</kw>
<kw name="Should Match Regexp" owner="BuiltIn">
<arg>${json_data['results'][0]['picture']['large']}</arg>
<arg>^https?://.*\.(?:png|jpe?g|gif|bmp)$</arg>
<doc>Fails if ``string`` does not match ``pattern`` as a regular expression.</doc>
<status status="PASS" start="2024-07-15T06:23:32.522890" elapsed="0.000458"/>
</kw>
<kw name="Should Match Regexp" owner="BuiltIn">
<arg>${json_data['results'][0]['picture']['medium']}</arg>
<arg>^https?://.*\.(?:png|jpe?g|gif|bmp)$</arg>
<doc>Fails if ``string`` does not match ``pattern`` as a regular expression.</doc>
<status status="PASS" start="2024-07-15T06:23:32.523534" elapsed="0.000349"/>
</kw>
<kw name="Should Match Regexp" owner="BuiltIn">
<arg>${json_data['results'][0]['picture']['thumbnail']}</arg>
<arg>^https?://.*\.(?:png|jpe?g|gif|bmp)$</arg>
<doc>Fails if ``string`` does not match ``pattern`` as a regular expression.</doc>
<status status="PASS" start="2024-07-15T06:23:32.524067" elapsed="0.000352"/>
</kw>
<kw name="Log" owner="BuiltIn">
<msg time="2024-07-15T06:23:32.524942" level="INFO">{'large': 'https://randomuser.me/api/portraits/men/80.jpg', 'medium': 'https://randomuser.me/api/portraits/med/men/80.jpg', 'thumbnail': 'https://randomuser.me/api/portraits/thumb/men/80.jpg'}</msg>
<arg>${json_data['results'][0]['picture']}</arg>
<doc>Logs the given message with the given level.</doc>
<status status="PASS" start="2024-07-15T06:23:32.524604" elapsed="0.000381"/>
</kw>
<status status="PASS" start="2024-07-15T06:23:32.442788" elapsed="0.082477"/>
</kw>
<kw name="Teste de Tipos de Dados - Postcode" owner="random-user-service">
<kw name="GET On Session" owner="RequestsLibrary">
<msg time="2024-07-15T06:23:32.625601" level="INFO">GET Request : url=https://randomuser.me/api 
 path_url=/api 
 headers={'User-Agent': 'python-requests/2.32.3', 'Accept-Encoding': 'gzip, deflate', 'Accept': '*/*', 'Connection': 'keep-alive'} 
 body=None 
 </msg>
<msg time="2024-07-15T06:23:32.625699" level="INFO">GET Response : url=https://randomuser.me/api 
 status=200, reason=OK 
 headers={'Date': 'Mon, 15 Jul 2024 06:23:32 GMT', 'Content-Type': 'application/json; charset=utf-8', 'Transfer-Encoding': 'chunked', 'Connection': 'keep-alive', 'X-Powered-By': 'Express', 'Access-Control-Allow-Origin': '*', 'Cache-Control': 'no-cache', 'ETag': 'W/"4a4-Bf7GRDmdFWW6aGsg2vQiYRhkLtQ"', 'Vary': 'Accept-Encoding', 'Content-Encoding': 'gzip', 'CF-Cache-Status': 'DYNAMIC', 'Report-To': '{"endpoints":[{"url":"https:\\/\\/a.nel.cloudflare.com\\/report\\/v4?s=%2FHat0fSGkIRuUw3l%2FhdUNBi0ZLzbbzVga3KmDu1wrRp%2FSPnuLmmufUPPALD50unZ97LjVYeCZMYocUrp0GhonoKZlREkRz1PPui8HwFvpKvnGQULrH50zYkpoSyapXKI"}],"group":"cf-nel","max_age":604800}', 'NEL': '{"success_fraction":0,"report_to":"cf-nel","max_age":604800}', 'Server': 'cloudflare', 'CF-RAY': '8a37aa144fd805f2-IAD', 'alt-svc': 'h3=":443"; ma=86400'} 
 body={"results":[{"gender":"male","name":{"title":"Mr","first":"Kerim","last":"Nalbantoğlu"},"location":{"street":{"number":6781,"name":"Fatih Sultan Mehmet Cd"},"city":"Elazığ","state":"Şırnak","country":"Turkey","postcode":22452,"coordinates":{"latitude":"70.1695","longitude":"-46.1999"},"timezone":{"offset":"0:00","description":"Western Europe Time, London, Lisbon, Casablanca"}},"email":"kerim.nalbantoglu@example.com","login":{"uuid":"9a7ac4e2-35ea-48e6-b995-920475507a73","username":"organicgoose642","password":"magellan","salt":"mt5MI7zn","md5":"bc8099a33eb9a79a2f7009cd93750924","sha1":"020653ae859b3b80d4133c8a259ef0fdce563cba","sha256":"2cf846d8ac168aaeb6786b9fba7b4ea704e3581c4fc0a7b16763533ac198fa86"},"dob":{"date":"1953-03-10T15:09:38.176Z","age":71},"registered":{"date":"2003-03-24T20:07:26.941Z","age":21},"phone":"(433)-046-4267","cell":"(394)-956-7937","id":{"name":"","value":null},"picture":{"large":"https://randomuser.me/api/portraits/men/29.jpg","medium":"https://randomuser.me/api/portraits/med/men/29.jpg","thumbnail":"https://randomuser.me/api/portraits/thumb/men/29.jpg"},"nat":"TR"}],"info":{"seed":"0446a0fac0e92c3f","results":1,"page":1,"version":"1.4"}} 
 </msg>
<msg time="2024-07-15T06:23:32.625793" level="INFO">/opt/hostedtoolcache/Python/3.12.4/x64/lib/python3.12/site-packages/urllib3/connectionpool.py:1099: InsecureRequestWarning: Unverified HTTPS request is being made to host 'randomuser.me'. Adding certificate verification is strongly advised. See: https://urllib3.readthedocs.io/en/latest/advanced-usage.html#tls-warnings
  warnings.warn(</msg>
<msg time="2024-07-15T06:23:32.625923" level="INFO">${response} = &lt;Response [200]&gt;</msg>
<var>${response}</var>
<arg>consultarAPI</arg>
<arg>/api</arg>
<doc>Sends a GET request on a previously created HTTP Session.</doc>
<status status="PASS" start="2024-07-15T06:23:32.525716" elapsed="0.100249"/>
</kw>
<kw name="Set Variable" owner="BuiltIn">
<msg time="2024-07-15T06:23:32.626971" level="INFO">${json_data} = {'results': [{'gender': 'male', 'name': {'title': 'Mr', 'first': 'Kerim', 'last': 'Nalbantoğlu'}, 'location': {'street': {'number': 6781, 'name': 'Fatih Sultan Mehmet Cd'}, 'city': 'Elazığ', 'state': ...</msg>
<var>${json_data}</var>
<arg>${response.json()}</arg>
<doc>Returns the given values which can then be assigned to a variables.</doc>
<status status="PASS" start="2024-07-15T06:23:32.626464" elapsed="0.000538"/>
</kw>
<kw name="Log" owner="BuiltIn">
<msg time="2024-07-15T06:23:32.627483" level="INFO">{'results': [{'gender': 'male', 'name': {'title': 'Mr', 'first': 'Kerim', 'last': 'Nalbantoğlu'}, 'location': {'street': {'number': 6781, 'name': 'Fatih Sultan Mehmet Cd'}, 'city': 'Elazığ', 'state': 'Şırnak', 'country': 'Turkey', 'postcode': 22452, 'coordinates': {'latitude': '70.1695', 'longitude': '-46.1999'}, 'timezone': {'offset': '0:00', 'description': 'Western Europe Time, London, Lisbon, Casablanca'}}, 'email': 'kerim.nalbantoglu@example.com', 'login': {'uuid': '9a7ac4e2-35ea-48e6-b995-920475507a73', 'username': 'organicgoose642', 'password': 'magellan', 'salt': 'mt5MI7zn', 'md5': 'bc8099a33eb9a79a2f7009cd93750924', 'sha1': '020653ae859b3b80d4133c8a259ef0fdce563cba', 'sha256': '2cf846d8ac168aaeb6786b9fba7b4ea704e3581c4fc0a7b16763533ac198fa86'}, 'dob': {'date': '1953-03-10T15:09:38.176Z', 'age': 71}, 'registered': {'date': '2003-03-24T20:07:26.941Z', 'age': 21}, 'phone': '(433)-046-4267', 'cell': '(394)-956-7937', 'id': {'name': '', 'value': None}, 'picture': {'large': 'https://randomuser.me/api/portraits/men/29.jpg', 'medium': 'https://randomuser.me/api/portraits/med/men/29.jpg', 'thumbnail': 'https://randomuser.me/api/portraits/thumb/men/29.jpg'}, 'nat': 'TR'}], 'info': {'seed': '0446a0fac0e92c3f', 'results': 1, 'page': 1, 'version': '1.4'}}</msg>
<arg>${json_data}</arg>
<doc>Logs the given message with the given level.</doc>
<status status="PASS" start="2024-07-15T06:23:32.627322" elapsed="0.000212"/>
</kw>
<kw name="Should Be Equal As Numbers" owner="BuiltIn">
<arg>${json_data['results'][0]['location']['postcode']}</arg>
<arg>${json_data['results'][0]['location']['postcode']}</arg>
<doc>Fails if objects are unequal after converting them to real numbers.</doc>
<status status="PASS" start="2024-07-15T06:23:32.627830" elapsed="0.000637"/>
</kw>
<kw name="Log" owner="BuiltIn">
<msg time="2024-07-15T06:23:32.629201" level="INFO">22452</msg>
<arg>${json_data['results'][0]['location']['postcode']}</arg>
<doc>Logs the given message with the given level.</doc>
<status status="PASS" start="2024-07-15T06:23:32.628656" elapsed="0.000590"/>
</kw>
<status status="PASS" start="2024-07-15T06:23:32.525489" elapsed="0.104046"/>
</kw>
<doc>Testa se os tipos de dados na resposta da API estão corretos.</doc>
<tag>testeTiposDados</tag>
<status status="PASS" start="2024-07-15T06:23:32.442321" elapsed="0.187380"/>
</test>
<test id="s1-s1-t5" name="Validar conteudo" line="35">
<kw name="Teste de Tipos de Conteudo" owner="random-user-service">
<kw name="GET On Session" owner="RequestsLibrary">
<msg time="2024-07-15T06:23:32.720882" level="INFO">GET Request : url=https://randomuser.me/api 
 path_url=/api 
 headers={'User-Agent': 'python-requests/2.32.3', 'Accept-Encoding': 'gzip, deflate', 'Accept': '*/*', 'Connection': 'keep-alive'} 
 body=None 
 </msg>
<msg time="2024-07-15T06:23:32.720985" level="INFO">GET Response : url=https://randomuser.me/api 
 status=200, reason=OK 
 headers={'Date': 'Mon, 15 Jul 2024 06:23:32 GMT', 'Content-Type': 'application/json; charset=utf-8', 'Transfer-Encoding': 'chunked', 'Connection': 'keep-alive', 'X-Powered-By': 'Express', 'Access-Control-Allow-Origin': '*', 'Cache-Control': 'no-cache', 'ETag': 'W/"4b2-jsJiQokrtk0Uhbc1tCLRaLfHhZI"', 'Vary': 'Accept-Encoding', 'Content-Encoding': 'gzip', 'CF-Cache-Status': 'DYNAMIC', 'Report-To': '{"endpoints":[{"url":"https:\\/\\/a.nel.cloudflare.com\\/report\\/v4?s=I%2FENYG3LuFwBKU0P51c5p%2Bl2hIV75JJXII2VtLLnXHbWRW05IQ3lNDdbZ%2BDOej%2Bz7sqe7pixtPyb1hXX9oc5j2m2csZY9J2L16g%2FIhbtwCzBliPRIwz9pIXtTixv6Jrt"}],"group":"cf-nel","max_age":604800}', 'NEL': '{"success_fraction":0,"report_to":"cf-nel","max_age":604800}', 'Server': 'cloudflare', 'CF-RAY': '8a37aa14f84005f2-IAD', 'alt-svc': 'h3=":443"; ma=86400'} 
 body={"results":[{"gender":"female","name":{"title":"Mrs","first":"Camille","last":"Rousseau"},"location":{"street":{"number":4177,"name":"Rue Pasteur"},"city":"Clermont-Ferrand","state":"Loiret","country":"France","postcode":26089,"coordinates":{"latitude":"-20.2304","longitude":"145.7013"},"timezone":{"offset":"-4:00","description":"Atlantic Time (Canada), Caracas, La Paz"}},"email":"camille.rousseau@example.com","login":{"uuid":"2e846f49-27f5-4824-a52a-c11086849f4a","username":"purplepeacock195","password":"bettina","salt":"B8tIjq6w","md5":"17f0fbf8328504fce0e7b30241128578","sha1":"669eb047d099ed6f5e6781beb1af6478d6c16dae","sha256":"8b15ea7ba33733ae1020fe405d08f33606c9e20d497ca294eef5cf7c5ec10c09"},"dob":{"date":"1950-05-03T21:05:12.042Z","age":74},"registered":{"date":"2003-05-07T22:08:11.293Z","age":21},"phone":"03-52-69-26-29","cell":"06-49-99-56-92","id":{"name":"INSEE","value":"2500431558612 83"},"picture":{"large":"https://randomuser.me/api/portraits/women/52.jpg","medium":"https://randomuser.me/api/portraits/med/women/52.jpg","thumbnail":"https://randomuser.me/api/portraits/thumb/women/52.jpg"},"nat":"FR"}],"info":{"seed":"0b10fa5f0a15cd0b","results":1,"page":1,"version":"1.4"}} 
 </msg>
<msg time="2024-07-15T06:23:32.721055" level="INFO">/opt/hostedtoolcache/Python/3.12.4/x64/lib/python3.12/site-packages/urllib3/connectionpool.py:1099: InsecureRequestWarning: Unverified HTTPS request is being made to host 'randomuser.me'. Adding certificate verification is strongly advised. See: https://urllib3.readthedocs.io/en/latest/advanced-usage.html#tls-warnings
  warnings.warn(</msg>
<msg time="2024-07-15T06:23:32.721217" level="INFO">${response} = &lt;Response [200]&gt;</msg>
<var>${response}</var>
<arg>consultarAPI</arg>
<arg>/api</arg>
<doc>Sends a GET request on a previously created HTTP Session.</doc>
<status status="PASS" start="2024-07-15T06:23:32.632185" elapsed="0.089077"/>
</kw>
<kw name="Set Variable" owner="BuiltIn">
<msg time="2024-07-15T06:23:32.722235" level="INFO">${json_data} = {'results': [{'gender': 'female', 'name': {'title': 'Mrs', 'first': 'Camille', 'last': 'Rousseau'}, 'location': {'street': {'number': 4177, 'name': 'Rue Pasteur'}, 'city': 'Clermont-Ferrand', 'state':...</msg>
<var>${json_data}</var>
<arg>${response.json()}</arg>
<doc>Returns the given values which can then be assigned to a variables.</doc>
<status status="PASS" start="2024-07-15T06:23:32.721725" elapsed="0.000539"/>
</kw>
<kw name="Set Variable" owner="BuiltIn">
<msg time="2024-07-15T06:23:32.722955" level="INFO">${name_title} = Mrs</msg>
<var>${name_title}</var>
<arg>${json_data["results"][0]["name"]["title"]}</arg>
<doc>Returns the given values which can then be assigned to a variables.</doc>
<status status="PASS" start="2024-07-15T06:23:32.722566" elapsed="0.000415"/>
</kw>
<kw name="Create List" owner="BuiltIn">
<msg time="2024-07-15T06:23:32.723436" level="INFO">${allowed_titles} = ['Mr', 'Ms', 'Miss', 'Mrs', 'Madame', 'Monsieur']</msg>
<var>${allowed_titles}</var>
<arg>Mr</arg>
<arg>Ms</arg>
<arg>Miss</arg>
<arg>Mrs</arg>
<arg>Madame</arg>
<arg>Monsieur</arg>
<doc>Returns a list containing given items.</doc>
<status status="PASS" start="2024-07-15T06:23:32.723275" elapsed="0.000184"/>
</kw>
<kw name="List Should Contain Value" owner="Collections">
<arg>${allowed_titles}</arg>
<arg>${name_title}</arg>
<doc>Fails if the ``value`` is not found from ``list``.</doc>
<status status="PASS" start="2024-07-15T06:23:32.723756" elapsed="0.000184"/>
</kw>
<kw name="Set Variable" owner="BuiltIn">
<msg time="2024-07-15T06:23:32.724482" level="INFO">${name_country} = FR</msg>
<var>${name_country}</var>
<arg>${json_data["results"][0]["nat"]}</arg>
<doc>Returns the given values which can then be assigned to a variables.</doc>
<status status="PASS" start="2024-07-15T06:23:32.724120" elapsed="0.000388"/>
</kw>
<kw name="Create List" owner="BuiltIn">
<msg time="2024-07-15T06:23:32.725435" level="INFO">${list_country} = ['AD', 'AE', 'AF', 'AG', 'AI', 'AL', 'AM', 'AO', 'AQ', 'AR', 'AS', 'AT', 'AU', 'AW', 'AX', 'AZ', 'BA', 'BB', 'BD', 'BE', 'BF', 'BG', 'BH', 'BI', 'BJ', 'BL', 'BM', 'BN', 'BO', 'BQ', 'BR', 'BS', 'BT', '...</msg>
<var>${list_country}</var>
<arg>AD</arg>
<arg>AE</arg>
<arg>AF</arg>
<arg>AG</arg>
<arg>AI</arg>
<arg>AL</arg>
<arg>AM</arg>
<arg>AO</arg>
<arg>AQ</arg>
<arg>AR</arg>
<arg>AS</arg>
<arg>AT</arg>
<arg>AU</arg>
<arg>AW</arg>
<arg>AX</arg>
<arg>AZ</arg>
<arg>BA</arg>
<arg>BB</arg>
<arg>BD</arg>
<arg>BE</arg>
<arg>BF</arg>
<arg>BG</arg>
<arg>BH</arg>
<arg>BI</arg>
<arg>BJ</arg>
<arg>BL</arg>
<arg>BM</arg>
<arg>BN</arg>
<arg>BO</arg>
<arg>BQ</arg>
<arg>BR</arg>
<arg>BS</arg>
<arg>BT</arg>
<arg>BV</arg>
<arg>BW</arg>
<arg>BY</arg>
<arg>BZ</arg>
<arg>CA</arg>
<arg>CC</arg>
<arg>CD</arg>
<arg>CF</arg>
<arg>CG</arg>
<arg>CH</arg>
<arg>CI</arg>
<arg>CK</arg>
<arg>CL</arg>
<arg>CM</arg>
<arg>CN</arg>
<arg>CO</arg>
<arg>CR</arg>
<arg>CU</arg>
<arg>CV</arg>
<arg>CW</arg>
<arg>CX</arg>
<arg>CY</arg>
<arg>CZ</arg>
<arg>DE</arg>
<arg>DJ</arg>
<arg>DK</arg>
<arg>DM</arg>
<arg>DO</arg>
<arg>DZ</arg>
<arg>EC</arg>
<arg>EE</arg>
<arg>EG</arg>
<arg>EH</arg>
<arg>ER</arg>
<arg>ES</arg>
<arg>ET</arg>
<arg>FI</arg>
<arg>FJ</arg>
<arg>FK</arg>
<arg>FM</arg>
<arg>FO</arg>
<arg>FR</arg>
<arg>GA</arg>
<arg>GB</arg>
<arg>GD</arg>
<arg>GE</arg>
<arg>GF</arg>
<arg>GG</arg>
<arg>GH</arg>
<arg>GI</arg>
<arg>GL</arg>
<arg>GM</arg>
<arg>GN</arg>
<arg>GP</arg>
<arg>GQ</arg>
<arg>GR</arg>
<arg>GS</arg>
<arg>GT</arg>
<arg>GU</arg>
<arg>GW</arg>
<arg>GY</arg>
<arg>HK</arg>
<arg>HM</arg>
<arg>HN</arg>
<arg>HR</arg>
<arg>HT</arg>
<arg>HU</arg>
<arg>ID</arg>
<arg>IE</arg>
<arg>IL</arg>
<arg>IM</arg>
<arg>IN</arg>
<arg>IO</arg>
<arg>IQ</arg>
<arg>IR</arg>
<arg>IS</arg>
<arg>IT</arg>
<arg>JE</arg>
<arg>JM</arg>
<arg>JO</arg>
<arg>JP</arg>
<arg>KE</arg>
<arg>KG</arg>
<arg>KH</arg>
<arg>KI</arg>
<arg>KM</arg>
<arg>KN</arg>
<arg>KP</arg>
<arg>KR</arg>
<arg>KW</arg>
<arg>KY</arg>
<arg>KZ</arg>
<arg>LA</arg>
<arg>LB</arg>
<arg>LC</arg>
<arg>LI</arg>
<arg>LK</arg>
<arg>LR</arg>
<arg>LS</arg>
<arg>LT</arg>
<arg>LU</arg>
<arg>LV</arg>
<arg>LY</arg>
<arg>MA</arg>
<arg>MC</arg>
<arg>MD</arg>
<arg>ME</arg>
<arg>MF</arg>
<arg>MG</arg>
<arg>MH</arg>
<arg>MK</arg>
<arg>ML</arg>
<arg>MM</arg>
<arg>MN</arg>
<arg>MO</arg>
<arg>MP</arg>
<arg>MQ</arg>
<arg>MR</arg>
<arg>MS</arg>
<arg>MT</arg>
<arg>MU</arg>
<arg>MV</arg>
<arg>MW</arg>
<arg>MX</arg>
<arg>MY</arg>
<arg>MZ</arg>
<arg>NA</arg>
<arg>NC</arg>
<arg>NE</arg>
<arg>NF</arg>
<arg>NG</arg>
<arg>NI</arg>
<arg>NL</arg>
<arg>NO</arg>
<arg>NP</arg>
<arg>NR</arg>
<arg>NU</arg>
<arg>NZ</arg>
<arg>OM</arg>
<arg>PA</arg>
<arg>PE</arg>
<arg>PF</arg>
<arg>PG</arg>
<arg>PH</arg>
<arg>PK</arg>
<arg>PL</arg>
<arg>PM</arg>
<arg>PN</arg>
<arg>PR</arg>
<arg>PS</arg>
<arg>PT</arg>
<arg>PW</arg>
<arg>PY</arg>
<arg>QA</arg>
<arg>RE</arg>
<arg>RO</arg>
<arg>RS</arg>
<arg>RU</arg>
<arg>RW</arg>
<arg>SA</arg>
<arg>SB</arg>
<arg>SC</arg>
<arg>SD</arg>
<arg>SE</arg>
<arg>SG</arg>
<arg>SH</arg>
<arg>SI</arg>
<arg>SJ</arg>
<arg>SK</arg>
<arg>SL</arg>
<arg>SM</arg>
<arg>SN</arg>
<arg>SO</arg>
<arg>SR</arg>
<arg>SS</arg>
<arg>ST</arg>
<arg>SV</arg>
<arg>SX</arg>
<arg>SY</arg>
<arg>SZ</arg>
<arg>TC</arg>
<arg>TD</arg>
<arg>TF</arg>
<arg>TG</arg>
<arg>TH</arg>
<arg>TJ</arg>
<arg>TK</arg>
<arg>TL</arg>
<arg>TM</arg>
<arg>TN</arg>
<arg>TO</arg>
<arg>TR</arg>
<arg>TT</arg>
<arg>TV</arg>
<arg>TW</arg>
<arg>TZ</arg>
<arg>UA</arg>
<arg>UG</arg>
<arg>UM</arg>
<arg>US</arg>
<arg>UY</arg>
<arg>UZ</arg>
<arg>VA</arg>
<arg>VC</arg>
<arg>VE</arg>
<arg>VG</arg>
<arg>VI</arg>
<arg>VN</arg>
<arg>VU</arg>
<arg>WF</arg>
<arg>WS</arg>
<arg>XK</arg>
<arg>YE</arg>
<arg>YT</arg>
<arg>ZA</arg>
<arg>ZM</arg>
<arg>ZW</arg>
<doc>Returns a list containing given items.</doc>
<status status="PASS" start="2024-07-15T06:23:32.724797" elapsed="0.000665"/>
</kw>
<kw name="List Should Contain Value" owner="Collections">
<arg>${list_country}</arg>
<arg>${name_country}</arg>
<doc>Fails if the ``value`` is not found from ``list``.</doc>
<status status="PASS" start="2024-07-15T06:23:32.726255" elapsed="0.000200"/>
</kw>
<kw name="Run Keyword If" owner="BuiltIn">
<kw name="Should Be True" owner="BuiltIn">
<arg>${True}</arg>
<doc>Fails if the given condition is not true.</doc>
<status status="PASS" start="2024-07-15T06:23:32.727381" elapsed="0.000140"/>
</kw>
<arg>${json_data["results"][0]["location"]["coordinates"]["latitude"]} &gt;= -90 and ${json_data["results"][0]["location"]["coordinates"]["latitude"]} &lt;= 90</arg>
<arg>Should Be True</arg>
<arg>${True}</arg>
<doc>Runs the given keyword with the given arguments, if ``condition`` is true.</doc>
<status status="PASS" start="2024-07-15T06:23:32.726648" elapsed="0.000995"/>
</kw>
<kw name="Run Keyword If" owner="BuiltIn">
<kw name="Should Be True" owner="BuiltIn">
<arg>${True}</arg>
<doc>Fails if the given condition is not true.</doc>
<status status="PASS" start="2024-07-15T06:23:32.728507" elapsed="0.000239"/>
</kw>
<arg>${json_data["results"][0]["location"]["coordinates"]["longitude"]} &gt;= -180 and ${json_data["results"][0]["location"]["coordinates"]["longitude"]} &lt;= 180</arg>
<arg>Should Be True</arg>
<arg>${True}</arg>
<doc>Runs the given keyword with the given arguments, if ``condition`` is true.</doc>
<status status="PASS" start="2024-07-15T06:23:32.727819" elapsed="0.001054"/>
</kw>
<status status="PASS" start="2024-07-15T06:23:32.631945" elapsed="0.097063"/>
</kw>
<doc>Testa o conteúdo específico dos campos retornados pela API.</doc>
<tag>testeConteudo</tag>
<status status="PASS" start="2024-07-15T06:23:32.631491" elapsed="0.097695"/>
</test>
<status status="PASS" start="2024-07-15T06:23:31.881826" elapsed="0.849260"/>
</suite>
<status status="PASS" start="2024-07-15T06:23:31.867363" elapsed="0.868741"/>
</suite>
<statistics>
<total>
<stat pass="5" fail="0" skip="0">All Tests</stat>
</total>
<tag>
<stat pass="1" fail="0" skip="0">testeConteudo</stat>
<stat pass="1" fail="0" skip="0">testeEstruturaResposta</stat>
<stat pass="1" fail="0" skip="0">testeRequisicaoBasica</stat>
<stat pass="1" fail="0" skip="0">testeTiposDados</stat>
</tag>
<suite>
<stat pass="5" fail="0" skip="0" id="s1" name="Tests">Tests</stat>
<stat pass="5" fail="0" skip="0" id="s1-s1" name="Random-User-Test">Tests.Random-User-Test</stat>
</suite>
</statistics>
<errors>
</errors>
</robot>
