<?xml version="1.0" encoding="UTF-8"?>
<robot generator="Robot 7.0 (Python 3.12.3 on linux)" generated="2024-05-26T16:17:40.106130" rpa="false" schemaversion="5">
<suite id="s1" name="Tests" source="/home/runner/work/ApiRandomUser/ApiRandomUser/RamdonUser/tests">
<suite id="s1-s1" name="Random-User-Test" source="/home/runner/work/ApiRandomUser/ApiRandomUser/RamdonUser/tests/random-user-test.robot">
<test id="s1-s1-t1" name="Conectar" line="13">
<kw name="Conectar API" owner="random-user-service">
<kw name="Create Session" owner="RequestsLibrary">
<msg time="2024-05-26T16:17:40.610268" level="INFO">Creating Session using : alias=consultarAPI, url=https://randomuser.me/, headers={},                     cookies={}, auth=None, timeout=None, proxies=None, verify=False,                     debug=0 </msg>
<arg>consultarAPI</arg>
<arg>${URL}</arg>
<doc>Create Session: create a HTTP session to a server</doc>
<status status="PASS" start="2024-05-26T16:17:40.610070" elapsed="0.000367"/>
</kw>
<status status="PASS" start="2024-05-26T16:17:40.609037" elapsed="0.001754"/>
</kw>
<status status="PASS" start="2024-05-26T16:17:40.608508" elapsed="0.002474"/>
</test>
<test id="s1-s1-t2" name="Validar retorno 200 e JSON Válido" line="16">
<kw name="Teste de Requisicao Basica" owner="random-user-service">
<kw name="GET On Session" owner="RequestsLibrary">
<msg time="2024-05-26T16:17:40.686413" level="INFO">GET Request : url=https://randomuser.me/api 
 path_url=/api 
 headers={'User-Agent': 'python-requests/2.32.2', 'Accept-Encoding': 'gzip, deflate', 'Accept': '*/*', 'Connection': 'keep-alive'} 
 body=None 
 </msg>
<msg time="2024-05-26T16:17:40.686524" level="INFO">GET Response : url=https://randomuser.me/api 
 status=200, reason=OK 
 headers={'Date': 'Sun, 26 May 2024 16:17:40 GMT', 'Content-Type': 'application/json; charset=utf-8', 'Transfer-Encoding': 'chunked', 'Connection': 'keep-alive', 'X-Powered-By': 'Express', 'Access-Control-Allow-Origin': '*', 'Cache-Control': 'no-cache', 'ETag': 'W/"45e-cqJsHKWagGBM80Rpig5MJh5MTyM"', 'Vary': 'Accept-Encoding', 'Content-Encoding': 'gzip', 'CF-Cache-Status': 'DYNAMIC', 'Report-To': '{"endpoints":[{"url":"https:\\/\\/a.nel.cloudflare.com\\/report\\/v4?s=QeyVMG9xrWk2AadKh%2Fpx8j%2FxZ5kWblkK%2FjMThts5BZQFaWI6N2CztL1Z6zOu9WHNfwWF71mD3XKwL%2BGdn3dLJelvK3F90Ccun%2FJfIG8eKuRzdpMmHDSOIVZzpb6lCVab"}],"group":"cf-nel","max_age":604800}', 'NEL': '{"success_fraction":0,"report_to":"cf-nel","max_age":604800}', 'Server': 'cloudflare', 'CF-RAY': '889f13a51b1a13bb-IAD', 'alt-svc': 'h3=":443"; ma=86400'} 
 body={"results":[{"gender":"male","name":{"title":"Mr","first":"Ali","last":"Kunt"},"location":{"street":{"number":3727,"name":"Şehitler Cd"},"city":"Bursa","state":"Manisa","country":"Turkey","postcode":43891,"coordinates":{"latitude":"66.8265","longitude":"-161.5497"},"timezone":{"offset":"+5:45","description":"Kathmandu"}},"email":"ali.kunt@example.com","login":{"uuid":"09b55386-316e-4209-977b-cd4c14ea2431","username":"lazypeacock824","password":"homepage-","salt":"ohz5iaMM","md5":"1651b0eb6b069834ba53deff383a032a","sha1":"5b2bbca79af816ea11eca84f8aea4d41776e6327","sha256":"24b2b83e81df8accc98995884d1a509c3befda9a39db2c262d050f5322e3d3d2"},"dob":{"date":"1992-04-29T16:11:22.801Z","age":32},"registered":{"date":"2008-02-10T05:26:41.073Z","age":16},"phone":"(028)-612-1126","cell":"(997)-837-8079","id":{"name":"","value":null},"picture":{"large":"https://randomuser.me/api/portraits/men/77.jpg","medium":"https://randomuser.me/api/portraits/med/men/77.jpg","thumbnail":"https://randomuser.me/api/portraits/thumb/men/77.jpg"},"nat":"TR"}],"info":{"seed":"badf5deb7a8f8f48","results":1,"page":1,"version":"1.4"}} 
 </msg>
<msg time="2024-05-26T16:17:40.686601" level="INFO">/opt/hostedtoolcache/Python/3.12.3/x64/lib/python3.12/site-packages/urllib3/connectionpool.py:1103: InsecureRequestWarning: Unverified HTTPS request is being made to host 'randomuser.me'. Adding certificate verification is strongly advised. See: https://urllib3.readthedocs.io/en/latest/advanced-usage.html#tls-warnings
  warnings.warn(</msg>
<msg time="2024-05-26T16:17:40.686717" level="INFO">${response} = &lt;Response [200]&gt;</msg>
<var>${response}</var>
<arg>consultarAPI</arg>
<arg>/api</arg>
<doc>Sends a GET request on a previously created HTTP Session.</doc>
<status status="PASS" start="2024-05-26T16:17:40.613579" elapsed="0.073178"/>
</kw>
<kw name="Should Be Equal As Numbers" owner="BuiltIn">
<msg time="2024-05-26T16:17:40.687615" level="INFO">Argument types are:
&lt;class 'int'&gt;
&lt;class 'str'&gt;</msg>
<arg>${response.status_code}</arg>
<arg>200</arg>
<doc>Fails if objects are unequal after converting them to real numbers.</doc>
<status status="PASS" start="2024-05-26T16:17:40.687198" elapsed="0.000481"/>
</kw>
<kw name="Log" owner="BuiltIn">
<msg time="2024-05-26T16:17:40.688340" level="INFO">200</msg>
<arg>${response.status_code}</arg>
<doc>Logs the given message with the given level.</doc>
<status status="PASS" start="2024-05-26T16:17:40.687994" elapsed="0.000394"/>
</kw>
<kw name="Set Variable" owner="BuiltIn">
<msg time="2024-05-26T16:17:40.689126" level="INFO">${json_data} = {'results': [{'gender': 'male', 'name': {'title': 'Mr', 'first': 'Ali', 'last': 'Kunt'}, 'location': {'street': {'number': 3727, 'name': 'Şehitler Cd'}, 'city': 'Bursa', 'state': 'Manisa', 'country': ...</msg>
<var>${json_data}</var>
<arg>${response.json()}</arg>
<doc>Returns the given values which can then be assigned to a variables.</doc>
<status status="PASS" start="2024-05-26T16:17:40.688694" elapsed="0.000462"/>
</kw>
<kw name="Dictionary Should Contain Key" owner="Collections">
<msg time="2024-05-26T16:17:40.689630" level="INFO">False</msg>
<arg>${json_data}</arg>
<arg>results</arg>
<doc>Fails if ``key`` is not found from ``dictionary``.</doc>
<status status="PASS" start="2024-05-26T16:17:40.689460" elapsed="0.000337"/>
</kw>
<status status="PASS" start="2024-05-26T16:17:40.613324" elapsed="0.076732"/>
</kw>
<doc>Testa se a API responde corretamente e retorna um objeto JSON válido.</doc>
<tag>testeRequisicaoBasica</tag>
<status status="PASS" start="2024-05-26T16:17:40.612866" elapsed="0.077361"/>
</test>
<test id="s1-s1-t3" name="Validar estrutura de resposta" line="22">
<kw name="Teste de Estrutura de Resposta" owner="random-user-service">
<kw name="GET On Session" owner="RequestsLibrary">
<msg time="2024-05-26T16:17:40.786449" level="INFO">GET Request : url=https://randomuser.me/api 
 path_url=/api 
 headers={'User-Agent': 'python-requests/2.32.2', 'Accept-Encoding': 'gzip, deflate', 'Accept': '*/*', 'Connection': 'keep-alive'} 
 body=None 
 </msg>
<msg time="2024-05-26T16:17:40.786514" level="INFO">GET Response : url=https://randomuser.me/api 
 status=200, reason=OK 
 headers={'Date': 'Sun, 26 May 2024 16:17:40 GMT', 'Content-Type': 'application/json; charset=utf-8', 'Transfer-Encoding': 'chunked', 'Connection': 'keep-alive', 'X-Powered-By': 'Express', 'Access-Control-Allow-Origin': '*', 'Cache-Control': 'no-cache', 'ETag': 'W/"48c-ABG+/vFL7th66E+6DS/93hlzrjo"', 'Vary': 'Accept-Encoding', 'Content-Encoding': 'gzip', 'CF-Cache-Status': 'DYNAMIC', 'Report-To': '{"endpoints":[{"url":"https:\\/\\/a.nel.cloudflare.com\\/report\\/v4?s=9kdXmzLk7UMuxiDXwEMkxedMSj0AtCofNNmNbhwmTDEjDrdM%2F6QUihu5rixga7kR%2FiK48vcolZZmO6C7ktu3Un1c1jBwAEKMl9PbZFQFamh2QNourx0QEM466Szh1qvP"}],"group":"cf-nel","max_age":604800}', 'NEL': '{"success_fraction":0,"report_to":"cf-nel","max_age":604800}', 'Server': 'cloudflare', 'CF-RAY': '889f13a55b4513bb-IAD', 'alt-svc': 'h3=":443"; ma=86400'} 
 body={"results":[{"gender":"male","name":{"title":"Mr","first":"Lucas","last":"Thomas"},"location":{"street":{"number":3179,"name":"Manor Road"},"city":"Bangor","state":"County Tyrone","country":"United Kingdom","postcode":"X3P 5DH","coordinates":{"latitude":"-10.2788","longitude":"-100.5023"},"timezone":{"offset":"-12:00","description":"Eniwetok, Kwajalein"}},"email":"lucas.thomas@example.com","login":{"uuid":"ae056035-b056-4028-960f-43987169a096","username":"angryzebra330","password":"griffey","salt":"QawyakIv","md5":"5cd6135bb4941f5d9f82f0eabe8f9866","sha1":"f85d34e21af92138d36b6bda8fd0775585237e42","sha256":"a97bbb0e1cb9b3e55f3f7e3a159073a2b5ff78386f4654c6b5c54932481d4956"},"dob":{"date":"1956-05-21T13:41:28.222Z","age":68},"registered":{"date":"2014-06-25T21:46:56.596Z","age":9},"phone":"0181 684 2345","cell":"07966 045291","id":{"name":"NINO","value":"RH 00 97 68 O"},"picture":{"large":"https://randomuser.me/api/portraits/men/53.jpg","medium":"https://randomuser.me/api/portraits/med/men/53.jpg","thumbnail":"https://randomuser.me/api/portraits/thumb/men/53.jpg"},"nat":"GB"}],"info":{"seed":"86fa5d31fd324087","results":1,"page":1,"version":"1.4"}} 
 </msg>
<msg time="2024-05-26T16:17:40.786610" level="INFO">/opt/hostedtoolcache/Python/3.12.3/x64/lib/python3.12/site-packages/urllib3/connectionpool.py:1103: InsecureRequestWarning: Unverified HTTPS request is being made to host 'randomuser.me'. Adding certificate verification is strongly advised. See: https://urllib3.readthedocs.io/en/latest/advanced-usage.html#tls-warnings
  warnings.warn(</msg>
<msg time="2024-05-26T16:17:40.786701" level="INFO">${response} = &lt;Response [200]&gt;</msg>
<var>${response}</var>
<arg>consultarAPI</arg>
<arg>/api</arg>
<doc>Sends a GET request on a previously created HTTP Session.</doc>
<status status="PASS" start="2024-05-26T16:17:40.692765" elapsed="0.093966"/>
</kw>
<kw name="Set Variable" owner="BuiltIn">
<msg time="2024-05-26T16:17:40.787613" level="INFO">${json_data} = {'results': [{'gender': 'male', 'name': {'title': 'Mr', 'first': 'Lucas', 'last': 'Thomas'}, 'location': {'street': {'number': 3179, 'name': 'Manor Road'}, 'city': 'Bangor', 'state': 'County Tyrone', ...</msg>
<var>${json_data}</var>
<arg>${response.json()}</arg>
<doc>Returns the given values which can then be assigned to a variables.</doc>
<status status="PASS" start="2024-05-26T16:17:40.787140" elapsed="0.000502"/>
</kw>
<kw name="Log" owner="BuiltIn">
<msg time="2024-05-26T16:17:40.788103" level="INFO">{'results': [{'gender': 'male', 'name': {'title': 'Mr', 'first': 'Lucas', 'last': 'Thomas'}, 'location': {'street': {'number': 3179, 'name': 'Manor Road'}, 'city': 'Bangor', 'state': 'County Tyrone', 'country': 'United Kingdom', 'postcode': 'X3P 5DH', 'coordinates': {'latitude': '-10.2788', 'longitude': '-100.5023'}, 'timezone': {'offset': '-12:00', 'description': 'Eniwetok, Kwajalein'}}, 'email': 'lucas.thomas@example.com', 'login': {'uuid': 'ae056035-b056-4028-960f-43987169a096', 'username': 'angryzebra330', 'password': 'griffey', 'salt': 'QawyakIv', 'md5': '5cd6135bb4941f5d9f82f0eabe8f9866', 'sha1': 'f85d34e21af92138d36b6bda8fd0775585237e42', 'sha256': 'a97bbb0e1cb9b3e55f3f7e3a159073a2b5ff78386f4654c6b5c54932481d4956'}, 'dob': {'date': '1956-05-21T13:41:28.222Z', 'age': 68}, 'registered': {'date': '2014-06-25T21:46:56.596Z', 'age': 9}, 'phone': '0181 684 2345', 'cell': '07966 045291', 'id': {'name': 'NINO', 'value': 'RH 00 97 68 O'}, 'picture': {'large': 'https://randomuser.me/api/portraits/men/53.jpg', 'medium': 'https://randomuser.me/api/portraits/med/men/53.jpg', 'thumbnail': 'https://randomuser.me/api/portraits/thumb/men/53.jpg'}, 'nat': 'GB'}], 'info': {'seed': '86fa5d31fd324087', 'results': 1, 'page': 1, 'version': '1.4'}}</msg>
<arg>${json_data}</arg>
<doc>Logs the given message with the given level.</doc>
<status status="PASS" start="2024-05-26T16:17:40.787949" elapsed="0.000201"/>
</kw>
<kw name="Dictionary Should Contain Key" owner="Collections">
<msg time="2024-05-26T16:17:40.788588" level="INFO">False</msg>
<arg>${json_data}</arg>
<arg>results</arg>
<doc>Fails if ``key`` is not found from ``dictionary``.</doc>
<status status="PASS" start="2024-05-26T16:17:40.788440" elapsed="0.000184"/>
</kw>
<kw name="Should Not Be Empty" owner="BuiltIn">
<msg time="2024-05-26T16:17:40.789066" level="INFO">Length is 2.</msg>
<arg>${json_data}</arg>
<doc>Verifies that the given item is not empty.</doc>
<status status="PASS" start="2024-05-26T16:17:40.788928" elapsed="0.000183"/>
</kw>
<kw name="Create List" owner="BuiltIn">
<msg time="2024-05-26T16:17:40.789546" level="INFO">${expected_keys} = ['gender', 'name', 'location', 'email', 'login']</msg>
<var>${expected_keys}</var>
<arg>gender</arg>
<arg>name</arg>
<arg>location</arg>
<arg>email</arg>
<arg>login</arg>
<doc>Returns a list containing given items.</doc>
<status status="PASS" start="2024-05-26T16:17:40.789400" elapsed="0.000169"/>
</kw>
<for flavor="IN">
<iter>
<kw name="Dictionary Should Contain Key" owner="Collections">
<msg time="2024-05-26T16:17:40.790537" level="INFO">False</msg>
<arg>${json_data['results'][0]}</arg>
<arg>${key}</arg>
<doc>Fails if ``key`` is not found from ``dictionary``.</doc>
<status status="PASS" start="2024-05-26T16:17:40.790140" elapsed="0.000437"/>
</kw>
<kw name="Log" owner="BuiltIn">
<msg time="2024-05-26T16:17:40.791284" level="INFO">{'gender': 'male', 'name': {'title': 'Mr', 'first': 'Lucas', 'last': 'Thomas'}, 'location': {'street': {'number': 3179, 'name': 'Manor Road'}, 'city': 'Bangor', 'state': 'County Tyrone', 'country': 'United Kingdom', 'postcode': 'X3P 5DH', 'coordinates': {'latitude': '-10.2788', 'longitude': '-100.5023'}, 'timezone': {'offset': '-12:00', 'description': 'Eniwetok, Kwajalein'}}, 'email': 'lucas.thomas@example.com', 'login': {'uuid': 'ae056035-b056-4028-960f-43987169a096', 'username': 'angryzebra330', 'password': 'griffey', 'salt': 'QawyakIv', 'md5': '5cd6135bb4941f5d9f82f0eabe8f9866', 'sha1': 'f85d34e21af92138d36b6bda8fd0775585237e42', 'sha256': 'a97bbb0e1cb9b3e55f3f7e3a159073a2b5ff78386f4654c6b5c54932481d4956'}, 'dob': {'date': '1956-05-21T13:41:28.222Z', 'age': 68}, 'registered': {'date': '2014-06-25T21:46:56.596Z', 'age': 9}, 'phone': '0181 684 2345', 'cell': '07966 045291', 'id': {'name': 'NINO', 'value': 'RH 00 97 68 O'}, 'picture': {'large': 'https://randomuser.me/api/portraits/men/53.jpg', 'medium': 'https://randomuser.me/api/portraits/med/men/53.jpg', 'thumbnail': 'https://randomuser.me/api/portraits/thumb/men/53.jpg'}, 'nat': 'GB'}</msg>
<arg>${json_data['results'][0]}</arg>
<doc>Logs the given message with the given level.</doc>
<status status="PASS" start="2024-05-26T16:17:40.790877" elapsed="0.000466"/>
</kw>
<kw name="Log" owner="BuiltIn">
<msg time="2024-05-26T16:17:40.791791" level="INFO">gender</msg>
<arg>${key}</arg>
<doc>Logs the given message with the given level.</doc>
<status status="PASS" start="2024-05-26T16:17:40.791655" elapsed="0.000175"/>
</kw>
<var name="${key}">gender</var>
<status status="PASS" start="2024-05-26T16:17:40.790013" elapsed="0.002033"/>
</iter>
<iter>
<kw name="Dictionary Should Contain Key" owner="Collections">
<msg time="2024-05-26T16:17:40.792723" level="INFO">False</msg>
<arg>${json_data['results'][0]}</arg>
<arg>${key}</arg>
<doc>Fails if ``key`` is not found from ``dictionary``.</doc>
<status status="PASS" start="2024-05-26T16:17:40.792345" elapsed="0.000415"/>
</kw>
<kw name="Log" owner="BuiltIn">
<msg time="2024-05-26T16:17:40.793429" level="INFO">{'gender': 'male', 'name': {'title': 'Mr', 'first': 'Lucas', 'last': 'Thomas'}, 'location': {'street': {'number': 3179, 'name': 'Manor Road'}, 'city': 'Bangor', 'state': 'County Tyrone', 'country': 'United Kingdom', 'postcode': 'X3P 5DH', 'coordinates': {'latitude': '-10.2788', 'longitude': '-100.5023'}, 'timezone': {'offset': '-12:00', 'description': 'Eniwetok, Kwajalein'}}, 'email': 'lucas.thomas@example.com', 'login': {'uuid': 'ae056035-b056-4028-960f-43987169a096', 'username': 'angryzebra330', 'password': 'griffey', 'salt': 'QawyakIv', 'md5': '5cd6135bb4941f5d9f82f0eabe8f9866', 'sha1': 'f85d34e21af92138d36b6bda8fd0775585237e42', 'sha256': 'a97bbb0e1cb9b3e55f3f7e3a159073a2b5ff78386f4654c6b5c54932481d4956'}, 'dob': {'date': '1956-05-21T13:41:28.222Z', 'age': 68}, 'registered': {'date': '2014-06-25T21:46:56.596Z', 'age': 9}, 'phone': '0181 684 2345', 'cell': '07966 045291', 'id': {'name': 'NINO', 'value': 'RH 00 97 68 O'}, 'picture': {'large': 'https://randomuser.me/api/portraits/men/53.jpg', 'medium': 'https://randomuser.me/api/portraits/med/men/53.jpg', 'thumbnail': 'https://randomuser.me/api/portraits/thumb/men/53.jpg'}, 'nat': 'GB'}</msg>
<arg>${json_data['results'][0]}</arg>
<doc>Logs the given message with the given level.</doc>
<status status="PASS" start="2024-05-26T16:17:40.793077" elapsed="0.000401"/>
</kw>
<kw name="Log" owner="BuiltIn">
<msg time="2024-05-26T16:17:40.793899" level="INFO">name</msg>
<arg>${key}</arg>
<doc>Logs the given message with the given level.</doc>
<status status="PASS" start="2024-05-26T16:17:40.793773" elapsed="0.000163"/>
</kw>
<var name="${key}">name</var>
<status status="PASS" start="2024-05-26T16:17:40.792231" elapsed="0.001925"/>
</iter>
<iter>
<kw name="Dictionary Should Contain Key" owner="Collections">
<msg time="2024-05-26T16:17:40.794821" level="INFO">False</msg>
<arg>${json_data['results'][0]}</arg>
<arg>${key}</arg>
<doc>Fails if ``key`` is not found from ``dictionary``.</doc>
<status status="PASS" start="2024-05-26T16:17:40.794446" elapsed="0.000414"/>
</kw>
<kw name="Log" owner="BuiltIn">
<msg time="2024-05-26T16:17:40.795552" level="INFO">{'gender': 'male', 'name': {'title': 'Mr', 'first': 'Lucas', 'last': 'Thomas'}, 'location': {'street': {'number': 3179, 'name': 'Manor Road'}, 'city': 'Bangor', 'state': 'County Tyrone', 'country': 'United Kingdom', 'postcode': 'X3P 5DH', 'coordinates': {'latitude': '-10.2788', 'longitude': '-100.5023'}, 'timezone': {'offset': '-12:00', 'description': 'Eniwetok, Kwajalein'}}, 'email': 'lucas.thomas@example.com', 'login': {'uuid': 'ae056035-b056-4028-960f-43987169a096', 'username': 'angryzebra330', 'password': 'griffey', 'salt': 'QawyakIv', 'md5': '5cd6135bb4941f5d9f82f0eabe8f9866', 'sha1': 'f85d34e21af92138d36b6bda8fd0775585237e42', 'sha256': 'a97bbb0e1cb9b3e55f3f7e3a159073a2b5ff78386f4654c6b5c54932481d4956'}, 'dob': {'date': '1956-05-21T13:41:28.222Z', 'age': 68}, 'registered': {'date': '2014-06-25T21:46:56.596Z', 'age': 9}, 'phone': '0181 684 2345', 'cell': '07966 045291', 'id': {'name': 'NINO', 'value': 'RH 00 97 68 O'}, 'picture': {'large': 'https://randomuser.me/api/portraits/men/53.jpg', 'medium': 'https://randomuser.me/api/portraits/med/men/53.jpg', 'thumbnail': 'https://randomuser.me/api/portraits/thumb/men/53.jpg'}, 'nat': 'GB'}</msg>
<arg>${json_data['results'][0]}</arg>
<doc>Logs the given message with the given level.</doc>
<status status="PASS" start="2024-05-26T16:17:40.795177" elapsed="0.000433"/>
</kw>
<kw name="Log" owner="BuiltIn">
<msg time="2024-05-26T16:17:40.796040" level="INFO">location</msg>
<arg>${key}</arg>
<doc>Logs the given message with the given level.</doc>
<status status="PASS" start="2024-05-26T16:17:40.795912" elapsed="0.000166"/>
</kw>
<var name="${key}">location</var>
<status status="PASS" start="2024-05-26T16:17:40.794334" elapsed="0.001959"/>
</iter>
<iter>
<kw name="Dictionary Should Contain Key" owner="Collections">
<msg time="2024-05-26T16:17:40.797064" level="INFO">False</msg>
<arg>${json_data['results'][0]}</arg>
<arg>${key}</arg>
<doc>Fails if ``key`` is not found from ``dictionary``.</doc>
<status status="PASS" start="2024-05-26T16:17:40.796578" elapsed="0.000524"/>
</kw>
<kw name="Log" owner="BuiltIn">
<msg time="2024-05-26T16:17:40.797754" level="INFO">{'gender': 'male', 'name': {'title': 'Mr', 'first': 'Lucas', 'last': 'Thomas'}, 'location': {'street': {'number': 3179, 'name': 'Manor Road'}, 'city': 'Bangor', 'state': 'County Tyrone', 'country': 'United Kingdom', 'postcode': 'X3P 5DH', 'coordinates': {'latitude': '-10.2788', 'longitude': '-100.5023'}, 'timezone': {'offset': '-12:00', 'description': 'Eniwetok, Kwajalein'}}, 'email': 'lucas.thomas@example.com', 'login': {'uuid': 'ae056035-b056-4028-960f-43987169a096', 'username': 'angryzebra330', 'password': 'griffey', 'salt': 'QawyakIv', 'md5': '5cd6135bb4941f5d9f82f0eabe8f9866', 'sha1': 'f85d34e21af92138d36b6bda8fd0775585237e42', 'sha256': 'a97bbb0e1cb9b3e55f3f7e3a159073a2b5ff78386f4654c6b5c54932481d4956'}, 'dob': {'date': '1956-05-21T13:41:28.222Z', 'age': 68}, 'registered': {'date': '2014-06-25T21:46:56.596Z', 'age': 9}, 'phone': '0181 684 2345', 'cell': '07966 045291', 'id': {'name': 'NINO', 'value': 'RH 00 97 68 O'}, 'picture': {'large': 'https://randomuser.me/api/portraits/men/53.jpg', 'medium': 'https://randomuser.me/api/portraits/med/men/53.jpg', 'thumbnail': 'https://randomuser.me/api/portraits/thumb/men/53.jpg'}, 'nat': 'GB'}</msg>
<arg>${json_data['results'][0]}</arg>
<doc>Logs the given message with the given level.</doc>
<status status="PASS" start="2024-05-26T16:17:40.797400" elapsed="0.000403"/>
</kw>
<kw name="Log" owner="BuiltIn">
<msg time="2024-05-26T16:17:40.798223" level="INFO">email</msg>
<arg>${key}</arg>
<doc>Logs the given message with the given level.</doc>
<status status="PASS" start="2024-05-26T16:17:40.798096" elapsed="0.000164"/>
</kw>
<var name="${key}">email</var>
<status status="PASS" start="2024-05-26T16:17:40.796465" elapsed="0.002008"/>
</iter>
<iter>
<kw name="Dictionary Should Contain Key" owner="Collections">
<msg time="2024-05-26T16:17:40.799138" level="INFO">False</msg>
<arg>${json_data['results'][0]}</arg>
<arg>${key}</arg>
<doc>Fails if ``key`` is not found from ``dictionary``.</doc>
<status status="PASS" start="2024-05-26T16:17:40.798752" elapsed="0.000424"/>
</kw>
<kw name="Log" owner="BuiltIn">
<msg time="2024-05-26T16:17:40.799828" level="INFO">{'gender': 'male', 'name': {'title': 'Mr', 'first': 'Lucas', 'last': 'Thomas'}, 'location': {'street': {'number': 3179, 'name': 'Manor Road'}, 'city': 'Bangor', 'state': 'County Tyrone', 'country': 'United Kingdom', 'postcode': 'X3P 5DH', 'coordinates': {'latitude': '-10.2788', 'longitude': '-100.5023'}, 'timezone': {'offset': '-12:00', 'description': 'Eniwetok, Kwajalein'}}, 'email': 'lucas.thomas@example.com', 'login': {'uuid': 'ae056035-b056-4028-960f-43987169a096', 'username': 'angryzebra330', 'password': 'griffey', 'salt': 'QawyakIv', 'md5': '5cd6135bb4941f5d9f82f0eabe8f9866', 'sha1': 'f85d34e21af92138d36b6bda8fd0775585237e42', 'sha256': 'a97bbb0e1cb9b3e55f3f7e3a159073a2b5ff78386f4654c6b5c54932481d4956'}, 'dob': {'date': '1956-05-21T13:41:28.222Z', 'age': 68}, 'registered': {'date': '2014-06-25T21:46:56.596Z', 'age': 9}, 'phone': '0181 684 2345', 'cell': '07966 045291', 'id': {'name': 'NINO', 'value': 'RH 00 97 68 O'}, 'picture': {'large': 'https://randomuser.me/api/portraits/men/53.jpg', 'medium': 'https://randomuser.me/api/portraits/med/men/53.jpg', 'thumbnail': 'https://randomuser.me/api/portraits/thumb/men/53.jpg'}, 'nat': 'GB'}</msg>
<arg>${json_data['results'][0]}</arg>
<doc>Logs the given message with the given level.</doc>
<status status="PASS" start="2024-05-26T16:17:40.799472" elapsed="0.000403"/>
</kw>
<kw name="Log" owner="BuiltIn">
<msg time="2024-05-26T16:17:40.800288" level="INFO">login</msg>
<arg>${key}</arg>
<doc>Logs the given message with the given level.</doc>
<status status="PASS" start="2024-05-26T16:17:40.800162" elapsed="0.000163"/>
</kw>
<var name="${key}">login</var>
<status status="PASS" start="2024-05-26T16:17:40.798643" elapsed="0.001920"/>
</iter>
<var>${key}</var>
<value>@{expected_keys}</value>
<status status="PASS" start="2024-05-26T16:17:40.789831" elapsed="0.010856"/>
</for>
<kw name="Create List" owner="BuiltIn">
<msg time="2024-05-26T16:17:40.801010" level="INFO">${expected_keysTwo} = ['username', 'password']</msg>
<var>${expected_keysTwo}</var>
<arg>username</arg>
<arg>password</arg>
<doc>Returns a list containing given items.</doc>
<status status="PASS" start="2024-05-26T16:17:40.800876" elapsed="0.000157"/>
</kw>
<for flavor="IN">
<iter>
<kw name="Dictionary Should Contain Key" owner="Collections">
<msg time="2024-05-26T16:17:40.801912" level="INFO">False</msg>
<arg>${json_data['results'][0]['login']}</arg>
<arg>${keyTwo}</arg>
<doc>Fails if ``key`` is not found from ``dictionary``.</doc>
<status status="PASS" start="2024-05-26T16:17:40.801523" elapsed="0.000426"/>
</kw>
<kw name="Dictionary Should Contain Key" owner="Collections">
<msg time="2024-05-26T16:17:40.802610" level="INFO">False</msg>
<arg>${json_data['results'][0]['login']}</arg>
<arg>${keyTwo}</arg>
<doc>Fails if ``key`` is not found from ``dictionary``.</doc>
<status status="PASS" start="2024-05-26T16:17:40.802239" elapsed="0.000407"/>
</kw>
<kw name="Log" owner="BuiltIn">
<msg time="2024-05-26T16:17:40.803061" level="INFO">username</msg>
<arg>${keyTwo}</arg>
<doc>Logs the given message with the given level.</doc>
<status status="PASS" start="2024-05-26T16:17:40.802935" elapsed="0.000181"/>
</kw>
<var name="${keyTwo}">username</var>
<status status="PASS" start="2024-05-26T16:17:40.801414" elapsed="0.001932"/>
</iter>
<iter>
<kw name="Dictionary Should Contain Key" owner="Collections">
<msg time="2024-05-26T16:17:40.803999" level="INFO">False</msg>
<arg>${json_data['results'][0]['login']}</arg>
<arg>${keyTwo}</arg>
<doc>Fails if ``key`` is not found from ``dictionary``.</doc>
<status status="PASS" start="2024-05-26T16:17:40.803624" elapsed="0.000412"/>
</kw>
<kw name="Dictionary Should Contain Key" owner="Collections">
<msg time="2024-05-26T16:17:40.804708" level="INFO">False</msg>
<arg>${json_data['results'][0]['login']}</arg>
<arg>${keyTwo}</arg>
<doc>Fails if ``key`` is not found from ``dictionary``.</doc>
<status status="PASS" start="2024-05-26T16:17:40.804321" elapsed="0.000423"/>
</kw>
<kw name="Log" owner="BuiltIn">
<msg time="2024-05-26T16:17:40.805158" level="INFO">password</msg>
<arg>${keyTwo}</arg>
<doc>Logs the given message with the given level.</doc>
<status status="PASS" start="2024-05-26T16:17:40.805033" elapsed="0.000162"/>
</kw>
<var name="${keyTwo}">password</var>
<status status="PASS" start="2024-05-26T16:17:40.803515" elapsed="0.001889"/>
</iter>
<var>${keyTwo}</var>
<value>@{expected_keysTwo}</value>
<status status="PASS" start="2024-05-26T16:17:40.801266" elapsed="0.004255"/>
</for>
<status status="PASS" start="2024-05-26T16:17:40.692532" elapsed="0.113122"/>
</kw>
<doc>Testa a estrutura da resposta da API.</doc>
<tag>testeEstruturaResposta</tag>
<status status="PASS" start="2024-05-26T16:17:40.692055" elapsed="0.113746"/>
</test>
<test id="s1-s1-t4" name="Validar tipos de dados" line="28">
<kw name="Teste de Tipos de Dados" owner="random-user-service">
<kw name="GET On Session" owner="RequestsLibrary">
<msg time="2024-05-26T16:17:40.892021" level="INFO">GET Request : url=https://randomuser.me/api 
 path_url=/api 
 headers={'User-Agent': 'python-requests/2.32.2', 'Accept-Encoding': 'gzip, deflate', 'Accept': '*/*', 'Connection': 'keep-alive'} 
 body=None 
 </msg>
<msg time="2024-05-26T16:17:40.892083" level="INFO">GET Response : url=https://randomuser.me/api 
 status=200, reason=OK 
 headers={'Date': 'Sun, 26 May 2024 16:17:40 GMT', 'Content-Type': 'application/json; charset=utf-8', 'Transfer-Encoding': 'chunked', 'Connection': 'keep-alive', 'X-Powered-By': 'Express', 'Access-Control-Allow-Origin': '*', 'Cache-Control': 'no-cache', 'ETag': 'W/"496-7paIxg5tDXsSiQaFGL8HmlZiCtk"', 'Vary': 'Accept-Encoding', 'Content-Encoding': 'gzip', 'CF-Cache-Status': 'DYNAMIC', 'Report-To': '{"endpoints":[{"url":"https:\\/\\/a.nel.cloudflare.com\\/report\\/v4?s=Vy3eaRquVLqAAGyYDGOlSvcidkV8PmmhmXZ%2BulLzxROv%2F%2FgD5I5y9SBPG2ZG5bRowpK31v6unmgqPEphvQGBZP7LXeAmUTUoZfH%2BV1wMLydXpPCIa7i28bNDrEYho1b4"}],"group":"cf-nel","max_age":604800}', 'NEL': '{"success_fraction":0,"report_to":"cf-nel","max_age":604800}', 'Server': 'cloudflare', 'CF-RAY': '889f13a61bd013bb-IAD', 'alt-svc': 'h3=":443"; ma=86400'} 
 body={"results":[{"gender":"male","name":{"title":"Mr","first":"Franklin","last":"Rice"},"location":{"street":{"number":6405,"name":"Oak Lawn Ave"},"city":"Warragul","state":"New South Wales","country":"Australia","postcode":4296,"coordinates":{"latitude":"-86.0441","longitude":"-108.1682"},"timezone":{"offset":"-4:00","description":"Atlantic Time (Canada), Caracas, La Paz"}},"email":"franklin.rice@example.com","login":{"uuid":"5c4a9f3c-0ed9-4e39-ba27-c6a0390029f0","username":"blackladybug796","password":"pelican","salt":"b4YK6nI7","md5":"0708bf71b282cd3d986976d8c5862e0b","sha1":"7ace31e1c3110953faaa23da31983bf7d39750e9","sha256":"f1b2de41faa1d39a86d4e0a16522f6a65062040e872f573ae082ee3d54000dbf"},"dob":{"date":"1969-03-20T08:43:17.508Z","age":55},"registered":{"date":"2015-06-12T02:39:55.467Z","age":8},"phone":"01-5001-6904","cell":"0468-428-544","id":{"name":"TFN","value":"666326985"},"picture":{"large":"https://randomuser.me/api/portraits/men/1.jpg","medium":"https://randomuser.me/api/portraits/med/men/1.jpg","thumbnail":"https://randomuser.me/api/portraits/thumb/men/1.jpg"},"nat":"AU"}],"info":{"seed":"415ff8bb01316d1f","results":1,"page":1,"version":"1.4"}} 
 </msg>
<msg time="2024-05-26T16:17:40.892141" level="INFO">/opt/hostedtoolcache/Python/3.12.3/x64/lib/python3.12/site-packages/urllib3/connectionpool.py:1103: InsecureRequestWarning: Unverified HTTPS request is being made to host 'randomuser.me'. Adding certificate verification is strongly advised. See: https://urllib3.readthedocs.io/en/latest/advanced-usage.html#tls-warnings
  warnings.warn(</msg>
<msg time="2024-05-26T16:17:40.892224" level="INFO">${response} = &lt;Response [200]&gt;</msg>
<var>${response}</var>
<arg>consultarAPI</arg>
<arg>/api</arg>
<doc>Sends a GET request on a previously created HTTP Session.</doc>
<status status="PASS" start="2024-05-26T16:17:40.808241" elapsed="0.084011"/>
</kw>
<kw name="Set Variable" owner="BuiltIn">
<msg time="2024-05-26T16:17:40.893079" level="INFO">${json_data} = {'results': [{'gender': 'male', 'name': {'title': 'Mr', 'first': 'Franklin', 'last': 'Rice'}, 'location': {'street': {'number': 6405, 'name': 'Oak Lawn Ave'}, 'city': 'Warragul', 'state': 'New South W...</msg>
<var>${json_data}</var>
<arg>${response.json()}</arg>
<doc>Returns the given values which can then be assigned to a variables.</doc>
<status status="PASS" start="2024-05-26T16:17:40.892632" elapsed="0.000475"/>
</kw>
<kw name="Log" owner="BuiltIn">
<msg time="2024-05-26T16:17:40.893565" level="INFO">{'results': [{'gender': 'male', 'name': {'title': 'Mr', 'first': 'Franklin', 'last': 'Rice'}, 'location': {'street': {'number': 6405, 'name': 'Oak Lawn Ave'}, 'city': 'Warragul', 'state': 'New South Wales', 'country': 'Australia', 'postcode': 4296, 'coordinates': {'latitude': '-86.0441', 'longitude': '-108.1682'}, 'timezone': {'offset': '-4:00', 'description': 'Atlantic Time (Canada), Caracas, La Paz'}}, 'email': 'franklin.rice@example.com', 'login': {'uuid': '5c4a9f3c-0ed9-4e39-ba27-c6a0390029f0', 'username': 'blackladybug796', 'password': 'pelican', 'salt': 'b4YK6nI7', 'md5': '0708bf71b282cd3d986976d8c5862e0b', 'sha1': '7ace31e1c3110953faaa23da31983bf7d39750e9', 'sha256': 'f1b2de41faa1d39a86d4e0a16522f6a65062040e872f573ae082ee3d54000dbf'}, 'dob': {'date': '1969-03-20T08:43:17.508Z', 'age': 55}, 'registered': {'date': '2015-06-12T02:39:55.467Z', 'age': 8}, 'phone': '01-5001-6904', 'cell': '0468-428-544', 'id': {'name': 'TFN', 'value': '666326985'}, 'picture': {'large': 'https://randomuser.me/api/portraits/men/1.jpg', 'medium': 'https://randomuser.me/api/portraits/med/men/1.jpg', 'thumbnail': 'https://randomuser.me/api/portraits/thumb/men/1.jpg'}, 'nat': 'AU'}], 'info': {'seed': '415ff8bb01316d1f', 'results': 1, 'page': 1, 'version': '1.4'}}</msg>
<arg>${json_data}</arg>
<doc>Logs the given message with the given level.</doc>
<status status="PASS" start="2024-05-26T16:17:40.893411" elapsed="0.000235"/>
</kw>
<kw name="Should Be String" owner="String">
<arg>${json_data['results'][0]['gender']}</arg>
<doc>Fails if the given ``item`` is not a string.</doc>
<status status="PASS" start="2024-05-26T16:17:40.893951" elapsed="0.000362"/>
</kw>
<kw name="Should Match Regexp" owner="BuiltIn">
<arg>${json_data['results'][0]['email']}</arg>
<arg>^[a-zA-Z0-9._%+-]+@[a-zA-Z0-9.-]+\.[a-zA-Z]{2,}$</arg>
<doc>Fails if ``string`` does not match ``pattern`` as a regular expression.</doc>
<status status="PASS" start="2024-05-26T16:17:40.894504" elapsed="0.000646"/>
</kw>
<kw name="Should Match Regexp" owner="BuiltIn">
<arg>${json_data['results'][0]['dob']['date']}</arg>
<arg>\\d{4}-\\d{2}-\\d{2}T\\d{2}:\\d{2}:\\d{2}\\.\\d{3}Z</arg>
<doc>Fails if ``string`` does not match ``pattern`` as a regular expression.</doc>
<status status="PASS" start="2024-05-26T16:17:40.895363" elapsed="0.000484"/>
</kw>
<kw name="Should Match Regexp" owner="BuiltIn">
<arg>${json_data['results'][0]['registered']['date']}</arg>
<arg>\\d{4}-\\d{2}-\\d{2}T\\d{2}:\\d{2}:\\d{2}\\.\\d{3}Z</arg>
<doc>Fails if ``string`` does not match ``pattern`` as a regular expression.</doc>
<status status="PASS" start="2024-05-26T16:17:40.896043" elapsed="0.000363"/>
</kw>
<kw name="Should Match Regexp" owner="BuiltIn">
<arg>${json_data['results'][0]['picture']['large']}</arg>
<arg>^https?://.*\.(?:png|jpe?g|gif|bmp)$</arg>
<doc>Fails if ``string`` does not match ``pattern`` as a regular expression.</doc>
<status status="PASS" start="2024-05-26T16:17:40.896595" elapsed="0.000454"/>
</kw>
<kw name="Should Match Regexp" owner="BuiltIn">
<arg>${json_data['results'][0]['picture']['medium']}</arg>
<arg>^https?://.*\.(?:png|jpe?g|gif|bmp)$</arg>
<doc>Fails if ``string`` does not match ``pattern`` as a regular expression.</doc>
<status status="PASS" start="2024-05-26T16:17:40.897238" elapsed="0.000344"/>
</kw>
<kw name="Should Match Regexp" owner="BuiltIn">
<arg>${json_data['results'][0]['picture']['thumbnail']}</arg>
<arg>^https?://.*\.(?:png|jpe?g|gif|bmp)$</arg>
<doc>Fails if ``string`` does not match ``pattern`` as a regular expression.</doc>
<status status="PASS" start="2024-05-26T16:17:40.897767" elapsed="0.000344"/>
</kw>
<kw name="Log" owner="BuiltIn">
<msg time="2024-05-26T16:17:40.898630" level="INFO">{'large': 'https://randomuser.me/api/portraits/men/1.jpg', 'medium': 'https://randomuser.me/api/portraits/med/men/1.jpg', 'thumbnail': 'https://randomuser.me/api/portraits/thumb/men/1.jpg'}</msg>
<arg>${json_data['results'][0]['picture']}</arg>
<doc>Logs the given message with the given level.</doc>
<status status="PASS" start="2024-05-26T16:17:40.898298" elapsed="0.000374"/>
</kw>
<status status="PASS" start="2024-05-26T16:17:40.808011" elapsed="0.090909"/>
</kw>
<kw name="Teste de Tipos de Dados - Postcode" owner="random-user-service">
<kw name="GET On Session" owner="RequestsLibrary">
<msg time="2024-05-26T16:17:40.984660" level="INFO">GET Request : url=https://randomuser.me/api 
 path_url=/api 
 headers={'User-Agent': 'python-requests/2.32.2', 'Accept-Encoding': 'gzip, deflate', 'Accept': '*/*', 'Connection': 'keep-alive'} 
 body=None 
 </msg>
<msg time="2024-05-26T16:17:40.984744" level="INFO">GET Response : url=https://randomuser.me/api 
 status=200, reason=OK 
 headers={'Date': 'Sun, 26 May 2024 16:17:40 GMT', 'Content-Type': 'application/json; charset=utf-8', 'Transfer-Encoding': 'chunked', 'Connection': 'keep-alive', 'X-Powered-By': 'Express', 'Access-Control-Allow-Origin': '*', 'Cache-Control': 'no-cache', 'ETag': 'W/"48c-PFglk4MAnRb1R1VGpZEFsARDBDg"', 'Vary': 'Accept-Encoding', 'Content-Encoding': 'gzip', 'CF-Cache-Status': 'DYNAMIC', 'Report-To': '{"endpoints":[{"url":"https:\\/\\/a.nel.cloudflare.com\\/report\\/v4?s=L%2FIvumy3KDatYtoGAId7kjWuu8Nw2cbZXWSlyOAYK2F7lKkIbNW4d43KvdwWRb8PAuXgaZ%2BcH7jba%2FaA%2BPFgf%2FA%2FbaTiEAhO4eO5Qy9XgaYk9hiY52TfYl5J8jMM8Kem"}],"group":"cf-nel","max_age":604800}', 'NEL': '{"success_fraction":0,"report_to":"cf-nel","max_age":604800}', 'Server': 'cloudflare', 'CF-RAY': '889f13a6ac2d13bb-IAD', 'alt-svc': 'h3=":443"; ma=86400'} 
 body={"results":[{"gender":"female","name":{"title":"Miss","first":"Fatma","last":"Kurutluoğlu"},"location":{"street":{"number":3840,"name":"Doktorlar Cd"},"city":"Siirt","state":"Kütahya","country":"Turkey","postcode":74173,"coordinates":{"latitude":"67.3282","longitude":"173.6671"},"timezone":{"offset":"+4:00","description":"Abu Dhabi, Muscat, Baku, Tbilisi"}},"email":"fatma.kurutluoglu@example.com","login":{"uuid":"694962b8-bb48-4fb8-8498-2e396ba9a633","username":"orangecat928","password":"meng","salt":"RrI8RIXp","md5":"3a40068bb7ff2d4d457fb4979e7da73c","sha1":"f2c3218d8563cf078f1796fbb4fd0ac0cecddcc5","sha256":"7fa3eba604f8b9385a0e4aa53d8b5199449a2c89e91e19a9d205ee15beb21763"},"dob":{"date":"1958-09-26T12:07:22.608Z","age":65},"registered":{"date":"2014-04-04T21:59:35.156Z","age":10},"phone":"(765)-632-1784","cell":"(906)-346-3842","id":{"name":"","value":null},"picture":{"large":"https://randomuser.me/api/portraits/women/41.jpg","medium":"https://randomuser.me/api/portraits/med/women/41.jpg","thumbnail":"https://randomuser.me/api/portraits/thumb/women/41.jpg"},"nat":"TR"}],"info":{"seed":"ca99f85fcff635ea","results":1,"page":1,"version":"1.4"}} 
 </msg>
<msg time="2024-05-26T16:17:40.984824" level="INFO">/opt/hostedtoolcache/Python/3.12.3/x64/lib/python3.12/site-packages/urllib3/connectionpool.py:1103: InsecureRequestWarning: Unverified HTTPS request is being made to host 'randomuser.me'. Adding certificate verification is strongly advised. See: https://urllib3.readthedocs.io/en/latest/advanced-usage.html#tls-warnings
  warnings.warn(</msg>
<msg time="2024-05-26T16:17:40.984907" level="INFO">${response} = &lt;Response [200]&gt;</msg>
<var>${response}</var>
<arg>consultarAPI</arg>
<arg>/api</arg>
<doc>Sends a GET request on a previously created HTTP Session.</doc>
<status status="PASS" start="2024-05-26T16:17:40.899387" elapsed="0.085549"/>
</kw>
<kw name="Set Variable" owner="BuiltIn">
<msg time="2024-05-26T16:17:40.985782" level="INFO">${json_data} = {'results': [{'gender': 'female', 'name': {'title': 'Miss', 'first': 'Fatma', 'last': 'Kurutluoğlu'}, 'location': {'street': {'number': 3840, 'name': 'Doktorlar Cd'}, 'city': 'Siirt', 'state': 'Kütahy...</msg>
<var>${json_data}</var>
<arg>${response.json()}</arg>
<doc>Returns the given values which can then be assigned to a variables.</doc>
<status status="PASS" start="2024-05-26T16:17:40.985311" elapsed="0.000501"/>
</kw>
<kw name="Log" owner="BuiltIn">
<msg time="2024-05-26T16:17:40.986274" level="INFO">{'results': [{'gender': 'female', 'name': {'title': 'Miss', 'first': 'Fatma', 'last': 'Kurutluoğlu'}, 'location': {'street': {'number': 3840, 'name': 'Doktorlar Cd'}, 'city': 'Siirt', 'state': 'Kütahya', 'country': 'Turkey', 'postcode': 74173, 'coordinates': {'latitude': '67.3282', 'longitude': '173.6671'}, 'timezone': {'offset': '+4:00', 'description': 'Abu Dhabi, Muscat, Baku, Tbilisi'}}, 'email': 'fatma.kurutluoglu@example.com', 'login': {'uuid': '694962b8-bb48-4fb8-8498-2e396ba9a633', 'username': 'orangecat928', 'password': 'meng', 'salt': 'RrI8RIXp', 'md5': '3a40068bb7ff2d4d457fb4979e7da73c', 'sha1': 'f2c3218d8563cf078f1796fbb4fd0ac0cecddcc5', 'sha256': '7fa3eba604f8b9385a0e4aa53d8b5199449a2c89e91e19a9d205ee15beb21763'}, 'dob': {'date': '1958-09-26T12:07:22.608Z', 'age': 65}, 'registered': {'date': '2014-04-04T21:59:35.156Z', 'age': 10}, 'phone': '(765)-632-1784', 'cell': '(906)-346-3842', 'id': {'name': '', 'value': None}, 'picture': {'large': 'https://randomuser.me/api/portraits/women/41.jpg', 'medium': 'https://randomuser.me/api/portraits/med/women/41.jpg', 'thumbnail': 'https://randomuser.me/api/portraits/thumb/women/41.jpg'}, 'nat': 'TR'}], 'info': {'seed': 'ca99f85fcff635ea', 'results': 1, 'page': 1, 'version': '1.4'}}</msg>
<arg>${json_data}</arg>
<doc>Logs the given message with the given level.</doc>
<status status="PASS" start="2024-05-26T16:17:40.986118" elapsed="0.000236"/>
</kw>
<kw name="Should Be Equal As Numbers" owner="BuiltIn">
<arg>${json_data['results'][0]['location']['postcode']}</arg>
<arg>${json_data['results'][0]['location']['postcode']}</arg>
<doc>Fails if objects are unequal after converting them to real numbers.</doc>
<status status="PASS" start="2024-05-26T16:17:40.986658" elapsed="0.000640"/>
</kw>
<kw name="Log" owner="BuiltIn">
<msg time="2024-05-26T16:17:40.987834" level="INFO">74173</msg>
<arg>${json_data['results'][0]['location']['postcode']}</arg>
<doc>Logs the given message with the given level.</doc>
<status status="PASS" start="2024-05-26T16:17:40.987502" elapsed="0.000372"/>
</kw>
<status status="PASS" start="2024-05-26T16:17:40.899153" elapsed="0.088978"/>
</kw>
<doc>Testa se os tipos de dados na resposta da API estão corretos.</doc>
<tag>testeTiposDados</tag>
<status status="PASS" start="2024-05-26T16:17:40.807551" elapsed="0.180738"/>
</test>
<test id="s1-s1-t5" name="Validar conteudo" line="35">
<kw name="Teste de Tipos de Conteudo" owner="random-user-service">
<kw name="GET On Session" owner="RequestsLibrary">
<msg time="2024-05-26T16:17:41.089568" level="INFO">GET Request : url=https://randomuser.me/api 
 path_url=/api 
 headers={'User-Agent': 'python-requests/2.32.2', 'Accept-Encoding': 'gzip, deflate', 'Accept': '*/*', 'Connection': 'keep-alive'} 
 body=None 
 </msg>
<msg time="2024-05-26T16:17:41.089659" level="INFO">GET Response : url=https://randomuser.me/api 
 status=200, reason=OK 
 headers={'Date': 'Sun, 26 May 2024 16:17:41 GMT', 'Content-Type': 'application/json; charset=utf-8', 'Transfer-Encoding': 'chunked', 'Connection': 'keep-alive', 'X-Powered-By': 'Express', 'Access-Control-Allow-Origin': '*', 'Cache-Control': 'no-cache', 'ETag': 'W/"491-LtqIPw0DRgAAnNofL6cxLs/O5Nw"', 'Vary': 'Accept-Encoding', 'Content-Encoding': 'gzip', 'CF-Cache-Status': 'DYNAMIC', 'Report-To': '{"endpoints":[{"url":"https:\\/\\/a.nel.cloudflare.com\\/report\\/v4?s=ENpoFydVfFuDzcWtPHCIVmXvYHjggXcSxVP9Hk86VO81DqXEeFvPDUs0C7yPPV4b745WcFio5pF9WLHAKKXxeFQHL126uBiTeydRG2NTH35tM5ff465jIemfRA3Fe8UL"}],"group":"cf-nel","max_age":604800}', 'NEL': '{"success_fraction":0,"report_to":"cf-nel","max_age":604800}', 'Server': 'cloudflare', 'CF-RAY': '889f13a73c8d13bb-IAD', 'alt-svc': 'h3=":443"; ma=86400'} 
 body={"results":[{"gender":"female","name":{"title":"Miss","first":"Carla","last":"Danielsen"},"location":{"street":{"number":5400,"name":"Olav Selvaags plass"},"city":"Sekkingstad","state":"Finnmark - Finnmárku","country":"Norway","postcode":"8618","coordinates":{"latitude":"44.6688","longitude":"124.8197"},"timezone":{"offset":"+5:45","description":"Kathmandu"}},"email":"carla.danielsen@example.com","login":{"uuid":"221c8aa4-275d-4e17-9ab6-8c74d539d7df","username":"happyleopard793","password":"pumpkins","salt":"Cv16fCLN","md5":"f152e4096a6449dcf37df8309d6ef663","sha1":"78b72534031596cf4fc8b162be6c5cb2b3c93ab4","sha256":"76a338362648487e4a2b263492f68251b85d7ee101922bb8850a4786b1a2d66a"},"dob":{"date":"1972-08-05T04:49:51.319Z","age":51},"registered":{"date":"2007-11-07T21:08:24.123Z","age":16},"phone":"52684892","cell":"97091633","id":{"name":"FN","value":"05087239456"},"picture":{"large":"https://randomuser.me/api/portraits/women/82.jpg","medium":"https://randomuser.me/api/portraits/med/women/82.jpg","thumbnail":"https://randomuser.me/api/portraits/thumb/women/82.jpg"},"nat":"NO"}],"info":{"seed":"b72f76ecee96814b","results":1,"page":1,"version":"1.4"}} 
 </msg>
<msg time="2024-05-26T16:17:41.089743" level="INFO">/opt/hostedtoolcache/Python/3.12.3/x64/lib/python3.12/site-packages/urllib3/connectionpool.py:1103: InsecureRequestWarning: Unverified HTTPS request is being made to host 'randomuser.me'. Adding certificate verification is strongly advised. See: https://urllib3.readthedocs.io/en/latest/advanced-usage.html#tls-warnings
  warnings.warn(</msg>
<msg time="2024-05-26T16:17:41.089858" level="INFO">${response} = &lt;Response [200]&gt;</msg>
<var>${response}</var>
<arg>consultarAPI</arg>
<arg>/api</arg>
<doc>Sends a GET request on a previously created HTTP Session.</doc>
<status status="PASS" start="2024-05-26T16:17:40.990677" elapsed="0.099222"/>
</kw>
<kw name="Set Variable" owner="BuiltIn">
<msg time="2024-05-26T16:17:41.090837" level="INFO">${json_data} = {'results': [{'gender': 'female', 'name': {'title': 'Miss', 'first': 'Carla', 'last': 'Danielsen'}, 'location': {'street': {'number': 5400, 'name': 'Olav Selvaags plass'}, 'city': 'Sekkingstad', 'stat...</msg>
<var>${json_data}</var>
<arg>${response.json()}</arg>
<doc>Returns the given values which can then be assigned to a variables.</doc>
<status status="PASS" start="2024-05-26T16:17:41.090361" elapsed="0.000506"/>
</kw>
<kw name="Set Variable" owner="BuiltIn">
<msg time="2024-05-26T16:17:41.091581" level="INFO">${name_title} = Miss</msg>
<var>${name_title}</var>
<arg>${json_data["results"][0]["name"]["title"]}</arg>
<doc>Returns the given values which can then be assigned to a variables.</doc>
<status status="PASS" start="2024-05-26T16:17:41.091200" elapsed="0.000406"/>
</kw>
<kw name="Create List" owner="BuiltIn">
<msg time="2024-05-26T16:17:41.092052" level="INFO">${allowed_titles} = ['Mr', 'Ms', 'Miss', 'Mrs', 'Madame', 'Monsieur']</msg>
<var>${allowed_titles}</var>
<arg>Mr</arg>
<arg>Ms</arg>
<arg>Miss</arg>
<arg>Mrs</arg>
<arg>Madame</arg>
<arg>Monsieur</arg>
<doc>Returns a list containing given items.</doc>
<status status="PASS" start="2024-05-26T16:17:41.091905" elapsed="0.000171"/>
</kw>
<kw name="List Should Contain Value" owner="Collections">
<msg time="2024-05-26T16:17:41.092569" level="INFO">False</msg>
<arg>${allowed_titles}</arg>
<arg>${name_title}</arg>
<doc>Fails if the ``value`` is not found from ``list``.</doc>
<status status="PASS" start="2024-05-26T16:17:41.092388" elapsed="0.000220"/>
</kw>
<kw name="Set Variable" owner="BuiltIn">
<msg time="2024-05-26T16:17:41.093445" level="INFO">${name_country} = NO</msg>
<var>${name_country}</var>
<arg>${json_data["results"][0]["nat"]}</arg>
<doc>Returns the given values which can then be assigned to a variables.</doc>
<status status="PASS" start="2024-05-26T16:17:41.092923" elapsed="0.000547"/>
</kw>
<kw name="Create List" owner="BuiltIn">
<msg time="2024-05-26T16:17:41.094371" level="INFO">${list_country} = ['AD', 'AE', 'AF', 'AG', 'AI', 'AL', 'AM', 'AO', 'AQ', 'AR', 'AS', 'AT', 'AU', 'AW', 'AX', 'AZ', 'BA', 'BB', 'BD', 'BE', 'BF', 'BG', 'BH', 'BI', 'BJ', 'BL', 'BM', 'BN', 'BO', 'BQ', 'BR', 'BS', 'BT', '...</msg>
<var>${list_country}</var>
<arg>AD</arg>
<arg>AE</arg>
<arg>AF</arg>
<arg>AG</arg>
<arg>AI</arg>
<arg>AL</arg>
<arg>AM</arg>
<arg>AO</arg>
<arg>AQ</arg>
<arg>AR</arg>
<arg>AS</arg>
<arg>AT</arg>
<arg>AU</arg>
<arg>AW</arg>
<arg>AX</arg>
<arg>AZ</arg>
<arg>BA</arg>
<arg>BB</arg>
<arg>BD</arg>
<arg>BE</arg>
<arg>BF</arg>
<arg>BG</arg>
<arg>BH</arg>
<arg>BI</arg>
<arg>BJ</arg>
<arg>BL</arg>
<arg>BM</arg>
<arg>BN</arg>
<arg>BO</arg>
<arg>BQ</arg>
<arg>BR</arg>
<arg>BS</arg>
<arg>BT</arg>
<arg>BV</arg>
<arg>BW</arg>
<arg>BY</arg>
<arg>BZ</arg>
<arg>CA</arg>
<arg>CC</arg>
<arg>CD</arg>
<arg>CF</arg>
<arg>CG</arg>
<arg>CH</arg>
<arg>CI</arg>
<arg>CK</arg>
<arg>CL</arg>
<arg>CM</arg>
<arg>CN</arg>
<arg>CO</arg>
<arg>CR</arg>
<arg>CU</arg>
<arg>CV</arg>
<arg>CW</arg>
<arg>CX</arg>
<arg>CY</arg>
<arg>CZ</arg>
<arg>DE</arg>
<arg>DJ</arg>
<arg>DK</arg>
<arg>DM</arg>
<arg>DO</arg>
<arg>DZ</arg>
<arg>EC</arg>
<arg>EE</arg>
<arg>EG</arg>
<arg>EH</arg>
<arg>ER</arg>
<arg>ES</arg>
<arg>ET</arg>
<arg>FI</arg>
<arg>FJ</arg>
<arg>FK</arg>
<arg>FM</arg>
<arg>FO</arg>
<arg>FR</arg>
<arg>GA</arg>
<arg>GB</arg>
<arg>GD</arg>
<arg>GE</arg>
<arg>GF</arg>
<arg>GG</arg>
<arg>GH</arg>
<arg>GI</arg>
<arg>GL</arg>
<arg>GM</arg>
<arg>GN</arg>
<arg>GP</arg>
<arg>GQ</arg>
<arg>GR</arg>
<arg>GS</arg>
<arg>GT</arg>
<arg>GU</arg>
<arg>GW</arg>
<arg>GY</arg>
<arg>HK</arg>
<arg>HM</arg>
<arg>HN</arg>
<arg>HR</arg>
<arg>HT</arg>
<arg>HU</arg>
<arg>ID</arg>
<arg>IE</arg>
<arg>IL</arg>
<arg>IM</arg>
<arg>IN</arg>
<arg>IO</arg>
<arg>IQ</arg>
<arg>IR</arg>
<arg>IS</arg>
<arg>IT</arg>
<arg>JE</arg>
<arg>JM</arg>
<arg>JO</arg>
<arg>JP</arg>
<arg>KE</arg>
<arg>KG</arg>
<arg>KH</arg>
<arg>KI</arg>
<arg>KM</arg>
<arg>KN</arg>
<arg>KP</arg>
<arg>KR</arg>
<arg>KW</arg>
<arg>KY</arg>
<arg>KZ</arg>
<arg>LA</arg>
<arg>LB</arg>
<arg>LC</arg>
<arg>LI</arg>
<arg>LK</arg>
<arg>LR</arg>
<arg>LS</arg>
<arg>LT</arg>
<arg>LU</arg>
<arg>LV</arg>
<arg>LY</arg>
<arg>MA</arg>
<arg>MC</arg>
<arg>MD</arg>
<arg>ME</arg>
<arg>MF</arg>
<arg>MG</arg>
<arg>MH</arg>
<arg>MK</arg>
<arg>ML</arg>
<arg>MM</arg>
<arg>MN</arg>
<arg>MO</arg>
<arg>MP</arg>
<arg>MQ</arg>
<arg>MR</arg>
<arg>MS</arg>
<arg>MT</arg>
<arg>MU</arg>
<arg>MV</arg>
<arg>MW</arg>
<arg>MX</arg>
<arg>MY</arg>
<arg>MZ</arg>
<arg>NA</arg>
<arg>NC</arg>
<arg>NE</arg>
<arg>NF</arg>
<arg>NG</arg>
<arg>NI</arg>
<arg>NL</arg>
<arg>NO</arg>
<arg>NP</arg>
<arg>NR</arg>
<arg>NU</arg>
<arg>NZ</arg>
<arg>OM</arg>
<arg>PA</arg>
<arg>PE</arg>
<arg>PF</arg>
<arg>PG</arg>
<arg>PH</arg>
<arg>PK</arg>
<arg>PL</arg>
<arg>PM</arg>
<arg>PN</arg>
<arg>PR</arg>
<arg>PS</arg>
<arg>PT</arg>
<arg>PW</arg>
<arg>PY</arg>
<arg>QA</arg>
<arg>RE</arg>
<arg>RO</arg>
<arg>RS</arg>
<arg>RU</arg>
<arg>RW</arg>
<arg>SA</arg>
<arg>SB</arg>
<arg>SC</arg>
<arg>SD</arg>
<arg>SE</arg>
<arg>SG</arg>
<arg>SH</arg>
<arg>SI</arg>
<arg>SJ</arg>
<arg>SK</arg>
<arg>SL</arg>
<arg>SM</arg>
<arg>SN</arg>
<arg>SO</arg>
<arg>SR</arg>
<arg>SS</arg>
<arg>ST</arg>
<arg>SV</arg>
<arg>SX</arg>
<arg>SY</arg>
<arg>SZ</arg>
<arg>TC</arg>
<arg>TD</arg>
<arg>TF</arg>
<arg>TG</arg>
<arg>TH</arg>
<arg>TJ</arg>
<arg>TK</arg>
<arg>TL</arg>
<arg>TM</arg>
<arg>TN</arg>
<arg>TO</arg>
<arg>TR</arg>
<arg>TT</arg>
<arg>TV</arg>
<arg>TW</arg>
<arg>TZ</arg>
<arg>UA</arg>
<arg>UG</arg>
<arg>UM</arg>
<arg>US</arg>
<arg>UY</arg>
<arg>UZ</arg>
<arg>VA</arg>
<arg>VC</arg>
<arg>VE</arg>
<arg>VG</arg>
<arg>VI</arg>
<arg>VN</arg>
<arg>VU</arg>
<arg>WF</arg>
<arg>WS</arg>
<arg>XK</arg>
<arg>YE</arg>
<arg>YT</arg>
<arg>ZA</arg>
<arg>ZM</arg>
<arg>ZW</arg>
<doc>Returns a list containing given items.</doc>
<status status="PASS" start="2024-05-26T16:17:41.093775" elapsed="0.000622"/>
</kw>
<kw name="List Should Contain Value" owner="Collections">
<msg time="2024-05-26T16:17:41.095416" level="INFO">False</msg>
<arg>${list_country}</arg>
<arg>${name_country}</arg>
<doc>Fails if the ``value`` is not found from ``list``.</doc>
<status status="PASS" start="2024-05-26T16:17:41.095214" elapsed="0.000238"/>
</kw>
<kw name="Run Keyword If" owner="BuiltIn">
<kw name="Should Be True" owner="BuiltIn">
<arg>${True}</arg>
<doc>Fails if the given condition is not true.</doc>
<status status="PASS" start="2024-05-26T16:17:41.096501" elapsed="0.000145"/>
</kw>
<arg>${json_data["results"][0]["location"]["coordinates"]["latitude"]} &gt;= -90 and ${json_data["results"][0]["location"]["coordinates"]["latitude"]} &lt;= 90</arg>
<arg>Should Be True</arg>
<arg>${True}</arg>
<doc>Runs the given keyword with the given arguments, if ``condition`` is true.</doc>
<status status="PASS" start="2024-05-26T16:17:41.095764" elapsed="0.001007"/>
</kw>
<kw name="Run Keyword If" owner="BuiltIn">
<kw name="Should Be True" owner="BuiltIn">
<arg>${True}</arg>
<doc>Fails if the given condition is not true.</doc>
<status status="PASS" start="2024-05-26T16:17:41.097644" elapsed="0.000142"/>
</kw>
<arg>${json_data["results"][0]["location"]["coordinates"]["longitude"]} &gt;= -180 and ${json_data["results"][0]["location"]["coordinates"]["longitude"]} &lt;= 180</arg>
<arg>Should Be True</arg>
<arg>${True}</arg>
<doc>Runs the given keyword with the given arguments, if ``condition`` is true.</doc>
<status status="PASS" start="2024-05-26T16:17:41.096954" elapsed="0.000957"/>
</kw>
<status status="PASS" start="2024-05-26T16:17:40.990456" elapsed="0.107584"/>
</kw>
<doc>Testa o conteúdo específico dos campos retornados pela API.</doc>
<tag>testeConteudo</tag>
<status status="PASS" start="2024-05-26T16:17:40.990024" elapsed="0.108161"/>
</test>
<status status="PASS" start="2024-05-26T16:17:40.163146" elapsed="0.936978"/>
</suite>
<status status="PASS" start="2024-05-26T16:17:40.149645" elapsed="0.955542"/>
</suite>
<statistics>
<total>
<stat pass="5" fail="0" skip="0">All Tests</stat>
</total>
<tag>
<stat pass="1" fail="0" skip="0">testeConteudo</stat>
<stat pass="1" fail="0" skip="0">testeEstruturaResposta</stat>
<stat pass="1" fail="0" skip="0">testeRequisicaoBasica</stat>
<stat pass="1" fail="0" skip="0">testeTiposDados</stat>
</tag>
<suite>
<stat pass="5" fail="0" skip="0" id="s1" name="Tests">Tests</stat>
<stat pass="5" fail="0" skip="0" id="s1-s1" name="Random-User-Test">Tests.Random-User-Test</stat>
</suite>
</statistics>
<errors>
</errors>
</robot>
