<?xml version="1.0" encoding="UTF-8"?>
<robot generator="Robot 7.0.1 (Python 3.12.4 on linux)" generated="2024-07-12T02:32:20.620945" rpa="false" schemaversion="5">
<suite id="s1" name="Tests" source="/home/runner/work/ApiRandomUser/ApiRandomUser/RamdonUser/tests">
<suite id="s1-s1" name="Random-User-Test" source="/home/runner/work/ApiRandomUser/ApiRandomUser/RamdonUser/tests/random-user-test.robot">
<test id="s1-s1-t1" name="Conectar" line="13">
<kw name="Conectar API" owner="random-user-service">
<kw name="Create Session" owner="RequestsLibrary">
<msg time="2024-07-12T02:32:21.020596" level="INFO">Creating Session using : alias=consultarAPI, url=https://randomuser.me/, headers={},                     cookies={}, auth=None, timeout=None, proxies=None, verify=False,                     debug=0 </msg>
<arg>consultarAPI</arg>
<arg>${URL}</arg>
<doc>Create Session: create a HTTP session to a server</doc>
<status status="PASS" start="2024-07-12T02:32:21.020384" elapsed="0.000396"/>
</kw>
<status status="PASS" start="2024-07-12T02:32:21.019393" elapsed="0.001749"/>
</kw>
<status status="PASS" start="2024-07-12T02:32:21.018822" elapsed="0.002513"/>
</test>
<test id="s1-s1-t2" name="Validar retorno 200 e JSON Válido" line="16">
<kw name="Teste de Requisicao Basica" owner="random-user-service">
<kw name="GET On Session" owner="RequestsLibrary">
<msg time="2024-07-12T02:32:21.247879" level="INFO">GET Request : url=https://randomuser.me/api 
 path_url=/api 
 headers={'User-Agent': 'python-requests/2.32.3', 'Accept-Encoding': 'gzip, deflate', 'Accept': '*/*', 'Connection': 'keep-alive'} 
 body=None 
 </msg>
<msg time="2024-07-12T02:32:21.248047" level="INFO">GET Response : url=https://randomuser.me/api 
 status=200, reason=OK 
 headers={'Date': 'Fri, 12 Jul 2024 02:32:21 GMT', 'Content-Type': 'application/json; charset=utf-8', 'Transfer-Encoding': 'chunked', 'Connection': 'keep-alive', 'X-Powered-By': 'Express', 'Access-Control-Allow-Origin': '*', 'Cache-Control': 'no-cache', 'ETag': 'W/"4b8-wF9WXW7cu6hCBYPO9wnymKeIh64"', 'Vary': 'Accept-Encoding', 'Content-Encoding': 'gzip', 'CF-Cache-Status': 'DYNAMIC', 'Report-To': '{"endpoints":[{"url":"https:\\/\\/a.nel.cloudflare.com\\/report\\/v4?s=jyGXP22XfuxWdGo0X%2BggMjrN0MYrALdzCydtDTL5oPrKNqE35LSXEMW8TeCgyJAiWVRlNQXMZeT0TGes8Nm8%2FJRs28rkHj5j8vo%2BeJIF%2BZC4aofUREFs5mGkU%2Fo1joMQ"}],"group":"cf-nel","max_age":604800}', 'NEL': '{"success_fraction":0,"report_to":"cf-nel","max_age":604800}', 'Server': 'cloudflare', 'CF-RAY': '8a1d9f4c3e551692-SJC', 'alt-svc': 'h3=":443"; ma=86400'} 
 body={"results":[{"gender":"female","name":{"title":"Miss","first":"Thaïs","last":"Pierre"},"location":{"street":{"number":9544,"name":"Place de L'Abbé-Basset"},"city":"Saint-Étienne","state":"Hautes-Pyrénées","country":"France","postcode":36319,"coordinates":{"latitude":"-15.3286","longitude":"148.2280"},"timezone":{"offset":"+8:00","description":"Beijing, Perth, Singapore, Hong Kong"}},"email":"thais.pierre@example.com","login":{"uuid":"fd3df3d7-462d-4e23-8c76-1a42d4641885","username":"happycat718","password":"insane","salt":"Aj16klbU","md5":"e42bfdcdbb255364d4b01f24a0682678","sha1":"db966aae64a0f00476ea1a8bd56aa6bbdd5ed71a","sha256":"dc46d5a42f82aa9ac69654488627201579e0e34ff92438f4f34edd38a2f1f6b7"},"dob":{"date":"1959-01-05T11:13:07.663Z","age":65},"registered":{"date":"2005-04-18T15:42:06.911Z","age":19},"phone":"02-32-05-53-42","cell":"06-46-11-49-86","id":{"name":"INSEE","value":"2590081206179 06"},"picture":{"large":"https://randomuser.me/api/portraits/women/81.jpg","medium":"https://randomuser.me/api/portraits/med/women/81.jpg","thumbnail":"https://randomuser.me/api/portraits/thumb/women/81.jpg"},"nat":"FR"}],"info":{"seed":"2c79aca03ee7f171","results":1,"page":1,"version":"1.4"}} 
 </msg>
<msg time="2024-07-12T02:32:21.248143" level="INFO">/opt/hostedtoolcache/Python/3.12.4/x64/lib/python3.12/site-packages/urllib3/connectionpool.py:1099: InsecureRequestWarning: Unverified HTTPS request is being made to host 'randomuser.me'. Adding certificate verification is strongly advised. See: https://urllib3.readthedocs.io/en/latest/advanced-usage.html#tls-warnings
  warnings.warn(</msg>
<msg time="2024-07-12T02:32:21.248297" level="INFO">${response} = &lt;Response [200]&gt;</msg>
<var>${response}</var>
<arg>consultarAPI</arg>
<arg>/api</arg>
<doc>Sends a GET request on a previously created HTTP Session.</doc>
<status status="PASS" start="2024-07-12T02:32:21.023978" elapsed="0.224363"/>
</kw>
<kw name="Should Be Equal As Numbers" owner="BuiltIn">
<msg time="2024-07-12T02:32:21.249568" level="INFO">Argument types are:
&lt;class 'int'&gt;
&lt;class 'str'&gt;</msg>
<arg>${response.status_code}</arg>
<arg>200</arg>
<doc>Fails if objects are unequal after converting them to real numbers.</doc>
<status status="PASS" start="2024-07-12T02:32:21.249054" elapsed="0.000622"/>
</kw>
<kw name="Log" owner="BuiltIn">
<msg time="2024-07-12T02:32:21.250457" level="INFO">200</msg>
<arg>${response.status_code}</arg>
<doc>Logs the given message with the given level.</doc>
<status status="PASS" start="2024-07-12T02:32:21.250073" elapsed="0.000430"/>
</kw>
<kw name="Set Variable" owner="BuiltIn">
<msg time="2024-07-12T02:32:21.251336" level="INFO">${json_data} = {'results': [{'gender': 'female', 'name': {'title': 'Miss', 'first': 'Thaïs', 'last': 'Pierre'}, 'location': {'street': {'number': 9544, 'name': "Place de L'Abbé-Basset"}, 'city': 'Saint-Étienne', 'st...</msg>
<var>${json_data}</var>
<arg>${response.json()}</arg>
<doc>Returns the given values which can then be assigned to a variables.</doc>
<status status="PASS" start="2024-07-12T02:32:21.250857" elapsed="0.000508"/>
</kw>
<kw name="Dictionary Should Contain Key" owner="Collections">
<arg>${json_data}</arg>
<arg>results</arg>
<doc>Fails if ``key`` is not found from ``dictionary``.</doc>
<status status="PASS" start="2024-07-12T02:32:21.251693" elapsed="0.000173"/>
</kw>
<status status="PASS" start="2024-07-12T02:32:21.023725" elapsed="0.228295"/>
</kw>
<doc>Testa se a API responde corretamente e retorna um objeto JSON válido.</doc>
<tag>testeRequisicaoBasica</tag>
<status status="PASS" start="2024-07-12T02:32:21.023244" elapsed="0.228961"/>
</test>
<test id="s1-s1-t3" name="Validar estrutura de resposta" line="22">
<kw name="Teste de Estrutura de Resposta" owner="random-user-service">
<kw name="GET On Session" owner="RequestsLibrary">
<msg time="2024-07-12T02:32:21.356514" level="INFO">GET Request : url=https://randomuser.me/api 
 path_url=/api 
 headers={'User-Agent': 'python-requests/2.32.3', 'Accept-Encoding': 'gzip, deflate', 'Accept': '*/*', 'Connection': 'keep-alive'} 
 body=None 
 </msg>
<msg time="2024-07-12T02:32:21.356630" level="INFO">GET Response : url=https://randomuser.me/api 
 status=200, reason=OK 
 headers={'Date': 'Fri, 12 Jul 2024 02:32:21 GMT', 'Content-Type': 'application/json; charset=utf-8', 'Transfer-Encoding': 'chunked', 'Connection': 'keep-alive', 'X-Powered-By': 'Express', 'Access-Control-Allow-Origin': '*', 'Cache-Control': 'no-cache', 'ETag': 'W/"485-GhazXloCBOrVo0D/BSUcHW9WsoQ"', 'Vary': 'Accept-Encoding', 'Content-Encoding': 'gzip', 'CF-Cache-Status': 'DYNAMIC', 'Report-To': '{"endpoints":[{"url":"https:\\/\\/a.nel.cloudflare.com\\/report\\/v4?s=9YKpNfPQJ4e7%2FD3S3krAT1zoZeJRP%2FeU0p6nEBeXM1DaMEJnQqtihGA1dZyeuTV6eQjnQVC1QtilPeqJV9pUASCN0zQ%2F%2BST%2F3CZLpl5mET4DS9%2F1HAuOk86zEAf0EaNN"}],"group":"cf-nel","max_age":604800}', 'NEL': '{"success_fraction":0,"report_to":"cf-nel","max_age":604800}', 'Server': 'cloudflare', 'CF-RAY': '8a1d9f4cdee71692-SJC', 'alt-svc': 'h3=":443"; ma=86400'} 
 body={"results":[{"gender":"male","name":{"title":"Mr","first":"Leonard","last":"Harrison"},"location":{"street":{"number":8099,"name":"New Street"},"city":"Westport","state":"Galway City","country":"Ireland","postcode":90510,"coordinates":{"latitude":"-3.9665","longitude":"-9.2569"},"timezone":{"offset":"-7:00","description":"Mountain Time (US &amp; Canada)"}},"email":"leonard.harrison@example.com","login":{"uuid":"963c7f5e-82a6-41d1-8bb8-b0f6250d7885","username":"sadleopard738","password":"qazqaz","salt":"FjPzfYfF","md5":"ec665450f1295c95dc412b48731377bd","sha1":"9719310d28b7f8ba59860e960d24047d3a43c705","sha256":"18cb8bcbe36446276540977d7860906f0a2952450fb74e1b8ee118e03f433954"},"dob":{"date":"1947-03-09T20:12:52.596Z","age":77},"registered":{"date":"2021-06-12T23:19:30.669Z","age":3},"phone":"021-308-4553","cell":"081-352-0865","id":{"name":"PPS","value":"1066812T"},"picture":{"large":"https://randomuser.me/api/portraits/men/42.jpg","medium":"https://randomuser.me/api/portraits/med/men/42.jpg","thumbnail":"https://randomuser.me/api/portraits/thumb/men/42.jpg"},"nat":"IE"}],"info":{"seed":"1e5a5a781e121d1c","results":1,"page":1,"version":"1.4"}} 
 </msg>
<msg time="2024-07-12T02:32:21.356782" level="INFO">/opt/hostedtoolcache/Python/3.12.4/x64/lib/python3.12/site-packages/urllib3/connectionpool.py:1099: InsecureRequestWarning: Unverified HTTPS request is being made to host 'randomuser.me'. Adding certificate verification is strongly advised. See: https://urllib3.readthedocs.io/en/latest/advanced-usage.html#tls-warnings
  warnings.warn(</msg>
<msg time="2024-07-12T02:32:21.356923" level="INFO">${response} = &lt;Response [200]&gt;</msg>
<var>${response}</var>
<arg>consultarAPI</arg>
<arg>/api</arg>
<doc>Sends a GET request on a previously created HTTP Session.</doc>
<status status="PASS" start="2024-07-12T02:32:21.254915" elapsed="0.102050"/>
</kw>
<kw name="Set Variable" owner="BuiltIn">
<msg time="2024-07-12T02:32:21.358163" level="INFO">${json_data} = {'results': [{'gender': 'male', 'name': {'title': 'Mr', 'first': 'Leonard', 'last': 'Harrison'}, 'location': {'street': {'number': 8099, 'name': 'New Street'}, 'city': 'Westport', 'state': 'Galway Cit...</msg>
<var>${json_data}</var>
<arg>${response.json()}</arg>
<doc>Returns the given values which can then be assigned to a variables.</doc>
<status status="PASS" start="2024-07-12T02:32:21.357572" elapsed="0.000619"/>
</kw>
<kw name="Log" owner="BuiltIn">
<msg time="2024-07-12T02:32:21.358664" level="INFO">{'results': [{'gender': 'male', 'name': {'title': 'Mr', 'first': 'Leonard', 'last': 'Harrison'}, 'location': {'street': {'number': 8099, 'name': 'New Street'}, 'city': 'Westport', 'state': 'Galway City', 'country': 'Ireland', 'postcode': 90510, 'coordinates': {'latitude': '-3.9665', 'longitude': '-9.2569'}, 'timezone': {'offset': '-7:00', 'description': 'Mountain Time (US &amp; Canada)'}}, 'email': 'leonard.harrison@example.com', 'login': {'uuid': '963c7f5e-82a6-41d1-8bb8-b0f6250d7885', 'username': 'sadleopard738', 'password': 'qazqaz', 'salt': 'FjPzfYfF', 'md5': 'ec665450f1295c95dc412b48731377bd', 'sha1': '9719310d28b7f8ba59860e960d24047d3a43c705', 'sha256': '18cb8bcbe36446276540977d7860906f0a2952450fb74e1b8ee118e03f433954'}, 'dob': {'date': '1947-03-09T20:12:52.596Z', 'age': 77}, 'registered': {'date': '2021-06-12T23:19:30.669Z', 'age': 3}, 'phone': '021-308-4553', 'cell': '081-352-0865', 'id': {'name': 'PPS', 'value': '1066812T'}, 'picture': {'large': 'https://randomuser.me/api/portraits/men/42.jpg', 'medium': 'https://randomuser.me/api/portraits/med/men/42.jpg', 'thumbnail': 'https://randomuser.me/api/portraits/thumb/men/42.jpg'}, 'nat': 'IE'}], 'info': {'seed': '1e5a5a781e121d1c', 'results': 1, 'page': 1, 'version': '1.4'}}</msg>
<arg>${json_data}</arg>
<doc>Logs the given message with the given level.</doc>
<status status="PASS" start="2024-07-12T02:32:21.358505" elapsed="0.000207"/>
</kw>
<kw name="Dictionary Should Contain Key" owner="Collections">
<arg>${json_data}</arg>
<arg>results</arg>
<doc>Fails if ``key`` is not found from ``dictionary``.</doc>
<status status="PASS" start="2024-07-12T02:32:21.358998" elapsed="0.000163"/>
</kw>
<kw name="Should Not Be Empty" owner="BuiltIn">
<msg time="2024-07-12T02:32:21.359473" level="INFO">Length is 2.</msg>
<arg>${json_data}</arg>
<doc>Verifies that the given item is not empty.</doc>
<status status="PASS" start="2024-07-12T02:32:21.359343" elapsed="0.000168"/>
</kw>
<kw name="Create List" owner="BuiltIn">
<msg time="2024-07-12T02:32:21.360107" level="INFO">${expected_keys} = ['gender', 'name', 'location', 'email', 'login']</msg>
<var>${expected_keys}</var>
<arg>gender</arg>
<arg>name</arg>
<arg>location</arg>
<arg>email</arg>
<arg>login</arg>
<doc>Returns a list containing given items.</doc>
<status status="PASS" start="2024-07-12T02:32:21.359795" elapsed="0.000337"/>
</kw>
<for flavor="IN">
<iter>
<kw name="Dictionary Should Contain Key" owner="Collections">
<arg>${json_data['results'][0]}</arg>
<arg>${key}</arg>
<doc>Fails if ``key`` is not found from ``dictionary``.</doc>
<status status="PASS" start="2024-07-12T02:32:21.360720" elapsed="0.000390"/>
</kw>
<kw name="Log" owner="BuiltIn">
<msg time="2024-07-12T02:32:21.361674" level="INFO">{'gender': 'male', 'name': {'title': 'Mr', 'first': 'Leonard', 'last': 'Harrison'}, 'location': {'street': {'number': 8099, 'name': 'New Street'}, 'city': 'Westport', 'state': 'Galway City', 'country': 'Ireland', 'postcode': 90510, 'coordinates': {'latitude': '-3.9665', 'longitude': '-9.2569'}, 'timezone': {'offset': '-7:00', 'description': 'Mountain Time (US &amp; Canada)'}}, 'email': 'leonard.harrison@example.com', 'login': {'uuid': '963c7f5e-82a6-41d1-8bb8-b0f6250d7885', 'username': 'sadleopard738', 'password': 'qazqaz', 'salt': 'FjPzfYfF', 'md5': 'ec665450f1295c95dc412b48731377bd', 'sha1': '9719310d28b7f8ba59860e960d24047d3a43c705', 'sha256': '18cb8bcbe36446276540977d7860906f0a2952450fb74e1b8ee118e03f433954'}, 'dob': {'date': '1947-03-09T20:12:52.596Z', 'age': 77}, 'registered': {'date': '2021-06-12T23:19:30.669Z', 'age': 3}, 'phone': '021-308-4553', 'cell': '081-352-0865', 'id': {'name': 'PPS', 'value': '1066812T'}, 'picture': {'large': 'https://randomuser.me/api/portraits/men/42.jpg', 'medium': 'https://randomuser.me/api/portraits/med/men/42.jpg', 'thumbnail': 'https://randomuser.me/api/portraits/thumb/men/42.jpg'}, 'nat': 'IE'}</msg>
<arg>${json_data['results'][0]}</arg>
<doc>Logs the given message with the given level.</doc>
<status status="PASS" start="2024-07-12T02:32:21.361291" elapsed="0.000434"/>
</kw>
<kw name="Log" owner="BuiltIn">
<msg time="2024-07-12T02:32:21.362151" level="INFO">gender</msg>
<arg>${key}</arg>
<doc>Logs the given message with the given level.</doc>
<status status="PASS" start="2024-07-12T02:32:21.362024" elapsed="0.000164"/>
</kw>
<var name="${key}">gender</var>
<status status="PASS" start="2024-07-12T02:32:21.360591" elapsed="0.001810"/>
</iter>
<iter>
<kw name="Dictionary Should Contain Key" owner="Collections">
<arg>${json_data['results'][0]}</arg>
<arg>${key}</arg>
<doc>Fails if ``key`` is not found from ``dictionary``.</doc>
<status status="PASS" start="2024-07-12T02:32:21.362694" elapsed="0.000378"/>
</kw>
<kw name="Log" owner="BuiltIn">
<msg time="2024-07-12T02:32:21.363593" level="INFO">{'gender': 'male', 'name': {'title': 'Mr', 'first': 'Leonard', 'last': 'Harrison'}, 'location': {'street': {'number': 8099, 'name': 'New Street'}, 'city': 'Westport', 'state': 'Galway City', 'country': 'Ireland', 'postcode': 90510, 'coordinates': {'latitude': '-3.9665', 'longitude': '-9.2569'}, 'timezone': {'offset': '-7:00', 'description': 'Mountain Time (US &amp; Canada)'}}, 'email': 'leonard.harrison@example.com', 'login': {'uuid': '963c7f5e-82a6-41d1-8bb8-b0f6250d7885', 'username': 'sadleopard738', 'password': 'qazqaz', 'salt': 'FjPzfYfF', 'md5': 'ec665450f1295c95dc412b48731377bd', 'sha1': '9719310d28b7f8ba59860e960d24047d3a43c705', 'sha256': '18cb8bcbe36446276540977d7860906f0a2952450fb74e1b8ee118e03f433954'}, 'dob': {'date': '1947-03-09T20:12:52.596Z', 'age': 77}, 'registered': {'date': '2021-06-12T23:19:30.669Z', 'age': 3}, 'phone': '021-308-4553', 'cell': '081-352-0865', 'id': {'name': 'PPS', 'value': '1066812T'}, 'picture': {'large': 'https://randomuser.me/api/portraits/men/42.jpg', 'medium': 'https://randomuser.me/api/portraits/med/men/42.jpg', 'thumbnail': 'https://randomuser.me/api/portraits/thumb/men/42.jpg'}, 'nat': 'IE'}</msg>
<arg>${json_data['results'][0]}</arg>
<doc>Logs the given message with the given level.</doc>
<status status="PASS" start="2024-07-12T02:32:21.363252" elapsed="0.000423"/>
</kw>
<kw name="Log" owner="BuiltIn">
<msg time="2024-07-12T02:32:21.364097" level="INFO">name</msg>
<arg>${key}</arg>
<doc>Logs the given message with the given level.</doc>
<status status="PASS" start="2024-07-12T02:32:21.363972" elapsed="0.000161"/>
</kw>
<var name="${key}">name</var>
<status status="PASS" start="2024-07-12T02:32:21.362584" elapsed="0.001760"/>
</iter>
<iter>
<kw name="Dictionary Should Contain Key" owner="Collections">
<arg>${json_data['results'][0]}</arg>
<arg>${key}</arg>
<doc>Fails if ``key`` is not found from ``dictionary``.</doc>
<status status="PASS" start="2024-07-12T02:32:21.364625" elapsed="0.000371"/>
</kw>
<kw name="Log" owner="BuiltIn">
<msg time="2024-07-12T02:32:21.365517" level="INFO">{'gender': 'male', 'name': {'title': 'Mr', 'first': 'Leonard', 'last': 'Harrison'}, 'location': {'street': {'number': 8099, 'name': 'New Street'}, 'city': 'Westport', 'state': 'Galway City', 'country': 'Ireland', 'postcode': 90510, 'coordinates': {'latitude': '-3.9665', 'longitude': '-9.2569'}, 'timezone': {'offset': '-7:00', 'description': 'Mountain Time (US &amp; Canada)'}}, 'email': 'leonard.harrison@example.com', 'login': {'uuid': '963c7f5e-82a6-41d1-8bb8-b0f6250d7885', 'username': 'sadleopard738', 'password': 'qazqaz', 'salt': 'FjPzfYfF', 'md5': 'ec665450f1295c95dc412b48731377bd', 'sha1': '9719310d28b7f8ba59860e960d24047d3a43c705', 'sha256': '18cb8bcbe36446276540977d7860906f0a2952450fb74e1b8ee118e03f433954'}, 'dob': {'date': '1947-03-09T20:12:52.596Z', 'age': 77}, 'registered': {'date': '2021-06-12T23:19:30.669Z', 'age': 3}, 'phone': '021-308-4553', 'cell': '081-352-0865', 'id': {'name': 'PPS', 'value': '1066812T'}, 'picture': {'large': 'https://randomuser.me/api/portraits/men/42.jpg', 'medium': 'https://randomuser.me/api/portraits/med/men/42.jpg', 'thumbnail': 'https://randomuser.me/api/portraits/thumb/men/42.jpg'}, 'nat': 'IE'}</msg>
<arg>${json_data['results'][0]}</arg>
<doc>Logs the given message with the given level.</doc>
<status status="PASS" start="2024-07-12T02:32:21.365177" elapsed="0.000389"/>
</kw>
<kw name="Log" owner="BuiltIn">
<msg time="2024-07-12T02:32:21.366030" level="INFO">location</msg>
<arg>${key}</arg>
<doc>Logs the given message with the given level.</doc>
<status status="PASS" start="2024-07-12T02:32:21.365904" elapsed="0.000163"/>
</kw>
<var name="${key}">location</var>
<status status="PASS" start="2024-07-12T02:32:21.364519" elapsed="0.001762"/>
</iter>
<iter>
<kw name="Dictionary Should Contain Key" owner="Collections">
<arg>${json_data['results'][0]}</arg>
<arg>${key}</arg>
<doc>Fails if ``key`` is not found from ``dictionary``.</doc>
<status status="PASS" start="2024-07-12T02:32:21.366594" elapsed="0.000385"/>
</kw>
<kw name="Log" owner="BuiltIn">
<msg time="2024-07-12T02:32:21.367533" level="INFO">{'gender': 'male', 'name': {'title': 'Mr', 'first': 'Leonard', 'last': 'Harrison'}, 'location': {'street': {'number': 8099, 'name': 'New Street'}, 'city': 'Westport', 'state': 'Galway City', 'country': 'Ireland', 'postcode': 90510, 'coordinates': {'latitude': '-3.9665', 'longitude': '-9.2569'}, 'timezone': {'offset': '-7:00', 'description': 'Mountain Time (US &amp; Canada)'}}, 'email': 'leonard.harrison@example.com', 'login': {'uuid': '963c7f5e-82a6-41d1-8bb8-b0f6250d7885', 'username': 'sadleopard738', 'password': 'qazqaz', 'salt': 'FjPzfYfF', 'md5': 'ec665450f1295c95dc412b48731377bd', 'sha1': '9719310d28b7f8ba59860e960d24047d3a43c705', 'sha256': '18cb8bcbe36446276540977d7860906f0a2952450fb74e1b8ee118e03f433954'}, 'dob': {'date': '1947-03-09T20:12:52.596Z', 'age': 77}, 'registered': {'date': '2021-06-12T23:19:30.669Z', 'age': 3}, 'phone': '021-308-4553', 'cell': '081-352-0865', 'id': {'name': 'PPS', 'value': '1066812T'}, 'picture': {'large': 'https://randomuser.me/api/portraits/men/42.jpg', 'medium': 'https://randomuser.me/api/portraits/med/men/42.jpg', 'thumbnail': 'https://randomuser.me/api/portraits/thumb/men/42.jpg'}, 'nat': 'IE'}</msg>
<arg>${json_data['results'][0]}</arg>
<doc>Logs the given message with the given level.</doc>
<status status="PASS" start="2024-07-12T02:32:21.367185" elapsed="0.000397"/>
</kw>
<kw name="Log" owner="BuiltIn">
<msg time="2024-07-12T02:32:21.368002" level="INFO">email</msg>
<arg>${key}</arg>
<doc>Logs the given message with the given level.</doc>
<status status="PASS" start="2024-07-12T02:32:21.367873" elapsed="0.000166"/>
</kw>
<var name="${key}">email</var>
<status status="PASS" start="2024-07-12T02:32:21.366487" elapsed="0.001767"/>
</iter>
<iter>
<kw name="Dictionary Should Contain Key" owner="Collections">
<arg>${json_data['results'][0]}</arg>
<arg>${key}</arg>
<doc>Fails if ``key`` is not found from ``dictionary``.</doc>
<status status="PASS" start="2024-07-12T02:32:21.368553" elapsed="0.000377"/>
</kw>
<kw name="Log" owner="BuiltIn">
<msg time="2024-07-12T02:32:21.369448" level="INFO">{'gender': 'male', 'name': {'title': 'Mr', 'first': 'Leonard', 'last': 'Harrison'}, 'location': {'street': {'number': 8099, 'name': 'New Street'}, 'city': 'Westport', 'state': 'Galway City', 'country': 'Ireland', 'postcode': 90510, 'coordinates': {'latitude': '-3.9665', 'longitude': '-9.2569'}, 'timezone': {'offset': '-7:00', 'description': 'Mountain Time (US &amp; Canada)'}}, 'email': 'leonard.harrison@example.com', 'login': {'uuid': '963c7f5e-82a6-41d1-8bb8-b0f6250d7885', 'username': 'sadleopard738', 'password': 'qazqaz', 'salt': 'FjPzfYfF', 'md5': 'ec665450f1295c95dc412b48731377bd', 'sha1': '9719310d28b7f8ba59860e960d24047d3a43c705', 'sha256': '18cb8bcbe36446276540977d7860906f0a2952450fb74e1b8ee118e03f433954'}, 'dob': {'date': '1947-03-09T20:12:52.596Z', 'age': 77}, 'registered': {'date': '2021-06-12T23:19:30.669Z', 'age': 3}, 'phone': '021-308-4553', 'cell': '081-352-0865', 'id': {'name': 'PPS', 'value': '1066812T'}, 'picture': {'large': 'https://randomuser.me/api/portraits/men/42.jpg', 'medium': 'https://randomuser.me/api/portraits/med/men/42.jpg', 'thumbnail': 'https://randomuser.me/api/portraits/thumb/men/42.jpg'}, 'nat': 'IE'}</msg>
<arg>${json_data['results'][0]}</arg>
<doc>Logs the given message with the given level.</doc>
<status status="PASS" start="2024-07-12T02:32:21.369108" elapsed="0.000386"/>
</kw>
<kw name="Log" owner="BuiltIn">
<msg time="2024-07-12T02:32:21.369938" level="INFO">login</msg>
<arg>${key}</arg>
<doc>Logs the given message with the given level.</doc>
<status status="PASS" start="2024-07-12T02:32:21.369812" elapsed="0.000163"/>
</kw>
<var name="${key}">login</var>
<status status="PASS" start="2024-07-12T02:32:21.368438" elapsed="0.001769"/>
</iter>
<var>${key}</var>
<value>@{expected_keys}</value>
<status status="PASS" start="2024-07-12T02:32:21.360394" elapsed="0.009932"/>
</for>
<kw name="Create List" owner="BuiltIn">
<msg time="2024-07-12T02:32:21.370705" level="INFO">${expected_keysTwo} = ['username', 'password']</msg>
<var>${expected_keysTwo}</var>
<arg>username</arg>
<arg>password</arg>
<doc>Returns a list containing given items.</doc>
<status status="PASS" start="2024-07-12T02:32:21.370548" elapsed="0.000209"/>
</kw>
<for flavor="IN">
<iter>
<kw name="Dictionary Should Contain Key" owner="Collections">
<arg>${json_data['results'][0]['login']}</arg>
<arg>${keyTwo}</arg>
<doc>Fails if ``key`` is not found from ``dictionary``.</doc>
<status status="PASS" start="2024-07-12T02:32:21.371263" elapsed="0.000387"/>
</kw>
<kw name="Dictionary Should Contain Key" owner="Collections">
<arg>${json_data['results'][0]['login']}</arg>
<arg>${keyTwo}</arg>
<doc>Fails if ``key`` is not found from ``dictionary``.</doc>
<status status="PASS" start="2024-07-12T02:32:21.371830" elapsed="0.000367"/>
</kw>
<kw name="Log" owner="BuiltIn">
<msg time="2024-07-12T02:32:21.372497" level="INFO">username</msg>
<arg>${keyTwo}</arg>
<doc>Logs the given message with the given level.</doc>
<status status="PASS" start="2024-07-12T02:32:21.372376" elapsed="0.000157"/>
</kw>
<var name="${keyTwo}">username</var>
<status status="PASS" start="2024-07-12T02:32:21.371158" elapsed="0.001593"/>
</iter>
<iter>
<kw name="Dictionary Should Contain Key" owner="Collections">
<arg>${json_data['results'][0]['login']}</arg>
<arg>${keyTwo}</arg>
<doc>Fails if ``key`` is not found from ``dictionary``.</doc>
<status status="PASS" start="2024-07-12T02:32:21.373026" elapsed="0.000384"/>
</kw>
<kw name="Dictionary Should Contain Key" owner="Collections">
<arg>${json_data['results'][0]['login']}</arg>
<arg>${keyTwo}</arg>
<doc>Fails if ``key`` is not found from ``dictionary``.</doc>
<status status="PASS" start="2024-07-12T02:32:21.373610" elapsed="0.000372"/>
</kw>
<kw name="Log" owner="BuiltIn">
<msg time="2024-07-12T02:32:21.374278" level="INFO">password</msg>
<arg>${keyTwo}</arg>
<doc>Logs the given message with the given level.</doc>
<status status="PASS" start="2024-07-12T02:32:21.374159" elapsed="0.000162"/>
</kw>
<var name="${keyTwo}">password</var>
<status status="PASS" start="2024-07-12T02:32:21.372922" elapsed="0.001715"/>
</iter>
<var>${keyTwo}</var>
<value>@{expected_keysTwo}</value>
<status status="PASS" start="2024-07-12T02:32:21.371004" elapsed="0.003753"/>
</for>
<status status="PASS" start="2024-07-12T02:32:21.254666" elapsed="0.120233"/>
</kw>
<doc>Testa a estrutura da resposta da API.</doc>
<tag>testeEstruturaResposta</tag>
<status status="PASS" start="2024-07-12T02:32:21.254118" elapsed="0.120935"/>
</test>
<test id="s1-s1-t4" name="Validar tipos de dados" line="28">
<kw name="Teste de Tipos de Dados" owner="random-user-service">
<kw name="GET On Session" owner="RequestsLibrary">
<msg time="2024-07-12T02:32:21.687670" level="INFO">GET Request : url=https://randomuser.me/api 
 path_url=/api 
 headers={'User-Agent': 'python-requests/2.32.3', 'Accept-Encoding': 'gzip, deflate', 'Accept': '*/*', 'Connection': 'keep-alive'} 
 body=None 
 </msg>
<msg time="2024-07-12T02:32:21.687769" level="INFO">GET Response : url=https://randomuser.me/api 
 status=200, reason=OK 
 headers={'Date': 'Fri, 12 Jul 2024 02:32:21 GMT', 'Content-Type': 'application/json; charset=utf-8', 'Transfer-Encoding': 'chunked', 'Connection': 'keep-alive', 'X-Powered-By': 'Express', 'Access-Control-Allow-Origin': '*', 'Cache-Control': 'no-cache', 'ETag': 'W/"481-SVsr9i6oQnbnek7T2P65bcQvMI0"', 'Vary': 'Accept-Encoding', 'Content-Encoding': 'gzip', 'CF-Cache-Status': 'DYNAMIC', 'Report-To': '{"endpoints":[{"url":"https:\\/\\/a.nel.cloudflare.com\\/report\\/v4?s=RaQ3F%2BCaXgFkMzCO5Uv1%2Fvv3WIGB0hcYYSA4B3b9WdrQOBF1ZHD3ZK2nTX3zzSrGLxXU42Ov8h8LUzrevDsR8IZHxMqX1E9u%2BEYXXdBS1kZNg5ixeDqESmFkKEMv6WFG"}],"group":"cf-nel","max_age":604800}', 'NEL': '{"success_fraction":0,"report_to":"cf-nel","max_age":604800}', 'Server': 'cloudflare', 'CF-RAY': '8a1d9f4d9f951692-SJC', 'alt-svc': 'h3=":443"; ma=86400'} 
 body={"results":[{"gender":"female","name":{"title":"Ms","first":"Alba","last":"Benítez"},"location":{"street":{"number":8075,"name":"Calle de Argumosa"},"city":"Barcelona","state":"La Rioja","country":"Spain","postcode":26731,"coordinates":{"latitude":"-35.5995","longitude":"149.7738"},"timezone":{"offset":"-3:30","description":"Newfoundland"}},"email":"alba.benitez@example.com","login":{"uuid":"00c4c51c-262c-4264-86e4-10f5d38f8eb6","username":"brownbutterfly153","password":"tttttt","salt":"ykYhAqIz","md5":"0ad251160dffc4c04037b4cdf101be3f","sha1":"5470af610f03a730e82435ca2183c17dfc64232f","sha256":"c441317e59bf3610f3aa809090ad2c8e096101149a979df41f6e28d56618586b"},"dob":{"date":"2000-05-20T01:13:29.658Z","age":24},"registered":{"date":"2009-07-30T14:29:14.706Z","age":14},"phone":"925-959-746","cell":"617-852-918","id":{"name":"DNI","value":"84641188-H"},"picture":{"large":"https://randomuser.me/api/portraits/women/81.jpg","medium":"https://randomuser.me/api/portraits/med/women/81.jpg","thumbnail":"https://randomuser.me/api/portraits/thumb/women/81.jpg"},"nat":"ES"}],"info":{"seed":"59a1e57ff7b01c3c","results":1,"page":1,"version":"1.4"}} 
 </msg>
<msg time="2024-07-12T02:32:21.687840" level="INFO">/opt/hostedtoolcache/Python/3.12.4/x64/lib/python3.12/site-packages/urllib3/connectionpool.py:1099: InsecureRequestWarning: Unverified HTTPS request is being made to host 'randomuser.me'. Adding certificate verification is strongly advised. See: https://urllib3.readthedocs.io/en/latest/advanced-usage.html#tls-warnings
  warnings.warn(</msg>
<msg time="2024-07-12T02:32:21.687961" level="INFO">${response} = &lt;Response [200]&gt;</msg>
<var>${response}</var>
<arg>consultarAPI</arg>
<arg>/api</arg>
<doc>Sends a GET request on a previously created HTTP Session.</doc>
<status status="PASS" start="2024-07-12T02:32:21.377492" elapsed="0.310509"/>
</kw>
<kw name="Set Variable" owner="BuiltIn">
<msg time="2024-07-12T02:32:21.689224" level="INFO">${json_data} = {'results': [{'gender': 'female', 'name': {'title': 'Ms', 'first': 'Alba', 'last': 'Benítez'}, 'location': {'street': {'number': 8075, 'name': 'Calle de Argumosa'}, 'city': 'Barcelona', 'state': 'La R...</msg>
<var>${json_data}</var>
<arg>${response.json()}</arg>
<doc>Returns the given values which can then be assigned to a variables.</doc>
<status status="PASS" start="2024-07-12T02:32:21.688650" elapsed="0.000604"/>
</kw>
<kw name="Log" owner="BuiltIn">
<msg time="2024-07-12T02:32:21.689769" level="INFO">{'results': [{'gender': 'female', 'name': {'title': 'Ms', 'first': 'Alba', 'last': 'Benítez'}, 'location': {'street': {'number': 8075, 'name': 'Calle de Argumosa'}, 'city': 'Barcelona', 'state': 'La Rioja', 'country': 'Spain', 'postcode': 26731, 'coordinates': {'latitude': '-35.5995', 'longitude': '149.7738'}, 'timezone': {'offset': '-3:30', 'description': 'Newfoundland'}}, 'email': 'alba.benitez@example.com', 'login': {'uuid': '00c4c51c-262c-4264-86e4-10f5d38f8eb6', 'username': 'brownbutterfly153', 'password': 'tttttt', 'salt': 'ykYhAqIz', 'md5': '0ad251160dffc4c04037b4cdf101be3f', 'sha1': '5470af610f03a730e82435ca2183c17dfc64232f', 'sha256': 'c441317e59bf3610f3aa809090ad2c8e096101149a979df41f6e28d56618586b'}, 'dob': {'date': '2000-05-20T01:13:29.658Z', 'age': 24}, 'registered': {'date': '2009-07-30T14:29:14.706Z', 'age': 14}, 'phone': '925-959-746', 'cell': '617-852-918', 'id': {'name': 'DNI', 'value': '84641188-H'}, 'picture': {'large': 'https://randomuser.me/api/portraits/women/81.jpg', 'medium': 'https://randomuser.me/api/portraits/med/women/81.jpg', 'thumbnail': 'https://randomuser.me/api/portraits/thumb/women/81.jpg'}, 'nat': 'ES'}], 'info': {'seed': '59a1e57ff7b01c3c', 'results': 1, 'page': 1, 'version': '1.4'}}</msg>
<arg>${json_data}</arg>
<doc>Logs the given message with the given level.</doc>
<status status="PASS" start="2024-07-12T02:32:21.689566" elapsed="0.000252"/>
</kw>
<kw name="Should Be String" owner="String">
<arg>${json_data['results'][0]['gender']}</arg>
<doc>Fails if the given ``item`` is not a string.</doc>
<status status="PASS" start="2024-07-12T02:32:21.690110" elapsed="0.000362"/>
</kw>
<kw name="Should Match Regexp" owner="BuiltIn">
<arg>${json_data['results'][0]['email']}</arg>
<arg>^[a-zA-Z0-9._%+-]+@[a-zA-Z0-9.-]+\.[a-zA-Z]{2,}$</arg>
<doc>Fails if ``string`` does not match ``pattern`` as a regular expression.</doc>
<status status="PASS" start="2024-07-12T02:32:21.690659" elapsed="0.000508"/>
</kw>
<kw name="Should Match Regexp" owner="BuiltIn">
<arg>${json_data['results'][0]['dob']['date']}</arg>
<arg>\\d{4}-\\d{2}-\\d{2}T\\d{2}:\\d{2}:\\d{2}\\.\\d{3}Z</arg>
<doc>Fails if ``string`` does not match ``pattern`` as a regular expression.</doc>
<status status="PASS" start="2024-07-12T02:32:21.691396" elapsed="0.000489"/>
</kw>
<kw name="Should Match Regexp" owner="BuiltIn">
<arg>${json_data['results'][0]['registered']['date']}</arg>
<arg>\\d{4}-\\d{2}-\\d{2}T\\d{2}:\\d{2}:\\d{2}\\.\\d{3}Z</arg>
<doc>Fails if ``string`` does not match ``pattern`` as a regular expression.</doc>
<status status="PASS" start="2024-07-12T02:32:21.692073" elapsed="0.000363"/>
</kw>
<kw name="Should Match Regexp" owner="BuiltIn">
<arg>${json_data['results'][0]['picture']['large']}</arg>
<arg>^https?://.*\.(?:png|jpe?g|gif|bmp)$</arg>
<doc>Fails if ``string`` does not match ``pattern`` as a regular expression.</doc>
<status status="PASS" start="2024-07-12T02:32:21.692620" elapsed="0.000448"/>
</kw>
<kw name="Should Match Regexp" owner="BuiltIn">
<arg>${json_data['results'][0]['picture']['medium']}</arg>
<arg>^https?://.*\.(?:png|jpe?g|gif|bmp)$</arg>
<doc>Fails if ``string`` does not match ``pattern`` as a regular expression.</doc>
<status status="PASS" start="2024-07-12T02:32:21.693253" elapsed="0.000371"/>
</kw>
<kw name="Should Match Regexp" owner="BuiltIn">
<arg>${json_data['results'][0]['picture']['thumbnail']}</arg>
<arg>^https?://.*\.(?:png|jpe?g|gif|bmp)$</arg>
<doc>Fails if ``string`` does not match ``pattern`` as a regular expression.</doc>
<status status="PASS" start="2024-07-12T02:32:21.693808" elapsed="0.000347"/>
</kw>
<kw name="Log" owner="BuiltIn">
<msg time="2024-07-12T02:32:21.694659" level="INFO">{'large': 'https://randomuser.me/api/portraits/women/81.jpg', 'medium': 'https://randomuser.me/api/portraits/med/women/81.jpg', 'thumbnail': 'https://randomuser.me/api/portraits/thumb/women/81.jpg'}</msg>
<arg>${json_data['results'][0]['picture']}</arg>
<doc>Logs the given message with the given level.</doc>
<status status="PASS" start="2024-07-12T02:32:21.694335" elapsed="0.000371"/>
</kw>
<status status="PASS" start="2024-07-12T02:32:21.377269" elapsed="0.317697"/>
</kw>
<kw name="Teste de Tipos de Dados - Postcode" owner="random-user-service">
<kw name="GET On Session" owner="RequestsLibrary">
<msg time="2024-07-12T02:32:21.785501" level="INFO">GET Request : url=https://randomuser.me/api 
 path_url=/api 
 headers={'User-Agent': 'python-requests/2.32.3', 'Accept-Encoding': 'gzip, deflate', 'Accept': '*/*', 'Connection': 'keep-alive'} 
 body=None 
 </msg>
<msg time="2024-07-12T02:32:21.785583" level="INFO">GET Response : url=https://randomuser.me/api 
 status=200, reason=OK 
 headers={'Date': 'Fri, 12 Jul 2024 02:32:21 GMT', 'Content-Type': 'application/json; charset=utf-8', 'Transfer-Encoding': 'chunked', 'Connection': 'keep-alive', 'X-Powered-By': 'Express', 'Access-Control-Allow-Origin': '*', 'Cache-Control': 'no-cache', 'ETag': 'W/"47b-C+W782fsr/8tv8QmCbqXxP8GwuI"', 'Vary': 'Accept-Encoding', 'Content-Encoding': 'gzip', 'CF-Cache-Status': 'DYNAMIC', 'Report-To': '{"endpoints":[{"url":"https:\\/\\/a.nel.cloudflare.com\\/report\\/v4?s=9CyVK14mevX1bpM30nP7c%2FZxqzKPxU6EJX1%2FXK99xxFu0ItBUvIPQ3k0ofSrNQiYOrnqaelgcQKPuwidVkP5NhXRkcUi4x7%2FR88sDv2ZpwkWcCN59ZHcrawoiZLHWdRu"}],"group":"cf-nel","max_age":604800}', 'NEL': '{"success_fraction":0,"report_to":"cf-nel","max_age":604800}', 'Server': 'cloudflare', 'CF-RAY': '8a1d9f4f999e1692-SJC', 'alt-svc': 'h3=":443"; ma=86400'} 
 body={"results":[{"gender":"female","name":{"title":"Mrs","first":"Suzy","last":"Anderson"},"location":{"street":{"number":3312,"name":"Mill Lane"},"city":"Carrickmacross","state":"Cork City","country":"Ireland","postcode":80311,"coordinates":{"latitude":"3.2935","longitude":"127.1168"},"timezone":{"offset":"+5:45","description":"Kathmandu"}},"email":"suzy.anderson@example.com","login":{"uuid":"e06c5622-cc3d-47ca-a0c8-3e7362ca9c2a","username":"orangeduck920","password":"ricardo","salt":"Wm2BWPya","md5":"b1cddc07a7729b6a4ce25255ba064a07","sha1":"6eefbeab26380f41fd8a0f182466563c8cc6b0fb","sha256":"6b530afa6836f457ea604d7a6989b817b48d8cacf73ab709b16c1f95ed51b9a5"},"dob":{"date":"1972-09-17T11:58:32.868Z","age":51},"registered":{"date":"2006-04-29T11:05:45.389Z","age":18},"phone":"011-765-7162","cell":"081-568-5331","id":{"name":"PPS","value":"3556490T"},"picture":{"large":"https://randomuser.me/api/portraits/women/37.jpg","medium":"https://randomuser.me/api/portraits/med/women/37.jpg","thumbnail":"https://randomuser.me/api/portraits/thumb/women/37.jpg"},"nat":"IE"}],"info":{"seed":"214f3f9edd6cd384","results":1,"page":1,"version":"1.4"}} 
 </msg>
<msg time="2024-07-12T02:32:21.785669" level="INFO">/opt/hostedtoolcache/Python/3.12.4/x64/lib/python3.12/site-packages/urllib3/connectionpool.py:1099: InsecureRequestWarning: Unverified HTTPS request is being made to host 'randomuser.me'. Adding certificate verification is strongly advised. See: https://urllib3.readthedocs.io/en/latest/advanced-usage.html#tls-warnings
  warnings.warn(</msg>
<msg time="2024-07-12T02:32:21.785773" level="INFO">${response} = &lt;Response [200]&gt;</msg>
<var>${response}</var>
<arg>consultarAPI</arg>
<arg>/api</arg>
<doc>Sends a GET request on a previously created HTTP Session.</doc>
<status status="PASS" start="2024-07-12T02:32:21.695417" elapsed="0.090396"/>
</kw>
<kw name="Set Variable" owner="BuiltIn">
<msg time="2024-07-12T02:32:21.786863" level="INFO">${json_data} = {'results': [{'gender': 'female', 'name': {'title': 'Mrs', 'first': 'Suzy', 'last': 'Anderson'}, 'location': {'street': {'number': 3312, 'name': 'Mill Lane'}, 'city': 'Carrickmacross', 'state': 'Cork ...</msg>
<var>${json_data}</var>
<arg>${response.json()}</arg>
<doc>Returns the given values which can then be assigned to a variables.</doc>
<status status="PASS" start="2024-07-12T02:32:21.786291" elapsed="0.000601"/>
</kw>
<kw name="Log" owner="BuiltIn">
<msg time="2024-07-12T02:32:21.787355" level="INFO">{'results': [{'gender': 'female', 'name': {'title': 'Mrs', 'first': 'Suzy', 'last': 'Anderson'}, 'location': {'street': {'number': 3312, 'name': 'Mill Lane'}, 'city': 'Carrickmacross', 'state': 'Cork City', 'country': 'Ireland', 'postcode': 80311, 'coordinates': {'latitude': '3.2935', 'longitude': '127.1168'}, 'timezone': {'offset': '+5:45', 'description': 'Kathmandu'}}, 'email': 'suzy.anderson@example.com', 'login': {'uuid': 'e06c5622-cc3d-47ca-a0c8-3e7362ca9c2a', 'username': 'orangeduck920', 'password': 'ricardo', 'salt': 'Wm2BWPya', 'md5': 'b1cddc07a7729b6a4ce25255ba064a07', 'sha1': '6eefbeab26380f41fd8a0f182466563c8cc6b0fb', 'sha256': '6b530afa6836f457ea604d7a6989b817b48d8cacf73ab709b16c1f95ed51b9a5'}, 'dob': {'date': '1972-09-17T11:58:32.868Z', 'age': 51}, 'registered': {'date': '2006-04-29T11:05:45.389Z', 'age': 18}, 'phone': '011-765-7162', 'cell': '081-568-5331', 'id': {'name': 'PPS', 'value': '3556490T'}, 'picture': {'large': 'https://randomuser.me/api/portraits/women/37.jpg', 'medium': 'https://randomuser.me/api/portraits/med/women/37.jpg', 'thumbnail': 'https://randomuser.me/api/portraits/thumb/women/37.jpg'}, 'nat': 'IE'}], 'info': {'seed': '214f3f9edd6cd384', 'results': 1, 'page': 1, 'version': '1.4'}}</msg>
<arg>${json_data}</arg>
<doc>Logs the given message with the given level.</doc>
<status status="PASS" start="2024-07-12T02:32:21.787198" elapsed="0.000204"/>
</kw>
<kw name="Should Be Equal As Numbers" owner="BuiltIn">
<arg>${json_data['results'][0]['location']['postcode']}</arg>
<arg>${json_data['results'][0]['location']['postcode']}</arg>
<doc>Fails if objects are unequal after converting them to real numbers.</doc>
<status status="PASS" start="2024-07-12T02:32:21.787692" elapsed="0.000621"/>
</kw>
<kw name="Log" owner="BuiltIn">
<msg time="2024-07-12T02:32:21.788975" level="INFO">80311</msg>
<arg>${json_data['results'][0]['location']['postcode']}</arg>
<doc>Logs the given message with the given level.</doc>
<status status="PASS" start="2024-07-12T02:32:21.788500" elapsed="0.000517"/>
</kw>
<status status="PASS" start="2024-07-12T02:32:21.695194" elapsed="0.094107"/>
</kw>
<doc>Testa se os tipos de dados na resposta da API estão corretos.</doc>
<tag>testeTiposDados</tag>
<status status="PASS" start="2024-07-12T02:32:21.376816" elapsed="0.412674"/>
</test>
<test id="s1-s1-t5" name="Validar conteudo" line="35">
<kw name="Teste de Tipos de Conteudo" owner="random-user-service">
<kw name="GET On Session" owner="RequestsLibrary">
<msg time="2024-07-12T02:32:21.997993" level="INFO">GET Request : url=https://randomuser.me/api 
 path_url=/api 
 headers={'User-Agent': 'python-requests/2.32.3', 'Accept-Encoding': 'gzip, deflate', 'Accept': '*/*', 'Connection': 'keep-alive'} 
 body=None 
 </msg>
<msg time="2024-07-12T02:32:21.998102" level="INFO">GET Response : url=https://randomuser.me/api 
 status=200, reason=OK 
 headers={'Date': 'Fri, 12 Jul 2024 02:32:21 GMT', 'Content-Type': 'application/json; charset=utf-8', 'Transfer-Encoding': 'chunked', 'Connection': 'keep-alive', 'X-Powered-By': 'Express', 'Access-Control-Allow-Origin': '*', 'Cache-Control': 'no-cache', 'ETag': 'W/"46b-vybjJzEhxEFsSzS5r8l42S/2zxU"', 'Vary': 'Accept-Encoding', 'Content-Encoding': 'gzip', 'CF-Cache-Status': 'DYNAMIC', 'Report-To': '{"endpoints":[{"url":"https:\\/\\/a.nel.cloudflare.com\\/report\\/v4?s=qhWXgAG3azJuULqoE3pj%2ByKYUxjjPDDYfuDi9kYw15w8JEDSDC4xjy1uPtEk6ndQm2CwM9dgL%2Bb%2BnuTQYlaiU4TujJU02MKMa6KVYINcTRClpEvPL1iBpBulhW0VhJJN"}],"group":"cf-nel","max_age":604800}', 'NEL': '{"success_fraction":0,"report_to":"cf-nel","max_age":604800}', 'Server': 'cloudflare', 'CF-RAY': '8a1d9f503a2d1692-SJC', 'alt-svc': 'h3=":443"; ma=86400'} 
 body={"results":[{"gender":"male","name":{"title":"Mr","first":"Biloslav","last":"Brodackiy"},"location":{"street":{"number":7353,"name":"Lyagina"},"city":"Pochayiv","state":"Donecka","country":"Ukraine","postcode":46337,"coordinates":{"latitude":"80.1552","longitude":"-169.4095"},"timezone":{"offset":"+5:45","description":"Kathmandu"}},"email":"biloslav.brodackiy@example.com","login":{"uuid":"11cb8b26-39c8-4b0c-8f28-1e5fcafd2f4b","username":"biglion191","password":"vh5150","salt":"oKYHTdVW","md5":"c106450417fe2b08140c12574846c4cb","sha1":"eb9932ba7eb0404fdac22a82dcae6c6c8c19e8eb","sha256":"0a396b9b8283868345e9b1b70a40f571c880941ee77333c7b1ec3ec972b4c220"},"dob":{"date":"1995-04-08T07:24:12.950Z","age":29},"registered":{"date":"2008-11-07T21:59:29.708Z","age":15},"phone":"(098) Q98-1927","cell":"(067) S08-1470","id":{"name":"","value":null},"picture":{"large":"https://randomuser.me/api/portraits/men/99.jpg","medium":"https://randomuser.me/api/portraits/med/men/99.jpg","thumbnail":"https://randomuser.me/api/portraits/thumb/men/99.jpg"},"nat":"UA"}],"info":{"seed":"80c4a57d47f54d17","results":1,"page":1,"version":"1.4"}} 
 </msg>
<msg time="2024-07-12T02:32:21.998183" level="INFO">/opt/hostedtoolcache/Python/3.12.4/x64/lib/python3.12/site-packages/urllib3/connectionpool.py:1099: InsecureRequestWarning: Unverified HTTPS request is being made to host 'randomuser.me'. Adding certificate verification is strongly advised. See: https://urllib3.readthedocs.io/en/latest/advanced-usage.html#tls-warnings
  warnings.warn(</msg>
<msg time="2024-07-12T02:32:21.998307" level="INFO">${response} = &lt;Response [200]&gt;</msg>
<var>${response}</var>
<arg>consultarAPI</arg>
<arg>/api</arg>
<doc>Sends a GET request on a previously created HTTP Session.</doc>
<status status="PASS" start="2024-07-12T02:32:21.792425" elapsed="0.205924"/>
</kw>
<kw name="Set Variable" owner="BuiltIn">
<msg time="2024-07-12T02:32:21.999382" level="INFO">${json_data} = {'results': [{'gender': 'male', 'name': {'title': 'Mr', 'first': 'Biloslav', 'last': 'Brodackiy'}, 'location': {'street': {'number': 7353, 'name': 'Lyagina'}, 'city': 'Pochayiv', 'state': 'Donecka', '...</msg>
<var>${json_data}</var>
<arg>${response.json()}</arg>
<doc>Returns the given values which can then be assigned to a variables.</doc>
<status status="PASS" start="2024-07-12T02:32:21.998870" elapsed="0.000540"/>
</kw>
<kw name="Set Variable" owner="BuiltIn">
<msg time="2024-07-12T02:32:22.000114" level="INFO">${name_title} = Mr</msg>
<var>${name_title}</var>
<arg>${json_data["results"][0]["name"]["title"]}</arg>
<doc>Returns the given values which can then be assigned to a variables.</doc>
<status status="PASS" start="2024-07-12T02:32:21.999717" elapsed="0.000423"/>
</kw>
<kw name="Create List" owner="BuiltIn">
<msg time="2024-07-12T02:32:22.000585" level="INFO">${allowed_titles} = ['Mr', 'Ms', 'Miss', 'Mrs', 'Madame', 'Monsieur']</msg>
<var>${allowed_titles}</var>
<arg>Mr</arg>
<arg>Ms</arg>
<arg>Miss</arg>
<arg>Mrs</arg>
<arg>Madame</arg>
<arg>Monsieur</arg>
<doc>Returns a list containing given items.</doc>
<status status="PASS" start="2024-07-12T02:32:22.000437" elapsed="0.000173"/>
</kw>
<kw name="List Should Contain Value" owner="Collections">
<arg>${allowed_titles}</arg>
<arg>${name_title}</arg>
<doc>Fails if the ``value`` is not found from ``list``.</doc>
<status status="PASS" start="2024-07-12T02:32:22.000910" elapsed="0.000183"/>
</kw>
<kw name="Set Variable" owner="BuiltIn">
<msg time="2024-07-12T02:32:22.001670" level="INFO">${name_country} = UA</msg>
<var>${name_country}</var>
<arg>${json_data["results"][0]["nat"]}</arg>
<doc>Returns the given values which can then be assigned to a variables.</doc>
<status status="PASS" start="2024-07-12T02:32:22.001271" elapsed="0.000426"/>
</kw>
<kw name="Create List" owner="BuiltIn">
<msg time="2024-07-12T02:32:22.002574" level="INFO">${list_country} = ['AD', 'AE', 'AF', 'AG', 'AI', 'AL', 'AM', 'AO', 'AQ', 'AR', 'AS', 'AT', 'AU', 'AW', 'AX', 'AZ', 'BA', 'BB', 'BD', 'BE', 'BF', 'BG', 'BH', 'BI', 'BJ', 'BL', 'BM', 'BN', 'BO', 'BQ', 'BR', 'BS', 'BT', '...</msg>
<var>${list_country}</var>
<arg>AD</arg>
<arg>AE</arg>
<arg>AF</arg>
<arg>AG</arg>
<arg>AI</arg>
<arg>AL</arg>
<arg>AM</arg>
<arg>AO</arg>
<arg>AQ</arg>
<arg>AR</arg>
<arg>AS</arg>
<arg>AT</arg>
<arg>AU</arg>
<arg>AW</arg>
<arg>AX</arg>
<arg>AZ</arg>
<arg>BA</arg>
<arg>BB</arg>
<arg>BD</arg>
<arg>BE</arg>
<arg>BF</arg>
<arg>BG</arg>
<arg>BH</arg>
<arg>BI</arg>
<arg>BJ</arg>
<arg>BL</arg>
<arg>BM</arg>
<arg>BN</arg>
<arg>BO</arg>
<arg>BQ</arg>
<arg>BR</arg>
<arg>BS</arg>
<arg>BT</arg>
<arg>BV</arg>
<arg>BW</arg>
<arg>BY</arg>
<arg>BZ</arg>
<arg>CA</arg>
<arg>CC</arg>
<arg>CD</arg>
<arg>CF</arg>
<arg>CG</arg>
<arg>CH</arg>
<arg>CI</arg>
<arg>CK</arg>
<arg>CL</arg>
<arg>CM</arg>
<arg>CN</arg>
<arg>CO</arg>
<arg>CR</arg>
<arg>CU</arg>
<arg>CV</arg>
<arg>CW</arg>
<arg>CX</arg>
<arg>CY</arg>
<arg>CZ</arg>
<arg>DE</arg>
<arg>DJ</arg>
<arg>DK</arg>
<arg>DM</arg>
<arg>DO</arg>
<arg>DZ</arg>
<arg>EC</arg>
<arg>EE</arg>
<arg>EG</arg>
<arg>EH</arg>
<arg>ER</arg>
<arg>ES</arg>
<arg>ET</arg>
<arg>FI</arg>
<arg>FJ</arg>
<arg>FK</arg>
<arg>FM</arg>
<arg>FO</arg>
<arg>FR</arg>
<arg>GA</arg>
<arg>GB</arg>
<arg>GD</arg>
<arg>GE</arg>
<arg>GF</arg>
<arg>GG</arg>
<arg>GH</arg>
<arg>GI</arg>
<arg>GL</arg>
<arg>GM</arg>
<arg>GN</arg>
<arg>GP</arg>
<arg>GQ</arg>
<arg>GR</arg>
<arg>GS</arg>
<arg>GT</arg>
<arg>GU</arg>
<arg>GW</arg>
<arg>GY</arg>
<arg>HK</arg>
<arg>HM</arg>
<arg>HN</arg>
<arg>HR</arg>
<arg>HT</arg>
<arg>HU</arg>
<arg>ID</arg>
<arg>IE</arg>
<arg>IL</arg>
<arg>IM</arg>
<arg>IN</arg>
<arg>IO</arg>
<arg>IQ</arg>
<arg>IR</arg>
<arg>IS</arg>
<arg>IT</arg>
<arg>JE</arg>
<arg>JM</arg>
<arg>JO</arg>
<arg>JP</arg>
<arg>KE</arg>
<arg>KG</arg>
<arg>KH</arg>
<arg>KI</arg>
<arg>KM</arg>
<arg>KN</arg>
<arg>KP</arg>
<arg>KR</arg>
<arg>KW</arg>
<arg>KY</arg>
<arg>KZ</arg>
<arg>LA</arg>
<arg>LB</arg>
<arg>LC</arg>
<arg>LI</arg>
<arg>LK</arg>
<arg>LR</arg>
<arg>LS</arg>
<arg>LT</arg>
<arg>LU</arg>
<arg>LV</arg>
<arg>LY</arg>
<arg>MA</arg>
<arg>MC</arg>
<arg>MD</arg>
<arg>ME</arg>
<arg>MF</arg>
<arg>MG</arg>
<arg>MH</arg>
<arg>MK</arg>
<arg>ML</arg>
<arg>MM</arg>
<arg>MN</arg>
<arg>MO</arg>
<arg>MP</arg>
<arg>MQ</arg>
<arg>MR</arg>
<arg>MS</arg>
<arg>MT</arg>
<arg>MU</arg>
<arg>MV</arg>
<arg>MW</arg>
<arg>MX</arg>
<arg>MY</arg>
<arg>MZ</arg>
<arg>NA</arg>
<arg>NC</arg>
<arg>NE</arg>
<arg>NF</arg>
<arg>NG</arg>
<arg>NI</arg>
<arg>NL</arg>
<arg>NO</arg>
<arg>NP</arg>
<arg>NR</arg>
<arg>NU</arg>
<arg>NZ</arg>
<arg>OM</arg>
<arg>PA</arg>
<arg>PE</arg>
<arg>PF</arg>
<arg>PG</arg>
<arg>PH</arg>
<arg>PK</arg>
<arg>PL</arg>
<arg>PM</arg>
<arg>PN</arg>
<arg>PR</arg>
<arg>PS</arg>
<arg>PT</arg>
<arg>PW</arg>
<arg>PY</arg>
<arg>QA</arg>
<arg>RE</arg>
<arg>RO</arg>
<arg>RS</arg>
<arg>RU</arg>
<arg>RW</arg>
<arg>SA</arg>
<arg>SB</arg>
<arg>SC</arg>
<arg>SD</arg>
<arg>SE</arg>
<arg>SG</arg>
<arg>SH</arg>
<arg>SI</arg>
<arg>SJ</arg>
<arg>SK</arg>
<arg>SL</arg>
<arg>SM</arg>
<arg>SN</arg>
<arg>SO</arg>
<arg>SR</arg>
<arg>SS</arg>
<arg>ST</arg>
<arg>SV</arg>
<arg>SX</arg>
<arg>SY</arg>
<arg>SZ</arg>
<arg>TC</arg>
<arg>TD</arg>
<arg>TF</arg>
<arg>TG</arg>
<arg>TH</arg>
<arg>TJ</arg>
<arg>TK</arg>
<arg>TL</arg>
<arg>TM</arg>
<arg>TN</arg>
<arg>TO</arg>
<arg>TR</arg>
<arg>TT</arg>
<arg>TV</arg>
<arg>TW</arg>
<arg>TZ</arg>
<arg>UA</arg>
<arg>UG</arg>
<arg>UM</arg>
<arg>US</arg>
<arg>UY</arg>
<arg>UZ</arg>
<arg>VA</arg>
<arg>VC</arg>
<arg>VE</arg>
<arg>VG</arg>
<arg>VI</arg>
<arg>VN</arg>
<arg>VU</arg>
<arg>WF</arg>
<arg>WS</arg>
<arg>XK</arg>
<arg>YE</arg>
<arg>YT</arg>
<arg>ZA</arg>
<arg>ZM</arg>
<arg>ZW</arg>
<doc>Returns a list containing given items.</doc>
<status status="PASS" start="2024-07-12T02:32:22.001988" elapsed="0.000611"/>
</kw>
<kw name="List Should Contain Value" owner="Collections">
<arg>${list_country}</arg>
<arg>${name_country}</arg>
<doc>Fails if the ``value`` is not found from ``list``.</doc>
<status status="PASS" start="2024-07-12T02:32:22.003395" elapsed="0.000203"/>
</kw>
<kw name="Run Keyword If" owner="BuiltIn">
<kw name="Should Be True" owner="BuiltIn">
<arg>${True}</arg>
<doc>Fails if the given condition is not true.</doc>
<status status="PASS" start="2024-07-12T02:32:22.004534" elapsed="0.000141"/>
</kw>
<arg>${json_data["results"][0]["location"]["coordinates"]["latitude"]} &gt;= -90 and ${json_data["results"][0]["location"]["coordinates"]["latitude"]} &lt;= 90</arg>
<arg>Should Be True</arg>
<arg>${True}</arg>
<doc>Runs the given keyword with the given arguments, if ``condition`` is true.</doc>
<status status="PASS" start="2024-07-12T02:32:22.003794" elapsed="0.001006"/>
</kw>
<kw name="Run Keyword If" owner="BuiltIn">
<kw name="Should Be True" owner="BuiltIn">
<arg>${True}</arg>
<doc>Fails if the given condition is not true.</doc>
<status status="PASS" start="2024-07-12T02:32:22.005698" elapsed="0.000247"/>
</kw>
<arg>${json_data["results"][0]["location"]["coordinates"]["longitude"]} &gt;= -180 and ${json_data["results"][0]["location"]["coordinates"]["longitude"]} &lt;= 180</arg>
<arg>Should Be True</arg>
<arg>${True}</arg>
<doc>Runs the given keyword with the given arguments, if ``condition`` is true.</doc>
<status status="PASS" start="2024-07-12T02:32:22.004977" elapsed="0.001101"/>
</kw>
<status status="PASS" start="2024-07-12T02:32:21.792057" elapsed="0.214156"/>
</kw>
<doc>Testa o conteúdo específico dos campos retornados pela API.</doc>
<tag>testeConteudo</tag>
<status status="PASS" start="2024-07-12T02:32:21.791387" elapsed="0.214982"/>
</test>
<status status="PASS" start="2024-07-12T02:32:20.682437" elapsed="1.325881"/>
</suite>
<status status="PASS" start="2024-07-12T02:32:20.667800" elapsed="1.345523"/>
</suite>
<statistics>
<total>
<stat pass="5" fail="0" skip="0">All Tests</stat>
</total>
<tag>
<stat pass="1" fail="0" skip="0">testeConteudo</stat>
<stat pass="1" fail="0" skip="0">testeEstruturaResposta</stat>
<stat pass="1" fail="0" skip="0">testeRequisicaoBasica</stat>
<stat pass="1" fail="0" skip="0">testeTiposDados</stat>
</tag>
<suite>
<stat pass="5" fail="0" skip="0" id="s1" name="Tests">Tests</stat>
<stat pass="5" fail="0" skip="0" id="s1-s1" name="Random-User-Test">Tests.Random-User-Test</stat>
</suite>
</statistics>
<errors>
</errors>
</robot>
