<?xml version="1.0" encoding="UTF-8"?>
<robot generator="Robot 7.0 (Python 3.12.2 on linux)" generated="2024-04-08T22:15:17.426045" rpa="false" schemaversion="5">
<suite id="s1" name="Tests" source="/home/runner/work/DesafioQAItauRogerioJordao/DesafioQAItauRogerioJordao/RamdonUser/tests">
<suite id="s1-s1" name="Random-User-Test" source="/home/runner/work/DesafioQAItauRogerioJordao/DesafioQAItauRogerioJordao/RamdonUser/tests/random-user-test.robot">
<test id="s1-s1-t1" name="Conectar" line="13">
<kw name="Conectar API" owner="random-user-service">
<kw name="Create Session" owner="RequestsLibrary">
<msg time="2024-04-08T22:15:17.791654" level="INFO">Creating Session using : alias=consultarAPI, url=https://randomuser.me/, headers={},                     cookies={}, auth=None, timeout=None, proxies=None, verify=False,                     debug=0 </msg>
<arg>consultarAPI</arg>
<arg>${URL}</arg>
<doc>Create Session: create a HTTP session to a server</doc>
<status status="PASS" start="2024-04-08T22:15:17.791445" elapsed="0.000404"/>
</kw>
<status status="PASS" start="2024-04-08T22:15:17.790350" elapsed="0.001880"/>
</kw>
<status status="PASS" start="2024-04-08T22:15:17.789674" elapsed="0.002763"/>
</test>
<test id="s1-s1-t2" name="Validar retorno 200 e JSON Válido" line="16">
<kw name="Teste de Requisicao Basica" owner="random-user-service">
<kw name="GET On Session" owner="RequestsLibrary">
<msg time="2024-04-08T22:15:17.850965" level="INFO">GET Request : url=https://randomuser.me/api 
 path_url=/api 
 headers={'User-Agent': 'python-requests/2.31.0', 'Accept-Encoding': 'gzip, deflate', 'Accept': '*/*', 'Connection': 'keep-alive'} 
 body=None 
 </msg>
<msg time="2024-04-08T22:15:17.851112" level="INFO">GET Response : url=https://randomuser.me/api 
 status=200, reason=OK 
 headers={'Date': 'Mon, 08 Apr 2024 22:15:17 GMT', 'Content-Type': 'application/json; charset=utf-8', 'Transfer-Encoding': 'chunked', 'Connection': 'keep-alive', 'X-Powered-By': 'Express', 'Access-Control-Allow-Origin': '*', 'Cache-Control': 'no-cache', 'ETag': 'W/"49d-XtG8hXvI1h90eE3+OsIZFQnMbCA"', 'Vary': 'Accept-Encoding', 'Content-Encoding': 'gzip', 'CF-Cache-Status': 'DYNAMIC', 'Report-To': '{"endpoints":[{"url":"https:\\/\\/a.nel.cloudflare.com\\/report\\/v4?s=I%2FS0Mzqswwjc8oAm2pneAiirmRQ7Ir7r1G2AqZTrBiqJzZrbDTPXeWuYLp5qzUyPLvPV6xE6uBzBz4keX3pPUPOkL2xI3m8pht7OYOMnGnl5qOCpaTkYOTSoxLiTdTkI"}],"group":"cf-nel","max_age":604800}', 'NEL': '{"success_fraction":0,"report_to":"cf-nel","max_age":604800}', 'Server': 'cloudflare', 'CF-RAY': '87159d806daa87b0-IAD', 'alt-svc': 'h3=":443"; ma=86400'} 
 body={"results":[{"gender":"female","name":{"title":"Mrs","first":"Luisa","last":"Jiménez"},"location":{"street":{"number":5700,"name":"Calle de Toledo"},"city":"Ferrol","state":"Castilla y León","country":"Spain","postcode":45778,"coordinates":{"latitude":"-31.3231","longitude":"43.3977"},"timezone":{"offset":"-5:00","description":"Eastern Time (US &amp; Canada), Bogota, Lima"}},"email":"luisa.jimenez@example.com","login":{"uuid":"97a49a45-638e-4d4d-8d85-280a704af942","username":"goldendog600","password":"keepout","salt":"mG5YpYr1","md5":"bb1f80c885ea404c3423cdaa0ca81f54","sha1":"93cba6b0a65ba4598c15934a49f4d49504b8fda9","sha256":"a10d9d7d96383b59137c4341c37d63309864bbb72791285e96cdcd1aacc2f371"},"dob":{"date":"1945-01-19T04:53:29.642Z","age":79},"registered":{"date":"2015-11-18T12:50:49.899Z","age":8},"phone":"902-695-210","cell":"628-996-073","id":{"name":"DNI","value":"46472233-Q"},"picture":{"large":"https://randomuser.me/api/portraits/women/44.jpg","medium":"https://randomuser.me/api/portraits/med/women/44.jpg","thumbnail":"https://randomuser.me/api/portraits/thumb/women/44.jpg"},"nat":"ES"}],"info":{"seed":"959b4ace7fb687f4","results":1,"page":1,"version":"1.4"}} 
 </msg>
<msg time="2024-04-08T22:15:17.851201" level="INFO">/opt/hostedtoolcache/Python/3.12.2/x64/lib/python3.12/site-packages/urllib3/connectionpool.py:1103: InsecureRequestWarning: Unverified HTTPS request is being made to host 'randomuser.me'. Adding certificate verification is strongly advised. See: https://urllib3.readthedocs.io/en/latest/advanced-usage.html#tls-warnings
  warnings.warn(</msg>
<msg time="2024-04-08T22:15:17.851358" level="INFO">${response} = &lt;Response [200]&gt;</msg>
<var>${response}</var>
<arg>consultarAPI</arg>
<arg>/api</arg>
<doc>Sends a GET request on a previously created HTTP Session.</doc>
<status status="PASS" start="2024-04-08T22:15:17.795300" elapsed="0.056096"/>
</kw>
<kw name="Should Be Equal As Numbers" owner="BuiltIn">
<msg time="2024-04-08T22:15:17.852371" level="INFO">Argument types are:
&lt;class 'int'&gt;
&lt;class 'str'&gt;</msg>
<arg>${response.status_code}</arg>
<arg>200</arg>
<doc>Fails if objects are unequal after converting them to real numbers.</doc>
<status status="PASS" start="2024-04-08T22:15:17.851913" elapsed="0.000525"/>
</kw>
<kw name="Log" owner="BuiltIn">
<msg time="2024-04-08T22:15:17.853171" level="INFO">200</msg>
<arg>${response.status_code}</arg>
<doc>Logs the given message with the given level.</doc>
<status status="PASS" start="2024-04-08T22:15:17.852762" elapsed="0.000455"/>
</kw>
<kw name="Set Variable" owner="BuiltIn">
<msg time="2024-04-08T22:15:17.854024" level="INFO">${json_data} = {'results': [{'gender': 'female', 'name': {'title': 'Mrs', 'first': 'Luisa', 'last': 'Jiménez'}, 'location': {'street': {'number': 5700, 'name': 'Calle de Toledo'}, 'city': 'Ferrol', 'state': 'Castill...</msg>
<var>${json_data}</var>
<arg>${response.json()}</arg>
<doc>Returns the given values which can then be assigned to a variables.</doc>
<status status="PASS" start="2024-04-08T22:15:17.853570" elapsed="0.000484"/>
</kw>
<kw name="Dictionary Should Contain Key" owner="Collections">
<msg time="2024-04-08T22:15:17.854541" level="INFO">False</msg>
<arg>${json_data}</arg>
<arg>results</arg>
<doc>Fails if ``key`` is not found from ``dictionary``.</doc>
<status status="PASS" start="2024-04-08T22:15:17.854365" elapsed="0.000216"/>
</kw>
<status status="PASS" start="2024-04-08T22:15:17.795047" elapsed="0.059798"/>
</kw>
<doc>Testa se a API responde corretamente e retorna um objeto JSON válido.</doc>
<tag>testeRequisicaoBasica</tag>
<status status="PASS" start="2024-04-08T22:15:17.794451" elapsed="0.060586"/>
</test>
<test id="s1-s1-t3" name="Validar estrutura de resposta" line="22">
<kw name="Teste de Estrutura de Resposta" owner="random-user-service">
<kw name="GET On Session" owner="RequestsLibrary">
<msg time="2024-04-08T22:15:17.953417" level="INFO">GET Request : url=https://randomuser.me/api 
 path_url=/api 
 headers={'User-Agent': 'python-requests/2.31.0', 'Accept-Encoding': 'gzip, deflate', 'Accept': '*/*', 'Connection': 'keep-alive'} 
 body=None 
 </msg>
<msg time="2024-04-08T22:15:17.953500" level="INFO">GET Response : url=https://randomuser.me/api 
 status=200, reason=OK 
 headers={'Date': 'Mon, 08 Apr 2024 22:15:17 GMT', 'Content-Type': 'application/json; charset=utf-8', 'Transfer-Encoding': 'chunked', 'Connection': 'keep-alive', 'X-Powered-By': 'Express', 'Access-Control-Allow-Origin': '*', 'Cache-Control': 'no-cache', 'ETag': 'W/"48e-RXe5EZpvWu1ArmNaKe/2/I+SBEA"', 'Vary': 'Accept-Encoding', 'Content-Encoding': 'gzip', 'CF-Cache-Status': 'DYNAMIC', 'Report-To': '{"endpoints":[{"url":"https:\\/\\/a.nel.cloudflare.com\\/report\\/v4?s=iU5cVxRpOLgnNMbIePaC1%2BhI%2BwhYHV9q%2FBUoeXLa%2BD857ygoUGICSCcgUKGcfxWg4z7astv5LBhzTNbFBPXPat%2Bgb0C0BpM2iu2kTsGi7n%2FSeGMRf%2B4QWahEHE1iPfI3"}],"group":"cf-nel","max_age":604800}', 'NEL': '{"success_fraction":0,"report_to":"cf-nel","max_age":604800}', 'Server': 'cloudflare', 'CF-RAY': '87159d809e0887b0-IAD', 'alt-svc': 'h3=":443"; ma=86400'} 
 body={"results":[{"gender":"male","name":{"title":"Mr","first":"Nicolás","last":"Arevalo"},"location":{"street":{"number":5822,"name":"Retorno Malta"},"city":"Tuxtepec","state":"Sonora","country":"Mexico","postcode":88265,"coordinates":{"latitude":"23.8255","longitude":"-46.5237"},"timezone":{"offset":"-8:00","description":"Pacific Time (US &amp; Canada)"}},"email":"nicolas.arevalo@example.com","login":{"uuid":"b029eecd-52ff-48ee-8448-75b3971ea574","username":"goldenlion500","password":"costello","salt":"ul79H53G","md5":"5393ba6aa438997b3e6bc685edfee872","sha1":"3ab1a12ced7025c28d2bab13ce5a58f02c72d152","sha256":"f4c3cda222a68970e8c7f228c47890e93c8465bf8eedf2544973da15e5b31d4c"},"dob":{"date":"1965-03-08T07:34:42.880Z","age":59},"registered":{"date":"2016-04-17T04:39:48.793Z","age":7},"phone":"(664) 196 3420","cell":"(683) 572 6720","id":{"name":"NSS","value":"18 80 84 1108 2"},"picture":{"large":"https://randomuser.me/api/portraits/men/21.jpg","medium":"https://randomuser.me/api/portraits/med/men/21.jpg","thumbnail":"https://randomuser.me/api/portraits/thumb/men/21.jpg"},"nat":"MX"}],"info":{"seed":"7e6e446fa1863cae","results":1,"page":1,"version":"1.4"}} 
 </msg>
<msg time="2024-04-08T22:15:17.953638" level="INFO">/opt/hostedtoolcache/Python/3.12.2/x64/lib/python3.12/site-packages/urllib3/connectionpool.py:1103: InsecureRequestWarning: Unverified HTTPS request is being made to host 'randomuser.me'. Adding certificate verification is strongly advised. See: https://urllib3.readthedocs.io/en/latest/advanced-usage.html#tls-warnings
  warnings.warn(</msg>
<msg time="2024-04-08T22:15:17.953779" level="INFO">${response} = &lt;Response [200]&gt;</msg>
<var>${response}</var>
<arg>consultarAPI</arg>
<arg>/api</arg>
<doc>Sends a GET request on a previously created HTTP Session.</doc>
<status status="PASS" start="2024-04-08T22:15:17.858046" elapsed="0.095769"/>
</kw>
<kw name="Set Variable" owner="BuiltIn">
<msg time="2024-04-08T22:15:17.954735" level="INFO">${json_data} = {'results': [{'gender': 'male', 'name': {'title': 'Mr', 'first': 'Nicolás', 'last': 'Arevalo'}, 'location': {'street': {'number': 5822, 'name': 'Retorno Malta'}, 'city': 'Tuxtepec', 'state': 'Sonora',...</msg>
<var>${json_data}</var>
<arg>${response.json()}</arg>
<doc>Returns the given values which can then be assigned to a variables.</doc>
<status status="PASS" start="2024-04-08T22:15:17.954236" elapsed="0.000530"/>
</kw>
<kw name="Log" owner="BuiltIn">
<msg time="2024-04-08T22:15:17.955240" level="INFO">{'results': [{'gender': 'male', 'name': {'title': 'Mr', 'first': 'Nicolás', 'last': 'Arevalo'}, 'location': {'street': {'number': 5822, 'name': 'Retorno Malta'}, 'city': 'Tuxtepec', 'state': 'Sonora', 'country': 'Mexico', 'postcode': 88265, 'coordinates': {'latitude': '23.8255', 'longitude': '-46.5237'}, 'timezone': {'offset': '-8:00', 'description': 'Pacific Time (US &amp; Canada)'}}, 'email': 'nicolas.arevalo@example.com', 'login': {'uuid': 'b029eecd-52ff-48ee-8448-75b3971ea574', 'username': 'goldenlion500', 'password': 'costello', 'salt': 'ul79H53G', 'md5': '5393ba6aa438997b3e6bc685edfee872', 'sha1': '3ab1a12ced7025c28d2bab13ce5a58f02c72d152', 'sha256': 'f4c3cda222a68970e8c7f228c47890e93c8465bf8eedf2544973da15e5b31d4c'}, 'dob': {'date': '1965-03-08T07:34:42.880Z', 'age': 59}, 'registered': {'date': '2016-04-17T04:39:48.793Z', 'age': 7}, 'phone': '(664) 196 3420', 'cell': '(683) 572 6720', 'id': {'name': 'NSS', 'value': '18 80 84 1108 2'}, 'picture': {'large': 'https://randomuser.me/api/portraits/men/21.jpg', 'medium': 'https://randomuser.me/api/portraits/med/men/21.jpg', 'thumbnail': 'https://randomuser.me/api/portraits/thumb/men/21.jpg'}, 'nat': 'MX'}], 'info': {'seed': '7e6e446fa1863cae', 'results': 1, 'page': 1, 'version': '1.4'}}</msg>
<arg>${json_data}</arg>
<doc>Logs the given message with the given level.</doc>
<status status="PASS" start="2024-04-08T22:15:17.955078" elapsed="0.000214"/>
</kw>
<kw name="Dictionary Should Contain Key" owner="Collections">
<msg time="2024-04-08T22:15:17.955748" level="INFO">False</msg>
<arg>${json_data}</arg>
<arg>results</arg>
<doc>Fails if ``key`` is not found from ``dictionary``.</doc>
<status status="PASS" start="2024-04-08T22:15:17.955593" elapsed="0.000194"/>
</kw>
<kw name="Should Not Be Empty" owner="BuiltIn">
<msg time="2024-04-08T22:15:17.956218" level="INFO">Length is 2.</msg>
<arg>${json_data}</arg>
<doc>Verifies that the given item is not empty.</doc>
<status status="PASS" start="2024-04-08T22:15:17.956084" elapsed="0.000173"/>
</kw>
<kw name="Create List" owner="BuiltIn">
<msg time="2024-04-08T22:15:17.956699" level="INFO">${expected_keys} = ['gender', 'name', 'location', 'email', 'login']</msg>
<var>${expected_keys}</var>
<arg>gender</arg>
<arg>name</arg>
<arg>location</arg>
<arg>email</arg>
<arg>login</arg>
<doc>Returns a list containing given items.</doc>
<status status="PASS" start="2024-04-08T22:15:17.956548" elapsed="0.000176"/>
</kw>
<for flavor="IN">
<iter>
<kw name="Dictionary Should Contain Key" owner="Collections">
<msg time="2024-04-08T22:15:17.957752" level="INFO">False</msg>
<arg>${json_data['results'][0]}</arg>
<arg>${key}</arg>
<doc>Fails if ``key`` is not found from ``dictionary``.</doc>
<status status="PASS" start="2024-04-08T22:15:17.957341" elapsed="0.000452"/>
</kw>
<kw name="Log" owner="BuiltIn">
<msg time="2024-04-08T22:15:17.958488" level="INFO">{'gender': 'male', 'name': {'title': 'Mr', 'first': 'Nicolás', 'last': 'Arevalo'}, 'location': {'street': {'number': 5822, 'name': 'Retorno Malta'}, 'city': 'Tuxtepec', 'state': 'Sonora', 'country': 'Mexico', 'postcode': 88265, 'coordinates': {'latitude': '23.8255', 'longitude': '-46.5237'}, 'timezone': {'offset': '-8:00', 'description': 'Pacific Time (US &amp; Canada)'}}, 'email': 'nicolas.arevalo@example.com', 'login': {'uuid': 'b029eecd-52ff-48ee-8448-75b3971ea574', 'username': 'goldenlion500', 'password': 'costello', 'salt': 'ul79H53G', 'md5': '5393ba6aa438997b3e6bc685edfee872', 'sha1': '3ab1a12ced7025c28d2bab13ce5a58f02c72d152', 'sha256': 'f4c3cda222a68970e8c7f228c47890e93c8465bf8eedf2544973da15e5b31d4c'}, 'dob': {'date': '1965-03-08T07:34:42.880Z', 'age': 59}, 'registered': {'date': '2016-04-17T04:39:48.793Z', 'age': 7}, 'phone': '(664) 196 3420', 'cell': '(683) 572 6720', 'id': {'name': 'NSS', 'value': '18 80 84 1108 2'}, 'picture': {'large': 'https://randomuser.me/api/portraits/men/21.jpg', 'medium': 'https://randomuser.me/api/portraits/med/men/21.jpg', 'thumbnail': 'https://randomuser.me/api/portraits/thumb/men/21.jpg'}, 'nat': 'MX'}</msg>
<arg>${json_data['results'][0]}</arg>
<doc>Logs the given message with the given level.</doc>
<status status="PASS" start="2024-04-08T22:15:17.958112" elapsed="0.000435"/>
</kw>
<kw name="Log" owner="BuiltIn">
<msg time="2024-04-08T22:15:17.958994" level="INFO">gender</msg>
<arg>${key}</arg>
<doc>Logs the given message with the given level.</doc>
<status status="PASS" start="2024-04-08T22:15:17.958860" elapsed="0.000174"/>
</kw>
<var name="${key}">gender</var>
<status status="PASS" start="2024-04-08T22:15:17.957213" elapsed="0.002045"/>
</iter>
<iter>
<kw name="Dictionary Should Contain Key" owner="Collections">
<msg time="2024-04-08T22:15:17.959967" level="INFO">False</msg>
<arg>${json_data['results'][0]}</arg>
<arg>${key}</arg>
<doc>Fails if ``key`` is not found from ``dictionary``.</doc>
<status status="PASS" start="2024-04-08T22:15:17.959577" elapsed="0.000429"/>
</kw>
<kw name="Log" owner="BuiltIn">
<msg time="2024-04-08T22:15:17.960708" level="INFO">{'gender': 'male', 'name': {'title': 'Mr', 'first': 'Nicolás', 'last': 'Arevalo'}, 'location': {'street': {'number': 5822, 'name': 'Retorno Malta'}, 'city': 'Tuxtepec', 'state': 'Sonora', 'country': 'Mexico', 'postcode': 88265, 'coordinates': {'latitude': '23.8255', 'longitude': '-46.5237'}, 'timezone': {'offset': '-8:00', 'description': 'Pacific Time (US &amp; Canada)'}}, 'email': 'nicolas.arevalo@example.com', 'login': {'uuid': 'b029eecd-52ff-48ee-8448-75b3971ea574', 'username': 'goldenlion500', 'password': 'costello', 'salt': 'ul79H53G', 'md5': '5393ba6aa438997b3e6bc685edfee872', 'sha1': '3ab1a12ced7025c28d2bab13ce5a58f02c72d152', 'sha256': 'f4c3cda222a68970e8c7f228c47890e93c8465bf8eedf2544973da15e5b31d4c'}, 'dob': {'date': '1965-03-08T07:34:42.880Z', 'age': 59}, 'registered': {'date': '2016-04-17T04:39:48.793Z', 'age': 7}, 'phone': '(664) 196 3420', 'cell': '(683) 572 6720', 'id': {'name': 'NSS', 'value': '18 80 84 1108 2'}, 'picture': {'large': 'https://randomuser.me/api/portraits/men/21.jpg', 'medium': 'https://randomuser.me/api/portraits/med/men/21.jpg', 'thumbnail': 'https://randomuser.me/api/portraits/thumb/men/21.jpg'}, 'nat': 'MX'}</msg>
<arg>${json_data['results'][0]}</arg>
<doc>Logs the given message with the given level.</doc>
<status status="PASS" start="2024-04-08T22:15:17.960334" elapsed="0.000427"/>
</kw>
<kw name="Log" owner="BuiltIn">
<msg time="2024-04-08T22:15:17.961235" level="INFO">name</msg>
<arg>${key}</arg>
<doc>Logs the given message with the given level.</doc>
<status status="PASS" start="2024-04-08T22:15:17.961102" elapsed="0.000172"/>
</kw>
<var name="${key}">name</var>
<status status="PASS" start="2024-04-08T22:15:17.959459" elapsed="0.002035"/>
</iter>
<iter>
<kw name="Dictionary Should Contain Key" owner="Collections">
<msg time="2024-04-08T22:15:17.962174" level="INFO">False</msg>
<arg>${json_data['results'][0]}</arg>
<arg>${key}</arg>
<doc>Fails if ``key`` is not found from ``dictionary``.</doc>
<status status="PASS" start="2024-04-08T22:15:17.961793" elapsed="0.000420"/>
</kw>
<kw name="Log" owner="BuiltIn">
<msg time="2024-04-08T22:15:17.962886" level="INFO">{'gender': 'male', 'name': {'title': 'Mr', 'first': 'Nicolás', 'last': 'Arevalo'}, 'location': {'street': {'number': 5822, 'name': 'Retorno Malta'}, 'city': 'Tuxtepec', 'state': 'Sonora', 'country': 'Mexico', 'postcode': 88265, 'coordinates': {'latitude': '23.8255', 'longitude': '-46.5237'}, 'timezone': {'offset': '-8:00', 'description': 'Pacific Time (US &amp; Canada)'}}, 'email': 'nicolas.arevalo@example.com', 'login': {'uuid': 'b029eecd-52ff-48ee-8448-75b3971ea574', 'username': 'goldenlion500', 'password': 'costello', 'salt': 'ul79H53G', 'md5': '5393ba6aa438997b3e6bc685edfee872', 'sha1': '3ab1a12ced7025c28d2bab13ce5a58f02c72d152', 'sha256': 'f4c3cda222a68970e8c7f228c47890e93c8465bf8eedf2544973da15e5b31d4c'}, 'dob': {'date': '1965-03-08T07:34:42.880Z', 'age': 59}, 'registered': {'date': '2016-04-17T04:39:48.793Z', 'age': 7}, 'phone': '(664) 196 3420', 'cell': '(683) 572 6720', 'id': {'name': 'NSS', 'value': '18 80 84 1108 2'}, 'picture': {'large': 'https://randomuser.me/api/portraits/men/21.jpg', 'medium': 'https://randomuser.me/api/portraits/med/men/21.jpg', 'thumbnail': 'https://randomuser.me/api/portraits/thumb/men/21.jpg'}, 'nat': 'MX'}</msg>
<arg>${json_data['results'][0]}</arg>
<doc>Logs the given message with the given level.</doc>
<status status="PASS" start="2024-04-08T22:15:17.962520" elapsed="0.000423"/>
</kw>
<kw name="Log" owner="BuiltIn">
<msg time="2024-04-08T22:15:17.963373" level="INFO">location</msg>
<arg>${key}</arg>
<doc>Logs the given message with the given level.</doc>
<status status="PASS" start="2024-04-08T22:15:17.963244" elapsed="0.000168"/>
</kw>
<var name="${key}">location</var>
<status status="PASS" start="2024-04-08T22:15:17.961678" elapsed="0.001954"/>
</iter>
<iter>
<kw name="Dictionary Should Contain Key" owner="Collections">
<msg time="2024-04-08T22:15:17.964309" level="INFO">False</msg>
<arg>${json_data['results'][0]}</arg>
<arg>${key}</arg>
<doc>Fails if ``key`` is not found from ``dictionary``.</doc>
<status status="PASS" start="2024-04-08T22:15:17.963918" elapsed="0.000430"/>
</kw>
<kw name="Log" owner="BuiltIn">
<msg time="2024-04-08T22:15:17.965068" level="INFO">{'gender': 'male', 'name': {'title': 'Mr', 'first': 'Nicolás', 'last': 'Arevalo'}, 'location': {'street': {'number': 5822, 'name': 'Retorno Malta'}, 'city': 'Tuxtepec', 'state': 'Sonora', 'country': 'Mexico', 'postcode': 88265, 'coordinates': {'latitude': '23.8255', 'longitude': '-46.5237'}, 'timezone': {'offset': '-8:00', 'description': 'Pacific Time (US &amp; Canada)'}}, 'email': 'nicolas.arevalo@example.com', 'login': {'uuid': 'b029eecd-52ff-48ee-8448-75b3971ea574', 'username': 'goldenlion500', 'password': 'costello', 'salt': 'ul79H53G', 'md5': '5393ba6aa438997b3e6bc685edfee872', 'sha1': '3ab1a12ced7025c28d2bab13ce5a58f02c72d152', 'sha256': 'f4c3cda222a68970e8c7f228c47890e93c8465bf8eedf2544973da15e5b31d4c'}, 'dob': {'date': '1965-03-08T07:34:42.880Z', 'age': 59}, 'registered': {'date': '2016-04-17T04:39:48.793Z', 'age': 7}, 'phone': '(664) 196 3420', 'cell': '(683) 572 6720', 'id': {'name': 'NSS', 'value': '18 80 84 1108 2'}, 'picture': {'large': 'https://randomuser.me/api/portraits/men/21.jpg', 'medium': 'https://randomuser.me/api/portraits/med/men/21.jpg', 'thumbnail': 'https://randomuser.me/api/portraits/thumb/men/21.jpg'}, 'nat': 'MX'}</msg>
<arg>${json_data['results'][0]}</arg>
<doc>Logs the given message with the given level.</doc>
<status status="PASS" start="2024-04-08T22:15:17.964650" elapsed="0.000471"/>
</kw>
<kw name="Log" owner="BuiltIn">
<msg time="2024-04-08T22:15:17.965553" level="INFO">email</msg>
<arg>${key}</arg>
<doc>Logs the given message with the given level.</doc>
<status status="PASS" start="2024-04-08T22:15:17.965423" elapsed="0.000169"/>
</kw>
<var name="${key}">email</var>
<status status="PASS" start="2024-04-08T22:15:17.963807" elapsed="0.002004"/>
</iter>
<iter>
<kw name="Dictionary Should Contain Key" owner="Collections">
<msg time="2024-04-08T22:15:17.966484" level="INFO">False</msg>
<arg>${json_data['results'][0]}</arg>
<arg>${key}</arg>
<doc>Fails if ``key`` is not found from ``dictionary``.</doc>
<status status="PASS" start="2024-04-08T22:15:17.966099" elapsed="0.000422"/>
</kw>
<kw name="Log" owner="BuiltIn">
<msg time="2024-04-08T22:15:17.967183" level="INFO">{'gender': 'male', 'name': {'title': 'Mr', 'first': 'Nicolás', 'last': 'Arevalo'}, 'location': {'street': {'number': 5822, 'name': 'Retorno Malta'}, 'city': 'Tuxtepec', 'state': 'Sonora', 'country': 'Mexico', 'postcode': 88265, 'coordinates': {'latitude': '23.8255', 'longitude': '-46.5237'}, 'timezone': {'offset': '-8:00', 'description': 'Pacific Time (US &amp; Canada)'}}, 'email': 'nicolas.arevalo@example.com', 'login': {'uuid': 'b029eecd-52ff-48ee-8448-75b3971ea574', 'username': 'goldenlion500', 'password': 'costello', 'salt': 'ul79H53G', 'md5': '5393ba6aa438997b3e6bc685edfee872', 'sha1': '3ab1a12ced7025c28d2bab13ce5a58f02c72d152', 'sha256': 'f4c3cda222a68970e8c7f228c47890e93c8465bf8eedf2544973da15e5b31d4c'}, 'dob': {'date': '1965-03-08T07:34:42.880Z', 'age': 59}, 'registered': {'date': '2016-04-17T04:39:48.793Z', 'age': 7}, 'phone': '(664) 196 3420', 'cell': '(683) 572 6720', 'id': {'name': 'NSS', 'value': '18 80 84 1108 2'}, 'picture': {'large': 'https://randomuser.me/api/portraits/men/21.jpg', 'medium': 'https://randomuser.me/api/portraits/med/men/21.jpg', 'thumbnail': 'https://randomuser.me/api/portraits/thumb/men/21.jpg'}, 'nat': 'MX'}</msg>
<arg>${json_data['results'][0]}</arg>
<doc>Logs the given message with the given level.</doc>
<status status="PASS" start="2024-04-08T22:15:17.966818" elapsed="0.000416"/>
</kw>
<kw name="Log" owner="BuiltIn">
<msg time="2024-04-08T22:15:17.967664" level="INFO">login</msg>
<arg>${key}</arg>
<doc>Logs the given message with the given level.</doc>
<status status="PASS" start="2024-04-08T22:15:17.967536" elapsed="0.000172"/>
</kw>
<var name="${key}">login</var>
<status status="PASS" start="2024-04-08T22:15:17.965987" elapsed="0.001965"/>
</iter>
<var>${key}</var>
<value>@{expected_keys}</value>
<status status="PASS" start="2024-04-08T22:15:17.957021" elapsed="0.011059"/>
</for>
<kw name="Create List" owner="BuiltIn">
<msg time="2024-04-08T22:15:17.968411" level="INFO">${expected_keysTwo} = ['username', 'password']</msg>
<var>${expected_keysTwo}</var>
<arg>username</arg>
<arg>password</arg>
<doc>Returns a list containing given items.</doc>
<status status="PASS" start="2024-04-08T22:15:17.968272" elapsed="0.000163"/>
</kw>
<for flavor="IN">
<iter>
<kw name="Dictionary Should Contain Key" owner="Collections">
<msg time="2024-04-08T22:15:17.969485" level="INFO">False</msg>
<arg>${json_data['results'][0]['login']}</arg>
<arg>${keyTwo}</arg>
<doc>Fails if ``key`` is not found from ``dictionary``.</doc>
<status status="PASS" start="2024-04-08T22:15:17.969084" elapsed="0.000440"/>
</kw>
<kw name="Dictionary Should Contain Key" owner="Collections">
<msg time="2024-04-08T22:15:17.970222" level="INFO">False</msg>
<arg>${json_data['results'][0]['login']}</arg>
<arg>${keyTwo}</arg>
<doc>Fails if ``key`` is not found from ``dictionary``.</doc>
<status status="PASS" start="2024-04-08T22:15:17.969829" elapsed="0.000432"/>
</kw>
<kw name="Log" owner="BuiltIn">
<msg time="2024-04-08T22:15:17.970692" level="INFO">username</msg>
<arg>${keyTwo}</arg>
<doc>Logs the given message with the given level.</doc>
<status status="PASS" start="2024-04-08T22:15:17.970562" elapsed="0.000169"/>
</kw>
<var name="${keyTwo}">username</var>
<status status="PASS" start="2024-04-08T22:15:17.968965" elapsed="0.001999"/>
</iter>
<iter>
<kw name="Dictionary Should Contain Key" owner="Collections">
<msg time="2024-04-08T22:15:17.971649" level="INFO">False</msg>
<arg>${json_data['results'][0]['login']}</arg>
<arg>${keyTwo}</arg>
<doc>Fails if ``key`` is not found from ``dictionary``.</doc>
<status status="PASS" start="2024-04-08T22:15:17.971258" elapsed="0.000431"/>
</kw>
<kw name="Dictionary Should Contain Key" owner="Collections">
<msg time="2024-04-08T22:15:17.972368" level="INFO">False</msg>
<arg>${json_data['results'][0]['login']}</arg>
<arg>${keyTwo}</arg>
<doc>Fails if ``key`` is not found from ``dictionary``.</doc>
<status status="PASS" start="2024-04-08T22:15:17.971985" elapsed="0.000420"/>
</kw>
<kw name="Log" owner="BuiltIn">
<msg time="2024-04-08T22:15:17.972824" level="INFO">password</msg>
<arg>${keyTwo}</arg>
<doc>Logs the given message with the given level.</doc>
<status status="PASS" start="2024-04-08T22:15:17.972696" elapsed="0.000167"/>
</kw>
<var name="${keyTwo}">password</var>
<status status="PASS" start="2024-04-08T22:15:17.971146" elapsed="0.001972"/>
</iter>
<var>${keyTwo}</var>
<value>@{expected_keysTwo}</value>
<status status="PASS" start="2024-04-08T22:15:17.968679" elapsed="0.004562"/>
</for>
<status status="PASS" start="2024-04-08T22:15:17.857804" elapsed="0.115577"/>
</kw>
<doc>Testa a estrutura da resposta da API.</doc>
<tag>testeEstruturaResposta</tag>
<status status="PASS" start="2024-04-08T22:15:17.857008" elapsed="0.116527"/>
</test>
<test id="s1-s1-t4" name="Validar tipos de dados" line="28">
<kw name="Teste de Tipos de Dados" owner="random-user-service">
<kw name="GET On Session" owner="RequestsLibrary">
<msg time="2024-04-08T22:15:18.049804" level="INFO">GET Request : url=https://randomuser.me/api 
 path_url=/api 
 headers={'User-Agent': 'python-requests/2.31.0', 'Accept-Encoding': 'gzip, deflate', 'Accept': '*/*', 'Connection': 'keep-alive'} 
 body=None 
 </msg>
<msg time="2024-04-08T22:15:18.049880" level="INFO">GET Response : url=https://randomuser.me/api 
 status=200, reason=OK 
 headers={'Date': 'Mon, 08 Apr 2024 22:15:18 GMT', 'Content-Type': 'application/json; charset=utf-8', 'Transfer-Encoding': 'chunked', 'Connection': 'keep-alive', 'X-Powered-By': 'Express', 'Access-Control-Allow-Origin': '*', 'Cache-Control': 'no-cache', 'ETag': 'W/"47f-8YHrzVkPbDGdlNWzIpDErEM7+Ok"', 'Vary': 'Accept-Encoding', 'Content-Encoding': 'gzip', 'CF-Cache-Status': 'DYNAMIC', 'Report-To': '{"endpoints":[{"url":"https:\\/\\/a.nel.cloudflare.com\\/report\\/v4?s=o%2F52bxsWsjHrTMdQN3IXmU7yYYJexEHlA88J6nAUCLElKkCDMsdKAGdEOqyGhVLr2IIgPJcXt%2FPFKKuYoQzqZI%2BYZnZcLbcFu%2FDHo8A6nc%2FXFxP2iBlnav5SWlXk%2BSEL"}],"group":"cf-nel","max_age":604800}', 'NEL': '{"success_fraction":0,"report_to":"cf-nel","max_age":604800}', 'Server': 'cloudflare', 'CF-RAY': '87159d815f5987b0-IAD', 'alt-svc': 'h3=":443"; ma=86400'} 
 body={"results":[{"gender":"male","name":{"title":"Mr","first":"Adam","last":"Pedersen"},"location":{"street":{"number":1969,"name":"Bakken"},"city":"Randers Nv","state":"Hovedstaden","country":"Denmark","postcode":66063,"coordinates":{"latitude":"-44.4012","longitude":"-48.9129"},"timezone":{"offset":"+4:00","description":"Abu Dhabi, Muscat, Baku, Tbilisi"}},"email":"adam.pedersen@example.com","login":{"uuid":"0b930a49-e436-454f-bc0d-ade6d9b7387f","username":"angrysnake698","password":"seeker","salt":"5rnzwt7E","md5":"f85a60761c02e310b561909a4c9d9f0e","sha1":"cffbef8f6b850e16f5e7988108996b0e637149f2","sha256":"d7e7ff9b773490159e645626fc6e547fdc009272c482380f322d238b2bfd8c36"},"dob":{"date":"1992-07-20T09:57:54.454Z","age":31},"registered":{"date":"2021-01-31T01:45:40.296Z","age":3},"phone":"85742549","cell":"32300564","id":{"name":"CPR","value":"200792-5296"},"picture":{"large":"https://randomuser.me/api/portraits/men/40.jpg","medium":"https://randomuser.me/api/portraits/med/men/40.jpg","thumbnail":"https://randomuser.me/api/portraits/thumb/men/40.jpg"},"nat":"DK"}],"info":{"seed":"085c34f9d239e024","results":1,"page":1,"version":"1.4"}} 
 </msg>
<msg time="2024-04-08T22:15:18.049948" level="INFO">/opt/hostedtoolcache/Python/3.12.2/x64/lib/python3.12/site-packages/urllib3/connectionpool.py:1103: InsecureRequestWarning: Unverified HTTPS request is being made to host 'randomuser.me'. Adding certificate verification is strongly advised. See: https://urllib3.readthedocs.io/en/latest/advanced-usage.html#tls-warnings
  warnings.warn(</msg>
<msg time="2024-04-08T22:15:18.050066" level="INFO">${response} = &lt;Response [200]&gt;</msg>
<var>${response}</var>
<arg>consultarAPI</arg>
<arg>/api</arg>
<doc>Sends a GET request on a previously created HTTP Session.</doc>
<status status="PASS" start="2024-04-08T22:15:17.975988" elapsed="0.074119"/>
</kw>
<kw name="Set Variable" owner="BuiltIn">
<msg time="2024-04-08T22:15:18.050934" level="INFO">${json_data} = {'results': [{'gender': 'male', 'name': {'title': 'Mr', 'first': 'Adam', 'last': 'Pedersen'}, 'location': {'street': {'number': 1969, 'name': 'Bakken'}, 'city': 'Randers Nv', 'state': 'Hovedstaden', '...</msg>
<var>${json_data}</var>
<arg>${response.json()}</arg>
<doc>Returns the given values which can then be assigned to a variables.</doc>
<status status="PASS" start="2024-04-08T22:15:18.050483" elapsed="0.000479"/>
</kw>
<kw name="Log" owner="BuiltIn">
<msg time="2024-04-08T22:15:18.051424" level="INFO">{'results': [{'gender': 'male', 'name': {'title': 'Mr', 'first': 'Adam', 'last': 'Pedersen'}, 'location': {'street': {'number': 1969, 'name': 'Bakken'}, 'city': 'Randers Nv', 'state': 'Hovedstaden', 'country': 'Denmark', 'postcode': 66063, 'coordinates': {'latitude': '-44.4012', 'longitude': '-48.9129'}, 'timezone': {'offset': '+4:00', 'description': 'Abu Dhabi, Muscat, Baku, Tbilisi'}}, 'email': 'adam.pedersen@example.com', 'login': {'uuid': '0b930a49-e436-454f-bc0d-ade6d9b7387f', 'username': 'angrysnake698', 'password': 'seeker', 'salt': '5rnzwt7E', 'md5': 'f85a60761c02e310b561909a4c9d9f0e', 'sha1': 'cffbef8f6b850e16f5e7988108996b0e637149f2', 'sha256': 'd7e7ff9b773490159e645626fc6e547fdc009272c482380f322d238b2bfd8c36'}, 'dob': {'date': '1992-07-20T09:57:54.454Z', 'age': 31}, 'registered': {'date': '2021-01-31T01:45:40.296Z', 'age': 3}, 'phone': '85742549', 'cell': '32300564', 'id': {'name': 'CPR', 'value': '200792-5296'}, 'picture': {'large': 'https://randomuser.me/api/portraits/men/40.jpg', 'medium': 'https://randomuser.me/api/portraits/med/men/40.jpg', 'thumbnail': 'https://randomuser.me/api/portraits/thumb/men/40.jpg'}, 'nat': 'DK'}], 'info': {'seed': '085c34f9d239e024', 'results': 1, 'page': 1, 'version': '1.4'}}</msg>
<arg>${json_data}</arg>
<doc>Logs the given message with the given level.</doc>
<status status="PASS" start="2024-04-08T22:15:18.051271" elapsed="0.000235"/>
</kw>
<kw name="Should Be String" owner="String">
<arg>${json_data['results'][0]['gender']}</arg>
<doc>Fails if the given ``item`` is not a string.</doc>
<status status="PASS" start="2024-04-08T22:15:18.051807" elapsed="0.000368"/>
</kw>
<kw name="Should Match Regexp" owner="BuiltIn">
<arg>${json_data['results'][0]['email']}</arg>
<arg>^[a-zA-Z0-9._%+-]+@[a-zA-Z0-9.-]+\.[a-zA-Z]{2,}$</arg>
<doc>Fails if ``string`` does not match ``pattern`` as a regular expression.</doc>
<status status="PASS" start="2024-04-08T22:15:18.052371" elapsed="0.000576"/>
</kw>
<kw name="Should Match Regexp" owner="BuiltIn">
<arg>${json_data['results'][0]['dob']['date']}</arg>
<arg>\\d{4}-\\d{2}-\\d{2}T\\d{2}:\\d{2}:\\d{2}\\.\\d{3}Z</arg>
<doc>Fails if ``string`` does not match ``pattern`` as a regular expression.</doc>
<status status="PASS" start="2024-04-08T22:15:18.053160" elapsed="0.000493"/>
</kw>
<kw name="Should Match Regexp" owner="BuiltIn">
<arg>${json_data['results'][0]['registered']['date']}</arg>
<arg>\\d{4}-\\d{2}-\\d{2}T\\d{2}:\\d{2}:\\d{2}\\.\\d{3}Z</arg>
<doc>Fails if ``string`` does not match ``pattern`` as a regular expression.</doc>
<status status="PASS" start="2024-04-08T22:15:18.053855" elapsed="0.000377"/>
</kw>
<kw name="Should Match Regexp" owner="BuiltIn">
<arg>${json_data['results'][0]['picture']['large']}</arg>
<arg>^https?://.*\.(?:png|jpe?g|gif|bmp)$</arg>
<doc>Fails if ``string`` does not match ``pattern`` as a regular expression.</doc>
<status status="PASS" start="2024-04-08T22:15:18.054420" elapsed="0.000468"/>
</kw>
<kw name="Should Match Regexp" owner="BuiltIn">
<arg>${json_data['results'][0]['picture']['medium']}</arg>
<arg>^https?://.*\.(?:png|jpe?g|gif|bmp)$</arg>
<doc>Fails if ``string`` does not match ``pattern`` as a regular expression.</doc>
<status status="PASS" start="2024-04-08T22:15:18.055079" elapsed="0.000363"/>
</kw>
<kw name="Should Match Regexp" owner="BuiltIn">
<arg>${json_data['results'][0]['picture']['thumbnail']}</arg>
<arg>^https?://.*\.(?:png|jpe?g|gif|bmp)$</arg>
<doc>Fails if ``string`` does not match ``pattern`` as a regular expression.</doc>
<status status="PASS" start="2024-04-08T22:15:18.055629" elapsed="0.000352"/>
</kw>
<kw name="Log" owner="BuiltIn">
<msg time="2024-04-08T22:15:18.056498" level="INFO">{'large': 'https://randomuser.me/api/portraits/men/40.jpg', 'medium': 'https://randomuser.me/api/portraits/med/men/40.jpg', 'thumbnail': 'https://randomuser.me/api/portraits/thumb/men/40.jpg'}</msg>
<arg>${json_data['results'][0]['picture']}</arg>
<doc>Logs the given message with the given level.</doc>
<status status="PASS" start="2024-04-08T22:15:18.056164" elapsed="0.000377"/>
</kw>
<status status="PASS" start="2024-04-08T22:15:17.975752" elapsed="0.081046"/>
</kw>
<kw name="Teste de Tipos de Dados - Postcode" owner="random-user-service">
<kw name="GET On Session" owner="RequestsLibrary">
<msg time="2024-04-08T22:15:18.150467" level="INFO">GET Request : url=https://randomuser.me/api 
 path_url=/api 
 headers={'User-Agent': 'python-requests/2.31.0', 'Accept-Encoding': 'gzip, deflate', 'Accept': '*/*', 'Connection': 'keep-alive'} 
 body=None 
 </msg>
<msg time="2024-04-08T22:15:18.150546" level="INFO">GET Response : url=https://randomuser.me/api 
 status=200, reason=OK 
 headers={'Date': 'Mon, 08 Apr 2024 22:15:18 GMT', 'Content-Type': 'application/json; charset=utf-8', 'Transfer-Encoding': 'chunked', 'Connection': 'keep-alive', 'X-Powered-By': 'Express', 'Access-Control-Allow-Origin': '*', 'Cache-Control': 'no-cache', 'ETag': 'W/"47c-Hqb3IzLjkp621JuDgc6EodjoQac"', 'Vary': 'Accept-Encoding', 'Content-Encoding': 'gzip', 'CF-Cache-Status': 'DYNAMIC', 'Report-To': '{"endpoints":[{"url":"https:\\/\\/a.nel.cloudflare.com\\/report\\/v4?s=DfBD0vRjjkXcdCboqeJRNypH6fCE6OjQbPJgoTxq3QewaPNkMwwEcJXDW9u6Ejl2QDWnwN4ED%2FWbiC0aRPi6qup7kQ1vtZ7v%2BYmu31DQvcvO9TC8Kv1bcPEUg1tyt38w"}],"group":"cf-nel","max_age":604800}', 'NEL': '{"success_fraction":0,"report_to":"cf-nel","max_age":604800}', 'Server': 'cloudflare', 'CF-RAY': '87159d81d82187b0-IAD', 'alt-svc': 'h3=":443"; ma=86400'} 
 body={"results":[{"gender":"male","name":{"title":"Mr","first":"Maciej","last":"Asheim"},"location":{"street":{"number":8462,"name":"Solemskogen"},"city":"Skogsvågen","state":"Trøndelag","country":"Norway","postcode":"9022","coordinates":{"latitude":"41.0858","longitude":"-24.1054"},"timezone":{"offset":"+7:00","description":"Bangkok, Hanoi, Jakarta"}},"email":"maciej.asheim@example.com","login":{"uuid":"80ddcbe0-b17d-4f3a-bd6c-4e4952f15b0e","username":"happypeacock342","password":"sleepy","salt":"ThCZ8nPR","md5":"dfcc87872b47af0b88872ee6f953bc97","sha1":"2740e3e6a190f0635a8df31be07077dcaa718795","sha256":"b64a84f94dbee8b322ce28d8050ad238140d65d5a0b239c8e375a41b23522034"},"dob":{"date":"1994-09-28T06:06:47.965Z","age":29},"registered":{"date":"2007-06-15T03:13:02.884Z","age":16},"phone":"31903709","cell":"97553172","id":{"name":"FN","value":"28099431964"},"picture":{"large":"https://randomuser.me/api/portraits/men/61.jpg","medium":"https://randomuser.me/api/portraits/med/men/61.jpg","thumbnail":"https://randomuser.me/api/portraits/thumb/men/61.jpg"},"nat":"NO"}],"info":{"seed":"5029ec56e7d9211a","results":1,"page":1,"version":"1.4"}} 
 </msg>
<msg time="2024-04-08T22:15:18.150630" level="INFO">/opt/hostedtoolcache/Python/3.12.2/x64/lib/python3.12/site-packages/urllib3/connectionpool.py:1103: InsecureRequestWarning: Unverified HTTPS request is being made to host 'randomuser.me'. Adding certificate verification is strongly advised. See: https://urllib3.readthedocs.io/en/latest/advanced-usage.html#tls-warnings
  warnings.warn(</msg>
<msg time="2024-04-08T22:15:18.150762" level="INFO">${response} = &lt;Response [200]&gt;</msg>
<var>${response}</var>
<arg>consultarAPI</arg>
<arg>/api</arg>
<doc>Sends a GET request on a previously created HTTP Session.</doc>
<status status="PASS" start="2024-04-08T22:15:18.057272" elapsed="0.093540"/>
</kw>
<kw name="Set Variable" owner="BuiltIn">
<msg time="2024-04-08T22:15:18.151719" level="INFO">${json_data} = {'results': [{'gender': 'male', 'name': {'title': 'Mr', 'first': 'Maciej', 'last': 'Asheim'}, 'location': {'street': {'number': 8462, 'name': 'Solemskogen'}, 'city': 'Skogsvågen', 'state': 'Trøndelag'...</msg>
<var>${json_data}</var>
<arg>${response.json()}</arg>
<doc>Returns the given values which can then be assigned to a variables.</doc>
<status status="PASS" start="2024-04-08T22:15:18.151264" elapsed="0.000484"/>
</kw>
<kw name="Log" owner="BuiltIn">
<msg time="2024-04-08T22:15:18.152216" level="INFO">{'results': [{'gender': 'male', 'name': {'title': 'Mr', 'first': 'Maciej', 'last': 'Asheim'}, 'location': {'street': {'number': 8462, 'name': 'Solemskogen'}, 'city': 'Skogsvågen', 'state': 'Trøndelag', 'country': 'Norway', 'postcode': '9022', 'coordinates': {'latitude': '41.0858', 'longitude': '-24.1054'}, 'timezone': {'offset': '+7:00', 'description': 'Bangkok, Hanoi, Jakarta'}}, 'email': 'maciej.asheim@example.com', 'login': {'uuid': '80ddcbe0-b17d-4f3a-bd6c-4e4952f15b0e', 'username': 'happypeacock342', 'password': 'sleepy', 'salt': 'ThCZ8nPR', 'md5': 'dfcc87872b47af0b88872ee6f953bc97', 'sha1': '2740e3e6a190f0635a8df31be07077dcaa718795', 'sha256': 'b64a84f94dbee8b322ce28d8050ad238140d65d5a0b239c8e375a41b23522034'}, 'dob': {'date': '1994-09-28T06:06:47.965Z', 'age': 29}, 'registered': {'date': '2007-06-15T03:13:02.884Z', 'age': 16}, 'phone': '31903709', 'cell': '97553172', 'id': {'name': 'FN', 'value': '28099431964'}, 'picture': {'large': 'https://randomuser.me/api/portraits/men/61.jpg', 'medium': 'https://randomuser.me/api/portraits/med/men/61.jpg', 'thumbnail': 'https://randomuser.me/api/portraits/thumb/men/61.jpg'}, 'nat': 'NO'}], 'info': {'seed': '5029ec56e7d9211a', 'results': 1, 'page': 1, 'version': '1.4'}}</msg>
<arg>${json_data}</arg>
<doc>Logs the given message with the given level.</doc>
<status status="PASS" start="2024-04-08T22:15:18.152057" elapsed="0.000240"/>
</kw>
<kw name="Should Be Equal As Numbers" owner="BuiltIn">
<arg>${json_data['results'][0]['location']['postcode']}</arg>
<arg>${json_data['results'][0]['location']['postcode']}</arg>
<doc>Fails if objects are unequal after converting them to real numbers.</doc>
<status status="PASS" start="2024-04-08T22:15:18.152606" elapsed="0.000681"/>
</kw>
<kw name="Log" owner="BuiltIn">
<msg time="2024-04-08T22:15:18.153834" level="INFO">9022</msg>
<arg>${json_data['results'][0]['location']['postcode']}</arg>
<doc>Logs the given message with the given level.</doc>
<status status="PASS" start="2024-04-08T22:15:18.153492" elapsed="0.000385"/>
</kw>
<status status="PASS" start="2024-04-08T22:15:18.057041" elapsed="0.097092"/>
</kw>
<doc>Testa se os tipos de dados na resposta da API estão corretos.</doc>
<tag>testeTiposDados</tag>
<status status="PASS" start="2024-04-08T22:15:17.975328" elapsed="0.178970"/>
</test>
<test id="s1-s1-t5" name="Validar conteudo" line="35">
<kw name="Teste de Tipos de Conteudo" owner="random-user-service">
<kw name="GET On Session" owner="RequestsLibrary">
<msg time="2024-04-08T22:15:18.257106" level="INFO">GET Request : url=https://randomuser.me/api 
 path_url=/api 
 headers={'User-Agent': 'python-requests/2.31.0', 'Accept-Encoding': 'gzip, deflate', 'Accept': '*/*', 'Connection': 'keep-alive'} 
 body=None 
 </msg>
<msg time="2024-04-08T22:15:18.257186" level="INFO">GET Response : url=https://randomuser.me/api 
 status=200, reason=OK 
 headers={'Date': 'Mon, 08 Apr 2024 22:15:18 GMT', 'Content-Type': 'application/json; charset=utf-8', 'Transfer-Encoding': 'chunked', 'Connection': 'keep-alive', 'X-Powered-By': 'Express', 'Access-Control-Allow-Origin': '*', 'Cache-Control': 'no-cache', 'ETag': 'W/"49d-IuV/cKsQHqDozBrraBicLAVhAaU"', 'Vary': 'Accept-Encoding', 'Content-Encoding': 'gzip', 'CF-Cache-Status': 'DYNAMIC', 'Report-To': '{"endpoints":[{"url":"https:\\/\\/a.nel.cloudflare.com\\/report\\/v4?s=CzgvnmZ%2FMqmjzdTRVf7fA44Njb5OL5Rgxf4We99yBF97t7lDOmYfQSCqoh3CNPpM4bMdNnDv2LuwMOC8TcmUO4AJI%2Fub%2BKyadVXHl%2BaowXmZfhjR1oS2teyBRF6D34Oj"}],"group":"cf-nel","max_age":604800}', 'NEL': '{"success_fraction":0,"report_to":"cf-nel","max_age":604800}', 'Server': 'cloudflare', 'CF-RAY': '87159d82791187b0-IAD', 'alt-svc': 'h3=":443"; ma=86400'} 
 body={"results":[{"gender":"male","name":{"title":"Mr","first":"Laksh","last":"Patil"},"location":{"street":{"number":8265,"name":"Ashoka Rd"},"city":"Hajipur","state":"Dadra and Nagar Haveli","country":"India","postcode":66652,"coordinates":{"latitude":"7.8165","longitude":"-40.8884"},"timezone":{"offset":"0:00","description":"Western Europe Time, London, Lisbon, Casablanca"}},"email":"laksh.patil@example.com","login":{"uuid":"9a7d053a-58fc-412d-ba96-c7850b8af2c2","username":"organicgorilla825","password":"ontario","salt":"wH8Whh27","md5":"2ffde4d4d57eea762cb593b2cbeed505","sha1":"1fc84811d3715a8dbd19b5b0d3ea96a3fd0130ed","sha256":"ef9b6932c7f242ed8425e1b4f97bf73b3676e4c14253fb908750285063f5c447"},"dob":{"date":"1971-09-13T09:07:15.474Z","age":52},"registered":{"date":"2013-06-05T03:56:13.174Z","age":10},"phone":"7656917157","cell":"7455787732","id":{"name":"UIDAI","value":"182505589470"},"picture":{"large":"https://randomuser.me/api/portraits/men/31.jpg","medium":"https://randomuser.me/api/portraits/med/men/31.jpg","thumbnail":"https://randomuser.me/api/portraits/thumb/men/31.jpg"},"nat":"IN"}],"info":{"seed":"a577870147058f7f","results":1,"page":1,"version":"1.4"}} 
 </msg>
<msg time="2024-04-08T22:15:18.257255" level="INFO">/opt/hostedtoolcache/Python/3.12.2/x64/lib/python3.12/site-packages/urllib3/connectionpool.py:1103: InsecureRequestWarning: Unverified HTTPS request is being made to host 'randomuser.me'. Adding certificate verification is strongly advised. See: https://urllib3.readthedocs.io/en/latest/advanced-usage.html#tls-warnings
  warnings.warn(</msg>
<msg time="2024-04-08T22:15:18.257386" level="INFO">${response} = &lt;Response [200]&gt;</msg>
<var>${response}</var>
<arg>consultarAPI</arg>
<arg>/api</arg>
<doc>Sends a GET request on a previously created HTTP Session.</doc>
<status status="PASS" start="2024-04-08T22:15:18.157040" elapsed="0.100394"/>
</kw>
<kw name="Set Variable" owner="BuiltIn">
<msg time="2024-04-08T22:15:18.258255" level="INFO">${json_data} = {'results': [{'gender': 'male', 'name': {'title': 'Mr', 'first': 'Laksh', 'last': 'Patil'}, 'location': {'street': {'number': 8265, 'name': 'Ashoka Rd'}, 'city': 'Hajipur', 'state': 'Dadra and Nagar H...</msg>
<var>${json_data}</var>
<arg>${response.json()}</arg>
<doc>Returns the given values which can then be assigned to a variables.</doc>
<status status="PASS" start="2024-04-08T22:15:18.257800" elapsed="0.000484"/>
</kw>
<kw name="Set Variable" owner="BuiltIn">
<msg time="2024-04-08T22:15:18.258975" level="INFO">${name_title} = Mr</msg>
<var>${name_title}</var>
<arg>${json_data["results"][0]["name"]["title"]}</arg>
<doc>Returns the given values which can then be assigned to a variables.</doc>
<status status="PASS" start="2024-04-08T22:15:18.258587" elapsed="0.000413"/>
</kw>
<kw name="Create List" owner="BuiltIn">
<msg time="2024-04-08T22:15:18.259445" level="INFO">${allowed_titles} = ['Mr', 'Ms', 'Miss', 'Mrs', 'Madame', 'Monsieur']</msg>
<var>${allowed_titles}</var>
<arg>Mr</arg>
<arg>Ms</arg>
<arg>Miss</arg>
<arg>Mrs</arg>
<arg>Madame</arg>
<arg>Monsieur</arg>
<doc>Returns a list containing given items.</doc>
<status status="PASS" start="2024-04-08T22:15:18.259296" elapsed="0.000173"/>
</kw>
<kw name="List Should Contain Value" owner="Collections">
<msg time="2024-04-08T22:15:18.259947" level="INFO">False</msg>
<arg>${allowed_titles}</arg>
<arg>${name_title}</arg>
<doc>Fails if the ``value`` is not found from ``list``.</doc>
<status status="PASS" start="2024-04-08T22:15:18.259775" elapsed="0.000208"/>
</kw>
<kw name="Set Variable" owner="BuiltIn">
<msg time="2024-04-08T22:15:18.260654" level="INFO">${name_country} = IN</msg>
<var>${name_country}</var>
<arg>${json_data["results"][0]["nat"]}</arg>
<doc>Returns the given values which can then be assigned to a variables.</doc>
<status status="PASS" start="2024-04-08T22:15:18.260281" elapsed="0.000398"/>
</kw>
<kw name="Create List" owner="BuiltIn">
<msg time="2024-04-08T22:15:18.261626" level="INFO">${list_country} = ['AD', 'AE', 'AF', 'AG', 'AI', 'AL', 'AM', 'AO', 'AQ', 'AR', 'AS', 'AT', 'AU', 'AW', 'AX', 'AZ', 'BA', 'BB', 'BD', 'BE', 'BF', 'BG', 'BH', 'BI', 'BJ', 'BL', 'BM', 'BN', 'BO', 'BQ', 'BR', 'BS', 'BT', '...</msg>
<var>${list_country}</var>
<arg>AD</arg>
<arg>AE</arg>
<arg>AF</arg>
<arg>AG</arg>
<arg>AI</arg>
<arg>AL</arg>
<arg>AM</arg>
<arg>AO</arg>
<arg>AQ</arg>
<arg>AR</arg>
<arg>AS</arg>
<arg>AT</arg>
<arg>AU</arg>
<arg>AW</arg>
<arg>AX</arg>
<arg>AZ</arg>
<arg>BA</arg>
<arg>BB</arg>
<arg>BD</arg>
<arg>BE</arg>
<arg>BF</arg>
<arg>BG</arg>
<arg>BH</arg>
<arg>BI</arg>
<arg>BJ</arg>
<arg>BL</arg>
<arg>BM</arg>
<arg>BN</arg>
<arg>BO</arg>
<arg>BQ</arg>
<arg>BR</arg>
<arg>BS</arg>
<arg>BT</arg>
<arg>BV</arg>
<arg>BW</arg>
<arg>BY</arg>
<arg>BZ</arg>
<arg>CA</arg>
<arg>CC</arg>
<arg>CD</arg>
<arg>CF</arg>
<arg>CG</arg>
<arg>CH</arg>
<arg>CI</arg>
<arg>CK</arg>
<arg>CL</arg>
<arg>CM</arg>
<arg>CN</arg>
<arg>CO</arg>
<arg>CR</arg>
<arg>CU</arg>
<arg>CV</arg>
<arg>CW</arg>
<arg>CX</arg>
<arg>CY</arg>
<arg>CZ</arg>
<arg>DE</arg>
<arg>DJ</arg>
<arg>DK</arg>
<arg>DM</arg>
<arg>DO</arg>
<arg>DZ</arg>
<arg>EC</arg>
<arg>EE</arg>
<arg>EG</arg>
<arg>EH</arg>
<arg>ER</arg>
<arg>ES</arg>
<arg>ET</arg>
<arg>FI</arg>
<arg>FJ</arg>
<arg>FK</arg>
<arg>FM</arg>
<arg>FO</arg>
<arg>FR</arg>
<arg>GA</arg>
<arg>GB</arg>
<arg>GD</arg>
<arg>GE</arg>
<arg>GF</arg>
<arg>GG</arg>
<arg>GH</arg>
<arg>GI</arg>
<arg>GL</arg>
<arg>GM</arg>
<arg>GN</arg>
<arg>GP</arg>
<arg>GQ</arg>
<arg>GR</arg>
<arg>GS</arg>
<arg>GT</arg>
<arg>GU</arg>
<arg>GW</arg>
<arg>GY</arg>
<arg>HK</arg>
<arg>HM</arg>
<arg>HN</arg>
<arg>HR</arg>
<arg>HT</arg>
<arg>HU</arg>
<arg>ID</arg>
<arg>IE</arg>
<arg>IL</arg>
<arg>IM</arg>
<arg>IN</arg>
<arg>IO</arg>
<arg>IQ</arg>
<arg>IR</arg>
<arg>IS</arg>
<arg>IT</arg>
<arg>JE</arg>
<arg>JM</arg>
<arg>JO</arg>
<arg>JP</arg>
<arg>KE</arg>
<arg>KG</arg>
<arg>KH</arg>
<arg>KI</arg>
<arg>KM</arg>
<arg>KN</arg>
<arg>KP</arg>
<arg>KR</arg>
<arg>KW</arg>
<arg>KY</arg>
<arg>KZ</arg>
<arg>LA</arg>
<arg>LB</arg>
<arg>LC</arg>
<arg>LI</arg>
<arg>LK</arg>
<arg>LR</arg>
<arg>LS</arg>
<arg>LT</arg>
<arg>LU</arg>
<arg>LV</arg>
<arg>LY</arg>
<arg>MA</arg>
<arg>MC</arg>
<arg>MD</arg>
<arg>ME</arg>
<arg>MF</arg>
<arg>MG</arg>
<arg>MH</arg>
<arg>MK</arg>
<arg>ML</arg>
<arg>MM</arg>
<arg>MN</arg>
<arg>MO</arg>
<arg>MP</arg>
<arg>MQ</arg>
<arg>MR</arg>
<arg>MS</arg>
<arg>MT</arg>
<arg>MU</arg>
<arg>MV</arg>
<arg>MW</arg>
<arg>MX</arg>
<arg>MY</arg>
<arg>MZ</arg>
<arg>NA</arg>
<arg>NC</arg>
<arg>NE</arg>
<arg>NF</arg>
<arg>NG</arg>
<arg>NI</arg>
<arg>NL</arg>
<arg>NO</arg>
<arg>NP</arg>
<arg>NR</arg>
<arg>NU</arg>
<arg>NZ</arg>
<arg>OM</arg>
<arg>PA</arg>
<arg>PE</arg>
<arg>PF</arg>
<arg>PG</arg>
<arg>PH</arg>
<arg>PK</arg>
<arg>PL</arg>
<arg>PM</arg>
<arg>PN</arg>
<arg>PR</arg>
<arg>PS</arg>
<arg>PT</arg>
<arg>PW</arg>
<arg>PY</arg>
<arg>QA</arg>
<arg>RE</arg>
<arg>RO</arg>
<arg>RS</arg>
<arg>RU</arg>
<arg>RW</arg>
<arg>SA</arg>
<arg>SB</arg>
<arg>SC</arg>
<arg>SD</arg>
<arg>SE</arg>
<arg>SG</arg>
<arg>SH</arg>
<arg>SI</arg>
<arg>SJ</arg>
<arg>SK</arg>
<arg>SL</arg>
<arg>SM</arg>
<arg>SN</arg>
<arg>SO</arg>
<arg>SR</arg>
<arg>SS</arg>
<arg>ST</arg>
<arg>SV</arg>
<arg>SX</arg>
<arg>SY</arg>
<arg>SZ</arg>
<arg>TC</arg>
<arg>TD</arg>
<arg>TF</arg>
<arg>TG</arg>
<arg>TH</arg>
<arg>TJ</arg>
<arg>TK</arg>
<arg>TL</arg>
<arg>TM</arg>
<arg>TN</arg>
<arg>TO</arg>
<arg>TR</arg>
<arg>TT</arg>
<arg>TV</arg>
<arg>TW</arg>
<arg>TZ</arg>
<arg>UA</arg>
<arg>UG</arg>
<arg>UM</arg>
<arg>US</arg>
<arg>UY</arg>
<arg>UZ</arg>
<arg>VA</arg>
<arg>VC</arg>
<arg>VE</arg>
<arg>VG</arg>
<arg>VI</arg>
<arg>VN</arg>
<arg>VU</arg>
<arg>WF</arg>
<arg>WS</arg>
<arg>XK</arg>
<arg>YE</arg>
<arg>YT</arg>
<arg>ZA</arg>
<arg>ZM</arg>
<arg>ZW</arg>
<doc>Returns a list containing given items.</doc>
<status status="PASS" start="2024-04-08T22:15:18.261021" elapsed="0.000631"/>
</kw>
<kw name="List Should Contain Value" owner="Collections">
<msg time="2024-04-08T22:15:18.262650" level="INFO">False</msg>
<arg>${list_country}</arg>
<arg>${name_country}</arg>
<doc>Fails if the ``value`` is not found from ``list``.</doc>
<status status="PASS" start="2024-04-08T22:15:18.262449" elapsed="0.000238"/>
</kw>
<kw name="Run Keyword If" owner="BuiltIn">
<kw name="Should Be True" owner="BuiltIn">
<arg>${True}</arg>
<doc>Fails if the given condition is not true.</doc>
<status status="PASS" start="2024-04-08T22:15:18.263861" elapsed="0.000149"/>
</kw>
<arg>${json_data["results"][0]["location"]["coordinates"]["latitude"]} &gt;= -90 and ${json_data["results"][0]["location"]["coordinates"]["latitude"]} &lt;= 90</arg>
<arg>Should Be True</arg>
<arg>${True}</arg>
<doc>Runs the given keyword with the given arguments, if ``condition`` is true.</doc>
<status status="PASS" start="2024-04-08T22:15:18.262998" elapsed="0.001143"/>
</kw>
<kw name="Run Keyword If" owner="BuiltIn">
<kw name="Should Be True" owner="BuiltIn">
<arg>${True}</arg>
<doc>Fails if the given condition is not true.</doc>
<status status="PASS" start="2024-04-08T22:15:18.265054" elapsed="0.000144"/>
</kw>
<arg>${json_data["results"][0]["location"]["coordinates"]["longitude"]} &gt;= -180 and ${json_data["results"][0]["location"]["coordinates"]["longitude"]} &lt;= 180</arg>
<arg>Should Be True</arg>
<arg>${True}</arg>
<doc>Runs the given keyword with the given arguments, if ``condition`` is true.</doc>
<status status="PASS" start="2024-04-08T22:15:18.264328" elapsed="0.000995"/>
</kw>
<status status="PASS" start="2024-04-08T22:15:18.156785" elapsed="0.108668"/>
</kw>
<doc>Testa o conteúdo específico dos campos retornados pela API.</doc>
<tag>testeConteudo</tag>
<status status="PASS" start="2024-04-08T22:15:18.156284" elapsed="0.109318"/>
</test>
<status status="PASS" start="2024-04-08T22:15:17.478441" elapsed="0.789174"/>
</suite>
<status status="PASS" start="2024-04-08T22:15:17.464713" elapsed="0.808299"/>
</suite>
<statistics>
<total>
<stat pass="5" fail="0" skip="0">All Tests</stat>
</total>
<tag>
<stat pass="1" fail="0" skip="0">testeConteudo</stat>
<stat pass="1" fail="0" skip="0">testeEstruturaResposta</stat>
<stat pass="1" fail="0" skip="0">testeRequisicaoBasica</stat>
<stat pass="1" fail="0" skip="0">testeTiposDados</stat>
</tag>
<suite>
<stat pass="5" fail="0" skip="0" id="s1" name="Tests">Tests</stat>
<stat pass="5" fail="0" skip="0" id="s1-s1" name="Random-User-Test">Tests.Random-User-Test</stat>
</suite>
</statistics>
<errors>
</errors>
</robot>
