<?xml version="1.0" encoding="UTF-8"?>
<robot generator="Robot 7.0.1 (Python 3.12.4 on linux)" generated="2024-08-10T06:20:12.992593" rpa="false" schemaversion="5">
<suite id="s1" name="Tests" source="/home/runner/work/ApiRandomUser/ApiRandomUser/RamdonUser/tests">
<suite id="s1-s1" name="Random-User-Test" source="/home/runner/work/ApiRandomUser/ApiRandomUser/RamdonUser/tests/random-user-test.robot">
<test id="s1-s1-t1" name="Conectar" line="13">
<kw name="Conectar API" owner="random-user-service">
<kw name="Create Session" owner="RequestsLibrary">
<msg time="2024-08-10T06:20:13.392510" level="INFO">Creating Session using : alias=consultarAPI, url=https://randomuser.me/, headers={},                     cookies={}, auth=None, timeout=None, proxies=None, verify=False,                     debug=0 </msg>
<arg>consultarAPI</arg>
<arg>${URL}</arg>
<doc>Create Session: create a HTTP session to a server</doc>
<status status="PASS" start="2024-08-10T06:20:13.392313" elapsed="0.000368"/>
</kw>
<status status="PASS" start="2024-08-10T06:20:13.391256" elapsed="0.001779"/>
</kw>
<status status="PASS" start="2024-08-10T06:20:13.390654" elapsed="0.002576"/>
</test>
<test id="s1-s1-t2" name="Validar retorno 200 e JSON Válido" line="16">
<kw name="Teste de Requisicao Basica" owner="random-user-service">
<kw name="GET On Session" owner="RequestsLibrary">
<msg time="2024-08-10T06:20:13.622948" level="INFO">GET Request : url=https://randomuser.me/api 
 path_url=/api 
 headers={'User-Agent': 'python-requests/2.32.3', 'Accept-Encoding': 'gzip, deflate', 'Accept': '*/*', 'Connection': 'keep-alive'} 
 body=None 
 </msg>
<msg time="2024-08-10T06:20:13.623121" level="INFO">GET Response : url=https://randomuser.me/api 
 status=200, reason=OK 
 headers={'Date': 'Sat, 10 Aug 2024 06:20:13 GMT', 'Content-Type': 'application/json; charset=utf-8', 'Transfer-Encoding': 'chunked', 'Connection': 'keep-alive', 'X-Powered-By': 'Express', 'Access-Control-Allow-Origin': '*', 'Cache-Control': 'no-cache', 'ETag': 'W/"494-Ti7/AghGrpOldyrx805L0I5ow+E"', 'Vary': 'Accept-Encoding', 'Content-Encoding': 'gzip', 'CF-Cache-Status': 'DYNAMIC', 'Report-To': '{"endpoints":[{"url":"https:\\/\\/a.nel.cloudflare.com\\/report\\/v4?s=re7JHvRycZ7x%2FaLvEzpPOVgxoWAHgUBO452GlyfbIFweg315xZ7VOQDVlTHZQrSWmEV63G9Pm4SPvvHSLD%2BwziGYU2B8Li%2BaTuI0pVsVUpWpEFZWI74k8VaFQCF4lXzN"}],"group":"cf-nel","max_age":604800}', 'NEL': '{"success_fraction":0,"report_to":"cf-nel","max_age":604800}', 'Server': 'cloudflare', 'CF-RAY': '8b0de0f87cc5986d-SJC', 'alt-svc': 'h3=":443"; ma=86400'} 
 body={"results":[{"gender":"male","name":{"title":"Mr","first":"Valentin","last":"Laurent"},"location":{"street":{"number":2282,"name":"Place de L'Église"},"city":"Limoges","state":"Lot","country":"France","postcode":32275,"coordinates":{"latitude":"-14.1943","longitude":"-113.3601"},"timezone":{"offset":"-8:00","description":"Pacific Time (US &amp; Canada)"}},"email":"valentin.laurent@example.com","login":{"uuid":"f7233793-5224-450b-9024-f10d7c571e1b","username":"bluefish966","password":"01234567","salt":"uljqwbSv","md5":"d5dca5ea0381499f3a7d34fd8ff06cec","sha1":"c79f9c3ee3b73ac37c71e73a17711665a1a51cfe","sha256":"f6cfb722536db0c8a0c9f7965c9b387d4872c008bbb7db6f5276efc8dd1b2124"},"dob":{"date":"1951-05-17T02:36:27.321Z","age":73},"registered":{"date":"2003-06-11T21:21:03.331Z","age":21},"phone":"03-73-40-91-70","cell":"06-63-89-19-03","id":{"name":"INSEE","value":"1510499765345 65"},"picture":{"large":"https://randomuser.me/api/portraits/men/86.jpg","medium":"https://randomuser.me/api/portraits/med/men/86.jpg","thumbnail":"https://randomuser.me/api/portraits/thumb/men/86.jpg"},"nat":"FR"}],"info":{"seed":"9e9dfbdef1b76d12","results":1,"page":1,"version":"1.4"}} 
 </msg>
<msg time="2024-08-10T06:20:13.623219" level="INFO">/opt/hostedtoolcache/Python/3.12.4/x64/lib/python3.12/site-packages/urllib3/connectionpool.py:1099: InsecureRequestWarning: Unverified HTTPS request is being made to host 'randomuser.me'. Adding certificate verification is strongly advised. See: https://urllib3.readthedocs.io/en/latest/advanced-usage.html#tls-warnings
  warnings.warn(</msg>
<msg time="2024-08-10T06:20:13.623385" level="INFO">${response} = &lt;Response [200]&gt;</msg>
<var>${response}</var>
<arg>consultarAPI</arg>
<arg>/api</arg>
<doc>Sends a GET request on a previously created HTTP Session.</doc>
<status status="PASS" start="2024-08-10T06:20:13.395879" elapsed="0.227547"/>
</kw>
<kw name="Should Be Equal As Numbers" owner="BuiltIn">
<msg time="2024-08-10T06:20:13.624579" level="INFO">Argument types are:
&lt;class 'int'&gt;
&lt;class 'str'&gt;</msg>
<arg>${response.status_code}</arg>
<arg>200</arg>
<doc>Fails if objects are unequal after converting them to real numbers.</doc>
<status status="PASS" start="2024-08-10T06:20:13.624081" elapsed="0.000563"/>
</kw>
<kw name="Log" owner="BuiltIn">
<msg time="2024-08-10T06:20:13.625318" level="INFO">200</msg>
<arg>${response.status_code}</arg>
<doc>Logs the given message with the given level.</doc>
<status status="PASS" start="2024-08-10T06:20:13.624958" elapsed="0.000403"/>
</kw>
<kw name="Set Variable" owner="BuiltIn">
<msg time="2024-08-10T06:20:13.626102" level="INFO">${json_data} = {'results': [{'gender': 'male', 'name': {'title': 'Mr', 'first': 'Valentin', 'last': 'Laurent'}, 'location': {'street': {'number': 2282, 'name': "Place de L'Église"}, 'city': 'Limoges', 'state': 'Lot'...</msg>
<var>${json_data}</var>
<arg>${response.json()}</arg>
<doc>Returns the given values which can then be assigned to a variables.</doc>
<status status="PASS" start="2024-08-10T06:20:13.625665" elapsed="0.000466"/>
</kw>
<kw name="Dictionary Should Contain Key" owner="Collections">
<arg>${json_data}</arg>
<arg>results</arg>
<doc>Fails if ``key`` is not found from ``dictionary``.</doc>
<status status="PASS" start="2024-08-10T06:20:13.626438" elapsed="0.000322"/>
</kw>
<status status="PASS" start="2024-08-10T06:20:13.395603" elapsed="0.231313"/>
</kw>
<doc>Testa se a API responde corretamente e retorna um objeto JSON válido.</doc>
<tag>testeRequisicaoBasica</tag>
<status status="PASS" start="2024-08-10T06:20:13.395086" elapsed="0.232006"/>
</test>
<test id="s1-s1-t3" name="Validar estrutura de resposta" line="22">
<kw name="Teste de Estrutura de Resposta" owner="random-user-service">
<kw name="GET On Session" owner="RequestsLibrary">
<msg time="2024-08-10T06:20:13.714224" level="INFO">GET Request : url=https://randomuser.me/api 
 path_url=/api 
 headers={'User-Agent': 'python-requests/2.32.3', 'Accept-Encoding': 'gzip, deflate', 'Accept': '*/*', 'Connection': 'keep-alive'} 
 body=None 
 </msg>
<msg time="2024-08-10T06:20:13.714337" level="INFO">GET Response : url=https://randomuser.me/api 
 status=200, reason=OK 
 headers={'Date': 'Sat, 10 Aug 2024 06:20:13 GMT', 'Content-Type': 'application/json; charset=utf-8', 'Transfer-Encoding': 'chunked', 'Connection': 'keep-alive', 'X-Powered-By': 'Express', 'Access-Control-Allow-Origin': '*', 'Cache-Control': 'no-cache', 'ETag': 'W/"480-UAndgI5PWEMmwcXZFdf9MEWLE9I"', 'Vary': 'Accept-Encoding', 'Content-Encoding': 'gzip', 'CF-Cache-Status': 'DYNAMIC', 'Report-To': '{"endpoints":[{"url":"https:\\/\\/a.nel.cloudflare.com\\/report\\/v4?s=M0wK2cWLJyXevsQGV37u0VtVsVZsJpMtXfVRYmGZp4HlMnarsOAIzXhzpo%2BJvp131ZfIZ0OS2qO97%2FF5wkOlm%2FlnUlSTnnE9dn67q3yWJLsSS%2FdfM%2BuJ7LH50v7ddy%2Fa"}],"group":"cf-nel","max_age":604800}', 'NEL': '{"success_fraction":0,"report_to":"cf-nel","max_age":604800}', 'Server': 'cloudflare', 'CF-RAY': '8b0de0f93d1b986d-SJC', 'alt-svc': 'h3=":443"; ma=86400'} 
 body={"results":[{"gender":"male","name":{"title":"Mr","first":"Dave","last":"Lawrence"},"location":{"street":{"number":701,"name":"School Lane"},"city":"Sallins","state":"Donegal","country":"Ireland","postcode":64449,"coordinates":{"latitude":"-4.1274","longitude":"-174.7646"},"timezone":{"offset":"-7:00","description":"Mountain Time (US &amp; Canada)"}},"email":"dave.lawrence@example.com","login":{"uuid":"3821bd39-4d0d-4ace-b5d3-6b3af2e397f5","username":"ticklishduck486","password":"fireman","salt":"s1bZNX6o","md5":"28ed37e94cb89924489f6b32a9beec25","sha1":"025e93346b4f717c786f7f9bf7b1055aa1a66bcc","sha256":"b7341ed43abcf3f6f72800468cc499effbab3ff97617fda6f60905713b03dc9b"},"dob":{"date":"1984-08-31T07:52:12.351Z","age":39},"registered":{"date":"2006-06-09T06:20:34.313Z","age":18},"phone":"071-192-5493","cell":"081-752-0400","id":{"name":"PPS","value":"2284327T"},"picture":{"large":"https://randomuser.me/api/portraits/men/66.jpg","medium":"https://randomuser.me/api/portraits/med/men/66.jpg","thumbnail":"https://randomuser.me/api/portraits/thumb/men/66.jpg"},"nat":"IE"}],"info":{"seed":"d3d8daa608863ca5","results":1,"page":1,"version":"1.4"}} 
 </msg>
<msg time="2024-08-10T06:20:13.714478" level="INFO">/opt/hostedtoolcache/Python/3.12.4/x64/lib/python3.12/site-packages/urllib3/connectionpool.py:1099: InsecureRequestWarning: Unverified HTTPS request is being made to host 'randomuser.me'. Adding certificate verification is strongly advised. See: https://urllib3.readthedocs.io/en/latest/advanced-usage.html#tls-warnings
  warnings.warn(</msg>
<msg time="2024-08-10T06:20:13.714610" level="INFO">${response} = &lt;Response [200]&gt;</msg>
<var>${response}</var>
<arg>consultarAPI</arg>
<arg>/api</arg>
<doc>Sends a GET request on a previously created HTTP Session.</doc>
<status status="PASS" start="2024-08-10T06:20:13.629843" elapsed="0.084807"/>
</kw>
<kw name="Set Variable" owner="BuiltIn">
<msg time="2024-08-10T06:20:13.715825" level="INFO">${json_data} = {'results': [{'gender': 'male', 'name': {'title': 'Mr', 'first': 'Dave', 'last': 'Lawrence'}, 'location': {'street': {'number': 701, 'name': 'School Lane'}, 'city': 'Sallins', 'state': 'Donegal', 'cou...</msg>
<var>${json_data}</var>
<arg>${response.json()}</arg>
<doc>Returns the given values which can then be assigned to a variables.</doc>
<status status="PASS" start="2024-08-10T06:20:13.715239" elapsed="0.000623"/>
</kw>
<kw name="Log" owner="BuiltIn">
<msg time="2024-08-10T06:20:13.716324" level="INFO">{'results': [{'gender': 'male', 'name': {'title': 'Mr', 'first': 'Dave', 'last': 'Lawrence'}, 'location': {'street': {'number': 701, 'name': 'School Lane'}, 'city': 'Sallins', 'state': 'Donegal', 'country': 'Ireland', 'postcode': 64449, 'coordinates': {'latitude': '-4.1274', 'longitude': '-174.7646'}, 'timezone': {'offset': '-7:00', 'description': 'Mountain Time (US &amp; Canada)'}}, 'email': 'dave.lawrence@example.com', 'login': {'uuid': '3821bd39-4d0d-4ace-b5d3-6b3af2e397f5', 'username': 'ticklishduck486', 'password': 'fireman', 'salt': 's1bZNX6o', 'md5': '28ed37e94cb89924489f6b32a9beec25', 'sha1': '025e93346b4f717c786f7f9bf7b1055aa1a66bcc', 'sha256': 'b7341ed43abcf3f6f72800468cc499effbab3ff97617fda6f60905713b03dc9b'}, 'dob': {'date': '1984-08-31T07:52:12.351Z', 'age': 39}, 'registered': {'date': '2006-06-09T06:20:34.313Z', 'age': 18}, 'phone': '071-192-5493', 'cell': '081-752-0400', 'id': {'name': 'PPS', 'value': '2284327T'}, 'picture': {'large': 'https://randomuser.me/api/portraits/men/66.jpg', 'medium': 'https://randomuser.me/api/portraits/med/men/66.jpg', 'thumbnail': 'https://randomuser.me/api/portraits/thumb/men/66.jpg'}, 'nat': 'IE'}], 'info': {'seed': 'd3d8daa608863ca5', 'results': 1, 'page': 1, 'version': '1.4'}}</msg>
<arg>${json_data}</arg>
<doc>Logs the given message with the given level.</doc>
<status status="PASS" start="2024-08-10T06:20:13.716166" elapsed="0.000206"/>
</kw>
<kw name="Dictionary Should Contain Key" owner="Collections">
<arg>${json_data}</arg>
<arg>results</arg>
<doc>Fails if ``key`` is not found from ``dictionary``.</doc>
<status status="PASS" start="2024-08-10T06:20:13.716661" elapsed="0.000172"/>
</kw>
<kw name="Should Not Be Empty" owner="BuiltIn">
<msg time="2024-08-10T06:20:13.717136" level="INFO">Length is 2.</msg>
<arg>${json_data}</arg>
<doc>Verifies that the given item is not empty.</doc>
<status status="PASS" start="2024-08-10T06:20:13.717014" elapsed="0.000159"/>
</kw>
<kw name="Create List" owner="BuiltIn">
<msg time="2024-08-10T06:20:13.717610" level="INFO">${expected_keys} = ['gender', 'name', 'location', 'email', 'login']</msg>
<var>${expected_keys}</var>
<arg>gender</arg>
<arg>name</arg>
<arg>location</arg>
<arg>email</arg>
<arg>login</arg>
<doc>Returns a list containing given items.</doc>
<status status="PASS" start="2024-08-10T06:20:13.717455" elapsed="0.000179"/>
</kw>
<for flavor="IN">
<iter>
<kw name="Dictionary Should Contain Key" owner="Collections">
<arg>${json_data['results'][0]}</arg>
<arg>${key}</arg>
<doc>Fails if ``key`` is not found from ``dictionary``.</doc>
<status status="PASS" start="2024-08-10T06:20:13.718212" elapsed="0.000411"/>
</kw>
<kw name="Log" owner="BuiltIn">
<msg time="2024-08-10T06:20:13.719168" level="INFO">{'gender': 'male', 'name': {'title': 'Mr', 'first': 'Dave', 'last': 'Lawrence'}, 'location': {'street': {'number': 701, 'name': 'School Lane'}, 'city': 'Sallins', 'state': 'Donegal', 'country': 'Ireland', 'postcode': 64449, 'coordinates': {'latitude': '-4.1274', 'longitude': '-174.7646'}, 'timezone': {'offset': '-7:00', 'description': 'Mountain Time (US &amp; Canada)'}}, 'email': 'dave.lawrence@example.com', 'login': {'uuid': '3821bd39-4d0d-4ace-b5d3-6b3af2e397f5', 'username': 'ticklishduck486', 'password': 'fireman', 'salt': 's1bZNX6o', 'md5': '28ed37e94cb89924489f6b32a9beec25', 'sha1': '025e93346b4f717c786f7f9bf7b1055aa1a66bcc', 'sha256': 'b7341ed43abcf3f6f72800468cc499effbab3ff97617fda6f60905713b03dc9b'}, 'dob': {'date': '1984-08-31T07:52:12.351Z', 'age': 39}, 'registered': {'date': '2006-06-09T06:20:34.313Z', 'age': 18}, 'phone': '071-192-5493', 'cell': '081-752-0400', 'id': {'name': 'PPS', 'value': '2284327T'}, 'picture': {'large': 'https://randomuser.me/api/portraits/men/66.jpg', 'medium': 'https://randomuser.me/api/portraits/med/men/66.jpg', 'thumbnail': 'https://randomuser.me/api/portraits/thumb/men/66.jpg'}, 'nat': 'IE'}</msg>
<arg>${json_data['results'][0]}</arg>
<doc>Logs the given message with the given level.</doc>
<status status="PASS" start="2024-08-10T06:20:13.718813" elapsed="0.000405"/>
</kw>
<kw name="Log" owner="BuiltIn">
<msg time="2024-08-10T06:20:13.719641" level="INFO">gender</msg>
<arg>${key}</arg>
<doc>Logs the given message with the given level.</doc>
<status status="PASS" start="2024-08-10T06:20:13.719512" elapsed="0.000167"/>
</kw>
<var name="${key}">gender</var>
<status status="PASS" start="2024-08-10T06:20:13.718088" elapsed="0.001840"/>
</iter>
<iter>
<kw name="Dictionary Should Contain Key" owner="Collections">
<arg>${json_data['results'][0]}</arg>
<arg>${key}</arg>
<doc>Fails if ``key`` is not found from ``dictionary``.</doc>
<status status="PASS" start="2024-08-10T06:20:13.720227" elapsed="0.000386"/>
</kw>
<kw name="Log" owner="BuiltIn">
<msg time="2024-08-10T06:20:13.721145" level="INFO">{'gender': 'male', 'name': {'title': 'Mr', 'first': 'Dave', 'last': 'Lawrence'}, 'location': {'street': {'number': 701, 'name': 'School Lane'}, 'city': 'Sallins', 'state': 'Donegal', 'country': 'Ireland', 'postcode': 64449, 'coordinates': {'latitude': '-4.1274', 'longitude': '-174.7646'}, 'timezone': {'offset': '-7:00', 'description': 'Mountain Time (US &amp; Canada)'}}, 'email': 'dave.lawrence@example.com', 'login': {'uuid': '3821bd39-4d0d-4ace-b5d3-6b3af2e397f5', 'username': 'ticklishduck486', 'password': 'fireman', 'salt': 's1bZNX6o', 'md5': '28ed37e94cb89924489f6b32a9beec25', 'sha1': '025e93346b4f717c786f7f9bf7b1055aa1a66bcc', 'sha256': 'b7341ed43abcf3f6f72800468cc499effbab3ff97617fda6f60905713b03dc9b'}, 'dob': {'date': '1984-08-31T07:52:12.351Z', 'age': 39}, 'registered': {'date': '2006-06-09T06:20:34.313Z', 'age': 18}, 'phone': '071-192-5493', 'cell': '081-752-0400', 'id': {'name': 'PPS', 'value': '2284327T'}, 'picture': {'large': 'https://randomuser.me/api/portraits/men/66.jpg', 'medium': 'https://randomuser.me/api/portraits/med/men/66.jpg', 'thumbnail': 'https://randomuser.me/api/portraits/thumb/men/66.jpg'}, 'nat': 'IE'}</msg>
<arg>${json_data['results'][0]}</arg>
<doc>Logs the given message with the given level.</doc>
<status status="PASS" start="2024-08-10T06:20:13.720793" elapsed="0.000431"/>
</kw>
<kw name="Log" owner="BuiltIn">
<msg time="2024-08-10T06:20:13.721649" level="INFO">name</msg>
<arg>${key}</arg>
<doc>Logs the given message with the given level.</doc>
<status status="PASS" start="2024-08-10T06:20:13.721522" elapsed="0.000164"/>
</kw>
<var name="${key}">name</var>
<status status="PASS" start="2024-08-10T06:20:13.720111" elapsed="0.001790"/>
</iter>
<iter>
<kw name="Dictionary Should Contain Key" owner="Collections">
<arg>${json_data['results'][0]}</arg>
<arg>${key}</arg>
<doc>Fails if ``key`` is not found from ``dictionary``.</doc>
<status status="PASS" start="2024-08-10T06:20:13.722192" elapsed="0.000381"/>
</kw>
<kw name="Log" owner="BuiltIn">
<msg time="2024-08-10T06:20:13.723096" level="INFO">{'gender': 'male', 'name': {'title': 'Mr', 'first': 'Dave', 'last': 'Lawrence'}, 'location': {'street': {'number': 701, 'name': 'School Lane'}, 'city': 'Sallins', 'state': 'Donegal', 'country': 'Ireland', 'postcode': 64449, 'coordinates': {'latitude': '-4.1274', 'longitude': '-174.7646'}, 'timezone': {'offset': '-7:00', 'description': 'Mountain Time (US &amp; Canada)'}}, 'email': 'dave.lawrence@example.com', 'login': {'uuid': '3821bd39-4d0d-4ace-b5d3-6b3af2e397f5', 'username': 'ticklishduck486', 'password': 'fireman', 'salt': 's1bZNX6o', 'md5': '28ed37e94cb89924489f6b32a9beec25', 'sha1': '025e93346b4f717c786f7f9bf7b1055aa1a66bcc', 'sha256': 'b7341ed43abcf3f6f72800468cc499effbab3ff97617fda6f60905713b03dc9b'}, 'dob': {'date': '1984-08-31T07:52:12.351Z', 'age': 39}, 'registered': {'date': '2006-06-09T06:20:34.313Z', 'age': 18}, 'phone': '071-192-5493', 'cell': '081-752-0400', 'id': {'name': 'PPS', 'value': '2284327T'}, 'picture': {'large': 'https://randomuser.me/api/portraits/men/66.jpg', 'medium': 'https://randomuser.me/api/portraits/med/men/66.jpg', 'thumbnail': 'https://randomuser.me/api/portraits/thumb/men/66.jpg'}, 'nat': 'IE'}</msg>
<arg>${json_data['results'][0]}</arg>
<doc>Logs the given message with the given level.</doc>
<status status="PASS" start="2024-08-10T06:20:13.722754" elapsed="0.000390"/>
</kw>
<kw name="Log" owner="BuiltIn">
<msg time="2024-08-10T06:20:13.723573" level="INFO">location</msg>
<arg>${key}</arg>
<doc>Logs the given message with the given level.</doc>
<status status="PASS" start="2024-08-10T06:20:13.723447" elapsed="0.000164"/>
</kw>
<var name="${key}">location</var>
<status status="PASS" start="2024-08-10T06:20:13.722085" elapsed="0.001781"/>
</iter>
<iter>
<kw name="Dictionary Should Contain Key" owner="Collections">
<arg>${json_data['results'][0]}</arg>
<arg>${key}</arg>
<doc>Fails if ``key`` is not found from ``dictionary``.</doc>
<status status="PASS" start="2024-08-10T06:20:13.724147" elapsed="0.000384"/>
</kw>
<kw name="Log" owner="BuiltIn">
<msg time="2024-08-10T06:20:13.725179" level="INFO">{'gender': 'male', 'name': {'title': 'Mr', 'first': 'Dave', 'last': 'Lawrence'}, 'location': {'street': {'number': 701, 'name': 'School Lane'}, 'city': 'Sallins', 'state': 'Donegal', 'country': 'Ireland', 'postcode': 64449, 'coordinates': {'latitude': '-4.1274', 'longitude': '-174.7646'}, 'timezone': {'offset': '-7:00', 'description': 'Mountain Time (US &amp; Canada)'}}, 'email': 'dave.lawrence@example.com', 'login': {'uuid': '3821bd39-4d0d-4ace-b5d3-6b3af2e397f5', 'username': 'ticklishduck486', 'password': 'fireman', 'salt': 's1bZNX6o', 'md5': '28ed37e94cb89924489f6b32a9beec25', 'sha1': '025e93346b4f717c786f7f9bf7b1055aa1a66bcc', 'sha256': 'b7341ed43abcf3f6f72800468cc499effbab3ff97617fda6f60905713b03dc9b'}, 'dob': {'date': '1984-08-31T07:52:12.351Z', 'age': 39}, 'registered': {'date': '2006-06-09T06:20:34.313Z', 'age': 18}, 'phone': '071-192-5493', 'cell': '081-752-0400', 'id': {'name': 'PPS', 'value': '2284327T'}, 'picture': {'large': 'https://randomuser.me/api/portraits/men/66.jpg', 'medium': 'https://randomuser.me/api/portraits/med/men/66.jpg', 'thumbnail': 'https://randomuser.me/api/portraits/thumb/men/66.jpg'}, 'nat': 'IE'}</msg>
<arg>${json_data['results'][0]}</arg>
<doc>Logs the given message with the given level.</doc>
<status status="PASS" start="2024-08-10T06:20:13.724830" elapsed="0.000398"/>
</kw>
<kw name="Log" owner="BuiltIn">
<msg time="2024-08-10T06:20:13.725658" level="INFO">email</msg>
<arg>${key}</arg>
<doc>Logs the given message with the given level.</doc>
<status status="PASS" start="2024-08-10T06:20:13.725531" elapsed="0.000165"/>
</kw>
<var name="${key}">email</var>
<status status="PASS" start="2024-08-10T06:20:13.724039" elapsed="0.001869"/>
</iter>
<iter>
<kw name="Dictionary Should Contain Key" owner="Collections">
<arg>${json_data['results'][0]}</arg>
<arg>${key}</arg>
<doc>Fails if ``key`` is not found from ``dictionary``.</doc>
<status status="PASS" start="2024-08-10T06:20:13.726189" elapsed="0.000373"/>
</kw>
<kw name="Log" owner="BuiltIn">
<msg time="2024-08-10T06:20:13.727080" level="INFO">{'gender': 'male', 'name': {'title': 'Mr', 'first': 'Dave', 'last': 'Lawrence'}, 'location': {'street': {'number': 701, 'name': 'School Lane'}, 'city': 'Sallins', 'state': 'Donegal', 'country': 'Ireland', 'postcode': 64449, 'coordinates': {'latitude': '-4.1274', 'longitude': '-174.7646'}, 'timezone': {'offset': '-7:00', 'description': 'Mountain Time (US &amp; Canada)'}}, 'email': 'dave.lawrence@example.com', 'login': {'uuid': '3821bd39-4d0d-4ace-b5d3-6b3af2e397f5', 'username': 'ticklishduck486', 'password': 'fireman', 'salt': 's1bZNX6o', 'md5': '28ed37e94cb89924489f6b32a9beec25', 'sha1': '025e93346b4f717c786f7f9bf7b1055aa1a66bcc', 'sha256': 'b7341ed43abcf3f6f72800468cc499effbab3ff97617fda6f60905713b03dc9b'}, 'dob': {'date': '1984-08-31T07:52:12.351Z', 'age': 39}, 'registered': {'date': '2006-06-09T06:20:34.313Z', 'age': 18}, 'phone': '071-192-5493', 'cell': '081-752-0400', 'id': {'name': 'PPS', 'value': '2284327T'}, 'picture': {'large': 'https://randomuser.me/api/portraits/men/66.jpg', 'medium': 'https://randomuser.me/api/portraits/med/men/66.jpg', 'thumbnail': 'https://randomuser.me/api/portraits/thumb/men/66.jpg'}, 'nat': 'IE'}</msg>
<arg>${json_data['results'][0]}</arg>
<doc>Logs the given message with the given level.</doc>
<status status="PASS" start="2024-08-10T06:20:13.726739" elapsed="0.000398"/>
</kw>
<kw name="Log" owner="BuiltIn">
<msg time="2024-08-10T06:20:13.727550" level="INFO">login</msg>
<arg>${key}</arg>
<doc>Logs the given message with the given level.</doc>
<status status="PASS" start="2024-08-10T06:20:13.727425" elapsed="0.000163"/>
</kw>
<var name="${key}">login</var>
<status status="PASS" start="2024-08-10T06:20:13.726080" elapsed="0.001759"/>
</iter>
<var>${key}</var>
<value>@{expected_keys}</value>
<status status="PASS" start="2024-08-10T06:20:13.717893" elapsed="0.010079"/>
</for>
<kw name="Create List" owner="BuiltIn">
<msg time="2024-08-10T06:20:13.728298" level="INFO">${expected_keysTwo} = ['username', 'password']</msg>
<var>${expected_keysTwo}</var>
<arg>username</arg>
<arg>password</arg>
<doc>Returns a list containing given items.</doc>
<status status="PASS" start="2024-08-10T06:20:13.728162" elapsed="0.000160"/>
</kw>
<for flavor="IN">
<iter>
<kw name="Dictionary Should Contain Key" owner="Collections">
<arg>${json_data['results'][0]['login']}</arg>
<arg>${keyTwo}</arg>
<doc>Fails if ``key`` is not found from ``dictionary``.</doc>
<status status="PASS" start="2024-08-10T06:20:13.728847" elapsed="0.000392"/>
</kw>
<kw name="Dictionary Should Contain Key" owner="Collections">
<arg>${json_data['results'][0]['login']}</arg>
<arg>${keyTwo}</arg>
<doc>Fails if ``key`` is not found from ``dictionary``.</doc>
<status status="PASS" start="2024-08-10T06:20:13.729419" elapsed="0.000376"/>
</kw>
<kw name="Log" owner="BuiltIn">
<msg time="2024-08-10T06:20:13.730083" level="INFO">username</msg>
<arg>${keyTwo}</arg>
<doc>Logs the given message with the given level.</doc>
<status status="PASS" start="2024-08-10T06:20:13.729968" elapsed="0.000152"/>
</kw>
<var name="${keyTwo}">username</var>
<status status="PASS" start="2024-08-10T06:20:13.728739" elapsed="0.001595"/>
</iter>
<iter>
<kw name="Dictionary Should Contain Key" owner="Collections">
<arg>${json_data['results'][0]['login']}</arg>
<arg>${keyTwo}</arg>
<doc>Fails if ``key`` is not found from ``dictionary``.</doc>
<status status="PASS" start="2024-08-10T06:20:13.730612" elapsed="0.000382"/>
</kw>
<kw name="Dictionary Should Contain Key" owner="Collections">
<arg>${json_data['results'][0]['login']}</arg>
<arg>${keyTwo}</arg>
<doc>Fails if ``key`` is not found from ``dictionary``.</doc>
<status status="PASS" start="2024-08-10T06:20:13.731169" elapsed="0.000369"/>
</kw>
<kw name="Log" owner="BuiltIn">
<msg time="2024-08-10T06:20:13.731867" level="INFO">password</msg>
<arg>${keyTwo}</arg>
<doc>Logs the given message with the given level.</doc>
<status status="PASS" start="2024-08-10T06:20:13.731716" elapsed="0.000189"/>
</kw>
<var name="${keyTwo}">password</var>
<status status="PASS" start="2024-08-10T06:20:13.730508" elapsed="0.001616"/>
</iter>
<var>${keyTwo}</var>
<value>@{expected_keysTwo}</value>
<status status="PASS" start="2024-08-10T06:20:13.728588" elapsed="0.003655"/>
</for>
<status status="PASS" start="2024-08-10T06:20:13.629610" elapsed="0.102771"/>
</kw>
<doc>Testa a estrutura da resposta da API.</doc>
<tag>testeEstruturaResposta</tag>
<status status="PASS" start="2024-08-10T06:20:13.629019" elapsed="0.103517"/>
</test>
<test id="s1-s1-t4" name="Validar tipos de dados" line="28">
<kw name="Teste de Tipos de Dados" owner="random-user-service">
<kw name="GET On Session" owner="RequestsLibrary">
<msg time="2024-08-10T06:20:13.821729" level="INFO">GET Request : url=https://randomuser.me/api 
 path_url=/api 
 headers={'User-Agent': 'python-requests/2.32.3', 'Accept-Encoding': 'gzip, deflate', 'Accept': '*/*', 'Connection': 'keep-alive'} 
 body=None 
 </msg>
<msg time="2024-08-10T06:20:13.821826" level="INFO">GET Response : url=https://randomuser.me/api 
 status=200, reason=OK 
 headers={'Date': 'Sat, 10 Aug 2024 06:20:13 GMT', 'Content-Type': 'application/json; charset=utf-8', 'Transfer-Encoding': 'chunked', 'Connection': 'keep-alive', 'X-Powered-By': 'Express', 'Access-Control-Allow-Origin': '*', 'Cache-Control': 'no-cache', 'ETag': 'W/"49a-ZsjScNRE7eYZ58u/sdO+b5kZcK4"', 'Vary': 'Accept-Encoding', 'Content-Encoding': 'gzip', 'CF-Cache-Status': 'DYNAMIC', 'Report-To': '{"endpoints":[{"url":"https:\\/\\/a.nel.cloudflare.com\\/report\\/v4?s=lcpa%2FSCQw9EmiCrjzj96wlIKluGSA8k6bmBKfRR8brLX4zDqi51KGuHWKQ6QdrNBmK3pLDOJTGGbtdLz5V5FcOurqK%2BPuYG6ATzuzb0HmvgtjwU4kQHMCSqrcW5bhv4r"}],"group":"cf-nel","max_age":604800}', 'NEL': '{"success_fraction":0,"report_to":"cf-nel","max_age":604800}', 'Server': 'cloudflare', 'CF-RAY': '8b0de0f9dd70986d-SJC', 'alt-svc': 'h3=":443"; ma=86400'} 
 body={"results":[{"gender":"female","name":{"title":"Mrs","first":"Isabella","last":"Walker"},"location":{"street":{"number":9672,"name":"George St"},"city":"Burlington","state":"Québec","country":"Canada","postcode":"K0S 7Y2","coordinates":{"latitude":"-67.1585","longitude":"141.1747"},"timezone":{"offset":"-4:00","description":"Atlantic Time (Canada), Caracas, La Paz"}},"email":"isabella.walker@example.com","login":{"uuid":"8e64f81d-2242-4b1c-8dae-6cbc4b624b0f","username":"tinykoala776","password":"oakley","salt":"krlUfUc1","md5":"9b34dd9291577e1d0d5625599b79c54c","sha1":"f17b34a47c77e5fe269ff49349d86251a4ea3c58","sha256":"11b3b38b636a310328fb4d0a7507251edeba50fd252ace4b36458ed7c819634e"},"dob":{"date":"1984-10-13T22:53:20.431Z","age":39},"registered":{"date":"2018-04-11T20:30:08.556Z","age":6},"phone":"S31 H70-9507","cell":"A41 D64-8125","id":{"name":"SIN","value":"260355623"},"picture":{"large":"https://randomuser.me/api/portraits/women/29.jpg","medium":"https://randomuser.me/api/portraits/med/women/29.jpg","thumbnail":"https://randomuser.me/api/portraits/thumb/women/29.jpg"},"nat":"CA"}],"info":{"seed":"beed5283d252f906","results":1,"page":1,"version":"1.4"}} 
 </msg>
<msg time="2024-08-10T06:20:13.821895" level="INFO">/opt/hostedtoolcache/Python/3.12.4/x64/lib/python3.12/site-packages/urllib3/connectionpool.py:1099: InsecureRequestWarning: Unverified HTTPS request is being made to host 'randomuser.me'. Adding certificate verification is strongly advised. See: https://urllib3.readthedocs.io/en/latest/advanced-usage.html#tls-warnings
  warnings.warn(</msg>
<msg time="2024-08-10T06:20:13.822017" level="INFO">${response} = &lt;Response [200]&gt;</msg>
<var>${response}</var>
<arg>consultarAPI</arg>
<arg>/api</arg>
<doc>Sends a GET request on a previously created HTTP Session.</doc>
<status status="PASS" start="2024-08-10T06:20:13.735301" elapsed="0.086758"/>
</kw>
<kw name="Set Variable" owner="BuiltIn">
<msg time="2024-08-10T06:20:13.823273" level="INFO">${json_data} = {'results': [{'gender': 'female', 'name': {'title': 'Mrs', 'first': 'Isabella', 'last': 'Walker'}, 'location': {'street': {'number': 9672, 'name': 'George St'}, 'city': 'Burlington', 'state': 'Québec'...</msg>
<var>${json_data}</var>
<arg>${response.json()}</arg>
<doc>Returns the given values which can then be assigned to a variables.</doc>
<status status="PASS" start="2024-08-10T06:20:13.822697" elapsed="0.000606"/>
</kw>
<kw name="Log" owner="BuiltIn">
<msg time="2024-08-10T06:20:13.823814" level="INFO">{'results': [{'gender': 'female', 'name': {'title': 'Mrs', 'first': 'Isabella', 'last': 'Walker'}, 'location': {'street': {'number': 9672, 'name': 'George St'}, 'city': 'Burlington', 'state': 'Québec', 'country': 'Canada', 'postcode': 'K0S 7Y2', 'coordinates': {'latitude': '-67.1585', 'longitude': '141.1747'}, 'timezone': {'offset': '-4:00', 'description': 'Atlantic Time (Canada), Caracas, La Paz'}}, 'email': 'isabella.walker@example.com', 'login': {'uuid': '8e64f81d-2242-4b1c-8dae-6cbc4b624b0f', 'username': 'tinykoala776', 'password': 'oakley', 'salt': 'krlUfUc1', 'md5': '9b34dd9291577e1d0d5625599b79c54c', 'sha1': 'f17b34a47c77e5fe269ff49349d86251a4ea3c58', 'sha256': '11b3b38b636a310328fb4d0a7507251edeba50fd252ace4b36458ed7c819634e'}, 'dob': {'date': '1984-10-13T22:53:20.431Z', 'age': 39}, 'registered': {'date': '2018-04-11T20:30:08.556Z', 'age': 6}, 'phone': 'S31 H70-9507', 'cell': 'A41 D64-8125', 'id': {'name': 'SIN', 'value': '260355623'}, 'picture': {'large': 'https://randomuser.me/api/portraits/women/29.jpg', 'medium': 'https://randomuser.me/api/portraits/med/women/29.jpg', 'thumbnail': 'https://randomuser.me/api/portraits/thumb/women/29.jpg'}, 'nat': 'CA'}], 'info': {'seed': 'beed5283d252f906', 'results': 1, 'page': 1, 'version': '1.4'}}</msg>
<arg>${json_data}</arg>
<doc>Logs the given message with the given level.</doc>
<status status="PASS" start="2024-08-10T06:20:13.823615" elapsed="0.000261"/>
</kw>
<kw name="Should Be String" owner="String">
<arg>${json_data['results'][0]['gender']}</arg>
<doc>Fails if the given ``item`` is not a string.</doc>
<status status="PASS" start="2024-08-10T06:20:13.824186" elapsed="0.000374"/>
</kw>
<kw name="Should Match Regexp" owner="BuiltIn">
<arg>${json_data['results'][0]['email']}</arg>
<arg>^[a-zA-Z0-9._%+-]+@[a-zA-Z0-9.-]+\.[a-zA-Z]{2,}$</arg>
<doc>Fails if ``string`` does not match ``pattern`` as a regular expression.</doc>
<status status="PASS" start="2024-08-10T06:20:13.824758" elapsed="0.000521"/>
</kw>
<kw name="Should Match Regexp" owner="BuiltIn">
<arg>${json_data['results'][0]['dob']['date']}</arg>
<arg>\\d{4}-\\d{2}-\\d{2}T\\d{2}:\\d{2}:\\d{2}\\.\\d{3}Z</arg>
<doc>Fails if ``string`` does not match ``pattern`` as a regular expression.</doc>
<status status="PASS" start="2024-08-10T06:20:13.825514" elapsed="0.000642"/>
</kw>
<kw name="Should Match Regexp" owner="BuiltIn">
<arg>${json_data['results'][0]['registered']['date']}</arg>
<arg>\\d{4}-\\d{2}-\\d{2}T\\d{2}:\\d{2}:\\d{2}\\.\\d{3}Z</arg>
<doc>Fails if ``string`` does not match ``pattern`` as a regular expression.</doc>
<status status="PASS" start="2024-08-10T06:20:13.826348" elapsed="0.000367"/>
</kw>
<kw name="Should Match Regexp" owner="BuiltIn">
<arg>${json_data['results'][0]['picture']['large']}</arg>
<arg>^https?://.*\.(?:png|jpe?g|gif|bmp)$</arg>
<doc>Fails if ``string`` does not match ``pattern`` as a regular expression.</doc>
<status status="PASS" start="2024-08-10T06:20:13.826900" elapsed="0.000455"/>
</kw>
<kw name="Should Match Regexp" owner="BuiltIn">
<arg>${json_data['results'][0]['picture']['medium']}</arg>
<arg>^https?://.*\.(?:png|jpe?g|gif|bmp)$</arg>
<doc>Fails if ``string`` does not match ``pattern`` as a regular expression.</doc>
<status status="PASS" start="2024-08-10T06:20:13.827540" elapsed="0.000388"/>
</kw>
<kw name="Should Match Regexp" owner="BuiltIn">
<arg>${json_data['results'][0]['picture']['thumbnail']}</arg>
<arg>^https?://.*\.(?:png|jpe?g|gif|bmp)$</arg>
<doc>Fails if ``string`` does not match ``pattern`` as a regular expression.</doc>
<status status="PASS" start="2024-08-10T06:20:13.828114" elapsed="0.000356"/>
</kw>
<kw name="Log" owner="BuiltIn">
<msg time="2024-08-10T06:20:13.828971" level="INFO">{'large': 'https://randomuser.me/api/portraits/women/29.jpg', 'medium': 'https://randomuser.me/api/portraits/med/women/29.jpg', 'thumbnail': 'https://randomuser.me/api/portraits/thumb/women/29.jpg'}</msg>
<arg>${json_data['results'][0]['picture']}</arg>
<doc>Logs the given message with the given level.</doc>
<status status="PASS" start="2024-08-10T06:20:13.828651" elapsed="0.000363"/>
</kw>
<status status="PASS" start="2024-08-10T06:20:13.734962" elapsed="0.094307"/>
</kw>
<kw name="Teste de Tipos de Dados - Postcode" owner="random-user-service">
<kw name="GET On Session" owner="RequestsLibrary">
<msg time="2024-08-10T06:20:13.934282" level="INFO">GET Request : url=https://randomuser.me/api 
 path_url=/api 
 headers={'User-Agent': 'python-requests/2.32.3', 'Accept-Encoding': 'gzip, deflate', 'Accept': '*/*', 'Connection': 'keep-alive'} 
 body=None 
 </msg>
<msg time="2024-08-10T06:20:13.934375" level="INFO">GET Response : url=https://randomuser.me/api 
 status=200, reason=OK 
 headers={'Date': 'Sat, 10 Aug 2024 06:20:13 GMT', 'Content-Type': 'application/json; charset=utf-8', 'Transfer-Encoding': 'chunked', 'Connection': 'keep-alive', 'X-Powered-By': 'Express', 'Access-Control-Allow-Origin': '*', 'Cache-Control': 'no-cache', 'ETag': 'W/"482-uV3xx5uY2wDcaGQFv0kHF8XmpbI"', 'Vary': 'Accept-Encoding', 'Content-Encoding': 'gzip', 'CF-Cache-Status': 'DYNAMIC', 'Report-To': '{"endpoints":[{"url":"https:\\/\\/a.nel.cloudflare.com\\/report\\/v4?s=xkraB%2FX7us85a4kQaN0%2F24mH%2F6sNn%2FKwfgCu4d6cVYmQB9XZOZRy6EYUBCvm2S3esF6f%2B2iXyYXHvdxcYTtJ76A%2BK8C5iUnjJ8uIwf6gobFCu025PbmdWE3F7v%2Feqb51"}],"group":"cf-nel","max_age":604800}', 'NEL': '{"success_fraction":0,"report_to":"cf-nel","max_age":604800}', 'Server': 'cloudflare', 'CF-RAY': '8b0de0fa7dc9986d-SJC', 'alt-svc': 'h3=":443"; ma=86400'} 
 body={"results":[{"gender":"female","name":{"title":"Miss","first":"Jeanette","last":"Powell"},"location":{"street":{"number":1965,"name":"Mcgowen St"},"city":"Tampa","state":"Alaska","country":"United States","postcode":56861,"coordinates":{"latitude":"82.1882","longitude":"14.8678"},"timezone":{"offset":"-2:00","description":"Mid-Atlantic"}},"email":"jeanette.powell@example.com","login":{"uuid":"7b4537e0-800f-4a4e-858e-7c0fbc7b63b0","username":"tinyladybug778","password":"lobo","salt":"cc0Mr3su","md5":"4a01927cb4d33b942028829dcc7890fe","sha1":"4d7a2281c6656f290ce023ca1016ac2448f98199","sha256":"9d2901d0576a32ccd80c055349914b5904c327fe144d4b00b9a66d0212197b83"},"dob":{"date":"1947-12-11T18:25:02.726Z","age":76},"registered":{"date":"2021-05-14T18:13:18.374Z","age":3},"phone":"(847) 527-0041","cell":"(975) 642-3483","id":{"name":"SSN","value":"263-71-7198"},"picture":{"large":"https://randomuser.me/api/portraits/women/70.jpg","medium":"https://randomuser.me/api/portraits/med/women/70.jpg","thumbnail":"https://randomuser.me/api/portraits/thumb/women/70.jpg"},"nat":"US"}],"info":{"seed":"f5fafaa8123d6ef7","results":1,"page":1,"version":"1.4"}} 
 </msg>
<msg time="2024-08-10T06:20:13.934439" level="INFO">/opt/hostedtoolcache/Python/3.12.4/x64/lib/python3.12/site-packages/urllib3/connectionpool.py:1099: InsecureRequestWarning: Unverified HTTPS request is being made to host 'randomuser.me'. Adding certificate verification is strongly advised. See: https://urllib3.readthedocs.io/en/latest/advanced-usage.html#tls-warnings
  warnings.warn(</msg>
<msg time="2024-08-10T06:20:13.934553" level="INFO">${response} = &lt;Response [200]&gt;</msg>
<var>${response}</var>
<arg>consultarAPI</arg>
<arg>/api</arg>
<doc>Sends a GET request on a previously created HTTP Session.</doc>
<status status="PASS" start="2024-08-10T06:20:13.829730" elapsed="0.104867"/>
</kw>
<kw name="Set Variable" owner="BuiltIn">
<msg time="2024-08-10T06:20:13.935589" level="INFO">${json_data} = {'results': [{'gender': 'female', 'name': {'title': 'Miss', 'first': 'Jeanette', 'last': 'Powell'}, 'location': {'street': {'number': 1965, 'name': 'Mcgowen St'}, 'city': 'Tampa', 'state': 'Alaska', '...</msg>
<var>${json_data}</var>
<arg>${response.json()}</arg>
<doc>Returns the given values which can then be assigned to a variables.</doc>
<status status="PASS" start="2024-08-10T06:20:13.935080" elapsed="0.000537"/>
</kw>
<kw name="Log" owner="BuiltIn">
<msg time="2024-08-10T06:20:13.936120" level="INFO">{'results': [{'gender': 'female', 'name': {'title': 'Miss', 'first': 'Jeanette', 'last': 'Powell'}, 'location': {'street': {'number': 1965, 'name': 'Mcgowen St'}, 'city': 'Tampa', 'state': 'Alaska', 'country': 'United States', 'postcode': 56861, 'coordinates': {'latitude': '82.1882', 'longitude': '14.8678'}, 'timezone': {'offset': '-2:00', 'description': 'Mid-Atlantic'}}, 'email': 'jeanette.powell@example.com', 'login': {'uuid': '7b4537e0-800f-4a4e-858e-7c0fbc7b63b0', 'username': 'tinyladybug778', 'password': 'lobo', 'salt': 'cc0Mr3su', 'md5': '4a01927cb4d33b942028829dcc7890fe', 'sha1': '4d7a2281c6656f290ce023ca1016ac2448f98199', 'sha256': '9d2901d0576a32ccd80c055349914b5904c327fe144d4b00b9a66d0212197b83'}, 'dob': {'date': '1947-12-11T18:25:02.726Z', 'age': 76}, 'registered': {'date': '2021-05-14T18:13:18.374Z', 'age': 3}, 'phone': '(847) 527-0041', 'cell': '(975) 642-3483', 'id': {'name': 'SSN', 'value': '263-71-7198'}, 'picture': {'large': 'https://randomuser.me/api/portraits/women/70.jpg', 'medium': 'https://randomuser.me/api/portraits/med/women/70.jpg', 'thumbnail': 'https://randomuser.me/api/portraits/thumb/women/70.jpg'}, 'nat': 'US'}], 'info': {'seed': 'f5fafaa8123d6ef7', 'results': 1, 'page': 1, 'version': '1.4'}}</msg>
<arg>${json_data}</arg>
<doc>Logs the given message with the given level.</doc>
<status status="PASS" start="2024-08-10T06:20:13.935965" elapsed="0.000201"/>
</kw>
<kw name="Should Be Equal As Numbers" owner="BuiltIn">
<arg>${json_data['results'][0]['location']['postcode']}</arg>
<arg>${json_data['results'][0]['location']['postcode']}</arg>
<doc>Fails if objects are unequal after converting them to real numbers.</doc>
<status status="PASS" start="2024-08-10T06:20:13.936453" elapsed="0.000616"/>
</kw>
<kw name="Log" owner="BuiltIn">
<msg time="2024-08-10T06:20:13.937589" level="INFO">56861</msg>
<arg>${json_data['results'][0]['location']['postcode']}</arg>
<doc>Logs the given message with the given level.</doc>
<status status="PASS" start="2024-08-10T06:20:13.937254" elapsed="0.000374"/>
</kw>
<status status="PASS" start="2024-08-10T06:20:13.829499" elapsed="0.108412"/>
</kw>
<doc>Testa se os tipos de dados na resposta da API estão corretos.</doc>
<tag>testeTiposDados</tag>
<status status="PASS" start="2024-08-10T06:20:13.734339" elapsed="0.203742"/>
</test>
<test id="s1-s1-t5" name="Validar conteudo" line="35">
<kw name="Teste de Tipos de Conteudo" owner="random-user-service">
<kw name="GET On Session" owner="RequestsLibrary">
<msg time="2024-08-10T06:20:14.031448" level="INFO">GET Request : url=https://randomuser.me/api 
 path_url=/api 
 headers={'User-Agent': 'python-requests/2.32.3', 'Accept-Encoding': 'gzip, deflate', 'Accept': '*/*', 'Connection': 'keep-alive'} 
 body=None 
 </msg>
<msg time="2024-08-10T06:20:14.031520" level="INFO">GET Response : url=https://randomuser.me/api 
 status=200, reason=OK 
 headers={'Date': 'Sat, 10 Aug 2024 06:20:14 GMT', 'Content-Type': 'application/json; charset=utf-8', 'Transfer-Encoding': 'chunked', 'Connection': 'keep-alive', 'X-Powered-By': 'Express', 'Access-Control-Allow-Origin': '*', 'Cache-Control': 'no-cache', 'ETag': 'W/"48b-cGqJei00YPEwvivV6vvveZnxRNg"', 'Vary': 'Accept-Encoding', 'Content-Encoding': 'gzip', 'CF-Cache-Status': 'DYNAMIC', 'Report-To': '{"endpoints":[{"url":"https:\\/\\/a.nel.cloudflare.com\\/report\\/v4?s=xSOWTQkvXc3zVHpxHaCrrLHTe%2FtRYj2zJUJsIGIeKMzGE8NEqXJrBiD8yWZwFWdk1oirqFaa7Omrcvw73bPVhS%2BYNmSdGSNX2ggpxKBSCR%2B3K9GYPx%2B8N0ki7xKegffY"}],"group":"cf-nel","max_age":604800}', 'NEL': '{"success_fraction":0,"report_to":"cf-nel","max_age":604800}', 'Server': 'cloudflare', 'CF-RAY': '8b0de0fb2e20986d-SJC', 'alt-svc': 'h3=":443"; ma=86400'} 
 body={"results":[{"gender":"male","name":{"title":"Mr","first":"Tanmay","last":"Jain"},"location":{"street":{"number":308,"name":"MG Rd Bangalore"},"city":"Lucknow","state":"Rajasthan","country":"India","postcode":73290,"coordinates":{"latitude":"11.7198","longitude":"-96.5393"},"timezone":{"offset":"-4:00","description":"Atlantic Time (Canada), Caracas, La Paz"}},"email":"tanmay.jain@example.com","login":{"uuid":"e64088db-f139-4939-9855-893b1fdb003f","username":"greenfrog587","password":"killkill","salt":"8gpJIoMK","md5":"09f28aef0f2ee15918c23aa67b40c51d","sha1":"72d44473b2df9c554160b81fab29f2b8488fd84e","sha256":"28e53c185be39615141ed55c5cfec5e9d0967856a71dc9b7ae202e03bc573e43"},"dob":{"date":"1977-11-03T22:16:25.363Z","age":46},"registered":{"date":"2006-07-16T22:50:36.978Z","age":18},"phone":"7987002910","cell":"7914556981","id":{"name":"UIDAI","value":"688231851243"},"picture":{"large":"https://randomuser.me/api/portraits/men/68.jpg","medium":"https://randomuser.me/api/portraits/med/men/68.jpg","thumbnail":"https://randomuser.me/api/portraits/thumb/men/68.jpg"},"nat":"IN"}],"info":{"seed":"e0abe7d10d2bc581","results":1,"page":1,"version":"1.4"}} 
 </msg>
<msg time="2024-08-10T06:20:14.031578" level="INFO">/opt/hostedtoolcache/Python/3.12.4/x64/lib/python3.12/site-packages/urllib3/connectionpool.py:1099: InsecureRequestWarning: Unverified HTTPS request is being made to host 'randomuser.me'. Adding certificate verification is strongly advised. See: https://urllib3.readthedocs.io/en/latest/advanced-usage.html#tls-warnings
  warnings.warn(</msg>
<msg time="2024-08-10T06:20:14.031674" level="INFO">${response} = &lt;Response [200]&gt;</msg>
<var>${response}</var>
<arg>consultarAPI</arg>
<arg>/api</arg>
<doc>Sends a GET request on a previously created HTTP Session.</doc>
<status status="PASS" start="2024-08-10T06:20:13.940503" elapsed="0.091213"/>
</kw>
<kw name="Set Variable" owner="BuiltIn">
<msg time="2024-08-10T06:20:14.032795" level="INFO">${json_data} = {'results': [{'gender': 'male', 'name': {'title': 'Mr', 'first': 'Tanmay', 'last': 'Jain'}, 'location': {'street': {'number': 308, 'name': 'MG Rd Bangalore'}, 'city': 'Lucknow', 'state': 'Rajasthan', ...</msg>
<var>${json_data}</var>
<arg>${response.json()}</arg>
<doc>Returns the given values which can then be assigned to a variables.</doc>
<status status="PASS" start="2024-08-10T06:20:14.032230" elapsed="0.000595"/>
</kw>
<kw name="Set Variable" owner="BuiltIn">
<msg time="2024-08-10T06:20:14.033523" level="INFO">${name_title} = Mr</msg>
<var>${name_title}</var>
<arg>${json_data["results"][0]["name"]["title"]}</arg>
<doc>Returns the given values which can then be assigned to a variables.</doc>
<status status="PASS" start="2024-08-10T06:20:14.033134" elapsed="0.000415"/>
</kw>
<kw name="Create List" owner="BuiltIn">
<msg time="2024-08-10T06:20:14.033997" level="INFO">${allowed_titles} = ['Mr', 'Ms', 'Miss', 'Mrs', 'Madame', 'Monsieur']</msg>
<var>${allowed_titles}</var>
<arg>Mr</arg>
<arg>Ms</arg>
<arg>Miss</arg>
<arg>Mrs</arg>
<arg>Madame</arg>
<arg>Monsieur</arg>
<doc>Returns a list containing given items.</doc>
<status status="PASS" start="2024-08-10T06:20:14.033847" elapsed="0.000175"/>
</kw>
<kw name="List Should Contain Value" owner="Collections">
<arg>${allowed_titles}</arg>
<arg>${name_title}</arg>
<doc>Fails if the ``value`` is not found from ``list``.</doc>
<status status="PASS" start="2024-08-10T06:20:14.034321" elapsed="0.000179"/>
</kw>
<kw name="Set Variable" owner="BuiltIn">
<msg time="2024-08-10T06:20:14.035068" level="INFO">${name_country} = IN</msg>
<var>${name_country}</var>
<arg>${json_data["results"][0]["nat"]}</arg>
<doc>Returns the given values which can then be assigned to a variables.</doc>
<status status="PASS" start="2024-08-10T06:20:14.034685" elapsed="0.000408"/>
</kw>
<kw name="Create List" owner="BuiltIn">
<msg time="2024-08-10T06:20:14.036015" level="INFO">${list_country} = ['AD', 'AE', 'AF', 'AG', 'AI', 'AL', 'AM', 'AO', 'AQ', 'AR', 'AS', 'AT', 'AU', 'AW', 'AX', 'AZ', 'BA', 'BB', 'BD', 'BE', 'BF', 'BG', 'BH', 'BI', 'BJ', 'BL', 'BM', 'BN', 'BO', 'BQ', 'BR', 'BS', 'BT', '...</msg>
<var>${list_country}</var>
<arg>AD</arg>
<arg>AE</arg>
<arg>AF</arg>
<arg>AG</arg>
<arg>AI</arg>
<arg>AL</arg>
<arg>AM</arg>
<arg>AO</arg>
<arg>AQ</arg>
<arg>AR</arg>
<arg>AS</arg>
<arg>AT</arg>
<arg>AU</arg>
<arg>AW</arg>
<arg>AX</arg>
<arg>AZ</arg>
<arg>BA</arg>
<arg>BB</arg>
<arg>BD</arg>
<arg>BE</arg>
<arg>BF</arg>
<arg>BG</arg>
<arg>BH</arg>
<arg>BI</arg>
<arg>BJ</arg>
<arg>BL</arg>
<arg>BM</arg>
<arg>BN</arg>
<arg>BO</arg>
<arg>BQ</arg>
<arg>BR</arg>
<arg>BS</arg>
<arg>BT</arg>
<arg>BV</arg>
<arg>BW</arg>
<arg>BY</arg>
<arg>BZ</arg>
<arg>CA</arg>
<arg>CC</arg>
<arg>CD</arg>
<arg>CF</arg>
<arg>CG</arg>
<arg>CH</arg>
<arg>CI</arg>
<arg>CK</arg>
<arg>CL</arg>
<arg>CM</arg>
<arg>CN</arg>
<arg>CO</arg>
<arg>CR</arg>
<arg>CU</arg>
<arg>CV</arg>
<arg>CW</arg>
<arg>CX</arg>
<arg>CY</arg>
<arg>CZ</arg>
<arg>DE</arg>
<arg>DJ</arg>
<arg>DK</arg>
<arg>DM</arg>
<arg>DO</arg>
<arg>DZ</arg>
<arg>EC</arg>
<arg>EE</arg>
<arg>EG</arg>
<arg>EH</arg>
<arg>ER</arg>
<arg>ES</arg>
<arg>ET</arg>
<arg>FI</arg>
<arg>FJ</arg>
<arg>FK</arg>
<arg>FM</arg>
<arg>FO</arg>
<arg>FR</arg>
<arg>GA</arg>
<arg>GB</arg>
<arg>GD</arg>
<arg>GE</arg>
<arg>GF</arg>
<arg>GG</arg>
<arg>GH</arg>
<arg>GI</arg>
<arg>GL</arg>
<arg>GM</arg>
<arg>GN</arg>
<arg>GP</arg>
<arg>GQ</arg>
<arg>GR</arg>
<arg>GS</arg>
<arg>GT</arg>
<arg>GU</arg>
<arg>GW</arg>
<arg>GY</arg>
<arg>HK</arg>
<arg>HM</arg>
<arg>HN</arg>
<arg>HR</arg>
<arg>HT</arg>
<arg>HU</arg>
<arg>ID</arg>
<arg>IE</arg>
<arg>IL</arg>
<arg>IM</arg>
<arg>IN</arg>
<arg>IO</arg>
<arg>IQ</arg>
<arg>IR</arg>
<arg>IS</arg>
<arg>IT</arg>
<arg>JE</arg>
<arg>JM</arg>
<arg>JO</arg>
<arg>JP</arg>
<arg>KE</arg>
<arg>KG</arg>
<arg>KH</arg>
<arg>KI</arg>
<arg>KM</arg>
<arg>KN</arg>
<arg>KP</arg>
<arg>KR</arg>
<arg>KW</arg>
<arg>KY</arg>
<arg>KZ</arg>
<arg>LA</arg>
<arg>LB</arg>
<arg>LC</arg>
<arg>LI</arg>
<arg>LK</arg>
<arg>LR</arg>
<arg>LS</arg>
<arg>LT</arg>
<arg>LU</arg>
<arg>LV</arg>
<arg>LY</arg>
<arg>MA</arg>
<arg>MC</arg>
<arg>MD</arg>
<arg>ME</arg>
<arg>MF</arg>
<arg>MG</arg>
<arg>MH</arg>
<arg>MK</arg>
<arg>ML</arg>
<arg>MM</arg>
<arg>MN</arg>
<arg>MO</arg>
<arg>MP</arg>
<arg>MQ</arg>
<arg>MR</arg>
<arg>MS</arg>
<arg>MT</arg>
<arg>MU</arg>
<arg>MV</arg>
<arg>MW</arg>
<arg>MX</arg>
<arg>MY</arg>
<arg>MZ</arg>
<arg>NA</arg>
<arg>NC</arg>
<arg>NE</arg>
<arg>NF</arg>
<arg>NG</arg>
<arg>NI</arg>
<arg>NL</arg>
<arg>NO</arg>
<arg>NP</arg>
<arg>NR</arg>
<arg>NU</arg>
<arg>NZ</arg>
<arg>OM</arg>
<arg>PA</arg>
<arg>PE</arg>
<arg>PF</arg>
<arg>PG</arg>
<arg>PH</arg>
<arg>PK</arg>
<arg>PL</arg>
<arg>PM</arg>
<arg>PN</arg>
<arg>PR</arg>
<arg>PS</arg>
<arg>PT</arg>
<arg>PW</arg>
<arg>PY</arg>
<arg>QA</arg>
<arg>RE</arg>
<arg>RO</arg>
<arg>RS</arg>
<arg>RU</arg>
<arg>RW</arg>
<arg>SA</arg>
<arg>SB</arg>
<arg>SC</arg>
<arg>SD</arg>
<arg>SE</arg>
<arg>SG</arg>
<arg>SH</arg>
<arg>SI</arg>
<arg>SJ</arg>
<arg>SK</arg>
<arg>SL</arg>
<arg>SM</arg>
<arg>SN</arg>
<arg>SO</arg>
<arg>SR</arg>
<arg>SS</arg>
<arg>ST</arg>
<arg>SV</arg>
<arg>SX</arg>
<arg>SY</arg>
<arg>SZ</arg>
<arg>TC</arg>
<arg>TD</arg>
<arg>TF</arg>
<arg>TG</arg>
<arg>TH</arg>
<arg>TJ</arg>
<arg>TK</arg>
<arg>TL</arg>
<arg>TM</arg>
<arg>TN</arg>
<arg>TO</arg>
<arg>TR</arg>
<arg>TT</arg>
<arg>TV</arg>
<arg>TW</arg>
<arg>TZ</arg>
<arg>UA</arg>
<arg>UG</arg>
<arg>UM</arg>
<arg>US</arg>
<arg>UY</arg>
<arg>UZ</arg>
<arg>VA</arg>
<arg>VC</arg>
<arg>VE</arg>
<arg>VG</arg>
<arg>VI</arg>
<arg>VN</arg>
<arg>VU</arg>
<arg>WF</arg>
<arg>WS</arg>
<arg>XK</arg>
<arg>YE</arg>
<arg>YT</arg>
<arg>ZA</arg>
<arg>ZM</arg>
<arg>ZW</arg>
<doc>Returns a list containing given items.</doc>
<status status="PASS" start="2024-08-10T06:20:14.035386" elapsed="0.000657"/>
</kw>
<kw name="List Should Contain Value" owner="Collections">
<arg>${list_country}</arg>
<arg>${name_country}</arg>
<doc>Fails if the ``value`` is not found from ``list``.</doc>
<status status="PASS" start="2024-08-10T06:20:14.037018" elapsed="0.000209"/>
</kw>
<kw name="Run Keyword If" owner="BuiltIn">
<kw name="Should Be True" owner="BuiltIn">
<arg>${True}</arg>
<doc>Fails if the given condition is not true.</doc>
<status status="PASS" start="2024-08-10T06:20:14.038173" elapsed="0.000142"/>
</kw>
<arg>${json_data["results"][0]["location"]["coordinates"]["latitude"]} &gt;= -90 and ${json_data["results"][0]["location"]["coordinates"]["latitude"]} &lt;= 90</arg>
<arg>Should Be True</arg>
<arg>${True}</arg>
<doc>Runs the given keyword with the given arguments, if ``condition`` is true.</doc>
<status status="PASS" start="2024-08-10T06:20:14.037426" elapsed="0.001013"/>
</kw>
<kw name="Run Keyword If" owner="BuiltIn">
<kw name="Should Be True" owner="BuiltIn">
<arg>${True}</arg>
<doc>Fails if the given condition is not true.</doc>
<status status="PASS" start="2024-08-10T06:20:14.039305" elapsed="0.000133"/>
</kw>
<arg>${json_data["results"][0]["location"]["coordinates"]["longitude"]} &gt;= -180 and ${json_data["results"][0]["location"]["coordinates"]["longitude"]} &lt;= 180</arg>
<arg>Should Be True</arg>
<arg>${True}</arg>
<doc>Runs the given keyword with the given arguments, if ``condition`` is true.</doc>
<status status="PASS" start="2024-08-10T06:20:14.038616" elapsed="0.000944"/>
</kw>
<status status="PASS" start="2024-08-10T06:20:13.940274" elapsed="0.099412"/>
</kw>
<doc>Testa o conteúdo específico dos campos retornados pela API.</doc>
<tag>testeConteudo</tag>
<status status="PASS" start="2024-08-10T06:20:13.939832" elapsed="0.100050"/>
</test>
<status status="PASS" start="2024-08-10T06:20:13.052573" elapsed="0.989275"/>
</suite>
<status status="PASS" start="2024-08-10T06:20:13.038140" elapsed="1.008790"/>
</suite>
<statistics>
<total>
<stat pass="5" fail="0" skip="0">All Tests</stat>
</total>
<tag>
<stat pass="1" fail="0" skip="0">testeConteudo</stat>
<stat pass="1" fail="0" skip="0">testeEstruturaResposta</stat>
<stat pass="1" fail="0" skip="0">testeRequisicaoBasica</stat>
<stat pass="1" fail="0" skip="0">testeTiposDados</stat>
</tag>
<suite>
<stat pass="5" fail="0" skip="0" id="s1" name="Tests">Tests</stat>
<stat pass="5" fail="0" skip="0" id="s1-s1" name="Random-User-Test">Tests.Random-User-Test</stat>
</suite>
</statistics>
<errors>
</errors>
</robot>
