<?xml version="1.0" encoding="UTF-8"?>
<robot generator="Robot 7.0 (Python 3.12.2 on linux)" generated="2024-04-01T16:17:24.109754" rpa="false" schemaversion="5">
<suite id="s1" name="Tests" source="/home/runner/work/DesafioQAItauRogerioJordao/DesafioQAItauRogerioJordao/RamdonUser/tests">
<suite id="s1-s1" name="Random-User-Test" source="/home/runner/work/DesafioQAItauRogerioJordao/DesafioQAItauRogerioJordao/RamdonUser/tests/random-user-test.robot">
<test id="s1-s1-t1" name="Conectar" line="13">
<kw name="Conectar API" owner="random-user-service">
<kw name="Create Session" owner="RequestsLibrary">
<msg time="2024-04-01T16:17:24.510145" level="INFO">Creating Session using : alias=consultarAPI, url=https://randomuser.me/, headers={},                     cookies={}, auth=None, timeout=None, proxies=None, verify=False,                     debug=0 </msg>
<arg>consultarAPI</arg>
<arg>${URL}</arg>
<doc>Create Session: create a HTTP session to a server</doc>
<status status="PASS" start="2024-04-01T16:17:24.509932" elapsed="0.000460"/>
</kw>
<status status="PASS" start="2024-04-01T16:17:24.508807" elapsed="0.001982"/>
</kw>
<status status="PASS" start="2024-04-01T16:17:24.508163" elapsed="0.002834"/>
</test>
<test id="s1-s1-t2" name="Validar retorno 200 e JSON Válido" line="16">
<kw name="Teste de Requisicao Basica" owner="random-user-service">
<kw name="GET On Session" owner="RequestsLibrary">
<msg time="2024-04-01T16:17:24.594245" level="INFO">GET Request : url=https://randomuser.me/api 
 path_url=/api 
 headers={'User-Agent': 'python-requests/2.31.0', 'Accept-Encoding': 'gzip, deflate', 'Accept': '*/*', 'Connection': 'keep-alive'} 
 body=None 
 </msg>
<msg time="2024-04-01T16:17:24.594426" level="INFO">GET Response : url=https://randomuser.me/api 
 status=200, reason=OK 
 headers={'Date': 'Mon, 01 Apr 2024 16:17:24 GMT', 'Content-Type': 'application/json; charset=utf-8', 'Transfer-Encoding': 'chunked', 'Connection': 'keep-alive', 'X-Powered-By': 'Express', 'Access-Control-Allow-Origin': '*', 'Cache-Control': 'no-cache', 'ETag': 'W/"49c-7QJw1KH7ytVm+J6PlvGoFSLM5FQ"', 'Vary': 'Accept-Encoding', 'Content-Encoding': 'gzip', 'CF-Cache-Status': 'DYNAMIC', 'Report-To': '{"endpoints":[{"url":"https:\\/\\/a.nel.cloudflare.com\\/report\\/v4?s=KDHIGh8Gkg3l8qOfoT7VL4nbQ%2B7EBeMRg9N8bThge7j2S0xBJ20UTZFuwwFvjPuIReoYeziVYDzHff%2FLeOJ4eU7jg5KZHWq7vgFdlP%2BRH6TDbXMqpETvLI1AyVsvq3S%2B"}],"group":"cf-nel","max_age":604800}', 'NEL': '{"success_fraction":0,"report_to":"cf-nel","max_age":604800}', 'Server': 'cloudflare', 'CF-RAY': '86d9e3a07d1b20ba-IAD', 'alt-svc': 'h3=":443"; ma=86400'} 
 body={"results":[{"gender":"male","name":{"title":"Mr","first":"Onni","last":"Seppanen"},"location":{"street":{"number":2313,"name":"Tehtaankatu"},"city":"Kihniö","state":"South Karelia","country":"Finland","postcode":33310,"coordinates":{"latitude":"-22.3693","longitude":"-28.9097"},"timezone":{"offset":"0:00","description":"Western Europe Time, London, Lisbon, Casablanca"}},"email":"onni.seppanen@example.com","login":{"uuid":"bd73e4b4-79a8-482e-91ed-7898f6509899","username":"tinyswan544","password":"baker","salt":"CKNGHk6J","md5":"cdd067e2997404f86929cc137f34f97d","sha1":"1b73e81b6993b7ad4e474369f317515cc6d04c95","sha256":"8ea79dc32f4b8760552659b0e0278d1fa231eadc12ace3a962db4ca67cfafd21"},"dob":{"date":"1975-03-28T05:48:43.716Z","age":49},"registered":{"date":"2014-09-09T14:13:15.910Z","age":9},"phone":"09-430-555","cell":"045-482-14-55","id":{"name":"HETU","value":"NaNNA087undefined"},"picture":{"large":"https://randomuser.me/api/portraits/men/52.jpg","medium":"https://randomuser.me/api/portraits/med/men/52.jpg","thumbnail":"https://randomuser.me/api/portraits/thumb/men/52.jpg"},"nat":"FI"}],"info":{"seed":"6c1c2069df23a3f3","results":1,"page":1,"version":"1.4"}} 
 </msg>
<msg time="2024-04-01T16:17:24.594535" level="INFO">/opt/hostedtoolcache/Python/3.12.2/x64/lib/python3.12/site-packages/urllib3/connectionpool.py:1103: InsecureRequestWarning: Unverified HTTPS request is being made to host 'randomuser.me'. Adding certificate verification is strongly advised. See: https://urllib3.readthedocs.io/en/latest/advanced-usage.html#tls-warnings
  warnings.warn(</msg>
<msg time="2024-04-01T16:17:24.594700" level="INFO">${response} = &lt;Response [200]&gt;</msg>
<var>${response}</var>
<arg>consultarAPI</arg>
<arg>/api</arg>
<doc>Sends a GET request on a previously created HTTP Session.</doc>
<status status="PASS" start="2024-04-01T16:17:24.513663" elapsed="0.081078"/>
</kw>
<kw name="Should Be Equal As Numbers" owner="BuiltIn">
<msg time="2024-04-01T16:17:24.595910" level="INFO">Argument types are:
&lt;class 'int'&gt;
&lt;class 'str'&gt;</msg>
<arg>${response.status_code}</arg>
<arg>200</arg>
<doc>Fails if objects are unequal after converting them to real numbers.</doc>
<status status="PASS" start="2024-04-01T16:17:24.595413" elapsed="0.000575"/>
</kw>
<kw name="Log" owner="BuiltIn">
<msg time="2024-04-01T16:17:24.596688" level="INFO">200</msg>
<arg>${response.status_code}</arg>
<doc>Logs the given message with the given level.</doc>
<status status="PASS" start="2024-04-01T16:17:24.596331" elapsed="0.000400"/>
</kw>
<kw name="Set Variable" owner="BuiltIn">
<msg time="2024-04-01T16:17:24.597505" level="INFO">${json_data} = {'results': [{'gender': 'male', 'name': {'title': 'Mr', 'first': 'Onni', 'last': 'Seppanen'}, 'location': {'street': {'number': 2313, 'name': 'Tehtaankatu'}, 'city': 'Kihniö', 'state': 'South Karelia'...</msg>
<var>${json_data}</var>
<arg>${response.json()}</arg>
<doc>Returns the given values which can then be assigned to a variables.</doc>
<status status="PASS" start="2024-04-01T16:17:24.597056" elapsed="0.000478"/>
</kw>
<kw name="Dictionary Should Contain Key" owner="Collections">
<msg time="2024-04-01T16:17:24.598004" level="INFO">False</msg>
<arg>${json_data}</arg>
<arg>results</arg>
<doc>Fails if ``key`` is not found from ``dictionary``.</doc>
<status status="PASS" start="2024-04-01T16:17:24.597834" elapsed="0.000209"/>
</kw>
<status status="PASS" start="2024-04-01T16:17:24.513408" elapsed="0.084923"/>
</kw>
<doc>Testa se a API responde corretamente e retorna um objeto JSON válido.</doc>
<tag>testeRequisicaoBasica</tag>
<status status="PASS" start="2024-04-01T16:17:24.512870" elapsed="0.085655"/>
</test>
<test id="s1-s1-t3" name="Validar estrutura de resposta" line="22">
<kw name="Teste de Estrutura de Resposta" owner="random-user-service">
<kw name="GET On Session" owner="RequestsLibrary">
<msg time="2024-04-01T16:17:24.698835" level="INFO">GET Request : url=https://randomuser.me/api 
 path_url=/api 
 headers={'User-Agent': 'python-requests/2.31.0', 'Accept-Encoding': 'gzip, deflate', 'Accept': '*/*', 'Connection': 'keep-alive'} 
 body=None 
 </msg>
<msg time="2024-04-01T16:17:24.698937" level="INFO">GET Response : url=https://randomuser.me/api 
 status=200, reason=OK 
 headers={'Date': 'Mon, 01 Apr 2024 16:17:24 GMT', 'Content-Type': 'application/json; charset=utf-8', 'Transfer-Encoding': 'chunked', 'Connection': 'keep-alive', 'X-Powered-By': 'Express', 'Access-Control-Allow-Origin': '*', 'Cache-Control': 'no-cache', 'ETag': 'W/"481-U9BhtNcTqRuUMJWd0z4TkEEslcA"', 'Vary': 'Accept-Encoding', 'Content-Encoding': 'gzip', 'CF-Cache-Status': 'DYNAMIC', 'Report-To': '{"endpoints":[{"url":"https:\\/\\/a.nel.cloudflare.com\\/report\\/v4?s=NrSY7l6P0B6z1eqU%2FTsTg9w7hSnsYLShnZmFsp3A2cldBx7TZUA7aORJnyGnrV%2FCpWNu%2FBsHr3yCzNJUkp5eVKAC7o8922i5x%2BqrPSp9re3fryzVomPIK3f2BtbCRL%2Fa"}],"group":"cf-nel","max_age":604800}', 'NEL': '{"success_fraction":0,"report_to":"cf-nel","max_age":604800}', 'Server': 'cloudflare', 'CF-RAY': '86d9e3a0cd9420ba-IAD', 'alt-svc': 'h3=":443"; ma=86400'} 
 body={"results":[{"gender":"female","name":{"title":"Ms","first":"Freyja","last":"Mjelde"},"location":{"street":{"number":451,"name":"Jacob Fayes vei"},"city":"Helgeroa","state":"Rogaland","country":"Norway","postcode":"5947","coordinates":{"latitude":"41.2293","longitude":"122.4053"},"timezone":{"offset":"-7:00","description":"Mountain Time (US &amp; Canada)"}},"email":"freyja.mjelde@example.com","login":{"uuid":"58b3064a-85cc-4cf1-9a9f-42b0bc8debf7","username":"whitefish259","password":"mars","salt":"wVVU9hwQ","md5":"c1b4a3e95cc95fde8506333f3f4c943c","sha1":"b40f68eed279f6e317b260115e21e92d5b906984","sha256":"bc2f2c5f867647afc3d634970e750fe560b3301e73e05d9c16b5fc8789641f5e"},"dob":{"date":"1983-10-31T21:08:04.559Z","age":40},"registered":{"date":"2002-12-01T22:10:04.326Z","age":21},"phone":"75897948","cell":"90542493","id":{"name":"FN","value":"31108325839"},"picture":{"large":"https://randomuser.me/api/portraits/women/67.jpg","medium":"https://randomuser.me/api/portraits/med/women/67.jpg","thumbnail":"https://randomuser.me/api/portraits/thumb/women/67.jpg"},"nat":"NO"}],"info":{"seed":"90754bceae60ab9c","results":1,"page":1,"version":"1.4"}} 
 </msg>
<msg time="2024-04-01T16:17:24.699087" level="INFO">/opt/hostedtoolcache/Python/3.12.2/x64/lib/python3.12/site-packages/urllib3/connectionpool.py:1103: InsecureRequestWarning: Unverified HTTPS request is being made to host 'randomuser.me'. Adding certificate verification is strongly advised. See: https://urllib3.readthedocs.io/en/latest/advanced-usage.html#tls-warnings
  warnings.warn(</msg>
<msg time="2024-04-01T16:17:24.699231" level="INFO">${response} = &lt;Response [200]&gt;</msg>
<var>${response}</var>
<arg>consultarAPI</arg>
<arg>/api</arg>
<doc>Sends a GET request on a previously created HTTP Session.</doc>
<status status="PASS" start="2024-04-01T16:17:24.601387" elapsed="0.097886"/>
</kw>
<kw name="Set Variable" owner="BuiltIn">
<msg time="2024-04-01T16:17:24.700479" level="INFO">${json_data} = {'results': [{'gender': 'female', 'name': {'title': 'Ms', 'first': 'Freyja', 'last': 'Mjelde'}, 'location': {'street': {'number': 451, 'name': 'Jacob Fayes vei'}, 'city': 'Helgeroa', 'state': 'Rogalan...</msg>
<var>${json_data}</var>
<arg>${response.json()}</arg>
<doc>Returns the given values which can then be assigned to a variables.</doc>
<status status="PASS" start="2024-04-01T16:17:24.699895" elapsed="0.000614"/>
</kw>
<kw name="Log" owner="BuiltIn">
<msg time="2024-04-01T16:17:24.700992" level="INFO">{'results': [{'gender': 'female', 'name': {'title': 'Ms', 'first': 'Freyja', 'last': 'Mjelde'}, 'location': {'street': {'number': 451, 'name': 'Jacob Fayes vei'}, 'city': 'Helgeroa', 'state': 'Rogaland', 'country': 'Norway', 'postcode': '5947', 'coordinates': {'latitude': '41.2293', 'longitude': '122.4053'}, 'timezone': {'offset': '-7:00', 'description': 'Mountain Time (US &amp; Canada)'}}, 'email': 'freyja.mjelde@example.com', 'login': {'uuid': '58b3064a-85cc-4cf1-9a9f-42b0bc8debf7', 'username': 'whitefish259', 'password': 'mars', 'salt': 'wVVU9hwQ', 'md5': 'c1b4a3e95cc95fde8506333f3f4c943c', 'sha1': 'b40f68eed279f6e317b260115e21e92d5b906984', 'sha256': 'bc2f2c5f867647afc3d634970e750fe560b3301e73e05d9c16b5fc8789641f5e'}, 'dob': {'date': '1983-10-31T21:08:04.559Z', 'age': 40}, 'registered': {'date': '2002-12-01T22:10:04.326Z', 'age': 21}, 'phone': '75897948', 'cell': '90542493', 'id': {'name': 'FN', 'value': '31108325839'}, 'picture': {'large': 'https://randomuser.me/api/portraits/women/67.jpg', 'medium': 'https://randomuser.me/api/portraits/med/women/67.jpg', 'thumbnail': 'https://randomuser.me/api/portraits/thumb/women/67.jpg'}, 'nat': 'NO'}], 'info': {'seed': '90754bceae60ab9c', 'results': 1, 'page': 1, 'version': '1.4'}}</msg>
<arg>${json_data}</arg>
<doc>Logs the given message with the given level.</doc>
<status status="PASS" start="2024-04-01T16:17:24.700828" elapsed="0.000215"/>
</kw>
<kw name="Dictionary Should Contain Key" owner="Collections">
<msg time="2024-04-01T16:17:24.701502" level="INFO">False</msg>
<arg>${json_data}</arg>
<arg>results</arg>
<doc>Fails if ``key`` is not found from ``dictionary``.</doc>
<status status="PASS" start="2024-04-01T16:17:24.701343" elapsed="0.000197"/>
</kw>
<kw name="Should Not Be Empty" owner="BuiltIn">
<msg time="2024-04-01T16:17:24.701977" level="INFO">Length is 2.</msg>
<arg>${json_data}</arg>
<doc>Verifies that the given item is not empty.</doc>
<status status="PASS" start="2024-04-01T16:17:24.701843" elapsed="0.000173"/>
</kw>
<kw name="Create List" owner="BuiltIn">
<msg time="2024-04-01T16:17:24.702481" level="INFO">${expected_keys} = ['gender', 'name', 'location', 'email', 'login']</msg>
<var>${expected_keys}</var>
<arg>gender</arg>
<arg>name</arg>
<arg>location</arg>
<arg>email</arg>
<arg>login</arg>
<doc>Returns a list containing given items.</doc>
<status status="PASS" start="2024-04-01T16:17:24.702329" elapsed="0.000176"/>
</kw>
<for flavor="IN">
<iter>
<kw name="Dictionary Should Contain Key" owner="Collections">
<msg time="2024-04-01T16:17:24.703505" level="INFO">False</msg>
<arg>${json_data['results'][0]}</arg>
<arg>${key}</arg>
<doc>Fails if ``key`` is not found from ``dictionary``.</doc>
<status status="PASS" start="2024-04-01T16:17:24.703091" elapsed="0.000454"/>
</kw>
<kw name="Log" owner="BuiltIn">
<msg time="2024-04-01T16:17:24.704229" level="INFO">{'gender': 'female', 'name': {'title': 'Ms', 'first': 'Freyja', 'last': 'Mjelde'}, 'location': {'street': {'number': 451, 'name': 'Jacob Fayes vei'}, 'city': 'Helgeroa', 'state': 'Rogaland', 'country': 'Norway', 'postcode': '5947', 'coordinates': {'latitude': '41.2293', 'longitude': '122.4053'}, 'timezone': {'offset': '-7:00', 'description': 'Mountain Time (US &amp; Canada)'}}, 'email': 'freyja.mjelde@example.com', 'login': {'uuid': '58b3064a-85cc-4cf1-9a9f-42b0bc8debf7', 'username': 'whitefish259', 'password': 'mars', 'salt': 'wVVU9hwQ', 'md5': 'c1b4a3e95cc95fde8506333f3f4c943c', 'sha1': 'b40f68eed279f6e317b260115e21e92d5b906984', 'sha256': 'bc2f2c5f867647afc3d634970e750fe560b3301e73e05d9c16b5fc8789641f5e'}, 'dob': {'date': '1983-10-31T21:08:04.559Z', 'age': 40}, 'registered': {'date': '2002-12-01T22:10:04.326Z', 'age': 21}, 'phone': '75897948', 'cell': '90542493', 'id': {'name': 'FN', 'value': '31108325839'}, 'picture': {'large': 'https://randomuser.me/api/portraits/women/67.jpg', 'medium': 'https://randomuser.me/api/portraits/med/women/67.jpg', 'thumbnail': 'https://randomuser.me/api/portraits/thumb/women/67.jpg'}, 'nat': 'NO'}</msg>
<arg>${json_data['results'][0]}</arg>
<doc>Logs the given message with the given level.</doc>
<status status="PASS" start="2024-04-01T16:17:24.703856" elapsed="0.000429"/>
</kw>
<kw name="Log" owner="BuiltIn">
<msg time="2024-04-01T16:17:24.704728" level="INFO">gender</msg>
<arg>${key}</arg>
<doc>Logs the given message with the given level.</doc>
<status status="PASS" start="2024-04-01T16:17:24.704593" elapsed="0.000175"/>
</kw>
<var name="${key}">gender</var>
<status status="PASS" start="2024-04-01T16:17:24.702963" elapsed="0.002038"/>
</iter>
<iter>
<kw name="Dictionary Should Contain Key" owner="Collections">
<msg time="2024-04-01T16:17:24.705695" level="INFO">False</msg>
<arg>${json_data['results'][0]}</arg>
<arg>${key}</arg>
<doc>Fails if ``key`` is not found from ``dictionary``.</doc>
<status status="PASS" start="2024-04-01T16:17:24.705313" elapsed="0.000421"/>
</kw>
<kw name="Log" owner="BuiltIn">
<msg time="2024-04-01T16:17:24.706457" level="INFO">{'gender': 'female', 'name': {'title': 'Ms', 'first': 'Freyja', 'last': 'Mjelde'}, 'location': {'street': {'number': 451, 'name': 'Jacob Fayes vei'}, 'city': 'Helgeroa', 'state': 'Rogaland', 'country': 'Norway', 'postcode': '5947', 'coordinates': {'latitude': '41.2293', 'longitude': '122.4053'}, 'timezone': {'offset': '-7:00', 'description': 'Mountain Time (US &amp; Canada)'}}, 'email': 'freyja.mjelde@example.com', 'login': {'uuid': '58b3064a-85cc-4cf1-9a9f-42b0bc8debf7', 'username': 'whitefish259', 'password': 'mars', 'salt': 'wVVU9hwQ', 'md5': 'c1b4a3e95cc95fde8506333f3f4c943c', 'sha1': 'b40f68eed279f6e317b260115e21e92d5b906984', 'sha256': 'bc2f2c5f867647afc3d634970e750fe560b3301e73e05d9c16b5fc8789641f5e'}, 'dob': {'date': '1983-10-31T21:08:04.559Z', 'age': 40}, 'registered': {'date': '2002-12-01T22:10:04.326Z', 'age': 21}, 'phone': '75897948', 'cell': '90542493', 'id': {'name': 'FN', 'value': '31108325839'}, 'picture': {'large': 'https://randomuser.me/api/portraits/women/67.jpg', 'medium': 'https://randomuser.me/api/portraits/med/women/67.jpg', 'thumbnail': 'https://randomuser.me/api/portraits/thumb/women/67.jpg'}, 'nat': 'NO'}</msg>
<arg>${json_data['results'][0]}</arg>
<doc>Logs the given message with the given level.</doc>
<status status="PASS" start="2024-04-01T16:17:24.706069" elapsed="0.000439"/>
</kw>
<kw name="Log" owner="BuiltIn">
<msg time="2024-04-01T16:17:24.706946" level="INFO">name</msg>
<arg>${key}</arg>
<doc>Logs the given message with the given level.</doc>
<status status="PASS" start="2024-04-01T16:17:24.706814" elapsed="0.000170"/>
</kw>
<var name="${key}">name</var>
<status status="PASS" start="2024-04-01T16:17:24.705196" elapsed="0.002007"/>
</iter>
<iter>
<kw name="Dictionary Should Contain Key" owner="Collections">
<msg time="2024-04-01T16:17:24.707884" level="INFO">False</msg>
<arg>${json_data['results'][0]}</arg>
<arg>${key}</arg>
<doc>Fails if ``key`` is not found from ``dictionary``.</doc>
<status status="PASS" start="2024-04-01T16:17:24.707498" elapsed="0.000424"/>
</kw>
<kw name="Log" owner="BuiltIn">
<msg time="2024-04-01T16:17:24.708587" level="INFO">{'gender': 'female', 'name': {'title': 'Ms', 'first': 'Freyja', 'last': 'Mjelde'}, 'location': {'street': {'number': 451, 'name': 'Jacob Fayes vei'}, 'city': 'Helgeroa', 'state': 'Rogaland', 'country': 'Norway', 'postcode': '5947', 'coordinates': {'latitude': '41.2293', 'longitude': '122.4053'}, 'timezone': {'offset': '-7:00', 'description': 'Mountain Time (US &amp; Canada)'}}, 'email': 'freyja.mjelde@example.com', 'login': {'uuid': '58b3064a-85cc-4cf1-9a9f-42b0bc8debf7', 'username': 'whitefish259', 'password': 'mars', 'salt': 'wVVU9hwQ', 'md5': 'c1b4a3e95cc95fde8506333f3f4c943c', 'sha1': 'b40f68eed279f6e317b260115e21e92d5b906984', 'sha256': 'bc2f2c5f867647afc3d634970e750fe560b3301e73e05d9c16b5fc8789641f5e'}, 'dob': {'date': '1983-10-31T21:08:04.559Z', 'age': 40}, 'registered': {'date': '2002-12-01T22:10:04.326Z', 'age': 21}, 'phone': '75897948', 'cell': '90542493', 'id': {'name': 'FN', 'value': '31108325839'}, 'picture': {'large': 'https://randomuser.me/api/portraits/women/67.jpg', 'medium': 'https://randomuser.me/api/portraits/med/women/67.jpg', 'thumbnail': 'https://randomuser.me/api/portraits/thumb/women/67.jpg'}, 'nat': 'NO'}</msg>
<arg>${json_data['results'][0]}</arg>
<doc>Logs the given message with the given level.</doc>
<status status="PASS" start="2024-04-01T16:17:24.708224" elapsed="0.000418"/>
</kw>
<kw name="Log" owner="BuiltIn">
<msg time="2024-04-01T16:17:24.709065" level="INFO">location</msg>
<arg>${key}</arg>
<doc>Logs the given message with the given level.</doc>
<status status="PASS" start="2024-04-01T16:17:24.708937" elapsed="0.000167"/>
</kw>
<var name="${key}">location</var>
<status status="PASS" start="2024-04-01T16:17:24.707385" elapsed="0.001937"/>
</iter>
<iter>
<kw name="Dictionary Should Contain Key" owner="Collections">
<msg time="2024-04-01T16:17:24.709989" level="INFO">False</msg>
<arg>${json_data['results'][0]}</arg>
<arg>${key}</arg>
<doc>Fails if ``key`` is not found from ``dictionary``.</doc>
<status status="PASS" start="2024-04-01T16:17:24.709606" elapsed="0.000422"/>
</kw>
<kw name="Log" owner="BuiltIn">
<msg time="2024-04-01T16:17:24.710703" level="INFO">{'gender': 'female', 'name': {'title': 'Ms', 'first': 'Freyja', 'last': 'Mjelde'}, 'location': {'street': {'number': 451, 'name': 'Jacob Fayes vei'}, 'city': 'Helgeroa', 'state': 'Rogaland', 'country': 'Norway', 'postcode': '5947', 'coordinates': {'latitude': '41.2293', 'longitude': '122.4053'}, 'timezone': {'offset': '-7:00', 'description': 'Mountain Time (US &amp; Canada)'}}, 'email': 'freyja.mjelde@example.com', 'login': {'uuid': '58b3064a-85cc-4cf1-9a9f-42b0bc8debf7', 'username': 'whitefish259', 'password': 'mars', 'salt': 'wVVU9hwQ', 'md5': 'c1b4a3e95cc95fde8506333f3f4c943c', 'sha1': 'b40f68eed279f6e317b260115e21e92d5b906984', 'sha256': 'bc2f2c5f867647afc3d634970e750fe560b3301e73e05d9c16b5fc8789641f5e'}, 'dob': {'date': '1983-10-31T21:08:04.559Z', 'age': 40}, 'registered': {'date': '2002-12-01T22:10:04.326Z', 'age': 21}, 'phone': '75897948', 'cell': '90542493', 'id': {'name': 'FN', 'value': '31108325839'}, 'picture': {'large': 'https://randomuser.me/api/portraits/women/67.jpg', 'medium': 'https://randomuser.me/api/portraits/med/women/67.jpg', 'thumbnail': 'https://randomuser.me/api/portraits/thumb/women/67.jpg'}, 'nat': 'NO'}</msg>
<arg>${json_data['results'][0]}</arg>
<doc>Logs the given message with the given level.</doc>
<status status="PASS" start="2024-04-01T16:17:24.710347" elapsed="0.000405"/>
</kw>
<kw name="Log" owner="BuiltIn">
<msg time="2024-04-01T16:17:24.711172" level="INFO">email</msg>
<arg>${key}</arg>
<doc>Logs the given message with the given level.</doc>
<status status="PASS" start="2024-04-01T16:17:24.711045" elapsed="0.000165"/>
</kw>
<var name="${key}">email</var>
<status status="PASS" start="2024-04-01T16:17:24.709496" elapsed="0.001929"/>
</iter>
<iter>
<kw name="Dictionary Should Contain Key" owner="Collections">
<msg time="2024-04-01T16:17:24.712094" level="INFO">False</msg>
<arg>${json_data['results'][0]}</arg>
<arg>${key}</arg>
<doc>Fails if ``key`` is not found from ``dictionary``.</doc>
<status status="PASS" start="2024-04-01T16:17:24.711718" elapsed="0.000414"/>
</kw>
<kw name="Log" owner="BuiltIn">
<msg time="2024-04-01T16:17:24.712783" level="INFO">{'gender': 'female', 'name': {'title': 'Ms', 'first': 'Freyja', 'last': 'Mjelde'}, 'location': {'street': {'number': 451, 'name': 'Jacob Fayes vei'}, 'city': 'Helgeroa', 'state': 'Rogaland', 'country': 'Norway', 'postcode': '5947', 'coordinates': {'latitude': '41.2293', 'longitude': '122.4053'}, 'timezone': {'offset': '-7:00', 'description': 'Mountain Time (US &amp; Canada)'}}, 'email': 'freyja.mjelde@example.com', 'login': {'uuid': '58b3064a-85cc-4cf1-9a9f-42b0bc8debf7', 'username': 'whitefish259', 'password': 'mars', 'salt': 'wVVU9hwQ', 'md5': 'c1b4a3e95cc95fde8506333f3f4c943c', 'sha1': 'b40f68eed279f6e317b260115e21e92d5b906984', 'sha256': 'bc2f2c5f867647afc3d634970e750fe560b3301e73e05d9c16b5fc8789641f5e'}, 'dob': {'date': '1983-10-31T21:08:04.559Z', 'age': 40}, 'registered': {'date': '2002-12-01T22:10:04.326Z', 'age': 21}, 'phone': '75897948', 'cell': '90542493', 'id': {'name': 'FN', 'value': '31108325839'}, 'picture': {'large': 'https://randomuser.me/api/portraits/women/67.jpg', 'medium': 'https://randomuser.me/api/portraits/med/women/67.jpg', 'thumbnail': 'https://randomuser.me/api/portraits/thumb/women/67.jpg'}, 'nat': 'NO'}</msg>
<arg>${json_data['results'][0]}</arg>
<doc>Logs the given message with the given level.</doc>
<status status="PASS" start="2024-04-01T16:17:24.712426" elapsed="0.000407"/>
</kw>
<kw name="Log" owner="BuiltIn">
<msg time="2024-04-01T16:17:24.713250" level="INFO">login</msg>
<arg>${key}</arg>
<doc>Logs the given message with the given level.</doc>
<status status="PASS" start="2024-04-01T16:17:24.713123" elapsed="0.000272"/>
</kw>
<var name="${key}">login</var>
<status status="PASS" start="2024-04-01T16:17:24.711598" elapsed="0.002024"/>
</iter>
<var>${key}</var>
<value>@{expected_keys}</value>
<status status="PASS" start="2024-04-01T16:17:24.702768" elapsed="0.011006"/>
</for>
<kw name="Create List" owner="BuiltIn">
<msg time="2024-04-01T16:17:24.714117" level="INFO">${expected_keysTwo} = ['username', 'password']</msg>
<var>${expected_keysTwo}</var>
<arg>username</arg>
<arg>password</arg>
<doc>Returns a list containing given items.</doc>
<status status="PASS" start="2024-04-01T16:17:24.713978" elapsed="0.000163"/>
</kw>
<for flavor="IN">
<iter>
<kw name="Dictionary Should Contain Key" owner="Collections">
<msg time="2024-04-01T16:17:24.715057" level="INFO">False</msg>
<arg>${json_data['results'][0]['login']}</arg>
<arg>${keyTwo}</arg>
<doc>Fails if ``key`` is not found from ``dictionary``.</doc>
<status status="PASS" start="2024-04-01T16:17:24.714669" elapsed="0.000427"/>
</kw>
<kw name="Dictionary Should Contain Key" owner="Collections">
<msg time="2024-04-01T16:17:24.715772" level="INFO">False</msg>
<arg>${json_data['results'][0]['login']}</arg>
<arg>${keyTwo}</arg>
<doc>Fails if ``key`` is not found from ``dictionary``.</doc>
<status status="PASS" start="2024-04-01T16:17:24.715395" elapsed="0.000415"/>
</kw>
<kw name="Log" owner="BuiltIn">
<msg time="2024-04-01T16:17:24.716234" level="INFO">username</msg>
<arg>${keyTwo}</arg>
<doc>Logs the given message with the given level.</doc>
<status status="PASS" start="2024-04-01T16:17:24.716105" elapsed="0.000167"/>
</kw>
<var name="${keyTwo}">username</var>
<status status="PASS" start="2024-04-01T16:17:24.714559" elapsed="0.001927"/>
</iter>
<iter>
<kw name="Dictionary Should Contain Key" owner="Collections">
<msg time="2024-04-01T16:17:24.717152" level="INFO">False</msg>
<arg>${json_data['results'][0]['login']}</arg>
<arg>${keyTwo}</arg>
<doc>Fails if ``key`` is not found from ``dictionary``.</doc>
<status status="PASS" start="2024-04-01T16:17:24.716769" elapsed="0.000421"/>
</kw>
<kw name="Dictionary Should Contain Key" owner="Collections">
<msg time="2024-04-01T16:17:24.717864" level="INFO">False</msg>
<arg>${json_data['results'][0]['login']}</arg>
<arg>${keyTwo}</arg>
<doc>Fails if ``key`` is not found from ``dictionary``.</doc>
<status status="PASS" start="2024-04-01T16:17:24.717483" elapsed="0.000418"/>
</kw>
<kw name="Log" owner="BuiltIn">
<msg time="2024-04-01T16:17:24.718339" level="INFO">password</msg>
<arg>${keyTwo}</arg>
<doc>Logs the given message with the given level.</doc>
<status status="PASS" start="2024-04-01T16:17:24.718191" elapsed="0.000188"/>
</kw>
<var name="${keyTwo}">password</var>
<status status="PASS" start="2024-04-01T16:17:24.716659" elapsed="0.001941"/>
</iter>
<var>${keyTwo}</var>
<value>@{expected_keysTwo}</value>
<status status="PASS" start="2024-04-01T16:17:24.714404" elapsed="0.004319"/>
</for>
<status status="PASS" start="2024-04-01T16:17:24.601143" elapsed="0.117724"/>
</kw>
<doc>Testa a estrutura da resposta da API.</doc>
<tag>testeEstruturaResposta</tag>
<status status="PASS" start="2024-04-01T16:17:24.600376" elapsed="0.118659"/>
</test>
<test id="s1-s1-t4" name="Validar tipos de dados" line="28">
<kw name="Teste de Tipos de Dados" owner="random-user-service">
<kw name="GET On Session" owner="RequestsLibrary">
<msg time="2024-04-01T16:17:25.078509" level="INFO">GET Request : url=https://randomuser.me/api 
 path_url=/api 
 headers={'User-Agent': 'python-requests/2.31.0', 'Accept-Encoding': 'gzip, deflate', 'Accept': '*/*', 'Connection': 'keep-alive'} 
 body=None 
 </msg>
<msg time="2024-04-01T16:17:25.078606" level="INFO">GET Response : url=https://randomuser.me/api 
 status=200, reason=OK 
 headers={'Date': 'Mon, 01 Apr 2024 16:17:25 GMT', 'Content-Type': 'application/json; charset=utf-8', 'Transfer-Encoding': 'chunked', 'Connection': 'keep-alive', 'X-Powered-By': 'Express', 'Access-Control-Allow-Origin': '*', 'Cache-Control': 'no-cache', 'ETag': 'W/"47d-DviIOvlSvWEAwnfziLkbsjgQDAw"', 'Vary': 'Accept-Encoding', 'Content-Encoding': 'gzip', 'CF-Cache-Status': 'DYNAMIC', 'Report-To': '{"endpoints":[{"url":"https:\\/\\/a.nel.cloudflare.com\\/report\\/v4?s=B6ZmTk8HxOAFCedsUZTMAAbPwSvj0sTfniMLBpmoVmFOBhgXOmE3fA8D3vWnJ5J5SDLcnz0EcR2io5b0kBEovbA9Ydg4BuzAL7KF%2F8zi0GYze%2B9BZv03q8Zff8%2B9rkZT"}],"group":"cf-nel","max_age":604800}', 'NEL': '{"success_fraction":0,"report_to":"cf-nel","max_age":604800}', 'Server': 'cloudflare', 'CF-RAY': '86d9e3a18eca20ba-IAD', 'alt-svc': 'h3=":443"; ma=86400'} 
 body={"results":[{"gender":"female","name":{"title":"Ms","first":"Ieva","last":"Darevich"},"location":{"street":{"number":9575,"name":"Bakunina"},"city":"Putivl","state":"Avtonomna Respublika Krim","country":"Ukraine","postcode":93511,"coordinates":{"latitude":"80.2083","longitude":"110.2660"},"timezone":{"offset":"-2:00","description":"Mid-Atlantic"}},"email":"ieva.darevich@example.com","login":{"uuid":"44f6f0b0-e43b-4e4e-a269-46345b2414f9","username":"purplefish486","password":"hang","salt":"roR3q3jj","md5":"9bbc8386bd4359e26d2851cc15361f33","sha1":"78ccc78c17eb4992d642716c840e7580d13be750","sha256":"6e6dd57954ae30e7b83d1993f6b7635cc7c71d361d296fb843cf744ff6724255"},"dob":{"date":"1956-01-21T22:54:39.801Z","age":68},"registered":{"date":"2008-02-26T22:21:46.744Z","age":16},"phone":"(097) E20-2961","cell":"(066) S36-2301","id":{"name":"","value":null},"picture":{"large":"https://randomuser.me/api/portraits/women/33.jpg","medium":"https://randomuser.me/api/portraits/med/women/33.jpg","thumbnail":"https://randomuser.me/api/portraits/thumb/women/33.jpg"},"nat":"UA"}],"info":{"seed":"ada870a33aacb82f","results":1,"page":1,"version":"1.4"}} 
 </msg>
<msg time="2024-04-01T16:17:25.078678" level="INFO">/opt/hostedtoolcache/Python/3.12.2/x64/lib/python3.12/site-packages/urllib3/connectionpool.py:1103: InsecureRequestWarning: Unverified HTTPS request is being made to host 'randomuser.me'. Adding certificate verification is strongly advised. See: https://urllib3.readthedocs.io/en/latest/advanced-usage.html#tls-warnings
  warnings.warn(</msg>
<msg time="2024-04-01T16:17:25.078799" level="INFO">${response} = &lt;Response [200]&gt;</msg>
<var>${response}</var>
<arg>consultarAPI</arg>
<arg>/api</arg>
<doc>Sends a GET request on a previously created HTTP Session.</doc>
<status status="PASS" start="2024-04-01T16:17:24.721608" elapsed="0.357231"/>
</kw>
<kw name="Set Variable" owner="BuiltIn">
<msg time="2024-04-01T16:17:25.080050" level="INFO">${json_data} = {'results': [{'gender': 'female', 'name': {'title': 'Ms', 'first': 'Ieva', 'last': 'Darevich'}, 'location': {'street': {'number': 9575, 'name': 'Bakunina'}, 'city': 'Putivl', 'state': 'Avtonomna Respu...</msg>
<var>${json_data}</var>
<arg>${response.json()}</arg>
<doc>Returns the given values which can then be assigned to a variables.</doc>
<status status="PASS" start="2024-04-01T16:17:25.079479" elapsed="0.000600"/>
</kw>
<kw name="Log" owner="BuiltIn">
<msg time="2024-04-01T16:17:25.080552" level="INFO">{'results': [{'gender': 'female', 'name': {'title': 'Ms', 'first': 'Ieva', 'last': 'Darevich'}, 'location': {'street': {'number': 9575, 'name': 'Bakunina'}, 'city': 'Putivl', 'state': 'Avtonomna Respublika Krim', 'country': 'Ukraine', 'postcode': 93511, 'coordinates': {'latitude': '80.2083', 'longitude': '110.2660'}, 'timezone': {'offset': '-2:00', 'description': 'Mid-Atlantic'}}, 'email': 'ieva.darevich@example.com', 'login': {'uuid': '44f6f0b0-e43b-4e4e-a269-46345b2414f9', 'username': 'purplefish486', 'password': 'hang', 'salt': 'roR3q3jj', 'md5': '9bbc8386bd4359e26d2851cc15361f33', 'sha1': '78ccc78c17eb4992d642716c840e7580d13be750', 'sha256': '6e6dd57954ae30e7b83d1993f6b7635cc7c71d361d296fb843cf744ff6724255'}, 'dob': {'date': '1956-01-21T22:54:39.801Z', 'age': 68}, 'registered': {'date': '2008-02-26T22:21:46.744Z', 'age': 16}, 'phone': '(097) E20-2961', 'cell': '(066) S36-2301', 'id': {'name': '', 'value': None}, 'picture': {'large': 'https://randomuser.me/api/portraits/women/33.jpg', 'medium': 'https://randomuser.me/api/portraits/med/women/33.jpg', 'thumbnail': 'https://randomuser.me/api/portraits/thumb/women/33.jpg'}, 'nat': 'UA'}], 'info': {'seed': 'ada870a33aacb82f', 'results': 1, 'page': 1, 'version': '1.4'}}</msg>
<arg>${json_data}</arg>
<doc>Logs the given message with the given level.</doc>
<status status="PASS" start="2024-04-01T16:17:25.080396" elapsed="0.000242"/>
</kw>
<kw name="Should Be String" owner="String">
<arg>${json_data['results'][0]['gender']}</arg>
<doc>Fails if the given ``item`` is not a string.</doc>
<status status="PASS" start="2024-04-01T16:17:25.080939" elapsed="0.000359"/>
</kw>
<kw name="Should Match Regexp" owner="BuiltIn">
<arg>${json_data['results'][0]['email']}</arg>
<arg>^[a-zA-Z0-9._%+-]+@[a-zA-Z0-9.-]+\.[a-zA-Z]{2,}$</arg>
<doc>Fails if ``string`` does not match ``pattern`` as a regular expression.</doc>
<status status="PASS" start="2024-04-01T16:17:25.081492" elapsed="0.000520"/>
</kw>
<kw name="Should Match Regexp" owner="BuiltIn">
<arg>${json_data['results'][0]['dob']['date']}</arg>
<arg>\\d{4}-\\d{2}-\\d{2}T\\d{2}:\\d{2}:\\d{2}\\.\\d{3}Z</arg>
<doc>Fails if ``string`` does not match ``pattern`` as a regular expression.</doc>
<status status="PASS" start="2024-04-01T16:17:25.082209" elapsed="0.000521"/>
</kw>
<kw name="Should Match Regexp" owner="BuiltIn">
<arg>${json_data['results'][0]['registered']['date']}</arg>
<arg>\\d{4}-\\d{2}-\\d{2}T\\d{2}:\\d{2}:\\d{2}\\.\\d{3}Z</arg>
<doc>Fails if ``string`` does not match ``pattern`` as a regular expression.</doc>
<status status="PASS" start="2024-04-01T16:17:25.082925" elapsed="0.000380"/>
</kw>
<kw name="Should Match Regexp" owner="BuiltIn">
<arg>${json_data['results'][0]['picture']['large']}</arg>
<arg>^https?://.*\.(?:png|jpe?g|gif|bmp)$</arg>
<doc>Fails if ``string`` does not match ``pattern`` as a regular expression.</doc>
<status status="PASS" start="2024-04-01T16:17:25.083493" elapsed="0.000455"/>
</kw>
<kw name="Should Match Regexp" owner="BuiltIn">
<arg>${json_data['results'][0]['picture']['medium']}</arg>
<arg>^https?://.*\.(?:png|jpe?g|gif|bmp)$</arg>
<doc>Fails if ``string`` does not match ``pattern`` as a regular expression.</doc>
<status status="PASS" start="2024-04-01T16:17:25.084138" elapsed="0.000362"/>
</kw>
<kw name="Should Match Regexp" owner="BuiltIn">
<arg>${json_data['results'][0]['picture']['thumbnail']}</arg>
<arg>^https?://.*\.(?:png|jpe?g|gif|bmp)$</arg>
<doc>Fails if ``string`` does not match ``pattern`` as a regular expression.</doc>
<status status="PASS" start="2024-04-01T16:17:25.084685" elapsed="0.000356"/>
</kw>
<kw name="Log" owner="BuiltIn">
<msg time="2024-04-01T16:17:25.085552" level="INFO">{'large': 'https://randomuser.me/api/portraits/women/33.jpg', 'medium': 'https://randomuser.me/api/portraits/med/women/33.jpg', 'thumbnail': 'https://randomuser.me/api/portraits/thumb/women/33.jpg'}</msg>
<arg>${json_data['results'][0]['picture']}</arg>
<doc>Logs the given message with the given level.</doc>
<status status="PASS" start="2024-04-01T16:17:25.085224" elapsed="0.000374"/>
</kw>
<status status="PASS" start="2024-04-01T16:17:24.721378" elapsed="0.364479"/>
</kw>
<kw name="Teste de Tipos de Dados - Postcode" owner="random-user-service">
<kw name="GET On Session" owner="RequestsLibrary">
<msg time="2024-04-01T16:17:25.146576" level="INFO">GET Request : url=https://randomuser.me/api 
 path_url=/api 
 headers={'User-Agent': 'python-requests/2.31.0', 'Accept-Encoding': 'gzip, deflate', 'Accept': '*/*', 'Connection': 'keep-alive'} 
 body=None 
 </msg>
<msg time="2024-04-01T16:17:25.146678" level="INFO">GET Response : url=https://randomuser.me/api 
 status=200, reason=OK 
 headers={'Date': 'Mon, 01 Apr 2024 16:17:25 GMT', 'Content-Type': 'application/json; charset=utf-8', 'Transfer-Encoding': 'chunked', 'Connection': 'keep-alive', 'X-Powered-By': 'Express', 'Access-Control-Allow-Origin': '*', 'Cache-Control': 'no-cache', 'ETag': 'W/"49f-LYLshLINu8PWPrZpWNNCVmyt0WU"', 'Vary': 'Accept-Encoding', 'Content-Encoding': 'gzip', 'CF-Cache-Status': 'DYNAMIC', 'Report-To': '{"endpoints":[{"url":"https:\\/\\/a.nel.cloudflare.com\\/report\\/v4?s=QNzfQ8DXPx0on%2FOwUBEwx9iSvnnUjM%2F1KBSY%2BRC9%2B%2FtoljXY%2FojvyLxlj83akm9pi9xSHUMQYk29A%2B4SI6cMJPRSP6CV33h6CgDdUPa3jVov9mGf6XbDbF5qBlXobXOl"}],"group":"cf-nel","max_age":604800}', 'NEL': '{"success_fraction":0,"report_to":"cf-nel","max_age":604800}', 'Server': 'cloudflare', 'CF-RAY': '86d9e3a3da2220ba-IAD', 'alt-svc': 'h3=":443"; ma=86400'} 
 body={"results":[{"gender":"female","name":{"title":"Ms","first":"Paige","last":"Freeman"},"location":{"street":{"number":6653,"name":"The Green"},"city":"Midleton","state":"Dún Laoghaire–Rathdown","country":"Ireland","postcode":43493,"coordinates":{"latitude":"-1.4971","longitude":"56.7062"},"timezone":{"offset":"-6:00","description":"Central Time (US &amp; Canada), Mexico City"}},"email":"paige.freeman@example.com","login":{"uuid":"c4e3aea3-5f8c-4be8-aa53-afea6e6d73e6","username":"brownmouse992","password":"ebony","salt":"0IYT7H5P","md5":"cd7416485b05566c44df934dccaf3df0","sha1":"e851dc1ad46a0295d77c33d7e607866d39e86425","sha256":"6cd731d6abef5020b4ed1d98cfbbe1bf8aed151f19400a8bf006d185835c6814"},"dob":{"date":"1997-04-06T04:32:32.914Z","age":26},"registered":{"date":"2015-03-05T21:30:54.236Z","age":9},"phone":"071-384-2944","cell":"081-238-7700","id":{"name":"PPS","value":"5682899T"},"picture":{"large":"https://randomuser.me/api/portraits/women/39.jpg","medium":"https://randomuser.me/api/portraits/med/women/39.jpg","thumbnail":"https://randomuser.me/api/portraits/thumb/women/39.jpg"},"nat":"IE"}],"info":{"seed":"66402e31047486c0","results":1,"page":1,"version":"1.4"}} 
 </msg>
<msg time="2024-04-01T16:17:25.146781" level="INFO">/opt/hostedtoolcache/Python/3.12.2/x64/lib/python3.12/site-packages/urllib3/connectionpool.py:1103: InsecureRequestWarning: Unverified HTTPS request is being made to host 'randomuser.me'. Adding certificate verification is strongly advised. See: https://urllib3.readthedocs.io/en/latest/advanced-usage.html#tls-warnings
  warnings.warn(</msg>
<msg time="2024-04-01T16:17:25.146909" level="INFO">${response} = &lt;Response [200]&gt;</msg>
<var>${response}</var>
<arg>consultarAPI</arg>
<arg>/api</arg>
<doc>Sends a GET request on a previously created HTTP Session.</doc>
<status status="PASS" start="2024-04-01T16:17:25.086511" elapsed="0.060439"/>
</kw>
<kw name="Set Variable" owner="BuiltIn">
<msg time="2024-04-01T16:17:25.148178" level="INFO">${json_data} = {'results': [{'gender': 'female', 'name': {'title': 'Ms', 'first': 'Paige', 'last': 'Freeman'}, 'location': {'street': {'number': 6653, 'name': 'The Green'}, 'city': 'Midleton', 'state': 'Dún Laoghair...</msg>
<var>${json_data}</var>
<arg>${response.json()}</arg>
<doc>Returns the given values which can then be assigned to a variables.</doc>
<status status="PASS" start="2024-04-01T16:17:25.147602" elapsed="0.000606"/>
</kw>
<kw name="Log" owner="BuiltIn">
<msg time="2024-04-01T16:17:25.148684" level="INFO">{'results': [{'gender': 'female', 'name': {'title': 'Ms', 'first': 'Paige', 'last': 'Freeman'}, 'location': {'street': {'number': 6653, 'name': 'The Green'}, 'city': 'Midleton', 'state': 'Dún Laoghaire–Rathdown', 'country': 'Ireland', 'postcode': 43493, 'coordinates': {'latitude': '-1.4971', 'longitude': '56.7062'}, 'timezone': {'offset': '-6:00', 'description': 'Central Time (US &amp; Canada), Mexico City'}}, 'email': 'paige.freeman@example.com', 'login': {'uuid': 'c4e3aea3-5f8c-4be8-aa53-afea6e6d73e6', 'username': 'brownmouse992', 'password': 'ebony', 'salt': '0IYT7H5P', 'md5': 'cd7416485b05566c44df934dccaf3df0', 'sha1': 'e851dc1ad46a0295d77c33d7e607866d39e86425', 'sha256': '6cd731d6abef5020b4ed1d98cfbbe1bf8aed151f19400a8bf006d185835c6814'}, 'dob': {'date': '1997-04-06T04:32:32.914Z', 'age': 26}, 'registered': {'date': '2015-03-05T21:30:54.236Z', 'age': 9}, 'phone': '071-384-2944', 'cell': '081-238-7700', 'id': {'name': 'PPS', 'value': '5682899T'}, 'picture': {'large': 'https://randomuser.me/api/portraits/women/39.jpg', 'medium': 'https://randomuser.me/api/portraits/med/women/39.jpg', 'thumbnail': 'https://randomuser.me/api/portraits/thumb/women/39.jpg'}, 'nat': 'IE'}], 'info': {'seed': '66402e31047486c0', 'results': 1, 'page': 1, 'version': '1.4'}}</msg>
<arg>${json_data}</arg>
<doc>Logs the given message with the given level.</doc>
<status status="PASS" start="2024-04-01T16:17:25.148522" elapsed="0.000248"/>
</kw>
<kw name="Should Be Equal As Numbers" owner="BuiltIn">
<arg>${json_data['results'][0]['location']['postcode']}</arg>
<arg>${json_data['results'][0]['location']['postcode']}</arg>
<doc>Fails if objects are unequal after converting them to real numbers.</doc>
<status status="PASS" start="2024-04-01T16:17:25.149076" elapsed="0.000628"/>
</kw>
<kw name="Log" owner="BuiltIn">
<msg time="2024-04-01T16:17:25.150232" level="INFO">43493</msg>
<arg>${json_data['results'][0]['location']['postcode']}</arg>
<doc>Logs the given message with the given level.</doc>
<status status="PASS" start="2024-04-01T16:17:25.149895" elapsed="0.000377"/>
</kw>
<status status="PASS" start="2024-04-01T16:17:25.086090" elapsed="0.064484"/>
</kw>
<doc>Testa se os tipos de dados na resposta da API estão corretos.</doc>
<tag>testeTiposDados</tag>
<status status="PASS" start="2024-04-01T16:17:24.720825" elapsed="0.429921"/>
</test>
<test id="s1-s1-t5" name="Validar conteudo" line="35">
<kw name="Teste de Tipos de Conteudo" owner="random-user-service">
<kw name="GET On Session" owner="RequestsLibrary">
<msg time="2024-04-01T16:17:25.236396" level="INFO">GET Request : url=https://randomuser.me/api 
 path_url=/api 
 headers={'User-Agent': 'python-requests/2.31.0', 'Accept-Encoding': 'gzip, deflate', 'Accept': '*/*', 'Connection': 'keep-alive'} 
 body=None 
 </msg>
<msg time="2024-04-01T16:17:25.236510" level="INFO">GET Response : url=https://randomuser.me/api 
 status=200, reason=OK 
 headers={'Date': 'Mon, 01 Apr 2024 16:17:25 GMT', 'Content-Type': 'application/json; charset=utf-8', 'Transfer-Encoding': 'chunked', 'Connection': 'keep-alive', 'X-Powered-By': 'Express', 'Access-Control-Allow-Origin': '*', 'Cache-Control': 'no-cache', 'ETag': 'W/"4a3-7NbwD9/3k3WFuHjxcklTKZTBpxg"', 'Vary': 'Accept-Encoding', 'Content-Encoding': 'gzip', 'CF-Cache-Status': 'DYNAMIC', 'Report-To': '{"endpoints":[{"url":"https:\\/\\/a.nel.cloudflare.com\\/report\\/v4?s=Gl%2BAlF%2Bbganeb5VRIGLK5cJTYHq1R3CWRzu216j5vbH7CV0wHQDinw%2BB%2BuAyS8qLxOO9NljAkQigJyTMGivzBFT5N6%2B1TcRpAzuE%2FoqO8Dwp1ZX257RzdtrnJ2axaJQh"}],"group":"cf-nel","max_age":604800}', 'NEL': '{"success_fraction":0,"report_to":"cf-nel","max_age":604800}', 'Server': 'cloudflare', 'CF-RAY': '86d9e3a43ab520ba-IAD', 'alt-svc': 'h3=":443"; ma=86400'} 
 body={"results":[{"gender":"male","name":{"title":"Mr","first":"Diego","last":"Gaillard"},"location":{"street":{"number":6891,"name":"Avenue du Château"},"city":"Rouen","state":"Puy-de-Dôme","country":"France","postcode":16234,"coordinates":{"latitude":"-17.8142","longitude":"-30.2817"},"timezone":{"offset":"-4:00","description":"Atlantic Time (Canada), Caracas, La Paz"}},"email":"diego.gaillard@example.com","login":{"uuid":"354b0cc1-bd77-4dc2-94a7-24233adfa2cc","username":"redladybug254","password":"danzig","salt":"S1DB2Vlg","md5":"94491199a559e2a00afbe109d74f52c1","sha1":"45e619974dbfd88d17fb6e5b7f9652444a404c55","sha256":"fb8fe6fcf9068fbbcc849baf28025dc83c24b0a2ab0a881b9b283eac3ff1f0ec"},"dob":{"date":"1960-04-12T20:59:23.398Z","age":63},"registered":{"date":"2005-12-09T21:23:48.472Z","age":18},"phone":"02-68-96-17-72","cell":"06-42-80-74-62","id":{"name":"INSEE","value":"1600377974715 61"},"picture":{"large":"https://randomuser.me/api/portraits/men/24.jpg","medium":"https://randomuser.me/api/portraits/med/men/24.jpg","thumbnail":"https://randomuser.me/api/portraits/thumb/men/24.jpg"},"nat":"FR"}],"info":{"seed":"a71d54b863e9b603","results":1,"page":1,"version":"1.4"}} 
 </msg>
<msg time="2024-04-01T16:17:25.236588" level="INFO">/opt/hostedtoolcache/Python/3.12.2/x64/lib/python3.12/site-packages/urllib3/connectionpool.py:1103: InsecureRequestWarning: Unverified HTTPS request is being made to host 'randomuser.me'. Adding certificate verification is strongly advised. See: https://urllib3.readthedocs.io/en/latest/advanced-usage.html#tls-warnings
  warnings.warn(</msg>
<msg time="2024-04-01T16:17:25.236710" level="INFO">${response} = &lt;Response [200]&gt;</msg>
<var>${response}</var>
<arg>consultarAPI</arg>
<arg>/api</arg>
<doc>Sends a GET request on a previously created HTTP Session.</doc>
<status status="PASS" start="2024-04-01T16:17:25.154013" elapsed="0.082738"/>
</kw>
<kw name="Set Variable" owner="BuiltIn">
<msg time="2024-04-01T16:17:25.237975" level="INFO">${json_data} = {'results': [{'gender': 'male', 'name': {'title': 'Mr', 'first': 'Diego', 'last': 'Gaillard'}, 'location': {'street': {'number': 6891, 'name': 'Avenue du Château'}, 'city': 'Rouen', 'state': 'Puy-de-D...</msg>
<var>${json_data}</var>
<arg>${response.json()}</arg>
<doc>Returns the given values which can then be assigned to a variables.</doc>
<status status="PASS" start="2024-04-01T16:17:25.237402" elapsed="0.000603"/>
</kw>
<kw name="Set Variable" owner="BuiltIn">
<msg time="2024-04-01T16:17:25.238768" level="INFO">${name_title} = Mr</msg>
<var>${name_title}</var>
<arg>${json_data["results"][0]["name"]["title"]}</arg>
<doc>Returns the given values which can then be assigned to a variables.</doc>
<status status="PASS" start="2024-04-01T16:17:25.238372" elapsed="0.000422"/>
</kw>
<kw name="Create List" owner="BuiltIn">
<msg time="2024-04-01T16:17:25.239247" level="INFO">${allowed_titles} = ['Mr', 'Ms', 'Miss', 'Mrs', 'Madame', 'Monsieur']</msg>
<var>${allowed_titles}</var>
<arg>Mr</arg>
<arg>Ms</arg>
<arg>Miss</arg>
<arg>Mrs</arg>
<arg>Madame</arg>
<arg>Monsieur</arg>
<doc>Returns a list containing given items.</doc>
<status status="PASS" start="2024-04-01T16:17:25.239097" elapsed="0.000174"/>
</kw>
<kw name="List Should Contain Value" owner="Collections">
<msg time="2024-04-01T16:17:25.239754" level="INFO">False</msg>
<arg>${allowed_titles}</arg>
<arg>${name_title}</arg>
<doc>Fails if the ``value`` is not found from ``list``.</doc>
<status status="PASS" start="2024-04-01T16:17:25.239576" elapsed="0.000214"/>
</kw>
<kw name="Set Variable" owner="BuiltIn">
<msg time="2024-04-01T16:17:25.240453" level="INFO">${name_country} = FR</msg>
<var>${name_country}</var>
<arg>${json_data["results"][0]["nat"]}</arg>
<doc>Returns the given values which can then be assigned to a variables.</doc>
<status status="PASS" start="2024-04-01T16:17:25.240078" elapsed="0.000400"/>
</kw>
<kw name="Create List" owner="BuiltIn">
<msg time="2024-04-01T16:17:25.241389" level="INFO">${list_country} = ['AD', 'AE', 'AF', 'AG', 'AI', 'AL', 'AM', 'AO', 'AQ', 'AR', 'AS', 'AT', 'AU', 'AW', 'AX', 'AZ', 'BA', 'BB', 'BD', 'BE', 'BF', 'BG', 'BH', 'BI', 'BJ', 'BL', 'BM', 'BN', 'BO', 'BQ', 'BR', 'BS', 'BT', '...</msg>
<var>${list_country}</var>
<arg>AD</arg>
<arg>AE</arg>
<arg>AF</arg>
<arg>AG</arg>
<arg>AI</arg>
<arg>AL</arg>
<arg>AM</arg>
<arg>AO</arg>
<arg>AQ</arg>
<arg>AR</arg>
<arg>AS</arg>
<arg>AT</arg>
<arg>AU</arg>
<arg>AW</arg>
<arg>AX</arg>
<arg>AZ</arg>
<arg>BA</arg>
<arg>BB</arg>
<arg>BD</arg>
<arg>BE</arg>
<arg>BF</arg>
<arg>BG</arg>
<arg>BH</arg>
<arg>BI</arg>
<arg>BJ</arg>
<arg>BL</arg>
<arg>BM</arg>
<arg>BN</arg>
<arg>BO</arg>
<arg>BQ</arg>
<arg>BR</arg>
<arg>BS</arg>
<arg>BT</arg>
<arg>BV</arg>
<arg>BW</arg>
<arg>BY</arg>
<arg>BZ</arg>
<arg>CA</arg>
<arg>CC</arg>
<arg>CD</arg>
<arg>CF</arg>
<arg>CG</arg>
<arg>CH</arg>
<arg>CI</arg>
<arg>CK</arg>
<arg>CL</arg>
<arg>CM</arg>
<arg>CN</arg>
<arg>CO</arg>
<arg>CR</arg>
<arg>CU</arg>
<arg>CV</arg>
<arg>CW</arg>
<arg>CX</arg>
<arg>CY</arg>
<arg>CZ</arg>
<arg>DE</arg>
<arg>DJ</arg>
<arg>DK</arg>
<arg>DM</arg>
<arg>DO</arg>
<arg>DZ</arg>
<arg>EC</arg>
<arg>EE</arg>
<arg>EG</arg>
<arg>EH</arg>
<arg>ER</arg>
<arg>ES</arg>
<arg>ET</arg>
<arg>FI</arg>
<arg>FJ</arg>
<arg>FK</arg>
<arg>FM</arg>
<arg>FO</arg>
<arg>FR</arg>
<arg>GA</arg>
<arg>GB</arg>
<arg>GD</arg>
<arg>GE</arg>
<arg>GF</arg>
<arg>GG</arg>
<arg>GH</arg>
<arg>GI</arg>
<arg>GL</arg>
<arg>GM</arg>
<arg>GN</arg>
<arg>GP</arg>
<arg>GQ</arg>
<arg>GR</arg>
<arg>GS</arg>
<arg>GT</arg>
<arg>GU</arg>
<arg>GW</arg>
<arg>GY</arg>
<arg>HK</arg>
<arg>HM</arg>
<arg>HN</arg>
<arg>HR</arg>
<arg>HT</arg>
<arg>HU</arg>
<arg>ID</arg>
<arg>IE</arg>
<arg>IL</arg>
<arg>IM</arg>
<arg>IN</arg>
<arg>IO</arg>
<arg>IQ</arg>
<arg>IR</arg>
<arg>IS</arg>
<arg>IT</arg>
<arg>JE</arg>
<arg>JM</arg>
<arg>JO</arg>
<arg>JP</arg>
<arg>KE</arg>
<arg>KG</arg>
<arg>KH</arg>
<arg>KI</arg>
<arg>KM</arg>
<arg>KN</arg>
<arg>KP</arg>
<arg>KR</arg>
<arg>KW</arg>
<arg>KY</arg>
<arg>KZ</arg>
<arg>LA</arg>
<arg>LB</arg>
<arg>LC</arg>
<arg>LI</arg>
<arg>LK</arg>
<arg>LR</arg>
<arg>LS</arg>
<arg>LT</arg>
<arg>LU</arg>
<arg>LV</arg>
<arg>LY</arg>
<arg>MA</arg>
<arg>MC</arg>
<arg>MD</arg>
<arg>ME</arg>
<arg>MF</arg>
<arg>MG</arg>
<arg>MH</arg>
<arg>MK</arg>
<arg>ML</arg>
<arg>MM</arg>
<arg>MN</arg>
<arg>MO</arg>
<arg>MP</arg>
<arg>MQ</arg>
<arg>MR</arg>
<arg>MS</arg>
<arg>MT</arg>
<arg>MU</arg>
<arg>MV</arg>
<arg>MW</arg>
<arg>MX</arg>
<arg>MY</arg>
<arg>MZ</arg>
<arg>NA</arg>
<arg>NC</arg>
<arg>NE</arg>
<arg>NF</arg>
<arg>NG</arg>
<arg>NI</arg>
<arg>NL</arg>
<arg>NO</arg>
<arg>NP</arg>
<arg>NR</arg>
<arg>NU</arg>
<arg>NZ</arg>
<arg>OM</arg>
<arg>PA</arg>
<arg>PE</arg>
<arg>PF</arg>
<arg>PG</arg>
<arg>PH</arg>
<arg>PK</arg>
<arg>PL</arg>
<arg>PM</arg>
<arg>PN</arg>
<arg>PR</arg>
<arg>PS</arg>
<arg>PT</arg>
<arg>PW</arg>
<arg>PY</arg>
<arg>QA</arg>
<arg>RE</arg>
<arg>RO</arg>
<arg>RS</arg>
<arg>RU</arg>
<arg>RW</arg>
<arg>SA</arg>
<arg>SB</arg>
<arg>SC</arg>
<arg>SD</arg>
<arg>SE</arg>
<arg>SG</arg>
<arg>SH</arg>
<arg>SI</arg>
<arg>SJ</arg>
<arg>SK</arg>
<arg>SL</arg>
<arg>SM</arg>
<arg>SN</arg>
<arg>SO</arg>
<arg>SR</arg>
<arg>SS</arg>
<arg>ST</arg>
<arg>SV</arg>
<arg>SX</arg>
<arg>SY</arg>
<arg>SZ</arg>
<arg>TC</arg>
<arg>TD</arg>
<arg>TF</arg>
<arg>TG</arg>
<arg>TH</arg>
<arg>TJ</arg>
<arg>TK</arg>
<arg>TL</arg>
<arg>TM</arg>
<arg>TN</arg>
<arg>TO</arg>
<arg>TR</arg>
<arg>TT</arg>
<arg>TV</arg>
<arg>TW</arg>
<arg>TZ</arg>
<arg>UA</arg>
<arg>UG</arg>
<arg>UM</arg>
<arg>US</arg>
<arg>UY</arg>
<arg>UZ</arg>
<arg>VA</arg>
<arg>VC</arg>
<arg>VE</arg>
<arg>VG</arg>
<arg>VI</arg>
<arg>VN</arg>
<arg>VU</arg>
<arg>WF</arg>
<arg>WS</arg>
<arg>XK</arg>
<arg>YE</arg>
<arg>YT</arg>
<arg>ZA</arg>
<arg>ZM</arg>
<arg>ZW</arg>
<doc>Returns a list containing given items.</doc>
<status status="PASS" start="2024-04-01T16:17:25.240785" elapsed="0.000630"/>
</kw>
<kw name="List Should Contain Value" owner="Collections">
<msg time="2024-04-01T16:17:25.242594" level="INFO">False</msg>
<arg>${list_country}</arg>
<arg>${name_country}</arg>
<doc>Fails if the ``value`` is not found from ``list``.</doc>
<status status="PASS" start="2024-04-01T16:17:25.242387" elapsed="0.000244"/>
</kw>
<kw name="Run Keyword If" owner="BuiltIn">
<kw name="Should Be True" owner="BuiltIn">
<arg>${True}</arg>
<doc>Fails if the given condition is not true.</doc>
<status status="PASS" start="2024-04-01T16:17:25.243726" elapsed="0.000148"/>
</kw>
<arg>${json_data["results"][0]["location"]["coordinates"]["latitude"]} &gt;= -90 and ${json_data["results"][0]["location"]["coordinates"]["latitude"]} &lt;= 90</arg>
<arg>Should Be True</arg>
<arg>${True}</arg>
<doc>Runs the given keyword with the given arguments, if ``condition`` is true.</doc>
<status status="PASS" start="2024-04-01T16:17:25.242953" elapsed="0.001050"/>
</kw>
<kw name="Run Keyword If" owner="BuiltIn">
<kw name="Should Be True" owner="BuiltIn">
<arg>${True}</arg>
<doc>Fails if the given condition is not true.</doc>
<status status="PASS" start="2024-04-01T16:17:25.244891" elapsed="0.000140"/>
</kw>
<arg>${json_data["results"][0]["location"]["coordinates"]["longitude"]} &gt;= -180 and ${json_data["results"][0]["location"]["coordinates"]["longitude"]} &lt;= 180</arg>
<arg>Should Be True</arg>
<arg>${True}</arg>
<doc>Runs the given keyword with the given arguments, if ``condition`` is true.</doc>
<status status="PASS" start="2024-04-01T16:17:25.244189" elapsed="0.000970"/>
</kw>
<status status="PASS" start="2024-04-01T16:17:25.153633" elapsed="0.091661"/>
</kw>
<doc>Testa o conteúdo específico dos campos retornados pela API.</doc>
<tag>testeConteudo</tag>
<status status="PASS" start="2024-04-01T16:17:25.152896" elapsed="0.092556"/>
</test>
<status status="PASS" start="2024-04-01T16:17:24.176847" elapsed="1.070658"/>
</suite>
<status status="PASS" start="2024-04-01T16:17:24.162438" elapsed="1.090693"/>
</suite>
<statistics>
<total>
<stat pass="5" fail="0" skip="0">All Tests</stat>
</total>
<tag>
<stat pass="1" fail="0" skip="0">testeConteudo</stat>
<stat pass="1" fail="0" skip="0">testeEstruturaResposta</stat>
<stat pass="1" fail="0" skip="0">testeRequisicaoBasica</stat>
<stat pass="1" fail="0" skip="0">testeTiposDados</stat>
</tag>
<suite>
<stat pass="5" fail="0" skip="0" id="s1" name="Tests">Tests</stat>
<stat pass="5" fail="0" skip="0" id="s1-s1" name="Random-User-Test">Tests.Random-User-Test</stat>
</suite>
</statistics>
<errors>
</errors>
</robot>
